[vazia]
[vazia]
iX
iX,dTQps
iX,dTQps,iX
dTQps,iX,iX
dTQps
dTQps
dTQps
dTQps
dTQps,iX,iX,dTQps
dTQps
dTQps,iX,iX,dTQps
iX
iX
dTQps,iX,iX,dTQps
iX
dTQps
LJyueYXkS
dTQps,dTQps,iX
iX
dTQps,dTQps,iX
iX
dTQps,iX,dTQps
iX,dTQps,dTQps
iX
iX
dTQps
dTQps,dTQps
dTQps
dTQps
dTQps
dTQps
dTQps
iX,dTQps,dTQps,LJyueYXkS,LJyueYXkS
dTQps
dTQps
LJyueYXkS
LJyueYXkS
LJyueYXkS,iX
LJyueYXkS,iX
iX
iX
LJyueYXkS
LJyueYXkS
iX
LJyueYXkS,dTQps,iX
dTQps
iX
iX
LJyueYXkS,dTQps,iX,iX,dTQps
LJyueYXkS,dTQps,iX,iX,dTQps
iX
dTQps
LJyueYXkS
LJyueYXkS,dTQps,iX,iX,dTQps
iX
iX
LJyueYXkS,dTQps,iX,iX,dTQps,dTQps,iX
iX,dTQps,dTQps,iX,iX,dTQps
iX
iX,dTQps,dTQps,iX,iX,dTQps,iX
iX,dTQps,dTQps,iX,iX,dTQps,iX
iX,dTQps,dTQps,iX,iX,dTQps,dTQps
iX,dTQps,dTQps,iX,iX,dTQps,dTQps,dTQps
iX
dTQps,iX,iX,LJyueYXkS,dTQps,iX
iX
LJyueYXkS,iX,dTQps
iX
iX
iX,LJyueYXkS,dTQps,dTQps
LJyueYXkS
iX,LJyueYXkS,dTQps,dTQps,iX
LJyueYXkS
iX,LJyueYXkS,dTQps,dTQps,iX,LJyueYXkS
LJyueYXkS
LJyueYXkS
dTQps
iX,LJyueYXkS,dTQps,dTQps,iX,LJyueYXkS
iX,LJyueYXkS,dTQps,dTQps,iX,LJyueYXkS
LJyueYXkS
iX,dTQps,LJyueYXkS,dTQps,iX,LJyueYXkS
LJyueYXkS,dTQps,dTQps,iX,LJyueYXkS
LJyueYXkS,dTQps,dTQps,iX,LJyueYXkS
dTQps
dTQps
iX,LJyueYXkS,dTQps,dTQps,iX,LJyueYXkS
iX,LJyueYXkS,dTQps,dTQps,iX,LJyueYXkS
dTQps
iX,dTQps,iX,LJyueYXkS,dTQps,iX
dTQps,iX,LJyueYXkS,dTQps,iX
iX
LJyueYXkS
LJyueYXkS
dTQps,LJyueYXkS,iX,dTQps,iX,iX
LJyueYXkS,iX,dTQps,iX,iX
LJyueYXkS
dTQps
dTQps
dTQps,LJyueYXkS,iX,dTQps,iX,iX,LJyueYXkS,dTQps,dTQps
dTQps,LJyueYXkS,iX,dTQps,iX,iX,LJyueYXkS,dTQps,dTQps,iX
dTQps
dTQps
dTQps
dTQps
dTQps,iX,iX,LJyueYXkS,dTQps,dTQps,LJyueYXkS
dTQps
LJyueYXkS
LJyueYXkS,dTQps,dTQps,dTQps,LJyueYXkS,iX,dTQps
dTQps
dTQps
dTQps,dTQps,LJyueYXkS,dTQps,LJyueYXkS,iX,dTQps,LJyueYXkS,LJyueYXkS,LJyueYXkS
LJyueYXkS
dTQps,iX,LJyueYXkS,dTQps,LJyueYXkS,dTQps,LJyueYXkS,LJyueYXkS,LJyueYXkS,dTQps,iX
Jedi Wagner, assuma o comando!