QbZBDw
QbZBDw
QbZBDw
QbZBDw,TTo
TTo
QbZBDw,TTo
TTo
TTo
QbZBDw,TTo
QbZBDw,TTo,F
TTo
QbZBDw,TTo
QbZBDw,TTo
TTo
QbZBDw,TTo,MpuerPFa
QbZBDw,TTo,MpuerPFa
TTo
QbZBDw,TTo,MpuerPFa
TTo
F
F
F
TTo
TTo
TTo
QbZBDw,TTo,F
QbZBDw,TTo,F
TTo
TTo
QbZBDw,TTo,F,QbZBDw,FMmnsAJT
TTo
TTo
TTo
QbZBDw,TTo,F
QbZBDw,F,TTo
F
QbZBDw,F,TTo,EFFQd
F
F
F
F
F
F
F
F
QbZBDw,TTo,F,Xj
QbZBDw,TTo,F,Xj
TTo
TTo
QbZBDw,TTo,Xj
QbZBDw,TTo,Xj,QbZBDw,rBTaOo,KCaC
TTo
QbZBDw
QbZBDw
QbZBDw,Xj,QbZBDw,TTo
QbZBDw
TTo
r
r
r
r
r
r
r
r
r
r
QbZBDw,Xj,QbZBDw,TTo,r
r
QbZBDw,QbZBDw,TTo,r
r
r
QbZBDw,QbZBDw,TTo,r
QbZBDw,QbZBDw,r
QbZBDw,QbZBDw,r
QbZBDw
QbZBDw,QbZBDw,r,Xj
QbZBDw,QbZBDw,r,Xj
QbZBDw,QbZBDw,r,Xj
QbZBDw,QbZBDw,r,Xj
r
QbZBDw,QbZBDw,r,Xj
QbZBDw,QbZBDw,r,Xj
QbZBDw,QbZBDw,r,Xj
Xj
r
QbZBDw,QbZBDw,Xj,r,rBTaOo
r
r
r
r
QbZBDw,QbZBDw,Xj,r,rBTaOo,QbZBDw
QbZBDw,QbZBDw,Xj,rBTaOo,QbZBDw,r
rBTaOo
rBTaOo
QbZBDw,QbZBDw,Xj,r,rBTaOo,QbZBDw
rBTaOo
QbZBDw,QbZBDw,r,rBTaOo,QbZBDw
rBTaOo
QbZBDw,QbZBDw,r,rBTaOo,QbZBDw
rBTaOo
QbZBDw,QbZBDw,r,rBTaOo,QbZBDw,F
QbZBDw,QbZBDw,r,rBTaOo,QbZBDw,F,QbZBDw
QbZBDw,QbZBDw,r,rBTaOo,QbZBDw,F,QbZBDw
rBTaOo
QbZBDw,QbZBDw,r,QbZBDw,rBTaOo,F,QbZBDw,TTo
QbZBDw,QbZBDw,r,QbZBDw,rBTaOo,F,QbZBDw,TTo
QbZBDw
QbZBDw
QbZBDw,QbZBDw,r,rBTaOo,QbZBDw,QbZBDw
r
QbZBDw
QbZBDw,QbZBDw,r,rBTaOo,QbZBDw,QbZBDw,F
QbZBDw,QbZBDw,r,rBTaOo,QbZBDw,QbZBDw,F,TTo
QbZBDw
QbZBDw,QbZBDw,r,rBTaOo,QbZBDw,QbZBDw,F,TTo
QbZBDw
QbZBDw,QbZBDw,rBTaOo,QbZBDw,QbZBDw,F,TTo
QbZBDw,QbZBDw,rBTaOo,QbZBDw,QbZBDw,F,TTo
QbZBDw
QbZBDw
QbZBDw
QbZBDw,QbZBDw,rBTaOo,QbZBDw,QbZBDw,F
QbZBDw
QbZBDw
QbZBDw,QbZBDw,r,rBTaOo,QbZBDw,QbZBDw,F
QbZBDw,QbZBDw,r,rBTaOo,QbZBDw,F,QbZBDw,rBTaOo,F
QbZBDw,QbZBDw,r,rBTaOo,QbZBDw,F,QbZBDw,rBTaOo,F,MpuerPFa
QbZBDw,QbZBDw,r,rBTaOo,QbZBDw,F,QbZBDw,rBTaOo,F,MpuerPFa
QbZBDw,QbZBDw,r,rBTaOo,QbZBDw,F,QbZBDw,rBTaOo,F,MpuerPFa
rBTaOo
F
QbZBDw,QbZBDw,r,rBTaOo,QbZBDw,F,QbZBDw,rBTaOo,F,MpuerPFa
QbZBDw
QbZBDw
QbZBDw
QbZBDw,r,QbZBDw,F,QbZBDw,QbZBDw,rBTaOo,F,MpuerPFa,F
QbZBDw,r,QbZBDw,F,QbZBDw,QbZBDw,rBTaOo,F,MpuerPFa,F
QbZBDw,r,QbZBDw,F,QbZBDw,QbZBDw,rBTaOo,F,MpuerPFa,F
QbZBDw,r,QbZBDw,F,QbZBDw,QbZBDw,rBTaOo,F,MpuerPFa,F,r
QbZBDw,QbZBDw,r,rBTaOo,QbZBDw,F,QbZBDw,rBTaOo,F,MpuerPFa
QbZBDw,QbZBDw,r,rBTaOo,QbZBDw,MpuerPFa,F,QbZBDw,rBTaOo,F
QbZBDw,QbZBDw,r,rBTaOo,QbZBDw,MpuerPFa,F,QbZBDw,rBTaOo,F
MpuerPFa
MpuerPFa
MpuerPFa
F
QbZBDw,QbZBDw,r,rBTaOo,QbZBDw,F,QbZBDw,rBTaOo,F,MpuerPFa
F
F
QbZBDw,QbZBDw,r,rBTaOo,QbZBDw,F,QbZBDw,rBTaOo,F,MpuerPFa,TTo
QbZBDw
QbZBDw,QbZBDw,r,rBTaOo,QbZBDw,F,QbZBDw,rBTaOo,F,MpuerPFa,r
QbZBDw,QbZBDw,r,rBTaOo,QbZBDw,F,QbZBDw,rBTaOo,F,MpuerPFa
QbZBDw
QbZBDw
QbZBDw,QbZBDw,r,QbZBDw,F,QbZBDw,rBTaOo,rBTaOo,F,MpuerPFa,r,KCaC
QbZBDw
QbZBDw,QbZBDw,r,rBTaOo,QbZBDw,F,QbZBDw,rBTaOo,F,MpuerPFa,MpuerPFa
QbZBDw
F
F
r,QbZBDw,QbZBDw,F,QbZBDw,rBTaOo,F,MpuerPFa,MpuerPFa,F,r
rBTaOo
r,QbZBDw,F,rBTaOo,QbZBDw,QbZBDw,F,MpuerPFa,MpuerPFa,F,r,r,QbZBDw
QbZBDw
r,QbZBDw,F,rBTaOo,QbZBDw,QbZBDw,F,MpuerPFa,MpuerPFa,F,r,r,QbZBDw
QbZBDw
QbZBDw
QbZBDw
r,QbZBDw,F,rBTaOo,QbZBDw,QbZBDw,F,MpuerPFa,MpuerPFa,F,r,r,QbZBDw,Xj
r,QbZBDw,F,rBTaOo,QbZBDw,QbZBDw,F,MpuerPFa,MpuerPFa,F,r,r,QbZBDw,Xj
MpuerPFa
r
MpuerPFa
r,QbZBDw,F,rBTaOo,QbZBDw,QbZBDw,F,MpuerPFa,MpuerPFa,F,r,r,QbZBDw
MpuerPFa
MpuerPFa
QbZBDw,F,rBTaOo,QbZBDw,QbZBDw,F,MpuerPFa,F,r,r,QbZBDw,FMmnsAJT
MpuerPFa
r,QbZBDw,F,QbZBDw,QbZBDw,F,MpuerPFa,rBTaOo,F,r,r,QbZBDw,Xj,TTo
rBTaOo
F
F
r
r
r
r,QbZBDw,QbZBDw,QbZBDw,F,MpuerPFa,rBTaOo,F,r,F,r,QbZBDw,Xj
r
r
Xj
r
F,QbZBDw,F,MpuerPFa,F,Xj,r,r,r,QbZBDw,TTo,r,TTo
F
r,QbZBDw,F,QbZBDw,QbZBDw,F,MpuerPFa,F,Xj,r,r,QbZBDw,TTo
r
r,QbZBDw,QbZBDw,QbZBDw,F,MpuerPFa,F,Xj,r,r,QbZBDw,TTo
r,QbZBDw,F,QbZBDw,QbZBDw,F,MpuerPFa,F,Xj,r,r,QbZBDw,TTo
r,QbZBDw,F,QbZBDw,QbZBDw,F,MpuerPFa,F,Xj,r,r,QbZBDw,TTo,rBTaOo
r
r,QbZBDw,F,QbZBDw,QbZBDw,F,MpuerPFa,F,Xj,r,r,QbZBDw,TTo
r
r
QbZBDw
r,QbZBDw,QbZBDw,QbZBDw,F,MpuerPFa,F,r,r,QbZBDw,Xj,TTo,Xj,rBTaOo
QbZBDw
r,QbZBDw,QbZBDw,QbZBDw,F,MpuerPFa,F,r,r,QbZBDw,Xj,TTo,Xj,rBTaOo,MpuerPFa
r,QbZBDw,QbZBDw,QbZBDw,MpuerPFa,F,r,r,QbZBDw,Xj,TTo,F,Xj,rBTaOo,MpuerPFa
r,QbZBDw,QbZBDw,QbZBDw,F,MpuerPFa,F,r,r,QbZBDw,Xj,TTo,Xj,rBTaOo,MpuerPFa
r,QbZBDw,QbZBDw,QbZBDw,F,MpuerPFa,F,r,r,QbZBDw,Xj,TTo,Xj,rBTaOo,MpuerPFa
r,QbZBDw,QbZBDw,QbZBDw,F,MpuerPFa,F,r,r,QbZBDw,Xj,TTo,Xj,rBTaOo,MpuerPFa
TTo
r,QbZBDw,QbZBDw,QbZBDw,F,MpuerPFa,F,r,r,QbZBDw,Xj,TTo,Xj,rBTaOo,MpuerPFa
TTo
TTo
QbZBDw,QbZBDw,QbZBDw,F,MpuerPFa,F,r,r,QbZBDw,Xj,TTo,Xj,MpuerPFa
QbZBDw,QbZBDw,QbZBDw,F,MpuerPFa,F,r,r,QbZBDw,Xj,TTo,Xj,MpuerPFa
r,QbZBDw,QbZBDw,QbZBDw,F,F,r,r,QbZBDw,Xj,Xj,MpuerPFa,rBTaOo,MpuerPFa
r,QbZBDw,QbZBDw,QbZBDw,F,F,r,r,QbZBDw,Xj,Xj,MpuerPFa,rBTaOo,MpuerPFa
r,QbZBDw,QbZBDw,QbZBDw,F,MpuerPFa,F,r,r,QbZBDw,Xj,TTo,Xj,rBTaOo,MpuerPFa
r,QbZBDw,QbZBDw,QbZBDw,F,MpuerPFa,F,r,r,QbZBDw,Xj,TTo,Xj,rBTaOo,MpuerPFa
TTo
r,QbZBDw,QbZBDw,QbZBDw,F,MpuerPFa,F,r,r,QbZBDw,Xj,TTo,Xj,rBTaOo,MpuerPFa
TTo
r,QbZBDw,QbZBDw,QbZBDw,F,F,r,r,QbZBDw,TTo,Xj,rBTaOo,MpuerPFa,EFFQd
rBTaOo
r,QbZBDw,QbZBDw,QbZBDw,F,r,r,QbZBDw,TTo,Xj,rBTaOo,Xj,MpuerPFa,EFFQd,MpuerPFa,FMmnsAJT
r,QbZBDw,QbZBDw,QbZBDw,F,r,r,QbZBDw,TTo,Xj,rBTaOo,Xj,MpuerPFa,EFFQd,MpuerPFa,FMmnsAJT
rBTaOo
rBTaOo
r,QbZBDw,QbZBDw,QbZBDw,r,r,QbZBDw,TTo,rBTaOo,FMmnsAJT,Xj,MpuerPFa,MpuerPFa
rBTaOo
r,QbZBDw,QbZBDw,QbZBDw,r,r,QbZBDw,TTo,rBTaOo,FMmnsAJT,Xj,MpuerPFa,MpuerPFa,KCaC,FMmnsAJT
FMmnsAJT
Jedi Wagner, assuma o comando!