bnEpjJgHe
[vazia]
Toque! Toque, Dijê!
Toque! Toque, Dijê!
Toque! Toque, Dijê!
bnEpjJgHe
bnEpjJgHe,bnEpjJgHe
bnEpjJgHe
bnEpjJgHe,bnEpjJgHe
bnEpjJgHe
bnEpjJgHe
bnEpjJgHe
bnEpjJgHe
bnEpjJgHe
bnEpjJgHe
bnEpjJgHe
bnEpjJgHe,bnEpjJgHe,FX,FX,bnEpjJgHe
bnEpjJgHe,bnEpjJgHe,FX,FX,bnEpjJgHe
bnEpjJgHe,FX,FX,bnEpjJgHe,bnEpjJgHe
FX
FX,FX,bnEpjJgHe
FX,bnEpjJgHe
bnEpjJgHe,FX,FX,bnEpjJgHe,bnEpjJgHe,FX
FX
FX
bnEpjJgHe,FX,FX,bnEpjJgHe,bnEpjJgHe,FX
bnEpjJgHe,bnEpjJgHe
bnEpjJgHe
bnEpjJgHe
bnEpjJgHe,bnEpjJgHe,bnEpjJgHe
bnEpjJgHe
bnEpjJgHe
bnEpjJgHe,bnEpjJgHe,FX
bnEpjJgHe,bnEpjJgHe,FX
bnEpjJgHe,FX,bnEpjJgHe,bnEpjJgHe
bnEpjJgHe
bnEpjJgHe
bnEpjJgHe
FX,bnEpjJgHe,bnEpjJgHe,bnEpjJgHe,FX,bnEpjJgHe
FX
FX
bnEpjJgHe
bnEpjJgHe
bnEpjJgHe
bnEpjJgHe
FX
bnEpjJgHe
bnEpjJgHe
bnEpjJgHe
bnEpjJgHe
bnEpjJgHe
FX
FX
FX
bnEpjJgHe,bnEpjJgHe,bnEpjJgHe,bnEpjJgHe
bnEpjJgHe
bnEpjJgHe,bnEpjJgHe,bnEpjJgHe,bnEpjJgHe
bnEpjJgHe
bnEpjJgHe,bnEpjJgHe,bnEpjJgHe,bnEpjJgHe,bnEpjJgHe
FX,bnEpjJgHe,bnEpjJgHe,bnEpjJgHe
bnEpjJgHe
bnEpjJgHe
bnEpjJgHe
bnEpjJgHe
bnEpjJgHe
bnEpjJgHe
bnEpjJgHe,bnEpjJgHe,bnEpjJgHe
bnEpjJgHe,bnEpjJgHe,bnEpjJgHe
bnEpjJgHe,bnEpjJgHe,bnEpjJgHe
bnEpjJgHe,bnEpjJgHe,bnEpjJgHe
FX,bnEpjJgHe,bnEpjJgHe
bnEpjJgHe
FX
FX
FX
FX
FX,bnEpjJgHe
FX
bnEpjJgHe
bnEpjJgHe,bnEpjJgHe,bnEpjJgHe
bnEpjJgHe
bnEpjJgHe
bnEpjJgHe,bnEpjJgHe,bnEpjJgHe
bnEpjJgHe
bnEpjJgHe
bnEpjJgHe,bnEpjJgHe,bnEpjJgHe
FX,bnEpjJgHe
bnEpjJgHe
FX,bnEpjJgHe,FX
FX,bnEpjJgHe
bnEpjJgHe
FX
FX
FX
bnEpjJgHe
bnEpjJgHe,bnEpjJgHe,FX,bnEpjJgHe,FX,bnEpjJgHe,bnEpjJgHe,bnEpjJgHe
bnEpjJgHe,bnEpjJgHe,FX,bnEpjJgHe,FX,bnEpjJgHe,bnEpjJgHe,bnEpjJgHe
FX
FX
bnEpjJgHe,bnEpjJgHe,FX,bnEpjJgHe,FX,bnEpjJgHe,bnEpjJgHe,bnEpjJgHe
bnEpjJgHe,bnEpjJgHe,FX,bnEpjJgHe,FX,bnEpjJgHe,bnEpjJgHe,bnEpjJgHe,bnEpjJgHe
bnEpjJgHe
bnEpjJgHe
bnEpjJgHe
bnEpjJgHe,FX,bnEpjJgHe,FX,bnEpjJgHe,bnEpjJgHe,bnEpjJgHe,bnEpjJgHe,bnEpjJgHe,FX,FX
bnEpjJgHe
bnEpjJgHe,FX,bnEpjJgHe,FX,bnEpjJgHe,bnEpjJgHe,bnEpjJgHe,bnEpjJgHe,FX
bnEpjJgHe,bnEpjJgHe,bnEpjJgHe,bnEpjJgHe,bnEpjJgHe,bnEpjJgHe,FX
bnEpjJgHe,bnEpjJgHe,bnEpjJgHe,bnEpjJgHe,bnEpjJgHe,bnEpjJgHe,FX
bnEpjJgHe,bnEpjJgHe,bnEpjJgHe,bnEpjJgHe,FX
FX
bnEpjJgHe,bnEpjJgHe,bnEpjJgHe,bnEpjJgHe,bnEpjJgHe,bnEpjJgHe,FX
FX
bnEpjJgHe
bnEpjJgHe,bnEpjJgHe,bnEpjJgHe,bnEpjJgHe,bnEpjJgHe,bnEpjJgHe,FX
bnEpjJgHe,bnEpjJgHe,bnEpjJgHe,bnEpjJgHe,bnEpjJgHe,bnEpjJgHe,FX
bnEpjJgHe,bnEpjJgHe,bnEpjJgHe,bnEpjJgHe,bnEpjJgHe,bnEpjJgHe,FX
FX
bnEpjJgHe,bnEpjJgHe,bnEpjJgHe,bnEpjJgHe,bnEpjJgHe,bnEpjJgHe,FX
FX
bnEpjJgHe
bnEpjJgHe,bnEpjJgHe,bnEpjJgHe,bnEpjJgHe,bnEpjJgHe,bnEpjJgHe,FX
bnEpjJgHe
Jedi Wagner, assuma o comando!