[vazia]
Toque! Toque, Dijê!
[vazia]
[vazia]
[vazia]
gKfiEWWPPN,MezGsi,gKfiEWWPPN,gKfiEWWPPN
gKfiEWWPPN
MezGsi
gKfiEWWPPN
gKfiEWWPPN
gKfiEWWPPN
gKfiEWWPPN
MezGsi,gKfiEWWPPN,gKfiEWWPPN,gKfiEWWPPN
gKfiEWWPPN,MezGsi,gKfiEWWPPN,gKfiEWWPPN,gKfiEWWPPN
gKfiEWWPPN
gKfiEWWPPN
gKfiEWWPPN,gKfiEWWPPN,MezGsi,gKfiEWWPPN,gKfiEWWPPN
gKfiEWWPPN,gKfiEWWPPN,MezGsi,gKfiEWWPPN,gKfiEWWPPN
gKfiEWWPPN
gKfiEWWPPN
gKfiEWWPPN,MezGsi,gKfiEWWPPN,gKfiEWWPPN
gKfiEWWPPN
gKfiEWWPPN,gKfiEWWPPN,gKfiEWWPPN
gKfiEWWPPN
gKfiEWWPPN
gKfiEWWPPN
gKfiEWWPPN
EIohj
EIohj
EIohj
EIohj
EIohj
gKfiEWWPPN,gKfiEWWPPN,gKfiEWWPPN,EIohj
gKfiEWWPPN,gKfiEWWPPN,EIohj,gKfiEWWPPN,MezGsi
gKfiEWWPPN,gKfiEWWPPN,EIohj,gKfiEWWPPN,MezGsi
gKfiEWWPPN,gKfiEWWPPN,EIohj,gKfiEWWPPN,MezGsi
gKfiEWWPPN,gKfiEWWPPN,EIohj,gKfiEWWPPN,MezGsi
EIohj
gKfiEWWPPN
gKfiEWWPPN,gKfiEWWPPN,EIohj,gKfiEWWPPN,MezGsi
gKfiEWWPPN,gKfiEWWPPN,MezGsi
gKfiEWWPPN
gKfiEWWPPN,gKfiEWWPPN,MezGsi
gKfiEWWPPN,gKfiEWWPPN,MezGsi
MezGsi
gKfiEWWPPN,gKfiEWWPPN,MezGsi
MezGsi
MezGsi
MezGsi,MezGsi
MezGsi
MezGsi
MezGsi
MezGsi
MezGsi
MezGsi
MezGsi
MezGsi
MezGsi
MezGsi,HUxU
MezGsi
MezGsi,HUxU,HUxU
MezGsi
[vazia]
[vazia]
MezGsi,MezGsi
MezGsi,MezGsi,HUxU,EIohj,gKfiEWWPPN,EIohj
MezGsi
MezGsi
MezGsi
MezGsi
MezGsi,gKfiEWWPPN
MezGsi,gKfiEWWPPN
MezGsi,gKfiEWWPPN,EIohj,gKfiEWWPPN
gKfiEWWPPN
gKfiEWWPPN
MezGsi,gKfiEWWPPN
gKfiEWWPPN
MezGsi,gKfiEWWPPN,HUxU
gKfiEWWPPN
MezGsi,gKfiEWWPPN,HUxU
MezGsi
MezGsi
MezGsi
gKfiEWWPPN
MezGsi,gKfiEWWPPN,HUxU
MezGsi
MezGsi
MezGsi,gKfiEWWPPN,HUxU
MezGsi
MezGsi
MezGsi,gKfiEWWPPN,HUxU,gKfiEWWPPN
MezGsi,gKfiEWWPPN,HUxU
MezGsi
HUxU
MezGsi,gKfiEWWPPN,HUxU
MezGsi
MezGsi,gKfiEWWPPN,HUxU
MezGsi,gKfiEWWPPN,HUxU
MezGsi,gKfiEWWPPN,HUxU
MezGsi
MezGsi,HUxU,HUxU,MezGsi
gKfiEWWPPN
HUxU,MezGsi,EIohj,HUxU
EIohj
HUxU,MezGsi,EIohj,MezGsi,EIohj
HUxU,MezGsi,EIohj,MezGsi,EIohj
EIohj
HUxU,EIohj,MezGsi,EIohj
EIohj
EIohj
HUxU
EIohj
EIohj,HUxU,EIohj,MezGsi,MezGsi,HUxU,EIohj,EIohj
HUxU
EIohj
HUxU,EIohj,EIohj,MezGsi,MezGsi,HUxU,EIohj,EIohj
EIohj,HUxU,EIohj,MezGsi,MezGsi,HUxU,EIohj,EIohj
EIohj,EIohj,MezGsi,MezGsi,HUxU,EIohj,EIohj,MezGsi
EIohj
EIohj,EIohj,MezGsi,MezGsi,HUxU,EIohj,EIohj,MezGsi,MezGsi
MezGsi
EIohj,EIohj,MezGsi,MezGsi,HUxU,EIohj,EIohj,MezGsi,MezGsi
EIohj,MezGsi,EIohj,MezGsi,HUxU,EIohj,EIohj,MezGsi,MezGsi,HUxU
EIohj
EIohj,EIohj,MezGsi,MezGsi,HUxU,EIohj,EIohj,MezGsi,MezGsi
EIohj,EIohj,MezGsi,MezGsi,HUxU,EIohj,EIohj,MezGsi,MezGsi
MezGsi
EIohj,EIohj,MezGsi,MezGsi,HUxU,EIohj,EIohj,MezGsi,MezGsi,gKfiEWWPPN
MezGsi
EIohj,EIohj,MezGsi,MezGsi,EIohj,EIohj,MezGsi,MezGsi,gKfiEWWPPN
EIohj,EIohj,MezGsi,MezGsi,HUxU,EIohj,EIohj,MezGsi,MezGsi,gKfiEWWPPN
MezGsi
EIohj,MezGsi,gKfiEWWPPN,HUxU,MezGsi,EIohj,EIohj,MezGsi,MezGsi
EIohj,EIohj,MezGsi,MezGsi,HUxU,EIohj,EIohj,MezGsi,MezGsi,gKfiEWWPPN,HUxU
EIohj,EIohj,MezGsi,MezGsi,HUxU,EIohj,EIohj,MezGsi,MezGsi,gKfiEWWPPN,HUxU
EIohj,MezGsi,MezGsi,HUxU,EIohj,EIohj,EIohj,MezGsi,MezGsi,gKfiEWWPPN,HUxU
MezGsi,MezGsi,HUxU,EIohj,EIohj,EIohj,EIohj,MezGsi,MezGsi,gKfiEWWPPN,HUxU
MezGsi,MezGsi,HUxU,EIohj,EIohj,EIohj,EIohj,MezGsi,MezGsi,gKfiEWWPPN,HUxU
MezGsi,MezGsi,HUxU,EIohj,EIohj,EIohj,EIohj,MezGsi,MezGsi,HUxU,MezGsi
HUxU
MezGsi,MezGsi,HUxU,EIohj,EIohj,EIohj,EIohj,MezGsi,MezGsi,HUxU,MezGsi
EIohj,HUxU,MezGsi,EIohj,EIohj,EIohj,MezGsi,MezGsi,HUxU,MezGsi
HUxU
EIohj,EIohj,EIohj,EIohj,MezGsi,MezGsi,HUxU,MezGsi,HUxU,MezGsi,gKfiEWWPPN
EIohj
EIohj,EIohj,EIohj,EIohj,MezGsi,MezGsi,HUxU,MezGsi,HUxU,MezGsi,gKfiEWWPPN
EIohj
EIohj
EIohj,EIohj,EIohj,EIohj,HUxU,MezGsi,HUxU,MezGsi,gKfiEWWPPN,gKfiEWWPPN,gKfiEWWPPN
EIohj
EIohj
EIohj
EIohj,EIohj,EIohj,gKfiEWWPPN,MezGsi,HUxU,MezGsi,HUxU,MezGsi,gKfiEWWPPN,gKfiEWWPPN,MezGsi
EIohj,EIohj,EIohj,gKfiEWWPPN,MezGsi,HUxU,MezGsi,HUxU,MezGsi,gKfiEWWPPN,gKfiEWWPPN,MezGsi
EIohj
EIohj
EIohj,EIohj,EIohj,HUxU,MezGsi,HUxU,MezGsi,gKfiEWWPPN,gKfiEWWPPN,MezGsi,EIohj
EIohj
EIohj,EIohj,EIohj,EIohj,MezGsi,MezGsi,HUxU,MezGsi,gKfiEWWPPN,gKfiEWWPPN,gKfiEWWPPN
EIohj,EIohj,EIohj,EIohj,MezGsi,MezGsi,HUxU,MezGsi,gKfiEWWPPN,gKfiEWWPPN,gKfiEWWPPN
MezGsi
MezGsi
EIohj,EIohj,EIohj,EIohj,MezGsi,HUxU,MezGsi,gKfiEWWPPN,gKfiEWWPPN,gKfiEWWPPN,EIohj,EIohj
EIohj,EIohj,EIohj,EIohj,MezGsi,HUxU,MezGsi,gKfiEWWPPN,gKfiEWWPPN,gKfiEWWPPN,EIohj,EIohj,EIohj
EIohj,EIohj,EIohj,EIohj,gKfiEWWPPN,MezGsi,HUxU,MezGsi,gKfiEWWPPN,gKfiEWWPPN,EIohj,EIohj,EIohj,gKfiEWWPPN
gKfiEWWPPN
MezGsi
MezGsi
MezGsi
EIohj,EIohj,EIohj,MezGsi,MezGsi,MezGsi,gKfiEWWPPN,gKfiEWWPPN,gKfiEWWPPN,gKfiEWWPPN,gKfiEWWPPN
EIohj,EIohj,EIohj,MezGsi,MezGsi,MezGsi,gKfiEWWPPN,gKfiEWWPPN,gKfiEWWPPN,gKfiEWWPPN,gKfiEWWPPN
EIohj,EIohj,EIohj,EIohj,MezGsi,MezGsi,MezGsi,gKfiEWWPPN,gKfiEWWPPN,gKfiEWWPPN,gKfiEWWPPN,gKfiEWWPPN
gKfiEWWPPN
EIohj,EIohj,MezGsi,gKfiEWWPPN,MezGsi,EIohj,gKfiEWWPPN,gKfiEWWPPN,EIohj,gKfiEWWPPN,gKfiEWWPPN
EIohj,EIohj,MezGsi,gKfiEWWPPN,MezGsi,EIohj,gKfiEWWPPN,gKfiEWWPPN,EIohj,gKfiEWWPPN,gKfiEWWPPN
EIohj,EIohj,EIohj,MezGsi,MezGsi,gKfiEWWPPN,MezGsi,EIohj,gKfiEWWPPN,gKfiEWWPPN,gKfiEWWPPN,gKfiEWWPPN
EIohj,EIohj,EIohj,MezGsi,MezGsi,gKfiEWWPPN,MezGsi,EIohj,gKfiEWWPPN,gKfiEWWPPN,gKfiEWWPPN,gKfiEWWPPN
gKfiEWWPPN
MezGsi,EIohj,MezGsi,MezGsi,gKfiEWWPPN,gKfiEWWPPN,EIohj,EIohj,gKfiEWWPPN,gKfiEWWPPN,EIohj
MezGsi
MezGsi
MezGsi,EIohj,MezGsi,MezGsi,gKfiEWWPPN,gKfiEWWPPN,EIohj,EIohj,gKfiEWWPPN,gKfiEWWPPN,EIohj,HUxU
MezGsi,EIohj,MezGsi,MezGsi,gKfiEWWPPN,gKfiEWWPPN,EIohj,EIohj,gKfiEWWPPN,gKfiEWWPPN,EIohj,HUxU
EIohj,MezGsi,MezGsi,gKfiEWWPPN,EIohj,EIohj,gKfiEWWPPN,gKfiEWWPPN,EIohj,HUxU,EIohj,MezGsi
EIohj,MezGsi,MezGsi,gKfiEWWPPN,EIohj,EIohj,gKfiEWWPPN,gKfiEWWPPN,EIohj,EIohj,MezGsi
gKfiEWWPPN
EIohj,MezGsi,MezGsi,EIohj,EIohj,gKfiEWWPPN,gKfiEWWPPN,EIohj,HUxU,EIohj,MezGsi,MezGsi,gKfiEWWPPN
EIohj
EIohj
EIohj
EIohj,MezGsi,MezGsi,EIohj,EIohj,gKfiEWWPPN,gKfiEWWPPN,EIohj,HUxU,EIohj,MezGsi,MezGsi
EIohj
EIohj,MezGsi,MezGsi,EIohj,EIohj,gKfiEWWPPN,gKfiEWWPPN,EIohj,HUxU,EIohj,MezGsi,MezGsi
MezGsi,MezGsi,MezGsi,gKfiEWWPPN,gKfiEWWPPN,EIohj,EIohj,gKfiEWWPPN,gKfiEWWPPN
MezGsi
MezGsi
MezGsi,MezGsi,MezGsi,gKfiEWWPPN,gKfiEWWPPN,EIohj,gKfiEWWPPN,gKfiEWWPPN,EIohj
MezGsi
MezGsi,MezGsi,MezGsi,gKfiEWWPPN,EIohj,gKfiEWWPPN,gKfiEWWPPN,EIohj,HUxU
MezGsi,MezGsi,MezGsi,gKfiEWWPPN,EIohj,gKfiEWWPPN,gKfiEWWPPN,EIohj,HUxU
HUxU
HUxU
HUxU,MezGsi,MezGsi,MezGsi,gKfiEWWPPN,gKfiEWWPPN,EIohj,HUxU
HUxU,MezGsi,MezGsi,MezGsi,gKfiEWWPPN,gKfiEWWPPN,EIohj,HUxU
HUxU,MezGsi,MezGsi,MezGsi,gKfiEWWPPN,gKfiEWWPPN,EIohj,HUxU,MezGsi
MezGsi
Jedi Wagner, assuma o comando!