Toque! Toque, Dijê!
tOPzO
Toque! Toque, Dijê!
EaeVIMA
[vazia]
EaeVIMA
EaeVIMA,EaeVIMA
EaeVIMA
EaeVIMA
EaeVIMA
EaeVIMA
[vazia]
EaeVIMA
EaeVIMA
EaeVIMA
EaeVIMA
EaeVIMA
tOPzO
Toque! Toque, Dijê!
Toque! Toque, Dijê!
Toque! Toque, Dijê!
Toque! Toque, Dijê!
[vazia]
[vazia]
Toque! Toque, Dijê!
tOPzO
tOPzO
tOPzO
tOPzO
tOPzO,EaeVIMA
[vazia]
[vazia]
Toque! Toque, Dijê!
Toque! Toque, Dijê!
Toque! Toque, Dijê!
tOPzO
tOPzO
tOPzO
tOPzO
tOPzO,EaeVIMA
Toque! Toque, Dijê!
Toque! Toque, Dijê!
[vazia]
[vazia]
Toque! Toque, Dijê!
Toque! Toque, Dijê!
Toque! Toque, Dijê!
Toque! Toque, Dijê!
Toque! Toque, Dijê!
Toque! Toque, Dijê!
Toque! Toque, Dijê!
tOPzO,EaeVIMA,EaeVIMA
[vazia]
Toque! Toque, Dijê!
[vazia]
[vazia]
tOPzO
tOPzO
Toque! Toque, Dijê!
Toque! Toque, Dijê!
[vazia]
Toque! Toque, Dijê!
Toque! Toque, Dijê!
Toque! Toque, Dijê!
[vazia]
tOPzO,tOPzO
tOPzO,EaeVIMA,tOPzO
Toque! Toque, Dijê!
[vazia]
Toque! Toque, Dijê!
Toque! Toque, Dijê!
Toque! Toque, Dijê!
Toque! Toque, Dijê!
[vazia]
Toque! Toque, Dijê!
EaeVIMA,tOPzO,tOPzO
EaeVIMA
EaeVIMA
EaeVIMA,tOPzO,tOPzO,tOPzO,EaeVIMA,tOPzO,EaeVIMA
EaeVIMA,tOPzO,tOPzO,tOPzO,EaeVIMA,tOPzO,EaeVIMA
tOPzO
EaeVIMA,tOPzO,tOPzO,tOPzO,EaeVIMA,tOPzO,EaeVIMA
tOPzO
EaeVIMA,tOPzO,tOPzO,tOPzO,EaeVIMA,tOPzO
tOPzO
tOPzO
tOPzO,EaeVIMA,EaeVIMA,tOPzO,EaeVIMA
EaeVIMA,tOPzO,EaeVIMA,tOPzO,EaeVIMA
tOPzO
tOPzO
tOPzO
tOPzO,EaeVIMA,tOPzO,EaeVIMA,tOPzO
tOPzO
tOPzO
EaeVIMA,tOPzO,tOPzO,tOPzO,EaeVIMA,tOPzO,tOPzO,tOPzO
tOPzO,EaeVIMA,tOPzO,tOPzO,EaeVIMA,tOPzO,tOPzO,tOPzO
tOPzO
EaeVIMA,tOPzO,tOPzO,EaeVIMA,tOPzO,tOPzO,tOPzO,tOPzO
tOPzO
tOPzO,tOPzO,tOPzO,tOPzO,tOPzO,tOPzO
tOPzO
EaeVIMA,tOPzO,tOPzO,EaeVIMA,tOPzO,tOPzO,tOPzO
tOPzO,EaeVIMA,tOPzO,tOPzO,tOPzO
EaeVIMA,tOPzO,tOPzO,tOPzO,EaeVIMA,EaeVIMA
tOPzO
tOPzO
EaeVIMA
tOPzO,tOPzO,tOPzO,EaeVIMA,tOPzO,tOPzO,tOPzO
EaeVIMA
tOPzO,tOPzO,tOPzO,tOPzO,tOPzO,tOPzO
tOPzO
tOPzO
tOPzO
tOPzO,tOPzO,tOPzO,tOPzO,tOPzO,tOPzO
tOPzO
tOPzO,tOPzO,tOPzO,tOPzO,tOPzO
tOPzO,tOPzO,tOPzO,tOPzO
tOPzO
tOPzO
tOPzO,tOPzO,EaeVIMA,tOPzO,EaeVIMA,tOPzO,tOPzO,tOPzO,EaeVIMA
tOPzO
tOPzO
tOPzO
tOPzO
tOPzO,tOPzO,EaeVIMA,tOPzO,tOPzO,tOPzO,tOPzO
tOPzO,EaeVIMA,tOPzO,tOPzO,tOPzO,tOPzO,tOPzO
EaeVIMA
EaeVIMA
tOPzO,tOPzO,tOPzO,EaeVIMA,tOPzO,tOPzO,tOPzO,tOPzO
tOPzO,tOPzO,tOPzO,tOPzO,tOPzO,tOPzO,tOPzO
tOPzO,tOPzO,tOPzO,tOPzO,tOPzO,tOPzO,tOPzO
tOPzO
tOPzO
tOPzO
tOPzO
tOPzO
tOPzO,tOPzO,tOPzO,tOPzO,tOPzO,tOPzO,tOPzO
tOPzO,tOPzO,tOPzO,EaeVIMA,tOPzO,tOPzO,tOPzO,tOPzO
tOPzO,tOPzO,EaeVIMA,tOPzO,tOPzO,tOPzO,tOPzO,tOPzO
EaeVIMA
EaeVIMA
tOPzO
EaeVIMA,tOPzO,tOPzO,tOPzO,tOPzO,tOPzO,tOPzO,EaeVIMA,tOPzO
EaeVIMA
EaeVIMA,tOPzO,tOPzO,tOPzO,tOPzO,tOPzO,tOPzO,EaeVIMA,tOPzO
EaeVIMA,tOPzO,tOPzO,tOPzO,tOPzO,tOPzO,tOPzO,EaeVIMA,tOPzO
EaeVIMA
EaeVIMA
EaeVIMA
EaeVIMA
EaeVIMA
EaeVIMA
tOPzO
Jedi Wagner, assuma o comando!