[vazia]
Toque! Toque, Dijê!
Toque! Toque, Dijê!
[vazia]
Toque! Toque, Dijê!
Toque! Toque, Dijê!
Toque! Toque, Dijê!
[vazia]
[vazia]
WsbCTtG
[vazia]
Toque! Toque, Dijê!
QHOrcUaL
QHOrcUaL
QHOrcUaL
QHOrcUaL,WsbCTtG
QHOrcUaL
QHOrcUaL,WsbCTtG
WsbCTtG,WsbCTtG,xsgp
WsbCTtG,WsbCTtG,xsgp
WsbCTtG,WsbCTtG,xsgp
xsgp
xsgp
xsgp
WsbCTtG,WsbCTtG,xsgp,OCbs
xsgp
xsgp
xsgp
xsgp
xsgp
xsgp
WsbCTtG,xsgp,WsbCTtG,xsgp
xsgp
xsgp,WsbCTtG,xsgp,WsbCTtG,OCbs
xsgp,WsbCTtG,xsgp,WsbCTtG,QHOrcUaL,OCbs,OCbs
OCbs
OCbs
xsgp,WsbCTtG,xsgp,WsbCTtG,OCbs,QHOrcUaL
OCbs
OCbs
xsgp,WsbCTtG,xsgp,WsbCTtG,OCbs,xsgp
OCbs
xsgp,WsbCTtG,xsgp,WsbCTtG,OCbs,xsgp,OCbs
xsgp
OCbs
OCbs
WsbCTtG,xsgp,WsbCTtG,xsgp,OCbs
WsbCTtG,xsgp,WsbCTtG,xsgp,OCbs,WsbCTtG
WsbCTtG,xsgp,WsbCTtG,xsgp,OCbs,WsbCTtG
xsgp
WsbCTtG,xsgp,WsbCTtG,xsgp,OCbs,WsbCTtG
WsbCTtG,xsgp,WsbCTtG,xsgp,OCbs,WsbCTtG
xsgp
WsbCTtG,xsgp,WsbCTtG,xsgp,WsbCTtG,QHOrcUaL,WsbCTtG
xsgp
xsgp
WsbCTtG,xsgp,WsbCTtG,xsgp,OCbs,WsbCTtG,WsbCTtG
xsgp
xsgp
xsgp
xsgp,WsbCTtG,xsgp,OCbs,WsbCTtG,WsbCTtG,xsgp
xsgp,WsbCTtG,xsgp,OCbs,WsbCTtG,WsbCTtG,xsgp
xsgp
xsgp
xsgp
OCbs
OCbs
xsgp,xsgp,OCbs,WsbCTtG,xsgp,xsgp
OCbs
Jedi Wagner, assuma o comando!