gTKnfWC
gTKnfWC,XjKsnIzGI,xaYXTMQd
gTKnfWC,XjKsnIzGI,xaYXTMQd
gTKnfWC
gTKnfWC
gTKnfWC
gTKnfWC,gTKnfWC,rCrxOsWXAG
gTKnfWC
gTKnfWC
gTKnfWC
gTKnfWC
gTKnfWC
gTKnfWC,gTKnfWC,rCrxOsWXAG,Q,qCVDvDCc
gTKnfWC,gTKnfWC,rCrxOsWXAG,Q,qCVDvDCc
gTKnfWC,gTKnfWC,rCrxOsWXAG,Q,qCVDvDCc
rCrxOsWXAG
rCrxOsWXAG
gTKnfWC,gTKnfWC,rCrxOsWXAG,Q,qCVDvDCc,nPGsO
rCrxOsWXAG
gTKnfWC,gTKnfWC,rCrxOsWXAG,qCVDvDCc,Q,nPGsO
rCrxOsWXAG
gTKnfWC,gTKnfWC,rCrxOsWXAG,qCVDvDCc,Q,nPGsO,qCVDvDCc
gTKnfWC,gTKnfWC,rCrxOsWXAG,qCVDvDCc,Q,nPGsO,qCVDvDCc,XjKsnIzGI
gTKnfWC,gTKnfWC,rCrxOsWXAG,qCVDvDCc,Q,qCVDvDCc,XjKsnIzGI
gTKnfWC,gTKnfWC,rCrxOsWXAG,qCVDvDCc,Q,nPGsO,qCVDvDCc,rCrxOsWXAG
gTKnfWC,gTKnfWC,rCrxOsWXAG,Q,nPGsO,qCVDvDCc,rCrxOsWXAG,rCrxOsWXAG,hPxfA
Jedi Wagner, assuma o comando!