[vazia]
Toque! Toque, Dijê!
Toque! Toque, Dijê!
[vazia]
AOxdBZc,DVpIYeL
AOxdBZc
AOxdBZc,DVpIYeL
Toque! Toque, Dijê!
Toque! Toque, Dijê!
Toque! Toque, Dijê!
Toque! Toque, Dijê!
DVpIYeL
DVpIYeL
[vazia]
AOxdBZc
AOxdBZc
AOxdBZc
AOxdBZc,DVpIYeL
Toque! Toque, Dijê!
[vazia]
Toque! Toque, Dijê!
Toque! Toque, Dijê!
AOxdBZc
AOxdBZc,AOxdBZc,DVpIYeL
AOxdBZc
[vazia]
Toque! Toque, Dijê!
[vazia]
[vazia]
AOxdBZc,AOxdBZc
AOxdBZc,AOxdBZc
AOxdBZc,AOxdBZc
AOxdBZc,AOxdBZc
Toque! Toque, Dijê!
Toque! Toque, Dijê!
[vazia]
DVpIYeL
Jedi Wagner, assuma o comando!