Toque! Toque, Dijê!
Toque! Toque, Dijê!
[vazia]
[vazia]
FllBw
FllBw
FllBw
FllBw
FllBw,FllBw,xP
FllBw
FllBw,FllBw,xP,FllBw,LjtfDiiCm
FllBw,FllBw,xP,FllBw,LjtfDiiCm
FllBw
FllBw
FllBw,FllBw,xP,FllBw,LjtfDiiCm,LjtfDiiCm
FllBw
FllBw,FllBw
FllBw,FllBw,Ros
FllBw,FllBw,Ros
FllBw,FllBw,Ros
FllBw
FllBw
Ros
FllBw,Ros,FllBw
FllBw
FllBw
FllBw,Ros,FllBw
FllBw,Ros,FllBw,xP
FllBw,Ros,FllBw,xP
FllBw,FllBw,xP
FllBw
FllBw
FllBw
xP
FllBw
FllBw,FllBw,xP,FllBw
FllBw,FllBw,xP,FllBw
FllBw,FllBw,xP,FllBw
FllBw,FllBw,xP,xP
FllBw,FllBw,xP,xP
xP
FllBw
FllBw,FllBw,xP,xP
FllBw,FllBw,xP,xP
FllBw,FllBw,xP,xP
FllBw,FllBw,xP,xP
FllBw,FllBw,xP,xP
FllBw,FllBw,xP,xP,loEnHD
FllBw,FllBw,xP,xP,loEnHD
FllBw,FllBw,xP,xP,loEnHD
FllBw,FllBw,xP,xP,loEnHD
FllBw
loEnHD
FllBw,loEnHD,FllBw,xP
FllBw
FllBw
FllBw
FllBw,loEnHD,FllBw,xP
FllBw
FllBw
FllBw,loEnHD,FllBw,xP
FllBw,FllBw,xP
FllBw
FllBw,FllBw,xP,KmenaH,loEnHD
FllBw,loEnHD,FllBw
FllBw
FllBw,loEnHD,FllBw,loEnHD
FllBw,loEnHD,FllBw,loEnHD
FllBw
FllBw
FllBw
FllBw
FllBw
FllBw,FllBw,loEnHD,xP,loEnHD,xP,Ros,FllBw
FllBw,FllBw,loEnHD,xP,loEnHD,xP,Ros,FllBw
FllBw,FllBw,loEnHD,xP,loEnHD,xP,Ros,FllBw
FllBw,xP,FllBw,loEnHD,loEnHD,xP,FllBw,Ros
FllBw,xP,FllBw,loEnHD,loEnHD,xP,FllBw,Ros,Ros
loEnHD
loEnHD
FllBw,xP,FllBw,loEnHD,loEnHD,xP,FllBw,Ros,Ros
FllBw,xP,FllBw,loEnHD,loEnHD,xP,FllBw,Ros
FllBw,xP,FllBw,loEnHD,loEnHD,xP,FllBw,Ros
FllBw,xP,FllBw,loEnHD,loEnHD,xP,FllBw,Ros
loEnHD
FllBw,xP,FllBw,loEnHD,xP,FllBw,Ros
FllBw,xP,FllBw,loEnHD,xP,FllBw,Ros
FllBw,xP,FllBw,loEnHD,xP,FllBw,Ros
FllBw,xP,FllBw,loEnHD,loEnHD,xP,FllBw,Ros
loEnHD
FllBw,xP,FllBw,loEnHD,loEnHD,xP,FllBw,Ros
Ros
Ros
loEnHD,Ros,FllBw,loEnHD,FllBw,FllBw,loEnHD
loEnHD
Ros,loEnHD,FllBw,loEnHD,FllBw,FllBw,loEnHD,Ros,FllBw,FllBw,loEnHD,KmenaH
FllBw
Ros,loEnHD,KmenaH,FllBw,loEnHD,FllBw,FllBw,loEnHD,Ros,FllBw,FllBw,loEnHD,LjtfDiiCm
KmenaH
Ros,loEnHD,KmenaH,FllBw,loEnHD,FllBw,FllBw,loEnHD,Ros,FllBw,FllBw,loEnHD,LjtfDiiCm
loEnHD,KmenaH,FllBw,loEnHD,FllBw,FllBw,loEnHD,Ros,FllBw,FllBw,loEnHD
loEnHD,KmenaH,FllBw,loEnHD,FllBw,FllBw,loEnHD,Ros,FllBw,FllBw,loEnHD
FllBw,FllBw,loEnHD,loEnHD,xP,FllBw,Ros
FllBw,FllBw,loEnHD,loEnHD,xP,FllBw,Ros
FllBw,FllBw,loEnHD,loEnHD,xP,FllBw,Ros
FllBw,FllBw,loEnHD,loEnHD,xP,FllBw,Ros
xP
FllBw,loEnHD,loEnHD,xP,FllBw,Ros,xP,KmenaH,xP
xP
xP
FllBw,loEnHD,loEnHD,xP,FllBw,xP,LjtfDiiCm,Ros
FllBw,loEnHD,loEnHD,xP,FllBw,xP,LjtfDiiCm,Ros
FllBw
FllBw
FllBw
loEnHD,loEnHD,xP,xP,FllBw,Ros,xP,xP
loEnHD
loEnHD
xP,loEnHD,FllBw,xP,FllBw,Ros,xP,xP,LjtfDiiCm
xP
xP
loEnHD,xP,FllBw,xP,FllBw,Ros,xP,xP,loEnHD,loEnHD,Ros
loEnHD,xP,Ros,FllBw,xP,FllBw,xP,xP,loEnHD,loEnHD,Ros
xP
Jedi Wagner, assuma o comando!