Toque! Toque, Dijê!
LQSjDSsyiD
LQSjDSsyiD
Toque! Toque, Dijê!
Toque! Toque, Dijê!
[vazia]
Hqm
Hqm
Hqm
Hqm
Hqm
Hqm
Hqm,Hqm,mA,mA,Hqm,mA
Hqm,Hqm,mA,mA,Hqm,mA
Hqm
Hqm,Hqm,mA,mA,Hqm,mA,Hqm
Hqm,Hqm,mA,mA,Hqm,mA
Hqm
Hqm
Hqm,Hqm,mA,mA,Hqm,mA,Hqm
Hqm
Hqm
Hqm,Hqm,mA,mA,Hqm,fJHMyUy
Hqm
Hqm,mA,mA,Hqm,mA
Hqm
Hqm,mA,mA,Hqm,mA
Hqm,mA,mA,Hqm,mA,Hqm
Hqm
Hqm
Hqm,Hqm,mA,mA,Hqm,fJHMyUy,mA,LQSjDSsyiD
Hqm,Hqm,mA,mA,Hqm,fJHMyUy,mA,LQSjDSsyiD
Hqm
Hqm
Hqm
Hqm
Hqm
Hqm,Hqm,mA,mA,Hqm
mA
mA,mA,Hqm
mA
mA
mA,mA,Hqm
mA,Hqm
mA
mA
mA,Hqm
mA,Hqm,fJHMyUy,Hqm,mA
mA
mA,Hqm,fJHMyUy,Hqm,mA
mA
mA,mA,Hqm
Hqm
mA,mA,Hqm
mA,mA,Hqm
mA
mA
mA
mA
mA
mA,mA,Hqm,Hqm,mA,Hqm,mA
mA
mA
mA,mA,Hqm,Hqm,mA,Hqm,mA
mA
mA
mA
mA,LQSjDSsyiD,mA,Hqm,Hqm,mA,Hqm,fJHMyUy
mA,mA,Hqm,Hqm,mA,Hqm,LQSjDSsyiD
mA
mA
mA,mA,Hqm,LQSjDSsyiD,Hqm,mA,Hqm,LQSjDSsyiD,Hqm,fJHMyUy,fJHMyUy
mA,mA,Hqm,LQSjDSsyiD,Hqm,mA,Hqm,LQSjDSsyiD,Hqm,fJHMyUy
mA,mA,Hqm,LQSjDSsyiD,Hqm,mA,Hqm,LQSjDSsyiD,Hqm,fJHMyUy
Hqm
mA,mA,Hqm,Hqm,mA,LQSjDSsyiD,Hqm,LQSjDSsyiD,Hqm,fJHMyUy
LQSjDSsyiD
LQSjDSsyiD
LQSjDSsyiD
mA,mA,Hqm,Hqm,mA,fJHMyUy,LQSjDSsyiD,Hqm,LQSjDSsyiD,Hqm,fJHMyUy,mA
mA,mA,Hqm,Hqm,mA,fJHMyUy,LQSjDSsyiD,Hqm,LQSjDSsyiD,Hqm,fJHMyUy,mA
mA,mA,Hqm,Hqm,mA,fJHMyUy,LQSjDSsyiD,Hqm,LQSjDSsyiD,Hqm,fJHMyUy,mA,fJHMyUy,mA,LQSjDSsyiD,LQSjDSsyiD
mA,mA,Hqm,Hqm,mA,fJHMyUy,Hqm,LQSjDSsyiD,Hqm,fJHMyUy,mA,fJHMyUy,mA,LQSjDSsyiD,LQSjDSsyiD
LQSjDSsyiD
Hqm,Hqm,mA,fJHMyUy,LQSjDSsyiD,mA,Hqm,Hqm,fJHMyUy,mA,fJHMyUy,mA,LQSjDSsyiD,LQSjDSsyiD,LQSjDSsyiD,mA
Hqm,Hqm,mA,fJHMyUy,LQSjDSsyiD,mA,Hqm,Hqm,fJHMyUy,mA,fJHMyUy,mA,LQSjDSsyiD,LQSjDSsyiD,LQSjDSsyiD,mA
mA
Hqm,Hqm,mA,LQSjDSsyiD,fJHMyUy,Hqm,Hqm,fJHMyUy,mA,fJHMyUy,mA,LQSjDSsyiD,LQSjDSsyiD,LQSjDSsyiD,mA,Hqm,Hqm
Hqm
Hqm
Hqm
Hqm
Hqm,fJHMyUy,Hqm,LQSjDSsyiD,Hqm,mA,fJHMyUy,mA,LQSjDSsyiD,mA
Hqm,Hqm,LQSjDSsyiD,Hqm,mA,fJHMyUy,mA,LQSjDSsyiD,mA,mA,LQSjDSsyiD,LQSjDSsyiD
fJHMyUy
Hqm,Hqm,Hqm,mA,mA,LQSjDSsyiD,mA,mA,LQSjDSsyiD,LQSjDSsyiD,LQSjDSsyiD
mA
Hqm,Hqm,Hqm,mA,mA,LQSjDSsyiD,mA,mA,LQSjDSsyiD,LQSjDSsyiD,LQSjDSsyiD,Hqm
Hqm,Hqm,Hqm,mA,mA,LQSjDSsyiD,mA,mA,LQSjDSsyiD,LQSjDSsyiD,LQSjDSsyiD,Hqm
LQSjDSsyiD
LQSjDSsyiD
Hqm,Hqm,mA,mA,LQSjDSsyiD,Hqm,mA,mA,LQSjDSsyiD,LQSjDSsyiD,LQSjDSsyiD,Hqm
Hqm,Hqm,Hqm,mA,mA,LQSjDSsyiD,mA,mA,LQSjDSsyiD,LQSjDSsyiD,LQSjDSsyiD,Hqm
Hqm,Hqm,Hqm,mA,mA,mA,mA,LQSjDSsyiD,LQSjDSsyiD,LQSjDSsyiD,Hqm,Hqm
mA
mA
Hqm,Hqm,Hqm,mA,mA,LQSjDSsyiD,LQSjDSsyiD,LQSjDSsyiD,Hqm,Hqm
Hqm,Hqm,Hqm,mA,mA,LQSjDSsyiD,LQSjDSsyiD,LQSjDSsyiD,Hqm,Hqm
Hqm,Hqm,Hqm,mA,mA,LQSjDSsyiD,LQSjDSsyiD,LQSjDSsyiD,Hqm,Hqm,Hqm
mA
mA
mA
mA
mA
mA
mA
Hqm,Hqm,Hqm,mA,mA,LQSjDSsyiD,mA,mA,LQSjDSsyiD,LQSjDSsyiD,LQSjDSsyiD,Hqm
Hqm,Hqm,Hqm,mA,mA,LQSjDSsyiD,mA,mA,LQSjDSsyiD,LQSjDSsyiD,Hqm,mA,mA,fJHMyUy
mA
LQSjDSsyiD
LQSjDSsyiD
Hqm,mA,mA,Hqm,mA,mA,LQSjDSsyiD,LQSjDSsyiD,Hqm,LQSjDSsyiD,Hqm
Hqm,mA,mA,Hqm,mA,mA,LQSjDSsyiD,LQSjDSsyiD,Hqm,LQSjDSsyiD,Hqm
Hqm,mA,mA,Hqm,mA,mA,LQSjDSsyiD,LQSjDSsyiD,Hqm,LQSjDSsyiD,Hqm
Hqm,mA,mA,Hqm,mA,mA,LQSjDSsyiD,LQSjDSsyiD,Hqm,LQSjDSsyiD,Hqm
Hqm,mA,mA,Hqm,mA,mA,LQSjDSsyiD,LQSjDSsyiD,Hqm,LQSjDSsyiD,Hqm,mA
Hqm,mA,mA,Hqm,mA,mA,LQSjDSsyiD,LQSjDSsyiD,Hqm,LQSjDSsyiD,Hqm,mA
LQSjDSsyiD
Hqm
Hqm
Hqm,mA,mA,Hqm,mA,mA,LQSjDSsyiD,LQSjDSsyiD,Hqm,LQSjDSsyiD,Hqm
LQSjDSsyiD
LQSjDSsyiD
LQSjDSsyiD
Hqm,mA,mA,Hqm,mA,mA,LQSjDSsyiD,Hqm,LQSjDSsyiD,Hqm,mA,fJHMyUy
Hqm,mA,Hqm,mA,mA,LQSjDSsyiD,Hqm,LQSjDSsyiD,Hqm,mA,fJHMyUy
Hqm,mA,Hqm,mA,mA,LQSjDSsyiD,Hqm,LQSjDSsyiD,Hqm,mA,fJHMyUy
Hqm,mA,mA,Hqm,mA,mA,LQSjDSsyiD,Hqm,LQSjDSsyiD,Hqm,mA,fJHMyUy
Hqm,mA,Hqm,mA,mA,LQSjDSsyiD,Hqm,LQSjDSsyiD,mA,Hqm,mA,fJHMyUy,LQSjDSsyiD
Hqm,mA,Hqm,mA,mA,LQSjDSsyiD,Hqm,LQSjDSsyiD,mA,Hqm,mA,fJHMyUy,LQSjDSsyiD,fJHMyUy
LQSjDSsyiD
Hqm,mA,mA,Hqm,mA,mA,LQSjDSsyiD,LQSjDSsyiD,Hqm,LQSjDSsyiD,Hqm
LQSjDSsyiD
LQSjDSsyiD
mA,mA,mA,mA,Hqm,LQSjDSsyiD,Hqm,LQSjDSsyiD,LQSjDSsyiD,Hqm
mA,mA,Hqm,LQSjDSsyiD,Hqm,LQSjDSsyiD,mA,LQSjDSsyiD,Hqm
LQSjDSsyiD
mA,Hqm,LQSjDSsyiD,Hqm,LQSjDSsyiD,mA,LQSjDSsyiD,Hqm,Hqm
mA,Hqm,LQSjDSsyiD,Hqm,LQSjDSsyiD,mA,LQSjDSsyiD,Hqm,Hqm
mA,Hqm,LQSjDSsyiD,Hqm,LQSjDSsyiD,mA,LQSjDSsyiD,Hqm,Hqm
mA,Hqm,LQSjDSsyiD,Hqm,LQSjDSsyiD,mA,LQSjDSsyiD,Hqm,Hqm,LQSjDSsyiD
mA,Hqm,Hqm,LQSjDSsyiD,mA,LQSjDSsyiD,LQSjDSsyiD,Hqm,Hqm,LQSjDSsyiD
mA,LQSjDSsyiD,Hqm,LQSjDSsyiD,mA,LQSjDSsyiD,Hqm,Hqm
mA,Hqm,LQSjDSsyiD,Hqm,LQSjDSsyiD,mA,LQSjDSsyiD,Hqm,Hqm,mA
LQSjDSsyiD,LQSjDSsyiD,mA,fJHMyUy,LQSjDSsyiD,Hqm,Hqm,Hqm,LQSjDSsyiD,mA
fJHMyUy
Hqm,Hqm,LQSjDSsyiD,fJHMyUy,LQSjDSsyiD,Hqm,Hqm,LQSjDSsyiD,fJHMyUy
Hqm,Hqm,mA,LQSjDSsyiD,fJHMyUy,LQSjDSsyiD,Hqm,Hqm,LQSjDSsyiD,fJHMyUy
LQSjDSsyiD
Hqm,LQSjDSsyiD,Hqm,LQSjDSsyiD,mA,LQSjDSsyiD,Hqm,Hqm,mA
LQSjDSsyiD
mA
mA
mA
Hqm
Hqm,LQSjDSsyiD,mA,LQSjDSsyiD,mA,Hqm,Hqm,Hqm,fJHMyUy,Hqm,Hqm,fJHMyUy
Hqm
Hqm,LQSjDSsyiD,mA,LQSjDSsyiD,mA,Hqm,Hqm,Hqm,fJHMyUy,Hqm,Hqm,fJHMyUy,mA
Hqm
Hqm
Hqm,LQSjDSsyiD,mA,LQSjDSsyiD,mA,Hqm,Hqm,Hqm,fJHMyUy,Hqm,Hqm,fJHMyUy,mA,Hqm
mA,Hqm,LQSjDSsyiD,Hqm,LQSjDSsyiD,mA,LQSjDSsyiD,Hqm,Hqm
LQSjDSsyiD
mA,Hqm,Hqm,LQSjDSsyiD,mA,LQSjDSsyiD,Hqm,Hqm
LQSjDSsyiD
mA,Hqm,LQSjDSsyiD,Hqm,LQSjDSsyiD,mA,LQSjDSsyiD,Hqm,Hqm,Hqm
LQSjDSsyiD
mA,Hqm,Hqm,LQSjDSsyiD,mA,LQSjDSsyiD,LQSjDSsyiD,Hqm,Hqm,mA,fJHMyUy,mA
LQSjDSsyiD
Hqm,LQSjDSsyiD,LQSjDSsyiD,LQSjDSsyiD,mA,mA,fJHMyUy,Hqm,Hqm,mA,mA,mA,Hqm
LQSjDSsyiD
Hqm,LQSjDSsyiD,LQSjDSsyiD,LQSjDSsyiD,fJHMyUy,mA,mA,Hqm,Hqm,mA,mA,mA,Hqm,fJHMyUy
Hqm,LQSjDSsyiD,LQSjDSsyiD,LQSjDSsyiD,mA,mA,fJHMyUy,Hqm,Hqm,mA,mA,mA,Hqm,fJHMyUy
Hqm,LQSjDSsyiD,mA,mA,fJHMyUy,Hqm,Hqm,mA,mA,mA,Hqm
Jedi Wagner, assuma o comando!