Toque! Toque, Dijê!
[vazia]
[vazia]
Toque! Toque, Dijê!
Toque! Toque, Dijê!
[vazia]
cMtAvKx
cMtAvKx
PoWDNr
cMtAvKx,PoWDNr,Sps
cMtAvKx,PoWDNr,Sps,sqahsytK
PoWDNr
cMtAvKx,PoWDNr,Sps,sqahsytK,OIJn
PoWDNr
PoWDNr
cMtAvKx,PoWDNr,sqahsytK,OIJn,YutIZgo
PoWDNr
PoWDNr
cMtAvKx
cMtAvKx,PBJT
cMtAvKx
cMtAvKx,PoWDNr
cMtAvKx
cMtAvKx,PoWDNr
cMtAvKx
cMtAvKx,PoWDNr,OIJn,OIJn
cMtAvKx,PoWDNr,OIJn,OIJn
PoWDNr
PoWDNr
PoWDNr
PoWDNr,OIJn,OIJn
PoWDNr,OIJn,OIJn,OIJn
PoWDNr,OIJn,OIJn,OIJn
cMtAvKx
cMtAvKx,xQdWueTHKx
PoWDNr
cMtAvKx,PoWDNr,Sps,xQdWueTHKx
cMtAvKx,PoWDNr,Sps,xQdWueTHKx
PoWDNr
cMtAvKx,PoWDNr,Sps,sqahsytK,OIJn
cMtAvKx,PoWDNr,Sps,sqahsytK
cMtAvKx,PoWDNr,Sps,sqahsytK
PoWDNr
cMtAvKx,PoWDNr,Sps,sqahsytK
cMtAvKx
PoWDNr
PoWDNr,cMtAvKx,xQdWueTHKx,xQdWueTHKx,YutIZgo,Mwj,Sps
PoWDNr,cMtAvKx
PoWDNr,cMtAvKx
PoWDNr
PoWDNr
PoWDNr,cMtAvKx
PoWDNr,cMtAvKx
PoWDNr
PoWDNr
PoWDNr,cMtAvKx
PoWDNr,cMtAvKx
Toque! Toque, Dijê!
Toque! Toque, Dijê!
[vazia]
Toque! Toque, Dijê!
Toque! Toque, Dijê!
[vazia]
PoWDNr
PoWDNr,cMtAvKx
PoWDNr
PoWDNr
PoWDNr,cMtAvKx,PoWDNr,xQdWueTHKx
PoWDNr
PoWDNr
PoWDNr,cMtAvKx,PoWDNr,xQdWueTHKx
PoWDNr,cMtAvKx,PoWDNr,xQdWueTHKx
PoWDNr,cMtAvKx,PoWDNr,xQdWueTHKx
PoWDNr,cMtAvKx,PoWDNr,xQdWueTHKx
PoWDNr,cMtAvKx,PoWDNr,xQdWueTHKx
PoWDNr,cMtAvKx,PoWDNr,xQdWueTHKx
PoWDNr,cMtAvKx,PoWDNr,xQdWueTHKx
cMtAvKx
PoWDNr
PoWDNr,PoWDNr,xQdWueTHKx,Mwj
PoWDNr,PoWDNr,xQdWueTHKx,Mwj
PoWDNr
PoWDNr,cMtAvKx,PoWDNr,xQdWueTHKx
PoWDNr,cMtAvKx,PoWDNr,xQdWueTHKx
PoWDNr,cMtAvKx,PoWDNr,xQdWueTHKx,Mwj
PoWDNr,cMtAvKx,PoWDNr,xQdWueTHKx,Mwj
PoWDNr,cMtAvKx,PoWDNr,xQdWueTHKx,Mwj
PoWDNr,cMtAvKx,PoWDNr,xQdWueTHKx,Mwj,sqahsytK,YutIZgo
Mwj
PoWDNr,cMtAvKx,PoWDNr,xQdWueTHKx,Mwj,sqahsytK,YutIZgo
Mwj
Mwj
sqahsytK
PoWDNr,cMtAvKx,PoWDNr,xQdWueTHKx,Mwj,sqahsytK,YutIZgo,xQdWueTHKx,OIJn
PoWDNr,cMtAvKx,PoWDNr,xQdWueTHKx,Mwj,sqahsytK,YutIZgo,xQdWueTHKx,OIJn
PoWDNr,cMtAvKx,PoWDNr,xQdWueTHKx,Mwj,sqahsytK,YutIZgo,xQdWueTHKx,OIJn
OIJn
PoWDNr,cMtAvKx,PoWDNr,Mwj,YutIZgo,xQdWueTHKx,OIJn,sqahsytK
PoWDNr,cMtAvKx,PoWDNr,Mwj,YutIZgo,xQdWueTHKx,OIJn,sqahsytK
cMtAvKx
PoWDNr,cMtAvKx,PoWDNr,Mwj,YutIZgo,xQdWueTHKx,OIJn,sqahsytK
PoWDNr,cMtAvKx,PoWDNr,Mwj,YutIZgo,xQdWueTHKx,OIJn,sqahsytK
PoWDNr
PoWDNr,cMtAvKx,PoWDNr,Mwj,YutIZgo,xQdWueTHKx,OIJn,Sps,l
PoWDNr,cMtAvKx,PoWDNr,Mwj,YutIZgo,xQdWueTHKx,OIJn,Sps,l
PoWDNr,cMtAvKx,PoWDNr,Mwj,YutIZgo,xQdWueTHKx,OIJn,Sps,l
PoWDNr,cMtAvKx,PoWDNr,Mwj,sqahsytK,Sps,YutIZgo,xQdWueTHKx,OIJn,l
sqahsytK
OIJn
PoWDNr,cMtAvKx,PoWDNr,Mwj,OIJn,sqahsytK,Sps,YutIZgo,xQdWueTHKx,l,PoWDNr
PoWDNr,cMtAvKx,PoWDNr,Mwj,OIJn,sqahsytK,Sps,YutIZgo,xQdWueTHKx,l,PoWDNr
OIJn
PoWDNr
PoWDNr
PoWDNr
Sps
Sps
sqahsytK
sqahsytK
PoWDNr,cMtAvKx,PoWDNr,xQdWueTHKx,OIJn,sqahsytK
PoWDNr,cMtAvKx,PoWDNr,xQdWueTHKx,OIJn,sqahsytK,sqahsytK
PoWDNr,cMtAvKx,PoWDNr,xQdWueTHKx,OIJn,sqahsytK,sqahsytK
PoWDNr,cMtAvKx,PoWDNr,xQdWueTHKx,OIJn,sqahsytK,cMtAvKx
PoWDNr,cMtAvKx,PoWDNr,xQdWueTHKx,OIJn,sqahsytK,cMtAvKx
cMtAvKx
PoWDNr,cMtAvKx,PoWDNr,xQdWueTHKx,OIJn,sqahsytK,cMtAvKx,cMtAvKx
cMtAvKx
cMtAvKx
cMtAvKx
cMtAvKx
xQdWueTHKx
PoWDNr,xQdWueTHKx,PoWDNr,OIJn,cMtAvKx,Mwj
PoWDNr,cMtAvKx,PoWDNr,xQdWueTHKx,OIJn,sqahsytK,cMtAvKx
PoWDNr,cMtAvKx,PoWDNr,xQdWueTHKx,OIJn,cMtAvKx,cMtAvKx
PoWDNr,cMtAvKx,PoWDNr,xQdWueTHKx,OIJn,cMtAvKx,cMtAvKx
PoWDNr,cMtAvKx,PoWDNr,xQdWueTHKx,OIJn,cMtAvKx,cMtAvKx
PoWDNr
PoWDNr
PoWDNr,PoWDNr,cMtAvKx,xQdWueTHKx,OIJn,cMtAvKx,cMtAvKx
PoWDNr
PoWDNr,PoWDNr,cMtAvKx,xQdWueTHKx,OIJn,cMtAvKx,cMtAvKx,OIJn
PoWDNr,cMtAvKx,PoWDNr,xQdWueTHKx,OIJn,cMtAvKx
PoWDNr
PoWDNr
PoWDNr
cMtAvKx,PoWDNr,PoWDNr,xQdWueTHKx,OIJn,cMtAvKx,cMtAvKx,PoWDNr
cMtAvKx,PoWDNr,PoWDNr,xQdWueTHKx,OIJn,cMtAvKx,cMtAvKx,PoWDNr
cMtAvKx,PoWDNr,PoWDNr,xQdWueTHKx,OIJn,cMtAvKx,cMtAvKx,PoWDNr,l
cMtAvKx,PoWDNr,PoWDNr,l,xQdWueTHKx,OIJn,cMtAvKx,cMtAvKx,PoWDNr
cMtAvKx,PoWDNr,PoWDNr,xQdWueTHKx,OIJn,cMtAvKx,cMtAvKx,PoWDNr
cMtAvKx
cMtAvKx,PoWDNr,PoWDNr,xQdWueTHKx,OIJn,cMtAvKx,cMtAvKx,PoWDNr,Mwj,PoWDNr
cMtAvKx,PoWDNr,xQdWueTHKx,cMtAvKx,OIJn,cMtAvKx,PoWDNr,Mwj
OIJn
cMtAvKx,PoWDNr,PoWDNr,xQdWueTHKx,OIJn,cMtAvKx,cMtAvKx,PoWDNr,Mwj
cMtAvKx,PoWDNr,PoWDNr,xQdWueTHKx,cMtAvKx,cMtAvKx,PoWDNr,Mwj,YutIZgo,Sps,PoWDNr
cMtAvKx,PoWDNr,xQdWueTHKx,cMtAvKx,cMtAvKx,PoWDNr,Mwj,YutIZgo,Sps,PoWDNr,Sps
cMtAvKx
cMtAvKx,PoWDNr,xQdWueTHKx,cMtAvKx,cMtAvKx,PoWDNr,Mwj,Sps,PoWDNr,Sps
cMtAvKx,PoWDNr,xQdWueTHKx,cMtAvKx,cMtAvKx,PoWDNr,Mwj,Sps,PoWDNr,Sps
cMtAvKx
xQdWueTHKx
PoWDNr
PoWDNr
PoWDNr
PoWDNr
xQdWueTHKx,PoWDNr,cMtAvKx,cMtAvKx,PoWDNr,Mwj,Sps,PoWDNr,Sps,l
xQdWueTHKx,PoWDNr,cMtAvKx,cMtAvKx,PoWDNr,Mwj,Sps,PoWDNr,Sps,l
cMtAvKx
xQdWueTHKx,PoWDNr,cMtAvKx,cMtAvKx,PoWDNr,Mwj,Sps,PoWDNr,Sps,l
cMtAvKx
xQdWueTHKx,PoWDNr,cMtAvKx,cMtAvKx,PoWDNr,PoWDNr,Sps,l,PBJT,YutIZgo
xQdWueTHKx,PoWDNr,cMtAvKx,cMtAvKx,PoWDNr,Mwj,Sps,PoWDNr,Sps,l
xQdWueTHKx,PoWDNr,cMtAvKx,cMtAvKx,PoWDNr,Mwj,Sps,PoWDNr,Sps,l
cMtAvKx
xQdWueTHKx,PoWDNr,cMtAvKx,cMtAvKx,PoWDNr,Mwj,Sps,PoWDNr,Sps,l
cMtAvKx
cMtAvKx
cMtAvKx
cMtAvKx
cMtAvKx
xQdWueTHKx,cMtAvKx,cMtAvKx,PoWDNr,Mwj,PoWDNr,Sps,l
Mwj
Mwj
xQdWueTHKx,cMtAvKx,cMtAvKx,Mwj,PoWDNr,PoWDNr,Sps,l,sqahsytK
Mwj
Mwj
Mwj
xQdWueTHKx,cMtAvKx,PoWDNr,Mwj,cMtAvKx,PoWDNr,Sps,l,Sps
xQdWueTHKx,cMtAvKx,cMtAvKx,PoWDNr,Mwj,Sps,PoWDNr,l
xQdWueTHKx,cMtAvKx,cMtAvKx,PoWDNr,Mwj,Sps,PoWDNr,l
xQdWueTHKx,cMtAvKx,cMtAvKx,PoWDNr,Mwj,Sps,PoWDNr,l
Jedi Wagner, assuma o comando!