Toque! Toque, Dijê!
Toque! Toque, Dijê!
Mfrh
Mfrh
Mfrh
Mfrh
Toque! Toque, Dijê!
u
u
MwPQU
MwPQU
MwPQU
MwPQU
MwPQU
MwPQU
MwPQU,tWdWtV
MwPQU,tWdWtV,VOH,Mfrh,VOH
MwPQU,tWdWtV,VOH,Mfrh,VOH
MwPQU,tWdWtV,VOH,Mfrh,VOH,tWdWtV
tWdWtV
MwPQU,tWdWtV
tWdWtV
tWdWtV
MwPQU,tWdWtV
tWdWtV
tWdWtV
tWdWtV
tWdWtV
MwPQU,tWdWtV
MwPQU,tWdWtV
MwPQU,tWdWtV,tWdWtV
MwPQU,tWdWtV,tWdWtV
tWdWtV
tWdWtV,tWdWtV,VHhkTioD,VHhkTioD
tWdWtV,tWdWtV,VHhkTioD,VHhkTioD,VHhkTioD
MwPQU,tWdWtV
MwPQU,tWdWtV
Mfrh
tWdWtV,Mfrh,leLc
tWdWtV,Mfrh,leLc,MwPQU,RMbedFWZuH
tWdWtV,Mfrh
tWdWtV,Mfrh,leLc,RMbedFWZuH
leLc
tWdWtV,Mfrh,RMbedFWZuH,leLc,Mfrh,EsZxwdx,EsZxwdx
leLc
RMbedFWZuH
RMbedFWZuH
tWdWtV,Mfrh,leLc,RMbedFWZuH,Mfrh,EsZxwdx,EsZxwdx
RMbedFWZuH
RMbedFWZuH
Mfrh,leLc,RMbedFWZuH,Mfrh,EsZxwdx,EsZxwdx
Mfrh
Mfrh,Mfrh,leLc,EsZxwdx,VHhkTioD,w,VHhkTioD
leLc
Mfrh,Mfrh,EsZxwdx,leLc,VHhkTioD,w,VHhkTioD,u,Mfrh
Mfrh,Mfrh,leLc,VHhkTioD,w,VHhkTioD,u,Mfrh
VHhkTioD
Mfrh,Mfrh,VHhkTioD,leLc,w,VHhkTioD,u,Mfrh,tWdWtV
VHhkTioD
VHhkTioD
Mfrh,VHhkTioD,Mfrh,leLc,w,VHhkTioD,u,Mfrh,tWdWtV,RMbedFWZuH,u
Mfrh,VHhkTioD,Mfrh,leLc,w,VHhkTioD,u,Mfrh,tWdWtV,RMbedFWZuH,u,leLc
VHhkTioD
VHhkTioD
VHhkTioD
VHhkTioD
Mfrh,w,VHhkTioD,VHhkTioD,u,leLc,Mfrh,RMbedFWZuH,u,leLc,RMbedFWZuH,tWdWtV,EsZxwdx,VHhkTioD
Mfrh,w,VHhkTioD,VHhkTioD,u,leLc,Mfrh,RMbedFWZuH,u,leLc,RMbedFWZuH,EsZxwdx,VHhkTioD
w,VHhkTioD,leLc,VHhkTioD,u,Mfrh,RMbedFWZuH,u,leLc,RMbedFWZuH,tWdWtV,EsZxwdx,VHhkTioD,VOH
Mfrh,w,VHhkTioD,leLc,VHhkTioD,u,Mfrh,RMbedFWZuH,u,leLc,RMbedFWZuH,tWdWtV,EsZxwdx,VHhkTioD,tWdWtV
Mfrh,w,VHhkTioD,leLc,VHhkTioD,u,Mfrh,RMbedFWZuH,u,leLc,RMbedFWZuH,tWdWtV,EsZxwdx,VHhkTioD,tWdWtV,EsZxwdx
Mfrh,w,VHhkTioD,leLc,VHhkTioD,u,Mfrh,RMbedFWZuH,u,leLc,RMbedFWZuH,tWdWtV,VHhkTioD
Mfrh,w,VHhkTioD,leLc,VHhkTioD,u,Mfrh,RMbedFWZuH,u,leLc,RMbedFWZuH,tWdWtV,EsZxwdx,VHhkTioD
Mfrh,w,VHhkTioD,leLc,VHhkTioD,u,Mfrh,RMbedFWZuH,u,leLc,RMbedFWZuH,tWdWtV,EsZxwdx,VHhkTioD
Mfrh,w,VHhkTioD,leLc,VHhkTioD,u,Mfrh,RMbedFWZuH,u,leLc,RMbedFWZuH,tWdWtV,EsZxwdx,VHhkTioD
Mfrh,w,VHhkTioD,leLc,VHhkTioD,u,Mfrh,RMbedFWZuH,u,leLc,RMbedFWZuH,tWdWtV,EsZxwdx,VHhkTioD
Mfrh,w,VHhkTioD,VHhkTioD,u,tWdWtV,Mfrh,RMbedFWZuH,u,leLc,RMbedFWZuH,EsZxwdx,VHhkTioD
tWdWtV
Mfrh,w,VHhkTioD,VHhkTioD,u,tWdWtV,Mfrh,RMbedFWZuH,u,leLc,RMbedFWZuH,EsZxwdx,VHhkTioD
u
RMbedFWZuH
RMbedFWZuH
Mfrh,w,VHhkTioD,u,tWdWtV,Mfrh,RMbedFWZuH,u,leLc,RMbedFWZuH,VHhkTioD,EsZxwdx,VHhkTioD
Mfrh,w,VHhkTioD,u,tWdWtV,Mfrh,RMbedFWZuH,u,leLc,RMbedFWZuH,VHhkTioD,EsZxwdx,VHhkTioD
Mfrh,w,VHhkTioD,u,tWdWtV,Mfrh,RMbedFWZuH,u,leLc,RMbedFWZuH,VHhkTioD,EsZxwdx,VHhkTioD
RMbedFWZuH
Mfrh,VHhkTioD,u,tWdWtV,Mfrh,RMbedFWZuH,u,leLc,RMbedFWZuH,VHhkTioD,EsZxwdx,VHhkTioD
Mfrh,VHhkTioD,u,tWdWtV,Mfrh,RMbedFWZuH,u,leLc,RMbedFWZuH,VHhkTioD,EsZxwdx,VHhkTioD
Mfrh,Mfrh,RMbedFWZuH,u,leLc,RMbedFWZuH,VHhkTioD,tWdWtV,EsZxwdx,VHhkTioD,w
Mfrh,VHhkTioD,Mfrh,RMbedFWZuH,u,leLc,RMbedFWZuH,VHhkTioD,tWdWtV,EsZxwdx,VHhkTioD,w
VHhkTioD
Mfrh,VHhkTioD,u,Mfrh,RMbedFWZuH,u,leLc,RMbedFWZuH,VHhkTioD,tWdWtV,EsZxwdx,VHhkTioD,w
RMbedFWZuH
Mfrh,VHhkTioD,u,Mfrh,u,leLc,RMbedFWZuH,VHhkTioD,RMbedFWZuH,tWdWtV,EsZxwdx,VHhkTioD,w
tWdWtV
tWdWtV
RMbedFWZuH
EsZxwdx
EsZxwdx
EsZxwdx
EsZxwdx
VHhkTioD
Mfrh,u,Mfrh,u,leLc,RMbedFWZuH,VHhkTioD,RMbedFWZuH,EsZxwdx,tWdWtV,VHhkTioD,w,VHhkTioD
tWdWtV
tWdWtV
Mfrh,u,Mfrh,u,RMbedFWZuH,VHhkTioD,RMbedFWZuH,EsZxwdx,tWdWtV,VHhkTioD,w,VHhkTioD
Mfrh,u,Mfrh,u,RMbedFWZuH,VHhkTioD,RMbedFWZuH,EsZxwdx,tWdWtV,VHhkTioD,w,VHhkTioD,EsZxwdx,leLc
Mfrh,Mfrh,u,RMbedFWZuH,VHhkTioD,RMbedFWZuH,EsZxwdx,tWdWtV,VHhkTioD,w,u,VHhkTioD,EsZxwdx,leLc,RMbedFWZuH,EsZxwdx
Mfrh,Mfrh,u,RMbedFWZuH,RMbedFWZuH,EsZxwdx,tWdWtV,VHhkTioD,w,VHhkTioD,VHhkTioD,EsZxwdx,leLc,RMbedFWZuH
Mfrh,Mfrh,RMbedFWZuH,RMbedFWZuH,EsZxwdx,VHhkTioD,w,u,tWdWtV,VHhkTioD,VHhkTioD,EsZxwdx,RMbedFWZuH,EsZxwdx,leLc
Mfrh,Mfrh,RMbedFWZuH,RMbedFWZuH,EsZxwdx,VHhkTioD,w,u,tWdWtV,VHhkTioD,VHhkTioD,EsZxwdx,RMbedFWZuH,EsZxwdx,leLc
Mfrh,Mfrh,RMbedFWZuH,RMbedFWZuH,EsZxwdx,VHhkTioD,w,u,tWdWtV,VHhkTioD,VHhkTioD,EsZxwdx,RMbedFWZuH,EsZxwdx,leLc
Mfrh,RMbedFWZuH,RMbedFWZuH,EsZxwdx,VHhkTioD,w,u,tWdWtV,VHhkTioD,VHhkTioD,EsZxwdx,RMbedFWZuH,EsZxwdx,leLc
Mfrh,RMbedFWZuH,RMbedFWZuH,EsZxwdx,VHhkTioD,w,u,tWdWtV,VHhkTioD,VHhkTioD,EsZxwdx,RMbedFWZuH,EsZxwdx,leLc
u
u
tWdWtV
Mfrh,Mfrh,RMbedFWZuH,VHhkTioD,RMbedFWZuH,EsZxwdx,VHhkTioD,w,u,tWdWtV,VHhkTioD,EsZxwdx,leLc,RMbedFWZuH
tWdWtV
VHhkTioD
Mfrh,Mfrh,VHhkTioD,RMbedFWZuH,EsZxwdx,VHhkTioD,w,u,VHhkTioD,EsZxwdx,leLc,RMbedFWZuH,w
VHhkTioD
Mfrh,Mfrh,VHhkTioD,RMbedFWZuH,EsZxwdx,VHhkTioD,w,u,tWdWtV,VHhkTioD,EsZxwdx,leLc,RMbedFWZuH
VHhkTioD
VHhkTioD
Mfrh,Mfrh,RMbedFWZuH,EsZxwdx,VHhkTioD,w,u,tWdWtV,VHhkTioD,VHhkTioD,EsZxwdx,leLc,RMbedFWZuH
VHhkTioD
VHhkTioD
VHhkTioD
Mfrh,Mfrh,RMbedFWZuH,EsZxwdx,w,u,VHhkTioD,VHhkTioD,EsZxwdx,leLc,RMbedFWZuH,VHhkTioD
VHhkTioD
Mfrh,Mfrh,RMbedFWZuH,EsZxwdx,w,u,VHhkTioD,VHhkTioD,EsZxwdx,leLc,RMbedFWZuH,VHhkTioD
Mfrh,Mfrh,RMbedFWZuH,EsZxwdx,w,VHhkTioD,u,VHhkTioD,EsZxwdx,leLc,RMbedFWZuH,VHhkTioD
Mfrh,Mfrh,EsZxwdx,w,u,VHhkTioD,RMbedFWZuH,VHhkTioD,EsZxwdx,leLc,RMbedFWZuH,VHhkTioD
Mfrh,Mfrh,EsZxwdx,u,VHhkTioD,RMbedFWZuH,VHhkTioD,EsZxwdx,leLc,RMbedFWZuH,VHhkTioD
Mfrh,Mfrh,VHhkTioD,RMbedFWZuH,EsZxwdx,VHhkTioD,w,u,tWdWtV,VHhkTioD,EsZxwdx,leLc,RMbedFWZuH
Mfrh,Mfrh,VHhkTioD,RMbedFWZuH,EsZxwdx,VHhkTioD,w,u,tWdWtV,VHhkTioD,EsZxwdx,leLc,RMbedFWZuH
Mfrh,Mfrh,EsZxwdx,VHhkTioD,w,u,tWdWtV,VHhkTioD,EsZxwdx,leLc,RMbedFWZuH,VHhkTioD,RMbedFWZuH,tWdWtV
Mfrh,Mfrh,EsZxwdx,VHhkTioD,w,u,tWdWtV,VHhkTioD,EsZxwdx,leLc,RMbedFWZuH,VHhkTioD,RMbedFWZuH,tWdWtV
Mfrh,Mfrh,EsZxwdx,VHhkTioD,u,tWdWtV,VHhkTioD,EsZxwdx,RMbedFWZuH,w,VHhkTioD,RMbedFWZuH,tWdWtV,tWdWtV,u
w
Mfrh,Mfrh,EsZxwdx,VHhkTioD,u,tWdWtV,VHhkTioD,EsZxwdx,RMbedFWZuH,w,VHhkTioD,tWdWtV,tWdWtV,u,u
Mfrh,Mfrh,EsZxwdx,VHhkTioD,u,tWdWtV,VHhkTioD,EsZxwdx,RMbedFWZuH,w,VHhkTioD,tWdWtV,tWdWtV,u,u
tWdWtV
tWdWtV
Mfrh,Mfrh,VHhkTioD,EsZxwdx,VHhkTioD,u,tWdWtV,VHhkTioD,EsZxwdx,leLc,RMbedFWZuH,RMbedFWZuH,tWdWtV
tWdWtV
tWdWtV
Mfrh,Mfrh,VHhkTioD,EsZxwdx,VHhkTioD,tWdWtV,VHhkTioD,EsZxwdx,leLc,RMbedFWZuH,RMbedFWZuH,tWdWtV,u,Mfrh
tWdWtV
tWdWtV
Mfrh,Mfrh,VHhkTioD,tWdWtV,VHhkTioD,EsZxwdx,leLc,RMbedFWZuH,RMbedFWZuH,tWdWtV,VHhkTioD,EsZxwdx,u,Mfrh
Mfrh,Mfrh,VHhkTioD,tWdWtV,VHhkTioD,EsZxwdx,leLc,RMbedFWZuH,RMbedFWZuH,tWdWtV,VHhkTioD,EsZxwdx,u,Mfrh
EsZxwdx
EsZxwdx
Mfrh,Mfrh,VHhkTioD,VHhkTioD,u,tWdWtV,VHhkTioD,leLc,RMbedFWZuH,RMbedFWZuH,tWdWtV,EsZxwdx,MwPQU,u,u
Mfrh,Mfrh,VHhkTioD,u,VHhkTioD,leLc,RMbedFWZuH,RMbedFWZuH,tWdWtV,EsZxwdx,u,u,Mfrh
Mfrh,Mfrh,VHhkTioD,u,VHhkTioD,leLc,RMbedFWZuH,RMbedFWZuH,tWdWtV,EsZxwdx,u,u,Mfrh
Mfrh,VHhkTioD,VHhkTioD,leLc,RMbedFWZuH,tWdWtV,EsZxwdx,u,u,Mfrh,Mfrh
u
Mfrh,VHhkTioD,VHhkTioD,leLc,tWdWtV,EsZxwdx,u,u,Mfrh,Mfrh,Mfrh
Mfrh,VHhkTioD,VHhkTioD,leLc,tWdWtV,EsZxwdx,u,u,Mfrh,Mfrh,Mfrh
Mfrh,Mfrh,VHhkTioD,u,VHhkTioD,leLc,RMbedFWZuH,RMbedFWZuH,tWdWtV,EsZxwdx,u,u,Mfrh
Mfrh,Mfrh,VHhkTioD,u,VHhkTioD,RMbedFWZuH,RMbedFWZuH,tWdWtV,u,u,leLc,Mfrh,tWdWtV,VOH
Mfrh,Mfrh,VHhkTioD,u,VHhkTioD,RMbedFWZuH,RMbedFWZuH,tWdWtV,u,u,leLc,Mfrh,tWdWtV,VOH
Mfrh,Mfrh,VHhkTioD,u,VHhkTioD,RMbedFWZuH,RMbedFWZuH,tWdWtV,u,u,leLc,Mfrh,tWdWtV,VOH
tWdWtV
Mfrh
Mfrh,Mfrh,VHhkTioD,VHhkTioD,u,u,leLc,tWdWtV,u,Mfrh,tWdWtV,VOH,EsZxwdx,u,MwPQU,Mfrh
Mfrh,Mfrh,VHhkTioD,VHhkTioD,u,leLc,tWdWtV,u,Mfrh,tWdWtV,VOH,EsZxwdx,u,MwPQU,Mfrh
Mfrh
Mfrh
VHhkTioD,VHhkTioD,u,leLc,tWdWtV,u,Mfrh,Mfrh,Mfrh,tWdWtV,VOH,EsZxwdx,u,MwPQU,Mfrh,EsZxwdx,VHhkTioD,VOH
VHhkTioD,VHhkTioD,u,leLc,tWdWtV,u,Mfrh,Mfrh,Mfrh,tWdWtV,VOH,EsZxwdx,u,MwPQU,Mfrh,EsZxwdx,VHhkTioD,VOH
Mfrh
VHhkTioD,VHhkTioD,u,leLc,tWdWtV,u,Mfrh,Mfrh,Mfrh,tWdWtV,VOH,EsZxwdx,u,MwPQU,Mfrh,EsZxwdx,VHhkTioD,VOH
Mfrh
VHhkTioD,VHhkTioD,u,leLc,tWdWtV,u,Mfrh,Mfrh,Mfrh,tWdWtV,VOH,EsZxwdx,u,MwPQU,Mfrh,EsZxwdx,VHhkTioD,VOH
Mfrh
VHhkTioD,VHhkTioD,u,leLc,u,Mfrh,Mfrh,Mfrh,tWdWtV,VOH,EsZxwdx,u,MwPQU,Mfrh,EsZxwdx,VHhkTioD,VOH
VHhkTioD,VHhkTioD,u,leLc,u,Mfrh,Mfrh,Mfrh,tWdWtV,VOH,EsZxwdx,u,Mfrh,EsZxwdx,VHhkTioD,VOH,Mfrh,tWdWtV
Mfrh
VHhkTioD,VHhkTioD,u,leLc,u,Mfrh,Mfrh,Mfrh,tWdWtV,VOH,u,Mfrh,EsZxwdx,VHhkTioD,VOH,Mfrh,tWdWtV
Mfrh
VHhkTioD,VHhkTioD,u,leLc,u,Mfrh,Mfrh,Mfrh,tWdWtV,VOH,u,MwPQU,Mfrh,EsZxwdx,VHhkTioD,VOH
Mfrh
EsZxwdx
tWdWtV
tWdWtV
Mfrh
Mfrh
VHhkTioD,VHhkTioD,u,leLc,u,Mfrh,Mfrh,tWdWtV,Mfrh,VOH,EsZxwdx,u,MwPQU,Mfrh,EsZxwdx,VHhkTioD,VOH
Mfrh
VHhkTioD,VHhkTioD,u,leLc,u,Mfrh,Mfrh,Mfrh,tWdWtV,VOH,EsZxwdx,u,MwPQU,Mfrh,EsZxwdx,VHhkTioD,VOH
Mfrh
VHhkTioD,VHhkTioD,u,leLc,u,Mfrh,Mfrh,Mfrh,tWdWtV,VOH,EsZxwdx,u,MwPQU,Mfrh,EsZxwdx,VHhkTioD,VOH,RMbedFWZuH
Mfrh
tWdWtV
VHhkTioD,VHhkTioD,u,leLc,u,Mfrh,Mfrh,Mfrh,tWdWtV,VOH,EsZxwdx,u,MwPQU,Mfrh,EsZxwdx,VHhkTioD,VOH,VHhkTioD
tWdWtV
VHhkTioD,VHhkTioD,u,leLc,u,Mfrh,Mfrh,Mfrh,tWdWtV,VOH,EsZxwdx,u,MwPQU,Mfrh,EsZxwdx,VHhkTioD,VOH
tWdWtV
tWdWtV
VHhkTioD,VHhkTioD,u,leLc,u,Mfrh,Mfrh,tWdWtV,VOH,EsZxwdx,u,MwPQU,Mfrh,EsZxwdx,VHhkTioD,VOH
VHhkTioD,VHhkTioD,u,leLc,u,Mfrh,Mfrh,Mfrh,tWdWtV,VOH,EsZxwdx,u,MwPQU,Mfrh,EsZxwdx,VHhkTioD,VOH
tWdWtV
VHhkTioD,VHhkTioD,u,leLc,u,Mfrh,Mfrh,tWdWtV,Mfrh,VOH,EsZxwdx,u,MwPQU,Mfrh,EsZxwdx,VHhkTioD,VOH
Jedi Wagner, assuma o comando!