lw
lw
phuS,phuS,lw
phuS
phuS
phuS
phuS,phuS,lw
phuS
phuS
phuS,phuS,phuS
phuS,phuS,phuS
phuS,phuS,phuS
phuS
lw,phuS
phuS
phuS
phuS,phuS
phuS,phuS
phuS,phuS
phuS
phuS
phuS
phuS,phuS,iLwXv,K
phuS,iLwXv,K
phuS
phuS,phuS
phuS
phuS
phuS,lw,K
phuS,lw,K
lw
lw
phuS,lw,K
phuS,lw,K,K,phuS
phuS,lw,K,K,phuS,iLwXv
lw
phuS,lw,K,K,phuS,iLwXv
lw
lw
lw
phuS,K,lw,iLwXv
lw
K
K
K
phuS,iLwXv
lw
lw
iLwXv
iLwXv,K
K
K
iLwXv,K
K
K
K
K
iLwXv
K
iLwXv,K
K,iLwXv,K
iLwXv
K,iLwXv,K
iLwXv
K,iLwXv,K
iLwXv
K,iLwXv
K,iLwXv
iLwXv
iLwXv
iLwXv,K
iLwXv,K
iLwXv
K
iLwXv,K,K
K
K,K
K
K
K
K
K
iLwXv,K,K,K
iLwXv
iLwXv,K,iLwXv
K,iLwXv,iLwXv,phuS
K,iLwXv,iLwXv,phuS
K
K
K,lw,iLwXv,phuS,phuS,K,iLwXv
lw
K,lw,iLwXv,phuS,phuS,K,iLwXv
K,lw,iLwXv,phuS,K,iLwXv
lw
lw
K,lw,iLwXv,phuS,phuS,K
K,lw,iLwXv,phuS,phuS,K,K
K,lw,iLwXv,phuS,K,K,K
iLwXv
iLwXv
K,lw,iLwXv,phuS,K,K,K
K,lw,iLwXv,phuS,K,K,K
K,iLwXv,phuS,K,K,K
K,lw,iLwXv,phuS,K,K,K
K,lw,iLwXv,phuS,K,K,K
K
K
lw,K,iLwXv,phuS,K,K,K,K,phuS
lw,K,phuS,iLwXv,K,K,K,K,phuS,phuS,K
lw,K,phuS,iLwXv,K,K,K,K,phuS,phuS
phuS
phuS
lw,phuS,K,iLwXv,K,K,K,K,phuS,phuS
K
lw,phuS,K,iLwXv,K,K,K,K,phuS,phuS
lw,phuS,K,iLwXv,K,K,K,K,phuS,phuS
lw,phuS,K,iLwXv,K,K,K,K,phuS,phuS
K,phuS,iLwXv,K,K,K,K,phuS,phuS
lw,K,iLwXv,K,K,K,K,phuS,phuS
K
K
K
iLwXv,K,K,K,K,K,phuS,phuS,iLwXv
K
K
iLwXv,K,K,K,K,K,phuS,phuS,iLwXv,phuS
iLwXv,K,K,K,K,K,phuS,phuS,iLwXv,phuS
iLwXv,K,K,K,K,K,phuS,phuS,iLwXv,phuS
K
iLwXv,K,K,K,K,K,phuS,phuS,iLwXv,phuS
iLwXv,K,K,K,K,phuS,K,iLwXv,phuS,iLwXv
iLwXv,K,K,K,K,K,phuS,phuS,iLwXv,phuS
iLwXv,K,K,K,K,K,phuS,phuS,iLwXv,phuS
iLwXv,K,K,K,K,K,phuS,phuS,iLwXv,phuS
K
K
K
iLwXv,K,K,K,K,K,phuS,phuS,iLwXv,phuS,phuS
iLwXv,K,K,K,K,K,phuS,iLwXv,phuS
phuS
iLwXv,K,K,K,K,K,phuS,iLwXv,phuS
phuS
iLwXv,K,K,K,K,K,phuS,iLwXv,phuS,K
phuS
K,K,K,K,K,phuS,iLwXv,phuS,K
K
lw
iLwXv
iLwXv
phuS
phuS
iLwXv
iLwXv
iLwXv,K,K,K,K,K,iLwXv,phuS
iLwXv
iLwXv
K
K,K,K,K,iLwXv,iLwXv,K,K
K
K,K,K,K,iLwXv,iLwXv,K,K,phuS
K
K
K
K,K,K,iLwXv,iLwXv,K,K,phuS,K,K
K
K
K,K,K,K,iLwXv,iLwXv,K,K,phuS
K,K,K,iLwXv,iLwXv,K,K,phuS,phuS,K
K,K,K,iLwXv,iLwXv,K,K,phuS,phuS,K
K
K,K,K,iLwXv,iLwXv,K,K,phuS,phuS
K,K,K,iLwXv,iLwXv,K,K,phuS,phuS
K,K,iLwXv,iLwXv,K,K,phuS,phuS
K,K,iLwXv,iLwXv,K,K,phuS,phuS
K
K
K
K
K,iLwXv,K,K,K,phuS,phuS
K,iLwXv,K,K,K,phuS,phuS
K
K
K
K,K,phuS,iLwXv,K,K,phuS,K,K
phuS
K,K,phuS,iLwXv,K,K,phuS,K,K
phuS
phuS
K,phuS,lw,K,iLwXv,K,K,phuS,K,K,K
phuS
phuS,K,lw,K,iLwXv,K,K,phuS,K,K,K,K
K,K,iLwXv,phuS,K,K,phuS,K,K
K,K,iLwXv,phuS,K,K,phuS,K,K
K,K,iLwXv,phuS,K,K,phuS,K,K
K,phuS,K,iLwXv,K,K,phuS,K,K,K
K,K,iLwXv,K,K,phuS,K,K
Jedi Wagner, assuma o comando!