[vazia]
Toque! Toque, Dijê!
[vazia]
Toque! Toque, Dijê!
Toque! Toque, Dijê!
Toque! Toque, Dijê!
GeIOqq
[vazia]
[vazia]
[vazia]
Toque! Toque, Dijê!
[vazia]
GeIOqq
L
L
L
L
L,VHCo,k,K,k,upeESC
L,VHCo,k,K,k,upeESC,k
Toque! Toque, Dijê!
ixRx
ixRx
ixRx,pTCSw,FRgVTqm,pTCSw
ixRx,pTCSw,FRgVTqm,pTCSw,upeESC
[vazia]
OO
[vazia]
[vazia]
Toque! Toque, Dijê!
Toque! Toque, Dijê!
Toque! Toque, Dijê!
upeESC
upeESC
[vazia]
upeESC
OO,VHCo
OO,VHCo,ixRx
OO
OO,GeIOqq
OO,GeIOqq
Toque! Toque, Dijê!
Toque! Toque, Dijê!
[vazia]
K
K
K
K
Toque! Toque, Dijê!
Toque! Toque, Dijê!
[vazia]
FRgVTqm
K,FRgVTqm
FRgVTqm
K,FRgVTqm,VHCo,pTCSw
FRgVTqm
FRgVTqm
FRgVTqm
K
K,FRgVTqm
K
K,FRgVTqm,FRgVTqm
K,FRgVTqm
OO
K,FRgVTqm,OO
K,FRgVTqm,OO
OO
K,FRgVTqm,OO,pTCSw
OO
K,FRgVTqm,OO
K,upeESC,OO,upeESC
K,upeESC,OO,upeESC
OO
K,FRgVTqm,upeESC,OO,upeESC
OO
K,FRgVTqm,OO,upeESC,K
K,FRgVTqm,OO,K
K,FRgVTqm,OO,K
OO
K,FRgVTqm,OO,K
K,FRgVTqm,OO,K
K
k,K,FRgVTqm,OO,K,VHCo
k
k,K,FRgVTqm,OO,K,VHCo,K,FRgVTqm
k,K,FRgVTqm,OO,K,VHCo,K,FRgVTqm
FRgVTqm
FRgVTqm
FRgVTqm
FRgVTqm
FRgVTqm
FRgVTqm
k
k,FRgVTqm,K,OO,K,VHCo,K,FRgVTqm
k,K,FRgVTqm,OO,K,VHCo,K,FRgVTqm
K,FRgVTqm,OO,K,VHCo,K,FRgVTqm
FRgVTqm
OO
OO
OO
FRgVTqm,OO,K,VHCo,K,FRgVTqm,OO,pTCSw,L
K
FRgVTqm,OO,K,VHCo,K,FRgVTqm,OO,pTCSw
OO,K,VHCo,K,FRgVTqm,OO,pTCSw
OO,K,VHCo,K,FRgVTqm,OO,pTCSw
K
K
OO,K,VHCo,K,FRgVTqm,OO,pTCSw
OO,K,VHCo,K,FRgVTqm,OO,pTCSw,L
VHCo
OO,K,VHCo,K,FRgVTqm,OO,pTCSw
VHCo
K
OO,K,VHCo,K,FRgVTqm,OO,pTCSw,k
K
OO,K,VHCo,K,FRgVTqm,OO,pTCSw,k
FRgVTqm
OO,K,K,FRgVTqm,VHCo,OO,pTCSw,k
pTCSw
pTCSw
OO,K,VHCo,K,pTCSw,FRgVTqm,OO,k,FRgVTqm,pTCSw,OO
OO,K,VHCo,K,pTCSw,FRgVTqm,OO,k,FRgVTqm,pTCSw,OO,L
k
OO,K,VHCo,K,pTCSw,FRgVTqm,OO,k,FRgVTqm,pTCSw,OO,L,FRgVTqm,k
K,VHCo,K,FRgVTqm,OO,k,FRgVTqm,pTCSw,OO,pTCSw,OO,L,FRgVTqm,k
FRgVTqm
FRgVTqm
OO,K,VHCo,K,pTCSw,FRgVTqm,OO,k,FRgVTqm,pTCSw,OO,L,k
FRgVTqm
pTCSw
OO,K,VHCo,K,pTCSw,FRgVTqm,OO,k,FRgVTqm,pTCSw,OO,L,k,upeESC,VHCo,ixRx,GeIOqq
OO,K,VHCo,K,pTCSw,FRgVTqm,OO,k,FRgVTqm,pTCSw,OO,L,k,upeESC,VHCo,ixRx,GeIOqq
OO,K,VHCo,K,pTCSw,OO,k,FRgVTqm,pTCSw,FRgVTqm,OO,L,k,upeESC,VHCo,ixRx,GeIOqq
OO,K,VHCo,K,pTCSw,OO,k,FRgVTqm,pTCSw,FRgVTqm,OO,L,k,upeESC,VHCo,ixRx,GeIOqq,VHCo
OO,K,VHCo,K,pTCSw,OO,k,FRgVTqm,pTCSw,FRgVTqm,OO,L,k,upeESC,VHCo,ixRx,GeIOqq,VHCo
OO
OO,K,VHCo,K,pTCSw,OO,k,FRgVTqm,pTCSw,FRgVTqm,OO,L,k,upeESC,VHCo,ixRx,GeIOqq
OO,K,VHCo,K,pTCSw,OO,k,FRgVTqm,pTCSw,FRgVTqm,OO,L,k,upeESC,VHCo,ixRx,GeIOqq
ixRx
ixRx
OO,K,VHCo,K,pTCSw,OO,k,FRgVTqm,pTCSw,FRgVTqm,ixRx,OO,L,k,upeESC,VHCo,ixRx,FRgVTqm
OO,K,VHCo,K,pTCSw,OO,k,FRgVTqm,pTCSw,FRgVTqm,ixRx,OO,L,k,upeESC,VHCo,ixRx,FRgVTqm
ixRx
ixRx
OO,K,VHCo,K,pTCSw,OO,k,FRgVTqm,pTCSw,FRgVTqm,OO,L,k,upeESC,VHCo,ixRx,GeIOqq
OO,K,VHCo,K,pTCSw,OO,k,FRgVTqm,pTCSw,FRgVTqm,OO,L,k,upeESC,VHCo,ixRx,GeIOqq,GeIOqq
OO
k
OO,K,VHCo,K,pTCSw,OO,FRgVTqm,pTCSw,FRgVTqm,OO,k,L,k,upeESC,VHCo,ixRx,GeIOqq
OO
K,VHCo,K,pTCSw,OO,FRgVTqm,pTCSw,FRgVTqm,OO,k,OO,L,k,upeESC,VHCo,L,VHCo,upeESC,FRgVTqm
K,K,pTCSw,OO,FRgVTqm,pTCSw,FRgVTqm,OO,k,OO,L,k,upeESC,VHCo,L,VHCo,upeESC,FRgVTqm,VHCo,FRgVTqm,VHCo
K,K,pTCSw,OO,FRgVTqm,pTCSw,FRgVTqm,OO,k,OO,L,k,upeESC,VHCo,L,VHCo,upeESC,FRgVTqm,VHCo,FRgVTqm,VHCo
k
K,K,pTCSw,OO,pTCSw,FRgVTqm,OO,k,OO,L,k,upeESC,VHCo,L,VHCo,upeESC,FRgVTqm,VHCo,FRgVTqm,VHCo,pTCSw
K,K,pTCSw,OO,FRgVTqm,pTCSw,FRgVTqm,OO,k,OO,L,k,upeESC,VHCo,L,VHCo,upeESC,FRgVTqm,VHCo,FRgVTqm,VHCo,pTCSw
K,K,pTCSw,OO,FRgVTqm,pTCSw,FRgVTqm,OO,k,OO,L,k,upeESC,L,VHCo,upeESC,FRgVTqm,VHCo,FRgVTqm,VHCo,pTCSw
K,K,pTCSw,OO,FRgVTqm,pTCSw,FRgVTqm,OO,k,OO,L,k,upeESC,L,VHCo,upeESC,FRgVTqm,VHCo,FRgVTqm,VHCo,pTCSw
pTCSw
VHCo
VHCo
K,FRgVTqm,pTCSw,FRgVTqm,OO,OO,k,upeESC,pTCSw,OO,VHCo,L,upeESC,FRgVTqm,VHCo,FRgVTqm,VHCo,pTCSw,L,K,OO
L
L
K,pTCSw,FRgVTqm,OO,OO,pTCSw,OO,VHCo,ixRx,L,FRgVTqm,upeESC,FRgVTqm,VHCo,FRgVTqm,VHCo,pTCSw,L,K,OO
VHCo
VHCo
K,FRgVTqm,pTCSw,FRgVTqm,OO,OO,k,L,pTCSw,OO,VHCo,upeESC,FRgVTqm,VHCo,FRgVTqm,VHCo,pTCSw,L,K,pTCSw
upeESC
FRgVTqm
K,pTCSw,FRgVTqm,OO,OO,k,L,pTCSw,OO,upeESC,FRgVTqm,FRgVTqm,VHCo,FRgVTqm,VHCo,pTCSw,L,K,pTCSw,OO
FRgVTqm
K,pTCSw,FRgVTqm,OO,k,L,pTCSw,OO,upeESC,FRgVTqm,OO,FRgVTqm,VHCo,FRgVTqm,VHCo,pTCSw,L,K,pTCSw,OO
K,pTCSw,FRgVTqm,OO,OO,k,pTCSw,OO,upeESC,FRgVTqm,VHCo,VHCo,FRgVTqm,VHCo,pTCSw,L,K,pTCSw
K,pTCSw,FRgVTqm,OO,OO,k,pTCSw,OO,upeESC,FRgVTqm,VHCo,VHCo,FRgVTqm,VHCo,pTCSw,L,K,pTCSw
K,FRgVTqm,pTCSw,FRgVTqm,OO,OO,pTCSw,OO,upeESC,VHCo,FRgVTqm,VHCo,FRgVTqm,VHCo,pTCSw,L,K,pTCSw
K
pTCSw,FRgVTqm,OO,OO,pTCSw,OO,VHCo,FRgVTqm,K,VHCo,FRgVTqm,VHCo,pTCSw,L,K,pTCSw,OO,GeIOqq
FRgVTqm
FRgVTqm
FRgVTqm
VHCo
OO
pTCSw,OO,pTCSw,OO,VHCo,FRgVTqm,K,VHCo,FRgVTqm,VHCo,OO,pTCSw,L,K,pTCSw,OO,GeIOqq,GeIOqq,pTCSw,GeIOqq,OO,VHCo
pTCSw,FRgVTqm,OO,pTCSw,OO,upeESC,VHCo,FRgVTqm,K,VHCo,FRgVTqm,VHCo,OO,pTCSw,L,K,pTCSw,OO,GeIOqq,GeIOqq,pTCSw,GeIOqq,OO
pTCSw,FRgVTqm,OO,pTCSw,OO,upeESC,VHCo,FRgVTqm,K,VHCo,FRgVTqm,VHCo,OO,pTCSw,L,K,pTCSw,OO,GeIOqq,GeIOqq,pTCSw,GeIOqq,OO
OO
OO
FRgVTqm,OO,pTCSw,OO,upeESC,VHCo,FRgVTqm,VHCo,FRgVTqm,VHCo,OO,K,pTCSw,L,K,pTCSw,OO,GeIOqq,GeIOqq,pTCSw,GeIOqq,OO,GeIOqq,ixRx,VHCo,upeESC,K
Jedi Wagner, assuma o comando!