[vazia]
Toque! Toque, Dijê!
[vazia]
jJTJVGAQ
Toque! Toque, Dijê!
Toque! Toque, Dijê!
[vazia]
Toque! Toque, Dijê!
[vazia]
Toque! Toque, Dijê!
jJTJVGAQ
Toque! Toque, Dijê!
Toque! Toque, Dijê!
jJTJVGAQ
Toque! Toque, Dijê!
PJ
PJ
PJ
Toque! Toque, Dijê!
Toque! Toque, Dijê!
PJ,PJ
Toque! Toque, Dijê!
Toque! Toque, Dijê!
PJ
PJ
PJ
jJTJVGAQ,jJTJVGAQ,PJ
jJTJVGAQ
jJTJVGAQ,jJTJVGAQ
jJTJVGAQ
jJTJVGAQ,PJ
jJTJVGAQ,PJ,PJ
PJ,PJ,PJ,PJ
PJ
PJ,PJ,PJ,PJ,jJTJVGAQ
PJ
jJTJVGAQ,PJ
jJTJVGAQ
jJTJVGAQ
Toque! Toque, Dijê!
jJTJVGAQ
jJTJVGAQ
jJTJVGAQ
[vazia]
jJTJVGAQ
jJTJVGAQ
PJ
PJ
PJ
PJ
[vazia]
Toque! Toque, Dijê!
jJTJVGAQ
jJTJVGAQ,PJ,PJ,jJTJVGAQ
jJTJVGAQ,PJ,PJ,jJTJVGAQ
jJTJVGAQ
jJTJVGAQ
jJTJVGAQ
jJTJVGAQ,PJ,jJTJVGAQ,PJ,jJTJVGAQ
jJTJVGAQ,jJTJVGAQ,PJ,jJTJVGAQ,PJ
jJTJVGAQ,PJ,jJTJVGAQ,PJ
jJTJVGAQ,PJ,jJTJVGAQ,PJ
PJ
jJTJVGAQ,jJTJVGAQ,jJTJVGAQ
jJTJVGAQ
jJTJVGAQ,jJTJVGAQ,jJTJVGAQ,jJTJVGAQ,PJ
jJTJVGAQ,jJTJVGAQ,PJ,jJTJVGAQ,PJ
jJTJVGAQ,jJTJVGAQ,jJTJVGAQ,PJ,jJTJVGAQ
jJTJVGAQ,PJ,jJTJVGAQ,jJTJVGAQ,jJTJVGAQ
jJTJVGAQ,PJ,jJTJVGAQ,jJTJVGAQ,jJTJVGAQ
jJTJVGAQ
jJTJVGAQ
jJTJVGAQ
jJTJVGAQ,jJTJVGAQ,PJ,jJTJVGAQ,PJ
jJTJVGAQ
PJ
PJ
jJTJVGAQ,jJTJVGAQ,PJ,jJTJVGAQ,PJ
PJ
jJTJVGAQ,jJTJVGAQ,jJTJVGAQ
jJTJVGAQ,jJTJVGAQ,jJTJVGAQ
jJTJVGAQ,jJTJVGAQ,jJTJVGAQ
jJTJVGAQ,jJTJVGAQ,jJTJVGAQ
jJTJVGAQ,jJTJVGAQ,jJTJVGAQ,PJ
jJTJVGAQ
jJTJVGAQ,jJTJVGAQ,jJTJVGAQ,PJ
Jedi Wagner, assuma o comando!