jF,jF
jF
jF
jF,jF
jF
jF,jF
jF
jF
jF,jF,jF
jF,jF
jF,jF
jF
jF
jF
jF,jF
jF
jF
jF,jF,jF
jF,jF,jF
jF,jF
jF,jF
jF,jF,kx,jF
jF,jF,kx,jF
jF
jF,jF,kx,jF,jF
jF
jF,jF,jF
jF
jF,jF,kx
kx
jF,kx
jF
kx
kx
kx
jF,jF,jF
jF
jF
jF,jF,jF,kx
jF
jF
jF,jF,jF,jF
jF
jF,jF,jF,kx,jF
jF
jF,jF,kx,jF,kx
jF
jF
jF
kx,jF,jF,jF,kx
jF,jF,jF,kx,kx
jF
jF,kx,jF,kx
jF,kx,jF,kx
kx
kx,jF,kx
kx
kx
jF
kx
jF,kx,jF,kx
kx
jF,jF
kx
jF
jF
jF
kx,jF,jF,kx,kx
kx,jF,jF,kx,kx
kx,jF,jF,kx,kx
kx,jF,jF,kx,kx
kx,jF,jF,kx,kx,kx
jF
kx,jF,kx,kx,kx,kx,kx
jF
jF,kx,kx,kx,kx
kx
kx,kx,kx,kx,kx,kx
kx
kx
kx,kx,kx,kx,kx,kx,jF,kx
kx
kx
kx,kx,kx,kx,kx,jF,kx
kx,kx,kx,kx,kx,jF,kx
kx,kx,kx,kx,kx,jF,kx
kx,kx,kx,kx,kx,jF,kx
kx,kx,kx,kx,kx,jF,kx
kx,kx,kx,kx,kx,jF,kx,kx
kx
jF
jF
jF
jF,kx,kx,kx,kx,jF,kx,jF
jF,kx,kx,kx,kx,jF,kx,jF,jF
Jedi Wagner, assuma o comando!