wYzshCmqII
wYzshCmqII
wYzshCmqII
wYzshCmqII
wYzshCmqII,KnptMDEaS
wYzshCmqII
wYzshCmqII,KnptMDEaS
Toque! Toque, Dijê!
Toque! Toque, Dijê!
Toque! Toque, Dijê!
Toque! Toque, Dijê!
[vazia]
Toque! Toque, Dijê!
KnptMDEaS
KnptMDEaS
KnptMDEaS
KnptMDEaS,KnptMDEaS
KnptMDEaS,KnptMDEaS
KnptMDEaS,KnptMDEaS
KnptMDEaS,KnptMDEaS,wYzshCmqII,CzUKBpIy
wYzshCmqII
wYzshCmqII
wYzshCmqII
wYzshCmqII
wYzshCmqII
wYzshCmqII,KnptMDEaS
wYzshCmqII
KnptMDEaS
wYzshCmqII,KnptMDEaS,KnptMDEaS,wYzshCmqII
KnptMDEaS
KnptMDEaS
KnptMDEaS
wYzshCmqII,KnptMDEaS,KnptMDEaS
wYzshCmqII,KnptMDEaS,KnptMDEaS
KnptMDEaS
KnptMDEaS
KnptMDEaS
KnptMDEaS,CzUKBpIy,KnptMDEaS,wYzshCmqII,wYzshCmqII
KnptMDEaS
KnptMDEaS
KnptMDEaS
KnptMDEaS,wYzshCmqII,KnptMDEaS,wYzshCmqII,CzUKBpIy
KnptMDEaS
KnptMDEaS
KnptMDEaS
KnptMDEaS,KnptMDEaS,wYzshCmqII,CzUKBpIy,CzUKBpIy
KnptMDEaS,KnptMDEaS,wYzshCmqII,CzUKBpIy,CzUKBpIy
KnptMDEaS,KnptMDEaS,wYzshCmqII,CzUKBpIy,CzUKBpIy
KnptMDEaS
KnptMDEaS
KnptMDEaS,wYzshCmqII,CzUKBpIy,CzUKBpIy
KnptMDEaS,wYzshCmqII,CzUKBpIy,CzUKBpIy
KnptMDEaS
KnptMDEaS
KnptMDEaS
CzUKBpIy
wYzshCmqII
KnptMDEaS,KnptMDEaS,wYzshCmqII,CzUKBpIy,wYzshCmqII,wYzshCmqII,CzUKBpIy,wYzshCmqII
KnptMDEaS,KnptMDEaS,wYzshCmqII,CzUKBpIy,wYzshCmqII,wYzshCmqII,CzUKBpIy,wYzshCmqII,CzUKBpIy
KnptMDEaS,KnptMDEaS,wYzshCmqII,CzUKBpIy,wYzshCmqII,wYzshCmqII,CzUKBpIy,wYzshCmqII,CzUKBpIy,wYzshCmqII
wYzshCmqII
CzUKBpIy
KnptMDEaS,KnptMDEaS,wYzshCmqII,CzUKBpIy,wYzshCmqII,CzUKBpIy,wYzshCmqII,CzUKBpIy,wYzshCmqII,KnptMDEaS
wYzshCmqII
KnptMDEaS,KnptMDEaS,CzUKBpIy,wYzshCmqII,wYzshCmqII,wYzshCmqII,wYzshCmqII,KnptMDEaS,KnptMDEaS,KnptMDEaS
KnptMDEaS,KnptMDEaS,CzUKBpIy,wYzshCmqII,wYzshCmqII,wYzshCmqII,wYzshCmqII,KnptMDEaS,KnptMDEaS,KnptMDEaS
KnptMDEaS,wYzshCmqII,wYzshCmqII,CzUKBpIy,wYzshCmqII,CzUKBpIy,wYzshCmqII,CzUKBpIy,wYzshCmqII,KnptMDEaS,KnptMDEaS,wYzshCmqII
wYzshCmqII,wYzshCmqII,KnptMDEaS,wYzshCmqII,CzUKBpIy,CzUKBpIy,wYzshCmqII,CzUKBpIy,wYzshCmqII,KnptMDEaS,KnptMDEaS,KnptMDEaS
wYzshCmqII
wYzshCmqII
wYzshCmqII,wYzshCmqII,KnptMDEaS,wYzshCmqII,CzUKBpIy,wYzshCmqII,CzUKBpIy,wYzshCmqII,KnptMDEaS,KnptMDEaS,KnptMDEaS
wYzshCmqII,wYzshCmqII,KnptMDEaS,wYzshCmqII,CzUKBpIy,wYzshCmqII,CzUKBpIy,wYzshCmqII,KnptMDEaS,KnptMDEaS,KnptMDEaS,KnptMDEaS
wYzshCmqII,wYzshCmqII,KnptMDEaS,wYzshCmqII,CzUKBpIy,wYzshCmqII,CzUKBpIy,wYzshCmqII,KnptMDEaS,KnptMDEaS,KnptMDEaS,KnptMDEaS
wYzshCmqII,wYzshCmqII,KnptMDEaS,wYzshCmqII,CzUKBpIy,wYzshCmqII,CzUKBpIy,wYzshCmqII,KnptMDEaS,KnptMDEaS,KnptMDEaS,KnptMDEaS,wYzshCmqII
wYzshCmqII
wYzshCmqII,wYzshCmqII,KnptMDEaS,wYzshCmqII,CzUKBpIy,wYzshCmqII,CzUKBpIy,wYzshCmqII,KnptMDEaS,KnptMDEaS,KnptMDEaS,KnptMDEaS,wYzshCmqII,KnptMDEaS
wYzshCmqII,wYzshCmqII,CzUKBpIy,KnptMDEaS,wYzshCmqII,wYzshCmqII,CzUKBpIy,wYzshCmqII,KnptMDEaS,KnptMDEaS,KnptMDEaS,KnptMDEaS,wYzshCmqII,KnptMDEaS,KnptMDEaS
wYzshCmqII,wYzshCmqII,wYzshCmqII,wYzshCmqII,CzUKBpIy,wYzshCmqII,KnptMDEaS,KnptMDEaS,KnptMDEaS,KnptMDEaS,wYzshCmqII,KnptMDEaS,KnptMDEaS,CzUKBpIy
wYzshCmqII
wYzshCmqII
CzUKBpIy
wYzshCmqII
wYzshCmqII,wYzshCmqII,KnptMDEaS,wYzshCmqII,CzUKBpIy,wYzshCmqII,CzUKBpIy,wYzshCmqII,KnptMDEaS,KnptMDEaS,KnptMDEaS,KnptMDEaS,wYzshCmqII,KnptMDEaS
wYzshCmqII,wYzshCmqII,KnptMDEaS,wYzshCmqII,wYzshCmqII,CzUKBpIy,wYzshCmqII,KnptMDEaS,KnptMDEaS,KnptMDEaS,KnptMDEaS,wYzshCmqII,KnptMDEaS,KnptMDEaS,KnptMDEaS
wYzshCmqII,wYzshCmqII,KnptMDEaS,wYzshCmqII,wYzshCmqII,CzUKBpIy,wYzshCmqII,KnptMDEaS,KnptMDEaS,KnptMDEaS,KnptMDEaS,wYzshCmqII,KnptMDEaS,KnptMDEaS,KnptMDEaS
wYzshCmqII
wYzshCmqII
wYzshCmqII,wYzshCmqII,KnptMDEaS,wYzshCmqII,CzUKBpIy,wYzshCmqII,CzUKBpIy,wYzshCmqII,KnptMDEaS,KnptMDEaS,KnptMDEaS,KnptMDEaS,wYzshCmqII,KnptMDEaS
wYzshCmqII
wYzshCmqII,wYzshCmqII,KnptMDEaS,wYzshCmqII,CzUKBpIy,wYzshCmqII,CzUKBpIy,wYzshCmqII,KnptMDEaS,KnptMDEaS,KnptMDEaS,KnptMDEaS,wYzshCmqII,KnptMDEaS
wYzshCmqII,KnptMDEaS,wYzshCmqII,CzUKBpIy,wYzshCmqII,CzUKBpIy,wYzshCmqII,KnptMDEaS,KnptMDEaS,KnptMDEaS,KnptMDEaS,wYzshCmqII,KnptMDEaS
KnptMDEaS
KnptMDEaS,wYzshCmqII,wYzshCmqII,CzUKBpIy,wYzshCmqII,KnptMDEaS,KnptMDEaS,KnptMDEaS,KnptMDEaS,wYzshCmqII,KnptMDEaS
wYzshCmqII,wYzshCmqII,KnptMDEaS,wYzshCmqII,CzUKBpIy,wYzshCmqII,CzUKBpIy,wYzshCmqII,KnptMDEaS,KnptMDEaS,KnptMDEaS,KnptMDEaS,wYzshCmqII,KnptMDEaS,KnptMDEaS
wYzshCmqII
wYzshCmqII,wYzshCmqII,wYzshCmqII,CzUKBpIy,wYzshCmqII,CzUKBpIy,wYzshCmqII,KnptMDEaS,KnptMDEaS,KnptMDEaS,wYzshCmqII,KnptMDEaS,KnptMDEaS
wYzshCmqII
wYzshCmqII,wYzshCmqII,KnptMDEaS,wYzshCmqII,CzUKBpIy,wYzshCmqII,CzUKBpIy,wYzshCmqII,KnptMDEaS,KnptMDEaS,KnptMDEaS,KnptMDEaS,wYzshCmqII,KnptMDEaS
KnptMDEaS
wYzshCmqII,wYzshCmqII,KnptMDEaS,wYzshCmqII,CzUKBpIy,wYzshCmqII,CzUKBpIy,wYzshCmqII,KnptMDEaS,KnptMDEaS,KnptMDEaS,KnptMDEaS,wYzshCmqII,KnptMDEaS
wYzshCmqII,KnptMDEaS,wYzshCmqII,wYzshCmqII,CzUKBpIy,wYzshCmqII,CzUKBpIy,wYzshCmqII,KnptMDEaS,KnptMDEaS,KnptMDEaS,KnptMDEaS,wYzshCmqII,KnptMDEaS
wYzshCmqII
wYzshCmqII,wYzshCmqII,KnptMDEaS,CzUKBpIy,wYzshCmqII,wYzshCmqII,CzUKBpIy,wYzshCmqII,KnptMDEaS,KnptMDEaS,KnptMDEaS,KnptMDEaS,wYzshCmqII,KnptMDEaS,KnptMDEaS,KnptMDEaS
CzUKBpIy
wYzshCmqII
wYzshCmqII
wYzshCmqII,wYzshCmqII,wYzshCmqII,KnptMDEaS,wYzshCmqII,CzUKBpIy,wYzshCmqII,KnptMDEaS,KnptMDEaS,KnptMDEaS,KnptMDEaS,wYzshCmqII,KnptMDEaS,KnptMDEaS,KnptMDEaS,KnptMDEaS
KnptMDEaS,wYzshCmqII,wYzshCmqII,wYzshCmqII,CzUKBpIy,wYzshCmqII,KnptMDEaS,KnptMDEaS,KnptMDEaS,KnptMDEaS,wYzshCmqII,KnptMDEaS,KnptMDEaS,KnptMDEaS,KnptMDEaS
KnptMDEaS,wYzshCmqII,wYzshCmqII,wYzshCmqII,CzUKBpIy,wYzshCmqII,KnptMDEaS,KnptMDEaS,KnptMDEaS,KnptMDEaS,wYzshCmqII,KnptMDEaS,KnptMDEaS,KnptMDEaS,KnptMDEaS
wYzshCmqII
wYzshCmqII
wYzshCmqII
KnptMDEaS,wYzshCmqII,wYzshCmqII,CzUKBpIy,wYzshCmqII,KnptMDEaS,KnptMDEaS,KnptMDEaS,KnptMDEaS,wYzshCmqII,KnptMDEaS,KnptMDEaS,KnptMDEaS,KnptMDEaS,CzUKBpIy,wYzshCmqII
KnptMDEaS,wYzshCmqII,wYzshCmqII,CzUKBpIy,wYzshCmqII,KnptMDEaS,KnptMDEaS,KnptMDEaS,KnptMDEaS,wYzshCmqII,KnptMDEaS,KnptMDEaS,KnptMDEaS,KnptMDEaS,CzUKBpIy,wYzshCmqII
KnptMDEaS,wYzshCmqII,wYzshCmqII,CzUKBpIy,wYzshCmqII,KnptMDEaS,KnptMDEaS,KnptMDEaS,KnptMDEaS,wYzshCmqII,KnptMDEaS,KnptMDEaS,KnptMDEaS,KnptMDEaS,CzUKBpIy,wYzshCmqII
KnptMDEaS,wYzshCmqII,wYzshCmqII,CzUKBpIy,wYzshCmqII,KnptMDEaS,KnptMDEaS,KnptMDEaS,KnptMDEaS,wYzshCmqII,KnptMDEaS,KnptMDEaS,KnptMDEaS,KnptMDEaS,CzUKBpIy,wYzshCmqII
KnptMDEaS,wYzshCmqII,CzUKBpIy,wYzshCmqII,wYzshCmqII,KnptMDEaS,KnptMDEaS,KnptMDEaS,KnptMDEaS,wYzshCmqII,KnptMDEaS,KnptMDEaS,KnptMDEaS,KnptMDEaS,CzUKBpIy,wYzshCmqII
KnptMDEaS,wYzshCmqII,CzUKBpIy,wYzshCmqII,wYzshCmqII,KnptMDEaS,KnptMDEaS,KnptMDEaS,KnptMDEaS,wYzshCmqII,KnptMDEaS,KnptMDEaS,KnptMDEaS,KnptMDEaS,CzUKBpIy,wYzshCmqII
KnptMDEaS,wYzshCmqII,CzUKBpIy,wYzshCmqII,wYzshCmqII,KnptMDEaS,KnptMDEaS,KnptMDEaS,KnptMDEaS,wYzshCmqII,KnptMDEaS,KnptMDEaS,KnptMDEaS,KnptMDEaS,CzUKBpIy,wYzshCmqII,KnptMDEaS,CzUKBpIy
KnptMDEaS,wYzshCmqII,wYzshCmqII,CzUKBpIy,wYzshCmqII,KnptMDEaS,KnptMDEaS,KnptMDEaS,KnptMDEaS,wYzshCmqII,KnptMDEaS,KnptMDEaS,KnptMDEaS,KnptMDEaS,CzUKBpIy,wYzshCmqII,KnptMDEaS,CzUKBpIy
wYzshCmqII
wYzshCmqII,wYzshCmqII,KnptMDEaS,KnptMDEaS,KnptMDEaS,KnptMDEaS,wYzshCmqII,KnptMDEaS,KnptMDEaS,KnptMDEaS,KnptMDEaS,CzUKBpIy,wYzshCmqII,KnptMDEaS,CzUKBpIy
wYzshCmqII,wYzshCmqII,KnptMDEaS,KnptMDEaS,KnptMDEaS,KnptMDEaS,wYzshCmqII,KnptMDEaS,KnptMDEaS,KnptMDEaS,KnptMDEaS,CzUKBpIy,wYzshCmqII,KnptMDEaS,CzUKBpIy
CzUKBpIy,wYzshCmqII,wYzshCmqII,KnptMDEaS,KnptMDEaS,KnptMDEaS,KnptMDEaS,wYzshCmqII,KnptMDEaS,KnptMDEaS,KnptMDEaS,KnptMDEaS,wYzshCmqII,KnptMDEaS,CzUKBpIy
CzUKBpIy
CzUKBpIy
CzUKBpIy,wYzshCmqII,wYzshCmqII,KnptMDEaS,KnptMDEaS,wYzshCmqII,KnptMDEaS,KnptMDEaS,KnptMDEaS,KnptMDEaS,wYzshCmqII,KnptMDEaS,CzUKBpIy,wYzshCmqII
CzUKBpIy,wYzshCmqII,wYzshCmqII,KnptMDEaS,KnptMDEaS,wYzshCmqII,KnptMDEaS,KnptMDEaS,KnptMDEaS,KnptMDEaS,wYzshCmqII,KnptMDEaS,CzUKBpIy,wYzshCmqII
CzUKBpIy,wYzshCmqII,wYzshCmqII,KnptMDEaS,KnptMDEaS,wYzshCmqII,KnptMDEaS,KnptMDEaS,KnptMDEaS,KnptMDEaS,wYzshCmqII,KnptMDEaS,CzUKBpIy,wYzshCmqII
wYzshCmqII
CzUKBpIy,wYzshCmqII,wYzshCmqII,KnptMDEaS,KnptMDEaS,wYzshCmqII,KnptMDEaS,KnptMDEaS,KnptMDEaS,KnptMDEaS,wYzshCmqII,KnptMDEaS,CzUKBpIy,wYzshCmqII
wYzshCmqII,wYzshCmqII,CzUKBpIy,KnptMDEaS,KnptMDEaS,wYzshCmqII,KnptMDEaS,KnptMDEaS,KnptMDEaS,KnptMDEaS,wYzshCmqII,KnptMDEaS,CzUKBpIy,wYzshCmqII,CzUKBpIy,CzUKBpIy
wYzshCmqII,wYzshCmqII,CzUKBpIy,KnptMDEaS,KnptMDEaS,wYzshCmqII,KnptMDEaS,KnptMDEaS,KnptMDEaS,KnptMDEaS,wYzshCmqII,KnptMDEaS,CzUKBpIy,wYzshCmqII,CzUKBpIy,CzUKBpIy
CzUKBpIy
CzUKBpIy,wYzshCmqII,KnptMDEaS,KnptMDEaS,wYzshCmqII,KnptMDEaS,KnptMDEaS,KnptMDEaS,KnptMDEaS,wYzshCmqII,KnptMDEaS,CzUKBpIy,wYzshCmqII,CzUKBpIy,CzUKBpIy
CzUKBpIy
CzUKBpIy,wYzshCmqII,KnptMDEaS,KnptMDEaS,wYzshCmqII,KnptMDEaS,KnptMDEaS,KnptMDEaS,KnptMDEaS,wYzshCmqII,KnptMDEaS,CzUKBpIy,wYzshCmqII,CzUKBpIy,CzUKBpIy,wYzshCmqII
CzUKBpIy
KnptMDEaS
KnptMDEaS
CzUKBpIy,KnptMDEaS,KnptMDEaS,wYzshCmqII,KnptMDEaS,KnptMDEaS,KnptMDEaS,KnptMDEaS,wYzshCmqII,KnptMDEaS,CzUKBpIy,wYzshCmqII,CzUKBpIy,CzUKBpIy,wYzshCmqII
CzUKBpIy,KnptMDEaS,KnptMDEaS,KnptMDEaS,KnptMDEaS,KnptMDEaS,KnptMDEaS,wYzshCmqII,KnptMDEaS,CzUKBpIy,wYzshCmqII,CzUKBpIy,CzUKBpIy,wYzshCmqII
CzUKBpIy,KnptMDEaS,KnptMDEaS,KnptMDEaS,KnptMDEaS,KnptMDEaS,KnptMDEaS,KnptMDEaS,CzUKBpIy,wYzshCmqII,CzUKBpIy,CzUKBpIy,wYzshCmqII
CzUKBpIy,KnptMDEaS,KnptMDEaS,KnptMDEaS,KnptMDEaS,KnptMDEaS,KnptMDEaS,KnptMDEaS,CzUKBpIy,wYzshCmqII,CzUKBpIy,CzUKBpIy,wYzshCmqII
CzUKBpIy,KnptMDEaS,KnptMDEaS,KnptMDEaS,KnptMDEaS,KnptMDEaS,KnptMDEaS,KnptMDEaS,CzUKBpIy,wYzshCmqII,CzUKBpIy,CzUKBpIy,wYzshCmqII
KnptMDEaS
CzUKBpIy,KnptMDEaS,KnptMDEaS,KnptMDEaS,wYzshCmqII,KnptMDEaS,KnptMDEaS,KnptMDEaS,KnptMDEaS,CzUKBpIy,wYzshCmqII,CzUKBpIy,CzUKBpIy,wYzshCmqII
wYzshCmqII
CzUKBpIy,KnptMDEaS,KnptMDEaS,KnptMDEaS,wYzshCmqII,KnptMDEaS,KnptMDEaS,KnptMDEaS,KnptMDEaS,CzUKBpIy,wYzshCmqII,CzUKBpIy,CzUKBpIy,wYzshCmqII,wYzshCmqII
CzUKBpIy,KnptMDEaS,KnptMDEaS,wYzshCmqII,KnptMDEaS,KnptMDEaS,KnptMDEaS,KnptMDEaS,CzUKBpIy,wYzshCmqII,CzUKBpIy,CzUKBpIy,wYzshCmqII,CzUKBpIy
CzUKBpIy,KnptMDEaS,wYzshCmqII,KnptMDEaS,KnptMDEaS,KnptMDEaS,KnptMDEaS,KnptMDEaS,CzUKBpIy,wYzshCmqII,CzUKBpIy,CzUKBpIy,wYzshCmqII,CzUKBpIy
CzUKBpIy,KnptMDEaS,wYzshCmqII,KnptMDEaS,KnptMDEaS,KnptMDEaS,KnptMDEaS,KnptMDEaS,CzUKBpIy,wYzshCmqII,CzUKBpIy,CzUKBpIy,wYzshCmqII,CzUKBpIy
KnptMDEaS
CzUKBpIy,KnptMDEaS,KnptMDEaS,KnptMDEaS,wYzshCmqII,KnptMDEaS,KnptMDEaS,KnptMDEaS,CzUKBpIy,wYzshCmqII,CzUKBpIy,CzUKBpIy,wYzshCmqII,CzUKBpIy
CzUKBpIy,KnptMDEaS,KnptMDEaS,KnptMDEaS,wYzshCmqII,KnptMDEaS,KnptMDEaS,KnptMDEaS,CzUKBpIy,wYzshCmqII,CzUKBpIy,CzUKBpIy,wYzshCmqII,CzUKBpIy
KnptMDEaS
wYzshCmqII
wYzshCmqII
wYzshCmqII
CzUKBpIy,KnptMDEaS,KnptMDEaS,KnptMDEaS,wYzshCmqII,KnptMDEaS,KnptMDEaS,KnptMDEaS,CzUKBpIy,wYzshCmqII,CzUKBpIy,CzUKBpIy,wYzshCmqII,CzUKBpIy
Jedi Wagner, assuma o comando!