Toque! Toque, Dijê!
Toque! Toque, Dijê!
Toque! Toque, Dijê!
Toque! Toque, Dijê!
Toque! Toque, Dijê!
[vazia]
Toque! Toque, Dijê!
RzBklxU
Toque! Toque, Dijê!
Toque! Toque, Dijê!
Toque! Toque, Dijê!
[vazia]
[vazia]
Toque! Toque, Dijê!
EpeOTgPD
EpeOTgPD
EpeOTgPD
EpeOTgPD
EpeOTgPD,KEnAlExB
EpeOTgPD,KEnAlExB
EpeOTgPD,KEnAlExB
EpeOTgPD
EpeOTgPD
EpeOTgPD,KEnAlExB
EpeOTgPD,KEnAlExB,lRANhD
EpeOTgPD,KEnAlExB,lRANhD
EpeOTgPD,KEnAlExB,lRANhD
lRANhD
lRANhD
EpeOTgPD,KEnAlExB,lRANhD
EpeOTgPD,KEnAlExB,DoxXt,lRANhD
EpeOTgPD,KEnAlExB,DoxXt,lRANhD
EpeOTgPD,KEnAlExB,DoxXt,lRANhD
lRANhD
DoxXt
CFeUSxL
CFeUSxL,DoxXt,eVOhOz,lRANhD,DjoFmf,xjv,DjoFmf,DoxXt
CFeUSxL
CFeUSxL,DoxXt,eVOhOz,lRANhD,xjv,DjoFmf,DoxXt
DoxXt
eVOhOz,DoxXt,xjv,DjoFmf,DoxXt,lRANhD
eVOhOz,DoxXt,xjv,DjoFmf,DoxXt,lRANhD
eVOhOz,DoxXt,xjv,DjoFmf,DoxXt,lRANhD,EpeOTgPD
eVOhOz,DoxXt,xjv,DjoFmf,DoxXt,lRANhD,EpeOTgPD
eVOhOz
eVOhOz
CFeUSxL,DoxXt,eVOhOz,xjv,DjoFmf,DoxXt,KEnAlExB
CFeUSxL,DoxXt,eVOhOz,xjv,DjoFmf,DoxXt,KEnAlExB
DoxXt,eVOhOz,CFeUSxL,xjv,DjoFmf,DoxXt,KEnAlExB,RzBklxU
DoxXt,eVOhOz,CFeUSxL,xjv,DjoFmf,DoxXt,KEnAlExB,RzBklxU
DoxXt,eVOhOz,CFeUSxL,KEnAlExB,xjv,DjoFmf,DoxXt,RzBklxU
DoxXt,eVOhOz,CFeUSxL,KEnAlExB,xjv,DjoFmf,DoxXt,RzBklxU
KEnAlExB
KEnAlExB
DoxXt,eVOhOz,CFeUSxL,KEnAlExB,xjv,DjoFmf,DoxXt,RzBklxU,HjxZlSSU
xjv
DoxXt,eVOhOz,CFeUSxL,xjv,DjoFmf,DoxXt,RzBklxU
DoxXt,eVOhOz,CFeUSxL,xjv,DjoFmf,DoxXt,RzBklxU
xjv
xjv
DoxXt,CFeUSxL,KEnAlExB,xjv,eVOhOz,DjoFmf,DoxXt,DjoFmf,DjoFmf,DjoFmf,HjxZlSSU,lRANhD
DoxXt,eVOhOz,CFeUSxL,KEnAlExB,xjv,DjoFmf,DoxXt,RzBklxU
DoxXt,eVOhOz,CFeUSxL,KEnAlExB,xjv,DjoFmf,DoxXt,RzBklxU
DoxXt,eVOhOz,CFeUSxL,KEnAlExB,xjv,DjoFmf,DoxXt,RzBklxU
DoxXt
DoxXt
DoxXt
eVOhOz
eVOhOz
eVOhOz
CFeUSxL
DoxXt,KEnAlExB,xjv,DjoFmf,DoxXt,eVOhOz,CFeUSxL,RzBklxU,DoxXt,RzBklxU,HjxZlSSU
DoxXt
DoxXt,eVOhOz,CFeUSxL,KEnAlExB,DjoFmf,DoxXt,RzBklxU
DoxXt
DoxXt,eVOhOz,CFeUSxL,KEnAlExB,xjv,DjoFmf,DoxXt,RzBklxU
DoxXt,eVOhOz,CFeUSxL,KEnAlExB,xjv,DjoFmf,DoxXt,RzBklxU
DoxXt
DoxXt
DoxXt
CFeUSxL
CFeUSxL
CFeUSxL
CFeUSxL
CFeUSxL
DoxXt
KEnAlExB
DoxXt,eVOhOz,RzBklxU,CFeUSxL,DoxXt,eVOhOz,KEnAlExB,EpeOTgPD,CFeUSxL
DoxXt,eVOhOz,RzBklxU,CFeUSxL,DoxXt,eVOhOz,KEnAlExB
KEnAlExB
KEnAlExB
DoxXt,eVOhOz,RzBklxU,CFeUSxL,DoxXt,eVOhOz,KEnAlExB
DoxXt,eVOhOz,RzBklxU,CFeUSxL,DoxXt,eVOhOz,KEnAlExB,DjoFmf
KEnAlExB
DoxXt,eVOhOz,RzBklxU,CFeUSxL,DoxXt,eVOhOz,KEnAlExB,DoxXt
KEnAlExB
DoxXt,eVOhOz,RzBklxU,CFeUSxL,DoxXt,eVOhOz,KEnAlExB,HjxZlSSU
KEnAlExB
DoxXt,eVOhOz,RzBklxU,CFeUSxL,DoxXt,eVOhOz,KEnAlExB
KEnAlExB
DoxXt,eVOhOz,RzBklxU,CFeUSxL,DoxXt,eVOhOz,DoxXt,KEnAlExB,DjoFmf,CFeUSxL,eVOhOz
DoxXt,RzBklxU,DoxXt,eVOhOz,KEnAlExB,DoxXt,eVOhOz,CFeUSxL,DjoFmf,CFeUSxL,eVOhOz
DoxXt
DoxXt
DoxXt,eVOhOz,RzBklxU,CFeUSxL,DoxXt,eVOhOz,KEnAlExB,DoxXt
DoxXt,eVOhOz,RzBklxU,CFeUSxL,DoxXt,eVOhOz,KEnAlExB,DoxXt
DoxXt
DoxXt
DoxXt,eVOhOz,RzBklxU,CFeUSxL,DoxXt,eVOhOz,KEnAlExB,DoxXt,lRANhD,RzBklxU
DoxXt,eVOhOz,RzBklxU,CFeUSxL,DoxXt,eVOhOz,KEnAlExB,DoxXt,RzBklxU
RzBklxU
RzBklxU,DoxXt,eVOhOz,CFeUSxL,DoxXt,eVOhOz,KEnAlExB,DoxXt,lRANhD
RzBklxU
DoxXt,eVOhOz,RzBklxU,CFeUSxL,DoxXt,eVOhOz,KEnAlExB,DoxXt
DoxXt,eVOhOz,RzBklxU,CFeUSxL,DoxXt,eVOhOz,KEnAlExB,DoxXt,RzBklxU
DoxXt
DoxXt
DoxXt,eVOhOz,RzBklxU,CFeUSxL,DoxXt,eVOhOz,KEnAlExB,DoxXt,HjxZlSSU,HjxZlSSU
DoxXt
DoxXt,eVOhOz,RzBklxU,CFeUSxL,DoxXt,eVOhOz,KEnAlExB,DoxXt,eVOhOz
DoxXt,eVOhOz,RzBklxU,CFeUSxL,DoxXt,eVOhOz,KEnAlExB,DoxXt
DoxXt
DoxXt,eVOhOz,RzBklxU,DoxXt,eVOhOz,KEnAlExB,DoxXt
DoxXt
DoxXt,eVOhOz,RzBklxU,DoxXt,eVOhOz,KEnAlExB,DoxXt,DjoFmf
DoxXt
DoxXt
eVOhOz
DoxXt,CFeUSxL,eVOhOz,RzBklxU,DoxXt,eVOhOz,DoxXt,CFeUSxL,EpeOTgPD,KEnAlExB
DoxXt
CFeUSxL,eVOhOz,RzBklxU,DoxXt,DoxXt,eVOhOz,DoxXt,CFeUSxL,EpeOTgPD,KEnAlExB,eVOhOz
DoxXt
eVOhOz
eVOhOz
eVOhOz
DoxXt
eVOhOz
EpeOTgPD
eVOhOz,RzBklxU,DoxXt,eVOhOz,EpeOTgPD,DoxXt,CFeUSxL,KEnAlExB,eVOhOz,KEnAlExB
EpeOTgPD
EpeOTgPD
eVOhOz,RzBklxU,DoxXt,eVOhOz,EpeOTgPD,KEnAlExB,DoxXt,CFeUSxL,eVOhOz,KEnAlExB
eVOhOz,RzBklxU,DoxXt,eVOhOz,EpeOTgPD,KEnAlExB,DoxXt,eVOhOz,KEnAlExB
eVOhOz,RzBklxU,eVOhOz,EpeOTgPD,KEnAlExB,DoxXt,DoxXt,eVOhOz,KEnAlExB
eVOhOz,RzBklxU,DoxXt,eVOhOz,EpeOTgPD,KEnAlExB,DoxXt,eVOhOz,KEnAlExB,eVOhOz
eVOhOz,RzBklxU,DoxXt,eVOhOz,EpeOTgPD,KEnAlExB,DoxXt,eVOhOz,KEnAlExB,RzBklxU
RzBklxU
eVOhOz,DoxXt,eVOhOz,EpeOTgPD,KEnAlExB,DoxXt,RzBklxU,eVOhOz,KEnAlExB,RzBklxU,DjoFmf
eVOhOz,DoxXt,eVOhOz,EpeOTgPD,KEnAlExB,DoxXt,RzBklxU,eVOhOz,KEnAlExB,RzBklxU,DjoFmf
eVOhOz,eVOhOz,EpeOTgPD,KEnAlExB,DoxXt,RzBklxU,eVOhOz,DoxXt,KEnAlExB,RzBklxU,RzBklxU,CFeUSxL,EpeOTgPD,KEnAlExB
eVOhOz,EpeOTgPD,KEnAlExB,DoxXt,RzBklxU,eVOhOz,eVOhOz,KEnAlExB,RzBklxU,RzBklxU,HjxZlSSU
eVOhOz,EpeOTgPD,KEnAlExB,DoxXt,RzBklxU,eVOhOz,eVOhOz,KEnAlExB,RzBklxU,RzBklxU,HjxZlSSU
eVOhOz
eVOhOz,EpeOTgPD,KEnAlExB,DoxXt,RzBklxU,eVOhOz,eVOhOz,KEnAlExB,RzBklxU,RzBklxU
eVOhOz
eVOhOz
KEnAlExB
KEnAlExB
KEnAlExB
RzBklxU
eVOhOz,EpeOTgPD,KEnAlExB,DoxXt,RzBklxU,eVOhOz,eVOhOz,KEnAlExB,RzBklxU,RzBklxU,DoxXt,KEnAlExB
eVOhOz,EpeOTgPD,KEnAlExB,DoxXt,RzBklxU,eVOhOz,eVOhOz,KEnAlExB,RzBklxU,RzBklxU,DoxXt,KEnAlExB
eVOhOz,EpeOTgPD,KEnAlExB,DoxXt,RzBklxU,eVOhOz,eVOhOz,KEnAlExB,RzBklxU,RzBklxU,DoxXt,KEnAlExB
eVOhOz,EpeOTgPD,KEnAlExB,DoxXt,RzBklxU,eVOhOz,eVOhOz,KEnAlExB,RzBklxU,RzBklxU,DoxXt,KEnAlExB,DjoFmf
eVOhOz,EpeOTgPD,KEnAlExB,DoxXt,RzBklxU,eVOhOz,eVOhOz,KEnAlExB,RzBklxU,RzBklxU,DoxXt,KEnAlExB,DjoFmf,lRANhD,lRANhD
eVOhOz,EpeOTgPD,KEnAlExB,DoxXt,RzBklxU,eVOhOz,eVOhOz,KEnAlExB,RzBklxU,RzBklxU,DoxXt,KEnAlExB,DjoFmf,lRANhD
RzBklxU
RzBklxU
RzBklxU
KEnAlExB,DoxXt,RzBklxU,eVOhOz,eVOhOz,KEnAlExB,RzBklxU,RzBklxU,DoxXt,KEnAlExB,DjoFmf,lRANhD,RzBklxU
KEnAlExB,DoxXt,RzBklxU,eVOhOz,eVOhOz,KEnAlExB,RzBklxU,RzBklxU,DoxXt,KEnAlExB,DjoFmf,lRANhD,RzBklxU
DoxXt
KEnAlExB
KEnAlExB,DoxXt,RzBklxU,eVOhOz,eVOhOz,KEnAlExB,RzBklxU,RzBklxU,DoxXt,KEnAlExB,DjoFmf,lRANhD,RzBklxU
KEnAlExB,DoxXt,RzBklxU,eVOhOz,eVOhOz,KEnAlExB,RzBklxU,RzBklxU,DoxXt,KEnAlExB,DjoFmf,lRANhD,RzBklxU
Jedi Wagner, assuma o comando!