[vazia]
Toque! Toque, Dijê!
[vazia]
Toque! Toque, Dijê!
Toque! Toque, Dijê!
iSpRryzJb
[vazia]
[vazia]
[vazia]
[vazia]
iSpRryzJb
iSpRryzJb
iSpRryzJb
iSpRryzJb,brqmWR
iSpRryzJb
[vazia]
vsGJa
vsGJa
Toque! Toque, Dijê!
Toque! Toque, Dijê!
[vazia]
[vazia]
Toque! Toque, Dijê!
[vazia]
[vazia]
Toque! Toque, Dijê!
mKjwFQj
Toque! Toque, Dijê!
Toque! Toque, Dijê!
[vazia]
bsyBGEz
Toque! Toque, Dijê!
[vazia]
[vazia]
Toque! Toque, Dijê!
Toque! Toque, Dijê!
[vazia]
mKjwFQj,bsyBGEz,hFnXoDwQO,kUiUZLnBK
bsyBGEz,hFnXoDwQO,vsGJa
hFnXoDwQO
hFnXoDwQO
hFnXoDwQO
hFnXoDwQO
hFnXoDwQO,mKjwFQj
hFnXoDwQO
hFnXoDwQO
hFnXoDwQO,kUiUZLnBK
hFnXoDwQO,iSpRryzJb
hFnXoDwQO,iSpRryzJb
hFnXoDwQO
hFnXoDwQO
hFnXoDwQO
hFnXoDwQO,vsGJa
hFnXoDwQO,vsGJa
vsGJa
hFnXoDwQO,vsGJa
hFnXoDwQO,vsGJa
hFnXoDwQO,vsGJa,kUiUZLnBK
vsGJa
vsGJa
vsGJa
vsGJa
hFnXoDwQO
hFnXoDwQO,vsGJa
hFnXoDwQO,vsGJa
hFnXoDwQO,vsGJa,mKjwFQj,mKjwFQj,kUiUZLnBK
mKjwFQj
hFnXoDwQO,vsGJa,mKjwFQj,mKjwFQj,kUiUZLnBK,vsGJa
hFnXoDwQO,vsGJa,mKjwFQj,kUiUZLnBK,vsGJa
mKjwFQj
brqmWR
mKjwFQj
mKjwFQj
hFnXoDwQO,vsGJa,mKjwFQj,kUiUZLnBK,vsGJa,brqmWR
kUiUZLnBK
hFnXoDwQO
hFnXoDwQO
vsGJa,vsGJa,hFnXoDwQO,brqmWR,mKjwFQj,iSpRryzJb,brqmWR
mKjwFQj
mKjwFQj
vsGJa,hFnXoDwQO,mKjwFQj,iSpRryzJb,brqmWR
vsGJa,hFnXoDwQO,iSpRryzJb,brqmWR
brqmWR
brqmWR,bsyBGEz,vsGJa,kUiUZLnBK,kUiUZLnBK
brqmWR
brqmWR
brqmWR
brqmWR
brqmWR,bsyBGEz,vsGJa,kUiUZLnBK,hFnXoDwQO,vsGJa
vsGJa,vsGJa,hFnXoDwQO,brqmWR,iSpRryzJb,mKjwFQj,brqmWR
iSpRryzJb
vsGJa,vsGJa,brqmWR,iSpRryzJb,mKjwFQj,hFnXoDwQO,brqmWR,vsGJa
mKjwFQj
mKjwFQj
vsGJa,vsGJa,brqmWR,iSpRryzJb,mKjwFQj,hFnXoDwQO,brqmWR,vsGJa,iSpRryzJb
vsGJa,vsGJa,hFnXoDwQO,brqmWR,iSpRryzJb,mKjwFQj,brqmWR
vsGJa,vsGJa,hFnXoDwQO,brqmWR,iSpRryzJb,mKjwFQj,brqmWR
vsGJa,vsGJa,iSpRryzJb,mKjwFQj,hFnXoDwQO,brqmWR
vsGJa,hFnXoDwQO,brqmWR,iSpRryzJb,mKjwFQj,vsGJa,brqmWR,brqmWR
hFnXoDwQO,brqmWR,iSpRryzJb,mKjwFQj,vsGJa,brqmWR,brqmWR
vsGJa
vsGJa
brqmWR
mKjwFQj
mKjwFQj
mKjwFQj
mKjwFQj
mKjwFQj
vsGJa,vsGJa,hFnXoDwQO,brqmWR,iSpRryzJb,mKjwFQj,brqmWR
iSpRryzJb
vsGJa,vsGJa,hFnXoDwQO,brqmWR,mKjwFQj,iSpRryzJb,brqmWR
iSpRryzJb
iSpRryzJb
vsGJa,vsGJa,brqmWR,mKjwFQj,iSpRryzJb,brqmWR
iSpRryzJb
vsGJa,vsGJa,brqmWR,mKjwFQj,iSpRryzJb,brqmWR,mKjwFQj
mKjwFQj
mKjwFQj
brqmWR
brqmWR
vsGJa,vsGJa,hFnXoDwQO,brqmWR,iSpRryzJb,brqmWR
hFnXoDwQO
mKjwFQj
vsGJa,vsGJa,brqmWR,mKjwFQj,brqmWR,brqmWR,kUiUZLnBK
brqmWR
brqmWR
vsGJa,vsGJa,brqmWR,mKjwFQj,brqmWR,brqmWR,kUiUZLnBK,vsGJa,brqmWR
brqmWR
vsGJa,vsGJa,mKjwFQj,brqmWR,brqmWR,kUiUZLnBK,vsGJa,brqmWR
vsGJa,vsGJa,brqmWR,mKjwFQj,brqmWR,brqmWR,kUiUZLnBK
vsGJa
vsGJa
brqmWR
brqmWR
Jedi Wagner, assuma o comando!