[vazia]
Toque! Toque, Dijê!
Toque! Toque, Dijê!
[vazia]
[vazia]
Toque! Toque, Dijê!
[vazia]
Toque! Toque, Dijê!
GixKwnp
GixKwnp
GixKwnp
GixKwnp,JdGKEOoLsr
JdGKEOoLsr
GixKwnp,JdGKEOoLsr,JdGKEOoLsr,fRKflXayw
fRKflXayw
fRKflXayw
GixKwnp,JdGKEOoLsr,fRKflXayw,ChQcoyB,oeSEYnMxf
fRKflXayw
GixKwnp,JdGKEOoLsr,fRKflXayw,ChQcoyB,oeSEYnMxf
ChQcoyB
fRKflXayw
oeSEYnMxf
GixKwnp
GixKwnp,JdGKEOoLsr,fRKflXayw,oeSEYnMxf,GixKwnp,ChQcoyB
GixKwnp,JdGKEOoLsr,fRKflXayw,oeSEYnMxf,GixKwnp,ChQcoyB
GixKwnp,JdGKEOoLsr,fRKflXayw,oeSEYnMxf,GixKwnp,ChQcoyB,ChQcoyB,oeSEYnMxf
ChQcoyB
GixKwnp,JdGKEOoLsr,ChQcoyB,fRKflXayw,oeSEYnMxf,GixKwnp
GixKwnp
JdGKEOoLsr,fRKflXayw,GixKwnp,GixKwnp,oeSEYnMxf,JdGKEOoLsr,VaGHC,oeSEYnMxf
fRKflXayw,GixKwnp,GixKwnp,JdGKEOoLsr,LVbifGUR,oeSEYnMxf,JdGKEOoLsr,VaGHC,oeSEYnMxf
GixKwnp
GixKwnp
fRKflXayw
fRKflXayw
JdGKEOoLsr,GixKwnp,GixKwnp,oeSEYnMxf,fRKflXayw,JdGKEOoLsr,VaGHC,oeSEYnMxf,JdGKEOoLsr
JdGKEOoLsr,GixKwnp,GixKwnp,fRKflXayw,JdGKEOoLsr,VaGHC,oeSEYnMxf,ChQcoyB,ChQcoyB,oeSEYnMxf
GixKwnp,GixKwnp,fRKflXayw,JdGKEOoLsr,VaGHC,oeSEYnMxf,ChQcoyB,ChQcoyB,oeSEYnMxf,XfYGXywa
JdGKEOoLsr
JdGKEOoLsr,GixKwnp,GixKwnp,fRKflXayw,oeSEYnMxf,JdGKEOoLsr,VaGHC,VaGHC,oeSEYnMxf
JdGKEOoLsr,GixKwnp,GixKwnp,fRKflXayw,oeSEYnMxf,JdGKEOoLsr,VaGHC,VaGHC,oeSEYnMxf
oeSEYnMxf
oeSEYnMxf
JdGKEOoLsr,GixKwnp,GixKwnp,fRKflXayw,oeSEYnMxf,JdGKEOoLsr,VaGHC,VaGHC,oeSEYnMxf,LVbifGUR
oeSEYnMxf
VaGHC
VaGHC
JdGKEOoLsr,GixKwnp,fRKflXayw,JdGKEOoLsr,oeSEYnMxf,VaGHC,VaGHC,LVbifGUR,fRKflXayw,XfYGXywa,ChQcoyB
JdGKEOoLsr,fRKflXayw,JdGKEOoLsr,oeSEYnMxf,VaGHC,VaGHC,LVbifGUR,ChQcoyB,fRKflXayw,XfYGXywa,fRKflXayw,XfYGXywa,fRKflXayw,JdGKEOoLsr,LVbifGUR
ChQcoyB
ChQcoyB
XfYGXywa
fRKflXayw,JdGKEOoLsr,oeSEYnMxf,VaGHC,LVbifGUR,ChQcoyB,fRKflXayw,XfYGXywa,VaGHC,JdGKEOoLsr,fRKflXayw,XfYGXywa,fRKflXayw,JdGKEOoLsr,LVbifGUR,LVbifGUR
VaGHC
fRKflXayw,JdGKEOoLsr,oeSEYnMxf,VaGHC,LVbifGUR,ChQcoyB,fRKflXayw,XfYGXywa,VaGHC,JdGKEOoLsr,fRKflXayw,XfYGXywa,fRKflXayw,JdGKEOoLsr,LVbifGUR,LVbifGUR
fRKflXayw,JdGKEOoLsr,oeSEYnMxf,VaGHC,LVbifGUR,ChQcoyB,fRKflXayw,XfYGXywa,VaGHC,JdGKEOoLsr,fRKflXayw,XfYGXywa,fRKflXayw,JdGKEOoLsr,LVbifGUR,LVbifGUR
XfYGXywa
fRKflXayw,JdGKEOoLsr,VaGHC,VaGHC,LVbifGUR,ChQcoyB,fRKflXayw,XfYGXywa,fRKflXayw,XfYGXywa,fRKflXayw,JdGKEOoLsr,LVbifGUR,XfYGXywa
fRKflXayw,JdGKEOoLsr,VaGHC,VaGHC,LVbifGUR,ChQcoyB,fRKflXayw,XfYGXywa,fRKflXayw,XfYGXywa,fRKflXayw,JdGKEOoLsr,LVbifGUR,XfYGXywa
XfYGXywa
fRKflXayw,JdGKEOoLsr,VaGHC,VaGHC,fRKflXayw,XfYGXywa,oeSEYnMxf,fRKflXayw,XfYGXywa,fRKflXayw,JdGKEOoLsr,LVbifGUR,XfYGXywa
XfYGXywa
XfYGXywa
XfYGXywa
JdGKEOoLsr,fRKflXayw,JdGKEOoLsr,oeSEYnMxf,VaGHC,VaGHC,LVbifGUR,ChQcoyB,fRKflXayw,XfYGXywa,fRKflXayw,XfYGXywa,fRKflXayw,JdGKEOoLsr,LVbifGUR
JdGKEOoLsr,fRKflXayw,JdGKEOoLsr,oeSEYnMxf,VaGHC,VaGHC,LVbifGUR,ChQcoyB,fRKflXayw,XfYGXywa,fRKflXayw,XfYGXywa,fRKflXayw,JdGKEOoLsr,LVbifGUR,JdGKEOoLsr,oeSEYnMxf
JdGKEOoLsr,fRKflXayw,JdGKEOoLsr,oeSEYnMxf,VaGHC,VaGHC,LVbifGUR,ChQcoyB,fRKflXayw,XfYGXywa,fRKflXayw,XfYGXywa,fRKflXayw,JdGKEOoLsr,LVbifGUR,JdGKEOoLsr,oeSEYnMxf,JdGKEOoLsr,GixKwnp
JdGKEOoLsr,fRKflXayw,JdGKEOoLsr,oeSEYnMxf,VaGHC,VaGHC,LVbifGUR,ChQcoyB,fRKflXayw,XfYGXywa,fRKflXayw,XfYGXywa,fRKflXayw,JdGKEOoLsr,LVbifGUR
fRKflXayw,JdGKEOoLsr,oeSEYnMxf,VaGHC,VaGHC,LVbifGUR,ChQcoyB,fRKflXayw,XfYGXywa,fRKflXayw,XfYGXywa,fRKflXayw,JdGKEOoLsr,LVbifGUR
fRKflXayw,JdGKEOoLsr,oeSEYnMxf,VaGHC,VaGHC,LVbifGUR,fRKflXayw,fRKflXayw,ChQcoyB,XfYGXywa,fRKflXayw,JdGKEOoLsr,LVbifGUR
ChQcoyB
fRKflXayw,JdGKEOoLsr,oeSEYnMxf,VaGHC,VaGHC,LVbifGUR,fRKflXayw,fRKflXayw,XfYGXywa,fRKflXayw,JdGKEOoLsr,LVbifGUR,fRKflXayw,fRKflXayw
XfYGXywa
XfYGXywa
fRKflXayw,JdGKEOoLsr,oeSEYnMxf,VaGHC,VaGHC,LVbifGUR,fRKflXayw,fRKflXayw,XfYGXywa,fRKflXayw,JdGKEOoLsr,LVbifGUR,fRKflXayw,fRKflXayw
fRKflXayw,VaGHC,VaGHC,LVbifGUR,fRKflXayw,fRKflXayw,XfYGXywa,oeSEYnMxf,fRKflXayw,JdGKEOoLsr,LVbifGUR,fRKflXayw,fRKflXayw
fRKflXayw,VaGHC,VaGHC,LVbifGUR,fRKflXayw,fRKflXayw,XfYGXywa,oeSEYnMxf,fRKflXayw,JdGKEOoLsr,LVbifGUR,fRKflXayw,fRKflXayw
oeSEYnMxf
XfYGXywa
XfYGXywa
XfYGXywa
XfYGXywa
XfYGXywa
oeSEYnMxf
fRKflXayw,JdGKEOoLsr,VaGHC,VaGHC,LVbifGUR,ChQcoyB,fRKflXayw,XfYGXywa,oeSEYnMxf,JdGKEOoLsr,fRKflXayw,XfYGXywa,fRKflXayw,JdGKEOoLsr,LVbifGUR
JdGKEOoLsr
JdGKEOoLsr
fRKflXayw
fRKflXayw
XfYGXywa
XfYGXywa
XfYGXywa
fRKflXayw,VaGHC,VaGHC,ChQcoyB,fRKflXayw,XfYGXywa,JdGKEOoLsr,fRKflXayw,XfYGXywa,fRKflXayw,JdGKEOoLsr,LVbifGUR,ChQcoyB,XfYGXywa,XfYGXywa
fRKflXayw
XfYGXywa
XfYGXywa
fRKflXayw,JdGKEOoLsr,VaGHC,ChQcoyB,fRKflXayw,JdGKEOoLsr,fRKflXayw,LVbifGUR,XfYGXywa,XfYGXywa,fRKflXayw,JdGKEOoLsr,LVbifGUR,ChQcoyB,XfYGXywa
XfYGXywa
fRKflXayw,JdGKEOoLsr,VaGHC,ChQcoyB,fRKflXayw,JdGKEOoLsr,fRKflXayw,LVbifGUR,XfYGXywa,XfYGXywa,fRKflXayw,JdGKEOoLsr,LVbifGUR,ChQcoyB,XfYGXywa,JdGKEOoLsr
fRKflXayw,VaGHC,ChQcoyB,fRKflXayw,JdGKEOoLsr,fRKflXayw,LVbifGUR,XfYGXywa,XfYGXywa,JdGKEOoLsr,fRKflXayw,JdGKEOoLsr,LVbifGUR,ChQcoyB,XfYGXywa,JdGKEOoLsr
JdGKEOoLsr
JdGKEOoLsr
fRKflXayw,VaGHC,ChQcoyB,fRKflXayw,JdGKEOoLsr,fRKflXayw,LVbifGUR,XfYGXywa,JdGKEOoLsr,XfYGXywa,fRKflXayw,JdGKEOoLsr,LVbifGUR,ChQcoyB,XfYGXywa,JdGKEOoLsr,XfYGXywa,VaGHC,JdGKEOoLsr
XfYGXywa
LVbifGUR
XfYGXywa
fRKflXayw,JdGKEOoLsr,VaGHC,VaGHC,fRKflXayw,XfYGXywa,JdGKEOoLsr,fRKflXayw,LVbifGUR,XfYGXywa,fRKflXayw,JdGKEOoLsr,LVbifGUR,ChQcoyB,XfYGXywa
XfYGXywa
fRKflXayw
fRKflXayw,VaGHC,VaGHC,fRKflXayw,XfYGXywa,JdGKEOoLsr,fRKflXayw,LVbifGUR,XfYGXywa,fRKflXayw,JdGKEOoLsr,JdGKEOoLsr,LVbifGUR,ChQcoyB,XfYGXywa,GixKwnp
VaGHC,VaGHC,fRKflXayw,XfYGXywa,JdGKEOoLsr,fRKflXayw,LVbifGUR,XfYGXywa,fRKflXayw,JdGKEOoLsr,JdGKEOoLsr,LVbifGUR,ChQcoyB,XfYGXywa,GixKwnp
JdGKEOoLsr
JdGKEOoLsr
VaGHC,VaGHC,fRKflXayw,XfYGXywa,JdGKEOoLsr,fRKflXayw,LVbifGUR,XfYGXywa,fRKflXayw,JdGKEOoLsr,JdGKEOoLsr,LVbifGUR,ChQcoyB,XfYGXywa,GixKwnp,JdGKEOoLsr
JdGKEOoLsr
VaGHC,VaGHC,fRKflXayw,XfYGXywa,fRKflXayw,LVbifGUR,XfYGXywa,fRKflXayw,JdGKEOoLsr,JdGKEOoLsr,LVbifGUR,ChQcoyB,XfYGXywa,GixKwnp,JdGKEOoLsr
JdGKEOoLsr
JdGKEOoLsr
JdGKEOoLsr
fRKflXayw
fRKflXayw
VaGHC,VaGHC,XfYGXywa,JdGKEOoLsr,LVbifGUR,XfYGXywa,JdGKEOoLsr,fRKflXayw,GixKwnp,fRKflXayw,JdGKEOoLsr,LVbifGUR,ChQcoyB,XfYGXywa,JdGKEOoLsr
VaGHC,VaGHC,XfYGXywa,JdGKEOoLsr,LVbifGUR,XfYGXywa,JdGKEOoLsr,fRKflXayw,GixKwnp,fRKflXayw,JdGKEOoLsr,LVbifGUR,ChQcoyB,XfYGXywa,JdGKEOoLsr
VaGHC,VaGHC,XfYGXywa,JdGKEOoLsr,LVbifGUR,XfYGXywa,JdGKEOoLsr,fRKflXayw,GixKwnp,fRKflXayw,JdGKEOoLsr,LVbifGUR,ChQcoyB,XfYGXywa,JdGKEOoLsr
JdGKEOoLsr
LVbifGUR
VaGHC,fRKflXayw,XfYGXywa,JdGKEOoLsr,fRKflXayw,XfYGXywa,fRKflXayw,JdGKEOoLsr,LVbifGUR,GixKwnp,JdGKEOoLsr,LVbifGUR,ChQcoyB,XfYGXywa,JdGKEOoLsr,LVbifGUR
VaGHC,fRKflXayw,XfYGXywa,JdGKEOoLsr,fRKflXayw,XfYGXywa,fRKflXayw,JdGKEOoLsr,LVbifGUR,GixKwnp,JdGKEOoLsr,LVbifGUR,ChQcoyB,XfYGXywa,JdGKEOoLsr,LVbifGUR
VaGHC,fRKflXayw,XfYGXywa,JdGKEOoLsr,fRKflXayw,XfYGXywa,fRKflXayw,JdGKEOoLsr,GixKwnp,LVbifGUR,JdGKEOoLsr,LVbifGUR,ChQcoyB,XfYGXywa,JdGKEOoLsr,LVbifGUR
LVbifGUR
VaGHC,fRKflXayw,XfYGXywa,fRKflXayw,XfYGXywa,fRKflXayw,JdGKEOoLsr,GixKwnp,LVbifGUR,JdGKEOoLsr,LVbifGUR,ChQcoyB,XfYGXywa,JdGKEOoLsr,LVbifGUR,XfYGXywa,LVbifGUR
LVbifGUR
VaGHC,fRKflXayw,XfYGXywa,fRKflXayw,XfYGXywa,fRKflXayw,JdGKEOoLsr,GixKwnp,LVbifGUR,JdGKEOoLsr,LVbifGUR,ChQcoyB,XfYGXywa,JdGKEOoLsr,LVbifGUR,XfYGXywa,LVbifGUR
VaGHC,fRKflXayw,fRKflXayw,XfYGXywa,fRKflXayw,JdGKEOoLsr,GixKwnp,LVbifGUR,XfYGXywa,JdGKEOoLsr,LVbifGUR,ChQcoyB,XfYGXywa,JdGKEOoLsr,LVbifGUR,XfYGXywa,LVbifGUR
LVbifGUR
VaGHC,fRKflXayw,XfYGXywa,fRKflXayw,XfYGXywa,fRKflXayw,JdGKEOoLsr,GixKwnp,LVbifGUR,JdGKEOoLsr,LVbifGUR,ChQcoyB,XfYGXywa,JdGKEOoLsr,LVbifGUR,XfYGXywa,LVbifGUR
fRKflXayw
JdGKEOoLsr
JdGKEOoLsr
LVbifGUR
VaGHC,fRKflXayw,fRKflXayw,XfYGXywa,fRKflXayw,GixKwnp,LVbifGUR,XfYGXywa,JdGKEOoLsr,LVbifGUR,ChQcoyB,XfYGXywa,JdGKEOoLsr,LVbifGUR,XfYGXywa,LVbifGUR
VaGHC,fRKflXayw,XfYGXywa,fRKflXayw,XfYGXywa,fRKflXayw,GixKwnp,LVbifGUR,JdGKEOoLsr,LVbifGUR,ChQcoyB,XfYGXywa,JdGKEOoLsr,LVbifGUR,XfYGXywa,LVbifGUR
VaGHC,fRKflXayw,XfYGXywa,fRKflXayw,XfYGXywa,fRKflXayw,GixKwnp,LVbifGUR,JdGKEOoLsr,LVbifGUR,ChQcoyB,XfYGXywa,JdGKEOoLsr,LVbifGUR,XfYGXywa,LVbifGUR
LVbifGUR
LVbifGUR
VaGHC,fRKflXayw,XfYGXywa,fRKflXayw,XfYGXywa,fRKflXayw,GixKwnp,LVbifGUR,JdGKEOoLsr,LVbifGUR,ChQcoyB,XfYGXywa,JdGKEOoLsr,LVbifGUR,XfYGXywa,LVbifGUR,LVbifGUR,VaGHC
LVbifGUR
ChQcoyB
fRKflXayw
VaGHC,XfYGXywa,fRKflXayw,XfYGXywa,fRKflXayw,JdGKEOoLsr,GixKwnp,LVbifGUR,fRKflXayw,JdGKEOoLsr,LVbifGUR,ChQcoyB,XfYGXywa,JdGKEOoLsr,LVbifGUR,XfYGXywa,LVbifGUR,GixKwnp
fRKflXayw,XfYGXywa,fRKflXayw,JdGKEOoLsr,GixKwnp,LVbifGUR,fRKflXayw,JdGKEOoLsr,LVbifGUR,ChQcoyB,XfYGXywa,JdGKEOoLsr,LVbifGUR,XfYGXywa,LVbifGUR,GixKwnp
fRKflXayw,XfYGXywa,fRKflXayw,GixKwnp,fRKflXayw,JdGKEOoLsr,JdGKEOoLsr,LVbifGUR,LVbifGUR,ChQcoyB,XfYGXywa,JdGKEOoLsr,LVbifGUR,XfYGXywa,LVbifGUR,GixKwnp
ChQcoyB
fRKflXayw,XfYGXywa,fRKflXayw,GixKwnp,fRKflXayw,JdGKEOoLsr,JdGKEOoLsr,LVbifGUR,LVbifGUR,ChQcoyB,XfYGXywa,JdGKEOoLsr,LVbifGUR,XfYGXywa,LVbifGUR,GixKwnp
XfYGXywa
XfYGXywa
XfYGXywa
fRKflXayw,XfYGXywa,fRKflXayw,GixKwnp,fRKflXayw,JdGKEOoLsr,JdGKEOoLsr,LVbifGUR,LVbifGUR,ChQcoyB,XfYGXywa,JdGKEOoLsr,LVbifGUR,XfYGXywa,LVbifGUR,GixKwnp,ChQcoyB
XfYGXywa
XfYGXywa
fRKflXayw,XfYGXywa,fRKflXayw,GixKwnp,fRKflXayw,JdGKEOoLsr,JdGKEOoLsr,LVbifGUR,LVbifGUR,ChQcoyB,XfYGXywa,JdGKEOoLsr,LVbifGUR,XfYGXywa,LVbifGUR,GixKwnp
fRKflXayw,XfYGXywa,fRKflXayw,GixKwnp,fRKflXayw,JdGKEOoLsr,JdGKEOoLsr,LVbifGUR,LVbifGUR,ChQcoyB,XfYGXywa,JdGKEOoLsr,LVbifGUR,XfYGXywa,LVbifGUR,GixKwnp,fRKflXayw
JdGKEOoLsr
JdGKEOoLsr
fRKflXayw,XfYGXywa,fRKflXayw,GixKwnp,fRKflXayw,JdGKEOoLsr,JdGKEOoLsr,LVbifGUR,LVbifGUR,ChQcoyB,XfYGXywa,JdGKEOoLsr,LVbifGUR,XfYGXywa,LVbifGUR,GixKwnp,fRKflXayw,VaGHC
JdGKEOoLsr
JdGKEOoLsr
fRKflXayw,XfYGXywa,fRKflXayw,GixKwnp,fRKflXayw,JdGKEOoLsr,JdGKEOoLsr,LVbifGUR,LVbifGUR,XfYGXywa,JdGKEOoLsr,LVbifGUR,XfYGXywa,LVbifGUR,GixKwnp,fRKflXayw,VaGHC
GixKwnp
LVbifGUR
LVbifGUR
fRKflXayw,XfYGXywa,fRKflXayw,fRKflXayw,JdGKEOoLsr,JdGKEOoLsr,LVbifGUR,LVbifGUR,ChQcoyB,XfYGXywa,JdGKEOoLsr,GixKwnp,LVbifGUR,XfYGXywa,LVbifGUR,GixKwnp,fRKflXayw
LVbifGUR
fRKflXayw
fRKflXayw,fRKflXayw,fRKflXayw,JdGKEOoLsr,JdGKEOoLsr,LVbifGUR,LVbifGUR,ChQcoyB,JdGKEOoLsr,GixKwnp,LVbifGUR,XfYGXywa,LVbifGUR,GixKwnp,fRKflXayw,JdGKEOoLsr,VaGHC
fRKflXayw,fRKflXayw,fRKflXayw,JdGKEOoLsr,JdGKEOoLsr,LVbifGUR,LVbifGUR,ChQcoyB,JdGKEOoLsr,GixKwnp,LVbifGUR,LVbifGUR,GixKwnp,fRKflXayw,JdGKEOoLsr,VaGHC,VaGHC,ChQcoyB,LVbifGUR
fRKflXayw
fRKflXayw,fRKflXayw,fRKflXayw,JdGKEOoLsr,JdGKEOoLsr,LVbifGUR,LVbifGUR,ChQcoyB,JdGKEOoLsr,GixKwnp,LVbifGUR,XfYGXywa,LVbifGUR,GixKwnp,fRKflXayw,JdGKEOoLsr,VaGHC
JdGKEOoLsr
fRKflXayw,fRKflXayw,fRKflXayw,JdGKEOoLsr,JdGKEOoLsr,LVbifGUR,LVbifGUR,ChQcoyB,JdGKEOoLsr,LVbifGUR,LVbifGUR,GixKwnp,fRKflXayw,JdGKEOoLsr,GixKwnp,XfYGXywa,VaGHC
JdGKEOoLsr
fRKflXayw,fRKflXayw,JdGKEOoLsr,JdGKEOoLsr,LVbifGUR,LVbifGUR,ChQcoyB,JdGKEOoLsr,GixKwnp,LVbifGUR,XfYGXywa,LVbifGUR,GixKwnp,fRKflXayw,JdGKEOoLsr,VaGHC
JdGKEOoLsr
JdGKEOoLsr
fRKflXayw,fRKflXayw,fRKflXayw,JdGKEOoLsr,JdGKEOoLsr,LVbifGUR,LVbifGUR,ChQcoyB,JdGKEOoLsr,GixKwnp,LVbifGUR,XfYGXywa,LVbifGUR,GixKwnp,fRKflXayw,JdGKEOoLsr,VaGHC,LVbifGUR
JdGKEOoLsr
fRKflXayw,fRKflXayw,fRKflXayw,JdGKEOoLsr,JdGKEOoLsr,LVbifGUR,LVbifGUR,ChQcoyB,JdGKEOoLsr,GixKwnp,LVbifGUR,XfYGXywa,LVbifGUR,GixKwnp,fRKflXayw,JdGKEOoLsr,VaGHC,LVbifGUR,VaGHC
fRKflXayw,fRKflXayw,fRKflXayw,JdGKEOoLsr,JdGKEOoLsr,LVbifGUR,LVbifGUR,ChQcoyB,JdGKEOoLsr,GixKwnp,LVbifGUR,XfYGXywa,LVbifGUR,GixKwnp,fRKflXayw,JdGKEOoLsr,VaGHC,LVbifGUR,VaGHC
fRKflXayw,fRKflXayw,fRKflXayw,JdGKEOoLsr,JdGKEOoLsr,LVbifGUR,LVbifGUR,ChQcoyB,JdGKEOoLsr,GixKwnp,LVbifGUR,XfYGXywa,LVbifGUR,GixKwnp,fRKflXayw,VaGHC,JdGKEOoLsr
fRKflXayw,fRKflXayw,fRKflXayw,JdGKEOoLsr,JdGKEOoLsr,LVbifGUR,LVbifGUR,ChQcoyB,JdGKEOoLsr,LVbifGUR,XfYGXywa,LVbifGUR,GixKwnp,fRKflXayw,VaGHC,JdGKEOoLsr
fRKflXayw,fRKflXayw,fRKflXayw,JdGKEOoLsr,JdGKEOoLsr,LVbifGUR,LVbifGUR,ChQcoyB,JdGKEOoLsr,LVbifGUR,XfYGXywa,LVbifGUR,GixKwnp,fRKflXayw,VaGHC,JdGKEOoLsr
fRKflXayw,fRKflXayw,fRKflXayw,JdGKEOoLsr,JdGKEOoLsr,LVbifGUR,LVbifGUR,ChQcoyB,JdGKEOoLsr,LVbifGUR,XfYGXywa,LVbifGUR,GixKwnp,fRKflXayw,VaGHC,JdGKEOoLsr
fRKflXayw,JdGKEOoLsr,fRKflXayw,fRKflXayw,JdGKEOoLsr,LVbifGUR,LVbifGUR,ChQcoyB,JdGKEOoLsr,GixKwnp,LVbifGUR,XfYGXywa,LVbifGUR,GixKwnp,fRKflXayw,VaGHC,JdGKEOoLsr
fRKflXayw
fRKflXayw
fRKflXayw
fRKflXayw,JdGKEOoLsr,fRKflXayw,GixKwnp,fRKflXayw,JdGKEOoLsr,LVbifGUR,ChQcoyB,JdGKEOoLsr,LVbifGUR,XfYGXywa,LVbifGUR,GixKwnp,fRKflXayw,JdGKEOoLsr
fRKflXayw
fRKflXayw
fRKflXayw,JdGKEOoLsr,fRKflXayw,GixKwnp,fRKflXayw,JdGKEOoLsr,LVbifGUR,ChQcoyB,JdGKEOoLsr,LVbifGUR,XfYGXywa,LVbifGUR,GixKwnp,fRKflXayw,JdGKEOoLsr
fRKflXayw
fRKflXayw,fRKflXayw,GixKwnp,fRKflXayw,JdGKEOoLsr,JdGKEOoLsr,LVbifGUR,JdGKEOoLsr,LVbifGUR,XfYGXywa,LVbifGUR,GixKwnp,fRKflXayw,JdGKEOoLsr,XfYGXywa,oeSEYnMxf
fRKflXayw
fRKflXayw,JdGKEOoLsr,fRKflXayw,GixKwnp,fRKflXayw,JdGKEOoLsr,LVbifGUR,JdGKEOoLsr,LVbifGUR,XfYGXywa,LVbifGUR,GixKwnp,fRKflXayw,JdGKEOoLsr,XfYGXywa,oeSEYnMxf,XfYGXywa
fRKflXayw,JdGKEOoLsr,fRKflXayw,GixKwnp,fRKflXayw,JdGKEOoLsr,LVbifGUR,JdGKEOoLsr,LVbifGUR,XfYGXywa,LVbifGUR,GixKwnp,fRKflXayw,JdGKEOoLsr,XfYGXywa,oeSEYnMxf,XfYGXywa
fRKflXayw
fRKflXayw,JdGKEOoLsr,fRKflXayw,GixKwnp,fRKflXayw,JdGKEOoLsr,LVbifGUR,JdGKEOoLsr,LVbifGUR,XfYGXywa,LVbifGUR,GixKwnp,fRKflXayw,JdGKEOoLsr,XfYGXywa,oeSEYnMxf,XfYGXywa,JdGKEOoLsr,oeSEYnMxf
fRKflXayw,JdGKEOoLsr,fRKflXayw,GixKwnp,fRKflXayw,JdGKEOoLsr,LVbifGUR,JdGKEOoLsr,LVbifGUR,XfYGXywa,LVbifGUR,GixKwnp,fRKflXayw,JdGKEOoLsr,XfYGXywa,oeSEYnMxf,XfYGXywa,JdGKEOoLsr,oeSEYnMxf
GixKwnp
GixKwnp
JdGKEOoLsr,fRKflXayw,fRKflXayw,JdGKEOoLsr,GixKwnp,LVbifGUR,ChQcoyB,JdGKEOoLsr,LVbifGUR,XfYGXywa,LVbifGUR,GixKwnp,fRKflXayw,JdGKEOoLsr,ChQcoyB,ChQcoyB,ChQcoyB,XfYGXywa,GixKwnp
LVbifGUR
JdGKEOoLsr,fRKflXayw,JdGKEOoLsr,GixKwnp,LVbifGUR,XfYGXywa,fRKflXayw,JdGKEOoLsr,LVbifGUR,LVbifGUR,GixKwnp,fRKflXayw,JdGKEOoLsr,ChQcoyB,ChQcoyB,ChQcoyB,XfYGXywa,GixKwnp,fRKflXayw,LVbifGUR,ChQcoyB
fRKflXayw
JdGKEOoLsr,fRKflXayw,JdGKEOoLsr,GixKwnp,LVbifGUR,XfYGXywa,fRKflXayw,JdGKEOoLsr,LVbifGUR,LVbifGUR,GixKwnp,fRKflXayw,JdGKEOoLsr,ChQcoyB,ChQcoyB,ChQcoyB,XfYGXywa,GixKwnp,fRKflXayw,LVbifGUR,ChQcoyB
JdGKEOoLsr,fRKflXayw,JdGKEOoLsr,GixKwnp,LVbifGUR,XfYGXywa,fRKflXayw,JdGKEOoLsr,LVbifGUR,LVbifGUR,GixKwnp,fRKflXayw,JdGKEOoLsr,ChQcoyB,ChQcoyB,ChQcoyB,XfYGXywa,GixKwnp,fRKflXayw,LVbifGUR,ChQcoyB
fRKflXayw
JdGKEOoLsr,fRKflXayw,JdGKEOoLsr,GixKwnp,LVbifGUR,XfYGXywa,fRKflXayw,JdGKEOoLsr,LVbifGUR,LVbifGUR,GixKwnp,fRKflXayw,JdGKEOoLsr,ChQcoyB,ChQcoyB,ChQcoyB,XfYGXywa,GixKwnp,fRKflXayw,LVbifGUR,ChQcoyB,LVbifGUR,LVbifGUR
fRKflXayw
JdGKEOoLsr,fRKflXayw,JdGKEOoLsr,GixKwnp,LVbifGUR,XfYGXywa,oeSEYnMxf,fRKflXayw,JdGKEOoLsr,LVbifGUR,LVbifGUR,GixKwnp,fRKflXayw,JdGKEOoLsr,ChQcoyB,ChQcoyB,ChQcoyB,XfYGXywa,GixKwnp,fRKflXayw,LVbifGUR,ChQcoyB,JdGKEOoLsr
oeSEYnMxf
oeSEYnMxf
oeSEYnMxf
Jedi Wagner, assuma o comando!