[vazia]
[vazia]
j
j
j
j
j,j
j
j,j
j,j,XkRHthx
j
j,XkRHthx,j
[vazia]
XkRHthx
Toque! Toque, Dijê!
j
j
hQDuF
Toque! Toque, Dijê!
rHpcpkV
rHpcpkV
rHpcpkV
rHpcpkV
rHpcpkV
rHpcpkV,AC,r
AC
rHpcpkV,AC,r
rHpcpkV,AC,r
AC
rHpcpkV,AC
rHpcpkV,AC,AC
rHpcpkV,AC,AC
AC
AC
AC,rHpcpkV,AC
AC
rHpcpkV,AC,r,rHpcpkV
rHpcpkV,AC,r,rHpcpkV
rHpcpkV,AC,r,rHpcpkV
AC
r
r
r
rHpcpkV,r,AC,rHpcpkV,r
AC
rHpcpkV,r,AC,rHpcpkV,r
AC
rHpcpkV,r,AC,rHpcpkV,r
rHpcpkV,r,AC,rHpcpkV,r
AC
rHpcpkV,r,AC,rHpcpkV,r
rHpcpkV
rHpcpkV
rHpcpkV
rHpcpkV
rHpcpkV
rHpcpkV
rHpcpkV,r,AC,rHpcpkV,r
rHpcpkV,r,AC,rHpcpkV,r
rHpcpkV
rHpcpkV
rHpcpkV,AC,rHpcpkV,r,r
r
r
r
rHpcpkV,AC,rHpcpkV,r,r,rHpcpkV,XkRHthx,AC
rHpcpkV,AC,rHpcpkV,r,r,rHpcpkV,XkRHthx,AC
rHpcpkV,AC,rHpcpkV,r,r,rHpcpkV,XkRHthx,AC
r
rHpcpkV,AC,rHpcpkV,r,r,rHpcpkV,XkRHthx
r
r
r
rHpcpkV,AC,rHpcpkV,r,r,rHpcpkV,XkRHthx
rHpcpkV,AC,rHpcpkV,r,r,XkRHthx
r
rHpcpkV,AC,rHpcpkV,r,r,XkRHthx,j,hQDuF
r
AC,r,r,rHpcpkV,j,hQDuF,anqavXy,anqavXy
rHpcpkV,AC,rHpcpkV,r,XkRHthx,j,hQDuF,rHpcpkV
rHpcpkV,AC,rHpcpkV,r,r,XkRHthx,j,hQDuF
r
r
rHpcpkV
rHpcpkV
rHpcpkV
j
AC,rHpcpkV,r,r,rHpcpkV,j,hQDuF,rHpcpkV,anqavXy
AC,rHpcpkV,r,r,rHpcpkV,j,hQDuF,rHpcpkV,anqavXy
rHpcpkV
rHpcpkV,r,rHpcpkV,j,hQDuF,rHpcpkV,r,AC,anqavXy,hQDuF
r
r
AC
rHpcpkV,r,rHpcpkV,j,hQDuF,rHpcpkV,r,AC,anqavXy,hQDuF,anqavXy,LiqPeQpNYW
j
j
anqavXy
rHpcpkV,r,rHpcpkV,hQDuF,rHpcpkV,r,AC,j,anqavXy,hQDuF,anqavXy,LiqPeQpNYW
hQDuF
hQDuF
hQDuF
hQDuF
hQDuF
LiqPeQpNYW
rHpcpkV,r,rHpcpkV,hQDuF,rHpcpkV,r,AC,hQDuF,anqavXy,LiqPeQpNYW,XkRHthx,AC,LiqPeQpNYW
LiqPeQpNYW
LiqPeQpNYW
AC
AC
rHpcpkV,rHpcpkV,hQDuF,rHpcpkV,j,hQDuF,LiqPeQpNYW,AC,anqavXy,AC,LiqPeQpNYW,LiqPeQpNYW,AC
anqavXy
rHpcpkV,rHpcpkV,hQDuF,rHpcpkV,j,hQDuF,LiqPeQpNYW,AC,anqavXy,AC,LiqPeQpNYW,LiqPeQpNYW,AC
rHpcpkV,hQDuF,rHpcpkV,j,hQDuF,LiqPeQpNYW,AC,anqavXy,AC,LiqPeQpNYW,LiqPeQpNYW,AC,XkRHthx
rHpcpkV,hQDuF,rHpcpkV,j,hQDuF,LiqPeQpNYW,AC,anqavXy,AC,LiqPeQpNYW,LiqPeQpNYW,AC,XkRHthx
AC
AC
LiqPeQpNYW
rHpcpkV,hQDuF,rHpcpkV,hQDuF,anqavXy,AC,LiqPeQpNYW,LiqPeQpNYW,AC,AC,XkRHthx,hQDuF,AC
rHpcpkV,hQDuF,rHpcpkV,hQDuF,AC,anqavXy,AC,LiqPeQpNYW,LiqPeQpNYW,AC,LiqPeQpNYW,XkRHthx,hQDuF,AC
AC
XkRHthx
XkRHthx
hQDuF,rHpcpkV,hQDuF,LiqPeQpNYW,AC,anqavXy,AC,LiqPeQpNYW,LiqPeQpNYW,AC,XkRHthx,hQDuF,AC
hQDuF
rHpcpkV,hQDuF,LiqPeQpNYW,anqavXy,AC,LiqPeQpNYW,LiqPeQpNYW,AC,XkRHthx,hQDuF,hQDuF,AC
hQDuF,rHpcpkV,hQDuF,LiqPeQpNYW,anqavXy,AC,LiqPeQpNYW,LiqPeQpNYW,AC,XkRHthx,hQDuF,AC
hQDuF,rHpcpkV,hQDuF,LiqPeQpNYW,anqavXy,LiqPeQpNYW,LiqPeQpNYW,AC,XkRHthx,hQDuF,AC,AC,XkRHthx
anqavXy
AC
hQDuF,rHpcpkV,hQDuF,LiqPeQpNYW,LiqPeQpNYW,LiqPeQpNYW,AC,XkRHthx,hQDuF,AC,AC,XkRHthx,AC,r
hQDuF,rHpcpkV,hQDuF,LiqPeQpNYW,AC,anqavXy,AC,LiqPeQpNYW,LiqPeQpNYW,AC,XkRHthx,hQDuF,AC
hQDuF,hQDuF,LiqPeQpNYW,AC,anqavXy,AC,LiqPeQpNYW,LiqPeQpNYW,AC,XkRHthx,hQDuF,AC
hQDuF
hQDuF
AC
AC
hQDuF,rHpcpkV,hQDuF,LiqPeQpNYW,AC,anqavXy,AC,LiqPeQpNYW,LiqPeQpNYW,AC,XkRHthx,hQDuF,AC
rHpcpkV,hQDuF,LiqPeQpNYW,anqavXy,LiqPeQpNYW,LiqPeQpNYW,AC,XkRHthx,hQDuF,AC,LiqPeQpNYW
rHpcpkV,hQDuF,LiqPeQpNYW,anqavXy,LiqPeQpNYW,LiqPeQpNYW,AC,XkRHthx,hQDuF,AC,LiqPeQpNYW
rHpcpkV,hQDuF,LiqPeQpNYW,anqavXy,LiqPeQpNYW,LiqPeQpNYW,AC,XkRHthx,hQDuF,AC,LiqPeQpNYW
rHpcpkV,hQDuF,anqavXy,LiqPeQpNYW,LiqPeQpNYW,AC,XkRHthx,hQDuF,AC,LiqPeQpNYW
hQDuF
hQDuF
hQDuF
hQDuF
rHpcpkV,hQDuF,LiqPeQpNYW,anqavXy,LiqPeQpNYW,LiqPeQpNYW,AC,XkRHthx,hQDuF,AC,LiqPeQpNYW,j
hQDuF
rHpcpkV,hQDuF,LiqPeQpNYW,anqavXy,LiqPeQpNYW,LiqPeQpNYW,AC,XkRHthx,hQDuF,AC,LiqPeQpNYW,r,hQDuF
rHpcpkV,hQDuF,LiqPeQpNYW,anqavXy,LiqPeQpNYW,LiqPeQpNYW,AC,XkRHthx,hQDuF,AC,LiqPeQpNYW,r,hQDuF
rHpcpkV,XkRHthx,hQDuF,LiqPeQpNYW,anqavXy,LiqPeQpNYW,LiqPeQpNYW,hQDuF,AC,LiqPeQpNYW,r,hQDuF
anqavXy
anqavXy,XkRHthx,hQDuF,LiqPeQpNYW,LiqPeQpNYW,LiqPeQpNYW,hQDuF,AC,LiqPeQpNYW,r,hQDuF,rHpcpkV
anqavXy,XkRHthx,hQDuF,LiqPeQpNYW,LiqPeQpNYW,LiqPeQpNYW,hQDuF,AC,LiqPeQpNYW,r,hQDuF,rHpcpkV
anqavXy
anqavXy
anqavXy,XkRHthx,hQDuF,LiqPeQpNYW,LiqPeQpNYW,LiqPeQpNYW,hQDuF,AC,LiqPeQpNYW,hQDuF,rHpcpkV,anqavXy
anqavXy,XkRHthx,hQDuF,LiqPeQpNYW,LiqPeQpNYW,LiqPeQpNYW,hQDuF,AC,LiqPeQpNYW,hQDuF,rHpcpkV,anqavXy
XkRHthx
anqavXy,rHpcpkV,XkRHthx,hQDuF,LiqPeQpNYW,LiqPeQpNYW,LiqPeQpNYW,hQDuF,LiqPeQpNYW,hQDuF,anqavXy,AC
anqavXy,rHpcpkV,XkRHthx,hQDuF,LiqPeQpNYW,LiqPeQpNYW,LiqPeQpNYW,hQDuF,LiqPeQpNYW,hQDuF,anqavXy,AC
XkRHthx
anqavXy,rHpcpkV,hQDuF,LiqPeQpNYW,LiqPeQpNYW,LiqPeQpNYW,hQDuF,LiqPeQpNYW,hQDuF,anqavXy,AC,r
anqavXy,rHpcpkV,hQDuF,LiqPeQpNYW,LiqPeQpNYW,LiqPeQpNYW,hQDuF,LiqPeQpNYW,hQDuF,anqavXy,AC,r
hQDuF
anqavXy,rHpcpkV,hQDuF,AC,r,LiqPeQpNYW,LiqPeQpNYW,LiqPeQpNYW,hQDuF,LiqPeQpNYW,hQDuF,anqavXy
hQDuF
rHpcpkV,hQDuF,anqavXy,r,LiqPeQpNYW,LiqPeQpNYW,LiqPeQpNYW,hQDuF,LiqPeQpNYW,hQDuF,anqavXy,AC,rHpcpkV
hQDuF
XkRHthx
XkRHthx
anqavXy,rHpcpkV,XkRHthx,hQDuF,LiqPeQpNYW,LiqPeQpNYW,LiqPeQpNYW,hQDuF,LiqPeQpNYW,hQDuF,anqavXy,AC
rHpcpkV,XkRHthx,hQDuF,LiqPeQpNYW,LiqPeQpNYW,LiqPeQpNYW,hQDuF,LiqPeQpNYW,hQDuF,anqavXy,AC,j
rHpcpkV,XkRHthx,hQDuF,LiqPeQpNYW,LiqPeQpNYW,LiqPeQpNYW,hQDuF,LiqPeQpNYW,hQDuF,anqavXy,AC,j
XkRHthx
XkRHthx
XkRHthx
anqavXy,rHpcpkV,XkRHthx,hQDuF,LiqPeQpNYW,LiqPeQpNYW,LiqPeQpNYW,hQDuF,LiqPeQpNYW,hQDuF,anqavXy,AC
XkRHthx
XkRHthx
rHpcpkV,XkRHthx,anqavXy,LiqPeQpNYW,LiqPeQpNYW,LiqPeQpNYW,hQDuF,LiqPeQpNYW,hQDuF,anqavXy,LiqPeQpNYW
rHpcpkV,anqavXy,hQDuF,XkRHthx,LiqPeQpNYW,LiqPeQpNYW,LiqPeQpNYW,LiqPeQpNYW,hQDuF,anqavXy,LiqPeQpNYW
rHpcpkV,anqavXy,hQDuF,XkRHthx,LiqPeQpNYW,LiqPeQpNYW,LiqPeQpNYW,LiqPeQpNYW,hQDuF,anqavXy,LiqPeQpNYW
rHpcpkV,anqavXy,hQDuF,XkRHthx,LiqPeQpNYW,LiqPeQpNYW,LiqPeQpNYW,LiqPeQpNYW,hQDuF,anqavXy,LiqPeQpNYW
hQDuF
rHpcpkV,anqavXy,hQDuF,XkRHthx,LiqPeQpNYW,LiqPeQpNYW,LiqPeQpNYW,LiqPeQpNYW,hQDuF,anqavXy,LiqPeQpNYW,AC
rHpcpkV,anqavXy,hQDuF,XkRHthx,LiqPeQpNYW,LiqPeQpNYW,LiqPeQpNYW,LiqPeQpNYW,hQDuF,anqavXy,LiqPeQpNYW,AC,AC,r
rHpcpkV,anqavXy,hQDuF,XkRHthx,LiqPeQpNYW,LiqPeQpNYW,LiqPeQpNYW,LiqPeQpNYW,hQDuF,anqavXy,LiqPeQpNYW,AC,AC,r
rHpcpkV,anqavXy,XkRHthx,LiqPeQpNYW,r,hQDuF,LiqPeQpNYW,LiqPeQpNYW,LiqPeQpNYW,hQDuF,anqavXy,LiqPeQpNYW,AC,AC
rHpcpkV,anqavXy,XkRHthx,LiqPeQpNYW,r,hQDuF,LiqPeQpNYW,LiqPeQpNYW,LiqPeQpNYW,hQDuF,anqavXy,LiqPeQpNYW,AC,AC
rHpcpkV,anqavXy,hQDuF,XkRHthx,LiqPeQpNYW,LiqPeQpNYW,LiqPeQpNYW,LiqPeQpNYW,hQDuF,anqavXy,LiqPeQpNYW,AC,AC,r
LiqPeQpNYW
Jedi Wagner, assuma o comando!