Toque! Toque, Dijê!
Toque! Toque, Dijê!
Toque! Toque, Dijê!
Toque! Toque, Dijê!
BcrsuRN
[vazia]
[vazia]
[vazia]
[vazia]
BcrsuRN,BcrsuRN
BcrsuRN,BcrsuRN
[vazia]
Toque! Toque, Dijê!
Toque! Toque, Dijê!
[vazia]
Toque! Toque, Dijê!
[vazia]
Toque! Toque, Dijê!
[vazia]
BcrsuRN
BcrsuRN
BcrsuRN
BcrsuRN
BcrsuRN,BcrsuRN,BcrsuRN
BcrsuRN,BcrsuRN
BcrsuRN
BcrsuRN,BcrsuRN,BcrsuRN
BcrsuRN,BcrsuRN,BcrsuRN,BcrsuRN
BcrsuRN
BcrsuRN,BcrsuRN
BcrsuRN,BcrsuRN,BcrsuRN
BcrsuRN,BcrsuRN,BcrsuRN
BcrsuRN,BcrsuRN,BcrsuRN
BcrsuRN,BcrsuRN
BcrsuRN
BcrsuRN
Jedi Wagner, assuma o comando!