[vazia]
[vazia]
Toque! Toque, Dijê!
J
J,x,x
J,x,J
J
J
x,J,J,OpAZ,OpAZ,yGyGzo
x,J,yGyGzo,J,OpAZ,OpAZ
yGyGzo
yGyGzo
yGyGzo
J,J,OpAZ,OpAZ,TbIuvJXIj
J
J,J,OpAZ,OpAZ,TbIuvJXIj,dwO
OpAZ
OpAZ
J,OpAZ,OpAZ,dwO,pkDYDUdng
pkDYDUdng
OpAZ,OpAZ,dwO,pkDYDUdng,J
J,OpAZ,OpAZ,dwO,pkDYDUdng,ynh
J,OpAZ,OpAZ,ynh,pkDYDUdng
J,OpAZ,OpAZ,dwO,pkDYDUdng
J,OpAZ,OpAZ,dwO,pkDYDUdng
J,pkDYDUdng,OpAZ,OpAZ,dwO
J
J
J,OpAZ,OpAZ,dwO,pkDYDUdng
J,OpAZ,OpAZ,dwO
J
J,OpAZ,OpAZ,dwO
J,OpAZ,OpAZ,dwO
OpAZ
OpAZ
OpAZ
OpAZ,OpAZ,J,yGyGzo,OpAZ,yGyGzo,ynh,yGyGzo,pkDYDUdng,yGyGzo,J
OpAZ,OpAZ,J,yGyGzo,OpAZ,yGyGzo,yGyGzo,yGyGzo,J
OpAZ
OpAZ,OpAZ,J,yGyGzo,OpAZ,yGyGzo,ynh,yGyGzo,pkDYDUdng,yGyGzo,J,yGyGzo,pkDYDUdng
OpAZ
OpAZ,OpAZ,J,yGyGzo,OpAZ,yGyGzo,ynh,yGyGzo,pkDYDUdng,yGyGzo,J,yGyGzo,pkDYDUdng
OpAZ,OpAZ,J,yGyGzo,OpAZ,yGyGzo,ynh,yGyGzo,pkDYDUdng,yGyGzo,J,yGyGzo,pkDYDUdng
OpAZ,yGyGzo,OpAZ,yGyGzo,ynh,yGyGzo,pkDYDUdng,J
OpAZ,yGyGzo,OpAZ,yGyGzo,ynh,yGyGzo,pkDYDUdng,pkDYDUdng
yGyGzo
OpAZ,yGyGzo,OpAZ,yGyGzo,ynh,yGyGzo,pkDYDUdng,pkDYDUdng
yGyGzo,OpAZ,OpAZ,yGyGzo,ynh,yGyGzo,pkDYDUdng,pkDYDUdng
yGyGzo,OpAZ,OpAZ,yGyGzo,ynh,yGyGzo,pkDYDUdng,pkDYDUdng
OpAZ,yGyGzo,OpAZ,yGyGzo,ynh,yGyGzo,pkDYDUdng,pkDYDUdng,pkDYDUdng
OpAZ,yGyGzo,OpAZ,yGyGzo,ynh,yGyGzo,pkDYDUdng,pkDYDUdng,pkDYDUdng
yGyGzo
yGyGzo
yGyGzo
OpAZ,yGyGzo,OpAZ,yGyGzo,yGyGzo,pkDYDUdng,pkDYDUdng,pkDYDUdng,yGyGzo
OpAZ
OpAZ
OpAZ
OpAZ,yGyGzo,pkDYDUdng,OpAZ,yGyGzo,yGyGzo,pkDYDUdng,pkDYDUdng,yGyGzo,pkDYDUdng,TbIuvJXIj,yGyGzo
yGyGzo
OpAZ,pkDYDUdng,OpAZ,yGyGzo,yGyGzo,yGyGzo,pkDYDUdng,pkDYDUdng,yGyGzo,pkDYDUdng,TbIuvJXIj
OpAZ,pkDYDUdng,OpAZ,yGyGzo,yGyGzo,pkDYDUdng,pkDYDUdng,yGyGzo,pkDYDUdng,TbIuvJXIj
yGyGzo
OpAZ,OpAZ,yGyGzo,pkDYDUdng,yGyGzo,pkDYDUdng,pkDYDUdng,yGyGzo,pkDYDUdng,TbIuvJXIj
OpAZ,pkDYDUdng,OpAZ,yGyGzo,yGyGzo,yGyGzo,pkDYDUdng,pkDYDUdng,yGyGzo,pkDYDUdng,TbIuvJXIj
yGyGzo
OpAZ,pkDYDUdng,OpAZ,yGyGzo,yGyGzo,yGyGzo,pkDYDUdng,pkDYDUdng,yGyGzo,pkDYDUdng,TbIuvJXIj
yGyGzo
yGyGzo
yGyGzo
OpAZ,yGyGzo,yGyGzo,yGyGzo,pkDYDUdng,pkDYDUdng,yGyGzo,pkDYDUdng,yGyGzo,yGyGzo
yGyGzo
pkDYDUdng
OpAZ,OpAZ,yGyGzo,pkDYDUdng,yGyGzo,pkDYDUdng,pkDYDUdng,yGyGzo,pkDYDUdng,TbIuvJXIj
pkDYDUdng
Jedi Wagner, assuma o comando!