ljbEwoxEsu
ljbEwoxEsu
Toque! Toque, Dijê!
Toque! Toque, Dijê!
[vazia]
Toque! Toque, Dijê!
Toque! Toque, Dijê!
[vazia]
[vazia]
ToOtja
ToOtja
ToOtja
ToOtja
ToOtja
ToOtja,IST
IST
ToOtja,WrJPYzOaSX,WrJPYzOaSX,ljbEwoxEsu
WrJPYzOaSX
ToOtja,WrJPYzOaSX,WrJPYzOaSX,ljbEwoxEsu
ToOtja,WrJPYzOaSX,WrJPYzOaSX
WrJPYzOaSX
WrJPYzOaSX,WrJPYzOaSX,ljbEwoxEsu
WrJPYzOaSX,ljbEwoxEsu
WrJPYzOaSX
WrJPYzOaSX
ToOtja,WrJPYzOaSX,WrJPYzOaSX,ljbEwoxEsu,WrJPYzOaSX
WrJPYzOaSX,WrJPYzOaSX,ToOtja,ljbEwoxEsu,WrJPYzOaSX
WrJPYzOaSX
WrJPYzOaSX,WrJPYzOaSX,ToOtja,ljbEwoxEsu,WrJPYzOaSX,WrJPYzOaSX
WrJPYzOaSX,WrJPYzOaSX,ToOtja,ljbEwoxEsu,WrJPYzOaSX,WrJPYzOaSX
WrJPYzOaSX,ljbEwoxEsu,ToOtja
WrJPYzOaSX
WrJPYzOaSX,ToOtja,ljbEwoxEsu
WrJPYzOaSX,ToOtja,ljbEwoxEsu
WrJPYzOaSX
ToOtja,WrJPYzOaSX,WrJPYzOaSX,ljbEwoxEsu
WrJPYzOaSX
WrJPYzOaSX
WrJPYzOaSX,WrJPYzOaSX,ljbEwoxEsu,WrJPYzOaSX,IST
WrJPYzOaSX
WrJPYzOaSX,ljbEwoxEsu,WrJPYzOaSX
ljbEwoxEsu
WrJPYzOaSX,ljbEwoxEsu,WrJPYzOaSX,IST,ljbEwoxEsu,ljbEwoxEsu
WrJPYzOaSX,ljbEwoxEsu,WrJPYzOaSX,ljbEwoxEsu,ljbEwoxEsu,IST
ljbEwoxEsu,ljbEwoxEsu,WrJPYzOaSX,WrJPYzOaSX,ljbEwoxEsu,IST
IST
IST
ljbEwoxEsu
ljbEwoxEsu
ljbEwoxEsu
ljbEwoxEsu
WrJPYzOaSX,IST,ljbEwoxEsu,ljbEwoxEsu,ljbEwoxEsu,IST
ljbEwoxEsu
ljbEwoxEsu
ljbEwoxEsu
ljbEwoxEsu
WrJPYzOaSX,IST,ljbEwoxEsu,ljbEwoxEsu,ljbEwoxEsu,IST
IST
IST
ljbEwoxEsu,ljbEwoxEsu,IST,IST,WrJPYzOaSX
IST
ljbEwoxEsu,IST,IST
ljbEwoxEsu,ljbEwoxEsu,IST,IST,WrJPYzOaSX
IST
ljbEwoxEsu,ljbEwoxEsu,IST,IST,WrJPYzOaSX,ljbEwoxEsu
IST
ljbEwoxEsu,ljbEwoxEsu,IST,IST,WrJPYzOaSX,ljbEwoxEsu
WrJPYzOaSX
WrJPYzOaSX
WrJPYzOaSX
ljbEwoxEsu
ljbEwoxEsu
IST,IST,WrJPYzOaSX,ljbEwoxEsu,ljbEwoxEsu,ljbEwoxEsu
IST,IST,WrJPYzOaSX,ljbEwoxEsu,ljbEwoxEsu,ljbEwoxEsu
IST,IST,WrJPYzOaSX,ljbEwoxEsu,ljbEwoxEsu,ljbEwoxEsu,ljbEwoxEsu
ljbEwoxEsu
ljbEwoxEsu
ljbEwoxEsu
ljbEwoxEsu
IST,ljbEwoxEsu,ljbEwoxEsu,IST,ljbEwoxEsu,ToOtja
ljbEwoxEsu
ljbEwoxEsu
ljbEwoxEsu,ToOtja,ljbEwoxEsu,IST,ljbEwoxEsu
ToOtja
IST,IST,WrJPYzOaSX,ljbEwoxEsu,ljbEwoxEsu,ljbEwoxEsu
IST,IST,WrJPYzOaSX,ToOtja,ljbEwoxEsu,ljbEwoxEsu,WrJPYzOaSX
IST,WrJPYzOaSX,ljbEwoxEsu,ljbEwoxEsu,IST,ljbEwoxEsu,WrJPYzOaSX,WrJPYzOaSX
WrJPYzOaSX
IST,WrJPYzOaSX,ljbEwoxEsu,ljbEwoxEsu,IST,ljbEwoxEsu,WrJPYzOaSX,WrJPYzOaSX,IST,IST
IST,WrJPYzOaSX,ljbEwoxEsu,ljbEwoxEsu,IST,ljbEwoxEsu,WrJPYzOaSX,WrJPYzOaSX,IST,IST,ToOtja
IST,WrJPYzOaSX,ljbEwoxEsu,ljbEwoxEsu,IST,ljbEwoxEsu,WrJPYzOaSX,WrJPYzOaSX,IST,IST,ToOtja
ljbEwoxEsu,IST,ljbEwoxEsu,WrJPYzOaSX,WrJPYzOaSX,IST
ljbEwoxEsu,IST,ljbEwoxEsu,WrJPYzOaSX,WrJPYzOaSX,IST
ljbEwoxEsu,IST,ljbEwoxEsu,WrJPYzOaSX,WrJPYzOaSX,IST
ljbEwoxEsu,WrJPYzOaSX,IST,ljbEwoxEsu,WrJPYzOaSX,IST,IST
ljbEwoxEsu,IST,ljbEwoxEsu,WrJPYzOaSX,WrJPYzOaSX,IST,WrJPYzOaSX
ljbEwoxEsu,IST,ljbEwoxEsu,WrJPYzOaSX,WrJPYzOaSX,IST,WrJPYzOaSX
WrJPYzOaSX
ljbEwoxEsu,IST,WrJPYzOaSX,ljbEwoxEsu,WrJPYzOaSX,IST,WrJPYzOaSX
ljbEwoxEsu,IST,WrJPYzOaSX,ljbEwoxEsu,WrJPYzOaSX,IST,WrJPYzOaSX,WrJPYzOaSX,IST
IST,WrJPYzOaSX,ljbEwoxEsu,WrJPYzOaSX,IST,WrJPYzOaSX,WrJPYzOaSX,IST
IST,WrJPYzOaSX,ljbEwoxEsu,WrJPYzOaSX,IST,WrJPYzOaSX,WrJPYzOaSX,IST,WrJPYzOaSX,ToOtja,ljbEwoxEsu,ToOtja
ljbEwoxEsu
IST,WrJPYzOaSX,ljbEwoxEsu,WrJPYzOaSX,IST,WrJPYzOaSX,WrJPYzOaSX,IST,WrJPYzOaSX,ToOtja,ljbEwoxEsu,ToOtja
IST,WrJPYzOaSX,ljbEwoxEsu,WrJPYzOaSX,IST,WrJPYzOaSX,WrJPYzOaSX,IST,WrJPYzOaSX,ToOtja,ljbEwoxEsu,ToOtja
ljbEwoxEsu
IST,WrJPYzOaSX,ljbEwoxEsu,WrJPYzOaSX,IST,WrJPYzOaSX,WrJPYzOaSX,IST,WrJPYzOaSX,ToOtja,ljbEwoxEsu,ToOtja
ljbEwoxEsu,IST,WrJPYzOaSX,ljbEwoxEsu,WrJPYzOaSX,IST,WrJPYzOaSX,WrJPYzOaSX,IST
ljbEwoxEsu
ljbEwoxEsu
ljbEwoxEsu,IST,ljbEwoxEsu,WrJPYzOaSX,IST,WrJPYzOaSX,WrJPYzOaSX,IST
ljbEwoxEsu,IST,ljbEwoxEsu,WrJPYzOaSX,IST,WrJPYzOaSX,WrJPYzOaSX,IST
ljbEwoxEsu,IST,WrJPYzOaSX,ljbEwoxEsu,WrJPYzOaSX,IST,WrJPYzOaSX,WrJPYzOaSX,IST
ljbEwoxEsu,IST,WrJPYzOaSX,ljbEwoxEsu,WrJPYzOaSX,IST,WrJPYzOaSX,WrJPYzOaSX,IST
ljbEwoxEsu,IST,WrJPYzOaSX,ljbEwoxEsu,WrJPYzOaSX,IST,WrJPYzOaSX,WrJPYzOaSX,IST
ljbEwoxEsu,IST,WrJPYzOaSX,ljbEwoxEsu,WrJPYzOaSX,IST,WrJPYzOaSX,WrJPYzOaSX,IST
ljbEwoxEsu
IST,WrJPYzOaSX,ljbEwoxEsu,ljbEwoxEsu,WrJPYzOaSX,IST,WrJPYzOaSX,WrJPYzOaSX,IST
WrJPYzOaSX
IST,ljbEwoxEsu,ljbEwoxEsu,WrJPYzOaSX,IST,WrJPYzOaSX,WrJPYzOaSX,IST
WrJPYzOaSX
IST,ljbEwoxEsu,ljbEwoxEsu,WrJPYzOaSX,IST,WrJPYzOaSX,WrJPYzOaSX,IST
IST,ljbEwoxEsu,ljbEwoxEsu,WrJPYzOaSX,IST,WrJPYzOaSX,WrJPYzOaSX,IST
IST,ljbEwoxEsu,ljbEwoxEsu,WrJPYzOaSX,IST,WrJPYzOaSX,WrJPYzOaSX,IST
ljbEwoxEsu
WrJPYzOaSX,ljbEwoxEsu,IST,WrJPYzOaSX,IST,WrJPYzOaSX,WrJPYzOaSX,IST
IST
IST
WrJPYzOaSX,ljbEwoxEsu,IST,WrJPYzOaSX,IST,WrJPYzOaSX,WrJPYzOaSX,IST,IST,ljbEwoxEsu
ljbEwoxEsu,IST,WrJPYzOaSX,ljbEwoxEsu,WrJPYzOaSX,IST,WrJPYzOaSX,WrJPYzOaSX,IST
ljbEwoxEsu,IST,WrJPYzOaSX,ljbEwoxEsu,WrJPYzOaSX,IST,WrJPYzOaSX,WrJPYzOaSX,IST,WrJPYzOaSX
ljbEwoxEsu
WrJPYzOaSX
IST,WrJPYzOaSX,ljbEwoxEsu,WrJPYzOaSX,IST,WrJPYzOaSX,WrJPYzOaSX,IST,WrJPYzOaSX,WrJPYzOaSX
Jedi Wagner, assuma o comando!