[vazia]
[vazia]
[vazia]
aGESa,aGESa
aGESa
aGESa
aGESa
aGESa
aGESa,aGESa
Toque! Toque, Dijê!
[vazia]
[vazia]
cUNyRVKCJ
zpwIhiD
aGESa,zpwIhiD
zpwIhiD,aGESa
zpwIhiD,aGESa
zpwIhiD
zpwIhiD
zpwIhiD
zpwIhiD,aGESa,zpwIhiD
zpwIhiD,aGESa,zpwIhiD
zpwIhiD,aGESa,zpwIhiD
zpwIhiD,aGESa,zpwIhiD
zpwIhiD
Toque! Toque, Dijê!
[vazia]
[vazia]
Toque! Toque, Dijê!
Toque! Toque, Dijê!
Toque! Toque, Dijê!
Toque! Toque, Dijê!
[vazia]
[vazia]
[vazia]
Toque! Toque, Dijê!
Toque! Toque, Dijê!
Toque! Toque, Dijê!
Toque! Toque, Dijê!
Toque! Toque, Dijê!
Toque! Toque, Dijê!
aGESa
aGESa,zpwIhiD
aGESa
aGESa
aGESa
aGESa,aGESa
aGESa
aGESa,aGESa
aGESa
aGESa,zpwIhiD
aGESa
aGESa,zpwIhiD
Jedi Wagner, assuma o comando!