[vazia]
ELbZqA
ELbZqA
ELbZqA
ELbZqA,xJSvaoGm,ELbZqA
Toque! Toque, Dijê!
Toque! Toque, Dijê!
[vazia]
TZtYixEPeq
TZtYixEPeq
TZtYixEPeq
TZtYixEPeq,ELbZqA
Toque! Toque, Dijê!
[vazia]
xJSvaoGm,ELbZqA
xJSvaoGm
xJSvaoGm,ELbZqA
xJSvaoGm
xJSvaoGm,ELbZqA
xJSvaoGm,ELbZqA
xJSvaoGm
xJSvaoGm
xJSvaoGm
xJSvaoGm
xJSvaoGm
xJSvaoGm,xJSvaoGm,TZtYixEPeq
xJSvaoGm,xJSvaoGm,TZtYixEPeq,TZtYixEPeq
xJSvaoGm,xJSvaoGm,TZtYixEPeq,TZtYixEPeq
xJSvaoGm
ELbZqA
xJSvaoGm,xJSvaoGm,ELbZqA,TZtYixEPeq,TZtYixEPeq,TZtYixEPeq
xJSvaoGm,xJSvaoGm,ELbZqA,TZtYixEPeq,TZtYixEPeq,TZtYixEPeq
xJSvaoGm,xJSvaoGm,ELbZqA,TZtYixEPeq,TZtYixEPeq,TZtYixEPeq,xJSvaoGm,xJSvaoGm
TZtYixEPeq
xJSvaoGm,ELbZqA,TZtYixEPeq,TZtYixEPeq,TZtYixEPeq,xJSvaoGm,xJSvaoGm
ELbZqA,TZtYixEPeq,TZtYixEPeq,TZtYixEPeq,xJSvaoGm,xJSvaoGm
xJSvaoGm,ELbZqA,TZtYixEPeq,TZtYixEPeq,TZtYixEPeq,xJSvaoGm,xJSvaoGm
xJSvaoGm,ELbZqA,TZtYixEPeq,TZtYixEPeq,TZtYixEPeq,xJSvaoGm,xJSvaoGm
TZtYixEPeq
xJSvaoGm,ELbZqA,TZtYixEPeq,TZtYixEPeq,TZtYixEPeq,xJSvaoGm,xJSvaoGm
xJSvaoGm
xJSvaoGm
xJSvaoGm
xJSvaoGm,xJSvaoGm,ELbZqA,TZtYixEPeq,TZtYixEPeq,xJSvaoGm,TZtYixEPeq,xJSvaoGm,ELbZqA,ELbZqA
xJSvaoGm
xJSvaoGm,xJSvaoGm,TZtYixEPeq,TZtYixEPeq,xJSvaoGm,TZtYixEPeq,xJSvaoGm,ELbZqA,ELbZqA,ELbZqA,xJSvaoGm
xJSvaoGm,xJSvaoGm,TZtYixEPeq,TZtYixEPeq,xJSvaoGm,TZtYixEPeq,xJSvaoGm,ELbZqA,ELbZqA,ELbZqA,xJSvaoGm
xJSvaoGm,xJSvaoGm,TZtYixEPeq,TZtYixEPeq,xJSvaoGm,TZtYixEPeq,xJSvaoGm,ELbZqA,ELbZqA,ELbZqA,xJSvaoGm
xJSvaoGm,TZtYixEPeq,TZtYixEPeq,xJSvaoGm,TZtYixEPeq,xJSvaoGm,ELbZqA,ELbZqA,xJSvaoGm,TZtYixEPeq
TZtYixEPeq,TZtYixEPeq,xJSvaoGm,TZtYixEPeq,xJSvaoGm,ELbZqA,ELbZqA,xJSvaoGm,TZtYixEPeq,ELbZqA
TZtYixEPeq,TZtYixEPeq,xJSvaoGm,TZtYixEPeq,xJSvaoGm,ELbZqA,ELbZqA,xJSvaoGm,TZtYixEPeq,ELbZqA
TZtYixEPeq
TZtYixEPeq
TZtYixEPeq
xJSvaoGm,TZtYixEPeq,xJSvaoGm,TZtYixEPeq,TZtYixEPeq,ELbZqA,xJSvaoGm,TZtYixEPeq,ELbZqA
TZtYixEPeq
xJSvaoGm,TZtYixEPeq,xJSvaoGm,TZtYixEPeq,TZtYixEPeq,ELbZqA,xJSvaoGm,TZtYixEPeq,ELbZqA
xJSvaoGm,TZtYixEPeq,xJSvaoGm,TZtYixEPeq,TZtYixEPeq,ELbZqA,xJSvaoGm,TZtYixEPeq,ELbZqA
TZtYixEPeq
TZtYixEPeq
TZtYixEPeq
TZtYixEPeq
TZtYixEPeq
TZtYixEPeq
ELbZqA
TZtYixEPeq,xJSvaoGm,TZtYixEPeq,TZtYixEPeq,ELbZqA,xJSvaoGm,TZtYixEPeq,ELbZqA,ELbZqA
xJSvaoGm,TZtYixEPeq,TZtYixEPeq,ELbZqA,xJSvaoGm,TZtYixEPeq,ELbZqA,ELbZqA
ELbZqA
ELbZqA
TZtYixEPeq,ELbZqA,TZtYixEPeq,ELbZqA,ELbZqA,xJSvaoGm
TZtYixEPeq,ELbZqA,xJSvaoGm,TZtYixEPeq,ELbZqA,ELbZqA,xJSvaoGm
TZtYixEPeq,xJSvaoGm,TZtYixEPeq,TZtYixEPeq,ELbZqA,xJSvaoGm,TZtYixEPeq,ELbZqA,ELbZqA
ELbZqA
ELbZqA
TZtYixEPeq,ELbZqA,xJSvaoGm,TZtYixEPeq,ELbZqA,ELbZqA
ELbZqA
ELbZqA
TZtYixEPeq,xJSvaoGm,TZtYixEPeq,TZtYixEPeq,ELbZqA,xJSvaoGm,TZtYixEPeq,ELbZqA,ELbZqA
ELbZqA
xJSvaoGm
xJSvaoGm
xJSvaoGm
TZtYixEPeq
xJSvaoGm,xJSvaoGm,ELbZqA,TZtYixEPeq,TZtYixEPeq,ELbZqA,ELbZqA,TZtYixEPeq,TZtYixEPeq
ELbZqA
ELbZqA
xJSvaoGm,xJSvaoGm,ELbZqA,TZtYixEPeq,TZtYixEPeq,ELbZqA,ELbZqA,TZtYixEPeq,TZtYixEPeq
ELbZqA,xJSvaoGm,TZtYixEPeq,ELbZqA,ELbZqA,TZtYixEPeq,TZtYixEPeq,xJSvaoGm
xJSvaoGm
xJSvaoGm
xJSvaoGm
ELbZqA,xJSvaoGm,ELbZqA,ELbZqA,TZtYixEPeq,xJSvaoGm,TZtYixEPeq,ELbZqA,xJSvaoGm
ELbZqA,xJSvaoGm,ELbZqA,ELbZqA,TZtYixEPeq,xJSvaoGm,TZtYixEPeq,ELbZqA,xJSvaoGm,xJSvaoGm
TZtYixEPeq
ELbZqA,ELbZqA,ELbZqA,xJSvaoGm,xJSvaoGm,TZtYixEPeq,ELbZqA,xJSvaoGm,xJSvaoGm,xJSvaoGm,xJSvaoGm,ELbZqA
ELbZqA,ELbZqA,ELbZqA,xJSvaoGm,xJSvaoGm,TZtYixEPeq,ELbZqA,xJSvaoGm,xJSvaoGm,xJSvaoGm,xJSvaoGm,ELbZqA
xJSvaoGm,ELbZqA,ELbZqA,TZtYixEPeq,ELbZqA,xJSvaoGm,TZtYixEPeq,ELbZqA,xJSvaoGm,xJSvaoGm
TZtYixEPeq
xJSvaoGm,ELbZqA,ELbZqA,TZtYixEPeq,ELbZqA,xJSvaoGm,TZtYixEPeq,ELbZqA,xJSvaoGm,xJSvaoGm
xJSvaoGm,ELbZqA,ELbZqA,TZtYixEPeq,ELbZqA,xJSvaoGm,TZtYixEPeq,ELbZqA,xJSvaoGm,xJSvaoGm
TZtYixEPeq
TZtYixEPeq
xJSvaoGm,ELbZqA,TZtYixEPeq,ELbZqA,xJSvaoGm,TZtYixEPeq,ELbZqA,xJSvaoGm,xJSvaoGm,xJSvaoGm
xJSvaoGm,ELbZqA,ELbZqA,TZtYixEPeq,ELbZqA,xJSvaoGm,TZtYixEPeq,ELbZqA,xJSvaoGm,xJSvaoGm
TZtYixEPeq
xJSvaoGm,ELbZqA,ELbZqA,TZtYixEPeq,ELbZqA,xJSvaoGm,TZtYixEPeq,ELbZqA,xJSvaoGm,xJSvaoGm
xJSvaoGm,ELbZqA,ELbZqA,TZtYixEPeq,ELbZqA,xJSvaoGm,TZtYixEPeq,ELbZqA,xJSvaoGm,xJSvaoGm,xJSvaoGm
xJSvaoGm,ELbZqA,ELbZqA,TZtYixEPeq,ELbZqA,xJSvaoGm,TZtYixEPeq,ELbZqA,xJSvaoGm,xJSvaoGm,xJSvaoGm
xJSvaoGm,ELbZqA,ELbZqA,TZtYixEPeq,ELbZqA,xJSvaoGm,TZtYixEPeq,ELbZqA,xJSvaoGm,xJSvaoGm,xJSvaoGm
xJSvaoGm,ELbZqA,ELbZqA,TZtYixEPeq,ELbZqA,xJSvaoGm,TZtYixEPeq,ELbZqA,xJSvaoGm,xJSvaoGm,xJSvaoGm
xJSvaoGm,ELbZqA,TZtYixEPeq,ELbZqA,ELbZqA,xJSvaoGm,TZtYixEPeq,ELbZqA,xJSvaoGm,xJSvaoGm
ELbZqA
ELbZqA
xJSvaoGm,ELbZqA,ELbZqA,ELbZqA,TZtYixEPeq,xJSvaoGm,ELbZqA,xJSvaoGm,xJSvaoGm,ELbZqA
xJSvaoGm,ELbZqA,ELbZqA,ELbZqA,TZtYixEPeq,xJSvaoGm,ELbZqA,xJSvaoGm,xJSvaoGm,ELbZqA
ELbZqA
ELbZqA
xJSvaoGm,ELbZqA,ELbZqA,ELbZqA,TZtYixEPeq,xJSvaoGm,ELbZqA,xJSvaoGm,xJSvaoGm,ELbZqA
TZtYixEPeq
TZtYixEPeq
xJSvaoGm,TZtYixEPeq,ELbZqA,xJSvaoGm,TZtYixEPeq,ELbZqA,xJSvaoGm,xJSvaoGm,TZtYixEPeq,xJSvaoGm,xJSvaoGm,TZtYixEPeq
xJSvaoGm,TZtYixEPeq,ELbZqA,xJSvaoGm,TZtYixEPeq,ELbZqA,xJSvaoGm,xJSvaoGm,TZtYixEPeq,xJSvaoGm,xJSvaoGm,TZtYixEPeq
xJSvaoGm,TZtYixEPeq,ELbZqA,xJSvaoGm,TZtYixEPeq,ELbZqA,xJSvaoGm,xJSvaoGm,TZtYixEPeq,xJSvaoGm,xJSvaoGm,TZtYixEPeq
xJSvaoGm,TZtYixEPeq,ELbZqA,xJSvaoGm,TZtYixEPeq,ELbZqA,xJSvaoGm,xJSvaoGm,TZtYixEPeq
ELbZqA
ELbZqA
TZtYixEPeq,ELbZqA,xJSvaoGm,TZtYixEPeq,ELbZqA,xJSvaoGm,xJSvaoGm,TZtYixEPeq
TZtYixEPeq,ELbZqA,xJSvaoGm,TZtYixEPeq,ELbZqA,xJSvaoGm,xJSvaoGm,TZtYixEPeq,xJSvaoGm
TZtYixEPeq,xJSvaoGm,TZtYixEPeq,ELbZqA,xJSvaoGm,xJSvaoGm,TZtYixEPeq,xJSvaoGm
xJSvaoGm
xJSvaoGm
Jedi Wagner, assuma o comando!