Toque! Toque, Dijê!
Toque! Toque, Dijê!
Toque! Toque, Dijê!
[vazia]
[vazia]
Toque! Toque, Dijê!
qpqVr
qpqVr
qpqVr,qpqVr,aXtLGm,YHGGUoi
qpqVr,qpqVr,aXtLGm,YHGGUoi
qpqVr,aXtLGm,YHGGUoi,Bh
YHGGUoi
qpqVr,aXtLGm,YHGGUoi,Bh
Bh
Bh
Bh
Bh
qpqVr,aXtLGm,Bh,Bh,Hnfx
aXtLGm,YHGGUoi,Bh,qpqVr
Bh
qpqVr,aXtLGm,Bh,YHGGUoi,Bh,JhlRsKXfh
qpqVr,aXtLGm,YHGGUoi,Bh
qpqVr,aXtLGm,YHGGUoi,Bh
Bh
Bh
YHGGUoi
YHGGUoi,Bh,aXtLGm,YHGGUoi,Hnfx
YHGGUoi,Bh,aXtLGm,YHGGUoi,zmraTwV
YHGGUoi
YHGGUoi,Bh,YHGGUoi,Hnfx
YHGGUoi,Bh,YHGGUoi,Hnfx
YHGGUoi,YHGGUoi,Hnfx
YHGGUoi,YHGGUoi,Hnfx
Hnfx
Hnfx
YHGGUoi,YHGGUoi,Hnfx
YHGGUoi,YHGGUoi,Hnfx
Hnfx
Hnfx
Hnfx
YHGGUoi,YHGGUoi,Hnfx
Bh,YHGGUoi,Hnfx,YHGGUoi,qpqVr
YHGGUoi,Hnfx,YHGGUoi,qpqVr
qpqVr
YHGGUoi,YHGGUoi,qpqVr,Hnfx,Hnfx
YHGGUoi,YHGGUoi,qpqVr,Hnfx,Hnfx
YHGGUoi
Hnfx
YHGGUoi
YHGGUoi
Hnfx
YHGGUoi,YHGGUoi,Hnfx,JhlRsKXfh,JhlRsKXfh,JhlRsKXfh,YHGGUoi
Hnfx
JhlRsKXfh
YHGGUoi,YHGGUoi,Hnfx,JhlRsKXfh,JhlRsKXfh,JhlRsKXfh,YHGGUoi
JhlRsKXfh
YHGGUoi,YHGGUoi,Hnfx,JhlRsKXfh,JhlRsKXfh,JhlRsKXfh,YHGGUoi
JhlRsKXfh
YHGGUoi,YHGGUoi,Hnfx,JhlRsKXfh,JhlRsKXfh,JhlRsKXfh,YHGGUoi,aXtLGm
YHGGUoi,YHGGUoi,Hnfx,JhlRsKXfh,JhlRsKXfh,JhlRsKXfh,YHGGUoi,aXtLGm
YHGGUoi,YHGGUoi,Hnfx,JhlRsKXfh,JhlRsKXfh,JhlRsKXfh,YHGGUoi,aXtLGm
YHGGUoi,YHGGUoi,Hnfx,JhlRsKXfh,JhlRsKXfh,JhlRsKXfh,YHGGUoi,aXtLGm,YHGGUoi
YHGGUoi
aXtLGm
YHGGUoi,YHGGUoi,JhlRsKXfh,JhlRsKXfh,YHGGUoi,JhlRsKXfh,aXtLGm,Hnfx,YHGGUoi,JhlRsKXfh
aXtLGm
aXtLGm
aXtLGm
aXtLGm
YHGGUoi
YHGGUoi
YHGGUoi,JhlRsKXfh,JhlRsKXfh,JhlRsKXfh,YHGGUoi,YHGGUoi,YHGGUoi,qpqVr
YHGGUoi
JhlRsKXfh
YHGGUoi,JhlRsKXfh,JhlRsKXfh,JhlRsKXfh,YHGGUoi,YHGGUoi,YHGGUoi,qpqVr,YHGGUoi
JhlRsKXfh
JhlRsKXfh
JhlRsKXfh
YHGGUoi,JhlRsKXfh,JhlRsKXfh,JhlRsKXfh,YHGGUoi,YHGGUoi,YHGGUoi,qpqVr
JhlRsKXfh
JhlRsKXfh
YHGGUoi,JhlRsKXfh,JhlRsKXfh,YHGGUoi,YHGGUoi,YHGGUoi,Hnfx,JhlRsKXfh
YHGGUoi
YHGGUoi,JhlRsKXfh,JhlRsKXfh,YHGGUoi,YHGGUoi,YHGGUoi,Hnfx,JhlRsKXfh
YHGGUoi
YHGGUoi,JhlRsKXfh,JhlRsKXfh,YHGGUoi,YHGGUoi,YHGGUoi,Hnfx,JhlRsKXfh,qpqVr
Hnfx
Hnfx
YHGGUoi
JhlRsKXfh,JhlRsKXfh,YHGGUoi,YHGGUoi,YHGGUoi,Hnfx,JhlRsKXfh,aXtLGm,qpqVr
YHGGUoi
YHGGUoi,JhlRsKXfh,JhlRsKXfh,YHGGUoi,YHGGUoi,YHGGUoi,Hnfx,JhlRsKXfh
YHGGUoi
YHGGUoi,JhlRsKXfh,JhlRsKXfh,YHGGUoi,YHGGUoi,YHGGUoi,Hnfx,JhlRsKXfh
YHGGUoi,JhlRsKXfh,JhlRsKXfh,YHGGUoi,YHGGUoi,YHGGUoi,Hnfx,JhlRsKXfh
YHGGUoi,JhlRsKXfh,JhlRsKXfh,YHGGUoi,YHGGUoi,YHGGUoi,Hnfx,JhlRsKXfh
Hnfx
YHGGUoi,JhlRsKXfh,JhlRsKXfh,YHGGUoi,Hnfx,YHGGUoi,YHGGUoi,JhlRsKXfh,aXtLGm,Bh
YHGGUoi,JhlRsKXfh,YHGGUoi,Hnfx,JhlRsKXfh,YHGGUoi,YHGGUoi,JhlRsKXfh,aXtLGm,Bh
JhlRsKXfh
JhlRsKXfh
YHGGUoi,JhlRsKXfh,YHGGUoi,JhlRsKXfh,YHGGUoi,YHGGUoi,JhlRsKXfh,aXtLGm,Bh
YHGGUoi,JhlRsKXfh,YHGGUoi,JhlRsKXfh,YHGGUoi,YHGGUoi,JhlRsKXfh,aXtLGm,Bh
YHGGUoi,JhlRsKXfh,YHGGUoi,JhlRsKXfh,Bh,YHGGUoi,YHGGUoi,JhlRsKXfh,aXtLGm
Bh
YHGGUoi,JhlRsKXfh,YHGGUoi,JhlRsKXfh,Bh,YHGGUoi,YHGGUoi,JhlRsKXfh,aXtLGm
JhlRsKXfh,YHGGUoi,JhlRsKXfh,Bh,YHGGUoi,YHGGUoi,YHGGUoi,JhlRsKXfh,aXtLGm
JhlRsKXfh,YHGGUoi,JhlRsKXfh,Bh,YHGGUoi,YHGGUoi,YHGGUoi,JhlRsKXfh,aXtLGm
Bh
Bh
YHGGUoi,YHGGUoi,JhlRsKXfh,Bh,JhlRsKXfh,YHGGUoi,YHGGUoi,JhlRsKXfh,aXtLGm,kQwIb,Hnfx,aXtLGm
YHGGUoi,YHGGUoi,Bh,JhlRsKXfh,JhlRsKXfh,YHGGUoi,YHGGUoi,JhlRsKXfh,aXtLGm,kQwIb,Hnfx,aXtLGm,aXtLGm
YHGGUoi,Bh,JhlRsKXfh,JhlRsKXfh,YHGGUoi,YHGGUoi,JhlRsKXfh,aXtLGm,kQwIb,Hnfx,aXtLGm,aXtLGm,zmraTwV,Bh
YHGGUoi
YHGGUoi
JhlRsKXfh
Bh
JhlRsKXfh,JhlRsKXfh,YHGGUoi,YHGGUoi,JhlRsKXfh,aXtLGm,aXtLGm,aXtLGm,zmraTwV,Bh,YHGGUoi,kQwIb,YHGGUoi
JhlRsKXfh,JhlRsKXfh,YHGGUoi,YHGGUoi,JhlRsKXfh,aXtLGm,aXtLGm,aXtLGm,zmraTwV,YHGGUoi,kQwIb,YHGGUoi
YHGGUoi
kQwIb
kQwIb
JhlRsKXfh,JhlRsKXfh,YHGGUoi,YHGGUoi,JhlRsKXfh,aXtLGm,aXtLGm,aXtLGm,zmraTwV,Bh,YHGGUoi,kQwIb,YHGGUoi,YHGGUoi,qpqVr
JhlRsKXfh,JhlRsKXfh,YHGGUoi,YHGGUoi,JhlRsKXfh,aXtLGm,aXtLGm,aXtLGm,zmraTwV,Bh,YHGGUoi,kQwIb,YHGGUoi,YHGGUoi,qpqVr
JhlRsKXfh,JhlRsKXfh,YHGGUoi,YHGGUoi,JhlRsKXfh,aXtLGm,aXtLGm,aXtLGm,zmraTwV,Bh,YHGGUoi,kQwIb,YHGGUoi,YHGGUoi,qpqVr
kQwIb
JhlRsKXfh,JhlRsKXfh,YHGGUoi,YHGGUoi,JhlRsKXfh,aXtLGm,aXtLGm,aXtLGm,zmraTwV,Bh,YHGGUoi,kQwIb,YHGGUoi,YHGGUoi,qpqVr
JhlRsKXfh,YHGGUoi,YHGGUoi,JhlRsKXfh,aXtLGm,aXtLGm,aXtLGm,zmraTwV,Bh,YHGGUoi,kQwIb,JhlRsKXfh,YHGGUoi,YHGGUoi,qpqVr
JhlRsKXfh
JhlRsKXfh,YHGGUoi,YHGGUoi,JhlRsKXfh,aXtLGm,aXtLGm,aXtLGm,zmraTwV,Bh,YHGGUoi,kQwIb,JhlRsKXfh,YHGGUoi,YHGGUoi,qpqVr,Hnfx
JhlRsKXfh
JhlRsKXfh
JhlRsKXfh,YHGGUoi,JhlRsKXfh,aXtLGm,aXtLGm,zmraTwV,Bh,YHGGUoi,kQwIb,JhlRsKXfh,YHGGUoi,aXtLGm,YHGGUoi,YHGGUoi,Hnfx,qpqVr,aXtLGm
JhlRsKXfh
JhlRsKXfh
JhlRsKXfh,YHGGUoi,YHGGUoi,JhlRsKXfh,aXtLGm,aXtLGm,aXtLGm,zmraTwV,Bh,YHGGUoi,kQwIb,JhlRsKXfh,YHGGUoi,YHGGUoi,qpqVr,Hnfx
YHGGUoi
JhlRsKXfh,YHGGUoi,YHGGUoi,JhlRsKXfh,aXtLGm,aXtLGm,aXtLGm,zmraTwV,Bh,YHGGUoi,kQwIb,JhlRsKXfh,YHGGUoi,YHGGUoi,qpqVr,Hnfx
JhlRsKXfh,YHGGUoi,YHGGUoi,JhlRsKXfh,aXtLGm,aXtLGm,aXtLGm,zmraTwV,Bh,YHGGUoi,kQwIb,JhlRsKXfh,YHGGUoi,YHGGUoi,qpqVr,Hnfx
kQwIb
kQwIb
kQwIb
kQwIb
Jedi Wagner, assuma o comando!