Toque! Toque, Dijê!
[vazia]
[vazia]
Toque! Toque, Dijê!
Toque! Toque, Dijê!
xHLTE,xHLTE
xHLTE,xHLTE,x
xHLTE,xHLTE,x,x
xHLTE,xHLTE,x,x
xHLTE,xHLTE,x,x
xHLTE,xHLTE,x,x
xHLTE
xHLTE
x,xHLTE
x,xHLTE
xHLTE
xHLTE
xHLTE
xHLTE
xHLTE
xHLTE
xHLTE,xHLTE
xHLTE,xHLTE,qRM
xHLTE
xHLTE
xHLTE
qRM,zueA,xHLTE,xHLTE
qRM,zueA,xHLTE,xHLTE
qRM,xHLTE,xHLTE
qRM,xHLTE,xHLTE,xHLTE
qRM,xHLTE,xHLTE,xHLTE
qRM,xHLTE,xHLTE
xHLTE
xHLTE
qRM,xHLTE,xHLTE,qRM
xHLTE
xHLTE,xHLTE,qRM
xHLTE,xHLTE,qRM
xHLTE
xHLTE,xHLTE,qRM
xHLTE
xHLTE
xHLTE,xHLTE,qRM
xHLTE
xHLTE,xHLTE,qRM
xHLTE,xHLTE,qRM
xHLTE,xHLTE,qRM
xHLTE
xHLTE
xHLTE,xHLTE,qRM,qRM
xHLTE
xHLTE,qRM,xHLTE
qRM
xHLTE,xHLTE,x,zueA,xHLTE,uWtYyYJz
xHLTE,xHLTE,qRM,uWtYyYJz
xHLTE,qRM,xHLTE
xHLTE,xHLTE,qRM
xHLTE
xHLTE,xHLTE,qRM
qRM
xHLTE,xHLTE,qRM,qRM
xHLTE,xHLTE,qRM,qRM
xHLTE,xHLTE,qRM,qRM
qRM
qRM
qRM
qRM
qRM
xHLTE,qRM,qRM,x,xHLTE,zueA,zueA,xHLTE,x
xHLTE
xHLTE
xHLTE
qRM,qRM,xHLTE,xHLTE,zueA,zueA,xHLTE,x,x
xHLTE
qRM,xHLTE,qRM,xHLTE,zueA,zueA,xHLTE,x,x,zueA,xHLTE
qRM
xHLTE,xHLTE,qRM,qRM
xHLTE,xHLTE,qRM,qRM
xHLTE
xHLTE,xHLTE,qRM,qRM
xHLTE,xHLTE,qRM,qRM
xHLTE
xHLTE
xHLTE,xHLTE,qRM,qRM
xHLTE
xHLTE
xHLTE
xHLTE
xHLTE
xHLTE,xHLTE,qRM,qRM
xHLTE
xHLTE,xHLTE,qRM,qRM
xHLTE,xHLTE,qRM,qRM
qRM
qRM
qRM
xHLTE,xHLTE,qRM,qRM
xHLTE,xHLTE,qRM,qRM
qRM
qRM
qRM
qRM
qRM
qRM
xHLTE,xHLTE,qRM,qRM,x,qRM,uWtYyYJz
xHLTE,xHLTE,qRM,qRM,x,qRM,uWtYyYJz
xHLTE,xHLTE,qRM,qRM,x,qRM,uWtYyYJz
x
xHLTE,xHLTE,qRM,qRM,x,qRM,uWtYyYJz,uWtYyYJz,x,qRM,x
xHLTE,xHLTE,qRM,qRM,x,qRM,uWtYyYJz,uWtYyYJz,x,qRM,x
qRM
xHLTE,xHLTE,qRM,x,qRM,qRM,uWtYyYJz,uWtYyYJz
xHLTE,xHLTE,qRM,x,qRM,qRM,uWtYyYJz,uWtYyYJz
xHLTE,qRM,x,qRM,qRM,uWtYyYJz,uWtYyYJz
xHLTE,qRM,x,qRM,qRM,uWtYyYJz,uWtYyYJz,qRM,zueA
uWtYyYJz
qRM,x,qRM,qRM,uWtYyYJz,uWtYyYJz,qRM,zueA
uWtYyYJz
qRM,x,qRM,qRM,uWtYyYJz,qRM,zueA
qRM,x,qRM,qRM,uWtYyYJz,qRM,zueA
qRM,x,qRM,qRM,uWtYyYJz,qRM,zueA
qRM,x,qRM,qRM,uWtYyYJz,qRM,zueA
qRM,x,qRM,qRM,qRM,zueA
qRM,x,qRM,qRM,qRM,zueA
qRM,x,qRM,qRM,qRM,zueA
qRM,x,qRM,qRM,qRM,zueA
qRM,x,qRM,qRM,qRM,zueA
qRM,x,qRM,qRM,qRM,zueA
qRM,x,qRM,qRM,qRM,zueA,uWtYyYJz
Jedi Wagner, assuma o comando!