[vazia]
jwD
jwD
jwD
Toque! Toque, Dijê!
[vazia]
DfeofhzB,jwD
DfeofhzB,jwD
jwD
jwD,jwD
jwD,DfeofhzB
[vazia]
[vazia]
jwD
DfeofhzB
DfeofhzB,jwD
jwD
jwD
jwD,jwD
jwD
jwD,jwD
jwD,jwD
jwD
jwD,jwD
jwD,jwD
jwD
jwD
jwD,jwD,DfeofhzB,jwD
jwD
jwD
DfeofhzB
jwD,jwD,DfeofhzB,jwD,jwD,jwD
jwD,jwD,DfeofhzB,jwD,jwD,jwD
jwD,jwD,jwD,jwD
jwD
jwD
jwD
jwD,jwD,jwD,jwD,jwD
jwD,jwD,jwD,jwD
jwD
jwD,jwD,jwD,jwD
jwD
jwD,jwD,jwD,jwD
jwD
jwD
jwD
jwD,jwD,jwD,jwD,jwD
jwD,jwD,jwD,jwD,jwD
jwD
jwD,jwD,jwD,jwD,jwD,jwD
jwD,jwD,jwD,jwD,jwD
jwD
jwD,jwD,jwD,jwD
jwD
jwD
jwD
jwD
jwD,jwD,jwD,jwD,jwD
jwD,jwD,jwD,jwD,jwD,DfeofhzB
jwD
jwD
jwD,jwD,jwD,jwD,jwD,jwD,jwD
jwD
jwD
jwD,jwD,jwD,jwD
jwD,jwD,jwD,jwD,jwD
jwD,jwD,jwD,jwD,jwD
jwD
jwD,jwD,jwD,jwD
jwD,jwD,jwD,jwD
jwD,jwD,jwD,jwD
jwD
jwD,jwD,jwD
jwD
jwD,jwD,jwD
jwD,jwD,jwD
jwD,jwD,jwD
jwD
jwD,jwD,jwD,jwD
jwD,jwD,jwD,jwD
jwD
jwD,DfeofhzB,jwD,jwD,DfeofhzB,DfeofhzB
jwD
jwD
jwD,jwD,DfeofhzB,DfeofhzB,jwD,jwD,jwD
jwD,jwD,DfeofhzB,DfeofhzB,jwD,jwD,jwD
DfeofhzB
DfeofhzB
jwD
jwD
jwD
DfeofhzB
DfeofhzB,jwD,jwD,jwD,jwD,DfeofhzB,DfeofhzB,jwD,jwD
jwD
DfeofhzB
DfeofhzB
jwD,jwD,DfeofhzB,DfeofhzB,jwD,jwD
jwD,DfeofhzB,DfeofhzB,jwD,jwD,DfeofhzB
DfeofhzB
jwD
DfeofhzB
DfeofhzB
DfeofhzB
DfeofhzB
jwD,DfeofhzB,DfeofhzB,jwD,jwD,DfeofhzB,jwD
DfeofhzB
DfeofhzB
jwD,jwD,DfeofhzB,jwD,jwD,jwD
jwD,jwD,jwD,jwD,jwD,jwD
jwD
jwD,jwD,jwD,jwD,jwD,jwD
jwD
jwD
jwD,jwD,jwD,jwD,jwD,jwD
jwD,jwD,jwD,jwD,jwD,jwD
jwD
jwD
jwD,jwD,jwD,jwD,jwD,jwD
jwD
jwD
jwD
jwD
DfeofhzB
DfeofhzB
jwD,jwD,jwD,jwD,DfeofhzB,DfeofhzB,DfeofhzB,jwD
jwD,jwD,jwD,DfeofhzB,jwD,DfeofhzB,DfeofhzB,jwD
jwD,jwD,jwD,jwD,DfeofhzB,DfeofhzB,DfeofhzB
jwD,jwD,jwD,jwD,DfeofhzB,DfeofhzB,DfeofhzB
DfeofhzB
jwD,jwD,jwD,jwD,DfeofhzB,DfeofhzB,DfeofhzB
DfeofhzB
jwD,jwD,jwD,jwD,DfeofhzB,DfeofhzB,DfeofhzB
jwD,jwD,jwD,jwD,DfeofhzB,DfeofhzB,DfeofhzB
jwD,jwD,jwD,jwD,DfeofhzB,DfeofhzB,DfeofhzB
jwD,jwD,jwD,jwD,DfeofhzB,DfeofhzB,DfeofhzB
jwD
jwD
jwD
jwD,jwD,jwD,jwD,DfeofhzB,DfeofhzB,DfeofhzB,jwD,jwD,DfeofhzB
jwD,jwD,jwD,jwD,DfeofhzB,DfeofhzB
DfeofhzB
DfeofhzB
jwD,jwD,jwD,jwD,DfeofhzB,DfeofhzB,DfeofhzB
jwD,jwD,jwD,jwD,DfeofhzB,DfeofhzB,DfeofhzB
jwD,jwD,jwD,jwD,DfeofhzB,DfeofhzB,DfeofhzB
jwD,jwD,jwD,jwD,DfeofhzB,DfeofhzB,DfeofhzB
DfeofhzB
jwD,jwD,jwD,DfeofhzB,DfeofhzB,DfeofhzB,DfeofhzB
DfeofhzB
jwD,jwD,jwD,DfeofhzB,DfeofhzB,DfeofhzB
DfeofhzB
jwD,jwD,jwD,DfeofhzB,DfeofhzB
Jedi Wagner, assuma o comando!