Toque! Toque, Dijê!
[vazia]
Toque! Toque, Dijê!
Toque! Toque, Dijê!
[vazia]
Toque! Toque, Dijê!
Toque! Toque, Dijê!
OFbR
nJHbkrM
nJHbkrM
nJHbkrM
nJHbkrM
nJHbkrM
nJHbkrM
nJHbkrM
nJHbkrM,nJHbkrM
nJHbkrM
OFbR
OFbR
nJHbkrM,nJHbkrM,OFbR,OFbR,KLJKt,OFbR,nJHbkrM,OFbR
nJHbkrM,nJHbkrM,OFbR,KLJKt,OFbR,OFbR,nJHbkrM,OFbR
nJHbkrM,nJHbkrM,OFbR,KLJKt,OFbR,OFbR,nJHbkrM,OFbR,nJHbkrM,KLJKt
nJHbkrM,nJHbkrM,KLJKt,OFbR,OFbR,OFbR,nJHbkrM,OFbR,nJHbkrM,KLJKt,OFbR
KLJKt
nJHbkrM,nJHbkrM,KLJKt,OFbR,OFbR,OFbR,nJHbkrM,OFbR,nJHbkrM,KLJKt,OFbR
KLJKt
nJHbkrM,nJHbkrM,KLJKt,OFbR,OFbR,OFbR,nJHbkrM,OFbR,nJHbkrM,KLJKt,OFbR
nJHbkrM,nJHbkrM,KLJKt,OFbR,OFbR,OFbR,nJHbkrM,OFbR,nJHbkrM,KLJKt,OFbR
OFbR
OFbR
nJHbkrM,nJHbkrM,KLJKt,OFbR,OFbR,OFbR,nJHbkrM,OFbR,nJHbkrM,KLJKt,OFbR,KLJKt
OFbR
OFbR
OFbR
nJHbkrM,OFbR,OFbR,OFbR,nJHbkrM,OFbR,nJHbkrM,KLJKt,OFbR,KLJKt
OFbR
OFbR
OFbR
OFbR
OFbR,KLJKt,OFbR,OFbR,nJHbkrM,OFbR,nJHbkrM,OFbR,KLJKt
OFbR
OFbR
nJHbkrM
nJHbkrM
OFbR,nJHbkrM,OFbR,nJHbkrM,OFbR,nJHbkrM,KLJKt,OFbR,KLJKt,KLJKt
OFbR
OFbR
nJHbkrM,OFbR,nJHbkrM,OFbR,nJHbkrM,KLJKt,OFbR,KLJKt,KLJKt
OFbR,nJHbkrM,OFbR,nJHbkrM,KLJKt,OFbR,KLJKt,KLJKt
OFbR,nJHbkrM,OFbR,nJHbkrM,OFbR,KLJKt,KLJKt,KLJKt
OFbR
OFbR,nJHbkrM,OFbR,nJHbkrM,OFbR,KLJKt,KLJKt,KLJKt
OFbR
OFbR
OFbR,OFbR,nJHbkrM,OFbR,KLJKt,KLJKt,KLJKt,nJHbkrM,OFbR
OFbR,OFbR,nJHbkrM,OFbR,KLJKt,KLJKt,KLJKt,nJHbkrM,OFbR
OFbR
OFbR
nJHbkrM
OFbR,OFbR,nJHbkrM,OFbR,KLJKt,KLJKt,KLJKt,nJHbkrM,OFbR
OFbR,OFbR,nJHbkrM,OFbR,KLJKt,KLJKt,KLJKt,nJHbkrM,OFbR
OFbR
OFbR,KLJKt,nJHbkrM,OFbR,OFbR,KLJKt,KLJKt,nJHbkrM,OFbR,OFbR,KLJKt
OFbR,nJHbkrM,OFbR,OFbR,KLJKt,KLJKt,KLJKt,nJHbkrM,OFbR,nJHbkrM
nJHbkrM
OFbR,nJHbkrM,OFbR,OFbR,KLJKt,KLJKt,KLJKt,nJHbkrM,OFbR,nJHbkrM,nJHbkrM,nJHbkrM
OFbR
nJHbkrM,OFbR,OFbR,KLJKt,KLJKt,KLJKt,nJHbkrM,OFbR,nJHbkrM,nJHbkrM,nJHbkrM
OFbR
OFbR,OFbR,OFbR,KLJKt,KLJKt,nJHbkrM,OFbR,nJHbkrM,nJHbkrM,nJHbkrM,OFbR,nJHbkrM
OFbR,OFbR,OFbR,KLJKt,KLJKt,nJHbkrM,OFbR,nJHbkrM,nJHbkrM,nJHbkrM,OFbR,nJHbkrM
OFbR
OFbR,nJHbkrM,OFbR,OFbR,KLJKt,KLJKt,KLJKt,nJHbkrM,OFbR,nJHbkrM,nJHbkrM,nJHbkrM
OFbR,nJHbkrM,OFbR,OFbR,KLJKt,KLJKt,KLJKt,nJHbkrM,OFbR,nJHbkrM,nJHbkrM,nJHbkrM
nJHbkrM,OFbR,KLJKt,OFbR,OFbR,KLJKt,KLJKt,nJHbkrM,OFbR,nJHbkrM,nJHbkrM,nJHbkrM,OFbR
KLJKt
nJHbkrM,OFbR,KLJKt,OFbR,OFbR,KLJKt,KLJKt,nJHbkrM,OFbR,nJHbkrM,nJHbkrM,nJHbkrM,OFbR
KLJKt
OFbR,nJHbkrM,OFbR,OFbR,KLJKt,KLJKt,KLJKt,nJHbkrM,OFbR,nJHbkrM,nJHbkrM,nJHbkrM
OFbR
OFbR,nJHbkrM,KLJKt,OFbR,OFbR,KLJKt,KLJKt,nJHbkrM,OFbR,nJHbkrM,nJHbkrM,nJHbkrM
OFbR
OFbR
OFbR
OFbR
KLJKt,OFbR,OFbR,nJHbkrM,OFbR,KLJKt,KLJKt,OFbR,nJHbkrM,nJHbkrM,nJHbkrM,OFbR,KLJKt
OFbR
OFbR
OFbR
OFbR,KLJKt,OFbR,OFbR,KLJKt,KLJKt,nJHbkrM,OFbR,nJHbkrM,nJHbkrM,nJHbkrM
OFbR
OFbR,KLJKt,OFbR,OFbR,KLJKt,KLJKt,nJHbkrM,OFbR,nJHbkrM,nJHbkrM,nJHbkrM
OFbR
OFbR,KLJKt,OFbR,OFbR,KLJKt,KLJKt,nJHbkrM,OFbR,nJHbkrM,nJHbkrM,nJHbkrM,OFbR
KLJKt,OFbR,nJHbkrM,OFbR,OFbR,KLJKt,KLJKt,OFbR,nJHbkrM,nJHbkrM,nJHbkrM,OFbR,OFbR
KLJKt,OFbR,nJHbkrM,OFbR,OFbR,KLJKt,KLJKt,OFbR,nJHbkrM,nJHbkrM,nJHbkrM,OFbR,OFbR
KLJKt,nJHbkrM,OFbR,OFbR,OFbR,KLJKt,KLJKt,OFbR,nJHbkrM,nJHbkrM,nJHbkrM,OFbR,OFbR
nJHbkrM
KLJKt,OFbR,nJHbkrM,OFbR,OFbR,KLJKt,KLJKt,OFbR,nJHbkrM,nJHbkrM,nJHbkrM,OFbR,OFbR,KLJKt
KLJKt,OFbR,nJHbkrM,OFbR,OFbR,KLJKt,KLJKt,OFbR,nJHbkrM,nJHbkrM,nJHbkrM,OFbR,OFbR,KLJKt,KLJKt
KLJKt
KLJKt
OFbR,OFbR,OFbR,KLJKt,KLJKt,nJHbkrM,KLJKt,OFbR,nJHbkrM,nJHbkrM,nJHbkrM,OFbR,OFbR,KLJKt
KLJKt
OFbR,OFbR,OFbR,KLJKt,KLJKt,nJHbkrM,KLJKt,OFbR,nJHbkrM,nJHbkrM,nJHbkrM,OFbR,OFbR,KLJKt
KLJKt
OFbR,OFbR,OFbR,KLJKt,KLJKt,nJHbkrM,KLJKt,OFbR,nJHbkrM,nJHbkrM,nJHbkrM,OFbR,OFbR,KLJKt
OFbR,OFbR,KLJKt,KLJKt,OFbR,nJHbkrM,KLJKt,OFbR,nJHbkrM,nJHbkrM,nJHbkrM,OFbR,OFbR,KLJKt,nJHbkrM
OFbR
nJHbkrM
nJHbkrM
OFbR,OFbR,nJHbkrM,OFbR,KLJKt,OFbR,nJHbkrM,nJHbkrM,nJHbkrM,OFbR,OFbR,KLJKt,nJHbkrM
nJHbkrM
OFbR,OFbR,nJHbkrM,OFbR,KLJKt,OFbR,nJHbkrM,nJHbkrM,nJHbkrM,OFbR,OFbR,KLJKt,nJHbkrM
nJHbkrM
nJHbkrM
OFbR,OFbR,nJHbkrM,OFbR,OFbR,nJHbkrM,nJHbkrM,nJHbkrM,OFbR,OFbR,KLJKt,nJHbkrM
nJHbkrM
nJHbkrM
KLJKt
OFbR,OFbR,OFbR,KLJKt,KLJKt,nJHbkrM,KLJKt,OFbR,nJHbkrM,nJHbkrM,nJHbkrM,OFbR,OFbR,KLJKt
KLJKt
KLJKt
KLJKt
KLJKt
KLJKt
KLJKt
OFbR
OFbR,OFbR,KLJKt,KLJKt,OFbR,nJHbkrM,KLJKt,OFbR,nJHbkrM,nJHbkrM,nJHbkrM,OFbR,OFbR,KLJKt
KLJKt
OFbR,KLJKt,OFbR,KLJKt,nJHbkrM,KLJKt,OFbR,nJHbkrM,nJHbkrM,nJHbkrM,OFbR,OFbR,KLJKt
OFbR,OFbR,OFbR,KLJKt,KLJKt,OFbR,nJHbkrM,nJHbkrM,nJHbkrM,OFbR,OFbR,KLJKt,OFbR
OFbR,OFbR,OFbR,KLJKt,KLJKt,nJHbkrM,KLJKt,OFbR,nJHbkrM,nJHbkrM,nJHbkrM,OFbR,OFbR,KLJKt
KLJKt
OFbR,OFbR,KLJKt,KLJKt,OFbR,nJHbkrM,KLJKt,OFbR,nJHbkrM,nJHbkrM,nJHbkrM,OFbR,OFbR,KLJKt
nJHbkrM
nJHbkrM
nJHbkrM
KLJKt
OFbR,KLJKt,nJHbkrM,OFbR,nJHbkrM,nJHbkrM,nJHbkrM,OFbR,OFbR,KLJKt,KLJKt
nJHbkrM
nJHbkrM,OFbR,nJHbkrM,nJHbkrM,nJHbkrM,OFbR,OFbR,KLJKt,KLJKt,KLJKt
nJHbkrM,OFbR,nJHbkrM,nJHbkrM,nJHbkrM,OFbR,OFbR,KLJKt,KLJKt,KLJKt
nJHbkrM,nJHbkrM,nJHbkrM,nJHbkrM,OFbR,OFbR,KLJKt,KLJKt
nJHbkrM,nJHbkrM,nJHbkrM,OFbR,OFbR,KLJKt,KLJKt
nJHbkrM
nJHbkrM,nJHbkrM,nJHbkrM,OFbR,KLJKt,KLJKt
nJHbkrM
KLJKt
KLJKt
KLJKt
KLJKt
OFbR,KLJKt,KLJKt
OFbR,KLJKt,KLJKt,OFbR
KLJKt
KLJKt
OFbR,nJHbkrM,KLJKt,KLJKt,OFbR,KLJKt
nJHbkrM
OFbR,KLJKt,KLJKt,OFbR
OFbR,KLJKt,KLJKt,OFbR
OFbR,KLJKt,OFbR
KLJKt
KLJKt
OFbR,KLJKt,OFbR,nJHbkrM,OFbR,OFbR
OFbR,KLJKt,OFbR,nJHbkrM,OFbR,OFbR
KLJKt
KLJKt
KLJKt,KLJKt,OFbR,nJHbkrM
KLJKt,KLJKt,OFbR,nJHbkrM,OFbR,KLJKt
KLJKt
KLJKt
KLJKt
KLJKt
KLJKt
KLJKt
KLJKt,OFbR,KLJKt,OFbR,KLJKt
KLJKt,KLJKt,OFbR,nJHbkrM,OFbR,KLJKt
KLJKt,KLJKt,OFbR,nJHbkrM,OFbR,KLJKt
KLJKt
KLJKt,KLJKt,OFbR,nJHbkrM,OFbR,KLJKt
KLJKt,KLJKt,OFbR,nJHbkrM,OFbR,KLJKt
KLJKt,KLJKt,nJHbkrM,OFbR,OFbR,KLJKt
KLJKt
KLJKt
KLJKt,KLJKt,OFbR,nJHbkrM,OFbR,KLJKt
KLJKt,KLJKt,OFbR,nJHbkrM,OFbR,KLJKt,nJHbkrM
KLJKt,KLJKt,OFbR,nJHbkrM,OFbR,KLJKt,nJHbkrM
Jedi Wagner, assuma o comando!