[vazia]
Toque! Toque, Dijê!
Toque! Toque, Dijê!
Toque! Toque, Dijê!
Toque! Toque, Dijê!
Toque! Toque, Dijê!
neuVl
neuVl,WSJ
neuVl
neuVl,WSJ
neuVl,WSJ,WSJ
WSJ
WSJ
WSJ,WSJ,WSJ
WSJ
WSJ,WSJ,WSJ
WSJ
WSJ,WSJ,WSJ
WSJ,WSJ,WSJ
WSJ,WSJ,WSJ
WSJ
WSJ
WSJ
WSJ,WSJ,WSJ
WSJ
WSJ,WSJ,WSJ
WSJ
WSJ,WSJ,WSJ
WSJ
WSJ
WSJ,WSJ,WSJ
WSJ
WSJ,WSJ,WSJ
WSJ
WSJ
WSJ
WSJ,WSJ,WSJ,WSJ
WSJ
WSJ
WSJ
WSJ
WSJ,WSJ,WSJ,TGWsrKL,WSJ,TGWsrKL,neuVl
WSJ
WSJ
WSJ
WSJ,neuVl,WSJ,WSJ,neuVl
WSJ
WSJ,WSJ,WSJ
WSJ
WSJ
WSJ,WSJ,WSJ
WSJ,WSJ,TGWsrKL,WSJ
WSJ
WSJ,WSJ,TGWsrKL,WSJ
WSJ,WSJ,TGWsrKL,WSJ,neuVl
WSJ,WSJ,TGWsrKL,WSJ,neuVl
WSJ
WSJ
WSJ,WSJ,WSJ
WSJ,WSJ,WSJ
WSJ
WSJ
WSJ,WSJ,WSJ
WSJ
WSJ,WSJ,WSJ,TGWsrKL
WSJ
WSJ
WSJ
WSJ
WSJ
WSJ
WSJ
WSJ,WSJ
WSJ,WSJ,WSJ,WSJ
WSJ
WSJ,WSJ,WSJ,TGWsrKL
WSJ,WSJ,WSJ,TGWsrKL,WSJ,TGWsrKL
WSJ,WSJ,WSJ,TGWsrKL,WSJ
WSJ
WSJ,WSJ,WSJ,TGWsrKL,WSJ
WSJ,WSJ,WSJ,TGWsrKL
WSJ,WSJ,WSJ,TGWsrKL,TGWsrKL
TGWsrKL
WSJ,WSJ,WSJ
WSJ,WSJ,WSJ,TGWsrKL
TGWsrKL
WSJ,WSJ,WSJ,TGWsrKL
WSJ,WSJ,WSJ
WSJ,WSJ,WSJ
WSJ,WSJ,WSJ
WSJ
WSJ
WSJ
WSJ
WSJ,WSJ,WSJ
WSJ
WSJ,WSJ,WSJ,neuVl,TGWsrKL
WSJ,WSJ,WSJ
WSJ
WSJ
WSJ,WSJ,WSJ
WSJ,WSJ,WSJ
WSJ,WSJ,WSJ
WSJ
TGWsrKL,WSJ,WSJ,WSJ,WSJ,TGWsrKL
TGWsrKL
WSJ,WSJ,WSJ,WSJ,TGWsrKL,WSJ,neuVl,TGWsrKL
WSJ
TGWsrKL,WSJ,WSJ,WSJ,WSJ,TGWsrKL
WSJ
TGWsrKL,WSJ,WSJ,WSJ,WSJ,TGWsrKL
WSJ
TGWsrKL,WSJ,WSJ,WSJ,WSJ,TGWsrKL
WSJ
WSJ
WSJ
TGWsrKL,WSJ,WSJ,WSJ,WSJ,TGWsrKL,WSJ
TGWsrKL,WSJ,WSJ,WSJ,WSJ,TGWsrKL
WSJ
TGWsrKL,WSJ,WSJ,WSJ,WSJ,TGWsrKL
WSJ
TGWsrKL,WSJ,WSJ,WSJ,WSJ,TGWsrKL,WSJ,TGWsrKL,neuVl
WSJ
WSJ
TGWsrKL,WSJ,WSJ,WSJ,WSJ,TGWsrKL,WSJ,TGWsrKL,neuVl,neuVl
TGWsrKL,WSJ,WSJ,WSJ,WSJ,TGWsrKL,WSJ,TGWsrKL,neuVl,TGWsrKL
TGWsrKL,WSJ,WSJ,WSJ,WSJ,TGWsrKL,WSJ,TGWsrKL,neuVl,TGWsrKL,WSJ
TGWsrKL,WSJ,WSJ,WSJ,WSJ,TGWsrKL,TGWsrKL,TGWsrKL
WSJ,WSJ,WSJ,WSJ,TGWsrKL,TGWsrKL
WSJ
WSJ,WSJ,WSJ,WSJ,TGWsrKL,TGWsrKL
WSJ
WSJ,WSJ,TGWsrKL,WSJ,WSJ,TGWsrKL,TGWsrKL,TGWsrKL,TGWsrKL,WSJ
WSJ,WSJ,TGWsrKL,WSJ,WSJ,TGWsrKL,TGWsrKL,TGWsrKL,TGWsrKL,WSJ
TGWsrKL
TGWsrKL
WSJ,WSJ,TGWsrKL,WSJ,WSJ,TGWsrKL,TGWsrKL,TGWsrKL,TGWsrKL,WSJ,TGWsrKL,WSJ,TGWsrKL
WSJ
WSJ,WSJ,WSJ,WSJ,TGWsrKL,TGWsrKL,TGWsrKL,TGWsrKL,WSJ,TGWsrKL
WSJ,WSJ,WSJ,WSJ,TGWsrKL,TGWsrKL,TGWsrKL,TGWsrKL,WSJ,TGWsrKL,TGWsrKL
WSJ
TGWsrKL
WSJ,WSJ,WSJ,WSJ,TGWsrKL,TGWsrKL,TGWsrKL,TGWsrKL,TGWsrKL,WSJ
WSJ
WSJ
WSJ
WSJ,WSJ,WSJ,WSJ,TGWsrKL,TGWsrKL,TGWsrKL,TGWsrKL,TGWsrKL,WSJ
TGWsrKL
TGWsrKL
WSJ,WSJ,TGWsrKL,WSJ,WSJ,TGWsrKL,TGWsrKL,TGWsrKL,TGWsrKL,WSJ,neuVl,WSJ
WSJ,WSJ,TGWsrKL,WSJ,WSJ,TGWsrKL,TGWsrKL,TGWsrKL,TGWsrKL,WSJ,neuVl,WSJ
TGWsrKL
TGWsrKL
WSJ,WSJ,TGWsrKL,WSJ,WSJ,TGWsrKL,TGWsrKL,TGWsrKL,TGWsrKL,WSJ,neuVl,WSJ,neuVl
WSJ,WSJ,TGWsrKL,WSJ,WSJ,TGWsrKL,TGWsrKL,TGWsrKL,TGWsrKL,WSJ,neuVl,WSJ,neuVl,neuVl
WSJ
WSJ
WSJ
WSJ,WSJ,neuVl,TGWsrKL,WSJ,TGWsrKL,TGWsrKL,TGWsrKL,TGWsrKL,WSJ,WSJ,TGWsrKL,WSJ
WSJ,WSJ,WSJ,neuVl,TGWsrKL,WSJ,TGWsrKL,TGWsrKL,TGWsrKL,TGWsrKL,WSJ,WSJ,TGWsrKL,WSJ
WSJ,WSJ,WSJ,neuVl,TGWsrKL,WSJ,TGWsrKL,TGWsrKL,TGWsrKL,TGWsrKL,WSJ,WSJ,TGWsrKL,WSJ
TGWsrKL
WSJ,WSJ,TGWsrKL,neuVl,WSJ,TGWsrKL,TGWsrKL,TGWsrKL,TGWsrKL,WSJ,WSJ,TGWsrKL,WSJ,WSJ
WSJ,WSJ,WSJ,neuVl,TGWsrKL,WSJ,TGWsrKL,TGWsrKL,TGWsrKL,TGWsrKL,WSJ,WSJ,TGWsrKL,WSJ
WSJ
WSJ,TGWsrKL,WSJ,TGWsrKL,TGWsrKL,TGWsrKL,TGWsrKL,WSJ,WSJ,TGWsrKL,WSJ,TGWsrKL,neuVl
WSJ
WSJ
WSJ
WSJ,WSJ,WSJ,WSJ,TGWsrKL,TGWsrKL,TGWsrKL,TGWsrKL,TGWsrKL,WSJ,WSJ,TGWsrKL,WSJ,TGWsrKL
WSJ
WSJ,WSJ,WSJ,WSJ,TGWsrKL,TGWsrKL,TGWsrKL,TGWsrKL,TGWsrKL,WSJ,WSJ,TGWsrKL,WSJ,TGWsrKL
WSJ
WSJ
WSJ
WSJ
WSJ
WSJ,WSJ,WSJ,TGWsrKL,WSJ,TGWsrKL,TGWsrKL,TGWsrKL,TGWsrKL,WSJ,WSJ,TGWsrKL,WSJ,TGWsrKL
WSJ
WSJ
WSJ
WSJ,WSJ,WSJ,TGWsrKL,WSJ,TGWsrKL,TGWsrKL,TGWsrKL,TGWsrKL,WSJ,WSJ,TGWsrKL,WSJ,TGWsrKL
TGWsrKL
TGWsrKL
TGWsrKL
WSJ,WSJ,WSJ,WSJ,TGWsrKL,TGWsrKL,TGWsrKL,TGWsrKL,WSJ,WSJ,TGWsrKL,WSJ,TGWsrKL
TGWsrKL
WSJ,WSJ,WSJ,TGWsrKL,WSJ,TGWsrKL,TGWsrKL,WSJ,WSJ,TGWsrKL,WSJ,TGWsrKL,WSJ,TGWsrKL
WSJ,WSJ,WSJ,TGWsrKL,WSJ,TGWsrKL,TGWsrKL,WSJ,WSJ,TGWsrKL,WSJ,TGWsrKL,WSJ,TGWsrKL,neuVl
WSJ
WSJ,WSJ,WSJ,TGWsrKL,WSJ,TGWsrKL,TGWsrKL,WSJ,WSJ,TGWsrKL,WSJ,TGWsrKL,WSJ,TGWsrKL,neuVl,WSJ
TGWsrKL
Jedi Wagner, assuma o comando!