Toque! Toque, Dijê!
Toque! Toque, Dijê!
Toque! Toque, Dijê!
ZcazPk
ZcazPk
ZcazPk
ZcazPk
ZcazPk
ZcazPk
ZcazPk,ZcazPk
ZcazPk
ZcazPk
ZcazPk
ZcazPk
ZcazPk
ZcazPk,ZcazPk,ZcazPk,ZcazPk
ZcazPk,ZcazPk,ZcazPk,ZcazPk
ZcazPk
ZcazPk,ZcazPk,ZcazPk,ZcazPk
ZcazPk
ZcazPk
ZcazPk,ZcazPk,ZcazPk,ZcazPk
ges
ZcazPk,ZcazPk,ZcazPk,ges,ZcazPk
ges
ges
ZcazPk,ZcazPk,ZcazPk,ges,ZcazPk
ZcazPk,ZcazPk,ZcazPk,ges,ZcazPk
ges
ges
ZcazPk,ZcazPk,ZcazPk,ZcazPk,ges
ges
ZcazPk,ZcazPk,ZcazPk,ges
ZcazPk,ZcazPk,ZcazPk,ges
ges
ges
ZcazPk
ZcazPk,ZcazPk,ZcazPk,ZcazPk
ZcazPk,ZcazPk,ZcazPk,ZcazPk,ZcazPk
ZcazPk,ZcazPk,ZcazPk,ZcazPk,ZcazPk
ZcazPk,ZcazPk,ges,ZcazPk,ZcazPk,ZcazPk,kKGTWoX,ZcazPk,ZcazPk,ges
ZcazPk,ZcazPk,ZcazPk,ZcazPk,ges,ZcazPk,kKGTWoX,ZcazPk,ZcazPk,ges
ZcazPk,ZcazPk,ges,ZcazPk,ZcazPk,ZcazPk,ZcazPk,ZcazPk,ges,ZcazPk
ZcazPk,ZcazPk,ges,ZcazPk,ZcazPk,ZcazPk,ZcazPk,ZcazPk,ges,ZcazPk
ZcazPk,ges,ZcazPk,ZcazPk,ZcazPk,ZcazPk,ZcazPk,ZcazPk,ges,ZcazPk,ges
ges
ZcazPk,ZcazPk,ges,ZcazPk,ZcazPk,ZcazPk,kKGTWoX,ZcazPk,ZcazPk,ges
ZcazPk
ZcazPk
ZcazPk,ges,ZcazPk,ZcazPk,ZcazPk,ZcazPk,ZcazPk,ges,kKGTWoX
ZcazPk,ges,ZcazPk,ZcazPk,ZcazPk,ZcazPk,ZcazPk,ges,kKGTWoX,ZcazPk
ZcazPk
ges,ZcazPk,ZcazPk,ZcazPk,ZcazPk,ZcazPk,ZcazPk,ges,kKGTWoX,ZcazPk
ZcazPk
ges
ges
ZcazPk
ZcazPk,ges,ZcazPk,ZcazPk,ges,ZcazPk,ges,ges,ZcazPk,ges,ges,ges,ZcazPk,kKGTWoX
ZcazPk,ges,ZcazPk,ZcazPk,ges,ZcazPk,ges,ges,ZcazPk,ges,ges,ges,ZcazPk,kKGTWoX,kKGTWoX,ZcazPk
ZcazPk,ZcazPk,ZcazPk,ges,ges,ZcazPk,ges,ges,ZcazPk,ges,ges,ges,ZcazPk,kKGTWoX,kKGTWoX,ZcazPk,ZcazPk,kKGTWoX
ZcazPk
kKGTWoX
ZcazPk,ZcazPk,ZcazPk,ZcazPk,ZcazPk,ges,kKGTWoX,ZcazPk,ges,ZcazPk,ges,ges,ZcazPk,ges
ZcazPk,ZcazPk,ZcazPk,ZcazPk,ZcazPk,ges,kKGTWoX,ZcazPk,ges,ZcazPk,ges,ges,ZcazPk,ges
ZcazPk,ZcazPk,ZcazPk,ZcazPk,ZcazPk,ges,kKGTWoX,ZcazPk,ges,ZcazPk,ges,ges,ZcazPk,ges
ZcazPk
ZcazPk,ZcazPk,ZcazPk,ZcazPk,ZcazPk,ZcazPk,ges,ZcazPk,ges,ges,ZcazPk,ges,ges
ZcazPk,ZcazPk,ZcazPk,ZcazPk,ZcazPk,ges,ZcazPk,ges,ZcazPk,ges,ges,ZcazPk,ges,ges,kKGTWoX
ZcazPk
ZcazPk
ZcazPk,ZcazPk,ZcazPk,ZcazPk,ZcazPk,ges,ZcazPk,ges,ZcazPk,ges,ges,ZcazPk,ges,ges,kKGTWoX
ZcazPk,ZcazPk,ZcazPk,ZcazPk,ZcazPk,ges,ZcazPk,ges,ZcazPk,ges,ges,ZcazPk,ges,ges,kKGTWoX
ZcazPk,ZcazPk,ZcazPk,ZcazPk,ZcazPk,ges,ZcazPk,ges,ZcazPk,ges,ges,ZcazPk,ges,ges,kKGTWoX,ZcazPk
ZcazPk
ZcazPk,ZcazPk,ZcazPk,ZcazPk,ZcazPk,ZcazPk,ZcazPk,ges,ges,ges,ges,ZcazPk,ges,ges,kKGTWoX,ZcazPk,ges,ZcazPk
ZcazPk,ZcazPk,ZcazPk,ZcazPk,ZcazPk,ZcazPk,ZcazPk,ges,ges,ges,ges,ZcazPk,ges,ges,kKGTWoX,ZcazPk,ges,ZcazPk
ZcazPk,ZcazPk,ZcazPk,ZcazPk,ZcazPk,ZcazPk,ges,ges,ZcazPk,ges,ges,ZcazPk,ges,ges,ZcazPk,ges,ZcazPk,ZcazPk
ges
ges
ges
ges
ges
ZcazPk,ZcazPk,ZcazPk,ZcazPk,ZcazPk,ges,ges,ZcazPk,ges,ges,ZcazPk,ges,ges,ZcazPk,ges,ZcazPk
ZcazPk,ZcazPk,ZcazPk,ZcazPk,ZcazPk,ZcazPk,ges,ges,ges,ges,ZcazPk,ges,ges,kKGTWoX,ZcazPk,ges,ZcazPk,ges,ges
ges
ZcazPk,ZcazPk,ZcazPk,ZcazPk,ZcazPk,ZcazPk,ges,kKGTWoX,ges,ges,ZcazPk,ges,ges,ZcazPk,ges,ZcazPk,ges,ges
ges
ges
ZcazPk,ZcazPk,ZcazPk,ZcazPk,ZcazPk,ZcazPk,ZcazPk,ges,ges,ges,ges,ZcazPk,ges,ges,kKGTWoX,ZcazPk,ges,ZcazPk
ZcazPk,ZcazPk,ZcazPk,ZcazPk,ZcazPk,ZcazPk,ZcazPk,ges,ges,ges,ges,ZcazPk,ges,ges,kKGTWoX,ZcazPk,ges,ZcazPk
ges
kKGTWoX
ZcazPk,ZcazPk,ZcazPk,ZcazPk,ZcazPk,ZcazPk,ges,ges,kKGTWoX,ZcazPk,ges,ZcazPk,ges,ges,ZcazPk,ges,ZcazPk
ZcazPk,ZcazPk,ZcazPk,ZcazPk,ZcazPk,ges,ges,kKGTWoX,ZcazPk,ges,ZcazPk,ges,ges,ZcazPk,ges,ZcazPk,kKGTWoX
ges
ges
ges
ZcazPk,ZcazPk,ZcazPk,ZcazPk,ZcazPk,ZcazPk,ges,ges,ges,ges,ZcazPk,ges,ges,kKGTWoX,ZcazPk,ges,ZcazPk
ges
ZcazPk,ZcazPk,ZcazPk,ZcazPk,ges,ges,ges,ZcazPk,ges,ges,kKGTWoX,ZcazPk,ges,ZcazPk,kKGTWoX,ZcazPk
ZcazPk,ZcazPk,ZcazPk,ZcazPk,ges,ges,ges,ZcazPk,ges,ges,kKGTWoX,ZcazPk,ges,ZcazPk,kKGTWoX,ZcazPk
ZcazPk,ZcazPk,ZcazPk,ZcazPk,ges,ges,ges,ZcazPk,ges,ges,kKGTWoX,ZcazPk,ges,ZcazPk,kKGTWoX,ZcazPk
ges
ges
ges
kKGTWoX
ZcazPk,ZcazPk,ZcazPk,ZcazPk,ges,ges,ZcazPk,kKGTWoX,ges,ges,ZcazPk,ges,ZcazPk,kKGTWoX,ZcazPk,ges,ZcazPk
ZcazPk,ZcazPk,ZcazPk,ZcazPk,ges,ges,ZcazPk,kKGTWoX,ges,ges,ZcazPk,ges,ZcazPk,kKGTWoX,ZcazPk,ges,ZcazPk,kKGTWoX
ZcazPk,ZcazPk,ZcazPk,ZcazPk,ges,ges,ZcazPk,kKGTWoX,ges,ges,ZcazPk,ges,ZcazPk,kKGTWoX,ZcazPk,ges,ZcazPk,kKGTWoX
kKGTWoX
ZcazPk,ZcazPk,ges,ges,ZcazPk,ges,kKGTWoX,ZcazPk,ges,ZcazPk,ges,ZcazPk,kKGTWoX,ZcazPk,kKGTWoX
ges
ges
ges
ges
ZcazPk,ZcazPk,ZcazPk,ges,ges,ZcazPk,ges,ges,ZcazPk,ges,ZcazPk,kKGTWoX,ZcazPk,ZcazPk
ges
ZcazPk,ZcazPk,ZcazPk,ZcazPk,ges,ges,ges,ZcazPk,ges,ges,kKGTWoX,ZcazPk,ges,ZcazPk,kKGTWoX,ZcazPk,ges,ZcazPk
ZcazPk,ges,ges,ges,ZcazPk,ges,ZcazPk,ZcazPk,ges,ZcazPk,ges,ZcazPk,kKGTWoX,ZcazPk,ges,ZcazPk,ges,kKGTWoX,kKGTWoX
ZcazPk
ZcazPk
ZcazPk
ges,ges,ZcazPk,ges,ZcazPk,ZcazPk,ges,ZcazPk,ZcazPk,ges,ZcazPk,ZcazPk,ges,ZcazPk,ges,kKGTWoX
ZcazPk
ges,ges,ges,ZcazPk,ZcazPk,ges,ZcazPk,ZcazPk,ZcazPk,ges,ZcazPk,ZcazPk,ges,ZcazPk,ges
ges,ges,ges,ZcazPk,ges,ZcazPk,ZcazPk,ZcazPk,ges,ZcazPk,ZcazPk,ges,ZcazPk,ges,kKGTWoX
ZcazPk
ZcazPk
ges,ges,ZcazPk,ges,ZcazPk,ZcazPk,ges,ZcazPk,ZcazPk,ges,ZcazPk,ZcazPk,ges,ZcazPk,ges,kKGTWoX
ges,ges,ges,ZcazPk,ZcazPk,ges,ZcazPk,ZcazPk,ges,ZcazPk,ZcazPk,ges,ZcazPk,ges,kKGTWoX,ges,ges,kKGTWoX
ZcazPk,ges,ZcazPk,ZcazPk,ges,ZcazPk,ZcazPk,ges,ZcazPk,ZcazPk,ges,ZcazPk,ges
ges
ges
ges
ZcazPk,ges,ZcazPk,ZcazPk,ges,ZcazPk,ZcazPk,ges,ZcazPk,ZcazPk,ges,ZcazPk,ges
ges
ZcazPk,ges,ZcazPk,ZcazPk,ges,ZcazPk,ZcazPk,ges,ZcazPk,ZcazPk,ges,ZcazPk,ges
ZcazPk,ges,ZcazPk,ZcazPk,ges,ZcazPk,ZcazPk,ges,ZcazPk,ZcazPk,ges,ZcazPk,ges,ZcazPk
ZcazPk,ges,ZcazPk,ZcazPk,ges,ZcazPk,ZcazPk,ges,ZcazPk,ZcazPk,ges,ZcazPk,ges,ZcazPk
ZcazPk
ZcazPk
ges
ZcazPk,ZcazPk,ZcazPk,ZcazPk,ZcazPk,ges,ZcazPk,ZcazPk,ges,ges,ZcazPk,ges,ZcazPk,ges,ZcazPk,kKGTWoX,kKGTWoX
ZcazPk,ZcazPk,ZcazPk,ZcazPk,ZcazPk,ges,ZcazPk,ZcazPk,ges,ges,ZcazPk,ges,ZcazPk,ges,ZcazPk,kKGTWoX,kKGTWoX
ZcazPk,ZcazPk,ZcazPk,ZcazPk,ZcazPk,ges,ZcazPk,ZcazPk,ges,ges,ZcazPk,ges,ZcazPk,ges,ZcazPk,kKGTWoX,kKGTWoX,kKGTWoX
ZcazPk,ZcazPk,ZcazPk,ZcazPk,ZcazPk,ges,ZcazPk,ZcazPk,ges,ges,ZcazPk,ges,ZcazPk,ges,ZcazPk,kKGTWoX,kKGTWoX,kKGTWoX,kKGTWoX
ZcazPk,ZcazPk,ZcazPk,ZcazPk,ZcazPk,ges,ZcazPk,ZcazPk,ges,ges,ZcazPk,ges,ZcazPk,ges,ZcazPk,kKGTWoX,kKGTWoX,kKGTWoX,kKGTWoX
ZcazPk,ZcazPk,ZcazPk,ZcazPk,ZcazPk,ges,ZcazPk,ZcazPk,ges,ges,ZcazPk,ges,ZcazPk,ges,ZcazPk,kKGTWoX,kKGTWoX,kKGTWoX
ZcazPk,ZcazPk,ZcazPk,ZcazPk,ZcazPk,ges,ZcazPk,ZcazPk,ges,ges,ZcazPk,ges,ZcazPk,ges,ZcazPk,kKGTWoX,kKGTWoX,kKGTWoX
ges
ges
ZcazPk,ZcazPk,ZcazPk,ZcazPk,ZcazPk,ges,ZcazPk,ZcazPk,ges,ges,ZcazPk,ges,ZcazPk,ges,ZcazPk,kKGTWoX,kKGTWoX
ZcazPk,ZcazPk,ZcazPk,ZcazPk,ZcazPk,ZcazPk,ZcazPk,ges,ges,ZcazPk,ges,ZcazPk,ges,ZcazPk,kKGTWoX,kKGTWoX,kKGTWoX
ZcazPk,ZcazPk,ZcazPk,ZcazPk,ZcazPk,ges,ZcazPk,ZcazPk,ges,ges,ZcazPk,ges,ZcazPk,ges,ZcazPk,kKGTWoX,kKGTWoX
ZcazPk,ZcazPk,ZcazPk,ZcazPk,ZcazPk,ZcazPk,ZcazPk,ges,ges,ZcazPk,ges,ZcazPk,ges,ZcazPk,kKGTWoX,kKGTWoX,ZcazPk,ZcazPk,kKGTWoX
kKGTWoX
ZcazPk
ZcazPk,ZcazPk,ZcazPk,ZcazPk,ZcazPk,ZcazPk,ZcazPk,ges,ges,ZcazPk,ges,ZcazPk,ges,ZcazPk,kKGTWoX,kKGTWoX,ZcazPk,ZcazPk,kKGTWoX
ges
ges
ges
ZcazPk,ZcazPk,ZcazPk,ZcazPk,ZcazPk,ZcazPk,ges,ges,ZcazPk,ges,ZcazPk,ges,ZcazPk,ges,ZcazPk,kKGTWoX,ZcazPk,ZcazPk,kKGTWoX,ZcazPk,ges
ZcazPk,ZcazPk,ZcazPk,ZcazPk,ZcazPk,ZcazPk,ges,ges,ZcazPk,ges,ZcazPk,ges,ZcazPk,ges,ZcazPk,kKGTWoX,ZcazPk,ZcazPk,kKGTWoX,ZcazPk,ges,ZcazPk
ZcazPk,ZcazPk,ZcazPk,ZcazPk,ges,ges,ZcazPk,ges,ZcazPk,ges,ZcazPk,ges,ZcazPk,ZcazPk,ZcazPk,ZcazPk,ges,ZcazPk,kKGTWoX,ges,ZcazPk
ZcazPk,ZcazPk,ZcazPk,ZcazPk,ges,ges,ZcazPk,ges,ZcazPk,ges,ZcazPk,ges,ZcazPk,ZcazPk,ZcazPk,ZcazPk,ges,ZcazPk,kKGTWoX,ges,ZcazPk
ZcazPk
ges
ges
ZcazPk,ZcazPk,ZcazPk,ZcazPk,ges,ges,ZcazPk,ges,ZcazPk,ges,ZcazPk,ges,ZcazPk,ZcazPk,ZcazPk,ZcazPk,ges,ZcazPk,kKGTWoX,ges,ZcazPk
kKGTWoX
kKGTWoX
ZcazPk,ZcazPk,kKGTWoX,ges,ZcazPk,ges,ZcazPk,ges,ZcazPk,ZcazPk,ZcazPk,ZcazPk,ges,ZcazPk,ges,ZcazPk,ZcazPk,ges,ges
ZcazPk,ges,ZcazPk,kKGTWoX,ZcazPk,ges,ZcazPk,ges,ZcazPk,ZcazPk,ZcazPk,ZcazPk,ges,ZcazPk,ges,ZcazPk,ZcazPk,ges,ges
ZcazPk
ZcazPk
ZcazPk,ges,ZcazPk,kKGTWoX,ZcazPk,ges,ZcazPk,ges,ZcazPk,ZcazPk,ZcazPk,ZcazPk,ges,ZcazPk,ges,ZcazPk,ZcazPk,ges,ges
ZcazPk,ges,ZcazPk,kKGTWoX,ZcazPk,ges,ZcazPk,ges,ZcazPk,ZcazPk,ZcazPk,ZcazPk,ges,ZcazPk,ges,ZcazPk,ZcazPk,ges,ges
ZcazPk
ZcazPk
ZcazPk,kKGTWoX,ZcazPk,ges,ZcazPk,ges,ZcazPk,ZcazPk,ZcazPk,ZcazPk,ges,ZcazPk,ges,ZcazPk,ZcazPk,ges,ges
ZcazPk,kKGTWoX,ZcazPk,ges,ZcazPk,ges,ZcazPk,ZcazPk,ZcazPk,ZcazPk,ges,ZcazPk,ges,ZcazPk,ZcazPk,ges,ges
ZcazPk
ZcazPk
ZcazPk,kKGTWoX,ZcazPk,ges,ZcazPk,ges,ZcazPk,ZcazPk,ZcazPk,ZcazPk,ges,ZcazPk,ges,ZcazPk,ZcazPk,ges,ges,kKGTWoX
ZcazPk,kKGTWoX,ZcazPk,ges,ZcazPk,ges,ZcazPk,ZcazPk,ZcazPk,ZcazPk,ges,ZcazPk,ges,ZcazPk,ZcazPk,ges,ges
ZcazPk
ZcazPk,kKGTWoX,ZcazPk,ges,ZcazPk,ges,ZcazPk,ZcazPk,ZcazPk,ZcazPk,ges,ZcazPk,ges,ZcazPk,ZcazPk,ges,ges
Jedi Wagner, assuma o comando!