Toque! Toque, Dijê!
[vazia]
[vazia]
Toque! Toque, Dijê!
[vazia]
f
f
f
f,PjAEoC
f,PjAEoC
f,PjAEoC,FxP
f
f
f
f
PjAEoC,f,FxP,PjAEoC,kIDkZ,f
f,PjAEoC,PjAEoC,kIDkZ,f
PjAEoC,f,FxP,PjAEoC,U
PjAEoC
PjAEoC
PjAEoC
PjAEoC
PjAEoC
PjAEoC
PjAEoC
PjAEoC,f,FxP,PjAEoC,U,PjAEoC
PjAEoC
PjAEoC,f,FxP,PjAEoC,U,PjAEoC,PjAEoC
PjAEoC,f,FxP,PjAEoC,U,PjAEoC
PjAEoC,f,FxP,PjAEoC,U,PjAEoC
PjAEoC,f,FxP,PjAEoC,U,PjAEoC
f,FxP,PjAEoC,U,PjAEoC,PjAEoC
PjAEoC
f,FxP,PjAEoC,U,PjAEoC,PjAEoC,xLXKAppMos
f,FxP,PjAEoC,U,PjAEoC,PjAEoC,xLXKAppMos
f,FxP,PjAEoC,U,PjAEoC,PjAEoC,xLXKAppMos
f,FxP,PjAEoC,U,PjAEoC,PjAEoC,xLXKAppMos
f,FxP,PjAEoC,U,PjAEoC,PjAEoC,xLXKAppMos
f,FxP,PjAEoC,U,PjAEoC,PjAEoC,xLXKAppMos
f,FxP,PjAEoC,U,PjAEoC,PjAEoC,xLXKAppMos
f,FxP,U,PjAEoC,PjAEoC,xLXKAppMos
f,U,xLXKAppMos,PjAEoC,FxP
xLXKAppMos
xLXKAppMos
xLXKAppMos
xLXKAppMos
f
FxP,PjAEoC,PjAEoC,PjAEoC,xLXKAppMos,f,f
f
PjAEoC,PjAEoC,PjAEoC,xLXKAppMos,f,FxP,EGymp,FxP,EGymp
PjAEoC,PjAEoC,PjAEoC,f,xLXKAppMos,FxP,EGymp,FxP,EGymp
PjAEoC,PjAEoC,PjAEoC,f,xLXKAppMos,FxP,EGymp,FxP,EGymp
FxP
PjAEoC,PjAEoC,PjAEoC,f,FxP,xLXKAppMos,EGymp,FxP,EGymp
FxP
xLXKAppMos
PjAEoC,PjAEoC,PjAEoC,f,xLXKAppMos,FxP,EGymp,FxP,EGymp,FxP,kIDkZ
PjAEoC,PjAEoC,PjAEoC,xLXKAppMos,f,FxP,EGymp,FxP,EGymp,FxP,kIDkZ,f
f
PjAEoC,PjAEoC,f,PjAEoC,FxP,EGymp,FxP,EGymp,FxP,kIDkZ,f,xLXKAppMos,f
PjAEoC,PjAEoC,f,PjAEoC,FxP,EGymp,FxP,EGymp,FxP,kIDkZ,f,f
PjAEoC,PjAEoC,f,PjAEoC,FxP,EGymp,FxP,EGymp,FxP,kIDkZ,f,f
PjAEoC
PjAEoC
PjAEoC
PjAEoC
PjAEoC,f,PjAEoC,PjAEoC,FxP,EGymp,FxP,EGymp,FxP,f,f,kIDkZ
PjAEoC,f,PjAEoC,PjAEoC,FxP,EGymp,FxP,EGymp,FxP,f,f,kIDkZ
PjAEoC
PjAEoC
PjAEoC,PjAEoC,PjAEoC,f,xLXKAppMos,FxP,EGymp,FxP,EGymp,U
xLXKAppMos
PjAEoC,PjAEoC,PjAEoC,f,xLXKAppMos,FxP,EGymp,FxP,EGymp
PjAEoC,PjAEoC,PjAEoC,f,xLXKAppMos,FxP,EGymp,FxP,EGymp
xLXKAppMos
PjAEoC,PjAEoC,PjAEoC,f,xLXKAppMos,FxP,EGymp,FxP,EGymp
PjAEoC,PjAEoC,PjAEoC,f,xLXKAppMos,FxP,EGymp,FxP,EGymp
PjAEoC,PjAEoC,PjAEoC,f,xLXKAppMos,FxP,EGymp,FxP,EGymp,PjAEoC
PjAEoC,PjAEoC,PjAEoC,f,xLXKAppMos,FxP,EGymp,FxP,EGymp,PjAEoC
PjAEoC,PjAEoC,PjAEoC,f,xLXKAppMos,FxP,EGymp,FxP,EGymp,PjAEoC
PjAEoC,PjAEoC,PjAEoC,f,xLXKAppMos,FxP,EGymp,FxP,EGymp,PjAEoC,PjAEoC
PjAEoC,PjAEoC,PjAEoC,f,xLXKAppMos,FxP,EGymp,FxP,EGymp,PjAEoC,PjAEoC
PjAEoC,PjAEoC,PjAEoC,f,xLXKAppMos,FxP,EGymp,FxP,EGymp,PjAEoC
FxP
FxP
FxP
FxP
U
PjAEoC
PjAEoC
PjAEoC,xLXKAppMos,U,PjAEoC,FxP,EGymp,FxP,EGymp,PjAEoC,f
PjAEoC,xLXKAppMos,PjAEoC,FxP,FxP,PjAEoC,f
FxP
PjAEoC,xLXKAppMos,PjAEoC,FxP,FxP,PjAEoC,f
PjAEoC,xLXKAppMos,PjAEoC,FxP,FxP,PjAEoC,f
PjAEoC,xLXKAppMos,PjAEoC,FxP,FxP,PjAEoC,f,f
PjAEoC,PjAEoC,FxP,FxP,PjAEoC,f
FxP
PjAEoC,FxP,FxP,PjAEoC,PjAEoC,f,kIDkZ
PjAEoC
PjAEoC
FxP
FxP
PjAEoC,PjAEoC,PjAEoC,FxP,kIDkZ,PjAEoC
PjAEoC
PjAEoC,PjAEoC,FxP,kIDkZ,PjAEoC
FxP
PjAEoC,FxP,PjAEoC,kIDkZ,PjAEoC,EGymp,FxP
PjAEoC,FxP,PjAEoC,kIDkZ,PjAEoC,EGymp,FxP
FxP
PjAEoC,FxP,PjAEoC,kIDkZ,PjAEoC,EGymp,FxP,f
FxP
PjAEoC
PjAEoC
PjAEoC
PjAEoC,FxP,FxP,PjAEoC,PjAEoC,kIDkZ,PjAEoC
PjAEoC
FxP,FxP,PjAEoC,PjAEoC,kIDkZ,PjAEoC
PjAEoC
FxP,FxP,PjAEoC,kIDkZ,PjAEoC,PjAEoC
FxP,FxP,PjAEoC,kIDkZ,PjAEoC,PjAEoC
FxP,FxP,PjAEoC,kIDkZ,PjAEoC,PjAEoC
PjAEoC
PjAEoC
PjAEoC,FxP,FxP,PjAEoC,PjAEoC,kIDkZ,PjAEoC,f
PjAEoC,FxP,FxP,PjAEoC,PjAEoC,kIDkZ,PjAEoC
PjAEoC,FxP,FxP,PjAEoC,PjAEoC,kIDkZ,PjAEoC
PjAEoC
PjAEoC,FxP,FxP,PjAEoC,PjAEoC,kIDkZ,PjAEoC,xLXKAppMos
PjAEoC
PjAEoC,FxP,FxP,PjAEoC,PjAEoC,kIDkZ,PjAEoC
PjAEoC
PjAEoC,FxP,FxP,PjAEoC,PjAEoC,kIDkZ,PjAEoC
PjAEoC,FxP,FxP,PjAEoC,PjAEoC,kIDkZ,PjAEoC
PjAEoC
PjAEoC,FxP,FxP,PjAEoC,PjAEoC,kIDkZ,PjAEoC,EGymp
PjAEoC,FxP,FxP,PjAEoC,PjAEoC,kIDkZ,PjAEoC,EGymp,U
PjAEoC
PjAEoC,FxP,FxP,PjAEoC,PjAEoC,PjAEoC,kIDkZ,xLXKAppMos
PjAEoC,FxP,PjAEoC,PjAEoC,PjAEoC,kIDkZ,xLXKAppMos,kIDkZ
xLXKAppMos
xLXKAppMos
PjAEoC,PjAEoC,PjAEoC,PjAEoC,xLXKAppMos,kIDkZ,kIDkZ,PjAEoC
PjAEoC,PjAEoC,PjAEoC,PjAEoC,xLXKAppMos,kIDkZ,kIDkZ,PjAEoC
PjAEoC,PjAEoC,PjAEoC,PjAEoC,xLXKAppMos,kIDkZ,kIDkZ,PjAEoC
kIDkZ
kIDkZ
PjAEoC,PjAEoC,PjAEoC,PjAEoC,xLXKAppMos,kIDkZ,kIDkZ,PjAEoC
PjAEoC,PjAEoC,PjAEoC,PjAEoC,xLXKAppMos,kIDkZ,kIDkZ,PjAEoC
PjAEoC,PjAEoC,PjAEoC,PjAEoC,xLXKAppMos,kIDkZ,kIDkZ,PjAEoC
PjAEoC,PjAEoC,PjAEoC,PjAEoC,xLXKAppMos,kIDkZ,kIDkZ,PjAEoC
PjAEoC
PjAEoC,PjAEoC,PjAEoC,xLXKAppMos,kIDkZ,PjAEoC,kIDkZ,PjAEoC,kIDkZ
PjAEoC
PjAEoC
PjAEoC,PjAEoC,PjAEoC,xLXKAppMos,kIDkZ,PjAEoC,kIDkZ,PjAEoC,kIDkZ,EGymp
PjAEoC,PjAEoC,xLXKAppMos,kIDkZ,PjAEoC,kIDkZ,PjAEoC,kIDkZ,EGymp
PjAEoC
PjAEoC,PjAEoC,xLXKAppMos,kIDkZ,PjAEoC,EGymp,kIDkZ,PjAEoC,kIDkZ,U
EGymp
xLXKAppMos
PjAEoC,PjAEoC,PjAEoC,EGymp,xLXKAppMos,kIDkZ,kIDkZ,PjAEoC,kIDkZ,U,FxP
xLXKAppMos
xLXKAppMos
xLXKAppMos
PjAEoC,PjAEoC,PjAEoC,EGymp,xLXKAppMos,kIDkZ,kIDkZ,PjAEoC,kIDkZ,U,FxP
PjAEoC
PjAEoC,PjAEoC,EGymp,xLXKAppMos,PjAEoC,kIDkZ,kIDkZ,PjAEoC,kIDkZ,U,FxP
PjAEoC
PjAEoC
PjAEoC
Jedi Wagner, assuma o comando!