[vazia]
[vazia]
Toque! Toque, Dijê!
[vazia]
Toque! Toque, Dijê!
Bhtr,ri,yglOl
Bhtr,ri,yglOl
Bhtr,ri,yglOl
ri
Bhtr,ri,yglOl,Kq
ri
Bhtr,ri,yglOl,Kq
ri
ri
ri
ri
yglOl
yglOl
Bhtr,yglOl
Bhtr,yglOl
Bhtr,yglOl,ymihobPMr
Bhtr,yglOl,ymihobPMr
yglOl
yglOl
yglOl
yglOl
Bhtr,yglOl,ymihobPMr
yglOl
Bhtr,yglOl,ymihobPMr
ymihobPMr
ymihobPMr
ymihobPMr
ymihobPMr
Bhtr,ymihobPMr
Kq
Kq
ymihobPMr
ymihobPMr
ymihobPMr
ymihobPMr
ymihobPMr
Bhtr,yglOl,ymihobPMr
Bhtr,yglOl,ymihobPMr
ymihobPMr
Bhtr,yglOl,ymihobPMr
ymihobPMr
Bhtr,yglOl
yglOl
yglOl
Bhtr,yglOl,ymihobPMr
ymihobPMr
Bhtr,yglOl,ymihobPMr,ymihobPMr
ymihobPMr
Bhtr,yglOl,ymihobPMr,ymihobPMr
ymihobPMr
Bhtr,ymihobPMr,ymihobPMr,yglOl,Kq
ymihobPMr
Bhtr,ymihobPMr,ymihobPMr,yglOl,Kq,Bhtr
ymihobPMr,ymihobPMr,Bhtr,Kq,Bhtr
Kq
Bhtr,yglOl,Kq,ymihobPMr,ymihobPMr,Bhtr,yglOl,Bhtr
ymihobPMr
yglOl
yglOl,ymihobPMr,ymihobPMr,yglOl,Bhtr,Bhtr,Bhtr,Bhtr
yglOl,ymihobPMr,ymihobPMr,yglOl,Bhtr,Bhtr,Bhtr,Bhtr
Bhtr,yglOl,Kq,ymihobPMr,ymihobPMr,Bhtr,yglOl,Bhtr,Bhtr
Bhtr,yglOl,Kq,ymihobPMr,Bhtr,yglOl,Bhtr,Bhtr,ymihobPMr
Bhtr,Kq,ymihobPMr,ymihobPMr,Bhtr,yglOl,Bhtr,Bhtr
Bhtr
ymihobPMr,ymihobPMr,Bhtr,yglOl,Bhtr,Bhtr,Bhtr,ccwTWNKV,yglOl
ccwTWNKV
ymihobPMr,ymihobPMr,Bhtr,Bhtr,Bhtr,Bhtr,ccwTWNKV,yglOl,yglOl
ccwTWNKV
ymihobPMr,ymihobPMr,Bhtr,Bhtr,Bhtr,Bhtr,ccwTWNKV,yglOl,yglOl
yglOl
yglOl
yglOl
ymihobPMr,ymihobPMr,Bhtr,Bhtr,Bhtr,Bhtr,ccwTWNKV,yglOl,yglOl,ccwTWNKV,ccwTWNKV
ymihobPMr,ymihobPMr,Bhtr,Bhtr,Bhtr,Bhtr,ccwTWNKV,yglOl,yglOl,Kq
yglOl
ymihobPMr,ymihobPMr,Bhtr,Bhtr,Bhtr,Bhtr,ccwTWNKV,yglOl,yglOl,yglOl,Kq
ymihobPMr
ymihobPMr,Bhtr,Bhtr,Bhtr,Bhtr,ccwTWNKV,yglOl,ymihobPMr,yglOl,yglOl,ri,yglOl,ccwTWNKV
ymihobPMr
ymihobPMr,Bhtr,Bhtr,Bhtr,Bhtr,ccwTWNKV,yglOl,ymihobPMr,yglOl,yglOl,ri,yglOl,ccwTWNKV
ymihobPMr
ymihobPMr,Bhtr,Bhtr,Bhtr,Bhtr,ccwTWNKV,yglOl,ymihobPMr,yglOl,yglOl,yglOl,ccwTWNKV,ymihobPMr,Kq,Bhtr
ymihobPMr
ymihobPMr
ymihobPMr,Bhtr,Bhtr,Bhtr,Bhtr,yglOl,ymihobPMr,ccwTWNKV,yglOl,yglOl,yglOl,ccwTWNKV,ymihobPMr,Kq,Bhtr,ri
Jedi Wagner, assuma o comando!