ocyzMRgl
ocyzMRgl,X
X
X
X
X
X
PudkfLKmP
X,PudkfLKmP,rP,Bgb,Bgb
PudkfLKmP
X,PudkfLKmP,rP,Bgb
PudkfLKmP
PudkfLKmP
ySV,rP,Bgb,X,PudkfLKmP
ySV
ySV,PudkfLKmP,rP,Bgb,X,PudkfLKmP
ySV,rP,PudkfLKmP,X,PudkfLKmP,ocyzMRgl
ySV
ySV
ySV,X,rP,PudkfLKmP,PudkfLKmP,ocyzMRgl,Bgb,rP
ySV
X
X
ySV,X,rP,PudkfLKmP,ocyzMRgl,Bgb,rP,rP,BBbIzc
X
ySV,X,rP,PudkfLKmP,ocyzMRgl,Bgb,rP,rP,BBbIzc
ySV,X,rP,PudkfLKmP,ocyzMRgl,Bgb,rP,rP,BBbIzc,BBbIzc
X
ySV,X,rP,PudkfLKmP,ocyzMRgl,Bgb,rP,rP,BBbIzc
ySV,X,rP,ocyzMRgl,Bgb,rP,rP,BBbIzc
ySV,rP,ocyzMRgl,Bgb,rP,rP,BBbIzc,rP
rP
rP
ySV,rP,ocyzMRgl,Bgb,rP,rP,BBbIzc,rP
ySV,rP,ocyzMRgl,Bgb,rP,rP,rP,PudkfLKmP
ocyzMRgl,X,rP,PudkfLKmP,Bgb,rP,rP,BBbIzc,PudkfLKmP,Bgb,ySV,rP
ocyzMRgl
ocyzMRgl
Jedi Wagner, assuma o comando!