[vazia]
[vazia]
qDwXjr
Toque! Toque, Dijê!
[vazia]
[vazia]
Toque! Toque, Dijê!
[vazia]
qDwXjr,NQegXYZ
NQegXYZ
dyRgZN
NQegXYZ
NQegXYZ
NQegXYZ
qDwXjr,NQegXYZ
qDwXjr,NQegXYZ
qDwXjr,NQegXYZ
qDwXjr,NQegXYZ
qDwXjr,NQegXYZ
kf
NQegXYZ
NQegXYZ
qDwXjr,NQegXYZ,NQegXYZ,NQegXYZ,dyRgZN,zH
dyRgZN
dyRgZN
dyRgZN
NQegXYZ
NQegXYZ
NQegXYZ
NQegXYZ,dyRgZN,NQegXYZ,NQegXYZ
NQegXYZ,dyRgZN,NQegXYZ,NQegXYZ,dyRgZN,qDwXjr
NQegXYZ,dyRgZN,NQegXYZ,NQegXYZ,dyRgZN,qDwXjr
NQegXYZ
NQegXYZ,dyRgZN,NQegXYZ,NQegXYZ,dyRgZN,qDwXjr,zH
NQegXYZ,dyRgZN,NQegXYZ,NQegXYZ,dyRgZN,qDwXjr,zH
NQegXYZ
NQegXYZ,NQegXYZ,NQegXYZ,dyRgZN,dyRgZN
NQegXYZ
qDwXjr
qDwXjr,NQegXYZ,NQegXYZ,NQegXYZ,dyRgZN
qDwXjr,NQegXYZ,NQegXYZ,NQegXYZ,dyRgZN,qDwXjr
qDwXjr
dyRgZN,NQegXYZ,NQegXYZ,NQegXYZ,kf
dyRgZN,NQegXYZ,NQegXYZ,NQegXYZ
dyRgZN
dyRgZN
dyRgZN
dyRgZN,NQegXYZ,NQegXYZ,NQegXYZ,qDwXjr
dyRgZN
dyRgZN
dyRgZN,NQegXYZ,NQegXYZ,NQegXYZ,pVqPr,pVqPr,zH,NQegXYZ
NQegXYZ,NQegXYZ,NQegXYZ,dyRgZN
NQegXYZ
NQegXYZ,NQegXYZ,NQegXYZ,dyRgZN,zH
NQegXYZ
NQegXYZ,NQegXYZ,NQegXYZ,dyRgZN,zH
NQegXYZ,NQegXYZ,NQegXYZ,dyRgZN,zH
NQegXYZ
NQegXYZ,NQegXYZ,NQegXYZ,dyRgZN,zH
NQegXYZ,NQegXYZ,NQegXYZ,dyRgZN,zH
NQegXYZ,NQegXYZ,NQegXYZ,dyRgZN
NQegXYZ
NQegXYZ
NQegXYZ
dyRgZN
dyRgZN,NQegXYZ,NQegXYZ,NQegXYZ
dyRgZN,NQegXYZ,NQegXYZ
dyRgZN,NQegXYZ,NQegXYZ,zH
dyRgZN
NQegXYZ,NQegXYZ,NQegXYZ,dyRgZN
NQegXYZ
NQegXYZ,NQegXYZ,NQegXYZ,dyRgZN
NQegXYZ,NQegXYZ,NQegXYZ,dyRgZN,NQegXYZ
NQegXYZ
NQegXYZ,NQegXYZ,NQegXYZ,dyRgZN,NQegXYZ,kf
dyRgZN
dyRgZN
dyRgZN
dyRgZN
NQegXYZ,NQegXYZ,NQegXYZ,dyRgZN,NQegXYZ,kf,dyRgZN
NQegXYZ,NQegXYZ,NQegXYZ,dyRgZN,NQegXYZ,kf,dyRgZN
dyRgZN
dyRgZN
dyRgZN
NQegXYZ
Jedi Wagner, assuma o comando!