[vazia]
Toque! Toque, Dijê!
Toque! Toque, Dijê!
[vazia]
aeFeDlof
aeFeDlof,zL
aeFeDlof
aeFeDlof
c,zL,aeFeDlof,Bi,Bi
c,zL,aeFeDlof,Bi,Bi
c,zL,aeFeDlof,Bi,Bi
zL
zL
c,zL,aeFeDlof,Bi,elgEzJG
zL
c,zL,aeFeDlof,Bi,Bi
c,zL,aeFeDlof,Bi,ww
c,zL,aeFeDlof,Bi,ww,zL
c,zL,aeFeDlof,ww,zL,Bi
Bi
c,zL,Bi,zL,ww
zL,Bi,zL,ww
Bi
zL,Bi,zL,ww
Bi
zL,Bi,zL,ww,zL
Bi
zL,Bi,zL,ww,zL
Bi
c,zL,aeFeDlof,ww,zL,Bi
Bi
c,aeFeDlof,ww,zL,Bi,aeFeDlof,ww
c,aeFeDlof,ww,zL,Bi,aeFeDlof,ww
c
aeFeDlof,c,aeFeDlof,ww,zL,ww
aeFeDlof,c,aeFeDlof,ww,zL,ww
aeFeDlof
aeFeDlof
ww
aeFeDlof,c,aeFeDlof,ww,zL,ww,Bi,ww,elgEzJG
ww
ww
aeFeDlof,c,aeFeDlof,ww,Bi,zL,ww,ww,elgEzJG,elgEzJG
aeFeDlof,aeFeDlof,ww,Bi,zL,ww,ww,elgEzJG,elgEzJG
aeFeDlof,aeFeDlof,ww,Bi,zL,ww,ww,elgEzJG,elgEzJG
Bi
elgEzJG
aeFeDlof,aeFeDlof,ww,elgEzJG,ww,ww,elgEzJG,Bi
Bi
aeFeDlof,aeFeDlof,elgEzJG,ww,ww,elgEzJG,ww,Bi,Bi,Bi
Bi
aeFeDlof,aeFeDlof,elgEzJG,ww,ww,elgEzJG,ww,Bi,Bi,Bi
Bi
Bi
aeFeDlof,aeFeDlof,elgEzJG,ww,ww,elgEzJG,ww,Bi,Bi,Bi
Bi
Bi
Bi
aeFeDlof,aeFeDlof,ww,ww,elgEzJG,ww,Bi,elgEzJG,Bi,Bi,c,aeFeDlof
Bi
Bi
Bi
aeFeDlof,aeFeDlof,elgEzJG,elgEzJG,ww,Bi,Bi,Bi,ww,elgEzJG
aeFeDlof,elgEzJG,ww,Bi,Bi,aeFeDlof,Bi,ww,elgEzJG,Bi,Bi,elgEzJG
aeFeDlof,elgEzJG,ww,Bi,Bi,aeFeDlof,Bi,ww,elgEzJG,Bi,Bi,elgEzJG
aeFeDlof
ww
ww
elgEzJG
ww
aeFeDlof,elgEzJG,Bi,Bi,aeFeDlof,Bi,ww,elgEzJG,Bi,Bi,elgEzJG
elgEzJG
elgEzJG
elgEzJG
Bi
Bi
Bi
elgEzJG,Bi,Bi,aeFeDlof,Bi,elgEzJG,ww,Bi,aeFeDlof,Bi,elgEzJG,Bi,zL
aeFeDlof
elgEzJG,Bi,aeFeDlof,Bi,elgEzJG,ww,Bi,aeFeDlof,Bi,Bi,elgEzJG,Bi,elgEzJG,elgEzJG
elgEzJG,Bi,aeFeDlof,Bi,elgEzJG,ww,Bi,aeFeDlof,Bi,Bi,elgEzJG,Bi,elgEzJG
elgEzJG,Bi,aeFeDlof,Bi,elgEzJG,ww,Bi,aeFeDlof,Bi,Bi,elgEzJG,Bi,elgEzJG
elgEzJG,Bi,Bi,aeFeDlof,Bi,elgEzJG,ww,Bi,Bi,elgEzJG,Bi,aeFeDlof
Bi,Bi,Bi,elgEzJG,Bi,Bi,elgEzJG,Bi,aeFeDlof
Bi,Bi,elgEzJG,Bi,Bi,elgEzJG,Bi,aeFeDlof
Bi
Bi
Bi
Bi,Bi,elgEzJG,Bi,Bi,aeFeDlof,elgEzJG,Bi
Bi,Bi,elgEzJG,Bi,Bi,aeFeDlof,elgEzJG,Bi
elgEzJG,Bi,Bi,Bi,elgEzJG,Bi,aeFeDlof,aeFeDlof
Bi
aeFeDlof
Bi
Bi
Bi,Bi,elgEzJG,Bi,Bi,elgEzJG,Bi,c,Bi
Bi,Bi,elgEzJG,Bi,Bi,elgEzJG,Bi,aeFeDlof
Bi,Bi,elgEzJG,Bi,Bi,elgEzJG,Bi,aeFeDlof
Bi,Bi,elgEzJG,Bi,Bi,elgEzJG,Bi,aeFeDlof,aeFeDlof
elgEzJG
Bi
Bi
Bi,Bi,elgEzJG,Bi,Bi,elgEzJG,Bi,zL,zL
Bi,Bi,elgEzJG,Bi,Bi,elgEzJG,Bi,zL,zL
zL
zL
zL
zL
aeFeDlof
Bi
Bi
Bi,Bi,elgEzJG,Bi,zL,zL,aeFeDlof,elgEzJG
Bi
Bi
Bi
Bi
Jedi Wagner, assuma o comando!