SKNkMER
GNEym
GNEym
GNEym,SKNkMER,SKNkMER
GNEym
GNEym
SKNkMER,SKNkMER,tXC,tXC,tXC,KxRMBi
SKNkMER,GNEym,SKNkMER,LEA
SKNkMER,GNEym,SKNkMER,LEA
GNEym,SKNkMER,SKNkMER,LEA
GNEym,SKNkMER,SKNkMER,LEA,SKNkMER
SKNkMER,SKNkMER,GNEym,LEA,SKNkMER
GNEym
SKNkMER,SKNkMER,GNEym,LEA,SKNkMER,WlLbh
SKNkMER,SKNkMER,GNEym,WlLbh,SKNkMER
SKNkMER,SKNkMER,GNEym,WlLbh,SKNkMER,SKNkMER
GNEym
GNEym
GNEym
SKNkMER
SKNkMER,SKNkMER,GNEym,SKNkMER,SKNkMER,Wf
SKNkMER
tXC
tXC
SKNkMER,SKNkMER,GNEym,SKNkMER,SKNkMER,tXC,EHyqdbUt
EHyqdbUt
EHyqdbUt
SKNkMER,GNEym,SKNkMER,SKNkMER,tXC,EHyqdbUt,KxRMBi,KxRMBi
SKNkMER
SKNkMER,GNEym,SKNkMER,SKNkMER,tXC,EHyqdbUt,KxRMBi,KxRMBi
SKNkMER
SKNkMER
SKNkMER
SKNkMER,GNEym,SKNkMER,SKNkMER,tXC,KxRMBi,KxRMBi,LEA
SKNkMER
SKNkMER,GNEym,SKNkMER,SKNkMER,tXC,EHyqdbUt,KxRMBi,KxRMBi
SKNkMER
SKNkMER,GNEym,SKNkMER,SKNkMER,tXC,EHyqdbUt,KxRMBi,KxRMBi
SKNkMER,GNEym,SKNkMER,SKNkMER,tXC,EHyqdbUt,KxRMBi,KxRMBi
SKNkMER
SKNkMER
SKNkMER
SKNkMER
SKNkMER,GNEym,SKNkMER,SKNkMER,tXC,EHyqdbUt,KxRMBi,KxRMBi
SKNkMER,GNEym,SKNkMER,SKNkMER,tXC,EHyqdbUt,KxRMBi,KxRMBi,Wf
SKNkMER,GNEym,SKNkMER,SKNkMER,tXC,EHyqdbUt,KxRMBi,KxRMBi,Wf
SKNkMER,GNEym,SKNkMER,SKNkMER,tXC,EHyqdbUt,KxRMBi,KxRMBi
SKNkMER
SKNkMER,GNEym,SKNkMER,SKNkMER,tXC,EHyqdbUt,KxRMBi,KxRMBi
SKNkMER
SKNkMER,GNEym,SKNkMER,SKNkMER,tXC,EHyqdbUt,KxRMBi,KxRMBi,tXC,tXC,WlLbh,SKNkMER
SKNkMER,GNEym,SKNkMER,SKNkMER,tXC,EHyqdbUt,KxRMBi,KxRMBi,tXC,tXC,WlLbh,SKNkMER
SKNkMER
SKNkMER
EHyqdbUt
SKNkMER,SKNkMER,EHyqdbUt,SKNkMER,tXC,KxRMBi,KxRMBi,EHyqdbUt
EHyqdbUt
SKNkMER,SKNkMER,EHyqdbUt,SKNkMER,tXC,KxRMBi,KxRMBi,EHyqdbUt
SKNkMER,EHyqdbUt,SKNkMER,tXC,KxRMBi,KxRMBi
tXC
SKNkMER,EHyqdbUt,SKNkMER,tXC,KxRMBi,KxRMBi,KxRMBi
SKNkMER,EHyqdbUt,SKNkMER,tXC,KxRMBi,KxRMBi,KxRMBi
KxRMBi
SKNkMER,EHyqdbUt,SKNkMER,KxRMBi,KxRMBi,KxRMBi
SKNkMER,EHyqdbUt,SKNkMER,KxRMBi,KxRMBi,KxRMBi
KxRMBi
SKNkMER,EHyqdbUt,SKNkMER,tXC,KxRMBi,KxRMBi,KxRMBi
SKNkMER,EHyqdbUt,SKNkMER,tXC,KxRMBi,KxRMBi,KxRMBi
tXC
SKNkMER,EHyqdbUt,SKNkMER,tXC,KxRMBi,KxRMBi,KxRMBi
tXC
EHyqdbUt,SKNkMER,tXC,KxRMBi,SKNkMER,KxRMBi,KxRMBi
SKNkMER
SKNkMER
SKNkMER
SKNkMER
SKNkMER
SKNkMER
EHyqdbUt,tXC,KxRMBi,SKNkMER,SKNkMER,KxRMBi,KxRMBi,KxRMBi,SKNkMER
EHyqdbUt,tXC,KxRMBi,SKNkMER,SKNkMER,KxRMBi,KxRMBi,KxRMBi
SKNkMER
SKNkMER
SKNkMER
EHyqdbUt,tXC,KxRMBi,SKNkMER,SKNkMER,KxRMBi,KxRMBi,KxRMBi,SKNkMER,LEA,EHyqdbUt,EHyqdbUt
KxRMBi
EHyqdbUt,tXC,KxRMBi,SKNkMER,SKNkMER,KxRMBi,KxRMBi,Wf
KxRMBi
EHyqdbUt,tXC,KxRMBi,SKNkMER,SKNkMER,KxRMBi,KxRMBi,Wf
EHyqdbUt,tXC,KxRMBi,SKNkMER,SKNkMER,KxRMBi,KxRMBi,Wf
EHyqdbUt,tXC,KxRMBi,SKNkMER,SKNkMER,KxRMBi,KxRMBi,Wf,jaE
KxRMBi
KxRMBi
KxRMBi
KxRMBi
jaE
EHyqdbUt,tXC,KxRMBi,SKNkMER,SKNkMER,KxRMBi,KxRMBi,Wf,tXC
KxRMBi
EHyqdbUt,KxRMBi,SKNkMER,SKNkMER,KxRMBi,KxRMBi,tXC,tXC,EHyqdbUt
KxRMBi
KxRMBi
KxRMBi
KxRMBi
KxRMBi
KxRMBi
EHyqdbUt,tXC,SKNkMER,SKNkMER,KxRMBi,KxRMBi,Wf,tXC,jaE,GNEym,EHyqdbUt,KxRMBi
KxRMBi
KxRMBi
EHyqdbUt,tXC,SKNkMER,KxRMBi,KxRMBi,KxRMBi,SKNkMER,Wf,tXC,GNEym,EHyqdbUt,KxRMBi,GNEym,tXC
EHyqdbUt,tXC,SKNkMER,KxRMBi,KxRMBi,KxRMBi,SKNkMER,Wf,tXC,GNEym,EHyqdbUt,KxRMBi,GNEym,tXC
Wf
SKNkMER,KxRMBi,KxRMBi,KxRMBi,SKNkMER,Wf,tXC,tXC,GNEym,EHyqdbUt,KxRMBi,GNEym,tXC
tXC
SKNkMER,KxRMBi,KxRMBi,KxRMBi,SKNkMER,Wf,tXC,tXC,GNEym,EHyqdbUt,KxRMBi,GNEym,tXC
tXC
SKNkMER,KxRMBi,KxRMBi,KxRMBi,SKNkMER,Wf,tXC,tXC,EHyqdbUt,KxRMBi,GNEym,tXC,KxRMBi
tXC
tXC
SKNkMER,KxRMBi,KxRMBi,SKNkMER,Wf,tXC,tXC,KxRMBi,GNEym,EHyqdbUt,KxRMBi,GNEym,tXC
GNEym
KxRMBi,SKNkMER,Wf,tXC,tXC,KxRMBi,GNEym,KxRMBi,EHyqdbUt,KxRMBi,GNEym,tXC,Wf
SKNkMER,Wf,tXC,tXC,KxRMBi,GNEym,KxRMBi,EHyqdbUt,KxRMBi,GNEym,tXC,Wf
KxRMBi
KxRMBi
SKNkMER,Wf,tXC,tXC,KxRMBi,GNEym,KxRMBi,EHyqdbUt,KxRMBi,GNEym,tXC,Wf
SKNkMER,Wf,tXC,tXC,KxRMBi,GNEym,KxRMBi,EHyqdbUt,KxRMBi,GNEym,tXC,Wf
SKNkMER,Wf,tXC,tXC,KxRMBi,GNEym,KxRMBi,EHyqdbUt,KxRMBi,GNEym,tXC,Wf
tXC,tXC,KxRMBi,KxRMBi,EHyqdbUt,SKNkMER,Wf,KxRMBi,GNEym,GNEym,tXC,Wf,Wf
GNEym
GNEym
GNEym
GNEym
tXC,tXC,KxRMBi,KxRMBi,EHyqdbUt,SKNkMER,Wf,KxRMBi,GNEym,GNEym,tXC,Wf,Wf,tXC,GNEym,EHyqdbUt
tXC,tXC,KxRMBi,KxRMBi,EHyqdbUt,SKNkMER,KxRMBi,GNEym,GNEym,Wf,tXC,Wf,Wf,tXC,GNEym
tXC,tXC,KxRMBi,KxRMBi,EHyqdbUt,SKNkMER,KxRMBi,GNEym,GNEym,Wf,tXC,Wf,Wf,tXC,GNEym
EHyqdbUt
GNEym
tXC,tXC,KxRMBi,KxRMBi,EHyqdbUt,SKNkMER,Wf,KxRMBi,GNEym,GNEym,tXC,Wf,Wf,tXC,GNEym
GNEym
GNEym
GNEym
tXC,tXC,KxRMBi,KxRMBi,EHyqdbUt,KxRMBi,GNEym,GNEym,tXC,Wf,Wf,tXC,GNEym,KxRMBi,SKNkMER,WlLbh,WlLbh
GNEym
tXC,tXC,KxRMBi,KxRMBi,EHyqdbUt,KxRMBi,GNEym,GNEym,tXC,Wf,Wf,tXC,GNEym,KxRMBi,SKNkMER,WlLbh,WlLbh,Wf
GNEym
GNEym
GNEym
WlLbh
tXC,tXC,KxRMBi,KxRMBi,EHyqdbUt,KxRMBi,GNEym,GNEym,WlLbh,tXC,Wf,Wf,tXC,GNEym,KxRMBi,SKNkMER,WlLbh,Wf,GNEym,jaE
tXC
WlLbh
tXC,tXC,KxRMBi,KxRMBi,EHyqdbUt,KxRMBi,GNEym,GNEym,tXC,Wf,WlLbh,Wf,tXC,GNEym,KxRMBi,SKNkMER,WlLbh,Wf,GNEym,jaE,KxRMBi
tXC,tXC,KxRMBi,KxRMBi,EHyqdbUt,KxRMBi,GNEym,GNEym,tXC,Wf,WlLbh,Wf,tXC,GNEym,KxRMBi,SKNkMER,WlLbh,Wf,GNEym,jaE,KxRMBi,WlLbh
Wf
Wf
tXC,tXC,KxRMBi,KxRMBi,EHyqdbUt,KxRMBi,GNEym,GNEym,tXC,Wf,WlLbh,Wf,tXC,GNEym,KxRMBi,SKNkMER,WlLbh,Wf,GNEym,jaE,KxRMBi,WlLbh
tXC,tXC,KxRMBi,KxRMBi,EHyqdbUt,KxRMBi,GNEym,GNEym,tXC,Wf,WlLbh,Wf,tXC,GNEym,KxRMBi,SKNkMER,WlLbh,Wf,GNEym,jaE,KxRMBi,WlLbh,EHyqdbUt
Wf
Wf
tXC,KxRMBi,KxRMBi,EHyqdbUt,KxRMBi,GNEym,GNEym,tXC,Wf,tXC,Wf,tXC,GNEym,KxRMBi,SKNkMER,WlLbh,Wf,GNEym,jaE,KxRMBi,jaE
tXC,KxRMBi,KxRMBi,EHyqdbUt,KxRMBi,GNEym,GNEym,tXC,Wf,tXC,Wf,tXC,GNEym,KxRMBi,SKNkMER,WlLbh,Wf,GNEym,jaE,KxRMBi,jaE
tXC
tXC,KxRMBi,KxRMBi,EHyqdbUt,KxRMBi,GNEym,GNEym,tXC,Wf,tXC,SKNkMER,Wf,tXC,GNEym,KxRMBi,WlLbh,Wf,GNEym,jaE,KxRMBi,jaE,WlLbh
tXC,KxRMBi,KxRMBi,EHyqdbUt,KxRMBi,GNEym,GNEym,tXC,tXC,SKNkMER,Wf,tXC,GNEym,KxRMBi,WlLbh,Wf,GNEym,jaE,KxRMBi,jaE,WlLbh,WlLbh
tXC,KxRMBi,EHyqdbUt,KxRMBi,GNEym,GNEym,tXC,tXC,KxRMBi,SKNkMER,Wf,tXC,GNEym,KxRMBi,WlLbh,Wf,GNEym,jaE,KxRMBi,jaE,WlLbh,WlLbh,SKNkMER
tXC
tXC,KxRMBi,EHyqdbUt,KxRMBi,GNEym,GNEym,tXC,tXC,KxRMBi,SKNkMER,Wf,tXC,GNEym,KxRMBi,WlLbh,Wf,GNEym,jaE,KxRMBi,jaE,WlLbh,WlLbh,SKNkMER
tXC,KxRMBi,EHyqdbUt,KxRMBi,GNEym,GNEym,tXC,tXC,KxRMBi,SKNkMER,Wf,tXC,GNEym,KxRMBi,WlLbh,Wf,GNEym,jaE,KxRMBi,jaE,WlLbh,WlLbh,SKNkMER
KxRMBi,KxRMBi,GNEym,GNEym,tXC,tXC,KxRMBi,Wf,tXC,GNEym,KxRMBi,Wf,GNEym,jaE,KxRMBi,jaE,WlLbh,WlLbh,SKNkMER,tXC,Wf
KxRMBi,KxRMBi,GNEym,GNEym,tXC,tXC,KxRMBi,Wf,tXC,GNEym,KxRMBi,Wf,GNEym,jaE,KxRMBi,jaE,WlLbh,WlLbh,SKNkMER,tXC,Wf
KxRMBi
KxRMBi,KxRMBi,GNEym,GNEym,tXC,KxRMBi,tXC,Wf,tXC,GNEym,KxRMBi,Wf,GNEym,jaE,KxRMBi,jaE,WlLbh,WlLbh,SKNkMER,tXC,Wf
KxRMBi,KxRMBi,GNEym,GNEym,tXC,KxRMBi,tXC,Wf,tXC,GNEym,KxRMBi,Wf,GNEym,jaE,KxRMBi,jaE,WlLbh,WlLbh,SKNkMER,tXC,Wf
tXC
KxRMBi,GNEym,GNEym,tXC,KxRMBi,tXC,WlLbh,Wf,tXC,GNEym,KxRMBi,Wf,GNEym,KxRMBi,jaE,SKNkMER,tXC,Wf
KxRMBi,KxRMBi,GNEym,tXC,KxRMBi,tXC,GNEym,Wf,tXC,GNEym,KxRMBi,Wf,GNEym,jaE,KxRMBi,jaE,WlLbh,WlLbh,SKNkMER,tXC,Wf
KxRMBi,KxRMBi,GNEym,tXC,KxRMBi,tXC,GNEym,Wf,tXC,GNEym,KxRMBi,Wf,GNEym,jaE,KxRMBi,jaE,WlLbh,WlLbh,SKNkMER,tXC,Wf
GNEym
KxRMBi,KxRMBi,GNEym,tXC,KxRMBi,tXC,GNEym,Wf,tXC,GNEym,KxRMBi,Wf,GNEym,jaE,KxRMBi,jaE,WlLbh,WlLbh,SKNkMER,tXC,Wf,SKNkMER
GNEym
KxRMBi,KxRMBi,GNEym,GNEym,tXC,KxRMBi,tXC,Wf,tXC,GNEym,KxRMBi,Wf,GNEym,KxRMBi,jaE,WlLbh,WlLbh,SKNkMER,tXC,Wf,Wf
tXC
KxRMBi,KxRMBi,GNEym,GNEym,tXC,KxRMBi,tXC,Wf,tXC,GNEym,KxRMBi,Wf,GNEym,KxRMBi,jaE,WlLbh,WlLbh,SKNkMER,tXC,Wf,Wf
KxRMBi,KxRMBi,GNEym,GNEym,tXC,KxRMBi,tXC,Wf,tXC,GNEym,KxRMBi,Wf,GNEym,KxRMBi,jaE,WlLbh,WlLbh,SKNkMER,tXC,Wf,Wf
tXC
tXC
KxRMBi,GNEym,GNEym,tXC,KxRMBi,tXC,Wf,tXC,GNEym,KxRMBi,Wf,GNEym,KxRMBi,jaE,WlLbh,WlLbh,SKNkMER,tXC,Wf,Wf,EHyqdbUt,KxRMBi
KxRMBi,GNEym,KxRMBi,tXC,Wf,EHyqdbUt,GNEym,tXC,GNEym,KxRMBi,Wf,GNEym,KxRMBi,jaE,WlLbh,WlLbh,SKNkMER,tXC,Wf,Wf,KxRMBi
KxRMBi,GNEym,KxRMBi,tXC,Wf,jaE,EHyqdbUt,GNEym,tXC,GNEym,KxRMBi,Wf,GNEym,KxRMBi,WlLbh,SKNkMER,tXC,Wf,Wf,KxRMBi
KxRMBi,GNEym,KxRMBi,tXC,Wf,jaE,EHyqdbUt,GNEym,tXC,GNEym,KxRMBi,Wf,GNEym,KxRMBi,WlLbh,SKNkMER,tXC,Wf,Wf,KxRMBi
KxRMBi,GNEym,KxRMBi,tXC,Wf,jaE,EHyqdbUt,GNEym,tXC,GNEym,KxRMBi,Wf,GNEym,KxRMBi,WlLbh,SKNkMER,tXC,Wf,Wf,KxRMBi,tXC
KxRMBi,GNEym,KxRMBi,tXC,Wf,jaE,EHyqdbUt,GNEym,tXC,GNEym,KxRMBi,Wf,GNEym,KxRMBi,WlLbh,SKNkMER,tXC,Wf,Wf,KxRMBi,tXC
jaE
GNEym,KxRMBi,tXC,Wf,jaE,KxRMBi,EHyqdbUt,GNEym,tXC,GNEym,KxRMBi,Wf,GNEym,KxRMBi,WlLbh,SKNkMER,tXC,Wf,Wf,KxRMBi,tXC
KxRMBi,Wf,jaE,KxRMBi,tXC,EHyqdbUt,GNEym,tXC,GNEym,KxRMBi,Wf,GNEym,KxRMBi,WlLbh,SKNkMER,tXC,Wf,Wf,KxRMBi,tXC,SKNkMER
KxRMBi
KxRMBi
KxRMBi,Wf,jaE,KxRMBi,tXC,EHyqdbUt,GNEym,tXC,GNEym,KxRMBi,Wf,GNEym,KxRMBi,WlLbh,SKNkMER,tXC,Wf,Wf,KxRMBi,tXC,SKNkMER
KxRMBi,Wf,jaE,KxRMBi,tXC,EHyqdbUt,GNEym,tXC,GNEym,KxRMBi,Wf,GNEym,KxRMBi,WlLbh,SKNkMER,tXC,Wf,Wf,KxRMBi,tXC,SKNkMER
EHyqdbUt
KxRMBi,Wf,jaE,KxRMBi,tXC,EHyqdbUt,GNEym,tXC,GNEym,KxRMBi,Wf,GNEym,KxRMBi,WlLbh,SKNkMER,tXC,Wf,Wf,KxRMBi,tXC,SKNkMER,Wf
KxRMBi,Wf,KxRMBi,tXC,EHyqdbUt,GNEym,tXC,GNEym,KxRMBi,Wf,GNEym,KxRMBi,WlLbh,SKNkMER,tXC,Wf,Wf,KxRMBi,tXC,SKNkMER,Wf,SKNkMER
KxRMBi,Wf,KxRMBi,tXC,EHyqdbUt,GNEym,tXC,GNEym,KxRMBi,Wf,GNEym,KxRMBi,WlLbh,SKNkMER,tXC,Wf,Wf,KxRMBi,tXC,SKNkMER,Wf,SKNkMER
EHyqdbUt
EHyqdbUt
KxRMBi,Wf,KxRMBi,tXC,SKNkMER,EHyqdbUt,GNEym,tXC,GNEym,KxRMBi,Wf,GNEym,KxRMBi,WlLbh,tXC,Wf,Wf,KxRMBi,tXC,SKNkMER,Wf,SKNkMER,tXC
SKNkMER
SKNkMER
KxRMBi,Wf,KxRMBi,SKNkMER,EHyqdbUt,GNEym,tXC,GNEym,KxRMBi,Wf,GNEym,KxRMBi,WlLbh,tXC,Wf,Wf,KxRMBi,tXC,SKNkMER,Wf,SKNkMER,tXC
KxRMBi,Wf,KxRMBi,SKNkMER,EHyqdbUt,GNEym,tXC,GNEym,KxRMBi,Wf,GNEym,KxRMBi,WlLbh,tXC,Wf,Wf,KxRMBi,tXC,SKNkMER,Wf,SKNkMER,tXC,Wf
EHyqdbUt
GNEym
GNEym
KxRMBi,SKNkMER,tXC,Wf,GNEym,EHyqdbUt,GNEym,KxRMBi,Wf,GNEym,KxRMBi,WlLbh,tXC,Wf,Wf,KxRMBi,tXC,SKNkMER,Wf,SKNkMER,tXC,GNEym,KxRMBi,EHyqdbUt,EHyqdbUt
KxRMBi
KxRMBi,SKNkMER,tXC,Wf,GNEym,EHyqdbUt,GNEym,KxRMBi,Wf,GNEym,KxRMBi,WlLbh,tXC,Wf,Wf,KxRMBi,tXC,SKNkMER,Wf,SKNkMER,tXC,GNEym,KxRMBi,EHyqdbUt,EHyqdbUt
Jedi Wagner, assuma o comando!