eviflYY
eviflYY
eviflYY
eviflYY
eviflYY,rDS,iDcXUXRKhQ,nxKMYE
eviflYY
Toque! Toque, Dijê!
[vazia]
[vazia]
Toque! Toque, Dijê!
[vazia]
rDS
[vazia]
[vazia]
pfk
pfk
pfk,eviflYY,pfk,pfk,pfk
pfk
pfk,eviflYY,pfk,pfk,pfk
pfk,eviflYY,pfk,pfk,pfk
eviflYY
eviflYY
pfk,eviflYY,pfk,pfk,pfk
eviflYY
eviflYY
pfk,eviflYY,pfk,pfk,pfk,eviflYY
eviflYY,nxKMYE,pfk,pfk,pfk,pfk,eviflYY
pfk
eviflYY,pfk,nxKMYE,pfk,pfk,pfk,eviflYY
eviflYY,pfk,nxKMYE,pfk,pfk,pfk,eviflYY
pfk
eviflYY,pfk,nxKMYE,pfk,pfk,pfk,eviflYY,pfk
eviflYY,pfk,nxKMYE,pfk,pfk,pfk,eviflYY,pfk
eviflYY,pfk,nxKMYE,pfk,pfk,pfk,eviflYY,pfk,bmnncGzS,MZK
pfk
pfk,nxKMYE,pfk,pfk,pfk,eviflYY,pfk,bmnncGzS,kLcRMit
pfk,nxKMYE,pfk,pfk,pfk,eviflYY,pfk,bmnncGzS,kLcRMit
nxKMYE
nxKMYE
nxKMYE,pfk,pfk,pfk,eviflYY,pfk,bmnncGzS,kLcRMit,kLcRMit
nxKMYE,pfk,pfk,pfk,eviflYY,pfk,bmnncGzS,kLcRMit,kLcRMit
pfk,eviflYY,pfk,pfk,pfk,eviflYY,nxKMYE
pfk,eviflYY,pfk,pfk,pfk,eviflYY,nxKMYE
pfk,eviflYY,pfk,pfk,pfk,eviflYY,nxKMYE
pfk
pfk
pfk
pfk,eviflYY,pfk,pfk,pfk,eviflYY,nxKMYE
pfk,eviflYY,pfk,pfk,pfk,eviflYY,nxKMYE
pfk,eviflYY,pfk,pfk,pfk,eviflYY,nxKMYE
pfk
pfk,pfk,pfk,pfk,eviflYY,nxKMYE,eviflYY,rDS,ZRShUuQ
nxKMYE
pfk,eviflYY,pfk,pfk,pfk,eviflYY,nxKMYE,rDS,MZK
pfk,eviflYY,pfk,pfk,pfk,eviflYY,nxKMYE,rDS,MZK,pfk
rDS
eviflYY,pfk,pfk,pfk,eviflYY,nxKMYE,pfk,rDS,MZK
eviflYY,pfk,pfk,pfk,eviflYY,nxKMYE,pfk,rDS,MZK
eviflYY,pfk,pfk,pfk,eviflYY,nxKMYE,pfk,rDS,MZK,kLcRMit
eviflYY,pfk,pfk,pfk,eviflYY,nxKMYE,pfk,rDS,MZK,kLcRMit,iDcXUXRKhQ
rDS
eviflYY,pfk,pfk,pfk,eviflYY,nxKMYE,pfk,rDS,MZK
rDS
rDS
eviflYY,pfk,pfk,pfk,eviflYY,nxKMYE,pfk,rDS,MZK
rDS
eviflYY,pfk,pfk,pfk,eviflYY,nxKMYE,pfk,rDS,MZK
pfk,pfk,pfk,eviflYY,nxKMYE,pfk,rDS,eviflYY,MZK
rDS
eviflYY,pfk,pfk,pfk,eviflYY,nxKMYE,pfk,MZK,rDS
eviflYY,pfk,pfk,pfk,eviflYY,nxKMYE,pfk,MZK,rDS
MZK
MZK
eviflYY,pfk,pfk,pfk,eviflYY,nxKMYE,pfk,MZK,rDS
MZK
MZK
eviflYY,pfk,pfk,pfk,eviflYY,nxKMYE,pfk,MZK,rDS,eviflYY
eviflYY,pfk,pfk,pfk,eviflYY,nxKMYE,pfk,MZK,rDS,eviflYY
eviflYY,pfk,pfk,pfk,eviflYY,nxKMYE,pfk,MZK,rDS,eviflYY
eviflYY,pfk,pfk,pfk,eviflYY,nxKMYE,pfk,MZK,rDS,eviflYY
MZK
eviflYY,pfk,pfk,pfk,eviflYY,nxKMYE,pfk,MZK,rDS,eviflYY
eviflYY,pfk,pfk,pfk,eviflYY,nxKMYE,pfk,MZK,rDS,eviflYY
eviflYY
eviflYY,pfk,pfk,pfk,eviflYY,nxKMYE,pfk,MZK,rDS,eviflYY
eviflYY,pfk,pfk,eviflYY,nxKMYE,pfk,MZK,eviflYY,iDcXUXRKhQ
pfk,pfk,eviflYY,nxKMYE,pfk,MZK,eviflYY,iDcXUXRKhQ
iDcXUXRKhQ
eviflYY,pfk,pfk,eviflYY,nxKMYE,pfk,MZK,eviflYY,iDcXUXRKhQ
iDcXUXRKhQ
iDcXUXRKhQ
eviflYY,pfk,eviflYY,nxKMYE,pfk,MZK,eviflYY,iDcXUXRKhQ,pfk,nxKMYE
eviflYY,pfk,eviflYY,nxKMYE,pfk,MZK,eviflYY,iDcXUXRKhQ,pfk,nxKMYE
eviflYY,pfk,eviflYY,nxKMYE,pfk,eviflYY,iDcXUXRKhQ,MZK,pfk,nxKMYE
eviflYY,pfk,eviflYY,nxKMYE,pfk,eviflYY,iDcXUXRKhQ,MZK,pfk,nxKMYE,MZK,kLcRMit
eviflYY,pfk,eviflYY,nxKMYE,pfk,eviflYY,iDcXUXRKhQ,MZK,pfk,nxKMYE,MZK,kLcRMit
eviflYY,pfk,pfk,eviflYY,nxKMYE,pfk,MZK,eviflYY,iDcXUXRKhQ
eviflYY,pfk,pfk,eviflYY,nxKMYE,pfk,eviflYY,iDcXUXRKhQ
eviflYY
pfk,pfk,eviflYY,nxKMYE,pfk,MZK,eviflYY,iDcXUXRKhQ,eviflYY
pfk,pfk,eviflYY,nxKMYE,pfk,MZK,eviflYY,iDcXUXRKhQ,eviflYY,rDS,kLcRMit
pfk,pfk,eviflYY,nxKMYE,pfk,MZK,eviflYY,iDcXUXRKhQ,eviflYY,rDS,kLcRMit
pfk,pfk,eviflYY,nxKMYE,pfk,MZK,eviflYY,iDcXUXRKhQ,eviflYY,rDS,kLcRMit
pfk,pfk,eviflYY,nxKMYE,pfk,MZK,eviflYY,iDcXUXRKhQ,eviflYY,rDS,kLcRMit,pfk
rDS
pfk,pfk,rDS,MZK,eviflYY,nxKMYE,pfk,eviflYY,iDcXUXRKhQ,eviflYY,pfk,nxKMYE
rDS
pfk,pfk,MZK,eviflYY,nxKMYE,pfk,eviflYY,iDcXUXRKhQ,eviflYY,pfk,nxKMYE,eviflYY,kLcRMit,kLcRMit
eviflYY
eviflYY
pfk,pfk,MZK,eviflYY,pfk,eviflYY,iDcXUXRKhQ,eviflYY,pfk,nxKMYE,eviflYY,kLcRMit,kLcRMit
eviflYY
MZK,kLcRMit,iDcXUXRKhQ,eviflYY,pfk,eviflYY,eviflYY,pfk,nxKMYE,eviflYY,kLcRMit,pfk,iDcXUXRKhQ
pfk,pfk,MZK,eviflYY,nxKMYE,pfk,eviflYY,iDcXUXRKhQ,eviflYY,pfk,nxKMYE,eviflYY,kLcRMit,kLcRMit
pfk,pfk,MZK,eviflYY,iDcXUXRKhQ,nxKMYE,pfk,eviflYY,eviflYY,pfk,nxKMYE,eviflYY,kLcRMit,kLcRMit
eviflYY
kLcRMit
pfk,MZK,kLcRMit,eviflYY,nxKMYE,pfk,eviflYY,iDcXUXRKhQ,eviflYY,pfk,nxKMYE,eviflYY,kLcRMit
MZK,kLcRMit,iDcXUXRKhQ,eviflYY,nxKMYE,pfk,eviflYY,eviflYY,pfk,nxKMYE,eviflYY,kLcRMit
MZK,kLcRMit,iDcXUXRKhQ,eviflYY,pfk,eviflYY,eviflYY,pfk,nxKMYE,eviflYY,kLcRMit,kLcRMit
iDcXUXRKhQ
MZK,kLcRMit,iDcXUXRKhQ,pfk,eviflYY,eviflYY,pfk,nxKMYE,eviflYY,kLcRMit,kLcRMit
iDcXUXRKhQ
iDcXUXRKhQ
eviflYY
MZK,kLcRMit,eviflYY,nxKMYE,pfk,eviflYY,eviflYY,pfk,nxKMYE,eviflYY,kLcRMit
MZK,kLcRMit,eviflYY,nxKMYE,pfk,eviflYY,eviflYY,pfk,nxKMYE,eviflYY,kLcRMit
MZK,kLcRMit,eviflYY,nxKMYE,pfk,eviflYY,eviflYY,pfk,nxKMYE,eviflYY,kLcRMit
MZK,kLcRMit,eviflYY,nxKMYE,pfk,eviflYY,eviflYY,pfk,nxKMYE,eviflYY,kLcRMit
MZK,kLcRMit,eviflYY,nxKMYE,pfk,eviflYY,eviflYY,pfk,nxKMYE,eviflYY,kLcRMit
eviflYY
MZK,kLcRMit,eviflYY,pfk,eviflYY,eviflYY,pfk,nxKMYE,eviflYY,kLcRMit
iDcXUXRKhQ
MZK,kLcRMit,iDcXUXRKhQ,eviflYY,nxKMYE,pfk,eviflYY,eviflYY,pfk,nxKMYE,eviflYY,kLcRMit
MZK,kLcRMit,iDcXUXRKhQ,eviflYY,nxKMYE,pfk,eviflYY,eviflYY,pfk,nxKMYE,eviflYY,kLcRMit
MZK,kLcRMit,iDcXUXRKhQ,eviflYY,nxKMYE,pfk,eviflYY,eviflYY,pfk,nxKMYE,eviflYY,kLcRMit
MZK,kLcRMit,iDcXUXRKhQ,eviflYY,nxKMYE,eviflYY,eviflYY,pfk,nxKMYE,eviflYY,kLcRMit
eviflYY
MZK,iDcXUXRKhQ,eviflYY,nxKMYE,pfk,eviflYY,eviflYY,pfk,nxKMYE,eviflYY,kLcRMit,pfk
eviflYY
eviflYY
eviflYY
eviflYY
eviflYY
iDcXUXRKhQ,eviflYY,nxKMYE,pfk,eviflYY,eviflYY,pfk,nxKMYE,eviflYY,pfk
iDcXUXRKhQ,eviflYY,nxKMYE,pfk,eviflYY,eviflYY,pfk,nxKMYE,eviflYY,kLcRMit,pfk,iDcXUXRKhQ
iDcXUXRKhQ,pfk,eviflYY,eviflYY,eviflYY,pfk,nxKMYE,eviflYY,kLcRMit,pfk,iDcXUXRKhQ,iDcXUXRKhQ
eviflYY
iDcXUXRKhQ,pfk,eviflYY,eviflYY,eviflYY,pfk,eviflYY,kLcRMit,pfk,iDcXUXRKhQ,iDcXUXRKhQ
iDcXUXRKhQ,pfk,eviflYY,eviflYY,eviflYY,pfk,eviflYY,kLcRMit,pfk,iDcXUXRKhQ,iDcXUXRKhQ
iDcXUXRKhQ,pfk,eviflYY,eviflYY,eviflYY,pfk,eviflYY,kLcRMit,pfk,iDcXUXRKhQ,iDcXUXRKhQ
eviflYY
iDcXUXRKhQ,pfk,eviflYY,eviflYY,eviflYY,pfk,eviflYY,kLcRMit,pfk,iDcXUXRKhQ,iDcXUXRKhQ
eviflYY
MZK
eviflYY
iDcXUXRKhQ,pfk,eviflYY,eviflYY,eviflYY,pfk,eviflYY,kLcRMit,pfk,iDcXUXRKhQ,iDcXUXRKhQ
eviflYY
eviflYY
iDcXUXRKhQ,pfk,eviflYY,eviflYY,eviflYY,pfk,eviflYY,kLcRMit,pfk,iDcXUXRKhQ,iDcXUXRKhQ
pfk
pfk,eviflYY,eviflYY,eviflYY,pfk,eviflYY,kLcRMit,pfk,iDcXUXRKhQ,iDcXUXRKhQ,nxKMYE,ZRShUuQ
pfk,eviflYY,eviflYY,eviflYY,pfk,eviflYY,kLcRMit,pfk,iDcXUXRKhQ,iDcXUXRKhQ,nxKMYE,ZRShUuQ
eviflYY,eviflYY,eviflYY,pfk,eviflYY,kLcRMit,pfk,iDcXUXRKhQ,iDcXUXRKhQ,nxKMYE,ZRShUuQ,nxKMYE,MZK,bmnncGzS
ZRShUuQ
ZRShUuQ
eviflYY,eviflYY,pfk,eviflYY,pfk,iDcXUXRKhQ,iDcXUXRKhQ,nxKMYE,MZK,ZRShUuQ,kLcRMit,nxKMYE,kLcRMit
kLcRMit
eviflYY,eviflYY,pfk,eviflYY,pfk,iDcXUXRKhQ,iDcXUXRKhQ,nxKMYE,MZK,kLcRMit,ZRShUuQ,nxKMYE,kLcRMit,MZK
eviflYY,eviflYY,pfk,eviflYY,kLcRMit,pfk,iDcXUXRKhQ,iDcXUXRKhQ,nxKMYE,MZK,ZRShUuQ,nxKMYE,kLcRMit
ZRShUuQ
eviflYY,eviflYY,pfk,eviflYY,kLcRMit,pfk,iDcXUXRKhQ,iDcXUXRKhQ,nxKMYE,MZK,ZRShUuQ,nxKMYE,kLcRMit
eviflYY,eviflYY,pfk,eviflYY,kLcRMit,pfk,iDcXUXRKhQ,iDcXUXRKhQ,nxKMYE,MZK,ZRShUuQ,nxKMYE,kLcRMit,rDS
eviflYY,eviflYY,pfk,eviflYY,kLcRMit,pfk,iDcXUXRKhQ,iDcXUXRKhQ,nxKMYE,MZK,ZRShUuQ,nxKMYE,kLcRMit
eviflYY,pfk,eviflYY,kLcRMit,pfk,iDcXUXRKhQ,MZK,ZRShUuQ,eviflYY,nxKMYE,iDcXUXRKhQ,nxKMYE,kLcRMit,kLcRMit
eviflYY,pfk,eviflYY,kLcRMit,pfk,iDcXUXRKhQ,MZK,ZRShUuQ,eviflYY,nxKMYE,iDcXUXRKhQ,nxKMYE,kLcRMit,kLcRMit
iDcXUXRKhQ
pfk,eviflYY,kLcRMit,pfk,iDcXUXRKhQ,eviflYY,nxKMYE,iDcXUXRKhQ,eviflYY,nxKMYE,kLcRMit,kLcRMit,iDcXUXRKhQ,MZK,MZK
pfk,eviflYY,kLcRMit,pfk,iDcXUXRKhQ,eviflYY,nxKMYE,iDcXUXRKhQ,eviflYY,nxKMYE,kLcRMit,kLcRMit,iDcXUXRKhQ,MZK,MZK,eviflYY
pfk,eviflYY,kLcRMit,pfk,iDcXUXRKhQ,MZK,ZRShUuQ,eviflYY,nxKMYE,iDcXUXRKhQ,eviflYY,nxKMYE,kLcRMit,kLcRMit,iDcXUXRKhQ,MZK
pfk,eviflYY,kLcRMit,pfk,iDcXUXRKhQ,ZRShUuQ,eviflYY,nxKMYE,iDcXUXRKhQ,eviflYY,nxKMYE,kLcRMit,kLcRMit,iDcXUXRKhQ,MZK
MZK
pfk,eviflYY,kLcRMit,pfk,iDcXUXRKhQ,ZRShUuQ,eviflYY,iDcXUXRKhQ,eviflYY,nxKMYE,MZK,nxKMYE,kLcRMit,kLcRMit,iDcXUXRKhQ,MZK,bmnncGzS,nxKMYE
eviflYY,pfk,iDcXUXRKhQ,ZRShUuQ,eviflYY,iDcXUXRKhQ,eviflYY,nxKMYE,MZK,kLcRMit,nxKMYE,kLcRMit,kLcRMit,iDcXUXRKhQ,MZK,bmnncGzS,nxKMYE
pfk,iDcXUXRKhQ,ZRShUuQ,eviflYY,iDcXUXRKhQ,eviflYY,nxKMYE,MZK,kLcRMit,nxKMYE,kLcRMit,kLcRMit,iDcXUXRKhQ,MZK,bmnncGzS,nxKMYE
kLcRMit
eviflYY
eviflYY
pfk,iDcXUXRKhQ,ZRShUuQ,iDcXUXRKhQ,nxKMYE,kLcRMit,eviflYY,eviflYY,nxKMYE,kLcRMit,kLcRMit,iDcXUXRKhQ,MZK,bmnncGzS,nxKMYE,kLcRMit
pfk,iDcXUXRKhQ,ZRShUuQ,iDcXUXRKhQ,nxKMYE,kLcRMit,eviflYY,nxKMYE,kLcRMit,kLcRMit,iDcXUXRKhQ,MZK,bmnncGzS,nxKMYE
pfk,iDcXUXRKhQ,ZRShUuQ,iDcXUXRKhQ,nxKMYE,eviflYY,kLcRMit,MZK,nxKMYE,kLcRMit,kLcRMit,iDcXUXRKhQ,bmnncGzS,nxKMYE
pfk,iDcXUXRKhQ,ZRShUuQ,iDcXUXRKhQ,nxKMYE,eviflYY,kLcRMit,MZK,nxKMYE,kLcRMit,kLcRMit,iDcXUXRKhQ,bmnncGzS,nxKMYE
eviflYY
eviflYY
pfk,iDcXUXRKhQ,ZRShUuQ,iDcXUXRKhQ,eviflYY,nxKMYE,MZK,eviflYY,nxKMYE,kLcRMit,kLcRMit,iDcXUXRKhQ,MZK,bmnncGzS,nxKMYE
eviflYY
pfk,iDcXUXRKhQ,ZRShUuQ,iDcXUXRKhQ,eviflYY,nxKMYE,MZK,kLcRMit,eviflYY,nxKMYE,kLcRMit,kLcRMit,iDcXUXRKhQ,MZK,bmnncGzS,nxKMYE
Jedi Wagner, assuma o comando!