VaulOw,QHWPcignn
VaulOw,QHWPcignn
VaulOw,QHWPcignn
VaulOw
B,XN
B
B,XN
B,XN
B
B,XN
B,XN
B
B
B
B
B
B,mLLOBLtcaz,XN
B,mLLOBLtcaz,XN,rXXBpTlwpy
XN
XN
B,mLLOBLtcaz,XN,rXXBpTlwpy
XN
XN
XN
XN
B,mLLOBLtcaz,XN,B,mLLOBLtcaz,vwkCQ
XN
XN
B,mLLOBLtcaz,XN
B,mLLOBLtcaz,XN
XN
B,mLLOBLtcaz,XN
B,mLLOBLtcaz,XN
B,mLLOBLtcaz,XN
XN
B,mLLOBLtcaz,XN,QHWPcignn
mLLOBLtcaz,XN,QHWPcignn,B
mLLOBLtcaz,XN,B,QHWPcignn,vwkCQ
mLLOBLtcaz,XN,B,QHWPcignn,vwkCQ
mLLOBLtcaz
QHWPcignn
B
XN
mLLOBLtcaz
mLLOBLtcaz,QHWPcignn,B,XN,vwkCQ,mLLOBLtcaz,XN,XN,B,B,B,B
mLLOBLtcaz,QHWPcignn,B,XN,vwkCQ,mLLOBLtcaz,XN,XN,B,B,B,B
XN
mLLOBLtcaz,QHWPcignn,B,XN,vwkCQ,mLLOBLtcaz,XN,XN,B,B,B
mLLOBLtcaz,B,XN,vwkCQ,mLLOBLtcaz,XN,XN,B,B,B
mLLOBLtcaz,XN,B,vwkCQ,mLLOBLtcaz,XN,XN,B,B,B,vwkCQ
mLLOBLtcaz,XN,B,mLLOBLtcaz,XN,XN,B,B,B,vwkCQ,rXXBpTlwpy
mLLOBLtcaz,XN,B,mLLOBLtcaz,XN,XN,B,B,B,vwkCQ,rXXBpTlwpy
XN
XN
mLLOBLtcaz,B,XN,QHWPcignn,vwkCQ,mLLOBLtcaz,XN,XN,B,B,B,VaulOw
mLLOBLtcaz,B,XN,QHWPcignn,vwkCQ,mLLOBLtcaz,XN,XN,B,B,B,VaulOw
QHWPcignn
mLLOBLtcaz,B,XN,QHWPcignn,vwkCQ,mLLOBLtcaz,XN,XN,B,B,B,VaulOw
QHWPcignn
mLLOBLtcaz,B,XN,QHWPcignn,vwkCQ,mLLOBLtcaz,XN,XN,B,B,B,XN,mLLOBLtcaz
QHWPcignn
mLLOBLtcaz,B,XN,QHWPcignn,vwkCQ,mLLOBLtcaz,XN,XN,B,B,B,XN,mLLOBLtcaz
mLLOBLtcaz,B,XN,QHWPcignn,vwkCQ,mLLOBLtcaz,XN,XN,B,B,B,XN,mLLOBLtcaz,B
QHWPcignn
B
mLLOBLtcaz,XN,B,QHWPcignn,mLLOBLtcaz,XN,XN,B,B,B,B
QHWPcignn
mLLOBLtcaz,XN,B,QHWPcignn,mLLOBLtcaz,XN,XN,B,B,B,B,VaulOw
QHWPcignn
XN,B,QHWPcignn,mLLOBLtcaz,mLLOBLtcaz,XN,XN,B,B,B,B,VaulOw
mLLOBLtcaz
XN,B,mLLOBLtcaz,XN,XN,B,B,B,B,VaulOw
XN,B,mLLOBLtcaz,XN,XN,B,B,B,B,VaulOw,vwkCQ,rXXBpTlwpy
XN,B,mLLOBLtcaz,XN,XN,B,B,B,B,VaulOw,vwkCQ
mLLOBLtcaz
XN,mLLOBLtcaz,XN,XN,B,B,B,B,VaulOw,mLLOBLtcaz
XN,mLLOBLtcaz,XN,XN,B,B,B,B,VaulOw,mLLOBLtcaz
XN
XN
B
XN,mLLOBLtcaz,XN,XN,B,B,B,B,VaulOw,mLLOBLtcaz,mLLOBLtcaz,rXXBpTlwpy
B
B
B
XN,mLLOBLtcaz,XN,XN,B,B,B,B,VaulOw,mLLOBLtcaz,mLLOBLtcaz,rXXBpTlwpy,mLLOBLtcaz
B
XN
XN,mLLOBLtcaz,XN,XN,B,B,rXXBpTlwpy,B,B,VaulOw,mLLOBLtcaz,mLLOBLtcaz,mLLOBLtcaz
rXXBpTlwpy
rXXBpTlwpy
rXXBpTlwpy
rXXBpTlwpy
B
XN,B,B,rXXBpTlwpy,B,mLLOBLtcaz,B,mLLOBLtcaz,mLLOBLtcaz,vwkCQ
XN,B,B,rXXBpTlwpy,B,mLLOBLtcaz,B,mLLOBLtcaz,mLLOBLtcaz,mLLOBLtcaz
B
B
B
B
B
XN,XN,B,rXXBpTlwpy,B,B,mLLOBLtcaz,mLLOBLtcaz,mLLOBLtcaz,vwkCQ,XN
mLLOBLtcaz
mLLOBLtcaz
mLLOBLtcaz
mLLOBLtcaz
XN
XN
rXXBpTlwpy,B,B,mLLOBLtcaz,XN,B,mLLOBLtcaz,mLLOBLtcaz,vwkCQ,XN,B,rXXBpTlwpy,QHWPcignn
rXXBpTlwpy,B,B,mLLOBLtcaz,XN,B,mLLOBLtcaz,mLLOBLtcaz,vwkCQ,XN,B,rXXBpTlwpy,QHWPcignn
XN,XN,B,B,rXXBpTlwpy,B,B,mLLOBLtcaz,mLLOBLtcaz,mLLOBLtcaz,vwkCQ,XN
XN,XN,B,B,B,B,mLLOBLtcaz,rXXBpTlwpy,mLLOBLtcaz,mLLOBLtcaz,vwkCQ,XN,vwkCQ
rXXBpTlwpy
mLLOBLtcaz
vwkCQ
XN,XN,B,B,mLLOBLtcaz,rXXBpTlwpy,B,mLLOBLtcaz,mLLOBLtcaz,vwkCQ,XN,vwkCQ,VaulOw
vwkCQ
XN,XN,B,B,mLLOBLtcaz,rXXBpTlwpy,B,mLLOBLtcaz,mLLOBLtcaz,vwkCQ,XN,vwkCQ,VaulOw
vwkCQ
B,B,mLLOBLtcaz,rXXBpTlwpy,B,mLLOBLtcaz,mLLOBLtcaz,XN,XN,vwkCQ,VaulOw,vwkCQ
VaulOw
B,B,mLLOBLtcaz,rXXBpTlwpy,B,mLLOBLtcaz,mLLOBLtcaz,XN,XN,vwkCQ,VaulOw,vwkCQ
B,B,mLLOBLtcaz,rXXBpTlwpy,B,mLLOBLtcaz,mLLOBLtcaz,XN,XN,vwkCQ,VaulOw,vwkCQ,vwkCQ
VaulOw
VaulOw
B,B,rXXBpTlwpy,B,mLLOBLtcaz,mLLOBLtcaz,XN,XN,vwkCQ,VaulOw,mLLOBLtcaz,vwkCQ,vwkCQ
mLLOBLtcaz
B,B,rXXBpTlwpy,B,mLLOBLtcaz,mLLOBLtcaz,XN,XN,vwkCQ,VaulOw,mLLOBLtcaz,vwkCQ,vwkCQ
Jedi Wagner, assuma o comando!