[vazia]
Toque! Toque, Dijê!
Toque! Toque, Dijê!
Toque! Toque, Dijê!
[vazia]
[vazia]
TFhjUC
TFhjUC
TFhjUC
TFhjUC
TFhjUC
TFhjUC,VnsE
TFhjUC
TFhjUC,VnsE,HBeHOQZOE
TFhjUC
TFhjUC
TFhjUC
TFhjUC,teVyewrnL
teVyewrnL,HBeHOQZOE
HBeHOQZOE
HBeHOQZOE,teVyewrnL
HBeHOQZOE,teVyewrnL
HBeHOQZOE
HBeHOQZOE,teVyewrnL
teVyewrnL
teVyewrnL,HBeHOQZOE,ixJxlbqYpN,VnsE,ixJxlbqYpN
teVyewrnL,HBeHOQZOE,ixJxlbqYpN,VnsE,ixJxlbqYpN
teVyewrnL,HBeHOQZOE,ixJxlbqYpN,VnsE,ixJxlbqYpN
HBeHOQZOE
teVyewrnL,HBeHOQZOE,VnsE,ixJxlbqYpN,teVyewrnL
teVyewrnL,HBeHOQZOE,VnsE,ixJxlbqYpN,teVyewrnL,VnsE,ixJxlbqYpN
HBeHOQZOE
teVyewrnL,HBeHOQZOE,VnsE,ixJxlbqYpN,teVyewrnL,VnsE
teVyewrnL,HBeHOQZOE,VnsE,ixJxlbqYpN,teVyewrnL,VnsE
HBeHOQZOE
HBeHOQZOE
VnsE
teVyewrnL,VnsE,ixJxlbqYpN,teVyewrnL,VnsE
teVyewrnL,VnsE,ixJxlbqYpN,teVyewrnL,VnsE
teVyewrnL
teVyewrnL,VnsE,ixJxlbqYpN,teVyewrnL,VnsE
teVyewrnL,VnsE,teVyewrnL,VnsE
teVyewrnL
teVyewrnL,VnsE,ixJxlbqYpN,teVyewrnL,VnsE
teVyewrnL
HBeHOQZOE
teVyewrnL,teVyewrnL,ixJxlbqYpN,TFhjUC,VnsE
teVyewrnL,teVyewrnL,ixJxlbqYpN,TFhjUC,VnsE,VnsE
teVyewrnL,teVyewrnL,ixJxlbqYpN,VnsE,VnsE,ixJxlbqYpN,VnsE
VnsE
TFhjUC
TFhjUC
teVyewrnL,teVyewrnL,ixJxlbqYpN,VnsE,VnsE,ixJxlbqYpN
VnsE
VnsE
ixJxlbqYpN,VnsE,teVyewrnL,VnsE,ixJxlbqYpN
teVyewrnL
teVyewrnL,ixJxlbqYpN,TFhjUC,VnsE,VnsE
TFhjUC
teVyewrnL,ixJxlbqYpN,TFhjUC,VnsE,VnsE
teVyewrnL,ixJxlbqYpN,TFhjUC,VnsE,VnsE
teVyewrnL,teVyewrnL,ixJxlbqYpN,TFhjUC,VnsE,VnsE
TFhjUC
TFhjUC
TFhjUC,ixJxlbqYpN,teVyewrnL,ixJxlbqYpN
TFhjUC,ixJxlbqYpN,teVyewrnL,ixJxlbqYpN
teVyewrnL,ixJxlbqYpN,VnsE,TFhjUC,VnsE,VnsE,HBeHOQZOE,HBeHOQZOE
teVyewrnL,ixJxlbqYpN,VnsE,TFhjUC,VnsE,VnsE,VnsE,VnsE
teVyewrnL,ixJxlbqYpN,VnsE,TFhjUC,VnsE,VnsE,VnsE,VnsE
teVyewrnL,ixJxlbqYpN,VnsE,TFhjUC,VnsE,VnsE,VnsE,VnsE
VnsE
teVyewrnL,ixJxlbqYpN,VnsE,VnsE,VnsE,VnsE,VnsE,VnsE,HBeHOQZOE
teVyewrnL,ixJxlbqYpN,VnsE,VnsE,VnsE,VnsE,VnsE,VnsE,HBeHOQZOE
ixJxlbqYpN
teVyewrnL,ixJxlbqYpN,VnsE,VnsE,VnsE,VnsE,VnsE
VnsE
VnsE
teVyewrnL,VnsE,VnsE,VnsE,VnsE,VnsE
teVyewrnL,VnsE,VnsE,VnsE,VnsE,VnsE
teVyewrnL,VnsE,VnsE,VnsE,VnsE
teVyewrnL,VnsE,VnsE,VnsE,VnsE
teVyewrnL,VnsE,VnsE,VnsE,VnsE
teVyewrnL,ixJxlbqYpN,VnsE,VnsE,VnsE,VnsE,VnsE,ixJxlbqYpN
VnsE
teVyewrnL,VnsE,VnsE,VnsE,VnsE,VnsE
teVyewrnL,VnsE,VnsE,VnsE,VnsE,VnsE
VnsE
VnsE
VnsE
VnsE
VnsE
ixJxlbqYpN
ixJxlbqYpN
teVyewrnL,ixJxlbqYpN,VnsE,VnsE,VnsE,VnsE,VnsE
VnsE
VnsE
ixJxlbqYpN,VnsE,VnsE,VnsE,VnsE,VnsE,ixJxlbqYpN
VnsE,VnsE,VnsE,VnsE,VnsE,ixJxlbqYpN
VnsE
ixJxlbqYpN,VnsE,VnsE,VnsE,VnsE,VnsE,ixJxlbqYpN,TFhjUC
ixJxlbqYpN,VnsE,VnsE,VnsE,VnsE,VnsE,ixJxlbqYpN
ixJxlbqYpN,VnsE,VnsE,VnsE,VnsE,ixJxlbqYpN,teVyewrnL
ixJxlbqYpN,VnsE,VnsE,VnsE,VnsE,ixJxlbqYpN
ixJxlbqYpN,VnsE,VnsE,VnsE,VnsE,ixJxlbqYpN,teVyewrnL,ixJxlbqYpN,VnsE
VnsE,VnsE,ixJxlbqYpN,teVyewrnL,ixJxlbqYpN,ixJxlbqYpN,VnsE,HBeHOQZOE,teVyewrnL
VnsE,VnsE,ixJxlbqYpN,teVyewrnL,ixJxlbqYpN,ixJxlbqYpN,VnsE,teVyewrnL,VnsE
VnsE,VnsE,VnsE,ixJxlbqYpN,teVyewrnL,ixJxlbqYpN,ixJxlbqYpN,VnsE,HBeHOQZOE
VnsE,VnsE,ixJxlbqYpN,teVyewrnL,ixJxlbqYpN,ixJxlbqYpN,VnsE,HBeHOQZOE
VnsE,VnsE,ixJxlbqYpN,teVyewrnL,ixJxlbqYpN,ixJxlbqYpN,VnsE,HBeHOQZOE
VnsE,VnsE,ixJxlbqYpN,teVyewrnL,ixJxlbqYpN,ixJxlbqYpN,VnsE,HBeHOQZOE
VnsE,VnsE,ixJxlbqYpN,teVyewrnL,ixJxlbqYpN,ixJxlbqYpN,VnsE,HBeHOQZOE,VnsE
VnsE
VnsE
VnsE
VnsE
VnsE
teVyewrnL
VnsE,VnsE,ixJxlbqYpN,ixJxlbqYpN,ixJxlbqYpN,VnsE,teVyewrnL
VnsE,VnsE,ixJxlbqYpN,ixJxlbqYpN,VnsE,teVyewrnL,ixJxlbqYpN
ixJxlbqYpN
ixJxlbqYpN
VnsE,VnsE,ixJxlbqYpN,ixJxlbqYpN,VnsE,teVyewrnL,ixJxlbqYpN,TFhjUC
TFhjUC
VnsE,VnsE,ixJxlbqYpN,ixJxlbqYpN,VnsE,teVyewrnL,ixJxlbqYpN,TFhjUC
TFhjUC
TFhjUC
VnsE,VnsE,ixJxlbqYpN,ixJxlbqYpN,VnsE,teVyewrnL,ixJxlbqYpN,TFhjUC,ixJxlbqYpN,HBeHOQZOE,ixJxlbqYpN
VnsE,VnsE,ixJxlbqYpN,VnsE,teVyewrnL,ixJxlbqYpN,TFhjUC,ixJxlbqYpN,HBeHOQZOE,ixJxlbqYpN
VnsE,VnsE,VnsE,teVyewrnL,ixJxlbqYpN,TFhjUC,ixJxlbqYpN,ixJxlbqYpN,HBeHOQZOE,ixJxlbqYpN,ixJxlbqYpN
TFhjUC
VnsE,VnsE,ixJxlbqYpN,ixJxlbqYpN,VnsE,teVyewrnL,ixJxlbqYpN,TFhjUC
TFhjUC
VnsE
VnsE,VnsE,ixJxlbqYpN,ixJxlbqYpN,VnsE,teVyewrnL,ixJxlbqYpN
TFhjUC
VnsE,VnsE,ixJxlbqYpN,ixJxlbqYpN,VnsE,ixJxlbqYpN
ixJxlbqYpN,VnsE,ixJxlbqYpN,VnsE,teVyewrnL,ixJxlbqYpN,VnsE
TFhjUC
TFhjUC
TFhjUC
VnsE,ixJxlbqYpN,ixJxlbqYpN,VnsE,teVyewrnL,ixJxlbqYpN,TFhjUC,HBeHOQZOE,teVyewrnL,HBeHOQZOE
TFhjUC
VnsE,VnsE,ixJxlbqYpN,ixJxlbqYpN,VnsE,teVyewrnL,ixJxlbqYpN,TFhjUC,VnsE
VnsE,ixJxlbqYpN,ixJxlbqYpN,VnsE,teVyewrnL,ixJxlbqYpN,TFhjUC,VnsE,HBeHOQZOE,TFhjUC,teVyewrnL
TFhjUC
ixJxlbqYpN
ixJxlbqYpN
VnsE,ixJxlbqYpN,VnsE,ixJxlbqYpN,VnsE,VnsE,ixJxlbqYpN
VnsE,ixJxlbqYpN,VnsE,ixJxlbqYpN,VnsE,VnsE,ixJxlbqYpN,HBeHOQZOE,teVyewrnL
ixJxlbqYpN
VnsE,VnsE,ixJxlbqYpN,ixJxlbqYpN,VnsE,teVyewrnL,ixJxlbqYpN,VnsE
VnsE,VnsE,ixJxlbqYpN,ixJxlbqYpN,VnsE,teVyewrnL,ixJxlbqYpN,VnsE
VnsE,VnsE,ixJxlbqYpN,ixJxlbqYpN,VnsE,teVyewrnL,ixJxlbqYpN,VnsE,HBeHOQZOE
VnsE,VnsE,ixJxlbqYpN,ixJxlbqYpN,VnsE,teVyewrnL,ixJxlbqYpN,VnsE,HBeHOQZOE
ixJxlbqYpN
HBeHOQZOE
HBeHOQZOE
VnsE,VnsE,teVyewrnL,ixJxlbqYpN,ixJxlbqYpN,VnsE,ixJxlbqYpN,VnsE,ixJxlbqYpN,teVyewrnL
Jedi Wagner, assuma o comando!