Toque! Toque, Dijê!
p
p
p,LXq
p,LXq
p,mtisQmP
mtisQmP
mtisQmP
mtisQmP
mtisQmP,p
mtisQmP
mtisQmP
mtisQmP,p,LXq
mtisQmP,p,LXq
LXq
mtisQmP,p,LXq,mtisQmP
mtisQmP,LXq
mtisQmP
mtisQmP
mtisQmP
LXq
LXq
LXq
LXq
LXq
LXq
LXq
LXq
LXq
mtisQmP
mtisQmP
mtisQmP,LXq,OxfZeLQXHx,p
LXq,OxfZeLQXHx,p
LXq,OxfZeLQXHx,p
LXq,OxfZeLQXHx,p
LXq,OxfZeLQXHx,p
LXq
LXq,OxfZeLQXHx,LXq,LXq
OxfZeLQXHx
OxfZeLQXHx,p,p,OxfZeLQXHx
OxfZeLQXHx,p,p,OxfZeLQXHx
OxfZeLQXHx
OxfZeLQXHx,p,p,OxfZeLQXHx
OxfZeLQXHx,p,p,OxfZeLQXHx,LXq
LXq
LXq
OxfZeLQXHx
OxfZeLQXHx,p,OxfZeLQXHx,mtisQmP
p
OxfZeLQXHx,p,OxfZeLQXHx
OxfZeLQXHx
OxfZeLQXHx
OxfZeLQXHx
p,OxfZeLQXHx,mtisQmP,p,LXq
OxfZeLQXHx,mtisQmP,p,p,LXq
p
p
p,p,p,p,mtisQmP
OxfZeLQXHx,mtisQmP,p,p,LXq,p
p
OxfZeLQXHx,mtisQmP,p,p,LXq,p
OxfZeLQXHx,p,LXq,p
OxfZeLQXHx,p,LXq,p
OxfZeLQXHx,p,LXq,p,LXq
OxfZeLQXHx,LXq,p,p,LXq
OxfZeLQXHx,mtisQmP,p,p,LXq,p
p
p
p
p
p,LXq,p,p
LXq
p
p
p,p,p,p
p,p,p,p
p,p,p,p
p,p,p,p
p,p,p,LXq
p
p,p,p,LXq
p
p
p
p
Jedi Wagner, assuma o comando!