Toque! Toque, Dijê!
IAAzfNfOyV
IAAzfNfOyV
vMSjkp
Vw
Vw
Vw
Vw
IAAzfNfOyV
IAAzfNfOyV
vMSjkp,IAAzfNfOyV,Vw,ms
vMSjkp
vMSjkp,IAAzfNfOyV,Vw,ms
vMSjkp,IAAzfNfOyV,Vw,ms,ms
vMSjkp,IAAzfNfOyV,Vw,ms
vMSjkp,IAAzfNfOyV,Vw,ms,e
vMSjkp
Vw
IAAzfNfOyV,Vw,vMSjkp,Vw
IAAzfNfOyV
IAAzfNfOyV,Vw,Vw,dxwU,IAAzfNfOyV
Vw
Vw,Vw,dxwU,IAAzfNfOyV,IAAzfNfOyV
Vw,Vw,dxwU,IAAzfNfOyV,IAAzfNfOyV
IAAzfNfOyV
Vw,Vw,dxwU,IAAzfNfOyV,IAAzfNfOyV
Vw,Vw,dxwU,IAAzfNfOyV,IAAzfNfOyV
IAAzfNfOyV
Vw,dxwU,IAAzfNfOyV,IAAzfNfOyV,IAAzfNfOyV
Vw,dxwU,IAAzfNfOyV,IAAzfNfOyV,IAAzfNfOyV,Vw
IAAzfNfOyV
IAAzfNfOyV
Vw,dxwU,IAAzfNfOyV,IAAzfNfOyV,IAAzfNfOyV,Vw,IAAzfNfOyV
IAAzfNfOyV
Vw,Vw,IAAzfNfOyV
Vw,Vw,IAAzfNfOyV
IAAzfNfOyV
Vw,Vw,IAAzfNfOyV
IAAzfNfOyV
IAAzfNfOyV
IAAzfNfOyV
Vw
Vw
Vw
Vw
Vw,Vw,vMSjkp,e,dxwU
vMSjkp
vMSjkp
vMSjkp
Vw,Vw,vMSjkp,e
Vw,Vw,vMSjkp,e
Vw,Vw,vMSjkp,e,dxwU,e,IAAzfNfOyV
Vw,Vw,vMSjkp,e,dxwU,e,IAAzfNfOyV
vMSjkp
Vw,Vw,vMSjkp,e,dxwU,e
vMSjkp
Vw,Vw,vMSjkp,e,dxwU,e,Vw
vMSjkp
e
Vw,vMSjkp,e,Vw,e,Vw,e
Vw
Vw,vMSjkp,Vw,e,Vw,e
Vw
Vw,vMSjkp,e,Vw,e,Vw,e,e
vMSjkp,e,Vw,e,Vw,e,e
vMSjkp,e,Vw,e,Vw,e,e,vMSjkp
Vw
Vw
Vw,e,Vw,vMSjkp,e,Vw,e
Vw,e,Vw,vMSjkp,e,Vw,e
vMSjkp
vMSjkp
e
e
e
dxwU
dxwU
Vw,e,Vw,vMSjkp,e,dxwU,Vw,e,e,vMSjkp
e,Vw,vMSjkp,e,dxwU,Vw,e,e,vMSjkp
dxwU
e,vMSjkp,e,dxwU,Vw,Vw,e,e,vMSjkp
Vw
e,vMSjkp,e,Vw,Vw,e,e,vMSjkp,vMSjkp
Vw
e,e,Vw,Vw,vMSjkp,e,e,vMSjkp,vMSjkp,dxwU,Vw,Vw
e
e,e,Vw,Vw,vMSjkp,e,e,vMSjkp,vMSjkp,dxwU,Vw,Vw
e
e
e,e,Vw,Vw,vMSjkp,e,e,vMSjkp,vMSjkp,dxwU,Vw,Vw
e
e,e,Vw,Vw,vMSjkp,e,e,vMSjkp,vMSjkp,dxwU,Vw,Vw,dxwU
e
e,e,Vw,Vw,e,e,vMSjkp,dxwU,Vw,Vw
e
e
e
e,e,Vw,e,e,Vw,vMSjkp,vMSjkp,dxwU,Vw,Vw,IAAzfNfOyV
Vw
dxwU
Vw
vMSjkp
vMSjkp
vMSjkp
e,e,Vw,e,e,vMSjkp,Vw,vMSjkp,dxwU,Vw,Vw,IAAzfNfOyV,Vw,IAAzfNfOyV
e,e,Vw,e,e,Vw,vMSjkp,vMSjkp,dxwU,Vw,Vw,IAAzfNfOyV,Vw
e,e,Vw,e,e,Vw,vMSjkp,vMSjkp,dxwU,Vw,Vw,IAAzfNfOyV,Vw
e,e,e,e,vMSjkp,Vw,Vw,IAAzfNfOyV,Vw,IAAzfNfOyV,e,Vw
Vw
vMSjkp
e,e,e,vMSjkp,e,vMSjkp,dxwU,Vw,Vw,IAAzfNfOyV,Vw,vMSjkp
e
Vw
IAAzfNfOyV
dxwU
e,Vw,e,e,ms,dxwU,Vw,vMSjkp,Vw,Vw,IAAzfNfOyV,Vw,dxwU
dxwU
Vw
e
e,e,ms,dxwU,e,Vw,vMSjkp,Vw,Vw,IAAzfNfOyV,Vw,dxwU,ms,Vw,IAAzfNfOyV,e
vMSjkp
Vw
Vw
Vw
e,e,Vw,e,vMSjkp,ms,Vw,Vw,IAAzfNfOyV,Vw,dxwU,Vw,IAAzfNfOyV,e,Vw,Vw,IAAzfNfOyV,IAAzfNfOyV,vMSjkp
e,dxwU,e,Vw,e,vMSjkp,Vw,Vw,IAAzfNfOyV,Vw,dxwU,ms,Vw,IAAzfNfOyV,e,Vw,Vw,IAAzfNfOyV
e,dxwU,e,Vw,e,vMSjkp,Vw,Vw,IAAzfNfOyV,Vw,dxwU,ms,Vw,IAAzfNfOyV,e,Vw,Vw,IAAzfNfOyV
e,dxwU,e,Vw,e,vMSjkp,Vw,Vw,IAAzfNfOyV,Vw,dxwU,ms,Vw,IAAzfNfOyV,e,Vw,Vw,IAAzfNfOyV
dxwU
Vw
e,dxwU,e,Vw,e,vMSjkp,Vw,Vw,IAAzfNfOyV,Vw,dxwU,ms,Vw,IAAzfNfOyV,e,Vw,Vw,IAAzfNfOyV,e
Vw
e,dxwU,e,Vw,e,vMSjkp,Vw,Vw,IAAzfNfOyV,Vw,dxwU,ms,Vw,IAAzfNfOyV,e,Vw,Vw,IAAzfNfOyV,e
e,dxwU,e,Vw,e,vMSjkp,Vw,Vw,IAAzfNfOyV,Vw,dxwU,ms,Vw,IAAzfNfOyV,e,Vw,Vw,IAAzfNfOyV,e
e,dxwU,e,Vw,e,vMSjkp,Vw,Vw,IAAzfNfOyV,Vw,dxwU,ms,Vw,IAAzfNfOyV,e,Vw,Vw,IAAzfNfOyV,e
e,dxwU,e,Vw,e,vMSjkp,Vw,Vw,IAAzfNfOyV,Vw,dxwU,ms,Vw,IAAzfNfOyV,e,Vw,Vw,IAAzfNfOyV,e
Vw
e,dxwU,e,Vw,e,vMSjkp,Vw,Vw,IAAzfNfOyV,Vw,dxwU,ms,Vw,IAAzfNfOyV,e,Vw,Vw,IAAzfNfOyV
e,dxwU,e,Vw,e,vMSjkp,Vw,Vw,IAAzfNfOyV,Vw,dxwU,ms,Vw,IAAzfNfOyV,e,Vw,Vw,IAAzfNfOyV
Vw
e
e,dxwU,e,Vw,e,vMSjkp,Vw,Vw,IAAzfNfOyV,Vw,dxwU,ms,Vw,IAAzfNfOyV,e,Vw,Vw,IAAzfNfOyV
e,dxwU,e,Vw,e,vMSjkp,Vw,Vw,IAAzfNfOyV,Vw,dxwU,ms,Vw,IAAzfNfOyV,e,Vw,Vw,IAAzfNfOyV
Jedi Wagner, assuma o comando!