fXQ
fXQ
fXQ
fXQ
fXQ
fXQ
fXQ
Toque! Toque, Dijê!
[vazia]
Toque! Toque, Dijê!
[vazia]
ByYifStz
ByYifStz
ByYifStz
[vazia]
Toque! Toque, Dijê!
ByYifStz
ByYifStz
ByYifStz
ByYifStz
ByYifStz
ByYifStz,fXQ,ByYifStz
ByYifStz
ByYifStz,fXQ,ByYifStz,ByYifStz
fXQ,ByYifStz,fXQ,fXQ,fXQ
ByYifStz,fXQ,ByYifStz,fXQ,ByYifStz
ByYifStz,fXQ,ByYifStz,fXQ
ByYifStz,ByYifStz,ByYifStz
ByYifStz,ByYifStz,ByYifStz
ByYifStz,ByYifStz,ByYifStz,fXQ
ByYifStz,ByYifStz,ByYifStz
ByYifStz,ByYifStz,ByYifStz,fXQ
ByYifStz,ByYifStz
ByYifStz
ByYifStz,ByYifStz,ByYifStz
ByYifStz
ByYifStz,ByYifStz,ByYifStz
ByYifStz
ByYifStz,ByYifStz,fXQ
ByYifStz
ByYifStz
ByYifStz,ByYifStz,ByYifStz,ByYifStz,ByYifStz
ByYifStz,ByYifStz,ByYifStz
ByYifStz
ByYifStz,ByYifStz,ByYifStz,ByYifStz,fXQ
ByYifStz
ByYifStz
ByYifStz
ByYifStz
ByYifStz,ByYifStz,ByYifStz,ByYifStz,fXQ,ByYifStz
ByYifStz,ByYifStz,ByYifStz,ByYifStz,fXQ,ByYifStz
ByYifStz
ByYifStz,ByYifStz,fXQ,ByYifStz,ByYifStz,fXQ
ByYifStz,ByYifStz,ByYifStz,ByYifStz,fXQ,ByYifStz
ByYifStz
ByYifStz
ByYifStz
ByYifStz
fXQ
ByYifStz,ByYifStz,ByYifStz,ByYifStz,fXQ,ByYifStz
ByYifStz,ByYifStz,ByYifStz,ByYifStz,ByYifStz
ByYifStz
ByYifStz,ByYifStz,ByYifStz,ByYifStz,fXQ,ByYifStz
ByYifStz,ByYifStz,ByYifStz,ByYifStz,fXQ,ByYifStz,fXQ
fXQ
ByYifStz,ByYifStz,ByYifStz,ByYifStz,fXQ,ByYifStz
ByYifStz,ByYifStz,ByYifStz,ByYifStz,ByYifStz
ByYifStz
fXQ
fXQ
fXQ
fXQ
Jedi Wagner, assuma o comando!