Toque! Toque, Dijê!
IpDw
IpDw
IpDw
IpDw
IpDw
IpDw,Zil
Toque! Toque, Dijê!
[vazia]
[vazia]
ZfIe
ZfIe
ZfIe
ZfIe
ZfIe
ZfIe
ZfIe
ZfIe
ZfIe
ZfIe
ZfIe
IpDw
IpDw
IpDw
IpDw
IpDw
IpDw
IpDw
IpDw
IpDw
IpDw
IpDw
IpDw
IpDw
IpDw
IpDw
IpDw,IpDw,JhvGSXvkI,ZfIe
JhvGSXvkI
IpDw,IpDw,ZfIe,JhvGSXvkI,ZDWL
IpDw,IpDw,ZfIe,JhvGSXvkI,ZDWL
IpDw,IpDw,ZfIe,JhvGSXvkI,ZDWL,dvE
IpDw,IpDw,ZfIe,JhvGSXvkI,ZDWL,dvE
JhvGSXvkI
IpDw,IpDw,ZfIe,JhvGSXvkI,dvE
IpDw,IpDw,ZfIe,JhvGSXvkI,dvE
IpDw,IpDw,JhvGSXvkI,hoHtIUq,ZfIe,dvE,g,ZfIe
hoHtIUq
IpDw,IpDw,JhvGSXvkI,ZfIe,dvE,g,ZfIe
IpDw,IpDw,JhvGSXvkI,ZfIe,dvE,g,ZfIe
IpDw,IpDw,ZfIe,JhvGSXvkI,dvE,hoHtIUq,g
IpDw,IpDw,ZfIe,JhvGSXvkI,dvE,hoHtIUq,g
hoHtIUq
IpDw,IpDw,ZfIe,JhvGSXvkI,dvE,hoHtIUq,g
IpDw,IpDw,ZfIe,hoHtIUq,JhvGSXvkI,g
JhvGSXvkI
IpDw,IpDw,ZfIe,JhvGSXvkI,dvE,hoHtIUq,g
IpDw,IpDw,JhvGSXvkI,dvE,hoHtIUq,g
IpDw,IpDw,JhvGSXvkI,hoHtIUq,g
hoHtIUq
g
g
g
hoHtIUq
IpDw,IpDw,ZfIe,hoHtIUq,g,ZfIe
IpDw,IpDw,ZfIe,hoHtIUq,g,ZfIe,JhvGSXvkI
IpDw,IpDw,ZfIe,hoHtIUq,g,ZfIe,JhvGSXvkI
JhvGSXvkI
JhvGSXvkI
IpDw,IpDw,hoHtIUq,ZfIe,JhvGSXvkI,hoHtIUq
JhvGSXvkI
IpDw,IpDw,hoHtIUq,ZfIe,JhvGSXvkI,hoHtIUq,Zil
IpDw,IpDw,hoHtIUq,ZfIe,JhvGSXvkI,hoHtIUq,Zil
IpDw,IpDw,hoHtIUq,ZfIe,JhvGSXvkI,hoHtIUq,Zil
hoHtIUq
IpDw,hoHtIUq,ZfIe,hoHtIUq,IpDw,JhvGSXvkI,Zil
Zil
IpDw,IpDw,hoHtIUq,ZfIe,JhvGSXvkI,hoHtIUq,Zil
hoHtIUq
hoHtIUq
IpDw,IpDw,hoHtIUq,ZfIe,JhvGSXvkI,hoHtIUq,Zil
hoHtIUq
hoHtIUq
IpDw,IpDw,hoHtIUq,JhvGSXvkI,hoHtIUq,Zil
hoHtIUq
IpDw,IpDw,hoHtIUq,JhvGSXvkI,hoHtIUq,Zil,ZDWL
hoHtIUq
dvE
IpDw,IpDw,hoHtIUq,ZfIe,JhvGSXvkI,hoHtIUq,Zil,dvE,hoHtIUq
IpDw,IpDw,ZfIe,JhvGSXvkI,hoHtIUq,Zil,dvE,hoHtIUq
dvE
IpDw,IpDw,hoHtIUq,ZfIe,JhvGSXvkI,hoHtIUq,Zil,dvE,hoHtIUq
hoHtIUq
IpDw,IpDw,ZfIe,JhvGSXvkI,Zil,dvE,hoHtIUq,hoHtIUq,hoHtIUq,hoHtIUq,dvE
IpDw,IpDw,ZfIe,JhvGSXvkI,Zil,dvE,hoHtIUq,hoHtIUq,hoHtIUq,hoHtIUq,dvE
IpDw,IpDw,ZfIe,JhvGSXvkI,Zil,dvE,hoHtIUq,hoHtIUq,hoHtIUq,hoHtIUq,dvE
ZfIe,JhvGSXvkI,Zil,dvE,hoHtIUq,hoHtIUq,hoHtIUq,hoHtIUq,dvE,dvE
Jedi Wagner, assuma o comando!