[vazia]
Toque! Toque, Dijê!
[vazia]
Toque! Toque, Dijê!
[vazia]
ZXQzgMC
ZXQzgMC,ZXQzgMC
ZXQzgMC
ZXQzgMC,ZXQzgMC
ZXQzgMC,ZXQzgMC
ZXQzgMC
ZXQzgMC
ZXQzgMC,ZXQzgMC,aZ
ZXQzgMC,aZ,ZXQzgMC,RkS
ZXQzgMC
ZXQzgMC,aZ,ZXQzgMC
ZXQzgMC
ZXQzgMC
ZXQzgMC
ZXQzgMC,ZXQzgMC,YwvEgOK
ZXQzgMC
ZXQzgMC,ZXQzgMC,YwvEgOK
ZXQzgMC,ZXQzgMC,YwvEgOK
ZXQzgMC
ZXQzgMC
aZ
aZ
aZ
aZ,GrrxiPB
GrrxiPB
aZ,GrrxiPB
aZ,GrrxiPB
aZ,GrrxiPB
aZ
aZ
aZ,GrrxiPB,GrrxiPB
aZ
aZ,GrrxiPB,GrrxiPB
aZ,GrrxiPB,GrrxiPB
aZ,GrrxiPB,GrrxiPB
aZ,GrrxiPB,GrrxiPB
aZ,GrrxiPB,GrrxiPB
GrrxiPB
GrrxiPB
GrrxiPB
GrrxiPB,GrrxiPB,YwvEgOK,GrrxiPB
GrrxiPB,GrrxiPB,YwvEgOK,GrrxiPB,AuiSvKmAkB
GrrxiPB,YwvEgOK,GrrxiPB,AuiSvKmAkB,YwvEgOK
GrrxiPB,YwvEgOK,GrrxiPB,AuiSvKmAkB,YwvEgOK
GrrxiPB,YwvEgOK,GrrxiPB,AuiSvKmAkB,YwvEgOK,RkS,GrrxiPB
GrrxiPB,YwvEgOK,GrrxiPB,AuiSvKmAkB,YwvEgOK,RkS,GrrxiPB
GrrxiPB
GrrxiPB
GrrxiPB,YwvEgOK,GrrxiPB,YwvEgOK,RkS,GrrxiPB
GrrxiPB
GrrxiPB
YwvEgOK,aZ,AuiSvKmAkB,GrrxiPB,YwvEgOK,GrrxiPB,GrrxiPB
aZ
YwvEgOK,aZ,AuiSvKmAkB,GrrxiPB,YwvEgOK,GrrxiPB,GrrxiPB
YwvEgOK,aZ,AuiSvKmAkB,GrrxiPB,YwvEgOK,GrrxiPB,GrrxiPB
YwvEgOK,aZ,AuiSvKmAkB,GrrxiPB,YwvEgOK,GrrxiPB,GrrxiPB
aZ
aZ
aZ
aZ
aZ
aZ
YwvEgOK,aZ,GrrxiPB,YwvEgOK,GrrxiPB,GrrxiPB,GrrxiPB,AuiSvKmAkB
aZ
aZ
YwvEgOK
aZ,YwvEgOK,GrrxiPB,YwvEgOK,GrrxiPB,GrrxiPB,GrrxiPB,AuiSvKmAkB,AuiSvKmAkB
GrrxiPB,aZ,YwvEgOK,GrrxiPB,GrrxiPB,GrrxiPB,AuiSvKmAkB,AuiSvKmAkB
YwvEgOK
GrrxiPB,aZ,YwvEgOK,GrrxiPB,GrrxiPB,GrrxiPB,AuiSvKmAkB,AuiSvKmAkB,aZ
GrrxiPB,aZ,GrrxiPB,GrrxiPB,GrrxiPB,AuiSvKmAkB,AuiSvKmAkB,aZ
GrrxiPB
GrrxiPB,aZ,GrrxiPB,GrrxiPB,GrrxiPB,AuiSvKmAkB,AuiSvKmAkB,aZ,AuiSvKmAkB
GrrxiPB,aZ,GrrxiPB,GrrxiPB,GrrxiPB,AuiSvKmAkB,AuiSvKmAkB,aZ,AuiSvKmAkB
AuiSvKmAkB
aZ,GrrxiPB,GrrxiPB,GrrxiPB,AuiSvKmAkB,AuiSvKmAkB,aZ,AuiSvKmAkB,AuiSvKmAkB
AuiSvKmAkB
AuiSvKmAkB
GrrxiPB,aZ,GrrxiPB,GrrxiPB,GrrxiPB,AuiSvKmAkB,AuiSvKmAkB,aZ,AuiSvKmAkB,AuiSvKmAkB,aZ
aZ
GrrxiPB,aZ,GrrxiPB,GrrxiPB,GrrxiPB,AuiSvKmAkB,AuiSvKmAkB,aZ,AuiSvKmAkB,AuiSvKmAkB,aZ
aZ,GrrxiPB,GrrxiPB,GrrxiPB,GrrxiPB,AuiSvKmAkB,AuiSvKmAkB,aZ,AuiSvKmAkB,AuiSvKmAkB,aZ,AuiSvKmAkB,RkS
aZ
aZ,GrrxiPB,GrrxiPB,GrrxiPB,GrrxiPB,AuiSvKmAkB,AuiSvKmAkB,aZ,AuiSvKmAkB,AuiSvKmAkB,aZ,AuiSvKmAkB,RkS
GrrxiPB
GrrxiPB
GrrxiPB
AuiSvKmAkB,GrrxiPB,GrrxiPB,GrrxiPB,GrrxiPB,AuiSvKmAkB,aZ,AuiSvKmAkB,AuiSvKmAkB,aZ,AuiSvKmAkB,RkS
AuiSvKmAkB,RkS,GrrxiPB,GrrxiPB,GrrxiPB,AuiSvKmAkB,aZ,AuiSvKmAkB,AuiSvKmAkB,aZ,AuiSvKmAkB
GrrxiPB
AuiSvKmAkB,GrrxiPB,GrrxiPB,GrrxiPB,GrrxiPB,AuiSvKmAkB,aZ,AuiSvKmAkB,AuiSvKmAkB,aZ,AuiSvKmAkB,RkS
AuiSvKmAkB,GrrxiPB,GrrxiPB,GrrxiPB,GrrxiPB,AuiSvKmAkB,aZ,AuiSvKmAkB,AuiSvKmAkB,aZ,AuiSvKmAkB,RkS,YwvEgOK,RkS
AuiSvKmAkB,GrrxiPB,GrrxiPB,GrrxiPB,GrrxiPB,AuiSvKmAkB,aZ,AuiSvKmAkB,AuiSvKmAkB,aZ,AuiSvKmAkB,RkS,YwvEgOK,RkS
GrrxiPB
GrrxiPB
AuiSvKmAkB,GrrxiPB,GrrxiPB,GrrxiPB,GrrxiPB,AuiSvKmAkB,aZ,AuiSvKmAkB,AuiSvKmAkB,aZ,AuiSvKmAkB,RkS,YwvEgOK
AuiSvKmAkB,GrrxiPB,GrrxiPB,GrrxiPB,GrrxiPB,AuiSvKmAkB,aZ,AuiSvKmAkB,AuiSvKmAkB,aZ,AuiSvKmAkB,RkS,YwvEgOK
GrrxiPB
AuiSvKmAkB,GrrxiPB,GrrxiPB,GrrxiPB,GrrxiPB,AuiSvKmAkB,aZ,AuiSvKmAkB,AuiSvKmAkB,aZ,AuiSvKmAkB,AuiSvKmAkB
GrrxiPB
AuiSvKmAkB,GrrxiPB,GrrxiPB,GrrxiPB,AuiSvKmAkB,aZ,AuiSvKmAkB,AuiSvKmAkB,aZ,AuiSvKmAkB,AuiSvKmAkB
AuiSvKmAkB,GrrxiPB,GrrxiPB,GrrxiPB,AuiSvKmAkB,aZ,AuiSvKmAkB,AuiSvKmAkB,aZ,AuiSvKmAkB,AuiSvKmAkB
GrrxiPB
AuiSvKmAkB,GrrxiPB,GrrxiPB,AuiSvKmAkB,AuiSvKmAkB,AuiSvKmAkB,aZ,AuiSvKmAkB,AuiSvKmAkB,RkS
GrrxiPB,AuiSvKmAkB,GrrxiPB,AuiSvKmAkB,AuiSvKmAkB,AuiSvKmAkB,aZ,AuiSvKmAkB,AuiSvKmAkB
AuiSvKmAkB
GrrxiPB
GrrxiPB,AuiSvKmAkB,aZ,GrrxiPB,AuiSvKmAkB,AuiSvKmAkB,AuiSvKmAkB,AuiSvKmAkB,AuiSvKmAkB,GrrxiPB,aZ
GrrxiPB
GrrxiPB,AuiSvKmAkB,aZ,GrrxiPB,AuiSvKmAkB,AuiSvKmAkB,AuiSvKmAkB,AuiSvKmAkB,AuiSvKmAkB,GrrxiPB
GrrxiPB
GrrxiPB,AuiSvKmAkB,aZ,GrrxiPB,AuiSvKmAkB,AuiSvKmAkB,AuiSvKmAkB,AuiSvKmAkB,AuiSvKmAkB,GrrxiPB
GrrxiPB
GrrxiPB
GrrxiPB
aZ,GrrxiPB,AuiSvKmAkB,AuiSvKmAkB,GrrxiPB,AuiSvKmAkB,AuiSvKmAkB,AuiSvKmAkB,AuiSvKmAkB,GrrxiPB,AuiSvKmAkB,AuiSvKmAkB
AuiSvKmAkB
GrrxiPB,aZ,GrrxiPB,AuiSvKmAkB,AuiSvKmAkB,AuiSvKmAkB,AuiSvKmAkB,AuiSvKmAkB,AuiSvKmAkB,GrrxiPB
AuiSvKmAkB
GrrxiPB,GrrxiPB,AuiSvKmAkB,AuiSvKmAkB,AuiSvKmAkB,AuiSvKmAkB,AuiSvKmAkB,AuiSvKmAkB,GrrxiPB,RkS
AuiSvKmAkB
GrrxiPB,GrrxiPB,AuiSvKmAkB,AuiSvKmAkB,AuiSvKmAkB,AuiSvKmAkB,AuiSvKmAkB,AuiSvKmAkB,GrrxiPB,RkS,GrrxiPB
AuiSvKmAkB
AuiSvKmAkB
GrrxiPB,GrrxiPB,AuiSvKmAkB,AuiSvKmAkB,AuiSvKmAkB,AuiSvKmAkB,AuiSvKmAkB,AuiSvKmAkB,GrrxiPB,GrrxiPB,RkS
AuiSvKmAkB
GrrxiPB,GrrxiPB,AuiSvKmAkB,AuiSvKmAkB,AuiSvKmAkB,AuiSvKmAkB,AuiSvKmAkB,AuiSvKmAkB,GrrxiPB,GrrxiPB,RkS,GrrxiPB,AuiSvKmAkB
AuiSvKmAkB
GrrxiPB,GrrxiPB,AuiSvKmAkB,AuiSvKmAkB,AuiSvKmAkB,AuiSvKmAkB,ZXQzgMC,AuiSvKmAkB,AuiSvKmAkB,GrrxiPB,GrrxiPB,RkS,GrrxiPB,AuiSvKmAkB,GrrxiPB,RkS,RkS
AuiSvKmAkB
AuiSvKmAkB
GrrxiPB,GrrxiPB,AuiSvKmAkB,AuiSvKmAkB,AuiSvKmAkB,ZXQzgMC,AuiSvKmAkB,AuiSvKmAkB,AuiSvKmAkB,GrrxiPB,GrrxiPB,RkS,GrrxiPB,AuiSvKmAkB,GrrxiPB,RkS,RkS,AuiSvKmAkB,AuiSvKmAkB
GrrxiPB,GrrxiPB,AuiSvKmAkB,AuiSvKmAkB,AuiSvKmAkB,ZXQzgMC,AuiSvKmAkB,AuiSvKmAkB,AuiSvKmAkB,GrrxiPB,GrrxiPB,RkS,GrrxiPB,AuiSvKmAkB,GrrxiPB,RkS,RkS,AuiSvKmAkB,AuiSvKmAkB
AuiSvKmAkB
AuiSvKmAkB
AuiSvKmAkB
Jedi Wagner, assuma o comando!