Toque! Toque, Dijê!
Toque! Toque, Dijê!
Toque! Toque, Dijê!
[vazia]
Toque! Toque, Dijê!
Toque! Toque, Dijê!
Toque! Toque, Dijê!
XS
XS
Toque! Toque, Dijê!
[vazia]
w
Toque! Toque, Dijê!
[vazia]
XS
XS
XS
[vazia]
Toque! Toque, Dijê!
hqZ
hqZ
hqZ
hqZ
hqZ,hqZ
hqZ,hqZ
hqZ
hqZ
hqZ
hqZ,w,ieYo,yJo
hqZ,w,ieYo,yJo
w
w
ieYo
ieYo
hqZ,ieYo,w,yJo
hqZ,w,ieYo,yJo
ieYo
ieYo
ieYo
hqZ,w,ieYo,yJo
hqZ,w,ieYo,yJo
ieYo
ieYo
ieYo
ieYo
hqZ,w,ieYo
hqZ,w,ieYo
ieYo
ieYo
ieYo
hqZ,w,ieYo,yJo,ieYo,hqZ,fuf,w
hqZ,w,ieYo,yJo,ieYo,hqZ,fuf,w
hqZ,w,ieYo,yJo,ieYo,hqZ,fuf,w
hqZ,w,ieYo,yJo,ieYo,hqZ,fuf,w
w,ieYo,fuf,yJo,ieYo,hqZ,w
fuf
w,ieYo,fuf,yJo,ieYo,hqZ,w
ieYo,fuf,w,ieYo,hqZ,w
fuf
fuf
hqZ,w,ieYo,fuf,yJo,ieYo,hqZ,w
hqZ,w,ieYo,fuf,yJo,ieYo,hqZ,w,ieYo
fuf
hqZ,ieYo,fuf,w,yJo,ieYo,hqZ,w,ieYo,ieYo
w
yJo
yJo
yJo
yJo
yJo
hqZ,fuf,w,yJo,hqZ,w,ieYo,ieYo,w
yJo
hqZ,fuf,w,yJo,hqZ,w,ieYo,ieYo,w
hqZ,fuf,w,yJo,hqZ,w,ieYo,ieYo,w
yJo
hqZ,fuf,w,yJo,hqZ,w,ieYo,ieYo,w,ieYo,ieYo
hqZ,fuf,yJo,hqZ,w,w,ieYo,ieYo,w,ieYo
w
w
hqZ,yJo,hqZ,w,w,ieYo,ieYo,w,ieYo
hqZ,fuf,yJo,hqZ,w,w,ieYo,ieYo,w,ieYo,yJo
w
yJo
fuf,hqZ,w,w,yJo,ieYo,ieYo,w,ieYo,fuf
fuf,hqZ,w,w,yJo,ieYo,ieYo,w,ieYo,fuf
yJo
yJo
yJo
ieYo
hqZ,w,w,yJo,ieYo,ieYo,w,ieYo,fuf
hqZ,w,w,yJo,ieYo,fuf,ieYo,w,ieYo
hqZ,w,w,yJo,ieYo,ieYo,w,ieYo,fuf
Jedi Wagner, assuma o comando!