liofozvttx
[vazia]
[vazia]
[vazia]
Toque! Toque, Dijê!
Toque! Toque, Dijê!
liofozvttx
[vazia]
[vazia]
[vazia]
[vazia]
[vazia]
agms
agms
CzY
agms,CzY,ywvydWyy
CzY
agms,CzY
CzY
agms,CzY
CzY
CzY
agms,CzY,cuWhQqX
cuWhQqX
cuWhQqX
CzY
CzY
agms,CzY,cuWhQqX
agms,CzY,cuWhQqX,EQWSAJm
agms,CzY,cuWhQqX,EQWSAJm,CzY
CzY
agms
agms,ywvydWyy
agms
agms,cuWhQqX
agms
agms,cuWhQqX
agms
agms,cuWhQqX
agms
agms,cuWhQqX,EQWSAJm,agms,ltTsoIqT
agms,cuWhQqX,EQWSAJm,agms,ltTsoIqT,agms,jjwNE
agms
agms
cuWhQqX
EQWSAJm
EQWSAJm
agms
agms
agms,EQWSAJm,agms,ltTsoIqT,agms,jjwNE,jjwNE,ywvydWyy
agms,EQWSAJm,agms,ltTsoIqT,agms,jjwNE,jjwNE
agms
agms
agms,EQWSAJm,agms,ltTsoIqT,agms,jjwNE
agms,EQWSAJm,agms,ltTsoIqT,agms,jjwNE
agms
agms
agms
agms,agms,agms,jjwNE
agms
ltTsoIqT
agms,EQWSAJm,jjwNE,ltTsoIqT,agms,ywvydWyy,agms,jjwNE
ltTsoIqT
agms,EQWSAJm,ltTsoIqT,agms,agms,jjwNE,jjwNE,jjwNE
agms,agms,EQWSAJm,ltTsoIqT,agms,jjwNE,liofozvttx
liofozvttx
agms,EQWSAJm,agms,ltTsoIqT,agms,jjwNE
EQWSAJm,agms,ltTsoIqT,agms,jjwNE
agms,EQWSAJm,agms,ltTsoIqT,agms,jjwNE,cuWhQqX,jjwNE
ltTsoIqT
agms,EQWSAJm,agms,ltTsoIqT,agms,jjwNE,cuWhQqX,jjwNE,liofozvttx
agms
agms,EQWSAJm,agms,ltTsoIqT,agms,jjwNE,cuWhQqX,jjwNE,liofozvttx
agms,EQWSAJm,agms,ltTsoIqT,agms,jjwNE,cuWhQqX,jjwNE,liofozvttx
agms
agms,EQWSAJm,agms,ltTsoIqT,agms,jjwNE,cuWhQqX,jjwNE,liofozvttx
agms
agms,EQWSAJm,agms,ltTsoIqT,agms,jjwNE,cuWhQqX,jjwNE,liofozvttx,ltTsoIqT
agms,EQWSAJm,agms,ltTsoIqT,agms,jjwNE,cuWhQqX,jjwNE,liofozvttx,ltTsoIqT
agms,ltTsoIqT,agms,jjwNE,cuWhQqX,jjwNE,liofozvttx,ltTsoIqT
EQWSAJm,agms,ltTsoIqT,agms,jjwNE,cuWhQqX,jjwNE,liofozvttx,ltTsoIqT,liofozvttx
liofozvttx
liofozvttx
Jedi Wagner, assuma o comando!