Toque! Toque, Dijê!
Toque! Toque, Dijê!
Toque! Toque, Dijê!
[vazia]
Toque! Toque, Dijê!
zUxq
zUxq
zUxq
[vazia]
Toque! Toque, Dijê!
Toque! Toque, Dijê!
[vazia]
Toque! Toque, Dijê!
Toque! Toque, Dijê!
Toque! Toque, Dijê!
[vazia]
Toque! Toque, Dijê!
zUxq
zUxq
zUxq
zUxq
Toque! Toque, Dijê!
Toque! Toque, Dijê!
Toque! Toque, Dijê!
[vazia]
[vazia]
[vazia]
Toque! Toque, Dijê!
[vazia]
[vazia]
[vazia]
Toque! Toque, Dijê!
[vazia]
zUxq
zUxq
zUxq
zUxq,zUxq
zUxq
zUxq,zUxq,zUxq
Toque! Toque, Dijê!
zUxq,zUxq
zUxq
zUxq,zUxq
zUxq,zUxq
zUxq
zUxq
zUxq
zUxq
zUxq
zUxq
zUxq
zUxq
zUxq
zUxq,zUxq
zUxq,zUxq
zUxq,zUxq
zUxq,zUxq,zUxq
zUxq,zUxq,zUxq,zUxq
zUxq
zUxq
Toque! Toque, Dijê!
zUxq,zUxq
zUxq,zUxq
zUxq,zUxq
zUxq,zUxq
zUxq
zUxq
zUxq
zUxq,zUxq
zUxq
zUxq
zUxq
zUxq,zUxq,zUxq
zUxq
zUxq,zUxq
zUxq,zUxq,zUxq
zUxq,zUxq,zUxq
zUxq,zUxq,zUxq
zUxq,zUxq,zUxq
zUxq
zUxq,zUxq,zUxq,zUxq
zUxq,zUxq
zUxq,zUxq
zUxq
zUxq
zUxq
zUxq
zUxq
zUxq
[vazia]
[vazia]
zUxq
zUxq,zUxq,zUxq
zUxq
zUxq
zUxq
zUxq,zUxq,zUxq
zUxq,zUxq,zUxq
zUxq
Toque! Toque, Dijê!
zUxq
zUxq
zUxq
zUxq
zUxq
zUxq,zUxq
zUxq
zUxq,zUxq
zUxq,zUxq,zUxq
zUxq,zUxq,zUxq,zUxq,zUxq
zUxq
zUxq,zUxq,zUxq,zUxq,zUxq
zUxq
zUxq,zUxq
zUxq,zUxq
zUxq
zUxq
zUxq
zUxq
zUxq,zUxq,zUxq
zUxq
zUxq
zUxq,zUxq
zUxq
zUxq,zUxq
zUxq,zUxq
zUxq
zUxq,zUxq,zUxq
zUxq
zUxq,zUxq
zUxq
zUxq,zUxq,zUxq
zUxq,zUxq,zUxq
zUxq
zUxq
zUxq
Jedi Wagner, assuma o comando!