[vazia]
Toque! Toque, Dijê!
[vazia]
[vazia]
N
N
N
N
N
N
N,N
N
N
N
N,N,N
N
N
N
N,N,N
N,N,N
N
N,N,N,N
N
N
N
N,N,N,N
N,N,N,N,N
N,N,N,N,N
N
N,N,N,N,N,N,N
N
N,N,N,N,N,N,N
N
N
N,N,N,N,N
N,N,N,N,N
N
N,N,N,N
N,N,N,N,N,N,N,N
N,N,N,N,N,N,N,N,N
N,N,N,N,N,N,N,N,N,N
N
N,N,N,N,N,N,N,N,N,N
N,N,N,N,N,N,N,N,N,N
N,N,N,N,N,N,N,N,N,N,N
N,N,N,N,N,N,N,N,N,N,N
N
N,N,N,N,N,N,N,N,N,N,N
N
N,N,N,N,N,N,N,N,N
N
N
N,N,N,N,N,N,N,N
N
N
N
N,N,N,N,N,N,N
N,N,N,N,N,N,N,N
N
N,N,N,N,N,N,N,N,N
N
N
N
N
N
N
N,N,N,N,N,N,N,N,N,N,N
N,N,N,N,N,N,N,N,N,N
N,N,N,N,N,N,N,N,N,N
N,N,N,N,N,N,N,N,N,N
N
N,N,N,N,N,N,N,N,N,N
N,N,N,N,N,N,N,N,N,N,N
N,N,N,N,N,N,N,N,N
N
N,N,N,N,N,N,N,N,N,N
N
N
N,N,N,N,N,N,N,N,N,N,N,N
N,N,N,N,N,N,N,N
N,N,N,N,N,N,N,N
N
N
N,N,N,N,N,N,N,N
N,N,N,N,N,N,N,N
N,N,N,N,N,N,N,N
N,N,N,N,N,N,N,N
N
N
N
N,N,N,N,N,N
N,N,N,N,N,N,N
N,N,N,N,N,N,N,N
N,N,N,N,N,N,N,N
N
N
N,N,N,N,N,N,N
N,N,N,N,N,N,N
N,N,N,N,N,N,N,N
N,N,N,N,N,N
N,N,N,N,N,N
N,N,N,N,N,N,N,N,N,N
N,N,N,N,N,N,N
N
N
N
N,N,N,N,N,N,N
N,N,N,N,N,N
N,N,N,N,N,N
N
N,N,N,N,N,N
N,N,N,N,N,N,N,N
N
N,N,N,N,N,N,N,N
N
N
N
N
N
N,N,N,N,N,N,N,N
N,N,N,N,N,N,N,N
N
N,N,N,N,N,N,N,N
N,N,N,N,N,N,N,N
N,N,N,N,N,N,N,N,N
N
N,N,N,N,N,N,N,N
N
N,N,N,N,N,N
N,N,N,N,N,N
N,N,N,N,N,N,N,N,N
N,N,N,N,N,N,N,N,N
N,N,N,N,N,N,N,N
N,N,N,N,N,N,N,N
N
Jedi Wagner, assuma o comando!