kohKaDtP
kohKaDtP
Toque! Toque, Dijê!
Toque! Toque, Dijê!
[vazia]
Toque! Toque, Dijê!
Toque! Toque, Dijê!
[vazia]
Toque! Toque, Dijê!
aInd
aInd,aInd,T
aInd
aInd
aInd
T
T,aInd,aInd,aInd,aInd,GCxqrBGIP
Toque! Toque, Dijê!
[vazia]
Toque! Toque, Dijê!
Toque! Toque, Dijê!
aInd
aInd
aInd
aInd
aInd
aInd
aInd
aInd
aInd
aInd
aInd,T,GCxqrBGIP
aInd,T,GCxqrBGIP
aInd
aInd
aInd,T,GCxqrBGIP
aInd
aInd
aInd
aInd,GCxqrBGIP,GCxqrBGIP,aInd
aInd,GCxqrBGIP,GCxqrBGIP,aInd
aInd,GCxqrBGIP,GCxqrBGIP,aInd,kohKaDtP
aInd,GCxqrBGIP,GCxqrBGIP,aInd,kohKaDtP
aInd,GCxqrBGIP,GCxqrBGIP,aInd
aInd,GCxqrBGIP,GCxqrBGIP,aInd
aInd,GCxqrBGIP,GCxqrBGIP,aInd
aInd,GCxqrBGIP,GCxqrBGIP,aInd
GCxqrBGIP
GCxqrBGIP
GCxqrBGIP
GCxqrBGIP
aInd,GCxqrBGIP,GCxqrBGIP,aInd,X,cPBNAEhOJ
aInd,GCxqrBGIP,GCxqrBGIP,aInd,X,cPBNAEhOJ
GCxqrBGIP,GCxqrBGIP,aInd,X,cPBNAEhOJ,aInd
GCxqrBGIP
GCxqrBGIP,GCxqrBGIP,aInd,X,cPBNAEhOJ,aInd
GCxqrBGIP,GCxqrBGIP,aInd,X,cPBNAEhOJ,aInd,X
GCxqrBGIP,GCxqrBGIP,aInd,X,cPBNAEhOJ,aInd,X
GCxqrBGIP
GCxqrBGIP,GCxqrBGIP,aInd,X,cPBNAEhOJ,aInd,X,X
GCxqrBGIP
GCxqrBGIP
GCxqrBGIP,GCxqrBGIP,aInd,X,cPBNAEhOJ,aInd,kohKaDtP,T
GCxqrBGIP,GCxqrBGIP,aInd,X,cPBNAEhOJ,aInd,kohKaDtP,T,kohKaDtP
GCxqrBGIP
GCxqrBGIP,GCxqrBGIP,aInd,X,cPBNAEhOJ,aInd
GCxqrBGIP
GCxqrBGIP,GCxqrBGIP,aInd,X,cPBNAEhOJ,aInd,aInd
GCxqrBGIP
GCxqrBGIP
GCxqrBGIP
GCxqrBGIP,cPBNAEhOJ,GCxqrBGIP,aInd,X,aInd
GCxqrBGIP,cPBNAEhOJ,GCxqrBGIP,aInd,X,aInd
GCxqrBGIP
aInd
aInd
GCxqrBGIP,GCxqrBGIP,aInd,cPBNAEhOJ,aInd
aInd
GCxqrBGIP,GCxqrBGIP,aInd,X,cPBNAEhOJ,aInd
GCxqrBGIP,GCxqrBGIP,aInd,X,cPBNAEhOJ,aInd,T
X
aInd
cPBNAEhOJ,GCxqrBGIP,aInd,X,aInd,GCxqrBGIP
cPBNAEhOJ,GCxqrBGIP,aInd,X,aInd,GCxqrBGIP
cPBNAEhOJ,GCxqrBGIP,aInd,aInd,GCxqrBGIP
GCxqrBGIP,cPBNAEhOJ,aInd,aInd,GCxqrBGIP
cPBNAEhOJ,GCxqrBGIP,aInd,aInd,GCxqrBGIP,T
cPBNAEhOJ,GCxqrBGIP,aInd,aInd,GCxqrBGIP,T
aInd
cPBNAEhOJ,GCxqrBGIP,aInd,aInd,GCxqrBGIP,T,GCxqrBGIP,cPBNAEhOJ
cPBNAEhOJ,GCxqrBGIP,aInd,aInd,GCxqrBGIP,T,GCxqrBGIP,cPBNAEhOJ
cPBNAEhOJ,aInd,aInd,GCxqrBGIP,GCxqrBGIP,T,GCxqrBGIP,cPBNAEhOJ
aInd,aInd,GCxqrBGIP,cPBNAEhOJ,GCxqrBGIP,T,GCxqrBGIP,cPBNAEhOJ,aInd
cPBNAEhOJ
aInd
cPBNAEhOJ,GCxqrBGIP,aInd,aInd,GCxqrBGIP
cPBNAEhOJ,GCxqrBGIP,aInd,GCxqrBGIP
aInd
cPBNAEhOJ,GCxqrBGIP,aInd,GCxqrBGIP
cPBNAEhOJ,aInd,GCxqrBGIP
cPBNAEhOJ,aInd,GCxqrBGIP
cPBNAEhOJ,GCxqrBGIP,aInd,aInd,GCxqrBGIP,T
cPBNAEhOJ,aInd,T,aInd,GCxqrBGIP,aInd,kohKaDtP
T
aInd
cPBNAEhOJ,GCxqrBGIP,aInd,aInd,GCxqrBGIP,T
T
cPBNAEhOJ,aInd,T,aInd,GCxqrBGIP,cPBNAEhOJ,X
T
cPBNAEhOJ,GCxqrBGIP,aInd,aInd,GCxqrBGIP,T
GCxqrBGIP
GCxqrBGIP
cPBNAEhOJ,GCxqrBGIP,aInd,aInd,GCxqrBGIP,T,GCxqrBGIP
GCxqrBGIP,aInd,aInd,GCxqrBGIP,cPBNAEhOJ,T
GCxqrBGIP
GCxqrBGIP,aInd,GCxqrBGIP,cPBNAEhOJ,X,T
GCxqrBGIP
GCxqrBGIP,GCxqrBGIP,aInd,cPBNAEhOJ,X,T,T,cPBNAEhOJ
GCxqrBGIP
GCxqrBGIP
GCxqrBGIP,GCxqrBGIP,aInd,cPBNAEhOJ,X,T,T
GCxqrBGIP,GCxqrBGIP,aInd,cPBNAEhOJ,X,T,T
GCxqrBGIP,GCxqrBGIP,aInd,cPBNAEhOJ,X,T,T
X
aInd
cPBNAEhOJ
GCxqrBGIP,X,aInd,T,T,X,cPBNAEhOJ,GCxqrBGIP,cPBNAEhOJ,X,kohKaDtP
cPBNAEhOJ
GCxqrBGIP,GCxqrBGIP,cPBNAEhOJ,X,aInd,T,T,X,cPBNAEhOJ,X
cPBNAEhOJ
GCxqrBGIP,GCxqrBGIP,cPBNAEhOJ,X,aInd,T,T,X,cPBNAEhOJ,X
GCxqrBGIP,cPBNAEhOJ,X,aInd,T,T,X,cPBNAEhOJ,GCxqrBGIP,X,cPBNAEhOJ,kohKaDtP
GCxqrBGIP,cPBNAEhOJ,aInd,T,T,X,cPBNAEhOJ,GCxqrBGIP,X,cPBNAEhOJ
GCxqrBGIP
GCxqrBGIP,GCxqrBGIP,cPBNAEhOJ,X,aInd,T,X,cPBNAEhOJ,X
cPBNAEhOJ
cPBNAEhOJ
GCxqrBGIP,GCxqrBGIP,X,aInd,T,X,cPBNAEhOJ,X,T
X
X
X
X
GCxqrBGIP,GCxqrBGIP,X,aInd,T,X,cPBNAEhOJ,X,T,T
GCxqrBGIP,GCxqrBGIP,X,T,X,cPBNAEhOJ,X,T
GCxqrBGIP,GCxqrBGIP,X,X,cPBNAEhOJ,X,T,T,cPBNAEhOJ,GCxqrBGIP
Jedi Wagner, assuma o comando!