[vazia]
[vazia]
[vazia]
Toque! Toque, Dijê!
[vazia]
Toque! Toque, Dijê!
[vazia]
[vazia]
Toque! Toque, Dijê!
CBJw,HzjmFybCh
CBJw
CBJw
CBJw
CBJw
CBJw
oWGORL,oWGORL,CBJw
oWGORL,oWGORL,CBJw
oWGORL
oWGORL,oWGORL
oWGORL,oWGORL
oWGORL,oWGORL
oWGORL
oWGORL,oWGORL
oWGORL,oWGORL
oWGORL
oWGORL
oWGORL
oWGORL
oWGORL
oWGORL
oWGORL
oWGORL
oWGORL,w
oWGORL,w
w
w,oWGORL
w,oWGORL
w
oWGORL
oWGORL,eeVfO
oWGORL
oWGORL
oWGORL
oWGORL
oWGORL
oWGORL
oWGORL
oWGORL,CBJw
CBJw
CBJw
CBJw
oWGORL
oWGORL
oWGORL
oWGORL
oWGORL
oWGORL,CBJw,w
oWGORL
oWGORL
CBJw
CBJw,oWGORL,w,CcsV
oWGORL,CBJw
oWGORL
oWGORL,CBJw
oWGORL,CBJw,HzjmFybCh
oWGORL
oWGORL
oWGORL
oWGORL,oWGORL
oWGORL,oWGORL
oWGORL,oWGORL
oWGORL,oWGORL
oWGORL
oWGORL,oWGORL
oWGORL
oWGORL
oWGORL
oWGORL,oWGORL
oWGORL,oWGORL,HzjmFybCh
Jedi Wagner, assuma o comando!