Toque! Toque, Dijê!
[vazia]
[vazia]
Toque! Toque, Dijê!
[vazia]
ynpIv
ynpIv
ynpIv
Toque! Toque, Dijê!
bXewc
bXewc
bXewc
bXewc
Toque! Toque, Dijê!
Toque! Toque, Dijê!
Toque! Toque, Dijê!
mQudlu
mQudlu
nImop
nImop
nImop
nImop,mQudlu
mQudlu,ynpIv,ynpIv
mQudlu
mQudlu,ynpIv,ynpIv
mQudlu
mQudlu,ynpIv,ynpIv
mQudlu,ynpIv,ynpIv
mQudlu
mQudlu
ynpIv
nImop,ynpIv,mQudlu,ynpIv,mQudlu
nImop,ynpIv,mQudlu,ynpIv,mQudlu
ynpIv,mQudlu
nImop
mQudlu
nImop,mQudlu,ynpIv,ynpIv,bXewc
mQudlu
nImop,mQudlu,ynpIv,bXewc
mQudlu
mQudlu
nImop,mQudlu,ynpIv,ynpIv,bXewc
bXewc
bXewc
mQudlu
ynpIv
nImop,bXewc,ynpIv,nImop,mQudlu,mQudlu,nImop
ynpIv
nImop
bXewc,mQudlu,nImop,ynpIv,mQudlu,nImop,mQudlu
bXewc,mQudlu,nImop,ynpIv,mQudlu,nImop,mQudlu,nImop
mQudlu
bXewc
mQudlu,nImop,ynpIv,mQudlu,nImop,mQudlu,bXewc,nImop,nImop
nImop,ynpIv,mQudlu,nImop,mQudlu,bXewc,nImop,nImop,mQudlu,nImop
nImop,nImop,mQudlu,bXewc,ynpIv,nImop,nImop,mQudlu,nImop,mQudlu
nImop,nImop,mQudlu,bXewc,ynpIv,nImop,nImop,mQudlu,nImop
ynpIv
nImop,mQudlu,bXewc,ynpIv,nImop,nImop,nImop,mQudlu,nImop,nImop
nImop
mQudlu,bXewc,ynpIv,nImop,nImop,nImop,mQudlu,nImop,nImop,bXewc,nImop,mQudlu,bXewc
ynpIv,nImop,nImop,bXewc,nImop,mQudlu,nImop,nImop,bXewc,nImop,mQudlu,bXewc
ynpIv,nImop,nImop,bXewc,nImop,mQudlu,nImop,nImop,bXewc,nImop,mQudlu,bXewc,bXewc
nImop,mQudlu,nImop,nImop,nImop,bXewc,nImop,mQudlu,bXewc,bXewc,nImop
mQudlu,bXewc,ynpIv,nImop,nImop,nImop,mQudlu,nImop,nImop,bXewc,nImop,mQudlu,bXewc
nImop
nImop
nImop
mQudlu,bXewc,nImop,nImop,nImop,mQudlu,nImop,nImop,bXewc,nImop,mQudlu,bXewc,ynpIv
nImop
nImop
nImop
nImop
mQudlu,bXewc,ynpIv,nImop,nImop,nImop,mQudlu,nImop,nImop,bXewc,nImop,mQudlu,bXewc
bXewc,nImop,nImop,mQudlu,mQudlu,nImop,nImop,bXewc,nImop,mQudlu,bXewc,ynpIv,bXewc,ynpIv
mQudlu
bXewc,nImop,nImop,mQudlu,mQudlu,nImop,nImop,bXewc,nImop,mQudlu,bXewc,ynpIv,bXewc,ynpIv,ynpIv
mQudlu
bXewc,nImop,nImop,mQudlu,mQudlu,nImop,nImop,bXewc,nImop,mQudlu,bXewc,ynpIv,bXewc,ynpIv,ynpIv,bXewc
mQudlu
mQudlu
mQudlu
bXewc,nImop,nImop,mQudlu,mQudlu,nImop,nImop,bXewc,nImop,mQudlu,bXewc,ynpIv,bXewc,ynpIv,ynpIv,bXewc,nImop,bXewc
bXewc,nImop,nImop,mQudlu,mQudlu,nImop,nImop,bXewc,nImop,mQudlu,bXewc,ynpIv,bXewc,ynpIv,ynpIv,bXewc,nImop,bXewc,ynpIv
mQudlu
bXewc,nImop,nImop,mQudlu,nImop,nImop,bXewc,nImop,mQudlu,bXewc,ynpIv,bXewc,ynpIv,ynpIv,bXewc,nImop,bXewc,ynpIv
mQudlu
bXewc,nImop,nImop,mQudlu,mQudlu,nImop,nImop,bXewc,nImop,mQudlu,bXewc,ynpIv,bXewc,ynpIv,ynpIv,bXewc,nImop,bXewc
bXewc
bXewc
nImop
nImop
mQudlu,nImop,nImop,mQudlu,bXewc,nImop,mQudlu,bXewc,ynpIv,bXewc,ynpIv,ynpIv,bXewc,nImop,bXewc,mQudlu,mQudlu,ynpIv,bXewc,nImop
mQudlu,nImop,nImop,mQudlu,bXewc,nImop,mQudlu,bXewc,ynpIv,bXewc,ynpIv,ynpIv,bXewc,nImop,bXewc,mQudlu,mQudlu,ynpIv,bXewc,nImop
nImop,bXewc,nImop,nImop,ynpIv,bXewc,ynpIv,ynpIv,bXewc,nImop,bXewc,mQudlu,mQudlu,ynpIv,nImop
bXewc
nImop,bXewc,nImop,nImop,ynpIv,bXewc,ynpIv,ynpIv,bXewc,nImop,bXewc,mQudlu,mQudlu,ynpIv,nImop
nImop
nImop
nImop,bXewc,nImop,nImop,bXewc,ynpIv,ynpIv,bXewc,nImop,bXewc,mQudlu,mQudlu,ynpIv,nImop,mQudlu
nImop
nImop
nImop
nImop
nImop
nImop,nImop,nImop,bXewc,ynpIv,ynpIv,bXewc,nImop,bXewc,mQudlu,ynpIv,nImop,mQudlu
nImop,nImop,nImop,ynpIv,ynpIv,bXewc,nImop,bXewc,mQudlu,ynpIv,nImop,mQudlu
bXewc
bXewc
bXewc
ynpIv,ynpIv,bXewc,nImop,nImop,bXewc,ynpIv,nImop
ynpIv,bXewc,ynpIv,nImop,bXewc,ynpIv,nImop,bXewc
nImop,ynpIv,ynpIv,bXewc,nImop,bXewc,ynpIv,nImop
nImop,ynpIv,ynpIv,bXewc,nImop,bXewc,ynpIv,nImop
nImop
nImop
nImop
nImop
ynpIv,bXewc,ynpIv,nImop,bXewc,ynpIv,nImop,mQudlu,mQudlu
ynpIv
ynpIv,ynpIv,nImop,bXewc,ynpIv,nImop,mQudlu,mQudlu
ynpIv,ynpIv,bXewc,nImop,ynpIv,nImop,mQudlu,mQudlu,ynpIv
ynpIv,ynpIv,nImop,ynpIv,ynpIv,mQudlu,ynpIv,bXewc
ynpIv,ynpIv,bXewc,nImop,ynpIv,nImop,mQudlu,nImop,nImop
nImop
nImop
ynpIv,bXewc,nImop,ynpIv,nImop,mQudlu,mQudlu
nImop
ynpIv,nImop,ynpIv,nImop,mQudlu,mQudlu
ynpIv,bXewc,mQudlu,ynpIv,nImop,mQudlu,nImop,nImop
nImop
nImop,mQudlu,bXewc,ynpIv,mQudlu,nImop,nImop,nImop
mQudlu
ynpIv
bXewc,ynpIv,mQudlu,nImop,nImop,nImop,nImop,nImop,bXewc,bXewc,nImop
nImop,mQudlu,ynpIv,mQudlu,nImop,nImop,nImop
mQudlu
ynpIv
bXewc,nImop,mQudlu,ynpIv,nImop,nImop,nImop
bXewc,nImop,mQudlu,ynpIv,nImop,nImop,nImop,bXewc
ynpIv
nImop,ynpIv,mQudlu,bXewc,mQudlu,nImop,nImop,nImop,mQudlu,mQudlu,mQudlu
mQudlu
mQudlu
ynpIv,mQudlu,bXewc,nImop,mQudlu,nImop,nImop,nImop,mQudlu,mQudlu,bXewc,nImop
ynpIv
ynpIv
bXewc
bXewc
nImop,mQudlu,bXewc,mQudlu,nImop,nImop,nImop,mQudlu,mQudlu,bXewc,bXewc
bXewc
ynpIv
nImop,mQudlu,bXewc,ynpIv,mQudlu,nImop,nImop,nImop,mQudlu,mQudlu,bXewc,nImop,bXewc
nImop,mQudlu,bXewc,ynpIv,mQudlu,nImop,nImop,nImop,mQudlu,mQudlu,bXewc,nImop,bXewc
nImop,bXewc,ynpIv,mQudlu,mQudlu,nImop,nImop,nImop,mQudlu,mQudlu,bXewc,nImop,bXewc,nImop
mQudlu
mQudlu
bXewc,nImop,nImop,mQudlu,nImop,ynpIv,mQudlu,nImop,mQudlu,mQudlu,bXewc,nImop,bXewc,nImop,nImop,nImop,mQudlu
nImop,nImop,mQudlu,nImop,ynpIv,mQudlu,nImop,mQudlu,mQudlu,bXewc,nImop,bXewc,nImop,nImop,nImop,mQudlu
ynpIv
nImop,mQudlu,nImop,nImop,mQudlu,nImop,mQudlu,mQudlu,nImop,nImop,nImop,nImop,mQudlu,bXewc
nImop
mQudlu,nImop,nImop,mQudlu,nImop,mQudlu,mQudlu,nImop,nImop,nImop,nImop,mQudlu,bXewc,nImop
nImop
mQudlu
nImop
bXewc,nImop,mQudlu,nImop,ynpIv,mQudlu,nImop,nImop,mQudlu,mQudlu,bXewc,nImop,bXewc,nImop,nImop,nImop,mQudlu
nImop
bXewc,nImop,mQudlu,nImop,nImop,mQudlu,ynpIv,nImop,mQudlu,mQudlu,bXewc,nImop,bXewc,nImop,nImop,nImop,mQudlu
Jedi Wagner, assuma o comando!