Toque! Toque, Dijê!
[vazia]
[vazia]
tvW,VWB
tvW,VWB,vPzk,H
tvW,VWB,vPzk,H
tvW,VWB,vPzk,H
H
VWB,vPzk,H,iA,VWB,Gi
H
VWB,vPzk,H,Gi,iA,VWB,cFiMqQfb
H
VWB,vPzk,H,Gi,iA,VWB,cFiMqQfb
VWB,vPzk,H,iA,VWB,Gi
VWB,vPzk,H,iA,VWB,Gi
VWB,vPzk,H,iA,VWB,Gi
VWB,vPzk,H,iA,VWB,Gi
VWB,vPzk,H,iA,VWB,Gi,vPzk
VWB,vPzk,H,iA,VWB,Gi,vPzk
iA
VWB,vPzk,H,iA,VWB,Gi,H
VWB,vPzk,H,iA,VWB,Gi
VWB,vPzk,H,iA,VWB,Gi,iA
iA
VWB
vPzk
VWB,vPzk,H,iA,VWB,iA,H
VWB,vPzk,H,VWB,iA,H
H
VWB
VWB,vPzk,H,VWB,H
VWB,H,VWB,vPzk,H
VWB,vPzk,H,VWB,iA,H
VWB
VWB
vPzk,H,VWB,VWB,iA,H
iA
iA
vPzk,H,VWB,VWB,iA,H
vPzk,H,VWB,VWB,iA,H
H,VWB,VWB,iA,vPzk,H
iA
H,VWB,VWB,vPzk,iA,H
H,VWB,vPzk,iA,H
H,VWB,VWB,iA,vPzk,H
H,VWB,VWB,vPzk,iA,H
vPzk,H,VWB,VWB,iA,H
vPzk,H,VWB,VWB,iA,H
Gi
vPzk,VWB,VWB,iA,Gi,H,K,vPzk,vPzk,vPzk,VWB
H
H
Gi
vPzk,VWB,VWB,iA,Gi,K,vPzk,vPzk,vPzk,VWB,lFch
Gi
VWB,VWB,iA,H,Gi,K,vPzk,vPzk,vPzk,VWB,lFch
vPzk
VWB,VWB,iA,H,Gi,vPzk,K,vPzk,vPzk,vPzk,VWB,VWB
vPzk
iA
VWB,VWB,H,Gi,vPzk,K,vPzk,vPzk,iA,vPzk,VWB,VWB
VWB,VWB,Gi,vPzk,K,vPzk,vPzk,iA,vPzk,VWB,VWB,Gi,lFch
iA
iA
VWB,VWB,H,Gi,vPzk,K,vPzk,vPzk,iA,vPzk,VWB,VWB
VWB,VWB,H,Gi,vPzk,K,vPzk,vPzk,iA,vPzk,VWB,VWB
VWB,VWB,H,Gi,K,vPzk,vPzk,iA,vPzk,vPzk,VWB,VWB,vPzk
VWB,VWB,H,Gi,K,vPzk,vPzk,iA,vPzk,vPzk,VWB,VWB,vPzk
VWB,VWB,H,Gi,K,vPzk,vPzk,iA,vPzk,vPzk,VWB,VWB,vPzk
vPzk
VWB,VWB,H,Gi,K,vPzk,vPzk,iA,vPzk,vPzk,VWB,VWB,vPzk
VWB,VWB,H,Gi,vPzk,K,vPzk,vPzk,iA,vPzk,VWB,VWB
VWB,VWB,H,Gi,vPzk,vPzk,vPzk,iA,vPzk,VWB,VWB,H,VWB
VWB,VWB,H,Gi,vPzk,vPzk,vPzk,iA,vPzk,VWB,VWB,H,VWB
VWB,VWB,H,Gi,vPzk,vPzk,vPzk,iA,vPzk,VWB,VWB,H,VWB
iA
iA
VWB,VWB,H,Gi,vPzk,K,vPzk,vPzk,iA,vPzk,VWB,VWB
iA
iA
VWB,H,Gi,vPzk,vPzk,vPzk,iA,VWB,vPzk,VWB,VWB,K,H
vPzk
vPzk
vPzk
VWB,Gi,vPzk,vPzk,vPzk,iA,VWB,vPzk,H,VWB,VWB,K,H,lFch,cFiMqQfb,H
VWB
VWB,Gi,vPzk,vPzk,vPzk,iA,VWB,vPzk,H,VWB,VWB,K,H,lFch,cFiMqQfb,H,Gi
VWB
VWB
VWB
VWB,vPzk,vPzk,vPzk,VWB,vPzk,H,VWB,VWB,lFch,K,H,cFiMqQfb,H,Gi
VWB,vPzk,vPzk,vPzk,VWB,vPzk,H,VWB,VWB,lFch,K,H,cFiMqQfb,H,Gi,HAYqzoGVa
VWB,vPzk,vPzk,vPzk,VWB,vPzk,H,VWB,VWB,lFch,K,H,cFiMqQfb,H,Gi,HAYqzoGVa
VWB,Gi,vPzk,vPzk,vPzk,iA,VWB,vPzk,H,VWB,VWB,K,H,lFch,cFiMqQfb,H,Gi
VWB,Gi,vPzk,vPzk,vPzk,iA,VWB,vPzk,H,VWB,VWB,K,H,lFch,cFiMqQfb,H,Gi,iA
VWB
VWB,Gi,vPzk,vPzk,vPzk,iA,VWB,vPzk,H,VWB,VWB,K,H,lFch,cFiMqQfb,H,Gi
H
H
VWB,Gi,vPzk,vPzk,iA,VWB,vPzk,VWB,VWB,H,vPzk,K,H,H,Gi,iA,Gi
VWB
Gi,vPzk,vPzk,vPzk,iA,VWB,vPzk,H,VWB,VWB,K,H,lFch,cFiMqQfb,H,Gi
iA
Gi,vPzk,vPzk,vPzk,VWB,vPzk,VWB,VWB,iA,K,H,H,lFch,cFiMqQfb,H,Gi,tvW
Gi,vPzk,vPzk,vPzk,VWB,vPzk,VWB,VWB,iA,K,H,H,lFch,cFiMqQfb,H,Gi,tvW,iA
Gi,vPzk,vPzk,vPzk,VWB,vPzk,VWB,VWB,iA,K,H,H,lFch,cFiMqQfb,H,Gi,tvW,iA
vPzk,vPzk,vPzk,VWB,vPzk,VWB,VWB,iA,K,H,H,lFch,cFiMqQfb,H,Gi,tvW,iA
lFch
Gi,vPzk,VWB,vPzk,VWB,VWB,iA,lFch,H,H,cFiMqQfb,H,Gi,tvW,iA
H
Gi,vPzk,vPzk,VWB,vPzk,VWB,VWB,iA,lFch,H,H,cFiMqQfb,H,Gi,tvW,iA
Gi,vPzk,vPzk,VWB,vPzk,VWB,VWB,iA,lFch,H,H,cFiMqQfb,H,Gi,tvW,iA,cFiMqQfb
Jedi Wagner, assuma o comando!