[vazia]
[vazia]
[vazia]
Toque! Toque, Dijê!
Toque! Toque, Dijê!
Toque! Toque, Dijê!
[vazia]
[vazia]
Toque! Toque, Dijê!
[vazia]
KIUmjkqabD
KIUmjkqabD
KIUmjkqabD,oxArVxj
KIUmjkqabD,oxArVxj
KIUmjkqabD,oxArVxj
KIUmjkqabD
KIUmjkqabD,oxArVxj,l
oxArVxj
oxArVxj
KIUmjkqabD,oxArVxj,l,OSLDLCAjQ
KIUmjkqabD,oxArVxj,l,OSLDLCAjQ
l
KIUmjkqabD,oxArVxj,l,OSLDLCAjQ,IXOttuXR,IXOttuXR
l
KIUmjkqabD,oxArVxj,l,OSLDLCAjQ,IXOttuXR,IXOttuXR
KIUmjkqabD,l,OSLDLCAjQ,l
KIUmjkqabD,l,OSLDLCAjQ,l
KIUmjkqabD,l,OSLDLCAjQ,l
l
KIUmjkqabD,oxArVxj,l,OSLDLCAjQ,yRX
KIUmjkqabD,oxArVxj,l,OSLDLCAjQ,l,l
KIUmjkqabD,oxArVxj,l,OSLDLCAjQ,l,l
l
KIUmjkqabD,oxArVxj,OSLDLCAjQ
KIUmjkqabD,oxArVxj,OSLDLCAjQ
KIUmjkqabD,oxArVxj,l,OSLDLCAjQ
l
l
oxArVxj,l,OSLDLCAjQ
l
oxArVxj
oxArVxj
l,oxArVxj,OSLDLCAjQ,yRX,IXOttuXR
oxArVxj
l
KIUmjkqabD,oxArVxj,l,OSLDLCAjQ
l
KIUmjkqabD,oxArVxj,l,OSLDLCAjQ,OSLDLCAjQ
KIUmjkqabD
KIUmjkqabD
oxArVxj,l,OSLDLCAjQ,OSLDLCAjQ
oxArVxj,l,OSLDLCAjQ,OSLDLCAjQ
oxArVxj
oxArVxj,l,OSLDLCAjQ,OSLDLCAjQ
oxArVxj,l,OSLDLCAjQ,OSLDLCAjQ
KIUmjkqabD
KIUmjkqabD
KIUmjkqabD,oxArVxj,l,OSLDLCAjQ,OSLDLCAjQ
KIUmjkqabD,oxArVxj,l,OSLDLCAjQ,OSLDLCAjQ,rFSFMJcoCc
KIUmjkqabD,oxArVxj,l,OSLDLCAjQ,OSLDLCAjQ,rFSFMJcoCc,IXOttuXR,l
OSLDLCAjQ
Jedi Wagner, assuma o comando!