Toque! Toque, Dijê!
GZth
GZth
GZth
GZth
[vazia]
GZth
GZth
GZth
GZth
GZth
GZth
GZth
GZth,RgOMV
GZth,RgOMV
GZth
GZth,RgOMV,GZth
Toque! Toque, Dijê!
[vazia]
RgOMV
RgOMV
RgOMV
aYfX
Toque! Toque, Dijê!
Toque! Toque, Dijê!
[vazia]
aYfX
Ukhrr,RgOMV
Ukhrr,RgOMV
Ukhrr,RgOMV,RgOMV
Ukhrr,RgOMV,RgOMV
Ukhrr,RgOMV,RgOMV
Ukhrr
GZth
Toque! Toque, Dijê!
[vazia]
[vazia]
GZth
GZth
GZth,juPLXl
GZth
GZth,juPLXl
GZth
[vazia]
[vazia]
aYfX
aYfX
aYfX
[vazia]
[vazia]
Toque! Toque, Dijê!
juPLXl
juPLXl
[vazia]
[vazia]
Toque! Toque, Dijê!
Toque! Toque, Dijê!
Toque! Toque, Dijê!
Toque! Toque, Dijê!
Toque! Toque, Dijê!
[vazia]
juPLXl
juPLXl,GZth
juPLXl
juPLXl,GZth,Fvz
Toque! Toque, Dijê!
GZth
juPLXl,RgOMV,aYfX
juPLXl,RgOMV,aYfX
juPLXl
juPLXl
Toque! Toque, Dijê!
juPLXl
juPLXl
juPLXl
juPLXl
juPLXl
juPLXl
juPLXl,juPLXl
juPLXl
juPLXl
juPLXl
juPLXl
juPLXl
juPLXl,aYfX
aYfX,GZth
aYfX
aYfX,GZth
GZth,aYfX
GZth
juPLXl,aYfX,GZth
juPLXl,aYfX,GZth,RgOMV
juPLXl,aYfX,GZth,RgOMV
aYfX
juPLXl,aYfX,GZth,RgOMV,Ukhrr
juPLXl,aYfX,GZth,RgOMV,Ukhrr
aYfX
aYfX
aYfX
aYfX
aYfX
juPLXl,aYfX
juPLXl,aYfX,Fvz,Fvz
juPLXl,aYfX
aYfX
aYfX
aYfX
aYfX
juPLXl
juPLXl
juPLXl
juPLXl,GZth
juPLXl
juPLXl
juPLXl
juPLXl
juPLXl,RgOMV
juPLXl,RgOMV,Ukhrr
juPLXl
juPLXl,RgOMV,Ukhrr,RgOMV
juPLXl
Toque! Toque, Dijê!
Toque! Toque, Dijê!
Toque! Toque, Dijê!
Fvz
juPLXl
juPLXl,juPLXl
juPLXl
juPLXl,juPLXl
juPLXl
juPLXl,juPLXl
juPLXl
juPLXl,juPLXl
juPLXl,juPLXl,juPLXl
juPLXl,juPLXl,juPLXl
juPLXl,juPLXl,juPLXl
juPLXl
juPLXl,juPLXl,juPLXl
juPLXl,juPLXl,juPLXl
juPLXl,juPLXl,juPLXl
juPLXl,juPLXl,juPLXl
juPLXl
juPLXl,juPLXl,juPLXl
juPLXl,juPLXl,juPLXl
juPLXl
juPLXl,juPLXl,aYfX,GZth
juPLXl
juPLXl
juPLXl,aYfX,juPLXl,juPLXl,juPLXl,Fvz
juPLXl,aYfX,juPLXl,juPLXl,juPLXl,Fvz,Fvz
juPLXl,juPLXl,juPLXl,juPLXl,Fvz,Fvz,RgOMV
juPLXl,juPLXl,juPLXl
juPLXl,juPLXl,juPLXl
juPLXl
juPLXl
juPLXl
juPLXl
juPLXl,juPLXl,GZth
juPLXl,juPLXl,GZth
juPLXl,juPLXl,GZth,GZth
juPLXl,juPLXl,juPLXl,GZth
juPLXl
juPLXl,juPLXl,juPLXl,GZth
juPLXl,juPLXl,juPLXl,GZth
juPLXl
GZth
juPLXl,juPLXl,GZth,juPLXl
juPLXl
RgOMV
juPLXl,juPLXl,RgOMV,juPLXl
RgOMV
juPLXl
juPLXl
juPLXl,juPLXl,juPLXl
juPLXl
juPLXl
juPLXl
Jedi Wagner, assuma o comando!