[vazia]
yErj
Toque! Toque, Dijê!
[vazia]
[vazia]
Toque! Toque, Dijê!
eD
eD
eD
eD
[vazia]
Toque! Toque, Dijê!
Toque! Toque, Dijê!
Toque! Toque, Dijê!
Toque! Toque, Dijê!
[vazia]
Toque! Toque, Dijê!
yErj
Toque! Toque, Dijê!
yErj
yErj
yErj
yErj
yErj
yErj
yErj
yErj
yErj
yErj,yErj
yErj
kt
kt
kt
kt,yErj
kt
kt,yErj
kt
kt
kt
kt
kt,yErj
yErj,kt
kt
yErj,kt,UhuDNt,CyMm,OJhIb,yErj
yErj
yErj,kt,UhuDNt,CyMm,yErj,yErj
kt
kt
kt
UhuDNt
UhuDNt
kt,UhuDNt,yErj,yErj,kt,ht
UhuDNt
kt,UhuDNt,yErj,yErj,kt
UhuDNt,yErj,yErj,kt
yErj
UhuDNt,yErj,yErj,kt
yErj
yErj
yErj
yErj
yErj
yErj
UhuDNt
yErj,UhuDNt,yErj,kt,ht
UhuDNt
UhuDNt
yErj
ht
UhuDNt,ht,yErj,yErj,kt,kt,ht
ht
UhuDNt,ht,yErj,yErj,kt,kt,ht
UhuDNt,ht,yErj,yErj,kt,kt,ht
ht,UhuDNt,yErj,yErj,kt,kt,ht
UhuDNt,ht,yErj,yErj,kt,kt,ht
UhuDNt,yErj,yErj,kt
yErj
yErj
UhuDNt,yErj,yErj
yErj
yErj
yErj
yErj
yErj
yErj
yErj
UhuDNt,kt,yErj,yErj
kt
yErj
yErj
UhuDNt,kt,qfaHB
kt
kt
kt,yErj,yErj,qfaHB,yErj
yErj
yErj
UhuDNt,kt,yErj,yErj,qfaHB
yErj
UhuDNt,kt,yErj,yErj,qfaHB
yErj
yErj
yErj
yErj
yErj
UhuDNt,kt,yErj,qfaHB
UhuDNt,kt,yErj,qfaHB
yErj
UhuDNt,kt,yErj,qfaHB,yErj,ht
qfaHB
UhuDNt,yErj,qfaHB,yErj,ht,yErj
UhuDNt,yErj,qfaHB,yErj,ht,yErj,CyMm
yErj
yErj
UhuDNt,yErj,qfaHB,yErj,ht,yErj,CyMm,qfaHB,OJhIb,CyMm,yErj
qfaHB
UhuDNt,yErj,qfaHB,yErj,ht,yErj,CyMm,qfaHB,OJhIb,CyMm,yErj,ht,eD
UhuDNt,yErj,qfaHB,yErj,ht,yErj,CyMm,qfaHB,OJhIb,CyMm,yErj,ht,eD,OJhIb
UhuDNt,yErj,qfaHB,yErj,ht,yErj,CyMm,qfaHB,OJhIb,CyMm,yErj,ht,eD,OJhIb
UhuDNt,yErj,qfaHB,yErj,ht,yErj,CyMm,qfaHB,OJhIb,CyMm,yErj,ht,eD,OJhIb
UhuDNt,qfaHB,yErj,ht,yErj,CyMm,qfaHB,OJhIb,CyMm,yErj,ht,eD,OJhIb,kt
qfaHB
qfaHB
UhuDNt,qfaHB,yErj,ht,yErj,CyMm,qfaHB,OJhIb,CyMm,yErj,ht,eD,OJhIb,kt,kt
qfaHB
yErj
UhuDNt,qfaHB,yErj,ht,yErj,qfaHB,yErj,eD,OJhIb,CyMm,CyMm,yErj,ht,CyMm
eD
UhuDNt,qfaHB,yErj,ht,yErj,qfaHB,yErj,eD,OJhIb,CyMm,CyMm,yErj,ht,CyMm
eD
eD
UhuDNt,qfaHB,yErj,ht,yErj,qfaHB,yErj,eD,CyMm,CyMm,yErj,ht,CyMm,UhuDNt
UhuDNt,qfaHB,yErj,ht,yErj,qfaHB,yErj,eD,CyMm,CyMm,yErj,ht,CyMm,UhuDNt
CyMm
CyMm
CyMm
UhuDNt,qfaHB,yErj,ht,yErj,qfaHB,yErj,CyMm,eD,CyMm,yErj,ht,CyMm,UhuDNt,kt
UhuDNt,qfaHB,yErj,ht,yErj,qfaHB,yErj,eD,CyMm,kt,CyMm,yErj,ht,CyMm,UhuDNt
CyMm
UhuDNt,qfaHB,yErj,ht,yErj,qfaHB,yErj,eD,CyMm,kt,CyMm,yErj,ht,CyMm,UhuDNt
qfaHB,yErj,ht,yErj,qfaHB,yErj,eD,CyMm,kt,CyMm,yErj,ht,CyMm,UhuDNt,OJhIb
qfaHB,yErj,ht,yErj,qfaHB,yErj,eD,CyMm,CyMm,yErj,ht,CyMm,UhuDNt,OJhIb
CyMm
CyMm
qfaHB,yErj,ht,yErj,qfaHB,yErj,eD,CyMm,CyMm,yErj,ht,CyMm,UhuDNt,OJhIb
CyMm
yErj
CyMm
ht
CyMm
CyMm
qfaHB,yErj,ht,yErj,qfaHB,yErj,eD,CyMm,yErj,CyMm,ht,CyMm,UhuDNt,OJhIb,yErj
CyMm
CyMm
CyMm
qfaHB,yErj,ht,yErj,qfaHB,yErj,eD,CyMm,yErj,CyMm,ht,CyMm,UhuDNt,OJhIb,yErj,ht
qfaHB,yErj,ht,yErj,qfaHB,yErj,eD,CyMm,yErj,CyMm,ht,CyMm,UhuDNt,OJhIb,yErj,ht
CyMm
qfaHB,yErj,yErj,qfaHB,yErj,eD,CyMm,yErj,CyMm,ht,ht,CyMm,UhuDNt,OJhIb,yErj
yErj,ht,yErj,qfaHB,yErj,eD,CyMm,yErj,OJhIb,CyMm,ht,CyMm,UhuDNt,yErj
eD
qfaHB,yErj,ht,yErj,qfaHB,yErj,eD,CyMm,yErj,CyMm,ht,CyMm,UhuDNt,OJhIb,yErj
CyMm
qfaHB,yErj,ht,yErj,qfaHB,yErj,eD,CyMm,yErj,CyMm,ht,CyMm,UhuDNt,yErj,UhuDNt,kt
CyMm
qfaHB,yErj,ht,yErj,qfaHB,yErj,eD,CyMm,yErj,kt,CyMm,ht,CyMm,UhuDNt,yErj,UhuDNt,CyMm
kt
qfaHB,yErj,ht,yErj,qfaHB,yErj,eD,CyMm,yErj,kt,CyMm,ht,CyMm,UhuDNt,yErj,UhuDNt,CyMm
kt
yErj,ht,yErj,qfaHB,yErj,eD,CyMm,yErj,kt,CyMm,UhuDNt,qfaHB,ht,CyMm,yErj,UhuDNt,CyMm
yErj,ht,yErj,qfaHB,yErj,eD,CyMm,yErj,kt,CyMm,UhuDNt,qfaHB,ht,CyMm,yErj,UhuDNt,CyMm
yErj,ht,yErj,qfaHB,yErj,eD,CyMm,yErj,CyMm,UhuDNt,qfaHB,ht,CyMm,yErj,UhuDNt,CyMm,eD
yErj,yErj,yErj,eD,CyMm,yErj,CyMm,UhuDNt,qfaHB,ht,CyMm,yErj,UhuDNt,CyMm,eD
yErj,yErj,yErj,eD,CyMm,yErj,CyMm,UhuDNt,qfaHB,ht,CyMm,yErj,UhuDNt,CyMm,eD,OJhIb
yErj
UhuDNt
UhuDNt
yErj,ht,yErj,qfaHB,yErj,CyMm,yErj,CyMm,UhuDNt,eD,qfaHB,ht,CyMm,yErj,UhuDNt,CyMm,eD,eD
UhuDNt
UhuDNt
yErj,ht,yErj,qfaHB,yErj,eD,CyMm,yErj,CyMm,UhuDNt,qfaHB,ht,CyMm,yErj,UhuDNt,CyMm,eD
yErj,ht,yErj,qfaHB,yErj,eD,CyMm,yErj,CyMm,UhuDNt,qfaHB,ht,CyMm,yErj,UhuDNt,CyMm,eD
UhuDNt
ht,yErj,qfaHB,yErj,CyMm,yErj,CyMm,UhuDNt,yErj,qfaHB,ht,CyMm,yErj,UhuDNt,CyMm,eD,CyMm
ht,yErj,qfaHB,yErj,CyMm,yErj,CyMm,UhuDNt,yErj,qfaHB,ht,CyMm,yErj,UhuDNt,CyMm,eD,CyMm
yErj
yErj,CyMm,yErj,CyMm,yErj,yErj,qfaHB,ht,CyMm,yErj,UhuDNt,CyMm,eD,CyMm,ht,kt,qfaHB
yErj,ht,yErj,qfaHB,yErj,eD,CyMm,yErj,CyMm,UhuDNt,qfaHB,ht,CyMm,yErj,UhuDNt,CyMm,eD
yErj,ht,yErj,yErj,eD,CyMm,yErj,CyMm,UhuDNt,qfaHB,ht,CyMm,yErj,UhuDNt,CyMm,eD
yErj,ht,yErj,yErj,eD,CyMm,yErj,CyMm,UhuDNt,qfaHB,ht,CyMm,yErj,UhuDNt,CyMm,eD
UhuDNt
UhuDNt
qfaHB
qfaHB
Jedi Wagner, assuma o comando!