[vazia]
Toque! Toque, Dijê!
[vazia]
[vazia]
es
oVZHipgY
oVZHipgY,oVZHipgY
Toque! Toque, Dijê!
XhUx
XhUx
XhUx
[vazia]
ht
RVTdxF,ht,oVZHipgY
RVTdxF,ht,oVZHipgY
RVTdxF,ht,oVZHipgY
RVTdxF,ht,oVZHipgY
ht
RVTdxF,ht,oVZHipgY,oVZHipgY
RVTdxF
RVTdxF,ht,oVZHipgY,oVZHipgY
RVTdxF,ht,oVZHipgY,oVZHipgY
RVTdxF,ht,oVZHipgY
ht
ht
RVTdxF,ht,oVZHipgY
RVTdxF,ht,oVZHipgY
oVZHipgY
oVZHipgY
oVZHipgY
oVZHipgY
oVZHipgY
oVZHipgY
ht,RVTdxF,oVZHipgY,RVTdxF,ht
oVZHipgY
RVTdxF
ht
RVTdxF,oVZHipgY,RVTdxF,ht,RVTdxF,oVZHipgY,RVTdxF
RVTdxF,oVZHipgY,RVTdxF,ht,RVTdxF,oVZHipgY,RVTdxF
oVZHipgY
ht
RVTdxF
RVTdxF
oVZHipgY,RVTdxF,RVTdxF,oVZHipgY,ht,RVTdxF,es,XhUx,XhUx
XhUx
XhUx
RVTdxF,RVTdxF,ht,RVTdxF,RVTdxF,XhUx,oVZHipgY,es,XhUx
oVZHipgY,RVTdxF,RVTdxF,oVZHipgY,RVTdxF,RVTdxF,ht,es,XhUx
RVTdxF,RVTdxF,RVTdxF,RVTdxF,ht,es,XhUx
XhUx
XhUx
RVTdxF,RVTdxF,RVTdxF,ht,es,XhUx,RVTdxF,RVTdxF
RVTdxF,RVTdxF,RVTdxF,ht,es,XhUx,RVTdxF,RVTdxF,ht
XhUx
RVTdxF,RVTdxF,RVTdxF,ht,es,XhUx,RVTdxF,RVTdxF,ht,RVTdxF,oVZHipgY
RVTdxF,RVTdxF,RVTdxF,ht,es,XhUx,RVTdxF,RVTdxF,ht,RVTdxF,oVZHipgY,RVTdxF
RVTdxF,RVTdxF,RVTdxF,es,XhUx,RVTdxF,RVTdxF,ht,RVTdxF,oVZHipgY,RVTdxF
RVTdxF,RVTdxF,RVTdxF,es,XhUx,RVTdxF,RVTdxF,ht,RVTdxF,oVZHipgY,RVTdxF
RVTdxF,RVTdxF,RVTdxF,es,XhUx,RVTdxF,RVTdxF,ht,RVTdxF,oVZHipgY,RVTdxF
XhUx
RVTdxF
RVTdxF,RVTdxF,RVTdxF,es,XhUx,RVTdxF,RVTdxF,ht,RVTdxF,oVZHipgY,RVTdxF,es
RVTdxF
Jedi Wagner, assuma o comando!