[vazia]
[vazia]
[vazia]
[vazia]
Toque! Toque, Dijê!
Toque! Toque, Dijê!
[vazia]
[vazia]
Toque! Toque, Dijê!
Ix
Ix
Ix
Ix
Ix
Ix
[vazia]
Toque! Toque, Dijê!
[vazia]
IUpgyfpu
[vazia]
Toque! Toque, Dijê!
[vazia]
IUpgyfpu,lZsdJLZO
IUpgyfpu,lZsdJLZO
IUpgyfpu,lZsdJLZO,rNlrm
IUpgyfpu,lZsdJLZO,rNlrm
IUpgyfpu
IUpgyfpu,lZsdJLZO
IUpgyfpu,lZsdJLZO,Hb
lZsdJLZO
lZsdJLZO,IUpgyfpu,Hb
lZsdJLZO
lZsdJLZO
lZsdJLZO
lZsdJLZO,IUpgyfpu,Hb,IUpgyfpu,Hb
lZsdJLZO
lZsdJLZO,IUpgyfpu,Hb,IUpgyfpu,Hb,lZsdJLZO
lZsdJLZO
lZsdJLZO,IUpgyfpu,Hb,IUpgyfpu,Hb,lZsdJLZO
IUpgyfpu,lZsdJLZO,Hb
lZsdJLZO
lZsdJLZO
lZsdJLZO
lZsdJLZO
lZsdJLZO
lZsdJLZO,IUpgyfpu,Hb,Hb
IUpgyfpu
IUpgyfpu
IUpgyfpu,lZsdJLZO,Hb,IfiSGB
IUpgyfpu
IUpgyfpu,lZsdJLZO,Hb,IfiSGB,Hb
IUpgyfpu
IUpgyfpu
IUpgyfpu
IUpgyfpu,lZsdJLZO,Ix
IUpgyfpu
IUpgyfpu,lZsdJLZO,Ix,IUpgyfpu
IUpgyfpu
IUpgyfpu,lZsdJLZO,Ix,IUpgyfpu,IfiSGB
IUpgyfpu
IUpgyfpu,lZsdJLZO,Ix,IUpgyfpu,IfiSGB,lZsdJLZO
IUpgyfpu,lZsdJLZO,Ix,IUpgyfpu,IfiSGB,lZsdJLZO
IUpgyfpu,lZsdJLZO,Ix,IUpgyfpu,IfiSGB,lZsdJLZO
lZsdJLZO
lZsdJLZO
lZsdJLZO
lZsdJLZO
Ix,lZsdJLZO,IUpgyfpu,IUpgyfpu,IfiSGB,lZsdJLZO,kzKNUwqFr
Ix,lZsdJLZO,IUpgyfpu,IUpgyfpu,IfiSGB,lZsdJLZO,kzKNUwqFr
Ix,lZsdJLZO,IUpgyfpu,IUpgyfpu,IfiSGB,lZsdJLZO,kzKNUwqFr
IUpgyfpu
lZsdJLZO,Ix,IUpgyfpu,IUpgyfpu,IfiSGB,lZsdJLZO,kzKNUwqFr,rNlrm,kzKNUwqFr,Hb
lZsdJLZO,Ix,IUpgyfpu,IUpgyfpu,IfiSGB,lZsdJLZO
IUpgyfpu
lZsdJLZO,Ix,IUpgyfpu,IUpgyfpu,IfiSGB,lZsdJLZO,kzKNUwqFr
lZsdJLZO,Ix,IUpgyfpu,IUpgyfpu,IfiSGB,lZsdJLZO,kzKNUwqFr,kzKNUwqFr
IUpgyfpu
lZsdJLZO,Ix,IUpgyfpu,IUpgyfpu,lZsdJLZO,kzKNUwqFr
lZsdJLZO,Ix,IUpgyfpu,IUpgyfpu,lZsdJLZO,kzKNUwqFr
IUpgyfpu
IUpgyfpu
IUpgyfpu
lZsdJLZO
kzKNUwqFr
lZsdJLZO,Ix,IUpgyfpu,IUpgyfpu,lZsdJLZO,kzKNUwqFr
kzKNUwqFr
lZsdJLZO,Ix,IUpgyfpu,IUpgyfpu,lZsdJLZO,kzKNUwqFr
kzKNUwqFr
lZsdJLZO,Ix,IUpgyfpu,IUpgyfpu,lZsdJLZO,kzKNUwqFr,VMRy
lZsdJLZO,Ix,IUpgyfpu,IUpgyfpu,lZsdJLZO,kzKNUwqFr
kzKNUwqFr
Jedi Wagner, assuma o comando!