kVX
[vazia]
Toque! Toque, Dijê!
Toque! Toque, Dijê!
LOuLFWkR
LOuLFWkR,LOuLFWkR,LOuLFWkR
LOuLFWkR,LOuLFWkR,GSZtwpMl
LOuLFWkR,LOuLFWkR,GSZtwpMl
LOuLFWkR
LOuLFWkR,LOuLFWkR,GSZtwpMl
LOuLFWkR,LOuLFWkR,kVX
LOuLFWkR
LOuLFWkR,kVX
kVX
LOuLFWkR,kVX
LOuLFWkR
LOuLFWkR,kVX,voGLgYvG
LOuLFWkR
LOuLFWkR,kVX
LOuLFWkR
kVX
kVX
LOuLFWkR,kVX,GSZtwpMl,kVX,voGLgYvG,voGLgYvG
kVX
LOuLFWkR,GSZtwpMl,kVX,kVX,voGLgYvG,voGLgYvG
LOuLFWkR,GSZtwpMl,voGLgYvG,voGLgYvG,GSZtwpMl,GSZtwpMl
kVX
LOuLFWkR,kVX,GSZtwpMl,kVX,voGLgYvG,LOuLFWkR
kVX
kVX
kVX
LOuLFWkR,kVX,kVX,voGLgYvG,LOuLFWkR,voGLgYvG,kVX
kVX
kVX
voGLgYvG
LOuLFWkR,kVX,voGLgYvG,kVX,LOuLFWkR,voGLgYvG,kVX
kVX,voGLgYvG,kVX,LOuLFWkR,voGLgYvG,kVX,voGLgYvG
kVX,kVX,LOuLFWkR,LOuLFWkR,voGLgYvG,kVX,voGLgYvG
kVX
LOuLFWkR,kVX,kVX,voGLgYvG,kVX,voGLgYvG,LOuLFWkR,kVX,GSZtwpMl
kVX
LOuLFWkR,kVX,voGLgYvG,kVX,kVX,voGLgYvG,LOuLFWkR,kVX,GSZtwpMl,kVX,LOuLFWkR
LOuLFWkR,kVX,voGLgYvG,kVX,kVX,voGLgYvG,LOuLFWkR,kVX,kVX,LOuLFWkR,voGLgYvG
voGLgYvG
voGLgYvG
voGLgYvG
LOuLFWkR,voGLgYvG,kVX,kVX,voGLgYvG,LOuLFWkR,kVX,kVX,LOuLFWkR,voGLgYvG
voGLgYvG
voGLgYvG
LOuLFWkR,voGLgYvG,kVX,kVX,voGLgYvG,LOuLFWkR,kVX,kVX,LOuLFWkR,voGLgYvG
LOuLFWkR,voGLgYvG,kVX,kVX,voGLgYvG,LOuLFWkR,kVX,kVX,LOuLFWkR,voGLgYvG
LOuLFWkR,voGLgYvG,kVX,kVX,voGLgYvG,LOuLFWkR,kVX,kVX,LOuLFWkR,voGLgYvG
voGLgYvG
kVX
kVX,voGLgYvG,kVX,kVX,voGLgYvG,LOuLFWkR,kVX,kVX,LOuLFWkR,voGLgYvG,kVX,GSZtwpMl,voGLgYvG,GSZtwpMl
kVX
LOuLFWkR,kVX,voGLgYvG,kVX,kVX,voGLgYvG,LOuLFWkR,kVX,kVX,LOuLFWkR,voGLgYvG,LOuLFWkR
kVX,kVX,kVX,voGLgYvG,LOuLFWkR,kVX,kVX,LOuLFWkR,voGLgYvG,voGLgYvG,kVX,voGLgYvG
kVX
kVX
kVX
kVX,kVX,LOuLFWkR,kVX,kVX,LOuLFWkR,voGLgYvG,kVX,voGLgYvG,kVX,GSZtwpMl
LOuLFWkR,kVX,voGLgYvG,kVX,kVX,voGLgYvG,LOuLFWkR,kVX,kVX,LOuLFWkR,voGLgYvG
kVX
voGLgYvG
voGLgYvG
LOuLFWkR,kVX,voGLgYvG,kVX,kVX,voGLgYvG,LOuLFWkR,kVX,kVX,LOuLFWkR,voGLgYvG
LOuLFWkR,kVX,voGLgYvG,kVX,kVX,voGLgYvG,LOuLFWkR,kVX,kVX,LOuLFWkR,voGLgYvG
LOuLFWkR,kVX,voGLgYvG,kVX,kVX,voGLgYvG,LOuLFWkR,kVX,kVX,LOuLFWkR,voGLgYvG
kVX
kVX
voGLgYvG
voGLgYvG
voGLgYvG
kVX,kVX,kVX,voGLgYvG,voGLgYvG,LOuLFWkR,kVX,kVX,LOuLFWkR,voGLgYvG,GSZtwpMl
kVX,kVX,kVX,voGLgYvG,voGLgYvG,LOuLFWkR,kVX,kVX,LOuLFWkR,voGLgYvG,GSZtwpMl
LOuLFWkR
kVX,kVX,kVX,voGLgYvG,voGLgYvG,LOuLFWkR,kVX,kVX,LOuLFWkR,voGLgYvG,GSZtwpMl
kVX
kVX
voGLgYvG
kVX,voGLgYvG,kVX,kVX,voGLgYvG,kVX,voGLgYvG,voGLgYvG,voGLgYvG
kVX,voGLgYvG,kVX,kVX,voGLgYvG,kVX,voGLgYvG,voGLgYvG,voGLgYvG
kVX
voGLgYvG,kVX,kVX,voGLgYvG,kVX,kVX,voGLgYvG,voGLgYvG,voGLgYvG
voGLgYvG,kVX,kVX,voGLgYvG,kVX,kVX,voGLgYvG,voGLgYvG,voGLgYvG,kVX,voGLgYvG
voGLgYvG,kVX,kVX,voGLgYvG,kVX,kVX,voGLgYvG,voGLgYvG,voGLgYvG,kVX
voGLgYvG
voGLgYvG
kVX
voGLgYvG,kVX,voGLgYvG,kVX,kVX,voGLgYvG,voGLgYvG,kVX,voGLgYvG,kVX,voGLgYvG
voGLgYvG,kVX,voGLgYvG,kVX,kVX,voGLgYvG,voGLgYvG,kVX,voGLgYvG,kVX,voGLgYvG
voGLgYvG,kVX,kVX,voGLgYvG,kVX,kVX,voGLgYvG,voGLgYvG,voGLgYvG,kVX
kVX,kVX,voGLgYvG,kVX,kVX,voGLgYvG,voGLgYvG,voGLgYvG,voGLgYvG,kVX,voGLgYvG
voGLgYvG
kVX
kVX
kVX,voGLgYvG,kVX,kVX,voGLgYvG,voGLgYvG,voGLgYvG,kVX,LOuLFWkR
kVX
kVX
kVX
kVX
kVX
kVX
voGLgYvG,voGLgYvG,voGLgYvG,voGLgYvG,kVX,kVX,kVX,kVX,LOuLFWkR,GSZtwpMl
voGLgYvG,voGLgYvG,voGLgYvG,voGLgYvG,kVX,kVX,kVX,kVX,LOuLFWkR,GSZtwpMl,GSZtwpMl
voGLgYvG,voGLgYvG,voGLgYvG,voGLgYvG,kVX,kVX,kVX,kVX,LOuLFWkR,GSZtwpMl,GSZtwpMl
voGLgYvG,voGLgYvG,voGLgYvG,kVX,kVX,kVX,kVX,LOuLFWkR,voGLgYvG,GSZtwpMl,LOuLFWkR
voGLgYvG
voGLgYvG,voGLgYvG,voGLgYvG,kVX,kVX,kVX,kVX,LOuLFWkR,voGLgYvG,GSZtwpMl,LOuLFWkR
voGLgYvG,voGLgYvG,voGLgYvG,kVX,kVX,kVX,kVX,LOuLFWkR,voGLgYvG,GSZtwpMl,LOuLFWkR
voGLgYvG,voGLgYvG,voGLgYvG,kVX,kVX,kVX,kVX,LOuLFWkR,voGLgYvG,LOuLFWkR
voGLgYvG,voGLgYvG,voGLgYvG,kVX,kVX,kVX,LOuLFWkR,voGLgYvG,LOuLFWkR
LOuLFWkR
voGLgYvG,voGLgYvG,voGLgYvG,voGLgYvG,kVX,kVX,kVX,kVX,LOuLFWkR,GSZtwpMl
LOuLFWkR
voGLgYvG
voGLgYvG
voGLgYvG,voGLgYvG,kVX,kVX,kVX,kVX,voGLgYvG,voGLgYvG,kVX,voGLgYvG,GSZtwpMl
voGLgYvG,voGLgYvG,kVX,kVX,kVX,kVX,voGLgYvG,voGLgYvG,kVX,voGLgYvG,GSZtwpMl
GSZtwpMl
voGLgYvG,voGLgYvG,voGLgYvG,kVX,kVX,kVX,LOuLFWkR,GSZtwpMl,kVX
GSZtwpMl
voGLgYvG,voGLgYvG,voGLgYvG,kVX,kVX,kVX,GSZtwpMl,kVX
voGLgYvG,kVX,kVX,kVX,kVX,GSZtwpMl,GSZtwpMl,voGLgYvG
kVX
kVX,kVX,kVX,kVX,GSZtwpMl,GSZtwpMl,voGLgYvG,voGLgYvG,LOuLFWkR
kVX,kVX,kVX,kVX,GSZtwpMl,GSZtwpMl,voGLgYvG,voGLgYvG,LOuLFWkR
voGLgYvG
voGLgYvG
kVX,kVX,GSZtwpMl,voGLgYvG,kVX,kVX,GSZtwpMl,voGLgYvG,LOuLFWkR,LOuLFWkR
kVX,kVX,GSZtwpMl,voGLgYvG,kVX,kVX,GSZtwpMl,voGLgYvG,LOuLFWkR,LOuLFWkR
voGLgYvG
kVX
kVX
kVX
kVX
kVX
voGLgYvG,voGLgYvG,kVX,kVX,kVX,GSZtwpMl
voGLgYvG,voGLgYvG,kVX,kVX,kVX,GSZtwpMl,kVX
GSZtwpMl
kVX
kVX
kVX
GSZtwpMl,kVX,kVX,kVX,voGLgYvG,voGLgYvG,LOuLFWkR,GSZtwpMl,GSZtwpMl
kVX
kVX
LOuLFWkR
kVX
GSZtwpMl,kVX,kVX,LOuLFWkR,kVX,voGLgYvG,voGLgYvG,GSZtwpMl,GSZtwpMl,voGLgYvG
kVX
kVX
LOuLFWkR
GSZtwpMl
GSZtwpMl,kVX,kVX,kVX,LOuLFWkR,voGLgYvG,voGLgYvG,GSZtwpMl,GSZtwpMl
GSZtwpMl,kVX,kVX,kVX,LOuLFWkR,voGLgYvG,GSZtwpMl,GSZtwpMl,voGLgYvG,GSZtwpMl
GSZtwpMl,kVX,kVX,kVX,LOuLFWkR,voGLgYvG,GSZtwpMl,GSZtwpMl,voGLgYvG,GSZtwpMl
GSZtwpMl
GSZtwpMl,kVX,kVX,kVX,voGLgYvG,GSZtwpMl,GSZtwpMl,voGLgYvG,GSZtwpMl,GSZtwpMl
GSZtwpMl,kVX,kVX,kVX,voGLgYvG,GSZtwpMl,GSZtwpMl,voGLgYvG,GSZtwpMl,GSZtwpMl,GSZtwpMl
GSZtwpMl
GSZtwpMl
kVX,kVX,kVX,voGLgYvG,voGLgYvG,GSZtwpMl,GSZtwpMl,GSZtwpMl,GSZtwpMl,GSZtwpMl,LOuLFWkR,voGLgYvG,GSZtwpMl
LOuLFWkR
LOuLFWkR
kVX,kVX,kVX,LOuLFWkR,GSZtwpMl,GSZtwpMl,GSZtwpMl,GSZtwpMl,voGLgYvG,GSZtwpMl,voGLgYvG
LOuLFWkR
kVX,kVX,kVX,GSZtwpMl,LOuLFWkR,voGLgYvG,GSZtwpMl,GSZtwpMl,GSZtwpMl,GSZtwpMl,GSZtwpMl,voGLgYvG,GSZtwpMl
kVX,kVX,kVX,voGLgYvG,voGLgYvG,GSZtwpMl,GSZtwpMl,GSZtwpMl,GSZtwpMl,GSZtwpMl,voGLgYvG,GSZtwpMl
GSZtwpMl
kVX,kVX,kVX,voGLgYvG,voGLgYvG,GSZtwpMl,GSZtwpMl,GSZtwpMl,GSZtwpMl,GSZtwpMl,LOuLFWkR,voGLgYvG,GSZtwpMl
GSZtwpMl
voGLgYvG
GSZtwpMl
kVX
kVX,kVX,voGLgYvG,GSZtwpMl,GSZtwpMl,GSZtwpMl,voGLgYvG,kVX,GSZtwpMl,GSZtwpMl,LOuLFWkR,voGLgYvG,GSZtwpMl,GSZtwpMl,GSZtwpMl
kVX
kVX
kVX
kVX,voGLgYvG,GSZtwpMl,GSZtwpMl,GSZtwpMl,voGLgYvG,kVX,kVX,GSZtwpMl,GSZtwpMl,LOuLFWkR,voGLgYvG,GSZtwpMl,GSZtwpMl,LOuLFWkR,voGLgYvG
kVX,GSZtwpMl,GSZtwpMl,GSZtwpMl,voGLgYvG,kVX,kVX,voGLgYvG,GSZtwpMl,GSZtwpMl,LOuLFWkR,voGLgYvG,GSZtwpMl,GSZtwpMl,LOuLFWkR,voGLgYvG,GSZtwpMl
GSZtwpMl,GSZtwpMl,voGLgYvG,LOuLFWkR,GSZtwpMl,voGLgYvG,GSZtwpMl,GSZtwpMl,voGLgYvG,GSZtwpMl,GSZtwpMl,LOuLFWkR,voGLgYvG,GSZtwpMl,GSZtwpMl,GSZtwpMl,voGLgYvG
GSZtwpMl
GSZtwpMl
GSZtwpMl,GSZtwpMl,voGLgYvG,LOuLFWkR,GSZtwpMl,voGLgYvG,GSZtwpMl,GSZtwpMl,voGLgYvG,GSZtwpMl,GSZtwpMl,LOuLFWkR,voGLgYvG,GSZtwpMl,GSZtwpMl,GSZtwpMl
GSZtwpMl
GSZtwpMl
voGLgYvG
GSZtwpMl,LOuLFWkR,GSZtwpMl,voGLgYvG,voGLgYvG,GSZtwpMl,GSZtwpMl,voGLgYvG,GSZtwpMl,GSZtwpMl,LOuLFWkR,voGLgYvG,GSZtwpMl,GSZtwpMl,GSZtwpMl,voGLgYvG,voGLgYvG
kVX
kVX,voGLgYvG,GSZtwpMl,GSZtwpMl,GSZtwpMl,voGLgYvG,kVX,kVX,GSZtwpMl,GSZtwpMl,LOuLFWkR,voGLgYvG,GSZtwpMl,GSZtwpMl,LOuLFWkR,voGLgYvG,kVX
kVX,voGLgYvG,GSZtwpMl,GSZtwpMl,GSZtwpMl,voGLgYvG,kVX,kVX,GSZtwpMl,GSZtwpMl,LOuLFWkR,voGLgYvG,GSZtwpMl,GSZtwpMl,LOuLFWkR,voGLgYvG,kVX
kVX
kVX,voGLgYvG,GSZtwpMl,GSZtwpMl,voGLgYvG,kVX,kVX,GSZtwpMl,GSZtwpMl,voGLgYvG,GSZtwpMl,GSZtwpMl,LOuLFWkR,voGLgYvG,kVX,LOuLFWkR
GSZtwpMl,GSZtwpMl,GSZtwpMl,voGLgYvG,kVX,kVX,GSZtwpMl,GSZtwpMl,voGLgYvG,GSZtwpMl,GSZtwpMl,LOuLFWkR,voGLgYvG,voGLgYvG
GSZtwpMl,GSZtwpMl,GSZtwpMl,voGLgYvG,kVX,kVX,GSZtwpMl,GSZtwpMl,voGLgYvG,GSZtwpMl,GSZtwpMl,LOuLFWkR,voGLgYvG,voGLgYvG
kVX
kVX,voGLgYvG,GSZtwpMl,GSZtwpMl,voGLgYvG,kVX,kVX,GSZtwpMl,GSZtwpMl,GSZtwpMl,LOuLFWkR,voGLgYvG,GSZtwpMl,GSZtwpMl,LOuLFWkR,voGLgYvG
GSZtwpMl
kVX,voGLgYvG,GSZtwpMl,GSZtwpMl,voGLgYvG,kVX,kVX,GSZtwpMl,GSZtwpMl,GSZtwpMl,voGLgYvG,GSZtwpMl,GSZtwpMl,LOuLFWkR,voGLgYvG
GSZtwpMl
kVX,voGLgYvG,GSZtwpMl,GSZtwpMl,voGLgYvG,kVX,kVX,GSZtwpMl,GSZtwpMl,GSZtwpMl,voGLgYvG,GSZtwpMl,GSZtwpMl,voGLgYvG,GSZtwpMl
GSZtwpMl
voGLgYvG,GSZtwpMl,GSZtwpMl,voGLgYvG,kVX,kVX,GSZtwpMl,GSZtwpMl,kVX,GSZtwpMl,voGLgYvG,GSZtwpMl,GSZtwpMl,voGLgYvG,GSZtwpMl,LOuLFWkR,LOuLFWkR
Jedi Wagner, assuma o comando!