Toque! Toque, Dijê!
X
X
X
X
X
X,XDhuiNQT
X,XDhuiNQT
XDhuiNQT,X
XDhuiNQT,bBPvQRuUKD
XDhuiNQT
XDhuiNQT
XDhuiNQT,XDhuiNQT
XDhuiNQT
X,XDhuiNQT
XDhuiNQT
XDhuiNQT
XDhuiNQT
XDhuiNQT,X
XDhuiNQT
X,XDhuiNQT
X,XDhuiNQT
X,XDhuiNQT
XDhuiNQT
X,XDhuiNQT,XDhuiNQT
X
X,XDhuiNQT,XDhuiNQT,X,X,bBPvQRuUKD
X
X
XDhuiNQT,XDhuiNQT,X,X,X,X,bBPvQRuUKD
X
bBPvQRuUKD
bBPvQRuUKD
X,XDhuiNQT,XDhuiNQT,X,X
X
X
XDhuiNQT,XDhuiNQT,X
X
XDhuiNQT,X,XDhuiNQT
XDhuiNQT,X,XDhuiNQT
XDhuiNQT,X,XDhuiNQT,X
XDhuiNQT,X,XDhuiNQT,X
XDhuiNQT,X,XDhuiNQT
XDhuiNQT
XDhuiNQT,X,X
XDhuiNQT,X,X
X,XDhuiNQT,X,X
X,XDhuiNQT,X,X
X
X
X
X
X,X,X,bBPvQRuUKD
X,X,X,bBPvQRuUKD
XDhuiNQT
XDhuiNQT
XDhuiNQT
XDhuiNQT
XDhuiNQT
X,XDhuiNQT,XDhuiNQT,XDhuiNQT,X
XDhuiNQT
X
X,XDhuiNQT,XDhuiNQT,XDhuiNQT,X
X,XDhuiNQT,XDhuiNQT,XDhuiNQT,X
X
XDhuiNQT,XDhuiNQT,XDhuiNQT,X
X,XDhuiNQT,XDhuiNQT,XDhuiNQT,X
X
X,XDhuiNQT,XDhuiNQT,bBPvQRuUKD,X,bBPvQRuUKD
X
X
bBPvQRuUKD
bBPvQRuUKD
X,XDhuiNQT,XDhuiNQT,XDhuiNQT,X,XDhuiNQT
X
X,XDhuiNQT,XDhuiNQT,XDhuiNQT,bBPvQRuUKD,X,XDhuiNQT,X
bBPvQRuUKD
X
X
X
X
X,XDhuiNQT,XDhuiNQT,XDhuiNQT,X,XDhuiNQT
X
X
XDhuiNQT
XDhuiNQT
XDhuiNQT
X
X
XDhuiNQT,X,XDhuiNQT,XDhuiNQT,X,X
X
X,XDhuiNQT,XDhuiNQT,X,X
X
X
X
X
X,XDhuiNQT,XDhuiNQT,X,X,bBPvQRuUKD,X
X,XDhuiNQT,XDhuiNQT,X,X,bBPvQRuUKD,X
X,XDhuiNQT,XDhuiNQT,X,X,bBPvQRuUKD,X
X,XDhuiNQT,XDhuiNQT,X,X,bBPvQRuUKD,X
X
X
X
X
X
X
X,X,X
X
X
X,X,X
X,X,X
X,X,X
X
X,X,bBPvQRuUKD
X
X
X
X,X,bBPvQRuUKD,XDhuiNQT
X,X,bBPvQRuUKD,XDhuiNQT
X
X
X,X,bBPvQRuUKD,XDhuiNQT,X
X
X
X,X,XDhuiNQT,X
XDhuiNQT
X,X,bBPvQRuUKD,X
X,X,bBPvQRuUKD,X,bBPvQRuUKD
X
X
X,bBPvQRuUKD,X
X
X
X,X
X
X,X
X
X,X,bBPvQRuUKD
X,X,bBPvQRuUKD
X,X,X
X,X
X
X,X,XDhuiNQT
X
bBPvQRuUKD,X,X,X
bBPvQRuUKD,X,X,X,bBPvQRuUKD
bBPvQRuUKD
bBPvQRuUKD
X,X,bBPvQRuUKD,X
X
X
X,bBPvQRuUKD,X
X,X,bBPvQRuUKD,X
X,X,bBPvQRuUKD,X
bBPvQRuUKD
bBPvQRuUKD
X,X,bBPvQRuUKD,X
bBPvQRuUKD
X,X,bBPvQRuUKD,X
X,bBPvQRuUKD,X,X
X,bBPvQRuUKD,X,X
X
X
X,bBPvQRuUKD,X,X
X
X
X
X,bBPvQRuUKD,X,X
X,X,X,X
X
X,X,X,X,XDhuiNQT
X
XDhuiNQT
X,X,X,X,XDhuiNQT,XDhuiNQT
X,X,X,X,XDhuiNQT
XDhuiNQT
X,X,X,X,XDhuiNQT
X,X,X,X,XDhuiNQT,bBPvQRuUKD
X,X,X,X,XDhuiNQT,bBPvQRuUKD,bBPvQRuUKD
X,X,X,X,XDhuiNQT,bBPvQRuUKD,bBPvQRuUKD
X,X,X,X,bBPvQRuUKD
X,X,X,bBPvQRuUKD,X
X,X,X,bBPvQRuUKD,X
bBPvQRuUKD
X,X,X,XDhuiNQT,XDhuiNQT
X,X,XDhuiNQT,XDhuiNQT,X
X,XDhuiNQT,X,XDhuiNQT,X,XDhuiNQT
X
X,XDhuiNQT,X,XDhuiNQT,X,XDhuiNQT,X,bBPvQRuUKD
X,X,XDhuiNQT,XDhuiNQT,X,XDhuiNQT,X,bBPvQRuUKD
X,X,XDhuiNQT,XDhuiNQT,X,XDhuiNQT,X,bBPvQRuUKD
X,X,XDhuiNQT,XDhuiNQT,X,XDhuiNQT,X,bBPvQRuUKD,X
X,X,XDhuiNQT,XDhuiNQT,X,XDhuiNQT,X,bBPvQRuUKD,X
X
XDhuiNQT
XDhuiNQT
XDhuiNQT
bBPvQRuUKD
XDhuiNQT
X,X,XDhuiNQT,X,XDhuiNQT,X,bBPvQRuUKD,X
X,X,bBPvQRuUKD,XDhuiNQT,X,XDhuiNQT,X,X
X,X,bBPvQRuUKD,XDhuiNQT,X,XDhuiNQT,X,X
X,X,XDhuiNQT,X,XDhuiNQT,X,bBPvQRuUKD,X
XDhuiNQT
X,X,XDhuiNQT,X,XDhuiNQT,X,bBPvQRuUKD,X
X,X,XDhuiNQT,X,XDhuiNQT,X,bBPvQRuUKD,X
XDhuiNQT
X,X,XDhuiNQT,X,XDhuiNQT,X,bBPvQRuUKD,X
X
X,XDhuiNQT,X,XDhuiNQT,X,X
X,XDhuiNQT,X,XDhuiNQT,X,X
X
X,XDhuiNQT,X,XDhuiNQT,X,X,bBPvQRuUKD
X,XDhuiNQT,X,XDhuiNQT,X,X,bBPvQRuUKD
X
XDhuiNQT,X,XDhuiNQT,X,X,bBPvQRuUKD,bBPvQRuUKD
X
X,bBPvQRuUKD,X,X
Jedi Wagner, assuma o comando!