Toque! Toque, Dijê!
Toque! Toque, Dijê!
gQ
gQ
gQ
gQ
gQ
gQ
gQ
gQ
Toque! Toque, Dijê!
gQ
gQ
gQ
gQ
gQ,lbWeeSLMN
lbWeeSLMN
gQ,lbWeeSLMN
lythUoNJY
lythUoNJY
gQ,lbWeeSLMN,lythUoNJY,lythUoNJY
gQ,lbWeeSLMN,lythUoNJY,lythUoNJY
gQ,lbWeeSLMN,lythUoNJY,lythUoNJY
lythUoNJY
lythUoNJY
gQ,lbWeeSLMN,lythUoNJY,lythUoNJY
lythUoNJY
lythUoNJY
lythUoNJY
lythUoNJY
lythUoNJY
lythUoNJY
lythUoNJY
gQ,lythUoNJY,Lwj,lythUoNJY
gQ,lbWeeSLMN,lythUoNJY,kIP
gQ,lbWeeSLMN,lythUoNJY,kIP,gQ
lythUoNJY
gQ,lbWeeSLMN,lythUoNJY,kIP,gQ
gQ,lbWeeSLMN,lythUoNJY,kIP,gQ,lbWeeSLMN
gQ,lbWeeSLMN,lythUoNJY,kIP,gQ,lbWeeSLMN,lythUoNJY
gQ,lythUoNJY,kIP,gQ,lbWeeSLMN,lythUoNJY
lbWeeSLMN
gQ,lythUoNJY,kIP,lbWeeSLMN,gQ,lythUoNJY,kIP,lbWeeSLMN
lbWeeSLMN
gQ,lythUoNJY,kIP,lbWeeSLMN,gQ,lythUoNJY,kIP,lbWeeSLMN
gQ
lbWeeSLMN,lythUoNJY,kIP,gQ,gQ,jvfsoxZy
lbWeeSLMN,lythUoNJY,kIP,gQ,gQ,jvfsoxZy
jvfsoxZy
jvfsoxZy
lythUoNJY,kIP,gQ,gQ,jvfsoxZy
jvfsoxZy
lythUoNJY,kIP,gQ,gQ,jvfsoxZy,gQ
lbWeeSLMN,lythUoNJY,kIP,gQ,gQ,jvfsoxZy
lbWeeSLMN,lythUoNJY,kIP,gQ,gQ,jvfsoxZy
lbWeeSLMN,lythUoNJY,kIP,gQ,gQ,jvfsoxZy
lbWeeSLMN,lythUoNJY,kIP,gQ,gQ,jvfsoxZy,lythUoNJY,lythUoNJY
lbWeeSLMN
lbWeeSLMN
lythUoNJY
lythUoNJY,kIP,gQ,gQ,lythUoNJY,lythUoNJY,gQ
lythUoNJY,gQ,gQ,lythUoNJY,kIP,lythUoNJY,gQ,Lwj,gQ
lythUoNJY,gQ,lythUoNJY,Lwj,gQ,kIP,lythUoNJY,gQ,gQ
lythUoNJY,gQ,lythUoNJY,Lwj,gQ,kIP,lythUoNJY,gQ,gQ
lythUoNJY,gQ,lythUoNJY,Lwj,gQ,kIP,lythUoNJY,gQ,gQ
Lwj
Lwj
Lwj
Lwj
gQ
gQ
lythUoNJY,lythUoNJY,Lwj,gQ,kIP,lythUoNJY,gQ,gQ
lythUoNJY,lythUoNJY,Lwj,gQ,kIP,lythUoNJY,gQ,gQ
gQ
gQ
gQ
lythUoNJY,lythUoNJY,Lwj,gQ,lythUoNJY,gQ,gQ
lythUoNJY,Lwj,gQ,lythUoNJY,lythUoNJY,gQ,gQ
gQ
lythUoNJY,lythUoNJY,Lwj,gQ,lythUoNJY,gQ,gQ,Lwj
lythUoNJY,lythUoNJY,gQ,lythUoNJY,gQ,gQ,kIP,Lwj,Lwj
Lwj
lythUoNJY,lythUoNJY,gQ,lythUoNJY,gQ,gQ,kIP,Lwj,Lwj
Lwj
lythUoNJY,lythUoNJY,gQ,lythUoNJY,gQ,gQ,kIP,Lwj,Lwj
lythUoNJY,lythUoNJY,gQ,lythUoNJY,gQ,gQ,kIP,Lwj,Lwj,lythUoNJY
gQ,lythUoNJY,gQ,gQ,kIP,Lwj,Lwj,lythUoNJY
gQ,lythUoNJY,gQ,gQ,kIP,Lwj,Lwj,lythUoNJY
gQ,lythUoNJY,gQ,gQ,kIP,Lwj,Lwj,lythUoNJY
lythUoNJY
gQ,lythUoNJY,gQ,gQ,kIP,Lwj,Lwj,lythUoNJY
lythUoNJY
gQ,gQ,gQ,Lwj,Lwj,lythUoNJY,kIP
kIP
gQ,gQ,gQ,Lwj,Lwj,lythUoNJY,kIP
gQ,gQ,gQ,Lwj,Lwj,lythUoNJY,kIP
lythUoNJY,lythUoNJY,gQ,lythUoNJY,gQ,gQ,kIP,Lwj,Lwj
lythUoNJY,lythUoNJY,gQ,lythUoNJY,gQ,gQ,Lwj,kIP,Lwj,Lwj
kIP
kIP
kIP
Lwj
Lwj
lythUoNJY,lythUoNJY,gQ,lythUoNJY,gQ,gQ,kIP,Lwj,Lwj,gQ,Lwj
lythUoNJY,lythUoNJY,gQ,lythUoNJY,gQ,gQ,kIP,Lwj,Lwj,gQ,Lwj
Lwj
lythUoNJY,lythUoNJY,lythUoNJY,gQ,gQ,kIP,Lwj,Lwj,gQ,Lwj
Lwj
Lwj
lythUoNJY,lythUoNJY,lythUoNJY,gQ,gQ,kIP,Lwj,Lwj,gQ,Lwj
lythUoNJY,lythUoNJY,lythUoNJY,gQ,gQ,kIP,Lwj,Lwj,gQ,Lwj
Lwj
Lwj
kIP
kIP
lythUoNJY,lythUoNJY,gQ,lythUoNJY,gQ,gQ,kIP,Lwj,Lwj,kIP,jvfsoxZy
lythUoNJY,lythUoNJY,gQ,lythUoNJY,gQ,gQ,kIP,Lwj,Lwj,kIP
lythUoNJY,lythUoNJY,gQ,lythUoNJY,gQ,gQ,kIP,Lwj,Lwj,kIP
kIP
lythUoNJY,lythUoNJY,gQ,lythUoNJY,gQ,gQ,Lwj,Lwj,kIP,kIP,lbWeeSLMN
kIP
lythUoNJY,lythUoNJY,gQ,lythUoNJY,gQ,gQ,Lwj,Lwj,kIP,lbWeeSLMN,kIP
lythUoNJY,lythUoNJY,gQ,lythUoNJY,gQ,gQ,Lwj,Lwj,kIP,lbWeeSLMN,kIP,kIP
kIP
kIP
kIP
kIP
lythUoNJY,lythUoNJY,gQ,lythUoNJY,gQ,gQ,Lwj,lbWeeSLMN,kIP,kIP,kIP
kIP
lythUoNJY,lythUoNJY,gQ,lythUoNJY,gQ,gQ,Lwj,Lwj,kIP,lbWeeSLMN,kIP,kIP
kIP
kIP
lythUoNJY,lythUoNJY,gQ,lythUoNJY,gQ,gQ,Lwj,Lwj,kIP,lbWeeSLMN,kIP,kIP
kIP
lythUoNJY,lythUoNJY,gQ,lythUoNJY,gQ,gQ,Lwj,Lwj,kIP,lbWeeSLMN,kIP,kIP
kIP
lythUoNJY,lythUoNJY,gQ,lythUoNJY,gQ,gQ,Lwj,Lwj,kIP,lbWeeSLMN,kIP,kIP,lythUoNJY,gQ
lythUoNJY,lythUoNJY,gQ,lythUoNJY,gQ,gQ,Lwj,Lwj,lbWeeSLMN,kIP,kIP,kIP,lythUoNJY,gQ
lythUoNJY,lythUoNJY,gQ,lythUoNJY,gQ,gQ,Lwj,Lwj,lbWeeSLMN,kIP,kIP,kIP,lythUoNJY,gQ
lythUoNJY,gQ,lythUoNJY,gQ,gQ,Lwj,Lwj,lbWeeSLMN,kIP,kIP,kIP,lythUoNJY,gQ,gQ
kIP
lythUoNJY,gQ,lythUoNJY,gQ,gQ,Lwj,Lwj,lbWeeSLMN,kIP,kIP,kIP,lythUoNJY,jvfsoxZy,gQ,gQ,lbWeeSLMN,kIP,gQ,kIP
lythUoNJY,gQ,lythUoNJY,gQ,gQ,Lwj,lbWeeSLMN,kIP,kIP,kIP,lythUoNJY,gQ,gQ,lbWeeSLMN,kIP
gQ
gQ
lythUoNJY,gQ,lythUoNJY,gQ,gQ,lbWeeSLMN,kIP,kIP,kIP,lythUoNJY,gQ,gQ,Lwj,lbWeeSLMN,kIP,Lwj,gQ
lythUoNJY,gQ,lythUoNJY,gQ,gQ,lbWeeSLMN,kIP,kIP,kIP,lythUoNJY,gQ,gQ,Lwj,lbWeeSLMN,kIP,Lwj,gQ
lythUoNJY,gQ,lythUoNJY,gQ,gQ,lbWeeSLMN,kIP,kIP,kIP,lythUoNJY,gQ,gQ,Lwj,lbWeeSLMN,kIP,Lwj
Lwj
Lwj
lythUoNJY,gQ,lythUoNJY,gQ,gQ,lbWeeSLMN,kIP,kIP,lythUoNJY,gQ,gQ,Lwj,lbWeeSLMN,kIP,Lwj,lythUoNJY
lythUoNJY,gQ,lythUoNJY,gQ,gQ,lbWeeSLMN,kIP,kIP,lythUoNJY,gQ,gQ,Lwj,lbWeeSLMN,kIP,Lwj,lythUoNJY
lythUoNJY,gQ,lythUoNJY,gQ,gQ,lbWeeSLMN,kIP,kIP,lythUoNJY,gQ,gQ,Lwj,lbWeeSLMN,kIP,Lwj,lythUoNJY
Lwj
lythUoNJY,lythUoNJY,gQ,gQ,lbWeeSLMN,kIP,kIP,kIP,lythUoNJY,gQ,gQ,Lwj,lbWeeSLMN,kIP,Lwj,lythUoNJY
lythUoNJY,lythUoNJY,gQ,lbWeeSLMN,kIP,kIP,kIP,lythUoNJY,gQ,gQ,Lwj,gQ,lbWeeSLMN,kIP,Lwj,lythUoNJY,jvfsoxZy
lythUoNJY,lythUoNJY,gQ,lbWeeSLMN,kIP,kIP,kIP,lythUoNJY,gQ,gQ,Lwj,gQ,lbWeeSLMN,kIP,Lwj,lythUoNJY,jvfsoxZy
lythUoNJY,lythUoNJY,gQ,lbWeeSLMN,kIP,kIP,kIP,lythUoNJY,gQ,gQ,Lwj,gQ,lbWeeSLMN,kIP,Lwj,lythUoNJY,jvfsoxZy
lythUoNJY,gQ,lythUoNJY,gQ,gQ,lbWeeSLMN,kIP,kIP,kIP,lythUoNJY,gQ,gQ,Lwj,lbWeeSLMN,kIP,Lwj
Lwj
lythUoNJY,gQ,lythUoNJY,gQ,gQ,lbWeeSLMN,kIP,kIP,kIP,lythUoNJY,gQ,gQ,Lwj,lbWeeSLMN,kIP,Lwj,lbWeeSLMN
Lwj
lythUoNJY,gQ,lythUoNJY,gQ,gQ,lbWeeSLMN,kIP,kIP,kIP,lythUoNJY,gQ,gQ,Lwj,lbWeeSLMN,kIP,Lwj,lbWeeSLMN,jvfsoxZy
Lwj
lythUoNJY,gQ,lythUoNJY,gQ,gQ,lbWeeSLMN,kIP,kIP,lythUoNJY,gQ,gQ,Lwj,kIP,lbWeeSLMN,kIP,Lwj,lbWeeSLMN,jvfsoxZy
kIP
gQ,lythUoNJY,gQ,gQ,lbWeeSLMN,kIP,kIP,lythUoNJY,gQ,gQ,Lwj,kIP,lythUoNJY,lbWeeSLMN,kIP,Lwj,lbWeeSLMN,jvfsoxZy,lythUoNJY,lythUoNJY,kIP
gQ,gQ,gQ,lbWeeSLMN,kIP,kIP,lythUoNJY,gQ,gQ,Lwj,kIP,lythUoNJY,lythUoNJY,lbWeeSLMN,kIP,Lwj,lbWeeSLMN,lythUoNJY,lythUoNJY,kIP,kIP,Lwj,kIP
gQ,gQ,gQ,lbWeeSLMN,kIP,kIP,lythUoNJY,gQ,gQ,Lwj,kIP,lythUoNJY,lythUoNJY,lbWeeSLMN,kIP,Lwj,lbWeeSLMN,lythUoNJY,lythUoNJY,kIP,kIP,Lwj,kIP
gQ,gQ,gQ,lbWeeSLMN,kIP,kIP,lythUoNJY,gQ,gQ,kIP,lythUoNJY,Lwj,lythUoNJY,lbWeeSLMN,kIP,Lwj,lbWeeSLMN,lythUoNJY,lythUoNJY,kIP,kIP,Lwj,kIP
lythUoNJY
gQ,gQ,gQ,lbWeeSLMN,kIP,kIP,lythUoNJY,gQ,gQ,Lwj,kIP,lythUoNJY,lythUoNJY,lbWeeSLMN,kIP,Lwj,lbWeeSLMN,lythUoNJY,lythUoNJY,kIP,kIP,Lwj
lythUoNJY
lythUoNJY
gQ,gQ,gQ,lbWeeSLMN,kIP,kIP,lythUoNJY,gQ,gQ,Lwj,kIP,lythUoNJY,lythUoNJY,lbWeeSLMN,kIP,Lwj,lbWeeSLMN,lythUoNJY,lythUoNJY,kIP,kIP,Lwj,Lwj
gQ,gQ,gQ,lbWeeSLMN,kIP,lythUoNJY,gQ,gQ,kIP,lythUoNJY,kIP,lythUoNJY,lbWeeSLMN,kIP,Lwj,lbWeeSLMN,lythUoNJY,lythUoNJY,kIP,kIP,Lwj,Lwj,lbWeeSLMN,Lwj
gQ,gQ,gQ,lbWeeSLMN,kIP,lythUoNJY,gQ,gQ,kIP,lythUoNJY,kIP,lythUoNJY,lbWeeSLMN,kIP,Lwj,lbWeeSLMN,lythUoNJY,lythUoNJY,kIP,kIP,Lwj,Lwj,lbWeeSLMN,Lwj
gQ,gQ,lbWeeSLMN,kIP,kIP,lythUoNJY,gQ,gQ,kIP,lythUoNJY,Lwj,lythUoNJY,lbWeeSLMN,kIP,Lwj,lbWeeSLMN,lythUoNJY,lythUoNJY,kIP,kIP,Lwj
gQ,gQ,lbWeeSLMN,kIP,kIP,lythUoNJY,gQ,gQ,kIP,lythUoNJY,Lwj,lythUoNJY,lbWeeSLMN,kIP,Lwj,lbWeeSLMN,lythUoNJY,lythUoNJY,kIP,kIP,Lwj
lythUoNJY
gQ,kIP,kIP,gQ,gQ,kIP,lythUoNJY,lythUoNJY,lythUoNJY,lbWeeSLMN,lbWeeSLMN,kIP,Lwj,lbWeeSLMN,lythUoNJY,lythUoNJY,kIP,kIP,Lwj,lbWeeSLMN,jvfsoxZy,kIP
gQ,lbWeeSLMN,kIP,kIP,lythUoNJY,gQ,gQ,kIP,lythUoNJY,Lwj,lythUoNJY,lbWeeSLMN,kIP,Lwj,lbWeeSLMN,lythUoNJY,lythUoNJY,kIP,kIP,Lwj,lbWeeSLMN
lythUoNJY
gQ,lbWeeSLMN,kIP,kIP,lythUoNJY,gQ,gQ,kIP,lythUoNJY,Lwj,lythUoNJY,lbWeeSLMN,kIP,Lwj,lbWeeSLMN,lythUoNJY,lythUoNJY,kIP,kIP,Lwj,lbWeeSLMN,Lwj,lbWeeSLMN
lythUoNJY
gQ,lbWeeSLMN,kIP,kIP,lythUoNJY,gQ,gQ,kIP,lythUoNJY,Lwj,lythUoNJY,lbWeeSLMN,kIP,Lwj,lbWeeSLMN,lythUoNJY,lythUoNJY,kIP,kIP,Lwj,lbWeeSLMN,Lwj,lbWeeSLMN
lythUoNJY
lythUoNJY
lbWeeSLMN
lbWeeSLMN
Lwj
kIP
lythUoNJY,gQ,lythUoNJY,lythUoNJY,lbWeeSLMN,kIP,Lwj,kIP,lbWeeSLMN,kIP,Lwj,lbWeeSLMN,lythUoNJY,lythUoNJY,kIP,kIP,Lwj,lbWeeSLMN,Lwj,lbWeeSLMN,lbWeeSLMN,lythUoNJY
kIP
lbWeeSLMN
lbWeeSLMN
lbWeeSLMN
lbWeeSLMN
lbWeeSLMN
lbWeeSLMN
lythUoNJY,gQ,lythUoNJY,lythUoNJY,Lwj,lbWeeSLMN,kIP,kIP,lbWeeSLMN,Lwj,lbWeeSLMN,lythUoNJY,lythUoNJY,kIP,kIP,Lwj,lbWeeSLMN,Lwj,lbWeeSLMN,lbWeeSLMN,lythUoNJY,gQ,lbWeeSLMN
lythUoNJY,gQ,lythUoNJY,lythUoNJY,lbWeeSLMN,Lwj,lbWeeSLMN,kIP,kIP,Lwj,lbWeeSLMN,lythUoNJY,lythUoNJY,kIP,kIP,Lwj,lbWeeSLMN,Lwj,lbWeeSLMN,lbWeeSLMN,lythUoNJY,gQ,lbWeeSLMN
kIP
kIP
gQ,lythUoNJY,lythUoNJY,lbWeeSLMN,lbWeeSLMN,kIP,kIP,Lwj,Lwj,lbWeeSLMN,lythUoNJY,lythUoNJY,kIP,kIP,Lwj,lbWeeSLMN,Lwj,lbWeeSLMN,lbWeeSLMN,lythUoNJY,gQ,lbWeeSLMN
Lwj
gQ,lythUoNJY,lythUoNJY,lbWeeSLMN,kIP,kIP,Lwj,Lwj,lbWeeSLMN,lythUoNJY,lythUoNJY,kIP,kIP,Lwj,lbWeeSLMN,Lwj,lbWeeSLMN,lbWeeSLMN,lythUoNJY,gQ,lbWeeSLMN
Lwj
gQ,lythUoNJY,lythUoNJY,lbWeeSLMN,kIP,kIP,Lwj,Lwj,lbWeeSLMN,lythUoNJY,lythUoNJY,kIP,kIP,Lwj,lbWeeSLMN,Lwj,lbWeeSLMN,lbWeeSLMN,lythUoNJY,gQ,lbWeeSLMN,lythUoNJY,lbWeeSLMN
lbWeeSLMN
gQ,lythUoNJY,lythUoNJY,Lwj,kIP,lbWeeSLMN,kIP,lythUoNJY,lythUoNJY,kIP,kIP,Lwj,lbWeeSLMN,Lwj,lbWeeSLMN,lbWeeSLMN,lythUoNJY,gQ,lbWeeSLMN,lythUoNJY,lbWeeSLMN,lbWeeSLMN
kIP
gQ,lythUoNJY,lythUoNJY,Lwj,kIP,lbWeeSLMN,kIP,lythUoNJY,lythUoNJY,kIP,kIP,Lwj,lbWeeSLMN,Lwj,lbWeeSLMN,lbWeeSLMN,lythUoNJY,gQ,lbWeeSLMN,lythUoNJY,lbWeeSLMN,lbWeeSLMN
Jedi Wagner, assuma o comando!