[vazia]
[vazia]
[vazia]
[vazia]
cT
cT
cT
cT
cT
bOgqABPqZr
cT,bOgqABPqZr
bOgqABPqZr
bOgqABPqZr
bOgqABPqZr
cT
cT
bOgqABPqZr,cT
bOgqABPqZr,cT
bOgqABPqZr
bOgqABPqZr,k
bOgqABPqZr
bOgqABPqZr,k
bOgqABPqZr
bOgqABPqZr
bOgqABPqZr
bOgqABPqZr,bOgqABPqZr
bOgqABPqZr,bOgqABPqZr,cT
bOgqABPqZr
bOgqABPqZr
bOgqABPqZr
bOgqABPqZr
bOgqABPqZr
bOgqABPqZr
bOgqABPqZr
bOgqABPqZr
bOgqABPqZr
bOgqABPqZr
cT
cT
cT
cT
cT,bOgqABPqZr,bOgqABPqZr
bOgqABPqZr
bOgqABPqZr
bOgqABPqZr
cT
cT
cT
bOgqABPqZr,cT,k,bOgqABPqZr
cT
bOgqABPqZr,cT,k,bOgqABPqZr,bOgqABPqZr
cT
bOgqABPqZr,cT,k,bOgqABPqZr,bOgqABPqZr,cT
k
k
bOgqABPqZr,k,cT,bOgqABPqZr,bOgqABPqZr
k
cT
bOgqABPqZr,cT,k,bOgqABPqZr,bOgqABPqZr
k
k
bOgqABPqZr,k,cT,bOgqABPqZr,bOgqABPqZr
k
k
bOgqABPqZr,k,cT,bOgqABPqZr,bOgqABPqZr
cT
bOgqABPqZr,k,cT,bOgqABPqZr,bOgqABPqZr
bOgqABPqZr,k,cT,bOgqABPqZr,bOgqABPqZr
cT
k
k
k
cT,bOgqABPqZr,k,bOgqABPqZr,bOgqABPqZr
cT,bOgqABPqZr,k,bOgqABPqZr,bOgqABPqZr
cT,bOgqABPqZr,k,bOgqABPqZr,bOgqABPqZr
cT
bOgqABPqZr,bOgqABPqZr,bOgqABPqZr,cT
cT
bOgqABPqZr
bOgqABPqZr
bOgqABPqZr,bOgqABPqZr,bOgqABPqZr,k
bOgqABPqZr,bOgqABPqZr,bOgqABPqZr,k
bOgqABPqZr,bOgqABPqZr,bOgqABPqZr,k,k
bOgqABPqZr
bOgqABPqZr
bOgqABPqZr
bOgqABPqZr
bOgqABPqZr
bOgqABPqZr
k,bOgqABPqZr,bOgqABPqZr,bOgqABPqZr,k,k,k
bOgqABPqZr,bOgqABPqZr,bOgqABPqZr,k,k,bOgqABPqZr
bOgqABPqZr
bOgqABPqZr,bOgqABPqZr,bOgqABPqZr,k,k,bOgqABPqZr
bOgqABPqZr
bOgqABPqZr
bOgqABPqZr
bOgqABPqZr
bOgqABPqZr
k,bOgqABPqZr,bOgqABPqZr,k,k,bOgqABPqZr,k,k,k
k,bOgqABPqZr,bOgqABPqZr,k,k,bOgqABPqZr,k,k,k
k,bOgqABPqZr,bOgqABPqZr,k,k,bOgqABPqZr,k,k,k
bOgqABPqZr
bOgqABPqZr
k,bOgqABPqZr,bOgqABPqZr,bOgqABPqZr,k,k
k,bOgqABPqZr,bOgqABPqZr,bOgqABPqZr,k,k
Jedi Wagner, assuma o comando!