Toque! Toque, Dijê!
Toque! Toque, Dijê!
Flgik
Flgik
Toque! Toque, Dijê!
Flgik,VQ,OrDem
Flgik
Flgik,VQ,OrDem
OrDem
OrDem
PGPf
PGPf,OrDem,Flgik,VQ,XGbrQBqqf
PGPf,OrDem,Flgik,VQ
OrDem,Flgik,VQ,XGbrQBqqf
OrDem
Flgik
Flgik
OrDem,Flgik,VQ
Flgik
OrDem,Flgik,VQ,PzGAnCtXi
Flgik,OrDem,VQ,PzGAnCtXi,OrDem
OrDem
OrDem
Flgik,OrDem,VQ,PzGAnCtXi,OrDem,PGPf
OrDem
OrDem
OrDem
PGPf
Flgik,OrDem,PGPf,PzGAnCtXi,OrDem,XGbrQBqqf
PzGAnCtXi
Flgik,OrDem,PGPf,PzGAnCtXi,OrDem,XGbrQBqqf
OrDem,PGPf,PzGAnCtXi,Flgik,OrDem,XGbrQBqqf
OrDem,PGPf,PzGAnCtXi,Flgik,OrDem,XGbrQBqqf
OrDem,PGPf,PzGAnCtXi,Flgik,OrDem,XGbrQBqqf,PzGAnCtXi
OrDem,PGPf,PzGAnCtXi,Flgik,OrDem,XGbrQBqqf
XGbrQBqqf
OrDem
OrDem
PzGAnCtXi
OrDem,PGPf,PzGAnCtXi,Flgik,OrDem,XGbrQBqqf,PGPf,Flgik,OrDem
Flgik
Flgik
OrDem,PGPf,PzGAnCtXi,Flgik,OrDem,XGbrQBqqf,PGPf,Flgik,OrDem
Flgik
OrDem
PGPf,PzGAnCtXi,Flgik,OrDem,OrDem,XGbrQBqqf,PGPf,Flgik,OrDem
PGPf,PzGAnCtXi,Flgik,OrDem,OrDem,XGbrQBqqf,PGPf,Flgik,OrDem
PGPf,PzGAnCtXi,Flgik,OrDem,OrDem,XGbrQBqqf,PGPf,Flgik,OrDem
PGPf,Flgik,OrDem,PzGAnCtXi,OrDem,XGbrQBqqf,PGPf,Flgik,OrDem
OrDem
PGPf,Flgik,OrDem,PzGAnCtXi,OrDem,XGbrQBqqf,PGPf,Flgik,OrDem
PGPf,Flgik,OrDem,OrDem,XGbrQBqqf,PGPf,Flgik,OrDem,OrDem,OrDem
OrDem
PGPf,Flgik,OrDem,OrDem,XGbrQBqqf,PGPf,Flgik,OrDem,OrDem,OrDem,PzGAnCtXi
PGPf,Flgik,OrDem,OrDem,XGbrQBqqf,PGPf,Flgik,OrDem,OrDem,OrDem,PzGAnCtXi
OrDem
PGPf,Flgik,OrDem,OrDem,PGPf,Flgik,OrDem,OrDem,OrDem,PzGAnCtXi
OrDem
PGPf,Flgik,OrDem,OrDem,PGPf,Flgik,OrDem,OrDem,OrDem
Flgik
OrDem
Flgik,OrDem,OrDem,PGPf,Flgik,OrDem,OrDem,OrDem
Flgik,OrDem,OrDem,PGPf,Flgik,OrDem,OrDem,OrDem
OrDem
Flgik,OrDem,OrDem,PGPf,Flgik,OrDem,OrDem,OrDem,XGbrQBqqf,Aaiy,Flgik
OrDem
OrDem
OrDem
OrDem
Flgik,OrDem,OrDem,PGPf,Flgik,OrDem,OrDem,OrDem,Flgik,PzGAnCtXi,Flgik
OrDem
Flgik
OrDem
Flgik,OrDem,OrDem,Flgik,OrDem,OrDem,OrDem,Flgik,PzGAnCtXi,Flgik,PGPf,Aaiy,Flgik,OrDem
Flgik,OrDem,OrDem,Flgik,OrDem,OrDem,OrDem,Flgik,PzGAnCtXi,Flgik,PGPf,Aaiy,Flgik,OrDem
Flgik,OrDem,OrDem,Flgik,OrDem,OrDem,OrDem,Flgik,PzGAnCtXi,Flgik,PGPf,Flgik,OrDem
Flgik
Flgik
Flgik
Flgik,OrDem,OrDem,Flgik,OrDem,OrDem,OrDem,Flgik,PzGAnCtXi,Flgik,PGPf,Flgik,OrDem,PGPf,XGbrQBqqf
Flgik
Flgik
Flgik
Flgik
Flgik,OrDem,OrDem,Flgik,OrDem,OrDem,OrDem,Flgik,PzGAnCtXi,Flgik,Flgik,OrDem,PGPf,XGbrQBqqf
Flgik
OrDem,OrDem,Flgik,OrDem,OrDem,OrDem,Flgik,Flgik,Flgik,Flgik,OrDem,PGPf,VQ
OrDem,OrDem,Flgik,OrDem,OrDem,OrDem,Flgik,Flgik,Flgik,Flgik,OrDem,PGPf,VQ
OrDem,OrDem,Flgik,OrDem,OrDem,OrDem,Flgik,Flgik,Flgik,Flgik,OrDem,PGPf,VQ
Flgik
Flgik
OrDem,OrDem,Flgik,OrDem,OrDem,OrDem,Flgik,Flgik,Flgik,Flgik,OrDem,PGPf,VQ,XGbrQBqqf
OrDem,OrDem,OrDem,OrDem,OrDem,Flgik,Flgik,Flgik,Flgik,OrDem,VQ,XGbrQBqqf,XGbrQBqqf
OrDem,OrDem,Flgik,OrDem,OrDem,OrDem,Flgik,Flgik,Flgik,Flgik,OrDem,PGPf,VQ
OrDem,OrDem,Flgik,OrDem,OrDem,OrDem,Flgik,Flgik,Flgik,Flgik,OrDem,PGPf,VQ
Flgik
Flgik
OrDem,OrDem,OrDem,OrDem,OrDem,Flgik,Flgik,Flgik,Flgik,OrDem,VQ
Flgik
VQ
OrDem,OrDem,OrDem,OrDem,OrDem,Flgik,Flgik,Flgik,Flgik,OrDem,VQ
OrDem,OrDem,OrDem,OrDem,OrDem,Flgik,Flgik,Flgik,Flgik,OrDem,VQ
OrDem
OrDem
OrDem
OrDem
OrDem,OrDem,OrDem,OrDem,OrDem,Flgik,Flgik,Flgik,Flgik,OrDem,VQ
OrDem,OrDem,OrDem,OrDem,OrDem,Flgik,Flgik,Flgik,Flgik,OrDem,VQ,OrDem
OrDem
OrDem,OrDem,OrDem,OrDem,OrDem,Flgik,Flgik,Flgik,Flgik,OrDem,VQ
OrDem,OrDem,OrDem,OrDem,OrDem,Flgik,Flgik,Flgik,Flgik,OrDem,VQ
OrDem,OrDem,VQ,OrDem,OrDem,OrDem,Flgik,Flgik,Flgik,Flgik,OrDem,XGbrQBqqf,VQ
OrDem,VQ,OrDem,OrDem,OrDem,OrDem,Flgik,Flgik,Flgik,Flgik,OrDem,XGbrQBqqf,VQ
OrDem,VQ,OrDem,OrDem,OrDem,XGbrQBqqf,OrDem,Flgik,Flgik,Flgik,Flgik,OrDem,VQ
XGbrQBqqf
Jedi Wagner, assuma o comando!