[vazia]
[vazia]
Toque! Toque, Dijê!
[vazia]
Toque! Toque, Dijê!
[vazia]
[vazia]
Toque! Toque, Dijê!
ctoQmHbZd,gFw,fiXdFUld
ctoQmHbZd,gFw
ctoQmHbZd,gFw
ctoQmHbZd
Toque! Toque, Dijê!
[vazia]
[vazia]
Toque! Toque, Dijê!
Toque! Toque, Dijê!
[vazia]
v
v
v
v
[vazia]
[vazia]
[vazia]
Toque! Toque, Dijê!
gFw
gFw
gFw
gFw
gFw
gFw
gFw
gFw
gFw
gFw
gFw
gFw
gFw
gFw
gFw
gFw
gFw
gFw
gFw
gFw
gFw,n,be
n
gFw,be,n
be,n
be,n,bG
be
be
be
be
be,n,bG
bG
fiXdFUld
n
be,n,bG
be,n,bG,n
n
n
be,n,bG,fiXdFUld
be,n,bG,fiXdFUld
be,n,bG,fiXdFUld
be,n,bG,fiXdFUld
n
be,n,bG,fiXdFUld
be,n,bG,fiXdFUld
be,n,bG,fiXdFUld
be,n,bG,fiXdFUld,v
be,n,bG,fiXdFUld,v
bG
bG
be,n,bG,v,fiXdFUld,ekzM
be,n,v,bG,fiXdFUld,ekzM,bpziNfE,fiXdFUld,be
be,n,v,bG,fiXdFUld,ekzM,bpziNfE,fiXdFUld,be
be,n,bG,v,fiXdFUld,ekzM
be,n,bG,v,fiXdFUld,ekzM
be,n,bG,v,fiXdFUld,ekzM
v
v
v
be,n,bG,v,fiXdFUld,ekzM,bpziNfE
v
be,n,bG,v,fiXdFUld,ekzM,bpziNfE
v
be,n,bG,v,bpziNfE,fiXdFUld,ctoQmHbZd
be,n,bG,v,bpziNfE,fiXdFUld
be,n,bG,v,fiXdFUld,bpziNfE
be,n,bG,v,fiXdFUld,bpziNfE
be,n,v,bG,fiXdFUld,bpziNfE
n,v,bG,be,fiXdFUld,bpziNfE
be
n,v,bG,be,fiXdFUld,bpziNfE
n,v,bG,be,fiXdFUld,bpziNfE
n,v,be,bG,fiXdFUld,bpziNfE
bG
n,v,be,bG,bpziNfE
n,v,be,bG,bpziNfE
n,v,be,bG,fiXdFUld,bpziNfE
fiXdFUld
be,n,bG,v,fiXdFUld,ekzM,fiXdFUld
be
n,bG,v,be,gFw,fiXdFUld,ekzM,fiXdFUld,v
n,bG,gFw,fiXdFUld,ekzM,fiXdFUld,v
gFw
n,bG,v,be,gFw,fiXdFUld,ekzM,fiXdFUld,v
gFw
n,bG,v,be,gFw,fiXdFUld,ekzM,fiXdFUld,v
bG
be
be,ekzM,fiXdFUld,bG,v
be,ekzM,bG,fiXdFUld,v,ekzM,n,n
fiXdFUld
be,ekzM,bG,fiXdFUld,v,ekzM,n,n
be,ekzM,bG,fiXdFUld,v,ekzM,n,n
bG
be,ekzM,bG,fiXdFUld,v,ekzM,n,n
be,ekzM,bG,fiXdFUld,v,ekzM,n,n
bG
bG
be,ekzM,n,bG,fiXdFUld,v,ekzM,n
n
be,ekzM,n,bG,fiXdFUld,v,ekzM,n
n
bG
ekzM,n,bG,fiXdFUld,v,ekzM,n
ekzM,n,bG,fiXdFUld,ekzM,n,n,fiXdFUld
ekzM,n,bG,fiXdFUld,ekzM,n,n,fiXdFUld
ekzM,n,bG,fiXdFUld,ekzM,n,n,fiXdFUld
ekzM,n,bG,fiXdFUld,ekzM,n,n,fiXdFUld,ctoQmHbZd,gFw
fiXdFUld
ekzM,n,bG,fiXdFUld,ekzM,n,n,fiXdFUld,ctoQmHbZd,gFw
fiXdFUld
fiXdFUld
fiXdFUld
ekzM,n,bG,fiXdFUld,ekzM,n,n,fiXdFUld
ekzM,n,bG,fiXdFUld,ekzM,n,n,fiXdFUld,gFw,bpziNfE
bG,fiXdFUld,ekzM,n,n,ekzM,n,fiXdFUld,gFw
bG,fiXdFUld,ekzM,n,n,ekzM,n,fiXdFUld,gFw
ekzM,n,bG,fiXdFUld,ekzM,n,n,fiXdFUld,gFw,bpziNfE
n
ekzM,n,bG,fiXdFUld,ekzM,n,n,fiXdFUld,gFw,bpziNfE
n
n
n,bG,fiXdFUld,ekzM,n,n,ekzM,fiXdFUld,gFw,bpziNfE,be
fiXdFUld
fiXdFUld
fiXdFUld
fiXdFUld
n,fiXdFUld,ekzM,n,n,ekzM,fiXdFUld,gFw,bpziNfE,be,ekzM
fiXdFUld
n,bG,fiXdFUld,ekzM,n,n,ekzM,fiXdFUld,gFw,be,bG,fiXdFUld
fiXdFUld
fiXdFUld
be
n,bG,fiXdFUld,ekzM,n,n,ekzM,fiXdFUld,be,bG,fiXdFUld,v,ctoQmHbZd
n,bG,fiXdFUld,ekzM,n,n,ekzM,fiXdFUld,be,bG,fiXdFUld,v,fiXdFUld
n,bG,fiXdFUld,ekzM,n,n,ekzM,fiXdFUld,be,bG,fiXdFUld,v,fiXdFUld
be
be
bG
bG
bG
bG
bG
bpziNfE
bG,fiXdFUld,ekzM,n,n,ekzM,fiXdFUld,be,bG,fiXdFUld,v,bpziNfE,fiXdFUld,ctoQmHbZd,be
bG
bG
bG
bG,fiXdFUld,ekzM,n,n,ekzM,fiXdFUld,be,bG,fiXdFUld,v,bpziNfE,fiXdFUld,ctoQmHbZd,fiXdFUld,ekzM,bpziNfE
bG,fiXdFUld,ekzM,n,n,ekzM,fiXdFUld,be,bG,fiXdFUld,v,bpziNfE,fiXdFUld,ctoQmHbZd,fiXdFUld,ekzM,bpziNfE
bG,fiXdFUld,ekzM,n,n,ekzM,fiXdFUld,be,bG,fiXdFUld,v,bpziNfE,fiXdFUld,ctoQmHbZd,fiXdFUld,ekzM,bpziNfE
bG,fiXdFUld,ekzM,n,n,ekzM,fiXdFUld,be,bG,fiXdFUld,v,bpziNfE,fiXdFUld
be
bG,fiXdFUld,ekzM,ekzM,fiXdFUld,bG,be,n,fiXdFUld,v,bpziNfE,fiXdFUld
bG,fiXdFUld,ekzM,ekzM,fiXdFUld,bG,be,n,fiXdFUld,v,bpziNfE,fiXdFUld,ekzM
n
n,bG,fiXdFUld,ekzM,n,n,ekzM,fiXdFUld,be,bG,fiXdFUld,v,bpziNfE,fiXdFUld
n,bG,fiXdFUld,ekzM,n,n,ekzM,fiXdFUld,be,v,bG,fiXdFUld,bpziNfE,fiXdFUld,n
n,bG,fiXdFUld,ekzM,n,n,ekzM,fiXdFUld,v,be,bG,fiXdFUld,bpziNfE,fiXdFUld,n,n
bG
ekzM
ekzM
ekzM
n,bG,fiXdFUld,n,n,ekzM,fiXdFUld,bG,ekzM,fiXdFUld,bpziNfE,fiXdFUld,n,n,n,gFw
fiXdFUld
n,bG,n,n,ekzM,bG,ekzM,fiXdFUld,fiXdFUld,fiXdFUld,bpziNfE,fiXdFUld,n,n,n,gFw
n,bG,n,n,ekzM,bG,ekzM,fiXdFUld,fiXdFUld,fiXdFUld,bpziNfE,fiXdFUld,n,n,n,gFw
bG,n,n,ekzM,bG,ekzM,fiXdFUld,fiXdFUld,fiXdFUld,bpziNfE,fiXdFUld,n,n,n,gFw,bpziNfE
fiXdFUld
fiXdFUld
bG,n,n,bG,ekzM,fiXdFUld,fiXdFUld,fiXdFUld,n,n,n,gFw,bpziNfE,n
fiXdFUld
n,bG,n,n,ekzM,bG,ekzM,fiXdFUld,fiXdFUld,fiXdFUld,bpziNfE,fiXdFUld,n,n,n,gFw
n,bG,n,n,bG,ekzM,fiXdFUld,bpziNfE,ekzM,fiXdFUld,fiXdFUld,fiXdFUld,n,n,n,fiXdFUld
ekzM
ekzM
bpziNfE
n,bG,n,n,bG,ekzM,fiXdFUld,ekzM,bpziNfE,fiXdFUld,fiXdFUld,fiXdFUld,n,n,n,fiXdFUld
fiXdFUld
fiXdFUld
n,bG,n,n,ekzM,bG,ekzM,fiXdFUld,fiXdFUld,bpziNfE,fiXdFUld,n,n,n,gFw
Jedi Wagner, assuma o comando!