Toque! Toque, Dijê!
Toque! Toque, Dijê!
Toque! Toque, Dijê!
Toque! Toque, Dijê!
Ky
Toque! Toque, Dijê!
HeVYslAGV
HeVYslAGV,FDCOl,Ky,GytKT,xgc
HeVYslAGV,FDCOl,Ky,GytKT,xgc
Toque! Toque, Dijê!
fTQNr
fTQNr,fTQNr
fTQNr
fTQNr
fTQNr,fTQNr
fTQNr
fTQNr,fTQNr
fTQNr,GytKT,GytKT,GytKT,FDCOl
fTQNr,GytKT,GytKT,GytKT,FDCOl
fTQNr
fTQNr,GytKT,GytKT,GytKT,FDCOl
GytKT
qSgF
qSgF
fTQNr,qSgF,GytKT,GytKT,GytKT,FDCOl,Ky,xgc
GytKT
xgc
fTQNr,qSgF,xgc,GytKT,GytKT,GytKT,Ky
fTQNr,qSgF,xgc,GytKT,GytKT,GytKT,Ky,GytKT
xgc
fTQNr,qSgF,xgc,GytKT,GytKT,GytKT,Ky,GytKT,dtR,HeVYslAGV
fTQNr,qSgF,xgc,GytKT,GytKT,GytKT,GytKT,dtR,HeVYslAGV
fTQNr,qSgF,xgc,GytKT,GytKT,GytKT,GytKT,dtR,HeVYslAGV
xgc
fTQNr,qSgF,xgc,GytKT,GytKT,GytKT,GytKT,HeVYslAGV,dtR,qSgF
GytKT
xgc
xgc
xgc,GytKT,GytKT,FDCOl,Ky
xgc
xgc
xgc,GytKT,GytKT,FDCOl,Ky
xgc,GytKT,GytKT,FDCOl,Ky,fTQNr
GytKT
xgc,GytKT,GytKT,FDCOl,Ky,fTQNr,fTQNr,fTQNr
GytKT
GytKT
xgc,GytKT,GytKT,FDCOl,Ky,fTQNr,fTQNr
GytKT
xgc,GytKT,GytKT,FDCOl,Ky
GytKT
xgc,GytKT,GytKT,FDCOl
xgc,GytKT,GytKT,FDCOl,fTQNr
Jedi Wagner, assuma o comando!