Toque! Toque, Dijê!
Toque! Toque, Dijê!
[vazia]
Toque! Toque, Dijê!
YjmhapHKA
YjmhapHKA
Toque! Toque, Dijê!
Toque! Toque, Dijê!
[vazia]
[vazia]
SqZzAjWG
SqZzAjWG,oNEHdE
Toque! Toque, Dijê!
Toque! Toque, Dijê!
Toque! Toque, Dijê!
oNEHdE
oNEHdE
oNEHdE
oNEHdE
oNEHdE
oNEHdE
oNEHdE,YjmhapHKA,SqZzAjWG,YjmhapHKA
oNEHdE,SqZzAjWG,YjmhapHKA,SqZzAjWG,SqZzAjWG
SqZzAjWG
oNEHdE,SqZzAjWG,YjmhapHKA,SqZzAjWG,SqZzAjWG,YjmhapHKA
YjmhapHKA
YjmhapHKA
SqZzAjWG
oNEHdE,YjmhapHKA,SqZzAjWG,SqZzAjWG,YjmhapHKA,oNEHdE,YjmhapHKA,SqZzAjWG,oNEHdE
SqZzAjWG
SqZzAjWG
SqZzAjWG,SqZzAjWG,YjmhapHKA,oNEHdE,YjmhapHKA,SqZzAjWG,oNEHdE,SqZzAjWG
SqZzAjWG,SqZzAjWG,YjmhapHKA,oNEHdE,YjmhapHKA,SqZzAjWG,oNEHdE,SqZzAjWG
SqZzAjWG
SqZzAjWG,SqZzAjWG,oNEHdE,YjmhapHKA,SqZzAjWG,oNEHdE,SqZzAjWG,oNEHdE
SqZzAjWG,SqZzAjWG,oNEHdE,YjmhapHKA,SqZzAjWG,oNEHdE,SqZzAjWG,oNEHdE
oNEHdE
oNEHdE
oNEHdE
SqZzAjWG,YjmhapHKA,SqZzAjWG,oNEHdE,SqZzAjWG,oNEHdE,SqZzAjWG,oNEHdE,SqZzAjWG,SqZzAjWG,SqZzAjWG
oNEHdE
oNEHdE
YjmhapHKA,SqZzAjWG,SqZzAjWG,oNEHdE,oNEHdE,SqZzAjWG,oNEHdE,SqZzAjWG,SqZzAjWG,SqZzAjWG,YjmhapHKA
SqZzAjWG,oNEHdE,YjmhapHKA,SqZzAjWG,oNEHdE,SqZzAjWG,oNEHdE,SqZzAjWG,SqZzAjWG,SqZzAjWG,YjmhapHKA
SqZzAjWG,oNEHdE,YjmhapHKA,SqZzAjWG,oNEHdE,SqZzAjWG,oNEHdE,SqZzAjWG,SqZzAjWG,SqZzAjWG,YjmhapHKA
SqZzAjWG,oNEHdE,YjmhapHKA,SqZzAjWG,oNEHdE,SqZzAjWG,oNEHdE,SqZzAjWG,SqZzAjWG,SqZzAjWG,YjmhapHKA
SqZzAjWG,oNEHdE,YjmhapHKA,SqZzAjWG,oNEHdE,SqZzAjWG,oNEHdE,SqZzAjWG,SqZzAjWG,SqZzAjWG,YjmhapHKA
SqZzAjWG,oNEHdE,YjmhapHKA,SqZzAjWG,oNEHdE,SqZzAjWG,oNEHdE,SqZzAjWG,SqZzAjWG,SqZzAjWG,YjmhapHKA,YjmhapHKA,oNEHdE
oNEHdE
SqZzAjWG
SqZzAjWG,oNEHdE,YjmhapHKA,SqZzAjWG,oNEHdE,SqZzAjWG,oNEHdE,SqZzAjWG,SqZzAjWG,SqZzAjWG,YjmhapHKA,YjmhapHKA,oNEHdE
SqZzAjWG
SqZzAjWG,oNEHdE,YjmhapHKA,SqZzAjWG,oNEHdE,SqZzAjWG,oNEHdE,SqZzAjWG,SqZzAjWG,SqZzAjWG,YjmhapHKA,YjmhapHKA,oNEHdE
SqZzAjWG,oNEHdE,YjmhapHKA,SqZzAjWG,oNEHdE,SqZzAjWG,oNEHdE,SqZzAjWG,SqZzAjWG,SqZzAjWG,YjmhapHKA,YjmhapHKA,oNEHdE
SqZzAjWG
SqZzAjWG,oNEHdE,YjmhapHKA,SqZzAjWG,oNEHdE,SqZzAjWG,oNEHdE,SqZzAjWG,SqZzAjWG,SqZzAjWG,YjmhapHKA,YjmhapHKA,oNEHdE
oNEHdE,YjmhapHKA,SqZzAjWG,oNEHdE,SqZzAjWG,SqZzAjWG,oNEHdE,SqZzAjWG,SqZzAjWG,SqZzAjWG,YjmhapHKA,YjmhapHKA,oNEHdE,oNEHdE
oNEHdE,SqZzAjWG,oNEHdE,SqZzAjWG,SqZzAjWG,YjmhapHKA,oNEHdE,SqZzAjWG,SqZzAjWG,SqZzAjWG,YjmhapHKA,YjmhapHKA,oNEHdE,oNEHdE,SqZzAjWG,YjmhapHKA
oNEHdE
SqZzAjWG,SqZzAjWG,oNEHdE,YjmhapHKA,oNEHdE,SqZzAjWG,SqZzAjWG,SqZzAjWG,YjmhapHKA,YjmhapHKA,oNEHdE,oNEHdE,SqZzAjWG,YjmhapHKA,SqZzAjWG,SqZzAjWG,oNEHdE
SqZzAjWG,SqZzAjWG,oNEHdE,YjmhapHKA,oNEHdE,SqZzAjWG,SqZzAjWG,SqZzAjWG,YjmhapHKA,YjmhapHKA,oNEHdE,oNEHdE,SqZzAjWG,YjmhapHKA,SqZzAjWG,SqZzAjWG,oNEHdE,oNEHdE,YjmhapHKA,YjmhapHKA
SqZzAjWG,SqZzAjWG,oNEHdE,YjmhapHKA,oNEHdE,SqZzAjWG,SqZzAjWG,SqZzAjWG,YjmhapHKA,YjmhapHKA,oNEHdE,oNEHdE,SqZzAjWG,YjmhapHKA,SqZzAjWG,SqZzAjWG,oNEHdE,oNEHdE,YjmhapHKA
YjmhapHKA
YjmhapHKA
SqZzAjWG,oNEHdE,YjmhapHKA,oNEHdE,SqZzAjWG,SqZzAjWG,SqZzAjWG,YjmhapHKA,YjmhapHKA,oNEHdE,oNEHdE,SqZzAjWG,YjmhapHKA,SqZzAjWG,SqZzAjWG,oNEHdE,oNEHdE,YjmhapHKA,SqZzAjWG
oNEHdE,YjmhapHKA,oNEHdE,SqZzAjWG,SqZzAjWG,SqZzAjWG,YjmhapHKA,YjmhapHKA,oNEHdE,oNEHdE,SqZzAjWG,YjmhapHKA,SqZzAjWG,SqZzAjWG,oNEHdE,oNEHdE,YjmhapHKA,SqZzAjWG,YjmhapHKA,oNEHdE,oNEHdE,SqZzAjWG
oNEHdE,SqZzAjWG,SqZzAjWG,SqZzAjWG,YjmhapHKA,oNEHdE,oNEHdE,SqZzAjWG,YjmhapHKA,SqZzAjWG,SqZzAjWG,oNEHdE,oNEHdE,YjmhapHKA,SqZzAjWG,YjmhapHKA,oNEHdE,oNEHdE,SqZzAjWG,SqZzAjWG,oNEHdE
oNEHdE,SqZzAjWG,SqZzAjWG,SqZzAjWG,YjmhapHKA,YjmhapHKA,oNEHdE,oNEHdE,SqZzAjWG,YjmhapHKA,SqZzAjWG,SqZzAjWG,oNEHdE,oNEHdE,YjmhapHKA,SqZzAjWG,YjmhapHKA,oNEHdE,oNEHdE,SqZzAjWG,SqZzAjWG,oNEHdE
oNEHdE,SqZzAjWG,SqZzAjWG,SqZzAjWG,YjmhapHKA,YjmhapHKA,oNEHdE,oNEHdE,SqZzAjWG,YjmhapHKA,SqZzAjWG,SqZzAjWG,oNEHdE,oNEHdE,YjmhapHKA,SqZzAjWG,YjmhapHKA,oNEHdE,oNEHdE,SqZzAjWG,SqZzAjWG,oNEHdE
oNEHdE,SqZzAjWG,YjmhapHKA,SqZzAjWG,SqZzAjWG,YjmhapHKA,oNEHdE,oNEHdE,SqZzAjWG,YjmhapHKA,SqZzAjWG,SqZzAjWG,oNEHdE,oNEHdE,YjmhapHKA,SqZzAjWG,YjmhapHKA,oNEHdE,oNEHdE,SqZzAjWG,SqZzAjWG,oNEHdE,oNEHdE,SqZzAjWG
SqZzAjWG
SqZzAjWG
oNEHdE,SqZzAjWG,SqZzAjWG,SqZzAjWG,YjmhapHKA,YjmhapHKA,oNEHdE,oNEHdE,SqZzAjWG,YjmhapHKA,SqZzAjWG,SqZzAjWG,oNEHdE,oNEHdE,YjmhapHKA,SqZzAjWG,YjmhapHKA,oNEHdE,oNEHdE,SqZzAjWG,SqZzAjWG,oNEHdE
Jedi Wagner, assuma o comando!