[vazia]
[vazia]
[vazia]
[vazia]
Toque! Toque, Dijê!
skqXeTA,skqXeTA
skqXeTA,skqXeTA
skqXeTA
[vazia]
Toque! Toque, Dijê!
Toque! Toque, Dijê!
skqXeTA
Toque! Toque, Dijê!
Toque! Toque, Dijê!
Vssfae
Vssfae
Toque! Toque, Dijê!
[vazia]
Toque! Toque, Dijê!
[vazia]
[vazia]
[vazia]
Vssfae,skqXeTA
Vssfae,skqXeTA
Vssfae
skqXeTA,Vssfae,skqXeTA,skqXeTA
Vssfae,skqXeTA,skqXeTA
skqXeTA
Vssfae
Toque! Toque, Dijê!
Vssfae
Vssfae
[vazia]
[vazia]
Toque! Toque, Dijê!
Toque! Toque, Dijê!
skqXeTA
skqXeTA
skqXeTA
skqXeTA
skqXeTA
skqXeTA
skqXeTA,Vssfae
skqXeTA,Vssfae
skqXeTA
skqXeTA
skqXeTA
skqXeTA
skqXeTA,Vssfae
skqXeTA,Vssfae
skqXeTA,Vssfae
skqXeTA,Vssfae
skqXeTA,Vssfae
skqXeTA,Vssfae
skqXeTA,Vssfae
Vssfae
Vssfae
Vssfae
Vssfae
Vssfae
Vssfae
Vssfae
Vssfae
Vssfae
Vssfae
skqXeTA,Vssfae,Vssfae,skqXeTA
Vssfae,Vssfae,skqXeTA
skqXeTA,Vssfae
Vssfae
skqXeTA,Vssfae
skqXeTA,Vssfae
skqXeTA,Vssfae
skqXeTA,Vssfae,Vssfae
Vssfae
Vssfae
Vssfae
Vssfae
Vssfae
Vssfae
Vssfae
Vssfae,skqXeTA
Vssfae
skqXeTA,Vssfae,skqXeTA
Vssfae
Vssfae
Vssfae
skqXeTA,Vssfae,Vssfae
Vssfae
Vssfae
Vssfae
skqXeTA
skqXeTA
skqXeTA,Vssfae,Vssfae,Vssfae
skqXeTA,Vssfae,Vssfae,Vssfae
skqXeTA,Vssfae,Vssfae,Vssfae
Vssfae,Vssfae
skqXeTA
skqXeTA
skqXeTA
Jedi Wagner, assuma o comando!