q
q
q
q
Toque! Toque, Dijê!
[vazia]
WiB
[vazia]
[vazia]
Toque! Toque, Dijê!
Toque! Toque, Dijê!
[vazia]
Toque! Toque, Dijê!
Toque! Toque, Dijê!
Toque! Toque, Dijê!
[vazia]
q
q
[vazia]
[vazia]
[vazia]
SkL
SkL
SkL
SkL
SkL
SkL
SkL
SkL
BjOH
BjOH,SkL
SkL
BjOH,SkL
BjOH,SkL
SkL
BjOH
BjOH
fEXrNoV
fEXrNoV,BjOH
fEXrNoV
fEXrNoV,fEXrNoV
fEXrNoV
fEXrNoV,fEXrNoV
fEXrNoV
fEXrNoV
fEXrNoV,BjOH
BjOH
BjOH
BjOH,q,fEXrNoV
BjOH
BjOH,BjOH
BjOH,BjOH
BjOH
BjOH,WiB
BjOH
BjOH,WiB
BjOH,WiB,q
BjOH
BjOH,WiB
BjOH,WiB,SkL
WiB,BjOH,SkL,BjOH
WiB
WiB,BjOH,SkL,BjOH
WiB,BjOH,SkL,BjOH
WiB,BjOH,BjOH,q,WiB
BjOH,BjOH,SkL
BjOH
BjOH
BjOH,SkL,BjOH
BjOH,BjOH
BjOH,BjOH
BjOH,BjOH
BjOH,BjOH
BjOH
BjOH
BjOH,BjOH
BjOH
BjOH,BjOH,q
BjOH
BjOH
BjOH,BjOH
BjOH
BjOH,BjOH,WiB
BjOH,BjOH,q,WiB
BjOH,BjOH,q,WiB
BjOH,BjOH,q,WiB
BjOH,BjOH,q,WiB
BjOH,BjOH,WiB
BjOH
BjOH,BjOH,q,q
BjOH,BjOH,q
BjOH
BjOH,BjOH,q,WiB
BjOH,BjOH,q,WiB
BjOH,BjOH,WiB,q,q
q
q
WiB
BjOH,BjOH,q,WiB,BjOH
BjOH,BjOH,q,WiB,BjOH
WiB
WiB
BjOH,BjOH,WiB,q,BjOH,fEXrNoV
BjOH,BjOH,WiB,q,BjOH,fEXrNoV
BjOH,BjOH,WiB,q,BjOH,fEXrNoV
q
BjOH,BjOH,WiB,q,BjOH
BjOH
BjOH
BjOH,BjOH,WiB,q,BjOH,fEXrNoV
BjOH,BjOH,WiB,q,BjOH,fEXrNoV
BjOH,BjOH,WiB,q,BjOH,fEXrNoV,fEXrNoV,SkL
BjOH
BjOH
BjOH
BjOH,BjOH,WiB,q,BjOH,fEXrNoV,q
BjOH,BjOH,WiB,q,BjOH,fEXrNoV
BjOH,BjOH,WiB,q,BjOH,fEXrNoV
BjOH,BjOH,WiB,q,BjOH,fEXrNoV
BjOH,BjOH,WiB,q,BjOH,fEXrNoV,SkL
BjOH,BjOH,WiB,q,BjOH,fEXrNoV
fEXrNoV
fEXrNoV
BjOH
BjOH,WiB,q,BjOH,fEXrNoV,BjOH,WiB
BjOH,WiB,q,BjOH,BjOH,fEXrNoV,WiB
fEXrNoV
WiB
BjOH,WiB,BjOH,BjOH,fEXrNoV,WiB,BjOH
WiB,BjOH,BjOH,fEXrNoV,WiB,BjOH,q
WiB,BjOH,fEXrNoV,WiB,BjOH,q,WiB
fEXrNoV
fEXrNoV
fEXrNoV
fEXrNoV
WiB,BjOH,WiB,fEXrNoV,BjOH,q,WiB,fEXrNoV,fEXrNoV
WiB,BjOH,WiB,fEXrNoV,BjOH,q,WiB,fEXrNoV,fEXrNoV
WiB,BjOH,WiB,fEXrNoV,BjOH,q,WiB,fEXrNoV,fEXrNoV
fEXrNoV
WiB,BjOH,WiB,fEXrNoV,BjOH,WiB,fEXrNoV,fEXrNoV,WiB
WiB,BjOH,WiB,fEXrNoV,BjOH,WiB,fEXrNoV,fEXrNoV,WiB
BjOH
BjOH,WiB,fEXrNoV,BjOH,WiB,fEXrNoV,fEXrNoV,WiB,WiB,fEXrNoV
WiB
fEXrNoV
fEXrNoV
fEXrNoV
fEXrNoV
BjOH,WiB,BjOH,WiB,fEXrNoV,fEXrNoV,WiB,WiB,fEXrNoV
fEXrNoV
BjOH,WiB,fEXrNoV,BjOH,WiB,fEXrNoV,fEXrNoV,WiB,WiB,fEXrNoV,WiB,WiB
BjOH,WiB,WiB,fEXrNoV,WiB,fEXrNoV,WiB,WiB,WiB,q
fEXrNoV
WiB
WiB
fEXrNoV
BjOH,WiB,WiB,fEXrNoV,WiB,fEXrNoV,WiB,WiB,WiB,q
WiB,WiB,WiB,fEXrNoV,WiB,WiB,WiB,q,WiB,BjOH
fEXrNoV
WiB,WiB,WiB,q,fEXrNoV,WiB,WiB,WiB,WiB,BjOH,BjOH
fEXrNoV
WiB
WiB
WiB,WiB,WiB,fEXrNoV,WiB,WiB,WiB,WiB,BjOH,q
WiB,WiB,WiB,WiB,WiB,WiB,WiB,BjOH,q
WiB,WiB,WiB,WiB,WiB,WiB,WiB,BjOH,q,BjOH
WiB
WiB
q
q
WiB,WiB,q,WiB,WiB,WiB,WiB,BjOH,BjOH,BjOH
WiB,WiB,q,WiB,WiB,WiB,WiB,BjOH,BjOH,BjOH
WiB,WiB,q,BjOH,WiB,WiB,WiB,WiB,BjOH,BjOH
WiB,WiB,BjOH,WiB,WiB,WiB,WiB,BjOH,BjOH,WiB
WiB,WiB,BjOH,WiB,WiB,WiB,WiB,BjOH,BjOH,WiB,SkL
WiB
WiB
WiB
WiB
WiB
WiB,WiB,BjOH,WiB,WiB,WiB,WiB,BjOH,BjOH
WiB,BjOH,WiB,WiB,WiB,WiB,WiB,BjOH,BjOH
WiB
BjOH,WiB,WiB,WiB,WiB,WiB,WiB,BjOH,BjOH,SkL,SkL
BjOH,WiB,WiB,WiB,WiB,WiB,WiB,BjOH,BjOH,SkL,q
WiB,WiB,WiB,WiB,BjOH,WiB,WiB,BjOH,BjOH
WiB,WiB,WiB,WiB,BjOH,WiB,WiB,BjOH,BjOH,WiB,fEXrNoV
WiB,WiB,WiB,WiB,fEXrNoV,BjOH,WiB,WiB,BjOH,BjOH,WiB,fEXrNoV
WiB,WiB,BjOH,WiB,WiB,WiB,WiB,BjOH,BjOH,SkL
WiB
WiB,WiB,BjOH,WiB,WiB,WiB,WiB,BjOH,BjOH,SkL
WiB
WiB
WiB,BjOH,WiB,WiB,WiB,WiB,BjOH,BjOH,BjOH
WiB
WiB
WiB
WiB,WiB,WiB,WiB,WiB,BjOH,BjOH,BjOH
WiB
WiB,WiB,WiB,WiB,WiB,BjOH,BjOH,BjOH
WiB
WiB
WiB
WiB
WiB
BjOH
WiB,WiB,WiB,WiB,WiB,BjOH,BjOH,BjOH
BjOH
BjOH
WiB,WiB,WiB,WiB,WiB,BjOH,BjOH,SkL
Jedi Wagner, assuma o comando!