bGIdAFVPp
bGIdAFVPp
bGIdAFVPp
bGIdAFVPp
[vazia]
Toque! Toque, Dijê!
Toque! Toque, Dijê!
p
p
p
p
p,X
p
p
p
p
p
p
p
p
p
p,AEHTQXKi
AEHTQXKi
AEHTQXKi
AEHTQXKi
p,AEHTQXKi
p,AEHTQXKi
p,AEHTQXKi
p
p
p
AEHTQXKi
AEHTQXKi
AEHTQXKi
p,AEHTQXKi,bGIdAFVPp
AEHTQXKi
p,bGIdAFVPp,AEHTQXKi
AEHTQXKi
AEHTQXKi
p,AEHTQXKi,AEHTQXKi
AEHTQXKi
AEHTQXKi
AEHTQXKi
p,AEHTQXKi,AEHTQXKi,p,AEHTQXKi
AEHTQXKi
AEHTQXKi
AEHTQXKi
AEHTQXKi,AEHTQXKi,p,AEHTQXKi
AEHTQXKi
AEHTQXKi
p,AEHTQXKi,bGIdAFVPp,JkqlPRZz,X
bGIdAFVPp
p,AEHTQXKi,bGIdAFVPp,JkqlPRZz,X
p,bGIdAFVPp,AEHTQXKi,X
bGIdAFVPp
p,AEHTQXKi,bGIdAFVPp,JkqlPRZz,X,bGIdAFVPp
p,AEHTQXKi,bGIdAFVPp,JkqlPRZz,X,X
X
p,AEHTQXKi,bGIdAFVPp,JkqlPRZz,X,X,AEHTQXKi
p,bGIdAFVPp,JkqlPRZz,X,AEHTQXKi,X,AEHTQXKi,X,bGIdAFVPp,X
X
AEHTQXKi
AEHTQXKi
bGIdAFVPp,JkqlPRZz,X,p,AEHTQXKi,X,AEHTQXKi,X,bGIdAFVPp,X,JkqlPRZz
X
X
bGIdAFVPp,JkqlPRZz,X,AEHTQXKi,X,AEHTQXKi,X,bGIdAFVPp,X,JkqlPRZz,X
AEHTQXKi
AEHTQXKi
bGIdAFVPp,JkqlPRZz,X,X,AEHTQXKi,AEHTQXKi,X,bGIdAFVPp,X,JkqlPRZz,X,X
AEHTQXKi
bGIdAFVPp,X,X,AEHTQXKi,JkqlPRZz,X,AEHTQXKi,bGIdAFVPp,X,JkqlPRZz,X,X
X
X
X
X
X
X
X
X
JkqlPRZz
X,AEHTQXKi,X,AEHTQXKi,X,bGIdAFVPp,X,JkqlPRZz,JkqlPRZz,X,X
X,AEHTQXKi,X,AEHTQXKi,X,bGIdAFVPp,X,JkqlPRZz,JkqlPRZz,X,X
JkqlPRZz
Jedi Wagner, assuma o comando!