[vazia]
[vazia]
uaYC
qmSXd,NjtTq
qmSXd
[vazia]
KXznitP
KXznitP
KXznitP
KXznitP
Toque! Toque, Dijê!
Toque! Toque, Dijê!
[vazia]
NjtTq
NjtTq
NjtTq
NjtTq
NjtTq
NjtTq
NjtTq
NjtTq
NjtTq
NjtTq
NjtTq
NjtTq,D,NjtTq,D,NjtTq
NjtTq
NjtTq
NjtTq
NjtTq
NjtTq
NjtTq
NjtTq
NjtTq
NjtTq
NjtTq
NjtTq,uaYC
NjtTq
NjtTq
KXznitP
NjtTq
NjtTq
NjtTq
NjtTq
NjtTq,NjtTq,NjtTq,KXznitP
NjtTq
NjtTq,NjtTq,KXznitP
NjtTq,NjtTq,KXznitP
NjtTq
NjtTq
NjtTq
KXznitP,NjtTq
KXznitP,NjtTq
KXznitP
NjtTq,KXznitP,NjtTq
NjtTq,NjtTq,KXznitP
NjtTq,NjtTq,KXznitP
NjtTq
NjtTq
NjtTq
NjtTq,NjtTq,KXznitP,KXznitP
NjtTq
KXznitP
KXznitP
NjtTq,NjtTq,KXznitP,D
KXznitP
KXznitP
NjtTq,NjtTq,D,KXznitP
NjtTq,NjtTq,KXznitP,uaYC
NjtTq,NjtTq,KXznitP,uaYC
KXznitP
KXznitP
NjtTq,NjtTq,KXznitP,uaYC
NjtTq,NjtTq,KXznitP
KXznitP
NjtTq
NjtTq,KXznitP,NjtTq
NjtTq,KXznitP,NjtTq,D
D
KXznitP
NjtTq,D,KXznitP,NjtTq
KXznitP
KXznitP,NjtTq,D,KXznitP
NjtTq
KXznitP
NjtTq,KXznitP,KXznitP,D
NjtTq
D
D
D
D
D
D,D,D,uaYC,KXznitP,NjtTq
D
D,D,D,uaYC,KXznitP,NjtTq,D
D,D,D,uaYC,KXznitP,NjtTq,D
D,D,D,uaYC,uaYC,D,D,uaYC
uaYC
uaYC
uaYC
D,D,D,uaYC,uaYC,D,D,uaYC,uaYC,qmSXd
uaYC
uaYC
uaYC
uaYC
D
D
D
D
D,D,uaYC,D,D,uaYC,NjtTq
D,D,D,D,uaYC,NjtTq
D
D
D,D,D,D,uaYC,NjtTq
D
D
uaYC
uaYC
uaYC
uaYC
D,D,D,uaYC,uaYC,D,D,uaYC,KXznitP,qmSXd,qmSXd
D,D,D,uaYC,uaYC,D,D,uaYC,KXznitP,qmSXd,qmSXd,NjtTq
D,D,D,uaYC,uaYC,D,D,uaYC,KXznitP,qmSXd,qmSXd,NjtTq
D,D,D,uaYC,uaYC,D,D,uaYC,KXznitP,qmSXd,qmSXd,NjtTq
uaYC
uaYC
D,D,uaYC,D,uaYC,D,D,uaYC,D
D
uaYC
D,D,D,NjtTq,uaYC,uaYC,D,D,uaYC,D,NjtTq
NjtTq
D,D,D,NjtTq,uaYC,uaYC,D,D,uaYC,D,NjtTq
uaYC
uaYC
D,D,D,uaYC,uaYC,D,D,uaYC
D
D
D
D
D
Jedi Wagner, assuma o comando!