Toque! Toque, Dijê!
Toque! Toque, Dijê!
dgFnVXd
dgFnVXd
dgFnVXd
dgFnVXd
dgFnVXd
dgFnVXd,LJXYneiA
dgFnVXd
dgFnVXd
dgFnVXd
dgFnVXd
dgFnVXd,nwZbNxzOj,LJXYneiA
dgFnVXd,nwZbNxzOj,LJXYneiA
dgFnVXd,nwZbNxzOj,LJXYneiA
dgFnVXd
dgFnVXd,nwZbNxzOj,LJXYneiA
dgFnVXd
dgFnVXd
dgFnVXd
dgFnVXd,nwZbNxzOj,LJXYneiA,dgFnVXd
dgFnVXd,nwZbNxzOj,LJXYneiA,kv
dgFnVXd,nwZbNxzOj,LJXYneiA,dXB
nwZbNxzOj
nwZbNxzOj,dXB,LJXYneiA
dXB
dXB
dXB
nwZbNxzOj,dXB,LJXYneiA
nwZbNxzOj,dXB,LJXYneiA
dXB
dXB
nwZbNxzOj,dXB,LJXYneiA
nwZbNxzOj,dXB,LJXYneiA,dXB
nwZbNxzOj,dXB,LJXYneiA,dXB,kv,kv
dXB
dXB
dXB
nwZbNxzOj,dXB,kv,kv,LJXYneiA
nwZbNxzOj,dXB,kv,kv,LJXYneiA
dXB
nwZbNxzOj,dXB,LJXYneiA
nwZbNxzOj,dXB,LJXYneiA
nwZbNxzOj,dXB,LJXYneiA
dXB
dXB
nwZbNxzOj,dXB,nwZbNxzOj,dXB
nwZbNxzOj,nwZbNxzOj,dXB
nwZbNxzOj
nwZbNxzOj,nwZbNxzOj,dXB,LJXYneiA
nwZbNxzOj,nwZbNxzOj,dXB,LJXYneiA,kv
dXB
nwZbNxzOj,dXB
dXB
dXB
dXB
nwZbNxzOj,dXB,LJXYneiA
LJXYneiA
nwZbNxzOj,LJXYneiA
Jedi Wagner, assuma o comando!