[vazia]
[vazia]
XEv
XEv
XEv
XEv,b,JcQHUb
b
b
b
b
b
b
b
b,b
b
b,b
XEv
XEv
b,b
b
b,b,XEv
b,b,XEv
b,XEv,b
b
b
b
XEv
XEv
XEv
XEv
XEv
b
b,b,b
b,b,b
b,b,b
b
b,b,b
b,b,JcQHUb
b,b,JcQHUb
XEv,b,b,b
b,b,b,XEv
JcQHUb
JcQHUb
b,JcQHUb,b,b,XEv
b,JcQHUb,b,b,XEv
b,JcQHUb,b,b,XEv,JcQHUb,JcQHUb
b,XEv,JcQHUb,b,b,JcQHUb,JcQHUb,b
JcQHUb,b,b,JcQHUb,JcQHUb,b
XEv
XEv,b,b,b
XEv,b,b,b
b
b,XEv,b,b,JcQHUb,b
JcQHUb,XEv,b,b,b
JcQHUb,XEv,b,b,b
XEv
XEv
XEv
XEv
JcQHUb,XEv,b,b,b,XEv,b
XEv
XEv
JcQHUb,XEv,b,b,b,XEv,b
XEv
XEv
JcQHUb,b,XEv,b,b,b,JcQHUb,JcQHUb
JcQHUb,XEv,b,b,b,b,JcQHUb,JcQHUb,b
b
JcQHUb,b,XEv,b,b,b,JcQHUb,JcQHUb,b
XEv
XEv
JcQHUb,b,b,b,JcQHUb,JcQHUb,b,b
JcQHUb,b,b,b,JcQHUb,JcQHUb,b,b
JcQHUb
b
b,b,JcQHUb,b,b,JcQHUb,JcQHUb,b
b,b,JcQHUb,b,b,JcQHUb,JcQHUb,b
b,b,b,b,JcQHUb,JcQHUb,b
b,b,JcQHUb,b,b,b
b,JcQHUb,b,b,b,b
b,JcQHUb,b,b,b,b
b,JcQHUb,b,b,b,b
b,JcQHUb,b,b,b,b
b,JcQHUb,b,b,b,b
b
b
b
b,b,JcQHUb,b,b,b
b
b
b
b
b,JcQHUb,b,b,b,JcQHUb,b,b,JcQHUb
b,JcQHUb,b,b,b,JcQHUb,b,b,JcQHUb,JcQHUb
b,JcQHUb,b,b,b,JcQHUb,b,b,JcQHUb,JcQHUb
b,JcQHUb,b,b,b,JcQHUb,b,b,JcQHUb,JcQHUb
JcQHUb,b,b,b,JcQHUb,b,b,JcQHUb,JcQHUb
b
b,b,b,b,JcQHUb,b,b,JcQHUb
b
b,b,b,JcQHUb,b,JcQHUb,b,b,JcQHUb
Jedi Wagner, assuma o comando!