Toque! Toque, Dijê!
[vazia]
qplcx,VlODlCBCMi
qplcx,VlODlCBCMi
qplcx
qplcx
qplcx
qplcx
qplcx
qplcx
qplcx,SS
qplcx,SS,PhAKNtv
qplcx
SS
SS
qplcx
qplcx
qplcx
SS,qplcx,PhAKNtv,dtZVcW,PhAKNtv,VR
PhAKNtv
qplcx,PhAKNtv,SS,dtZVcW,PhAKNtv,VR,qplcx
qplcx,PhAKNtv,SS,dtZVcW,PhAKNtv,VR,qplcx,dtZVcW,VR
qplcx,PhAKNtv,SS,dtZVcW,PhAKNtv,VR,qplcx,dtZVcW,VR,JsLQZZspV
PhAKNtv
qplcx,PhAKNtv,SS,dtZVcW,PhAKNtv,qplcx,dtZVcW,VR
PhAKNtv
PhAKNtv
PhAKNtv
PhAKNtv
PhAKNtv
qplcx,PhAKNtv,SS,dtZVcW,PhAKNtv,qplcx,dtZVcW,dtZVcW,QrXxhrJQp
dtZVcW
PhAKNtv,SS,dtZVcW,PhAKNtv,qplcx,dtZVcW,dtZVcW,QrXxhrJQp
dtZVcW
PhAKNtv,SS,dtZVcW,PhAKNtv,dtZVcW,dtZVcW,QrXxhrJQp,qplcx,qplcx
PhAKNtv,dtZVcW,PhAKNtv,dtZVcW,dtZVcW,QrXxhrJQp,SS,qplcx,qplcx
dtZVcW,PhAKNtv,dtZVcW,dtZVcW,QrXxhrJQp,PhAKNtv,SS,qplcx,qplcx
PhAKNtv
SS
dtZVcW,PhAKNtv,dtZVcW,dtZVcW,QrXxhrJQp,PhAKNtv,SS,qplcx,qplcx
dtZVcW,PhAKNtv,dtZVcW,dtZVcW,QrXxhrJQp,PhAKNtv,SS,qplcx,qplcx
dtZVcW,PhAKNtv,dtZVcW,dtZVcW,QrXxhrJQp,PhAKNtv,SS,qplcx,qplcx,fVGlqq
dtZVcW
dtZVcW
PhAKNtv,dtZVcW,QrXxhrJQp,PhAKNtv,SS,qplcx,qplcx,fVGlqq,dtZVcW
dtZVcW
PhAKNtv,dtZVcW,dtZVcW,QrXxhrJQp,PhAKNtv,SS,qplcx,qplcx,fVGlqq,dtZVcW
dtZVcW
dtZVcW,dtZVcW,QrXxhrJQp,PhAKNtv,SS,qplcx,qplcx,dtZVcW,fVGlqq
PhAKNtv,dtZVcW,dtZVcW,QrXxhrJQp,PhAKNtv,SS,qplcx,qplcx,dtZVcW,fVGlqq
dtZVcW
PhAKNtv,dtZVcW,dtZVcW,QrXxhrJQp,PhAKNtv,qplcx,qplcx,dtZVcW,fVGlqq,dtZVcW
dtZVcW
dtZVcW
dtZVcW
dtZVcW
dtZVcW
SS
SS
SS
SS
dtZVcW,dtZVcW,QrXxhrJQp,PhAKNtv,qplcx,qplcx,dtZVcW,fVGlqq,dtZVcW,SS
SS
dtZVcW,dtZVcW,QrXxhrJQp,PhAKNtv,qplcx,qplcx,dtZVcW,fVGlqq,dtZVcW,SS
dtZVcW,dtZVcW,QrXxhrJQp,PhAKNtv,qplcx,qplcx,dtZVcW,fVGlqq,dtZVcW,SS
dtZVcW,dtZVcW,QrXxhrJQp,PhAKNtv,qplcx,qplcx,dtZVcW,fVGlqq,dtZVcW,SS
dtZVcW,dtZVcW,QrXxhrJQp,PhAKNtv,qplcx,qplcx,dtZVcW,dtZVcW,SS,JsLQZZspV
dtZVcW
dtZVcW
fVGlqq
fVGlqq,dtZVcW,QrXxhrJQp,qplcx,qplcx,dtZVcW,dtZVcW,SS,dtZVcW
fVGlqq,dtZVcW,QrXxhrJQp,qplcx,qplcx,dtZVcW,dtZVcW,SS,dtZVcW
fVGlqq
fVGlqq,dtZVcW,QrXxhrJQp,qplcx,qplcx,dtZVcW,dtZVcW,SS,dtZVcW
dtZVcW
QrXxhrJQp
fVGlqq,dtZVcW,QrXxhrJQp,qplcx,qplcx,dtZVcW,dtZVcW,SS,dtZVcW,qplcx
QrXxhrJQp
fVGlqq,dtZVcW,QrXxhrJQp,qplcx,qplcx,dtZVcW,dtZVcW,SS,dtZVcW,qplcx,JsLQZZspV
QrXxhrJQp
dtZVcW,QrXxhrJQp,qplcx,qplcx,dtZVcW,dtZVcW,SS,dtZVcW,qplcx,JsLQZZspV
dtZVcW,QrXxhrJQp,qplcx,qplcx,dtZVcW,dtZVcW,SS,dtZVcW,qplcx,JsLQZZspV
qplcx
qplcx
dtZVcW,QrXxhrJQp,qplcx,qplcx,dtZVcW,dtZVcW,SS,dtZVcW,qplcx,JsLQZZspV
qplcx
qplcx
dtZVcW,QrXxhrJQp,qplcx,dtZVcW,dtZVcW,SS,dtZVcW,qplcx,JsLQZZspV
dtZVcW,QrXxhrJQp,qplcx,dtZVcW,dtZVcW,SS,dtZVcW,qplcx,JsLQZZspV
dtZVcW,QrXxhrJQp,qplcx,dtZVcW,dtZVcW,SS,dtZVcW,qplcx,JsLQZZspV
dtZVcW
dtZVcW,dtZVcW,dtZVcW,dtZVcW,qplcx,JsLQZZspV,VlODlCBCMi,fVGlqq
qplcx
qplcx
dtZVcW,QrXxhrJQp,qplcx,qplcx,dtZVcW,dtZVcW,SS,dtZVcW,qplcx,JsLQZZspV
JsLQZZspV
JsLQZZspV
dtZVcW,QrXxhrJQp,JsLQZZspV,qplcx,qplcx,dtZVcW,dtZVcW,SS,dtZVcW,qplcx,SS
dtZVcW,QrXxhrJQp,JsLQZZspV,qplcx,qplcx,dtZVcW,dtZVcW,SS,dtZVcW,qplcx,SS
dtZVcW,QrXxhrJQp,JsLQZZspV,qplcx,qplcx,dtZVcW,dtZVcW,SS,dtZVcW,qplcx,SS
qplcx
qplcx
dtZVcW,QrXxhrJQp,qplcx,qplcx,dtZVcW,dtZVcW,SS,dtZVcW,qplcx,JsLQZZspV
dtZVcW,QrXxhrJQp,qplcx,qplcx,dtZVcW,dtZVcW,SS,dtZVcW,qplcx,JsLQZZspV
dtZVcW,QrXxhrJQp,qplcx,qplcx,dtZVcW,dtZVcW,SS,dtZVcW,qplcx,JsLQZZspV,SS
dtZVcW,QrXxhrJQp,qplcx,qplcx,dtZVcW,dtZVcW,SS,dtZVcW,qplcx,JsLQZZspV,SS,VlODlCBCMi,VR,PhAKNtv,qplcx
dtZVcW,QrXxhrJQp,qplcx,qplcx,dtZVcW,dtZVcW,SS,dtZVcW,qplcx,JsLQZZspV,SS,VlODlCBCMi,VR,PhAKNtv,qplcx
dtZVcW,QrXxhrJQp,qplcx,qplcx,dtZVcW,dtZVcW,SS,dtZVcW,qplcx,JsLQZZspV,SS,VlODlCBCMi,VR,PhAKNtv,qplcx
dtZVcW
SS
qplcx
SS
dtZVcW,QrXxhrJQp,qplcx,qplcx,dtZVcW,dtZVcW,SS,dtZVcW,qplcx,SS,VlODlCBCMi,VR,qplcx,VlODlCBCMi,VlODlCBCMi
dtZVcW,QrXxhrJQp,qplcx,qplcx,dtZVcW,dtZVcW,SS,dtZVcW,qplcx,SS,VlODlCBCMi,VR,qplcx,VlODlCBCMi
dtZVcW,QrXxhrJQp,qplcx,qplcx,dtZVcW,dtZVcW,SS,dtZVcW,qplcx,JsLQZZspV,SS,VlODlCBCMi,VR,PhAKNtv,qplcx,VlODlCBCMi,PhAKNtv
dtZVcW
dtZVcW
dtZVcW,QrXxhrJQp,qplcx,qplcx,dtZVcW,dtZVcW,SS,dtZVcW,qplcx,JsLQZZspV,SS,VlODlCBCMi,VR,PhAKNtv,qplcx,VlODlCBCMi,VR
JsLQZZspV
dtZVcW,QrXxhrJQp,qplcx,qplcx,dtZVcW,dtZVcW,dtZVcW,VlODlCBCMi,JsLQZZspV,SS,qplcx,SS,VR,qplcx,VlODlCBCMi
dtZVcW,QrXxhrJQp,qplcx,qplcx,dtZVcW,dtZVcW,dtZVcW,JsLQZZspV,VlODlCBCMi,SS,qplcx,SS,VR,qplcx,VlODlCBCMi
JsLQZZspV
dtZVcW,QrXxhrJQp,qplcx,dtZVcW,dtZVcW,dtZVcW,JsLQZZspV,SS,VlODlCBCMi,qplcx,SS,VR,qplcx,VlODlCBCMi,VR
dtZVcW,QrXxhrJQp,qplcx,dtZVcW,dtZVcW,dtZVcW,JsLQZZspV,SS,VlODlCBCMi,qplcx,SS,VR,qplcx,VlODlCBCMi,VR
SS
SS
qplcx
qplcx
dtZVcW,QrXxhrJQp,qplcx,dtZVcW,dtZVcW,dtZVcW,JsLQZZspV,SS,qplcx,SS,VR,qplcx,VR
VR
dtZVcW,QrXxhrJQp,qplcx,dtZVcW,dtZVcW,dtZVcW,JsLQZZspV,SS,VR,qplcx,SS,qplcx,VR,fVGlqq,VlODlCBCMi,qplcx
dtZVcW,QrXxhrJQp,qplcx,dtZVcW,dtZVcW,dtZVcW,JsLQZZspV,SS,qplcx,SS,VR,qplcx,VlODlCBCMi,VR
dtZVcW,QrXxhrJQp,dtZVcW,dtZVcW,dtZVcW,SS,qplcx,SS,VR,qplcx,VlODlCBCMi,qplcx,VR,SS,SS,JsLQZZspV,VR,fVGlqq,SS
VR
VR
dtZVcW,QrXxhrJQp,dtZVcW,dtZVcW,dtZVcW,SS,qplcx,SS,VR,qplcx,VlODlCBCMi,qplcx,VR,SS,SS,JsLQZZspV,VR,fVGlqq,SS
dtZVcW,QrXxhrJQp,dtZVcW,dtZVcW,dtZVcW,SS,qplcx,SS,VR,qplcx,VlODlCBCMi,qplcx,VR,SS,SS,JsLQZZspV,VR,fVGlqq,SS
dtZVcW,QrXxhrJQp,dtZVcW,dtZVcW,dtZVcW,SS,qplcx,SS,VR,qplcx,VlODlCBCMi,qplcx,fVGlqq,VR,SS,SS,JsLQZZspV,VR,SS,QrXxhrJQp,VlODlCBCMi
VR
dtZVcW,QrXxhrJQp,dtZVcW,dtZVcW,dtZVcW,qplcx,SS,VR,qplcx,VlODlCBCMi,qplcx,VR,fVGlqq,SS,SS,JsLQZZspV,VR,SS,PhAKNtv,VR,dtZVcW
dtZVcW,QrXxhrJQp,dtZVcW,dtZVcW,dtZVcW,qplcx,SS,VR,qplcx,VlODlCBCMi,qplcx,VR,fVGlqq,SS,SS,JsLQZZspV,VR,SS,PhAKNtv,VR,dtZVcW
dtZVcW,QrXxhrJQp,dtZVcW,dtZVcW,dtZVcW,SS,qplcx,SS,VR,qplcx,VlODlCBCMi,qplcx,VR,SS,SS,JsLQZZspV,VR,fVGlqq,SS
VR
SS
dtZVcW,QrXxhrJQp,dtZVcW,dtZVcW,dtZVcW,qplcx,VR,qplcx,VlODlCBCMi,qplcx,VR,SS,SS,SS,SS,JsLQZZspV,VR,fVGlqq,SS,dtZVcW,JsLQZZspV
dtZVcW,QrXxhrJQp,dtZVcW,dtZVcW,dtZVcW,qplcx,VR,qplcx,VlODlCBCMi,qplcx,VR,SS,SS,SS,SS,JsLQZZspV,VR,fVGlqq,SS,dtZVcW,JsLQZZspV,VlODlCBCMi
dtZVcW,QrXxhrJQp,dtZVcW,dtZVcW,dtZVcW,qplcx,VR,qplcx,VlODlCBCMi,qplcx,VR,SS,SS,SS,SS,JsLQZZspV,VR,fVGlqq,SS,dtZVcW,JsLQZZspV,VlODlCBCMi
SS
SS
SS
SS
dtZVcW,QrXxhrJQp,dtZVcW,dtZVcW,dtZVcW,qplcx,VR,qplcx,VlODlCBCMi,qplcx,VR,SS,SS,SS,SS,JsLQZZspV,VR,fVGlqq,SS,dtZVcW,JsLQZZspV,VlODlCBCMi
VR
VR
VR
VR
dtZVcW,QrXxhrJQp,dtZVcW,dtZVcW,dtZVcW,qplcx,VlODlCBCMi,qplcx,SS,SS,SS,VR,SS,VR,fVGlqq,SS,dtZVcW,JsLQZZspV,VlODlCBCMi,qplcx,JsLQZZspV,SS
SS
dtZVcW,QrXxhrJQp,dtZVcW,dtZVcW,dtZVcW,qplcx,VlODlCBCMi,qplcx,SS,SS,SS,VR,SS,VR,fVGlqq,SS,dtZVcW,JsLQZZspV,VlODlCBCMi,qplcx,JsLQZZspV,SS
fVGlqq
fVGlqq
dtZVcW,QrXxhrJQp,dtZVcW,dtZVcW,dtZVcW,qplcx,VlODlCBCMi,qplcx,SS,SS,VR,SS,VR,fVGlqq,SS,dtZVcW,JsLQZZspV,VlODlCBCMi,qplcx,JsLQZZspV,SS,fVGlqq,dtZVcW
dtZVcW,QrXxhrJQp,dtZVcW,dtZVcW,dtZVcW,qplcx,VlODlCBCMi,qplcx,SS,SS,SS,VR,SS,VR,fVGlqq,SS,dtZVcW,JsLQZZspV,VlODlCBCMi,qplcx,JsLQZZspV,SS
QrXxhrJQp,dtZVcW,dtZVcW,dtZVcW,qplcx,VlODlCBCMi,qplcx,SS,SS,SS,VR,SS,VR,dtZVcW,SS,dtZVcW,JsLQZZspV,VlODlCBCMi,qplcx,JsLQZZspV,SS
dtZVcW,QrXxhrJQp,dtZVcW,dtZVcW,dtZVcW,qplcx,VlODlCBCMi,qplcx,SS,SS,SS,VR,SS,VR,fVGlqq,SS,dtZVcW,JsLQZZspV,VlODlCBCMi,qplcx,JsLQZZspV,SS
fVGlqq
fVGlqq
fVGlqq
SS
dtZVcW
dtZVcW,QrXxhrJQp,dtZVcW,dtZVcW,dtZVcW,qplcx,VlODlCBCMi,qplcx,SS,SS,SS,VR,SS,VR,fVGlqq,SS,dtZVcW,JsLQZZspV,VlODlCBCMi,qplcx,JsLQZZspV,SS
dtZVcW,QrXxhrJQp,dtZVcW,dtZVcW,dtZVcW,qplcx,VlODlCBCMi,qplcx,SS,SS,VR,SS,VR,fVGlqq,SS,dtZVcW,JsLQZZspV,VlODlCBCMi,qplcx,JsLQZZspV,SS
Jedi Wagner, assuma o comando!