IGVGDHYAxm
IGVGDHYAxm
Toque! Toque, Dijê!
Toque! Toque, Dijê!
IGVGDHYAxm
IGVGDHYAxm
[vazia]
IGVGDHYAxm
IGVGDHYAxm,IGVGDHYAxm
IGVGDHYAxm,IGVGDHYAxm
IGVGDHYAxm
IGVGDHYAxm
IGVGDHYAxm
IGVGDHYAxm
Toque! Toque, Dijê!
IGVGDHYAxm
IGVGDHYAxm
IGVGDHYAxm
[vazia]
IGVGDHYAxm
[vazia]
[vazia]
[vazia]
[vazia]
IGVGDHYAxm,IGVGDHYAxm
IGVGDHYAxm
IGVGDHYAxm
IGVGDHYAxm
IGVGDHYAxm
IGVGDHYAxm,IGVGDHYAxm,IGVGDHYAxm,IGVGDHYAxm,IGVGDHYAxm
IGVGDHYAxm,IGVGDHYAxm,IGVGDHYAxm,IGVGDHYAxm,IGVGDHYAxm,IGVGDHYAxm
IGVGDHYAxm,IGVGDHYAxm,IGVGDHYAxm,IGVGDHYAxm,IGVGDHYAxm,IGVGDHYAxm
IGVGDHYAxm
IGVGDHYAxm,IGVGDHYAxm,IGVGDHYAxm,IGVGDHYAxm,IGVGDHYAxm,IGVGDHYAxm,IGVGDHYAxm
IGVGDHYAxm,IGVGDHYAxm,IGVGDHYAxm,IGVGDHYAxm,IGVGDHYAxm,IGVGDHYAxm,IGVGDHYAxm
IGVGDHYAxm
IGVGDHYAxm
IGVGDHYAxm
IGVGDHYAxm,IGVGDHYAxm,IGVGDHYAxm,IGVGDHYAxm,IGVGDHYAxm,IGVGDHYAxm,IGVGDHYAxm
IGVGDHYAxm
IGVGDHYAxm,IGVGDHYAxm,IGVGDHYAxm,IGVGDHYAxm,IGVGDHYAxm,IGVGDHYAxm,IGVGDHYAxm,IGVGDHYAxm
IGVGDHYAxm,IGVGDHYAxm,IGVGDHYAxm,IGVGDHYAxm,IGVGDHYAxm,IGVGDHYAxm,IGVGDHYAxm,IGVGDHYAxm
IGVGDHYAxm,IGVGDHYAxm,IGVGDHYAxm,IGVGDHYAxm,IGVGDHYAxm,IGVGDHYAxm,IGVGDHYAxm,IGVGDHYAxm
IGVGDHYAxm
IGVGDHYAxm
IGVGDHYAxm
IGVGDHYAxm
IGVGDHYAxm,IGVGDHYAxm,IGVGDHYAxm,IGVGDHYAxm,IGVGDHYAxm,IGVGDHYAxm,IGVGDHYAxm
IGVGDHYAxm
IGVGDHYAxm
IGVGDHYAxm
IGVGDHYAxm
IGVGDHYAxm,IGVGDHYAxm,IGVGDHYAxm,IGVGDHYAxm,IGVGDHYAxm,IGVGDHYAxm,IGVGDHYAxm,IGVGDHYAxm
IGVGDHYAxm
IGVGDHYAxm
IGVGDHYAxm
IGVGDHYAxm
IGVGDHYAxm,IGVGDHYAxm,IGVGDHYAxm,IGVGDHYAxm,IGVGDHYAxm,IGVGDHYAxm,IGVGDHYAxm,IGVGDHYAxm,IGVGDHYAxm
IGVGDHYAxm
IGVGDHYAxm
IGVGDHYAxm
IGVGDHYAxm,IGVGDHYAxm,IGVGDHYAxm,IGVGDHYAxm,IGVGDHYAxm,IGVGDHYAxm,IGVGDHYAxm,IGVGDHYAxm,IGVGDHYAxm,IGVGDHYAxm
IGVGDHYAxm,IGVGDHYAxm,IGVGDHYAxm,IGVGDHYAxm,IGVGDHYAxm,IGVGDHYAxm,IGVGDHYAxm,IGVGDHYAxm,IGVGDHYAxm,IGVGDHYAxm,IGVGDHYAxm
IGVGDHYAxm
IGVGDHYAxm
IGVGDHYAxm,IGVGDHYAxm,IGVGDHYAxm,IGVGDHYAxm,IGVGDHYAxm,IGVGDHYAxm,IGVGDHYAxm,IGVGDHYAxm,IGVGDHYAxm,IGVGDHYAxm
IGVGDHYAxm,IGVGDHYAxm,IGVGDHYAxm,IGVGDHYAxm,IGVGDHYAxm,IGVGDHYAxm,IGVGDHYAxm,IGVGDHYAxm,IGVGDHYAxm,IGVGDHYAxm
IGVGDHYAxm,IGVGDHYAxm,IGVGDHYAxm,IGVGDHYAxm,IGVGDHYAxm,IGVGDHYAxm,IGVGDHYAxm,IGVGDHYAxm,IGVGDHYAxm,IGVGDHYAxm
IGVGDHYAxm,IGVGDHYAxm,IGVGDHYAxm,IGVGDHYAxm,IGVGDHYAxm,IGVGDHYAxm,IGVGDHYAxm,IGVGDHYAxm,IGVGDHYAxm,IGVGDHYAxm
IGVGDHYAxm,IGVGDHYAxm,IGVGDHYAxm,IGVGDHYAxm,IGVGDHYAxm,IGVGDHYAxm,IGVGDHYAxm,IGVGDHYAxm,IGVGDHYAxm,IGVGDHYAxm
IGVGDHYAxm,IGVGDHYAxm,IGVGDHYAxm,IGVGDHYAxm,IGVGDHYAxm,IGVGDHYAxm,IGVGDHYAxm,IGVGDHYAxm,IGVGDHYAxm,IGVGDHYAxm,IGVGDHYAxm
IGVGDHYAxm,IGVGDHYAxm,IGVGDHYAxm,IGVGDHYAxm,IGVGDHYAxm,IGVGDHYAxm,IGVGDHYAxm,IGVGDHYAxm,IGVGDHYAxm,IGVGDHYAxm,IGVGDHYAxm
IGVGDHYAxm,IGVGDHYAxm,IGVGDHYAxm,IGVGDHYAxm,IGVGDHYAxm,IGVGDHYAxm,IGVGDHYAxm,IGVGDHYAxm,IGVGDHYAxm,IGVGDHYAxm
IGVGDHYAxm
IGVGDHYAxm,IGVGDHYAxm,IGVGDHYAxm,IGVGDHYAxm,IGVGDHYAxm,IGVGDHYAxm,IGVGDHYAxm,IGVGDHYAxm,IGVGDHYAxm,IGVGDHYAxm
IGVGDHYAxm,IGVGDHYAxm,IGVGDHYAxm,IGVGDHYAxm,IGVGDHYAxm,IGVGDHYAxm,IGVGDHYAxm,IGVGDHYAxm,IGVGDHYAxm,IGVGDHYAxm
IGVGDHYAxm
IGVGDHYAxm
IGVGDHYAxm
IGVGDHYAxm,IGVGDHYAxm,IGVGDHYAxm,IGVGDHYAxm,IGVGDHYAxm,IGVGDHYAxm,IGVGDHYAxm,IGVGDHYAxm,IGVGDHYAxm,IGVGDHYAxm,IGVGDHYAxm,IGVGDHYAxm
IGVGDHYAxm
IGVGDHYAxm
IGVGDHYAxm,IGVGDHYAxm,IGVGDHYAxm,IGVGDHYAxm,IGVGDHYAxm,IGVGDHYAxm,IGVGDHYAxm,IGVGDHYAxm,IGVGDHYAxm,IGVGDHYAxm
IGVGDHYAxm
IGVGDHYAxm,IGVGDHYAxm,IGVGDHYAxm,IGVGDHYAxm,IGVGDHYAxm,IGVGDHYAxm,IGVGDHYAxm,IGVGDHYAxm,IGVGDHYAxm,IGVGDHYAxm
IGVGDHYAxm
IGVGDHYAxm
IGVGDHYAxm,IGVGDHYAxm,IGVGDHYAxm,IGVGDHYAxm,IGVGDHYAxm,IGVGDHYAxm,IGVGDHYAxm,IGVGDHYAxm,IGVGDHYAxm
IGVGDHYAxm,IGVGDHYAxm,IGVGDHYAxm,IGVGDHYAxm,IGVGDHYAxm,IGVGDHYAxm,IGVGDHYAxm,IGVGDHYAxm,IGVGDHYAxm,IGVGDHYAxm
IGVGDHYAxm
IGVGDHYAxm
IGVGDHYAxm
IGVGDHYAxm
IGVGDHYAxm
IGVGDHYAxm,IGVGDHYAxm,IGVGDHYAxm,IGVGDHYAxm,IGVGDHYAxm,IGVGDHYAxm,IGVGDHYAxm,IGVGDHYAxm,IGVGDHYAxm,IGVGDHYAxm
IGVGDHYAxm,IGVGDHYAxm,IGVGDHYAxm,IGVGDHYAxm,IGVGDHYAxm,IGVGDHYAxm,IGVGDHYAxm,IGVGDHYAxm,IGVGDHYAxm,IGVGDHYAxm
IGVGDHYAxm
IGVGDHYAxm,IGVGDHYAxm,IGVGDHYAxm,IGVGDHYAxm,IGVGDHYAxm,IGVGDHYAxm,IGVGDHYAxm,IGVGDHYAxm,IGVGDHYAxm,IGVGDHYAxm,IGVGDHYAxm
IGVGDHYAxm
IGVGDHYAxm,IGVGDHYAxm,IGVGDHYAxm,IGVGDHYAxm,IGVGDHYAxm,IGVGDHYAxm,IGVGDHYAxm,IGVGDHYAxm,IGVGDHYAxm,IGVGDHYAxm
IGVGDHYAxm
IGVGDHYAxm
IGVGDHYAxm,IGVGDHYAxm,IGVGDHYAxm,IGVGDHYAxm,IGVGDHYAxm,IGVGDHYAxm,IGVGDHYAxm,IGVGDHYAxm,IGVGDHYAxm,IGVGDHYAxm,IGVGDHYAxm,IGVGDHYAxm
IGVGDHYAxm
IGVGDHYAxm,IGVGDHYAxm,IGVGDHYAxm,IGVGDHYAxm,IGVGDHYAxm,IGVGDHYAxm,IGVGDHYAxm,IGVGDHYAxm,IGVGDHYAxm,IGVGDHYAxm,IGVGDHYAxm,IGVGDHYAxm,IGVGDHYAxm,IGVGDHYAxm
IGVGDHYAxm
IGVGDHYAxm
IGVGDHYAxm
IGVGDHYAxm,IGVGDHYAxm,IGVGDHYAxm,IGVGDHYAxm,IGVGDHYAxm,IGVGDHYAxm,IGVGDHYAxm,IGVGDHYAxm,IGVGDHYAxm,IGVGDHYAxm,IGVGDHYAxm,IGVGDHYAxm,IGVGDHYAxm,IGVGDHYAxm,IGVGDHYAxm,IGVGDHYAxm,IGVGDHYAxm
IGVGDHYAxm
IGVGDHYAxm,IGVGDHYAxm,IGVGDHYAxm,IGVGDHYAxm,IGVGDHYAxm,IGVGDHYAxm,IGVGDHYAxm,IGVGDHYAxm,IGVGDHYAxm,IGVGDHYAxm,IGVGDHYAxm,IGVGDHYAxm,IGVGDHYAxm,IGVGDHYAxm,IGVGDHYAxm
IGVGDHYAxm
IGVGDHYAxm,IGVGDHYAxm,IGVGDHYAxm,IGVGDHYAxm,IGVGDHYAxm,IGVGDHYAxm,IGVGDHYAxm,IGVGDHYAxm,IGVGDHYAxm,IGVGDHYAxm,IGVGDHYAxm,IGVGDHYAxm,IGVGDHYAxm,IGVGDHYAxm,IGVGDHYAxm
IGVGDHYAxm,IGVGDHYAxm,IGVGDHYAxm,IGVGDHYAxm,IGVGDHYAxm,IGVGDHYAxm,IGVGDHYAxm,IGVGDHYAxm,IGVGDHYAxm,IGVGDHYAxm,IGVGDHYAxm,IGVGDHYAxm,IGVGDHYAxm,IGVGDHYAxm,IGVGDHYAxm
IGVGDHYAxm
IGVGDHYAxm,IGVGDHYAxm,IGVGDHYAxm,IGVGDHYAxm,IGVGDHYAxm,IGVGDHYAxm,IGVGDHYAxm,IGVGDHYAxm,IGVGDHYAxm,IGVGDHYAxm,IGVGDHYAxm,IGVGDHYAxm,IGVGDHYAxm,IGVGDHYAxm
IGVGDHYAxm
IGVGDHYAxm,IGVGDHYAxm,IGVGDHYAxm,IGVGDHYAxm,IGVGDHYAxm,IGVGDHYAxm,IGVGDHYAxm,IGVGDHYAxm,IGVGDHYAxm,IGVGDHYAxm
IGVGDHYAxm
IGVGDHYAxm
IGVGDHYAxm
IGVGDHYAxm,IGVGDHYAxm,IGVGDHYAxm,IGVGDHYAxm,IGVGDHYAxm,IGVGDHYAxm,IGVGDHYAxm,IGVGDHYAxm
IGVGDHYAxm,IGVGDHYAxm,IGVGDHYAxm,IGVGDHYAxm,IGVGDHYAxm,IGVGDHYAxm,IGVGDHYAxm,IGVGDHYAxm
IGVGDHYAxm
IGVGDHYAxm,IGVGDHYAxm,IGVGDHYAxm,IGVGDHYAxm,IGVGDHYAxm,IGVGDHYAxm,IGVGDHYAxm
IGVGDHYAxm
IGVGDHYAxm
IGVGDHYAxm
IGVGDHYAxm
IGVGDHYAxm,IGVGDHYAxm,IGVGDHYAxm,IGVGDHYAxm,IGVGDHYAxm,IGVGDHYAxm,IGVGDHYAxm
IGVGDHYAxm,IGVGDHYAxm,IGVGDHYAxm,IGVGDHYAxm,IGVGDHYAxm,IGVGDHYAxm,IGVGDHYAxm
IGVGDHYAxm,IGVGDHYAxm,IGVGDHYAxm,IGVGDHYAxm,IGVGDHYAxm,IGVGDHYAxm,IGVGDHYAxm,IGVGDHYAxm
IGVGDHYAxm,IGVGDHYAxm,IGVGDHYAxm,IGVGDHYAxm,IGVGDHYAxm,IGVGDHYAxm,IGVGDHYAxm,IGVGDHYAxm
IGVGDHYAxm,IGVGDHYAxm,IGVGDHYAxm,IGVGDHYAxm,IGVGDHYAxm,IGVGDHYAxm,IGVGDHYAxm
IGVGDHYAxm
IGVGDHYAxm,IGVGDHYAxm,IGVGDHYAxm,IGVGDHYAxm,IGVGDHYAxm,IGVGDHYAxm,IGVGDHYAxm
IGVGDHYAxm,IGVGDHYAxm,IGVGDHYAxm,IGVGDHYAxm,IGVGDHYAxm
IGVGDHYAxm
IGVGDHYAxm,IGVGDHYAxm,IGVGDHYAxm,IGVGDHYAxm,IGVGDHYAxm,IGVGDHYAxm,IGVGDHYAxm
IGVGDHYAxm,IGVGDHYAxm,IGVGDHYAxm,IGVGDHYAxm,IGVGDHYAxm,IGVGDHYAxm,IGVGDHYAxm
IGVGDHYAxm
IGVGDHYAxm,IGVGDHYAxm,IGVGDHYAxm,IGVGDHYAxm,IGVGDHYAxm,IGVGDHYAxm,IGVGDHYAxm
IGVGDHYAxm,IGVGDHYAxm,IGVGDHYAxm,IGVGDHYAxm,IGVGDHYAxm,IGVGDHYAxm,IGVGDHYAxm
IGVGDHYAxm,IGVGDHYAxm,IGVGDHYAxm,IGVGDHYAxm,IGVGDHYAxm,IGVGDHYAxm
IGVGDHYAxm,IGVGDHYAxm,IGVGDHYAxm,IGVGDHYAxm,IGVGDHYAxm,IGVGDHYAxm
IGVGDHYAxm
IGVGDHYAxm
IGVGDHYAxm,IGVGDHYAxm,IGVGDHYAxm,IGVGDHYAxm,IGVGDHYAxm,IGVGDHYAxm
IGVGDHYAxm
IGVGDHYAxm,IGVGDHYAxm,IGVGDHYAxm,IGVGDHYAxm,IGVGDHYAxm,IGVGDHYAxm
IGVGDHYAxm
IGVGDHYAxm
IGVGDHYAxm
IGVGDHYAxm
IGVGDHYAxm
IGVGDHYAxm,IGVGDHYAxm,IGVGDHYAxm,IGVGDHYAxm,IGVGDHYAxm,IGVGDHYAxm,IGVGDHYAxm
IGVGDHYAxm
IGVGDHYAxm,IGVGDHYAxm,IGVGDHYAxm,IGVGDHYAxm,IGVGDHYAxm,IGVGDHYAxm
IGVGDHYAxm
IGVGDHYAxm,IGVGDHYAxm,IGVGDHYAxm,IGVGDHYAxm,IGVGDHYAxm,IGVGDHYAxm
IGVGDHYAxm,IGVGDHYAxm,IGVGDHYAxm,IGVGDHYAxm,IGVGDHYAxm,IGVGDHYAxm
IGVGDHYAxm
IGVGDHYAxm,IGVGDHYAxm,IGVGDHYAxm,IGVGDHYAxm,IGVGDHYAxm,IGVGDHYAxm
IGVGDHYAxm
IGVGDHYAxm,IGVGDHYAxm,IGVGDHYAxm
IGVGDHYAxm
IGVGDHYAxm,IGVGDHYAxm,IGVGDHYAxm
IGVGDHYAxm
IGVGDHYAxm,IGVGDHYAxm,IGVGDHYAxm
IGVGDHYAxm,IGVGDHYAxm,IGVGDHYAxm
IGVGDHYAxm
IGVGDHYAxm,IGVGDHYAxm,IGVGDHYAxm,IGVGDHYAxm
IGVGDHYAxm,IGVGDHYAxm,IGVGDHYAxm,IGVGDHYAxm
IGVGDHYAxm
IGVGDHYAxm
IGVGDHYAxm,IGVGDHYAxm,IGVGDHYAxm,IGVGDHYAxm,IGVGDHYAxm
IGVGDHYAxm
IGVGDHYAxm,IGVGDHYAxm,IGVGDHYAxm,IGVGDHYAxm,IGVGDHYAxm,IGVGDHYAxm
IGVGDHYAxm
IGVGDHYAxm,IGVGDHYAxm,IGVGDHYAxm,IGVGDHYAxm,IGVGDHYAxm,IGVGDHYAxm,IGVGDHYAxm
IGVGDHYAxm,IGVGDHYAxm,IGVGDHYAxm,IGVGDHYAxm,IGVGDHYAxm,IGVGDHYAxm,IGVGDHYAxm
IGVGDHYAxm
IGVGDHYAxm,IGVGDHYAxm,IGVGDHYAxm,IGVGDHYAxm,IGVGDHYAxm,IGVGDHYAxm
IGVGDHYAxm
IGVGDHYAxm
IGVGDHYAxm
IGVGDHYAxm
IGVGDHYAxm
IGVGDHYAxm,IGVGDHYAxm,IGVGDHYAxm,IGVGDHYAxm,IGVGDHYAxm,IGVGDHYAxm,IGVGDHYAxm
IGVGDHYAxm
IGVGDHYAxm,IGVGDHYAxm,IGVGDHYAxm,IGVGDHYAxm,IGVGDHYAxm
IGVGDHYAxm,IGVGDHYAxm,IGVGDHYAxm,IGVGDHYAxm
IGVGDHYAxm,IGVGDHYAxm,IGVGDHYAxm,IGVGDHYAxm
IGVGDHYAxm
IGVGDHYAxm,IGVGDHYAxm,IGVGDHYAxm
IGVGDHYAxm,IGVGDHYAxm,IGVGDHYAxm
IGVGDHYAxm,IGVGDHYAxm,IGVGDHYAxm
IGVGDHYAxm,IGVGDHYAxm
IGVGDHYAxm,IGVGDHYAxm
IGVGDHYAxm
IGVGDHYAxm,IGVGDHYAxm,IGVGDHYAxm,IGVGDHYAxm
IGVGDHYAxm,IGVGDHYAxm,IGVGDHYAxm,IGVGDHYAxm
IGVGDHYAxm
IGVGDHYAxm
IGVGDHYAxm
IGVGDHYAxm,IGVGDHYAxm,IGVGDHYAxm
IGVGDHYAxm,IGVGDHYAxm
IGVGDHYAxm,IGVGDHYAxm
IGVGDHYAxm,IGVGDHYAxm
IGVGDHYAxm,IGVGDHYAxm,IGVGDHYAxm
IGVGDHYAxm
IGVGDHYAxm,IGVGDHYAxm
Jedi Wagner, assuma o comando!