Toque! Toque, Dijê!
Toque! Toque, Dijê!
[vazia]
[vazia]
e
e
e
e,HMPs,e,e
HMPs,e,e
HMPs
e
e,e,HMPs
e
e,e,HMPs
e,e,HMPs,e
e,e,HMPs,e
e
e,e,e,HMPs
e,e,e,HMPs
e,e,e,HMPs
e,e,HMPs
e
e,e,HMPs,HMPs
e
e,HMPs,HMPs,e
e
e
e,HMPs,HMPs,e
e
e,HMPs,HMPs
e,HMPs,HMPs
e,HMPs,HMPs
e
HMPs,HMPs,HMPs
HMPs
HMPs,e,HMPs
e
HMPs
HMPs,HMPs,HMPs,HMPs
HMPs,HMPs,HMPs,HMPs,HMPs,e,e,e
HMPs
HMPs,HMPs,HMPs,HMPs,HMPs,e
HMPs,HMPs,HMPs,HMPs,HMPs,e,HMPs
HMPs,HMPs,HMPs,HMPs,HMPs,HMPs,HMPs
HMPs
HMPs,HMPs,HMPs,HMPs,HMPs,HMPs,HMPs
HMPs
HMPs,HMPs,HMPs,HMPs,HMPs,HMPs,HMPs
HMPs
HMPs,HMPs,HMPs,HMPs,HMPs,HMPs
HMPs
HMPs,HMPs,HMPs,HMPs,HMPs,HMPs
HMPs,HMPs,HMPs,HMPs,HMPs,HMPs
HMPs,HMPs,HMPs,HMPs,HMPs,HMPs
HMPs,HMPs,HMPs,HMPs,HMPs,HMPs
HMPs
HMPs
HMPs,HMPs,HMPs,HMPs,HMPs,HMPs
HMPs,HMPs,HMPs,HMPs,HMPs,HMPs,e,e
HMPs,HMPs,HMPs,HMPs,HMPs,HMPs,e,e
HMPs,HMPs,HMPs,HMPs,HMPs,HMPs
HMPs
HMPs
HMPs
HMPs,HMPs,HMPs,HMPs,HMPs,HMPs,HMPs
HMPs,HMPs,HMPs,HMPs,HMPs,HMPs
HMPs
HMPs,HMPs,HMPs,HMPs,HMPs,HMPs
HMPs
HMPs,HMPs,HMPs,HMPs,HMPs,HMPs,HMPs,e
HMPs,HMPs,HMPs,HMPs,HMPs,HMPs,HMPs,e
HMPs
HMPs,HMPs,HMPs,HMPs,HMPs,HMPs,HMPs
HMPs,HMPs,HMPs,HMPs,HMPs,HMPs,HMPs,e
HMPs
HMPs
HMPs
HMPs,HMPs,HMPs,HMPs,HMPs
HMPs
HMPs
HMPs,HMPs,HMPs,HMPs,HMPs
HMPs,HMPs,HMPs,HMPs,HMPs
HMPs
HMPs,HMPs,HMPs,HMPs,HMPs
HMPs,HMPs,HMPs,HMPs,HMPs
HMPs
HMPs
HMPs
HMPs,HMPs,HMPs,e,HMPs
HMPs
HMPs,HMPs,HMPs,e,HMPs
HMPs,HMPs,HMPs,e,HMPs,e
HMPs,HMPs,HMPs,e,HMPs,e
e
HMPs
HMPs,e,HMPs
HMPs,HMPs,HMPs,e,HMPs,e
HMPs,HMPs,HMPs,HMPs,e
HMPs,HMPs,HMPs,HMPs,e
HMPs,HMPs,HMPs
HMPs
HMPs,HMPs,HMPs,HMPs
HMPs
HMPs,HMPs,HMPs,HMPs
HMPs,HMPs,HMPs,HMPs
HMPs
HMPs,HMPs,HMPs,HMPs
Jedi Wagner, assuma o comando!