pU,pU,B
pU
pU
pU
pU
pU
Vh
pU
pU
pU
pU
pU
pU
pU
pU,pU
pU,pU,Vh,pU
pU
pU
pU
pU
pU
pU,pU,Vh
pU
pU,Vh,pU
pU
pU,Vh,B
pU,Vh,B
pU
pU
pU
pU
pU
pU
Vh
Vh,pU,pU,Vh
pU
pU
Vh
pU,pU,Vh,Vh,pU
Vh
pU
pU,pU
Vh
pU,Vh,Vh,Vh
Vh
Vh
pU,Vh,Vh,pU
pU,Vh,Vh,pU
Vh
pU,Vh,Vh,pU,Vh
Vh
pU,Vh,Vh,pU
Vh
pU,Vh,Vh,pU,B
Vh
pU,Vh,pU,B
Vh
B,Vh,pU,Vh
pU,Vh,Vh,Vh,pU
pU
pU,Vh,Vh,Vh,pU
pU,Vh,Vh,Vh,pU
pU,Vh,Vh,Vh,pU,B
pU,Vh,Vh,Vh,pU,B
pU,Vh,Vh,Vh,pU,B
pU,Vh,Vh,Vh,pU,B
pU
B
Vh
pU,B,Vh,Vh,Vh,pU,pU
pU,B,Vh,Vh,Vh,pU,pU
pU,B,Vh,Vh,Vh,pU,pU
Vh
pU,Vh,Vh,Vh,pU,pU
pU,Vh,Vh,Vh,pU,pU
Vh
pU,Vh,Vh,Vh,pU,pU
pU,Vh,Vh,pU,pU
Vh
Vh,Vh,pU,pU
pU,Vh,Vh,Vh,pU,pU,Vh
Vh
Vh
Vh
Vh
pU,Vh,Vh,Vh,pU,pU
Vh
Vh
Vh
pU
pU,Vh,Vh,Vh,pU,pU
pU,Vh,Vh,pU,pU
pU,Vh,Vh,Vh,pU,pU
pU,Vh,Vh,Vh,pU,pU
pU,Vh,Vh,Vh,pU,pU,pU,B,pU,Vh
pU,Vh,Vh,Vh,pU,pU,pU,B,pU,Vh
pU,Vh,Vh,Vh,pU,pU,pU,B,pU,Vh,Vh
Vh
Vh
Vh
Vh
Vh,Vh,Vh,pU,pU
Vh
pU,Vh,Vh,Vh,pU,pU
pU
pU
pU,Vh,Vh,Vh,pU,pU,Vh
Vh
Vh
pU,Vh,Vh,pU,pU,Vh,pU
Vh
pU
Vh,Vh,Vh,pU,pU,Vh,pU,Vh,Vh,B,Vh
Vh,Vh,Vh,pU,pU,Vh,pU,B,Vh
Vh,Vh,Vh,pU,pU,Vh,pU,B,Vh
B
pU
pU
B
pU
pU
Vh
Vh
Vh
Vh,pU,Vh,pU,B,Vh,B,Vh,Vh,Vh,B,Vh,pU,Vh,pU
Vh
Vh
Vh
Vh,Vh,Vh,B,Vh,B,Vh,Vh,Vh,pU,B,Vh,pU,Vh,pU
Vh,Vh,Vh,B,Vh,B,Vh,Vh,Vh,pU,B,Vh,pU,Vh,pU
pU
Vh
Vh,Vh,Vh,Vh,B,Vh,Vh,Vh,pU,B,B,Vh,Vh,pU,Vh,B
Vh,Vh,Vh,Vh,B,Vh,Vh,Vh,pU,B,B,Vh,Vh,pU,Vh,B
B
B
B
Vh,Vh,Vh,B,Vh,Vh,Vh,B,B,Vh,Vh,pU,Vh,B,Vh,pU
B
Vh,Vh,Vh,B,Vh,Vh,Vh,B,B,Vh,Vh,Vh,B,pU,Vh,pU,pU,B
pU
Vh,Vh,Vh,B,Vh,Vh,Vh,B,B,Vh,Vh,Vh,B,pU,Vh,pU,pU,B
Vh,Vh,B,Vh,Vh,Vh,B,B,Vh,Vh,Vh,B,pU,Vh,pU,pU,B,B
Vh
Vh
Vh,B,Vh,Vh,Vh,B,B,Vh,Vh,Vh,B,pU,Vh,Vh,pU,pU,B,B
Vh
pU
pU
Vh,B,Vh,Vh,Vh,B,B,Vh,Vh,Vh,B,pU,Vh,Vh,pU,pU,B,B
B
Vh,B,Vh,Vh,Vh,B,B,Vh,Vh,Vh,B,pU,Vh,Vh,pU,pU,B,B
Vh,B,Vh,Vh,Vh,B,B,Vh,Vh,Vh,B,pU,Vh,Vh,pU,pU,B,B,Vh
B
B
Vh,Vh,Vh,Vh,B,Vh,Vh,Vh,B,pU,Vh,Vh,pU,pU,B,B,B,Vh
Vh,Vh,Vh,B,Vh,Vh,Vh,B,pU,Vh,Vh,pU,pU,B,B,Vh,B,Vh
Vh,Vh,Vh,B,Vh,Vh,pU,B,B,Vh,pU,B,Vh,pU,Vh,B,Vh,B
B
B
Vh,Vh,Vh,Vh,Vh,B,B,Vh,B,Vh,pU,Vh,B,Vh,B,Vh,pU,Vh
Vh,Vh,Vh,Vh,Vh,B,B,Vh,B,Vh,Vh,B,Vh,B,Vh,pU,Vh,B
B
Vh,Vh,Vh,Vh,Vh,B,B,Vh,B,Vh,Vh,B,Vh,B,Vh,pU,Vh,B,Vh
Vh,Vh,Vh,Vh,Vh,B,B,Vh,B,Vh,Vh,B,Vh,B,Vh,pU,Vh,B,Vh
Vh
Vh
Vh,B,Vh,Vh,Vh,B,B,Vh,Vh,Vh,B,pU,Vh,Vh,pU,pU,B,B
Vh
Vh
Vh
B,Vh,Vh,Vh,B,B,Vh,Vh,Vh,B,pU,Vh,Vh,pU,pU,B,B,B
B,Vh,Vh,Vh,B,pU,B,Vh,Vh,Vh,B,Vh,Vh,pU,pU,B,B,B
B
B
B
B
B
Vh,Vh,Vh,B,B,pU,B,Vh,Vh,Vh,B,Vh,Vh,pU,pU,B,B,B
Vh,Vh,Vh,B,B,pU,B,Vh,Vh,Vh,B,Vh,Vh,pU,pU,B,B,B,Vh
B,Vh,Vh,Vh,B,B,Vh,Vh,Vh,B,Vh,Vh,pU,pU,B,B,B
B
Vh,Vh,Vh,pU,B,B,Vh,Vh,Vh,B,Vh,Vh,pU,pU,B,B,B
Vh,Vh,pU,B,B,Vh,Vh,Vh,B,Vh,Vh,pU,B,B,B
Vh,Vh,Vh,pU,B,B,Vh,Vh,Vh,B,Vh,Vh,pU,pU,B,B,B
B
Vh,Vh,Vh,pU,B,B,Vh,Vh,Vh,B,Vh,Vh,pU,pU,B,B,B
B
B
B
Vh,Vh,Vh,pU,B,Vh,Vh,Vh,B,Vh,Vh,pU,pU,B,B,B,pU,B
B
Vh,Vh,pU,Vh,B,Vh,Vh,Vh,B,Vh,Vh,pU,pU,B,B,B
Vh
Vh
Vh
Vh,pU,Vh,Vh,B,Vh,Vh,Vh,B,Vh,Vh,pU,pU,B,B,B,B
Vh,Vh,B,Vh,Vh,Vh,B,Vh,Vh,pU,pU,B,B,B,B
Vh
Vh,Vh,B,Vh,Vh,Vh,B,Vh,Vh,pU,pU,B,B,B,B,B
Vh
Vh,B,Vh,Vh,Vh,Vh,B,Vh,Vh,pU,pU,B,B,B,B,B
Jedi Wagner, assuma o comando!