[vazia]
QqebUZCSb,FatW
QqebUZCSb
QqebUZCSb,FatW,x
QqebUZCSb
QqebUZCSb
QqebUZCSb,FatW,x,yK
QqebUZCSb
x,yK
x
x
yK,yK,FatW
yK
FatW
yK,yK,FatW,MaTtDHHD,OQmGK
yK,yK,FatW
yK,yK,FatW
yK
yK,yK,FatW
yK,yK,FatW
yK,FatW,yK,wtyC
wtyC
wtyC
FatW,yK,wtyC,MaTtDHHD
yK,wtyC,FatW,MaTtDHHD,OQmGK
yK,wtyC,FatW,MaTtDHHD,OQmGK
yK,wtyC,FatW,MaTtDHHD,OQmGK
yK,wtyC,FatW,MaTtDHHD,MaTtDHHD
yK,FatW,wtyC,MaTtDHHD,MaTtDHHD
wtyC
FatW
FatW
FatW,yK,wtyC,x
FatW,yK,wtyC,x
FatW,yK,wtyC,x,OQmGK
wtyC
wtyC
FatW,yK,wtyC,yK
wtyC,yK,FatW,yK,wtyC
FatW,yK,wtyC,yK,wtyC,wtyC
FatW,yK,wtyC,yK,wtyC,wtyC
yK
wtyC
wtyC
wtyC
wtyC
FatW,yK,wtyC,yK,wtyC,yK
yK
FatW,yK,yK,wtyC,yK,wtyC
yK
yK
yK
FatW,yK,yK,yK,wtyC
FatW,yK,yK,yK,wtyC
yK
yK
FatW,yK,yK,yK,wtyC,OQmGK,MaTtDHHD
yK
yK
FatW,yK,yK,yK,wtyC,OQmGK,MaTtDHHD,OQmGK
FatW,yK,yK,yK,wtyC,OQmGK,MaTtDHHD,OQmGK
yK
yK
yK
MaTtDHHD
MaTtDHHD
MaTtDHHD
OQmGK,yK,FatW,MaTtDHHD,OQmGK,yK,OQmGK,yK,yK,x
OQmGK,yK,FatW,MaTtDHHD,OQmGK,yK,OQmGK,yK,yK,x
OQmGK,FatW,MaTtDHHD,OQmGK,yK,OQmGK,yK,yK,x
MaTtDHHD
MaTtDHHD
OQmGK,FatW,MaTtDHHD,OQmGK,yK,OQmGK,yK,yK,x,QqebUZCSb,yK
OQmGK
OQmGK
OQmGK
OQmGK,FatW,MaTtDHHD,OQmGK,yK,OQmGK,yK,yK,x,QqebUZCSb,yK
x
OQmGK,FatW,MaTtDHHD,OQmGK,x,OQmGK,yK,QqebUZCSb,yK,OQmGK,wtyC
x
x
OQmGK,FatW,MaTtDHHD,OQmGK,yK,x,OQmGK,yK,yK,QqebUZCSb,yK,OQmGK
x
x
OQmGK,FatW,MaTtDHHD,OQmGK,yK,x,OQmGK,yK,yK,QqebUZCSb,yK,OQmGK
OQmGK,OQmGK,yK,x,FatW,OQmGK,yK,yK,QqebUZCSb,yK,OQmGK
x
OQmGK,FatW,MaTtDHHD,OQmGK,yK,x,OQmGK,yK,yK,QqebUZCSb,yK,OQmGK
x
OQmGK,FatW,OQmGK,yK,x,MaTtDHHD,OQmGK,yK,yK,QqebUZCSb,yK,OQmGK
OQmGK,FatW,OQmGK,yK,x,MaTtDHHD,OQmGK,yK,yK,QqebUZCSb,yK,OQmGK
FatW,OQmGK,yK,x,MaTtDHHD,OQmGK,OQmGK,yK,yK,QqebUZCSb,yK,OQmGK
OQmGK,FatW,OQmGK,yK,x,MaTtDHHD,OQmGK,yK,yK,QqebUZCSb,yK,OQmGK
yK
yK
FatW
OQmGK,OQmGK,x,MaTtDHHD,OQmGK,yK,FatW,yK,yK,OQmGK,QqebUZCSb,OQmGK,yK
OQmGK,FatW,OQmGK,x,OQmGK,yK,yK,QqebUZCSb,yK,OQmGK,QqebUZCSb
x
x
FatW
QqebUZCSb
OQmGK,OQmGK,yK,FatW,QqebUZCSb,yK,OQmGK,QqebUZCSb,MaTtDHHD,yK
OQmGK,OQmGK,OQmGK,yK,FatW,QqebUZCSb,yK,OQmGK,QqebUZCSb,MaTtDHHD,yK
yK
yK
yK
OQmGK,OQmGK,OQmGK,FatW,QqebUZCSb,yK,OQmGK,QqebUZCSb,yK,MaTtDHHD
OQmGK,OQmGK,OQmGK,FatW,QqebUZCSb,yK,OQmGK,QqebUZCSb,yK,MaTtDHHD
QqebUZCSb
QqebUZCSb
OQmGK,OQmGK,OQmGK,FatW,yK,OQmGK,QqebUZCSb,yK,MaTtDHHD
OQmGK,OQmGK,OQmGK,QqebUZCSb,OQmGK,QqebUZCSb,FatW,yK,MaTtDHHD,x
OQmGK,OQmGK,OQmGK,QqebUZCSb,OQmGK,QqebUZCSb,FatW,yK,MaTtDHHD,x
FatW
OQmGK,OQmGK,OQmGK,QqebUZCSb,OQmGK,QqebUZCSb,FatW,yK,MaTtDHHD,x,QqebUZCSb
OQmGK,OQmGK,OQmGK,QqebUZCSb,OQmGK,QqebUZCSb,FatW,yK,MaTtDHHD,x,QqebUZCSb
OQmGK,OQmGK,OQmGK,QqebUZCSb,OQmGK,QqebUZCSb,FatW,yK,MaTtDHHD,x,QqebUZCSb
FatW
x
OQmGK,OQmGK,OQmGK,OQmGK,QqebUZCSb,FatW,yK,MaTtDHHD,x,QqebUZCSb
OQmGK,OQmGK,OQmGK,OQmGK,QqebUZCSb,FatW,yK,MaTtDHHD,x,QqebUZCSb
OQmGK,OQmGK,OQmGK,OQmGK,FatW,QqebUZCSb,yK,MaTtDHHD
OQmGK,OQmGK,OQmGK,OQmGK,FatW,QqebUZCSb,yK,MaTtDHHD
OQmGK,OQmGK,OQmGK,OQmGK,FatW,QqebUZCSb,yK,MaTtDHHD
QqebUZCSb
Jedi Wagner, assuma o comando!