[vazia]
Toque! Toque, Dijê!
Toque! Toque, Dijê!
Toque! Toque, Dijê!
yFi
[vazia]
[vazia]
[vazia]
Toque! Toque, Dijê!
ggvQBkhbfg
ggvQBkhbfg
ggvQBkhbfg
ggvQBkhbfg
[vazia]
Toque! Toque, Dijê!
[vazia]
[vazia]
[vazia]
Toque! Toque, Dijê!
yFi
yFi
yFi
yFi
Toque! Toque, Dijê!
yFi
yFi
yFi
yFi
yFi
yFi
yFi
yFi
yFi
[vazia]
yFi,sSTDh
sSTDh
yFi,sSTDh
yFi,sSTDh
sSTDh
sSTDh
ggvQBkhbfg
yFi,ggvQBkhbfg,sSTDh,sSTDh,ggvQBkhbfg
yFi,sSTDh,ggvQBkhbfg,sSTDh,ggvQBkhbfg
yFi,sSTDh,ggvQBkhbfg,sSTDh,ggvQBkhbfg
yFi,sSTDh,ggvQBkhbfg,sSTDh
yFi,sSTDh,ggvQBkhbfg,sSTDh
yFi,sSTDh,ggvQBkhbfg,sSTDh
Jedi Wagner, assuma o comando!