Toque! Toque, Dijê!
[vazia]
[vazia]
Toque! Toque, Dijê!
Toque! Toque, Dijê!
Toque! Toque, Dijê!
FfCsZ
FfCsZ,FfCsZ,FfCsZ,B
FfCsZ
FfCsZ,FfCsZ,FfCsZ,B,B
FfCsZ,FfCsZ,FfCsZ,B,B
FfCsZ
FfCsZ,FfCsZ,FfCsZ,B
FfCsZ
FfCsZ
wUW
FfCsZ,wUW,wUW
wUW
FfCsZ,wUW,wUW
wUW
wUW
FfCsZ,wUW
wUW
wUW
FfCsZ,wUW,FfCsZ
FfCsZ,wUW
FfCsZ
FfCsZ
FfCsZ
FfCsZ
FfCsZ
FfCsZ
FfCsZ,wUW,wUW
wUW
wUW
wUW
wUW,B
wUW
wUW,B,E,E
wUW
wUW
wUW
wUW,E,E,B,B
wUW
wUW
wUW
wUW
wUW
wUW
wUW
wUW
wUW,FfCsZ
wUW,B,E,E,wUW
wUW,B,E,E,wUW
wUW
wUW,B
wUW
wUW
wUW
wUW
wUW
B,FfCsZ,B
FfCsZ
FfCsZ,B,B,B,E
wUW
wUW
wUW
wUW,E
wUW,E
wUW
[vazia]
Toque! Toque, Dijê!
[vazia]
wUW
wUW
wUW
wUW
wUW,wUW
wUW
wUW
wUW,wUW
wUW,wUW
wUW
wUW,E,wUW,wUW
E
E
E,wUW,wUW,wUW,wUW
E,wUW,wUW,wUW,wUW
E,wUW,wUW,wUW,wUW
E,wUW,wUW,wUW,wUW
wUW,wUW,E,wUW,wUW
wUW,wUW,E,wUW,wUW
wUW
wUW,wUW,wUW,wUW,B
wUW,wUW,wUW,wUW,B
wUW,wUW,E,wUW,wUW,B
wUW,wUW,E,wUW,wUW,B
wUW,wUW,E,wUW,wUW,B
E
wUW
wUW
wUW
wUW,wUW,E,wUW,wUW
wUW
wUW
wUW,wUW,wUW,wUW,FfCsZ
FfCsZ
wUW,wUW,wUW,wUW,FfCsZ
wUW
wUW,wUW,wUW,wUW,E
wUW
wUW,wUW,wUW,wUW,E
wUW
wUW,wUW,wUW,wUW,E,wUW,E
wUW,wUW,wUW,wUW,E,wUW,E
wUW
wUW
wUW
wUW,wUW,wUW,wUW,E,wUW,E,FfCsZ
wUW
E
wUW
wUW
wUW
wUW,wUW,wUW,wUW,E,wUW,E
wUW,E,wUW,wUW,wUW,wUW,E
wUW
wUW,wUW,wUW,wUW,E,wUW,E
wUW,wUW,wUW,E,wUW,E
wUW,E,wUW,wUW,wUW,E,E
wUW,E,wUW,wUW,wUW,E,E
wUW,E,wUW,wUW,wUW,E,E
wUW,E,wUW,wUW,wUW,E,FfCsZ
E
E
E
E
E,wUW,wUW,wUW,wUW,E,FfCsZ,B,B
E,wUW,wUW,wUW,wUW,E,FfCsZ,B,B
E,wUW,wUW,wUW,wUW,E,FfCsZ,B,B
E,wUW,wUW,wUW,wUW,E,FfCsZ,B,B
E,wUW,wUW,wUW,wUW,E,FfCsZ,B,B
B
B
E
B,E,wUW,wUW,wUW,wUW,E,B
E
E,wUW,wUW,wUW,wUW,E,B,E
E
E,wUW,wUW,wUW,wUW,E,E,B,FfCsZ
E,wUW,wUW,wUW,wUW,E,E,B,FfCsZ
E,wUW,wUW,wUW,wUW,E,E,B,FfCsZ
wUW
E,wUW,wUW,wUW,wUW,E,E,B,FfCsZ,E,E,wUW
wUW
wUW
E,wUW,wUW,wUW,wUW,E,E,FfCsZ,E,E
E,wUW,wUW,wUW,wUW,E,E,B,FfCsZ
wUW
E,wUW,FfCsZ,wUW,wUW,wUW,E,E,B,wUW,FfCsZ,B
E
wUW
wUW
E,wUW,wUW,wUW,wUW,E,E,wUW,E,E
wUW
wUW
wUW
wUW
E,wUW,wUW,wUW,wUW,E,E,B,FfCsZ,FfCsZ,B,B
E,wUW,wUW,wUW,wUW,E,E,B,FfCsZ,FfCsZ,B,B
wUW
E,wUW,wUW,wUW,wUW,E,E,B,FfCsZ,FfCsZ,B,B
E,wUW,wUW,wUW,wUW,E,E,B,FfCsZ,FfCsZ,B,B
wUW
E,wUW,wUW,wUW,wUW,E,E,B,FfCsZ,FfCsZ,B,B
E
E,wUW,wUW,E,B,wUW,E,FfCsZ,FfCsZ,B,B,B
wUW,wUW,E,E,wUW,E,FfCsZ,B,B,FfCsZ
FfCsZ
E,wUW,wUW,wUW,wUW,E,E,B,FfCsZ,FfCsZ,B,B
E,wUW,wUW,wUW,E,wUW,E,B,FfCsZ,FfCsZ,B,B
B
E,wUW,wUW,wUW,wUW,E,E,B,FfCsZ,FfCsZ,B,B
E
E
E,wUW,wUW,wUW,E,E,B,FfCsZ,FfCsZ,B,B
E,wUW,wUW,wUW,E,E,B,FfCsZ,FfCsZ,B,B
E,wUW,wUW,wUW,E,B,E,FfCsZ,FfCsZ,B,B,E
B
E,wUW,wUW,E,B,E,FfCsZ,FfCsZ,B,B,E
E
E,wUW,wUW,wUW,E,B,E,FfCsZ,FfCsZ,B,B,E
FfCsZ
wUW,wUW,wUW,E,B,E,FfCsZ,FfCsZ,B,B,E
FfCsZ
wUW,wUW,E,B,E,FfCsZ,FfCsZ,wUW,B,B,E,B,FfCsZ,B
wUW
wUW
Jedi Wagner, assuma o comando!