[vazia]
Toque! Toque, Dijê!
[vazia]
Toque! Toque, Dijê!
Toque! Toque, Dijê!
Toque! Toque, Dijê!
Toque! Toque, Dijê!
[vazia]
Toque! Toque, Dijê!
VI
VI
VI
VI
VI
VI
VI,KckSZvOgD
VI
VI
VI
VI
VI
VI
VI,nYjCwe
VI,nYjCwe,zmQApjj
VI
VI,nYjCwe
VI,nYjCwe
nYjCwe
nYjCwe
nYjCwe,zmQApjj
zmQApjj
VI,nYjCwe,KckSZvOgD
VI,nYjCwe,KckSZvOgD,VI
VI,nYjCwe
VI,nYjCwe
VI
VI
VI
VI
VI
VI,zmQApjj,nYjCwe
VI,zmQApjj,nYjCwe
VI,zmQApjj,nYjCwe
zmQApjj
zmQApjj
nYjCwe
VI,zmQApjj,nYjCwe,KckSZvOgD
VI
VI,KckSZvOgD,KckSZvOgD
VI,KckSZvOgD,KckSZvOgD
VI,KckSZvOgD,KckSZvOgD
VI,KckSZvOgD,KckSZvOgD
VI
VI,KckSZvOgD,KckSZvOgD,nYjCwe
VI,KckSZvOgD,KckSZvOgD,nYjCwe
KckSZvOgD,VI,KckSZvOgD
VI
VI
VI,KckSZvOgD,KckSZvOgD
VI,KckSZvOgD,KckSZvOgD
VI,KckSZvOgD,KckSZvOgD,zmQApjj
VI,KckSZvOgD,KckSZvOgD,UlW
VI,KckSZvOgD,KckSZvOgD,huCcfFsoQ
VI,KckSZvOgD,KckSZvOgD,huCcfFsoQ
KckSZvOgD
KckSZvOgD
KckSZvOgD
KckSZvOgD,KckSZvOgD,huCcfFsoQ,LcwtQko
KckSZvOgD,KckSZvOgD,huCcfFsoQ,VI
KckSZvOgD,KckSZvOgD
KckSZvOgD,KckSZvOgD
KckSZvOgD
KckSZvOgD,KckSZvOgD,huCcfFsoQ
KckSZvOgD
KckSZvOgD,KckSZvOgD,huCcfFsoQ
KckSZvOgD
KckSZvOgD
KckSZvOgD,KckSZvOgD,huCcfFsoQ
KckSZvOgD
KckSZvOgD,KckSZvOgD
KckSZvOgD,KckSZvOgD
KckSZvOgD,KckSZvOgD
KckSZvOgD,KckSZvOgD
KckSZvOgD
KckSZvOgD
KckSZvOgD,KckSZvOgD,KckSZvOgD
KckSZvOgD
KckSZvOgD
KckSZvOgD,KckSZvOgD
KckSZvOgD,KckSZvOgD,nYjCwe
nYjCwe
KckSZvOgD,KckSZvOgD,KckSZvOgD,KckSZvOgD,huCcfFsoQ
KckSZvOgD
KckSZvOgD,KckSZvOgD,KckSZvOgD,KckSZvOgD
KckSZvOgD
KckSZvOgD,KckSZvOgD,nYjCwe,KckSZvOgD,KckSZvOgD
KckSZvOgD
KckSZvOgD,KckSZvOgD,nYjCwe,KckSZvOgD,KckSZvOgD
KckSZvOgD,KckSZvOgD,nYjCwe,KckSZvOgD,KckSZvOgD
KckSZvOgD,KckSZvOgD,nYjCwe,KckSZvOgD,KckSZvOgD,zmQApjj
KckSZvOgD
nYjCwe
KckSZvOgD,KckSZvOgD,KckSZvOgD,KckSZvOgD,nYjCwe,zmQApjj
KckSZvOgD,KckSZvOgD,KckSZvOgD,KckSZvOgD,zmQApjj,zmQApjj
KckSZvOgD,KckSZvOgD,KckSZvOgD,KckSZvOgD,zmQApjj,zmQApjj
zmQApjj
zmQApjj
KckSZvOgD,KckSZvOgD,KckSZvOgD,KckSZvOgD,zmQApjj,zmQApjj,KckSZvOgD,VI
KckSZvOgD,KckSZvOgD,KckSZvOgD,KckSZvOgD,zmQApjj,zmQApjj,KckSZvOgD,VI
zmQApjj
KckSZvOgD,KckSZvOgD,KckSZvOgD,KckSZvOgD,zmQApjj,zmQApjj,KckSZvOgD,VI,LcwtQko
KckSZvOgD,KckSZvOgD,KckSZvOgD,zmQApjj,KckSZvOgD,VI,zmQApjj,KckSZvOgD
KckSZvOgD,KckSZvOgD,KckSZvOgD,zmQApjj,KckSZvOgD,VI,zmQApjj,KckSZvOgD,UlW
KckSZvOgD
KckSZvOgD
KckSZvOgD
KckSZvOgD,KckSZvOgD,KckSZvOgD,VI,KckSZvOgD,KckSZvOgD,zmQApjj,UlW,UlW,VI,huCcfFsoQ
KckSZvOgD
KckSZvOgD,KckSZvOgD,KckSZvOgD,VI,KckSZvOgD,KckSZvOgD,zmQApjj,UlW,UlW,VI,huCcfFsoQ,UlW
KckSZvOgD,KckSZvOgD,KckSZvOgD,VI,KckSZvOgD,KckSZvOgD,zmQApjj,UlW,UlW,VI,huCcfFsoQ,UlW
UlW
KckSZvOgD,KckSZvOgD,VI,KckSZvOgD,KckSZvOgD,UlW,zmQApjj,UlW,VI,huCcfFsoQ,UlW
UlW
KckSZvOgD,KckSZvOgD,VI,KckSZvOgD,KckSZvOgD,zmQApjj,UlW,UlW,VI,huCcfFsoQ,UlW
KckSZvOgD,KckSZvOgD,VI,KckSZvOgD,KckSZvOgD,zmQApjj,UlW,UlW,VI,huCcfFsoQ,UlW
KckSZvOgD,KckSZvOgD,KckSZvOgD,KckSZvOgD,zmQApjj,UlW,UlW,VI,huCcfFsoQ,UlW,zmQApjj,zmQApjj,zmQApjj,KckSZvOgD
KckSZvOgD,KckSZvOgD,KckSZvOgD,KckSZvOgD,zmQApjj,UlW,UlW,VI,huCcfFsoQ,UlW,zmQApjj,zmQApjj,zmQApjj,KckSZvOgD,VI
VI
KckSZvOgD,KckSZvOgD,KckSZvOgD,KckSZvOgD,zmQApjj,UlW,UlW,VI,huCcfFsoQ,UlW,zmQApjj,zmQApjj,zmQApjj,KckSZvOgD,VI
VI
KckSZvOgD,KckSZvOgD,KckSZvOgD,zmQApjj,UlW,UlW,VI,KckSZvOgD,huCcfFsoQ,UlW,zmQApjj,zmQApjj,zmQApjj,KckSZvOgD,VI,UlW
VI
Jedi Wagner, assuma o comando!