[vazia]
Toque! Toque, Dijê!
[vazia]
Toque! Toque, Dijê!
[vazia]
[vazia]
pcTgi
Toque! Toque, Dijê!
Toque! Toque, Dijê!
[vazia]
Toque! Toque, Dijê!
Toque! Toque, Dijê!
[vazia]
QCBHhCPG,y
QCBHhCPG
[vazia]
Toque! Toque, Dijê!
[vazia]
[vazia]
TyhfMiKre
TyhfMiKre
TyhfMiKre
TyhfMiKre
pcTgi
Toque! Toque, Dijê!
Toque! Toque, Dijê!
[vazia]
[vazia]
[vazia]
[vazia]
[vazia]
Toque! Toque, Dijê!
ezDwGdL,vLcOIflfS
[vazia]
[vazia]
[vazia]
QUAY
QUAY
QUAY
QUAY
F
F
F
F
F,ezDwGdL
F
F
F
F
F,F,F,vLcOIflfS
F,F,F,vLcOIflfS
F
F
F,F,F
F
F
F
F,ezDwGdL
F
F
F
F
F
F
F
F
F
F
F
F
F
F
F
F
F
F,TyhfMiKre,vLcOIflfS
F
F
F
F,TyhfMiKre,vLcOIflfS
F,TyhfMiKre,vLcOIflfS
F,TyhfMiKre,vLcOIflfS
F
F
F,TyhfMiKre
vLcOIflfS
ezDwGdL
vLcOIflfS,ezDwGdL
ezDwGdL
vLcOIflfS,ezDwGdL
vLcOIflfS,ezDwGdL,TyhfMiKre
ezDwGdL
vLcOIflfS,ezDwGdL,TyhfMiKre,F
vLcOIflfS,ezDwGdL,TyhfMiKre,F
ezDwGdL
QCBHhCPG
ezDwGdL,QCBHhCPG
ezDwGdL
ezDwGdL,QCBHhCPG,QCBHhCPG
ezDwGdL
QCBHhCPG
ezDwGdL,QCBHhCPG
QCBHhCPG
ezDwGdL,QCBHhCPG,F
ezDwGdL,QCBHhCPG,F
ezDwGdL,QCBHhCPG,F
QCBHhCPG
QCBHhCPG
ezDwGdL,QCBHhCPG
QCBHhCPG
ezDwGdL,QCBHhCPG
ezDwGdL,QCBHhCPG
ezDwGdL
ezDwGdL,QCBHhCPG
ezDwGdL
ezDwGdL
ezDwGdL,QCBHhCPG,pcTgi
QCBHhCPG
QCBHhCPG
QCBHhCPG
QCBHhCPG
QCBHhCPG
ezDwGdL,QCBHhCPG,ezDwGdL,KP,QCBHhCPG
ezDwGdL,QCBHhCPG,ezDwGdL,KP,QCBHhCPG
ezDwGdL,QCBHhCPG,ezDwGdL,KP,QCBHhCPG,QUAY
ezDwGdL,QCBHhCPG
ezDwGdL,QCBHhCPG
ezDwGdL,QCBHhCPG,pcTgi
QCBHhCPG
QCBHhCPG
QCBHhCPG,ezDwGdL
QCBHhCPG
QCBHhCPG
ezDwGdL,QCBHhCPG
ezDwGdL
ezDwGdL
ezDwGdL
ezDwGdL
F,ezDwGdL,vLcOIflfS
QCBHhCPG
QCBHhCPG
QCBHhCPG
QCBHhCPG
ezDwGdL,QCBHhCPG
ezDwGdL,QCBHhCPG
QCBHhCPG,ezDwGdL
QCBHhCPG,ezDwGdL
QCBHhCPG,ezDwGdL
gwldNN
QCBHhCPG,ezDwGdL,gwldNN
gwldNN
QCBHhCPG,ezDwGdL,gwldNN,y
gwldNN
gwldNN
QCBHhCPG,ezDwGdL,gwldNN,y
y
y
y
QCBHhCPG,ezDwGdL,y,gwldNN,ezDwGdL,y,QUAY
y
y
gwldNN
ezDwGdL
ezDwGdL
gwldNN
gwldNN
gwldNN
gwldNN
QCBHhCPG,ezDwGdL,gwldNN
gwldNN
QCBHhCPG,ezDwGdL,F,gwldNN,KP,pcTgi
QCBHhCPG,ezDwGdL,F,gwldNN,KP,pcTgi
F
QCBHhCPG,ezDwGdL,F,gwldNN,KP,pcTgi
F
QCBHhCPG,ezDwGdL,gwldNN,vLcOIflfS
QCBHhCPG,ezDwGdL,gwldNN,vLcOIflfS
vLcOIflfS
vLcOIflfS
QCBHhCPG,ezDwGdL,gwldNN,vLcOIflfS,gwldNN,QUAY
vLcOIflfS
QCBHhCPG,ezDwGdL,gwldNN,vLcOIflfS,gwldNN,QUAY,QCBHhCPG
QCBHhCPG,ezDwGdL,gwldNN,vLcOIflfS,gwldNN,QUAY,QCBHhCPG
Jedi Wagner, assuma o comando!