[vazia]
CHHm
CHHm
CHHm
CHHm
CHHm
CHHm
CHHm
CHHm
CHHm
CHHm
CHHm
CHHm,CHHm
CHHm
CHHm
CHHm
CHHm
CHHm
CHHm,CHHm,CHHm
CHHm
CHHm
CHHm
CHHm
CHHm
CHHm
CHHm
CHHm
CHHm
CHHm
CHHm
CHHm
CHHm
CHHm
CHHm
CHHm
CHHm
CHHm
CHHm
CHHm
[vazia]
CHHm
CHHm
CHHm
Toque! Toque, Dijê!
Toque! Toque, Dijê!
CHHm
CHHm
CHHm
[vazia]
Toque! Toque, Dijê!
CHHm
CHHm,CHHm
CHHm,CHHm
CHHm
CHHm
CHHm
CHHm
CHHm,CHHm
CHHm,CHHm
CHHm
[vazia]
Toque! Toque, Dijê!
CHHm,CHHm,CHHm
CHHm
CHHm,CHHm,CHHm
CHHm,CHHm,CHHm
CHHm
CHHm,CHHm,CHHm
CHHm
CHHm,CHHm,CHHm,CHHm
CHHm
CHHm
Toque! Toque, Dijê!
CHHm
CHHm
CHHm,CHHm
CHHm,CHHm
CHHm
CHHm,CHHm,CHHm
CHHm,CHHm,CHHm
CHHm
CHHm,CHHm,CHHm
CHHm
CHHm
CHHm,CHHm,CHHm
CHHm
CHHm
CHHm,CHHm,CHHm
CHHm,CHHm,CHHm
CHHm,CHHm,CHHm,CHHm
CHHm
CHHm,CHHm,CHHm,CHHm,CHHm,CHHm,CHHm
CHHm
CHHm
CHHm,CHHm,CHHm,CHHm,CHHm,CHHm,CHHm,CHHm
CHHm,CHHm,CHHm,CHHm,CHHm,CHHm,CHHm,CHHm
CHHm,CHHm,CHHm,CHHm,CHHm,CHHm,CHHm,CHHm
CHHm,CHHm,CHHm,CHHm,CHHm,CHHm,CHHm,CHHm,CHHm
CHHm,CHHm,CHHm,CHHm,CHHm,CHHm,CHHm,CHHm,CHHm,CHHm
CHHm,CHHm,CHHm,CHHm,CHHm,CHHm,CHHm,CHHm,CHHm
CHHm
CHHm
CHHm,CHHm,CHHm,CHHm,CHHm,CHHm,CHHm,CHHm,CHHm,CHHm
CHHm
CHHm,CHHm,CHHm,CHHm,CHHm,CHHm
CHHm,CHHm,CHHm,CHHm,CHHm,CHHm,CHHm,CHHm
CHHm
CHHm
CHHm
CHHm
CHHm,CHHm,CHHm,CHHm,CHHm,CHHm,CHHm
CHHm
CHHm
CHHm
CHHm
CHHm,CHHm,CHHm,CHHm,CHHm,CHHm,CHHm,CHHm
CHHm
CHHm,CHHm,CHHm,CHHm,CHHm,CHHm,CHHm,CHHm
CHHm,CHHm,CHHm,CHHm,CHHm,CHHm,CHHm,CHHm
CHHm
CHHm
CHHm,CHHm,CHHm,CHHm,CHHm,CHHm,CHHm,CHHm,CHHm
CHHm,CHHm,CHHm,CHHm,CHHm,CHHm,CHHm,CHHm,CHHm
CHHm
CHHm,CHHm,CHHm,CHHm,CHHm,CHHm,CHHm,CHHm
CHHm,CHHm,CHHm,CHHm,CHHm,CHHm,CHHm,CHHm
CHHm,CHHm,CHHm,CHHm,CHHm,CHHm,CHHm,CHHm
CHHm
CHHm,CHHm,CHHm,CHHm,CHHm,CHHm,CHHm
CHHm
CHHm
CHHm,CHHm,CHHm,CHHm,CHHm,CHHm,CHHm,CHHm
CHHm,CHHm,CHHm,CHHm,CHHm,CHHm,CHHm,CHHm
CHHm
CHHm
CHHm,CHHm,CHHm,CHHm,CHHm,CHHm,CHHm,CHHm
CHHm
Jedi Wagner, assuma o comando!