WBroguPK
[vazia]
wBbazg
wBbazg
[vazia]
wBbazg
wBbazg
wBbazg
wBbazg
wBbazg,wBbazg,wBbazg,wBbazg
wBbazg,wBbazg,wBbazg,wBbazg
wBbazg,wBbazg,wBbazg,wBbazg
wBbazg,wBbazg,wBbazg,wBbazg
wBbazg,wBbazg,wBbazg,wBbazg
wBbazg
wBbazg
wBbazg
wBbazg
wBbazg,WBroguPK,wBbazg,wBbazg
WBroguPK
WBroguPK
wBbazg
wBbazg
wBbazg
wBbazg
wBbazg
wBbazg
wBbazg,WBroguPK,wBbazg,wBbazg,wBbazg,WBroguPK,WBroguPK,wBbazg
WBroguPK
wBbazg,WBroguPK,wBbazg,wBbazg,wBbazg,WBroguPK,WBroguPK,wBbazg
wBbazg
WBroguPK,wBbazg,wBbazg,wBbazg,wBbazg,WBroguPK,WBroguPK,wBbazg,wBbazg,WBroguPK,wBbazg
WBroguPK,wBbazg,wBbazg,wBbazg,wBbazg,WBroguPK,WBroguPK,wBbazg,wBbazg,WBroguPK,wBbazg,wBbazg
wBbazg,WBroguPK,wBbazg,wBbazg,wBbazg,WBroguPK,WBroguPK,wBbazg,wBbazg,WBroguPK,wBbazg,wBbazg
wBbazg
wBbazg,WBroguPK,wBbazg,wBbazg,wBbazg,WBroguPK,WBroguPK,wBbazg,wBbazg,WBroguPK,wBbazg,wBbazg
wBbazg,WBroguPK,wBbazg,wBbazg,wBbazg,WBroguPK,WBroguPK,wBbazg,wBbazg,WBroguPK,wBbazg,wBbazg
wBbazg
wBbazg
wBbazg
wBbazg
wBbazg
wBbazg
wBbazg,wBbazg,WBroguPK,wBbazg,wBbazg
wBbazg
wBbazg,wBbazg,wBbazg
wBbazg
wBbazg
wBbazg
WBroguPK,wBbazg,wBbazg,wBbazg,wBbazg,wBbazg
wBbazg
WBroguPK,wBbazg,wBbazg,wBbazg,wBbazg
wBbazg,wBbazg,wBbazg,wBbazg,wBbazg
wBbazg
wBbazg,wBbazg,wBbazg,wBbazg
wBbazg
wBbazg,wBbazg,wBbazg,wBbazg,wBbazg
wBbazg
wBbazg
wBbazg
wBbazg
wBbazg
wBbazg,wBbazg,WBroguPK,wBbazg,wBbazg,wBbazg
wBbazg,wBbazg,wBbazg,WBroguPK,wBbazg,wBbazg
wBbazg
wBbazg
wBbazg,wBbazg,wBbazg,wBbazg,wBbazg
wBbazg,wBbazg,wBbazg,wBbazg,wBbazg
wBbazg,wBbazg,wBbazg,wBbazg,wBbazg
Jedi Wagner, assuma o comando!