XB,QJP
XB,QJP
XB,QJP
QJP
QJP,XB,KHueIh
XB
XB
XB
QJP,XB,KHueIh,u
j
QJP,XB,j,KHueIh
QJP,XB,j,KHueIh,tBLj,OIGOooKa
QJP
QJP
QJP
QJP
QJP
QJP,XB,j,KHueIh
QJP
QJP
j,XB,KHueIh
QJP,XB,j,KHueIh
QJP
QJP,XB,j,KHueIh
QJP
QJP,XB,j,KHueIh
QJP,XB,j,KHueIh
QJP,XB,j,KHueIh,EpyfBqSUT
QJP,XB,j,KHueIh,KHueIh,OIGOooKa
QJP,XB,j,KHueIh,KHueIh,OIGOooKa,EpyfBqSUT
OIGOooKa,XB,QJP,j,KHueIh,KHueIh,EpyfBqSUT,PGXRyqJip,EpyfBqSUT
OIGOooKa
OIGOooKa,XB,QJP,j,KHueIh,KHueIh,EpyfBqSUT,PGXRyqJip,EpyfBqSUT
OIGOooKa
XB,OIGOooKa,QJP,j,KHueIh,KHueIh,EpyfBqSUT,PGXRyqJip,EpyfBqSUT
PGXRyqJip
XB,KHueIh,PGXRyqJip,OIGOooKa,QJP,j,KHueIh,EpyfBqSUT,EpyfBqSUT,QJP,EpyfBqSUT,u,KHueIh,PGXRyqJip,OIGOooKa,eSRrCW,KHueIh
KHueIh,PGXRyqJip,OIGOooKa,QJP,j,KHueIh,EpyfBqSUT,EpyfBqSUT,QJP,EpyfBqSUT,u,KHueIh,PGXRyqJip,OIGOooKa,eSRrCW,KHueIh
KHueIh,PGXRyqJip,OIGOooKa,QJP,j,KHueIh,EpyfBqSUT,EpyfBqSUT,QJP,EpyfBqSUT,u,KHueIh,PGXRyqJip,OIGOooKa,eSRrCW,KHueIh
KHueIh,PGXRyqJip,OIGOooKa,QJP,j,KHueIh,EpyfBqSUT,EpyfBqSUT,QJP,EpyfBqSUT,u,KHueIh,PGXRyqJip,OIGOooKa,eSRrCW,KHueIh
KHueIh,PGXRyqJip,OIGOooKa,j,KHueIh,EpyfBqSUT,EpyfBqSUT,QJP,EpyfBqSUT,u,KHueIh,PGXRyqJip,OIGOooKa,eSRrCW,KHueIh
KHueIh,PGXRyqJip,OIGOooKa,j,KHueIh,EpyfBqSUT,EpyfBqSUT,QJP,EpyfBqSUT,u,KHueIh,PGXRyqJip,OIGOooKa,eSRrCW,KHueIh
KHueIh,PGXRyqJip,OIGOooKa,j,KHueIh,EpyfBqSUT,EpyfBqSUT,QJP,EpyfBqSUT,u,KHueIh,PGXRyqJip,OIGOooKa,eSRrCW,KHueIh
KHueIh,PGXRyqJip,OIGOooKa,j,KHueIh,EpyfBqSUT,EpyfBqSUT,QJP,EpyfBqSUT,u,KHueIh,PGXRyqJip,OIGOooKa,eSRrCW,KHueIh
KHueIh,PGXRyqJip,OIGOooKa,j,KHueIh,EpyfBqSUT,EpyfBqSUT,QJP,EpyfBqSUT,u,KHueIh,PGXRyqJip,OIGOooKa,eSRrCW,KHueIh
KHueIh,eSRrCW,PGXRyqJip,j,KHueIh,EpyfBqSUT,EpyfBqSUT,QJP,EpyfBqSUT,u,KHueIh,PGXRyqJip,OIGOooKa,KHueIh
eSRrCW
eSRrCW
KHueIh,PGXRyqJip,j,KHueIh,EpyfBqSUT,EpyfBqSUT,QJP,EpyfBqSUT,u,KHueIh,PGXRyqJip,OIGOooKa,KHueIh,PGXRyqJip
KHueIh,PGXRyqJip,j,KHueIh,EpyfBqSUT,EpyfBqSUT,QJP,EpyfBqSUT,u,KHueIh,PGXRyqJip,OIGOooKa,KHueIh,PGXRyqJip
PGXRyqJip
KHueIh,PGXRyqJip,j,KHueIh,EpyfBqSUT,EpyfBqSUT,QJP,EpyfBqSUT,u,KHueIh,PGXRyqJip,OIGOooKa,KHueIh,PGXRyqJip,OIGOooKa,QJP
KHueIh,PGXRyqJip,j,KHueIh,EpyfBqSUT,EpyfBqSUT,QJP,EpyfBqSUT,u,KHueIh,PGXRyqJip,OIGOooKa,KHueIh,PGXRyqJip,OIGOooKa,QJP
KHueIh,PGXRyqJip,j,KHueIh,EpyfBqSUT,EpyfBqSUT,QJP,EpyfBqSUT,u,KHueIh,PGXRyqJip,OIGOooKa,KHueIh,PGXRyqJip,OIGOooKa,QJP
KHueIh,PGXRyqJip,j,KHueIh,EpyfBqSUT,EpyfBqSUT,EpyfBqSUT,u,KHueIh,PGXRyqJip,OIGOooKa,KHueIh,PGXRyqJip,OIGOooKa,QJP
EpyfBqSUT
KHueIh,PGXRyqJip,j,KHueIh,EpyfBqSUT,EpyfBqSUT,EpyfBqSUT,u,KHueIh,PGXRyqJip,OIGOooKa,KHueIh,PGXRyqJip,OIGOooKa,QJP
KHueIh,j,KHueIh,EpyfBqSUT,EpyfBqSUT,PGXRyqJip,EpyfBqSUT,u,KHueIh,PGXRyqJip,OIGOooKa,KHueIh,PGXRyqJip,OIGOooKa,QJP
KHueIh,j,KHueIh,EpyfBqSUT,EpyfBqSUT,PGXRyqJip,EpyfBqSUT,u,KHueIh,PGXRyqJip,KHueIh,PGXRyqJip,OIGOooKa,QJP
EpyfBqSUT
EpyfBqSUT
KHueIh,PGXRyqJip,j,KHueIh,EpyfBqSUT,EpyfBqSUT,EpyfBqSUT,u,KHueIh,PGXRyqJip,OIGOooKa,KHueIh,PGXRyqJip,OIGOooKa,QJP,eSRrCW
KHueIh,PGXRyqJip,j,KHueIh,EpyfBqSUT,u,EpyfBqSUT,EpyfBqSUT,KHueIh,PGXRyqJip,OIGOooKa,KHueIh,PGXRyqJip,OIGOooKa,QJP,eSRrCW,tBLj
u
KHueIh,PGXRyqJip,j,KHueIh,EpyfBqSUT,OIGOooKa,u,EpyfBqSUT,EpyfBqSUT,KHueIh,PGXRyqJip,KHueIh,PGXRyqJip,OIGOooKa,QJP,eSRrCW,tBLj
OIGOooKa
KHueIh
KHueIh
KHueIh,j,KHueIh,EpyfBqSUT,u,EpyfBqSUT,EpyfBqSUT,KHueIh,PGXRyqJip,KHueIh,PGXRyqJip,PGXRyqJip,OIGOooKa,eSRrCW,tBLj,eSRrCW
KHueIh
KHueIh,PGXRyqJip,j,KHueIh,EpyfBqSUT,u,EpyfBqSUT,EpyfBqSUT,KHueIh,PGXRyqJip,KHueIh,PGXRyqJip,OIGOooKa,eSRrCW,tBLj,eSRrCW,PGXRyqJip,u,u,KHueIh
KHueIh,PGXRyqJip,KHueIh,EpyfBqSUT,u,EpyfBqSUT,EpyfBqSUT,KHueIh,PGXRyqJip,KHueIh,PGXRyqJip,OIGOooKa,eSRrCW,tBLj,eSRrCW,PGXRyqJip,u,u,KHueIh
KHueIh,PGXRyqJip,KHueIh,EpyfBqSUT,u,EpyfBqSUT,EpyfBqSUT,KHueIh,PGXRyqJip,KHueIh,PGXRyqJip,OIGOooKa,eSRrCW,tBLj,eSRrCW,PGXRyqJip,u,u,KHueIh
KHueIh,PGXRyqJip,KHueIh,EpyfBqSUT,u,EpyfBqSUT,EpyfBqSUT,KHueIh,PGXRyqJip,KHueIh,PGXRyqJip,OIGOooKa,eSRrCW,tBLj,eSRrCW,PGXRyqJip,u,u,KHueIh
PGXRyqJip
PGXRyqJip
KHueIh,PGXRyqJip,j,KHueIh,u,EpyfBqSUT,EpyfBqSUT,KHueIh,PGXRyqJip,KHueIh,PGXRyqJip,eSRrCW,tBLj,eSRrCW,PGXRyqJip,u,u,KHueIh
PGXRyqJip
KHueIh,PGXRyqJip,j,KHueIh,EpyfBqSUT,u,EpyfBqSUT,EpyfBqSUT,KHueIh,PGXRyqJip,KHueIh,PGXRyqJip,OIGOooKa,eSRrCW,tBLj,eSRrCW,PGXRyqJip,u,u,KHueIh,KHueIh
PGXRyqJip
KHueIh,PGXRyqJip,j,KHueIh,EpyfBqSUT,u,EpyfBqSUT,EpyfBqSUT,KHueIh,PGXRyqJip,KHueIh,PGXRyqJip,OIGOooKa,eSRrCW,tBLj,eSRrCW,PGXRyqJip,u,u,KHueIh
PGXRyqJip
KHueIh
KHueIh,PGXRyqJip,j,KHueIh,EpyfBqSUT,u,EpyfBqSUT,EpyfBqSUT,KHueIh,PGXRyqJip,KHueIh,PGXRyqJip,OIGOooKa,eSRrCW,tBLj,eSRrCW,PGXRyqJip,u,u,KHueIh
KHueIh,PGXRyqJip,j,KHueIh,u,EpyfBqSUT,EpyfBqSUT,KHueIh,PGXRyqJip,KHueIh,PGXRyqJip,OIGOooKa,eSRrCW,tBLj,eSRrCW,PGXRyqJip,u,u,KHueIh
KHueIh,j,KHueIh,u,EpyfBqSUT,EpyfBqSUT,KHueIh,PGXRyqJip,KHueIh,PGXRyqJip,OIGOooKa,eSRrCW,tBLj,eSRrCW,PGXRyqJip,u,u,KHueIh
eSRrCW
KHueIh,j,KHueIh,u,EpyfBqSUT,EpyfBqSUT,KHueIh,PGXRyqJip,KHueIh,eSRrCW,PGXRyqJip,OIGOooKa,tBLj,eSRrCW,PGXRyqJip,u,u,KHueIh,KHueIh
eSRrCW
KHueIh,j,KHueIh,u,EpyfBqSUT,EpyfBqSUT,KHueIh,PGXRyqJip,KHueIh,PGXRyqJip,OIGOooKa,eSRrCW,tBLj,eSRrCW,PGXRyqJip,u,u,KHueIh
KHueIh,j,KHueIh,u,EpyfBqSUT,EpyfBqSUT,KHueIh,PGXRyqJip,KHueIh,PGXRyqJip,eSRrCW,tBLj,eSRrCW,PGXRyqJip,u,u,KHueIh
PGXRyqJip
KHueIh,j,KHueIh,u,EpyfBqSUT,EpyfBqSUT,KHueIh,PGXRyqJip,KHueIh,PGXRyqJip,eSRrCW,tBLj,eSRrCW,PGXRyqJip,u,u,KHueIh
eSRrCW
KHueIh,j,KHueIh,u,EpyfBqSUT,EpyfBqSUT,KHueIh,PGXRyqJip,KHueIh,PGXRyqJip,eSRrCW,eSRrCW,PGXRyqJip,u,u,KHueIh,XB
KHueIh,EpyfBqSUT,EpyfBqSUT,KHueIh,KHueIh,eSRrCW,j,PGXRyqJip,u,eSRrCW,PGXRyqJip,u,u,KHueIh,XB,OIGOooKa
u
KHueIh,EpyfBqSUT,EpyfBqSUT,KHueIh,KHueIh,eSRrCW,j,u,PGXRyqJip,eSRrCW,PGXRyqJip,u,u,KHueIh,XB,OIGOooKa
eSRrCW
eSRrCW
j,KHueIh,u,EpyfBqSUT,EpyfBqSUT,KHueIh,PGXRyqJip,KHueIh,PGXRyqJip,eSRrCW,KHueIh,tBLj,eSRrCW,PGXRyqJip,u,u,KHueIh
j,KHueIh,u,EpyfBqSUT,EpyfBqSUT,KHueIh,PGXRyqJip,KHueIh,PGXRyqJip,eSRrCW,KHueIh,tBLj,eSRrCW,PGXRyqJip,u,u,KHueIh
j,KHueIh,u,EpyfBqSUT,EpyfBqSUT,KHueIh,KHueIh,PGXRyqJip,eSRrCW,KHueIh,tBLj,eSRrCW,PGXRyqJip,u,u,KHueIh
KHueIh
KHueIh
KHueIh
eSRrCW
eSRrCW
eSRrCW
eSRrCW
KHueIh,j,KHueIh,u,EpyfBqSUT,EpyfBqSUT,KHueIh,PGXRyqJip,KHueIh,PGXRyqJip,eSRrCW,tBLj,eSRrCW,PGXRyqJip,u,u,KHueIh,u
eSRrCW
KHueIh,j,KHueIh,u,EpyfBqSUT,EpyfBqSUT,KHueIh,PGXRyqJip,KHueIh,PGXRyqJip,eSRrCW,tBLj,eSRrCW,PGXRyqJip,u,u,KHueIh,u,OIGOooKa
PGXRyqJip
PGXRyqJip
PGXRyqJip
KHueIh,j,KHueIh,u,EpyfBqSUT,EpyfBqSUT,KHueIh,KHueIh,PGXRyqJip,PGXRyqJip,tBLj,eSRrCW,eSRrCW,PGXRyqJip,u,u,KHueIh,u,OIGOooKa,QJP
KHueIh,j,KHueIh,u,EpyfBqSUT,EpyfBqSUT,KHueIh,PGXRyqJip,KHueIh,PGXRyqJip,eSRrCW,tBLj,eSRrCW,PGXRyqJip,u,u,KHueIh,XB,PGXRyqJip
KHueIh,j,KHueIh,u,EpyfBqSUT,EpyfBqSUT,KHueIh,PGXRyqJip,KHueIh,PGXRyqJip,eSRrCW,tBLj,eSRrCW,PGXRyqJip,u,u,KHueIh,XB,PGXRyqJip
eSRrCW
KHueIh,j,KHueIh,EpyfBqSUT,EpyfBqSUT,KHueIh,PGXRyqJip,KHueIh,PGXRyqJip,eSRrCW,tBLj,eSRrCW,PGXRyqJip,u,KHueIh,XB,PGXRyqJip
eSRrCW
KHueIh,KHueIh,EpyfBqSUT,EpyfBqSUT,KHueIh,PGXRyqJip,KHueIh,PGXRyqJip,tBLj,eSRrCW,u,PGXRyqJip,KHueIh,XB,PGXRyqJip,XB,KHueIh
KHueIh,KHueIh,EpyfBqSUT,EpyfBqSUT,KHueIh,PGXRyqJip,KHueIh,PGXRyqJip,tBLj,eSRrCW,u,PGXRyqJip,KHueIh,XB,PGXRyqJip,XB,KHueIh
u
KHueIh,KHueIh,EpyfBqSUT,KHueIh,PGXRyqJip,KHueIh,PGXRyqJip,tBLj,eSRrCW,u,EpyfBqSUT,PGXRyqJip,KHueIh,XB,PGXRyqJip,XB,KHueIh
KHueIh,KHueIh,EpyfBqSUT,EpyfBqSUT,KHueIh,PGXRyqJip,KHueIh,PGXRyqJip,tBLj,eSRrCW,u,PGXRyqJip,KHueIh,XB,PGXRyqJip,XB,KHueIh
KHueIh,KHueIh,EpyfBqSUT,EpyfBqSUT,KHueIh,PGXRyqJip,KHueIh,PGXRyqJip,tBLj,eSRrCW,u,PGXRyqJip,KHueIh,PGXRyqJip,XB,KHueIh,u
u
KHueIh,EpyfBqSUT,EpyfBqSUT,KHueIh,PGXRyqJip,KHueIh,PGXRyqJip,tBLj,eSRrCW,u,PGXRyqJip,KHueIh,PGXRyqJip,XB,KHueIh,u,j
KHueIh,EpyfBqSUT,EpyfBqSUT,KHueIh,KHueIh,PGXRyqJip,tBLj,eSRrCW,u,PGXRyqJip,KHueIh,PGXRyqJip,XB,KHueIh,u,j
PGXRyqJip
KHueIh,EpyfBqSUT,KHueIh,KHueIh,PGXRyqJip,tBLj,eSRrCW,u,PGXRyqJip,EpyfBqSUT,KHueIh,PGXRyqJip,XB,KHueIh,u,j,eSRrCW,eSRrCW
EpyfBqSUT,KHueIh,KHueIh,PGXRyqJip,tBLj,PGXRyqJip,EpyfBqSUT,eSRrCW,KHueIh,KHueIh,PGXRyqJip,XB,KHueIh,u,j,eSRrCW,eSRrCW,eSRrCW,tBLj,OIGOooKa
eSRrCW
KHueIh,KHueIh,PGXRyqJip,tBLj,PGXRyqJip,u,eSRrCW,EpyfBqSUT,EpyfBqSUT,KHueIh,KHueIh,PGXRyqJip,XB,KHueIh,j,eSRrCW,eSRrCW,eSRrCW,tBLj,OIGOooKa
u
KHueIh,KHueIh,tBLj,j,PGXRyqJip,u,eSRrCW,EpyfBqSUT,EpyfBqSUT,KHueIh,KHueIh,PGXRyqJip,XB,KHueIh,eSRrCW,eSRrCW,eSRrCW,tBLj,OIGOooKa,KHueIh
KHueIh,tBLj,j,PGXRyqJip,u,KHueIh,eSRrCW,EpyfBqSUT,EpyfBqSUT,KHueIh,KHueIh,PGXRyqJip,XB,KHueIh,eSRrCW,eSRrCW,eSRrCW,tBLj,OIGOooKa,KHueIh
KHueIh,tBLj,j,PGXRyqJip,u,KHueIh,eSRrCW,EpyfBqSUT,EpyfBqSUT,KHueIh,KHueIh,PGXRyqJip,XB,KHueIh,eSRrCW,eSRrCW,eSRrCW,tBLj,OIGOooKa,KHueIh
KHueIh,tBLj,j,PGXRyqJip,u,KHueIh,eSRrCW,EpyfBqSUT,EpyfBqSUT,KHueIh,KHueIh,PGXRyqJip,XB,KHueIh,eSRrCW,eSRrCW,eSRrCW,tBLj,OIGOooKa,KHueIh
KHueIh,tBLj,j,PGXRyqJip,u,KHueIh,EpyfBqSUT,EpyfBqSUT,KHueIh,KHueIh,PGXRyqJip,XB,KHueIh,eSRrCW,eSRrCW,eSRrCW,tBLj,OIGOooKa,KHueIh
KHueIh
KHueIh,tBLj,j,PGXRyqJip,u,KHueIh,eSRrCW,EpyfBqSUT,EpyfBqSUT,KHueIh,KHueIh,PGXRyqJip,XB,KHueIh,eSRrCW,eSRrCW,eSRrCW,tBLj,OIGOooKa,KHueIh
KHueIh
KHueIh,tBLj,j,PGXRyqJip,u,KHueIh,eSRrCW,EpyfBqSUT,EpyfBqSUT,OIGOooKa,KHueIh,KHueIh,PGXRyqJip,XB,KHueIh,eSRrCW,eSRrCW,eSRrCW,tBLj,KHueIh
KHueIh,tBLj,j,PGXRyqJip,u,KHueIh,eSRrCW,EpyfBqSUT,EpyfBqSUT,OIGOooKa,KHueIh,KHueIh,PGXRyqJip,XB,KHueIh,eSRrCW,eSRrCW,eSRrCW,tBLj,KHueIh
KHueIh,tBLj,j,PGXRyqJip,u,KHueIh,eSRrCW,EpyfBqSUT,EpyfBqSUT,KHueIh,KHueIh,PGXRyqJip,XB,KHueIh,eSRrCW,eSRrCW,eSRrCW,tBLj,OIGOooKa,KHueIh
KHueIh,tBLj,j,PGXRyqJip,u,KHueIh,eSRrCW,EpyfBqSUT,EpyfBqSUT,KHueIh,KHueIh,PGXRyqJip,XB,KHueIh,eSRrCW,eSRrCW,eSRrCW,tBLj,OIGOooKa,KHueIh,j
KHueIh,tBLj,j,PGXRyqJip,u,KHueIh,eSRrCW,EpyfBqSUT,EpyfBqSUT,KHueIh,KHueIh,PGXRyqJip,XB,KHueIh,eSRrCW,eSRrCW,eSRrCW,tBLj,OIGOooKa,KHueIh,j
KHueIh
KHueIh
tBLj,PGXRyqJip,u,KHueIh,EpyfBqSUT,EpyfBqSUT,KHueIh,eSRrCW,KHueIh,KHueIh,PGXRyqJip,KHueIh,eSRrCW,eSRrCW,eSRrCW,tBLj,OIGOooKa,KHueIh,j
KHueIh
KHueIh,tBLj,PGXRyqJip,u,KHueIh,eSRrCW,EpyfBqSUT,EpyfBqSUT,KHueIh,j,KHueIh,PGXRyqJip,XB,KHueIh,eSRrCW,eSRrCW,eSRrCW,tBLj,OIGOooKa,KHueIh,KHueIh,j
KHueIh
KHueIh,tBLj,j,PGXRyqJip,KHueIh,eSRrCW,EpyfBqSUT,EpyfBqSUT,KHueIh,KHueIh,PGXRyqJip,XB,KHueIh,eSRrCW,eSRrCW,eSRrCW,tBLj,OIGOooKa,KHueIh,KHueIh
KHueIh,tBLj,j,PGXRyqJip,KHueIh,eSRrCW,EpyfBqSUT,EpyfBqSUT,KHueIh,KHueIh,PGXRyqJip,XB,KHueIh,eSRrCW,eSRrCW,eSRrCW,tBLj,OIGOooKa,KHueIh,KHueIh
KHueIh
KHueIh
KHueIh
KHueIh
PGXRyqJip
PGXRyqJip
PGXRyqJip
PGXRyqJip
PGXRyqJip
PGXRyqJip
KHueIh,tBLj,j,KHueIh,eSRrCW,EpyfBqSUT,KHueIh,KHueIh,PGXRyqJip,PGXRyqJip,XB,KHueIh,eSRrCW,eSRrCW,eSRrCW,tBLj,OIGOooKa,KHueIh,KHueIh
KHueIh,tBLj,j,KHueIh,eSRrCW,EpyfBqSUT,KHueIh,KHueIh,PGXRyqJip,PGXRyqJip,XB,KHueIh,eSRrCW,eSRrCW,eSRrCW,tBLj,OIGOooKa,KHueIh,KHueIh,tBLj
KHueIh,tBLj,j,KHueIh,eSRrCW,EpyfBqSUT,KHueIh,KHueIh,PGXRyqJip,PGXRyqJip,XB,KHueIh,eSRrCW,eSRrCW,eSRrCW,tBLj,OIGOooKa,KHueIh,KHueIh,tBLj
XB
XB
KHueIh,j,KHueIh,eSRrCW,KHueIh,KHueIh,PGXRyqJip,PGXRyqJip,EpyfBqSUT,tBLj,XB,KHueIh,eSRrCW,eSRrCW,eSRrCW,tBLj,OIGOooKa,KHueIh,KHueIh,tBLj,KHueIh,u
XB
XB
j,KHueIh,eSRrCW,KHueIh,KHueIh,PGXRyqJip,PGXRyqJip,tBLj,XB,KHueIh,eSRrCW,eSRrCW,eSRrCW,tBLj,OIGOooKa,KHueIh,KHueIh,tBLj,KHueIh,u,QJP,XB,tBLj
eSRrCW
KHueIh,eSRrCW,KHueIh,KHueIh,PGXRyqJip,PGXRyqJip,XB,KHueIh,eSRrCW,j,OIGOooKa,eSRrCW,eSRrCW,tBLj,KHueIh,KHueIh,tBLj,KHueIh,u,QJP,XB,tBLj,OIGOooKa,j
eSRrCW
KHueIh,eSRrCW,KHueIh,KHueIh,PGXRyqJip,XB,KHueIh,eSRrCW,PGXRyqJip,j,OIGOooKa,eSRrCW,eSRrCW,tBLj,KHueIh,KHueIh,tBLj,KHueIh,u,QJP,XB,tBLj,OIGOooKa,j,EpyfBqSUT
KHueIh,eSRrCW,KHueIh,KHueIh,PGXRyqJip,XB,KHueIh,eSRrCW,PGXRyqJip,j,OIGOooKa,eSRrCW,eSRrCW,tBLj,KHueIh,KHueIh,tBLj,KHueIh,u,QJP,XB,tBLj,OIGOooKa,j,EpyfBqSUT
KHueIh,eSRrCW,KHueIh,KHueIh,PGXRyqJip,XB,KHueIh,eSRrCW,PGXRyqJip,j,OIGOooKa,eSRrCW,eSRrCW,tBLj,KHueIh,KHueIh,tBLj,KHueIh,u,QJP,XB,tBLj,OIGOooKa,j,EpyfBqSUT,EpyfBqSUT,QJP
KHueIh,eSRrCW,KHueIh,KHueIh,PGXRyqJip,XB,KHueIh,eSRrCW,PGXRyqJip,j,OIGOooKa,eSRrCW,eSRrCW,tBLj,KHueIh,KHueIh,tBLj,KHueIh,u,QJP,XB,tBLj,OIGOooKa,j,EpyfBqSUT,EpyfBqSUT,QJP
KHueIh,eSRrCW,KHueIh,KHueIh,PGXRyqJip,XB,KHueIh,eSRrCW,PGXRyqJip,j,OIGOooKa,eSRrCW,eSRrCW,tBLj,KHueIh,KHueIh,tBLj,KHueIh,u,QJP,XB,tBLj,OIGOooKa,j,EpyfBqSUT,EpyfBqSUT,QJP
OIGOooKa
OIGOooKa
OIGOooKa
OIGOooKa
OIGOooKa
OIGOooKa
KHueIh,eSRrCW,KHueIh,KHueIh,PGXRyqJip,KHueIh,eSRrCW,PGXRyqJip,OIGOooKa,j,eSRrCW,eSRrCW,tBLj,KHueIh,KHueIh,tBLj,KHueIh,u,QJP,XB,tBLj,OIGOooKa,j,EpyfBqSUT,EpyfBqSUT,QJP,tBLj
OIGOooKa
KHueIh,eSRrCW,KHueIh,KHueIh,PGXRyqJip,KHueIh,eSRrCW,PGXRyqJip,OIGOooKa,j,eSRrCW,eSRrCW,tBLj,KHueIh,KHueIh,tBLj,KHueIh,u,QJP,XB,tBLj,OIGOooKa,j,EpyfBqSUT,EpyfBqSUT,QJP,tBLj
u
u
KHueIh,eSRrCW,KHueIh,KHueIh,PGXRyqJip,KHueIh,eSRrCW,PGXRyqJip,u,OIGOooKa,j,eSRrCW,eSRrCW,tBLj,KHueIh,KHueIh,tBLj,KHueIh,QJP,XB,tBLj,OIGOooKa,j,EpyfBqSUT,EpyfBqSUT,QJP,u,PGXRyqJip
u
KHueIh,KHueIh,KHueIh,PGXRyqJip,KHueIh,eSRrCW,PGXRyqJip,u,OIGOooKa,eSRrCW,j,eSRrCW,eSRrCW,tBLj,KHueIh,KHueIh,tBLj,KHueIh,XB,tBLj,OIGOooKa,j,EpyfBqSUT,EpyfBqSUT,QJP,u,PGXRyqJip,XB,j
eSRrCW
j
KHueIh,KHueIh,KHueIh,KHueIh,eSRrCW,PGXRyqJip,u,eSRrCW,eSRrCW,XB,j,eSRrCW,tBLj,KHueIh,KHueIh,tBLj,KHueIh,tBLj,OIGOooKa,j,EpyfBqSUT,EpyfBqSUT,QJP,u,PGXRyqJip,XB,j
eSRrCW
XB
j
eSRrCW
KHueIh,KHueIh,KHueIh,KHueIh,eSRrCW,PGXRyqJip,u,eSRrCW,eSRrCW,XB,j,eSRrCW,tBLj,KHueIh,KHueIh,tBLj,KHueIh,tBLj,OIGOooKa,j,EpyfBqSUT,EpyfBqSUT,QJP,u,PGXRyqJip,XB,j
KHueIh,KHueIh,KHueIh,KHueIh,eSRrCW,PGXRyqJip,u,eSRrCW,eSRrCW,XB,j,OIGOooKa,eSRrCW,tBLj,KHueIh,KHueIh,tBLj,KHueIh,tBLj,j,EpyfBqSUT,EpyfBqSUT,QJP,u,PGXRyqJip,XB,j,KHueIh,KHueIh
QJP
KHueIh,KHueIh,KHueIh,KHueIh,eSRrCW,PGXRyqJip,eSRrCW,eSRrCW,XB,j,QJP,OIGOooKa,eSRrCW,tBLj,KHueIh,KHueIh,tBLj,KHueIh,tBLj,j,EpyfBqSUT,EpyfBqSUT,u,PGXRyqJip,XB,j,KHueIh,KHueIh,XB,u
eSRrCW
KHueIh,KHueIh,KHueIh,KHueIh,eSRrCW,PGXRyqJip,eSRrCW,eSRrCW,XB,j,QJP,OIGOooKa,eSRrCW,tBLj,KHueIh,KHueIh,tBLj,KHueIh,tBLj,j,EpyfBqSUT,EpyfBqSUT,u,PGXRyqJip,XB,j,KHueIh,KHueIh,XB,eSRrCW,QJP,QJP
KHueIh,KHueIh,KHueIh,KHueIh,eSRrCW,PGXRyqJip,eSRrCW,eSRrCW,XB,j,QJP,OIGOooKa,eSRrCW,tBLj,KHueIh,KHueIh,tBLj,KHueIh,tBLj,j,EpyfBqSUT,EpyfBqSUT,u,PGXRyqJip,XB,j,KHueIh,KHueIh,XB,eSRrCW,QJP,QJP
KHueIh,KHueIh,KHueIh,KHueIh,eSRrCW,PGXRyqJip,eSRrCW,eSRrCW,XB,j,OIGOooKa,eSRrCW,QJP,tBLj,KHueIh,KHueIh,tBLj,KHueIh,tBLj,j,EpyfBqSUT,EpyfBqSUT,u,PGXRyqJip,XB,j,KHueIh,KHueIh,XB,eSRrCW,QJP,QJP,EpyfBqSUT,XB
eSRrCW
KHueIh,KHueIh,KHueIh,KHueIh,eSRrCW,PGXRyqJip,eSRrCW,eSRrCW,XB,j,QJP,OIGOooKa,eSRrCW,tBLj,KHueIh,KHueIh,tBLj,KHueIh,tBLj,j,EpyfBqSUT,EpyfBqSUT,u,PGXRyqJip,XB,j,KHueIh,KHueIh,XB,eSRrCW,QJP,QJP,EpyfBqSUT,XB
KHueIh,KHueIh,KHueIh,eSRrCW,PGXRyqJip,eSRrCW,eSRrCW,XB,j,QJP,eSRrCW,tBLj,KHueIh,KHueIh,tBLj,KHueIh,tBLj,j,EpyfBqSUT,EpyfBqSUT,u,PGXRyqJip,XB,j,KHueIh,KHueIh,XB,eSRrCW,QJP,QJP,EpyfBqSUT,XB,XB,OIGOooKa
KHueIh
KHueIh,KHueIh,KHueIh,eSRrCW,PGXRyqJip,eSRrCW,eSRrCW,j,QJP,eSRrCW,tBLj,KHueIh,KHueIh,tBLj,KHueIh,tBLj,j,EpyfBqSUT,EpyfBqSUT,u,PGXRyqJip,XB,j,KHueIh,KHueIh,XB,eSRrCW,QJP,QJP,EpyfBqSUT,XB,XB
KHueIh
KHueIh,KHueIh,KHueIh,eSRrCW,PGXRyqJip,eSRrCW,eSRrCW,j,QJP,eSRrCW,tBLj,KHueIh,KHueIh,XB,tBLj,KHueIh,tBLj,j,EpyfBqSUT,u,PGXRyqJip,j,KHueIh,KHueIh,XB,eSRrCW,QJP,QJP,EpyfBqSUT,XB,XB
KHueIh,KHueIh,PGXRyqJip,eSRrCW,eSRrCW,j,QJP,eSRrCW,tBLj,KHueIh,KHueIh,XB,eSRrCW,KHueIh,tBLj,KHueIh,tBLj,j,EpyfBqSUT,u,PGXRyqJip,j,KHueIh,KHueIh,XB,eSRrCW,QJP,QJP,EpyfBqSUT,XB,XB,QJP
KHueIh,KHueIh,PGXRyqJip,eSRrCW,eSRrCW,j,QJP,eSRrCW,tBLj,KHueIh,KHueIh,XB,eSRrCW,KHueIh,tBLj,KHueIh,tBLj,j,EpyfBqSUT,u,PGXRyqJip,j,KHueIh,KHueIh,XB,eSRrCW,QJP,QJP,EpyfBqSUT,XB,XB,QJP
tBLj
KHueIh,KHueIh,PGXRyqJip,eSRrCW,eSRrCW,j,QJP,eSRrCW,tBLj,KHueIh,KHueIh,XB,eSRrCW,KHueIh,tBLj,KHueIh,tBLj,j,EpyfBqSUT,u,PGXRyqJip,j,KHueIh,KHueIh,XB,eSRrCW,QJP,QJP,EpyfBqSUT,XB,XB,QJP
KHueIh,KHueIh,PGXRyqJip,eSRrCW,eSRrCW,j,QJP,eSRrCW,tBLj,KHueIh,KHueIh,XB,eSRrCW,KHueIh,tBLj,KHueIh,tBLj,j,EpyfBqSUT,u,PGXRyqJip,j,KHueIh,KHueIh,XB,eSRrCW,QJP,QJP,EpyfBqSUT,XB,XB,QJP
KHueIh,KHueIh,PGXRyqJip,eSRrCW,eSRrCW,j,eSRrCW,tBLj,KHueIh,KHueIh,XB,eSRrCW,KHueIh,tBLj,u,KHueIh,tBLj,j,EpyfBqSUT,PGXRyqJip,j,KHueIh,KHueIh,XB,eSRrCW,QJP,QJP,EpyfBqSUT,XB,XB,QJP
u
KHueIh,KHueIh,PGXRyqJip,eSRrCW,eSRrCW,j,eSRrCW,tBLj,KHueIh,KHueIh,eSRrCW,KHueIh,tBLj,u,KHueIh,XB,tBLj,j,EpyfBqSUT,PGXRyqJip,j,KHueIh,KHueIh,XB,eSRrCW,QJP,EpyfBqSUT,XB,XB,QJP,KHueIh
KHueIh,KHueIh,PGXRyqJip,eSRrCW,eSRrCW,j,eSRrCW,tBLj,KHueIh,KHueIh,eSRrCW,KHueIh,tBLj,u,KHueIh,XB,tBLj,j,EpyfBqSUT,PGXRyqJip,j,KHueIh,KHueIh,XB,eSRrCW,QJP,EpyfBqSUT,XB,XB,QJP,KHueIh
Jedi Wagner, assuma o comando!