Toque! Toque, Dijê!
[vazia]
xH
xH
xH,uaEo,uit
xH,uaEo,uit
xH
xH
xH
xH
xH
xH,uaEo,uit
uaEo
uaEo
uaEo
Toque! Toque, Dijê!
[vazia]
H
H,N
H
H
H
H
H
H
H
H
uit
uit
uit
uit
uit
uit,uit
uit,uit
uit
uit,uit
uit,uit
uit
uit
uit
uit
uit
uit
uit
uit,uit
uit
uit
uit
uit
uit,uit,N,H,uaEo
uit
uit
uit
uit,uit,N,H,uaEo
uit,uit,N,H,uaEo
uit
uit
uit,uit,N,H,H,N
uit
uit,uit,N,H,H,N
uit
uit
uit
uit,tPs,uit,N,H,N,xH,eareqhZEuy
uit
uit
tPs
tPs
uit,tPs,uit,N,H,N,xH,eareqhZEuy,H
tPs
uit,tPs,uit,N,H,N,xH,eareqhZEuy,H,N
uit,tPs,uit,N,H,N,xH,eareqhZEuy,H,N
uit,tPs,uit,N,H,N,xH,eareqhZEuy,H,N
uit,tPs,uit,N,H,N,xH,eareqhZEuy,H,N,uaEo
tPs
uit,tPs,uit,N,H,N,xH,eareqhZEuy
tPs
uit,tPs,uit,N,H,N,xH
tPs
tPs
tPs
uit,tPs,uit,N,H,N,xH
tPs
tPs
tPs
tPs
tPs
uit,tPs,uit,N,xH,zrQ,xH
tPs
uit,tPs,uit,N,xH,zrQ,xH
tPs
tPs
uit,tPs,uit,N,H,N,xH,eareqhZEuy
N,tPs,uit,N,xH,eareqhZEuy,uit
N
tPs
uit,tPs,uit,N,H,N,xH,eareqhZEuy,tPs,H
uit,tPs,uit,N,H,N,xH,eareqhZEuy,tPs,H
uit,tPs,uit,N,H,N,xH,eareqhZEuy,tPs,H
tPs
tPs
tPs
uit,tPs,uit,N,H,N,xH,eareqhZEuy
tPs
uit
uit,tPs,uit,N,H,N,xH,eareqhZEuy
uit,tPs,uit,N,H,N,xH,eareqhZEuy
uit
uit,tPs,uit,N,H,N,xH,eareqhZEuy
uit,tPs,uit,N,H,N,H,N
N
N
H
H
uit,tPs,uit,N,N,H,N,uit,uaEo
tPs
uit,uit,N,N,H,tPs,N,uit,uaEo,uaEo,N,N,uit
uit,uit,N,N,H,tPs,N,uit,uaEo,uaEo,N,N,uit
uit,uit,N,N,H,tPs,N,uit,uaEo,uaEo,N,N,uit
uit,uit,N,N,H,tPs,N,uit,uaEo,uaEo,N,N,uit
uit,uit,N,N,H,tPs,N,uit,uaEo,uaEo,N,N,uit
uit,uit,N,N,tPs,N,uit,uaEo,uaEo,N,N,uit
uit,uit,N,N,tPs,N,uit,uaEo,uaEo,N,N,uit
uit
uit,uit,N,N,tPs,N,uit,uaEo,uaEo,N,N,uit
uit,uit,N,N,tPs,N,uit,uaEo,uaEo,N,N,uit
uit
uit,uit,N,N,tPs,N,uit,uaEo,uaEo,N,N,uit,N
uit
uit,uit,N,N,H,tPs,N,uit,uaEo,uaEo,N,N,uit
uit,uit,N,H,tPs,N,uit,N,uaEo,uaEo,N,N,uit
uit,uit,tPs,N,uit,N,uaEo,uaEo,N,N,uit
uit,uit,tPs,N,uit,N,uaEo,uaEo,N,N,uit
uit
uit
uit,uit,N,N,H,tPs,N,uit,uaEo,uaEo,N,N,uit
uit,uit,N,N,H,tPs,N,uit,uaEo,uaEo,N,N,uit
uit
uaEo
N
zrQ
zrQ
Jedi Wagner, assuma o comando!