LHtInGqv
LHtInGqv
LHtInGqv
Toque! Toque, Dijê!
VwkiC
VwkiC
VwkiC
VwkiC
VwkiC,LHtInGqv,zOesa
VwkiC
VwkiC
aNDKiw
LHtInGqv
VwkiC,zOesa,LHtInGqv,aNDKiw,VwkiC
LHtInGqv
LHtInGqv
VwkiC,zOesa,LHtInGqv,aNDKiw
VwkiC,zOesa,LHtInGqv,aNDKiw
LHtInGqv
VwkiC
LHtInGqv,VwkiC,aNDKiw
aNDKiw
aNDKiw
aNDKiw
aNDKiw
aNDKiw
VwkiC
LHtInGqv,VwkiC,aNDKiw,AoVwKm,VwkiC
LHtInGqv,VwkiC,aNDKiw,AoVwKm,VwkiC
VwkiC
VwkiC,LHtInGqv,aNDKiw,AoVwKm,VwkiC,LHtInGqv
VwkiC
LHtInGqv,VwkiC,aNDKiw,AoVwKm,VwkiC
LHtInGqv,VwkiC,VwkiC,aNDKiw
LHtInGqv,VwkiC,VwkiC,aNDKiw
VwkiC
VwkiC
LHtInGqv,VwkiC,aNDKiw,AoVwKm,VwkiC,zOesa
VwkiC
Jedi Wagner, assuma o comando!