CPWJ
[vazia]
[vazia]
[vazia]
Toque! Toque, Dijê!
uqrq
Toque! Toque, Dijê!
Toque! Toque, Dijê!
uqrq
uqrq
uqrq
uqrq
uqrq
uqrq
uqrq,wMlmBobnNa,wMlmBobnNa
wMlmBobnNa
wMlmBobnNa
wMlmBobnNa
wMlmBobnNa,wMlmBobnNa,wMlmBobnNa
wMlmBobnNa
wMlmBobnNa
wMlmBobnNa,wMlmBobnNa,wMlmBobnNa
wMlmBobnNa
wMlmBobnNa,wMlmBobnNa,wMlmBobnNa,wMlmBobnNa,b,wMlmBobnNa,b
wMlmBobnNa,wMlmBobnNa,wMlmBobnNa,wMlmBobnNa,b,wMlmBobnNa
wMlmBobnNa
wMlmBobnNa,wMlmBobnNa,wMlmBobnNa,wMlmBobnNa,b,wMlmBobnNa
wMlmBobnNa
wMlmBobnNa,wMlmBobnNa,wMlmBobnNa,wMlmBobnNa,b,wMlmBobnNa,wMlmBobnNa
wMlmBobnNa,wMlmBobnNa,wMlmBobnNa,wMlmBobnNa,CPWJ,wMlmBobnNa,wMlmBobnNa
wMlmBobnNa,wMlmBobnNa,wMlmBobnNa,wMlmBobnNa,CPWJ,wMlmBobnNa,wMlmBobnNa
wMlmBobnNa,wMlmBobnNa,wMlmBobnNa,wMlmBobnNa,CPWJ,wMlmBobnNa,wMlmBobnNa
wMlmBobnNa,wMlmBobnNa,wMlmBobnNa,wMlmBobnNa,CPWJ,wMlmBobnNa,wMlmBobnNa
CPWJ
wMlmBobnNa,wMlmBobnNa,wMlmBobnNa,CPWJ,wMlmBobnNa,wMlmBobnNa,b
wMlmBobnNa,wMlmBobnNa,wMlmBobnNa,CPWJ,wMlmBobnNa,wMlmBobnNa,b
b
b
wMlmBobnNa
wMlmBobnNa
Jedi Wagner, assuma o comando!