OHNMw
Toque! Toque, Dijê!
OHNMw,OHNMw
OHNMw,OHNMw
OHNMw
OHNMw,OHNMw,OHNMw
OHNMw,OHNMw,OHNMw
OHNMw
OHNMw
OHNMw,OHNMw,OHNMw,OHNMw,OHNMw,OHNMw
OHNMw,OHNMw,OHNMw,OHNMw,OHNMw,OHNMw
OHNMw
OHNMw
OHNMw
OHNMw
OHNMw
OHNMw
OHNMw,OHNMw,OHNMw,OHNMw,OHNMw,OHNMw,OHNMw,OHNMw
OHNMw,OHNMw,OHNMw,OHNMw,OHNMw,OHNMw,OHNMw,OHNMw
OHNMw
OHNMw
OHNMw
OHNMw,OHNMw,OHNMw,OHNMw,OHNMw
OHNMw
OHNMw
OHNMw
OHNMw
OHNMw
OHNMw,OHNMw,OHNMw,OHNMw,OHNMw,OHNMw
OHNMw
OHNMw,OHNMw,OHNMw,OHNMw,OHNMw
OHNMw
OHNMw,OHNMw,OHNMw,OHNMw,OHNMw,OHNMw
OHNMw,OHNMw,OHNMw,OHNMw,OHNMw,OHNMw
OHNMw
OHNMw
OHNMw,OHNMw,OHNMw,OHNMw,OHNMw,OHNMw
OHNMw,OHNMw,OHNMw,OHNMw,OHNMw,OHNMw
OHNMw
OHNMw,OHNMw,OHNMw,OHNMw,OHNMw,OHNMw,OHNMw
OHNMw,OHNMw,OHNMw,OHNMw,OHNMw,OHNMw,OHNMw
OHNMw
OHNMw,OHNMw,OHNMw,OHNMw,OHNMw
OHNMw
OHNMw,OHNMw,OHNMw,OHNMw,OHNMw,OHNMw,OHNMw
OHNMw,OHNMw,OHNMw,OHNMw,OHNMw,OHNMw,OHNMw
OHNMw
OHNMw
OHNMw
OHNMw,OHNMw,OHNMw,OHNMw,OHNMw
OHNMw
OHNMw,OHNMw,OHNMw,OHNMw,OHNMw
OHNMw,OHNMw,OHNMw,OHNMw,OHNMw,OHNMw,OHNMw
OHNMw
OHNMw,OHNMw,OHNMw,OHNMw,OHNMw,OHNMw
OHNMw,OHNMw,OHNMw,OHNMw,OHNMw,OHNMw
OHNMw
OHNMw,OHNMw,OHNMw,OHNMw,OHNMw,OHNMw
OHNMw,OHNMw,OHNMw,OHNMw,OHNMw
OHNMw
OHNMw
OHNMw
OHNMw,OHNMw,OHNMw
OHNMw,OHNMw,OHNMw
OHNMw,OHNMw,OHNMw
OHNMw,OHNMw,OHNMw,OHNMw,OHNMw,OHNMw
OHNMw,OHNMw,OHNMw,OHNMw,OHNMw,OHNMw
OHNMw,OHNMw,OHNMw,OHNMw
OHNMw
OHNMw
OHNMw
OHNMw,OHNMw
OHNMw
OHNMw
OHNMw,OHNMw
OHNMw
OHNMw
OHNMw
OHNMw,OHNMw,OHNMw,OHNMw,OHNMw
OHNMw,OHNMw,OHNMw,OHNMw,OHNMw,OHNMw
OHNMw,OHNMw,OHNMw,OHNMw,OHNMw,OHNMw,OHNMw
OHNMw,OHNMw,OHNMw,OHNMw,OHNMw,OHNMw
OHNMw,OHNMw,OHNMw,OHNMw,OHNMw
OHNMw,OHNMw,OHNMw,OHNMw,OHNMw
OHNMw
OHNMw
OHNMw
OHNMw
OHNMw,OHNMw,OHNMw,OHNMw,OHNMw
OHNMw
OHNMw
OHNMw
OHNMw,OHNMw,OHNMw,OHNMw,OHNMw
OHNMw
OHNMw
OHNMw,OHNMw,OHNMw,OHNMw
OHNMw
OHNMw
OHNMw,OHNMw,OHNMw,OHNMw
OHNMw,OHNMw,OHNMw,OHNMw
OHNMw,OHNMw,OHNMw,OHNMw,OHNMw
OHNMw,OHNMw,OHNMw,OHNMw
OHNMw,OHNMw,OHNMw,OHNMw,OHNMw,OHNMw
OHNMw,OHNMw,OHNMw,OHNMw,OHNMw
OHNMw,OHNMw,OHNMw,OHNMw,OHNMw
OHNMw,OHNMw,OHNMw,OHNMw,OHNMw
OHNMw,OHNMw,OHNMw,OHNMw,OHNMw,OHNMw
OHNMw,OHNMw,OHNMw,OHNMw,OHNMw,OHNMw
OHNMw
OHNMw
OHNMw,OHNMw,OHNMw,OHNMw
OHNMw
OHNMw,OHNMw,OHNMw,OHNMw,OHNMw
OHNMw
OHNMw,OHNMw,OHNMw
OHNMw,OHNMw,OHNMw
OHNMw
OHNMw
OHNMw,OHNMw,OHNMw,OHNMw,OHNMw
OHNMw
OHNMw
OHNMw
OHNMw,OHNMw,OHNMw,OHNMw,OHNMw
OHNMw,OHNMw,OHNMw,OHNMw,OHNMw,OHNMw
OHNMw,OHNMw,OHNMw,OHNMw,OHNMw
OHNMw
OHNMw,OHNMw,OHNMw,OHNMw,OHNMw,OHNMw
OHNMw,OHNMw,OHNMw,OHNMw,OHNMw,OHNMw,OHNMw
OHNMw,OHNMw,OHNMw,OHNMw,OHNMw,OHNMw,OHNMw
OHNMw
OHNMw,OHNMw,OHNMw,OHNMw,OHNMw
OHNMw,OHNMw,OHNMw,OHNMw,OHNMw
OHNMw,OHNMw,OHNMw,OHNMw,OHNMw
OHNMw,OHNMw,OHNMw,OHNMw,OHNMw,OHNMw
OHNMw
OHNMw,OHNMw,OHNMw,OHNMw,OHNMw,OHNMw,OHNMw
OHNMw,OHNMw,OHNMw,OHNMw,OHNMw,OHNMw,OHNMw
OHNMw
OHNMw,OHNMw,OHNMw,OHNMw,OHNMw,OHNMw
OHNMw
OHNMw,OHNMw,OHNMw,OHNMw,OHNMw,OHNMw
OHNMw,OHNMw,OHNMw,OHNMw,OHNMw,OHNMw
OHNMw
OHNMw
OHNMw,OHNMw,OHNMw,OHNMw
OHNMw,OHNMw,OHNMw,OHNMw
OHNMw
OHNMw
OHNMw,OHNMw,OHNMw,OHNMw,OHNMw,OHNMw
OHNMw
OHNMw
OHNMw
OHNMw
OHNMw
OHNMw
OHNMw
OHNMw,OHNMw,OHNMw,OHNMw,OHNMw
OHNMw
OHNMw,OHNMw,OHNMw,OHNMw,OHNMw,OHNMw
OHNMw,OHNMw,OHNMw,OHNMw,OHNMw,OHNMw
OHNMw,OHNMw,OHNMw,OHNMw,OHNMw,OHNMw
OHNMw
OHNMw
OHNMw,OHNMw,OHNMw,OHNMw,OHNMw,OHNMw
OHNMw,OHNMw,OHNMw,OHNMw,OHNMw,OHNMw,OHNMw
OHNMw,OHNMw,OHNMw,OHNMw,OHNMw,OHNMw,OHNMw,OHNMw
OHNMw,OHNMw,OHNMw,OHNMw,OHNMw,OHNMw,OHNMw,OHNMw
OHNMw,OHNMw,OHNMw,OHNMw,OHNMw,OHNMw,OHNMw,OHNMw
OHNMw,OHNMw,OHNMw,OHNMw,OHNMw,OHNMw,OHNMw
OHNMw
OHNMw
OHNMw,OHNMw,OHNMw,OHNMw,OHNMw,OHNMw,OHNMw,OHNMw,OHNMw
OHNMw
OHNMw
OHNMw
OHNMw,OHNMw,OHNMw,OHNMw,OHNMw,OHNMw,OHNMw,OHNMw,OHNMw,OHNMw
OHNMw,OHNMw,OHNMw,OHNMw,OHNMw,OHNMw,OHNMw,OHNMw,OHNMw,OHNMw
OHNMw
OHNMw,OHNMw,OHNMw,OHNMw,OHNMw,OHNMw,OHNMw,OHNMw,OHNMw,OHNMw,OHNMw
OHNMw
OHNMw,OHNMw,OHNMw,OHNMw,OHNMw,OHNMw,OHNMw,OHNMw
OHNMw,OHNMw,OHNMw,OHNMw,OHNMw,OHNMw,OHNMw
OHNMw
OHNMw
OHNMw
OHNMw
OHNMw
OHNMw
OHNMw,OHNMw,OHNMw,OHNMw,OHNMw,OHNMw,OHNMw
OHNMw
OHNMw
OHNMw
OHNMw,OHNMw,OHNMw,OHNMw,OHNMw,OHNMw,OHNMw,OHNMw
OHNMw,OHNMw,OHNMw,OHNMw,OHNMw,OHNMw,OHNMw,OHNMw
OHNMw,OHNMw,OHNMw,OHNMw,OHNMw,OHNMw,OHNMw,OHNMw
OHNMw,OHNMw,OHNMw,OHNMw,OHNMw,OHNMw,OHNMw,OHNMw
OHNMw
Jedi Wagner, assuma o comando!