B
B,Ndq
MpRO
[vazia]
Toque! Toque, Dijê!
[vazia]
Toque! Toque, Dijê!
[vazia]
[vazia]
SbxpJ
SbxpJ
SbxpJ
SbxpJ
Toque! Toque, Dijê!
Toque! Toque, Dijê!
Toque! Toque, Dijê!
[vazia]
[vazia]
B
B,B
B
B,B,RY,MpRO
B,B,RY,MpRO
B
B,B,RY,MpRO
B
B,B,RY,MpRO
B
B,B,MpRO
B,MpRO,Ndq
[vazia]
[vazia]
Toque! Toque, Dijê!
Toque! Toque, Dijê!
[vazia]
Toque! Toque, Dijê!
[vazia]
[vazia]
MpRO,RY
[vazia]
[vazia]
Toque! Toque, Dijê!
Toque! Toque, Dijê!
[vazia]
SH
SH,B,SH
Toque! Toque, Dijê!
[vazia]
[vazia]
[vazia]
[vazia]
Toque! Toque, Dijê!
Toque! Toque, Dijê!
MpRO
[vazia]
Toque! Toque, Dijê!
Toque! Toque, Dijê!
B
B,SbxpJ,B
SbxpJ
B,SbxpJ,B
B,SbxpJ,B,SH,B
B,SbxpJ,B,SH,B
SH
SH,RY,B,B,SH
Jedi Wagner, assuma o comando!