Toque! Toque, Dijê!
Toque! Toque, Dijê!
Toque! Toque, Dijê!
HHu
HHu
HHu
HHu
Toque! Toque, Dijê!
[vazia]
HHu
HHu
HHu,TaCV
P
[vazia]
Toque! Toque, Dijê!
HHu
HHu
[vazia]
[vazia]
Toque! Toque, Dijê!
dVnzqh
dVnzqh
dVnzqh
dVnzqh
dVnzqh,auHWovZ
dVnzqh,auHWovZ
auHWovZ
auHWovZ
auHWovZ
dVnzqh,auHWovZ,ezUI
dVnzqh,auHWovZ,ezUI
auHWovZ
auHWovZ
auHWovZ
auHWovZ
auHWovZ,dVnzqh
auHWovZ
auHWovZ
P,auHWovZ,dVnzqh,FwFicsIC,dVnzqh
P
P
P,auHWovZ,dVnzqh,FwFicsIC,TaCV,P
auHWovZ,dVnzqh,TaCV,TaCV
auHWovZ,dVnzqh,FwFicsIC,TaCV,TaCV
P,auHWovZ,dVnzqh,FwFicsIC,TaCV,P,FwFicsIC
P,auHWovZ,dVnzqh,FwFicsIC,TaCV,P,FwFicsIC
P,auHWovZ,dVnzqh,FwFicsIC,P,FwFicsIC
P,auHWovZ,dVnzqh,FwFicsIC,TaCV,P
P,dVnzqh,auHWovZ,FwFicsIC,TaCV,P
dVnzqh
dVnzqh
P
dVnzqh,P,auHWovZ,FwFicsIC,P,TaCV
P
P
P
P
P,auHWovZ,dVnzqh,FwFicsIC,TaCV,P
P,auHWovZ,dVnzqh,FwFicsIC,TaCV,P,P
auHWovZ
P,dVnzqh,auHWovZ,FwFicsIC,TaCV,P
P,auHWovZ,dVnzqh,FwFicsIC,P,ezUI,auHWovZ
P,auHWovZ,dVnzqh,FwFicsIC,P,ezUI,auHWovZ,dVnzqh
auHWovZ
FwFicsIC
P,FwFicsIC,auHWovZ,dVnzqh,P,ezUI,auHWovZ,P,FwFicsIC
FwFicsIC
FwFicsIC
FwFicsIC
FwFicsIC
P,auHWovZ,dVnzqh,P,ezUI,auHWovZ,P,P,HHu,P
P,auHWovZ,dVnzqh,P,ezUI,auHWovZ,P,P,HHu,P
auHWovZ
P,auHWovZ,dVnzqh,P,ezUI,auHWovZ,P,P,HHu,P
P,auHWovZ,dVnzqh,P,ezUI,auHWovZ,P,P,HHu,P
auHWovZ
Jedi Wagner, assuma o comando!