Toque! Toque, Dijê!
lkb
lkb
lkb,UoAfTMgIc
lkb
lkb
lkb
lkb,UoAfTMgIc,eOJKuOSV
lkb,UoAfTMgIc,eOJKuOSV,UoAfTMgIc
lkb,UoAfTMgIc,eOJKuOSV,UoAfTMgIc,IHpv
UoAfTMgIc
UoAfTMgIc
UoAfTMgIc
UoAfTMgIc
UoAfTMgIc,UoAfTMgIc,lkb
UoAfTMgIc,UoAfTMgIc,IHpv,UoAfTMgIc,lkb
IHpv
UoAfTMgIc,IHpv,UoAfTMgIc,UoAfTMgIc,lkb
IHpv
IHpv
IHpv
lkb
lkb
UoAfTMgIc,lkb,IHpv,UoAfTMgIc,UoAfTMgIc,IHpv
IHpv
UoAfTMgIc,IHpv,UoAfTMgIc,UoAfTMgIc,IHpv
UoAfTMgIc,IHpv,UoAfTMgIc,UoAfTMgIc,IHpv
UoAfTMgIc,IHpv,UoAfTMgIc,UoAfTMgIc,IHpv
UoAfTMgIc
UoAfTMgIc,UoAfTMgIc,IHpv,eOJKuOSV
UoAfTMgIc,IHpv,UoAfTMgIc
IHpv,UoAfTMgIc,UoAfTMgIc,eOJKuOSV,UoAfTMgIc
UoAfTMgIc
IHpv
IHpv
IHpv,UoAfTMgIc,lkb,IHpv
IHpv,UoAfTMgIc,lkb,IHpv
IHpv,UoAfTMgIc,lkb,IHpv
IHpv,UoAfTMgIc,lkb,IHpv
UoAfTMgIc,IHpv,lkb,IHpv
IHpv
lkb
UoAfTMgIc,lkb,IHpv,IHpv,eOJKuOSV
UoAfTMgIc,lkb,IHpv,IHpv,eOJKuOSV,IHpv
UoAfTMgIc
lkb,UoAfTMgIc,eOJKuOSV
UoAfTMgIc
UoAfTMgIc
UoAfTMgIc
lkb,UoAfTMgIc,eOJKuOSV,IHpv
lkb,IHpv,UoAfTMgIc,UoAfTMgIc
IHpv
lkb,IHpv,UoAfTMgIc,lkb
lkb,IHpv,UoAfTMgIc,lkb,lkb
IHpv
lkb,IHpv,UoAfTMgIc,lkb,lkb
lkb
lkb
eOJKuOSV
IHpv
lkb,lkb,lkb,eOJKuOSV,IHpv,eOJKuOSV
lkb,lkb,lkb,eOJKuOSV,IHpv,eOJKuOSV,IHpv,UoAfTMgIc
lkb,lkb,eOJKuOSV,IHpv,eOJKuOSV,IHpv,UoAfTMgIc
IHpv
lkb,eOJKuOSV,lkb,eOJKuOSV,IHpv,UoAfTMgIc,UoAfTMgIc,IHpv
lkb
IHpv,lkb,lkb,IHpv,eOJKuOSV,eOJKuOSV
IHpv,lkb,lkb,IHpv,eOJKuOSV
lkb,lkb,IHpv,eOJKuOSV,IHpv
eOJKuOSV,lkb,lkb,IHpv,eOJKuOSV
eOJKuOSV,lkb,eOJKuOSV
eOJKuOSV
lkb
lkb,eOJKuOSV,eOJKuOSV,eOJKuOSV,eOJKuOSV,lkb
lkb
lkb,eOJKuOSV,eOJKuOSV,eOJKuOSV,eOJKuOSV,lkb
lkb
eOJKuOSV,eOJKuOSV,eOJKuOSV,lkb,IHpv,eOJKuOSV
eOJKuOSV,eOJKuOSV,eOJKuOSV,lkb,eOJKuOSV
eOJKuOSV
eOJKuOSV
eOJKuOSV,eOJKuOSV,eOJKuOSV,eOJKuOSV
eOJKuOSV
eOJKuOSV
eOJKuOSV,eOJKuOSV,lkb,eOJKuOSV,eOJKuOSV,IHpv,IHpv,lkb
eOJKuOSV,eOJKuOSV,eOJKuOSV,eOJKuOSV,lkb,IHpv
eOJKuOSV
eOJKuOSV
eOJKuOSV,eOJKuOSV,eOJKuOSV,eOJKuOSV,lkb,IHpv
eOJKuOSV
eOJKuOSV
eOJKuOSV
eOJKuOSV
eOJKuOSV,eOJKuOSV,eOJKuOSV,eOJKuOSV,UoAfTMgIc
eOJKuOSV,eOJKuOSV,eOJKuOSV,eOJKuOSV,UoAfTMgIc
eOJKuOSV,eOJKuOSV,eOJKuOSV,eOJKuOSV,UoAfTMgIc
eOJKuOSV,eOJKuOSV,eOJKuOSV,eOJKuOSV,lkb,IHpv
eOJKuOSV
eOJKuOSV
eOJKuOSV
eOJKuOSV,eOJKuOSV,eOJKuOSV,eOJKuOSV,lkb
eOJKuOSV,eOJKuOSV,eOJKuOSV,eOJKuOSV,lkb,eOJKuOSV
eOJKuOSV,eOJKuOSV,eOJKuOSV,lkb,eOJKuOSV,eOJKuOSV,IHpv
lkb
eOJKuOSV,eOJKuOSV,eOJKuOSV,lkb,eOJKuOSV,eOJKuOSV
eOJKuOSV
eOJKuOSV,eOJKuOSV,eOJKuOSV,lkb,eOJKuOSV,eOJKuOSV,lkb
eOJKuOSV,eOJKuOSV,eOJKuOSV,lkb,eOJKuOSV,eOJKuOSV,lkb
lkb
lkb
lkb
eOJKuOSV,eOJKuOSV,eOJKuOSV,lkb,eOJKuOSV,eOJKuOSV,lkb,eOJKuOSV
lkb
eOJKuOSV
eOJKuOSV,eOJKuOSV,eOJKuOSV,lkb,eOJKuOSV,eOJKuOSV,lkb,eOJKuOSV
eOJKuOSV
eOJKuOSV,eOJKuOSV,eOJKuOSV,lkb,eOJKuOSV,eOJKuOSV,lkb,eOJKuOSV,UoAfTMgIc
eOJKuOSV
eOJKuOSV
eOJKuOSV
eOJKuOSV
eOJKuOSV,eOJKuOSV,lkb,eOJKuOSV,eOJKuOSV,lkb,UoAfTMgIc,eOJKuOSV,UoAfTMgIc
eOJKuOSV,eOJKuOSV,lkb,eOJKuOSV,eOJKuOSV,lkb,UoAfTMgIc,eOJKuOSV,UoAfTMgIc
eOJKuOSV,eOJKuOSV,lkb,eOJKuOSV,eOJKuOSV,lkb,UoAfTMgIc,eOJKuOSV,UoAfTMgIc,eOJKuOSV,UoAfTMgIc
UoAfTMgIc
UoAfTMgIc
UoAfTMgIc
eOJKuOSV,eOJKuOSV,eOJKuOSV,UoAfTMgIc,lkb,eOJKuOSV,UoAfTMgIc,eOJKuOSV,UoAfTMgIc,UoAfTMgIc
eOJKuOSV,eOJKuOSV,eOJKuOSV,lkb,UoAfTMgIc,eOJKuOSV,UoAfTMgIc,eOJKuOSV,UoAfTMgIc,UoAfTMgIc
UoAfTMgIc
eOJKuOSV,eOJKuOSV,lkb,UoAfTMgIc,eOJKuOSV,eOJKuOSV,UoAfTMgIc,eOJKuOSV,UoAfTMgIc,UoAfTMgIc
eOJKuOSV
eOJKuOSV,eOJKuOSV,lkb,UoAfTMgIc,eOJKuOSV,eOJKuOSV,UoAfTMgIc,eOJKuOSV,UoAfTMgIc,UoAfTMgIc,eOJKuOSV,lkb
eOJKuOSV
eOJKuOSV
eOJKuOSV,eOJKuOSV,eOJKuOSV,lkb,eOJKuOSV,eOJKuOSV,lkb,eOJKuOSV
eOJKuOSV,eOJKuOSV,eOJKuOSV,eOJKuOSV,eOJKuOSV,lkb,eOJKuOSV
lkb
eOJKuOSV
Jedi Wagner, assuma o comando!