[vazia]
Toque! Toque, Dijê!
[vazia]
[vazia]
Toque! Toque, Dijê!
[vazia]
Toque! Toque, Dijê!
PrKtTfdOg
[vazia]
PrKtTfdOg
[vazia]
Toque! Toque, Dijê!
[vazia]
Toque! Toque, Dijê!
[vazia]
PrKtTfdOg
PrKtTfdOg
PrKtTfdOg
PrKtTfdOg
PrKtTfdOg
PrKtTfdOg
PrKtTfdOg
PrKtTfdOg
PrKtTfdOg,PrKtTfdOg
PrKtTfdOg,PrKtTfdOg
PrKtTfdOg,PrKtTfdOg,PrKtTfdOg
PrKtTfdOg
PrKtTfdOg
PrKtTfdOg,PrKtTfdOg
PrKtTfdOg
PrKtTfdOg
PrKtTfdOg
PrKtTfdOg
PrKtTfdOg
PrKtTfdOg
PrKtTfdOg,PrKtTfdOg
PrKtTfdOg,PrKtTfdOg
PrKtTfdOg
PrKtTfdOg,PrKtTfdOg
PrKtTfdOg
PrKtTfdOg
PrKtTfdOg
PrKtTfdOg
PrKtTfdOg
PrKtTfdOg,PrKtTfdOg
PrKtTfdOg
PrKtTfdOg,PrKtTfdOg
PrKtTfdOg
PrKtTfdOg,PrKtTfdOg
PrKtTfdOg,PrKtTfdOg,PrKtTfdOg,PrKtTfdOg
PrKtTfdOg
PrKtTfdOg,PrKtTfdOg,PrKtTfdOg,PrKtTfdOg
PrKtTfdOg,PrKtTfdOg,PrKtTfdOg,PrKtTfdOg,PrKtTfdOg,PrKtTfdOg,PrKtTfdOg
PrKtTfdOg
PrKtTfdOg,PrKtTfdOg,PrKtTfdOg,PrKtTfdOg,PrKtTfdOg,PrKtTfdOg,PrKtTfdOg
PrKtTfdOg
PrKtTfdOg
PrKtTfdOg,PrKtTfdOg,PrKtTfdOg,PrKtTfdOg,PrKtTfdOg,PrKtTfdOg,PrKtTfdOg
PrKtTfdOg,PrKtTfdOg,PrKtTfdOg,PrKtTfdOg,PrKtTfdOg,PrKtTfdOg,PrKtTfdOg
PrKtTfdOg,PrKtTfdOg,PrKtTfdOg,PrKtTfdOg,PrKtTfdOg,PrKtTfdOg,PrKtTfdOg
PrKtTfdOg
PrKtTfdOg
PrKtTfdOg
PrKtTfdOg
PrKtTfdOg
PrKtTfdOg,PrKtTfdOg,PrKtTfdOg,PrKtTfdOg,PrKtTfdOg,PrKtTfdOg,PrKtTfdOg
PrKtTfdOg,PrKtTfdOg,PrKtTfdOg,PrKtTfdOg,PrKtTfdOg,PrKtTfdOg,PrKtTfdOg
PrKtTfdOg
PrKtTfdOg
PrKtTfdOg,PrKtTfdOg,PrKtTfdOg,PrKtTfdOg,PrKtTfdOg,PrKtTfdOg,PrKtTfdOg,PrKtTfdOg,PrKtTfdOg
PrKtTfdOg
Jedi Wagner, assuma o comando!