[vazia]
Toque! Toque, Dijê!
[vazia]
[vazia]
Toque! Toque, Dijê!
Toque! Toque, Dijê!
Toque! Toque, Dijê!
[vazia]
[vazia]
[vazia]
Toque! Toque, Dijê!
Toque! Toque, Dijê!
Toque! Toque, Dijê!
Toque! Toque, Dijê!
[vazia]
[vazia]
Toque! Toque, Dijê!
wDnBLsa
wDnBLsa
Toque! Toque, Dijê!
Toque! Toque, Dijê!
IkEYMXEeo
IkEYMXEeo,IkEYMXEeo
IkEYMXEeo,IkEYMXEeo
IkEYMXEeo
Toque! Toque, Dijê!
x
[vazia]
Toque! Toque, Dijê!
Toque! Toque, Dijê!
Toque! Toque, Dijê!
kAfGtyAwNi
kAfGtyAwNi
kAfGtyAwNi
kAfGtyAwNi,lCMdNOCwt
kAfGtyAwNi
kAfGtyAwNi
kAfGtyAwNi,lCMdNOCwt,kAfGtyAwNi
kAfGtyAwNi,lCMdNOCwt,kAfGtyAwNi,lCMdNOCwt
kAfGtyAwNi,lCMdNOCwt,kAfGtyAwNi,lCMdNOCwt,pRFxovYz,kAfGtyAwNi,pRFxovYz
kAfGtyAwNi
kAfGtyAwNi
kAfGtyAwNi,lCMdNOCwt,pRFxovYz,kAfGtyAwNi,pRFxovYz,lCMdNOCwt,pRFxovYz,pRFxovYz,BRFv
kAfGtyAwNi,lCMdNOCwt,pRFxovYz,kAfGtyAwNi,pRFxovYz,lCMdNOCwt,pRFxovYz,pRFxovYz
kAfGtyAwNi
kAfGtyAwNi,lCMdNOCwt,pRFxovYz,kAfGtyAwNi,pRFxovYz,lCMdNOCwt,pRFxovYz,pRFxovYz,wDnBLsa,IkEYMXEeo
kAfGtyAwNi
kAfGtyAwNi,IkEYMXEeo,lCMdNOCwt,pRFxovYz,kAfGtyAwNi,pRFxovYz,lCMdNOCwt,pRFxovYz,pRFxovYz,wDnBLsa
kAfGtyAwNi,IkEYMXEeo,lCMdNOCwt,pRFxovYz,kAfGtyAwNi,pRFxovYz,lCMdNOCwt,pRFxovYz,pRFxovYz,wDnBLsa
IkEYMXEeo
kAfGtyAwNi,IkEYMXEeo,lCMdNOCwt,pRFxovYz,kAfGtyAwNi,pRFxovYz,lCMdNOCwt,pRFxovYz,pRFxovYz,wDnBLsa
IkEYMXEeo
kAfGtyAwNi,lCMdNOCwt,IkEYMXEeo,kAfGtyAwNi,pRFxovYz,lCMdNOCwt,pRFxovYz,pRFxovYz,wDnBLsa
kAfGtyAwNi,lCMdNOCwt,IkEYMXEeo,kAfGtyAwNi,pRFxovYz,lCMdNOCwt,pRFxovYz,pRFxovYz,wDnBLsa,kAfGtyAwNi
lCMdNOCwt
kAfGtyAwNi,IkEYMXEeo,lCMdNOCwt,pRFxovYz,kAfGtyAwNi,pRFxovYz,lCMdNOCwt,pRFxovYz,pRFxovYz,wDnBLsa
kAfGtyAwNi,IkEYMXEeo,lCMdNOCwt,pRFxovYz,kAfGtyAwNi,pRFxovYz,lCMdNOCwt,pRFxovYz,pRFxovYz,wDnBLsa,pRFxovYz
IkEYMXEeo
kAfGtyAwNi,IkEYMXEeo,lCMdNOCwt,pRFxovYz,kAfGtyAwNi,pRFxovYz,lCMdNOCwt,pRFxovYz,pRFxovYz,wDnBLsa,pRFxovYz
kAfGtyAwNi,IkEYMXEeo,pRFxovYz,kAfGtyAwNi,pRFxovYz,lCMdNOCwt,pRFxovYz,pRFxovYz,wDnBLsa,pRFxovYz
kAfGtyAwNi,IkEYMXEeo,pRFxovYz,kAfGtyAwNi,pRFxovYz,lCMdNOCwt,pRFxovYz,pRFxovYz,wDnBLsa,pRFxovYz
IkEYMXEeo
kAfGtyAwNi,IkEYMXEeo,pRFxovYz,kAfGtyAwNi,pRFxovYz,lCMdNOCwt,pRFxovYz,pRFxovYz,wDnBLsa,pRFxovYz,kAfGtyAwNi
IkEYMXEeo
IkEYMXEeo
pRFxovYz
pRFxovYz
kAfGtyAwNi,IkEYMXEeo,pRFxovYz,kAfGtyAwNi,pRFxovYz,lCMdNOCwt,pRFxovYz,pRFxovYz,wDnBLsa,pRFxovYz,kAfGtyAwNi,x,pRFxovYz,lCMdNOCwt
pRFxovYz
IkEYMXEeo,pRFxovYz,kAfGtyAwNi,pRFxovYz,pRFxovYz,pRFxovYz,wDnBLsa,pRFxovYz,kAfGtyAwNi,pRFxovYz,lCMdNOCwt,pRFxovYz
kAfGtyAwNi
pRFxovYz,kAfGtyAwNi,kAfGtyAwNi,pRFxovYz,lCMdNOCwt,pRFxovYz,pRFxovYz,pRFxovYz,kAfGtyAwNi,x,pRFxovYz,lCMdNOCwt,IkEYMXEeo,pRFxovYz
pRFxovYz,kAfGtyAwNi,kAfGtyAwNi,pRFxovYz,lCMdNOCwt,pRFxovYz,pRFxovYz,pRFxovYz,kAfGtyAwNi,x,pRFxovYz,lCMdNOCwt,IkEYMXEeo,pRFxovYz
pRFxovYz,kAfGtyAwNi,kAfGtyAwNi,pRFxovYz,lCMdNOCwt,pRFxovYz,pRFxovYz,pRFxovYz,kAfGtyAwNi,x,pRFxovYz,lCMdNOCwt,IkEYMXEeo,pRFxovYz
pRFxovYz,kAfGtyAwNi,kAfGtyAwNi,pRFxovYz,lCMdNOCwt,pRFxovYz,pRFxovYz,pRFxovYz,kAfGtyAwNi,x,pRFxovYz,lCMdNOCwt,IkEYMXEeo,pRFxovYz
pRFxovYz,lCMdNOCwt,kAfGtyAwNi,kAfGtyAwNi,pRFxovYz,pRFxovYz,pRFxovYz,pRFxovYz,kAfGtyAwNi,x,pRFxovYz,lCMdNOCwt,IkEYMXEeo,pRFxovYz,KkkxhHQg,kAfGtyAwNi,BRFv
IkEYMXEeo
lCMdNOCwt
pRFxovYz,lCMdNOCwt,kAfGtyAwNi,kAfGtyAwNi,pRFxovYz,pRFxovYz,pRFxovYz,pRFxovYz,kAfGtyAwNi,x,pRFxovYz,lCMdNOCwt,IkEYMXEeo,pRFxovYz,KkkxhHQg,kAfGtyAwNi,BRFv
x
IkEYMXEeo,pRFxovYz,kAfGtyAwNi,pRFxovYz,lCMdNOCwt,pRFxovYz,pRFxovYz,wDnBLsa,pRFxovYz,kAfGtyAwNi,x,pRFxovYz,lCMdNOCwt,pRFxovYz
IkEYMXEeo,pRFxovYz,kAfGtyAwNi,pRFxovYz,lCMdNOCwt,pRFxovYz,pRFxovYz,wDnBLsa,pRFxovYz,kAfGtyAwNi,x,pRFxovYz,lCMdNOCwt,pRFxovYz,lCMdNOCwt
IkEYMXEeo,pRFxovYz,kAfGtyAwNi,pRFxovYz,lCMdNOCwt,pRFxovYz,pRFxovYz,pRFxovYz,kAfGtyAwNi,pRFxovYz,lCMdNOCwt,pRFxovYz,lCMdNOCwt
IkEYMXEeo,kAfGtyAwNi,pRFxovYz,pRFxovYz,pRFxovYz,pRFxovYz,pRFxovYz,kAfGtyAwNi,pRFxovYz,lCMdNOCwt,pRFxovYz,lCMdNOCwt,x
IkEYMXEeo,x,kAfGtyAwNi,pRFxovYz,lCMdNOCwt,pRFxovYz,pRFxovYz,pRFxovYz,kAfGtyAwNi,pRFxovYz,lCMdNOCwt,pRFxovYz,lCMdNOCwt,kAfGtyAwNi
kAfGtyAwNi
kAfGtyAwNi,IkEYMXEeo,pRFxovYz,kAfGtyAwNi,pRFxovYz,lCMdNOCwt,pRFxovYz,pRFxovYz,wDnBLsa,pRFxovYz,kAfGtyAwNi,x,pRFxovYz,lCMdNOCwt
IkEYMXEeo,pRFxovYz,kAfGtyAwNi,lCMdNOCwt,kAfGtyAwNi,pRFxovYz,pRFxovYz,pRFxovYz,wDnBLsa,pRFxovYz,kAfGtyAwNi,x,pRFxovYz,lCMdNOCwt
IkEYMXEeo,pRFxovYz,kAfGtyAwNi,lCMdNOCwt,kAfGtyAwNi,pRFxovYz,pRFxovYz,pRFxovYz,wDnBLsa,pRFxovYz,kAfGtyAwNi,x,pRFxovYz,lCMdNOCwt,IkEYMXEeo
kAfGtyAwNi
IkEYMXEeo
pRFxovYz
kAfGtyAwNi,kAfGtyAwNi,lCMdNOCwt,pRFxovYz,pRFxovYz,pRFxovYz,kAfGtyAwNi,x,pRFxovYz,lCMdNOCwt,wDnBLsa,x
kAfGtyAwNi,kAfGtyAwNi,lCMdNOCwt,pRFxovYz,pRFxovYz,pRFxovYz,kAfGtyAwNi,x,pRFxovYz,lCMdNOCwt,wDnBLsa,x
kAfGtyAwNi,kAfGtyAwNi,pRFxovYz,lCMdNOCwt,pRFxovYz,pRFxovYz,wDnBLsa,pRFxovYz,kAfGtyAwNi,x,pRFxovYz,lCMdNOCwt,wDnBLsa
kAfGtyAwNi,kAfGtyAwNi,pRFxovYz,lCMdNOCwt,pRFxovYz,pRFxovYz,wDnBLsa,pRFxovYz,kAfGtyAwNi,x,pRFxovYz,lCMdNOCwt,wDnBLsa
kAfGtyAwNi,kAfGtyAwNi,pRFxovYz,lCMdNOCwt,pRFxovYz,pRFxovYz,wDnBLsa,pRFxovYz,kAfGtyAwNi,x,pRFxovYz,lCMdNOCwt,wDnBLsa
kAfGtyAwNi,pRFxovYz,lCMdNOCwt,pRFxovYz,pRFxovYz,x,kAfGtyAwNi,wDnBLsa,pRFxovYz,kAfGtyAwNi,pRFxovYz,lCMdNOCwt,wDnBLsa,kAfGtyAwNi
kAfGtyAwNi,kAfGtyAwNi,pRFxovYz,lCMdNOCwt,pRFxovYz,pRFxovYz,wDnBLsa,pRFxovYz,kAfGtyAwNi,x,pRFxovYz,lCMdNOCwt,wDnBLsa
pRFxovYz
pRFxovYz
kAfGtyAwNi,kAfGtyAwNi,pRFxovYz,lCMdNOCwt,pRFxovYz,pRFxovYz,wDnBLsa,pRFxovYz,kAfGtyAwNi,x,pRFxovYz,lCMdNOCwt,wDnBLsa
pRFxovYz
pRFxovYz
pRFxovYz
kAfGtyAwNi,kAfGtyAwNi,pRFxovYz,lCMdNOCwt,pRFxovYz,pRFxovYz,wDnBLsa,pRFxovYz,kAfGtyAwNi,x,pRFxovYz,lCMdNOCwt,wDnBLsa,lCMdNOCwt
pRFxovYz
kAfGtyAwNi,kAfGtyAwNi,pRFxovYz,lCMdNOCwt,pRFxovYz,pRFxovYz,wDnBLsa,pRFxovYz,kAfGtyAwNi,pRFxovYz,lCMdNOCwt,wDnBLsa
pRFxovYz
pRFxovYz
pRFxovYz
kAfGtyAwNi,kAfGtyAwNi,pRFxovYz,lCMdNOCwt,pRFxovYz,pRFxovYz,wDnBLsa,pRFxovYz,kAfGtyAwNi,x,pRFxovYz,lCMdNOCwt,wDnBLsa,lCMdNOCwt
kAfGtyAwNi,kAfGtyAwNi,pRFxovYz,lCMdNOCwt,pRFxovYz,pRFxovYz,wDnBLsa,pRFxovYz,kAfGtyAwNi,x,pRFxovYz,lCMdNOCwt,wDnBLsa,lCMdNOCwt
kAfGtyAwNi,kAfGtyAwNi,pRFxovYz,lCMdNOCwt,pRFxovYz,pRFxovYz,wDnBLsa,pRFxovYz,kAfGtyAwNi,x,pRFxovYz,lCMdNOCwt,wDnBLsa,lCMdNOCwt
pRFxovYz,pRFxovYz,wDnBLsa,pRFxovYz,x,kAfGtyAwNi,pRFxovYz,pRFxovYz,lCMdNOCwt,wDnBLsa,lCMdNOCwt
pRFxovYz
pRFxovYz
pRFxovYz
pRFxovYz,pRFxovYz,wDnBLsa,pRFxovYz,x,kAfGtyAwNi,pRFxovYz,pRFxovYz,lCMdNOCwt,wDnBLsa,lCMdNOCwt,IkEYMXEeo
lCMdNOCwt
lCMdNOCwt
pRFxovYz,pRFxovYz,wDnBLsa,pRFxovYz,x,kAfGtyAwNi,pRFxovYz,pRFxovYz,lCMdNOCwt,wDnBLsa,lCMdNOCwt,IkEYMXEeo,KkkxhHQg,x
wDnBLsa
pRFxovYz,wDnBLsa,pRFxovYz,x,kAfGtyAwNi,pRFxovYz,pRFxovYz,lCMdNOCwt,wDnBLsa,pRFxovYz,lCMdNOCwt,IkEYMXEeo,KkkxhHQg,x
lCMdNOCwt
pRFxovYz,pRFxovYz,wDnBLsa,pRFxovYz,x,kAfGtyAwNi,pRFxovYz,pRFxovYz,lCMdNOCwt,wDnBLsa,lCMdNOCwt,IkEYMXEeo,KkkxhHQg
pRFxovYz,pRFxovYz,wDnBLsa,pRFxovYz,x,kAfGtyAwNi,pRFxovYz,pRFxovYz,lCMdNOCwt,wDnBLsa,lCMdNOCwt,IkEYMXEeo,KkkxhHQg
pRFxovYz,pRFxovYz,wDnBLsa,pRFxovYz,x,kAfGtyAwNi,pRFxovYz,pRFxovYz,lCMdNOCwt,wDnBLsa,lCMdNOCwt,IkEYMXEeo,KkkxhHQg
pRFxovYz,pRFxovYz,wDnBLsa,pRFxovYz,x,kAfGtyAwNi,pRFxovYz,pRFxovYz,lCMdNOCwt,wDnBLsa,lCMdNOCwt,IkEYMXEeo,KkkxhHQg
KkkxhHQg
pRFxovYz,pRFxovYz,wDnBLsa,pRFxovYz,x,kAfGtyAwNi,pRFxovYz,pRFxovYz,lCMdNOCwt,wDnBLsa,lCMdNOCwt,IkEYMXEeo,KkkxhHQg,x
KkkxhHQg
kAfGtyAwNi
pRFxovYz,pRFxovYz,x,pRFxovYz,pRFxovYz,wDnBLsa,lCMdNOCwt,KkkxhHQg,x,kAfGtyAwNi,pRFxovYz,lCMdNOCwt,IkEYMXEeo,wDnBLsa,lCMdNOCwt,wDnBLsa
pRFxovYz,pRFxovYz,x,pRFxovYz,pRFxovYz,wDnBLsa,lCMdNOCwt,KkkxhHQg,x,pRFxovYz,kAfGtyAwNi,lCMdNOCwt,IkEYMXEeo,wDnBLsa,lCMdNOCwt,wDnBLsa
kAfGtyAwNi
wDnBLsa
wDnBLsa
pRFxovYz,pRFxovYz,x,pRFxovYz,pRFxovYz,lCMdNOCwt,x,pRFxovYz,kAfGtyAwNi,wDnBLsa,lCMdNOCwt,IkEYMXEeo,wDnBLsa,lCMdNOCwt,wDnBLsa,lCMdNOCwt
pRFxovYz,pRFxovYz,x,pRFxovYz,pRFxovYz,lCMdNOCwt,x,pRFxovYz,kAfGtyAwNi,wDnBLsa,lCMdNOCwt,IkEYMXEeo,wDnBLsa,lCMdNOCwt,wDnBLsa,lCMdNOCwt
pRFxovYz,pRFxovYz,x,pRFxovYz,pRFxovYz,lCMdNOCwt,x,pRFxovYz,kAfGtyAwNi,wDnBLsa,lCMdNOCwt,wDnBLsa,lCMdNOCwt,wDnBLsa,lCMdNOCwt,x
pRFxovYz,pRFxovYz,x,pRFxovYz,pRFxovYz,lCMdNOCwt,x,pRFxovYz,kAfGtyAwNi,wDnBLsa,lCMdNOCwt,wDnBLsa,lCMdNOCwt,wDnBLsa,lCMdNOCwt,x
wDnBLsa
pRFxovYz,pRFxovYz,x,pRFxovYz,pRFxovYz,lCMdNOCwt,x,pRFxovYz,kAfGtyAwNi,wDnBLsa,lCMdNOCwt,wDnBLsa,lCMdNOCwt,wDnBLsa,lCMdNOCwt,x
pRFxovYz,pRFxovYz,x,pRFxovYz,pRFxovYz,lCMdNOCwt,x,pRFxovYz,kAfGtyAwNi,wDnBLsa,lCMdNOCwt,wDnBLsa,lCMdNOCwt,wDnBLsa,lCMdNOCwt,x
pRFxovYz,pRFxovYz,x,pRFxovYz,pRFxovYz,lCMdNOCwt,x,pRFxovYz,kAfGtyAwNi,wDnBLsa,lCMdNOCwt,wDnBLsa,lCMdNOCwt,wDnBLsa,lCMdNOCwt,x
wDnBLsa
wDnBLsa
kAfGtyAwNi
pRFxovYz
pRFxovYz,pRFxovYz,lCMdNOCwt,x,pRFxovYz,pRFxovYz,wDnBLsa,kAfGtyAwNi,pRFxovYz,lCMdNOCwt,wDnBLsa,lCMdNOCwt,wDnBLsa,lCMdNOCwt,x,KkkxhHQg
pRFxovYz
pRFxovYz,pRFxovYz,lCMdNOCwt,x,pRFxovYz,pRFxovYz,wDnBLsa,pRFxovYz,kAfGtyAwNi,lCMdNOCwt,wDnBLsa,lCMdNOCwt,wDnBLsa,lCMdNOCwt,x,KkkxhHQg
pRFxovYz,pRFxovYz,lCMdNOCwt,x,pRFxovYz,pRFxovYz,wDnBLsa,pRFxovYz,kAfGtyAwNi,lCMdNOCwt,wDnBLsa,lCMdNOCwt,wDnBLsa,lCMdNOCwt,x,KkkxhHQg
Jedi Wagner, assuma o comando!