[vazia]
Toque! Toque, Dijê!
[vazia]
[vazia]
[vazia]
[vazia]
Toque! Toque, Dijê!
Toque! Toque, Dijê!
Toque! Toque, Dijê!
IKaQvzPe
IKaQvzPe
IKaQvzPe
IKaQvzPe
Toque! Toque, Dijê!
[vazia]
Toque! Toque, Dijê!
Toque! Toque, Dijê!
[vazia]
IKaQvzPe
IKaQvzPe
IKaQvzPe,Lbl
Lbl
Lbl
Lbl
Lbl
Lbl,Lbl,IPMcp
Lbl,Lbl,IPMcp
Lbl,Lbl,IPMcp,tVMsOOiEP
Lbl
Lbl,Lbl,IPMcp
IPMcp
Lbl,IPMcp,Lbl,sU,Lbl,sU
IPMcp
Lbl,IPMcp,Lbl,sU,Lbl,sU
IPMcp
Lbl,IPMcp,Lbl,sU,Lbl,sU
Lbl,Lbl,IPMcp,tVMsOOiEP
Lbl
Lbl,Lbl,IPMcp,tVMsOOiEP
Lbl,Lbl,IPMcp,tVMsOOiEP
Lbl
Lbl
Lbl
IPMcp
IPMcp
IPMcp
Lbl,IPMcp,Lbl,Lbl,Lbl,sU,OpS
Lbl,IPMcp,Lbl,Lbl,Lbl,sU,OpS,tVMsOOiEP
Lbl,IPMcp,Lbl,Lbl,Lbl,sU,OpS,tVMsOOiEP,GaF
Lbl
Lbl
Lbl
Lbl,IPMcp,Lbl,Lbl,Lbl,OpS,tVMsOOiEP,GaF,sU,OpS
Lbl
Lbl
Lbl
Lbl,IPMcp,Lbl,Lbl,Lbl,sU,OpS,tVMsOOiEP,GaF,Lbl,sU
sU
Lbl,IPMcp,Lbl,Lbl,Lbl,OpS,tVMsOOiEP,GaF
Lbl,Lbl,Lbl,Lbl,OpS,tVMsOOiEP,GaF
Lbl,Lbl,Lbl,OpS,tVMsOOiEP,GaF,sU
IPMcp,Lbl,Lbl,Lbl,OpS,tVMsOOiEP,GaF,sU
IPMcp,Lbl,Lbl,Lbl,OpS,tVMsOOiEP,GaF,sU
Lbl,sU,Lbl,OpS,tVMsOOiEP,GaF,IPMcp,GaF
Lbl
sU,Lbl,Lbl,OpS,tVMsOOiEP,GaF,IPMcp,GaF
sU,Lbl,Lbl,OpS,tVMsOOiEP,GaF,IPMcp,GaF,IKaQvzPe
Lbl,IPMcp,sU,Lbl,Lbl,Lbl,OpS,tVMsOOiEP,GaF,GaF
Lbl,sU,GaF,IPMcp,Lbl,Lbl,Lbl,tVMsOOiEP,GaF,IPMcp
Lbl,sU,GaF,Lbl,Lbl,Lbl,tVMsOOiEP,GaF,IPMcp,sU
Lbl,sU,IPMcp,GaF,Lbl,Lbl,Lbl,OpS,tVMsOOiEP,GaF
Lbl,sU,GaF,Lbl,Lbl,Lbl,OpS,tVMsOOiEP,GaF,IPMcp
GaF
Lbl,sU,GaF,Lbl,Lbl,Lbl,OpS,tVMsOOiEP,GaF,IPMcp,IKaQvzPe
Lbl,GaF,Lbl,Lbl,Lbl,OpS,GaF,IPMcp,IKaQvzPe,IPMcp
Lbl,GaF,Lbl,Lbl,Lbl,OpS,IPMcp,IKaQvzPe,IPMcp,IPMcp
Lbl
GaF
Lbl
GaF
Lbl,sU,GaF,Lbl,Lbl,Lbl,OpS,tVMsOOiEP,GaF,IPMcp,IPMcp,tVMsOOiEP
GaF
GaF
GaF
sU,tVMsOOiEP,GaF,Lbl,Lbl,Lbl,OpS,GaF,IPMcp,IPMcp,GaF
Lbl
sU,tVMsOOiEP,GaF,OpS,Lbl,Lbl,Lbl,GaF,IPMcp,IPMcp,GaF,sU
GaF
GaF
GaF
GaF
tVMsOOiEP,GaF,Lbl,Lbl,Lbl,GaF,IPMcp,IPMcp,GaF,sU,sU,IPMcp
GaF
IPMcp
IPMcp
IPMcp
GaF,Lbl,Lbl,Lbl,GaF,sU,IPMcp,IPMcp,GaF,sU,IPMcp,IPMcp,Lbl
GaF,Lbl,Lbl,Lbl,GaF,sU,IPMcp,IPMcp,GaF,sU,IPMcp,IPMcp,Lbl
GaF,Lbl,Lbl,Lbl,GaF,sU,IPMcp,IPMcp,GaF,sU,IPMcp,IPMcp,Lbl,tVMsOOiEP
IPMcp
IPMcp
tVMsOOiEP,Lbl,Lbl,GaF,sU,IPMcp,GaF,Lbl,IPMcp,GaF,sU,IPMcp,IPMcp,Lbl,tVMsOOiEP
tVMsOOiEP,Lbl,Lbl,IPMcp,GaF,sU,Lbl,IPMcp,GaF,sU,IPMcp,IPMcp,Lbl,tVMsOOiEP,IPMcp,Lbl
GaF,Lbl,Lbl,Lbl,GaF,sU,IPMcp,IPMcp,GaF,sU,IPMcp,IPMcp,Lbl
IPMcp
Lbl
IPMcp
GaF,Lbl,GaF,IPMcp,IPMcp,sU,GaF,Lbl,sU,IPMcp,Lbl,IPMcp,Lbl,IPMcp,IPMcp,OpS,Lbl
Lbl,GaF,IPMcp,IPMcp,sU,GaF,Lbl,sU,IPMcp,Lbl,IPMcp,Lbl,IPMcp,IPMcp,OpS,Lbl
Lbl,GaF,IPMcp,IPMcp,sU,GaF,Lbl,sU,IPMcp,Lbl,IPMcp,Lbl,IPMcp,IPMcp,OpS,Lbl
Lbl
Lbl
Lbl,GaF,IPMcp,IPMcp,sU,GaF,Lbl,sU,IPMcp,Lbl,IPMcp,Lbl,IPMcp,IPMcp,Lbl,IKaQvzPe
Lbl
GaF,Lbl,sU,IPMcp,Lbl,IPMcp,Lbl,Lbl,IPMcp,IPMcp,Lbl,IKaQvzPe,OpS,OpS
Lbl,sU,IPMcp,Lbl,IPMcp,Lbl,Lbl,GaF,IPMcp,IPMcp,Lbl,IKaQvzPe,OpS,OpS
IPMcp
Lbl,sU,IPMcp,Lbl,IPMcp,Lbl,Lbl,GaF,IPMcp,IPMcp,IKaQvzPe,Lbl,OpS,OpS
Lbl,sU,IPMcp,Lbl,IPMcp,Lbl,Lbl,GaF,IPMcp,IPMcp,IKaQvzPe,Lbl,OpS,OpS
IPMcp
IPMcp
IPMcp
IPMcp
tVMsOOiEP
sU
Lbl,Lbl,Lbl,Lbl,IPMcp,IPMcp,tVMsOOiEP,IPMcp,sU,GaF,Lbl,IKaQvzPe,OpS,OpS,tVMsOOiEP,sU,IPMcp,IKaQvzPe,IPMcp
sU
GaF
GaF
GaF
GaF
GaF
Lbl
OpS
OpS
Lbl,Lbl,Lbl,IPMcp,IPMcp,IPMcp,sU,Lbl,GaF,IKaQvzPe,OpS,sU,IPMcp,IKaQvzPe,IPMcp,OpS
sU
Lbl,Lbl,IPMcp,Lbl,sU,OpS,sU,IPMcp,IPMcp,OpS
tVMsOOiEP
Lbl,Lbl,Lbl,IPMcp,IPMcp,Lbl,OpS,tVMsOOiEP,IKaQvzPe,OpS,tVMsOOiEP,IPMcp,IKaQvzPe,IPMcp,IPMcp,OpS
tVMsOOiEP
Lbl,Lbl,Lbl,IPMcp,IPMcp,tVMsOOiEP,IPMcp,sU,GaF,Lbl,OpS,IKaQvzPe,OpS,tVMsOOiEP,sU,IPMcp,IKaQvzPe,IPMcp
Lbl,Lbl,Lbl,IPMcp,IPMcp,tVMsOOiEP,IPMcp,sU,GaF,Lbl,OpS,IKaQvzPe,OpS,tVMsOOiEP,sU,IPMcp,IKaQvzPe,IPMcp,GaF
Lbl,Lbl,Lbl,IPMcp,IPMcp,tVMsOOiEP,IPMcp,sU,GaF,Lbl,OpS,IKaQvzPe,OpS,tVMsOOiEP,sU,IPMcp,IKaQvzPe,IPMcp,GaF
Lbl,Lbl,Lbl,IPMcp,IPMcp,tVMsOOiEP,IPMcp,sU,GaF,Lbl,OpS,IKaQvzPe,OpS,tVMsOOiEP,sU,IPMcp,IKaQvzPe,IPMcp,GaF
Lbl,Lbl,Lbl,IPMcp,IPMcp,tVMsOOiEP,IPMcp,sU,GaF,Lbl,OpS,IKaQvzPe,OpS,tVMsOOiEP,sU,IPMcp,IKaQvzPe,IPMcp,GaF
IKaQvzPe
IKaQvzPe
IKaQvzPe
IKaQvzPe
Lbl,Lbl,Lbl,IPMcp,tVMsOOiEP,IPMcp,sU,GaF,Lbl,OpS,IPMcp,IKaQvzPe,OpS,tVMsOOiEP,sU,IPMcp,IKaQvzPe,IPMcp,GaF,OpS,IKaQvzPe
Lbl,Lbl,IPMcp,tVMsOOiEP,IPMcp,Lbl,OpS,IPMcp,IKaQvzPe,sU,OpS,tVMsOOiEP,sU,IPMcp,IKaQvzPe,IPMcp,GaF,OpS,IKaQvzPe,IKaQvzPe,Lbl
Lbl,Lbl,IPMcp,tVMsOOiEP,IPMcp,Lbl,OpS,IPMcp,sU,OpS,tVMsOOiEP,sU,IPMcp,IKaQvzPe,IPMcp,GaF,OpS,IKaQvzPe,IKaQvzPe,Lbl
sU
Jedi Wagner, assuma o comando!