[vazia]
uACMHxLN,XDx
uACMHxLN,XDx
[vazia]
[vazia]
fCKrAs
Toque! Toque, Dijê!
lUBpcRpE
fCKrAs
fCKrAs
fCKrAs
fCKrAs
lUBpcRpE,fCKrAs,JiMsQQM,lsfa,JiMsQQM,XDx
JiMsQQM
lUBpcRpE,fCKrAs,JiMsQQM,lsfa,JiMsQQM,XDx,uACMHxLN
lUBpcRpE,fCKrAs,JiMsQQM,lsfa,JiMsQQM,XDx,uACMHxLN
lUBpcRpE,fCKrAs,JiMsQQM,lsfa,JiMsQQM,XDx,uACMHxLN,lUBpcRpE,XDx,uACMHxLN
lUBpcRpE,fCKrAs,JiMsQQM,lsfa,JiMsQQM,XDx,uACMHxLN,lUBpcRpE,XDx,uACMHxLN
lUBpcRpE,fCKrAs,JiMsQQM,lsfa,JiMsQQM,XDx,uACMHxLN,lUBpcRpE,XDx,uACMHxLN
lsfa
fCKrAs
lsfa
lsfa
lUBpcRpE,fCKrAs,lsfa,JiMsQQM,XDx,lUBpcRpE,XDx,uACMHxLN
lsfa
lUBpcRpE,fCKrAs,lsfa,JiMsQQM,XDx,lUBpcRpE,XDx,uACMHxLN,JiMsQQM,uACMHxLN
lUBpcRpE,lsfa,JiMsQQM,XDx,lUBpcRpE,XDx,uACMHxLN,JiMsQQM,uACMHxLN,dEGOgZtlGb,uACMHxLN,lUBpcRpE
JiMsQQM
JiMsQQM
lUBpcRpE,lsfa,JiMsQQM,XDx,lUBpcRpE,XDx,JiMsQQM,uACMHxLN,dEGOgZtlGb,uACMHxLN,lUBpcRpE,XDx
Jedi Wagner, assuma o comando!