[vazia]
Toque! Toque, Dijê!
[vazia]
Toque! Toque, Dijê!
xkOKickrcL
xkOKickrcL
xkOKickrcL
xkOKickrcL
xkOKickrcL
xkOKickrcL
xkOKickrcL,FqQwWGu
xkOKickrcL,FqQwWGu,QSfl
FqQwWGu
FqQwWGu
FqQwWGu
FqQwWGu
FqQwWGu
FqQwWGu,xzO,xkOKickrcL
FqQwWGu
FqQwWGu,xzO,xkOKickrcL
FqQwWGu,xzO,xkOKickrcL,FqQwWGu
FqQwWGu
xzO,FqQwWGu,FqQwWGu
xzO
xzO
xzO,FqQwWGu,FqQwWGu,FqQwWGu
xzO,FqQwWGu,FqQwWGu,FqQwWGu
xzO
xzO
xzO
xzO
xzO
xzO,FqQwWGu,FqQwWGu,FqQwWGu,xkOKickrcL
xzO
xzO,FqQwWGu,FqQwWGu,FqQwWGu,xkOKickrcL
xzO,FqQwWGu,FqQwWGu,FqQwWGu,xkOKickrcL,xkOKickrcL
xzO,FqQwWGu,FqQwWGu,FqQwWGu,xkOKickrcL,xkOKickrcL
xzO,FqQwWGu,FqQwWGu,FqQwWGu,xkOKickrcL,xkOKickrcL
xzO,FqQwWGu,xkOKickrcL,FqQwWGu,FqQwWGu
FqQwWGu,FqQwWGu,xzO,FqQwWGu,xkOKickrcL,xkOKickrcL,FqQwWGu
xzO
xzO
FqQwWGu,xkOKickrcL,FqQwWGu,xzO,FqQwWGu,xkOKickrcL,FqQwWGu,xkOKickrcL,QSfl,QSfl
FqQwWGu,xkOKickrcL,FqQwWGu,xzO,FqQwWGu,xkOKickrcL,FqQwWGu,xkOKickrcL,QSfl,QSfl
FqQwWGu,xkOKickrcL,FqQwWGu,xzO,FqQwWGu,xkOKickrcL,FqQwWGu,xkOKickrcL,QSfl,QSfl
FqQwWGu
FqQwWGu,FqQwWGu,xkOKickrcL,xzO,FqQwWGu,xkOKickrcL,FqQwWGu,xkOKickrcL,QSfl,QSfl
FqQwWGu,FqQwWGu,xkOKickrcL,xzO,FqQwWGu,xkOKickrcL,FqQwWGu,xkOKickrcL,QSfl,QSfl
xzO
FqQwWGu,FqQwWGu,xkOKickrcL,xzO,FqQwWGu,xkOKickrcL,FqQwWGu,xkOKickrcL,QSfl,QSfl
xzO
xzO
xzO
FqQwWGu,xkOKickrcL,xzO,FqQwWGu,xkOKickrcL,FqQwWGu,xkOKickrcL,QSfl
FqQwWGu,xkOKickrcL,xzO,FqQwWGu,xkOKickrcL,FqQwWGu,xkOKickrcL,QSfl
FqQwWGu
xkOKickrcL,FqQwWGu,xzO,xkOKickrcL,FqQwWGu,xkOKickrcL,QSfl,QSfl
xzO
xzO
xzO
FqQwWGu,FqQwWGu,xkOKickrcL,xzO,FqQwWGu,xkOKickrcL,FqQwWGu,xkOKickrcL,QSfl,QSfl
FqQwWGu,FqQwWGu,xkOKickrcL,xzO,QSfl,FqQwWGu,xkOKickrcL,FqQwWGu,xkOKickrcL,QSfl
FqQwWGu,FqQwWGu,xkOKickrcL,xzO,QSfl,FqQwWGu,xkOKickrcL,FqQwWGu,xkOKickrcL,QSfl,xzO
FqQwWGu,FqQwWGu,xkOKickrcL,xzO,QSfl,FqQwWGu,xkOKickrcL,FqQwWGu,xkOKickrcL,QSfl,xzO
FqQwWGu,xzO,QSfl,FqQwWGu,xkOKickrcL,FqQwWGu,xkOKickrcL,QSfl,FqQwWGu
FqQwWGu
FqQwWGu
FqQwWGu,xzO,FqQwWGu,FqQwWGu,xkOKickrcL,QSfl,FqQwWGu,xzO,xkOKickrcL
FqQwWGu
FqQwWGu,xzO,FqQwWGu,FqQwWGu,xkOKickrcL,QSfl,FqQwWGu,xzO,xkOKickrcL,xkOKickrcL,xkOKickrcL
FqQwWGu,xzO,FqQwWGu,FqQwWGu,xkOKickrcL,QSfl,FqQwWGu,xzO,xkOKickrcL,xkOKickrcL,xkOKickrcL
FqQwWGu
FqQwWGu
FqQwWGu
FqQwWGu,xzO,FqQwWGu,FqQwWGu,QSfl,FqQwWGu,xkOKickrcL,xzO,xkOKickrcL
FqQwWGu,xzO,FqQwWGu,FqQwWGu,QSfl,FqQwWGu,xkOKickrcL,xzO,xkOKickrcL
xkOKickrcL
xkOKickrcL
FqQwWGu,xzO,FqQwWGu,FqQwWGu,QSfl,FqQwWGu,xkOKickrcL,xzO,xkOKickrcL,xzO
xkOKickrcL
xkOKickrcL
xzO,FqQwWGu,FqQwWGu,QSfl,FqQwWGu,xkOKickrcL,xzO,xkOKickrcL,FqQwWGu,xzO
xzO,FqQwWGu,FqQwWGu,xkOKickrcL,FqQwWGu,QSfl,xzO,xkOKickrcL,FqQwWGu,xzO,xkOKickrcL
xzO,FqQwWGu,FqQwWGu,QSfl,FqQwWGu,xzO,xkOKickrcL,FqQwWGu,xzO,xkOKickrcL
FqQwWGu
xzO,FqQwWGu,FqQwWGu,QSfl,FqQwWGu,xzO,xkOKickrcL,FqQwWGu,xzO,xkOKickrcL
xzO,FqQwWGu,FqQwWGu,FqQwWGu,xzO,xkOKickrcL,FqQwWGu,xzO,xkOKickrcL,QSfl
FqQwWGu
FqQwWGu
xzO,FqQwWGu,xkOKickrcL,FqQwWGu,FqQwWGu,xzO,xkOKickrcL,FqQwWGu,xzO,xkOKickrcL
FqQwWGu
xzO,FqQwWGu,xkOKickrcL,FqQwWGu,FqQwWGu,xzO,xkOKickrcL,FqQwWGu,xzO,xkOKickrcL,xkOKickrcL
FqQwWGu
xzO,FqQwWGu,xkOKickrcL,FqQwWGu,QSfl,FqQwWGu,xzO,xkOKickrcL,FqQwWGu,xzO,xkOKickrcL
FqQwWGu
FqQwWGu
xzO,FqQwWGu,xkOKickrcL,FqQwWGu,QSfl,FqQwWGu,xzO,xkOKickrcL,FqQwWGu,xzO,xkOKickrcL
xzO
xkOKickrcL
FqQwWGu,xkOKickrcL,FqQwWGu,FqQwWGu,xzO,xkOKickrcL,xzO,xkOKickrcL,FqQwWGu,QSfl,xzO
FqQwWGu
xkOKickrcL
FqQwWGu,xkOKickrcL,FqQwWGu,FqQwWGu,xzO,xkOKickrcL,xzO,xkOKickrcL,FqQwWGu,QSfl,xzO
xzO
FqQwWGu,xkOKickrcL,FqQwWGu,FqQwWGu,xzO,xkOKickrcL,xzO,QSfl,xkOKickrcL,FqQwWGu,xzO
xzO
xzO
FqQwWGu,xkOKickrcL,FqQwWGu,FqQwWGu,xkOKickrcL,xzO,QSfl,xkOKickrcL,FqQwWGu,xzO
xzO
FqQwWGu,xkOKickrcL,FqQwWGu,FqQwWGu,xzO,xkOKickrcL,xzO,xkOKickrcL,FqQwWGu,QSfl,xzO
xzO
xkOKickrcL,FqQwWGu,FqQwWGu,xzO,xkOKickrcL,QSfl,FqQwWGu,xzO,xkOKickrcL,FqQwWGu,xzO
xkOKickrcL,FqQwWGu,FqQwWGu,xzO,xkOKickrcL,FqQwWGu,xzO,xkOKickrcL,FqQwWGu,xzO,xzO
xkOKickrcL,xzO,xkOKickrcL,FqQwWGu,xzO,FqQwWGu,FqQwWGu,xkOKickrcL,FqQwWGu,xzO,xzO,xkOKickrcL,FqQwWGu
FqQwWGu
FqQwWGu
xkOKickrcL,FqQwWGu,xkOKickrcL,QSfl,FqQwWGu,xzO,xkOKickrcL,FqQwWGu,xzO,QSfl,xkOKickrcL,xzO,xkOKickrcL
FqQwWGu
xkOKickrcL,FqQwWGu,xkOKickrcL,QSfl,FqQwWGu,xzO,xkOKickrcL,FqQwWGu,xzO,QSfl,xkOKickrcL,xzO,xkOKickrcL
xkOKickrcL
xkOKickrcL
xkOKickrcL
xkOKickrcL,FqQwWGu,xkOKickrcL,FqQwWGu,xzO,xkOKickrcL,QSfl,FqQwWGu,xzO,QSfl,xkOKickrcL,xzO,xkOKickrcL
xkOKickrcL,FqQwWGu,xkOKickrcL,QSfl,FqQwWGu,xkOKickrcL,xzO,FqQwWGu,xzO,QSfl,xkOKickrcL,xzO,xkOKickrcL
xzO
xzO
xkOKickrcL,FqQwWGu,xkOKickrcL,QSfl,FqQwWGu,xkOKickrcL,xzO,FqQwWGu,xzO,QSfl,xkOKickrcL,xzO,xkOKickrcL
xkOKickrcL,QSfl,FqQwWGu,xkOKickrcL,FqQwWGu,xzO,xkOKickrcL,FqQwWGu,xzO,QSfl,xkOKickrcL,xzO,xkOKickrcL,QSfl
xkOKickrcL,xkOKickrcL,QSfl,FqQwWGu,xkOKickrcL,xzO,FqQwWGu,xzO,QSfl,xkOKickrcL,xzO,xkOKickrcL
xkOKickrcL,xkOKickrcL,QSfl,FqQwWGu,xkOKickrcL,xzO,FqQwWGu,xzO,QSfl,xkOKickrcL,xzO,xkOKickrcL
xzO
FqQwWGu
xkOKickrcL,QSfl,xkOKickrcL,xzO,FqQwWGu,xzO,FqQwWGu,QSfl,xkOKickrcL,xzO,xkOKickrcL,QSfl,xzO
xkOKickrcL,xzO,FqQwWGu,xzO,FqQwWGu,xkOKickrcL,QSfl,QSfl,xkOKickrcL,xzO,xkOKickrcL,QSfl,xzO
xkOKickrcL,xzO,FqQwWGu,xzO,FqQwWGu,xkOKickrcL,QSfl,QSfl,xkOKickrcL,xzO,xkOKickrcL,QSfl,xzO
xkOKickrcL,xzO,FqQwWGu,xzO,FqQwWGu,xkOKickrcL,QSfl,QSfl,xkOKickrcL,xzO,xkOKickrcL,QSfl,xzO
xzO,FqQwWGu,xzO,FqQwWGu,xkOKickrcL,QSfl,QSfl,xkOKickrcL,xzO,xkOKickrcL,QSfl,xzO
FqQwWGu
xzO,xzO,FqQwWGu,xkOKickrcL,QSfl,xkOKickrcL,FqQwWGu,xzO,xkOKickrcL,QSfl,xzO,xzO
xzO,xzO,FqQwWGu,xkOKickrcL,QSfl,xkOKickrcL,FqQwWGu,xzO,xkOKickrcL,QSfl,xzO
xzO,xzO,FqQwWGu,xkOKickrcL,QSfl,xkOKickrcL,FqQwWGu,xzO,xkOKickrcL,QSfl,xzO
xzO,xzO,FqQwWGu,xkOKickrcL,xkOKickrcL,FqQwWGu,xzO,xkOKickrcL,QSfl,xzO,xkOKickrcL
xzO,xzO,FqQwWGu,xkOKickrcL,xkOKickrcL,FqQwWGu,xzO,xkOKickrcL,QSfl,xzO,xkOKickrcL
xzO,xzO,FqQwWGu,xkOKickrcL,xkOKickrcL,FqQwWGu,xzO,xkOKickrcL,QSfl,xzO,xkOKickrcL,xzO
FqQwWGu
xkOKickrcL,xzO,xzO,FqQwWGu,xkOKickrcL,QSfl,QSfl,xkOKickrcL,xzO,xkOKickrcL,QSfl,xzO,QSfl
xkOKickrcL
xkOKickrcL,xzO,FqQwWGu,xzO,FqQwWGu,xkOKickrcL,xkOKickrcL,xzO,xkOKickrcL,QSfl,xzO,xkOKickrcL,QSfl,FqQwWGu
xkOKickrcL,xzO,FqQwWGu,xzO,FqQwWGu,xkOKickrcL,xkOKickrcL,xzO,xkOKickrcL,QSfl,xzO,xkOKickrcL,QSfl,FqQwWGu,xzO,xzO
xkOKickrcL
xkOKickrcL,xzO,xzO,FqQwWGu,xkOKickrcL,xkOKickrcL,xzO,xkOKickrcL,FqQwWGu,QSfl,xzO,xkOKickrcL,QSfl,FqQwWGu,xzO,xzO
xkOKickrcL,xzO,xzO,FqQwWGu,xkOKickrcL,xkOKickrcL,xzO,xkOKickrcL,FqQwWGu,QSfl,xzO,xkOKickrcL,QSfl,FqQwWGu,xzO,xzO
xkOKickrcL,xzO,xzO,FqQwWGu,xkOKickrcL,xkOKickrcL,xzO,xkOKickrcL,FqQwWGu,QSfl,xzO,xkOKickrcL,QSfl,FqQwWGu,xzO,xzO
xkOKickrcL,xzO,xkOKickrcL,xkOKickrcL,xzO,xkOKickrcL,FqQwWGu,QSfl,xzO,xzO,xkOKickrcL,QSfl,FqQwWGu,xzO,xzO,xkOKickrcL
QSfl
xkOKickrcL,xzO,xzO,xkOKickrcL,xkOKickrcL,xzO,xkOKickrcL,FqQwWGu,QSfl,FqQwWGu,xzO,xkOKickrcL,QSfl,FqQwWGu,xzO,xzO,FqQwWGu,xkOKickrcL
QSfl
xkOKickrcL,xzO,xzO,FqQwWGu,xkOKickrcL,xkOKickrcL,xzO,xkOKickrcL,FqQwWGu,QSfl,xzO,xkOKickrcL,QSfl,FqQwWGu,xzO,xzO
xkOKickrcL,xzO,xzO,FqQwWGu,xkOKickrcL,xkOKickrcL,xzO,xkOKickrcL,FqQwWGu,QSfl,xzO,xkOKickrcL,QSfl,FqQwWGu,xzO,xzO,xkOKickrcL
QSfl
QSfl
FqQwWGu
QSfl
QSfl
xkOKickrcL,xzO,xzO,FqQwWGu,xkOKickrcL,xkOKickrcL,xzO,xkOKickrcL,FqQwWGu,QSfl,xzO,xkOKickrcL,QSfl,FqQwWGu,xzO,xzO
QSfl
xkOKickrcL,xzO,FqQwWGu,xkOKickrcL,xkOKickrcL,xzO,xkOKickrcL,FqQwWGu,QSfl,xzO,xkOKickrcL,QSfl,FqQwWGu,xzO,xzO,FqQwWGu
xkOKickrcL,xzO,xzO,FqQwWGu,xkOKickrcL,xkOKickrcL,xzO,xkOKickrcL,FqQwWGu,QSfl,xzO,xkOKickrcL,QSfl,FqQwWGu,xzO,xzO,FqQwWGu
QSfl
xkOKickrcL,xzO,FqQwWGu,xkOKickrcL,xkOKickrcL,xzO,xkOKickrcL,FqQwWGu,QSfl,xzO,xkOKickrcL,QSfl,FqQwWGu,xzO,xzO,FqQwWGu
QSfl
QSfl
xkOKickrcL,xzO,FqQwWGu,xkOKickrcL,xkOKickrcL,xzO,xkOKickrcL,FqQwWGu,QSfl,xzO,xkOKickrcL,QSfl,FqQwWGu,xzO,xzO
xkOKickrcL,xzO,FqQwWGu,xkOKickrcL,xkOKickrcL,xzO,xkOKickrcL,FqQwWGu,QSfl,xzO,xkOKickrcL,QSfl,FqQwWGu,xzO,xzO
xkOKickrcL,xzO,FqQwWGu,xkOKickrcL,xkOKickrcL,xzO,xkOKickrcL,FqQwWGu,QSfl,xzO,xkOKickrcL,QSfl,FqQwWGu,xzO,xzO
QSfl
xkOKickrcL,xzO,FqQwWGu,xkOKickrcL,xkOKickrcL,xzO,xkOKickrcL,FqQwWGu,QSfl,xzO,xkOKickrcL,QSfl,FqQwWGu,xzO,xzO
xkOKickrcL,xzO,FqQwWGu,xkOKickrcL,xkOKickrcL,xzO,xkOKickrcL,FqQwWGu,QSfl,xzO,xkOKickrcL,QSfl,FqQwWGu,xzO,xzO
FqQwWGu
xkOKickrcL,xzO,xkOKickrcL,xkOKickrcL,xzO,xkOKickrcL,FqQwWGu,FqQwWGu,xzO,xkOKickrcL,QSfl,FqQwWGu,xzO,xzO
FqQwWGu
xkOKickrcL,xzO,xkOKickrcL,xkOKickrcL,xzO,xkOKickrcL,FqQwWGu,QSfl,FqQwWGu,xzO,xkOKickrcL,QSfl,FqQwWGu,xzO,xzO
xkOKickrcL,xzO,xkOKickrcL,xkOKickrcL,xzO,xkOKickrcL,FqQwWGu,QSfl,FqQwWGu,xzO,xkOKickrcL,QSfl,FqQwWGu,xzO,xzO,QSfl
QSfl
QSfl
xkOKickrcL,xzO,xzO,FqQwWGu,xkOKickrcL,xkOKickrcL,xzO,xkOKickrcL,FqQwWGu,QSfl,xzO,xkOKickrcL,QSfl,FqQwWGu,xzO,xzO,FqQwWGu,xkOKickrcL
xzO
xkOKickrcL,xzO,xzO,FqQwWGu,xkOKickrcL,xkOKickrcL,xzO,xkOKickrcL,FqQwWGu,QSfl,xzO,xkOKickrcL,QSfl,FqQwWGu,xzO,xzO,FqQwWGu,xkOKickrcL,QSfl,xkOKickrcL
xkOKickrcL,xzO,xzO,FqQwWGu,xkOKickrcL,xkOKickrcL,xzO,xkOKickrcL,FqQwWGu,QSfl,xzO,xkOKickrcL,QSfl,FqQwWGu,xzO,xzO,FqQwWGu,xkOKickrcL,QSfl,xkOKickrcL
xkOKickrcL
xzO,xzO,FqQwWGu,xkOKickrcL,xkOKickrcL,xzO,xkOKickrcL,FqQwWGu,QSfl,xzO,xkOKickrcL,QSfl,FqQwWGu,xzO,xzO,FqQwWGu,xkOKickrcL,QSfl,xkOKickrcL
xzO
xzO,FqQwWGu,xkOKickrcL,xkOKickrcL,xzO,xkOKickrcL,FqQwWGu,QSfl,xzO,xkOKickrcL,QSfl,FqQwWGu,xzO,xzO,FqQwWGu,xzO,xkOKickrcL,QSfl,xkOKickrcL
xzO,FqQwWGu,xkOKickrcL,xzO,xkOKickrcL,FqQwWGu,QSfl,xzO,xkOKickrcL,QSfl,FqQwWGu,xzO,xzO,FqQwWGu,xzO,xkOKickrcL,xkOKickrcL,QSfl,xkOKickrcL
xzO
xkOKickrcL
xkOKickrcL
xzO,FqQwWGu,xkOKickrcL,xkOKickrcL,xzO,xkOKickrcL,FqQwWGu,xzO,xkOKickrcL,QSfl,FqQwWGu,xzO,xzO,FqQwWGu,xzO,xkOKickrcL,QSfl,xkOKickrcL
xzO,FqQwWGu,xkOKickrcL,xkOKickrcL,xzO,xkOKickrcL,FqQwWGu,xzO,xkOKickrcL,QSfl,FqQwWGu,xzO,xzO,FqQwWGu,xzO,xkOKickrcL,QSfl,xkOKickrcL
xzO,FqQwWGu,xkOKickrcL,xkOKickrcL,xzO,xkOKickrcL,FqQwWGu,xzO,xkOKickrcL,QSfl,FqQwWGu,xzO,xzO,FqQwWGu,xzO,xkOKickrcL,QSfl,xkOKickrcL
QSfl
QSfl
xzO,FqQwWGu,xkOKickrcL,xkOKickrcL,xzO,xkOKickrcL,FqQwWGu,xzO,xkOKickrcL,FqQwWGu,xzO,xzO,FqQwWGu,xzO,xkOKickrcL,QSfl,QSfl,xkOKickrcL
FqQwWGu,xkOKickrcL,xkOKickrcL,xzO,xkOKickrcL,FqQwWGu,xzO,xkOKickrcL,QSfl,FqQwWGu,xzO,xzO,FqQwWGu,xzO,xkOKickrcL,QSfl,xzO,xkOKickrcL
xzO
xzO
FqQwWGu,xkOKickrcL,xkOKickrcL,xzO,xkOKickrcL,FqQwWGu,xzO,xkOKickrcL,QSfl,FqQwWGu,xzO,xzO,FqQwWGu,xzO,xkOKickrcL,QSfl,xzO,xkOKickrcL,xzO
FqQwWGu,xkOKickrcL,xkOKickrcL,xzO,xkOKickrcL,FqQwWGu,xzO,xkOKickrcL,FqQwWGu,xzO,xzO,FqQwWGu,xzO,xkOKickrcL,QSfl,xzO,QSfl,xkOKickrcL,xzO,xzO
FqQwWGu,xkOKickrcL,xkOKickrcL,xkOKickrcL,FqQwWGu,xzO,xkOKickrcL,FqQwWGu,xzO,xzO,FqQwWGu,xzO,xkOKickrcL,QSfl,xzO,QSfl,xkOKickrcL,xzO,xzO,xkOKickrcL,QSfl
xkOKickrcL
xkOKickrcL,xkOKickrcL,xkOKickrcL,xzO,xkOKickrcL,FqQwWGu,xzO,xzO,FqQwWGu,xzO,xkOKickrcL,QSfl,xzO,QSfl,xkOKickrcL,FqQwWGu,xzO,xzO
FqQwWGu
QSfl
FqQwWGu,xkOKickrcL,xkOKickrcL,xzO,xkOKickrcL,FqQwWGu,xzO,xkOKickrcL,FqQwWGu,xzO,xzO,FqQwWGu,xzO,xkOKickrcL,QSfl,xzO,QSfl,xkOKickrcL,xzO,xzO
FqQwWGu,xkOKickrcL,xkOKickrcL,xzO,xkOKickrcL,FqQwWGu,xzO,xkOKickrcL,FqQwWGu,xzO,xzO,FqQwWGu,xzO,xkOKickrcL,QSfl,xzO,QSfl,xkOKickrcL,xzO,xzO
QSfl
FqQwWGu,xkOKickrcL,xkOKickrcL,xkOKickrcL,FqQwWGu,xzO,xkOKickrcL,FqQwWGu,xzO,xzO,FqQwWGu,xzO,xkOKickrcL,xzO,QSfl,xkOKickrcL,QSfl,xzO,xzO,xzO,QSfl,xzO,QSfl
QSfl
xkOKickrcL
FqQwWGu,xkOKickrcL,FqQwWGu,xkOKickrcL,FqQwWGu,FqQwWGu,xkOKickrcL,xzO,QSfl,xkOKickrcL,QSfl,xkOKickrcL,xzO,xkOKickrcL,xzO,xzO,xzO,QSfl,xzO,QSfl,xzO,xkOKickrcL
Jedi Wagner, assuma o comando!