Toque! Toque, Dijê!
Toque! Toque, Dijê!
Toque! Toque, Dijê!
[vazia]
END
YOADaS
YOADaS
YOADaS
YOADaS
YOADaS
YOADaS
YOADaS
END,YOADaS
Toque! Toque, Dijê!
[vazia]
Toque! Toque, Dijê!
Toque! Toque, Dijê!
Toque! Toque, Dijê!
YOADaS
YOADaS
YOADaS
YOADaS
Toque! Toque, Dijê!
[vazia]
[vazia]
YOADaS
Toque! Toque, Dijê!
[vazia]
END
END,END,END
END,END
END,END,YOADaS
YOADaS
YOADaS
YOADaS
YOADaS,END
YOADaS
YOADaS,END,END
END,END,END,YOADaS
END
END
END,END,END,YOADaS
END
END
END
END,END,END
END
END,END,YOADaS,END,END
END
END
END,END,END,YOADaS
YOADaS,END,END,END,END,YOADaS,YOADaS,YOADaS
YOADaS
YOADaS,END,END,END,YOADaS,YOADaS,YOADaS,YOADaS,YOADaS,END,END
YOADaS,END,END,YOADaS,YOADaS,YOADaS,YOADaS,YOADaS,END,END,END,YOADaS,YOADaS
END
END,YOADaS,END,YOADaS,YOADaS,YOADaS,YOADaS,YOADaS,END,END,END,YOADaS,YOADaS,YOADaS
END
END,YOADaS,END,YOADaS,YOADaS,YOADaS,YOADaS,YOADaS,END,END,END,YOADaS,YOADaS,YOADaS
YOADaS,END,END,YOADaS,YOADaS,YOADaS,YOADaS,YOADaS,END,END,END,YOADaS,YOADaS
END,END,YOADaS,YOADaS,YOADaS,YOADaS,END,END,END,YOADaS,YOADaS,END,YOADaS
END,END,YOADaS,YOADaS,YOADaS,YOADaS,END,END,END,YOADaS,YOADaS,END,YOADaS
END,END,YOADaS,YOADaS,YOADaS,YOADaS,END,END,END,YOADaS,YOADaS,END,YOADaS,END,YOADaS
YOADaS
YOADaS
END,YOADaS,END,YOADaS,YOADaS,YOADaS,END,END,END,YOADaS,YOADaS,END,YOADaS,END,YOADaS,END
YOADaS
END,END,YOADaS,YOADaS,YOADaS,YOADaS,END,END,END,YOADaS,YOADaS,END,YOADaS,END,YOADaS
YOADaS,YOADaS,YOADaS,YOADaS,END,END,END,YOADaS,YOADaS,END,YOADaS,END,YOADaS
YOADaS
YOADaS,YOADaS,YOADaS,YOADaS,END,END,END,YOADaS,YOADaS,END,YOADaS,END,YOADaS
YOADaS,YOADaS,YOADaS,YOADaS,YOADaS,YOADaS,END,YOADaS,END,YOADaS
YOADaS
YOADaS
YOADaS
YOADaS,YOADaS,YOADaS,YOADaS,YOADaS,YOADaS,END,YOADaS
YOADaS,YOADaS,YOADaS,YOADaS,YOADaS,YOADaS,END,YOADaS
YOADaS,YOADaS,YOADaS,YOADaS,YOADaS,END,YOADaS,YOADaS
YOADaS
YOADaS,YOADaS,YOADaS,YOADaS,YOADaS,YOADaS,END,YOADaS,YOADaS,END
YOADaS,YOADaS,YOADaS,YOADaS,YOADaS,YOADaS,END,YOADaS,YOADaS,END
YOADaS,YOADaS,YOADaS,YOADaS,YOADaS,YOADaS,END,YOADaS,YOADaS,END
END
END
YOADaS
YOADaS
YOADaS,YOADaS,YOADaS,YOADaS,YOADaS,YOADaS,YOADaS,YOADaS
YOADaS
YOADaS,YOADaS,YOADaS,YOADaS,YOADaS,YOADaS,YOADaS,YOADaS
YOADaS,YOADaS,YOADaS,YOADaS,YOADaS,YOADaS
YOADaS
YOADaS,YOADaS,YOADaS,YOADaS,YOADaS,YOADaS
YOADaS
YOADaS,YOADaS,YOADaS,YOADaS,YOADaS,YOADaS
YOADaS,YOADaS
YOADaS,YOADaS,YOADaS,YOADaS,YOADaS,YOADaS
YOADaS,YOADaS,YOADaS,YOADaS,YOADaS
YOADaS,YOADaS,YOADaS,YOADaS,YOADaS,END
YOADaS
YOADaS,YOADaS,YOADaS,YOADaS,YOADaS,YOADaS
YOADaS,YOADaS,YOADaS,YOADaS,YOADaS,YOADaS
YOADaS,YOADaS,YOADaS,YOADaS,YOADaS,YOADaS,END
END
YOADaS
YOADaS
YOADaS,YOADaS,YOADaS,YOADaS,YOADaS,YOADaS,END
YOADaS
END
YOADaS
YOADaS
YOADaS
YOADaS,YOADaS,YOADaS,YOADaS,YOADaS,YOADaS,YOADaS
YOADaS,YOADaS,YOADaS,YOADaS,YOADaS,YOADaS,YOADaS
YOADaS
YOADaS,YOADaS,YOADaS,YOADaS,YOADaS,YOADaS,YOADaS
YOADaS,YOADaS,YOADaS,YOADaS,YOADaS,YOADaS
YOADaS
YOADaS,YOADaS,YOADaS,YOADaS,YOADaS,YOADaS,YOADaS
YOADaS,YOADaS,YOADaS,YOADaS,YOADaS,YOADaS
YOADaS
YOADaS
YOADaS
Jedi Wagner, assuma o comando!