[vazia]
[vazia]
[vazia]
[vazia]
ITRuPsBppH
[vazia]
Toque! Toque, Dijê!
UiCzmWYiJ
Toque! Toque, Dijê!
[vazia]
Toque! Toque, Dijê!
RuM
UiCzmWYiJ
Toque! Toque, Dijê!
UiCzmWYiJ
UiCzmWYiJ
UiCzmWYiJ
UiCzmWYiJ
UiCzmWYiJ
UiCzmWYiJ
Toque! Toque, Dijê!
Toque! Toque, Dijê!
Toque! Toque, Dijê!
Toque! Toque, Dijê!
Toque! Toque, Dijê!
[vazia]
[vazia]
bNMBUiKgDL
bNMBUiKgDL,bNMBUiKgDL
bNMBUiKgDL
[vazia]
[vazia]
Toque! Toque, Dijê!
bNMBUiKgDL
Toque! Toque, Dijê!
Toque! Toque, Dijê!
bNMBUiKgDL
bNMBUiKgDL
[vazia]
Toque! Toque, Dijê!
RuM
RuM
RuM
RuM
RuM,ITRuPsBppH
RuM,ITRuPsBppH
RuM,ITRuPsBppH
RuM
RuM,ITRuPsBppH,bNMBUiKgDL
RuM,ITRuPsBppH,bNMBUiKgDL
RuM
RuM,ITRuPsBppH
RuM
RuM
RuM
RuM,ITRuPsBppH
RuM
ITRuPsBppH
ITRuPsBppH,bNMBUiKgDL,RuM,RuM,UiCzmWYiJ
ITRuPsBppH,bNMBUiKgDL,RuM
ITRuPsBppH,bNMBUiKgDL,RuM,ITRuPsBppH,RuM
RuM
ITRuPsBppH,bNMBUiKgDL,RuM
Toque! Toque, Dijê!
ITRuPsBppH,bNMBUiKgDL,RuM,bNMBUiKgDL
ITRuPsBppH,bNMBUiKgDL,RuM,bNMBUiKgDL
ITRuPsBppH,bNMBUiKgDL,RuM,bNMBUiKgDL
ITRuPsBppH,bNMBUiKgDL,RuM,bNMBUiKgDL,RuM,ITRuPsBppH
RuM
ITRuPsBppH,RuM,bNMBUiKgDL,RuM,ITRuPsBppH,ITRuPsBppH,RuM
RuM
ITRuPsBppH,RuM,bNMBUiKgDL,RuM,ITRuPsBppH,ITRuPsBppH,RuM
RuM
RuM
ITRuPsBppH,RuM,UiCzmWYiJ
RuM
RuM
RuM
RuM
ITRuPsBppH
bNMBUiKgDL
bNMBUiKgDL
bNMBUiKgDL
RuM,bNMBUiKgDL,bNMBUiKgDL,bNMBUiKgDL
RuM,bNMBUiKgDL,bNMBUiKgDL,bNMBUiKgDL,RuM
RuM,bNMBUiKgDL,bNMBUiKgDL,RuM,bNMBUiKgDL
bNMBUiKgDL
RuM,bNMBUiKgDL,bNMBUiKgDL,RuM,bNMBUiKgDL,RuM
bNMBUiKgDL
RuM,bNMBUiKgDL,bNMBUiKgDL,RuM,bNMBUiKgDL
bNMBUiKgDL
RuM,bNMBUiKgDL,bNMBUiKgDL,RuM,bNMBUiKgDL
bNMBUiKgDL
bNMBUiKgDL
bNMBUiKgDL,RuM,bNMBUiKgDL,ITRuPsBppH
bNMBUiKgDL,bNMBUiKgDL,RuM,RuM
ITRuPsBppH,RuM,bNMBUiKgDL,bNMBUiKgDL
bNMBUiKgDL
bNMBUiKgDL
RuM,bNMBUiKgDL,ITRuPsBppH
ITRuPsBppH
ITRuPsBppH
ITRuPsBppH
RuM,bNMBUiKgDL,ITRuPsBppH
ITRuPsBppH,bNMBUiKgDL,RuM,bNMBUiKgDL
ITRuPsBppH
ITRuPsBppH
ITRuPsBppH,bNMBUiKgDL,RuM,bNMBUiKgDL
bNMBUiKgDL
ITRuPsBppH,bNMBUiKgDL,RuM,bNMBUiKgDL,bNMBUiKgDL
bNMBUiKgDL
bNMBUiKgDL
bNMBUiKgDL
bNMBUiKgDL,bNMBUiKgDL,RuM,bNMBUiKgDL,RuM
bNMBUiKgDL
bNMBUiKgDL,bNMBUiKgDL,bNMBUiKgDL,RuM,ITRuPsBppH,UiCzmWYiJ,ITRuPsBppH
bNMBUiKgDL,bNMBUiKgDL,bNMBUiKgDL,RuM,ITRuPsBppH,UiCzmWYiJ,ITRuPsBppH
RuM
bNMBUiKgDL,RuM,bNMBUiKgDL,bNMBUiKgDL,ITRuPsBppH,UiCzmWYiJ,ITRuPsBppH
RuM
bNMBUiKgDL,RuM,bNMBUiKgDL,bNMBUiKgDL,ITRuPsBppH,UiCzmWYiJ,ITRuPsBppH
bNMBUiKgDL,RuM,bNMBUiKgDL,bNMBUiKgDL,ITRuPsBppH,UiCzmWYiJ,ITRuPsBppH
bNMBUiKgDL,bNMBUiKgDL,RuM,bNMBUiKgDL,RuM
bNMBUiKgDL
bNMBUiKgDL,bNMBUiKgDL,RuM,ITRuPsBppH,RuM
bNMBUiKgDL,RuM,bNMBUiKgDL,ITRuPsBppH,RuM
bNMBUiKgDL
bNMBUiKgDL,bNMBUiKgDL,RuM,RuM,ITRuPsBppH
bNMBUiKgDL,bNMBUiKgDL,RuM,RuM,ITRuPsBppH
bNMBUiKgDL,bNMBUiKgDL,RuM,RuM,ITRuPsBppH
bNMBUiKgDL,bNMBUiKgDL,RuM,RuM,ITRuPsBppH
bNMBUiKgDL,bNMBUiKgDL,RuM,RuM,ITRuPsBppH
ITRuPsBppH
RuM
RuM
RuM
bNMBUiKgDL,RuM,RuM,ITRuPsBppH
bNMBUiKgDL,RuM,ITRuPsBppH,RuM,RuM
RuM,ITRuPsBppH,RuM,RuM
RuM,ITRuPsBppH,RuM,RuM
RuM
bNMBUiKgDL,RuM,ITRuPsBppH,RuM,RuM
RuM
RuM,ITRuPsBppH,RuM,bNMBUiKgDL,RuM
RuM
RuM
bNMBUiKgDL,RuM,ITRuPsBppH,RuM,RuM
bNMBUiKgDL,RuM,ITRuPsBppH,RuM,RuM
bNMBUiKgDL,RuM,ITRuPsBppH,RuM,RuM
bNMBUiKgDL,RuM,ITRuPsBppH,RuM,RuM
bNMBUiKgDL,ITRuPsBppH,RuM,RuM,RuM,ITRuPsBppH,RuM,bNMBUiKgDL
bNMBUiKgDL,ITRuPsBppH,RuM,RuM,RuM,ITRuPsBppH,RuM,bNMBUiKgDL
RuM
RuM
RuM,ITRuPsBppH,RuM,RuM
RuM,ITRuPsBppH,RuM,RuM,UiCzmWYiJ
RuM
RuM
RuM,RuM,ITRuPsBppH,RuM,UiCzmWYiJ
RuM,ITRuPsBppH,RuM,UiCzmWYiJ
RuM
RuM
RuM,UiCzmWYiJ,RuM,RuM
RuM
RuM,RuM,RuM,UiCzmWYiJ,ITRuPsBppH
RuM,RuM,RuM,UiCzmWYiJ,ITRuPsBppH
RuM,ITRuPsBppH,RuM,RuM,UiCzmWYiJ
RuM,ITRuPsBppH,RuM,RuM,UiCzmWYiJ
RuM
RuM
RuM,ITRuPsBppH,RuM,RuM,UiCzmWYiJ
RuM
RuM,ITRuPsBppH,RuM,RuM,UiCzmWYiJ
RuM,ITRuPsBppH,RuM,RuM,UiCzmWYiJ
RuM,ITRuPsBppH,RuM,RuM,UiCzmWYiJ
RuM
RuM,RuM,RuM,UiCzmWYiJ,UiCzmWYiJ
RuM,RuM,RuM,UiCzmWYiJ,UiCzmWYiJ
UiCzmWYiJ,UiCzmWYiJ,RuM,UiCzmWYiJ
Jedi Wagner, assuma o comando!