Toque! Toque, Dijê!
Zjk
Zjk,oTI
Zjk
Zjk
oTI
oTI
oTI
oTI
oTI
oTI,oTI
tmpEHNN
tmpEHNN
JPeBYlFNwT
JPeBYlFNwT
JPeBYlFNwT
JPeBYlFNwT,JPeBYlFNwT,tmpEHNN,JPeBYlFNwT
JPeBYlFNwT,JPeBYlFNwT,tmpEHNN,JPeBYlFNwT
Toque! Toque, Dijê!
Toque! Toque, Dijê!
Toque! Toque, Dijê!
oTI
oTI
oTI
oTI
oTI
Toque! Toque, Dijê!
tmpEHNN
tmpEHNN,Zjk
Toque! Toque, Dijê!
Toque! Toque, Dijê!
[vazia]
[vazia]
Zjk
Zjk
Toque! Toque, Dijê!
tmpEHNN
tmpEHNN
tmpEHNN
tmpEHNN
tmpEHNN
tmpEHNN
tmpEHNN
tmpEHNN
tmpEHNN
tmpEHNN,oTI,vMwHs,tmpEHNN
oTI
vMwHs
vMwHs
vMwHs
tmpEHNN,oTI,tmpEHNN,oTI,vMwHs,oTI,vMwHs,Zjk
tmpEHNN,oTI,vMwHs,tmpEHNN,oTI,oTI,vMwHs,vMwHs
tmpEHNN,oTI,tmpEHNN,oTI,vMwHs,oTI,vMwHs
vMwHs
tmpEHNN,oTI,tmpEHNN,oTI,vMwHs,oTI,vMwHs,tmpEHNN
tmpEHNN,oTI,tmpEHNN,oTI,vMwHs,oTI,vMwHs
tmpEHNN,oTI,tmpEHNN,oTI,vMwHs,oTI,vMwHs
vMwHs
vMwHs
tmpEHNN,oTI,tmpEHNN,oTI,vMwHs,oTI,vMwHs,vMwHs
tmpEHNN,oTI,tmpEHNN,oTI,vMwHs,oTI,vMwHs
tmpEHNN,oTI,tmpEHNN,oTI,vMwHs,oTI,vMwHs
tmpEHNN,tmpEHNN,vMwHs,oTI,vMwHs,vMwHs
tmpEHNN,tmpEHNN,vMwHs,oTI,vMwHs,vMwHs
tmpEHNN,tmpEHNN,vMwHs,oTI,vMwHs,oTI
tmpEHNN,tmpEHNN,vMwHs,oTI,vMwHs,oTI
tmpEHNN,vMwHs,vMwHs,oTI,oTI,Zjk,tmpEHNN
tmpEHNN,vMwHs,vMwHs,oTI,oTI,Zjk,tmpEHNN,vMwHs
vMwHs,vMwHs,oTI,oTI,Zjk,tmpEHNN,tmpEHNN,vMwHs,JPeBYlFNwT
tmpEHNN
tmpEHNN
vMwHs,vMwHs,oTI,oTI,Zjk,tmpEHNN,tmpEHNN,vMwHs,oReraTCQWt
JPeBYlFNwT
vMwHs,vMwHs,oTI,Zjk,JPeBYlFNwT,tmpEHNN,tmpEHNN,vMwHs,oReraTCQWt
JPeBYlFNwT
vMwHs,vMwHs,JPeBYlFNwT,oTI,tmpEHNN,tmpEHNN,vMwHs,oReraTCQWt
vMwHs,vMwHs,JPeBYlFNwT,oTI,tmpEHNN,tmpEHNN,vMwHs,oReraTCQWt,tmpEHNN,oReraTCQWt
vMwHs,vMwHs,JPeBYlFNwT,oTI,tmpEHNN,tmpEHNN,vMwHs,oReraTCQWt,tmpEHNN,oReraTCQWt
oTI
tmpEHNN
vMwHs,vMwHs,JPeBYlFNwT,oTI,tmpEHNN,tmpEHNN,vMwHs,oReraTCQWt,tmpEHNN
vMwHs,vMwHs,JPeBYlFNwT,oTI,tmpEHNN,tmpEHNN,vMwHs,oReraTCQWt,tmpEHNN
oTI
oTI
oTI
vMwHs,vMwHs,JPeBYlFNwT,oTI,tmpEHNN,tmpEHNN,vMwHs,oReraTCQWt,tmpEHNN
oTI
vMwHs,vMwHs,JPeBYlFNwT,oTI,oReraTCQWt,tmpEHNN,tmpEHNN,vMwHs,tmpEHNN
vMwHs,vMwHs,JPeBYlFNwT,oTI,oReraTCQWt,tmpEHNN,tmpEHNN,vMwHs,tmpEHNN
oReraTCQWt
Jedi Wagner, assuma o comando!