[vazia]
[vazia]
a
a,VgGEDUUpH
a,VgGEDUUpH,ZMmJLbtx
a,VgGEDUUpH,ZMmJLbtx
VgGEDUUpH
a,VgGEDUUpH
a,VgGEDUUpH
VgGEDUUpH
a,VgGEDUUpH
a,VgGEDUUpH,a,gtuDo
VgGEDUUpH
a,VgGEDUUpH,a,gtuDo,ZMmJLbtx
a,VgGEDUUpH
VgGEDUUpH
a,VgGEDUUpH
a,VgGEDUUpH
a
a,VgGEDUUpH
VgGEDUUpH
VgGEDUUpH
a,VgGEDUUpH
VgGEDUUpH
VgGEDUUpH
a,VgGEDUUpH
a,VgGEDUUpH,a,IdOLu
a
a
a,a,VgGEDUUpH,gtuDo
a,a,VgGEDUUpH,gtuDo
a,a,VgGEDUUpH,gtuDo
a,a,VgGEDUUpH,gtuDo
a,gtuDo,a,VgGEDUUpH
a
a,a,VgGEDUUpH,gtuDo
a,a,VgGEDUUpH,gtuDo,gtuDo
a,a,VgGEDUUpH,gtuDo,gtuDo
a
a
ZMmJLbtx
ZMmJLbtx
ZMmJLbtx
ZMmJLbtx,VgGEDUUpH,a,a,gtuDo
ZMmJLbtx,VgGEDUUpH,a,a,gtuDo
ZMmJLbtx
VgGEDUUpH
ZMmJLbtx,VgGEDUUpH,a,a,gtuDo
VgGEDUUpH,ZMmJLbtx,a,gtuDo,a
ZMmJLbtx
ZMmJLbtx
ZMmJLbtx,gtuDo,a,a
ZMmJLbtx
VgGEDUUpH,a,a
a
VgGEDUUpH,a,a,gtuDo
VgGEDUUpH,a,a,gtuDo
VgGEDUUpH,a,IdOLu,a,gtuDo,ZMmJLbtx
VgGEDUUpH,a,IdOLu,a,gtuDo,ZMmJLbtx
VgGEDUUpH,a,IdOLu,a,gtuDo,ZMmJLbtx
IdOLu
VgGEDUUpH,a,IdOLu,a,gtuDo,ZMmJLbtx,a
VgGEDUUpH,a,IdOLu,a,gtuDo,ZMmJLbtx,a
VgGEDUUpH,a,IdOLu,a,gtuDo,ZMmJLbtx,a
a
a,a,VgGEDUUpH
VgGEDUUpH
VgGEDUUpH,a,a,gtuDo
VgGEDUUpH,a,a,gtuDo,a,a
VgGEDUUpH,a,gtuDo,a
a,gtuDo,VgGEDUUpH,a
VgGEDUUpH
gtuDo,VgGEDUUpH,a,gtuDo
VgGEDUUpH
gtuDo,VgGEDUUpH,a,gtuDo,a
VgGEDUUpH
VgGEDUUpH
gtuDo,VgGEDUUpH,a,gtuDo,a
VgGEDUUpH
gtuDo
gtuDo,VgGEDUUpH
gtuDo,VgGEDUUpH
gtuDo,VgGEDUUpH
gtuDo,VgGEDUUpH
gtuDo,VgGEDUUpH,VgGEDUUpH,ZMmJLbtx,gtuDo
VgGEDUUpH
VgGEDUUpH
VgGEDUUpH
VgGEDUUpH,ZMmJLbtx,a,gtuDo,IdOLu,ZMmJLbtx
Jedi Wagner, assuma o comando!