Toque! Toque, Dijê!
Toque! Toque, Dijê!
Toque! Toque, Dijê!
D
e,D,ZcvHUfK
e,D,ZcvHUfK,e
ZcvHUfK
e,D,ZcvHUfK,e
D,e,ZcvHUfK,e
D,e,ZcvHUfK,e,ZcvHUfK
D,e,ZcvHUfK,e
ZcvHUfK
e
e,e,ZcvHUfK
e,e,ZcvHUfK,e
ZcvHUfK
e,e,ZcvHUfK
e,e,ZcvHUfK
ZcvHUfK
e,e,ZcvHUfK,IpYrLFwXlp
e,e,ZcvHUfK,IpYrLFwXlp
e,e,IpYrLFwXlp,ZcvHUfK,IpYrLFwXlp
e,e,ZcvHUfK,IpYrLFwXlp,IpYrLFwXlp,ZcvHUfK,ZcvHUfK,D
ZcvHUfK
ZcvHUfK
ZcvHUfK
e,ZcvHUfK,e,IpYrLFwXlp,IpYrLFwXlp,ZcvHUfK,ZcvHUfK,D,ZcvHUfK
e,e,ZcvHUfK,D
ZcvHUfK
ZcvHUfK
ZcvHUfK
e,e,ZcvHUfK,D,ZcvHUfK,IpYrLFwXlp
e,e,ZcvHUfK,D,ZcvHUfK,IpYrLFwXlp
ZcvHUfK
e,e,ZcvHUfK
e
e
ZcvHUfK,e,D
ZcvHUfK
ZcvHUfK
ZcvHUfK,e,D,D
ZcvHUfK
ZcvHUfK
ZcvHUfK
ZcvHUfK
ZcvHUfK
ZcvHUfK
ZcvHUfK,e,D
ZcvHUfK
ZcvHUfK
ZcvHUfK,e,D,D
ZcvHUfK
ZcvHUfK
ZcvHUfK,e,D,IpYrLFwXlp
ZcvHUfK,e,D,IpYrLFwXlp
IpYrLFwXlp,ZcvHUfK,e,D
e
ZcvHUfK,e,D
D
ZcvHUfK,e,e,ZcvHUfK
e
e
ZcvHUfK,e,e,ZcvHUfK
ZcvHUfK,e,e,ZcvHUfK
ZcvHUfK
e
e
e
e
ZcvHUfK,e,D,e,ZcvHUfK,D,ZcvHUfK
ZcvHUfK,IpYrLFwXlp,e,ZcvHUfK,D,ZcvHUfK,D,e
e
ZcvHUfK
ZcvHUfK,e,e,ZcvHUfK,D,D
e
ZcvHUfK,e,e,ZcvHUfK,D
e
e
ZcvHUfK,e,e,ZcvHUfK,D,IpYrLFwXlp
ZcvHUfK,e,e,ZcvHUfK,D,IpYrLFwXlp
ZcvHUfK,e,e,ZcvHUfK,D,IpYrLFwXlp
ZcvHUfK
ZcvHUfK,e,e,ZcvHUfK,IpYrLFwXlp,D,IpYrLFwXlp
ZcvHUfK,e,e,ZcvHUfK,IpYrLFwXlp,D,IpYrLFwXlp
IpYrLFwXlp
ZcvHUfK,e,e,ZcvHUfK,D,IpYrLFwXlp,e
IpYrLFwXlp
ZcvHUfK
ZcvHUfK
e,e,ZcvHUfK,ZcvHUfK,IpYrLFwXlp,D,IpYrLFwXlp
D
e,ZcvHUfK,ZcvHUfK,IpYrLFwXlp,D
IpYrLFwXlp
e,ZcvHUfK,ZcvHUfK,D,IpYrLFwXlp,IpYrLFwXlp,e
e,ZcvHUfK,ZcvHUfK,D,IpYrLFwXlp,IpYrLFwXlp,e
e,ZcvHUfK,ZcvHUfK,D,IpYrLFwXlp,IpYrLFwXlp,e
e
e
ZcvHUfK,D,IpYrLFwXlp,IpYrLFwXlp,e,ZcvHUfK
e,ZcvHUfK,ZcvHUfK,D,IpYrLFwXlp,IpYrLFwXlp,e
e,ZcvHUfK,ZcvHUfK,D,IpYrLFwXlp,IpYrLFwXlp,e,e
e,ZcvHUfK,ZcvHUfK,IpYrLFwXlp,IpYrLFwXlp,e,D,e
e,ZcvHUfK,e,D,IpYrLFwXlp,e
e
D
D
Jedi Wagner, assuma o comando!