[vazia]
[vazia]
EPHUTn
EPHUTn
EPHUTn
EPHUTn,MCcodalqC,XnnrpGi
EPHUTn
XnnrpGi
XnnrpGi,MCcodalqC,MCcodalqC,BxJVOxB
XnnrpGi,MCcodalqC,MCcodalqC,BxJVOxB,yrfrckRh
XnnrpGi
XnnrpGi,MCcodalqC,MCcodalqC,BxJVOxB
Toque! Toque, Dijê!
Toque! Toque, Dijê!
Toque! Toque, Dijê!
[vazia]
[vazia]
[vazia]
[vazia]
[vazia]
f,yrfrckRh,HfJhJ
f,yrfrckRh
f
yrfrckRh
Toque! Toque, Dijê!
yrfrckRh
yrfrckRh
yrfrckRh
yrfrckRh
yrfrckRh
yrfrckRh,Knzadr
Knzadr
yrfrckRh,Knzadr,Knzadr
Knzadr,Knzadr,MCcodalqC
Knzadr,Knzadr,MCcodalqC,EPHUTn
Knzadr,Knzadr,MCcodalqC,EPHUTn
Knzadr,Knzadr,MCcodalqC,EPHUTn,iLMZZsF
MCcodalqC
MCcodalqC
Knzadr,Knzadr,MCcodalqC,EPHUTn,iLMZZsF,EPHUTn
EPHUTn
EPHUTn
Knzadr,Knzadr,MCcodalqC,EPHUTn,iLMZZsF,EPHUTn
Knzadr,Knzadr,EPHUTn,MCcodalqC,iLMZZsF,EPHUTn
Knzadr
EPHUTn,MCcodalqC,Knzadr,iLMZZsF,EPHUTn,f,XnnrpGi
EPHUTn,MCcodalqC,Knzadr,iLMZZsF,EPHUTn,f,XnnrpGi
EPHUTn,MCcodalqC,Knzadr,iLMZZsF,EPHUTn,f,XnnrpGi
EPHUTn,MCcodalqC,Knzadr,iLMZZsF,EPHUTn,f
EPHUTn
iLMZZsF
iLMZZsF
Knzadr,Knzadr,MCcodalqC,EPHUTn,iLMZZsF,EPHUTn,iLMZZsF,Knzadr
iLMZZsF
iLMZZsF
Knzadr,Knzadr,MCcodalqC,EPHUTn,iLMZZsF,EPHUTn,iLMZZsF,Knzadr
EPHUTn
EPHUTn
Jedi Wagner, assuma o comando!