[vazia]
[vazia]
[vazia]
Toque! Toque, Dijê!
[vazia]
uxSZlCYc,uxSZlCYc
uxSZlCYc
Toque! Toque, Dijê!
uxSZlCYc
uxSZlCYc
uxSZlCYc
uxSZlCYc
XwHYg
XwHYg
XwHYg,XwHYg,XwHYg
[vazia]
Toque! Toque, Dijê!
uxSZlCYc
Toque! Toque, Dijê!
[vazia]
uxSZlCYc
uxSZlCYc
uxSZlCYc
[vazia]
[vazia]
[vazia]
Toque! Toque, Dijê!
uxSZlCYc
uxSZlCYc
uxSZlCYc
uxSZlCYc
uxSZlCYc
uxSZlCYc
uxSZlCYc
uxSZlCYc
uxSZlCYc,XwHYg,XwHYg
uxSZlCYc
uxSZlCYc
uxSZlCYc
[vazia]
[vazia]
[vazia]
[vazia]
Toque! Toque, Dijê!
Toque! Toque, Dijê!
Toque! Toque, Dijê!
Toque! Toque, Dijê!
uxSZlCYc
uxSZlCYc
uxSZlCYc
uxSZlCYc
uxSZlCYc
uxSZlCYc
uxSZlCYc
uxSZlCYc
uxSZlCYc
uxSZlCYc
Toque! Toque, Dijê!
uxSZlCYc
uxSZlCYc
uxSZlCYc,uxSZlCYc
uxSZlCYc,uxSZlCYc
uxSZlCYc,uxSZlCYc
uxSZlCYc
uxSZlCYc,uxSZlCYc,XwHYg,XwHYg
XwHYg
uxSZlCYc,uxSZlCYc,XwHYg,XwHYg,XwHYg
XwHYg
XwHYg
XwHYg
uxSZlCYc,uxSZlCYc,XwHYg
XwHYg
uxSZlCYc,uxSZlCYc,XwHYg
uxSZlCYc,XwHYg
uxSZlCYc,XwHYg
uxSZlCYc,XwHYg
XwHYg,uxSZlCYc
XwHYg
XwHYg
XwHYg,uxSZlCYc
uxSZlCYc,XwHYg
uxSZlCYc,XwHYg
uxSZlCYc,XwHYg,XwHYg
uxSZlCYc
XwHYg
XwHYg
uxSZlCYc,XwHYg,XwHYg
XwHYg
uxSZlCYc
Jedi Wagner, assuma o comando!