[vazia]
Toque! Toque, Dijê!
Toque! Toque, Dijê!
[vazia]
Toque! Toque, Dijê!
NgjELr
q
q,NgjELr,q,fYRqQdGSa
NgjELr
NgjELr
NgjELr
NgjELr
NgjELr
NgjELr
NgjELr
NgjELr
NgjELr
NgjELr
NgjELr
NgjELr
NgjELr
NgjELr
NgjELr,fYRqQdGSa,sjduMY
NgjELr
NgjELr,fYRqQdGSa,sjduMY
NgjELr
sjduMY
NgjELr,sjduMY,fYRqQdGSa
sjduMY
NgjELr,sjduMY,NgjELr
sjduMY
NgjELr,sjduMY
NgjELr,sjduMY
NgjELr,sjduMY,NgjELr,NgjELr,sjduMY,NgjELr
NgjELr,sjduMY,NgjELr,NgjELr,sjduMY
sjduMY
sjduMY,fYRqQdGSa,sjduMY
sjduMY,fYRqQdGSa,sjduMY
sjduMY,fYRqQdGSa,sjduMY
sjduMY
sjduMY
sjduMY
sjduMY
fYRqQdGSa
fYRqQdGSa
sjduMY,sjduMY,fYRqQdGSa
sjduMY
sjduMY,sjduMY,fYRqQdGSa
sjduMY,sjduMY,fYRqQdGSa
sjduMY
sjduMY,sjduMY,fYRqQdGSa,fYRqQdGSa
sjduMY
sjduMY,sjduMY,fYRqQdGSa,fYRqQdGSa,fYRqQdGSa,NgjELr
sjduMY,sjduMY,fYRqQdGSa,fYRqQdGSa,fYRqQdGSa,NgjELr
sjduMY,sjduMY,fYRqQdGSa,fYRqQdGSa,fYRqQdGSa,NgjELr,NgjELr
sjduMY
sjduMY,sjduMY,fYRqQdGSa
sjduMY,sjduMY,fYRqQdGSa
sjduMY,sjduMY,fYRqQdGSa,q,NgjELr
sjduMY
sjduMY,sjduMY,fYRqQdGSa,q
sjduMY
sjduMY
fYRqQdGSa
sjduMY
sjduMY
fYRqQdGSa,sjduMY,sjduMY,q
fYRqQdGSa,q,sjduMY,sjduMY,sjduMY,NgjELr
fYRqQdGSa,q,sjduMY,sjduMY,sjduMY,q
sjduMY,sjduMY,q,q,fYRqQdGSa,sjduMY
sjduMY,sjduMY,q,q,fYRqQdGSa,sjduMY,q,NgjELr
sjduMY,sjduMY,q,q,fYRqQdGSa,sjduMY,q,NgjELr
fYRqQdGSa
fYRqQdGSa
sjduMY,sjduMY,fYRqQdGSa,q,sjduMY,q,q,q
sjduMY,sjduMY,q,sjduMY,q,q,q
sjduMY,sjduMY,sjduMY,q,q,q
sjduMY
sjduMY,sjduMY,q,sjduMY,q,q,q,NgjELr
q
q
sjduMY,sjduMY,sjduMY,q,q,q,q,sjduMY,q,fYRqQdGSa
sjduMY,sjduMY,sjduMY,q,q,q,q,sjduMY,q,fYRqQdGSa
q
sjduMY,sjduMY,sjduMY,fYRqQdGSa,q,q,q,q,sjduMY,q,sjduMY,NgjELr
sjduMY,sjduMY,q,sjduMY,q,q,q,q
sjduMY,sjduMY,q,sjduMY,q,q,q,q,fYRqQdGSa
sjduMY,sjduMY,q,sjduMY,q,q,q,q,fYRqQdGSa
sjduMY,sjduMY,q,sjduMY,q,q,q,q,fYRqQdGSa
sjduMY,sjduMY,q,sjduMY,q,q,q,q,fYRqQdGSa
sjduMY,sjduMY,q,sjduMY,q,q,q,q,fYRqQdGSa
sjduMY,q,sjduMY,q,q,fYRqQdGSa,q,q
fYRqQdGSa
q
q
sjduMY,sjduMY,q,sjduMY,q,q,q,q,fYRqQdGSa,sjduMY
fYRqQdGSa
fYRqQdGSa
fYRqQdGSa
sjduMY,sjduMY,sjduMY,q,q,q,q,fYRqQdGSa,sjduMY,fYRqQdGSa
fYRqQdGSa
fYRqQdGSa
q
sjduMY,q,q,fYRqQdGSa,q,sjduMY,q,sjduMY,fYRqQdGSa
sjduMY,q,q,sjduMY,q,sjduMY,sjduMY,sjduMY
sjduMY,q,q,sjduMY,q,sjduMY,fYRqQdGSa,sjduMY
q,sjduMY,q,sjduMY,q,fYRqQdGSa,sjduMY
q,sjduMY,q,sjduMY,q,fYRqQdGSa,sjduMY
fYRqQdGSa
sjduMY,q,q,sjduMY,q,sjduMY,fYRqQdGSa,sjduMY
q,sjduMY,q,sjduMY,fYRqQdGSa,sjduMY,fYRqQdGSa,sjduMY
fYRqQdGSa
Jedi Wagner, assuma o comando!