xc
xc
xc,ekSXPqFal,cRjQjgKJr
[vazia]
[vazia]
Toque! Toque, Dijê!
[vazia]
Toque! Toque, Dijê!
[vazia]
eymbIdjShc
eymbIdjShc,ekSXPqFal
eymbIdjShc,ekSXPqFal
eymbIdjShc
eymbIdjShc,ekSXPqFal
ekSXPqFal
ekSXPqFal
ekSXPqFal
ekSXPqFal
Toque! Toque, Dijê!
ekSXPqFal
ekSXPqFal,cRjQjgKJr
ekSXPqFal,cRjQjgKJr
ekSXPqFal
ekSXPqFal
ekSXPqFal
ekSXPqFal,cRjQjgKJr,HL,eymbIdjShc
HL
LwgKLNeBl
LwgKLNeBl
cRjQjgKJr,LwgKLNeBl,HL,xc
cRjQjgKJr,LwgKLNeBl,HL,xc,cRjQjgKJr
cRjQjgKJr,LwgKLNeBl,HL,xc,cRjQjgKJr
LwgKLNeBl
cRjQjgKJr,LwgKLNeBl,HL,xc,cRjQjgKJr
LwgKLNeBl
HL
cRjQjgKJr,LwgKLNeBl,HL,xc,cRjQjgKJr
LwgKLNeBl
cRjQjgKJr,LwgKLNeBl,HL,xc,cRjQjgKJr
LwgKLNeBl
xc
cRjQjgKJr,LwgKLNeBl,HL,xc,cRjQjgKJr,eymbIdjShc
cRjQjgKJr,LwgKLNeBl,HL,xc,cRjQjgKJr,eymbIdjShc
cRjQjgKJr,LwgKLNeBl,HL,xc,cRjQjgKJr,eymbIdjShc
cRjQjgKJr,LwgKLNeBl,HL,xc,cRjQjgKJr,eymbIdjShc
xc
xc
xc
xc
cRjQjgKJr,LwgKLNeBl,HL,xc,cRjQjgKJr
xc
cRjQjgKJr,LwgKLNeBl,HL,xc,cRjQjgKJr,cRjQjgKJr
HL
HL
LwgKLNeBl,xc,HL,cRjQjgKJr,cRjQjgKJr,cRjQjgKJr
cRjQjgKJr
cRjQjgKJr
LwgKLNeBl,xc,HL,cRjQjgKJr,cRjQjgKJr,cRjQjgKJr,cRjQjgKJr
cRjQjgKJr
HL
HL
cRjQjgKJr,LwgKLNeBl,HL,xc,cRjQjgKJr,eymbIdjShc
LwgKLNeBl,HL,xc,cRjQjgKJr,cRjQjgKJr,eymbIdjShc
xc
cRjQjgKJr,LwgKLNeBl,HL,xc,cRjQjgKJr
cRjQjgKJr,LwgKLNeBl,xc,cRjQjgKJr
xc
LwgKLNeBl,cRjQjgKJr
cRjQjgKJr,LwgKLNeBl,HL,xc,cRjQjgKJr
xc
xc
cRjQjgKJr
cRjQjgKJr,xc,LwgKLNeBl,cRjQjgKJr,LwgKLNeBl,eymbIdjShc,LwgKLNeBl
cRjQjgKJr,xc,LwgKLNeBl,cRjQjgKJr,LwgKLNeBl,eymbIdjShc,LwgKLNeBl
LwgKLNeBl
xc,LwgKLNeBl,LwgKLNeBl,cRjQjgKJr,eymbIdjShc,LwgKLNeBl,lAt,LwgKLNeBl,HL
xc,LwgKLNeBl,LwgKLNeBl,cRjQjgKJr,HL,eymbIdjShc,LwgKLNeBl,lAt,LwgKLNeBl,LwgKLNeBl,lAt,cRjQjgKJr
xc,LwgKLNeBl,LwgKLNeBl,HL,cRjQjgKJr,eymbIdjShc,LwgKLNeBl,lAt,LwgKLNeBl,LwgKLNeBl,lAt,cRjQjgKJr
HL
HL
HL
HL
HL
HL
xc,LwgKLNeBl,LwgKLNeBl,cRjQjgKJr,HL,eymbIdjShc,LwgKLNeBl,lAt,LwgKLNeBl,LwgKLNeBl,xc
LwgKLNeBl,LwgKLNeBl,cRjQjgKJr,HL,xc,eymbIdjShc,LwgKLNeBl,lAt,LwgKLNeBl,LwgKLNeBl,xc
xc,LwgKLNeBl,LwgKLNeBl,cRjQjgKJr,lAt,HL,eymbIdjShc,LwgKLNeBl,LwgKLNeBl,LwgKLNeBl
eymbIdjShc
LwgKLNeBl
LwgKLNeBl
LwgKLNeBl,LwgKLNeBl,LwgKLNeBl,LwgKLNeBl,LwgKLNeBl,eymbIdjShc,cRjQjgKJr,HL
LwgKLNeBl
LwgKLNeBl
LwgKLNeBl
LwgKLNeBl,LwgKLNeBl,LwgKLNeBl,LwgKLNeBl,LwgKLNeBl,eymbIdjShc,cRjQjgKJr,HL
LwgKLNeBl,LwgKLNeBl,LwgKLNeBl,LwgKLNeBl,LwgKLNeBl,eymbIdjShc,cRjQjgKJr,HL,eymbIdjShc,xc
LwgKLNeBl
LwgKLNeBl,LwgKLNeBl,LwgKLNeBl,LwgKLNeBl,LwgKLNeBl,eymbIdjShc,cRjQjgKJr,HL,eymbIdjShc,xc
LwgKLNeBl,LwgKLNeBl,LwgKLNeBl,LwgKLNeBl,LwgKLNeBl,eymbIdjShc,cRjQjgKJr,HL,eymbIdjShc,xc,lAt
LwgKLNeBl,LwgKLNeBl,LwgKLNeBl,LwgKLNeBl,eymbIdjShc,HL,eymbIdjShc,xc,lAt,ekSXPqFal
HL
HL
LwgKLNeBl,LwgKLNeBl,LwgKLNeBl,LwgKLNeBl,eymbIdjShc,HL,eymbIdjShc,xc
LwgKLNeBl,LwgKLNeBl,LwgKLNeBl,eymbIdjShc,HL,LwgKLNeBl,eymbIdjShc,xc
LwgKLNeBl,LwgKLNeBl,LwgKLNeBl,eymbIdjShc,HL,LwgKLNeBl,eymbIdjShc,xc,eymbIdjShc
LwgKLNeBl,LwgKLNeBl,LwgKLNeBl,eymbIdjShc,HL,LwgKLNeBl,eymbIdjShc,xc,eymbIdjShc
HL
HL
LwgKLNeBl,LwgKLNeBl,LwgKLNeBl,eymbIdjShc,HL,LwgKLNeBl,eymbIdjShc,xc,lAt,ekSXPqFal
LwgKLNeBl
LwgKLNeBl
LwgKLNeBl,LwgKLNeBl,eymbIdjShc,HL,LwgKLNeBl,LwgKLNeBl,ekSXPqFal,eymbIdjShc,lAt,LwgKLNeBl
LwgKLNeBl,LwgKLNeBl,LwgKLNeBl,eymbIdjShc,HL,LwgKLNeBl,eymbIdjShc,xc,lAt,ekSXPqFal,xc
LwgKLNeBl
LwgKLNeBl,LwgKLNeBl,LwgKLNeBl,eymbIdjShc,HL,LwgKLNeBl,eymbIdjShc,lAt,ekSXPqFal,xc
ekSXPqFal
ekSXPqFal
ekSXPqFal
LwgKLNeBl,LwgKLNeBl,LwgKLNeBl,eymbIdjShc,HL,LwgKLNeBl,eymbIdjShc,ekSXPqFal,HL,xc
LwgKLNeBl,LwgKLNeBl,LwgKLNeBl,eymbIdjShc,HL,LwgKLNeBl,eymbIdjShc,ekSXPqFal,HL,xc
LwgKLNeBl,LwgKLNeBl,LwgKLNeBl,eymbIdjShc,LwgKLNeBl,eymbIdjShc,ekSXPqFal,HL,HL
LwgKLNeBl,LwgKLNeBl,LwgKLNeBl,eymbIdjShc,LwgKLNeBl,eymbIdjShc,ekSXPqFal,HL,HL
HL
HL
HL
LwgKLNeBl,LwgKLNeBl,LwgKLNeBl,eymbIdjShc,HL,LwgKLNeBl,eymbIdjShc,ekSXPqFal,HL
LwgKLNeBl,LwgKLNeBl,LwgKLNeBl,eymbIdjShc,HL,LwgKLNeBl,eymbIdjShc,ekSXPqFal,HL
LwgKLNeBl,LwgKLNeBl,LwgKLNeBl,HL,LwgKLNeBl,eymbIdjShc,ekSXPqFal,eymbIdjShc,HL,ekSXPqFal,LwgKLNeBl,xc,lAt
eymbIdjShc
LwgKLNeBl,LwgKLNeBl,LwgKLNeBl,eymbIdjShc,HL,LwgKLNeBl,eymbIdjShc,ekSXPqFal,HL,cRjQjgKJr
HL
LwgKLNeBl
LwgKLNeBl,LwgKLNeBl,LwgKLNeBl,eymbIdjShc,LwgKLNeBl,eymbIdjShc,HL,HL,cRjQjgKJr
LwgKLNeBl
LwgKLNeBl,LwgKLNeBl,cRjQjgKJr,LwgKLNeBl,eymbIdjShc,LwgKLNeBl,eymbIdjShc,HL,HL,LwgKLNeBl
LwgKLNeBl,HL,cRjQjgKJr,LwgKLNeBl,eymbIdjShc,LwgKLNeBl,eymbIdjShc,HL,LwgKLNeBl,ekSXPqFal,lAt
LwgKLNeBl,HL,cRjQjgKJr,LwgKLNeBl,eymbIdjShc,LwgKLNeBl,eymbIdjShc,HL,LwgKLNeBl,ekSXPqFal,lAt
HL
LwgKLNeBl,HL,cRjQjgKJr,LwgKLNeBl,eymbIdjShc,LwgKLNeBl,eymbIdjShc,HL,LwgKLNeBl,ekSXPqFal
LwgKLNeBl,HL,cRjQjgKJr,LwgKLNeBl,eymbIdjShc,LwgKLNeBl,eymbIdjShc,HL,LwgKLNeBl,ekSXPqFal
HL
eymbIdjShc
LwgKLNeBl,HL,eymbIdjShc,cRjQjgKJr,LwgKLNeBl,LwgKLNeBl,eymbIdjShc,HL,LwgKLNeBl,ekSXPqFal
HL
LwgKLNeBl,ekSXPqFal,HL,eymbIdjShc,cRjQjgKJr,LwgKLNeBl,LwgKLNeBl,eymbIdjShc,HL,LwgKLNeBl,ekSXPqFal,LwgKLNeBl
LwgKLNeBl,ekSXPqFal,HL,eymbIdjShc,cRjQjgKJr,LwgKLNeBl,LwgKLNeBl,eymbIdjShc,HL,LwgKLNeBl,ekSXPqFal,LwgKLNeBl
LwgKLNeBl,ekSXPqFal,cRjQjgKJr,eymbIdjShc,LwgKLNeBl,LwgKLNeBl,eymbIdjShc,HL,LwgKLNeBl,ekSXPqFal,LwgKLNeBl,lAt
ekSXPqFal
ekSXPqFal
eymbIdjShc
LwgKLNeBl,eymbIdjShc,LwgKLNeBl,LwgKLNeBl,eymbIdjShc,HL,LwgKLNeBl
eymbIdjShc,LwgKLNeBl,LwgKLNeBl,LwgKLNeBl,eymbIdjShc,HL,LwgKLNeBl
eymbIdjShc,LwgKLNeBl,LwgKLNeBl,eymbIdjShc,HL,LwgKLNeBl
eymbIdjShc
LwgKLNeBl
eymbIdjShc
eymbIdjShc
LwgKLNeBl,HL,eymbIdjShc,cRjQjgKJr,LwgKLNeBl,LwgKLNeBl,eymbIdjShc,HL,LwgKLNeBl,ekSXPqFal
Jedi Wagner, assuma o comando!