Toque! Toque, Dijê!
[vazia]
PwEOp
PwEOp
m
m
m
m
m
m
[vazia]
[vazia]
[vazia]
Toque! Toque, Dijê!
Toque! Toque, Dijê!
Toque! Toque, Dijê!
[vazia]
Toque! Toque, Dijê!
Toque! Toque, Dijê!
FHtwLsI
FHtwLsI
FHtwLsI
FHtwLsI
FHtwLsI
FHtwLsI
FHtwLsI,FHtwLsI
FHtwLsI
FHtwLsI,FHtwLsI,m
FHtwLsI,FHtwLsI
FHtwLsI,FHtwLsI,m,m
FHtwLsI,FHtwLsI,m,m,v,kNZIPH
FHtwLsI
FHtwLsI,FHtwLsI,m,FHtwLsI,LkqbDTy
FHtwLsI
FHtwLsI
FHtwLsI,FHtwLsI,m
FHtwLsI,FHtwLsI,m
FHtwLsI,FHtwLsI,m
FHtwLsI,FHtwLsI,m
m
FHtwLsI,m,FHtwLsI
FHtwLsI,m,FHtwLsI
m
FHtwLsI,m,FHtwLsI,PwEOp
FHtwLsI,m,FHtwLsI,PwEOp,PwEOp
FHtwLsI,FHtwLsI,m
FHtwLsI,FHtwLsI,m
FHtwLsI,m,FHtwLsI,PwEOp
m
m,FHtwLsI,FHtwLsI,PwEOp
m,FHtwLsI,FHtwLsI,PwEOp
m,FHtwLsI,FHtwLsI,PwEOp,PwEOp
m,FHtwLsI,FHtwLsI,PwEOp,PwEOp
m,FHtwLsI,FHtwLsI,PwEOp,PwEOp,kNZIPH
FHtwLsI
m,FHtwLsI,FHtwLsI,PwEOp,PwEOp,kNZIPH,kNZIPH
m,FHtwLsI,FHtwLsI,PwEOp,PwEOp,kNZIPH
FHtwLsI
FHtwLsI
m,FHtwLsI,FHtwLsI,PwEOp
FHtwLsI
m,FHtwLsI,FHtwLsI,PwEOp,NYOrAPWqEB,NYOrAPWqEB
FHtwLsI
m,FHtwLsI,FHtwLsI,PwEOp,NYOrAPWqEB,NYOrAPWqEB,LkqbDTy,NYOrAPWqEB
FHtwLsI
m,FHtwLsI,FHtwLsI,PwEOp,NYOrAPWqEB,NYOrAPWqEB,LkqbDTy,NYOrAPWqEB
m,FHtwLsI,FHtwLsI,PwEOp
FHtwLsI
m,FHtwLsI,FHtwLsI,PwEOp,v
FHtwLsI
m,FHtwLsI,FHtwLsI,PwEOp
m,FHtwLsI,FHtwLsI,PwEOp
FHtwLsI
m,FHtwLsI,FHtwLsI,PwEOp
PwEOp
kNZIPH
m,FHtwLsI,FHtwLsI,PwEOp,kNZIPH
m,FHtwLsI,FHtwLsI,PwEOp,LkqbDTy
m,FHtwLsI,FHtwLsI,PwEOp,LkqbDTy,kNZIPH
m,FHtwLsI,FHtwLsI,PwEOp,LkqbDTy,kNZIPH
m,FHtwLsI,FHtwLsI,PwEOp,LkqbDTy,kNZIPH,v
FHtwLsI
PwEOp
PwEOp
PwEOp
PwEOp
PwEOp
PwEOp
PwEOp
PwEOp
PwEOp
m,FHtwLsI,FHtwLsI,v,PwEOp,LkqbDTy,kNZIPH
m,FHtwLsI,FHtwLsI,v,PwEOp,LkqbDTy,kNZIPH
PwEOp
m,FHtwLsI,FHtwLsI,v,PwEOp,LkqbDTy,kNZIPH
m
m
m,FHtwLsI,FHtwLsI,v,PwEOp,LkqbDTy,kNZIPH
m,FHtwLsI,FHtwLsI,v,PwEOp,LkqbDTy,kNZIPH
FHtwLsI,kNZIPH,m,FHtwLsI,v,PwEOp,LkqbDTy
m,FHtwLsI,FHtwLsI,v,PwEOp,LkqbDTy,kNZIPH
m,FHtwLsI,FHtwLsI,v,PwEOp,kNZIPH,KkUbpnYeS
m,FHtwLsI,FHtwLsI,v,PwEOp,kNZIPH,KkUbpnYeS
m,FHtwLsI,FHtwLsI,v,PwEOp,kNZIPH,KkUbpnYeS
kNZIPH
kNZIPH
m,FHtwLsI,FHtwLsI,v,PwEOp,kNZIPH,KkUbpnYeS
m,FHtwLsI,FHtwLsI,v,PwEOp,kNZIPH,KkUbpnYeS,PwEOp,FHtwLsI
kNZIPH
kNZIPH
m,FHtwLsI,FHtwLsI,v,PwEOp,KkUbpnYeS,kNZIPH,PwEOp
PwEOp
kNZIPH
kNZIPH
m,FHtwLsI,FHtwLsI,v,PwEOp,KkUbpnYeS,PwEOp,kNZIPH,m,PwEOp
m,FHtwLsI,FHtwLsI,v,PwEOp,KkUbpnYeS,PwEOp,kNZIPH,m,PwEOp
PwEOp
m,FHtwLsI,FHtwLsI,v,PwEOp,KkUbpnYeS,kNZIPH,PwEOp,m
m,FHtwLsI,FHtwLsI,v,PwEOp,KkUbpnYeS,kNZIPH,PwEOp,m,LkqbDTy
m,FHtwLsI,FHtwLsI,v,PwEOp,KkUbpnYeS,kNZIPH,PwEOp,m,LkqbDTy
m,FHtwLsI,FHtwLsI,v,PwEOp,KkUbpnYeS,kNZIPH,PwEOp,m,LkqbDTy,kNZIPH
m,FHtwLsI,FHtwLsI,v,PwEOp,KkUbpnYeS,kNZIPH,PwEOp,m,LkqbDTy,kNZIPH
m
m,FHtwLsI,FHtwLsI,v,PwEOp,kNZIPH,PwEOp,m,LkqbDTy,kNZIPH
m,FHtwLsI,FHtwLsI,v,PwEOp,kNZIPH,PwEOp,m,LkqbDTy,kNZIPH,v,kNZIPH
LkqbDTy
m,FHtwLsI,v,PwEOp,KkUbpnYeS,kNZIPH,PwEOp,m,LkqbDTy,kNZIPH
FHtwLsI,v,PwEOp,KkUbpnYeS,kNZIPH,PwEOp,m,LkqbDTy,m,kNZIPH,m,PwEOp
m
FHtwLsI
v,KkUbpnYeS,kNZIPH,PwEOp,m,LkqbDTy,m,FHtwLsI,kNZIPH,m,FHtwLsI,kNZIPH,v
FHtwLsI
LkqbDTy
m,FHtwLsI,FHtwLsI,v,PwEOp,KkUbpnYeS,kNZIPH,PwEOp,m,LkqbDTy,kNZIPH,NYOrAPWqEB,NYOrAPWqEB,LkqbDTy,kNZIPH,KkUbpnYeS
m,FHtwLsI,FHtwLsI,v,PwEOp,kNZIPH,PwEOp,m,LkqbDTy,KkUbpnYeS,kNZIPH,m,m,m,m
m,FHtwLsI,FHtwLsI,v,kNZIPH,PwEOp,m,LkqbDTy,KkUbpnYeS,kNZIPH,m,m,m,m
kNZIPH
m,FHtwLsI,FHtwLsI,v,kNZIPH,PwEOp,m,kNZIPH,m,m,m,m,m,LkqbDTy
m
m,FHtwLsI,v,kNZIPH,PwEOp,m,kNZIPH,m,FHtwLsI,m,m,m,m
m,FHtwLsI,v,PwEOp,m,kNZIPH,m,kNZIPH,FHtwLsI,m,m,m,m,m
kNZIPH
m,FHtwLsI,v,PwEOp,m,kNZIPH,m,kNZIPH,FHtwLsI,m,m,m,m,m
m,FHtwLsI,PwEOp,m,kNZIPH,m,kNZIPH,FHtwLsI,m,v,m,m,m,m
FHtwLsI,PwEOp,m,kNZIPH,m,kNZIPH,FHtwLsI,m,v,m,m,m,m
FHtwLsI,PwEOp,kNZIPH,m,kNZIPH,FHtwLsI,m,m,v,m,m,m,m
m
m
m,FHtwLsI,v,PwEOp,m,kNZIPH,m,kNZIPH,FHtwLsI,m,m,m,m,m
m
m,FHtwLsI,v,PwEOp,m,kNZIPH,m,kNZIPH,FHtwLsI,m,m,m,m,m,FHtwLsI,kNZIPH
m
m,FHtwLsI,v,PwEOp,m,kNZIPH,m,kNZIPH,FHtwLsI,m,m,m,m,m,FHtwLsI,kNZIPH
m,FHtwLsI,v,PwEOp,m,kNZIPH,m,kNZIPH,FHtwLsI,m,m,m,m,m,FHtwLsI,kNZIPH
m
m,FHtwLsI,PwEOp,m,m,kNZIPH,FHtwLsI,m,m,m,m,kNZIPH,m,v,FHtwLsI,kNZIPH,m
m
m,PwEOp,m,m,kNZIPH,FHtwLsI,m,m,m,m,kNZIPH,m,FHtwLsI,FHtwLsI,v,kNZIPH,m
m,PwEOp,m,m,FHtwLsI,m,m,m,m,kNZIPH,m,FHtwLsI,FHtwLsI,v,kNZIPH,m,PwEOp
v
m,PwEOp,m,m,kNZIPH,FHtwLsI,m,m,m,m,kNZIPH,m,FHtwLsI,FHtwLsI,v,kNZIPH,m
v
m,PwEOp,m,m,kNZIPH,FHtwLsI,m,m,m,m,kNZIPH,m,FHtwLsI,FHtwLsI,v,kNZIPH,m,FHtwLsI
v
v
m,PwEOp,m,m,kNZIPH,FHtwLsI,m,m,m,m,kNZIPH,m,FHtwLsI,FHtwLsI,v,kNZIPH,m,PwEOp
Jedi Wagner, assuma o comando!