[vazia]
Toque! Toque, Dijê!
jkNPtTAVT
jkNPtTAVT
jkNPtTAVT
jkNPtTAVT
jkNPtTAVT
jkNPtTAVT
jkNPtTAVT
jkNPtTAVT
jkNPtTAVT
jkNPtTAVT
jkNPtTAVT,nf
jkNPtTAVT
jkNPtTAVT
jkNPtTAVT
ryHdwBZX
ryHdwBZX
ryHdwBZX
jkNPtTAVT
jkNPtTAVT,jkNPtTAVT
jkNPtTAVT
jkNPtTAVT
jkNPtTAVT,jkNPtTAVT,ZrbYUBq,nf
jkNPtTAVT
jkNPtTAVT
jkNPtTAVT
jkNPtTAVT,jkNPtTAVT
jkNPtTAVT
jkNPtTAVT,jkNPtTAVT,nf
jkNPtTAVT,nf
jkNPtTAVT,nf
jkNPtTAVT,nf
jkNPtTAVT,nf,ryHdwBZX,ryHdwBZX
nf
jkNPtTAVT,nf,ryHdwBZX,ryHdwBZX
jkNPtTAVT,ryHdwBZX,ryHdwBZX
ryHdwBZX
nf
nf
nf
ryHdwBZX
ryHdwBZX,ZrbYUBq,jkNPtTAVT,nf,ZrbYUBq,ryHdwBZX
ZrbYUBq
ZrbYUBq
ryHdwBZX
ryHdwBZX
ryHdwBZX,ZrbYUBq,jkNPtTAVT,ZrbYUBq,ryHdwBZX,ryHdwBZX
ZrbYUBq,jkNPtTAVT,ZrbYUBq,ryHdwBZX,ryHdwBZX,jkNPtTAVT
ZrbYUBq
ryHdwBZX,ZrbYUBq,jkNPtTAVT,ZrbYUBq,ryHdwBZX,ryHdwBZX,jkNPtTAVT,ryHdwBZX
ryHdwBZX,ZrbYUBq,jkNPtTAVT,ZrbYUBq,ryHdwBZX,ryHdwBZX,jkNPtTAVT,ryHdwBZX
ryHdwBZX
ryHdwBZX,ZrbYUBq,jkNPtTAVT,ZrbYUBq,ryHdwBZX,ryHdwBZX,jkNPtTAVT,ryHdwBZX,nf
ryHdwBZX
ryHdwBZX
nf
nf,ryHdwBZX,ZrbYUBq,jkNPtTAVT,ZrbYUBq,ryHdwBZX,ryHdwBZX,jkNPtTAVT,ryHdwBZX,jkNPtTAVT,ZrbYUBq,ZrbYUBq
ryHdwBZX,nf,ZrbYUBq,jkNPtTAVT,ZrbYUBq,ryHdwBZX,ryHdwBZX,jkNPtTAVT,ryHdwBZX,jkNPtTAVT,ZrbYUBq,ZrbYUBq,ZrbYUBq
ryHdwBZX
ryHdwBZX
ryHdwBZX,ZrbYUBq,nf,ZrbYUBq,ryHdwBZX,ryHdwBZX,jkNPtTAVT,ryHdwBZX,jkNPtTAVT,ZrbYUBq,ZrbYUBq,ZrbYUBq,ZrbYUBq
ryHdwBZX
ryHdwBZX
ZrbYUBq,ryHdwBZX,nf,ZrbYUBq,ryHdwBZX,ryHdwBZX,ryHdwBZX,ZrbYUBq,ZrbYUBq,ZrbYUBq,ZrbYUBq,nf,jkNPtTAVT
jkNPtTAVT
jkNPtTAVT
ZrbYUBq
jkNPtTAVT,ryHdwBZX,ZrbYUBq,ryHdwBZX,nf,ryHdwBZX
jkNPtTAVT,ryHdwBZX,ZrbYUBq,ryHdwBZX,nf,ryHdwBZX
jkNPtTAVT,ryHdwBZX,ZrbYUBq,ryHdwBZX,nf,ryHdwBZX
ryHdwBZX
jkNPtTAVT,ryHdwBZX,ZrbYUBq,ryHdwBZX,nf,ryHdwBZX
ryHdwBZX,jkNPtTAVT,ZrbYUBq,ZrbYUBq,ryHdwBZX
ryHdwBZX,jkNPtTAVT,ZrbYUBq,ZrbYUBq,ryHdwBZX,ryHdwBZX,nf
ryHdwBZX,jkNPtTAVT,ZrbYUBq,ZrbYUBq,ryHdwBZX,nf
ZrbYUBq
ZrbYUBq
ryHdwBZX,jkNPtTAVT,ZrbYUBq,ZrbYUBq,ryHdwBZX,nf
ryHdwBZX,ZrbYUBq,ZrbYUBq,ryHdwBZX
ryHdwBZX,jkNPtTAVT,ZrbYUBq,ZrbYUBq,ryHdwBZX,nf
ryHdwBZX,jkNPtTAVT,ZrbYUBq,ZrbYUBq,ryHdwBZX,nf
ryHdwBZX,jkNPtTAVT,ZrbYUBq,ryHdwBZX,nf,nf
ryHdwBZX
ryHdwBZX,jkNPtTAVT,ryHdwBZX,nf,nf,ryHdwBZX
ryHdwBZX,jkNPtTAVT,ryHdwBZX,nf,nf,ryHdwBZX
ryHdwBZX,jkNPtTAVT,ryHdwBZX,nf,nf,ryHdwBZX
ryHdwBZX,ryHdwBZX,nf,nf,ryHdwBZX,nf,ryHdwBZX
ryHdwBZX,ryHdwBZX,nf,nf,ryHdwBZX,nf,ryHdwBZX
ryHdwBZX,ryHdwBZX,nf,nf,ryHdwBZX,nf,ryHdwBZX
ryHdwBZX,ryHdwBZX,nf,nf,ryHdwBZX,nf,ryHdwBZX
ryHdwBZX
ryHdwBZX,nf,ryHdwBZX,nf,ryHdwBZX,nf,ryHdwBZX,nf
nf
nf
ryHdwBZX,nf,ryHdwBZX,nf,ryHdwBZX,nf,ryHdwBZX,nf,jkNPtTAVT,ryHdwBZX
ryHdwBZX,nf,ryHdwBZX,nf,ryHdwBZX,nf,ryHdwBZX,nf,jkNPtTAVT,ryHdwBZX
nf
nf
ryHdwBZX,nf,ryHdwBZX,nf,ryHdwBZX,nf,ryHdwBZX,nf,ryHdwBZX
ryHdwBZX,nf,ryHdwBZX,nf,ryHdwBZX,nf,jkNPtTAVT,ryHdwBZX,nf,ryHdwBZX
nf,ryHdwBZX,nf,ryHdwBZX,nf,jkNPtTAVT,ryHdwBZX,ryHdwBZX,nf,ryHdwBZX
nf,nf,nf,jkNPtTAVT,ryHdwBZX,ryHdwBZX,ryHdwBZX,nf,ryHdwBZX,ZrbYUBq
ryHdwBZX
nf,nf,jkNPtTAVT,ryHdwBZX,ryHdwBZX,nf,ryHdwBZX,nf,ryHdwBZX,ZrbYUBq
nf,nf,jkNPtTAVT,ryHdwBZX,ryHdwBZX,nf,ryHdwBZX,nf,ryHdwBZX,ZrbYUBq
nf
nf
nf,nf,jkNPtTAVT,ryHdwBZX,ryHdwBZX,nf,ryHdwBZX,nf,ryHdwBZX,ZrbYUBq
ryHdwBZX,nf,ryHdwBZX,nf,jkNPtTAVT,ryHdwBZX,nf,ryHdwBZX,jkNPtTAVT
ryHdwBZX,nf,ryHdwBZX,nf,jkNPtTAVT,ryHdwBZX,nf,ryHdwBZX,jkNPtTAVT
ryHdwBZX
nf,ryHdwBZX,nf,jkNPtTAVT,ryHdwBZX,nf,ryHdwBZX,jkNPtTAVT,ZrbYUBq,ZrbYUBq
ryHdwBZX
nf,nf,ryHdwBZX,jkNPtTAVT,nf,ryHdwBZX,jkNPtTAVT,ZrbYUBq,ZrbYUBq
jkNPtTAVT
nf,jkNPtTAVT,ryHdwBZX,nf,ryHdwBZX,jkNPtTAVT,ZrbYUBq,ZrbYUBq
jkNPtTAVT
nf,jkNPtTAVT,ryHdwBZX,nf,ryHdwBZX,jkNPtTAVT,ZrbYUBq,ZrbYUBq
jkNPtTAVT
nf,jkNPtTAVT,ryHdwBZX,nf,ryHdwBZX,jkNPtTAVT,ZrbYUBq,ZrbYUBq
jkNPtTAVT,ZrbYUBq,nf,nf,ryHdwBZX,jkNPtTAVT,ZrbYUBq,jkNPtTAVT
jkNPtTAVT,ZrbYUBq,nf,nf,jkNPtTAVT,ZrbYUBq,jkNPtTAVT
nf
ZrbYUBq,jkNPtTAVT,ZrbYUBq,jkNPtTAVT,nf,ZrbYUBq
ZrbYUBq,nf,nf,jkNPtTAVT,ZrbYUBq,jkNPtTAVT,nf,ZrbYUBq,jkNPtTAVT
nf
nf,nf,ZrbYUBq,jkNPtTAVT,nf,ZrbYUBq
nf,ZrbYUBq,nf,jkNPtTAVT,nf,ZrbYUBq
ZrbYUBq
ZrbYUBq
ZrbYUBq,nf,nf,ZrbYUBq,jkNPtTAVT,jkNPtTAVT
ZrbYUBq
ZrbYUBq
ZrbYUBq
ZrbYUBq
ZrbYUBq
ZrbYUBq
ZrbYUBq
nf,nf,ZrbYUBq,jkNPtTAVT,nf,ZrbYUBq
nf,nf,ZrbYUBq,jkNPtTAVT,nf,ZrbYUBq,ZrbYUBq
nf,nf,jkNPtTAVT,nf,ZrbYUBq,nf
jkNPtTAVT
jkNPtTAVT
jkNPtTAVT
nf,nf,jkNPtTAVT,nf,ZrbYUBq,nf
nf,nf,jkNPtTAVT,nf,ZrbYUBq,nf,ZrbYUBq
nf
nf,nf,nf,ZrbYUBq,jkNPtTAVT,nf,ZrbYUBq,jkNPtTAVT,nf,jkNPtTAVT,nf
nf,nf,nf,ZrbYUBq,jkNPtTAVT,nf,ZrbYUBq,jkNPtTAVT,nf,jkNPtTAVT,nf
nf,nf,jkNPtTAVT,nf,ZrbYUBq,nf,ZrbYUBq,jkNPtTAVT
ZrbYUBq
nf,nf,jkNPtTAVT,nf,ZrbYUBq,nf,ZrbYUBq,jkNPtTAVT,ZrbYUBq,ZrbYUBq
nf,nf,jkNPtTAVT,nf,ZrbYUBq,nf,ZrbYUBq,jkNPtTAVT,ZrbYUBq,ZrbYUBq
nf,nf,nf,ZrbYUBq,nf,ZrbYUBq,jkNPtTAVT,ZrbYUBq,ZrbYUBq
nf,nf,nf,ZrbYUBq,nf,ZrbYUBq,jkNPtTAVT,ZrbYUBq,ZrbYUBq
jkNPtTAVT
jkNPtTAVT
jkNPtTAVT
jkNPtTAVT
jkNPtTAVT
nf,nf,nf,ZrbYUBq,nf,ZrbYUBq,jkNPtTAVT,ZrbYUBq,ZrbYUBq
nf,nf,nf,ZrbYUBq,nf,ZrbYUBq,jkNPtTAVT,ZrbYUBq,ZrbYUBq
jkNPtTAVT
jkNPtTAVT
jkNPtTAVT
nf,nf,nf,ZrbYUBq,nf,ZrbYUBq,jkNPtTAVT,ZrbYUBq,ZrbYUBq,nf
nf,nf,ZrbYUBq,nf,ZrbYUBq,ZrbYUBq,jkNPtTAVT,nf,ZrbYUBq,nf
ZrbYUBq
nf,nf,ZrbYUBq,nf,ZrbYUBq,ZrbYUBq,jkNPtTAVT,nf,ZrbYUBq,nf
nf,nf,ZrbYUBq,nf,ZrbYUBq,ZrbYUBq,jkNPtTAVT,nf,ZrbYUBq,nf
jkNPtTAVT
jkNPtTAVT
nf,nf,nf,ZrbYUBq,ZrbYUBq,jkNPtTAVT,ZrbYUBq,nf,ZrbYUBq,nf,nf
jkNPtTAVT
nf
nf
nf
nf,nf,ZrbYUBq,jkNPtTAVT,nf,ZrbYUBq,nf,ZrbYUBq,ZrbYUBq,nf,ZrbYUBq
ZrbYUBq
ZrbYUBq
nf,ZrbYUBq,jkNPtTAVT,nf,ZrbYUBq,nf,ZrbYUBq,ZrbYUBq,nf,ZrbYUBq,ryHdwBZX
ZrbYUBq
ZrbYUBq
ZrbYUBq
ZrbYUBq
ZrbYUBq,nf,ZrbYUBq,nf,nf,ZrbYUBq,ZrbYUBq,nf,ZrbYUBq,ryHdwBZX
ZrbYUBq
ZrbYUBq,ZrbYUBq,nf,nf,ZrbYUBq,ZrbYUBq,nf,ZrbYUBq,ryHdwBZX,jkNPtTAVT
ZrbYUBq
nf,nf,ZrbYUBq,jkNPtTAVT,nf,ZrbYUBq,nf,ZrbYUBq,ZrbYUBq,nf,ZrbYUBq,jkNPtTAVT,ryHdwBZX
nf,nf,ZrbYUBq,jkNPtTAVT,nf,ZrbYUBq,nf,ZrbYUBq,ZrbYUBq,nf,ZrbYUBq,jkNPtTAVT,ryHdwBZX
nf,nf,ZrbYUBq,jkNPtTAVT,nf,ZrbYUBq,nf,ZrbYUBq,ZrbYUBq,nf,ZrbYUBq,jkNPtTAVT
ZrbYUBq
nf,nf,ZrbYUBq,jkNPtTAVT,nf,ZrbYUBq,nf,ZrbYUBq,ZrbYUBq,nf,ZrbYUBq
nf,ZrbYUBq,jkNPtTAVT,nf,ZrbYUBq,nf,ZrbYUBq,ZrbYUBq,nf,ZrbYUBq
ZrbYUBq
nf,nf,jkNPtTAVT,nf,ZrbYUBq,nf,ZrbYUBq,ZrbYUBq,ZrbYUBq,nf,ZrbYUBq
nf,nf,jkNPtTAVT,nf,ZrbYUBq,nf,ZrbYUBq,ZrbYUBq,ZrbYUBq,nf,ZrbYUBq
ZrbYUBq
ZrbYUBq
ZrbYUBq
ZrbYUBq
nf,nf,ZrbYUBq,jkNPtTAVT,nf,ZrbYUBq,nf,ZrbYUBq,ZrbYUBq,nf,ZrbYUBq
ZrbYUBq
nf
nf,nf,ZrbYUBq,jkNPtTAVT,nf,ZrbYUBq,nf,ZrbYUBq,ZrbYUBq,nf,ZrbYUBq
nf,ZrbYUBq,jkNPtTAVT,nf,ZrbYUBq,nf,ZrbYUBq,ZrbYUBq,nf,ZrbYUBq,nf
ZrbYUBq
nf,ZrbYUBq,jkNPtTAVT,nf,ZrbYUBq,nf,ZrbYUBq,ZrbYUBq,nf,ZrbYUBq,nf
nf
jkNPtTAVT,ZrbYUBq,nf,ZrbYUBq,ZrbYUBq,nf,ZrbYUBq,nf,nf
nf
nf,jkNPtTAVT,nf,ZrbYUBq,nf,ZrbYUBq,ZrbYUBq,nf,ZrbYUBq,nf,ZrbYUBq,ryHdwBZX
ZrbYUBq
nf,jkNPtTAVT,nf,ZrbYUBq,nf,ZrbYUBq,ZrbYUBq,nf,ZrbYUBq,nf,ZrbYUBq,ryHdwBZX,ZrbYUBq
Jedi Wagner, assuma o comando!