[vazia]
Toque! Toque, Dijê!
Toque! Toque, Dijê!
Toque! Toque, Dijê!
[vazia]
[vazia]
QysrpJhB
QysrpJhB
QysrpJhB
QysrpJhB
QysrpJhB
QysrpJhB
QysrpJhB
QysrpJhB
QysrpJhB
UICBJA
UICBJA
UICBJA
UICBJA,LtjtClDEi
QysrpJhB
QysrpJhB
QysrpJhB
QysrpJhB
QysrpJhB
QysrpJhB,EpC
QysrpJhB,EpC
EpC
EpC
EpC
QysrpJhB,EpC,EpC
EpC,EpC,mHPtM
EpC
EpC
EpC,EpC,lkBZEahjJu,mHPtM,lkBZEahjJu
mHPtM
EpC,mHPtM,EpC,lkBZEahjJu,lkBZEahjJu,UICBJA
EpC,mHPtM,EpC,lkBZEahjJu,lkBZEahjJu,UICBJA
mHPtM
EpC,lkBZEahjJu,mHPtM,EpC,lkBZEahjJu,UICBJA
lkBZEahjJu
lkBZEahjJu
lkBZEahjJu
EpC,lkBZEahjJu,EpC,lkBZEahjJu,UICBJA
EpC,lkBZEahjJu,EpC,lkBZEahjJu,UICBJA
lkBZEahjJu
EpC,lkBZEahjJu,EpC,lkBZEahjJu,UICBJA
lkBZEahjJu,mHPtM,EpC,lkBZEahjJu,UICBJA
lkBZEahjJu
lkBZEahjJu,mHPtM,EpC,lkBZEahjJu,UICBJA,CZo,UICBJA
EpC
lkBZEahjJu
mHPtM,EpC,lkBZEahjJu,lkBZEahjJu,UICBJA,CZo,UICBJA,pvaInd
UICBJA
lkBZEahjJu
lkBZEahjJu
lkBZEahjJu,mHPtM,EpC,lkBZEahjJu,UICBJA,CZo,UICBJA
lkBZEahjJu
lkBZEahjJu,mHPtM,EpC,lkBZEahjJu,UICBJA,CZo,UICBJA
lkBZEahjJu,mHPtM,EpC,lkBZEahjJu,UICBJA,CZo,UICBJA,xgu
lkBZEahjJu
lkBZEahjJu,mHPtM,EpC,lkBZEahjJu,UICBJA,CZo,UICBJA
lkBZEahjJu
lkBZEahjJu,mHPtM,EpC,lkBZEahjJu,UICBJA,CZo,UICBJA
lkBZEahjJu,mHPtM,EpC,lkBZEahjJu,UICBJA,CZo,UICBJA
lkBZEahjJu
lkBZEahjJu,mHPtM,lkBZEahjJu,EpC,UICBJA,CZo,UICBJA
lkBZEahjJu
lkBZEahjJu
UICBJA
UICBJA
lkBZEahjJu,mHPtM,EpC,lkBZEahjJu,UICBJA,CZo,UICBJA
CZo
mHPtM,EpC,lkBZEahjJu,UICBJA,CZo,lkBZEahjJu,UICBJA,EpC
mHPtM,EpC,lkBZEahjJu,UICBJA,CZo,lkBZEahjJu,UICBJA,EpC,QysrpJhB,xgu
lkBZEahjJu
mHPtM,lkBZEahjJu,UICBJA,CZo,lkBZEahjJu,UICBJA,EpC,QysrpJhB,xgu,LtjtClDEi,lkBZEahjJu
mHPtM,EpC,lkBZEahjJu,UICBJA,CZo,lkBZEahjJu,UICBJA,EpC,lkBZEahjJu
lkBZEahjJu
mHPtM,EpC,lkBZEahjJu,UICBJA,CZo,lkBZEahjJu,UICBJA,EpC,lkBZEahjJu,xgu
mHPtM,EpC,lkBZEahjJu,UICBJA,CZo,lkBZEahjJu,UICBJA,EpC,lkBZEahjJu,xgu
lkBZEahjJu
lkBZEahjJu
lkBZEahjJu
mHPtM,EpC,lkBZEahjJu,UICBJA,CZo,lkBZEahjJu,UICBJA,EpC,QysrpJhB
lkBZEahjJu
lkBZEahjJu
lkBZEahjJu
mHPtM,EpC,CZo,lkBZEahjJu,lkBZEahjJu,UICBJA,EpC,QysrpJhB
UICBJA
mHPtM,EpC,CZo,lkBZEahjJu,lkBZEahjJu,UICBJA,EpC,QysrpJhB
mHPtM,EpC,CZo,lkBZEahjJu,UICBJA,lkBZEahjJu,EpC,QysrpJhB,QysrpJhB
mHPtM,EpC,CZo,lkBZEahjJu,UICBJA,lkBZEahjJu,EpC,QysrpJhB,QysrpJhB
mHPtM,EpC,CZo,lkBZEahjJu,UICBJA,lkBZEahjJu,EpC,QysrpJhB,QysrpJhB
mHPtM,EpC,CZo,UICBJA,lkBZEahjJu,lkBZEahjJu,EpC,QysrpJhB,QysrpJhB
mHPtM,EpC,CZo,UICBJA,lkBZEahjJu,lkBZEahjJu,EpC,QysrpJhB,QysrpJhB,lkBZEahjJu
EpC,CZo,UICBJA,lkBZEahjJu,mHPtM,lkBZEahjJu,EpC,QysrpJhB,lkBZEahjJu,EpC
EpC,CZo,UICBJA,lkBZEahjJu,mHPtM,lkBZEahjJu,EpC,QysrpJhB,lkBZEahjJu,EpC
EpC,CZo,UICBJA,lkBZEahjJu,mHPtM,lkBZEahjJu,EpC,QysrpJhB,lkBZEahjJu,EpC
EpC,CZo,UICBJA,lkBZEahjJu,mHPtM,lkBZEahjJu,EpC,QysrpJhB,lkBZEahjJu,EpC
EpC,CZo,UICBJA,lkBZEahjJu,mHPtM,lkBZEahjJu,EpC,QysrpJhB,lkBZEahjJu,EpC,CZo
mHPtM
UICBJA
mHPtM
lkBZEahjJu
EpC,CZo,UICBJA,mHPtM,lkBZEahjJu,lkBZEahjJu,EpC,QysrpJhB,lkBZEahjJu,EpC
EpC,CZo,UICBJA,mHPtM,lkBZEahjJu,lkBZEahjJu,EpC,QysrpJhB,lkBZEahjJu,EpC
EpC,CZo,mHPtM,lkBZEahjJu,lkBZEahjJu,EpC,QysrpJhB,lkBZEahjJu,EpC
lkBZEahjJu
EpC,CZo,mHPtM,lkBZEahjJu,lkBZEahjJu,EpC,QysrpJhB,lkBZEahjJu,EpC
mHPtM
EpC
EpC
EpC
EpC,CZo,lkBZEahjJu,lkBZEahjJu,mHPtM,EpC,QysrpJhB,lkBZEahjJu,EpC,CZo
EpC,CZo,lkBZEahjJu,lkBZEahjJu,mHPtM,EpC,QysrpJhB,lkBZEahjJu,EpC,CZo
EpC,mHPtM,EpC,QysrpJhB,lkBZEahjJu,CZo,lkBZEahjJu,EpC,CZo
EpC,mHPtM,EpC,QysrpJhB,lkBZEahjJu,CZo,lkBZEahjJu,EpC,CZo
EpC,mHPtM,EpC,QysrpJhB,lkBZEahjJu,CZo,lkBZEahjJu,EpC,CZo
lkBZEahjJu
EpC,mHPtM,EpC,QysrpJhB,lkBZEahjJu,CZo,lkBZEahjJu,EpC,CZo,UICBJA,mHPtM,xgu,LtjtClDEi
EpC,mHPtM,EpC,QysrpJhB,lkBZEahjJu,CZo,lkBZEahjJu,EpC,CZo
QysrpJhB
QysrpJhB
EpC,mHPtM,EpC,lkBZEahjJu,lkBZEahjJu,CZo,QysrpJhB,EpC,CZo,EpC
QysrpJhB
mHPtM
lkBZEahjJu
lkBZEahjJu
EpC,mHPtM,EpC,lkBZEahjJu,CZo,lkBZEahjJu,EpC,CZo,CZo
EpC,mHPtM,EpC,lkBZEahjJu,CZo,lkBZEahjJu,EpC,CZo,CZo
EpC,mHPtM,EpC,lkBZEahjJu,CZo,lkBZEahjJu,EpC,CZo,CZo
CZo
EpC,mHPtM,EpC,lkBZEahjJu,CZo,lkBZEahjJu,EpC,CZo,CZo
EpC,mHPtM,EpC,lkBZEahjJu,CZo,lkBZEahjJu,EpC,CZo,CZo
EpC,CZo,lkBZEahjJu,EpC,CZo,CZo,EpC,mHPtM,CZo,LtjtClDEi,lkBZEahjJu
CZo,lkBZEahjJu,EpC,CZo,CZo,EpC,mHPtM,CZo,LtjtClDEi,lkBZEahjJu
CZo,lkBZEahjJu,EpC,CZo,CZo,EpC,mHPtM,CZo,LtjtClDEi,lkBZEahjJu
CZo
CZo
CZo
CZo,lkBZEahjJu,EpC,CZo,CZo,EpC,mHPtM,CZo,LtjtClDEi,lkBZEahjJu
CZo,lkBZEahjJu,EpC,CZo,CZo,EpC,mHPtM,CZo,LtjtClDEi,lkBZEahjJu
CZo
CZo,lkBZEahjJu,EpC,CZo,CZo,EpC,mHPtM,CZo,LtjtClDEi,lkBZEahjJu,QysrpJhB
LtjtClDEi
CZo,lkBZEahjJu,EpC,CZo,CZo,EpC,mHPtM,CZo,LtjtClDEi,lkBZEahjJu,QysrpJhB
LtjtClDEi
LtjtClDEi
CZo
CZo
lkBZEahjJu,EpC,CZo,CZo,EpC,mHPtM,CZo,CZo,LtjtClDEi,lkBZEahjJu,QysrpJhB
LtjtClDEi
lkBZEahjJu
lkBZEahjJu
lkBZEahjJu
lkBZEahjJu,EpC,CZo,CZo,EpC,mHPtM,CZo,CZo,LtjtClDEi,lkBZEahjJu,lkBZEahjJu,lkBZEahjJu
lkBZEahjJu,EpC,CZo,CZo,EpC,mHPtM,CZo,CZo,LtjtClDEi,lkBZEahjJu,lkBZEahjJu,lkBZEahjJu
Jedi Wagner, assuma o comando!