[vazia]
[vazia]
lu
lu
lu
lu
lu,bUFU
lu
lu,ZRqzBQH,uSM,bUFU
lu,ZRqzBQH,uSM,bUFU
lu,uSM,bUFU,ZRqzBQH
bUFU
lu,uSM,bUFU
lu,bUFU,uSM
lu
lu,bUFU,bUFU,uSM
bUFU
bUFU
bUFU
bUFU,bUFU,lu,uSM,bUFU,uSM
bUFU
bUFU,bUFU,lu,uSM,bUFU,uSM
bUFU
bUFU
bUFU,bUFU,uSM,bUFU,uSM,ZRqzBQH,hWtNpvUdD,IrHulFUlMM
lu,bUFU,bUFU,uSM,bUFU
lu,bUFU,uSM,bUFU
lu,bUFU,uSM,bUFU
bUFU
lu,bUFU,uSM,bUFU
lu,bUFU,bUFU,uSM,bUFU
bUFU
bUFU
bUFU
lu,bUFU,bUFU,uSM,bUFU
bUFU
lu,bUFU,bUFU,uSM,bUFU
bUFU
bUFU
bUFU
lu,bUFU,bUFU,bUFU,nbAG,nbAG
bUFU
bUFU,uSM,bUFU,bUFU,CgxV
bUFU
bUFU,uSM,bUFU,bUFU,CgxV
CgxV
CgxV
CgxV
CgxV
bUFU,bUFU,CgxV,CgxV
bUFU,bUFU,CgxV,CgxV
bUFU,bUFU,CgxV,CgxV
bUFU
bUFU
bUFU,CgxV,CgxV,bUFU
bUFU
bUFU
bUFU
CgxV
bUFU,CgxV,CgxV,bUFU
bUFU,CgxV,CgxV,bUFU,uSM,uSM,zyi
CgxV
bUFU,CgxV,CgxV,bUFU
bUFU,CgxV,CgxV,bUFU
bUFU,CgxV,CgxV,bUFU
bUFU
bUFU
hWtNpvUdD
nbAG
CgxV,CgxV,nbAG,bUFU,bUFU,ZRqzBQH
CgxV,CgxV,nbAG,bUFU,bUFU,ZRqzBQH
CgxV,CgxV,nbAG,bUFU,bUFU,ZRqzBQH
ZRqzBQH
CgxV,CgxV,nbAG,bUFU,bUFU,ZRqzBQH
ZRqzBQH
CgxV,CgxV,nbAG,bUFU,bUFU,ZRqzBQH,lu
ZRqzBQH
lu
CgxV,CgxV,nbAG,bUFU,bUFU,ZRqzBQH,lu,lu,lu
CgxV,CgxV,nbAG,bUFU,bUFU,ZRqzBQH,lu,lu
CgxV,CgxV,nbAG,bUFU,bUFU,ZRqzBQH,lu,lu,lu
CgxV,ZRqzBQH,lu,nbAG,CgxV,lu,lu,nbAG,zyi
lu
zyi
CgxV,lu,nbAG,CgxV,lu,lu,nbAG,zyi,bUFU,bUFU
zyi
CgxV,lu,nbAG,CgxV,lu,lu,nbAG,zyi,bUFU,bUFU,zyi
bUFU
zyi
zyi
zyi
zyi
nbAG
CgxV,lu,CgxV,lu,lu,nbAG,zyi,bUFU,bUFU,zyi,nbAG,hWtNpvUdD
CgxV,CgxV,lu,lu,nbAG,zyi,bUFU,bUFU,zyi,nbAG,lu,hWtNpvUdD
CgxV,lu,nbAG,CgxV,lu,lu,nbAG,zyi,bUFU,bUFU,zyi,hWtNpvUdD
CgxV,lu,nbAG,CgxV,lu,lu,nbAG,zyi,bUFU,bUFU,zyi,hWtNpvUdD
CgxV,lu,nbAG,CgxV,lu,lu,nbAG,zyi,bUFU,bUFU,zyi,hWtNpvUdD
zyi
zyi
CgxV,lu,nbAG,CgxV,lu,lu,nbAG,zyi,bUFU,bUFU,zyi,hWtNpvUdD
zyi
CgxV,lu,nbAG,CgxV,lu,lu,nbAG,bUFU,bUFU,zyi,zyi,hWtNpvUdD
CgxV,lu,nbAG,CgxV,lu,lu,nbAG,zyi,bUFU,bUFU,zyi,hWtNpvUdD
zyi
CgxV,lu,nbAG,CgxV,lu,lu,nbAG,zyi,bUFU,bUFU,zyi,hWtNpvUdD
CgxV,lu,nbAG,CgxV,lu,lu,nbAG,zyi,bUFU,bUFU,zyi,hWtNpvUdD,uSM
zyi
CgxV,lu,nbAG,CgxV,lu,lu,nbAG,zyi,bUFU,bUFU,zyi,hWtNpvUdD,uSM
uSM
uSM
lu,lu,nbAG,zyi,bUFU,zyi,hWtNpvUdD,uSM,CgxV,nbAG,lu,nbAG,hWtNpvUdD
lu,lu,nbAG,zyi,bUFU,zyi,hWtNpvUdD,uSM,CgxV,nbAG,lu,nbAG,hWtNpvUdD,nbAG
lu,nbAG,bUFU,zyi,hWtNpvUdD,uSM,CgxV,zyi,nbAG,lu,nbAG,hWtNpvUdD,nbAG
nbAG,bUFU,zyi,hWtNpvUdD,uSM,CgxV,zyi,nbAG,lu,nbAG,hWtNpvUdD,nbAG,bUFU
zyi
nbAG,bUFU,zyi,hWtNpvUdD,uSM,CgxV,zyi,nbAG,lu,nbAG,hWtNpvUdD,nbAG,bUFU
nbAG,bUFU,zyi,hWtNpvUdD,uSM,CgxV,zyi,nbAG,lu,nbAG,hWtNpvUdD,nbAG,bUFU,ZRqzBQH
zyi
zyi
uSM
uSM
uSM
uSM
uSM
uSM
lu,CgxV,lu,lu,nbAG,zyi,bUFU,zyi,hWtNpvUdD,uSM
uSM
lu,CgxV,lu,lu,nbAG,zyi,bUFU,zyi,hWtNpvUdD,uSM,ZRqzBQH
lu,CgxV,lu,lu,zyi,bUFU,zyi,hWtNpvUdD,uSM,nbAG,ZRqzBQH
lu,CgxV,lu,lu,zyi,bUFU,zyi,hWtNpvUdD,uSM,nbAG,ZRqzBQH
lu,nbAG,lu,lu,nbAG,zyi,bUFU,bUFU,zyi,hWtNpvUdD,CgxV
lu,nbAG,lu,lu,nbAG,zyi,bUFU,bUFU,zyi,hWtNpvUdD,CgxV
nbAG,lu,hWtNpvUdD,lu,nbAG,zyi,bUFU,bUFU,zyi,lu
nbAG,lu,hWtNpvUdD,lu,nbAG,zyi,bUFU,bUFU,zyi,lu
hWtNpvUdD
nbAG,lu,hWtNpvUdD,lu,nbAG,zyi,bUFU,zyi,lu,nbAG
lu
lu
nbAG
nbAG
zyi
nbAG,lu,nbAG,zyi,bUFU,zyi,lu,nbAG,bUFU
zyi
zyi
nbAG,lu,nbAG,bUFU,lu,zyi,zyi,lu,nbAG
lu
nbAG,nbAG,bUFU,lu,lu,lu,nbAG,uSM
lu
nbAG,nbAG,bUFU,lu,lu,lu,nbAG,uSM,CgxV
nbAG,lu,lu,nbAG,zyi,bUFU,zyi,lu,nbAG,CgxV
bUFU
bUFU
nbAG,lu,lu,nbAG,zyi,bUFU,zyi,lu,nbAG,uSM,bUFU
nbAG,lu,nbAG,zyi,bUFU,zyi,lu,nbAG,uSM,bUFU,bUFU,ZRqzBQH,CgxV
nbAG
nbAG
nbAG,lu,lu,nbAG,zyi,bUFU,zyi,lu,nbAG,uSM,bUFU,bUFU
nbAG
nbAG,lu,lu,nbAG,zyi,zyi,lu,nbAG,bUFU,uSM,bUFU,bUFU,IrHulFUlMM,CgxV,uSM
nbAG,lu,lu,nbAG,zyi,lu,nbAG,bUFU,CgxV,uSM,bUFU,bUFU,IrHulFUlMM,uSM
nbAG,lu,lu,nbAG,zyi,lu,nbAG,bUFU,CgxV,uSM,bUFU,bUFU,IrHulFUlMM,uSM
bUFU
nbAG,lu,lu,nbAG,zyi,lu,nbAG,bUFU,bUFU,bUFU,IrHulFUlMM,CgxV,uSM,uSM,hWtNpvUdD
nbAG,lu,lu,nbAG,zyi,lu,nbAG,bUFU,bUFU,hWtNpvUdD,bUFU,CgxV,uSM,uSM,bUFU
lu,lu,nbAG,zyi,lu,nbAG,bUFU,bUFU,hWtNpvUdD,bUFU,CgxV,uSM,uSM,bUFU
CgxV
lu,nbAG,zyi,lu,nbAG,bUFU,CgxV,hWtNpvUdD,bUFU,uSM,uSM,bUFU,nbAG,ZRqzBQH
lu,zyi,lu,bUFU,CgxV,hWtNpvUdD,nbAG,bUFU,uSM,uSM,bUFU,nbAG,ZRqzBQH
bUFU
lu,zyi,lu,bUFU,hWtNpvUdD,CgxV,bUFU,uSM,uSM,bUFU,nbAG,ZRqzBQH
bUFU
bUFU
bUFU
lu,lu,bUFU,hWtNpvUdD,CgxV,bUFU,uSM,bUFU,nbAG,ZRqzBQH,IrHulFUlMM
lu,lu,bUFU,hWtNpvUdD,CgxV,bUFU,uSM,uSM,bUFU,nbAG,IrHulFUlMM
bUFU
bUFU
lu,lu,bUFU,hWtNpvUdD,CgxV,bUFU,uSM,uSM,bUFU,nbAG,IrHulFUlMM
bUFU
bUFU
bUFU
lu,zyi,lu,bUFU,hWtNpvUdD,CgxV,bUFU,uSM,uSM,bUFU,nbAG,ZRqzBQH
bUFU
bUFU
lu,zyi,lu,bUFU,hWtNpvUdD,CgxV,bUFU,uSM,uSM,bUFU,nbAG,uSM,uSM,hWtNpvUdD,nbAG
zyi,lu,bUFU,hWtNpvUdD,CgxV,bUFU,uSM,uSM,bUFU,nbAG,uSM,uSM,hWtNpvUdD,zyi
lu,zyi,lu,bUFU,CgxV,ZRqzBQH,bUFU,uSM,uSM,bUFU,nbAG
lu,zyi,lu,bUFU,CgxV,ZRqzBQH,bUFU,uSM,uSM,bUFU,nbAG,CgxV
lu,zyi,lu,bUFU,CgxV,ZRqzBQH,bUFU,uSM,uSM,bUFU,nbAG,CgxV
bUFU
bUFU
lu,zyi,lu,bUFU,CgxV,ZRqzBQH,bUFU,uSM,uSM,bUFU,nbAG,CgxV
lu,zyi,lu,bUFU,CgxV,ZRqzBQH,bUFU,uSM,uSM,bUFU,nbAG,CgxV,ZRqzBQH
bUFU
lu
lu
uSM
Jedi Wagner, assuma o comando!