MKhxAEBorM
MKhxAEBorM
MKhxAEBorM
MKhxAEBorM,zKNeqjLSom
zKNeqjLSom
[vazia]
Toque! Toque, Dijê!
[vazia]
[vazia]
[vazia]
Toque! Toque, Dijê!
Toque! Toque, Dijê!
Toque! Toque, Dijê!
Toque! Toque, Dijê!
[vazia]
Toque! Toque, Dijê!
Toque! Toque, Dijê!
[vazia]
[vazia]
Toque! Toque, Dijê!
OrBZfr
OrBZfr,MKhxAEBorM
OrBZfr,MKhxAEBorM
OrBZfr
OrBZfr,MKhxAEBorM,OrBZfr
OrBZfr,MKhxAEBorM,OrBZfr
OrBZfr,MKhxAEBorM,OrBZfr
OrBZfr
OrBZfr
OrBZfr,MKhxAEBorM,OrBZfr
OrBZfr
OrBZfr,MKhxAEBorM,OrBZfr
OrBZfr
OrBZfr,MKhxAEBorM,OrBZfr,wUqsAV
OrBZfr
OrBZfr,MKhxAEBorM,OrBZfr,wUqsAV,KMINmpF
OrBZfr,MKhxAEBorM,OrBZfr,KMINmpF
OrBZfr
OrBZfr,MKhxAEBorM,OrBZfr
OrBZfr
OrBZfr
OrBZfr
OrBZfr,MKhxAEBorM,OrBZfr
OrBZfr,MKhxAEBorM,OrBZfr,OrBZfr,zKNeqjLSom
OrBZfr
OrBZfr
OrBZfr,MKhxAEBorM,OrBZfr,OrBZfr
MKhxAEBorM
OrBZfr,MKhxAEBorM,OrBZfr,OrBZfr
MKhxAEBorM
OrBZfr,MKhxAEBorM,OrBZfr,OrBZfr
MKhxAEBorM
MKhxAEBorM
OrBZfr
OrBZfr
OrBZfr
OrBZfr,MKhxAEBorM,OrBZfr,OrBZfr,zKNeqjLSom
OrBZfr,MKhxAEBorM,OrBZfr,OrBZfr,zKNeqjLSom
OrBZfr,OrBZfr,OrBZfr,MKhxAEBorM,zKNeqjLSom,KMINmpF,OrBZfr
OrBZfr
OrBZfr
OrBZfr
OrBZfr
OrBZfr
OrBZfr,OrBZfr,OrBZfr,MKhxAEBorM,zKNeqjLSom,OrBZfr,bBOQxDH
OrBZfr,OrBZfr,OrBZfr,MKhxAEBorM,zKNeqjLSom,OrBZfr,bBOQxDH,zKNeqjLSom
OrBZfr,OrBZfr,OrBZfr,bBOQxDH,MKhxAEBorM,zKNeqjLSom,OrBZfr,PvCfMQn,RZKvVUC,OrBZfr
OrBZfr,OrBZfr,OrBZfr,MKhxAEBorM,zKNeqjLSom,OrBZfr,PvCfMQn,RZKvVUC,OrBZfr,KMINmpF
OrBZfr,OrBZfr,OrBZfr,MKhxAEBorM,zKNeqjLSom,OrBZfr,PvCfMQn,RZKvVUC,OrBZfr,KMINmpF,wUqsAV
OrBZfr,OrBZfr,OrBZfr,MKhxAEBorM,zKNeqjLSom,OrBZfr,PvCfMQn,RZKvVUC,OrBZfr,KMINmpF,wUqsAV
OrBZfr,OrBZfr,OrBZfr,RZKvVUC,MKhxAEBorM,zKNeqjLSom,OrBZfr,PvCfMQn,OrBZfr,KMINmpF,wUqsAV
RZKvVUC
OrBZfr,OrBZfr,OrBZfr,RZKvVUC,MKhxAEBorM,zKNeqjLSom,OrBZfr,PvCfMQn,OrBZfr,KMINmpF,wUqsAV
OrBZfr,OrBZfr,OrBZfr,RZKvVUC,MKhxAEBorM,zKNeqjLSom,OrBZfr,PvCfMQn,OrBZfr,KMINmpF,wUqsAV,zKNeqjLSom,RZKvVUC
MKhxAEBorM
OrBZfr,OrBZfr,OrBZfr,MKhxAEBorM,wUqsAV,OrBZfr,PvCfMQn,OrBZfr,KMINmpF,zKNeqjLSom,RZKvVUC
OrBZfr,OrBZfr,OrBZfr,MKhxAEBorM,wUqsAV,OrBZfr,PvCfMQn,OrBZfr,KMINmpF,zKNeqjLSom,RZKvVUC
zKNeqjLSom
OrBZfr,OrBZfr,OrBZfr,MKhxAEBorM,OrBZfr,PvCfMQn,OrBZfr,KMINmpF,zKNeqjLSom,RZKvVUC,KMINmpF,OrBZfr,CyRMbaiUf
OrBZfr
zKNeqjLSom
OrBZfr,OrBZfr,OrBZfr,MKhxAEBorM,OrBZfr,PvCfMQn,OrBZfr,KMINmpF,zKNeqjLSom,RZKvVUC,KMINmpF,OrBZfr,CyRMbaiUf
RZKvVUC
OrBZfr,OrBZfr,OrBZfr,MKhxAEBorM,OrBZfr,PvCfMQn,OrBZfr,KMINmpF,zKNeqjLSom,KMINmpF,OrBZfr,CyRMbaiUf,zKNeqjLSom
OrBZfr,OrBZfr,OrBZfr,MKhxAEBorM,OrBZfr,PvCfMQn,OrBZfr,KMINmpF,zKNeqjLSom,KMINmpF,OrBZfr,CyRMbaiUf,zKNeqjLSom
KMINmpF
KMINmpF
OrBZfr,OrBZfr,OrBZfr,MKhxAEBorM,OrBZfr,PvCfMQn,OrBZfr,zKNeqjLSom,KMINmpF,OrBZfr,KMINmpF,CyRMbaiUf,zKNeqjLSom,zKNeqjLSom,wUqsAV,CyRMbaiUf
OrBZfr,OrBZfr,OrBZfr,MKhxAEBorM,OrBZfr,PvCfMQn,OrBZfr,zKNeqjLSom,KMINmpF,OrBZfr,KMINmpF,CyRMbaiUf,zKNeqjLSom,zKNeqjLSom,wUqsAV
KMINmpF
OrBZfr,OrBZfr,OrBZfr,MKhxAEBorM,OrBZfr,PvCfMQn,OrBZfr,zKNeqjLSom,KMINmpF,OrBZfr,KMINmpF,CyRMbaiUf,zKNeqjLSom,zKNeqjLSom,wUqsAV
OrBZfr,OrBZfr,OrBZfr,MKhxAEBorM,OrBZfr,PvCfMQn,OrBZfr,zKNeqjLSom,KMINmpF,OrBZfr,KMINmpF,CyRMbaiUf,zKNeqjLSom,zKNeqjLSom,wUqsAV
OrBZfr,OrBZfr,OrBZfr,OrBZfr,PvCfMQn,OrBZfr,zKNeqjLSom,KMINmpF,OrBZfr,KMINmpF,CyRMbaiUf,zKNeqjLSom,zKNeqjLSom,wUqsAV
OrBZfr,OrBZfr,OrBZfr,OrBZfr,PvCfMQn,OrBZfr,KMINmpF,OrBZfr,KMINmpF,CyRMbaiUf,zKNeqjLSom,zKNeqjLSom,wUqsAV,OrBZfr,KMINmpF
wUqsAV
Jedi Wagner, assuma o comando!