Toque! Toque, Dijê!
Toque! Toque, Dijê!
Toque! Toque, Dijê!
Toque! Toque, Dijê!
xXshyTZpJe
Toque! Toque, Dijê!
[vazia]
yVRvM
Toque! Toque, Dijê!
Toque! Toque, Dijê!
Toque! Toque, Dijê!
[vazia]
LjxrM
LjxrM
LjxrM,EfMDcD
LjxrM
LjxrM,EfMDcD,KuB,EfMDcD
LjxrM,EfMDcD,KuB,EfMDcD
LjxrM
LjxrM,EfMDcD,KuB,EfMDcD,GWJJjQGKuu,EfMDcD
LjxrM
LjxrM
LjxrM,EfMDcD,KuB,EfMDcD,GWJJjQGKuu,EfMDcD
GWJJjQGKuu,LjxrM,EfMDcD,KuB,EfMDcD,EfMDcD,aKPEEzi
GWJJjQGKuu
aKPEEzi
aKPEEzi
aKPEEzi
[vazia]
Toque! Toque, Dijê!
aKPEEzi
aKPEEzi
aKPEEzi
aKPEEzi
aKPEEzi,LjxrM
aKPEEzi,LjxrM
aKPEEzi,LjxrM
aKPEEzi
aKPEEzi,aKPEEzi,aKPEEzi
aKPEEzi,aKPEEzi,aKPEEzi
aKPEEzi
aKPEEzi,aKPEEzi,aKPEEzi
aKPEEzi,LjxrM,aKPEEzi
LjxrM
LjxrM,aKPEEzi,KuB
LjxrM
aKPEEzi,LjxrM,aKPEEzi
aKPEEzi,LjxrM,aKPEEzi,xXshyTZpJe
LjxrM
aKPEEzi
aKPEEzi,LjxrM,aKPEEzi,xXshyTZpJe
aKPEEzi
KuB
aKPEEzi,LjxrM,KuB,aKPEEzi,xXshyTZpJe
aKPEEzi,LjxrM,KuB,aKPEEzi,xXshyTZpJe
aKPEEzi,LjxrM,KuB,aKPEEzi,xXshyTZpJe,yVRvM
aKPEEzi,LjxrM,KuB,yVRvM,aKPEEzi,xXshyTZpJe
aKPEEzi,LjxrM,KuB,yVRvM,aKPEEzi,xXshyTZpJe
aKPEEzi,LjxrM,KuB,yVRvM,aKPEEzi,xXshyTZpJe
KuB
aKPEEzi
aKPEEzi,LjxrM,KuB,aKPEEzi,xXshyTZpJe,yVRvM,PAawkTnM,LjxrM
aKPEEzi,LjxrM,KuB,aKPEEzi,xXshyTZpJe,yVRvM,PAawkTnM,LjxrM
xXshyTZpJe
aKPEEzi,LjxrM,aKPEEzi,xXshyTZpJe,yVRvM,PAawkTnM,LjxrM,xXshyTZpJe,PAawkTnM
LjxrM
LjxrM
aKPEEzi,aKPEEzi,xXshyTZpJe,yVRvM,PAawkTnM,LjxrM,LjxrM,xXshyTZpJe,PAawkTnM,KuB
LjxrM
LjxrM
aKPEEzi,xXshyTZpJe,PAawkTnM,LjxrM,LjxrM,aKPEEzi,yVRvM,xXshyTZpJe,PAawkTnM,KuB,yVRvM,aKPEEzi,PAawkTnM,PAawkTnM
aKPEEzi,xXshyTZpJe,PAawkTnM,LjxrM,LjxrM,aKPEEzi,yVRvM,xXshyTZpJe,PAawkTnM,KuB,yVRvM,aKPEEzi,PAawkTnM,PAawkTnM
aKPEEzi,xXshyTZpJe,PAawkTnM,LjxrM,LjxrM,aKPEEzi,yVRvM,xXshyTZpJe,PAawkTnM,KuB,yVRvM,aKPEEzi,PAawkTnM,PAawkTnM,LjxrM,GWJJjQGKuu
aKPEEzi,xXshyTZpJe,PAawkTnM,LjxrM,LjxrM,aKPEEzi,yVRvM,xXshyTZpJe,PAawkTnM,KuB,yVRvM,aKPEEzi,PAawkTnM,PAawkTnM,LjxrM,GWJJjQGKuu,LjxrM
yVRvM
PAawkTnM,LjxrM,LjxrM,aKPEEzi,yVRvM,xXshyTZpJe,PAawkTnM,KuB,yVRvM,aKPEEzi,PAawkTnM,PAawkTnM,LjxrM,GWJJjQGKuu,LjxrM,EfMDcD
yVRvM
PAawkTnM,LjxrM,LjxrM,aKPEEzi,yVRvM,xXshyTZpJe,PAawkTnM,KuB,yVRvM,aKPEEzi,PAawkTnM,PAawkTnM,LjxrM,GWJJjQGKuu,LjxrM,EfMDcD
PAawkTnM,LjxrM,LjxrM,aKPEEzi,yVRvM,xXshyTZpJe,PAawkTnM,KuB,yVRvM,aKPEEzi,PAawkTnM,PAawkTnM,LjxrM,GWJJjQGKuu,LjxrM,EfMDcD
yVRvM
yVRvM
yVRvM
yVRvM
yVRvM
yVRvM
yVRvM
xXshyTZpJe,PAawkTnM,LjxrM,LjxrM,aKPEEzi,yVRvM,xXshyTZpJe,PAawkTnM,KuB,yVRvM,aKPEEzi,PAawkTnM,PAawkTnM,LjxrM,GWJJjQGKuu,LjxrM
PAawkTnM
PAawkTnM
PAawkTnM
xXshyTZpJe,LjxrM,LjxrM,yVRvM,PAawkTnM,xXshyTZpJe,PAawkTnM,KuB,yVRvM,aKPEEzi,PAawkTnM,PAawkTnM,LjxrM,GWJJjQGKuu,LjxrM,LjxrM,EfMDcD,PAawkTnM
xXshyTZpJe,PAawkTnM,LjxrM,LjxrM,aKPEEzi,yVRvM,xXshyTZpJe,PAawkTnM,KuB,yVRvM,aKPEEzi,PAawkTnM,PAawkTnM,LjxrM,GWJJjQGKuu,LjxrM
yVRvM
xXshyTZpJe,LjxrM,aKPEEzi,yVRvM,xXshyTZpJe,PAawkTnM,KuB,yVRvM,aKPEEzi,PAawkTnM,PAawkTnM,LjxrM,GWJJjQGKuu,LjxrM
yVRvM
yVRvM
xXshyTZpJe,LjxrM,aKPEEzi,yVRvM,xXshyTZpJe,PAawkTnM,yVRvM,aKPEEzi,PAawkTnM,PAawkTnM,LjxrM,GWJJjQGKuu,LjxrM,GWJJjQGKuu,GWJJjQGKuu
yVRvM
xXshyTZpJe,LjxrM,aKPEEzi,yVRvM,xXshyTZpJe,PAawkTnM,yVRvM,aKPEEzi,PAawkTnM,PAawkTnM,LjxrM,LjxrM,GWJJjQGKuu,GWJJjQGKuu
yVRvM
xXshyTZpJe,PAawkTnM,LjxrM,LjxrM,aKPEEzi,yVRvM,xXshyTZpJe,PAawkTnM,KuB,yVRvM,aKPEEzi,PAawkTnM,PAawkTnM,LjxrM,GWJJjQGKuu,LjxrM
yVRvM
yVRvM
xXshyTZpJe,LjxrM,LjxrM,yVRvM,xXshyTZpJe,PAawkTnM,KuB,yVRvM,aKPEEzi,PAawkTnM,PAawkTnM,LjxrM,GWJJjQGKuu,LjxrM
GWJJjQGKuu
GWJJjQGKuu
GWJJjQGKuu
GWJJjQGKuu
GWJJjQGKuu
xXshyTZpJe,LjxrM,LjxrM,GWJJjQGKuu,xXshyTZpJe,KuB,yVRvM,aKPEEzi,PAawkTnM,LjxrM,LjxrM,GWJJjQGKuu,KuB,LjxrM
xXshyTZpJe
xXshyTZpJe
KuB
xXshyTZpJe,LjxrM,GWJJjQGKuu,xXshyTZpJe,LjxrM,KuB,yVRvM,aKPEEzi,LjxrM,LjxrM,GWJJjQGKuu,KuB,LjxrM,EfMDcD
KuB
xXshyTZpJe,LjxrM,GWJJjQGKuu,xXshyTZpJe,LjxrM,KuB,yVRvM,aKPEEzi,PAawkTnM,LjxrM,LjxrM,GWJJjQGKuu,KuB,LjxrM
LjxrM,GWJJjQGKuu,xXshyTZpJe,LjxrM,KuB,xXshyTZpJe,yVRvM,aKPEEzi,LjxrM,LjxrM,GWJJjQGKuu,KuB,LjxrM,KuB,GWJJjQGKuu,aKPEEzi
LjxrM,GWJJjQGKuu,xXshyTZpJe,LjxrM,KuB,xXshyTZpJe,yVRvM,aKPEEzi,LjxrM,LjxrM,GWJJjQGKuu,KuB,LjxrM,KuB,GWJJjQGKuu,aKPEEzi,KuB,EfMDcD
LjxrM,GWJJjQGKuu,xXshyTZpJe,LjxrM,KuB,xXshyTZpJe,yVRvM,aKPEEzi,LjxrM,LjxrM,GWJJjQGKuu,KuB,LjxrM,KuB,GWJJjQGKuu,aKPEEzi,KuB,EfMDcD,LjxrM,PAawkTnM
LjxrM,GWJJjQGKuu,xXshyTZpJe,LjxrM,KuB,xXshyTZpJe,yVRvM,aKPEEzi,LjxrM,LjxrM,GWJJjQGKuu,KuB,LjxrM,KuB,GWJJjQGKuu,aKPEEzi,KuB,EfMDcD,LjxrM,PAawkTnM
LjxrM,GWJJjQGKuu,xXshyTZpJe,LjxrM,KuB,xXshyTZpJe,yVRvM,aKPEEzi,LjxrM,LjxrM,GWJJjQGKuu,KuB,LjxrM,KuB,GWJJjQGKuu,aKPEEzi,KuB,EfMDcD,LjxrM,PAawkTnM
aKPEEzi
LjxrM,GWJJjQGKuu,LjxrM,KuB,xXshyTZpJe,yVRvM,aKPEEzi,xXshyTZpJe,LjxrM,LjxrM,GWJJjQGKuu,KuB,LjxrM,KuB,GWJJjQGKuu,aKPEEzi,KuB,EfMDcD,LjxrM,PAawkTnM
LjxrM,GWJJjQGKuu,LjxrM,KuB,xXshyTZpJe,yVRvM,aKPEEzi,xXshyTZpJe,LjxrM,LjxrM,GWJJjQGKuu,KuB,LjxrM,KuB,GWJJjQGKuu,aKPEEzi,KuB,EfMDcD,LjxrM,PAawkTnM
Jedi Wagner, assuma o comando!