Toque! Toque, Dijê!
Toque! Toque, Dijê!
[vazia]
Toque! Toque, Dijê!
[vazia]
Toque! Toque, Dijê!
YrALnz
YrALnz
YrALnz,rovKQ
YrALnz
YrALnz,rovKQ
YrALnz,rovKQ,YrALnz
YrALnz,rovKQ,YrALnz
rovKQ
YrALnz,rovKQ,YrALnz
rovKQ
rovKQ
YrALnz,rovKQ,YrALnz,yKd
rovKQ
rovKQ
YrALnz,YrALnz
YrALnz
YrALnz
YrALnz,YrALnz,rovKQ
YrALnz,rovKQ,YrALnz
rovKQ
rovKQ
YrALnz,rovKQ,YrALnz
rovKQ
YrALnz,rovKQ,YrALnz
YrALnz,rovKQ,YrALnz,yKd
YrALnz,rovKQ,YrALnz
YrALnz,YrALnz
YrALnz,YrALnz
YrALnz,YrALnz
YrALnz
YrALnz
YrALnz,YrALnz
YrALnz,YrALnz,ZcIJbe
YrALnz,YrALnz,ZcIJbe
YrALnz,YrALnz,ZcIJbe,zbQqSIo
YrALnz,YrALnz,ZcIJbe,zbQqSIo
ZcIJbe
ZcIJbe
YrALnz,YrALnz,yKd,ZcIJbe
YrALnz,YrALnz,yKd,ZcIJbe
yKd
yKd
YrALnz,ZcIJbe,YrALnz,YrALnz
YrALnz,ZcIJbe,YrALnz,YrALnz
YrALnz,ZcIJbe,YrALnz,YrALnz
YrALnz,ZcIJbe,YrALnz,YrALnz
zbQqSIo
YrALnz,ZcIJbe,zbQqSIo,YrALnz,YrALnz,ZcIJbe
ZcIJbe
ZcIJbe,zbQqSIo,YrALnz,YrALnz,ZcIJbe,rovKQ
rovKQ
rovKQ
ZcIJbe,zbQqSIo,YrALnz,YrALnz,ZcIJbe,rovKQ
ZcIJbe,zbQqSIo,YrALnz,YrALnz,ZcIJbe,rovKQ
ZcIJbe
ZcIJbe,rovKQ,zbQqSIo,YrALnz,ZcIJbe,Y,zbQqSIo,Y
YrALnz
ZcIJbe,rovKQ,zbQqSIo,YrALnz,ZcIJbe,Y,zbQqSIo,Y
YrALnz
YrALnz
YrALnz
YrALnz
rovKQ,zbQqSIo,ZcIJbe,ZcIJbe,Y,zbQqSIo,Y,ZcIJbe,ZcIJbe,ZcIJbe,rovKQ,YrALnz
ZcIJbe
rovKQ,zbQqSIo,ZcIJbe,ZcIJbe,Y,zbQqSIo,Y,ZcIJbe,ZcIJbe,ZcIJbe,rovKQ,YrALnz
rovKQ,zbQqSIo,ZcIJbe,ZcIJbe,Y,zbQqSIo,Y,ZcIJbe,ZcIJbe,ZcIJbe,rovKQ,YrALnz
Jedi Wagner, assuma o comando!