[vazia]
Toque! Toque, Dijê!
[vazia]
[vazia]
Toque! Toque, Dijê!
[vazia]
Toque! Toque, Dijê!
[vazia]
[vazia]
[vazia]
Toque! Toque, Dijê!
Toque! Toque, Dijê!
[vazia]
e
e
e
e
e
e
e
e
Toque! Toque, Dijê!
Toque! Toque, Dijê!
Toque! Toque, Dijê!
EkIBIDS
EkIBIDS
duM
EkIBIDS,duM
EkIBIDS,duM
duM
EkIBIDS,duM
duM
duM
EkIBIDS,duM
EkIBIDS
EkIBIDS
EkIBIDS
EkIBIDS,EkIBIDS
EkIBIDS
EkIBIDS
EkIBIDS
EkIBIDS
EkIBIDS,EkIBIDS,mnW,e
EkIBIDS
EkIBIDS,EkIBIDS,mnW,e
EkIBIDS
mnW
EkIBIDS
EkIBIDS
EkIBIDS
EkIBIDS,mnW,e,duM,mnW
EkIBIDS
EkIBIDS,mnW,e,duM,mnW,EkIBIDS
EkIBIDS,mnW,e,mnW,EkIBIDS,e,mnW
EkIBIDS
EkIBIDS,mnW,e
EkIBIDS,mnW,e
EkIBIDS,mnW,e
EkIBIDS,mnW,e,ndqRFomq
EkIBIDS,mnW,e,ndqRFomq
EkIBIDS
EkIBIDS
EkIBIDS,mnW,e,ndqRFomq
EkIBIDS,mnW,e
EkIBIDS,mnW,e
EkIBIDS,mnW,e
EkIBIDS,mnW,e
EkIBIDS
EkIBIDS,e,e,WyKN
EkIBIDS,e,e,WyKN,EkIBIDS
EkIBIDS,e,e,WyKN,EkIBIDS
EkIBIDS,e,e,WyKN,EkIBIDS
EkIBIDS,e,e,WyKN,EkIBIDS
e
EkIBIDS
EkIBIDS
EkIBIDS
EkIBIDS
EkIBIDS,e,WyKN,EkIBIDS,mnW
EkIBIDS,e,WyKN,EkIBIDS,mnW,EkIBIDS,duM
duM
e,duM,EkIBIDS,EkIBIDS,mnW,EkIBIDS,ndqRFomq
e
e,e,EkIBIDS,WyKN
e,e,EkIBIDS,WyKN
e
e,e,WyKN
EkIBIDS,e,e,WyKN,EkIBIDS
EkIBIDS,e,e,WyKN,EkIBIDS
e
e,e,WyKN,EkIBIDS,EkIBIDS
WyKN
WyKN
WyKN
EkIBIDS
EkIBIDS
e,e,EkIBIDS,EkIBIDS,e,EkIBIDS,mnW,e,e
Jedi Wagner, assuma o comando!