Toque! Toque, Dijê!
[vazia]
UJjauH
UJjauH
UJjauH,MqWhfo,YXw,k
UJjauH
UJjauH
UJjauH,MqWhfo,YXw,k,YXw
UJjauH
UJjauH
UJjauH
UJjauH,MqWhfo,YXw,k,YXw,WMojTnyH
WMojTnyH,UJjauH,MqWhfo,YXw,k,YXw
WMojTnyH
WMojTnyH,k,UJjauH,MqWhfo,YXw,YXw
k
WMojTnyH,k,UJjauH,MqWhfo,YXw,YXw
UJjauH
UJjauH
WMojTnyH,k,UJjauH,YXw,MqWhfo
WMojTnyH,k,UJjauH,YXw,MqWhfo
WMojTnyH,k,UJjauH,YXw,MqWhfo
WMojTnyH,k,UJjauH,YXw,MqWhfo
k
WMojTnyH,YXw,k,MqWhfo,T
WMojTnyH
MqWhfo
MqWhfo,WMojTnyH,YXw,k
WMojTnyH,YXw,k,MqWhfo
WMojTnyH
WMojTnyH,YXw,k,MqWhfo
WMojTnyH,YXw,k,MqWhfo
WMojTnyH
WMojTnyH
YXw
WMojTnyH
WMojTnyH
WMojTnyH
WMojTnyH,YXw,k,MqWhfo,N,oVOxz
WMojTnyH,YXw,k,MqWhfo,N,oVOxz
k
k
WMojTnyH,YXw,k,MqWhfo,N,oVOxz
YXw,MqWhfo,k,N,oVOxz,k
k
MqWhfo
MqWhfo
WMojTnyH
WMojTnyH,YXw,MqWhfo,N,oVOxz,k
MqWhfo
WMojTnyH,YXw,MqWhfo,oVOxz,N,k,MnJdksHOKg
k
WMojTnyH,YXw,k,MqWhfo,oVOxz,N
WMojTnyH,YXw,k,MqWhfo,oVOxz,N,k,UJjauH,N
MqWhfo
MqWhfo
WMojTnyH,YXw,k,MqWhfo,N,oVOxz,k,YXw
WMojTnyH,YXw,k,MqWhfo,N,oVOxz,k,YXw
WMojTnyH,YXw,k,MqWhfo,N,oVOxz,k,YXw,T
oVOxz
k
WMojTnyH,YXw,k,MqWhfo,N,oVOxz,k,YXw,T
WMojTnyH,YXw,k,MqWhfo,N,oVOxz,k,YXw,T
YXw
WMojTnyH,k,N,oVOxz,k,YXw,T
WMojTnyH,k,N,oVOxz,k,YXw,T
YXw
WMojTnyH,k,MqWhfo,N,oVOxz,k,YXw,T
WMojTnyH,k,MqWhfo,N,oVOxz,k,YXw,T
YXw
YXw
YXw
WMojTnyH,YXw,k,MqWhfo,N,oVOxz,k,YXw,T,N
WMojTnyH,YXw,k,MqWhfo,N,oVOxz,k,YXw,T,N
YXw,k,MqWhfo,N,oVOxz,k,YXw,T,WMojTnyH,N
N
k,MqWhfo,N,k,YXw,T,WMojTnyH,N,oVOxz,YXw,UJjauH,k
k,MqWhfo,N,oVOxz,k,YXw,T,WMojTnyH,N,YXw,k
YXw
YXw
k,MqWhfo,k,YXw,WMojTnyH,N,YXw,T,k
k,MqWhfo,k,YXw,WMojTnyH,N,YXw,T,k,YXw
k,MqWhfo,k,YXw,WMojTnyH,N,YXw,T,k,YXw
T
T
k
k,k,YXw,N,YXw,T,k,MqWhfo,k,MnJdksHOKg
k,k,YXw,N,YXw,T,k,MqWhfo,k,MnJdksHOKg
k,k,YXw,N,YXw,T,k,MqWhfo,k,MnJdksHOKg,YXw
k,k,YXw,N,YXw,T,k,MqWhfo,k,MnJdksHOKg
k
k,k,YXw,N,YXw,T,k,MqWhfo,k,MnJdksHOKg,k
k
k,k,YXw,N,YXw,T,k,MqWhfo,k,MnJdksHOKg,k
k,YXw,N,YXw,T,k,MqWhfo,k,MnJdksHOKg,k,T,k
k
k,YXw,N,YXw,T,k,MqWhfo,k,MnJdksHOKg,k,T,k
k
MqWhfo
MqWhfo
k,YXw,N,YXw,k,k,MnJdksHOKg,k,T,k,MqWhfo,YXw,MqWhfo,MnJdksHOKg,WMojTnyH,T
k,YXw,N,YXw,k,k,MnJdksHOKg,k,T,k,MqWhfo,YXw,MqWhfo,MnJdksHOKg,WMojTnyH,T
k,YXw,N,YXw,k,k,MnJdksHOKg,k,T,k,MqWhfo,YXw,MqWhfo,MnJdksHOKg,WMojTnyH,T
k,YXw,N,YXw,k,k,MnJdksHOKg,k,T,k,MqWhfo,YXw,MqWhfo,MnJdksHOKg,WMojTnyH,T
YXw
k,YXw,YXw,k,k,MnJdksHOKg,k,T,k,MqWhfo,YXw,N,MqWhfo,MnJdksHOKg,WMojTnyH,T
k,YXw,YXw,k,k,MnJdksHOKg,k,T,k,MqWhfo,YXw,N,MqWhfo,MnJdksHOKg,WMojTnyH,T
k,YXw,YXw,k,k,MnJdksHOKg,k,T,k,MqWhfo,YXw,N,MqWhfo,MnJdksHOKg,WMojTnyH,T
k,YXw,YXw,k,k,MnJdksHOKg,k,T,k,MqWhfo,YXw,N,MqWhfo,MnJdksHOKg,WMojTnyH,T
k,YXw,YXw,k,k,MnJdksHOKg,k,T,k,MqWhfo,YXw,N,MqWhfo,MnJdksHOKg,WMojTnyH,T,T
N
k,YXw,YXw,k,k,MnJdksHOKg,k,T,k,MqWhfo,YXw,N,MqWhfo,MnJdksHOKg,WMojTnyH,T,T
k,k,MnJdksHOKg,k,T,k,MqWhfo,N,MqWhfo,YXw,YXw,MnJdksHOKg,WMojTnyH,T,T
k,YXw,k,k,MnJdksHOKg,k,T,k,MqWhfo,YXw,N,MqWhfo,YXw,MnJdksHOKg,WMojTnyH,T,T,YXw,oVOxz
YXw
YXw,k,k,MnJdksHOKg,k,T,k,MqWhfo,YXw,N,MqWhfo,YXw,MnJdksHOKg,WMojTnyH,T,T,YXw,oVOxz
Jedi Wagner, assuma o comando!