Toque! Toque, Dijê!
Toque! Toque, Dijê!
[vazia]
Toque! Toque, Dijê!
OASFXRNx
[vazia]
xAgIfZQlSN
xAgIfZQlSN
xAgIfZQlSN
xAgIfZQlSN
JvnsES
JvnsES
xAgIfZQlSN,JvnsES,RPgyAGYm
JvnsES
JvnsES
JvnsES
xAgIfZQlSN,JvnsES,RPgyAGYm,seaVHGPa,seaVHGPa
JvnsES
JvnsES
xAgIfZQlSN,JvnsES
xAgIfZQlSN,JvnsES
JvnsES,xAgIfZQlSN
CUmIpHmWIn
CUmIpHmWIn
JvnsES,CUmIpHmWIn,xAgIfZQlSN
CUmIpHmWIn,xAgIfZQlSN
JvnsES,xAgIfZQlSN,CUmIpHmWIn
CUmIpHmWIn
JvnsES,xAgIfZQlSN,CUmIpHmWIn,xAgIfZQlSN
JvnsES,xAgIfZQlSN,CUmIpHmWIn,xAgIfZQlSN
JvnsES,xAgIfZQlSN,CUmIpHmWIn,xAgIfZQlSN,CUmIpHmWIn,CUmIpHmWIn,RPgyAGYm
CUmIpHmWIn
JvnsES,xAgIfZQlSN,CUmIpHmWIn,xAgIfZQlSN,CUmIpHmWIn,CUmIpHmWIn,RPgyAGYm
CUmIpHmWIn
JvnsES,xAgIfZQlSN,CUmIpHmWIn
JvnsES,xAgIfZQlSN,CUmIpHmWIn,oBeufljZ
CUmIpHmWIn
JvnsES,xAgIfZQlSN,CUmIpHmWIn,oBeufljZ
JvnsES,xAgIfZQlSN,oBeufljZ
oBeufljZ
oBeufljZ
oBeufljZ
CUmIpHmWIn
xAgIfZQlSN,CUmIpHmWIn,OASFXRNx
xAgIfZQlSN,OASFXRNx
oBeufljZ
oBeufljZ
xAgIfZQlSN,OASFXRNx,oBeufljZ
xAgIfZQlSN,oBeufljZ,OASFXRNx
OASFXRNx
OASFXRNx
OASFXRNx
OASFXRNx
xAgIfZQlSN,OASFXRNx
OASFXRNx
OASFXRNx
xAgIfZQlSN,OASFXRNx,oBeufljZ
oBeufljZ
xAgIfZQlSN,OASFXRNx,oBeufljZ
xAgIfZQlSN,OASFXRNx,oBeufljZ
OASFXRNx
OASFXRNx
xAgIfZQlSN
Jedi Wagner, assuma o comando!