Toque! Toque, Dijê!
Toque! Toque, Dijê!
Toque! Toque, Dijê!
Toque! Toque, Dijê!
[vazia]
h
h,VPuWwzUO
h
h
h
h
h
h
h,kz
h,kz
h,kz
h
h,kz,h
kz,VPuWwzUO
kz
h
h
h
h,kz
h
h
h,kz
h,kz
h
h,VPuWwzUO
h,VPuWwzUO
h,VPuWwzUO
VPuWwzUO
kz
VPuWwzUO,kz,h,kz,VPuWwzUO
h
h
h
kz,h,h,kz,VPuWwzUO
kz,h,h,kz,VPuWwzUO
h
h,h,kz,kz,h,kz
h,kz,kz,h,kz
h,kz,kz,h,kz
h,kz,kz,h,kz
kz
h
h
h
VPuWwzUO,kz,h,h,kz,VPuWwzUO,VPuWwzUO
VPuWwzUO,kz,h,h,kz,VPuWwzUO,VPuWwzUO,kz
h
VPuWwzUO,kz,h,h,kz,VPuWwzUO,VPuWwzUO,kz
VPuWwzUO,kz,h,h,kz,VPuWwzUO,VPuWwzUO,kz
h
kz,h,VPuWwzUO,h,kz
h
h
h
h
kz,h,kz,kz,h
h
kz,h,kz,kz,h,VPuWwzUO,h
h,kz,kz,kz,h,VPuWwzUO,h
h,kz,kz,VPuWwzUO,kz,h,h
h,kz,kz,VPuWwzUO,kz,h,h
kz
kz
VPuWwzUO
kz,VPuWwzUO,kz,h,h
kz,kz,VPuWwzUO,h,h
kz
kz,VPuWwzUO,kz,h,h
kz,kz,VPuWwzUO,h,h,kz
kz,kz,VPuWwzUO,h,h,kz,VPuWwzUO
VPuWwzUO
h
h,VPuWwzUO,h,kz,h,kz,VPuWwzUO,VPuWwzUO
h,VPuWwzUO,h,kz,h,kz,VPuWwzUO
VPuWwzUO
VPuWwzUO
kz,kz,VPuWwzUO,h,h,kz,kz
VPuWwzUO
kz,VPuWwzUO,h,h,kz
VPuWwzUO,h,h,kz
VPuWwzUO
VPuWwzUO
VPuWwzUO,h,h,kz
VPuWwzUO,kz,kz,h,h,kz
kz,VPuWwzUO,kz,h,kz,h
kz
kz,VPuWwzUO,kz,kz,h,VPuWwzUO,VPuWwzUO,kz
kz,VPuWwzUO,kz,kz,h,VPuWwzUO,VPuWwzUO,kz
kz,kz,kz,h,VPuWwzUO,VPuWwzUO,VPuWwzUO,kz,VPuWwzUO
h
kz,VPuWwzUO,kz,h,kz,h,VPuWwzUO,VPuWwzUO,kz
kz
kz,VPuWwzUO,kz,h,kz,h,VPuWwzUO,VPuWwzUO,kz,VPuWwzUO
kz,kz,h,VPuWwzUO,VPuWwzUO,kz,VPuWwzUO,VPuWwzUO,VPuWwzUO
kz,VPuWwzUO,VPuWwzUO,kz,VPuWwzUO,VPuWwzUO,VPuWwzUO
kz,VPuWwzUO,VPuWwzUO,kz,VPuWwzUO,VPuWwzUO,VPuWwzUO
h,kz,h,VPuWwzUO,VPuWwzUO,kz,kz,VPuWwzUO,VPuWwzUO,VPuWwzUO
kz
VPuWwzUO
VPuWwzUO
kz,h,kz,h,VPuWwzUO,VPuWwzUO,kz,VPuWwzUO,VPuWwzUO,VPuWwzUO
VPuWwzUO
kz
h,VPuWwzUO,VPuWwzUO,kz,h,VPuWwzUO,VPuWwzUO,VPuWwzUO
h,VPuWwzUO,VPuWwzUO,kz,h,VPuWwzUO,VPuWwzUO,VPuWwzUO
VPuWwzUO
VPuWwzUO
h,kz,h,VPuWwzUO,VPuWwzUO,VPuWwzUO
h,kz,h,VPuWwzUO,VPuWwzUO,VPuWwzUO,VPuWwzUO
h
VPuWwzUO
VPuWwzUO
VPuWwzUO
VPuWwzUO,kz,VPuWwzUO,VPuWwzUO,h,VPuWwzUO,kz,kz,VPuWwzUO,kz
VPuWwzUO
VPuWwzUO,kz,VPuWwzUO,VPuWwzUO,h,VPuWwzUO,kz,kz,VPuWwzUO,kz,VPuWwzUO
kz
kz,VPuWwzUO,kz,kz,VPuWwzUO,kz,VPuWwzUO,h,VPuWwzUO
kz
kz,VPuWwzUO,kz,kz,VPuWwzUO,kz,VPuWwzUO,h,VPuWwzUO,VPuWwzUO
kz
Jedi Wagner, assuma o comando!