[vazia]
jeEVN
[vazia]
BMwoICnQ
Toque! Toque, Dijê!
Toque! Toque, Dijê!
QK
QK
QK
QK
QK
QK
QK
QK
NdIJqQ,QK,o
NdIJqQ,QK,o
jeEVN,NdIJqQ,QK,o
NdIJqQ
NdIJqQ,jeEVN,o,QK
jeEVN
jeEVN
jeEVN
NdIJqQ,jeEVN,o,QK,QK
NdIJqQ,jeEVN,o,QK
NdIJqQ,jeEVN,o,QK
jeEVN
jeEVN
NdIJqQ,jeEVN,QK
NdIJqQ,jeEVN,o,QK
NdIJqQ,jeEVN,o,QK
NdIJqQ,jeEVN,o,QK
o
NdIJqQ,o,QK
o
NdIJqQ,jeEVN,o,QK
NdIJqQ,jeEVN,o,QK,QK
NdIJqQ,jeEVN,o,QK
NdIJqQ,jeEVN,o,QK
jeEVN
jeEVN
jeEVN
NdIJqQ,jeEVN,QK,BMwoICnQ
jeEVN
jeEVN
NdIJqQ,jeEVN,o,QK
NdIJqQ,QK,jeEVN,o
QK,jeEVN,o,uQupnnq
o
o
Jedi Wagner, assuma o comando!