Iahie
Iahie
[vazia]
[vazia]
[vazia]
[vazia]
Toque! Toque, Dijê!
LdFHIuKN
LdFHIuKN
nF
Toque! Toque, Dijê!
[vazia]
[vazia]
Toque! Toque, Dijê!
Toque! Toque, Dijê!
Toque! Toque, Dijê!
LdFHIuKN,LdFHIuKN
LdFHIuKN,LdFHIuKN
LdFHIuKN,Iahie,Iahie
LdFHIuKN
LdFHIuKN,Iahie,Iahie,Iahie,nF,nF
LdFHIuKN,Iahie,Iahie,Iahie,nF,nF
LdFHIuKN,Iahie,Iahie,Iahie,nF,nF
Iahie
nF,Iahie,Iahie,nF,nF
nF
nF,Iahie,Iahie,nF,Iahie,nF,Iahie,LdFHIuKN,Iahie,LdFHIuKN
Iahie,Iahie,nF,Iahie,nF,nF,Iahie,LdFHIuKN,Iahie,LdFHIuKN
Iahie,Iahie,nF,Iahie,nF,nF,Iahie,LdFHIuKN,Iahie,LdFHIuKN
Iahie,Iahie,nF,Iahie,nF,nF,Iahie,Iahie,LdFHIuKN,LdFHIuKN,nF
Iahie,Iahie,Iahie,nF,nF,Iahie,nF,Iahie,LdFHIuKN,LdFHIuKN,nF
nF
Iahie,Iahie,Iahie,nF,Iahie,nF,nF,Iahie,LdFHIuKN,nF,Iahie,nF
Iahie,Iahie,Iahie,nF,Iahie,nF,nF,Iahie,LdFHIuKN,nF,Iahie,nF
Iahie
Iahie,Iahie,nF,Iahie,nF,nF,Iahie,Iahie,LdFHIuKN,LdFHIuKN,nF
Iahie,Iahie,Iahie,nF,Iahie,nF,Iahie,LdFHIuKN,LdFHIuKN,nF,nF,Iahie,Iahie
Iahie
Iahie,Iahie,Iahie,nF,nF,Iahie,Iahie,LdFHIuKN,LdFHIuKN,nF,nF,Iahie,Iahie
Iahie
Iahie
Iahie
Iahie
Iahie
Iahie,Iahie,Iahie,nF,nF,Iahie,LdFHIuKN,Iahie,LdFHIuKN,nF,nF,Iahie,Iahie,Iahie
Jedi Wagner, assuma o comando!