Toque! Toque, Dijê!
Toque! Toque, Dijê!
[vazia]
[vazia]
sDKx
Toque! Toque, Dijê!
[vazia]
[vazia]
Toque! Toque, Dijê!
Toque! Toque, Dijê!
Toque! Toque, Dijê!
Toque! Toque, Dijê!
eZRzsTt,iYWuF
eZRzsTt,iYWuF
eZRzsTt,iYWuF,iYWuF
eZRzsTt,iYWuF,iepfxLQW
iYWuF
eZRzsTt,iepfxLQW,FWpXhNt
iepfxLQW
eZRzsTt,iepfxLQW
iepfxLQW
iepfxLQW
eZRzsTt,iepfxLQW,obAXSo,sDKx
eZRzsTt,iepfxLQW,obAXSo,sDKx,FWpXhNt,pIWOdaBsg
iepfxLQW
eZRzsTt,iepfxLQW,sDKx
iepfxLQW
eZRzsTt,iepfxLQW,sDKx
iepfxLQW
eZRzsTt,iepfxLQW,iYWuF,iepfxLQW
iYWuF
eZRzsTt,iYWuF
eZRzsTt,iepfxLQW,iYWuF
eZRzsTt,iepfxLQW,iYWuF
obAXSo
iepfxLQW
eZRzsTt,iepfxLQW,obAXSo
iepfxLQW,obAXSo
eZRzsTt
eZRzsTt,iepfxLQW,obAXSo
eZRzsTt
eZRzsTt
eZRzsTt,obAXSo
eZRzsTt
eZRzsTt,obAXSo,iepfxLQW
eZRzsTt,obAXSo,iepfxLQW,snUIpRcJQW,iYWuF
iepfxLQW
eZRzsTt,iepfxLQW,snUIpRcJQW,iYWuF,FWpXhNt
eZRzsTt,iepfxLQW,snUIpRcJQW,iYWuF,FWpXhNt
eZRzsTt,iepfxLQW,snUIpRcJQW,iYWuF,FWpXhNt
eZRzsTt,iepfxLQW,snUIpRcJQW,iYWuF,FWpXhNt
eZRzsTt,iepfxLQW,snUIpRcJQW,iYWuF,FWpXhNt,obAXSo
eZRzsTt,obAXSo,iepfxLQW,snUIpRcJQW,iYWuF
iepfxLQW
eZRzsTt,obAXSo,iepfxLQW,snUIpRcJQW,iYWuF
iepfxLQW
iepfxLQW
iepfxLQW
eZRzsTt,obAXSo,iepfxLQW,snUIpRcJQW,iYWuF
obAXSo,snUIpRcJQW,eZRzsTt,iepfxLQW,iYWuF
eZRzsTt,obAXSo,iepfxLQW,snUIpRcJQW,iYWuF
Jedi Wagner, assuma o comando!