Toque! Toque, Dijê!
[vazia]
Toque! Toque, Dijê!
Toque! Toque, Dijê!
[vazia]
Toque! Toque, Dijê!
Toque! Toque, Dijê!
[vazia]
[vazia]
[vazia]
Toque! Toque, Dijê!
[vazia]
[vazia]
[vazia]
MWI
MWI
MWI
MWI
MWI
MWI
MWI
MWI,nNpPqqzrON,qfeNya,kLwA
MWI,nNpPqqzrON,qfeNya,kLwA
MWI,nNpPqqzrON,qfeNya,kLwA
MWI,nNpPqqzrON,kLwA,nV
MWI,nNpPqqzrON,qfeNya,kLwA,nV
MWI,nNpPqqzrON,qfeNya,kLwA,nV
qfeNya
kLwA
kLwA
kLwA
kLwA
kLwA
nNpPqqzrON,qfeNya,kLwA,MWI,nV,nV
nNpPqqzrON,qfeNya,kLwA,MWI,nV,nV
kLwA
kLwA
kLwA
kLwA
MWI,nNpPqqzrON,qfeNya,kLwA,nV,kLwA
kLwA
kLwA
kLwA
kLwA
nNpPqqzrON,kLwA,qfeNya,nV,kLwA,nV,UQC
qfeNya
qfeNya
qfeNya
nV
UQC
nV
nV
nNpPqqzrON,qfeNya,nV,UQC,kLwA,nV,qNxtFSa,XtuNfgdzR,kLwA,MWI
qfeNya
nNpPqqzrON,nV,qfeNya,UQC,kLwA,nV,qNxtFSa,XtuNfgdzR,kLwA,MWI
UQC
nNpPqqzrON,nV,qfeNya,UQC,kLwA,nV,qNxtFSa,XtuNfgdzR,kLwA,MWI
qfeNya
nV,UQC,nNpPqqzrON,nV,qNxtFSa,XtuNfgdzR,kLwA,MWI,nNpPqqzrON,kLwA
nV,UQC,nNpPqqzrON,nV,qNxtFSa,XtuNfgdzR,kLwA,MWI,nNpPqqzrON,kLwA
nV,nNpPqqzrON,nV,kLwA,MWI,nNpPqqzrON,kLwA,UQC
nV
nV,nNpPqqzrON,UQC,nV,kLwA,MWI,nNpPqqzrON,kLwA
nV
nV
nV,UQC,nNpPqqzrON,nV,qNxtFSa,XtuNfgdzR,kLwA,MWI,nNpPqqzrON,kLwA
nV
nV
nNpPqqzrON
nV,MWI,nNpPqqzrON,nV,qNxtFSa,XtuNfgdzR,kLwA,nNpPqqzrON,kLwA,MWI
nNpPqqzrON
nV,XtuNfgdzR,qNxtFSa,nNpPqqzrON,nV,nNpPqqzrON,kLwA,MWI,kLwA,nNpPqqzrON,MWI,kLwA
nV,qNxtFSa,nNpPqqzrON,nV,nNpPqqzrON,kLwA,MWI,kLwA,nNpPqqzrON,MWI,kLwA
MWI
nV,XtuNfgdzR,qNxtFSa,nNpPqqzrON,nV,nNpPqqzrON,MWI,kLwA,nNpPqqzrON,MWI,kLwA
nV,XtuNfgdzR,qNxtFSa,nNpPqqzrON,nV,nNpPqqzrON,kLwA,MWI,kLwA,nNpPqqzrON,MWI,kLwA
MWI
MWI
nV,XtuNfgdzR,qNxtFSa,nNpPqqzrON,nV,nNpPqqzrON,kLwA,MWI,kLwA,nNpPqqzrON,MWI,kLwA
nNpPqqzrON
nNpPqqzrON
nNpPqqzrON
nV,XtuNfgdzR,qNxtFSa,nV,nNpPqqzrON,MWI,nNpPqqzrON,kLwA,kLwA,nNpPqqzrON,MWI,kLwA
kLwA
nV,XtuNfgdzR,nV,nNpPqqzrON,kLwA,MWI,nNpPqqzrON,qNxtFSa,kLwA,nNpPqqzrON,MWI,kLwA,qfeNya,nV
MWI
nV,XtuNfgdzR,qNxtFSa,nNpPqqzrON,nV,nNpPqqzrON,kLwA,MWI,kLwA,nNpPqqzrON,MWI,kLwA
kLwA
nNpPqqzrON
nNpPqqzrON,nV,nNpPqqzrON,MWI,nNpPqqzrON,nV,MWI,kLwA,XtuNfgdzR,qNxtFSa,XtuNfgdzR
XtuNfgdzR
nNpPqqzrON
nNpPqqzrON,nV,nNpPqqzrON,MWI,nNpPqqzrON,nV,MWI,kLwA,XtuNfgdzR,qNxtFSa,qNxtFSa
nNpPqqzrON,nV,nNpPqqzrON,MWI,nNpPqqzrON,nV,MWI,kLwA,XtuNfgdzR,qNxtFSa,qNxtFSa
XtuNfgdzR
nNpPqqzrON,nV,nNpPqqzrON,MWI,nNpPqqzrON,nV,MWI,XtuNfgdzR,qNxtFSa,qNxtFSa,kLwA
nNpPqqzrON,nV,nNpPqqzrON,MWI,nNpPqqzrON,nV,MWI,XtuNfgdzR,qNxtFSa,qNxtFSa,kLwA
XtuNfgdzR
XtuNfgdzR
XtuNfgdzR
XtuNfgdzR
XtuNfgdzR
nNpPqqzrON
nV,nNpPqqzrON,MWI,nNpPqqzrON,nV,MWI,kLwA,nNpPqqzrON,qNxtFSa,MWI
nV,nNpPqqzrON,MWI,nNpPqqzrON,nV,MWI,kLwA,nNpPqqzrON,qNxtFSa,MWI
nV,nNpPqqzrON,MWI,nNpPqqzrON,nV,MWI,kLwA,nNpPqqzrON,qNxtFSa,MWI
nV,nNpPqqzrON,MWI,nNpPqqzrON,nV,MWI,kLwA,nNpPqqzrON,qNxtFSa,MWI
MWI
nV,nNpPqqzrON,MWI,nNpPqqzrON,nV,MWI,kLwA,nNpPqqzrON,qNxtFSa,MWI
MWI
nV,MWI,nNpPqqzrON,nV,MWI,nNpPqqzrON,MWI
nV,MWI,nV,MWI,nNpPqqzrON,MWI
nV,MWI,nV,MWI,nNpPqqzrON,MWI
nV,MWI,nV,MWI,nNpPqqzrON,MWI,kLwA
MWI
nV,nV,MWI,nNpPqqzrON,MWI,kLwA
nV,nV,MWI,nNpPqqzrON,MWI,kLwA,UQC
MWI
MWI
kLwA
kLwA
kLwA
nV,nV,MWI,MWI,kLwA,UQC,qNxtFSa,qfeNya
kLwA
UQC
nV,nV,MWI,MWI,UQC,qfeNya,XtuNfgdzR,kLwA
kLwA
Jedi Wagner, assuma o comando!