Toque! Toque, Dijê!
Toque! Toque, Dijê!
[vazia]
[vazia]
[vazia]
Toque! Toque, Dijê!
[vazia]
Toque! Toque, Dijê!
i
i
Toque! Toque, Dijê!
[vazia]
Toque! Toque, Dijê!
MsIqmUeqrQ
MsIqmUeqrQ
MsIqmUeqrQ
MsIqmUeqrQ
MsIqmUeqrQ
x
MsIqmUeqrQ
x
x
MsIqmUeqrQ,x
MsIqmUeqrQ,x
MsIqmUeqrQ,x
x
x
x
x
MsIqmUeqrQ,x,x
x
MsIqmUeqrQ,x,x,MsIqmUeqrQ,i
x
x,x,MsIqmUeqrQ,i,MsIqmUeqrQ
x,x,MsIqmUeqrQ,i,MsIqmUeqrQ
x
x,x,MsIqmUeqrQ,i,MsIqmUeqrQ
x
x
MsIqmUeqrQ
i,MsIqmUeqrQ,MsIqmUeqrQ,x,x
i,MsIqmUeqrQ,MsIqmUeqrQ,x,x
x
MsIqmUeqrQ,MsIqmUeqrQ,x,x,MsIqmUeqrQ
MsIqmUeqrQ
i,MsIqmUeqrQ,x,x,x
MsIqmUeqrQ
i,MsIqmUeqrQ,x,x
x
x,i,MsIqmUeqrQ,x
i
MsIqmUeqrQ
MsIqmUeqrQ
x
x
x
MsIqmUeqrQ
i,MsIqmUeqrQ,MsIqmUeqrQ,x
i,MsIqmUeqrQ,MsIqmUeqrQ,x
MsIqmUeqrQ
MsIqmUeqrQ
x,i,MsIqmUeqrQ,x,MsIqmUeqrQ,MsIqmUeqrQ,i
i,MsIqmUeqrQ,MsIqmUeqrQ,x,x,MsIqmUeqrQ,i,x,i
x,i,MsIqmUeqrQ,MsIqmUeqrQ,x,i
x
i,MsIqmUeqrQ,x,x,MsIqmUeqrQ,i
x,i,MsIqmUeqrQ,MsIqmUeqrQ,x,i
x
Jedi Wagner, assuma o comando!