Toque! Toque, Dijê!
[vazia]
[vazia]
[vazia]
Toque! Toque, Dijê!
Toque! Toque, Dijê!
Eh
Eh
Eh
Eh
Eh,b
b
Eh,b
b
Eh,b
b
b
b
b
b
b
Eh
Eh
Eh
Eh
b
b
Eh,b
Eh,b
Eh
Eh
Eh
Eh
Eh
Eh
Eh
Eh
Eh
Eh
Eh
GkjuomihF
Eh
Eh
Eh
Eh
Eh
HrcAj
Eh
Eh
Eh
Eh
Eh,Eh,ZtZGK
Eh
Eh
Eh
Eh
Eh
Eh
Eh
Eh,b
Eh
Eh
Eh
Eh
Eh
Eh
Eh
Eh
Eh
Eh
Eh
Eh,b
b
Eh,b
b
b
Eh
ZtZGK
b,ZtZGK,Eh
b
b
b
Eh,b,b,b
b,b,b,Eh
Eh,b
b
Eh,b
Eh,b
b,Eh,b
b,Eh,b,b
b
Eh,b,GkjuomihF,b
b
b
b
Eh
b
b
b
b,Eh,GkjuomihF
b,Eh,GkjuomihF
b,Eh,GkjuomihF,Eh,Eh
Eh
b,Eh,Eh,Eh
b,Eh,Eh,Eh,Eh
Eh
Eh
b,Eh,Eh,Eh,Eh,ZtZGK
b,Eh,Eh,Eh,Eh,ZtZGK
b,Eh,Eh,Eh,Eh,ZtZGK,Eh,ZtZGK
Eh
b,Eh,Eh,Eh,Eh,ZtZGK,ZtZGK
Jedi Wagner, assuma o comando!