qnawep
Toque! Toque, Dijê!
[vazia]
Toque! Toque, Dijê!
[vazia]
[vazia]
Toque! Toque, Dijê!
jBbznlHhgO
BqMuXVj
BqMuXVj,jBbznlHhgO
BqMuXVj,jBbznlHhgO
[vazia]
xCy
qnawep
qnawep
qnawep
qnawep
qnawep
[vazia]
Toque! Toque, Dijê!
Qld
f
f,f
f
f
f,f,xCy,FHXFG,BqMuXVj
f,f,xCy,FHXFG,BqMuXVj
f,f,xCy,FHXFG,BqMuXVj
f,f,xCy,FHXFG,BqMuXVj
f
[vazia]
[vazia]
Toque! Toque, Dijê!
qnawep
qnawep
[vazia]
qnawep
f,BqMuXVj
f
[vazia]
FHXFG
FHXFG
qnawep
Toque! Toque, Dijê!
Toque! Toque, Dijê!
[vazia]
FHXFG
FHXFG
FHXFG
FHXFG
FHXFG,BqMuXVj
FHXFG
FHXFG
[vazia]
Qld
Qld
Qld
Qld,qnawep
Qld
Qld
Qld,qnawep,BqMuXVj
Qld
qnawep
Qld
Qld,qnawep
Qld
Qld,qnawep
Qld
Qld,qnawep
Qld
qnawep
qnawep
qnawep
qnawep
Qld
Qld
Qld,xCy
xCy,Qld,FHXFG,Qld
xCy
xCy,Qld,FHXFG,Qld
Qld
Qld
Qld
Qld,FHXFG,Qld,qnawep,BqMuXVj,FHXFG,Qld
Qld
Qld,FHXFG,Qld,qnawep,BqMuXVj,FHXFG,Qld
Qld,FHXFG,Qld,qnawep,BqMuXVj,FHXFG,Qld
BqMuXVj
Qld,FHXFG,Qld,BqMuXVj,FHXFG,Qld
FHXFG
FHXFG,Qld,BqMuXVj,FHXFG,Qld,xCy
Qld
FHXFG,BqMuXVj,FHXFG,Qld,Qld,xCy,xCy,qnawep
FHXFG,BqMuXVj,FHXFG,Qld,Qld,xCy,xCy,qnawep
Qld
FHXFG,BqMuXVj,FHXFG,Qld,Qld,xCy,xCy,qnawep,BqMuXVj
FHXFG,FHXFG,xCy,xCy,Qld,Qld,qnawep,BqMuXVj,FHXFG
xCy
FHXFG,FHXFG,xCy,xCy,qnawep,Qld,Qld,BqMuXVj,FHXFG
FHXFG,FHXFG,xCy,xCy,qnawep,Qld,Qld,BqMuXVj,FHXFG
FHXFG,FHXFG,xCy,xCy,qnawep,Qld,Qld,BqMuXVj,FHXFG,qnawep,BqMuXVj
xCy
FHXFG,xCy,xCy,qnawep,Qld,Qld,BqMuXVj,FHXFG,qnawep,BqMuXVj
qnawep
FHXFG,xCy,xCy,qnawep,Qld,BqMuXVj,FHXFG,qnawep,BqMuXVj,jBbznlHhgO
qnawep
BqMuXVj
FHXFG,xCy,qnawep,Qld,BqMuXVj,FHXFG,qnawep,BqMuXVj,jBbznlHhgO
qnawep
qnawep
qnawep
qnawep
qnawep
Qld
Qld
Qld
FHXFG,xCy,FHXFG,qnawep,BqMuXVj,Qld,qnawep,jBbznlHhgO
qnawep
FHXFG,xCy,Qld,BqMuXVj,FHXFG,jBbznlHhgO,qnawep,qnawep,BqMuXVj,jBbznlHhgO,xCy,f,Qld
FHXFG,xCy,Qld,BqMuXVj,FHXFG,f,qnawep,qnawep,BqMuXVj,jBbznlHhgO,xCy,Qld,qnawep
qnawep
FHXFG,xCy,Qld,BqMuXVj,FHXFG,qnawep,qnawep,BqMuXVj,jBbznlHhgO
qnawep
Jedi Wagner, assuma o comando!