dc
[vazia]
[vazia]
Toque! Toque, Dijê!
[vazia]
Toque! Toque, Dijê!
[vazia]
Toque! Toque, Dijê!
Toque! Toque, Dijê!
[vazia]
Toque! Toque, Dijê!
Toque! Toque, Dijê!
Toque! Toque, Dijê!
[vazia]
Toque! Toque, Dijê!
Toque! Toque, Dijê!
dc
dc
dc
dc
dc
Toque! Toque, Dijê!
dc
dc
dc
dc,dc,dc
dc,dc
dc,dc,dc
dc,dc,dc
dc
dc,dc
dc,dc
dc,dc,dc
dc
dc
dc
dc,dc
dc
dc
dc,dc
dc
dc
dc
dc,dc
dc
dc
dc
dc
dc
dc
dc
dc
dc
dc
dc
dc
dc
dc
dc
dc
dc,dc,dc,dc,dc
dc,dc,dc,dc
dc
dc,dc,dc,dc
dc
dc
dc
dc,dc,dc,dc
dc
dc
dc
dc,dc,dc,dc,dc,dc
dc
dc
dc,dc,dc,dc,dc,dc,dc,dc
dc
dc,dc,dc,dc,dc,dc,dc,dc,dc
dc,dc,dc,dc,dc,dc,dc,dc,dc
dc,dc,dc,dc,dc,dc,dc,dc,dc,dc,dc
dc
dc
dc,dc,dc,dc,dc,dc,dc,dc,dc,dc
dc,dc,dc,dc,dc,dc,dc,dc,dc,dc,dc,dc
dc,dc,dc,dc,dc,dc,dc,dc,dc,dc,dc,dc
dc,dc,dc,dc,dc,dc,dc,dc,dc,dc,dc
dc,dc,dc,dc,dc,dc,dc,dc,dc
dc
dc,dc,dc,dc,dc,dc,dc,dc,dc
dc,dc,dc,dc,dc,dc,dc,dc,dc
dc
dc
dc,dc,dc,dc,dc,dc,dc,dc,dc
dc
dc
dc,dc,dc,dc,dc,dc,dc,dc
dc
dc
dc
dc,dc,dc,dc,dc,dc,dc,dc
dc
dc
dc
dc
dc
dc,dc,dc,dc,dc,dc,dc,dc,dc,dc,dc,dc,dc
dc,dc,dc,dc,dc,dc,dc,dc,dc,dc,dc,dc
dc,dc,dc,dc,dc,dc,dc,dc,dc,dc,dc,dc,dc
dc,dc,dc,dc,dc,dc,dc,dc,dc,dc,dc,dc,dc
dc
dc,dc,dc,dc,dc,dc,dc,dc,dc,dc
dc,dc,dc,dc,dc,dc,dc,dc,dc
dc
dc
dc,dc,dc,dc,dc,dc,dc,dc,dc,dc,dc,dc
dc,dc,dc,dc,dc,dc,dc,dc,dc,dc,dc,dc
dc,dc,dc,dc,dc,dc,dc,dc,dc,dc,dc
dc,dc,dc,dc,dc,dc,dc,dc,dc,dc,dc
dc
dc
dc,dc,dc,dc,dc,dc,dc,dc,dc,dc,dc,dc,dc
dc
dc,dc,dc,dc,dc,dc,dc,dc,dc,dc,dc,dc,dc,dc,dc
dc,dc,dc,dc,dc,dc,dc,dc,dc,dc,dc,dc,dc,dc,dc
dc
dc
dc
dc
dc,dc,dc,dc,dc,dc,dc
dc,dc,dc,dc,dc,dc,dc
dc,dc,dc,dc,dc,dc,dc
dc,dc,dc,dc,dc,dc,dc
dc
dc,dc,dc,dc,dc,dc,dc,dc,dc,dc,dc
dc
dc
dc,dc,dc,dc,dc,dc,dc,dc,dc,dc,dc,dc
dc,dc,dc,dc,dc,dc,dc,dc,dc,dc,dc
dc,dc,dc,dc,dc,dc,dc,dc,dc,dc,dc
dc
dc
dc,dc,dc,dc,dc,dc,dc,dc,dc,dc,dc
dc,dc,dc,dc,dc,dc,dc,dc,dc,dc,dc
dc,dc,dc,dc,dc,dc,dc,dc,dc,dc,dc
dc,dc,dc,dc,dc,dc,dc,dc,dc,dc,dc
dc,dc,dc,dc,dc,dc,dc,dc,dc,dc,dc
dc,dc,dc,dc,dc,dc,dc,dc,dc,dc,dc,dc,dc
dc
dc
dc
dc,dc,dc,dc,dc,dc,dc,dc,dc,dc,dc,dc,dc,dc
dc
dc
dc
dc,dc,dc,dc,dc,dc,dc,dc,dc,dc,dc,dc,dc,dc
dc
dc
dc
dc,dc,dc,dc,dc,dc,dc,dc,dc,dc,dc,dc,dc,dc
dc
dc
dc,dc,dc,dc,dc,dc,dc,dc,dc,dc,dc,dc,dc,dc,dc
dc,dc,dc,dc,dc,dc,dc,dc,dc,dc,dc,dc,dc,dc
dc
dc,dc,dc,dc,dc,dc,dc,dc,dc,dc,dc,dc,dc,dc
dc
dc,dc,dc,dc,dc,dc,dc,dc,dc,dc,dc,dc,dc,dc,dc
dc
dc
dc,dc,dc,dc,dc,dc,dc,dc,dc,dc,dc,dc,dc,dc,dc,dc,dc
dc,dc,dc,dc,dc,dc,dc,dc,dc,dc,dc,dc,dc,dc,dc,dc,dc,dc
dc,dc,dc,dc,dc,dc,dc,dc,dc,dc,dc,dc,dc,dc,dc,dc,dc
dc,dc,dc,dc,dc,dc,dc,dc,dc,dc,dc,dc,dc,dc,dc
dc,dc,dc,dc,dc,dc,dc,dc,dc,dc,dc,dc,dc,dc,dc
dc,dc,dc,dc,dc,dc,dc,dc,dc,dc,dc,dc,dc
dc
dc
dc
dc,dc,dc,dc,dc,dc,dc,dc,dc,dc,dc,dc
dc,dc,dc,dc,dc,dc,dc,dc,dc,dc,dc,dc,dc
dc
dc
dc,dc,dc,dc,dc,dc,dc,dc,dc,dc,dc,dc,dc,dc,dc
dc
dc,dc,dc,dc,dc,dc,dc,dc,dc,dc,dc,dc,dc,dc,dc,dc,dc,dc
dc,dc,dc,dc,dc,dc,dc,dc,dc,dc,dc,dc,dc,dc,dc,dc,dc
dc,dc,dc,dc,dc,dc,dc,dc,dc,dc,dc,dc,dc,dc,dc,dc
dc
dc
Jedi Wagner, assuma o comando!