Toque! Toque, Dijê!
[vazia]
Toque! Toque, Dijê!
Toque! Toque, Dijê!
[vazia]
Toque! Toque, Dijê!
ovovLoeSFJ
ovovLoeSFJ
Mg
Toque! Toque, Dijê!
[vazia]
Mg
[vazia]
[vazia]
Toque! Toque, Dijê!
[vazia]
[vazia]
Mg
Mg
Mg
Mg
Mg
Mg
Mg
Mg
Mg
Mg
Mg,Mg,ovovLoeSFJ
Mg,Mg,ovovLoeSFJ
Mg,Mg,ovovLoeSFJ
Mg
Mg
Mg,Mg,ovovLoeSFJ,Mg
Mg,Mg,ovovLoeSFJ,Mg
Mg
Mg
Mg
ovovLoeSFJ
[vazia]
[vazia]
[vazia]
ovovLoeSFJ
ovovLoeSFJ
ovovLoeSFJ
ovovLoeSFJ
ovovLoeSFJ
ovovLoeSFJ
ovovLoeSFJ
Mg
ovovLoeSFJ
Mg,Mg,ovovLoeSFJ
Mg,Mg,ovovLoeSFJ
ovovLoeSFJ,Mg,Mg
Mg
ovovLoeSFJ,Mg,Mg
ovovLoeSFJ
ovovLoeSFJ
ovovLoeSFJ
ovovLoeSFJ
ovovLoeSFJ
ovovLoeSFJ
ovovLoeSFJ,Mg,Mg,Mg,Mg,Mg,ovovLoeSFJ
Mg,Mg,Mg,Mg,Mg
Mg,Mg,Mg,Mg,Mg
Mg,Mg,Mg,Mg,Mg
Mg
ovovLoeSFJ,Mg,Mg
ovovLoeSFJ
Mg
ovovLoeSFJ,Mg
ovovLoeSFJ,Mg
ovovLoeSFJ
ovovLoeSFJ,Mg
ovovLoeSFJ
ovovLoeSFJ,Mg,Mg
ovovLoeSFJ
ovovLoeSFJ,Mg,Mg,ovovLoeSFJ
ovovLoeSFJ
ovovLoeSFJ,Mg,Mg,ovovLoeSFJ,Mg,Mg
ovovLoeSFJ,Mg,Mg,ovovLoeSFJ,Mg,Mg
ovovLoeSFJ
ovovLoeSFJ
ovovLoeSFJ,Mg,Mg,ovovLoeSFJ,Mg,Mg
ovovLoeSFJ,Mg,Mg,ovovLoeSFJ,Mg,Mg
Mg
Mg
Mg
ovovLoeSFJ,Mg,Mg,Mg,ovovLoeSFJ
ovovLoeSFJ
ovovLoeSFJ
ovovLoeSFJ,Mg,Mg,ovovLoeSFJ,Mg,Mg,ovovLoeSFJ
Mg
ovovLoeSFJ,Mg,Mg,ovovLoeSFJ,Mg,Mg,ovovLoeSFJ
ovovLoeSFJ,Mg,Mg,ovovLoeSFJ,Mg,Mg,ovovLoeSFJ
ovovLoeSFJ,Mg,Mg,ovovLoeSFJ,Mg,Mg,ovovLoeSFJ
Mg
ovovLoeSFJ,Mg,Mg,ovovLoeSFJ,Mg,Mg
Mg
ovovLoeSFJ,Mg,Mg,ovovLoeSFJ,Mg,Mg,Mg
ovovLoeSFJ,Mg,Mg,ovovLoeSFJ,Mg,Mg,Mg
ovovLoeSFJ,Mg,Mg,ovovLoeSFJ,Mg,Mg,Mg
Mg
ovovLoeSFJ,Mg,Mg,ovovLoeSFJ,Mg,Mg,Mg
Mg
ovovLoeSFJ,Mg,Mg,ovovLoeSFJ,Mg,Mg
Mg
Mg
ovovLoeSFJ,Mg,Mg,ovovLoeSFJ,Mg,Mg
Mg,Mg,ovovLoeSFJ,ovovLoeSFJ,Mg,Mg,ovovLoeSFJ
ovovLoeSFJ
ovovLoeSFJ
Mg,Mg,ovovLoeSFJ,ovovLoeSFJ,Mg,Mg,ovovLoeSFJ,Mg
Mg,Mg,ovovLoeSFJ,ovovLoeSFJ,Mg,Mg,ovovLoeSFJ,Mg
Mg,Mg,ovovLoeSFJ,ovovLoeSFJ,Mg,Mg,ovovLoeSFJ,Mg
Mg,Mg,ovovLoeSFJ,ovovLoeSFJ,Mg,Mg,ovovLoeSFJ,Mg
ovovLoeSFJ
ovovLoeSFJ
ovovLoeSFJ
ovovLoeSFJ
Mg,Mg,ovovLoeSFJ,ovovLoeSFJ,Mg,Mg,ovovLoeSFJ,Mg
ovovLoeSFJ
ovovLoeSFJ
ovovLoeSFJ
ovovLoeSFJ
ovovLoeSFJ
ovovLoeSFJ,ovovLoeSFJ,Mg,Mg,ovovLoeSFJ,Mg,Mg
Mg
ovovLoeSFJ,ovovLoeSFJ,Mg,Mg,ovovLoeSFJ,Mg,Mg,ovovLoeSFJ,ovovLoeSFJ
ovovLoeSFJ
ovovLoeSFJ
ovovLoeSFJ,Mg,Mg,ovovLoeSFJ,Mg,Mg,ovovLoeSFJ,ovovLoeSFJ,ovovLoeSFJ,Mg,ovovLoeSFJ,ovovLoeSFJ,Mg
ovovLoeSFJ,Mg,Mg,ovovLoeSFJ,Mg,Mg,ovovLoeSFJ,ovovLoeSFJ,ovovLoeSFJ,Mg,ovovLoeSFJ,ovovLoeSFJ,Mg
Mg,Mg,Mg,ovovLoeSFJ,Mg
Mg
Mg,ovovLoeSFJ,Mg,Mg,ovovLoeSFJ,Mg
Mg
ovovLoeSFJ
ovovLoeSFJ,Mg,Mg,ovovLoeSFJ,Mg,ovovLoeSFJ,Mg,Mg
ovovLoeSFJ,Mg,Mg,ovovLoeSFJ,Mg,ovovLoeSFJ,Mg,Mg
ovovLoeSFJ
Jedi Wagner, assuma o comando!