QYG,lm,ROX
QYG
QYG,lm
QYG,lm
QYG
QYG
QYG
QYG
QYG
QYG,lm
QYG
QYG,lm,eYQtrDwtYE
QYG
QYG,lm,eYQtrDwtYE,eYQtrDwtYE
QYG
QYG,lm,eYQtrDwtYE,eYQtrDwtYE
QYG,lm,eYQtrDwtYE,eYQtrDwtYE
lm
VxDYkyY
lm
lm
lm
QYG,lm,VxDYkyY
QYG,lm,VxDYkyY
VxDYkyY
QYG,lm,VxDYkyY,ROX,eYQtrDwtYE
VxDYkyY
QYG,lm,VxDYkyY,ROX,eYQtrDwtYE,ROX
VxDYkyY
ROX
lm,ROX,VxDYkyY,eYQtrDwtYE,ROX
ROX,lm,VxDYkyY,eYQtrDwtYE,ROX
ROX,lm,VxDYkyY,eYQtrDwtYE,ROX,lm
lm
lm
lm
lm,eYQtrDwtYE,ROX,lm
lm,eYQtrDwtYE,ROX,lm
lm,eYQtrDwtYE,ROX,lm
lm
lm
lm,eYQtrDwtYE,lm,lm
lm
ROX,lm,VxDYkyY,eYQtrDwtYE,ROX
ROX,lm,VxDYkyY,eYQtrDwtYE,ROX
eYQtrDwtYE
eYQtrDwtYE
ROX,lm,VxDYkyY,eYQtrDwtYE,ROX,lm
ROX,lm,VxDYkyY,eYQtrDwtYE,ROX,lm
ROX,lm,VxDYkyY,eYQtrDwtYE,ROX,lm
ROX,lm,VxDYkyY,ROX,lm
lm,VxDYkyY,ROX,lm,ROX
ROX
lm,VxDYkyY,ROX,lm,ROX
lm,VxDYkyY,ROX,lm,ROX
VxDYkyY
lm,ROX,lm,ROX,VxDYkyY
VxDYkyY
lm,lm,ROX,VxDYkyY,ROX,QYG
lm,lm,ROX,ROX,QYG,eYQtrDwtYE
lm,lm,ROX,VxDYkyY,ROX,QYG
VxDYkyY
VxDYkyY
lm,lm,VxDYkyY,ROX,QYG,eYQtrDwtYE,ROX,ltImi,QYG
lm,VxDYkyY,ROX,eYQtrDwtYE,ROX,ltImi,QYG,QYG
lm,VxDYkyY,ROX,eYQtrDwtYE,ROX,ltImi,QYG,QYG
ROX
lm,VxDYkyY,ROX,eYQtrDwtYE,ROX,ltImi,QYG,QYG,VxDYkyY,QYG
lm,VxDYkyY,ROX,eYQtrDwtYE,ROX,ltImi,QYG,QYG
VxDYkyY,eYQtrDwtYE,ROX,ltImi,QYG,QYG
ltImi
VxDYkyY,eYQtrDwtYE,ROX,ltImi,QYG,QYG
VxDYkyY,eYQtrDwtYE,ROX,ltImi,QYG,QYG
VxDYkyY,eYQtrDwtYE,ROX,ltImi,QYG
VxDYkyY,eYQtrDwtYE,ROX,ltImi,QYG
VxDYkyY,eYQtrDwtYE,ROX,ltImi,QYG
eYQtrDwtYE,ROX,ltImi,VxDYkyY,QYG,ltImi
VxDYkyY
VxDYkyY,eYQtrDwtYE,ROX,ltImi,QYG,QYG
VxDYkyY,eYQtrDwtYE,ROX,ltImi,QYG,QYG
VxDYkyY,eYQtrDwtYE,ROX,ltImi,QYG,QYG
VxDYkyY,eYQtrDwtYE,ROX,ltImi,QYG,QYG
VxDYkyY,ROX,ltImi,eYQtrDwtYE,QYG,QYG,VxDYkyY
VxDYkyY,ROX,ltImi,eYQtrDwtYE,QYG,QYG,VxDYkyY
VxDYkyY,ROX,ltImi,eYQtrDwtYE,QYG,QYG,VxDYkyY
VxDYkyY,ROX,ltImi,eYQtrDwtYE,QYG,QYG,VxDYkyY,QYG
VxDYkyY,ROX,ltImi,eYQtrDwtYE,QYG,QYG,VxDYkyY,QYG
ROX
ROX
VxDYkyY,ROX,ltImi,QYG,eYQtrDwtYE,QYG,VxDYkyY
eYQtrDwtYE
eYQtrDwtYE
ltImi
VxDYkyY,ROX,QYG,eYQtrDwtYE,QYG,VxDYkyY,ltImi,QYG
VxDYkyY,ROX,QYG,eYQtrDwtYE,QYG,VxDYkyY,ltImi,QYG
VxDYkyY,ROX,QYG,QYG,VxDYkyY,ltImi,QYG,QYG
QYG
QYG
QYG
VxDYkyY,ROX,QYG,eYQtrDwtYE,QYG,VxDYkyY,ltImi,QYG,QYG
VxDYkyY,ROX,QYG,eYQtrDwtYE,QYG,VxDYkyY,ltImi,QYG,QYG
QYG
VxDYkyY,ROX,QYG,eYQtrDwtYE,QYG,VxDYkyY,ltImi,QYG,QYG
VxDYkyY,ROX,QYG,eYQtrDwtYE,QYG,VxDYkyY,ltImi,QYG,QYG,VxDYkyY
QYG
VxDYkyY,ROX,QYG,eYQtrDwtYE,QYG,VxDYkyY,ltImi,QYG,QYG
VxDYkyY,ROX,QYG,eYQtrDwtYE,QYG,VxDYkyY,ltImi,QYG,QYG
VxDYkyY,eYQtrDwtYE,QYG,VxDYkyY,QYG,QYG,QYG,ROX
Jedi Wagner, assuma o comando!