Toque! Toque, Dijê!
Toque! Toque, Dijê!
[vazia]
d
d
d
d
d
d
d
d
d
d,d
d
d
d
d
d
d,d,myl,tgtfCkjiXH
d,d,myl,tgtfCkjiXH
d
d,d,myl,tgtfCkjiXH,IG
myl
myl
myl
myl
d,d,myl,tgtfCkjiXH,IG,myl
d,d,myl,tgtfCkjiXH
d,d,myl,tgtfCkjiXH
myl
myl
d,d,myl,tgtfCkjiXH,IG,d
myl
myl
d,d,tgtfCkjiXH,IG,d,d,myl
d,d,tgtfCkjiXH,IG,d,d,myl
d,d,tgtfCkjiXH,IG,d,d,myl
IG
IG
d,d,tgtfCkjiXH,IG,myl,d,d,IG
IG
d,d,tgtfCkjiXH,myl,IG,d,d,IG
d,d,tgtfCkjiXH,IG,myl,d,d,IG,d
d,d,tgtfCkjiXH,IG,myl,d,d,IG,d
myl
d,d,IG,myl,d,d,IG,d
d
d,d,IG,myl,d,d,IG,d,IG
d
d,d,IG,d,d,IG,d,myl,tgtfCkjiXH
d,d,IG,d,d,IG,d,myl,tgtfCkjiXH
IG,d,d,d,d,d,myl,tgtfCkjiXH,tgtfCkjiXH
d
d
d
d
d,d,IG,d,d,IG,d,myl,tgtfCkjiXH
d
Jedi Wagner, assuma o comando!