Toque! Toque, Dijê!
Xd
[vazia]
[vazia]
Toque! Toque, Dijê!
Toque! Toque, Dijê!
EPWBtvuxk
EPWBtvuxk
EPWBtvuxk
EPWBtvuxk
Toque! Toque, Dijê!
[vazia]
[vazia]
[vazia]
KTBE
KTBE
KTBE
KTBE,vwhe
KTBE
KTBE
KTBE,vwhe
KTBE,vwhe
vwhe
KTBE,vwhe
KTBE,vwhe,Xd
KTBE
KTBE,vwhe
KTBE,vwhe
KTBE
vwhe
vwhe
KTBE,vwhe
KTBE
KTBE
KTBE
KTBE
KTBE
KTBE,vwhe
KTBE
vwhe,KTBE,NAKxsRpn
vwhe,NAKxsRpn
vwhe,NAKxsRpn
NAKxsRpn
vwhe,NAKxsRpn,Xd
vwhe,NAKxsRpn,Xd
vwhe,NAKxsRpn,Xd
vwhe
EPWBtvuxk
NAKxsRpn
NAKxsRpn,vwhe,vwhe
NAKxsRpn,vwhe,vwhe
NAKxsRpn,vwhe,vwhe
NAKxsRpn
NAKxsRpn,vwhe,vwhe
NAKxsRpn,vwhe,vwhe
NAKxsRpn,vwhe,vwhe,Xd
NAKxsRpn
NAKxsRpn,vwhe,vwhe,Xd
NAKxsRpn
NAKxsRpn
NAKxsRpn
vwhe
vwhe,NAKxsRpn,vwhe
vwhe
vwhe,NAKxsRpn,vwhe
NAKxsRpn,vwhe,vwhe,KTBE
NAKxsRpn
NAKxsRpn
vwhe
vwhe
NAKxsRpn,vwhe,EPWBtvuxk
NAKxsRpn,EPWBtvuxk
EPWBtvuxk
EPWBtvuxk
NAKxsRpn,EPWBtvuxk
EPWBtvuxk
EPWBtvuxk
EPWBtvuxk
NAKxsRpn,EPWBtvuxk
NAKxsRpn,EPWBtvuxk
EPWBtvuxk
NAKxsRpn,vwhe,EPWBtvuxk,KTBE
NAKxsRpn,vwhe,EPWBtvuxk
NAKxsRpn,vwhe,EPWBtvuxk,KTBE
NAKxsRpn,vwhe,EPWBtvuxk
NAKxsRpn,vwhe,EPWBtvuxk
EPWBtvuxk
NAKxsRpn,vwhe,EPWBtvuxk
EPWBtvuxk
NAKxsRpn,vwhe,EPWBtvuxk
NAKxsRpn
NAKxsRpn
NAKxsRpn,vwhe,EPWBtvuxk
NAKxsRpn,EPWBtvuxk
EPWBtvuxk
EPWBtvuxk
NAKxsRpn,EPWBtvuxk,KTBE,NAKxsRpn
EPWBtvuxk
NAKxsRpn,EPWBtvuxk,vwhe
vwhe
NAKxsRpn,EPWBtvuxk,vwhe,NAKxsRpn
NAKxsRpn,EPWBtvuxk,vwhe,NAKxsRpn
NAKxsRpn,NAKxsRpn,vwhe,EPWBtvuxk
NAKxsRpn
NAKxsRpn
NAKxsRpn,NAKxsRpn,EPWBtvuxk,NAKxsRpn,EPWBtvuxk,vwhe,KTBE
NAKxsRpn
Jedi Wagner, assuma o comando!