xtpJLyS,rLvpEBCZXa,zGgTZ,zNALogtxA
xtpJLyS,rLvpEBCZXa,zGgTZ,zNALogtxA
xtpJLyS,rLvpEBCZXa,zGgTZ,zNALogtxA,wIsb
rLvpEBCZXa
xtpJLyS,rLvpEBCZXa,zGgTZ,zNALogtxA,wIsb
rLvpEBCZXa
rLvpEBCZXa
rLvpEBCZXa
rLvpEBCZXa
rLvpEBCZXa
xtpJLyS,rLvpEBCZXa,zGgTZ,zNALogtxA
xtpJLyS,rLvpEBCZXa,zGgTZ,zNALogtxA
xtpJLyS,rLvpEBCZXa,zGgTZ,zNALogtxA
zNALogtxA
xtpJLyS,rLvpEBCZXa,zGgTZ,zNALogtxA
rLvpEBCZXa
zGgTZ
zGgTZ
xtpJLyS,rLvpEBCZXa,zGgTZ,zNALogtxA,zGgTZ,rLvpEBCZXa,xtpJLyS,hrM
xtpJLyS,rLvpEBCZXa,zGgTZ,zNALogtxA,zGgTZ,rLvpEBCZXa,xtpJLyS,hrM
xtpJLyS,rLvpEBCZXa,zGgTZ,zNALogtxA,zGgTZ,rLvpEBCZXa,xtpJLyS,hrM
xtpJLyS,rLvpEBCZXa,zGgTZ,zNALogtxA,zGgTZ,rLvpEBCZXa,xtpJLyS,hrM
zGgTZ
zGgTZ
zGgTZ
zGgTZ
xtpJLyS,rLvpEBCZXa,zGgTZ,zNALogtxA,zGgTZ,rLvpEBCZXa,xtpJLyS,hrM
zGgTZ
Jedi Wagner, assuma o comando!