Toque! Toque, Dijê!
Toque! Toque, Dijê!
UjbSirsJc
Toque! Toque, Dijê!
[vazia]
Toque! Toque, Dijê!
Toque! Toque, Dijê!
[vazia]
[vazia]
Toque! Toque, Dijê!
bmuIlQ,UjbSirsJc
[vazia]
bmuIlQ
bmuIlQ
[vazia]
bmuIlQ
Toque! Toque, Dijê!
Toque! Toque, Dijê!
Toque! Toque, Dijê!
[vazia]
Toque! Toque, Dijê!
Toque! Toque, Dijê!
[vazia]
[vazia]
Toque! Toque, Dijê!
[vazia]
bmuIlQ
bmuIlQ
bmuIlQ
bmuIlQ
bmuIlQ
bmuIlQ
bmuIlQ
bmuIlQ
bmuIlQ
bmuIlQ,bmuIlQ
bmuIlQ
bmuIlQ
bmuIlQ,UjbSirsJc,bmuIlQ
bmuIlQ
UjbSirsJc,bmuIlQ
UjbSirsJc,bmuIlQ,UjbSirsJc,bmuIlQ,UjbSirsJc
UjbSirsJc,bmuIlQ,UjbSirsJc,bmuIlQ,UjbSirsJc
UjbSirsJc
bmuIlQ,UjbSirsJc,UjbSirsJc,bmuIlQ,UjbSirsJc,bmuIlQ
bmuIlQ,UjbSirsJc,UjbSirsJc,bmuIlQ,UjbSirsJc
UjbSirsJc
UjbSirsJc,UjbSirsJc,bmuIlQ,UjbSirsJc
bmuIlQ
UjbSirsJc,UjbSirsJc,UjbSirsJc,UjbSirsJc
UjbSirsJc,UjbSirsJc,UjbSirsJc,UjbSirsJc
UjbSirsJc,UjbSirsJc,UjbSirsJc
UjbSirsJc
UjbSirsJc,bmuIlQ,UjbSirsJc,bmuIlQ,UjbSirsJc,UjbSirsJc
UjbSirsJc
UjbSirsJc,bmuIlQ,UjbSirsJc,bmuIlQ,UjbSirsJc
UjbSirsJc,UjbSirsJc,bmuIlQ,UjbSirsJc
UjbSirsJc
UjbSirsJc,bmuIlQ,UjbSirsJc,bmuIlQ,bmuIlQ,bmuIlQ,bmuIlQ,UjbSirsJc,UjbSirsJc
bmuIlQ
bmuIlQ
bmuIlQ,UjbSirsJc,bmuIlQ,bmuIlQ,bmuIlQ,bmuIlQ,UjbSirsJc,UjbSirsJc
bmuIlQ
bmuIlQ
bmuIlQ,bmuIlQ,bmuIlQ,bmuIlQ,bmuIlQ,UjbSirsJc,UjbSirsJc,UjbSirsJc,UjbSirsJc,bmuIlQ
bmuIlQ,bmuIlQ,bmuIlQ,bmuIlQ,bmuIlQ,UjbSirsJc,UjbSirsJc,UjbSirsJc,UjbSirsJc,bmuIlQ
bmuIlQ,bmuIlQ,bmuIlQ,bmuIlQ,bmuIlQ,UjbSirsJc,UjbSirsJc,UjbSirsJc,UjbSirsJc,bmuIlQ
bmuIlQ,bmuIlQ,bmuIlQ,bmuIlQ,UjbSirsJc,UjbSirsJc,UjbSirsJc,bmuIlQ
bmuIlQ
bmuIlQ,bmuIlQ,bmuIlQ,bmuIlQ,UjbSirsJc,UjbSirsJc,bmuIlQ
bmuIlQ
UjbSirsJc
bmuIlQ,bmuIlQ,bmuIlQ,bmuIlQ,UjbSirsJc,UjbSirsJc,UjbSirsJc,bmuIlQ,bmuIlQ,UjbSirsJc
bmuIlQ,bmuIlQ,UjbSirsJc,bmuIlQ,bmuIlQ,UjbSirsJc,UjbSirsJc,bmuIlQ,bmuIlQ,UjbSirsJc,UjbSirsJc,bmuIlQ
bmuIlQ,bmuIlQ,bmuIlQ,bmuIlQ,bmuIlQ,UjbSirsJc,UjbSirsJc,UjbSirsJc,UjbSirsJc,bmuIlQ
bmuIlQ
bmuIlQ
bmuIlQ
bmuIlQ
UjbSirsJc
UjbSirsJc
bmuIlQ,bmuIlQ,bmuIlQ,bmuIlQ,UjbSirsJc,UjbSirsJc,UjbSirsJc,UjbSirsJc,bmuIlQ,bmuIlQ,UjbSirsJc,UjbSirsJc,UjbSirsJc
UjbSirsJc
UjbSirsJc
bmuIlQ,bmuIlQ,bmuIlQ,bmuIlQ,UjbSirsJc,UjbSirsJc,UjbSirsJc,UjbSirsJc,bmuIlQ,bmuIlQ,UjbSirsJc,UjbSirsJc
bmuIlQ
bmuIlQ,bmuIlQ,UjbSirsJc,bmuIlQ,bmuIlQ,UjbSirsJc,UjbSirsJc,UjbSirsJc,bmuIlQ,bmuIlQ,UjbSirsJc,UjbSirsJc,UjbSirsJc
bmuIlQ
bmuIlQ,bmuIlQ,UjbSirsJc,bmuIlQ,bmuIlQ,UjbSirsJc,UjbSirsJc,UjbSirsJc,bmuIlQ,bmuIlQ,UjbSirsJc,UjbSirsJc,UjbSirsJc
bmuIlQ,bmuIlQ,bmuIlQ,UjbSirsJc,bmuIlQ,UjbSirsJc,UjbSirsJc,bmuIlQ,bmuIlQ,UjbSirsJc,UjbSirsJc,UjbSirsJc
bmuIlQ,bmuIlQ,bmuIlQ,bmuIlQ,UjbSirsJc,UjbSirsJc,UjbSirsJc,bmuIlQ,bmuIlQ,UjbSirsJc,UjbSirsJc,UjbSirsJc,bmuIlQ
bmuIlQ,bmuIlQ,bmuIlQ,bmuIlQ,UjbSirsJc,UjbSirsJc,UjbSirsJc,bmuIlQ,bmuIlQ,UjbSirsJc,UjbSirsJc,UjbSirsJc,bmuIlQ,UjbSirsJc,bmuIlQ
bmuIlQ,UjbSirsJc,bmuIlQ,UjbSirsJc,UjbSirsJc,bmuIlQ,bmuIlQ,UjbSirsJc,UjbSirsJc,UjbSirsJc,bmuIlQ,UjbSirsJc,bmuIlQ,bmuIlQ
bmuIlQ,UjbSirsJc,bmuIlQ,UjbSirsJc,bmuIlQ,bmuIlQ,UjbSirsJc,UjbSirsJc,UjbSirsJc,bmuIlQ,UjbSirsJc,bmuIlQ,bmuIlQ,UjbSirsJc,bmuIlQ
bmuIlQ,UjbSirsJc,bmuIlQ,UjbSirsJc,bmuIlQ,bmuIlQ,UjbSirsJc,UjbSirsJc,UjbSirsJc,bmuIlQ,UjbSirsJc,bmuIlQ,bmuIlQ,UjbSirsJc,bmuIlQ
UjbSirsJc
UjbSirsJc,bmuIlQ,UjbSirsJc,bmuIlQ,bmuIlQ,UjbSirsJc,UjbSirsJc,UjbSirsJc,bmuIlQ,UjbSirsJc,bmuIlQ,bmuIlQ,UjbSirsJc,bmuIlQ,bmuIlQ,UjbSirsJc
UjbSirsJc
UjbSirsJc,UjbSirsJc,bmuIlQ,bmuIlQ,UjbSirsJc,UjbSirsJc,UjbSirsJc,bmuIlQ,UjbSirsJc,bmuIlQ,bmuIlQ,UjbSirsJc,bmuIlQ,bmuIlQ,UjbSirsJc,bmuIlQ,bmuIlQ
UjbSirsJc,UjbSirsJc,bmuIlQ,bmuIlQ,UjbSirsJc,UjbSirsJc,UjbSirsJc,bmuIlQ,UjbSirsJc,bmuIlQ,bmuIlQ,UjbSirsJc,bmuIlQ,bmuIlQ,UjbSirsJc,bmuIlQ,bmuIlQ
UjbSirsJc,UjbSirsJc,bmuIlQ,bmuIlQ,UjbSirsJc,UjbSirsJc,UjbSirsJc,bmuIlQ,UjbSirsJc,bmuIlQ,bmuIlQ,UjbSirsJc,bmuIlQ,bmuIlQ,UjbSirsJc,bmuIlQ,bmuIlQ,bmuIlQ
UjbSirsJc,UjbSirsJc,bmuIlQ,UjbSirsJc,UjbSirsJc,UjbSirsJc,bmuIlQ,UjbSirsJc,bmuIlQ,bmuIlQ,UjbSirsJc,bmuIlQ,bmuIlQ,UjbSirsJc,bmuIlQ,bmuIlQ,bmuIlQ
UjbSirsJc
UjbSirsJc,UjbSirsJc,UjbSirsJc,UjbSirsJc,UjbSirsJc,bmuIlQ,UjbSirsJc,bmuIlQ,bmuIlQ,UjbSirsJc,bmuIlQ,bmuIlQ,UjbSirsJc,bmuIlQ,bmuIlQ,bmuIlQ
UjbSirsJc
UjbSirsJc
UjbSirsJc
UjbSirsJc
UjbSirsJc
UjbSirsJc,UjbSirsJc,UjbSirsJc,UjbSirsJc,bmuIlQ,UjbSirsJc,bmuIlQ,bmuIlQ,UjbSirsJc,bmuIlQ,bmuIlQ,UjbSirsJc,bmuIlQ,bmuIlQ,bmuIlQ,UjbSirsJc
UjbSirsJc
UjbSirsJc,UjbSirsJc,UjbSirsJc,UjbSirsJc,bmuIlQ,UjbSirsJc,bmuIlQ,bmuIlQ,UjbSirsJc,bmuIlQ,bmuIlQ,UjbSirsJc,bmuIlQ,bmuIlQ,bmuIlQ,UjbSirsJc
UjbSirsJc,UjbSirsJc,UjbSirsJc,UjbSirsJc,UjbSirsJc,bmuIlQ,bmuIlQ,UjbSirsJc,bmuIlQ,bmuIlQ,UjbSirsJc,bmuIlQ,bmuIlQ,bmuIlQ,UjbSirsJc,bmuIlQ,bmuIlQ
UjbSirsJc
UjbSirsJc,UjbSirsJc,UjbSirsJc,UjbSirsJc,UjbSirsJc,bmuIlQ,UjbSirsJc,bmuIlQ,bmuIlQ,UjbSirsJc,bmuIlQ,bmuIlQ,bmuIlQ,UjbSirsJc,bmuIlQ,bmuIlQ
bmuIlQ
UjbSirsJc,UjbSirsJc,UjbSirsJc,UjbSirsJc,UjbSirsJc,bmuIlQ,UjbSirsJc,bmuIlQ,bmuIlQ,UjbSirsJc,bmuIlQ,bmuIlQ,bmuIlQ,UjbSirsJc,bmuIlQ,bmuIlQ,bmuIlQ
bmuIlQ
UjbSirsJc,UjbSirsJc,UjbSirsJc,UjbSirsJc,UjbSirsJc,bmuIlQ,UjbSirsJc,bmuIlQ,bmuIlQ,UjbSirsJc,bmuIlQ,bmuIlQ,bmuIlQ,UjbSirsJc,bmuIlQ,bmuIlQ,bmuIlQ
UjbSirsJc,UjbSirsJc,UjbSirsJc,UjbSirsJc,bmuIlQ,UjbSirsJc,UjbSirsJc,bmuIlQ,bmuIlQ,UjbSirsJc,bmuIlQ,bmuIlQ,bmuIlQ,UjbSirsJc,bmuIlQ,bmuIlQ,bmuIlQ
UjbSirsJc,UjbSirsJc,UjbSirsJc,bmuIlQ,UjbSirsJc,UjbSirsJc,UjbSirsJc,bmuIlQ,bmuIlQ,UjbSirsJc,bmuIlQ,bmuIlQ,bmuIlQ,UjbSirsJc,bmuIlQ,bmuIlQ,bmuIlQ
UjbSirsJc
UjbSirsJc,UjbSirsJc,UjbSirsJc,UjbSirsJc,UjbSirsJc,UjbSirsJc,bmuIlQ,UjbSirsJc,bmuIlQ,bmuIlQ,bmuIlQ,UjbSirsJc,bmuIlQ,bmuIlQ,bmuIlQ,bmuIlQ
UjbSirsJc,UjbSirsJc,UjbSirsJc,UjbSirsJc,bmuIlQ,UjbSirsJc,bmuIlQ,bmuIlQ,bmuIlQ,UjbSirsJc,bmuIlQ,bmuIlQ,bmuIlQ,bmuIlQ,UjbSirsJc
UjbSirsJc,UjbSirsJc,bmuIlQ,UjbSirsJc,UjbSirsJc,UjbSirsJc,bmuIlQ,bmuIlQ,UjbSirsJc,bmuIlQ,bmuIlQ,bmuIlQ,bmuIlQ,UjbSirsJc
UjbSirsJc,UjbSirsJc,bmuIlQ,UjbSirsJc,UjbSirsJc,UjbSirsJc,bmuIlQ,bmuIlQ,UjbSirsJc,bmuIlQ,bmuIlQ,bmuIlQ,bmuIlQ,UjbSirsJc,UjbSirsJc
UjbSirsJc
UjbSirsJc,UjbSirsJc,bmuIlQ,UjbSirsJc,UjbSirsJc,UjbSirsJc,bmuIlQ,bmuIlQ,UjbSirsJc,bmuIlQ,bmuIlQ,bmuIlQ,bmuIlQ,UjbSirsJc,UjbSirsJc
bmuIlQ
UjbSirsJc,UjbSirsJc,UjbSirsJc,UjbSirsJc,UjbSirsJc,bmuIlQ,bmuIlQ,bmuIlQ,UjbSirsJc,bmuIlQ,bmuIlQ,bmuIlQ,bmuIlQ,UjbSirsJc
UjbSirsJc,UjbSirsJc,UjbSirsJc,UjbSirsJc,bmuIlQ,bmuIlQ,bmuIlQ,UjbSirsJc,bmuIlQ,bmuIlQ,bmuIlQ,bmuIlQ,UjbSirsJc
UjbSirsJc,UjbSirsJc,UjbSirsJc,UjbSirsJc,UjbSirsJc,bmuIlQ,bmuIlQ,bmuIlQ,UjbSirsJc,bmuIlQ,bmuIlQ,bmuIlQ,bmuIlQ,UjbSirsJc
UjbSirsJc,UjbSirsJc,UjbSirsJc,UjbSirsJc,UjbSirsJc,bmuIlQ,bmuIlQ,bmuIlQ,UjbSirsJc,bmuIlQ,bmuIlQ,bmuIlQ,bmuIlQ,UjbSirsJc
UjbSirsJc,UjbSirsJc,UjbSirsJc,UjbSirsJc,UjbSirsJc,bmuIlQ,bmuIlQ,bmuIlQ,UjbSirsJc,bmuIlQ,bmuIlQ,bmuIlQ,bmuIlQ,UjbSirsJc
bmuIlQ
UjbSirsJc,UjbSirsJc,UjbSirsJc,UjbSirsJc,UjbSirsJc,bmuIlQ,bmuIlQ,UjbSirsJc,bmuIlQ,bmuIlQ,bmuIlQ,bmuIlQ,UjbSirsJc
UjbSirsJc,UjbSirsJc,UjbSirsJc,UjbSirsJc,UjbSirsJc,bmuIlQ,bmuIlQ,UjbSirsJc,bmuIlQ,bmuIlQ,bmuIlQ,bmuIlQ,UjbSirsJc
UjbSirsJc
bmuIlQ,bmuIlQ,bmuIlQ,bmuIlQ,UjbSirsJc,UjbSirsJc,UjbSirsJc,UjbSirsJc,bmuIlQ,bmuIlQ
UjbSirsJc
UjbSirsJc,bmuIlQ,bmuIlQ,bmuIlQ,UjbSirsJc,UjbSirsJc,bmuIlQ,UjbSirsJc,bmuIlQ,bmuIlQ,bmuIlQ
bmuIlQ
bmuIlQ,UjbSirsJc,bmuIlQ,bmuIlQ,UjbSirsJc,bmuIlQ,bmuIlQ,bmuIlQ
UjbSirsJc
UjbSirsJc,bmuIlQ,UjbSirsJc,bmuIlQ,bmuIlQ,bmuIlQ,bmuIlQ,UjbSirsJc,bmuIlQ,UjbSirsJc,bmuIlQ
bmuIlQ
UjbSirsJc,bmuIlQ,bmuIlQ,bmuIlQ,bmuIlQ,UjbSirsJc,UjbSirsJc,UjbSirsJc,bmuIlQ,bmuIlQ
UjbSirsJc
UjbSirsJc,bmuIlQ,UjbSirsJc,UjbSirsJc,bmuIlQ,bmuIlQ,UjbSirsJc,bmuIlQ,bmuIlQ
bmuIlQ,UjbSirsJc,UjbSirsJc,bmuIlQ,bmuIlQ,UjbSirsJc,UjbSirsJc,bmuIlQ,bmuIlQ
bmuIlQ,UjbSirsJc,UjbSirsJc,bmuIlQ,bmuIlQ,UjbSirsJc,UjbSirsJc,bmuIlQ,bmuIlQ
UjbSirsJc
UjbSirsJc
UjbSirsJc
UjbSirsJc
UjbSirsJc
Jedi Wagner, assuma o comando!