Toque! Toque, Dijê!
[vazia]
[vazia]
Toque! Toque, Dijê!
Toque! Toque, Dijê!
[vazia]
[vazia]
[vazia]
IeXcKef,wMJtOCXjm,Djze
IeXcKef
IeXcKef
Djze,IeXcKef,wMJtOCXjm
Toque! Toque, Dijê!
[vazia]
wMJtOCXjm
wMJtOCXjm
wMJtOCXjm
wMJtOCXjm
wMJtOCXjm
wMJtOCXjm
wMJtOCXjm,IeXcKef,wMJtOCXjm
wMJtOCXjm,wMJtOCXjm
wMJtOCXjm,wMJtOCXjm
wMJtOCXjm
wMJtOCXjm,wMJtOCXjm
wMJtOCXjm
wMJtOCXjm,wMJtOCXjm
wMJtOCXjm
wMJtOCXjm
wMJtOCXjm
wMJtOCXjm
wMJtOCXjm
wMJtOCXjm,grtLom,wMJtOCXjm,wMJtOCXjm
grtLom
wMJtOCXjm
wMJtOCXjm,wMJtOCXjm,IeXcKef
grtLom,wMJtOCXjm,wMJtOCXjm,IeXcKef
wMJtOCXjm,grtLom,wMJtOCXjm,wMJtOCXjm
wMJtOCXjm,grtLom,wMJtOCXjm,wMJtOCXjm,IeXcKef
wMJtOCXjm,grtLom,wMJtOCXjm,wMJtOCXjm,grtLom,grtLom
wMJtOCXjm,grtLom,wMJtOCXjm,wMJtOCXjm,grtLom,grtLom,wMJtOCXjm,Djze
wMJtOCXjm,wMJtOCXjm,wMJtOCXjm,grtLom,grtLom,grtLom,wMJtOCXjm,Djze
wMJtOCXjm,wMJtOCXjm,wMJtOCXjm,grtLom,grtLom,grtLom,wMJtOCXjm,Djze
wMJtOCXjm,wMJtOCXjm,wMJtOCXjm,grtLom,grtLom,grtLom,wMJtOCXjm,Djze
wMJtOCXjm,wMJtOCXjm,wMJtOCXjm,grtLom,grtLom,grtLom,wMJtOCXjm,Djze
grtLom
grtLom
grtLom
grtLom
wMJtOCXjm,wMJtOCXjm,wMJtOCXjm,grtLom,grtLom,grtLom,wMJtOCXjm,Djze
grtLom
wMJtOCXjm,wMJtOCXjm,wMJtOCXjm,grtLom,grtLom,grtLom,wMJtOCXjm
wMJtOCXjm,wMJtOCXjm,wMJtOCXjm,grtLom,grtLom,grtLom,wMJtOCXjm
grtLom
wMJtOCXjm,wMJtOCXjm,grtLom,grtLom,grtLom,wMJtOCXjm
grtLom
wMJtOCXjm,wMJtOCXjm,grtLom,grtLom,grtLom,wMJtOCXjm
grtLom
grtLom
wMJtOCXjm,wMJtOCXjm,wMJtOCXjm,Djze,grtLom,grtLom,grtLom,wMJtOCXjm
wMJtOCXjm,wMJtOCXjm,wMJtOCXjm,Djze,grtLom,grtLom,grtLom,wMJtOCXjm
grtLom
wMJtOCXjm,Djze,grtLom,grtLom,grtLom,wMJtOCXjm,wMJtOCXjm
wMJtOCXjm
wMJtOCXjm,wMJtOCXjm,Djze,grtLom,grtLom,grtLom,wMJtOCXjm,wMJtOCXjm
wMJtOCXjm,wMJtOCXjm,Djze,grtLom,grtLom,grtLom,wMJtOCXjm,wMJtOCXjm
wMJtOCXjm
grtLom
wMJtOCXjm,wMJtOCXjm,wMJtOCXjm,Djze,grtLom,grtLom,grtLom,wMJtOCXjm
grtLom
wMJtOCXjm,wMJtOCXjm,wMJtOCXjm,Djze,grtLom,grtLom,wMJtOCXjm,grtLom
wMJtOCXjm,wMJtOCXjm,wMJtOCXjm,grtLom,grtLom,wMJtOCXjm,grtLom
wMJtOCXjm,wMJtOCXjm,wMJtOCXjm,Djze,grtLom,grtLom,wMJtOCXjm,grtLom
wMJtOCXjm,wMJtOCXjm,wMJtOCXjm,Djze,grtLom,grtLom,wMJtOCXjm,grtLom
wMJtOCXjm,wMJtOCXjm,wMJtOCXjm,Djze,grtLom,grtLom,wMJtOCXjm,grtLom,wMJtOCXjm
wMJtOCXjm
wMJtOCXjm,grtLom,wMJtOCXjm,wMJtOCXjm,wMJtOCXjm,grtLom,wMJtOCXjm,wMJtOCXjm,grtLom
wMJtOCXjm,grtLom,wMJtOCXjm,wMJtOCXjm,wMJtOCXjm,grtLom,wMJtOCXjm,wMJtOCXjm,grtLom
grtLom
wMJtOCXjm,grtLom,wMJtOCXjm,wMJtOCXjm,wMJtOCXjm,grtLom,wMJtOCXjm,wMJtOCXjm,grtLom,wMJtOCXjm,grtLom,Djze
wMJtOCXjm,wMJtOCXjm,grtLom,wMJtOCXjm,wMJtOCXjm,grtLom,wMJtOCXjm,wMJtOCXjm,grtLom,wMJtOCXjm,grtLom,Djze
wMJtOCXjm,wMJtOCXjm,grtLom,wMJtOCXjm,wMJtOCXjm,grtLom,wMJtOCXjm,wMJtOCXjm,grtLom,wMJtOCXjm,grtLom,Djze
grtLom
wMJtOCXjm,grtLom,Djze,wMJtOCXjm,wMJtOCXjm,wMJtOCXjm,grtLom,wMJtOCXjm,wMJtOCXjm,grtLom,wMJtOCXjm,grtLom
Djze
wMJtOCXjm,grtLom,Djze,wMJtOCXjm,wMJtOCXjm,wMJtOCXjm,grtLom,wMJtOCXjm,wMJtOCXjm,grtLom,wMJtOCXjm,grtLom
wMJtOCXjm,grtLom,Djze,wMJtOCXjm,wMJtOCXjm,wMJtOCXjm,grtLom,wMJtOCXjm,wMJtOCXjm,grtLom,wMJtOCXjm,grtLom,wMJtOCXjm
grtLom,Djze,wMJtOCXjm,wMJtOCXjm,wMJtOCXjm,wMJtOCXjm,grtLom,wMJtOCXjm,wMJtOCXjm,grtLom,wMJtOCXjm,grtLom,wMJtOCXjm,IeXcKef
wMJtOCXjm
Djze,wMJtOCXjm,wMJtOCXjm,wMJtOCXjm,wMJtOCXjm,grtLom,wMJtOCXjm,wMJtOCXjm,grtLom,wMJtOCXjm,grtLom,wMJtOCXjm,IeXcKef
Djze,grtLom,wMJtOCXjm,wMJtOCXjm,wMJtOCXjm,wMJtOCXjm,grtLom,wMJtOCXjm,grtLom,wMJtOCXjm,IeXcKef,Djze,grtLom,wMJtOCXjm
Djze,grtLom,wMJtOCXjm,wMJtOCXjm,wMJtOCXjm,wMJtOCXjm,grtLom,wMJtOCXjm,grtLom,wMJtOCXjm,IeXcKef,Djze,grtLom,wMJtOCXjm
grtLom
grtLom
Djze,wMJtOCXjm,wMJtOCXjm,wMJtOCXjm,wMJtOCXjm,wMJtOCXjm,wMJtOCXjm,grtLom,wMJtOCXjm,grtLom,wMJtOCXjm,IeXcKef
Djze,wMJtOCXjm,wMJtOCXjm,wMJtOCXjm,wMJtOCXjm,wMJtOCXjm,wMJtOCXjm,wMJtOCXjm,wMJtOCXjm,IeXcKef
grtLom
Djze
Djze
Djze
Djze
Djze,wMJtOCXjm,wMJtOCXjm,wMJtOCXjm,wMJtOCXjm,wMJtOCXjm,grtLom,wMJtOCXjm,grtLom,wMJtOCXjm,grtLom
wMJtOCXjm,wMJtOCXjm,wMJtOCXjm,wMJtOCXjm,grtLom,wMJtOCXjm,grtLom,wMJtOCXjm,grtLom,wMJtOCXjm
wMJtOCXjm,wMJtOCXjm,wMJtOCXjm,wMJtOCXjm,grtLom,wMJtOCXjm,grtLom,wMJtOCXjm,grtLom,wMJtOCXjm
wMJtOCXjm,wMJtOCXjm,wMJtOCXjm,wMJtOCXjm,grtLom,wMJtOCXjm,grtLom,wMJtOCXjm,grtLom,wMJtOCXjm
wMJtOCXjm,wMJtOCXjm,wMJtOCXjm,wMJtOCXjm,wMJtOCXjm,grtLom,wMJtOCXjm,grtLom,wMJtOCXjm,Djze
wMJtOCXjm
wMJtOCXjm,grtLom,wMJtOCXjm,wMJtOCXjm,wMJtOCXjm,wMJtOCXjm,grtLom,wMJtOCXjm,grtLom,wMJtOCXjm,wMJtOCXjm
wMJtOCXjm
wMJtOCXjm,grtLom,wMJtOCXjm,wMJtOCXjm,wMJtOCXjm,wMJtOCXjm,grtLom,wMJtOCXjm,grtLom,wMJtOCXjm,wMJtOCXjm,Djze,IeXcKef
wMJtOCXjm
grtLom
wMJtOCXjm,wMJtOCXjm,grtLom,wMJtOCXjm,wMJtOCXjm,wMJtOCXjm,grtLom,wMJtOCXjm,grtLom,wMJtOCXjm,wMJtOCXjm,IeXcKef,Djze,IeXcKef,IeXcKef,Djze
wMJtOCXjm
Jedi Wagner, assuma o comando!