xxhC
xxhC
xxhC
Toque! Toque, Dijê!
[vazia]
xxhC
[vazia]
Toque! Toque, Dijê!
[vazia]
xxhC
xxhC
xxhC,xxhC
xxhC,xxhC
xxhC
xxhC
Toque! Toque, Dijê!
xxhC,xxhC
xxhC
xxhC
xxhC
xxhC
Toque! Toque, Dijê!
[vazia]
[vazia]
[vazia]
[vazia]
[vazia]
xxhC
xxhC
xxhC
Toque! Toque, Dijê!
xxhC
xxhC
xxhC
Toque! Toque, Dijê!
Toque! Toque, Dijê!
xxhC
xxhC
xxhC,xxhC
[vazia]
Toque! Toque, Dijê!
[vazia]
xxhC
xxhC
xxhC
xxhC
xxhC,xxhC
xxhC
xxhC
xxhC
xxhC,xxhC
xxhC
xxhC
xxhC
xxhC
xxhC
xxhC
xxhC,xxhC
xxhC,xxhC,xxhC
xxhC,xxhC
xxhC,xxhC,xxhC,xxhC
xxhC,xxhC,xxhC,xxhC
xxhC,xxhC,xxhC,xxhC,xxhC
xxhC,xxhC,xxhC,xxhC,xxhC,xxhC
xxhC
xxhC,xxhC,xxhC,xxhC,xxhC,xxhC
xxhC
xxhC,xxhC,xxhC,xxhC,xxhC
xxhC
xxhC
xxhC,xxhC,xxhC,xxhC
xxhC
xxhC
xxhC,xxhC,xxhC,xxhC
Jedi Wagner, assuma o comando!