Toque! Toque, Dijê!
PGFM
[vazia]
[vazia]
[vazia]
PGFM,PGFM
Toque! Toque, Dijê!
PGFM
PGFM
PGFM,PGFM,PGFM,PGFM,PGFM,PGFM
PGFM,PGFM
PGFM,PGFM,PGFM
PGFM,PGFM,PGFM
PGFM,PGFM,PGFM
PGFM
PGFM
PGFM
PGFM
PGFM
PGFM,PGFM,PGFM,PGFM
PGFM
PGFM
PGFM
PGFM
PGFM
PGFM
PGFM,PGFM,PGFM
PGFM
PGFM,PGFM,PGFM,PGFM
PGFM
PGFM,PGFM,PGFM
PGFM
PGFM
PGFM
PGFM
PGFM
PGFM
PGFM
PGFM
PGFM
PGFM,PGFM,PGFM,PGFM
PGFM
PGFM,PGFM,PGFM,PGFM
PGFM,PGFM,PGFM,PGFM
PGFM,PGFM,PGFM,PGFM
PGFM,PGFM,PGFM,PGFM,PGFM
PGFM,PGFM,PGFM,PGFM
PGFM,PGFM
PGFM
PGFM
PGFM,PGFM
PGFM
PGFM
PGFM
PGFM
PGFM
PGFM,PGFM
PGFM
PGFM
PGFM
PGFM,PGFM
PGFM,PGFM
PGFM
PGFM
PGFM,PGFM,PGFM,PGFM
PGFM
PGFM,PGFM
PGFM,PGFM
PGFM,PGFM
PGFM
PGFM
PGFM,PGFM
PGFM,PGFM
PGFM
PGFM,PGFM
PGFM
PGFM
PGFM
PGFM
PGFM
PGFM
PGFM
PGFM
PGFM,PGFM,PGFM
PGFM
PGFM
PGFM,PGFM,PGFM,PGFM
PGFM,PGFM,PGFM,PGFM
PGFM
PGFM
PGFM
PGFM
PGFM,PGFM,PGFM
PGFM,PGFM,PGFM
PGFM
PGFM,PGFM,PGFM,PGFM,PGFM
PGFM
PGFM
PGFM
PGFM
[vazia]
Toque! Toque, Dijê!
Toque! Toque, Dijê!
[vazia]
[vazia]
PGFM
PGFM
PGFM
PGFM
PGFM
PGFM
PGFM
Toque! Toque, Dijê!
PGFM
PGFM
PGFM,PGFM,PGFM,PGFM,PGFM
PGFM,PGFM,PGFM,PGFM,PGFM,PGFM
PGFM,PGFM,PGFM,PGFM,PGFM,PGFM
PGFM,PGFM,PGFM,PGFM,PGFM,PGFM
PGFM
PGFM,PGFM,PGFM,PGFM,PGFM,PGFM,PGFM,PGFM
PGFM,PGFM,PGFM,PGFM
PGFM
PGFM
PGFM,PGFM,PGFM,PGFM,PGFM,PGFM
PGFM
PGFM
PGFM,PGFM,PGFM,PGFM,PGFM,PGFM,PGFM
PGFM
PGFM,PGFM,PGFM,PGFM,PGFM,PGFM,PGFM,PGFM
PGFM
PGFM
PGFM
PGFM
PGFM,PGFM,PGFM,PGFM,PGFM,PGFM,PGFM,PGFM,PGFM,PGFM,PGFM,PGFM,PGFM
PGFM,PGFM,PGFM,PGFM,PGFM,PGFM,PGFM,PGFM,PGFM,PGFM,PGFM,PGFM,PGFM
PGFM
PGFM
PGFM
PGFM
PGFM
PGFM,PGFM,PGFM,PGFM,PGFM,PGFM,PGFM,PGFM,PGFM,PGFM,PGFM,PGFM,PGFM,PGFM,PGFM
PGFM
PGFM,PGFM,PGFM,PGFM,PGFM,PGFM,PGFM,PGFM,PGFM,PGFM,PGFM,PGFM
PGFM,PGFM,PGFM,PGFM,PGFM,PGFM,PGFM,PGFM,PGFM,PGFM,PGFM,PGFM
PGFM,PGFM,PGFM,PGFM,PGFM,PGFM,PGFM,PGFM,PGFM,PGFM,PGFM
PGFM,PGFM,PGFM,PGFM,PGFM,PGFM,PGFM,PGFM,PGFM,PGFM,PGFM,PGFM
PGFM,PGFM,PGFM,PGFM,PGFM,PGFM,PGFM,PGFM,PGFM,PGFM,PGFM,PGFM
PGFM,PGFM,PGFM,PGFM,PGFM,PGFM,PGFM,PGFM,PGFM,PGFM,PGFM,PGFM,PGFM,PGFM,PGFM,PGFM,PGFM
Jedi Wagner, assuma o comando!