[vazia]
[vazia]
[vazia]
[vazia]
[vazia]
ZhdBLvvf
[vazia]
Toque! Toque, Dijê!
Toque! Toque, Dijê!
[vazia]
YvgBkQWf
YvgBkQWf
YvgBkQWf
YvgBkQWf
YvgBkQWf
YvgBkQWf
YvgBkQWf
YvgBkQWf
ZhdBLvvf,YvgBkQWf,YvgBkQWf
YvgBkQWf
ZhdBLvvf,YvgBkQWf,YvgBkQWf
ZhdBLvvf,YvgBkQWf,YvgBkQWf
YvgBkQWf
YvgBkQWf
YvgBkQWf
YvgBkQWf
YvgBkQWf
ZhdBLvvf,YvgBkQWf,YvgBkQWf
YvgBkQWf
YvgBkQWf
YvgBkQWf,K,YvgBkQWf,K
YvgBkQWf,K,YvgBkQWf,K
YvgBkQWf,K,YvgBkQWf,K,K,YvgBkQWf
YvgBkQWf
YvgBkQWf,YvgBkQWf,K
YvgBkQWf,YvgBkQWf,K
K,K
K
YvgBkQWf,YvgBkQWf,K
YvgBkQWf,K,YvgBkQWf,ZhdBLvvf
K,YvgBkQWf,YvgBkQWf
K,YvgBkQWf,YvgBkQWf
K,YvgBkQWf,YvgBkQWf
K
K
K,YvgBkQWf,ZhdBLvvf,YvgBkQWf,YvgBkQWf,YvgBkQWf,K,YvgBkQWf
K,YvgBkQWf,ZhdBLvvf,YvgBkQWf,YvgBkQWf,YvgBkQWf,K,YvgBkQWf
K,YvgBkQWf,ZhdBLvvf,YvgBkQWf,YvgBkQWf,YvgBkQWf,K,YvgBkQWf
YvgBkQWf
YvgBkQWf,ZhdBLvvf,YvgBkQWf,YvgBkQWf,YvgBkQWf,K,YvgBkQWf
YvgBkQWf
K
ZhdBLvvf,YvgBkQWf,YvgBkQWf,YvgBkQWf,K,YvgBkQWf,K
YvgBkQWf
YvgBkQWf
ZhdBLvvf,YvgBkQWf,YvgBkQWf,YvgBkQWf,K,YvgBkQWf,K,ZhdBLvvf
ZhdBLvvf,YvgBkQWf,YvgBkQWf,YvgBkQWf,K,YvgBkQWf,K
ZhdBLvvf,YvgBkQWf,YvgBkQWf,YvgBkQWf,K,YvgBkQWf,K
ZhdBLvvf,YvgBkQWf,YvgBkQWf,YvgBkQWf,K,YvgBkQWf,K
ZhdBLvvf,YvgBkQWf,YvgBkQWf,YvgBkQWf,YvgBkQWf,K
K
K
ZhdBLvvf,YvgBkQWf,YvgBkQWf,YvgBkQWf,YvgBkQWf,K,K
ZhdBLvvf,YvgBkQWf,YvgBkQWf,YvgBkQWf,YvgBkQWf,K,K
ZhdBLvvf,YvgBkQWf,YvgBkQWf,YvgBkQWf,YvgBkQWf,K,K
K
ZhdBLvvf,YvgBkQWf,YvgBkQWf,YvgBkQWf,YvgBkQWf,K
K
K
K
K
ZhdBLvvf,YvgBkQWf,YvgBkQWf,YvgBkQWf,YvgBkQWf,K
Jedi Wagner, assuma o comando!