Toque! Toque, Dijê!
[vazia]
Toque! Toque, Dijê!
[vazia]
Toque! Toque, Dijê!
[vazia]
TIxQAJ
f
Toque! Toque, Dijê!
TIxQAJ
TIxQAJ
TIxQAJ
[vazia]
[vazia]
Toque! Toque, Dijê!
Toque! Toque, Dijê!
jVpywFlzkA
jVpywFlzkA
jVpywFlzkA
Toque! Toque, Dijê!
Toque! Toque, Dijê!
Toque! Toque, Dijê!
Toque! Toque, Dijê!
Toque! Toque, Dijê!
[vazia]
[vazia]
f
f
f
[vazia]
[vazia]
[vazia]
Toque! Toque, Dijê!
Toque! Toque, Dijê!
f
f
f
Toque! Toque, Dijê!
f
f
f
TIxQAJ,f,kCY
f
TIxQAJ,f,kCY
kCY
TIxQAJ,f,kCY
kCY
f,kCY
f
f
kCY,f,f
kCY,f,f
f
kCY
f
f
kCY,f,f,f
kCY
f,kCY,f,f,f
kCY,f,f,f
f
f
f
f,f,f,jVpywFlzkA
f
f
f,f,f,jVpywFlzkA
f,f,f,jVpywFlzkA
f
f
f,f,f,kCY,jVpywFlzkA
f,f,f,jVpywFlzkA,kCY
f,f,f,jVpywFlzkA,kCY
f,f,f,kCY
f
f
f
f,f,f,jVpywFlzkA,jVpywFlzkA
f
f,f,f,jVpywFlzkA,jVpywFlzkA
f,f,f,jVpywFlzkA,jVpywFlzkA
f
f
f,f,f,jVpywFlzkA,jVpywFlzkA,TIxQAJ
f
f,f,f,jVpywFlzkA,jVpywFlzkA,Gcf
f,f,f,jVpywFlzkA,jVpywFlzkA,Gcf
f
f,f,f,jVpywFlzkA,Gcf,TIxQAJ,f,Gcf,f
jVpywFlzkA
f,f,f,jVpywFlzkA,TIxQAJ
f
f
f,f,jVpywFlzkA,f,TIxQAJ
Gcf
f,Gcf,f,TIxQAJ
f,Gcf,f
f,f
f,f
f,f
f,f
f
f,TIxQAJ
f
f,jVpywFlzkA
f,jVpywFlzkA
jVpywFlzkA
f,f,f,jVpywFlzkA,Gcf,jVpywFlzkA
Gcf
f,f,jVpywFlzkA,Gcf,jVpywFlzkA
f,f,jVpywFlzkA,Gcf,jVpywFlzkA
Gcf
f,f,jVpywFlzkA,Gcf,jVpywFlzkA,Gcf
jVpywFlzkA
Gcf,jVpywFlzkA,f,jVpywFlzkA,Gcf,f,jVpywFlzkA,Gcf
Gcf,jVpywFlzkA,f,jVpywFlzkA,Gcf,f,jVpywFlzkA,Gcf,TIxQAJ,Gcf
jVpywFlzkA
Gcf
f
f
f,jVpywFlzkA,Gcf,f,jVpywFlzkA,jVpywFlzkA,Gcf,Gcf,TIxQAJ,kCY
f,jVpywFlzkA,Gcf,f,jVpywFlzkA,jVpywFlzkA,Gcf,Gcf,TIxQAJ,kCY,f
f
Jedi Wagner, assuma o comando!