Toque! Toque, Dijê!
M
M,JJPtKt
JJPtKt
JJPtKt
JJPtKt
M,JJPtKt
M,OUzKAXyTYK,cnUdWgWkhk
OUzKAXyTYK
M,OUzKAXyTYK,cnUdWgWkhk
OUzKAXyTYK,cnUdWgWkhk,VHqzxeaj,RXGi,OUzKAXyTYK
OUzKAXyTYK,cnUdWgWkhk,VHqzxeaj,RXGi,OUzKAXyTYK
OUzKAXyTYK,cnUdWgWkhk,VHqzxeaj,RXGi,OUzKAXyTYK
OUzKAXyTYK,cnUdWgWkhk,VHqzxeaj,RXGi,OUzKAXyTYK
OUzKAXyTYK,cnUdWgWkhk,VHqzxeaj,RXGi,OUzKAXyTYK
VHqzxeaj
OUzKAXyTYK,cnUdWgWkhk,VHqzxeaj,RXGi,OUzKAXyTYK
OUzKAXyTYK,cnUdWgWkhk,VHqzxeaj,RXGi,OUzKAXyTYK
OUzKAXyTYK,cnUdWgWkhk,VHqzxeaj,RXGi,OUzKAXyTYK
OUzKAXyTYK,cnUdWgWkhk,VHqzxeaj,RXGi,OUzKAXyTYK
RXGi
OUzKAXyTYK,cnUdWgWkhk,VHqzxeaj,RXGi,OUzKAXyTYK
OUzKAXyTYK,cnUdWgWkhk,VHqzxeaj,RXGi,OUzKAXyTYK
OUzKAXyTYK,cnUdWgWkhk,VHqzxeaj,RXGi,OUzKAXyTYK
OUzKAXyTYK,cnUdWgWkhk,VHqzxeaj,RXGi,OUzKAXyTYK
RXGi
cnUdWgWkhk,VHqzxeaj,RXGi,OUzKAXyTYK
OUzKAXyTYK
OUzKAXyTYK
OUzKAXyTYK
OUzKAXyTYK
cnUdWgWkhk,OUzKAXyTYK,RXGi
OUzKAXyTYK
OUzKAXyTYK
cnUdWgWkhk,OUzKAXyTYK,RXGi,RXGi
OUzKAXyTYK
cnUdWgWkhk,VHqzxeaj,RXGi,OUzKAXyTYK,FgsGg
cnUdWgWkhk,VHqzxeaj,RXGi,OUzKAXyTYK,FgsGg,M
OUzKAXyTYK
cnUdWgWkhk,VHqzxeaj,RXGi,M,OUzKAXyTYK,FgsGg,RXGi
RXGi,M,cnUdWgWkhk,OUzKAXyTYK,FgsGg,RXGi
cnUdWgWkhk
cnUdWgWkhk
OUzKAXyTYK
OUzKAXyTYK
OUzKAXyTYK,VHqzxeaj,RXGi,cnUdWgWkhk,M,FgsGg,Ux
VHqzxeaj
OUzKAXyTYK,VHqzxeaj,RXGi,cnUdWgWkhk,M,FgsGg,Ux
OUzKAXyTYK,RXGi,cnUdWgWkhk,M,FgsGg,Ux
OUzKAXyTYK,RXGi,cnUdWgWkhk,M,Ux,FgsGg
OUzKAXyTYK,RXGi,cnUdWgWkhk,M,FgsGg,Ux,JJPtKt
OUzKAXyTYK,RXGi,cnUdWgWkhk,M,FgsGg,Ux
OUzKAXyTYK,RXGi,cnUdWgWkhk,M,FgsGg,Ux
OUzKAXyTYK,RXGi,cnUdWgWkhk,M,FgsGg,Ux
FgsGg
FgsGg
FgsGg
FgsGg
OUzKAXyTYK,RXGi,cnUdWgWkhk,M,Ux
OUzKAXyTYK,RXGi,cnUdWgWkhk,M,Ux
OUzKAXyTYK,RXGi,cnUdWgWkhk,M,FgsGg,Ux
RXGi
FgsGg
RXGi,cnUdWgWkhk,M,OUzKAXyTYK,FgsGg,Ux,sUN
FgsGg
RXGi,cnUdWgWkhk,M,OUzKAXyTYK,FgsGg,sUN,cnUdWgWkhk
RXGi,cnUdWgWkhk,M,OUzKAXyTYK,FgsGg,PplfHp
RXGi
RXGi,cnUdWgWkhk,OUzKAXyTYK,FgsGg,PplfHp
RXGi,cnUdWgWkhk,OUzKAXyTYK,FgsGg,PplfHp
RXGi,cnUdWgWkhk,M,OUzKAXyTYK,FgsGg,M,JJPtKt,cnUdWgWkhk
JJPtKt
JJPtKt
JJPtKt,M,cnUdWgWkhk,RXGi,FgsGg,M,cnUdWgWkhk
cnUdWgWkhk,JJPtKt,M,RXGi,FgsGg,M,cnUdWgWkhk
JJPtKt,M,cnUdWgWkhk,RXGi,FgsGg,M,cnUdWgWkhk
RXGi,JJPtKt,M,cnUdWgWkhk,OUzKAXyTYK,FgsGg,M,cnUdWgWkhk
RXGi
RXGi,cnUdWgWkhk,M,OUzKAXyTYK,FgsGg
RXGi
RXGi,cnUdWgWkhk,M,OUzKAXyTYK,FgsGg
M
M
M
M
cnUdWgWkhk
cnUdWgWkhk,M,OUzKAXyTYK,FgsGg
OUzKAXyTYK
cnUdWgWkhk,M,OUzKAXyTYK,FgsGg
cnUdWgWkhk,M,OUzKAXyTYK,FgsGg
OUzKAXyTYK
Jedi Wagner, assuma o comando!