[vazia]
[vazia]
[vazia]
Toque! Toque, Dijê!
uHrmCNV
uHrmCNV
J
J,luZfEF,KLzTEOkfLc
J,luZfEF,KLzTEOkfLc
J
J,KLzTEOkfLc,luZfEF,dhPFtdv,ci,dhPFtdv
KLzTEOkfLc
J,dhPFtdv,KLzTEOkfLc,luZfEF,ci,dhPFtdv,KLzTEOkfLc,KLzTEOkfLc,QmxaXtZA
dhPFtdv
J,dhPFtdv,ci,KLzTEOkfLc,luZfEF,dhPFtdv,KLzTEOkfLc,KLzTEOkfLc,QmxaXtZA,KLzTEOkfLc
dhPFtdv
J,dhPFtdv,ci,KLzTEOkfLc,luZfEF,dhPFtdv,KLzTEOkfLc,KLzTEOkfLc,QmxaXtZA,KLzTEOkfLc
ci
ci
dhPFtdv,ci,J,KLzTEOkfLc,luZfEF,dhPFtdv,KLzTEOkfLc,KLzTEOkfLc,QmxaXtZA,KLzTEOkfLc
dhPFtdv,ci,J,KLzTEOkfLc,luZfEF,dhPFtdv,KLzTEOkfLc,KLzTEOkfLc,QmxaXtZA,KLzTEOkfLc
luZfEF
J
luZfEF,J,KLzTEOkfLc,dhPFtdv,KLzTEOkfLc,KLzTEOkfLc,QmxaXtZA,KLzTEOkfLc,KLzTEOkfLc,luZfEF
J
J,luZfEF,dhPFtdv,KLzTEOkfLc,dhPFtdv,KLzTEOkfLc,KLzTEOkfLc,QmxaXtZA,KLzTEOkfLc,KLzTEOkfLc,luZfEF,XseFVWhYys,J
J,luZfEF,dhPFtdv,KLzTEOkfLc,dhPFtdv,KLzTEOkfLc,KLzTEOkfLc,QmxaXtZA,KLzTEOkfLc,KLzTEOkfLc,luZfEF
dhPFtdv
dhPFtdv
luZfEF,dhPFtdv,KLzTEOkfLc,dhPFtdv,KLzTEOkfLc,KLzTEOkfLc,QmxaXtZA,KLzTEOkfLc,KLzTEOkfLc,luZfEF,ci,dhPFtdv,QmxaXtZA
dhPFtdv
dhPFtdv
luZfEF,dhPFtdv,KLzTEOkfLc,dhPFtdv,KLzTEOkfLc,KLzTEOkfLc,QmxaXtZA,KLzTEOkfLc,KLzTEOkfLc,luZfEF,dhPFtdv,QmxaXtZA
luZfEF,dhPFtdv,XseFVWhYys,KLzTEOkfLc,dhPFtdv,KLzTEOkfLc,KLzTEOkfLc,QmxaXtZA,KLzTEOkfLc,KLzTEOkfLc,luZfEF,dhPFtdv,QmxaXtZA,QmxaXtZA,dhPFtdv
dhPFtdv
luZfEF,dhPFtdv,KLzTEOkfLc,dhPFtdv,KLzTEOkfLc,KLzTEOkfLc,QmxaXtZA,KLzTEOkfLc,KLzTEOkfLc,luZfEF,ci
luZfEF,dhPFtdv,KLzTEOkfLc,dhPFtdv,KLzTEOkfLc,KLzTEOkfLc,QmxaXtZA,KLzTEOkfLc,KLzTEOkfLc,luZfEF,ci,dhPFtdv
luZfEF,dhPFtdv,KLzTEOkfLc,dhPFtdv,KLzTEOkfLc,KLzTEOkfLc,QmxaXtZA,KLzTEOkfLc,KLzTEOkfLc,luZfEF,ci,dhPFtdv
luZfEF,dhPFtdv,KLzTEOkfLc,dhPFtdv,KLzTEOkfLc,KLzTEOkfLc,QmxaXtZA,KLzTEOkfLc,KLzTEOkfLc,luZfEF,ci
dhPFtdv
luZfEF,dhPFtdv,KLzTEOkfLc,dhPFtdv,KLzTEOkfLc,KLzTEOkfLc,QmxaXtZA,KLzTEOkfLc,KLzTEOkfLc,luZfEF,ci,QmxaXtZA
luZfEF,dhPFtdv,KLzTEOkfLc,dhPFtdv,KLzTEOkfLc,KLzTEOkfLc,QmxaXtZA,KLzTEOkfLc,KLzTEOkfLc,luZfEF,ci,QmxaXtZA
KLzTEOkfLc
dhPFtdv,KLzTEOkfLc,luZfEF,dhPFtdv,KLzTEOkfLc,KLzTEOkfLc,QmxaXtZA,KLzTEOkfLc,KLzTEOkfLc,luZfEF,KLzTEOkfLc
KLzTEOkfLc
KLzTEOkfLc
dhPFtdv,KLzTEOkfLc,dhPFtdv,KLzTEOkfLc,KLzTEOkfLc,QmxaXtZA,KLzTEOkfLc,KLzTEOkfLc,KLzTEOkfLc,KLzTEOkfLc,J,XseFVWhYys,dhPFtdv,QmxaXtZA
dhPFtdv,KLzTEOkfLc,dhPFtdv,QmxaXtZA,KLzTEOkfLc,KLzTEOkfLc,KLzTEOkfLc,KLzTEOkfLc,KLzTEOkfLc,KLzTEOkfLc,J,XseFVWhYys,dhPFtdv,QmxaXtZA
dhPFtdv,KLzTEOkfLc,dhPFtdv,QmxaXtZA,KLzTEOkfLc,KLzTEOkfLc,KLzTEOkfLc,KLzTEOkfLc,KLzTEOkfLc,KLzTEOkfLc,J,XseFVWhYys,dhPFtdv,QmxaXtZA,ci,KLzTEOkfLc
QmxaXtZA
dhPFtdv,KLzTEOkfLc,dhPFtdv,KLzTEOkfLc,KLzTEOkfLc,QmxaXtZA,KLzTEOkfLc,KLzTEOkfLc,KLzTEOkfLc,KLzTEOkfLc,J,KLzTEOkfLc,J,ci
KLzTEOkfLc
dhPFtdv,KLzTEOkfLc,dhPFtdv,KLzTEOkfLc,KLzTEOkfLc,QmxaXtZA,KLzTEOkfLc,KLzTEOkfLc,KLzTEOkfLc,KLzTEOkfLc,J,KLzTEOkfLc,J,ci
dhPFtdv,KLzTEOkfLc,dhPFtdv,KLzTEOkfLc,KLzTEOkfLc,QmxaXtZA,KLzTEOkfLc,KLzTEOkfLc,KLzTEOkfLc,KLzTEOkfLc,J,KLzTEOkfLc,J,ci
KLzTEOkfLc
KLzTEOkfLc
dhPFtdv,KLzTEOkfLc,dhPFtdv,KLzTEOkfLc,KLzTEOkfLc,QmxaXtZA,KLzTEOkfLc,KLzTEOkfLc,KLzTEOkfLc,KLzTEOkfLc,J
KLzTEOkfLc
KLzTEOkfLc
dhPFtdv,KLzTEOkfLc,dhPFtdv,KLzTEOkfLc,KLzTEOkfLc,QmxaXtZA,KLzTEOkfLc,KLzTEOkfLc,KLzTEOkfLc,KLzTEOkfLc,J,KLzTEOkfLc,KLzTEOkfLc
KLzTEOkfLc
dhPFtdv,KLzTEOkfLc,dhPFtdv,KLzTEOkfLc,KLzTEOkfLc,QmxaXtZA,KLzTEOkfLc,KLzTEOkfLc,KLzTEOkfLc,KLzTEOkfLc,J
KLzTEOkfLc
dhPFtdv,KLzTEOkfLc,dhPFtdv,KLzTEOkfLc,KLzTEOkfLc,QmxaXtZA,KLzTEOkfLc,KLzTEOkfLc,KLzTEOkfLc,KLzTEOkfLc,J
dhPFtdv,KLzTEOkfLc,dhPFtdv,KLzTEOkfLc,KLzTEOkfLc,QmxaXtZA,KLzTEOkfLc,KLzTEOkfLc,KLzTEOkfLc,KLzTEOkfLc,J
KLzTEOkfLc
KLzTEOkfLc
dhPFtdv,dhPFtdv,KLzTEOkfLc,KLzTEOkfLc,QmxaXtZA,KLzTEOkfLc,KLzTEOkfLc,KLzTEOkfLc,KLzTEOkfLc,J,KLzTEOkfLc
KLzTEOkfLc
dhPFtdv,KLzTEOkfLc,dhPFtdv,J,KLzTEOkfLc,KLzTEOkfLc,QmxaXtZA,KLzTEOkfLc,KLzTEOkfLc,KLzTEOkfLc,KLzTEOkfLc
dhPFtdv,KLzTEOkfLc,dhPFtdv,KLzTEOkfLc,KLzTEOkfLc,QmxaXtZA,KLzTEOkfLc,KLzTEOkfLc,KLzTEOkfLc,KLzTEOkfLc,J
dhPFtdv,KLzTEOkfLc,dhPFtdv,KLzTEOkfLc,KLzTEOkfLc,QmxaXtZA,KLzTEOkfLc,KLzTEOkfLc,KLzTEOkfLc,KLzTEOkfLc,J
dhPFtdv,KLzTEOkfLc,dhPFtdv,KLzTEOkfLc,KLzTEOkfLc,QmxaXtZA,KLzTEOkfLc,KLzTEOkfLc,KLzTEOkfLc,KLzTEOkfLc,J,luZfEF
KLzTEOkfLc
KLzTEOkfLc
dhPFtdv,KLzTEOkfLc,dhPFtdv,KLzTEOkfLc,QmxaXtZA,KLzTEOkfLc,KLzTEOkfLc,KLzTEOkfLc,KLzTEOkfLc,KLzTEOkfLc,J,J,ci
KLzTEOkfLc
KLzTEOkfLc
dhPFtdv,KLzTEOkfLc,dhPFtdv,KLzTEOkfLc,KLzTEOkfLc,QmxaXtZA,KLzTEOkfLc,KLzTEOkfLc,KLzTEOkfLc,KLzTEOkfLc,dhPFtdv
KLzTEOkfLc
KLzTEOkfLc
KLzTEOkfLc
QmxaXtZA
QmxaXtZA
QmxaXtZA
QmxaXtZA
KLzTEOkfLc
dhPFtdv,KLzTEOkfLc,dhPFtdv,KLzTEOkfLc,KLzTEOkfLc,QmxaXtZA,KLzTEOkfLc,KLzTEOkfLc,KLzTEOkfLc,KLzTEOkfLc,J
KLzTEOkfLc
dhPFtdv,KLzTEOkfLc,dhPFtdv,KLzTEOkfLc,KLzTEOkfLc,QmxaXtZA,KLzTEOkfLc,KLzTEOkfLc,KLzTEOkfLc,KLzTEOkfLc,J
QmxaXtZA
dhPFtdv,KLzTEOkfLc,dhPFtdv,KLzTEOkfLc,KLzTEOkfLc,QmxaXtZA,KLzTEOkfLc,KLzTEOkfLc,KLzTEOkfLc,KLzTEOkfLc,J
dhPFtdv,KLzTEOkfLc,dhPFtdv,KLzTEOkfLc,KLzTEOkfLc,QmxaXtZA,KLzTEOkfLc,KLzTEOkfLc,KLzTEOkfLc,KLzTEOkfLc,KLzTEOkfLc
KLzTEOkfLc,dhPFtdv,KLzTEOkfLc,KLzTEOkfLc,QmxaXtZA,dhPFtdv,KLzTEOkfLc,KLzTEOkfLc,KLzTEOkfLc,KLzTEOkfLc,J
KLzTEOkfLc,KLzTEOkfLc,KLzTEOkfLc,QmxaXtZA,dhPFtdv,KLzTEOkfLc,KLzTEOkfLc,KLzTEOkfLc,KLzTEOkfLc,J,KLzTEOkfLc,dhPFtdv
QmxaXtZA
KLzTEOkfLc,KLzTEOkfLc,KLzTEOkfLc,QmxaXtZA,dhPFtdv,KLzTEOkfLc,KLzTEOkfLc,KLzTEOkfLc,KLzTEOkfLc,J,KLzTEOkfLc,dhPFtdv,luZfEF
KLzTEOkfLc,KLzTEOkfLc,KLzTEOkfLc,QmxaXtZA,dhPFtdv,KLzTEOkfLc,KLzTEOkfLc,KLzTEOkfLc,KLzTEOkfLc,J,KLzTEOkfLc,dhPFtdv,luZfEF
QmxaXtZA
dhPFtdv
dhPFtdv
dhPFtdv
KLzTEOkfLc,KLzTEOkfLc,KLzTEOkfLc,QmxaXtZA,dhPFtdv,KLzTEOkfLc,KLzTEOkfLc,KLzTEOkfLc,KLzTEOkfLc,KLzTEOkfLc,dhPFtdv
dhPFtdv
KLzTEOkfLc
KLzTEOkfLc,KLzTEOkfLc,QmxaXtZA,dhPFtdv,KLzTEOkfLc,KLzTEOkfLc,KLzTEOkfLc,KLzTEOkfLc,KLzTEOkfLc,KLzTEOkfLc,dhPFtdv,luZfEF,uHrmCNV,uHrmCNV
dhPFtdv
dhPFtdv
KLzTEOkfLc,KLzTEOkfLc,KLzTEOkfLc,QmxaXtZA,dhPFtdv,KLzTEOkfLc,KLzTEOkfLc,KLzTEOkfLc,KLzTEOkfLc,J,KLzTEOkfLc,dhPFtdv,luZfEF
KLzTEOkfLc,KLzTEOkfLc,KLzTEOkfLc,QmxaXtZA,dhPFtdv,luZfEF,KLzTEOkfLc,KLzTEOkfLc,KLzTEOkfLc,KLzTEOkfLc,J,KLzTEOkfLc,dhPFtdv
KLzTEOkfLc,KLzTEOkfLc,KLzTEOkfLc,QmxaXtZA,dhPFtdv,luZfEF,KLzTEOkfLc,KLzTEOkfLc,KLzTEOkfLc,KLzTEOkfLc,J,KLzTEOkfLc,dhPFtdv
dhPFtdv
dhPFtdv
dhPFtdv
KLzTEOkfLc,luZfEF,KLzTEOkfLc,KLzTEOkfLc,KLzTEOkfLc,KLzTEOkfLc,KLzTEOkfLc,dhPFtdv,KLzTEOkfLc,luZfEF
KLzTEOkfLc,luZfEF,KLzTEOkfLc,KLzTEOkfLc,KLzTEOkfLc,KLzTEOkfLc,KLzTEOkfLc,dhPFtdv,KLzTEOkfLc,luZfEF
KLzTEOkfLc,luZfEF,KLzTEOkfLc,KLzTEOkfLc,KLzTEOkfLc,KLzTEOkfLc,KLzTEOkfLc,dhPFtdv,KLzTEOkfLc,luZfEF
KLzTEOkfLc,luZfEF,KLzTEOkfLc,KLzTEOkfLc,KLzTEOkfLc,KLzTEOkfLc,KLzTEOkfLc,dhPFtdv,KLzTEOkfLc,luZfEF,QmxaXtZA
KLzTEOkfLc,luZfEF,KLzTEOkfLc,KLzTEOkfLc,KLzTEOkfLc,KLzTEOkfLc,KLzTEOkfLc,dhPFtdv,KLzTEOkfLc,luZfEF,QmxaXtZA
KLzTEOkfLc,luZfEF,KLzTEOkfLc,KLzTEOkfLc,KLzTEOkfLc,KLzTEOkfLc,KLzTEOkfLc,dhPFtdv,KLzTEOkfLc,luZfEF,QmxaXtZA
KLzTEOkfLc
Jedi Wagner, assuma o comando!