[vazia]
Hg
Hg
Hg
Hg
TZI
TZI
Hg,eK,TZI,j,eK,Hg
j
j
j
Hg,eK,TZI,j,eK
Hg,eK,TZI,j,eK
j
j
Hg,TZI,j,eK
Hg,TZI,j,eK,eK
Hg,TZI,j,eK,eK
Hg,TZI,j,eK,eK
j
j
j
Hg,j,eK,eK,j,Hg
eK,TZI,j,eK
j
Hg
eK,TZI,j,Hg,eK,TZI
j
j
j
j
Hg,eK,TZI,j,eK,eK
j
Hg,eK,TZI,j,eK
j
j
eK,j,eK,EJNitCLSdz,TZI
Hg,eK,TZI,j,eK
Hg,eK,j,TZI,eK,TZI,YuARNhZ
Hg,eK,TZI,eK,TZI,YuARNhZ,Hg
Hg,eK,TZI,eK,TZI,YuARNhZ,Hg
TZI,YuARNhZ,eK,TZI,Hg,Hg,Hg,j
YuARNhZ
Hg
TZI,Hg,YuARNhZ,Hg,eK,Hg,TZI,eK,EJNitCLSdz
TZI,Hg,YuARNhZ,Hg,eK,Hg,TZI,eK,EJNitCLSdz,j
TZI,Hg,YuARNhZ,Hg,eK,Hg,TZI,eK,EJNitCLSdz,j
TZI
TZI
TZI,Hg,YuARNhZ,Hg,eK,Hg,TZI,eK,EJNitCLSdz,j
TZI,Hg,YuARNhZ,Hg,eK,Hg,TZI,eK,EJNitCLSdz,j
TZI
TZI
TZI
Hg
eK
eK
TZI,TZI,Hg,Hg,eK,Hg,eK,EJNitCLSdz,EJNitCLSdz
eK
TZI,TZI,Hg,Hg,eK,Hg,eK,EJNitCLSdz,EJNitCLSdz,YuARNhZ
eK
TZI,TZI,Hg,Hg,eK,Hg,eK,EJNitCLSdz,EJNitCLSdz,YuARNhZ
TZI,TZI,Hg,Hg,eK,Hg,eK,EJNitCLSdz,EJNitCLSdz
eK
eK
TZI,Hg,Hg,Hg,eK,eK,TZI,EJNitCLSdz,EJNitCLSdz
TZI
TZI,Hg,Hg,Hg,eK,TZI,EJNitCLSdz,EJNitCLSdz
TZI
TZI,Hg,Hg,Hg,eK,eK,TZI,EJNitCLSdz,EJNitCLSdz
TZI
TZI,Hg,Hg,Hg,eK,eK,TZI,EJNitCLSdz,EJNitCLSdz,eK
TZI,Hg,Hg,Hg,eK,eK,TZI,EJNitCLSdz,eK,EJNitCLSdz
TZI,Hg,Hg,Hg,eK,eK,TZI,EJNitCLSdz,eK,EJNitCLSdz
TZI
EJNitCLSdz
EJNitCLSdz
TZI,Hg,Hg,Hg,eK,eK,EJNitCLSdz,TZI,eK,EJNitCLSdz,eK
TZI,Hg,Hg,Hg,eK,eK,EJNitCLSdz,TZI,eK,EJNitCLSdz,eK
TZI,TZI,Hg,Hg,eK,Hg,eK,EJNitCLSdz,EJNitCLSdz
eK
eK
eK
eK
TZI,TZI,Hg,Hg,eK,Hg,eK,EJNitCLSdz,EJNitCLSdz,eK
eK
TZI,TZI,Hg,Hg,eK,Hg,eK,EJNitCLSdz,eK,EJNitCLSdz,Hg,YuARNhZ
TZI,TZI,Hg,Hg,eK,Hg,eK,EJNitCLSdz,eK,EJNitCLSdz,Hg,YuARNhZ
YuARNhZ
eK
TZI,TZI,Hg,Hg,eK,Hg,eK,EJNitCLSdz,EJNitCLSdz
TZI,Hg,eK,Hg,eK,Hg,EJNitCLSdz,EJNitCLSdz
TZI,Hg,eK,Hg,eK,Hg,EJNitCLSdz,EJNitCLSdz,EJNitCLSdz
TZI
TZI,Hg,Hg,eK,Hg,eK,TZI,EJNitCLSdz,EJNitCLSdz,YuARNhZ
eK
eK
Hg,Hg,eK,TZI,EJNitCLSdz,EJNitCLSdz,EJNitCLSdz,YuARNhZ,j,TZI,j
YuARNhZ
eK
TZI,TZI,Hg,Hg,eK,Hg,eK,EJNitCLSdz,EJNitCLSdz
TZI,TZI,Hg,Hg,eK,Hg,eK,EJNitCLSdz,EJNitCLSdz
TZI,TZI,Hg,Hg,eK,Hg,eK,EJNitCLSdz,EJNitCLSdz
TZI,TZI,Hg,Hg,eK,Hg,eK,EJNitCLSdz,EJNitCLSdz
TZI,TZI,Hg,Hg,eK,Hg,eK,EJNitCLSdz,EJNitCLSdz
eK
TZI,TZI,Hg,Hg,eK,Hg,eK,j,EJNitCLSdz,EJNitCLSdz
TZI,TZI,Hg,Hg,eK,Hg,eK,EJNitCLSdz,EJNitCLSdz,TZI
EJNitCLSdz
EJNitCLSdz
Jedi Wagner, assuma o comando!