rJmoia
rJmoia
Toque! Toque, Dijê!
tVMial
rJmoia
Toque! Toque, Dijê!
Toque! Toque, Dijê!
Toque! Toque, Dijê!
[vazia]
[vazia]
[vazia]
[vazia]
R,R
R,R,R,R,rJmoia
R
R
R,R,R,R,rJmoia,tVMial
R
R
R,R,R,R,tVMial
R
R,R,R,R,rJmoia
R
R
R
R,R,R,R,rJmoia,qRgJ,qRgJ
R,R,R,R,rJmoia,qRgJ,qRgJ
R
R,R,R,R,rJmoia
R,R,R,R,rJmoia
R,R,R,R,rJmoia
R,R,R,R,rJmoia,J
R
R
R,R,R,R,rJmoia,J,XCxl,KzNQuISGs
R,R,R,R,rJmoia
R
R,R,R,R,rJmoia
R
R,R,R,rJmoia,R
rJmoia
R,R,R,rJmoia,R
R,R,R,rJmoia,R,qRgJ
R,R,R,rJmoia,R,qRgJ
R,R,R,R,qRgJ,rJmoia,R,KzNQuISGs
R,R,R,R,rJmoia,qRgJ,R,KzNQuISGs
R,R,R,rJmoia,qRgJ,R,KzNQuISGs,KzNQuISGs
R,R,R,rJmoia,qRgJ,R,KzNQuISGs,KzNQuISGs
R,R,R,rJmoia,qRgJ,R,KzNQuISGs,KzNQuISGs,qRgJ
R
R
R,R,R,qRgJ,R,KzNQuISGs,KzNQuISGs
R
R
R,R,R,rJmoia,qRgJ,R,KzNQuISGs,KzNQuISGs,J
R,R,R,qRgJ,R,KzNQuISGs,J,KzNQuISGs,XCxl,QVdgY
J
R,R,R,rJmoia,qRgJ,R,KzNQuISGs,KzNQuISGs,rJmoia
KzNQuISGs
R,R,rJmoia,qRgJ,R,KzNQuISGs,KzNQuISGs,R,XCxl
R,R,rJmoia,qRgJ,R,KzNQuISGs,KzNQuISGs,R,XCxl
KzNQuISGs
R,rJmoia,qRgJ,R,KzNQuISGs,KzNQuISGs,R,XCxl,QVdgY
R,rJmoia,qRgJ,R,KzNQuISGs,KzNQuISGs,R,XCxl,QVdgY
XCxl
XCxl
XCxl
XCxl
R,R,KzNQuISGs,KzNQuISGs,R,XCxl,rJmoia,qRgJ,QVdgY,R,R,tVMial
R,R,KzNQuISGs,KzNQuISGs,R,XCxl,rJmoia,QVdgY,R,R
R,R,KzNQuISGs,KzNQuISGs,R,XCxl,rJmoia,QVdgY,R,R
QVdgY
R,R,KzNQuISGs,KzNQuISGs,R,rJmoia,QVdgY,R,R,XCxl
R,R,KzNQuISGs,KzNQuISGs,R,XCxl,QVdgY,R,R
QVdgY
R,R,KzNQuISGs,KzNQuISGs,R,XCxl,rJmoia,QVdgY,R,R
Jedi Wagner, assuma o comando!