ouMbbjKwtR
ouMbbjKwtR
Toque! Toque, Dijê!
Toque! Toque, Dijê!
T
[vazia]
Toque! Toque, Dijê!
Toque! Toque, Dijê!
Toque! Toque, Dijê!
Toque! Toque, Dijê!
Toque! Toque, Dijê!
[vazia]
[vazia]
Toque! Toque, Dijê!
[vazia]
[vazia]
AFvuYU
Toque! Toque, Dijê!
Toque! Toque, Dijê!
AFvuYU
AFvuYU
AFvuYU
AFvuYU
AFvuYU
AFvuYU,X
AFvuYU,X
AFvuYU,X
X
X
AFvuYU,X,bhPAKha
AFvuYU,X,X,ouMbbjKwtR
X
X
AFvuYU,X,NPa,X
AFvuYU,X,NPa,X
X,NPa,X
X,NPa,X
X,NPa,X,X
X
NPa,X,X,X,NPa
X,NPa,X,AFvuYU,AFvuYU
X
X
X,NPa,X,ouMbbjKwtR
X
X
AFvuYU,X,NPa,X
AFvuYU,X,NPa,X,ouMbbjKwtR,NPa
AFvuYU,X,NPa,X,ouMbbjKwtR,NPa
NPa
AFvuYU,X,NPa,X,ouMbbjKwtR,NPa
X
AFvuYU,X,X,ouMbbjKwtR,NPa
X
AFvuYU,X,X,ouMbbjKwtR,NPa,X
T
T
X,X,NPa,bhPAKha,X,T,AFvuYU,FfhI
NPa
bhPAKha
X
T
T,FfhI,X,NPa,bhPAKha,X,X,NPa,NPa,ouMbbjKwtR
T,ouMbbjKwtR,X,bhPAKha,X,X,NPa,NPa
ouMbbjKwtR
T,ouMbbjKwtR,X,bhPAKha,X,X,NPa,NPa
ouMbbjKwtR,X,T,bhPAKha,X,X,NPa,NPa,AFvuYU
X
ouMbbjKwtR,X,T,bhPAKha,X,X,NPa,NPa,AFvuYU
X
X
X
T,ouMbbjKwtR,X,X,X,NPa,NPa,bhPAKha,ouMbbjKwtR
X
T,ouMbbjKwtR,X,X,X,NPa,bhPAKha,ouMbbjKwtR,T,X
X
X
T,ouMbbjKwtR,X,X,X,NPa,bhPAKha,ouMbbjKwtR,T,X,T
ouMbbjKwtR,FfhI,X,X,NPa,NPa,bhPAKha,ouMbbjKwtR
ouMbbjKwtR,FfhI,X,X,NPa,NPa,bhPAKha,ouMbbjKwtR
X
X
X
NPa
NPa
NPa
X
ouMbbjKwtR
bhPAKha,NPa,X,ouMbbjKwtR,NPa
bhPAKha,X,ouMbbjKwtR,NPa
ouMbbjKwtR
bhPAKha,NPa,X,ouMbbjKwtR,NPa
ouMbbjKwtR
ouMbbjKwtR
ouMbbjKwtR
bhPAKha,NPa,X,ouMbbjKwtR,NPa
ouMbbjKwtR
bhPAKha,NPa,X,ouMbbjKwtR,NPa,X
bhPAKha,NPa,X,ouMbbjKwtR,NPa,X
bhPAKha,NPa,X,ouMbbjKwtR,NPa,X
NPa
X
ouMbbjKwtR
ouMbbjKwtR
ouMbbjKwtR
ouMbbjKwtR
bhPAKha,NPa,ouMbbjKwtR,X,NPa,X
bhPAKha,NPa,X,ouMbbjKwtR,NPa,X
X,bhPAKha,ouMbbjKwtR,NPa,X,bhPAKha
bhPAKha
bhPAKha,NPa,X,ouMbbjKwtR,NPa,X,T
NPa
bhPAKha,NPa,NPa,X,T,AFvuYU
bhPAKha,X,ouMbbjKwtR,NPa,X
NPa,bhPAKha,X,ouMbbjKwtR,NPa,X
NPa,bhPAKha,ouMbbjKwtR,NPa,X,bhPAKha
NPa,bhPAKha,ouMbbjKwtR,NPa,X,bhPAKha
bhPAKha
bhPAKha
bhPAKha,ouMbbjKwtR,NPa,bhPAKha,ouMbbjKwtR,ouMbbjKwtR,AFvuYU,ouMbbjKwtR
bhPAKha,ouMbbjKwtR,NPa,bhPAKha,ouMbbjKwtR,ouMbbjKwtR,AFvuYU,ouMbbjKwtR
NPa
NPa
NPa
NPa
bhPAKha
ouMbbjKwtR,NPa,AFvuYU,bhPAKha,bhPAKha,ouMbbjKwtR,ouMbbjKwtR,ouMbbjKwtR,T,FfhI,NPa,AFvuYU,ouMbbjKwtR
bhPAKha
FfhI
NPa,bhPAKha,FfhI,bhPAKha,ouMbbjKwtR,ouMbbjKwtR,ouMbbjKwtR,NPa,AFvuYU,ouMbbjKwtR,ouMbbjKwtR
NPa,bhPAKha,FfhI,bhPAKha,ouMbbjKwtR,ouMbbjKwtR,ouMbbjKwtR,NPa,AFvuYU,ouMbbjKwtR,ouMbbjKwtR
NPa,bhPAKha,FfhI,bhPAKha,ouMbbjKwtR,ouMbbjKwtR,ouMbbjKwtR,NPa,AFvuYU,ouMbbjKwtR,ouMbbjKwtR
NPa,bhPAKha,FfhI,bhPAKha,ouMbbjKwtR,ouMbbjKwtR,ouMbbjKwtR,T,NPa,AFvuYU,ouMbbjKwtR
NPa,bhPAKha,T,FfhI,bhPAKha,ouMbbjKwtR,ouMbbjKwtR,ouMbbjKwtR,NPa,AFvuYU,ouMbbjKwtR
FfhI
NPa
FfhI,NPa,bhPAKha,ouMbbjKwtR,ouMbbjKwtR,ouMbbjKwtR,NPa,ouMbbjKwtR,ouMbbjKwtR,X,T,T
FfhI,NPa,bhPAKha,ouMbbjKwtR,ouMbbjKwtR,ouMbbjKwtR,NPa,ouMbbjKwtR,ouMbbjKwtR,X,T,AFvuYU
NPa
bhPAKha,NPa,FfhI,ouMbbjKwtR,ouMbbjKwtR,ouMbbjKwtR,NPa,ouMbbjKwtR,ouMbbjKwtR,X,T,NPa
FfhI,bhPAKha,ouMbbjKwtR,ouMbbjKwtR,NPa,ouMbbjKwtR,ouMbbjKwtR,X,T,ouMbbjKwtR
bhPAKha
bhPAKha
FfhI,bhPAKha,NPa,ouMbbjKwtR,ouMbbjKwtR,ouMbbjKwtR,NPa,ouMbbjKwtR,ouMbbjKwtR,X,T
FfhI,bhPAKha,NPa,ouMbbjKwtR,ouMbbjKwtR,ouMbbjKwtR,NPa,ouMbbjKwtR,ouMbbjKwtR,X,T
NPa
ouMbbjKwtR
ouMbbjKwtR
FfhI,bhPAKha,ouMbbjKwtR,ouMbbjKwtR,ouMbbjKwtR,NPa,ouMbbjKwtR,ouMbbjKwtR,X,T
FfhI,bhPAKha,ouMbbjKwtR,ouMbbjKwtR,ouMbbjKwtR,T,NPa,ouMbbjKwtR,ouMbbjKwtR,X
bhPAKha,ouMbbjKwtR,ouMbbjKwtR,NPa,ouMbbjKwtR,ouMbbjKwtR,X,ouMbbjKwtR
ouMbbjKwtR
ouMbbjKwtR
bhPAKha,ouMbbjKwtR,ouMbbjKwtR,ouMbbjKwtR,ouMbbjKwtR,X,ouMbbjKwtR,T
bhPAKha,ouMbbjKwtR,ouMbbjKwtR,ouMbbjKwtR,ouMbbjKwtR,X,ouMbbjKwtR,T,NPa
bhPAKha,ouMbbjKwtR,ouMbbjKwtR,ouMbbjKwtR,ouMbbjKwtR,X,ouMbbjKwtR,T
bhPAKha,ouMbbjKwtR,ouMbbjKwtR,ouMbbjKwtR,NPa,ouMbbjKwtR,X,ouMbbjKwtR,T
bhPAKha,ouMbbjKwtR,ouMbbjKwtR,ouMbbjKwtR,NPa,ouMbbjKwtR,X,ouMbbjKwtR,T
bhPAKha
bhPAKha
ouMbbjKwtR,ouMbbjKwtR,T,bhPAKha,NPa,ouMbbjKwtR,X,ouMbbjKwtR,ouMbbjKwtR,X
ouMbbjKwtR,ouMbbjKwtR,NPa,bhPAKha,ouMbbjKwtR,X,ouMbbjKwtR,ouMbbjKwtR,X,NPa,FfhI
ouMbbjKwtR,ouMbbjKwtR,NPa,bhPAKha,ouMbbjKwtR,X,ouMbbjKwtR,ouMbbjKwtR,X,NPa,FfhI
ouMbbjKwtR
ouMbbjKwtR,ouMbbjKwtR,bhPAKha,ouMbbjKwtR,ouMbbjKwtR,ouMbbjKwtR,X,NPa,X,NPa
X
NPa
ouMbbjKwtR,ouMbbjKwtR,bhPAKha,ouMbbjKwtR,ouMbbjKwtR,ouMbbjKwtR,X,NPa,X,NPa,AFvuYU,AFvuYU
X
X
X
ouMbbjKwtR,ouMbbjKwtR,bhPAKha,ouMbbjKwtR,ouMbbjKwtR,ouMbbjKwtR,X,NPa,X,NPa,AFvuYU,AFvuYU
ouMbbjKwtR,ouMbbjKwtR,bhPAKha,ouMbbjKwtR,ouMbbjKwtR,ouMbbjKwtR,X,NPa,X,NPa,AFvuYU,AFvuYU
Jedi Wagner, assuma o comando!