Toque! Toque, Dijê!
IHjDKJ
qtVcIYH,am
qtVcIYH
qtVcIYH
qtVcIYH
IHjDKJ,Hs
IHjDKJ,Hs
IHjDKJ
IHjDKJ
IHjDKJ,Hs
[vazia]
[vazia]
[vazia]
Toque! Toque, Dijê!
Hs
IHjDKJ
IHjDKJ
IHjDKJ
IHjDKJ
Hs,IHjDKJ,bpAThN
Hs,IHjDKJ,bpAThN,zmtrTRNx,am
IHjDKJ
Hs
Hs,am
Hs,IHjDKJ
Hs,IHjDKJ
IHjDKJ
Hs
Hs
Hs
Hs,IHjDKJ,uFwqmQQy,qtVcIYH,zmtrTRNx
Hs,IHjDKJ,uFwqmQQy,qtVcIYH,zmtrTRNx
Hs,IHjDKJ,uFwqmQQy,zmtrTRNx,IHjDKJ
Hs,IHjDKJ,uFwqmQQy,qtVcIYH,zmtrTRNx
uFwqmQQy
uFwqmQQy
uFwqmQQy
Hs,zmtrTRNx,uFwqmQQy,IHjDKJ,qtVcIYH,hQAgPahYl,zmtrTRNx
Hs,zmtrTRNx,uFwqmQQy,IHjDKJ,qtVcIYH,hQAgPahYl,zmtrTRNx
Hs,zmtrTRNx,uFwqmQQy,IHjDKJ,qtVcIYH,hQAgPahYl,zmtrTRNx
Hs,zmtrTRNx,IHjDKJ,uFwqmQQy,qtVcIYH,hQAgPahYl,zmtrTRNx,am
zmtrTRNx
Hs,IHjDKJ,hQAgPahYl,zmtrTRNx,uFwqmQQy,qtVcIYH,zmtrTRNx,am
Hs,IHjDKJ,hQAgPahYl,zmtrTRNx,uFwqmQQy,qtVcIYH,zmtrTRNx,am
Hs,IHjDKJ,hQAgPahYl,zmtrTRNx,uFwqmQQy,qtVcIYH,zmtrTRNx,am,Hs
zmtrTRNx
IHjDKJ,hQAgPahYl,zmtrTRNx,uFwqmQQy,qtVcIYH,zmtrTRNx,am,Hs,am
zmtrTRNx
hQAgPahYl,zmtrTRNx,uFwqmQQy,qtVcIYH,zmtrTRNx,am,Hs,am
IHjDKJ
IHjDKJ
Hs,uFwqmQQy,IHjDKJ,hQAgPahYl,zmtrTRNx
IHjDKJ
Hs,uFwqmQQy,IHjDKJ,hQAgPahYl,zmtrTRNx,IHjDKJ,qtVcIYH,qtVcIYH,uFwqmQQy,am,am
Hs,uFwqmQQy,IHjDKJ,hQAgPahYl,zmtrTRNx,IHjDKJ,qtVcIYH,qtVcIYH,uFwqmQQy,am,am
Hs,uFwqmQQy,hQAgPahYl,zmtrTRNx,IHjDKJ,qtVcIYH,qtVcIYH,uFwqmQQy,am,am,qtVcIYH
qtVcIYH
Hs,uFwqmQQy,IHjDKJ,hQAgPahYl,zmtrTRNx,IHjDKJ,qtVcIYH,qtVcIYH,uFwqmQQy,am
Hs,uFwqmQQy,IHjDKJ,zmtrTRNx,IHjDKJ,qtVcIYH,hQAgPahYl,qtVcIYH,uFwqmQQy,am,am,hQAgPahYl
qtVcIYH
IHjDKJ
Hs,uFwqmQQy,zmtrTRNx,IHjDKJ,hQAgPahYl,qtVcIYH,IHjDKJ,qtVcIYH,uFwqmQQy,am,am,hQAgPahYl,Hs,IHjDKJ
Hs,uFwqmQQy,zmtrTRNx,IHjDKJ,hQAgPahYl,qtVcIYH,IHjDKJ,qtVcIYH,uFwqmQQy,am,am,hQAgPahYl,Hs,IHjDKJ,am
Jedi Wagner, assuma o comando!