Toque! Toque, Dijê!
sxvQAiyrnb,a,k
a
a
sxvQAiyrnb,a,k
k
sxvQAiyrnb,a,k
sxvQAiyrnb
sxvQAiyrnb
sxvQAiyrnb,a,k,sxvQAiyrnb,a
sxvQAiyrnb,a,k,sxvQAiyrnb,a
sxvQAiyrnb,a,k
k,sxvQAiyrnb,a,QiVFj
k
k
sxvQAiyrnb,k
k
QiVFj
QiVFj
QiVFj
QiVFj
QiVFj
sxvQAiyrnb,QiVFj,k,QiVFj,QiVFj,sLF
QiVFj,sxvQAiyrnb,k,sxvQAiyrnb
QiVFj,sxvQAiyrnb,k,sxvQAiyrnb
QiVFj
QiVFj
QiVFj
sxvQAiyrnb,QiVFj,k
sxvQAiyrnb,QiVFj,k
sxvQAiyrnb,QiVFj,k
sxvQAiyrnb
sxvQAiyrnb
QiVFj
sxvQAiyrnb,QiVFj,k,sxvQAiyrnb
sxvQAiyrnb,QiVFj,k,sxvQAiyrnb
QiVFj
QiVFj
sxvQAiyrnb,QiVFj,sxvQAiyrnb,sLF,NMlQKLRh,s,sLF
sxvQAiyrnb,QiVFj,sxvQAiyrnb,sLF,NMlQKLRh,s,sLF
sxvQAiyrnb,QiVFj,sxvQAiyrnb,sLF,NMlQKLRh,s,sLF
QiVFj
QiVFj
QiVFj
QiVFj,s,NMlQKLRh,sxvQAiyrnb,sLF,sLF,s
QiVFj,NMlQKLRh,sxvQAiyrnb,sLF,s,sLF,s
QiVFj,sLF,s,sLF,s
QiVFj,sLF,s,sLF,s,k
sLF
sLF
sLF
sLF
NMlQKLRh
QiVFj,NMlQKLRh,sxvQAiyrnb,sLF,s,sLF,s,k
NMlQKLRh
QiVFj,NMlQKLRh,sxvQAiyrnb,sLF,s,sLF,s,k
QiVFj,sLF,NMlQKLRh,sxvQAiyrnb,s,sLF,s,k
QiVFj,NMlQKLRh,sxvQAiyrnb,sLF,s,sLF,s,k
QiVFj,NMlQKLRh,sxvQAiyrnb,sLF,s,sLF,s,k
QiVFj,s,NMlQKLRh,sxvQAiyrnb,sLF,sLF,s,k,k
QiVFj,s,NMlQKLRh,sxvQAiyrnb,sLF,sLF,s,k,k,k
QiVFj,s,NMlQKLRh,k,sxvQAiyrnb,sLF,sLF,s,k,k
NMlQKLRh
QiVFj,s,NMlQKLRh,k,sxvQAiyrnb,sLF,sLF,s,k,k
QiVFj,s,NMlQKLRh,k,sxvQAiyrnb,sLF,sLF,s,k,k
QiVFj
NMlQKLRh
NMlQKLRh
QiVFj,s,NMlQKLRh,sxvQAiyrnb,sLF,sLF,s,k,k,a
NMlQKLRh
NMlQKLRh
NMlQKLRh
NMlQKLRh
NMlQKLRh
QiVFj,s,NMlQKLRh,sxvQAiyrnb,sLF,sLF,s,k,k,k
QiVFj,s,NMlQKLRh,sxvQAiyrnb,sLF,sLF,s,k,k,k
QiVFj,s,NMlQKLRh,sxvQAiyrnb,sLF,sLF,s,k,k,k,QiVFj
NMlQKLRh
QiVFj,s,NMlQKLRh,sLF,sLF,s,k,k,k,QiVFj
NMlQKLRh
QiVFj,s,NMlQKLRh,sLF,sLF,s,k,k,k,QiVFj
NMlQKLRh
QiVFj,s,NMlQKLRh,sLF,sLF,s,k,k,k,QiVFj
NMlQKLRh
QiVFj,s,NMlQKLRh,sxvQAiyrnb,sLF,s,k,k,k,a,sLF
NMlQKLRh
NMlQKLRh
sxvQAiyrnb
sxvQAiyrnb
QiVFj,NMlQKLRh,sxvQAiyrnb,sLF,sLF,k,k,k,a,NMlQKLRh,a
sxvQAiyrnb
QiVFj,NMlQKLRh,sxvQAiyrnb,sLF,sLF,k,k,k,NMlQKLRh,a,sLF
QiVFj,NMlQKLRh,sxvQAiyrnb,sLF,sLF,k,k,k,NMlQKLRh,sLF
sxvQAiyrnb
QiVFj,NMlQKLRh,sxvQAiyrnb,sLF,sLF,k,k,k,NMlQKLRh,sLF
sxvQAiyrnb
sxvQAiyrnb
sxvQAiyrnb
sxvQAiyrnb
sxvQAiyrnb
sLF
sLF
sLF
sLF
NMlQKLRh,sLF,sLF,QiVFj,sxvQAiyrnb,s,k,k,k
NMlQKLRh,sLF,sLF,QiVFj,sxvQAiyrnb,s,k,k,k
NMlQKLRh,sLF,sLF,QiVFj,sxvQAiyrnb,s,k,k,k,NMlQKLRh
k
s
NMlQKLRh,sLF,sLF,QiVFj,sxvQAiyrnb,k,s,k,k,s
s
NMlQKLRh,sLF,sLF,QiVFj,sxvQAiyrnb,k,s,k,k,s
NMlQKLRh,sLF,sLF,QiVFj,sxvQAiyrnb,k,s,k,k,s
NMlQKLRh,sLF,sLF,QiVFj,sxvQAiyrnb,s,k,k,k
sLF
sLF,sLF,QiVFj,sxvQAiyrnb,s,NMlQKLRh,k,k,QiVFj
NMlQKLRh
NMlQKLRh
NMlQKLRh
NMlQKLRh,sLF,sLF,QiVFj,sxvQAiyrnb,s,k,k,k
k
NMlQKLRh,sLF,sLF,QiVFj,sxvQAiyrnb,s,k,k,k
NMlQKLRh,sLF,sLF,QiVFj,sxvQAiyrnb,s,k,k,k
NMlQKLRh,sLF,sLF,QiVFj,sxvQAiyrnb,s,k,k,k
NMlQKLRh,sLF,sLF,sxvQAiyrnb,s,k,k,k
NMlQKLRh,sLF,sLF,sxvQAiyrnb,s,k,k,k
k
k
sLF
k
k
k
sLF,k,sLF,k,k,sLF
sLF,k,sLF,k,k,sLF
sLF,k,sLF,k,k,sLF
sLF,k,sLF,k,k,sLF
sLF,k,sLF,k,k,sLF
sLF,k,sLF,k,k,sLF,QiVFj
sLF
QiVFj
sLF,sLF,k,k,sLF,QiVFj,a
QiVFj
QiVFj
sLF,sLF,k,k,sLF,QiVFj,a,sxvQAiyrnb,sxvQAiyrnb
sLF,sLF,k,k,sLF,QiVFj,a,sxvQAiyrnb,sxvQAiyrnb
sLF,sLF,k,k,sLF,QiVFj,a,sxvQAiyrnb,sxvQAiyrnb
a
sLF,k,k,sLF,QiVFj,a,sxvQAiyrnb,sxvQAiyrnb,sLF
sLF,k,k,sLF,QiVFj,a,sxvQAiyrnb,sxvQAiyrnb,sLF
sLF,k,k,sLF,QiVFj,a,sxvQAiyrnb,sxvQAiyrnb,sLF
sxvQAiyrnb
sxvQAiyrnb
sLF,k,sLF,a,sxvQAiyrnb,QiVFj,sxvQAiyrnb,sLF
sLF,k,sLF,a,sxvQAiyrnb,QiVFj,sxvQAiyrnb,sLF,a
sLF,k,sLF,a,sxvQAiyrnb,QiVFj,sxvQAiyrnb,sLF,a,QiVFj
sLF,k,sLF,a,sxvQAiyrnb,QiVFj,sxvQAiyrnb,sLF
sLF,k,sLF,a,sxvQAiyrnb,QiVFj,sxvQAiyrnb,sLF
sLF,k,sLF,a,sxvQAiyrnb,QiVFj,sxvQAiyrnb,sLF,QiVFj
sxvQAiyrnb
sxvQAiyrnb
k,sLF,a,sxvQAiyrnb,QiVFj,sLF,sxvQAiyrnb,sLF,QiVFj,sLF,NMlQKLRh,QiVFj,QiVFj
k,sLF,a,sxvQAiyrnb,QiVFj,sLF,sxvQAiyrnb,sLF,QiVFj,sLF,NMlQKLRh,QiVFj,QiVFj
k,sLF,a,sxvQAiyrnb,QiVFj,sLF,sxvQAiyrnb,sLF,QiVFj,sLF,NMlQKLRh,QiVFj,QiVFj
QiVFj
k,sLF,QiVFj,sLF,sxvQAiyrnb,sLF,QiVFj,sLF,NMlQKLRh,QiVFj,QiVFj,QiVFj
QiVFj
k,sLF,a,sxvQAiyrnb,QiVFj,sLF,sxvQAiyrnb,sLF,QiVFj,sLF,NMlQKLRh
QiVFj
QiVFj
k,sLF,a,sxvQAiyrnb,QiVFj,sLF,sxvQAiyrnb,sLF,QiVFj,sLF,NMlQKLRh
sLF,a,sxvQAiyrnb,QiVFj,sLF,sxvQAiyrnb,sLF,QiVFj,sLF,NMlQKLRh
sLF,a,QiVFj,sLF,sxvQAiyrnb,sxvQAiyrnb,sLF,QiVFj,sLF,NMlQKLRh
sLF
sLF,a,sLF,sxvQAiyrnb,sxvQAiyrnb,sLF,sLF,NMlQKLRh,sLF,sLF
sLF
sLF,sLF,a,sxvQAiyrnb,sxvQAiyrnb,sLF,sLF,sLF,sLF,a
sLF,sLF,a,sxvQAiyrnb,sxvQAiyrnb,sLF,sLF,NMlQKLRh,sLF,sLF,a
sLF,sLF,a,sxvQAiyrnb,sxvQAiyrnb,sLF,sLF,NMlQKLRh,sLF,sLF,a
sLF,sLF,a,sxvQAiyrnb,sxvQAiyrnb,sLF,sLF,NMlQKLRh,sLF,sLF,a,tGtv
a
a
a
NMlQKLRh
sLF,sLF,sxvQAiyrnb,NMlQKLRh,a,sLF,sLF,sLF,sLF,a
sLF,sLF,sxvQAiyrnb,NMlQKLRh,a,sLF,sLF,sLF,sLF,a
NMlQKLRh
sLF
sLF
sLF
sLF,sLF,NMlQKLRh,sLF,sLF,sLF,sLF,a,s
sLF
sLF
sLF,sLF,NMlQKLRh,sLF,sLF,sLF,sLF,a,a
sLF,sLF,sLF,NMlQKLRh,sLF,sLF,sLF,a,a,a
sLF,NMlQKLRh,sLF,a,sLF,sLF,sLF,sLF,a,a,s,a
Jedi Wagner, assuma o comando!