[vazia]
[vazia]
[vazia]
[vazia]
[vazia]
Bo
Bo
Bo
Bo,Bo
Bo,Bo
Bo,Bo,Bo
Bo
Bo
Bo
Bo
Bo,Bo,Bo,Bo
Bo
Bo
Bo,Bo,Bo,Bo,Bo
Bo,Bo,Bo,Bo,Bo,Bo
Bo,Bo,Bo,Bo,Bo
Bo
Bo,Bo,Bo,Bo,Bo
Bo
Bo,Bo,Bo,Bo,Bo,Bo
Bo
Bo
Bo,Bo,Bo,Bo,Bo,Bo
Bo
Bo
Bo,Bo,Bo,Bo,Bo,Bo,Bo,Bo
Bo,Bo,Bo,Bo,Bo,Bo,Bo,Bo
Bo,Bo,Bo,Bo,Bo,Bo,Bo,Bo
Bo
Bo
Bo,Bo,Bo,Bo,Bo,Bo,Bo,Bo
Bo,Bo,Bo,Bo,Bo,Bo,Bo,Bo
Bo
Bo
Bo
Bo
Bo,Bo,Bo,Bo,Bo,Bo,Bo,Bo,Bo
Bo
Bo,Bo,Bo,Bo,Bo,Bo,Bo,Bo,Bo
Bo,Bo,Bo,Bo,Bo,Bo,Bo,Bo
Bo,Bo,Bo,Bo,Bo,Bo,Bo,Bo
Bo
Bo
Bo
Bo,Bo,Bo,Bo,Bo,Bo,Bo,Bo
Bo
Bo,Bo,Bo,Bo,Bo,Bo,Bo,Bo,Bo
Bo,Bo,Bo,Bo,Bo,Bo,Bo,Bo,Bo
Bo
Bo,Bo,Bo,Bo,Bo,Bo,Bo,Bo,Bo
Bo,Bo,Bo,Bo,Bo,Bo,Bo,Bo,Bo
Bo
Bo
Bo
Bo
Bo
Bo
Bo
Bo
Bo
Bo
Bo
Bo
Bo,Bo,Bo,Bo,Bo,Bo,Bo,Bo,Bo,Bo,Bo
Bo
Bo,Bo,Bo,Bo,Bo,Bo,Bo,Bo,Bo,Bo,Bo
Bo
Bo
Bo
Bo
Bo
Bo,Bo,Bo,Bo,Bo,Bo,Bo,Bo,Bo,Bo,Bo,Bo
Bo,Bo,Bo,Bo,Bo,Bo,Bo,Bo,Bo,Bo,Bo,Bo,Bo
Bo
Bo
Bo,Bo,Bo,Bo,Bo,Bo,Bo,Bo,Bo,Bo,Bo,Bo,Bo
Bo
Bo
Bo,Bo,Bo,Bo,Bo,Bo,Bo,Bo,Bo,Bo,Bo,Bo,Bo,Bo
Bo,Bo,Bo,Bo,Bo,Bo,Bo,Bo,Bo,Bo,Bo,Bo,Bo,Bo
Bo,Bo,Bo,Bo,Bo,Bo,Bo,Bo,Bo,Bo,Bo
Bo,Bo,Bo,Bo,Bo,Bo,Bo,Bo,Bo,Bo,Bo
Bo,Bo,Bo,Bo,Bo,Bo,Bo,Bo,Bo,Bo,Bo,Bo,Bo
Bo,Bo,Bo,Bo,Bo,Bo,Bo,Bo,Bo,Bo,Bo,Bo,Bo
Bo,Bo,Bo,Bo,Bo,Bo,Bo,Bo,Bo,Bo,Bo,Bo,Bo,Bo
Bo
Bo
Bo
Bo,Bo,Bo,Bo,Bo,Bo,Bo,Bo,Bo,Bo,Bo,Bo,Bo,Bo,Bo
Bo,Bo,Bo,Bo,Bo,Bo,Bo,Bo,Bo,Bo,Bo,Bo,Bo,Bo,Bo
Bo
Bo,Bo,Bo,Bo,Bo,Bo,Bo,Bo,Bo,Bo,Bo,Bo,Bo,Bo
Bo,Bo,Bo,Bo,Bo,Bo,Bo,Bo,Bo,Bo,Bo,Bo,Bo,Bo
Bo,Bo,Bo,Bo,Bo,Bo,Bo,Bo,Bo,Bo,Bo,Bo,Bo,Bo
Bo,Bo,Bo,Bo,Bo,Bo,Bo,Bo,Bo,Bo,Bo,Bo,Bo,Bo
Bo
Bo
Bo
Bo
Bo
Bo,Bo,Bo,Bo,Bo,Bo,Bo,Bo,Bo,Bo,Bo,Bo,Bo,Bo
Bo,Bo,Bo,Bo,Bo,Bo,Bo,Bo,Bo,Bo,Bo,Bo,Bo,Bo
Bo,Bo,Bo,Bo,Bo,Bo,Bo,Bo,Bo,Bo,Bo,Bo
Bo,Bo,Bo,Bo,Bo,Bo,Bo,Bo,Bo,Bo,Bo,Bo
Bo
Bo
Bo
Bo
Bo
Bo,Bo,Bo,Bo,Bo,Bo,Bo,Bo,Bo
Bo,Bo,Bo,Bo,Bo,Bo,Bo,Bo,Bo
Bo
Bo
Bo,Bo,Bo,Bo,Bo,Bo,Bo,Bo,Bo
Bo,Bo,Bo,Bo,Bo,Bo,Bo,Bo
Bo
Bo,Bo,Bo,Bo,Bo,Bo
Bo,Bo,Bo,Bo,Bo,Bo
Bo
Bo,Bo,Bo,Bo,Bo,Bo
Bo
Bo
Bo
Bo,Bo,Bo,Bo,Bo,Bo,Bo
Bo
Bo,Bo,Bo,Bo,Bo,Bo,Bo,Bo,Bo,Bo
Bo,Bo,Bo,Bo,Bo,Bo,Bo
Bo
Bo
Bo
Bo,Bo,Bo,Bo,Bo,Bo,Bo,Bo
Bo
Bo,Bo,Bo,Bo,Bo,Bo,Bo,Bo
Bo,Bo,Bo,Bo,Bo,Bo,Bo,Bo,Bo
Bo
Bo,Bo,Bo,Bo,Bo,Bo,Bo,Bo,Bo
Bo
Bo
Bo
Bo
Bo
Bo
Bo,Bo,Bo,Bo,Bo,Bo,Bo,Bo
Bo
Bo,Bo,Bo,Bo,Bo,Bo,Bo,Bo
Bo
Bo,Bo,Bo,Bo,Bo,Bo,Bo,Bo
Bo,Bo,Bo,Bo,Bo,Bo,Bo,Bo,Bo
Bo
Bo,Bo,Bo,Bo,Bo,Bo,Bo,Bo,Bo
Bo,Bo,Bo,Bo,Bo,Bo,Bo,Bo,Bo
Bo
Bo
Bo,Bo,Bo,Bo,Bo,Bo,Bo,Bo,Bo,Bo
Bo,Bo,Bo,Bo,Bo,Bo,Bo,Bo,Bo
Bo
Bo
Bo
Bo,Bo,Bo,Bo,Bo,Bo,Bo,Bo,Bo
Bo,Bo,Bo,Bo,Bo,Bo,Bo,Bo
Bo
Bo,Bo,Bo,Bo,Bo,Bo,Bo,Bo
Bo
Bo
Bo
Bo
Bo
Bo,Bo,Bo,Bo,Bo,Bo,Bo,Bo,Bo,Bo
Bo,Bo,Bo,Bo,Bo,Bo,Bo,Bo,Bo
Bo
Bo
Bo
Bo
Bo,Bo,Bo,Bo,Bo,Bo,Bo,Bo,Bo
Bo,Bo,Bo,Bo,Bo,Bo,Bo,Bo,Bo,Bo
Bo,Bo,Bo,Bo,Bo,Bo,Bo,Bo,Bo
Bo,Bo,Bo,Bo,Bo,Bo,Bo,Bo,Bo
Bo,Bo,Bo,Bo,Bo,Bo,Bo,Bo,Bo
Bo,Bo,Bo,Bo,Bo,Bo,Bo,Bo,Bo,Bo
Bo,Bo,Bo,Bo,Bo,Bo,Bo,Bo,Bo,Bo
Bo,Bo,Bo,Bo,Bo,Bo,Bo,Bo,Bo,Bo
Bo
Bo,Bo,Bo,Bo,Bo,Bo,Bo,Bo,Bo
Bo,Bo,Bo,Bo,Bo,Bo,Bo,Bo,Bo
Bo,Bo,Bo,Bo,Bo,Bo,Bo,Bo,Bo,Bo,Bo
Bo
Bo
Bo,Bo,Bo,Bo,Bo,Bo,Bo,Bo,Bo,Bo
Bo
Bo,Bo,Bo,Bo,Bo,Bo,Bo,Bo,Bo,Bo
Bo,Bo,Bo,Bo,Bo,Bo,Bo,Bo,Bo,Bo
Bo,Bo,Bo,Bo,Bo,Bo,Bo,Bo,Bo,Bo
Bo,Bo,Bo,Bo,Bo,Bo,Bo,Bo,Bo,Bo,Bo
Bo
Bo
Bo
Bo,Bo,Bo,Bo,Bo,Bo,Bo,Bo,Bo,Bo,Bo,Bo,Bo
Bo,Bo,Bo,Bo,Bo,Bo,Bo,Bo,Bo,Bo,Bo,Bo
Bo,Bo,Bo,Bo,Bo,Bo,Bo,Bo,Bo,Bo,Bo
Bo,Bo,Bo,Bo,Bo,Bo,Bo,Bo,Bo,Bo
Bo
Bo
Bo,Bo,Bo,Bo,Bo,Bo,Bo,Bo,Bo,Bo
Bo,Bo,Bo,Bo,Bo,Bo,Bo,Bo,Bo,Bo
Bo,Bo,Bo,Bo,Bo,Bo,Bo,Bo,Bo,Bo
Bo
Bo
Bo,Bo,Bo,Bo,Bo,Bo,Bo,Bo,Bo
Bo,Bo,Bo,Bo,Bo,Bo,Bo,Bo,Bo,Bo,Bo
Bo,Bo,Bo,Bo,Bo,Bo,Bo,Bo,Bo,Bo,Bo
Bo,Bo,Bo,Bo,Bo,Bo,Bo,Bo,Bo,Bo,Bo
Bo,Bo,Bo,Bo,Bo,Bo,Bo,Bo,Bo,Bo
Bo
Bo
Bo
Bo
Bo,Bo,Bo,Bo,Bo,Bo,Bo,Bo,Bo,Bo
Bo
Bo
Bo
Jedi Wagner, assuma o comando!