vPOMfQwy
vPOMfQwy
vPOMfQwy
vPOMfQwy
vPOMfQwy
vPOMfQwy
vPOMfQwy,vPOMfQwy,fcUN,D
vPOMfQwy
fodLNVU
fodLNVU
vPOMfQwy
vPOMfQwy
vPOMfQwy
fodLNVU,vPOMfQwy,vPOMfQwy,fcUN,D,fcUN,fcUN,D
fodLNVU,vPOMfQwy,D,vPOMfQwy,fcUN,fcUN,fcUN,D
D
vPOMfQwy
fodLNVU,vPOMfQwy,vPOMfQwy,fcUN,D,fcUN,fcUN
fodLNVU,vPOMfQwy,vPOMfQwy,fcUN,D,fcUN,fcUN
fodLNVU,vPOMfQwy,fcUN,vPOMfQwy,D,fcUN,fcUN
fodLNVU
vPOMfQwy,fcUN,vPOMfQwy,fodLNVU,D,fcUN,fcUN,fcUN,fodLNVU,fodLNVU
fodLNVU
fodLNVU
fodLNVU
fodLNVU
fcUN
vPOMfQwy,fcUN,vPOMfQwy,fodLNVU,fcUN,fcUN,fcUN,fodLNVU,fodLNVU,nptgWw
vPOMfQwy,fcUN,vPOMfQwy,fcUN,fcUN,fcUN,fodLNVU,fodLNVU,nptgWw
fcUN
D
fcUN,vPOMfQwy,fodLNVU,D,fcUN,fcUN,fcUN,fodLNVU,fodLNVU
fcUN,vPOMfQwy,fodLNVU,D,fcUN,fcUN,fcUN,fodLNVU,fodLNVU
fcUN,vPOMfQwy,D,fodLNVU,fcUN,fcUN,fcUN,fodLNVU,fodLNVU
fcUN,vPOMfQwy,D,fodLNVU,fcUN,fcUN,fcUN,fodLNVU,fodLNVU
fcUN,vPOMfQwy,D,fodLNVU,fcUN,fcUN,fcUN,fodLNVU,fodLNVU
D
fcUN,vPOMfQwy,fodLNVU,D,fcUN,fcUN,fcUN,fodLNVU,fodLNVU,D,D
fcUN,vPOMfQwy,fodLNVU,D,fcUN,fcUN,fcUN,fodLNVU,fodLNVU,D,D
fcUN
fcUN
fcUN
vPOMfQwy,fcUN,fcUN,fcUN,fcUN,fodLNVU,fodLNVU,D,D
fcUN,vPOMfQwy,fcUN,fcUN,fcUN,fodLNVU,fodLNVU,D,D
fcUN,vPOMfQwy,fcUN,fcUN,fcUN,fodLNVU,fodLNVU,D,D
vPOMfQwy
fcUN,vPOMfQwy,fcUN,fcUN,fcUN,fodLNVU,fodLNVU,D,D
fcUN,fodLNVU,vPOMfQwy,fcUN,fcUN,fcUN,fodLNVU,D,D
fcUN,vPOMfQwy,D,fodLNVU,fcUN,fcUN,fcUN,fodLNVU,fodLNVU
fcUN,vPOMfQwy,D,fodLNVU,fcUN,fcUN,fcUN,fodLNVU,fodLNVU
fcUN,D,fodLNVU,fcUN,fcUN,fcUN,fodLNVU,fodLNVU,JKTe
fcUN
fcUN
fcUN,D,fcUN,fcUN,fcUN,fodLNVU,fodLNVU,fodLNVU,JKTe
fcUN
fcUN,D,fcUN,fcUN,fcUN,fodLNVU,fodLNVU,JKTe
fcUN,D,fcUN,fcUN,fcUN,fodLNVU,fodLNVU,JKTe
fcUN
fcUN
fcUN
fodLNVU
fcUN,fcUN,fcUN,fcUN,fodLNVU,fodLNVU,vPOMfQwy
fodLNVU
fodLNVU
fcUN,fcUN,fcUN,fcUN,fodLNVU,fodLNVU,vPOMfQwy,JKTe
fcUN,fcUN,fcUN,fcUN,fodLNVU,fodLNVU,vPOMfQwy,JKTe
fcUN,fcUN,fcUN,fcUN,fodLNVU,JKTe,fodLNVU,vPOMfQwy
JKTe
fcUN,fcUN,fcUN,fcUN,fodLNVU,JKTe,fodLNVU,vPOMfQwy,nptgWw
JKTe
fcUN,fcUN,fcUN,fcUN,fodLNVU,JKTe,fodLNVU,vPOMfQwy
JKTe
JKTe
fcUN,fcUN,fcUN,fcUN,fodLNVU,JKTe,fodLNVU,vPOMfQwy,D,nptgWw
JKTe
fcUN,fcUN,fcUN,fcUN,fodLNVU,JKTe,fodLNVU,vPOMfQwy,D,nptgWw,fcUN
fcUN,fcUN,fcUN,fcUN,fodLNVU,JKTe,fodLNVU,vPOMfQwy,D,nptgWw,fcUN
JKTe
JKTe
JKTe
fcUN,fcUN,fcUN,fcUN,fodLNVU,JKTe,fodLNVU,D,nptgWw,fcUN
JKTe
fcUN,fcUN,fcUN,fcUN,fodLNVU,JKTe,fodLNVU,D,nptgWw,fcUN,fodLNVU
JKTe
fcUN,fcUN,fcUN,fcUN,fodLNVU,JKTe,fodLNVU,vPOMfQwy,fcUN
JKTe
fcUN,fcUN,fcUN,fcUN,fodLNVU,JKTe,fodLNVU,vPOMfQwy,fcUN
JKTe
JKTe
JKTe
fcUN,fcUN,fcUN,fcUN,fodLNVU,JKTe,fodLNVU,vPOMfQwy,UC
JKTe
fcUN,fcUN,fcUN,fcUN,fodLNVU,JKTe,fodLNVU,UC
JKTe
JKTe
fcUN,fcUN,fcUN,fcUN,fodLNVU,UC,JKTe,fodLNVU
fcUN,fcUN,fcUN,fcUN,fodLNVU,UC,JKTe,fodLNVU
fcUN,fcUN,fcUN,fcUN,fodLNVU,UC,JKTe,fodLNVU,fodLNVU
fodLNVU
fodLNVU
fodLNVU
fodLNVU
fcUN,fcUN,fcUN,fcUN,UC,JKTe,fodLNVU,fodLNVU,fodLNVU,fcUN,vPOMfQwy,UC
fcUN,fcUN,fcUN,fcUN,fodLNVU,UC,fodLNVU,JKTe,fodLNVU
JKTe
fcUN,fcUN,fcUN,fcUN,fodLNVU,UC,JKTe,fodLNVU,fodLNVU
fodLNVU
fodLNVU
fodLNVU
fcUN,fcUN,fcUN,fcUN,fodLNVU,JKTe,fodLNVU,fodLNVU,JKTe
fcUN,fcUN,fcUN,fcUN,fodLNVU,UC,JKTe,fodLNVU,fodLNVU
fcUN,fcUN,fcUN,fodLNVU,UC,JKTe,fodLNVU,fcUN,fodLNVU,nptgWw,UC
nptgWw
fcUN,fcUN,fcUN,fodLNVU,UC,JKTe,fodLNVU,nptgWw,fcUN,fodLNVU,UC
nptgWw
fcUN
fodLNVU
nptgWw
fcUN,fcUN,fcUN,fodLNVU,UC,JKTe,fodLNVU,fcUN,fodLNVU,nptgWw,UC
fcUN,fcUN,fcUN,fodLNVU,UC,JKTe,fodLNVU,fcUN,fodLNVU,nptgWw,UC,D
fcUN,fcUN,fcUN,fodLNVU,UC,JKTe,fodLNVU,fcUN,fodLNVU,D,nptgWw,UC
fcUN,fcUN,fcUN,fodLNVU,UC,JKTe,fodLNVU,fcUN,fodLNVU,D,nptgWw,UC
fcUN,fcUN,fcUN,fodLNVU,UC,JKTe,fodLNVU,fcUN,fodLNVU,D,nptgWw,UC,D
fcUN,fcUN,fcUN,fodLNVU,JKTe,fodLNVU,fcUN,fodLNVU,D,UC,nptgWw,UC,D,vPOMfQwy
fcUN,fcUN,fcUN,fodLNVU,UC,JKTe,fodLNVU,fcUN,fodLNVU,nptgWw,UC,nptgWw
fcUN,fcUN,fcUN,fodLNVU,UC,JKTe,fodLNVU,fcUN,fodLNVU,nptgWw,UC,nptgWw
JKTe
JKTe
fcUN,fcUN,fcUN,fodLNVU,UC,fodLNVU,fcUN,fodLNVU,nptgWw,JKTe,UC,nptgWw,vPOMfQwy,CUyuYotAn
fcUN,fcUN,fodLNVU,UC,JKTe,fodLNVU,fcUN,fodLNVU,nptgWw,UC,fodLNVU
fodLNVU
fcUN,fcUN,fodLNVU,UC,JKTe,fodLNVU,fcUN,fodLNVU,nptgWw,UC
fcUN,fcUN,fodLNVU,UC,JKTe,fodLNVU,fcUN,fodLNVU,nptgWw,UC
fcUN,fcUN,fodLNVU,UC,JKTe,fodLNVU,fcUN,fodLNVU,nptgWw,UC
fcUN,fcUN,fcUN,fodLNVU,UC,JKTe,fodLNVU,fcUN,fodLNVU,nptgWw,UC,fodLNVU
fcUN,fcUN,fcUN,fodLNVU,UC,JKTe,fodLNVU,fcUN,fodLNVU,nptgWw,UC,nptgWw
nptgWw
nptgWw
fcUN,fcUN,fcUN,fodLNVU,UC,JKTe,fodLNVU,fcUN,fodLNVU,nptgWw,UC,nptgWw
fcUN,fcUN,fcUN,fodLNVU,UC,JKTe,fodLNVU,fcUN,fodLNVU,nptgWw,UC,nptgWw,fodLNVU
nptgWw
fcUN,fcUN,fcUN,fodLNVU,UC,JKTe,fodLNVU,fcUN,fodLNVU,nptgWw,UC,nptgWw,fodLNVU,D
nptgWw
UC
fcUN,fcUN,fcUN,fodLNVU,JKTe,fodLNVU,fcUN,fodLNVU,nptgWw,UC,nptgWw,fodLNVU,D
fcUN,fcUN,fcUN,fodLNVU,UC,JKTe,fodLNVU,fcUN,fodLNVU,UC,nptgWw,nptgWw,fodLNVU,D
UC
UC
fodLNVU
fodLNVU
fcUN,fcUN,fcUN,fodLNVU,UC,JKTe,fodLNVU,fcUN,fodLNVU,UC,nptgWw,nptgWw,fodLNVU,nptgWw,nGdrrcKVoJ,nptgWw
JKTe
JKTe
fcUN,fcUN,fcUN,UC,fodLNVU,fcUN,fodLNVU,UC,nptgWw,nptgWw,fodLNVU,JKTe,fodLNVU,nptgWw,nGdrrcKVoJ,nptgWw,D
fodLNVU
fcUN,fcUN,fcUN,UC,fodLNVU,fcUN,fodLNVU,UC,nptgWw,nptgWw,fodLNVU,JKTe,fodLNVU,nptgWw,nGdrrcKVoJ,nptgWw,D
fcUN,fcUN,fcUN,UC,fodLNVU,fcUN,fodLNVU,UC,nptgWw,nptgWw,fodLNVU,JKTe,fodLNVU,nptgWw,nGdrrcKVoJ,nptgWw,D,fodLNVU,UC
fcUN
fcUN,fcUN,fodLNVU,fcUN,fodLNVU,UC,nptgWw,fodLNVU,JKTe,fodLNVU,nptgWw,UC,fcUN,nGdrrcKVoJ,nptgWw,D,fodLNVU,UC
Jedi Wagner, assuma o comando!