[vazia]
[vazia]
Toque! Toque, Dijê!
wyo
wyo
wyo
wyo
wyo
wyo
wyo
wyo,CkcyEavZdY,e
wyo,CkcyEavZdY,e
wyo
wyo
wyo,wyo
wyo,wyo
wyo,FTUgMo
wyo
FTUgMo
wyo
wyo
wyo,rM
wyo,rM
wyo
rM
rM
rM,FTUgMo
rM,FTUgMo
FTUgMo
rM,FTUgMo
rM
rM
rM
rM,FTUgMo
FTUgMo
rM,FTUgMo,FTUgMo
FTUgMo
rM,FTUgMo,wyo,FTUgMo,FTUgMo
FTUgMo
FTUgMo
FTUgMo,wyo,FTUgMo,FTUgMo
FTUgMo,FTUgMo,FTUgMo,wyo
FTUgMo
FTUgMo
FTUgMo
FTUgMo
FTUgMo
rM,FTUgMo,FTUgMo
FTUgMo
FTUgMo
rM,FTUgMo,FTUgMo
rM,FTUgMo,FTUgMo
rM
FTUgMo
rM,FTUgMo,FTUgMo,wyo
rM,FTUgMo,FTUgMo
FTUgMo
FTUgMo,FTUgMo,FTUgMo,FTUgMo
FTUgMo,FTUgMo,FTUgMo,FTUgMo
FTUgMo
FTUgMo
FTUgMo
rM,FTUgMo,FTUgMo
FTUgMo,FTUgMo,wyo
FTUgMo
Jedi Wagner, assuma o comando!