Toque! Toque, Dijê!
Toque! Toque, Dijê!
XhRwuM
[vazia]
Toque! Toque, Dijê!
[vazia]
[vazia]
[vazia]
LRE
LRE
LRE,LRE
LRE
LRE
[vazia]
Toque! Toque, Dijê!
Toque! Toque, Dijê!
Toque! Toque, Dijê!
Toque! Toque, Dijê!
[vazia]
Toque! Toque, Dijê!
[vazia]
Toque! Toque, Dijê!
Toque! Toque, Dijê!
Toque! Toque, Dijê!
XhRwuM
XhRwuM
XhRwuM
[vazia]
LRE,XhRwuM
LRE,XhRwuM
LRE
LRE
Toque! Toque, Dijê!
XhRwuM
LRE,XhRwuM
LRE,XhRwuM
XhRwuM
LRE
LRE,XhRwuM
LRE,XhRwuM
LRE,XhRwuM
LRE,XhRwuM
LRE,XhRwuM
LRE
Jedi Wagner, assuma o comando!