Toque! Toque, Dijê!
[vazia]
[vazia]
[vazia]
[vazia]
NZ
NZ
NZ
NZ
NZ
NZ,nLKOI
NZ,nLKOI
nLKOI
nLKOI
[vazia]
[vazia]
NZ
NZ
NZ
Toque! Toque, Dijê!
[vazia]
Toque! Toque, Dijê!
Toque! Toque, Dijê!
Toque! Toque, Dijê!
[vazia]
Toque! Toque, Dijê!
nLKOI
nLKOI
nLKOI
[vazia]
Toque! Toque, Dijê!
[vazia]
[vazia]
Toque! Toque, Dijê!
NZ
NZ
NZ
NZ
NZ
NZ
NZ
NZ
NZ
NZ,nLKOI
NZ,nLKOI
NZ
NZ
NZ
NZ
NZ
NZ
NZ
NZ,Evu
NZ
NZ
NZ
NZ
NZ,nLKOI
NZ
NZ
NZ,nLKOI
NZ,nLKOI,Evu
NZ
NZ,nLKOI
NZ,nLKOI
NZ,nLKOI,NZ
NZ,nLKOI,nLKOI
NZ,nLKOI,nLKOI,NZ,Evu
NZ,nLKOI,nLKOI,NZ,Evu
nLKOI,nLKOI,NZ,Evu
Evu
Evu
Evu
Evu
nLKOI
nLKOI
nLKOI,nLKOI,Evu
nLKOI,nLKOI,Evu,nLKOI
nLKOI,nLKOI,Evu,nLKOI
Evu
nLKOI,nLKOI,Evu,nLKOI,nLKOI
nLKOI,nLKOI,Evu,nLKOI,nLKOI
Evu
Evu
nLKOI,Evu,nLKOI,nLKOI,nLKOI,nLKOI
nLKOI
nLKOI
nLKOI,nLKOI,nLKOI,Evu,NZ,nLKOI,nLKOI
nLKOI,nLKOI,Evu,NZ,nLKOI,nLKOI
nLKOI
nLKOI
nLKOI
nLKOI,nLKOI,Evu,NZ,nLKOI,nLKOI
Evu
nLKOI
nLKOI
nLKOI
nLKOI
nLKOI
nLKOI,nLKOI,Evu,NZ,nLKOI,nLKOI
nLKOI
nLKOI
nLKOI,nLKOI,Evu,NZ,nLKOI,nLKOI
nLKOI,nLKOI,Evu,NZ,nLKOI,nLKOI
nLKOI,nLKOI,Evu,NZ,nLKOI,nLKOI
Evu
Evu,nLKOI,nLKOI,NZ,nLKOI,nLKOI,Evu,Evu
Evu,nLKOI,nLKOI,NZ,nLKOI,nLKOI,Evu,Evu
Evu
Evu
Evu
Evu,nLKOI,nLKOI,NZ,nLKOI,nLKOI,Evu,Evu,Evu,Evu
Evu
Evu,nLKOI,nLKOI,nLKOI,nLKOI,Evu,Evu,Evu,Evu
Evu
Evu,nLKOI,nLKOI
Evu,nLKOI,nLKOI
nLKOI,nLKOI
nLKOI
nLKOI,NZ
nLKOI,nLKOI,NZ,NZ
NZ
nLKOI,nLKOI,NZ,NZ
NZ
nLKOI,NZ,NZ
nLKOI,NZ,NZ
NZ
nLKOI,NZ,NZ,NZ
NZ
NZ
nLKOI,nLKOI,NZ,NZ
NZ
nLKOI,nLKOI,NZ
NZ
nLKOI,nLKOI,NZ
nLKOI,nLKOI,NZ
nLKOI
nLKOI,nLKOI,NZ
nLKOI,nLKOI
nLKOI
nLKOI
nLKOI,nLKOI,NZ
nLKOI,nLKOI
nLKOI,nLKOI,NZ
nLKOI,nLKOI
nLKOI,nLKOI
nLKOI
nLKOI
nLKOI
nLKOI,nLKOI
nLKOI
nLKOI,nLKOI,Evu
nLKOI,Evu,nLKOI
nLKOI
nLKOI,Evu,nLKOI,nLKOI
Evu
nLKOI
Evu
nLKOI,Evu,nLKOI,nLKOI
nLKOI,Evu,nLKOI,nLKOI
Evu,nLKOI,nLKOI
nLKOI,Evu,nLKOI
Jedi Wagner, assuma o comando!