mmzduQbVlh
mmzduQbVlh
mmzduQbVlh
mmzduQbVlh
[vazia]
[vazia]
Toque! Toque, Dijê!
Toque! Toque, Dijê!
xZzrbW
xZzrbW
xZzrbW
xZzrbW
xZzrbW
xZzrbW
xZzrbW,xZzrbW
xZzrbW,xZzrbW
xZzrbW
xZzrbW
xZzrbW
xZzrbW,xZzrbW
xZzrbW
xZzrbW,xZzrbW
xZzrbW,xZzrbW
xZzrbW
[vazia]
xZzrbW,mmzduQbVlh
xZzrbW,mmzduQbVlh,xZzrbW,mmzduQbVlh
xZzrbW,mmzduQbVlh,xZzrbW,mmzduQbVlh
xZzrbW,mmzduQbVlh,xZzrbW,mmzduQbVlh
xZzrbW
xZzrbW
xZzrbW
xZzrbW,mmzduQbVlh
xZzrbW
xZzrbW
xZzrbW
[vazia]
mmzduQbVlh
mmzduQbVlh
mmzduQbVlh
mmzduQbVlh
xZzrbW
xZzrbW,mmzduQbVlh
xZzrbW,mmzduQbVlh
xZzrbW,mmzduQbVlh
xZzrbW,mmzduQbVlh,mmzduQbVlh
xZzrbW,mmzduQbVlh,mmzduQbVlh,mmzduQbVlh,xZzrbW
xZzrbW
xZzrbW
mmzduQbVlh,xZzrbW
mmzduQbVlh
mmzduQbVlh
mmzduQbVlh,mmzduQbVlh,xZzrbW,xZzrbW
xZzrbW,mmzduQbVlh,mmzduQbVlh,xZzrbW
xZzrbW
mmzduQbVlh
xZzrbW,mmzduQbVlh,mmzduQbVlh,xZzrbW
xZzrbW
xZzrbW
mmzduQbVlh,xZzrbW,mmzduQbVlh
mmzduQbVlh,xZzrbW,mmzduQbVlh
mmzduQbVlh,mmzduQbVlh,mmzduQbVlh,xZzrbW,xZzrbW
mmzduQbVlh
mmzduQbVlh
mmzduQbVlh
mmzduQbVlh,xZzrbW,mmzduQbVlh,xZzrbW,mmzduQbVlh
mmzduQbVlh
xZzrbW
xZzrbW
mmzduQbVlh,xZzrbW,mmzduQbVlh,xZzrbW,mmzduQbVlh,xZzrbW
mmzduQbVlh,xZzrbW,mmzduQbVlh,xZzrbW,mmzduQbVlh,xZzrbW
mmzduQbVlh,xZzrbW,mmzduQbVlh,xZzrbW,mmzduQbVlh,xZzrbW
mmzduQbVlh
mmzduQbVlh,xZzrbW,mmzduQbVlh,xZzrbW,mmzduQbVlh,xZzrbW
mmzduQbVlh,xZzrbW,mmzduQbVlh,xZzrbW,mmzduQbVlh,xZzrbW
mmzduQbVlh
mmzduQbVlh,xZzrbW,mmzduQbVlh,xZzrbW,mmzduQbVlh,xZzrbW
mmzduQbVlh
xZzrbW,mmzduQbVlh,xZzrbW,mmzduQbVlh,xZzrbW,xZzrbW,xZzrbW
mmzduQbVlh
mmzduQbVlh
xZzrbW,mmzduQbVlh,mmzduQbVlh,xZzrbW,mmzduQbVlh,xZzrbW,mmzduQbVlh
mmzduQbVlh,xZzrbW,mmzduQbVlh,xZzrbW,mmzduQbVlh,xZzrbW,mmzduQbVlh
mmzduQbVlh,mmzduQbVlh,xZzrbW,mmzduQbVlh,xZzrbW,mmzduQbVlh,mmzduQbVlh,mmzduQbVlh
mmzduQbVlh,mmzduQbVlh,xZzrbW,mmzduQbVlh,xZzrbW,mmzduQbVlh,mmzduQbVlh,mmzduQbVlh
mmzduQbVlh
xZzrbW,mmzduQbVlh,mmzduQbVlh,mmzduQbVlh,xZzrbW,mmzduQbVlh,mmzduQbVlh,mmzduQbVlh,xZzrbW,mmzduQbVlh,mmzduQbVlh,mmzduQbVlh
xZzrbW,mmzduQbVlh,mmzduQbVlh,mmzduQbVlh,xZzrbW,mmzduQbVlh,mmzduQbVlh,mmzduQbVlh,xZzrbW,mmzduQbVlh,mmzduQbVlh,mmzduQbVlh
mmzduQbVlh,xZzrbW,mmzduQbVlh,mmzduQbVlh,xZzrbW,mmzduQbVlh,mmzduQbVlh,mmzduQbVlh,xZzrbW,mmzduQbVlh,mmzduQbVlh,mmzduQbVlh
mmzduQbVlh
xZzrbW,mmzduQbVlh,mmzduQbVlh,xZzrbW,mmzduQbVlh,xZzrbW,xZzrbW
xZzrbW,mmzduQbVlh,mmzduQbVlh,xZzrbW,mmzduQbVlh,xZzrbW,xZzrbW
xZzrbW,mmzduQbVlh,mmzduQbVlh,xZzrbW,mmzduQbVlh,xZzrbW,xZzrbW
xZzrbW
xZzrbW,mmzduQbVlh,mmzduQbVlh,xZzrbW,mmzduQbVlh,xZzrbW,xZzrbW,xZzrbW
mmzduQbVlh
mmzduQbVlh,mmzduQbVlh,xZzrbW,xZzrbW,xZzrbW
xZzrbW
xZzrbW
mmzduQbVlh
mmzduQbVlh,mmzduQbVlh,xZzrbW,mmzduQbVlh,xZzrbW
mmzduQbVlh
xZzrbW
xZzrbW
mmzduQbVlh,xZzrbW,mmzduQbVlh,xZzrbW,mmzduQbVlh,xZzrbW
mmzduQbVlh
mmzduQbVlh
xZzrbW,mmzduQbVlh,xZzrbW,mmzduQbVlh,mmzduQbVlh,xZzrbW,mmzduQbVlh
mmzduQbVlh
mmzduQbVlh,xZzrbW,mmzduQbVlh,xZzrbW,mmzduQbVlh,xZzrbW
xZzrbW
mmzduQbVlh,xZzrbW,mmzduQbVlh,xZzrbW,mmzduQbVlh,xZzrbW
mmzduQbVlh,xZzrbW,mmzduQbVlh,xZzrbW,mmzduQbVlh,xZzrbW
mmzduQbVlh
xZzrbW,xZzrbW,mmzduQbVlh,mmzduQbVlh,xZzrbW,mmzduQbVlh
mmzduQbVlh
mmzduQbVlh
xZzrbW,xZzrbW,mmzduQbVlh,mmzduQbVlh,xZzrbW,mmzduQbVlh
xZzrbW
mmzduQbVlh,xZzrbW,mmzduQbVlh,xZzrbW,mmzduQbVlh,xZzrbW
xZzrbW
mmzduQbVlh,xZzrbW,mmzduQbVlh,xZzrbW,mmzduQbVlh,xZzrbW,mmzduQbVlh,mmzduQbVlh
mmzduQbVlh,xZzrbW,mmzduQbVlh,xZzrbW,mmzduQbVlh,mmzduQbVlh,mmzduQbVlh
mmzduQbVlh
mmzduQbVlh,mmzduQbVlh,mmzduQbVlh,mmzduQbVlh,mmzduQbVlh
mmzduQbVlh,mmzduQbVlh,xZzrbW,mmzduQbVlh,mmzduQbVlh,mmzduQbVlh
mmzduQbVlh
mmzduQbVlh
mmzduQbVlh,mmzduQbVlh,xZzrbW,mmzduQbVlh,mmzduQbVlh,mmzduQbVlh
mmzduQbVlh,mmzduQbVlh,xZzrbW,mmzduQbVlh,mmzduQbVlh,mmzduQbVlh
xZzrbW,mmzduQbVlh,mmzduQbVlh,mmzduQbVlh,mmzduQbVlh
mmzduQbVlh
mmzduQbVlh
mmzduQbVlh
xZzrbW,mmzduQbVlh,mmzduQbVlh,mmzduQbVlh,xZzrbW,mmzduQbVlh
xZzrbW
xZzrbW,mmzduQbVlh,mmzduQbVlh,xZzrbW,mmzduQbVlh,mmzduQbVlh,xZzrbW,xZzrbW,xZzrbW,xZzrbW
mmzduQbVlh,mmzduQbVlh,xZzrbW,mmzduQbVlh,mmzduQbVlh,mmzduQbVlh
mmzduQbVlh,mmzduQbVlh,xZzrbW,mmzduQbVlh,mmzduQbVlh,mmzduQbVlh
mmzduQbVlh,mmzduQbVlh,mmzduQbVlh,mmzduQbVlh,mmzduQbVlh
mmzduQbVlh,mmzduQbVlh,mmzduQbVlh,mmzduQbVlh,mmzduQbVlh
mmzduQbVlh,mmzduQbVlh,mmzduQbVlh,mmzduQbVlh,mmzduQbVlh
mmzduQbVlh
Jedi Wagner, assuma o comando!