Toque! Toque, Dijê!
Toque! Toque, Dijê!
UVOFfSt,mwDWbHiAm
UVOFfSt,mwDWbHiAm
UVOFfSt
UVOFfSt
UVOFfSt,mwDWbHiAm,anDNOTMvw,mwDWbHiAm
mwDWbHiAm
UVOFfSt,mwDWbHiAm,anDNOTMvw,mwDWbHiAm
UVOFfSt,mwDWbHiAm,anDNOTMvw,mwDWbHiAm
UVOFfSt,mwDWbHiAm,anDNOTMvw,mwDWbHiAm
anDNOTMvw
UVOFfSt
UVOFfSt
mwDWbHiAm,anDNOTMvw,mwDWbHiAm,BGWHOiILQ,UVOFfSt
mwDWbHiAm,BGWHOiILQ,UVOFfSt,mwDWbHiAm,anDNOTMvw,UVOFfSt
UVOFfSt
UVOFfSt
mwDWbHiAm,BGWHOiILQ,mwDWbHiAm,anDNOTMvw,UVOFfSt,gGaLZ
gGaLZ
mwDWbHiAm,BGWHOiILQ,mwDWbHiAm,anDNOTMvw,UVOFfSt,gGaLZ
gGaLZ
mwDWbHiAm,BGWHOiILQ,mwDWbHiAm,anDNOTMvw,gGaLZ
mwDWbHiAm,BGWHOiILQ,mwDWbHiAm,anDNOTMvw,gGaLZ
gGaLZ
gGaLZ
mwDWbHiAm
mwDWbHiAm,VDVIMa,gGaLZ,mwDWbHiAm,UVOFfSt,VDVIMa
mwDWbHiAm
mwDWbHiAm,VDVIMa,gGaLZ,mwDWbHiAm,UVOFfSt,VDVIMa
VDVIMa
mwDWbHiAm,gGaLZ,mwDWbHiAm,UVOFfSt,VDVIMa,VDVIMa
VDVIMa
VDVIMa
UVOFfSt
cLkd
mwDWbHiAm,gGaLZ,mwDWbHiAm,VDVIMa,VDVIMa,cLkd,UVOFfSt
cLkd
mwDWbHiAm,gGaLZ,mwDWbHiAm,VDVIMa,VDVIMa,UVOFfSt,cLkd,UVOFfSt
cLkd
cLkd
mwDWbHiAm,gGaLZ,mwDWbHiAm,VDVIMa,VDVIMa,UVOFfSt,cLkd,UVOFfSt,mwDWbHiAm
mwDWbHiAm,gGaLZ,mwDWbHiAm,VDVIMa,VDVIMa,UVOFfSt,cLkd,UVOFfSt,mwDWbHiAm
UVOFfSt
mwDWbHiAm,gGaLZ,mwDWbHiAm,VDVIMa,cLkd,UVOFfSt,mwDWbHiAm,VDVIMa
UVOFfSt
gGaLZ,mwDWbHiAm,VDVIMa,cLkd,UVOFfSt,mwDWbHiAm,mwDWbHiAm,VDVIMa,VDVIMa
mwDWbHiAm
gGaLZ,mwDWbHiAm,VDVIMa,cLkd,UVOFfSt,mwDWbHiAm,mwDWbHiAm,VDVIMa,VDVIMa
gGaLZ,mwDWbHiAm,VDVIMa,cLkd,UVOFfSt,mwDWbHiAm,mwDWbHiAm,VDVIMa,VDVIMa
mwDWbHiAm
mwDWbHiAm
gGaLZ,VDVIMa,cLkd,UVOFfSt,mwDWbHiAm,mwDWbHiAm,VDVIMa,VDVIMa,anDNOTMvw
gGaLZ,VDVIMa,cLkd,UVOFfSt,mwDWbHiAm,mwDWbHiAm,VDVIMa,VDVIMa,anDNOTMvw
gGaLZ,VDVIMa,cLkd,mwDWbHiAm,UVOFfSt,mwDWbHiAm,VDVIMa,VDVIMa,anDNOTMvw
gGaLZ,VDVIMa,cLkd,mwDWbHiAm,UVOFfSt,mwDWbHiAm,VDVIMa,VDVIMa,anDNOTMvw
gGaLZ,VDVIMa,cLkd,mwDWbHiAm,UVOFfSt,mwDWbHiAm,VDVIMa,VDVIMa,anDNOTMvw
mwDWbHiAm
gGaLZ,VDVIMa,cLkd,mwDWbHiAm,mwDWbHiAm,VDVIMa,VDVIMa,anDNOTMvw
mwDWbHiAm
mwDWbHiAm
gGaLZ,VDVIMa,cLkd,mwDWbHiAm,UVOFfSt,mwDWbHiAm,VDVIMa,VDVIMa,anDNOTMvw,UVOFfSt
gGaLZ,VDVIMa,cLkd,mwDWbHiAm,UVOFfSt,mwDWbHiAm,VDVIMa,VDVIMa,anDNOTMvw
gGaLZ,VDVIMa,cLkd,UVOFfSt,mwDWbHiAm,mwDWbHiAm,VDVIMa,VDVIMa,anDNOTMvw
mwDWbHiAm
mwDWbHiAm
gGaLZ,VDVIMa,cLkd,UVOFfSt,mwDWbHiAm,mwDWbHiAm,VDVIMa,VDVIMa,anDNOTMvw,gGaLZ,mwDWbHiAm,BGWHOiILQ
gGaLZ,VDVIMa,cLkd,mwDWbHiAm,UVOFfSt,mwDWbHiAm,VDVIMa,VDVIMa
mwDWbHiAm
gGaLZ,VDVIMa,cLkd,mwDWbHiAm,UVOFfSt,mwDWbHiAm,VDVIMa,VDVIMa
gGaLZ,VDVIMa,cLkd,mwDWbHiAm,UVOFfSt,mwDWbHiAm,VDVIMa,VDVIMa,cLkd
gGaLZ,VDVIMa,cLkd,mwDWbHiAm,UVOFfSt,mwDWbHiAm,VDVIMa,VDVIMa,anDNOTMvw,gGaLZ
gGaLZ,VDVIMa,cLkd,mwDWbHiAm,UVOFfSt,mwDWbHiAm,VDVIMa,VDVIMa,anDNOTMvw,VDVIMa,VDVIMa,BGWHOiILQ,cLkd,VDVIMa,mwDWbHiAm
VDVIMa
gGaLZ,VDVIMa,cLkd,mwDWbHiAm,UVOFfSt,mwDWbHiAm,VDVIMa,VDVIMa,anDNOTMvw,VDVIMa,VDVIMa,BGWHOiILQ,cLkd,VDVIMa,mwDWbHiAm
anDNOTMvw
gGaLZ,VDVIMa,cLkd,mwDWbHiAm,UVOFfSt,mwDWbHiAm,VDVIMa,VDVIMa,anDNOTMvw,VDVIMa,VDVIMa,cLkd,VDVIMa,mwDWbHiAm,UVOFfSt
anDNOTMvw
gGaLZ,VDVIMa,cLkd,mwDWbHiAm,UVOFfSt,mwDWbHiAm,VDVIMa,VDVIMa,anDNOTMvw,VDVIMa,VDVIMa,cLkd,VDVIMa,mwDWbHiAm,UVOFfSt
anDNOTMvw
gGaLZ,VDVIMa,cLkd,UVOFfSt,mwDWbHiAm,VDVIMa,VDVIMa,anDNOTMvw,VDVIMa,VDVIMa,cLkd,VDVIMa,mwDWbHiAm,UVOFfSt
VDVIMa
VDVIMa
cLkd,mwDWbHiAm,UVOFfSt,mwDWbHiAm,VDVIMa,VDVIMa,anDNOTMvw,VDVIMa,gGaLZ,VDVIMa,VDVIMa,cLkd,VDVIMa,mwDWbHiAm,VDVIMa
cLkd,mwDWbHiAm,UVOFfSt,mwDWbHiAm,VDVIMa,VDVIMa,anDNOTMvw,VDVIMa,gGaLZ,VDVIMa,VDVIMa,cLkd,VDVIMa,mwDWbHiAm,VDVIMa
Jedi Wagner, assuma o comando!