Toque! Toque, Dijê!
[vazia]
[vazia]
[vazia]
k
k,IYqdUSttSO
k,IYqdUSttSO
k
k,IYqdUSttSO
k
k
k,iUEIilD
k
k
k,d
k
k
k
k
k
Toque! Toque, Dijê!
k
k
k
k
k
k
k
k
k
k
k
k
k
k
i,k
i,k
k
i,k,IYqdUSttSO
i,k,IYqdUSttSO,lyTAQUjKkZ
i,k,IYqdUSttSO
i,k,IYqdUSttSO,CblvirVFxY
i,k,IYqdUSttSO
IYqdUSttSO
IYqdUSttSO
IYqdUSttSO
IYqdUSttSO
IYqdUSttSO
IYqdUSttSO,i,ZtEnvAgQh
i
IYqdUSttSO
IYqdUSttSO
IYqdUSttSO
CblvirVFxY
CblvirVFxY
CblvirVFxY
i,k,CblvirVFxY,IYqdUSttSO,maeuJoR,mYeajahfiV,IYqdUSttSO
k,CblvirVFxY,IYqdUSttSO,maeuJoR,mYeajahfiV
CblvirVFxY
IYqdUSttSO
IYqdUSttSO
IYqdUSttSO
CblvirVFxY,IYqdUSttSO,k,maeuJoR,mYeajahfiV,mYeajahfiV
CblvirVFxY,IYqdUSttSO,k,maeuJoR,mYeajahfiV,mYeajahfiV
k
CblvirVFxY,IYqdUSttSO,k,maeuJoR,mYeajahfiV,mYeajahfiV,d
CblvirVFxY,IYqdUSttSO,k,maeuJoR,mYeajahfiV,mYeajahfiV,d
CblvirVFxY,IYqdUSttSO,k,maeuJoR,mYeajahfiV,mYeajahfiV,d,maeuJoR
k
IYqdUSttSO
k
k
k
k
IYqdUSttSO,k,mYeajahfiV,CblvirVFxY,mYeajahfiV,i,lyTAQUjKkZ,iUEIilD,i
mYeajahfiV
mYeajahfiV
CblvirVFxY
IYqdUSttSO,k,CblvirVFxY,mYeajahfiV,mYeajahfiV,i,lyTAQUjKkZ,iUEIilD,i,i,ZtEnvAgQh
IYqdUSttSO,k,CblvirVFxY,mYeajahfiV,mYeajahfiV,i,lyTAQUjKkZ,iUEIilD,i,i,ZtEnvAgQh,ZtEnvAgQh
mYeajahfiV
IYqdUSttSO,k,CblvirVFxY,mYeajahfiV,mYeajahfiV,i,lyTAQUjKkZ,iUEIilD,i,i,ZtEnvAgQh,ZtEnvAgQh,i,iUEIilD,iUEIilD
mYeajahfiV
IYqdUSttSO,k,CblvirVFxY,mYeajahfiV,mYeajahfiV,lyTAQUjKkZ,iUEIilD,i,i,ZtEnvAgQh,ZtEnvAgQh,i,iUEIilD,iUEIilD
IYqdUSttSO,k,CblvirVFxY,iUEIilD,mYeajahfiV,mYeajahfiV,lyTAQUjKkZ,i,ZtEnvAgQh,ZtEnvAgQh,i,iUEIilD,iUEIilD
IYqdUSttSO,k,CblvirVFxY,iUEIilD,mYeajahfiV,mYeajahfiV,i,ZtEnvAgQh,ZtEnvAgQh,i,iUEIilD,iUEIilD
IYqdUSttSO
mYeajahfiV
IYqdUSttSO,k,CblvirVFxY,mYeajahfiV,mYeajahfiV,i,lyTAQUjKkZ,iUEIilD,i,i,ZtEnvAgQh
mYeajahfiV
mYeajahfiV
mYeajahfiV
IYqdUSttSO,k,CblvirVFxY,mYeajahfiV,mYeajahfiV,i,lyTAQUjKkZ,iUEIilD,i,i,ZtEnvAgQh,k
IYqdUSttSO,CblvirVFxY,mYeajahfiV,mYeajahfiV,i,lyTAQUjKkZ,iUEIilD,i,i,ZtEnvAgQh
mYeajahfiV
iUEIilD
IYqdUSttSO,k,CblvirVFxY,mYeajahfiV,iUEIilD,mYeajahfiV,i,lyTAQUjKkZ,i,i,ZtEnvAgQh,k
iUEIilD
IYqdUSttSO,k,CblvirVFxY,mYeajahfiV,iUEIilD,mYeajahfiV,i,lyTAQUjKkZ,i,i,ZtEnvAgQh,k,lyTAQUjKkZ
k,CblvirVFxY,mYeajahfiV,iUEIilD,mYeajahfiV,i,IYqdUSttSO,lyTAQUjKkZ,i,i,ZtEnvAgQh,k,lyTAQUjKkZ
k,CblvirVFxY,mYeajahfiV,iUEIilD,mYeajahfiV,i,IYqdUSttSO,lyTAQUjKkZ,i,i,k,lyTAQUjKkZ,CblvirVFxY
i
k,CblvirVFxY,mYeajahfiV,iUEIilD,mYeajahfiV,i,IYqdUSttSO,lyTAQUjKkZ,i,i,k,lyTAQUjKkZ,CblvirVFxY
k
k,CblvirVFxY,mYeajahfiV,iUEIilD,mYeajahfiV,i,IYqdUSttSO,lyTAQUjKkZ,i,i,k,lyTAQUjKkZ,CblvirVFxY
k
k,mYeajahfiV,iUEIilD,mYeajahfiV,i,lyTAQUjKkZ,i,i,k,IYqdUSttSO,lyTAQUjKkZ,CblvirVFxY
k
k
k,mYeajahfiV,iUEIilD,mYeajahfiV,lyTAQUjKkZ,i,i,k,i,IYqdUSttSO,lyTAQUjKkZ
lyTAQUjKkZ
lyTAQUjKkZ
k
mYeajahfiV
k,iUEIilD,i,mYeajahfiV,lyTAQUjKkZ,i,k,i,IYqdUSttSO,lyTAQUjKkZ,iUEIilD,i,i
i
mYeajahfiV
mYeajahfiV
k,iUEIilD,mYeajahfiV,i,lyTAQUjKkZ,i,k,i,IYqdUSttSO,lyTAQUjKkZ,iUEIilD,i,i
k,iUEIilD,mYeajahfiV,i,lyTAQUjKkZ,i,k,i,IYqdUSttSO,lyTAQUjKkZ,iUEIilD,i,i
mYeajahfiV
mYeajahfiV
lyTAQUjKkZ
k,iUEIilD,mYeajahfiV,lyTAQUjKkZ,i,i,k,i,IYqdUSttSO,lyTAQUjKkZ,iUEIilD,i,i,mYeajahfiV
lyTAQUjKkZ
k,iUEIilD,mYeajahfiV,lyTAQUjKkZ,i,i,k,i,IYqdUSttSO,lyTAQUjKkZ,iUEIilD,i,i,mYeajahfiV,i
i
k,mYeajahfiV,lyTAQUjKkZ,i,i,iUEIilD,k,i,IYqdUSttSO,lyTAQUjKkZ,iUEIilD,i,i,mYeajahfiV,i,lyTAQUjKkZ,d,IYqdUSttSO
k
k,mYeajahfiV,lyTAQUjKkZ,i,iUEIilD,k,i,IYqdUSttSO,lyTAQUjKkZ,iUEIilD,i,i,mYeajahfiV,i,lyTAQUjKkZ,d,IYqdUSttSO
i
k,mYeajahfiV,lyTAQUjKkZ,i,iUEIilD,k,i,IYqdUSttSO,lyTAQUjKkZ,iUEIilD,i,i,mYeajahfiV,i,lyTAQUjKkZ,d,IYqdUSttSO
k,mYeajahfiV,lyTAQUjKkZ,i,i,iUEIilD,k,d,i,IYqdUSttSO,lyTAQUjKkZ,iUEIilD,i,i,mYeajahfiV,i,lyTAQUjKkZ,IYqdUSttSO
k,mYeajahfiV,lyTAQUjKkZ,i,iUEIilD,k,i,IYqdUSttSO,lyTAQUjKkZ,iUEIilD,i,i,mYeajahfiV,i,lyTAQUjKkZ,d,IYqdUSttSO
k,mYeajahfiV,lyTAQUjKkZ,i,iUEIilD,k,i,IYqdUSttSO,lyTAQUjKkZ,iUEIilD,i,i,mYeajahfiV,i,lyTAQUjKkZ,d,IYqdUSttSO,i
IYqdUSttSO
k,mYeajahfiV,lyTAQUjKkZ,i,i,iUEIilD,k,i,IYqdUSttSO,lyTAQUjKkZ,iUEIilD,i,i,mYeajahfiV,i,lyTAQUjKkZ,d,IYqdUSttSO
lyTAQUjKkZ
k,mYeajahfiV,lyTAQUjKkZ,i,i,iUEIilD,k,i,IYqdUSttSO,lyTAQUjKkZ,iUEIilD,i,i,mYeajahfiV,i,lyTAQUjKkZ,d,IYqdUSttSO
k,mYeajahfiV,lyTAQUjKkZ,i,i,iUEIilD,k,i,IYqdUSttSO,lyTAQUjKkZ,iUEIilD,i,i,mYeajahfiV,i,lyTAQUjKkZ,d,IYqdUSttSO
lyTAQUjKkZ,i,i,iUEIilD,k,i,IYqdUSttSO,lyTAQUjKkZ,iUEIilD,i,i,mYeajahfiV,i,lyTAQUjKkZ,d,IYqdUSttSO
lyTAQUjKkZ,i,i,iUEIilD,k,i,IYqdUSttSO,lyTAQUjKkZ,iUEIilD,i,i,mYeajahfiV,i,lyTAQUjKkZ,d,IYqdUSttSO
i,i,iUEIilD,k,i,IYqdUSttSO,lyTAQUjKkZ,iUEIilD,lyTAQUjKkZ,i,i,mYeajahfiV,i,lyTAQUjKkZ,d,IYqdUSttSO,i
i,i,iUEIilD,k,i,IYqdUSttSO,lyTAQUjKkZ,iUEIilD,lyTAQUjKkZ,i,i,mYeajahfiV,i,lyTAQUjKkZ,d,IYqdUSttSO,i
i,i,iUEIilD,k,i,IYqdUSttSO,lyTAQUjKkZ,iUEIilD,lyTAQUjKkZ,i,i,mYeajahfiV,i,lyTAQUjKkZ,d,IYqdUSttSO,i,i,d
i,i,iUEIilD,k,i,IYqdUSttSO,lyTAQUjKkZ,iUEIilD,lyTAQUjKkZ,i,i,mYeajahfiV,i,lyTAQUjKkZ,d,IYqdUSttSO,i,i,d,d
i
i,i,iUEIilD,k,i,IYqdUSttSO,lyTAQUjKkZ,iUEIilD,lyTAQUjKkZ,i,i,mYeajahfiV,i,lyTAQUjKkZ,d,IYqdUSttSO,i,i,d
i
i
i
i
mYeajahfiV
mYeajahfiV
i
i,iUEIilD,i,IYqdUSttSO,lyTAQUjKkZ,iUEIilD,lyTAQUjKkZ,i,i,mYeajahfiV,ZtEnvAgQh,i,i,lyTAQUjKkZ,IYqdUSttSO,i,i,d,k,d
iUEIilD
iUEIilD
i,i,lyTAQUjKkZ,lyTAQUjKkZ,i,i,mYeajahfiV,ZtEnvAgQh,i,iUEIilD,IYqdUSttSO,iUEIilD,i,lyTAQUjKkZ,IYqdUSttSO,i,i,d,k,d,CblvirVFxY
i,i,lyTAQUjKkZ,lyTAQUjKkZ,i,i,mYeajahfiV,ZtEnvAgQh,i,iUEIilD,iUEIilD,i,lyTAQUjKkZ,IYqdUSttSO,i,i,d,k,d,CblvirVFxY
k
k
i,i,iUEIilD,i,IYqdUSttSO,lyTAQUjKkZ,iUEIilD,lyTAQUjKkZ,i,i,mYeajahfiV,k,i,lyTAQUjKkZ,IYqdUSttSO,i,i,d
k
lyTAQUjKkZ
lyTAQUjKkZ
lyTAQUjKkZ
lyTAQUjKkZ
i,i,i,lyTAQUjKkZ,lyTAQUjKkZ,i,i,i,lyTAQUjKkZ,iUEIilD,IYqdUSttSO,IYqdUSttSO,i,i,d,k,CblvirVFxY,iUEIilD
i,i,i,lyTAQUjKkZ,lyTAQUjKkZ,i,i,i,lyTAQUjKkZ,iUEIilD,IYqdUSttSO,IYqdUSttSO,i,i,d,k,CblvirVFxY,iUEIilD
iUEIilD
i,i,i,lyTAQUjKkZ,lyTAQUjKkZ,i,i,i,lyTAQUjKkZ,iUEIilD,IYqdUSttSO,IYqdUSttSO,i,i,d,iUEIilD,i
i,i,i,lyTAQUjKkZ,lyTAQUjKkZ,i,i,i,lyTAQUjKkZ,iUEIilD,IYqdUSttSO,IYqdUSttSO,i,i,d,iUEIilD,i
iUEIilD
i,i,i,lyTAQUjKkZ,lyTAQUjKkZ,i,i,i,lyTAQUjKkZ,iUEIilD,IYqdUSttSO,IYqdUSttSO,i,i,iUEIilD,i
iUEIilD
i,i,i,lyTAQUjKkZ,lyTAQUjKkZ,i,i,i,lyTAQUjKkZ,iUEIilD,IYqdUSttSO,IYqdUSttSO,i,i,iUEIilD,i,d
iUEIilD
i,i,i,lyTAQUjKkZ,lyTAQUjKkZ,i,i,i,lyTAQUjKkZ,CblvirVFxY,iUEIilD,IYqdUSttSO,i,i,d,k,iUEIilD,lyTAQUjKkZ
CblvirVFxY
d
i,i,i,lyTAQUjKkZ,lyTAQUjKkZ,i,i,i,lyTAQUjKkZ,CblvirVFxY,d,iUEIilD,IYqdUSttSO,i,i,k,iUEIilD,lyTAQUjKkZ,maeuJoR,mYeajahfiV,i,maeuJoR
i,i,i,lyTAQUjKkZ,lyTAQUjKkZ,i,i,i,lyTAQUjKkZ,CblvirVFxY,d,iUEIilD,i,i,iUEIilD,lyTAQUjKkZ,mYeajahfiV,i,maeuJoR
d
d
d
d
Jedi Wagner, assuma o comando!