Toque! Toque, Dijê!
Toque! Toque, Dijê!
LdpoterwN
LdpoterwN,z
LdpoterwN,z
z
z,LdpoterwN
z
z,LdpoterwN
z,LdpoterwN
z
LdpoterwN
LdpoterwN
z,LdpoterwN,LdpoterwN
z,LdpoterwN,LdpoterwN,iCfejmVplt,Y
z,LdpoterwN,LdpoterwN,iCfejmVplt,Y
LdpoterwN
z,LdpoterwN,LdpoterwN
z,LdpoterwN,LdpoterwN
z,LdpoterwN,LdpoterwN
LdpoterwN
LdpoterwN
z,LdpoterwN,LdpoterwN,LdpoterwN,iCfejmVplt,z
z,LdpoterwN,LdpoterwN,LdpoterwN,iCfejmVplt,z
LdpoterwN
LdpoterwN
z,LdpoterwN,LdpoterwN,LdpoterwN,iCfejmVplt,z,eGjZaihflo,KGOfIabM
z,LdpoterwN,LdpoterwN,LdpoterwN,iCfejmVplt,z,eGjZaihflo,QAAmum
z,LdpoterwN,LdpoterwN,LdpoterwN,iCfejmVplt,z,eGjZaihflo,QAAmum
z,LdpoterwN,LdpoterwN,LdpoterwN,iCfejmVplt,z,eGjZaihflo,QAAmum,eGjZaihflo
LdpoterwN
LdpoterwN
z,LdpoterwN,LdpoterwN,LdpoterwN,iCfejmVplt,z,eGjZaihflo,QAAmum,eGjZaihflo
z,LdpoterwN,LdpoterwN,LdpoterwN,iCfejmVplt,z,eGjZaihflo,QAAmum,eGjZaihflo
z,LdpoterwN,LdpoterwN,LdpoterwN,iCfejmVplt,z,eGjZaihflo,QAAmum,eGjZaihflo
LdpoterwN
z
LdpoterwN,LdpoterwN,LdpoterwN,z,iCfejmVplt,z,eGjZaihflo,QAAmum,eGjZaihflo,QAAmum,ePuA,cR
eGjZaihflo
LdpoterwN,LdpoterwN,LdpoterwN,z,iCfejmVplt,z,eGjZaihflo,QAAmum,eGjZaihflo,QAAmum,ePuA
z
LdpoterwN
LdpoterwN
LdpoterwN,LdpoterwN,eGjZaihflo,z,LdpoterwN,iCfejmVplt,z,QAAmum,eGjZaihflo,KGOfIabM
LdpoterwN,LdpoterwN,eGjZaihflo,z,LdpoterwN,iCfejmVplt,z,QAAmum,eGjZaihflo,KGOfIabM
LdpoterwN,LdpoterwN,eGjZaihflo,z,LdpoterwN,iCfejmVplt,z,QAAmum,eGjZaihflo,KGOfIabM
z,LdpoterwN,LdpoterwN,LdpoterwN,iCfejmVplt,z,eGjZaihflo,QAAmum,eGjZaihflo,PkFYKg
iCfejmVplt
z,LdpoterwN,LdpoterwN,LdpoterwN,iCfejmVplt,z,eGjZaihflo,QAAmum,eGjZaihflo
z,LdpoterwN,LdpoterwN,LdpoterwN,iCfejmVplt,z,eGjZaihflo,QAAmum,eGjZaihflo,cR
z
z,LdpoterwN,LdpoterwN,LdpoterwN,iCfejmVplt,z,eGjZaihflo,QAAmum,eGjZaihflo
z
z,LdpoterwN,LdpoterwN,LdpoterwN,iCfejmVplt,z,eGjZaihflo,QAAmum,eGjZaihflo,LdpoterwN
z
z,LdpoterwN,LdpoterwN,LdpoterwN,iCfejmVplt,z,eGjZaihflo
z
eGjZaihflo
z
z,LdpoterwN,LdpoterwN,LdpoterwN,iCfejmVplt,z,eGjZaihflo,eGjZaihflo
LdpoterwN
LdpoterwN
z,LdpoterwN,LdpoterwN,LdpoterwN,iCfejmVplt,z,eGjZaihflo,eGjZaihflo,cR,iCfejmVplt
z,LdpoterwN,LdpoterwN,LdpoterwN,iCfejmVplt,z,eGjZaihflo,eGjZaihflo,cR,iCfejmVplt
z,LdpoterwN,LdpoterwN,LdpoterwN,iCfejmVplt,z,eGjZaihflo,eGjZaihflo,cR,iCfejmVplt,KGOfIabM
z,LdpoterwN,LdpoterwN,LdpoterwN,iCfejmVplt,z,eGjZaihflo,eGjZaihflo,cR,iCfejmVplt,KGOfIabM
LdpoterwN
LdpoterwN
z,LdpoterwN,LdpoterwN,LdpoterwN,iCfejmVplt,z,eGjZaihflo,eGjZaihflo,cR,iCfejmVplt,KGOfIabM
LdpoterwN
z
LdpoterwN,LdpoterwN,LdpoterwN,cR,z,iCfejmVplt,z,eGjZaihflo,eGjZaihflo,iCfejmVplt,KGOfIabM
iCfejmVplt
z,LdpoterwN,LdpoterwN,LdpoterwN,iCfejmVplt,z,eGjZaihflo,eGjZaihflo,cR,iCfejmVplt,KGOfIabM
z,LdpoterwN,LdpoterwN,iCfejmVplt,z,eGjZaihflo,eGjZaihflo,cR,iCfejmVplt,KGOfIabM,iCfejmVplt
z,LdpoterwN,LdpoterwN,iCfejmVplt,z,eGjZaihflo,eGjZaihflo,cR,iCfejmVplt,KGOfIabM,iCfejmVplt
iCfejmVplt
iCfejmVplt
z,LdpoterwN,LdpoterwN,iCfejmVplt,z,eGjZaihflo,eGjZaihflo,cR,iCfejmVplt,KGOfIabM,iCfejmVplt,eGjZaihflo
z,LdpoterwN,LdpoterwN,iCfejmVplt,z,eGjZaihflo,eGjZaihflo,cR,iCfejmVplt,KGOfIabM,iCfejmVplt,eGjZaihflo
z,LdpoterwN,LdpoterwN,iCfejmVplt,z,eGjZaihflo,eGjZaihflo,cR,iCfejmVplt,KGOfIabM,iCfejmVplt,eGjZaihflo
iCfejmVplt
z,LdpoterwN,LdpoterwN,iCfejmVplt,z,eGjZaihflo,eGjZaihflo,cR,iCfejmVplt,KGOfIabM,iCfejmVplt,eGjZaihflo,ePuA
z
z,LdpoterwN,LdpoterwN,iCfejmVplt,z,eGjZaihflo,eGjZaihflo,cR,iCfejmVplt,KGOfIabM,iCfejmVplt,eGjZaihflo,ePuA
z,LdpoterwN,LdpoterwN,iCfejmVplt,z,eGjZaihflo,eGjZaihflo,cR,iCfejmVplt,KGOfIabM,iCfejmVplt,eGjZaihflo,ePuA
eGjZaihflo
z,LdpoterwN,LdpoterwN,z,eGjZaihflo,eGjZaihflo,cR,KGOfIabM,iCfejmVplt,eGjZaihflo,ePuA,cR
z,LdpoterwN,LdpoterwN,z,eGjZaihflo,eGjZaihflo,cR,KGOfIabM,iCfejmVplt,eGjZaihflo,ePuA,cR
eGjZaihflo
eGjZaihflo
eGjZaihflo
z,LdpoterwN,LdpoterwN,z,eGjZaihflo,eGjZaihflo,cR,KGOfIabM,iCfejmVplt,eGjZaihflo,ePuA,cR
LdpoterwN
z,LdpoterwN,LdpoterwN,z,eGjZaihflo,eGjZaihflo,cR,iCfejmVplt,KGOfIabM,iCfejmVplt,eGjZaihflo,ePuA,cR
z,LdpoterwN,LdpoterwN,z,eGjZaihflo,eGjZaihflo,cR,iCfejmVplt,KGOfIabM,iCfejmVplt,eGjZaihflo,ePuA,cR
z,LdpoterwN,LdpoterwN,z,eGjZaihflo,eGjZaihflo,cR,iCfejmVplt,KGOfIabM,iCfejmVplt,eGjZaihflo,ePuA,cR
z,LdpoterwN,LdpoterwN,z,eGjZaihflo,eGjZaihflo,cR,KGOfIabM,eGjZaihflo,ePuA,cR,KGOfIabM,z
cR
cR
cR
z,LdpoterwN,LdpoterwN,z,eGjZaihflo,eGjZaihflo,KGOfIabM,eGjZaihflo,ePuA,cR,KGOfIabM,z,ePuA
z,LdpoterwN,LdpoterwN,z,eGjZaihflo,eGjZaihflo,cR,iCfejmVplt,KGOfIabM,iCfejmVplt,eGjZaihflo,ePuA,cR,KGOfIabM,z,KGOfIabM
LdpoterwN,LdpoterwN,eGjZaihflo,cR,iCfejmVplt,KGOfIabM,eGjZaihflo,z,iCfejmVplt,eGjZaihflo,ePuA,cR,KGOfIabM,z
LdpoterwN,LdpoterwN,eGjZaihflo,cR,iCfejmVplt,KGOfIabM,eGjZaihflo,iCfejmVplt,eGjZaihflo,ePuA,cR,KGOfIabM,z,z,eGjZaihflo
iCfejmVplt
LdpoterwN,eGjZaihflo,cR,KGOfIabM,eGjZaihflo,eGjZaihflo,iCfejmVplt,ePuA,cR,KGOfIabM,z,z,eGjZaihflo
LdpoterwN,LdpoterwN,KGOfIabM,eGjZaihflo,iCfejmVplt,eGjZaihflo,ePuA,cR,KGOfIabM,z,eGjZaihflo,z,eGjZaihflo,Y,LdpoterwN
LdpoterwN,LdpoterwN,KGOfIabM,eGjZaihflo,iCfejmVplt,eGjZaihflo,ePuA,cR,KGOfIabM,z,eGjZaihflo,z,eGjZaihflo,Y,LdpoterwN
z
LdpoterwN,LdpoterwN,KGOfIabM,eGjZaihflo,iCfejmVplt,eGjZaihflo,ePuA,cR,KGOfIabM,z,eGjZaihflo,z,eGjZaihflo,Y,LdpoterwN
LdpoterwN,LdpoterwN,eGjZaihflo,KGOfIabM,eGjZaihflo,iCfejmVplt,eGjZaihflo,ePuA,cR,KGOfIabM,z,z,eGjZaihflo,Y,LdpoterwN
z
z
LdpoterwN,LdpoterwN,eGjZaihflo,KGOfIabM,eGjZaihflo,iCfejmVplt,eGjZaihflo,ePuA,cR,KGOfIabM,z,eGjZaihflo,Y,LdpoterwN,iCfejmVplt,eGjZaihflo
LdpoterwN,LdpoterwN,eGjZaihflo,KGOfIabM,eGjZaihflo,iCfejmVplt,eGjZaihflo,ePuA,cR,KGOfIabM,z,eGjZaihflo,Y,LdpoterwN,iCfejmVplt,eGjZaihflo
LdpoterwN,LdpoterwN,eGjZaihflo,KGOfIabM,eGjZaihflo,iCfejmVplt,eGjZaihflo,ePuA,cR,KGOfIabM,z,eGjZaihflo,Y,LdpoterwN,iCfejmVplt,eGjZaihflo
z
z
LdpoterwN,LdpoterwN,eGjZaihflo,KGOfIabM,eGjZaihflo,iCfejmVplt,eGjZaihflo,ePuA,cR,KGOfIabM,eGjZaihflo,LdpoterwN,iCfejmVplt,eGjZaihflo,KGOfIabM,Y
LdpoterwN,LdpoterwN,eGjZaihflo,KGOfIabM,eGjZaihflo,iCfejmVplt,eGjZaihflo,ePuA,cR,KGOfIabM,eGjZaihflo,LdpoterwN,iCfejmVplt,eGjZaihflo,KGOfIabM,Y
eGjZaihflo
eGjZaihflo
eGjZaihflo
eGjZaihflo
LdpoterwN,LdpoterwN,eGjZaihflo,KGOfIabM,eGjZaihflo,iCfejmVplt,eGjZaihflo,ePuA,cR,KGOfIabM,eGjZaihflo,LdpoterwN,iCfejmVplt,eGjZaihflo,KGOfIabM,Y
LdpoterwN,LdpoterwN,eGjZaihflo,KGOfIabM,eGjZaihflo,iCfejmVplt,eGjZaihflo,ePuA,cR,KGOfIabM,eGjZaihflo,LdpoterwN,iCfejmVplt,eGjZaihflo,KGOfIabM
LdpoterwN,LdpoterwN,eGjZaihflo,KGOfIabM,eGjZaihflo,iCfejmVplt,eGjZaihflo,ePuA,cR,KGOfIabM,eGjZaihflo,LdpoterwN,iCfejmVplt,eGjZaihflo,KGOfIabM,Y
eGjZaihflo
LdpoterwN,eGjZaihflo,KGOfIabM,eGjZaihflo,iCfejmVplt,eGjZaihflo,ePuA,cR,KGOfIabM,z,LdpoterwN,z,eGjZaihflo,Y,LdpoterwN,cR
LdpoterwN,eGjZaihflo,KGOfIabM,eGjZaihflo,iCfejmVplt,eGjZaihflo,ePuA,cR,KGOfIabM,z,LdpoterwN,z,eGjZaihflo,Y,LdpoterwN,cR
eGjZaihflo
LdpoterwN,eGjZaihflo,KGOfIabM,eGjZaihflo,iCfejmVplt,eGjZaihflo,ePuA,cR,KGOfIabM,z,LdpoterwN,z,eGjZaihflo,Y,LdpoterwN,cR
eGjZaihflo
LdpoterwN,eGjZaihflo,KGOfIabM,eGjZaihflo,iCfejmVplt,eGjZaihflo,ePuA,cR,KGOfIabM,z,LdpoterwN,z,eGjZaihflo,Y,LdpoterwN,cR,iCfejmVplt
LdpoterwN,KGOfIabM,eGjZaihflo,iCfejmVplt,eGjZaihflo,ePuA,KGOfIabM,z,LdpoterwN,z,eGjZaihflo,cR,Y,LdpoterwN,cR,iCfejmVplt,LdpoterwN
LdpoterwN,KGOfIabM,eGjZaihflo,iCfejmVplt,eGjZaihflo,ePuA,KGOfIabM,z,LdpoterwN,z,eGjZaihflo,cR,Y,LdpoterwN,cR,iCfejmVplt,LdpoterwN
LdpoterwN,eGjZaihflo,KGOfIabM,eGjZaihflo,iCfejmVplt,eGjZaihflo,ePuA,cR,KGOfIabM,z,LdpoterwN,z,eGjZaihflo,Y,LdpoterwN,cR,Y
eGjZaihflo
eGjZaihflo
eGjZaihflo
eGjZaihflo
eGjZaihflo
eGjZaihflo
eGjZaihflo
Y
cR
Jedi Wagner, assuma o comando!