mao
mao
Toque! Toque, Dijê!
Toque! Toque, Dijê!
[vazia]
nUXJOlJC
nUXJOlJC
Toque! Toque, Dijê!
[vazia]
Toque! Toque, Dijê!
[vazia]
[vazia]
Toque! Toque, Dijê!
[vazia]
Toque! Toque, Dijê!
Toque! Toque, Dijê!
mao
mao
mao
gLYTYTUdnx
gLYTYTUdnx
mao,gLYTYTUdnx,Sl
Sl
Sl
mao,gLYTYTUdnx,Sl,nUXJOlJC
Sl
Sl
gLYTYTUdnx,Sl,mao,nUXJOlJC
gLYTYTUdnx,Sl,mao,nUXJOlJC
mao
mao
mao,gLYTYTUdnx
mao
mao,nUXJOlJC,Ifp
mao,nUXJOlJC,Ifp
mao,Ifp
mao,gLYTYTUdnx,Sl
mao,gLYTYTUdnx,Sl
Sl
mao,gLYTYTUdnx,Sl
Jedi Wagner, assuma o comando!