h
Toque! Toque, Dijê!
CgyrAAN
CgyrAAN
[vazia]
Toque! Toque, Dijê!
CgyrAAN
CgyrAAN,h
CgyrAAN,h,CgyrAAN,b
CgyrAAN,h,CgyrAAN,b,CgyrAAN,b
CgyrAAN,h,CgyrAAN,b,CgyrAAN,b
CgyrAAN,h,CgyrAAN,b,CgyrAAN,b
b
CgyrAAN,h,CgyrAAN,b,CgyrAAN,b,heQLwVau,CgyrAAN,b
CgyrAAN,h,CgyrAAN,b,CgyrAAN,b,heQLwVau
b
CgyrAAN,CgyrAAN,b,CgyrAAN,b,heQLwVau,CgyrAAN
CgyrAAN,CgyrAAN,b,CgyrAAN,b,heQLwVau,CgyrAAN
b
CgyrAAN,CgyrAAN,b,b,heQLwVau,CgyrAAN
b
CgyrAAN,h,CgyrAAN,b,CgyrAAN,b
b
b
CgyrAAN,h,CgyrAAN,b,CgyrAAN,b,CgyrAAN,h
b
b
h,CgyrAAN,b,CgyrAAN,b,CgyrAAN,heQLwVau,b
heQLwVau
h,b,CgyrAAN,b,CgyrAAN,heQLwVau,CgyrAAN,b,b
CgyrAAN
h,b,CgyrAAN,b,CgyrAAN,heQLwVau,CgyrAAN,b,b
b,CgyrAAN,b,CgyrAAN,CgyrAAN,heQLwVau,h,b,b,h
heQLwVau
heQLwVau
heQLwVau
b,CgyrAAN,CgyrAAN,heQLwVau,CgyrAAN,b,b,b,CgyrAAN,b,b
b,CgyrAAN,CgyrAAN,heQLwVau,CgyrAAN,b,b,b,CgyrAAN,b,b
b,CgyrAAN,CgyrAAN,heQLwVau,CgyrAAN,b,b,b,CgyrAAN,b,b
b,CgyrAAN,CgyrAAN,heQLwVau,CgyrAAN,b,b,b,CgyrAAN,b,b,b
b
b
b,CgyrAAN,CgyrAAN,heQLwVau,CgyrAAN,b,b,b,CgyrAAN,b,b,b,b,heQLwVau
b
CgyrAAN,heQLwVau,CgyrAAN,b,CgyrAAN,b,b,CgyrAAN,b,b
CgyrAAN,heQLwVau,CgyrAAN,b,CgyrAAN,b,b,CgyrAAN,b,b
CgyrAAN,heQLwVau,CgyrAAN,b,CgyrAAN,b,b,CgyrAAN,b,b
CgyrAAN,heQLwVau,CgyrAAN,b,CgyrAAN,b,b,CgyrAAN,b,b,CgyrAAN
CgyrAAN,heQLwVau,CgyrAAN,b,CgyrAAN,b,b,CgyrAAN,b,b,CgyrAAN
b
CgyrAAN,heQLwVau,CgyrAAN,CgyrAAN,b,b,b,CgyrAAN,b,b,CgyrAAN
Jedi Wagner, assuma o comando!