[vazia]
Toque! Toque, Dijê!
Toque! Toque, Dijê!
[vazia]
[vazia]
ULHYellS
[vazia]
[vazia]
Toque! Toque, Dijê!
Toque! Toque, Dijê!
[vazia]
[vazia]
ULHYellS,ULHYellS
ULHYellS
ULHYellS
ULHYellS,ULHYellS
ULHYellS
ULHYellS
ULHYellS
ULHYellS
ULHYellS
ULHYellS
ULHYellS
ULHYellS
ULHYellS
[vazia]
ULHYellS
ULHYellS
ULHYellS
Toque! Toque, Dijê!
Toque! Toque, Dijê!
Toque! Toque, Dijê!
ULHYellS
Toque! Toque, Dijê!
Toque! Toque, Dijê!
ULHYellS
ULHYellS,ULHYellS,ULHYellS
ULHYellS
ULHYellS,ULHYellS,ULHYellS,ULHYellS,ULHYellS
ULHYellS,ULHYellS,ULHYellS,ULHYellS
ULHYellS
ULHYellS
ULHYellS
ULHYellS
ULHYellS
ULHYellS
ULHYellS
ULHYellS
ULHYellS
ULHYellS,ULHYellS
ULHYellS,ULHYellS
ULHYellS,ULHYellS,ULHYellS
ULHYellS
ULHYellS,ULHYellS
ULHYellS
ULHYellS
ULHYellS
ULHYellS
ULHYellS
ULHYellS,ULHYellS,ULHYellS
ULHYellS
ULHYellS
ULHYellS,ULHYellS,ULHYellS,ULHYellS
ULHYellS
ULHYellS
ULHYellS,ULHYellS,ULHYellS,ULHYellS
ULHYellS
ULHYellS,ULHYellS,ULHYellS
ULHYellS,ULHYellS,ULHYellS
ULHYellS,ULHYellS,ULHYellS
ULHYellS
ULHYellS
ULHYellS
ULHYellS
ULHYellS,ULHYellS,ULHYellS
ULHYellS
ULHYellS
ULHYellS
ULHYellS
ULHYellS
ULHYellS,ULHYellS
ULHYellS,ULHYellS,ULHYellS
ULHYellS,ULHYellS,ULHYellS
ULHYellS,ULHYellS,ULHYellS
ULHYellS,ULHYellS,ULHYellS
ULHYellS,ULHYellS,ULHYellS,ULHYellS,ULHYellS
ULHYellS,ULHYellS,ULHYellS,ULHYellS,ULHYellS
ULHYellS,ULHYellS,ULHYellS,ULHYellS
ULHYellS
ULHYellS,ULHYellS,ULHYellS,ULHYellS,ULHYellS
ULHYellS,ULHYellS,ULHYellS,ULHYellS,ULHYellS
ULHYellS,ULHYellS,ULHYellS,ULHYellS,ULHYellS,ULHYellS
ULHYellS
ULHYellS,ULHYellS,ULHYellS,ULHYellS,ULHYellS,ULHYellS,ULHYellS
ULHYellS
ULHYellS,ULHYellS,ULHYellS,ULHYellS,ULHYellS,ULHYellS,ULHYellS,ULHYellS
ULHYellS
ULHYellS,ULHYellS,ULHYellS,ULHYellS,ULHYellS,ULHYellS,ULHYellS
ULHYellS,ULHYellS,ULHYellS,ULHYellS,ULHYellS,ULHYellS
ULHYellS
ULHYellS
ULHYellS,ULHYellS,ULHYellS,ULHYellS
ULHYellS,ULHYellS,ULHYellS
ULHYellS,ULHYellS,ULHYellS,ULHYellS
ULHYellS,ULHYellS,ULHYellS
ULHYellS
ULHYellS,ULHYellS,ULHYellS,ULHYellS,ULHYellS,ULHYellS
ULHYellS
ULHYellS,ULHYellS,ULHYellS,ULHYellS,ULHYellS
ULHYellS
ULHYellS
ULHYellS
ULHYellS,ULHYellS,ULHYellS,ULHYellS,ULHYellS
ULHYellS
ULHYellS,ULHYellS,ULHYellS,ULHYellS,ULHYellS,ULHYellS
ULHYellS
ULHYellS,ULHYellS,ULHYellS,ULHYellS,ULHYellS
ULHYellS
ULHYellS,ULHYellS,ULHYellS,ULHYellS
ULHYellS
ULHYellS
ULHYellS,ULHYellS,ULHYellS,ULHYellS,ULHYellS,ULHYellS,ULHYellS
ULHYellS
ULHYellS
ULHYellS
ULHYellS,ULHYellS,ULHYellS,ULHYellS,ULHYellS,ULHYellS
ULHYellS,ULHYellS,ULHYellS,ULHYellS,ULHYellS,ULHYellS,ULHYellS
ULHYellS,ULHYellS,ULHYellS,ULHYellS,ULHYellS,ULHYellS,ULHYellS,ULHYellS
ULHYellS,ULHYellS,ULHYellS,ULHYellS,ULHYellS,ULHYellS,ULHYellS,ULHYellS,ULHYellS
ULHYellS,ULHYellS,ULHYellS,ULHYellS,ULHYellS,ULHYellS,ULHYellS,ULHYellS
ULHYellS,ULHYellS,ULHYellS,ULHYellS,ULHYellS,ULHYellS,ULHYellS,ULHYellS,ULHYellS
ULHYellS,ULHYellS,ULHYellS,ULHYellS,ULHYellS,ULHYellS,ULHYellS,ULHYellS
ULHYellS,ULHYellS,ULHYellS,ULHYellS,ULHYellS,ULHYellS,ULHYellS,ULHYellS
ULHYellS
ULHYellS,ULHYellS,ULHYellS,ULHYellS
ULHYellS,ULHYellS,ULHYellS,ULHYellS
ULHYellS,ULHYellS,ULHYellS
ULHYellS
ULHYellS
Jedi Wagner, assuma o comando!