nqJ
nqJ
nqJ
nqJ
[vazia]
Toque! Toque, Dijê!
[vazia]
Toque! Toque, Dijê!
nqJ
nqJ,nqJ
nqJ
nqJ
nqJ
nqJ,nqJ,nqJ,nqJ,nqJ,nqJ,nqJ,nqJ,nqJ,nqJ,nqJ,nqJ
nqJ
nqJ,nqJ,nqJ,nqJ,nqJ,nqJ,nqJ,nqJ,nqJ,nqJ,nqJ,nqJ
nqJ,nqJ,nqJ,nqJ,nqJ,nqJ,nqJ,nqJ,nqJ,nqJ,nqJ,nqJ,nqJ
nqJ
nqJ
nqJ,nqJ,nqJ,nqJ,nqJ,nqJ,nqJ
nqJ,nqJ,nqJ,nqJ,nqJ,nqJ,nqJ
nqJ,nqJ,nqJ,nqJ,nqJ,nqJ,nqJ,nqJ,nqJ
nqJ,nqJ,nqJ,nqJ,nqJ,nqJ,nqJ,nqJ
nqJ,nqJ,nqJ,nqJ,nqJ,nqJ,nqJ,nqJ
nqJ
nqJ,nqJ,nqJ,nqJ,nqJ,nqJ,nqJ,nqJ
nqJ
nqJ
nqJ,nqJ,nqJ,nqJ,nqJ,nqJ,nqJ,nqJ
nqJ,nqJ,nqJ,nqJ,nqJ,nqJ,nqJ,nqJ
nqJ
nqJ
nqJ
nqJ,nqJ,nqJ,nqJ,nqJ,nqJ,nqJ,nqJ
nqJ,nqJ,nqJ,nqJ,nqJ,nqJ,nqJ,nqJ
nqJ
nqJ
nqJ,nqJ,nqJ,nqJ,nqJ,nqJ,nqJ,nqJ,nqJ
nqJ,nqJ,nqJ,nqJ,nqJ,nqJ,nqJ,nqJ,nqJ
nqJ
nqJ
nqJ,nqJ,nqJ,nqJ,nqJ,nqJ,nqJ,nqJ,nqJ,nqJ,nqJ
nqJ
nqJ
nqJ
nqJ,nqJ,nqJ,nqJ,nqJ,nqJ,nqJ,nqJ,nqJ,nqJ
nqJ,nqJ,nqJ,nqJ,nqJ,nqJ,nqJ,nqJ,nqJ,nqJ
nqJ,nqJ,nqJ,nqJ,nqJ,nqJ,nqJ,nqJ,nqJ,nqJ
nqJ
nqJ,nqJ,nqJ,nqJ,nqJ,nqJ,nqJ,nqJ,nqJ,nqJ,nqJ,nqJ
nqJ
nqJ
nqJ
nqJ
nqJ,nqJ,nqJ,nqJ,nqJ,nqJ,nqJ,nqJ,nqJ,nqJ,nqJ,nqJ,nqJ,nqJ,nqJ,nqJ,nqJ
nqJ,nqJ,nqJ,nqJ,nqJ,nqJ,nqJ,nqJ,nqJ,nqJ,nqJ,nqJ,nqJ,nqJ,nqJ,nqJ,nqJ
nqJ,nqJ,nqJ,nqJ,nqJ,nqJ,nqJ,nqJ,nqJ,nqJ,nqJ,nqJ,nqJ,nqJ,nqJ,nqJ,nqJ
nqJ,nqJ,nqJ,nqJ,nqJ,nqJ,nqJ,nqJ,nqJ,nqJ,nqJ,nqJ,nqJ,nqJ,nqJ,nqJ,nqJ
nqJ,nqJ,nqJ,nqJ,nqJ,nqJ,nqJ,nqJ,nqJ,nqJ,nqJ,nqJ,nqJ,nqJ,nqJ,nqJ,nqJ,nqJ,nqJ,nqJ
nqJ
nqJ
nqJ,nqJ,nqJ,nqJ,nqJ,nqJ,nqJ,nqJ,nqJ,nqJ,nqJ,nqJ,nqJ,nqJ,nqJ,nqJ,nqJ,nqJ
nqJ,nqJ,nqJ,nqJ,nqJ,nqJ,nqJ,nqJ,nqJ,nqJ,nqJ,nqJ,nqJ,nqJ,nqJ,nqJ,nqJ,nqJ,nqJ
nqJ,nqJ,nqJ,nqJ,nqJ,nqJ,nqJ,nqJ,nqJ,nqJ,nqJ,nqJ,nqJ,nqJ,nqJ,nqJ,nqJ,nqJ,nqJ,nqJ
nqJ
nqJ,nqJ,nqJ,nqJ,nqJ,nqJ,nqJ,nqJ,nqJ,nqJ,nqJ,nqJ,nqJ,nqJ,nqJ,nqJ,nqJ,nqJ,nqJ,nqJ,nqJ,nqJ
nqJ
nqJ,nqJ,nqJ,nqJ,nqJ,nqJ,nqJ,nqJ,nqJ,nqJ,nqJ,nqJ,nqJ,nqJ,nqJ,nqJ,nqJ,nqJ,nqJ
nqJ
nqJ,nqJ,nqJ,nqJ,nqJ,nqJ,nqJ,nqJ,nqJ,nqJ,nqJ,nqJ,nqJ,nqJ,nqJ,nqJ,nqJ,nqJ
nqJ
nqJ
nqJ,nqJ,nqJ,nqJ,nqJ,nqJ,nqJ,nqJ,nqJ,nqJ,nqJ,nqJ,nqJ,nqJ,nqJ,nqJ,nqJ,nqJ,nqJ
nqJ,nqJ,nqJ,nqJ,nqJ,nqJ,nqJ,nqJ,nqJ,nqJ,nqJ,nqJ,nqJ,nqJ,nqJ,nqJ,nqJ,nqJ,nqJ,nqJ,nqJ
nqJ
nqJ
nqJ
nqJ
nqJ
nqJ
nqJ,nqJ,nqJ,nqJ,nqJ,nqJ,nqJ,nqJ,nqJ,nqJ,nqJ,nqJ,nqJ,nqJ,nqJ
nqJ,nqJ,nqJ,nqJ,nqJ,nqJ,nqJ,nqJ,nqJ,nqJ,nqJ,nqJ,nqJ
nqJ,nqJ,nqJ,nqJ,nqJ,nqJ,nqJ,nqJ,nqJ,nqJ,nqJ,nqJ,nqJ,nqJ
nqJ
nqJ,nqJ,nqJ,nqJ,nqJ,nqJ,nqJ,nqJ,nqJ,nqJ,nqJ,nqJ,nqJ,nqJ,nqJ
nqJ
nqJ,nqJ,nqJ,nqJ,nqJ,nqJ,nqJ,nqJ,nqJ,nqJ,nqJ,nqJ,nqJ,nqJ,nqJ,nqJ,nqJ,nqJ,nqJ
nqJ
nqJ,nqJ,nqJ,nqJ,nqJ,nqJ,nqJ,nqJ,nqJ,nqJ,nqJ,nqJ,nqJ,nqJ,nqJ,nqJ,nqJ,nqJ
nqJ,nqJ,nqJ,nqJ,nqJ,nqJ,nqJ,nqJ,nqJ,nqJ,nqJ,nqJ,nqJ,nqJ,nqJ,nqJ,nqJ,nqJ,nqJ
nqJ
nqJ
nqJ
nqJ,nqJ,nqJ,nqJ,nqJ,nqJ,nqJ,nqJ,nqJ,nqJ,nqJ,nqJ,nqJ,nqJ,nqJ,nqJ,nqJ,nqJ,nqJ
nqJ
nqJ,nqJ,nqJ,nqJ,nqJ,nqJ,nqJ,nqJ,nqJ,nqJ,nqJ,nqJ,nqJ,nqJ,nqJ,nqJ,nqJ,nqJ,nqJ
nqJ
nqJ,nqJ,nqJ,nqJ,nqJ,nqJ,nqJ,nqJ,nqJ,nqJ,nqJ,nqJ,nqJ,nqJ,nqJ,nqJ,nqJ,nqJ,nqJ,nqJ
nqJ
nqJ
nqJ
nqJ
nqJ
nqJ
nqJ
nqJ,nqJ,nqJ,nqJ,nqJ,nqJ,nqJ,nqJ,nqJ,nqJ,nqJ,nqJ,nqJ,nqJ,nqJ,nqJ,nqJ
nqJ,nqJ,nqJ,nqJ,nqJ,nqJ,nqJ,nqJ,nqJ,nqJ,nqJ,nqJ,nqJ,nqJ,nqJ,nqJ,nqJ,nqJ
nqJ,nqJ,nqJ,nqJ,nqJ,nqJ,nqJ,nqJ,nqJ,nqJ,nqJ,nqJ,nqJ,nqJ,nqJ,nqJ,nqJ,nqJ
nqJ
nqJ
nqJ,nqJ,nqJ,nqJ,nqJ,nqJ,nqJ,nqJ,nqJ,nqJ,nqJ,nqJ,nqJ,nqJ,nqJ,nqJ,nqJ
nqJ,nqJ,nqJ,nqJ,nqJ,nqJ,nqJ,nqJ,nqJ,nqJ,nqJ,nqJ,nqJ,nqJ,nqJ,nqJ,nqJ
nqJ,nqJ,nqJ,nqJ,nqJ,nqJ,nqJ,nqJ,nqJ,nqJ,nqJ,nqJ,nqJ,nqJ,nqJ,nqJ,nqJ
nqJ
nqJ
nqJ,nqJ,nqJ,nqJ,nqJ,nqJ,nqJ,nqJ,nqJ,nqJ,nqJ,nqJ,nqJ,nqJ,nqJ,nqJ,nqJ
nqJ
nqJ,nqJ,nqJ,nqJ,nqJ,nqJ,nqJ,nqJ,nqJ,nqJ,nqJ,nqJ,nqJ,nqJ,nqJ,nqJ,nqJ
nqJ
nqJ
nqJ
nqJ,nqJ,nqJ,nqJ,nqJ,nqJ,nqJ,nqJ,nqJ,nqJ,nqJ,nqJ,nqJ,nqJ,nqJ,nqJ
nqJ,nqJ,nqJ,nqJ,nqJ,nqJ,nqJ,nqJ,nqJ,nqJ,nqJ,nqJ,nqJ,nqJ,nqJ,nqJ
nqJ,nqJ,nqJ,nqJ,nqJ,nqJ,nqJ,nqJ,nqJ,nqJ,nqJ,nqJ,nqJ,nqJ,nqJ,nqJ
nqJ,nqJ,nqJ,nqJ,nqJ,nqJ,nqJ,nqJ,nqJ,nqJ,nqJ,nqJ,nqJ,nqJ,nqJ,nqJ,nqJ
nqJ,nqJ,nqJ,nqJ,nqJ,nqJ,nqJ,nqJ,nqJ,nqJ,nqJ,nqJ,nqJ,nqJ,nqJ,nqJ,nqJ
nqJ,nqJ,nqJ,nqJ,nqJ,nqJ,nqJ,nqJ,nqJ,nqJ,nqJ,nqJ,nqJ,nqJ,nqJ,nqJ,nqJ
nqJ,nqJ,nqJ,nqJ,nqJ,nqJ,nqJ,nqJ,nqJ,nqJ,nqJ,nqJ,nqJ,nqJ,nqJ,nqJ
nqJ,nqJ,nqJ,nqJ,nqJ,nqJ,nqJ,nqJ,nqJ,nqJ,nqJ,nqJ,nqJ,nqJ,nqJ,nqJ
nqJ,nqJ,nqJ,nqJ,nqJ,nqJ,nqJ,nqJ,nqJ,nqJ,nqJ,nqJ,nqJ,nqJ,nqJ,nqJ
nqJ,nqJ,nqJ,nqJ,nqJ,nqJ,nqJ,nqJ,nqJ,nqJ,nqJ,nqJ,nqJ,nqJ,nqJ
nqJ,nqJ,nqJ,nqJ,nqJ,nqJ,nqJ,nqJ,nqJ,nqJ,nqJ,nqJ,nqJ,nqJ,nqJ
nqJ,nqJ,nqJ,nqJ,nqJ,nqJ,nqJ,nqJ,nqJ,nqJ,nqJ,nqJ,nqJ,nqJ,nqJ,nqJ,nqJ
nqJ
nqJ,nqJ,nqJ,nqJ,nqJ,nqJ,nqJ,nqJ,nqJ,nqJ,nqJ,nqJ,nqJ,nqJ,nqJ,nqJ,nqJ,nqJ
nqJ,nqJ,nqJ,nqJ,nqJ,nqJ,nqJ,nqJ,nqJ,nqJ,nqJ,nqJ,nqJ,nqJ,nqJ,nqJ,nqJ
nqJ,nqJ,nqJ,nqJ,nqJ,nqJ,nqJ,nqJ,nqJ,nqJ,nqJ,nqJ,nqJ,nqJ,nqJ,nqJ,nqJ
nqJ
nqJ
nqJ
nqJ,nqJ,nqJ,nqJ,nqJ,nqJ,nqJ,nqJ,nqJ,nqJ,nqJ,nqJ,nqJ,nqJ,nqJ
nqJ,nqJ,nqJ,nqJ,nqJ,nqJ,nqJ,nqJ,nqJ,nqJ,nqJ,nqJ,nqJ,nqJ,nqJ,nqJ
nqJ,nqJ,nqJ,nqJ,nqJ,nqJ,nqJ,nqJ,nqJ,nqJ,nqJ,nqJ,nqJ,nqJ,nqJ,nqJ
nqJ,nqJ,nqJ,nqJ,nqJ,nqJ,nqJ,nqJ,nqJ,nqJ,nqJ,nqJ,nqJ,nqJ,nqJ,nqJ
nqJ,nqJ,nqJ,nqJ,nqJ,nqJ,nqJ,nqJ,nqJ,nqJ,nqJ,nqJ,nqJ,nqJ,nqJ,nqJ
nqJ
nqJ,nqJ,nqJ,nqJ,nqJ,nqJ,nqJ,nqJ,nqJ,nqJ,nqJ,nqJ,nqJ,nqJ
nqJ,nqJ,nqJ,nqJ,nqJ,nqJ,nqJ,nqJ,nqJ,nqJ,nqJ,nqJ,nqJ,nqJ
nqJ
nqJ,nqJ,nqJ,nqJ,nqJ,nqJ,nqJ,nqJ,nqJ,nqJ,nqJ,nqJ,nqJ,nqJ
nqJ
nqJ
nqJ
nqJ
nqJ,nqJ,nqJ,nqJ,nqJ,nqJ,nqJ,nqJ,nqJ,nqJ,nqJ,nqJ,nqJ,nqJ,nqJ,nqJ
nqJ,nqJ,nqJ,nqJ,nqJ,nqJ,nqJ,nqJ,nqJ,nqJ,nqJ,nqJ,nqJ,nqJ,nqJ,nqJ
nqJ,nqJ,nqJ,nqJ,nqJ,nqJ,nqJ,nqJ,nqJ,nqJ,nqJ,nqJ,nqJ,nqJ,nqJ,nqJ
Jedi Wagner, assuma o comando!