[vazia]
ioSZdCfi
ioSZdCfi
Toque! Toque, Dijê!
ioSZdCfi
ioSZdCfi,ioSZdCfi
ioSZdCfi
Toque! Toque, Dijê!
[vazia]
Toque! Toque, Dijê!
Toque! Toque, Dijê!
ioSZdCfi
ioSZdCfi
ioSZdCfi
ioSZdCfi
ioSZdCfi
ioSZdCfi
ioSZdCfi
ioSZdCfi,ioSZdCfi,ioSZdCfi
ioSZdCfi,ioSZdCfi
ioSZdCfi,ioSZdCfi
ioSZdCfi
ioSZdCfi
ioSZdCfi
ioSZdCfi,ioSZdCfi
ioSZdCfi,ioSZdCfi,ioSZdCfi
ioSZdCfi,ioSZdCfi,ioSZdCfi,ioSZdCfi,ioSZdCfi
ioSZdCfi,ioSZdCfi,ioSZdCfi,ioSZdCfi,ioSZdCfi
ioSZdCfi,ioSZdCfi,ioSZdCfi,ioSZdCfi,ioSZdCfi
ioSZdCfi,ioSZdCfi,ioSZdCfi,ioSZdCfi,ioSZdCfi
ioSZdCfi
ioSZdCfi,ioSZdCfi,ioSZdCfi,ioSZdCfi
ioSZdCfi
ioSZdCfi,ioSZdCfi,ioSZdCfi,ioSZdCfi,ioSZdCfi
ioSZdCfi
ioSZdCfi,ioSZdCfi,ioSZdCfi,ioSZdCfi
ioSZdCfi
ioSZdCfi,ioSZdCfi,ioSZdCfi
ioSZdCfi,ioSZdCfi,ioSZdCfi
ioSZdCfi,ioSZdCfi,ioSZdCfi,ioSZdCfi
ioSZdCfi,ioSZdCfi,ioSZdCfi,ioSZdCfi,ioSZdCfi
ioSZdCfi,ioSZdCfi,ioSZdCfi
ioSZdCfi,ioSZdCfi,ioSZdCfi
ioSZdCfi
ioSZdCfi
ioSZdCfi,ioSZdCfi,ioSZdCfi,ioSZdCfi
ioSZdCfi
ioSZdCfi
ioSZdCfi,ioSZdCfi,ioSZdCfi
ioSZdCfi,ioSZdCfi,ioSZdCfi,ioSZdCfi
ioSZdCfi
ioSZdCfi,ioSZdCfi,ioSZdCfi,ioSZdCfi,ioSZdCfi,ioSZdCfi
ioSZdCfi,ioSZdCfi,ioSZdCfi,ioSZdCfi,ioSZdCfi
ioSZdCfi
ioSZdCfi
ioSZdCfi
ioSZdCfi
ioSZdCfi,ioSZdCfi,ioSZdCfi,ioSZdCfi,ioSZdCfi
ioSZdCfi,ioSZdCfi,ioSZdCfi,ioSZdCfi,ioSZdCfi
ioSZdCfi,ioSZdCfi,ioSZdCfi,ioSZdCfi,ioSZdCfi
ioSZdCfi,ioSZdCfi,ioSZdCfi,ioSZdCfi,ioSZdCfi,ioSZdCfi
ioSZdCfi
ioSZdCfi,ioSZdCfi,ioSZdCfi,ioSZdCfi,ioSZdCfi,ioSZdCfi
ioSZdCfi
ioSZdCfi
ioSZdCfi,ioSZdCfi,ioSZdCfi,ioSZdCfi,ioSZdCfi,ioSZdCfi,ioSZdCfi
ioSZdCfi,ioSZdCfi,ioSZdCfi,ioSZdCfi,ioSZdCfi,ioSZdCfi,ioSZdCfi,ioSZdCfi
ioSZdCfi
ioSZdCfi
ioSZdCfi
ioSZdCfi
ioSZdCfi
ioSZdCfi,ioSZdCfi,ioSZdCfi,ioSZdCfi,ioSZdCfi,ioSZdCfi,ioSZdCfi
ioSZdCfi
ioSZdCfi,ioSZdCfi,ioSZdCfi,ioSZdCfi,ioSZdCfi,ioSZdCfi,ioSZdCfi,ioSZdCfi
ioSZdCfi
ioSZdCfi
ioSZdCfi,ioSZdCfi,ioSZdCfi,ioSZdCfi,ioSZdCfi,ioSZdCfi,ioSZdCfi
ioSZdCfi
ioSZdCfi,ioSZdCfi,ioSZdCfi,ioSZdCfi,ioSZdCfi,ioSZdCfi
ioSZdCfi,ioSZdCfi,ioSZdCfi,ioSZdCfi,ioSZdCfi,ioSZdCfi,ioSZdCfi,ioSZdCfi,ioSZdCfi
ioSZdCfi
ioSZdCfi
ioSZdCfi,ioSZdCfi,ioSZdCfi,ioSZdCfi,ioSZdCfi,ioSZdCfi,ioSZdCfi,ioSZdCfi,ioSZdCfi,ioSZdCfi
ioSZdCfi
ioSZdCfi
ioSZdCfi
ioSZdCfi
ioSZdCfi
ioSZdCfi
ioSZdCfi
ioSZdCfi,ioSZdCfi,ioSZdCfi,ioSZdCfi,ioSZdCfi,ioSZdCfi,ioSZdCfi,ioSZdCfi,ioSZdCfi
ioSZdCfi
ioSZdCfi
ioSZdCfi,ioSZdCfi,ioSZdCfi,ioSZdCfi,ioSZdCfi,ioSZdCfi,ioSZdCfi,ioSZdCfi,ioSZdCfi,ioSZdCfi
ioSZdCfi
ioSZdCfi
ioSZdCfi,ioSZdCfi,ioSZdCfi,ioSZdCfi,ioSZdCfi,ioSZdCfi,ioSZdCfi,ioSZdCfi,ioSZdCfi,ioSZdCfi
ioSZdCfi
ioSZdCfi
ioSZdCfi
ioSZdCfi
ioSZdCfi,ioSZdCfi,ioSZdCfi,ioSZdCfi,ioSZdCfi,ioSZdCfi,ioSZdCfi,ioSZdCfi
ioSZdCfi,ioSZdCfi,ioSZdCfi,ioSZdCfi,ioSZdCfi,ioSZdCfi,ioSZdCfi
ioSZdCfi,ioSZdCfi,ioSZdCfi,ioSZdCfi,ioSZdCfi,ioSZdCfi,ioSZdCfi
ioSZdCfi
ioSZdCfi,ioSZdCfi,ioSZdCfi,ioSZdCfi,ioSZdCfi,ioSZdCfi,ioSZdCfi
ioSZdCfi,ioSZdCfi,ioSZdCfi,ioSZdCfi,ioSZdCfi,ioSZdCfi,ioSZdCfi
ioSZdCfi,ioSZdCfi,ioSZdCfi,ioSZdCfi,ioSZdCfi,ioSZdCfi,ioSZdCfi
ioSZdCfi
ioSZdCfi
ioSZdCfi
ioSZdCfi,ioSZdCfi,ioSZdCfi,ioSZdCfi,ioSZdCfi,ioSZdCfi
ioSZdCfi,ioSZdCfi,ioSZdCfi,ioSZdCfi,ioSZdCfi,ioSZdCfi
ioSZdCfi
ioSZdCfi
ioSZdCfi,ioSZdCfi,ioSZdCfi,ioSZdCfi,ioSZdCfi,ioSZdCfi
ioSZdCfi,ioSZdCfi,ioSZdCfi,ioSZdCfi,ioSZdCfi,ioSZdCfi
ioSZdCfi
ioSZdCfi,ioSZdCfi,ioSZdCfi,ioSZdCfi,ioSZdCfi,ioSZdCfi
ioSZdCfi,ioSZdCfi,ioSZdCfi,ioSZdCfi,ioSZdCfi
ioSZdCfi,ioSZdCfi,ioSZdCfi,ioSZdCfi,ioSZdCfi,ioSZdCfi,ioSZdCfi
ioSZdCfi,ioSZdCfi,ioSZdCfi,ioSZdCfi,ioSZdCfi,ioSZdCfi,ioSZdCfi
ioSZdCfi
ioSZdCfi,ioSZdCfi,ioSZdCfi,ioSZdCfi,ioSZdCfi
ioSZdCfi,ioSZdCfi,ioSZdCfi,ioSZdCfi
ioSZdCfi,ioSZdCfi,ioSZdCfi,ioSZdCfi
ioSZdCfi,ioSZdCfi,ioSZdCfi,ioSZdCfi,ioSZdCfi
ioSZdCfi,ioSZdCfi,ioSZdCfi,ioSZdCfi,ioSZdCfi
ioSZdCfi,ioSZdCfi,ioSZdCfi,ioSZdCfi,ioSZdCfi,ioSZdCfi
ioSZdCfi,ioSZdCfi,ioSZdCfi,ioSZdCfi,ioSZdCfi,ioSZdCfi,ioSZdCfi
ioSZdCfi
ioSZdCfi
ioSZdCfi
ioSZdCfi
ioSZdCfi,ioSZdCfi,ioSZdCfi,ioSZdCfi
ioSZdCfi
ioSZdCfi,ioSZdCfi,ioSZdCfi,ioSZdCfi,ioSZdCfi,ioSZdCfi,ioSZdCfi
ioSZdCfi,ioSZdCfi,ioSZdCfi,ioSZdCfi,ioSZdCfi,ioSZdCfi,ioSZdCfi
ioSZdCfi
ioSZdCfi,ioSZdCfi,ioSZdCfi,ioSZdCfi,ioSZdCfi,ioSZdCfi
ioSZdCfi
ioSZdCfi,ioSZdCfi,ioSZdCfi,ioSZdCfi,ioSZdCfi,ioSZdCfi
ioSZdCfi
ioSZdCfi
ioSZdCfi
ioSZdCfi
ioSZdCfi,ioSZdCfi,ioSZdCfi,ioSZdCfi,ioSZdCfi,ioSZdCfi
ioSZdCfi,ioSZdCfi,ioSZdCfi,ioSZdCfi,ioSZdCfi,ioSZdCfi
ioSZdCfi,ioSZdCfi,ioSZdCfi,ioSZdCfi,ioSZdCfi,ioSZdCfi
ioSZdCfi,ioSZdCfi,ioSZdCfi,ioSZdCfi,ioSZdCfi,ioSZdCfi
ioSZdCfi
ioSZdCfi
ioSZdCfi
ioSZdCfi,ioSZdCfi,ioSZdCfi,ioSZdCfi,ioSZdCfi,ioSZdCfi,ioSZdCfi,ioSZdCfi
ioSZdCfi
ioSZdCfi
ioSZdCfi,ioSZdCfi,ioSZdCfi,ioSZdCfi,ioSZdCfi,ioSZdCfi,ioSZdCfi,ioSZdCfi,ioSZdCfi
ioSZdCfi
ioSZdCfi,ioSZdCfi,ioSZdCfi,ioSZdCfi,ioSZdCfi,ioSZdCfi,ioSZdCfi,ioSZdCfi,ioSZdCfi,ioSZdCfi,ioSZdCfi
ioSZdCfi
ioSZdCfi,ioSZdCfi,ioSZdCfi,ioSZdCfi,ioSZdCfi,ioSZdCfi,ioSZdCfi,ioSZdCfi,ioSZdCfi,ioSZdCfi,ioSZdCfi
ioSZdCfi
ioSZdCfi
ioSZdCfi
ioSZdCfi,ioSZdCfi,ioSZdCfi,ioSZdCfi,ioSZdCfi,ioSZdCfi,ioSZdCfi,ioSZdCfi,ioSZdCfi,ioSZdCfi
ioSZdCfi
ioSZdCfi,ioSZdCfi,ioSZdCfi,ioSZdCfi,ioSZdCfi,ioSZdCfi,ioSZdCfi,ioSZdCfi,ioSZdCfi,ioSZdCfi
ioSZdCfi
ioSZdCfi
ioSZdCfi
ioSZdCfi
ioSZdCfi,ioSZdCfi,ioSZdCfi,ioSZdCfi,ioSZdCfi,ioSZdCfi,ioSZdCfi,ioSZdCfi,ioSZdCfi,ioSZdCfi
ioSZdCfi,ioSZdCfi,ioSZdCfi,ioSZdCfi,ioSZdCfi,ioSZdCfi,ioSZdCfi,ioSZdCfi,ioSZdCfi,ioSZdCfi
ioSZdCfi,ioSZdCfi,ioSZdCfi,ioSZdCfi,ioSZdCfi,ioSZdCfi,ioSZdCfi,ioSZdCfi,ioSZdCfi,ioSZdCfi
ioSZdCfi,ioSZdCfi,ioSZdCfi,ioSZdCfi,ioSZdCfi,ioSZdCfi,ioSZdCfi,ioSZdCfi,ioSZdCfi,ioSZdCfi
ioSZdCfi,ioSZdCfi,ioSZdCfi,ioSZdCfi,ioSZdCfi,ioSZdCfi,ioSZdCfi,ioSZdCfi,ioSZdCfi,ioSZdCfi
ioSZdCfi,ioSZdCfi,ioSZdCfi,ioSZdCfi,ioSZdCfi,ioSZdCfi,ioSZdCfi,ioSZdCfi,ioSZdCfi,ioSZdCfi
Jedi Wagner, assuma o comando!