bXPZbMN
bXPZbMN
bXPZbMN
bXPZbMN
Toque! Toque, Dijê!
bXPZbMN
Toque! Toque, Dijê!
bXPZbMN
bXPZbMN
bXPZbMN
FEieRYu
Toque! Toque, Dijê!
[vazia]
[vazia]
Toque! Toque, Dijê!
Toque! Toque, Dijê!
bXPZbMN
bXPZbMN
Toque! Toque, Dijê!
[vazia]
Toque! Toque, Dijê!
bXPZbMN
bXPZbMN
bXPZbMN
bXPZbMN
bXPZbMN
FEieRYu
FEieRYu
bXPZbMN,FEieRYu,bXPZbMN,gwCAYqG,gwCAYqG
bXPZbMN,FEieRYu,bXPZbMN,gwCAYqG,gwCAYqG
FEieRYu,bXPZbMN,gwCAYqG,gwCAYqG,FEieRYu
FEieRYu,bXPZbMN,gwCAYqG,gwCAYqG,FEieRYu
bXPZbMN
gwCAYqG,bXPZbMN,FEieRYu,FEieRYu,gwCAYqG,FEieRYu
gwCAYqG,FEieRYu,gwCAYqG,FEieRYu,gwCAYqG
gwCAYqG,FEieRYu,gwCAYqG,FEieRYu,gwCAYqG
FEieRYu
gwCAYqG,gwCAYqG,FEieRYu,gwCAYqG
FEieRYu
FEieRYu
FEieRYu
FEieRYu
gwCAYqG,gwCAYqG,FEieRYu,gwCAYqG
gwCAYqG,gwCAYqG,gwCAYqG,FEieRYu
gwCAYqG,gwCAYqG,gwCAYqG
gwCAYqG
gwCAYqG
gwCAYqG,gwCAYqG,FEieRYu,FEieRYu,gwCAYqG,bXPZbMN,FEieRYu
gwCAYqG
gwCAYqG,gwCAYqG,FEieRYu,FEieRYu,gwCAYqG,bXPZbMN,FEieRYu,FEieRYu
gwCAYqG,gwCAYqG,FEieRYu,gwCAYqG,bXPZbMN,FEieRYu,FEieRYu
bXPZbMN
FEieRYu
gwCAYqG,gwCAYqG,gwCAYqG,bXPZbMN,FEieRYu,FEieRYu,FEieRYu
gwCAYqG,FEieRYu,FEieRYu,FEieRYu,FEieRYu,bXPZbMN,bXPZbMN,bXPZbMN
FEieRYu,FEieRYu,gwCAYqG,FEieRYu,FEieRYu,bXPZbMN,bXPZbMN,bXPZbMN
FEieRYu
FEieRYu,FEieRYu,gwCAYqG,FEieRYu,FEieRYu,bXPZbMN,bXPZbMN,bXPZbMN
bXPZbMN
FEieRYu
FEieRYu,gwCAYqG,FEieRYu,FEieRYu,bXPZbMN,bXPZbMN,bXPZbMN,bXPZbMN
FEieRYu
FEieRYu
bXPZbMN
FEieRYu,bXPZbMN,gwCAYqG,FEieRYu,FEieRYu,bXPZbMN,bXPZbMN,bXPZbMN,gwCAYqG,FEieRYu
FEieRYu,bXPZbMN,gwCAYqG,FEieRYu,FEieRYu,bXPZbMN,bXPZbMN,bXPZbMN,gwCAYqG,FEieRYu,FEieRYu
bXPZbMN
FEieRYu,bXPZbMN,gwCAYqG,FEieRYu,FEieRYu,bXPZbMN,bXPZbMN,bXPZbMN,gwCAYqG,FEieRYu,FEieRYu
bXPZbMN
FEieRYu,bXPZbMN,gwCAYqG,FEieRYu,FEieRYu,bXPZbMN,bXPZbMN,bXPZbMN,gwCAYqG,FEieRYu,FEieRYu,gwCAYqG
gwCAYqG
FEieRYu
gwCAYqG,FEieRYu,FEieRYu,bXPZbMN,bXPZbMN,gwCAYqG,FEieRYu,FEieRYu,gwCAYqG,gwCAYqG,FEieRYu,bXPZbMN,gwCAYqG,FEieRYu,bXPZbMN
FEieRYu
FEieRYu
gwCAYqG
gwCAYqG,FEieRYu,gwCAYqG,FEieRYu,FEieRYu,gwCAYqG,gwCAYqG,FEieRYu,bXPZbMN,gwCAYqG,FEieRYu,bXPZbMN,bXPZbMN
FEieRYu,gwCAYqG,FEieRYu,FEieRYu,gwCAYqG,gwCAYqG,FEieRYu,gwCAYqG,FEieRYu,bXPZbMN,bXPZbMN,gwCAYqG,bXPZbMN,FEieRYu
gwCAYqG
gwCAYqG
gwCAYqG
FEieRYu,gwCAYqG,FEieRYu,FEieRYu,gwCAYqG,bXPZbMN,gwCAYqG,FEieRYu,gwCAYqG,FEieRYu,bXPZbMN,gwCAYqG,bXPZbMN,FEieRYu,FEieRYu,FEieRYu
FEieRYu,gwCAYqG,FEieRYu,FEieRYu,gwCAYqG,bXPZbMN,gwCAYqG,FEieRYu,gwCAYqG,FEieRYu,bXPZbMN,gwCAYqG,bXPZbMN,FEieRYu,FEieRYu,FEieRYu
gwCAYqG,FEieRYu,FEieRYu,gwCAYqG,gwCAYqG,FEieRYu,gwCAYqG,FEieRYu,bXPZbMN,gwCAYqG,bXPZbMN,FEieRYu,FEieRYu,FEieRYu
gwCAYqG
gwCAYqG
FEieRYu,FEieRYu,gwCAYqG,bXPZbMN,gwCAYqG,FEieRYu,gwCAYqG,FEieRYu,gwCAYqG,bXPZbMN,FEieRYu,FEieRYu,FEieRYu
gwCAYqG
gwCAYqG
FEieRYu,FEieRYu,gwCAYqG,gwCAYqG,FEieRYu,gwCAYqG,FEieRYu,gwCAYqG,bXPZbMN,FEieRYu,FEieRYu,FEieRYu
gwCAYqG
FEieRYu,FEieRYu,gwCAYqG,gwCAYqG,FEieRYu,gwCAYqG,FEieRYu,gwCAYqG,bXPZbMN,FEieRYu,FEieRYu,FEieRYu
gwCAYqG
FEieRYu,gwCAYqG,gwCAYqG,FEieRYu,FEieRYu,gwCAYqG,FEieRYu,gwCAYqG,bXPZbMN,FEieRYu,FEieRYu,FEieRYu
gwCAYqG
FEieRYu,gwCAYqG,FEieRYu,FEieRYu,gwCAYqG,FEieRYu,gwCAYqG,FEieRYu,FEieRYu,FEieRYu
FEieRYu,gwCAYqG,FEieRYu,FEieRYu,gwCAYqG,FEieRYu,gwCAYqG,FEieRYu,FEieRYu,FEieRYu,gwCAYqG
FEieRYu,gwCAYqG,FEieRYu,FEieRYu,gwCAYqG,FEieRYu,gwCAYqG,FEieRYu,FEieRYu,FEieRYu,gwCAYqG
gwCAYqG
gwCAYqG
FEieRYu,gwCAYqG,FEieRYu,FEieRYu,gwCAYqG,FEieRYu,gwCAYqG,FEieRYu,FEieRYu,FEieRYu,gwCAYqG,FEieRYu
FEieRYu,gwCAYqG,FEieRYu,FEieRYu,gwCAYqG,FEieRYu,gwCAYqG,FEieRYu,FEieRYu,FEieRYu,gwCAYqG,FEieRYu,FEieRYu
gwCAYqG
FEieRYu,bXPZbMN,FEieRYu,gwCAYqG,FEieRYu,gwCAYqG,FEieRYu,FEieRYu,FEieRYu,gwCAYqG,FEieRYu,FEieRYu,gwCAYqG
FEieRYu,bXPZbMN,FEieRYu,gwCAYqG,FEieRYu,gwCAYqG,FEieRYu,FEieRYu,FEieRYu,gwCAYqG,FEieRYu,FEieRYu,gwCAYqG
FEieRYu,bXPZbMN,FEieRYu,gwCAYqG,FEieRYu,gwCAYqG,FEieRYu,FEieRYu,FEieRYu,gwCAYqG,FEieRYu,FEieRYu,gwCAYqG
FEieRYu,bXPZbMN,FEieRYu,gwCAYqG,FEieRYu,gwCAYqG,FEieRYu,FEieRYu,FEieRYu,gwCAYqG,FEieRYu,FEieRYu,gwCAYqG
gwCAYqG
gwCAYqG
FEieRYu,gwCAYqG,FEieRYu,gwCAYqG,FEieRYu,FEieRYu,FEieRYu,gwCAYqG,FEieRYu,FEieRYu,gwCAYqG,bXPZbMN
gwCAYqG
gwCAYqG
gwCAYqG
FEieRYu,gwCAYqG,FEieRYu,gwCAYqG,FEieRYu,FEieRYu,FEieRYu,gwCAYqG,FEieRYu,FEieRYu,gwCAYqG,gwCAYqG
gwCAYqG
gwCAYqG
FEieRYu,gwCAYqG,FEieRYu,gwCAYqG,FEieRYu,FEieRYu,FEieRYu,gwCAYqG,FEieRYu,FEieRYu,gwCAYqG
gwCAYqG
gwCAYqG,gwCAYqG,FEieRYu,FEieRYu,FEieRYu,FEieRYu,gwCAYqG,FEieRYu,FEieRYu,gwCAYqG,FEieRYu
gwCAYqG,gwCAYqG,FEieRYu,FEieRYu,FEieRYu,FEieRYu,gwCAYqG,FEieRYu,FEieRYu,gwCAYqG,FEieRYu
FEieRYu,gwCAYqG,FEieRYu,gwCAYqG,FEieRYu,FEieRYu,FEieRYu,gwCAYqG,FEieRYu,FEieRYu,gwCAYqG
FEieRYu,FEieRYu,gwCAYqG,FEieRYu,FEieRYu,FEieRYu,gwCAYqG,FEieRYu,FEieRYu,gwCAYqG,gwCAYqG,FEieRYu
gwCAYqG
gwCAYqG,FEieRYu,FEieRYu,FEieRYu,FEieRYu,gwCAYqG,FEieRYu,FEieRYu,gwCAYqG,bXPZbMN
gwCAYqG,FEieRYu,FEieRYu,FEieRYu,FEieRYu,gwCAYqG,FEieRYu,FEieRYu,gwCAYqG,bXPZbMN
FEieRYu,gwCAYqG,FEieRYu,FEieRYu,FEieRYu,gwCAYqG,FEieRYu,FEieRYu,gwCAYqG,bXPZbMN,FEieRYu
bXPZbMN
bXPZbMN
gwCAYqG
gwCAYqG
gwCAYqG
gwCAYqG
FEieRYu,gwCAYqG,FEieRYu,gwCAYqG,FEieRYu,FEieRYu,FEieRYu,gwCAYqG,FEieRYu,FEieRYu,gwCAYqG
FEieRYu,gwCAYqG,FEieRYu,gwCAYqG,FEieRYu,FEieRYu,FEieRYu,gwCAYqG,FEieRYu,FEieRYu,gwCAYqG
FEieRYu,gwCAYqG,FEieRYu,gwCAYqG,FEieRYu,FEieRYu,FEieRYu,gwCAYqG,FEieRYu,FEieRYu,gwCAYqG
gwCAYqG,gwCAYqG,FEieRYu,FEieRYu,FEieRYu,gwCAYqG,FEieRYu,FEieRYu,gwCAYqG,FEieRYu
gwCAYqG
gwCAYqG,gwCAYqG,FEieRYu,FEieRYu,FEieRYu,gwCAYqG,FEieRYu,FEieRYu,gwCAYqG,FEieRYu
gwCAYqG
gwCAYqG,gwCAYqG,FEieRYu,FEieRYu,FEieRYu,gwCAYqG,FEieRYu,FEieRYu,gwCAYqG,FEieRYu,bXPZbMN,bXPZbMN
gwCAYqG,gwCAYqG,FEieRYu,FEieRYu,FEieRYu,gwCAYqG,FEieRYu,FEieRYu,gwCAYqG,FEieRYu,bXPZbMN,bXPZbMN
gwCAYqG,gwCAYqG,FEieRYu,FEieRYu,FEieRYu,gwCAYqG,FEieRYu,FEieRYu,gwCAYqG,FEieRYu,bXPZbMN
gwCAYqG,gwCAYqG,FEieRYu,FEieRYu,FEieRYu,gwCAYqG,FEieRYu,FEieRYu,gwCAYqG,FEieRYu,bXPZbMN
gwCAYqG
FEieRYu
FEieRYu
gwCAYqG
gwCAYqG
FEieRYu,gwCAYqG,FEieRYu,gwCAYqG,FEieRYu,FEieRYu,FEieRYu,gwCAYqG,FEieRYu,FEieRYu,gwCAYqG,FEieRYu,FEieRYu
FEieRYu
gwCAYqG,FEieRYu,gwCAYqG,FEieRYu,FEieRYu,FEieRYu,FEieRYu,gwCAYqG,FEieRYu,FEieRYu,gwCAYqG,FEieRYu,FEieRYu,gwCAYqG,FEieRYu
gwCAYqG,FEieRYu,gwCAYqG,FEieRYu,FEieRYu,FEieRYu,FEieRYu,gwCAYqG,FEieRYu,FEieRYu,gwCAYqG,FEieRYu,FEieRYu,gwCAYqG,FEieRYu,FEieRYu
FEieRYu
gwCAYqG,gwCAYqG,FEieRYu,FEieRYu,FEieRYu,FEieRYu,FEieRYu,gwCAYqG,FEieRYu,FEieRYu,gwCAYqG,FEieRYu,FEieRYu,gwCAYqG,FEieRYu,FEieRYu,bXPZbMN
gwCAYqG,gwCAYqG,FEieRYu,FEieRYu,FEieRYu,FEieRYu,FEieRYu,gwCAYqG,FEieRYu,FEieRYu,gwCAYqG,FEieRYu,FEieRYu,gwCAYqG,FEieRYu,FEieRYu,bXPZbMN
gwCAYqG,gwCAYqG,FEieRYu,FEieRYu,FEieRYu,FEieRYu,FEieRYu,gwCAYqG,FEieRYu,FEieRYu,gwCAYqG,FEieRYu,FEieRYu,gwCAYqG,FEieRYu,FEieRYu,bXPZbMN
FEieRYu
FEieRYu
gwCAYqG,gwCAYqG,FEieRYu,FEieRYu,FEieRYu,FEieRYu,FEieRYu,gwCAYqG,FEieRYu,FEieRYu,gwCAYqG,FEieRYu,FEieRYu,gwCAYqG,FEieRYu,FEieRYu,bXPZbMN,FEieRYu
gwCAYqG,gwCAYqG,FEieRYu,FEieRYu,FEieRYu,FEieRYu,gwCAYqG,FEieRYu,FEieRYu,gwCAYqG,FEieRYu,FEieRYu,gwCAYqG,FEieRYu,FEieRYu,bXPZbMN,FEieRYu
gwCAYqG,gwCAYqG,FEieRYu,FEieRYu,FEieRYu,FEieRYu,gwCAYqG,FEieRYu,FEieRYu,gwCAYqG,FEieRYu,FEieRYu,gwCAYqG,FEieRYu,FEieRYu,bXPZbMN,FEieRYu,FEieRYu
FEieRYu
FEieRYu
gwCAYqG,gwCAYqG,FEieRYu,FEieRYu,FEieRYu,FEieRYu,FEieRYu,gwCAYqG,FEieRYu,FEieRYu,gwCAYqG,FEieRYu,FEieRYu,gwCAYqG,FEieRYu,FEieRYu,bXPZbMN
gwCAYqG,gwCAYqG,FEieRYu,FEieRYu,FEieRYu,FEieRYu,gwCAYqG,FEieRYu,FEieRYu,gwCAYqG,FEieRYu,FEieRYu,gwCAYqG,FEieRYu,FEieRYu,bXPZbMN
gwCAYqG,gwCAYqG,FEieRYu,FEieRYu,FEieRYu,FEieRYu,gwCAYqG,FEieRYu,FEieRYu,gwCAYqG,FEieRYu,FEieRYu,gwCAYqG,FEieRYu,FEieRYu,bXPZbMN
FEieRYu,FEieRYu,gwCAYqG,FEieRYu,FEieRYu,FEieRYu,FEieRYu,gwCAYqG,FEieRYu,FEieRYu,gwCAYqG,FEieRYu,FEieRYu,bXPZbMN,bXPZbMN,bXPZbMN
FEieRYu,FEieRYu,gwCAYqG,FEieRYu,bXPZbMN,FEieRYu,FEieRYu,FEieRYu,gwCAYqG,FEieRYu,FEieRYu,gwCAYqG,FEieRYu,FEieRYu,bXPZbMN,bXPZbMN,gwCAYqG
FEieRYu,FEieRYu,gwCAYqG,FEieRYu,bXPZbMN,FEieRYu,FEieRYu,FEieRYu,gwCAYqG,FEieRYu,FEieRYu,gwCAYqG,FEieRYu,FEieRYu,bXPZbMN,bXPZbMN,gwCAYqG
FEieRYu
FEieRYu,FEieRYu,gwCAYqG,FEieRYu,FEieRYu,FEieRYu,FEieRYu,gwCAYqG,FEieRYu,FEieRYu,gwCAYqG,FEieRYu,FEieRYu,bXPZbMN,bXPZbMN,bXPZbMN,gwCAYqG
FEieRYu,FEieRYu,FEieRYu,gwCAYqG,FEieRYu,FEieRYu,FEieRYu,gwCAYqG,FEieRYu,FEieRYu,gwCAYqG,FEieRYu,FEieRYu,bXPZbMN,gwCAYqG,FEieRYu
FEieRYu,FEieRYu,gwCAYqG,FEieRYu,FEieRYu,FEieRYu,FEieRYu,gwCAYqG,FEieRYu,FEieRYu,gwCAYqG,FEieRYu,FEieRYu,bXPZbMN,bXPZbMN,bXPZbMN,gwCAYqG
bXPZbMN
FEieRYu,FEieRYu,FEieRYu,bXPZbMN,gwCAYqG,FEieRYu,FEieRYu,FEieRYu,gwCAYqG,FEieRYu,FEieRYu,gwCAYqG,FEieRYu,FEieRYu,bXPZbMN,bXPZbMN,gwCAYqG
FEieRYu,FEieRYu,FEieRYu,bXPZbMN,gwCAYqG,FEieRYu,FEieRYu,FEieRYu,gwCAYqG,FEieRYu,FEieRYu,gwCAYqG,FEieRYu,FEieRYu,bXPZbMN,bXPZbMN,gwCAYqG
FEieRYu
FEieRYu,FEieRYu,FEieRYu,bXPZbMN,FEieRYu,FEieRYu,FEieRYu,gwCAYqG,FEieRYu,FEieRYu,gwCAYqG,FEieRYu,FEieRYu,bXPZbMN,bXPZbMN,gwCAYqG
FEieRYu,FEieRYu,FEieRYu,bXPZbMN,FEieRYu,FEieRYu,FEieRYu,gwCAYqG,FEieRYu,FEieRYu,gwCAYqG,FEieRYu,FEieRYu,bXPZbMN,bXPZbMN,gwCAYqG
FEieRYu,FEieRYu,FEieRYu,FEieRYu,gwCAYqG,FEieRYu,FEieRYu,FEieRYu,FEieRYu,gwCAYqG,FEieRYu,FEieRYu,bXPZbMN,bXPZbMN,gwCAYqG
FEieRYu,FEieRYu,FEieRYu,FEieRYu,gwCAYqG,FEieRYu,FEieRYu,FEieRYu,FEieRYu,gwCAYqG,FEieRYu,FEieRYu,bXPZbMN,bXPZbMN,gwCAYqG
FEieRYu
gwCAYqG
bXPZbMN
bXPZbMN
FEieRYu,FEieRYu,FEieRYu,FEieRYu,FEieRYu,gwCAYqG,bXPZbMN,FEieRYu,FEieRYu,FEieRYu,gwCAYqG,FEieRYu,FEieRYu,gwCAYqG,FEieRYu
bXPZbMN
bXPZbMN
FEieRYu,FEieRYu,FEieRYu,FEieRYu,bXPZbMN,gwCAYqG,FEieRYu,FEieRYu,FEieRYu,gwCAYqG,FEieRYu,FEieRYu,gwCAYqG,FEieRYu
bXPZbMN
FEieRYu,FEieRYu,FEieRYu,FEieRYu,gwCAYqG,FEieRYu,FEieRYu,FEieRYu,gwCAYqG,FEieRYu,FEieRYu,gwCAYqG,FEieRYu
gwCAYqG
FEieRYu,FEieRYu,FEieRYu,gwCAYqG,FEieRYu,FEieRYu,FEieRYu,FEieRYu,FEieRYu,gwCAYqG,FEieRYu
FEieRYu
FEieRYu,FEieRYu,FEieRYu,FEieRYu,bXPZbMN,FEieRYu,FEieRYu,FEieRYu,gwCAYqG,FEieRYu,FEieRYu,gwCAYqG,FEieRYu
FEieRYu
Jedi Wagner, assuma o comando!