[vazia]
[vazia]
[vazia]
Toque! Toque, Dijê!
VmgtGnCaf
VmgtGnCaf
VmgtGnCaf
VmgtGnCaf
VmgtGnCaf
Toque! Toque, Dijê!
DqGY
DqGY
DqGY
DqGY
VmgtGnCaf
VmgtGnCaf
[vazia]
Toque! Toque, Dijê!
DqGY,VmgtGnCaf
DqGY
DqGY
DqGY
DqGY,DqGY,DqGY,DqGY
DqGY,DqGY,DqGY,DqGY
DqGY
DqGY
DqGY,DqGY,DqGY,DqGY
DqGY
DqGY
DqGY
DqGY
VmgtGnCaf
VmgtGnCaf
VmgtGnCaf
VmgtGnCaf
VmgtGnCaf,DqGY
VmgtGnCaf,DqGY,DqGY,DqGY
VmgtGnCaf
VmgtGnCaf
VmgtGnCaf,DqGY,DqGY,DqGY,DqGY
VmgtGnCaf,DqGY,DqGY,DqGY
VmgtGnCaf
VmgtGnCaf,DqGY,DqGY,DqGY
VmgtGnCaf,DqGY,DqGY,DqGY,VmgtGnCaf,VmgtGnCaf
VmgtGnCaf,DqGY,DqGY,DqGY,VmgtGnCaf
DqGY
DqGY,DqGY,DqGY,VmgtGnCaf
DqGY,DqGY,DqGY,VmgtGnCaf,VmgtGnCaf
DqGY
DqGY
VmgtGnCaf
DqGY
DqGY
DqGY
DqGY,VmgtGnCaf,DqGY,VmgtGnCaf,VmgtGnCaf
DqGY
DqGY,VmgtGnCaf,DqGY,VmgtGnCaf,VmgtGnCaf
DqGY,DqGY,VmgtGnCaf,VmgtGnCaf
DqGY,VmgtGnCaf,DqGY,VmgtGnCaf
DqGY
DqGY
DqGY
DqGY,VmgtGnCaf,DqGY,VmgtGnCaf
VmgtGnCaf
VmgtGnCaf
VmgtGnCaf
VmgtGnCaf,DqGY,DqGY,VmgtGnCaf,DqGY
VmgtGnCaf
VmgtGnCaf,DqGY,DqGY,VmgtGnCaf
VmgtGnCaf
VmgtGnCaf,DqGY,VmgtGnCaf,VmgtGnCaf
DqGY
DqGY
DqGY
DqGY
DqGY
VmgtGnCaf,DqGY,VmgtGnCaf,VmgtGnCaf
VmgtGnCaf,VmgtGnCaf,VmgtGnCaf,VmgtGnCaf
VmgtGnCaf
DqGY,VmgtGnCaf,VmgtGnCaf,VmgtGnCaf
DqGY
VmgtGnCaf,DqGY,VmgtGnCaf,VmgtGnCaf,DqGY,VmgtGnCaf
VmgtGnCaf,DqGY,VmgtGnCaf,VmgtGnCaf,DqGY,VmgtGnCaf
VmgtGnCaf
VmgtGnCaf,DqGY,DqGY,VmgtGnCaf
DqGY,DqGY,VmgtGnCaf
DqGY,DqGY,VmgtGnCaf
DqGY
DqGY
DqGY
DqGY,DqGY,DqGY,VmgtGnCaf,VmgtGnCaf
DqGY
DqGY
DqGY,DqGY,DqGY
DqGY
DqGY
DqGY,DqGY,DqGY,VmgtGnCaf
DqGY,DqGY,DqGY,DqGY
DqGY,DqGY,DqGY,DqGY
DqGY,DqGY,DqGY,DqGY
DqGY
DqGY,DqGY,DqGY,DqGY,VmgtGnCaf
DqGY,DqGY,DqGY,DqGY
DqGY,DqGY,DqGY,DqGY
DqGY
DqGY
DqGY,DqGY,DqGY,DqGY
DqGY
DqGY,DqGY,DqGY,DqGY,VmgtGnCaf
DqGY,DqGY,DqGY,DqGY,VmgtGnCaf
VmgtGnCaf
DqGY,DqGY,DqGY,DqGY,VmgtGnCaf,VmgtGnCaf,VmgtGnCaf
VmgtGnCaf
VmgtGnCaf
VmgtGnCaf
VmgtGnCaf
DqGY,DqGY,DqGY,DqGY,VmgtGnCaf,VmgtGnCaf,VmgtGnCaf,DqGY,DqGY,DqGY
DqGY,DqGY,DqGY,DqGY,VmgtGnCaf,VmgtGnCaf,VmgtGnCaf,DqGY,DqGY,DqGY
Jedi Wagner, assuma o comando!