[vazia]
Toque! Toque, Dijê!
[vazia]
g
g
g
g
g
g
g
g
g
g
g,VNQv,HbHcpEDa
HbHcpEDa
xvbQOJx
g,VNQv,HbHcpEDa,GCZEphbD,XB
g
VNQv,HbHcpEDa,GCZEphbD,g,XB
VNQv,HbHcpEDa,GCZEphbD,g,XB,xvbQOJx
VNQv,HbHcpEDa,GCZEphbD,g,XB,xvbQOJx
g
HbHcpEDa,GCZEphbD,KrNihbqR
HbHcpEDa,g,xvbQOJx,GCZEphbD,KrNihbqR
KrNihbqR
HbHcpEDa
HbHcpEDa,g,xvbQOJx,GCZEphbD,KrNihbqR
xvbQOJx
xvbQOJx
HbHcpEDa,g,xvbQOJx,GCZEphbD,KrNihbqR,xtlHGUnP,HbHcpEDa
HbHcpEDa,g,xvbQOJx,xtlHGUnP,GCZEphbD,KrNihbqR,HbHcpEDa,HbHcpEDa,xtlHGUnP,KrNihbqR
HbHcpEDa,xvbQOJx,xtlHGUnP,GCZEphbD,KrNihbqR,HbHcpEDa,HbHcpEDa,xtlHGUnP,KrNihbqR,VNQv,KrNihbqR
HbHcpEDa,xtlHGUnP,xvbQOJx,GCZEphbD,KrNihbqR,HbHcpEDa,HbHcpEDa,xtlHGUnP,KrNihbqR,VNQv,KrNihbqR
GCZEphbD
HbHcpEDa,xtlHGUnP,xvbQOJx,GCZEphbD,KrNihbqR,HbHcpEDa,HbHcpEDa,xtlHGUnP,KrNihbqR,VNQv,KrNihbqR
GCZEphbD
GCZEphbD
GCZEphbD
HbHcpEDa,xtlHGUnP,xvbQOJx,GCZEphbD,KrNihbqR,HbHcpEDa,HbHcpEDa,xtlHGUnP,KrNihbqR,VNQv,KrNihbqR,g,HbHcpEDa
HbHcpEDa,xtlHGUnP,xvbQOJx,GCZEphbD,KrNihbqR,HbHcpEDa,HbHcpEDa,xtlHGUnP,KrNihbqR,VNQv,KrNihbqR,g,HbHcpEDa
GCZEphbD
HbHcpEDa,xtlHGUnP,xvbQOJx,GCZEphbD,KrNihbqR,HbHcpEDa,HbHcpEDa,xtlHGUnP,KrNihbqR,VNQv,KrNihbqR
GCZEphbD
GCZEphbD
VNQv
HbHcpEDa,xtlHGUnP,VNQv,xvbQOJx,GCZEphbD,KrNihbqR,HbHcpEDa,HbHcpEDa,xtlHGUnP,KrNihbqR,KrNihbqR,xtlHGUnP,cptajY,VNQv
xvbQOJx
xvbQOJx
GCZEphbD
GCZEphbD
GCZEphbD
xtlHGUnP,VNQv,GCZEphbD,xvbQOJx,KrNihbqR,HbHcpEDa,HbHcpEDa,xtlHGUnP,KrNihbqR,KrNihbqR,xtlHGUnP,cptajY,VNQv,g,xvbQOJx,xvbQOJx
xtlHGUnP,VNQv,GCZEphbD,xvbQOJx,KrNihbqR,HbHcpEDa,HbHcpEDa,xtlHGUnP,KrNihbqR,KrNihbqR,xtlHGUnP,cptajY,VNQv,g,xvbQOJx,xvbQOJx
xtlHGUnP,VNQv,cptajY,GCZEphbD,xvbQOJx,KrNihbqR,HbHcpEDa,HbHcpEDa,xtlHGUnP,KrNihbqR,KrNihbqR,xtlHGUnP,VNQv,g,xvbQOJx,xvbQOJx,XB
xtlHGUnP,VNQv,cptajY,GCZEphbD,xvbQOJx,KrNihbqR,HbHcpEDa,HbHcpEDa,xtlHGUnP,KrNihbqR,KrNihbqR,xtlHGUnP,VNQv,g,xvbQOJx,xvbQOJx,XB
xtlHGUnP,VNQv,cptajY,GCZEphbD,xvbQOJx,KrNihbqR,HbHcpEDa,HbHcpEDa,xtlHGUnP,KrNihbqR,KrNihbqR,xtlHGUnP,VNQv,g,xvbQOJx,xvbQOJx,XB
KrNihbqR
KrNihbqR
HbHcpEDa,xtlHGUnP,VNQv,xvbQOJx,GCZEphbD,KrNihbqR,HbHcpEDa,HbHcpEDa,xtlHGUnP,KrNihbqR,KrNihbqR,xtlHGUnP,cptajY,VNQv
GCZEphbD
HbHcpEDa,xtlHGUnP,VNQv,xvbQOJx,GCZEphbD,KrNihbqR,HbHcpEDa,HbHcpEDa,xtlHGUnP,KrNihbqR,KrNihbqR,xtlHGUnP,cptajY,VNQv
HbHcpEDa,xtlHGUnP,VNQv,xvbQOJx,GCZEphbD,KrNihbqR,HbHcpEDa,HbHcpEDa,xtlHGUnP,KrNihbqR,KrNihbqR,xtlHGUnP,cptajY,VNQv,cptajY
GCZEphbD
HbHcpEDa,xtlHGUnP,VNQv,GCZEphbD,HbHcpEDa,HbHcpEDa,KrNihbqR,xtlHGUnP,KrNihbqR,KrNihbqR,xtlHGUnP,cptajY,VNQv,cptajY,xtlHGUnP
xtlHGUnP
xtlHGUnP
KrNihbqR
xtlHGUnP,VNQv,GCZEphbD,HbHcpEDa,HbHcpEDa,KrNihbqR,xtlHGUnP,KrNihbqR,KrNihbqR,xtlHGUnP,cptajY,VNQv,cptajY,xtlHGUnP,KrNihbqR,xvbQOJx,xvbQOJx
xtlHGUnP
xtlHGUnP
Jedi Wagner, assuma o comando!