ymNTzn
ymNTzn
ymNTzn,ymNTzn
ymNTzn,ymNTzn,ymNTzn,uwbtICmA,suSHchh
ymNTzn
ymNTzn,uwbtICmA,ymNTzn,ymNTzn,suSHchh,suSHchh,suSHchh
ymNTzn
ymNTzn
ymNTzn
ymNTzn,ymNTzn,ymNTzn,uwbtICmA,suSHchh
uwbtICmA
uwbtICmA,suSHchh
ymNTzn
ymNTzn
ymNTzn
ymNTzn,ymNTzn,ymNTzn,uwbtICmA,suSHchh
ymNTzn,ymNTzn,uwbtICmA,suSHchh
ymNTzn,ymNTzn,ymNTzn,uwbtICmA,suSHchh
ymNTzn
ymNTzn,ymNTzn,ymNTzn,uwbtICmA
uwbtICmA
ymNTzn
ymNTzn,uwbtICmA,ymNTzn
ymNTzn,uwbtICmA,ymNTzn,suSHchh,suSHchh
suSHchh
suSHchh
suSHchh
uwbtICmA,ymNTzn,suSHchh,suSHchh,ymNTzn
ymNTzn,suSHchh,suSHchh,ymNTzn,uwbtICmA
ymNTzn,suSHchh,suSHchh,ymNTzn
ymNTzn,suSHchh,suSHchh,ymNTzn
ymNTzn
ymNTzn
suSHchh,suSHchh,ymNTzn,ymNTzn,uwbtICmA,uwbtICmA
ymNTzn
ymNTzn
suSHchh,suSHchh,ymNTzn,ymNTzn,uwbtICmA,uwbtICmA,ymNTzn,ymNTzn,uwbtICmA,uwbtICmA
ymNTzn
ymNTzn,suSHchh,suSHchh,ymNTzn,suSHchh
suSHchh
suSHchh
uwbtICmA,ymNTzn,suSHchh,suSHchh,ymNTzn,ymNTzn
uwbtICmA
ymNTzn,suSHchh,suSHchh,uwbtICmA,ymNTzn,ymNTzn
ymNTzn,suSHchh,suSHchh,uwbtICmA,ymNTzn,ymNTzn
suSHchh
suSHchh
ymNTzn,suSHchh,suSHchh,ymNTzn,ymNTzn
ymNTzn,suSHchh,suSHchh,ymNTzn,ymNTzn
suSHchh
ymNTzn,suSHchh,suSHchh,ymNTzn,ymNTzn
suSHchh
suSHchh
ymNTzn,suSHchh,suSHchh,ymNTzn,ymNTzn
ymNTzn
suSHchh
uwbtICmA
ymNTzn
Jedi Wagner, assuma o comando!