[vazia]
WaDsvjgzpa
WaDsvjgzpa
WaDsvjgzpa,cB
WaDsvjgzpa,cB
cB
cB
WaDsvjgzpa
WaDsvjgzpa
cB,WaDsvjgzpa,WaDsvjgzpa,WaDsvjgzpa,cB
WaDsvjgzpa
WaDsvjgzpa,WaDsvjgzpa,WaDsvjgzpa,cB
WaDsvjgzpa
cB
WaDsvjgzpa,cB,cB
WaDsvjgzpa,cB
cB
cB
cB
cB
WaDsvjgzpa
cB,WaDsvjgzpa
cB,WaDsvjgzpa
cB
cB
cB,cB,WaDsvjgzpa
cB
cB,cB,WaDsvjgzpa
cB,cB,WaDsvjgzpa,WaDsvjgzpa
cB
cB
WaDsvjgzpa,cB
WaDsvjgzpa
WaDsvjgzpa,cB,cB
cB,cB,WaDsvjgzpa
cB,cB,WaDsvjgzpa
WaDsvjgzpa
WaDsvjgzpa,cB
WaDsvjgzpa
WaDsvjgzpa
WaDsvjgzpa
WaDsvjgzpa
cB,cB,WaDsvjgzpa,WaDsvjgzpa
WaDsvjgzpa,cB,WaDsvjgzpa
WaDsvjgzpa
WaDsvjgzpa
cB,WaDsvjgzpa
WaDsvjgzpa
WaDsvjgzpa
WaDsvjgzpa
cB,WaDsvjgzpa,WaDsvjgzpa,WaDsvjgzpa,cB,WaDsvjgzpa
WaDsvjgzpa
WaDsvjgzpa,cB,WaDsvjgzpa,WaDsvjgzpa,cB,WaDsvjgzpa,cB
WaDsvjgzpa
cB
WaDsvjgzpa,cB,WaDsvjgzpa,cB,WaDsvjgzpa,cB
WaDsvjgzpa,WaDsvjgzpa,WaDsvjgzpa,cB
WaDsvjgzpa,WaDsvjgzpa,cB
cB
cB,WaDsvjgzpa,cB
cB,WaDsvjgzpa,WaDsvjgzpa,WaDsvjgzpa,cB
WaDsvjgzpa
cB,WaDsvjgzpa,WaDsvjgzpa,cB,cB
WaDsvjgzpa
WaDsvjgzpa
cB,WaDsvjgzpa,WaDsvjgzpa,WaDsvjgzpa,cB,WaDsvjgzpa
WaDsvjgzpa,WaDsvjgzpa,cB,WaDsvjgzpa,cB,WaDsvjgzpa,cB
WaDsvjgzpa,cB,WaDsvjgzpa,WaDsvjgzpa,cB,WaDsvjgzpa,cB
cB
cB,WaDsvjgzpa,WaDsvjgzpa,WaDsvjgzpa,cB,WaDsvjgzpa
WaDsvjgzpa,cB,WaDsvjgzpa,cB,cB
cB,WaDsvjgzpa,cB,cB,WaDsvjgzpa,cB,cB,cB
cB
cB,cB,cB,WaDsvjgzpa,cB,cB,cB,WaDsvjgzpa,WaDsvjgzpa
cB,cB,cB,WaDsvjgzpa,cB,cB,cB,WaDsvjgzpa,WaDsvjgzpa
cB
cB
cB,WaDsvjgzpa,cB,cB,cB,cB,WaDsvjgzpa,WaDsvjgzpa,WaDsvjgzpa,WaDsvjgzpa
cB
WaDsvjgzpa,cB,cB,cB,WaDsvjgzpa,cB,cB,cB,WaDsvjgzpa,cB,cB,WaDsvjgzpa
cB
cB
WaDsvjgzpa,cB,cB,WaDsvjgzpa,cB,cB,cB,WaDsvjgzpa,cB,cB,WaDsvjgzpa
cB
cB
WaDsvjgzpa,cB,cB,WaDsvjgzpa,cB,cB,cB,WaDsvjgzpa,cB,cB,WaDsvjgzpa
cB
WaDsvjgzpa,cB,cB,WaDsvjgzpa,cB,cB,cB,WaDsvjgzpa,cB,cB,WaDsvjgzpa,cB
WaDsvjgzpa
WaDsvjgzpa,cB,cB,WaDsvjgzpa,cB,cB,cB,WaDsvjgzpa,cB,cB,WaDsvjgzpa
cB
cB
cB
WaDsvjgzpa,cB,cB,cB,cB,cB,WaDsvjgzpa,WaDsvjgzpa,WaDsvjgzpa
WaDsvjgzpa,cB,cB,cB,cB,cB,WaDsvjgzpa,WaDsvjgzpa,WaDsvjgzpa,WaDsvjgzpa,WaDsvjgzpa
WaDsvjgzpa
cB
WaDsvjgzpa,cB,cB,cB,cB,cB,WaDsvjgzpa,WaDsvjgzpa,WaDsvjgzpa,WaDsvjgzpa,WaDsvjgzpa,WaDsvjgzpa,WaDsvjgzpa
WaDsvjgzpa,cB,cB,cB,cB,cB,WaDsvjgzpa,WaDsvjgzpa,WaDsvjgzpa,WaDsvjgzpa,WaDsvjgzpa,WaDsvjgzpa,WaDsvjgzpa
cB
cB
WaDsvjgzpa,cB,cB,cB,cB,cB,WaDsvjgzpa,WaDsvjgzpa,WaDsvjgzpa,WaDsvjgzpa,WaDsvjgzpa,WaDsvjgzpa,WaDsvjgzpa,WaDsvjgzpa
cB
WaDsvjgzpa,cB,cB,cB,cB,cB,WaDsvjgzpa,WaDsvjgzpa,WaDsvjgzpa,WaDsvjgzpa,WaDsvjgzpa,WaDsvjgzpa,WaDsvjgzpa,WaDsvjgzpa
cB,cB,WaDsvjgzpa,cB,cB,cB,WaDsvjgzpa,WaDsvjgzpa,WaDsvjgzpa,WaDsvjgzpa,WaDsvjgzpa,WaDsvjgzpa,WaDsvjgzpa,WaDsvjgzpa,WaDsvjgzpa,WaDsvjgzpa
cB,cB,WaDsvjgzpa,cB,cB,cB,WaDsvjgzpa,WaDsvjgzpa,WaDsvjgzpa,WaDsvjgzpa,WaDsvjgzpa,WaDsvjgzpa,WaDsvjgzpa,WaDsvjgzpa,WaDsvjgzpa,WaDsvjgzpa
cB
WaDsvjgzpa,cB,cB,cB,cB,cB,WaDsvjgzpa,WaDsvjgzpa,WaDsvjgzpa,WaDsvjgzpa,WaDsvjgzpa,WaDsvjgzpa,WaDsvjgzpa
WaDsvjgzpa,cB,cB,cB,cB,cB,WaDsvjgzpa,WaDsvjgzpa,WaDsvjgzpa,WaDsvjgzpa,WaDsvjgzpa,WaDsvjgzpa,WaDsvjgzpa
WaDsvjgzpa,cB,cB,cB,cB,cB,WaDsvjgzpa,WaDsvjgzpa,WaDsvjgzpa,WaDsvjgzpa,WaDsvjgzpa,WaDsvjgzpa,WaDsvjgzpa
WaDsvjgzpa,cB,cB,cB,cB,cB,WaDsvjgzpa,WaDsvjgzpa,WaDsvjgzpa,WaDsvjgzpa,WaDsvjgzpa,WaDsvjgzpa,WaDsvjgzpa
WaDsvjgzpa,cB,cB,cB,cB,cB,WaDsvjgzpa,WaDsvjgzpa,WaDsvjgzpa,WaDsvjgzpa,WaDsvjgzpa,WaDsvjgzpa,WaDsvjgzpa
WaDsvjgzpa,cB,cB,cB,cB,WaDsvjgzpa,WaDsvjgzpa,WaDsvjgzpa,WaDsvjgzpa,WaDsvjgzpa,WaDsvjgzpa,WaDsvjgzpa
cB
cB
cB
cB
cB
cB
cB
WaDsvjgzpa,cB,cB,cB,cB,cB,WaDsvjgzpa,WaDsvjgzpa,WaDsvjgzpa,WaDsvjgzpa,WaDsvjgzpa,WaDsvjgzpa,WaDsvjgzpa
cB
cB,cB,WaDsvjgzpa,cB,cB,cB,WaDsvjgzpa,WaDsvjgzpa,WaDsvjgzpa,WaDsvjgzpa,WaDsvjgzpa,WaDsvjgzpa,WaDsvjgzpa,cB
WaDsvjgzpa,cB,cB,cB,cB,cB,WaDsvjgzpa,WaDsvjgzpa,WaDsvjgzpa,WaDsvjgzpa,WaDsvjgzpa,WaDsvjgzpa,WaDsvjgzpa
WaDsvjgzpa,cB,cB,cB,cB,cB,WaDsvjgzpa,WaDsvjgzpa,WaDsvjgzpa,WaDsvjgzpa,WaDsvjgzpa,WaDsvjgzpa,WaDsvjgzpa
cB
WaDsvjgzpa,cB,cB,cB,cB,cB,WaDsvjgzpa,WaDsvjgzpa,WaDsvjgzpa,WaDsvjgzpa,WaDsvjgzpa,WaDsvjgzpa,WaDsvjgzpa,WaDsvjgzpa
WaDsvjgzpa,cB,cB,cB,cB,cB,WaDsvjgzpa,WaDsvjgzpa,WaDsvjgzpa,WaDsvjgzpa,WaDsvjgzpa,WaDsvjgzpa,WaDsvjgzpa,WaDsvjgzpa
cB,cB,WaDsvjgzpa,cB,cB,cB,WaDsvjgzpa,WaDsvjgzpa,WaDsvjgzpa,WaDsvjgzpa,WaDsvjgzpa,WaDsvjgzpa,WaDsvjgzpa,WaDsvjgzpa
cB,cB,WaDsvjgzpa,cB,cB,cB,WaDsvjgzpa,WaDsvjgzpa,WaDsvjgzpa,WaDsvjgzpa,WaDsvjgzpa,WaDsvjgzpa,WaDsvjgzpa,WaDsvjgzpa
cB,WaDsvjgzpa,cB,cB,cB,WaDsvjgzpa,WaDsvjgzpa,WaDsvjgzpa,WaDsvjgzpa,WaDsvjgzpa,WaDsvjgzpa,WaDsvjgzpa,WaDsvjgzpa,cB
cB
Jedi Wagner, assuma o comando!