[vazia]
Toque! Toque, Dijê!
eCjBR
eCjBR
[vazia]
[vazia]
DxqFwFbLx
Toque! Toque, Dijê!
[vazia]
Toque! Toque, Dijê!
Toque! Toque, Dijê!
Toque! Toque, Dijê!
[vazia]
bXkmCwI
bXkmCwI,bXkmCwI
bXkmCwI
bXkmCwI
[vazia]
[vazia]
FUXUzlApdH
FUXUzlApdH,JxqPE
FUXUzlApdH,DxqFwFbLx,DxqFwFbLx
FUXUzlApdH
FUXUzlApdH
FUXUzlApdH
FUXUzlApdH,JxqPE,DxqFwFbLx,DxqFwFbLx,eCjBR,HbcJeM
FUXUzlApdH,JxqPE,DxqFwFbLx,DxqFwFbLx,eCjBR,HbcJeM
JxqPE
FUXUzlApdH,JxqPE,DxqFwFbLx,DxqFwFbLx,HbcJeM
FUXUzlApdH,HbcJeM,JxqPE,DxqFwFbLx,DxqFwFbLx,DxqFwFbLx
FUXUzlApdH,JxqPE,HbcJeM,DxqFwFbLx,DxqFwFbLx,DxqFwFbLx,JxqPE,DxqFwFbLx
HbcJeM
FUXUzlApdH,JxqPE,DxqFwFbLx,DxqFwFbLx,HbcJeM,JxqPE,DxqFwFbLx
FUXUzlApdH,JxqPE,DxqFwFbLx,HbcJeM,DxqFwFbLx,JxqPE,DxqFwFbLx
FUXUzlApdH,JxqPE,DxqFwFbLx,DxqFwFbLx,HbcJeM,JxqPE,DxqFwFbLx
FUXUzlApdH,JxqPE,DxqFwFbLx,HbcJeM,DxqFwFbLx,JxqPE,DxqFwFbLx
DxqFwFbLx
DxqFwFbLx
DxqFwFbLx
FUXUzlApdH,HbcJeM,DxqFwFbLx,DxqFwFbLx,DxqFwFbLx,JxqPE,JxqPE,DxqFwFbLx,HbcJeM,eCjBR
FUXUzlApdH,HbcJeM,DxqFwFbLx,DxqFwFbLx,DxqFwFbLx,JxqPE,JxqPE,DxqFwFbLx,HbcJeM,eCjBR
JxqPE
JxqPE
FUXUzlApdH,DxqFwFbLx,DxqFwFbLx,DxqFwFbLx,JxqPE,JxqPE,DxqFwFbLx,HbcJeM,eCjBR,ALEYOB
JxqPE
FUXUzlApdH,DxqFwFbLx,DxqFwFbLx,DxqFwFbLx,JxqPE,JxqPE,DxqFwFbLx,HbcJeM,eCjBR,ALEYOB
FUXUzlApdH,DxqFwFbLx,DxqFwFbLx,DxqFwFbLx,JxqPE,JxqPE,DxqFwFbLx,HbcJeM,eCjBR,ALEYOB
FUXUzlApdH,JxqPE,HbcJeM,DxqFwFbLx,DxqFwFbLx,DxqFwFbLx,JxqPE,DxqFwFbLx
DxqFwFbLx
DxqFwFbLx
FUXUzlApdH,JxqPE,HbcJeM,DxqFwFbLx,DxqFwFbLx,DxqFwFbLx,JxqPE,DxqFwFbLx,HbcJeM
FUXUzlApdH,JxqPE,HbcJeM,DxqFwFbLx,DxqFwFbLx,DxqFwFbLx,JxqPE,DxqFwFbLx,HbcJeM
DxqFwFbLx
FUXUzlApdH,JxqPE,HbcJeM,DxqFwFbLx,DxqFwFbLx,DxqFwFbLx,JxqPE,DxqFwFbLx,HbcJeM,JxqPE,ALEYOB
ALEYOB
FUXUzlApdH,JxqPE,HbcJeM,DxqFwFbLx,ALEYOB,DxqFwFbLx,JxqPE,DxqFwFbLx,HbcJeM,JxqPE,DxqFwFbLx,JxqPE,FUXUzlApdH,bXkmCwI,JxqPE,ALEYOB
FUXUzlApdH,JxqPE,HbcJeM,DxqFwFbLx,ALEYOB,DxqFwFbLx,JxqPE,DxqFwFbLx,HbcJeM,JxqPE,DxqFwFbLx,JxqPE,FUXUzlApdH,bXkmCwI,JxqPE,ALEYOB,DxqFwFbLx,ALEYOB
JxqPE
JxqPE,HbcJeM,DxqFwFbLx,ALEYOB,DxqFwFbLx,JxqPE,DxqFwFbLx,HbcJeM,JxqPE,DxqFwFbLx,JxqPE,FUXUzlApdH,JxqPE,ALEYOB,DxqFwFbLx,ALEYOB,FUXUzlApdH,eCjBR
JxqPE
DxqFwFbLx
FUXUzlApdH,JxqPE,DxqFwFbLx,ALEYOB,DxqFwFbLx,JxqPE,DxqFwFbLx,HbcJeM,HbcJeM,JxqPE,DxqFwFbLx,JxqPE,FUXUzlApdH,bXkmCwI,JxqPE,ALEYOB,DxqFwFbLx,ALEYOB,JxqPE
HbcJeM
HbcJeM
JxqPE,ALEYOB,DxqFwFbLx,JxqPE,DxqFwFbLx,HbcJeM,FUXUzlApdH,HbcJeM,JxqPE,DxqFwFbLx,JxqPE,FUXUzlApdH,bXkmCwI,JxqPE,ALEYOB,DxqFwFbLx,ALEYOB,JxqPE,eCjBR,JxqPE,ALEYOB
HbcJeM
HbcJeM
JxqPE,ALEYOB,DxqFwFbLx,JxqPE,DxqFwFbLx,HbcJeM,FUXUzlApdH,HbcJeM,JxqPE,DxqFwFbLx,JxqPE,FUXUzlApdH,bXkmCwI,JxqPE,ALEYOB,DxqFwFbLx,ALEYOB,JxqPE,eCjBR,JxqPE,ALEYOB
JxqPE,ALEYOB,DxqFwFbLx,JxqPE,DxqFwFbLx,HbcJeM,FUXUzlApdH,eCjBR,HbcJeM,JxqPE,DxqFwFbLx,JxqPE,FUXUzlApdH,bXkmCwI,JxqPE,ALEYOB,DxqFwFbLx,ALEYOB,JxqPE,JxqPE,ALEYOB,JxqPE,eCjBR
FUXUzlApdH
FUXUzlApdH
eCjBR
JxqPE,eCjBR,HbcJeM,JxqPE,DxqFwFbLx,JxqPE,FUXUzlApdH,JxqPE,DxqFwFbLx,JxqPE,JxqPE,ALEYOB,JxqPE,eCjBR,bXkmCwI,FUXUzlApdH,bXkmCwI
JxqPE
JxqPE,HbcJeM,JxqPE,DxqFwFbLx,JxqPE,FUXUzlApdH,JxqPE,DxqFwFbLx,JxqPE,JxqPE,ALEYOB,JxqPE,eCjBR,bXkmCwI,FUXUzlApdH,bXkmCwI,eCjBR
FUXUzlApdH
FUXUzlApdH
JxqPE,ALEYOB,DxqFwFbLx,JxqPE,DxqFwFbLx,HbcJeM,FUXUzlApdH,HbcJeM,JxqPE,DxqFwFbLx,JxqPE,FUXUzlApdH,bXkmCwI,JxqPE,ALEYOB,DxqFwFbLx,ALEYOB,JxqPE,eCjBR,JxqPE,ALEYOB,JxqPE
JxqPE,ALEYOB,DxqFwFbLx,JxqPE,DxqFwFbLx,HbcJeM,HbcJeM,FUXUzlApdH,JxqPE,DxqFwFbLx,JxqPE,FUXUzlApdH,bXkmCwI,JxqPE,ALEYOB,DxqFwFbLx,ALEYOB,JxqPE,eCjBR,JxqPE,ALEYOB,JxqPE,DxqFwFbLx
JxqPE,ALEYOB,DxqFwFbLx,JxqPE,DxqFwFbLx,HbcJeM,HbcJeM,FUXUzlApdH,JxqPE,DxqFwFbLx,JxqPE,FUXUzlApdH,bXkmCwI,JxqPE,ALEYOB,DxqFwFbLx,ALEYOB,JxqPE,eCjBR,JxqPE,ALEYOB,JxqPE,DxqFwFbLx
HbcJeM
ALEYOB,DxqFwFbLx,JxqPE,DxqFwFbLx,FUXUzlApdH,HbcJeM,JxqPE,DxqFwFbLx,JxqPE,FUXUzlApdH,bXkmCwI,JxqPE,ALEYOB,DxqFwFbLx,ALEYOB,JxqPE,eCjBR,JxqPE,ALEYOB,JxqPE,DxqFwFbLx
ALEYOB,DxqFwFbLx,JxqPE,DxqFwFbLx,FUXUzlApdH,HbcJeM,JxqPE,DxqFwFbLx,JxqPE,FUXUzlApdH,bXkmCwI,JxqPE,ALEYOB,DxqFwFbLx,ALEYOB,JxqPE,eCjBR,JxqPE,ALEYOB,JxqPE,DxqFwFbLx,FUXUzlApdH
ALEYOB,DxqFwFbLx,JxqPE,DxqFwFbLx,FUXUzlApdH,HbcJeM,JxqPE,DxqFwFbLx,JxqPE,FUXUzlApdH,bXkmCwI,JxqPE,ALEYOB,DxqFwFbLx,ALEYOB,JxqPE,eCjBR,JxqPE,ALEYOB,JxqPE,DxqFwFbLx,FUXUzlApdH
JxqPE
ALEYOB,DxqFwFbLx,JxqPE,DxqFwFbLx,FUXUzlApdH,HbcJeM,JxqPE,DxqFwFbLx,JxqPE,FUXUzlApdH,bXkmCwI,JxqPE,ALEYOB,DxqFwFbLx,ALEYOB,JxqPE,eCjBR,JxqPE,ALEYOB,JxqPE,DxqFwFbLx,FUXUzlApdH
DxqFwFbLx
DxqFwFbLx
JxqPE,DxqFwFbLx,HbcJeM,JxqPE,DxqFwFbLx,FUXUzlApdH,DxqFwFbLx,ALEYOB,JxqPE,FUXUzlApdH,bXkmCwI,JxqPE,ALEYOB,DxqFwFbLx,ALEYOB,JxqPE,eCjBR,JxqPE,ALEYOB,JxqPE,DxqFwFbLx,FUXUzlApdH,bXkmCwI
JxqPE,DxqFwFbLx,HbcJeM,JxqPE,DxqFwFbLx,FUXUzlApdH,DxqFwFbLx,ALEYOB,JxqPE,FUXUzlApdH,JxqPE,ALEYOB,DxqFwFbLx,ALEYOB,JxqPE,eCjBR,JxqPE,ALEYOB,JxqPE,DxqFwFbLx,FUXUzlApdH,bXkmCwI,DxqFwFbLx,bXkmCwI
JxqPE
DxqFwFbLx,HbcJeM,JxqPE,DxqFwFbLx,FUXUzlApdH,DxqFwFbLx,bXkmCwI,JxqPE,FUXUzlApdH,JxqPE,ALEYOB,DxqFwFbLx,ALEYOB,JxqPE,eCjBR,JxqPE,ALEYOB,JxqPE,DxqFwFbLx,FUXUzlApdH,DxqFwFbLx,bXkmCwI
JxqPE
JxqPE
DxqFwFbLx,FUXUzlApdH,DxqFwFbLx,JxqPE,bXkmCwI,FUXUzlApdH,JxqPE,DxqFwFbLx,ALEYOB,JxqPE,JxqPE,ALEYOB,JxqPE,DxqFwFbLx,FUXUzlApdH,DxqFwFbLx,bXkmCwI,bXkmCwI,FUXUzlApdH,DxqFwFbLx,bXkmCwI,FUXUzlApdH,ALEYOB,JxqPE
DxqFwFbLx,FUXUzlApdH,DxqFwFbLx,JxqPE,bXkmCwI,FUXUzlApdH,JxqPE,DxqFwFbLx,ALEYOB,JxqPE,JxqPE,ALEYOB,JxqPE,DxqFwFbLx,FUXUzlApdH,DxqFwFbLx,bXkmCwI,bXkmCwI,FUXUzlApdH,DxqFwFbLx,bXkmCwI,FUXUzlApdH,ALEYOB,JxqPE,DxqFwFbLx
DxqFwFbLx,DxqFwFbLx,JxqPE,bXkmCwI,FUXUzlApdH,JxqPE,DxqFwFbLx,ALEYOB,JxqPE,JxqPE,ALEYOB,JxqPE,DxqFwFbLx,FUXUzlApdH,DxqFwFbLx,bXkmCwI,bXkmCwI,FUXUzlApdH,DxqFwFbLx,bXkmCwI,FUXUzlApdH,ALEYOB,JxqPE,DxqFwFbLx
DxqFwFbLx,DxqFwFbLx,JxqPE,bXkmCwI,FUXUzlApdH,JxqPE,DxqFwFbLx,ALEYOB,JxqPE,JxqPE,ALEYOB,JxqPE,DxqFwFbLx,FUXUzlApdH,DxqFwFbLx,bXkmCwI,bXkmCwI,FUXUzlApdH,DxqFwFbLx,bXkmCwI,FUXUzlApdH,ALEYOB,JxqPE,DxqFwFbLx,DxqFwFbLx
DxqFwFbLx,DxqFwFbLx,JxqPE,bXkmCwI,FUXUzlApdH,JxqPE,DxqFwFbLx,ALEYOB,JxqPE,JxqPE,ALEYOB,JxqPE,DxqFwFbLx,FUXUzlApdH,DxqFwFbLx,bXkmCwI,bXkmCwI,FUXUzlApdH,DxqFwFbLx,bXkmCwI,FUXUzlApdH,ALEYOB,JxqPE,DxqFwFbLx,DxqFwFbLx
JxqPE
JxqPE
JxqPE
JxqPE
DxqFwFbLx,DxqFwFbLx,JxqPE,bXkmCwI,JxqPE,FUXUzlApdH,DxqFwFbLx,ALEYOB,JxqPE,JxqPE,ALEYOB,JxqPE,DxqFwFbLx,FUXUzlApdH,DxqFwFbLx,bXkmCwI,bXkmCwI,FUXUzlApdH,DxqFwFbLx,bXkmCwI,FUXUzlApdH,ALEYOB,JxqPE,DxqFwFbLx,DxqFwFbLx,bXkmCwI,FUXUzlApdH,DxqFwFbLx,DxqFwFbLx
FUXUzlApdH
JxqPE
DxqFwFbLx,DxqFwFbLx,JxqPE,FUXUzlApdH,JxqPE,DxqFwFbLx,ALEYOB,JxqPE,JxqPE,ALEYOB,JxqPE,DxqFwFbLx,FUXUzlApdH,DxqFwFbLx,bXkmCwI,bXkmCwI,FUXUzlApdH,DxqFwFbLx,bXkmCwI,FUXUzlApdH,ALEYOB,JxqPE,DxqFwFbLx,DxqFwFbLx,bXkmCwI
DxqFwFbLx,DxqFwFbLx,JxqPE,FUXUzlApdH,JxqPE,DxqFwFbLx,ALEYOB,JxqPE,JxqPE,ALEYOB,JxqPE,DxqFwFbLx,FUXUzlApdH,DxqFwFbLx,bXkmCwI,bXkmCwI,FUXUzlApdH,DxqFwFbLx,bXkmCwI,FUXUzlApdH,ALEYOB,JxqPE,DxqFwFbLx,DxqFwFbLx,bXkmCwI,ALEYOB
DxqFwFbLx,DxqFwFbLx,JxqPE,JxqPE,FUXUzlApdH,bXkmCwI,DxqFwFbLx,ALEYOB,JxqPE,JxqPE,ALEYOB,JxqPE,DxqFwFbLx,FUXUzlApdH,DxqFwFbLx,bXkmCwI,bXkmCwI,FUXUzlApdH,DxqFwFbLx,bXkmCwI,FUXUzlApdH,ALEYOB,JxqPE,DxqFwFbLx,DxqFwFbLx,bXkmCwI,bXkmCwI
DxqFwFbLx,DxqFwFbLx,JxqPE,JxqPE,FUXUzlApdH,bXkmCwI,DxqFwFbLx,ALEYOB,JxqPE,JxqPE,ALEYOB,JxqPE,DxqFwFbLx,FUXUzlApdH,DxqFwFbLx,bXkmCwI,bXkmCwI,FUXUzlApdH,DxqFwFbLx,bXkmCwI,FUXUzlApdH,ALEYOB,JxqPE,DxqFwFbLx,DxqFwFbLx,bXkmCwI,bXkmCwI,DxqFwFbLx
DxqFwFbLx
DxqFwFbLx,DxqFwFbLx,JxqPE,JxqPE,DxqFwFbLx,FUXUzlApdH,ALEYOB,JxqPE,JxqPE,ALEYOB,JxqPE,DxqFwFbLx,FUXUzlApdH,DxqFwFbLx,bXkmCwI,bXkmCwI,FUXUzlApdH,DxqFwFbLx,bXkmCwI,FUXUzlApdH,ALEYOB,JxqPE,DxqFwFbLx,DxqFwFbLx,bXkmCwI,bXkmCwI,FUXUzlApdH,DxqFwFbLx,FUXUzlApdH
DxqFwFbLx,DxqFwFbLx,JxqPE,JxqPE,DxqFwFbLx,FUXUzlApdH,ALEYOB,JxqPE,JxqPE,ALEYOB,JxqPE,DxqFwFbLx,FUXUzlApdH,DxqFwFbLx,bXkmCwI,bXkmCwI,FUXUzlApdH,DxqFwFbLx,bXkmCwI,FUXUzlApdH,ALEYOB,JxqPE,DxqFwFbLx,DxqFwFbLx,bXkmCwI,bXkmCwI,FUXUzlApdH,DxqFwFbLx,FUXUzlApdH
FUXUzlApdH
DxqFwFbLx,DxqFwFbLx,JxqPE,JxqPE,DxqFwFbLx,ALEYOB,JxqPE,JxqPE,ALEYOB,JxqPE,DxqFwFbLx,FUXUzlApdH,DxqFwFbLx,bXkmCwI,bXkmCwI,FUXUzlApdH,DxqFwFbLx,bXkmCwI,FUXUzlApdH,ALEYOB,JxqPE,DxqFwFbLx,DxqFwFbLx,bXkmCwI,bXkmCwI,FUXUzlApdH,DxqFwFbLx,FUXUzlApdH,ALEYOB,FUXUzlApdH
DxqFwFbLx,DxqFwFbLx,JxqPE,JxqPE,DxqFwFbLx,ALEYOB,JxqPE,JxqPE,ALEYOB,JxqPE,DxqFwFbLx,DxqFwFbLx,bXkmCwI,bXkmCwI,FUXUzlApdH,DxqFwFbLx,bXkmCwI,FUXUzlApdH,ALEYOB,JxqPE,DxqFwFbLx,DxqFwFbLx,bXkmCwI,bXkmCwI,FUXUzlApdH,DxqFwFbLx,FUXUzlApdH,ALEYOB,FUXUzlApdH,HbcJeM
ALEYOB
DxqFwFbLx,DxqFwFbLx,JxqPE,JxqPE,DxqFwFbLx,ALEYOB,JxqPE,JxqPE,ALEYOB,JxqPE,DxqFwFbLx,DxqFwFbLx,bXkmCwI,bXkmCwI,FUXUzlApdH,DxqFwFbLx,bXkmCwI,FUXUzlApdH,ALEYOB,JxqPE,DxqFwFbLx,DxqFwFbLx,bXkmCwI,bXkmCwI,FUXUzlApdH,DxqFwFbLx,FUXUzlApdH,ALEYOB,FUXUzlApdH,HbcJeM
ALEYOB
bXkmCwI
ALEYOB
ALEYOB
ALEYOB
JxqPE
JxqPE
JxqPE
JxqPE
JxqPE
JxqPE
JxqPE
DxqFwFbLx,DxqFwFbLx,JxqPE,DxqFwFbLx,FUXUzlApdH,JxqPE,ALEYOB,JxqPE,JxqPE,DxqFwFbLx,DxqFwFbLx,bXkmCwI,DxqFwFbLx,bXkmCwI,FUXUzlApdH,ALEYOB,JxqPE,DxqFwFbLx,DxqFwFbLx,bXkmCwI,bXkmCwI,FUXUzlApdH,DxqFwFbLx,FUXUzlApdH,ALEYOB,FUXUzlApdH,bXkmCwI,FUXUzlApdH,ALEYOB,eCjBR,HbcJeM,FUXUzlApdH,FUXUzlApdH,JxqPE
DxqFwFbLx,DxqFwFbLx,JxqPE,DxqFwFbLx,FUXUzlApdH,JxqPE,ALEYOB,JxqPE,JxqPE,eCjBR,HbcJeM,DxqFwFbLx,DxqFwFbLx,bXkmCwI,DxqFwFbLx,bXkmCwI,FUXUzlApdH,ALEYOB,JxqPE,DxqFwFbLx,DxqFwFbLx,bXkmCwI,bXkmCwI,FUXUzlApdH,DxqFwFbLx,FUXUzlApdH,ALEYOB,FUXUzlApdH,bXkmCwI,FUXUzlApdH,ALEYOB,FUXUzlApdH,FUXUzlApdH,JxqPE,ALEYOB,bXkmCwI
DxqFwFbLx,DxqFwFbLx,JxqPE,DxqFwFbLx,FUXUzlApdH,JxqPE,ALEYOB,JxqPE,JxqPE,DxqFwFbLx,DxqFwFbLx,bXkmCwI,DxqFwFbLx,bXkmCwI,FUXUzlApdH,ALEYOB,JxqPE,DxqFwFbLx,DxqFwFbLx,bXkmCwI,bXkmCwI,FUXUzlApdH,DxqFwFbLx,FUXUzlApdH,ALEYOB,FUXUzlApdH,HbcJeM,bXkmCwI,FUXUzlApdH,ALEYOB,eCjBR,HbcJeM,FUXUzlApdH,FUXUzlApdH
DxqFwFbLx,DxqFwFbLx,JxqPE,DxqFwFbLx,FUXUzlApdH,JxqPE,ALEYOB,JxqPE,JxqPE,DxqFwFbLx,DxqFwFbLx,bXkmCwI,DxqFwFbLx,bXkmCwI,FUXUzlApdH,ALEYOB,JxqPE,DxqFwFbLx,DxqFwFbLx,bXkmCwI,bXkmCwI,FUXUzlApdH,DxqFwFbLx,FUXUzlApdH,ALEYOB,FUXUzlApdH,HbcJeM,bXkmCwI,FUXUzlApdH,ALEYOB,eCjBR,HbcJeM,FUXUzlApdH,FUXUzlApdH
DxqFwFbLx,DxqFwFbLx,JxqPE,DxqFwFbLx,FUXUzlApdH,JxqPE,ALEYOB,JxqPE,JxqPE,DxqFwFbLx,DxqFwFbLx,bXkmCwI,DxqFwFbLx,bXkmCwI,FUXUzlApdH,ALEYOB,JxqPE,DxqFwFbLx,DxqFwFbLx,bXkmCwI,bXkmCwI,FUXUzlApdH,DxqFwFbLx,FUXUzlApdH,ALEYOB,FUXUzlApdH,HbcJeM,bXkmCwI,FUXUzlApdH,ALEYOB,eCjBR,HbcJeM,FUXUzlApdH,FUXUzlApdH
JxqPE
JxqPE
DxqFwFbLx,DxqFwFbLx,DxqFwFbLx,ALEYOB,JxqPE,JxqPE,JxqPE,DxqFwFbLx,DxqFwFbLx,bXkmCwI,DxqFwFbLx,bXkmCwI,FUXUzlApdH,ALEYOB,JxqPE,DxqFwFbLx,DxqFwFbLx,bXkmCwI,bXkmCwI,FUXUzlApdH,DxqFwFbLx,FUXUzlApdH,ALEYOB,FUXUzlApdH,HbcJeM,bXkmCwI,FUXUzlApdH,ALEYOB,HbcJeM,FUXUzlApdH,FUXUzlApdH
JxqPE
DxqFwFbLx,DxqFwFbLx,DxqFwFbLx,ALEYOB,JxqPE,JxqPE,JxqPE,FUXUzlApdH,DxqFwFbLx,DxqFwFbLx,bXkmCwI,DxqFwFbLx,bXkmCwI,ALEYOB,JxqPE,DxqFwFbLx,DxqFwFbLx,bXkmCwI,bXkmCwI,FUXUzlApdH,DxqFwFbLx,FUXUzlApdH,ALEYOB,FUXUzlApdH,HbcJeM,bXkmCwI,FUXUzlApdH,ALEYOB,HbcJeM,FUXUzlApdH,FUXUzlApdH
DxqFwFbLx,DxqFwFbLx,DxqFwFbLx,ALEYOB,JxqPE,JxqPE,JxqPE,bXkmCwI,DxqFwFbLx,DxqFwFbLx,DxqFwFbLx,bXkmCwI,FUXUzlApdH,ALEYOB,JxqPE,DxqFwFbLx,DxqFwFbLx,bXkmCwI,bXkmCwI,FUXUzlApdH,DxqFwFbLx,FUXUzlApdH,ALEYOB,FUXUzlApdH,bXkmCwI,FUXUzlApdH,ALEYOB,HbcJeM,FUXUzlApdH,FUXUzlApdH
JxqPE
JxqPE
DxqFwFbLx,DxqFwFbLx,DxqFwFbLx,ALEYOB,JxqPE,JxqPE,JxqPE,bXkmCwI,DxqFwFbLx,DxqFwFbLx,DxqFwFbLx,bXkmCwI,FUXUzlApdH,ALEYOB,JxqPE,DxqFwFbLx,DxqFwFbLx,bXkmCwI,bXkmCwI,FUXUzlApdH,DxqFwFbLx,FUXUzlApdH,ALEYOB,FUXUzlApdH,bXkmCwI,FUXUzlApdH,ALEYOB,HbcJeM,FUXUzlApdH,FUXUzlApdH,eCjBR
JxqPE
DxqFwFbLx,DxqFwFbLx,DxqFwFbLx,ALEYOB,JxqPE,JxqPE,bXkmCwI,DxqFwFbLx,DxqFwFbLx,DxqFwFbLx,bXkmCwI,FUXUzlApdH,ALEYOB,JxqPE,DxqFwFbLx,DxqFwFbLx,bXkmCwI,bXkmCwI,FUXUzlApdH,DxqFwFbLx,FUXUzlApdH,ALEYOB,FUXUzlApdH,bXkmCwI,FUXUzlApdH,ALEYOB,HbcJeM,FUXUzlApdH,FUXUzlApdH,eCjBR
DxqFwFbLx,DxqFwFbLx,DxqFwFbLx,ALEYOB,JxqPE,JxqPE,bXkmCwI,DxqFwFbLx,DxqFwFbLx,DxqFwFbLx,bXkmCwI,FUXUzlApdH,ALEYOB,JxqPE,DxqFwFbLx,DxqFwFbLx,bXkmCwI,bXkmCwI,FUXUzlApdH,DxqFwFbLx,FUXUzlApdH,ALEYOB,FUXUzlApdH,bXkmCwI,FUXUzlApdH,ALEYOB,HbcJeM,FUXUzlApdH,FUXUzlApdH,eCjBR
bXkmCwI
bXkmCwI
DxqFwFbLx,DxqFwFbLx,ALEYOB,JxqPE,JxqPE,bXkmCwI,DxqFwFbLx,DxqFwFbLx,DxqFwFbLx,bXkmCwI,FUXUzlApdH,ALEYOB,JxqPE,DxqFwFbLx,DxqFwFbLx,bXkmCwI,bXkmCwI,FUXUzlApdH,DxqFwFbLx,FUXUzlApdH,ALEYOB,FUXUzlApdH,bXkmCwI,FUXUzlApdH,ALEYOB,HbcJeM,FUXUzlApdH,FUXUzlApdH,eCjBR,eCjBR,DxqFwFbLx,bXkmCwI
DxqFwFbLx,DxqFwFbLx,DxqFwFbLx,ALEYOB,JxqPE,JxqPE,bXkmCwI,DxqFwFbLx,DxqFwFbLx,DxqFwFbLx,bXkmCwI,FUXUzlApdH,ALEYOB,JxqPE,DxqFwFbLx,DxqFwFbLx,bXkmCwI,bXkmCwI,FUXUzlApdH,DxqFwFbLx,FUXUzlApdH,ALEYOB,FUXUzlApdH,bXkmCwI,FUXUzlApdH,ALEYOB,HbcJeM,FUXUzlApdH,FUXUzlApdH,eCjBR,HbcJeM,HbcJeM
bXkmCwI
bXkmCwI
bXkmCwI
DxqFwFbLx,DxqFwFbLx,DxqFwFbLx,ALEYOB,JxqPE,JxqPE,bXkmCwI,DxqFwFbLx,DxqFwFbLx,DxqFwFbLx,bXkmCwI,FUXUzlApdH,ALEYOB,JxqPE,DxqFwFbLx,DxqFwFbLx,bXkmCwI,bXkmCwI,FUXUzlApdH,DxqFwFbLx,FUXUzlApdH,ALEYOB,FUXUzlApdH,bXkmCwI,FUXUzlApdH,ALEYOB,HbcJeM,FUXUzlApdH,FUXUzlApdH,eCjBR
bXkmCwI
DxqFwFbLx,DxqFwFbLx,DxqFwFbLx,ALEYOB,JxqPE,JxqPE,bXkmCwI,DxqFwFbLx,DxqFwFbLx,DxqFwFbLx,bXkmCwI,FUXUzlApdH,ALEYOB,JxqPE,DxqFwFbLx,DxqFwFbLx,bXkmCwI,bXkmCwI,FUXUzlApdH,DxqFwFbLx,FUXUzlApdH,ALEYOB,FUXUzlApdH,bXkmCwI,FUXUzlApdH,ALEYOB,HbcJeM,FUXUzlApdH,FUXUzlApdH,eCjBR
DxqFwFbLx,DxqFwFbLx,DxqFwFbLx,ALEYOB,JxqPE,JxqPE,bXkmCwI,DxqFwFbLx,DxqFwFbLx,DxqFwFbLx,bXkmCwI,FUXUzlApdH,ALEYOB,JxqPE,DxqFwFbLx,DxqFwFbLx,bXkmCwI,bXkmCwI,FUXUzlApdH,DxqFwFbLx,FUXUzlApdH,ALEYOB,FUXUzlApdH,bXkmCwI,FUXUzlApdH,ALEYOB,HbcJeM,FUXUzlApdH,FUXUzlApdH,eCjBR
DxqFwFbLx,DxqFwFbLx,DxqFwFbLx,JxqPE,JxqPE,bXkmCwI,DxqFwFbLx,DxqFwFbLx,DxqFwFbLx,bXkmCwI,FUXUzlApdH,ALEYOB,JxqPE,DxqFwFbLx,DxqFwFbLx,bXkmCwI,bXkmCwI,FUXUzlApdH,DxqFwFbLx,FUXUzlApdH,ALEYOB,FUXUzlApdH,bXkmCwI,FUXUzlApdH,ALEYOB,HbcJeM,FUXUzlApdH,FUXUzlApdH,eCjBR,JxqPE
DxqFwFbLx
DxqFwFbLx,DxqFwFbLx,DxqFwFbLx,ALEYOB,bXkmCwI,DxqFwFbLx,DxqFwFbLx,DxqFwFbLx,bXkmCwI,ALEYOB,JxqPE,DxqFwFbLx,DxqFwFbLx,bXkmCwI,bXkmCwI,FUXUzlApdH,DxqFwFbLx,FUXUzlApdH,ALEYOB,FUXUzlApdH,bXkmCwI,FUXUzlApdH,ALEYOB,HbcJeM,FUXUzlApdH,FUXUzlApdH,eCjBR,JxqPE
DxqFwFbLx,DxqFwFbLx,DxqFwFbLx,ALEYOB,bXkmCwI,DxqFwFbLx,DxqFwFbLx,DxqFwFbLx,bXkmCwI,ALEYOB,JxqPE,DxqFwFbLx,DxqFwFbLx,bXkmCwI,bXkmCwI,FUXUzlApdH,DxqFwFbLx,FUXUzlApdH,ALEYOB,FUXUzlApdH,bXkmCwI,FUXUzlApdH,ALEYOB,HbcJeM,FUXUzlApdH,FUXUzlApdH,eCjBR,JxqPE
DxqFwFbLx
DxqFwFbLx,DxqFwFbLx,DxqFwFbLx,ALEYOB,JxqPE,JxqPE,bXkmCwI,DxqFwFbLx,DxqFwFbLx,DxqFwFbLx,bXkmCwI,FUXUzlApdH,ALEYOB,JxqPE,DxqFwFbLx,DxqFwFbLx,bXkmCwI,bXkmCwI,FUXUzlApdH,DxqFwFbLx,FUXUzlApdH,ALEYOB,FUXUzlApdH,bXkmCwI,FUXUzlApdH,ALEYOB,HbcJeM,FUXUzlApdH,FUXUzlApdH,eCjBR,JxqPE
DxqFwFbLx,DxqFwFbLx,DxqFwFbLx,ALEYOB,JxqPE,JxqPE,bXkmCwI,DxqFwFbLx,DxqFwFbLx,DxqFwFbLx,bXkmCwI,FUXUzlApdH,ALEYOB,JxqPE,DxqFwFbLx,DxqFwFbLx,bXkmCwI,bXkmCwI,FUXUzlApdH,DxqFwFbLx,FUXUzlApdH,ALEYOB,FUXUzlApdH,bXkmCwI,FUXUzlApdH,ALEYOB,HbcJeM,FUXUzlApdH,FUXUzlApdH,eCjBR,JxqPE
DxqFwFbLx,DxqFwFbLx,DxqFwFbLx,ALEYOB,JxqPE,JxqPE,bXkmCwI,DxqFwFbLx,DxqFwFbLx,DxqFwFbLx,FUXUzlApdH,bXkmCwI,ALEYOB,JxqPE,DxqFwFbLx,DxqFwFbLx,bXkmCwI,bXkmCwI,FUXUzlApdH,DxqFwFbLx,FUXUzlApdH,ALEYOB,FUXUzlApdH,bXkmCwI,FUXUzlApdH,ALEYOB,HbcJeM,FUXUzlApdH,FUXUzlApdH,eCjBR,JxqPE,eCjBR
DxqFwFbLx,DxqFwFbLx,JxqPE,DxqFwFbLx,DxqFwFbLx,DxqFwFbLx,bXkmCwI,ALEYOB,bXkmCwI,JxqPE,FUXUzlApdH,ALEYOB,JxqPE,DxqFwFbLx,DxqFwFbLx,bXkmCwI,bXkmCwI,FUXUzlApdH,DxqFwFbLx,FUXUzlApdH,ALEYOB,FUXUzlApdH,bXkmCwI,FUXUzlApdH,ALEYOB,HbcJeM,FUXUzlApdH,FUXUzlApdH,eCjBR,JxqPE,FUXUzlApdH
JxqPE
DxqFwFbLx,JxqPE,DxqFwFbLx,DxqFwFbLx,DxqFwFbLx,bXkmCwI,ALEYOB,bXkmCwI,JxqPE,FUXUzlApdH,ALEYOB,JxqPE,DxqFwFbLx,DxqFwFbLx,bXkmCwI,bXkmCwI,FUXUzlApdH,DxqFwFbLx,FUXUzlApdH,ALEYOB,FUXUzlApdH,bXkmCwI,FUXUzlApdH,ALEYOB,HbcJeM,FUXUzlApdH,FUXUzlApdH,JxqPE,FUXUzlApdH,HbcJeM,DxqFwFbLx
DxqFwFbLx,JxqPE,DxqFwFbLx,DxqFwFbLx,DxqFwFbLx,bXkmCwI,ALEYOB,bXkmCwI,JxqPE,FUXUzlApdH,ALEYOB,JxqPE,DxqFwFbLx,DxqFwFbLx,bXkmCwI,bXkmCwI,FUXUzlApdH,DxqFwFbLx,FUXUzlApdH,ALEYOB,FUXUzlApdH,bXkmCwI,FUXUzlApdH,ALEYOB,HbcJeM,FUXUzlApdH,FUXUzlApdH,JxqPE,FUXUzlApdH,HbcJeM,DxqFwFbLx
DxqFwFbLx,JxqPE,DxqFwFbLx,DxqFwFbLx,DxqFwFbLx,bXkmCwI,ALEYOB,bXkmCwI,JxqPE,FUXUzlApdH,ALEYOB,JxqPE,DxqFwFbLx,DxqFwFbLx,bXkmCwI,bXkmCwI,FUXUzlApdH,DxqFwFbLx,FUXUzlApdH,ALEYOB,FUXUzlApdH,bXkmCwI,FUXUzlApdH,ALEYOB,HbcJeM,FUXUzlApdH,FUXUzlApdH,JxqPE,FUXUzlApdH,HbcJeM,DxqFwFbLx
JxqPE
DxqFwFbLx,DxqFwFbLx,DxqFwFbLx,DxqFwFbLx,bXkmCwI,bXkmCwI,JxqPE,JxqPE,FUXUzlApdH,ALEYOB,JxqPE,DxqFwFbLx,DxqFwFbLx,bXkmCwI,bXkmCwI,FUXUzlApdH,DxqFwFbLx,FUXUzlApdH,ALEYOB,FUXUzlApdH,bXkmCwI,FUXUzlApdH,ALEYOB,HbcJeM,FUXUzlApdH,FUXUzlApdH,JxqPE,FUXUzlApdH,HbcJeM,DxqFwFbLx,DxqFwFbLx
JxqPE
JxqPE
JxqPE
DxqFwFbLx,DxqFwFbLx,DxqFwFbLx,DxqFwFbLx,bXkmCwI,bXkmCwI,JxqPE,JxqPE,FUXUzlApdH,ALEYOB,JxqPE,DxqFwFbLx,DxqFwFbLx,bXkmCwI,bXkmCwI,FUXUzlApdH,DxqFwFbLx,FUXUzlApdH,ALEYOB,FUXUzlApdH,bXkmCwI,FUXUzlApdH,ALEYOB,HbcJeM,FUXUzlApdH,FUXUzlApdH,JxqPE,FUXUzlApdH,HbcJeM,DxqFwFbLx,DxqFwFbLx,ALEYOB
JxqPE
JxqPE
JxqPE
DxqFwFbLx,DxqFwFbLx,DxqFwFbLx,DxqFwFbLx,bXkmCwI,JxqPE,JxqPE,FUXUzlApdH,ALEYOB,JxqPE,DxqFwFbLx,DxqFwFbLx,bXkmCwI,bXkmCwI,FUXUzlApdH,DxqFwFbLx,FUXUzlApdH,ALEYOB,FUXUzlApdH,bXkmCwI,FUXUzlApdH,ALEYOB,HbcJeM,FUXUzlApdH,FUXUzlApdH,JxqPE,FUXUzlApdH,HbcJeM,DxqFwFbLx,DxqFwFbLx,DxqFwFbLx,JxqPE
Jedi Wagner, assuma o comando!