fpAossYW
[vazia]
Toque! Toque, Dijê!
vfK,vfK
vfK
[vazia]
[vazia]
[vazia]
Toque! Toque, Dijê!
[vazia]
vfK
vfK
vfK
vfK
vfK
vfK
vfK
vfK
vfK
vfK
vfK
vfK,IIYsFe
vfK,IIYsFe
vfK
vfK,IIYsFe
vfK
vfK,IIYsFe,nUm
vfK
vfK,IIYsFe,nUm,nUm
nUm
nUm,vfK,IIYsFe
vfK
vfK
vfK
vfK
vfK
vfK
vfK
vfK
vfK
vfK,vTUgkxh,vTUgkxh
vfK,rocQF
vfK,IIYsFe
vfK
vfK
IIYsFe
IIYsFe
IIYsFe
IIYsFe
vTUgkxh
rocQF
vTUgkxh
vTUgkxh,vfK,rocQF,Owepp
vTUgkxh,vfK,vfK
vTUgkxh,vfK,vfK
vTUgkxh
vfK
vfK,rocQF,Owepp,vfK
vfK,rocQF,Owepp
vfK,rocQF,Owepp
rocQF
rocQF,vfK,Owepp
vfK
rocQF,Owepp,vfK
Owepp
rocQF,vfK,Owepp
vfK,Owepp,fpAossYW,vTUgkxh
Owepp
vfK,Owepp,fpAossYW,vTUgkxh
Owepp,fpAossYW,vTUgkxh
Owepp,fpAossYW,vTUgkxh,rocQF,KkO
Owepp
Owepp,fpAossYW,vTUgkxh,rocQF,KkO
Owepp,fpAossYW,vTUgkxh,rocQF,KkO
Owepp,fpAossYW,vTUgkxh,rocQF,KkO
fpAossYW
fpAossYW,vTUgkxh,rocQF
fpAossYW
fpAossYW
fpAossYW
fpAossYW
vTUgkxh
Owepp,rocQF,vTUgkxh,KkO,IIYsFe,KkO,vTUgkxh,IIYsFe
Owepp,rocQF,vTUgkxh,KkO,IIYsFe,KkO,vTUgkxh,IIYsFe
vTUgkxh
Owepp,fpAossYW,vTUgkxh,rocQF,KkO
Owepp,fpAossYW,vTUgkxh,rocQF,KkO
vTUgkxh
vTUgkxh
vTUgkxh
Owepp,fpAossYW,vTUgkxh,rocQF,KkO,fpAossYW,IIYsFe
Owepp,fpAossYW,rocQF,vTUgkxh,KkO,fpAossYW,IIYsFe
rocQF
rocQF
Owepp,fpAossYW,vTUgkxh,rocQF,KkO
vTUgkxh
KkO
vTUgkxh
Owepp,fpAossYW,KkO,vTUgkxh,rocQF
Owepp,fpAossYW,KkO,vTUgkxh,rocQF
Owepp,fpAossYW,KkO,vTUgkxh,rocQF,Owepp,vTUgkxh
rocQF
Owepp,fpAossYW,KkO,vTUgkxh,rocQF,Owepp,vTUgkxh
Owepp,fpAossYW,KkO,vTUgkxh,rocQF,Owepp,vTUgkxh
rocQF
rocQF
rocQF
Owepp,fpAossYW,KkO,vTUgkxh,rocQF,Owepp,vTUgkxh,Owepp,Owepp
fpAossYW
fpAossYW
Owepp,KkO,vTUgkxh,rocQF,fpAossYW
Owepp,KkO,vTUgkxh,rocQF,fpAossYW
Owepp,KkO,vTUgkxh,rocQF,fpAossYW
Owepp,KkO,vTUgkxh,rocQF,fpAossYW
Owepp
Owepp,KkO,vTUgkxh,rocQF,fpAossYW,nUm
Owepp,KkO,vTUgkxh,rocQF,fpAossYW,nUm
Owepp
Owepp,KkO,vTUgkxh,rocQF,fpAossYW,nUm
KkO
KkO
Owepp,KkO,vTUgkxh,rocQF,fpAossYW
Owepp
Owepp
KkO,Owepp,vTUgkxh,rocQF,fpAossYW
Owepp
Owepp,vTUgkxh,rocQF,fpAossYW
Owepp,KkO,vTUgkxh,rocQF,fpAossYW,nUm
Owepp,KkO,vTUgkxh,rocQF,fpAossYW
KkO
Owepp,KkO,vTUgkxh,rocQF,fpAossYW
Owepp,KkO,vTUgkxh,rocQF,fpAossYW
Owepp
Owepp
Owepp,KkO,vTUgkxh,rocQF,fpAossYW
vTUgkxh
vTUgkxh
vTUgkxh
Owepp,KkO,vTUgkxh,fpAossYW,IIYsFe,Owepp,vTUgkxh,Owepp
Owepp
vTUgkxh,KkO,rocQF,fpAossYW,Owepp
Owepp
Owepp
vTUgkxh,KkO,rocQF,fpAossYW,nUm,Owepp,vTUgkxh,rocQF,nUm
vTUgkxh,KkO,rocQF,fpAossYW,nUm,Owepp,vTUgkxh,rocQF,nUm
Owepp
KkO
fpAossYW
fpAossYW
vTUgkxh
Owepp,vTUgkxh,KkO,rocQF,fpAossYW,fpAossYW
Owepp,vTUgkxh,KkO,rocQF,fpAossYW,fpAossYW
Owepp,vTUgkxh,KkO,rocQF,fpAossYW,fpAossYW
vTUgkxh
vTUgkxh
vTUgkxh,rocQF,KkO,fpAossYW,fpAossYW,vTUgkxh,fpAossYW
vTUgkxh,rocQF,KkO,fpAossYW,fpAossYW,vTUgkxh,fpAossYW,KkO
fpAossYW
vTUgkxh,rocQF,KkO,fpAossYW,fpAossYW,vTUgkxh,fpAossYW,KkO
vTUgkxh,rocQF,KkO,fpAossYW,fpAossYW,vTUgkxh,fpAossYW,KkO,fpAossYW
vTUgkxh,rocQF,KkO,fpAossYW,fpAossYW,vTUgkxh,fpAossYW,KkO,fpAossYW
vTUgkxh
rocQF,fpAossYW,vTUgkxh,fpAossYW,KkO,fpAossYW,nUm,vTUgkxh,fpAossYW,fpAossYW
vTUgkxh,rocQF,KkO,fpAossYW,fpAossYW,vTUgkxh,fpAossYW,KkO
vTUgkxh
vTUgkxh
vTUgkxh,rocQF,fpAossYW,fpAossYW,vTUgkxh,fpAossYW,KkO
vTUgkxh,rocQF,fpAossYW,fpAossYW,vTUgkxh,fpAossYW,Owepp,nUm
nUm
vTUgkxh,rocQF,fpAossYW,fpAossYW,vTUgkxh,fpAossYW,Owepp,nUm
vTUgkxh,rocQF,fpAossYW,fpAossYW,vTUgkxh,fpAossYW,Owepp,nUm
vTUgkxh,rocQF,fpAossYW,fpAossYW,vTUgkxh,fpAossYW,Owepp,nUm
vTUgkxh,rocQF,fpAossYW,fpAossYW,vTUgkxh,fpAossYW,Owepp,nUm
vTUgkxh,rocQF,fpAossYW,fpAossYW,vTUgkxh,fpAossYW,Owepp,nUm
vTUgkxh,rocQF,fpAossYW,fpAossYW,vTUgkxh,fpAossYW,Owepp,nUm,vTUgkxh
vTUgkxh,rocQF,fpAossYW,fpAossYW,vTUgkxh,fpAossYW,Owepp,nUm
vTUgkxh,rocQF,fpAossYW,fpAossYW,vTUgkxh,fpAossYW,Owepp,nUm
nUm
nUm,vTUgkxh,rocQF,fpAossYW,fpAossYW,vTUgkxh,fpAossYW,Owepp
nUm
nUm
vTUgkxh
rocQF
fpAossYW
nUm,vTUgkxh,rocQF,Owepp,fpAossYW,fpAossYW,vTUgkxh,fpAossYW
fpAossYW
nUm,vTUgkxh,Owepp,fpAossYW,fpAossYW,rocQF,vTUgkxh,fpAossYW
nUm,vTUgkxh,rocQF,Owepp,fpAossYW,fpAossYW,vTUgkxh,fpAossYW
fpAossYW
nUm,vTUgkxh,rocQF,Owepp,fpAossYW,fpAossYW,vTUgkxh,fpAossYW
fpAossYW
vTUgkxh
vTUgkxh
nUm,rocQF,Owepp,fpAossYW,fpAossYW,vTUgkxh,vTUgkxh,fpAossYW
vTUgkxh
nUm,rocQF,Owepp,fpAossYW,fpAossYW,vTUgkxh,vTUgkxh,fpAossYW
vTUgkxh
vTUgkxh
nUm,rocQF,Owepp,vTUgkxh,vTUgkxh,fpAossYW,fpAossYW,vfK,KkO
vTUgkxh
nUm,rocQF,Owepp,vTUgkxh,vTUgkxh,fpAossYW,fpAossYW,vfK,KkO
nUm,rocQF,Owepp,fpAossYW,fpAossYW,vTUgkxh,fpAossYW
nUm,rocQF,Owepp,fpAossYW,fpAossYW,vTUgkxh,fpAossYW
nUm,rocQF,Owepp,fpAossYW,vTUgkxh,fpAossYW,fpAossYW
Jedi Wagner, assuma o comando!