Toque! Toque, Dijê!
GxTPfDsr,GxTPfDsr
GxTPfDsr,GxTPfDsr,GxTPfDsr
GxTPfDsr,GxTPfDsr,GxTPfDsr,GxTPfDsr
GxTPfDsr,GxTPfDsr,GxTPfDsr,GxTPfDsr
GxTPfDsr
GxTPfDsr,GxTPfDsr,GxTPfDsr,GxTPfDsr
GxTPfDsr,GxTPfDsr,GxTPfDsr,GxTPfDsr,GxTPfDsr
GxTPfDsr
GxTPfDsr
GxTPfDsr
GxTPfDsr
GxTPfDsr,GxTPfDsr,GxTPfDsr,GxTPfDsr,GxTPfDsr
GxTPfDsr,GxTPfDsr,GxTPfDsr,GxTPfDsr,GxTPfDsr
GxTPfDsr
GxTPfDsr,GxTPfDsr,GxTPfDsr,GxTPfDsr,GxTPfDsr
GxTPfDsr
GxTPfDsr,GxTPfDsr,GxTPfDsr,GxTPfDsr,GxTPfDsr
GxTPfDsr
GxTPfDsr
GxTPfDsr,GxTPfDsr,GxTPfDsr,GxTPfDsr
GxTPfDsr
GxTPfDsr
GxTPfDsr
GxTPfDsr
GxTPfDsr
GxTPfDsr,GxTPfDsr,GxTPfDsr,GxTPfDsr
GxTPfDsr
GxTPfDsr,GxTPfDsr,GxTPfDsr,GxTPfDsr
GxTPfDsr
GxTPfDsr,GxTPfDsr,GxTPfDsr
GxTPfDsr
GxTPfDsr
GxTPfDsr
GxTPfDsr
GxTPfDsr
GxTPfDsr
GxTPfDsr
GxTPfDsr,GxTPfDsr,GxTPfDsr,GxTPfDsr,GxTPfDsr
GxTPfDsr
GxTPfDsr,GxTPfDsr,GxTPfDsr,GxTPfDsr,GxTPfDsr
GxTPfDsr,GxTPfDsr,GxTPfDsr,GxTPfDsr,GxTPfDsr
GxTPfDsr
GxTPfDsr,GxTPfDsr,GxTPfDsr,GxTPfDsr
GxTPfDsr,GxTPfDsr,GxTPfDsr,GxTPfDsr
GxTPfDsr,GxTPfDsr,GxTPfDsr,GxTPfDsr
GxTPfDsr
GxTPfDsr,GxTPfDsr,GxTPfDsr
GxTPfDsr,GxTPfDsr,GxTPfDsr
GxTPfDsr
GxTPfDsr
GxTPfDsr
GxTPfDsr
GxTPfDsr
GxTPfDsr,GxTPfDsr,GxTPfDsr
GxTPfDsr,GxTPfDsr,GxTPfDsr
GxTPfDsr,GxTPfDsr,GxTPfDsr
GxTPfDsr
GxTPfDsr
GxTPfDsr,GxTPfDsr,GxTPfDsr
GxTPfDsr
GxTPfDsr
GxTPfDsr
GxTPfDsr,GxTPfDsr,GxTPfDsr,GxTPfDsr
GxTPfDsr,GxTPfDsr,GxTPfDsr,GxTPfDsr
GxTPfDsr,GxTPfDsr,GxTPfDsr,GxTPfDsr,GxTPfDsr
GxTPfDsr,GxTPfDsr,GxTPfDsr,GxTPfDsr
GxTPfDsr
GxTPfDsr
GxTPfDsr
GxTPfDsr
GxTPfDsr,GxTPfDsr,GxTPfDsr,GxTPfDsr,GxTPfDsr,GxTPfDsr
GxTPfDsr
GxTPfDsr,GxTPfDsr,GxTPfDsr,GxTPfDsr,GxTPfDsr
GxTPfDsr
GxTPfDsr,GxTPfDsr,GxTPfDsr,GxTPfDsr,GxTPfDsr
GxTPfDsr,GxTPfDsr,GxTPfDsr,GxTPfDsr,GxTPfDsr,GxTPfDsr
GxTPfDsr
GxTPfDsr,GxTPfDsr,GxTPfDsr,GxTPfDsr,GxTPfDsr,GxTPfDsr
GxTPfDsr
GxTPfDsr
GxTPfDsr,GxTPfDsr,GxTPfDsr,GxTPfDsr,GxTPfDsr,GxTPfDsr
GxTPfDsr,GxTPfDsr,GxTPfDsr,GxTPfDsr,GxTPfDsr
GxTPfDsr
GxTPfDsr,GxTPfDsr,GxTPfDsr,GxTPfDsr
GxTPfDsr
GxTPfDsr
GxTPfDsr,GxTPfDsr,GxTPfDsr
GxTPfDsr
GxTPfDsr
GxTPfDsr,GxTPfDsr
GxTPfDsr,GxTPfDsr,GxTPfDsr
GxTPfDsr
GxTPfDsr,GxTPfDsr,GxTPfDsr
GxTPfDsr,GxTPfDsr,GxTPfDsr
GxTPfDsr
GxTPfDsr
GxTPfDsr,GxTPfDsr,GxTPfDsr,GxTPfDsr
GxTPfDsr,GxTPfDsr,GxTPfDsr,GxTPfDsr
GxTPfDsr,GxTPfDsr,GxTPfDsr,GxTPfDsr,GxTPfDsr
GxTPfDsr,GxTPfDsr,GxTPfDsr,GxTPfDsr,GxTPfDsr
GxTPfDsr,GxTPfDsr,GxTPfDsr,GxTPfDsr,GxTPfDsr
GxTPfDsr,GxTPfDsr,GxTPfDsr,GxTPfDsr
GxTPfDsr,GxTPfDsr,GxTPfDsr,GxTPfDsr
GxTPfDsr,GxTPfDsr,GxTPfDsr,GxTPfDsr,GxTPfDsr
GxTPfDsr,GxTPfDsr,GxTPfDsr,GxTPfDsr,GxTPfDsr
GxTPfDsr,GxTPfDsr,GxTPfDsr,GxTPfDsr,GxTPfDsr
GxTPfDsr,GxTPfDsr,GxTPfDsr,GxTPfDsr,GxTPfDsr,GxTPfDsr,GxTPfDsr
GxTPfDsr
GxTPfDsr
GxTPfDsr,GxTPfDsr,GxTPfDsr,GxTPfDsr,GxTPfDsr,GxTPfDsr,GxTPfDsr,GxTPfDsr
GxTPfDsr,GxTPfDsr,GxTPfDsr,GxTPfDsr,GxTPfDsr,GxTPfDsr,GxTPfDsr,GxTPfDsr
GxTPfDsr,GxTPfDsr,GxTPfDsr,GxTPfDsr,GxTPfDsr,GxTPfDsr,GxTPfDsr,GxTPfDsr,GxTPfDsr
GxTPfDsr,GxTPfDsr,GxTPfDsr,GxTPfDsr,GxTPfDsr,GxTPfDsr,GxTPfDsr,GxTPfDsr,GxTPfDsr
GxTPfDsr
GxTPfDsr
GxTPfDsr
GxTPfDsr,GxTPfDsr,GxTPfDsr,GxTPfDsr,GxTPfDsr,GxTPfDsr,GxTPfDsr,GxTPfDsr,GxTPfDsr
GxTPfDsr
GxTPfDsr,GxTPfDsr,GxTPfDsr,GxTPfDsr,GxTPfDsr,GxTPfDsr,GxTPfDsr,GxTPfDsr
GxTPfDsr
GxTPfDsr
GxTPfDsr
GxTPfDsr,GxTPfDsr,GxTPfDsr,GxTPfDsr,GxTPfDsr,GxTPfDsr,GxTPfDsr
Jedi Wagner, assuma o comando!