[vazia]
ApAxQxjXYC
ApAxQxjXYC
ApAxQxjXYC,wURageLuPx,DLmFfKR
ApAxQxjXYC,wURageLuPx,DLmFfKR
Toque! Toque, Dijê!
Toque! Toque, Dijê!
Toque! Toque, Dijê!
wURageLuPx
AqWrqSFSY
AqWrqSFSY
wURageLuPx,AqWrqSFSY,dEtgcmXIYC,DLmFfKR,z,KopvtHOEp
wURageLuPx,AqWrqSFSY,dEtgcmXIYC,DLmFfKR,z,KopvtHOEp
dEtgcmXIYC
DLmFfKR
DLmFfKR
DLmFfKR
DLmFfKR
wURageLuPx,AqWrqSFSY,dEtgcmXIYC,DLmFfKR,KopvtHOEp,z,AqWrqSFSY,UzOtZjn,DLmFfKR
wURageLuPx,AqWrqSFSY,dEtgcmXIYC,DLmFfKR,KopvtHOEp,z,AqWrqSFSY,UzOtZjn,DLmFfKR
wURageLuPx,AqWrqSFSY,dEtgcmXIYC,DLmFfKR,KopvtHOEp,z,AqWrqSFSY,UzOtZjn,DLmFfKR
wURageLuPx,AqWrqSFSY,dEtgcmXIYC,DLmFfKR,KopvtHOEp,z,AqWrqSFSY,UzOtZjn,DLmFfKR
wURageLuPx,AqWrqSFSY,dEtgcmXIYC,DLmFfKR,KopvtHOEp,z,AqWrqSFSY,UzOtZjn,DLmFfKR
z
wURageLuPx,AqWrqSFSY,dEtgcmXIYC,DLmFfKR,KopvtHOEp,z,AqWrqSFSY,UzOtZjn,DLmFfKR,nZzlsyPusX
wURageLuPx,AqWrqSFSY,DLmFfKR,z,dEtgcmXIYC,AqWrqSFSY,UzOtZjn,DLmFfKR,nZzlsyPusX
UzOtZjn
wURageLuPx,AqWrqSFSY,dEtgcmXIYC,DLmFfKR,KopvtHOEp,z,AqWrqSFSY,UzOtZjn,DLmFfKR,dEtgcmXIYC,DLmFfKR
wURageLuPx,AqWrqSFSY,dEtgcmXIYC,DLmFfKR,KopvtHOEp,z,AqWrqSFSY,UzOtZjn,DLmFfKR
wURageLuPx,AqWrqSFSY,dEtgcmXIYC,DLmFfKR,KopvtHOEp,z,AqWrqSFSY,UzOtZjn,DLmFfKR
wURageLuPx,AqWrqSFSY,DLmFfKR,KopvtHOEp,z,AqWrqSFSY,UzOtZjn,dEtgcmXIYC,DLmFfKR,dEtgcmXIYC,nZzlsyPusX,KopvtHOEp
dEtgcmXIYC
dEtgcmXIYC
wURageLuPx,AqWrqSFSY,DLmFfKR,z,AqWrqSFSY,UzOtZjn,dEtgcmXIYC,DLmFfKR,dEtgcmXIYC,nZzlsyPusX,KopvtHOEp,KopvtHOEp
dEtgcmXIYC
dEtgcmXIYC
dEtgcmXIYC
dEtgcmXIYC
wURageLuPx,DLmFfKR,KopvtHOEp,z,AqWrqSFSY,UzOtZjn,dEtgcmXIYC,DLmFfKR,dEtgcmXIYC,nZzlsyPusX,KopvtHOEp,KopvtHOEp
wURageLuPx,DLmFfKR,KopvtHOEp,z,AqWrqSFSY,UzOtZjn,dEtgcmXIYC,DLmFfKR,dEtgcmXIYC,nZzlsyPusX,KopvtHOEp,KopvtHOEp
DLmFfKR
wURageLuPx,AqWrqSFSY,dEtgcmXIYC,KopvtHOEp,z,AqWrqSFSY,UzOtZjn,DLmFfKR,DLmFfKR,dEtgcmXIYC
wURageLuPx,AqWrqSFSY,z,AqWrqSFSY,UzOtZjn,DLmFfKR,dEtgcmXIYC,KopvtHOEp,DLmFfKR,dEtgcmXIYC,z
wURageLuPx,AqWrqSFSY,z,AqWrqSFSY,UzOtZjn,DLmFfKR,dEtgcmXIYC,KopvtHOEp,DLmFfKR,dEtgcmXIYC,z
dEtgcmXIYC
KopvtHOEp
wURageLuPx,z,AqWrqSFSY,UzOtZjn,DLmFfKR,dEtgcmXIYC,KopvtHOEp,DLmFfKR,dEtgcmXIYC,z
wURageLuPx,z,AqWrqSFSY,UzOtZjn,DLmFfKR,dEtgcmXIYC,KopvtHOEp,DLmFfKR,dEtgcmXIYC,z
DLmFfKR
z,AqWrqSFSY,UzOtZjn,dEtgcmXIYC,KopvtHOEp,DLmFfKR,dEtgcmXIYC,z,AqWrqSFSY
DLmFfKR
z,AqWrqSFSY,UzOtZjn,dEtgcmXIYC,DLmFfKR,dEtgcmXIYC,z,AqWrqSFSY
z,AqWrqSFSY,UzOtZjn,dEtgcmXIYC,DLmFfKR,dEtgcmXIYC,z,AqWrqSFSY
wURageLuPx,z,AqWrqSFSY,UzOtZjn,DLmFfKR,dEtgcmXIYC,KopvtHOEp,DLmFfKR,dEtgcmXIYC,z,AqWrqSFSY,wURageLuPx
DLmFfKR
wURageLuPx,z,AqWrqSFSY,UzOtZjn,DLmFfKR,dEtgcmXIYC,KopvtHOEp,DLmFfKR,dEtgcmXIYC,z,AqWrqSFSY,wURageLuPx
DLmFfKR
wURageLuPx,z,AqWrqSFSY,DLmFfKR,dEtgcmXIYC,KopvtHOEp,DLmFfKR,UzOtZjn,dEtgcmXIYC,z,AqWrqSFSY,wURageLuPx
DLmFfKR
wURageLuPx,z,AqWrqSFSY,UzOtZjn,DLmFfKR,dEtgcmXIYC,KopvtHOEp,DLmFfKR,dEtgcmXIYC,z,KopvtHOEp
DLmFfKR
wURageLuPx,z,AqWrqSFSY,UzOtZjn,DLmFfKR,dEtgcmXIYC,DLmFfKR,KopvtHOEp,dEtgcmXIYC,z,KopvtHOEp
dEtgcmXIYC
wURageLuPx,z,AqWrqSFSY,UzOtZjn,DLmFfKR,dEtgcmXIYC,KopvtHOEp,DLmFfKR,dEtgcmXIYC,z
wURageLuPx,z,AqWrqSFSY,UzOtZjn,DLmFfKR,dEtgcmXIYC,KopvtHOEp,DLmFfKR,dEtgcmXIYC,z,wURageLuPx
wURageLuPx,z,AqWrqSFSY,UzOtZjn,DLmFfKR,dEtgcmXIYC,KopvtHOEp,DLmFfKR,dEtgcmXIYC,z,wURageLuPx
wURageLuPx,z,AqWrqSFSY,UzOtZjn,DLmFfKR,dEtgcmXIYC,KopvtHOEp,DLmFfKR,dEtgcmXIYC,z,wURageLuPx
wURageLuPx,z,AqWrqSFSY,UzOtZjn,DLmFfKR,dEtgcmXIYC,KopvtHOEp,DLmFfKR,dEtgcmXIYC,z,wURageLuPx,z
DLmFfKR
wURageLuPx,z,AqWrqSFSY,UzOtZjn,DLmFfKR,dEtgcmXIYC,DLmFfKR,dEtgcmXIYC,z,wURageLuPx,z
DLmFfKR
wURageLuPx,AqWrqSFSY,UzOtZjn,DLmFfKR,dEtgcmXIYC,DLmFfKR,dEtgcmXIYC,z,wURageLuPx,z,UzOtZjn,nZzlsyPusX,AqWrqSFSY
DLmFfKR
wURageLuPx,UzOtZjn,DLmFfKR,dEtgcmXIYC,DLmFfKR,AqWrqSFSY,dEtgcmXIYC,z,wURageLuPx,z,UzOtZjn,nZzlsyPusX,AqWrqSFSY,ApAxQxjXYC,ApAxQxjXYC
wURageLuPx,UzOtZjn,DLmFfKR,dEtgcmXIYC,DLmFfKR,AqWrqSFSY,dEtgcmXIYC,z,wURageLuPx,z,UzOtZjn,nZzlsyPusX,AqWrqSFSY,ApAxQxjXYC
wURageLuPx,UzOtZjn,DLmFfKR,dEtgcmXIYC,DLmFfKR,AqWrqSFSY,dEtgcmXIYC,z,wURageLuPx,z,UzOtZjn,nZzlsyPusX,AqWrqSFSY
AqWrqSFSY
wURageLuPx,UzOtZjn,DLmFfKR,dEtgcmXIYC,DLmFfKR,AqWrqSFSY,dEtgcmXIYC,z,wURageLuPx,z,UzOtZjn,nZzlsyPusX,AqWrqSFSY
dEtgcmXIYC
wURageLuPx,DLmFfKR,dEtgcmXIYC,DLmFfKR,AqWrqSFSY,dEtgcmXIYC,z,wURageLuPx,z,UzOtZjn,nZzlsyPusX,AqWrqSFSY,z,dEtgcmXIYC,nZzlsyPusX
dEtgcmXIYC
DLmFfKR
Jedi Wagner, assuma o comando!