Toque! Toque, Dijê!
Toque! Toque, Dijê!
Toque! Toque, Dijê!
[vazia]
[vazia]
EgDtg
EgDtg
Toque! Toque, Dijê!
[vazia]
UFsVts
UFsVts
UFsVts
UFsVts
TFETzb
TFETzb
TFETzb
EgDtg
TFETzb,EgDtg,TFETzb,TFETzb,TFETzb,EgDtg,UFsVts
TFETzb
TFETzb
TFETzb,TFETzb,TFETzb,TFETzb
TFETzb
EgDtg,TFETzb,TFETzb,TFETzb,TFETzb
TFETzb
TFETzb,TFETzb,EgDtg,TFETzb,TFETzb
TFETzb
TFETzb
EgDtg
EgDtg
TFETzb,TFETzb,TFETzb,EgDtg,TFETzb,UFsVts
EgDtg
TFETzb,TFETzb,EgDtg,TFETzb,TFETzb
TFETzb
TFETzb
TFETzb,TFETzb,TFETzb,EgDtg,TFETzb,UFsVts,TFETzb,TFETzb,EgDtg
EgDtg
EgDtg
TFETzb,TFETzb,EgDtg,TFETzb,TFETzb,EgDtg
TFETzb,TFETzb,EgDtg,TFETzb,TFETzb,EgDtg
TFETzb,TFETzb,EgDtg,TFETzb,TFETzb,TFETzb,EgDtg
TFETzb,TFETzb,EgDtg,TFETzb,TFETzb,TFETzb,EgDtg
TFETzb,TFETzb,EgDtg,TFETzb,TFETzb,TFETzb,EgDtg
TFETzb,EgDtg,TFETzb,TFETzb,TFETzb,TFETzb,EgDtg
TFETzb
TFETzb,TFETzb,EgDtg,TFETzb,TFETzb,TFETzb,EgDtg,EgDtg,EgDtg
TFETzb,TFETzb,EgDtg,TFETzb,TFETzb,TFETzb,EgDtg,EgDtg,EgDtg
TFETzb,TFETzb,TFETzb,TFETzb,TFETzb,EgDtg,EgDtg,EgDtg
TFETzb,TFETzb,EgDtg,TFETzb,TFETzb,TFETzb,EgDtg,EgDtg,EgDtg
TFETzb
TFETzb
TFETzb,TFETzb,TFETzb,EgDtg,TFETzb,TFETzb,EgDtg,EgDtg,EgDtg
TFETzb,TFETzb,TFETzb,EgDtg,TFETzb,TFETzb,EgDtg,EgDtg,EgDtg
TFETzb
TFETzb
TFETzb,TFETzb,TFETzb,EgDtg,TFETzb,TFETzb,EgDtg,EgDtg,EgDtg,EgDtg,EgDtg
TFETzb,TFETzb,TFETzb,EgDtg,TFETzb,TFETzb,EgDtg,EgDtg,EgDtg,EgDtg,EgDtg,EgDtg
TFETzb,TFETzb,TFETzb,EgDtg,TFETzb,TFETzb,EgDtg,EgDtg,EgDtg,EgDtg,EgDtg,EgDtg
TFETzb
TFETzb
TFETzb,TFETzb,TFETzb,TFETzb,TFETzb,EgDtg,EgDtg,EgDtg,EgDtg,EgDtg,TFETzb,TFETzb
TFETzb,TFETzb,TFETzb,TFETzb,TFETzb,EgDtg,EgDtg,EgDtg,EgDtg,EgDtg,TFETzb,TFETzb
TFETzb
TFETzb
TFETzb,TFETzb,TFETzb,EgDtg,TFETzb,TFETzb,EgDtg
TFETzb,TFETzb,EgDtg,TFETzb,TFETzb,TFETzb,EgDtg,UFsVts
TFETzb
TFETzb,TFETzb,EgDtg,TFETzb,TFETzb,TFETzb,EgDtg,UFsVts,TFETzb
TFETzb
TFETzb,TFETzb,EgDtg,TFETzb,TFETzb,TFETzb,EgDtg,UFsVts
TFETzb
TFETzb,TFETzb,EgDtg,TFETzb,TFETzb,TFETzb,EgDtg,UFsVts
TFETzb,EgDtg,TFETzb,TFETzb,TFETzb,EgDtg
TFETzb
TFETzb
TFETzb
TFETzb
TFETzb,TFETzb,TFETzb,TFETzb,TFETzb,EgDtg,TFETzb,UFsVts
TFETzb
TFETzb
TFETzb,TFETzb,TFETzb,TFETzb,TFETzb,TFETzb
TFETzb,TFETzb,TFETzb,TFETzb,TFETzb,TFETzb,EgDtg
TFETzb
TFETzb,TFETzb,TFETzb,TFETzb,TFETzb,TFETzb,UFsVts
TFETzb,TFETzb,TFETzb,TFETzb,TFETzb,TFETzb,UFsVts,EgDtg
TFETzb
TFETzb,TFETzb,TFETzb,TFETzb,TFETzb,TFETzb,UFsVts,EgDtg,TFETzb
Jedi Wagner, assuma o comando!