Toque! Toque, Dijê!
Toque! Toque, Dijê!
[vazia]
Toque! Toque, Dijê!
HbRwaC
HbRwaC,HbRwaC,HbRwaC
HbRwaC
HbRwaC,HbRwaC,HbRwaC,HbRwaC,HbRwaC
HbRwaC,HbRwaC,HbRwaC,HbRwaC,HbRwaC
HbRwaC
HbRwaC,HbRwaC,HbRwaC,HbRwaC,HbRwaC,HbRwaC
HbRwaC
HbRwaC,HbRwaC,HbRwaC,HbRwaC,HbRwaC,HbRwaC
HbRwaC,HbRwaC,HbRwaC,HbRwaC,HbRwaC,HbRwaC
HbRwaC,HbRwaC,HbRwaC,HbRwaC,HbRwaC,HbRwaC
HbRwaC
HbRwaC,HbRwaC,HbRwaC,HbRwaC,HbRwaC,HbRwaC
HbRwaC
HbRwaC,HbRwaC,HbRwaC,HbRwaC,HbRwaC,HbRwaC,HbRwaC
HbRwaC,HbRwaC,HbRwaC,HbRwaC,HbRwaC,HbRwaC,HbRwaC
HbRwaC
HbRwaC
HbRwaC
HbRwaC,HbRwaC,HbRwaC,HbRwaC,HbRwaC
HbRwaC,HbRwaC,HbRwaC,HbRwaC,HbRwaC
HbRwaC
HbRwaC,HbRwaC,HbRwaC,HbRwaC
HbRwaC
HbRwaC,HbRwaC,HbRwaC,HbRwaC
HbRwaC,HbRwaC,HbRwaC,HbRwaC
HbRwaC
HbRwaC,HbRwaC
HbRwaC,HbRwaC,HbRwaC,HbRwaC,HbRwaC
HbRwaC,HbRwaC,HbRwaC,HbRwaC,HbRwaC
HbRwaC
HbRwaC
HbRwaC
HbRwaC
HbRwaC
HbRwaC,HbRwaC,HbRwaC,HbRwaC,HbRwaC,HbRwaC
HbRwaC,HbRwaC,HbRwaC,HbRwaC,HbRwaC,HbRwaC,HbRwaC,HbRwaC,HbRwaC
HbRwaC,HbRwaC,HbRwaC,HbRwaC,HbRwaC,HbRwaC,HbRwaC,HbRwaC,HbRwaC
HbRwaC,HbRwaC,HbRwaC,HbRwaC,HbRwaC,HbRwaC,HbRwaC,HbRwaC,HbRwaC,HbRwaC,HbRwaC
HbRwaC,HbRwaC,HbRwaC,HbRwaC,HbRwaC,HbRwaC,HbRwaC,HbRwaC,HbRwaC,HbRwaC
HbRwaC,HbRwaC,HbRwaC,HbRwaC,HbRwaC,HbRwaC,HbRwaC,HbRwaC,HbRwaC,HbRwaC,HbRwaC
HbRwaC,HbRwaC,HbRwaC,HbRwaC,HbRwaC,HbRwaC,HbRwaC,HbRwaC,HbRwaC,HbRwaC,HbRwaC,HbRwaC
HbRwaC
HbRwaC
HbRwaC,HbRwaC,HbRwaC,HbRwaC,HbRwaC,HbRwaC,HbRwaC,HbRwaC,HbRwaC,HbRwaC,HbRwaC,HbRwaC,HbRwaC
HbRwaC
HbRwaC
HbRwaC
HbRwaC,HbRwaC,HbRwaC,HbRwaC,HbRwaC,HbRwaC,HbRwaC,HbRwaC,HbRwaC,HbRwaC,HbRwaC,HbRwaC,HbRwaC
HbRwaC,HbRwaC,HbRwaC,HbRwaC,HbRwaC,HbRwaC,HbRwaC,HbRwaC,HbRwaC,HbRwaC,HbRwaC,HbRwaC,HbRwaC,HbRwaC
HbRwaC
HbRwaC
HbRwaC,HbRwaC,HbRwaC,HbRwaC,HbRwaC,HbRwaC,HbRwaC,HbRwaC,HbRwaC,HbRwaC,HbRwaC,HbRwaC,HbRwaC,HbRwaC
HbRwaC
HbRwaC
HbRwaC
HbRwaC,HbRwaC,HbRwaC,HbRwaC,HbRwaC,HbRwaC,HbRwaC,HbRwaC,HbRwaC,HbRwaC,HbRwaC,HbRwaC,HbRwaC,HbRwaC
HbRwaC,HbRwaC,HbRwaC,HbRwaC,HbRwaC,HbRwaC,HbRwaC,HbRwaC,HbRwaC,HbRwaC,HbRwaC,HbRwaC,HbRwaC,HbRwaC
HbRwaC,HbRwaC,HbRwaC,HbRwaC,HbRwaC,HbRwaC,HbRwaC,HbRwaC,HbRwaC,HbRwaC,HbRwaC,HbRwaC,HbRwaC,HbRwaC
HbRwaC,HbRwaC,HbRwaC,HbRwaC,HbRwaC,HbRwaC,HbRwaC,HbRwaC,HbRwaC,HbRwaC,HbRwaC,HbRwaC,HbRwaC,HbRwaC
HbRwaC,HbRwaC,HbRwaC,HbRwaC,HbRwaC,HbRwaC,HbRwaC,HbRwaC,HbRwaC,HbRwaC,HbRwaC
HbRwaC,HbRwaC,HbRwaC,HbRwaC,HbRwaC,HbRwaC,HbRwaC,HbRwaC,HbRwaC,HbRwaC,HbRwaC
HbRwaC
HbRwaC
HbRwaC
HbRwaC
HbRwaC
HbRwaC
HbRwaC
HbRwaC
HbRwaC
HbRwaC,HbRwaC,HbRwaC,HbRwaC,HbRwaC,HbRwaC,HbRwaC,HbRwaC
HbRwaC
HbRwaC,HbRwaC,HbRwaC,HbRwaC,HbRwaC,HbRwaC,HbRwaC,HbRwaC,HbRwaC
HbRwaC,HbRwaC,HbRwaC,HbRwaC,HbRwaC,HbRwaC,HbRwaC,HbRwaC,HbRwaC,HbRwaC
HbRwaC,HbRwaC,HbRwaC,HbRwaC,HbRwaC,HbRwaC,HbRwaC,HbRwaC,HbRwaC,HbRwaC,HbRwaC
HbRwaC
HbRwaC,HbRwaC,HbRwaC,HbRwaC,HbRwaC,HbRwaC,HbRwaC,HbRwaC,HbRwaC,HbRwaC,HbRwaC
HbRwaC
HbRwaC
HbRwaC,HbRwaC,HbRwaC,HbRwaC,HbRwaC,HbRwaC,HbRwaC
HbRwaC,HbRwaC,HbRwaC,HbRwaC,HbRwaC,HbRwaC,HbRwaC,HbRwaC,HbRwaC
HbRwaC
HbRwaC
HbRwaC
HbRwaC
HbRwaC,HbRwaC,HbRwaC,HbRwaC,HbRwaC,HbRwaC,HbRwaC,HbRwaC,HbRwaC,HbRwaC,HbRwaC,HbRwaC,HbRwaC,HbRwaC
HbRwaC
HbRwaC,HbRwaC,HbRwaC,HbRwaC,HbRwaC,HbRwaC,HbRwaC,HbRwaC,HbRwaC,HbRwaC,HbRwaC,HbRwaC,HbRwaC,HbRwaC,HbRwaC
HbRwaC,HbRwaC,HbRwaC,HbRwaC,HbRwaC,HbRwaC,HbRwaC,HbRwaC,HbRwaC,HbRwaC,HbRwaC,HbRwaC,HbRwaC,HbRwaC,HbRwaC
HbRwaC,HbRwaC,HbRwaC,HbRwaC,HbRwaC,HbRwaC,HbRwaC,HbRwaC,HbRwaC,HbRwaC,HbRwaC,HbRwaC,HbRwaC,HbRwaC
HbRwaC,HbRwaC,HbRwaC,HbRwaC,HbRwaC,HbRwaC,HbRwaC,HbRwaC,HbRwaC,HbRwaC,HbRwaC,HbRwaC
HbRwaC
HbRwaC
HbRwaC,HbRwaC,HbRwaC,HbRwaC,HbRwaC,HbRwaC,HbRwaC,HbRwaC,HbRwaC,HbRwaC
HbRwaC
HbRwaC,HbRwaC,HbRwaC,HbRwaC,HbRwaC,HbRwaC,HbRwaC,HbRwaC,HbRwaC,HbRwaC,HbRwaC
HbRwaC
HbRwaC
HbRwaC,HbRwaC,HbRwaC,HbRwaC,HbRwaC,HbRwaC,HbRwaC,HbRwaC,HbRwaC,HbRwaC,HbRwaC
HbRwaC
HbRwaC
HbRwaC
HbRwaC
HbRwaC,HbRwaC,HbRwaC,HbRwaC,HbRwaC,HbRwaC,HbRwaC,HbRwaC,HbRwaC,HbRwaC,HbRwaC
HbRwaC,HbRwaC,HbRwaC,HbRwaC,HbRwaC,HbRwaC,HbRwaC,HbRwaC,HbRwaC,HbRwaC,HbRwaC
HbRwaC
HbRwaC,HbRwaC,HbRwaC,HbRwaC,HbRwaC,HbRwaC,HbRwaC,HbRwaC,HbRwaC,HbRwaC
HbRwaC,HbRwaC,HbRwaC,HbRwaC,HbRwaC,HbRwaC,HbRwaC,HbRwaC,HbRwaC,HbRwaC,HbRwaC,HbRwaC
HbRwaC
HbRwaC,HbRwaC,HbRwaC,HbRwaC,HbRwaC,HbRwaC,HbRwaC,HbRwaC,HbRwaC,HbRwaC,HbRwaC,HbRwaC,HbRwaC,HbRwaC
HbRwaC
HbRwaC,HbRwaC,HbRwaC,HbRwaC,HbRwaC,HbRwaC,HbRwaC,HbRwaC,HbRwaC,HbRwaC,HbRwaC,HbRwaC,HbRwaC
HbRwaC
HbRwaC,HbRwaC,HbRwaC,HbRwaC,HbRwaC,HbRwaC,HbRwaC,HbRwaC,HbRwaC,HbRwaC
HbRwaC,HbRwaC,HbRwaC,HbRwaC,HbRwaC,HbRwaC,HbRwaC,HbRwaC,HbRwaC,HbRwaC
HbRwaC,HbRwaC,HbRwaC,HbRwaC,HbRwaC,HbRwaC,HbRwaC,HbRwaC,HbRwaC,HbRwaC,HbRwaC
HbRwaC,HbRwaC,HbRwaC,HbRwaC,HbRwaC,HbRwaC,HbRwaC,HbRwaC,HbRwaC
HbRwaC
HbRwaC
HbRwaC,HbRwaC,HbRwaC,HbRwaC,HbRwaC,HbRwaC,HbRwaC,HbRwaC,HbRwaC,HbRwaC
HbRwaC
HbRwaC,HbRwaC,HbRwaC,HbRwaC,HbRwaC,HbRwaC,HbRwaC,HbRwaC
HbRwaC,HbRwaC,HbRwaC,HbRwaC,HbRwaC,HbRwaC,HbRwaC,HbRwaC
HbRwaC,HbRwaC,HbRwaC,HbRwaC,HbRwaC,HbRwaC,HbRwaC,HbRwaC
HbRwaC,HbRwaC,HbRwaC,HbRwaC,HbRwaC,HbRwaC,HbRwaC,HbRwaC
HbRwaC,HbRwaC,HbRwaC,HbRwaC,HbRwaC,HbRwaC,HbRwaC,HbRwaC,HbRwaC,HbRwaC
HbRwaC,HbRwaC,HbRwaC,HbRwaC,HbRwaC,HbRwaC,HbRwaC,HbRwaC,HbRwaC
HbRwaC,HbRwaC,HbRwaC,HbRwaC,HbRwaC,HbRwaC,HbRwaC,HbRwaC
HbRwaC
HbRwaC,HbRwaC,HbRwaC,HbRwaC,HbRwaC,HbRwaC,HbRwaC,HbRwaC
HbRwaC
HbRwaC,HbRwaC,HbRwaC,HbRwaC,HbRwaC,HbRwaC,HbRwaC,HbRwaC
HbRwaC
HbRwaC
HbRwaC,HbRwaC,HbRwaC,HbRwaC,HbRwaC,HbRwaC,HbRwaC,HbRwaC
Jedi Wagner, assuma o comando!