Toque! Toque, Dijê!
oKhTmnvaET
oKhTmnvaET
oKhTmnvaET
oKhTmnvaET
oKhTmnvaET,BRoXuADDHk
oKhTmnvaET,BRoXuADDHk
qKDvY
oKhTmnvaET,qKDvY,BRoXuADDHk,wrydIbBg
qKDvY
BRoXuADDHk
BRoXuADDHk,b,BRoXuADDHk,qKDvY,b
BRoXuADDHk,b,BRoXuADDHk,qKDvY,b
BRoXuADDHk
BRoXuADDHk,b,BRoXuADDHk,qKDvY,b,b,b
BRoXuADDHk
BRoXuADDHk
BRoXuADDHk,BRoXuADDHk,qKDvY,b,b,b,b
BRoXuADDHk,BRoXuADDHk,qKDvY,b,b,b,b
BRoXuADDHk
BRoXuADDHk,BRoXuADDHk,qKDvY,b,b,b,b,BRoXuADDHk
b
BRoXuADDHk,b,qKDvY,b,BRoXuADDHk,b,b,BRoXuADDHk
b
BRoXuADDHk,b,qKDvY,b,oKhTmnvaET,BRoXuADDHk,b,b,BRoXuADDHk,BRoXuADDHk
BRoXuADDHk,BRoXuADDHk,b,qKDvY,b,b,b,BRoXuADDHk
BRoXuADDHk,BRoXuADDHk,b,qKDvY,b,b,b,BRoXuADDHk,wrydIbBg
BRoXuADDHk,BRoXuADDHk,b,qKDvY,b,b,b,BRoXuADDHk
b
BRoXuADDHk,BRoXuADDHk,b,b,qKDvY,b,b,BRoXuADDHk,b
qKDvY
qKDvY
b
BRoXuADDHk,BRoXuADDHk,qKDvY,b,b,b,b,BRoXuADDHk
BRoXuADDHk,BRoXuADDHk,qKDvY,b,b,b,b,BRoXuADDHk
b
b
BRoXuADDHk,b,qKDvY,b,b,b,BRoXuADDHk,b,oKhTmnvaET
BRoXuADDHk,qKDvY,b,b,b,BRoXuADDHk,b,oKhTmnvaET
b
BRoXuADDHk,qKDvY,b,b,b,BRoXuADDHk,b,oKhTmnvaET
b
BRoXuADDHk,b,qKDvY,b,b,b,BRoXuADDHk,b,oKhTmnvaET
b
BRoXuADDHk,b,qKDvY,b,b,b,BRoXuADDHk,b,oKhTmnvaET
BRoXuADDHk,b,qKDvY,b,b,b,BRoXuADDHk,b,oKhTmnvaET,oKhTmnvaET
BRoXuADDHk,b,qKDvY,b,b,b,BRoXuADDHk,b,oKhTmnvaET,oKhTmnvaET
b
BRoXuADDHk,b,qKDvY,b,b,oKhTmnvaET,b,BRoXuADDHk,b,oKhTmnvaET,qKDvY
BRoXuADDHk,b,qKDvY,b,b,oKhTmnvaET,b,BRoXuADDHk,b,oKhTmnvaET,qKDvY
oKhTmnvaET
b
b
b
qKDvY,b,b,oKhTmnvaET,b,BRoXuADDHk,b,oKhTmnvaET,qKDvY,b,b,b,b
b
b,qKDvY,b,b,oKhTmnvaET,b,b,oKhTmnvaET,qKDvY,b,b,b
b
b
b
b,qKDvY,b,b,oKhTmnvaET,b,BRoXuADDHk,b,oKhTmnvaET,qKDvY,b,b,b,jX,oKhTmnvaET
b
qKDvY,b,b,oKhTmnvaET,b,b,b,oKhTmnvaET,qKDvY,b,b,b,jX,oKhTmnvaET
b
b,b,b,oKhTmnvaET,b,qKDvY,b,oKhTmnvaET,b,b,b
b
b,b,b,oKhTmnvaET,b,BRoXuADDHk,qKDvY,b,oKhTmnvaET,b,b,b,qKDvY
b
b
b,b,b,oKhTmnvaET,b,BRoXuADDHk,qKDvY,b,oKhTmnvaET,b,b,b,qKDvY
BRoXuADDHk
b,b,b,oKhTmnvaET,b,b,BRoXuADDHk,qKDvY,oKhTmnvaET,b,b,b,qKDvY,O
BRoXuADDHk
BRoXuADDHk
BRoXuADDHk
BRoXuADDHk
BRoXuADDHk
qKDvY
oKhTmnvaET,b,b,qKDvY,BRoXuADDHk,b,O,oKhTmnvaET,b,b,b,qKDvY,qKDvY,qKDvY,O
b
b
b
b
b
oKhTmnvaET
oKhTmnvaET
Jedi Wagner, assuma o comando!