Toque! Toque, Dijê!
[vazia]
fcmXAaSF
fcmXAaSF,fcmXAaSF
fcmXAaSF
fcmXAaSF,fcmXAaSF,fcmXAaSF
[vazia]
fcmXAaSF
fcmXAaSF
fcmXAaSF
fcmXAaSF,fcmXAaSF,fcmXAaSF
fcmXAaSF
fcmXAaSF
fcmXAaSF,fcmXAaSF
fcmXAaSF,fcmXAaSF
fcmXAaSF
fcmXAaSF
fcmXAaSF
Toque! Toque, Dijê!
fcmXAaSF,fcmXAaSF
fcmXAaSF
fcmXAaSF,fcmXAaSF
fcmXAaSF
fcmXAaSF
fcmXAaSF,fcmXAaSF,fcmXAaSF
fcmXAaSF,fcmXAaSF,fcmXAaSF
fcmXAaSF,fcmXAaSF,fcmXAaSF,fcmXAaSF
fcmXAaSF
fcmXAaSF,fcmXAaSF,fcmXAaSF,fcmXAaSF
fcmXAaSF
fcmXAaSF,fcmXAaSF,fcmXAaSF,fcmXAaSF
fcmXAaSF
fcmXAaSF,fcmXAaSF,fcmXAaSF
fcmXAaSF
fcmXAaSF,fcmXAaSF,fcmXAaSF,fcmXAaSF,fcmXAaSF
fcmXAaSF
fcmXAaSF,fcmXAaSF,fcmXAaSF,fcmXAaSF,fcmXAaSF,fcmXAaSF
fcmXAaSF
fcmXAaSF,fcmXAaSF,fcmXAaSF,fcmXAaSF,fcmXAaSF,fcmXAaSF,fcmXAaSF,fcmXAaSF,fcmXAaSF
fcmXAaSF,fcmXAaSF,fcmXAaSF,fcmXAaSF,fcmXAaSF,fcmXAaSF,fcmXAaSF,fcmXAaSF,fcmXAaSF
fcmXAaSF
fcmXAaSF,fcmXAaSF,fcmXAaSF,fcmXAaSF,fcmXAaSF,fcmXAaSF,fcmXAaSF,fcmXAaSF,fcmXAaSF,fcmXAaSF
fcmXAaSF
fcmXAaSF
fcmXAaSF,fcmXAaSF,fcmXAaSF,fcmXAaSF,fcmXAaSF,fcmXAaSF,fcmXAaSF,fcmXAaSF,fcmXAaSF,fcmXAaSF,fcmXAaSF,fcmXAaSF
fcmXAaSF
fcmXAaSF,fcmXAaSF,fcmXAaSF,fcmXAaSF,fcmXAaSF
fcmXAaSF
fcmXAaSF,fcmXAaSF,fcmXAaSF,fcmXAaSF
fcmXAaSF
fcmXAaSF,fcmXAaSF,fcmXAaSF,fcmXAaSF
fcmXAaSF
fcmXAaSF,fcmXAaSF,fcmXAaSF,fcmXAaSF
fcmXAaSF
fcmXAaSF
fcmXAaSF
fcmXAaSF,fcmXAaSF,fcmXAaSF,fcmXAaSF
fcmXAaSF,fcmXAaSF,fcmXAaSF,fcmXAaSF
fcmXAaSF,fcmXAaSF,fcmXAaSF,fcmXAaSF,fcmXAaSF
fcmXAaSF,fcmXAaSF,fcmXAaSF,fcmXAaSF,fcmXAaSF
fcmXAaSF
fcmXAaSF,fcmXAaSF,fcmXAaSF,fcmXAaSF,fcmXAaSF
fcmXAaSF,fcmXAaSF,fcmXAaSF,fcmXAaSF,fcmXAaSF
fcmXAaSF,fcmXAaSF,fcmXAaSF,fcmXAaSF
fcmXAaSF,fcmXAaSF,fcmXAaSF,fcmXAaSF
fcmXAaSF
fcmXAaSF,fcmXAaSF,fcmXAaSF,fcmXAaSF
fcmXAaSF
fcmXAaSF
fcmXAaSF
fcmXAaSF,fcmXAaSF,fcmXAaSF,fcmXAaSF,fcmXAaSF
fcmXAaSF
fcmXAaSF,fcmXAaSF,fcmXAaSF,fcmXAaSF
fcmXAaSF,fcmXAaSF,fcmXAaSF,fcmXAaSF,fcmXAaSF
Jedi Wagner, assuma o comando!