[vazia]
Toque! Toque, Dijê!
KA
TF
TF
TF
TF
TF
TF
TF,Ccxm
TF
TF,Ccxm
TF
TF,Ccxm,tcwaFZaVpE
TF,Ccxm
TF
TF,Ccxm
TF
TF,Ccxm,Ccxm
TF
TF
TF
TF,Ccxm,Ccxm,XekAefYK,tcwaFZaVpE
TF,Ccxm,Ccxm,XekAefYK,tcwaFZaVpE
TF,Ccxm,Ccxm,XekAefYK,tcwaFZaVpE,Ccxm
TF
TF,Ccxm,Ccxm,XekAefYK,tcwaFZaVpE,Ccxm,XekAefYK
TF,Ccxm,Ccxm,XekAefYK,tcwaFZaVpE,Ccxm,XekAefYK
TF,Ccxm,Ccxm,XekAefYK,tcwaFZaVpE,Ccxm,Ccxm
Ccxm
Ccxm
am
TF,am,tcwaFZaVpE,Ccxm,Ccxm,XekAefYK,Ccxm,LXNEpaBEp,XekAefYK,Ccxm
Ccxm
TF,Ccxm,Ccxm,XekAefYK,tcwaFZaVpE,Ccxm
Ccxm
TF,Ccxm,Ccxm,XekAefYK,Ccxm,tcwaFZaVpE,TF
TF,Ccxm,Ccxm,XekAefYK,Ccxm,tcwaFZaVpE,TF
tcwaFZaVpE
TF,Ccxm,Ccxm,XekAefYK,Ccxm,tcwaFZaVpE,TF
tcwaFZaVpE
TF,Ccxm,Ccxm,XekAefYK,Ccxm,tcwaFZaVpE,TF,LXNEpaBEp
XekAefYK
XekAefYK
Ccxm,Ccxm,tcwaFZaVpE,TF,XekAefYK,Ccxm,TF,LXNEpaBEp,Ccxm,DxtE
Ccxm
Ccxm,Ccxm,tcwaFZaVpE,TF,Ccxm,DxtE,TF,LXNEpaBEp,Ccxm
Ccxm,Ccxm,tcwaFZaVpE,TF,Ccxm,DxtE,TF,LXNEpaBEp,Ccxm
Ccxm,Ccxm,tcwaFZaVpE,TF,Ccxm,DxtE,TF,LXNEpaBEp,Ccxm
Ccxm,Ccxm,tcwaFZaVpE,TF,Ccxm,TF,DxtE,Ccxm,LXNEpaBEp
Ccxm,Ccxm,tcwaFZaVpE,TF,Ccxm,TF,DxtE,XpzfvPq,Ccxm,LXNEpaBEp
DxtE
Ccxm,Ccxm,tcwaFZaVpE,Ccxm,TF,DxtE,Ccxm,LXNEpaBEp,XpzfvPq
DxtE
Ccxm,Ccxm,tcwaFZaVpE,Ccxm,TF,DxtE,Ccxm,LXNEpaBEp,XpzfvPq
DxtE
Ccxm,Ccxm,tcwaFZaVpE,Ccxm,TF,TF,Ccxm,LXNEpaBEp
Ccxm,Ccxm,tcwaFZaVpE,TF,Ccxm,TF,DxtE,Ccxm,LXNEpaBEp
Ccxm,tcwaFZaVpE,TF,Ccxm,TF,LXNEpaBEp,Ccxm,DxtE
Ccxm,tcwaFZaVpE,TF,Ccxm,TF,LXNEpaBEp,Ccxm,DxtE,DxtE
tcwaFZaVpE,TF,Ccxm,TF,LXNEpaBEp,Ccxm,DxtE,DxtE
DxtE
DxtE
DxtE
DxtE
am
tcwaFZaVpE
Ccxm,Ccxm,LXNEpaBEp,Ccxm,DxtE,DxtE,am,tcwaFZaVpE,LXNEpaBEp,LXNEpaBEp,TF,TF
LXNEpaBEp
Ccxm,Ccxm,LXNEpaBEp,Ccxm,DxtE,DxtE,am,tcwaFZaVpE,LXNEpaBEp,LXNEpaBEp,TF,XpzfvPq,KA,TF
Ccxm,Ccxm,LXNEpaBEp,Ccxm,DxtE,am,tcwaFZaVpE,LXNEpaBEp,LXNEpaBEp,DxtE,TF,XpzfvPq
DxtE
Ccxm,Ccxm,LXNEpaBEp,Ccxm,DxtE,am,tcwaFZaVpE,LXNEpaBEp,LXNEpaBEp,DxtE,TF,XpzfvPq
Ccxm,Ccxm,LXNEpaBEp,Ccxm,DxtE,am,tcwaFZaVpE,LXNEpaBEp,LXNEpaBEp,DxtE,TF,XpzfvPq
DxtE
DxtE
Ccxm,Ccxm,LXNEpaBEp,Ccxm,DxtE,am,tcwaFZaVpE,LXNEpaBEp,LXNEpaBEp,DxtE,TF,XpzfvPq
DxtE
DxtE
Ccxm,Ccxm,LXNEpaBEp,Ccxm,DxtE,am,tcwaFZaVpE,LXNEpaBEp,LXNEpaBEp,DxtE,TF,XpzfvPq
Ccxm,Ccxm,Ccxm,DxtE,am,tcwaFZaVpE,LXNEpaBEp,LXNEpaBEp,DxtE,TF,XpzfvPq
Ccxm,Ccxm,Ccxm,DxtE,am,tcwaFZaVpE,LXNEpaBEp,DxtE,TF,XpzfvPq,Ccxm,XekAefYK
TF
TF
TF
Ccxm,Ccxm,Ccxm,DxtE,am,tcwaFZaVpE,LXNEpaBEp,LXNEpaBEp,DxtE,TF,XpzfvPq,Ccxm,TF,Ccxm
Ccxm,Ccxm,Ccxm,DxtE,tcwaFZaVpE,LXNEpaBEp,LXNEpaBEp,DxtE,TF,XpzfvPq,Ccxm,TF,Ccxm
XpzfvPq
XpzfvPq
Ccxm,Ccxm,DxtE,LXNEpaBEp,LXNEpaBEp,DxtE,TF,XpzfvPq,tcwaFZaVpE,Ccxm,Ccxm,TF,Ccxm
XpzfvPq
XpzfvPq
TF
Ccxm,Ccxm,DxtE,LXNEpaBEp,LXNEpaBEp,DxtE,XpzfvPq,tcwaFZaVpE,Ccxm,Ccxm,TF,Ccxm,DxtE,am
Ccxm,Ccxm,DxtE,LXNEpaBEp,LXNEpaBEp,DxtE,XpzfvPq,tcwaFZaVpE,Ccxm,Ccxm,TF,Ccxm,DxtE,am
Ccxm,Ccxm,DxtE,LXNEpaBEp,LXNEpaBEp,DxtE,tcwaFZaVpE,Ccxm,Ccxm,XpzfvPq,TF,Ccxm,DxtE,am,XekAefYK,am
Ccxm,Ccxm,DxtE,LXNEpaBEp,LXNEpaBEp,DxtE,tcwaFZaVpE,Ccxm,Ccxm,XpzfvPq,TF,Ccxm,DxtE,am,XekAefYK,am
Ccxm,Ccxm,DxtE,DxtE,tcwaFZaVpE,Ccxm,Ccxm,XpzfvPq,LXNEpaBEp,LXNEpaBEp,TF,Ccxm,DxtE,am,XekAefYK,am
Ccxm,Ccxm,DxtE,LXNEpaBEp,LXNEpaBEp,DxtE,TF,XpzfvPq,tcwaFZaVpE,Ccxm,Ccxm,TF,Ccxm,DxtE,am
Ccxm
Ccxm,DxtE,LXNEpaBEp,LXNEpaBEp,DxtE,TF,XpzfvPq,tcwaFZaVpE,Ccxm,Ccxm,Ccxm,TF,Ccxm,DxtE,am,DxtE
Ccxm
Ccxm
LXNEpaBEp
Ccxm,DxtE,LXNEpaBEp,DxtE,TF,XpzfvPq,tcwaFZaVpE,Ccxm,Ccxm,LXNEpaBEp,Ccxm,TF,Ccxm,DxtE,DxtE,Ccxm,Ccxm,XpzfvPq
LXNEpaBEp
Ccxm,DxtE,LXNEpaBEp,LXNEpaBEp,DxtE,TF,XpzfvPq,tcwaFZaVpE,Ccxm,Ccxm,TF,Ccxm,DxtE,am,XpzfvPq,DxtE,Ccxm,XekAefYK
TF
Ccxm,DxtE,LXNEpaBEp,LXNEpaBEp,DxtE,XpzfvPq,tcwaFZaVpE,Ccxm,Ccxm,TF,Ccxm,DxtE,am,XpzfvPq,DxtE,Ccxm,TF,Ccxm
am
Ccxm,LXNEpaBEp,LXNEpaBEp,DxtE,XpzfvPq,tcwaFZaVpE,Ccxm,Ccxm,TF,Ccxm,DxtE,am,DxtE,XpzfvPq,DxtE,Ccxm,TF,Ccxm
am
am
am
LXNEpaBEp,LXNEpaBEp,DxtE,XpzfvPq,tcwaFZaVpE,Ccxm,Ccxm,TF,Ccxm,DxtE,am,DxtE,XpzfvPq,DxtE,Ccxm,TF,Ccxm
LXNEpaBEp
Ccxm,DxtE,LXNEpaBEp,DxtE,XpzfvPq,tcwaFZaVpE,Ccxm,Ccxm,Ccxm,DxtE,LXNEpaBEp,TF,XpzfvPq,DxtE,Ccxm,TF,Ccxm,LXNEpaBEp
XpzfvPq
Ccxm,LXNEpaBEp,DxtE,XpzfvPq,Ccxm,Ccxm,Ccxm,DxtE,LXNEpaBEp,TF,XpzfvPq,DxtE,Ccxm,TF,Ccxm,LXNEpaBEp,am
XpzfvPq
LXNEpaBEp,DxtE,XpzfvPq,Ccxm,Ccxm,Ccxm,DxtE,LXNEpaBEp,TF,XpzfvPq,DxtE,Ccxm,TF,Ccxm,LXNEpaBEp
Ccxm,LXNEpaBEp,DxtE,XpzfvPq,Ccxm,Ccxm,Ccxm,DxtE,LXNEpaBEp,TF,XpzfvPq,DxtE,Ccxm,TF,Ccxm,LXNEpaBEp,LXNEpaBEp
Ccxm,LXNEpaBEp,DxtE,XpzfvPq,Ccxm,Ccxm,Ccxm,DxtE,LXNEpaBEp,TF,XpzfvPq,DxtE,Ccxm,TF,Ccxm,LXNEpaBEp
Ccxm,LXNEpaBEp,DxtE,Ccxm,Ccxm,Ccxm,DxtE,LXNEpaBEp,TF,XpzfvPq,XpzfvPq,DxtE,Ccxm,TF,Ccxm,LXNEpaBEp,am
Ccxm,LXNEpaBEp,DxtE,Ccxm,Ccxm,Ccxm,DxtE,LXNEpaBEp,TF,XpzfvPq,XpzfvPq,DxtE,Ccxm,TF,Ccxm,LXNEpaBEp,am
Ccxm,LXNEpaBEp,DxtE,Ccxm,Ccxm,Ccxm,DxtE,LXNEpaBEp,TF,XpzfvPq,XpzfvPq,DxtE,Ccxm,TF,Ccxm,LXNEpaBEp,am
XpzfvPq
XpzfvPq
Ccxm,LXNEpaBEp,DxtE,Ccxm,Ccxm,Ccxm,DxtE,LXNEpaBEp,TF,XpzfvPq,XpzfvPq,DxtE,Ccxm,TF,Ccxm,LXNEpaBEp,DxtE
Ccxm,LXNEpaBEp,DxtE,Ccxm,Ccxm,Ccxm,DxtE,LXNEpaBEp,TF,XpzfvPq,XpzfvPq,DxtE,Ccxm,TF,Ccxm,LXNEpaBEp,DxtE
XpzfvPq
DxtE
DxtE
Ccxm
Ccxm,LXNEpaBEp,DxtE,Ccxm,Ccxm,Ccxm,DxtE,LXNEpaBEp,TF,XpzfvPq,XpzfvPq,DxtE,Ccxm,TF,Ccxm,LXNEpaBEp,DxtE,TF,tcwaFZaVpE,am
Ccxm,DxtE,Ccxm,Ccxm,Ccxm,DxtE,LXNEpaBEp,XpzfvPq,XpzfvPq,DxtE,Ccxm,TF,Ccxm,LXNEpaBEp,DxtE,TF,tcwaFZaVpE,am,XekAefYK
Ccxm
Ccxm,LXNEpaBEp,DxtE,Ccxm,Ccxm,Ccxm,DxtE,LXNEpaBEp,XpzfvPq,DxtE,Ccxm,TF,tcwaFZaVpE,XpzfvPq,TF,Ccxm,LXNEpaBEp,DxtE,TF,am,XekAefYK,TF
TF
Ccxm,LXNEpaBEp,DxtE,Ccxm,Ccxm,Ccxm,DxtE,LXNEpaBEp,XpzfvPq,DxtE,Ccxm,TF,tcwaFZaVpE,XpzfvPq,TF,Ccxm,LXNEpaBEp,DxtE,TF,am,XekAefYK,TF
Ccxm,LXNEpaBEp,DxtE,Ccxm,Ccxm,Ccxm,DxtE,LXNEpaBEp,XpzfvPq,DxtE,Ccxm,tcwaFZaVpE,XpzfvPq,TF,TF,Ccxm,LXNEpaBEp,DxtE,TF,am,XekAefYK,TF,am
TF
Ccxm,LXNEpaBEp,DxtE,Ccxm,Ccxm,Ccxm,DxtE,LXNEpaBEp,XpzfvPq,DxtE,Ccxm,tcwaFZaVpE,XpzfvPq,TF,TF,Ccxm,LXNEpaBEp,DxtE,TF,am,XekAefYK,TF,am
Ccxm,DxtE,Ccxm,Ccxm,Ccxm,DxtE,LXNEpaBEp,TF,XpzfvPq,XpzfvPq,DxtE,Ccxm,TF,Ccxm,LXNEpaBEp,DxtE,TF,tcwaFZaVpE,am
DxtE
DxtE
TF
TF
TF
Ccxm,LXNEpaBEp,TF,XpzfvPq,DxtE,Ccxm,TF,Ccxm,DxtE,LXNEpaBEp,DxtE,TF,DxtE,Ccxm,XpzfvPq,am,am,am,KA,KA
Ccxm,LXNEpaBEp,TF,XpzfvPq,DxtE,Ccxm,TF,Ccxm,DxtE,LXNEpaBEp,DxtE,TF,DxtE,Ccxm,XpzfvPq,am,am,am,KA,KA
DxtE
DxtE
LXNEpaBEp,Ccxm,Ccxm,LXNEpaBEp,TF,XpzfvPq,XpzfvPq,DxtE,Ccxm,TF,Ccxm,DxtE,LXNEpaBEp,DxtE,TF,DxtE,am,am,am,KA
DxtE
DxtE
DxtE
DxtE
LXNEpaBEp,Ccxm,Ccxm,LXNEpaBEp,TF,XpzfvPq,XpzfvPq,DxtE,Ccxm,TF,Ccxm,DxtE,LXNEpaBEp,DxtE,TF,am,DxtE,am,am,KA,am,XekAefYK,Ccxm
LXNEpaBEp,Ccxm,Ccxm,LXNEpaBEp,TF,XpzfvPq,XpzfvPq,DxtE,Ccxm,TF,Ccxm,DxtE,LXNEpaBEp,DxtE,TF,am,DxtE,am,am,KA,am,XekAefYK,Ccxm
LXNEpaBEp,Ccxm,Ccxm,LXNEpaBEp,TF,XpzfvPq,XpzfvPq,DxtE,Ccxm,TF,Ccxm,DxtE,LXNEpaBEp,DxtE,TF,am,DxtE,am,am,KA,am,XekAefYK,Ccxm
KA
LXNEpaBEp,Ccxm,Ccxm,LXNEpaBEp,TF,XpzfvPq,XpzfvPq,Ccxm,TF,Ccxm,DxtE,LXNEpaBEp,DxtE,TF,KA,DxtE,am,DxtE,am,am,am,XekAefYK,Ccxm,TF
DxtE
LXNEpaBEp,Ccxm,Ccxm,LXNEpaBEp,TF,XpzfvPq,XpzfvPq,Ccxm,TF,Ccxm,DxtE,LXNEpaBEp,DxtE,TF,KA,DxtE,am,DxtE,am,am,am,XekAefYK,Ccxm,TF
LXNEpaBEp,Ccxm,LXNEpaBEp,TF,XpzfvPq,XpzfvPq,Ccxm,TF,Ccxm,DxtE,LXNEpaBEp,DxtE,TF,DxtE,KA,am,DxtE,am,am,am,XekAefYK,Ccxm,TF,Ccxm,TF
Jedi Wagner, assuma o comando!