YbZ
YbZ
YbZ
YbZ
YbZ
YbZ
YbZ
YbZ
YbZ
YbZ,meKBL,agUykCni,meKBL
YbZ
YbZ,OGy
YbZ
YbZ,OGy
YbZ,OGy,yUJnIRKEQ
YbZ,OGy,yUJnIRKEQ
OGy
yUJnIRKEQ
xgg
YbZ,OGy,yUJnIRKEQ,xgg
YbZ,OGy,yUJnIRKEQ,xgg
xgg
YbZ,OGy,yUJnIRKEQ,xgg
YbZ,OGy,yUJnIRKEQ,xgg
YbZ,OGy,yUJnIRKEQ,xgg
xgg
xgg
xgg
YbZ,OGy,yUJnIRKEQ,xgg
YbZ,OGy,yUJnIRKEQ,xgg
OGy,yUJnIRKEQ,xgg,YbZ,Vpes
YbZ
OGy,yUJnIRKEQ,xgg,YbZ,Vpes,yUJnIRKEQ
YbZ
YbZ
YbZ
OGy,yUJnIRKEQ,xgg,YbZ,yUJnIRKEQ,kUcL,agUykCni
YbZ
OGy,yUJnIRKEQ,xgg,YbZ,yUJnIRKEQ,agUykCni
OGy,yUJnIRKEQ,xgg,YbZ,yUJnIRKEQ
yUJnIRKEQ,xgg,YbZ,OGy,yUJnIRKEQ
OGy
yUJnIRKEQ,xgg,YbZ,OGy,yUJnIRKEQ
OGy
OGy
yUJnIRKEQ,xgg,YbZ,OGy,yUJnIRKEQ,dYNCri
xgg,YbZ,OGy,yUJnIRKEQ,dYNCri
dYNCri
dYNCri
dYNCri
xgg,YbZ,OGy,dYNCri,agUykCni
dYNCri
xgg,YbZ,OGy,yUJnIRKEQ,dYNCri,yUJnIRKEQ,r
xgg
xgg
xgg
YbZ,OGy,yUJnIRKEQ,dYNCri,xgg,yUJnIRKEQ,r,meKBL,Vpes
YbZ,OGy,yUJnIRKEQ,dYNCri,xgg,yUJnIRKEQ,r,meKBL,Vpes
xgg
YbZ,OGy,yUJnIRKEQ,dYNCri,xgg,meKBL,yUJnIRKEQ,r,Vpes
xgg
YbZ,OGy,yUJnIRKEQ,dYNCri,xgg,meKBL,yUJnIRKEQ,r,Vpes
xgg
dYNCri
dYNCri
YbZ,OGy,yUJnIRKEQ,dYNCri,meKBL,YbZ
dYNCri
dYNCri
xgg,YbZ,OGy,yUJnIRKEQ,dYNCri,meKBL,YbZ
meKBL
xgg,yUJnIRKEQ,dYNCri,meKBL,YbZ,YbZ,xgg
xgg,yUJnIRKEQ,dYNCri,meKBL,YbZ,YbZ,xgg
YbZ
YbZ
xgg,dYNCri,meKBL,YbZ,YbZ,xgg,YbZ
xgg,dYNCri,meKBL,YbZ,YbZ,xgg,YbZ
YbZ
dYNCri,YbZ,xgg,YbZ,xgg,meKBL
dYNCri,YbZ,xgg,YbZ,xgg,meKBL
dYNCri,YbZ,xgg,YbZ,xgg,meKBL
xgg
xgg
dYNCri,YbZ,xgg,YbZ,xgg,meKBL,YbZ
xgg
dYNCri,xgg,YbZ,xgg,meKBL,YbZ,xgg
xgg
xgg
dYNCri,meKBL,YbZ,YbZ,xgg,YbZ,xgg
YbZ
YbZ
YbZ
YbZ,YbZ,xgg,YbZ,meKBL,xgg,r,YbZ,kUcL,OGy,xgg
meKBL
YbZ,YbZ,xgg,YbZ,meKBL,kUcL,xgg,r,YbZ,OGy,xgg
meKBL
meKBL
YbZ,xgg,YbZ,meKBL,r,kUcL,xgg,YbZ,OGy,xgg,meKBL,kUcL
YbZ,xgg,YbZ,meKBL,r,kUcL,xgg,YbZ,OGy,xgg,meKBL,kUcL
r
YbZ,YbZ,meKBL,r,xgg,kUcL,xgg,YbZ,OGy,xgg,meKBL,kUcL
YbZ,YbZ,meKBL,r,xgg,kUcL,xgg,YbZ,OGy,xgg,meKBL,kUcL
r
r
r
YbZ,YbZ,meKBL,r,xgg,kUcL,xgg,YbZ,OGy,xgg,meKBL,kUcL,OGy
YbZ,xgg,YbZ,meKBL,r,kUcL,xgg,YbZ,OGy,xgg,meKBL,kUcL,kUcL
r
r
YbZ,xgg,YbZ,meKBL,r,kUcL,xgg,YbZ,OGy,xgg,meKBL,kUcL,kUcL,yUJnIRKEQ
kUcL
xgg
xgg,YbZ,meKBL,kUcL,xgg,YbZ,OGy,xgg,meKBL,kUcL,kUcL,yUJnIRKEQ
xgg
xgg
xgg
xgg,YbZ,meKBL,kUcL,xgg,YbZ,OGy,xgg,meKBL,kUcL,kUcL,yUJnIRKEQ
xgg
xgg,YbZ,meKBL,kUcL,xgg,YbZ,OGy,xgg,meKBL,kUcL,kUcL,yUJnIRKEQ
xgg
xgg
xgg
xgg
YbZ
xgg
xgg
xgg,YbZ,meKBL,kUcL,OGy,xgg,YbZ,xgg,meKBL,kUcL,kUcL,yUJnIRKEQ,OGy
xgg,YbZ,meKBL,kUcL,OGy,xgg,YbZ,xgg,meKBL,kUcL,kUcL,yUJnIRKEQ,OGy
xgg
meKBL
xgg,meKBL,kUcL,OGy,xgg,YbZ,xgg,meKBL,kUcL,kUcL,yUJnIRKEQ,OGy
meKBL
kUcL
kUcL
kUcL,OGy,xgg,YbZ,xgg,meKBL,meKBL,kUcL,kUcL,yUJnIRKEQ,OGy,YbZ,xgg,OGy
kUcL,OGy,xgg,YbZ,xgg,meKBL,meKBL,kUcL,kUcL,yUJnIRKEQ,OGy,YbZ,xgg,OGy
kUcL
kUcL
OGy
OGy
OGy
kUcL,meKBL,kUcL,kUcL,OGy,r,yUJnIRKEQ,OGy,YbZ,xgg,OGy,agUykCni,yUJnIRKEQ,YbZ
OGy
OGy
kUcL
kUcL
xgg,kUcL,OGy,xgg,YbZ,xgg,meKBL,meKBL,kUcL,kUcL,yUJnIRKEQ,OGy,YbZ,xgg,OGy
xgg,kUcL,OGy,xgg,YbZ,xgg,meKBL,meKBL,kUcL,kUcL,yUJnIRKEQ,OGy,YbZ,xgg,OGy
kUcL
kUcL
kUcL
kUcL
YbZ
xgg,kUcL,OGy,xgg,YbZ,xgg,meKBL,meKBL,kUcL,yUJnIRKEQ,kUcL,OGy,YbZ,xgg,OGy,xgg
yUJnIRKEQ
yUJnIRKEQ
xgg,OGy,xgg,YbZ,xgg,meKBL,meKBL,kUcL,kUcL,kUcL,yUJnIRKEQ,OGy,YbZ,xgg,OGy,meKBL
yUJnIRKEQ
yUJnIRKEQ
xgg,OGy,xgg,YbZ,xgg,meKBL,meKBL,kUcL,kUcL,yUJnIRKEQ,OGy,YbZ,xgg,OGy,meKBL,r
OGy,xgg,YbZ,xgg,meKBL,meKBL,kUcL,kUcL,yUJnIRKEQ,xgg,OGy,YbZ,xgg,OGy,meKBL,r,YbZ
yUJnIRKEQ
yUJnIRKEQ
YbZ,meKBL,meKBL,kUcL,kUcL,yUJnIRKEQ,xgg,OGy,OGy,YbZ,xgg,OGy,meKBL,YbZ
YbZ,meKBL,meKBL,kUcL,kUcL,yUJnIRKEQ,xgg,OGy,OGy,YbZ,xgg,OGy,meKBL,YbZ
YbZ,meKBL,meKBL,kUcL,kUcL,yUJnIRKEQ,xgg,OGy,OGy,YbZ,xgg,OGy,meKBL,YbZ
OGy,YbZ,meKBL,meKBL,kUcL,kUcL,yUJnIRKEQ,xgg,OGy,YbZ,xgg,OGy,meKBL,YbZ
OGy,YbZ,meKBL,meKBL,kUcL,kUcL,yUJnIRKEQ,xgg,OGy,YbZ,xgg,OGy,meKBL,YbZ,yUJnIRKEQ
YbZ
YbZ
OGy,meKBL,kUcL,kUcL,yUJnIRKEQ,xgg,YbZ,OGy,YbZ,xgg,OGy,meKBL,YbZ,r
YbZ
YbZ
OGy,meKBL,kUcL,kUcL,yUJnIRKEQ,xgg,YbZ,OGy,YbZ,xgg,OGy,meKBL,YbZ,r,OGy
OGy,meKBL,kUcL,kUcL,yUJnIRKEQ,xgg,YbZ,OGy,YbZ,xgg,OGy,meKBL,YbZ,r
OGy,meKBL,kUcL,kUcL,yUJnIRKEQ,YbZ,OGy,YbZ,xgg,OGy,meKBL,YbZ,r,meKBL,dYNCri
OGy
OGy
OGy
YbZ
YbZ
OGy,meKBL,kUcL,kUcL,yUJnIRKEQ,YbZ,OGy,YbZ,xgg,OGy,meKBL,YbZ,r,meKBL,dYNCri
OGy,meKBL,kUcL,kUcL,yUJnIRKEQ,YbZ,OGy,YbZ,xgg,OGy,meKBL,YbZ,r,meKBL,dYNCri
OGy,meKBL,kUcL,kUcL,yUJnIRKEQ,YbZ,OGy,YbZ,xgg,OGy,meKBL,YbZ,r,meKBL,dYNCri
OGy,meKBL,kUcL,kUcL,yUJnIRKEQ,YbZ,OGy,YbZ,xgg,OGy,meKBL,YbZ,r,meKBL,dYNCri
Jedi Wagner, assuma o comando!