[vazia]
NdON
NdON
NdON
NdON
NdON
NdON
NdON,NdON
NdON
NdON,NdON
NdON,NdON
NdON,NdON
NdON
NdON
NdON
NdON,NdON,NdON,toimfeT,toimfeT,PFSz,NdON,ad,dpArnXxpi
NdON,NdON,NdON,toimfeT,toimfeT,PFSz,NdON,ad
NdON
NdON
toimfeT
NdON,NdON,NdON,toimfeT,toimfeT,PFSz,NdON,NdON
NdON,NdON,toimfeT,toimfeT,NdON,PFSz,NdON,NdON
NdON,NdON,toimfeT,toimfeT,NdON,NdON,NdON
NdON
NdON,NdON,toimfeT,toimfeT,NdON,NdON,NdON
NdON,NdON,toimfeT,toimfeT,NdON,NdON,NdON
NdON,NdON,toimfeT,NdON,NdON,NdON,dpArnXxpi,ad
NdON
NdON,NdON,toimfeT,NdON,NdON,NdON,toimfeT
NdON
NdON,NdON,toimfeT,NdON,NdON,NdON,toimfeT,NdON,ad
NdON
NdON,NdON,toimfeT,NdON,NdON,NdON,toimfeT,NdON,ad
NdON
NdON,NdON,toimfeT,toimfeT,NdON,NdON,NdON,dpArnXxpi,NdON,ad
NdON
NdON
NdON,toimfeT,toimfeT,NdON,NdON,NdON,dpArnXxpi,dpArnXxpi,NdON,ad
dpArnXxpi
dpArnXxpi
NdON,toimfeT,toimfeT,NdON,NdON,NdON,dpArnXxpi,NdON,ad,hDYlt
dpArnXxpi
dpArnXxpi
NdON,toimfeT,toimfeT,NdON,NdON,NdON,dpArnXxpi,dpArnXxpi
NdON,toimfeT,toimfeT,NdON,NdON,NdON,dpArnXxpi
NdON,toimfeT,toimfeT,NdON,NdON,NdON,dpArnXxpi,dpArnXxpi
NdON,toimfeT,toimfeT,NdON,NdON,NdON,dpArnXxpi,dpArnXxpi
dpArnXxpi
NdON,toimfeT,toimfeT,NdON,NdON,NdON,dpArnXxpi,dpArnXxpi
dpArnXxpi
dpArnXxpi
dpArnXxpi
NdON,toimfeT,toimfeT,NdON,NdON,NdON,dpArnXxpi,dpArnXxpi
dpArnXxpi
NdON,toimfeT,toimfeT,NdON,NdON,NdON,dpArnXxpi,dpArnXxpi
NdON,toimfeT,toimfeT,NdON,NdON,NdON,dpArnXxpi,dpArnXxpi
NdON
NdON,toimfeT,toimfeT,NdON,NdON,NdON,dpArnXxpi,dpArnXxpi
dpArnXxpi
dpArnXxpi
dpArnXxpi
NdON,toimfeT,toimfeT,NdON,NdON,NdON,dpArnXxpi,dpArnXxpi,toimfeT
dpArnXxpi
NdON,toimfeT,toimfeT,NdON,NdON,NdON,dpArnXxpi,dpArnXxpi,toimfeT
toimfeT,toimfeT,NdON,NdON,NdON,dpArnXxpi,NdON,dpArnXxpi,toimfeT
NdON,toimfeT,toimfeT,NdON,NdON,NdON,dpArnXxpi,dpArnXxpi,dpArnXxpi,NdON
toimfeT,NdON,NdON,NdON,dpArnXxpi,toimfeT,dpArnXxpi,NdON,toimfeT,ad
toimfeT,NdON,NdON,dpArnXxpi,toimfeT,NdON,dpArnXxpi,NdON,toimfeT
toimfeT,toimfeT,NdON,NdON,dpArnXxpi,NdON,dpArnXxpi
toimfeT,toimfeT,NdON,NdON,dpArnXxpi,NdON,dpArnXxpi
NdON
toimfeT,toimfeT,NdON,NdON,dpArnXxpi,NdON,dpArnXxpi,toimfeT,ad,NdON,NdON
toimfeT,toimfeT,NdON,NdON,dpArnXxpi,NdON,dpArnXxpi,toimfeT,ad,NdON,NdON
toimfeT,toimfeT,NdON,NdON,dpArnXxpi,NdON,dpArnXxpi,toimfeT,ad,NdON,NdON,dpArnXxpi
toimfeT,toimfeT,NdON,dpArnXxpi,NdON,NdON,dpArnXxpi,toimfeT,ad,NdON,NdON,dpArnXxpi,toimfeT,ad
toimfeT,toimfeT,dpArnXxpi,NdON,NdON,dpArnXxpi,toimfeT,ad,NdON,NdON,dpArnXxpi,toimfeT,ad
dpArnXxpi
NdON,toimfeT,toimfeT,NdON,NdON,NdON,dpArnXxpi,dpArnXxpi
NdON,toimfeT,toimfeT,NdON,NdON,NdON,dpArnXxpi,dpArnXxpi
dpArnXxpi
NdON,toimfeT,toimfeT,NdON,NdON,NdON,dpArnXxpi,dpArnXxpi
toimfeT,toimfeT,NdON,NdON,NdON,dpArnXxpi,NdON
dpArnXxpi
NdON
toimfeT,toimfeT,NdON,NdON,NdON
NdON
toimfeT,toimfeT,NdON,NdON,NdON,ad
NdON
NdON,toimfeT,toimfeT,NdON,NdON,NdON,dpArnXxpi
NdON,toimfeT,toimfeT,NdON,NdON,NdON,dpArnXxpi
dpArnXxpi
Jedi Wagner, assuma o comando!