[vazia]
[vazia]
MJvNdP,LQMF
LQMF
MJvNdP,LQMF
LQMF
LQMF
LQMF
MJvNdP,LQMF
MJvNdP
MJvNdP,LQMF,MJvNdP
MJvNdP,LQMF,MJvNdP
MJvNdP
MJvNdP,LQMF,soqXCU
MJvNdP,LQMF,soqXCU
MJvNdP,LQMF,soqXCU
MJvNdP
MJvNdP
MJvNdP,LQMF,soqXCU,fPQyi,oANuLIXAuu
MJvNdP,LQMF,soqXCU,fPQyi,oANuLIXAuu
fPQyi
MJvNdP,LQMF
MJvNdP
MJvNdP,MJvNdP
MJvNdP,MJvNdP
MJvNdP
MJvNdP
MJvNdP
QRJEDL,MJvNdP,HoySzBC
MJvNdP,QRJEDL,HoySzBC,HoySzBC,fPQyi
MJvNdP,QRJEDL,HoySzBC,HoySzBC,fPQyi,fPQyi
MJvNdP,QRJEDL,HoySzBC,HoySzBC,fPQyi,fPQyi
MJvNdP
MJvNdP
MJvNdP
MJvNdP,QRJEDL
MJvNdP
QRJEDL
MJvNdP,QRJEDL,LQMF,MJvNdP
LQMF
MJvNdP,QRJEDL,LQMF,MJvNdP
MJvNdP,QRJEDL,LQMF,MJvNdP,C,soqXCU
MJvNdP,LQMF,QRJEDL,MJvNdP
MJvNdP,LQMF,QRJEDL,MJvNdP,C
MJvNdP,LQMF,QRJEDL,MJvNdP,C
MJvNdP,LQMF,QRJEDL,MJvNdP,oANuLIXAuu
MJvNdP,LQMF,QRJEDL,MJvNdP,oANuLIXAuu
MJvNdP,LQMF,MJvNdP,QRJEDL,oANuLIXAuu,HoySzBC
oANuLIXAuu
QRJEDL
QRJEDL
QRJEDL
MJvNdP
MJvNdP
LQMF,QRJEDL,MJvNdP,MJvNdP
MJvNdP
LQMF,QRJEDL,MJvNdP,MJvNdP
LQMF,QRJEDL,MJvNdP,MJvNdP
LQMF,QRJEDL,MJvNdP,MJvNdP
MJvNdP,LQMF,QRJEDL,MJvNdP
MJvNdP
Jedi Wagner, assuma o comando!