[vazia]
Toque! Toque, Dijê!
Toque! Toque, Dijê!
BaoUgvU
BaoUgvU,iMheddmv
[vazia]
Toque! Toque, Dijê!
[vazia]
BaoUgvU,iMheddmv,MsslAFZ
BaoUgvU,iMheddmv,MsslAFZ
BaoUgvU,iMheddmv,MsslAFZ
iMheddmv
BaoUgvU
iMheddmv,BaoUgvU
iMheddmv,BaoUgvU
BaoUgvU,iMheddmv
BaoUgvU,iMheddmv
iMheddmv,BaoUgvU
iMheddmv
iMheddmv,BaoUgvU
iMheddmv,BaoUgvU
iMheddmv,BaoUgvU
iMheddmv
iMheddmv,iMheddmv
iMheddmv,iMheddmv
MsslAFZ,iMheddmv,iMheddmv,sMHxrBlMh,BaoUgvU
iMheddmv,iMheddmv,sMHxrBlMh,BaoUgvU,iMheddmv,sMHxrBlMh
sMHxrBlMh
BaoUgvU
iMheddmv,iMheddmv,BaoUgvU,sMHxrBlMh,sMHxrBlMh
sMHxrBlMh
sMHxrBlMh
iMheddmv
iMheddmv,iMheddmv,sMHxrBlMh,sMHxrBlMh,MsslAFZ
iMheddmv
iMheddmv,iMheddmv,sMHxrBlMh,sMHxrBlMh,MsslAFZ,xoNisuqGFE
iMheddmv
iMheddmv,MsslAFZ,iMheddmv,sMHxrBlMh,sMHxrBlMh,xoNisuqGFE
iMheddmv
iMheddmv,MsslAFZ,iMheddmv,sMHxrBlMh,sMHxrBlMh,xoNisuqGFE,sMHxrBlMh
iMheddmv,sMHxrBlMh,MsslAFZ,iMheddmv,sMHxrBlMh,xoNisuqGFE
iMheddmv,sMHxrBlMh,MsslAFZ,iMheddmv,sMHxrBlMh,xoNisuqGFE,iMheddmv
iMheddmv,sMHxrBlMh,MsslAFZ,iMheddmv,sMHxrBlMh,xoNisuqGFE,iMheddmv
iMheddmv,sMHxrBlMh,MsslAFZ,iMheddmv,sMHxrBlMh,xoNisuqGFE,iMheddmv
MsslAFZ
sMHxrBlMh,MsslAFZ,iMheddmv,sMHxrBlMh,xoNisuqGFE,iMheddmv,xoNisuqGFE
MsslAFZ
sMHxrBlMh,MsslAFZ,iMheddmv,sMHxrBlMh,xoNisuqGFE,iMheddmv,xoNisuqGFE
iMheddmv
iMheddmv
iMheddmv
iMheddmv
sMHxrBlMh,MsslAFZ,iMheddmv,sMHxrBlMh,xoNisuqGFE,iMheddmv,xoNisuqGFE,iMheddmv
iMheddmv
MsslAFZ,sMHxrBlMh,xoNisuqGFE,iMheddmv,xoNisuqGFE,iMheddmv,MsslAFZ
MsslAFZ
MsslAFZ,sMHxrBlMh,xoNisuqGFE,iMheddmv,xoNisuqGFE,iMheddmv,MsslAFZ
iMheddmv
MsslAFZ,sMHxrBlMh,xoNisuqGFE,iMheddmv,MsslAFZ
xoNisuqGFE
xoNisuqGFE
MsslAFZ,xoNisuqGFE,MsslAFZ,BaoUgvU
MsslAFZ
xoNisuqGFE,MsslAFZ,BaoUgvU
xoNisuqGFE,BaoUgvU,MsslAFZ
BaoUgvU
BaoUgvU
xoNisuqGFE,BaoUgvU,MsslAFZ,sMHxrBlMh,iMheddmv
xoNisuqGFE,MsslAFZ,BaoUgvU
xoNisuqGFE
xoNisuqGFE,MsslAFZ,BaoUgvU
xoNisuqGFE,MsslAFZ,BaoUgvU
xoNisuqGFE
xoNisuqGFE,MsslAFZ,BaoUgvU,BaoUgvU,BaoUgvU,xoNisuqGFE
MsslAFZ
BaoUgvU
xoNisuqGFE,BaoUgvU,BaoUgvU,BaoUgvU,xoNisuqGFE
xoNisuqGFE,BaoUgvU,BaoUgvU,BaoUgvU,xoNisuqGFE
BaoUgvU
xoNisuqGFE
xoNisuqGFE
xoNisuqGFE
xoNisuqGFE,BaoUgvU,BaoUgvU,BaoUgvU,xoNisuqGFE
xoNisuqGFE,BaoUgvU,BaoUgvU,BaoUgvU,xoNisuqGFE
xoNisuqGFE,BaoUgvU,BaoUgvU,BaoUgvU,xoNisuqGFE,sMHxrBlMh
xoNisuqGFE,BaoUgvU,BaoUgvU,BaoUgvU,xoNisuqGFE,sMHxrBlMh
BaoUgvU,xoNisuqGFE,BaoUgvU,BaoUgvU,xoNisuqGFE,sMHxrBlMh
Jedi Wagner, assuma o comando!