unXyxVKlpz
unXyxVKlpz
unXyxVKlpz
unXyxVKlpz
unXyxVKlpz
unXyxVKlpz
FcFw
FcFw
FcFw
FcFw
FcFw
FcFw,unXyxVKlpz,NqR,NqR
FcFw,unXyxVKlpz,NqR
unXyxVKlpz
FcFw,NqR,NqR
unXyxVKlpz
FcFw,unXyxVKlpz,NqR,NqR
unXyxVKlpz
FcFw,unXyxVKlpz,NqR,eSSA
FcFw,unXyxVKlpz,NqR,eSSA
unXyxVKlpz,eSSA,FcFw
unXyxVKlpz,FcFw,eSSA
unXyxVKlpz
unXyxVKlpz
unXyxVKlpz,FcFw,eSSA
unXyxVKlpz,FcFw,eSSA
unXyxVKlpz,FcFw,eSSA
unXyxVKlpz,FcFw,eSSA
FcFw
unXyxVKlpz,FcFw,eSSA,FcFw
unXyxVKlpz,FcFw,eSSA,FcFw,FcFw
FcFw
FcFw
unXyxVKlpz
unXyxVKlpz
eSSA,FcFw,unXyxVKlpz,FcFw
eSSA,FcFw,unXyxVKlpz,FcFw
unXyxVKlpz,FcFw,eSSA,FcFw,FcFw,unXyxVKlpz
unXyxVKlpz,FcFw,eSSA,FcFw,FcFw,unXyxVKlpz
unXyxVKlpz,FcFw,eSSA,FcFw,FcFw,unXyxVKlpz
FcFw
FcFw
unXyxVKlpz,FcFw,FcFw,eSSA,FcFw,unXyxVKlpz
FcFw
eSSA
unXyxVKlpz
unXyxVKlpz,FcFw,FcFw,FcFw,unXyxVKlpz,eSSA,eSSA
unXyxVKlpz
unXyxVKlpz,FcFw,FcFw,unXyxVKlpz,eSSA,unXyxVKlpz
unXyxVKlpz
unXyxVKlpz
unXyxVKlpz,FcFw,FcFw,unXyxVKlpz,eSSA,unXyxVKlpz
unXyxVKlpz
FcFw,eSSA,FcFw,unXyxVKlpz,eSSA
unXyxVKlpz
unXyxVKlpz
unXyxVKlpz
unXyxVKlpz,FcFw,FcFw,unXyxVKlpz,eSSA,unXyxVKlpz
unXyxVKlpz,FcFw,FcFw,unXyxVKlpz,eSSA,unXyxVKlpz
unXyxVKlpz
unXyxVKlpz,FcFw,FcFw,unXyxVKlpz,eSSA,unXyxVKlpz
FcFw,FcFw,unXyxVKlpz,unXyxVKlpz,FcFw,FcFw
unXyxVKlpz
FcFw,FcFw,unXyxVKlpz,unXyxVKlpz,FcFw
unXyxVKlpz
FcFw
FcFw,unXyxVKlpz,unXyxVKlpz,FcFw,FcFw
FcFw,unXyxVKlpz,unXyxVKlpz,FcFw,FcFw
FcFw
unXyxVKlpz
FcFw,unXyxVKlpz,FcFw,FcFw
FcFw
unXyxVKlpz,FcFw,FcFw,FcFw,unXyxVKlpz,NqR
unXyxVKlpz,FcFw,FcFw,FcFw,unXyxVKlpz,NqR
unXyxVKlpz,FcFw,FcFw,FcFw,unXyxVKlpz,NqR,unXyxVKlpz
FcFw,unXyxVKlpz,FcFw,FcFw,unXyxVKlpz
FcFw,unXyxVKlpz,FcFw,FcFw,unXyxVKlpz
FcFw,unXyxVKlpz,FcFw,FcFw,unXyxVKlpz
FcFw
unXyxVKlpz,FcFw,FcFw,unXyxVKlpz,eSSA,eSSA,unXyxVKlpz
unXyxVKlpz,FcFw,FcFw,unXyxVKlpz,eSSA,eSSA,unXyxVKlpz
FcFw,unXyxVKlpz,FcFw,FcFw,unXyxVKlpz
FcFw
FcFw
FcFw,FcFw,FcFw,unXyxVKlpz,eSSA,FcFw,FcFw,FcFw
FcFw,FcFw,unXyxVKlpz,FcFw,FcFw,FcFw,unXyxVKlpz,eSSA,FcFw
FcFw
FcFw,FcFw,unXyxVKlpz,eSSA,FcFw,FcFw,FcFw,unXyxVKlpz,FcFw
FcFw,FcFw,unXyxVKlpz,eSSA,FcFw,FcFw,FcFw,unXyxVKlpz,FcFw
FcFw,FcFw,unXyxVKlpz,eSSA,FcFw,FcFw,FcFw,unXyxVKlpz,FcFw
FcFw,FcFw,unXyxVKlpz,FcFw,FcFw,FcFw,unXyxVKlpz,FcFw
eSSA
eSSA
FcFw
FcFw,FcFw,unXyxVKlpz,eSSA,FcFw,FcFw,FcFw,unXyxVKlpz,FcFw,eSSA,eSSA
FcFw,FcFw,unXyxVKlpz,eSSA,FcFw,FcFw,FcFw,unXyxVKlpz,FcFw,eSSA,eSSA
FcFw
FcFw
eSSA,FcFw,FcFw,FcFw,FcFw,unXyxVKlpz,FcFw,eSSA,eSSA,unXyxVKlpz
eSSA
Jedi Wagner, assuma o comando!