Toque! Toque, Dijê!
[vazia]
klgT
pfNI
[vazia]
[vazia]
Toque! Toque, Dijê!
[vazia]
pfNI
pfNI
pfNI
ORJtOirt
pfNI,ORJtOirt
ORJtOirt
ORJtOirt,pfNI
ORJtOirt,pfNI
ORJtOirt,pfNI,Nz
ORJtOirt
ORJtOirt
ORJtOirt
pfNI,ORJtOirt
pfNI,ORJtOirt,pfNI
pfNI,ORJtOirt,pfNI,ORJtOirt
ORJtOirt
pfNI,ORJtOirt,pfNI,ORJtOirt,ORJtOirt,ORJtOirt
pfNI,ORJtOirt,pfNI,ORJtOirt,ORJtOirt,ORJtOirt,ORJtOirt
pfNI,ORJtOirt,pfNI,ORJtOirt,ORJtOirt,ORJtOirt,ORJtOirt
pfNI,ORJtOirt,pfNI,ORJtOirt,ORJtOirt,ORJtOirt,ORJtOirt
ORJtOirt
ORJtOirt
pfNI
pfNI,ORJtOirt
pfNI,ORJtOirt
pfNI,ORJtOirt
pfNI
pfNI
pfNI,klgT,pfNI
pfNI
pfNI,klgT,pfNI,klgT
klgT
klgT
klgT
klgT,pfNI,ORJtOirt
klgT,pfNI,ORJtOirt,pfNI,Nz
klgT
klgT
klgT
klgT
pfNI,klgT,pfNI
pfNI,klgT,pfNI
pfNI
pfNI
pfNI,pfNI
pfNI,pfNI
pfNI,pfNI,ORJtOirt
pfNI
pfNI,pfNI,ORJtOirt
pfNI,pfNI
pfNI,pfNI
pfNI
pfNI,pfNI
pfNI,pfNI
pfNI,pfNI,Nz
pfNI
pfNI,ORJtOirt,pfNI,Nz
ORJtOirt
pfNI,pfNI,Nz,Nz
Nz
Nz,pfNI,Nz
pfNI,Nz,klgT
pfNI
Nz
Nz
Nz
Nz,klgT
pfNI,Nz,klgT
pfNI,klgT
klgT
pfNI,Nz,klgT
pfNI
pfNI
pfNI
pfNI,Nz,klgT,Nz,Nz,Nz
pfNI,Nz,klgT,Nz,Nz,Nz,ORJtOirt
Nz
Nz,pfNI,klgT,Nz,Nz,Nz
pfNI,Nz,klgT,Nz,Nz,Nz
Nz
Nz
pfNI,Nz,klgT,Nz,Nz,Nz,ORJtOirt
Nz
Nz
pfNI,Nz,Nz,Nz,Nz,ORJtOirt
pfNI,Nz,Nz,Nz,Nz,ORJtOirt
Nz
pfNI,Nz,Nz,Nz,ORJtOirt,Nz
Jedi Wagner, assuma o comando!