[vazia]
Toque! Toque, Dijê!
Toque! Toque, Dijê!
[vazia]
znIj,d
znIj,QLnB
[vazia]
Toque! Toque, Dijê!
QLnB
QLnB
Toque! Toque, Dijê!
[vazia]
Toque! Toque, Dijê!
[vazia]
[vazia]
[vazia]
[vazia]
nuo
nuo,d
nuo,d
nuo
nuo
nuo
B
nuo
nuo
nuo
nuo,B,znIj
nuo
znIj,nuo,B,B
znIj,nuo,B,B
znIj,nuo,B,B
znIj,nuo,B,B
znIj,nuo,B,B
znIj
znIj
nuo
nuo,znIj,B,B,B,B,nuo,znIj
B
nuo,znIj,B,B,B,B,nuo,znIj,znIj
znIj,B,B,B,B,nuo,nuo,znIj,znIj,nuo,nuo
znIj,B,B,B,B,nuo,nuo,znIj,znIj,nuo,nuo
nuo,B,B,B,B,znIj,nuo,znIj,znIj,nuo,nuo,B,d
B
nuo,B,B,B,B,znIj,nuo,znIj,znIj,nuo,nuo,B
nuo,B,B,B,B,znIj,nuo,znIj,znIj,nuo,nuo,B,QLnB
nuo,B,B,B,znIj,nuo,znIj,znIj,nuo,nuo,B,QLnB,d,znIj
nuo,B,B,B,znIj,nuo,znIj,znIj,nuo,nuo,B,QLnB,d,znIj
nuo
nuo,B,B,znIj,QLnB,nuo,znIj,znIj,nuo,nuo,B,d,d
d
nuo,B,B,QLnB,d,nuo,znIj,znIj,nuo,nuo,B,d,B,znIj
nuo
B
QLnB,d,nuo,B,B,nuo,znIj,nuo,nuo,B,d,B,znIj,nuo,nuo
nuo
QLnB,d,B,B,nuo,znIj,nuo,nuo,B,d,B,znIj,nuo,nuo
QLnB,d,B,B,nuo,znIj,nuo,nuo,B,d,B,znIj,nuo,nuo,QLnB
QLnB,d,B,B,nuo,znIj,nuo,nuo,B,d,B,znIj,nuo,nuo,QLnB
QLnB,B,B,nuo,znIj,nuo,d,nuo,B,d,B,znIj,nuo,nuo,QLnB
QLnB,B,B,nuo,znIj,nuo,d,nuo,B,d,B,znIj,nuo,nuo,QLnB
nuo
nuo
nuo
d,B,B,nuo,znIj,nuo,QLnB,nuo,nuo,B,d,B,znIj,nuo,nuo
nuo
QLnB,d,nuo,B,B,nuo,znIj,nuo,nuo,B,d,B,znIj,nuo,nuo
znIj
QLnB,d,nuo,B,B,nuo,nuo,nuo,B,znIj,d,B,znIj,nuo,nuo,nuo
d
nuo,B,B,nuo,nuo,nuo,B,znIj,QLnB,d,B,znIj,nuo,nuo,nuo
nuo,B,B,nuo,nuo,nuo,B,znIj,QLnB,d,B,znIj,nuo,nuo,nuo
nuo,B,nuo,nuo,nuo,B,znIj,QLnB,B,d,B,znIj,nuo,nuo,nuo
Jedi Wagner, assuma o comando!