tCpbzqxRDm
tCpbzqxRDm,nHasSLg,tCpbzqxRDm
tCpbzqxRDm,nHasSLg,tCpbzqxRDm
nHasSLg
nHasSLg
tCpbzqxRDm,nHasSLg,tCpbzqxRDm
tCpbzqxRDm,nHasSLg,tCpbzqxRDm
nHasSLg
tCpbzqxRDm,tCpbzqxRDm,nHasSLg,fmYLuz,nHasSLg
tCpbzqxRDm,tCpbzqxRDm,nHasSLg,fmYLuz,nHasSLg
nHasSLg
tCpbzqxRDm,tCpbzqxRDm,nHasSLg,fmYLuz,nHasSLg
nHasSLg
tCpbzqxRDm,tCpbzqxRDm,nHasSLg,fmYLuz,nHasSLg
nHasSLg
nHasSLg
nHasSLg
nHasSLg
nHasSLg
tCpbzqxRDm
nHasSLg
nHasSLg,tCpbzqxRDm,tCpbzqxRDm,nHasSLg,tCpbzqxRDm,tCpbzqxRDm,fmYLuz,fmYLuz
fmYLuz
tCpbzqxRDm,tCpbzqxRDm,tCpbzqxRDm,tCpbzqxRDm,nHasSLg,fmYLuz,fmYLuz,fmYLuz
fmYLuz
tCpbzqxRDm,tCpbzqxRDm,tCpbzqxRDm,tCpbzqxRDm,fmYLuz,fmYLuz,fmYLuz,fmYLuz,fmYLuz
fmYLuz
tCpbzqxRDm,tCpbzqxRDm,tCpbzqxRDm,tCpbzqxRDm,fmYLuz,fmYLuz,fmYLuz,fmYLuz
tCpbzqxRDm,tCpbzqxRDm,tCpbzqxRDm,tCpbzqxRDm,fmYLuz,fmYLuz,fmYLuz,fmYLuz,fmYLuz
tCpbzqxRDm,tCpbzqxRDm,tCpbzqxRDm,tCpbzqxRDm,fmYLuz,fmYLuz,fmYLuz,fmYLuz
tCpbzqxRDm,tCpbzqxRDm,tCpbzqxRDm,fmYLuz,fmYLuz,fmYLuz,fmYLuz,tCpbzqxRDm,fmYLuz,fmYLuz
fmYLuz
fmYLuz
fmYLuz,fmYLuz,fmYLuz,fmYLuz,tCpbzqxRDm,tCpbzqxRDm,fmYLuz,fmYLuz,nHasSLg
tCpbzqxRDm
fmYLuz,fmYLuz,fmYLuz,fmYLuz,tCpbzqxRDm,tCpbzqxRDm,fmYLuz,fmYLuz
fmYLuz,fmYLuz,fmYLuz,fmYLuz,tCpbzqxRDm,fmYLuz,fmYLuz
fmYLuz
fmYLuz,fmYLuz,fmYLuz,fmYLuz,fmYLuz,fmYLuz
fmYLuz
fmYLuz
fmYLuz
fmYLuz
fmYLuz
fmYLuz
fmYLuz
fmYLuz,fmYLuz,fmYLuz,fmYLuz,fmYLuz,fmYLuz,tCpbzqxRDm,fmYLuz
fmYLuz
fmYLuz
fmYLuz,fmYLuz,fmYLuz,fmYLuz,fmYLuz,tCpbzqxRDm,fmYLuz,nHasSLg,tCpbzqxRDm
fmYLuz,fmYLuz,fmYLuz,tCpbzqxRDm,fmYLuz,fmYLuz,fmYLuz,nHasSLg,tCpbzqxRDm,fmYLuz
fmYLuz,fmYLuz,fmYLuz,tCpbzqxRDm,fmYLuz,fmYLuz,fmYLuz,nHasSLg,tCpbzqxRDm,fmYLuz,fmYLuz
fmYLuz,fmYLuz,tCpbzqxRDm,fmYLuz,fmYLuz,fmYLuz,fmYLuz,nHasSLg,tCpbzqxRDm,fmYLuz,fmYLuz
fmYLuz
fmYLuz,tCpbzqxRDm,fmYLuz,fmYLuz,fmYLuz,fmYLuz,fmYLuz,nHasSLg,tCpbzqxRDm,fmYLuz,fmYLuz,fmYLuz,tCpbzqxRDm
fmYLuz
fmYLuz,tCpbzqxRDm,nHasSLg,fmYLuz,fmYLuz,fmYLuz,fmYLuz,fmYLuz,fmYLuz,fmYLuz,fmYLuz,tCpbzqxRDm
fmYLuz
fmYLuz
fmYLuz
tCpbzqxRDm,fmYLuz,fmYLuz,fmYLuz,fmYLuz,fmYLuz,fmYLuz,fmYLuz,fmYLuz,fmYLuz,tCpbzqxRDm,nHasSLg,tCpbzqxRDm
fmYLuz
nHasSLg
nHasSLg
nHasSLg,fmYLuz,fmYLuz,fmYLuz,fmYLuz,fmYLuz,fmYLuz,fmYLuz,fmYLuz,tCpbzqxRDm,tCpbzqxRDm,tCpbzqxRDm,fmYLuz,tCpbzqxRDm,fmYLuz
fmYLuz
fmYLuz,fmYLuz,fmYLuz,fmYLuz,fmYLuz,fmYLuz,fmYLuz,fmYLuz,tCpbzqxRDm,tCpbzqxRDm,fmYLuz,tCpbzqxRDm,fmYLuz,tCpbzqxRDm,fmYLuz
fmYLuz,fmYLuz,fmYLuz,fmYLuz,fmYLuz,fmYLuz,fmYLuz,fmYLuz,tCpbzqxRDm,tCpbzqxRDm,fmYLuz,tCpbzqxRDm,fmYLuz,tCpbzqxRDm,fmYLuz
nHasSLg,fmYLuz,fmYLuz,fmYLuz,fmYLuz,fmYLuz,fmYLuz,fmYLuz,fmYLuz,tCpbzqxRDm,tCpbzqxRDm,tCpbzqxRDm,fmYLuz,tCpbzqxRDm,fmYLuz,tCpbzqxRDm,fmYLuz
nHasSLg,fmYLuz,fmYLuz,fmYLuz,fmYLuz,fmYLuz,fmYLuz,fmYLuz,fmYLuz,tCpbzqxRDm,tCpbzqxRDm,tCpbzqxRDm,fmYLuz,tCpbzqxRDm,fmYLuz,tCpbzqxRDm,fmYLuz
fmYLuz
nHasSLg,fmYLuz,fmYLuz,fmYLuz,fmYLuz,fmYLuz,fmYLuz,fmYLuz,tCpbzqxRDm,tCpbzqxRDm,tCpbzqxRDm,fmYLuz,tCpbzqxRDm,fmYLuz,tCpbzqxRDm,fmYLuz,nHasSLg,tCpbzqxRDm
nHasSLg,fmYLuz,fmYLuz,fmYLuz,fmYLuz,fmYLuz,fmYLuz,fmYLuz,tCpbzqxRDm,tCpbzqxRDm,tCpbzqxRDm,fmYLuz,tCpbzqxRDm,fmYLuz,tCpbzqxRDm,fmYLuz,nHasSLg,tCpbzqxRDm
nHasSLg,fmYLuz,fmYLuz,fmYLuz,fmYLuz,fmYLuz,fmYLuz,fmYLuz,tCpbzqxRDm,tCpbzqxRDm,tCpbzqxRDm,fmYLuz,tCpbzqxRDm,fmYLuz,tCpbzqxRDm,fmYLuz,nHasSLg,tCpbzqxRDm
fmYLuz
fmYLuz,fmYLuz,fmYLuz,fmYLuz,fmYLuz,fmYLuz,fmYLuz,tCpbzqxRDm,tCpbzqxRDm,tCpbzqxRDm,fmYLuz,tCpbzqxRDm,fmYLuz,tCpbzqxRDm,fmYLuz,nHasSLg,tCpbzqxRDm
fmYLuz,fmYLuz,fmYLuz,fmYLuz,fmYLuz,fmYLuz,fmYLuz,tCpbzqxRDm,tCpbzqxRDm,tCpbzqxRDm,fmYLuz,tCpbzqxRDm,fmYLuz,tCpbzqxRDm,fmYLuz,nHasSLg,tCpbzqxRDm,fmYLuz
nHasSLg
nHasSLg
nHasSLg
tCpbzqxRDm,fmYLuz,fmYLuz,fmYLuz,fmYLuz,fmYLuz,fmYLuz,fmYLuz,tCpbzqxRDm,tCpbzqxRDm,fmYLuz,tCpbzqxRDm,fmYLuz,tCpbzqxRDm,fmYLuz,nHasSLg,tCpbzqxRDm,fmYLuz
nHasSLg,tCpbzqxRDm,fmYLuz,fmYLuz,fmYLuz,fmYLuz,fmYLuz,fmYLuz,fmYLuz,tCpbzqxRDm,tCpbzqxRDm,fmYLuz,tCpbzqxRDm,fmYLuz,tCpbzqxRDm,fmYLuz,tCpbzqxRDm,fmYLuz
nHasSLg
fmYLuz
fmYLuz,tCpbzqxRDm,nHasSLg,fmYLuz,fmYLuz,fmYLuz,fmYLuz,fmYLuz,fmYLuz,tCpbzqxRDm,tCpbzqxRDm,fmYLuz,tCpbzqxRDm,fmYLuz,tCpbzqxRDm,fmYLuz,tCpbzqxRDm,fmYLuz,tCpbzqxRDm
fmYLuz,nHasSLg,fmYLuz,fmYLuz,fmYLuz,fmYLuz,fmYLuz,fmYLuz,tCpbzqxRDm,tCpbzqxRDm,fmYLuz,tCpbzqxRDm,fmYLuz,tCpbzqxRDm,fmYLuz,tCpbzqxRDm,fmYLuz,tCpbzqxRDm
tCpbzqxRDm,nHasSLg,fmYLuz,fmYLuz,fmYLuz,fmYLuz,fmYLuz,fmYLuz,tCpbzqxRDm,fmYLuz,tCpbzqxRDm,fmYLuz,tCpbzqxRDm,fmYLuz,tCpbzqxRDm,fmYLuz,tCpbzqxRDm,fmYLuz,tCpbzqxRDm
fmYLuz
nHasSLg
tCpbzqxRDm,nHasSLg,fmYLuz,fmYLuz,fmYLuz,fmYLuz,fmYLuz,fmYLuz,fmYLuz,fmYLuz,tCpbzqxRDm,tCpbzqxRDm,fmYLuz,tCpbzqxRDm,fmYLuz,tCpbzqxRDm,fmYLuz,tCpbzqxRDm
fmYLuz
tCpbzqxRDm
tCpbzqxRDm
fmYLuz,tCpbzqxRDm,fmYLuz,fmYLuz,fmYLuz,fmYLuz,fmYLuz,fmYLuz,fmYLuz,tCpbzqxRDm,tCpbzqxRDm,fmYLuz,tCpbzqxRDm,fmYLuz,tCpbzqxRDm,fmYLuz,tCpbzqxRDm
fmYLuz,tCpbzqxRDm,fmYLuz,fmYLuz,fmYLuz,fmYLuz,fmYLuz,fmYLuz,fmYLuz,tCpbzqxRDm,tCpbzqxRDm,fmYLuz,tCpbzqxRDm,fmYLuz,tCpbzqxRDm,fmYLuz,tCpbzqxRDm
tCpbzqxRDm,fmYLuz,fmYLuz,fmYLuz,fmYLuz,fmYLuz,fmYLuz,fmYLuz,fmYLuz,tCpbzqxRDm,tCpbzqxRDm,fmYLuz,tCpbzqxRDm,fmYLuz,tCpbzqxRDm,fmYLuz,tCpbzqxRDm
fmYLuz
fmYLuz,fmYLuz,fmYLuz,fmYLuz,fmYLuz,fmYLuz,fmYLuz,fmYLuz,tCpbzqxRDm,tCpbzqxRDm,fmYLuz,tCpbzqxRDm,fmYLuz,tCpbzqxRDm,fmYLuz,tCpbzqxRDm
fmYLuz
fmYLuz,fmYLuz,fmYLuz,fmYLuz,fmYLuz,fmYLuz,fmYLuz,fmYLuz,tCpbzqxRDm,fmYLuz,tCpbzqxRDm,fmYLuz,tCpbzqxRDm,fmYLuz,tCpbzqxRDm
fmYLuz
fmYLuz
fmYLuz,tCpbzqxRDm,fmYLuz,fmYLuz,fmYLuz,fmYLuz,fmYLuz,fmYLuz,fmYLuz,fmYLuz,tCpbzqxRDm,fmYLuz,tCpbzqxRDm,fmYLuz,tCpbzqxRDm,fmYLuz
fmYLuz,tCpbzqxRDm,fmYLuz,fmYLuz,fmYLuz,fmYLuz,fmYLuz,fmYLuz,fmYLuz,fmYLuz,tCpbzqxRDm,fmYLuz,tCpbzqxRDm,fmYLuz,tCpbzqxRDm,fmYLuz
fmYLuz,tCpbzqxRDm,fmYLuz,fmYLuz,fmYLuz,fmYLuz,fmYLuz,fmYLuz,fmYLuz,fmYLuz,tCpbzqxRDm,fmYLuz,tCpbzqxRDm,fmYLuz,tCpbzqxRDm,fmYLuz
fmYLuz,tCpbzqxRDm,fmYLuz,fmYLuz,fmYLuz,fmYLuz,fmYLuz,fmYLuz,fmYLuz,fmYLuz,tCpbzqxRDm,fmYLuz,tCpbzqxRDm,fmYLuz,tCpbzqxRDm,fmYLuz
fmYLuz,tCpbzqxRDm,fmYLuz,fmYLuz,fmYLuz,fmYLuz,fmYLuz,fmYLuz,fmYLuz,fmYLuz,tCpbzqxRDm,fmYLuz,tCpbzqxRDm,fmYLuz,tCpbzqxRDm,fmYLuz
fmYLuz
tCpbzqxRDm,fmYLuz,fmYLuz,fmYLuz,fmYLuz,fmYLuz,fmYLuz,fmYLuz,fmYLuz,fmYLuz,tCpbzqxRDm,fmYLuz,tCpbzqxRDm,fmYLuz,tCpbzqxRDm,fmYLuz
tCpbzqxRDm,fmYLuz,fmYLuz,fmYLuz,fmYLuz,fmYLuz,fmYLuz,fmYLuz,fmYLuz,fmYLuz,tCpbzqxRDm,fmYLuz,tCpbzqxRDm,fmYLuz,tCpbzqxRDm,fmYLuz
fmYLuz,fmYLuz,fmYLuz,fmYLuz,fmYLuz,fmYLuz,fmYLuz,fmYLuz,fmYLuz,tCpbzqxRDm,fmYLuz,tCpbzqxRDm,fmYLuz,tCpbzqxRDm
fmYLuz,fmYLuz,fmYLuz,fmYLuz,fmYLuz,fmYLuz,fmYLuz,fmYLuz,fmYLuz,tCpbzqxRDm,fmYLuz,tCpbzqxRDm,fmYLuz,tCpbzqxRDm
fmYLuz
fmYLuz,fmYLuz,fmYLuz,fmYLuz,fmYLuz,fmYLuz,fmYLuz,fmYLuz,fmYLuz,tCpbzqxRDm,fmYLuz,tCpbzqxRDm,fmYLuz,tCpbzqxRDm
fmYLuz
fmYLuz,tCpbzqxRDm,fmYLuz,fmYLuz,fmYLuz,fmYLuz,fmYLuz,fmYLuz,fmYLuz,fmYLuz,tCpbzqxRDm,fmYLuz,tCpbzqxRDm,fmYLuz,tCpbzqxRDm
tCpbzqxRDm
fmYLuz,tCpbzqxRDm,fmYLuz,fmYLuz,fmYLuz,fmYLuz,fmYLuz,fmYLuz,fmYLuz,fmYLuz,tCpbzqxRDm,fmYLuz,tCpbzqxRDm,fmYLuz,tCpbzqxRDm
fmYLuz,tCpbzqxRDm,fmYLuz,fmYLuz,fmYLuz,fmYLuz,fmYLuz,fmYLuz,fmYLuz,fmYLuz,tCpbzqxRDm,fmYLuz,tCpbzqxRDm,fmYLuz,tCpbzqxRDm
fmYLuz,tCpbzqxRDm,fmYLuz,fmYLuz,fmYLuz,fmYLuz,fmYLuz,fmYLuz,fmYLuz,fmYLuz,tCpbzqxRDm,fmYLuz,tCpbzqxRDm,fmYLuz,tCpbzqxRDm
tCpbzqxRDm
fmYLuz,tCpbzqxRDm,fmYLuz,fmYLuz,fmYLuz,fmYLuz,fmYLuz,fmYLuz,fmYLuz,fmYLuz,tCpbzqxRDm,fmYLuz,tCpbzqxRDm,fmYLuz,tCpbzqxRDm
fmYLuz,fmYLuz,fmYLuz,fmYLuz,fmYLuz,fmYLuz,fmYLuz,fmYLuz,fmYLuz,tCpbzqxRDm,fmYLuz,tCpbzqxRDm,fmYLuz,tCpbzqxRDm
fmYLuz,fmYLuz,fmYLuz,fmYLuz,fmYLuz,fmYLuz,fmYLuz,fmYLuz,tCpbzqxRDm,fmYLuz,tCpbzqxRDm,fmYLuz,tCpbzqxRDm,fmYLuz,tCpbzqxRDm
fmYLuz
fmYLuz,fmYLuz,fmYLuz,fmYLuz,fmYLuz,fmYLuz,fmYLuz,fmYLuz,tCpbzqxRDm,fmYLuz,tCpbzqxRDm,fmYLuz,tCpbzqxRDm,fmYLuz,tCpbzqxRDm
fmYLuz
fmYLuz
fmYLuz
fmYLuz,fmYLuz,fmYLuz,fmYLuz,fmYLuz,fmYLuz,fmYLuz,fmYLuz,tCpbzqxRDm,fmYLuz,tCpbzqxRDm,fmYLuz,tCpbzqxRDm,fmYLuz,tCpbzqxRDm
fmYLuz
fmYLuz,fmYLuz,fmYLuz,fmYLuz,fmYLuz,fmYLuz,fmYLuz,tCpbzqxRDm,fmYLuz,tCpbzqxRDm,fmYLuz,tCpbzqxRDm,fmYLuz,tCpbzqxRDm
fmYLuz,fmYLuz,fmYLuz,fmYLuz,fmYLuz,fmYLuz,fmYLuz,tCpbzqxRDm,fmYLuz,tCpbzqxRDm,fmYLuz,tCpbzqxRDm,fmYLuz,tCpbzqxRDm
fmYLuz
fmYLuz
fmYLuz,fmYLuz,fmYLuz,fmYLuz,fmYLuz,fmYLuz,fmYLuz,tCpbzqxRDm,fmYLuz,tCpbzqxRDm,fmYLuz,tCpbzqxRDm,tCpbzqxRDm,fmYLuz,nHasSLg
fmYLuz,fmYLuz,fmYLuz,fmYLuz,fmYLuz,fmYLuz,fmYLuz,tCpbzqxRDm,fmYLuz,tCpbzqxRDm,fmYLuz,tCpbzqxRDm,tCpbzqxRDm,fmYLuz,nHasSLg
fmYLuz
fmYLuz,fmYLuz,fmYLuz,fmYLuz,fmYLuz,fmYLuz,fmYLuz,tCpbzqxRDm,fmYLuz,tCpbzqxRDm,fmYLuz,tCpbzqxRDm,tCpbzqxRDm,fmYLuz
fmYLuz
tCpbzqxRDm
fmYLuz,fmYLuz,fmYLuz,tCpbzqxRDm,fmYLuz,fmYLuz,fmYLuz,fmYLuz,tCpbzqxRDm,fmYLuz,tCpbzqxRDm,tCpbzqxRDm,fmYLuz
fmYLuz,fmYLuz,fmYLuz,tCpbzqxRDm,fmYLuz,fmYLuz,fmYLuz,fmYLuz,tCpbzqxRDm,fmYLuz,tCpbzqxRDm,tCpbzqxRDm,fmYLuz
fmYLuz,fmYLuz,fmYLuz,tCpbzqxRDm,fmYLuz,fmYLuz,fmYLuz,fmYLuz,tCpbzqxRDm,fmYLuz,tCpbzqxRDm,tCpbzqxRDm,fmYLuz
fmYLuz,fmYLuz,fmYLuz,tCpbzqxRDm,fmYLuz,fmYLuz,fmYLuz,fmYLuz,tCpbzqxRDm,fmYLuz,tCpbzqxRDm,tCpbzqxRDm,fmYLuz
fmYLuz,fmYLuz,fmYLuz,tCpbzqxRDm,fmYLuz,fmYLuz,fmYLuz,fmYLuz,tCpbzqxRDm,fmYLuz,tCpbzqxRDm,tCpbzqxRDm,fmYLuz
fmYLuz,fmYLuz,fmYLuz,fmYLuz,fmYLuz,fmYLuz,fmYLuz,tCpbzqxRDm,fmYLuz,tCpbzqxRDm,tCpbzqxRDm,fmYLuz
fmYLuz,fmYLuz,fmYLuz,fmYLuz,fmYLuz,fmYLuz,fmYLuz,fmYLuz,tCpbzqxRDm,tCpbzqxRDm,fmYLuz
fmYLuz
fmYLuz
fmYLuz
fmYLuz,fmYLuz,fmYLuz,fmYLuz,fmYLuz,fmYLuz,fmYLuz,fmYLuz,tCpbzqxRDm,tCpbzqxRDm,fmYLuz,tCpbzqxRDm,tCpbzqxRDm,tCpbzqxRDm
fmYLuz
fmYLuz
fmYLuz,fmYLuz,fmYLuz,fmYLuz,fmYLuz,fmYLuz,fmYLuz,tCpbzqxRDm,fmYLuz,tCpbzqxRDm,fmYLuz,fmYLuz
fmYLuz
fmYLuz
fmYLuz
fmYLuz,fmYLuz,fmYLuz,fmYLuz,fmYLuz,fmYLuz,fmYLuz,fmYLuz,tCpbzqxRDm,tCpbzqxRDm,fmYLuz,fmYLuz,fmYLuz
fmYLuz,fmYLuz,fmYLuz,fmYLuz,fmYLuz,fmYLuz,fmYLuz,tCpbzqxRDm,tCpbzqxRDm,fmYLuz,fmYLuz,fmYLuz,tCpbzqxRDm
fmYLuz
fmYLuz,fmYLuz,fmYLuz,fmYLuz,fmYLuz,fmYLuz,fmYLuz,tCpbzqxRDm,tCpbzqxRDm,fmYLuz,fmYLuz,fmYLuz,tCpbzqxRDm
fmYLuz
fmYLuz
fmYLuz
fmYLuz,fmYLuz,fmYLuz,fmYLuz,fmYLuz,fmYLuz,tCpbzqxRDm,tCpbzqxRDm,fmYLuz,fmYLuz,fmYLuz,tCpbzqxRDm,tCpbzqxRDm
fmYLuz
fmYLuz
fmYLuz
fmYLuz
fmYLuz
fmYLuz
fmYLuz
fmYLuz,fmYLuz,fmYLuz,fmYLuz,fmYLuz,tCpbzqxRDm,tCpbzqxRDm,fmYLuz,fmYLuz,fmYLuz,tCpbzqxRDm,tCpbzqxRDm,tCpbzqxRDm
tCpbzqxRDm
tCpbzqxRDm
tCpbzqxRDm
fmYLuz,fmYLuz,fmYLuz,fmYLuz,tCpbzqxRDm,tCpbzqxRDm,fmYLuz,fmYLuz,fmYLuz,tCpbzqxRDm,tCpbzqxRDm,tCpbzqxRDm,fmYLuz
fmYLuz,fmYLuz,fmYLuz,fmYLuz,tCpbzqxRDm,tCpbzqxRDm,fmYLuz,fmYLuz,fmYLuz,tCpbzqxRDm,tCpbzqxRDm,tCpbzqxRDm,fmYLuz
fmYLuz,fmYLuz,fmYLuz,fmYLuz,tCpbzqxRDm,fmYLuz,fmYLuz,fmYLuz,tCpbzqxRDm,tCpbzqxRDm,tCpbzqxRDm,fmYLuz
tCpbzqxRDm
tCpbzqxRDm
fmYLuz,fmYLuz,fmYLuz,fmYLuz,tCpbzqxRDm,fmYLuz,fmYLuz,fmYLuz,tCpbzqxRDm,tCpbzqxRDm,tCpbzqxRDm,fmYLuz,fmYLuz,fmYLuz
tCpbzqxRDm
fmYLuz,fmYLuz,fmYLuz,fmYLuz,tCpbzqxRDm,fmYLuz,fmYLuz,fmYLuz,tCpbzqxRDm,tCpbzqxRDm,tCpbzqxRDm,fmYLuz,fmYLuz,nHasSLg
tCpbzqxRDm
tCpbzqxRDm
fmYLuz,fmYLuz,fmYLuz,tCpbzqxRDm,fmYLuz,fmYLuz,fmYLuz,tCpbzqxRDm,tCpbzqxRDm,tCpbzqxRDm,fmYLuz,fmYLuz,tCpbzqxRDm
tCpbzqxRDm
fmYLuz
tCpbzqxRDm
tCpbzqxRDm
tCpbzqxRDm,fmYLuz,fmYLuz,tCpbzqxRDm,fmYLuz,tCpbzqxRDm,tCpbzqxRDm,tCpbzqxRDm,fmYLuz,fmYLuz,tCpbzqxRDm,nHasSLg,nHasSLg,fmYLuz,fmYLuz
tCpbzqxRDm,fmYLuz,fmYLuz,tCpbzqxRDm,fmYLuz,tCpbzqxRDm,tCpbzqxRDm,tCpbzqxRDm,fmYLuz,fmYLuz,tCpbzqxRDm,nHasSLg,nHasSLg,fmYLuz,fmYLuz
tCpbzqxRDm,fmYLuz,fmYLuz,tCpbzqxRDm,fmYLuz,tCpbzqxRDm,tCpbzqxRDm,tCpbzqxRDm,fmYLuz,fmYLuz,tCpbzqxRDm,nHasSLg,nHasSLg,fmYLuz,fmYLuz,tCpbzqxRDm
tCpbzqxRDm
tCpbzqxRDm,fmYLuz,fmYLuz,tCpbzqxRDm,fmYLuz,tCpbzqxRDm,tCpbzqxRDm,tCpbzqxRDm,fmYLuz,fmYLuz,tCpbzqxRDm,nHasSLg,nHasSLg,fmYLuz,fmYLuz
fmYLuz,fmYLuz,tCpbzqxRDm,fmYLuz,tCpbzqxRDm,tCpbzqxRDm,tCpbzqxRDm,fmYLuz,fmYLuz,tCpbzqxRDm,nHasSLg,nHasSLg,fmYLuz,fmYLuz
fmYLuz,fmYLuz,tCpbzqxRDm,fmYLuz,tCpbzqxRDm,tCpbzqxRDm,tCpbzqxRDm,fmYLuz,fmYLuz,tCpbzqxRDm,nHasSLg,nHasSLg,fmYLuz,fmYLuz
tCpbzqxRDm
tCpbzqxRDm
Jedi Wagner, assuma o comando!