Toque! Toque, Dijê!
Toque! Toque, Dijê!
[vazia]
Toque! Toque, Dijê!
[vazia]
[vazia]
[vazia]
[vazia]
rSVuRpM
rSVuRpM
rSVuRpM
rSVuRpM
rSVuRpM,q
rSVuRpM,q
wKMmeuDbXn
wKMmeuDbXn,q,rSVuRpM,f
wKMmeuDbXn
wKMmeuDbXn
wKMmeuDbXn,q,rSVuRpM,f,HUGqds
wKMmeuDbXn,q,rSVuRpM,f,HUGqds,rSVuRpM
rSVuRpM,wKMmeuDbXn
rSVuRpM
Toque! Toque, Dijê!
[vazia]
f
f
f
[vazia]
Toque! Toque, Dijê!
Toque! Toque, Dijê!
[vazia]
Toque! Toque, Dijê!
[vazia]
[vazia]
rSVuRpM
rSVuRpM,HUGqds,rSVuRpM
HUGqds
HUGqds,rSVuRpM,HUGqds,HUGqds
HUGqds,rSVuRpM,HUGqds,HUGqds
HUGqds
HUGqds,HUGqds,rSVuRpM,HUGqds,rSVuRpM
rSVuRpM
HUGqds,HUGqds,rSVuRpM,HUGqds,rSVuRpM
rSVuRpM
rSVuRpM
rSVuRpM
HUGqds,rSVuRpM,HUGqds,rSVuRpM
rSVuRpM
rSVuRpM
HUGqds,rSVuRpM,HUGqds,rSVuRpM
rSVuRpM
rSVuRpM
rSVuRpM
HUGqds,HUGqds,rSVuRpM,HUGqds,rSVuRpM,f
HUGqds,HUGqds,rSVuRpM,HUGqds,rSVuRpM
HUGqds,HUGqds,rSVuRpM,HUGqds,rSVuRpM
HUGqds
HUGqds,HUGqds,rSVuRpM,HUGqds,rSVuRpM
HUGqds,HUGqds,rSVuRpM,HUGqds,rSVuRpM
HUGqds
HUGqds,HUGqds,rSVuRpM,HUGqds,rSVuRpM
HUGqds
HUGqds,HUGqds,rSVuRpM,HUGqds,rSVuRpM,NtA,q,NtA
HUGqds,HUGqds,rSVuRpM,HUGqds,rSVuRpM,NtA,q,NtA,rSVuRpM
HUGqds
HUGqds,HUGqds,rSVuRpM,HUGqds,rSVuRpM
HUGqds,HUGqds,rSVuRpM,HUGqds,rSVuRpM
HUGqds
HUGqds,HUGqds,rSVuRpM,HUGqds,rSVuRpM,lgJL
rSVuRpM
rSVuRpM
rSVuRpM
rSVuRpM
rSVuRpM
rSVuRpM
rSVuRpM
HUGqds,HUGqds,rSVuRpM,HUGqds,rSVuRpM,lgJL
HUGqds,HUGqds,rSVuRpM,HUGqds,rSVuRpM,lgJL
lgJL
lgJL
HUGqds,HUGqds,HUGqds,rSVuRpM,lgJL,rSVuRpM
Jedi Wagner, assuma o comando!