Toque! Toque, Dijê!
[vazia]
Toque! Toque, Dijê!
BYilkBmcoZ
BYilkBmcoZ
BYilkBmcoZ
BYilkBmcoZ,uHQtRrDC
BYilkBmcoZ,vqk,uHQtRrDC
BYilkBmcoZ,uHQtRrDC,vqk
BYilkBmcoZ
BYilkBmcoZ
BYilkBmcoZ,uHQtRrDC,vqk,vqk,uHQtRrDC,vqk
BYilkBmcoZ,uHQtRrDC
uHQtRrDC
BYilkBmcoZ,uHQtRrDC,BYilkBmcoZ,BYilkBmcoZ
BYilkBmcoZ
BYilkBmcoZ,uHQtRrDC,BYilkBmcoZ,BYilkBmcoZ
BYilkBmcoZ
BYilkBmcoZ
BYilkBmcoZ
BYilkBmcoZ
BYilkBmcoZ
BYilkBmcoZ,uHQtRrDC,BYilkBmcoZ,BYilkBmcoZ
BYilkBmcoZ
BYilkBmcoZ
BYilkBmcoZ
BYilkBmcoZ,uHQtRrDC,BYilkBmcoZ,BYilkBmcoZ,BYilkBmcoZ,uHQtRrDC,uHQtRrDC
uHQtRrDC
uHQtRrDC
uHQtRrDC
uHQtRrDC
uHQtRrDC
uHQtRrDC,BYilkBmcoZ,BYilkBmcoZ,BYilkBmcoZ,uHQtRrDC,uHQtRrDC,uHQtRrDC
BYilkBmcoZ
uHQtRrDC,BYilkBmcoZ,BYilkBmcoZ,BYilkBmcoZ,uHQtRrDC,uHQtRrDC,uHQtRrDC
BYilkBmcoZ
uHQtRrDC,BYilkBmcoZ,BYilkBmcoZ,BYilkBmcoZ,uHQtRrDC,uHQtRrDC,uHQtRrDC,BYilkBmcoZ
BYilkBmcoZ,uHQtRrDC,BYilkBmcoZ,uHQtRrDC,uHQtRrDC,uHQtRrDC,BYilkBmcoZ,uHQtRrDC,BYilkBmcoZ
BYilkBmcoZ,uHQtRrDC,BYilkBmcoZ,uHQtRrDC,uHQtRrDC,uHQtRrDC,BYilkBmcoZ,uHQtRrDC,BYilkBmcoZ
uHQtRrDC,BYilkBmcoZ,uHQtRrDC,uHQtRrDC,uHQtRrDC,BYilkBmcoZ,uHQtRrDC,BYilkBmcoZ
uHQtRrDC,BYilkBmcoZ,uHQtRrDC,uHQtRrDC,uHQtRrDC,BYilkBmcoZ,uHQtRrDC,BYilkBmcoZ
BYilkBmcoZ
BYilkBmcoZ,BYilkBmcoZ,uHQtRrDC,uHQtRrDC,uHQtRrDC,BYilkBmcoZ,uHQtRrDC,vqk
uHQtRrDC
uHQtRrDC,BYilkBmcoZ,uHQtRrDC,uHQtRrDC,BYilkBmcoZ,uHQtRrDC,vqk
vqk
vqk
uHQtRrDC,vqk,BYilkBmcoZ,uHQtRrDC,uHQtRrDC,BYilkBmcoZ,uHQtRrDC,BYilkBmcoZ,uHQtRrDC
vqk
BYilkBmcoZ
BYilkBmcoZ
uHQtRrDC,uHQtRrDC,BYilkBmcoZ,uHQtRrDC,BYilkBmcoZ,uHQtRrDC,BYilkBmcoZ,BYilkBmcoZ
uHQtRrDC
uHQtRrDC,BYilkBmcoZ,uHQtRrDC,uHQtRrDC,BYilkBmcoZ,uHQtRrDC,BYilkBmcoZ,BYilkBmcoZ
uHQtRrDC,uHQtRrDC,BYilkBmcoZ,BYilkBmcoZ,uHQtRrDC,BYilkBmcoZ,BYilkBmcoZ
uHQtRrDC,BYilkBmcoZ,uHQtRrDC,BYilkBmcoZ,uHQtRrDC,BYilkBmcoZ,BYilkBmcoZ
BYilkBmcoZ
BYilkBmcoZ
uHQtRrDC,BYilkBmcoZ,BYilkBmcoZ,uHQtRrDC,BYilkBmcoZ,BYilkBmcoZ
uHQtRrDC
uHQtRrDC
uHQtRrDC,BYilkBmcoZ,uHQtRrDC,BYilkBmcoZ,uHQtRrDC,BYilkBmcoZ,BYilkBmcoZ,uHQtRrDC,vqk,vqk
BYilkBmcoZ
uHQtRrDC,BYilkBmcoZ,uHQtRrDC,BYilkBmcoZ,uHQtRrDC,BYilkBmcoZ,BYilkBmcoZ,uHQtRrDC,vqk,vqk,uHQtRrDC
uHQtRrDC,BYilkBmcoZ,uHQtRrDC,BYilkBmcoZ,vqk,uHQtRrDC,BYilkBmcoZ,BYilkBmcoZ,uHQtRrDC,vqk,uHQtRrDC
uHQtRrDC,BYilkBmcoZ,uHQtRrDC,BYilkBmcoZ,vqk,uHQtRrDC,BYilkBmcoZ,BYilkBmcoZ,uHQtRrDC,vqk,uHQtRrDC
BYilkBmcoZ
BYilkBmcoZ
BYilkBmcoZ
uHQtRrDC,uHQtRrDC,BYilkBmcoZ,uHQtRrDC,BYilkBmcoZ,BYilkBmcoZ,uHQtRrDC,vqk,vqk,uHQtRrDC,vqk,vqk
uHQtRrDC,uHQtRrDC,BYilkBmcoZ,uHQtRrDC,BYilkBmcoZ,BYilkBmcoZ,uHQtRrDC,vqk,vqk,uHQtRrDC,vqk,vqk,BYilkBmcoZ
uHQtRrDC,uHQtRrDC,BYilkBmcoZ,uHQtRrDC,BYilkBmcoZ,BYilkBmcoZ,uHQtRrDC,vqk,vqk,uHQtRrDC,vqk,vqk,BYilkBmcoZ
BYilkBmcoZ
BYilkBmcoZ
BYilkBmcoZ,uHQtRrDC,BYilkBmcoZ,uHQtRrDC,uHQtRrDC,BYilkBmcoZ,BYilkBmcoZ,vqk
uHQtRrDC
uHQtRrDC
BYilkBmcoZ
BYilkBmcoZ
uHQtRrDC,uHQtRrDC,uHQtRrDC,BYilkBmcoZ,BYilkBmcoZ,uHQtRrDC,BYilkBmcoZ,BYilkBmcoZ,vqk,BYilkBmcoZ
uHQtRrDC,uHQtRrDC,uHQtRrDC,BYilkBmcoZ,BYilkBmcoZ,uHQtRrDC,BYilkBmcoZ,BYilkBmcoZ,vqk,BYilkBmcoZ
BYilkBmcoZ
uHQtRrDC,uHQtRrDC,uHQtRrDC,BYilkBmcoZ,BYilkBmcoZ,uHQtRrDC,BYilkBmcoZ,BYilkBmcoZ,vqk,BYilkBmcoZ,vqk
uHQtRrDC,uHQtRrDC,uHQtRrDC,BYilkBmcoZ,BYilkBmcoZ,uHQtRrDC,BYilkBmcoZ,BYilkBmcoZ,vqk,BYilkBmcoZ,vqk
uHQtRrDC,uHQtRrDC,uHQtRrDC,BYilkBmcoZ,BYilkBmcoZ,uHQtRrDC,BYilkBmcoZ,BYilkBmcoZ,BYilkBmcoZ,vqk
BYilkBmcoZ
uHQtRrDC
uHQtRrDC
uHQtRrDC,uHQtRrDC,BYilkBmcoZ,BYilkBmcoZ,uHQtRrDC,vqk,BYilkBmcoZ,BYilkBmcoZ,BYilkBmcoZ,vqk
uHQtRrDC
uHQtRrDC
uHQtRrDC,uHQtRrDC,uHQtRrDC,BYilkBmcoZ,BYilkBmcoZ,BYilkBmcoZ,vqk
uHQtRrDC,BYilkBmcoZ,uHQtRrDC,BYilkBmcoZ,BYilkBmcoZ,vqk,BYilkBmcoZ
uHQtRrDC,BYilkBmcoZ,uHQtRrDC,BYilkBmcoZ,BYilkBmcoZ,vqk,BYilkBmcoZ
uHQtRrDC,BYilkBmcoZ,uHQtRrDC,BYilkBmcoZ,BYilkBmcoZ,vqk,BYilkBmcoZ
BYilkBmcoZ
BYilkBmcoZ,uHQtRrDC,BYilkBmcoZ,BYilkBmcoZ,vqk,BYilkBmcoZ,BYilkBmcoZ
BYilkBmcoZ,uHQtRrDC,BYilkBmcoZ,BYilkBmcoZ,vqk,BYilkBmcoZ,BYilkBmcoZ
BYilkBmcoZ
BYilkBmcoZ,BYilkBmcoZ,BYilkBmcoZ,BYilkBmcoZ,vqk,vqk,vqk
BYilkBmcoZ,BYilkBmcoZ,BYilkBmcoZ,BYilkBmcoZ,vqk,vqk,vqk
BYilkBmcoZ
BYilkBmcoZ,BYilkBmcoZ,BYilkBmcoZ,BYilkBmcoZ,vqk,vqk,vqk
BYilkBmcoZ
BYilkBmcoZ,BYilkBmcoZ,BYilkBmcoZ,BYilkBmcoZ,vqk,vqk,vqk
BYilkBmcoZ
BYilkBmcoZ
BYilkBmcoZ,BYilkBmcoZ,BYilkBmcoZ,BYilkBmcoZ,vqk,vqk,vqk
BYilkBmcoZ
BYilkBmcoZ
BYilkBmcoZ,BYilkBmcoZ,BYilkBmcoZ,vqk,BYilkBmcoZ,vqk,vqk
BYilkBmcoZ,BYilkBmcoZ,BYilkBmcoZ,vqk,BYilkBmcoZ,vqk,vqk
BYilkBmcoZ
BYilkBmcoZ,BYilkBmcoZ,BYilkBmcoZ,BYilkBmcoZ,vqk,vqk,vqk,BYilkBmcoZ,uHQtRrDC
BYilkBmcoZ
uHQtRrDC
BYilkBmcoZ
BYilkBmcoZ
BYilkBmcoZ
vqk,BYilkBmcoZ,BYilkBmcoZ,BYilkBmcoZ,vqk,vqk,BYilkBmcoZ,vqk
vqk
BYilkBmcoZ,BYilkBmcoZ,vqk,BYilkBmcoZ,vqk,vqk,BYilkBmcoZ,vqk
BYilkBmcoZ,BYilkBmcoZ,vqk,BYilkBmcoZ,vqk,vqk,BYilkBmcoZ,vqk
vqk
BYilkBmcoZ,BYilkBmcoZ,vqk,BYilkBmcoZ,vqk,vqk,BYilkBmcoZ,vqk
BYilkBmcoZ,vqk,BYilkBmcoZ,vqk,vqk,BYilkBmcoZ,vqk
BYilkBmcoZ,vqk,BYilkBmcoZ,vqk,vqk,BYilkBmcoZ,vqk
BYilkBmcoZ,vqk,BYilkBmcoZ,vqk,vqk,BYilkBmcoZ,vqk
BYilkBmcoZ,vqk,BYilkBmcoZ,vqk,vqk,BYilkBmcoZ,vqk
BYilkBmcoZ
BYilkBmcoZ,vqk,BYilkBmcoZ,vqk,vqk,BYilkBmcoZ,vqk,uHQtRrDC
BYilkBmcoZ
BYilkBmcoZ,vqk,BYilkBmcoZ,vqk,vqk,BYilkBmcoZ,vqk,uHQtRrDC
vqk,BYilkBmcoZ,vqk,BYilkBmcoZ,vqk,BYilkBmcoZ,vqk
vqk
BYilkBmcoZ,vqk,BYilkBmcoZ,vqk,vqk,BYilkBmcoZ,vqk
BYilkBmcoZ,vqk,BYilkBmcoZ,vqk,vqk,BYilkBmcoZ,vqk
vqk
vqk
BYilkBmcoZ,BYilkBmcoZ,vqk,vqk,vqk,BYilkBmcoZ,vqk,BYilkBmcoZ,uHQtRrDC
BYilkBmcoZ,BYilkBmcoZ,vqk,vqk,vqk,BYilkBmcoZ,vqk,BYilkBmcoZ,uHQtRrDC
BYilkBmcoZ,vqk,BYilkBmcoZ,vqk,vqk,BYilkBmcoZ,vqk,uHQtRrDC
vqk
vqk,vqk,BYilkBmcoZ,vqk,BYilkBmcoZ,vqk
vqk,BYilkBmcoZ,vqk,BYilkBmcoZ,vqk,BYilkBmcoZ,vqk,uHQtRrDC
BYilkBmcoZ
BYilkBmcoZ,vqk,BYilkBmcoZ,vqk,vqk,BYilkBmcoZ,vqk
BYilkBmcoZ,vqk,BYilkBmcoZ,vqk,vqk,BYilkBmcoZ,vqk,BYilkBmcoZ
BYilkBmcoZ,vqk,BYilkBmcoZ,vqk,BYilkBmcoZ,vqk
vqk,BYilkBmcoZ,vqk,BYilkBmcoZ,vqk,vqk
vqk
vqk
BYilkBmcoZ
BYilkBmcoZ
BYilkBmcoZ,vqk,vqk,BYilkBmcoZ,vqk,vqk
BYilkBmcoZ,vqk,vqk,BYilkBmcoZ,vqk,vqk
BYilkBmcoZ,vqk,vqk,BYilkBmcoZ,vqk,vqk
BYilkBmcoZ,vqk,vqk,BYilkBmcoZ,vqk,vqk
BYilkBmcoZ,vqk,vqk,BYilkBmcoZ,vqk,vqk
vqk
BYilkBmcoZ,vqk,vqk,BYilkBmcoZ,vqk,vqk
vqk,vqk,BYilkBmcoZ,BYilkBmcoZ,vqk,vqk,uHQtRrDC,BYilkBmcoZ
vqk,vqk,BYilkBmcoZ,BYilkBmcoZ,vqk,vqk,uHQtRrDC,BYilkBmcoZ
BYilkBmcoZ
vqk,vqk,BYilkBmcoZ,BYilkBmcoZ,vqk,vqk,uHQtRrDC,BYilkBmcoZ
BYilkBmcoZ,vqk,uHQtRrDC,BYilkBmcoZ,vqk,vqk,BYilkBmcoZ
uHQtRrDC
vqk
BYilkBmcoZ
BYilkBmcoZ
vqk,vqk,BYilkBmcoZ,vqk,vqk,BYilkBmcoZ,BYilkBmcoZ,vqk,vqk
vqk
vqk,vqk,BYilkBmcoZ,vqk,vqk,BYilkBmcoZ,BYilkBmcoZ,vqk,vqk
vqk,vqk,BYilkBmcoZ,vqk,vqk,BYilkBmcoZ,BYilkBmcoZ,vqk,vqk
vqk,vqk,vqk,vqk,BYilkBmcoZ,BYilkBmcoZ,vqk,vqk
vqk
vqk,vqk,vqk,vqk,BYilkBmcoZ,BYilkBmcoZ,vqk,vqk
vqk,vqk,vqk,BYilkBmcoZ,BYilkBmcoZ,vqk,vqk,vqk,BYilkBmcoZ,BYilkBmcoZ
vqk
vqk,vqk,BYilkBmcoZ,BYilkBmcoZ,vqk,vqk,vqk,vqk,BYilkBmcoZ,BYilkBmcoZ,BYilkBmcoZ
vqk,vqk,vqk,BYilkBmcoZ,vqk,vqk,vqk,BYilkBmcoZ,BYilkBmcoZ
vqk,vqk,vqk,BYilkBmcoZ,vqk,vqk,vqk,BYilkBmcoZ,BYilkBmcoZ
vqk
vqk,vqk,vqk,vqk,vqk,vqk,BYilkBmcoZ,BYilkBmcoZ,BYilkBmcoZ
vqk,vqk,vqk,vqk,vqk,vqk,BYilkBmcoZ,BYilkBmcoZ,BYilkBmcoZ
vqk,vqk,vqk,BYilkBmcoZ,vqk,vqk,vqk,BYilkBmcoZ,BYilkBmcoZ,BYilkBmcoZ
Jedi Wagner, assuma o comando!