TslMoooT
TslMoooT
Toque! Toque, Dijê!
TslMoooT
TslMoooT
TslMoooT
TslMoooT
Toque! Toque, Dijê!
[vazia]
[vazia]
hpkAFWREq
hpkAFWREq
hpkAFWREq
hpkAFWREq
Toque! Toque, Dijê!
Toque! Toque, Dijê!
Toque! Toque, Dijê!
Toque! Toque, Dijê!
[vazia]
v
v
v
v
Toque! Toque, Dijê!
[vazia]
[vazia]
v
v
v
v
v,hpkAFWREq,v,hpkAFWREq,v,v
v,hpkAFWREq,v,hpkAFWREq,v,v
v
v
hpkAFWREq
hpkAFWREq
hpkAFWREq,TslMoooT,hpkAFWREq,v,TslMoooT
hpkAFWREq
hpkAFWREq
hpkAFWREq,TslMoooT,hpkAFWREq,TslMoooT,hpkAFWREq
hpkAFWREq,TslMoooT,hpkAFWREq,TslMoooT,hpkAFWREq
v,hpkAFWREq,TslMoooT,hpkAFWREq,v
v,hpkAFWREq,TslMoooT,hpkAFWREq,v
hpkAFWREq
TslMoooT,hpkAFWREq,v,hpkAFWREq,v,v,TslMoooT
TslMoooT
hpkAFWREq,TslMoooT,v,hpkAFWREq,v,v,hpkAFWREq
TslMoooT,v,hpkAFWREq,v,v,hpkAFWREq
TslMoooT
TslMoooT
hpkAFWREq,hpkAFWREq,v
hpkAFWREq,hpkAFWREq,v
hpkAFWREq
hpkAFWREq
hpkAFWREq,hpkAFWREq,v,hpkAFWREq,v,hpkAFWREq,v
hpkAFWREq
hpkAFWREq
hpkAFWREq
hpkAFWREq
hpkAFWREq
hpkAFWREq,hpkAFWREq,v,v
hpkAFWREq
hpkAFWREq,v,hpkAFWREq,v
v
v,hpkAFWREq,v
v
hpkAFWREq,v,hpkAFWREq,v,hpkAFWREq
v
v
v
v
v
hpkAFWREq
hpkAFWREq
hpkAFWREq
hpkAFWREq
Toque! Toque, Dijê!
hpkAFWREq
TslMoooT
v,hpkAFWREq,v
v,hpkAFWREq,v,TslMoooT
hpkAFWREq
hpkAFWREq
hpkAFWREq
hpkAFWREq
v,hpkAFWREq,v,TslMoooT,v
v,hpkAFWREq,v,v
v
hpkAFWREq,v,v
v
hpkAFWREq
hpkAFWREq
v,hpkAFWREq,v,TslMoooT
hpkAFWREq
hpkAFWREq,v,v,TslMoooT
v
v,hpkAFWREq,v,TslMoooT,hpkAFWREq,hpkAFWREq,TslMoooT
v
v
TslMoooT,v,v,hpkAFWREq
TslMoooT,v,v,hpkAFWREq
hpkAFWREq
TslMoooT,v,v,v,hpkAFWREq
hpkAFWREq,v,v,TslMoooT,hpkAFWREq
v
hpkAFWREq,v,v,hpkAFWREq,TslMoooT
hpkAFWREq,TslMoooT,v,v,hpkAFWREq,hpkAFWREq
hpkAFWREq,v,TslMoooT,hpkAFWREq,hpkAFWREq,v
hpkAFWREq,v,TslMoooT,hpkAFWREq,hpkAFWREq,v
TslMoooT
v,TslMoooT,hpkAFWREq,hpkAFWREq,hpkAFWREq,v,hpkAFWREq
TslMoooT
v,TslMoooT,hpkAFWREq,hpkAFWREq,hpkAFWREq,v,v
TslMoooT,v,hpkAFWREq,hpkAFWREq,hpkAFWREq,v,v
v
v
hpkAFWREq
hpkAFWREq
hpkAFWREq
v,hpkAFWREq,hpkAFWREq,v,v,v,TslMoooT
hpkAFWREq
Jedi Wagner, assuma o comando!