[vazia]
[vazia]
[vazia]
[vazia]
Epxj
Epxj,bnehJTay,ravzWHIs,i
Epxj,bnehJTay,ravzWHIs,i,bnehJTay,bnehJTay
bnehJTay
bnehJTay
bnehJTay
bnehJTay
Epxj,bnehJTay,ravzWHIs,i,bnehJTay,bnehJTay
bnehJTay
bnehJTay
Epxj,bnehJTay,ravzWHIs,i,bnehJTay,bnehJTay,OKDXYf
Epxj,bnehJTay,ravzWHIs,i,bnehJTay,bnehJTay,OKDXYf
bnehJTay
bnehJTay
bnehJTay
Epxj,bnehJTay,ravzWHIs,i,bnehJTay,bnehJTay,OKDXYf,ravzWHIs
Epxj,bnehJTay,ravzWHIs,i,bnehJTay,bnehJTay,OKDXYf,ravzWHIs,ravzWHIs
Epxj,bnehJTay,ravzWHIs,i,bnehJTay,bnehJTay,OKDXYf,ravzWHIs,ravzWHIs
ravzWHIs
ravzWHIs
ravzWHIs
ravzWHIs
ravzWHIs
OKDXYf
OKDXYf
Epxj,i,ravzWHIs,bnehJTay,bnehJTay,ravzWHIs,ravzWHIs,OKDXYf
OKDXYf
Epxj
Epxj
i
i
bnehJTay,bnehJTay,ravzWHIs,ravzWHIs,OKDXYf,Epxj,ravzWHIs,i,ravzWHIs,OKDXYf,rwZDEPZW
bnehJTay,bnehJTay,ravzWHIs,ravzWHIs,OKDXYf,Epxj,ravzWHIs,i,ravzWHIs,OKDXYf,rwZDEPZW
bnehJTay,bnehJTay,ravzWHIs,ravzWHIs,OKDXYf,Epxj,ravzWHIs,i,ravzWHIs,OKDXYf,bsNPGdKw,Epxj
Jedi Wagner, assuma o comando!