Toque! Toque, Dijê!
QwWmogY
QwWmogY
QwWmogY
[vazia]
QwWmogY
QwWmogY
QwWmogY,QwWmogY
QwWmogY,QwWmogY,QwWmogY
QwWmogY
QwWmogY
QwWmogY,QwWmogY,QwWmogY,QwWmogY,QwWmogY
QwWmogY,QwWmogY,QwWmogY,QwWmogY,QwWmogY,QwWmogY
QwWmogY
QwWmogY,QwWmogY,QwWmogY,QwWmogY,QwWmogY,QwWmogY,QwWmogY,QwWmogY
QwWmogY,QwWmogY,QwWmogY,QwWmogY,QwWmogY,QwWmogY,QwWmogY,QwWmogY,QwWmogY
QwWmogY
QwWmogY,QwWmogY
QwWmogY
QwWmogY
QwWmogY
QwWmogY,QwWmogY
QwWmogY
QwWmogY
QwWmogY
QwWmogY,QwWmogY,QwWmogY,QwWmogY,QwWmogY,QwWmogY
QwWmogY,QwWmogY,QwWmogY,QwWmogY,QwWmogY,QwWmogY
QwWmogY,QwWmogY,QwWmogY,QwWmogY,QwWmogY,QwWmogY
QwWmogY
QwWmogY,QwWmogY,QwWmogY,QwWmogY,QwWmogY,QwWmogY
QwWmogY,QwWmogY,QwWmogY,QwWmogY,QwWmogY,QwWmogY
QwWmogY
QwWmogY
QwWmogY,QwWmogY,QwWmogY,QwWmogY,QwWmogY,QwWmogY,QwWmogY,QwWmogY
QwWmogY
QwWmogY
QwWmogY,QwWmogY,QwWmogY,QwWmogY,QwWmogY,QwWmogY,QwWmogY
QwWmogY
QwWmogY,QwWmogY,QwWmogY,QwWmogY,QwWmogY,QwWmogY,QwWmogY,QwWmogY,QwWmogY,QwWmogY
QwWmogY
QwWmogY,QwWmogY,QwWmogY,QwWmogY,QwWmogY,QwWmogY,QwWmogY,QwWmogY,QwWmogY,QwWmogY
QwWmogY
QwWmogY
QwWmogY
QwWmogY,QwWmogY,QwWmogY,QwWmogY,QwWmogY,QwWmogY,QwWmogY,QwWmogY,QwWmogY,QwWmogY,QwWmogY
QwWmogY
QwWmogY,QwWmogY,QwWmogY,QwWmogY,QwWmogY,QwWmogY,QwWmogY,QwWmogY,QwWmogY,QwWmogY
QwWmogY
QwWmogY,QwWmogY,QwWmogY,QwWmogY,QwWmogY,QwWmogY,QwWmogY,QwWmogY,QwWmogY,QwWmogY
QwWmogY
QwWmogY
QwWmogY
QwWmogY,QwWmogY,QwWmogY,QwWmogY,QwWmogY,QwWmogY,QwWmogY,QwWmogY,QwWmogY,QwWmogY,QwWmogY
QwWmogY
QwWmogY,QwWmogY,QwWmogY,QwWmogY,QwWmogY,QwWmogY,QwWmogY,QwWmogY,QwWmogY,QwWmogY,QwWmogY,QwWmogY,QwWmogY
QwWmogY
QwWmogY
QwWmogY,QwWmogY,QwWmogY,QwWmogY,QwWmogY,QwWmogY,QwWmogY,QwWmogY,QwWmogY,QwWmogY,QwWmogY,QwWmogY,QwWmogY
QwWmogY
QwWmogY,QwWmogY,QwWmogY,QwWmogY,QwWmogY,QwWmogY,QwWmogY,QwWmogY,QwWmogY,QwWmogY,QwWmogY
QwWmogY,QwWmogY,QwWmogY,QwWmogY,QwWmogY,QwWmogY,QwWmogY,QwWmogY,QwWmogY,QwWmogY,QwWmogY,QwWmogY
QwWmogY
QwWmogY
QwWmogY
QwWmogY,QwWmogY,QwWmogY,QwWmogY,QwWmogY,QwWmogY,QwWmogY,QwWmogY,QwWmogY,QwWmogY,QwWmogY,QwWmogY
QwWmogY,QwWmogY,QwWmogY,QwWmogY,QwWmogY,QwWmogY,QwWmogY,QwWmogY,QwWmogY,QwWmogY,QwWmogY,QwWmogY,QwWmogY,QwWmogY
QwWmogY
QwWmogY,QwWmogY,QwWmogY,QwWmogY,QwWmogY,QwWmogY,QwWmogY,QwWmogY,QwWmogY,QwWmogY,QwWmogY,QwWmogY,QwWmogY
QwWmogY
QwWmogY
QwWmogY
QwWmogY,QwWmogY,QwWmogY,QwWmogY,QwWmogY,QwWmogY,QwWmogY,QwWmogY,QwWmogY,QwWmogY,QwWmogY,QwWmogY,QwWmogY,QwWmogY,QwWmogY,QwWmogY,QwWmogY
QwWmogY
QwWmogY
QwWmogY,QwWmogY,QwWmogY,QwWmogY,QwWmogY,QwWmogY,QwWmogY,QwWmogY,QwWmogY,QwWmogY,QwWmogY,QwWmogY,QwWmogY,QwWmogY,QwWmogY,QwWmogY,QwWmogY,QwWmogY
QwWmogY
QwWmogY,QwWmogY,QwWmogY,QwWmogY,QwWmogY,QwWmogY,QwWmogY,QwWmogY,QwWmogY,QwWmogY,QwWmogY,QwWmogY,QwWmogY,QwWmogY,QwWmogY,QwWmogY,QwWmogY,QwWmogY
QwWmogY,QwWmogY,QwWmogY,QwWmogY,QwWmogY,QwWmogY,QwWmogY,QwWmogY,QwWmogY,QwWmogY,QwWmogY,QwWmogY,QwWmogY,QwWmogY,QwWmogY,QwWmogY,QwWmogY,QwWmogY,QwWmogY
QwWmogY,QwWmogY,QwWmogY,QwWmogY,QwWmogY,QwWmogY,QwWmogY,QwWmogY,QwWmogY,QwWmogY,QwWmogY,QwWmogY,QwWmogY,QwWmogY,QwWmogY,QwWmogY,QwWmogY,QwWmogY,QwWmogY
QwWmogY
QwWmogY
QwWmogY,QwWmogY,QwWmogY,QwWmogY,QwWmogY,QwWmogY,QwWmogY,QwWmogY,QwWmogY,QwWmogY,QwWmogY,QwWmogY,QwWmogY,QwWmogY,QwWmogY,QwWmogY,QwWmogY,QwWmogY,QwWmogY
QwWmogY,QwWmogY,QwWmogY,QwWmogY,QwWmogY,QwWmogY,QwWmogY,QwWmogY,QwWmogY,QwWmogY,QwWmogY,QwWmogY,QwWmogY,QwWmogY,QwWmogY,QwWmogY,QwWmogY,QwWmogY,QwWmogY
QwWmogY,QwWmogY,QwWmogY,QwWmogY,QwWmogY,QwWmogY,QwWmogY,QwWmogY,QwWmogY,QwWmogY,QwWmogY,QwWmogY,QwWmogY,QwWmogY,QwWmogY,QwWmogY,QwWmogY,QwWmogY,QwWmogY
QwWmogY,QwWmogY,QwWmogY,QwWmogY,QwWmogY,QwWmogY,QwWmogY,QwWmogY,QwWmogY,QwWmogY,QwWmogY,QwWmogY,QwWmogY,QwWmogY,QwWmogY,QwWmogY,QwWmogY,QwWmogY,QwWmogY
QwWmogY
QwWmogY
QwWmogY
QwWmogY,QwWmogY,QwWmogY,QwWmogY,QwWmogY,QwWmogY,QwWmogY,QwWmogY,QwWmogY,QwWmogY,QwWmogY,QwWmogY,QwWmogY,QwWmogY,QwWmogY,QwWmogY,QwWmogY,QwWmogY,QwWmogY
QwWmogY,QwWmogY,QwWmogY,QwWmogY,QwWmogY,QwWmogY,QwWmogY,QwWmogY,QwWmogY,QwWmogY,QwWmogY,QwWmogY,QwWmogY,QwWmogY,QwWmogY,QwWmogY,QwWmogY,QwWmogY,QwWmogY
QwWmogY
QwWmogY,QwWmogY,QwWmogY,QwWmogY,QwWmogY,QwWmogY,QwWmogY,QwWmogY,QwWmogY,QwWmogY,QwWmogY,QwWmogY,QwWmogY,QwWmogY,QwWmogY,QwWmogY,QwWmogY,QwWmogY,QwWmogY
QwWmogY,QwWmogY,QwWmogY,QwWmogY,QwWmogY,QwWmogY,QwWmogY,QwWmogY,QwWmogY,QwWmogY,QwWmogY,QwWmogY,QwWmogY,QwWmogY,QwWmogY,QwWmogY,QwWmogY,QwWmogY,QwWmogY,QwWmogY
QwWmogY
QwWmogY,QwWmogY,QwWmogY,QwWmogY,QwWmogY,QwWmogY,QwWmogY,QwWmogY,QwWmogY,QwWmogY,QwWmogY,QwWmogY,QwWmogY,QwWmogY,QwWmogY,QwWmogY,QwWmogY,QwWmogY,QwWmogY
QwWmogY,QwWmogY,QwWmogY,QwWmogY,QwWmogY,QwWmogY,QwWmogY,QwWmogY,QwWmogY,QwWmogY,QwWmogY,QwWmogY,QwWmogY,QwWmogY,QwWmogY,QwWmogY,QwWmogY,QwWmogY,QwWmogY
QwWmogY,QwWmogY,QwWmogY,QwWmogY,QwWmogY,QwWmogY,QwWmogY,QwWmogY,QwWmogY,QwWmogY,QwWmogY,QwWmogY,QwWmogY,QwWmogY,QwWmogY,QwWmogY,QwWmogY,QwWmogY,QwWmogY
QwWmogY
QwWmogY
QwWmogY,QwWmogY,QwWmogY,QwWmogY,QwWmogY,QwWmogY,QwWmogY,QwWmogY,QwWmogY,QwWmogY,QwWmogY,QwWmogY,QwWmogY,QwWmogY,QwWmogY,QwWmogY,QwWmogY,QwWmogY,QwWmogY,QwWmogY
QwWmogY,QwWmogY,QwWmogY,QwWmogY,QwWmogY,QwWmogY,QwWmogY,QwWmogY,QwWmogY,QwWmogY,QwWmogY,QwWmogY,QwWmogY,QwWmogY,QwWmogY,QwWmogY,QwWmogY,QwWmogY,QwWmogY,QwWmogY
QwWmogY,QwWmogY,QwWmogY,QwWmogY,QwWmogY,QwWmogY,QwWmogY,QwWmogY,QwWmogY,QwWmogY,QwWmogY,QwWmogY,QwWmogY,QwWmogY,QwWmogY,QwWmogY,QwWmogY,QwWmogY,QwWmogY,QwWmogY
QwWmogY
QwWmogY
QwWmogY
QwWmogY,QwWmogY,QwWmogY,QwWmogY,QwWmogY,QwWmogY,QwWmogY,QwWmogY,QwWmogY,QwWmogY,QwWmogY,QwWmogY,QwWmogY,QwWmogY,QwWmogY,QwWmogY,QwWmogY,QwWmogY,QwWmogY,QwWmogY
QwWmogY,QwWmogY,QwWmogY,QwWmogY,QwWmogY,QwWmogY,QwWmogY,QwWmogY,QwWmogY,QwWmogY,QwWmogY,QwWmogY,QwWmogY,QwWmogY,QwWmogY,QwWmogY,QwWmogY,QwWmogY,QwWmogY,QwWmogY
QwWmogY
QwWmogY,QwWmogY,QwWmogY,QwWmogY,QwWmogY,QwWmogY,QwWmogY,QwWmogY,QwWmogY,QwWmogY,QwWmogY,QwWmogY,QwWmogY,QwWmogY,QwWmogY,QwWmogY,QwWmogY,QwWmogY,QwWmogY
QwWmogY,QwWmogY,QwWmogY,QwWmogY,QwWmogY,QwWmogY,QwWmogY,QwWmogY,QwWmogY,QwWmogY,QwWmogY,QwWmogY,QwWmogY,QwWmogY,QwWmogY,QwWmogY,QwWmogY,QwWmogY
QwWmogY
QwWmogY
QwWmogY,QwWmogY,QwWmogY,QwWmogY,QwWmogY,QwWmogY,QwWmogY,QwWmogY,QwWmogY,QwWmogY,QwWmogY,QwWmogY,QwWmogY,QwWmogY,QwWmogY,QwWmogY,QwWmogY,QwWmogY,QwWmogY,QwWmogY
QwWmogY
QwWmogY,QwWmogY,QwWmogY,QwWmogY,QwWmogY,QwWmogY,QwWmogY,QwWmogY,QwWmogY,QwWmogY,QwWmogY,QwWmogY,QwWmogY,QwWmogY,QwWmogY,QwWmogY,QwWmogY,QwWmogY,QwWmogY,QwWmogY
QwWmogY
QwWmogY,QwWmogY,QwWmogY,QwWmogY,QwWmogY,QwWmogY,QwWmogY,QwWmogY,QwWmogY,QwWmogY,QwWmogY,QwWmogY,QwWmogY,QwWmogY,QwWmogY,QwWmogY,QwWmogY,QwWmogY,QwWmogY,QwWmogY
QwWmogY,QwWmogY,QwWmogY,QwWmogY,QwWmogY,QwWmogY,QwWmogY,QwWmogY,QwWmogY,QwWmogY,QwWmogY,QwWmogY,QwWmogY,QwWmogY,QwWmogY,QwWmogY,QwWmogY,QwWmogY,QwWmogY,QwWmogY
QwWmogY,QwWmogY,QwWmogY,QwWmogY,QwWmogY,QwWmogY,QwWmogY,QwWmogY,QwWmogY,QwWmogY,QwWmogY,QwWmogY,QwWmogY,QwWmogY,QwWmogY,QwWmogY,QwWmogY,QwWmogY,QwWmogY,QwWmogY
QwWmogY,QwWmogY,QwWmogY,QwWmogY,QwWmogY,QwWmogY,QwWmogY,QwWmogY,QwWmogY,QwWmogY,QwWmogY,QwWmogY,QwWmogY,QwWmogY,QwWmogY,QwWmogY,QwWmogY,QwWmogY,QwWmogY,QwWmogY
QwWmogY
QwWmogY
QwWmogY
QwWmogY,QwWmogY,QwWmogY,QwWmogY,QwWmogY,QwWmogY,QwWmogY,QwWmogY,QwWmogY,QwWmogY,QwWmogY,QwWmogY,QwWmogY,QwWmogY,QwWmogY,QwWmogY,QwWmogY,QwWmogY
QwWmogY,QwWmogY,QwWmogY,QwWmogY,QwWmogY,QwWmogY,QwWmogY,QwWmogY,QwWmogY,QwWmogY,QwWmogY,QwWmogY,QwWmogY,QwWmogY,QwWmogY,QwWmogY,QwWmogY,QwWmogY
QwWmogY,QwWmogY,QwWmogY,QwWmogY,QwWmogY,QwWmogY,QwWmogY,QwWmogY,QwWmogY,QwWmogY,QwWmogY,QwWmogY,QwWmogY,QwWmogY,QwWmogY,QwWmogY,QwWmogY,QwWmogY
QwWmogY
QwWmogY,QwWmogY,QwWmogY,QwWmogY,QwWmogY,QwWmogY,QwWmogY,QwWmogY,QwWmogY,QwWmogY,QwWmogY,QwWmogY,QwWmogY,QwWmogY,QwWmogY,QwWmogY,QwWmogY,QwWmogY,QwWmogY
QwWmogY
QwWmogY
QwWmogY,QwWmogY,QwWmogY,QwWmogY,QwWmogY,QwWmogY,QwWmogY,QwWmogY,QwWmogY,QwWmogY,QwWmogY,QwWmogY,QwWmogY,QwWmogY,QwWmogY,QwWmogY,QwWmogY,QwWmogY,QwWmogY,QwWmogY,QwWmogY
QwWmogY
QwWmogY,QwWmogY,QwWmogY,QwWmogY,QwWmogY,QwWmogY,QwWmogY,QwWmogY,QwWmogY,QwWmogY,QwWmogY,QwWmogY,QwWmogY,QwWmogY,QwWmogY,QwWmogY,QwWmogY,QwWmogY,QwWmogY,QwWmogY,QwWmogY,QwWmogY
QwWmogY,QwWmogY,QwWmogY,QwWmogY,QwWmogY,QwWmogY,QwWmogY,QwWmogY,QwWmogY,QwWmogY,QwWmogY,QwWmogY,QwWmogY,QwWmogY,QwWmogY,QwWmogY,QwWmogY,QwWmogY,QwWmogY,QwWmogY,QwWmogY
QwWmogY,QwWmogY,QwWmogY,QwWmogY,QwWmogY,QwWmogY,QwWmogY,QwWmogY,QwWmogY,QwWmogY,QwWmogY,QwWmogY,QwWmogY,QwWmogY,QwWmogY,QwWmogY,QwWmogY,QwWmogY,QwWmogY,QwWmogY,QwWmogY,QwWmogY
QwWmogY
QwWmogY
QwWmogY
QwWmogY,QwWmogY,QwWmogY,QwWmogY,QwWmogY,QwWmogY,QwWmogY,QwWmogY,QwWmogY,QwWmogY,QwWmogY,QwWmogY,QwWmogY,QwWmogY,QwWmogY,QwWmogY,QwWmogY,QwWmogY,QwWmogY,QwWmogY,QwWmogY,QwWmogY,QwWmogY
QwWmogY
QwWmogY
QwWmogY
QwWmogY,QwWmogY,QwWmogY,QwWmogY,QwWmogY,QwWmogY,QwWmogY,QwWmogY,QwWmogY,QwWmogY,QwWmogY,QwWmogY,QwWmogY,QwWmogY,QwWmogY,QwWmogY,QwWmogY,QwWmogY,QwWmogY,QwWmogY,QwWmogY,QwWmogY
QwWmogY
QwWmogY,QwWmogY,QwWmogY,QwWmogY,QwWmogY,QwWmogY,QwWmogY,QwWmogY,QwWmogY,QwWmogY,QwWmogY,QwWmogY,QwWmogY,QwWmogY,QwWmogY,QwWmogY,QwWmogY,QwWmogY,QwWmogY,QwWmogY,QwWmogY,QwWmogY
QwWmogY
QwWmogY,QwWmogY,QwWmogY,QwWmogY,QwWmogY,QwWmogY,QwWmogY,QwWmogY,QwWmogY,QwWmogY,QwWmogY,QwWmogY,QwWmogY,QwWmogY,QwWmogY,QwWmogY,QwWmogY,QwWmogY,QwWmogY,QwWmogY,QwWmogY
QwWmogY,QwWmogY,QwWmogY,QwWmogY,QwWmogY,QwWmogY,QwWmogY,QwWmogY,QwWmogY,QwWmogY,QwWmogY,QwWmogY,QwWmogY,QwWmogY,QwWmogY,QwWmogY,QwWmogY,QwWmogY,QwWmogY,QwWmogY
QwWmogY,QwWmogY,QwWmogY,QwWmogY,QwWmogY,QwWmogY,QwWmogY,QwWmogY,QwWmogY,QwWmogY,QwWmogY,QwWmogY,QwWmogY,QwWmogY,QwWmogY,QwWmogY,QwWmogY,QwWmogY,QwWmogY,QwWmogY,QwWmogY
QwWmogY
QwWmogY
QwWmogY
QwWmogY,QwWmogY,QwWmogY,QwWmogY,QwWmogY,QwWmogY,QwWmogY,QwWmogY,QwWmogY,QwWmogY,QwWmogY,QwWmogY,QwWmogY,QwWmogY,QwWmogY,QwWmogY,QwWmogY,QwWmogY,QwWmogY,QwWmogY,QwWmogY,QwWmogY
QwWmogY
QwWmogY
QwWmogY,QwWmogY,QwWmogY,QwWmogY,QwWmogY,QwWmogY,QwWmogY,QwWmogY,QwWmogY,QwWmogY,QwWmogY,QwWmogY,QwWmogY,QwWmogY,QwWmogY,QwWmogY,QwWmogY,QwWmogY,QwWmogY,QwWmogY,QwWmogY,QwWmogY
QwWmogY
QwWmogY,QwWmogY,QwWmogY,QwWmogY,QwWmogY,QwWmogY,QwWmogY,QwWmogY,QwWmogY,QwWmogY,QwWmogY,QwWmogY,QwWmogY,QwWmogY,QwWmogY,QwWmogY,QwWmogY,QwWmogY,QwWmogY,QwWmogY,QwWmogY,QwWmogY
QwWmogY,QwWmogY,QwWmogY,QwWmogY,QwWmogY,QwWmogY,QwWmogY,QwWmogY,QwWmogY,QwWmogY,QwWmogY,QwWmogY,QwWmogY,QwWmogY,QwWmogY,QwWmogY,QwWmogY,QwWmogY,QwWmogY,QwWmogY,QwWmogY
QwWmogY
QwWmogY,QwWmogY,QwWmogY,QwWmogY,QwWmogY,QwWmogY,QwWmogY,QwWmogY,QwWmogY,QwWmogY,QwWmogY,QwWmogY,QwWmogY,QwWmogY,QwWmogY,QwWmogY,QwWmogY,QwWmogY,QwWmogY,QwWmogY,QwWmogY,QwWmogY,QwWmogY
QwWmogY
QwWmogY,QwWmogY,QwWmogY,QwWmogY,QwWmogY,QwWmogY,QwWmogY,QwWmogY,QwWmogY,QwWmogY,QwWmogY,QwWmogY,QwWmogY,QwWmogY,QwWmogY,QwWmogY,QwWmogY,QwWmogY,QwWmogY,QwWmogY,QwWmogY,QwWmogY
QwWmogY,QwWmogY,QwWmogY,QwWmogY,QwWmogY,QwWmogY,QwWmogY,QwWmogY,QwWmogY,QwWmogY,QwWmogY,QwWmogY,QwWmogY,QwWmogY,QwWmogY,QwWmogY,QwWmogY,QwWmogY,QwWmogY,QwWmogY,QwWmogY,QwWmogY
QwWmogY
QwWmogY
QwWmogY,QwWmogY,QwWmogY,QwWmogY,QwWmogY,QwWmogY,QwWmogY,QwWmogY,QwWmogY,QwWmogY,QwWmogY,QwWmogY,QwWmogY,QwWmogY,QwWmogY,QwWmogY,QwWmogY,QwWmogY,QwWmogY,QwWmogY,QwWmogY,QwWmogY
QwWmogY,QwWmogY,QwWmogY,QwWmogY,QwWmogY,QwWmogY,QwWmogY,QwWmogY,QwWmogY,QwWmogY,QwWmogY,QwWmogY,QwWmogY,QwWmogY,QwWmogY,QwWmogY,QwWmogY,QwWmogY,QwWmogY,QwWmogY,QwWmogY
QwWmogY
QwWmogY,QwWmogY,QwWmogY,QwWmogY,QwWmogY,QwWmogY,QwWmogY,QwWmogY,QwWmogY,QwWmogY,QwWmogY,QwWmogY,QwWmogY,QwWmogY,QwWmogY,QwWmogY,QwWmogY,QwWmogY,QwWmogY,QwWmogY,QwWmogY,QwWmogY
QwWmogY,QwWmogY,QwWmogY,QwWmogY,QwWmogY,QwWmogY,QwWmogY,QwWmogY,QwWmogY,QwWmogY,QwWmogY,QwWmogY,QwWmogY,QwWmogY,QwWmogY,QwWmogY,QwWmogY,QwWmogY,QwWmogY,QwWmogY,QwWmogY,QwWmogY
QwWmogY
QwWmogY,QwWmogY,QwWmogY,QwWmogY,QwWmogY,QwWmogY,QwWmogY,QwWmogY,QwWmogY,QwWmogY,QwWmogY,QwWmogY,QwWmogY,QwWmogY,QwWmogY,QwWmogY,QwWmogY,QwWmogY,QwWmogY,QwWmogY,QwWmogY,QwWmogY
QwWmogY,QwWmogY,QwWmogY,QwWmogY,QwWmogY,QwWmogY,QwWmogY,QwWmogY,QwWmogY,QwWmogY,QwWmogY,QwWmogY,QwWmogY,QwWmogY,QwWmogY,QwWmogY,QwWmogY,QwWmogY,QwWmogY,QwWmogY,QwWmogY
QwWmogY
QwWmogY
QwWmogY,QwWmogY,QwWmogY,QwWmogY,QwWmogY,QwWmogY,QwWmogY,QwWmogY,QwWmogY,QwWmogY,QwWmogY,QwWmogY,QwWmogY,QwWmogY,QwWmogY,QwWmogY,QwWmogY,QwWmogY,QwWmogY,QwWmogY,QwWmogY,QwWmogY
QwWmogY
QwWmogY
QwWmogY,QwWmogY,QwWmogY,QwWmogY,QwWmogY,QwWmogY,QwWmogY,QwWmogY,QwWmogY,QwWmogY,QwWmogY,QwWmogY,QwWmogY,QwWmogY,QwWmogY,QwWmogY,QwWmogY,QwWmogY,QwWmogY,QwWmogY,QwWmogY,QwWmogY
QwWmogY
QwWmogY,QwWmogY,QwWmogY,QwWmogY,QwWmogY,QwWmogY,QwWmogY,QwWmogY,QwWmogY,QwWmogY,QwWmogY,QwWmogY,QwWmogY,QwWmogY,QwWmogY,QwWmogY,QwWmogY,QwWmogY,QwWmogY,QwWmogY,QwWmogY,QwWmogY
QwWmogY
QwWmogY,QwWmogY,QwWmogY,QwWmogY,QwWmogY,QwWmogY,QwWmogY,QwWmogY,QwWmogY,QwWmogY,QwWmogY,QwWmogY,QwWmogY,QwWmogY,QwWmogY,QwWmogY,QwWmogY,QwWmogY,QwWmogY,QwWmogY,QwWmogY
QwWmogY
QwWmogY,QwWmogY,QwWmogY,QwWmogY,QwWmogY,QwWmogY,QwWmogY,QwWmogY,QwWmogY,QwWmogY,QwWmogY,QwWmogY,QwWmogY,QwWmogY,QwWmogY,QwWmogY,QwWmogY,QwWmogY,QwWmogY,QwWmogY,QwWmogY,QwWmogY
QwWmogY
QwWmogY
QwWmogY,QwWmogY,QwWmogY,QwWmogY,QwWmogY,QwWmogY,QwWmogY,QwWmogY,QwWmogY,QwWmogY,QwWmogY,QwWmogY,QwWmogY,QwWmogY,QwWmogY,QwWmogY,QwWmogY,QwWmogY,QwWmogY,QwWmogY,QwWmogY,QwWmogY
QwWmogY,QwWmogY,QwWmogY,QwWmogY,QwWmogY,QwWmogY,QwWmogY,QwWmogY,QwWmogY,QwWmogY,QwWmogY,QwWmogY,QwWmogY,QwWmogY,QwWmogY,QwWmogY,QwWmogY,QwWmogY,QwWmogY,QwWmogY,QwWmogY,QwWmogY,QwWmogY
QwWmogY,QwWmogY,QwWmogY,QwWmogY,QwWmogY,QwWmogY,QwWmogY,QwWmogY,QwWmogY,QwWmogY,QwWmogY,QwWmogY,QwWmogY,QwWmogY,QwWmogY,QwWmogY,QwWmogY,QwWmogY,QwWmogY,QwWmogY,QwWmogY,QwWmogY
QwWmogY
QwWmogY,QwWmogY,QwWmogY,QwWmogY,QwWmogY,QwWmogY,QwWmogY,QwWmogY,QwWmogY,QwWmogY,QwWmogY,QwWmogY,QwWmogY,QwWmogY,QwWmogY,QwWmogY,QwWmogY,QwWmogY,QwWmogY,QwWmogY,QwWmogY,QwWmogY,QwWmogY
QwWmogY
QwWmogY
QwWmogY
QwWmogY,QwWmogY,QwWmogY,QwWmogY,QwWmogY,QwWmogY,QwWmogY,QwWmogY,QwWmogY,QwWmogY,QwWmogY,QwWmogY,QwWmogY,QwWmogY,QwWmogY,QwWmogY,QwWmogY,QwWmogY,QwWmogY,QwWmogY,QwWmogY,QwWmogY
QwWmogY
QwWmogY
QwWmogY,QwWmogY,QwWmogY,QwWmogY,QwWmogY,QwWmogY,QwWmogY,QwWmogY,QwWmogY,QwWmogY,QwWmogY,QwWmogY,QwWmogY,QwWmogY,QwWmogY,QwWmogY,QwWmogY,QwWmogY,QwWmogY,QwWmogY,QwWmogY,QwWmogY,QwWmogY
Jedi Wagner, assuma o comando!