Toque! Toque, Dijê!
Toque! Toque, Dijê!
[vazia]
Toque! Toque, Dijê!
Toque! Toque, Dijê!
Toque! Toque, Dijê!
[vazia]
[vazia]
Toque! Toque, Dijê!
vfYK
[vazia]
Toque! Toque, Dijê!
[vazia]
[vazia]
[vazia]
[vazia]
Toque! Toque, Dijê!
Toque! Toque, Dijê!
aT
aT
aT
[vazia]
[vazia]
[vazia]
dMsJPh
dMsJPh
dMsJPh
[vazia]
Toque! Toque, Dijê!
A
A
A,dxEN,vfYK
A,dxEN,vfYK
A
A,dxEN,vfYK
A,dxEN,vfYK
Toque! Toque, Dijê!
Toque! Toque, Dijê!
aT
aT
aT
aT
aT
[vazia]
Toque! Toque, Dijê!
Toque! Toque, Dijê!
[vazia]
Toque! Toque, Dijê!
Toque! Toque, Dijê!
Toque! Toque, Dijê!
[vazia]
[vazia]
Jedi Wagner, assuma o comando!