AuGDaaT
AuGDaaT
AuGDaaT
AuGDaaT,tJQSX
AuGDaaT,tJQSX
AuGDaaT
tJQSX
tJQSX
tJQSX
tJQSX,JBFA,AuGDaaT
tJQSX,JBFA,AuGDaaT,vkLnGMn
tJQSX
tJQSX
tJQSX
tJQSX,JBFA
tJQSX,JBFA
tJQSX,JBFA
tJQSX,JBFA
tJQSX,JBFA
tJQSX,JBFA,K,K
tJQSX,JBFA,tJQSX
tJQSX,JBFA,tJQSX
tJQSX
tJQSX,JBFA,tJQSX
tJQSX
tJQSX
tJQSX
tJQSX,JBFA,tJQSX
tJQSX
tJQSX,JBFA,K
K,tJQSX,JBFA,JBFA
K,tJQSX,JBFA
tJQSX,JBFA,K
tJQSX,JBFA,K,gMvm
tJQSX,JBFA,K,gMvm
tJQSX
tJQSX,JBFA,K,vkLnGMn,AuGDaaT,tJQSX,tJQSX,gMvm
tJQSX,JBFA,K,vkLnGMn,AuGDaaT,tJQSX,tJQSX,gMvm
JBFA
K
JBFA,K,AuGDaaT,tJQSX,tJQSX,gMvm,tJQSX
AuGDaaT
AuGDaaT
JBFA,K,AuGDaaT,tJQSX,tJQSX,gMvm,tJQSX
JBFA,K,AuGDaaT,tJQSX,tJQSX,gMvm,tJQSX
JBFA,K,AuGDaaT,tJQSX,tJQSX,gMvm,tJQSX,AuGDaaT,tJQSX,AuGDaaT
tJQSX
tJQSX
JBFA,K,AuGDaaT,tJQSX,tJQSX,gMvm,tJQSX,AuGDaaT,tJQSX,AuGDaaT
gMvm
JBFA,K,AuGDaaT,tJQSX,tJQSX,gMvm,tJQSX,AuGDaaT,tJQSX,AuGDaaT
gMvm
AuGDaaT
JBFA,K,tJQSX,gMvm,AuGDaaT,tJQSX,AuGDaaT,tJQSX,AuGDaaT,AuGDaaT,mFkaANsr,tJQSX
AuGDaaT
K,tJQSX,AuGDaaT,tJQSX,AuGDaaT,tJQSX,AuGDaaT,AuGDaaT,mFkaANsr,K
AuGDaaT
AuGDaaT
K,tJQSX,AuGDaaT,tJQSX,AuGDaaT,tJQSX,AuGDaaT,AuGDaaT,mFkaANsr,K
K,tJQSX,AuGDaaT,tJQSX,AuGDaaT,tJQSX,AuGDaaT,AuGDaaT,mFkaANsr,K
gMvm
JBFA,K,AuGDaaT,tJQSX,tJQSX,gMvm,tJQSX,AuGDaaT,tJQSX,AuGDaaT
gMvm
gMvm
gMvm
gMvm
JBFA,K,AuGDaaT,tJQSX,tJQSX,gMvm,tJQSX,AuGDaaT,tJQSX,AuGDaaT
K,AuGDaaT,tJQSX,tJQSX,JBFA,tJQSX,AuGDaaT,tJQSX,AuGDaaT
JBFA
K,AuGDaaT,tJQSX,tJQSX,JBFA,tJQSX,AuGDaaT,tJQSX,AuGDaaT
AuGDaaT
AuGDaaT
tJQSX,tJQSX,AuGDaaT,mFkaANsr,tJQSX,tJQSX,AuGDaaT,tJQSX,vkLnGMn
AuGDaaT
AuGDaaT
AuGDaaT
tJQSX,AuGDaaT,mFkaANsr,tJQSX,tJQSX,AuGDaaT,tJQSX,vkLnGMn
tJQSX,AuGDaaT,mFkaANsr,tJQSX,tJQSX,AuGDaaT,tJQSX,vkLnGMn
AuGDaaT
tJQSX,tJQSX,JBFA,K,AuGDaaT,tJQSX,AuGDaaT,tJQSX,AuGDaaT,mFkaANsr,yvlMsNGM,gMvm
tJQSX,tJQSX,JBFA,K,AuGDaaT,tJQSX,AuGDaaT,tJQSX,AuGDaaT,mFkaANsr,yvlMsNGM,gMvm,K
tJQSX
tJQSX,tJQSX,JBFA,K,mFkaANsr,tJQSX,AuGDaaT,tJQSX,AuGDaaT,yvlMsNGM,gMvm,K,K
tJQSX,tJQSX,JBFA,K,mFkaANsr,tJQSX,AuGDaaT,tJQSX,AuGDaaT,yvlMsNGM,gMvm,K,K
K,tJQSX,tJQSX,JBFA,AuGDaaT,tJQSX,AuGDaaT,tJQSX,AuGDaaT,mFkaANsr,tJQSX
AuGDaaT
tJQSX,tJQSX,JBFA,AuGDaaT,K,tJQSX,AuGDaaT,tJQSX,AuGDaaT,mFkaANsr,tJQSX
K
AuGDaaT
K,tJQSX,tJQSX,JBFA,AuGDaaT,tJQSX,AuGDaaT,tJQSX,AuGDaaT,mFkaANsr
K,tJQSX,tJQSX,JBFA,AuGDaaT,tJQSX,AuGDaaT,tJQSX,AuGDaaT,mFkaANsr
AuGDaaT
AuGDaaT
AuGDaaT
AuGDaaT
tJQSX,tJQSX,JBFA,AuGDaaT,tJQSX,AuGDaaT,tJQSX,AuGDaaT,mFkaANsr,yvlMsNGM
tJQSX
tJQSX
tJQSX,tJQSX,JBFA,AuGDaaT,tJQSX,AuGDaaT,tJQSX,AuGDaaT,mFkaANsr,yvlMsNGM
tJQSX,tJQSX,JBFA,AuGDaaT,tJQSX,AuGDaaT,tJQSX,AuGDaaT,mFkaANsr,yvlMsNGM
tJQSX,tJQSX,JBFA,AuGDaaT,tJQSX,AuGDaaT,tJQSX,AuGDaaT,mFkaANsr,yvlMsNGM
tJQSX,tJQSX,JBFA,AuGDaaT,tJQSX,AuGDaaT,tJQSX,AuGDaaT,mFkaANsr,yvlMsNGM
tJQSX,tJQSX,AuGDaaT,tJQSX,AuGDaaT,tJQSX,AuGDaaT,mFkaANsr,yvlMsNGM,vkLnGMn
tJQSX
tJQSX
AuGDaaT
tJQSX,tJQSX,JBFA,tJQSX,AuGDaaT,AuGDaaT,mFkaANsr,tJQSX,AuGDaaT,yvlMsNGM,mFkaANsr
tJQSX,tJQSX,JBFA,tJQSX,AuGDaaT,AuGDaaT,mFkaANsr,tJQSX,AuGDaaT,yvlMsNGM,mFkaANsr,vkLnGMn
tJQSX,tJQSX,JBFA,AuGDaaT,tJQSX,AuGDaaT,tJQSX,AuGDaaT,mFkaANsr,yvlMsNGM,mFkaANsr
tJQSX,tJQSX,JBFA,tJQSX,AuGDaaT,tJQSX,AuGDaaT,mFkaANsr,yvlMsNGM,mFkaANsr
tJQSX,tJQSX,JBFA,tJQSX,AuGDaaT,mFkaANsr,tJQSX,AuGDaaT,yvlMsNGM,mFkaANsr,vkLnGMn
tJQSX,tJQSX,JBFA,tJQSX,AuGDaaT,mFkaANsr,tJQSX,AuGDaaT,yvlMsNGM,mFkaANsr,vkLnGMn
AuGDaaT
tJQSX,tJQSX,JBFA,tJQSX,AuGDaaT,mFkaANsr,tJQSX,AuGDaaT,yvlMsNGM,mFkaANsr,vkLnGMn,K
mFkaANsr
tJQSX,tJQSX,JBFA,tJQSX,mFkaANsr,AuGDaaT,tJQSX,AuGDaaT,yvlMsNGM,mFkaANsr,vkLnGMn,K
tJQSX,tJQSX,JBFA,tJQSX,mFkaANsr,K,tJQSX,AuGDaaT,yvlMsNGM,mFkaANsr,vkLnGMn
tJQSX,JBFA,tJQSX,mFkaANsr,K,tJQSX,tJQSX,AuGDaaT,yvlMsNGM,mFkaANsr,vkLnGMn,mFkaANsr
tJQSX,JBFA,tJQSX,mFkaANsr,K,tJQSX,tJQSX,AuGDaaT,yvlMsNGM,mFkaANsr,vkLnGMn,mFkaANsr
AuGDaaT
tJQSX,tJQSX,mFkaANsr,K,tJQSX,tJQSX,AuGDaaT,JBFA,yvlMsNGM,mFkaANsr,vkLnGMn,mFkaANsr,vkLnGMn,gMvm
tJQSX,tJQSX,mFkaANsr,tJQSX,tJQSX,AuGDaaT,JBFA,yvlMsNGM,mFkaANsr,vkLnGMn,mFkaANsr,vkLnGMn,gMvm
gMvm
tJQSX,mFkaANsr,tJQSX,tJQSX,AuGDaaT,gMvm,JBFA,mFkaANsr,vkLnGMn,mFkaANsr,vkLnGMn,tJQSX,gMvm,vkLnGMn,JBFA
gMvm
gMvm
gMvm
tJQSX,mFkaANsr,tJQSX,tJQSX,AuGDaaT,gMvm,yvlMsNGM,JBFA,mFkaANsr,vkLnGMn,mFkaANsr,vkLnGMn,tJQSX,gMvm,vkLnGMn,JBFA,mFkaANsr,JBFA
mFkaANsr
mFkaANsr
mFkaANsr
mFkaANsr
tJQSX,tJQSX,tJQSX,AuGDaaT,gMvm,mFkaANsr,yvlMsNGM,JBFA,mFkaANsr,vkLnGMn,mFkaANsr,vkLnGMn,tJQSX,gMvm,vkLnGMn,JBFA,mFkaANsr,JBFA
yvlMsNGM
tJQSX,AuGDaaT,gMvm,mFkaANsr,yvlMsNGM,vkLnGMn,tJQSX,JBFA,mFkaANsr,mFkaANsr,vkLnGMn,tJQSX,gMvm,vkLnGMn,JBFA,mFkaANsr,JBFA,mFkaANsr
tJQSX,AuGDaaT,gMvm,mFkaANsr,yvlMsNGM,vkLnGMn,tJQSX,mFkaANsr,mFkaANsr,vkLnGMn,tJQSX,gMvm,vkLnGMn,JBFA,mFkaANsr,JBFA,mFkaANsr,gMvm
yvlMsNGM
tJQSX,AuGDaaT,gMvm,mFkaANsr,yvlMsNGM,vkLnGMn,tJQSX,mFkaANsr,mFkaANsr,vkLnGMn,tJQSX,gMvm,vkLnGMn,JBFA,mFkaANsr,JBFA,mFkaANsr,gMvm
vkLnGMn
AuGDaaT,gMvm,mFkaANsr,yvlMsNGM,vkLnGMn,tJQSX,mFkaANsr,mFkaANsr,vkLnGMn,tJQSX,gMvm,vkLnGMn,JBFA,mFkaANsr,JBFA,mFkaANsr,gMvm,JBFA,gMvm,AuGDaaT,mFkaANsr
mFkaANsr
mFkaANsr
AuGDaaT,gMvm,mFkaANsr,yvlMsNGM,vkLnGMn,tJQSX,mFkaANsr,mFkaANsr,vkLnGMn,tJQSX,gMvm,vkLnGMn,JBFA,mFkaANsr,JBFA,mFkaANsr,gMvm,JBFA,gMvm,AuGDaaT,mFkaANsr
mFkaANsr
AuGDaaT,gMvm,mFkaANsr,yvlMsNGM,vkLnGMn,tJQSX,mFkaANsr,mFkaANsr,vkLnGMn,tJQSX,gMvm,vkLnGMn,JBFA,mFkaANsr,JBFA,mFkaANsr,gMvm,JBFA,gMvm,AuGDaaT,mFkaANsr,AuGDaaT
AuGDaaT,gMvm,mFkaANsr,yvlMsNGM,vkLnGMn,tJQSX,mFkaANsr,mFkaANsr,vkLnGMn,tJQSX,gMvm,vkLnGMn,JBFA,mFkaANsr,JBFA,mFkaANsr,gMvm,JBFA,gMvm,AuGDaaT,mFkaANsr,AuGDaaT
gMvm,mFkaANsr,yvlMsNGM,vkLnGMn,tJQSX,mFkaANsr,mFkaANsr,vkLnGMn,tJQSX,gMvm,vkLnGMn,JBFA,mFkaANsr,JBFA,mFkaANsr,gMvm,JBFA,gMvm,AuGDaaT,mFkaANsr,AuGDaaT,AuGDaaT,vkLnGMn,K
vkLnGMn
tJQSX
mFkaANsr,yvlMsNGM,tJQSX,mFkaANsr,mFkaANsr,vkLnGMn,tJQSX,vkLnGMn,gMvm,vkLnGMn,mFkaANsr,JBFA,mFkaANsr,gMvm,JBFA,gMvm,AuGDaaT,mFkaANsr,AuGDaaT,AuGDaaT,vkLnGMn,AuGDaaT,AuGDaaT
tJQSX
tJQSX
tJQSX
yvlMsNGM,vkLnGMn,mFkaANsr,mFkaANsr,vkLnGMn,tJQSX,tJQSX,gMvm,vkLnGMn,mFkaANsr,JBFA,mFkaANsr,gMvm,JBFA,gMvm,mFkaANsr,AuGDaaT,AuGDaaT,vkLnGMn,K,AuGDaaT,K
yvlMsNGM,vkLnGMn,mFkaANsr,mFkaANsr,vkLnGMn,tJQSX,tJQSX,gMvm,vkLnGMn,mFkaANsr,JBFA,mFkaANsr,gMvm,JBFA,gMvm,mFkaANsr,AuGDaaT,AuGDaaT,vkLnGMn,K,AuGDaaT,K
yvlMsNGM,vkLnGMn,mFkaANsr,mFkaANsr,vkLnGMn,tJQSX,JBFA,tJQSX,vkLnGMn,mFkaANsr,mFkaANsr,gMvm,gMvm,mFkaANsr,AuGDaaT,AuGDaaT,vkLnGMn,K,AuGDaaT,K,JBFA
JBFA
JBFA
mFkaANsr,mFkaANsr,vkLnGMn,tJQSX,tJQSX,vkLnGMn,mFkaANsr,mFkaANsr,gMvm,gMvm,mFkaANsr,AuGDaaT,AuGDaaT,vkLnGMn,K,AuGDaaT,K,JBFA,gMvm,tJQSX,vkLnGMn,mFkaANsr
mFkaANsr,mFkaANsr,vkLnGMn,tJQSX,tJQSX,vkLnGMn,mFkaANsr,mFkaANsr,gMvm,gMvm,mFkaANsr,AuGDaaT,AuGDaaT,vkLnGMn,K,AuGDaaT,K,JBFA,gMvm,tJQSX,vkLnGMn,mFkaANsr,tJQSX
tJQSX
mFkaANsr,mFkaANsr,vkLnGMn,tJQSX,tJQSX,vkLnGMn,mFkaANsr,mFkaANsr,gMvm,gMvm,mFkaANsr,AuGDaaT,AuGDaaT,vkLnGMn,K,AuGDaaT,K,JBFA,gMvm,tJQSX,vkLnGMn,mFkaANsr,tJQSX
tJQSX
tJQSX
gMvm
mFkaANsr,mFkaANsr,vkLnGMn,tJQSX,JBFA,gMvm,tJQSX,vkLnGMn,mFkaANsr,mFkaANsr,gMvm,mFkaANsr,AuGDaaT,AuGDaaT,vkLnGMn,K,AuGDaaT,K,gMvm,tJQSX,vkLnGMn,mFkaANsr,yvlMsNGM,tJQSX,vkLnGMn,K
mFkaANsr,mFkaANsr,vkLnGMn,tJQSX,gMvm,JBFA,tJQSX,vkLnGMn,mFkaANsr,mFkaANsr,gMvm,mFkaANsr,AuGDaaT,AuGDaaT,vkLnGMn,K,AuGDaaT,K,gMvm,tJQSX,vkLnGMn,mFkaANsr,yvlMsNGM,tJQSX,vkLnGMn,K
mFkaANsr,mFkaANsr,vkLnGMn,tJQSX,gMvm,JBFA,tJQSX,vkLnGMn,mFkaANsr,mFkaANsr,gMvm,mFkaANsr,AuGDaaT,AuGDaaT,vkLnGMn,K,AuGDaaT,K,gMvm,tJQSX,vkLnGMn,mFkaANsr,yvlMsNGM,tJQSX,vkLnGMn,K
JBFA
tJQSX
tJQSX
tJQSX
mFkaANsr,mFkaANsr,vkLnGMn,gMvm,JBFA,tJQSX,tJQSX,vkLnGMn,mFkaANsr,mFkaANsr,gMvm,mFkaANsr,AuGDaaT,AuGDaaT,vkLnGMn,K,AuGDaaT,K,gMvm,tJQSX,vkLnGMn,mFkaANsr,yvlMsNGM,tJQSX,vkLnGMn,K,AuGDaaT,AuGDaaT,gMvm,gMvm
K
tJQSX
mFkaANsr,mFkaANsr,vkLnGMn,gMvm,JBFA,tJQSX,tJQSX,vkLnGMn,mFkaANsr,mFkaANsr,gMvm,mFkaANsr,AuGDaaT,AuGDaaT,vkLnGMn,K,AuGDaaT,K,gMvm,tJQSX,vkLnGMn,mFkaANsr,yvlMsNGM,tJQSX,vkLnGMn,K,AuGDaaT,AuGDaaT,gMvm
mFkaANsr,mFkaANsr,vkLnGMn,gMvm,JBFA,tJQSX,tJQSX,vkLnGMn,mFkaANsr,mFkaANsr,gMvm,mFkaANsr,AuGDaaT,AuGDaaT,vkLnGMn,AuGDaaT,K,gMvm,tJQSX,vkLnGMn,mFkaANsr,yvlMsNGM,tJQSX,vkLnGMn,K,AuGDaaT,AuGDaaT,gMvm
mFkaANsr,mFkaANsr,vkLnGMn,gMvm,tJQSX,JBFA,tJQSX,vkLnGMn,mFkaANsr,mFkaANsr,gMvm,mFkaANsr,AuGDaaT,vkLnGMn,AuGDaaT,K,gMvm,tJQSX,vkLnGMn,mFkaANsr,yvlMsNGM,tJQSX,vkLnGMn,K,AuGDaaT,AuGDaaT,gMvm
tJQSX
tJQSX
mFkaANsr,gMvm,tJQSX,JBFA,tJQSX,vkLnGMn,mFkaANsr,mFkaANsr,gMvm,mFkaANsr,AuGDaaT,vkLnGMn,AuGDaaT,K,gMvm,tJQSX,vkLnGMn,mFkaANsr,yvlMsNGM,tJQSX,vkLnGMn,K,AuGDaaT,AuGDaaT,gMvm,mFkaANsr,JBFA
tJQSX
gMvm,JBFA,mFkaANsr,tJQSX,K,AuGDaaT,tJQSX,mFkaANsr,mFkaANsr,gMvm,mFkaANsr,vkLnGMn,AuGDaaT,gMvm,tJQSX,vkLnGMn,mFkaANsr,yvlMsNGM,tJQSX,vkLnGMn,K,AuGDaaT,AuGDaaT,gMvm,mFkaANsr,JBFA,vkLnGMn,gMvm
gMvm,JBFA,mFkaANsr,tJQSX,K,AuGDaaT,tJQSX,mFkaANsr,mFkaANsr,gMvm,mFkaANsr,vkLnGMn,AuGDaaT,gMvm,tJQSX,vkLnGMn,mFkaANsr,yvlMsNGM,tJQSX,vkLnGMn,K,AuGDaaT,AuGDaaT,gMvm,mFkaANsr,JBFA,vkLnGMn,gMvm,K
mFkaANsr
gMvm,JBFA,mFkaANsr,tJQSX,K,AuGDaaT,tJQSX,mFkaANsr,mFkaANsr,gMvm,mFkaANsr,vkLnGMn,AuGDaaT,gMvm,tJQSX,vkLnGMn,mFkaANsr,yvlMsNGM,tJQSX,vkLnGMn,K,AuGDaaT,AuGDaaT,gMvm,mFkaANsr,JBFA,vkLnGMn,gMvm,K
mFkaANsr
gMvm,JBFA,mFkaANsr,yvlMsNGM,tJQSX,K,tJQSX,mFkaANsr,mFkaANsr,gMvm,mFkaANsr,vkLnGMn,AuGDaaT,gMvm,tJQSX,vkLnGMn,mFkaANsr,tJQSX,vkLnGMn,K,AuGDaaT,AuGDaaT,gMvm,mFkaANsr,JBFA,vkLnGMn,gMvm,K
yvlMsNGM
gMvm,JBFA,mFkaANsr,yvlMsNGM,tJQSX,K,tJQSX,mFkaANsr,mFkaANsr,gMvm,mFkaANsr,vkLnGMn,AuGDaaT,gMvm,tJQSX,vkLnGMn,mFkaANsr,tJQSX,vkLnGMn,K,AuGDaaT,AuGDaaT,gMvm,mFkaANsr,JBFA,vkLnGMn,gMvm,K
gMvm,JBFA,mFkaANsr,yvlMsNGM,tJQSX,K,AuGDaaT,tJQSX,mFkaANsr,mFkaANsr,gMvm,mFkaANsr,vkLnGMn,AuGDaaT,gMvm,tJQSX,vkLnGMn,mFkaANsr,tJQSX,vkLnGMn,K,AuGDaaT,AuGDaaT,gMvm,mFkaANsr,JBFA,vkLnGMn,gMvm,K
Jedi Wagner, assuma o comando!