Toque! Toque, Dijê!
Toque! Toque, Dijê!
Toque! Toque, Dijê!
pNku
pNku
pNku
pNku
pNku
pNku,pNku,pNku
pNku,pNku,pNku
pNku,pNku,pNku,pNku
pNku
pNku
pNku,pNku,pNku,pNku,pNku
pNku
[vazia]
Toque! Toque, Dijê!
Toque! Toque, Dijê!
Toque! Toque, Dijê!
[vazia]
Toque! Toque, Dijê!
Toque! Toque, Dijê!
Toque! Toque, Dijê!
[vazia]
[vazia]
Toque! Toque, Dijê!
[vazia]
[vazia]
[vazia]
Toque! Toque, Dijê!
[vazia]
pNku,pNku
pNku
Toque! Toque, Dijê!
[vazia]
[vazia]
Toque! Toque, Dijê!
pNku,pNku
pNku,pNku
pNku,pNku,pNku
pNku,pNku
pNku,pNku,pNku,pNku,pNku
pNku,pNku,pNku,pNku,pNku
pNku,pNku,pNku,pNku
pNku,pNku,pNku,pNku
pNku
pNku,pNku,pNku,pNku
pNku
pNku
pNku,pNku
pNku
pNku
pNku
pNku
pNku
pNku
pNku
pNku
pNku,pNku,pNku,pNku,pNku
pNku
pNku
pNku,pNku,pNku,pNku,pNku,pNku,pNku
pNku
pNku,pNku,pNku,pNku,pNku,pNku,pNku,pNku
pNku,pNku,pNku,pNku,pNku,pNku,pNku,pNku
pNku,pNku,pNku,pNku,pNku,pNku,pNku,pNku
pNku
pNku,pNku,pNku,pNku,pNku,pNku,pNku
pNku
pNku
pNku,pNku,pNku,pNku,pNku,pNku,pNku
pNku
pNku,pNku,pNku,pNku,pNku,pNku,pNku
pNku,pNku,pNku,pNku,pNku,pNku,pNku
pNku
pNku
pNku,pNku,pNku,pNku,pNku,pNku,pNku,pNku
pNku
pNku,pNku,pNku,pNku,pNku,pNku,pNku,pNku,pNku
pNku,pNku,pNku,pNku,pNku,pNku,pNku,pNku,pNku,pNku
pNku
pNku
pNku,pNku,pNku,pNku,pNku,pNku,pNku,pNku,pNku,pNku,pNku,pNku
pNku
pNku
pNku
pNku,pNku,pNku,pNku,pNku,pNku,pNku,pNku,pNku,pNku,pNku,pNku
pNku,pNku,pNku,pNku,pNku,pNku,pNku,pNku,pNku,pNku,pNku,pNku,pNku
pNku
pNku
pNku,pNku,pNku,pNku,pNku,pNku,pNku,pNku,pNku,pNku,pNku,pNku,pNku,pNku
pNku,pNku,pNku,pNku,pNku,pNku,pNku,pNku,pNku,pNku,pNku,pNku,pNku,pNku
pNku,pNku,pNku,pNku,pNku,pNku,pNku,pNku,pNku,pNku,pNku,pNku,pNku,pNku,pNku,pNku
pNku,pNku,pNku,pNku,pNku,pNku,pNku,pNku,pNku,pNku,pNku,pNku,pNku,pNku,pNku,pNku
pNku
pNku,pNku,pNku,pNku,pNku,pNku,pNku,pNku,pNku,pNku,pNku,pNku,pNku,pNku,pNku,pNku
pNku,pNku,pNku,pNku,pNku,pNku,pNku,pNku,pNku,pNku,pNku,pNku,pNku,pNku,pNku
pNku
pNku,pNku,pNku,pNku,pNku,pNku,pNku,pNku,pNku,pNku,pNku,pNku,pNku,pNku,pNku,pNku
pNku
pNku
pNku
pNku
pNku,pNku,pNku,pNku,pNku,pNku,pNku,pNku,pNku,pNku,pNku,pNku,pNku,pNku,pNku
pNku
pNku
pNku
pNku,pNku,pNku,pNku,pNku,pNku,pNku,pNku,pNku,pNku,pNku,pNku,pNku,pNku
pNku
pNku,pNku,pNku,pNku,pNku,pNku,pNku,pNku,pNku,pNku,pNku,pNku,pNku,pNku,pNku
pNku
pNku,pNku,pNku,pNku,pNku,pNku,pNku,pNku,pNku,pNku,pNku,pNku,pNku,pNku,pNku
pNku
pNku,pNku,pNku,pNku,pNku,pNku,pNku,pNku,pNku,pNku,pNku,pNku,pNku,pNku,pNku
pNku
pNku,pNku,pNku,pNku,pNku,pNku,pNku,pNku,pNku,pNku,pNku,pNku,pNku,pNku,pNku
pNku
pNku,pNku,pNku,pNku,pNku,pNku,pNku,pNku,pNku,pNku,pNku,pNku,pNku,pNku,pNku,pNku,pNku,pNku
pNku,pNku,pNku,pNku,pNku,pNku,pNku,pNku,pNku,pNku,pNku,pNku,pNku,pNku,pNku,pNku,pNku
pNku
pNku,pNku,pNku,pNku,pNku,pNku,pNku,pNku,pNku,pNku,pNku,pNku,pNku,pNku
pNku,pNku,pNku,pNku,pNku,pNku,pNku,pNku,pNku,pNku,pNku,pNku,pNku
pNku
pNku
pNku,pNku,pNku,pNku,pNku,pNku,pNku,pNku,pNku,pNku,pNku,pNku,pNku,pNku,pNku,pNku
pNku
pNku
pNku
pNku
pNku,pNku,pNku,pNku,pNku,pNku,pNku,pNku,pNku,pNku,pNku,pNku,pNku,pNku,pNku,pNku
pNku
pNku
pNku,pNku,pNku,pNku,pNku,pNku,pNku,pNku,pNku,pNku,pNku,pNku,pNku,pNku,pNku,pNku,pNku,pNku
pNku
pNku,pNku,pNku,pNku,pNku,pNku,pNku,pNku,pNku,pNku,pNku,pNku,pNku,pNku,pNku,pNku
pNku
pNku
pNku
pNku,pNku,pNku,pNku,pNku,pNku,pNku,pNku,pNku,pNku,pNku,pNku,pNku,pNku,pNku,pNku
pNku
pNku
pNku,pNku,pNku,pNku,pNku,pNku,pNku,pNku,pNku,pNku,pNku,pNku,pNku,pNku,pNku
pNku
pNku
pNku
pNku
pNku,pNku,pNku,pNku,pNku,pNku,pNku,pNku,pNku,pNku,pNku,pNku,pNku,pNku,pNku,pNku,pNku
pNku,pNku,pNku,pNku,pNku,pNku,pNku,pNku,pNku,pNku,pNku,pNku,pNku,pNku,pNku,pNku,pNku
pNku
pNku,pNku,pNku,pNku,pNku,pNku,pNku,pNku,pNku,pNku,pNku,pNku,pNku,pNku,pNku,pNku
pNku,pNku,pNku,pNku,pNku,pNku,pNku,pNku,pNku,pNku,pNku,pNku,pNku,pNku,pNku,pNku
pNku,pNku,pNku,pNku,pNku,pNku,pNku,pNku,pNku,pNku,pNku,pNku,pNku,pNku,pNku,pNku
pNku
pNku,pNku,pNku,pNku,pNku,pNku,pNku,pNku,pNku,pNku,pNku,pNku,pNku,pNku,pNku,pNku,pNku
pNku,pNku,pNku,pNku,pNku,pNku,pNku,pNku,pNku,pNku,pNku,pNku,pNku,pNku,pNku
pNku
pNku
pNku
pNku
pNku
pNku
pNku,pNku,pNku,pNku,pNku,pNku,pNku,pNku,pNku,pNku,pNku,pNku,pNku,pNku,pNku,pNku,pNku
pNku,pNku,pNku,pNku,pNku,pNku,pNku,pNku,pNku,pNku,pNku,pNku,pNku,pNku,pNku,pNku,pNku
pNku,pNku,pNku,pNku,pNku,pNku,pNku,pNku,pNku,pNku,pNku,pNku,pNku,pNku,pNku,pNku,pNku
pNku,pNku,pNku,pNku,pNku,pNku,pNku,pNku,pNku,pNku,pNku,pNku,pNku,pNku,pNku,pNku,pNku
pNku
pNku
pNku
pNku
pNku
pNku
pNku,pNku,pNku,pNku,pNku,pNku,pNku,pNku,pNku,pNku,pNku,pNku,pNku,pNku,pNku,pNku,pNku,pNku,pNku,pNku,pNku
pNku
pNku,pNku,pNku,pNku,pNku,pNku,pNku,pNku,pNku,pNku,pNku,pNku,pNku,pNku,pNku,pNku,pNku,pNku,pNku,pNku,pNku
pNku,pNku,pNku,pNku,pNku,pNku,pNku,pNku,pNku,pNku,pNku,pNku,pNku,pNku,pNku,pNku,pNku,pNku,pNku,pNku,pNku
pNku
pNku,pNku,pNku,pNku,pNku,pNku,pNku,pNku,pNku,pNku,pNku,pNku,pNku,pNku,pNku,pNku,pNku,pNku,pNku,pNku,pNku,pNku
pNku
pNku,pNku,pNku,pNku,pNku,pNku,pNku,pNku,pNku,pNku,pNku,pNku,pNku,pNku,pNku,pNku,pNku,pNku,pNku,pNku,pNku,pNku
pNku,pNku,pNku,pNku,pNku,pNku,pNku,pNku,pNku,pNku,pNku,pNku,pNku,pNku,pNku,pNku,pNku,pNku,pNku,pNku,pNku,pNku,pNku
pNku,pNku,pNku,pNku,pNku,pNku,pNku,pNku,pNku,pNku,pNku,pNku,pNku,pNku,pNku,pNku,pNku,pNku,pNku,pNku,pNku,pNku,pNku,pNku
pNku,pNku,pNku,pNku,pNku,pNku,pNku,pNku,pNku,pNku,pNku,pNku,pNku,pNku,pNku,pNku,pNku,pNku,pNku,pNku,pNku,pNku,pNku
pNku,pNku,pNku,pNku,pNku,pNku,pNku,pNku,pNku,pNku,pNku,pNku,pNku,pNku,pNku,pNku,pNku,pNku,pNku,pNku,pNku,pNku,pNku
pNku,pNku,pNku,pNku,pNku,pNku,pNku,pNku,pNku,pNku,pNku,pNku,pNku,pNku,pNku,pNku,pNku,pNku,pNku,pNku,pNku,pNku,pNku,pNku
pNku,pNku,pNku,pNku,pNku,pNku,pNku,pNku,pNku,pNku,pNku,pNku,pNku,pNku,pNku,pNku,pNku,pNku,pNku,pNku,pNku,pNku,pNku
pNku
pNku
pNku
pNku
pNku,pNku,pNku,pNku,pNku,pNku,pNku,pNku,pNku,pNku,pNku,pNku,pNku,pNku,pNku,pNku,pNku,pNku,pNku,pNku,pNku,pNku,pNku
pNku,pNku,pNku,pNku,pNku,pNku,pNku,pNku,pNku,pNku,pNku,pNku,pNku,pNku,pNku,pNku,pNku,pNku,pNku,pNku,pNku,pNku,pNku,pNku,pNku
pNku
pNku,pNku,pNku,pNku,pNku,pNku,pNku,pNku,pNku,pNku,pNku,pNku,pNku,pNku,pNku,pNku,pNku,pNku,pNku,pNku,pNku,pNku,pNku,pNku,pNku,pNku
pNku,pNku,pNku,pNku,pNku,pNku,pNku,pNku,pNku,pNku,pNku,pNku,pNku,pNku,pNku,pNku,pNku,pNku,pNku,pNku,pNku,pNku,pNku,pNku,pNku
pNku,pNku,pNku,pNku,pNku,pNku,pNku,pNku,pNku,pNku,pNku,pNku,pNku,pNku,pNku,pNku,pNku,pNku,pNku,pNku,pNku,pNku,pNku,pNku,pNku,pNku
pNku,pNku,pNku,pNku,pNku,pNku,pNku,pNku,pNku,pNku,pNku,pNku,pNku,pNku,pNku,pNku,pNku,pNku,pNku,pNku,pNku,pNku,pNku,pNku,pNku,pNku
pNku
pNku
pNku
pNku
Jedi Wagner, assuma o comando!