[vazia]
[vazia]
Toque! Toque, Dijê!
[vazia]
Toque! Toque, Dijê!
Toque! Toque, Dijê!
Toque! Toque, Dijê!
GbfBs
GbfBs
GbfBs
[vazia]
[vazia]
Toque! Toque, Dijê!
Toque! Toque, Dijê!
Toque! Toque, Dijê!
Toque! Toque, Dijê!
[vazia]
GbfBs
GbfBs
GbfBs
GbfBs,GbfBs,GbfBs
GbfBs
GbfBs,GbfBs,GbfBs
GbfBs
GbfBs,GbfBs,AHazWDsXSS
AHazWDsXSS,GbfBs,GbfBs,AHazWDsXSS
AHazWDsXSS,GbfBs,GbfBs,AHazWDsXSS
GbfBs,GbfBs,GbfBs,AHazWDsXSS
GbfBs
GbfBs
GbfBs,GbfBs,AHazWDsXSS
GbfBs,AHazWDsXSS,GbfBs,GbfBs
GbfBs
GbfBs,GbfBs,AHazWDsXSS
GbfBs
GbfBs
GbfBs
GbfBs,GbfBs,AHazWDsXSS,AHazWDsXSS
GbfBs,GbfBs,AHazWDsXSS,AHazWDsXSS
GbfBs,GbfBs,AHazWDsXSS,AHazWDsXSS
AHazWDsXSS,AHazWDsXSS,AHazWDsXSS
AHazWDsXSS
AHazWDsXSS,AHazWDsXSS,AHazWDsXSS
GbfBs,AHazWDsXSS,AHazWDsXSS,GbfBs,GbfBs
AHazWDsXSS
GbfBs,GbfBs,AHazWDsXSS,AHazWDsXSS
AHazWDsXSS
GbfBs,GbfBs,AHazWDsXSS,AHazWDsXSS
AHazWDsXSS
AHazWDsXSS
AHazWDsXSS
GbfBs,GbfBs,AHazWDsXSS,AHazWDsXSS
GbfBs,GbfBs,AHazWDsXSS,AHazWDsXSS
AHazWDsXSS
AHazWDsXSS,AHazWDsXSS,GbfBs
AHazWDsXSS
AHazWDsXSS
AHazWDsXSS,GbfBs,AHazWDsXSS,AHazWDsXSS
AHazWDsXSS
AHazWDsXSS
AHazWDsXSS,AHazWDsXSS,AHazWDsXSS
AHazWDsXSS,AHazWDsXSS,AHazWDsXSS
AHazWDsXSS,AHazWDsXSS,AHazWDsXSS
AHazWDsXSS,AHazWDsXSS,GbfBs
AHazWDsXSS,AHazWDsXSS,GbfBs,GbfBs
AHazWDsXSS,AHazWDsXSS,GbfBs,GbfBs
GbfBs
AHazWDsXSS,AHazWDsXSS,AHazWDsXSS
GbfBs,AHazWDsXSS
GbfBs
GbfBs
GbfBs,GbfBs,GbfBs
GbfBs,GbfBs,GbfBs
GbfBs
GbfBs
AHazWDsXSS
AHazWDsXSS
GbfBs
GbfBs
GbfBs,AHazWDsXSS,GbfBs,GbfBs,AHazWDsXSS,GbfBs
GbfBs
AHazWDsXSS
AHazWDsXSS,GbfBs,GbfBs,AHazWDsXSS,AHazWDsXSS,AHazWDsXSS,GbfBs,GbfBs
AHazWDsXSS,GbfBs,GbfBs,AHazWDsXSS,AHazWDsXSS,AHazWDsXSS,GbfBs,GbfBs
GbfBs
AHazWDsXSS
AHazWDsXSS
AHazWDsXSS,GbfBs,AHazWDsXSS,GbfBs,AHazWDsXSS
AHazWDsXSS,AHazWDsXSS,GbfBs,AHazWDsXSS,AHazWDsXSS,AHazWDsXSS
AHazWDsXSS
AHazWDsXSS,AHazWDsXSS,GbfBs,AHazWDsXSS,AHazWDsXSS,AHazWDsXSS,GbfBs
AHazWDsXSS
AHazWDsXSS,AHazWDsXSS,GbfBs,AHazWDsXSS,AHazWDsXSS,AHazWDsXSS,GbfBs,AHazWDsXSS,GbfBs
AHazWDsXSS,AHazWDsXSS,GbfBs,AHazWDsXSS,AHazWDsXSS,AHazWDsXSS,GbfBs,AHazWDsXSS,GbfBs
AHazWDsXSS,AHazWDsXSS,GbfBs,AHazWDsXSS,AHazWDsXSS,AHazWDsXSS,GbfBs,AHazWDsXSS,GbfBs,AHazWDsXSS
GbfBs,AHazWDsXSS,AHazWDsXSS,AHazWDsXSS,GbfBs,GbfBs,AHazWDsXSS
GbfBs,AHazWDsXSS,AHazWDsXSS,AHazWDsXSS,GbfBs,GbfBs,AHazWDsXSS,GbfBs
GbfBs
GbfBs,AHazWDsXSS,AHazWDsXSS,AHazWDsXSS,GbfBs,GbfBs,AHazWDsXSS,GbfBs
GbfBs
GbfBs
GbfBs
GbfBs,AHazWDsXSS,AHazWDsXSS,AHazWDsXSS,GbfBs,GbfBs,AHazWDsXSS
GbfBs
GbfBs,AHazWDsXSS,AHazWDsXSS,AHazWDsXSS,GbfBs,GbfBs,AHazWDsXSS
GbfBs
GbfBs
GbfBs,AHazWDsXSS,AHazWDsXSS,AHazWDsXSS,GbfBs,GbfBs,AHazWDsXSS,GbfBs,GbfBs
AHazWDsXSS
AHazWDsXSS,AHazWDsXSS,AHazWDsXSS,GbfBs,GbfBs,AHazWDsXSS,GbfBs,GbfBs
GbfBs,AHazWDsXSS,AHazWDsXSS,AHazWDsXSS,GbfBs,AHazWDsXSS,GbfBs,GbfBs
AHazWDsXSS,AHazWDsXSS,AHazWDsXSS,GbfBs,GbfBs,AHazWDsXSS,GbfBs,GbfBs,AHazWDsXSS,GbfBs,AHazWDsXSS
AHazWDsXSS
AHazWDsXSS,AHazWDsXSS,GbfBs,AHazWDsXSS,GbfBs,GbfBs,AHazWDsXSS,GbfBs,AHazWDsXSS,GbfBs,GbfBs,GbfBs
AHazWDsXSS
AHazWDsXSS
AHazWDsXSS
AHazWDsXSS
AHazWDsXSS
AHazWDsXSS
AHazWDsXSS
AHazWDsXSS,AHazWDsXSS,GbfBs,AHazWDsXSS,GbfBs,GbfBs,AHazWDsXSS,GbfBs,AHazWDsXSS,GbfBs,GbfBs,GbfBs
AHazWDsXSS,GbfBs,AHazWDsXSS,GbfBs,AHazWDsXSS,GbfBs,AHazWDsXSS,GbfBs,GbfBs,GbfBs,AHazWDsXSS
AHazWDsXSS,GbfBs,AHazWDsXSS,GbfBs,AHazWDsXSS,GbfBs,AHazWDsXSS,GbfBs,GbfBs,GbfBs,AHazWDsXSS
AHazWDsXSS,GbfBs,AHazWDsXSS,GbfBs,AHazWDsXSS,GbfBs,AHazWDsXSS,GbfBs,GbfBs,GbfBs,AHazWDsXSS
GbfBs
GbfBs
GbfBs
GbfBs,AHazWDsXSS,GbfBs,GbfBs,AHazWDsXSS,GbfBs,GbfBs,GbfBs,AHazWDsXSS,AHazWDsXSS,AHazWDsXSS
AHazWDsXSS
AHazWDsXSS,GbfBs,AHazWDsXSS,AHazWDsXSS,GbfBs,AHazWDsXSS,GbfBs,GbfBs,GbfBs,GbfBs,GbfBs,GbfBs,AHazWDsXSS
AHazWDsXSS,AHazWDsXSS,GbfBs,AHazWDsXSS,GbfBs,GbfBs,AHazWDsXSS,GbfBs,AHazWDsXSS,GbfBs,GbfBs,GbfBs,AHazWDsXSS
GbfBs
AHazWDsXSS,AHazWDsXSS,GbfBs,AHazWDsXSS,GbfBs,GbfBs,AHazWDsXSS,GbfBs,AHazWDsXSS,GbfBs,GbfBs,GbfBs
GbfBs
GbfBs
AHazWDsXSS,AHazWDsXSS,AHazWDsXSS,GbfBs,GbfBs,AHazWDsXSS,GbfBs,AHazWDsXSS,GbfBs,GbfBs,GbfBs
AHazWDsXSS
AHazWDsXSS
AHazWDsXSS,AHazWDsXSS,AHazWDsXSS,GbfBs,GbfBs,AHazWDsXSS,GbfBs,AHazWDsXSS,GbfBs,GbfBs,GbfBs,GbfBs
AHazWDsXSS,AHazWDsXSS,AHazWDsXSS,GbfBs,GbfBs,AHazWDsXSS,GbfBs,AHazWDsXSS,GbfBs,GbfBs,GbfBs,GbfBs
GbfBs
GbfBs
GbfBs
AHazWDsXSS,AHazWDsXSS,GbfBs,AHazWDsXSS,GbfBs,GbfBs,AHazWDsXSS,GbfBs,AHazWDsXSS,GbfBs,GbfBs,GbfBs
GbfBs
AHazWDsXSS,AHazWDsXSS,GbfBs,AHazWDsXSS,GbfBs,GbfBs,AHazWDsXSS,GbfBs,AHazWDsXSS,GbfBs,GbfBs,GbfBs
AHazWDsXSS,GbfBs,AHazWDsXSS,GbfBs,GbfBs,AHazWDsXSS,GbfBs,AHazWDsXSS,GbfBs,GbfBs,GbfBs
AHazWDsXSS,GbfBs,AHazWDsXSS,GbfBs,GbfBs,AHazWDsXSS,GbfBs,AHazWDsXSS,GbfBs,GbfBs,GbfBs,GbfBs
AHazWDsXSS,AHazWDsXSS,GbfBs,AHazWDsXSS,GbfBs,GbfBs,AHazWDsXSS,GbfBs,AHazWDsXSS,GbfBs,GbfBs,GbfBs,GbfBs
AHazWDsXSS,AHazWDsXSS,GbfBs,AHazWDsXSS,GbfBs,GbfBs,AHazWDsXSS,GbfBs,AHazWDsXSS,GbfBs,GbfBs,GbfBs
AHazWDsXSS,GbfBs,AHazWDsXSS,GbfBs,GbfBs,AHazWDsXSS,GbfBs,AHazWDsXSS,GbfBs,GbfBs,GbfBs,GbfBs
AHazWDsXSS,GbfBs,GbfBs,AHazWDsXSS,GbfBs,AHazWDsXSS,GbfBs,GbfBs,GbfBs,GbfBs,AHazWDsXSS
AHazWDsXSS
GbfBs,AHazWDsXSS,GbfBs,AHazWDsXSS,GbfBs,AHazWDsXSS,GbfBs,GbfBs,GbfBs,GbfBs,AHazWDsXSS
GbfBs,AHazWDsXSS,GbfBs,AHazWDsXSS,GbfBs,AHazWDsXSS,GbfBs,GbfBs,GbfBs,GbfBs,AHazWDsXSS
GbfBs,AHazWDsXSS,GbfBs,AHazWDsXSS,GbfBs,AHazWDsXSS,GbfBs,GbfBs,GbfBs,GbfBs,AHazWDsXSS
GbfBs,AHazWDsXSS,GbfBs,AHazWDsXSS,GbfBs,AHazWDsXSS,GbfBs,GbfBs,GbfBs,GbfBs,AHazWDsXSS
AHazWDsXSS
GbfBs
AHazWDsXSS,GbfBs,AHazWDsXSS,GbfBs,AHazWDsXSS,GbfBs,GbfBs,GbfBs,GbfBs,AHazWDsXSS,GbfBs,GbfBs,GbfBs,AHazWDsXSS
AHazWDsXSS
AHazWDsXSS
GbfBs
GbfBs
AHazWDsXSS,GbfBs,AHazWDsXSS,AHazWDsXSS,GbfBs,GbfBs,GbfBs,GbfBs,AHazWDsXSS,GbfBs,GbfBs,GbfBs,AHazWDsXSS,AHazWDsXSS,AHazWDsXSS
GbfBs
GbfBs
AHazWDsXSS
AHazWDsXSS
AHazWDsXSS,AHazWDsXSS,AHazWDsXSS,GbfBs,GbfBs,GbfBs,GbfBs,AHazWDsXSS,GbfBs,GbfBs,GbfBs,AHazWDsXSS,AHazWDsXSS,AHazWDsXSS,GbfBs,GbfBs,AHazWDsXSS,AHazWDsXSS
AHazWDsXSS
AHazWDsXSS,AHazWDsXSS,AHazWDsXSS,GbfBs,GbfBs,GbfBs,GbfBs,AHazWDsXSS,GbfBs,GbfBs,GbfBs,AHazWDsXSS,AHazWDsXSS,AHazWDsXSS,GbfBs,GbfBs,AHazWDsXSS,AHazWDsXSS,AHazWDsXSS
AHazWDsXSS,AHazWDsXSS,GbfBs,GbfBs,GbfBs,AHazWDsXSS,GbfBs,GbfBs,GbfBs,AHazWDsXSS,AHazWDsXSS,AHazWDsXSS,GbfBs,GbfBs,AHazWDsXSS,AHazWDsXSS,AHazWDsXSS,GbfBs,GbfBs,GbfBs
AHazWDsXSS,AHazWDsXSS,GbfBs,GbfBs,GbfBs,AHazWDsXSS,GbfBs,GbfBs,GbfBs,AHazWDsXSS,AHazWDsXSS,AHazWDsXSS,GbfBs,GbfBs,AHazWDsXSS,AHazWDsXSS,AHazWDsXSS,GbfBs,GbfBs,GbfBs
AHazWDsXSS,AHazWDsXSS,GbfBs,GbfBs,GbfBs,AHazWDsXSS,GbfBs,GbfBs,GbfBs,AHazWDsXSS,AHazWDsXSS,AHazWDsXSS,GbfBs,GbfBs,AHazWDsXSS,AHazWDsXSS,AHazWDsXSS,GbfBs,GbfBs,GbfBs
AHazWDsXSS,AHazWDsXSS,GbfBs,GbfBs,GbfBs,AHazWDsXSS,GbfBs,GbfBs,GbfBs,AHazWDsXSS,AHazWDsXSS,AHazWDsXSS,GbfBs,GbfBs,AHazWDsXSS,AHazWDsXSS,AHazWDsXSS,GbfBs,GbfBs,GbfBs,AHazWDsXSS,AHazWDsXSS
AHazWDsXSS
AHazWDsXSS
AHazWDsXSS
AHazWDsXSS,AHazWDsXSS,AHazWDsXSS,GbfBs,GbfBs,GbfBs,GbfBs,AHazWDsXSS,GbfBs,GbfBs,GbfBs,AHazWDsXSS,AHazWDsXSS,AHazWDsXSS,GbfBs,GbfBs,AHazWDsXSS,AHazWDsXSS,AHazWDsXSS,AHazWDsXSS,GbfBs
AHazWDsXSS,AHazWDsXSS,AHazWDsXSS,GbfBs,GbfBs,GbfBs,AHazWDsXSS,GbfBs,GbfBs,GbfBs,AHazWDsXSS,AHazWDsXSS,AHazWDsXSS,GbfBs,GbfBs,AHazWDsXSS,AHazWDsXSS,AHazWDsXSS,AHazWDsXSS,GbfBs,AHazWDsXSS
AHazWDsXSS
AHazWDsXSS,GbfBs,AHazWDsXSS,GbfBs,AHazWDsXSS,GbfBs,GbfBs,GbfBs,AHazWDsXSS,AHazWDsXSS,AHazWDsXSS,GbfBs,GbfBs,AHazWDsXSS,AHazWDsXSS,AHazWDsXSS,AHazWDsXSS,GbfBs,AHazWDsXSS,GbfBs
Jedi Wagner, assuma o comando!