HJmIZzVxK
HJmIZzVxK
zP
HJmIZzVxK,HJmIZzVxK,zP
HJmIZzVxK,HJmIZzVxK,zP,HJmIZzVxK
HJmIZzVxK
HJmIZzVxK
HJmIZzVxK,HJmIZzVxK,zP,HJmIZzVxK,YUNnZWLb,zP,zP
HJmIZzVxK
zP
HJmIZzVxK,HJmIZzVxK,zP,HJmIZzVxK,YUNnZWLb,zP,zP,YUNnZWLb,YUNnZWLb
zP,HJmIZzVxK,HJmIZzVxK,YUNnZWLb,zP,zP,YUNnZWLb,YUNnZWLb
HJmIZzVxK
zP,HJmIZzVxK,HJmIZzVxK,YUNnZWLb,zP,zP,YUNnZWLb,YUNnZWLb
zP,HJmIZzVxK,HJmIZzVxK,YUNnZWLb,zP,zP,YUNnZWLb,YUNnZWLb
HJmIZzVxK
YUNnZWLb
HJmIZzVxK
HJmIZzVxK
HJmIZzVxK,zP,HJmIZzVxK,YUNnZWLb,zP,zP,YUNnZWLb,HJmIZzVxK
HJmIZzVxK,zP,HJmIZzVxK,YUNnZWLb,zP,YUNnZWLb
YUNnZWLb
HJmIZzVxK,zP,HJmIZzVxK,YUNnZWLb,zP,YUNnZWLb
HJmIZzVxK,zP,HJmIZzVxK,YUNnZWLb,zP,YUNnZWLb
HJmIZzVxK,zP,HJmIZzVxK,YUNnZWLb,zP,YUNnZWLb,HJmIZzVxK
YUNnZWLb
zP,HJmIZzVxK,zP,YUNnZWLb,zP,zP
YUNnZWLb
HJmIZzVxK,zP,HJmIZzVxK,YUNnZWLb,zP,YUNnZWLb
YUNnZWLb
YUNnZWLb
HJmIZzVxK,zP,HJmIZzVxK,YUNnZWLb,zP,YUNnZWLb,zP
HJmIZzVxK,zP,HJmIZzVxK,YUNnZWLb,zP,YUNnZWLb,zP,HJmIZzVxK
HJmIZzVxK,zP,HJmIZzVxK,YUNnZWLb,zP,YUNnZWLb,zP,HJmIZzVxK
HJmIZzVxK,zP,HJmIZzVxK,YUNnZWLb,zP,YUNnZWLb,zP
HJmIZzVxK
zP,HJmIZzVxK,YUNnZWLb,HJmIZzVxK,zP,YUNnZWLb,zP
HJmIZzVxK
HJmIZzVxK
zP,HJmIZzVxK,YUNnZWLb,HJmIZzVxK,zP,YUNnZWLb,zP
zP,HJmIZzVxK,YUNnZWLb,HJmIZzVxK,zP,YUNnZWLb
YUNnZWLb
zP,YUNnZWLb,HJmIZzVxK,zP,YUNnZWLb,HJmIZzVxK,YUNnZWLb,HJmIZzVxK
zP,YUNnZWLb,HJmIZzVxK,zP,YUNnZWLb,HJmIZzVxK,YUNnZWLb,HJmIZzVxK
YUNnZWLb
HJmIZzVxK,zP,HJmIZzVxK,YUNnZWLb,zP,YUNnZWLb,HJmIZzVxK,zP
YUNnZWLb
YUNnZWLb
HJmIZzVxK,YUNnZWLb,HJmIZzVxK,zP,zP,YUNnZWLb
HJmIZzVxK
YUNnZWLb,HJmIZzVxK,HJmIZzVxK,zP,YUNnZWLb
HJmIZzVxK,zP,HJmIZzVxK,YUNnZWLb,zP,YUNnZWLb
YUNnZWLb
HJmIZzVxK,zP,HJmIZzVxK,YUNnZWLb,zP,YUNnZWLb
HJmIZzVxK
HJmIZzVxK
zP,HJmIZzVxK,YUNnZWLb,HJmIZzVxK,zP,YUNnZWLb,zP
HJmIZzVxK
HJmIZzVxK,zP,HJmIZzVxK,YUNnZWLb,zP,YUNnZWLb
YUNnZWLb
YUNnZWLb
HJmIZzVxK,HJmIZzVxK,YUNnZWLb,zP,YUNnZWLb,zP
zP
HJmIZzVxK,HJmIZzVxK,YUNnZWLb,zP,YUNnZWLb,zP
Jedi Wagner, assuma o comando!