[vazia]
Toque! Toque, Dijê!
Toque! Toque, Dijê!
issegD
issegD
[vazia]
[vazia]
[vazia]
Toque! Toque, Dijê!
[vazia]
[vazia]
Toque! Toque, Dijê!
[vazia]
[vazia]
Toque! Toque, Dijê!
NgnLOWLnu
NgnLOWLnu
NgnLOWLnu
NgnLOWLnu
NgnLOWLnu
NgnLOWLnu
NgnLOWLnu
NgnLOWLnu
NgnLOWLnu
NgnLOWLnu
NgnLOWLnu
NgnLOWLnu
NgnLOWLnu,MbnU
NgnLOWLnu,MbnU
MbnU
NgnLOWLnu,MbnU
MbnU
aLVkeCdwY
aLVkeCdwY
NgnLOWLnu,MbnU,NgnLOWLnu
MbnU
MbnU
NgnLOWLnu,MbnU
NgnLOWLnu,MbnU
NgnLOWLnu,MbnU,H
H
NgnLOWLnu,MbnU,H
NgnLOWLnu,MbnU,H,RkCfSLyzcd
NgnLOWLnu,MbnU,H
NgnLOWLnu
MbnU,H,NgnLOWLnu
NgnLOWLnu,MbnU,H
H
H
H
NgnLOWLnu,MbnU,H
NgnLOWLnu,MbnU,H
H
H
NgnLOWLnu,MbnU,H
H
NgnLOWLnu,MbnU,H
NgnLOWLnu,MbnU,H
H
NgnLOWLnu,MbnU,H,G
G
G
NgnLOWLnu,MbnU,H,G
NgnLOWLnu,MbnU,H,G
NgnLOWLnu,MbnU,H,G
NgnLOWLnu,MbnU,H,G
G
G
NgnLOWLnu,MbnU,H
NgnLOWLnu
NgnLOWLnu
G
G,MbnU,H,G
G,MbnU,H,G,RkCfSLyzcd,G,RkCfSLyzcd
G,MbnU,H,G,RkCfSLyzcd,G,RkCfSLyzcd
H
G
G
G
G,H,G,RkCfSLyzcd,G,RkCfSLyzcd
G,H,G,RkCfSLyzcd,G,RkCfSLyzcd
G,H,G,RkCfSLyzcd,G,RkCfSLyzcd
G
G
G,G,RkCfSLyzcd,G,RkCfSLyzcd
G
G,G,RkCfSLyzcd,G,RkCfSLyzcd,issegD
G
G,H,RkCfSLyzcd,G,G,RkCfSLyzcd,H,H
G,H,RkCfSLyzcd,G,G,RkCfSLyzcd,H,H
G,H,RkCfSLyzcd,G,G,RkCfSLyzcd,H,H,H
G,H,RkCfSLyzcd,G,G,RkCfSLyzcd,H,H,H
G
G,H,RkCfSLyzcd,G,G,RkCfSLyzcd,H,H,H,issegD
G,H,RkCfSLyzcd,G,G,RkCfSLyzcd,H,H,H
G
G
G,H,RkCfSLyzcd,G,G,RkCfSLyzcd,H,H,H
G
G
G,H,RkCfSLyzcd,G,G,RkCfSLyzcd,H,H,H,NgnLOWLnu
G,H,RkCfSLyzcd,G,G,RkCfSLyzcd,H,H,H,NgnLOWLnu
G,H,RkCfSLyzcd,G,G,RkCfSLyzcd,H,H,H,NgnLOWLnu,NgnLOWLnu
G,H,RkCfSLyzcd,G,G,RkCfSLyzcd,H,H,H,NgnLOWLnu,NgnLOWLnu
H
G,H,RkCfSLyzcd,G,G,RkCfSLyzcd,H,H,H,NgnLOWLnu,NgnLOWLnu
H,RkCfSLyzcd,G,G,RkCfSLyzcd,H,H,G,H,NgnLOWLnu,NgnLOWLnu,MbnU,aLVkeCdwY
G
H
H,RkCfSLyzcd,G,G,RkCfSLyzcd,H,H,G,H,aLVkeCdwY,NgnLOWLnu,NgnLOWLnu,MbnU
H
G,G,RkCfSLyzcd,H,H,G,H,aLVkeCdwY,NgnLOWLnu,RkCfSLyzcd,NgnLOWLnu,MbnU
G,G,RkCfSLyzcd,H,H,G,H,aLVkeCdwY,NgnLOWLnu,RkCfSLyzcd,NgnLOWLnu,MbnU,MbnU
G,G,RkCfSLyzcd,H,G,H,aLVkeCdwY,NgnLOWLnu,RkCfSLyzcd,NgnLOWLnu,MbnU,MbnU
RkCfSLyzcd
G,RkCfSLyzcd,H,G,H,aLVkeCdwY,RkCfSLyzcd,G,MbnU,MbnU,NgnLOWLnu,H
G,G,H,G,H,aLVkeCdwY,RkCfSLyzcd,RkCfSLyzcd,MbnU,MbnU,NgnLOWLnu,H,aLVkeCdwY
H
G,H,aLVkeCdwY,RkCfSLyzcd,RkCfSLyzcd,H,MbnU,MbnU,NgnLOWLnu,H,aLVkeCdwY,issegD,aLVkeCdwY
G,aLVkeCdwY,RkCfSLyzcd,H,MbnU,MbnU,NgnLOWLnu,H,aLVkeCdwY,aLVkeCdwY,NgnLOWLnu,issegD,H
G,aLVkeCdwY,RkCfSLyzcd,H,MbnU,NgnLOWLnu,H,aLVkeCdwY,aLVkeCdwY,NgnLOWLnu,issegD,H
aLVkeCdwY,RkCfSLyzcd,H,MbnU,NgnLOWLnu,H,aLVkeCdwY,aLVkeCdwY,NgnLOWLnu,issegD,H
G,aLVkeCdwY,RkCfSLyzcd,H,MbnU,MbnU,NgnLOWLnu,H,aLVkeCdwY,aLVkeCdwY,NgnLOWLnu,issegD,H
G,aLVkeCdwY,H,MbnU,MbnU,NgnLOWLnu,H,aLVkeCdwY,aLVkeCdwY,NgnLOWLnu,issegD,H
G,aLVkeCdwY,H,MbnU,MbnU,NgnLOWLnu,H,aLVkeCdwY,aLVkeCdwY,NgnLOWLnu,issegD,H
G,aLVkeCdwY,H,MbnU,MbnU,NgnLOWLnu,H,aLVkeCdwY,aLVkeCdwY,NgnLOWLnu,issegD,H
NgnLOWLnu
G,aLVkeCdwY,MbnU,MbnU,NgnLOWLnu,H,H,aLVkeCdwY,aLVkeCdwY,NgnLOWLnu,issegD,H,G
G,aLVkeCdwY,MbnU,MbnU,NgnLOWLnu,H,H,aLVkeCdwY,aLVkeCdwY,NgnLOWLnu,issegD,H,G
G,aLVkeCdwY,MbnU,MbnU,NgnLOWLnu,H,H,aLVkeCdwY,aLVkeCdwY,NgnLOWLnu,issegD,H,G
H
G,aLVkeCdwY,RkCfSLyzcd,H,MbnU,MbnU,NgnLOWLnu,H,aLVkeCdwY,aLVkeCdwY,NgnLOWLnu,issegD,H
G
aLVkeCdwY,RkCfSLyzcd,H,MbnU,MbnU,NgnLOWLnu,G,H,aLVkeCdwY,aLVkeCdwY,NgnLOWLnu,H
G
H
aLVkeCdwY,RkCfSLyzcd,H,MbnU,MbnU,NgnLOWLnu,G,H,aLVkeCdwY,aLVkeCdwY,NgnLOWLnu,H
aLVkeCdwY,RkCfSLyzcd,H,MbnU,MbnU,NgnLOWLnu,G,H,aLVkeCdwY,aLVkeCdwY,NgnLOWLnu,H
aLVkeCdwY,RkCfSLyzcd,H,MbnU,MbnU,NgnLOWLnu,G,H,aLVkeCdwY,aLVkeCdwY,NgnLOWLnu,H,RkCfSLyzcd
H
aLVkeCdwY
aLVkeCdwY,RkCfSLyzcd,H,MbnU,MbnU,NgnLOWLnu,G,H,aLVkeCdwY,aLVkeCdwY,NgnLOWLnu,H
aLVkeCdwY,RkCfSLyzcd,H,MbnU,MbnU,NgnLOWLnu,G,H,aLVkeCdwY,aLVkeCdwY,NgnLOWLnu,H,MbnU,issegD
H
aLVkeCdwY,RkCfSLyzcd,H,MbnU,MbnU,NgnLOWLnu,G,H,aLVkeCdwY,aLVkeCdwY,NgnLOWLnu,H,MbnU,issegD,MbnU
H
H
aLVkeCdwY,RkCfSLyzcd,NgnLOWLnu,H,H,aLVkeCdwY,aLVkeCdwY,NgnLOWLnu,H,MbnU,MbnU,H
aLVkeCdwY,RkCfSLyzcd,NgnLOWLnu,H,aLVkeCdwY,aLVkeCdwY,NgnLOWLnu,H,MbnU,MbnU,H,H,H,issegD,RkCfSLyzcd
aLVkeCdwY
aLVkeCdwY,RkCfSLyzcd,NgnLOWLnu,H,aLVkeCdwY,aLVkeCdwY,NgnLOWLnu,H,MbnU,MbnU,H,H,H,issegD,RkCfSLyzcd
aLVkeCdwY,RkCfSLyzcd,NgnLOWLnu,aLVkeCdwY,aLVkeCdwY,NgnLOWLnu,H,MbnU,MbnU,H,H,H,issegD,RkCfSLyzcd
aLVkeCdwY,RkCfSLyzcd,NgnLOWLnu,aLVkeCdwY,aLVkeCdwY,NgnLOWLnu,H,MbnU,MbnU,H,H,H,issegD,RkCfSLyzcd
aLVkeCdwY,RkCfSLyzcd,NgnLOWLnu,aLVkeCdwY,aLVkeCdwY,NgnLOWLnu,H,MbnU,MbnU,H,H,H,issegD,RkCfSLyzcd
aLVkeCdwY,RkCfSLyzcd,NgnLOWLnu,aLVkeCdwY,aLVkeCdwY,NgnLOWLnu,H,MbnU,MbnU,H,H,H,issegD,RkCfSLyzcd
aLVkeCdwY,RkCfSLyzcd,NgnLOWLnu,aLVkeCdwY,aLVkeCdwY,NgnLOWLnu,H,MbnU,MbnU,H,H,H,issegD,RkCfSLyzcd
MbnU
MbnU
aLVkeCdwY,RkCfSLyzcd,NgnLOWLnu,aLVkeCdwY,aLVkeCdwY,NgnLOWLnu,MbnU,MbnU,H,H,H,issegD,RkCfSLyzcd,NgnLOWLnu
aLVkeCdwY,RkCfSLyzcd,NgnLOWLnu,aLVkeCdwY,aLVkeCdwY,NgnLOWLnu,MbnU,MbnU,H,H,H,issegD,RkCfSLyzcd,NgnLOWLnu
NgnLOWLnu
NgnLOWLnu
RkCfSLyzcd,aLVkeCdwY,aLVkeCdwY,NgnLOWLnu,MbnU,MbnU,NgnLOWLnu,H,H,H,issegD,RkCfSLyzcd,NgnLOWLnu
NgnLOWLnu
H
aLVkeCdwY,aLVkeCdwY,MbnU,NgnLOWLnu,H,RkCfSLyzcd,NgnLOWLnu,H,H,RkCfSLyzcd,NgnLOWLnu,aLVkeCdwY,G,AlGENgCF
aLVkeCdwY,RkCfSLyzcd,aLVkeCdwY,aLVkeCdwY,NgnLOWLnu,MbnU,MbnU,NgnLOWLnu,H,H,issegD,RkCfSLyzcd,NgnLOWLnu
MbnU
aLVkeCdwY,aLVkeCdwY,aLVkeCdwY,NgnLOWLnu,MbnU,NgnLOWLnu,H,MbnU,H,issegD,RkCfSLyzcd,NgnLOWLnu,issegD
MbnU
aLVkeCdwY,aLVkeCdwY,aLVkeCdwY,NgnLOWLnu,MbnU,NgnLOWLnu,RkCfSLyzcd,H,MbnU,H,issegD,RkCfSLyzcd,NgnLOWLnu,issegD
MbnU
H
H
aLVkeCdwY,aLVkeCdwY,aLVkeCdwY,NgnLOWLnu,MbnU,MbnU,NgnLOWLnu,RkCfSLyzcd,H,H,RkCfSLyzcd,NgnLOWLnu,issegD,aLVkeCdwY
H
H
aLVkeCdwY,aLVkeCdwY,aLVkeCdwY,NgnLOWLnu,MbnU,MbnU,NgnLOWLnu,RkCfSLyzcd,H,H,RkCfSLyzcd,NgnLOWLnu,issegD,MbnU
aLVkeCdwY,aLVkeCdwY,aLVkeCdwY,NgnLOWLnu,MbnU,MbnU,NgnLOWLnu,RkCfSLyzcd,H,H,RkCfSLyzcd,NgnLOWLnu,issegD
aLVkeCdwY,aLVkeCdwY,aLVkeCdwY,NgnLOWLnu,MbnU,MbnU,NgnLOWLnu,RkCfSLyzcd,H,H,RkCfSLyzcd,NgnLOWLnu,issegD
aLVkeCdwY,aLVkeCdwY,aLVkeCdwY,MbnU,NgnLOWLnu,RkCfSLyzcd,H,H,MbnU,RkCfSLyzcd,NgnLOWLnu,issegD,aLVkeCdwY,aLVkeCdwY,issegD
aLVkeCdwY,aLVkeCdwY,aLVkeCdwY,MbnU,NgnLOWLnu,RkCfSLyzcd,H,H,MbnU,RkCfSLyzcd,NgnLOWLnu,issegD,aLVkeCdwY,aLVkeCdwY,issegD
aLVkeCdwY,aLVkeCdwY,aLVkeCdwY,MbnU,NgnLOWLnu,RkCfSLyzcd,H,H,MbnU,RkCfSLyzcd,NgnLOWLnu,issegD,aLVkeCdwY,aLVkeCdwY,issegD
aLVkeCdwY,aLVkeCdwY,aLVkeCdwY,MbnU,NgnLOWLnu,RkCfSLyzcd,H,H,MbnU,RkCfSLyzcd,NgnLOWLnu,issegD,aLVkeCdwY,aLVkeCdwY,issegD
aLVkeCdwY,aLVkeCdwY,aLVkeCdwY,MbnU,NgnLOWLnu,RkCfSLyzcd,H,H,MbnU,RkCfSLyzcd,NgnLOWLnu,issegD,aLVkeCdwY,aLVkeCdwY,issegD
MbnU
MbnU
MbnU
MbnU
MbnU
MbnU
MbnU,RkCfSLyzcd,MbnU,RkCfSLyzcd,NgnLOWLnu,issegD,aLVkeCdwY,aLVkeCdwY,issegD,MbnU,issegD,RkCfSLyzcd,G,G
MbnU,RkCfSLyzcd,MbnU,RkCfSLyzcd,issegD,NgnLOWLnu,aLVkeCdwY,aLVkeCdwY,issegD,MbnU,issegD,RkCfSLyzcd,G,G
MbnU,RkCfSLyzcd,MbnU,RkCfSLyzcd,issegD,NgnLOWLnu,aLVkeCdwY,aLVkeCdwY,issegD,MbnU,issegD,RkCfSLyzcd,G,G
MbnU,RkCfSLyzcd,MbnU,RkCfSLyzcd,issegD,NgnLOWLnu,aLVkeCdwY,issegD,MbnU,issegD,RkCfSLyzcd,G,G
issegD
MbnU,RkCfSLyzcd,MbnU,RkCfSLyzcd,issegD,aLVkeCdwY,NgnLOWLnu,issegD,MbnU,issegD,RkCfSLyzcd,G,G
MbnU,MbnU,RkCfSLyzcd,issegD,aLVkeCdwY,RkCfSLyzcd,NgnLOWLnu,issegD,MbnU,issegD,RkCfSLyzcd,G,G
RkCfSLyzcd
RkCfSLyzcd
aLVkeCdwY
RkCfSLyzcd,MbnU,RkCfSLyzcd,issegD,NgnLOWLnu,aLVkeCdwY,issegD,MbnU,issegD,RkCfSLyzcd,G,aLVkeCdwY
aLVkeCdwY
MbnU,RkCfSLyzcd,issegD,NgnLOWLnu,aLVkeCdwY,issegD,H,RkCfSLyzcd,MbnU,issegD,RkCfSLyzcd,G,aLVkeCdwY,RkCfSLyzcd
issegD
MbnU,RkCfSLyzcd,issegD,NgnLOWLnu,aLVkeCdwY,issegD,RkCfSLyzcd,MbnU,issegD,RkCfSLyzcd,G,aLVkeCdwY,RkCfSLyzcd,H
issegD
issegD
issegD
Jedi Wagner, assuma o comando!