[vazia]
Toque! Toque, Dijê!
Toque! Toque, Dijê!
Rm,E,Rm
Toque! Toque, Dijê!
[vazia]
[vazia]
[vazia]
Toque! Toque, Dijê!
[vazia]
[vazia]
Toque! Toque, Dijê!
Toque! Toque, Dijê!
Rm
Rm
Rm
Rm,Rm,Rm,E
Rm,Rm,E,Rm
Rm
Rm
Rm,Rm,Rm,E,E
Rm,Rm,Rm,E,E
Rm
Rm
Rm,Rm,Rm,E,E,E
Rm
Rm
Rm
Rm,Rm,E,E
E,Rm,Rm,E,E,Rm
E
Rm,E,Rm,E,E,Rm,Rm
Rm,E,E,E,Rm,Rm,Rm
Rm,E,E,E,Rm,Rm,Rm
E
E
E
Rm
Rm
Rm
Rm
E,E,Rm,Rm,Rm,Rm,E,Rm
E,E,Rm,Rm,Rm,Rm,E,Rm,E
Rm
Rm
E,E,Rm,Rm,Rm,Rm,E,Rm,E
Rm
E,E,Rm,Rm,Rm,Rm,E,Rm,E
E,E,Rm,Rm,Rm,Rm,E,Rm,E
Rm
E,E,Rm,Rm,Rm,Rm,E,Rm,E
Rm
Rm
E,E,Rm,Rm,Rm,Rm,E,Rm,E
Rm
Rm
E,E,Rm,Rm,Rm,Rm,E,Rm,E
E,E,Rm,Rm,Rm,Rm,E,Rm,E
E,E,Rm,Rm,E,Rm,E
E,E,E,Rm,E
E,E,Rm,E,Rm,E,E
E,Rm,Rm,E,E,E,Rm
E
Rm
Rm,E,Rm,E,E,Rm,Rm,E,Rm
Rm,E,Rm,E,E,Rm,Rm,E,Rm
Rm
Rm,E,Rm,E,E,Rm,Rm,E,Rm,E
Rm,E,Rm,E,E,Rm,Rm,E,Rm,E
E
E,Rm,Rm,E,Rm,E,Rm,E,E,E,E
E,Rm,Rm,E,Rm,E,Rm,E,E,E,E
Rm,Rm,E,Rm,E,Rm,E,E,E,E
Rm,Rm,E,Rm,E,Rm,E,E,E,E
Rm,Rm,E,Rm,E,Rm,E,E,E,E
Rm,Rm,E,Rm,E,Rm,E,E,E,E
Rm,Rm,Rm,E,Rm,E,E,E,E
Rm
E
E
E,Rm,Rm,E,Rm,E,Rm,E,E,E,Rm
E,Rm,Rm,E,Rm,E,Rm,E,E,E,Rm
E,Rm,Rm,E,Rm,E,Rm,E,E,E,Rm
E,Rm,Rm,E,Rm,E,Rm,E,E,E,Rm
Rm,Rm,E,Rm,E,Rm,E,E,E,Rm
E,Rm,E,Rm,E,E,E,Rm
E,Rm,E,Rm,E,E,E,Rm,E,Rm,Rm
Rm,E,E,Rm,E,E,E,Rm,E,Rm,Rm
Rm,E,E,Rm,E,E,E,Rm,E,Rm,Rm
E
Rm,E,E,Rm,E,E,E,Rm,E,Rm,Rm
Rm,E,E,Rm,E,E,E,Rm,E,Rm,Rm
E
E
Rm,E,E,Rm,E,E,E,Rm,E,Rm,Rm
E
E
E,E,E,E,E,E,Rm,Rm,Rm,E
E,E,E,E,E,E,Rm,Rm,E,E
E,E,E,E,E,E,Rm,Rm,Rm,E
E
E,E,E,E,E,E,Rm,Rm,Rm,E
E,E,E,E,E,Rm,Rm,Rm,E,Rm
E,E,E,E,E,Rm,E,Rm,E
E,E,E,E,E,E,Rm,E,E
E
E
E,E,E,E,E,E,E,E,E
E
E
E,E,E,E,E,E,E,E,E,E
E
E,E,E,E,E,Rm,E,Rm,E
E
E
E,E,E,E,E,Rm,E,Rm,E
E
E
E,E,E,E,E,Rm,E,Rm
E
E,E,E,E,Rm,E,E,Rm,E,Rm,E
E
E
E,E,E,Rm,E,E,Rm
E
E
E,E,E,Rm,E,E
E,E,E,E
E,E,E,E
E
E,E,E
E
E,E,E
E,E,E,Rm
E,E,E,Rm
E,E,E,Rm
E
E
E
E,E,Rm,E,Rm
E
E
E,E,E
E
Jedi Wagner, assuma o comando!