Toque! Toque, Dijê!
FmGQcYV
Toque! Toque, Dijê!
cGw
Toque! Toque, Dijê!
[vazia]
cGw
cGw
Toque! Toque, Dijê!
Toque! Toque, Dijê!
[vazia]
[vazia]
xYdrjde
xYdrjde,h,cGw,FmGQcYV
xYdrjde
xYdrjde,h,cGw
xYdrjde,h,cGw
xYdrjde,h,cGw,FmGQcYV
[vazia]
[vazia]
Toque! Toque, Dijê!
Toque! Toque, Dijê!
uVJwB
uVJwB
uVJwB
uVJwB
uVJwB
cGw
cGw,uVJwB
uVJwB
uVJwB,xYdrjde
xYdrjde
uVJwB,xYdrjde
uVJwB,xYdrjde
xYdrjde
xYdrjde
xYdrjde
xYdrjde
uVJwB,xYdrjde,h
xYdrjde,h
xYdrjde,h,PE,MeZL
uVJwB,xYdrjde
xYdrjde
uVJwB,xYdrjde
uVJwB,xYdrjde
xYdrjde
uVJwB,xYdrjde
MeZL,uVJwB,xYdrjde,cGw
MeZL
MeZL
uVJwB,xYdrjde,MeZL,cGw
uVJwB,xYdrjde,MeZL,cGw
uVJwB,xYdrjde,MeZL,cGw
uVJwB,xYdrjde,MeZL,cGw,cGw,cGw
xYdrjde
uVJwB,xYdrjde,cGw,cGw,FmGQcYV,CeiAwPYFDT,PE,JADTQwqm
cGw
cGw
PE
uVJwB,xYdrjde,cGw,CeiAwPYFDT,PE,cGw,FmGQcYV,JADTQwqm,cGw
PE
uVJwB,xYdrjde,cGw,CeiAwPYFDT,PE,cGw,FmGQcYV,JADTQwqm,cGw
PE
FmGQcYV
uVJwB,xYdrjde,cGw,FmGQcYV,PE,cGw,cGw,PE,FmGQcYV
FmGQcYV
PE
PE
uVJwB,xYdrjde,cGw,CeiAwPYFDT,PE,cGw,FmGQcYV,JADTQwqm,cGw,cGw,MeZL,CeiAwPYFDT
PE
PE
uVJwB,xYdrjde,cGw,PE,CeiAwPYFDT,WCC,cGw,JADTQwqm,cGw,cGw,CeiAwPYFDT,MeZL
uVJwB,xYdrjde,cGw,PE,CeiAwPYFDT,WCC,cGw,MeZL,JADTQwqm,cGw,cGw,CeiAwPYFDT,FmGQcYV
uVJwB,xYdrjde,cGw,PE,CeiAwPYFDT,WCC,cGw,JADTQwqm,cGw,cGw,CeiAwPYFDT,MeZL
cGw
cGw
uVJwB
xYdrjde,cGw,PE,CeiAwPYFDT,cGw,uVJwB,JADTQwqm,cGw,cGw,CeiAwPYFDT,MeZL
uVJwB
xYdrjde,CeiAwPYFDT,cGw,uVJwB,cGw,JADTQwqm,cGw,cGw,CeiAwPYFDT,PE,MeZL,uVJwB,xYdrjde
cGw
xYdrjde,CeiAwPYFDT,uVJwB,cGw,JADTQwqm,cGw,cGw,CeiAwPYFDT,PE,MeZL,uVJwB,xYdrjde
xYdrjde,CeiAwPYFDT,uVJwB,cGw,JADTQwqm,cGw,cGw,CeiAwPYFDT,PE,MeZL,uVJwB,xYdrjde
cGw
JADTQwqm
xYdrjde,CeiAwPYFDT,cGw,uVJwB,cGw,cGw,cGw,CeiAwPYFDT,PE,MeZL,uVJwB,xYdrjde,PE
cGw
xYdrjde,CeiAwPYFDT,uVJwB,cGw,JADTQwqm,cGw,cGw,CeiAwPYFDT,MeZL,uVJwB,xYdrjde,cGw
CeiAwPYFDT
xYdrjde,CeiAwPYFDT,uVJwB,cGw,JADTQwqm,cGw,cGw,CeiAwPYFDT,PE,MeZL,uVJwB,xYdrjde,cGw
PE
xYdrjde,CeiAwPYFDT,uVJwB,cGw,cGw,CeiAwPYFDT,PE,MeZL,uVJwB,xYdrjde,cGw,cGw
MeZL
xYdrjde,CeiAwPYFDT,uVJwB,cGw,cGw,CeiAwPYFDT,PE,MeZL,uVJwB,xYdrjde,cGw,cGw
xYdrjde,CeiAwPYFDT,uVJwB,cGw,cGw,CeiAwPYFDT,PE,MeZL,uVJwB,xYdrjde,cGw,cGw
uVJwB
uVJwB
xYdrjde,CeiAwPYFDT,uVJwB,cGw,cGw,CeiAwPYFDT,PE,MeZL,uVJwB,xYdrjde,cGw,cGw
xYdrjde,CeiAwPYFDT,uVJwB,cGw,cGw,CeiAwPYFDT,PE,MeZL,uVJwB,xYdrjde,cGw,cGw
uVJwB
uVJwB
uVJwB
xYdrjde
CeiAwPYFDT,cGw,cGw,CeiAwPYFDT,PE,MeZL,uVJwB,xYdrjde,xYdrjde,cGw,cGw
xYdrjde
xYdrjde
PE
cGw
CeiAwPYFDT,cGw,cGw,CeiAwPYFDT,PE,MeZL,uVJwB,xYdrjde,xYdrjde,cGw,cGw,uVJwB
xYdrjde
xYdrjde
CeiAwPYFDT,cGw,cGw,CeiAwPYFDT,PE,MeZL,uVJwB,xYdrjde,xYdrjde,cGw,cGw,uVJwB,CeiAwPYFDT
CeiAwPYFDT,cGw,cGw,CeiAwPYFDT,PE,MeZL,uVJwB,xYdrjde,xYdrjde,cGw,cGw,uVJwB,CeiAwPYFDT,uVJwB,MeZL
xYdrjde
xYdrjde
xYdrjde
xYdrjde
xYdrjde
xYdrjde
xYdrjde
xYdrjde
CeiAwPYFDT,cGw,cGw,CeiAwPYFDT,PE,uVJwB,xYdrjde,cGw,xYdrjde,MeZL,cGw,uVJwB,CeiAwPYFDT,uVJwB,MeZL,cGw
CeiAwPYFDT,cGw,cGw,CeiAwPYFDT,PE,MeZL,uVJwB,xYdrjde,cGw,xYdrjde,cGw,uVJwB,CeiAwPYFDT,uVJwB,MeZL,cGw,cGw
xYdrjde
xYdrjde
xYdrjde
Jedi Wagner, assuma o comando!