[vazia]
Toque! Toque, Dijê!
Toque! Toque, Dijê!
[vazia]
[vazia]
Toque! Toque, Dijê!
Toque! Toque, Dijê!
Toque! Toque, Dijê!
[vazia]
Toque! Toque, Dijê!
[vazia]
csDvZULPJo
csDvZULPJo
Toque! Toque, Dijê!
aEh
aEh,csDvZULPJo
aEh,csDvZULPJo
csDvZULPJo
aEh,csDvZULPJo
aEh
aEh
aEh
aEh,csDvZULPJo
aEh,csDvZULPJo,csDvZULPJo,aEh
csDvZULPJo
csDvZULPJo
csDvZULPJo
csDvZULPJo
csDvZULPJo,aEh,csDvZULPJo,aEh
csDvZULPJo
aEh
csDvZULPJo,aEh,csDvZULPJo
csDvZULPJo,aEh,csDvZULPJo
csDvZULPJo,aEh,csDvZULPJo
csDvZULPJo,aEh,csDvZULPJo
aEh,csDvZULPJo
aEh,csDvZULPJo,aEh,csDvZULPJo
aEh
aEh,aEh,csDvZULPJo,csDvZULPJo
aEh
aEh
aEh,aEh
Jedi Wagner, assuma o comando!