hwQyqSNy
hwQyqSNy,Eux
hwQyqSNy,Eux
Toque! Toque, Dijê!
Toque! Toque, Dijê!
[vazia]
TvL,Eux,l,TvL
TvL
TvL
TvL
TvL,Eux,l,TvL
TvL,Eux,l
TvL,Eux,l,nqzKZSxZ
TvL,nqzKZSxZ
TvL,nqzKZSxZ
TvL
TvL
TvL,nqzKZSxZ,TvL
TvL
TvL,hwQyqSNy
TvL
TvL,hwQyqSNy
TvL
TvL
TvL
TvL,Eux,TvL
Eux
Eux
Eux
TvL
Eux,TvL,nqzKZSxZ,nqzKZSxZ
nqzKZSxZ
nqzKZSxZ
Eux,TvL,nqzKZSxZ
Eux,nqzKZSxZ,TvL
Eux,nqzKZSxZ,TvL,hwQyqSNy
Eux,nqzKZSxZ,TvL
Eux
Eux
nqzKZSxZ
nqzKZSxZ
Eux,nqzKZSxZ
Eux,nqzKZSxZ,nqzKZSxZ,Eux
Eux,nqzKZSxZ,nqzKZSxZ,Eux
Eux,nqzKZSxZ,nqzKZSxZ,Eux
nqzKZSxZ
Eux,nqzKZSxZ,nqzKZSxZ,Eux,hwQyqSNy,TvL
nqzKZSxZ,Eux,nqzKZSxZ,Eux,hwQyqSNy,TvL,nqzKZSxZ
nqzKZSxZ,Eux,nqzKZSxZ,Eux,hwQyqSNy,TvL,nqzKZSxZ
Eux
nqzKZSxZ
nqzKZSxZ,Eux,TvL,nqzKZSxZ,Eux,hwQyqSNy,nqzKZSxZ,Eux,Eux
nqzKZSxZ,Eux,l,TvL,nqzKZSxZ,Eux,hwQyqSNy,nqzKZSxZ,Eux,Eux
nqzKZSxZ,Eux,l,TvL,nqzKZSxZ,Eux,hwQyqSNy,nqzKZSxZ,Eux,Eux
nqzKZSxZ,Eux,l,TvL,nqzKZSxZ,Eux,hwQyqSNy,nqzKZSxZ,Eux,Eux
nqzKZSxZ,Eux,TvL,nqzKZSxZ,Eux,hwQyqSNy,nqzKZSxZ,Eux
nqzKZSxZ,Eux,TvL,nqzKZSxZ,Eux,hwQyqSNy,nqzKZSxZ,Eux
nqzKZSxZ,Eux,TvL,nqzKZSxZ,Eux,hwQyqSNy,nqzKZSxZ,Eux,Eux
nqzKZSxZ,Eux,TvL,nqzKZSxZ,Eux,hwQyqSNy,nqzKZSxZ,Eux,Eux
nqzKZSxZ,Eux,TvL,nqzKZSxZ,Eux,hwQyqSNy,nqzKZSxZ,Eux,Eux
TvL
TvL
nqzKZSxZ,Eux,TvL,nqzKZSxZ,Eux,hwQyqSNy,nqzKZSxZ,Eux,Eux
TvL
nqzKZSxZ
TvL
nqzKZSxZ,Eux,TvL,nqzKZSxZ,Eux,hwQyqSNy,nqzKZSxZ,Eux,Eux
TvL
TvL
nqzKZSxZ,Eux,TvL,nqzKZSxZ,Eux,hwQyqSNy,nqzKZSxZ,Eux,Eux
TvL
Eux,TvL,nqzKZSxZ,Eux,hwQyqSNy,nqzKZSxZ,Eux,hwQyqSNy,TvL
Eux,nqzKZSxZ,Eux,hwQyqSNy,nqzKZSxZ,Eux,hwQyqSNy,hwQyqSNy
Eux,nqzKZSxZ,Eux,hwQyqSNy,nqzKZSxZ,Eux,hwQyqSNy,hwQyqSNy
Eux
hwQyqSNy
Eux
nqzKZSxZ
Eux
Eux
Eux,hwQyqSNy,Eux,nqzKZSxZ,Eux,hwQyqSNy,hwQyqSNy,TvL,TvL,hwQyqSNy
hwQyqSNy
Eux,Eux,nqzKZSxZ,Eux,hwQyqSNy,hwQyqSNy,hwQyqSNy,TvL,TvL,hwQyqSNy,hwQyqSNy
TvL
Eux,Eux,Eux,TvL,hwQyqSNy,hwQyqSNy,hwQyqSNy,hwQyqSNy,nqzKZSxZ
Eux,Eux,Eux,TvL,hwQyqSNy,hwQyqSNy,hwQyqSNy,hwQyqSNy,nqzKZSxZ
TvL
TvL
TvL
Eux,Eux,Eux,hwQyqSNy,TvL,hwQyqSNy,hwQyqSNy,hwQyqSNy,hwQyqSNy,nqzKZSxZ
TvL
Eux,Eux,Eux,hwQyqSNy,TvL,hwQyqSNy,hwQyqSNy,hwQyqSNy,hwQyqSNy,nqzKZSxZ
TvL
TvL
Eux,Eux,Eux,hwQyqSNy,TvL,hwQyqSNy,hwQyqSNy,hwQyqSNy,hwQyqSNy,nqzKZSxZ
TvL
nqzKZSxZ
Eux,Eux,Eux,nqzKZSxZ,hwQyqSNy,hwQyqSNy,hwQyqSNy,hwQyqSNy
TvL
TvL
hwQyqSNy
hwQyqSNy
Eux,Eux,Eux,hwQyqSNy,TvL,hwQyqSNy,hwQyqSNy,hwQyqSNy,hwQyqSNy,nqzKZSxZ,Eux
hwQyqSNy
TvL
Eux
Eux
hwQyqSNy
Eux,Eux,Eux,TvL,hwQyqSNy,hwQyqSNy,hwQyqSNy,nqzKZSxZ,hwQyqSNy,hwQyqSNy,Eux
Eux,Eux,Eux,hwQyqSNy,TvL,hwQyqSNy,hwQyqSNy,hwQyqSNy,hwQyqSNy,nqzKZSxZ,Eux
Eux,Eux,Eux,hwQyqSNy,TvL,hwQyqSNy,hwQyqSNy,hwQyqSNy,hwQyqSNy,nqzKZSxZ,Eux,hwQyqSNy
Eux,Eux,Eux,hwQyqSNy,hwQyqSNy,hwQyqSNy,hwQyqSNy,hwQyqSNy,nqzKZSxZ,Eux,hwQyqSNy
Eux,Eux,Eux,hwQyqSNy,hwQyqSNy,hwQyqSNy,hwQyqSNy,hwQyqSNy,nqzKZSxZ,Eux,hwQyqSNy
Eux
hwQyqSNy
Eux,Eux,Eux,hwQyqSNy,TvL,hwQyqSNy,hwQyqSNy,hwQyqSNy,hwQyqSNy,nqzKZSxZ,Eux
Eux,Eux,Eux,hwQyqSNy,TvL,hwQyqSNy,hwQyqSNy,hwQyqSNy,hwQyqSNy,nqzKZSxZ,Eux
Eux,Eux,Eux,hwQyqSNy,TvL,hwQyqSNy,hwQyqSNy,hwQyqSNy,hwQyqSNy,nqzKZSxZ,Eux
Eux,Eux,Eux,TvL,hwQyqSNy,hwQyqSNy,hwQyqSNy,hwQyqSNy,nqzKZSxZ,Eux
Eux,Eux,TvL,hwQyqSNy,hwQyqSNy,hwQyqSNy,Eux,hwQyqSNy,nqzKZSxZ,Eux,TvL,Eux
Eux,Eux,TvL,hwQyqSNy,hwQyqSNy,hwQyqSNy,Eux,hwQyqSNy,nqzKZSxZ,Eux,TvL,Eux
hwQyqSNy
Eux
Eux,hwQyqSNy,hwQyqSNy,hwQyqSNy,Eux,nqzKZSxZ,TvL,Eux,hwQyqSNy,Eux,TvL,Eux,nqzKZSxZ,l
nqzKZSxZ
Eux,hwQyqSNy,hwQyqSNy,hwQyqSNy,Eux,nqzKZSxZ,TvL,Eux,hwQyqSNy,Eux,TvL,Eux,nqzKZSxZ,l
TvL
TvL
hwQyqSNy,hwQyqSNy,hwQyqSNy,Eux,nqzKZSxZ,TvL,Eux,hwQyqSNy,Eux,TvL,Eux,nqzKZSxZ,l,TvL
hwQyqSNy,hwQyqSNy,Eux,nqzKZSxZ,TvL,hwQyqSNy,Eux,hwQyqSNy,Eux,TvL,Eux,nqzKZSxZ,l,TvL,Eux
hwQyqSNy,hwQyqSNy,Eux,TvL,hwQyqSNy,Eux,hwQyqSNy,Eux,TvL,Eux,nqzKZSxZ,TvL,Eux
hwQyqSNy,hwQyqSNy,hwQyqSNy,Eux,nqzKZSxZ,TvL,Eux,hwQyqSNy,Eux,TvL,Eux,nqzKZSxZ,l,TvL,Eux
hwQyqSNy,hwQyqSNy,hwQyqSNy,nqzKZSxZ,Eux,TvL,hwQyqSNy,Eux,TvL,Eux,nqzKZSxZ,l,TvL
TvL
hwQyqSNy,hwQyqSNy,hwQyqSNy,nqzKZSxZ,Eux,TvL,hwQyqSNy,Eux,TvL,Eux,nqzKZSxZ,l,TvL
TvL
hwQyqSNy,hwQyqSNy,nqzKZSxZ,Eux,TvL,hwQyqSNy,l,hwQyqSNy,Eux,TvL,Eux,nqzKZSxZ,TvL,TvL
hwQyqSNy,hwQyqSNy,nqzKZSxZ,TvL,hwQyqSNy,l,hwQyqSNy,Eux,TvL,Eux,nqzKZSxZ,TvL,TvL,hwQyqSNy
Jedi Wagner, assuma o comando!