Toque! Toque, Dijê!
[vazia]
[vazia]
w
w
w
w,ywfrWOX
w,ywfrWOX
xqfwTx
w,ywfrWOX,xqfwTx,eKuyLPHwaH
w,xqfwTx,eKuyLPHwaH,kDJVmmh,vFowmDd
xqfwTx
xqfwTx
kDJVmmh
kDJVmmh
kDJVmmh
kDJVmmh
kDJVmmh
kDJVmmh
w,eKuyLPHwaH,kDJVmmh,vFowmDd,w
w,eKuyLPHwaH,vFowmDd,kDJVmmh,w,ywfrWOX
eKuyLPHwaH,w,w,ywfrWOX,eKuyLPHwaH
w
vFowmDd
w,eKuyLPHwaH,vFowmDd,w
w,eKuyLPHwaH,vFowmDd,w,kDJVmmh,ywfrWOX
vFowmDd
w,w,kDJVmmh,eKuyLPHwaH,vFowmDd,ywfrWOX
eKuyLPHwaH
w,w,kDJVmmh,eKuyLPHwaH,ywfrWOX,vFowmDd,xqfwTx
eKuyLPHwaH
vFowmDd
vFowmDd
w,kDJVmmh,eKuyLPHwaH,vFowmDd,w,xqfwTx,xqfwTx,vFowmDd
w,kDJVmmh,eKuyLPHwaH,vFowmDd,w,xqfwTx,xqfwTx,vFowmDd,ywfrWOX,kDJVmmh
eKuyLPHwaH,vFowmDd,w,w,kDJVmmh,xqfwTx,vFowmDd,ywfrWOX,kDJVmmh,xqfwTx,eKuyLPHwaH
w
w
w
eKuyLPHwaH,vFowmDd,w,xqfwTx,kDJVmmh,w,vFowmDd,ywfrWOX,kDJVmmh,xqfwTx,eKuyLPHwaH
xqfwTx
eKuyLPHwaH,kDJVmmh,vFowmDd,ywfrWOX,w,vFowmDd,kDJVmmh,xqfwTx,eKuyLPHwaH
eKuyLPHwaH,kDJVmmh,vFowmDd,ywfrWOX,w,vFowmDd,kDJVmmh,xqfwTx,eKuyLPHwaH
ywfrWOX
eKuyLPHwaH,kDJVmmh,vFowmDd,ywfrWOX,w,vFowmDd,kDJVmmh,xqfwTx,eKuyLPHwaH
w
w
w
w
ywfrWOX
eKuyLPHwaH,kDJVmmh,vFowmDd,w,ywfrWOX,vFowmDd,kDJVmmh,xqfwTx,eKuyLPHwaH
w
eKuyLPHwaH,kDJVmmh,vFowmDd,ywfrWOX,w,vFowmDd,kDJVmmh,xqfwTx,eKuyLPHwaH
eKuyLPHwaH,kDJVmmh,vFowmDd,vFowmDd,kDJVmmh,xqfwTx,eKuyLPHwaH,ywfrWOX,eKuyLPHwaH
vFowmDd
eKuyLPHwaH,kDJVmmh,vFowmDd,kDJVmmh,xqfwTx,eKuyLPHwaH,ywfrWOX,eKuyLPHwaH
eKuyLPHwaH,kDJVmmh,vFowmDd,kDJVmmh,xqfwTx,eKuyLPHwaH,ywfrWOX,eKuyLPHwaH,eKuyLPHwaH
Jedi Wagner, assuma o comando!