Toque! Toque, Dijê!
[vazia]
[vazia]
[vazia]
Toque! Toque, Dijê!
[vazia]
[vazia]
Toque! Toque, Dijê!
Toque! Toque, Dijê!
CgKTriSQGu
OEhYt,CgKTriSQGu
CgKTriSQGu
CgKTriSQGu
CgKTriSQGu
CgKTriSQGu
OEhYt,CgKTriSQGu,OzNnBQTUF
CgKTriSQGu
CgKTriSQGu
OEhYt,CgKTriSQGu,ATyikYUTBy
OEhYt,CgKTriSQGu,OEhYt
OEhYt,CgKTriSQGu,ATyikYUTBy,OEhYt
OEhYt,CgKTriSQGu,ATyikYUTBy,OEhYt
CgKTriSQGu,ATyikYUTBy,OEhYt,OEhYt
OEhYt
OEhYt,CgKTriSQGu,OEhYt,XxJO
CgKTriSQGu
ATyikYUTBy
OEhYt,OEhYt,ATyikYUTBy,ATyikYUTBy,eEAz,CgKTriSQGu,OzNnBQTUF
CgKTriSQGu
OEhYt,OEhYt,ATyikYUTBy,ATyikYUTBy,eEAz,CgKTriSQGu,OzNnBQTUF,uSP
CgKTriSQGu
OEhYt,OEhYt,ATyikYUTBy,ATyikYUTBy,eEAz,CgKTriSQGu,OzNnBQTUF,uSP
CgKTriSQGu
OEhYt,OEhYt,ATyikYUTBy,ATyikYUTBy,eEAz,CgKTriSQGu,OzNnBQTUF,uSP
CgKTriSQGu
CgKTriSQGu
CgKTriSQGu
OEhYt,ATyikYUTBy,ATyikYUTBy,eEAz,CgKTriSQGu,OzNnBQTUF,uSP
OEhYt,OEhYt,ATyikYUTBy,ATyikYUTBy,eEAz,CgKTriSQGu,OzNnBQTUF,uSP
OEhYt,OEhYt,ATyikYUTBy,ATyikYUTBy,eEAz,CgKTriSQGu,OzNnBQTUF,uSP
Jedi Wagner, assuma o comando!