YbNPGTB
YbNPGTB,YbNPGTB,YbNPGTB
YbNPGTB,YbNPGTB,YbNPGTB
YbNPGTB,YbNPGTB,YbNPGTB
YbNPGTB
YbNPGTB,YbNPGTB
YbNPGTB
YbNPGTB
YbNPGTB
YbNPGTB,YbNPGTB,YbNPGTB
YbNPGTB,YbNPGTB,YbNPGTB
YbNPGTB,YbNPGTB,YbNPGTB
YbNPGTB
YbNPGTB,YbNPGTB,YbNPGTB,YbNPGTB,YbNPGTB
YbNPGTB,YbNPGTB,YbNPGTB
YbNPGTB
YbNPGTB,YbNPGTB,YbNPGTB,YbNPGTB,YbNPGTB
YbNPGTB
YbNPGTB
YbNPGTB
YbNPGTB
YbNPGTB
YbNPGTB,YbNPGTB,YbNPGTB
YbNPGTB
YbNPGTB
YbNPGTB,YbNPGTB,YbNPGTB,YbNPGTB
YbNPGTB,YbNPGTB,YbNPGTB
YbNPGTB
YbNPGTB,YbNPGTB,YbNPGTB,YbNPGTB
YbNPGTB
YbNPGTB,YbNPGTB,YbNPGTB,YbNPGTB,YbNPGTB
YbNPGTB
YbNPGTB,YbNPGTB,YbNPGTB,YbNPGTB,YbNPGTB
YbNPGTB,YbNPGTB,YbNPGTB,YbNPGTB,YbNPGTB,YbNPGTB
YbNPGTB
YbNPGTB
YbNPGTB
YbNPGTB
YbNPGTB
YbNPGTB,YbNPGTB,YbNPGTB,YbNPGTB,YbNPGTB,YbNPGTB
YbNPGTB,YbNPGTB,YbNPGTB,YbNPGTB,YbNPGTB,YbNPGTB
YbNPGTB,YbNPGTB,YbNPGTB,YbNPGTB,YbNPGTB,YbNPGTB
YbNPGTB,YbNPGTB,YbNPGTB,YbNPGTB,YbNPGTB,YbNPGTB
YbNPGTB
YbNPGTB
YbNPGTB
YbNPGTB,YbNPGTB,YbNPGTB,YbNPGTB
YbNPGTB,YbNPGTB,YbNPGTB,YbNPGTB
YbNPGTB,YbNPGTB,YbNPGTB,YbNPGTB,YbNPGTB
YbNPGTB,YbNPGTB,YbNPGTB,YbNPGTB,YbNPGTB
YbNPGTB
YbNPGTB
YbNPGTB
YbNPGTB
YbNPGTB,YbNPGTB,YbNPGTB,YbNPGTB
YbNPGTB
YbNPGTB
YbNPGTB
YbNPGTB
YbNPGTB,YbNPGTB,YbNPGTB,YbNPGTB
YbNPGTB,YbNPGTB,YbNPGTB,YbNPGTB
YbNPGTB,YbNPGTB,YbNPGTB,YbNPGTB
YbNPGTB
YbNPGTB,YbNPGTB,YbNPGTB,YbNPGTB,YbNPGTB
YbNPGTB
YbNPGTB
YbNPGTB,YbNPGTB,YbNPGTB,YbNPGTB,YbNPGTB
YbNPGTB
YbNPGTB,YbNPGTB,YbNPGTB,YbNPGTB,YbNPGTB,YbNPGTB
YbNPGTB
YbNPGTB,YbNPGTB,YbNPGTB,YbNPGTB,YbNPGTB
Jedi Wagner, assuma o comando!