UtenWOvpto
UtenWOvpto
UtenWOvpto
UtenWOvpto
UtenWOvpto
LBKZUGWr
LBKZUGWr
Toque! Toque, Dijê!
Gz
Gz
[vazia]
Toque! Toque, Dijê!
[vazia]
Toque! Toque, Dijê!
Toque! Toque, Dijê!
Toque! Toque, Dijê!
[vazia]
FssHpGl
LBKZUGWr
kCnk
LBKZUGWr,kCnk
kCnk
kCnk
kCnk
LBKZUGWr,kCnk,PsqV
LBKZUGWr,kCnk,PsqV
kCnk
LBKZUGWr,kCnk,FssHpGl
LBKZUGWr,kCnk,FssHpGl
LBKZUGWr,kCnk,FssHpGl
kCnk
LBKZUGWr,kCnk,FssHpGl
kCnk
LBKZUGWr,kCnk,PsqV
kCnk
LBKZUGWr,PsqV
kCnk
kCnk
kCnk,UtenWOvpto
kCnk
LBKZUGWr,kCnk
kCnk
kCnk
LBKZUGWr,kCnk
LBKZUGWr,kCnk
kCnk
kCnk
kCnk
LBKZUGWr,kCnk
kCnk
kCnk
LBKZUGWr,kCnk,Gz
kCnk
LBKZUGWr,PsqV,Gz,kCnk,Gz
PsqV
LBKZUGWr,PsqV,Gz,kCnk,Gz
PsqV,LBKZUGWr,Gz,kCnk,Gz,kCnk
PsqV,LBKZUGWr,Gz,kCnk,Gz
PsqV,LBKZUGWr,Gz,kCnk,Gz,kCnk
LBKZUGWr
LBKZUGWr
PsqV,Gz,kCnk,Gz,kCnk
Gz
Gz,Gz,kCnk,Gz
Gz,Gz,kCnk,Gz,LBKZUGWr
Gz
kCnk
Gz,Gz,kCnk,Gz,PsqV,kCnk
Gz,Gz,kCnk,Gz
kCnk
Gz,kCnk,Gz,Gz,LBKZUGWr,FssHpGl
kCnk
LBKZUGWr
Gz,kCnk,Gz,Gz,FssHpGl,kCnk,LBKZUGWr,Gz
Gz,kCnk,Gz,Gz,FssHpGl,kCnk,LBKZUGWr,Gz
kCnk
Gz,Gz,kCnk,Gz
Gz,Gz,kCnk,Gz
kCnk
Gz
Gz
Gz
Gz
Gz,kCnk,Gz,FssHpGl,LBKZUGWr
kCnk
Gz,kCnk,Gz,FssHpGl,kCnk,kCnk
Gz
Gz,kCnk,Gz,FssHpGl
Gz,kCnk,Gz,FssHpGl
Gz
kCnk
Gz,Gz,kCnk,FssHpGl,Gz,FssHpGl
Gz,Gz,kCnk,FssHpGl,Gz,FssHpGl,kCnk
Gz,Gz,kCnk,FssHpGl,Gz
kCnk
Gz,Gz,kCnk,FssHpGl,Gz,LBKZUGWr
Gz,Gz,kCnk,FssHpGl,Gz,LBKZUGWr
Gz,Gz,kCnk,FssHpGl,Gz,LBKZUGWr
FssHpGl
Gz,Gz,kCnk,FssHpGl,Gz,LBKZUGWr,Gz,UtenWOvpto,Gz
FssHpGl
Gz,Gz,FssHpGl,Gz,LBKZUGWr,Gz,UtenWOvpto,Gz,PsqV
Gz,Gz,FssHpGl,Gz,LBKZUGWr,Gz,UtenWOvpto,Gz,PsqV
Gz,Gz,FssHpGl,Gz,LBKZUGWr,Gz,UtenWOvpto,Gz,PsqV,FssHpGl
Gz,Gz,Gz,FssHpGl,LBKZUGWr,Gz,UtenWOvpto,Gz,PsqV,FssHpGl
Gz,Gz,FssHpGl,Gz,LBKZUGWr,Gz,UtenWOvpto,Gz,PsqV,FssHpGl,Gz
Gz,Gz,FssHpGl,Gz,LBKZUGWr,Gz,UtenWOvpto,Gz,PsqV,FssHpGl,Gz,UtenWOvpto
Gz,Gz,FssHpGl,Gz,LBKZUGWr,Gz,UtenWOvpto,Gz,PsqV,FssHpGl,Gz,UtenWOvpto
LBKZUGWr
Gz,Gz,FssHpGl,Gz,LBKZUGWr,Gz,UtenWOvpto,Gz,PsqV,FssHpGl,Gz
Gz,Gz,FssHpGl,Gz,LBKZUGWr,Gz,UtenWOvpto,Gz,PsqV,FssHpGl,Gz
Gz,Gz,FssHpGl,Gz,LBKZUGWr,Gz,UtenWOvpto,Gz,PsqV,FssHpGl,Gz,LBKZUGWr,kCnk
UtenWOvpto
FssHpGl
FssHpGl
FssHpGl
PsqV
FssHpGl
FssHpGl
FssHpGl
Gz,Gz,Gz,Gz,Gz,PsqV,FssHpGl,UtenWOvpto,FssHpGl,Gz,LBKZUGWr,FssHpGl
Gz,Gz,Gz,Gz,Gz,PsqV,FssHpGl,UtenWOvpto,FssHpGl,Gz,LBKZUGWr,FssHpGl
Gz,Gz,Gz,Gz,Gz,PsqV,FssHpGl,UtenWOvpto,Gz,LBKZUGWr,FssHpGl,Gz,Gz
Gz,Gz,Gz,Gz,Gz,PsqV,FssHpGl,Gz,FssHpGl,Gz,Gz,LBKZUGWr,PsqV
Gz,Gz,Gz,Gz,Gz,PsqV,FssHpGl,UtenWOvpto,FssHpGl,Gz,LBKZUGWr,kCnk,FssHpGl,kCnk
Gz,Gz,Gz,Gz,Gz,FssHpGl,LBKZUGWr,PsqV,FssHpGl,UtenWOvpto,Gz,kCnk,FssHpGl,kCnk,FssHpGl
Gz,Gz,Gz,Gz,Gz,FssHpGl,LBKZUGWr,PsqV,FssHpGl,UtenWOvpto,Gz,FssHpGl,kCnk,FssHpGl,PsqV
UtenWOvpto
UtenWOvpto
Gz,Gz,Gz,Gz,PsqV,FssHpGl,UtenWOvpto,Gz,Gz,FssHpGl,FssHpGl,PsqV
UtenWOvpto
Gz,Gz,Gz,Gz,Gz,FssHpGl,PsqV,FssHpGl,UtenWOvpto,Gz,FssHpGl,kCnk,FssHpGl,PsqV,LBKZUGWr
UtenWOvpto
UtenWOvpto
UtenWOvpto
Gz,Gz,Gz,Gz,Gz,PsqV,FssHpGl,UtenWOvpto,LBKZUGWr,Gz,FssHpGl,kCnk,FssHpGl,PsqV,kCnk,FssHpGl,LBKZUGWr
Gz,Gz,Gz,Gz,Gz,PsqV,FssHpGl,UtenWOvpto,LBKZUGWr,Gz,FssHpGl,kCnk,FssHpGl,PsqV,kCnk,FssHpGl,LBKZUGWr
UtenWOvpto
UtenWOvpto
UtenWOvpto
Gz,Gz,Gz,Gz,Gz,FssHpGl,PsqV,FssHpGl,UtenWOvpto,Gz,kCnk,FssHpGl,FssHpGl,PsqV,FssHpGl,PsqV,Gz,UtenWOvpto
Gz
Gz,Gz,Gz,Gz,Gz,FssHpGl,PsqV,FssHpGl,UtenWOvpto,Gz,kCnk,FssHpGl,FssHpGl,PsqV,FssHpGl,PsqV,Gz,UtenWOvpto
Gz
Gz
Gz,Gz,Gz,Gz,Gz,FssHpGl,FssHpGl,UtenWOvpto,Gz,kCnk,FssHpGl,FssHpGl,PsqV,FssHpGl,PsqV,Gz,UtenWOvpto
Gz,Gz,Gz,Gz,Gz,FssHpGl,FssHpGl,UtenWOvpto,Gz,FssHpGl,FssHpGl,FssHpGl,PsqV,Gz,UtenWOvpto
kCnk
Gz,Gz,Gz,Gz,Gz,FssHpGl,FssHpGl,UtenWOvpto,Gz,kCnk,FssHpGl,FssHpGl,PsqV,FssHpGl,PsqV,Gz,UtenWOvpto
kCnk
kCnk
Gz,Gz,Gz,Gz,Gz,FssHpGl,FssHpGl,UtenWOvpto,Gz,kCnk,FssHpGl,FssHpGl,PsqV,FssHpGl,PsqV,Gz,UtenWOvpto
Gz,Gz,FssHpGl,FssHpGl,Gz,kCnk,FssHpGl,FssHpGl,PsqV,FssHpGl,PsqV,Gz,UtenWOvpto,FssHpGl
kCnk
Gz,Gz,FssHpGl,Gz,kCnk,FssHpGl,FssHpGl,FssHpGl,PsqV,FssHpGl,PsqV,Gz,UtenWOvpto,FssHpGl
Gz,Gz,FssHpGl,Gz,kCnk,FssHpGl,FssHpGl,FssHpGl,PsqV,FssHpGl,PsqV,Gz,UtenWOvpto,FssHpGl
kCnk
kCnk
kCnk
kCnk
kCnk
Gz,Gz,Gz,Gz,Gz,FssHpGl,FssHpGl,Gz,kCnk,FssHpGl,FssHpGl,PsqV,FssHpGl,PsqV,Gz,UtenWOvpto
Gz,Gz,Gz,Gz,Gz,FssHpGl,FssHpGl,Gz,kCnk,FssHpGl,FssHpGl,PsqV,FssHpGl,PsqV,Gz,UtenWOvpto
Gz,Gz,Gz,Gz,Gz,FssHpGl,FssHpGl,UtenWOvpto,Gz,kCnk,FssHpGl,FssHpGl,PsqV,FssHpGl,PsqV,Gz,UtenWOvpto
kCnk
kCnk
Gz,Gz,Gz,Gz,Gz,FssHpGl,FssHpGl,UtenWOvpto,Gz,kCnk,FssHpGl,FssHpGl,PsqV,FssHpGl,PsqV,Gz,UtenWOvpto
Gz,Gz,Gz,Gz,Gz,FssHpGl,FssHpGl,UtenWOvpto,Gz,kCnk,FssHpGl,FssHpGl,PsqV,FssHpGl,PsqV,Gz,UtenWOvpto
Gz,Gz,Gz,Gz,FssHpGl,FssHpGl,UtenWOvpto,Gz,kCnk,Gz,FssHpGl,FssHpGl,PsqV,FssHpGl,PsqV,Gz,UtenWOvpto
Gz,Gz,Gz,Gz,Gz,FssHpGl,FssHpGl,UtenWOvpto,Gz,kCnk,FssHpGl,FssHpGl,PsqV,FssHpGl,PsqV,Gz,UtenWOvpto,FssHpGl
Gz,Gz,Gz,Gz,Gz,FssHpGl,FssHpGl,Gz,kCnk,FssHpGl,FssHpGl,PsqV,FssHpGl,PsqV,Gz,UtenWOvpto,FssHpGl
kCnk
Gz,Gz,Gz,Gz,Gz,Gz,kCnk,FssHpGl,FssHpGl,PsqV,FssHpGl,PsqV,Gz,FssHpGl
Gz,Gz,Gz,Gz,Gz,Gz,kCnk,FssHpGl,FssHpGl,PsqV,FssHpGl,PsqV,Gz,FssHpGl
Gz,Gz,Gz,Gz,Gz,Gz,kCnk,FssHpGl,FssHpGl,PsqV,FssHpGl,PsqV,Gz,FssHpGl,kCnk,LBKZUGWr
kCnk
Gz,Gz,Gz,Gz,Gz,Gz,PsqV,kCnk,FssHpGl,FssHpGl,FssHpGl,PsqV,Gz,FssHpGl,kCnk,LBKZUGWr
UtenWOvpto
FssHpGl
FssHpGl
kCnk
Gz,Gz,Gz,Gz,Gz,FssHpGl,FssHpGl,UtenWOvpto,Gz,kCnk,FssHpGl,FssHpGl,FssHpGl,PsqV,Gz,UtenWOvpto,FssHpGl
FssHpGl
Gz,Gz,Gz,Gz,Gz,FssHpGl,FssHpGl,UtenWOvpto,Gz,kCnk,FssHpGl,FssHpGl,FssHpGl,PsqV,Gz,UtenWOvpto,FssHpGl,FssHpGl
FssHpGl
FssHpGl
Gz,Gz,Gz,Gz,Gz,FssHpGl,FssHpGl,UtenWOvpto,Gz,kCnk,FssHpGl,FssHpGl,FssHpGl,PsqV,Gz,UtenWOvpto,FssHpGl,FssHpGl,LBKZUGWr
Gz,Gz,Gz,Gz,Gz,FssHpGl,FssHpGl,UtenWOvpto,Gz,kCnk,FssHpGl,FssHpGl,FssHpGl,PsqV,Gz,UtenWOvpto,FssHpGl,FssHpGl,LBKZUGWr
FssHpGl
FssHpGl
Gz,Gz,Gz,Gz,Gz,FssHpGl,FssHpGl,UtenWOvpto,Gz,kCnk,LBKZUGWr,FssHpGl,FssHpGl,FssHpGl,PsqV,Gz,UtenWOvpto,FssHpGl,FssHpGl,kCnk,Gz,UtenWOvpto
Gz,Gz,Gz,Gz,Gz,FssHpGl,FssHpGl,UtenWOvpto,Gz,kCnk,LBKZUGWr,FssHpGl,FssHpGl,FssHpGl,Gz,UtenWOvpto,FssHpGl,FssHpGl,kCnk,Gz,Gz
Gz,Gz,Gz,Gz,Gz,FssHpGl,FssHpGl,UtenWOvpto,Gz,kCnk,LBKZUGWr,FssHpGl,FssHpGl,FssHpGl,Gz,UtenWOvpto,FssHpGl,FssHpGl,kCnk,Gz,Gz
Gz
Jedi Wagner, assuma o comando!