Toque! Toque, Dijê!
[vazia]
[vazia]
Np
Np,Np,zsVqiam
Np
Np
Np
zsVqiam
Np,zsVqiam,Np,Np,zsVqiam
Np,zsVqiam,Np,Np,zsVqiam
Np,Np
Np
Np,Np
Np,Np,Np
Np
Np
Np
Np,Np,Np
Np,Np,Np,xIiHmZosE
Np,Np,Np,xIiHmZosE
Np,Np,Np,xIiHmZosE
Np
Np,Np,Np,xIiHmZosE
Np,Np,Np,xIiHmZosE
Np
Np
Np,xIiHmZosE
Np
Np
Np
zsVqiam
zsVqiam
zsVqiam,Np,Np,xIiHmZosE
Np
Np,Np
Np
Np
zsVqiam
zsVqiam
zsVqiam
xIiHmZosE,Np,Np
Np
Np
Np
Np
zsVqiam
zsVqiam
zsVqiam
zsVqiam
zsVqiam
Np,zsVqiam,Np,zsVqiam,xIiHmZosE
Np,zsVqiam,Np,zsVqiam,xIiHmZosE
zsVqiam
Np,zsVqiam,Np,zsVqiam
zsVqiam,Np,Np,zsVqiam
Np
Np
zsVqiam,Np,Np,zsVqiam,Np
Np
Np
zsVqiam,Np,Np,zsVqiam,xIiHmZosE
Np,Np,zsVqiam,zsVqiam,xIiHmZosE
Np,Np,zsVqiam,zsVqiam,xIiHmZosE
zsVqiam
zsVqiam
zsVqiam
Np,Np,zsVqiam,zsVqiam,Np
zsVqiam
Np,zsVqiam,zsVqiam,xIiHmZosE,Np
zsVqiam
zsVqiam
zsVqiam
Np,zsVqiam,Np,zsVqiam,Np,xIiHmZosE
Np
Np,zsVqiam,Np,zsVqiam,Np,xIiHmZosE,xIiHmZosE
Np,zsVqiam,Np,zsVqiam,Np,xIiHmZosE,xIiHmZosE
xIiHmZosE
xIiHmZosE
Np,zsVqiam,Np,zsVqiam,Np,xIiHmZosE,xIiHmZosE
Np,zsVqiam,Np,zsVqiam,Np,xIiHmZosE,xIiHmZosE
Np,zsVqiam,Np,zsVqiam,Np,xIiHmZosE,xIiHmZosE,Np
xIiHmZosE
Np,zsVqiam,Np,zsVqiam,Np,xIiHmZosE,xIiHmZosE,Np
Np
Np,zsVqiam,Np,xIiHmZosE,zsVqiam,Np,xIiHmZosE,zsVqiam
Np
xIiHmZosE
xIiHmZosE
xIiHmZosE
Np,zsVqiam,Np,zsVqiam,Np,xIiHmZosE,xIiHmZosE
Np
xIiHmZosE
xIiHmZosE,Np,zsVqiam,Np,zsVqiam,Np,xIiHmZosE
xIiHmZosE,Np,zsVqiam,Np,zsVqiam,Np,xIiHmZosE
Np
xIiHmZosE,Np,zsVqiam,Np,zsVqiam,Np,xIiHmZosE
Np
Np,zsVqiam,Np,zsVqiam,Np,xIiHmZosE
Np,zsVqiam,Np,zsVqiam,Np,xIiHmZosE
xIiHmZosE,Np,zsVqiam,Np,zsVqiam,Np,xIiHmZosE,Np,Np,xIiHmZosE
Np,Np,zsVqiam,zsVqiam,Np,xIiHmZosE,Np,Np
zsVqiam
Np,Np,zsVqiam,zsVqiam,Np,xIiHmZosE,Np,Np
Np,Np,zsVqiam,xIiHmZosE,zsVqiam,Np,Np,Np
Np,Np,zsVqiam,zsVqiam,Np,xIiHmZosE,Np,Np,xIiHmZosE
Np,Np,zsVqiam,zsVqiam,Np,xIiHmZosE,Np,Np,xIiHmZosE
Np,Np,zsVqiam,zsVqiam,Np,xIiHmZosE,Np,Np,xIiHmZosE,zsVqiam
zsVqiam
Np,Np,zsVqiam,zsVqiam,Np,xIiHmZosE,Np,Np,xIiHmZosE,zsVqiam
Np,Np,zsVqiam,zsVqiam,Np,Np,Np,xIiHmZosE,zsVqiam,xIiHmZosE
Np,Np,zsVqiam,zsVqiam,Np,Np,Np,xIiHmZosE,zsVqiam,xIiHmZosE,zsVqiam
Np,Np,zsVqiam,zsVqiam,Np,xIiHmZosE,Np,Np
zsVqiam
zsVqiam
zsVqiam
Np,Np,zsVqiam,zsVqiam,Np,xIiHmZosE,Np,Np
zsVqiam,zsVqiam,Np,Np,xIiHmZosE,Np,Np,Np,zsVqiam
Np
Np
zsVqiam,Np,Np,xIiHmZosE,Np,Np,Np,zsVqiam
Np
Np
Np
zsVqiam,Np,Np,Np,Np,Np,zsVqiam,zsVqiam,xIiHmZosE
Np
zsVqiam,Np,Np,xIiHmZosE,Np,Np,Np,zsVqiam
Np,Np,xIiHmZosE,Np,Np,Np,zsVqiam,zsVqiam
Np,Np,xIiHmZosE,Np,Np,Np,zsVqiam,zsVqiam
Np
Np
Np
Np,Np,Np,Np,zsVqiam
zsVqiam,zsVqiam,Np,Np,xIiHmZosE,Np,Np,Np,zsVqiam
zsVqiam,zsVqiam,Np,Np,xIiHmZosE,Np,Np,Np,zsVqiam
zsVqiam
zsVqiam
zsVqiam,Np,Np,Np,Np,Np,zsVqiam,xIiHmZosE
zsVqiam,Np,Np,Np,Np,Np,zsVqiam,xIiHmZosE
zsVqiam,Np,Np,Np,Np,Np,zsVqiam,xIiHmZosE
zsVqiam
xIiHmZosE
xIiHmZosE
Np
Np,xIiHmZosE,Np,Np,Np,Np,xIiHmZosE,zsVqiam
Np
Np
Np,Np,Np,Np,Np
Np,Np,Np,Np,zsVqiam,xIiHmZosE,zsVqiam
Np
Np,Np,Np,Np,zsVqiam
Np
Np
Np
Np,Np,Np,Np,xIiHmZosE,Np,Np
Np,Np,Np,Np,Np
Np,Np,Np,Np
Np,Np,Np,Np
Np
Np,Np,Np,zsVqiam
zsVqiam
Np,Np,Np,Np,Np
Np,Np,Np,Np,Np
Np,Np,Np,Np,Np
Np,Np,Np,Np,Np
Np
Np
Np
Np,Np,Np,xIiHmZosE
Np,Np,Np,xIiHmZosE
Np,Np,Np,Np,Np
Np,Np,Np,Np,Np
Np
Np,Np,zsVqiam,Np,Np,xIiHmZosE,xIiHmZosE
Np,Np,zsVqiam,Np,Np,xIiHmZosE,xIiHmZosE
Np,Np,zsVqiam,Np,xIiHmZosE,Np,xIiHmZosE
xIiHmZosE
Np,Np,zsVqiam,Np,xIiHmZosE,Np,xIiHmZosE,zsVqiam
Np,Np,Np,xIiHmZosE,zsVqiam,Np,xIiHmZosE,zsVqiam
zsVqiam
Np,Np,Np,xIiHmZosE,zsVqiam,Np,xIiHmZosE,zsVqiam
zsVqiam
zsVqiam
Np,Np,zsVqiam,Np,xIiHmZosE,zsVqiam,xIiHmZosE,Np
Np,Np,zsVqiam,Np,xIiHmZosE,zsVqiam,xIiHmZosE,Np
zsVqiam
Np,xIiHmZosE,zsVqiam,Np,zsVqiam,xIiHmZosE,Np,zsVqiam
Np,xIiHmZosE,zsVqiam,Np,zsVqiam,xIiHmZosE,Np,zsVqiam
Np
Jedi Wagner, assuma o comando!