UCMDYMYOXN
UCMDYMYOXN
UCMDYMYOXN
UCMDYMYOXN
UCMDYMYOXN
UCMDYMYOXN,BKTD,BKTD
BKTD
UCMDYMYOXN,BKTD,CzkTnWXv
UCMDYMYOXN,BKTD,CzkTnWXv,BKTD
BKTD,CzkTnWXv,BKTD
BKTD,CzkTnWXv,BKTD
BKTD
BKTD,CzkTnWXv,BKTD
BKTD,CzkTnWXv,BKTD
BKTD
BKTD,CzkTnWXv,BKTD
BKTD
BKTD
UCMDYMYOXN,BKTD,BKTD
BKTD
UCMDYMYOXN,BKTD,BKTD,pYAQJL
UCMDYMYOXN,BKTD,BKTD,pYAQJL
BKTD
BKTD
BKTD
BKTD,BKTD,UCMDYMYOXN,pYAQJL,UCMDYMYOXN
BKTD
CzkTnWXv
UCMDYMYOXN
BKTD,UCMDYMYOXN,BKTD,pYAQJL,UCMDYMYOXN,CzkTnWXv
BKTD,UCMDYMYOXN,BKTD,pYAQJL,UCMDYMYOXN,CzkTnWXv
BKTD
BKTD
BKTD,BKTD,pYAQJL,UCMDYMYOXN,CzkTnWXv,gBKKYeFsA,CzkTnWXv
BKTD,BKTD,pYAQJL,UCMDYMYOXN,CzkTnWXv,gBKKYeFsA,CzkTnWXv,BKTD,pYAQJL
BKTD,BKTD,pYAQJL,UCMDYMYOXN,CzkTnWXv,gBKKYeFsA,CzkTnWXv,BKTD,pYAQJL,CzkTnWXv,gBKKYeFsA,pYAQJL
BKTD,BKTD,UCMDYMYOXN,pYAQJL,UCMDYMYOXN
BKTD
BKTD,BKTD,UCMDYMYOXN,pYAQJL,UCMDYMYOXN
BKTD,UCMDYMYOXN,pYAQJL,UCMDYMYOXN,UCMDYMYOXN
UCMDYMYOXN,pYAQJL,UCMDYMYOXN,UCMDYMYOXN
UCMDYMYOXN
UCMDYMYOXN,pYAQJL,UCMDYMYOXN,UCMDYMYOXN,CzkTnWXv,CzkTnWXv
UCMDYMYOXN,pYAQJL,UCMDYMYOXN,UCMDYMYOXN,CzkTnWXv,CzkTnWXv
UCMDYMYOXN
UCMDYMYOXN
UCMDYMYOXN
BKTD,UCMDYMYOXN,BKTD,UCMDYMYOXN
UCMDYMYOXN
UCMDYMYOXN
UCMDYMYOXN
BKTD,UCMDYMYOXN,BKTD,UCMDYMYOXN,BKTD,BKTD
UCMDYMYOXN,BKTD,UCMDYMYOXN,BKTD,BKTD
UCMDYMYOXN
UCMDYMYOXN,UCMDYMYOXN,BKTD,BKTD,BKTD
UCMDYMYOXN,UCMDYMYOXN,BKTD,BKTD,BKTD
UCMDYMYOXN,UCMDYMYOXN,BKTD,BKTD,BKTD,UCMDYMYOXN
UCMDYMYOXN
UCMDYMYOXN,BKTD,BKTD,BKTD,UCMDYMYOXN
UCMDYMYOXN,BKTD,BKTD,BKTD,UCMDYMYOXN,BKTD,CzkTnWXv
CzkTnWXv,UCMDYMYOXN,BKTD,BKTD,BKTD,UCMDYMYOXN,BKTD
UCMDYMYOXN
UCMDYMYOXN,BKTD,UCMDYMYOXN,pYAQJL,BKTD,BKTD,gBKKYeFsA
UCMDYMYOXN
UCMDYMYOXN
UCMDYMYOXN
UCMDYMYOXN,BKTD,UCMDYMYOXN,pYAQJL,BKTD,BKTD,gBKKYeFsA,CzkTnWXv
UCMDYMYOXN,BKTD,UCMDYMYOXN,BKTD,BKTD
UCMDYMYOXN,BKTD,UCMDYMYOXN,BKTD,BKTD
UCMDYMYOXN,BKTD,UCMDYMYOXN,BKTD,BKTD
BKTD
UCMDYMYOXN,BKTD,BKTD,BKTD,BKTD,BKTD,gBKKYeFsA,UCMDYMYOXN
BKTD
BKTD,BKTD,BKTD,UCMDYMYOXN,BKTD,BKTD,gBKKYeFsA,UCMDYMYOXN,UCMDYMYOXN,BKTD,pYAQJL,gBKKYeFsA
BKTD,BKTD,BKTD,UCMDYMYOXN,BKTD,BKTD,gBKKYeFsA,UCMDYMYOXN,UCMDYMYOXN,BKTD,pYAQJL,gBKKYeFsA
BKTD
BKTD
BKTD
UCMDYMYOXN,BKTD,BKTD,BKTD,BKTD,BKTD
BKTD,BKTD,UCMDYMYOXN,BKTD,BKTD,BKTD,UCMDYMYOXN,BKTD
BKTD
BKTD,BKTD,UCMDYMYOXN,BKTD,BKTD,BKTD,UCMDYMYOXN,BKTD,UCMDYMYOXN
BKTD,BKTD,UCMDYMYOXN,BKTD,BKTD,BKTD,UCMDYMYOXN,BKTD,UCMDYMYOXN
UCMDYMYOXN
BKTD,BKTD,BKTD,BKTD,BKTD,UCMDYMYOXN,BKTD,UCMDYMYOXN
BKTD,BKTD,BKTD,BKTD,BKTD,UCMDYMYOXN,BKTD,UCMDYMYOXN,CzkTnWXv
BKTD,BKTD,UCMDYMYOXN,BKTD,BKTD,BKTD,UCMDYMYOXN,BKTD,UCMDYMYOXN
BKTD,BKTD,UCMDYMYOXN,BKTD,BKTD,BKTD,UCMDYMYOXN,BKTD,UCMDYMYOXN,UCMDYMYOXN
BKTD,BKTD,UCMDYMYOXN,BKTD,BKTD,BKTD,UCMDYMYOXN,BKTD,UCMDYMYOXN,UCMDYMYOXN,BKTD
UCMDYMYOXN
UCMDYMYOXN
UCMDYMYOXN
BKTD,UCMDYMYOXN,BKTD,BKTD,BKTD,UCMDYMYOXN,BKTD,UCMDYMYOXN
BKTD,UCMDYMYOXN,BKTD,BKTD,BKTD,UCMDYMYOXN,BKTD,UCMDYMYOXN
BKTD,UCMDYMYOXN,BKTD,BKTD,BKTD,UCMDYMYOXN,BKTD,UCMDYMYOXN
BKTD,UCMDYMYOXN,BKTD,BKTD,BKTD,UCMDYMYOXN,BKTD,UCMDYMYOXN
BKTD,BKTD,BKTD,BKTD,UCMDYMYOXN,UCMDYMYOXN,BKTD,UCMDYMYOXN
BKTD,BKTD,BKTD,BKTD,UCMDYMYOXN,UCMDYMYOXN,BKTD,UCMDYMYOXN
BKTD,BKTD,BKTD,BKTD,UCMDYMYOXN,UCMDYMYOXN,BKTD,UCMDYMYOXN
UCMDYMYOXN
Jedi Wagner, assuma o comando!