Toque! Toque, Dijê!
[vazia]
Toque! Toque, Dijê!
[vazia]
lEgBNLiWY
lEgBNLiWY
lEgBNLiWY,jZ,jZ
jZ
jZ
jZ
jZ,jZ,lEgBNLiWY,pz
jZ,jZ,lEgBNLiWY,pz,O
pz
pz
pz,jZ,jZ,O
jZ
lEgBNLiWY,jZ,jZ,lEgBNLiWY
lEgBNLiWY,jZ,jZ,lEgBNLiWY
jZ
jZ
lEgBNLiWY,jZ,lEgBNLiWY,lEgBNLiWY
jZ,lEgBNLiWY,lEgBNLiWY
jZ,lEgBNLiWY,lEgBNLiWY
jZ
lEgBNLiWY,jZ,jZ,lEgBNLiWY
lEgBNLiWY,jZ,jZ,lEgBNLiWY
jZ
jZ
lEgBNLiWY,jZ,jZ,lEgBNLiWY
lEgBNLiWY,jZ,jZ,lEgBNLiWY,pz
jZ
lEgBNLiWY,jZ,jZ,lEgBNLiWY,pz
jZ
lEgBNLiWY,jZ,jZ,lEgBNLiWY,pz,lEgBNLiWY
jZ,lEgBNLiWY,lEgBNLiWY,pz,lEgBNLiWY
jZ,lEgBNLiWY,lEgBNLiWY,pz,lEgBNLiWY,DYWt,jZ,jZ
jZ
lEgBNLiWY
lEgBNLiWY,lEgBNLiWY,pz,lEgBNLiWY,DYWt,jZ,jZ,pz
lEgBNLiWY,jZ,lEgBNLiWY,pz,lEgBNLiWY,DYWt,jZ,jZ,pz
jZ
jZ
jZ
lEgBNLiWY,jZ,lEgBNLiWY,pz,lEgBNLiWY,DYWt,jZ,jZ,lEgBNLiWY
jZ
lEgBNLiWY,jZ,lEgBNLiWY,pz,lEgBNLiWY,DYWt,jZ,jZ,jZ,lEgBNLiWY
lEgBNLiWY,jZ,lEgBNLiWY,pz,lEgBNLiWY,DYWt,jZ,jZ,jZ
jZ
jZ
lEgBNLiWY,jZ,pz,lEgBNLiWY,lEgBNLiWY,DYWt,jZ,jZ,jZ,jZ
pz
pz
jZ,pz,lEgBNLiWY,lEgBNLiWY,DYWt,jZ,jZ,jZ,jZ,O
jZ,pz,O,lEgBNLiWY,lEgBNLiWY,DYWt,jZ,jZ,jZ,jZ
lEgBNLiWY,jZ,pz,lEgBNLiWY,lEgBNLiWY,DYWt,jZ,jZ,jZ,jZ
pz
jZ
lEgBNLiWY,pz,jZ,lEgBNLiWY,lEgBNLiWY,DYWt,jZ,jZ,jZ,jZ,pz
jZ
lEgBNLiWY
lEgBNLiWY,jZ,lEgBNLiWY,pz,lEgBNLiWY,DYWt,jZ,jZ,jZ,jZ,pz
pz
DYWt
DYWt
lEgBNLiWY,jZ,lEgBNLiWY,pz,lEgBNLiWY,jZ,DYWt,jZ,jZ,jZ,pz,pz
Jedi Wagner, assuma o comando!