Toque! Toque, Dijê!
GBNhyj
GBNhyj,KYkAOj
[vazia]
[vazia]
yEBewEh
yEBewEh,Zb
yEBewEh
yEBewEh,Zb
yEBewEh,Zb
yEBewEh
yEBewEh
yEBewEh
yEBewEh
yEBewEh
yEBewEh
yEBewEh
AFbE
AFbE
yEBewEh,AFbE,yEBewEh
AFbE
yEBewEh
yEBewEh
yEBewEh,AFbE,yEBewEh,dRp,dRp
dRp
yEBewEh,AFbE,yEBewEh,dRp,dRp
yEBewEh,AFbE,yEBewEh,dRp,dRp,AFbE
yEBewEh,AFbE,yEBewEh,dRp,dRp,AFbE
yEBewEh,AFbE,yEBewEh,dRp,dRp,AFbE,dRp
dRp
yEBewEh
yEBewEh
yEBewEh,AFbE,yEBewEh,dRp,dRp,KYkAOj
yEBewEh,AFbE,yEBewEh,dRp,dRp,KYkAOj
KYkAOj
yEBewEh,yEBewEh,dRp,KYkAOj,AFbE,AFbE,AFbE
AFbE
AFbE
KYkAOj
yEBewEh,AFbE,yEBewEh,dRp,KYkAOj,AFbE,dRp
yEBewEh,AFbE,yEBewEh,dRp,KYkAOj,AFbE,dRp
yEBewEh,AFbE,yEBewEh,dRp,KYkAOj,AFbE,dRp
KYkAOj
AFbE,yEBewEh,dRp,KYkAOj,AFbE,dRp
AFbE,yEBewEh,dRp,KYkAOj,AFbE,dRp
AFbE,yEBewEh,dRp,KYkAOj,AFbE,dRp
AFbE
AFbE
AFbE,yEBewEh,dRp,KYkAOj,AFbE,dRp,uxxioKYP
AFbE
AFbE
AFbE,yEBewEh,dRp,KYkAOj,AFbE,dRp
yEBewEh,dRp,KYkAOj,AFbE,dRp,uxxioKYP,kSAt,AFbE
yEBewEh,dRp,KYkAOj,AFbE,dRp,uxxioKYP,kSAt,AFbE
yEBewEh,dRp,KYkAOj,AFbE,dRp,uxxioKYP,kSAt,AFbE
dRp
yEBewEh,dRp,KYkAOj,AFbE,dRp,uxxioKYP,kSAt,AFbE,H
AFbE
dRp
dRp
dRp
yEBewEh,dRp,KYkAOj,AFbE,dRp,uxxioKYP,kSAt,AFbE,H,KYkAOj
dRp
dRp
yEBewEh,dRp,KYkAOj,AFbE,dRp,uxxioKYP,kSAt,AFbE,H
dRp
dRp
dRp
yEBewEh,dRp,KYkAOj,AFbE,dRp,uxxioKYP,kSAt,AFbE
yEBewEh,dRp,KYkAOj,AFbE,dRp,uxxioKYP,kSAt,AFbE
yEBewEh,dRp,KYkAOj,AFbE,dRp,uxxioKYP,AFbE,GBNhyj,dRp
yEBewEh,dRp,KYkAOj,AFbE,dRp,uxxioKYP,AFbE,GBNhyj,dRp,dRp,AFbE
dRp
yEBewEh,dRp,KYkAOj,AFbE,dRp,uxxioKYP,AFbE,GBNhyj,dRp,dRp,AFbE,GBNhyj,H,Zb
yEBewEh,dRp,KYkAOj,AFbE,dRp,uxxioKYP,AFbE,GBNhyj,dRp,dRp,AFbE,GBNhyj,H,Zb
yEBewEh,dRp,KYkAOj,AFbE,dRp,uxxioKYP,AFbE,GBNhyj,dRp,dRp,AFbE,GBNhyj,H,Zb
yEBewEh,dRp,KYkAOj,AFbE,dRp,uxxioKYP,AFbE,GBNhyj,dRp,dRp,AFbE,GBNhyj,H,Zb
AFbE
yEBewEh,dRp,KYkAOj,AFbE,H,dRp,uxxioKYP,AFbE,GBNhyj,dRp,dRp,AFbE,GBNhyj,Zb,H,uxxioKYP,GBNhyj
uxxioKYP
yEBewEh,dRp,KYkAOj,uxxioKYP,AFbE,H,dRp,AFbE,GBNhyj,dRp,dRp,AFbE,GBNhyj,Zb,H,uxxioKYP,GBNhyj
yEBewEh,dRp,KYkAOj,uxxioKYP,AFbE,H,dRp,AFbE,GBNhyj,dRp,dRp,AFbE,GBNhyj,Zb,H,uxxioKYP,GBNhyj,dRp
AFbE
yEBewEh,dRp,uxxioKYP,AFbE,KYkAOj,H,dRp,AFbE,dRp,dRp,AFbE,GBNhyj,Zb,H,uxxioKYP,GBNhyj,dRp
AFbE
yEBewEh,uxxioKYP,AFbE,H,dRp,AFbE,GBNhyj,dRp,dRp,AFbE,GBNhyj,Zb,H,uxxioKYP,GBNhyj,dRp
yEBewEh,dRp,KYkAOj,uxxioKYP,AFbE,H,dRp,AFbE,GBNhyj,dRp,dRp,AFbE,GBNhyj,Zb,H,uxxioKYP,GBNhyj,dRp
AFbE
dRp,KYkAOj,uxxioKYP,AFbE,H,dRp,AFbE,GBNhyj,dRp,dRp,AFbE,GBNhyj,Zb,H,uxxioKYP,GBNhyj,dRp,dRp
dRp,KYkAOj,uxxioKYP,AFbE,H,dRp,AFbE,GBNhyj,dRp,dRp,AFbE,GBNhyj,Zb,H,uxxioKYP,GBNhyj,dRp,dRp
AFbE
dRp,KYkAOj,uxxioKYP,AFbE,H,dRp,AFbE,GBNhyj,dRp,dRp,AFbE,GBNhyj,Zb,H,uxxioKYP,GBNhyj,dRp,dRp
AFbE
dRp,KYkAOj,dRp,AFbE,H,AFbE,GBNhyj,dRp,dRp,AFbE,GBNhyj,Zb,H,uxxioKYP,GBNhyj,dRp,dRp
uxxioKYP
dRp,KYkAOj,dRp,uxxioKYP,H,AFbE,GBNhyj,dRp,dRp,AFbE,GBNhyj,Zb,H,GBNhyj,dRp,dRp
dRp,KYkAOj,dRp,uxxioKYP,H,AFbE,GBNhyj,dRp,dRp,AFbE,GBNhyj,Zb,H,GBNhyj,dRp,dRp
AFbE
AFbE
dRp,KYkAOj,dRp,uxxioKYP,AFbE,GBNhyj,dRp,dRp,AFbE,GBNhyj,Zb,H,GBNhyj,dRp,dRp,KYkAOj
uxxioKYP
dRp,KYkAOj,dRp,uxxioKYP,H,AFbE,GBNhyj,dRp,dRp,AFbE,GBNhyj,Zb,H,GBNhyj,dRp,dRp
dRp,KYkAOj,dRp,uxxioKYP,H,AFbE,GBNhyj,dRp,dRp,AFbE,GBNhyj,Zb,H,GBNhyj,dRp,dRp
GBNhyj
dRp
dRp,KYkAOj,dRp,H,AFbE,GBNhyj,dRp,uxxioKYP,dRp,AFbE,GBNhyj,Zb,H,GBNhyj,dRp,dRp
dRp,KYkAOj,dRp,H,AFbE,GBNhyj,dRp,uxxioKYP,dRp,AFbE,GBNhyj,Zb,H,GBNhyj,dRp,dRp
dRp
dRp
KYkAOj,dRp,uxxioKYP,H,AFbE,GBNhyj,dRp,dRp,dRp,AFbE,GBNhyj,Zb,H,GBNhyj,dRp,dRp
dRp,KYkAOj,dRp,uxxioKYP,H,AFbE,GBNhyj,dRp,dRp,AFbE,GBNhyj,Zb,H,GBNhyj,dRp,dRp
dRp
dRp
dRp,dRp,uxxioKYP,AFbE,GBNhyj,dRp,KYkAOj,dRp,AFbE,GBNhyj,Zb,H,GBNhyj,dRp,dRp,kSAt
dRp,dRp,AFbE,GBNhyj,dRp,KYkAOj,dRp,uxxioKYP,H,AFbE,GBNhyj,Zb,GBNhyj,dRp,dRp
dRp,dRp,AFbE,GBNhyj,dRp,KYkAOj,dRp,uxxioKYP,H,AFbE,GBNhyj,Zb,GBNhyj,dRp,dRp
dRp
dRp
dRp
AFbE
dRp,dRp,GBNhyj,dRp,KYkAOj,dRp,Zb,AFbE,uxxioKYP,H,AFbE,GBNhyj,GBNhyj,dRp,dRp,AFbE
dRp,dRp,GBNhyj,dRp,dRp,Zb,AFbE,uxxioKYP,KYkAOj,H,AFbE,GBNhyj,GBNhyj,dRp,dRp,AFbE
dRp,dRp,GBNhyj,dRp,dRp,Zb,AFbE,uxxioKYP,KYkAOj,H,AFbE,GBNhyj,GBNhyj,dRp,dRp,AFbE
dRp,dRp,GBNhyj,dRp,dRp,Zb,AFbE,uxxioKYP,KYkAOj,H,AFbE,GBNhyj,GBNhyj,dRp,dRp,AFbE
dRp,dRp,GBNhyj,dRp,dRp,Zb,AFbE,uxxioKYP,KYkAOj,AFbE,GBNhyj,GBNhyj,dRp,dRp,AFbE
AFbE
dRp,dRp,GBNhyj,dRp,dRp,Zb,AFbE,uxxioKYP,AFbE,KYkAOj,GBNhyj,GBNhyj,dRp,dRp,AFbE,dRp,kSAt,Zb,AFbE
dRp,dRp,GBNhyj,dRp,dRp,Zb,AFbE,uxxioKYP,AFbE,KYkAOj,GBNhyj,GBNhyj,dRp,dRp,AFbE,dRp
dRp,dRp,GBNhyj,dRp,dRp,Zb,AFbE,uxxioKYP,AFbE,KYkAOj,GBNhyj,GBNhyj,dRp,dRp,AFbE,dRp
GBNhyj
GBNhyj
dRp
dRp,dRp,GBNhyj,dRp,dRp,Zb,AFbE,uxxioKYP,AFbE,KYkAOj,GBNhyj,GBNhyj,dRp,dRp,AFbE,dRp,kSAt
dRp
GBNhyj
dRp,dRp,GBNhyj,dRp,dRp,Zb,AFbE,uxxioKYP,AFbE,KYkAOj,GBNhyj,GBNhyj,dRp,dRp,AFbE,dRp
GBNhyj
dRp,dRp,GBNhyj,uxxioKYP,dRp,dRp,Zb,AFbE,AFbE,KYkAOj,GBNhyj,GBNhyj,dRp,dRp,AFbE,dRp
dRp,dRp,GBNhyj,KYkAOj,uxxioKYP,dRp,dRp,Zb,AFbE,AFbE,GBNhyj,GBNhyj,dRp,dRp,AFbE,dRp
dRp,dRp,GBNhyj,KYkAOj,uxxioKYP,dRp,dRp,Zb,AFbE,AFbE,GBNhyj,GBNhyj,dRp,dRp,AFbE,dRp,uxxioKYP
GBNhyj
GBNhyj
dRp,dRp,GBNhyj,KYkAOj,uxxioKYP,dRp,dRp,Zb,AFbE,AFbE,GBNhyj,GBNhyj,dRp,dRp,AFbE,dRp,uxxioKYP
dRp,dRp,GBNhyj,KYkAOj,uxxioKYP,dRp,dRp,Zb,AFbE,AFbE,GBNhyj,GBNhyj,dRp,dRp,AFbE,dRp
GBNhyj
dRp,dRp,GBNhyj,KYkAOj,uxxioKYP,dRp,dRp,Zb,AFbE,AFbE,GBNhyj,GBNhyj,dRp,dRp,AFbE,dRp
GBNhyj
dRp,dRp,GBNhyj,dRp,dRp,Zb,AFbE,uxxioKYP,AFbE,KYkAOj,GBNhyj,GBNhyj,dRp,dRp,AFbE,dRp,kSAt
dRp,dRp,GBNhyj,Zb,dRp,dRp,AFbE,AFbE,KYkAOj,GBNhyj,GBNhyj,dRp,dRp,AFbE,dRp,kSAt
dRp,dRp,uxxioKYP,GBNhyj,dRp,dRp,Zb,AFbE,AFbE,KYkAOj,GBNhyj,GBNhyj,dRp,dRp,AFbE,dRp,AFbE
dRp,dRp,uxxioKYP,KYkAOj,AFbE,GBNhyj,dRp,dRp,Zb,AFbE,GBNhyj,GBNhyj,dRp,dRp,AFbE,dRp,AFbE,GBNhyj,KYkAOj
KYkAOj
dRp,dRp,uxxioKYP,KYkAOj,AFbE,GBNhyj,dRp,dRp,Zb,AFbE,GBNhyj,GBNhyj,dRp,dRp,AFbE,dRp,AFbE,GBNhyj,KYkAOj
dRp,dRp,uxxioKYP,KYkAOj,AFbE,GBNhyj,dRp,dRp,Zb,AFbE,GBNhyj,GBNhyj,dRp,dRp,AFbE,dRp,AFbE,GBNhyj,KYkAOj
AFbE
AFbE
dRp,uxxioKYP,KYkAOj,AFbE,GBNhyj,dRp,dRp,Zb,AFbE,GBNhyj,GBNhyj,dRp,dRp,AFbE,dRp,AFbE,GBNhyj,KYkAOj
dRp,uxxioKYP,KYkAOj,AFbE,GBNhyj,dRp,dRp,Zb,AFbE,GBNhyj,GBNhyj,dRp,dRp,AFbE,dRp,AFbE,GBNhyj,KYkAOj
GBNhyj
uxxioKYP,AFbE,GBNhyj,KYkAOj,dRp,dRp,Zb,AFbE,GBNhyj,GBNhyj,dRp,dRp,AFbE,dRp,AFbE,GBNhyj,KYkAOj,uxxioKYP,dRp,Zb,H
uxxioKYP,AFbE,GBNhyj,KYkAOj,dRp,dRp,Zb,AFbE,GBNhyj,GBNhyj,dRp,dRp,AFbE,dRp,AFbE,GBNhyj,KYkAOj,uxxioKYP,dRp,Zb,H
uxxioKYP,AFbE,GBNhyj,KYkAOj,dRp,dRp,Zb,AFbE,GBNhyj,GBNhyj,dRp,dRp,AFbE,dRp,AFbE,GBNhyj,KYkAOj,uxxioKYP,dRp,Zb,H
KYkAOj
KYkAOj
dRp
GBNhyj,KYkAOj,dRp,dRp,dRp,Zb,AFbE,GBNhyj,GBNhyj,dRp,dRp,AFbE,dRp,AFbE,GBNhyj,KYkAOj,yEBewEh
dRp
GBNhyj,KYkAOj,dRp,dRp,Zb,dRp,AFbE,GBNhyj,GBNhyj,dRp,dRp,AFbE,dRp,AFbE,GBNhyj,KYkAOj,yEBewEh
Zb
dRp
KYkAOj
AFbE
AFbE
AFbE
AFbE
Jedi Wagner, assuma o comando!