Toque! Toque, Dijê!
mnVjCw
mnVjCw
mnVjCw
vLp
vLp
[vazia]
SkmCz,SkmCz
SkmCz,SkmCz
SkmCz,SkmCz
SkmCz
SkmCz,SkmCz,SkmCz
SkmCz,SkmCz,SkmCz
SkmCz
Toque! Toque, Dijê!
[vazia]
Toque! Toque, Dijê!
[vazia]
Toque! Toque, Dijê!
vLp
vLp
vLp
vLp
vLp,vLp
vLp,vLp,SkmCz
vLp
vLp,vLp,SkmCz
vLp,vLp,SkmCz
[vazia]
[vazia]
Toque! Toque, Dijê!
[vazia]
Toque! Toque, Dijê!
Toque! Toque, Dijê!
[vazia]
[vazia]
Toque! Toque, Dijê!
[vazia]
mnVjCw
mnVjCw
mnVjCw
SkmCz
SkmCz
vLp
vLp,Tv,SkmCz
vLp,Tv,SkmCz
vLp
vLp
[vazia]
[vazia]
Toque! Toque, Dijê!
[vazia]
[vazia]
[vazia]
[vazia]
Toque! Toque, Dijê!
Toque! Toque, Dijê!
SkmCz,SkmCz
SkmCz
SkmCz
Tv,Tv
Tv,Tv,Tv
Tv,Tv,Tv
Tv
Tv
Tv,Tv,Tv,Tv,mnVjCw
Tv,Tv,Tv,Tv
Tv,Tv,Tv,Tv
Tv
Tv,Tv,Tv,Tv
Tv,Tv,Tv,Tv
Tv,Tv,Tv,Tv
Tv
Tv,Tv,Tv,Tv
Tv
Tv
Tv
Tv
Tv
Tv,Tv,Tv,Tv,vLp
Tv
Tv,Tv,Tv,Tv,SkmCz
SkmCz,Tv,Tv,Tv,Tv
SkmCz
SkmCz,Tv,Tv,Tv,Tv,Tv
SkmCz,Tv,Tv,Tv,Tv,Tv,vLp
vLp
Tv
vLp,Tv,Tv,Tv,Tv,Tv,vLp
Tv
Tv
Tv
Tv
Tv
Tv
Tv,vLp,Tv,Tv,Tv,Tv,Tv,vLp
vLp
vLp
Tv,Tv,vLp,Tv,Tv,Tv,Tv,Tv,vLp,Tv
Tv
Tv,Tv,vLp,Tv,Tv,Tv,Tv,Tv,vLp,Tv,SkmCz
Tv,vLp,Tv,Tv,Tv,Tv,Tv,vLp,Tv
Tv
vLp,Tv,Tv,Tv,Tv,Tv,vLp,Tv,vLp,vLp
vLp,Tv,Tv,Tv,Tv,Tv,vLp,Tv,vLp,vLp
Tv
Tv
Tv
vLp
vLp
vLp
vLp
vLp
Jedi Wagner, assuma o comando!