[vazia]
[vazia]
Toque! Toque, Dijê!
p
Toque! Toque, Dijê!
Toque! Toque, Dijê!
p
Toque! Toque, Dijê!
p
Toque! Toque, Dijê!
Toque! Toque, Dijê!
Toque! Toque, Dijê!
[vazia]
[vazia]
[vazia]
[vazia]
dcmYeNm
dcmYeNm
dcmYeNm
dcmYeNm
dcmYeNm
p
dcmYeNm,p
dcmYeNm
dcmYeNm
dcmYeNm
dcmYeNm,p,bzN
p
dcmYeNm,p,p
p,dcmYeNm,p
p
dcmYeNm
p,dcmYeNm,p
p,dcmYeNm,p,jtVJNLnIGi
p,dcmYeNm,p,jtVJNLnIGi
p
p
p
dcmYeNm,p,jtVJNLnIGi,p
p,dcmYeNm,p,jtVJNLnIGi,p
p,dcmYeNm,p,jtVJNLnIGi
p,dcmYeNm,p,jtVJNLnIGi
p,dcmYeNm,p,jtVJNLnIGi
p,dcmYeNm,p,jtVJNLnIGi
p,dcmYeNm,p,jtVJNLnIGi
jtVJNLnIGi
dcmYeNm
dcmYeNm
p,p,jtVJNLnIGi,dcmYeNm,dcmYeNm
dcmYeNm
p
p,dcmYeNm,dcmYeNm,p,jtVJNLnIGi
p
p,dcmYeNm,p,jtVJNLnIGi,bzN,tNgJOZ
p,dcmYeNm,p,bzN,jtVJNLnIGi,tNgJOZ
p,dcmYeNm,p,bzN,jtVJNLnIGi,tNgJOZ,tNgJOZ,dcmYeNm
dcmYeNm
p,p,jtVJNLnIGi,dcmYeNm,bzN,tNgJOZ
dcmYeNm
p,p,jtVJNLnIGi,bzN,tNgJOZ,bzN
bzN
bzN
bzN
bzN
p,p,jtVJNLnIGi,bzN,tNgJOZ,bzN
p,p,jtVJNLnIGi,bzN,tNgJOZ,bzN
p,p,jtVJNLnIGi,bzN,tNgJOZ,bzN
jtVJNLnIGi
p,p,bzN,jtVJNLnIGi
p,bzN,p,jtVJNLnIGi
p
p
p
p,dcmYeNm,p,jtVJNLnIGi,bzN,tNgJOZ
jtVJNLnIGi
bzN
bzN
dcmYeNm,p,p,bzN
dcmYeNm
dcmYeNm
dcmYeNm
bzN
bzN
p,p,jtVJNLnIGi,dcmYeNm,tNgJOZ
p,p,jtVJNLnIGi,dcmYeNm,tNgJOZ
p,p,dcmYeNm,tNgJOZ,p
tNgJOZ
bzN
p,p,dcmYeNm,jtVJNLnIGi,bzN,tNgJOZ,jtVJNLnIGi
jtVJNLnIGi
jtVJNLnIGi
p,p,dcmYeNm,bzN,jtVJNLnIGi,tNgJOZ
jtVJNLnIGi
jtVJNLnIGi
p,p,jtVJNLnIGi,jtVJNLnIGi,jtVJNLnIGi
jtVJNLnIGi
p,p,jtVJNLnIGi,jtVJNLnIGi,jtVJNLnIGi,jtVJNLnIGi
p,p,jtVJNLnIGi,jtVJNLnIGi,jtVJNLnIGi,jtVJNLnIGi
jtVJNLnIGi
jtVJNLnIGi
p,p,jtVJNLnIGi,jtVJNLnIGi,jtVJNLnIGi,jtVJNLnIGi,jtVJNLnIGi,jtVJNLnIGi
jtVJNLnIGi
p
jtVJNLnIGi,jtVJNLnIGi,dcmYeNm,p,jtVJNLnIGi,p,jtVJNLnIGi,jtVJNLnIGi,jtVJNLnIGi,p
jtVJNLnIGi,jtVJNLnIGi,dcmYeNm,p,jtVJNLnIGi,p,jtVJNLnIGi,jtVJNLnIGi,jtVJNLnIGi,p
p
jtVJNLnIGi,jtVJNLnIGi,dcmYeNm,p,jtVJNLnIGi,p,jtVJNLnIGi,jtVJNLnIGi,jtVJNLnIGi,p
p
p,p,jtVJNLnIGi,jtVJNLnIGi,jtVJNLnIGi,jtVJNLnIGi,jtVJNLnIGi,jtVJNLnIGi
jtVJNLnIGi
p,p,jtVJNLnIGi,jtVJNLnIGi,jtVJNLnIGi,jtVJNLnIGi,jtVJNLnIGi,jtVJNLnIGi,jtVJNLnIGi,dcmYeNm
p,p,jtVJNLnIGi,jtVJNLnIGi,jtVJNLnIGi,jtVJNLnIGi,jtVJNLnIGi,jtVJNLnIGi,jtVJNLnIGi,dcmYeNm
jtVJNLnIGi
jtVJNLnIGi,jtVJNLnIGi,jtVJNLnIGi,jtVJNLnIGi,p,jtVJNLnIGi,jtVJNLnIGi,jtVJNLnIGi,dcmYeNm,bzN,dcmYeNm
p
p
bzN
jtVJNLnIGi,jtVJNLnIGi,bzN,jtVJNLnIGi,jtVJNLnIGi,jtVJNLnIGi,jtVJNLnIGi,jtVJNLnIGi,dcmYeNm,tNgJOZ,bzN
p,p,jtVJNLnIGi,jtVJNLnIGi,jtVJNLnIGi,jtVJNLnIGi,jtVJNLnIGi,jtVJNLnIGi
p,p,jtVJNLnIGi,jtVJNLnIGi,jtVJNLnIGi,jtVJNLnIGi,jtVJNLnIGi,jtVJNLnIGi
jtVJNLnIGi
p,jtVJNLnIGi,jtVJNLnIGi,jtVJNLnIGi,jtVJNLnIGi,jtVJNLnIGi,tNgJOZ,p
jtVJNLnIGi
p,jtVJNLnIGi,jtVJNLnIGi,jtVJNLnIGi,jtVJNLnIGi,jtVJNLnIGi,tNgJOZ,p
jtVJNLnIGi
jtVJNLnIGi
jtVJNLnIGi
jtVJNLnIGi
jtVJNLnIGi
p,jtVJNLnIGi,jtVJNLnIGi,jtVJNLnIGi,jtVJNLnIGi,tNgJOZ,jtVJNLnIGi,p,dcmYeNm
p,jtVJNLnIGi,jtVJNLnIGi,jtVJNLnIGi,jtVJNLnIGi,tNgJOZ,jtVJNLnIGi,p,dcmYeNm
p,jtVJNLnIGi,jtVJNLnIGi,jtVJNLnIGi,jtVJNLnIGi,tNgJOZ,jtVJNLnIGi,p,dcmYeNm
jtVJNLnIGi
p,p,jtVJNLnIGi,jtVJNLnIGi,jtVJNLnIGi,jtVJNLnIGi,jtVJNLnIGi,tNgJOZ,p,tNgJOZ
jtVJNLnIGi
jtVJNLnIGi,jtVJNLnIGi,jtVJNLnIGi,jtVJNLnIGi,p,jtVJNLnIGi,tNgJOZ,tNgJOZ,dcmYeNm,dcmYeNm
jtVJNLnIGi,jtVJNLnIGi,jtVJNLnIGi,jtVJNLnIGi,p,jtVJNLnIGi,tNgJOZ,tNgJOZ,dcmYeNm,dcmYeNm
jtVJNLnIGi
p,jtVJNLnIGi,jtVJNLnIGi,jtVJNLnIGi,tNgJOZ,tNgJOZ,dcmYeNm,dcmYeNm
p,jtVJNLnIGi,jtVJNLnIGi,jtVJNLnIGi,tNgJOZ,dcmYeNm,dcmYeNm,dcmYeNm,dcmYeNm,bzN
jtVJNLnIGi
p,jtVJNLnIGi,jtVJNLnIGi,jtVJNLnIGi,tNgJOZ,tNgJOZ,dcmYeNm,dcmYeNm,dcmYeNm,dcmYeNm
jtVJNLnIGi
p,jtVJNLnIGi,jtVJNLnIGi,jtVJNLnIGi,tNgJOZ,tNgJOZ,dcmYeNm,dcmYeNm,dcmYeNm,dcmYeNm,jtVJNLnIGi
tNgJOZ
tNgJOZ
tNgJOZ
p,jtVJNLnIGi,jtVJNLnIGi,tNgJOZ,tNgJOZ,dcmYeNm,dcmYeNm,dcmYeNm,jtVJNLnIGi,p,bzN
p,jtVJNLnIGi,tNgJOZ,jtVJNLnIGi,tNgJOZ,dcmYeNm,dcmYeNm,dcmYeNm,jtVJNLnIGi,p,bzN
tNgJOZ
tNgJOZ
tNgJOZ
p,jtVJNLnIGi,jtVJNLnIGi,jtVJNLnIGi,tNgJOZ,tNgJOZ,dcmYeNm,dcmYeNm,dcmYeNm,dcmYeNm,jtVJNLnIGi,p,tNgJOZ
dcmYeNm
dcmYeNm
jtVJNLnIGi,jtVJNLnIGi,jtVJNLnIGi,tNgJOZ,tNgJOZ,dcmYeNm,p,dcmYeNm,dcmYeNm,dcmYeNm,jtVJNLnIGi,p,tNgJOZ
jtVJNLnIGi,jtVJNLnIGi,tNgJOZ,tNgJOZ,dcmYeNm,p,dcmYeNm,dcmYeNm,dcmYeNm,jtVJNLnIGi,p,tNgJOZ
jtVJNLnIGi,jtVJNLnIGi,jtVJNLnIGi,tNgJOZ,tNgJOZ,dcmYeNm,p,dcmYeNm,dcmYeNm,dcmYeNm,jtVJNLnIGi,p,tNgJOZ
jtVJNLnIGi,jtVJNLnIGi,jtVJNLnIGi,tNgJOZ,tNgJOZ,dcmYeNm,p,dcmYeNm,dcmYeNm,dcmYeNm,jtVJNLnIGi,p,tNgJOZ
jtVJNLnIGi,jtVJNLnIGi,jtVJNLnIGi,tNgJOZ,tNgJOZ,dcmYeNm,p,dcmYeNm,dcmYeNm,dcmYeNm,jtVJNLnIGi,p,tNgJOZ,dcmYeNm
p
p
jtVJNLnIGi
jtVJNLnIGi
Jedi Wagner, assuma o comando!