Toque! Toque, Dijê!
Toque! Toque, Dijê!
Toque! Toque, Dijê!
FlnVFfHjrW
FlnVFfHjrW,SnHVie,o
FlnVFfHjrW,SnHVie,o
FlnVFfHjrW
SnHVie
SnHVie
FlnVFfHjrW,SnHVie,o,TUO,zfPyqWZ,I,TUO
SnHVie
SnHVie
FlnVFfHjrW,SnHVie,TUO,o,zfPyqWZ,I,zfPyqWZ
TUO
TUO
FlnVFfHjrW,SnHVie,TUO,o,zfPyqWZ,I,zfPyqWZ
TUO
TUO,o,zfPyqWZ,I,zfPyqWZ,FlnVFfHjrW,kftWzP,TUO,I
TUO,o,FlnVFfHjrW,zfPyqWZ,I,zfPyqWZ,kftWzP,TUO,I
TUO,o,zfPyqWZ,I,zfPyqWZ,FlnVFfHjrW,kftWzP,TUO,I,SnHVie
o
o
o
TUO,o,zfPyqWZ,I,zfPyqWZ,FlnVFfHjrW,kftWzP,TUO,I
o
zfPyqWZ,o,I,zfPyqWZ,FlnVFfHjrW,kftWzP,TUO,I,Bl
zfPyqWZ,o,I,zfPyqWZ,FlnVFfHjrW,kftWzP,TUO,I
zfPyqWZ,o,I,zfPyqWZ,FlnVFfHjrW,kftWzP,TUO,I
zfPyqWZ,I,zfPyqWZ,FlnVFfHjrW,TUO,kftWzP,I
zfPyqWZ,zfPyqWZ,FlnVFfHjrW,I,TUO,kftWzP,I
zfPyqWZ,FlnVFfHjrW,I,zfPyqWZ,TUO,kftWzP,I
zfPyqWZ
zfPyqWZ
TUO
TUO
I
I
I
I
zfPyqWZ,zfPyqWZ,FlnVFfHjrW,I,TUO,I
zfPyqWZ,FlnVFfHjrW,I,zfPyqWZ,TUO,I
zfPyqWZ
zfPyqWZ
zfPyqWZ
zfPyqWZ
FlnVFfHjrW,I,zfPyqWZ,TUO,I,Bl,zfPyqWZ,FlnVFfHjrW,TUO
zfPyqWZ,zfPyqWZ,FlnVFfHjrW,I,TUO,kftWzP,I
TUO
zfPyqWZ
TUO
TUO
FlnVFfHjrW
zfPyqWZ,owmE,zfPyqWZ,TUO,SnHVie,FlnVFfHjrW,I,kftWzP,I,I,o,zfPyqWZ
I
zfPyqWZ,zfPyqWZ,TUO,owmE,I,FlnVFfHjrW,kftWzP,I,I,o,zfPyqWZ,o
zfPyqWZ,zfPyqWZ,TUO,owmE,kftWzP,I,FlnVFfHjrW,I,I,o,zfPyqWZ
zfPyqWZ,zfPyqWZ,TUO,owmE,FlnVFfHjrW,I,kftWzP,I,I,o,zfPyqWZ
owmE
zfPyqWZ,zfPyqWZ,TUO,owmE,I,FlnVFfHjrW,kftWzP,I,I,o,zfPyqWZ,Bl,Bl
zfPyqWZ,zfPyqWZ,TUO,owmE,I,FlnVFfHjrW,kftWzP,I,I,o,zfPyqWZ,Bl,Bl
I
I
o
zfPyqWZ,zfPyqWZ,TUO,owmE,FlnVFfHjrW,kftWzP,I,I,o,zfPyqWZ,SnHVie
zfPyqWZ,zfPyqWZ,TUO,owmE,FlnVFfHjrW,kftWzP,I,I,o,zfPyqWZ,SnHVie
TUO
TUO
zfPyqWZ,zfPyqWZ,owmE,I,TUO,FlnVFfHjrW,kftWzP,I,o,zfPyqWZ,SnHVie
kftWzP
zfPyqWZ,zfPyqWZ,owmE,I,TUO,kftWzP,FlnVFfHjrW,I,zfPyqWZ,SnHVie,kftWzP
kftWzP
zfPyqWZ,zfPyqWZ,owmE,I,TUO,kftWzP,FlnVFfHjrW,I,zfPyqWZ,SnHVie,kftWzP,zfPyqWZ
zfPyqWZ,zfPyqWZ,TUO,kftWzP,FlnVFfHjrW,owmE,I,I,zfPyqWZ,SnHVie,kftWzP,zfPyqWZ
zfPyqWZ,zfPyqWZ,FlnVFfHjrW,owmE,SnHVie,TUO,I,I,zfPyqWZ,kftWzP,zfPyqWZ
SnHVie
zfPyqWZ,zfPyqWZ,FlnVFfHjrW,owmE,SnHVie,TUO,I,I,zfPyqWZ,kftWzP,zfPyqWZ,Bl
Bl
zfPyqWZ
zfPyqWZ,zfPyqWZ,FlnVFfHjrW,owmE,TUO,I,I,zfPyqWZ,kftWzP,zfPyqWZ,I
zfPyqWZ,zfPyqWZ,owmE,TUO,I,I,zfPyqWZ,kftWzP,FlnVFfHjrW,zfPyqWZ,I
zfPyqWZ,zfPyqWZ,owmE,I,I,zfPyqWZ,kftWzP,FlnVFfHjrW,zfPyqWZ,I,zfPyqWZ
zfPyqWZ,zfPyqWZ,owmE,I,I,zfPyqWZ,kftWzP,FlnVFfHjrW,zfPyqWZ,I,zfPyqWZ
FlnVFfHjrW
FlnVFfHjrW
Jedi Wagner, assuma o comando!