Toque! Toque, Dijê!
Toque! Toque, Dijê!
[vazia]
sUpOWac
sUpOWac
sUpOWac,ryBOxLtonA,Td
sUpOWac
sUpOWac
sUpOWac,ryBOxLtonA,Td,jYs
Td
jYs
sUpOWac,Td,jYs
jYs
jYs
sUpOWac,ryBOxLtonA,Td,jYs,sUpOWac,jYs,GlPfDk
ryBOxLtonA,Td,sUpOWac,jYs,GlPfDk,sUpOWac,jYs,GlPfDk
Td
jYs
jYs
ryBOxLtonA,Td,sUpOWac,sUpOWac,jYs,GlPfDk,jYs,ryBOxLtonA,ryBOxLtonA
sUpOWac
sUpOWac
sUpOWac,sUpOWac,Td,jYs,ryBOxLtonA,ryBOxLtonA,Td
ryBOxLtonA
ryBOxLtonA
sUpOWac,Td,sUpOWac,ryBOxLtonA,jYs,ryBOxLtonA,Td
sUpOWac,Td,sUpOWac,ryBOxLtonA,jYs,ryBOxLtonA,Td
sUpOWac,Td,sUpOWac,ryBOxLtonA,jYs,ryBOxLtonA,Td,NKqOc
sUpOWac,sUpOWac,ryBOxLtonA,Td,jYs,ryBOxLtonA,Td,NKqOc,NKqOc
ryBOxLtonA
ryBOxLtonA
sUpOWac,ryBOxLtonA,jYs,Td,ryBOxLtonA,Td,NKqOc,jYs
Td
NKqOc,sUpOWac,Td,GlPfDk,jYs,ryBOxLtonA,Td,jYs
NKqOc,sUpOWac,Td,jYs,ryBOxLtonA,Td,jYs,GlPfDk
NKqOc,sUpOWac,Td,jYs,ryBOxLtonA,Td,jYs,GlPfDk,Td
NKqOc,Td,jYs,ryBOxLtonA,Td,jYs,GlPfDk,Td,ryBOxLtonA
jYs
NKqOc,Td,ryBOxLtonA,Td,jYs,Td,ryBOxLtonA
Td,ryBOxLtonA,NKqOc,Td,jYs,Td,ryBOxLtonA,GlPfDk
NKqOc
Td,ryBOxLtonA,NKqOc,Td,jYs,Td,ryBOxLtonA,GlPfDk
Td,ryBOxLtonA,NKqOc,Td,jYs,Td,ryBOxLtonA,GlPfDk
jYs
jYs
NKqOc,Td,jYs,ryBOxLtonA,Td,GlPfDk
ryBOxLtonA
NKqOc,Td,ryBOxLtonA,jYs,Td,GlPfDk,GlPfDk,EJaGtlSRhf,NKqOc,Td,EJaGtlSRhf
jYs
NKqOc,Td,jYs,ryBOxLtonA,Td,GlPfDk,GlPfDk,EJaGtlSRhf,NKqOc,Td,EJaGtlSRhf,Td
NKqOc,Td,jYs,ryBOxLtonA,Td,GlPfDk,GlPfDk,EJaGtlSRhf,NKqOc,Td,EJaGtlSRhf,Td
GlPfDk
GlPfDk
EJaGtlSRhf
NKqOc
NKqOc,Td,jYs,ryBOxLtonA,Td,GlPfDk,GlPfDk,NKqOc,Td,EJaGtlSRhf,Td
Td
NKqOc,Td,jYs,ryBOxLtonA,Td,GlPfDk,GlPfDk,NKqOc,Td,EJaGtlSRhf,Td
Td
NKqOc,Td,jYs,ryBOxLtonA,Td,GlPfDk,GlPfDk,NKqOc,Td,EJaGtlSRhf,Td
NKqOc,Td,jYs,ryBOxLtonA,Td,GlPfDk,NKqOc,Td,EJaGtlSRhf,Td,ryBOxLtonA
NKqOc,Td,jYs,ryBOxLtonA,Td,GlPfDk,NKqOc,Td,EJaGtlSRhf,Td,ryBOxLtonA
Td
Td
NKqOc,Td,jYs,ryBOxLtonA,Td,GlPfDk,GlPfDk,NKqOc,EJaGtlSRhf,Td,Td,GlPfDk
Td
NKqOc,Td,jYs,ryBOxLtonA,Td,GlPfDk,GlPfDk,NKqOc,Td,EJaGtlSRhf,Td,jYs
NKqOc,Td,jYs,ryBOxLtonA,Td,GlPfDk,GlPfDk,NKqOc,Td,EJaGtlSRhf,Td,jYs
Td
NKqOc,Td,jYs,ryBOxLtonA,Td,GlPfDk,NKqOc,Td,EJaGtlSRhf,Td
Td
Td
Td
NKqOc
ryBOxLtonA,Td,Td,NKqOc,jYs,GlPfDk,Td,jYs,NKqOc,NKqOc,sUpOWac,NKqOc,GlPfDk,GlPfDk,jYs,Td
ryBOxLtonA,Td,Td,NKqOc,jYs,GlPfDk,Td,jYs,NKqOc,NKqOc,sUpOWac,NKqOc,GlPfDk,GlPfDk,jYs,Td
GlPfDk
Td,Td,NKqOc,jYs,GlPfDk,Td,jYs,NKqOc,NKqOc,sUpOWac,NKqOc,GlPfDk,GlPfDk,jYs,Td,GlPfDk
Td,Td,NKqOc,jYs,GlPfDk,Td,jYs,NKqOc,NKqOc,sUpOWac,NKqOc,GlPfDk,GlPfDk,jYs,Td,GlPfDk
Td,Td,NKqOc,jYs,GlPfDk,Td,jYs,NKqOc,NKqOc,sUpOWac,NKqOc,GlPfDk,GlPfDk,jYs,Td,GlPfDk
sUpOWac
sUpOWac
Td
Td
Td
Td,NKqOc,GlPfDk,Td,jYs,sUpOWac,jYs,Td,NKqOc,NKqOc,NKqOc,GlPfDk,GlPfDk,jYs,Td,GlPfDk
Td,NKqOc,GlPfDk,Td,jYs,sUpOWac,jYs,ryBOxLtonA,Td,NKqOc,NKqOc,NKqOc,GlPfDk,GlPfDk,jYs,Td,GlPfDk,GlPfDk
ryBOxLtonA
ryBOxLtonA
Td,NKqOc,GlPfDk,Td,jYs,sUpOWac,jYs,Td,NKqOc,NKqOc,NKqOc,GlPfDk,GlPfDk,jYs,Td,GlPfDk,GlPfDk
Td,NKqOc,GlPfDk,Td,jYs,sUpOWac,jYs,Td,NKqOc,NKqOc,NKqOc,GlPfDk,GlPfDk,jYs,Td,GlPfDk,GlPfDk
Td,NKqOc,GlPfDk,Td,jYs,sUpOWac,jYs,Td,NKqOc,NKqOc,NKqOc,GlPfDk,GlPfDk,jYs,Td,GlPfDk,GlPfDk,sUpOWac
Td,NKqOc,GlPfDk,Td,jYs,sUpOWac,jYs,Td,NKqOc,NKqOc,NKqOc,GlPfDk,GlPfDk,jYs,Td,GlPfDk,GlPfDk,sUpOWac
Td,NKqOc,GlPfDk,Td,jYs,sUpOWac,jYs,Td,NKqOc,NKqOc,NKqOc,GlPfDk,GlPfDk,jYs,Td,GlPfDk,GlPfDk,sUpOWac
NKqOc
NKqOc
NKqOc,GlPfDk,Td,jYs,jYs,Td,NKqOc,Td,NKqOc,NKqOc,GlPfDk,GlPfDk,jYs,Td,GlPfDk,GlPfDk,GlPfDk
Td
NKqOc
NKqOc,Td,jYs,jYs,Td,NKqOc,Td,NKqOc,NKqOc,GlPfDk,GlPfDk,jYs,Td,GlPfDk,GlPfDk,GlPfDk,Td,GlPfDk,ryBOxLtonA
NKqOc,Td,jYs,jYs,Td,NKqOc,Td,NKqOc,NKqOc,GlPfDk,GlPfDk,jYs,Td,GlPfDk,GlPfDk,GlPfDk,Td,GlPfDk,ryBOxLtonA
NKqOc
jYs,jYs,Td,Td,NKqOc,NKqOc,GlPfDk,NKqOc,Td,ryBOxLtonA,NKqOc,GlPfDk,jYs,Td,GlPfDk,GlPfDk,GlPfDk,Td,GlPfDk
NKqOc
Td,jYs,jYs,Td,Td,NKqOc,NKqOc,GlPfDk,NKqOc,ryBOxLtonA,NKqOc,GlPfDk,jYs,Td,GlPfDk,GlPfDk,GlPfDk,Td,GlPfDk
ryBOxLtonA
ryBOxLtonA
Td,jYs,jYs,Td,Td,NKqOc,NKqOc,GlPfDk,NKqOc,ryBOxLtonA,NKqOc,GlPfDk,jYs,Td,GlPfDk,GlPfDk,GlPfDk,Td,GlPfDk,jYs
ryBOxLtonA
Td,jYs,jYs,Td,Td,NKqOc,NKqOc,GlPfDk,NKqOc,NKqOc,ryBOxLtonA,GlPfDk,jYs,Td,GlPfDk,GlPfDk,GlPfDk,Td,GlPfDk,jYs
jYs,jYs,Td,NKqOc,NKqOc,GlPfDk,NKqOc,NKqOc,EJaGtlSRhf,Td,GlPfDk,jYs,Td,GlPfDk,GlPfDk,GlPfDk,Td,GlPfDk,jYs
EJaGtlSRhf
Td
Td
jYs,NKqOc,NKqOc,GlPfDk,NKqOc,NKqOc,EJaGtlSRhf,Td,jYs,GlPfDk,jYs,Td,GlPfDk,GlPfDk,GlPfDk,Td,GlPfDk,jYs,sUpOWac,EJaGtlSRhf,NKqOc
Td
Td
Td
Td
jYs,NKqOc,GlPfDk,NKqOc,NKqOc,EJaGtlSRhf,Td,jYs,GlPfDk,jYs,Td,GlPfDk,GlPfDk,GlPfDk,Td,GlPfDk,jYs,sUpOWac,EJaGtlSRhf,NKqOc,GlPfDk
Td
Td
jYs,jYs,Td,NKqOc,NKqOc,GlPfDk,NKqOc,NKqOc,EJaGtlSRhf,Td,GlPfDk,jYs,Td,GlPfDk,GlPfDk,GlPfDk,Td,GlPfDk,jYs
Td
GlPfDk
jYs,jYs,NKqOc,NKqOc,GlPfDk,NKqOc,NKqOc,EJaGtlSRhf,Td,GlPfDk,jYs,Td,GlPfDk,GlPfDk,GlPfDk,Td,GlPfDk,jYs,EJaGtlSRhf,Td
jYs,jYs,NKqOc,NKqOc,GlPfDk,NKqOc,NKqOc,EJaGtlSRhf,Td,GlPfDk,jYs,Td,GlPfDk,GlPfDk,GlPfDk,Td,GlPfDk,jYs,EJaGtlSRhf,Td
jYs,jYs,NKqOc,NKqOc,GlPfDk,NKqOc,NKqOc,Td,GlPfDk,jYs,EJaGtlSRhf,Td,GlPfDk,GlPfDk,GlPfDk,Td,GlPfDk,jYs,EJaGtlSRhf,Td
jYs,jYs,NKqOc,NKqOc,GlPfDk,NKqOc,NKqOc,Td,GlPfDk,jYs,EJaGtlSRhf,Td,GlPfDk,GlPfDk,GlPfDk,Td,GlPfDk,jYs,EJaGtlSRhf,Td
jYs
Td
Td
jYs
jYs,jYs,NKqOc,NKqOc,GlPfDk,NKqOc,NKqOc,EJaGtlSRhf,Td,GlPfDk,jYs,Td,GlPfDk,GlPfDk,GlPfDk,Td,GlPfDk,jYs,EJaGtlSRhf,Td
jYs,jYs,NKqOc,NKqOc,GlPfDk,NKqOc,NKqOc,EJaGtlSRhf,Td,GlPfDk,jYs,Td,GlPfDk,GlPfDk,GlPfDk,Td,GlPfDk,jYs,EJaGtlSRhf,Td
jYs
GlPfDk
jYs,NKqOc,NKqOc,EJaGtlSRhf,Td,GlPfDk,jYs,GlPfDk,Td,GlPfDk,GlPfDk,GlPfDk,Td,GlPfDk,jYs,EJaGtlSRhf,Td,EJaGtlSRhf,NKqOc,NKqOc
Td
jYs,NKqOc,NKqOc,EJaGtlSRhf,Td,GlPfDk,jYs,GlPfDk,Td,GlPfDk,GlPfDk,GlPfDk,Td,GlPfDk,jYs,EJaGtlSRhf,Td,EJaGtlSRhf,NKqOc,NKqOc
Td
Td
jYs,NKqOc,NKqOc,EJaGtlSRhf,Td,GlPfDk,jYs,GlPfDk,Td,GlPfDk,GlPfDk,GlPfDk,Td,GlPfDk,jYs,EJaGtlSRhf,Td,EJaGtlSRhf,NKqOc,NKqOc
jYs,NKqOc,NKqOc,EJaGtlSRhf,Td,GlPfDk,jYs,GlPfDk,Td,GlPfDk,GlPfDk,GlPfDk,Td,GlPfDk,jYs,EJaGtlSRhf,Td,EJaGtlSRhf,NKqOc,NKqOc
jYs,NKqOc,NKqOc,EJaGtlSRhf,Td,GlPfDk,jYs,GlPfDk,Td,GlPfDk,GlPfDk,GlPfDk,Td,GlPfDk,jYs,EJaGtlSRhf,Td,EJaGtlSRhf,NKqOc,NKqOc
jYs,NKqOc,NKqOc,EJaGtlSRhf,Td,GlPfDk,jYs,GlPfDk,Td,GlPfDk,GlPfDk,GlPfDk,Td,GlPfDk,jYs,EJaGtlSRhf,Td,EJaGtlSRhf
NKqOc,NKqOc,EJaGtlSRhf,GlPfDk,jYs,GlPfDk,Td,Td,GlPfDk,GlPfDk,GlPfDk,Td,GlPfDk,jYs,EJaGtlSRhf,Td,EJaGtlSRhf
NKqOc,NKqOc,EJaGtlSRhf,Td,GlPfDk,jYs,GlPfDk,Td,GlPfDk,GlPfDk,GlPfDk,Td,GlPfDk,jYs,EJaGtlSRhf,Td,EJaGtlSRhf,GlPfDk
NKqOc,NKqOc,EJaGtlSRhf,Td,GlPfDk,jYs,GlPfDk,Td,GlPfDk,GlPfDk,GlPfDk,Td,GlPfDk,jYs,EJaGtlSRhf,Td,EJaGtlSRhf,GlPfDk
EJaGtlSRhf
GlPfDk
GlPfDk
GlPfDk
NKqOc,NKqOc,EJaGtlSRhf,Td,GlPfDk,jYs,GlPfDk,Td,GlPfDk,GlPfDk,GlPfDk,Td,GlPfDk,jYs,EJaGtlSRhf,Td,EJaGtlSRhf,GlPfDk,sUpOWac,sUpOWac
Td
NKqOc,NKqOc,EJaGtlSRhf,Td,GlPfDk,GlPfDk,Td,GlPfDk,GlPfDk,GlPfDk,Td,GlPfDk,jYs,jYs,EJaGtlSRhf,Td,EJaGtlSRhf,GlPfDk,sUpOWac,sUpOWac
NKqOc,NKqOc,EJaGtlSRhf,Td,GlPfDk,GlPfDk,Td,GlPfDk,GlPfDk,GlPfDk,Td,GlPfDk,jYs,jYs,EJaGtlSRhf,Td,EJaGtlSRhf,GlPfDk,sUpOWac,sUpOWac
NKqOc,NKqOc,EJaGtlSRhf,Td,GlPfDk,GlPfDk,Td,GlPfDk,GlPfDk,GlPfDk,Td,GlPfDk,jYs,jYs,EJaGtlSRhf,Td,EJaGtlSRhf,GlPfDk,sUpOWac,sUpOWac
jYs
jYs
jYs
NKqOc,EJaGtlSRhf,Td,GlPfDk,GlPfDk,Td,GlPfDk,GlPfDk,GlPfDk,Td,GlPfDk,jYs,jYs,EJaGtlSRhf,Td,EJaGtlSRhf,GlPfDk,sUpOWac,sUpOWac,jYs
sUpOWac
NKqOc,Td,GlPfDk,GlPfDk,Td,GlPfDk,GlPfDk,GlPfDk,Td,GlPfDk,jYs,jYs,EJaGtlSRhf,sUpOWac,EJaGtlSRhf,Td,EJaGtlSRhf,GlPfDk,sUpOWac,jYs,ryBOxLtonA
NKqOc,Td,GlPfDk,GlPfDk,Td,GlPfDk,GlPfDk,GlPfDk,Td,GlPfDk,jYs,jYs,EJaGtlSRhf,sUpOWac,EJaGtlSRhf,Td,EJaGtlSRhf,GlPfDk,sUpOWac,jYs,ryBOxLtonA,GlPfDk
NKqOc,Td,GlPfDk,GlPfDk,Td,GlPfDk,GlPfDk,GlPfDk,Td,GlPfDk,jYs,jYs,EJaGtlSRhf,EJaGtlSRhf,Td,EJaGtlSRhf,GlPfDk,sUpOWac,jYs,ryBOxLtonA,GlPfDk,Td
EJaGtlSRhf
EJaGtlSRhf
EJaGtlSRhf
EJaGtlSRhf
NKqOc,Td,GlPfDk,GlPfDk,Td,GlPfDk,GlPfDk,GlPfDk,Td,GlPfDk,jYs,jYs,EJaGtlSRhf,sUpOWac,EJaGtlSRhf,Td,EJaGtlSRhf,GlPfDk,sUpOWac,jYs,ryBOxLtonA,GlPfDk
NKqOc,Td,GlPfDk,GlPfDk,Td,GlPfDk,GlPfDk,GlPfDk,Td,GlPfDk,jYs,jYs,EJaGtlSRhf,sUpOWac,EJaGtlSRhf,Td,EJaGtlSRhf,GlPfDk,sUpOWac,jYs,GlPfDk
EJaGtlSRhf
NKqOc,Td,GlPfDk,GlPfDk,Td,GlPfDk,GlPfDk,GlPfDk,Td,GlPfDk,jYs,jYs,EJaGtlSRhf,sUpOWac,EJaGtlSRhf,Td,EJaGtlSRhf,GlPfDk,sUpOWac,jYs,GlPfDk
GlPfDk
GlPfDk
NKqOc,Td,GlPfDk,GlPfDk,Td,GlPfDk,GlPfDk,GlPfDk,Td,GlPfDk,jYs,jYs,EJaGtlSRhf,sUpOWac,EJaGtlSRhf,Td,EJaGtlSRhf,GlPfDk,sUpOWac,jYs,ryBOxLtonA,GlPfDk
NKqOc,GlPfDk,GlPfDk,Td,GlPfDk,GlPfDk,GlPfDk,Td,GlPfDk,jYs,jYs,sUpOWac,EJaGtlSRhf,EJaGtlSRhf,Td,EJaGtlSRhf,GlPfDk,sUpOWac,jYs,ryBOxLtonA,GlPfDk
NKqOc,GlPfDk,GlPfDk,Td,GlPfDk,GlPfDk,GlPfDk,Td,GlPfDk,jYs,jYs,sUpOWac,EJaGtlSRhf,EJaGtlSRhf,Td,EJaGtlSRhf,GlPfDk,sUpOWac,jYs,ryBOxLtonA,GlPfDk,EJaGtlSRhf
EJaGtlSRhf
NKqOc,GlPfDk,GlPfDk,Td,GlPfDk,GlPfDk,GlPfDk,Td,GlPfDk,jYs,jYs,sUpOWac,EJaGtlSRhf,EJaGtlSRhf,Td,EJaGtlSRhf,GlPfDk,sUpOWac,jYs,ryBOxLtonA,GlPfDk,EJaGtlSRhf
Td
GlPfDk,GlPfDk,Td,GlPfDk,GlPfDk,GlPfDk,Td,GlPfDk,jYs,sUpOWac,EJaGtlSRhf,EJaGtlSRhf,Td,jYs,NKqOc,EJaGtlSRhf,GlPfDk,sUpOWac,jYs,ryBOxLtonA,GlPfDk,EJaGtlSRhf,Td
jYs
NKqOc
NKqOc
Jedi Wagner, assuma o comando!