Toque! Toque, Dijê!
oQohDB
oQohDB
Toque! Toque, Dijê!
[vazia]
ULCkhxf
ULCkhxf
ULCkhxf
ULCkhxf
ULCkhxf
ntb
ntb
ntb,STDNOKmR
ntb,STDNOKmR
ntb
ntb,STDNOKmR
ntb
ntb,STDNOKmR
STDNOKmR,ntb,ntb,ULCkhxf,tErrPWSCE
ntb
ntb
ntb
STDNOKmR,ntb,ntb,ULCkhxf,ntb
ntb
ntb
STDNOKmR,ntb,ntb,ULCkhxf,ntb,ntb
STDNOKmR,ntb,ntb,ULCkhxf,ntb,ntb,ntb
ULCkhxf
ULCkhxf
STDNOKmR,ntb,ntb,ULCkhxf,ntb,ntb,ntb,ntb
ntb
ntb
STDNOKmR,ULCkhxf,ntb,ntb,ntb,ntb,tErrPWSCE,i
ULCkhxf,ntb,ntb,ntb,ntb,tErrPWSCE,i
STDNOKmR,ULCkhxf,ntb,ntb,ntb,ntb,tErrPWSCE,i
ntb
ntb
STDNOKmR,ULCkhxf,ntb,ntb,ntb,ntb,tErrPWSCE,i,ULCkhxf
ULCkhxf
STDNOKmR,ntb,ntb,ntb,ntb,TdChuor,ULCkhxf,tErrPWSCE,i
TdChuor
STDNOKmR,ntb,ntb,ntb,TdChuor,ULCkhxf,tErrPWSCE,i,ntb
STDNOKmR,ntb,ntb,ntb,TdChuor,ULCkhxf,tErrPWSCE,i,ntb,TdChuor
STDNOKmR,ntb,ntb,ntb,TdChuor,ULCkhxf,tErrPWSCE,i,ntb,TdChuor,TdChuor
STDNOKmR,ntb,ntb,ntb,TdChuor,ULCkhxf,tErrPWSCE,i,ntb,TdChuor,TdChuor
STDNOKmR,ntb,ntb,ntb,TdChuor,ULCkhxf,tErrPWSCE,i,ntb,TdChuor,TdChuor
ntb,ntb,ntb,TdChuor,ULCkhxf,tErrPWSCE,i,ntb,TdChuor,TdChuor
tErrPWSCE
ntb,ntb,ULCkhxf,tErrPWSCE,i,ntb,TdChuor,TdChuor,TdChuor,i,ntb
ntb,ntb,ULCkhxf,tErrPWSCE,i,ntb,TdChuor,TdChuor,TdChuor,i,ntb
TdChuor
ntb,ntb,ULCkhxf,tErrPWSCE,i,ntb,TdChuor,TdChuor,TdChuor,i,ntb,Oo
ntb,ntb,i,ntb,TdChuor,TdChuor,tErrPWSCE,TdChuor,i,ntb
ntb,ntb,ULCkhxf,tErrPWSCE,i,ntb,TdChuor,TdChuor,TdChuor,i,ntb
TdChuor
ntb,ntb,ULCkhxf,tErrPWSCE,i,ntb,TdChuor,TdChuor,TdChuor,i,ntb,TdChuor,ULCkhxf
TdChuor
ntb,ntb,ULCkhxf,tErrPWSCE,i,ntb,TdChuor,TdChuor,TdChuor,i,ntb,ULCkhxf
TdChuor
TdChuor
TdChuor
ntb,ntb,ULCkhxf,i,ntb,Oo,tErrPWSCE,oQohDB,TdChuor,TdChuor,i,ntb,ULCkhxf,Oo,tErrPWSCE
ntb,ntb,Oo,tErrPWSCE,oQohDB,i,ntb,TdChuor,TdChuor,i,ntb,ULCkhxf,Oo,tErrPWSCE
ntb,ntb,ULCkhxf,i,ntb,Oo,tErrPWSCE,oQohDB,TdChuor,TdChuor,i,ntb,ULCkhxf,Oo,tErrPWSCE
ntb,ntb,ULCkhxf,i,ntb,Oo,tErrPWSCE,oQohDB,TdChuor,TdChuor,i,ntb,ULCkhxf,Oo,tErrPWSCE
oQohDB
oQohDB
oQohDB
ntb,ntb,ULCkhxf,i,ntb,Oo,tErrPWSCE,oQohDB,TdChuor,TdChuor,i,ntb,ULCkhxf,Oo,tErrPWSCE,STDNOKmR
oQohDB
oQohDB
ntb,ntb,i,ntb,Oo,tErrPWSCE,oQohDB,TdChuor,TdChuor,i,ntb,ULCkhxf,Oo,tErrPWSCE,STDNOKmR,tErrPWSCE
oQohDB
ntb,ntb,i,ntb,Oo,tErrPWSCE,oQohDB,TdChuor,TdChuor,i,ntb,Oo,tErrPWSCE,tErrPWSCE
TdChuor
ntb,ntb,i,ntb,Oo,tErrPWSCE,oQohDB,TdChuor,i,ntb,Oo,tErrPWSCE,tErrPWSCE
i
TdChuor
TdChuor
TdChuor
TdChuor
i,oQohDB,i,ntb,TdChuor,ntb,Oo,tErrPWSCE,tErrPWSCE,i
TdChuor
i,oQohDB,i,ntb,TdChuor,ntb,Oo,tErrPWSCE,tErrPWSCE,i,TdChuor
ntb
i,oQohDB,i,ntb,ntb,Oo,tErrPWSCE,tErrPWSCE,i,tErrPWSCE
i,oQohDB,i,ntb,ntb,Oo,tErrPWSCE,tErrPWSCE,i,tErrPWSCE
i,oQohDB,i,ntb,ntb,Oo,tErrPWSCE,tErrPWSCE,i,tErrPWSCE,tErrPWSCE,TdChuor
tErrPWSCE
i,oQohDB,i,ntb,ntb,Oo,tErrPWSCE,tErrPWSCE,i,tErrPWSCE,tErrPWSCE,TdChuor,i
tErrPWSCE
i,oQohDB,i,ntb,ntb,Oo,tErrPWSCE,tErrPWSCE,i,tErrPWSCE,tErrPWSCE,TdChuor,i
tErrPWSCE
i,oQohDB,i,ntb,ntb,Oo,tErrPWSCE,tErrPWSCE,i,tErrPWSCE,tErrPWSCE,TdChuor,i
i,oQohDB,i,ntb,Oo,tErrPWSCE,tErrPWSCE,i,tErrPWSCE,tErrPWSCE,TdChuor,i
tErrPWSCE
i,i,Oo,tErrPWSCE,tErrPWSCE,i,TdChuor,oQohDB,tErrPWSCE,tErrPWSCE,i,oQohDB
oQohDB
oQohDB
i,i,Oo,tErrPWSCE,tErrPWSCE,i,TdChuor,oQohDB,tErrPWSCE,tErrPWSCE,i,oQohDB,TdChuor
i,i,Oo,tErrPWSCE,tErrPWSCE,i,TdChuor,oQohDB,tErrPWSCE,tErrPWSCE,i,oQohDB,TdChuor,kgdGUL,kgdGUL
tErrPWSCE
i
i
i
i
i
tErrPWSCE
oQohDB
i,i,Oo,tErrPWSCE,i,TdChuor,tErrPWSCE,tErrPWSCE,i,tErrPWSCE,oQohDB,TdChuor,kgdGUL,kgdGUL
i,i,Oo,tErrPWSCE,i,TdChuor,tErrPWSCE,tErrPWSCE,i,tErrPWSCE,oQohDB,TdChuor,kgdGUL,kgdGUL
oQohDB
i,i,Oo,tErrPWSCE,i,TdChuor,tErrPWSCE,tErrPWSCE,i,tErrPWSCE,oQohDB,TdChuor,kgdGUL,kgdGUL
i,i,tErrPWSCE,i,TdChuor,tErrPWSCE,tErrPWSCE,i,tErrPWSCE,oQohDB,TdChuor,kgdGUL,kgdGUL,STDNOKmR
oQohDB
STDNOKmR
STDNOKmR
i,i,tErrPWSCE,i,TdChuor,tErrPWSCE,tErrPWSCE,i,tErrPWSCE,oQohDB,TdChuor,kgdGUL,kgdGUL,STDNOKmR,kgdGUL,tErrPWSCE,ULCkhxf
i,i,tErrPWSCE,i,TdChuor,tErrPWSCE,tErrPWSCE,i,tErrPWSCE,kgdGUL,oQohDB,TdChuor,STDNOKmR,kgdGUL,tErrPWSCE
i,i,tErrPWSCE,i,TdChuor,tErrPWSCE,tErrPWSCE,i,tErrPWSCE,ntb,oQohDB,TdChuor,kgdGUL,tErrPWSCE,TdChuor
i,i,Oo,tErrPWSCE,i,TdChuor,tErrPWSCE,tErrPWSCE,i,tErrPWSCE,oQohDB,TdChuor,kgdGUL,kgdGUL,ntb
TdChuor
i,i,Oo,tErrPWSCE,i,TdChuor,tErrPWSCE,tErrPWSCE,i,tErrPWSCE,oQohDB,TdChuor,kgdGUL,kgdGUL,ntb,kgdGUL
i,i,Oo,tErrPWSCE,i,TdChuor,tErrPWSCE,tErrPWSCE,i,tErrPWSCE,oQohDB,TdChuor,kgdGUL,kgdGUL,ntb,kgdGUL
i,i,Oo,tErrPWSCE,i,TdChuor,tErrPWSCE,tErrPWSCE,i,tErrPWSCE,oQohDB,TdChuor,kgdGUL,kgdGUL,ntb,kgdGUL,kgdGUL
TdChuor
i,i,Oo,tErrPWSCE,i,TdChuor,tErrPWSCE,tErrPWSCE,i,tErrPWSCE,oQohDB,TdChuor,kgdGUL,kgdGUL,ntb,kgdGUL,kgdGUL
i,i,Oo,tErrPWSCE,i,TdChuor,tErrPWSCE,tErrPWSCE,i,tErrPWSCE,oQohDB,TdChuor,kgdGUL,kgdGUL,ntb,kgdGUL,kgdGUL
i,i,Oo,tErrPWSCE,i,TdChuor,tErrPWSCE,tErrPWSCE,i,tErrPWSCE,oQohDB,ntb,TdChuor,kgdGUL,kgdGUL,kgdGUL,kgdGUL
i,i,Oo,tErrPWSCE,i,TdChuor,tErrPWSCE,tErrPWSCE,i,tErrPWSCE,oQohDB,ntb,TdChuor,kgdGUL,kgdGUL,kgdGUL,kgdGUL
ntb
TdChuor
i,i,Oo,tErrPWSCE,i,TdChuor,tErrPWSCE,tErrPWSCE,i,tErrPWSCE,oQohDB,ntb,TdChuor,kgdGUL,kgdGUL,kgdGUL,kgdGUL
i,Oo,tErrPWSCE,i,TdChuor,tErrPWSCE,tErrPWSCE,i,tErrPWSCE,oQohDB,ntb,TdChuor,i,kgdGUL,kgdGUL,kgdGUL,kgdGUL,i
TdChuor
i,i,Oo,tErrPWSCE,i,TdChuor,tErrPWSCE,tErrPWSCE,i,tErrPWSCE,ntb,TdChuor,kgdGUL,kgdGUL,kgdGUL,kgdGUL
i,i,Oo,tErrPWSCE,i,TdChuor,tErrPWSCE,tErrPWSCE,i,tErrPWSCE,oQohDB,ntb,kgdGUL,TdChuor,kgdGUL,kgdGUL,kgdGUL,tErrPWSCE
i,i,Oo,tErrPWSCE,i,TdChuor,tErrPWSCE,tErrPWSCE,i,tErrPWSCE,oQohDB,ntb,TdChuor,kgdGUL,kgdGUL,kgdGUL,kgdGUL,tErrPWSCE
TdChuor
i,i,Oo,tErrPWSCE,i,TdChuor,tErrPWSCE,tErrPWSCE,i,tErrPWSCE,oQohDB,ntb,TdChuor,kgdGUL,kgdGUL,kgdGUL,kgdGUL,tErrPWSCE,ntb
TdChuor
i,i,Oo,tErrPWSCE,i,TdChuor,tErrPWSCE,tErrPWSCE,i,tErrPWSCE,oQohDB,ntb,TdChuor,kgdGUL,kgdGUL,kgdGUL,kgdGUL,tErrPWSCE,ntb,i
i,i,Oo,i,TdChuor,tErrPWSCE,tErrPWSCE,i,tErrPWSCE,oQohDB,ntb,TdChuor,kgdGUL,kgdGUL,tErrPWSCE,kgdGUL,kgdGUL,tErrPWSCE,ntb,i,Oo
kgdGUL
i,i,Oo,i,TdChuor,tErrPWSCE,tErrPWSCE,i,tErrPWSCE,oQohDB,ntb,TdChuor,kgdGUL,kgdGUL,tErrPWSCE,kgdGUL,kgdGUL,tErrPWSCE,ntb,i,Oo
kgdGUL
i,i,Oo,tErrPWSCE,i,TdChuor,tErrPWSCE,tErrPWSCE,i,tErrPWSCE,oQohDB,ntb,TdChuor,kgdGUL,kgdGUL,kgdGUL,kgdGUL,tErrPWSCE,ntb,i
i,i,Oo,tErrPWSCE,i,tErrPWSCE,tErrPWSCE,i,tErrPWSCE,oQohDB,ntb,TdChuor,kgdGUL,kgdGUL,kgdGUL,TdChuor,kgdGUL,tErrPWSCE,ntb,i,i,STDNOKmR
i,i,Oo,tErrPWSCE,i,tErrPWSCE,tErrPWSCE,i,tErrPWSCE,oQohDB,ntb,TdChuor,kgdGUL,kgdGUL,kgdGUL,TdChuor,kgdGUL,tErrPWSCE,ntb,i,i,STDNOKmR
tErrPWSCE
i,i,Oo,tErrPWSCE,i,tErrPWSCE,tErrPWSCE,i,tErrPWSCE,oQohDB,ntb,TdChuor,kgdGUL,kgdGUL,kgdGUL,TdChuor,kgdGUL,tErrPWSCE,ntb,i,i,ntb
ntb
i,i,Oo,tErrPWSCE,i,tErrPWSCE,tErrPWSCE,i,tErrPWSCE,oQohDB,ntb,TdChuor,kgdGUL,kgdGUL,kgdGUL,TdChuor,kgdGUL,tErrPWSCE,ntb,i,i,ntb,kgdGUL,ntb
ntb
i,i,Oo,tErrPWSCE,i,tErrPWSCE,tErrPWSCE,i,tErrPWSCE,oQohDB,ntb,TdChuor,kgdGUL,kgdGUL,kgdGUL,TdChuor,kgdGUL,tErrPWSCE,ntb,i,i,ntb,kgdGUL,ntb
i,i,Oo,tErrPWSCE,i,tErrPWSCE,tErrPWSCE,i,tErrPWSCE,oQohDB,ntb,TdChuor,kgdGUL,kgdGUL,kgdGUL,TdChuor,kgdGUL,tErrPWSCE,ntb,i,i,ntb,kgdGUL,ntb
i,i,Oo,tErrPWSCE,i,tErrPWSCE,tErrPWSCE,i,tErrPWSCE,oQohDB,ntb,TdChuor,kgdGUL,kgdGUL,kgdGUL,TdChuor,kgdGUL,tErrPWSCE,ntb,i,i,ntb,kgdGUL,ntb
i,i,Oo,tErrPWSCE,i,tErrPWSCE,tErrPWSCE,i,tErrPWSCE,oQohDB,TdChuor,kgdGUL,kgdGUL,kgdGUL,TdChuor,kgdGUL,tErrPWSCE,ntb,ntb,i,i,ntb
ntb
ntb
i
i,i,Oo,tErrPWSCE,i,tErrPWSCE,tErrPWSCE,i,tErrPWSCE,oQohDB,TdChuor,kgdGUL,kgdGUL,kgdGUL,TdChuor,kgdGUL,tErrPWSCE,ntb,ntb,i,i,ntb,STDNOKmR
i,i,Oo,tErrPWSCE,i,tErrPWSCE,tErrPWSCE,i,tErrPWSCE,oQohDB,kgdGUL,kgdGUL,TdChuor,kgdGUL,tErrPWSCE,ntb,ntb,i,i,STDNOKmR,TdChuor,kgdGUL,ntb
i,i,Oo,tErrPWSCE,i,tErrPWSCE,tErrPWSCE,i,tErrPWSCE,oQohDB,kgdGUL,kgdGUL,TdChuor,kgdGUL,tErrPWSCE,ntb,ntb,i,i,STDNOKmR,TdChuor,kgdGUL,ntb
TdChuor
TdChuor
i,i,Oo,tErrPWSCE,i,tErrPWSCE,tErrPWSCE,i,tErrPWSCE,oQohDB,kgdGUL,kgdGUL,kgdGUL,TdChuor,kgdGUL,tErrPWSCE,ntb,ntb,i,i,STDNOKmR,TdChuor,ntb
i,i,Oo,tErrPWSCE,i,tErrPWSCE,tErrPWSCE,i,tErrPWSCE,oQohDB,kgdGUL,kgdGUL,kgdGUL,TdChuor,kgdGUL,tErrPWSCE,ntb,ntb,i,i,TdChuor,STDNOKmR,ntb
TdChuor
TdChuor
TdChuor
TdChuor
i,i,Oo,tErrPWSCE,i,tErrPWSCE,tErrPWSCE,i,tErrPWSCE,oQohDB,kgdGUL,kgdGUL,TdChuor,kgdGUL,tErrPWSCE,ntb,i,i,TdChuor,kgdGUL,ntb,STDNOKmR,ntb,kgdGUL
TdChuor
i,i,Oo,tErrPWSCE,i,tErrPWSCE,tErrPWSCE,i,tErrPWSCE,oQohDB,kgdGUL,kgdGUL,TdChuor,kgdGUL,tErrPWSCE,ntb,i,i,TdChuor,kgdGUL,ntb,STDNOKmR,ntb,kgdGUL,tErrPWSCE,kgdGUL,TdChuor,ULCkhxf,TdChuor
TdChuor
Jedi Wagner, assuma o comando!