SQ
SQ
Toque! Toque, Dijê!
SQ
SQ
mfgls
mfgls
mfgls
mfgls
[vazia]
Toque! Toque, Dijê!
[vazia]
[vazia]
Toque! Toque, Dijê!
Toque! Toque, Dijê!
[vazia]
[vazia]
[vazia]
[vazia]
Toque! Toque, Dijê!
ZQxj
ZQxj
ZQxj
[vazia]
Toque! Toque, Dijê!
Toque! Toque, Dijê!
[vazia]
pmcWLpN
pmcWLpN,pmcWLpN
pmcWLpN,pmcWLpN,ZQxj
pmcWLpN,pmcWLpN,ZQxj,KAQy
ZQxj,pmcWLpN,pmcWLpN,KAQy
pmcWLpN,ZQxj,KAQy
pmcWLpN,KAQy
pmcWLpN,KAQy
pmcWLpN,KAQy
pmcWLpN
pmcWLpN,KAQy,pmcWLpN
pmcWLpN
pmcWLpN,KAQy,pmcWLpN
pmcWLpN,KAQy,pmcWLpN
KAQy
pmcWLpN,KAQy,pmcWLpN
pmcWLpN,KAQy,pmcWLpN
pmcWLpN,KAQy,pmcWLpN
KAQy
pmcWLpN
pmcWLpN
pmcWLpN
pmcWLpN
KAQy,pmcWLpN,mfgls
KAQy,pmcWLpN,mfgls
pmcWLpN
pmcWLpN
pmcWLpN,pmcWLpN
pmcWLpN
pmcWLpN,ZQxj
pmcWLpN
pmcWLpN
pmcWLpN
pmcWLpN
pmcWLpN
pmcWLpN
pmcWLpN,pmcWLpN
pmcWLpN,pmcWLpN
pmcWLpN,pmcWLpN,FugcmnJsbx
pmcWLpN,pmcWLpN,pmcWLpN,SQ
pmcWLpN
pmcWLpN
pmcWLpN
pmcWLpN,pmcWLpN,pmcWLpN,SQ
pmcWLpN,pmcWLpN,pmcWLpN,SQ
pmcWLpN
pmcWLpN
pmcWLpN
pmcWLpN
pmcWLpN,pmcWLpN,pmcWLpN,SQ
pmcWLpN,pmcWLpN,pmcWLpN,SQ
pmcWLpN,pmcWLpN,pmcWLpN,SQ
pmcWLpN,pmcWLpN,SQ,pmcWLpN,ZQxj
pmcWLpN,SQ,pmcWLpN,SQ,NjaCDIOcRP
pmcWLpN,pmcWLpN,SQ,pmcWLpN
pmcWLpN,pmcWLpN,pmcWLpN,SQ,SQ
pmcWLpN,pmcWLpN,pmcWLpN,SQ,SQ
pmcWLpN,pmcWLpN,pmcWLpN,SQ,SQ
pmcWLpN,pmcWLpN,pmcWLpN,SQ,SQ
SQ
pmcWLpN
pmcWLpN,pmcWLpN,pmcWLpN,SQ,SQ
pmcWLpN,pmcWLpN,pmcWLpN,SQ,SQ
pmcWLpN
pmcWLpN,pmcWLpN,pmcWLpN,SQ,SQ
pmcWLpN,pmcWLpN,pmcWLpN,SQ,SQ
pmcWLpN,pmcWLpN,pmcWLpN,SQ,SQ
pmcWLpN
pmcWLpN
pmcWLpN
pmcWLpN
pmcWLpN,pmcWLpN,pmcWLpN,SQ,SQ
pmcWLpN,pmcWLpN,pmcWLpN,SQ,SQ
pmcWLpN
SQ
pmcWLpN,pmcWLpN,pmcWLpN,SQ,SQ,mfgls
pmcWLpN,pmcWLpN,pmcWLpN,SQ,SQ,mfgls
pmcWLpN,pmcWLpN,pmcWLpN,SQ,SQ,mfgls
pmcWLpN,pmcWLpN,pmcWLpN,SQ,SQ
pmcWLpN,pmcWLpN,pmcWLpN,SQ,SQ
pmcWLpN,pmcWLpN,pmcWLpN,SQ,SQ
SQ
pmcWLpN,pmcWLpN,pmcWLpN,SQ,SQ
pmcWLpN,pmcWLpN,pmcWLpN,SQ,SQ
Jedi Wagner, assuma o comando!