[vazia]
[vazia]
mwKiwij
mwKiwij
mwKiwij
mwKiwij
mwKiwij
mwKiwij
mwKiwij
mwKiwij,BHx
mwKiwij
mwKiwij,BHx,BHx
mwKiwij
BHx
BHx
BHx
mwKiwij
Toque! Toque, Dijê!
[vazia]
Toque! Toque, Dijê!
Toque! Toque, Dijê!
Toque! Toque, Dijê!
mwKiwij
mwKiwij
mwKiwij
mwKiwij
mwKiwij
Toque! Toque, Dijê!
[vazia]
mwKiwij,mwKiwij,mwKiwij,pPF,mwKiwij
mwKiwij,mwKiwij,mwKiwij,pPF,mwKiwij
mwKiwij,mwKiwij,mwKiwij,pPF,mwKiwij
mwKiwij
mwKiwij
mwKiwij,mwKiwij,mwKiwij,pPF,mwKiwij
mwKiwij,mwKiwij,mwKiwij,pPF,mwKiwij
mwKiwij
mwKiwij
mwKiwij,mwKiwij,mwKiwij,pPF,mwKiwij,mwKiwij,mwKiwij
mwKiwij
mwKiwij
pPF
pPF
mwKiwij,mwKiwij,mwKiwij,pPF,mwKiwij,mwKiwij,mwKiwij,BHx
pPF
pPF
pPF
pPF
pPF
Jedi Wagner, assuma o comando!