dQAvqlWx
dQAvqlWx
dQAvqlWx
dQAvqlWx
dQAvqlWx
[vazia]
[vazia]
[vazia]
Toque! Toque, Dijê!
Toque! Toque, Dijê!
Toque! Toque, Dijê!
[vazia]
Toque! Toque, Dijê!
[vazia]
[vazia]
Toque! Toque, Dijê!
[vazia]
[vazia]
Toque! Toque, Dijê!
Toque! Toque, Dijê!
MqaQKrJIF
Toque! Toque, Dijê!
[vazia]
Toque! Toque, Dijê!
[vazia]
[vazia]
Toque! Toque, Dijê!
Toque! Toque, Dijê!
Toque! Toque, Dijê!
cwq
cwq
[vazia]
NFpuxm
NFpuxm
NFpuxm
cwq
dQAvqlWx
dQAvqlWx
dQAvqlWx
MqaQKrJIF
Toque! Toque, Dijê!
Toque! Toque, Dijê!
[vazia]
[vazia]
dQAvqlWx,MqaQKrJIF
dQAvqlWx,MqaQKrJIF
dQAvqlWx
dQAvqlWx,MqaQKrJIF
dQAvqlWx
[vazia]
Toque! Toque, Dijê!
Toque! Toque, Dijê!
[vazia]
[vazia]
[vazia]
Toque! Toque, Dijê!
NFpuxm
NFpuxm,NFpuxm
NFpuxm
NFpuxm
NFpuxm,buaNqtLY
buaNqtLY
NFpuxm,buaNqtLY,MqaQKrJIF,buaNqtLY
NFpuxm,buaNqtLY,MqaQKrJIF,buaNqtLY,NFpuxm
NFpuxm,buaNqtLY,MqaQKrJIF,buaNqtLY,NFpuxm
NFpuxm,buaNqtLY,MqaQKrJIF,buaNqtLY,NFpuxm
NFpuxm,buaNqtLY,MqaQKrJIF,buaNqtLY,NFpuxm
MqaQKrJIF
buaNqtLY
NFpuxm
buaNqtLY,MqaQKrJIF,buaNqtLY,NFpuxm,cwq,dQAvqlWx,buaNqtLY,buaNqtLY,PwSQqkb
buaNqtLY,MqaQKrJIF,buaNqtLY,NFpuxm,cwq,dQAvqlWx,buaNqtLY,buaNqtLY,buaNqtLY
dQAvqlWx
dQAvqlWx
MqaQKrJIF,buaNqtLY,NFpuxm,cwq,dQAvqlWx,buaNqtLY,buaNqtLY,buaNqtLY,cwq,buaNqtLY
dQAvqlWx
buaNqtLY,MqaQKrJIF,buaNqtLY,NFpuxm,cwq,dQAvqlWx,buaNqtLY,buaNqtLY
buaNqtLY,MqaQKrJIF,buaNqtLY,NFpuxm,cwq,dQAvqlWx,buaNqtLY,buaNqtLY
dQAvqlWx
buaNqtLY
buaNqtLY
buaNqtLY
buaNqtLY
buaNqtLY,buaNqtLY,cwq
MqaQKrJIF,buaNqtLY,cwq,NFpuxm
buaNqtLY
MqaQKrJIF,buaNqtLY,cwq,NFpuxm
buaNqtLY
MqaQKrJIF,buaNqtLY,cwq,NFpuxm,buaNqtLY
MqaQKrJIF,buaNqtLY,cwq,NFpuxm,PwSQqkb,MqaQKrJIF
MqaQKrJIF
MqaQKrJIF
MqaQKrJIF
buaNqtLY
buaNqtLY
buaNqtLY
buaNqtLY,cwq,MqaQKrJIF,PwSQqkb,MqaQKrJIF,cwq,MqaQKrJIF,NFpuxm,PwSQqkb,buaNqtLY,NFpuxm,buaNqtLY
buaNqtLY
buaNqtLY
buaNqtLY
buaNqtLY
cwq,MqaQKrJIF,buaNqtLY,PwSQqkb,MqaQKrJIF,cwq,MqaQKrJIF,NFpuxm,PwSQqkb,buaNqtLY
buaNqtLY
buaNqtLY
buaNqtLY
buaNqtLY
buaNqtLY
PwSQqkb
cwq,buaNqtLY,PwSQqkb,MqaQKrJIF,cwq,MqaQKrJIF,NFpuxm,PwSQqkb,buaNqtLY
cwq,buaNqtLY,PwSQqkb,MqaQKrJIF,cwq,MqaQKrJIF,NFpuxm,PwSQqkb,buaNqtLY
cwq,buaNqtLY,PwSQqkb,MqaQKrJIF,cwq,MqaQKrJIF,NFpuxm,PwSQqkb,buaNqtLY
PwSQqkb
PwSQqkb
PwSQqkb
cwq,buaNqtLY,PwSQqkb,MqaQKrJIF,cwq,MqaQKrJIF,NFpuxm,PwSQqkb,buaNqtLY,MqaQKrJIF
cwq,buaNqtLY,PwSQqkb,MqaQKrJIF,cwq,MqaQKrJIF,NFpuxm,PwSQqkb,buaNqtLY,MqaQKrJIF
cwq,buaNqtLY,PwSQqkb,MqaQKrJIF,cwq,MqaQKrJIF,NFpuxm,PwSQqkb,buaNqtLY,MqaQKrJIF
PwSQqkb
cwq,buaNqtLY,PwSQqkb,MqaQKrJIF,cwq,MqaQKrJIF,NFpuxm,PwSQqkb,buaNqtLY,MqaQKrJIF
cwq,buaNqtLY,PwSQqkb,MqaQKrJIF,cwq,MqaQKrJIF,NFpuxm,PwSQqkb,buaNqtLY,MqaQKrJIF
cwq,buaNqtLY,PwSQqkb,MqaQKrJIF,cwq,MqaQKrJIF,NFpuxm,PwSQqkb,buaNqtLY
cwq,buaNqtLY,NFpuxm,PwSQqkb,MqaQKrJIF,cwq,MqaQKrJIF,PwSQqkb,buaNqtLY
cwq,buaNqtLY,NFpuxm,PwSQqkb,MqaQKrJIF,cwq,MqaQKrJIF,PwSQqkb,buaNqtLY
buaNqtLY
MqaQKrJIF
PwSQqkb,NFpuxm,MqaQKrJIF,cwq,MqaQKrJIF,PwSQqkb,buaNqtLY,PwSQqkb
NFpuxm
NFpuxm
NFpuxm
PwSQqkb,NFpuxm,MqaQKrJIF,cwq,MqaQKrJIF,PwSQqkb,buaNqtLY,PwSQqkb,PwSQqkb,cwq,cwq
MqaQKrJIF
PwSQqkb,NFpuxm,MqaQKrJIF,cwq,MqaQKrJIF,PwSQqkb,buaNqtLY,PwSQqkb,PwSQqkb,cwq,cwq
PwSQqkb,NFpuxm,MqaQKrJIF,cwq,MqaQKrJIF,PwSQqkb,buaNqtLY,PwSQqkb,PwSQqkb,cwq,cwq
PwSQqkb,NFpuxm,MqaQKrJIF,cwq,MqaQKrJIF,PwSQqkb,buaNqtLY,PwSQqkb,PwSQqkb,cwq,cwq
PwSQqkb,NFpuxm,MqaQKrJIF,cwq,MqaQKrJIF,PwSQqkb,buaNqtLY,PwSQqkb,PwSQqkb,cwq,cwq
MqaQKrJIF
PwSQqkb
MqaQKrJIF,MqaQKrJIF,NFpuxm,PwSQqkb,PwSQqkb,buaNqtLY,PwSQqkb,PwSQqkb,cwq,cwq,MqaQKrJIF
NFpuxm,cwq,PwSQqkb,buaNqtLY,PwSQqkb,PwSQqkb,PwSQqkb
NFpuxm,cwq,PwSQqkb,buaNqtLY,PwSQqkb,PwSQqkb,PwSQqkb
cwq
NFpuxm,cwq,PwSQqkb,buaNqtLY,PwSQqkb,PwSQqkb,PwSQqkb,NFpuxm,buaNqtLY
cwq
cwq
NFpuxm,cwq,PwSQqkb,buaNqtLY,PwSQqkb,PwSQqkb,PwSQqkb,NFpuxm
cwq
NFpuxm
NFpuxm
NFpuxm,MqaQKrJIF,PwSQqkb,MqaQKrJIF,PwSQqkb,buaNqtLY,PwSQqkb,PwSQqkb,cwq,cwq,MqaQKrJIF
PwSQqkb
PwSQqkb
PwSQqkb
PwSQqkb,PwSQqkb,buaNqtLY,MqaQKrJIF,PwSQqkb,PwSQqkb,MqaQKrJIF,cwq,buaNqtLY
PwSQqkb
PwSQqkb,PwSQqkb,buaNqtLY,MqaQKrJIF,PwSQqkb,PwSQqkb,MqaQKrJIF,cwq,buaNqtLY
MqaQKrJIF
PwSQqkb,PwSQqkb,buaNqtLY,MqaQKrJIF,PwSQqkb,PwSQqkb,MqaQKrJIF,cwq,buaNqtLY
PwSQqkb,PwSQqkb,buaNqtLY,MqaQKrJIF,PwSQqkb,PwSQqkb,MqaQKrJIF,cwq,buaNqtLY,buaNqtLY
PwSQqkb,PwSQqkb,buaNqtLY,MqaQKrJIF,PwSQqkb,PwSQqkb,MqaQKrJIF,cwq,buaNqtLY,MqaQKrJIF,cwq,buaNqtLY,PwSQqkb,dQAvqlWx,MqaQKrJIF,PwSQqkb
buaNqtLY
buaNqtLY
buaNqtLY
PwSQqkb,PwSQqkb,MqaQKrJIF,PwSQqkb,PwSQqkb,MqaQKrJIF,cwq,buaNqtLY,MqaQKrJIF,cwq,buaNqtLY,PwSQqkb,dQAvqlWx,MqaQKrJIF,PwSQqkb
PwSQqkb
PwSQqkb,PwSQqkb,MqaQKrJIF,PwSQqkb,PwSQqkb,MqaQKrJIF,buaNqtLY,MqaQKrJIF,cwq,buaNqtLY,PwSQqkb,dQAvqlWx,MqaQKrJIF,PwSQqkb
PwSQqkb
PwSQqkb,PwSQqkb,MqaQKrJIF,PwSQqkb,PwSQqkb,MqaQKrJIF,buaNqtLY,MqaQKrJIF,cwq,buaNqtLY,PwSQqkb,cwq,dQAvqlWx,MqaQKrJIF,PwSQqkb
PwSQqkb
PwSQqkb
PwSQqkb
PwSQqkb
PwSQqkb
PwSQqkb,MqaQKrJIF,PwSQqkb,PwSQqkb,MqaQKrJIF,cwq,buaNqtLY,MqaQKrJIF,cwq,buaNqtLY,PwSQqkb,PwSQqkb,dQAvqlWx,MqaQKrJIF,PwSQqkb,PwSQqkb,dQAvqlWx
PwSQqkb
PwSQqkb,PwSQqkb,PwSQqkb,MqaQKrJIF,cwq,buaNqtLY,MqaQKrJIF,cwq,buaNqtLY,PwSQqkb,dQAvqlWx,MqaQKrJIF,PwSQqkb
PwSQqkb
PwSQqkb
PwSQqkb,PwSQqkb,PwSQqkb,MqaQKrJIF,buaNqtLY,MqaQKrJIF,cwq,buaNqtLY,PwSQqkb,dQAvqlWx,MqaQKrJIF,PwSQqkb
PwSQqkb,PwSQqkb,buaNqtLY,MqaQKrJIF,cwq,buaNqtLY,PwSQqkb,MqaQKrJIF,dQAvqlWx,MqaQKrJIF,PwSQqkb
PwSQqkb,PwSQqkb,buaNqtLY,MqaQKrJIF,buaNqtLY,PwSQqkb,MqaQKrJIF,dQAvqlWx,cwq,MqaQKrJIF,PwSQqkb
dQAvqlWx
PwSQqkb,PwSQqkb,buaNqtLY,MqaQKrJIF,cwq,buaNqtLY,PwSQqkb,MqaQKrJIF,dQAvqlWx,MqaQKrJIF,PwSQqkb,dQAvqlWx
PwSQqkb,PwSQqkb,buaNqtLY,MqaQKrJIF,cwq,buaNqtLY,PwSQqkb,MqaQKrJIF,dQAvqlWx,MqaQKrJIF,PwSQqkb,dQAvqlWx
PwSQqkb,PwSQqkb,buaNqtLY,MqaQKrJIF,cwq,buaNqtLY,PwSQqkb,MqaQKrJIF,dQAvqlWx,MqaQKrJIF,PwSQqkb,dQAvqlWx
dQAvqlWx
PwSQqkb,PwSQqkb,buaNqtLY,MqaQKrJIF,cwq,buaNqtLY,PwSQqkb,MqaQKrJIF,dQAvqlWx,MqaQKrJIF,PwSQqkb,dQAvqlWx
dQAvqlWx
PwSQqkb,PwSQqkb,buaNqtLY,MqaQKrJIF,cwq,buaNqtLY,PwSQqkb,MqaQKrJIF,dQAvqlWx,MqaQKrJIF,PwSQqkb
PwSQqkb,buaNqtLY,MqaQKrJIF,cwq,buaNqtLY,PwSQqkb,MqaQKrJIF,dQAvqlWx,MqaQKrJIF,PwSQqkb
PwSQqkb,PwSQqkb,buaNqtLY,MqaQKrJIF,cwq,buaNqtLY,PwSQqkb,MqaQKrJIF,dQAvqlWx,MqaQKrJIF,PwSQqkb
PwSQqkb,PwSQqkb,buaNqtLY,buaNqtLY,PwSQqkb,dQAvqlWx,MqaQKrJIF,cwq,MqaQKrJIF,MqaQKrJIF,PwSQqkb
MqaQKrJIF
MqaQKrJIF
MqaQKrJIF
PwSQqkb,PwSQqkb,buaNqtLY,buaNqtLY,PwSQqkb,dQAvqlWx,MqaQKrJIF,cwq,MqaQKrJIF,MqaQKrJIF,PwSQqkb,dQAvqlWx
PwSQqkb,PwSQqkb,buaNqtLY,MqaQKrJIF,cwq,buaNqtLY,PwSQqkb,MqaQKrJIF,dQAvqlWx,MqaQKrJIF,PwSQqkb,buaNqtLY
PwSQqkb,PwSQqkb,buaNqtLY,MqaQKrJIF,buaNqtLY,PwSQqkb,MqaQKrJIF,dQAvqlWx,cwq,MqaQKrJIF,PwSQqkb,buaNqtLY
dQAvqlWx
dQAvqlWx
dQAvqlWx
PwSQqkb,PwSQqkb,buaNqtLY,MqaQKrJIF,cwq,buaNqtLY,PwSQqkb,MqaQKrJIF,dQAvqlWx,MqaQKrJIF,PwSQqkb,buaNqtLY,PwSQqkb,PwSQqkb
PwSQqkb,PwSQqkb,buaNqtLY,cwq,buaNqtLY,PwSQqkb,MqaQKrJIF,dQAvqlWx,MqaQKrJIF,MqaQKrJIF,PwSQqkb,buaNqtLY,PwSQqkb,PwSQqkb
PwSQqkb,PwSQqkb,buaNqtLY,buaNqtLY,PwSQqkb,MqaQKrJIF,dQAvqlWx,MqaQKrJIF,cwq,MqaQKrJIF,PwSQqkb,buaNqtLY,PwSQqkb,PwSQqkb,NFpuxm
PwSQqkb,PwSQqkb,buaNqtLY,MqaQKrJIF,cwq,buaNqtLY,PwSQqkb,MqaQKrJIF,dQAvqlWx,MqaQKrJIF,PwSQqkb
MqaQKrJIF
PwSQqkb,PwSQqkb,buaNqtLY,MqaQKrJIF,cwq,buaNqtLY,PwSQqkb,MqaQKrJIF,dQAvqlWx,MqaQKrJIF,PwSQqkb
buaNqtLY,MqaQKrJIF,cwq,buaNqtLY,PwSQqkb,MqaQKrJIF,dQAvqlWx,MqaQKrJIF,PwSQqkb,PwSQqkb,buaNqtLY
PwSQqkb
PwSQqkb
PwSQqkb
PwSQqkb,PwSQqkb,MqaQKrJIF,PwSQqkb,cwq,PwSQqkb,buaNqtLY,dQAvqlWx,buaNqtLY,buaNqtLY
buaNqtLY
buaNqtLY
buaNqtLY
buaNqtLY
buaNqtLY
buaNqtLY
buaNqtLY
PwSQqkb,dQAvqlWx,PwSQqkb,cwq,PwSQqkb,buaNqtLY,buaNqtLY,PwSQqkb,dQAvqlWx,MqaQKrJIF,NFpuxm,buaNqtLY
buaNqtLY
buaNqtLY
PwSQqkb,PwSQqkb,PwSQqkb,buaNqtLY,buaNqtLY,PwSQqkb,dQAvqlWx,NFpuxm,buaNqtLY
PwSQqkb,PwSQqkb,PwSQqkb,buaNqtLY,buaNqtLY,PwSQqkb,dQAvqlWx,NFpuxm,buaNqtLY,buaNqtLY
PwSQqkb,PwSQqkb,PwSQqkb,buaNqtLY,buaNqtLY,PwSQqkb,dQAvqlWx,NFpuxm,buaNqtLY,buaNqtLY
PwSQqkb,PwSQqkb,PwSQqkb,buaNqtLY,buaNqtLY,PwSQqkb,dQAvqlWx,NFpuxm,buaNqtLY,buaNqtLY,PwSQqkb
PwSQqkb
PwSQqkb,PwSQqkb,PwSQqkb,buaNqtLY,buaNqtLY,dQAvqlWx,PwSQqkb,NFpuxm,buaNqtLY
buaNqtLY
PwSQqkb,PwSQqkb,PwSQqkb,buaNqtLY,buaNqtLY,PwSQqkb,dQAvqlWx,NFpuxm,buaNqtLY,PwSQqkb,MqaQKrJIF
PwSQqkb,PwSQqkb,PwSQqkb,buaNqtLY,buaNqtLY,PwSQqkb,dQAvqlWx,NFpuxm,buaNqtLY,PwSQqkb,MqaQKrJIF
PwSQqkb,PwSQqkb,PwSQqkb,buaNqtLY,buaNqtLY,PwSQqkb,dQAvqlWx,NFpuxm,buaNqtLY,PwSQqkb,MqaQKrJIF
PwSQqkb,PwSQqkb,PwSQqkb,buaNqtLY,buaNqtLY,PwSQqkb,dQAvqlWx,NFpuxm,buaNqtLY,PwSQqkb,MqaQKrJIF
PwSQqkb,PwSQqkb,PwSQqkb,buaNqtLY,buaNqtLY,PwSQqkb,dQAvqlWx,buaNqtLY,NFpuxm,PwSQqkb,MqaQKrJIF
Jedi Wagner, assuma o comando!