[vazia]
[vazia]
Toque! Toque, Dijê!
[vazia]
[vazia]
l
l
l
l
l,l,WO,WO
l
l,l,WO,WO
l,l,WO,WO
l
l,l,WO,WO,Jwe
l
l,l,WO,WO
l
WO,WO
WO,WO
l
l
l,l,WO,WO
l
l
l,l,WO,WO
l,l,WO,WO
l,l,WO,WO
l
l,Jwe,WO,l,WO,Jwe
l
l
l,Jwe,WO,l,WO,Jwe,Jwe
l,WO,l,WO,Jwe,Jwe,WO
WO,l,l,WO,Jwe,Jwe,WO,l,l
WO,l,l,WO,Jwe,Jwe,WO,l,l
l
WO,l,l,WO,Jwe,Jwe
l,l,WO,Jwe,Jwe,Jwe
l
l
l
l,l,WO,Jwe,Jwe,Jwe
l,l,WO,Jwe,Jwe,Jwe,WO
l,l,WO,Jwe,Jwe,Jwe,WO
WO
WO
l,Jwe,WO,Jwe,Jwe,WO,l
WO
Jwe
l,Jwe,WO,Jwe,Jwe,WO,l
Jwe
Jwe,Jwe,Jwe,WO,l,WO
Jwe
Jwe
WO
l,l,Jwe,Jwe,Jwe,WO
Jwe
Jwe,l,WO,Jwe,Jwe,WO,Jwe
Jwe,l,Jwe,Jwe,WO,Jwe
l
Jwe
Jwe
Jwe
l,WO,Jwe,Jwe,Jwe,WO,Jwe,l
Jedi Wagner, assuma o comando!