[vazia]
eFyOfX
eFyOfX
eFyOfX
eFyOfX
eFyOfX,HcEQbPCN
eFyOfX
eFyOfX
[vazia]
[vazia]
Toque! Toque, Dijê!
[vazia]
[vazia]
Toque! Toque, Dijê!
[vazia]
[vazia]
Toque! Toque, Dijê!
[vazia]
BYDn
BYDn
Toque! Toque, Dijê!
[vazia]
[vazia]
eFyOfX
eFyOfX
eFyOfX
eFyOfX
eFyOfX,BYDn
eFyOfX
eFyOfX
eFyOfX
eFyOfX
[vazia]
woqO
woqO
BYDn
BYDn
BYDn
BYDn
BYDn
woqO,BYDn,woqO,BYDn
woqO,BYDn
woqO
BYDn
woqO,BYDn,BYDn
woqO,BYDn,BYDn
BYDn,BYDn
BYDn
woqO,BYDn
woqO,BYDn
Toque! Toque, Dijê!
woqO,BYDn
woqO,BYDn
BYDn
BYDn
woqO,BYDn
BYDn
eFyOfX,BYDn
BYDn
eFyOfX,BYDn,BYDn
eFyOfX
BYDn,eFyOfX,HcEQbPCN
BYDn,eFyOfX,HcEQbPCN
eFyOfX
eFyOfX
BYDn,eFyOfX,HcEQbPCN,BYDn
BYDn,eFyOfX
eFyOfX
BYDn,eFyOfX,eFyOfX
eFyOfX
eFyOfX
eFyOfX
BYDn,eFyOfX,eFyOfX,woqO,HcEQbPCN
BYDn,eFyOfX,woqO,HcEQbPCN,eFyOfX
BYDn,eFyOfX,woqO,HcEQbPCN,eFyOfX,HcEQbPCN
BYDn,eFyOfX,woqO,HcEQbPCN,eFyOfX,HcEQbPCN,woqO,eFyOfX
BYDn,eFyOfX,woqO,HcEQbPCN,eFyOfX,HcEQbPCN,woqO,eFyOfX
BYDn,eFyOfX,woqO,HcEQbPCN,eFyOfX,HcEQbPCN,woqO,eFyOfX,woqO
BYDn,eFyOfX,woqO,HcEQbPCN,eFyOfX,HcEQbPCN,woqO,eFyOfX,woqO
eFyOfX
eFyOfX
eFyOfX
eFyOfX
eFyOfX
BYDn,eFyOfX,HcEQbPCN,woqO,HcEQbPCN,eFyOfX,eFyOfX,BYDn,woqO,HcEQbPCN,woqO,BYDn
BYDn,HcEQbPCN,HcEQbPCN,eFyOfX,eFyOfX,BYDn,woqO,HcEQbPCN,woqO,BYDn
HcEQbPCN
woqO
HcEQbPCN
BYDn,HcEQbPCN,HcEQbPCN,eFyOfX,BYDn,woqO,HcEQbPCN,woqO,BYDn,eFyOfX
HcEQbPCN,HcEQbPCN,eFyOfX,BYDn,woqO,HcEQbPCN,woqO,BYDn,eFyOfX
eFyOfX
BYDn,HcEQbPCN,HcEQbPCN,BYDn,eFyOfX,HcEQbPCN,woqO,BYDn,eFyOfX
BYDn,HcEQbPCN,HcEQbPCN,BYDn,eFyOfX,woqO,HcEQbPCN,woqO,BYDn,eFyOfX
HcEQbPCN,HcEQbPCN,BYDn,eFyOfX,woqO,HcEQbPCN,woqO,BYDn,eFyOfX,eFyOfX
HcEQbPCN
HcEQbPCN,HcEQbPCN,BYDn,eFyOfX,woqO,HcEQbPCN,woqO,BYDn,eFyOfX,eFyOfX
woqO
woqO
woqO
HcEQbPCN,HcEQbPCN,BYDn,eFyOfX,woqO,HcEQbPCN,woqO,BYDn,eFyOfX,eFyOfX
HcEQbPCN
HcEQbPCN,HcEQbPCN,BYDn,eFyOfX,woqO,HcEQbPCN,woqO,BYDn,eFyOfX
HcEQbPCN,BYDn,eFyOfX,woqO,HcEQbPCN,woqO,BYDn,eFyOfX
eFyOfX,woqO,woqO,BYDn,eFyOfX,woqO,BYDn,HcEQbPCN
eFyOfX,woqO,woqO,BYDn,eFyOfX,woqO,BYDn,HcEQbPCN
eFyOfX,woqO,woqO,BYDn,eFyOfX,woqO,BYDn,HcEQbPCN
BYDn
eFyOfX
eFyOfX
eFyOfX,woqO,woqO,BYDn,eFyOfX,woqO,BYDn
eFyOfX,woqO,woqO,BYDn,eFyOfX,woqO,BYDn
BYDn
eFyOfX,woqO,BYDn,woqO,BYDn,BYDn,eFyOfX,BYDn,eFyOfX
BYDn
woqO,BYDn,woqO,BYDn,BYDn,eFyOfX,BYDn,eFyOfX
woqO,BYDn,woqO,BYDn,BYDn,eFyOfX,BYDn,eFyOfX
woqO,BYDn,woqO,BYDn,BYDn,eFyOfX,BYDn,eFyOfX
BYDn
woqO,BYDn,woqO,BYDn,BYDn,eFyOfX,BYDn,eFyOfX,HcEQbPCN
BYDn
BYDn
woqO,BYDn,BYDn,eFyOfX,BYDn,eFyOfX
BYDn,BYDn,eFyOfX,BYDn,eFyOfX,HcEQbPCN,HcEQbPCN
BYDn,BYDn,eFyOfX,BYDn,eFyOfX,HcEQbPCN,HcEQbPCN
woqO,BYDn,woqO,BYDn,BYDn,eFyOfX,BYDn,eFyOfX
BYDn
woqO,woqO,BYDn,BYDn,eFyOfX,BYDn,eFyOfX,HcEQbPCN,BYDn
woqO,BYDn,woqO,BYDn,BYDn,eFyOfX,BYDn,eFyOfX
woqO,BYDn,woqO,BYDn,BYDn,eFyOfX,BYDn,eFyOfX
BYDn
BYDn
BYDn
BYDn,BYDn,BYDn,eFyOfX
BYDn,BYDn,eFyOfX,BYDn
BYDn
BYDn,BYDn,eFyOfX,BYDn
BYDn
BYDn,BYDn,eFyOfX,BYDn
BYDn
BYDn
woqO,BYDn,woqO,BYDn,BYDn,BYDn,eFyOfX,eFyOfX
BYDn
eFyOfX
eFyOfX
woqO,BYDn,woqO,BYDn,BYDn,BYDn,eFyOfX
BYDn
BYDn,BYDn,BYDn,eFyOfX,BYDn,BYDn
BYDn,BYDn,BYDn,eFyOfX,BYDn,BYDn
eFyOfX
BYDn
BYDn
BYDn
BYDn,BYDn,BYDn,BYDn,BYDn,woqO
BYDn,BYDn,BYDn,BYDn,woqO,HcEQbPCN
BYDn,BYDn,BYDn,BYDn,woqO,HcEQbPCN
BYDn,BYDn,BYDn,BYDn,woqO,HcEQbPCN
BYDn,BYDn,BYDn,BYDn,woqO,HcEQbPCN,BYDn
BYDn,eFyOfX,BYDn,BYDn,BYDn,BYDn,woqO
BYDn
BYDn,eFyOfX,BYDn,BYDn,BYDn,BYDn,woqO,woqO,HcEQbPCN,BYDn
BYDn,eFyOfX,BYDn,BYDn,BYDn,BYDn,woqO,woqO,HcEQbPCN,BYDn
HcEQbPCN
BYDn,eFyOfX,BYDn,BYDn,BYDn,BYDn,woqO,woqO,HcEQbPCN,BYDn,HcEQbPCN,eFyOfX
HcEQbPCN
eFyOfX
BYDn,eFyOfX,BYDn,BYDn,BYDn,BYDn,woqO,HcEQbPCN,woqO,BYDn,HcEQbPCN
HcEQbPCN
eFyOfX,BYDn,BYDn,BYDn,BYDn,woqO,BYDn,HcEQbPCN,HcEQbPCN,HcEQbPCN,eFyOfX
BYDn,BYDn,BYDn,BYDn,BYDn,HcEQbPCN,HcEQbPCN,woqO,HcEQbPCN,eFyOfX
BYDn,BYDn,BYDn,BYDn,HcEQbPCN,HcEQbPCN,woqO,HcEQbPCN,eFyOfX,HcEQbPCN
woqO
HcEQbPCN
eFyOfX
eFyOfX
eFyOfX
BYDn,BYDn,BYDn,BYDn,woqO,HcEQbPCN,eFyOfX,HcEQbPCN,BYDn,HcEQbPCN
eFyOfX
BYDn,BYDn,BYDn,BYDn,woqO,HcEQbPCN,eFyOfX,HcEQbPCN,BYDn,HcEQbPCN
eFyOfX
BYDn,BYDn,BYDn,BYDn,woqO,HcEQbPCN,eFyOfX,HcEQbPCN,BYDn,HcEQbPCN,eFyOfX
BYDn,BYDn,BYDn,BYDn,HcEQbPCN,woqO,HcEQbPCN,eFyOfX,HcEQbPCN,BYDn
BYDn,BYDn,BYDn,BYDn,HcEQbPCN,woqO,HcEQbPCN,eFyOfX,HcEQbPCN,BYDn,HcEQbPCN
eFyOfX
BYDn,BYDn,BYDn,BYDn,HcEQbPCN,woqO,HcEQbPCN,eFyOfX,HcEQbPCN,BYDn,HcEQbPCN,HcEQbPCN
eFyOfX
BYDn,BYDn,BYDn,BYDn,HcEQbPCN,HcEQbPCN,eFyOfX,woqO,HcEQbPCN,BYDn
HcEQbPCN
BYDn,BYDn,BYDn,HcEQbPCN,eFyOfX,woqO,BYDn,HcEQbPCN,HcEQbPCN,BYDn,woqO,eFyOfX
BYDn,BYDn,BYDn,HcEQbPCN,eFyOfX,woqO,BYDn,HcEQbPCN,HcEQbPCN,BYDn,woqO,eFyOfX
BYDn,BYDn,BYDn,HcEQbPCN,eFyOfX,BYDn,HcEQbPCN,HcEQbPCN,BYDn,eFyOfX
HcEQbPCN
BYDn,BYDn,BYDn,HcEQbPCN,eFyOfX,BYDn,HcEQbPCN,HcEQbPCN,BYDn,eFyOfX,woqO
BYDn,BYDn,BYDn,HcEQbPCN,eFyOfX,BYDn,HcEQbPCN,HcEQbPCN,BYDn,eFyOfX
BYDn,BYDn,BYDn,HcEQbPCN,eFyOfX,BYDn,HcEQbPCN,HcEQbPCN,BYDn,eFyOfX
BYDn,BYDn,BYDn,HcEQbPCN,eFyOfX,BYDn,HcEQbPCN,HcEQbPCN,BYDn,woqO,eFyOfX
BYDn,BYDn,BYDn,HcEQbPCN,eFyOfX,BYDn,HcEQbPCN,HcEQbPCN,BYDn,woqO,eFyOfX,BYDn,HcEQbPCN
BYDn,BYDn,BYDn,HcEQbPCN,eFyOfX,BYDn,HcEQbPCN,HcEQbPCN,BYDn,woqO,eFyOfX,BYDn,HcEQbPCN
BYDn,BYDn,BYDn,HcEQbPCN,eFyOfX,BYDn,HcEQbPCN,HcEQbPCN,BYDn,woqO,eFyOfX
BYDn,BYDn,BYDn,HcEQbPCN,eFyOfX,BYDn,HcEQbPCN,HcEQbPCN,BYDn,woqO,eFyOfX,woqO
BYDn,BYDn,BYDn,HcEQbPCN,eFyOfX,BYDn,HcEQbPCN,HcEQbPCN,BYDn,woqO,eFyOfX,woqO
BYDn
BYDn,HcEQbPCN,eFyOfX,BYDn,HcEQbPCN,HcEQbPCN,BYDn,woqO,eFyOfX,woqO
woqO
BYDn,BYDn,HcEQbPCN,HcEQbPCN,BYDn,eFyOfX,woqO,HcEQbPCN,eFyOfX,BYDn,woqO,HcEQbPCN
eFyOfX
Jedi Wagner, assuma o comando!