[vazia]
Toque! Toque, Dijê!
[vazia]
[vazia]
[vazia]
[vazia]
Toque! Toque, Dijê!
Toque! Toque, Dijê!
Toque! Toque, Dijê!
Toque! Toque, Dijê!
Toque! Toque, Dijê!
Toque! Toque, Dijê!
[vazia]
[vazia]
[vazia]
Toque! Toque, Dijê!
[vazia]
[vazia]
[vazia]
[vazia]
[vazia]
[vazia]
[vazia]
Toque! Toque, Dijê!
Toque! Toque, Dijê!
[vazia]
Toque! Toque, Dijê!
eE
eE
eE
eE,Tx,fI
eE,Tx,fI
fI
gzDuq
gzDuq
eE
eE
eE,Tx,fI
eE
eE,fI,eE
fI
eE,fI,eE
eE,fI,eE
eE,fI,eE,Tx
eE
eE
eE
eE
eE
eE
eE,eE,Tx,fI,eE,fI
fI
eE
eE,eE,Tx,fI,eE,fI
eE
eE,eE,Tx,fI,eE,fI
eE,eE,Tx,fI,eE,fI
eE,eE,Tx,fI,eE,fI
fI
fI,eE,fI,eE,eE,EzmBMsZUS,fI,fI
fI,eE,fI,eE,eE,EzmBMsZUS,fI,fI
fI
fI,eE,fI,eE,eE,EzmBMsZUS,fI,fI
eE,fI,eE,eE,EzmBMsZUS,fI,fI,VhsaolsET
eE
eE
fI,eE,EzmBMsZUS,eE,eE,fI,fI,VhsaolsET
fI,eE,EzmBMsZUS,eE,eE,fI,fI,VhsaolsET,EzmBMsZUS
fI,EzmBMsZUS,eE,eE,eE,fI,fI,VhsaolsET,EzmBMsZUS,fI,gzDuq,Tx
eE
eE
fI
fI,EzmBMsZUS,eE,eE,eE,fI,fI,VhsaolsET,EzmBMsZUS,fI,gzDuq,Tx,VhsaolsET,Tx,EzmBMsZUS
fI
Tx
fI,eE,eE,eE,Tx,fI,fI,VhsaolsET,EzmBMsZUS,fI,gzDuq,VhsaolsET,Tx,EzmBMsZUS,fI
fI
fI,eE,eE,eE,Tx,fI,fI,EzmBMsZUS,fI,gzDuq,VhsaolsET,Tx,EzmBMsZUS,fI
fI,eE,eE,eE,Tx,fI,fI,EzmBMsZUS,fI,gzDuq,VhsaolsET,Tx,EzmBMsZUS,fI
fI,eE,eE,eE,Tx,fI,fI,EzmBMsZUS,fI,gzDuq,VhsaolsET,Tx,EzmBMsZUS,fI
fI,eE,eE,eE,Tx,fI,VhsaolsET,fI,EzmBMsZUS,fI,gzDuq,Tx,EzmBMsZUS,fI
fI,eE,eE,eE,Tx,fI,EzmBMsZUS,gzDuq,fI,fI,VhsaolsET,Tx,EzmBMsZUS,fI
EzmBMsZUS
fI,eE,eE,eE,Tx,fI,EzmBMsZUS,gzDuq,fI,fI,VhsaolsET,Tx,EzmBMsZUS,fI
fI,eE,eE,eE,Tx,fI,EzmBMsZUS,gzDuq,fI,fI,VhsaolsET,Tx,EzmBMsZUS,fI
fI,eE,eE,Tx,fI,EzmBMsZUS,eE,gzDuq,fI,fI,VhsaolsET,Tx,EzmBMsZUS,fI
eE
eE
fI,eE,Tx,fI,EzmBMsZUS,eE,eE,gzDuq,fI,fI,VhsaolsET,Tx,EzmBMsZUS,fI,eE
fI,eE,Tx,fI,EzmBMsZUS,eE,eE,gzDuq,fI,fI,VhsaolsET,Tx,EzmBMsZUS,fI,eE
Tx
fI,fI,EzmBMsZUS,eE,eE,Tx,gzDuq,fI,fI,VhsaolsET,Tx,EzmBMsZUS,fI,eE,VhsaolsET,Tx,eE
fI
fI,fI,EzmBMsZUS,eE,eE,Tx,gzDuq,fI,fI,Tx,EzmBMsZUS,fI,eE,VhsaolsET,Tx,eE
fI,fI,EzmBMsZUS,eE,eE,Tx,gzDuq,fI,fI,Tx,EzmBMsZUS,fI,eE,VhsaolsET,Tx,eE
fI
fI
fI,fI,EzmBMsZUS,eE,eE,Tx,gzDuq,fI,fI,Tx,EzmBMsZUS,fI,eE,VhsaolsET,Tx,eE,eE
fI,fI,EzmBMsZUS,eE,eE,Tx,gzDuq,fI,fI,Tx,EzmBMsZUS,fI,eE,VhsaolsET,Tx,eE,fI,fI
fI,fI,EzmBMsZUS,eE,eE,Tx,gzDuq,fI,fI,Tx,EzmBMsZUS,fI,eE,VhsaolsET,Tx,eE,fI,fI
fI
fI
fI,fI,fI,fI,Tx,eE,eE,EzmBMsZUS,EzmBMsZUS,fI,eE,Tx,eE,Tx,VhsaolsET,Tx,eE,eE,Tx
fI,fI,fI,fI,Tx,eE,eE,EzmBMsZUS,EzmBMsZUS,fI,eE,Tx,eE,Tx,VhsaolsET,Tx,eE,eE,Tx,EzmBMsZUS
Tx
Tx
Tx
Tx
fI,fI,EzmBMsZUS,eE,Tx,fI,fI,eE,Tx,EzmBMsZUS,fI,eE,Tx,eE,Tx,VhsaolsET,Tx
Tx
Jedi Wagner, assuma o comando!