gQHT
[vazia]
[vazia]
Toque! Toque, Dijê!
LFBO,u
u,LFBO
u,LFBO,ZSrXNOBMr,u
u,LFBO,ZSrXNOBMr,u
LFBO
u,LFBO,ZSrXNOBMr,u
u,LFBO,ZSrXNOBMr
u,LFBO,ZSrXNOBMr
ZSrXNOBMr
u,LFBO,ZSrXNOBMr,u,u
u,LFBO,ZSrXNOBMr,u,u,ZSrXNOBMr
ZSrXNOBMr
u
u
u,LFBO,ZSrXNOBMr,ZSrXNOBMr
ZSrXNOBMr
ZSrXNOBMr
ZSrXNOBMr
u,LFBO,ZSrXNOBMr,iZOwhS,ZSrXNOBMr,ZSrXNOBMr
iZOwhS
u,LFBO,ZSrXNOBMr,ZSrXNOBMr,iZOwhS
ZSrXNOBMr
u,ZSrXNOBMr,ZSrXNOBMr,iZOwhS,u
u,ZSrXNOBMr,ZSrXNOBMr,iZOwhS,u
u,ZSrXNOBMr,ZSrXNOBMr,iZOwhS,u
u,ZSrXNOBMr,ZSrXNOBMr,iZOwhS,u
u,ZSrXNOBMr,ZSrXNOBMr,iZOwhS,u
ZSrXNOBMr
u,ZSrXNOBMr,ZSrXNOBMr,iZOwhS,u
iZOwhS
ZSrXNOBMr,ZSrXNOBMr,iZOwhS,ZSrXNOBMr,u
ZSrXNOBMr,ZSrXNOBMr,iZOwhS,ZSrXNOBMr,u,ZSrXNOBMr
ZSrXNOBMr,ZSrXNOBMr,iZOwhS,ZSrXNOBMr,u,ZSrXNOBMr
gQHT
ZSrXNOBMr,iZOwhS,ZSrXNOBMr,u,ZSrXNOBMr,ZSrXNOBMr,iZOwhS,gQHT
ZSrXNOBMr
ZSrXNOBMr,ZSrXNOBMr,LFBO,u,ZSrXNOBMr,ZSrXNOBMr,iZOwhS,gQHT,ZSrXNOBMr,u,iZOwhS
ZSrXNOBMr,ZSrXNOBMr,u,ZSrXNOBMr,ZSrXNOBMr,iZOwhS,LFBO,gQHT,ZSrXNOBMr,u,iZOwhS
LFBO
ZSrXNOBMr,ZSrXNOBMr,iZOwhS,LFBO,ZSrXNOBMr,ZSrXNOBMr,u,iZOwhS,iZOwhS
LFBO
ZSrXNOBMr
ZSrXNOBMr,iZOwhS,ZSrXNOBMr,ZSrXNOBMr,ZSrXNOBMr,u,iZOwhS,iZOwhS
ZSrXNOBMr
ZSrXNOBMr
ZSrXNOBMr,LFBO,ZSrXNOBMr,iZOwhS,ZSrXNOBMr,ZSrXNOBMr,u,iZOwhS,iZOwhS,iZOwhS
ZSrXNOBMr
ZSrXNOBMr,LFBO,ZSrXNOBMr,iZOwhS,ZSrXNOBMr,ZSrXNOBMr,u,iZOwhS,iZOwhS,iZOwhS
LFBO,ZSrXNOBMr,iZOwhS,ZSrXNOBMr,ZSrXNOBMr,ZSrXNOBMr,u,iZOwhS,iZOwhS,iZOwhS,gQHT
iZOwhS
iZOwhS
ZSrXNOBMr,LFBO,ZSrXNOBMr,gQHT,iZOwhS,ZSrXNOBMr,ZSrXNOBMr,u,iZOwhS,iZOwhS,iZOwhS,u
ZSrXNOBMr,gQHT,ZSrXNOBMr,iZOwhS,ZSrXNOBMr,ZSrXNOBMr,u,iZOwhS,iZOwhS,iZOwhS,u
ZSrXNOBMr,gQHT,ZSrXNOBMr,iZOwhS,ZSrXNOBMr,ZSrXNOBMr,u,iZOwhS,iZOwhS,iZOwhS,u
ZSrXNOBMr
gQHT,ZSrXNOBMr,u,iZOwhS,ZSrXNOBMr,ZSrXNOBMr,iZOwhS,iZOwhS,iZOwhS
ZSrXNOBMr,ZSrXNOBMr,iZOwhS,LFBO,ZSrXNOBMr,ZSrXNOBMr,u,iZOwhS,iZOwhS,iZOwhS,gQHT,ZSrXNOBMr
ZSrXNOBMr,ZSrXNOBMr,iZOwhS,LFBO,ZSrXNOBMr,ZSrXNOBMr,u,iZOwhS,iZOwhS,iZOwhS,gQHT,ZSrXNOBMr
ZSrXNOBMr,ZSrXNOBMr,iZOwhS,LFBO,ZSrXNOBMr,ZSrXNOBMr,u,iZOwhS,iZOwhS,iZOwhS,gQHT,ZSrXNOBMr,u
ZSrXNOBMr,ZSrXNOBMr,iZOwhS,LFBO,ZSrXNOBMr,ZSrXNOBMr,u,iZOwhS,iZOwhS,iZOwhS,gQHT,ZSrXNOBMr,u
ZSrXNOBMr,ZSrXNOBMr,iZOwhS,LFBO,ZSrXNOBMr,ZSrXNOBMr,u,iZOwhS,iZOwhS,iZOwhS,gQHT,ZSrXNOBMr
iZOwhS
ZSrXNOBMr,iZOwhS,ZSrXNOBMr,ZSrXNOBMr,u,iZOwhS,iZOwhS,iZOwhS,gQHT,ZSrXNOBMr,ZSrXNOBMr
ZSrXNOBMr,iZOwhS,ZSrXNOBMr,ZSrXNOBMr,u,iZOwhS,iZOwhS,iZOwhS,gQHT,ZSrXNOBMr,ZSrXNOBMr
iZOwhS
iZOwhS
u
ZSrXNOBMr,u,iZOwhS,ZSrXNOBMr,ZSrXNOBMr,iZOwhS,iZOwhS,iZOwhS,gQHT,ZSrXNOBMr,ZSrXNOBMr
u
u
ZSrXNOBMr,u,ZSrXNOBMr,ZSrXNOBMr,iZOwhS,iZOwhS,iZOwhS,gQHT,ZSrXNOBMr,ZSrXNOBMr
ZSrXNOBMr,u,ZSrXNOBMr,ZSrXNOBMr,iZOwhS,iZOwhS,iZOwhS,gQHT,ZSrXNOBMr,ZSrXNOBMr
Jedi Wagner, assuma o comando!