BWlIDSXgb
BWlIDSXgb
Toque! Toque, Dijê!
Toque! Toque, Dijê!
Toque! Toque, Dijê!
[vazia]
Toque! Toque, Dijê!
Toque! Toque, Dijê!
Kiwo
[vazia]
[vazia]
Toque! Toque, Dijê!
KtLOipjv,Kiwo
[vazia]
[vazia]
Kiwo
Kiwo
Kiwo
Kiwo
nzGjtBZeC
nzGjtBZeC
nzGjtBZeC
Kiwo,nzGjtBZeC,KtLOipjv,KtLOipjv
KtLOipjv
KtLOipjv
KtLOipjv
KtLOipjv
KtLOipjv
KtLOipjv
KtLOipjv
KtLOipjv
Kiwo,nzGjtBZeC,KtLOipjv,nzGjtBZeC,KtLOipjv
KtLOipjv
Kiwo,nzGjtBZeC,KtLOipjv,nzGjtBZeC,KtLOipjv
KtLOipjv
KtLOipjv
nzGjtBZeC
nzGjtBZeC,KtLOipjv,BWlIDSXgb,nzGjtBZeC,KtLOipjv,KtLOipjv
Kiwo,nzGjtBZeC,KtLOipjv,nzGjtBZeC,KtLOipjv,ytr,ytr
KtLOipjv
Kiwo,nzGjtBZeC,KtLOipjv,nzGjtBZeC,KtLOipjv,ytr,ytr
Kiwo,nzGjtBZeC,nzGjtBZeC,KtLOipjv,KtLOipjv,ytr,ytr
Kiwo,nzGjtBZeC,nzGjtBZeC,KtLOipjv,KtLOipjv,ytr,ytr
KtLOipjv
KtLOipjv
Kiwo,nzGjtBZeC,KtLOipjv,nzGjtBZeC,KtLOipjv
KtLOipjv
KtLOipjv
Kiwo,KtLOipjv,nzGjtBZeC,KtLOipjv
Kiwo,KtLOipjv,nzGjtBZeC,KtLOipjv,ytr,BWlIDSXgb
Kiwo,KtLOipjv,nzGjtBZeC,KtLOipjv,ytr,BWlIDSXgb,fet
Kiwo
Kiwo,KtLOipjv,KtLOipjv,MPKKKZrW
Kiwo,KtLOipjv,KtLOipjv,MPKKKZrW
MPKKKZrW,Kiwo,KtLOipjv,KtLOipjv
Kiwo,KtLOipjv,nzGjtBZeC,KtLOipjv
Kiwo,nzGjtBZeC,KtLOipjv,ytr
Kiwo,KtLOipjv,nzGjtBZeC,KtLOipjv,ytr
ytr,Kiwo,KtLOipjv,nzGjtBZeC,KtLOipjv
Kiwo,KtLOipjv,nzGjtBZeC,KtLOipjv
KtLOipjv
KtLOipjv
nzGjtBZeC
Kiwo,KtLOipjv,nzGjtBZeC,KtLOipjv
Kiwo,KtLOipjv,KtLOipjv
KtLOipjv
KtLOipjv,KtLOipjv,Kiwo
Kiwo
Kiwo
Kiwo
nzGjtBZeC
Kiwo,KtLOipjv,nzGjtBZeC,KtLOipjv
KtLOipjv
Kiwo,KtLOipjv,KtLOipjv,MPKKKZrW
Kiwo,KtLOipjv,KtLOipjv,MPKKKZrW,MPKKKZrW
KtLOipjv
Kiwo,KtLOipjv,KtLOipjv,MPKKKZrW,nzGjtBZeC
Kiwo,KtLOipjv,KtLOipjv,MPKKKZrW,nzGjtBZeC
KtLOipjv
Kiwo,KtLOipjv,KtLOipjv,MPKKKZrW,nzGjtBZeC,fet
MPKKKZrW
Kiwo,KtLOipjv,KtLOipjv,MPKKKZrW,nzGjtBZeC,fet,nzGjtBZeC
nzGjtBZeC
Kiwo,KtLOipjv,KtLOipjv,MPKKKZrW
Kiwo,KtLOipjv,KtLOipjv,MPKKKZrW
Kiwo,KtLOipjv,KtLOipjv,MPKKKZrW,KtLOipjv
Kiwo,KtLOipjv,KtLOipjv,MPKKKZrW,KtLOipjv
MPKKKZrW
MPKKKZrW
MPKKKZrW,Kiwo,KtLOipjv,KtLOipjv,KtLOipjv
MPKKKZrW
MPKKKZrW,Kiwo,KtLOipjv,KtLOipjv,KtLOipjv,KtLOipjv
KtLOipjv
MPKKKZrW,KtLOipjv,KtLOipjv,KtLOipjv,KtLOipjv,fet
MPKKKZrW,KtLOipjv,KtLOipjv,KtLOipjv,fet,Kiwo,KtLOipjv,ytr
KtLOipjv,KtLOipjv,MPKKKZrW,KtLOipjv,fet,Kiwo,KtLOipjv,ytr,fet
KtLOipjv
KtLOipjv,KtLOipjv,ytr,MPKKKZrW,KtLOipjv,fet,Kiwo,KtLOipjv,fet
ytr
KtLOipjv,KtLOipjv,Kiwo,ytr,MPKKKZrW,KtLOipjv,fet,KtLOipjv,fet,Kiwo
Kiwo
Kiwo
Kiwo
KtLOipjv,KtLOipjv,Kiwo,ytr,KtLOipjv,fet,KtLOipjv,fet,Kiwo,Kiwo,Kiwo
ytr
KtLOipjv,KtLOipjv,Kiwo,MPKKKZrW,KtLOipjv,fet,KtLOipjv,fet,KtLOipjv
Kiwo
KtLOipjv,KtLOipjv,Kiwo,MPKKKZrW,KtLOipjv,fet,KtLOipjv,fet,KtLOipjv,nzGjtBZeC,KtLOipjv
KtLOipjv,KtLOipjv,Kiwo,MPKKKZrW,KtLOipjv,fet,KtLOipjv,fet,KtLOipjv,nzGjtBZeC,KtLOipjv
Kiwo
MPKKKZrW
KtLOipjv,MPKKKZrW,nzGjtBZeC,Kiwo,KtLOipjv,fet,KtLOipjv,fet,KtLOipjv,KtLOipjv,ytr,BWlIDSXgb,fet
nzGjtBZeC
KtLOipjv,nzGjtBZeC,MPKKKZrW,Kiwo,KtLOipjv,fet,KtLOipjv,fet,KtLOipjv,KtLOipjv,ytr,BWlIDSXgb,fet
nzGjtBZeC
ytr
ytr
KtLOipjv,KtLOipjv,ytr,MPKKKZrW,KtLOipjv,fet,Kiwo,KtLOipjv,fet
ytr
fet
KtLOipjv,fet,ytr,MPKKKZrW,KtLOipjv,Kiwo,KtLOipjv,fet
KtLOipjv,fet,ytr,MPKKKZrW,KtLOipjv,Kiwo,KtLOipjv,fet
fet
Jedi Wagner, assuma o comando!