Toque! Toque, Dijê!
UJSz
[vazia]
Toque! Toque, Dijê!
[vazia]
K
K
K
K
K,K
[vazia]
Toque! Toque, Dijê!
[vazia]
K
K
K
K,UJSz,K,K
K,UJSz,K,K
UJSz
[vazia]
Toque! Toque, Dijê!
Toque! Toque, Dijê!
Toque! Toque, Dijê!
Toque! Toque, Dijê!
[vazia]
Toque! Toque, Dijê!
UJSz
Toque! Toque, Dijê!
[vazia]
[vazia]
UJSz
[vazia]
UJSz
UJSz
K
UJSz,K,UJSz,UJSz,UJSz,UJSz,UJSz
UJSz
UJSz,UJSz,UJSz,K
UJSz,UJSz,UJSz,K
UJSz,UJSz,K,UJSz
UJSz
UJSz,UJSz,UJSz,K
UJSz,UJSz,UJSz,K
UJSz,UJSz,K
K
UJSz,UJSz,UJSz,K
K
UJSz,UJSz,UJSz,K
UJSz,UJSz,K,UJSz,UJSz
UJSz,UJSz,UJSz,K,UJSz
UJSz,UJSz,UJSz,UJSz
UJSz,UJSz,UJSz,K
UJSz,UJSz,UJSz,K
UJSz,UJSz,UJSz,K
UJSz
UJSz
UJSz,UJSz,UJSz,K,UJSz
UJSz,K,UJSz
UJSz,K,UJSz
UJSz,UJSz,UJSz,K,UJSz
UJSz,UJSz,UJSz,K,UJSz
K
UJSz,UJSz,UJSz,K,UJSz
UJSz
UJSz
UJSz
UJSz,UJSz,UJSz,K,UJSz,K
UJSz,UJSz,UJSz,UJSz,K,K
UJSz
UJSz,UJSz,UJSz,UJSz,K,K
UJSz
UJSz,UJSz,UJSz,UJSz,K
UJSz
UJSz,UJSz,UJSz,K,UJSz,K
K,UJSz,UJSz,K
UJSz
UJSz,UJSz,K,K
UJSz,UJSz,K,K
UJSz,K,K
Jedi Wagner, assuma o comando!