Toque! Toque, Dijê!
[vazia]
Toque! Toque, Dijê!
[vazia]
[vazia]
Toque! Toque, Dijê!
[vazia]
[vazia]
Toque! Toque, Dijê!
Toque! Toque, Dijê!
Toque! Toque, Dijê!
cFovTXeVrp,ek
cFovTXeVrp
REpUm
REpUm
REpUm,cFovTXeVrp
REpUm,cFovTXeVrp,REpUm
REpUm
REpUm,cFovTXeVrp,REpUm
REpUm
REpUm,cFovTXeVrp,REpUm
REpUm
REpUm
REpUm,cFovTXeVrp,REpUm,LWkYpzJBS,cFovTXeVrp,LWkYpzJBS
REpUm,cFovTXeVrp
cFovTXeVrp
cFovTXeVrp
cFovTXeVrp,REpUm,LWkYpzJBS,ek
ek,REpUm,cFovTXeVrp
ek,REpUm,cFovTXeVrp
ek,REpUm,cFovTXeVrp
ek,REpUm,cFovTXeVrp
ek,REpUm
ek,REpUm
ek
ek
ek,REpUm
ek,REpUm
REpUm,cFovTXeVrp,REpUm,LWkYpzJBS,ek,cFovTXeVrp
REpUm,cFovTXeVrp,REpUm,LWkYpzJBS,ek,cFovTXeVrp
REpUm,REpUm,LWkYpzJBS,cFovTXeVrp,ek
cFovTXeVrp
cFovTXeVrp
cFovTXeVrp
ek
LWkYpzJBS,ek,LWkYpzJBS
LWkYpzJBS
LWkYpzJBS,ek,LWkYpzJBS,LWkYpzJBS,cFovTXeVrp,cFovTXeVrp
LWkYpzJBS,ek,LWkYpzJBS
LWkYpzJBS
LWkYpzJBS,LWkYpzJBS,LWkYpzJBS,cFovTXeVrp
LWkYpzJBS
LWkYpzJBS,ek,LWkYpzJBS
LWkYpzJBS
LWkYpzJBS
LWkYpzJBS,ek,REpUm,ek,REpUm
LWkYpzJBS,REpUm,ek,REpUm
REpUm
REpUm,LWkYpzJBS,REpUm,REpUm
REpUm
REpUm
LWkYpzJBS,REpUm,ek,REpUm,ek,ek
LWkYpzJBS,REpUm,ek,REpUm,ek,ek
REpUm
REpUm
REpUm
REpUm
REpUm
LWkYpzJBS
LWkYpzJBS
LWkYpzJBS
LWkYpzJBS
REpUm
ek
LWkYpzJBS,ek,REpUm,ek
LWkYpzJBS,ek,REpUm,ek
LWkYpzJBS,ek,ek,ek
ek
LWkYpzJBS,ek,ek,ek
ek,ek,ek
ek,ek,ek
ek
ek,ek,ek
ek,ek,ek,ek
ek,ek,ek,LWkYpzJBS
ek
ek
ek,LWkYpzJBS,ek,ek
ek
ek
ek
ek
ek
ek
ek,ek,ek
ek
ek,ek,ek,ek
LWkYpzJBS,ek,ek
LWkYpzJBS
LWkYpzJBS
ek,ek,LWkYpzJBS,ek,cFovTXeVrp,ek
LWkYpzJBS
LWkYpzJBS
ek,ek,LWkYpzJBS,ek,cFovTXeVrp,REpUm
ek,ek,LWkYpzJBS,ek,cFovTXeVrp
ek,ek,LWkYpzJBS,ek,cFovTXeVrp
ek
ek
ek
ek
ek
ek
ek
ek,ek,REpUm,REpUm
ek,ek,REpUm,REpUm
ek,ek,REpUm,REpUm
ek
ek
ek
ek,ek,REpUm,REpUm
ek
ek,ek,REpUm,REpUm
REpUm
REpUm
REpUm
ek,REpUm,REpUm,ek,cFovTXeVrp,REpUm
REpUm,ek,REpUm,ek,cFovTXeVrp,REpUm
REpUm
REpUm
ek,ek,REpUm,REpUm,ek
ek,ek,REpUm,REpUm,ek
ek,ek,REpUm,REpUm,ek
REpUm
REpUm
REpUm
REpUm
ek,ek,REpUm,REpUm,ek,ek,LWkYpzJBS,REpUm
REpUm
REpUm
REpUm
ek,REpUm,REpUm,ek,ek,ek,cFovTXeVrp
ek
ek,REpUm,ek,ek,ek,cFovTXeVrp,LWkYpzJBS
ek,REpUm,ek,ek,ek,cFovTXeVrp,LWkYpzJBS,LWkYpzJBS,ek
ek,REpUm,ek,ek,ek,cFovTXeVrp,LWkYpzJBS,LWkYpzJBS,ek
ek
ek
REpUm,ek,ek,ek,ek,cFovTXeVrp,LWkYpzJBS,LWkYpzJBS,ek
REpUm
REpUm
ek,ek,REpUm,REpUm,ek,ek,LWkYpzJBS,cFovTXeVrp,REpUm,LWkYpzJBS
ek,ek,REpUm,REpUm,ek,ek,LWkYpzJBS
ek
REpUm,REpUm,ek,ek,REpUm,ek
REpUm,REpUm,ek,ek,REpUm,ek,REpUm,LWkYpzJBS
REpUm,REpUm,ek,ek,REpUm,ek,REpUm,LWkYpzJBS
REpUm,ek,REpUm,ek,REpUm,LWkYpzJBS
REpUm,ek,REpUm,ek,REpUm
ek,REpUm,REpUm,ek,ek,ek,LWkYpzJBS,cFovTXeVrp,REpUm
ek
REpUm,REpUm,ek,cFovTXeVrp,ek,ek,REpUm,ek,REpUm,REpUm
REpUm,REpUm,ek,cFovTXeVrp,ek,ek,REpUm,ek,REpUm,REpUm
ek
REpUm,REpUm,cFovTXeVrp,ek,ek,ek,REpUm,ek,REpUm,REpUm
ek
ek
cFovTXeVrp
REpUm,ek,ek,cFovTXeVrp,REpUm,ek,REpUm,ek,REpUm,REpUm,cFovTXeVrp,ek,cFovTXeVrp,REpUm
REpUm,ek,ek,cFovTXeVrp,REpUm,ek,REpUm,ek,REpUm,REpUm,cFovTXeVrp,ek,cFovTXeVrp,REpUm
REpUm,ek,ek,cFovTXeVrp,REpUm,ek,REpUm,ek,REpUm,REpUm,cFovTXeVrp,ek,cFovTXeVrp,REpUm
REpUm
REpUm
REpUm,ek,ek,REpUm,ek,REpUm,ek,REpUm,REpUm,cFovTXeVrp,ek,cFovTXeVrp,REpUm,LWkYpzJBS,cFovTXeVrp,REpUm
REpUm,ek,cFovTXeVrp,REpUm,ek,ek,REpUm,ek,REpUm,REpUm,cFovTXeVrp,ek,cFovTXeVrp,REpUm
Jedi Wagner, assuma o comando!