Toque! Toque, Dijê!
Toque! Toque, Dijê!
[vazia]
Toque! Toque, Dijê!
ymK
ymK
ymK
ymK
ymK
ymK,ymK
ymK,ymK
ymK,ymK
ymK
ymK,ymK
ymK
ymK
ymK
ymK,ymK
ymK,ymK
ymK,ymK
ymK
ymK
ymK
ymK
ymK
ymK
[vazia]
Toque! Toque, Dijê!
[vazia]
ymK
ymK
ymK
ymK
ymK
ymK
ymK
ymK
ymK
ymK
ymK
ymK
ymK
ymK
ymK
ymK
ymK
ymK
ymK
ymK
ymK
ymK
ymK
ymK
ymK
ymK,ymK
ymK
ymK
[vazia]
ymK
ymK
ymK
[vazia]
[vazia]
ymK
ymK,ymK,ymK
ymK
ymK
ymK
ymK
ymK
ymK,ymK,ymK,ymK
ymK
ymK
ymK,ymK,ymK,ymK,ymK
ymK
ymK,ymK,ymK,ymK,ymK
ymK
ymK
ymK
ymK,ymK,ymK,ymK,ymK,ymK
ymK,ymK,ymK,ymK,ymK,ymK,ymK
ymK
ymK
ymK,ymK,ymK,ymK,ymK,ymK,ymK,ymK
ymK
ymK
ymK
ymK,ymK,ymK,ymK,ymK,ymK
ymK,ymK,ymK,ymK,ymK,ymK
ymK
ymK
ymK,ymK,ymK,ymK,ymK,ymK,ymK
ymK
ymK,ymK,ymK,ymK,ymK,ymK,ymK
ymK,ymK,ymK,ymK,ymK,ymK,ymK
ymK,ymK,ymK,ymK,ymK,ymK,ymK,ymK
ymK
ymK,ymK,ymK,ymK,ymK,ymK,ymK
ymK,ymK,ymK,ymK,ymK,ymK,ymK
ymK
ymK
ymK
ymK,ymK,ymK,ymK,ymK,ymK,ymK,ymK
ymK,ymK,ymK,ymK,ymK,ymK,ymK,ymK,ymK
ymK,ymK,ymK,ymK,ymK,ymK,ymK,ymK,ymK,ymK,ymK
ymK,ymK,ymK,ymK,ymK,ymK,ymK,ymK,ymK,ymK
ymK
ymK,ymK,ymK,ymK,ymK,ymK,ymK,ymK,ymK,ymK,ymK
ymK
ymK
ymK,ymK,ymK,ymK,ymK,ymK,ymK,ymK,ymK
ymK,ymK,ymK,ymK,ymK,ymK,ymK,ymK
ymK,ymK,ymK,ymK,ymK,ymK,ymK,ymK,ymK,ymK
ymK
ymK,ymK,ymK,ymK,ymK,ymK,ymK,ymK,ymK,ymK
ymK,ymK,ymK,ymK,ymK,ymK,ymK,ymK,ymK,ymK
ymK
ymK
ymK,ymK,ymK,ymK,ymK,ymK,ymK,ymK,ymK
ymK
ymK,ymK,ymK,ymK,ymK,ymK,ymK,ymK,ymK,ymK
ymK,ymK,ymK,ymK,ymK,ymK,ymK,ymK,ymK
ymK,ymK,ymK,ymK,ymK,ymK,ymK,ymK,ymK
ymK
ymK,ymK,ymK,ymK,ymK,ymK,ymK,ymK,ymK
ymK,ymK,ymK,ymK,ymK,ymK,ymK,ymK,ymK,ymK
ymK,ymK,ymK,ymK,ymK,ymK,ymK,ymK,ymK,ymK,ymK
ymK
ymK
ymK,ymK,ymK,ymK,ymK,ymK,ymK,ymK,ymK,ymK,ymK,ymK,ymK
Jedi Wagner, assuma o comando!