ciyLb
ciyLb
ciyLb
ciyLb
ciyLb,WYXBMctCwE
ciyLb,WYXBMctCwE
WYXBMctCwE
WYXBMctCwE,ukCHMviay,howeyfbTn
ciyLb,WYXBMctCwE
ciyLb
ciyLb
ciyLb,WYXBMctCwE,ukCHMviay,b,b
WYXBMctCwE
ciyLb,WYXBMctCwE,ukCHMviay,b,b,ukCHMviay,howeyfbTn,WYXBMctCwE
b
b
WYXBMctCwE,ukCHMviay,b,b,ciyLb,ukCHMviay,howeyfbTn,WYXBMctCwE,WYXBMctCwE
ciyLb
ciyLb,WYXBMctCwE,ukCHMviay,b,b,ukCHMviay,howeyfbTn,WYXBMctCwE,WYXBMctCwE
ciyLb,WYXBMctCwE,ukCHMviay,b,b,ukCHMviay,howeyfbTn,WYXBMctCwE,WYXBMctCwE,WYXBMctCwE
ukCHMviay
ukCHMviay
ukCHMviay
howeyfbTn
ciyLb,WYXBMctCwE,b,b,ukCHMviay,howeyfbTn,WYXBMctCwE,WYXBMctCwE,WYXBMctCwE,HIGfM
ciyLb,WYXBMctCwE,b,b,ukCHMviay,howeyfbTn,WYXBMctCwE,WYXBMctCwE,WYXBMctCwE,HIGfM
howeyfbTn
ciyLb,WYXBMctCwE,b,b,ukCHMviay,howeyfbTn,WYXBMctCwE,WYXBMctCwE,WYXBMctCwE
ciyLb,WYXBMctCwE,b,b,ukCHMviay,howeyfbTn,WYXBMctCwE,WYXBMctCwE,WYXBMctCwE,b
howeyfbTn
howeyfbTn
WYXBMctCwE
ciyLb,b,b,howeyfbTn,ukCHMviay,WYXBMctCwE,WYXBMctCwE,WYXBMctCwE,WYXBMctCwE,HIGfM,ukCHMviay,L
HIGfM
HIGfM
ciyLb,b,b,howeyfbTn,ukCHMviay,WYXBMctCwE,WYXBMctCwE,WYXBMctCwE,HIGfM,ukCHMviay,L,b
ukCHMviay
ciyLb,b,b,howeyfbTn,ukCHMviay,WYXBMctCwE,WYXBMctCwE,ukCHMviay,HIGfM,L,b
b,b,howeyfbTn,ukCHMviay,WYXBMctCwE,WYXBMctCwE,ukCHMviay,HIGfM,L,b
b,b,howeyfbTn,ukCHMviay,WYXBMctCwE,WYXBMctCwE,ukCHMviay,HIGfM,L,b
b
b,b,howeyfbTn,ukCHMviay,WYXBMctCwE,WYXBMctCwE,ukCHMviay,HIGfM,b,L
L
b,b,ukCHMviay,WYXBMctCwE,WYXBMctCwE,ukCHMviay,HIGfM,L,b,howeyfbTn
b,ukCHMviay,WYXBMctCwE,WYXBMctCwE,ukCHMviay,HIGfM,L,b,b,howeyfbTn
b
b,ukCHMviay,WYXBMctCwE,WYXBMctCwE,ukCHMviay,HIGfM,L,b,b,howeyfbTn
b,ukCHMviay,WYXBMctCwE,WYXBMctCwE,ukCHMviay,HIGfM,L,b,b,howeyfbTn,HIGfM
b
b,ukCHMviay,WYXBMctCwE,WYXBMctCwE,ukCHMviay,HIGfM,L,b,b,howeyfbTn
b
b,ukCHMviay,WYXBMctCwE,WYXBMctCwE,ukCHMviay,L,b,b,howeyfbTn,howeyfbTn
b,b,howeyfbTn,ukCHMviay,WYXBMctCwE,WYXBMctCwE,ukCHMviay,HIGfM,L,b
L
b,b,howeyfbTn,ukCHMviay,WYXBMctCwE,ukCHMviay,HIGfM,b,L
b,b,howeyfbTn,ukCHMviay,WYXBMctCwE,ukCHMviay,HIGfM,b,L
b,b,howeyfbTn,ukCHMviay,WYXBMctCwE,ukCHMviay,HIGfM,b,L,HIGfM
L
b
b,b,howeyfbTn,ukCHMviay,WYXBMctCwE,WYXBMctCwE,ukCHMviay,HIGfM,L,b
b,b,howeyfbTn,ukCHMviay,WYXBMctCwE,WYXBMctCwE,ukCHMviay,HIGfM,L,b
b,howeyfbTn,ukCHMviay,WYXBMctCwE,WYXBMctCwE,ukCHMviay,L,b,HIGfM,howeyfbTn
b
b
HIGfM
b,howeyfbTn,ukCHMviay,WYXBMctCwE,WYXBMctCwE,ukCHMviay,L,b,HIGfM,howeyfbTn,howeyfbTn
HIGfM
howeyfbTn
howeyfbTn
ukCHMviay,WYXBMctCwE,WYXBMctCwE,ukCHMviay,L,b,HIGfM,howeyfbTn,b,howeyfbTn,HIGfM,howeyfbTn
ukCHMviay,WYXBMctCwE,WYXBMctCwE,ukCHMviay,L,b,HIGfM,howeyfbTn,b,howeyfbTn,HIGfM,howeyfbTn
ukCHMviay,WYXBMctCwE,WYXBMctCwE,ukCHMviay,L,b,HIGfM,howeyfbTn,b,howeyfbTn,HIGfM,howeyfbTn,howeyfbTn
ukCHMviay,WYXBMctCwE,WYXBMctCwE,ukCHMviay,b,HIGfM,howeyfbTn,b,howeyfbTn,HIGfM,L,howeyfbTn,howeyfbTn,WYXBMctCwE
L
L
L
HIGfM
ukCHMviay,WYXBMctCwE,ukCHMviay,HIGfM,howeyfbTn,b,howeyfbTn,HIGfM,WYXBMctCwE,L,howeyfbTn,howeyfbTn,WYXBMctCwE
ukCHMviay,WYXBMctCwE,ukCHMviay,HIGfM,howeyfbTn,b,howeyfbTn,HIGfM,WYXBMctCwE,L,howeyfbTn,howeyfbTn,WYXBMctCwE
WYXBMctCwE
ukCHMviay,WYXBMctCwE,ukCHMviay,HIGfM,howeyfbTn,b,howeyfbTn,HIGfM,WYXBMctCwE,L,howeyfbTn,howeyfbTn,WYXBMctCwE
WYXBMctCwE,ukCHMviay,HIGfM,howeyfbTn,b,howeyfbTn,HIGfM,WYXBMctCwE,L,howeyfbTn,howeyfbTn,WYXBMctCwE
L
WYXBMctCwE,ukCHMviay,HIGfM,howeyfbTn,b,howeyfbTn,HIGfM,WYXBMctCwE,L,howeyfbTn,howeyfbTn,WYXBMctCwE
WYXBMctCwE,ukCHMviay,howeyfbTn,b,howeyfbTn,HIGfM,WYXBMctCwE,L,howeyfbTn,howeyfbTn,WYXBMctCwE
L
WYXBMctCwE,ukCHMviay,HIGfM,howeyfbTn,b,howeyfbTn,HIGfM,WYXBMctCwE,L,ukCHMviay,howeyfbTn,howeyfbTn,WYXBMctCwE,ciyLb
ukCHMviay
ukCHMviay,WYXBMctCwE,ukCHMviay,HIGfM,howeyfbTn,b,howeyfbTn,HIGfM,WYXBMctCwE,L,howeyfbTn,howeyfbTn,WYXBMctCwE
ukCHMviay,WYXBMctCwE,ukCHMviay,HIGfM,howeyfbTn,howeyfbTn,HIGfM,WYXBMctCwE,L,howeyfbTn,howeyfbTn,WYXBMctCwE
ukCHMviay,WYXBMctCwE,ukCHMviay,HIGfM,howeyfbTn,howeyfbTn,HIGfM,WYXBMctCwE,L,howeyfbTn,howeyfbTn,WYXBMctCwE,L
howeyfbTn
ukCHMviay,WYXBMctCwE,ukCHMviay,HIGfM,howeyfbTn,howeyfbTn,HIGfM,WYXBMctCwE,howeyfbTn,howeyfbTn,WYXBMctCwE,L
howeyfbTn
L
HIGfM
howeyfbTn,HIGfM,WYXBMctCwE,L,WYXBMctCwE,b,HIGfM,howeyfbTn,howeyfbTn,howeyfbTn,WYXBMctCwE
howeyfbTn,HIGfM,WYXBMctCwE,L,WYXBMctCwE,b,HIGfM,howeyfbTn,howeyfbTn,howeyfbTn,WYXBMctCwE
howeyfbTn
howeyfbTn,HIGfM,WYXBMctCwE,L,WYXBMctCwE,b,HIGfM,howeyfbTn,howeyfbTn,howeyfbTn,WYXBMctCwE,WYXBMctCwE
howeyfbTn
howeyfbTn
WYXBMctCwE
howeyfbTn,HIGfM,WYXBMctCwE,b,HIGfM,howeyfbTn,WYXBMctCwE,howeyfbTn,howeyfbTn,WYXBMctCwE,WYXBMctCwE,b,gvWpTu
WYXBMctCwE
L
howeyfbTn,HIGfM,b,HIGfM,howeyfbTn,L,WYXBMctCwE,howeyfbTn,howeyfbTn,WYXBMctCwE,WYXBMctCwE,b,gvWpTu,HIGfM
howeyfbTn,HIGfM,b,HIGfM,howeyfbTn,L,WYXBMctCwE,howeyfbTn,howeyfbTn,WYXBMctCwE,WYXBMctCwE,b,gvWpTu,HIGfM,ciyLb,howeyfbTn
howeyfbTn,HIGfM,b,HIGfM,howeyfbTn,L,WYXBMctCwE,howeyfbTn,howeyfbTn,WYXBMctCwE,WYXBMctCwE,b,gvWpTu,HIGfM,ciyLb,howeyfbTn
L
howeyfbTn,HIGfM,b,HIGfM,howeyfbTn,L,WYXBMctCwE,howeyfbTn,howeyfbTn,WYXBMctCwE,WYXBMctCwE,b,gvWpTu,HIGfM,ciyLb
L
L
howeyfbTn,HIGfM,b,HIGfM,howeyfbTn,L,WYXBMctCwE,howeyfbTn,howeyfbTn,WYXBMctCwE,WYXBMctCwE,b,gvWpTu,HIGfM,ciyLb
howeyfbTn,HIGfM,HIGfM,howeyfbTn,L,ciyLb,b,WYXBMctCwE,howeyfbTn,howeyfbTn,WYXBMctCwE,WYXBMctCwE,b,gvWpTu,HIGfM
howeyfbTn
howeyfbTn,HIGfM,b,HIGfM,howeyfbTn,WYXBMctCwE,howeyfbTn,howeyfbTn,WYXBMctCwE,WYXBMctCwE,b,gvWpTu,ciyLb
howeyfbTn,HIGfM,b,HIGfM,howeyfbTn,WYXBMctCwE,howeyfbTn,howeyfbTn,WYXBMctCwE,WYXBMctCwE,b,gvWpTu,ciyLb
howeyfbTn,HIGfM,WYXBMctCwE,b,HIGfM,howeyfbTn,WYXBMctCwE,howeyfbTn,howeyfbTn,WYXBMctCwE,WYXBMctCwE,b,gvWpTu
howeyfbTn,HIGfM,WYXBMctCwE,b,HIGfM,howeyfbTn,WYXBMctCwE,howeyfbTn,howeyfbTn,WYXBMctCwE,WYXBMctCwE,b,gvWpTu
howeyfbTn,HIGfM,WYXBMctCwE,b,HIGfM,howeyfbTn,WYXBMctCwE,howeyfbTn,howeyfbTn,WYXBMctCwE,WYXBMctCwE,b,gvWpTu
howeyfbTn,HIGfM,WYXBMctCwE,b,HIGfM,howeyfbTn,WYXBMctCwE,howeyfbTn,howeyfbTn,WYXBMctCwE,WYXBMctCwE,b,gvWpTu
WYXBMctCwE
WYXBMctCwE,HIGfM,howeyfbTn,WYXBMctCwE,b,howeyfbTn,HIGfM,howeyfbTn,howeyfbTn,WYXBMctCwE,WYXBMctCwE,b,gvWpTu
howeyfbTn
WYXBMctCwE,HIGfM,howeyfbTn,WYXBMctCwE,howeyfbTn,HIGfM,howeyfbTn,b,howeyfbTn,WYXBMctCwE,WYXBMctCwE,b,gvWpTu
WYXBMctCwE,HIGfM,howeyfbTn,WYXBMctCwE,howeyfbTn,HIGfM,howeyfbTn,b,howeyfbTn,WYXBMctCwE,WYXBMctCwE,b,gvWpTu
WYXBMctCwE
WYXBMctCwE
HIGfM,howeyfbTn,howeyfbTn,HIGfM,howeyfbTn,WYXBMctCwE,WYXBMctCwE,b,howeyfbTn,WYXBMctCwE,WYXBMctCwE,b,gvWpTu
HIGfM,howeyfbTn,howeyfbTn,HIGfM,howeyfbTn,WYXBMctCwE,b,howeyfbTn,WYXBMctCwE,WYXBMctCwE,WYXBMctCwE,b,gvWpTu
HIGfM,howeyfbTn,howeyfbTn,HIGfM,howeyfbTn,WYXBMctCwE,b,howeyfbTn,WYXBMctCwE,WYXBMctCwE,WYXBMctCwE,b,gvWpTu
WYXBMctCwE
HIGfM,howeyfbTn,howeyfbTn,HIGfM,howeyfbTn,WYXBMctCwE,b,howeyfbTn,WYXBMctCwE,WYXBMctCwE,WYXBMctCwE,b,gvWpTu
WYXBMctCwE
HIGfM,howeyfbTn,howeyfbTn,HIGfM,howeyfbTn,WYXBMctCwE,b,howeyfbTn,WYXBMctCwE,WYXBMctCwE,WYXBMctCwE,b,gvWpTu
howeyfbTn,howeyfbTn,HIGfM,howeyfbTn,WYXBMctCwE,b,howeyfbTn,WYXBMctCwE,WYXBMctCwE,WYXBMctCwE,b,gvWpTu
WYXBMctCwE
HIGfM,howeyfbTn,howeyfbTn,HIGfM,howeyfbTn,WYXBMctCwE,b,howeyfbTn,WYXBMctCwE,WYXBMctCwE,WYXBMctCwE,b,gvWpTu
HIGfM,howeyfbTn,howeyfbTn,HIGfM,howeyfbTn,WYXBMctCwE,b,howeyfbTn,WYXBMctCwE,WYXBMctCwE,WYXBMctCwE,b,gvWpTu
HIGfM,howeyfbTn,HIGfM,howeyfbTn,WYXBMctCwE,b,howeyfbTn,WYXBMctCwE,WYXBMctCwE,WYXBMctCwE,b,gvWpTu,howeyfbTn
HIGfM,howeyfbTn,HIGfM,howeyfbTn,WYXBMctCwE,b,howeyfbTn,WYXBMctCwE,WYXBMctCwE,WYXBMctCwE,b,gvWpTu,howeyfbTn
HIGfM,howeyfbTn,HIGfM,howeyfbTn,WYXBMctCwE,b,howeyfbTn,WYXBMctCwE,WYXBMctCwE,WYXBMctCwE,b,gvWpTu
WYXBMctCwE
HIGfM,howeyfbTn,HIGfM,howeyfbTn,b,howeyfbTn,WYXBMctCwE,WYXBMctCwE,WYXBMctCwE,howeyfbTn,b,gvWpTu,ukCHMviay,L
HIGfM,howeyfbTn,HIGfM,howeyfbTn,b,howeyfbTn,WYXBMctCwE,WYXBMctCwE,WYXBMctCwE,gvWpTu,ukCHMviay,howeyfbTn,b,L,HIGfM
HIGfM,howeyfbTn,HIGfM,howeyfbTn,b,howeyfbTn,WYXBMctCwE,WYXBMctCwE,WYXBMctCwE,ukCHMviay,howeyfbTn,b,gvWpTu,L,HIGfM
WYXBMctCwE
HIGfM,HIGfM,howeyfbTn,b,howeyfbTn,WYXBMctCwE,ukCHMviay,howeyfbTn,WYXBMctCwE,howeyfbTn,WYXBMctCwE,b,gvWpTu,L,HIGfM,HIGfM
HIGfM,HIGfM,b,howeyfbTn,WYXBMctCwE,ukCHMviay,howeyfbTn,WYXBMctCwE,howeyfbTn,WYXBMctCwE,b,gvWpTu,L,HIGfM,HIGfM
b
gvWpTu
gvWpTu
HIGfM,HIGfM,b,howeyfbTn,ukCHMviay,howeyfbTn,WYXBMctCwE,howeyfbTn,WYXBMctCwE,b,gvWpTu,WYXBMctCwE,L,HIGfM,HIGfM
HIGfM,HIGfM,b,howeyfbTn,ukCHMviay,howeyfbTn,WYXBMctCwE,howeyfbTn,WYXBMctCwE,b,gvWpTu,WYXBMctCwE,L,HIGfM,HIGfM,WYXBMctCwE
gvWpTu
gvWpTu
HIGfM,HIGfM,b,howeyfbTn,WYXBMctCwE,ukCHMviay,howeyfbTn,WYXBMctCwE,howeyfbTn,WYXBMctCwE,b,gvWpTu,L,HIGfM,HIGfM
gvWpTu
HIGfM,HIGfM,b,howeyfbTn,WYXBMctCwE,ukCHMviay,howeyfbTn,WYXBMctCwE,howeyfbTn,WYXBMctCwE,b,gvWpTu,L,HIGfM,HIGfM,WYXBMctCwE
gvWpTu
gvWpTu
HIGfM,HIGfM,b,howeyfbTn,WYXBMctCwE,ukCHMviay,howeyfbTn,WYXBMctCwE,howeyfbTn,WYXBMctCwE,b,gvWpTu,L,HIGfM,HIGfM,ukCHMviay
HIGfM,HIGfM,b,howeyfbTn,WYXBMctCwE,ukCHMviay,howeyfbTn,WYXBMctCwE,howeyfbTn,WYXBMctCwE,b,gvWpTu,L,HIGfM,HIGfM,ukCHMviay,ciyLb
L
HIGfM,HIGfM,b,howeyfbTn,WYXBMctCwE,ukCHMviay,howeyfbTn,WYXBMctCwE,howeyfbTn,WYXBMctCwE,b,L,gvWpTu,HIGfM,HIGfM
gvWpTu
HIGfM,HIGfM,b,howeyfbTn,WYXBMctCwE,ukCHMviay,howeyfbTn,WYXBMctCwE,howeyfbTn,WYXBMctCwE,b,gvWpTu,L,HIGfM,HIGfM
Jedi Wagner, assuma o comando!