FHfJ
FHfJ
FHfJ
FHfJ,jMR
FHfJ
FHfJ,FHfJ,h
FHfJ,FHfJ,h
FHfJ
FHfJ,FHfJ,h,hwQ,hwQ
FHfJ,FHfJ,h,hwQ,hwQ,FHfJ
h
FHfJ,FHfJ,h,hwQ,FHfJ,b
FHfJ,FHfJ,h,hwQ,FHfJ,b,b
FHfJ,FHfJ,h,FHfJ,b,b,h
h
FHfJ,FHfJ,h,hwQ,b
hwQ
hwQ
hwQ
h
h
h
FHfJ,FHfJ,hwQ,h,miWfpuXBJ,CJooUa,xEodJ
miWfpuXBJ
miWfpuXBJ
FHfJ,FHfJ,hwQ,h,xEodJ,miWfpuXBJ,CJooUa,ep,miWfpuXBJ
ep
ep
ep
FHfJ,hwQ,h,ep,xEodJ,miWfpuXBJ,CJooUa,miWfpuXBJ,b,hwQ
FHfJ,hwQ,h,ep,xEodJ,miWfpuXBJ,CJooUa,miWfpuXBJ,b,hwQ
FHfJ,h,ep,miWfpuXBJ,CJooUa,miWfpuXBJ,b,hwQ
miWfpuXBJ
miWfpuXBJ
miWfpuXBJ
miWfpuXBJ
miWfpuXBJ
FHfJ,FHfJ,hwQ,h,miWfpuXBJ,CJooUa,xEodJ,CJooUa
FHfJ,FHfJ,hwQ,h,miWfpuXBJ,CJooUa,xEodJ,CJooUa,miWfpuXBJ
FHfJ,FHfJ,hwQ,h,miWfpuXBJ,CJooUa,xEodJ,CJooUa,miWfpuXBJ
CJooUa
CJooUa
CJooUa
FHfJ,FHfJ,hwQ,h,miWfpuXBJ,CJooUa,xEodJ,CJooUa
ep
FHfJ,FHfJ,hwQ,h,miWfpuXBJ,xEodJ,ep,CJooUa,ep
FHfJ,FHfJ,h,miWfpuXBJ,xEodJ,ep,ep
ep
ep
ep
ep
ep
FHfJ,FHfJ,h,miWfpuXBJ,xEodJ,CJooUa,ep,ep
CJooUa
FHfJ,FHfJ,h,miWfpuXBJ,CJooUa,xEodJ,CJooUa,hwQ
FHfJ,FHfJ,h,miWfpuXBJ,CJooUa,xEodJ,CJooUa,hwQ
FHfJ,FHfJ,hwQ,miWfpuXBJ,CJooUa,xEodJ,CJooUa,h
h
FHfJ,FHfJ,hwQ,miWfpuXBJ,CJooUa,xEodJ,CJooUa,h,CJooUa
FHfJ,FHfJ,hwQ,h,miWfpuXBJ,CJooUa,xEodJ,CJooUa
FHfJ,FHfJ,hwQ,h,miWfpuXBJ,CJooUa,xEodJ,CJooUa,hwQ,miWfpuXBJ,FHfJ
FHfJ,FHfJ,hwQ,h,miWfpuXBJ,CJooUa,CJooUa,hwQ,miWfpuXBJ,FHfJ
FHfJ,FHfJ,hwQ,h,miWfpuXBJ,CJooUa,hwQ,miWfpuXBJ,FHfJ,ep
FHfJ,FHfJ,hwQ,h,miWfpuXBJ,CJooUa,hwQ,miWfpuXBJ,FHfJ,ep
CJooUa
FHfJ,hwQ,h,miWfpuXBJ,CJooUa,xEodJ,CJooUa
FHfJ,hwQ,miWfpuXBJ,CJooUa,xEodJ,CJooUa
CJooUa
CJooUa
CJooUa
FHfJ,FHfJ,hwQ,h,miWfpuXBJ,CJooUa,xEodJ,CJooUa,h
h
FHfJ,FHfJ,hwQ,xEodJ,CJooUa,h,h,CJooUa,ep,b,hwQ,b
FHfJ,FHfJ,hwQ,h,miWfpuXBJ,CJooUa,xEodJ,CJooUa,h,xEodJ
FHfJ
FHfJ
FHfJ,FHfJ,hwQ,h,miWfpuXBJ,CJooUa,xEodJ,CJooUa,h,xEodJ
FHfJ
FHfJ,FHfJ,hwQ,h,miWfpuXBJ,CJooUa,xEodJ,CJooUa,h,xEodJ
FHfJ
CJooUa
FHfJ
FHfJ,FHfJ,hwQ,h,miWfpuXBJ,CJooUa,xEodJ,CJooUa,h,xEodJ
miWfpuXBJ
miWfpuXBJ,FHfJ,FHfJ,hwQ,h,CJooUa,xEodJ,CJooUa,h,xEodJ
miWfpuXBJ,FHfJ,FHfJ,hwQ,CJooUa,xEodJ,CJooUa,h,xEodJ,hwQ
FHfJ
FHfJ
FHfJ
hwQ,CJooUa,FHfJ,miWfpuXBJ,FHfJ,xEodJ,CJooUa,h,xEodJ,hwQ,miWfpuXBJ,b,b
hwQ,CJooUa,FHfJ,miWfpuXBJ,FHfJ,xEodJ,CJooUa,h,xEodJ,hwQ,miWfpuXBJ,b,b
hwQ,CJooUa,FHfJ,miWfpuXBJ,FHfJ,xEodJ,CJooUa,h,xEodJ,hwQ,miWfpuXBJ,b,b
hwQ,CJooUa,FHfJ,miWfpuXBJ,FHfJ,xEodJ,CJooUa,h,xEodJ,hwQ,miWfpuXBJ,b,b
hwQ
xEodJ,FHfJ,miWfpuXBJ,hwQ,CJooUa,FHfJ,CJooUa,h,xEodJ,hwQ,miWfpuXBJ,b,b,FHfJ,FHfJ
xEodJ,FHfJ,miWfpuXBJ,hwQ,CJooUa,FHfJ,CJooUa,h,xEodJ,hwQ,miWfpuXBJ,b,b,FHfJ,FHfJ
xEodJ,FHfJ,miWfpuXBJ,hwQ,CJooUa,FHfJ,CJooUa,h,xEodJ,hwQ,miWfpuXBJ,b,b,FHfJ,FHfJ
miWfpuXBJ,FHfJ,FHfJ,hwQ,CJooUa,xEodJ,CJooUa,h,xEodJ,hwQ
FHfJ
FHfJ
xEodJ
xEodJ
xEodJ,FHfJ,FHfJ,hwQ,CJooUa,h,hwQ,miWfpuXBJ
xEodJ
xEodJ,FHfJ,hwQ,CJooUa,h,hwQ,miWfpuXBJ
FHfJ
miWfpuXBJ,FHfJ,FHfJ,hwQ,CJooUa,xEodJ,CJooUa,h,xEodJ,hwQ,jMR
miWfpuXBJ,FHfJ,FHfJ,hwQ,CJooUa,xEodJ,CJooUa,h,xEodJ,hwQ,jMR
miWfpuXBJ,FHfJ,FHfJ,hwQ,CJooUa,xEodJ,CJooUa,h,xEodJ,hwQ
FHfJ
miWfpuXBJ,FHfJ,FHfJ,hwQ,CJooUa,xEodJ,CJooUa,h,xEodJ,hwQ,Y
FHfJ
FHfJ
FHfJ
miWfpuXBJ,FHfJ,FHfJ,hwQ,CJooUa,xEodJ,CJooUa,h,xEodJ,hwQ
miWfpuXBJ,FHfJ,FHfJ,hwQ,CJooUa,xEodJ,CJooUa,h,xEodJ,hwQ
miWfpuXBJ,FHfJ,FHfJ,hwQ,CJooUa,xEodJ,CJooUa,h,xEodJ,hwQ
hwQ
miWfpuXBJ,FHfJ,hwQ,CJooUa,xEodJ,CJooUa,h,xEodJ,hwQ,Y,ep,xEodJ
miWfpuXBJ,FHfJ,hwQ,CJooUa,xEodJ,CJooUa,h,xEodJ,hwQ,Y,ep,xEodJ
xEodJ
miWfpuXBJ,FHfJ,CJooUa,xEodJ,CJooUa,h,xEodJ,hwQ,Y,ep,xEodJ
xEodJ
miWfpuXBJ,FHfJ,hwQ,CJooUa,xEodJ,CJooUa,h,xEodJ,hwQ,Y,ep,xEodJ
xEodJ
miWfpuXBJ,FHfJ,hwQ,CJooUa,xEodJ,ep,CJooUa,h,xEodJ,hwQ,Y,xEodJ,miWfpuXBJ
miWfpuXBJ,FHfJ,hwQ,CJooUa,xEodJ,ep,CJooUa,h,xEodJ,hwQ,Y,xEodJ,miWfpuXBJ
xEodJ
xEodJ
miWfpuXBJ,FHfJ,hwQ,CJooUa,xEodJ,ep,CJooUa,h,xEodJ,hwQ,Y,xEodJ,miWfpuXBJ,b,h
miWfpuXBJ,FHfJ,hwQ,CJooUa,xEodJ,ep,CJooUa,h,xEodJ,hwQ,Y,xEodJ,miWfpuXBJ,b,h,h
miWfpuXBJ,FHfJ,hwQ,CJooUa,xEodJ,ep,CJooUa,h,xEodJ,hwQ,Y,xEodJ,miWfpuXBJ,b,h,h
xEodJ
Y
Y
miWfpuXBJ,FHfJ,CJooUa,xEodJ,Y,hwQ,ep,CJooUa,h,xEodJ,hwQ,xEodJ,miWfpuXBJ,h,h
Y
Y
Y
FHfJ,CJooUa,Y,miWfpuXBJ,hwQ,ep,CJooUa,h,xEodJ,hwQ,xEodJ,miWfpuXBJ,h,h,b
Y
Y
CJooUa,hwQ,FHfJ,Y,miWfpuXBJ,ep,CJooUa,hwQ,miWfpuXBJ,h,h,b,Y
h
h
h
hwQ,h,Y,miWfpuXBJ,ep,CJooUa,hwQ,miWfpuXBJ,h,b,Y,hwQ
hwQ,h,miWfpuXBJ,ep,CJooUa,hwQ,miWfpuXBJ,h,b,Y,hwQ,FHfJ
Y
miWfpuXBJ,FHfJ,CJooUa,xEodJ,Y,hwQ,ep,CJooUa,h,xEodJ,hwQ,xEodJ,miWfpuXBJ,h,h
Y
FHfJ,CJooUa,xEodJ,h,hwQ,Y,ep,CJooUa,xEodJ,hwQ,xEodJ,miWfpuXBJ,h,h
FHfJ,CJooUa,xEodJ,h,hwQ,Y,ep,CJooUa,xEodJ,hwQ,xEodJ,miWfpuXBJ,h,h
Y
Y
Y
Y
xEodJ,hwQ,Y,CJooUa,h,ep,CJooUa,xEodJ,hwQ,xEodJ,miWfpuXBJ,h,h
Y
hwQ,Y,xEodJ,miWfpuXBJ,CJooUa,h,ep,CJooUa,xEodJ,hwQ,xEodJ,h,h,xEodJ
hwQ,Y,xEodJ,miWfpuXBJ,CJooUa,h,ep,CJooUa,xEodJ,hwQ,xEodJ,h,h,xEodJ
xEodJ
CJooUa
CJooUa
hwQ,Y,xEodJ,miWfpuXBJ,CJooUa,h,ep,CJooUa,xEodJ,hwQ,xEodJ,h,h,xEodJ
hwQ,Y,xEodJ,miWfpuXBJ,CJooUa,h,ep,CJooUa,xEodJ,hwQ,xEodJ,h,h,xEodJ
CJooUa
CJooUa
CJooUa
hwQ,xEodJ,miWfpuXBJ,CJooUa,Y,h,ep,CJooUa,xEodJ,hwQ,xEodJ,h,h,xEodJ,jMR
hwQ,xEodJ,miWfpuXBJ,CJooUa,Y,h,ep,CJooUa,xEodJ,hwQ,xEodJ,h,h,xEodJ,jMR
hwQ,Y,xEodJ,miWfpuXBJ,CJooUa,h,ep,CJooUa,xEodJ,hwQ,xEodJ,h,h,xEodJ
hwQ,Y,xEodJ,miWfpuXBJ,CJooUa,h,ep,CJooUa,xEodJ,hwQ,xEodJ,h,h,xEodJ
hwQ,Y,xEodJ,miWfpuXBJ,CJooUa,h,ep,CJooUa,xEodJ,hwQ,xEodJ,h,h,xEodJ
CJooUa
hwQ,Y,xEodJ,miWfpuXBJ,h,CJooUa,ep,CJooUa,xEodJ,hwQ,xEodJ,h,h,xEodJ
CJooUa
hwQ,Y,xEodJ,miWfpuXBJ,CJooUa,h,ep,CJooUa,xEodJ,hwQ,xEodJ,h,h,xEodJ,miWfpuXBJ
hwQ,Y,xEodJ,miWfpuXBJ,CJooUa,h,ep,CJooUa,xEodJ,hwQ,xEodJ,h,h,xEodJ,miWfpuXBJ
CJooUa
miWfpuXBJ,CJooUa,h,ep,xEodJ,CJooUa,hwQ,xEodJ,h,h,xEodJ,miWfpuXBJ,Y
miWfpuXBJ,CJooUa,h,ep,xEodJ,CJooUa,hwQ,xEodJ,h,h,xEodJ,miWfpuXBJ,Y,miWfpuXBJ
xEodJ
miWfpuXBJ,CJooUa,h,ep,xEodJ,CJooUa,hwQ,xEodJ,h,h,xEodJ,miWfpuXBJ,Y,miWfpuXBJ,h
ep
hwQ,Y,miWfpuXBJ,CJooUa,ep,xEodJ,hwQ,xEodJ,h,h,xEodJ,miWfpuXBJ,xEodJ
ep
hwQ,Y,miWfpuXBJ,CJooUa,ep,xEodJ,hwQ,xEodJ,h,h,xEodJ,miWfpuXBJ,xEodJ
CJooUa
hwQ,Y,miWfpuXBJ,h,CJooUa,CJooUa,hwQ,xEodJ,h,h,xEodJ,miWfpuXBJ
CJooUa
CJooUa
hwQ,Y,miWfpuXBJ,CJooUa,h,ep,CJooUa,xEodJ,hwQ,xEodJ,h,h,xEodJ,miWfpuXBJ
CJooUa
CJooUa
hwQ,Y,miWfpuXBJ,CJooUa,h,ep,CJooUa,xEodJ,hwQ,xEodJ,h,h,xEodJ,miWfpuXBJ
hwQ,Y,miWfpuXBJ,CJooUa,h,ep,CJooUa,xEodJ,hwQ,xEodJ,h,h,xEodJ,miWfpuXBJ
xEodJ
hwQ,Y,miWfpuXBJ,CJooUa,h,ep,CJooUa,xEodJ,hwQ,xEodJ,h,h,xEodJ,miWfpuXBJ
CJooUa
CJooUa
hwQ,Y,CJooUa,h,ep,CJooUa,xEodJ,hwQ,xEodJ,h,h,xEodJ,miWfpuXBJ
hwQ,Y,CJooUa,h,ep,CJooUa,xEodJ,hwQ,xEodJ,h,h,xEodJ,miWfpuXBJ
hwQ,Y,miWfpuXBJ,CJooUa,h,ep,CJooUa,xEodJ,hwQ,xEodJ,h,h,xEodJ,miWfpuXBJ,CJooUa
hwQ
Y,miWfpuXBJ,CJooUa,h,CJooUa,hwQ,xEodJ,hwQ,xEodJ,h,h,xEodJ,miWfpuXBJ,CJooUa,jMR
Y,miWfpuXBJ,CJooUa,h,CJooUa,hwQ,xEodJ,hwQ,xEodJ,h,h,xEodJ,miWfpuXBJ,CJooUa,jMR
Y,miWfpuXBJ,CJooUa,h,CJooUa,hwQ,xEodJ,hwQ,xEodJ,h,h,xEodJ,miWfpuXBJ,CJooUa,jMR
miWfpuXBJ,CJooUa,h,ep,CJooUa,hwQ,xEodJ,hwQ,xEodJ,h,h,xEodJ,miWfpuXBJ,CJooUa,jMR
Y,miWfpuXBJ,CJooUa,h,ep,CJooUa,hwQ,xEodJ,hwQ,xEodJ,h,h,xEodJ,miWfpuXBJ,CJooUa,jMR,miWfpuXBJ,h
Y,miWfpuXBJ,CJooUa,h,ep,CJooUa,hwQ,xEodJ,hwQ,xEodJ,h,h,xEodJ,miWfpuXBJ,CJooUa,jMR,miWfpuXBJ,h,Y
miWfpuXBJ,CJooUa,h,ep,CJooUa,hwQ,xEodJ,hwQ,xEodJ,h,h,xEodJ,miWfpuXBJ,CJooUa,jMR,miWfpuXBJ,h
h
CJooUa,CJooUa,hwQ,hwQ,xEodJ,h,h,xEodJ,ep,miWfpuXBJ,xEodJ,miWfpuXBJ,CJooUa,jMR,miWfpuXBJ,CJooUa,CJooUa,h
CJooUa,CJooUa,hwQ,hwQ,xEodJ,h,h,xEodJ,ep,miWfpuXBJ,xEodJ,miWfpuXBJ,CJooUa,jMR,miWfpuXBJ,CJooUa,CJooUa,h
ep
miWfpuXBJ,CJooUa,h,CJooUa,hwQ,hwQ,xEodJ,h,h,xEodJ,ep,xEodJ,miWfpuXBJ,CJooUa,jMR,miWfpuXBJ,CJooUa
miWfpuXBJ,CJooUa,h,CJooUa,hwQ,hwQ,xEodJ,h,h,xEodJ,ep,xEodJ,miWfpuXBJ,CJooUa,jMR,miWfpuXBJ,CJooUa,miWfpuXBJ,hwQ
miWfpuXBJ,CJooUa,h,CJooUa,hwQ,hwQ,xEodJ,h,h,xEodJ,ep,xEodJ,miWfpuXBJ,CJooUa,jMR,miWfpuXBJ,CJooUa,miWfpuXBJ,hwQ
ep
ep
ep
Jedi Wagner, assuma o comando!