Toque! Toque, Dijê!
GgO
GgO,SoFPMCXh
GgO
GgO,SoFPMCXh,PYOl,tSPjjnZ,PYOl,GgO
SoFPMCXh
GgO,SoFPMCXh,tSPjjnZ,PYOl,PYOl,GgO
tSPjjnZ
GgO,SoFPMCXh,tSPjjnZ,PYOl,PYOl,GgO,PYOl
PYOl
GgO,tSPjjnZ,PYOl,PYOl,GgO,PYOl,PYOl,tSPjjnZ
GgO,tSPjjnZ,PYOl,PYOl,GgO,PYOl,PYOl,tSPjjnZ,GgO,LScpj
PYOl
PYOl
PYOl
GgO,PYOl,PYOl,tSPjjnZ,GgO,PYOl,PYOl,tSPjjnZ,GgO,LScpj,GgO
GgO,PYOl,PYOl,tSPjjnZ,GgO,PYOl,PYOl,tSPjjnZ,GgO,LScpj,GgO,PYOl,SoFPMCXh
GgO,PYOl,PYOl,tSPjjnZ,GgO,PYOl,PYOl,tSPjjnZ,GgO,LScpj,GgO,PYOl,SoFPMCXh
PYOl
GgO,PYOl,PYOl,tSPjjnZ,GgO,PYOl,PYOl,tSPjjnZ,GgO,LScpj,GgO,PYOl,SoFPMCXh
PYOl,PYOl,GgO,tSPjjnZ,GgO,PYOl,PYOl,tSPjjnZ,GgO,LScpj,GgO,PYOl,tSPjjnZ,LScpj
PYOl,PYOl,GgO,tSPjjnZ,GgO,PYOl,PYOl,tSPjjnZ,GgO,LScpj,GgO,PYOl,tSPjjnZ,LScpj,tSPjjnZ,tSPjjnZ
PYOl,PYOl,GgO,tSPjjnZ,GgO,PYOl,PYOl,tSPjjnZ,GgO,LScpj,GgO,PYOl,tSPjjnZ,LScpj,tSPjjnZ,tSPjjnZ
PYOl,PYOl,GgO,tSPjjnZ,GgO,PYOl,PYOl,tSPjjnZ,GgO,LScpj,GgO,PYOl,tSPjjnZ,LScpj,tSPjjnZ,tSPjjnZ
GgO
PYOl
tSPjjnZ,PYOl,PYOl,GgO,PYOl,PYOl,tSPjjnZ,GgO,BtDZaI,GgO
GgO
GgO
tSPjjnZ,PYOl,PYOl,GgO,PYOl,PYOl,tSPjjnZ,GgO,BtDZaI,GgO
GgO
GgO
tSPjjnZ,PYOl,PYOl,GgO,PYOl,PYOl,tSPjjnZ,GgO,BtDZaI,GgO
tSPjjnZ,PYOl,PYOl,GgO,PYOl,PYOl,tSPjjnZ,GgO,BtDZaI,GgO
tSPjjnZ,PYOl,PYOl,GgO,PYOl,PYOl,tSPjjnZ,GgO,BtDZaI,GgO,tSPjjnZ
PYOl
PYOl
tSPjjnZ,PYOl,PYOl,GgO,PYOl,PYOl,tSPjjnZ,GgO,BtDZaI,GgO
GgO
tSPjjnZ,PYOl,PYOl,GgO,PYOl,PYOl,tSPjjnZ,GgO,BtDZaI,GgO
tSPjjnZ,PYOl,PYOl,GgO,PYOl,PYOl,tSPjjnZ,GgO,BtDZaI,GgO
tSPjjnZ,PYOl,GgO,PYOl,PYOl,tSPjjnZ,GgO,BtDZaI,GgO
tSPjjnZ,PYOl,PYOl,PYOl,PYOl,tSPjjnZ,GgO,BtDZaI,GgO,tSPjjnZ
GgO
tSPjjnZ,PYOl,PYOl,GgO,PYOl,PYOl,tSPjjnZ,GgO,BtDZaI,GgO
tSPjjnZ,PYOl,PYOl,GgO,PYOl,PYOl,tSPjjnZ,GgO,BtDZaI,GgO
GgO
GgO
PYOl
PYOl,GgO,PYOl,tSPjjnZ,PYOl,tSPjjnZ,GgO,BtDZaI,GgO,LScpj,LScpj,ywo
PYOl,GgO,PYOl,tSPjjnZ,PYOl,tSPjjnZ,GgO,BtDZaI,GgO,LScpj,LScpj,ywo
PYOl
PYOl,PYOl,GgO,tSPjjnZ,PYOl,tSPjjnZ,GgO,BtDZaI,GgO,LScpj,LScpj
PYOl,PYOl,GgO,tSPjjnZ,PYOl,tSPjjnZ,GgO,BtDZaI,GgO,LScpj,LScpj
Jedi Wagner, assuma o comando!