[vazia]
[vazia]
[vazia]
[vazia]
[vazia]
[vazia]
[vazia]
[vazia]
[vazia]
Toque! Toque, Dijê!
[vazia]
[vazia]
kPlr
kPlr
kPlr
kPlr
[vazia]
[vazia]
ORVyg
[vazia]
[vazia]
Cy
Cy
[vazia]
[vazia]
Toque! Toque, Dijê!
[vazia]
Toque! Toque, Dijê!
[vazia]
Cy
Cy
Cy,kPlr
kPlr
kPlr
kPlr
Cy,kPlr,kPlr
Cy,kPlr,kPlr
kPlr
kPlr
zLK
zLK
Cy,kPlr,kPlr,zLK
Cy,kPlr,kPlr,zLK
Cy,kPlr,kPlr,zLK
Cy,kPlr,kPlr,zLK
zLK
zLK
liNdWEAMTl
Cy,kPlr,kPlr,liNdWEAMTl,iiBq,zLK,rJGD,rJGD,rJGD,T
liNdWEAMTl
liNdWEAMTl
kPlr
zLK
zLK
Cy,kPlr,kPlr,zLK
zLK
zLK
Cy,kPlr,kPlr,zLK
zLK
Cy
rJGD
kPlr,zLK,Cy,kPlr,rJGD,Cy,ORVyg
kPlr,zLK,Cy,kPlr,rJGD,Cy,ORVyg
Cy
Cy
zLK,Cy,kPlr,rJGD,Cy,ORVyg,Cy
Cy
zLK,Cy,kPlr,rJGD,Cy,ORVyg,Cy
zLK,Cy,kPlr,rJGD,Cy,ORVyg,Cy,Cy
zLK,Cy,kPlr,rJGD,Cy,ORVyg,Cy,Cy,iiBq
Cy
zLK,Cy,kPlr,Cy,Cy,Cy,iiBq,iiBq,zLK,Cy,ORVyg,zLK,zLK,kQrvXHXb,kQrvXHXb,rJGD
iiBq
Cy,kPlr,Cy,Cy,Cy,iiBq,zLK,iiBq,zLK,Cy,ORVyg,zLK,zLK,kQrvXHXb,kQrvXHXb,rJGD
Cy,kPlr,Cy,Cy,Cy,iiBq,zLK,iiBq,zLK,Cy,ORVyg,zLK,zLK,kQrvXHXb,kQrvXHXb,rJGD,kQrvXHXb,liNdWEAMTl
zLK,Cy,kPlr,Cy,Cy,Cy,T,iiBq,iiBq,zLK,Cy,ORVyg,zLK,zLK,rJGD,liNdWEAMTl,zLK
Cy,kPlr,Cy,Cy,Cy,iiBq,iiBq,zLK,Cy,ORVyg,zLK,zLK,rJGD,liNdWEAMTl,zLK,rJGD
Cy,kPlr,Cy,Cy,Cy,iiBq,iiBq,zLK,Cy,ORVyg,zLK,zLK,rJGD,liNdWEAMTl,zLK,rJGD,kQrvXHXb
iiBq
iiBq
kPlr
T
T
T
Cy
Cy,Cy,Cy,iiBq,iiBq,kPlr,T,zLK,Cy,Cy,ORVyg,zLK,zLK,rJGD,liNdWEAMTl,zLK,rJGD,rJGD,rJGD,T
Cy,Cy,Cy,iiBq,iiBq,kPlr,T,zLK,Cy,Cy,ORVyg,zLK,zLK,rJGD,liNdWEAMTl,zLK,rJGD,rJGD,rJGD,T
Cy,Cy,Cy,iiBq,iiBq,kPlr,zLK,Cy,Cy,ORVyg,zLK,zLK,rJGD,liNdWEAMTl,zLK,rJGD,rJGD,rJGD,T
ORVyg
Cy,Cy,Cy,iiBq,iiBq,kPlr,zLK,Cy,Cy,ORVyg,zLK,zLK,rJGD,liNdWEAMTl,zLK,rJGD,rJGD,rJGD,T
Cy,Cy,Cy,iiBq,iiBq,kPlr,zLK,Cy,Cy,ORVyg,zLK,zLK,rJGD,liNdWEAMTl,zLK,rJGD,rJGD,rJGD,T
zLK
zLK
zLK
zLK
Cy,Cy,Cy,iiBq,iiBq,kPlr,Cy,Cy,zLK,zLK,rJGD,liNdWEAMTl,zLK,rJGD,rJGD,rJGD,T,C
zLK
Cy,Cy,Cy,iiBq,zLK,Cy,Cy,ORVyg,zLK,zLK,rJGD,liNdWEAMTl,zLK,rJGD,rJGD,rJGD,T,rJGD
Cy,Cy,Cy,iiBq,zLK,Cy,Cy,ORVyg,zLK,zLK,rJGD,liNdWEAMTl,zLK,rJGD,rJGD,rJGD,T,rJGD
zLK
zLK
Cy,Cy,Cy,iiBq,kPlr,zLK,Cy,Cy,ORVyg,zLK,zLK,rJGD,liNdWEAMTl,zLK,rJGD,rJGD,rJGD,T,rJGD
Cy
Cy,kPlr,Cy,Cy,ORVyg,zLK,zLK,Cy,iiBq,rJGD,liNdWEAMTl,zLK,rJGD,rJGD,rJGD,T,rJGD,kQrvXHXb
Cy,kPlr,Cy,Cy,ORVyg,zLK,zLK,rJGD,kQrvXHXb,Cy,iiBq,liNdWEAMTl,zLK,rJGD,rJGD,rJGD,T,rJGD,kPlr
Cy,Cy,Cy,iiBq,iiBq,kPlr,zLK,Cy,Cy,ORVyg,zLK,zLK,rJGD,liNdWEAMTl,zLK,rJGD,rJGD,rJGD,T
zLK
Cy,Cy,Cy,iiBq,iiBq,kPlr,zLK,Cy,Cy,ORVyg,zLK,T,zLK,rJGD,liNdWEAMTl,zLK,rJGD,rJGD,rJGD,rJGD
zLK
zLK
Cy,Cy,Cy,iiBq,iiBq,kPlr,zLK,Cy,Cy,ORVyg,zLK,T,zLK,rJGD,liNdWEAMTl,zLK,rJGD,rJGD,rJGD,rJGD,C,rJGD
Cy,Cy,iiBq,iiBq,kPlr,zLK,Cy,Cy,zLK,zLK,T,Cy,rJGD,liNdWEAMTl,zLK,rJGD,rJGD,rJGD,rJGD,C,rJGD,T,C
zLK
Cy,Cy,iiBq,kPlr,zLK,Cy,Cy,zLK,zLK,iiBq,T,Cy,rJGD,liNdWEAMTl,zLK,rJGD,rJGD,rJGD,rJGD,C,rJGD,T,C
Cy,Cy,iiBq,kPlr,zLK,Cy,Cy,zLK,zLK,liNdWEAMTl,iiBq,T,Cy,rJGD,zLK,rJGD,rJGD,rJGD,rJGD,C,rJGD,T,C
Cy,Cy,Cy,iiBq,iiBq,zLK,Cy,Cy,ORVyg,zLK,T,zLK,rJGD,liNdWEAMTl,zLK,rJGD,rJGD,rJGD,zLK
zLK
zLK
Cy,Cy,Cy,iiBq,iiBq,kPlr,zLK,Cy,Cy,ORVyg,zLK,T,zLK,rJGD,liNdWEAMTl,zLK,rJGD,rJGD,rJGD
zLK
zLK
Cy,Cy,Cy,iiBq,iiBq,zLK,Cy,Cy,ORVyg,zLK,T,zLK,rJGD,liNdWEAMTl,zLK,rJGD,rJGD,rJGD
Cy,Cy,Cy,iiBq,iiBq,zLK,Cy,Cy,ORVyg,zLK,T,zLK,rJGD,liNdWEAMTl,zLK,rJGD,rJGD,rJGD
Cy
Cy
liNdWEAMTl
liNdWEAMTl
Cy,Cy,iiBq,iiBq,zLK,Cy,Cy,ORVyg,zLK,T,zLK,Cy,liNdWEAMTl,zLK,rJGD,rJGD,rJGD,kQrvXHXb,rJGD,zLK
rJGD
rJGD
rJGD
Cy,Cy,iiBq,Cy,Cy,ORVyg,zLK,T,zLK,Cy,liNdWEAMTl,zLK,zLK,rJGD,rJGD,rJGD,kQrvXHXb,rJGD,zLK,ORVyg
Cy,Cy,iiBq,Cy,Cy,ORVyg,zLK,T,zLK,Cy,liNdWEAMTl,zLK,zLK,rJGD,rJGD,rJGD,kQrvXHXb,rJGD,zLK,ORVyg
rJGD
rJGD
Cy,Cy,iiBq,Cy,Cy,ORVyg,zLK,T,zLK,Cy,liNdWEAMTl,zLK,zLK,rJGD,rJGD,rJGD,kQrvXHXb,rJGD,zLK,ORVyg
rJGD
Cy,Cy,iiBq,Cy,Cy,ORVyg,zLK,zLK,Cy,liNdWEAMTl,zLK,zLK,rJGD,rJGD,rJGD,kQrvXHXb,rJGD,zLK,ORVyg,kQrvXHXb
Cy,Cy,Cy,Cy,ORVyg,zLK,zLK,Cy,liNdWEAMTl,zLK,zLK,rJGD,iiBq,rJGD,rJGD,kQrvXHXb,rJGD,zLK,ORVyg,kQrvXHXb
Cy,Cy,Cy,Cy,ORVyg,zLK,zLK,Cy,liNdWEAMTl,zLK,zLK,rJGD,iiBq,rJGD,rJGD,kQrvXHXb,rJGD,zLK,ORVyg,kQrvXHXb,C
Cy,Cy,Cy,Cy,ORVyg,zLK,zLK,Cy,liNdWEAMTl,zLK,zLK,rJGD,iiBq,rJGD,rJGD,kQrvXHXb,rJGD,zLK,ORVyg,kQrvXHXb,C,kPlr
rJGD
Cy,Cy,Cy,Cy,ORVyg,zLK,zLK,Cy,liNdWEAMTl,zLK,zLK,rJGD,kQrvXHXb,iiBq,rJGD,rJGD,rJGD,zLK,ORVyg,kQrvXHXb,C,kPlr
rJGD
rJGD
kPlr
kQrvXHXb
kQrvXHXb
kQrvXHXb
Cy,Cy,Cy,Cy,ORVyg,zLK,zLK,Cy,zLK,zLK,rJGD,kPlr,kQrvXHXb,iiBq,rJGD,rJGD,rJGD,zLK,ORVyg,kQrvXHXb,C,C
Cy,Cy,Cy,Cy,ORVyg,zLK,zLK,Cy,zLK,zLK,rJGD,kPlr,kQrvXHXb,iiBq,rJGD,rJGD,rJGD,zLK,ORVyg,kQrvXHXb,C,C
kQrvXHXb
Cy,Cy,Cy,Cy,ORVyg,zLK,zLK,Cy,zLK,zLK,rJGD,kQrvXHXb,kPlr,iiBq,rJGD,rJGD,rJGD,zLK,ORVyg,kQrvXHXb,C,C
kPlr
kPlr
Cy,Cy,Cy,Cy,ORVyg,zLK,zLK,Cy,zLK,zLK,rJGD,kQrvXHXb,kPlr,iiBq,rJGD,rJGD,rJGD,zLK,ORVyg,kQrvXHXb,C,C
kPlr
Cy,Cy,Cy,Cy,ORVyg,zLK,zLK,Cy,zLK,zLK,rJGD,kQrvXHXb,kPlr,iiBq,rJGD,rJGD,rJGD,zLK,ORVyg,kQrvXHXb,C,C
kPlr
Cy,Cy,Cy,Cy,ORVyg,zLK,zLK,Cy,zLK,zLK,kQrvXHXb,kPlr,rJGD,iiBq,rJGD,rJGD,rJGD,zLK,ORVyg,kQrvXHXb,C,C
Cy,Cy,Cy,Cy,ORVyg,zLK,zLK,Cy,zLK,zLK,rJGD,kPlr,kQrvXHXb,iiBq,rJGD,rJGD,rJGD,zLK,ORVyg,kQrvXHXb,C,C
iiBq
Cy,Cy,Cy,Cy,ORVyg,zLK,Cy,zLK,zLK,rJGD,kPlr,rJGD,kQrvXHXb,zLK,iiBq,rJGD,rJGD,zLK,ORVyg,kQrvXHXb,C,iiBq,ORVyg
iiBq
rJGD
Cy,Cy,Cy,Cy,ORVyg,zLK,Cy,zLK,zLK,rJGD,kQrvXHXb,zLK,iiBq,rJGD,rJGD,rJGD,zLK,ORVyg,kQrvXHXb,C,iiBq,ORVyg
Cy,Cy,Cy,Cy,ORVyg,zLK,Cy,zLK,zLK,rJGD,kQrvXHXb,zLK,iiBq,rJGD,rJGD,rJGD,zLK,ORVyg,kQrvXHXb,C,iiBq,ORVyg
ORVyg
rJGD
Cy,Cy,Cy,Cy,ORVyg,zLK,Cy,zLK,zLK,rJGD,kQrvXHXb,zLK,iiBq,rJGD,rJGD,rJGD,zLK,ORVyg,kQrvXHXb,C,iiBq,ORVyg,C,T
Cy,Cy,Cy,Cy,ORVyg,zLK,Cy,zLK,zLK,rJGD,kQrvXHXb,zLK,iiBq,rJGD,rJGD,rJGD,zLK,ORVyg,kQrvXHXb,C,iiBq,ORVyg,C,T
Cy,Cy,Cy,ORVyg,zLK,Cy,zLK,zLK,rJGD,kQrvXHXb,zLK,iiBq,rJGD,Cy,rJGD,rJGD,zLK,ORVyg,kQrvXHXb,C,iiBq,ORVyg,C,T
rJGD
iiBq
Cy,Cy,Cy,ORVyg,zLK,Cy,zLK,zLK,rJGD,kPlr,rJGD,kQrvXHXb,zLK,iiBq,rJGD,rJGD,zLK,ORVyg,kQrvXHXb,C,C,iiBq,ORVyg
iiBq
iiBq
iiBq
iiBq
iiBq
iiBq
Cy,Cy,Cy,Cy,ORVyg,zLK,Cy,zLK,zLK,rJGD,kPlr,rJGD,kQrvXHXb,zLK,iiBq,rJGD,rJGD,zLK,ORVyg,kQrvXHXb,C,C,iiBq,ORVyg
Cy,Cy,Cy,ORVyg,zLK,Cy,zLK,zLK,rJGD,kPlr,rJGD,kQrvXHXb,zLK,iiBq,Cy,rJGD,rJGD,zLK,ORVyg,kQrvXHXb,C,C,iiBq,ORVyg
iiBq
ORVyg
ORVyg
Cy,Cy,Cy,Cy,Cy,zLK,rJGD,kPlr,rJGD,kQrvXHXb,zLK,iiBq,ORVyg,rJGD,rJGD,zLK,ORVyg,kQrvXHXb,C,iiBq,ORVyg,ORVyg
Cy,Cy,Cy,Cy,Cy,zLK,rJGD,kPlr,rJGD,kQrvXHXb,zLK,iiBq,ORVyg,rJGD,rJGD,zLK,ORVyg,kQrvXHXb,C,iiBq,ORVyg,ORVyg
Cy,Cy,Cy,Cy,Cy,zLK,rJGD,kPlr,rJGD,kQrvXHXb,zLK,iiBq,ORVyg,rJGD,rJGD,zLK,ORVyg,kQrvXHXb,C,iiBq,ORVyg,ORVyg
ORVyg
Cy,Cy,Cy,Cy,Cy,zLK,rJGD,kPlr,rJGD,kQrvXHXb,zLK,iiBq,ORVyg,rJGD,rJGD,zLK,ORVyg,kQrvXHXb,C,iiBq,ORVyg,ORVyg
Cy,Cy,Cy,Cy,zLK,rJGD,kPlr,rJGD,kQrvXHXb,zLK,iiBq,ORVyg,rJGD,Cy,rJGD,zLK,ORVyg,kQrvXHXb,C,iiBq,ORVyg,ORVyg
Cy,Cy,Cy,Cy,zLK,rJGD,kPlr,rJGD,kQrvXHXb,zLK,iiBq,ORVyg,rJGD,Cy,rJGD,zLK,ORVyg,kQrvXHXb,C,iiBq,ORVyg,ORVyg
Cy,Cy,Cy,Cy,zLK,rJGD,kPlr,rJGD,kQrvXHXb,zLK,iiBq,rJGD,Cy,rJGD,zLK,ORVyg,kQrvXHXb,C,iiBq,ORVyg,ORVyg
rJGD
Cy,Cy,Cy,Cy,zLK,rJGD,kPlr,rJGD,kQrvXHXb,zLK,iiBq,ORVyg,rJGD,Cy,rJGD,zLK,ORVyg,kQrvXHXb,C,iiBq,ORVyg,ORVyg
Cy,Cy,Cy,Cy,Cy,zLK,rJGD,kPlr,rJGD,kQrvXHXb,zLK,iiBq,ORVyg,rJGD,rJGD,zLK,ORVyg,kQrvXHXb,C,iiBq,ORVyg,ORVyg
rJGD
Cy,Cy,Cy,Cy,Cy,zLK,rJGD,kPlr,rJGD,kQrvXHXb,zLK,iiBq,ORVyg,rJGD,rJGD,zLK,ORVyg,kQrvXHXb,C,iiBq,ORVyg,ORVyg,C,ORVyg
Cy,Cy,Cy,Cy,Cy,zLK,rJGD,kPlr,rJGD,kQrvXHXb,zLK,iiBq,ORVyg,rJGD,rJGD,zLK,ORVyg,kQrvXHXb,C,iiBq,ORVyg,ORVyg,zLK,zLK,ORVyg
Cy,Cy,Cy,Cy,Cy,zLK,rJGD,kPlr,rJGD,kQrvXHXb,zLK,iiBq,ORVyg,rJGD,rJGD,zLK,ORVyg,kQrvXHXb,C,iiBq,ORVyg,ORVyg,zLK,zLK,ORVyg
rJGD
Cy,Cy,Cy,Cy,Cy,zLK,kPlr,rJGD,kQrvXHXb,zLK,iiBq,ORVyg,rJGD,rJGD,zLK,ORVyg,kQrvXHXb,C,iiBq,ORVyg,ORVyg,zLK,zLK,ORVyg
Cy,Cy,Cy,Cy,Cy,zLK,rJGD,kPlr,rJGD,kQrvXHXb,zLK,iiBq,ORVyg,rJGD,rJGD,zLK,ORVyg,kQrvXHXb,C,iiBq,ORVyg,ORVyg
Cy,Cy,Cy,Cy,Cy,rJGD,kQrvXHXb,zLK,iiBq,rJGD,kPlr,rJGD,zLK,ORVyg,kQrvXHXb,C,iiBq,ORVyg,ORVyg,C
Cy,Cy,Cy,Cy,Cy,rJGD,kQrvXHXb,zLK,iiBq,rJGD,kPlr,rJGD,zLK,ORVyg,kQrvXHXb,C,iiBq,ORVyg,ORVyg,C,rJGD
zLK
zLK
Cy,Cy,Cy,Cy,Cy,rJGD,kQrvXHXb,iiBq,ORVyg,rJGD,kPlr,rJGD,zLK,zLK,ORVyg,kQrvXHXb,C,iiBq,ORVyg,ORVyg
Cy,Cy,Cy,Cy,Cy,rJGD,kQrvXHXb,zLK,iiBq,ORVyg,rJGD,kPlr,rJGD,zLK,ORVyg,kQrvXHXb,C,iiBq,ORVyg,ORVyg
Cy,Cy,Cy,Cy,Cy,rJGD,kQrvXHXb,zLK,iiBq,ORVyg,rJGD,kPlr,rJGD,zLK,ORVyg,kQrvXHXb,C,iiBq,ORVyg,ORVyg
Cy,Cy,Cy,Cy,Cy,rJGD,zLK,iiBq,ORVyg,rJGD,rJGD,zLK,kPlr,ORVyg,kQrvXHXb,C,iiBq,ORVyg,ORVyg
Cy,Cy,Cy,Cy,Cy,rJGD,zLK,iiBq,ORVyg,rJGD,rJGD,zLK,kPlr,ORVyg,kQrvXHXb,C,iiBq,ORVyg,ORVyg,liNdWEAMTl
Cy,Cy,Cy,Cy,Cy,rJGD,zLK,iiBq,ORVyg,rJGD,rJGD,zLK,kPlr,ORVyg,kQrvXHXb,C,iiBq,ORVyg,ORVyg,liNdWEAMTl,kPlr
kPlr
Cy,Cy,Cy,Cy,Cy,rJGD,kQrvXHXb,zLK,iiBq,ORVyg,rJGD,kPlr,rJGD,zLK,ORVyg,kQrvXHXb,C,iiBq,ORVyg,ORVyg
Cy,Cy,Cy,Cy,Cy,rJGD,kQrvXHXb,zLK,iiBq,ORVyg,rJGD,kPlr,rJGD,zLK,ORVyg,kQrvXHXb,C,iiBq,ORVyg,ORVyg,rJGD
Cy,Cy,Cy,Cy,Cy,rJGD,kQrvXHXb,zLK,iiBq,ORVyg,rJGD,kPlr,rJGD,zLK,ORVyg,kQrvXHXb,C,iiBq,ORVyg,ORVyg,rJGD
Cy,Cy,Cy,Cy,Cy,rJGD,kQrvXHXb,zLK,iiBq,ORVyg,rJGD,kPlr,rJGD,zLK,ORVyg,kQrvXHXb,C,iiBq,ORVyg,ORVyg,rJGD,Cy
ORVyg
ORVyg
Cy,Cy,Cy,Cy,Cy,rJGD,kQrvXHXb,iiBq,ORVyg,rJGD,kPlr,rJGD,zLK,ORVyg,kQrvXHXb,C,iiBq,ORVyg,ORVyg,rJGD,Cy
Cy,Cy,Cy,Cy,Cy,rJGD,kQrvXHXb,iiBq,ORVyg,rJGD,kPlr,rJGD,zLK,ORVyg,kQrvXHXb,C,iiBq,ORVyg,ORVyg,rJGD,Cy
ORVyg
Cy,Cy,Cy,Cy,Cy,rJGD,kQrvXHXb,iiBq,ORVyg,rJGD,kPlr,rJGD,zLK,ORVyg,kQrvXHXb,C,iiBq,ORVyg,ORVyg,rJGD,Cy,Cy,kQrvXHXb,C
Cy,Cy,Cy,Cy,Cy,rJGD,kQrvXHXb,iiBq,ORVyg,rJGD,kPlr,rJGD,zLK,ORVyg,kQrvXHXb,C,iiBq,ORVyg,ORVyg,rJGD,Cy,Cy,kQrvXHXb,C
kQrvXHXb
kQrvXHXb
Cy,Cy,Cy,Cy,Cy,rJGD,kQrvXHXb,iiBq,ORVyg,rJGD,kPlr,rJGD,zLK,ORVyg,kQrvXHXb,C,iiBq,ORVyg,ORVyg,rJGD,Cy,Cy,kQrvXHXb,C,kPlr,T
Cy,Cy,Cy,Cy,Cy,rJGD,kQrvXHXb,iiBq,ORVyg,rJGD,kPlr,rJGD,zLK,ORVyg,kQrvXHXb,C,iiBq,ORVyg,ORVyg,rJGD,Cy,Cy,kQrvXHXb,C,kPlr,T
Cy,Cy,Cy,Cy,Cy,rJGD,kQrvXHXb,iiBq,ORVyg,rJGD,kPlr,rJGD,zLK,ORVyg,kQrvXHXb,C,iiBq,ORVyg,ORVyg,rJGD,Cy,Cy,kQrvXHXb,C,kPlr,T
kQrvXHXb
Cy,Cy,Cy,Cy,Cy,rJGD,kQrvXHXb,iiBq,ORVyg,rJGD,kPlr,rJGD,zLK,ORVyg,kQrvXHXb,C,iiBq,ORVyg,ORVyg,rJGD,Cy,Cy,kQrvXHXb,C,kPlr
Cy,Cy,Cy,Cy,Cy,kQrvXHXb,iiBq,ORVyg,rJGD,kPlr,rJGD,zLK,ORVyg,kQrvXHXb,C,iiBq,ORVyg,ORVyg,rJGD,Cy,Cy,kQrvXHXb,C,kPlr
kQrvXHXb
Cy,Cy,Cy,Cy,Cy,kQrvXHXb,iiBq,ORVyg,rJGD,kPlr,rJGD,zLK,ORVyg,kQrvXHXb,C,iiBq,ORVyg,ORVyg,rJGD,Cy,Cy,kQrvXHXb,C,kPlr
C
Cy,Cy,Cy,Cy,Cy,kQrvXHXb,iiBq,ORVyg,rJGD,kPlr,rJGD,zLK,ORVyg,kQrvXHXb,C,iiBq,ORVyg,ORVyg,rJGD,Cy,Cy,kQrvXHXb,C,kPlr
zLK
Cy,Cy,Cy,Cy,Cy,kQrvXHXb,iiBq,ORVyg,rJGD,kPlr,rJGD,ORVyg,kQrvXHXb,C,zLK,iiBq,ORVyg,ORVyg,rJGD,Cy,Cy,kQrvXHXb,C,kPlr
iiBq
iiBq
zLK
Cy,Cy,Cy,Cy,Cy,iiBq,ORVyg,rJGD,kPlr,rJGD,ORVyg,kQrvXHXb,C,iiBq,zLK,kQrvXHXb,ORVyg,ORVyg,rJGD,Cy,Cy,kQrvXHXb,C,kPlr
zLK
kQrvXHXb
Jedi Wagner, assuma o comando!