Toque! Toque, Dijê!
[vazia]
mGoRVJIo
[vazia]
JxDYqVSBSr
JxDYqVSBSr
JxDYqVSBSr
JxDYqVSBSr
JxDYqVSBSr
JxDYqVSBSr
JxDYqVSBSr
JxDYqVSBSr
JxDYqVSBSr,kkHxVrd
JxDYqVSBSr,kkHxVrd
JxDYqVSBSr
JxDYqVSBSr
JxDYqVSBSr,U
JxDYqVSBSr
U
U
U
U
U
U
U
U
U
U
U,JxDYqVSBSr
U,JxDYqVSBSr
U,JxDYqVSBSr,XQE
U,JxDYqVSBSr,XQE,Xl
XQE
XQE
XQE
U,XQE,JxDYqVSBSr,Xl
JxDYqVSBSr
U,XQE,JxDYqVSBSr,Xl
Xl
U,XQE,JxDYqVSBSr,Xl
U,XQE,JxDYqVSBSr,Xl
Xl
Xl
Xl
U,JxDYqVSBSr,Xl
Xl
U
JxDYqVSBSr,U,Xl,mGoRVJIo
JxDYqVSBSr,U,Xl,mGoRVJIo
JxDYqVSBSr
JxDYqVSBSr,U,Xl,mGoRVJIo,Xl
JxDYqVSBSr
JxDYqVSBSr
U
U,JxDYqVSBSr,Xl
U
Xl
Xl,JxDYqVSBSr,gXDvXtWOAH
Xl,JxDYqVSBSr,gXDvXtWOAH
Xl
Xl,JxDYqVSBSr,gXDvXtWOAH,Xl
U,JxDYqVSBSr,U
U
U
JxDYqVSBSr,U,Xl
JxDYqVSBSr,U,Xl,eSJWad,JxDYqVSBSr
U,JxDYqVSBSr,Xl
U
U
JxDYqVSBSr
JxDYqVSBSr
JxDYqVSBSr,Xl,mGoRVJIo,mGoRVJIo
JxDYqVSBSr,Xl,mGoRVJIo,mGoRVJIo,mGoRVJIo,Xl
mGoRVJIo
mGoRVJIo
JxDYqVSBSr
JxDYqVSBSr,mGoRVJIo,Xl,mGoRVJIo,mGoRVJIo,Xl,eSJWad,XQE,Xl,U
mGoRVJIo
JxDYqVSBSr,mGoRVJIo,Xl,mGoRVJIo,mGoRVJIo,Xl,eSJWad,XQE,Xl,U
Xl
Xl
JxDYqVSBSr,mGoRVJIo,Xl,mGoRVJIo,Xl,eSJWad,Xl,JxDYqVSBSr,i,gXDvXtWOAH,JxDYqVSBSr
mGoRVJIo
Xl
JxDYqVSBSr,Xl,mGoRVJIo,mGoRVJIo,Xl,eSJWad,Xl,JxDYqVSBSr,i,gXDvXtWOAH,JxDYqVSBSr,i
JxDYqVSBSr,gXDvXtWOAH,Xl,mGoRVJIo,mGoRVJIo,Xl,eSJWad,Xl,JxDYqVSBSr,i,JxDYqVSBSr,i
Xl
Xl
Xl
JxDYqVSBSr,mGoRVJIo,Xl,eSJWad,mGoRVJIo,mGoRVJIo,Xl,Xl,U,i,XQE
Xl
Xl
Xl
eSJWad
mGoRVJIo,eSJWad,JxDYqVSBSr,mGoRVJIo,mGoRVJIo,Xl,Xl,U,i,Xl
mGoRVJIo,eSJWad,JxDYqVSBSr,mGoRVJIo,mGoRVJIo,Xl,Xl,U,i,Xl,kkHxVrd
JxDYqVSBSr
JxDYqVSBSr
mGoRVJIo
mGoRVJIo
mGoRVJIo
mGoRVJIo
mGoRVJIo
eSJWad,mGoRVJIo,mGoRVJIo,mGoRVJIo,JxDYqVSBSr,Xl,Xl,U,i,Xl,kkHxVrd
JxDYqVSBSr
mGoRVJIo,eSJWad,JxDYqVSBSr,mGoRVJIo,mGoRVJIo,Xl,Xl,U,i,Xl,kkHxVrd
mGoRVJIo
mGoRVJIo,JxDYqVSBSr,mGoRVJIo,mGoRVJIo,Xl,Xl,U,i,Xl,kkHxVrd,i,mGoRVJIo
mGoRVJIo
mGoRVJIo,JxDYqVSBSr,mGoRVJIo,mGoRVJIo,Xl,Xl,i,Xl,kkHxVrd,i,mGoRVJIo
mGoRVJIo
mGoRVJIo,JxDYqVSBSr,mGoRVJIo,i,mGoRVJIo,Xl,Xl,Xl,kkHxVrd,i,mGoRVJIo,Xl,gXDvXtWOAH,eSJWad
i
Jedi Wagner, assuma o comando!