[vazia]
[vazia]
[vazia]
[vazia]
TlgYE
TlgYE
[vazia]
[vazia]
[vazia]
Toque! Toque, Dijê!
[vazia]
[vazia]
TlgYE
TlgYE
TlgYE
TlgYE
TlgYE
TlgYE
TlgYE
TlgYE
TlgYE
TlgYE,TlgYE,TlgYE
TlgYE
TlgYE
TlgYE
TlgYE
TlgYE,TlgYE,TlgYE,TlgYE,TlgYE
TlgYE
TlgYE,TlgYE,TlgYE,TlgYE,TlgYE
TlgYE
TlgYE
TlgYE
TlgYE,TlgYE,TlgYE
TlgYE
TlgYE
TlgYE
TlgYE,TlgYE,TlgYE,TlgYE
TlgYE,TlgYE
TlgYE
TlgYE,TlgYE
TlgYE
TlgYE
TlgYE,TlgYE,TlgYE
TlgYE,TlgYE,TlgYE
TlgYE,TlgYE,TlgYE
TlgYE,TlgYE
TlgYE,TlgYE
TlgYE
TlgYE,TlgYE
TlgYE
TlgYE,TlgYE,TlgYE,TlgYE,TlgYE,TlgYE,TlgYE,TlgYE
TlgYE,TlgYE,TlgYE,TlgYE,TlgYE,TlgYE,TlgYE,TlgYE,TlgYE
TlgYE
TlgYE
TlgYE,TlgYE,TlgYE,TlgYE,TlgYE,TlgYE,TlgYE,TlgYE,TlgYE
TlgYE,TlgYE,TlgYE,TlgYE,TlgYE,TlgYE,TlgYE,TlgYE,TlgYE
TlgYE
TlgYE
TlgYE
TlgYE,TlgYE,TlgYE,TlgYE,TlgYE,TlgYE,TlgYE,TlgYE,TlgYE,TlgYE,TlgYE
TlgYE,TlgYE,TlgYE,TlgYE,TlgYE,TlgYE,TlgYE,TlgYE,TlgYE,TlgYE,TlgYE
TlgYE,TlgYE,TlgYE,TlgYE,TlgYE,TlgYE,TlgYE,TlgYE,TlgYE,TlgYE,TlgYE
TlgYE,TlgYE,TlgYE,TlgYE,TlgYE,TlgYE,TlgYE,TlgYE,TlgYE,TlgYE,TlgYE
TlgYE,TlgYE,TlgYE,TlgYE,TlgYE,TlgYE,TlgYE,TlgYE,TlgYE,TlgYE,TlgYE
TlgYE
TlgYE
TlgYE
TlgYE,TlgYE,TlgYE,TlgYE,TlgYE,TlgYE,TlgYE,TlgYE,TlgYE,TlgYE
TlgYE,TlgYE,TlgYE,TlgYE,TlgYE,TlgYE,TlgYE,TlgYE,TlgYE,TlgYE
TlgYE
TlgYE,TlgYE,TlgYE,TlgYE,TlgYE,TlgYE,TlgYE,TlgYE,TlgYE,TlgYE,TlgYE
TlgYE,TlgYE,TlgYE,TlgYE,TlgYE,TlgYE,TlgYE,TlgYE,TlgYE,TlgYE,TlgYE
TlgYE,TlgYE,TlgYE,TlgYE,TlgYE,TlgYE,TlgYE,TlgYE,TlgYE,TlgYE,TlgYE,TlgYE
TlgYE
TlgYE
TlgYE
TlgYE,TlgYE,TlgYE,TlgYE,TlgYE,TlgYE,TlgYE,TlgYE,TlgYE,TlgYE,TlgYE
TlgYE
TlgYE
TlgYE,TlgYE,TlgYE,TlgYE,TlgYE,TlgYE,TlgYE,TlgYE,TlgYE,TlgYE,TlgYE
TlgYE
TlgYE,TlgYE,TlgYE,TlgYE,TlgYE,TlgYE,TlgYE,TlgYE,TlgYE,TlgYE,TlgYE
TlgYE
TlgYE,TlgYE,TlgYE,TlgYE,TlgYE,TlgYE,TlgYE,TlgYE,TlgYE,TlgYE,TlgYE,TlgYE
TlgYE
TlgYE,TlgYE,TlgYE,TlgYE,TlgYE,TlgYE,TlgYE,TlgYE,TlgYE,TlgYE,TlgYE
TlgYE,TlgYE,TlgYE,TlgYE,TlgYE,TlgYE,TlgYE,TlgYE,TlgYE,TlgYE,TlgYE
TlgYE
TlgYE
TlgYE,TlgYE,TlgYE,TlgYE,TlgYE,TlgYE,TlgYE,TlgYE,TlgYE,TlgYE,TlgYE
TlgYE
TlgYE
TlgYE,TlgYE,TlgYE,TlgYE,TlgYE,TlgYE,TlgYE,TlgYE,TlgYE,TlgYE,TlgYE
TlgYE
TlgYE,TlgYE,TlgYE,TlgYE,TlgYE,TlgYE,TlgYE,TlgYE,TlgYE,TlgYE
TlgYE,TlgYE,TlgYE,TlgYE,TlgYE,TlgYE,TlgYE,TlgYE,TlgYE,TlgYE
TlgYE,TlgYE,TlgYE,TlgYE,TlgYE,TlgYE,TlgYE,TlgYE,TlgYE,TlgYE,TlgYE,TlgYE
TlgYE,TlgYE,TlgYE,TlgYE,TlgYE,TlgYE,TlgYE,TlgYE,TlgYE
TlgYE,TlgYE,TlgYE,TlgYE,TlgYE,TlgYE,TlgYE,TlgYE,TlgYE
TlgYE,TlgYE,TlgYE,TlgYE,TlgYE,TlgYE,TlgYE,TlgYE,TlgYE
TlgYE
TlgYE,TlgYE,TlgYE,TlgYE,TlgYE,TlgYE,TlgYE,TlgYE,TlgYE,TlgYE
TlgYE,TlgYE,TlgYE,TlgYE,TlgYE,TlgYE,TlgYE,TlgYE,TlgYE,TlgYE
TlgYE,TlgYE,TlgYE,TlgYE,TlgYE,TlgYE,TlgYE,TlgYE,TlgYE,TlgYE
TlgYE
TlgYE
TlgYE,TlgYE,TlgYE,TlgYE,TlgYE,TlgYE,TlgYE,TlgYE,TlgYE,TlgYE
TlgYE,TlgYE,TlgYE,TlgYE,TlgYE,TlgYE,TlgYE,TlgYE
TlgYE
TlgYE
TlgYE,TlgYE,TlgYE,TlgYE,TlgYE,TlgYE,TlgYE,TlgYE,TlgYE
TlgYE
TlgYE
TlgYE,TlgYE,TlgYE,TlgYE,TlgYE,TlgYE,TlgYE,TlgYE,TlgYE
TlgYE,TlgYE,TlgYE,TlgYE,TlgYE,TlgYE,TlgYE,TlgYE,TlgYE
TlgYE,TlgYE,TlgYE,TlgYE,TlgYE,TlgYE,TlgYE,TlgYE,TlgYE
TlgYE,TlgYE,TlgYE,TlgYE,TlgYE,TlgYE,TlgYE,TlgYE,TlgYE
TlgYE,TlgYE,TlgYE,TlgYE,TlgYE,TlgYE,TlgYE,TlgYE
TlgYE
TlgYE
TlgYE,TlgYE,TlgYE,TlgYE,TlgYE,TlgYE,TlgYE,TlgYE,TlgYE
TlgYE
TlgYE,TlgYE,TlgYE,TlgYE,TlgYE,TlgYE,TlgYE,TlgYE,TlgYE,TlgYE,TlgYE
TlgYE
TlgYE
TlgYE
TlgYE,TlgYE,TlgYE,TlgYE,TlgYE,TlgYE,TlgYE
TlgYE
TlgYE,TlgYE,TlgYE,TlgYE,TlgYE,TlgYE,TlgYE
TlgYE
TlgYE
TlgYE
TlgYE
TlgYE
TlgYE
TlgYE
TlgYE,TlgYE
TlgYE,TlgYE
TlgYE,TlgYE
TlgYE,TlgYE,TlgYE,TlgYE
TlgYE
TlgYE,TlgYE,TlgYE,TlgYE
TlgYE
TlgYE,TlgYE,TlgYE,TlgYE
TlgYE,TlgYE,TlgYE,TlgYE
TlgYE
TlgYE
TlgYE,TlgYE,TlgYE,TlgYE
TlgYE
TlgYE
TlgYE,TlgYE,TlgYE,TlgYE
TlgYE,TlgYE,TlgYE,TlgYE
TlgYE,TlgYE,TlgYE
TlgYE
TlgYE,TlgYE
TlgYE
TlgYE
TlgYE
Jedi Wagner, assuma o comando!