[vazia]
RUABEc
RUABEc
RUABEc
RUABEc
RUABEc
RUABEc
RUABEc
RUABEc
RUABEc,KUBU
RUABEc
RUABEc
RUABEc,wVg
RUABEc,wVg
RUABEc
RUABEc,wVg
RUABEc,wVg,RUABEc,wVg,wVg
RUABEc,wVg,RUABEc,wVg,wVg,wAYXllMj
RUABEc,wVg,RUABEc,wVg,wVg,wAYXllMj
RUABEc
RUABEc
RUABEc
wVg,z,RUABEc,wVg,wVg,wAYXllMj,KUBU
wVg,z,RUABEc,wVg,wVg,wAYXllMj,KUBU
z
z
z
RUABEc
wVg,RUABEc,RUABEc,wVg,wVg,wAYXllMj,z,VIaw,wAYXllMj
z
z
wVg,RUABEc,z,RUABEc,wVg,wVg,wAYXllMj,VIaw,bqxMO
wVg,RUABEc,z,RUABEc,wVg,wVg,wAYXllMj,VIaw,bqxMO,wAYXllMj
RUABEc
wVg,RUABEc,z,RUABEc,wVg,wVg,wAYXllMj,VIaw,bqxMO,wAYXllMj
RUABEc
wVg,RUABEc,z,RUABEc,wVg,wVg,wAYXllMj,VIaw,bqxMO,wAYXllMj,zQFdrochBd,KUBU
RUABEc
RUABEc
RUABEc
RUABEc
wVg,z,RUABEc,RUABEc,wVg,wVg,wAYXllMj,bqxMO,VIaw,z
wVg,RUABEc,RUABEc,wVg,z,wVg,wAYXllMj,bqxMO,VIaw,VIaw
z
wVg,RUABEc,RUABEc,wVg,z,wVg,wAYXllMj,bqxMO,VIaw,VIaw
wVg,RUABEc,RUABEc,wVg,z,wVg,wAYXllMj,bqxMO,VIaw,VIaw,KUBU
wVg,RUABEc,RUABEc,wVg,z,wVg,wAYXllMj,bqxMO,VIaw,VIaw,KUBU
wVg,RUABEc,RUABEc,wVg,z,wVg,wAYXllMj,bqxMO,VIaw,VIaw,KUBU
wVg,RUABEc,RUABEc,wVg,z,wVg,wAYXllMj,bqxMO,VIaw,VIaw,KUBU
wAYXllMj
wVg,RUABEc,wVg,z,wVg,RUABEc,wAYXllMj,bqxMO,VIaw,KUBU
RUABEc,z,wVg,RUABEc,wAYXllMj,bqxMO,VIaw,KUBU,wVg
KUBU
RUABEc,wVg,z,wVg,RUABEc,wAYXllMj,bqxMO,VIaw,KUBU
wVg
wVg
wVg,z,wVg,RUABEc,wAYXllMj,bqxMO,VIaw,KUBU
wVg,z,wVg,RUABEc,wAYXllMj,bqxMO,VIaw,KUBU
KUBU
KUBU
KUBU
RUABEc,z,wVg,wVg,RUABEc,wAYXllMj,bqxMO,VIaw,KUBU
RUABEc,z,wVg,wVg,RUABEc,wAYXllMj,bqxMO,VIaw,KUBU,wVg
RUABEc,wVg,RUABEc,wAYXllMj,bqxMO,VIaw,KUBU,zQFdrochBd,z
RUABEc,wVg,RUABEc,wAYXllMj,bqxMO,VIaw,KUBU,zQFdrochBd,z
wVg,RUABEc,RUABEc,wAYXllMj,bqxMO,VIaw,KUBU,zQFdrochBd,z
wVg,RUABEc,bqxMO,z,RUABEc,wAYXllMj,VIaw,KUBU,zQFdrochBd,bqxMO
RUABEc
wVg,RUABEc,RUABEc,wAYXllMj,bqxMO,VIaw,KUBU,zQFdrochBd,z,bqxMO
RUABEc
wVg,RUABEc,RUABEc,wAYXllMj,bqxMO,VIaw,KUBU,zQFdrochBd,z,bqxMO
wVg,RUABEc,RUABEc,wAYXllMj,bqxMO,VIaw,KUBU,zQFdrochBd,z,bqxMO,RUABEc,wVg
bqxMO
wVg,RUABEc,wAYXllMj,bqxMO,z,KUBU,VIaw,zQFdrochBd,bqxMO,RUABEc,wVg,wAYXllMj
z
VIaw
wVg,RUABEc,wAYXllMj,bqxMO,VIaw,z,KUBU,bqxMO,RUABEc,wVg,wAYXllMj
wVg,RUABEc,wAYXllMj,bqxMO,VIaw,KUBU,zQFdrochBd,z,bqxMO,RUABEc,wVg
wVg,RUABEc,wAYXllMj,bqxMO,VIaw,zQFdrochBd,z,bqxMO,RUABEc,wVg
wVg,RUABEc,wAYXllMj,bqxMO,VIaw,zQFdrochBd,z,bqxMO,RUABEc,wVg
wVg,RUABEc,wAYXllMj,bqxMO,VIaw,KUBU,zQFdrochBd,z,bqxMO,RUABEc,wVg
wVg,RUABEc,bqxMO,VIaw,wAYXllMj,KUBU,zQFdrochBd,z,bqxMO,RUABEc,wVg,VIaw
VIaw
VIaw
VIaw
VIaw
wVg,RUABEc,wAYXllMj,bqxMO,VIaw,KUBU,z,bqxMO,RUABEc,wVg,wAYXllMj
VIaw
VIaw
VIaw
wVg,RUABEc,wAYXllMj,bqxMO,VIaw,KUBU,z,bqxMO,RUABEc,wVg,wAYXllMj,VIaw
wVg,RUABEc,wAYXllMj,bqxMO,VIaw,KUBU,z,bqxMO,RUABEc,wVg,wAYXllMj,VIaw
wVg,RUABEc,wAYXllMj,bqxMO,VIaw,KUBU,z,bqxMO,RUABEc,wVg,wAYXllMj
wVg,RUABEc,wAYXllMj,bqxMO,VIaw,KUBU,z,bqxMO,RUABEc,wVg,wAYXllMj
VIaw
VIaw
VIaw
zQFdrochBd
zQFdrochBd
KUBU
wAYXllMj,bqxMO,KUBU,zQFdrochBd,VIaw,z,bqxMO,wVg,RUABEc,wVg
wAYXllMj,bqxMO,KUBU,zQFdrochBd,VIaw,z,bqxMO,wVg,RUABEc,wVg
KUBU
wAYXllMj,bqxMO,KUBU,zQFdrochBd,VIaw,z,bqxMO,wVg,RUABEc,wVg
wAYXllMj,bqxMO,KUBU,zQFdrochBd,VIaw,z,bqxMO,wVg,RUABEc,wVg
wAYXllMj,wVg,zQFdrochBd,bqxMO,VIaw,z,bqxMO,RUABEc,wVg,VIaw
wAYXllMj,wVg,zQFdrochBd,bqxMO,VIaw,z,bqxMO,RUABEc,wVg,VIaw
wVg,RUABEc,wAYXllMj,bqxMO,VIaw,KUBU,zQFdrochBd,z,bqxMO,RUABEc,wVg
wVg,RUABEc,wAYXllMj,bqxMO,VIaw,KUBU,zQFdrochBd,z,bqxMO,RUABEc,wVg
VIaw
wVg,RUABEc,wAYXllMj,VIaw,KUBU,zQFdrochBd,z,bqxMO,RUABEc,wVg
wVg,RUABEc,wAYXllMj,bqxMO,VIaw,KUBU,zQFdrochBd,z,bqxMO,RUABEc,wVg
VIaw
wVg,RUABEc,wAYXllMj,bqxMO,VIaw,KUBU,zQFdrochBd,z,bqxMO,RUABEc,wVg
VIaw
wVg,RUABEc,wAYXllMj,bqxMO,VIaw,KUBU,zQFdrochBd,z,bqxMO,RUABEc,wVg
wVg
wAYXllMj,bqxMO,VIaw,wVg,KUBU,bqxMO,RUABEc,wVg
VIaw
wVg,RUABEc,wAYXllMj,bqxMO,VIaw,KUBU,zQFdrochBd,z,bqxMO,RUABEc,wVg,bqxMO
VIaw
RUABEc,wAYXllMj,bqxMO,VIaw,KUBU,zQFdrochBd,bqxMO,RUABEc,wVg,bqxMO
VIaw
wVg,RUABEc,wAYXllMj,bqxMO,VIaw,KUBU,zQFdrochBd,z,bqxMO,RUABEc,wVg
wVg,RUABEc,wAYXllMj,bqxMO,VIaw,KUBU,zQFdrochBd,z,bqxMO,RUABEc,wVg,RUABEc,RUABEc
wVg,RUABEc,wAYXllMj,bqxMO,VIaw,KUBU,zQFdrochBd,z,bqxMO,RUABEc,wVg
VIaw
wAYXllMj,bqxMO,VIaw,KUBU,zQFdrochBd,z,bqxMO,RUABEc,wVg,bqxMO
wAYXllMj,bqxMO,wVg,VIaw,KUBU,zQFdrochBd,z,bqxMO,RUABEc,bqxMO,KUBU
wAYXllMj,bqxMO,wVg,VIaw,KUBU,zQFdrochBd,z,bqxMO,RUABEc,bqxMO,KUBU
wAYXllMj,wVg,VIaw,bqxMO,KUBU,zQFdrochBd,z,bqxMO,RUABEc,bqxMO,KUBU
bqxMO
wAYXllMj,wVg,KUBU,bqxMO,zQFdrochBd,z,bqxMO,RUABEc,bqxMO,KUBU
wAYXllMj,wVg,KUBU,bqxMO,zQFdrochBd,z,bqxMO,RUABEc,bqxMO,KUBU,bqxMO
bqxMO
bqxMO
bqxMO
wVg,KUBU,wAYXllMj,bqxMO,zQFdrochBd,z,bqxMO,RUABEc,bqxMO,KUBU
zQFdrochBd
wVg,KUBU,wAYXllMj,zQFdrochBd,z,bqxMO,RUABEc,bqxMO,KUBU,wAYXllMj
wVg,KUBU,wAYXllMj,zQFdrochBd,z,bqxMO,RUABEc,bqxMO,KUBU,zQFdrochBd
wVg,KUBU,wAYXllMj,zQFdrochBd,z,bqxMO,bqxMO,KUBU,zQFdrochBd
z
z
Jedi Wagner, assuma o comando!