kyB
kyB,kyB
kyB
kyB
kyB
kyB
kyB
kyB,kyB
kyB
kyB
kyB
kyB
kyB,X
kyB
kyB
kyB
kyB
gihTc
kyB,gihTc
kyB,gihTc,lLtsMxRdF
gihTc
gihTc
jxnik
gihTc,lLtsMxRdF,jxnik,X,qLJiFbwua,gihTc
X
jxnik
gihTc,lLtsMxRdF,X,jxnik,qLJiFbwua,gihTc
qLJiFbwua
qLJiFbwua
gihTc,lLtsMxRdF,X,qLJiFbwua,jxnik,gihTc
qLJiFbwua
gihTc,lLtsMxRdF,X,qLJiFbwua,jxnik,gihTc,lg
gihTc,lLtsMxRdF,X,jxnik,qLJiFbwua,gihTc
gihTc,lLtsMxRdF,X,jxnik,qLJiFbwua,gihTc
qLJiFbwua
qLJiFbwua
qLJiFbwua
lLtsMxRdF,X,jxnik,qLJiFbwua,gihTc,gihTc,X
lLtsMxRdF,X,jxnik,qLJiFbwua,gihTc,gihTc,X
lLtsMxRdF,X,jxnik,EhE,qLJiFbwua,gihTc,gihTc,X,lg
lLtsMxRdF,X,jxnik,EhE,qLJiFbwua,gihTc,gihTc,X,lg
lLtsMxRdF,X,jxnik,EhE,qLJiFbwua,gihTc,gihTc,X,lg
qLJiFbwua
qLJiFbwua
qLJiFbwua
qLJiFbwua
qLJiFbwua
lLtsMxRdF,X,jxnik,qLJiFbwua,gihTc,gihTc,X,lg,jxnik,jxnik
qLJiFbwua
lLtsMxRdF,X,jxnik,qLJiFbwua,gihTc,gihTc,X,lg,jxnik,jxnik,kyB,EhE
lLtsMxRdF,X,jxnik,qLJiFbwua,gihTc,gihTc,X,jxnik,jxnik,kyB,EhE
qLJiFbwua
qLJiFbwua
gihTc,lLtsMxRdF,X,jxnik,qLJiFbwua,gihTc
gihTc,lLtsMxRdF,X,jxnik,qLJiFbwua,gihTc
qLJiFbwua
gihTc,X,jxnik,qLJiFbwua,gihTc
Jedi Wagner, assuma o comando!