Toque! Toque, Dijê!
[vazia]
[vazia]
Toque! Toque, Dijê!
t
[vazia]
Toque! Toque, Dijê!
[vazia]
Toque! Toque, Dijê!
[vazia]
[vazia]
Toque! Toque, Dijê!
Toque! Toque, Dijê!
t
t,t
t,t,t
t
t
t
t
t
t,t
t,t
t,t
t,t,t
t,t
t,t,t
t,t,t
t,t,t
t,t
t
t,t
t,t,t
t,t
t,t,t
t
t,t,t
t
t,t
t,t
t,t
t
t
t,t
t
t
t
t
t
t,t
t
t
t
t
t,t
t,t,t
t
t
t
t
t,t,t,t,t
t
t
t
t
t,t,t,t
t
t
t,t,t,t,t,t
t
t,t,t,t,t
t,t,t,t,t
t,t,t,t,t
t
t,t,t,t,t,t
t,t,t,t,t,t
t,t,t,t,t,t
t,t,t,t,t,t
t,t,t,t
t
t,t,t,t,t
t,t
Toque! Toque, Dijê!
Toque! Toque, Dijê!
[vazia]
t,t
t,t,t,t
t
t,t,t
t,t
t,t
t,t,t
t,t
Jedi Wagner, assuma o comando!