Toque! Toque, Dijê!
SzhQ,DATmJCd
DATmJCd
DATmJCd
DATmJCd,SzhQ
DATmJCd
Pdsi
Pdsi
Pdsi
SzhQ,jlCrralhc,Pdsi,DATmJCd
SzhQ
SzhQ,jlCrralhc,Pdsi
SzhQ
DATmJCd,SzhQ
SzhQ
SzhQ,jlCrralhc
SzhQ,jlCrralhc,DATmJCd
DATmJCd
DATmJCd
DATmJCd,MB
DATmJCd
SKwOPwZ,DATmJCd
SKwOPwZ,MB
SKwOPwZ,MB
SKwOPwZ,MB
MB
MB
MB,SzhQ
MB,SzhQ
MB
MB
[vazia]
DATmJCd,Pdsi
DATmJCd,jlCrralhc,SKwOPwZ
DATmJCd
DATmJCd
DATmJCd,jlCrralhc,DATmJCd
DATmJCd
SKwOPwZ
DATmJCd,SKwOPwZ
DATmJCd,SKwOPwZ
DATmJCd
DATmJCd,SKwOPwZ,MB,Pdsi
SKwOPwZ
DATmJCd,MB,SKwOPwZ,Pdsi
DATmJCd,MB,SKwOPwZ,Pdsi
DATmJCd,MB,SKwOPwZ,Pdsi
DATmJCd,MB,SKwOPwZ,Pdsi
DATmJCd,MB,SKwOPwZ
SKwOPwZ,MB
SKwOPwZ,MB
SKwOPwZ,MB
SKwOPwZ
SKwOPwZ
SKwOPwZ
SKwOPwZ,MB,ErkTNjYO
SKwOPwZ
SKwOPwZ
SKwOPwZ,MB,ErkTNjYO
ErkTNjYO,SKwOPwZ,MB,SKwOPwZ
ErkTNjYO,SKwOPwZ,MB,SKwOPwZ,MB
MB,MB,MB
MB
MB
MB,MB,MB,Pdsi
MB,MB,MB,Pdsi
MB,MB,MB,Pdsi
MB,MB,MB,Pdsi
MB
MB,MB,MB,Pdsi
MB,MB,MB,Pdsi
MB
MB,MB,MB,Pdsi,Pdsi,DATmJCd
MB
MB,MB,MB,Pdsi
MB
MB
MB,MB,MB,Pdsi
jlCrralhc,MB,MB,MB,Pdsi
jlCrralhc
jlCrralhc,MB,MB,MB,Pdsi
MB
MB
MB,MB,MB,Pdsi,DATmJCd
MB
MB
MB
MB,MB,MB
MB,MB,MB
MB
MB
MB,MB,MB,Pdsi,jlCrralhc,SzhQ
MB,MB,jlCrralhc,SzhQ
MB,MB,jlCrralhc,SzhQ
MB
MB,MB,jlCrralhc,SzhQ
MB,MB,MB,jlCrralhc,SzhQ
MB
MB
MB,MB,MB,jlCrralhc,SzhQ,DATmJCd,SzhQ
MB,MB,MB,jlCrralhc,SzhQ,DATmJCd,SzhQ
MB,MB,MB,jlCrralhc,SzhQ,DATmJCd,SzhQ,SKwOPwZ
MB,MB,MB,jlCrralhc,SzhQ,DATmJCd,SzhQ,SKwOPwZ
MB,MB,MB,jlCrralhc,SzhQ,DATmJCd,SzhQ,SKwOPwZ,SzhQ
MB,MB,MB,SzhQ,jlCrralhc,DATmJCd,SzhQ,SKwOPwZ
MB
MB,MB,MB,jlCrralhc,SzhQ,DATmJCd,SzhQ,SKwOPwZ
MB
MB,MB,MB,jlCrralhc,SzhQ,DATmJCd,SzhQ,SKwOPwZ
jlCrralhc
MB,MB,MB,jlCrralhc,SzhQ,DATmJCd,SzhQ,SKwOPwZ,jlCrralhc
SzhQ
MB,MB,MB,jlCrralhc,SzhQ,SKwOPwZ,SzhQ,jlCrralhc
SzhQ
MB
MB
MB,jlCrralhc,SzhQ,MB,SzhQ,jlCrralhc
SzhQ
SzhQ
Jedi Wagner, assuma o comando!