Toque! Toque, Dijê!
rzpEFwIdW
BXGHvxI
BXGHvxI
BXGHvxI
BXGHvxI,BXGHvxI
BXGHvxI
BXGHvxI,rzpEFwIdW,BXGHvxI
rzpEFwIdW
rzpEFwIdW
rzpEFwIdW
rzpEFwIdW
BXGHvxI,rzpEFwIdW,BXGHvxI
BXGHvxI,rzpEFwIdW,BXGHvxI,kIA
BXGHvxI,rzpEFwIdW,BXGHvxI
BXGHvxI
BXGHvxI
BXGHvxI
rzpEFwIdW,BXGHvxI,BXGHvxI,rzpEFwIdW
BXGHvxI
rzpEFwIdW,BXGHvxI,BXGHvxI,rzpEFwIdW
rzpEFwIdW,BXGHvxI,BXGHvxI,rzpEFwIdW
BXGHvxI
rzpEFwIdW,BXGHvxI,BXGHvxI,rzpEFwIdW,iMrxuuh
BXGHvxI
BXGHvxI
BXGHvxI
iMrxuuh
BXGHvxI,BXGHvxI,iMrxuuh,rzpEFwIdW,BXGHvxI,kIA,rzpEFwIdW
iMrxuuh
BXGHvxI,BXGHvxI,BXGHvxI,iMrxuuh,rzpEFwIdW,kIA,iMrxuuh,iMrxuuh,rzpEFwIdW
BXGHvxI,BXGHvxI,BXGHvxI,iMrxuuh,rzpEFwIdW,kIA,iMrxuuh,iMrxuuh,rzpEFwIdW
iMrxuuh
BXGHvxI,BXGHvxI,BXGHvxI,iMrxuuh,rzpEFwIdW,kIA,iMrxuuh,iMrxuuh,rzpEFwIdW
BXGHvxI,BXGHvxI,iMrxuuh,BXGHvxI,rzpEFwIdW,kIA,iMrxuuh,iMrxuuh,rzpEFwIdW
BXGHvxI
iMrxuuh,BXGHvxI,BXGHvxI,BXGHvxI,rzpEFwIdW,kIA,iMrxuuh,iMrxuuh,rzpEFwIdW
iMrxuuh,BXGHvxI,BXGHvxI,BXGHvxI,rzpEFwIdW,kIA,iMrxuuh,iMrxuuh,rzpEFwIdW
BXGHvxI
BXGHvxI,iMrxuuh,rzpEFwIdW,BXGHvxI,kIA,iMrxuuh,iMrxuuh,rzpEFwIdW,iMrxuuh,BXGHvxI
iMrxuuh
BXGHvxI,iMrxuuh,rzpEFwIdW,BXGHvxI,kIA,iMrxuuh,iMrxuuh,rzpEFwIdW,iMrxuuh
iMrxuuh
iMrxuuh
rzpEFwIdW
rzpEFwIdW
BXGHvxI,kIA,rzpEFwIdW,iMrxuuh,BXGHvxI,iMrxuuh,iMrxuuh,iMrxuuh,BXGHvxI,rzpEFwIdW,BXGHvxI
BXGHvxI,kIA,rzpEFwIdW,iMrxuuh,BXGHvxI,iMrxuuh,iMrxuuh,iMrxuuh,BXGHvxI,rzpEFwIdW,BXGHvxI
kIA
iMrxuuh
iMrxuuh
BXGHvxI,iMrxuuh,BXGHvxI,iMrxuuh,iMrxuuh,rzpEFwIdW,iMrxuuh
iMrxuuh
BXGHvxI,iMrxuuh,BXGHvxI,iMrxuuh,iMrxuuh,rzpEFwIdW,iMrxuuh,iMrxuuh
iMrxuuh
iMrxuuh
iMrxuuh
rzpEFwIdW
rzpEFwIdW,iMrxuuh,BXGHvxI,iMrxuuh,iMrxuuh,iMrxuuh,iMrxuuh,rzpEFwIdW,BXGHvxI,kIA
iMrxuuh,rzpEFwIdW,BXGHvxI,iMrxuuh,iMrxuuh,iMrxuuh,iMrxuuh,rzpEFwIdW,BXGHvxI,rzpEFwIdW,iMrxuuh
BXGHvxI,iMrxuuh,rzpEFwIdW,BXGHvxI,kIA,iMrxuuh,iMrxuuh,rzpEFwIdW,iMrxuuh,BXGHvxI
iMrxuuh
iMrxuuh
iMrxuuh,rzpEFwIdW,BXGHvxI,kIA,iMrxuuh,iMrxuuh,rzpEFwIdW,iMrxuuh
iMrxuuh
rzpEFwIdW
BXGHvxI,iMrxuuh,BXGHvxI,kIA,iMrxuuh,iMrxuuh,rzpEFwIdW,iMrxuuh
iMrxuuh
iMrxuuh
iMrxuuh
iMrxuuh,BXGHvxI,kIA,iMrxuuh,iMrxuuh,rzpEFwIdW,iMrxuuh
iMrxuuh
iMrxuuh
iMrxuuh,BXGHvxI,rzpEFwIdW,BXGHvxI,kIA,iMrxuuh,iMrxuuh,rzpEFwIdW,iMrxuuh
iMrxuuh,kIA,BXGHvxI,rzpEFwIdW,BXGHvxI,iMrxuuh,iMrxuuh,rzpEFwIdW,iMrxuuh,BXGHvxI,kIA,iMrxuuh
kIA
iMrxuuh,kIA,BXGHvxI,BXGHvxI,iMrxuuh,iMrxuuh,rzpEFwIdW,iMrxuuh,BXGHvxI,kIA,iMrxuuh,BXGHvxI
iMrxuuh,kIA,BXGHvxI,BXGHvxI,iMrxuuh,iMrxuuh,rzpEFwIdW,iMrxuuh,BXGHvxI,kIA,iMrxuuh,BXGHvxI
kIA
BXGHvxI
iMrxuuh
iMrxuuh
iMrxuuh,iMrxuuh,iMrxuuh,iMrxuuh,BXGHvxI,kIA,iMrxuuh,BXGHvxI,rzpEFwIdW,kIA,BXGHvxI,iMrxuuh,kIA,BXGHvxI
iMrxuuh,iMrxuuh,iMrxuuh,iMrxuuh,BXGHvxI,kIA,iMrxuuh,BXGHvxI,rzpEFwIdW,kIA,BXGHvxI,iMrxuuh,kIA,BXGHvxI
BXGHvxI
BXGHvxI
BXGHvxI
iMrxuuh,iMrxuuh,iMrxuuh,iMrxuuh,BXGHvxI,BXGHvxI,kIA,kIA,BXGHvxI,iMrxuuh,kIA,BXGHvxI
iMrxuuh,iMrxuuh,iMrxuuh,iMrxuuh,BXGHvxI,BXGHvxI,kIA,kIA,BXGHvxI,iMrxuuh,kIA,BXGHvxI
BXGHvxI
BXGHvxI
BXGHvxI
BXGHvxI
BXGHvxI
iMrxuuh,iMrxuuh,iMrxuuh,BXGHvxI,BXGHvxI,BXGHvxI,iMrxuuh,kIA,iMrxuuh,kIA,BXGHvxI,iMrxuuh,iMrxuuh
BXGHvxI
BXGHvxI
BXGHvxI
BXGHvxI
BXGHvxI
iMrxuuh,iMrxuuh,iMrxuuh,iMrxuuh,BXGHvxI,BXGHvxI,kIA,kIA,BXGHvxI,iMrxuuh,kIA,BXGHvxI,kIA,iMrxuuh
iMrxuuh,iMrxuuh,iMrxuuh,iMrxuuh,BXGHvxI,BXGHvxI,kIA,BXGHvxI,iMrxuuh,kIA,kIA,BXGHvxI,kIA,iMrxuuh,kIA
iMrxuuh,iMrxuuh,iMrxuuh,iMrxuuh,BXGHvxI,kIA,kIA,BXGHvxI,iMrxuuh,kIA,BXGHvxI,kIA,iMrxuuh
iMrxuuh,iMrxuuh,iMrxuuh,iMrxuuh,BXGHvxI,kIA,kIA,BXGHvxI,iMrxuuh,kIA,BXGHvxI,kIA,iMrxuuh
iMrxuuh
iMrxuuh,iMrxuuh,iMrxuuh,iMrxuuh,BXGHvxI,kIA,kIA,BXGHvxI,iMrxuuh,kIA,BXGHvxI,kIA,iMrxuuh,BXGHvxI,rzpEFwIdW
iMrxuuh
iMrxuuh
iMrxuuh,iMrxuuh,iMrxuuh,iMrxuuh,kIA,kIA,BXGHvxI,iMrxuuh,kIA,BXGHvxI,kIA,iMrxuuh,iMrxuuh,iMrxuuh,iMrxuuh,kIA,rzpEFwIdW
iMrxuuh
iMrxuuh,iMrxuuh,iMrxuuh,iMrxuuh,BXGHvxI,kIA,kIA,BXGHvxI,iMrxuuh,kIA,BXGHvxI,kIA,iMrxuuh,iMrxuuh
iMrxuuh,iMrxuuh,iMrxuuh,kIA,BXGHvxI,iMrxuuh,kIA,BXGHvxI,kIA,iMrxuuh,iMrxuuh,BXGHvxI,kIA,iMrxuuh,BXGHvxI
iMrxuuh,iMrxuuh,kIA,BXGHvxI,iMrxuuh,kIA,BXGHvxI,kIA,iMrxuuh,iMrxuuh,BXGHvxI,kIA,iMrxuuh,BXGHvxI
kIA
iMrxuuh,iMrxuuh,kIA,BXGHvxI,iMrxuuh,kIA,BXGHvxI,kIA,iMrxuuh,iMrxuuh,BXGHvxI,kIA,iMrxuuh,BXGHvxI
iMrxuuh,iMrxuuh,iMrxuuh,kIA,kIA,iMrxuuh,iMrxuuh,BXGHvxI,kIA,BXGHvxI,BXGHvxI,iMrxuuh,BXGHvxI
iMrxuuh,iMrxuuh,iMrxuuh,kIA,iMrxuuh,iMrxuuh,BXGHvxI,kIA,BXGHvxI,BXGHvxI,iMrxuuh,BXGHvxI
BXGHvxI
iMrxuuh,iMrxuuh,iMrxuuh,kIA,iMrxuuh,iMrxuuh,BXGHvxI,kIA,BXGHvxI,BXGHvxI,iMrxuuh,BXGHvxI
iMrxuuh,iMrxuuh,iMrxuuh,kIA,iMrxuuh,iMrxuuh,BXGHvxI,kIA,BXGHvxI,BXGHvxI,iMrxuuh,BXGHvxI
iMrxuuh,iMrxuuh,iMrxuuh,iMrxuuh,iMrxuuh,kIA,BXGHvxI,BXGHvxI,iMrxuuh,BXGHvxI,BXGHvxI
iMrxuuh
iMrxuuh,iMrxuuh,iMrxuuh,iMrxuuh,kIA,BXGHvxI,BXGHvxI,iMrxuuh,BXGHvxI,BXGHvxI,kIA,rzpEFwIdW,iMrxuuh,BXGHvxI
iMrxuuh,iMrxuuh,iMrxuuh,BXGHvxI,BXGHvxI,iMrxuuh,BXGHvxI,BXGHvxI,kIA,rzpEFwIdW,iMrxuuh,BXGHvxI,rzpEFwIdW
iMrxuuh,iMrxuuh,iMrxuuh,BXGHvxI,BXGHvxI,iMrxuuh,BXGHvxI,rzpEFwIdW,BXGHvxI,kIA,iMrxuuh,BXGHvxI,rzpEFwIdW
iMrxuuh,iMrxuuh,iMrxuuh,BXGHvxI,BXGHvxI,iMrxuuh,BXGHvxI,rzpEFwIdW,BXGHvxI,kIA,iMrxuuh,BXGHvxI,rzpEFwIdW
BXGHvxI
iMrxuuh,iMrxuuh,iMrxuuh,BXGHvxI,BXGHvxI,iMrxuuh,BXGHvxI,rzpEFwIdW,BXGHvxI,iMrxuuh,BXGHvxI,rzpEFwIdW
iMrxuuh,iMrxuuh,iMrxuuh,BXGHvxI,BXGHvxI,iMrxuuh,BXGHvxI,rzpEFwIdW,kIA,BXGHvxI,iMrxuuh,BXGHvxI,rzpEFwIdW,BXGHvxI,kIA
rzpEFwIdW
rzpEFwIdW
iMrxuuh,iMrxuuh,iMrxuuh,BXGHvxI,iMrxuuh,BXGHvxI,rzpEFwIdW,BXGHvxI,BXGHvxI,iMrxuuh,BXGHvxI,rzpEFwIdW,BXGHvxI
iMrxuuh,iMrxuuh,iMrxuuh,BXGHvxI,BXGHvxI,iMrxuuh,BXGHvxI,rzpEFwIdW,BXGHvxI,iMrxuuh,BXGHvxI,rzpEFwIdW,BXGHvxI
iMrxuuh
iMrxuuh,iMrxuuh,iMrxuuh,BXGHvxI,BXGHvxI,iMrxuuh,BXGHvxI,rzpEFwIdW,BXGHvxI,iMrxuuh,BXGHvxI,rzpEFwIdW,iMrxuuh
rzpEFwIdW
rzpEFwIdW
iMrxuuh,iMrxuuh,iMrxuuh,BXGHvxI,BXGHvxI,iMrxuuh,BXGHvxI,rzpEFwIdW,BXGHvxI,iMrxuuh,BXGHvxI,rzpEFwIdW,kIA
iMrxuuh,iMrxuuh,iMrxuuh,BXGHvxI,BXGHvxI,iMrxuuh,BXGHvxI,rzpEFwIdW,BXGHvxI,iMrxuuh,BXGHvxI,rzpEFwIdW,kIA
rzpEFwIdW
rzpEFwIdW
BXGHvxI
BXGHvxI
BXGHvxI
iMrxuuh,iMrxuuh,BXGHvxI,BXGHvxI,iMrxuuh,BXGHvxI,BXGHvxI,iMrxuuh,iMrxuuh,BXGHvxI,rzpEFwIdW,kIA,BXGHvxI,kIA,BXGHvxI
iMrxuuh
iMrxuuh,iMrxuuh,BXGHvxI,BXGHvxI,iMrxuuh,BXGHvxI,BXGHvxI,iMrxuuh,iMrxuuh,BXGHvxI,rzpEFwIdW,kIA,BXGHvxI,kIA,BXGHvxI,BXGHvxI
iMrxuuh,iMrxuuh,BXGHvxI,iMrxuuh,BXGHvxI,BXGHvxI,iMrxuuh,iMrxuuh,BXGHvxI,rzpEFwIdW,kIA,BXGHvxI,kIA,BXGHvxI,BXGHvxI,BXGHvxI
iMrxuuh
iMrxuuh,BXGHvxI,iMrxuuh,BXGHvxI,BXGHvxI,iMrxuuh,iMrxuuh,BXGHvxI,rzpEFwIdW,BXGHvxI,kIA,BXGHvxI,BXGHvxI,BXGHvxI
iMrxuuh,BXGHvxI,iMrxuuh,BXGHvxI,BXGHvxI,iMrxuuh,iMrxuuh,BXGHvxI,rzpEFwIdW,BXGHvxI,kIA,BXGHvxI,BXGHvxI,BXGHvxI
iMrxuuh,BXGHvxI,iMrxuuh,BXGHvxI,BXGHvxI,iMrxuuh,iMrxuuh,BXGHvxI,rzpEFwIdW,BXGHvxI,kIA,BXGHvxI,BXGHvxI,BXGHvxI
iMrxuuh,BXGHvxI,iMrxuuh,BXGHvxI,BXGHvxI,iMrxuuh,iMrxuuh,BXGHvxI,rzpEFwIdW,BXGHvxI,kIA,BXGHvxI,BXGHvxI,BXGHvxI
iMrxuuh,iMrxuuh,BXGHvxI,BXGHvxI,iMrxuuh,iMrxuuh,BXGHvxI,rzpEFwIdW,BXGHvxI,kIA,BXGHvxI,BXGHvxI,BXGHvxI
iMrxuuh
iMrxuuh,BXGHvxI,iMrxuuh,iMrxuuh,BXGHvxI,rzpEFwIdW,BXGHvxI,kIA,BXGHvxI,BXGHvxI,BXGHvxI
BXGHvxI
BXGHvxI
BXGHvxI
BXGHvxI
BXGHvxI
iMrxuuh,BXGHvxI,BXGHvxI,iMrxuuh,BXGHvxI,BXGHvxI,iMrxuuh,iMrxuuh,BXGHvxI,rzpEFwIdW,kIA,BXGHvxI,kIA,BXGHvxI,kIA
iMrxuuh,BXGHvxI,BXGHvxI,iMrxuuh,BXGHvxI,BXGHvxI,iMrxuuh,iMrxuuh,BXGHvxI,rzpEFwIdW,kIA,BXGHvxI,kIA,BXGHvxI,kIA
BXGHvxI
kIA
BXGHvxI
BXGHvxI
Jedi Wagner, assuma o comando!