Toque! Toque, Dijê!
lNeuVx
lNeuVx
lNeuVx
lNeuVx
lNeuVx
lNeuVx
lNeuVx
zDwQ
zDwQ,lxBrCuC
OUIh
OUIh
Toque! Toque, Dijê!
hUjtObw
hUjtObw,OUIh,TW
hUjtObw,OUIh,TW,thawGIIIZ
hUjtObw
OL
OL
OUIh,hUjtObw,OL,xpR
OUIh,hUjtObw,TW,thawGIIIZ,OL
OUIh,hUjtObw,TW,thawGIIIZ,OL,OL
TW
hUjtObw,TW,thawGIIIZ,OL,OL,hUjtObw
hUjtObw,TW,thawGIIIZ,OL,OL,hUjtObw
TW
thawGIIIZ
hUjtObw,TW,thawGIIIZ,OL,OL,hUjtObw
thawGIIIZ
hUjtObw,TW,thawGIIIZ,OL,OL,hUjtObw
hUjtObw,TW,thawGIIIZ,OL,OL,hUjtObw
OL
OL
OL
hUjtObw,TW,thawGIIIZ,OL,OL,hUjtObw,zDwQ
OL
hUjtObw,TW,OL,OL,thawGIIIZ,hUjtObw,zDwQ
hUjtObw,TW,OL,OL,hUjtObw,zDwQ,OUIh
TW,thawGIIIZ,OL,OL,hUjtObw,zDwQ
OL
TW,thawGIIIZ,OL,OL,hUjtObw,zDwQ,TW
TW,thawGIIIZ,OL,OL,hUjtObw,zDwQ,TW
zDwQ
thawGIIIZ
TW,OL,zDwQ,thawGIIIZ,OL,TW,thawGIIIZ,zDwQ
TW,OL,zDwQ,thawGIIIZ,OL,TW,thawGIIIZ,zDwQ
TW,OL,zDwQ,thawGIIIZ,OL,TW,thawGIIIZ,zDwQ
TW,OL,zDwQ,thawGIIIZ,OL,TW,thawGIIIZ,zDwQ
OL
TW,OL,zDwQ,thawGIIIZ,OL,TW,thawGIIIZ,zDwQ
OL
OL
TW,OL,zDwQ,thawGIIIZ,OL,TW,thawGIIIZ,zDwQ
OL
OL
OL
TW,OL,zDwQ,thawGIIIZ,OL,TW,thawGIIIZ,zDwQ,xpR
TW,OL,zDwQ,thawGIIIZ,OL,TW,thawGIIIZ,zDwQ,xpR
TW,OL,zDwQ,thawGIIIZ,OL,TW,thawGIIIZ,zDwQ,xpR
TW,OL,zDwQ,thawGIIIZ,OL,TW,thawGIIIZ,zDwQ,xpR
thawGIIIZ
TW,OL,zDwQ,thawGIIIZ,OL,TW,thawGIIIZ,zDwQ,xpR,thawGIIIZ
TW,OL,zDwQ,thawGIIIZ,OL,TW,thawGIIIZ,zDwQ,xpR,thawGIIIZ,OUIh
TW,OL,zDwQ,thawGIIIZ,OL,TW,thawGIIIZ,zDwQ,xpR,thawGIIIZ
zDwQ
TW,OL,thawGIIIZ,OL,TW,thawGIIIZ,zDwQ,xpR,thawGIIIZ,OL
thawGIIIZ
TW,OL,thawGIIIZ,OL,TW,thawGIIIZ,zDwQ,xpR,thawGIIIZ,OL
TW
TW
TW,OL,thawGIIIZ,OL,TW,thawGIIIZ,zDwQ,xpR,thawGIIIZ,OL
TW,OL,thawGIIIZ,OL,TW,thawGIIIZ,xpR,thawGIIIZ,OL
TW
TW
TW,OL,thawGIIIZ,OL,TW,thawGIIIZ,xpR,thawGIIIZ,OL,OL
TW,OL,thawGIIIZ,OL,TW,thawGIIIZ,zDwQ,xpR,thawGIIIZ,OL
zDwQ
thawGIIIZ
OL
OL
TW,OL,lNeuVx,lxBrCuC,OL,TW,thawGIIIZ,zDwQ,xpR,thawGIIIZ,OL,OUIh,lNeuVx,lxBrCuC,lNeuVx
TW,OL,thawGIIIZ,lNeuVx,OL,TW,zDwQ,xpR,thawGIIIZ,OL,OUIh,lxBrCuC,lNeuVx,lxBrCuC,lNeuVx,OL
TW,OL,lNeuVx,OL,TW,xpR,thawGIIIZ,OL,OUIh,lxBrCuC,lNeuVx,lxBrCuC,lNeuVx,OL,OUIh,xpR
TW,OL,lNeuVx,OL,TW,xpR,thawGIIIZ,OL,OUIh,lxBrCuC,lNeuVx,lxBrCuC,lNeuVx,OL,OUIh,xpR
TW,OL,lNeuVx,OL,TW,xpR,thawGIIIZ,OL,OUIh,lxBrCuC,lNeuVx,lxBrCuC,lNeuVx,OL,OUIh,xpR
thawGIIIZ
TW,OL,thawGIIIZ,zDwQ,OL,TW,thawGIIIZ,xpR,thawGIIIZ,OL,lNeuVx,OUIh,lxBrCuC,xpR
TW,OL,thawGIIIZ,OL,TW,thawGIIIZ,zDwQ,xpR,thawGIIIZ,OL,lNeuVx,OUIh,lxBrCuC
OL
OL
TW,OL,thawGIIIZ,OL,TW,thawGIIIZ,zDwQ,xpR,thawGIIIZ,OL,lNeuVx,OUIh,lxBrCuC,zDwQ
TW,OL,thawGIIIZ,OL,TW,thawGIIIZ,zDwQ,xpR,thawGIIIZ,OL,lNeuVx,OUIh,lxBrCuC,zDwQ
TW,OL,thawGIIIZ,OL,TW,thawGIIIZ,xpR,thawGIIIZ,OL,lNeuVx,lxBrCuC,OUIh
TW
TW
TW,thawGIIIZ,OL,TW,OL,thawGIIIZ,xpR,thawGIIIZ,OL,lNeuVx,lxBrCuC,OUIh,thawGIIIZ
TW,thawGIIIZ,OL,TW,OL,thawGIIIZ,xpR,thawGIIIZ,OL,lNeuVx,lxBrCuC,OUIh,thawGIIIZ
xpR
xpR
TW,thawGIIIZ,TW,xpR,OL,thawGIIIZ,thawGIIIZ,OL,lNeuVx,lxBrCuC,OUIh,thawGIIIZ
TW,thawGIIIZ,TW,xpR,OL,thawGIIIZ,thawGIIIZ,OL,lNeuVx,lxBrCuC,OUIh,thawGIIIZ
OL
thawGIIIZ,TW,xpR,thawGIIIZ,thawGIIIZ,lNeuVx,lxBrCuC,OUIh,thawGIIIZ
thawGIIIZ,TW,xpR,thawGIIIZ,thawGIIIZ,lNeuVx,lxBrCuC,OUIh,thawGIIIZ,lNeuVx
thawGIIIZ
thawGIIIZ
lxBrCuC
thawGIIIZ,TW,thawGIIIZ,thawGIIIZ,lNeuVx,lxBrCuC,OUIh,thawGIIIZ,lNeuVx,hUjtObw
thawGIIIZ,TW,thawGIIIZ,thawGIIIZ,lNeuVx,lxBrCuC,OUIh,thawGIIIZ,lNeuVx,hUjtObw
thawGIIIZ,TW,thawGIIIZ,thawGIIIZ,lNeuVx,lxBrCuC,OUIh,thawGIIIZ,lNeuVx,hUjtObw
thawGIIIZ,thawGIIIZ,thawGIIIZ,lNeuVx,lxBrCuC,OUIh,thawGIIIZ,lNeuVx,TW,hUjtObw
thawGIIIZ,thawGIIIZ,thawGIIIZ,lxBrCuC,OUIh,thawGIIIZ,lNeuVx,lNeuVx,TW,hUjtObw
lNeuVx
lNeuVx
lNeuVx
lNeuVx
thawGIIIZ,thawGIIIZ,thawGIIIZ,OUIh,thawGIIIZ,lNeuVx,lNeuVx,lxBrCuC,TW,hUjtObw,lNeuVx,OUIh
lxBrCuC
thawGIIIZ,thawGIIIZ,thawGIIIZ,OUIh,thawGIIIZ,lNeuVx,lNeuVx,lxBrCuC,TW,hUjtObw,lNeuVx,OUIh
hUjtObw
hUjtObw
thawGIIIZ,thawGIIIZ,OUIh,thawGIIIZ,lNeuVx,lNeuVx,TW,hUjtObw,lNeuVx,OUIh,thawGIIIZ
thawGIIIZ,thawGIIIZ,thawGIIIZ,lNeuVx,lNeuVx,TW,hUjtObw,OUIh,lNeuVx,OUIh,thawGIIIZ
hUjtObw
thawGIIIZ,thawGIIIZ,OUIh,thawGIIIZ,lNeuVx,lNeuVx,TW,hUjtObw,lNeuVx,OUIh,thawGIIIZ
hUjtObw
thawGIIIZ,thawGIIIZ,OUIh,thawGIIIZ,lNeuVx,lNeuVx,TW,hUjtObw,lNeuVx,OUIh,thawGIIIZ,lNeuVx,thawGIIIZ,xpR
hUjtObw
thawGIIIZ,thawGIIIZ,OUIh,thawGIIIZ,lNeuVx,lNeuVx,TW,hUjtObw,lNeuVx,OUIh,thawGIIIZ,lNeuVx,thawGIIIZ,xpR
hUjtObw
thawGIIIZ,thawGIIIZ,OUIh,thawGIIIZ,lNeuVx,lNeuVx,TW,hUjtObw,lNeuVx,OUIh,thawGIIIZ,lNeuVx,thawGIIIZ,xpR,xpR
hUjtObw
thawGIIIZ,thawGIIIZ,OUIh,thawGIIIZ,lNeuVx,lNeuVx,TW,hUjtObw,lNeuVx,OUIh,thawGIIIZ,lNeuVx,thawGIIIZ,xpR,xpR
thawGIIIZ,thawGIIIZ,OUIh,thawGIIIZ,lNeuVx,lNeuVx,TW,hUjtObw,lNeuVx,OUIh,thawGIIIZ,lNeuVx,thawGIIIZ,xpR,xpR
thawGIIIZ,thawGIIIZ,OUIh,thawGIIIZ,lNeuVx,lNeuVx,TW,hUjtObw,lNeuVx,OUIh,thawGIIIZ,lNeuVx,thawGIIIZ,xpR,xpR,TW
hUjtObw
hUjtObw
hUjtObw
hUjtObw
hUjtObw
thawGIIIZ,thawGIIIZ,OUIh,thawGIIIZ,lNeuVx,lNeuVx,TW,hUjtObw,lNeuVx,OUIh,thawGIIIZ,lNeuVx,thawGIIIZ,xpR,xpR
OUIh
thawGIIIZ,thawGIIIZ,thawGIIIZ,lNeuVx,TW,hUjtObw,lNeuVx,OUIh,thawGIIIZ,lNeuVx,thawGIIIZ,xpR,xpR,thawGIIIZ
thawGIIIZ,thawGIIIZ,OUIh,thawGIIIZ,lNeuVx,TW,hUjtObw,lNeuVx,OUIh,thawGIIIZ,lNeuVx,thawGIIIZ,xpR,xpR,thawGIIIZ
thawGIIIZ,OUIh,thawGIIIZ,lNeuVx,TW,hUjtObw,lNeuVx,OUIh,thawGIIIZ,lNeuVx,thawGIIIZ,xpR,xpR,thawGIIIZ,hUjtObw
thawGIIIZ,OUIh,thawGIIIZ,lNeuVx,hUjtObw,lNeuVx,OUIh,thawGIIIZ,lNeuVx,thawGIIIZ,xpR,thawGIIIZ,hUjtObw,OUIh
OUIh
thawGIIIZ,thawGIIIZ,lNeuVx,TW,hUjtObw,lNeuVx,thawGIIIZ,lNeuVx,thawGIIIZ,xpR,OUIh,thawGIIIZ,hUjtObw
OUIh
OUIh
OUIh
OUIh
thawGIIIZ,OUIh,thawGIIIZ,lNeuVx,TW,hUjtObw,lNeuVx,OUIh,thawGIIIZ,lNeuVx,thawGIIIZ,xpR,thawGIIIZ,hUjtObw
thawGIIIZ,OUIh,thawGIIIZ,lNeuVx,TW,hUjtObw,lNeuVx,OUIh,thawGIIIZ,lNeuVx,thawGIIIZ,xpR,thawGIIIZ,hUjtObw,lNeuVx
thawGIIIZ,OUIh,thawGIIIZ,lNeuVx,TW,hUjtObw,lNeuVx,OUIh,thawGIIIZ,lNeuVx,thawGIIIZ,xpR,thawGIIIZ,hUjtObw,lNeuVx,zDwQ,TW
thawGIIIZ,OUIh,thawGIIIZ,lNeuVx,TW,hUjtObw,lNeuVx,OUIh,thawGIIIZ,lNeuVx,thawGIIIZ,xpR,thawGIIIZ,hUjtObw,lNeuVx,zDwQ,hUjtObw
thawGIIIZ,OUIh,thawGIIIZ,TW,hUjtObw,lNeuVx,OUIh,thawGIIIZ,lNeuVx,thawGIIIZ,xpR,thawGIIIZ,hUjtObw,lNeuVx,zDwQ,hUjtObw
xpR
thawGIIIZ,thawGIIIZ,TW,hUjtObw,lNeuVx,OUIh,thawGIIIZ,lNeuVx,thawGIIIZ,xpR,OUIh,thawGIIIZ,hUjtObw,lNeuVx,zDwQ,hUjtObw
thawGIIIZ,thawGIIIZ,TW,hUjtObw,lNeuVx,thawGIIIZ,lNeuVx,thawGIIIZ,xpR,OUIh,OUIh,thawGIIIZ,hUjtObw,lNeuVx,zDwQ,hUjtObw
thawGIIIZ,thawGIIIZ,TW,hUjtObw,lNeuVx,thawGIIIZ,lNeuVx,thawGIIIZ,xpR,OUIh,OUIh,thawGIIIZ,hUjtObw,lNeuVx,zDwQ,hUjtObw
thawGIIIZ,TW,hUjtObw,lNeuVx,thawGIIIZ,lNeuVx,thawGIIIZ,xpR,OUIh,thawGIIIZ,hUjtObw,lNeuVx,zDwQ,hUjtObw,xpR
OUIh
hUjtObw
hUjtObw
hUjtObw
hUjtObw
hUjtObw
thawGIIIZ,TW,lNeuVx,thawGIIIZ,lNeuVx,thawGIIIZ,OUIh,hUjtObw,thawGIIIZ,hUjtObw,lNeuVx,hUjtObw,lNeuVx,OUIh
thawGIIIZ,TW,thawGIIIZ,lNeuVx,thawGIIIZ,OUIh,hUjtObw,thawGIIIZ,hUjtObw,lNeuVx,hUjtObw,lNeuVx,OUIh
hUjtObw
thawGIIIZ
TW,thawGIIIZ,thawGIIIZ,OUIh,hUjtObw,lNeuVx,thawGIIIZ,thawGIIIZ,hUjtObw,lNeuVx,hUjtObw,lNeuVx,OUIh,TW
lNeuVx
OUIh
thawGIIIZ,TW,hUjtObw,lNeuVx,thawGIIIZ,lNeuVx,thawGIIIZ,xpR,OUIh,OUIh,thawGIIIZ,hUjtObw,lNeuVx,zDwQ,hUjtObw,OUIh
TW
hUjtObw,lNeuVx,thawGIIIZ,lNeuVx,thawGIIIZ,xpR,OUIh,thawGIIIZ,TW,zDwQ,lxBrCuC,thawGIIIZ,hUjtObw,lNeuVx,hUjtObw,OUIh,OL,lNeuVx,lNeuVx
hUjtObw
hUjtObw
TW
hUjtObw,lNeuVx,thawGIIIZ,lNeuVx,thawGIIIZ,xpR,OUIh,thawGIIIZ,TW,zDwQ,lxBrCuC,thawGIIIZ,hUjtObw,lNeuVx,hUjtObw,OUIh,OL,lNeuVx,lNeuVx
TW
TW
hUjtObw,lNeuVx,thawGIIIZ,lNeuVx,thawGIIIZ,xpR,OUIh,thawGIIIZ,TW,zDwQ,lxBrCuC,thawGIIIZ,hUjtObw,lNeuVx,hUjtObw,OUIh,OL,lNeuVx,lNeuVx,zDwQ
hUjtObw,thawGIIIZ,lNeuVx,thawGIIIZ,xpR,OUIh,thawGIIIZ,TW,thawGIIIZ,hUjtObw,lNeuVx,hUjtObw,OUIh,lNeuVx,lNeuVx,zDwQ
hUjtObw,thawGIIIZ,xpR,OUIh,thawGIIIZ,TW,zDwQ,thawGIIIZ,hUjtObw,hUjtObw,OUIh,lNeuVx,lNeuVx,xpR
TW
TW
hUjtObw,thawGIIIZ,xpR,OUIh,thawGIIIZ,TW,zDwQ,thawGIIIZ,hUjtObw,hUjtObw,OUIh,lNeuVx,lNeuVx,xpR,thawGIIIZ
TW
hUjtObw,thawGIIIZ,xpR,OUIh,thawGIIIZ,TW,zDwQ,thawGIIIZ,hUjtObw,hUjtObw,OUIh,lNeuVx,lNeuVx,xpR,thawGIIIZ,hUjtObw,OUIh
Jedi Wagner, assuma o comando!