[vazia]
RdKOyKyhz
RdKOyKyhz
RdKOyKyhz
RdKOyKyhz
[vazia]
[vazia]
RdKOyKyhz
RdKOyKyhz,QsNmF
RdKOyKyhz
RdKOyKyhz,QsNmF,QsNmF
QsNmF
QsNmF
RdKOyKyhz,QsNmF,QsNmF,RdKOyKyhz
QsNmF
QsNmF,RdKOyKyhz,QsNmF,RdKOyKyhz
QsNmF,RdKOyKyhz,QsNmF,RdKOyKyhz
QsNmF
jUSJM
jUSJM
RdKOyKyhz,QsNmF,jUSJM
jUSJM,RdKOyKyhz,jUSJM
jUSJM
QsNmF
QsNmF
QsNmF
RdKOyKyhz,QsNmF,QsNmF
QsNmF
RdKOyKyhz,QsNmF,QsNmF
QsNmF
RdKOyKyhz,QsNmF,QsNmF,QsNmF
RdKOyKyhz,QsNmF,QsNmF
RdKOyKyhz,QsNmF,QsNmF
QsNmF
QsNmF
RdKOyKyhz,QsNmF,QsNmF
RdKOyKyhz,QsNmF,QsNmF
RdKOyKyhz,RdKOyKyhz,QsNmF
RdKOyKyhz
RdKOyKyhz,QsNmF,QsNmF
QsNmF,RdKOyKyhz,QsNmF,RdKOyKyhz
QsNmF,RdKOyKyhz,QsNmF,RdKOyKyhz
RdKOyKyhz
QsNmF,RdKOyKyhz,QsNmF,RdKOyKyhz,jUSJM,QsNmF
QsNmF
RdKOyKyhz
RdKOyKyhz
RdKOyKyhz
QsNmF,QsNmF,RdKOyKyhz,QsNmF,QsNmF,jUSJM
QsNmF
QsNmF
jUSJM,QsNmF,QsNmF,QsNmF,RdKOyKyhz
jUSJM
jUSJM
jUSJM
jUSJM
QsNmF,QsNmF,RdKOyKyhz
QsNmF,QsNmF
QsNmF,QsNmF
QsNmF
QsNmF,RdKOyKyhz,QsNmF,QsNmF,RdKOyKyhz
QsNmF
QsNmF,RdKOyKyhz,QsNmF,QsNmF,RdKOyKyhz,QsNmF
QsNmF
QsNmF,QsNmF,RdKOyKyhz,QsNmF,QsNmF,jUSJM,RdKOyKyhz
QsNmF,RdKOyKyhz,QsNmF,QsNmF,jUSJM,RdKOyKyhz,jUSJM
QsNmF
QsNmF,RdKOyKyhz,QsNmF,QsNmF,jUSJM,RdKOyKyhz,jUSJM
QsNmF,RdKOyKyhz,QsNmF,QsNmF,jUSJM,RdKOyKyhz,jUSJM
QsNmF,QsNmF,QsNmF,QsNmF,RdKOyKyhz,jUSJM,RdKOyKyhz
jUSJM
jUSJM
QsNmF,QsNmF,QsNmF,jUSJM,QsNmF,RdKOyKyhz
QsNmF,QsNmF,QsNmF,jUSJM,QsNmF,RdKOyKyhz
QsNmF
QsNmF,QsNmF,QsNmF,jUSJM,QsNmF,RdKOyKyhz
QsNmF,QsNmF,QsNmF,jUSJM,QsNmF,RdKOyKyhz
RdKOyKyhz
QsNmF,QsNmF,QsNmF,jUSJM,QsNmF,RdKOyKyhz
RdKOyKyhz
QsNmF,QsNmF,QsNmF,jUSJM,QsNmF,RdKOyKyhz
QsNmF
QsNmF,QsNmF,QsNmF,jUSJM,QsNmF,RdKOyKyhz
QsNmF
QsNmF,QsNmF,QsNmF,QsNmF
QsNmF
QsNmF,QsNmF,QsNmF,jUSJM,jUSJM
QsNmF
QsNmF,QsNmF,QsNmF,jUSJM,QsNmF
QsNmF
QsNmF,QsNmF,QsNmF,jUSJM,jUSJM,jUSJM,jUSJM
QsNmF,QsNmF,QsNmF,jUSJM,jUSJM,jUSJM,jUSJM
RdKOyKyhz
RdKOyKyhz,QsNmF,jUSJM,jUSJM,jUSJM,jUSJM
RdKOyKyhz,jUSJM,jUSJM,jUSJM,jUSJM,RdKOyKyhz
RdKOyKyhz,jUSJM,jUSJM,jUSJM,RdKOyKyhz,QsNmF
jUSJM
RdKOyKyhz,jUSJM,jUSJM,jUSJM,RdKOyKyhz,QsNmF
jUSJM
jUSJM
RdKOyKyhz,jUSJM,QsNmF,jUSJM,jUSJM,RdKOyKyhz,jUSJM
jUSJM
jUSJM
jUSJM,jUSJM,jUSJM,RdKOyKyhz,jUSJM,RdKOyKyhz,RdKOyKyhz,jUSJM
jUSJM,jUSJM,jUSJM,RdKOyKyhz,jUSJM,RdKOyKyhz,RdKOyKyhz,jUSJM
jUSJM,jUSJM,RdKOyKyhz,jUSJM,RdKOyKyhz,RdKOyKyhz,jUSJM
jUSJM,jUSJM,RdKOyKyhz,jUSJM,RdKOyKyhz,RdKOyKyhz,jUSJM,jUSJM,jUSJM
jUSJM,jUSJM,RdKOyKyhz,jUSJM,RdKOyKyhz,RdKOyKyhz,jUSJM,jUSJM
jUSJM,jUSJM,RdKOyKyhz,jUSJM,RdKOyKyhz,RdKOyKyhz,jUSJM,jUSJM
RdKOyKyhz
RdKOyKyhz
jUSJM,jUSJM,RdKOyKyhz,jUSJM,RdKOyKyhz,RdKOyKyhz,jUSJM,jUSJM,RdKOyKyhz
jUSJM
jUSJM,jUSJM,jUSJM,QsNmF,RdKOyKyhz,jUSJM,jUSJM,RdKOyKyhz,jUSJM,RdKOyKyhz
jUSJM
jUSJM
jUSJM,jUSJM,jUSJM,QsNmF,RdKOyKyhz,jUSJM,jUSJM,RdKOyKyhz,jUSJM,RdKOyKyhz
jUSJM,jUSJM,jUSJM,QsNmF,RdKOyKyhz,jUSJM,jUSJM,RdKOyKyhz,jUSJM,RdKOyKyhz
jUSJM,jUSJM,jUSJM,QsNmF,RdKOyKyhz,jUSJM,jUSJM,RdKOyKyhz,jUSJM,RdKOyKyhz
jUSJM,jUSJM,jUSJM,QsNmF,RdKOyKyhz,jUSJM,jUSJM,RdKOyKyhz,jUSJM,RdKOyKyhz
jUSJM,jUSJM,jUSJM,QsNmF,jUSJM,RdKOyKyhz,jUSJM,RdKOyKyhz,jUSJM,RdKOyKyhz,jUSJM
jUSJM,jUSJM,jUSJM,QsNmF,RdKOyKyhz,jUSJM,jUSJM,RdKOyKyhz,jUSJM,RdKOyKyhz,jUSJM,jUSJM
jUSJM
jUSJM,jUSJM,QsNmF,RdKOyKyhz,jUSJM,jUSJM,jUSJM,RdKOyKyhz,jUSJM,RdKOyKyhz,jUSJM,jUSJM
jUSJM,jUSJM,QsNmF,RdKOyKyhz,jUSJM,jUSJM,jUSJM,RdKOyKyhz,jUSJM,RdKOyKyhz,jUSJM,jUSJM
jUSJM,jUSJM,QsNmF,RdKOyKyhz,jUSJM,jUSJM,jUSJM,RdKOyKyhz,jUSJM,RdKOyKyhz,jUSJM,jUSJM
RdKOyKyhz
RdKOyKyhz
RdKOyKyhz
jUSJM,jUSJM,QsNmF,RdKOyKyhz,jUSJM,jUSJM,jUSJM,RdKOyKyhz,jUSJM,RdKOyKyhz,jUSJM,jUSJM
jUSJM
jUSJM
jUSJM
jUSJM,jUSJM,QsNmF,jUSJM,jUSJM,jUSJM,RdKOyKyhz,jUSJM,RdKOyKyhz,jUSJM,jUSJM,jUSJM
jUSJM
jUSJM
jUSJM,jUSJM,QsNmF,RdKOyKyhz,jUSJM,jUSJM,jUSJM,RdKOyKyhz,jUSJM,RdKOyKyhz,jUSJM,jUSJM,QsNmF
RdKOyKyhz
jUSJM,jUSJM,QsNmF,RdKOyKyhz,jUSJM,jUSJM,jUSJM,RdKOyKyhz,jUSJM,RdKOyKyhz,jUSJM,jUSJM,RdKOyKyhz
jUSJM,jUSJM,RdKOyKyhz,jUSJM,jUSJM,jUSJM,RdKOyKyhz,jUSJM,QsNmF,RdKOyKyhz,jUSJM,jUSJM,RdKOyKyhz,jUSJM
QsNmF
jUSJM,RdKOyKyhz,jUSJM,jUSJM,jUSJM,RdKOyKyhz,jUSJM,RdKOyKyhz,jUSJM,jUSJM,RdKOyKyhz,jUSJM
RdKOyKyhz
RdKOyKyhz
jUSJM,jUSJM,jUSJM,jUSJM,RdKOyKyhz,jUSJM,RdKOyKyhz,jUSJM,jUSJM,RdKOyKyhz,jUSJM
jUSJM,jUSJM,QsNmF,RdKOyKyhz,jUSJM,jUSJM,jUSJM,RdKOyKyhz,jUSJM,RdKOyKyhz,jUSJM,jUSJM,RdKOyKyhz,jUSJM
jUSJM,jUSJM,jUSJM,jUSJM,jUSJM,RdKOyKyhz,jUSJM,QsNmF,RdKOyKyhz,jUSJM,jUSJM,RdKOyKyhz,jUSJM
QsNmF
jUSJM,jUSJM,jUSJM,jUSJM,RdKOyKyhz,jUSJM,QsNmF,RdKOyKyhz,jUSJM,jUSJM,RdKOyKyhz,jUSJM
jUSJM,jUSJM,jUSJM,jUSJM,RdKOyKyhz,jUSJM,QsNmF,RdKOyKyhz,jUSJM,jUSJM,RdKOyKyhz,jUSJM,RdKOyKyhz
jUSJM,jUSJM,jUSJM,jUSJM,RdKOyKyhz,jUSJM,RdKOyKyhz,jUSJM,jUSJM,RdKOyKyhz,jUSJM,RdKOyKyhz
jUSJM
jUSJM,jUSJM,QsNmF,RdKOyKyhz,jUSJM,jUSJM,jUSJM,RdKOyKyhz,jUSJM,RdKOyKyhz,jUSJM,jUSJM,RdKOyKyhz,jUSJM
jUSJM
jUSJM,jUSJM,QsNmF,jUSJM,jUSJM,jUSJM,RdKOyKyhz,jUSJM,RdKOyKyhz,jUSJM,jUSJM,RdKOyKyhz,jUSJM
jUSJM,jUSJM,jUSJM,jUSJM,jUSJM,RdKOyKyhz,jUSJM,RdKOyKyhz,QsNmF,jUSJM,jUSJM,RdKOyKyhz,jUSJM
RdKOyKyhz
RdKOyKyhz
jUSJM,jUSJM,jUSJM,jUSJM,jUSJM,QsNmF,RdKOyKyhz,jUSJM,jUSJM,jUSJM,QsNmF,RdKOyKyhz
RdKOyKyhz
jUSJM
jUSJM
jUSJM,jUSJM,jUSJM,jUSJM,jUSJM,QsNmF,RdKOyKyhz,jUSJM,jUSJM,jUSJM,QsNmF,RdKOyKyhz,RdKOyKyhz
jUSJM,jUSJM,jUSJM,jUSJM,jUSJM,QsNmF,RdKOyKyhz,jUSJM,jUSJM,jUSJM,QsNmF,RdKOyKyhz,RdKOyKyhz
jUSJM,jUSJM,jUSJM,jUSJM,QsNmF,RdKOyKyhz,jUSJM,jUSJM,jUSJM,jUSJM,QsNmF,RdKOyKyhz,RdKOyKyhz
jUSJM
jUSJM
jUSJM,jUSJM,jUSJM,jUSJM,jUSJM,QsNmF,jUSJM,jUSJM,jUSJM,QsNmF,RdKOyKyhz,RdKOyKyhz
jUSJM,jUSJM,jUSJM,jUSJM,jUSJM,QsNmF,jUSJM,jUSJM,jUSJM,QsNmF,RdKOyKyhz,RdKOyKyhz
jUSJM,jUSJM,jUSJM,jUSJM,jUSJM,jUSJM,jUSJM,QsNmF,QsNmF,jUSJM,RdKOyKyhz,RdKOyKyhz,jUSJM
jUSJM,jUSJM,jUSJM,jUSJM,jUSJM,jUSJM,jUSJM,QsNmF,QsNmF,jUSJM,RdKOyKyhz,RdKOyKyhz,jUSJM,QsNmF
QsNmF
jUSJM,jUSJM,jUSJM,jUSJM,jUSJM,jUSJM,jUSJM,QsNmF,jUSJM,RdKOyKyhz,RdKOyKyhz,jUSJM,QsNmF
RdKOyKyhz
RdKOyKyhz
jUSJM,jUSJM,jUSJM,jUSJM,jUSJM,jUSJM,jUSJM,QsNmF,jUSJM,RdKOyKyhz,jUSJM,QsNmF,QsNmF
jUSJM
jUSJM,jUSJM,jUSJM,jUSJM,jUSJM,jUSJM,jUSJM,QsNmF,jUSJM,jUSJM,QsNmF,QsNmF,RdKOyKyhz,QsNmF,jUSJM
jUSJM,jUSJM,jUSJM,jUSJM,jUSJM,jUSJM,QsNmF,jUSJM,jUSJM,QsNmF,QsNmF,RdKOyKyhz,QsNmF,jUSJM
jUSJM,jUSJM,jUSJM,jUSJM,jUSJM,QsNmF,jUSJM,jUSJM,QsNmF,jUSJM,QsNmF,RdKOyKyhz,QsNmF,jUSJM
jUSJM,jUSJM,jUSJM,jUSJM,jUSJM,QsNmF,jUSJM,jUSJM,QsNmF,jUSJM,QsNmF,QsNmF,jUSJM
jUSJM,jUSJM,jUSJM,jUSJM,jUSJM,jUSJM,QsNmF,jUSJM,jUSJM,QsNmF,QsNmF,jUSJM
QsNmF
jUSJM,jUSJM,jUSJM,jUSJM,jUSJM,jUSJM,jUSJM,QsNmF,jUSJM,RdKOyKyhz,jUSJM,QsNmF,QsNmF,RdKOyKyhz
QsNmF
jUSJM,jUSJM,jUSJM,jUSJM,jUSJM,jUSJM,jUSJM,QsNmF,jUSJM,QsNmF,RdKOyKyhz,jUSJM,QsNmF,RdKOyKyhz,RdKOyKyhz
jUSJM,jUSJM,jUSJM,jUSJM,jUSJM,jUSJM,jUSJM,RdKOyKyhz,jUSJM,QsNmF,jUSJM,QsNmF,RdKOyKyhz,RdKOyKyhz
jUSJM,jUSJM,jUSJM,jUSJM,jUSJM,jUSJM,jUSJM,RdKOyKyhz,jUSJM,QsNmF,jUSJM,QsNmF,RdKOyKyhz,RdKOyKyhz
jUSJM,jUSJM,jUSJM,jUSJM,jUSJM,jUSJM,jUSJM,RdKOyKyhz,jUSJM,QsNmF,jUSJM,QsNmF,RdKOyKyhz,RdKOyKyhz
RdKOyKyhz
jUSJM,jUSJM,jUSJM,jUSJM,jUSJM,jUSJM,jUSJM,RdKOyKyhz,jUSJM,QsNmF,jUSJM,QsNmF,RdKOyKyhz,RdKOyKyhz
jUSJM
jUSJM,jUSJM,jUSJM,jUSJM,jUSJM,jUSJM,jUSJM,jUSJM,QsNmF,jUSJM,QsNmF,RdKOyKyhz,RdKOyKyhz,jUSJM
jUSJM
jUSJM,jUSJM,jUSJM,jUSJM,jUSJM,jUSJM,jUSJM,jUSJM,QsNmF,jUSJM,QsNmF,RdKOyKyhz,RdKOyKyhz,jUSJM
jUSJM,jUSJM,jUSJM,jUSJM,jUSJM,jUSJM,jUSJM,jUSJM,QsNmF,jUSJM,QsNmF,RdKOyKyhz,RdKOyKyhz,jUSJM
QsNmF
jUSJM,jUSJM,jUSJM,jUSJM,jUSJM,jUSJM,jUSJM,jUSJM,QsNmF,jUSJM,QsNmF,RdKOyKyhz,RdKOyKyhz,jUSJM
jUSJM,jUSJM,jUSJM,jUSJM,jUSJM,jUSJM,jUSJM,jUSJM,QsNmF,jUSJM,QsNmF,RdKOyKyhz,jUSJM
QsNmF
jUSJM,jUSJM,jUSJM,jUSJM,jUSJM,jUSJM,jUSJM,jUSJM,RdKOyKyhz,QsNmF,jUSJM,QsNmF,RdKOyKyhz,jUSJM
RdKOyKyhz
jUSJM,jUSJM,jUSJM,jUSJM,jUSJM,jUSJM,RdKOyKyhz,QsNmF,jUSJM,jUSJM,jUSJM,QsNmF,RdKOyKyhz,jUSJM,QsNmF,QsNmF
jUSJM,jUSJM,jUSJM,jUSJM,jUSJM,jUSJM,jUSJM,RdKOyKyhz,QsNmF,jUSJM,jUSJM,QsNmF,RdKOyKyhz,jUSJM,QsNmF,QsNmF
jUSJM,jUSJM,jUSJM,jUSJM,jUSJM,jUSJM,jUSJM,RdKOyKyhz,QsNmF,jUSJM,jUSJM,QsNmF,RdKOyKyhz,jUSJM,QsNmF,QsNmF
jUSJM
jUSJM,jUSJM,jUSJM,jUSJM,jUSJM,jUSJM,RdKOyKyhz,QsNmF,jUSJM,jUSJM,jUSJM,QsNmF,RdKOyKyhz,jUSJM,QsNmF,QsNmF,jUSJM,QsNmF
jUSJM
jUSJM
Jedi Wagner, assuma o comando!