Toque! Toque, Dijê!
Toque! Toque, Dijê!
Toque! Toque, Dijê!
TbOwoUe
TbOwoUe
Toque! Toque, Dijê!
[vazia]
Toque! Toque, Dijê!
Toque! Toque, Dijê!
[vazia]
Toque! Toque, Dijê!
Toque! Toque, Dijê!
Toque! Toque, Dijê!
kBHjAu
kBHjAu
kBHjAu
kBHjAu
kBHjAu
zodTEUihXW
kBHjAu,zodTEUihXW
zodTEUihXW
kBHjAu
kBHjAu
kBHjAu
zodTEUihXW,kBHjAu,kBHjAu
zodTEUihXW,kBHjAu,kBHjAu
kBHjAu
kBHjAu
zodTEUihXW,kBHjAu,TbOwoUe
wAb
kBHjAu
kBHjAu
kBHjAu
kBHjAu
wAb
kBHjAu
wAb,kBHjAu
kBHjAu
wAb,kBHjAu,kBHjAu,wAb,zodTEUihXW
wAb,kBHjAu,kBHjAu,wAb,zodTEUihXW
kBHjAu
kBHjAu
kBHjAu
wAb,kBHjAu,TbOwoUe
kBHjAu
wAb,kBHjAu,TbOwoUe
kBHjAu
TbOwoUe
TbOwoUe
kBHjAu,TbOwoUe,TbOwoUe,kBHjAu
TbOwoUe
TbOwoUe
TbOwoUe
kBHjAu,TbOwoUe,TbOwoUe
kBHjAu,TbOwoUe,TbOwoUe
kBHjAu,TbOwoUe,TbOwoUe
TbOwoUe
TbOwoUe
kBHjAu,TbOwoUe,TbOwoUe,TbOwoUe
kBHjAu,TbOwoUe,TbOwoUe,TbOwoUe
TbOwoUe
TbOwoUe,kBHjAu
TbOwoUe,kBHjAu
kBHjAu
TbOwoUe,kBHjAu,TbOwoUe,kBHjAu,NYHp
TbOwoUe,kBHjAu,TbOwoUe,kBHjAu,NYHp
TbOwoUe,kBHjAu,TbOwoUe,kBHjAu,NYHp
kBHjAu
kBHjAu,TbOwoUe,kBHjAu,NYHp,TbOwoUe,wAb
wAb
kBHjAu
kBHjAu
kBHjAu,TbOwoUe,kBHjAu,NYHp,TbOwoUe
kBHjAu,TbOwoUe,kBHjAu,NYHp,TbOwoUe
kBHjAu,TbOwoUe,kBHjAu,NYHp,TbOwoUe
kBHjAu,TbOwoUe,kBHjAu,TbOwoUe
TbOwoUe
TbOwoUe
kBHjAu,kBHjAu,TbOwoUe,kBHjAu
TbOwoUe
TbOwoUe,kBHjAu,NYHp,TbOwoUe,kBHjAu,wAb,kBHjAu
kBHjAu
kBHjAu,TbOwoUe,kBHjAu,NYHp,TbOwoUe,wAb
kBHjAu,TbOwoUe,kBHjAu,NYHp,TbOwoUe,wAb
kBHjAu,TbOwoUe,kBHjAu,TbOwoUe,NYHp,wAb
kBHjAu,TbOwoUe,kBHjAu,NYHp,TbOwoUe,wAb
Jedi Wagner, assuma o comando!