Toque! Toque, Dijê!
[vazia]
Toque! Toque, Dijê!
wioUqNdpa
wioUqNdpa,wioUqNdpa
wioUqNdpa,wioUqNdpa
wioUqNdpa
wioUqNdpa,wioUqNdpa
wioUqNdpa
wioUqNdpa
wioUqNdpa
wioUqNdpa
wioUqNdpa
wioUqNdpa,wioUqNdpa
wioUqNdpa,wioUqNdpa
wioUqNdpa
wioUqNdpa
wioUqNdpa
wioUqNdpa
wioUqNdpa
wioUqNdpa
wioUqNdpa
wioUqNdpa
wioUqNdpa
wioUqNdpa,wioUqNdpa
wioUqNdpa,wioUqNdpa
wioUqNdpa
wioUqNdpa
wioUqNdpa
wioUqNdpa
wioUqNdpa
wioUqNdpa
wioUqNdpa
wioUqNdpa
wioUqNdpa
wioUqNdpa
wioUqNdpa
wioUqNdpa,wioUqNdpa
wioUqNdpa
wioUqNdpa
wioUqNdpa
wioUqNdpa
wioUqNdpa
wioUqNdpa
wioUqNdpa
[vazia]
wioUqNdpa
wioUqNdpa
wioUqNdpa
Toque! Toque, Dijê!
wioUqNdpa
wioUqNdpa
wioUqNdpa
wioUqNdpa
wioUqNdpa,wioUqNdpa
wioUqNdpa
wioUqNdpa,wioUqNdpa,wioUqNdpa
wioUqNdpa
wioUqNdpa
wioUqNdpa
wioUqNdpa,wioUqNdpa,wioUqNdpa,wioUqNdpa
wioUqNdpa,wioUqNdpa,wioUqNdpa,wioUqNdpa
wioUqNdpa,wioUqNdpa,wioUqNdpa
wioUqNdpa
wioUqNdpa
wioUqNdpa
wioUqNdpa,wioUqNdpa,wioUqNdpa,wioUqNdpa,wioUqNdpa,wioUqNdpa,wioUqNdpa
wioUqNdpa
wioUqNdpa,wioUqNdpa,wioUqNdpa,wioUqNdpa,wioUqNdpa,wioUqNdpa,wioUqNdpa
wioUqNdpa,wioUqNdpa,wioUqNdpa,wioUqNdpa,wioUqNdpa,wioUqNdpa
wioUqNdpa,wioUqNdpa,wioUqNdpa,wioUqNdpa,wioUqNdpa,wioUqNdpa
wioUqNdpa
wioUqNdpa
wioUqNdpa,wioUqNdpa,wioUqNdpa,wioUqNdpa,wioUqNdpa,wioUqNdpa
wioUqNdpa
wioUqNdpa,wioUqNdpa,wioUqNdpa,wioUqNdpa,wioUqNdpa,wioUqNdpa
wioUqNdpa
wioUqNdpa
wioUqNdpa
wioUqNdpa,wioUqNdpa,wioUqNdpa,wioUqNdpa,wioUqNdpa,wioUqNdpa,wioUqNdpa,wioUqNdpa
wioUqNdpa
wioUqNdpa
wioUqNdpa
wioUqNdpa
wioUqNdpa
wioUqNdpa
wioUqNdpa
wioUqNdpa
wioUqNdpa,wioUqNdpa,wioUqNdpa,wioUqNdpa,wioUqNdpa,wioUqNdpa,wioUqNdpa
wioUqNdpa
wioUqNdpa
wioUqNdpa,wioUqNdpa,wioUqNdpa,wioUqNdpa,wioUqNdpa,wioUqNdpa,wioUqNdpa
wioUqNdpa,wioUqNdpa,wioUqNdpa,wioUqNdpa,wioUqNdpa,wioUqNdpa,wioUqNdpa
wioUqNdpa
wioUqNdpa,wioUqNdpa,wioUqNdpa,wioUqNdpa,wioUqNdpa,wioUqNdpa,wioUqNdpa
wioUqNdpa
wioUqNdpa,wioUqNdpa,wioUqNdpa,wioUqNdpa,wioUqNdpa,wioUqNdpa,wioUqNdpa,wioUqNdpa
wioUqNdpa
Jedi Wagner, assuma o comando!