Dd
Dd
Dd
Dd
Dd
Dd
Dd
dcdoJ
dcdoJ
Dd,Dd,ex,dcdoJ
Dd
Dd
dcdoJ
dcdoJ
dcdoJ,Dd,Dd,ex
dcdoJ,Dd,Dd,ex,TVg
ex
ex
ex,Dd,dcdoJ,dcdoJ,dcdoJ,Dd
Dd
Dd
Dd,ex,dcdoJ
Dd,Dd,ex,dcdoJ
Dd
Dd
ex
dcdoJ
Dd,Dd,ex,dcdoJ
ex
Dd,Dd,ex,dcdoJ,Dd,TVg,TVg,QRUg
Dd,dcdoJ,Dd,TVg,Dd,ex
Dd
Dd
Dd,Dd,dcdoJ,Dd,TVg,ex,QRUg
Dd,Dd,dcdoJ,Dd,ex,QRUg
Dd,dcdoJ,Dd,ex,Dd,QRUg,ex
QRUg
dcdoJ,Dd,ex,Dd,QRUg,Dd,ex
dcdoJ,Dd,ex,Dd,QRUg,Dd,ex
Dd,dcdoJ,Dd,ex,Dd,QRUg,ex
Dd,dcdoJ,Dd,ex,Dd,QRUg,ex
Dd
Dd,Dd,Dd,dcdoJ,ex,Dd,dcdoJ,TVg,Dd
TVg
TVg
TVg
Dd,Dd,dcdoJ,ex,Dd,dcdoJ,TVg,Dd
Dd,Dd,dcdoJ,ex,Dd,dcdoJ,TVg,Dd
Dd,Dd,dcdoJ,ex,Dd,dcdoJ,TVg,Dd
Dd
Dd,dcdoJ,Dd,dcdoJ,Dd,ex,Dd
Dd
ex
Dd,dcdoJ,Dd,dcdoJ,Dd,ex,Dd,dcdoJ
ex
Dd,dcdoJ,Dd,dcdoJ,Dd,ex,Dd,dcdoJ
Dd,dcdoJ,Dd,dcdoJ,Dd,ex,Dd,dcdoJ
ex
ex
ex
Dd
dcdoJ,dcdoJ,Dd,ex,Dd,Dd,Dd,dcdoJ,QRUg
Dd
dcdoJ,dcdoJ,Dd,ex,Dd,Dd,Dd,dcdoJ,QRUg,Dd
dcdoJ,ex,Dd,dcdoJ,Dd,dcdoJ,QRUg,Dd,dcdoJ
Dd
dcdoJ,Dd,dcdoJ,ex,Dd,dcdoJ,Dd,dcdoJ
ex
ex
ex
dcdoJ,Dd,dcdoJ,ex,Dd,dcdoJ,Dd,dcdoJ,ex,TVg
dcdoJ,Dd,dcdoJ,TVg,ex,Dd,dcdoJ,Dd,dcdoJ,ex
ex
ex
dcdoJ,Dd,dcdoJ,ex,Dd,dcdoJ,Dd,dcdoJ,ex
dcdoJ,Dd,dcdoJ,ex,Dd,dcdoJ,Dd,dcdoJ,ex,ex,TVg
ex
ex
Dd,dcdoJ,ex,dcdoJ,Dd,dcdoJ,Dd,dcdoJ
Dd,dcdoJ,ex,dcdoJ,Dd,dcdoJ,Dd,dcdoJ
ex
ex
Dd,dcdoJ,ex,dcdoJ,Dd,dcdoJ,Dd,dcdoJ
Dd
dcdoJ
dcdoJ
dcdoJ,ex,Dd,dcdoJ,Dd,dcdoJ,Dd,dcdoJ
dcdoJ,ex,Dd,dcdoJ,Dd,dcdoJ,Dd,dcdoJ
dcdoJ,ex,dcdoJ,Dd,dcdoJ,Dd,dcdoJ
dcdoJ
QRUg
dcdoJ,ex,QRUg,dcdoJ,dcdoJ,dcdoJ,TVg
dcdoJ,ex,Dd,dcdoJ,Dd,dcdoJ,Dd,dcdoJ
dcdoJ,ex,Dd,dcdoJ,Dd,dcdoJ,Dd,dcdoJ
dcdoJ
dcdoJ
ex,dcdoJ,dcdoJ,dcdoJ,Dd,dcdoJ,Dd,TVg,dcdoJ,dcdoJ
dcdoJ,ex,Dd,dcdoJ,Dd,dcdoJ,Dd,dcdoJ
dcdoJ
Dd
dcdoJ,ex,Dd,dcdoJ,Dd,dcdoJ,Dd,dcdoJ,dcdoJ
Dd
dcdoJ,ex,Dd,dcdoJ,Dd,dcdoJ,Dd,dcdoJ,dcdoJ
Dd
dcdoJ,ex,dcdoJ,Dd,dcdoJ,Dd,dcdoJ,dcdoJ,QRUg
Dd
Dd
ex,Dd,dcdoJ,Dd,dcdoJ,Dd,dcdoJ,dcdoJ,dcdoJ,Dd,dcdoJ
ex,Dd,dcdoJ,Dd,dcdoJ,Dd,dcdoJ,dcdoJ,dcdoJ,Dd,dcdoJ
ex,Dd,dcdoJ,Dd,dcdoJ,Dd,dcdoJ,dcdoJ,dcdoJ,Dd,dcdoJ
dcdoJ
dcdoJ
ex,Dd,Dd,dcdoJ,Dd,dcdoJ,dcdoJ,dcdoJ,dcdoJ,Dd,dcdoJ,Dd,dcdoJ
Dd,Dd,dcdoJ,Dd,dcdoJ,dcdoJ,dcdoJ,dcdoJ,Dd,dcdoJ,Dd,dcdoJ
Dd,Dd,dcdoJ,Dd,dcdoJ,dcdoJ,dcdoJ,dcdoJ,Dd,dcdoJ,Dd,dcdoJ
ex
ex
Dd,Dd,dcdoJ,Dd,dcdoJ,dcdoJ,dcdoJ,dcdoJ,ex,Dd,dcdoJ,Dd,dcdoJ,ex
dcdoJ
QRUg
QRUg
QRUg
QRUg
QRUg
Dd,dcdoJ,Dd,dcdoJ,dcdoJ,dcdoJ,dcdoJ,QRUg,Dd,dcdoJ,Dd,dcdoJ,ex,dcdoJ,QRUg,dcdoJ,ex,ex,ex,ex
QRUg
dcdoJ
dcdoJ
dcdoJ
Dd,dcdoJ,Dd,dcdoJ,dcdoJ,dcdoJ,dcdoJ,QRUg,Dd,dcdoJ,Dd,dcdoJ,ex,dcdoJ,QRUg,dcdoJ,ex,ex,ex,ex,QRUg,dcdoJ
dcdoJ
Dd,Dd,dcdoJ,dcdoJ,dcdoJ,dcdoJ,QRUg,Dd,dcdoJ,Dd,dcdoJ,dcdoJ,QRUg,dcdoJ,ex,ex,ex,ex,QRUg,dcdoJ
Dd,Dd,dcdoJ,dcdoJ,dcdoJ,QRUg,Dd,dcdoJ,Dd,dcdoJ,dcdoJ,dcdoJ,QRUg,dcdoJ,ex,ex,ex,QRUg,dcdoJ
dcdoJ
dcdoJ
Dd,Dd,dcdoJ,dcdoJ,dcdoJ,dcdoJ,QRUg,Dd,dcdoJ,Dd,dcdoJ,dcdoJ,QRUg,dcdoJ,ex,ex,ex,QRUg,dcdoJ,QRUg
Dd,Dd,dcdoJ,dcdoJ,dcdoJ,dcdoJ,QRUg,Dd,dcdoJ,Dd,dcdoJ,dcdoJ,QRUg,dcdoJ,ex,ex,ex,QRUg,dcdoJ,QRUg
Dd
dcdoJ,dcdoJ,dcdoJ,QRUg,Dd,dcdoJ,Dd,dcdoJ,dcdoJ,Dd,Dd,QRUg,dcdoJ,ex,ex,QRUg,dcdoJ,QRUg,TVg,QRUg,dcdoJ
dcdoJ,dcdoJ,dcdoJ,QRUg,dcdoJ,Dd,dcdoJ,dcdoJ,Dd,Dd,QRUg,dcdoJ,ex,ex,QRUg,dcdoJ,QRUg,TVg,QRUg,dcdoJ
Dd
dcdoJ,dcdoJ,dcdoJ,QRUg,dcdoJ,Dd,dcdoJ,dcdoJ,Dd,Dd,QRUg,dcdoJ,ex,ex,QRUg,dcdoJ,QRUg,TVg,QRUg,dcdoJ
Dd,Dd,dcdoJ,dcdoJ,dcdoJ,dcdoJ,QRUg,Dd,dcdoJ,Dd,dcdoJ,dcdoJ,QRUg,dcdoJ,ex,ex,ex,QRUg,dcdoJ
Dd,Dd,dcdoJ,dcdoJ,dcdoJ,dcdoJ,QRUg,Dd,dcdoJ,Dd,dcdoJ,dcdoJ,QRUg,dcdoJ,ex,ex,ex,QRUg,dcdoJ
Dd,Dd,dcdoJ,dcdoJ,dcdoJ,dcdoJ,QRUg,Dd,dcdoJ,Dd,dcdoJ,dcdoJ,QRUg,dcdoJ,ex,ex,ex,QRUg,dcdoJ
Dd,Dd,dcdoJ,dcdoJ,dcdoJ,QRUg,Dd,dcdoJ,Dd,dcdoJ,dcdoJ,QRUg,dcdoJ,ex,ex,ex,QRUg,dcdoJ
dcdoJ
Dd,Dd,dcdoJ,dcdoJ,dcdoJ,Dd,dcdoJ,Dd,dcdoJ,dcdoJ,QRUg,dcdoJ,ex,ex,QRUg,dcdoJ,TVg
Dd,Dd,dcdoJ,dcdoJ,dcdoJ,Dd,dcdoJ,Dd,dcdoJ,dcdoJ,QRUg,dcdoJ,ex,ex,QRUg,dcdoJ,TVg,ex
Dd,Dd,dcdoJ,dcdoJ,dcdoJ,Dd,dcdoJ,Dd,dcdoJ,dcdoJ,QRUg,dcdoJ,ex,ex,QRUg,dcdoJ,TVg,ex
QRUg
ex
ex
Dd,dcdoJ,dcdoJ,Dd,dcdoJ,Dd,dcdoJ,dcdoJ,dcdoJ,ex,ex,Dd,QRUg,dcdoJ,TVg,ex,ex
Dd
Dd
ex
ex
dcdoJ,dcdoJ,Dd,dcdoJ,Dd,dcdoJ,dcdoJ,dcdoJ,ex,Dd,ex,QRUg,dcdoJ,TVg,ex,ex,QRUg
QRUg
dcdoJ,dcdoJ,Dd,dcdoJ,Dd,dcdoJ,dcdoJ,dcdoJ,ex,Dd,ex,QRUg,dcdoJ,TVg,ex,ex,QRUg
dcdoJ,dcdoJ,dcdoJ,Dd,dcdoJ,dcdoJ,dcdoJ,Dd,ex,QRUg,dcdoJ,TVg,ex,ex,QRUg,QRUg,dcdoJ
dcdoJ,dcdoJ,dcdoJ,Dd,dcdoJ,dcdoJ,dcdoJ,Dd,ex,QRUg,dcdoJ,TVg,ex,ex,QRUg,QRUg,dcdoJ
dcdoJ,dcdoJ,dcdoJ,dcdoJ,dcdoJ,dcdoJ,Dd,QRUg,dcdoJ,Dd,ex,TVg,ex,ex,QRUg,QRUg,dcdoJ
dcdoJ,dcdoJ,dcdoJ,dcdoJ,dcdoJ,dcdoJ,Dd,QRUg,dcdoJ,Dd,ex,TVg,ex,ex,QRUg,QRUg,dcdoJ,dcdoJ
dcdoJ,dcdoJ,dcdoJ,dcdoJ,dcdoJ,dcdoJ,Dd,QRUg,dcdoJ,Dd,ex,TVg,ex,ex,QRUg,QRUg,dcdoJ,dcdoJ
Jedi Wagner, assuma o comando!