Toque! Toque, Dijê!
Toque! Toque, Dijê!
[vazia]
[vazia]
[vazia]
jZHqNTK
jZHqNTK
WAmaj
VAN
VAN
VAN
WAmaj,VAN,MdmNq
VAN
VAN,cwZVs,MdmNq
VAN
VAN
cwZVs
cwZVs
cwZVs
VAN,cwZVs,MdmNq,VAN,kujNwa,VAN,CAy
MdmNq
MdmNq
MdmNq
MdmNq
MdmNq
MdmNq
cwZVs
MdmNq,cwZVs,kujNwa,VAN,MdmNq,jZHqNTK
MdmNq,cwZVs,kujNwa,VAN,MdmNq,jZHqNTK
jZHqNTK
jZHqNTK
MdmNq,cwZVs,kujNwa,VAN,MdmNq,jZHqNTK,kujNwa
MdmNq,kujNwa,cwZVs,VAN,MdmNq,jZHqNTK,kujNwa
MdmNq,kujNwa,cwZVs,VAN,MdmNq,jZHqNTK,kujNwa
MdmNq,cwZVs,VAN,kujNwa,VAN,MdmNq,jZHqNTK,cwZVs
cwZVs
MdmNq,cwZVs,VAN,kujNwa,VAN,MdmNq,jZHqNTK,cwZVs,VAN
kujNwa
MdmNq
MdmNq
MdmNq,cwZVs,VAN,VAN,MdmNq,jZHqNTK,cwZVs,VAN,WAmaj,jZHqNTK
MdmNq,VAN,WAmaj,cwZVs,MdmNq,jZHqNTK,cwZVs,VAN,jZHqNTK
MdmNq
MdmNq
VAN
VAN
cwZVs
cwZVs
cwZVs
VAN,cwZVs,CAy,WAmaj,MdmNq,cwZVs,VAN,jZHqNTK,VAN,VAN
VAN,cwZVs,CAy,WAmaj,MdmNq,cwZVs,VAN,jZHqNTK,VAN,VAN
cwZVs
CAy
VAN,cwZVs,CAy,WAmaj,MdmNq,cwZVs,VAN,jZHqNTK,VAN,VAN,WAmaj
MdmNq
cwZVs
VAN,cwZVs,CAy,WAmaj,MdmNq,cwZVs,VAN,jZHqNTK,VAN,VAN,WAmaj
VAN,CAy,WAmaj,MdmNq,cwZVs,VAN,jZHqNTK,VAN,VAN,WAmaj
cwZVs
jZHqNTK
jZHqNTK
CAy
MdmNq,cwZVs,jZHqNTK,CAy,VAN,VAN,VAN,WAmaj,MdmNq
MdmNq,CAy,cwZVs,VAN,VAN,VAN,WAmaj,MdmNq
cwZVs
cwZVs,CAy,WAmaj,MdmNq,cwZVs,VAN,VAN,VAN,WAmaj
VAN
cwZVs,CAy,WAmaj,MdmNq,cwZVs,VAN,VAN,VAN,WAmaj
cwZVs,CAy,WAmaj,MdmNq,cwZVs,VAN,VAN,VAN,WAmaj
cwZVs,CAy,WAmaj,MdmNq,cwZVs,VAN,VAN,VAN,WAmaj
cwZVs,CAy,WAmaj,MdmNq,cwZVs,VAN,VAN,VAN,WAmaj,cwZVs
cwZVs,CAy,WAmaj,MdmNq,cwZVs,VAN,VAN,VAN,WAmaj,cwZVs,CAy
VAN
VAN
VAN
cwZVs,CAy,WAmaj,MdmNq,cwZVs,VAN,VAN,VAN,WAmaj
VAN
cwZVs,CAy,WAmaj,MdmNq,cwZVs,VAN,VAN,VAN,WAmaj
cwZVs,CAy,WAmaj,MdmNq,cwZVs,VAN,VAN,VAN,WAmaj
VAN
VAN
cwZVs,CAy,WAmaj,MdmNq,cwZVs,VAN,VAN,VAN,WAmaj,jZHqNTK
WAmaj,MdmNq,cwZVs,VAN,VAN,VAN,WAmaj,jZHqNTK,WAmaj,VAN
VAN
WAmaj,cwZVs,VAN,VAN,VAN,WAmaj,jZHqNTK,WAmaj,VAN,jZHqNTK
VAN
cwZVs,CAy,MdmNq,cwZVs,VAN,VAN,VAN,WAmaj,VAN,cwZVs
VAN
cwZVs,CAy,cwZVs,VAN,MdmNq,VAN,VAN,WAmaj,VAN,cwZVs,kujNwa
cwZVs,CAy,cwZVs,VAN,WAmaj,MdmNq,VAN,VAN,VAN,cwZVs,kujNwa
WAmaj
CAy,cwZVs,VAN,WAmaj,MdmNq,VAN,VAN,VAN,cwZVs,kujNwa,jZHqNTK
WAmaj
VAN
cwZVs,VAN,WAmaj,MdmNq,VAN,CAy,VAN,VAN,cwZVs,kujNwa,jZHqNTK,CAy,WAmaj,kujNwa
cwZVs,VAN,WAmaj,MdmNq,VAN,CAy,VAN,VAN,cwZVs,kujNwa,jZHqNTK,CAy,WAmaj,kujNwa
Jedi Wagner, assuma o comando!