[vazia]
wnrr
wnrr,wnrr
wnrr,wnrr
wnrr,wnrr
wnrr
wnrr
wnrr
wnrr
wnrr
wnrr
wnrr
wnrr
wnrr,KSAx,WyeTeAW
WyeTeAW,wnrr,KSAx,WyeTeAW,SFXO
WyeTeAW
wnrr
WyeTeAW,wnrr,KSAx,WyeTeAW,SFXO
WyeTeAW,wnrr,KSAx,WyeTeAW,SFXO
KSAx
WyeTeAW
WyeTeAW
WyeTeAW
WyeTeAW
WyeTeAW
KSAx,WyeTeAW,WyeTeAW,SFXO,SFXO,tnOmj
WyeTeAW
KSAx,WyeTeAW,WyeTeAW,SFXO
KSAx,WyeTeAW,WyeTeAW,SFXO
WyeTeAW
WyeTeAW,WyeTeAW,KSAx,SFXO
WyeTeAW,KSAx,WyeTeAW,SFXO,wnrr
WyeTeAW,KSAx,WyeTeAW,SFXO,wnrr
SFXO
WyeTeAW,KSAx,WyeTeAW,wnrr,SFXO,wnrr,tnOmj
WyeTeAW,WyeTeAW,wnrr,SFXO,wnrr,tnOmj
WyeTeAW,WyeTeAW,SFXO,wnrr,wnrr,WyeTeAW
WyeTeAW,WyeTeAW,SFXO,wnrr,wnrr,WyeTeAW
WyeTeAW,WyeTeAW,SFXO,wnrr,wnrr,WyeTeAW,mVIUlVv
wnrr
WyeTeAW,WyeTeAW,SFXO,wnrr,wnrr,WyeTeAW
WyeTeAW,WyeTeAW,SFXO,wnrr,wnrr,WyeTeAW
WyeTeAW,WyeTeAW,SFXO,wnrr,wnrr,WyeTeAW
wnrr
WyeTeAW
WyeTeAW
WyeTeAW
WyeTeAW
WyeTeAW
WyeTeAW,WyeTeAW,SFXO,wnrr,wnrr,WyeTeAW,WyeTeAW,mVIUlVv,WyeTeAW
WyeTeAW,WyeTeAW,SFXO,wnrr,wnrr,WyeTeAW,WyeTeAW,mVIUlVv,WyeTeAW
WyeTeAW
WyeTeAW
WyeTeAW,WyeTeAW,SFXO,wnrr,wnrr,WyeTeAW,WyeTeAW,mVIUlVv,WyeTeAW
WyeTeAW,WyeTeAW,SFXO,wnrr,wnrr,WyeTeAW,WyeTeAW,mVIUlVv,WyeTeAW
WyeTeAW,WyeTeAW,SFXO,wnrr,wnrr,WyeTeAW,WyeTeAW,WyeTeAW
WyeTeAW,WyeTeAW,SFXO,wnrr,wnrr,WyeTeAW,WyeTeAW,WyeTeAW,KSAx
SFXO
WyeTeAW,wnrr,wnrr,WyeTeAW,WyeTeAW,WyeTeAW,SFXO,WyeTeAW,WyeTeAW,tnOmj,tnOmj
WyeTeAW,wnrr,wnrr,WyeTeAW,WyeTeAW,WyeTeAW,SFXO,WyeTeAW,WyeTeAW,tnOmj,tnOmj
SFXO
WyeTeAW,wnrr,WyeTeAW,WyeTeAW,WyeTeAW,SFXO,WyeTeAW,WyeTeAW,tnOmj,SFXO,VNssgfiQ
WyeTeAW,WyeTeAW,SFXO,wnrr,WyeTeAW,WyeTeAW,WyeTeAW
WyeTeAW
WyeTeAW
WyeTeAW
WyeTeAW,WyeTeAW,SFXO,wnrr,wnrr,WyeTeAW,WyeTeAW,WyeTeAW,VNssgfiQ
WyeTeAW
WyeTeAW
WyeTeAW
WyeTeAW,WyeTeAW,SFXO,wnrr,wnrr,WyeTeAW,WyeTeAW,WyeTeAW,VNssgfiQ
wnrr
WyeTeAW,WyeTeAW,SFXO,wnrr,wnrr,WyeTeAW,WyeTeAW,WyeTeAW,VNssgfiQ,KSAx,VNssgfiQ
wnrr
WyeTeAW,WyeTeAW,SFXO,wnrr,wnrr,WyeTeAW,WyeTeAW,WyeTeAW,VNssgfiQ,wnrr
WyeTeAW,WyeTeAW,SFXO,wnrr,wnrr,WyeTeAW,WyeTeAW,WyeTeAW,VNssgfiQ,wnrr,KSAx
wnrr
wnrr
WyeTeAW,wnrr,WyeTeAW,WyeTeAW,WyeTeAW,wnrr,VNssgfiQ,wnrr,KSAx,wnrr
WyeTeAW,wnrr,WyeTeAW,WyeTeAW,WyeTeAW,wnrr,VNssgfiQ,wnrr,KSAx,wnrr,wnrr
wnrr
WyeTeAW,WyeTeAW,SFXO,wnrr,wnrr,WyeTeAW,WyeTeAW,WyeTeAW,VNssgfiQ,wnrr,SFXO
WyeTeAW,WyeTeAW,wnrr,wnrr,WyeTeAW,WyeTeAW,WyeTeAW,VNssgfiQ,wnrr,SFXO,WyeTeAW
VNssgfiQ
WyeTeAW,wnrr,wnrr,WyeTeAW,WyeTeAW,WyeTeAW,VNssgfiQ,wnrr,SFXO,WyeTeAW,WyeTeAW,tnOmj,wnrr
wnrr,wnrr,WyeTeAW,WyeTeAW,WyeTeAW,VNssgfiQ,wnrr,SFXO,WyeTeAW,WyeTeAW,wnrr,wnrr
wnrr,WyeTeAW,WyeTeAW,WyeTeAW,VNssgfiQ,wnrr,wnrr,SFXO,WyeTeAW,WyeTeAW,wnrr,wnrr,WyeTeAW
WyeTeAW,wnrr,wnrr,WyeTeAW,WyeTeAW,WyeTeAW,VNssgfiQ,wnrr,SFXO,WyeTeAW
VNssgfiQ
wnrr,wnrr,WyeTeAW,WyeTeAW,WyeTeAW,VNssgfiQ,WyeTeAW,wnrr,WyeTeAW
WyeTeAW
WyeTeAW
wnrr,wnrr,WyeTeAW,WyeTeAW,WyeTeAW,VNssgfiQ,WyeTeAW,wnrr,WyeTeAW
WyeTeAW
wnrr,wnrr,WyeTeAW,WyeTeAW,VNssgfiQ,WyeTeAW,wnrr,WyeTeAW
VNssgfiQ
WyeTeAW,wnrr,wnrr,WyeTeAW,WyeTeAW,WyeTeAW,VNssgfiQ,wnrr,SFXO,WyeTeAW
VNssgfiQ
VNssgfiQ
wnrr
WyeTeAW,wnrr,wnrr,WyeTeAW,WyeTeAW,WyeTeAW,VNssgfiQ,wnrr,SFXO,WyeTeAW,tnOmj
WyeTeAW,wnrr,wnrr,WyeTeAW,WyeTeAW,WyeTeAW,VNssgfiQ,wnrr,WyeTeAW
VNssgfiQ
VNssgfiQ
WyeTeAW,wnrr,wnrr,WyeTeAW,WyeTeAW,WyeTeAW,VNssgfiQ,wnrr,SFXO,WyeTeAW
WyeTeAW,WyeTeAW,WyeTeAW,WyeTeAW,VNssgfiQ,SFXO,wnrr,wnrr,WyeTeAW,WyeTeAW,WyeTeAW
WyeTeAW,WyeTeAW,WyeTeAW,WyeTeAW,VNssgfiQ,SFXO,wnrr,wnrr,WyeTeAW,WyeTeAW
WyeTeAW,WyeTeAW,WyeTeAW,WyeTeAW,VNssgfiQ,SFXO,wnrr,wnrr,WyeTeAW,WyeTeAW
WyeTeAW,WyeTeAW,WyeTeAW,WyeTeAW,VNssgfiQ,SFXO,wnrr,wnrr,WyeTeAW,WyeTeAW
WyeTeAW,WyeTeAW,WyeTeAW,WyeTeAW,VNssgfiQ,SFXO,wnrr,wnrr,WyeTeAW,WyeTeAW
WyeTeAW,wnrr,wnrr,WyeTeAW,WyeTeAW,WyeTeAW,VNssgfiQ,wnrr,SFXO,WyeTeAW
WyeTeAW,wnrr,wnrr,WyeTeAW,WyeTeAW,WyeTeAW,VNssgfiQ,wnrr,SFXO,WyeTeAW
VNssgfiQ
VNssgfiQ
VNssgfiQ
WyeTeAW,wnrr,wnrr,WyeTeAW,WyeTeAW,WyeTeAW,VNssgfiQ,wnrr,WyeTeAW,wnrr
VNssgfiQ
WyeTeAW,wnrr,wnrr,WyeTeAW,WyeTeAW,WyeTeAW,VNssgfiQ,wnrr,WyeTeAW,wnrr,tnOmj
WyeTeAW,wnrr,wnrr,WyeTeAW,WyeTeAW,WyeTeAW,VNssgfiQ,wnrr,WyeTeAW,wnrr,tnOmj
tnOmj
WyeTeAW,wnrr,wnrr,WyeTeAW,WyeTeAW,WyeTeAW,tnOmj,VNssgfiQ,wnrr,WyeTeAW,wnrr
tnOmj
WyeTeAW,wnrr,wnrr,WyeTeAW,WyeTeAW,WyeTeAW,tnOmj,wnrr,WyeTeAW,wnrr,mVIUlVv,mVIUlVv
WyeTeAW,wnrr,wnrr,WyeTeAW,WyeTeAW,WyeTeAW,tnOmj,wnrr,WyeTeAW,wnrr,mVIUlVv,mVIUlVv
tnOmj
WyeTeAW,wnrr,wnrr,WyeTeAW,WyeTeAW,WyeTeAW,VNssgfiQ,wnrr,SFXO,WyeTeAW,VNssgfiQ,KSAx
WyeTeAW,wnrr,wnrr,WyeTeAW,WyeTeAW,WyeTeAW,VNssgfiQ,wnrr,WyeTeAW,VNssgfiQ,KSAx,VNssgfiQ,mVIUlVv,KSAx,tnOmj
VNssgfiQ
VNssgfiQ
WyeTeAW,wnrr,wnrr,WyeTeAW,WyeTeAW,WyeTeAW,VNssgfiQ,wnrr,WyeTeAW,VNssgfiQ,KSAx,VNssgfiQ,mVIUlVv,KSAx,tnOmj
VNssgfiQ
KSAx
WyeTeAW
WyeTeAW
tnOmj
WyeTeAW,wnrr,wnrr,WyeTeAW,WyeTeAW,WyeTeAW,VNssgfiQ,wnrr,tnOmj,WyeTeAW,VNssgfiQ,VNssgfiQ,mVIUlVv,KSAx,mVIUlVv,WyeTeAW,tnOmj
WyeTeAW
wnrr,wnrr,WyeTeAW,WyeTeAW,WyeTeAW,VNssgfiQ,wnrr,tnOmj,WyeTeAW,VNssgfiQ,VNssgfiQ,mVIUlVv,KSAx,mVIUlVv,WyeTeAW,tnOmj
wnrr,wnrr,WyeTeAW,WyeTeAW,wnrr,WyeTeAW,VNssgfiQ,WyeTeAW,VNssgfiQ,VNssgfiQ,mVIUlVv,KSAx,mVIUlVv,WyeTeAW,tnOmj
VNssgfiQ
VNssgfiQ
wnrr,wnrr,WyeTeAW,WyeTeAW,wnrr,WyeTeAW,VNssgfiQ,WyeTeAW,VNssgfiQ,VNssgfiQ,KSAx,mVIUlVv,WyeTeAW,tnOmj,VNssgfiQ
wnrr,wnrr,WyeTeAW,WyeTeAW,wnrr,WyeTeAW,VNssgfiQ,WyeTeAW,VNssgfiQ,VNssgfiQ,KSAx,mVIUlVv,WyeTeAW,tnOmj,VNssgfiQ
VNssgfiQ
wnrr,wnrr,WyeTeAW,WyeTeAW,wnrr,WyeTeAW,WyeTeAW,VNssgfiQ,VNssgfiQ,mVIUlVv,WyeTeAW,tnOmj,VNssgfiQ,VNssgfiQ
wnrr,wnrr,WyeTeAW,WyeTeAW,wnrr,WyeTeAW,WyeTeAW,VNssgfiQ,VNssgfiQ,mVIUlVv,WyeTeAW,tnOmj,VNssgfiQ,VNssgfiQ
wnrr,wnrr,WyeTeAW,WyeTeAW,wnrr,WyeTeAW,WyeTeAW,VNssgfiQ,VNssgfiQ,mVIUlVv,WyeTeAW,tnOmj,VNssgfiQ,VNssgfiQ
wnrr,wnrr,WyeTeAW,WyeTeAW,wnrr,WyeTeAW,WyeTeAW,VNssgfiQ,VNssgfiQ,mVIUlVv,WyeTeAW,tnOmj,VNssgfiQ,VNssgfiQ,mVIUlVv,VNssgfiQ
mVIUlVv
mVIUlVv
wnrr,wnrr,WyeTeAW,WyeTeAW,wnrr,WyeTeAW,WyeTeAW,VNssgfiQ,VNssgfiQ,mVIUlVv,WyeTeAW,tnOmj,VNssgfiQ,VNssgfiQ,mVIUlVv,VNssgfiQ
wnrr,wnrr,WyeTeAW,WyeTeAW,wnrr,WyeTeAW,WyeTeAW,VNssgfiQ,VNssgfiQ,mVIUlVv,WyeTeAW,tnOmj,VNssgfiQ,VNssgfiQ,mVIUlVv,VNssgfiQ
mVIUlVv
wnrr,wnrr,WyeTeAW,WyeTeAW,wnrr,WyeTeAW,WyeTeAW,VNssgfiQ,VNssgfiQ,WyeTeAW,tnOmj,VNssgfiQ,VNssgfiQ,mVIUlVv,VNssgfiQ
wnrr,WyeTeAW,WyeTeAW,wnrr,WyeTeAW,WyeTeAW,VNssgfiQ,WyeTeAW,tnOmj,wnrr,VNssgfiQ,VNssgfiQ,mVIUlVv,VNssgfiQ,KSAx
wnrr,WyeTeAW,WyeTeAW,wnrr,WyeTeAW,WyeTeAW,VNssgfiQ,WyeTeAW,tnOmj,wnrr,VNssgfiQ,VNssgfiQ,mVIUlVv,VNssgfiQ,KSAx
wnrr
WyeTeAW,WyeTeAW,wnrr,WyeTeAW,WyeTeAW,VNssgfiQ,WyeTeAW,tnOmj,wnrr,VNssgfiQ,VNssgfiQ,mVIUlVv,VNssgfiQ,KSAx
wnrr
WyeTeAW,WyeTeAW,WyeTeAW,WyeTeAW,WyeTeAW,tnOmj,wnrr,VNssgfiQ,VNssgfiQ,mVIUlVv,VNssgfiQ
Jedi Wagner, assuma o comando!