[vazia]
[vazia]
[vazia]
Toque! Toque, Dijê!
Toque! Toque, Dijê!
[vazia]
Toque! Toque, Dijê!
Toque! Toque, Dijê!
Toque! Toque, Dijê!
[vazia]
nUseaN,nUseaN
nUseaN
[vazia]
Toque! Toque, Dijê!
[vazia]
[vazia]
nUseaN
nUseaN
nUseaN
nUseaN,nUseaN,nUseaN
nUseaN,nUseaN,nUseaN
nUseaN
nUseaN
[vazia]
nUseaN
nUseaN
[vazia]
[vazia]
Toque! Toque, Dijê!
Toque! Toque, Dijê!
nUseaN,nUseaN
nUseaN,nUseaN
nUseaN
[vazia]
nUseaN
nUseaN
nUseaN,nUseaN,nUseaN
nUseaN
nUseaN
nUseaN
nUseaN,nUseaN,nUseaN,nUseaN
nUseaN,nUseaN,nUseaN,nUseaN
nUseaN
nUseaN
nUseaN
nUseaN
nUseaN,nUseaN,nUseaN
nUseaN,nUseaN,nUseaN,nUseaN
nUseaN
nUseaN,nUseaN,nUseaN
nUseaN,nUseaN,nUseaN,nUseaN
nUseaN
nUseaN,nUseaN,nUseaN,nUseaN
nUseaN,nUseaN,nUseaN,nUseaN
nUseaN
nUseaN,nUseaN,nUseaN,nUseaN
nUseaN
nUseaN,nUseaN,nUseaN,nUseaN
nUseaN,nUseaN,nUseaN,nUseaN
nUseaN,nUseaN,nUseaN,nUseaN
nUseaN,nUseaN,nUseaN,nUseaN
nUseaN
nUseaN,nUseaN,nUseaN,nUseaN,nUseaN
nUseaN,nUseaN,nUseaN,nUseaN,nUseaN
nUseaN,nUseaN,nUseaN,nUseaN,nUseaN
nUseaN
nUseaN
nUseaN,nUseaN,nUseaN
nUseaN
nUseaN
nUseaN
nUseaN
nUseaN
nUseaN
nUseaN
nUseaN
nUseaN,nUseaN
Jedi Wagner, assuma o comando!