Toque! Toque, Dijê!
Toque! Toque, Dijê!
tYM
tYM
tYM
tYM
tYM
tYM,wz
wz
wz
wz
tYM,wz
wz
tYM,wz
wz
wz
wz
wz
tYM,wz,ZQWPvYZIGM
wz,tYM,wz
tYM
wz,tYM
wz,tYM,tYM
wz
tYM,wz
tYM,wz
tYM,wz
tYM,wz,wz
tYM
tYM
tYM
tYM,wz
tYM
tYM,wz,ZQWPvYZIGM
tYM,wz,ZQWPvYZIGM
tYM
tYM,wz
tYM
tYM
tYM,wz,ZQWPvYZIGM,wz
wz
wz
ZQWPvYZIGM,wz,tYM,ZQWPvYZIGM,wz
wz
ZQWPvYZIGM,wz,tYM,ZQWPvYZIGM,wz
wz
ZQWPvYZIGM,wz,tYM,ZQWPvYZIGM,ZQWPvYZIGM
tYM
ZQWPvYZIGM,wz,tYM,ZQWPvYZIGM,ZQWPvYZIGM,wz
ZQWPvYZIGM,wz,tYM,ZQWPvYZIGM,ZQWPvYZIGM,wz
wz,tYM,ZQWPvYZIGM,ZQWPvYZIGM,ZQWPvYZIGM,wz
wz,tYM,ZQWPvYZIGM,ZQWPvYZIGM,ZQWPvYZIGM,wz
ZQWPvYZIGM,wz,tYM,ZQWPvYZIGM,ZQWPvYZIGM,wz
tYM
ZQWPvYZIGM,wz,tYM,ZQWPvYZIGM,ZQWPvYZIGM,tYM,ZQWPvYZIGM
tYM
tYM
ZQWPvYZIGM,wz,tYM,ZQWPvYZIGM,ZQWPvYZIGM
ZQWPvYZIGM,wz,tYM,ZQWPvYZIGM,ZQWPvYZIGM
wz,tYM,ZQWPvYZIGM,ZQWPvYZIGM,ZQWPvYZIGM,wz,tYM
tYM,tYM,ZQWPvYZIGM,tYM,tYM
tYM,ZQWPvYZIGM,ZQWPvYZIGM,wz,tYM,ZQWPvYZIGM
tYM,ZQWPvYZIGM,ZQWPvYZIGM,wz,tYM,ZQWPvYZIGM,tYM
tYM,ZQWPvYZIGM,ZQWPvYZIGM,wz,tYM,ZQWPvYZIGM,tYM,tYM
wz
wz
tYM,ZQWPvYZIGM,ZQWPvYZIGM,tYM,ZQWPvYZIGM
tYM
tYM,ZQWPvYZIGM,ZQWPvYZIGM,wz,tYM,ZQWPvYZIGM
ZQWPvYZIGM
wz,ZQWPvYZIGM,ZQWPvYZIGM,ZQWPvYZIGM,tYM
wz,ZQWPvYZIGM,ZQWPvYZIGM,ZQWPvYZIGM,tYM,ZQWPvYZIGM
ZQWPvYZIGM
ZQWPvYZIGM
ZQWPvYZIGM,tYM,ZQWPvYZIGM,ZQWPvYZIGM,tYM
tYM
tYM
tYM
ZQWPvYZIGM,tYM,ZQWPvYZIGM,ZQWPvYZIGM,tYM
ZQWPvYZIGM,ZQWPvYZIGM,ZQWPvYZIGM,tYM
ZQWPvYZIGM
ZQWPvYZIGM,ZQWPvYZIGM,ZQWPvYZIGM,tYM
ZQWPvYZIGM
ZQWPvYZIGM
ZQWPvYZIGM,ZQWPvYZIGM,ZQWPvYZIGM,tYM
ZQWPvYZIGM,ZQWPvYZIGM,ZQWPvYZIGM,tYM
ZQWPvYZIGM
tYM
ZQWPvYZIGM,ZQWPvYZIGM,tYM
ZQWPvYZIGM,ZQWPvYZIGM,tYM
ZQWPvYZIGM,tYM,wz
tYM
tYM
tYM
ZQWPvYZIGM,wz,ZQWPvYZIGM
ZQWPvYZIGM,wz,ZQWPvYZIGM
ZQWPvYZIGM,wz,ZQWPvYZIGM
wz
wz
wz
wz
ZQWPvYZIGM,wz,ZQWPvYZIGM
ZQWPvYZIGM,wz,ZQWPvYZIGM
ZQWPvYZIGM,ZQWPvYZIGM,ZQWPvYZIGM
ZQWPvYZIGM
ZQWPvYZIGM
ZQWPvYZIGM,ZQWPvYZIGM,wz
ZQWPvYZIGM,ZQWPvYZIGM,ZQWPvYZIGM
ZQWPvYZIGM,ZQWPvYZIGM,ZQWPvYZIGM,ZQWPvYZIGM
ZQWPvYZIGM,ZQWPvYZIGM,ZQWPvYZIGM
ZQWPvYZIGM,ZQWPvYZIGM,ZQWPvYZIGM
ZQWPvYZIGM,ZQWPvYZIGM,ZQWPvYZIGM
ZQWPvYZIGM
ZQWPvYZIGM,ZQWPvYZIGM,ZQWPvYZIGM,ZQWPvYZIGM
ZQWPvYZIGM
ZQWPvYZIGM
ZQWPvYZIGM
ZQWPvYZIGM,ZQWPvYZIGM,ZQWPvYZIGM
ZQWPvYZIGM,ZQWPvYZIGM,ZQWPvYZIGM
ZQWPvYZIGM,ZQWPvYZIGM,ZQWPvYZIGM
ZQWPvYZIGM
ZQWPvYZIGM
ZQWPvYZIGM
ZQWPvYZIGM
ZQWPvYZIGM,ZQWPvYZIGM
ZQWPvYZIGM
ZQWPvYZIGM
ZQWPvYZIGM,ZQWPvYZIGM,ZQWPvYZIGM
ZQWPvYZIGM
ZQWPvYZIGM
ZQWPvYZIGM
ZQWPvYZIGM,tYM
ZQWPvYZIGM,ZQWPvYZIGM
wz,ZQWPvYZIGM,ZQWPvYZIGM
wz,ZQWPvYZIGM,ZQWPvYZIGM,tYM
wz
wz
wz
ZQWPvYZIGM
ZQWPvYZIGM,ZQWPvYZIGM,wz,ZQWPvYZIGM,wz
ZQWPvYZIGM,ZQWPvYZIGM,wz,ZQWPvYZIGM,wz
ZQWPvYZIGM
ZQWPvYZIGM,ZQWPvYZIGM,wz,ZQWPvYZIGM,wz
ZQWPvYZIGM,ZQWPvYZIGM,wz,tYM,ZQWPvYZIGM,wz
ZQWPvYZIGM,ZQWPvYZIGM,wz,tYM,ZQWPvYZIGM,wz
ZQWPvYZIGM,ZQWPvYZIGM,wz,ZQWPvYZIGM,wz
ZQWPvYZIGM,ZQWPvYZIGM,wz,ZQWPvYZIGM,wz,ZQWPvYZIGM
ZQWPvYZIGM,ZQWPvYZIGM,ZQWPvYZIGM,wz,wz,ZQWPvYZIGM
ZQWPvYZIGM,ZQWPvYZIGM,wz,ZQWPvYZIGM,wz,ZQWPvYZIGM,wz
ZQWPvYZIGM
ZQWPvYZIGM,ZQWPvYZIGM,wz,ZQWPvYZIGM,wz
ZQWPvYZIGM,wz,ZQWPvYZIGM,wz
ZQWPvYZIGM
wz
wz,wz,ZQWPvYZIGM,ZQWPvYZIGM
ZQWPvYZIGM,wz,wz,ZQWPvYZIGM
ZQWPvYZIGM,wz,wz,ZQWPvYZIGM
ZQWPvYZIGM,wz,wz,ZQWPvYZIGM
ZQWPvYZIGM,wz,wz,ZQWPvYZIGM,tYM
ZQWPvYZIGM,wz,wz,ZQWPvYZIGM,tYM
ZQWPvYZIGM
ZQWPvYZIGM,wz,wz,ZQWPvYZIGM,tYM,ZQWPvYZIGM
ZQWPvYZIGM
wz,ZQWPvYZIGM,wz,ZQWPvYZIGM,tYM,ZQWPvYZIGM
wz
ZQWPvYZIGM,wz,ZQWPvYZIGM,tYM,ZQWPvYZIGM
ZQWPvYZIGM
ZQWPvYZIGM,wz,ZQWPvYZIGM,tYM,ZQWPvYZIGM
ZQWPvYZIGM
ZQWPvYZIGM,wz,ZQWPvYZIGM,tYM,ZQWPvYZIGM
ZQWPvYZIGM,wz,ZQWPvYZIGM,tYM,ZQWPvYZIGM
wz,tYM,ZQWPvYZIGM,ZQWPvYZIGM,ZQWPvYZIGM
tYM
tYM,ZQWPvYZIGM,ZQWPvYZIGM,ZQWPvYZIGM,wz
tYM
ZQWPvYZIGM
Jedi Wagner, assuma o comando!