Toque! Toque, Dijê!
Toque! Toque, Dijê!
Toque! Toque, Dijê!
[vazia]
mnMmHIPn
[vazia]
[vazia]
SDISo
SDISo
SDISo,SDISo,lTCsM
SDISo,SDISo,lTCsM
lTCsM
SDISo
SDISo,SDISo,lTCsM
SDISo
SDISo,SDISo,OKDZXNjX,rmWsRfDWXc
SDISo,SDISo,OKDZXNjX,rmWsRfDWXc
SDISo,SDISo,lTCsM
SDISo,SDISo,lTCsM
SDISo,SDISo,lTCsM
SDISo,SDISo,lTCsM
lTCsM
lTCsM
rmWsRfDWXc
rmWsRfDWXc
rmWsRfDWXc
SDISo,SDISo,lTCsM,rmWsRfDWXc,OKDZXNjX,rmWsRfDWXc,OKDZXNjX
rmWsRfDWXc
OKDZXNjX
OKDZXNjX
SDISo,rmWsRfDWXc,OKDZXNjX,rmWsRfDWXc,lTCsM,SDISo,OKDZXNjX,gQkYc,lTCsM,lTCsM,lTCsM
rmWsRfDWXc
SDISo,SDISo,lTCsM,rmWsRfDWXc,OKDZXNjX,rmWsRfDWXc,OKDZXNjX
rmWsRfDWXc
rmWsRfDWXc
SDISo,SDISo,lTCsM,rmWsRfDWXc,OKDZXNjX,rmWsRfDWXc,OKDZXNjX
SDISo,SDISo,lTCsM,rmWsRfDWXc,OKDZXNjX,rmWsRfDWXc,OKDZXNjX
SDISo,SDISo,lTCsM,rmWsRfDWXc,OKDZXNjX,rmWsRfDWXc,OKDZXNjX
OKDZXNjX
OKDZXNjX
SDISo,SDISo,lTCsM,rmWsRfDWXc,OKDZXNjX,rmWsRfDWXc,OKDZXNjX,Slr
OKDZXNjX
SDISo,rmWsRfDWXc,OKDZXNjX,rmWsRfDWXc,OKDZXNjX,Slr
OKDZXNjX
OKDZXNjX
SDISo,rmWsRfDWXc,OKDZXNjX,rmWsRfDWXc,OKDZXNjX,lTCsM,Slr,i,gQkYc,OKDZXNjX
Slr
SDISo,rmWsRfDWXc,OKDZXNjX,rmWsRfDWXc,OKDZXNjX,lTCsM,Slr,i,gQkYc,OKDZXNjX,mnMmHIPn
SDISo,rmWsRfDWXc,OKDZXNjX,rmWsRfDWXc,OKDZXNjX,lTCsM,Slr,i,gQkYc,OKDZXNjX,mnMmHIPn
SDISo,rmWsRfDWXc,OKDZXNjX,rmWsRfDWXc,OKDZXNjX,lTCsM,Slr,i,gQkYc,OKDZXNjX,mnMmHIPn
SDISo,rmWsRfDWXc,OKDZXNjX,rmWsRfDWXc,OKDZXNjX,lTCsM,Slr,i,gQkYc,OKDZXNjX,mnMmHIPn
Slr
Slr
SDISo,rmWsRfDWXc,OKDZXNjX,rmWsRfDWXc,OKDZXNjX,lTCsM,Slr,i,gQkYc,OKDZXNjX,mnMmHIPn
Slr
SDISo,rmWsRfDWXc,OKDZXNjX,rmWsRfDWXc,OKDZXNjX,i,Slr,gQkYc,lTCsM,OKDZXNjX,gQkYc,Slr
gQkYc
SDISo,rmWsRfDWXc,OKDZXNjX,rmWsRfDWXc,OKDZXNjX,i,Slr,gQkYc,lTCsM,OKDZXNjX,gQkYc,Slr,i,mnMmHIPn,rmWsRfDWXc
gQkYc
OKDZXNjX
SDISo,rmWsRfDWXc,rmWsRfDWXc,OKDZXNjX,i,Slr,gQkYc,OKDZXNjX,gQkYc,OKDZXNjX,Slr,i,mnMmHIPn,SDISo
OKDZXNjX
rmWsRfDWXc
Slr
i
OKDZXNjX,OKDZXNjX,lTCsM,OKDZXNjX,gQkYc,rmWsRfDWXc,Slr,gQkYc,i,SDISo,i,mnMmHIPn,OKDZXNjX,Slr
OKDZXNjX,OKDZXNjX,lTCsM,OKDZXNjX,gQkYc,rmWsRfDWXc,Slr,gQkYc,i,SDISo,i,mnMmHIPn,OKDZXNjX,Slr
OKDZXNjX,OKDZXNjX,lTCsM,OKDZXNjX,gQkYc,rmWsRfDWXc,Slr,gQkYc,i,SDISo,i,mnMmHIPn,OKDZXNjX,Slr
SDISo
OKDZXNjX,OKDZXNjX,lTCsM,OKDZXNjX,gQkYc,rmWsRfDWXc,Slr,gQkYc,i,SDISo,i,mnMmHIPn,OKDZXNjX,Slr
i
i
OKDZXNjX,OKDZXNjX,lTCsM,OKDZXNjX,gQkYc,rmWsRfDWXc,Slr,gQkYc,i,SDISo,i,mnMmHIPn,OKDZXNjX,Slr,rmWsRfDWXc
SDISo
OKDZXNjX,OKDZXNjX,lTCsM,OKDZXNjX,gQkYc,gQkYc,i,i,SDISo,OKDZXNjX,Slr,Slr,OKDZXNjX,lTCsM
OKDZXNjX,OKDZXNjX,lTCsM,OKDZXNjX,gQkYc,gQkYc,i,i,SDISo,OKDZXNjX,Slr,Slr,OKDZXNjX,lTCsM
OKDZXNjX,OKDZXNjX,lTCsM,OKDZXNjX,gQkYc,rmWsRfDWXc,Slr,gQkYc,i,i,SDISo,OKDZXNjX,Slr,OKDZXNjX,lTCsM
OKDZXNjX,OKDZXNjX,lTCsM,OKDZXNjX,gQkYc,rmWsRfDWXc,Slr,gQkYc,i,i,SDISo,OKDZXNjX,Slr,OKDZXNjX,lTCsM
OKDZXNjX,OKDZXNjX,lTCsM,OKDZXNjX,gQkYc,rmWsRfDWXc,gQkYc,i,i,SDISo,OKDZXNjX,Slr,OKDZXNjX,lTCsM
OKDZXNjX
OKDZXNjX,OKDZXNjX,OKDZXNjX,gQkYc,rmWsRfDWXc,Slr,gQkYc,i,i,SDISo,OKDZXNjX,Slr,OKDZXNjX,lTCsM
OKDZXNjX
OKDZXNjX,OKDZXNjX,lTCsM,OKDZXNjX,gQkYc,rmWsRfDWXc,Slr,gQkYc,i,i,SDISo,OKDZXNjX,Slr,OKDZXNjX,lTCsM
OKDZXNjX
OKDZXNjX,OKDZXNjX,lTCsM,OKDZXNjX,rmWsRfDWXc,Slr,gQkYc,i,SDISo,OKDZXNjX,Slr,OKDZXNjX,lTCsM,mnMmHIPn
OKDZXNjX
OKDZXNjX,OKDZXNjX,lTCsM,OKDZXNjX,rmWsRfDWXc,Slr,gQkYc,SDISo,OKDZXNjX,Slr,OKDZXNjX,lTCsM,mnMmHIPn,SDISo
OKDZXNjX
OKDZXNjX,OKDZXNjX,lTCsM,OKDZXNjX,rmWsRfDWXc,Slr,gQkYc,SDISo,OKDZXNjX,Slr,OKDZXNjX,lTCsM,SDISo,gQkYc
OKDZXNjX
OKDZXNjX,OKDZXNjX,lTCsM,OKDZXNjX,rmWsRfDWXc,Slr,gQkYc,SDISo,OKDZXNjX,Slr,OKDZXNjX,lTCsM,SDISo,gQkYc
OKDZXNjX,OKDZXNjX,lTCsM,OKDZXNjX,rmWsRfDWXc,Slr,gQkYc,SDISo,OKDZXNjX,Slr,OKDZXNjX,lTCsM,SDISo,gQkYc
SDISo
SDISo
SDISo
OKDZXNjX,OKDZXNjX,lTCsM,OKDZXNjX,Slr,gQkYc,SDISo,OKDZXNjX,Slr,OKDZXNjX,lTCsM,SDISo,rmWsRfDWXc,gQkYc,SDISo
OKDZXNjX,OKDZXNjX,lTCsM,OKDZXNjX,rmWsRfDWXc,Slr,gQkYc,SDISo,OKDZXNjX,Slr,OKDZXNjX,lTCsM,SDISo,gQkYc,SDISo,lTCsM
SDISo
SDISo
OKDZXNjX,OKDZXNjX,lTCsM,OKDZXNjX,rmWsRfDWXc,Slr,gQkYc,SDISo,OKDZXNjX,Slr,OKDZXNjX,lTCsM,SDISo,gQkYc,SDISo,lTCsM
OKDZXNjX,OKDZXNjX,lTCsM,OKDZXNjX,rmWsRfDWXc,Slr,gQkYc,SDISo,OKDZXNjX,Slr,OKDZXNjX,lTCsM,SDISo,gQkYc,SDISo,lTCsM,gQkYc
OKDZXNjX,OKDZXNjX,lTCsM,OKDZXNjX,rmWsRfDWXc,gQkYc,SDISo,OKDZXNjX,Slr,OKDZXNjX,lTCsM,SDISo,gQkYc,SDISo,lTCsM,gQkYc
OKDZXNjX,OKDZXNjX,lTCsM,OKDZXNjX,SDISo,OKDZXNjX,Slr,OKDZXNjX,lTCsM,SDISo,gQkYc,SDISo,lTCsM,gQkYc,rmWsRfDWXc
SDISo
OKDZXNjX,OKDZXNjX,lTCsM,OKDZXNjX,rmWsRfDWXc,SDISo,OKDZXNjX,OKDZXNjX,lTCsM,SDISo,gQkYc,SDISo,lTCsM,gQkYc,rmWsRfDWXc,gQkYc
lTCsM
lTCsM
Jedi Wagner, assuma o comando!