Toque! Toque, Dijê!
[vazia]
Toque! Toque, Dijê!
Toque! Toque, Dijê!
Toque! Toque, Dijê!
[vazia]
[vazia]
Toque! Toque, Dijê!
Toque! Toque, Dijê!
[vazia]
Toque! Toque, Dijê!
Toque! Toque, Dijê!
xSEhlNhcJZ,CiTXUd
[vazia]
Toque! Toque, Dijê!
[vazia]
Toque! Toque, Dijê!
Toque! Toque, Dijê!
[vazia]
CiTXUd
Toque! Toque, Dijê!
xSEhlNhcJZ
Toque! Toque, Dijê!
xSEhlNhcJZ,CiTXUd,CiTXUd
CiTXUd
CiTXUd
CiTXUd,xSEhlNhcJZ,CiTXUd,xSEhlNhcJZ
CiTXUd,xSEhlNhcJZ,CiTXUd,xSEhlNhcJZ
CiTXUd,CiTXUd,xSEhlNhcJZ,CiTXUd
CiTXUd
CiTXUd,CiTXUd,xSEhlNhcJZ,CiTXUd
CiTXUd,CiTXUd,xSEhlNhcJZ,CiTXUd,xSEhlNhcJZ
CiTXUd,CiTXUd,CiTXUd,xSEhlNhcJZ
CiTXUd,CiTXUd,xSEhlNhcJZ
CiTXUd
CiTXUd,CiTXUd,xSEhlNhcJZ
CiTXUd
CiTXUd
CiTXUd
CiTXUd,xSEhlNhcJZ,xSEhlNhcJZ
xSEhlNhcJZ
CiTXUd
CiTXUd,CiTXUd,CiTXUd,xSEhlNhcJZ
CiTXUd,CiTXUd,CiTXUd,xSEhlNhcJZ
CiTXUd
CiTXUd
CiTXUd,CiTXUd,CiTXUd,xSEhlNhcJZ
CiTXUd
CiTXUd
CiTXUd,CiTXUd,CiTXUd
CiTXUd
CiTXUd,CiTXUd,CiTXUd
CiTXUd,CiTXUd,CiTXUd
CiTXUd,CiTXUd,CiTXUd
CiTXUd,CiTXUd,CiTXUd,CiTXUd
CiTXUd
CiTXUd
CiTXUd
CiTXUd,CiTXUd,CiTXUd,CiTXUd,xSEhlNhcJZ
xSEhlNhcJZ,CiTXUd,CiTXUd,CiTXUd,CiTXUd
xSEhlNhcJZ
CiTXUd,CiTXUd,xSEhlNhcJZ,CiTXUd,CiTXUd,xSEhlNhcJZ,CiTXUd
xSEhlNhcJZ
CiTXUd
CiTXUd
CiTXUd,xSEhlNhcJZ,CiTXUd,CiTXUd,CiTXUd,xSEhlNhcJZ,CiTXUd
CiTXUd,xSEhlNhcJZ,CiTXUd,CiTXUd,CiTXUd,xSEhlNhcJZ,CiTXUd
CiTXUd
CiTXUd
xSEhlNhcJZ
CiTXUd,CiTXUd,xSEhlNhcJZ,CiTXUd,CiTXUd,xSEhlNhcJZ
xSEhlNhcJZ
CiTXUd,CiTXUd,xSEhlNhcJZ,CiTXUd,CiTXUd,xSEhlNhcJZ
xSEhlNhcJZ
CiTXUd,CiTXUd,xSEhlNhcJZ,CiTXUd,CiTXUd,xSEhlNhcJZ,CiTXUd,xSEhlNhcJZ,CiTXUd
xSEhlNhcJZ
CiTXUd
CiTXUd,CiTXUd,xSEhlNhcJZ,CiTXUd,CiTXUd,xSEhlNhcJZ,xSEhlNhcJZ,CiTXUd,CiTXUd,CiTXUd,CiTXUd
CiTXUd,CiTXUd,xSEhlNhcJZ,CiTXUd,CiTXUd,xSEhlNhcJZ,xSEhlNhcJZ,CiTXUd,CiTXUd,CiTXUd,CiTXUd
CiTXUd,CiTXUd,xSEhlNhcJZ,CiTXUd,CiTXUd,xSEhlNhcJZ,xSEhlNhcJZ,CiTXUd,CiTXUd,CiTXUd,CiTXUd
CiTXUd,xSEhlNhcJZ,CiTXUd,CiTXUd,CiTXUd,xSEhlNhcJZ,xSEhlNhcJZ,CiTXUd,CiTXUd,CiTXUd
CiTXUd,xSEhlNhcJZ,CiTXUd,CiTXUd,CiTXUd,xSEhlNhcJZ,xSEhlNhcJZ,CiTXUd,CiTXUd,CiTXUd
CiTXUd,xSEhlNhcJZ,CiTXUd,CiTXUd,CiTXUd,xSEhlNhcJZ,xSEhlNhcJZ,CiTXUd,CiTXUd,CiTXUd
CiTXUd,xSEhlNhcJZ,CiTXUd,CiTXUd,CiTXUd,xSEhlNhcJZ,xSEhlNhcJZ,CiTXUd,CiTXUd,CiTXUd
CiTXUd
CiTXUd,CiTXUd,CiTXUd,CiTXUd,xSEhlNhcJZ,xSEhlNhcJZ,CiTXUd,CiTXUd,CiTXUd
CiTXUd,CiTXUd,CiTXUd,CiTXUd,xSEhlNhcJZ,xSEhlNhcJZ,CiTXUd,CiTXUd,CiTXUd,CiTXUd
CiTXUd,CiTXUd,CiTXUd,CiTXUd,xSEhlNhcJZ,xSEhlNhcJZ,CiTXUd,CiTXUd,CiTXUd,CiTXUd
CiTXUd,xSEhlNhcJZ,CiTXUd,CiTXUd,CiTXUd,xSEhlNhcJZ,xSEhlNhcJZ,CiTXUd,CiTXUd,CiTXUd
CiTXUd,CiTXUd,CiTXUd,CiTXUd,xSEhlNhcJZ,xSEhlNhcJZ,CiTXUd,CiTXUd,CiTXUd,xSEhlNhcJZ
CiTXUd,CiTXUd,CiTXUd,CiTXUd,xSEhlNhcJZ,xSEhlNhcJZ,CiTXUd,CiTXUd,CiTXUd,xSEhlNhcJZ
CiTXUd,CiTXUd,CiTXUd,CiTXUd,xSEhlNhcJZ,xSEhlNhcJZ,CiTXUd,CiTXUd,CiTXUd,xSEhlNhcJZ
CiTXUd,CiTXUd,CiTXUd,CiTXUd,xSEhlNhcJZ,CiTXUd,CiTXUd,CiTXUd,xSEhlNhcJZ,xSEhlNhcJZ
CiTXUd,CiTXUd,CiTXUd,CiTXUd,xSEhlNhcJZ,CiTXUd,CiTXUd,CiTXUd,xSEhlNhcJZ,xSEhlNhcJZ,xSEhlNhcJZ
CiTXUd,CiTXUd,CiTXUd,CiTXUd,xSEhlNhcJZ,CiTXUd,CiTXUd,CiTXUd,xSEhlNhcJZ,xSEhlNhcJZ,xSEhlNhcJZ
xSEhlNhcJZ
CiTXUd,CiTXUd,CiTXUd,CiTXUd,CiTXUd,CiTXUd,xSEhlNhcJZ,xSEhlNhcJZ,CiTXUd
CiTXUd,CiTXUd,CiTXUd,CiTXUd,CiTXUd,CiTXUd,xSEhlNhcJZ,xSEhlNhcJZ,CiTXUd,CiTXUd
CiTXUd
CiTXUd,CiTXUd,CiTXUd,CiTXUd,CiTXUd,CiTXUd,xSEhlNhcJZ,xSEhlNhcJZ,CiTXUd,CiTXUd
CiTXUd
CiTXUd,CiTXUd,CiTXUd,CiTXUd,xSEhlNhcJZ,CiTXUd,CiTXUd,xSEhlNhcJZ,CiTXUd,CiTXUd
CiTXUd
CiTXUd,CiTXUd,CiTXUd,CiTXUd,xSEhlNhcJZ,CiTXUd,CiTXUd,xSEhlNhcJZ,CiTXUd,CiTXUd
CiTXUd
CiTXUd,CiTXUd,CiTXUd,CiTXUd,xSEhlNhcJZ,CiTXUd,CiTXUd,xSEhlNhcJZ,CiTXUd,CiTXUd,xSEhlNhcJZ
CiTXUd,CiTXUd,CiTXUd,CiTXUd,xSEhlNhcJZ,CiTXUd,CiTXUd,xSEhlNhcJZ,CiTXUd,CiTXUd,xSEhlNhcJZ
Jedi Wagner, assuma o comando!