[vazia]
[vazia]
JVYc
JVYc
JVYc
JVYc
Toque! Toque, Dijê!
[vazia]
[vazia]
[vazia]
Toque! Toque, Dijê!
[vazia]
hZFkCxVtj
hZFkCxVtj
hZFkCxVtj
hZFkCxVtj,cs
cs
cs
cs
cs
cs
cs
cs
cs
cs
cs
cs
cs
cs
cs
cs
cs,cs,LspWzxs
cs
cs
cs,cs,LspWzxs,JVYc,JVYc
cs,LspWzxs,JVYc,JVYc,JVYc
cs
cs,JVYc,JVYc,JVYc,HsXH
cs,JVYc,JVYc,JVYc,HsXH
cs,JVYc,JVYc,JVYc,HsXH
cs,JVYc,JVYc,JVYc,HsXH,hZFkCxVtj
JVYc
cs,JVYc,JVYc,JVYc,HsXH,cpkQccY
cs,JVYc,JVYc,JVYc,HsXH
JVYc
JVYc
cs,JVYc,JVYc,JVYc,HsXH
cs,JVYc,JVYc,JVYc,HsXH
cs,JVYc,JVYc,JVYc,HsXH,HsXH
JVYc
cs,JVYc,JVYc,JVYc,HsXH,JVYc,JVYc
cs,JVYc,JVYc,JVYc,HsXH,JVYc,JVYc,cs,LspWzxs
cs,JVYc,JVYc,JVYc,HsXH,JVYc,JVYc,cs,LspWzxs
cs,JVYc,JVYc,JVYc,JVYc,HsXH,JVYc,cs,LspWzxs,JVYc,LspWzxs
cs
cs,JVYc,JVYc,JVYc,JVYc,cs,JVYc,LspWzxs,LspWzxs
cs
cs
cs,JVYc,JVYc,JVYc,JVYc,cs,JVYc,LspWzxs,LspWzxs,LspWzxs,HsXH
cs
cs
JVYc,JVYc,JVYc,JVYc,LspWzxs,cs,cs,JVYc,LspWzxs,HsXH,cpkQccY,HsXH
JVYc,JVYc,JVYc,JVYc,JVYc,cs,cs,JVYc,LspWzxs,LspWzxs
cs
JVYc,JVYc,JVYc,JVYc,JVYc,cs,JVYc,LspWzxs,LspWzxs
cs
cs,JVYc,JVYc,JVYc,JVYc,JVYc,cs,JVYc,LspWzxs,LspWzxs
cs,JVYc,JVYc,JVYc,JVYc,JVYc,cs,JVYc,LspWzxs,LspWzxs
JVYc,JVYc,JVYc,JVYc,JVYc,cs,JVYc,LspWzxs,LspWzxs
cs
cs
JVYc,JVYc,JVYc,JVYc,JVYc,cs,JVYc,LspWzxs,LspWzxs,HsXH,hZFkCxVtj
JVYc,JVYc,JVYc,JVYc,JVYc,cs,JVYc,LspWzxs,LspWzxs,HsXH,hZFkCxVtj,LcLdRwsCLN,maOCfF
JVYc,JVYc,JVYc,JVYc,JVYc,LspWzxs,cs,JVYc,LspWzxs,HsXH,hZFkCxVtj,LcLdRwsCLN,maOCfF,HsXH
JVYc,JVYc,JVYc,JVYc,JVYc,LspWzxs,cs,JVYc,LspWzxs,HsXH,hZFkCxVtj,LcLdRwsCLN,maOCfF,HsXH
JVYc,JVYc,JVYc,JVYc,JVYc,JVYc,LspWzxs,hZFkCxVtj,LcLdRwsCLN,maOCfF,HsXH
JVYc
JVYc
LspWzxs
JVYc,JVYc,JVYc,JVYc,JVYc,JVYc,LspWzxs,hZFkCxVtj,LcLdRwsCLN,maOCfF,HsXH,cpkQccY
JVYc,JVYc,JVYc,JVYc,JVYc,JVYc,hZFkCxVtj,LspWzxs,LcLdRwsCLN,maOCfF,HsXH,cpkQccY
LspWzxs
LspWzxs
LspWzxs
JVYc,JVYc,JVYc,JVYc,JVYc,JVYc,LspWzxs,hZFkCxVtj,LcLdRwsCLN,maOCfF,HsXH,cpkQccY,cpkQccY,LspWzxs
JVYc,JVYc,JVYc,JVYc,JVYc,JVYc,LspWzxs,hZFkCxVtj,LcLdRwsCLN,maOCfF,HsXH,cpkQccY,cpkQccY,LspWzxs,LspWzxs
JVYc,JVYc,JVYc,JVYc,JVYc,JVYc,LspWzxs,hZFkCxVtj,maOCfF,LcLdRwsCLN,HsXH,cpkQccY,cpkQccY,LspWzxs,LspWzxs
JVYc,JVYc,JVYc,JVYc,JVYc,JVYc,LspWzxs,hZFkCxVtj,maOCfF,LcLdRwsCLN,HsXH,cpkQccY,cpkQccY,LspWzxs,LspWzxs,HsXH
JVYc,JVYc,JVYc,JVYc,JVYc,JVYc,LspWzxs,hZFkCxVtj,maOCfF,LcLdRwsCLN,HsXH,cpkQccY,cpkQccY,LspWzxs,LspWzxs,HsXH
JVYc,JVYc,JVYc,JVYc,JVYc,JVYc,LspWzxs,hZFkCxVtj,maOCfF,LcLdRwsCLN,HsXH,cpkQccY,cpkQccY,LspWzxs,LspWzxs,HsXH
JVYc,JVYc,JVYc,JVYc,JVYc,JVYc,LspWzxs,hZFkCxVtj,maOCfF,LcLdRwsCLN,HsXH,cpkQccY,cpkQccY,LspWzxs,LspWzxs,HsXH
HsXH
JVYc,JVYc,JVYc,JVYc,JVYc,JVYc,LspWzxs,hZFkCxVtj,LcLdRwsCLN,HsXH,cpkQccY,cpkQccY,LspWzxs,LspWzxs
JVYc,JVYc,JVYc,JVYc,JVYc,JVYc,LspWzxs,hZFkCxVtj,LcLdRwsCLN,HsXH,cpkQccY,cpkQccY,LspWzxs,LspWzxs
HsXH
JVYc,JVYc,JVYc,JVYc,JVYc,JVYc,LspWzxs,hZFkCxVtj,LcLdRwsCLN,HsXH,cpkQccY,cpkQccY,LspWzxs,LspWzxs,maOCfF
JVYc,JVYc,JVYc,JVYc,JVYc,JVYc,LspWzxs,hZFkCxVtj,LcLdRwsCLN,HsXH,cpkQccY,cpkQccY,LspWzxs,LspWzxs,maOCfF,cpkQccY,HsXH,HsXH
cpkQccY
cpkQccY
cpkQccY
cpkQccY
JVYc,JVYc,JVYc,JVYc,hZFkCxVtj,LcLdRwsCLN,cpkQccY,cpkQccY,LspWzxs,JVYc,LspWzxs,maOCfF,cpkQccY,HsXH,HsXH,LcLdRwsCLN,maOCfF
cpkQccY
cpkQccY
cpkQccY
JVYc,JVYc,JVYc,JVYc,hZFkCxVtj,cpkQccY,LspWzxs,JVYc,LspWzxs,maOCfF,cpkQccY,HsXH,HsXH,LcLdRwsCLN
JVYc,JVYc,JVYc,JVYc,hZFkCxVtj,cpkQccY,cpkQccY,LspWzxs,JVYc,LspWzxs,maOCfF,cpkQccY,HsXH,HsXH,LcLdRwsCLN
JVYc,JVYc,JVYc,JVYc,cpkQccY,cpkQccY,LspWzxs,JVYc,LspWzxs,maOCfF,cpkQccY,HsXH,HsXH,LcLdRwsCLN
LspWzxs
LspWzxs
JVYc,JVYc,JVYc,cpkQccY,cpkQccY,LspWzxs,JVYc,JVYc,LspWzxs,maOCfF,cpkQccY,HsXH,HsXH,LcLdRwsCLN,maOCfF
JVYc,JVYc,JVYc,JVYc,LspWzxs,cpkQccY,cpkQccY,hZFkCxVtj,JVYc,LspWzxs,maOCfF,cpkQccY,LcLdRwsCLN,HsXH,maOCfF,HsXH,maOCfF
JVYc
JVYc,JVYc,JVYc,JVYc,LspWzxs,cpkQccY,hZFkCxVtj,JVYc,LcLdRwsCLN,LspWzxs,maOCfF,cpkQccY,HsXH,maOCfF,HsXH,maOCfF
JVYc,JVYc,JVYc,JVYc,LspWzxs,hZFkCxVtj,JVYc,LspWzxs,cpkQccY,maOCfF,cpkQccY,LcLdRwsCLN,HsXH,maOCfF,HsXH,maOCfF
LspWzxs
JVYc,JVYc,JVYc,JVYc,LspWzxs,cpkQccY,hZFkCxVtj,JVYc,LspWzxs,maOCfF,cpkQccY,LcLdRwsCLN,HsXH,maOCfF,HsXH,maOCfF
LspWzxs
LspWzxs
LspWzxs
JVYc,JVYc,JVYc,cpkQccY,hZFkCxVtj,JVYc,LspWzxs,LspWzxs,maOCfF,cpkQccY,LcLdRwsCLN,HsXH,maOCfF,HsXH,maOCfF,HsXH
JVYc,JVYc,JVYc,hZFkCxVtj,JVYc,LspWzxs,LspWzxs,maOCfF,cpkQccY,LcLdRwsCLN,HsXH,maOCfF,HsXH,maOCfF,HsXH,cs
maOCfF
JVYc,JVYc,JVYc,hZFkCxVtj,JVYc,LspWzxs,LspWzxs,maOCfF,cpkQccY,LcLdRwsCLN,HsXH,maOCfF,HsXH,maOCfF,HsXH
Jedi Wagner, assuma o comando!