[vazia]
Toque! Toque, Dijê!
[vazia]
[vazia]
JeWwJSLc
[vazia]
Ptbi
Ptbi
Ptbi
Toque! Toque, Dijê!
Toque! Toque, Dijê!
METfshWpk
METfshWpk
METfshWpk
Toque! Toque, Dijê!
Toque! Toque, Dijê!
[vazia]
Toque! Toque, Dijê!
METfshWpk
METfshWpk
METfshWpk
Toque! Toque, Dijê!
METfshWpk,igpIbYYKLq
METfshWpk,igpIbYYKLq
METfshWpk,igpIbYYKLq
METfshWpk,igpIbYYKLq
METfshWpk,igpIbYYKLq
METfshWpk
[vazia]
JeWwJSLc,METfshWpk,igpIbYYKLq,igpIbYYKLq
JeWwJSLc
JeWwJSLc
JeWwJSLc
JeWwJSLc
METfshWpk
METfshWpk
METfshWpk
METfshWpk
METfshWpk
METfshWpk,igpIbYYKLq,JeWwJSLc,igpIbYYKLq,JeWwJSLc,igpIbYYKLq,Ptbi,Ptbi
Toque! Toque, Dijê!
Toque! Toque, Dijê!
Toque! Toque, Dijê!
Ptbi
Toque! Toque, Dijê!
Toque! Toque, Dijê!
[vazia]
Toque! Toque, Dijê!
[vazia]
Toque! Toque, Dijê!
[vazia]
Toque! Toque, Dijê!
[vazia]
Jedi Wagner, assuma o comando!