[vazia]
Toque! Toque, Dijê!
[vazia]
[vazia]
[vazia]
gYtCGB
Toque! Toque, Dijê!
[vazia]
xUaMzLRG
[vazia]
Toque! Toque, Dijê!
Toque! Toque, Dijê!
[vazia]
Toque! Toque, Dijê!
gYtCGB
gYtCGB
gYtCGB
gYtCGB
gYtCGB,X,X
gYtCGB,X,X
gYtCGB
gYtCGB
gYtCGB
gYtCGB
gYtCGB,X,X,gYtCGB,xUaMzLRG
gYtCGB,X,X,gYtCGB,xUaMzLRG,xUaMzLRG
gYtCGB,X,X,gYtCGB,xUaMzLRG,X
gYtCGB,X,X,gYtCGB,xUaMzLRG,X
X
X
X
X
X
X
gYtCGB,X,X,gYtCGB,xUaMzLRG,X
X,gYtCGB,xUaMzLRG,X,xUaMzLRG
gYtCGB
gYtCGB,X,X,gYtCGB,xUaMzLRG,X
gYtCGB,xUaMzLRG,gYtCGB,X
xUaMzLRG
X
X
X,X,gYtCGB,xUaMzLRG,X,tGtWpGTu
gYtCGB,X,X,gYtCGB,xUaMzLRG,X
X
gYtCGB,xUaMzLRG,X,X,gYtCGB,X
X
gYtCGB,X,X,gYtCGB,xUaMzLRG,X
X
X
gYtCGB,X,xUaMzLRG,X,gYtCGB,X
gYtCGB,X,xUaMzLRG,X,gYtCGB,X,gYtCGB,xUaMzLRG,tGtWpGTu
gYtCGB,X,xUaMzLRG,X,gYtCGB,X,gYtCGB,xUaMzLRG,tGtWpGTu,gYtCGB
xUaMzLRG
gYtCGB,xUaMzLRG,X,X,gYtCGB,X,gYtCGB,xUaMzLRG
gYtCGB,xUaMzLRG,X,X,gYtCGB,X,gYtCGB,xUaMzLRG
X
xUaMzLRG
xUaMzLRG
xUaMzLRG
gYtCGB,xUaMzLRG,X,X,gYtCGB,X,gYtCGB,xUaMzLRG,tGtWpGTu
X
gYtCGB,xUaMzLRG,X,X,gYtCGB,X,gYtCGB,xUaMzLRG,tGtWpGTu
gYtCGB,xUaMzLRG,X,X,gYtCGB,X,gYtCGB,xUaMzLRG,tGtWpGTu
gYtCGB
gYtCGB
gYtCGB,xUaMzLRG,X,X,gYtCGB,X,gYtCGB,xUaMzLRG,tGtWpGTu
gYtCGB
xUaMzLRG
xUaMzLRG
gYtCGB,X,X,gYtCGB,xUaMzLRG,X,gYtCGB,xUaMzLRG,tGtWpGTu,tGtWpGTu,X
gYtCGB,X,X,gYtCGB,xUaMzLRG,X,gYtCGB,xUaMzLRG,tGtWpGTu,tGtWpGTu,X
xUaMzLRG
gYtCGB
tGtWpGTu
gYtCGB,X,X,tGtWpGTu,xUaMzLRG,gYtCGB,X,gYtCGB,xUaMzLRG,gYtCGB
X
gYtCGB,X,X,tGtWpGTu,xUaMzLRG,gYtCGB,X,gYtCGB,xUaMzLRG,gYtCGB,tGtWpGTu,tGtWpGTu,gYtCGB,gYtCGB
gYtCGB
gYtCGB
gYtCGB
X,X,X,xUaMzLRG,gYtCGB,gYtCGB,tGtWpGTu,tGtWpGTu,gYtCGB,gYtCGB
tGtWpGTu
tGtWpGTu
tGtWpGTu
X,X,X,tGtWpGTu,xUaMzLRG,gYtCGB,gYtCGB,tGtWpGTu,gYtCGB,gYtCGB,X
tGtWpGTu
gYtCGB
gYtCGB,X,gYtCGB,X,gYtCGB,X,xUaMzLRG,xUaMzLRG,gYtCGB,tGtWpGTu,tGtWpGTu,gYtCGB,gYtCGB,xUaMzLRG,xUaMzLRG
tGtWpGTu
X,X,gYtCGB,X,gYtCGB,xUaMzLRG,gYtCGB,gYtCGB,tGtWpGTu,gYtCGB,gYtCGB,xUaMzLRG
X,X,gYtCGB,X,gYtCGB,xUaMzLRG,gYtCGB,gYtCGB,tGtWpGTu,gYtCGB,gYtCGB,xUaMzLRG
X,X,gYtCGB,X,gYtCGB,xUaMzLRG,gYtCGB,gYtCGB,tGtWpGTu,gYtCGB,gYtCGB,xUaMzLRG,tGtWpGTu
xUaMzLRG
X,gYtCGB,X,gYtCGB,xUaMzLRG,gYtCGB,gYtCGB,tGtWpGTu,gYtCGB,gYtCGB,xUaMzLRG,tGtWpGTu
gYtCGB
X,gYtCGB,X,gYtCGB,xUaMzLRG,gYtCGB,gYtCGB,tGtWpGTu,gYtCGB,gYtCGB,xUaMzLRG,tGtWpGTu
X,gYtCGB,X,gYtCGB,xUaMzLRG,gYtCGB,gYtCGB,tGtWpGTu,gYtCGB,gYtCGB,xUaMzLRG,tGtWpGTu
gYtCGB
X,gYtCGB,gYtCGB,gYtCGB,gYtCGB,tGtWpGTu,gYtCGB,gYtCGB,xUaMzLRG,tGtWpGTu,xUaMzLRG
gYtCGB
gYtCGB
X
X,X,gYtCGB,xUaMzLRG,gYtCGB,gYtCGB,gYtCGB,tGtWpGTu,gYtCGB,gYtCGB,xUaMzLRG,tGtWpGTu
gYtCGB
X,X,gYtCGB,xUaMzLRG,gYtCGB,gYtCGB,gYtCGB,tGtWpGTu,gYtCGB,gYtCGB,xUaMzLRG,tGtWpGTu,X
X,gYtCGB,X,gYtCGB,xUaMzLRG,gYtCGB,tGtWpGTu,gYtCGB,gYtCGB,gYtCGB,xUaMzLRG,tGtWpGTu,X
X,X,gYtCGB,gYtCGB,tGtWpGTu,xUaMzLRG,gYtCGB,gYtCGB,gYtCGB,xUaMzLRG,tGtWpGTu,X
X,X,gYtCGB,tGtWpGTu,gYtCGB,xUaMzLRG,gYtCGB,gYtCGB,xUaMzLRG,tGtWpGTu,X
X,X,gYtCGB,gYtCGB,xUaMzLRG,gYtCGB,gYtCGB,xUaMzLRG,tGtWpGTu,X
gYtCGB
gYtCGB
xUaMzLRG
X,gYtCGB,gYtCGB,gYtCGB,xUaMzLRG,gYtCGB,tGtWpGTu,X
X,gYtCGB,gYtCGB,gYtCGB,xUaMzLRG,gYtCGB,tGtWpGTu,X
xUaMzLRG
gYtCGB,gYtCGB,gYtCGB,tGtWpGTu,gYtCGB,tGtWpGTu,xUaMzLRG,X
tGtWpGTu
gYtCGB,gYtCGB,gYtCGB,tGtWpGTu,gYtCGB,tGtWpGTu,xUaMzLRG,tGtWpGTu
gYtCGB,gYtCGB,gYtCGB,tGtWpGTu,xUaMzLRG,gYtCGB,tGtWpGTu,tGtWpGTu
gYtCGB,gYtCGB,gYtCGB,tGtWpGTu,xUaMzLRG,gYtCGB,tGtWpGTu,tGtWpGTu
gYtCGB,gYtCGB,tGtWpGTu,xUaMzLRG,gYtCGB,tGtWpGTu,tGtWpGTu
gYtCGB,gYtCGB,tGtWpGTu,xUaMzLRG,gYtCGB,tGtWpGTu,tGtWpGTu
gYtCGB,gYtCGB,gYtCGB,tGtWpGTu,xUaMzLRG,gYtCGB,tGtWpGTu,tGtWpGTu
xUaMzLRG
gYtCGB,gYtCGB,gYtCGB,tGtWpGTu,xUaMzLRG,gYtCGB,tGtWpGTu,tGtWpGTu,gYtCGB,tGtWpGTu,gYtCGB
tGtWpGTu
gYtCGB,gYtCGB,xUaMzLRG,tGtWpGTu,gYtCGB,tGtWpGTu,tGtWpGTu,gYtCGB,tGtWpGTu,gYtCGB
xUaMzLRG
xUaMzLRG
xUaMzLRG
gYtCGB,gYtCGB,tGtWpGTu,xUaMzLRG,gYtCGB,tGtWpGTu,tGtWpGTu
gYtCGB,gYtCGB,tGtWpGTu,xUaMzLRG,gYtCGB,tGtWpGTu,tGtWpGTu
Jedi Wagner, assuma o comando!