[vazia]
LYUEQZX
LYUEQZX
Toque! Toque, Dijê!
[vazia]
Toque! Toque, Dijê!
Toque! Toque, Dijê!
Toque! Toque, Dijê!
[vazia]
[vazia]
Toque! Toque, Dijê!
Toque! Toque, Dijê!
[vazia]
[vazia]
[vazia]
[vazia]
Nv
Nv
Nv
Nv
[vazia]
[vazia]
[vazia]
[vazia]
Toque! Toque, Dijê!
[vazia]
Toque! Toque, Dijê!
[vazia]
CZrBBiYhA
CZrBBiYhA
Toque! Toque, Dijê!
[vazia]
[vazia]
Toque! Toque, Dijê!
[vazia]
CZrBBiYhA
CZrBBiYhA
CZrBBiYhA,WbyQCuOTwm
CZrBBiYhA
CZrBBiYhA,WbyQCuOTwm
CZrBBiYhA,WbyQCuOTwm
CZrBBiYhA,WbyQCuOTwm
CZrBBiYhA,WbyQCuOTwm,VUUehe,VUUehe
CZrBBiYhA,WbyQCuOTwm,VUUehe
CZrBBiYhA,WbyQCuOTwm,VUUehe,LYUEQZX
WbyQCuOTwm
CZrBBiYhA,WbyQCuOTwm,VUUehe,LYUEQZX
CZrBBiYhA,WbyQCuOTwm,VUUehe,LYUEQZX
CZrBBiYhA,WbyQCuOTwm,VUUehe,LYUEQZX
WbyQCuOTwm
CZrBBiYhA,WbyQCuOTwm,VUUehe,LYUEQZX,kOqG
CZrBBiYhA,WbyQCuOTwm,VUUehe,LYUEQZX
WbyQCuOTwm,CZrBBiYhA,VUUehe,LYUEQZX
VUUehe
WbyQCuOTwm
CZrBBiYhA,WbyQCuOTwm,VUUehe,LYUEQZX
CZrBBiYhA,WbyQCuOTwm,VUUehe,LYUEQZX
CZrBBiYhA,WbyQCuOTwm,VUUehe,LYUEQZX,CZrBBiYhA
CZrBBiYhA,WbyQCuOTwm,VUUehe,LYUEQZX
WbyQCuOTwm
VUUehe
VUUehe
VUUehe
CZrBBiYhA,WbyQCuOTwm,VUUehe,QcF,WbyQCuOTwm
CZrBBiYhA
LYUEQZX
CZrBBiYhA,WbyQCuOTwm,LYUEQZX,VUUehe
CZrBBiYhA,WbyQCuOTwm,VUUehe,LYUEQZX
CZrBBiYhA
CZrBBiYhA,WbyQCuOTwm,VUUehe,LYUEQZX,kOqG
CZrBBiYhA,VUUehe,LYUEQZX,LYUEQZX,WbyQCuOTwm
CZrBBiYhA,VUUehe,LYUEQZX,LYUEQZX,WbyQCuOTwm
CZrBBiYhA
CZrBBiYhA,VUUehe,LYUEQZX,LYUEQZX,WbyQCuOTwm
CZrBBiYhA,VUUehe,LYUEQZX,LYUEQZX,WbyQCuOTwm
CZrBBiYhA
LYUEQZX
CZrBBiYhA,VUUehe,LYUEQZX,LYUEQZX,WO,Nv
VUUehe
CZrBBiYhA,VUUehe,LYUEQZX,LYUEQZX,WO,Nv
LYUEQZX
LYUEQZX
LYUEQZX
LYUEQZX,CZrBBiYhA,LYUEQZX,WO,zNQg
CZrBBiYhA,VUUehe,LYUEQZX,LYUEQZX,WO,Nv,QcF
CZrBBiYhA,VUUehe,LYUEQZX,LYUEQZX,WO,Nv,QcF,LYUEQZX
WO
CZrBBiYhA,VUUehe,WO,LYUEQZX,LYUEQZX,Nv,QcF,LYUEQZX,WbyQCuOTwm
WO
CZrBBiYhA,VUUehe,WO,LYUEQZX,LYUEQZX,Nv,QcF,LYUEQZX,WbyQCuOTwm
WO
WO
WO
CZrBBiYhA,VUUehe,WO,LYUEQZX,Nv,QcF,LYUEQZX,QcF
CZrBBiYhA,VUUehe,WO,LYUEQZX,Nv,QcF,LYUEQZX,QcF
CZrBBiYhA,VUUehe,LYUEQZX,LYUEQZX,Nv,QcF,LYUEQZX
WO
WO
WO
WO
WO
WO
CZrBBiYhA,VUUehe,WO,LYUEQZX,LYUEQZX,Nv,QcF,LYUEQZX
LYUEQZX
LYUEQZX
CZrBBiYhA,VUUehe,WO,LYUEQZX,LYUEQZX,Nv,QcF,LYUEQZX
CZrBBiYhA,WO,LYUEQZX,LYUEQZX,Nv,QcF,LYUEQZX
LYUEQZX
LYUEQZX
CZrBBiYhA,VUUehe,WO,LYUEQZX,LYUEQZX,Nv,QcF,LYUEQZX
CZrBBiYhA,VUUehe,WO,Nv,LYUEQZX,LYUEQZX,QcF,LYUEQZX
CZrBBiYhA,VUUehe,WO,Nv,LYUEQZX,LYUEQZX,QcF,LYUEQZX
CZrBBiYhA,WO,LYUEQZX,LYUEQZX,Nv,QcF,LYUEQZX,LYUEQZX,LYUEQZX
LYUEQZX
CZrBBiYhA,WO,LYUEQZX,LYUEQZX,Nv,QcF,LYUEQZX,LYUEQZX,LYUEQZX
CZrBBiYhA,WO,LYUEQZX,LYUEQZX,Nv,QcF,LYUEQZX,LYUEQZX,LYUEQZX
Nv
Nv
Nv
Nv
CZrBBiYhA,WO,LYUEQZX,LYUEQZX,Nv,QcF,LYUEQZX,LYUEQZX,LYUEQZX,CZrBBiYhA,VUUehe,Nv
Nv
Nv
Nv
Nv
CZrBBiYhA,WO,LYUEQZX,LYUEQZX,Nv,QcF,LYUEQZX,LYUEQZX,LYUEQZX,QcF
CZrBBiYhA,WO,LYUEQZX,LYUEQZX,Nv,QcF,LYUEQZX,LYUEQZX,LYUEQZX
CZrBBiYhA,WO,LYUEQZX,LYUEQZX,Nv,QcF,LYUEQZX,LYUEQZX,LYUEQZX
Nv
CZrBBiYhA,LYUEQZX,LYUEQZX,Nv,QcF,LYUEQZX,LYUEQZX,LYUEQZX,LYUEQZX,VUUehe
CZrBBiYhA,LYUEQZX,LYUEQZX,Nv,QcF,LYUEQZX,LYUEQZX,LYUEQZX,LYUEQZX,VUUehe
CZrBBiYhA,LYUEQZX,LYUEQZX,Nv,QcF,LYUEQZX,LYUEQZX,LYUEQZX,LYUEQZX,VUUehe
CZrBBiYhA,Nv,VUUehe,QcF,LYUEQZX,LYUEQZX,LYUEQZX,LYUEQZX,CZrBBiYhA
CZrBBiYhA,Nv,VUUehe,QcF,LYUEQZX,LYUEQZX,LYUEQZX,LYUEQZX,CZrBBiYhA,kOqG
QcF
CZrBBiYhA,Nv,VUUehe,QcF,LYUEQZX,LYUEQZX,LYUEQZX,LYUEQZX,CZrBBiYhA,kOqG
VUUehe,QcF,LYUEQZX,LYUEQZX,Nv,CZrBBiYhA,LYUEQZX,LYUEQZX,CZrBBiYhA,kOqG,kOqG
LYUEQZX
VUUehe,QcF,LYUEQZX,LYUEQZX,Nv,CZrBBiYhA,LYUEQZX,LYUEQZX,CZrBBiYhA,kOqG,kOqG
Nv
Nv
VUUehe,QcF,LYUEQZX,LYUEQZX,Nv,CZrBBiYhA,LYUEQZX,LYUEQZX,CZrBBiYhA,kOqG,WbyQCuOTwm
VUUehe,QcF,LYUEQZX,LYUEQZX,Nv,CZrBBiYhA,LYUEQZX,LYUEQZX,CZrBBiYhA,kOqG,WbyQCuOTwm
VUUehe,QcF,LYUEQZX,LYUEQZX,Nv,CZrBBiYhA,LYUEQZX,LYUEQZX,CZrBBiYhA,kOqG,WbyQCuOTwm
Nv
CZrBBiYhA
Nv
Nv
Nv
LYUEQZX,LYUEQZX,Nv,VUUehe,LYUEQZX,LYUEQZX,CZrBBiYhA,kOqG,WbyQCuOTwm,WbyQCuOTwm,Nv,Nv
VUUehe,LYUEQZX,LYUEQZX,CZrBBiYhA,Nv,LYUEQZX,LYUEQZX,CZrBBiYhA,kOqG,WbyQCuOTwm,WbyQCuOTwm,Nv,Nv
VUUehe,LYUEQZX,CZrBBiYhA,Nv,LYUEQZX,LYUEQZX,LYUEQZX,CZrBBiYhA,kOqG,WbyQCuOTwm,WbyQCuOTwm,Nv,Nv,kOqG,WbyQCuOTwm
LYUEQZX
LYUEQZX
LYUEQZX
LYUEQZX
LYUEQZX,CZrBBiYhA,LYUEQZX,CZrBBiYhA,kOqG,WbyQCuOTwm,WbyQCuOTwm,Nv,Nv,kOqG,WbyQCuOTwm,WbyQCuOTwm,LYUEQZX,CZrBBiYhA,CZrBBiYhA
LYUEQZX,CZrBBiYhA,LYUEQZX,CZrBBiYhA,kOqG,WbyQCuOTwm,WbyQCuOTwm,Nv,Nv,kOqG,WbyQCuOTwm,WbyQCuOTwm,LYUEQZX,CZrBBiYhA,CZrBBiYhA
LYUEQZX,CZrBBiYhA,LYUEQZX,CZrBBiYhA,kOqG,WbyQCuOTwm,WbyQCuOTwm,Nv,Nv,kOqG,WbyQCuOTwm,WbyQCuOTwm,LYUEQZX,CZrBBiYhA,CZrBBiYhA
Nv
CZrBBiYhA
LYUEQZX,LYUEQZX,kOqG,WbyQCuOTwm,Nv,CZrBBiYhA,Nv,kOqG,WbyQCuOTwm,WbyQCuOTwm,LYUEQZX,CZrBBiYhA,CZrBBiYhA,WO,CZrBBiYhA
LYUEQZX,LYUEQZX,kOqG,WbyQCuOTwm,Nv,CZrBBiYhA,CZrBBiYhA,Nv,kOqG,WbyQCuOTwm,WbyQCuOTwm,LYUEQZX,CZrBBiYhA,CZrBBiYhA,WO,CZrBBiYhA
LYUEQZX,LYUEQZX,kOqG,Nv,CZrBBiYhA,CZrBBiYhA,Nv,kOqG,WbyQCuOTwm,WbyQCuOTwm,LYUEQZX,CZrBBiYhA,CZrBBiYhA,WO,CZrBBiYhA,QcF,VUUehe
CZrBBiYhA
LYUEQZX,LYUEQZX,kOqG,Nv,CZrBBiYhA,CZrBBiYhA,Nv,kOqG,WbyQCuOTwm,LYUEQZX,CZrBBiYhA,CZrBBiYhA,WO,CZrBBiYhA,QcF,VUUehe
Nv
LYUEQZX,LYUEQZX,kOqG,Nv,CZrBBiYhA,CZrBBiYhA,Nv,kOqG,WbyQCuOTwm,LYUEQZX,CZrBBiYhA,CZrBBiYhA,WO,CZrBBiYhA,QcF,VUUehe
Nv
LYUEQZX,LYUEQZX,kOqG,Nv,CZrBBiYhA,CZrBBiYhA,Nv,kOqG,WbyQCuOTwm,LYUEQZX,CZrBBiYhA,CZrBBiYhA,WO,CZrBBiYhA,QcF,VUUehe
LYUEQZX,LYUEQZX,kOqG,Nv,CZrBBiYhA,CZrBBiYhA,Nv,kOqG,WbyQCuOTwm,LYUEQZX,CZrBBiYhA,CZrBBiYhA,WO,CZrBBiYhA,QcF,VUUehe
Nv
LYUEQZX,LYUEQZX,kOqG,Nv,CZrBBiYhA,CZrBBiYhA,Nv,kOqG,WbyQCuOTwm,LYUEQZX,CZrBBiYhA,CZrBBiYhA,WO,CZrBBiYhA,QcF,VUUehe
LYUEQZX,LYUEQZX,kOqG,Nv,CZrBBiYhA,CZrBBiYhA,Nv,kOqG,WbyQCuOTwm,LYUEQZX,CZrBBiYhA,CZrBBiYhA,WO,CZrBBiYhA,QcF,VUUehe
Nv
LYUEQZX,LYUEQZX,kOqG,Nv,CZrBBiYhA,CZrBBiYhA,Nv,kOqG,WbyQCuOTwm,LYUEQZX,CZrBBiYhA,CZrBBiYhA,WO,CZrBBiYhA,QcF,VUUehe,LYUEQZX
kOqG
LYUEQZX
LYUEQZX,kOqG,Nv,CZrBBiYhA,CZrBBiYhA,Nv,kOqG,VUUehe,LYUEQZX,WbyQCuOTwm,LYUEQZX,CZrBBiYhA,CZrBBiYhA,WO,CZrBBiYhA,QcF,LYUEQZX,VUUehe,Nv,LYUEQZX
VUUehe
CZrBBiYhA
LYUEQZX,kOqG,Nv,CZrBBiYhA,CZrBBiYhA,Nv,kOqG,LYUEQZX,WbyQCuOTwm,LYUEQZX,CZrBBiYhA,CZrBBiYhA,WO,CZrBBiYhA,QcF,VUUehe,LYUEQZX
LYUEQZX,LYUEQZX,Nv,CZrBBiYhA,CZrBBiYhA,Nv,kOqG,kOqG,WbyQCuOTwm,WO,LYUEQZX,CZrBBiYhA,CZrBBiYhA,CZrBBiYhA,QcF,VUUehe,LYUEQZX,kOqG
LYUEQZX,LYUEQZX,Nv,CZrBBiYhA,CZrBBiYhA,Nv,kOqG,kOqG,WbyQCuOTwm,WO,LYUEQZX,CZrBBiYhA,CZrBBiYhA,CZrBBiYhA,QcF,VUUehe,LYUEQZX,kOqG
LYUEQZX,LYUEQZX,CZrBBiYhA,Nv,kOqG,kOqG,WbyQCuOTwm,WO,Nv,LYUEQZX,CZrBBiYhA,CZrBBiYhA,CZrBBiYhA,QcF,VUUehe,LYUEQZX,kOqG
Jedi Wagner, assuma o comando!