[vazia]
[vazia]
[vazia]
G
G
G,G
G,G
G
G
G
G
G
G
G
G,jnwP
G
G
G
G
DChjVwAlm,G
DChjVwAlm,G
Toque! Toque, Dijê!
DChjVwAlm
DChjVwAlm,DChjVwAlm
DChjVwAlm,DChjVwAlm
DChjVwAlm,DChjVwAlm,jnwP,DChjVwAlm
DChjVwAlm,G
DChjVwAlm,G
DChjVwAlm,G
DChjVwAlm
DChjVwAlm
G,DChjVwAlm,G,jnwP
G,DChjVwAlm,G,jnwP
G,DChjVwAlm,G,DChjVwAlm
G,DChjVwAlm,G,DChjVwAlm
DChjVwAlm
DChjVwAlm
G,DChjVwAlm
DChjVwAlm
DChjVwAlm,DChjVwAlm,DChjVwAlm
DChjVwAlm
DChjVwAlm,DChjVwAlm,DChjVwAlm,G
DChjVwAlm
DChjVwAlm
DChjVwAlm,DChjVwAlm,DChjVwAlm,DChjVwAlm,DChjVwAlm
DChjVwAlm,DChjVwAlm,DChjVwAlm,DChjVwAlm,DChjVwAlm
DChjVwAlm,DChjVwAlm,DChjVwAlm,DChjVwAlm,DChjVwAlm
DChjVwAlm,DChjVwAlm,DChjVwAlm,DChjVwAlm,DChjVwAlm
DChjVwAlm,DChjVwAlm,DChjVwAlm,DChjVwAlm,DChjVwAlm
DChjVwAlm,DChjVwAlm,DChjVwAlm,DChjVwAlm,DChjVwAlm
DChjVwAlm
DChjVwAlm,DChjVwAlm,DChjVwAlm,DChjVwAlm,DChjVwAlm,G
DChjVwAlm
DChjVwAlm,DChjVwAlm,DChjVwAlm,DChjVwAlm,DChjVwAlm
DChjVwAlm
DChjVwAlm
DChjVwAlm,DChjVwAlm,DChjVwAlm,DChjVwAlm,DChjVwAlm,G
DChjVwAlm
DChjVwAlm,DChjVwAlm,DChjVwAlm,DChjVwAlm,DChjVwAlm
DChjVwAlm
DChjVwAlm,DChjVwAlm,DChjVwAlm,DChjVwAlm,DChjVwAlm
DChjVwAlm
DChjVwAlm
DChjVwAlm
DChjVwAlm,DChjVwAlm,DChjVwAlm,DChjVwAlm,DChjVwAlm
DChjVwAlm,DChjVwAlm,DChjVwAlm,DChjVwAlm,DChjVwAlm,G
DChjVwAlm
DChjVwAlm,DChjVwAlm,G,DChjVwAlm,DChjVwAlm,DChjVwAlm,G
DChjVwAlm
DChjVwAlm
DChjVwAlm,G,DChjVwAlm,DChjVwAlm,DChjVwAlm,G
DChjVwAlm
DChjVwAlm
DChjVwAlm
DChjVwAlm,G,DChjVwAlm,DChjVwAlm,DChjVwAlm,G
DChjVwAlm
DChjVwAlm
DChjVwAlm,DChjVwAlm,G,DChjVwAlm,DChjVwAlm,G
DChjVwAlm
DChjVwAlm
DChjVwAlm,DChjVwAlm,G,jnwP
DChjVwAlm
DChjVwAlm
DChjVwAlm,DChjVwAlm,G,DChjVwAlm,DChjVwAlm,G,DChjVwAlm
DChjVwAlm
DChjVwAlm
DChjVwAlm
DChjVwAlm,G,DChjVwAlm,DChjVwAlm,G,jnwP
G
DChjVwAlm
DChjVwAlm
DChjVwAlm,DChjVwAlm,DChjVwAlm,G,G,DChjVwAlm
DChjVwAlm,DChjVwAlm,DChjVwAlm,G,G,DChjVwAlm
DChjVwAlm,G,DChjVwAlm,DChjVwAlm,G,DChjVwAlm
G
G
DChjVwAlm,G,DChjVwAlm,DChjVwAlm,G,DChjVwAlm
DChjVwAlm
DChjVwAlm,DChjVwAlm,G,DChjVwAlm,DChjVwAlm,G
DChjVwAlm,DChjVwAlm,DChjVwAlm,G,DChjVwAlm,G,DChjVwAlm
DChjVwAlm,DChjVwAlm,G,DChjVwAlm,DChjVwAlm,G,DChjVwAlm
DChjVwAlm
DChjVwAlm,DChjVwAlm,DChjVwAlm,DChjVwAlm,G
Jedi Wagner, assuma o comando!