[vazia]
Toque! Toque, Dijê!
[vazia]
sQiuXY
sQiuXY
sQiuXY
sQiuXY
sQiuXY
sQiuXY
sQiuXY
sQiuXY
sQiuXY
sQiuXY
sQiuXY
sQiuXY,YdXrbchLyT
sQiuXY,YdXrbchLyT
YdXrbchLyT
YdXrbchLyT
YdXrbchLyT
sQiuXY,YdXrbchLyT
YdXrbchLyT
YdXrbchLyT
YdXrbchLyT
YdXrbchLyT
YdXrbchLyT
YdXrbchLyT,A,sQiuXY
YdXrbchLyT
YdXrbchLyT,A
YdXrbchLyT
YdXrbchLyT
YdXrbchLyT
A,A,xTfZaY,A,sQiuXY,A
A,A,xTfZaY,A,sQiuXY,A
A
A
A
A,sQiuXY,A,xTfZaY,A,A,sQiuXY
A
A
A
sQiuXY,A,A,A,A,sQiuXY
A
A,sQiuXY,A,xTfZaY,A,A,sQiuXY
A
A,sQiuXY,A,xTfZaY,A,A,sQiuXY
A,sQiuXY,A,xTfZaY,A,A,sQiuXY
xTfZaY
A
A,A,A,A,A
A
A,A,A,A,A,A
A,A,A,A,A,A,sQiuXY
A,A,A,A,A,A,sQiuXY
A,A,A,A,A,A,sQiuXY
xTfZaY
A,A,xTfZaY,A,A,sQiuXY
xTfZaY
xTfZaY
xTfZaY
A,xTfZaY,A,A,xTfZaY
xTfZaY
A
A,A,xTfZaY,A,A,sQiuXY
xTfZaY
A,A,A,A,sQiuXY
A,A,xTfZaY,A,A,sQiuXY
xTfZaY
xTfZaY
A,A,xTfZaY,A,A,YdXrbchLyT
A,A,xTfZaY,A,A,sQiuXY
A,A,xTfZaY,A,A,sQiuXY,sQiuXY
A,A,sQiuXY,xTfZaY,A,A
sQiuXY
xTfZaY
A,A,xTfZaY,A,A,sQiuXY
sQiuXY
A
A
A
A
A
A,A,sQiuXY,A,A,YdXrbchLyT,sQiuXY
A,A,YdXrbchLyT,A,A,sQiuXY,A,xTfZaY
A,A,sQiuXY,A,A,YdXrbchLyT,sQiuXY
YdXrbchLyT
YdXrbchLyT
YdXrbchLyT
A,A,YdXrbchLyT,A,A,sQiuXY,YdXrbchLyT,xTfZaY
A,A,YdXrbchLyT,A,A,sQiuXY,YdXrbchLyT,xTfZaY,xTfZaY
A
A
A,YdXrbchLyT,A,A,A,sQiuXY,YdXrbchLyT,xTfZaY
A
A
A
A
YdXrbchLyT,A,A,A,YdXrbchLyT,xTfZaY
YdXrbchLyT
YdXrbchLyT
YdXrbchLyT,A,A,A,YdXrbchLyT,xTfZaY
YdXrbchLyT
YdXrbchLyT
A
A
A
A,YdXrbchLyT,A,A,A
A,YdXrbchLyT,A,A,A
A
A
A
YdXrbchLyT,A,A,A
A
A
A
A
YdXrbchLyT,A,A,A
A
YdXrbchLyT,A,A,A
A
YdXrbchLyT
YdXrbchLyT
YdXrbchLyT,A,A,A
YdXrbchLyT,A,A
xTfZaY,YdXrbchLyT,A,A,A
xTfZaY
YdXrbchLyT,A,A,A
YdXrbchLyT,A,A,A
YdXrbchLyT
YdXrbchLyT,A,A,sQiuXY
sQiuXY
sQiuXY
A
A,A,sQiuXY
sQiuXY
A,A,sQiuXY
A,A,sQiuXY
A,A,sQiuXY
A
A
A,A,YdXrbchLyT,A,sQiuXY,xTfZaY,sQiuXY,sQiuXY
A
A,A,YdXrbchLyT,A,sQiuXY,sQiuXY,sQiuXY
A,A,A,YdXrbchLyT,sQiuXY,sQiuXY,sQiuXY,YdXrbchLyT,A
A
A,A,A,sQiuXY,sQiuXY,YdXrbchLyT,A,sQiuXY
sQiuXY
sQiuXY
A,A,A,sQiuXY,sQiuXY,YdXrbchLyT,A,sQiuXY,A
sQiuXY
sQiuXY
A,A,A,sQiuXY,sQiuXY,YdXrbchLyT,A,sQiuXY
A,A,A,sQiuXY,sQiuXY,YdXrbchLyT,A,sQiuXY
A,A,A,sQiuXY,sQiuXY,YdXrbchLyT,A,sQiuXY
A
A,A,sQiuXY,A,sQiuXY,YdXrbchLyT,A,sQiuXY
A,A,sQiuXY,A,sQiuXY,A,sQiuXY,A
A,A,sQiuXY,A,sQiuXY,A,sQiuXY,A
Jedi Wagner, assuma o comando!