Wn
Wn,Wn
Wn,Wn
Wn
Wn
Wn
Wn
Wn
Wn
Wn,Wn,Wn,Wn
[vazia]
Toque! Toque, Dijê!
Toque! Toque, Dijê!
Wn
Wn
Wn
Toque! Toque, Dijê!
Toque! Toque, Dijê!
Toque! Toque, Dijê!
Toque! Toque, Dijê!
Wn
Wn
Wn,Wn
Wn,Wn
Wn,Wn
Wn,Wn
Wn,Wn
Wn
Wn
Wn,Wn
Wn
Wn,Wn,Wn
Wn
Wn
Wn,Wn,Wn,Wn,Wn
Wn,Wn,Wn
Wn
Wn
Wn
Wn,Wn
Wn
Wn,Wn
Wn,Wn,Wn
Wn,Wn
Wn
Wn
Wn
Wn,Wn,Wn,Wn,Wn
Wn,Wn,Wn,Wn,Wn,Wn
Wn,Wn,Wn,Wn,Wn,Wn
Wn,Wn,Wn,Wn,Wn
Wn
Wn
Wn
Wn
Wn,Wn,Wn,Wn,Wn,Wn,Wn,Wn,Wn,Wn
Wn,Wn,Wn,Wn,Wn,Wn,Wn,Wn,Wn
Wn
Wn
Wn
Wn,Wn,Wn,Wn,Wn,Wn,Wn,Wn,Wn
Wn,Wn,Wn,Wn,Wn,Wn,Wn,Wn,Wn,Wn
Wn
Wn
Wn,Wn,Wn,Wn,Wn,Wn,Wn,Wn
Wn,Wn,Wn,Wn,Wn,Wn,Wn,Wn,Wn
Wn,Wn,Wn,Wn,Wn,Wn,Wn,Wn,Wn,Wn
Wn,Wn,Wn,Wn,Wn,Wn,Wn,Wn,Wn,Wn
Wn
Wn,Wn,Wn,Wn,Wn,Wn,Wn,Wn,Wn
Wn,Wn,Wn,Wn,Wn,Wn,Wn,Wn,Wn
Wn
Wn
Wn,Wn,Wn,Wn,Wn,Wn,Wn,Wn,Wn,Wn,Wn
Wn
Wn
Wn
Wn
Wn,Wn,Wn,Wn,Wn,Wn,Wn,Wn,Wn,Wn,Wn
Wn
Wn
Wn,Wn,Wn,Wn,Wn,Wn,Wn,Wn,Wn,Wn,Wn
Wn,Wn,Wn,Wn,Wn,Wn,Wn,Wn,Wn,Wn,Wn
Wn,Wn,Wn,Wn,Wn,Wn,Wn,Wn,Wn,Wn,Wn,Wn
Wn,Wn,Wn,Wn,Wn,Wn,Wn,Wn,Wn,Wn,Wn,Wn
Wn,Wn,Wn,Wn,Wn,Wn,Wn,Wn,Wn,Wn
Wn
Wn
Wn
Wn
Wn
Wn
Wn,Wn,Wn,Wn,Wn,Wn,Wn,Wn,Wn
Wn,Wn,Wn,Wn,Wn,Wn,Wn,Wn,Wn
Wn
Wn,Wn,Wn,Wn,Wn,Wn,Wn,Wn,Wn
Wn
Wn,Wn,Wn,Wn,Wn,Wn,Wn,Wn,Wn
Wn
Wn,Wn,Wn,Wn,Wn,Wn,Wn,Wn,Wn,Wn,Wn,Wn,Wn
Wn,Wn,Wn,Wn,Wn,Wn,Wn,Wn,Wn,Wn,Wn,Wn,Wn
Wn
Wn,Wn,Wn,Wn,Wn,Wn,Wn,Wn,Wn,Wn,Wn,Wn
Wn,Wn,Wn,Wn,Wn,Wn,Wn,Wn,Wn,Wn,Wn,Wn
Wn
Wn,Wn,Wn,Wn,Wn,Wn,Wn,Wn,Wn,Wn,Wn,Wn,Wn
Wn
Wn
Wn,Wn,Wn,Wn,Wn,Wn,Wn,Wn,Wn,Wn,Wn,Wn,Wn
Jedi Wagner, assuma o comando!