[vazia]
Toque! Toque, Dijê!
roS
[vazia]
Toque! Toque, Dijê!
Toque! Toque, Dijê!
[vazia]
Toque! Toque, Dijê!
[vazia]
Toque! Toque, Dijê!
igIzXQ
igIzXQ
igIzXQ
igIzXQ
igIzXQ
[vazia]
Toque! Toque, Dijê!
igIzXQ
roS
roS
roS
igIzXQ
roS
roS
roS
roS
roS
igIzXQ,roS,roS
roS
roS,igIzXQ,roS
roS,igIzXQ,roS
roS
roS
roS
roS
roS,igIzXQ,roS
roS,igIzXQ,roS
roS
roS,igIzXQ,roS
roS
roS
roS
roS
roS
roS
roS,roS,roS
roS
roS,roS,igIzXQ
roS
roS,roS,igIzXQ
roS,roS,igIzXQ
roS,igIzXQ,roS,igIzXQ
roS
roS
roS,igIzXQ
roS
roS,igIzXQ
roS
roS
roS,roS,igIzXQ
roS,roS,igIzXQ
roS
roS
roS
roS
roS
roS,roS,igIzXQ
roS,igIzXQ,roS
igIzXQ
igIzXQ
igIzXQ
igIzXQ
igIzXQ,roS,igIzXQ
igIzXQ
igIzXQ,roS,igIzXQ
igIzXQ,igIzXQ,roS,roS,igIzXQ
igIzXQ,roS
igIzXQ
igIzXQ
igIzXQ
igIzXQ
roS
igIzXQ
Jedi Wagner, assuma o comando!