Toque! Toque, Dijê!
Toque! Toque, Dijê!
Toque! Toque, Dijê!
[vazia]
[vazia]
[vazia]
[vazia]
[vazia]
[vazia]
Toque! Toque, Dijê!
[vazia]
i,wQbVl
i
i,wQbVl,wQbVl
wQbVl,i,wQbVl,wQbVl,i,i
wQbVl
wQbVl,wQbVl,wQbVl,i
[vazia]
Toque! Toque, Dijê!
[vazia]
Toque! Toque, Dijê!
[vazia]
Toque! Toque, Dijê!
Toque! Toque, Dijê!
[vazia]
Toque! Toque, Dijê!
Toque! Toque, Dijê!
Toque! Toque, Dijê!
i
Toque! Toque, Dijê!
[vazia]
Toque! Toque, Dijê!
Toque! Toque, Dijê!
[vazia]
[vazia]
[vazia]
Toque! Toque, Dijê!
[vazia]
Toque! Toque, Dijê!
[vazia]
Toque! Toque, Dijê!
i
wQbVl,wQbVl
wQbVl
wQbVl
wQbVl
i,wQbVl
i
i
i
Toque! Toque, Dijê!
[vazia]
i
[vazia]
wQbVl
wQbVl
wQbVl
wQbVl
Toque! Toque, Dijê!
[vazia]
Toque! Toque, Dijê!
wQbVl
wQbVl
wQbVl
wQbVl
wQbVl
wQbVl
wQbVl
wQbVl
wQbVl
wQbVl
wQbVl
wQbVl
wQbVl
wQbVl,wQbVl
wQbVl
wQbVl
wQbVl,i,i
wQbVl
wQbVl,i,i,wQbVl,i
i
i,i,wQbVl,i,wQbVl
i,i,wQbVl,i,wQbVl
i,wQbVl,i,i,wQbVl
i,i,i,wQbVl
i,i,i,wQbVl
i,i,i,wQbVl
i,i,i,wQbVl,i,wQbVl
i
wQbVl
wQbVl
i
i
i,i,wQbVl,wQbVl,wQbVl
i,i,wQbVl,wQbVl,wQbVl
i,i,wQbVl,wQbVl,wQbVl
i,i,wQbVl,wQbVl,wQbVl,i
wQbVl
wQbVl
i,wQbVl,wQbVl,i
wQbVl
wQbVl
wQbVl
wQbVl
i,wQbVl,wQbVl,wQbVl,i,i
i,wQbVl,wQbVl,wQbVl,i,i
wQbVl
i,wQbVl,wQbVl,wQbVl,i,i
wQbVl
wQbVl,wQbVl,i,wQbVl,i,i,wQbVl
i
wQbVl
wQbVl,wQbVl,i,i,wQbVl,i
wQbVl,i,i,wQbVl,i
wQbVl
wQbVl
wQbVl
wQbVl,i,wQbVl,i,i,i,i,wQbVl,wQbVl,i
Jedi Wagner, assuma o comando!