Toque! Toque, Dijê!
Toque! Toque, Dijê!
[vazia]
[vazia]
[vazia]
[vazia]
[vazia]
Toque! Toque, Dijê!
FbNc
Toque! Toque, Dijê!
[vazia]
[vazia]
[vazia]
[vazia]
[vazia]
Toque! Toque, Dijê!
[vazia]
Toque! Toque, Dijê!
Toque! Toque, Dijê!
[vazia]
Toque! Toque, Dijê!
[vazia]
[vazia]
qSoCTzSlXx
qSoCTzSlXx
[vazia]
[vazia]
[vazia]
IwYNKPo
IwYNKPo
IwYNKPo
IwYNKPo,gIGIKr,bAUis
IwYNKPo
IwYNKPo
IwYNKPo
IwYNKPo
[vazia]
uwtaHRuf
uwtaHRuf
uwtaHRuf
uwtaHRuf
uwtaHRuf
uwtaHRuf
uwtaHRuf
uwtaHRuf
uwtaHRuf
uwtaHRuf
uwtaHRuf
uwtaHRuf
uwtaHRuf
uwtaHRuf
uwtaHRuf
uwtaHRuf
uwtaHRuf
uwtaHRuf
uwtaHRuf
uwtaHRuf
uwtaHRuf
[vazia]
FbNc
FbNc
FbNc
FbNc
FbNc,gIGIKr
gIGIKr,FbNc
gIGIKr
FbNc,gIGIKr,qSoCTzSlXx
gIGIKr
qSoCTzSlXx
FbNc,gIGIKr,qSoCTzSlXx
qSoCTzSlXx
qSoCTzSlXx
Jedi Wagner, assuma o comando!