R,uQuW
R,uQuW
mPf
mPf
mPf
mPf
mPf
mPf
mPf
mPf
mPf
mPf,uQuW
uQuW
uQuW
mPf,uQuW
mPf,uQuW
mPf,uQuW
uQuW
mPf,uQuW
uQuW
uQuW
mPf,uQuW
mPf,uQuW
mPf
mPf
mPf
mPf
R
R
R
R
mPf,R
R
mPf,R
R
R
R
mPf,R
mPf,R,R
R
mPf,R,R
mPf,R,R
R
mPf,R,R
mPf,R,R
mPf,R
R
R
mPf,R,uQuW
mPf
R,mPf,mPf
R
R
R
R
R
R
R,R,uQuW,uQuW
R
R
R
R
R,uQuW
R,uQuW
uQuW
uQuW,R,mPf
R
R
mPf
mPf,mPf
mPf,mPf
mPf
mPf
R,R
R,mPf,uQuW
R
R,R,mPf
R,mPf
R
R
R
R
R
R
R
R
R
R
R
R
R,mPf
R
R
R
R,mPf,uQuW
R
R
R
mPf,R
mPf,R
mPf,R
mPf,mPf
mPf
mPf
mPf,mPf,uQuW,R
mPf
mPf,mPf,uQuW,R
mPf,mPf,uQuW
mPf
mPf
mPf,mPf,uQuW
mPf
mPf,mPf,uQuW
uQuW
mPf,uQuW,mPf
mPf,uQuW,mPf
mPf,uQuW,mPf,mPf
mPf,uQuW,mPf,mPf,uQuW
mPf,mPf,mPf,uQuW
mPf,mPf,mPf,uQuW,mPf
mPf,mPf,mPf,uQuW,mPf,R,R
mPf
mPf,uQuW,mPf
mPf,uQuW,mPf
uQuW,mPf,mPf,mPf
uQuW,mPf,mPf,mPf
mPf
mPf,mPf,uQuW,mPf
mPf,mPf,mPf,mPf,mPf,mPf
mPf,mPf,mPf,mPf,mPf,mPf
mPf
mPf
mPf
mPf,mPf,mPf,mPf,R,mPf,uQuW
mPf,mPf,mPf,uQuW
mPf
mPf,mPf,mPf,uQuW
mPf,mPf,mPf,uQuW
mPf,mPf,mPf,uQuW
mPf,mPf,mPf,uQuW
mPf,mPf,mPf,uQuW,mPf
mPf
mPf,mPf,mPf,uQuW
mPf
mPf,mPf,mPf,uQuW,R
mPf
mPf
mPf
mPf
mPf,uQuW,mPf,mPf
mPf,uQuW,mPf,mPf
mPf,uQuW,mPf,mPf
mPf,mPf,uQuW,R
mPf,mPf,uQuW,R,mPf,uQuW
mPf,mPf,uQuW,R,mPf,uQuW,uQuW
mPf,uQuW,mPf,mPf
mPf,uQuW,mPf,mPf
uQuW
uQuW,mPf,mPf,mPf,mPf
uQuW
mPf,uQuW,mPf,mPf
uQuW
uQuW
uQuW
mPf
mPf,uQuW,mPf,mPf
mPf,uQuW,mPf,mPf
mPf,uQuW,mPf,mPf
mPf,mPf,mPf,uQuW,uQuW
uQuW
mPf,mPf,mPf,uQuW,uQuW
uQuW
mPf,mPf,mPf,uQuW,uQuW
mPf,mPf,mPf,uQuW,uQuW
mPf,mPf,mPf,uQuW,uQuW
mPf
mPf,mPf,uQuW,R
mPf
mPf,mPf,uQuW,R
mPf,mPf,uQuW,R
mPf
mPf
mPf,mPf,mPf,uQuW,uQuW,uQuW
mPf,mPf,mPf,uQuW,uQuW,uQuW
uQuW
uQuW
uQuW
mPf,mPf,mPf,uQuW,uQuW,uQuW
mPf,mPf,mPf,uQuW,uQuW,uQuW
uQuW
uQuW
mPf
mPf,uQuW,mPf,mPf,uQuW,R
mPf,uQuW,mPf,mPf,uQuW,R
mPf,uQuW,mPf,mPf,uQuW,R
mPf
mPf,uQuW,mPf,mPf,R,uQuW
mPf
mPf
mPf,mPf,mPf,R,uQuW,uQuW
R
mPf,mPf,mPf,R,uQuW,uQuW
mPf,mPf,R,uQuW,uQuW,R,mPf
uQuW
mPf,mPf,R,uQuW,uQuW,R,mPf
Jedi Wagner, assuma o comando!