[vazia]
Toque! Toque, Dijê!
[vazia]
[vazia]
Seqs
Toque! Toque, Dijê!
yvsUA
yvsUA
Toque! Toque, Dijê!
yvsUA
yvsUA
yvsUA
yvsUA
yvsUA,yvsUA
Toque! Toque, Dijê!
yvsUA
yvsUA
yvsUA
yvsUA
yvsUA
yvsUA
yvsUA,Seqs,yvsUA
Seqs,yvsUA
yvsUA,Seqs,yvsUA
Seqs
Seqs,yvsUA,yvsUA
yvsUA,yvsUA,yvsUA
yvsUA
yvsUA
yvsUA,yvsUA,yvsUA,yvsUA
yvsUA
yvsUA,yvsUA,yvsUA,yvsUA,yvsUA
yvsUA
yvsUA
yvsUA
yvsUA
yvsUA,yvsUA,yvsUA,yvsUA,yvsUA
yvsUA
yvsUA,yvsUA,yvsUA,yvsUA,yvsUA
yvsUA,yvsUA,yvsUA,yvsUA,yvsUA
yvsUA
yvsUA,yvsUA,yvsUA,yvsUA
yvsUA
yvsUA,yvsUA,Seqs
yvsUA
yvsUA
yvsUA
yvsUA,Seqs,yvsUA,yvsUA,yvsUA,Seqs
yvsUA,Seqs,yvsUA,yvsUA,yvsUA,Seqs
yvsUA,yvsUA,yvsUA,yvsUA
yvsUA,yvsUA,yvsUA,yvsUA
yvsUA
yvsUA,yvsUA,yvsUA,yvsUA,yvsUA,Seqs
yvsUA,yvsUA,yvsUA,yvsUA,yvsUA,Seqs
yvsUA
yvsUA
yvsUA,yvsUA,yvsUA,Seqs,yvsUA,yvsUA
yvsUA,yvsUA,yvsUA,yvsUA
yvsUA
yvsUA
yvsUA,yvsUA,yvsUA,yvsUA,Seqs,Seqs
yvsUA,yvsUA,yvsUA,yvsUA,Seqs,Seqs
yvsUA,yvsUA,yvsUA,yvsUA,Seqs,yvsUA,yvsUA
yvsUA
yvsUA,yvsUA,yvsUA,yvsUA,Seqs,Seqs
yvsUA,yvsUA,yvsUA,Seqs,yvsUA,Seqs
Seqs
Seqs,yvsUA,Seqs,yvsUA,Seqs
yvsUA,Seqs,Seqs,yvsUA,Seqs
Seqs,yvsUA,Seqs,yvsUA,Seqs
Seqs,yvsUA,Seqs,yvsUA,Seqs
Seqs,yvsUA,Seqs,yvsUA,Seqs
yvsUA
Seqs,yvsUA,Seqs,yvsUA,Seqs,yvsUA
Seqs
yvsUA,Seqs,Seqs,yvsUA,Seqs,yvsUA,Seqs,Seqs
Seqs
Seqs
Seqs
Seqs,Seqs,yvsUA,yvsUA,Seqs,yvsUA,Seqs,Seqs,Seqs,yvsUA,Seqs
Seqs
Seqs,yvsUA,yvsUA,Seqs,yvsUA,Seqs,Seqs,Seqs,yvsUA,Seqs,Seqs
Seqs
Seqs
Seqs,Seqs,Seqs,Seqs,yvsUA,yvsUA,Seqs,yvsUA,Seqs,Seqs
Seqs,Seqs,yvsUA,yvsUA,Seqs,yvsUA,Seqs,Seqs,Seqs,yvsUA,Seqs,Seqs
Seqs
Seqs
Seqs
Seqs,yvsUA,Seqs,yvsUA,Seqs,Seqs,Seqs,yvsUA,Seqs,yvsUA,Seqs,Seqs
yvsUA
Seqs,yvsUA,Seqs,Seqs,Seqs,yvsUA,Seqs,yvsUA,Seqs,Seqs,Seqs
yvsUA
yvsUA
yvsUA
Seqs
Seqs
Seqs
Seqs
Seqs
Seqs
yvsUA
yvsUA
Seqs,Seqs,Seqs,yvsUA,yvsUA,Seqs,Seqs,Seqs,Seqs,Seqs,Seqs,Seqs,yvsUA,Seqs,Seqs,yvsUA
Seqs,Seqs,yvsUA,yvsUA,Seqs,Seqs,Seqs,Seqs,Seqs,Seqs,Seqs,yvsUA,Seqs,Seqs,yvsUA,yvsUA,Seqs
yvsUA
yvsUA
Seqs,yvsUA,Seqs,yvsUA,Seqs,Seqs,Seqs,Seqs,Seqs,Seqs,Seqs,yvsUA,Seqs,Seqs,yvsUA,yvsUA,Seqs,Seqs,Seqs
Seqs,yvsUA,Seqs,yvsUA,Seqs,Seqs,Seqs,Seqs,Seqs,Seqs,Seqs,yvsUA,Seqs,Seqs,yvsUA,yvsUA,Seqs,Seqs,Seqs
yvsUA
Seqs
Seqs
Seqs,yvsUA,Seqs,yvsUA,Seqs,Seqs,Seqs,Seqs,Seqs,Seqs,Seqs,yvsUA,Seqs,Seqs,yvsUA,yvsUA,Seqs,Seqs,Seqs,Seqs,yvsUA,yvsUA
yvsUA,Seqs,yvsUA,Seqs,Seqs,Seqs,Seqs,Seqs,Seqs,Seqs,Seqs,yvsUA,Seqs,Seqs,yvsUA,yvsUA,Seqs,Seqs,Seqs,Seqs,yvsUA,yvsUA
yvsUA,Seqs,yvsUA,Seqs,Seqs,Seqs,Seqs,Seqs,Seqs,Seqs,Seqs,yvsUA,Seqs,Seqs,yvsUA,yvsUA,Seqs,Seqs,Seqs,Seqs,yvsUA,yvsUA,Seqs,Seqs
Seqs
Seqs,Seqs,Seqs,Seqs,Seqs,Seqs,Seqs,Seqs,Seqs,yvsUA,Seqs,Seqs,yvsUA,yvsUA,Seqs,Seqs,Seqs,Seqs,yvsUA,yvsUA,Seqs,Seqs,yvsUA,Seqs
Seqs
Seqs
yvsUA
Seqs,yvsUA,Seqs,yvsUA,Seqs,Seqs,Seqs,Seqs,Seqs,Seqs,Seqs,yvsUA,Seqs,Seqs,yvsUA,yvsUA,Seqs,Seqs,Seqs,Seqs,yvsUA,yvsUA
yvsUA
yvsUA,Seqs,Seqs,yvsUA,Seqs,Seqs,Seqs,Seqs,Seqs,yvsUA,Seqs,Seqs,yvsUA,yvsUA,Seqs,Seqs,Seqs,Seqs,yvsUA,yvsUA
yvsUA,Seqs,Seqs,yvsUA,Seqs,Seqs,Seqs,Seqs,Seqs,yvsUA,Seqs,Seqs,yvsUA,yvsUA,Seqs,Seqs,Seqs,Seqs,yvsUA,yvsUA
yvsUA,Seqs,Seqs,yvsUA,Seqs,Seqs,Seqs,Seqs,Seqs,yvsUA,Seqs,Seqs,yvsUA,yvsUA,Seqs,Seqs,Seqs,Seqs,yvsUA,yvsUA,yvsUA
Seqs,yvsUA,Seqs,Seqs,yvsUA,Seqs,Seqs,Seqs,Seqs,yvsUA,Seqs,Seqs,yvsUA,yvsUA,Seqs,Seqs,Seqs,Seqs,yvsUA,yvsUA,yvsUA,Seqs
Seqs
Seqs
Seqs
Seqs
yvsUA,Seqs,yvsUA,Seqs,Seqs,Seqs,Seqs,yvsUA,Seqs,Seqs,yvsUA,yvsUA,Seqs,Seqs,Seqs,Seqs,yvsUA,yvsUA,yvsUA,Seqs,yvsUA,yvsUA
yvsUA,Seqs,yvsUA,Seqs,Seqs,Seqs,Seqs,yvsUA,Seqs,Seqs,yvsUA,yvsUA,Seqs,Seqs,Seqs,Seqs,yvsUA,yvsUA,yvsUA,Seqs,yvsUA,yvsUA
yvsUA,Seqs,yvsUA,Seqs,Seqs,Seqs,Seqs,yvsUA,Seqs,Seqs,yvsUA,yvsUA,Seqs,Seqs,Seqs,Seqs,yvsUA,yvsUA,yvsUA,Seqs,yvsUA,yvsUA
Seqs
yvsUA,Seqs,Seqs,Seqs,yvsUA,Seqs,yvsUA,Seqs,Seqs,yvsUA,yvsUA,Seqs,Seqs,Seqs,Seqs,yvsUA,yvsUA,yvsUA,Seqs,yvsUA,yvsUA,yvsUA,yvsUA
Seqs,Seqs,Seqs,yvsUA,Seqs,yvsUA,Seqs,Seqs,yvsUA,yvsUA,Seqs,Seqs,Seqs,Seqs,yvsUA,yvsUA,yvsUA,Seqs,yvsUA,yvsUA,yvsUA,yvsUA
Seqs,Seqs,Seqs,yvsUA,Seqs,yvsUA,Seqs,Seqs,yvsUA,yvsUA,Seqs,Seqs,Seqs,Seqs,yvsUA,yvsUA,yvsUA,Seqs,yvsUA,yvsUA,yvsUA,yvsUA
yvsUA
yvsUA,Seqs,Seqs,Seqs,yvsUA,Seqs,yvsUA,Seqs,Seqs,yvsUA,yvsUA,Seqs,Seqs,Seqs,Seqs,yvsUA,yvsUA,yvsUA,Seqs,yvsUA,yvsUA,yvsUA,yvsUA
yvsUA
yvsUA,Seqs,Seqs,yvsUA,Seqs,yvsUA,Seqs,Seqs,yvsUA,yvsUA,Seqs,Seqs,Seqs,Seqs,yvsUA,yvsUA,yvsUA,Seqs,yvsUA,yvsUA,yvsUA,yvsUA
Seqs
Seqs,Seqs,yvsUA,Seqs,yvsUA,Seqs,Seqs,yvsUA,yvsUA,Seqs,Seqs,Seqs,Seqs,yvsUA,yvsUA,yvsUA,Seqs,yvsUA,yvsUA,yvsUA,yvsUA
Seqs,Seqs,yvsUA,Seqs,yvsUA,Seqs,Seqs,yvsUA,yvsUA,Seqs,Seqs,Seqs,Seqs,yvsUA,yvsUA,yvsUA,Seqs,yvsUA,yvsUA,yvsUA,yvsUA
Seqs,Seqs,yvsUA,Seqs,yvsUA,Seqs,Seqs,yvsUA,yvsUA,Seqs,Seqs,Seqs,Seqs,yvsUA,yvsUA,yvsUA,Seqs,yvsUA,yvsUA,yvsUA,yvsUA,yvsUA
Seqs,Seqs,yvsUA,Seqs,yvsUA,Seqs,Seqs,yvsUA,yvsUA,Seqs,Seqs,Seqs,Seqs,yvsUA,yvsUA,yvsUA,Seqs,yvsUA,yvsUA,yvsUA,yvsUA,yvsUA,yvsUA
Seqs,Seqs,yvsUA,Seqs,yvsUA,Seqs,Seqs,yvsUA,yvsUA,Seqs,Seqs,Seqs,Seqs,yvsUA,yvsUA,yvsUA,Seqs,yvsUA,yvsUA,yvsUA,yvsUA,yvsUA,yvsUA
yvsUA
Seqs
Seqs
Seqs
Seqs,Seqs,Seqs,yvsUA,Seqs,Seqs,yvsUA,yvsUA,Seqs,Seqs,Seqs,Seqs,yvsUA,yvsUA,yvsUA,Seqs,yvsUA,yvsUA,yvsUA,yvsUA,yvsUA,yvsUA,yvsUA
Seqs
Seqs
Jedi Wagner, assuma o comando!