[vazia]
[vazia]
[vazia]
Toque! Toque, Dijê!
Toque! Toque, Dijê!
JZAFsmj
JZAFsmj
JZAFsmj
JZAFsmj,JKCpLyUEBY,JZAFsmj,JZAFsmj
Toque! Toque, Dijê!
Toque! Toque, Dijê!
[vazia]
[vazia]
[vazia]
JKCpLyUEBY
JKCpLyUEBY
JKCpLyUEBY,JKCpLyUEBY
JKCpLyUEBY,JKCpLyUEBY,JKCpLyUEBY,JKCpLyUEBY
JKCpLyUEBY,JKCpLyUEBY,JKCpLyUEBY,JKCpLyUEBY
JKCpLyUEBY
JZAFsmj
JZAFsmj
JZAFsmj,JKCpLyUEBY,JKCpLyUEBY,JKCpLyUEBY,JKCpLyUEBY
JZAFsmj,JKCpLyUEBY,JKCpLyUEBY,JKCpLyUEBY,JKCpLyUEBY
JKCpLyUEBY
JKCpLyUEBY,JKCpLyUEBY,JKCpLyUEBY,JKCpLyUEBY,JZAFsmj
JKCpLyUEBY,JKCpLyUEBY,JKCpLyUEBY,JKCpLyUEBY,JZAFsmj,JKCpLyUEBY
JKCpLyUEBY
JKCpLyUEBY
JKCpLyUEBY,JKCpLyUEBY,JKCpLyUEBY
JKCpLyUEBY,JKCpLyUEBY,JKCpLyUEBY
JKCpLyUEBY
JKCpLyUEBY
JKCpLyUEBY,JKCpLyUEBY,JKCpLyUEBY,Kj
JKCpLyUEBY
JKCpLyUEBY,JKCpLyUEBY,JKCpLyUEBY,JZAFsmj
JKCpLyUEBY,JKCpLyUEBY,JZAFsmj
JKCpLyUEBY,JKCpLyUEBY,JZAFsmj
JKCpLyUEBY
JKCpLyUEBY
JKCpLyUEBY,JKCpLyUEBY,Kj,JKCpLyUEBY,JZAFsmj
JKCpLyUEBY
JKCpLyUEBY
JKCpLyUEBY,JKCpLyUEBY,Kj,JKCpLyUEBY,JZAFsmj,JZAFsmj
JKCpLyUEBY
JKCpLyUEBY,JKCpLyUEBY,Kj,JKCpLyUEBY,JZAFsmj,JZAFsmj,JKCpLyUEBY,JZAFsmj,Kj
JKCpLyUEBY
JKCpLyUEBY,JKCpLyUEBY,Kj,JKCpLyUEBY,JZAFsmj,JZAFsmj,JKCpLyUEBY,JZAFsmj,Kj
JKCpLyUEBY
JKCpLyUEBY
JKCpLyUEBY,JZAFsmj,JKCpLyUEBY,Kj,JZAFsmj,Kj,JZAFsmj,Kj
JKCpLyUEBY,JKCpLyUEBY,Kj,JZAFsmj,JZAFsmj,Kj,JZAFsmj,Kj,Kj
JZAFsmj
JKCpLyUEBY,JKCpLyUEBY,Kj,JZAFsmj,JZAFsmj,Kj,JZAFsmj,Kj,Kj,JKCpLyUEBY,Kj,JKCpLyUEBY
JKCpLyUEBY,JKCpLyUEBY,Kj,JZAFsmj,JZAFsmj,Kj,JZAFsmj,Kj,Kj,JKCpLyUEBY,Kj,JKCpLyUEBY
JZAFsmj
JKCpLyUEBY,JKCpLyUEBY,Kj,JZAFsmj,JZAFsmj,Kj,JZAFsmj,Kj,Kj,JKCpLyUEBY,Kj,JKCpLyUEBY
JKCpLyUEBY,JKCpLyUEBY,Kj,JZAFsmj,Kj,JZAFsmj,Kj,Kj,JKCpLyUEBY,Kj,JKCpLyUEBY
JKCpLyUEBY
JKCpLyUEBY,Kj,JZAFsmj,JKCpLyUEBY,Kj,JKCpLyUEBY,JZAFsmj,JKCpLyUEBY,Kj
JKCpLyUEBY,Kj,JZAFsmj,JKCpLyUEBY,Kj,JKCpLyUEBY,JZAFsmj,JKCpLyUEBY,Kj
JKCpLyUEBY,Kj,JZAFsmj,JKCpLyUEBY,Kj,JKCpLyUEBY,JZAFsmj,JKCpLyUEBY,Kj
Kj
JKCpLyUEBY
JKCpLyUEBY
JKCpLyUEBY
JKCpLyUEBY
Kj,JKCpLyUEBY,JKCpLyUEBY,Kj,JKCpLyUEBY,JKCpLyUEBY,Kj,JZAFsmj,Kj,Kj,Kj,JKCpLyUEBY
Kj,JKCpLyUEBY,JKCpLyUEBY,Kj,JKCpLyUEBY,JKCpLyUEBY,Kj,JZAFsmj,Kj,Kj,Kj,JKCpLyUEBY
JKCpLyUEBY
JKCpLyUEBY
Kj
Kj
JKCpLyUEBY,Kj,Kj,JKCpLyUEBY,JZAFsmj,JKCpLyUEBY,Kj,JZAFsmj,Kj,JKCpLyUEBY
Kj,JZAFsmj,Kj,JKCpLyUEBY,JKCpLyUEBY,JZAFsmj,JKCpLyUEBY,Kj,JZAFsmj,Kj
JZAFsmj,Kj,JKCpLyUEBY,JKCpLyUEBY,JZAFsmj,JKCpLyUEBY,Kj,JZAFsmj,Kj
Kj
Kj,JZAFsmj,JKCpLyUEBY,Kj,JKCpLyUEBY,JZAFsmj,JKCpLyUEBY,Kj,JZAFsmj,Kj
Kj
Kj
JZAFsmj,Kj,JKCpLyUEBY,JKCpLyUEBY,JZAFsmj,JKCpLyUEBY,Kj,JZAFsmj,Kj,Kj
Kj,Kj,JZAFsmj,JKCpLyUEBY,JKCpLyUEBY,JZAFsmj,JKCpLyUEBY,Kj,JZAFsmj,Kj
JKCpLyUEBY
JKCpLyUEBY
Kj,Kj,JKCpLyUEBY,JZAFsmj,JZAFsmj,JKCpLyUEBY,Kj,JZAFsmj,Kj,JZAFsmj
Kj,Kj,JKCpLyUEBY,JZAFsmj,JZAFsmj,JKCpLyUEBY,Kj,JZAFsmj,Kj,JZAFsmj
JZAFsmj
Kj
JKCpLyUEBY
JKCpLyUEBY
JKCpLyUEBY
Kj,JZAFsmj,JKCpLyUEBY,Kj,JKCpLyUEBY,JZAFsmj,JKCpLyUEBY,Kj,JZAFsmj,Kj,Kj,JZAFsmj,JKCpLyUEBY
JKCpLyUEBY
JKCpLyUEBY
Kj,JZAFsmj,Kj,JKCpLyUEBY,JZAFsmj,JKCpLyUEBY,Kj,JZAFsmj,Kj,Kj,JZAFsmj,JKCpLyUEBY,Kj,JKCpLyUEBY,JKCpLyUEBY,JKCpLyUEBY,Kj
JZAFsmj
Kj,Kj,JKCpLyUEBY,JZAFsmj,JZAFsmj,JKCpLyUEBY,Kj,JZAFsmj,Kj,Kj,JZAFsmj,JKCpLyUEBY,Kj,JKCpLyUEBY,JKCpLyUEBY,JKCpLyUEBY
JZAFsmj
JKCpLyUEBY
Kj,JZAFsmj,JKCpLyUEBY,Kj,JKCpLyUEBY,JZAFsmj,JKCpLyUEBY,Kj,JZAFsmj,Kj,Kj,JZAFsmj,JKCpLyUEBY,Kj
JZAFsmj
Kj,JZAFsmj,JKCpLyUEBY,Kj,JKCpLyUEBY,JZAFsmj,JKCpLyUEBY,Kj,JZAFsmj,Kj,Kj,JZAFsmj,JKCpLyUEBY,Kj
JKCpLyUEBY
Kj,JKCpLyUEBY,JZAFsmj,JKCpLyUEBY,Kj,JZAFsmj,Kj,Kj,JZAFsmj,JKCpLyUEBY,Kj,JKCpLyUEBY
JKCpLyUEBY
Kj,JKCpLyUEBY,JZAFsmj,JKCpLyUEBY,Kj,JZAFsmj,Kj,Kj,JZAFsmj,JKCpLyUEBY,Kj,JKCpLyUEBY
JKCpLyUEBY
JZAFsmj,JZAFsmj,JKCpLyUEBY,Kj,JZAFsmj,Kj,Kj,JZAFsmj,JKCpLyUEBY,Kj
JKCpLyUEBY
JKCpLyUEBY
JKCpLyUEBY,JZAFsmj,JZAFsmj,Kj,JZAFsmj,Kj,Kj,JZAFsmj,JKCpLyUEBY,Kj,Kj
JZAFsmj,Kj,JKCpLyUEBY,JZAFsmj,JKCpLyUEBY,Kj,JZAFsmj,Kj,Kj,JZAFsmj,JKCpLyUEBY,Kj
JKCpLyUEBY
JKCpLyUEBY
JZAFsmj,JZAFsmj,JKCpLyUEBY,Kj,JKCpLyUEBY,JZAFsmj,Kj,Kj,JZAFsmj,JKCpLyUEBY,Kj,JZAFsmj
JZAFsmj,JZAFsmj,JKCpLyUEBY,Kj,JKCpLyUEBY,JZAFsmj,Kj,Kj,JZAFsmj,JKCpLyUEBY,Kj,JZAFsmj,Kj
JZAFsmj,JZAFsmj,JKCpLyUEBY,Kj,JKCpLyUEBY,JZAFsmj,Kj,Kj,JZAFsmj,JKCpLyUEBY,Kj,JZAFsmj,Kj
JZAFsmj
JKCpLyUEBY,Kj,JKCpLyUEBY,JZAFsmj,JZAFsmj,JZAFsmj,Kj,Kj,JZAFsmj,JKCpLyUEBY,Kj,JZAFsmj
JZAFsmj
JZAFsmj
Kj
JKCpLyUEBY,JZAFsmj,Kj,JZAFsmj,Kj,JKCpLyUEBY,Kj,JZAFsmj,JKCpLyUEBY,Kj,JZAFsmj
JKCpLyUEBY,JKCpLyUEBY,Kj,JZAFsmj,Kj,JZAFsmj,Kj,JZAFsmj,JKCpLyUEBY,Kj,JZAFsmj
JZAFsmj
Kj
Kj
Kj,JZAFsmj,Kj,Kj,JZAFsmj,JKCpLyUEBY,Kj,JZAFsmj,Kj,JKCpLyUEBY
Kj
Kj,JZAFsmj,Kj,Kj,JZAFsmj,Kj,JZAFsmj,Kj,JKCpLyUEBY
Kj
Kj
Kj
Kj
Kj
Kj
Kj
JZAFsmj
Kj
JKCpLyUEBY,Kj,Kj,JZAFsmj,Kj,JZAFsmj,JKCpLyUEBY,Kj,JZAFsmj
JKCpLyUEBY
Kj
JZAFsmj,Kj,JKCpLyUEBY,JZAFsmj,JKCpLyUEBY,Kj,JZAFsmj
JKCpLyUEBY
JZAFsmj,Kj,JKCpLyUEBY,JZAFsmj,JKCpLyUEBY
JZAFsmj,Kj,JKCpLyUEBY,JZAFsmj,JKCpLyUEBY,JZAFsmj
JZAFsmj,Kj,JKCpLyUEBY,JZAFsmj,JKCpLyUEBY,JZAFsmj
JZAFsmj
JZAFsmj
JZAFsmj
JZAFsmj,Kj,JZAFsmj,JKCpLyUEBY,JZAFsmj
JZAFsmj,Kj,JKCpLyUEBY,JZAFsmj,JKCpLyUEBY,JZAFsmj
JZAFsmj
JZAFsmj
JZAFsmj
JZAFsmj
JZAFsmj,JKCpLyUEBY,JZAFsmj,JZAFsmj,JZAFsmj,Kj,JZAFsmj
JZAFsmj
JZAFsmj,JZAFsmj,JZAFsmj,JZAFsmj,JKCpLyUEBY,JZAFsmj,JZAFsmj,JZAFsmj
Jedi Wagner, assuma o comando!