[vazia]
[vazia]
Toque! Toque, Dijê!
Toque! Toque, Dijê!
AvMO
AvMO
AvMO
AvMO,jUqtsc
AvMO
AvMO
AvMO
AvMO
Toque! Toque, Dijê!
Toque! Toque, Dijê!
Toque! Toque, Dijê!
[vazia]
Toque! Toque, Dijê!
[vazia]
[vazia]
[vazia]
[vazia]
[vazia]
Toque! Toque, Dijê!
jUqtsc,axFjtQmc
jUqtsc
Toque! Toque, Dijê!
[vazia]
[vazia]
jUqtsc
jUqtsc
jUqtsc
Toque! Toque, Dijê!
AvMO
AvMO
[vazia]
jUqtsc
jUqtsc
jUqtsc
jUqtsc,jUqtsc
jUqtsc
jUqtsc,jUqtsc
jUqtsc
jUqtsc
jUqtsc
jUqtsc,jUqtsc
jUqtsc,jUqtsc
jUqtsc,jUqtsc
jUqtsc
jUqtsc,axFjtQmc
axFjtQmc,axFjtQmc
axFjtQmc
axFjtQmc
jUqtsc
jUqtsc,jUqtsc
jUqtsc
jUqtsc,jUqtsc
jUqtsc
jUqtsc
jUqtsc
jUqtsc,GpKNnsY
jUqtsc
jUqtsc,jUqtsc,jUqtsc
jUqtsc,jUqtsc,jUqtsc
jUqtsc
jUqtsc
GpKNnsY
GpKNnsY
GpKNnsY,jUqtsc,jUqtsc,axFjtQmc
GpKNnsY,jUqtsc,jUqtsc,axFjtQmc
GpKNnsY,jUqtsc,axFjtQmc
GpKNnsY
jUqtsc,axFjtQmc,AvMO,GpKNnsY
jUqtsc,axFjtQmc,AvMO,GpKNnsY
jUqtsc,AvMO,GpKNnsY
jUqtsc,AvMO,GpKNnsY
jUqtsc
jUqtsc
jUqtsc
jUqtsc
jUqtsc
AvMO,GpKNnsY,jUqtsc,GpKNnsY
AvMO,GpKNnsY,jUqtsc,GpKNnsY
jUqtsc
jUqtsc
jUqtsc
jUqtsc,jUqtsc,axFjtQmc
jUqtsc
jUqtsc,jUqtsc,jUqtsc
jUqtsc
jUqtsc,jUqtsc,GpKNnsY
jUqtsc,jUqtsc,GpKNnsY
jUqtsc
jUqtsc
jUqtsc,jUqtsc
jUqtsc,jUqtsc,GpKNnsY
jUqtsc
jUqtsc,jUqtsc,GpKNnsY,jUqtsc,jUqtsc,GpKNnsY
jUqtsc,jUqtsc,GpKNnsY,jUqtsc,jUqtsc,GpKNnsY
jUqtsc,jUqtsc,GpKNnsY,jUqtsc,jUqtsc,GpKNnsY
jUqtsc,jUqtsc,GpKNnsY
jUqtsc,jUqtsc,GpKNnsY
jUqtsc,jUqtsc
AvMO
AvMO
AvMO
AvMO
AvMO
Toque! Toque, Dijê!
AvMO
AvMO
AvMO
AvMO
AvMO
AvMO,AvMO,AvMO,GpKNnsY
AvMO,AvMO,AvMO,GpKNnsY
AvMO,AvMO,GpKNnsY
AvMO
GpKNnsY
AvMO
AvMO,AvMO
AvMO
AvMO
AvMO
AvMO
AvMO
[vazia]
Toque! Toque, Dijê!
Toque! Toque, Dijê!
[vazia]
Toque! Toque, Dijê!
[vazia]
Toque! Toque, Dijê!
jUqtsc
jUqtsc
jUqtsc,GpKNnsY
jUqtsc
jUqtsc
GpKNnsY
GpKNnsY,jUqtsc,GpKNnsY,AvMO
jUqtsc
GpKNnsY,jUqtsc,GpKNnsY,AvMO,GpKNnsY
jUqtsc
AvMO
AvMO
GpKNnsY
GpKNnsY
jUqtsc
GpKNnsY,GpKNnsY,AvMO,GpKNnsY,jUqtsc,axFjtQmc
GpKNnsY,jUqtsc,GpKNnsY,AvMO,GpKNnsY,axFjtQmc
GpKNnsY
jUqtsc,GpKNnsY,AvMO,GpKNnsY,axFjtQmc,jUqtsc,GpKNnsY
GpKNnsY
GpKNnsY
GpKNnsY,AvMO,GpKNnsY,axFjtQmc,GpKNnsY,axFjtQmc
AvMO,GpKNnsY,GpKNnsY,axFjtQmc,GpKNnsY,axFjtQmc,AvMO,AvMO
GpKNnsY
GpKNnsY
axFjtQmc
AvMO,GpKNnsY,axFjtQmc,GpKNnsY,axFjtQmc,AvMO,AvMO
AvMO,GpKNnsY,axFjtQmc,GpKNnsY,axFjtQmc,AvMO,AvMO
AvMO,GpKNnsY,axFjtQmc,GpKNnsY,axFjtQmc,AvMO,AvMO,GpKNnsY
axFjtQmc
axFjtQmc
axFjtQmc,GpKNnsY,axFjtQmc,GpKNnsY,AvMO,AvMO,AvMO,AvMO
axFjtQmc,GpKNnsY,axFjtQmc,GpKNnsY,AvMO,AvMO,AvMO,AvMO,GpKNnsY
AvMO
AvMO
AvMO
axFjtQmc,GpKNnsY,axFjtQmc,GpKNnsY,AvMO,AvMO,AvMO,AvMO,GpKNnsY
GpKNnsY,axFjtQmc,GpKNnsY,AvMO,AvMO,AvMO,AvMO,GpKNnsY,AvMO
GpKNnsY,axFjtQmc,GpKNnsY,AvMO,AvMO,AvMO,AvMO,GpKNnsY,AvMO
GpKNnsY,axFjtQmc,GpKNnsY,AvMO,AvMO,AvMO,AvMO,GpKNnsY,AvMO,AvMO
GpKNnsY,axFjtQmc,GpKNnsY,AvMO,AvMO,AvMO,AvMO,GpKNnsY,AvMO
GpKNnsY,AvMO,AvMO,axFjtQmc,AvMO,AvMO,GpKNnsY,AvMO,AvMO
AvMO
Jedi Wagner, assuma o comando!