Toque! Toque, Dijê!
Toque! Toque, Dijê!
VYFZnhJjx
VYFZnhJjx,vQtAcXE
VYFZnhJjx
VYFZnhJjx,vQtAcXE
VYFZnhJjx,vQtAcXE
VYFZnhJjx,vQtAcXE
VYFZnhJjx,vQtAcXE
VYFZnhJjx,vQtAcXE
VYFZnhJjx,vQtAcXE,VYFZnhJjx
VYFZnhJjx,vQtAcXE,VYFZnhJjx
VYFZnhJjx,vQtAcXE,VYFZnhJjx
VYFZnhJjx,vQtAcXE,VYFZnhJjx
vQtAcXE
vQtAcXE
vQtAcXE
vQtAcXE
vQtAcXE
vQtAcXE
VYFZnhJjx,vQtAcXE
vQtAcXE
vQtAcXE
vQtAcXE
vQtAcXE
vQtAcXE
vQtAcXE
vQtAcXE,VYFZnhJjx
vQtAcXE,vQtAcXE
vQtAcXE
VYFZnhJjx
vQtAcXE,VYFZnhJjx,vQtAcXE,vQtAcXE,VYFZnhJjx
VYFZnhJjx,vQtAcXE,vQtAcXE,VYFZnhJjx,VYFZnhJjx,vQtAcXE
vQtAcXE
VYFZnhJjx,vQtAcXE,vQtAcXE,VYFZnhJjx,VYFZnhJjx,vQtAcXE
vQtAcXE
vQtAcXE
VYFZnhJjx
VYFZnhJjx,vQtAcXE,vQtAcXE
VYFZnhJjx
VYFZnhJjx
vQtAcXE,VYFZnhJjx,vQtAcXE
vQtAcXE
vQtAcXE,VYFZnhJjx,vQtAcXE,vQtAcXE
vQtAcXE
vQtAcXE
vQtAcXE
VYFZnhJjx
vQtAcXE,VYFZnhJjx,VYFZnhJjx,vQtAcXE,vQtAcXE
VYFZnhJjx
VYFZnhJjx
VYFZnhJjx
vQtAcXE,vQtAcXE,VYFZnhJjx,VYFZnhJjx,vQtAcXE
vQtAcXE
vQtAcXE
vQtAcXE
VYFZnhJjx,VYFZnhJjx,VYFZnhJjx,vQtAcXE,VYFZnhJjx,vQtAcXE
VYFZnhJjx
VYFZnhJjx,VYFZnhJjx,VYFZnhJjx,vQtAcXE,VYFZnhJjx,vQtAcXE
VYFZnhJjx,VYFZnhJjx,VYFZnhJjx,vQtAcXE,VYFZnhJjx,vQtAcXE
vQtAcXE
vQtAcXE
VYFZnhJjx,vQtAcXE,vQtAcXE,VYFZnhJjx,VYFZnhJjx,vQtAcXE
vQtAcXE
vQtAcXE
VYFZnhJjx,vQtAcXE,vQtAcXE,VYFZnhJjx,VYFZnhJjx,vQtAcXE,vQtAcXE
VYFZnhJjx,vQtAcXE,vQtAcXE,VYFZnhJjx,VYFZnhJjx,vQtAcXE,vQtAcXE
VYFZnhJjx
VYFZnhJjx
VYFZnhJjx
VYFZnhJjx
VYFZnhJjx
VYFZnhJjx
vQtAcXE,vQtAcXE,VYFZnhJjx,VYFZnhJjx,vQtAcXE,vQtAcXE,vQtAcXE
vQtAcXE,VYFZnhJjx,vQtAcXE,VYFZnhJjx,vQtAcXE,vQtAcXE,vQtAcXE,vQtAcXE
vQtAcXE,vQtAcXE,VYFZnhJjx,VYFZnhJjx,vQtAcXE,vQtAcXE,vQtAcXE,vQtAcXE,vQtAcXE,VYFZnhJjx
VYFZnhJjx,vQtAcXE,VYFZnhJjx,vQtAcXE,vQtAcXE,vQtAcXE,vQtAcXE,vQtAcXE,VYFZnhJjx,vQtAcXE
VYFZnhJjx,vQtAcXE,VYFZnhJjx,vQtAcXE,vQtAcXE,vQtAcXE,vQtAcXE,vQtAcXE,VYFZnhJjx,vQtAcXE
VYFZnhJjx
VYFZnhJjx
VYFZnhJjx
VYFZnhJjx
vQtAcXE,VYFZnhJjx,vQtAcXE,vQtAcXE,vQtAcXE,vQtAcXE,vQtAcXE,VYFZnhJjx,vQtAcXE,VYFZnhJjx
vQtAcXE,VYFZnhJjx,vQtAcXE,vQtAcXE,vQtAcXE,vQtAcXE,vQtAcXE,VYFZnhJjx,vQtAcXE,VYFZnhJjx,VYFZnhJjx,VYFZnhJjx
VYFZnhJjx
vQtAcXE,VYFZnhJjx,vQtAcXE,vQtAcXE,vQtAcXE,vQtAcXE,vQtAcXE,VYFZnhJjx,vQtAcXE,VYFZnhJjx,VYFZnhJjx,VYFZnhJjx
VYFZnhJjx
VYFZnhJjx,VYFZnhJjx,vQtAcXE,vQtAcXE,vQtAcXE,vQtAcXE,vQtAcXE,VYFZnhJjx,vQtAcXE,VYFZnhJjx
vQtAcXE
vQtAcXE,VYFZnhJjx,vQtAcXE,vQtAcXE,vQtAcXE,VYFZnhJjx,vQtAcXE,VYFZnhJjx
VYFZnhJjx
vQtAcXE,VYFZnhJjx,vQtAcXE,vQtAcXE,vQtAcXE,VYFZnhJjx,vQtAcXE,VYFZnhJjx,vQtAcXE
VYFZnhJjx
VYFZnhJjx,vQtAcXE,vQtAcXE,vQtAcXE,VYFZnhJjx,vQtAcXE,VYFZnhJjx,vQtAcXE
vQtAcXE
vQtAcXE
vQtAcXE
VYFZnhJjx,VYFZnhJjx,vQtAcXE,vQtAcXE,vQtAcXE,vQtAcXE,vQtAcXE,VYFZnhJjx,vQtAcXE,VYFZnhJjx
vQtAcXE,VYFZnhJjx,VYFZnhJjx,vQtAcXE,vQtAcXE,vQtAcXE,vQtAcXE,VYFZnhJjx,vQtAcXE,VYFZnhJjx,vQtAcXE,VYFZnhJjx,vQtAcXE
vQtAcXE
VYFZnhJjx,VYFZnhJjx,vQtAcXE,vQtAcXE,vQtAcXE,vQtAcXE,VYFZnhJjx,vQtAcXE,VYFZnhJjx,vQtAcXE,VYFZnhJjx,vQtAcXE,VYFZnhJjx,VYFZnhJjx,vQtAcXE
VYFZnhJjx,VYFZnhJjx,vQtAcXE,vQtAcXE,vQtAcXE,vQtAcXE,VYFZnhJjx,vQtAcXE,VYFZnhJjx,vQtAcXE,VYFZnhJjx,vQtAcXE,VYFZnhJjx,VYFZnhJjx,vQtAcXE,VYFZnhJjx
VYFZnhJjx,VYFZnhJjx,vQtAcXE,vQtAcXE,vQtAcXE,vQtAcXE,VYFZnhJjx,vQtAcXE,VYFZnhJjx,vQtAcXE,VYFZnhJjx,vQtAcXE,VYFZnhJjx,VYFZnhJjx,vQtAcXE
vQtAcXE
vQtAcXE,vQtAcXE,vQtAcXE,VYFZnhJjx,vQtAcXE,VYFZnhJjx,vQtAcXE,VYFZnhJjx,vQtAcXE,VYFZnhJjx,vQtAcXE,VYFZnhJjx,VYFZnhJjx,vQtAcXE
VYFZnhJjx
VYFZnhJjx,VYFZnhJjx,vQtAcXE,vQtAcXE,vQtAcXE,vQtAcXE,VYFZnhJjx,vQtAcXE,VYFZnhJjx,vQtAcXE,VYFZnhJjx,vQtAcXE,VYFZnhJjx,VYFZnhJjx,vQtAcXE
VYFZnhJjx
vQtAcXE,vQtAcXE,vQtAcXE,VYFZnhJjx,vQtAcXE,VYFZnhJjx,vQtAcXE,VYFZnhJjx,vQtAcXE,VYFZnhJjx,vQtAcXE,VYFZnhJjx,VYFZnhJjx,vQtAcXE
VYFZnhJjx,VYFZnhJjx,vQtAcXE,vQtAcXE,vQtAcXE,vQtAcXE,VYFZnhJjx,vQtAcXE,VYFZnhJjx,vQtAcXE,VYFZnhJjx,vQtAcXE,VYFZnhJjx,VYFZnhJjx,vQtAcXE
VYFZnhJjx,VYFZnhJjx,vQtAcXE,vQtAcXE,vQtAcXE,vQtAcXE,VYFZnhJjx,vQtAcXE,VYFZnhJjx,vQtAcXE,VYFZnhJjx,vQtAcXE,VYFZnhJjx,VYFZnhJjx,vQtAcXE
vQtAcXE
VYFZnhJjx,vQtAcXE,vQtAcXE,VYFZnhJjx,vQtAcXE,VYFZnhJjx,vQtAcXE,VYFZnhJjx,vQtAcXE,VYFZnhJjx,VYFZnhJjx,vQtAcXE,vQtAcXE,vQtAcXE
VYFZnhJjx,vQtAcXE,vQtAcXE,VYFZnhJjx,vQtAcXE,VYFZnhJjx,vQtAcXE,VYFZnhJjx,vQtAcXE,VYFZnhJjx,VYFZnhJjx,vQtAcXE,vQtAcXE,vQtAcXE,vQtAcXE,VYFZnhJjx
VYFZnhJjx,vQtAcXE,VYFZnhJjx,vQtAcXE,VYFZnhJjx,vQtAcXE,VYFZnhJjx,vQtAcXE,VYFZnhJjx,VYFZnhJjx,vQtAcXE,vQtAcXE,vQtAcXE,vQtAcXE,VYFZnhJjx
vQtAcXE
VYFZnhJjx
VYFZnhJjx,VYFZnhJjx,vQtAcXE,VYFZnhJjx,vQtAcXE,VYFZnhJjx,vQtAcXE,VYFZnhJjx,VYFZnhJjx,vQtAcXE,vQtAcXE,vQtAcXE,vQtAcXE,VYFZnhJjx,VYFZnhJjx
VYFZnhJjx,VYFZnhJjx,VYFZnhJjx,vQtAcXE,VYFZnhJjx,vQtAcXE,VYFZnhJjx,VYFZnhJjx,vQtAcXE,vQtAcXE,vQtAcXE,vQtAcXE,VYFZnhJjx,VYFZnhJjx
VYFZnhJjx,VYFZnhJjx,VYFZnhJjx,vQtAcXE,VYFZnhJjx,vQtAcXE,VYFZnhJjx,VYFZnhJjx,vQtAcXE,vQtAcXE,vQtAcXE,vQtAcXE,VYFZnhJjx,VYFZnhJjx
VYFZnhJjx
VYFZnhJjx
VYFZnhJjx
VYFZnhJjx
VYFZnhJjx,VYFZnhJjx,VYFZnhJjx,VYFZnhJjx,vQtAcXE,VYFZnhJjx,VYFZnhJjx,vQtAcXE,vQtAcXE,vQtAcXE,vQtAcXE,VYFZnhJjx,VYFZnhJjx,vQtAcXE,vQtAcXE
VYFZnhJjx,VYFZnhJjx,VYFZnhJjx,VYFZnhJjx,vQtAcXE,VYFZnhJjx,VYFZnhJjx,vQtAcXE,vQtAcXE,vQtAcXE,vQtAcXE,VYFZnhJjx,VYFZnhJjx,vQtAcXE,vQtAcXE
VYFZnhJjx,VYFZnhJjx,VYFZnhJjx,VYFZnhJjx,vQtAcXE,VYFZnhJjx,VYFZnhJjx,vQtAcXE,vQtAcXE,vQtAcXE,vQtAcXE,VYFZnhJjx,VYFZnhJjx,vQtAcXE,vQtAcXE
VYFZnhJjx,VYFZnhJjx,VYFZnhJjx,VYFZnhJjx,vQtAcXE,VYFZnhJjx,VYFZnhJjx,vQtAcXE,vQtAcXE,vQtAcXE,vQtAcXE,VYFZnhJjx,VYFZnhJjx,vQtAcXE,vQtAcXE
vQtAcXE,VYFZnhJjx,VYFZnhJjx,VYFZnhJjx,VYFZnhJjx,VYFZnhJjx,VYFZnhJjx,vQtAcXE,vQtAcXE,vQtAcXE,vQtAcXE,VYFZnhJjx,VYFZnhJjx,vQtAcXE,vQtAcXE,vQtAcXE,VYFZnhJjx
VYFZnhJjx
VYFZnhJjx
VYFZnhJjx
vQtAcXE,VYFZnhJjx,VYFZnhJjx,VYFZnhJjx,VYFZnhJjx,VYFZnhJjx,VYFZnhJjx,vQtAcXE,vQtAcXE,vQtAcXE,vQtAcXE,VYFZnhJjx,VYFZnhJjx,vQtAcXE,vQtAcXE,vQtAcXE,VYFZnhJjx
vQtAcXE,VYFZnhJjx,VYFZnhJjx,VYFZnhJjx,VYFZnhJjx,VYFZnhJjx,VYFZnhJjx,vQtAcXE,vQtAcXE,vQtAcXE,vQtAcXE,VYFZnhJjx,VYFZnhJjx,vQtAcXE,vQtAcXE,vQtAcXE,VYFZnhJjx
VYFZnhJjx
VYFZnhJjx,VYFZnhJjx,vQtAcXE,VYFZnhJjx,VYFZnhJjx,VYFZnhJjx,VYFZnhJjx,vQtAcXE,vQtAcXE,vQtAcXE,vQtAcXE,VYFZnhJjx,VYFZnhJjx,vQtAcXE,vQtAcXE,vQtAcXE,VYFZnhJjx
VYFZnhJjx,VYFZnhJjx,VYFZnhJjx,VYFZnhJjx,VYFZnhJjx,VYFZnhJjx,vQtAcXE,vQtAcXE,vQtAcXE,VYFZnhJjx,VYFZnhJjx,vQtAcXE,vQtAcXE,vQtAcXE,VYFZnhJjx,VYFZnhJjx,VYFZnhJjx,vQtAcXE
VYFZnhJjx,vQtAcXE,VYFZnhJjx,VYFZnhJjx,VYFZnhJjx,VYFZnhJjx,vQtAcXE,vQtAcXE,VYFZnhJjx,VYFZnhJjx,vQtAcXE,vQtAcXE,vQtAcXE,VYFZnhJjx,VYFZnhJjx,VYFZnhJjx,vQtAcXE,vQtAcXE,vQtAcXE
vQtAcXE
VYFZnhJjx,VYFZnhJjx,VYFZnhJjx,VYFZnhJjx,VYFZnhJjx,vQtAcXE,vQtAcXE,VYFZnhJjx,VYFZnhJjx,vQtAcXE,vQtAcXE,vQtAcXE,VYFZnhJjx,VYFZnhJjx,VYFZnhJjx,vQtAcXE,vQtAcXE,vQtAcXE
VYFZnhJjx,VYFZnhJjx,VYFZnhJjx,VYFZnhJjx,VYFZnhJjx,vQtAcXE,vQtAcXE,VYFZnhJjx,VYFZnhJjx,vQtAcXE,vQtAcXE,vQtAcXE,VYFZnhJjx,VYFZnhJjx,VYFZnhJjx,vQtAcXE,vQtAcXE,vQtAcXE
VYFZnhJjx,VYFZnhJjx,VYFZnhJjx,VYFZnhJjx,VYFZnhJjx,vQtAcXE,vQtAcXE,VYFZnhJjx,VYFZnhJjx,vQtAcXE,vQtAcXE,vQtAcXE,VYFZnhJjx,VYFZnhJjx,VYFZnhJjx,vQtAcXE,vQtAcXE,vQtAcXE
VYFZnhJjx
VYFZnhJjx
vQtAcXE
Jedi Wagner, assuma o comando!