Toque! Toque, Dijê!
Toque! Toque, Dijê!
Toque! Toque, Dijê!
[vazia]
[vazia]
Toque! Toque, Dijê!
kSTHEzQ
kSTHEzQ
Q
Q
Q
Q,GXSAWri,Q
Q,GXSAWri,Q
Q
Q,GXSAWri
Q,GXSAWri
Q
Q
Q
Q
Q
GXSAWri
GXSAWri
GXSAWri
Q,GXSAWri
Q,GXSAWri,kSTHEzQ
GXSAWri
Q,fOMdiclur,GXSAWri,kSTHEzQ,e
Q,GXSAWri,bvFZ,bvFZ
bvFZ
Q,GXSAWri,bvFZ,bvFZ
Q,GXSAWri,bvFZ,bvFZ,Q,kSTHEzQ
Q
Q,GXSAWri,bvFZ,bvFZ,Q
Q,GXSAWri,bvFZ,bvFZ,Q
Q
GXSAWri
GXSAWri
GXSAWri
Q,GXSAWri,bvFZ,bvFZ,Q
GXSAWri
Q,GXSAWri,bvFZ,bvFZ,Q,Q,JoO
Q,GXSAWri,bvFZ,bvFZ,Q,Q,JoO,OhSCGNxS
Q,GXSAWri,bvFZ,bvFZ,Q,Q,JoO,OhSCGNxS
GXSAWri
GXSAWri
Q
GXSAWri,bvFZ,Q,JoO,GXSAWri
JoO
GXSAWri
GXSAWri,Q,JoO,GXSAWri
GXSAWri,Q,JoO,GXSAWri
GXSAWri
GXSAWri
GXSAWri
Q,JoO,GXSAWri,bvFZ,GXSAWri,Q,bvFZ,bvFZ
Q,JoO,GXSAWri,bvFZ,GXSAWri,Q,bvFZ,bvFZ
GXSAWri
Q,JoO,GXSAWri,bvFZ,GXSAWri,Q,bvFZ,bvFZ,kSTHEzQ
GXSAWri
GXSAWri
GXSAWri
GXSAWri
GXSAWri
GXSAWri
GXSAWri
GXSAWri
GXSAWri,bvFZ,Q,JoO,GXSAWri,Q
GXSAWri
GXSAWri,bvFZ,Q,JoO,GXSAWri
GXSAWri,bvFZ,Q,JoO,GXSAWri,gMheyty
GXSAWri
GXSAWri,Q,JoO,GXSAWri
GXSAWri,Q,JoO,GXSAWri
GXSAWri
GXSAWri,Q,JoO,GXSAWri
GXSAWri,Q,JoO,GXSAWri
GXSAWri
GXSAWri,Q,JoO,GXSAWri,Q,Q,r,gMheyty
GXSAWri,Q,JoO,GXSAWri,Q,Q,r,gMheyty
GXSAWri,JoO,GXSAWri,Q,Q,r,gMheyty,e
GXSAWri,JoO,GXSAWri,Q,Q,r,gMheyty,e
GXSAWri,JoO,GXSAWri,Q,Q,r,gMheyty,e
GXSAWri,JoO,GXSAWri,Q,Q,r,gMheyty,e
JoO,GXSAWri,GXSAWri,Q,r,gMheyty,OhSCGNxS
JoO,GXSAWri,GXSAWri,Q,r,gMheyty,OhSCGNxS,bvFZ
GXSAWri
JoO,GXSAWri,GXSAWri,Q,r,gMheyty,OhSCGNxS,bvFZ
GXSAWri
JoO,GXSAWri,GXSAWri,Q,r,gMheyty,OhSCGNxS,bvFZ,OhSCGNxS
JoO,GXSAWri,GXSAWri,gMheyty,r,OhSCGNxS,bvFZ,OhSCGNxS
bvFZ
bvFZ
JoO,GXSAWri,GXSAWri,Q,r,gMheyty,OhSCGNxS,bvFZ,OhSCGNxS
JoO,GXSAWri,GXSAWri,Q,r,gMheyty,OhSCGNxS,bvFZ,OhSCGNxS
GXSAWri
JoO,GXSAWri,GXSAWri,Q,r,gMheyty,OhSCGNxS,bvFZ,OhSCGNxS,r
JoO,GXSAWri,GXSAWri,Q,r,gMheyty,OhSCGNxS,bvFZ,OhSCGNxS,r
JoO,GXSAWri,GXSAWri,Q,r,gMheyty,OhSCGNxS,bvFZ,OhSCGNxS
GXSAWri
Q
Q
JoO,GXSAWri,GXSAWri,Q,r,gMheyty,OhSCGNxS,bvFZ,OhSCGNxS,bvFZ,kSTHEzQ
kSTHEzQ
JoO,GXSAWri,GXSAWri,kSTHEzQ,Q,r,gMheyty,OhSCGNxS,bvFZ,OhSCGNxS,bvFZ,Q,kSTHEzQ
JoO,GXSAWri,kSTHEzQ,GXSAWri,Q,r,gMheyty,OhSCGNxS,bvFZ,OhSCGNxS,bvFZ,Q,kSTHEzQ,GXSAWri
kSTHEzQ
kSTHEzQ
JoO,GXSAWri,kSTHEzQ,GXSAWri,Q,r,gMheyty,OhSCGNxS,bvFZ,OhSCGNxS,bvFZ,Q,kSTHEzQ,GXSAWri
JoO,GXSAWri,kSTHEzQ,GXSAWri,Q,r,gMheyty,OhSCGNxS,bvFZ,OhSCGNxS,bvFZ,Q,kSTHEzQ,GXSAWri
kSTHEzQ
kSTHEzQ
kSTHEzQ
kSTHEzQ
kSTHEzQ
JoO
GXSAWri
GXSAWri,JoO,Q,GXSAWri,OhSCGNxS,bvFZ,OhSCGNxS,bvFZ,Q,kSTHEzQ,GXSAWri,fOMdiclur,fOMdiclur
GXSAWri
GXSAWri
Q
Q
GXSAWri
JoO,Q,GXSAWri,OhSCGNxS,bvFZ,OhSCGNxS,bvFZ,Q,kSTHEzQ,GXSAWri,fOMdiclur,fOMdiclur,OhSCGNxS
kSTHEzQ
fOMdiclur
GXSAWri,JoO,kSTHEzQ,fOMdiclur,Q,OhSCGNxS,bvFZ,OhSCGNxS,bvFZ,Q,GXSAWri,fOMdiclur,OhSCGNxS
fOMdiclur
fOMdiclur
GXSAWri,JoO,kSTHEzQ,fOMdiclur,Q,OhSCGNxS,OhSCGNxS,bvFZ,Q,GXSAWri,fOMdiclur,OhSCGNxS,kSTHEzQ,bvFZ
fOMdiclur
GXSAWri,JoO,kSTHEzQ,fOMdiclur,Q,OhSCGNxS,OhSCGNxS,bvFZ,Q,GXSAWri,fOMdiclur,OhSCGNxS,kSTHEzQ,bvFZ,fOMdiclur,Q
fOMdiclur
GXSAWri,kSTHEzQ,fOMdiclur,JoO,bvFZ,Q,OhSCGNxS,OhSCGNxS,Q,GXSAWri,fOMdiclur,OhSCGNxS,kSTHEzQ,bvFZ,fOMdiclur,Q
bvFZ
Q
GXSAWri,JoO,kSTHEzQ,Q,OhSCGNxS,bvFZ,OhSCGNxS,bvFZ,Q,GXSAWri,fOMdiclur,fOMdiclur,OhSCGNxS,r
OhSCGNxS
GXSAWri,kSTHEzQ,OhSCGNxS,Q,bvFZ,OhSCGNxS,bvFZ,Q,GXSAWri,fOMdiclur,fOMdiclur,OhSCGNxS,r,gMheyty
Q
Q
bvFZ
kSTHEzQ,OhSCGNxS,Q,bvFZ,OhSCGNxS,bvFZ,Q,GXSAWri,fOMdiclur,fOMdiclur,OhSCGNxS,r,gMheyty
fOMdiclur
Q,bvFZ,fOMdiclur,kSTHEzQ,OhSCGNxS,OhSCGNxS,bvFZ,Q,fOMdiclur,OhSCGNxS,r,gMheyty,GXSAWri
Q,bvFZ,fOMdiclur,kSTHEzQ,OhSCGNxS,OhSCGNxS,bvFZ,Q,fOMdiclur,OhSCGNxS,r,gMheyty,GXSAWri
Q,bvFZ,fOMdiclur,kSTHEzQ,OhSCGNxS,OhSCGNxS,bvFZ,Q,fOMdiclur,OhSCGNxS,r,gMheyty,GXSAWri
kSTHEzQ
bvFZ
bvFZ
GXSAWri,kSTHEzQ,OhSCGNxS,Q,bvFZ,OhSCGNxS,bvFZ,Q,GXSAWri,fOMdiclur,fOMdiclur,OhSCGNxS,r,gMheyty,fOMdiclur
bvFZ
GXSAWri,kSTHEzQ,OhSCGNxS,Q,bvFZ,OhSCGNxS,bvFZ,Q,GXSAWri,fOMdiclur,fOMdiclur,OhSCGNxS,r,gMheyty,bvFZ
GXSAWri,kSTHEzQ,OhSCGNxS,Q,bvFZ,OhSCGNxS,bvFZ,Q,GXSAWri,fOMdiclur,fOMdiclur,OhSCGNxS,r,gMheyty,bvFZ
bvFZ
GXSAWri,kSTHEzQ,OhSCGNxS,Q,bvFZ,OhSCGNxS,bvFZ,Q,GXSAWri,fOMdiclur,fOMdiclur,OhSCGNxS,r,gMheyty,bvFZ
bvFZ
bvFZ
bvFZ
GXSAWri,kSTHEzQ,OhSCGNxS,Q,bvFZ,OhSCGNxS,bvFZ,Q,GXSAWri,fOMdiclur,fOMdiclur,OhSCGNxS,r,gMheyty
fOMdiclur
fOMdiclur
GXSAWri,OhSCGNxS,bvFZ,Q,GXSAWri,fOMdiclur,fOMdiclur,OhSCGNxS,r,gMheyty,Q,e,e,OhSCGNxS
fOMdiclur
gMheyty
fOMdiclur
GXSAWri,kSTHEzQ,OhSCGNxS,Q,bvFZ,OhSCGNxS,bvFZ,Q,GXSAWri,fOMdiclur,fOMdiclur,OhSCGNxS,r,gMheyty,Q
fOMdiclur
GXSAWri,kSTHEzQ,OhSCGNxS,Q,bvFZ,OhSCGNxS,bvFZ,Q,GXSAWri,fOMdiclur,fOMdiclur,OhSCGNxS,r,gMheyty,Q
GXSAWri,kSTHEzQ,OhSCGNxS,Q,bvFZ,OhSCGNxS,bvFZ,Q,GXSAWri,fOMdiclur,fOMdiclur,OhSCGNxS,r,gMheyty,Q,GXSAWri
OhSCGNxS,Q,bvFZ,OhSCGNxS,bvFZ,Q,GXSAWri,fOMdiclur,OhSCGNxS,r,gMheyty,Q,GXSAWri,JoO
fOMdiclur
OhSCGNxS
OhSCGNxS
OhSCGNxS
OhSCGNxS
OhSCGNxS
OhSCGNxS
Q,bvFZ,bvFZ,Q,fOMdiclur,OhSCGNxS,r,gMheyty,Q,GXSAWri,JoO,kSTHEzQ,fOMdiclur,bvFZ
r
r
OhSCGNxS,bvFZ,OhSCGNxS,bvFZ,Q,GXSAWri,fOMdiclur,OhSCGNxS,r,gMheyty,Q,GXSAWri,JoO,bvFZ,fOMdiclur
gMheyty
bvFZ
gMheyty
OhSCGNxS,Q,bvFZ,OhSCGNxS,bvFZ,Q,GXSAWri,fOMdiclur,OhSCGNxS,r,gMheyty,Q,GXSAWri,JoO,bvFZ
OhSCGNxS,Q,bvFZ,OhSCGNxS,bvFZ,Q,GXSAWri,fOMdiclur,OhSCGNxS,r,gMheyty,Q,GXSAWri,JoO,bvFZ,GXSAWri
OhSCGNxS,Q,bvFZ,OhSCGNxS,bvFZ,Q,GXSAWri,fOMdiclur,OhSCGNxS,r,gMheyty,Q,GXSAWri,JoO,bvFZ
Q
OhSCGNxS,bvFZ,OhSCGNxS,bvFZ,Q,GXSAWri,fOMdiclur,OhSCGNxS,r,gMheyty,Q,Q,GXSAWri,JoO,bvFZ
OhSCGNxS
OhSCGNxS
OhSCGNxS
OhSCGNxS
OhSCGNxS,bvFZ,GXSAWri,fOMdiclur,OhSCGNxS,r,gMheyty,Q,Q,OhSCGNxS,bvFZ,GXSAWri,JoO,bvFZ,gMheyty
OhSCGNxS,GXSAWri,fOMdiclur,OhSCGNxS,r,gMheyty,Q,Q,OhSCGNxS,bvFZ,GXSAWri,JoO,bvFZ,gMheyty,OhSCGNxS
bvFZ
OhSCGNxS,GXSAWri,fOMdiclur,OhSCGNxS,r,gMheyty,Q,Q,OhSCGNxS,bvFZ,GXSAWri,JoO,bvFZ,gMheyty
bvFZ
OhSCGNxS,GXSAWri,fOMdiclur,OhSCGNxS,r,gMheyty,Q,Q,OhSCGNxS,bvFZ,GXSAWri,JoO,bvFZ,gMheyty,kSTHEzQ
JoO
JoO
OhSCGNxS,GXSAWri,OhSCGNxS,gMheyty,Q,Q,OhSCGNxS,bvFZ,GXSAWri,JoO,bvFZ,r,gMheyty,kSTHEzQ,gMheyty
OhSCGNxS,GXSAWri,OhSCGNxS,gMheyty,Q,Q,OhSCGNxS,bvFZ,GXSAWri,JoO,bvFZ,r,gMheyty,kSTHEzQ,gMheyty
r
r
OhSCGNxS,GXSAWri,OhSCGNxS,gMheyty,Q,OhSCGNxS,bvFZ,GXSAWri,bvFZ,r,Q,JoO,gMheyty,kSTHEzQ,gMheyty
OhSCGNxS,GXSAWri,OhSCGNxS,gMheyty,Q,Q,OhSCGNxS,bvFZ,GXSAWri,bvFZ,r,JoO,gMheyty,kSTHEzQ,gMheyty
gMheyty
OhSCGNxS,GXSAWri,OhSCGNxS,gMheyty,Q,Q,OhSCGNxS,bvFZ,GXSAWri,JoO,bvFZ,gMheyty,kSTHEzQ,gMheyty,r,JoO,bvFZ
gMheyty
gMheyty
gMheyty
gMheyty
OhSCGNxS,GXSAWri,OhSCGNxS,gMheyty,Q,Q,OhSCGNxS,bvFZ,GXSAWri,JoO,bvFZ,r,gMheyty,kSTHEzQ,gMheyty,fOMdiclur
kSTHEzQ
bvFZ
Jedi Wagner, assuma o comando!