[vazia]
[vazia]
eGEmyEEE
eGEmyEEE
eGEmyEEE
eGEmyEEE
eGEmyEEE
eGEmyEEE
eGEmyEEE
eGEmyEEE
eGEmyEEE
MHO
MHO
MHO
eGEmyEEE,MHO
eGEmyEEE,MHO
eGEmyEEE,MHO
eGEmyEEE,MHO
eGEmyEEE
eGEmyEEE,eGEmyEEE,eGEmyEEE,eGEmyEEE
eGEmyEEE
eGEmyEEE,eGEmyEEE,eGEmyEEE,eGEmyEEE,eGEmyEEE
eGEmyEEE
eGEmyEEE,eGEmyEEE,eGEmyEEE,eGEmyEEE,eGEmyEEE
eGEmyEEE,eGEmyEEE,eGEmyEEE,eGEmyEEE,eGEmyEEE
eGEmyEEE,eGEmyEEE,eGEmyEEE,eGEmyEEE,eGEmyEEE,eGEmyEEE,eGEmyEEE
eGEmyEEE
eGEmyEEE
eGEmyEEE,eGEmyEEE,eGEmyEEE,eGEmyEEE,eGEmyEEE,eGEmyEEE,eGEmyEEE
eGEmyEEE
eGEmyEEE
MHO,eGEmyEEE,eGEmyEEE,eGEmyEEE,eGEmyEEE
eGEmyEEE
eGEmyEEE
eGEmyEEE
eGEmyEEE,eGEmyEEE,eGEmyEEE,MHO,eGEmyEEE
MHO
MHO
eGEmyEEE,MHO,eGEmyEEE,eGEmyEEE,eGEmyEEE,MHO,MHO
MHO
MHO
MHO
MHO
eGEmyEEE
MHO,eGEmyEEE,eGEmyEEE,eGEmyEEE,eGEmyEEE,eGEmyEEE
eGEmyEEE,eGEmyEEE,eGEmyEEE,eGEmyEEE
eGEmyEEE,eGEmyEEE,eGEmyEEE,eGEmyEEE
eGEmyEEE,eGEmyEEE,eGEmyEEE,eGEmyEEE
eGEmyEEE,eGEmyEEE,MHO,eGEmyEEE,eGEmyEEE,eGEmyEEE,Ch,Ch,Ch,eGEmyEEE
eGEmyEEE,eGEmyEEE,MHO,eGEmyEEE,eGEmyEEE,eGEmyEEE,Ch,Ch,Ch,eGEmyEEE
MHO
MHO
eGEmyEEE
Ch
Ch
Ch
Ch
Ch
Ch
eGEmyEEE
eGEmyEEE,Ch,eGEmyEEE,eGEmyEEE,eGEmyEEE,Ch,eGEmyEEE,eGEmyEEE,MHO,eGEmyEEE,Ch,MHO
eGEmyEEE
eGEmyEEE,Ch,eGEmyEEE,eGEmyEEE,eGEmyEEE,Ch,eGEmyEEE,eGEmyEEE,MHO,eGEmyEEE,Ch,MHO,Ch
eGEmyEEE,Ch,eGEmyEEE,eGEmyEEE,eGEmyEEE,Ch,eGEmyEEE,eGEmyEEE,MHO,eGEmyEEE,Ch,MHO,Ch
eGEmyEEE
eGEmyEEE,Ch,eGEmyEEE,eGEmyEEE,eGEmyEEE,Ch,eGEmyEEE,eGEmyEEE,MHO,eGEmyEEE,Ch,MHO,Ch
eGEmyEEE
eGEmyEEE,eGEmyEEE,eGEmyEEE,eGEmyEEE,Ch,eGEmyEEE,eGEmyEEE,MHO,eGEmyEEE,Ch,MHO,Ch
eGEmyEEE
eGEmyEEE,eGEmyEEE,eGEmyEEE,eGEmyEEE,Ch,eGEmyEEE,Ch,eGEmyEEE,MHO,eGEmyEEE,Ch,MHO,Ch,eGEmyEEE,eGEmyEEE
Ch
eGEmyEEE,Ch,eGEmyEEE,eGEmyEEE,eGEmyEEE,Ch,eGEmyEEE,eGEmyEEE,MHO,eGEmyEEE,Ch,MHO,Ch
eGEmyEEE
eGEmyEEE,Ch,eGEmyEEE,eGEmyEEE,eGEmyEEE,Ch,eGEmyEEE,eGEmyEEE,eGEmyEEE,Ch,MHO,Ch
eGEmyEEE,eGEmyEEE,eGEmyEEE,eGEmyEEE,Ch,eGEmyEEE,eGEmyEEE,MHO,eGEmyEEE,Ch,MHO,Ch,eGEmyEEE
eGEmyEEE
eGEmyEEE
eGEmyEEE,Ch,eGEmyEEE,eGEmyEEE,eGEmyEEE,Ch,eGEmyEEE,eGEmyEEE,MHO,eGEmyEEE,Ch,MHO,Ch
eGEmyEEE
eGEmyEEE,Ch,eGEmyEEE,eGEmyEEE,eGEmyEEE,Ch,eGEmyEEE,eGEmyEEE,MHO,eGEmyEEE,Ch,MHO,Ch
eGEmyEEE,Ch,eGEmyEEE,eGEmyEEE,eGEmyEEE,Ch,MHO,eGEmyEEE,eGEmyEEE,eGEmyEEE,Ch,MHO,Ch
eGEmyEEE,Ch,eGEmyEEE,eGEmyEEE,eGEmyEEE,Ch,MHO,eGEmyEEE,eGEmyEEE,eGEmyEEE,Ch,MHO,Ch
eGEmyEEE,Ch,eGEmyEEE,eGEmyEEE,eGEmyEEE,Ch,MHO,eGEmyEEE,eGEmyEEE,eGEmyEEE,Ch,MHO,Ch
eGEmyEEE,Ch,eGEmyEEE,eGEmyEEE,eGEmyEEE,Ch,eGEmyEEE,eGEmyEEE,MHO,eGEmyEEE,Ch,MHO,Ch
eGEmyEEE
eGEmyEEE
eGEmyEEE,Ch,eGEmyEEE,eGEmyEEE,eGEmyEEE,Ch,eGEmyEEE,eGEmyEEE,MHO,eGEmyEEE,Ch,MHO,Ch,MHO
eGEmyEEE
eGEmyEEE,Ch,eGEmyEEE,eGEmyEEE,eGEmyEEE,Ch,eGEmyEEE,eGEmyEEE,MHO,eGEmyEEE,Ch,MHO,Ch,MHO,eGEmyEEE
eGEmyEEE
eGEmyEEE
eGEmyEEE
eGEmyEEE
eGEmyEEE,Ch,eGEmyEEE,eGEmyEEE,eGEmyEEE,Ch,eGEmyEEE,eGEmyEEE,eGEmyEEE,Ch,MHO,Ch
eGEmyEEE
eGEmyEEE
eGEmyEEE,eGEmyEEE,eGEmyEEE,Ch,eGEmyEEE,eGEmyEEE,eGEmyEEE,eGEmyEEE,Ch,Ch,Ch
eGEmyEEE,eGEmyEEE,eGEmyEEE,Ch,eGEmyEEE,eGEmyEEE,eGEmyEEE,eGEmyEEE,Ch,Ch,Ch
eGEmyEEE,eGEmyEEE,eGEmyEEE,Ch,eGEmyEEE,eGEmyEEE,eGEmyEEE,eGEmyEEE,Ch,Ch,Ch
eGEmyEEE
Jedi Wagner, assuma o comando!