Toque! Toque, Dijê!
Toque! Toque, Dijê!
[vazia]
Toque! Toque, Dijê!
Toque! Toque, Dijê!
Toque! Toque, Dijê!
Toque! Toque, Dijê!
[vazia]
Toque! Toque, Dijê!
[vazia]
[vazia]
VHPnRcVNCx
VHPnRcVNCx
Toque! Toque, Dijê!
QLoJorH
[vazia]
[vazia]
Toque! Toque, Dijê!
[vazia]
Toque! Toque, Dijê!
QLoJorH
VHPnRcVNCx
VHPnRcVNCx
VHPnRcVNCx
VHPnRcVNCx
QLoJorH,VHPnRcVNCx,dQb,VHPnRcVNCx
VHPnRcVNCx
QLoJorH,dQb
QLoJorH,dQb
QLoJorH,dQb
VHPnRcVNCx
VHPnRcVNCx
[vazia]
[vazia]
QLoJorH,VHPnRcVNCx
QLoJorH,VHPnRcVNCx,dQb
VHPnRcVNCx
dQb
dQb
QLoJorH,VHPnRcVNCx,dQb,dQb
QLoJorH,VHPnRcVNCx,dQb,dQb
QLoJorH,VHPnRcVNCx,dQb,dQb
dQb
QLoJorH,VHPnRcVNCx,dQb,dQb
dQb
dQb
QLoJorH,VHPnRcVNCx,dQb,dQb
HPzdilhBo
QLoJorH,dQb,dQb,HPzdilhBo,VHPnRcVNCx,QLoJorH
VHPnRcVNCx
QLoJorH,dQb,dQb,HPzdilhBo,VHPnRcVNCx,QLoJorH,hEsQGAi
QLoJorH,dQb,dQb,HPzdilhBo,VHPnRcVNCx,QLoJorH,hEsQGAi
QLoJorH,VHPnRcVNCx,dQb,dQb,HPzdilhBo
QLoJorH,VHPnRcVNCx,dQb,HPzdilhBo,dQb
dQb
QLoJorH,VHPnRcVNCx,dQb,HPzdilhBo,dQb,HOmIDKf,HPzdilhBo,qPMnVPxHZ,HOmIDKf
QLoJorH,VHPnRcVNCx,dQb,dQb,HPzdilhBo
HPzdilhBo
dHP
dHP
dHP
dQb
dQb
dQb
VHPnRcVNCx
dQb,HPzdilhBo,dHP,dQb,VHPnRcVNCx,QLoJorH,qPMnVPxHZ
VHPnRcVNCx
VHPnRcVNCx
VHPnRcVNCx
VHPnRcVNCx
VHPnRcVNCx
VHPnRcVNCx
dQb,HPzdilhBo,dHP,dQb,VHPnRcVNCx,QLoJorH,qPMnVPxHZ,qPMnVPxHZ,VHPnRcVNCx
dQb,HPzdilhBo,dHP,dQb,VHPnRcVNCx,QLoJorH,qPMnVPxHZ,qPMnVPxHZ,VHPnRcVNCx
dQb,HPzdilhBo,dHP,dQb,VHPnRcVNCx,QLoJorH,qPMnVPxHZ,qPMnVPxHZ,VHPnRcVNCx
VHPnRcVNCx
dQb,HPzdilhBo,dHP,dQb,VHPnRcVNCx,QLoJorH,qPMnVPxHZ,dQb
VHPnRcVNCx
VHPnRcVNCx
VHPnRcVNCx
dQb,HPzdilhBo,dHP,dQb,VHPnRcVNCx,qPMnVPxHZ,dQb
VHPnRcVNCx
VHPnRcVNCx
dQb,HPzdilhBo,dHP,dQb,VHPnRcVNCx,qPMnVPxHZ,dQb
VHPnRcVNCx
dQb
dQb,HPzdilhBo,dHP,dQb,VHPnRcVNCx,QLoJorH,qPMnVPxHZ,hEsQGAi,hEsQGAi
VHPnRcVNCx
dQb,HPzdilhBo,dHP,dQb,VHPnRcVNCx,QLoJorH,qPMnVPxHZ,hEsQGAi,hEsQGAi
dQb
HPzdilhBo,dQb,dQb,VHPnRcVNCx,QLoJorH,qPMnVPxHZ,hEsQGAi,hEsQGAi,VHPnRcVNCx
dQb
dQb
qPMnVPxHZ
HPzdilhBo,dQb,dQb,hEsQGAi,VHPnRcVNCx,qPMnVPxHZ,hEsQGAi,VHPnRcVNCx,hEsQGAi,HPzdilhBo
HPzdilhBo,dQb,dQb,VHPnRcVNCx,qPMnVPxHZ,hEsQGAi,hEsQGAi,VHPnRcVNCx,hEsQGAi,HPzdilhBo,qPMnVPxHZ,QLoJorH
HPzdilhBo,dQb,VHPnRcVNCx,qPMnVPxHZ,hEsQGAi,dQb,hEsQGAi,VHPnRcVNCx,hEsQGAi,HPzdilhBo,qPMnVPxHZ,QLoJorH,dHP
dHP
HPzdilhBo,dQb,VHPnRcVNCx,hEsQGAi,dHP,qPMnVPxHZ,dQb,hEsQGAi,VHPnRcVNCx,hEsQGAi,HPzdilhBo,qPMnVPxHZ,QLoJorH,QLoJorH
HPzdilhBo,dQb,dQb,VHPnRcVNCx,qPMnVPxHZ,hEsQGAi,hEsQGAi,VHPnRcVNCx,hEsQGAi,HPzdilhBo
hEsQGAi
HPzdilhBo,dQb,dQb,VHPnRcVNCx,qPMnVPxHZ,hEsQGAi,hEsQGAi,VHPnRcVNCx,hEsQGAi,HPzdilhBo
hEsQGAi
HPzdilhBo,dQb,dQb,VHPnRcVNCx,qPMnVPxHZ,hEsQGAi,hEsQGAi,VHPnRcVNCx,hEsQGAi,HPzdilhBo,hEsQGAi
dQb,dQb,VHPnRcVNCx,qPMnVPxHZ,hEsQGAi,hEsQGAi,VHPnRcVNCx,hEsQGAi,HPzdilhBo,HPzdilhBo,hEsQGAi,qPMnVPxHZ,QLoJorH
HPzdilhBo,dQb,dQb,VHPnRcVNCx,qPMnVPxHZ,hEsQGAi,hEsQGAi,VHPnRcVNCx,hEsQGAi,HPzdilhBo,hEsQGAi,qPMnVPxHZ,QLoJorH
hEsQGAi
dQb,dQb,VHPnRcVNCx,qPMnVPxHZ,hEsQGAi,VHPnRcVNCx,hEsQGAi,HPzdilhBo,hEsQGAi,HPzdilhBo,hEsQGAi,qPMnVPxHZ,QLoJorH,QLoJorH
dQb,dQb,VHPnRcVNCx,qPMnVPxHZ,hEsQGAi,VHPnRcVNCx,hEsQGAi,HPzdilhBo,hEsQGAi,HPzdilhBo,hEsQGAi,qPMnVPxHZ,QLoJorH,QLoJorH
dQb,dQb,VHPnRcVNCx,qPMnVPxHZ,hEsQGAi,VHPnRcVNCx,hEsQGAi,HPzdilhBo,hEsQGAi,HPzdilhBo,hEsQGAi,qPMnVPxHZ,QLoJorH,QLoJorH
dQb,dQb,VHPnRcVNCx,hEsQGAi,VHPnRcVNCx,hEsQGAi,hEsQGAi,HPzdilhBo,HPzdilhBo,hEsQGAi,qPMnVPxHZ,QLoJorH,QLoJorH
HPzdilhBo
hEsQGAi
dQb,dQb,VHPnRcVNCx,hEsQGAi,VHPnRcVNCx,hEsQGAi,hEsQGAi,HPzdilhBo,hEsQGAi,qPMnVPxHZ,QLoJorH,VHPnRcVNCx
QLoJorH
QLoJorH
dQb,dQb,VHPnRcVNCx,hEsQGAi,VHPnRcVNCx,hEsQGAi,hEsQGAi,HPzdilhBo,hEsQGAi,qPMnVPxHZ,QLoJorH,VHPnRcVNCx,HOmIDKf
HOmIDKf
HOmIDKf
HOmIDKf
dQb,dQb,VHPnRcVNCx,VHPnRcVNCx,hEsQGAi,hEsQGAi,HPzdilhBo,hEsQGAi,qPMnVPxHZ,QLoJorH,VHPnRcVNCx,HOmIDKf,hEsQGAi,qPMnVPxHZ,HOmIDKf,qPMnVPxHZ
dQb,VHPnRcVNCx,VHPnRcVNCx,hEsQGAi,hEsQGAi,HPzdilhBo,hEsQGAi,qPMnVPxHZ,QLoJorH,VHPnRcVNCx,HOmIDKf,hEsQGAi,dQb,qPMnVPxHZ,HOmIDKf,qPMnVPxHZ
HOmIDKf
dQb,dQb,hEsQGAi,VHPnRcVNCx,hEsQGAi,hEsQGAi,HPzdilhBo,hEsQGAi,qPMnVPxHZ,QLoJorH,VHPnRcVNCx,HOmIDKf,QLoJorH
dQb,dQb,hEsQGAi,VHPnRcVNCx,hEsQGAi,hEsQGAi,HPzdilhBo,hEsQGAi,qPMnVPxHZ,QLoJorH,VHPnRcVNCx,HOmIDKf,QLoJorH
dQb,hEsQGAi,hEsQGAi,hEsQGAi,HPzdilhBo,hEsQGAi,qPMnVPxHZ,VHPnRcVNCx,HOmIDKf,dQb,QLoJorH
dQb,hEsQGAi,hEsQGAi,hEsQGAi,HPzdilhBo,hEsQGAi,qPMnVPxHZ,VHPnRcVNCx,HOmIDKf,dQb,QLoJorH
dQb
dQb
dQb
dQb
dQb,hEsQGAi,hEsQGAi,hEsQGAi,HPzdilhBo,hEsQGAi,VHPnRcVNCx,HOmIDKf,dQb,QLoJorH,VHPnRcVNCx
dQb
dQb
hEsQGAi,hEsQGAi,hEsQGAi,HPzdilhBo,hEsQGAi,VHPnRcVNCx,HOmIDKf,QLoJorH,dQb,dQb,VHPnRcVNCx,dQb,hEsQGAi,QLoJorH
hEsQGAi,hEsQGAi,hEsQGAi,HPzdilhBo,hEsQGAi,HOmIDKf,dQb,dQb,QLoJorH,VHPnRcVNCx,dQb,hEsQGAi,QLoJorH,QLoJorH
dQb
dQb
hEsQGAi,hEsQGAi,hEsQGAi,HPzdilhBo,hEsQGAi,HOmIDKf,dQb,dQb,QLoJorH,VHPnRcVNCx,dQb,hEsQGAi,QLoJorH,QLoJorH
hEsQGAi,hEsQGAi,HPzdilhBo,hEsQGAi,dQb,dQb,QLoJorH,VHPnRcVNCx,dQb,hEsQGAi,QLoJorH,QLoJorH
hEsQGAi,hEsQGAi,HPzdilhBo,hEsQGAi,dQb,dQb,QLoJorH,VHPnRcVNCx,dQb,hEsQGAi,QLoJorH,QLoJorH
dQb
hEsQGAi,hEsQGAi,HPzdilhBo,hEsQGAi,dQb,dQb,QLoJorH,VHPnRcVNCx,dHP,dQb,hEsQGAi,QLoJorH,QLoJorH,dQb
hEsQGAi,hEsQGAi,HPzdilhBo,hEsQGAi,dQb,dQb,QLoJorH,VHPnRcVNCx,dHP,dQb,hEsQGAi,QLoJorH,QLoJorH,dQb
dHP
hEsQGAi,hEsQGAi,HPzdilhBo,hEsQGAi,dQb,dQb,QLoJorH,VHPnRcVNCx,dHP,dQb,hEsQGAi,QLoJorH,QLoJorH,dQb,dQb
hEsQGAi,hEsQGAi,HPzdilhBo,hEsQGAi,dQb,QLoJorH,VHPnRcVNCx,dHP,dQb,dQb,hEsQGAi,QLoJorH,QLoJorH,dQb,dQb,dHP,dHP
dQb
QLoJorH
QLoJorH
VHPnRcVNCx
QLoJorH
hEsQGAi,hEsQGAi,HPzdilhBo,hEsQGAi,dQb,VHPnRcVNCx,dQb,dQb,QLoJorH,hEsQGAi,QLoJorH,QLoJorH,dQb,dQb,dHP,dHP,VHPnRcVNCx
QLoJorH
hEsQGAi,hEsQGAi,HPzdilhBo,hEsQGAi,dQb,dQb,dQb,QLoJorH,hEsQGAi,QLoJorH,QLoJorH,dQb,dQb,dHP,dHP,VHPnRcVNCx,qPMnVPxHZ,qPMnVPxHZ
VHPnRcVNCx
VHPnRcVNCx
hEsQGAi
hEsQGAi
hEsQGAi,hEsQGAi,HPzdilhBo,hEsQGAi,dQb,QLoJorH,dQb,dQb,VHPnRcVNCx,hEsQGAi,QLoJorH,QLoJorH,dQb,dQb,dHP,dHP,VHPnRcVNCx,QLoJorH
hEsQGAi
hEsQGAi,hEsQGAi,hEsQGAi,QLoJorH,dQb,dQb,VHPnRcVNCx,hEsQGAi,dQb,QLoJorH,QLoJorH,dQb,dQb,dHP,dHP,VHPnRcVNCx,QLoJorH,HPzdilhBo,dHP
dQb
dQb
QLoJorH
hEsQGAi,hEsQGAi,hEsQGAi,QLoJorH,dQb,hEsQGAi,dQb,VHPnRcVNCx,dQb,QLoJorH,QLoJorH,dQb,dQb,dHP,dHP,VHPnRcVNCx,QLoJorH,HPzdilhBo,dHP,dHP,HPzdilhBo,HOmIDKf
QLoJorH
dQb
Jedi Wagner, assuma o comando!