[vazia]
JIkUNEpYY
JIkUNEpYY,H
JIkUNEpYY,H
H
JIkUNEpYY
JIkUNEpYY
H
H
H
H
JIkUNEpYY,H,hDCEmIRuy,JIkUNEpYY,H
H
H
H
H
JIkUNEpYY
JIkUNEpYY,H,H
JIkUNEpYY,H,H
JIkUNEpYY,H,b
JIkUNEpYY,H
JIkUNEpYY,H
JIkUNEpYY,H
JIkUNEpYY
H
H
H,JIkUNEpYY,JIkUNEpYY
H
H
H,JIkUNEpYY,JIkUNEpYY
JIkUNEpYY
H,JIkUNEpYY,H
JIkUNEpYY
H,JIkUNEpYY,JIkUNEpYY,H,hDCEmIRuy
JIkUNEpYY
JIkUNEpYY
JIkUNEpYY
JIkUNEpYY
H,JIkUNEpYY,JIkUNEpYY,H,b
H,JIkUNEpYY,JIkUNEpYY,H
H,JIkUNEpYY,JIkUNEpYY,H
JIkUNEpYY
H,JIkUNEpYY,JIkUNEpYY,H
JIkUNEpYY,JIkUNEpYY,H
JIkUNEpYY
JIkUNEpYY
b,H,JIkUNEpYY,JIkUNEpYY,b
H,JIkUNEpYY,JIkUNEpYY,H
H,JIkUNEpYY,JIkUNEpYY,H
H
H
H,H,hDCEmIRuy,H,hDCEmIRuy
H
H,b,H,H,hDCEmIRuy,hDCEmIRuy
b,H,H,b
b
b,H,H,b,hDCEmIRuy
b,hDCEmIRuy,H,H,b,b
hDCEmIRuy
b,hDCEmIRuy,H,H,b,b
H
H,b,b
b
b
b
b,b
b
b,b
H
b,H,hDCEmIRuy,H,b,b,JIkUNEpYY
H
H
b
JIkUNEpYY,b,H,hDCEmIRuy,H,b,b,JIkUNEpYY,b
b
hDCEmIRuy
hDCEmIRuy
hDCEmIRuy
H,hDCEmIRuy,H,b,b,JIkUNEpYY
hDCEmIRuy
hDCEmIRuy
H,hDCEmIRuy,H,b,b,JIkUNEpYY
H
H,hDCEmIRuy,H,b,b,JIkUNEpYY
H,hDCEmIRuy,H,b,b,JIkUNEpYY
H,hDCEmIRuy,JIkUNEpYY,H,b,b,hDCEmIRuy
H
hDCEmIRuy
JIkUNEpYY,H,hDCEmIRuy,b,hDCEmIRuy,H
JIkUNEpYY,H,hDCEmIRuy,b,hDCEmIRuy,H
JIkUNEpYY,H,hDCEmIRuy,b,hDCEmIRuy,H
hDCEmIRuy
JIkUNEpYY,H,hDCEmIRuy,b,hDCEmIRuy,H
hDCEmIRuy
hDCEmIRuy
hDCEmIRuy,JIkUNEpYY,hDCEmIRuy,JIkUNEpYY,H,b
JIkUNEpYY
hDCEmIRuy,JIkUNEpYY,JIkUNEpYY,H,b,b,H
hDCEmIRuy,JIkUNEpYY,hDCEmIRuy,JIkUNEpYY,H,b,b
JIkUNEpYY,hDCEmIRuy,JIkUNEpYY,H,b,b,H,H
JIkUNEpYY,JIkUNEpYY,H,hDCEmIRuy,b,b,H,H,H
H
H
H
JIkUNEpYY,hDCEmIRuy,JIkUNEpYY,H,b,b,H,H,H
JIkUNEpYY,hDCEmIRuy,JIkUNEpYY,H,b,b,H,H,H
H
JIkUNEpYY,hDCEmIRuy,JIkUNEpYY,H,b,b,H,H,H,H
JIkUNEpYY,hDCEmIRuy,JIkUNEpYY,H,b,b,H,H,H,H
H
JIkUNEpYY,hDCEmIRuy,JIkUNEpYY,H,b,b,H,H,H
JIkUNEpYY,hDCEmIRuy,JIkUNEpYY,H,b,b,H,H,H
b
JIkUNEpYY,H,b,b,JIkUNEpYY,H,H,H,H,hDCEmIRuy,hDCEmIRuy
JIkUNEpYY
JIkUNEpYY
JIkUNEpYY
JIkUNEpYY
H
b,b,JIkUNEpYY,H,H,H,hDCEmIRuy,H,H,b,JIkUNEpYY
b
b,JIkUNEpYY,H,H,H,hDCEmIRuy,b,H,H,b,JIkUNEpYY,H
b,b,JIkUNEpYY,JIkUNEpYY,H,H,H,H,H,hDCEmIRuy,b,JIkUNEpYY
H
b,b,JIkUNEpYY,JIkUNEpYY,H,H,H,H,H,hDCEmIRuy,b,JIkUNEpYY
JIkUNEpYY
b,b,JIkUNEpYY,JIkUNEpYY,H,H,H,H,H,hDCEmIRuy,b,JIkUNEpYY
b,b,JIkUNEpYY,JIkUNEpYY,H,H,H,H,H,hDCEmIRuy,b,JIkUNEpYY
b,b,JIkUNEpYY,JIkUNEpYY,H,H,H,H,hDCEmIRuy,b,JIkUNEpYY
H
b
b
b
H,H,H,hDCEmIRuy,b,H,JIkUNEpYY,hDCEmIRuy,JIkUNEpYY,hDCEmIRuy,H
H,H,H,hDCEmIRuy,b,H,JIkUNEpYY,hDCEmIRuy,JIkUNEpYY,hDCEmIRuy,H
b
b
b
b
H,H,hDCEmIRuy,b,JIkUNEpYY,H,JIkUNEpYY,H,b,hDCEmIRuy,b
b,b,JIkUNEpYY,JIkUNEpYY,H,H,H,H,hDCEmIRuy,b,JIkUNEpYY,b,JIkUNEpYY
H
H
b,b,JIkUNEpYY,JIkUNEpYY,H,H,H,H,hDCEmIRuy,b,JIkUNEpYY,hDCEmIRuy
H
H
b,b,JIkUNEpYY,JIkUNEpYY,H,H,H,H,hDCEmIRuy,b,JIkUNEpYY
H
H
b,JIkUNEpYY,JIkUNEpYY,H,H,H,hDCEmIRuy,b,JIkUNEpYY,JIkUNEpYY
b,b,JIkUNEpYY,JIkUNEpYY,H,H,H,H,hDCEmIRuy,b,JIkUNEpYY,JIkUNEpYY,b
b
b
b,JIkUNEpYY,H,H,H,b,b,JIkUNEpYY,JIkUNEpYY,b,JIkUNEpYY,JIkUNEpYY
JIkUNEpYY
JIkUNEpYY,JIkUNEpYY,H,H,H,b,b,JIkUNEpYY,JIkUNEpYY,b,JIkUNEpYY,JIkUNEpYY,hDCEmIRuy
b
JIkUNEpYY,JIkUNEpYY,H,H,b,b,JIkUNEpYY,JIkUNEpYY,b,JIkUNEpYY,JIkUNEpYY,H
b
JIkUNEpYY,JIkUNEpYY,H,H,H,b,b,JIkUNEpYY,JIkUNEpYY,b,hDCEmIRuy,JIkUNEpYY,JIkUNEpYY,hDCEmIRuy,hDCEmIRuy,H
b
JIkUNEpYY,JIkUNEpYY,H,H,H,b,JIkUNEpYY,JIkUNEpYY,b,b,hDCEmIRuy,JIkUNEpYY,JIkUNEpYY,hDCEmIRuy,hDCEmIRuy,H
JIkUNEpYY,JIkUNEpYY,H,H,H,b,JIkUNEpYY,JIkUNEpYY,b,hDCEmIRuy,b,JIkUNEpYY,JIkUNEpYY,hDCEmIRuy,hDCEmIRuy,H,b
JIkUNEpYY,JIkUNEpYY,H,H,H,b,JIkUNEpYY,JIkUNEpYY,b,hDCEmIRuy,b,JIkUNEpYY,JIkUNEpYY,hDCEmIRuy,hDCEmIRuy,H,b
JIkUNEpYY,JIkUNEpYY,H,H,H,b,JIkUNEpYY,JIkUNEpYY,b,hDCEmIRuy,b,JIkUNEpYY,JIkUNEpYY,hDCEmIRuy,hDCEmIRuy,H,b
JIkUNEpYY,JIkUNEpYY,H,H,b,JIkUNEpYY,JIkUNEpYY,b,b,JIkUNEpYY,H,JIkUNEpYY,hDCEmIRuy,hDCEmIRuy,H,b
H
H
H
JIkUNEpYY,H,JIkUNEpYY,JIkUNEpYY,b,b,JIkUNEpYY,H,H,hDCEmIRuy,JIkUNEpYY,JIkUNEpYY,hDCEmIRuy,H,b,b,b,H,b
H
H,JIkUNEpYY,JIkUNEpYY,b,b,JIkUNEpYY,H,H,hDCEmIRuy,JIkUNEpYY,JIkUNEpYY,JIkUNEpYY,hDCEmIRuy,H,b,b,b,H,b
H,JIkUNEpYY,JIkUNEpYY,b,b,JIkUNEpYY,H,H,hDCEmIRuy,JIkUNEpYY,JIkUNEpYY,JIkUNEpYY,hDCEmIRuy,H,b,b,b,H,b
H
H,JIkUNEpYY,JIkUNEpYY,b,JIkUNEpYY,H,H,b,JIkUNEpYY,hDCEmIRuy,JIkUNEpYY,JIkUNEpYY,hDCEmIRuy,H,b,b,b,H,b,b
H
H,JIkUNEpYY,JIkUNEpYY,b,JIkUNEpYY,H,H,b,JIkUNEpYY,hDCEmIRuy,JIkUNEpYY,JIkUNEpYY,hDCEmIRuy,H,b,b,b,H,b,b,hDCEmIRuy
H
H
JIkUNEpYY,JIkUNEpYY,JIkUNEpYY,H,H,H,b,JIkUNEpYY,hDCEmIRuy,JIkUNEpYY,JIkUNEpYY,hDCEmIRuy,H,b,b,b,H,b,b,hDCEmIRuy
H
H
H
H
H
JIkUNEpYY,JIkUNEpYY,JIkUNEpYY,H,H,b,JIkUNEpYY,hDCEmIRuy,JIkUNEpYY,JIkUNEpYY,hDCEmIRuy,H,b,b,b,H,b,b,hDCEmIRuy
JIkUNEpYY,JIkUNEpYY,JIkUNEpYY,H,H,b,JIkUNEpYY,hDCEmIRuy,JIkUNEpYY,JIkUNEpYY,hDCEmIRuy,H,b,b,b,H,b,b,hDCEmIRuy
JIkUNEpYY,JIkUNEpYY,JIkUNEpYY,H,hDCEmIRuy,b,JIkUNEpYY,JIkUNEpYY,JIkUNEpYY,hDCEmIRuy,H,b,b,b,H,b,b,hDCEmIRuy,b
H
JIkUNEpYY,JIkUNEpYY,JIkUNEpYY,H,JIkUNEpYY,JIkUNEpYY,JIkUNEpYY,H,b,b,b,H,b,b,hDCEmIRuy,b,H,H,hDCEmIRuy
H
JIkUNEpYY,H,b,JIkUNEpYY,JIkUNEpYY,b,b,JIkUNEpYY,H,H,hDCEmIRuy,JIkUNEpYY,JIkUNEpYY,hDCEmIRuy,H,b,b,b,H,b
b
b
H
H
JIkUNEpYY,H,b,JIkUNEpYY,JIkUNEpYY,b,b,JIkUNEpYY,H,H,hDCEmIRuy,JIkUNEpYY,JIkUNEpYY,hDCEmIRuy,H,b,b,b,H
JIkUNEpYY,H,b,JIkUNEpYY,JIkUNEpYY,b,b,JIkUNEpYY,H,H,hDCEmIRuy,JIkUNEpYY,JIkUNEpYY,hDCEmIRuy,H,b,b,b,H,H
H
JIkUNEpYY,H,b,JIkUNEpYY,JIkUNEpYY,b,b,JIkUNEpYY,H,H,hDCEmIRuy,JIkUNEpYY,JIkUNEpYY,hDCEmIRuy,H,b,b,b,H,H
JIkUNEpYY,H,b,JIkUNEpYY,JIkUNEpYY,b,b,JIkUNEpYY,H,H,hDCEmIRuy,JIkUNEpYY,JIkUNEpYY,hDCEmIRuy,H,b,b,b,H,H
hDCEmIRuy
H,JIkUNEpYY,JIkUNEpYY,b,b,JIkUNEpYY,H,H,hDCEmIRuy,JIkUNEpYY,JIkUNEpYY,JIkUNEpYY,hDCEmIRuy,H,b,b,b,H,H,H
JIkUNEpYY,b,b,JIkUNEpYY,H,H,hDCEmIRuy,JIkUNEpYY,JIkUNEpYY,JIkUNEpYY,hDCEmIRuy,H,b,b,b,H,H,H,JIkUNEpYY
JIkUNEpYY,b,b,JIkUNEpYY,H,H,hDCEmIRuy,JIkUNEpYY,JIkUNEpYY,JIkUNEpYY,hDCEmIRuy,H,b,b,b,H,H,H,JIkUNEpYY
JIkUNEpYY,b,b,JIkUNEpYY,H,H,hDCEmIRuy,JIkUNEpYY,JIkUNEpYY,JIkUNEpYY,hDCEmIRuy,H,b,b,b,H,H,H,JIkUNEpYY
Jedi Wagner, assuma o comando!