[vazia]
Toque! Toque, Dijê!
Toque! Toque, Dijê!
[vazia]
[vazia]
Toque! Toque, Dijê!
Toque! Toque, Dijê!
OyoUjCSlaC
OyoUjCSlaC
OyoUjCSlaC
OyoUjCSlaC
[vazia]
OyoUjCSlaC
OyoUjCSlaC
OyoUjCSlaC
OyoUjCSlaC
OyoUjCSlaC
OyoUjCSlaC
OyoUjCSlaC,XqyFSTqw
OyoUjCSlaC,OyoUjCSlaC,OyoUjCSlaC,XqyFSTqw,OyoUjCSlaC,XqyFSTqw,XqyFSTqw,OyoUjCSlaC
XqyFSTqw
OyoUjCSlaC,OyoUjCSlaC,XqyFSTqw,OyoUjCSlaC,XqyFSTqw,XqyFSTqw,OyoUjCSlaC
OyoUjCSlaC,OyoUjCSlaC,OyoUjCSlaC,XqyFSTqw,XqyFSTqw,OyoUjCSlaC
OyoUjCSlaC
OyoUjCSlaC,OyoUjCSlaC,OyoUjCSlaC,XqyFSTqw,XqyFSTqw,OyoUjCSlaC,XqyFSTqw
OyoUjCSlaC,OyoUjCSlaC,OyoUjCSlaC,XqyFSTqw,XqyFSTqw,OyoUjCSlaC,XqyFSTqw
OyoUjCSlaC,OyoUjCSlaC,OyoUjCSlaC,XqyFSTqw,XqyFSTqw,OyoUjCSlaC,XqyFSTqw
OyoUjCSlaC,OyoUjCSlaC,OyoUjCSlaC,XqyFSTqw,OyoUjCSlaC,OyoUjCSlaC,XqyFSTqw,XqyFSTqw,OyoUjCSlaC,OyoUjCSlaC
OyoUjCSlaC
OyoUjCSlaC
OyoUjCSlaC,OyoUjCSlaC,OyoUjCSlaC,OyoUjCSlaC,XqyFSTqw,OyoUjCSlaC,XqyFSTqw,XqyFSTqw,OyoUjCSlaC
OyoUjCSlaC
OyoUjCSlaC,OyoUjCSlaC,OyoUjCSlaC,OyoUjCSlaC,XqyFSTqw,OyoUjCSlaC,XqyFSTqw,XqyFSTqw,OyoUjCSlaC
OyoUjCSlaC,OyoUjCSlaC,OyoUjCSlaC,OyoUjCSlaC,XqyFSTqw,OyoUjCSlaC,XqyFSTqw,XqyFSTqw,OyoUjCSlaC
OyoUjCSlaC
OyoUjCSlaC
OyoUjCSlaC
OyoUjCSlaC
OyoUjCSlaC,OyoUjCSlaC,OyoUjCSlaC,OyoUjCSlaC,XqyFSTqw,OyoUjCSlaC,XqyFSTqw,XqyFSTqw,OyoUjCSlaC
XqyFSTqw
XqyFSTqw
OyoUjCSlaC,OyoUjCSlaC,XqyFSTqw,OyoUjCSlaC,XqyFSTqw,XqyFSTqw,OyoUjCSlaC,XqyFSTqw
XqyFSTqw
XqyFSTqw
XqyFSTqw
XqyFSTqw
OyoUjCSlaC,OyoUjCSlaC,XqyFSTqw,XqyFSTqw,OyoUjCSlaC,XqyFSTqw,OyoUjCSlaC,XqyFSTqw,OyoUjCSlaC,OyoUjCSlaC,XqyFSTqw,XqyFSTqw,OyoUjCSlaC,XqyFSTqw
OyoUjCSlaC,OyoUjCSlaC,XqyFSTqw,XqyFSTqw,OyoUjCSlaC,XqyFSTqw,OyoUjCSlaC,XqyFSTqw,OyoUjCSlaC,OyoUjCSlaC,XqyFSTqw,XqyFSTqw,OyoUjCSlaC,XqyFSTqw,OyoUjCSlaC,OyoUjCSlaC
OyoUjCSlaC,OyoUjCSlaC,XqyFSTqw,XqyFSTqw,OyoUjCSlaC,XqyFSTqw,OyoUjCSlaC,XqyFSTqw,OyoUjCSlaC,OyoUjCSlaC,XqyFSTqw,XqyFSTqw,OyoUjCSlaC,XqyFSTqw,OyoUjCSlaC,OyoUjCSlaC
OyoUjCSlaC
OyoUjCSlaC,OyoUjCSlaC,XqyFSTqw,XqyFSTqw,OyoUjCSlaC,XqyFSTqw,OyoUjCSlaC,XqyFSTqw,OyoUjCSlaC,OyoUjCSlaC,XqyFSTqw,XqyFSTqw,OyoUjCSlaC,XqyFSTqw,OyoUjCSlaC,OyoUjCSlaC,OyoUjCSlaC,OyoUjCSlaC,OyoUjCSlaC
OyoUjCSlaC,OyoUjCSlaC,XqyFSTqw,OyoUjCSlaC,XqyFSTqw,OyoUjCSlaC,XqyFSTqw,OyoUjCSlaC,OyoUjCSlaC,XqyFSTqw,XqyFSTqw,OyoUjCSlaC,XqyFSTqw,OyoUjCSlaC,OyoUjCSlaC,OyoUjCSlaC,OyoUjCSlaC,OyoUjCSlaC
OyoUjCSlaC,OyoUjCSlaC,XqyFSTqw,OyoUjCSlaC,XqyFSTqw,OyoUjCSlaC,XqyFSTqw,OyoUjCSlaC,OyoUjCSlaC,XqyFSTqw,XqyFSTqw,OyoUjCSlaC,XqyFSTqw,OyoUjCSlaC,OyoUjCSlaC,OyoUjCSlaC,OyoUjCSlaC,OyoUjCSlaC
OyoUjCSlaC
OyoUjCSlaC,OyoUjCSlaC,XqyFSTqw,OyoUjCSlaC,XqyFSTqw,XqyFSTqw,OyoUjCSlaC,XqyFSTqw,OyoUjCSlaC,OyoUjCSlaC,XqyFSTqw,XqyFSTqw,OyoUjCSlaC,XqyFSTqw,OyoUjCSlaC,OyoUjCSlaC,OyoUjCSlaC,OyoUjCSlaC,OyoUjCSlaC
XqyFSTqw
XqyFSTqw
OyoUjCSlaC
OyoUjCSlaC,OyoUjCSlaC,OyoUjCSlaC,XqyFSTqw,XqyFSTqw,OyoUjCSlaC,OyoUjCSlaC,XqyFSTqw,OyoUjCSlaC,XqyFSTqw,XqyFSTqw,OyoUjCSlaC,XqyFSTqw,OyoUjCSlaC,OyoUjCSlaC,OyoUjCSlaC,OyoUjCSlaC,OyoUjCSlaC,XqyFSTqw,XqyFSTqw,XqyFSTqw,XqyFSTqw,OyoUjCSlaC
OyoUjCSlaC,XqyFSTqw,XqyFSTqw,OyoUjCSlaC,OyoUjCSlaC,XqyFSTqw,OyoUjCSlaC,OyoUjCSlaC,XqyFSTqw,XqyFSTqw,OyoUjCSlaC,XqyFSTqw,OyoUjCSlaC,OyoUjCSlaC,OyoUjCSlaC,OyoUjCSlaC,OyoUjCSlaC,XqyFSTqw,XqyFSTqw,XqyFSTqw,XqyFSTqw,OyoUjCSlaC
XqyFSTqw
OyoUjCSlaC,XqyFSTqw,OyoUjCSlaC,XqyFSTqw,XqyFSTqw,OyoUjCSlaC,XqyFSTqw,XqyFSTqw,OyoUjCSlaC,XqyFSTqw,OyoUjCSlaC,OyoUjCSlaC,OyoUjCSlaC,OyoUjCSlaC,OyoUjCSlaC,XqyFSTqw,XqyFSTqw,XqyFSTqw,XqyFSTqw,OyoUjCSlaC
XqyFSTqw
XqyFSTqw
OyoUjCSlaC,OyoUjCSlaC,XqyFSTqw,XqyFSTqw,OyoUjCSlaC,OyoUjCSlaC,XqyFSTqw,OyoUjCSlaC,XqyFSTqw,XqyFSTqw,OyoUjCSlaC,XqyFSTqw,OyoUjCSlaC,OyoUjCSlaC,OyoUjCSlaC,OyoUjCSlaC,OyoUjCSlaC,XqyFSTqw,XqyFSTqw,XqyFSTqw,XqyFSTqw,OyoUjCSlaC
OyoUjCSlaC,XqyFSTqw,OyoUjCSlaC,OyoUjCSlaC,XqyFSTqw,OyoUjCSlaC,XqyFSTqw,XqyFSTqw,XqyFSTqw,OyoUjCSlaC,XqyFSTqw,OyoUjCSlaC,OyoUjCSlaC,OyoUjCSlaC,OyoUjCSlaC,OyoUjCSlaC,XqyFSTqw,XqyFSTqw,XqyFSTqw,XqyFSTqw,OyoUjCSlaC,OyoUjCSlaC
XqyFSTqw
OyoUjCSlaC,OyoUjCSlaC,OyoUjCSlaC,XqyFSTqw,OyoUjCSlaC,XqyFSTqw,XqyFSTqw,XqyFSTqw,OyoUjCSlaC,XqyFSTqw,OyoUjCSlaC,OyoUjCSlaC,OyoUjCSlaC,OyoUjCSlaC,OyoUjCSlaC,XqyFSTqw,XqyFSTqw,XqyFSTqw,XqyFSTqw,OyoUjCSlaC,OyoUjCSlaC
OyoUjCSlaC,XqyFSTqw,XqyFSTqw,OyoUjCSlaC,OyoUjCSlaC,XqyFSTqw,OyoUjCSlaC,XqyFSTqw,OyoUjCSlaC,XqyFSTqw,OyoUjCSlaC,XqyFSTqw,OyoUjCSlaC,OyoUjCSlaC,OyoUjCSlaC,OyoUjCSlaC,OyoUjCSlaC,XqyFSTqw,XqyFSTqw,XqyFSTqw,XqyFSTqw,OyoUjCSlaC
OyoUjCSlaC,XqyFSTqw,OyoUjCSlaC,OyoUjCSlaC,XqyFSTqw,OyoUjCSlaC,XqyFSTqw,OyoUjCSlaC,XqyFSTqw,OyoUjCSlaC,XqyFSTqw,OyoUjCSlaC,OyoUjCSlaC,OyoUjCSlaC,OyoUjCSlaC,OyoUjCSlaC,XqyFSTqw,XqyFSTqw,XqyFSTqw,XqyFSTqw,OyoUjCSlaC
OyoUjCSlaC,XqyFSTqw,OyoUjCSlaC,OyoUjCSlaC,XqyFSTqw,OyoUjCSlaC,XqyFSTqw,OyoUjCSlaC,XqyFSTqw,OyoUjCSlaC,XqyFSTqw,OyoUjCSlaC,OyoUjCSlaC,OyoUjCSlaC,OyoUjCSlaC,OyoUjCSlaC,XqyFSTqw,XqyFSTqw,XqyFSTqw,XqyFSTqw,OyoUjCSlaC
OyoUjCSlaC
XqyFSTqw
OyoUjCSlaC,OyoUjCSlaC,XqyFSTqw,XqyFSTqw,OyoUjCSlaC,OyoUjCSlaC,XqyFSTqw,OyoUjCSlaC,XqyFSTqw,XqyFSTqw,OyoUjCSlaC,XqyFSTqw,OyoUjCSlaC,OyoUjCSlaC,OyoUjCSlaC,OyoUjCSlaC,OyoUjCSlaC,XqyFSTqw,XqyFSTqw,XqyFSTqw,XqyFSTqw,OyoUjCSlaC
OyoUjCSlaC
OyoUjCSlaC,XqyFSTqw,XqyFSTqw,OyoUjCSlaC,OyoUjCSlaC,XqyFSTqw,OyoUjCSlaC,XqyFSTqw,OyoUjCSlaC,XqyFSTqw,OyoUjCSlaC,XqyFSTqw,OyoUjCSlaC,OyoUjCSlaC,OyoUjCSlaC,OyoUjCSlaC,OyoUjCSlaC,XqyFSTqw,XqyFSTqw,XqyFSTqw,XqyFSTqw,OyoUjCSlaC,OyoUjCSlaC
OyoUjCSlaC,XqyFSTqw,XqyFSTqw,OyoUjCSlaC,OyoUjCSlaC,XqyFSTqw,OyoUjCSlaC,XqyFSTqw,OyoUjCSlaC,XqyFSTqw,OyoUjCSlaC,XqyFSTqw,OyoUjCSlaC,OyoUjCSlaC,OyoUjCSlaC,OyoUjCSlaC,OyoUjCSlaC,XqyFSTqw,XqyFSTqw,XqyFSTqw,XqyFSTqw,OyoUjCSlaC,OyoUjCSlaC
OyoUjCSlaC,XqyFSTqw,XqyFSTqw,OyoUjCSlaC,OyoUjCSlaC,XqyFSTqw,OyoUjCSlaC,XqyFSTqw,OyoUjCSlaC,XqyFSTqw,OyoUjCSlaC,XqyFSTqw,OyoUjCSlaC,OyoUjCSlaC,OyoUjCSlaC,OyoUjCSlaC,OyoUjCSlaC,XqyFSTqw,XqyFSTqw,XqyFSTqw,XqyFSTqw,OyoUjCSlaC,OyoUjCSlaC
XqyFSTqw
OyoUjCSlaC,OyoUjCSlaC,XqyFSTqw,OyoUjCSlaC,XqyFSTqw,OyoUjCSlaC,XqyFSTqw,OyoUjCSlaC,XqyFSTqw,XqyFSTqw,XqyFSTqw,OyoUjCSlaC,OyoUjCSlaC,OyoUjCSlaC,OyoUjCSlaC,OyoUjCSlaC,XqyFSTqw,XqyFSTqw,XqyFSTqw,XqyFSTqw,OyoUjCSlaC,OyoUjCSlaC,XqyFSTqw
OyoUjCSlaC,OyoUjCSlaC,XqyFSTqw,OyoUjCSlaC,XqyFSTqw,OyoUjCSlaC,XqyFSTqw,OyoUjCSlaC,XqyFSTqw,XqyFSTqw,XqyFSTqw,OyoUjCSlaC,OyoUjCSlaC,OyoUjCSlaC,OyoUjCSlaC,OyoUjCSlaC,XqyFSTqw,XqyFSTqw,XqyFSTqw,XqyFSTqw,OyoUjCSlaC,OyoUjCSlaC,XqyFSTqw
XqyFSTqw,XqyFSTqw,OyoUjCSlaC,XqyFSTqw,OyoUjCSlaC,XqyFSTqw,OyoUjCSlaC,XqyFSTqw,OyoUjCSlaC,OyoUjCSlaC,XqyFSTqw,OyoUjCSlaC,OyoUjCSlaC,OyoUjCSlaC,OyoUjCSlaC,OyoUjCSlaC,XqyFSTqw,XqyFSTqw,XqyFSTqw,XqyFSTqw,OyoUjCSlaC,OyoUjCSlaC
XqyFSTqw,XqyFSTqw,OyoUjCSlaC,OyoUjCSlaC,XqyFSTqw,OyoUjCSlaC,XqyFSTqw,OyoUjCSlaC,XqyFSTqw,OyoUjCSlaC,XqyFSTqw,OyoUjCSlaC,OyoUjCSlaC,OyoUjCSlaC,OyoUjCSlaC,OyoUjCSlaC,XqyFSTqw,XqyFSTqw,XqyFSTqw,XqyFSTqw,OyoUjCSlaC,OyoUjCSlaC
XqyFSTqw,XqyFSTqw,OyoUjCSlaC,OyoUjCSlaC,XqyFSTqw,OyoUjCSlaC,XqyFSTqw,OyoUjCSlaC,XqyFSTqw,OyoUjCSlaC,XqyFSTqw,OyoUjCSlaC,OyoUjCSlaC,OyoUjCSlaC,OyoUjCSlaC,OyoUjCSlaC,XqyFSTqw,XqyFSTqw,XqyFSTqw,XqyFSTqw,OyoUjCSlaC,OyoUjCSlaC
XqyFSTqw,XqyFSTqw,OyoUjCSlaC,OyoUjCSlaC,XqyFSTqw,OyoUjCSlaC,XqyFSTqw,OyoUjCSlaC,XqyFSTqw,OyoUjCSlaC,XqyFSTqw,OyoUjCSlaC,OyoUjCSlaC,OyoUjCSlaC,OyoUjCSlaC,OyoUjCSlaC,XqyFSTqw,XqyFSTqw,XqyFSTqw,XqyFSTqw,OyoUjCSlaC,OyoUjCSlaC,OyoUjCSlaC
OyoUjCSlaC
OyoUjCSlaC
XqyFSTqw,XqyFSTqw,OyoUjCSlaC,OyoUjCSlaC,XqyFSTqw,OyoUjCSlaC,XqyFSTqw,OyoUjCSlaC,XqyFSTqw,OyoUjCSlaC,XqyFSTqw,OyoUjCSlaC,OyoUjCSlaC,OyoUjCSlaC,OyoUjCSlaC,OyoUjCSlaC,XqyFSTqw,XqyFSTqw,XqyFSTqw,XqyFSTqw,OyoUjCSlaC,OyoUjCSlaC,OyoUjCSlaC
XqyFSTqw,XqyFSTqw,OyoUjCSlaC,OyoUjCSlaC,XqyFSTqw,OyoUjCSlaC,XqyFSTqw,OyoUjCSlaC,XqyFSTqw,OyoUjCSlaC,XqyFSTqw,OyoUjCSlaC,OyoUjCSlaC,OyoUjCSlaC,OyoUjCSlaC,OyoUjCSlaC,XqyFSTqw,XqyFSTqw,XqyFSTqw,XqyFSTqw,OyoUjCSlaC,OyoUjCSlaC,OyoUjCSlaC
OyoUjCSlaC,XqyFSTqw,OyoUjCSlaC,OyoUjCSlaC,XqyFSTqw,OyoUjCSlaC,XqyFSTqw,OyoUjCSlaC,XqyFSTqw,OyoUjCSlaC,XqyFSTqw,XqyFSTqw,OyoUjCSlaC,OyoUjCSlaC,OyoUjCSlaC,OyoUjCSlaC,OyoUjCSlaC,XqyFSTqw,XqyFSTqw,XqyFSTqw,XqyFSTqw,OyoUjCSlaC,OyoUjCSlaC
OyoUjCSlaC,XqyFSTqw,OyoUjCSlaC,OyoUjCSlaC,XqyFSTqw,OyoUjCSlaC,XqyFSTqw,OyoUjCSlaC,XqyFSTqw,OyoUjCSlaC,XqyFSTqw,XqyFSTqw,OyoUjCSlaC,OyoUjCSlaC,OyoUjCSlaC,OyoUjCSlaC,OyoUjCSlaC,XqyFSTqw,XqyFSTqw,XqyFSTqw,XqyFSTqw,OyoUjCSlaC,OyoUjCSlaC
XqyFSTqw,OyoUjCSlaC,OyoUjCSlaC,XqyFSTqw,OyoUjCSlaC,XqyFSTqw,OyoUjCSlaC,XqyFSTqw,OyoUjCSlaC,XqyFSTqw,OyoUjCSlaC,OyoUjCSlaC,OyoUjCSlaC,OyoUjCSlaC,OyoUjCSlaC,XqyFSTqw,XqyFSTqw,XqyFSTqw,XqyFSTqw,OyoUjCSlaC,OyoUjCSlaC,XqyFSTqw
XqyFSTqw,OyoUjCSlaC,XqyFSTqw,OyoUjCSlaC,XqyFSTqw,OyoUjCSlaC,XqyFSTqw,OyoUjCSlaC,XqyFSTqw,OyoUjCSlaC,OyoUjCSlaC,OyoUjCSlaC,OyoUjCSlaC,OyoUjCSlaC,XqyFSTqw,XqyFSTqw,XqyFSTqw,XqyFSTqw,OyoUjCSlaC,OyoUjCSlaC,XqyFSTqw
XqyFSTqw,XqyFSTqw,OyoUjCSlaC,XqyFSTqw,OyoUjCSlaC,XqyFSTqw,OyoUjCSlaC,XqyFSTqw,OyoUjCSlaC,OyoUjCSlaC,OyoUjCSlaC,OyoUjCSlaC,OyoUjCSlaC,OyoUjCSlaC,XqyFSTqw,XqyFSTqw,XqyFSTqw,XqyFSTqw,OyoUjCSlaC,OyoUjCSlaC,XqyFSTqw
XqyFSTqw,OyoUjCSlaC,OyoUjCSlaC,XqyFSTqw,OyoUjCSlaC,XqyFSTqw,OyoUjCSlaC,XqyFSTqw,OyoUjCSlaC,XqyFSTqw,OyoUjCSlaC,OyoUjCSlaC,OyoUjCSlaC,OyoUjCSlaC,OyoUjCSlaC,XqyFSTqw,XqyFSTqw,XqyFSTqw,XqyFSTqw,OyoUjCSlaC,OyoUjCSlaC,XqyFSTqw
OyoUjCSlaC,OyoUjCSlaC,OyoUjCSlaC,OyoUjCSlaC,XqyFSTqw,OyoUjCSlaC,XqyFSTqw,XqyFSTqw,XqyFSTqw,OyoUjCSlaC,OyoUjCSlaC,OyoUjCSlaC,OyoUjCSlaC,OyoUjCSlaC,XqyFSTqw,XqyFSTqw,XqyFSTqw,XqyFSTqw,OyoUjCSlaC,OyoUjCSlaC,XqyFSTqw
XqyFSTqw
OyoUjCSlaC,OyoUjCSlaC,OyoUjCSlaC,OyoUjCSlaC,XqyFSTqw,OyoUjCSlaC,XqyFSTqw,XqyFSTqw,XqyFSTqw,OyoUjCSlaC,OyoUjCSlaC,OyoUjCSlaC,OyoUjCSlaC,OyoUjCSlaC,XqyFSTqw,XqyFSTqw,XqyFSTqw,XqyFSTqw,OyoUjCSlaC,OyoUjCSlaC,XqyFSTqw
OyoUjCSlaC,XqyFSTqw,OyoUjCSlaC,XqyFSTqw,OyoUjCSlaC,XqyFSTqw,OyoUjCSlaC,XqyFSTqw,OyoUjCSlaC,OyoUjCSlaC,OyoUjCSlaC,OyoUjCSlaC,XqyFSTqw,XqyFSTqw,XqyFSTqw,XqyFSTqw,OyoUjCSlaC,OyoUjCSlaC,XqyFSTqw
XqyFSTqw
OyoUjCSlaC,XqyFSTqw,OyoUjCSlaC,XqyFSTqw,OyoUjCSlaC,XqyFSTqw,OyoUjCSlaC,XqyFSTqw,OyoUjCSlaC,OyoUjCSlaC,OyoUjCSlaC,OyoUjCSlaC,XqyFSTqw,XqyFSTqw,XqyFSTqw,XqyFSTqw,OyoUjCSlaC,OyoUjCSlaC,XqyFSTqw
XqyFSTqw
OyoUjCSlaC
XqyFSTqw
OyoUjCSlaC,XqyFSTqw,OyoUjCSlaC,XqyFSTqw,OyoUjCSlaC,XqyFSTqw,OyoUjCSlaC,XqyFSTqw,OyoUjCSlaC,OyoUjCSlaC,OyoUjCSlaC,OyoUjCSlaC,XqyFSTqw,XqyFSTqw,XqyFSTqw,XqyFSTqw,OyoUjCSlaC,OyoUjCSlaC,XqyFSTqw,OyoUjCSlaC
XqyFSTqw
XqyFSTqw,OyoUjCSlaC,XqyFSTqw,OyoUjCSlaC,XqyFSTqw,OyoUjCSlaC,OyoUjCSlaC,OyoUjCSlaC,OyoUjCSlaC,OyoUjCSlaC,XqyFSTqw,XqyFSTqw,XqyFSTqw,XqyFSTqw,OyoUjCSlaC,OyoUjCSlaC,XqyFSTqw,OyoUjCSlaC,XqyFSTqw
XqyFSTqw,OyoUjCSlaC,XqyFSTqw,OyoUjCSlaC,XqyFSTqw,OyoUjCSlaC,OyoUjCSlaC,OyoUjCSlaC,OyoUjCSlaC,OyoUjCSlaC,XqyFSTqw,XqyFSTqw,XqyFSTqw,XqyFSTqw,OyoUjCSlaC,OyoUjCSlaC,XqyFSTqw,OyoUjCSlaC,XqyFSTqw
OyoUjCSlaC
XqyFSTqw,OyoUjCSlaC,XqyFSTqw,OyoUjCSlaC,XqyFSTqw,OyoUjCSlaC,OyoUjCSlaC,OyoUjCSlaC,OyoUjCSlaC,OyoUjCSlaC,XqyFSTqw,XqyFSTqw,XqyFSTqw,XqyFSTqw,OyoUjCSlaC,OyoUjCSlaC,XqyFSTqw,OyoUjCSlaC,XqyFSTqw
OyoUjCSlaC,XqyFSTqw,OyoUjCSlaC,XqyFSTqw,OyoUjCSlaC,OyoUjCSlaC,OyoUjCSlaC,OyoUjCSlaC,OyoUjCSlaC,XqyFSTqw,XqyFSTqw,XqyFSTqw,XqyFSTqw,OyoUjCSlaC,OyoUjCSlaC,XqyFSTqw,OyoUjCSlaC,XqyFSTqw,XqyFSTqw,XqyFSTqw
OyoUjCSlaC,XqyFSTqw,OyoUjCSlaC,XqyFSTqw,OyoUjCSlaC,OyoUjCSlaC,OyoUjCSlaC,OyoUjCSlaC,OyoUjCSlaC,XqyFSTqw,XqyFSTqw,XqyFSTqw,XqyFSTqw,OyoUjCSlaC,OyoUjCSlaC,XqyFSTqw,OyoUjCSlaC,XqyFSTqw,XqyFSTqw,XqyFSTqw
XqyFSTqw
XqyFSTqw,OyoUjCSlaC,OyoUjCSlaC,OyoUjCSlaC,OyoUjCSlaC,OyoUjCSlaC,XqyFSTqw,XqyFSTqw,OyoUjCSlaC,XqyFSTqw,XqyFSTqw,OyoUjCSlaC,OyoUjCSlaC,XqyFSTqw,OyoUjCSlaC,XqyFSTqw,XqyFSTqw,XqyFSTqw
XqyFSTqw,OyoUjCSlaC,OyoUjCSlaC,OyoUjCSlaC,OyoUjCSlaC,OyoUjCSlaC,XqyFSTqw,XqyFSTqw,OyoUjCSlaC,XqyFSTqw,XqyFSTqw,OyoUjCSlaC,OyoUjCSlaC,XqyFSTqw,OyoUjCSlaC,XqyFSTqw,XqyFSTqw,XqyFSTqw
XqyFSTqw,OyoUjCSlaC,OyoUjCSlaC,OyoUjCSlaC,OyoUjCSlaC,OyoUjCSlaC,XqyFSTqw,XqyFSTqw,OyoUjCSlaC,XqyFSTqw,XqyFSTqw,OyoUjCSlaC,OyoUjCSlaC,XqyFSTqw,OyoUjCSlaC,XqyFSTqw,XqyFSTqw,XqyFSTqw
XqyFSTqw
XqyFSTqw
OyoUjCSlaC,OyoUjCSlaC,OyoUjCSlaC,OyoUjCSlaC,OyoUjCSlaC,XqyFSTqw,XqyFSTqw,OyoUjCSlaC,XqyFSTqw,XqyFSTqw,XqyFSTqw,OyoUjCSlaC,OyoUjCSlaC,XqyFSTqw,OyoUjCSlaC,XqyFSTqw,XqyFSTqw,XqyFSTqw,OyoUjCSlaC
OyoUjCSlaC
OyoUjCSlaC
OyoUjCSlaC,OyoUjCSlaC,OyoUjCSlaC,XqyFSTqw,OyoUjCSlaC,XqyFSTqw,XqyFSTqw,OyoUjCSlaC,OyoUjCSlaC,XqyFSTqw,OyoUjCSlaC,XqyFSTqw,XqyFSTqw,XqyFSTqw,OyoUjCSlaC,XqyFSTqw
OyoUjCSlaC,OyoUjCSlaC,OyoUjCSlaC,XqyFSTqw,OyoUjCSlaC,XqyFSTqw,XqyFSTqw,OyoUjCSlaC,OyoUjCSlaC,XqyFSTqw,OyoUjCSlaC,XqyFSTqw,XqyFSTqw,XqyFSTqw,OyoUjCSlaC,XqyFSTqw
XqyFSTqw,OyoUjCSlaC,OyoUjCSlaC,OyoUjCSlaC,OyoUjCSlaC,XqyFSTqw,XqyFSTqw,OyoUjCSlaC,XqyFSTqw,OyoUjCSlaC,XqyFSTqw,OyoUjCSlaC,OyoUjCSlaC,XqyFSTqw,OyoUjCSlaC,XqyFSTqw,XqyFSTqw,XqyFSTqw,OyoUjCSlaC
XqyFSTqw,OyoUjCSlaC,OyoUjCSlaC,OyoUjCSlaC,OyoUjCSlaC,XqyFSTqw,XqyFSTqw,OyoUjCSlaC,XqyFSTqw,OyoUjCSlaC,XqyFSTqw,OyoUjCSlaC,OyoUjCSlaC,XqyFSTqw,OyoUjCSlaC,XqyFSTqw,XqyFSTqw,XqyFSTqw,OyoUjCSlaC
OyoUjCSlaC
XqyFSTqw,OyoUjCSlaC,OyoUjCSlaC,OyoUjCSlaC,OyoUjCSlaC,XqyFSTqw,XqyFSTqw,OyoUjCSlaC,XqyFSTqw,OyoUjCSlaC,XqyFSTqw,OyoUjCSlaC,OyoUjCSlaC,XqyFSTqw,OyoUjCSlaC,XqyFSTqw,XqyFSTqw,XqyFSTqw,OyoUjCSlaC
XqyFSTqw
OyoUjCSlaC,OyoUjCSlaC,OyoUjCSlaC,XqyFSTqw,OyoUjCSlaC,XqyFSTqw,XqyFSTqw,XqyFSTqw,OyoUjCSlaC,OyoUjCSlaC,OyoUjCSlaC,XqyFSTqw,OyoUjCSlaC,XqyFSTqw,XqyFSTqw,XqyFSTqw,OyoUjCSlaC,OyoUjCSlaC
OyoUjCSlaC,OyoUjCSlaC,XqyFSTqw,OyoUjCSlaC,OyoUjCSlaC,XqyFSTqw,OyoUjCSlaC,OyoUjCSlaC,OyoUjCSlaC,XqyFSTqw,OyoUjCSlaC,XqyFSTqw,XqyFSTqw,XqyFSTqw,OyoUjCSlaC,OyoUjCSlaC,OyoUjCSlaC,OyoUjCSlaC
XqyFSTqw
OyoUjCSlaC
OyoUjCSlaC
OyoUjCSlaC,XqyFSTqw,OyoUjCSlaC,OyoUjCSlaC,OyoUjCSlaC,XqyFSTqw,OyoUjCSlaC,OyoUjCSlaC,OyoUjCSlaC,XqyFSTqw,OyoUjCSlaC,XqyFSTqw,XqyFSTqw,XqyFSTqw,OyoUjCSlaC,OyoUjCSlaC,OyoUjCSlaC,OyoUjCSlaC,OyoUjCSlaC,XqyFSTqw
OyoUjCSlaC,OyoUjCSlaC,OyoUjCSlaC,OyoUjCSlaC,XqyFSTqw,XqyFSTqw,OyoUjCSlaC,XqyFSTqw,XqyFSTqw,OyoUjCSlaC,OyoUjCSlaC,XqyFSTqw,OyoUjCSlaC,XqyFSTqw,XqyFSTqw,XqyFSTqw,OyoUjCSlaC
OyoUjCSlaC,OyoUjCSlaC,OyoUjCSlaC,XqyFSTqw,XqyFSTqw,OyoUjCSlaC,XqyFSTqw,XqyFSTqw,OyoUjCSlaC,OyoUjCSlaC,XqyFSTqw,OyoUjCSlaC,XqyFSTqw,XqyFSTqw,XqyFSTqw,OyoUjCSlaC
OyoUjCSlaC
OyoUjCSlaC
OyoUjCSlaC
OyoUjCSlaC
OyoUjCSlaC,OyoUjCSlaC,XqyFSTqw,XqyFSTqw,OyoUjCSlaC,XqyFSTqw,XqyFSTqw,OyoUjCSlaC,OyoUjCSlaC,OyoUjCSlaC,XqyFSTqw,OyoUjCSlaC,XqyFSTqw,XqyFSTqw,XqyFSTqw,OyoUjCSlaC,OyoUjCSlaC
OyoUjCSlaC
OyoUjCSlaC,OyoUjCSlaC,XqyFSTqw,XqyFSTqw,OyoUjCSlaC,XqyFSTqw,XqyFSTqw,OyoUjCSlaC,OyoUjCSlaC,OyoUjCSlaC,XqyFSTqw,OyoUjCSlaC,XqyFSTqw,XqyFSTqw,XqyFSTqw,OyoUjCSlaC,OyoUjCSlaC
OyoUjCSlaC
OyoUjCSlaC,OyoUjCSlaC,XqyFSTqw,XqyFSTqw,OyoUjCSlaC,XqyFSTqw,XqyFSTqw,OyoUjCSlaC,OyoUjCSlaC,OyoUjCSlaC,XqyFSTqw,OyoUjCSlaC,XqyFSTqw,XqyFSTqw,XqyFSTqw,OyoUjCSlaC,OyoUjCSlaC
XqyFSTqw
XqyFSTqw
XqyFSTqw
OyoUjCSlaC
OyoUjCSlaC
XqyFSTqw,XqyFSTqw,XqyFSTqw,OyoUjCSlaC,XqyFSTqw,OyoUjCSlaC,OyoUjCSlaC,XqyFSTqw,OyoUjCSlaC,XqyFSTqw,XqyFSTqw,XqyFSTqw,OyoUjCSlaC,OyoUjCSlaC,OyoUjCSlaC,XqyFSTqw,XqyFSTqw,XqyFSTqw,XqyFSTqw
XqyFSTqw
XqyFSTqw,XqyFSTqw,XqyFSTqw,OyoUjCSlaC,XqyFSTqw,OyoUjCSlaC,OyoUjCSlaC,XqyFSTqw,OyoUjCSlaC,XqyFSTqw,XqyFSTqw,XqyFSTqw,OyoUjCSlaC,OyoUjCSlaC,OyoUjCSlaC,XqyFSTqw,XqyFSTqw,XqyFSTqw,XqyFSTqw,XqyFSTqw
XqyFSTqw,OyoUjCSlaC,XqyFSTqw,OyoUjCSlaC,OyoUjCSlaC,XqyFSTqw,XqyFSTqw,OyoUjCSlaC,XqyFSTqw,XqyFSTqw,XqyFSTqw,OyoUjCSlaC,OyoUjCSlaC,OyoUjCSlaC,XqyFSTqw,XqyFSTqw,XqyFSTqw,XqyFSTqw,XqyFSTqw,XqyFSTqw
XqyFSTqw
OyoUjCSlaC,XqyFSTqw,OyoUjCSlaC,OyoUjCSlaC,XqyFSTqw,XqyFSTqw,XqyFSTqw,OyoUjCSlaC,XqyFSTqw,XqyFSTqw,XqyFSTqw,OyoUjCSlaC,OyoUjCSlaC,OyoUjCSlaC,XqyFSTqw,XqyFSTqw,XqyFSTqw,XqyFSTqw,XqyFSTqw,XqyFSTqw
XqyFSTqw
Jedi Wagner, assuma o comando!