[vazia]
[vazia]
sSAxKrXjYk
sSAxKrXjYk
sSAxKrXjYk
sSAxKrXjYk
sSAxKrXjYk
sSAxKrXjYk
sSAxKrXjYk
sSAxKrXjYk
[vazia]
[vazia]
[vazia]
[vazia]
[vazia]
[vazia]
[vazia]
vGeu
sSAxKrXjYk
sSAxKrXjYk,sSAxKrXjYk
sSAxKrXjYk,xpII
xpII
xpII
xpII
xpII
sSAxKrXjYk,xpII,sSAxKrXjYk,xpII
xpII
sSAxKrXjYk,xpII,sSAxKrXjYk,xpII
sSAxKrXjYk,xpII,sSAxKrXjYk,xpII
sSAxKrXjYk,xpII,sSAxKrXjYk,xpII
sSAxKrXjYk
sSAxKrXjYk,xpII,sSAxKrXjYk,xpII,rTX,vGeu
sSAxKrXjYk,xpII,sSAxKrXjYk,xpII,rTX,vGeu
sSAxKrXjYk,xpII,sSAxKrXjYk,xpII,rTX,vGeu
sSAxKrXjYk,xpII,sSAxKrXjYk,xpII,rTX,vGeu
sSAxKrXjYk,xpII,sSAxKrXjYk,xpII,vGeu
sSAxKrXjYk,xpII,sSAxKrXjYk,xpII,vGeu,i,rTX,vGeu
sSAxKrXjYk,xpII,sSAxKrXjYk,xpII,vGeu,i,rTX,vGeu
sSAxKrXjYk,xpII,sSAxKrXjYk,xpII,vGeu,i,rTX
sSAxKrXjYk,xpII,sSAxKrXjYk,xpII,vGeu,i,rTX
sSAxKrXjYk
sSAxKrXjYk
sSAxKrXjYk
sSAxKrXjYk,xpII,sSAxKrXjYk,xpII,vGeu,i,sSAxKrXjYk,rTX
sSAxKrXjYk
sSAxKrXjYk,xpII,sSAxKrXjYk,xpII,vGeu,sSAxKrXjYk,rTX
sSAxKrXjYk,xpII,sSAxKrXjYk,xpII,vGeu,sSAxKrXjYk,rTX
xpII
sSAxKrXjYk,xpII,sSAxKrXjYk,xpII,vGeu,sSAxKrXjYk,rTX,rTX
xpII
xpII
xpII
sSAxKrXjYk,xpII,sSAxKrXjYk,xpII,vGeu,sSAxKrXjYk,rTX,rTX,i
vGeu
vGeu
vGeu
xpII,vGeu,sSAxKrXjYk,rTX,rTX,i
sSAxKrXjYk
sSAxKrXjYk
sSAxKrXjYk,xpII,vGeu,sSAxKrXjYk,rTX,rTX,i,i,vGeu
xpII,vGeu,sSAxKrXjYk,sSAxKrXjYk,rTX,rTX,i,i,vGeu,vGeu
xpII,vGeu,sSAxKrXjYk,sSAxKrXjYk,rTX,rTX,i,vGeu,vGeu
sSAxKrXjYk
vGeu,sSAxKrXjYk,i,xpII,sSAxKrXjYk,rTX,rTX,vGeu,vGeu
vGeu,sSAxKrXjYk,rTX,i,xpII,sSAxKrXjYk,rTX,vGeu,vGeu
sSAxKrXjYk
vGeu,sSAxKrXjYk,rTX,i,xpII,sSAxKrXjYk,rTX,vGeu,vGeu,rTX
sSAxKrXjYk
vGeu,sSAxKrXjYk,rTX,xpII,sSAxKrXjYk,rTX,vGeu,vGeu,rTX
sSAxKrXjYk,xpII,vGeu,sSAxKrXjYk,rTX,rTX,i
sSAxKrXjYk,xpII,vGeu,sSAxKrXjYk,rTX,rTX,i
sSAxKrXjYk
sSAxKrXjYk,xpII,vGeu,sSAxKrXjYk,rTX,rTX,i
sSAxKrXjYk
xpII
i,xpII,rTX,vGeu
xpII
xpII
xpII
xpII,vGeu,sSAxKrXjYk,i,rTX
rTX
i
i
i
xpII,vGeu,sSAxKrXjYk,rTX
xpII,vGeu,sSAxKrXjYk,rTX
rTX
i
xpII,vGeu,i,sSAxKrXjYk,rTX
vGeu,sSAxKrXjYk,rTX,i,xpII,rTX,xpII,xpII,sSAxKrXjYk
vGeu,sSAxKrXjYk,rTX,i,xpII,rTX,xpII,xpII,sSAxKrXjYk
vGeu,sSAxKrXjYk,rTX,i,xpII,rTX,xpII,xpII,rTX,xpII,i
vGeu,sSAxKrXjYk,rTX,i,xpII,rTX,xpII,xpII,rTX,xpII,i
vGeu
vGeu,rTX,i,xpII,rTX,xpII,xpII,rTX,xpII
vGeu,rTX,i,xpII,rTX,xpII,xpII,rTX,xpII,i
xpII
i
i
rTX,i,rTX,xpII,xpII,xpII,rTX,xpII,i,rTX,i,xpII,vGeu
rTX
rTX
xpII
xpII,xpII,xpII,rTX,xpII,i,rTX,i,xpII,vGeu
xpII
vGeu
xpII
xpII
xpII
xpII
vGeu,xpII,xpII,rTX,xpII,i,rTX,i,xpII,vGeu
rTX
rTX
rTX
vGeu,xpII,xpII,rTX,xpII,i,rTX,i,xpII,vGeu
vGeu,xpII,xpII,rTX,xpII,i,rTX,i,xpII,vGeu
vGeu,xpII,xpII,rTX,xpII,i,rTX,i,xpII,vGeu
vGeu,xpII,xpII,rTX,xpII,i,rTX,i,xpII,vGeu
vGeu,xpII,xpII,rTX,xpII,i,rTX,i,xpII,vGeu
xpII
xpII
xpII,xpII,rTX,xpII,rTX,i,xpII,vGeu
vGeu,xpII,xpII,rTX,xpII,i,rTX,i,xpII,vGeu
i
rTX
rTX
rTX
rTX
rTX
xpII,xpII,xpII,i,rTX,rTX,i,xpII,vGeu,i,vGeu
vGeu,xpII,xpII,xpII,i,rTX,rTX,i,xpII,vGeu
vGeu,xpII,xpII,xpII,i,rTX,rTX,i,xpII,vGeu
vGeu,xpII,xpII,xpII,rTX,rTX,i,xpII,vGeu
vGeu,xpII,xpII,xpII,rTX,rTX,i,xpII,vGeu
vGeu,xpII,xpII,xpII,i,rTX,rTX,i,xpII,vGeu
vGeu,xpII,xpII,xpII,i,rTX,rTX,i,xpII,vGeu
vGeu,xpII,xpII,xpII,rTX,rTX,i,i,xpII,vGeu
vGeu,xpII,xpII,xpII,rTX,rTX,i,i,xpII,vGeu
xpII,xpII,xpII,rTX,rTX,i,i,xpII,vGeu
xpII,xpII,xpII,rTX,rTX,i,i,xpII,vGeu
xpII,xpII,xpII,rTX,rTX,i,xpII,vGeu
xpII,xpII,xpII,rTX,rTX,i,xpII,vGeu
vGeu
vGeu
xpII,xpII,rTX,rTX,vGeu,xpII
xpII,xpII,rTX,rTX,vGeu,xpII,xpII
vGeu
vGeu
xpII
xpII
xpII
xpII,rTX,rTX,xpII,xpII,sSAxKrXjYk
xpII,rTX,rTX,xpII,xpII,sSAxKrXjYk
xpII,rTX,rTX,xpII,xpII,sSAxKrXjYk
xpII
xpII
xpII,rTX,rTX,xpII,xpII,sSAxKrXjYk,sSAxKrXjYk,xpII
xpII,rTX,rTX,xpII,xpII,sSAxKrXjYk,rTX
xpII
rTX,xpII,rTX,xpII,xpII,sSAxKrXjYk,sSAxKrXjYk
xpII,rTX,xpII,xpII,sSAxKrXjYk,sSAxKrXjYk,xpII,i
xpII
xpII,rTX,xpII,xpII,sSAxKrXjYk,sSAxKrXjYk,xpII,i
xpII,xpII,xpII,sSAxKrXjYk,sSAxKrXjYk,xpII,i
xpII
xpII,sSAxKrXjYk,xpII,xpII,sSAxKrXjYk,xpII,i,rTX,rTX
xpII,sSAxKrXjYk,xpII,xpII,sSAxKrXjYk,xpII,rTX,rTX,i,rTX
xpII,sSAxKrXjYk,rTX,xpII,xpII,sSAxKrXjYk,xpII,rTX,i,rTX,i
xpII,sSAxKrXjYk,rTX,xpII,xpII,sSAxKrXjYk,xpII,rTX,i,rTX,i
sSAxKrXjYk
Jedi Wagner, assuma o comando!