[vazia]
cO
cO
cO
Toque! Toque, Dijê!
cO
cO
cO
Toque! Toque, Dijê!
cO
cO
cO
cO
cO
cO
cO,HDU
cO,HDU,cO,cO
cO
HDU
cO
cO
fNA
cO,fNA,cO,zsfuSefi,ZCBPQbr
cO,fNA,cO,ZCBPQbr,zsfuSefi,XlPwtmLdJ
ZCBPQbr
cO,fNA,cO,ZCBPQbr,zsfuSefi,XlPwtmLdJ
ZCBPQbr
cO,fNA,cO,zsfuSefi,ZCBPQbr
ZCBPQbr
cO,fNA,cO,zsfuSefi,ZCBPQbr,fNA,cO,HDU
fNA
fNA
cO,zsfuSefi,fNA,HDU,cO
cO,zsfuSefi,fNA,HDU,cO,XlPwtmLdJ
cO,zsfuSefi,fNA,HDU,cO
fNA
fNA
fNA
fNA
cO,fNA,cO,ZCBPQbr,fNA,cO,HDU
fNA
cO,fNA,cO,zsfuSefi,ZCBPQbr,fNA,cO,HDU,cO,HDU
fNA
cO,cO,zsfuSefi,ZCBPQbr,cO,HDU,XlPwtmLdJ
cO
cO,cO,zsfuSefi,ZCBPQbr,cO,HDU,XlPwtmLdJ
cO,cO,zsfuSefi,ZCBPQbr,XlPwtmLdJ,cO,HDU,zsfuSefi,zsfuSefi,ZCBPQbr
cO,fNA,cO,zsfuSefi,ZCBPQbr,fNA,cO,HDU
HDU
cO,fNA,cO,zsfuSefi,ZCBPQbr,XABD,HDU,fNA,cO,fNA,zsfuSefi
XABD
cO,fNA,cO,zsfuSefi,ZCBPQbr,XABD,HDU,fNA,cO,fNA,zsfuSefi
cO,fNA,cO,zsfuSefi,HDU,fNA,cO,fNA,zsfuSefi,zsfuSefi
cO,fNA,cO,HDU,fNA,zsfuSefi,cO,fNA,zsfuSefi,zsfuSefi,fNA
fNA
zsfuSefi
cO,cO,fNA,zsfuSefi,cO,fNA,zsfuSefi,zsfuSefi,HDU,XlPwtmLdJ
cO,cO,fNA,zsfuSefi,cO,fNA,zsfuSefi,zsfuSefi,HDU,XlPwtmLdJ,ZCBPQbr
cO,fNA,zsfuSefi,cO,fNA,zsfuSefi,zsfuSefi,HDU,XlPwtmLdJ,ZCBPQbr,HDU,HDU
HDU
cO,fNA,zsfuSefi,cO,fNA,zsfuSefi,zsfuSefi,HDU,XlPwtmLdJ,ZCBPQbr,HDU,HDU
cO,fNA,zsfuSefi,cO,fNA,zsfuSefi,zsfuSefi,HDU,XlPwtmLdJ,ZCBPQbr,HDU,HDU
cO,fNA,zsfuSefi,cO,fNA,zsfuSefi,zsfuSefi,HDU,XlPwtmLdJ,ZCBPQbr,HDU,HDU,zsfuSefi
HDU
XlPwtmLdJ
cO,zsfuSefi,cO,fNA,zsfuSefi,zsfuSefi,HDU,XlPwtmLdJ,fNA,ZCBPQbr,HDU,HDU,HDU
XlPwtmLdJ
cO,zsfuSefi,cO,fNA,zsfuSefi,zsfuSefi,HDU,XlPwtmLdJ,fNA,ZCBPQbr,HDU,HDU,HDU,HDU
cO,fNA,cO,fNA,zsfuSefi,zsfuSefi,XlPwtmLdJ,HDU,zsfuSefi,HDU
cO,fNA,cO,fNA,zsfuSefi,zsfuSefi,XlPwtmLdJ,HDU,HDU,cO,zsfuSefi
HDU
cO,fNA,zsfuSefi,cO,fNA,zsfuSefi,zsfuSefi,XlPwtmLdJ,HDU,HDU
cO,fNA,zsfuSefi,cO,fNA,zsfuSefi,zsfuSefi,XlPwtmLdJ,HDU,HDU
HDU
cO,zsfuSefi,cO,fNA,zsfuSefi,zsfuSefi,HDU,fNA,HDU,cO
HDU
HDU
HDU
HDU
cO,fNA,cO,fNA,HDU,HDU,XABD,cO,ZCBPQbr
cO,fNA,cO,fNA,HDU,HDU,XABD,cO,ZCBPQbr
cO,fNA,cO,fNA,HDU,HDU,XABD,cO,ZCBPQbr
cO
cO
cO
cO,fNA,HDU,HDU,XABD,cO,fNA,ZCBPQbr,HDU
HDU,XABD,cO,fNA,cO,HDU,HDU
HDU,XABD,cO,fNA,cO,HDU,HDU
HDU,XABD,cO,fNA,cO,HDU,HDU
HDU,XABD,cO,fNA,cO,HDU,HDU
fNA
HDU,XABD,cO,fNA,cO,HDU,HDU
HDU,XABD,cO,fNA,cO,HDU,HDU
fNA
fNA
HDU,XABD,cO,fNA,cO,HDU,HDU
HDU,XABD,cO,fNA,cO,HDU,HDU
HDU,XABD,cO,fNA,cO,HDU,HDU
cO
HDU,XABD,cO,cO,fNA,HDU,HDU,fNA
cO
cO,fNA,cO,fNA,HDU,XABD,cO,ZCBPQbr
cO,fNA,cO,fNA,HDU,cO,ZCBPQbr
cO
cO,fNA,cO,fNA,HDU,cO,ZCBPQbr
cO,fNA,cO,fNA,HDU,cO,ZCBPQbr
cO
cO,fNA,cO,fNA,HDU,cO,ZCBPQbr
cO
cO,fNA,cO,fNA,HDU,cO,ZCBPQbr,ZCBPQbr
fNA
fNA
fNA
fNA
fNA
cO,fNA,cO,fNA,HDU,cO,ZCBPQbr,ZCBPQbr,fNA
fNA
cO,fNA,cO,fNA,HDU,cO,ZCBPQbr,ZCBPQbr,fNA
ZCBPQbr
ZCBPQbr
ZCBPQbr
fNA,ZCBPQbr,cO,cO,fNA,HDU,cO,ZCBPQbr,fNA,XlPwtmLdJ
ZCBPQbr
fNA
cO
cO,fNA,cO,fNA,HDU,cO,ZCBPQbr,ZCBPQbr
cO,fNA,cO,fNA,HDU,cO,ZCBPQbr,ZCBPQbr
HDU
HDU
cO,fNA,cO,fNA,HDU,cO,ZCBPQbr,ZCBPQbr
fNA
cO,fNA,cO,fNA,HDU,cO,ZCBPQbr,ZCBPQbr
cO,cO,fNA,HDU,cO,ZCBPQbr,ZCBPQbr
cO,cO,fNA,HDU,cO,ZCBPQbr,ZCBPQbr
cO,cO,fNA,HDU,cO,ZCBPQbr,ZCBPQbr
cO,fNA,cO,fNA,HDU,cO,ZCBPQbr,XlPwtmLdJ,fNA
cO,fNA,cO,fNA,HDU,cO,ZCBPQbr,XlPwtmLdJ,fNA
fNA
cO,fNA,cO,fNA,HDU,cO,ZCBPQbr,XlPwtmLdJ,fNA
HDU
HDU
cO,fNA,cO,HDU,fNA,cO,ZCBPQbr,XlPwtmLdJ,fNA,fNA
cO,fNA,cO,HDU,fNA,cO,ZCBPQbr,XlPwtmLdJ,fNA,fNA,XlPwtmLdJ
fNA
XlPwtmLdJ
XlPwtmLdJ
cO,cO,HDU,fNA,cO,ZCBPQbr,XlPwtmLdJ,fNA,fNA,fNA,XlPwtmLdJ,ZCBPQbr
XlPwtmLdJ
fNA
XlPwtmLdJ
cO,cO,cO,ZCBPQbr,XlPwtmLdJ,fNA,fNA,fNA,XlPwtmLdJ,ZCBPQbr,fNA
ZCBPQbr
cO,cO,cO,ZCBPQbr,XlPwtmLdJ,fNA,fNA,fNA,XlPwtmLdJ,ZCBPQbr,XlPwtmLdJ
fNA
cO,cO,cO,XlPwtmLdJ,fNA,ZCBPQbr,fNA,fNA,XlPwtmLdJ,ZCBPQbr,XlPwtmLdJ
cO,cO,HDU,cO,ZCBPQbr,XlPwtmLdJ,fNA,fNA,fNA,XlPwtmLdJ,ZCBPQbr
cO,cO,HDU,cO,ZCBPQbr,XlPwtmLdJ,fNA,fNA,fNA,XlPwtmLdJ,ZCBPQbr
fNA
fNA
cO,HDU,cO,fNA,XlPwtmLdJ,cO,fNA,XlPwtmLdJ,ZCBPQbr,fNA,cO,cO,zsfuSefi
XlPwtmLdJ
XlPwtmLdJ
cO,HDU,cO,fNA,XlPwtmLdJ,cO,fNA,XlPwtmLdJ,ZCBPQbr,fNA,cO,cO,XABD
cO
Jedi Wagner, assuma o comando!