[vazia]
[vazia]
rLtQfLMIo
rLtQfLMIo
[vazia]
Toque! Toque, Dijê!
QolDQC
rLtQfLMIo
Toque! Toque, Dijê!
[vazia]
rLtQfLMIo
rLtQfLMIo
rLtQfLMIo,rLtQfLMIo
rLtQfLMIo
rLtQfLMIo
rLtQfLMIo,rLtQfLMIo
rLtQfLMIo,rLtQfLMIo
QolDQC
QolDQC
rLtQfLMIo,rLtQfLMIo,QolDQC,rLtQfLMIo
rLtQfLMIo
QolDQC
QolDQC
QolDQC
rLtQfLMIo,rLtQfLMIo,QolDQC,QolDQC,QolDQC
rLtQfLMIo,QolDQC,QolDQC,QolDQC,rLtQfLMIo,QolDQC
rLtQfLMIo,QolDQC,QolDQC,QolDQC,rLtQfLMIo,QolDQC
rLtQfLMIo
rLtQfLMIo
QolDQC,QolDQC,rLtQfLMIo,rLtQfLMIo,QolDQC,QolDQC,QolDQC
rLtQfLMIo
QolDQC
rLtQfLMIo
rLtQfLMIo
QolDQC,rLtQfLMIo,QolDQC
QolDQC
QolDQC
rLtQfLMIo,QolDQC,rLtQfLMIo
QolDQC
QolDQC
rLtQfLMIo,rLtQfLMIo,rLtQfLMIo
rLtQfLMIo,rLtQfLMIo,rLtQfLMIo
QolDQC
rLtQfLMIo
QolDQC
rLtQfLMIo,rLtQfLMIo
QolDQC,rLtQfLMIo,rLtQfLMIo
rLtQfLMIo
rLtQfLMIo
rLtQfLMIo
rLtQfLMIo
rLtQfLMIo
rLtQfLMIo
rLtQfLMIo
rLtQfLMIo,rLtQfLMIo,rLtQfLMIo
rLtQfLMIo,rLtQfLMIo
rLtQfLMIo,rLtQfLMIo
rLtQfLMIo,rLtQfLMIo
rLtQfLMIo
rLtQfLMIo,rLtQfLMIo,rLtQfLMIo
rLtQfLMIo,rLtQfLMIo,rLtQfLMIo
rLtQfLMIo
rLtQfLMIo,rLtQfLMIo
rLtQfLMIo,rLtQfLMIo
rLtQfLMIo
rLtQfLMIo
rLtQfLMIo
rLtQfLMIo
rLtQfLMIo
rLtQfLMIo,rLtQfLMIo,rLtQfLMIo,rLtQfLMIo
rLtQfLMIo,rLtQfLMIo,rLtQfLMIo,rLtQfLMIo
rLtQfLMIo,rLtQfLMIo,rLtQfLMIo
rLtQfLMIo
rLtQfLMIo,rLtQfLMIo,rLtQfLMIo,rLtQfLMIo
rLtQfLMIo
rLtQfLMIo,rLtQfLMIo,rLtQfLMIo,rLtQfLMIo
rLtQfLMIo
rLtQfLMIo,rLtQfLMIo,rLtQfLMIo,QolDQC
rLtQfLMIo
rLtQfLMIo
rLtQfLMIo,rLtQfLMIo,rLtQfLMIo,rLtQfLMIo,rLtQfLMIo,rLtQfLMIo
rLtQfLMIo,rLtQfLMIo,rLtQfLMIo,rLtQfLMIo,rLtQfLMIo,rLtQfLMIo
rLtQfLMIo,rLtQfLMIo,rLtQfLMIo,rLtQfLMIo,rLtQfLMIo
rLtQfLMIo,rLtQfLMIo,rLtQfLMIo,rLtQfLMIo,rLtQfLMIo
rLtQfLMIo,rLtQfLMIo,rLtQfLMIo,rLtQfLMIo,rLtQfLMIo
rLtQfLMIo,rLtQfLMIo,rLtQfLMIo,rLtQfLMIo,rLtQfLMIo
rLtQfLMIo,rLtQfLMIo,rLtQfLMIo,rLtQfLMIo,rLtQfLMIo
rLtQfLMIo
rLtQfLMIo,rLtQfLMIo,rLtQfLMIo,rLtQfLMIo,QolDQC
rLtQfLMIo,rLtQfLMIo,rLtQfLMIo
rLtQfLMIo,rLtQfLMIo,rLtQfLMIo
rLtQfLMIo
rLtQfLMIo
rLtQfLMIo
rLtQfLMIo
rLtQfLMIo
rLtQfLMIo
rLtQfLMIo
rLtQfLMIo
rLtQfLMIo,rLtQfLMIo,rLtQfLMIo,rLtQfLMIo,rLtQfLMIo,QolDQC
rLtQfLMIo,rLtQfLMIo,rLtQfLMIo,rLtQfLMIo,rLtQfLMIo,QolDQC
rLtQfLMIo
rLtQfLMIo,rLtQfLMIo,rLtQfLMIo,rLtQfLMIo
rLtQfLMIo,rLtQfLMIo,rLtQfLMIo,rLtQfLMIo
rLtQfLMIo,rLtQfLMIo,rLtQfLMIo,rLtQfLMIo
rLtQfLMIo
rLtQfLMIo
rLtQfLMIo,QolDQC,rLtQfLMIo,rLtQfLMIo,rLtQfLMIo,rLtQfLMIo,rLtQfLMIo,rLtQfLMIo
rLtQfLMIo,rLtQfLMIo,rLtQfLMIo,rLtQfLMIo,rLtQfLMIo,rLtQfLMIo,rLtQfLMIo
rLtQfLMIo,rLtQfLMIo,rLtQfLMIo,rLtQfLMIo,rLtQfLMIo,rLtQfLMIo,rLtQfLMIo
rLtQfLMIo
rLtQfLMIo
rLtQfLMIo,rLtQfLMIo,rLtQfLMIo,rLtQfLMIo,rLtQfLMIo,rLtQfLMIo,QolDQC,rLtQfLMIo
rLtQfLMIo,rLtQfLMIo,rLtQfLMIo,rLtQfLMIo,rLtQfLMIo,rLtQfLMIo,QolDQC,rLtQfLMIo
rLtQfLMIo
rLtQfLMIo
rLtQfLMIo,rLtQfLMIo,rLtQfLMIo,rLtQfLMIo,rLtQfLMIo,rLtQfLMIo
rLtQfLMIo
rLtQfLMIo,rLtQfLMIo,rLtQfLMIo,rLtQfLMIo,rLtQfLMIo,rLtQfLMIo,rLtQfLMIo
rLtQfLMIo
rLtQfLMIo,rLtQfLMIo,rLtQfLMIo,rLtQfLMIo,rLtQfLMIo,rLtQfLMIo,QolDQC
QolDQC
rLtQfLMIo
rLtQfLMIo,rLtQfLMIo,rLtQfLMIo,rLtQfLMIo,rLtQfLMIo,rLtQfLMIo,QolDQC
rLtQfLMIo,rLtQfLMIo,rLtQfLMIo,rLtQfLMIo,rLtQfLMIo,rLtQfLMIo,rLtQfLMIo
rLtQfLMIo,rLtQfLMIo,rLtQfLMIo,rLtQfLMIo,rLtQfLMIo,rLtQfLMIo,rLtQfLMIo
rLtQfLMIo
rLtQfLMIo
rLtQfLMIo
rLtQfLMIo,rLtQfLMIo,rLtQfLMIo,rLtQfLMIo,rLtQfLMIo,QolDQC,rLtQfLMIo
rLtQfLMIo,rLtQfLMIo,rLtQfLMIo,rLtQfLMIo,rLtQfLMIo,QolDQC,rLtQfLMIo
rLtQfLMIo
rLtQfLMIo,rLtQfLMIo,rLtQfLMIo,rLtQfLMIo,rLtQfLMIo,rLtQfLMIo,QolDQC,QolDQC,QolDQC
QolDQC
QolDQC,rLtQfLMIo,rLtQfLMIo,rLtQfLMIo,rLtQfLMIo,rLtQfLMIo,QolDQC,QolDQC,QolDQC,QolDQC
QolDQC
rLtQfLMIo,QolDQC,rLtQfLMIo,rLtQfLMIo,rLtQfLMIo,rLtQfLMIo,rLtQfLMIo
rLtQfLMIo,QolDQC,rLtQfLMIo,rLtQfLMIo,rLtQfLMIo,rLtQfLMIo,rLtQfLMIo
rLtQfLMIo,QolDQC,rLtQfLMIo,rLtQfLMIo,rLtQfLMIo,rLtQfLMIo,rLtQfLMIo
rLtQfLMIo,QolDQC,rLtQfLMIo,rLtQfLMIo,rLtQfLMIo,rLtQfLMIo,rLtQfLMIo
rLtQfLMIo
rLtQfLMIo,rLtQfLMIo,rLtQfLMIo,rLtQfLMIo,rLtQfLMIo,rLtQfLMIo,QolDQC,rLtQfLMIo
rLtQfLMIo
rLtQfLMIo
QolDQC
rLtQfLMIo,rLtQfLMIo,rLtQfLMIo,QolDQC,rLtQfLMIo,rLtQfLMIo,rLtQfLMIo
rLtQfLMIo,rLtQfLMIo,rLtQfLMIo,rLtQfLMIo,rLtQfLMIo,rLtQfLMIo
rLtQfLMIo,rLtQfLMIo,rLtQfLMIo,QolDQC,rLtQfLMIo,rLtQfLMIo,rLtQfLMIo
rLtQfLMIo,rLtQfLMIo,rLtQfLMIo,rLtQfLMIo,rLtQfLMIo,rLtQfLMIo,rLtQfLMIo
rLtQfLMIo,rLtQfLMIo,rLtQfLMIo,QolDQC,rLtQfLMIo,rLtQfLMIo,rLtQfLMIo
rLtQfLMIo,rLtQfLMIo,QolDQC,rLtQfLMIo,rLtQfLMIo,rLtQfLMIo
QolDQC
rLtQfLMIo,rLtQfLMIo,QolDQC,rLtQfLMIo,rLtQfLMIo,rLtQfLMIo,rLtQfLMIo
QolDQC
QolDQC
QolDQC
rLtQfLMIo,rLtQfLMIo,rLtQfLMIo,QolDQC,rLtQfLMIo,rLtQfLMIo,rLtQfLMIo,rLtQfLMIo,rLtQfLMIo,QolDQC
rLtQfLMIo,rLtQfLMIo,rLtQfLMIo,QolDQC,rLtQfLMIo,rLtQfLMIo,rLtQfLMIo,rLtQfLMIo,rLtQfLMIo,QolDQC
rLtQfLMIo,rLtQfLMIo,rLtQfLMIo,QolDQC,rLtQfLMIo,rLtQfLMIo,rLtQfLMIo,rLtQfLMIo,rLtQfLMIo,QolDQC,QolDQC
rLtQfLMIo,rLtQfLMIo,rLtQfLMIo,QolDQC,rLtQfLMIo,rLtQfLMIo,rLtQfLMIo,rLtQfLMIo,rLtQfLMIo,QolDQC,QolDQC
rLtQfLMIo,rLtQfLMIo,rLtQfLMIo,QolDQC,rLtQfLMIo,rLtQfLMIo,rLtQfLMIo,rLtQfLMIo,rLtQfLMIo,QolDQC,QolDQC
rLtQfLMIo
rLtQfLMIo
rLtQfLMIo
rLtQfLMIo
QolDQC,rLtQfLMIo,rLtQfLMIo,rLtQfLMIo,rLtQfLMIo,rLtQfLMIo,rLtQfLMIo,rLtQfLMIo,QolDQC,QolDQC,rLtQfLMIo
rLtQfLMIo
rLtQfLMIo
rLtQfLMIo,rLtQfLMIo,QolDQC,rLtQfLMIo,rLtQfLMIo,QolDQC,QolDQC,rLtQfLMIo
rLtQfLMIo
rLtQfLMIo,rLtQfLMIo,QolDQC,rLtQfLMIo,QolDQC,QolDQC,rLtQfLMIo
rLtQfLMIo,rLtQfLMIo,QolDQC,rLtQfLMIo,QolDQC,QolDQC,rLtQfLMIo
rLtQfLMIo,QolDQC,rLtQfLMIo,rLtQfLMIo,QolDQC,QolDQC,rLtQfLMIo
rLtQfLMIo,rLtQfLMIo,rLtQfLMIo,QolDQC,QolDQC,rLtQfLMIo,rLtQfLMIo,rLtQfLMIo,QolDQC
QolDQC
QolDQC
QolDQC
QolDQC
QolDQC
rLtQfLMIo,rLtQfLMIo,rLtQfLMIo,QolDQC,QolDQC,rLtQfLMIo,rLtQfLMIo,rLtQfLMIo,QolDQC,rLtQfLMIo,QolDQC,rLtQfLMIo
rLtQfLMIo,rLtQfLMIo,rLtQfLMIo,QolDQC,QolDQC,rLtQfLMIo,rLtQfLMIo,rLtQfLMIo,QolDQC,rLtQfLMIo,QolDQC,rLtQfLMIo
rLtQfLMIo,rLtQfLMIo,rLtQfLMIo,QolDQC,QolDQC,rLtQfLMIo,rLtQfLMIo,rLtQfLMIo,QolDQC,rLtQfLMIo,QolDQC,rLtQfLMIo
rLtQfLMIo,rLtQfLMIo,rLtQfLMIo,QolDQC,QolDQC,rLtQfLMIo,rLtQfLMIo,rLtQfLMIo,QolDQC,rLtQfLMIo,QolDQC,rLtQfLMIo
rLtQfLMIo,rLtQfLMIo,QolDQC,rLtQfLMIo,QolDQC,rLtQfLMIo,rLtQfLMIo,QolDQC,rLtQfLMIo,QolDQC,rLtQfLMIo,rLtQfLMIo
rLtQfLMIo
rLtQfLMIo
rLtQfLMIo,rLtQfLMIo,rLtQfLMIo,rLtQfLMIo,rLtQfLMIo,QolDQC,QolDQC,rLtQfLMIo,QolDQC,rLtQfLMIo,rLtQfLMIo,rLtQfLMIo
rLtQfLMIo,rLtQfLMIo,rLtQfLMIo,rLtQfLMIo,QolDQC,rLtQfLMIo,QolDQC,rLtQfLMIo,QolDQC,rLtQfLMIo,rLtQfLMIo,rLtQfLMIo
QolDQC
QolDQC
QolDQC
rLtQfLMIo,QolDQC,rLtQfLMIo,QolDQC,rLtQfLMIo,QolDQC,rLtQfLMIo,rLtQfLMIo,rLtQfLMIo,QolDQC,QolDQC
QolDQC
Jedi Wagner, assuma o comando!