[vazia]
rUhwD
rUhwD
rUhwD
rUhwD
[vazia]
rUhwD
rUhwD
rUhwD,rUhwD
[vazia]
rUhwD
rUhwD
rUhwD
rUhwD,rUhwD,rUhwD,rUhwD
rUhwD
rUhwD,rUhwD,rUhwD,rUhwD,rUhwD,rUhwD
rUhwD
rUhwD
rUhwD
rUhwD
rUhwD,rUhwD,rUhwD,rUhwD,rUhwD
rUhwD
rUhwD
rUhwD
rUhwD
rUhwD
rUhwD
rUhwD,rUhwD,rUhwD,rUhwD
rUhwD,rUhwD,rUhwD,rUhwD
rUhwD,rUhwD,rUhwD,rUhwD
rUhwD,rUhwD,rUhwD,rUhwD
rUhwD
rUhwD
rUhwD,rUhwD,rUhwD
rUhwD,rUhwD,rUhwD
rUhwD
rUhwD
rUhwD,rUhwD,rUhwD,rUhwD
rUhwD,rUhwD,rUhwD
rUhwD,rUhwD
rUhwD
rUhwD,rUhwD,rUhwD,rUhwD,rUhwD
rUhwD,rUhwD,rUhwD,rUhwD,rUhwD
rUhwD
rUhwD,rUhwD,rUhwD,rUhwD
rUhwD
rUhwD,rUhwD,rUhwD,rUhwD,rUhwD,rUhwD
rUhwD,rUhwD,rUhwD
rUhwD
rUhwD,rUhwD,rUhwD,rUhwD
rUhwD
rUhwD
rUhwD
rUhwD
rUhwD,rUhwD,rUhwD,rUhwD,rUhwD,rUhwD,rUhwD
rUhwD,rUhwD,rUhwD,rUhwD,rUhwD,rUhwD,rUhwD
rUhwD,rUhwD,rUhwD,rUhwD,rUhwD,rUhwD
rUhwD,rUhwD,rUhwD,rUhwD,rUhwD,rUhwD
rUhwD
rUhwD
rUhwD
rUhwD
rUhwD
rUhwD
rUhwD
rUhwD
rUhwD
rUhwD
rUhwD,rUhwD,rUhwD,rUhwD,rUhwD,rUhwD
rUhwD,rUhwD,rUhwD,rUhwD,rUhwD,rUhwD
rUhwD,rUhwD,rUhwD,rUhwD,rUhwD,rUhwD
rUhwD,rUhwD,rUhwD,rUhwD
rUhwD
rUhwD,rUhwD,rUhwD,rUhwD,rUhwD
rUhwD
rUhwD,rUhwD,rUhwD,rUhwD,rUhwD
rUhwD
rUhwD,rUhwD,rUhwD
rUhwD
rUhwD
rUhwD,rUhwD,rUhwD,rUhwD,rUhwD
rUhwD,rUhwD,rUhwD,rUhwD
rUhwD,rUhwD,rUhwD,rUhwD
rUhwD
rUhwD
rUhwD
rUhwD
rUhwD
rUhwD
rUhwD
rUhwD
rUhwD
rUhwD
Jedi Wagner, assuma o comando!