[vazia]
Toque! Toque, Dijê!
[vazia]
[vazia]
[vazia]
[vazia]
Toque! Toque, Dijê!
Toque! Toque, Dijê!
Uz
Uz,z
Uz
Uz
Uz
Uz
Uz,Uz
Uz,Uz
Uz,Uz
Uz,Uz
Uz
Uz
Uz,Uz
Uz
Uz,Uz
Uz,Uz,z
Uz
Uz
Uz,Uz
Uz,Uz
Uz
Uz,Uz
Uz
Uz,Uz
Uz,Uz,Uz
Uz
Uz
Uz,Uz
Uz,Uz
Uz
Uz,Uz,z
Uz,Uz,z
Uz
z,Uz,Uz,Uz
Uz,Uz,Uz,dcKtno,z,Uz
Uz,Uz,Uz,dcKtno,z,Uz
Uz,Uz,Uz,z,Uz
Uz,Uz,Uz,z,Uz,z
Uz,Uz,Uz,z,Uz,z
Uz
Uz,Uz
Uz,Uz
Uz
Uz
Uz
Uz
Uz,Uz,z
Uz
Uz
z
Uz
Uz
Uz,Uz,z
Uz,Uz
Uz
z
z
z,dcKtno,Uz
z
Uz,z
Uz
Uz
Uz
Uz
Uz
z
Uz
Uz
dcKtno
dcKtno
dcKtno,Uz,Uz
dcKtno,Uz,Uz
dcKtno
Uz,Uz
Uz,Uz
Uz
Uz,Uz
Uz,Uz
Uz
Uz,Uz,Uz,z
Uz,Uz,Uz,z
Uz,Uz,Uz,z
Uz,Uz,Uz,z,z,Uz
Uz,Uz,Uz,z,z,Uz,dcKtno
Uz,Uz,Uz,z
Uz
Uz,Uz,z
Uz,Uz,Uz,z,dcKtno,z
Uz
Uz,Uz,Uz
Uz,Uz,Uz
Uz,Uz,Uz,Uz
Uz
Uz,Uz,Uz,Uz
Uz,Uz,Uz,Uz
Uz,Uz,Uz,Uz
Uz,Uz,Uz,Uz
Uz
Uz,Uz,Uz,Uz,dcKtno,z
Uz,Uz,Uz,Uz,dcKtno,Uz
Uz
dcKtno
dcKtno
dcKtno
Uz,Uz,dcKtno,Uz,Uz,dcKtno,Uz,z
Uz,Uz,Uz,dcKtno,Uz
Uz,Uz,Uz,dcKtno,Uz
Uz,Uz,Uz,Uz,z,dcKtno
Uz
Uz,Uz,Uz,Uz,dcKtno,z
Uz
Uz,Uz,Uz,Uz,dcKtno,z
Uz
Uz,Uz,Uz,dcKtno,z,z
Uz
z
Uz
dcKtno
Uz,Uz,Uz,dcKtno,Uz
dcKtno
dcKtno
dcKtno
dcKtno
Uz,Uz,dcKtno,z,Uz,Uz,Uz
dcKtno
Uz,Uz,dcKtno,z,Uz,Uz
dcKtno
dcKtno,z,Uz,Uz
Uz
Uz,dcKtno,Uz,Uz
Uz,dcKtno,Uz,Uz
Uz,Uz,z,dcKtno,Uz
Uz
Jedi Wagner, assuma o comando!