Toque! Toque, Dijê!
Toque! Toque, Dijê!
ZrlBbhnbtp
[vazia]
[vazia]
Toque! Toque, Dijê!
a,ZrlBbhnbtp
a,ZrlBbhnbtp
fxj
ZrlBbhnbtp,ZrlBbhnbtp,fxj,TjaqeZl,a
ZrlBbhnbtp,ZrlBbhnbtp,fxj,TjaqeZl,a,fxj,TjaqeZl,a
a
ZrlBbhnbtp,fxj,TjaqeZl,a,fxj,TjaqeZl,a,FE
TjaqeZl
ZrlBbhnbtp,fxj,TjaqeZl,a,fxj,TjaqeZl,a,FE,FE
ZrlBbhnbtp,fxj,TjaqeZl,a,fxj,TjaqeZl,a,FE,FE
ZrlBbhnbtp
ZrlBbhnbtp
ZrlBbhnbtp
TjaqeZl,a,fxj,TjaqeZl,a,FE,FE,ZrlBbhnbtp,ZrlBbhnbtp,TjaqeZl
TjaqeZl
ZrlBbhnbtp,fxj,TjaqeZl,a,fxj,TjaqeZl,a,FE,FE,ZrlBbhnbtp,TjaqeZl,fxj
TjaqeZl
TjaqeZl
fxj,TjaqeZl,a,fxj,TjaqeZl,a,FE,ZrlBbhnbtp,TjaqeZl,FE,fxj,fxj,TjaqeZl,ZrlBbhnbtp
ZrlBbhnbtp
ZrlBbhnbtp
fxj,TjaqeZl,a,fxj,TjaqeZl,a,FE,TjaqeZl,FE,fxj,fxj,TjaqeZl,ZrlBbhnbtp,ZrlBbhnbtp
fxj,TjaqeZl,fxj,TjaqeZl,a,FE,TjaqeZl,FE,fxj,fxj,TjaqeZl,ZrlBbhnbtp,ZrlBbhnbtp
fxj,fxj,TjaqeZl,a,FE,TjaqeZl,FE,fxj,fxj,TjaqeZl,ZrlBbhnbtp,ZrlBbhnbtp,TjaqeZl,a
fxj,TjaqeZl,a,fxj,TjaqeZl,a,FE,ZrlBbhnbtp,TjaqeZl,FE,fxj,fxj,TjaqeZl,ZrlBbhnbtp,oK
fxj,TjaqeZl,a,fxj,TjaqeZl,a,FE,ZrlBbhnbtp,TjaqeZl,FE,fxj,fxj,TjaqeZl,ZrlBbhnbtp
fxj,TjaqeZl,FE,ZrlBbhnbtp,TjaqeZl,FE,fxj,fxj,TjaqeZl,ZrlBbhnbtp,a
fxj,fxj,TjaqeZl,FE,ZrlBbhnbtp,TjaqeZl,FE,fxj,fxj,TjaqeZl,ZrlBbhnbtp,a
ZrlBbhnbtp
ZrlBbhnbtp
fxj,TjaqeZl,a,TjaqeZl,fxj,fxj,TjaqeZl,ZrlBbhnbtp,ZrlBbhnbtp,FE,fxj,ZrlBbhnbtp
fxj,TjaqeZl,a,TjaqeZl,fxj,fxj,TjaqeZl,ZrlBbhnbtp,ZrlBbhnbtp,FE,fxj,ZrlBbhnbtp
FE
FE
fxj,TjaqeZl,a,TjaqeZl,fxj,fxj,TjaqeZl,ZrlBbhnbtp,FE,fxj,ZrlBbhnbtp
fxj,TjaqeZl,a,TjaqeZl,fxj,fxj,TjaqeZl,ZrlBbhnbtp,FE,fxj,ZrlBbhnbtp
fxj,TjaqeZl,TjaqeZl,fxj,fxj,TjaqeZl,ZrlBbhnbtp,FE,fxj,ZrlBbhnbtp,TjaqeZl,oK
TjaqeZl
fxj,TjaqeZl,TjaqeZl,fxj,fxj,TjaqeZl,ZrlBbhnbtp,FE,fxj,ZrlBbhnbtp,TjaqeZl,oK
fxj,TjaqeZl,TjaqeZl,fxj,fxj,TjaqeZl,ZrlBbhnbtp,FE,fxj,ZrlBbhnbtp,TjaqeZl,oK
fxj,TjaqeZl,TjaqeZl,fxj,fxj,TjaqeZl,ZrlBbhnbtp,FE,fxj,ZrlBbhnbtp,TjaqeZl,oK
fxj,TjaqeZl,TjaqeZl,fxj,fxj,TjaqeZl,ZrlBbhnbtp,FE,fxj,ZrlBbhnbtp,TjaqeZl,oK
fxj,TjaqeZl,TjaqeZl,fxj,fxj,TjaqeZl,ZrlBbhnbtp,FE,fxj,ZrlBbhnbtp,TjaqeZl,oK,oK
TjaqeZl
fxj
TjaqeZl
fxj,TjaqeZl,fxj,fxj,TjaqeZl,ZrlBbhnbtp,FE,fxj,ZrlBbhnbtp,TjaqeZl,oK,fxj
TjaqeZl
TjaqeZl,fxj,fxj,TjaqeZl,ZrlBbhnbtp,FE,fxj,ZrlBbhnbtp,TjaqeZl,oK,fxj
TjaqeZl
TjaqeZl,fxj,fxj,TjaqeZl,ZrlBbhnbtp,FE,fxj,ZrlBbhnbtp,TjaqeZl,oK,fxj
TjaqeZl,fxj,TjaqeZl,ZrlBbhnbtp,FE,fxj,ZrlBbhnbtp,TjaqeZl,oK,fxj
TjaqeZl
TjaqeZl
fxj,TjaqeZl,TjaqeZl,fxj,fxj,TjaqeZl,ZrlBbhnbtp,FE,fxj,ZrlBbhnbtp,TjaqeZl,oK,FE,FE,TjaqeZl
TjaqeZl
fxj,TjaqeZl,TjaqeZl,fxj,fxj,TjaqeZl,ZrlBbhnbtp,FE,fxj,ZrlBbhnbtp,TjaqeZl,oK,FE,FE
TjaqeZl
fxj,TjaqeZl,TjaqeZl,fxj,fxj,TjaqeZl,ZrlBbhnbtp,FE,fxj,ZrlBbhnbtp,TjaqeZl,oK,FE,FE,oK,a
fxj,TjaqeZl,TjaqeZl,fxj,fxj,TjaqeZl,ZrlBbhnbtp,FE,fxj,ZrlBbhnbtp,TjaqeZl,oK,FE,FE,oK,a,a
oK
oK
fxj,TjaqeZl,fxj,fxj,TjaqeZl,ZrlBbhnbtp,fxj,ZrlBbhnbtp,TjaqeZl,oK,FE,FE,FE
FE
fxj,TjaqeZl,TjaqeZl,fxj,fxj,TjaqeZl,ZrlBbhnbtp,FE,fxj,ZrlBbhnbtp,TjaqeZl,oK,FE,FE
fxj,TjaqeZl,TjaqeZl,fxj,fxj,TjaqeZl,ZrlBbhnbtp,FE,fxj,ZrlBbhnbtp,TjaqeZl,oK,FE,FE
fxj,TjaqeZl,TjaqeZl,fxj,fxj,TjaqeZl,ZrlBbhnbtp,FE,fxj,ZrlBbhnbtp,TjaqeZl,oK,FE,FE
oK
oK
oK
fxj,TjaqeZl,TjaqeZl,fxj,fxj,TjaqeZl,FE,fxj,ZrlBbhnbtp,TjaqeZl,oK,FE,FE
fxj
fxj,TjaqeZl,TjaqeZl,fxj,fxj,TjaqeZl,FE,fxj,ZrlBbhnbtp,TjaqeZl,FE,FE,oK,FE
fxj
fxj
fxj,TjaqeZl,TjaqeZl,fxj,fxj,TjaqeZl,FE,fxj,ZrlBbhnbtp,TjaqeZl,oK,FE,FE,FE
TjaqeZl
TjaqeZl
fxj,TjaqeZl,TjaqeZl,fxj,fxj,TjaqeZl,FE,fxj,ZrlBbhnbtp,TjaqeZl,oK,FE,FE,FE,FE
fxj,TjaqeZl,fxj,fxj,TjaqeZl,TjaqeZl,FE,fxj,ZrlBbhnbtp,TjaqeZl,oK,FE,FE,FE,FE,TjaqeZl,a
fxj,TjaqeZl,fxj,fxj,TjaqeZl,TjaqeZl,FE,fxj,ZrlBbhnbtp,TjaqeZl,oK,FE,FE,FE,FE,TjaqeZl,a
fxj
fxj,fxj,fxj,TjaqeZl,TjaqeZl,FE,fxj,ZrlBbhnbtp,TjaqeZl,oK,FE,FE,FE,FE,TjaqeZl,a
fxj,fxj,fxj,TjaqeZl,TjaqeZl,FE,fxj,ZrlBbhnbtp,TjaqeZl,oK,FE,FE,FE,FE,TjaqeZl,a,FE
fxj,fxj,FE,ZrlBbhnbtp,fxj,TjaqeZl,TjaqeZl,fxj,TjaqeZl,oK,FE,FE,FE,FE,TjaqeZl,a,FE,ZrlBbhnbtp
ZrlBbhnbtp
fxj
fxj
oK,fxj,TjaqeZl,ZrlBbhnbtp,fxj,TjaqeZl,FE,fxj,TjaqeZl,FE,FE,FE,FE,TjaqeZl,a,FE,ZrlBbhnbtp
fxj
fxj,oK,TjaqeZl,ZrlBbhnbtp,fxj,TjaqeZl,FE,fxj,TjaqeZl,FE,FE,FE,FE,TjaqeZl,a,FE,ZrlBbhnbtp,oK
TjaqeZl,TjaqeZl,fxj,fxj,TjaqeZl,fxj,FE,fxj,ZrlBbhnbtp,TjaqeZl,oK,FE,FE,FE,FE
TjaqeZl
TjaqeZl,TjaqeZl,fxj,fxj,TjaqeZl,fxj,FE,fxj,ZrlBbhnbtp,TjaqeZl,oK,FE,FE,FE,FE
TjaqeZl
TjaqeZl
TjaqeZl
TjaqeZl,TjaqeZl,fxj,fxj,TjaqeZl,fxj,FE,fxj,TjaqeZl,FE,FE,FE,FE,FE,FE,TjaqeZl
FE
TjaqeZl,TjaqeZl,fxj,TjaqeZl,fxj,FE,fxj,TjaqeZl,FE,FE,FE,FE,FE,FE,TjaqeZl,fxj
fxj
TjaqeZl,fxj,TjaqeZl,fxj,fxj,TjaqeZl,TjaqeZl,FE,FE,FE,FE,FE,FE,TjaqeZl,fxj
fxj
TjaqeZl,fxj,TjaqeZl,fxj,fxj,TjaqeZl,TjaqeZl,FE,FE,FE,FE,FE,FE,TjaqeZl,fxj,fxj,TjaqeZl
TjaqeZl,fxj,TjaqeZl,fxj,fxj,TjaqeZl,TjaqeZl,FE,FE,FE,FE,FE,FE,TjaqeZl,fxj,fxj,TjaqeZl,oK
TjaqeZl
fxj,TjaqeZl,fxj,fxj,TjaqeZl,TjaqeZl,FE,FE,FE,FE,FE,FE,TjaqeZl,fxj,fxj,TjaqeZl,oK
TjaqeZl
fxj,TjaqeZl,fxj,fxj,TjaqeZl,TjaqeZl,FE,FE,FE,FE,FE,FE,TjaqeZl,fxj,fxj,TjaqeZl,FE
fxj,TjaqeZl,fxj,fxj,TjaqeZl,TjaqeZl,FE,FE,FE,FE,FE,FE,TjaqeZl,fxj,fxj,TjaqeZl,FE
TjaqeZl
TjaqeZl,TjaqeZl,fxj,fxj,TjaqeZl,TjaqeZl,FE,FE,FE,FE,FE,FE,TjaqeZl,fxj,fxj,TjaqeZl,ZrlBbhnbtp
FE
TjaqeZl,TjaqeZl,fxj,fxj,TjaqeZl,TjaqeZl,FE,FE,FE,FE,FE,FE,TjaqeZl,fxj,fxj,TjaqeZl,ZrlBbhnbtp
FE
FE
FE
FE
TjaqeZl,TjaqeZl,fxj,fxj,TjaqeZl,TjaqeZl,FE,FE,FE,FE,FE,FE,TjaqeZl,fxj,fxj,TjaqeZl,ZrlBbhnbtp
fxj
fxj
fxj
TjaqeZl,TjaqeZl,fxj,TjaqeZl,TjaqeZl,FE,FE,fxj,FE,FE,FE,TjaqeZl,fxj,fxj,TjaqeZl,ZrlBbhnbtp,TjaqeZl,ZrlBbhnbtp,fxj
fxj
TjaqeZl,TjaqeZl,fxj,TjaqeZl,TjaqeZl,FE,FE,fxj,FE,FE,FE,TjaqeZl,fxj,fxj,TjaqeZl,ZrlBbhnbtp,TjaqeZl,ZrlBbhnbtp,oK
fxj
TjaqeZl,TjaqeZl,fxj,TjaqeZl,TjaqeZl,FE,FE,fxj,FE,FE,FE,TjaqeZl,fxj,fxj,TjaqeZl,ZrlBbhnbtp,TjaqeZl,ZrlBbhnbtp,oK
TjaqeZl,TjaqeZl,fxj,TjaqeZl,TjaqeZl,FE,FE,fxj,FE,FE,FE,TjaqeZl,fxj,fxj,TjaqeZl,ZrlBbhnbtp,TjaqeZl,ZrlBbhnbtp,oK
TjaqeZl,TjaqeZl,TjaqeZl,TjaqeZl,FE,fxj,fxj,FE,FE,FE,FE,TjaqeZl,fxj,fxj,TjaqeZl,TjaqeZl,a,TjaqeZl
TjaqeZl,TjaqeZl,TjaqeZl,TjaqeZl,FE,fxj,fxj,FE,FE,FE,FE,TjaqeZl,fxj,fxj,TjaqeZl,TjaqeZl,a,TjaqeZl,ZrlBbhnbtp
TjaqeZl,TjaqeZl,TjaqeZl,TjaqeZl,FE,fxj,fxj,FE,FE,FE,FE,TjaqeZl,fxj,fxj,TjaqeZl,TjaqeZl,a,TjaqeZl,ZrlBbhnbtp
fxj
TjaqeZl,TjaqeZl,TjaqeZl,TjaqeZl,fxj,a,FE,fxj,FE,FE,FE,FE,TjaqeZl,fxj,fxj,TjaqeZl,TjaqeZl,TjaqeZl,ZrlBbhnbtp
fxj
fxj
TjaqeZl,TjaqeZl,TjaqeZl,TjaqeZl,fxj,fxj,FE,FE,FE,FE,TjaqeZl,fxj,fxj,TjaqeZl,TjaqeZl,TjaqeZl,ZrlBbhnbtp,FE
fxj
TjaqeZl,TjaqeZl,TjaqeZl,TjaqeZl,fxj,FE,fxj,FE,FE,FE,FE,TjaqeZl,fxj,fxj,TjaqeZl,TjaqeZl,TjaqeZl,ZrlBbhnbtp,fxj
FE
FE
TjaqeZl,TjaqeZl,TjaqeZl,TjaqeZl,fxj,FE,fxj,FE,FE,FE,FE,TjaqeZl,fxj,fxj,TjaqeZl,TjaqeZl,a,TjaqeZl,ZrlBbhnbtp
FE
FE
FE
FE
FE
FE
TjaqeZl,TjaqeZl,TjaqeZl,fxj,FE,fxj,FE,FE,FE,FE,TjaqeZl,fxj,fxj,TjaqeZl,TjaqeZl,a,TjaqeZl,ZrlBbhnbtp,fxj,oK
FE
FE
FE
FE
TjaqeZl,TjaqeZl,TjaqeZl,TjaqeZl,fxj,FE,fxj,FE,FE,FE,FE,TjaqeZl,fxj,fxj,TjaqeZl,TjaqeZl,a,TjaqeZl,ZrlBbhnbtp,FE,a,FE
FE
TjaqeZl,TjaqeZl,TjaqeZl,TjaqeZl,fxj,FE,fxj,FE,FE,FE,FE,TjaqeZl,fxj,fxj,TjaqeZl,TjaqeZl,a,TjaqeZl,ZrlBbhnbtp,FE,a,FE
TjaqeZl,TjaqeZl,TjaqeZl,TjaqeZl,fxj,FE,fxj,FE,FE,FE,FE,TjaqeZl,fxj,fxj,TjaqeZl,TjaqeZl,a,TjaqeZl,ZrlBbhnbtp,FE,a,FE,ZrlBbhnbtp
TjaqeZl,TjaqeZl,TjaqeZl,TjaqeZl,fxj,FE,fxj,FE,FE,FE,FE,TjaqeZl,fxj,fxj,TjaqeZl,TjaqeZl,a,TjaqeZl,ZrlBbhnbtp,FE,a,FE,ZrlBbhnbtp
TjaqeZl,TjaqeZl,TjaqeZl,TjaqeZl,fxj,FE,fxj,FE,FE,FE,FE,TjaqeZl,fxj,fxj,TjaqeZl,TjaqeZl,a,TjaqeZl,ZrlBbhnbtp,FE,a,FE,ZrlBbhnbtp
TjaqeZl,TjaqeZl,TjaqeZl,TjaqeZl,fxj,FE,fxj,FE,FE,FE,FE,TjaqeZl,fxj,fxj,TjaqeZl,TjaqeZl,a,TjaqeZl,ZrlBbhnbtp,FE,a,FE,ZrlBbhnbtp
FE
TjaqeZl,TjaqeZl,TjaqeZl,TjaqeZl,fxj,FE,fxj,FE,FE,FE,FE,TjaqeZl,fxj,fxj,TjaqeZl,TjaqeZl,a,TjaqeZl,ZrlBbhnbtp,FE,a,FE,ZrlBbhnbtp,fxj,ZrlBbhnbtp
TjaqeZl,TjaqeZl,TjaqeZl,fxj,fxj,FE,FE,FE,ZrlBbhnbtp,TjaqeZl,FE,TjaqeZl,fxj,fxj,TjaqeZl,TjaqeZl,a,TjaqeZl,FE,a,FE,ZrlBbhnbtp,fxj,ZrlBbhnbtp,fxj,oK
ZrlBbhnbtp
ZrlBbhnbtp
ZrlBbhnbtp
ZrlBbhnbtp
ZrlBbhnbtp
ZrlBbhnbtp
TjaqeZl,TjaqeZl,TjaqeZl,fxj,FE,FE,FE,ZrlBbhnbtp,TjaqeZl,FE,TjaqeZl,fxj,fxj,TjaqeZl,TjaqeZl,TjaqeZl,FE,a,FE,ZrlBbhnbtp,fxj,ZrlBbhnbtp,fxj
TjaqeZl,TjaqeZl,TjaqeZl,fxj,FE,FE,FE,ZrlBbhnbtp,TjaqeZl,FE,TjaqeZl,fxj,fxj,TjaqeZl,TjaqeZl,TjaqeZl,FE,a,FE,ZrlBbhnbtp,fxj,ZrlBbhnbtp,fxj,oK
FE
FE
TjaqeZl
fxj
TjaqeZl
TjaqeZl,TjaqeZl,FE,FE,FE,TjaqeZl,FE,TjaqeZl,TjaqeZl,fxj,TjaqeZl,ZrlBbhnbtp,TjaqeZl,TjaqeZl,FE,a,FE,ZrlBbhnbtp,fxj,ZrlBbhnbtp,fxj,fxj,fxj,FE,FE,TjaqeZl
fxj
fxj
TjaqeZl,TjaqeZl,FE,FE,FE,TjaqeZl,FE,TjaqeZl,TjaqeZl,fxj,TjaqeZl,ZrlBbhnbtp,TjaqeZl,TjaqeZl,FE,FE,ZrlBbhnbtp,fxj,ZrlBbhnbtp,fxj,fxj,fxj,FE,FE,TjaqeZl
TjaqeZl,TjaqeZl,FE,FE,FE,TjaqeZl,FE,TjaqeZl,TjaqeZl,fxj,TjaqeZl,ZrlBbhnbtp,TjaqeZl,TjaqeZl,FE,FE,ZrlBbhnbtp,fxj,ZrlBbhnbtp,fxj,fxj,fxj,FE,FE,TjaqeZl
TjaqeZl,TjaqeZl,FE,FE,FE,TjaqeZl,FE,TjaqeZl,TjaqeZl,fxj,TjaqeZl,ZrlBbhnbtp,TjaqeZl,TjaqeZl,FE,a,FE,ZrlBbhnbtp,fxj,ZrlBbhnbtp,fxj,fxj,fxj,FE,FE,TjaqeZl,a
fxj
fxj
fxj
fxj
TjaqeZl
TjaqeZl,TjaqeZl,FE,FE,FE,TjaqeZl,FE,TjaqeZl,TjaqeZl,ZrlBbhnbtp,TjaqeZl,TjaqeZl,TjaqeZl,FE,a,FE,ZrlBbhnbtp,fxj,fxj,fxj,FE,FE,TjaqeZl,ZrlBbhnbtp,a
TjaqeZl,TjaqeZl,FE,FE,FE,TjaqeZl,FE,TjaqeZl,TjaqeZl,ZrlBbhnbtp,TjaqeZl,TjaqeZl,TjaqeZl,FE,a,FE,ZrlBbhnbtp,fxj,fxj,fxj,FE,FE,TjaqeZl,ZrlBbhnbtp,a
ZrlBbhnbtp
a
fxj
TjaqeZl,FE,FE,FE,TjaqeZl,FE,TjaqeZl,TjaqeZl,fxj,TjaqeZl,TjaqeZl,ZrlBbhnbtp,TjaqeZl,TjaqeZl,FE,a,FE,ZrlBbhnbtp,fxj,ZrlBbhnbtp,fxj,fxj,fxj,FE,FE,TjaqeZl,TjaqeZl,TjaqeZl
TjaqeZl
TjaqeZl,FE,FE,FE,TjaqeZl,FE,TjaqeZl,TjaqeZl,fxj,TjaqeZl,TjaqeZl,ZrlBbhnbtp,TjaqeZl,TjaqeZl,FE,a,FE,ZrlBbhnbtp,fxj,ZrlBbhnbtp,fxj,fxj,fxj,FE,FE,TjaqeZl,TjaqeZl,TjaqeZl
TjaqeZl,FE,FE,TjaqeZl,FE,TjaqeZl,TjaqeZl,fxj,TjaqeZl,TjaqeZl,ZrlBbhnbtp,a,FE,TjaqeZl,TjaqeZl,FE,FE,ZrlBbhnbtp,fxj,ZrlBbhnbtp,fxj,fxj,fxj,FE,FE,TjaqeZl,TjaqeZl,TjaqeZl,oK
ZrlBbhnbtp
TjaqeZl,FE,FE,TjaqeZl,FE,TjaqeZl,TjaqeZl,fxj,TjaqeZl,TjaqeZl,ZrlBbhnbtp,oK,a,FE,TjaqeZl,TjaqeZl,FE,FE,ZrlBbhnbtp,fxj,ZrlBbhnbtp,fxj,fxj,fxj,FE,FE,TjaqeZl,TjaqeZl,TjaqeZl
ZrlBbhnbtp
Jedi Wagner, assuma o comando!