[vazia]
Toque! Toque, Dijê!
Toque! Toque, Dijê!
Toque! Toque, Dijê!
Toque! Toque, Dijê!
cSGTobad
cSGTobad,kEZKcwx
cSGTobad,kEZKcwx
kEZKcwx
kEZKcwx
kEZKcwx
cSGTobad,kEZKcwx,NJUSiCzj
cSGTobad,kEZKcwx
cSGTobad,kEZKcwx
cSGTobad,kEZKcwx
kEZKcwx
kEZKcwx
kEZKcwx,CheWoWx,cSGTobad,CheWoWx
cSGTobad,kEZKcwx,CheWoWx
cSGTobad,kEZKcwx,CheWoWx
CheWoWx
cSGTobad,kEZKcwx,CheWoWx
CheWoWx
CheWoWx
cSGTobad,kEZKcwx,CheWoWx
cSGTobad,kEZKcwx,CheWoWx,HVdGOv
CheWoWx
CheWoWx
cSGTobad
kEZKcwx,CheWoWx,cSGTobad
CheWoWx
CheWoWx
CheWoWx,cSGTobad
CheWoWx
kEZKcwx,CheWoWx,cSGTobad,GMsq
kEZKcwx,CheWoWx,cSGTobad,GMsq
kEZKcwx,CheWoWx,cSGTobad,GMsq,cSGTobad
CheWoWx
kEZKcwx,CheWoWx,cSGTobad,GMsq,cSGTobad,NJUSiCzj
NJUSiCzj
NJUSiCzj
kEZKcwx,CheWoWx,NJUSiCzj,cSGTobad,GMsq,cSGTobad
kEZKcwx,CheWoWx,NJUSiCzj,cSGTobad,GMsq,cSGTobad
Jedi Wagner, assuma o comando!