[vazia]
Toque! Toque, Dijê!
JOLF
JOLF,YzewAE,JOLF
JOLF,YzewAE,JOLF
JOLF
JOLF
YzewAE,JOLF,JOLF,JkHwxnwrR,YzewAE
JOLF
[vazia]
Toque! Toque, Dijê!
Toque! Toque, Dijê!
PgiQhGlKWD
PgiQhGlKWD
PgiQhGlKWD
PgiQhGlKWD
PgiQhGlKWD
PgiQhGlKWD
PgiQhGlKWD
PgiQhGlKWD
PgiQhGlKWD
PgiQhGlKWD
PgiQhGlKWD
PgiQhGlKWD
PgiQhGlKWD
PgiQhGlKWD
PgiQhGlKWD
PgiQhGlKWD,JkHwxnwrR,JOLF
PgiQhGlKWD,JkHwxnwrR,JOLF
PgiQhGlKWD,JkHwxnwrR,JOLF,JOLF
PgiQhGlKWD,JkHwxnwrR,JOLF,JOLF,PgiQhGlKWD
JkHwxnwrR
JkHwxnwrR,JOLF,JOLF,JOLF
JOLF
JkHwxnwrR,JOLF,JOLF,JOLF,JOLF,JkHwxnwrR,JkHwxnwrR,PgiQhGlKWD
JkHwxnwrR,JOLF,JOLF,JOLF,JOLF,JkHwxnwrR,JkHwxnwrR,PgiQhGlKWD
JkHwxnwrR,JOLF,JOLF,JOLF,JOLF,JkHwxnwrR,JkHwxnwrR,PgiQhGlKWD,YzewAE
JOLF
JkHwxnwrR,JOLF,JOLF,JOLF
JOLF
JOLF
JkHwxnwrR,JOLF,JOLF,JOLF,YzewAE,x
JkHwxnwrR,JOLF,JOLF,JOLF
JOLF
JOLF
JkHwxnwrR,JOLF,JOLF,JOLF
JOLF
JkHwxnwrR,JOLF,JOLF,JOLF
JOLF
JOLF
JOLF
JOLF
JkHwxnwrR,JOLF,JOLF,JOLF
JOLF
JkHwxnwrR,JOLF,JOLF,JOLF,PgiQhGlKWD
JkHwxnwrR,JOLF,JOLF,JOLF,PgiQhGlKWD
JkHwxnwrR,JOLF,JOLF,JOLF,PgiQhGlKWD
JOLF
JOLF
JkHwxnwrR,JOLF,JOLF,JOLF
JkHwxnwrR,JOLF,JOLF,JOLF
JkHwxnwrR,JOLF,JOLF,JOLF
JOLF
JOLF
JkHwxnwrR,JOLF,JOLF,JOLF,YzewAE,YzewAE,YzewAE
JOLF
YzewAE
YzewAE
YzewAE
JkHwxnwrR,JOLF,JOLF,YzewAE,YzewAE,YzewAE,JOLF
YzewAE
JOLF,JOLF,YzewAE,YzewAE
JOLF,JOLF,YzewAE,YzewAE
JOLF,JOLF,YzewAE,YzewAE
JOLF,JOLF,JOLF,YzewAE,YzewAE,PgiQhGlKWD,JkHwxnwrR,JkHwxnwrR,JkHwxnwrR
JkHwxnwrR
JOLF,JkHwxnwrR,PgiQhGlKWD,JOLF,JOLF,YzewAE,YzewAE,JkHwxnwrR,JkHwxnwrR
JOLF,JkHwxnwrR,JOLF,JOLF,YzewAE,YzewAE,PgiQhGlKWD,JkHwxnwrR,JkHwxnwrR
JOLF,JkHwxnwrR,JOLF,JOLF,YzewAE,YzewAE,PgiQhGlKWD,JkHwxnwrR,JkHwxnwrR,x
JkHwxnwrR
JOLF,JkHwxnwrR,JOLF,JOLF,YzewAE,YzewAE,PgiQhGlKWD,JkHwxnwrR,JkHwxnwrR,x
JkHwxnwrR
JOLF,JOLF,JOLF,YzewAE,YzewAE
JOLF,JOLF,JOLF,YzewAE,YzewAE,JOLF,JkHwxnwrR
JOLF,JOLF,JOLF,YzewAE,YzewAE,JOLF,JkHwxnwrR
JOLF,JOLF,JOLF,YzewAE,JOLF,JkHwxnwrR
JOLF
PgiQhGlKWD
JOLF,JOLF,PgiQhGlKWD,YzewAE,JkHwxnwrR,PgiQhGlKWD
JOLF,JOLF,YzewAE,JkHwxnwrR,PgiQhGlKWD,JOLF
JkHwxnwrR
PgiQhGlKWD
PgiQhGlKWD
JOLF,YzewAE,JOLF,PgiQhGlKWD,YzewAE,JkHwxnwrR,PgiQhGlKWD
JOLF,YzewAE,JOLF,PgiQhGlKWD,YzewAE,JkHwxnwrR,PgiQhGlKWD,PgiQhGlKWD
JOLF,PgiQhGlKWD,YzewAE,JOLF,YzewAE,PgiQhGlKWD
JOLF
JOLF,YzewAE,JOLF,PgiQhGlKWD,YzewAE,PgiQhGlKWD
JOLF
JOLF
JOLF
JOLF
JOLF,JkHwxnwrR,YzewAE,JOLF,PgiQhGlKWD,YzewAE,PgiQhGlKWD,YzewAE,PgiQhGlKWD,PgiQhGlKWD
x
x
x
x
JOLF,YzewAE,x,JOLF,PgiQhGlKWD,YzewAE,PgiQhGlKWD,YzewAE,PgiQhGlKWD,PgiQhGlKWD,JOLF
JOLF
JOLF
JOLF,YzewAE,x,JOLF,PgiQhGlKWD,YzewAE,PgiQhGlKWD,YzewAE,PgiQhGlKWD,PgiQhGlKWD,JOLF
JOLF,YzewAE,x,JOLF,PgiQhGlKWD,YzewAE,PgiQhGlKWD,YzewAE,PgiQhGlKWD,PgiQhGlKWD,JOLF
YzewAE
JOLF,YzewAE,JOLF,PgiQhGlKWD,YzewAE,PgiQhGlKWD,YzewAE,PgiQhGlKWD,PgiQhGlKWD,JOLF,YzewAE
YzewAE
YzewAE
YzewAE
JOLF,YzewAE,JOLF,PgiQhGlKWD,YzewAE,PgiQhGlKWD,YzewAE,PgiQhGlKWD,PgiQhGlKWD,JOLF,JkHwxnwrR
YzewAE
JOLF,YzewAE,JOLF,YzewAE,PgiQhGlKWD,YzewAE,PgiQhGlKWD,PgiQhGlKWD,JOLF,JkHwxnwrR
JOLF,YzewAE,JOLF,YzewAE,PgiQhGlKWD,YzewAE,PgiQhGlKWD,PgiQhGlKWD,JOLF,JkHwxnwrR
JOLF,YzewAE,JOLF,YzewAE,YzewAE,PgiQhGlKWD,PgiQhGlKWD,JOLF,JkHwxnwrR
JOLF,YzewAE,JOLF,YzewAE,YzewAE,PgiQhGlKWD,PgiQhGlKWD,JOLF,JkHwxnwrR
YzewAE
YzewAE
YzewAE
YzewAE
YzewAE
JOLF,JOLF,YzewAE,YzewAE,PgiQhGlKWD,PgiQhGlKWD,JOLF
JOLF,JOLF,YzewAE,YzewAE,PgiQhGlKWD,JOLF,JkHwxnwrR
YzewAE
YzewAE
JOLF,YzewAE,PgiQhGlKWD,YzewAE,JOLF,JkHwxnwrR,x
YzewAE
JOLF,JOLF,YzewAE,YzewAE,PgiQhGlKWD,PgiQhGlKWD,JOLF,PgiQhGlKWD,JkHwxnwrR
PgiQhGlKWD
JOLF,JOLF,YzewAE,YzewAE,PgiQhGlKWD,JOLF,PgiQhGlKWD,JkHwxnwrR
JOLF,JOLF,YzewAE,YzewAE,PgiQhGlKWD,JOLF,PgiQhGlKWD,JkHwxnwrR
JOLF,JOLF,YzewAE,YzewAE,PgiQhGlKWD,JOLF,PgiQhGlKWD,JkHwxnwrR,JOLF
PgiQhGlKWD
YzewAE
JOLF,JOLF,YzewAE,PgiQhGlKWD,YzewAE,JOLF,PgiQhGlKWD,JOLF,x
YzewAE
JOLF,JOLF,PgiQhGlKWD,YzewAE,JOLF,PgiQhGlKWD,JOLF,x,PgiQhGlKWD,x
JOLF,JOLF,YzewAE,YzewAE,PgiQhGlKWD,PgiQhGlKWD,JOLF,PgiQhGlKWD,JkHwxnwrR
PgiQhGlKWD
JOLF,JOLF,YzewAE,PgiQhGlKWD,YzewAE,PgiQhGlKWD,JOLF,PgiQhGlKWD,JkHwxnwrR
JOLF,JOLF,YzewAE,PgiQhGlKWD,YzewAE,PgiQhGlKWD,JOLF,PgiQhGlKWD,JkHwxnwrR
JOLF,JOLF,YzewAE,YzewAE,PgiQhGlKWD,PgiQhGlKWD,JOLF,PgiQhGlKWD,JkHwxnwrR
JOLF,JOLF,YzewAE,YzewAE,PgiQhGlKWD,PgiQhGlKWD,JOLF,PgiQhGlKWD,JkHwxnwrR,PgiQhGlKWD
JOLF,JOLF,YzewAE,YzewAE,PgiQhGlKWD,JOLF,PgiQhGlKWD,JkHwxnwrR,PgiQhGlKWD,JOLF
JOLF,JOLF,YzewAE,YzewAE,PgiQhGlKWD,JOLF,PgiQhGlKWD,PgiQhGlKWD,JOLF,PgiQhGlKWD,JOLF
JOLF,JOLF,YzewAE,YzewAE,PgiQhGlKWD,JOLF,PgiQhGlKWD,PgiQhGlKWD,JOLF,PgiQhGlKWD,JOLF,PgiQhGlKWD
PgiQhGlKWD
PgiQhGlKWD
PgiQhGlKWD
PgiQhGlKWD
PgiQhGlKWD
PgiQhGlKWD
JOLF,JOLF,YzewAE,YzewAE,PgiQhGlKWD,JOLF,PgiQhGlKWD,PgiQhGlKWD,JOLF,PgiQhGlKWD,JOLF,PgiQhGlKWD,JOLF
JOLF,JOLF,YzewAE,YzewAE,PgiQhGlKWD,JOLF,PgiQhGlKWD,JkHwxnwrR
PgiQhGlKWD
PgiQhGlKWD
PgiQhGlKWD
JOLF,JOLF,YzewAE,PgiQhGlKWD,JOLF,PgiQhGlKWD,JkHwxnwrR,PgiQhGlKWD
PgiQhGlKWD
JOLF,JOLF,YzewAE,PgiQhGlKWD,JOLF,PgiQhGlKWD,PgiQhGlKWD,x
PgiQhGlKWD
PgiQhGlKWD
PgiQhGlKWD
JOLF,JOLF,YzewAE,YzewAE,PgiQhGlKWD,PgiQhGlKWD,JOLF,PgiQhGlKWD,JkHwxnwrR
PgiQhGlKWD
PgiQhGlKWD
JOLF,JOLF,YzewAE,PgiQhGlKWD,PgiQhGlKWD,JOLF,PgiQhGlKWD,JkHwxnwrR
JOLF,JOLF,YzewAE,PgiQhGlKWD,PgiQhGlKWD,JOLF,PgiQhGlKWD,JkHwxnwrR
JOLF,YzewAE,PgiQhGlKWD,JOLF,JkHwxnwrR,PgiQhGlKWD,PgiQhGlKWD
PgiQhGlKWD
JOLF,PgiQhGlKWD,JOLF,PgiQhGlKWD,YzewAE,JkHwxnwrR,PgiQhGlKWD,JkHwxnwrR,PgiQhGlKWD
JOLF,PgiQhGlKWD,JOLF,JkHwxnwrR,PgiQhGlKWD,YzewAE,PgiQhGlKWD,JkHwxnwrR
JkHwxnwrR
JkHwxnwrR
Jedi Wagner, assuma o comando!