Toque! Toque, Dijê!
Toque! Toque, Dijê!
[vazia]
[vazia]
[vazia]
[vazia]
[vazia]
[vazia]
[vazia]
Toque! Toque, Dijê!
YVrwY
YVrwY
YVrwY,YVrwY,YVrwY,YVrwY,YVrwY,YVrwY
YVrwY
YVrwY
YVrwY,YVrwY,YVrwY,YVrwY,YVrwY,YVrwY
YVrwY,YVrwY,YVrwY,YVrwY,YVrwY,YVrwY,YVrwY,YVrwY
YVrwY
YVrwY
YVrwY,YVrwY,YVrwY,YVrwY,YVrwY,YVrwY
YVrwY
YVrwY
YVrwY
YVrwY
YVrwY
YVrwY,YVrwY,YVrwY,YVrwY,YVrwY
YVrwY
YVrwY
YVrwY,YVrwY,YVrwY,YVrwY,YVrwY
YVrwY
YVrwY
YVrwY,YVrwY,YVrwY,YVrwY,YVrwY,YVrwY,YVrwY,YVrwY
YVrwY
YVrwY
YVrwY
YVrwY,YVrwY,YVrwY,YVrwY,YVrwY
YVrwY
YVrwY
YVrwY,YVrwY,YVrwY,YVrwY,YVrwY,YVrwY,YVrwY
YVrwY,YVrwY,YVrwY,YVrwY,YVrwY,YVrwY
YVrwY,YVrwY,YVrwY,YVrwY,YVrwY,YVrwY,YVrwY
YVrwY,YVrwY,YVrwY,YVrwY,YVrwY,YVrwY,YVrwY,YVrwY
YVrwY
YVrwY,YVrwY,YVrwY,YVrwY,YVrwY,YVrwY,YVrwY,YVrwY
YVrwY
YVrwY,YVrwY,YVrwY,YVrwY,YVrwY,YVrwY,YVrwY,YVrwY,YVrwY,YVrwY,YVrwY
YVrwY,YVrwY,YVrwY,YVrwY,YVrwY,YVrwY,YVrwY,YVrwY,YVrwY,YVrwY,YVrwY
YVrwY
YVrwY
YVrwY
YVrwY,YVrwY,YVrwY,YVrwY,YVrwY,YVrwY,YVrwY,YVrwY,YVrwY,YVrwY,YVrwY,YVrwY,YVrwY,YVrwY
YVrwY,YVrwY,YVrwY,YVrwY,YVrwY,YVrwY,YVrwY,YVrwY,YVrwY,YVrwY,YVrwY,YVrwY,YVrwY,YVrwY
YVrwY,YVrwY,YVrwY,YVrwY,YVrwY,YVrwY,YVrwY,YVrwY,YVrwY,YVrwY,YVrwY,YVrwY
YVrwY
YVrwY
YVrwY,YVrwY,YVrwY,YVrwY,YVrwY,YVrwY,YVrwY,YVrwY,YVrwY,YVrwY,YVrwY
YVrwY
YVrwY
YVrwY,YVrwY,YVrwY,YVrwY,YVrwY,YVrwY,YVrwY,YVrwY,YVrwY,YVrwY,YVrwY,YVrwY,YVrwY
YVrwY
YVrwY,YVrwY,YVrwY,YVrwY,YVrwY,YVrwY,YVrwY,YVrwY,YVrwY,YVrwY,YVrwY,YVrwY,YVrwY,YVrwY,YVrwY
YVrwY,YVrwY,YVrwY,YVrwY,YVrwY,YVrwY,YVrwY,YVrwY,YVrwY,YVrwY,YVrwY,YVrwY,YVrwY,YVrwY,YVrwY,YVrwY
YVrwY,YVrwY,YVrwY,YVrwY,YVrwY,YVrwY,YVrwY,YVrwY,YVrwY,YVrwY,YVrwY,YVrwY,YVrwY,YVrwY,YVrwY,YVrwY
YVrwY
YVrwY
YVrwY,YVrwY,YVrwY,YVrwY,YVrwY,YVrwY,YVrwY,YVrwY,YVrwY,YVrwY,YVrwY,YVrwY,YVrwY,YVrwY,YVrwY
YVrwY,YVrwY,YVrwY,YVrwY,YVrwY,YVrwY,YVrwY,YVrwY,YVrwY,YVrwY,YVrwY,YVrwY,YVrwY,YVrwY,YVrwY
YVrwY,YVrwY,YVrwY,YVrwY,YVrwY,YVrwY,YVrwY,YVrwY,YVrwY,YVrwY,YVrwY,YVrwY,YVrwY,YVrwY,YVrwY
YVrwY,YVrwY,YVrwY,YVrwY,YVrwY,YVrwY,YVrwY,YVrwY,YVrwY,YVrwY,YVrwY,YVrwY,YVrwY,YVrwY,YVrwY
YVrwY
YVrwY,YVrwY,YVrwY,YVrwY,YVrwY,YVrwY,YVrwY,YVrwY,YVrwY,YVrwY,YVrwY,YVrwY,YVrwY,YVrwY,YVrwY,YVrwY,YVrwY
YVrwY
YVrwY
YVrwY,YVrwY,YVrwY,YVrwY,YVrwY,YVrwY,YVrwY,YVrwY,YVrwY,YVrwY,YVrwY,YVrwY,YVrwY,YVrwY,YVrwY,YVrwY,YVrwY
YVrwY
YVrwY,YVrwY,YVrwY,YVrwY,YVrwY,YVrwY,YVrwY,YVrwY,YVrwY,YVrwY,YVrwY,YVrwY,YVrwY,YVrwY,YVrwY,YVrwY,YVrwY,YVrwY
YVrwY,YVrwY,YVrwY,YVrwY,YVrwY,YVrwY,YVrwY,YVrwY,YVrwY,YVrwY,YVrwY,YVrwY,YVrwY,YVrwY,YVrwY,YVrwY,YVrwY,YVrwY
YVrwY,YVrwY,YVrwY,YVrwY,YVrwY,YVrwY,YVrwY,YVrwY,YVrwY,YVrwY,YVrwY,YVrwY,YVrwY,YVrwY,YVrwY,YVrwY,YVrwY
YVrwY
YVrwY
YVrwY,YVrwY,YVrwY,YVrwY,YVrwY,YVrwY,YVrwY,YVrwY,YVrwY,YVrwY,YVrwY,YVrwY,YVrwY,YVrwY,YVrwY
YVrwY,YVrwY,YVrwY,YVrwY,YVrwY,YVrwY,YVrwY,YVrwY,YVrwY,YVrwY,YVrwY,YVrwY,YVrwY,YVrwY
YVrwY,YVrwY,YVrwY,YVrwY,YVrwY,YVrwY,YVrwY,YVrwY,YVrwY,YVrwY,YVrwY,YVrwY,YVrwY,YVrwY
YVrwY
YVrwY,YVrwY,YVrwY,YVrwY,YVrwY,YVrwY,YVrwY,YVrwY,YVrwY,YVrwY,YVrwY,YVrwY,YVrwY,YVrwY,YVrwY,YVrwY
YVrwY
YVrwY
YVrwY,YVrwY,YVrwY,YVrwY,YVrwY,YVrwY,YVrwY,YVrwY,YVrwY,YVrwY,YVrwY,YVrwY,YVrwY,YVrwY
YVrwY
YVrwY,YVrwY,YVrwY,YVrwY,YVrwY,YVrwY,YVrwY,YVrwY,YVrwY,YVrwY,YVrwY,YVrwY
YVrwY
YVrwY,YVrwY,YVrwY,YVrwY,YVrwY,YVrwY,YVrwY,YVrwY,YVrwY,YVrwY,YVrwY,YVrwY,YVrwY
YVrwY
YVrwY,YVrwY,YVrwY,YVrwY,YVrwY,YVrwY,YVrwY,YVrwY,YVrwY,YVrwY,YVrwY,YVrwY
YVrwY
YVrwY
YVrwY
YVrwY,YVrwY,YVrwY,YVrwY,YVrwY,YVrwY,YVrwY,YVrwY,YVrwY,YVrwY,YVrwY,YVrwY,YVrwY
YVrwY
YVrwY,YVrwY,YVrwY,YVrwY,YVrwY,YVrwY,YVrwY,YVrwY,YVrwY,YVrwY,YVrwY,YVrwY,YVrwY
YVrwY,YVrwY,YVrwY,YVrwY,YVrwY,YVrwY,YVrwY,YVrwY,YVrwY,YVrwY,YVrwY,YVrwY
YVrwY,YVrwY,YVrwY,YVrwY,YVrwY,YVrwY,YVrwY,YVrwY,YVrwY,YVrwY,YVrwY,YVrwY
YVrwY,YVrwY,YVrwY,YVrwY,YVrwY,YVrwY,YVrwY,YVrwY,YVrwY,YVrwY,YVrwY,YVrwY
YVrwY,YVrwY,YVrwY,YVrwY,YVrwY,YVrwY,YVrwY,YVrwY,YVrwY,YVrwY,YVrwY,YVrwY,YVrwY
YVrwY
YVrwY,YVrwY,YVrwY,YVrwY,YVrwY,YVrwY,YVrwY,YVrwY,YVrwY,YVrwY,YVrwY
YVrwY,YVrwY,YVrwY,YVrwY,YVrwY,YVrwY,YVrwY,YVrwY,YVrwY,YVrwY,YVrwY
YVrwY,YVrwY,YVrwY,YVrwY,YVrwY,YVrwY,YVrwY,YVrwY,YVrwY,YVrwY,YVrwY
YVrwY
YVrwY,YVrwY,YVrwY,YVrwY,YVrwY,YVrwY,YVrwY,YVrwY,YVrwY,YVrwY,YVrwY,YVrwY,YVrwY
YVrwY
YVrwY
YVrwY
YVrwY
YVrwY,YVrwY,YVrwY,YVrwY,YVrwY,YVrwY,YVrwY,YVrwY,YVrwY,YVrwY,YVrwY,YVrwY,YVrwY,YVrwY
YVrwY,YVrwY,YVrwY,YVrwY,YVrwY,YVrwY,YVrwY,YVrwY,YVrwY,YVrwY,YVrwY,YVrwY,YVrwY
YVrwY
YVrwY
YVrwY
YVrwY
YVrwY
YVrwY,YVrwY,YVrwY,YVrwY,YVrwY,YVrwY,YVrwY,YVrwY,YVrwY,YVrwY,YVrwY
YVrwY,YVrwY,YVrwY,YVrwY,YVrwY,YVrwY,YVrwY,YVrwY,YVrwY,YVrwY,YVrwY,YVrwY
YVrwY,YVrwY,YVrwY,YVrwY,YVrwY,YVrwY,YVrwY,YVrwY,YVrwY,YVrwY,YVrwY
YVrwY,YVrwY,YVrwY,YVrwY,YVrwY,YVrwY,YVrwY,YVrwY,YVrwY,YVrwY,YVrwY
YVrwY,YVrwY,YVrwY,YVrwY,YVrwY,YVrwY,YVrwY,YVrwY,YVrwY,YVrwY
YVrwY
YVrwY
YVrwY,YVrwY,YVrwY,YVrwY,YVrwY,YVrwY,YVrwY,YVrwY,YVrwY,YVrwY,YVrwY
YVrwY
YVrwY
YVrwY,YVrwY,YVrwY,YVrwY,YVrwY,YVrwY,YVrwY,YVrwY,YVrwY,YVrwY,YVrwY
YVrwY
YVrwY,YVrwY,YVrwY,YVrwY,YVrwY,YVrwY,YVrwY,YVrwY,YVrwY,YVrwY,YVrwY
Jedi Wagner, assuma o comando!