Toque! Toque, Dijê!
Toque! Toque, Dijê!
Toque! Toque, Dijê!
[vazia]
[vazia]
suSEOWysx,suSEOWysx
suSEOWysx
suSEOWysx
suSEOWysx
suSEOWysx
suSEOWysx
suSEOWysx
suSEOWysx
suSEOWysx
suSEOWysx,suSEOWysx,suSEOWysx,suSEOWysx
suSEOWysx,suSEOWysx,suSEOWysx,suSEOWysx
suSEOWysx
suSEOWysx
suSEOWysx
suSEOWysx
suSEOWysx
suSEOWysx,suSEOWysx,suSEOWysx
suSEOWysx
suSEOWysx,suSEOWysx,suSEOWysx,suSEOWysx
suSEOWysx,suSEOWysx,suSEOWysx
suSEOWysx,suSEOWysx,suSEOWysx
suSEOWysx
suSEOWysx
suSEOWysx
suSEOWysx,suSEOWysx,suSEOWysx
suSEOWysx
suSEOWysx,suSEOWysx,suSEOWysx,suSEOWysx
suSEOWysx
suSEOWysx,suSEOWysx,suSEOWysx,suSEOWysx,suSEOWysx,suSEOWysx
suSEOWysx,suSEOWysx,suSEOWysx,suSEOWysx,suSEOWysx
suSEOWysx,suSEOWysx,suSEOWysx,suSEOWysx,suSEOWysx
suSEOWysx
suSEOWysx
suSEOWysx
suSEOWysx
suSEOWysx,suSEOWysx,suSEOWysx,suSEOWysx,suSEOWysx,suSEOWysx,suSEOWysx
suSEOWysx
suSEOWysx
suSEOWysx,suSEOWysx,suSEOWysx,suSEOWysx,suSEOWysx,suSEOWysx
suSEOWysx
suSEOWysx
suSEOWysx
suSEOWysx,suSEOWysx,suSEOWysx,suSEOWysx,suSEOWysx,suSEOWysx
suSEOWysx
suSEOWysx,suSEOWysx,suSEOWysx,suSEOWysx,suSEOWysx,suSEOWysx
suSEOWysx,suSEOWysx,suSEOWysx,suSEOWysx,suSEOWysx,suSEOWysx
suSEOWysx,suSEOWysx,suSEOWysx,suSEOWysx,suSEOWysx,suSEOWysx
suSEOWysx
suSEOWysx,suSEOWysx,suSEOWysx,suSEOWysx
suSEOWysx,suSEOWysx,suSEOWysx,suSEOWysx
suSEOWysx,suSEOWysx,suSEOWysx,suSEOWysx
suSEOWysx
suSEOWysx,suSEOWysx,suSEOWysx,suSEOWysx,suSEOWysx
suSEOWysx,suSEOWysx,suSEOWysx,suSEOWysx,suSEOWysx
suSEOWysx
suSEOWysx,suSEOWysx,suSEOWysx,suSEOWysx,suSEOWysx
suSEOWysx
suSEOWysx
suSEOWysx
suSEOWysx
suSEOWysx,suSEOWysx,suSEOWysx,suSEOWysx,suSEOWysx
suSEOWysx,suSEOWysx,suSEOWysx,suSEOWysx
suSEOWysx
suSEOWysx
suSEOWysx,suSEOWysx,suSEOWysx,suSEOWysx
suSEOWysx,suSEOWysx,suSEOWysx
suSEOWysx,suSEOWysx,suSEOWysx
suSEOWysx,suSEOWysx,suSEOWysx
suSEOWysx,suSEOWysx,suSEOWysx
suSEOWysx
suSEOWysx
suSEOWysx,suSEOWysx,suSEOWysx
suSEOWysx,suSEOWysx,suSEOWysx
suSEOWysx,suSEOWysx
suSEOWysx,suSEOWysx
suSEOWysx
suSEOWysx
suSEOWysx
suSEOWysx
suSEOWysx
suSEOWysx
suSEOWysx
suSEOWysx
suSEOWysx
suSEOWysx
suSEOWysx
suSEOWysx
suSEOWysx
suSEOWysx
suSEOWysx
suSEOWysx
suSEOWysx
suSEOWysx,suSEOWysx
suSEOWysx,suSEOWysx,suSEOWysx
suSEOWysx,suSEOWysx,suSEOWysx
suSEOWysx,suSEOWysx,suSEOWysx,suSEOWysx
suSEOWysx,suSEOWysx,suSEOWysx
suSEOWysx
suSEOWysx
suSEOWysx
suSEOWysx
suSEOWysx
suSEOWysx
suSEOWysx
suSEOWysx
suSEOWysx
suSEOWysx
suSEOWysx
suSEOWysx,suSEOWysx,suSEOWysx
suSEOWysx,suSEOWysx
suSEOWysx
suSEOWysx,suSEOWysx,suSEOWysx
suSEOWysx
suSEOWysx
suSEOWysx
suSEOWysx,suSEOWysx,suSEOWysx
suSEOWysx,suSEOWysx,suSEOWysx,suSEOWysx
suSEOWysx,suSEOWysx,suSEOWysx,suSEOWysx,suSEOWysx,suSEOWysx,suSEOWysx,suSEOWysx
suSEOWysx
suSEOWysx
suSEOWysx,suSEOWysx,suSEOWysx,suSEOWysx,suSEOWysx,suSEOWysx,suSEOWysx
suSEOWysx
suSEOWysx,suSEOWysx,suSEOWysx,suSEOWysx,suSEOWysx,suSEOWysx
suSEOWysx,suSEOWysx,suSEOWysx,suSEOWysx,suSEOWysx,suSEOWysx
suSEOWysx
suSEOWysx
suSEOWysx,suSEOWysx,suSEOWysx,suSEOWysx,suSEOWysx,suSEOWysx
suSEOWysx,suSEOWysx,suSEOWysx,suSEOWysx,suSEOWysx,suSEOWysx
suSEOWysx
suSEOWysx,suSEOWysx,suSEOWysx,suSEOWysx,suSEOWysx,suSEOWysx,suSEOWysx
suSEOWysx
suSEOWysx,suSEOWysx,suSEOWysx,suSEOWysx,suSEOWysx,suSEOWysx,suSEOWysx
suSEOWysx
suSEOWysx
suSEOWysx,suSEOWysx,suSEOWysx,suSEOWysx,suSEOWysx,suSEOWysx,suSEOWysx,suSEOWysx,suSEOWysx
suSEOWysx,suSEOWysx,suSEOWysx,suSEOWysx,suSEOWysx,suSEOWysx,suSEOWysx,suSEOWysx,suSEOWysx
suSEOWysx,suSEOWysx,suSEOWysx,suSEOWysx,suSEOWysx,suSEOWysx,suSEOWysx,suSEOWysx,suSEOWysx
suSEOWysx
suSEOWysx,suSEOWysx,suSEOWysx,suSEOWysx,suSEOWysx,suSEOWysx,suSEOWysx,suSEOWysx,suSEOWysx,suSEOWysx
suSEOWysx,suSEOWysx,suSEOWysx,suSEOWysx,suSEOWysx,suSEOWysx,suSEOWysx,suSEOWysx,suSEOWysx,suSEOWysx,suSEOWysx
suSEOWysx
suSEOWysx
suSEOWysx
suSEOWysx
suSEOWysx,suSEOWysx,suSEOWysx,suSEOWysx,suSEOWysx,suSEOWysx,suSEOWysx,suSEOWysx,suSEOWysx,suSEOWysx,suSEOWysx,suSEOWysx
suSEOWysx,suSEOWysx,suSEOWysx,suSEOWysx,suSEOWysx,suSEOWysx,suSEOWysx,suSEOWysx,suSEOWysx,suSEOWysx,suSEOWysx
suSEOWysx,suSEOWysx,suSEOWysx,suSEOWysx,suSEOWysx,suSEOWysx,suSEOWysx,suSEOWysx,suSEOWysx,suSEOWysx,suSEOWysx
suSEOWysx,suSEOWysx,suSEOWysx,suSEOWysx,suSEOWysx,suSEOWysx,suSEOWysx,suSEOWysx,suSEOWysx,suSEOWysx,suSEOWysx
suSEOWysx
suSEOWysx,suSEOWysx,suSEOWysx,suSEOWysx,suSEOWysx,suSEOWysx,suSEOWysx,suSEOWysx,suSEOWysx,suSEOWysx,suSEOWysx
suSEOWysx
suSEOWysx
suSEOWysx
suSEOWysx,suSEOWysx,suSEOWysx,suSEOWysx,suSEOWysx,suSEOWysx,suSEOWysx,suSEOWysx,suSEOWysx,suSEOWysx,suSEOWysx,suSEOWysx
suSEOWysx
suSEOWysx
suSEOWysx,suSEOWysx,suSEOWysx,suSEOWysx,suSEOWysx,suSEOWysx,suSEOWysx,suSEOWysx,suSEOWysx,suSEOWysx
suSEOWysx,suSEOWysx,suSEOWysx,suSEOWysx,suSEOWysx,suSEOWysx,suSEOWysx,suSEOWysx
suSEOWysx,suSEOWysx,suSEOWysx,suSEOWysx,suSEOWysx,suSEOWysx,suSEOWysx,suSEOWysx
suSEOWysx,suSEOWysx,suSEOWysx,suSEOWysx,suSEOWysx,suSEOWysx,suSEOWysx,suSEOWysx,suSEOWysx,suSEOWysx,suSEOWysx
suSEOWysx,suSEOWysx,suSEOWysx,suSEOWysx,suSEOWysx,suSEOWysx,suSEOWysx,suSEOWysx,suSEOWysx,suSEOWysx,suSEOWysx
suSEOWysx
suSEOWysx
suSEOWysx
suSEOWysx,suSEOWysx,suSEOWysx,suSEOWysx,suSEOWysx,suSEOWysx,suSEOWysx,suSEOWysx,suSEOWysx,suSEOWysx,suSEOWysx
suSEOWysx
suSEOWysx,suSEOWysx,suSEOWysx,suSEOWysx,suSEOWysx,suSEOWysx,suSEOWysx,suSEOWysx,suSEOWysx,suSEOWysx,suSEOWysx
suSEOWysx
suSEOWysx,suSEOWysx,suSEOWysx,suSEOWysx,suSEOWysx,suSEOWysx,suSEOWysx,suSEOWysx,suSEOWysx,suSEOWysx,suSEOWysx
suSEOWysx,suSEOWysx,suSEOWysx,suSEOWysx,suSEOWysx,suSEOWysx,suSEOWysx,suSEOWysx,suSEOWysx,suSEOWysx,suSEOWysx
suSEOWysx,suSEOWysx,suSEOWysx,suSEOWysx,suSEOWysx,suSEOWysx,suSEOWysx,suSEOWysx,suSEOWysx,suSEOWysx,suSEOWysx,suSEOWysx
suSEOWysx,suSEOWysx,suSEOWysx,suSEOWysx,suSEOWysx,suSEOWysx,suSEOWysx,suSEOWysx,suSEOWysx,suSEOWysx,suSEOWysx,suSEOWysx
suSEOWysx
suSEOWysx,suSEOWysx,suSEOWysx,suSEOWysx,suSEOWysx,suSEOWysx,suSEOWysx,suSEOWysx,suSEOWysx,suSEOWysx,suSEOWysx,suSEOWysx,suSEOWysx,suSEOWysx
suSEOWysx,suSEOWysx,suSEOWysx,suSEOWysx,suSEOWysx,suSEOWysx,suSEOWysx,suSEOWysx,suSEOWysx,suSEOWysx,suSEOWysx,suSEOWysx,suSEOWysx,suSEOWysx
suSEOWysx,suSEOWysx,suSEOWysx,suSEOWysx,suSEOWysx,suSEOWysx,suSEOWysx,suSEOWysx,suSEOWysx,suSEOWysx,suSEOWysx,suSEOWysx,suSEOWysx,suSEOWysx
suSEOWysx
suSEOWysx
suSEOWysx,suSEOWysx,suSEOWysx,suSEOWysx,suSEOWysx,suSEOWysx,suSEOWysx,suSEOWysx,suSEOWysx,suSEOWysx,suSEOWysx,suSEOWysx,suSEOWysx,suSEOWysx
suSEOWysx
suSEOWysx,suSEOWysx,suSEOWysx,suSEOWysx,suSEOWysx,suSEOWysx,suSEOWysx,suSEOWysx,suSEOWysx,suSEOWysx,suSEOWysx,suSEOWysx,suSEOWysx,suSEOWysx
suSEOWysx
suSEOWysx
suSEOWysx
suSEOWysx,suSEOWysx,suSEOWysx,suSEOWysx,suSEOWysx,suSEOWysx,suSEOWysx,suSEOWysx,suSEOWysx,suSEOWysx,suSEOWysx,suSEOWysx,suSEOWysx
suSEOWysx,suSEOWysx,suSEOWysx,suSEOWysx,suSEOWysx,suSEOWysx,suSEOWysx,suSEOWysx,suSEOWysx,suSEOWysx,suSEOWysx,suSEOWysx,suSEOWysx,suSEOWysx
suSEOWysx
suSEOWysx,suSEOWysx,suSEOWysx,suSEOWysx,suSEOWysx,suSEOWysx,suSEOWysx,suSEOWysx,suSEOWysx,suSEOWysx,suSEOWysx,suSEOWysx,suSEOWysx,suSEOWysx
suSEOWysx
suSEOWysx
suSEOWysx,suSEOWysx,suSEOWysx,suSEOWysx,suSEOWysx,suSEOWysx,suSEOWysx,suSEOWysx,suSEOWysx,suSEOWysx,suSEOWysx,suSEOWysx,suSEOWysx,suSEOWysx
suSEOWysx
suSEOWysx
suSEOWysx,suSEOWysx,suSEOWysx,suSEOWysx,suSEOWysx,suSEOWysx,suSEOWysx,suSEOWysx,suSEOWysx,suSEOWysx,suSEOWysx,suSEOWysx,suSEOWysx,suSEOWysx
suSEOWysx
suSEOWysx
suSEOWysx,suSEOWysx,suSEOWysx,suSEOWysx,suSEOWysx,suSEOWysx,suSEOWysx,suSEOWysx,suSEOWysx,suSEOWysx,suSEOWysx,suSEOWysx,suSEOWysx,suSEOWysx
suSEOWysx
suSEOWysx
suSEOWysx
suSEOWysx
suSEOWysx,suSEOWysx,suSEOWysx,suSEOWysx,suSEOWysx,suSEOWysx,suSEOWysx,suSEOWysx,suSEOWysx,suSEOWysx,suSEOWysx,suSEOWysx,suSEOWysx,suSEOWysx
suSEOWysx,suSEOWysx,suSEOWysx,suSEOWysx,suSEOWysx,suSEOWysx,suSEOWysx,suSEOWysx,suSEOWysx,suSEOWysx,suSEOWysx,suSEOWysx,suSEOWysx,suSEOWysx
suSEOWysx
suSEOWysx
suSEOWysx
suSEOWysx
suSEOWysx
suSEOWysx,suSEOWysx,suSEOWysx,suSEOWysx,suSEOWysx,suSEOWysx,suSEOWysx,suSEOWysx,suSEOWysx,suSEOWysx,suSEOWysx,suSEOWysx,suSEOWysx,suSEOWysx,suSEOWysx
suSEOWysx
suSEOWysx,suSEOWysx,suSEOWysx,suSEOWysx,suSEOWysx,suSEOWysx,suSEOWysx,suSEOWysx,suSEOWysx,suSEOWysx,suSEOWysx,suSEOWysx,suSEOWysx,suSEOWysx,suSEOWysx,suSEOWysx
suSEOWysx
suSEOWysx,suSEOWysx,suSEOWysx,suSEOWysx,suSEOWysx,suSEOWysx,suSEOWysx,suSEOWysx,suSEOWysx,suSEOWysx,suSEOWysx,suSEOWysx,suSEOWysx,suSEOWysx,suSEOWysx,suSEOWysx,suSEOWysx
suSEOWysx
suSEOWysx
suSEOWysx,suSEOWysx,suSEOWysx,suSEOWysx,suSEOWysx,suSEOWysx,suSEOWysx,suSEOWysx,suSEOWysx,suSEOWysx,suSEOWysx,suSEOWysx,suSEOWysx,suSEOWysx,suSEOWysx,suSEOWysx,suSEOWysx
suSEOWysx,suSEOWysx,suSEOWysx,suSEOWysx,suSEOWysx,suSEOWysx,suSEOWysx,suSEOWysx,suSEOWysx,suSEOWysx,suSEOWysx,suSEOWysx,suSEOWysx,suSEOWysx,suSEOWysx,suSEOWysx,suSEOWysx
suSEOWysx
suSEOWysx,suSEOWysx,suSEOWysx,suSEOWysx,suSEOWysx,suSEOWysx,suSEOWysx,suSEOWysx,suSEOWysx,suSEOWysx,suSEOWysx,suSEOWysx,suSEOWysx,suSEOWysx,suSEOWysx,suSEOWysx,suSEOWysx,suSEOWysx
Jedi Wagner, assuma o comando!