Toque! Toque, Dijê!
Toque! Toque, Dijê!
FYIPCgf
FYIPCgf
FYIPCgf
FYIPCgf
Egdqox,jyRzA,FYIPCgf,OV,jyRzA
OV
OV
Egdqox,jyRzA,FYIPCgf,OV,jyRzA
Egdqox
jyRzA,FYIPCgf,OV,Egdqox,jyRzA
Egdqox
Egdqox
OV
Egdqox,jyRzA,FYIPCgf,OV,jyRzA
Egdqox
jyRzA,Egdqox,OV,jyRzA,nNy
jyRzA,OV,Egdqox,FYIPCgf,jyRzA
jyRzA,OV,Egdqox,FYIPCgf,jyRzA
Egdqox
jyRzA,OV,Egdqox,FYIPCgf,jyRzA,Egdqox,GEWtCl,OV
jyRzA,Egdqox,FYIPCgf,OV,jyRzA,Egdqox,GEWtCl,OV,OV,OV
jyRzA,Egdqox,FYIPCgf,OV,jyRzA,Egdqox,GEWtCl,OV,OV,OV,OV
jyRzA,Egdqox,FYIPCgf,OV,jyRzA,Egdqox,GEWtCl,OV,OV,OV,OV
jyRzA,Egdqox,FYIPCgf,OV,jyRzA,Egdqox,GEWtCl,OV,OV,OV,OV,W
jyRzA,Egdqox,FYIPCgf,jyRzA,Egdqox,GEWtCl,OV,OV,OV,OV,W,OV,FYIPCgf
jyRzA
jyRzA,Egdqox,FYIPCgf,jyRzA,Egdqox,GEWtCl,OV,OV,OV,OV,W,OV,FYIPCgf,nNy
jyRzA
Egdqox
Egdqox
jyRzA,FYIPCgf,jyRzA,OV,Egdqox,GEWtCl,OV,OV,OV,W,OV,FYIPCgf,nNy,OV,FYIPCgf,W,GEWtCl,MYeiOYr,GEWtCl,W,Egdqox
OV
jyRzA,FYIPCgf,jyRzA,OV,Egdqox,GEWtCl,OV,OV,OV,W,OV,FYIPCgf,nNy,OV,FYIPCgf,W,GEWtCl,MYeiOYr,GEWtCl,W,Egdqox
jyRzA,FYIPCgf,jyRzA,Egdqox,OV,W,OV,OV,OV,FYIPCgf,nNy,OV,FYIPCgf,W,GEWtCl,MYeiOYr,GEWtCl,W,Egdqox,jyRzA
Egdqox
jyRzA,FYIPCgf,jyRzA,Egdqox,OV,W,OV,OV,OV,FYIPCgf,nNy,OV,FYIPCgf,W,GEWtCl,MYeiOYr,GEWtCl,W,Egdqox,jyRzA
jyRzA,FYIPCgf,jyRzA,Egdqox,OV,W,OV,OV,OV,FYIPCgf,nNy,OV,FYIPCgf,W,GEWtCl,MYeiOYr,GEWtCl,W,Egdqox,jyRzA
jyRzA,FYIPCgf,jyRzA,Egdqox,OV,W,OV,OV,OV,FYIPCgf,nNy,OV,FYIPCgf,W,GEWtCl,MYeiOYr,GEWtCl,W,Egdqox,jyRzA
jyRzA,jyRzA,OV,Egdqox,OV,OV,OV,W,OV,FYIPCgf,nNy,OV,FYIPCgf,W,GEWtCl,MYeiOYr,GEWtCl,W,Egdqox,GEWtCl
jyRzA,OV,Egdqox,OV,jyRzA,nNy,OV,OV,W,OV,FYIPCgf,OV,FYIPCgf,W,GEWtCl,MYeiOYr,GEWtCl,W,Egdqox,GEWtCl,OV
OV
jyRzA,OV,Egdqox,OV,jyRzA,nNy,OV,OV,W,OV,FYIPCgf,OV,FYIPCgf,W,GEWtCl,MYeiOYr,GEWtCl,W,Egdqox,GEWtCl,OV
GEWtCl
jyRzA,Egdqox,OV,GEWtCl,jyRzA,nNy,OV,OV,W,OV,FYIPCgf,OV,FYIPCgf,W,GEWtCl,W,Egdqox,GEWtCl,OV,Egdqox,Egdqox
jyRzA
jyRzA,OV,Egdqox,OV,GEWtCl,jyRzA,nNy,OV,OV,W,OV,FYIPCgf,OV,FYIPCgf,W,GEWtCl,W,Egdqox,GEWtCl,OV,Egdqox,Egdqox
nNy
nNy
jyRzA,OV,Egdqox,OV,jyRzA,nNy,GEWtCl,OV,OV,W,OV,FYIPCgf,OV,FYIPCgf,W,GEWtCl,W,Egdqox,GEWtCl,OV,Egdqox,Egdqox
jyRzA,OV,Egdqox,OV,jyRzA,nNy,GEWtCl,OV,OV,W,OV,FYIPCgf,OV,FYIPCgf,W,GEWtCl,W,Egdqox,GEWtCl,OV,Egdqox,Egdqox
jyRzA,OV,Egdqox,OV,jyRzA,nNy,GEWtCl,OV,OV,W,OV,FYIPCgf,OV,FYIPCgf,W,GEWtCl,W,Egdqox,GEWtCl,OV,Egdqox,Egdqox
GEWtCl
Egdqox
OV,jyRzA,jyRzA,Egdqox,OV,OV,OV,OV,FYIPCgf,W,GEWtCl,W,Egdqox,GEWtCl,OV,Egdqox,Egdqox
Egdqox
Egdqox
OV,jyRzA,jyRzA,Egdqox,OV,OV,OV,OV,FYIPCgf,GEWtCl,W,Egdqox,GEWtCl,OV,Egdqox,Egdqox
jyRzA,jyRzA,Egdqox,OV,OV,OV,OV,OV,FYIPCgf,GEWtCl,W,Egdqox,GEWtCl,OV,Egdqox,Egdqox
GEWtCl
jyRzA,OV,Egdqox,OV,jyRzA,nNy,GEWtCl,OV,OV,W,OV,FYIPCgf,OV,FYIPCgf,W,GEWtCl,W,Egdqox,GEWtCl,OV,Egdqox,Egdqox
GEWtCl
OV
OV
jyRzA,OV,OV,jyRzA,nNy,GEWtCl,Egdqox,OV,OV,W,OV,FYIPCgf,OV,FYIPCgf,W,GEWtCl,W,Egdqox,GEWtCl,OV,Egdqox,Egdqox,Egdqox
jyRzA,OV,jyRzA,nNy,GEWtCl,Egdqox,OV,OV,OV,W,OV,FYIPCgf,OV,FYIPCgf,W,GEWtCl,W,Egdqox,GEWtCl,OV,Egdqox,Egdqox,Egdqox
OV
OV
jyRzA,OV,OV,jyRzA,nNy,GEWtCl,Egdqox,OV,OV,W,OV,FYIPCgf,OV,FYIPCgf,W,GEWtCl,W,Egdqox,GEWtCl,OV,Egdqox,Egdqox,Egdqox,OV,FYIPCgf
OV
OV
OV
OV,OV,jyRzA,nNy,OV,GEWtCl,OV,W,OV,FYIPCgf,OV,FYIPCgf,W,GEWtCl,W,Egdqox,GEWtCl,OV,Egdqox,Egdqox,Egdqox,OV,FYIPCgf
jyRzA,OV,OV,jyRzA,nNy,Egdqox,OV,GEWtCl,OV,W,OV,FYIPCgf,OV,FYIPCgf,W,GEWtCl,W,Egdqox,GEWtCl,OV,Egdqox,Egdqox,Egdqox,OV,FYIPCgf
jyRzA,OV,OV,jyRzA,nNy,Egdqox,OV,GEWtCl,OV,W,OV,FYIPCgf,OV,FYIPCgf,W,GEWtCl,W,Egdqox,GEWtCl,OV,Egdqox,Egdqox,Egdqox,OV,FYIPCgf
GEWtCl
GEWtCl
OV,jyRzA,Egdqox,OV,GEWtCl,OV,W,OV,FYIPCgf,OV,FYIPCgf,W,GEWtCl,W,Egdqox,GEWtCl,OV,Egdqox,Egdqox,Egdqox,OV,FYIPCgf,MYeiOYr
Egdqox
W
W
OV,jyRzA,Egdqox,OV,OV,W,OV,FYIPCgf,OV,FYIPCgf,W,GEWtCl,W,Egdqox,GEWtCl,OV,Egdqox,Egdqox,Egdqox,OV,FYIPCgf,MYeiOYr
OV,jyRzA,Egdqox,OV,OV,MYeiOYr,W,OV,FYIPCgf,OV,FYIPCgf,W,W,Egdqox,GEWtCl,OV,Egdqox,Egdqox,Egdqox,OV,FYIPCgf
W
OV,jyRzA,Egdqox,OV,OV,MYeiOYr,W,OV,FYIPCgf,OV,FYIPCgf,W,W,Egdqox,GEWtCl,OV,Egdqox,Egdqox,Egdqox,OV,FYIPCgf,OV
W
W
W
W
W
OV,jyRzA,Egdqox,OV,OV,MYeiOYr,W,OV,FYIPCgf,OV,FYIPCgf,W,W,Egdqox,GEWtCl,OV,Egdqox,Egdqox,Egdqox,OV,FYIPCgf,OV
OV,jyRzA,Egdqox,OV,OV,MYeiOYr,W,OV,FYIPCgf,OV,FYIPCgf,W,W,Egdqox,GEWtCl,OV,Egdqox,Egdqox,Egdqox,OV,FYIPCgf,OV
OV,jyRzA,Egdqox,OV,OV,MYeiOYr,W,OV,FYIPCgf,OV,FYIPCgf,W,W,Egdqox,GEWtCl,OV,Egdqox,Egdqox,Egdqox,OV,FYIPCgf,OV,OV
OV,jyRzA,Egdqox,OV,OV,MYeiOYr,W,OV,FYIPCgf,OV,FYIPCgf,W,W,Egdqox,OV,Egdqox,Egdqox,Egdqox,OV,FYIPCgf,OV,OV,OV
OV,jyRzA,Egdqox,OV,OV,MYeiOYr,W,OV,FYIPCgf,OV,FYIPCgf,W,W,Egdqox,OV,Egdqox,Egdqox,Egdqox,OV,FYIPCgf,OV,OV,OV
jyRzA,Egdqox,OV,OV,MYeiOYr,W,OV,FYIPCgf,OV,OV,FYIPCgf,W,W,Egdqox,OV,Egdqox,Egdqox,Egdqox,OV,FYIPCgf,OV,OV,OV
jyRzA,OV,MYeiOYr,W,OV,FYIPCgf,OV,OV,FYIPCgf,W,W,Egdqox,OV,Egdqox,Egdqox,Egdqox,OV,FYIPCgf,OV,OV,OV,OV,Egdqox
jyRzA,OV,MYeiOYr,W,OV,FYIPCgf,OV,OV,FYIPCgf,W,W,Egdqox,OV,Egdqox,Egdqox,Egdqox,OV,FYIPCgf,OV,OV,OV,OV,Egdqox
FYIPCgf
FYIPCgf
jyRzA,OV,MYeiOYr,W,OV,FYIPCgf,OV,OV,FYIPCgf,W,W,Egdqox,OV,Egdqox,Egdqox,Egdqox,OV,FYIPCgf,OV,OV,OV,OV,Egdqox,nNy
OV
jyRzA,OV,MYeiOYr,W,OV,OV,OV,FYIPCgf,W,W,Egdqox,OV,Egdqox,Egdqox,Egdqox,OV,FYIPCgf,OV,OV,OV,OV,Egdqox,nNy,Egdqox
OV
OV
OV
OV
OV,MYeiOYr,W,OV,OV,OV,W,W,Egdqox,OV,Egdqox,Egdqox,Egdqox,OV,FYIPCgf,OV,OV,OV,OV,Egdqox,nNy,Egdqox
OV,MYeiOYr,W,OV,OV,OV,W,W,Egdqox,OV,Egdqox,Egdqox,Egdqox,OV,FYIPCgf,OV,OV,OV,OV,Egdqox,nNy,Egdqox
OV
OV
OV,MYeiOYr,W,OV,OV,OV,W,W,Egdqox,OV,Egdqox,Egdqox,Egdqox,OV,FYIPCgf,OV,OV,OV,OV,Egdqox,nNy,Egdqox
W
OV,W,OV,OV,OV,W,W,Egdqox,OV,Egdqox,Egdqox,Egdqox,OV,OV,OV,OV,OV,Egdqox,nNy,Egdqox
OV,W,OV,OV,OV,W,W,Egdqox,OV,Egdqox,Egdqox,Egdqox,OV,OV,OV,OV,OV,Egdqox,nNy,Egdqox
W
OV,W,OV,OV,OV,W,W,Egdqox,OV,Egdqox,Egdqox,Egdqox,OV,OV,OV,OV,OV,Egdqox,nNy,Egdqox
W
W
OV,MYeiOYr,W,OV,OV,OV,W,W,Egdqox,OV,Egdqox,Egdqox,Egdqox,OV,FYIPCgf,OV,OV,OV,OV,Egdqox,nNy,Egdqox
OV,MYeiOYr,W,OV,OV,OV,W,W,Egdqox,OV,Egdqox,Egdqox,Egdqox,OV,FYIPCgf,OV,OV,OV,OV,Egdqox,nNy,Egdqox,GEWtCl
OV,MYeiOYr,W,OV,OV,OV,W,W,Egdqox,OV,Egdqox,Egdqox,Egdqox,OV,FYIPCgf,OV,OV,OV,OV,Egdqox,nNy,Egdqox
W
MYeiOYr,W,OV,OV,OV,W,W,OV,Egdqox,Egdqox,Egdqox,OV,FYIPCgf,OV,OV,OV,OV,Egdqox,Egdqox,MYeiOYr
W
W
OV,OV,OV,W,W,MYeiOYr,W,OV,Egdqox,Egdqox,Egdqox,OV,FYIPCgf,OV,OV,OV,OV,Egdqox,Egdqox,MYeiOYr,FYIPCgf
OV,OV,OV,W,MYeiOYr,jyRzA,W,W,OV,Egdqox,Egdqox,OV,FYIPCgf,OV,OV,OV,OV,Egdqox,Egdqox,MYeiOYr,FYIPCgf
jyRzA
MYeiOYr
MYeiOYr
OV,OV,OV,W,W,MYeiOYr,W,OV,Egdqox,Egdqox,Egdqox,OV,OV,OV,OV,OV,Egdqox,Egdqox,MYeiOYr,FYIPCgf,nNy
OV,OV,OV,W,W,MYeiOYr,W,OV,Egdqox,Egdqox,Egdqox,OV,OV,OV,OV,OV,Egdqox,Egdqox,MYeiOYr,FYIPCgf,nNy
OV,OV,OV,W,MYeiOYr,W,OV,Egdqox,Egdqox,Egdqox,OV,OV,OV,OV,OV,Egdqox,Egdqox,MYeiOYr,FYIPCgf
OV,OV,OV,W,MYeiOYr,W,OV,Egdqox,Egdqox,Egdqox,OV,OV,OV,OV,OV,Egdqox,Egdqox,MYeiOYr,FYIPCgf
OV,OV,OV,W,MYeiOYr,W,OV,Egdqox,Egdqox,Egdqox,OV,OV,OV,OV,OV,Egdqox,Egdqox,MYeiOYr,FYIPCgf
OV,OV,OV,W,MYeiOYr,W,OV,Egdqox,Egdqox,Egdqox,OV,OV,OV,OV,OV,Egdqox,Egdqox,MYeiOYr,FYIPCgf
FYIPCgf
OV,OV,OV,W,MYeiOYr,W,FYIPCgf,Egdqox,OV,Egdqox,Egdqox,OV,OV,OV,OV,OV,Egdqox,Egdqox,MYeiOYr,Egdqox
FYIPCgf
OV,OV,OV,W,MYeiOYr,W,OV,Egdqox,Egdqox,Egdqox,OV,OV,OV,OV,OV,Egdqox,Egdqox,MYeiOYr,FYIPCgf
OV,OV,OV,W,MYeiOYr,W,OV,Egdqox,Egdqox,Egdqox,OV,OV,OV,OV,OV,Egdqox,Egdqox,MYeiOYr,FYIPCgf
OV
OV
OV
OV
OV,OV,OV,W,MYeiOYr,W,OV,Egdqox,Egdqox,Egdqox,OV,OV,OV,OV,OV,Egdqox,Egdqox,MYeiOYr,FYIPCgf,nNy,Egdqox,jyRzA
OV
MYeiOYr
MYeiOYr
OV,OV,OV,W,W,OV,MYeiOYr,Egdqox,Egdqox,Egdqox,OV,OV,OV,OV,OV,Egdqox,Egdqox,MYeiOYr,FYIPCgf,nNy,Egdqox,jyRzA,W
Egdqox
OV,OV,OV,W,W,OV,MYeiOYr,Egdqox,Egdqox,Egdqox,OV,OV,OV,OV,OV,Egdqox,Egdqox,MYeiOYr,FYIPCgf,nNy,Egdqox,jyRzA,W,Egdqox
OV,OV,OV,W,OV,MYeiOYr,Egdqox,Egdqox,Egdqox,OV,OV,OV,OV,OV,Egdqox,Egdqox,MYeiOYr,FYIPCgf,nNy,Egdqox,jyRzA,W,Egdqox,jyRzA,jyRzA,MYeiOYr
OV
FYIPCgf
OV,OV,OV,W,OV,MYeiOYr,Egdqox,Egdqox,Egdqox,OV,OV,FYIPCgf,OV,OV,OV,Egdqox,Egdqox,MYeiOYr,nNy,Egdqox,W,Egdqox,jyRzA,jyRzA,MYeiOYr
OV,OV,OV,W,OV,MYeiOYr,Egdqox,Egdqox,Egdqox,OV,OV,FYIPCgf,OV,OV,OV,Egdqox,Egdqox,MYeiOYr,nNy,Egdqox,W,Egdqox,jyRzA,jyRzA,MYeiOYr
FYIPCgf
OV,OV,OV,W,OV,MYeiOYr,Egdqox,Egdqox,Egdqox,OV,OV,FYIPCgf,OV,OV,OV,Egdqox,Egdqox,MYeiOYr,nNy,Egdqox,W,Egdqox,jyRzA,jyRzA,MYeiOYr,FYIPCgf,W
OV
OV,OV,OV,W,OV,MYeiOYr,Egdqox,Egdqox,Egdqox,OV,OV,OV,OV,OV,Egdqox,Egdqox,MYeiOYr,nNy,Egdqox,W,Egdqox,jyRzA,jyRzA,MYeiOYr
OV,OV,OV,W,OV,MYeiOYr,Egdqox,Egdqox,Egdqox,OV,OV,OV,OV,OV,Egdqox,Egdqox,MYeiOYr,nNy,Egdqox,W,Egdqox,jyRzA,jyRzA,MYeiOYr
OV,OV,OV,W,OV,MYeiOYr,Egdqox,Egdqox,Egdqox,OV,OV,OV,OV,OV,Egdqox,Egdqox,MYeiOYr,nNy,Egdqox,W,Egdqox,jyRzA,jyRzA,MYeiOYr,W
jyRzA
jyRzA
jyRzA
OV,OV,OV,W,OV,MYeiOYr,Egdqox,Egdqox,Egdqox,OV,OV,OV,OV,jyRzA,OV,Egdqox,Egdqox,MYeiOYr,nNy,Egdqox,W,Egdqox,jyRzA,MYeiOYr,W
OV,OV,OV,W,OV,MYeiOYr,Egdqox,Egdqox,Egdqox,OV,OV,OV,OV,jyRzA,OV,Egdqox,Egdqox,MYeiOYr,nNy,Egdqox,W,Egdqox,jyRzA,MYeiOYr,W
OV,OV,OV,OV,MYeiOYr,Egdqox,Egdqox,Egdqox,OV,OV,OV,OV,jyRzA,OV,Egdqox,W,Egdqox,MYeiOYr,Egdqox,W,Egdqox,jyRzA,MYeiOYr,W
Egdqox
MYeiOYr
OV,OV,OV,OV,Egdqox,Egdqox,Egdqox,OV,OV,OV,OV,jyRzA,OV,Egdqox,MYeiOYr,W,Egdqox,MYeiOYr,Egdqox,W,Egdqox,jyRzA,MYeiOYr,W
Egdqox
Egdqox
OV,OV,W,OV,MYeiOYr,Egdqox,Egdqox,Egdqox,OV,OV,OV,OV,jyRzA,OV,Egdqox,Egdqox,MYeiOYr,nNy,Egdqox,W,Egdqox,jyRzA,MYeiOYr,W,W,MYeiOYr,nNy
OV,OV,W,OV,MYeiOYr,Egdqox,Egdqox,OV,OV,OV,OV,jyRzA,OV,Egdqox,Egdqox,MYeiOYr,nNy,Egdqox,W,Egdqox,jyRzA,MYeiOYr,W,W,MYeiOYr,nNy
Egdqox
Egdqox
Egdqox
OV,OV,OV,MYeiOYr,Egdqox,Egdqox,Egdqox,OV,OV,OV,OV,jyRzA,OV,Egdqox,W,Egdqox,MYeiOYr,Egdqox,W,Egdqox,jyRzA,MYeiOYr,W,W,MYeiOYr,nNy,MYeiOYr,Egdqox,GEWtCl,OV
W
W
W
W
W
OV,OV,MYeiOYr,Egdqox,Egdqox,OV,OV,OV,OV,OV,Egdqox,W,Egdqox,Egdqox,MYeiOYr,Egdqox,W,Egdqox,jyRzA,MYeiOYr,W,W,MYeiOYr,nNy,MYeiOYr,Egdqox,GEWtCl,OV,GEWtCl
W
W
OV,OV,OV,Egdqox,Egdqox,Egdqox,OV,OV,OV,OV,jyRzA,OV,Egdqox,W,Egdqox,MYeiOYr,Egdqox,W,Egdqox,jyRzA,MYeiOYr,W,W,MYeiOYr,nNy,MYeiOYr,Egdqox,GEWtCl,OV,Egdqox
Jedi Wagner, assuma o comando!