[vazia]
GeWI
Toque! Toque, Dijê!
Toque! Toque, Dijê!
[vazia]
GeWI
uxxeLLk
uxxeLLk
uxxeLLk
uxxeLLk
Toque! Toque, Dijê!
[vazia]
Toque! Toque, Dijê!
[vazia]
Toque! Toque, Dijê!
UPUmMrYK
UPUmMrYK
UPUmMrYK
UPUmMrYK
UPUmMrYK
UPUmMrYK
UPUmMrYK
UPUmMrYK
UPUmMrYK
Toque! Toque, Dijê!
UPUmMrYK
UPUmMrYK
UPUmMrYK
UPUmMrYK
UPUmMrYK,uxxeLLk,UPUmMrYK
UPUmMrYK,uxxeLLk,UPUmMrYK
UPUmMrYK
UPUmMrYK
UPUmMrYK
UPUmMrYK
UPUmMrYK
UPUmMrYK
UPUmMrYK,iszaTPyUW
UPUmMrYK
UPUmMrYK,iszaTPyUW,GeWI
UPUmMrYK,iszaTPyUW,GeWI
UPUmMrYK,GeWI,iszaTPyUW,iszaTPyUW
UPUmMrYK,iszaTPyUW,GeWI
GeWI
UPUmMrYK,iszaTPyUW,GeWI,UPUmMrYK,UPUmMrYK
UPUmMrYK
UPUmMrYK
UPUmMrYK
iszaTPyUW,UPUmMrYK,GeWI,UPUmMrYK,UPUmMrYK
UPUmMrYK
iszaTPyUW,UPUmMrYK,GeWI,UPUmMrYK,UPUmMrYK
iszaTPyUW,UPUmMrYK,GeWI,UPUmMrYK,UPUmMrYK
GeWI
GeWI
GeWI
iszaTPyUW,UPUmMrYK,GeWI,UPUmMrYK,UPUmMrYK,iszaTPyUW,UPUmMrYK
UPUmMrYK
iszaTPyUW
iszaTPyUW
UPUmMrYK,UPUmMrYK,iszaTPyUW,UPUmMrYK,iszaTPyUW,UPUmMrYK,UPUmMrYK,GeWI
iszaTPyUW
iszaTPyUW
iszaTPyUW
UPUmMrYK,UPUmMrYK,iszaTPyUW,UPUmMrYK,UPUmMrYK,UPUmMrYK,GeWI,UPUmMrYK
UPUmMrYK,UPUmMrYK,iszaTPyUW,GeWI,UPUmMrYK,UPUmMrYK,UPUmMrYK,UPUmMrYK
GeWI
UPUmMrYK,UPUmMrYK,GeWI,iszaTPyUW,UPUmMrYK,UPUmMrYK,UPUmMrYK,UPUmMrYK,GeWI
UPUmMrYK,UPUmMrYK,UPUmMrYK,UPUmMrYK,UPUmMrYK,UPUmMrYK,GeWI,GeWI,iszaTPyUW,iszaTPyUW
UPUmMrYK
UPUmMrYK
UPUmMrYK
UPUmMrYK
UPUmMrYK
UPUmMrYK,UPUmMrYK,UPUmMrYK,UPUmMrYK,UPUmMrYK,UPUmMrYK,GeWI,GeWI,iszaTPyUW,iszaTPyUW
UPUmMrYK
UPUmMrYK
UPUmMrYK
UPUmMrYK
UPUmMrYK,UPUmMrYK,UPUmMrYK,UPUmMrYK,iszaTPyUW,UPUmMrYK,GeWI,iszaTPyUW,GeWI
UPUmMrYK,UPUmMrYK,UPUmMrYK,UPUmMrYK,iszaTPyUW,UPUmMrYK,GeWI,iszaTPyUW,GeWI
UPUmMrYK,UPUmMrYK,UPUmMrYK,UPUmMrYK,iszaTPyUW,UPUmMrYK,GeWI,iszaTPyUW,GeWI
UPUmMrYK,UPUmMrYK,UPUmMrYK,UPUmMrYK,UPUmMrYK,UPUmMrYK,GeWI,GeWI,iszaTPyUW,iszaTPyUW,GeWI,uxxeLLk
GeWI
UPUmMrYK,UPUmMrYK,UPUmMrYK,UPUmMrYK,UPUmMrYK,UPUmMrYK,GeWI,GeWI,iszaTPyUW,iszaTPyUW,GeWI,uxxeLLk,UPUmMrYK
GeWI
GeWI
UPUmMrYK,UPUmMrYK,UPUmMrYK,UPUmMrYK,UPUmMrYK,UPUmMrYK,GeWI,GeWI,iszaTPyUW,iszaTPyUW,GeWI,uxxeLLk,UPUmMrYK
GeWI
uxxeLLk
uxxeLLk
UPUmMrYK,UPUmMrYK,UPUmMrYK,UPUmMrYK,UPUmMrYK,iszaTPyUW,uxxeLLk,GeWI,GeWI,iszaTPyUW,GeWI,UPUmMrYK,iszaTPyUW
UPUmMrYK,UPUmMrYK,UPUmMrYK,UPUmMrYK,UPUmMrYK,iszaTPyUW,uxxeLLk,GeWI,GeWI,iszaTPyUW,GeWI,UPUmMrYK,iszaTPyUW
GeWI
UPUmMrYK,UPUmMrYK,UPUmMrYK,UPUmMrYK,UPUmMrYK,iszaTPyUW,uxxeLLk,GeWI,GeWI,iszaTPyUW,GeWI,UPUmMrYK,iszaTPyUW
UPUmMrYK,UPUmMrYK,UPUmMrYK,UPUmMrYK,UPUmMrYK,iszaTPyUW,uxxeLLk,GeWI,GeWI,iszaTPyUW,GeWI,UPUmMrYK,iszaTPyUW,iszaTPyUW
UPUmMrYK,UPUmMrYK,UPUmMrYK,UPUmMrYK,UPUmMrYK,iszaTPyUW,uxxeLLk,GeWI,GeWI,iszaTPyUW,GeWI,UPUmMrYK,iszaTPyUW,iszaTPyUW
uxxeLLk
iszaTPyUW
iszaTPyUW
iszaTPyUW
uxxeLLk
UPUmMrYK,UPUmMrYK,UPUmMrYK,UPUmMrYK,UPUmMrYK,GeWI,GeWI,iszaTPyUW,uxxeLLk,GeWI,UPUmMrYK,iszaTPyUW,iszaTPyUW,UPUmMrYK
iszaTPyUW
iszaTPyUW
UPUmMrYK,UPUmMrYK,UPUmMrYK,UPUmMrYK,UPUmMrYK,GeWI,uxxeLLk,iszaTPyUW,GeWI,UPUmMrYK,iszaTPyUW,iszaTPyUW,uxxeLLk
GeWI
UPUmMrYK,UPUmMrYK,UPUmMrYK,UPUmMrYK,UPUmMrYK,GeWI,uxxeLLk,iszaTPyUW,GeWI,GeWI,UPUmMrYK,iszaTPyUW,iszaTPyUW,GeWI,GeWI
GeWI
UPUmMrYK,UPUmMrYK,UPUmMrYK,UPUmMrYK,UPUmMrYK,uxxeLLk,iszaTPyUW,GeWI,GeWI,UPUmMrYK,iszaTPyUW,iszaTPyUW,GeWI,GeWI,iszaTPyUW
UPUmMrYK,UPUmMrYK,UPUmMrYK,UPUmMrYK,uxxeLLk,iszaTPyUW,GeWI,UPUmMrYK,GeWI,UPUmMrYK,iszaTPyUW,iszaTPyUW,GeWI,GeWI,iszaTPyUW
UPUmMrYK,UPUmMrYK,UPUmMrYK,UPUmMrYK,UPUmMrYK,GeWI,GeWI,uxxeLLk,iszaTPyUW,GeWI,UPUmMrYK,iszaTPyUW,iszaTPyUW
UPUmMrYK,UPUmMrYK,UPUmMrYK,UPUmMrYK,UPUmMrYK,GeWI,GeWI,uxxeLLk,iszaTPyUW,GeWI,UPUmMrYK,iszaTPyUW,iszaTPyUW
UPUmMrYK
UPUmMrYK
UPUmMrYK
UPUmMrYK,UPUmMrYK,GeWI,GeWI,iszaTPyUW,UPUmMrYK,UPUmMrYK,GeWI,UPUmMrYK,iszaTPyUW,iszaTPyUW,UPUmMrYK,iszaTPyUW,GeWI,UPUmMrYK,GeWI
iszaTPyUW
UPUmMrYK,UPUmMrYK,iszaTPyUW,UPUmMrYK,UPUmMrYK,GeWI,UPUmMrYK,iszaTPyUW,iszaTPyUW,GeWI,GeWI,UPUmMrYK,iszaTPyUW,GeWI,UPUmMrYK,GeWI
GeWI
UPUmMrYK,iszaTPyUW,UPUmMrYK,UPUmMrYK,UPUmMrYK,iszaTPyUW,iszaTPyUW,GeWI,GeWI,GeWI,UPUmMrYK,iszaTPyUW,GeWI,UPUmMrYK,GeWI
UPUmMrYK
iszaTPyUW,UPUmMrYK,UPUmMrYK,UPUmMrYK,iszaTPyUW,iszaTPyUW,GeWI,GeWI,GeWI,UPUmMrYK,UPUmMrYK,iszaTPyUW,GeWI,UPUmMrYK,GeWI
GeWI
UPUmMrYK,UPUmMrYK,UPUmMrYK,UPUmMrYK,iszaTPyUW,iszaTPyUW,GeWI,GeWI,UPUmMrYK,iszaTPyUW,GeWI,UPUmMrYK,GeWI,GeWI
UPUmMrYK,UPUmMrYK,UPUmMrYK,iszaTPyUW,iszaTPyUW,GeWI,GeWI,UPUmMrYK,UPUmMrYK,iszaTPyUW,GeWI,UPUmMrYK,GeWI,GeWI
UPUmMrYK
UPUmMrYK,UPUmMrYK,UPUmMrYK,iszaTPyUW,iszaTPyUW,GeWI,UPUmMrYK,GeWI,UPUmMrYK,iszaTPyUW,GeWI,UPUmMrYK,GeWI,GeWI,iszaTPyUW
GeWI
GeWI
GeWI
UPUmMrYK,UPUmMrYK,UPUmMrYK,iszaTPyUW,iszaTPyUW,GeWI,UPUmMrYK,GeWI,UPUmMrYK,iszaTPyUW,GeWI,UPUmMrYK,GeWI,GeWI,iszaTPyUW
UPUmMrYK,UPUmMrYK,UPUmMrYK,iszaTPyUW,iszaTPyUW,GeWI,UPUmMrYK,GeWI,UPUmMrYK,iszaTPyUW,GeWI,UPUmMrYK,GeWI,GeWI,iszaTPyUW
UPUmMrYK,UPUmMrYK,UPUmMrYK,iszaTPyUW,iszaTPyUW,GeWI,UPUmMrYK,GeWI,UPUmMrYK,iszaTPyUW,GeWI,UPUmMrYK,GeWI,GeWI,iszaTPyUW
GeWI
GeWI
UPUmMrYK,iszaTPyUW,iszaTPyUW,UPUmMrYK,GeWI,UPUmMrYK,GeWI,UPUmMrYK,iszaTPyUW,GeWI,UPUmMrYK,GeWI,GeWI,iszaTPyUW,iszaTPyUW
UPUmMrYK
Jedi Wagner, assuma o comando!