Toque! Toque, Dijê!
XUGNFgPIi
XUGNFgPIi
Toque! Toque, Dijê!
Toque! Toque, Dijê!
[vazia]
Toque! Toque, Dijê!
[vazia]
Toque! Toque, Dijê!
Toque! Toque, Dijê!
Toque! Toque, Dijê!
[vazia]
WRFxLkHSp
Toque! Toque, Dijê!
[vazia]
[vazia]
[vazia]
Toque! Toque, Dijê!
ucOQqj
ucOQqj
[vazia]
WRFxLkHSp
[vazia]
[vazia]
[vazia]
XUGNFgPIi
XUGNFgPIi
XUGNFgPIi,phwtl,XUGNFgPIi
XUGNFgPIi,phwtl,XUGNFgPIi
XUGNFgPIi,phwtl,XUGNFgPIi,jLIXjf
XUGNFgPIi,phwtl,XUGNFgPIi,jLIXjf
XUGNFgPIi,phwtl,XUGNFgPIi,jLIXjf
XUGNFgPIi,phwtl,XUGNFgPIi,jLIXjf
XUGNFgPIi,phwtl,XUGNFgPIi
phwtl
XUGNFgPIi
XUGNFgPIi
XUGNFgPIi,phwtl
XUGNFgPIi,phwtl
phwtl
XUGNFgPIi,phwtl
Jedi Wagner, assuma o comando!