bRWxIpNtB
bRWxIpNtB
bRWxIpNtB
[vazia]
[vazia]
Toque! Toque, Dijê!
Toque! Toque, Dijê!
Toque! Toque, Dijê!
Toque! Toque, Dijê!
[vazia]
xtEeoJ
xtEeoJ
bRWxIpNtB
bRWxIpNtB
bRWxIpNtB
bRWxIpNtB
bRWxIpNtB
bRWxIpNtB,xtEeoJ,xtEeoJ,bRWxIpNtB,xtEeoJ,xtEeoJ,bRWxIpNtB
xtEeoJ
xtEeoJ,xtEeoJ,bRWxIpNtB,xtEeoJ,xtEeoJ,bRWxIpNtB,bRWxIpNtB
xtEeoJ
xtEeoJ
xtEeoJ
bRWxIpNtB,xtEeoJ,bRWxIpNtB,xtEeoJ,xtEeoJ,bRWxIpNtB
bRWxIpNtB,xtEeoJ,bRWxIpNtB,xtEeoJ,xtEeoJ,bRWxIpNtB,xtEeoJ
xtEeoJ
xtEeoJ
bRWxIpNtB,xtEeoJ,bRWxIpNtB,xtEeoJ,xtEeoJ,bRWxIpNtB,xtEeoJ
xtEeoJ,bRWxIpNtB,bRWxIpNtB,xtEeoJ,xtEeoJ,bRWxIpNtB,xtEeoJ
bRWxIpNtB
xtEeoJ,bRWxIpNtB,bRWxIpNtB,xtEeoJ,xtEeoJ,bRWxIpNtB,xtEeoJ
xtEeoJ
xtEeoJ
bRWxIpNtB,xtEeoJ,xtEeoJ,bRWxIpNtB,xtEeoJ,xtEeoJ,bRWxIpNtB,bRWxIpNtB
xtEeoJ,bRWxIpNtB,xtEeoJ,xtEeoJ,bRWxIpNtB,bRWxIpNtB
xtEeoJ,bRWxIpNtB,xtEeoJ,xtEeoJ,bRWxIpNtB,bRWxIpNtB
xtEeoJ
bRWxIpNtB,xtEeoJ,xtEeoJ,bRWxIpNtB,bRWxIpNtB,bRWxIpNtB,bRWxIpNtB
bRWxIpNtB,xtEeoJ,xtEeoJ,bRWxIpNtB,bRWxIpNtB,bRWxIpNtB,bRWxIpNtB
xtEeoJ
xtEeoJ
xtEeoJ
xtEeoJ
bRWxIpNtB,xtEeoJ,xtEeoJ,bRWxIpNtB,bRWxIpNtB,bRWxIpNtB,bRWxIpNtB,xtEeoJ
xtEeoJ
xtEeoJ
xtEeoJ,bRWxIpNtB,bRWxIpNtB,bRWxIpNtB
bRWxIpNtB,xtEeoJ,bRWxIpNtB,bRWxIpNtB
xtEeoJ
bRWxIpNtB
xtEeoJ
bRWxIpNtB,bRWxIpNtB,bRWxIpNtB,xtEeoJ
bRWxIpNtB,bRWxIpNtB,bRWxIpNtB,xtEeoJ,bRWxIpNtB
bRWxIpNtB
bRWxIpNtB
bRWxIpNtB
bRWxIpNtB
bRWxIpNtB
xtEeoJ
bRWxIpNtB,xtEeoJ,xtEeoJ,bRWxIpNtB,bRWxIpNtB,bRWxIpNtB,bRWxIpNtB
xtEeoJ,xtEeoJ,bRWxIpNtB,bRWxIpNtB,bRWxIpNtB,bRWxIpNtB,bRWxIpNtB
xtEeoJ,xtEeoJ,bRWxIpNtB,bRWxIpNtB,bRWxIpNtB,bRWxIpNtB,bRWxIpNtB
xtEeoJ,xtEeoJ,bRWxIpNtB,bRWxIpNtB,bRWxIpNtB,bRWxIpNtB,bRWxIpNtB
xtEeoJ,bRWxIpNtB,bRWxIpNtB,bRWxIpNtB,bRWxIpNtB,bRWxIpNtB,xtEeoJ
xtEeoJ,bRWxIpNtB,bRWxIpNtB,bRWxIpNtB,bRWxIpNtB,bRWxIpNtB,xtEeoJ
xtEeoJ,bRWxIpNtB,bRWxIpNtB,bRWxIpNtB,bRWxIpNtB,bRWxIpNtB,xtEeoJ,bRWxIpNtB,xtEeoJ,bRWxIpNtB,bRWxIpNtB,bRWxIpNtB
xtEeoJ
xtEeoJ
bRWxIpNtB,xtEeoJ,xtEeoJ,bRWxIpNtB,bRWxIpNtB,bRWxIpNtB,bRWxIpNtB
xtEeoJ
xtEeoJ,xtEeoJ,bRWxIpNtB,bRWxIpNtB
xtEeoJ
xtEeoJ,xtEeoJ,bRWxIpNtB,bRWxIpNtB,bRWxIpNtB
xtEeoJ
xtEeoJ,xtEeoJ,bRWxIpNtB,bRWxIpNtB,bRWxIpNtB,bRWxIpNtB,bRWxIpNtB,xtEeoJ,bRWxIpNtB,bRWxIpNtB,bRWxIpNtB
xtEeoJ
xtEeoJ
xtEeoJ,xtEeoJ,bRWxIpNtB,bRWxIpNtB,bRWxIpNtB,bRWxIpNtB,bRWxIpNtB
xtEeoJ
xtEeoJ,xtEeoJ,bRWxIpNtB,bRWxIpNtB,bRWxIpNtB,bRWxIpNtB,bRWxIpNtB
xtEeoJ
xtEeoJ
xtEeoJ,xtEeoJ,bRWxIpNtB,bRWxIpNtB,bRWxIpNtB,bRWxIpNtB,bRWxIpNtB,bRWxIpNtB,bRWxIpNtB,xtEeoJ
xtEeoJ,xtEeoJ,bRWxIpNtB,bRWxIpNtB,bRWxIpNtB,bRWxIpNtB,bRWxIpNtB,bRWxIpNtB,bRWxIpNtB,xtEeoJ
xtEeoJ,xtEeoJ,bRWxIpNtB,bRWxIpNtB,bRWxIpNtB,bRWxIpNtB,bRWxIpNtB,bRWxIpNtB,bRWxIpNtB,xtEeoJ
xtEeoJ
xtEeoJ,xtEeoJ,bRWxIpNtB,bRWxIpNtB,bRWxIpNtB,bRWxIpNtB,bRWxIpNtB
xtEeoJ,xtEeoJ,bRWxIpNtB,bRWxIpNtB,bRWxIpNtB,bRWxIpNtB,bRWxIpNtB
xtEeoJ,xtEeoJ,bRWxIpNtB,bRWxIpNtB,bRWxIpNtB,bRWxIpNtB,bRWxIpNtB
xtEeoJ
xtEeoJ,xtEeoJ,bRWxIpNtB,bRWxIpNtB,bRWxIpNtB,bRWxIpNtB,bRWxIpNtB
xtEeoJ,bRWxIpNtB,bRWxIpNtB,bRWxIpNtB,bRWxIpNtB,bRWxIpNtB
bRWxIpNtB
bRWxIpNtB
bRWxIpNtB
xtEeoJ,bRWxIpNtB,bRWxIpNtB,bRWxIpNtB,bRWxIpNtB,bRWxIpNtB
bRWxIpNtB
xtEeoJ,bRWxIpNtB,bRWxIpNtB,bRWxIpNtB,bRWxIpNtB,bRWxIpNtB
bRWxIpNtB,bRWxIpNtB,bRWxIpNtB,bRWxIpNtB,bRWxIpNtB
xtEeoJ,bRWxIpNtB,xtEeoJ,bRWxIpNtB,bRWxIpNtB,bRWxIpNtB,bRWxIpNtB,bRWxIpNtB,xtEeoJ,xtEeoJ
xtEeoJ
bRWxIpNtB,xtEeoJ,bRWxIpNtB,bRWxIpNtB,bRWxIpNtB,bRWxIpNtB,xtEeoJ,xtEeoJ,xtEeoJ,xtEeoJ,bRWxIpNtB,bRWxIpNtB,bRWxIpNtB
xtEeoJ
xtEeoJ
xtEeoJ
xtEeoJ,bRWxIpNtB,bRWxIpNtB,bRWxIpNtB,bRWxIpNtB,bRWxIpNtB,xtEeoJ,xtEeoJ,xtEeoJ,xtEeoJ,bRWxIpNtB,bRWxIpNtB,bRWxIpNtB,xtEeoJ
xtEeoJ
xtEeoJ,bRWxIpNtB,bRWxIpNtB,bRWxIpNtB,bRWxIpNtB,bRWxIpNtB,xtEeoJ,xtEeoJ,xtEeoJ,xtEeoJ,bRWxIpNtB,bRWxIpNtB,bRWxIpNtB,xtEeoJ
xtEeoJ
xtEeoJ,bRWxIpNtB,bRWxIpNtB,bRWxIpNtB,bRWxIpNtB,bRWxIpNtB,xtEeoJ,xtEeoJ,xtEeoJ,xtEeoJ,bRWxIpNtB,bRWxIpNtB,bRWxIpNtB,xtEeoJ
xtEeoJ
xtEeoJ
xtEeoJ,bRWxIpNtB,bRWxIpNtB,bRWxIpNtB,bRWxIpNtB,xtEeoJ,xtEeoJ,xtEeoJ,xtEeoJ,bRWxIpNtB,bRWxIpNtB,bRWxIpNtB,xtEeoJ
xtEeoJ,bRWxIpNtB,bRWxIpNtB,bRWxIpNtB,bRWxIpNtB,bRWxIpNtB,xtEeoJ,xtEeoJ,xtEeoJ,xtEeoJ,bRWxIpNtB,bRWxIpNtB,bRWxIpNtB
bRWxIpNtB
bRWxIpNtB
bRWxIpNtB,bRWxIpNtB,bRWxIpNtB,bRWxIpNtB,bRWxIpNtB,xtEeoJ,xtEeoJ,xtEeoJ,xtEeoJ,bRWxIpNtB,bRWxIpNtB,bRWxIpNtB
bRWxIpNtB
bRWxIpNtB,bRWxIpNtB,bRWxIpNtB,bRWxIpNtB,xtEeoJ,xtEeoJ,xtEeoJ,xtEeoJ,bRWxIpNtB,bRWxIpNtB,bRWxIpNtB,xtEeoJ
bRWxIpNtB,bRWxIpNtB,bRWxIpNtB,bRWxIpNtB,xtEeoJ,xtEeoJ,xtEeoJ,xtEeoJ,bRWxIpNtB,bRWxIpNtB,bRWxIpNtB,xtEeoJ
xtEeoJ
bRWxIpNtB,bRWxIpNtB,bRWxIpNtB,bRWxIpNtB,xtEeoJ,xtEeoJ,xtEeoJ,xtEeoJ,bRWxIpNtB,bRWxIpNtB,bRWxIpNtB,xtEeoJ
bRWxIpNtB,xtEeoJ,bRWxIpNtB,bRWxIpNtB,bRWxIpNtB,bRWxIpNtB,xtEeoJ,xtEeoJ,xtEeoJ,xtEeoJ,bRWxIpNtB,bRWxIpNtB,bRWxIpNtB,xtEeoJ
bRWxIpNtB,xtEeoJ,bRWxIpNtB,bRWxIpNtB,bRWxIpNtB,bRWxIpNtB,xtEeoJ,xtEeoJ,xtEeoJ,xtEeoJ,bRWxIpNtB,bRWxIpNtB,bRWxIpNtB,xtEeoJ
xtEeoJ
xtEeoJ
bRWxIpNtB,xtEeoJ,bRWxIpNtB,bRWxIpNtB,bRWxIpNtB,bRWxIpNtB,xtEeoJ,xtEeoJ,xtEeoJ,xtEeoJ,bRWxIpNtB,bRWxIpNtB,bRWxIpNtB
xtEeoJ,bRWxIpNtB,bRWxIpNtB,bRWxIpNtB,xtEeoJ,xtEeoJ,xtEeoJ,xtEeoJ,bRWxIpNtB,bRWxIpNtB,bRWxIpNtB
xtEeoJ,bRWxIpNtB,bRWxIpNtB,xtEeoJ,xtEeoJ,xtEeoJ,xtEeoJ,bRWxIpNtB,bRWxIpNtB,bRWxIpNtB
bRWxIpNtB
bRWxIpNtB,xtEeoJ,bRWxIpNtB,xtEeoJ,xtEeoJ,xtEeoJ,xtEeoJ,bRWxIpNtB,bRWxIpNtB,bRWxIpNtB
xtEeoJ
xtEeoJ,bRWxIpNtB,xtEeoJ,xtEeoJ,xtEeoJ,bRWxIpNtB,bRWxIpNtB,bRWxIpNtB
bRWxIpNtB,xtEeoJ,xtEeoJ,xtEeoJ,xtEeoJ,bRWxIpNtB,bRWxIpNtB,bRWxIpNtB
bRWxIpNtB
xtEeoJ,bRWxIpNtB,xtEeoJ,xtEeoJ,bRWxIpNtB,bRWxIpNtB,bRWxIpNtB,xtEeoJ,xtEeoJ
bRWxIpNtB,xtEeoJ,xtEeoJ,bRWxIpNtB,bRWxIpNtB,bRWxIpNtB,xtEeoJ,xtEeoJ
bRWxIpNtB
xtEeoJ,bRWxIpNtB,bRWxIpNtB,xtEeoJ,xtEeoJ,xtEeoJ,xtEeoJ,bRWxIpNtB,bRWxIpNtB,bRWxIpNtB
xtEeoJ,bRWxIpNtB,bRWxIpNtB,xtEeoJ,xtEeoJ,xtEeoJ,xtEeoJ,bRWxIpNtB,bRWxIpNtB,bRWxIpNtB
bRWxIpNtB
bRWxIpNtB
bRWxIpNtB
bRWxIpNtB,xtEeoJ,xtEeoJ,bRWxIpNtB,bRWxIpNtB,bRWxIpNtB,xtEeoJ
bRWxIpNtB,xtEeoJ,xtEeoJ,bRWxIpNtB,xtEeoJ,xtEeoJ
bRWxIpNtB
bRWxIpNtB,xtEeoJ,bRWxIpNtB,xtEeoJ,xtEeoJ,xtEeoJ
bRWxIpNtB,xtEeoJ,bRWxIpNtB,xtEeoJ,xtEeoJ,xtEeoJ
bRWxIpNtB,xtEeoJ,xtEeoJ,bRWxIpNtB,xtEeoJ,xtEeoJ
bRWxIpNtB
bRWxIpNtB,xtEeoJ,bRWxIpNtB,xtEeoJ,xtEeoJ,xtEeoJ
xtEeoJ,bRWxIpNtB,xtEeoJ,bRWxIpNtB,xtEeoJ,xtEeoJ
bRWxIpNtB
xtEeoJ,bRWxIpNtB,xtEeoJ,bRWxIpNtB,xtEeoJ,xtEeoJ,bRWxIpNtB
xtEeoJ,bRWxIpNtB,xtEeoJ,bRWxIpNtB,xtEeoJ,xtEeoJ,bRWxIpNtB
xtEeoJ,bRWxIpNtB,xtEeoJ,bRWxIpNtB,xtEeoJ,xtEeoJ,bRWxIpNtB
bRWxIpNtB,xtEeoJ,xtEeoJ,bRWxIpNtB,xtEeoJ,xtEeoJ,xtEeoJ
bRWxIpNtB,xtEeoJ,xtEeoJ,bRWxIpNtB,xtEeoJ,xtEeoJ,xtEeoJ
bRWxIpNtB
bRWxIpNtB
xtEeoJ,bRWxIpNtB,xtEeoJ,xtEeoJ
bRWxIpNtB
bRWxIpNtB
xtEeoJ,xtEeoJ,bRWxIpNtB,bRWxIpNtB,xtEeoJ,xtEeoJ,bRWxIpNtB
xtEeoJ
xtEeoJ,xtEeoJ,bRWxIpNtB,xtEeoJ,xtEeoJ,bRWxIpNtB,xtEeoJ
xtEeoJ
xtEeoJ,xtEeoJ,bRWxIpNtB,xtEeoJ,xtEeoJ,bRWxIpNtB
xtEeoJ
xtEeoJ
xtEeoJ,xtEeoJ,bRWxIpNtB,xtEeoJ,xtEeoJ,bRWxIpNtB
xtEeoJ
xtEeoJ
xtEeoJ,bRWxIpNtB,xtEeoJ,xtEeoJ,bRWxIpNtB
xtEeoJ,xtEeoJ,xtEeoJ
xtEeoJ
xtEeoJ,xtEeoJ,xtEeoJ
xtEeoJ,xtEeoJ,xtEeoJ
xtEeoJ
xtEeoJ
xtEeoJ
xtEeoJ
xtEeoJ,xtEeoJ,xtEeoJ
xtEeoJ
xtEeoJ,xtEeoJ,xtEeoJ,xtEeoJ
xtEeoJ,xtEeoJ,xtEeoJ,xtEeoJ
xtEeoJ,xtEeoJ,xtEeoJ
xtEeoJ,xtEeoJ,xtEeoJ
xtEeoJ
xtEeoJ,xtEeoJ,xtEeoJ
xtEeoJ,xtEeoJ,xtEeoJ
Jedi Wagner, assuma o comando!