[vazia]
Toque! Toque, Dijê!
[vazia]
[vazia]
F,mT
F
F
kLUCukThXI
kLUCukThXI,F,Rg
F
kLUCukThXI,Rg,axbyzLAHYj
Rg,kLUCukThXI,axbyzLAHYj,Rg
axbyzLAHYj
Rg,axbyzLAHYj,kLUCukThXI,Rg,Rg
axbyzLAHYj
Rg,axbyzLAHYj,kLUCukThXI,Rg,Rg
Rg,axbyzLAHYj,kLUCukThXI,Rg,Rg
Rg,kLUCukThXI,axbyzLAHYj,Rg,Rg,M
kLUCukThXI
Rg
Rg
Rg
Rg
Rg,kLUCukThXI,axbyzLAHYj,Rg,Rg,M
kLUCukThXI,axbyzLAHYj,Rg,M,Rg
kLUCukThXI,axbyzLAHYj,Rg,M,Rg
Rg,M,Rg,kLUCukThXI
kLUCukThXI,Rg,Rg,M
Rg
Rg,kLUCukThXI,axbyzLAHYj,Rg,M,Rg,axbyzLAHYj,VwyFDoHan
Rg
Rg,kLUCukThXI,axbyzLAHYj,Rg,M,Rg,axbyzLAHYj
axbyzLAHYj
Rg,kLUCukThXI,axbyzLAHYj,Rg,M,Rg,axbyzLAHYj,F,F
Rg,kLUCukThXI,axbyzLAHYj,Rg,M,Rg,axbyzLAHYj,F,F,FkUshg
F
Rg,kLUCukThXI,axbyzLAHYj,Rg,Rg,axbyzLAHYj,M,F,F,FkUshg,Rg,Rg
FkUshg
Rg,kLUCukThXI,Rg,Rg,axbyzLAHYj,M,F,F,FkUshg,axbyzLAHYj,Rg,ePOwjmFlk,axbyzLAHYj,FkUshg
FkUshg
Rg,kLUCukThXI,axbyzLAHYj,Rg,Rg,axbyzLAHYj,M,F,F,FkUshg,Rg,ePOwjmFlk,axbyzLAHYj,FkUshg
Rg,kLUCukThXI,axbyzLAHYj,Rg,Rg,axbyzLAHYj,M,F,F,FkUshg,Rg,ePOwjmFlk,axbyzLAHYj
FkUshg
Rg,kLUCukThXI,axbyzLAHYj,Rg,Rg,axbyzLAHYj,M,F,Rg,ePOwjmFlk,axbyzLAHYj
kLUCukThXI,axbyzLAHYj,Rg,Rg,axbyzLAHYj,M,F,F,Rg,ePOwjmFlk,Rg,axbyzLAHYj,ePOwjmFlk,FkUshg
ePOwjmFlk
kLUCukThXI,axbyzLAHYj,Rg,Rg,axbyzLAHYj,F,F,Rg,ePOwjmFlk,M,Rg,axbyzLAHYj,ePOwjmFlk,FkUshg,M
kLUCukThXI,axbyzLAHYj,Rg,Rg,axbyzLAHYj,F,F,Rg,ePOwjmFlk,M,Rg,axbyzLAHYj,ePOwjmFlk,FkUshg
kLUCukThXI,axbyzLAHYj,Rg,Rg,axbyzLAHYj,F,F,Rg,ePOwjmFlk,M,Rg,axbyzLAHYj,ePOwjmFlk,FkUshg
ePOwjmFlk
ePOwjmFlk
axbyzLAHYj
FkUshg
Jedi Wagner, assuma o comando!