racGQmPFM
[vazia]
RU
RU
RU
RU,racGQmPFM,racGQmPFM
racGQmPFM,RU
RU
RU,racGQmPFM,RU
RU
RU,racGQmPFM,RU
RU
RU,RU
RU,RU
RU,RU
RU,RU
RU,RU
RU,RU
RU
RU
RU
RU
RU
RU
RU
RU
RU,RU,racGQmPFM,uy
RU,RU,uy
RU
RU,RU,uy
RU
RU,RU
RU
RU
RU
RU,RU
RU,RU
RU,RU
RU
RU
RU
RU
RU,RU
RU,RU
RU,RU
xRtFwHDh
RU,RU,racGQmPFM,xRtFwHDh
racGQmPFM
RU,RU,racGQmPFM,xRtFwHDh
xRtFwHDh
racGQmPFM
RU,RU,xRtFwHDh,racGQmPFM
RU,RU,xRtFwHDh
RU,xRtFwHDh
xRtFwHDh
RU,RU,racGQmPFM,xRtFwHDh
RU
RU
RU
RU,racGQmPFM
RU
RU,RU,racGQmPFM
RU,RU,racGQmPFM
RU,racGQmPFM
RU,racGQmPFM,uy,racGQmPFM
RU
RU,RU,racGQmPFM,uy
RU
RU
RU,RU,racGQmPFM
RU
RU,RU,racGQmPFM
RU,RU,racGQmPFM
RU
RU
racGQmPFM
racGQmPFM
racGQmPFM
uy
racGQmPFM,RU,RU,uy,xRtFwHDh,racGQmPFM
uy,racGQmPFM,RU,RU,uy,xRtFwHDh,racGQmPFM,uy
racGQmPFM
uy,racGQmPFM,RU,uy,xRtFwHDh,racGQmPFM
uy,racGQmPFM,uy,xRtFwHDh,racGQmPFM
racGQmPFM
uy,racGQmPFM,RU,uy,xRtFwHDh,racGQmPFM
racGQmPFM
uy,racGQmPFM,RU,uy,xRtFwHDh,racGQmPFM,uy
uy,racGQmPFM,RU,uy,xRtFwHDh,racGQmPFM,uy
uy,racGQmPFM,RU,uy,xRtFwHDh,racGQmPFM,uy
uy,racGQmPFM,RU,uy,xRtFwHDh,racGQmPFM,uy
uy
uy,racGQmPFM,RU,uy,racGQmPFM,uy,RU,uy,xRtFwHDh
xRtFwHDh
uy
racGQmPFM,xRtFwHDh,uy,RU,racGQmPFM,uy,RU,RU,uy
racGQmPFM
xRtFwHDh,uy,racGQmPFM,RU,racGQmPFM,uy,RU,RU,uy
racGQmPFM
racGQmPFM
racGQmPFM
racGQmPFM
RU
RU
xRtFwHDh,RU,uy,RU,RU,uy
xRtFwHDh,racGQmPFM,RU,uy,RU,RU,uy
uy
xRtFwHDh,racGQmPFM,uy,RU,RU,uy
xRtFwHDh,racGQmPFM,uy,RU,RU,uy
xRtFwHDh,racGQmPFM,uy,RU,RU,uy
xRtFwHDh,uy,RU,RU,uy,xRtFwHDh,RU,racGQmPFM
xRtFwHDh,uy,RU,RU,uy,xRtFwHDh,RU,racGQmPFM,xRtFwHDh
uy
uy
xRtFwHDh,uy,xRtFwHDh,RU,racGQmPFM,RU,RU,uy,xRtFwHDh,uy,uy,RU
uy
xRtFwHDh,uy,xRtFwHDh,racGQmPFM,RU,RU,uy,RU,xRtFwHDh,uy,uy,RU
RU
xRtFwHDh,uy,xRtFwHDh,racGQmPFM,RU,RU,uy,RU,xRtFwHDh,uy,uy,RU
racGQmPFM
xRtFwHDh,uy,RU,RU,uy,xRtFwHDh,RU,racGQmPFM,xRtFwHDh,uy,racGQmPFM
xRtFwHDh,uy,RU,RU,uy,xRtFwHDh,RU,racGQmPFM,xRtFwHDh,uy,racGQmPFM
racGQmPFM
uy,RU,RU,uy,xRtFwHDh,RU,racGQmPFM,xRtFwHDh,uy,racGQmPFM
racGQmPFM
xRtFwHDh
xRtFwHDh
xRtFwHDh,uy,RU,uy,xRtFwHDh,RU,xRtFwHDh,uy,RU,RU,racGQmPFM,xRtFwHDh
xRtFwHDh,uy,RU,uy,xRtFwHDh,RU,xRtFwHDh,uy,RU,RU,racGQmPFM,xRtFwHDh
xRtFwHDh,uy,RU,uy,xRtFwHDh,RU,xRtFwHDh,uy,RU,RU,racGQmPFM,xRtFwHDh
xRtFwHDh,RU,RU,uy,xRtFwHDh,RU,racGQmPFM,xRtFwHDh,uy
xRtFwHDh,RU,xRtFwHDh,RU,racGQmPFM,RU,xRtFwHDh,uy
xRtFwHDh,RU,xRtFwHDh,RU,racGQmPFM,RU,xRtFwHDh,xRtFwHDh
xRtFwHDh,uy,RU,RU,uy,xRtFwHDh,RU,racGQmPFM,xRtFwHDh,uy
racGQmPFM
xRtFwHDh
xRtFwHDh,uy,RU,RU,uy,xRtFwHDh,RU,racGQmPFM,xRtFwHDh,uy
racGQmPFM
xRtFwHDh,uy,RU,RU,uy,xRtFwHDh,RU,xRtFwHDh,uy
xRtFwHDh,uy,RU,RU,uy,xRtFwHDh,RU,xRtFwHDh,uy,uy
xRtFwHDh
xRtFwHDh
xRtFwHDh,uy,RU,RU,uy,xRtFwHDh,RU,xRtFwHDh,uy,uy,RU
xRtFwHDh,uy,RU,RU,uy,xRtFwHDh,RU,xRtFwHDh,uy,uy,RU
uy
xRtFwHDh,RU,RU,uy,xRtFwHDh,RU,xRtFwHDh,uy,uy,uy,RU
uy
xRtFwHDh
xRtFwHDh
xRtFwHDh
xRtFwHDh
RU,xRtFwHDh,RU,xRtFwHDh,uy,xRtFwHDh,uy,RU,RU,racGQmPFM
RU,xRtFwHDh,RU,xRtFwHDh,uy,xRtFwHDh,uy,RU,RU,racGQmPFM
xRtFwHDh
RU,xRtFwHDh,RU,xRtFwHDh,uy,xRtFwHDh,uy,RU,RU,racGQmPFM
racGQmPFM
RU
RU
xRtFwHDh,xRtFwHDh,xRtFwHDh,racGQmPFM,RU,uy,RU,RU,uy,RU
xRtFwHDh,xRtFwHDh,racGQmPFM,uy,xRtFwHDh,RU,RU,RU,uy,RU
RU
RU
RU
RU
Jedi Wagner, assuma o comando!