aVILhmShey
aVILhmShey
aVILhmShey
aVILhmShey
aVILhmShey,aVILhmShey
aVILhmShey
aVILhmShey
aVILhmShey,aVILhmShey,aVILhmShey
aVILhmShey,aVILhmShey,aVILhmShey
aVILhmShey
aVILhmShey
aVILhmShey,aVILhmShey
aVILhmShey,aVILhmShey
aVILhmShey,aVILhmShey
aVILhmShey
aVILhmShey
aVILhmShey
Toque! Toque, Dijê!
Toque! Toque, Dijê!
Toque! Toque, Dijê!
Toque! Toque, Dijê!
Toque! Toque, Dijê!
[vazia]
Toque! Toque, Dijê!
aVILhmShey
aVILhmShey
aVILhmShey
aVILhmShey
aVILhmShey
aVILhmShey
aVILhmShey
aVILhmShey,aVILhmShey
Toque! Toque, Dijê!
aVILhmShey
aVILhmShey
aVILhmShey
aVILhmShey
aVILhmShey,aVILhmShey
aVILhmShey
aVILhmShey
aVILhmShey
aVILhmShey
aVILhmShey
aVILhmShey,aVILhmShey
aVILhmShey
aVILhmShey,aVILhmShey
aVILhmShey,aVILhmShey,aVILhmShey
aVILhmShey
aVILhmShey
aVILhmShey,aVILhmShey,aVILhmShey,aVILhmShey,aVILhmShey
aVILhmShey
aVILhmShey,aVILhmShey
aVILhmShey,aVILhmShey
aVILhmShey
aVILhmShey
aVILhmShey
aVILhmShey
aVILhmShey
aVILhmShey,aVILhmShey,aVILhmShey
aVILhmShey
aVILhmShey
aVILhmShey
aVILhmShey
aVILhmShey
aVILhmShey
aVILhmShey
aVILhmShey
aVILhmShey,aVILhmShey,aVILhmShey,aVILhmShey
aVILhmShey,aVILhmShey,aVILhmShey,aVILhmShey
aVILhmShey,aVILhmShey,aVILhmShey,aVILhmShey
aVILhmShey
aVILhmShey
aVILhmShey
aVILhmShey,aVILhmShey,aVILhmShey
aVILhmShey,aVILhmShey
aVILhmShey,aVILhmShey
aVILhmShey,aVILhmShey
aVILhmShey,aVILhmShey
aVILhmShey
aVILhmShey,aVILhmShey,aVILhmShey
aVILhmShey,aVILhmShey,aVILhmShey
aVILhmShey,aVILhmShey,aVILhmShey
aVILhmShey,aVILhmShey,aVILhmShey
aVILhmShey
aVILhmShey
aVILhmShey
aVILhmShey
aVILhmShey,aVILhmShey,aVILhmShey
aVILhmShey
aVILhmShey,aVILhmShey,aVILhmShey
aVILhmShey,aVILhmShey,aVILhmShey
aVILhmShey
aVILhmShey,aVILhmShey,aVILhmShey,aVILhmShey
aVILhmShey
aVILhmShey
aVILhmShey,aVILhmShey,aVILhmShey
aVILhmShey,aVILhmShey
aVILhmShey,aVILhmShey,aVILhmShey
aVILhmShey
aVILhmShey,aVILhmShey,aVILhmShey,aVILhmShey
aVILhmShey,aVILhmShey,aVILhmShey,aVILhmShey,aVILhmShey
aVILhmShey,aVILhmShey,aVILhmShey,aVILhmShey,aVILhmShey
aVILhmShey
Jedi Wagner, assuma o comando!