BrwZVL
BrwZVL,BrwZVL
BrwZVL,BrwZVL
BrwZVL,BrwZVL
BrwZVL
BrwZVL,BrwZVL,BrwZVL
BrwZVL
BrwZVL
BrwZVL
BrwZVL
BrwZVL
BrwZVL
BrwZVL
BrwZVL,BrwZVL,BrwZVL,BrwZVL,BrwZVL,BrwZVL
BrwZVL
BrwZVL,BrwZVL,BrwZVL,BrwZVL,BrwZVL
BrwZVL,BrwZVL,BrwZVL,BrwZVL,BrwZVL
BrwZVL
BrwZVL
BrwZVL
BrwZVL,BrwZVL,BrwZVL,BrwZVL,BrwZVL
BrwZVL,BrwZVL,BrwZVL,BrwZVL,BrwZVL
BrwZVL,BrwZVL,BrwZVL,BrwZVL,BrwZVL
BrwZVL
BrwZVL
BrwZVL
BrwZVL,BrwZVL
BrwZVL,BrwZVL
BrwZVL,BrwZVL,BrwZVL
BrwZVL
BrwZVL
BrwZVL,BrwZVL,BrwZVL,BrwZVL,BrwZVL
BrwZVL,BrwZVL,BrwZVL,BrwZVL
BrwZVL,BrwZVL,BrwZVL,BrwZVL
BrwZVL,BrwZVL,BrwZVL,BrwZVL
BrwZVL
BrwZVL,BrwZVL,BrwZVL,BrwZVL,BrwZVL
BrwZVL
BrwZVL
BrwZVL,BrwZVL,BrwZVL,BrwZVL,BrwZVL
BrwZVL
BrwZVL
BrwZVL
BrwZVL,BrwZVL,BrwZVL,BrwZVL,BrwZVL
BrwZVL
BrwZVL
BrwZVL,BrwZVL,BrwZVL,BrwZVL,BrwZVL
BrwZVL
BrwZVL,BrwZVL,BrwZVL,BrwZVL
BrwZVL
BrwZVL,BrwZVL,BrwZVL,BrwZVL,BrwZVL,BrwZVL
BrwZVL
BrwZVL
BrwZVL
BrwZVL,BrwZVL,BrwZVL,BrwZVL,BrwZVL
BrwZVL
BrwZVL,BrwZVL,BrwZVL,BrwZVL,BrwZVL
BrwZVL,BrwZVL,BrwZVL,BrwZVL,BrwZVL
BrwZVL,BrwZVL,BrwZVL,BrwZVL,BrwZVL
BrwZVL,BrwZVL,BrwZVL,BrwZVL,BrwZVL
BrwZVL
BrwZVL,BrwZVL,BrwZVL,BrwZVL,BrwZVL,BrwZVL
BrwZVL,BrwZVL,BrwZVL,BrwZVL,BrwZVL
BrwZVL
BrwZVL
BrwZVL,BrwZVL,BrwZVL
BrwZVL
BrwZVL
BrwZVL
BrwZVL,BrwZVL,BrwZVL,BrwZVL,BrwZVL,BrwZVL
BrwZVL
BrwZVL,BrwZVL,BrwZVL,BrwZVL
BrwZVL
BrwZVL,BrwZVL,BrwZVL,BrwZVL
BrwZVL
BrwZVL,BrwZVL,BrwZVL,BrwZVL,BrwZVL
BrwZVL,BrwZVL,BrwZVL,BrwZVL,BrwZVL
BrwZVL
BrwZVL,BrwZVL,BrwZVL,BrwZVL,BrwZVL
BrwZVL
BrwZVL
BrwZVL
BrwZVL,BrwZVL,BrwZVL,BrwZVL,BrwZVL
BrwZVL,BrwZVL,BrwZVL,BrwZVL,BrwZVL
BrwZVL
BrwZVL
BrwZVL,BrwZVL,BrwZVL,BrwZVL
BrwZVL
BrwZVL,BrwZVL,BrwZVL,BrwZVL
BrwZVL
BrwZVL,BrwZVL,BrwZVL,BrwZVL,BrwZVL
BrwZVL,BrwZVL,BrwZVL,BrwZVL,BrwZVL
BrwZVL,BrwZVL,BrwZVL,BrwZVL,BrwZVL
BrwZVL
BrwZVL,BrwZVL,BrwZVL,BrwZVL
BrwZVL
BrwZVL,BrwZVL,BrwZVL,BrwZVL,BrwZVL
BrwZVL
BrwZVL
BrwZVL,BrwZVL,BrwZVL,BrwZVL,BrwZVL
BrwZVL,BrwZVL,BrwZVL,BrwZVL
BrwZVL
BrwZVL,BrwZVL,BrwZVL
BrwZVL,BrwZVL,BrwZVL
BrwZVL
BrwZVL,BrwZVL,BrwZVL
BrwZVL,BrwZVL,BrwZVL
BrwZVL
BrwZVL,BrwZVL,BrwZVL
BrwZVL
BrwZVL
BrwZVL,BrwZVL,BrwZVL,BrwZVL
BrwZVL
BrwZVL,BrwZVL,BrwZVL,BrwZVL,BrwZVL,BrwZVL
BrwZVL,BrwZVL,BrwZVL,BrwZVL,BrwZVL,BrwZVL
BrwZVL,BrwZVL,BrwZVL,BrwZVL,BrwZVL,BrwZVL
BrwZVL,BrwZVL,BrwZVL,BrwZVL,BrwZVL,BrwZVL
BrwZVL
BrwZVL,BrwZVL,BrwZVL,BrwZVL
BrwZVL,BrwZVL,BrwZVL,BrwZVL,BrwZVL
BrwZVL,BrwZVL,BrwZVL
BrwZVL
BrwZVL,BrwZVL,BrwZVL,BrwZVL
BrwZVL,BrwZVL,BrwZVL,BrwZVL,BrwZVL,BrwZVL
BrwZVL,BrwZVL,BrwZVL
BrwZVL
BrwZVL,BrwZVL,BrwZVL
BrwZVL
BrwZVL,BrwZVL,BrwZVL,BrwZVL
BrwZVL,BrwZVL,BrwZVL
BrwZVL
BrwZVL,BrwZVL,BrwZVL,BrwZVL
BrwZVL
BrwZVL
BrwZVL,BrwZVL,BrwZVL,BrwZVL
BrwZVL
BrwZVL
BrwZVL,BrwZVL,BrwZVL,BrwZVL
BrwZVL
BrwZVL,BrwZVL,BrwZVL,BrwZVL,BrwZVL
BrwZVL
BrwZVL
BrwZVL,BrwZVL,BrwZVL,BrwZVL,BrwZVL,BrwZVL,BrwZVL,BrwZVL,BrwZVL,BrwZVL,BrwZVL,BrwZVL
BrwZVL,BrwZVL,BrwZVL,BrwZVL
BrwZVL,BrwZVL,BrwZVL,BrwZVL
BrwZVL,BrwZVL,BrwZVL
BrwZVL
BrwZVL
BrwZVL,BrwZVL,BrwZVL,BrwZVL,BrwZVL
BrwZVL
BrwZVL
BrwZVL
BrwZVL
BrwZVL
BrwZVL
BrwZVL,BrwZVL,BrwZVL,BrwZVL,BrwZVL
BrwZVL,BrwZVL,BrwZVL,BrwZVL,BrwZVL,BrwZVL
BrwZVL
BrwZVL,BrwZVL,BrwZVL,BrwZVL,BrwZVL
BrwZVL
BrwZVL
BrwZVL
BrwZVL,BrwZVL,BrwZVL,BrwZVL,BrwZVL,BrwZVL
BrwZVL,BrwZVL,BrwZVL,BrwZVL,BrwZVL,BrwZVL,BrwZVL,BrwZVL
BrwZVL
BrwZVL,BrwZVL,BrwZVL,BrwZVL
BrwZVL
BrwZVL,BrwZVL,BrwZVL,BrwZVL,BrwZVL,BrwZVL
BrwZVL,BrwZVL,BrwZVL,BrwZVL,BrwZVL
BrwZVL
BrwZVL
BrwZVL
BrwZVL,BrwZVL,BrwZVL,BrwZVL
BrwZVL,BrwZVL,BrwZVL
BrwZVL
BrwZVL,BrwZVL,BrwZVL,BrwZVL
BrwZVL
BrwZVL,BrwZVL,BrwZVL,BrwZVL
BrwZVL,BrwZVL,BrwZVL,BrwZVL
BrwZVL,BrwZVL,BrwZVL,BrwZVL
Jedi Wagner, assuma o comando!