Toque! Toque, Dijê!
[vazia]
Toque! Toque, Dijê!
[vazia]
Toque! Toque, Dijê!
Toque! Toque, Dijê!
[vazia]
[vazia]
[vazia]
YJqcwGEUF,mtvuMe
YJqcwGEUF,mtvuMe,kjBpN
YJqcwGEUF
YJqcwGEUF
YJqcwGEUF
YJqcwGEUF
YJqcwGEUF
mtvuMe,YJqcwGEUF
YJqcwGEUF,mtvuMe
YJqcwGEUF
YJqcwGEUF
mtvuMe
mtvuMe
mtvuMe
mtvuMe
mtvuMe
YJqcwGEUF
YJqcwGEUF
YJqcwGEUF,mtvuMe
YJqcwGEUF
YJqcwGEUF
mtvuMe,YJqcwGEUF
mtvuMe,sbK,mtvuMe
mtvuMe,sbK,mtvuMe
mtvuMe,sbK,mtvuMe,sbK
mtvuMe
mtvuMe,mtvuMe
mtvuMe
mtvuMe,sbK,mtvuMe,sbK
mtvuMe,sbK,mtvuMe,sbK
mtvuMe
mtvuMe
mtvuMe,sbK,sbK,mtvuMe
mtvuMe,sbK,sbK,mtvuMe,YJqcwGEUF
mtvuMe
mtvuMe
sbK,sbK,mtvuMe,mtvuMe,kjBpN
sbK,sbK,mtvuMe,mtvuMe,kjBpN
sbK,sbK,mtvuMe,mtvuMe,kjBpN
mtvuMe
mtvuMe
mtvuMe,sbK,sbK,mtvuMe,sbK
mtvuMe,sbK,sbK,mtvuMe,sbK
mtvuMe
mtvuMe
sbK,mtvuMe,sbK,mtvuMe,sbK
sbK
sbK
sbK
mtvuMe
mtvuMe
mtvuMe,sbK,sbK,mtvuMe,kjBpN
mtvuMe
mtvuMe,sbK,sbK,mtvuMe,kjBpN,mtvuMe
mtvuMe,sbK,sbK,mtvuMe,kjBpN,mtvuMe
mtvuMe,sbK,sbK,mtvuMe,mtvuMe,kjBpN,kjBpN
mtvuMe,sbK,sbK,mtvuMe,mtvuMe,kjBpN,kjBpN
kjBpN
YJqcwGEUF
sbK
sbK
sbK,mtvuMe,mtvuMe,kjBpN,mtvuMe,mtvuMe,kjBpN
mtvuMe
sbK,mtvuMe,mtvuMe,kjBpN,mtvuMe,mtvuMe,YJqcwGEUF
sbK,mtvuMe,mtvuMe,kjBpN,mtvuMe,mtvuMe,YJqcwGEUF
mtvuMe
mtvuMe,mtvuMe,kjBpN,mtvuMe,mtvuMe,sbK
mtvuMe,mtvuMe,kjBpN,mtvuMe,mtvuMe,sbK
mtvuMe,mtvuMe,kjBpN,mtvuMe,mtvuMe,sbK
kjBpN
mtvuMe,mtvuMe,mtvuMe,mtvuMe,kjBpN,sbK
mtvuMe
mtvuMe,mtvuMe,mtvuMe,mtvuMe,kjBpN,YJqcwGEUF
mtvuMe,mtvuMe,mtvuMe,kjBpN,sbK,mtvuMe
mtvuMe,mtvuMe,mtvuMe,mtvuMe,kjBpN
mtvuMe
mtvuMe,mtvuMe,mtvuMe,mtvuMe,kjBpN,sbK,kjBpN
mtvuMe
mtvuMe
mtvuMe,mtvuMe,mtvuMe,mtvuMe,sbK,kjBpN,sbK
kjBpN
mtvuMe,mtvuMe,mtvuMe,mtvuMe,sbK,kjBpN,sbK
mtvuMe
mtvuMe
mtvuMe,mtvuMe,mtvuMe,mtvuMe,sbK,kjBpN,sbK,YJqcwGEUF,YJqcwGEUF
mtvuMe
mtvuMe,mtvuMe,mtvuMe,mtvuMe,sbK,kjBpN,sbK,YJqcwGEUF,YJqcwGEUF
mtvuMe,mtvuMe,mtvuMe,mtvuMe,sbK,kjBpN,sbK,YJqcwGEUF,YJqcwGEUF
mtvuMe
Jedi Wagner, assuma o comando!