toH
Toque! Toque, Dijê!
kbKxfPWpDI
kbKxfPWpDI
kbKxfPWpDI
kbKxfPWpDI,vOIxAwsRWB,ysWfmMYKU
[vazia]
[vazia]
Toque! Toque, Dijê!
[vazia]
Toque! Toque, Dijê!
VZz
RygiEyN
RygiEyN
RygiEyN
RygiEyN
RygiEyN
RygiEyN
RygiEyN,kbKxfPWpDI
RygiEyN,kbKxfPWpDI
RygiEyN
RygiEyN
RygiEyN
RygiEyN
RygiEyN,kbKxfPWpDI,ysWfmMYKU
RygiEyN,ysWfmMYKU
RygiEyN,ysWfmMYKU
RygiEyN,ysWfmMYKU
RygiEyN,ysWfmMYKU,BgXSHygRw
RygiEyN
RygiEyN
RygiEyN,ysWfmMYKU,BgXSHygRw
RygiEyN
RygiEyN
RygiEyN
RygiEyN
RygiEyN
RygiEyN
RygiEyN
RygiEyN
RygiEyN
RygiEyN
RygiEyN
RygiEyN,VZz
RygiEyN
RygiEyN
RygiEyN
RygiEyN
RygiEyN
RygiEyN
RygiEyN
RygiEyN
RygiEyN,pxrdoyp,z
RygiEyN
RygiEyN
RygiEyN
RygiEyN
RygiEyN
RygiEyN
RygiEyN
RygiEyN,BgXSHygRw
RygiEyN
RygiEyN
RygiEyN
RygiEyN
RygiEyN
RygiEyN
RygiEyN
RygiEyN
RygiEyN
RygiEyN
RygiEyN
RygiEyN
RygiEyN
RygiEyN
RygiEyN
RygiEyN
RygiEyN
RygiEyN
RygiEyN
RygiEyN
RygiEyN,kbKxfPWpDI
RygiEyN
RygiEyN
RygiEyN
RygiEyN
RygiEyN
RygiEyN
pxrdoyp
RygiEyN,pxrdoyp
pxrdoyp
RygiEyN,pxrdoyp
RygiEyN,pxrdoyp,VZz
RygiEyN,pxrdoyp,VZz
VZz
RygiEyN
pxrdoyp
Jedi Wagner, assuma o comando!