c
c
c
lTtmVdXJ
RE
RE,Odkge
[vazia]
Toque! Toque, Dijê!
d,PZhYsgU,Odkge,RE
d,PZhYsgU,Odkge,RE
[vazia]
[vazia]
Toque! Toque, Dijê!
we
[vazia]
DcxU
DcxU
DcxU
DcxU
DcxU
DcxU
lTtmVdXJ,DcxU
lTtmVdXJ,DcxU
DcxU
DcxU
lTtmVdXJ,DcxU
lTtmVdXJ,DcxU,DcxU,RE
DcxU
DcxU
lTtmVdXJ,DcxU,DcxU,DcxU,i
DcxU
DcxU,DcxU,i
i
DcxU,i,DcxU
i
i
DcxU
DcxU
DcxU
DcxU,i,DcxU,c
DcxU,i,DcxU,c
DcxU
DcxU
DcxU
DcxU
DcxU
DcxU,DcxU,c,PZhYsgU
DcxU,DcxU,c,PZhYsgU
DcxU
DcxU,i,DcxU,c
DcxU,i,DcxU,c,c
DcxU
DcxU
DcxU
DcxU,i,DcxU,c,c
DcxU,i,DcxU,c,c,c
DcxU
DcxU,DcxU,c,i,c,c,PZhYsgU
DcxU,DcxU,c,i,PZhYsgU,c,c
DcxU,DcxU,c,i,c,c,PZhYsgU
i
DcxU,DcxU,c,i,c,c,PZhYsgU
DcxU,DcxU,c,i,c,c,PZhYsgU
DcxU,DcxU,c,i,PZhYsgU,c,c,c
PZhYsgU
DcxU,DcxU,c,i,PZhYsgU,c,c,c,PZhYsgU,lTtmVdXJ
DcxU,DcxU,c,i,PZhYsgU,c,c,c,PZhYsgU
DcxU,DcxU,c,i,PZhYsgU,c,c,c,PZhYsgU,i
PZhYsgU
DcxU,DcxU,i,PZhYsgU,c,c,c,c,PZhYsgU,i
DcxU,DcxU,i,PZhYsgU,c,c,c,c,PZhYsgU,i
c
DcxU,DcxU,i,PZhYsgU,c,c,c,c,PZhYsgU,i,c
DcxU,DcxU,i,PZhYsgU,c,c,c,c,PZhYsgU,i,c
DcxU,DcxU,i,PZhYsgU,c,c,c,c,PZhYsgU,i,c
DcxU,DcxU,i,c,c,c,c,PZhYsgU,i,c
DcxU,DcxU,i,PZhYsgU,c,c,c,c,PZhYsgU,i,c
DcxU,DcxU,i,PZhYsgU,c,c,c,c,PZhYsgU,i,c
DcxU,DcxU,i,PZhYsgU,c,c,c,c,PZhYsgU,i,c
c
DcxU,DcxU,i,PZhYsgU,c,c,c,c,PZhYsgU,i,c,PZhYsgU
DcxU,DcxU,i,PZhYsgU,c,c,c,c,PZhYsgU,i,c,PZhYsgU
c
c
i
c
DcxU,DcxU,PZhYsgU,c,c,i,c,c,PZhYsgU,i,c,PZhYsgU,DcxU,we
c
PZhYsgU
DcxU,DcxU,PZhYsgU,c,c,i,c,c,PZhYsgU,i,c,PZhYsgU,DcxU,we
c
we
we
c
c
DcxU,DcxU,PZhYsgU,c,c,i,c,c,PZhYsgU,i,c,PZhYsgU,DcxU,we
DcxU,DcxU,PZhYsgU,c,c,i,c,c,PZhYsgU,d,i,c,PZhYsgU,DcxU,we
PZhYsgU
PZhYsgU
DcxU,DcxU,PZhYsgU,c,i,c,c,PZhYsgU,d,i,c,PZhYsgU,DcxU,we,lTtmVdXJ
DcxU,DcxU,PZhYsgU,c,i,c,c,PZhYsgU,d,i,c,PZhYsgU,DcxU,we,lTtmVdXJ,c
DcxU,DcxU,PZhYsgU,c,i,c,c,PZhYsgU,d,i,c,PZhYsgU,DcxU,we,lTtmVdXJ,c
d
DcxU,DcxU,PZhYsgU,c,i,c,c,PZhYsgU,d,i,c,PZhYsgU,DcxU,we,lTtmVdXJ,c,c
c
DcxU,DcxU,i,c,c,PZhYsgU,d,i,c,PZhYsgU,PZhYsgU,DcxU,we,lTtmVdXJ,c,c,RE
c
c
DcxU,DcxU,PZhYsgU,c,i,c,c,PZhYsgU,d,i,c,PZhYsgU,DcxU,we,lTtmVdXJ,c,c,i,lTtmVdXJ
PZhYsgU
DcxU,DcxU,PZhYsgU,c,i,c,c,PZhYsgU,d,i,c,PZhYsgU,DcxU,we,c,c,i,lTtmVdXJ
DcxU
DcxU
DcxU
DcxU,DcxU,PZhYsgU,c,i,c,c,PZhYsgU,d,i,c,PZhYsgU,DcxU,we,c,c,i,lTtmVdXJ
we
DcxU,PZhYsgU,c,i,c,c,PZhYsgU,i,c,PZhYsgU,DcxU,we,d,DcxU,c,c,i,lTtmVdXJ
DcxU,PZhYsgU,c,i,c,c,PZhYsgU,i,c,PZhYsgU,DcxU,we,d,DcxU,c,c,i,lTtmVdXJ
DcxU,PZhYsgU,c,i,c,c,PZhYsgU,i,c,PZhYsgU,DcxU,we,d,DcxU,c,c,i,lTtmVdXJ
d
DcxU,DcxU,PZhYsgU,c,i,c,c,PZhYsgU,d,i,c,PZhYsgU,DcxU,we,c,c,i,lTtmVdXJ
DcxU
DcxU
DcxU
DcxU
DcxU
DcxU
DcxU,DcxU,c,i,c,c,PZhYsgU,d,i,c,PZhYsgU,DcxU,PZhYsgU,we,c,c,i,lTtmVdXJ,DcxU,i,we,Odkge,DcxU,lTtmVdXJ,RE
DcxU,DcxU,PZhYsgU,c,i,c,c,PZhYsgU,d,i,c,PZhYsgU,DcxU,we,c,c,i,lTtmVdXJ
DcxU
DcxU,PZhYsgU,c,c,c,PZhYsgU,d,i,c,PZhYsgU,DcxU,i,we,c,c,i,lTtmVdXJ,we
i
DcxU,PZhYsgU,c,c,c,PZhYsgU,d,i,c,PZhYsgU,DcxU,i,lTtmVdXJ,we,c,c,i,we,lTtmVdXJ
DcxU,PZhYsgU,c,c,c,PZhYsgU,d,i,c,PZhYsgU,DcxU,i,we,lTtmVdXJ,c,c,i,we,lTtmVdXJ,c,we
DcxU,PZhYsgU,c,c,c,PZhYsgU,d,i,c,PZhYsgU,DcxU,i,we,lTtmVdXJ,c,c,i,we,lTtmVdXJ,c,we
DcxU,PZhYsgU,c,c,c,PZhYsgU,d,i,c,PZhYsgU,DcxU,i,we,c,c,i,we,lTtmVdXJ,RE
c
DcxU
PZhYsgU,c,c,PZhYsgU,d,i,c,PZhYsgU,DcxU,i,c,c,DcxU,c,i,we,lTtmVdXJ,RE,PZhYsgU,DcxU
DcxU
PZhYsgU,c,c,PZhYsgU,d,i,c,PZhYsgU,DcxU,i,c,c,DcxU,c,i,we,lTtmVdXJ,RE,PZhYsgU,DcxU
PZhYsgU,c,c,PZhYsgU,d,i,c,PZhYsgU,DcxU,i,c,c,DcxU,c,i,lTtmVdXJ,RE,PZhYsgU,DcxU
c
PZhYsgU,c,c,PZhYsgU,d,i,c,PZhYsgU,DcxU,i,c,c,DcxU,c,i,lTtmVdXJ,RE,PZhYsgU,DcxU
i
PZhYsgU,c,c,PZhYsgU,d,i,c,PZhYsgU,DcxU,i,c,c,DcxU,c,i,lTtmVdXJ,RE,PZhYsgU,DcxU
i
i
c,c,PZhYsgU,d,i,c,PZhYsgU,DcxU,i,c,c,DcxU,c,i,lTtmVdXJ,RE,PZhYsgU,DcxU
PZhYsgU,c,c,PZhYsgU,d,c,PZhYsgU,DcxU,i,c,c,DcxU,c,i,lTtmVdXJ,RE,PZhYsgU,DcxU,PZhYsgU
RE
PZhYsgU,c,c,PZhYsgU,c,PZhYsgU,DcxU,i,c,c,DcxU,c,i,lTtmVdXJ,RE,d,PZhYsgU,DcxU,PZhYsgU
RE
Jedi Wagner, assuma o comando!