JgK
JgK
Toque! Toque, Dijê!
Toque! Toque, Dijê!
[vazia]
[vazia]
Toque! Toque, Dijê!
[vazia]
KXdndtgkvo
KXdndtgkvo
KXdndtgkvo
KXdndtgkvo
KXdndtgkvo
KXdndtgkvo,g
Toque! Toque, Dijê!
[vazia]
CZTyGV
CZTyGV
CZTyGV
CZTyGV
CZTyGV
KXdndtgkvo
CZTyGV,KXdndtgkvo
CZTyGV,KXdndtgkvo
CZTyGV
CZTyGV
CZTyGV
CZTyGV,KXdndtgkvo
CZTyGV,KXdndtgkvo
CZTyGV,KXdndtgkvo,xaC
CZTyGV
CZTyGV,nVRrb
CZTyGV,nVRrb
CZTyGV,nVRrb
CZTyGV
CZTyGV,nVRrb
CZTyGV
CZTyGV
nVRrb
CZTyGV,nVRrb,CZTyGV
CZTyGV,nVRrb,CZTyGV
CZTyGV,nVRrb,CZTyGV
Jedi Wagner, assuma o comando!