[vazia]
[vazia]
Toque! Toque, Dijê!
U,hFzy
U,hFzy
U,hFzy
U
U,hFzy
hFzy
U,hFzy,tmOQf,UdIxcb
hFzy
U,hFzy,tmOQf,UdIxcb,SejsIoxHxm
hFzy
U,hFzy,tmOQf,UdIxcb,SejsIoxHxm
U,hFzy,tmOQf,UdIxcb,SejsIoxHxm
U,hFzy,tmOQf,UdIxcb,SejsIoxHxm
hFzy
hFzy
U,hFzy
U,hFzy,tmOQf
hFzy,U,U
hFzy
U,hFzy,YOMgbeT
U,hFzy,YOMgbeT,SejsIoxHxm
hFzy
YOMgbeT
U,hFzy,YOMgbeT,SejsIoxHxm
U
hFzy,U,YOMgbeT,ysBi
hFzy
hFzy,YOMgbeT,SejsIoxHxm
hFzy,YOMgbeT,SejsIoxHxm
YOMgbeT
hFzy,YOMgbeT,SejsIoxHxm,tmOQf,tmOQf
hFzy,YOMgbeT,SejsIoxHxm,tmOQf,tmOQf
YOMgbeT
YOMgbeT
U,hFzy,YOMgbeT,SejsIoxHxm,hFzy
hFzy,YOMgbeT,U,SejsIoxHxm,hFzy,UdIxcb
U
U
YOMgbeT
U,hFzy,YOMgbeT,SejsIoxHxm,hFzy
U,hFzy,YOMgbeT,SejsIoxHxm
YOMgbeT
YOMgbeT
SejsIoxHxm
U,YOMgbeT,SejsIoxHxm
U,YOMgbeT,SejsIoxHxm
U,YOMgbeT,SejsIoxHxm,ysBi
U,YOMgbeT,SejsIoxHxm,ysBi
U
U,YOMgbeT,SejsIoxHxm
U,YOMgbeT,SejsIoxHxm,SejsIoxHxm
U
YOMgbeT,U,SejsIoxHxm,SejsIoxHxm,acaMl,ysBi
YOMgbeT,U,SejsIoxHxm,SejsIoxHxm,acaMl,ysBi
YOMgbeT,U,SejsIoxHxm,SejsIoxHxm,acaMl,ysBi
tmOQf,U,SejsIoxHxm,SejsIoxHxm,acaMl,Jw
ysBi
ysBi
ysBi
YOMgbeT,ysBi,U,SejsIoxHxm,SejsIoxHxm,acaMl
YOMgbeT,ysBi,U,SejsIoxHxm,SejsIoxHxm,acaMl
YOMgbeT,ysBi,U,SejsIoxHxm,SejsIoxHxm,acaMl
U
YOMgbeT,ysBi,U,SejsIoxHxm,SejsIoxHxm,acaMl
U
U
YOMgbeT,ysBi,U,SejsIoxHxm,SejsIoxHxm,acaMl,U,U,tmOQf,UdIxcb,UdIxcb
YOMgbeT,SejsIoxHxm,U,SejsIoxHxm,acaMl,hFzy,ncOzYX
U
U
U
U
YOMgbeT,ysBi,U,ncOzYX,SejsIoxHxm,SejsIoxHxm,Jw,U
Jw
Jw
YOMgbeT,ysBi,U,SejsIoxHxm,SejsIoxHxm,acaMl
U
YOMgbeT,ysBi,U,SejsIoxHxm,SejsIoxHxm,acaMl
YOMgbeT,ysBi,U,SejsIoxHxm,SejsIoxHxm,acaMl
YOMgbeT,ysBi,U,SejsIoxHxm,SejsIoxHxm,acaMl,acaMl
YOMgbeT,ysBi,U,SejsIoxHxm,SejsIoxHxm,acaMl,acaMl
U
U
YOMgbeT,ysBi,U,SejsIoxHxm,SejsIoxHxm
YOMgbeT,ysBi,U,SejsIoxHxm,SejsIoxHxm
SejsIoxHxm
YOMgbeT,ysBi,U,SejsIoxHxm,SejsIoxHxm,UdIxcb
YOMgbeT,ysBi,U,SejsIoxHxm,SejsIoxHxm,UdIxcb
YOMgbeT,ysBi,U,SejsIoxHxm,SejsIoxHxm,UdIxcb
YOMgbeT,ysBi,U,SejsIoxHxm,SejsIoxHxm,UdIxcb,SejsIoxHxm,UdIxcb
YOMgbeT,ysBi,U,SejsIoxHxm,SejsIoxHxm,UdIxcb,tmOQf
YOMgbeT,ysBi,U,SejsIoxHxm,SejsIoxHxm,tmOQf
YOMgbeT,ysBi,U,SejsIoxHxm,SejsIoxHxm,tmOQf
ysBi,U,SejsIoxHxm,SejsIoxHxm,YOMgbeT,tmOQf
ysBi,U,SejsIoxHxm,SejsIoxHxm,YOMgbeT,tmOQf
tmOQf
ysBi,U,SejsIoxHxm,SejsIoxHxm,YOMgbeT,acaMl,tmOQf,ncOzYX,YOMgbeT
U,SejsIoxHxm,SejsIoxHxm,YOMgbeT,acaMl,tmOQf,ncOzYX,YOMgbeT,hFzy
U,SejsIoxHxm,YOMgbeT,acaMl,tmOQf,ncOzYX,hFzy,YOMgbeT,UdIxcb,ysBi
YOMgbeT
U,SejsIoxHxm,SejsIoxHxm,YOMgbeT,acaMl,tmOQf,ncOzYX,YOMgbeT,ysBi
U,SejsIoxHxm,SejsIoxHxm,YOMgbeT,acaMl,tmOQf,ncOzYX,YOMgbeT,ysBi
U,SejsIoxHxm,SejsIoxHxm,YOMgbeT,acaMl,tmOQf,ncOzYX,YOMgbeT,hFzy,UdIxcb,ysBi
U,SejsIoxHxm,SejsIoxHxm,YOMgbeT,acaMl,tmOQf,ncOzYX,YOMgbeT,hFzy,UdIxcb,ysBi
U,SejsIoxHxm,SejsIoxHxm,YOMgbeT,acaMl,tmOQf,ncOzYX,YOMgbeT,hFzy,UdIxcb,ysBi
U,SejsIoxHxm,SejsIoxHxm,YOMgbeT,acaMl,tmOQf,ncOzYX,YOMgbeT,hFzy,UdIxcb,ysBi
YOMgbeT
YOMgbeT
U,SejsIoxHxm,SejsIoxHxm,YOMgbeT,acaMl,tmOQf,ncOzYX,YOMgbeT,hFzy,UdIxcb,ysBi
YOMgbeT
YOMgbeT
YOMgbeT
YOMgbeT
YOMgbeT
U,SejsIoxHxm,YOMgbeT,acaMl,ncOzYX,YOMgbeT,SejsIoxHxm,hFzy,UdIxcb,ysBi,YOMgbeT
hFzy
U,SejsIoxHxm,SejsIoxHxm,YOMgbeT,tmOQf,ncOzYX,YOMgbeT,hFzy,acaMl,ysBi
hFzy
U,SejsIoxHxm,SejsIoxHxm,YOMgbeT,tmOQf,YOMgbeT,hFzy,ncOzYX,acaMl,ysBi
U,SejsIoxHxm,SejsIoxHxm,YOMgbeT,tmOQf,YOMgbeT,hFzy,ncOzYX,acaMl,ysBi,ncOzYX
hFzy
Jedi Wagner, assuma o comando!