Toque! Toque, Dijê!
vVaT
vVaT
vVaT
vVaT
[vazia]
VTAPdIdC
VTAPdIdC
VTAPdIdC
VTAPdIdC,zYFehOLbS
Toque! Toque, Dijê!
Toque! Toque, Dijê!
Toque! Toque, Dijê!
[vazia]
zYFehOLbS,IZlJJ
zYFehOLbS,IZlJJ
[vazia]
Toque! Toque, Dijê!
IZlJJ
IZlJJ,zYFehOLbS
zYFehOLbS
zYFehOLbS
zYFehOLbS
zYFehOLbS
zYFehOLbS
IZlJJ,zYFehOLbS
zYFehOLbS
IZlJJ,zYFehOLbS
IZlJJ,zYFehOLbS
IZlJJ,zYFehOLbS
IZlJJ,zYFehOLbS
IZlJJ
zYFehOLbS
IZlJJ,zYFehOLbS,vVaT
vVaT
IZlJJ,zYFehOLbS,vVaT,IZlJJ
vVaT
vVaT
vVaT
IZlJJ,zYFehOLbS,vVaT
IZlJJ,zYFehOLbS,vVaT,WFZATAZkV
vVaT
IZlJJ,zYFehOLbS,vVaT,WFZATAZkV
vVaT
vVaT
WFZATAZkV
vVaT
vVaT
IZlJJ,zYFehOLbS,WFZATAZkV,vVaT
IZlJJ,zYFehOLbS,WFZATAZkV,vVaT
IZlJJ,zYFehOLbS,WFZATAZkV,vVaT,xB,xB
vVaT
vVaT
vVaT
zYFehOLbS,WFZATAZkV,vVaT,xB,xB,zYFehOLbS,VTAPdIdC,IZlJJ
vVaT
vVaT
vVaT
vVaT
vVaT
vVaT
vVaT
vVaT
zYFehOLbS,WFZATAZkV,vVaT,xB,xB,zYFehOLbS,VTAPdIdC,IZlJJ
vVaT
vVaT
vVaT
vVaT
vVaT
vVaT
IZlJJ,WFZATAZkV,vVaT,zYFehOLbS
vVaT
zYFehOLbS
WFZATAZkV,vVaT,zYFehOLbS,IZlJJ,xB
IZlJJ
IZlJJ,WFZATAZkV,zYFehOLbS,xB
IZlJJ,WFZATAZkV,zYFehOLbS,xB
IZlJJ,WFZATAZkV,zYFehOLbS,xB
WFZATAZkV
IZlJJ,WFZATAZkV,vVaT,zYFehOLbS,xB
zYFehOLbS
IZlJJ,WFZATAZkV,vVaT,zYFehOLbS,xB
IZlJJ,WFZATAZkV,vVaT,zYFehOLbS,xB
IZlJJ,WFZATAZkV,vVaT,zYFehOLbS,xB
zYFehOLbS
IZlJJ,WFZATAZkV,vVaT,zYFehOLbS,xB
IZlJJ,WFZATAZkV,vVaT,xB,zYFehOLbS
IZlJJ,WFZATAZkV,vVaT,xB,zYFehOLbS
IZlJJ,WFZATAZkV,vVaT,xB,zYFehOLbS
IZlJJ
IZlJJ,WFZATAZkV,vVaT,xB
WFZATAZkV
IZlJJ,WFZATAZkV,vVaT,xB
WFZATAZkV,vVaT,xB,vVaT
WFZATAZkV,vVaT,xB,vVaT
vVaT
vVaT
vVaT
WFZATAZkV,vVaT,xB,vVaT,VTAPdIdC
vVaT,WFZATAZkV,xB,vVaT,VTAPdIdC
vVaT
vVaT
vVaT,xB,vVaT,IZlJJ,IZlJJ,chDfDkR
vVaT,IZlJJ,xB,vVaT,IZlJJ,chDfDkR
vVaT,IZlJJ,xB,vVaT,IZlJJ,chDfDkR
IZlJJ
WFZATAZkV,vVaT,xB,vVaT,IZlJJ,IZlJJ,chDfDkR
xB
vVaT,xB,vVaT,IZlJJ,xB,vVaT
vVaT,xB,IZlJJ,vVaT,xB,vVaT
vVaT
vVaT,xB,IZlJJ,vVaT,xB,vVaT
vVaT
vVaT,IZlJJ,vVaT,xB,vVaT,IZlJJ
vVaT,xB,vVaT,xB,vVaT,chDfDkR,vVaT
vVaT,xB,vVaT,xB,vVaT,chDfDkR,vVaT
chDfDkR
vVaT,vVaT,xB,vVaT,chDfDkR,vVaT
vVaT,xB,vVaT,xB,vVaT,chDfDkR,vVaT
chDfDkR
chDfDkR
chDfDkR
xB,vVaT,xB,vVaT,chDfDkR,vVaT,VTAPdIdC,IZlJJ
chDfDkR
chDfDkR
VTAPdIdC
VTAPdIdC
WFZATAZkV
WFZATAZkV
xB,vVaT,WFZATAZkV,VTAPdIdC,chDfDkR,vVaT,IZlJJ,VTAPdIdC
WFZATAZkV
xB,vVaT,WFZATAZkV,VTAPdIdC,chDfDkR,vVaT,IZlJJ,VTAPdIdC
xB,vVaT,WFZATAZkV,VTAPdIdC,chDfDkR,vVaT,IZlJJ,VTAPdIdC
vVaT,WFZATAZkV,VTAPdIdC,chDfDkR,vVaT,IZlJJ,VTAPdIdC
vVaT,WFZATAZkV,VTAPdIdC,chDfDkR,vVaT,IZlJJ,VTAPdIdC
vVaT,WFZATAZkV,VTAPdIdC,chDfDkR,vVaT,IZlJJ,VTAPdIdC
vVaT,WFZATAZkV,VTAPdIdC,chDfDkR,vVaT,IZlJJ,VTAPdIdC
vVaT,WFZATAZkV,VTAPdIdC,chDfDkR,vVaT,IZlJJ,VTAPdIdC,WFZATAZkV,YXqPBgYKcM
IZlJJ
vVaT,WFZATAZkV,VTAPdIdC,vVaT,IZlJJ,VTAPdIdC,WFZATAZkV,WFZATAZkV,xB
IZlJJ
vVaT,WFZATAZkV,VTAPdIdC,chDfDkR,vVaT,VTAPdIdC
WFZATAZkV
vVaT,WFZATAZkV,VTAPdIdC,chDfDkR,vVaT,VTAPdIdC,chDfDkR,zYFehOLbS,WFZATAZkV
vVaT,WFZATAZkV,VTAPdIdC,chDfDkR,vVaT,VTAPdIdC,chDfDkR,zYFehOLbS,WFZATAZkV,IZlJJ
vVaT,WFZATAZkV,VTAPdIdC,vVaT,VTAPdIdC,chDfDkR,zYFehOLbS,WFZATAZkV,IZlJJ,VTAPdIdC,chDfDkR,VTAPdIdC
vVaT,WFZATAZkV,VTAPdIdC,vVaT,VTAPdIdC,chDfDkR,zYFehOLbS,WFZATAZkV,IZlJJ,VTAPdIdC,chDfDkR,VTAPdIdC
VTAPdIdC
vVaT
WFZATAZkV,VTAPdIdC,vVaT,chDfDkR,vVaT,VTAPdIdC,chDfDkR,zYFehOLbS,WFZATAZkV,xB,VTAPdIdC,IZlJJ
WFZATAZkV,VTAPdIdC,vVaT,chDfDkR,vVaT,VTAPdIdC,chDfDkR,zYFehOLbS,WFZATAZkV,xB,VTAPdIdC,IZlJJ
vVaT
vVaT
vVaT
vVaT
WFZATAZkV,VTAPdIdC,vVaT,chDfDkR,vVaT,VTAPdIdC,chDfDkR,zYFehOLbS,WFZATAZkV,xB,VTAPdIdC,IZlJJ
vVaT
WFZATAZkV,VTAPdIdC,vVaT,chDfDkR,vVaT,VTAPdIdC,chDfDkR,zYFehOLbS,WFZATAZkV,xB,VTAPdIdC,IZlJJ
WFZATAZkV,VTAPdIdC,vVaT,chDfDkR,vVaT,VTAPdIdC,chDfDkR,zYFehOLbS,WFZATAZkV,VTAPdIdC,IZlJJ
WFZATAZkV,VTAPdIdC,vVaT,chDfDkR,vVaT,VTAPdIdC,chDfDkR,zYFehOLbS,WFZATAZkV,xB,VTAPdIdC,IZlJJ
WFZATAZkV,VTAPdIdC,vVaT,chDfDkR,vVaT,VTAPdIdC,chDfDkR,zYFehOLbS,WFZATAZkV,xB,VTAPdIdC,IZlJJ
WFZATAZkV,VTAPdIdC,vVaT,chDfDkR,vVaT,VTAPdIdC,chDfDkR,zYFehOLbS,WFZATAZkV,xB,VTAPdIdC,IZlJJ
chDfDkR
WFZATAZkV,VTAPdIdC,vVaT,chDfDkR,vVaT,VTAPdIdC,chDfDkR,zYFehOLbS,WFZATAZkV,xB,VTAPdIdC,IZlJJ,YXqPBgYKcM,chDfDkR
WFZATAZkV,VTAPdIdC,vVaT,chDfDkR,vVaT,VTAPdIdC,chDfDkR,zYFehOLbS,WFZATAZkV,xB,VTAPdIdC,IZlJJ,YXqPBgYKcM,chDfDkR
WFZATAZkV,VTAPdIdC,vVaT,chDfDkR,vVaT,VTAPdIdC,chDfDkR,zYFehOLbS,WFZATAZkV,xB,VTAPdIdC,IZlJJ,YXqPBgYKcM,chDfDkR
VTAPdIdC
Jedi Wagner, assuma o comando!