Toque! Toque, Dijê!
[vazia]
[vazia]
Toque! Toque, Dijê!
Toque! Toque, Dijê!
lJ
lJ
lJ
[vazia]
[vazia]
Toque! Toque, Dijê!
Toque! Toque, Dijê!
[vazia]
Toque! Toque, Dijê!
[vazia]
RlhJr
Toque! Toque, Dijê!
[vazia]
[vazia]
lJ
lJ
lJ
lJ
lJ,RlhJr,RlhJr,lJ,RlhJr
lJ
lJ
lJ
lJ,lJ
lJ
lJ
lJ
lJ
lJ
lJ,lJ
lJ,lJ
lJ
lJ
lJ,lJ
lJ
lJ
lJ
lJ,lJ
lJ,lJ
lJ,lJ,lJ,lJ,RlhJr
lJ,lJ,lJ
lJ,lJ,lJ
lJ,lJ
lJ,lJ
lJ
lJ,lJ,lJ,lJ,RlhJr,lJ
lJ,lJ,lJ,lJ,RlhJr,lJ
lJ
lJ
lJ
lJ,lJ,RlhJr,lJ,lJ
RlhJr
RlhJr
lJ,RlhJr,lJ,lJ
RlhJr,lJ,lJ,lJ,RlhJr,RlhJr
lJ
lJ
RlhJr
RlhJr,lJ,lJ,RlhJr
RlhJr,lJ,lJ,RlhJr
RlhJr,lJ,lJ,RlhJr
RlhJr
RlhJr,RlhJr,lJ,RlhJr
RlhJr,RlhJr,lJ,RlhJr
RlhJr,lJ,RlhJr,RlhJr
RlhJr
lJ,RlhJr,RlhJr,RlhJr
RlhJr,RlhJr,RlhJr,RlhJr
RlhJr
RlhJr
RlhJr,RlhJr,RlhJr,RlhJr,RlhJr
RlhJr
RlhJr
RlhJr
RlhJr,RlhJr,RlhJr,RlhJr,RlhJr,RlhJr,lJ
RlhJr,RlhJr,lJ,RlhJr
RlhJr,RlhJr,lJ,RlhJr
RlhJr
RlhJr
RlhJr
RlhJr
RlhJr
RlhJr
RlhJr,RlhJr,RlhJr,RlhJr,RlhJr,lJ,RlhJr
RlhJr
RlhJr,RlhJr,lJ,RlhJr,RlhJr,RlhJr,RlhJr,RlhJr,RlhJr
RlhJr,RlhJr,lJ,RlhJr,RlhJr,RlhJr,RlhJr,RlhJr,RlhJr
RlhJr,RlhJr,lJ,RlhJr,RlhJr,RlhJr,RlhJr,RlhJr,RlhJr
lJ
lJ
lJ,RlhJr,RlhJr,RlhJr,RlhJr,RlhJr,RlhJr,RlhJr,RlhJr
lJ
lJ,RlhJr,RlhJr,RlhJr,RlhJr,RlhJr,RlhJr,RlhJr,RlhJr
lJ,RlhJr,RlhJr,RlhJr,RlhJr,RlhJr,RlhJr,RlhJr,RlhJr
lJ,RlhJr,RlhJr,RlhJr,RlhJr,RlhJr,RlhJr,RlhJr,RlhJr
RlhJr
lJ,RlhJr,RlhJr,RlhJr,RlhJr,RlhJr,RlhJr,RlhJr,RlhJr
RlhJr,lJ,RlhJr,RlhJr,RlhJr,RlhJr,RlhJr,RlhJr,RlhJr,RlhJr,RlhJr
RlhJr
Jedi Wagner, assuma o comando!