[vazia]
KncHdqa
Toque! Toque, Dijê!
Toque! Toque, Dijê!
[vazia]
Toque! Toque, Dijê!
Toque! Toque, Dijê!
[vazia]
[vazia]
Toque! Toque, Dijê!
Toque! Toque, Dijê!
[vazia]
[vazia]
Toque! Toque, Dijê!
KncHdqa
KncHdqa
XvHYHurci
XvHYHurci
XvHYHurci,m
m,XvHYHurci,m,KncHdqa
XvHYHurci,m,m,KncHdqa
XvHYHurci,m,m,KncHdqa
m
m
m
m,m,KncHdqa,KncHdqa,KncHdqa
XvHYHurci,m,m,KncHdqa
XvHYHurci,m,m,KncHdqa
m
XvHYHurci,m,m,KncHdqa
m
XvHYHurci,m,m
m,m
m,m,m
m,m,m
m,m
m
m
m
m
m
m
m,KncHdqa,KncHdqa
KncHdqa,m,KncHdqa
m,KncHdqa,KncHdqa
m,KncHdqa,KncHdqa
m,KncHdqa,KncHdqa
m
KncHdqa
KncHdqa,KncHdqa,m
KncHdqa,KncHdqa,m
Toque! Toque, Dijê!
Toque! Toque, Dijê!
KncHdqa,KncHdqa,m
KncHdqa,KncHdqa,m
m
m
m
m
m
m
KncHdqa,KncHdqa,m,XvHYHurci,KncHdqa
KncHdqa
KncHdqa,XvHYHurci,KncHdqa,KncHdqa,m
KncHdqa,KncHdqa,m,m
KncHdqa
KncHdqa
KncHdqa,KncHdqa,m,m
m
KncHdqa,KncHdqa,m,m,m
KncHdqa,KncHdqa,m,m,m
KncHdqa,KncHdqa,m,m,m
KncHdqa,KncHdqa,m,m
m
m
KncHdqa,KncHdqa,m,m,m
KncHdqa,KncHdqa,m,m,m
m
m
m
KncHdqa,KncHdqa,m,m,m
m
m
KncHdqa,KncHdqa,m,m,m
m
m
m
KncHdqa,KncHdqa,m,m,m
KncHdqa,KncHdqa,m,m,m,XvHYHurci,m,KncHdqa
Jedi Wagner, assuma o comando!