Toque! Toque, Dijê!
Toque! Toque, Dijê!
[vazia]
Toque! Toque, Dijê!
[vazia]
[vazia]
Toque! Toque, Dijê!
[vazia]
Toque! Toque, Dijê!
Toque! Toque, Dijê!
Toque! Toque, Dijê!
[vazia]
Toque! Toque, Dijê!
Toque! Toque, Dijê!
[vazia]
[vazia]
Toque! Toque, Dijê!
[vazia]
[vazia]
Toque! Toque, Dijê!
[vazia]
i,i,i,i
i
i
i,i,i,i,i
i,i,i,i
i
i,i,i
i
i,i,i
i
i,i,i
i
i
i
i
i,i,i,i
i
i,i,i,i,i
i
i
i
i
i,i,i,i,i,i,i
i
i,i,i,i,i,i,i
i,i,i,i,i,i,i,i
i,i,i,i,i,i,i,i
i
i
i
i
i,i,i,i,i,i,i,i,i,i,i
i,i,i,i,i,i,i,i,i,i,i
i,i,i,i,i,i,i,i,i,i
i,i,i,i,i,i,i,i,i
i,i,i,i,i,i,i,i,i
i,i,i,i,i,i,i,i,i
i,i,i,i,i,i,i,i,i
i
i
i,i,i,i,i,i,i,i,i,i
i,i,i,i,i
i
i,i,i,i,i,i,i
i,i,i,i,i,i,i
i
i,i,i,i,i,i,i,i
i
i,i,i,i,i,i,i,i
i,i,i,i,i,i,i,i
i,i,i,i,i,i,i,i
i,i,i,i,i,i,i,i
i
i,i,i,i,i,i,i,i,i,i,i,i,i
i
i,i,i,i,i,i,i,i,i,i
i,i,i,i,i,i,i,i,i,i
i,i,i,i,i,i,i,i,i
i,i,i,i,i,i,i,i,i
i,i,i,i,i,i,i,i,i,i
i,i,i,i,i,i,i,i,i,i
i,i,i,i,i,i,i,i,i,i
i,i,i,i,i,i,i,i,i,i
i,i,i,i,i,i,i,i,i
i
i
i
i,i,i,i,i,i,i,i,i
i
i,i,i,i,i,i,i,i
i,i,i,i,i,i,i,i
i,i,i,i,i,i,i,i,i
i,i,i,i,i,i,i,i
i
i,i,i,i,i,i,i,i
i,i,i,i,i,i,i,i
i
i
i
i
i
i,i,i,i,i,i,i,i,i
i,i,i,i,i,i,i,i,i
i
i,i,i,i,i,i,i,i,i,i
i,i,i,i,i,i,i,i,i,i
i
i
i
i
i
i,i,i,i,i,i,i,i
i,i,i,i,i,i,i,i
i,i,i,i,i,i,i
i,i,i,i,i,i,i,i
i
i
i,i,i,i,i,i,i,i,i
i
i
i
i
i
i,i,i,i,i,i,i,i
i,i,i,i,i,i,i,i
i
i
i
i
i,i,i,i,i,i,i,i
i
i,i,i,i,i,i,i,i,i
i
i,i,i,i,i,i,i,i,i,i
i
i
i
i,i,i,i,i,i,i,i
i
i,i,i,i,i,i,i,i,i,i
i,i,i,i,i,i,i,i,i,i
i
i,i,i,i,i,i,i,i
i,i,i,i,i,i,i,i
i,i,i,i,i,i,i
i,i,i,i,i,i,i
i
i,i,i,i,i,i,i
i,i,i,i,i,i,i,i
i,i,i,i,i,i
i,i,i,i,i,i,i,i
i,i,i,i,i,i,i,i
i
i
i
i
i
i,i,i,i,i,i,i,i
i
i
i,i,i,i,i,i,i
i,i,i,i,i,i,i,i
i,i,i,i,i,i,i,i
i,i,i,i,i,i
i,i,i,i,i,i,i
i,i,i,i,i,i,i,i,i
i,i,i,i,i,i,i,i,i,i
i,i,i,i,i
i
i
i
i
i
i
i
i
i,i,i,i,i
i,i,i,i,i,i
Jedi Wagner, assuma o comando!