uDqqRzeozv
uDqqRzeozv
uDqqRzeozv,cL
uDqqRzeozv,cL
uDqqRzeozv
uDqqRzeozv,cL
cL
cL
cL
uDqqRzeozv,cL,cL,uDqqRzeozv,cL
cL
cL
uDqqRzeozv
uDqqRzeozv
cL,cL
uDqqRzeozv,cL
cL
uDqqRzeozv,cL
uDqqRzeozv
uDqqRzeozv
uDqqRzeozv,cL
uDqqRzeozv,cL
cL
uDqqRzeozv,cL
uDqqRzeozv
uDqqRzeozv
uDqqRzeozv
uDqqRzeozv
uDqqRzeozv
uDqqRzeozv,cL,cL
uDqqRzeozv,uDqqRzeozv,cL,cL,uDqqRzeozv
uDqqRzeozv,uDqqRzeozv,cL,cL,uDqqRzeozv
cL
cL
uDqqRzeozv
uDqqRzeozv
uDqqRzeozv,uDqqRzeozv,cL,cL,uDqqRzeozv
uDqqRzeozv,uDqqRzeozv,cL,cL,uDqqRzeozv
uDqqRzeozv,uDqqRzeozv,cL,uDqqRzeozv
uDqqRzeozv
uDqqRzeozv
uDqqRzeozv
uDqqRzeozv,uDqqRzeozv,uDqqRzeozv,uDqqRzeozv,uDqqRzeozv,cL,uDqqRzeozv
uDqqRzeozv,uDqqRzeozv,uDqqRzeozv,uDqqRzeozv,uDqqRzeozv,cL,uDqqRzeozv
cL
uDqqRzeozv
uDqqRzeozv
uDqqRzeozv
uDqqRzeozv,uDqqRzeozv,uDqqRzeozv,uDqqRzeozv,uDqqRzeozv,cL,uDqqRzeozv,cL
uDqqRzeozv
cL
uDqqRzeozv
uDqqRzeozv,uDqqRzeozv,uDqqRzeozv,uDqqRzeozv,cL,cL,cL,cL,uDqqRzeozv,uDqqRzeozv
uDqqRzeozv,uDqqRzeozv,uDqqRzeozv,uDqqRzeozv,cL,cL,cL,cL,uDqqRzeozv,uDqqRzeozv,uDqqRzeozv
cL
cL
uDqqRzeozv,uDqqRzeozv,uDqqRzeozv,uDqqRzeozv,cL,cL,cL,cL,cL,uDqqRzeozv
cL
cL,uDqqRzeozv,cL,cL,cL,cL,uDqqRzeozv,cL,cL
uDqqRzeozv,cL,cL,cL,cL,uDqqRzeozv,cL,cL
uDqqRzeozv,cL,cL,cL,cL,uDqqRzeozv,cL,cL
cL
cL
cL,uDqqRzeozv,cL,cL,cL,cL,uDqqRzeozv,cL,cL
uDqqRzeozv
uDqqRzeozv
uDqqRzeozv
uDqqRzeozv
cL,uDqqRzeozv,cL,cL,cL,cL,uDqqRzeozv,cL,cL
cL
cL,cL,cL,uDqqRzeozv,cL,cL,cL,cL,uDqqRzeozv,cL,uDqqRzeozv,uDqqRzeozv
cL,cL,uDqqRzeozv,cL,cL,cL,cL,cL,uDqqRzeozv,cL,uDqqRzeozv,uDqqRzeozv
cL
cL,uDqqRzeozv,cL,cL,cL,cL,cL,cL,uDqqRzeozv,cL,uDqqRzeozv,uDqqRzeozv,uDqqRzeozv,cL
cL
cL,uDqqRzeozv,cL,cL,cL,cL,cL,cL,uDqqRzeozv,cL,uDqqRzeozv,uDqqRzeozv,uDqqRzeozv,cL
cL
uDqqRzeozv
cL,cL,cL,cL,cL,cL,uDqqRzeozv,cL,uDqqRzeozv,cL,uDqqRzeozv,uDqqRzeozv,uDqqRzeozv,cL,cL
cL,cL,cL,cL,cL,uDqqRzeozv,cL,cL,uDqqRzeozv,cL,uDqqRzeozv,uDqqRzeozv,uDqqRzeozv,cL,cL
cL,cL,cL,cL,cL,uDqqRzeozv,cL,cL,uDqqRzeozv,cL,uDqqRzeozv,uDqqRzeozv,uDqqRzeozv,cL,cL
cL
cL
cL,cL,cL,cL,uDqqRzeozv,cL,cL,uDqqRzeozv,cL,uDqqRzeozv,uDqqRzeozv,uDqqRzeozv,cL,uDqqRzeozv
cL
cL,uDqqRzeozv,cL,cL,cL,cL,uDqqRzeozv,cL,uDqqRzeozv,uDqqRzeozv,uDqqRzeozv,cL,uDqqRzeozv
uDqqRzeozv
cL,cL,cL,cL,cL,cL,uDqqRzeozv,cL,uDqqRzeozv,cL,uDqqRzeozv,uDqqRzeozv,uDqqRzeozv,cL
cL,cL,cL,cL,cL,cL,uDqqRzeozv,cL,uDqqRzeozv,cL,uDqqRzeozv,uDqqRzeozv,uDqqRzeozv,cL
uDqqRzeozv
uDqqRzeozv
cL,cL,cL,cL,cL,cL,uDqqRzeozv,cL,uDqqRzeozv,cL,uDqqRzeozv,uDqqRzeozv,uDqqRzeozv,cL
uDqqRzeozv
cL
cL,cL,cL,cL,uDqqRzeozv,cL,cL,cL,uDqqRzeozv,cL,uDqqRzeozv,uDqqRzeozv,uDqqRzeozv,cL,cL,uDqqRzeozv,cL
cL,cL,cL,cL,uDqqRzeozv,cL,cL,cL,uDqqRzeozv,cL,uDqqRzeozv,uDqqRzeozv,uDqqRzeozv,cL,cL,uDqqRzeozv,cL
cL,cL,cL,cL,uDqqRzeozv,cL,cL,cL,uDqqRzeozv,cL,uDqqRzeozv,uDqqRzeozv,uDqqRzeozv,cL,cL,uDqqRzeozv,cL
cL,cL,cL,cL,uDqqRzeozv,cL,cL,cL,uDqqRzeozv,cL,uDqqRzeozv,uDqqRzeozv,uDqqRzeozv,cL,cL,uDqqRzeozv,cL
cL,cL,cL,cL,uDqqRzeozv,cL,cL,cL,uDqqRzeozv,cL,uDqqRzeozv,uDqqRzeozv,uDqqRzeozv,cL,cL,uDqqRzeozv,cL,uDqqRzeozv
cL,cL,cL,cL,cL,cL,uDqqRzeozv,cL,uDqqRzeozv,cL,uDqqRzeozv,uDqqRzeozv,uDqqRzeozv,cL
cL,cL,cL,cL,cL,uDqqRzeozv,cL,cL,uDqqRzeozv,cL,uDqqRzeozv,uDqqRzeozv,uDqqRzeozv,cL,cL
cL,cL,cL,cL,cL,uDqqRzeozv,cL,cL,uDqqRzeozv,cL,uDqqRzeozv,uDqqRzeozv,uDqqRzeozv,cL,cL
uDqqRzeozv
uDqqRzeozv
uDqqRzeozv
cL
uDqqRzeozv
cL,cL,cL,cL,uDqqRzeozv,cL,cL,uDqqRzeozv,uDqqRzeozv,uDqqRzeozv,cL,cL,cL,cL,uDqqRzeozv,uDqqRzeozv,cL,cL
cL,cL,cL,cL,uDqqRzeozv,cL,cL,uDqqRzeozv,uDqqRzeozv,cL,cL,cL,cL,uDqqRzeozv,uDqqRzeozv,cL,cL,cL,uDqqRzeozv
cL,cL,cL,uDqqRzeozv,cL,cL,uDqqRzeozv,uDqqRzeozv,cL,cL,cL,cL,uDqqRzeozv,uDqqRzeozv,cL,cL,cL,uDqqRzeozv
cL
cL,uDqqRzeozv,cL,cL,uDqqRzeozv,uDqqRzeozv,cL,cL,cL,cL,uDqqRzeozv,uDqqRzeozv,cL,cL,cL,uDqqRzeozv,uDqqRzeozv,uDqqRzeozv,cL
cL,cL,cL,uDqqRzeozv,uDqqRzeozv,cL,cL,cL,cL,uDqqRzeozv,uDqqRzeozv,cL,cL,cL,uDqqRzeozv,uDqqRzeozv,uDqqRzeozv,cL
cL,uDqqRzeozv,uDqqRzeozv,cL,cL,cL,cL,cL,cL,uDqqRzeozv,uDqqRzeozv,cL,cL,cL,uDqqRzeozv,uDqqRzeozv,uDqqRzeozv,cL
cL
uDqqRzeozv,uDqqRzeozv,cL,cL,cL,cL,cL,cL,cL,uDqqRzeozv,uDqqRzeozv,cL,cL,cL,uDqqRzeozv,uDqqRzeozv,uDqqRzeozv,cL
cL,uDqqRzeozv,cL,cL,uDqqRzeozv,uDqqRzeozv,cL,cL,cL,cL,uDqqRzeozv,uDqqRzeozv,cL,cL,cL,uDqqRzeozv,uDqqRzeozv,uDqqRzeozv,cL
uDqqRzeozv
cL,uDqqRzeozv,cL,cL,uDqqRzeozv,uDqqRzeozv,cL,cL,cL,cL,uDqqRzeozv,uDqqRzeozv,cL,cL,cL,uDqqRzeozv,uDqqRzeozv,uDqqRzeozv,cL
uDqqRzeozv
uDqqRzeozv
uDqqRzeozv
cL,cL,cL,uDqqRzeozv,cL,cL,cL,cL,uDqqRzeozv,uDqqRzeozv,cL,cL,cL,uDqqRzeozv,uDqqRzeozv,uDqqRzeozv,cL,cL
cL,cL,cL,uDqqRzeozv,cL,cL,cL,cL,uDqqRzeozv,uDqqRzeozv,cL,cL,cL,uDqqRzeozv,uDqqRzeozv,uDqqRzeozv,cL,cL,cL
cL,cL,uDqqRzeozv,uDqqRzeozv,cL,uDqqRzeozv,cL,cL,cL,cL,uDqqRzeozv,uDqqRzeozv,cL,cL,cL,uDqqRzeozv,uDqqRzeozv,uDqqRzeozv,cL
uDqqRzeozv
cL,uDqqRzeozv,cL,uDqqRzeozv,uDqqRzeozv,cL,cL,cL,cL,uDqqRzeozv,uDqqRzeozv,cL,cL,cL,uDqqRzeozv,uDqqRzeozv,uDqqRzeozv,cL
cL,uDqqRzeozv,cL,cL,uDqqRzeozv,uDqqRzeozv,cL,cL,cL,cL,uDqqRzeozv,uDqqRzeozv,cL,cL,cL,uDqqRzeozv,uDqqRzeozv,uDqqRzeozv,cL
uDqqRzeozv
uDqqRzeozv,cL,cL,uDqqRzeozv,uDqqRzeozv,cL,cL,cL,cL,uDqqRzeozv,uDqqRzeozv,cL,cL,cL,uDqqRzeozv,uDqqRzeozv,uDqqRzeozv,cL
uDqqRzeozv
uDqqRzeozv
uDqqRzeozv
uDqqRzeozv
cL
cL,cL,cL,uDqqRzeozv,cL,cL,cL,uDqqRzeozv,uDqqRzeozv,cL,cL,cL,uDqqRzeozv,uDqqRzeozv,uDqqRzeozv,cL
cL
cL,cL,uDqqRzeozv,cL,cL,cL,cL,uDqqRzeozv,uDqqRzeozv,cL,cL,cL,uDqqRzeozv,uDqqRzeozv,uDqqRzeozv,cL
cL,cL,uDqqRzeozv,cL,cL,cL,cL,uDqqRzeozv,uDqqRzeozv,cL,cL,cL,uDqqRzeozv,uDqqRzeozv,uDqqRzeozv,cL
cL,cL,uDqqRzeozv,cL,cL,cL,cL,uDqqRzeozv,uDqqRzeozv,cL,cL,cL,uDqqRzeozv,uDqqRzeozv,uDqqRzeozv,cL
cL
cL,uDqqRzeozv,cL,cL,cL,cL,cL,uDqqRzeozv,uDqqRzeozv,cL,cL,cL,uDqqRzeozv,uDqqRzeozv,uDqqRzeozv,cL,cL
cL,uDqqRzeozv,cL,cL,cL,cL,cL,uDqqRzeozv,uDqqRzeozv,cL,cL,cL,uDqqRzeozv,uDqqRzeozv,uDqqRzeozv,cL,cL,cL
cL
cL
cL
cL
cL
cL,cL,cL,cL,cL,cL,uDqqRzeozv,uDqqRzeozv,cL,cL,cL,uDqqRzeozv,uDqqRzeozv,uDqqRzeozv,cL,cL,uDqqRzeozv,uDqqRzeozv,uDqqRzeozv,cL
cL,cL,cL,cL,uDqqRzeozv,cL,cL,uDqqRzeozv,uDqqRzeozv,cL,cL,cL,uDqqRzeozv,uDqqRzeozv,uDqqRzeozv,cL,cL,uDqqRzeozv,uDqqRzeozv
uDqqRzeozv
uDqqRzeozv
uDqqRzeozv
uDqqRzeozv
uDqqRzeozv
uDqqRzeozv
cL,cL,cL,uDqqRzeozv,cL,cL,uDqqRzeozv,cL,cL,cL,uDqqRzeozv,uDqqRzeozv,uDqqRzeozv,cL,cL,uDqqRzeozv,uDqqRzeozv,cL,cL
cL,cL,cL,uDqqRzeozv,cL,cL,uDqqRzeozv,cL,cL,cL,uDqqRzeozv,uDqqRzeozv,uDqqRzeozv,cL,cL,uDqqRzeozv,uDqqRzeozv,cL,cL,uDqqRzeozv
cL,cL,cL,uDqqRzeozv,cL,cL,uDqqRzeozv,cL,cL,cL,uDqqRzeozv,uDqqRzeozv,uDqqRzeozv,cL,cL,uDqqRzeozv,uDqqRzeozv,cL,cL,uDqqRzeozv
uDqqRzeozv
uDqqRzeozv
uDqqRzeozv
cL,cL,cL,uDqqRzeozv,uDqqRzeozv,cL,cL,cL,cL,cL,uDqqRzeozv,uDqqRzeozv,uDqqRzeozv,cL,cL,uDqqRzeozv,uDqqRzeozv,cL,cL,uDqqRzeozv,uDqqRzeozv,cL,uDqqRzeozv,uDqqRzeozv
cL
uDqqRzeozv
cL,cL,cL,cL,uDqqRzeozv,uDqqRzeozv,cL,cL,cL,cL,uDqqRzeozv,uDqqRzeozv,uDqqRzeozv,cL,cL,uDqqRzeozv,uDqqRzeozv,cL,cL,uDqqRzeozv,uDqqRzeozv,cL,uDqqRzeozv
uDqqRzeozv
cL,cL,cL,cL,uDqqRzeozv,uDqqRzeozv,cL,cL,cL,cL,uDqqRzeozv,uDqqRzeozv,uDqqRzeozv,cL,cL,uDqqRzeozv,uDqqRzeozv,cL,cL,uDqqRzeozv,uDqqRzeozv,cL,uDqqRzeozv
uDqqRzeozv
cL,cL,cL,cL,uDqqRzeozv,uDqqRzeozv,cL,cL,cL,cL,uDqqRzeozv,uDqqRzeozv,uDqqRzeozv,cL,cL,uDqqRzeozv,uDqqRzeozv,cL,cL,uDqqRzeozv,uDqqRzeozv,cL,uDqqRzeozv
cL,cL,cL,cL,uDqqRzeozv,uDqqRzeozv,cL,cL,cL,cL,uDqqRzeozv,uDqqRzeozv,uDqqRzeozv,cL,cL,uDqqRzeozv,uDqqRzeozv,cL,cL,uDqqRzeozv,uDqqRzeozv,cL,uDqqRzeozv,cL
cL
cL,cL,cL,cL,cL,cL,cL,uDqqRzeozv,uDqqRzeozv,uDqqRzeozv,cL,cL,uDqqRzeozv,uDqqRzeozv,cL,cL,uDqqRzeozv,uDqqRzeozv,cL,uDqqRzeozv,cL,cL
cL
cL,cL,cL,cL,cL,cL,cL,uDqqRzeozv,uDqqRzeozv,uDqqRzeozv,cL,cL,uDqqRzeozv,uDqqRzeozv,cL,cL,uDqqRzeozv,uDqqRzeozv,cL,uDqqRzeozv,cL,cL,uDqqRzeozv
cL
cL
cL
cL
cL,cL,cL,cL,uDqqRzeozv,cL,cL,cL,uDqqRzeozv,uDqqRzeozv,cL,cL,uDqqRzeozv,uDqqRzeozv,cL,uDqqRzeozv,cL,cL,uDqqRzeozv
cL
cL
cL,cL,cL,cL,cL,cL,cL,uDqqRzeozv,uDqqRzeozv,cL,cL,uDqqRzeozv,uDqqRzeozv,cL,uDqqRzeozv,cL,cL,uDqqRzeozv
cL
cL,cL,cL,cL,cL,cL,cL,uDqqRzeozv,cL,cL,uDqqRzeozv,uDqqRzeozv,cL,uDqqRzeozv,cL,cL,uDqqRzeozv
cL,cL,cL,cL,cL,cL,cL,cL,cL,uDqqRzeozv,uDqqRzeozv,cL,uDqqRzeozv,cL,cL,uDqqRzeozv
cL
cL
cL
cL
cL
cL
cL,cL,cL,cL,cL,uDqqRzeozv,uDqqRzeozv,cL,cL,uDqqRzeozv,uDqqRzeozv,cL,cL,uDqqRzeozv,uDqqRzeozv,cL,uDqqRzeozv,cL,cL,uDqqRzeozv,uDqqRzeozv,uDqqRzeozv,cL,uDqqRzeozv,cL,uDqqRzeozv
cL,cL,cL,cL,cL,uDqqRzeozv,uDqqRzeozv,cL,cL,uDqqRzeozv,uDqqRzeozv,cL,cL,uDqqRzeozv,uDqqRzeozv,cL,uDqqRzeozv,cL,cL,uDqqRzeozv,uDqqRzeozv,uDqqRzeozv,cL,uDqqRzeozv,cL,uDqqRzeozv
cL,cL,cL,cL,cL,uDqqRzeozv,cL,cL,uDqqRzeozv,uDqqRzeozv,cL,cL,uDqqRzeozv,uDqqRzeozv,cL,uDqqRzeozv,cL,cL,uDqqRzeozv,uDqqRzeozv,uDqqRzeozv,cL,uDqqRzeozv,cL,uDqqRzeozv,uDqqRzeozv
uDqqRzeozv
cL,cL,cL,uDqqRzeozv,cL,cL,uDqqRzeozv,uDqqRzeozv,cL,cL,uDqqRzeozv,uDqqRzeozv,cL,uDqqRzeozv,cL,cL,uDqqRzeozv,uDqqRzeozv,uDqqRzeozv,cL,uDqqRzeozv,cL,uDqqRzeozv,uDqqRzeozv,uDqqRzeozv
cL,uDqqRzeozv,cL,cL,cL,uDqqRzeozv,uDqqRzeozv,cL,cL,uDqqRzeozv,uDqqRzeozv,cL,uDqqRzeozv,cL,cL,uDqqRzeozv,uDqqRzeozv,uDqqRzeozv,cL,uDqqRzeozv,cL,uDqqRzeozv,uDqqRzeozv,uDqqRzeozv
uDqqRzeozv
uDqqRzeozv,cL,cL,cL,cL,uDqqRzeozv,uDqqRzeozv,cL,cL,uDqqRzeozv,uDqqRzeozv,cL,uDqqRzeozv,cL,cL,uDqqRzeozv,uDqqRzeozv,uDqqRzeozv,cL,uDqqRzeozv,cL,uDqqRzeozv,uDqqRzeozv,uDqqRzeozv
uDqqRzeozv
uDqqRzeozv
uDqqRzeozv,cL,cL,cL,cL,uDqqRzeozv,uDqqRzeozv,cL,cL,uDqqRzeozv,uDqqRzeozv,cL,uDqqRzeozv,cL,cL,uDqqRzeozv,uDqqRzeozv,uDqqRzeozv,cL,uDqqRzeozv,cL,uDqqRzeozv,uDqqRzeozv,uDqqRzeozv,cL
uDqqRzeozv
cL,cL,cL,cL,uDqqRzeozv,uDqqRzeozv,cL,cL,uDqqRzeozv,uDqqRzeozv,cL,uDqqRzeozv,cL,cL,uDqqRzeozv,uDqqRzeozv,uDqqRzeozv,cL,uDqqRzeozv,cL,uDqqRzeozv,uDqqRzeozv,uDqqRzeozv,cL,uDqqRzeozv
cL
cL,cL,cL,uDqqRzeozv,cL,cL,uDqqRzeozv,uDqqRzeozv,cL,uDqqRzeozv,cL,cL,uDqqRzeozv,uDqqRzeozv,uDqqRzeozv,cL,uDqqRzeozv,cL,uDqqRzeozv,uDqqRzeozv,uDqqRzeozv,cL,uDqqRzeozv
cL
cL,cL,cL,uDqqRzeozv,cL,cL,uDqqRzeozv,uDqqRzeozv,cL,uDqqRzeozv,cL,cL,uDqqRzeozv,uDqqRzeozv,uDqqRzeozv,cL,uDqqRzeozv,cL,uDqqRzeozv,uDqqRzeozv,uDqqRzeozv,cL,uDqqRzeozv,uDqqRzeozv
cL
uDqqRzeozv,cL,cL,cL,uDqqRzeozv,uDqqRzeozv,cL,cL,uDqqRzeozv,uDqqRzeozv,cL,uDqqRzeozv,cL,cL,uDqqRzeozv,uDqqRzeozv,uDqqRzeozv,cL,uDqqRzeozv,cL,uDqqRzeozv,uDqqRzeozv,uDqqRzeozv,cL,uDqqRzeozv,cL
cL
cL
cL
uDqqRzeozv,cL,cL,cL,uDqqRzeozv,uDqqRzeozv,cL,cL,uDqqRzeozv,uDqqRzeozv,cL,uDqqRzeozv,cL,cL,uDqqRzeozv,uDqqRzeozv,uDqqRzeozv,cL,uDqqRzeozv,cL,uDqqRzeozv,uDqqRzeozv,uDqqRzeozv,cL,uDqqRzeozv
cL
uDqqRzeozv,cL,cL,uDqqRzeozv,uDqqRzeozv,cL,cL,uDqqRzeozv,uDqqRzeozv,cL,uDqqRzeozv,cL,cL,uDqqRzeozv,uDqqRzeozv,uDqqRzeozv,cL,uDqqRzeozv,cL,uDqqRzeozv,uDqqRzeozv,uDqqRzeozv,cL,uDqqRzeozv
Jedi Wagner, assuma o comando!