Toque! Toque, Dijê!
Toque! Toque, Dijê!
m
m
m
m
m
[vazia]
[vazia]
[vazia]
Toque! Toque, Dijê!
Toque! Toque, Dijê!
UAH
UAH
UAH,m
UAH,m
UAH
UAH
m
m
m,m,UAH,UAH
UAH
m,m,UAH,UAH
UAH
m,UAH,UAH,m,qQKJqTTCr
m
m,UAH,m,UAH,qQKJqTTCr
UAH
UAH,m,UAH,qQKJqTTCr,qQKJqTTCr
UAH
UAH
qQKJqTTCr,UAH,UAH,qQKJqTTCr,qQKJqTTCr,FjGLQRP,UAH
qQKJqTTCr,UAH,UAH,qQKJqTTCr,qQKJqTTCr,FjGLQRP,UAH
qQKJqTTCr,UAH,UAH,qQKJqTTCr,qQKJqTTCr,FjGLQRP,UAH
qQKJqTTCr
qQKJqTTCr,UAH,UAH,qQKJqTTCr,qQKJqTTCr,FjGLQRP,UAH,m
qQKJqTTCr,UAH,UAH,qQKJqTTCr,qQKJqTTCr,FjGLQRP,UAH,m
qQKJqTTCr,UAH,UAH,qQKJqTTCr,qQKJqTTCr,FjGLQRP,UAH,m,FjGLQRP
qQKJqTTCr
UAH,qQKJqTTCr,qQKJqTTCr,FjGLQRP,UAH,qQKJqTTCr,zRpJafaK
qQKJqTTCr
UAH,qQKJqTTCr,qQKJqTTCr,UAH,qQKJqTTCr,zRpJafaK,qQKJqTTCr
UAH,qQKJqTTCr,qQKJqTTCr,UAH,qQKJqTTCr,zRpJafaK,qQKJqTTCr
UAH,qQKJqTTCr,qQKJqTTCr,UAH,qQKJqTTCr,zRpJafaK,qQKJqTTCr
qQKJqTTCr
UAH,qQKJqTTCr,qQKJqTTCr,UAH,qQKJqTTCr,zRpJafaK,qQKJqTTCr,UAH
UAH
qQKJqTTCr,qQKJqTTCr,qQKJqTTCr,zRpJafaK,UAH,qQKJqTTCr,UAH,FjGLQRP
UAH
UAH
qQKJqTTCr,qQKJqTTCr,qQKJqTTCr,zRpJafaK,UAH,qQKJqTTCr,UAH,FjGLQRP,FjGLQRP
UAH
qQKJqTTCr,qQKJqTTCr,qQKJqTTCr,zRpJafaK,UAH,qQKJqTTCr,UAH,FjGLQRP,FjGLQRP,qQKJqTTCr,FjGLQRP,UAH
qQKJqTTCr,qQKJqTTCr,UAH,qQKJqTTCr,zRpJafaK,UAH,qQKJqTTCr,UAH
UAH
UAH
UAH
qQKJqTTCr,qQKJqTTCr,UAH,qQKJqTTCr,zRpJafaK,UAH,FjGLQRP,qQKJqTTCr,UAH,m,m
qQKJqTTCr,qQKJqTTCr,UAH,qQKJqTTCr,UAH,zRpJafaK,qQKJqTTCr,UAH
UAH
qQKJqTTCr,qQKJqTTCr,qQKJqTTCr,zRpJafaK,UAH,UAH,qQKJqTTCr,UAH,UAH,FjGLQRP,FjGLQRP
UAH
UAH
qQKJqTTCr,qQKJqTTCr,qQKJqTTCr,UAH,UAH,qQKJqTTCr,UAH,UAH,FjGLQRP,FjGLQRP
UAH
qQKJqTTCr,qQKJqTTCr,UAH,UAH,qQKJqTTCr,UAH,UAH,FjGLQRP,FjGLQRP
UAH
UAH
UAH
qQKJqTTCr,qQKJqTTCr,UAH,UAH,qQKJqTTCr,UAH,UAH,FjGLQRP,FjGLQRP
qQKJqTTCr,qQKJqTTCr,qQKJqTTCr,UAH,UAH,qQKJqTTCr,UAH,UAH,FjGLQRP,FjGLQRP
qQKJqTTCr,qQKJqTTCr,qQKJqTTCr,UAH,UAH,qQKJqTTCr,UAH,UAH,FjGLQRP,FjGLQRP
UAH
UAH
qQKJqTTCr,qQKJqTTCr,qQKJqTTCr,UAH,UAH,qQKJqTTCr,UAH,UAH,FjGLQRP,FjGLQRP,m
qQKJqTTCr,qQKJqTTCr,qQKJqTTCr,UAH,UAH,qQKJqTTCr,UAH,UAH,FjGLQRP,FjGLQRP,m
qQKJqTTCr,qQKJqTTCr,qQKJqTTCr,UAH,UAH,qQKJqTTCr,UAH,UAH,FjGLQRP,FjGLQRP,m
qQKJqTTCr,qQKJqTTCr,qQKJqTTCr,UAH,UAH,qQKJqTTCr,UAH,UAH,FjGLQRP,FjGLQRP,m
qQKJqTTCr
UAH
qQKJqTTCr,qQKJqTTCr,qQKJqTTCr,UAH,qQKJqTTCr,UAH,UAH,UAH,FjGLQRP,FjGLQRP,m
UAH
UAH
qQKJqTTCr,qQKJqTTCr,qQKJqTTCr,qQKJqTTCr,UAH,UAH,UAH,UAH,FjGLQRP,FjGLQRP
UAH
qQKJqTTCr,qQKJqTTCr,qQKJqTTCr,UAH,UAH,UAH,UAH,FjGLQRP,FjGLQRP,m
UAH
qQKJqTTCr,qQKJqTTCr,qQKJqTTCr,UAH,UAH,UAH,UAH,FjGLQRP,FjGLQRP,m
qQKJqTTCr,qQKJqTTCr,qQKJqTTCr,UAH,UAH,UAH,UAH,FjGLQRP,FjGLQRP,m
qQKJqTTCr,qQKJqTTCr,qQKJqTTCr,UAH,UAH,UAH,UAH,FjGLQRP,FjGLQRP,m
qQKJqTTCr
qQKJqTTCr,qQKJqTTCr,qQKJqTTCr,UAH,UAH,qQKJqTTCr,UAH,UAH,FjGLQRP,FjGLQRP,m
qQKJqTTCr
qQKJqTTCr,qQKJqTTCr,qQKJqTTCr,UAH,qQKJqTTCr,UAH,UAH,UAH,FjGLQRP,FjGLQRP,m
zRpJafaK
qQKJqTTCr,qQKJqTTCr,qQKJqTTCr,UAH,UAH,qQKJqTTCr,UAH,UAH,FjGLQRP,FjGLQRP,m,qQKJqTTCr,m
m
qQKJqTTCr,qQKJqTTCr,UAH,UAH,qQKJqTTCr,m,UAH,UAH,FjGLQRP,FjGLQRP,qQKJqTTCr,m,m
qQKJqTTCr,qQKJqTTCr,qQKJqTTCr,UAH,UAH,qQKJqTTCr,m,UAH,UAH,FjGLQRP,FjGLQRP,qQKJqTTCr,m,m
qQKJqTTCr,qQKJqTTCr,qQKJqTTCr,UAH,UAH,qQKJqTTCr,m,UAH,UAH,FjGLQRP,FjGLQRP,qQKJqTTCr,m,m
qQKJqTTCr,qQKJqTTCr,UAH,UAH,qQKJqTTCr,FjGLQRP,m,UAH,UAH,FjGLQRP,qQKJqTTCr,m,m
qQKJqTTCr,qQKJqTTCr,UAH,UAH,qQKJqTTCr,FjGLQRP,m,UAH,UAH,FjGLQRP,qQKJqTTCr,m,m
qQKJqTTCr,UAH,UAH,qQKJqTTCr,FjGLQRP,qQKJqTTCr,m,UAH,UAH,FjGLQRP,qQKJqTTCr,m,m
qQKJqTTCr
UAH,UAH,qQKJqTTCr,FjGLQRP,qQKJqTTCr,qQKJqTTCr,m,UAH,UAH,FjGLQRP,qQKJqTTCr,m,m
qQKJqTTCr
m
qQKJqTTCr,qQKJqTTCr,qQKJqTTCr,UAH,UAH,qQKJqTTCr,m,UAH,UAH,FjGLQRP,FjGLQRP,qQKJqTTCr,m,m,FjGLQRP
qQKJqTTCr,qQKJqTTCr,qQKJqTTCr,UAH,UAH,qQKJqTTCr,m,UAH,UAH,FjGLQRP,FjGLQRP,qQKJqTTCr,m,m
m
Jedi Wagner, assuma o comando!