LcMBXnxl
LcMBXnxl
LcMBXnxl
Toque! Toque, Dijê!
[vazia]
[vazia]
[vazia]
pgUalHME
Toque! Toque, Dijê!
[vazia]
Toque! Toque, Dijê!
Toque! Toque, Dijê!
[vazia]
Toque! Toque, Dijê!
Toque! Toque, Dijê!
Toque! Toque, Dijê!
fkPMh
vdXWrKNZ,fkPMh
vdXWrKNZ,fkPMh
fkPMh
fkPMh
fkPMh
vdXWrKNZ,fkPMh,vdXWrKNZ,pgUalHME
vdXWrKNZ
vdXWrKNZ,vdXWrKNZ,pgUalHME
vdXWrKNZ
vdXWrKNZ
vdXWrKNZ,vdXWrKNZ,pgUalHME
vdXWrKNZ
vdXWrKNZ,vdXWrKNZ,pgUalHME
vdXWrKNZ
vdXWrKNZ,fkPMh
vdXWrKNZ,fkPMh
vdXWrKNZ,fkPMh
vdXWrKNZ,fkPMh,LcMBXnxl
fkPMh
LcMBXnxl,fkPMh,vdXWrKNZ
LcMBXnxl,fkPMh,vdXWrKNZ
vdXWrKNZ
LcMBXnxl,vdXWrKNZ,fkPMh
fkPMh
LcMBXnxl,fkPMh,vdXWrKNZ,fkPMh
LcMBXnxl,fkPMh,vdXWrKNZ
fkPMh,vdXWrKNZ,LcMBXnxl
vdXWrKNZ
vdXWrKNZ
fkPMh,vdXWrKNZ,pgUalHME,vdXWrKNZ
vdXWrKNZ
vdXWrKNZ
vdXWrKNZ
fkPMh,vdXWrKNZ,pgUalHME,vdXWrKNZ
fkPMh,vdXWrKNZ,pgUalHME,vdXWrKNZ
fkPMh,vdXWrKNZ,pgUalHME,vdXWrKNZ
vdXWrKNZ,pgUalHME,vdXWrKNZ,fkPMh,LcMBXnxl
fkPMh
vdXWrKNZ,LcMBXnxl,vdXWrKNZ,fkPMh
vdXWrKNZ
LcMBXnxl,vdXWrKNZ,vdXWrKNZ,fkPMh,vdXWrKNZ
vdXWrKNZ
vdXWrKNZ,LcMBXnxl,vdXWrKNZ,fkPMh
vdXWrKNZ
vdXWrKNZ
vdXWrKNZ
LcMBXnxl,vdXWrKNZ,vdXWrKNZ,fkPMh,LcMBXnxl,vdXWrKNZ
vdXWrKNZ
LcMBXnxl,vdXWrKNZ,vdXWrKNZ,fkPMh,LcMBXnxl,vdXWrKNZ
LcMBXnxl
LcMBXnxl,vdXWrKNZ,LcMBXnxl,vdXWrKNZ
LcMBXnxl,vdXWrKNZ,fkPMh,LcMBXnxl,vdXWrKNZ
LcMBXnxl,LcMBXnxl,vdXWrKNZ
LcMBXnxl,LcMBXnxl,vdXWrKNZ
LcMBXnxl,LcMBXnxl,vdXWrKNZ
LcMBXnxl
LcMBXnxl,vdXWrKNZ,LcMBXnxl,vdXWrKNZ
vdXWrKNZ
vdXWrKNZ
LcMBXnxl,vdXWrKNZ,LcMBXnxl,vdXWrKNZ,LcMBXnxl
vdXWrKNZ
vdXWrKNZ
vdXWrKNZ
vdXWrKNZ
vdXWrKNZ,vdXWrKNZ,LcMBXnxl,pgUalHME
LcMBXnxl
vdXWrKNZ,vdXWrKNZ,LcMBXnxl,pgUalHME,fkPMh
LcMBXnxl
LcMBXnxl,LcMBXnxl,pgUalHME,pgUalHME
pgUalHME
LcMBXnxl,LcMBXnxl,pgUalHME,pgUalHME,pgUalHME
pgUalHME
pgUalHME
pgUalHME
pgUalHME
LcMBXnxl,LcMBXnxl,pgUalHME,pgUalHME,pgUalHME
pgUalHME
pgUalHME
pgUalHME
LcMBXnxl,LcMBXnxl,pgUalHME,pgUalHME,pgUalHME,LcMBXnxl
LcMBXnxl
vdXWrKNZ,LcMBXnxl,vdXWrKNZ,LcMBXnxl,pgUalHME
vdXWrKNZ
vdXWrKNZ,LcMBXnxl,vdXWrKNZ,LcMBXnxl,pgUalHME,vdXWrKNZ
vdXWrKNZ,pgUalHME,LcMBXnxl,vdXWrKNZ,LcMBXnxl,vdXWrKNZ,LcMBXnxl
vdXWrKNZ,LcMBXnxl,pgUalHME,vdXWrKNZ,LcMBXnxl
vdXWrKNZ,LcMBXnxl,pgUalHME,vdXWrKNZ,LcMBXnxl
vdXWrKNZ,LcMBXnxl,pgUalHME,vdXWrKNZ,LcMBXnxl
vdXWrKNZ,LcMBXnxl,pgUalHME,vdXWrKNZ,LcMBXnxl
LcMBXnxl,vdXWrKNZ,vdXWrKNZ
vdXWrKNZ
vdXWrKNZ
vdXWrKNZ,vdXWrKNZ,pgUalHME,pgUalHME
vdXWrKNZ
vdXWrKNZ
vdXWrKNZ
vdXWrKNZ,vdXWrKNZ,LcMBXnxl,pgUalHME
vdXWrKNZ
vdXWrKNZ,vdXWrKNZ,LcMBXnxl,pgUalHME
LcMBXnxl
pgUalHME
LcMBXnxl,pgUalHME,fkPMh
pgUalHME
LcMBXnxl,pgUalHME,fkPMh,fkPMh
pgUalHME
vdXWrKNZ,vdXWrKNZ,LcMBXnxl,fkPMh
fkPMh
vdXWrKNZ,vdXWrKNZ,LcMBXnxl,fkPMh
vdXWrKNZ,vdXWrKNZ,LcMBXnxl,fkPMh,LcMBXnxl
LcMBXnxl
LcMBXnxl
vdXWrKNZ
vdXWrKNZ
vdXWrKNZ
vdXWrKNZ,LcMBXnxl,vdXWrKNZ,pgUalHME,pgUalHME,pgUalHME
fkPMh
pgUalHME,pgUalHME,fkPMh,LcMBXnxl,vdXWrKNZ,pgUalHME,vdXWrKNZ,fkPMh
pgUalHME,pgUalHME,fkPMh,LcMBXnxl,vdXWrKNZ,pgUalHME,vdXWrKNZ,fkPMh
pgUalHME
vdXWrKNZ,pgUalHME,vdXWrKNZ,LcMBXnxl,pgUalHME,pgUalHME,vdXWrKNZ
pgUalHME
pgUalHME
vdXWrKNZ,pgUalHME,LcMBXnxl,pgUalHME,pgUalHME,vdXWrKNZ,fkPMh
LcMBXnxl,vdXWrKNZ,pgUalHME,pgUalHME,vdXWrKNZ,pgUalHME,vdXWrKNZ,vdXWrKNZ,vdXWrKNZ
LcMBXnxl,pgUalHME,pgUalHME,vdXWrKNZ,pgUalHME,vdXWrKNZ,vdXWrKNZ,vdXWrKNZ,vdXWrKNZ,vdXWrKNZ
vdXWrKNZ
LcMBXnxl,pgUalHME,pgUalHME,vdXWrKNZ,vdXWrKNZ,vdXWrKNZ,vdXWrKNZ,vdXWrKNZ,pgUalHME
vdXWrKNZ
vdXWrKNZ
vdXWrKNZ,pgUalHME,vdXWrKNZ,vdXWrKNZ,vdXWrKNZ,LcMBXnxl,pgUalHME,vdXWrKNZ,vdXWrKNZ,pgUalHME,vdXWrKNZ,pgUalHME
pgUalHME,vdXWrKNZ,vdXWrKNZ,LcMBXnxl,pgUalHME,vdXWrKNZ,vdXWrKNZ,vdXWrKNZ,pgUalHME,vdXWrKNZ,pgUalHME,vdXWrKNZ
vdXWrKNZ
vdXWrKNZ
pgUalHME,vdXWrKNZ,vdXWrKNZ,vdXWrKNZ,vdXWrKNZ,pgUalHME
pgUalHME,vdXWrKNZ,vdXWrKNZ,vdXWrKNZ,vdXWrKNZ,pgUalHME,pgUalHME,vdXWrKNZ
vdXWrKNZ
pgUalHME,vdXWrKNZ,vdXWrKNZ,vdXWrKNZ,vdXWrKNZ,pgUalHME,pgUalHME,vdXWrKNZ
vdXWrKNZ
pgUalHME,vdXWrKNZ,vdXWrKNZ,vdXWrKNZ,vdXWrKNZ,pgUalHME,pgUalHME,vdXWrKNZ
pgUalHME
pgUalHME
pgUalHME
pgUalHME
vdXWrKNZ,vdXWrKNZ,vdXWrKNZ,vdXWrKNZ,pgUalHME,pgUalHME,pgUalHME,vdXWrKNZ,pgUalHME
pgUalHME
pgUalHME
vdXWrKNZ,vdXWrKNZ,vdXWrKNZ,vdXWrKNZ,pgUalHME,pgUalHME,pgUalHME,vdXWrKNZ,pgUalHME
pgUalHME
vdXWrKNZ
vdXWrKNZ,vdXWrKNZ,vdXWrKNZ,vdXWrKNZ,pgUalHME,pgUalHME,vdXWrKNZ,pgUalHME,LcMBXnxl,vdXWrKNZ
vdXWrKNZ,vdXWrKNZ,vdXWrKNZ,vdXWrKNZ,pgUalHME,pgUalHME,vdXWrKNZ,pgUalHME,LcMBXnxl,vdXWrKNZ,vdXWrKNZ
pgUalHME
vdXWrKNZ,vdXWrKNZ,vdXWrKNZ,vdXWrKNZ,pgUalHME,vdXWrKNZ,pgUalHME,pgUalHME,LcMBXnxl,vdXWrKNZ,vdXWrKNZ
pgUalHME
vdXWrKNZ,vdXWrKNZ,vdXWrKNZ,vdXWrKNZ,pgUalHME,pgUalHME,pgUalHME,vdXWrKNZ,vdXWrKNZ
pgUalHME
vdXWrKNZ,vdXWrKNZ,vdXWrKNZ,vdXWrKNZ,pgUalHME,pgUalHME,pgUalHME,LcMBXnxl,vdXWrKNZ,vdXWrKNZ,LcMBXnxl
vdXWrKNZ,vdXWrKNZ,vdXWrKNZ,pgUalHME,pgUalHME,vdXWrKNZ,pgUalHME,LcMBXnxl,vdXWrKNZ,vdXWrKNZ,LcMBXnxl,LcMBXnxl
pgUalHME
fkPMh
LcMBXnxl
vdXWrKNZ,vdXWrKNZ,vdXWrKNZ,vdXWrKNZ,pgUalHME,pgUalHME,LcMBXnxl,fkPMh,vdXWrKNZ,vdXWrKNZ,LcMBXnxl,LcMBXnxl,LcMBXnxl,LcMBXnxl,fkPMh,fkPMh
vdXWrKNZ
vdXWrKNZ
vdXWrKNZ
vdXWrKNZ
vdXWrKNZ
vdXWrKNZ
vdXWrKNZ
vdXWrKNZ
vdXWrKNZ,vdXWrKNZ,vdXWrKNZ,pgUalHME,pgUalHME,vdXWrKNZ,vdXWrKNZ,vdXWrKNZ,LcMBXnxl,LcMBXnxl,fkPMh,LcMBXnxl,LcMBXnxl
Jedi Wagner, assuma o comando!