[vazia]
Toque! Toque, Dijê!
Toque! Toque, Dijê!
[vazia]
[vazia]
p
p
p
p,p,p
p
Toque! Toque, Dijê!
Toque! Toque, Dijê!
p
p
p
p
p
p
p
p
p,p
[vazia]
Toque! Toque, Dijê!
[vazia]
[vazia]
Toque! Toque, Dijê!
Toque! Toque, Dijê!
Toque! Toque, Dijê!
p
p
p
Toque! Toque, Dijê!
Toque! Toque, Dijê!
p
Toque! Toque, Dijê!
p
Toque! Toque, Dijê!
[vazia]
[vazia]
Toque! Toque, Dijê!
[vazia]
Toque! Toque, Dijê!
[vazia]
p
p
p
p,p
p,p
p
p
p,p
p,p
p,p
p
p,p,p,p
p,p,p,p
p,p,p,p,p,p
p,p,p,p,p,p
[vazia]
p
p
p,p
p,p
p,p
p
p
p
p,p,p
p
p
p
p
p
p
p,p,p,p
p,p,p
p,p,p
p
p
p,p,p,p,p
p
p
p,p,p,p,p
p,p,p,p,p
p
p,p,p,p,p
p
p
p,p,p,p,p,p,p
p
p
p
p,p,p,p,p,p
p,p,p,p,p,p
p,p,p,p,p,p,p
p
p,p,p,p,p,p
p
p
p
p
p,p,p,p,p
p
p,p,p,p,p,p
p,p,p,p,p
p
p,p,p,p
p
p,p,p,p,p
p
p,p,p,p,p
p,p,p,p,p
p
p
p
p,p,p,p,p,p
p
p,p,p,p,p,p
p,p,p,p,p,p
p
p
p,p,p,p,p,p,p,p,p
p,p,p,p,p,p,p,p,p
p
p
p,p,p,p,p,p
p,p,p,p,p
p
p
p
p
p
p
p
p
p,p,p
p
Toque! Toque, Dijê!
Toque! Toque, Dijê!
[vazia]
p,p
p
p
p,p
p,p
p,p,p
p
p
p
p
p,p,p,p
p,p,p,p
p,p,p,p
p,p,p,p,p
p
p,p,p,p
p
p
p
p
p,p,p,p
p,p,p,p
p,p,p
p,p,p
p,p,p
p
p
p
p
p
p
p
p
p,p,p
p,p,p
p,p,p
[vazia]
p
p,p
p,p
p,p,p
p,p
p
p,p
p
p
p,p,p,p
p
p,p,p,p,p
p
p,p,p,p,p
p,p,p,p,p
p
p
p,p
p
p,p
p
p,p
p,p
p,p
p
p,p,p,p
p
p
p
p
p,p,p,p
p,p,p
p,p,p
p
p
p
p,p,p,p
p
p,p,p,p
p,p,p,p
p,p,p
p,p,p
p
p
p
p,p,p
p,p,p
p,p,p
Jedi Wagner, assuma o comando!