Toque! Toque, Dijê!
xxHbGofur
xxHbGofur
xxHbGofur
xxHbGofur,xxHbGofur
xxHbGofur
xxHbGofur
xxHbGofur
xxHbGofur
[vazia]
[vazia]
Toque! Toque, Dijê!
[vazia]
Toque! Toque, Dijê!
Toque! Toque, Dijê!
PwzcavkOz,QkBnTX,QkBnTX
PwzcavkOz
PwzcavkOz,QkBnTX,PwzcavkOz
PwzcavkOz
PwzcavkOz,QkBnTX,PwzcavkOz
PwzcavkOz
PwzcavkOz,QkBnTX,PwzcavkOz,PwzcavkOz
QkBnTX
PwzcavkOz,QkBnTX,PwzcavkOz,PwzcavkOz,PwzcavkOz
PwzcavkOz,PwzcavkOz,PwzcavkOz,PwzcavkOz,WWlG,QkBnTX,PwzcavkOz
PwzcavkOz
PwzcavkOz,PwzcavkOz,PwzcavkOz,PwzcavkOz,WWlG,QkBnTX
QkBnTX
PwzcavkOz,QkBnTX,PwzcavkOz
QkBnTX
QkBnTX
QkBnTX
QkBnTX
QkBnTX,PwzcavkOz
QkBnTX,PwzcavkOz
QkBnTX
QkBnTX
QkBnTX
QkBnTX
QkBnTX
PwzcavkOz,QkBnTX,PwzcavkOz
PwzcavkOz,QkBnTX,PwzcavkOz,xxHbGofur,Yky
QkBnTX
PwzcavkOz,QkBnTX,PwzcavkOz,xxHbGofur,Yky
QkBnTX,PwzcavkOz,PwzcavkOz,xxHbGofur,Yky
QkBnTX
PwzcavkOz,QkBnTX,PwzcavkOz,xxHbGofur,Yky
Yky
PwzcavkOz,QkBnTX,PwzcavkOz
QkBnTX
PwzcavkOz,QkBnTX,PwzcavkOz
QkBnTX
PwzcavkOz,QkBnTX,PwzcavkOz
QkBnTX
QkBnTX
PwzcavkOz,QkBnTX,PwzcavkOz,jFXwPMYNr
PwzcavkOz,QkBnTX,PwzcavkOz,jFXwPMYNr,WWlG
PwzcavkOz,QkBnTX,PwzcavkOz,jFXwPMYNr,WWlG,PwzcavkOz
PwzcavkOz
PwzcavkOz
QkBnTX,PwzcavkOz,jFXwPMYNr,PwzcavkOz,PwzcavkOz
PwzcavkOz,QkBnTX,PwzcavkOz,jFXwPMYNr,PwzcavkOz
PwzcavkOz
PwzcavkOz
QkBnTX,PwzcavkOz,jFXwPMYNr,PwzcavkOz,PwzcavkOz,xxHbGofur
PwzcavkOz,QkBnTX,PwzcavkOz,jFXwPMYNr,PwzcavkOz
PwzcavkOz,QkBnTX,PwzcavkOz,jFXwPMYNr,PwzcavkOz
QkBnTX
QkBnTX
jFXwPMYNr
PwzcavkOz
PwzcavkOz
PwzcavkOz
PwzcavkOz
PwzcavkOz
PwzcavkOz,PwzcavkOz,jFXwPMYNr,PwzcavkOz,QkBnTX,jFXwPMYNr,PwzcavkOz
PwzcavkOz
PwzcavkOz,PwzcavkOz,jFXwPMYNr,PwzcavkOz,QkBnTX,jFXwPMYNr,PwzcavkOz,QkBnTX
PwzcavkOz,PwzcavkOz,jFXwPMYNr,PwzcavkOz,QkBnTX,jFXwPMYNr,PwzcavkOz,QkBnTX,Yky
QkBnTX
PwzcavkOz,PwzcavkOz,jFXwPMYNr,PwzcavkOz,QkBnTX,jFXwPMYNr,PwzcavkOz,QkBnTX,Yky
QkBnTX
PwzcavkOz,PwzcavkOz,jFXwPMYNr,PwzcavkOz,QkBnTX,jFXwPMYNr,PwzcavkOz,QkBnTX,Yky
PwzcavkOz,PwzcavkOz,jFXwPMYNr,PwzcavkOz,QkBnTX,jFXwPMYNr,PwzcavkOz,QkBnTX,Yky
QkBnTX
PwzcavkOz,PwzcavkOz,jFXwPMYNr,PwzcavkOz,jFXwPMYNr,PwzcavkOz,QkBnTX,QkBnTX,QkBnTX
QkBnTX
PwzcavkOz,PwzcavkOz,jFXwPMYNr,PwzcavkOz,QkBnTX,jFXwPMYNr,PwzcavkOz,QkBnTX,Yky
QkBnTX
PwzcavkOz,PwzcavkOz,jFXwPMYNr,PwzcavkOz,QkBnTX,jFXwPMYNr,PwzcavkOz,QkBnTX,Yky,Yky,jFXwPMYNr
PwzcavkOz,PwzcavkOz,jFXwPMYNr,PwzcavkOz,QkBnTX,jFXwPMYNr,PwzcavkOz,QkBnTX,Yky,Yky
Yky
Yky
PwzcavkOz,jFXwPMYNr,PwzcavkOz,jFXwPMYNr,PwzcavkOz,QkBnTX,Yky,PwzcavkOz,QkBnTX,WWlG
PwzcavkOz,PwzcavkOz,jFXwPMYNr,PwzcavkOz,QkBnTX,jFXwPMYNr,PwzcavkOz,QkBnTX,Yky,Yky,QkBnTX
Jedi Wagner, assuma o comando!