Toque! Toque, Dijê!
Toque! Toque, Dijê!
Toque! Toque, Dijê!
[vazia]
[vazia]
[vazia]
Toque! Toque, Dijê!
[vazia]
[vazia]
GZsCpsDBB
GZsCpsDBB
dvpkvr
dvpkvr
XOmmTu,dvpkvr,zNF
dvpkvr,GXQSq,dvpkvr
dvpkvr
dvpkvr
dvpkvr
dvpkvr,dvpkvr,XOmmTu
dvpkvr
GXQSq
GXQSq
GXQSq
GXQSq
dvpkvr
dvpkvr,GXQSq,dvpkvr
dvpkvr,GXQSq,dvpkvr
dvpkvr
dvpkvr
dvpkvr,GXQSq,dvpkvr,dvpkvr,XOmmTu
dvpkvr
dvpkvr
dvpkvr
dvpkvr,dvpkvr,dvpkvr,XOmmTu,zNF
XOmmTu
dvpkvr,dvpkvr,dvpkvr,zNF,XOmmTu
dvpkvr,dvpkvr,dvpkvr,zNF,XOmmTu
dvpkvr,dvpkvr,dvpkvr,zNF,XOmmTu
zNF
dvpkvr,dvpkvr,dvpkvr,zNF,XOmmTu
XOmmTu
dvpkvr,dvpkvr,dvpkvr,zNF,XOmmTu
dvpkvr,dvpkvr
dvpkvr,dvpkvr
dvpkvr
dvpkvr,dvpkvr,GXQSq
dvpkvr,dvpkvr,GXQSq,zNF,zNF
dvpkvr,dvpkvr,GXQSq,zNF
dvpkvr,dvpkvr,GXQSq,zNF
zNF
dvpkvr,dvpkvr,GXQSq,XOmmTu,zNF,GZsCpsDBB,dvpkvr,XOmmTu
XOmmTu
zNF
zNF
zNF
dvpkvr,dvpkvr,GXQSq,XOmmTu,zNF,GZsCpsDBB,dvpkvr,XOmmTu,XOmmTu,GXQSq
zNF
zNF
zNF
dvpkvr,dvpkvr,GXQSq,XOmmTu,zNF,dvpkvr,XOmmTu,XOmmTu,GXQSq,zNF
dvpkvr
XOmmTu
XOmmTu
XOmmTu
GXQSq,XOmmTu,zNF,dvpkvr,dvpkvr,XOmmTu,XOmmTu,GXQSq,zNF,zNF,XOmmTu
XOmmTu
XOmmTu
XOmmTu
zNF
XOmmTu,dvpkvr,XOmmTu,XOmmTu,zNF,zNF,zNF,XOmmTu,dvpkvr,GXQSq,zNF
XOmmTu,dvpkvr,dvpkvr,XOmmTu,XOmmTu,GXQSq,zNF,zNF,GXQSq,dvpkvr
XOmmTu
XOmmTu,dvpkvr,XOmmTu,XOmmTu,GXQSq,zNF,zNF,GXQSq,dvpkvr,GXQSq
zNF
zNF
XOmmTu,XOmmTu,XOmmTu,zNF,zNF,GXQSq,dvpkvr,GXQSq
XOmmTu,XOmmTu,XOmmTu,zNF,zNF,GXQSq,dvpkvr,GXQSq
zNF
XOmmTu,XOmmTu,XOmmTu,zNF,zNF,GXQSq,dvpkvr,GXQSq
zNF
zNF
zNF
XOmmTu,XOmmTu,XOmmTu,zNF,zNF,GXQSq,dvpkvr,GXQSq
zNF
XOmmTu,XOmmTu,XOmmTu,zNF,zNF,GXQSq,dvpkvr,GXQSq
zNF
XOmmTu,XOmmTu,XOmmTu,zNF,GXQSq,dvpkvr,GXQSq,XOmmTu
XOmmTu,XOmmTu,XOmmTu,zNF,GXQSq,dvpkvr,GXQSq,XOmmTu
GXQSq
XOmmTu,XOmmTu,zNF,dvpkvr,GXQSq,XOmmTu,GXQSq,XOmmTu,GXQSq,XOmmTu
GXQSq
XOmmTu,XOmmTu,XOmmTu,zNF,zNF,dvpkvr,GXQSq
XOmmTu,XOmmTu,XOmmTu,zNF,zNF,dvpkvr,GXQSq
dvpkvr
XOmmTu,XOmmTu,XOmmTu,zNF,zNF,dvpkvr,GXQSq
dvpkvr
GXQSq
GXQSq
GXQSq
GXQSq
XOmmTu,XOmmTu,XOmmTu,zNF,zNF,GXQSq,dvpkvr,GXQSq
XOmmTu,XOmmTu,XOmmTu,zNF,zNF,GXQSq,dvpkvr,GXQSq,XOmmTu
GXQSq
XOmmTu,XOmmTu,XOmmTu,zNF,zNF,GXQSq,dvpkvr,GXQSq,XOmmTu,GXQSq
GXQSq
dvpkvr
Jedi Wagner, assuma o comando!