Toque! Toque, Dijê!
EctIxjq
EctIxjq,EctIxjq,EctIxjq,HMUi
EctIxjq,EctIxjq,EctIxjq,HMUi
EctIxjq
EctIxjq
EctIxjq
EctIxjq,EctIxjq,EctIxjq,HMUi
EctIxjq
EctIxjq,EctIxjq,HMUi
EctIxjq,EctIxjq,HMUi
EctIxjq,EctIxjq,EctIxjq,HMUi
EctIxjq
EctIxjq
EctIxjq,EctIxjq,EctIxjq,HMUi,EctIxjq,EctIxjq
EctIxjq,EctIxjq,EctIxjq,HMUi,EctIxjq,EctIxjq
EctIxjq,EctIxjq,EctIxjq,HMUi,EctIxjq,EctIxjq
EctIxjq,EctIxjq,EctIxjq,EctIxjq,HMUi,EctIxjq,HMUi
EctIxjq,EctIxjq,EctIxjq,EctIxjq,HMUi
EctIxjq
HMUi
EctIxjq
EctIxjq
HMUi,EctIxjq,EctIxjq,EctIxjq,EctIxjq,HMUi,HMUi
HMUi
HMUi
EctIxjq,EctIxjq,HMUi,EctIxjq,HMUi,HMUi
HMUi
EctIxjq,HMUi,EctIxjq,HMUi,HMUi
EctIxjq
HMUi,EctIxjq,EctIxjq,EctIxjq,HMUi,HMUi
HMUi,EctIxjq,EctIxjq,EctIxjq,HMUi,HMUi
HMUi,EctIxjq,EctIxjq,EctIxjq,HMUi,HMUi
HMUi
HMUi
HMUi
EctIxjq,EctIxjq,HMUi,HMUi,HMUi,HMUi,EctIxjq,HMUi
HMUi
HMUi
EctIxjq,EctIxjq,HMUi,HMUi,HMUi,HMUi,EctIxjq,HMUi
EctIxjq,EctIxjq,HMUi,HMUi,HMUi,HMUi,EctIxjq,HMUi
HMUi
HMUi
EctIxjq,EctIxjq,HMUi,HMUi,HMUi,EctIxjq,EctIxjq,HMUi
HMUi,HMUi,HMUi,EctIxjq,EctIxjq,EctIxjq,EctIxjq,HMUi
HMUi,HMUi,HMUi,EctIxjq,EctIxjq,EctIxjq,EctIxjq,HMUi
EctIxjq,EctIxjq,HMUi,HMUi,HMUi,EctIxjq,EctIxjq,HMUi,HMUi
EctIxjq,EctIxjq,HMUi,HMUi,HMUi,EctIxjq,EctIxjq,HMUi,HMUi
EctIxjq,EctIxjq,HMUi,HMUi,HMUi,EctIxjq,EctIxjq,HMUi,HMUi
EctIxjq,EctIxjq,HMUi,HMUi,EctIxjq,EctIxjq,HMUi,HMUi,HMUi
EctIxjq
EctIxjq,HMUi,HMUi,EctIxjq,EctIxjq,HMUi,HMUi,HMUi,HMUi,HMUi
EctIxjq,HMUi,HMUi,EctIxjq,EctIxjq,HMUi,HMUi,HMUi,HMUi,HMUi,HMUi
HMUi,HMUi,EctIxjq,EctIxjq,HMUi,HMUi,HMUi,HMUi,HMUi,HMUi
EctIxjq
HMUi,EctIxjq,EctIxjq,HMUi,HMUi,HMUi,HMUi,HMUi,HMUi
EctIxjq
EctIxjq
EctIxjq,EctIxjq,HMUi,HMUi,HMUi,HMUi,HMUi,HMUi,EctIxjq,EctIxjq
EctIxjq
EctIxjq,EctIxjq,HMUi,HMUi,HMUi,HMUi,HMUi,HMUi,EctIxjq,EctIxjq
EctIxjq
EctIxjq
EctIxjq,EctIxjq,HMUi,HMUi,HMUi,HMUi,HMUi,HMUi,EctIxjq,EctIxjq
HMUi,HMUi,EctIxjq,HMUi,HMUi,HMUi,HMUi,HMUi,HMUi
HMUi
HMUi,HMUi,EctIxjq,HMUi,HMUi,HMUi,HMUi,HMUi,HMUi
EctIxjq
HMUi
HMUi
HMUi
HMUi
HMUi
HMUi,HMUi,HMUi,HMUi,HMUi,HMUi,HMUi,HMUi,HMUi,HMUi
HMUi
HMUi
HMUi,HMUi,EctIxjq,HMUi,HMUi,HMUi,HMUi,HMUi,HMUi
HMUi,HMUi,EctIxjq,HMUi,HMUi,HMUi,HMUi,HMUi,HMUi
HMUi
EctIxjq
HMUi,EctIxjq,HMUi,HMUi,HMUi,HMUi,HMUi,HMUi
HMUi,EctIxjq,HMUi,HMUi,HMUi,HMUi,HMUi,HMUi
EctIxjq,HMUi,HMUi,HMUi,HMUi,HMUi,HMUi,HMUi,EctIxjq
EctIxjq,HMUi,HMUi,HMUi,HMUi,HMUi,HMUi,HMUi,EctIxjq,HMUi
HMUi,HMUi,EctIxjq,HMUi,HMUi,HMUi,HMUi,HMUi,HMUi,HMUi
HMUi
HMUi,EctIxjq,HMUi,HMUi,HMUi,HMUi,HMUi,HMUi,HMUi,HMUi
HMUi
HMUi
HMUi
HMUi,EctIxjq,HMUi,HMUi,HMUi,HMUi,HMUi,HMUi,EctIxjq,EctIxjq,EctIxjq
HMUi,EctIxjq,HMUi,HMUi,HMUi,HMUi,HMUi,HMUi,EctIxjq,EctIxjq,EctIxjq
HMUi,HMUi,HMUi,HMUi,HMUi,HMUi,HMUi,EctIxjq,EctIxjq,EctIxjq
HMUi,HMUi,HMUi,HMUi,HMUi,HMUi,HMUi,EctIxjq
EctIxjq
EctIxjq
HMUi,HMUi,HMUi,EctIxjq,HMUi,HMUi,HMUi,HMUi,HMUi,EctIxjq
HMUi,HMUi,EctIxjq,HMUi,HMUi,HMUi,HMUi,HMUi,HMUi,EctIxjq,EctIxjq
HMUi
HMUi
HMUi
HMUi,HMUi,HMUi,HMUi,HMUi,HMUi,HMUi,HMUi,EctIxjq,EctIxjq,HMUi
HMUi
HMUi
HMUi,HMUi,HMUi,HMUi,HMUi,HMUi,HMUi,HMUi,EctIxjq,EctIxjq,HMUi
HMUi
HMUi
HMUi,HMUi,HMUi,HMUi,HMUi,HMUi,HMUi,HMUi,EctIxjq,EctIxjq,HMUi
HMUi
HMUi,HMUi,HMUi,HMUi,HMUi,HMUi,HMUi,EctIxjq,EctIxjq,HMUi
HMUi,HMUi,HMUi,HMUi,HMUi,HMUi,HMUi,EctIxjq,EctIxjq,HMUi
HMUi
HMUi
HMUi,HMUi,HMUi,HMUi,HMUi,EctIxjq,EctIxjq,HMUi,HMUi
HMUi
HMUi,HMUi,EctIxjq,HMUi,HMUi,HMUi,EctIxjq,HMUi
HMUi,HMUi,EctIxjq,HMUi,EctIxjq,HMUi,HMUi
HMUi,HMUi,EctIxjq,HMUi,EctIxjq,HMUi,HMUi
HMUi,HMUi,HMUi,EctIxjq,HMUi,HMUi,EctIxjq
HMUi
HMUi
HMUi
HMUi,HMUi,HMUi,HMUi,HMUi,EctIxjq,HMUi,HMUi
HMUi
HMUi
HMUi,HMUi,HMUi,HMUi,HMUi,EctIxjq,HMUi,HMUi
EctIxjq
HMUi,HMUi,EctIxjq,HMUi,HMUi,HMUi,HMUi,HMUi
HMUi,HMUi,EctIxjq,HMUi,HMUi,HMUi,HMUi,HMUi
HMUi,HMUi,HMUi,HMUi,HMUi,EctIxjq,HMUi,HMUi
HMUi
HMUi
HMUi,HMUi,HMUi,HMUi,HMUi,HMUi,HMUi
HMUi
HMUi,HMUi,HMUi,HMUi,HMUi,EctIxjq,HMUi,HMUi
HMUi
HMUi,HMUi,HMUi,HMUi,HMUi,EctIxjq,HMUi,HMUi,EctIxjq
HMUi
EctIxjq
HMUi,HMUi,HMUi,EctIxjq,HMUi,HMUi,HMUi,HMUi
HMUi,HMUi,HMUi,HMUi,HMUi,HMUi,HMUi
HMUi,HMUi,HMUi,HMUi,HMUi,HMUi
HMUi,HMUi,HMUi,HMUi,HMUi,HMUi
HMUi
HMUi,HMUi,HMUi,HMUi
HMUi,HMUi,HMUi,HMUi
HMUi,HMUi,HMUi,HMUi
HMUi
HMUi,HMUi,HMUi,HMUi
HMUi
HMUi
HMUi
HMUi,HMUi,HMUi,HMUi,EctIxjq,EctIxjq,EctIxjq
HMUi
HMUi,HMUi,HMUi,HMUi,EctIxjq,EctIxjq
HMUi,HMUi,HMUi,HMUi,EctIxjq,EctIxjq
HMUi,HMUi,HMUi,HMUi,EctIxjq,EctIxjq
HMUi,HMUi,HMUi,HMUi,EctIxjq,EctIxjq
HMUi,HMUi,HMUi,HMUi,EctIxjq,EctIxjq
HMUi
HMUi,HMUi,HMUi,HMUi,EctIxjq,EctIxjq
EctIxjq
HMUi
HMUi
EctIxjq,HMUi,EctIxjq
HMUi
HMUi,EctIxjq,HMUi,HMUi,HMUi
HMUi
HMUi
HMUi
HMUi,EctIxjq,HMUi,HMUi,HMUi,HMUi
EctIxjq,HMUi,HMUi,HMUi
EctIxjq,HMUi,HMUi,HMUi
HMUi
HMUi
HMUi
HMUi
HMUi
HMUi,EctIxjq,HMUi,HMUi,HMUi
HMUi
HMUi
HMUi,HMUi,HMUi,HMUi,HMUi,EctIxjq
HMUi,HMUi,HMUi,HMUi,HMUi,EctIxjq
EctIxjq
HMUi
HMUi,HMUi,HMUi,HMUi,HMUi
HMUi
HMUi
EctIxjq
HMUi,HMUi,HMUi,HMUi,HMUi,EctIxjq,EctIxjq
Jedi Wagner, assuma o comando!