Toque! Toque, Dijê!
IhhzWrsIq
IhhzWrsIq,IhhzWrsIq
IhhzWrsIq,IhhzWrsIq
IhhzWrsIq,IhhzWrsIq,IhhzWrsIq
IhhzWrsIq
IhhzWrsIq,IhhzWrsIq,IhhzWrsIq
IhhzWrsIq,IhhzWrsIq
IhhzWrsIq,IhhzWrsIq,IhhzWrsIq
IhhzWrsIq
IhhzWrsIq,IhhzWrsIq
IhhzWrsIq,IhhzWrsIq,IhhzWrsIq
IhhzWrsIq,IhhzWrsIq,IhhzWrsIq
IhhzWrsIq
IhhzWrsIq,IhhzWrsIq,IhhzWrsIq,IhhzWrsIq
IhhzWrsIq,IhhzWrsIq,IhhzWrsIq,IhhzWrsIq
IhhzWrsIq
IhhzWrsIq,IhhzWrsIq,IhhzWrsIq
IhhzWrsIq,IhhzWrsIq,IhhzWrsIq,IhhzWrsIq
IhhzWrsIq,IhhzWrsIq,IhhzWrsIq,IhhzWrsIq
IhhzWrsIq,IhhzWrsIq,IhhzWrsIq,IhhzWrsIq
IhhzWrsIq,IhhzWrsIq,IhhzWrsIq,IhhzWrsIq
IhhzWrsIq,IhhzWrsIq,IhhzWrsIq,IhhzWrsIq
IhhzWrsIq
IhhzWrsIq,IhhzWrsIq,IhhzWrsIq,IhhzWrsIq
IhhzWrsIq,IhhzWrsIq,IhhzWrsIq,IhhzWrsIq
IhhzWrsIq
IhhzWrsIq
IhhzWrsIq,IhhzWrsIq,IhhzWrsIq,IhhzWrsIq,IhhzWrsIq
IhhzWrsIq,IhhzWrsIq,IhhzWrsIq,IhhzWrsIq,IhhzWrsIq
IhhzWrsIq
IhhzWrsIq
IhhzWrsIq,IhhzWrsIq,IhhzWrsIq,IhhzWrsIq,IhhzWrsIq,IhhzWrsIq,IhhzWrsIq
IhhzWrsIq,IhhzWrsIq,IhhzWrsIq,IhhzWrsIq,IhhzWrsIq,IhhzWrsIq,IhhzWrsIq,IhhzWrsIq
IhhzWrsIq,IhhzWrsIq,IhhzWrsIq,IhhzWrsIq
IhhzWrsIq,IhhzWrsIq,IhhzWrsIq,IhhzWrsIq,IhhzWrsIq
IhhzWrsIq
IhhzWrsIq
IhhzWrsIq
IhhzWrsIq,IhhzWrsIq,IhhzWrsIq
IhhzWrsIq,IhhzWrsIq,IhhzWrsIq
IhhzWrsIq,IhhzWrsIq,IhhzWrsIq
IhhzWrsIq,IhhzWrsIq,IhhzWrsIq,IhhzWrsIq
IhhzWrsIq,IhhzWrsIq,IhhzWrsIq,IhhzWrsIq
IhhzWrsIq,IhhzWrsIq,IhhzWrsIq,IhhzWrsIq,IhhzWrsIq
IhhzWrsIq,IhhzWrsIq,IhhzWrsIq,IhhzWrsIq,IhhzWrsIq
IhhzWrsIq,IhhzWrsIq,IhhzWrsIq,IhhzWrsIq,IhhzWrsIq,IhhzWrsIq
IhhzWrsIq,IhhzWrsIq,IhhzWrsIq,IhhzWrsIq,IhhzWrsIq,IhhzWrsIq
IhhzWrsIq
IhhzWrsIq,IhhzWrsIq,IhhzWrsIq,IhhzWrsIq,IhhzWrsIq,IhhzWrsIq
IhhzWrsIq,IhhzWrsIq,IhhzWrsIq,IhhzWrsIq
IhhzWrsIq,IhhzWrsIq,IhhzWrsIq,IhhzWrsIq,IhhzWrsIq
IhhzWrsIq
IhhzWrsIq
IhhzWrsIq
IhhzWrsIq
IhhzWrsIq,IhhzWrsIq,IhhzWrsIq,IhhzWrsIq,IhhzWrsIq,IhhzWrsIq,IhhzWrsIq
IhhzWrsIq,IhhzWrsIq,IhhzWrsIq,IhhzWrsIq
IhhzWrsIq
IhhzWrsIq,IhhzWrsIq,IhhzWrsIq,IhhzWrsIq,IhhzWrsIq,IhhzWrsIq
IhhzWrsIq
IhhzWrsIq
IhhzWrsIq
IhhzWrsIq
IhhzWrsIq,IhhzWrsIq,IhhzWrsIq,IhhzWrsIq,IhhzWrsIq,IhhzWrsIq,IhhzWrsIq
IhhzWrsIq
IhhzWrsIq,IhhzWrsIq,IhhzWrsIq,IhhzWrsIq,IhhzWrsIq,IhhzWrsIq
IhhzWrsIq,IhhzWrsIq,IhhzWrsIq,IhhzWrsIq,IhhzWrsIq,IhhzWrsIq,IhhzWrsIq
IhhzWrsIq
IhhzWrsIq
IhhzWrsIq,IhhzWrsIq,IhhzWrsIq,IhhzWrsIq,IhhzWrsIq,IhhzWrsIq,IhhzWrsIq,IhhzWrsIq
IhhzWrsIq,IhhzWrsIq,IhhzWrsIq,IhhzWrsIq,IhhzWrsIq,IhhzWrsIq,IhhzWrsIq
IhhzWrsIq
IhhzWrsIq
IhhzWrsIq
IhhzWrsIq,IhhzWrsIq,IhhzWrsIq,IhhzWrsIq,IhhzWrsIq
IhhzWrsIq
IhhzWrsIq,IhhzWrsIq,IhhzWrsIq,IhhzWrsIq
IhhzWrsIq,IhhzWrsIq,IhhzWrsIq,IhhzWrsIq
IhhzWrsIq
IhhzWrsIq,IhhzWrsIq,IhhzWrsIq,IhhzWrsIq,IhhzWrsIq
IhhzWrsIq,IhhzWrsIq,IhhzWrsIq,IhhzWrsIq
IhhzWrsIq,IhhzWrsIq,IhhzWrsIq,IhhzWrsIq,IhhzWrsIq
IhhzWrsIq
IhhzWrsIq,IhhzWrsIq,IhhzWrsIq,IhhzWrsIq,IhhzWrsIq,IhhzWrsIq
IhhzWrsIq
IhhzWrsIq,IhhzWrsIq,IhhzWrsIq,IhhzWrsIq,IhhzWrsIq,IhhzWrsIq
IhhzWrsIq,IhhzWrsIq,IhhzWrsIq,IhhzWrsIq,IhhzWrsIq,IhhzWrsIq
IhhzWrsIq,IhhzWrsIq,IhhzWrsIq,IhhzWrsIq
IhhzWrsIq
IhhzWrsIq,IhhzWrsIq,IhhzWrsIq,IhhzWrsIq
IhhzWrsIq,IhhzWrsIq,IhhzWrsIq,IhhzWrsIq,IhhzWrsIq
IhhzWrsIq
IhhzWrsIq,IhhzWrsIq,IhhzWrsIq,IhhzWrsIq
IhhzWrsIq,IhhzWrsIq,IhhzWrsIq,IhhzWrsIq
IhhzWrsIq,IhhzWrsIq,IhhzWrsIq
IhhzWrsIq
IhhzWrsIq,IhhzWrsIq,IhhzWrsIq,IhhzWrsIq
IhhzWrsIq,IhhzWrsIq,IhhzWrsIq,IhhzWrsIq
Jedi Wagner, assuma o comando!