l
[vazia]
[vazia]
MlGe
MlGe
MlGe
[vazia]
MlGe,MlGe
MlGe
MlGe
MlGe
MlGe
MlGe
MlGe,l,VLFdx,VLFdx
VLFdx,VLFdx,VLFdx,VLFdx
VLFdx,VLFdx,VLFdx,VLFdx
VLFdx,VLFdx,VLFdx
VLFdx,VLFdx,VLFdx
VLFdx
VLFdx
VLFdx
VLFdx,VLFdx,VLFdx,l
VLFdx,VLFdx,VLFdx,l
VLFdx,VLFdx,VLFdx,l
MlGe,l,VLFdx,VLFdx
VLFdx
MlGe,l,VLFdx,VLFdx,VLFdx
MlGe,l,VLFdx,VLFdx,VLFdx
VLFdx
VLFdx
MlGe,l,VLFdx,l,MlGe,MlGe,l
l
l
MlGe,VLFdx,MlGe,MlGe,l,VLFdx,VLFdx,VLFdx,MlGe,l
MlGe,VLFdx,MlGe,MlGe,l,VLFdx,VLFdx,VLFdx,MlGe,l
MlGe,VLFdx,MlGe,MlGe,l,VLFdx,VLFdx,VLFdx,MlGe,l
VLFdx
VLFdx
VLFdx
VLFdx
VLFdx
MlGe,VLFdx,MlGe,MlGe,l,VLFdx,VLFdx,VLFdx,MlGe,l,l
MlGe,MlGe,MlGe,l,VLFdx,VLFdx,VLFdx,MlGe,l,l
VLFdx
MlGe,VLFdx,MlGe,MlGe,VLFdx,l,VLFdx,VLFdx,MlGe,l
l
l
MlGe,MlGe,MlGe,VLFdx,l,VLFdx,VLFdx,VLFdx,MlGe,l
MlGe,MlGe,MlGe,VLFdx,l,VLFdx,VLFdx,VLFdx,MlGe,l
l
MlGe,MlGe,MlGe,VLFdx,l,VLFdx,VLFdx,VLFdx,MlGe,l
MlGe,VLFdx,MlGe,MlGe,l,VLFdx,VLFdx,VLFdx,MlGe,l
l
VLFdx,MlGe,MlGe,VLFdx,l,VLFdx,VLFdx,MlGe,l
VLFdx
VLFdx,VLFdx,MlGe,MlGe,l,VLFdx,VLFdx,MlGe,l
VLFdx,VLFdx,MlGe,MlGe,VLFdx,VLFdx,MlGe,VLFdx,MlGe,MlGe
VLFdx,MlGe,VLFdx,MlGe,VLFdx,VLFdx,MlGe,VLFdx,MlGe,MlGe
VLFdx
VLFdx
VLFdx,MlGe,MlGe,l,VLFdx,VLFdx,VLFdx,MlGe,l,MlGe
VLFdx,MlGe,MlGe,l,VLFdx,VLFdx,VLFdx,MlGe,l,MlGe,l
VLFdx,MlGe,MlGe,l,VLFdx,VLFdx,VLFdx,MlGe,l,MlGe,l
VLFdx
VLFdx
MlGe,MlGe,l,VLFdx,VLFdx,VLFdx,MlGe,l,MlGe,l
MlGe,l,VLFdx,VLFdx,VLFdx,MlGe,l,MlGe,l
VLFdx,MlGe,MlGe,l,VLFdx,VLFdx,VLFdx,MlGe,l,MlGe,l
VLFdx
VLFdx,VLFdx,MlGe,VLFdx,VLFdx,MlGe,l,MlGe
MlGe
MlGe
VLFdx,VLFdx,VLFdx,MlGe,VLFdx,MlGe,l,MlGe
VLFdx,VLFdx,VLFdx,MlGe,VLFdx,MlGe,l,MlGe
VLFdx
VLFdx
VLFdx,VLFdx,VLFdx,VLFdx,MlGe,l,MlGe,MlGe
VLFdx,MlGe,VLFdx,VLFdx,VLFdx,MlGe,MlGe,MlGe
VLFdx,MlGe,VLFdx,VLFdx,VLFdx,MlGe,l,MlGe,MlGe
VLFdx,MlGe,VLFdx,VLFdx,VLFdx,MlGe,l,MlGe,MlGe
VLFdx,MlGe,VLFdx,VLFdx,VLFdx,MlGe,l,MlGe,MlGe,VLFdx
VLFdx
VLFdx,MlGe,VLFdx,VLFdx,VLFdx,MlGe,l,MlGe,MlGe,VLFdx,l
VLFdx,MlGe,VLFdx,VLFdx,VLFdx,MlGe,l,MlGe,MlGe,VLFdx,l
VLFdx,MlGe,VLFdx,VLFdx,VLFdx,MlGe,l,MlGe,MlGe,VLFdx,l
VLFdx,MlGe,VLFdx,VLFdx,l,VLFdx,MlGe,MlGe,MlGe,VLFdx,l
VLFdx
MlGe
VLFdx,VLFdx,VLFdx,MlGe,VLFdx,MlGe,l,MlGe,MlGe,l
VLFdx
VLFdx,MlGe,VLFdx,VLFdx,VLFdx,MlGe,l,MlGe,MlGe
VLFdx
VLFdx
MlGe,VLFdx,VLFdx,VLFdx,VLFdx,MlGe,l,MlGe,MlGe
VLFdx
VLFdx
VLFdx
VLFdx,MlGe,VLFdx,VLFdx,VLFdx,MlGe,l,MlGe,MlGe
VLFdx
VLFdx,VLFdx,VLFdx,MlGe,MlGe,l,MlGe,MlGe,l
MlGe,VLFdx,VLFdx,VLFdx,l,VLFdx,MlGe,MlGe,MlGe
MlGe,VLFdx,VLFdx,l,VLFdx,MlGe,MlGe,MlGe,VLFdx
MlGe,VLFdx,VLFdx,l,VLFdx,MlGe,MlGe,MlGe,VLFdx
VLFdx
VLFdx
VLFdx
VLFdx
MlGe,VLFdx,VLFdx,l,VLFdx,MlGe,MlGe,MlGe,VLFdx,VLFdx
MlGe,VLFdx,VLFdx,MlGe,MlGe,MlGe,VLFdx,VLFdx
VLFdx
VLFdx
VLFdx,VLFdx,VLFdx,MlGe,l,MlGe,MlGe,MlGe,l
VLFdx,VLFdx,VLFdx,MlGe,l,MlGe,MlGe,MlGe,l
VLFdx
VLFdx,VLFdx,MlGe,l,MlGe,MlGe,MlGe,l
VLFdx
VLFdx
Jedi Wagner, assuma o comando!