Toque! Toque, Dijê!
Toque! Toque, Dijê!
UQG
UQG
UQG
Yw
UQG,Yw
Yw
Yw
Yw
UQG,Yw,Yw,bKCk
Yw
Yw
Yw
UQG,Yw,Yw
UQG,Yw,RrJD
Yw
UQG
Yw,UQG,Yw
Yw,UQG,Yw,Yw
Yw,UQG,Yw,Yw,Yw
Yw,UQG,Yw,Yw
Yw,UQG,Yw,Yw
Yw
Yw
Yw,UQG,Yw,Yw,UQG
Yw,UQG,Yw,Yw,UQG
Yw,UQG,Yw,Yw,UQG,bKCk
Yw,UQG,Yw,Yw,UQG,bKCk
UQG
UQG
Yw,UQG,Yw,Yw,UQG
Yw
UQG
UQG,Yw,Yw,UQG
Yw
UQG
UQG,Yw,Yw,UQG
UQG,Yw,Yw,UQG,bKCk
UQG,Yw,Yw,UQG,bKCk
bKCk
bKCk
UQG,Yw,Yw,UQG,bKCk,Yw
bKCk
bKCk
Yw
Yw
Yw
UQG,Yw,UQG,bKCk,Yw,Yw,Yw
Yw
Yw
Yw
UQG,Yw,UQG,bKCk,Yw,Yw,Yw,UQG
UQG,Yw,UQG,bKCk,Yw,Yw,Yw,UQG
Yw
Yw
UQG,UQG,Yw,Yw,Yw,Yw,bKCk,UQG,UQG
UQG,UQG,Yw,Yw,Yw,Yw,bKCk,UQG,UQG,Yw
UQG
UQG
Yw
UQG
UQG
Yw,Yw,Yw,UQG,UQG,Yw,RrJD,UQG,UQG
Yw,Yw,Yw,UQG,UQG,Yw,RrJD,UQG,UQG
Yw,Yw,UQG,UQG,Yw,RrJD,UQG,UQG
Yw,Yw,UQG,UQG,Yw,RrJD,UQG,UQG
UQG
Yw,Yw,UQG,UQG,Yw,RrJD,UQG,UQG
RrJD
UQG
Yw
Yw
Yw
Yw
RrJD
Yw,Yw,UQG,Yw,UQG,UQG,RrJD,UQG
Yw,Yw,UQG,Yw,UQG,UQG,RrJD,UQG
RrJD
RrJD
RrJD
Yw,Yw,UQG,UQG,Yw,RrJD,UQG,UQG
UQG
Yw,Yw,UQG,UQG,Yw,RrJD,UQG,UQG
Yw
Yw,Yw,UQG,UQG,Yw,UQG,UQG
Yw,Yw,UQG,UQG,Yw,UQG,UQG
UQG
UQG
Yw,Yw,UQG,UQG,Yw,UQG,UQG
Yw,Yw,UQG,UQG,Yw,UQG,UQG
Yw,Yw,UQG,UQG,Yw,UQG,UQG
Yw,UQG,Yw,UQG,Yw,UQG,UQG,Yw
Yw,Yw,UQG,UQG,Yw,UQG,UQG,Yw
UQG
UQG
UQG
Yw,Yw,UQG,UQG,Yw,UQG,UQG,Yw,Yw
Yw,Yw,UQG,UQG,Yw,UQG,UQG,Yw,Yw
Yw,Yw,UQG,UQG,Yw,UQG,UQG,Yw,Yw
UQG
Yw,UQG,UQG,Yw,UQG,UQG,Yw,Yw
Yw,UQG,UQG,Yw,UQG,UQG,Yw,Yw
Yw,UQG,UQG,Yw,UQG,UQG,Yw,Yw
Yw,UQG,UQG,Yw,UQG,UQG,Yw,Yw
Yw,UQG,UQG,Yw,UQG,UQG,Yw,Yw
Yw,UQG,UQG,Yw,UQG,UQG,Yw,Yw
Yw,UQG,UQG,Yw,UQG,UQG,Yw,Yw,UQG
Yw,UQG,UQG,Yw,UQG,UQG,Yw,Yw,UQG
Yw
UQG
UQG,Yw,UQG,Yw,UQG,UQG,Yw,Yw,UQG,bKCk
UQG
UQG
UQG
Yw,UQG,Yw,UQG,UQG,Yw,Yw,UQG,RrJD
UQG
Yw,UQG,RrJD,Yw,UQG,UQG,Yw,Yw,UQG
Yw,UQG,RrJD,Yw,UQG,UQG,Yw,Yw,UQG,RrJD
Yw,UQG,RrJD,Yw,UQG,UQG,Yw,Yw,UQG,RrJD,Yw
UQG
Yw,UQG,Yw,UQG,UQG,Yw,Yw,UQG
Yw,UQG,Yw,UQG,UQG,Yw,Yw,UQG
Yw,UQG,Yw,UQG,UQG,Yw,Yw,UQG
Yw,UQG,Yw,UQG,UQG,Yw,Yw,UQG
UQG
UQG,Yw,Yw,UQG,UQG,Yw,Yw,UQG,UQG
Yw
Yw,Yw,UQG,Yw,Yw,UQG,UQG,Yw,UQG,bKCk
bKCk
bKCk
bKCk
bKCk,Yw,Yw,UQG,Yw,Yw,UQG,UQG,Yw,UQG
Yw
Yw
Yw
UQG
UQG,Yw,Yw,Yw,UQG,UQG,Yw,UQG,UQG,Yw,Yw,UQG,Yw,bKCk
UQG,Yw,Yw,Yw,UQG,UQG,Yw,UQG,UQG,Yw,Yw,UQG,Yw,bKCk,UQG
UQG
UQG,Yw,UQG,UQG,Yw,UQG,UQG,Yw,Yw,UQG,Yw,UQG,UQG,UQG
Yw,UQG,UQG,UQG,Yw,UQG,UQG,Yw,Yw,UQG,Yw,UQG,UQG,UQG
UQG
Yw,UQG,UQG,UQG,Yw,UQG,UQG,Yw,Yw,UQG,Yw,UQG,UQG,UQG,RrJD
Yw,UQG,UQG,UQG,Yw,RrJD,UQG,UQG,Yw,Yw,UQG,Yw,UQG,UQG,UQG,Yw
Jedi Wagner, assuma o comando!