Toque! Toque, Dijê!
Toque! Toque, Dijê!
[vazia]
Toque! Toque, Dijê!
ZfGnfYXIF
ZfGnfYXIF
ZfGnfYXIF,ca,ca
ZfGnfYXIF
ZfGnfYXIF
ZfGnfYXIF,ca,ca,lmZ,lmZ
ZfGnfYXIF,ca,ca,x,lmZ,lmZ,ZfGnfYXIF
ca,x,ZfGnfYXIF,ca,lmZ,lmZ,ZfGnfYXIF,lmZ,TTRQl
ca,x,ZfGnfYXIF,ca,lmZ,lmZ,ZfGnfYXIF,lmZ,TTRQl
ZfGnfYXIF
ca,lmZ,lmZ,ZfGnfYXIF,ZfGnfYXIF,lmZ,TTRQl,lmZ
ZfGnfYXIF
ca,ca,lmZ,lmZ,ZfGnfYXIF,lmZ,TTRQl
ZfGnfYXIF
ZfGnfYXIF
ca
ZfGnfYXIF
ZfGnfYXIF
TTRQl
ca,ca,lmZ,TTRQl,ZfGnfYXIF,ZfGnfYXIF,lmZ
ca
ca
ZfGnfYXIF
ZfGnfYXIF
ZfGnfYXIF
ZfGnfYXIF
ca,ca,lmZ,TTRQl,ZfGnfYXIF,ZfGnfYXIF,lmZ
ca,ca,lmZ,TTRQl,ZfGnfYXIF,ZfGnfYXIF,lmZ
ca,ca,lmZ,TTRQl,ZfGnfYXIF,ZfGnfYXIF,lmZ
ZfGnfYXIF
ca,ca,lmZ,TTRQl,ZfGnfYXIF,ZfGnfYXIF,lmZ,TTRQl
ca,ca,lmZ,TTRQl,ZfGnfYXIF,lmZ,ZfGnfYXIF,TTRQl,lmZ,lmZ
lmZ
lmZ
lmZ
ca
ca,ca,lmZ,ZfGnfYXIF,ZfGnfYXIF,lmZ
lmZ
lmZ
lmZ
lmZ
ca,lmZ,TTRQl,ZfGnfYXIF,ZfGnfYXIF,lmZ,TTRQl
lmZ,TTRQl,ZfGnfYXIF,ZfGnfYXIF,lmZ,TTRQl
lmZ
lmZ,TTRQl,ZfGnfYXIF,ZfGnfYXIF,lmZ,TTRQl,lmZ
lmZ
lmZ
lmZ
ca,lmZ,TTRQl,ZfGnfYXIF,lmZ,x
ca,lmZ,TTRQl,ZfGnfYXIF,lmZ,x
ZfGnfYXIF
lmZ
lmZ,TTRQl,ZfGnfYXIF,lmZ,x,ZfGnfYXIF
TTRQl,ZfGnfYXIF,lmZ,x,ZfGnfYXIF
x
TTRQl,ZfGnfYXIF,lmZ,x,ZfGnfYXIF,ZfGnfYXIF
ZfGnfYXIF
TTRQl,ZfGnfYXIF,lmZ,x,ZfGnfYXIF,ZfGnfYXIF
ZfGnfYXIF
ZfGnfYXIF
TTRQl,ZfGnfYXIF,lmZ,ZfGnfYXIF,ZfGnfYXIF,ZfGnfYXIF,x
lmZ
x
ZfGnfYXIF,ZfGnfYXIF,ZfGnfYXIF,lmZ,ZfGnfYXIF,x,x
ZfGnfYXIF,ZfGnfYXIF,ZfGnfYXIF,lmZ,ZfGnfYXIF,x,x
ZfGnfYXIF,ZfGnfYXIF,lmZ,ZfGnfYXIF,x,ZfGnfYXIF,x
x
x
x
x
ZfGnfYXIF,ZfGnfYXIF,x,x,lmZ,ca
ZfGnfYXIF,x,x,ca,lmZ,lmZ,lmZ,ZfGnfYXIF,ZfGnfYXIF,lmZ
ZfGnfYXIF,x,x,ca,lmZ,lmZ,lmZ,ZfGnfYXIF,ZfGnfYXIF,lmZ
lmZ
lmZ
lmZ
ZfGnfYXIF
x
lmZ,lmZ,ZfGnfYXIF,x,ZfGnfYXIF,ZfGnfYXIF,lmZ,ZfGnfYXIF,TTRQl,TTRQl
lmZ
ZfGnfYXIF,x,x,ca,lmZ,lmZ,lmZ,ZfGnfYXIF,ZfGnfYXIF,lmZ
x,x,ca,lmZ,lmZ,lmZ,ZfGnfYXIF,ZfGnfYXIF,lmZ
lmZ
lmZ
x,x,ca,lmZ,lmZ,lmZ,ZfGnfYXIF,ZfGnfYXIF,lmZ,x
lmZ
x,x,ca,lmZ,lmZ,lmZ,ZfGnfYXIF,ZfGnfYXIF,lmZ,x
x,x,ca,lmZ,lmZ,ZfGnfYXIF,lmZ,ZfGnfYXIF,lmZ,x,x
ca
ca
x,x,lmZ,lmZ,ca,ZfGnfYXIF,ZfGnfYXIF,lmZ,x,x,ca
ZfGnfYXIF
ZfGnfYXIF
ZfGnfYXIF
ZfGnfYXIF
ZfGnfYXIF
ZfGnfYXIF
ZfGnfYXIF
ZfGnfYXIF
x
x
x,lmZ,lmZ,ZfGnfYXIF,ZfGnfYXIF,x,ZfGnfYXIF,lmZ,x,x,TTRQl
x
x
x
x
lmZ,lmZ,x,x,ZfGnfYXIF,lmZ,x,TTRQl,x,TTRQl,TTRQl,TTRQl
x
x
x
lmZ,lmZ,x,x,lmZ,x,ZfGnfYXIF,TTRQl,x,TTRQl,TTRQl,TTRQl,TTRQl
Jedi Wagner, assuma o comando!