[vazia]
Toque! Toque, Dijê!
Toque! Toque, Dijê!
Toque! Toque, Dijê!
Toque! Toque, Dijê!
Wuu
Toque! Toque, Dijê!
Toque! Toque, Dijê!
[vazia]
wazXfcdDB
wazXfcdDB
wazXfcdDB
wazXfcdDB,wazXfcdDB,BGGoARAKP
wazXfcdDB,wazXfcdDB,BGGoARAKP
BGGoARAKP,wazXfcdDB,wazXfcdDB
BGGoARAKP,wazXfcdDB
BGGoARAKP,wazXfcdDB
BGGoARAKP
BGGoARAKP
BGGoARAKP
BGGoARAKP
BGGoARAKP
BGGoARAKP
BGGoARAKP
BGGoARAKP,wazXfcdDB
BGGoARAKP,wazXfcdDB
BGGoARAKP,wazXfcdDB
wazXfcdDB
wazXfcdDB
wazXfcdDB
wazXfcdDB
wazXfcdDB
wazXfcdDB
BGGoARAKP,wazXfcdDB
wazXfcdDB
Jedi Wagner, assuma o comando!