Toque! Toque, Dijê!
[vazia]
[vazia]
[vazia]
[vazia]
[vazia]
EsTRDl
EsTRDl
EsTRDl
mdBnmrI
Toque! Toque, Dijê!
Toque! Toque, Dijê!
Toque! Toque, Dijê!
Toque! Toque, Dijê!
EsTRDl
EsTRDl
EsTRDl
EsTRDl
EsTRDl
EsTRDl
oqzB
oqzB
[vazia]
[vazia]
Toque! Toque, Dijê!
Toque! Toque, Dijê!
[vazia]
EsTRDl
EsTRDl
EsTRDl
EsTRDl,EsTRDl
EsTRDl
EsTRDl
Toque! Toque, Dijê!
[vazia]
[vazia]
[vazia]
Toque! Toque, Dijê!
[vazia]
EsTRDl,EsTRDl,EsTRDl
EsTRDl
EsTRDl
EsTRDl
EsTRDl,EsTRDl
EsTRDl
EsTRDl
EsTRDl
EsTRDl,oqzB
EsTRDl
EsTRDl
Toque! Toque, Dijê!
EsTRDl,oqzB
EsTRDl,oqzB,EsTRDl
EsTRDl
EsTRDl
EsTRDl
EsTRDl,EsTRDl,mdBnmrI
EsTRDl,EsTRDl,mdBnmrI
EsTRDl
EsTRDl
oqzB
EsTRDl,oqzB,EsTRDl,EsTRDl,mdBnmrI
EsTRDl
EsTRDl
EsTRDl
EsTRDl,EsTRDl,EsTRDl,mdBnmrI,EsTRDl
EsTRDl
EsTRDl
EsTRDl
EsTRDl
EsTRDl
EsTRDl,oqzB,EsTRDl,EsTRDl,oqzB
EsTRDl,oqzB,EsTRDl,EsTRDl,oqzB,oqzB
EsTRDl,oqzB,EsTRDl,EsTRDl,oqzB,oqzB
oqzB
EsTRDl
EsTRDl,EsTRDl,oqzB,EsTRDl,oqzB,EsTRDl,mdBnmrI,EsTRDl
EsTRDl
EsTRDl,oqzB,EsTRDl,EsTRDl,oqzB,oqzB
EsTRDl
oqzB,EsTRDl,EsTRDl,EsTRDl,oqzB,oqzB,EsTRDl,mdBnmrI
oqzB,EsTRDl,EsTRDl,EsTRDl,oqzB,oqzB,EsTRDl,mdBnmrI,EsTRDl
EsTRDl,EsTRDl,EsTRDl,oqzB,oqzB,EsTRDl,mdBnmrI,EsTRDl
EsTRDl,EsTRDl,EsTRDl,oqzB,oqzB,EsTRDl,mdBnmrI,EsTRDl
EsTRDl,EsTRDl,EsTRDl,oqzB,oqzB,EsTRDl,mdBnmrI,EsTRDl
EsTRDl
EsTRDl
EsTRDl
EsTRDl
EsTRDl
EsTRDl,EsTRDl,oqzB,EsTRDl,oqzB,EsTRDl,mdBnmrI,EsTRDl,EsTRDl
EsTRDl,EsTRDl,oqzB,EsTRDl,oqzB,EsTRDl,mdBnmrI,EsTRDl,EsTRDl
EsTRDl
EsTRDl,EsTRDl,EsTRDl,oqzB,oqzB,EsTRDl,mdBnmrI,EsTRDl,EsTRDl,oqzB
EsTRDl,EsTRDl,EsTRDl,oqzB,oqzB,EsTRDl,mdBnmrI,EsTRDl,EsTRDl,oqzB
EsTRDl,EsTRDl,oqzB,EsTRDl,oqzB,EsTRDl,EsTRDl,EsTRDl,oqzB,EsTRDl
EsTRDl,EsTRDl,oqzB,EsTRDl,oqzB,EsTRDl,EsTRDl,EsTRDl,oqzB,EsTRDl
EsTRDl
EsTRDl
EsTRDl
EsTRDl,EsTRDl,oqzB,EsTRDl,oqzB,EsTRDl,mdBnmrI,EsTRDl,EsTRDl,oqzB
EsTRDl,EsTRDl,oqzB,EsTRDl,oqzB,EsTRDl,EsTRDl,EsTRDl,oqzB,EsTRDl,mdBnmrI
Jedi Wagner, assuma o comando!