Toque! Toque, Dijê!
Toque! Toque, Dijê!
Toque! Toque, Dijê!
Toque! Toque, Dijê!
T
T,d
T,d,d
d
T,d,d
d
T
T
T,d,d,T
T,d,d,T
d
T
T,d,T,T,QASkLBKvzA
d,T,T,QASkLBKvzA,T,d
T
T
d,T,T,QASkLBKvzA,T,d,QASkLBKvzA,T,QASkLBKvzA,T
d,T,T,QASkLBKvzA,T,d,QASkLBKvzA,T,QASkLBKvzA,T
T
T
d,T,QASkLBKvzA,T,d,QASkLBKvzA,T,QASkLBKvzA,T,QASkLBKvzA
d,T,QASkLBKvzA,T,d,QASkLBKvzA,T,QASkLBKvzA,T,QASkLBKvzA
QASkLBKvzA
T
T
T
d
d,T,QASkLBKvzA,T,d,QASkLBKvzA,T,QASkLBKvzA,T,QASkLBKvzA,d
d
d,T,T,d,T,QASkLBKvzA,T,QASkLBKvzA,d,d,QASkLBKvzA,d,QASkLBKvzA,d,T
d,T,T,d,T,QASkLBKvzA,T,QASkLBKvzA,d,d,QASkLBKvzA,d,QASkLBKvzA,d,T
d,T,T,d,T,QASkLBKvzA,T,QASkLBKvzA,d,d,QASkLBKvzA,d,QASkLBKvzA,d,T
T,T,d,T,QASkLBKvzA,T,QASkLBKvzA,d,d,QASkLBKvzA,d,QASkLBKvzA,d,T,d,QASkLBKvzA
d
T,T,QASkLBKvzA,T,QASkLBKvzA,d,d,QASkLBKvzA,d,d,QASkLBKvzA,d,T
T,d,T,QASkLBKvzA,T,QASkLBKvzA,d,d,QASkLBKvzA,d,T,QASkLBKvzA,d,T
T
T
d
d
d
T,T,QASkLBKvzA,d,QASkLBKvzA,d,T,d,T,QASkLBKvzA,d,T,d
T,T,QASkLBKvzA,d,QASkLBKvzA,d,T,d,T,QASkLBKvzA,d,T,d
T,T,d,QASkLBKvzA,d,T,d,T,QASkLBKvzA,QASkLBKvzA,d,T,d,T
QASkLBKvzA
Jedi Wagner, assuma o comando!