Toque! Toque, Dijê!
Toque! Toque, Dijê!
[vazia]
Toque! Toque, Dijê!
qPQibrkSb
qPQibrkSb
QLmZBv
QLmZBv
QLmZBv
QLmZBv
qPQibrkSb,QLmZBv
qPQibrkSb
qPQibrkSb
cxPjEpclR
cxPjEpclR,qPQibrkSb
cxPjEpclR
cxPjEpclR
qPQibrkSb,QLmZBv
qPQibrkSb,QLmZBv
qPQibrkSb,QLmZBv
qPQibrkSb,QLmZBv
qPQibrkSb
qPQibrkSb,QLmZBv
qPQibrkSb,QLmZBv,YgelnkU
qPQibrkSb
qPQibrkSb,QLmZBv
qPQibrkSb
qPQibrkSb
qPQibrkSb
qPQibrkSb,QLmZBv
qPQibrkSb
qPQibrkSb,QLmZBv
qPQibrkSb
QLmZBv
qPQibrkSb,QLmZBv
QLmZBv
QLmZBv,qPQibrkSb
QLmZBv
Jedi Wagner, assuma o comando!