[vazia]
[vazia]
Toque! Toque, Dijê!
[vazia]
Toque! Toque, Dijê!
Toque! Toque, Dijê!
CmXTZLQf
CmXTZLQf
CmXTZLQf
Toque! Toque, Dijê!
[vazia]
Toque! Toque, Dijê!
Toque! Toque, Dijê!
RfuCcUA,MK
RfuCcUA,MK
Toque! Toque, Dijê!
Toque! Toque, Dijê!
Toque! Toque, Dijê!
[vazia]
yjQCG
yjQCG
[vazia]
[vazia]
Toque! Toque, Dijê!
CmXTZLQf
CmXTZLQf
CmXTZLQf,MK,CmXTZLQf
MK
Toque! Toque, Dijê!
rrMyMzqFeS
rrMyMzqFeS
MK,yjQCG
yjQCG
yjQCG,RfuCcUA
yjQCG
Toque! Toque, Dijê!
Toque! Toque, Dijê!
[vazia]
rrMyMzqFeS
rrMyMzqFeS
rrMyMzqFeS
rrMyMzqFeS,MK
rrMyMzqFeS
rrMyMzqFeS
rrMyMzqFeS
rrMyMzqFeS
MK
[vazia]
CmXTZLQf
CmXTZLQf
CmXTZLQf
CmXTZLQf
CmXTZLQf
rrMyMzqFeS
rrMyMzqFeS
rrMyMzqFeS,rrMyMzqFeS
rrMyMzqFeS,rrMyMzqFeS
rrMyMzqFeS
rrMyMzqFeS
rrMyMzqFeS
rrMyMzqFeS
rrMyMzqFeS
rrMyMzqFeS
rrMyMzqFeS
rrMyMzqFeS
rrMyMzqFeS
rrMyMzqFeS,rrMyMzqFeS
rrMyMzqFeS
rrMyMzqFeS,rrMyMzqFeS,RfuCcUA
rrMyMzqFeS
rrMyMzqFeS,rrMyMzqFeS,yjQCG
rrMyMzqFeS
rrMyMzqFeS
yjQCG,rrMyMzqFeS,rrMyMzqFeS,CmXTZLQf,rrMyMzqFeS
rrMyMzqFeS,yjQCG,rrMyMzqFeS,CmXTZLQf,rrMyMzqFeS
rrMyMzqFeS,rrMyMzqFeS,yjQCG
rrMyMzqFeS
rrMyMzqFeS
rrMyMzqFeS,rrMyMzqFeS
rrMyMzqFeS
[vazia]
[vazia]
rrMyMzqFeS
rrMyMzqFeS
rrMyMzqFeS
rrMyMzqFeS
rrMyMzqFeS
rrMyMzqFeS
rrMyMzqFeS,rrMyMzqFeS
rrMyMzqFeS,rrMyMzqFeS
rrMyMzqFeS
rrMyMzqFeS
rrMyMzqFeS,rrMyMzqFeS
rrMyMzqFeS,rrMyMzqFeS,MK
rrMyMzqFeS
rrMyMzqFeS
MK
MK
MK
rrMyMzqFeS,rrMyMzqFeS,MK,MK,MK,MK,CmXTZLQf,MK,RfuCcUA
MK
rrMyMzqFeS,rrMyMzqFeS,MK,CmXTZLQf,MK,MK,MK
MK
MK
MK
MK
MK
rrMyMzqFeS,rrMyMzqFeS,MK,MK,MK,MK,CmXTZLQf
rrMyMzqFeS,rrMyMzqFeS,MK,MK,MK,MK,CmXTZLQf
MK
rrMyMzqFeS,MK,MK,MK,rrMyMzqFeS,yjQCG,CmXTZLQf
rrMyMzqFeS,MK,MK,MK,rrMyMzqFeS,yjQCG,CmXTZLQf
rrMyMzqFeS,MK,MK,MK,rrMyMzqFeS,yjQCG,CmXTZLQf
rrMyMzqFeS
MK,MK,MK,rrMyMzqFeS,rrMyMzqFeS,yjQCG,rrMyMzqFeS,yjQCG
MK,MK,MK,rrMyMzqFeS,rrMyMzqFeS,yjQCG,rrMyMzqFeS
MK,MK,MK,rrMyMzqFeS,rrMyMzqFeS,yjQCG,rrMyMzqFeS,RfuCcUA
rrMyMzqFeS
rrMyMzqFeS
CmXTZLQf
CmXTZLQf
MK,MK,rrMyMzqFeS,rrMyMzqFeS,CmXTZLQf,MK,yjQCG,rrMyMzqFeS,RfuCcUA,yjQCG,rrMyMzqFeS,MK
MK,MK,rrMyMzqFeS,rrMyMzqFeS,yjQCG,CmXTZLQf,MK,rrMyMzqFeS,RfuCcUA,yjQCG,rrMyMzqFeS,MK,MK,rrMyMzqFeS,CmXTZLQf
yjQCG
MK,MK,rrMyMzqFeS,rrMyMzqFeS,yjQCG,CmXTZLQf,MK,rrMyMzqFeS,RfuCcUA,yjQCG,rrMyMzqFeS,MK,MK,rrMyMzqFeS
MK,MK,rrMyMzqFeS,rrMyMzqFeS,yjQCG,CmXTZLQf,MK,rrMyMzqFeS,RfuCcUA,yjQCG,rrMyMzqFeS,MK,MK,rrMyMzqFeS
MK,MK,rrMyMzqFeS,rrMyMzqFeS,yjQCG,CmXTZLQf,MK,rrMyMzqFeS,RfuCcUA,yjQCG,rrMyMzqFeS,MK,MK,rrMyMzqFeS
rrMyMzqFeS
MK,MK,MK,yjQCG,rrMyMzqFeS,rrMyMzqFeS
rrMyMzqFeS
MK,MK,MK,yjQCG,rrMyMzqFeS,rrMyMzqFeS
rrMyMzqFeS
MK,MK,MK,rrMyMzqFeS,rrMyMzqFeS,yjQCG,rrMyMzqFeS
yjQCG
yjQCG
yjQCG
yjQCG
RfuCcUA
MK,MK,MK,rrMyMzqFeS,yjQCG,rrMyMzqFeS,RfuCcUA,CmXTZLQf,rrMyMzqFeS,MK,MK,CmXTZLQf
MK,MK,rrMyMzqFeS,yjQCG,rrMyMzqFeS,RfuCcUA,CmXTZLQf,rrMyMzqFeS,MK,MK,CmXTZLQf
MK,MK,rrMyMzqFeS,yjQCG,rrMyMzqFeS,RfuCcUA,CmXTZLQf,rrMyMzqFeS,MK,MK,CmXTZLQf
MK,MK,MK,rrMyMzqFeS,rrMyMzqFeS,yjQCG,rrMyMzqFeS,RfuCcUA,MK,MK
MK
MK,MK,MK,rrMyMzqFeS,rrMyMzqFeS,rrMyMzqFeS,RfuCcUA,MK,MK,CmXTZLQf,MK
MK
MK
MK,MK,MK,rrMyMzqFeS,yjQCG,rrMyMzqFeS,RfuCcUA,MK,MK,CmXTZLQf
MK,MK,MK,rrMyMzqFeS,yjQCG,rrMyMzqFeS,RfuCcUA,MK,MK,CmXTZLQf
MK
MK,MK,MK,yjQCG,rrMyMzqFeS,MK,MK,rrMyMzqFeS,RfuCcUA,CmXTZLQf,yjQCG
MK,MK,MK,yjQCG,rrMyMzqFeS,MK,MK,rrMyMzqFeS,RfuCcUA,CmXTZLQf,yjQCG
MK,MK,MK,yjQCG,MK,RfuCcUA,MK,rrMyMzqFeS,yjQCG,RfuCcUA,MK,RfuCcUA,CmXTZLQf
RfuCcUA
RfuCcUA
MK,MK,MK,yjQCG,MK,RfuCcUA,MK,rrMyMzqFeS,CmXTZLQf,yjQCG,RfuCcUA,MK,RfuCcUA,yjQCG,rrMyMzqFeS
MK,MK,MK,rrMyMzqFeS,rrMyMzqFeS,yjQCG,rrMyMzqFeS,RfuCcUA,MK,MK,CmXTZLQf
MK,rrMyMzqFeS,rrMyMzqFeS,rrMyMzqFeS,RfuCcUA,MK,MK,CmXTZLQf,rrMyMzqFeS
CmXTZLQf
CmXTZLQf
rrMyMzqFeS,rrMyMzqFeS,rrMyMzqFeS,RfuCcUA,MK,MK,CmXTZLQf,rrMyMzqFeS,MK
CmXTZLQf
CmXTZLQf
CmXTZLQf
rrMyMzqFeS,rrMyMzqFeS,rrMyMzqFeS,RfuCcUA,MK,MK,CmXTZLQf,MK,rrMyMzqFeS,MK,CmXTZLQf,CmXTZLQf,MK
rrMyMzqFeS,rrMyMzqFeS,rrMyMzqFeS,RfuCcUA,MK,MK,CmXTZLQf,MK,rrMyMzqFeS,MK,CmXTZLQf,CmXTZLQf,MK
MK,rrMyMzqFeS,rrMyMzqFeS,rrMyMzqFeS,RfuCcUA,MK,MK,CmXTZLQf,rrMyMzqFeS,MK
MK,rrMyMzqFeS,rrMyMzqFeS,rrMyMzqFeS,RfuCcUA,MK,MK,CmXTZLQf,rrMyMzqFeS,MK,CmXTZLQf
MK,rrMyMzqFeS,rrMyMzqFeS,rrMyMzqFeS,RfuCcUA,MK,MK,CmXTZLQf,rrMyMzqFeS,MK
CmXTZLQf
MK,rrMyMzqFeS,rrMyMzqFeS,rrMyMzqFeS,RfuCcUA,MK,MK,CmXTZLQf,rrMyMzqFeS,MK
MK,rrMyMzqFeS,rrMyMzqFeS,rrMyMzqFeS,RfuCcUA,MK,MK,CmXTZLQf,rrMyMzqFeS,MK
rrMyMzqFeS
rrMyMzqFeS
MK,rrMyMzqFeS,rrMyMzqFeS,rrMyMzqFeS,MK,MK,CmXTZLQf,rrMyMzqFeS,MK,MK,RfuCcUA,RfuCcUA
MK,rrMyMzqFeS,rrMyMzqFeS,rrMyMzqFeS,MK,MK,CmXTZLQf,rrMyMzqFeS,MK,MK,RfuCcUA,RfuCcUA
MK,rrMyMzqFeS,rrMyMzqFeS,rrMyMzqFeS,MK,MK,CmXTZLQf,rrMyMzqFeS,MK,MK,RfuCcUA,RfuCcUA
MK,rrMyMzqFeS,rrMyMzqFeS,rrMyMzqFeS,MK,MK,CmXTZLQf,rrMyMzqFeS,MK,MK,RfuCcUA,RfuCcUA
MK,rrMyMzqFeS,rrMyMzqFeS,rrMyMzqFeS,MK,MK,CmXTZLQf,rrMyMzqFeS,MK,MK,RfuCcUA,RfuCcUA
MK,rrMyMzqFeS,rrMyMzqFeS,rrMyMzqFeS,MK,MK,CmXTZLQf,rrMyMzqFeS,MK,MK,RfuCcUA,RfuCcUA
MK
MK
MK
MK,rrMyMzqFeS,rrMyMzqFeS,rrMyMzqFeS,MK,MK,rrMyMzqFeS,MK,CmXTZLQf,MK,RfuCcUA,RfuCcUA,CmXTZLQf
MK,rrMyMzqFeS,rrMyMzqFeS,rrMyMzqFeS,MK,MK,rrMyMzqFeS,MK,CmXTZLQf,MK,RfuCcUA,RfuCcUA,CmXTZLQf
CmXTZLQf
MK,rrMyMzqFeS,rrMyMzqFeS,MK,MK,rrMyMzqFeS,MK,CmXTZLQf,MK,RfuCcUA,CmXTZLQf
MK,rrMyMzqFeS,rrMyMzqFeS,MK,MK,rrMyMzqFeS,MK,CmXTZLQf,MK,RfuCcUA,CmXTZLQf
MK,rrMyMzqFeS,MK,MK,rrMyMzqFeS,MK,CmXTZLQf,MK,CmXTZLQf,rrMyMzqFeS,CmXTZLQf
MK,rrMyMzqFeS,rrMyMzqFeS,MK,MK,rrMyMzqFeS,MK,CmXTZLQf,MK,RfuCcUA,CmXTZLQf
MK,rrMyMzqFeS,rrMyMzqFeS,MK,MK,rrMyMzqFeS,MK,CmXTZLQf,MK,RfuCcUA,CmXTZLQf
MK,rrMyMzqFeS,rrMyMzqFeS,MK,MK,rrMyMzqFeS,MK,CmXTZLQf,MK,RfuCcUA,CmXTZLQf
MK,rrMyMzqFeS,rrMyMzqFeS,MK,MK,rrMyMzqFeS,MK,MK,RfuCcUA,CmXTZLQf,CmXTZLQf
CmXTZLQf
MK,rrMyMzqFeS,rrMyMzqFeS,MK,MK,rrMyMzqFeS,MK,MK,RfuCcUA,CmXTZLQf,CmXTZLQf
rrMyMzqFeS
MK,rrMyMzqFeS,rrMyMzqFeS,MK,MK,rrMyMzqFeS,MK,MK,CmXTZLQf,CmXTZLQf,MK,RfuCcUA
rrMyMzqFeS,rrMyMzqFeS,MK,MK,rrMyMzqFeS,MK,MK,CmXTZLQf,MK,RfuCcUA,RfuCcUA
RfuCcUA
RfuCcUA,rrMyMzqFeS,rrMyMzqFeS,MK,MK,rrMyMzqFeS,MK,MK,CmXTZLQf,MK,RfuCcUA
RfuCcUA,rrMyMzqFeS,MK,MK,rrMyMzqFeS,MK,MK,CmXTZLQf,MK,RfuCcUA,yjQCG
RfuCcUA,MK,MK,rrMyMzqFeS,MK,MK,MK,RfuCcUA,yjQCG
rrMyMzqFeS
MK,rrMyMzqFeS,rrMyMzqFeS,MK,MK,rrMyMzqFeS,MK,MK,CmXTZLQf,CmXTZLQf,MK
rrMyMzqFeS
MK,rrMyMzqFeS,rrMyMzqFeS,MK,MK,rrMyMzqFeS,MK,MK,CmXTZLQf,CmXTZLQf,MK
Jedi Wagner, assuma o comando!