[vazia]
Toque! Toque, Dijê!
[vazia]
Toque! Toque, Dijê!
uKvyCOCJB
uKvyCOCJB
uKvyCOCJB,uKvyCOCJB
uKvyCOCJB
uKvyCOCJB,uKvyCOCJB
uKvyCOCJB
uKvyCOCJB
uKvyCOCJB
uKvyCOCJB,uKvyCOCJB,xpLPkUXLr,ys
uKvyCOCJB,uKvyCOCJB,xpLPkUXLr,ys,m
uKvyCOCJB,uKvyCOCJB,ys,m,xpLPkUXLr
m
uKvyCOCJB,uKvyCOCJB,ys,m,uKvyCOCJB,YqluOhW
uKvyCOCJB,uKvyCOCJB,ys,m,uKvyCOCJB,uKvyCOCJB
uKvyCOCJB,uKvyCOCJB,ys,m,uKvyCOCJB,uKvyCOCJB
uKvyCOCJB,uKvyCOCJB,ys,m,uKvyCOCJB,uKvyCOCJB
m
uKvyCOCJB,uKvyCOCJB,xpLPkUXLr,ys,m
m
xpLPkUXLr
xpLPkUXLr
xpLPkUXLr
xpLPkUXLr
m,xpLPkUXLr,m,YqluOhW,xpLPkUXLr,ys
xpLPkUXLr
m,xpLPkUXLr,m,YqluOhW,xpLPkUXLr,ys
xpLPkUXLr
m,xpLPkUXLr,m,YqluOhW,xpLPkUXLr,ys,YqluOhW
m
m
m,m,YqluOhW,xpLPkUXLr,ys,YqluOhW,YqluOhW,xpLPkUXLr,m
m,m,YqluOhW,xpLPkUXLr,ys,YqluOhW,YqluOhW,xpLPkUXLr,m
m,m,YqluOhW,xpLPkUXLr,ys,YqluOhW,YqluOhW,xpLPkUXLr,m,ys,YqluOhW,uKvyCOCJB
m,m,YqluOhW,xpLPkUXLr,ys,YqluOhW,YqluOhW,xpLPkUXLr,m,ys,YqluOhW,uKvyCOCJB,YqluOhW,xpLPkUXLr
m
m
xpLPkUXLr
ys,m,m
m
m
ys,m,m
m,m,YqluOhW,ys
ys,m,YqluOhW,YqluOhW
ys
ys
ys
ys
xpLPkUXLr
uKvyCOCJB,m,xpLPkUXLr,m,ys,m,uKvyCOCJB
uKvyCOCJB,m,xpLPkUXLr,m,ys,m,uKvyCOCJB
uKvyCOCJB,m,xpLPkUXLr,m,m,uKvyCOCJB
uKvyCOCJB,m,xpLPkUXLr,m,m,uKvyCOCJB,uKvyCOCJB
uKvyCOCJB,m,xpLPkUXLr,m,m,uKvyCOCJB,uKvyCOCJB,YqluOhW,ys
uKvyCOCJB,m,xpLPkUXLr,m,m,uKvyCOCJB,uKvyCOCJB,YqluOhW,YqluOhW,xpLPkUXLr
m
m
uKvyCOCJB,m,xpLPkUXLr,m,m,uKvyCOCJB,uKvyCOCJB,YqluOhW,YqluOhW,xpLPkUXLr
uKvyCOCJB,m,xpLPkUXLr,m,m,uKvyCOCJB,uKvyCOCJB,YqluOhW,YqluOhW,xpLPkUXLr
m
uKvyCOCJB,m,m,m,xpLPkUXLr,uKvyCOCJB,uKvyCOCJB,YqluOhW,YqluOhW,xpLPkUXLr
m
m,m,m,uKvyCOCJB,xpLPkUXLr,uKvyCOCJB,uKvyCOCJB,YqluOhW,YqluOhW,xpLPkUXLr,xpLPkUXLr
m,m,m,uKvyCOCJB,xpLPkUXLr,uKvyCOCJB,uKvyCOCJB,YqluOhW,YqluOhW,xpLPkUXLr,xpLPkUXLr
m,m,m,xpLPkUXLr,uKvyCOCJB,uKvyCOCJB,YqluOhW,YqluOhW,xpLPkUXLr,xpLPkUXLr
uKvyCOCJB
m,m,m,uKvyCOCJB,uKvyCOCJB,YqluOhW,YqluOhW,xpLPkUXLr,xpLPkUXLr
m
m,m,m,uKvyCOCJB,uKvyCOCJB,uKvyCOCJB,YqluOhW,YqluOhW,xpLPkUXLr
m,m,m,uKvyCOCJB,uKvyCOCJB,uKvyCOCJB,YqluOhW,YqluOhW,xpLPkUXLr,xpLPkUXLr
YqluOhW
m,m,m,uKvyCOCJB,uKvyCOCJB,YqluOhW,xpLPkUXLr,uKvyCOCJB,YqluOhW,xpLPkUXLr,m
m,m,m,uKvyCOCJB,uKvyCOCJB,YqluOhW,xpLPkUXLr,uKvyCOCJB,YqluOhW,xpLPkUXLr,m
YqluOhW
m,m,m,uKvyCOCJB,uKvyCOCJB,YqluOhW,xpLPkUXLr,uKvyCOCJB,YqluOhW,xpLPkUXLr,m
YqluOhW
m,m,m,uKvyCOCJB,uKvyCOCJB,YqluOhW,xpLPkUXLr,uKvyCOCJB,YqluOhW,xpLPkUXLr,m,m,uKvyCOCJB,ys
YqluOhW
m,m,m,uKvyCOCJB,uKvyCOCJB,YqluOhW,uKvyCOCJB,YqluOhW,xpLPkUXLr,xpLPkUXLr
m,m,m,uKvyCOCJB,uKvyCOCJB,YqluOhW,uKvyCOCJB,YqluOhW,xpLPkUXLr,xpLPkUXLr,uKvyCOCJB
m,m,m,uKvyCOCJB,uKvyCOCJB,YqluOhW,uKvyCOCJB,YqluOhW,xpLPkUXLr,xpLPkUXLr,uKvyCOCJB
YqluOhW
YqluOhW
m,m,m,uKvyCOCJB,uKvyCOCJB,YqluOhW,uKvyCOCJB,YqluOhW,xpLPkUXLr,xpLPkUXLr,m
m,m,m,uKvyCOCJB,uKvyCOCJB,YqluOhW,uKvyCOCJB,YqluOhW,xpLPkUXLr,xpLPkUXLr
m,m,m,uKvyCOCJB,uKvyCOCJB,YqluOhW,uKvyCOCJB,YqluOhW,xpLPkUXLr,xpLPkUXLr
m
m
m
m
m,uKvyCOCJB,YqluOhW,xpLPkUXLr,m,uKvyCOCJB,YqluOhW,xpLPkUXLr,YqluOhW,uKvyCOCJB
m,uKvyCOCJB,YqluOhW,xpLPkUXLr,m,uKvyCOCJB,YqluOhW,xpLPkUXLr,YqluOhW,uKvyCOCJB,xpLPkUXLr,uKvyCOCJB
YqluOhW
m,m,m,uKvyCOCJB,uKvyCOCJB,YqluOhW,uKvyCOCJB,YqluOhW,xpLPkUXLr,xpLPkUXLr,xpLPkUXLr
m,m,m,uKvyCOCJB,uKvyCOCJB,uKvyCOCJB,YqluOhW,xpLPkUXLr,xpLPkUXLr,xpLPkUXLr
xpLPkUXLr
m,m,m,uKvyCOCJB,uKvyCOCJB,xpLPkUXLr,uKvyCOCJB,xpLPkUXLr,xpLPkUXLr
m,m,m,uKvyCOCJB,uKvyCOCJB,xpLPkUXLr,uKvyCOCJB,xpLPkUXLr,xpLPkUXLr
uKvyCOCJB
m,m,m,uKvyCOCJB,uKvyCOCJB,xpLPkUXLr,uKvyCOCJB,xpLPkUXLr,xpLPkUXLr
uKvyCOCJB
uKvyCOCJB
m,m,m,uKvyCOCJB,xpLPkUXLr,uKvyCOCJB,uKvyCOCJB,xpLPkUXLr,xpLPkUXLr,uKvyCOCJB,YqluOhW
m
m,m,uKvyCOCJB,uKvyCOCJB,uKvyCOCJB,xpLPkUXLr,m,xpLPkUXLr,xpLPkUXLr,uKvyCOCJB,m
uKvyCOCJB
uKvyCOCJB
m,m,uKvyCOCJB,uKvyCOCJB,uKvyCOCJB,xpLPkUXLr,m,xpLPkUXLr,xpLPkUXLr,uKvyCOCJB,m
m,m,uKvyCOCJB,uKvyCOCJB,uKvyCOCJB,xpLPkUXLr,m,xpLPkUXLr,xpLPkUXLr,uKvyCOCJB,m
m,m,uKvyCOCJB,uKvyCOCJB,uKvyCOCJB,xpLPkUXLr,m,xpLPkUXLr,xpLPkUXLr,uKvyCOCJB,m
uKvyCOCJB
xpLPkUXLr
xpLPkUXLr
m,m,uKvyCOCJB,uKvyCOCJB,uKvyCOCJB,m,xpLPkUXLr,uKvyCOCJB,xpLPkUXLr,m,xpLPkUXLr
xpLPkUXLr
xpLPkUXLr
m,m,uKvyCOCJB,uKvyCOCJB,uKvyCOCJB,m,xpLPkUXLr,uKvyCOCJB,xpLPkUXLr,m,xpLPkUXLr,ys,xpLPkUXLr
YqluOhW
m,m,uKvyCOCJB,uKvyCOCJB,m,xpLPkUXLr,uKvyCOCJB,xpLPkUXLr,YqluOhW,uKvyCOCJB,m,xpLPkUXLr,xpLPkUXLr,ys
m,uKvyCOCJB,uKvyCOCJB,m,xpLPkUXLr,uKvyCOCJB,xpLPkUXLr,YqluOhW,uKvyCOCJB,m,xpLPkUXLr,xpLPkUXLr,ys
YqluOhW
m,m,uKvyCOCJB,uKvyCOCJB,m,xpLPkUXLr,uKvyCOCJB,xpLPkUXLr,YqluOhW,uKvyCOCJB,m,xpLPkUXLr,xpLPkUXLr,ys
uKvyCOCJB
m,m,uKvyCOCJB,uKvyCOCJB,m,xpLPkUXLr,uKvyCOCJB,xpLPkUXLr,YqluOhW,uKvyCOCJB,m,xpLPkUXLr,xpLPkUXLr,ys
YqluOhW
xpLPkUXLr
m,m,uKvyCOCJB,uKvyCOCJB,uKvyCOCJB,m,xpLPkUXLr,xpLPkUXLr,uKvyCOCJB,xpLPkUXLr,m,xpLPkUXLr
uKvyCOCJB
m,m,uKvyCOCJB,uKvyCOCJB,uKvyCOCJB,xpLPkUXLr,m,xpLPkUXLr,xpLPkUXLr,uKvyCOCJB,m
m
m,uKvyCOCJB,uKvyCOCJB,xpLPkUXLr,m,xpLPkUXLr,xpLPkUXLr,uKvyCOCJB,m,uKvyCOCJB,m
m,uKvyCOCJB,uKvyCOCJB,xpLPkUXLr,m,xpLPkUXLr,xpLPkUXLr,uKvyCOCJB,m,uKvyCOCJB,m
uKvyCOCJB
m
m,uKvyCOCJB,uKvyCOCJB,xpLPkUXLr,m,xpLPkUXLr,xpLPkUXLr,uKvyCOCJB,m,uKvyCOCJB,m,ys
m,uKvyCOCJB,uKvyCOCJB,xpLPkUXLr,m,xpLPkUXLr,xpLPkUXLr,uKvyCOCJB,m,uKvyCOCJB,m,ys
m,uKvyCOCJB,uKvyCOCJB,xpLPkUXLr,m,xpLPkUXLr,xpLPkUXLr,uKvyCOCJB,m,uKvyCOCJB,m
m
m
m,uKvyCOCJB,uKvyCOCJB,xpLPkUXLr,m,xpLPkUXLr,xpLPkUXLr,uKvyCOCJB,m,uKvyCOCJB,m,uKvyCOCJB
m
m,uKvyCOCJB,uKvyCOCJB,xpLPkUXLr,m,xpLPkUXLr,xpLPkUXLr,uKvyCOCJB,m,uKvyCOCJB,m,uKvyCOCJB
m,uKvyCOCJB,uKvyCOCJB,xpLPkUXLr,m,xpLPkUXLr,xpLPkUXLr,uKvyCOCJB,m,uKvyCOCJB,m,ys,ys
uKvyCOCJB,uKvyCOCJB,xpLPkUXLr,m,xpLPkUXLr,xpLPkUXLr,uKvyCOCJB,m,uKvyCOCJB,m,ys,ys,uKvyCOCJB,m
uKvyCOCJB,uKvyCOCJB,xpLPkUXLr,m,xpLPkUXLr,xpLPkUXLr,uKvyCOCJB,m,uKvyCOCJB,m,ys,ys,uKvyCOCJB,m,uKvyCOCJB
uKvyCOCJB,uKvyCOCJB,xpLPkUXLr,m,xpLPkUXLr,xpLPkUXLr,uKvyCOCJB,m,uKvyCOCJB,m,ys,ys,uKvyCOCJB,m,uKvyCOCJB
uKvyCOCJB
uKvyCOCJB
xpLPkUXLr
xpLPkUXLr
xpLPkUXLr
xpLPkUXLr
xpLPkUXLr
xpLPkUXLr
uKvyCOCJB,uKvyCOCJB,m,xpLPkUXLr,xpLPkUXLr,xpLPkUXLr,uKvyCOCJB,m,uKvyCOCJB,m,ys,ys,uKvyCOCJB,m,uKvyCOCJB,m,m
uKvyCOCJB,m,xpLPkUXLr,uKvyCOCJB,xpLPkUXLr,xpLPkUXLr,uKvyCOCJB,m,uKvyCOCJB,m,ys,uKvyCOCJB,m,uKvyCOCJB,m,m
xpLPkUXLr
xpLPkUXLr
uKvyCOCJB,uKvyCOCJB,xpLPkUXLr,xpLPkUXLr,xpLPkUXLr,uKvyCOCJB,m,uKvyCOCJB,m,ys,uKvyCOCJB,m,uKvyCOCJB,m,m
uKvyCOCJB,uKvyCOCJB,xpLPkUXLr,xpLPkUXLr,xpLPkUXLr,uKvyCOCJB,m,uKvyCOCJB,m,ys,uKvyCOCJB,m,uKvyCOCJB,m,m
uKvyCOCJB
uKvyCOCJB,m,uKvyCOCJB,xpLPkUXLr,xpLPkUXLr,xpLPkUXLr,uKvyCOCJB,m,uKvyCOCJB,m,ys,uKvyCOCJB,m,uKvyCOCJB,m,m
m,uKvyCOCJB,ys,xpLPkUXLr,xpLPkUXLr,xpLPkUXLr,uKvyCOCJB,m,uKvyCOCJB,m,uKvyCOCJB,m,uKvyCOCJB,m,m
m,uKvyCOCJB,ys,xpLPkUXLr,xpLPkUXLr,xpLPkUXLr,uKvyCOCJB,m,uKvyCOCJB,m,uKvyCOCJB,m,uKvyCOCJB,m,m
m,uKvyCOCJB,ys,xpLPkUXLr,xpLPkUXLr,xpLPkUXLr,uKvyCOCJB,m,uKvyCOCJB,m,uKvyCOCJB,m,uKvyCOCJB,m,m,xpLPkUXLr
ys
m,uKvyCOCJB,ys,xpLPkUXLr,xpLPkUXLr,xpLPkUXLr,uKvyCOCJB,m,uKvyCOCJB,m,uKvyCOCJB,m,uKvyCOCJB,m,m,xpLPkUXLr
ys
uKvyCOCJB,ys,m,xpLPkUXLr,xpLPkUXLr,xpLPkUXLr,uKvyCOCJB,m,uKvyCOCJB,m,uKvyCOCJB,m,uKvyCOCJB,m,m,xpLPkUXLr
ys,uKvyCOCJB,xpLPkUXLr,xpLPkUXLr,xpLPkUXLr,uKvyCOCJB,m,uKvyCOCJB,m,uKvyCOCJB,m,uKvyCOCJB,m,m,xpLPkUXLr,ys,ys,m
ys,xpLPkUXLr,xpLPkUXLr,xpLPkUXLr,uKvyCOCJB,m,uKvyCOCJB,m,uKvyCOCJB,m,uKvyCOCJB,m,m,xpLPkUXLr,ys,ys,m,xpLPkUXLr
m
m,uKvyCOCJB,xpLPkUXLr,xpLPkUXLr,xpLPkUXLr,uKvyCOCJB,m,uKvyCOCJB,m,uKvyCOCJB,m,uKvyCOCJB,m,m
m,ys,xpLPkUXLr,xpLPkUXLr,xpLPkUXLr,uKvyCOCJB,m,uKvyCOCJB,m,uKvyCOCJB,m,uKvyCOCJB,m,m,m
m,ys,xpLPkUXLr,xpLPkUXLr,xpLPkUXLr,uKvyCOCJB,m,uKvyCOCJB,m,uKvyCOCJB,m,uKvyCOCJB,m,m,m
m,ys,xpLPkUXLr,xpLPkUXLr,xpLPkUXLr,uKvyCOCJB,m,uKvyCOCJB,m,uKvyCOCJB,m,uKvyCOCJB,m,m,m
xpLPkUXLr
Jedi Wagner, assuma o comando!