Toque! Toque, Dijê!
[vazia]
Toque! Toque, Dijê!
[vazia]
[vazia]
[vazia]
Toque! Toque, Dijê!
EovC
EovC
Toque! Toque, Dijê!
xsUx,mUVYhQy,EovC
Toque! Toque, Dijê!
Toque! Toque, Dijê!
Toque! Toque, Dijê!
[vazia]
xsUx
EovC
EovC,xsUx
EovC
EovC
EovC
xsUx
xsUx
xsUx
xsUx
xsUx
xsUx
xsUx,mUVYhQy
xsUx
[vazia]
xsUx,xsUx,ADjUiUiz,EovC
EovC
xsUx,xsUx,ADjUiUiz,EovC
EovC
EovC
xsUx,xsUx,ADjUiUiz,EovC
EovC
xsUx,xsUx,ADjUiUiz,EovC
xsUx,xsUx,ADjUiUiz,EovC,Z,xsUx
EovC
Z
xsUx,xsUx,Z,xsUx
xsUx,xsUx,Z,xsUx
EovC
xsUx,ADjUiUiz,Z,xsUx,xsUx,ADjUiUiz
xsUx,ADjUiUiz,Z,xsUx,xsUx,ADjUiUiz
Z
xsUx,Z,xsUx,xsUx,ADjUiUiz,Z
xsUx,Z,xsUx,xsUx,ADjUiUiz,Z
xsUx
xsUx,Z,xsUx,xsUx,ADjUiUiz,Z
xsUx,Z,xsUx,ADjUiUiz,xsUx,Z,xsUx
xsUx,Z,xsUx,xsUx,ADjUiUiz,Z
xsUx
xsUx,xsUx,xsUx,Z,ADjUiUiz,Z
Z
Z
ADjUiUiz
xsUx,xsUx,xsUx,ADjUiUiz,Z
ADjUiUiz
xsUx,xsUx,xsUx,Z,Z
Z
xsUx,xsUx,xsUx,Z,Z
xsUx,xsUx,xsUx,Z,Z
xsUx,xsUx,xsUx,Z,ADjUiUiz,Z
Z
ADjUiUiz
xsUx,xsUx,xsUx,Z,ADjUiUiz,Z,xsUx
xsUx,xsUx,xsUx,Z,ADjUiUiz,Z,xsUx,xsUx
xsUx,xsUx,xsUx,Z,ADjUiUiz,Z,xsUx,xsUx,Z
ADjUiUiz
xsUx,xsUx,xsUx,ADjUiUiz,Z,xsUx,xsUx,Z,mUVYhQy,ADjUiUiz
Z
xsUx,xsUx,ADjUiUiz,Z,xsUx,xsUx,Z,mUVYhQy,ADjUiUiz,ADjUiUiz
Z
xsUx,xsUx,ADjUiUiz,Z,xsUx,xsUx,Z,mUVYhQy,ADjUiUiz
xsUx,ADjUiUiz,Z,xsUx,xsUx,Z,mUVYhQy,ADjUiUiz
xsUx,Z,xsUx,xsUx,Z,mUVYhQy,ADjUiUiz
xsUx,Z,xsUx,xsUx,Z,mUVYhQy,ADjUiUiz
xsUx,Z,xsUx,xsUx,Z,mUVYhQy,ADjUiUiz
xsUx,ADjUiUiz,Z,xsUx,xsUx,Z,mUVYhQy,ADjUiUiz
Z
xsUx,xsUx,ADjUiUiz,Z,xsUx,xsUx,Z,mUVYhQy,ADjUiUiz
xsUx,xsUx,ADjUiUiz,Z,xsUx,xsUx,Z,mUVYhQy,ADjUiUiz
xsUx,xsUx,ADjUiUiz,Z,xsUx,xsUx,Z,mUVYhQy,ADjUiUiz
xsUx,xsUx,ADjUiUiz,Z,xsUx,xsUx,Z,mUVYhQy,ADjUiUiz,Z
Z
xsUx,xsUx,ADjUiUiz,Z,xsUx,xsUx,Z,mUVYhQy,ADjUiUiz,Z,Z
xsUx,xsUx,ADjUiUiz,Z,xsUx,xsUx,Z,mUVYhQy,ADjUiUiz
Z
xsUx,xsUx,ADjUiUiz,Z,xsUx,xsUx,Z,mUVYhQy,ADjUiUiz
xsUx,ADjUiUiz,Z,xsUx,xsUx,Z,mUVYhQy,ADjUiUiz
xsUx,ADjUiUiz,Z,xsUx,xsUx,Z,mUVYhQy,ADjUiUiz
Z
Z
xsUx,xsUx,ADjUiUiz,Z,xsUx,xsUx,Z,mUVYhQy,ADjUiUiz
xsUx,xsUx,ADjUiUiz,Z,xsUx,xsUx,Z,mUVYhQy,ADjUiUiz
xsUx,xsUx,ADjUiUiz,Z,xsUx,xsUx,Z,ADjUiUiz
xsUx,xsUx,ADjUiUiz,Z,xsUx,xsUx,Z,ADjUiUiz
Z
Z
xsUx
xsUx
ADjUiUiz,Z,xsUx,xsUx,xsUx,Z,ADjUiUiz,Z,xsUx,ADjUiUiz
xsUx
ADjUiUiz,Z,xsUx,xsUx,xsUx,Z,ADjUiUiz,Z,xsUx,ADjUiUiz,EovC,xsUx,xsUx
Z,xsUx,xsUx,ADjUiUiz,xsUx,Z,ADjUiUiz,Z,xsUx,ADjUiUiz,EovC,xsUx,xsUx,EovC
Z,xsUx,xsUx,ADjUiUiz,xsUx,Z,ADjUiUiz,Z,xsUx,ADjUiUiz,EovC,xsUx,xsUx,EovC
ADjUiUiz
ADjUiUiz
ADjUiUiz
xsUx,xsUx,ADjUiUiz,xsUx,Z,ADjUiUiz,Z,xsUx,ADjUiUiz,EovC,xsUx,xsUx,EovC
xsUx,xsUx,ADjUiUiz,EovC,xsUx,Z,ADjUiUiz,Z,xsUx,ADjUiUiz,xsUx,xsUx,EovC
xsUx
ADjUiUiz,xsUx,xsUx,Z,xsUx,Z,ADjUiUiz,Z,xsUx,ADjUiUiz,EovC,xsUx,mUVYhQy
ADjUiUiz,xsUx,xsUx,Z,xsUx,Z,ADjUiUiz,Z,xsUx,ADjUiUiz,EovC,xsUx,mUVYhQy
ADjUiUiz,Z,xsUx,xsUx,xsUx,Z,ADjUiUiz,Z,xsUx,ADjUiUiz,EovC,xsUx,EovC
ADjUiUiz,Z,xsUx,xsUx,xsUx,Z,ADjUiUiz,Z,xsUx,ADjUiUiz,EovC,xsUx,EovC,EovC
ADjUiUiz
ADjUiUiz
ADjUiUiz
ADjUiUiz,Z,xsUx,xsUx,xsUx,Z,ADjUiUiz,Z,xsUx,ADjUiUiz,EovC,xsUx,EovC,EovC
ADjUiUiz,Z,xsUx,xsUx,xsUx,Z,ADjUiUiz,Z,xsUx,ADjUiUiz,EovC,xsUx,EovC,EovC
ADjUiUiz,Z,xsUx,xsUx,xsUx,Z,ADjUiUiz,Z,xsUx,ADjUiUiz,EovC,xsUx,EovC,EovC
Z
xsUx,xsUx,xsUx,ADjUiUiz,Z,ADjUiUiz,Z,xsUx,ADjUiUiz,EovC,xsUx,EovC,EovC,xsUx,ADjUiUiz,Z
xsUx
xsUx,xsUx,ADjUiUiz,Z,ADjUiUiz,Z,xsUx,xsUx,ADjUiUiz,EovC,xsUx,EovC,EovC,xsUx,ADjUiUiz,Z,mUVYhQy
xsUx,xsUx,ADjUiUiz,Z,ADjUiUiz,Z,xsUx,xsUx,EovC,ADjUiUiz,xsUx,EovC,EovC,xsUx,ADjUiUiz,Z,mUVYhQy,Z
xsUx
xsUx,xsUx,ADjUiUiz,Z,ADjUiUiz,Z,xsUx,xsUx,EovC,ADjUiUiz,xsUx,EovC,EovC,xsUx,ADjUiUiz,Z,mUVYhQy,Z
xsUx
xsUx,xsUx,Z,Z,xsUx,xsUx,ADjUiUiz,EovC,ADjUiUiz,xsUx,EovC,EovC,xsUx,ADjUiUiz,Z,mUVYhQy,Z
EovC
ADjUiUiz
Z,Z,xsUx,xsUx,xsUx,ADjUiUiz,ADjUiUiz,xsUx,EovC,EovC,xsUx,ADjUiUiz,Z,Z
xsUx
EovC
xsUx,xsUx,Z,Z,xsUx,xsUx,mUVYhQy,ADjUiUiz,EovC,ADjUiUiz,xsUx,EovC,EovC,xsUx,ADjUiUiz,Z,Z,mUVYhQy
xsUx,ADjUiUiz,Z,xsUx,xsUx,EovC,mUVYhQy,xsUx,ADjUiUiz,xsUx,EovC,EovC,xsUx,ADjUiUiz,Z,Z
ADjUiUiz
xsUx,xsUx,Z,ADjUiUiz,EovC,xsUx,xsUx,ADjUiUiz,Z,Z,Z
ADjUiUiz
ADjUiUiz
xsUx,xsUx,ADjUiUiz,EovC,xsUx,xsUx,ADjUiUiz,Z,Z,ADjUiUiz,mUVYhQy
xsUx,xsUx,ADjUiUiz,EovC,xsUx,xsUx,ADjUiUiz,Z,Z,ADjUiUiz,mUVYhQy
ADjUiUiz
xsUx,EovC,xsUx,xsUx,ADjUiUiz,xsUx,ADjUiUiz,Z,Z,ADjUiUiz,mUVYhQy
ADjUiUiz
Jedi Wagner, assuma o comando!