[vazia]
NtBJEMiR
NtBJEMiR
MgTpcxDxcu,j
MgTpcxDxcu
MgTpcxDxcu,j,uGiFL
MgTpcxDxcu
MgTpcxDxcu,j,uGiFL,ZDhsaKSW,TgRAmxgs,ZDhsaKSW
MgTpcxDxcu,j,uGiFL,ZDhsaKSW,TgRAmxgs,ZDhsaKSW
j
uGiFL
uGiFL,j,ZDhsaKSW,TgRAmxgs,ZDhsaKSW,NtBJEMiR
uGiFL,ZDhsaKSW,j,TgRAmxgs,ZDhsaKSW,NtBJEMiR
ZDhsaKSW
uGiFL,j,ZDhsaKSW,TgRAmxgs,ZDhsaKSW,NtBJEMiR,j
ZDhsaKSW
ZDhsaKSW
uGiFL,j,ZDhsaKSW,TgRAmxgs,ZDhsaKSW,NtBJEMiR
ZDhsaKSW
TgRAmxgs
TgRAmxgs
uGiFL,TgRAmxgs,ZDhsaKSW,NtBJEMiR,j
TgRAmxgs
TgRAmxgs
uGiFL,TgRAmxgs,ZDhsaKSW,NtBJEMiR,j
TgRAmxgs
TgRAmxgs
TgRAmxgs
TgRAmxgs
uGiFL,TgRAmxgs,NtBJEMiR,j,uGiFL,TgRAmxgs,ZDhsaKSW
uGiFL,TgRAmxgs,NtBJEMiR,j,uGiFL,TgRAmxgs,ZDhsaKSW,NtBJEMiR
uGiFL,j,ZDhsaKSW,TgRAmxgs,ZDhsaKSW,NtBJEMiR
ZDhsaKSW
uGiFL,j,ZDhsaKSW,TgRAmxgs,ZDhsaKSW,NtBJEMiR,uGiFL
TgRAmxgs
uGiFL,j,ZDhsaKSW,TgRAmxgs,ZDhsaKSW,NtBJEMiR,uGiFL
j,ZDhsaKSW,TgRAmxgs,ZDhsaKSW,NtBJEMiR,uGiFL,uGiFL,NtBJEMiR
uGiFL
uGiFL
j,ZDhsaKSW,TgRAmxgs,ZDhsaKSW,uGiFL,uGiFL,NtBJEMiR,uGiFL
NtBJEMiR
uGiFL,j,ZDhsaKSW,TgRAmxgs,ZDhsaKSW,NtBJEMiR,uGiFL
NtBJEMiR
NtBJEMiR
NtBJEMiR
NtBJEMiR
uGiFL,j,ZDhsaKSW,ZDhsaKSW,NtBJEMiR,uGiFL
NtBJEMiR
uGiFL,j,ZDhsaKSW,NtBJEMiR,ZDhsaKSW,uGiFL,TgRAmxgs
NtBJEMiR
uGiFL,j,ZDhsaKSW,ZDhsaKSW,NtBJEMiR,uGiFL,TgRAmxgs
NtBJEMiR
NtBJEMiR
uGiFL,j,ZDhsaKSW,ZDhsaKSW,uGiFL,TgRAmxgs,NtBJEMiR
TgRAmxgs
uGiFL,j,ZDhsaKSW,ZDhsaKSW,NtBJEMiR,uGiFL,NtBJEMiR,TgRAmxgs
uGiFL,j,ZDhsaKSW,NtBJEMiR,uGiFL,NtBJEMiR,ZDhsaKSW,TgRAmxgs
TgRAmxgs
j
j
Jedi Wagner, assuma o comando!