UGspeNS
[vazia]
Toque! Toque, Dijê!
obyFLiIdI
Toque! Toque, Dijê!
Toque! Toque, Dijê!
mh
mh
mh
mh
mh
jele
jele
jele
mh,jele
mh,jele
jele
jele
mh,jele
mh,jele,mh
mh,jele,mh,UGspeNS
mh,jele,mh,UGspeNS,UGspeNS
UGspeNS
mh,jele,mh,UGspeNS,UGspeNS,jele
UGspeNS
UGspeNS
jele
jele,mh,UGspeNS,UGspeNS,jele,mh
UGspeNS
jele,mh,UGspeNS,UGspeNS,jele,mh
jele,mh,UGspeNS,jele,mh
mh
mh
jele,jele,mh,mh,jele
mh
jele,jele,mh,mh,jele
mh
mh
jele,mh,jele,obyFLiIdI,mh
jele
jele,mh,jele,obyFLiIdI,mh,mh,jele
jele,mh,jele,mh,mh,jele,jele
mh
jele,mh,jele,mh,mh,jele,jele
jele,mh,jele,mh,mh,jele,jele,UGspeNS
mh
jele,jele,mh,mh,mh,jele,jele,UGspeNS
jele,mh,mh,jele,jele,jele,UGspeNS
mh,mh,jele,jele,UGspeNS,jele,jele
UGspeNS
mh,jele,jele,mh,UGspeNS,jele,jele
UGspeNS
jele,jele,mh,UGspeNS,jele,jele
UGspeNS
UGspeNS
obyFLiIdI
mh,mh,jele,jele,UGspeNS,jele,jele
mh,mh,jele,jele,UGspeNS,jele,jele,UGspeNS
mh,mh,jele,jele,UGspeNS,jele,jele,UGspeNS
mh,mh,jele,jele,UGspeNS,jele,jele
UGspeNS
mh,mh,jele,jele,jele,jele,UGspeNS,jele
mh,mh,jele,jele,jele,jele,UGspeNS,jele
jele
mh,mh,jele,jele,UGspeNS,jele,jele
UGspeNS
UGspeNS
mh,mh,jele,jele,UGspeNS,jele,jele
UGspeNS
UGspeNS
mh,mh,jele,UGspeNS,jele,jele,jele
UGspeNS
jele
mh,mh,jele,jele,jele,jele
mh,mh,jele,UGspeNS,jele,jele
mh,mh,jele,UGspeNS,jele,jele
UGspeNS
jele
jele
mh,mh,UGspeNS,jele,jele,jele,UGspeNS,obyFLiIdI
jele
mh,mh,jele,UGspeNS,jele,jele,UGspeNS,obyFLiIdI
mh,mh,jele,UGspeNS,jele,jele,UGspeNS
mh,mh,jele,UGspeNS,jele,jele,UGspeNS
UGspeNS
mh,jele,jele,UGspeNS,jele,UGspeNS
mh,jele,jele,UGspeNS,jele,UGspeNS,obyFLiIdI
jele
jele
jele,UGspeNS,jele,mh,jele,UGspeNS,obyFLiIdI,mh
jele,UGspeNS,jele,mh,jele,UGspeNS,obyFLiIdI,mh
UGspeNS
jele
jele,jele,UGspeNS,jele,UGspeNS,jele,obyFLiIdI
jele,jele,UGspeNS,jele,UGspeNS,jele,obyFLiIdI
UGspeNS
UGspeNS
jele,jele,UGspeNS,jele,UGspeNS,jele,obyFLiIdI,UGspeNS,jele,UGspeNS
UGspeNS
jele,jele,UGspeNS,jele,UGspeNS,jele,obyFLiIdI,UGspeNS,jele,UGspeNS
jele,jele,UGspeNS,jele,UGspeNS,jele,obyFLiIdI,UGspeNS,jele,UGspeNS
UGspeNS
UGspeNS
jele,UGspeNS,jele,jele,UGspeNS,jele,obyFLiIdI,UGspeNS,jele,UGspeNS,jele
UGspeNS
UGspeNS
UGspeNS
jele
jele
jele
UGspeNS
jele,jele,UGspeNS,jele,UGspeNS,jele,jele,UGspeNS,mh,jele,jele,UGspeNS,UGspeNS,jele
jele,jele,jele,UGspeNS,jele,UGspeNS,jele,UGspeNS,mh,jele,jele,UGspeNS,UGspeNS,jele,obyFLiIdI
jele,jele,UGspeNS,jele,UGspeNS,jele,jele,UGspeNS,mh,jele,jele,UGspeNS,UGspeNS,jele,obyFLiIdI
jele,UGspeNS,jele,UGspeNS,mh,jele,jele,jele,UGspeNS,jele,jele,UGspeNS,UGspeNS,jele,obyFLiIdI
obyFLiIdI
jele,jele,UGspeNS,mh,jele,obyFLiIdI,UGspeNS,jele,jele,UGspeNS,jele,jele,UGspeNS,UGspeNS,jele
obyFLiIdI
Jedi Wagner, assuma o comando!