[vazia]
[vazia]
auit
[vazia]
auit
auit
auit
auit
auit
auit
IU
IU
IU
IU
IU
IU
IU,IU,IU,auit,auit,auit
IU
IU,IU,auit,auit,auit,auit
IU,auit,IU,auit
auit
IU,auit,IU,auit
IU
IU
IU
IU
IU
IU
IU,auit,IU,IU
IU,auit,IU,auit
IU,auit,IU,auit
IU
IU
IU
IU
IU,auit,IU,auit,IU
IU,auit,IU,auit,IU
IU,IU,auit
IU
IU
IU
IU,auit,IU
IU
IU,auit
IU,auit
IU
IU,IU,auit
IU,auit,IU
IU,auit,IU
IU,auit,auit
IU
IU
IU
IU,IU
IU
IU
IU,IU,auit
auit
auit
auit
IU,auit,IU,IU,IU,IU,IU
IU,auit,IU,IU,IU,IU,IU
auit,IU,IU,IU,IU,auit,auit
auit
auit,IU,IU,IU,IU,auit,auit
IU
IU
auit
IU,auit,IU,IU,IU,auit,auit
IU,IU,IU,IU,auit,auit
IU,IU,IU,IU,auit,auit
IU
IU,IU
IU
IU,IU
IU
IU,IU
IU
IU,auit,IU,auit
IU
auit
IU,auit,IU,auit,IU,IU
IU,auit,IU,auit,IU,IU
IU,auit,IU,auit
IU,auit,IU,auit,auit
IU,auit,IU,auit,auit
IU,auit,IU,auit,auit
IU,IU,auit,auit,auit
auit
auit
auit
auit
auit
IU,auit,IU,auit,auit,auit,IU,IU
IU,IU,auit,auit
IU,auit,auit,IU
auit
IU
IU
IU
IU,auit,IU,auit,IU,auit
IU,auit,IU,IU,IU
auit
IU,auit,IU,IU,IU
auit
auit
IU
IU,auit,IU,IU,IU,auit,IU
IU
IU
Jedi Wagner, assuma o comando!