[vazia]
QVJRmD
QVJRmD
QVJRmD
QVJRmD,JgUGf,JgUGf,QVJRmD
QVJRmD
QVJRmD
QVJRmD
QVJRmD
JgUGf,QVJRmD,JgUGf,QVJRmD
JgUGf
[vazia]
Toque! Toque, Dijê!
[vazia]
Toque! Toque, Dijê!
QVJRmD
QVJRmD
[vazia]
[vazia]
QVJRmD
QVJRmD,JgUGf,QVJRmD,QVJRmD
QVJRmD,QVJRmD,QVJRmD,JgUGf,QVJRmD
QVJRmD,QVJRmD,QVJRmD,JgUGf,QVJRmD
QVJRmD,QVJRmD,QVJRmD,JgUGf,QVJRmD
JgUGf,QVJRmD,QVJRmD,QVJRmD,QVJRmD
QVJRmD,JgUGf,QVJRmD,QVJRmD,QVJRmD
QVJRmD
QVJRmD,QVJRmD,QVJRmD
QVJRmD
QVJRmD,QVJRmD,QVJRmD,QVJRmD
QVJRmD,JgUGf,QVJRmD
QVJRmD,JgUGf,QVJRmD
QVJRmD
QVJRmD,JgUGf,QVJRmD
QVJRmD
QVJRmD,JgUGf,QVJRmD,JgUGf
QVJRmD
QVJRmD
QVJRmD
QVJRmD
QVJRmD
JgUGf
JgUGf,JgUGf
JgUGf
JgUGf,JgUGf
JgUGf
JgUGf
JgUGf
JgUGf
JgUGf
JgUGf
JgUGf
JgUGf,JgUGf
JgUGf,JgUGf
JgUGf,JgUGf,QVJRmD,QVJRmD,JgUGf
JgUGf
JgUGf,JgUGf
JgUGf
JgUGf,JgUGf
JgUGf
JgUGf,JgUGf,JgUGf
JgUGf,JgUGf,JgUGf,JgUGf
JgUGf
JgUGf
JgUGf,JgUGf,JgUGf,JgUGf
JgUGf,JgUGf,JgUGf,JgUGf
JgUGf
JgUGf
JgUGf
JgUGf
JgUGf
JgUGf
JgUGf,JgUGf,JgUGf
JgUGf
JgUGf,JgUGf,JgUGf,QVJRmD
JgUGf,JgUGf,JgUGf,QVJRmD,JgUGf
QVJRmD
JgUGf,JgUGf,JgUGf,QVJRmD,JgUGf
JgUGf
JgUGf
JgUGf,JgUGf,QVJRmD,JgUGf
QVJRmD
JgUGf,JgUGf,QVJRmD,JgUGf
QVJRmD
JgUGf,JgUGf,QVJRmD,JgUGf,QVJRmD,QVJRmD
QVJRmD
JgUGf,JgUGf,QVJRmD,JgUGf,QVJRmD
QVJRmD
JgUGf,QVJRmD,JgUGf,QVJRmD,QVJRmD
JgUGf,QVJRmD,JgUGf,QVJRmD,QVJRmD
JgUGf
Jedi Wagner, assuma o comando!