ywDlwkZ
ywDlwkZ,VAj
VAj,ywDlwkZ,fWjZoDqe
ZaRvm,oea
ZaRvm
ZaRvm
ZaRvm,ZaRvm,HdHVG
ZaRvm,ZaRvm,HdHVG
ZaRvm,fWjZoDqe,ZaRvm,HdHVG
ZaRvm,fWjZoDqe,ZaRvm,HdHVG
ZaRvm,ZaRvm,HdHVG
ZaRvm
oea
oea
ZaRvm,oea
ZaRvm,oea
ZaRvm
ZaRvm
ZaRvm,oea
ZaRvm
oea
oea,VAj,ZaRvm
oea
ZaRvm,oea
ZaRvm,oea
ZaRvm
ZaRvm,oea,ywDlwkZ
ZaRvm
ZaRvm
ZaRvm,oea,ywDlwkZ
ZaRvm
ZaRvm,oea,ZaRvm
ZaRvm
oea
ZaRvm
ZaRvm
ZaRvm
ZaRvm,oea,ibw,oea
ZaRvm,oea,ibw,oea
ibw
ZaRvm,oea,ibw,oea,xiizX
ibw
ZaRvm,oea,ibw,oea,xiizX
ZaRvm,oea,xiizX,ibw,oea
oea
ibw
oea
ibw
oea
oea
xiizX,oea,ibw,fWjZoDqe
ibw
ibw
oea,ibw,fWjZoDqe,fWjZoDqe
ibw
oea,ibw,fWjZoDqe,fWjZoDqe,ibw
ibw
oea,ibw,fWjZoDqe,fWjZoDqe,ibw
oea,ibw,fWjZoDqe,fWjZoDqe,ibw
ibw
ibw
ibw
ibw
ibw
xiizX,oea,ibw,T
ibw
HdHVG
HdHVG
ibw
xiizX,oea,ibw,ywDlwkZ,HdHVG,ibw
xiizX,oea,ibw,ywDlwkZ,HdHVG,ibw
ibw
xiizX,oea,ibw,HdHVG,ibw
xiizX
xiizX,oea,ibw,HdHVG,ibw,HdHVG,T
ibw
xiizX,oea,ibw,ibw,T,HdHVG,HdHVG,ZaRvm,ywDlwkZ
xiizX,oea,ibw,T,ibw,HdHVG,HdHVG,ZaRvm,ywDlwkZ
T
xiizX,oea,ibw,HdHVG,ibw,T,HdHVG,ZaRvm
HdHVG
xiizX,oea,ibw,HdHVG,ibw,HdHVG,ZaRvm
xiizX,oea,ibw,HdHVG,ibw,HdHVG,ZaRvm
ZaRvm
xiizX,oea,ibw,HdHVG,ibw,HdHVG,ibw,oea
xiizX,oea,HdHVG,ibw,HdHVG,ibw,oea
xiizX
xiizX
xiizX,oea,HdHVG,ibw,HdHVG,ibw,oea
xiizX,HdHVG,ibw,HdHVG,ibw,oea
xiizX,HdHVG,ibw,HdHVG,ibw,oea
xiizX
xiizX,HdHVG,ibw,HdHVG,ibw,oea
xiizX,HdHVG,ibw,HdHVG,ibw,oea
xiizX
HdHVG,ibw,HdHVG,ibw,oea,ywDlwkZ,fWjZoDqe,oea
HdHVG
HdHVG,ibw,HdHVG,ibw,oea,ywDlwkZ,fWjZoDqe,oea,ywDlwkZ,ibw
xiizX,oea,ibw,HdHVG,ibw,HdHVG,ZaRvm
xiizX,ibw,HdHVG,ibw,HdHVG,ZaRvm
xiizX,ibw,HdHVG,ibw,HdHVG,ZaRvm,ZaRvm
xiizX,ibw,HdHVG,ibw,HdHVG,ZaRvm
xiizX,ibw,HdHVG,ibw,HdHVG,ZaRvm
xiizX,ibw,HdHVG,ibw,HdHVG,ZaRvm
HdHVG
HdHVG
HdHVG
xiizX,ibw,HdHVG,ibw,HdHVG,ZaRvm,fWjZoDqe,VAj
xiizX,ibw,HdHVG,ibw,HdHVG,ZaRvm,fWjZoDqe,VAj
xiizX,ibw,HdHVG,ibw,HdHVG,ZaRvm,fWjZoDqe,VAj
HdHVG
HdHVG
HdHVG
xiizX,ibw,HdHVG,ibw,HdHVG,ZaRvm
xiizX,ibw,HdHVG,ibw,HdHVG,ZaRvm
xiizX,ibw,HdHVG,ibw,HdHVG,ywDlwkZ,oea
xiizX,ibw,ibw,HdHVG,ywDlwkZ,oea
HdHVG
ibw,HdHVG,ibw,HdHVG,xiizX,ZaRvm,ywDlwkZ,oea,ZaRvm
HdHVG
ibw,HdHVG,ibw,oea,HdHVG,xiizX,ZaRvm,ywDlwkZ,ZaRvm
ibw,HdHVG,ibw,oea,HdHVG,xiizX,ZaRvm,ywDlwkZ,ZaRvm
ibw,ibw,oea,HdHVG,HdHVG,xiizX,ZaRvm,ywDlwkZ,ZaRvm
ibw,ibw,oea,HdHVG,HdHVG,ZaRvm,ywDlwkZ,ZaRvm,HdHVG
ZaRvm
ZaRvm
ZaRvm
ibw,ibw,oea,HdHVG,HdHVG,ZaRvm,ywDlwkZ,ZaRvm,HdHVG
ywDlwkZ
ywDlwkZ
ywDlwkZ
ywDlwkZ
ibw,ibw,HdHVG,HdHVG,ZaRvm,ywDlwkZ,oea,ZaRvm,HdHVG
ibw,ibw,HdHVG,HdHVG,ZaRvm,ywDlwkZ,oea,ZaRvm,HdHVG
ibw,ibw,HdHVG,HdHVG,ZaRvm,ywDlwkZ,oea,ZaRvm,HdHVG
ibw,ZaRvm,ywDlwkZ,oea,HdHVG,ibw,ZaRvm,HdHVG,oea
oea
ibw,ZaRvm,oea,HdHVG,ibw,HdHVG,oea
ibw,ZaRvm,oea,HdHVG,ibw,HdHVG,oea
oea
HdHVG
HdHVG
ibw
ibw
ibw,HdHVG,ibw,oea,HdHVG,oea,HdHVG
ibw,HdHVG,ibw,oea,HdHVG,oea,HdHVG
ibw
ibw,ibw,oea,HdHVG,oea,HdHVG,xiizX
ibw
ibw
ibw
ibw,oea,HdHVG,ibw,HdHVG,oea,VAj
ibw
ibw,HdHVG,ibw,HdHVG,oea
Jedi Wagner, assuma o comando!