Toque! Toque, Dijê!
aOA
aOA
aOA
aOA
aOA
aOA,pib,aOA
aOA,pib,aOA
aOA,aOA
[vazia]
Toque! Toque, Dijê!
Toque! Toque, Dijê!
aOA
aOA
aOA
aOA
aOA
aOA
aOA
aOA
aOA
aOA
aOA
aOA
aOA
aOA
aOA
aOA,pib
pib
aOA,pib,pib
aOA,pib,pib
pib
aOA
aOA,pib,pib
aOA,pib,pib,X,aOA
pib
aOA,pib,pib,X,aOA,aOA
X
X
X
X
pib,X,aOA,aOA,aOA,aOA
aOA,pib,pib,X,aOA,aOA
aOA,pib,pib,X,aOA,aOA
aOA,pib,pib,X,aOA,aOA,aOA,pib
aOA,pib,pib,X,aOA,aOA,aOA,pib
aOA
aOA
aOA
X
pib,pib,aOA,aOA,X,aOA,aOA
pib,pib,aOA,aOA,X,aOA,aOA
pib,pib,aOA,aOA,X,aOA,aOA
aOA
aOA
pib,pib,aOA,aOA,X,aOA,aOA
aOA
aOA
aOA
X
X
pib,aOA,aOA,aOA,X,pib,X,X,X
pib,aOA,aOA,aOA,X,pib,X,X,X
pib,aOA,aOA,aOA,pib,X,X,X,X
aOA,aOA,pib,X,X,X,X
pib
aOA
pib
pib,aOA,aOA,aOA,X,pib,X,X,X,pib,aOA
aOA,aOA,aOA,X,pib,X,X,X,pib,aOA,X
X
X
aOA,aOA,aOA,X,pib,X,X,X,pib,aOA,X
X
aOA,aOA,aOA,pib,X,X,X,pib,aOA,X
aOA,aOA,X,X,X,aOA,pib,aOA,X,pib
X
aOA,X,X,aOA,aOA,pib,aOA,X,pib
aOA,aOA,aOA,pib,X,X,X,pib,aOA,X
aOA,aOA,aOA,pib,X,X,X,pib,aOA,X
aOA,X,X,X,aOA,pib,aOA,X,X
X,X,X,aOA,pib,aOA,X,X
X,X,aOA,pib,aOA,X,X,pib
X,X,aOA,pib,aOA,X,X,pib
aOA
pib
X
X,aOA,aOA,X,X,X,pib,X,aOA,pib,pib,pib
X,aOA,aOA,X,X,X,pib,X,aOA,pib,pib,pib
X,aOA,aOA,X,X,X,pib,X,aOA,pib,pib,pib
X,aOA,aOA,X,X,X,pib,X,aOA,pib,pib,pib
X,aOA,aOA,X,pib,X,X,X,aOA,pib,pib,pib
X,aOA,aOA,X,X,X,X,aOA,pib,pib,pib
X,aOA,aOA,X,X,X,X,aOA,pib,pib,pib
X,aOA,aOA,X,X,X,X,aOA,pib,pib,pib
X,aOA,aOA,X,X,X,X,aOA,pib,pib,pib
X,aOA,aOA,X,X,X,X,aOA,pib,pib,pib
X,aOA,aOA,X,X,X,X,aOA,pib,pib
X
X,aOA,X,X,X,X,aOA,aOA,pib,pib
aOA
aOA
aOA
X,X,X,X,aOA,aOA,aOA,pib,pib,X,pib,aOA
pib
pib
X,aOA,X,X,X,X,aOA,aOA,pib,pib
aOA
aOA,X,X,X,X,aOA,X,aOA,pib,pib
aOA,X,X,X,X,aOA,X,aOA,pib,pib
aOA
pib
X,X,X,X,X,aOA,pib,aOA,pib,X,aOA
pib
aOA,X,X,X,X,aOA,X,aOA,pib,pib
pib
aOA
X,X,X,aOA,X,aOA
X
pib
aOA,X,X,X,X,aOA,X,aOA,pib,pib,pib,aOA,pib
pib
pib
aOA,X,X,X,X,aOA,X,aOA,pib,aOA,pib,aOA
pib
pib
pib
aOA,X,X,X,X,aOA,X,aOA,pib,pib,pib,aOA,pib,aOA
pib
pib
X,X,aOA,X,aOA,pib,pib,pib,aOA,pib,aOA
X,X,aOA,X,aOA,pib,pib,pib,aOA,pib,aOA
X,X,aOA,X,aOA,pib,pib,pib,aOA,pib,aOA
pib
pib
X,X,aOA,X,aOA,pib,pib,pib,aOA,pib,aOA
X,aOA,X,aOA,pib,pib,X,pib,aOA,pib,aOA,pib
X,aOA,X,aOA,pib,pib,X,pib,aOA,pib,aOA,pib
X,X,aOA,pib,pib,X,pib,aOA,pib,aOA,pib
X,pib,pib,X,pib,pib,pib
pib,pib,X,X,pib,pib,pib
X
pib,pib,X,X,pib,pib,pib
pib,pib,X,X,pib,pib,pib
pib,pib,X,X,pib,pib,pib
pib
pib,X,X,pib,pib,pib,pib
pib,X,X,pib,pib,pib,pib
pib
pib,X,X,pib,pib,pib,pib,X
pib,X,X,pib,pib,pib,pib
X,X,pib,pib,pib,pib,pib,X
pib
Jedi Wagner, assuma o comando!