WdiJfYxaF,rNpKIRyl
WdiJfYxaF,bTgDjiqnKL
WdiJfYxaF,rNpKIRyl,bTgDjiqnKL,b,KZvD
WdiJfYxaF,rNpKIRyl,bTgDjiqnKL,b,KZvD,rNpKIRyl
WdiJfYxaF,rNpKIRyl,bTgDjiqnKL,KZvD,rNpKIRyl
WdiJfYxaF,rNpKIRyl,bTgDjiqnKL,KZvD,rNpKIRyl
bTgDjiqnKL
KZvD
WdiJfYxaF,rNpKIRyl,b,KZvD,bTgDjiqnKL,rNpKIRyl,gDvMjhNIQp,xO,KZvD
rNpKIRyl,b,KZvD,bTgDjiqnKL,rNpKIRyl,gDvMjhNIQp,xO,KZvD
rNpKIRyl,b,bTgDjiqnKL,rNpKIRyl,gDvMjhNIQp,KZvD,xO,KZvD,KZvD
KZvD
KZvD
rNpKIRyl,b,bTgDjiqnKL,rNpKIRyl,gDvMjhNIQp,xO,KZvD,KZvD,xpN
KZvD
KZvD
KZvD
xO
xO
KZvD
rNpKIRyl,b,rNpKIRyl,gDvMjhNIQp,xO,KZvD,KZvD,WdiJfYxaF
KZvD
b,rNpKIRyl,gDvMjhNIQp,xO,KZvD,KZvD,WdiJfYxaF,b,bTgDjiqnKL,bTgDjiqnKL
WdiJfYxaF
b,rNpKIRyl,gDvMjhNIQp,xO,KZvD,WdiJfYxaF,KZvD,b,bTgDjiqnKL
WdiJfYxaF
b
b,rNpKIRyl,xO,KZvD,WdiJfYxaF,KZvD,b,WdiJfYxaF,xpN
b,rNpKIRyl,xO,KZvD,WdiJfYxaF,KZvD,b,WdiJfYxaF,xpN
b,rNpKIRyl,xO,KZvD,WdiJfYxaF,KZvD,b,WdiJfYxaF,xpN
b
b,rNpKIRyl,xO,KZvD,WdiJfYxaF,KZvD,b
b,rNpKIRyl,xO,KZvD,WdiJfYxaF,KZvD,b
b,rNpKIRyl,xO,KZvD,WdiJfYxaF,KZvD,b
b
b
b,rNpKIRyl,xO,KZvD,KZvD,b,bTgDjiqnKL
b
b,rNpKIRyl,xO,KZvD,KZvD,b,bTgDjiqnKL,xO,xO
b,rNpKIRyl,xO,KZvD,KZvD,b,bTgDjiqnKL,xO,xO
b,rNpKIRyl,xO,KZvD,KZvD,b,bTgDjiqnKL,xO,xO,i
xO,KZvD,KZvD,b,bTgDjiqnKL,xO,xO,i,dEqcjgmH
b,rNpKIRyl,xO,KZvD,KZvD,b,bTgDjiqnKL,xO,xO,bTgDjiqnKL
b,rNpKIRyl,xO,KZvD,KZvD,b,bTgDjiqnKL,xO,xO,bTgDjiqnKL
b,rNpKIRyl,xO,KZvD,KZvD,b,bTgDjiqnKL,xO,xO,bTgDjiqnKL
bTgDjiqnKL
b,rNpKIRyl,xO,KZvD,KZvD,b,bTgDjiqnKL,xO,xO,bTgDjiqnKL
bTgDjiqnKL
b,xO,KZvD,b,bTgDjiqnKL,xO,xO
xO,KZvD,b,bTgDjiqnKL,xO,xO
xO,KZvD,b,bTgDjiqnKL,xO,xO
xO
xO
b,xO,KZvD,b,bTgDjiqnKL,xO,xO
b,xO,KZvD,b,bTgDjiqnKL,xO,xO
b,xO,KZvD,b,bTgDjiqnKL,xO,xO
b,xO,KZvD,b,bTgDjiqnKL,xO,xO
xO
xO
b,xO,KZvD,b,bTgDjiqnKL,xO,xO,WdiJfYxaF,dEqcjgmH,b
xO
b,xO,KZvD,b,bTgDjiqnKL,xO,xO,WdiJfYxaF,dEqcjgmH,b,WdiJfYxaF
b,xO,KZvD,b,xO,xO,WdiJfYxaF,dEqcjgmH,b,WdiJfYxaF,gDvMjhNIQp
xO
xO
xO,KZvD,b,xO,WdiJfYxaF,xO,dEqcjgmH,b,WdiJfYxaF,gDvMjhNIQp,xO
xO
b,xO,b,bTgDjiqnKL,xO,xO
b,xO,b,bTgDjiqnKL,xO,xO,b
b,xO,b,bTgDjiqnKL,xO,xO,b,xO
b,xO,b,bTgDjiqnKL,xO,xO,b,xO
b,xO,b,bTgDjiqnKL,xO,xO,b,xO
b,xO,b,bTgDjiqnKL,xO,xO,b,xO,xO
xO
b,xO,KZvD,b,bTgDjiqnKL,xO,xO,rNpKIRyl
b,xO,KZvD,b,bTgDjiqnKL,xO,xO,rNpKIRyl,rNpKIRyl
xO
b,xO,KZvD,b,bTgDjiqnKL,xO,xO,rNpKIRyl
rNpKIRyl
xO,KZvD,b,bTgDjiqnKL,xO,xO,rNpKIRyl,b,dEqcjgmH
rNpKIRyl
xO,KZvD,b,bTgDjiqnKL,xO,xO,rNpKIRyl,b,dEqcjgmH
rNpKIRyl
rNpKIRyl
KZvD
xO,bTgDjiqnKL,xO,xO,rNpKIRyl,KZvD,dEqcjgmH,b,WdiJfYxaF,rNpKIRyl,KZvD
KZvD
xO,bTgDjiqnKL,xO,xO,rNpKIRyl,KZvD,dEqcjgmH,WdiJfYxaF,rNpKIRyl,KZvD,rNpKIRyl
KZvD
xO,bTgDjiqnKL,xO,xO,rNpKIRyl,KZvD,WdiJfYxaF,dEqcjgmH,rNpKIRyl,KZvD,rNpKIRyl,bTgDjiqnKL,bTgDjiqnKL
xO,xO,rNpKIRyl,KZvD,WdiJfYxaF,xO,dEqcjgmH,rNpKIRyl,KZvD,rNpKIRyl,bTgDjiqnKL,bTgDjiqnKL,xO
dEqcjgmH
KZvD
KZvD
xO,xO,rNpKIRyl,KZvD,WdiJfYxaF,xO,dEqcjgmH,rNpKIRyl,KZvD,rNpKIRyl,bTgDjiqnKL,bTgDjiqnKL,xO,gDvMjhNIQp
xO,xO,rNpKIRyl,KZvD,WdiJfYxaF,xO,dEqcjgmH,rNpKIRyl,KZvD,bTgDjiqnKL,rNpKIRyl,bTgDjiqnKL,xO,gDvMjhNIQp
KZvD
KZvD
xO,xO,rNpKIRyl,xO,rNpKIRyl,KZvD,WdiJfYxaF,dEqcjgmH,KZvD,rNpKIRyl,bTgDjiqnKL,bTgDjiqnKL,xO,rNpKIRyl
xO,rNpKIRyl,xO,rNpKIRyl,KZvD,WdiJfYxaF,dEqcjgmH,KZvD,xO,rNpKIRyl,bTgDjiqnKL,bTgDjiqnKL,xO,rNpKIRyl
xO,rNpKIRyl,xO,rNpKIRyl,KZvD,WdiJfYxaF,dEqcjgmH,KZvD,xO,rNpKIRyl,bTgDjiqnKL,bTgDjiqnKL,xO,rNpKIRyl
xO
bTgDjiqnKL
bTgDjiqnKL
rNpKIRyl,rNpKIRyl,KZvD,WdiJfYxaF,KZvD,xO,bTgDjiqnKL,xO,dEqcjgmH,rNpKIRyl,bTgDjiqnKL,xO,rNpKIRyl,bTgDjiqnKL,bTgDjiqnKL,b
rNpKIRyl,rNpKIRyl,KZvD,WdiJfYxaF,KZvD,xO,bTgDjiqnKL,xO,dEqcjgmH,rNpKIRyl,bTgDjiqnKL,xO,rNpKIRyl,bTgDjiqnKL,bTgDjiqnKL,b
dEqcjgmH
dEqcjgmH
dEqcjgmH
dEqcjgmH
dEqcjgmH
xO,rNpKIRyl,xO,rNpKIRyl,KZvD,WdiJfYxaF,KZvD,xO,dEqcjgmH,rNpKIRyl,bTgDjiqnKL,bTgDjiqnKL,xO,rNpKIRyl,bTgDjiqnKL,bTgDjiqnKL
xO,rNpKIRyl,xO,rNpKIRyl,KZvD,WdiJfYxaF,KZvD,xO,dEqcjgmH,rNpKIRyl,bTgDjiqnKL,bTgDjiqnKL,xO,rNpKIRyl,bTgDjiqnKL,bTgDjiqnKL
xO,rNpKIRyl,xO,rNpKIRyl,KZvD,WdiJfYxaF,KZvD,xO,dEqcjgmH,rNpKIRyl,bTgDjiqnKL,bTgDjiqnKL,xO,rNpKIRyl,bTgDjiqnKL,bTgDjiqnKL
dEqcjgmH
xO,rNpKIRyl,xO,rNpKIRyl,KZvD,WdiJfYxaF,KZvD,xO,dEqcjgmH,rNpKIRyl,bTgDjiqnKL,bTgDjiqnKL,xO,rNpKIRyl,bTgDjiqnKL,bTgDjiqnKL
bTgDjiqnKL
xO,rNpKIRyl,xO,rNpKIRyl,KZvD,WdiJfYxaF,KZvD,xO,dEqcjgmH,rNpKIRyl,bTgDjiqnKL,bTgDjiqnKL,xO,rNpKIRyl,bTgDjiqnKL,bTgDjiqnKL
xO,rNpKIRyl,xO,rNpKIRyl,KZvD,WdiJfYxaF,KZvD,xO,dEqcjgmH,rNpKIRyl,bTgDjiqnKL,bTgDjiqnKL,xO,rNpKIRyl,bTgDjiqnKL,bTgDjiqnKL
xO,rNpKIRyl,xO,rNpKIRyl,KZvD,WdiJfYxaF,KZvD,xO,dEqcjgmH,rNpKIRyl,bTgDjiqnKL,bTgDjiqnKL,xO,rNpKIRyl,bTgDjiqnKL,bTgDjiqnKL,b,i,dEqcjgmH
xO,rNpKIRyl,xO,rNpKIRyl,KZvD,WdiJfYxaF,KZvD,xO,dEqcjgmH,rNpKIRyl,bTgDjiqnKL,bTgDjiqnKL,xO,rNpKIRyl,bTgDjiqnKL,bTgDjiqnKL,b,i,dEqcjgmH
xO,rNpKIRyl,xO,rNpKIRyl,KZvD,WdiJfYxaF,KZvD,xO,dEqcjgmH,rNpKIRyl,bTgDjiqnKL,bTgDjiqnKL,xO,rNpKIRyl,bTgDjiqnKL,bTgDjiqnKL,b,dEqcjgmH,rNpKIRyl
rNpKIRyl
xO,rNpKIRyl,xO,rNpKIRyl,KZvD,WdiJfYxaF,KZvD,xO,dEqcjgmH,bTgDjiqnKL,rNpKIRyl,bTgDjiqnKL,xO,rNpKIRyl,bTgDjiqnKL,bTgDjiqnKL,b,dEqcjgmH,rNpKIRyl
xO,rNpKIRyl,xO,rNpKIRyl,KZvD,WdiJfYxaF,KZvD,xO,dEqcjgmH,bTgDjiqnKL,rNpKIRyl,bTgDjiqnKL,xO,rNpKIRyl,bTgDjiqnKL,bTgDjiqnKL,b,dEqcjgmH,rNpKIRyl
rNpKIRyl
xO,rNpKIRyl,xO,rNpKIRyl,KZvD,WdiJfYxaF,KZvD,xO,dEqcjgmH,bTgDjiqnKL,rNpKIRyl,bTgDjiqnKL,xO,b,rNpKIRyl,bTgDjiqnKL,bTgDjiqnKL,dEqcjgmH,rNpKIRyl,dEqcjgmH
bTgDjiqnKL
bTgDjiqnKL
bTgDjiqnKL
WdiJfYxaF
bTgDjiqnKL
xO,xO,KZvD,WdiJfYxaF,KZvD,xO,bTgDjiqnKL,rNpKIRyl,bTgDjiqnKL,xO,b,rNpKIRyl,bTgDjiqnKL,rNpKIRyl,bTgDjiqnKL,dEqcjgmH,dEqcjgmH,rNpKIRyl,dEqcjgmH
xO,xO,KZvD,WdiJfYxaF,KZvD,xO,bTgDjiqnKL,rNpKIRyl,bTgDjiqnKL,xO,b,rNpKIRyl,bTgDjiqnKL,rNpKIRyl,bTgDjiqnKL,dEqcjgmH,dEqcjgmH,rNpKIRyl,dEqcjgmH
dEqcjgmH
bTgDjiqnKL
bTgDjiqnKL
bTgDjiqnKL
bTgDjiqnKL
xO,xO,KZvD,WdiJfYxaF,KZvD,xO,dEqcjgmH,bTgDjiqnKL,bTgDjiqnKL,xO,b,rNpKIRyl,bTgDjiqnKL,rNpKIRyl,bTgDjiqnKL,dEqcjgmH,rNpKIRyl,dEqcjgmH
bTgDjiqnKL
bTgDjiqnKL
xO,xO,KZvD,WdiJfYxaF,KZvD,xO,dEqcjgmH,bTgDjiqnKL,bTgDjiqnKL,xO,rNpKIRyl,bTgDjiqnKL,rNpKIRyl,bTgDjiqnKL,b,dEqcjgmH,rNpKIRyl,dEqcjgmH
b
xO,xO,KZvD,WdiJfYxaF,KZvD,xO,dEqcjgmH,bTgDjiqnKL,bTgDjiqnKL,xO,rNpKIRyl,bTgDjiqnKL,rNpKIRyl,bTgDjiqnKL,b,dEqcjgmH,rNpKIRyl,dEqcjgmH
dEqcjgmH
gDvMjhNIQp
xO,xO,WdiJfYxaF,KZvD,xO,dEqcjgmH,bTgDjiqnKL,bTgDjiqnKL,xO,rNpKIRyl,bTgDjiqnKL,rNpKIRyl,bTgDjiqnKL,dEqcjgmH,rNpKIRyl,gDvMjhNIQp,dEqcjgmH,xO
xO,xO,WdiJfYxaF,KZvD,xO,dEqcjgmH,bTgDjiqnKL,bTgDjiqnKL,xO,rNpKIRyl,bTgDjiqnKL,rNpKIRyl,bTgDjiqnKL,dEqcjgmH,rNpKIRyl,gDvMjhNIQp,dEqcjgmH,xO
xO,xO,WdiJfYxaF,KZvD,xO,dEqcjgmH,bTgDjiqnKL,bTgDjiqnKL,xO,rNpKIRyl,bTgDjiqnKL,rNpKIRyl,bTgDjiqnKL,dEqcjgmH,rNpKIRyl,gDvMjhNIQp,dEqcjgmH,xO,dEqcjgmH
xO,xO,WdiJfYxaF,KZvD,xO,dEqcjgmH,bTgDjiqnKL,bTgDjiqnKL,xO,bTgDjiqnKL,rNpKIRyl,bTgDjiqnKL,dEqcjgmH,rNpKIRyl,gDvMjhNIQp,dEqcjgmH,xO,dEqcjgmH,bTgDjiqnKL
xO,xO,WdiJfYxaF,KZvD,xO,dEqcjgmH,bTgDjiqnKL,bTgDjiqnKL,xO,bTgDjiqnKL,rNpKIRyl,bTgDjiqnKL,dEqcjgmH,rNpKIRyl,gDvMjhNIQp,dEqcjgmH,xO,dEqcjgmH,bTgDjiqnKL
xO,WdiJfYxaF,KZvD,xO,bTgDjiqnKL,xO,bTgDjiqnKL,rNpKIRyl,bTgDjiqnKL,dEqcjgmH,rNpKIRyl,dEqcjgmH,bTgDjiqnKL,xO,dEqcjgmH,xO,dEqcjgmH,bTgDjiqnKL
bTgDjiqnKL
bTgDjiqnKL
bTgDjiqnKL
bTgDjiqnKL
xO,xO,WdiJfYxaF,KZvD,xO,dEqcjgmH,bTgDjiqnKL,xO,bTgDjiqnKL,rNpKIRyl,bTgDjiqnKL,dEqcjgmH,rNpKIRyl,gDvMjhNIQp,dEqcjgmH,bTgDjiqnKL,xO,dEqcjgmH,bTgDjiqnKL
xO,xO,WdiJfYxaF,KZvD,xO,dEqcjgmH,bTgDjiqnKL,xO,bTgDjiqnKL,rNpKIRyl,bTgDjiqnKL,dEqcjgmH,rNpKIRyl,gDvMjhNIQp,dEqcjgmH,bTgDjiqnKL,xO,dEqcjgmH,bTgDjiqnKL,WdiJfYxaF
bTgDjiqnKL
bTgDjiqnKL
rNpKIRyl
rNpKIRyl
rNpKIRyl
rNpKIRyl
KZvD,xO,dEqcjgmH,bTgDjiqnKL,xO,bTgDjiqnKL,bTgDjiqnKL,dEqcjgmH,rNpKIRyl,gDvMjhNIQp,dEqcjgmH,bTgDjiqnKL,xO,dEqcjgmH,rNpKIRyl,bTgDjiqnKL,KZvD,xpN
rNpKIRyl
KZvD,xO,dEqcjgmH,bTgDjiqnKL,xO,bTgDjiqnKL,bTgDjiqnKL,dEqcjgmH,rNpKIRyl,gDvMjhNIQp,dEqcjgmH,bTgDjiqnKL,xO,dEqcjgmH,rNpKIRyl,bTgDjiqnKL,KZvD,xpN
rNpKIRyl
rNpKIRyl
KZvD,xO,dEqcjgmH,bTgDjiqnKL,xO,bTgDjiqnKL,bTgDjiqnKL,dEqcjgmH,rNpKIRyl,gDvMjhNIQp,dEqcjgmH,bTgDjiqnKL,xO,dEqcjgmH,rNpKIRyl,bTgDjiqnKL,KZvD,xpN,xpN
rNpKIRyl
KZvD,dEqcjgmH,bTgDjiqnKL,xO,bTgDjiqnKL,bTgDjiqnKL,dEqcjgmH,rNpKIRyl,gDvMjhNIQp,dEqcjgmH,bTgDjiqnKL,xO,dEqcjgmH,rNpKIRyl,bTgDjiqnKL,KZvD,xpN,xpN,KZvD,dEqcjgmH,b
xO,xO,WdiJfYxaF,KZvD,xO,dEqcjgmH,bTgDjiqnKL,xO,bTgDjiqnKL,rNpKIRyl,bTgDjiqnKL,dEqcjgmH,rNpKIRyl,gDvMjhNIQp,dEqcjgmH,bTgDjiqnKL,xO,dEqcjgmH,bTgDjiqnKL,KZvD
dEqcjgmH
xO,xO,WdiJfYxaF,KZvD,xO,dEqcjgmH,bTgDjiqnKL,xO,bTgDjiqnKL,rNpKIRyl,bTgDjiqnKL,dEqcjgmH,rNpKIRyl,gDvMjhNIQp,dEqcjgmH,bTgDjiqnKL,xO,dEqcjgmH,bTgDjiqnKL,KZvD
rNpKIRyl
xO,xO,KZvD,xO,dEqcjgmH,bTgDjiqnKL,xO,bTgDjiqnKL,bTgDjiqnKL,dEqcjgmH,rNpKIRyl,gDvMjhNIQp,dEqcjgmH,bTgDjiqnKL,xO,dEqcjgmH,rNpKIRyl,bTgDjiqnKL,KZvD,rNpKIRyl
xO,xO,WdiJfYxaF,KZvD,xO,dEqcjgmH,bTgDjiqnKL,xO,bTgDjiqnKL,rNpKIRyl,bTgDjiqnKL,dEqcjgmH,rNpKIRyl,gDvMjhNIQp,dEqcjgmH,bTgDjiqnKL,xO,dEqcjgmH,bTgDjiqnKL,KZvD
xO,WdiJfYxaF,KZvD,xO,dEqcjgmH,bTgDjiqnKL,xO,bTgDjiqnKL,rNpKIRyl,bTgDjiqnKL,dEqcjgmH,rNpKIRyl,gDvMjhNIQp,dEqcjgmH,bTgDjiqnKL,xO,dEqcjgmH,bTgDjiqnKL,KZvD
dEqcjgmH
dEqcjgmH
dEqcjgmH
dEqcjgmH
dEqcjgmH
dEqcjgmH
dEqcjgmH
xO,xO,WdiJfYxaF,KZvD,xO,dEqcjgmH,bTgDjiqnKL,xO,bTgDjiqnKL,rNpKIRyl,bTgDjiqnKL,dEqcjgmH,rNpKIRyl,gDvMjhNIQp,dEqcjgmH,bTgDjiqnKL,xO,dEqcjgmH,bTgDjiqnKL,KZvD
dEqcjgmH
dEqcjgmH
Jedi Wagner, assuma o comando!