Toque! Toque, Dijê!
Toque! Toque, Dijê!
Toque! Toque, Dijê!
uo
uo
uo
uo
uo
uo
bzjKNcHd
uo,bzjKNcHd
uo,bzjKNcHd,bzjKNcHd
uo,bzjKNcHd,bzjKNcHd
uo
uo,bzjKNcHd,bzjKNcHd
bzjKNcHd
bzjKNcHd
bzjKNcHd
bzjKNcHd
bzjKNcHd,bzjKNcHd,oTuhfDJH,tTBEt,tTBEt
bzjKNcHd,bzjKNcHd,oTuhfDJH,tTBEt,tTBEt
bzjKNcHd,bzjKNcHd,oTuhfDJH,tTBEt,tTBEt,tTBEt
uo
uo,bzjKNcHd
uo,bzjKNcHd,bzjKNcHd
bzjKNcHd
uo,bzjKNcHd,bzjKNcHd
uo,bzjKNcHd,bzjKNcHd,bN
uo,bzjKNcHd,bzjKNcHd,bN
uo,bzjKNcHd,bzjKNcHd,bN
uo,bzjKNcHd,bzjKNcHd,bN
uo,bzjKNcHd,bzjKNcHd,bN
uo,bzjKNcHd,bzjKNcHd,bN
bzjKNcHd
uo,bzjKNcHd
bzjKNcHd
uo,bzjKNcHd
uo,bzjKNcHd,tTBEt,oTuhfDJH
uo,bzjKNcHd,oTuhfDJH,tTBEt,uo
bzjKNcHd
bzjKNcHd,oTuhfDJH,uo,uo
bzjKNcHd
bzjKNcHd
bzjKNcHd
bzjKNcHd,oTuhfDJH,uo,uo,bN,uo
bzjKNcHd,oTuhfDJH,uo,uo,bN,uo
bzjKNcHd
bzjKNcHd,oTuhfDJH,uo,uo,bN,uo,oTuhfDJH
bzjKNcHd,oTuhfDJH,uo,uo,bN,uo,oTuhfDJH
Jedi Wagner, assuma o comando!