[vazia]
lC
lC,KaAVq
lC
KaAVq
KaAVq
KaAVq
KaAVq
KaAVq,lC
KaAVq
KaAVq
KaAVq,lC
KaAVq,lC,DqC
KaAVq
KaAVq,lC,DqC,O,lC
KaAVq
DqC
O
O
KaAVq,O,DqC,lC
O
DqC,O,KaAVq,lC,DqC
DqC,KaAVq,O,lC,DqC
DqC,KaAVq,O,lC,DqC
O
DqC,KaAVq,O,lC,DqC
DqC,KaAVq,O,lC,DqC
DqC,KaAVq,O,lC,DqC
O
lC
DqC,KaAVq,lC,DqC,O
O
O
DqC,KaAVq,O,lC,DqC,KaAVq
O
DqC,KaAVq,lC,O,DqC,KaAVq,lC
DqC,KaAVq,lC,O,DqC,KaAVq,lC
DqC,lC,O,DqC,KaAVq,lC
lC
lC
DqC,KaAVq,O,lC,DqC
DqC,KaAVq,O,lC,DqC
DqC
DqC
DqC,KaAVq,O,lC,DqC
DqC,KaAVq,O,lC,DqC,lC
DqC,KaAVq,O,lC,DqC,lC
DqC,KaAVq,O,lC,DqC,lC,lC,KaAVq
lC
lC
lC
lC
lC
lC
DqC,O,lC,DqC,lC
lC
DqC,O,lC,DqC,lC
lC
DqC,lC,DqC,lC
DqC,lC,DqC,lC,O
DqC,lC,DqC,lC,O
DqC,lC,DqC,lC,O
DqC,DqC,O,lC
lC
DqC,lC
DqC,lC,KaAVq
DqC,lC
DqC,KaAVq,O,lC,DqC,lC
lC
lC
lC
lC
KaAVq,lC,DqC,lC,DqC,lC,O,lC,lC,XTdHIPvls
lC
DqC,KaAVq,lC,DqC,lC,O,XTdHIPvls
O
DqC,KaAVq,lC,DqC,lC,O,XTdHIPvls
DqC,KaAVq,lC,DqC,lC,O,XTdHIPvls,O
DqC,KaAVq,lC,DqC,lC,O,XTdHIPvls,O
O
O
O
DqC,lC,DqC,lC,O,XTdHIPvls,O,O
DqC,lC,DqC,lC,O,XTdHIPvls,O,O
O
O
O
lC,DqC,lC,XTdHIPvls,O,O,O,lC,O,O,KaAVq,O
lC,lC,XTdHIPvls,O,O,O,lC,O,O,KaAVq,O
lC,DqC,lC,O,XTdHIPvls,O,O,lC,O,O,lC
lC,DqC,lC,O,O,O,lC,O,O,lC,DqC
lC,DqC,lC,O,XTdHIPvls,O,O,lC,O,O,KaAVq
lC,DqC,lC,O,O,O,XTdHIPvls,lC,O,O
XTdHIPvls
lC,DqC,lC,O,O,O,XTdHIPvls,lC,O,O,KaAVq
lC,DqC,lC,O,O,O,XTdHIPvls,lC,O,O,KaAVq
XTdHIPvls
XTdHIPvls
lC,lC,O,O,O,XTdHIPvls,DqC,lC,O,O,KaAVq
DqC
lC,O,O,O,XTdHIPvls,DqC,lC,O,O,KaAVq
DqC
lC,O,O,O,XTdHIPvls,DqC,lC,O,O,KaAVq
DqC
O,O,O,XTdHIPvls,DqC,lC,lC,O,O,KaAVq
O,O,O,XTdHIPvls,DqC,lC,lC,O,O,KaAVq
lC,DqC,lC,O,O,O,XTdHIPvls,lC,O,O
lC,DqC,lC,O,O,O,XTdHIPvls,lC,O,O
XTdHIPvls
XTdHIPvls
lC,lC,O,O,O,XTdHIPvls,DqC,lC,O,O
XTdHIPvls
lC,lC,O,O,O,XTdHIPvls,DqC,lC,O,O
O
O
O
lC,DqC,lC,O,O,XTdHIPvls,lC,O,O,KaAVq
XTdHIPvls
XTdHIPvls
XTdHIPvls
XTdHIPvls
XTdHIPvls
O
lC,lC,O,O,lC,XTdHIPvls,O,O,KaAVq,lC,DqC
KaAVq
lC,lC,O,O,lC,XTdHIPvls,O,O,KaAVq,lC,DqC
lC,lC,O,O,lC,XTdHIPvls,O,O,KaAVq,lC,DqC
lC,lC,O,O,lC,XTdHIPvls,O,O,KaAVq,lC,DqC
lC
lC,lC,O,O,lC,XTdHIPvls,O,O,lC
lC
lC
lC,lC,O,O,lC,XTdHIPvls,O,O,KaAVq,lC,DqC
KaAVq
KaAVq
KaAVq
lC,lC,O,O,lC,XTdHIPvls,O,O,KaAVq,lC,DqC,lC,lC,KaAVq,O
lC,lC,O,O,lC,XTdHIPvls,O,O,KaAVq,lC,DqC,lC,lC,KaAVq,O,O,lC
lC,O,lC,O,O,lC,O,DqC,lC,lC,KaAVq,O,O,lC,lC
lC
lC
lC
lC
lC,O,lC,O,O,lC,O,XTdHIPvls,lC,lC,lC,KaAVq,O,O,lC,lC,XTdHIPvls,lC,O,O
lC
lC,O,lC,O,O,lC,O,lC,lC,XTdHIPvls,lC,KaAVq,O,O,lC,lC,XTdHIPvls,lC,O,O,XTdHIPvls
lC
lC
Jedi Wagner, assuma o comando!