Toque! Toque, Dijê!
Toque! Toque, Dijê!
Toque! Toque, Dijê!
[vazia]
Toque! Toque, Dijê!
Toque! Toque, Dijê!
Toque! Toque, Dijê!
jPLgcQx
jPLgcQx,jPLgcQx
jPLgcQx
jPLgcQx,jPLgcQx
jPLgcQx
jPLgcQx,jPLgcQx
jPLgcQx
jPLgcQx,jPLgcQx,e,iMRdKiFisC
iMRdKiFisC
jPLgcQx,jPLgcQx,iMRdKiFisC,e,jPLgcQx
iMRdKiFisC
jPLgcQx,jPLgcQx,iMRdKiFisC,e,jPLgcQx,uRPkhFK
jPLgcQx,jPLgcQx,iMRdKiFisC,e,jPLgcQx,uRPkhFK
jPLgcQx
jPLgcQx
jPLgcQx
jPLgcQx,jPLgcQx,iMRdKiFisC,e,jPLgcQx,uRPkhFK
jPLgcQx,jPLgcQx,iMRdKiFisC,e,jPLgcQx,uRPkhFK
jPLgcQx
jPLgcQx,jPLgcQx,e,jPLgcQx,uRPkhFK,uRPkhFK
jPLgcQx,jPLgcQx,e,jPLgcQx,uRPkhFK,uRPkhFK
jPLgcQx,e,jPLgcQx,uRPkhFK,uRPkhFK
jPLgcQx,e,jPLgcQx,uRPkhFK,uRPkhFK
e
e,jPLgcQx,jPLgcQx,uRPkhFK,uRPkhFK
e,jPLgcQx,jPLgcQx,uRPkhFK,uRPkhFK,jPLgcQx,aDTcEChigd
uRPkhFK
uRPkhFK,e,jPLgcQx,jPLgcQx,uRPkhFK
jPLgcQx
jPLgcQx
uRPkhFK,jPLgcQx,jPLgcQx,uRPkhFK,A,ftrRgEHW
uRPkhFK,jPLgcQx,jPLgcQx,uRPkhFK,A,ftrRgEHW
uRPkhFK,jPLgcQx,jPLgcQx,uRPkhFK,A,ftrRgEHW
A
uRPkhFK,jPLgcQx,jPLgcQx,uRPkhFK,A,ftrRgEHW
ftrRgEHW
ftrRgEHW
aDTcEChigd
aDTcEChigd
jPLgcQx,uRPkhFK,ftrRgEHW,j
jPLgcQx
aDTcEChigd,jPLgcQx,uRPkhFK,ftrRgEHW,j
jPLgcQx
jPLgcQx
jPLgcQx
aDTcEChigd,jPLgcQx,uRPkhFK,ftrRgEHW,j
jPLgcQx
aDTcEChigd
jPLgcQx,aDTcEChigd,uRPkhFK,ftrRgEHW,j,e
aDTcEChigd
jPLgcQx
aDTcEChigd,jPLgcQx,j,uRPkhFK,aDTcEChigd
aDTcEChigd,jPLgcQx,j,uRPkhFK,aDTcEChigd,A
j
aDTcEChigd,jPLgcQx,j,uRPkhFK,aDTcEChigd,A,e
aDTcEChigd,uRPkhFK,aDTcEChigd,A,e,jPLgcQx
aDTcEChigd,aDTcEChigd,uRPkhFK,A,e,jPLgcQx,xb
uRPkhFK
aDTcEChigd,aDTcEChigd,uRPkhFK,A,e,jPLgcQx,xb,A,iMRdKiFisC
aDTcEChigd,uRPkhFK,aDTcEChigd,A,e,jPLgcQx,xb,A,ftrRgEHW
aDTcEChigd,uRPkhFK,aDTcEChigd,A,e,jPLgcQx,xb,A,ftrRgEHW,A
ftrRgEHW
aDTcEChigd,uRPkhFK,aDTcEChigd,A,e,xb,A,ftrRgEHW
uRPkhFK,aDTcEChigd,A,e,jPLgcQx,xb,A,ftrRgEHW
uRPkhFK,aDTcEChigd,A,e,jPLgcQx,xb,A,ftrRgEHW
uRPkhFK,aDTcEChigd,A,e,jPLgcQx,xb,A,ftrRgEHW,uRPkhFK
xb
uRPkhFK,aDTcEChigd,xb,ftrRgEHW,A,e,jPLgcQx,A,uRPkhFK,A
e
aDTcEChigd,uRPkhFK,aDTcEChigd,A,e,ftrRgEHW,jPLgcQx,xb,A,A
ftrRgEHW
aDTcEChigd,uRPkhFK,aDTcEChigd,A,e,ftrRgEHW,xb,A,A,jPLgcQx
ftrRgEHW
ftrRgEHW
xb
aDTcEChigd,uRPkhFK,aDTcEChigd,A,e,xb,ftrRgEHW,jPLgcQx,A,A,jPLgcQx,j,ftrRgEHW
aDTcEChigd,uRPkhFK,aDTcEChigd,A,e,xb,ftrRgEHW,jPLgcQx,A,A,jPLgcQx,j,ftrRgEHW
xb
aDTcEChigd,uRPkhFK,aDTcEChigd,A,e,xb,ftrRgEHW,jPLgcQx,A,A,jPLgcQx,j,ftrRgEHW
xb
aDTcEChigd,uRPkhFK,aDTcEChigd,A,e,xb,ftrRgEHW,jPLgcQx,A,A,jPLgcQx,ftrRgEHW,ftrRgEHW,iMRdKiFisC,jPLgcQx
aDTcEChigd,uRPkhFK,aDTcEChigd,A,e,xb,ftrRgEHW,jPLgcQx,A,A,jPLgcQx,ftrRgEHW,ftrRgEHW,iMRdKiFisC,jPLgcQx
aDTcEChigd
aDTcEChigd
uRPkhFK,ftrRgEHW,aDTcEChigd,A,xb,A,A
aDTcEChigd
A
aDTcEChigd
uRPkhFK,ftrRgEHW,aDTcEChigd,A,xb,A,A,aDTcEChigd
uRPkhFK,ftrRgEHW,aDTcEChigd,A,xb,A,A
A
uRPkhFK,aDTcEChigd,A,xb,A,A
uRPkhFK,aDTcEChigd,A,xb,A,A,ftrRgEHW
A
xb
xb
aDTcEChigd,xb,A,uRPkhFK,A,A,ftrRgEHW,j,ftrRgEHW,xb
uRPkhFK,aDTcEChigd,A,xb,A,A,ftrRgEHW,j
uRPkhFK,aDTcEChigd,xb,A,A,ftrRgEHW,j
xb
xb
xb
aDTcEChigd,xb,A,ftrRgEHW,j,e
xb
aDTcEChigd,xb,ftrRgEHW,j,e,ftrRgEHW
Jedi Wagner, assuma o comando!