[vazia]
VzqfbIjV
zmuvnOCe
zmuvnOCe
zmuvnOCe
zmuvnOCe
zmuvnOCe
zmuvnOCe
zmuvnOCe
zmuvnOCe,VzqfbIjV
zmuvnOCe
zmuvnOCe
zmuvnOCe
zmuvnOCe
zmuvnOCe
zmuvnOCe
zmuvnOCe
zmuvnOCe,VzqfbIjV
zmuvnOCe,VzqfbIjV
zmuvnOCe
zmuvnOCe
zmuvnOCe
HQq,zmuvnOCe
HQq
HQq
HQq
HQq,HQq
HQq
HQq,HQq,HQq
HQq,HQq,HQq
HQq
HQq,HQq,HQq
HQq
zmuvnOCe,HQq,HQq,HQq
HQq
HQq
zmuvnOCe,HQq,HQq,HQq,zmuvnOCe
HQq
HQq,HQq,zmuvnOCe,zmuvnOCe
HQq,HQq,zmuvnOCe,zmuvnOCe
HQq
HQq
HQq,zmuvnOCe,zmuvnOCe
HQq
HQq
HQq
VzqfbIjV
HQq
HQq,VzqfbIjV,zmuvnOCe,HQq,zmuvnOCe,HQq,HQq,zmuvnOCe
HQq
zmuvnOCe
HQq
HQq,VzqfbIjV,HQq,HQq,HQq,HQq
HQq
HQq
HQq
zmuvnOCe
HQq,HQq,HQq,HQq,VzqfbIjV,zmuvnOCe,VzqfbIjV
VzqfbIjV
HQq,HQq,HQq,HQq,VzqfbIjV
HQq,HQq,HQq,HQq,VzqfbIjV
HQq,HQq,HQq,VzqfbIjV,HQq,VzqfbIjV,VzqfbIjV
HQq
HQq,HQq,HQq,zmuvnOCe,VzqfbIjV,HQq,VzqfbIjV,HQq,HQq
HQq
HQq
HQq,HQq,HQq,zmuvnOCe,VzqfbIjV,HQq,VzqfbIjV,HQq,HQq
VzqfbIjV
HQq,HQq,HQq,VzqfbIjV,HQq,VzqfbIjV,VzqfbIjV,HQq,HQq,VzqfbIjV,VzqfbIjV
VzqfbIjV
VzqfbIjV
VzqfbIjV
HQq,HQq,HQq,VzqfbIjV,HQq,zmuvnOCe,VzqfbIjV,VzqfbIjV,HQq,HQq
HQq
HQq
HQq,VzqfbIjV,HQq,zmuvnOCe,VzqfbIjV,HQq,HQq,zmuvnOCe
HQq,VzqfbIjV,HQq,zmuvnOCe,VzqfbIjV,HQq,HQq,zmuvnOCe
HQq
HQq
HQq,VzqfbIjV,zmuvnOCe,VzqfbIjV,HQq,HQq,zmuvnOCe
HQq,VzqfbIjV,zmuvnOCe,VzqfbIjV,HQq,HQq,zmuvnOCe
VzqfbIjV
HQq,VzqfbIjV,zmuvnOCe,VzqfbIjV,HQq,HQq,zmuvnOCe
VzqfbIjV
zmuvnOCe,VzqfbIjV,VzqfbIjV,HQq,HQq,zmuvnOCe,HQq,zmuvnOCe
VzqfbIjV
zmuvnOCe
VzqfbIjV,zmuvnOCe,VzqfbIjV,HQq,zmuvnOCe,HQq,zmuvnOCe
zmuvnOCe
VzqfbIjV
zmuvnOCe,VzqfbIjV,HQq,zmuvnOCe,HQq,zmuvnOCe
zmuvnOCe
zmuvnOCe,VzqfbIjV,HQq,zmuvnOCe,HQq,zmuvnOCe
zmuvnOCe
VzqfbIjV,zmuvnOCe,HQq,zmuvnOCe
zmuvnOCe,HQq,VzqfbIjV,zmuvnOCe,HQq
zmuvnOCe,HQq,zmuvnOCe,HQq
HQq
VzqfbIjV,HQq,zmuvnOCe,VzqfbIjV
VzqfbIjV,HQq,zmuvnOCe,VzqfbIjV
VzqfbIjV
VzqfbIjV
VzqfbIjV
VzqfbIjV,zmuvnOCe,VzqfbIjV
VzqfbIjV,HQq,zmuvnOCe,VzqfbIjV
VzqfbIjV
VzqfbIjV
VzqfbIjV
HQq,zmuvnOCe,VzqfbIjV,HQq
HQq
VzqfbIjV,HQq,zmuvnOCe,VzqfbIjV
VzqfbIjV,zmuvnOCe,VzqfbIjV,HQq
VzqfbIjV,HQq
HQq
HQq
HQq
HQq
HQq
HQq
HQq,HQq
HQq,HQq,VzqfbIjV
HQq
HQq
HQq
HQq,HQq
HQq,HQq,zmuvnOCe
HQq
HQq
HQq
HQq,HQq
HQq,HQq
HQq,HQq
HQq,HQq,VzqfbIjV
HQq
HQq,HQq,VzqfbIjV,HQq,HQq,HQq
HQq,HQq,VzqfbIjV,HQq,HQq,HQq
HQq,HQq,VzqfbIjV,HQq,HQq,HQq
HQq
HQq,HQq
HQq
HQq,HQq,HQq
HQq
HQq
HQq
HQq
HQq,HQq,HQq
HQq
HQq
HQq
HQq,HQq,zmuvnOCe,HQq
zmuvnOCe
HQq,HQq,zmuvnOCe,HQq
zmuvnOCe
HQq,HQq,zmuvnOCe,HQq
zmuvnOCe
HQq,HQq,zmuvnOCe,HQq
HQq,HQq,zmuvnOCe,HQq
zmuvnOCe
HQq,HQq,zmuvnOCe,HQq
zmuvnOCe
zmuvnOCe
HQq,HQq,zmuvnOCe,HQq
HQq,zmuvnOCe,HQq,zmuvnOCe,HQq
HQq
zmuvnOCe,HQq,HQq,zmuvnOCe,HQq,HQq,zmuvnOCe
HQq
HQq
zmuvnOCe,HQq,HQq,zmuvnOCe,HQq,HQq,zmuvnOCe
zmuvnOCe,HQq,HQq,zmuvnOCe,HQq,HQq,zmuvnOCe
HQq
zmuvnOCe,HQq,HQq,HQq,HQq,zmuvnOCe,zmuvnOCe,HQq,zmuvnOCe,VzqfbIjV,VzqfbIjV
zmuvnOCe,HQq,HQq,HQq,HQq,zmuvnOCe,zmuvnOCe,HQq,zmuvnOCe,VzqfbIjV
HQq
zmuvnOCe,HQq,HQq,HQq,HQq,zmuvnOCe,zmuvnOCe,HQq,zmuvnOCe,VzqfbIjV,HQq,HQq
zmuvnOCe
zmuvnOCe,HQq,HQq,HQq,HQq,zmuvnOCe,zmuvnOCe,HQq,zmuvnOCe,VzqfbIjV
HQq
HQq
HQq
HQq,HQq,HQq,HQq,zmuvnOCe,zmuvnOCe,HQq,zmuvnOCe,VzqfbIjV
HQq
HQq,HQq,HQq,HQq,VzqfbIjV,zmuvnOCe,zmuvnOCe,HQq,zmuvnOCe,VzqfbIjV,VzqfbIjV
HQq,HQq,HQq,HQq,zmuvnOCe,zmuvnOCe,HQq,zmuvnOCe,HQq
HQq
HQq
zmuvnOCe
HQq
HQq
HQq
zmuvnOCe,HQq,HQq,HQq,HQq,zmuvnOCe,zmuvnOCe,HQq,zmuvnOCe,VzqfbIjV
zmuvnOCe,HQq,HQq,HQq,HQq,zmuvnOCe,zmuvnOCe,HQq,zmuvnOCe,VzqfbIjV,HQq
zmuvnOCe,HQq,HQq,HQq,HQq,zmuvnOCe,zmuvnOCe,HQq,zmuvnOCe,VzqfbIjV,HQq
zmuvnOCe,HQq,HQq,HQq,HQq,zmuvnOCe,zmuvnOCe,HQq,zmuvnOCe,VzqfbIjV,HQq,zmuvnOCe
zmuvnOCe
HQq
HQq
HQq
HQq
HQq,zmuvnOCe,VzqfbIjV,HQq,HQq,zmuvnOCe,zmuvnOCe,HQq,zmuvnOCe,HQq,zmuvnOCe
HQq
HQq
HQq
HQq
HQq,VzqfbIjV,HQq,HQq,zmuvnOCe,zmuvnOCe,HQq,zmuvnOCe,HQq,zmuvnOCe
HQq,zmuvnOCe,VzqfbIjV,HQq,HQq,zmuvnOCe,zmuvnOCe,HQq,zmuvnOCe,HQq,zmuvnOCe
HQq
HQq
VzqfbIjV
HQq,HQq,VzqfbIjV,zmuvnOCe,zmuvnOCe,HQq,zmuvnOCe,zmuvnOCe,HQq,zmuvnOCe,VzqfbIjV
HQq,HQq,zmuvnOCe,HQq,zmuvnOCe,VzqfbIjV,zmuvnOCe,HQq,zmuvnOCe,VzqfbIjV
HQq
HQq
HQq
HQq
HQq
HQq,HQq,VzqfbIjV,zmuvnOCe,HQq,HQq,zmuvnOCe,zmuvnOCe,VzqfbIjV,HQq,HQq
Jedi Wagner, assuma o comando!