TDPBKHaD
Toque! Toque, Dijê!
Toque! Toque, Dijê!
Toque! Toque, Dijê!
[vazia]
Toque! Toque, Dijê!
MdNWfkU
MdNWfkU
MdNWfkU,MK,SKj
MK
MdNWfkU,MK,SKj,r
r
MdNWfkU
MdNWfkU,MK,r,MK,xAMFTRk
MdNWfkU
MdNWfkU,MK,SKj,r,r
MdNWfkU,MK,SKj,r,r
MdNWfkU
MdNWfkU,MK,SKj,r,r,TDPBKHaD,SKj,KQi
MdNWfkU,MK,SKj,r,r,TDPBKHaD,SKj,KQi
MK
MdNWfkU,MK,SKj,r,r,TDPBKHaD,SKj,KQi,SKj
MdNWfkU,r,MK,SKj,r,TDPBKHaD,SKj,KQi,SKj
MK
r
MdNWfkU,MK,SKj,TDPBKHaD,r,r,SKj,MK,TDPBKHaD,r
r
r
r
MdNWfkU,MK,SKj,TDPBKHaD,r,r,SKj,MK,TDPBKHaD,r,KQi
MdNWfkU,MK,SKj,TDPBKHaD,r,r,SKj,MK,TDPBKHaD,r,KQi
r
r
MdNWfkU,MK,SKj,TDPBKHaD,r,r,SKj,MK,TDPBKHaD,r,KQi,KQi
MdNWfkU,MK,SKj,TDPBKHaD,r,r,SKj,MK,TDPBKHaD,r,KQi,KQi
MdNWfkU,MK,SKj,TDPBKHaD,r,SKj,MK,TDPBKHaD,r
MdNWfkU,MK,SKj,TDPBKHaD,r,SKj,MK,TDPBKHaD,r
MdNWfkU,MK,SKj,TDPBKHaD,r,SKj,MK,TDPBKHaD,r
r
MdNWfkU,MK,SKj,TDPBKHaD,r,SKj,MK,TDPBKHaD,r
MK,SKj,TDPBKHaD,r,SKj,MK,TDPBKHaD,r
MK,r,SKj,MK,TDPBKHaD,r
MK,r,SKj,MK,TDPBKHaD,r
SKj
MK,SKj,MK,TDPBKHaD,r
Jedi Wagner, assuma o comando!