sVBwhLsZnn
sVBwhLsZnn
sVBwhLsZnn
[vazia]
Toque! Toque, Dijê!
[vazia]
iLhnnU
[vazia]
[vazia]
Toque! Toque, Dijê!
iLhnnU
sVBwhLsZnn
sVBwhLsZnn
sVBwhLsZnn,H,dmbgU,ETCEJBqZg
sVBwhLsZnn
sVBwhLsZnn,H,dmbgU,ETCEJBqZg
dmbgU,ETCEJBqZg,ETCEJBqZg,H,dmbgU,iLhnnU
dmbgU,ETCEJBqZg,ETCEJBqZg,H,dmbgU,iLhnnU
dmbgU
dmbgU,ETCEJBqZg,ETCEJBqZg,dmbgU,sVBwhLsZnn
dmbgU
sVBwhLsZnn,H,dmbgU,ETCEJBqZg,ETCEJBqZg,H,dmbgU,ETCEJBqZg
sVBwhLsZnn,H,dmbgU,ETCEJBqZg,ETCEJBqZg,H,dmbgU,ETCEJBqZg
H
sVBwhLsZnn,H,dmbgU,ETCEJBqZg,ETCEJBqZg,H,dmbgU,ETCEJBqZg
sVBwhLsZnn,H,dmbgU,ETCEJBqZg,ETCEJBqZg,H,dmbgU,ETCEJBqZg,dmbgU
sVBwhLsZnn,H,dmbgU,ETCEJBqZg,ETCEJBqZg,H,dmbgU,ETCEJBqZg,dmbgU,sVBwhLsZnn
sVBwhLsZnn,H,dmbgU,ETCEJBqZg,H,dmbgU,ETCEJBqZg,dmbgU,sVBwhLsZnn
dmbgU
ETCEJBqZg
ETCEJBqZg
H,dmbgU,ETCEJBqZg,H,dmbgU,ETCEJBqZg,dmbgU,sVBwhLsZnn,DQR
dmbgU,ETCEJBqZg,H,H,dmbgU,ETCEJBqZg,dmbgU,sVBwhLsZnn,DQR,ETCEJBqZg,ETCEJBqZg
ETCEJBqZg,H,H,ETCEJBqZg,dmbgU,sVBwhLsZnn,DQR,ETCEJBqZg,ETCEJBqZg
DQR
ETCEJBqZg,DQR,H,H,ETCEJBqZg,dmbgU,ETCEJBqZg,ETCEJBqZg
DQR
ETCEJBqZg,DQR,H,H,ETCEJBqZg,dmbgU,ETCEJBqZg,ETCEJBqZg,iLhnnU
DQR,ETCEJBqZg,H,H,ETCEJBqZg,dmbgU,ETCEJBqZg,ETCEJBqZg,iLhnnU
DQR,ETCEJBqZg,H,H,ETCEJBqZg,dmbgU,ETCEJBqZg,ETCEJBqZg,iLhnnU
DQR,ETCEJBqZg,H,H,ETCEJBqZg,dmbgU,ETCEJBqZg,ETCEJBqZg,iLhnnU,iLhnnU
H,dmbgU,ETCEJBqZg,H,dmbgU,ETCEJBqZg,dmbgU,sVBwhLsZnn,DQR,DQR,sVBwhLsZnn
H
H,dmbgU,ETCEJBqZg,H,dmbgU,ETCEJBqZg,dmbgU,sVBwhLsZnn,DQR,DQR,sVBwhLsZnn,dmbgU
H,ETCEJBqZg,H,dmbgU,ETCEJBqZg,dmbgU,sVBwhLsZnn,DQR,DQR,sVBwhLsZnn,dmbgU
dmbgU
H,ETCEJBqZg,H,dmbgU,ETCEJBqZg,dmbgU,DQR,DQR,sVBwhLsZnn,dmbgU,dmbgU
H,ETCEJBqZg,H,dmbgU,ETCEJBqZg,dmbgU,DQR,DQR,sVBwhLsZnn,dmbgU,dmbgU
dmbgU
H,H,sVBwhLsZnn,dmbgU,ETCEJBqZg,dmbgU,DQR,DQR,sVBwhLsZnn,dmbgU,H
dmbgU
ETCEJBqZg
ETCEJBqZg
ETCEJBqZg
ETCEJBqZg
ETCEJBqZg
H,H,dmbgU,ETCEJBqZg,ETCEJBqZg,dmbgU,sVBwhLsZnn,DQR,DQR,sVBwhLsZnn,dmbgU
ETCEJBqZg
H,H,dmbgU,ETCEJBqZg,ETCEJBqZg,dmbgU,sVBwhLsZnn,DQR,sVBwhLsZnn,dmbgU
H,H,dmbgU,ETCEJBqZg,ETCEJBqZg,dmbgU,sVBwhLsZnn,DQR,sVBwhLsZnn,dmbgU
dmbgU
dmbgU
dmbgU
H,H,dmbgU,ETCEJBqZg,ETCEJBqZg,dmbgU,sVBwhLsZnn,DQR,sVBwhLsZnn,dmbgU,iLhnnU
dmbgU
H,H,dmbgU,ETCEJBqZg,ETCEJBqZg,dmbgU,sVBwhLsZnn,DQR,sVBwhLsZnn,dmbgU,iLhnnU
H,H,dmbgU,ETCEJBqZg,dmbgU,iLhnnU,DQR,sVBwhLsZnn,sVBwhLsZnn,dmbgU,iLhnnU,dmbgU
H,H,dmbgU,ETCEJBqZg,dmbgU,iLhnnU,DQR,sVBwhLsZnn,sVBwhLsZnn,dmbgU,iLhnnU,dmbgU,sVBwhLsZnn
dmbgU
dmbgU
dmbgU
H,H,dmbgU,ETCEJBqZg,ETCEJBqZg,dmbgU,sVBwhLsZnn,DQR,sVBwhLsZnn,dmbgU,iLhnnU
sVBwhLsZnn
H,H,dmbgU,ETCEJBqZg,ETCEJBqZg,dmbgU,sVBwhLsZnn,sVBwhLsZnn,dmbgU,iLhnnU
H,H,dmbgU,ETCEJBqZg,ETCEJBqZg,dmbgU,sVBwhLsZnn,sVBwhLsZnn,dmbgU,iLhnnU
H,H,dmbgU,ETCEJBqZg,ETCEJBqZg,dmbgU,sVBwhLsZnn,dmbgU,iLhnnU
dmbgU,H,H,ETCEJBqZg,ETCEJBqZg,dmbgU,sVBwhLsZnn,dmbgU,iLhnnU
dmbgU,H,H,ETCEJBqZg,ETCEJBqZg,dmbgU,sVBwhLsZnn,dmbgU,iLhnnU,dmbgU
dmbgU,H,H,ETCEJBqZg,ETCEJBqZg,dmbgU,sVBwhLsZnn,dmbgU,iLhnnU,dmbgU,ETCEJBqZg
ETCEJBqZg,dmbgU,H,H,ETCEJBqZg,dmbgU,sVBwhLsZnn,dmbgU,iLhnnU,dmbgU,ETCEJBqZg
H,H,dmbgU,ETCEJBqZg,ETCEJBqZg,dmbgU,sVBwhLsZnn,dmbgU,iLhnnU
H,H,dmbgU,ETCEJBqZg,ETCEJBqZg,dmbgU,sVBwhLsZnn,dmbgU,iLhnnU,sVBwhLsZnn,H
H
H
H,H,ETCEJBqZg,ETCEJBqZg,sVBwhLsZnn,dmbgU,iLhnnU,DQR
ETCEJBqZg
sVBwhLsZnn
sVBwhLsZnn
H,H,sVBwhLsZnn,ETCEJBqZg,dmbgU,iLhnnU,DQR,iLhnnU
H,H,sVBwhLsZnn,ETCEJBqZg,dmbgU,iLhnnU,DQR,iLhnnU
sVBwhLsZnn
sVBwhLsZnn
H,H,sVBwhLsZnn,ETCEJBqZg,dmbgU,iLhnnU,DQR,iLhnnU,H
dmbgU
dmbgU
H,H,ETCEJBqZg,dmbgU,iLhnnU,DQR,iLhnnU,H,dmbgU
dmbgU
H,H,ETCEJBqZg,dmbgU,iLhnnU,DQR,iLhnnU,H,dmbgU,sVBwhLsZnn
H,H,ETCEJBqZg,dmbgU,iLhnnU,DQR,iLhnnU,H,dmbgU,sVBwhLsZnn
H,H,ETCEJBqZg,dmbgU,iLhnnU,DQR,iLhnnU,H,dmbgU,sVBwhLsZnn
H,ETCEJBqZg,dmbgU,iLhnnU,DQR,iLhnnU,H,dmbgU,sVBwhLsZnn
H,H,dmbgU,ETCEJBqZg,sVBwhLsZnn,iLhnnU,iLhnnU,H,dmbgU,dmbgU
ETCEJBqZg
ETCEJBqZg
ETCEJBqZg
H,H,dmbgU,ETCEJBqZg,iLhnnU,iLhnnU,H,dmbgU,dmbgU
H,H,sVBwhLsZnn,ETCEJBqZg,dmbgU,iLhnnU,DQR,iLhnnU,H
dmbgU
H,ETCEJBqZg,dmbgU,iLhnnU,sVBwhLsZnn,H,DQR,iLhnnU,H,H
sVBwhLsZnn
H,ETCEJBqZg,dmbgU,iLhnnU,sVBwhLsZnn,H,DQR,iLhnnU,H,H,ETCEJBqZg,DQR,H
sVBwhLsZnn
H,sVBwhLsZnn,ETCEJBqZg,dmbgU,iLhnnU,DQR,iLhnnU,H
H,H,sVBwhLsZnn,ETCEJBqZg,iLhnnU,DQR,iLhnnU,H,iLhnnU
H,sVBwhLsZnn,ETCEJBqZg,H,iLhnnU,DQR,iLhnnU,H,iLhnnU,H
H,sVBwhLsZnn,ETCEJBqZg,H,iLhnnU,DQR,iLhnnU,H,iLhnnU,H,ETCEJBqZg
ETCEJBqZg
ETCEJBqZg
ETCEJBqZg
ETCEJBqZg
ETCEJBqZg
ETCEJBqZg
ETCEJBqZg
H,H,sVBwhLsZnn,ETCEJBqZg,dmbgU,iLhnnU,DQR,iLhnnU,H
H,H,sVBwhLsZnn,ETCEJBqZg,dmbgU,iLhnnU,DQR,iLhnnU,H
dmbgU
iLhnnU
H,dmbgU,sVBwhLsZnn,iLhnnU,DQR,iLhnnU,H,DQR
H,iLhnnU,DQR,iLhnnU,H,DQR
iLhnnU
iLhnnU
sVBwhLsZnn
sVBwhLsZnn
sVBwhLsZnn
sVBwhLsZnn
DQR
iLhnnU,sVBwhLsZnn,DQR,iLhnnU,DQR,iLhnnU,sVBwhLsZnn
DQR
iLhnnU,sVBwhLsZnn,DQR,iLhnnU,DQR,iLhnnU,sVBwhLsZnn
iLhnnU,sVBwhLsZnn,DQR,iLhnnU,DQR,iLhnnU,sVBwhLsZnn,sVBwhLsZnn,H
iLhnnU,sVBwhLsZnn,DQR,iLhnnU,DQR,iLhnnU,sVBwhLsZnn,sVBwhLsZnn,H
iLhnnU,DQR,iLhnnU,DQR,iLhnnU,sVBwhLsZnn,sVBwhLsZnn,H
iLhnnU,DQR,iLhnnU,DQR,iLhnnU,sVBwhLsZnn,sVBwhLsZnn,H
iLhnnU,DQR,iLhnnU,DQR,iLhnnU,sVBwhLsZnn,sVBwhLsZnn,H,ETCEJBqZg
DQR
DQR
iLhnnU,sVBwhLsZnn,DQR,iLhnnU,DQR,iLhnnU,sVBwhLsZnn
iLhnnU,sVBwhLsZnn,DQR,iLhnnU,DQR,iLhnnU,sVBwhLsZnn
DQR
iLhnnU,sVBwhLsZnn,DQR,iLhnnU,DQR,iLhnnU,sVBwhLsZnn
DQR
iLhnnU,iLhnnU,DQR,sVBwhLsZnn,DQR,iLhnnU,sVBwhLsZnn,dmbgU
DQR
sVBwhLsZnn
iLhnnU,DQR,iLhnnU,DQR,sVBwhLsZnn,iLhnnU,sVBwhLsZnn
iLhnnU,DQR,iLhnnU,DQR,sVBwhLsZnn,iLhnnU,sVBwhLsZnn
iLhnnU,DQR,iLhnnU,DQR,sVBwhLsZnn,iLhnnU,sVBwhLsZnn,dmbgU
iLhnnU
DQR,iLhnnU,DQR,iLhnnU,sVBwhLsZnn
DQR,iLhnnU,DQR,iLhnnU,sVBwhLsZnn
iLhnnU
iLhnnU
iLhnnU,DQR,iLhnnU,DQR,iLhnnU,sVBwhLsZnn,sVBwhLsZnn,iLhnnU
DQR,iLhnnU,DQR,iLhnnU,sVBwhLsZnn,sVBwhLsZnn,iLhnnU
DQR,iLhnnU,DQR,iLhnnU,sVBwhLsZnn,sVBwhLsZnn,iLhnnU
DQR,iLhnnU,DQR,iLhnnU,sVBwhLsZnn,sVBwhLsZnn,iLhnnU
iLhnnU
iLhnnU
DQR,iLhnnU,DQR,iLhnnU,sVBwhLsZnn,sVBwhLsZnn,iLhnnU
DQR,iLhnnU,DQR,iLhnnU,sVBwhLsZnn,sVBwhLsZnn,iLhnnU
DQR
DQR
sVBwhLsZnn
iLhnnU,DQR,iLhnnU,sVBwhLsZnn,iLhnnU,sVBwhLsZnn,DQR,sVBwhLsZnn
iLhnnU,DQR,iLhnnU,iLhnnU,sVBwhLsZnn,DQR,sVBwhLsZnn
iLhnnU
sVBwhLsZnn
sVBwhLsZnn,iLhnnU,iLhnnU,iLhnnU,sVBwhLsZnn,DQR,sVBwhLsZnn
iLhnnU
sVBwhLsZnn,iLhnnU,iLhnnU,iLhnnU,sVBwhLsZnn,DQR,sVBwhLsZnn
iLhnnU
iLhnnU
sVBwhLsZnn,iLhnnU,iLhnnU,iLhnnU,sVBwhLsZnn,DQR,sVBwhLsZnn
iLhnnU
sVBwhLsZnn
iLhnnU,iLhnnU,iLhnnU,sVBwhLsZnn,sVBwhLsZnn,DQR,sVBwhLsZnn,H,iLhnnU
sVBwhLsZnn
DQR
DQR
sVBwhLsZnn,iLhnnU,iLhnnU,sVBwhLsZnn,DQR,sVBwhLsZnn,H,iLhnnU
sVBwhLsZnn,iLhnnU,iLhnnU,iLhnnU,sVBwhLsZnn,DQR,sVBwhLsZnn,H,iLhnnU
sVBwhLsZnn
sVBwhLsZnn,iLhnnU,iLhnnU,iLhnnU,sVBwhLsZnn,DQR,sVBwhLsZnn,H,iLhnnU
Jedi Wagner, assuma o comando!