Toque! Toque, Dijê!
[vazia]
SurzNb
SurzNb,zj
[vazia]
Toque! Toque, Dijê!
[vazia]
[vazia]
Toque! Toque, Dijê!
[vazia]
[vazia]
Toque! Toque, Dijê!
[vazia]
[vazia]
Toque! Toque, Dijê!
SurzNb
SurzNb,PLxWi
SurzNb
SurzNb
SurzNb
SurzNb
[vazia]
QeZp
QeZp
Toque! Toque, Dijê!
[vazia]
PLxWi
PLxWi
PLxWi,xvYfw,xvYfw,nDNZwcueV
xvYfw
PLxWi,xvYfw,xvYfw,nDNZwcueV
PLxWi,xvYfw,xvYfw,nDNZwcueV
PLxWi,xvYfw,xvYfw,nDNZwcueV
xvYfw
PLxWi,xvYfw,xvYfw,nDNZwcueV
xvYfw
xvYfw
PLxWi,nDNZwcueV,xvYfw,xvYfw,jgEavlvnwF
nDNZwcueV
PLxWi,nDNZwcueV,xvYfw,xvYfw,jgEavlvnwF
xvYfw
PLxWi,xvYfw,xvYfw,xvYfw
xvYfw,xvYfw,xvYfw
xvYfw,xvYfw,xvYfw
xvYfw,xvYfw,xvYfw
xvYfw
xvYfw
xvYfw
xvYfw
xvYfw,xvYfw,xvYfw,xvYfw,nDNZwcueV
xvYfw,xvYfw,xvYfw,xvYfw,nDNZwcueV,zj
xvYfw,xvYfw,xvYfw
xvYfw,xvYfw,xvYfw
xvYfw,xvYfw,xvYfw
xvYfw
xvYfw
xvYfw,xvYfw,xvYfw,xvYfw
xvYfw,xvYfw,xvYfw,xvYfw
xvYfw,xvYfw,xvYfw,xvYfw,xvYfw
xvYfw,xvYfw,xvYfw,xvYfw,xvYfw
xvYfw,xvYfw,EjygUXBzf,LlZ,EjygUXBzf,LlZ,SurzNb
xvYfw,xvYfw,EjygUXBzf,LlZ,EjygUXBzf,LlZ
EjygUXBzf
xvYfw,EjygUXBzf,xvYfw,LlZ,EjygUXBzf,LlZ,zj,xvYfw
EjygUXBzf
EjygUXBzf
xvYfw,EjygUXBzf,xvYfw,LlZ,EjygUXBzf,LlZ,zj
xvYfw,EjygUXBzf,xvYfw,LlZ,EjygUXBzf,LlZ,zj
xvYfw,EjygUXBzf,xvYfw,LlZ,EjygUXBzf,LlZ,zj,LlZ
xvYfw,EjygUXBzf,xvYfw,LlZ,EjygUXBzf,LlZ,zj,LlZ
EjygUXBzf
EjygUXBzf
EjygUXBzf
xvYfw,EjygUXBzf,xvYfw,LlZ,EjygUXBzf,LlZ,zj,LlZ,BFsUrB,EjygUXBzf,LlZ
xvYfw,EjygUXBzf,xvYfw,LlZ,EjygUXBzf,LlZ,zj,LlZ,BFsUrB,EjygUXBzf,LlZ
xvYfw
xvYfw
xvYfw
xvYfw,EjygUXBzf,zj,xvYfw,LlZ,EjygUXBzf,LlZ,LlZ,EjygUXBzf,LlZ,PLxWi,EjygUXBzf
xvYfw,EjygUXBzf,xvYfw,LlZ,EjygUXBzf,LlZ,zj,LlZ,BFsUrB,EjygUXBzf,LlZ
xvYfw
xvYfw,EjygUXBzf,xvYfw,LlZ,EjygUXBzf,LlZ,zj,LlZ,BFsUrB,EjygUXBzf,LlZ
LlZ
xvYfw,EjygUXBzf,LlZ,xvYfw,EjygUXBzf,LlZ,zj,LlZ,BFsUrB,EjygUXBzf,LlZ
xvYfw,EjygUXBzf,LlZ,xvYfw,EjygUXBzf,LlZ,zj,LlZ,BFsUrB,EjygUXBzf,LlZ
xvYfw,EjygUXBzf,zj,LlZ,xvYfw,EjygUXBzf,LlZ,LlZ,BFsUrB,EjygUXBzf,LlZ
zj
zj
xvYfw,EjygUXBzf,zj,LlZ,xvYfw,EjygUXBzf,LlZ,LlZ,BFsUrB,EjygUXBzf,LlZ
xvYfw,EjygUXBzf,LlZ,xvYfw,EjygUXBzf,LlZ,zj,LlZ,BFsUrB,EjygUXBzf,LlZ,BFsUrB,BFsUrB
xvYfw,EjygUXBzf,LlZ,xvYfw,EjygUXBzf,LlZ,zj,LlZ,BFsUrB,EjygUXBzf,LlZ,BFsUrB,BFsUrB,jgEavlvnwF
xvYfw,EjygUXBzf,LlZ,xvYfw,EjygUXBzf,LlZ,zj,LlZ,BFsUrB,EjygUXBzf,LlZ,BFsUrB,BFsUrB,jgEavlvnwF
xvYfw,EjygUXBzf,xvYfw,LlZ,EjygUXBzf,LlZ,zj,LlZ,BFsUrB,EjygUXBzf,LlZ
xvYfw,EjygUXBzf,xvYfw,LlZ,EjygUXBzf,LlZ,zj,LlZ,BFsUrB,EjygUXBzf,LlZ
xvYfw,EjygUXBzf,xvYfw,LlZ,EjygUXBzf,LlZ,zj,LlZ,BFsUrB,EjygUXBzf,LlZ
xvYfw,EjygUXBzf,xvYfw,LlZ,EjygUXBzf,LlZ,LlZ,BFsUrB,EjygUXBzf,LlZ
LlZ
nDNZwcueV
xvYfw,xvYfw,EjygUXBzf,LlZ,BFsUrB,LlZ,nDNZwcueV,zj,LlZ,EjygUXBzf,LlZ
LlZ
LlZ
LlZ
LlZ,BFsUrB,LlZ,nDNZwcueV,zj,LlZ,EjygUXBzf,LlZ,nDNZwcueV,nDNZwcueV,QeZp
LlZ,BFsUrB,LlZ,nDNZwcueV,zj,LlZ,EjygUXBzf,LlZ,nDNZwcueV,nDNZwcueV,QeZp,LlZ
Jedi Wagner, assuma o comando!