[vazia]
[vazia]
Toque! Toque, Dijê!
XWd
XWd
XWd
aUJggnUUXb
aUJggnUUXb
aUJggnUUXb
[vazia]
Toque! Toque, Dijê!
kKEg
kKEg
Toque! Toque, Dijê!
OXZxp,oWZukQsj
Toque! Toque, Dijê!
Toque! Toque, Dijê!
[vazia]
Toque! Toque, Dijê!
wFiOGn
[vazia]
Toque! Toque, Dijê!
Toque! Toque, Dijê!
aUJggnUUXb
aUJggnUUXb
Toque! Toque, Dijê!
oWZukQsj
oWZukQsj,aUJggnUUXb
oWZukQsj,aUJggnUUXb
oWZukQsj
oWZukQsj,aUJggnUUXb
oWZukQsj,aUJggnUUXb,XWd
oWZukQsj,aUJggnUUXb,XWd
oWZukQsj,aUJggnUUXb,XWd,kiJ
oWZukQsj
oWZukQsj
oWZukQsj,aUJggnUUXb,XWd
oWZukQsj
oWZukQsj
oWZukQsj
oWZukQsj
oWZukQsj
oWZukQsj,XWd,oWZukQsj,XWd,CzjdrpYB
oWZukQsj,XWd,oWZukQsj,XWd,CzjdrpYB
oWZukQsj,XWd,oWZukQsj,XWd,CzjdrpYB
oWZukQsj
oWZukQsj
oWZukQsj
oWZukQsj
oWZukQsj
oWZukQsj
aUJggnUUXb
wFiOGn,kiJ,kKEg,kKEg
wFiOGn,kiJ,kKEg,kKEg
wFiOGn,kiJ,kKEg,kKEg
wFiOGn,kKEg,kKEg,oWZukQsj
kKEg
wFiOGn,kKEg,kKEg,oWZukQsj
wFiOGn,kKEg,oWZukQsj,kKEg
kKEg
kKEg
kKEg
kKEg
kKEg
kKEg,kKEg,CzjdrpYB,OXZxp,XWd,oWZukQsj,XWd
kKEg
kKEg
wFiOGn,oWZukQsj,kKEg,kKEg,aUJggnUUXb
oWZukQsj
kKEg
kKEg
wFiOGn,kKEg,oWZukQsj,kKEg
wFiOGn,oWZukQsj,kKEg,kKEg
kKEg
wFiOGn,kKEg,oWZukQsj,kKEg,oWZukQsj
wFiOGn,kKEg,oWZukQsj,kKEg,oWZukQsj
oWZukQsj
kKEg
oWZukQsj
wFiOGn,kKEg,oWZukQsj,kKEg,oWZukQsj,oWZukQsj,aUJggnUUXb,XWd,aUJggnUUXb
wFiOGn,kKEg,oWZukQsj,kKEg,oWZukQsj,oWZukQsj,aUJggnUUXb,XWd
wFiOGn
oWZukQsj
wFiOGn,kKEg,oWZukQsj,kKEg,oWZukQsj,oWZukQsj,aUJggnUUXb,kKEg
wFiOGn
wFiOGn
wFiOGn,kKEg,oWZukQsj,kKEg,oWZukQsj,oWZukQsj,aUJggnUUXb,kKEg
wFiOGn
wFiOGn
Jedi Wagner, assuma o comando!