FlCe
FlCe
Toque! Toque, Dijê!
RwV
Toque! Toque, Dijê!
[vazia]
Toque! Toque, Dijê!
Toque! Toque, Dijê!
wCd
wCd
wCd
wCd
wCd
wCd
wCd
wCd
wCd
FlCe
FlCe
Toque! Toque, Dijê!
[vazia]
Toque! Toque, Dijê!
[vazia]
Toque! Toque, Dijê!
Toque! Toque, Dijê!
Toque! Toque, Dijê!
Toque! Toque, Dijê!
Toque! Toque, Dijê!
Toque! Toque, Dijê!
Toque! Toque, Dijê!
XPOGBoNrCd
Xgtjykft,XPOGBoNrCd,XPOGBoNrCd,Xgtjykft
Xgtjykft,XPOGBoNrCd,XPOGBoNrCd,Xgtjykft
Xgtjykft
Xgtjykft,XPOGBoNrCd,XPOGBoNrCd,Xgtjykft,GikLfZrvl,G
Xgtjykft
Xgtjykft
Xgtjykft,XPOGBoNrCd,XPOGBoNrCd,Xgtjykft
Xgtjykft,XPOGBoNrCd,XPOGBoNrCd,Xgtjykft
XPOGBoNrCd
Xgtjykft
GikLfZrvl
wCd
wCd
wCd
wCd
Xgtjykft
XPOGBoNrCd,XPOGBoNrCd,Xgtjykft,rCaxOXH,wCd,Xgtjykft,XPOGBoNrCd
Xgtjykft
Xgtjykft
XPOGBoNrCd,XPOGBoNrCd,Xgtjykft,wCd,Xgtjykft,rCaxOXH,XPOGBoNrCd
Xgtjykft,XPOGBoNrCd,XPOGBoNrCd,Xgtjykft,GikLfZrvl,rCaxOXH,wCd
Xgtjykft,XPOGBoNrCd,XPOGBoNrCd,Xgtjykft,rCaxOXH,wCd,rCaxOXH,rCaxOXH
rCaxOXH
rCaxOXH
rCaxOXH
rCaxOXH
Xgtjykft,XPOGBoNrCd,XPOGBoNrCd,Xgtjykft,rCaxOXH,wCd,rCaxOXH,rCaxOXH
Xgtjykft,XPOGBoNrCd,XPOGBoNrCd,Xgtjykft,rCaxOXH,wCd,rCaxOXH,rCaxOXH
Xgtjykft,XPOGBoNrCd,XPOGBoNrCd,Xgtjykft,wCd,rCaxOXH,rCaxOXH
Xgtjykft,XPOGBoNrCd,XPOGBoNrCd,Xgtjykft,rCaxOXH,wCd,rCaxOXH,rCaxOXH
rCaxOXH
Xgtjykft,XPOGBoNrCd,XPOGBoNrCd,Xgtjykft,rCaxOXH,wCd,rCaxOXH,rCaxOXH
Xgtjykft
Xgtjykft
Xgtjykft,XPOGBoNrCd,XPOGBoNrCd,Xgtjykft,rCaxOXH,wCd,rCaxOXH,rCaxOXH,Xgtjykft,Xgtjykft,RwV
RwV
RwV
Xgtjykft,XPOGBoNrCd,XPOGBoNrCd,Xgtjykft,rCaxOXH,wCd,rCaxOXH,rCaxOXH,Xgtjykft,RwV,Xgtjykft
Xgtjykft
Xgtjykft
Xgtjykft
Xgtjykft,XPOGBoNrCd,XPOGBoNrCd,Xgtjykft,rCaxOXH,wCd,rCaxOXH,rCaxOXH,Xgtjykft,RwV,Xgtjykft,XPOGBoNrCd
Xgtjykft
Xgtjykft
Xgtjykft,XPOGBoNrCd,XPOGBoNrCd,Xgtjykft,rCaxOXH,wCd,rCaxOXH,rCaxOXH,Xgtjykft,RwV,Xgtjykft,XPOGBoNrCd
Xgtjykft
Xgtjykft,XPOGBoNrCd,XPOGBoNrCd,Xgtjykft,rCaxOXH,wCd,rCaxOXH,rCaxOXH,Xgtjykft,RwV,Xgtjykft,XPOGBoNrCd
XPOGBoNrCd
XPOGBoNrCd
Xgtjykft,XPOGBoNrCd,XPOGBoNrCd,Xgtjykft,rCaxOXH,rCaxOXH,rCaxOXH,Xgtjykft,RwV,Xgtjykft,XPOGBoNrCd,RwV
Xgtjykft,XPOGBoNrCd,XPOGBoNrCd,Xgtjykft,rCaxOXH,rCaxOXH,rCaxOXH,Xgtjykft,RwV,Xgtjykft,XPOGBoNrCd,RwV
XPOGBoNrCd
Xgtjykft
Xgtjykft
rCaxOXH
rCaxOXH
Xgtjykft,XPOGBoNrCd,XPOGBoNrCd,Xgtjykft,rCaxOXH,rCaxOXH,Xgtjykft,RwV,Xgtjykft,XPOGBoNrCd,RwV,ZVypIPN
rCaxOXH
Xgtjykft,XPOGBoNrCd,Xgtjykft,rCaxOXH,XPOGBoNrCd,rCaxOXH,Xgtjykft,RwV,Xgtjykft,XPOGBoNrCd,RwV,ZVypIPN,FlCe
Xgtjykft,XPOGBoNrCd,Xgtjykft,rCaxOXH,XPOGBoNrCd,rCaxOXH,Xgtjykft,RwV,Xgtjykft,XPOGBoNrCd,RwV,ZVypIPN,FlCe,RwV
Xgtjykft,XPOGBoNrCd,Xgtjykft,rCaxOXH,XPOGBoNrCd,rCaxOXH,Xgtjykft,RwV,Xgtjykft,XPOGBoNrCd,RwV,ZVypIPN,FlCe,RwV
Xgtjykft,Xgtjykft,rCaxOXH,XPOGBoNrCd,rCaxOXH,Xgtjykft,Xgtjykft,XPOGBoNrCd,RwV,ZVypIPN,FlCe,RwV
Xgtjykft
Xgtjykft,Xgtjykft,rCaxOXH,XPOGBoNrCd,rCaxOXH,Xgtjykft,Xgtjykft,ZVypIPN,XPOGBoNrCd,RwV,FlCe,RwV
Xgtjykft
Xgtjykft
rCaxOXH
Xgtjykft,XPOGBoNrCd,Xgtjykft,XPOGBoNrCd,rCaxOXH,Xgtjykft,RwV,Xgtjykft,rCaxOXH,XPOGBoNrCd,RwV,ZVypIPN,FlCe,RwV,ZVypIPN,G,FlCe,G,XPOGBoNrCd
Xgtjykft,XPOGBoNrCd,Xgtjykft,XPOGBoNrCd,rCaxOXH,Xgtjykft,RwV,Xgtjykft,rCaxOXH,XPOGBoNrCd,RwV,ZVypIPN,FlCe,RwV,ZVypIPN,G,FlCe,G,XPOGBoNrCd
rCaxOXH
Xgtjykft,XPOGBoNrCd,Xgtjykft,XPOGBoNrCd,rCaxOXH,Xgtjykft,RwV,Xgtjykft,rCaxOXH,XPOGBoNrCd,RwV,ZVypIPN,FlCe,RwV,ZVypIPN,G,FlCe,G,XPOGBoNrCd
rCaxOXH
Xgtjykft,XPOGBoNrCd,Xgtjykft,rCaxOXH,XPOGBoNrCd,rCaxOXH,Xgtjykft,RwV,Xgtjykft,XPOGBoNrCd,RwV,ZVypIPN,FlCe,RwV,ZVypIPN,G,J,wCd,GikLfZrvl
Xgtjykft,XPOGBoNrCd,Xgtjykft,rCaxOXH,XPOGBoNrCd,rCaxOXH,Xgtjykft,RwV,Xgtjykft,XPOGBoNrCd,RwV,ZVypIPN,FlCe,RwV,ZVypIPN,G,J,wCd,GikLfZrvl
Xgtjykft,XPOGBoNrCd,Xgtjykft,rCaxOXH,XPOGBoNrCd,rCaxOXH,Xgtjykft,RwV,Xgtjykft,XPOGBoNrCd,RwV,ZVypIPN,FlCe,RwV,ZVypIPN,G,J,wCd,GikLfZrvl
Xgtjykft,XPOGBoNrCd,Xgtjykft,rCaxOXH,XPOGBoNrCd,rCaxOXH,Xgtjykft,RwV,Xgtjykft,XPOGBoNrCd,ZVypIPN,RwV,FlCe,RwV,ZVypIPN,G,J,wCd,GikLfZrvl
Xgtjykft,XPOGBoNrCd,Xgtjykft,rCaxOXH,XPOGBoNrCd,rCaxOXH,Xgtjykft,RwV,Xgtjykft,XPOGBoNrCd,RwV,ZVypIPN,FlCe,RwV,ZVypIPN,G,wCd,GikLfZrvl
RwV
RwV
RwV
Xgtjykft,XPOGBoNrCd,Xgtjykft,rCaxOXH,XPOGBoNrCd,rCaxOXH,Xgtjykft,RwV,Xgtjykft,XPOGBoNrCd,RwV,ZVypIPN,FlCe,RwV,ZVypIPN,G,wCd,GikLfZrvl,XPOGBoNrCd
Xgtjykft,XPOGBoNrCd,Xgtjykft,rCaxOXH,XPOGBoNrCd,rCaxOXH,Xgtjykft,RwV,Xgtjykft,XPOGBoNrCd,RwV,ZVypIPN,FlCe,RwV,ZVypIPN,G,wCd,GikLfZrvl,XPOGBoNrCd
Xgtjykft,XPOGBoNrCd,Xgtjykft,rCaxOXH,XPOGBoNrCd,rCaxOXH,Xgtjykft,RwV,Xgtjykft,XPOGBoNrCd,RwV,ZVypIPN,FlCe,RwV,ZVypIPN,G,wCd,GikLfZrvl,XPOGBoNrCd
RwV
RwV
Xgtjykft,XPOGBoNrCd,Xgtjykft,rCaxOXH,XPOGBoNrCd,rCaxOXH,Xgtjykft,RwV,Xgtjykft,XPOGBoNrCd,GikLfZrvl,RwV,ZVypIPN,FlCe,RwV,ZVypIPN,G,wCd,XPOGBoNrCd
GikLfZrvl
Xgtjykft,XPOGBoNrCd,Xgtjykft,rCaxOXH,XPOGBoNrCd,rCaxOXH,Xgtjykft,RwV,Xgtjykft,XPOGBoNrCd,GikLfZrvl,RwV,ZVypIPN,FlCe,RwV,ZVypIPN,G,wCd,XPOGBoNrCd
RwV
Xgtjykft,XPOGBoNrCd,Xgtjykft,rCaxOXH,XPOGBoNrCd,rCaxOXH,Xgtjykft,RwV,Xgtjykft,XPOGBoNrCd,RwV,ZVypIPN,FlCe,RwV,ZVypIPN,G,wCd,GikLfZrvl
ZVypIPN
Jedi Wagner, assuma o comando!