PTJa
[vazia]
wFm
wFm
wFm
wFm,VceTFaV
wFm,VceTFaV,VceTFaV
wFm,VceTFaV,VceTFaV
wFm,VceTFaV,VceTFaV
VceTFaV
VceTFaV,VceTFaV
VceTFaV
VceTFaV
wFm,VceTFaV,VceTFaV,wFm
wFm,VceTFaV,VceTFaV,wFm
wFm
wFm,wFm,wFm
wFm
VceTFaV,wFm,wFm
VceTFaV,wFm
VceTFaV
VceTFaV,wFm,wFm
VceTFaV,wFm,wFm
wFm,wFm
wFm,wFm
wFm,wFm,PTJa,PTJa
wFm
wFm
wFm
wFm,wFm,PTJa,VceTFaV
wFm,wFm,VceTFaV
wFm,wFm,VceTFaV
wFm
wFm,wFm,VceTFaV
wFm
wFm
wFm,wFm,VceTFaV
VceTFaV
wFm,VceTFaV,wFm
VceTFaV
VceTFaV
VceTFaV
wFm,wFm,VceTFaV
wFm,wFm,VceTFaV
VceTFaV
wFm,wFm,VceTFaV
wFm,wFm,VceTFaV
wFm
wFm,VceTFaV,wFm,wFm
wFm
wFm
VceTFaV
VceTFaV
VceTFaV
wFm,wFm,wFm,VceTFaV,wFm
wFm,wFm,VceTFaV,wFm,wFm
wFm
VceTFaV
wFm,wFm,wFm,VceTFaV,wFm
VceTFaV
VceTFaV
VceTFaV
VceTFaV
VceTFaV
VceTFaV
wFm,wFm,wFm,VceTFaV,wFm,PTJa
wFm,wFm,wFm,VceTFaV,wFm
wFm,wFm,VceTFaV,wFm,VceTFaV
VceTFaV
PTJa
wFm,wFm,VceTFaV,wFm,VceTFaV,PTJa,wFm
wFm,wFm,VceTFaV,wFm,VceTFaV,PTJa,wFm,PTJa,PTJa
wFm,wFm,VceTFaV,wFm,VceTFaV,PTJa,wFm,PTJa,PTJa
wFm,wFm,VceTFaV,wFm,VceTFaV,wFm,PTJa,PTJa,PTJa
wFm,wFm,VceTFaV,wFm,VceTFaV,PTJa,wFm
wFm,wFm,VceTFaV,wFm,VceTFaV,PTJa
wFm,wFm,wFm,VceTFaV,PTJa
wFm,wFm,wFm,VceTFaV,PTJa
wFm,wFm,VceTFaV,wFm,VceTFaV,PTJa
wFm,wFm,wFm,VceTFaV,PTJa,VceTFaV,wFm
wFm,wFm,wFm,PTJa,VceTFaV
wFm,wFm,wFm,PTJa,VceTFaV
wFm,wFm,wFm,VceTFaV,PTJa
wFm,wFm,wFm,VceTFaV,PTJa
wFm,wFm,wFm,VceTFaV,PTJa
PTJa
wFm
wFm,wFm,PTJa,PTJa,wFm
PTJa
wFm,wFm,PTJa,wFm
wFm
wFm
wFm,PTJa,wFm,PTJa,wFm,wFm
wFm
wFm
wFm
wFm
wFm
wFm
wFm,PTJa,wFm,PTJa,wFm,wFm,PTJa
wFm,PTJa,wFm,PTJa,wFm,wFm,PTJa
wFm,PTJa,wFm,PTJa,wFm,wFm,PTJa
wFm,PTJa,wFm,PTJa,wFm,wFm
wFm,wFm,wFm,wFm,PTJa
wFm,wFm,wFm,wFm,PTJa
wFm
wFm
wFm,PTJa,wFm,PTJa,wFm,wFm,PTJa
wFm,PTJa,wFm,PTJa,wFm,wFm,PTJa
wFm,wFm,wFm,PTJa,PTJa,wFm
PTJa
wFm,wFm,PTJa,wFm,wFm
wFm,wFm,PTJa,wFm,wFm
PTJa
wFm,wFm,wFm,PTJa,PTJa,wFm,VceTFaV
Jedi Wagner, assuma o comando!