Toque! Toque, Dijê!
[vazia]
xxVVWsSGw
xxVVWsSGw
xxVVWsSGw
xxVVWsSGw
xxVVWsSGw
xxVVWsSGw
xxVVWsSGw
xxVVWsSGw,xxVVWsSGw,xxVVWsSGw,xxVVWsSGw
xxVVWsSGw
xxVVWsSGw,xxVVWsSGw,xxVVWsSGw,xxVVWsSGw,xxVVWsSGw,xxVVWsSGw
xxVVWsSGw,xxVVWsSGw,xxVVWsSGw,xxVVWsSGw,xxVVWsSGw,xxVVWsSGw
xxVVWsSGw
xxVVWsSGw
xxVVWsSGw,xxVVWsSGw,xxVVWsSGw,xxVVWsSGw,xxVVWsSGw
xxVVWsSGw,xxVVWsSGw,xxVVWsSGw,xxVVWsSGw,xxVVWsSGw
xxVVWsSGw
xxVVWsSGw
xxVVWsSGw,xxVVWsSGw,xxVVWsSGw,xxVVWsSGw,xxVVWsSGw,xxVVWsSGw,xxVVWsSGw
xxVVWsSGw
xxVVWsSGw,xxVVWsSGw,xxVVWsSGw,xxVVWsSGw,xxVVWsSGw,xxVVWsSGw,xxVVWsSGw
xxVVWsSGw,xxVVWsSGw,xxVVWsSGw,xxVVWsSGw,xxVVWsSGw,xxVVWsSGw,xxVVWsSGw
xxVVWsSGw
xxVVWsSGw,xxVVWsSGw,xxVVWsSGw,xxVVWsSGw,xxVVWsSGw
xxVVWsSGw
xxVVWsSGw,xxVVWsSGw,xxVVWsSGw,xxVVWsSGw,xxVVWsSGw,xxVVWsSGw,xxVVWsSGw
xxVVWsSGw,xxVVWsSGw,xxVVWsSGw,xxVVWsSGw,xxVVWsSGw,xxVVWsSGw,xxVVWsSGw
xxVVWsSGw,xxVVWsSGw,xxVVWsSGw,xxVVWsSGw,xxVVWsSGw
xxVVWsSGw,xxVVWsSGw,xxVVWsSGw,xxVVWsSGw,xxVVWsSGw
xxVVWsSGw,xxVVWsSGw,xxVVWsSGw,xxVVWsSGw,xxVVWsSGw
xxVVWsSGw,xxVVWsSGw,xxVVWsSGw,xxVVWsSGw,xxVVWsSGw,xxVVWsSGw
xxVVWsSGw,xxVVWsSGw,xxVVWsSGw,xxVVWsSGw,xxVVWsSGw
xxVVWsSGw
xxVVWsSGw
xxVVWsSGw,xxVVWsSGw,xxVVWsSGw,xxVVWsSGw,xxVVWsSGw
xxVVWsSGw,xxVVWsSGw,xxVVWsSGw,xxVVWsSGw,xxVVWsSGw
xxVVWsSGw
xxVVWsSGw,xxVVWsSGw,xxVVWsSGw,xxVVWsSGw,xxVVWsSGw
xxVVWsSGw
xxVVWsSGw,xxVVWsSGw,xxVVWsSGw,xxVVWsSGw,xxVVWsSGw,xxVVWsSGw
xxVVWsSGw,xxVVWsSGw,xxVVWsSGw,xxVVWsSGw,xxVVWsSGw,xxVVWsSGw,xxVVWsSGw
xxVVWsSGw,xxVVWsSGw,xxVVWsSGw,xxVVWsSGw,xxVVWsSGw,xxVVWsSGw,xxVVWsSGw,xxVVWsSGw
xxVVWsSGw,xxVVWsSGw,xxVVWsSGw,xxVVWsSGw,xxVVWsSGw,xxVVWsSGw,xxVVWsSGw
xxVVWsSGw
xxVVWsSGw,xxVVWsSGw,xxVVWsSGw,xxVVWsSGw,xxVVWsSGw,xxVVWsSGw,xxVVWsSGw
xxVVWsSGw,xxVVWsSGw,xxVVWsSGw,xxVVWsSGw,xxVVWsSGw,xxVVWsSGw,xxVVWsSGw
xxVVWsSGw
xxVVWsSGw,xxVVWsSGw,xxVVWsSGw,xxVVWsSGw,xxVVWsSGw,xxVVWsSGw,xxVVWsSGw,xxVVWsSGw
xxVVWsSGw,xxVVWsSGw,xxVVWsSGw,xxVVWsSGw,xxVVWsSGw,xxVVWsSGw,xxVVWsSGw,xxVVWsSGw
xxVVWsSGw,xxVVWsSGw,xxVVWsSGw,xxVVWsSGw,xxVVWsSGw,xxVVWsSGw,xxVVWsSGw
xxVVWsSGw,xxVVWsSGw,xxVVWsSGw,xxVVWsSGw,xxVVWsSGw,xxVVWsSGw,xxVVWsSGw
xxVVWsSGw
xxVVWsSGw
xxVVWsSGw,xxVVWsSGw,xxVVWsSGw,xxVVWsSGw,xxVVWsSGw,xxVVWsSGw,xxVVWsSGw,xxVVWsSGw
xxVVWsSGw
xxVVWsSGw,xxVVWsSGw,xxVVWsSGw,xxVVWsSGw,xxVVWsSGw,xxVVWsSGw,xxVVWsSGw,xxVVWsSGw,xxVVWsSGw,xxVVWsSGw
xxVVWsSGw
xxVVWsSGw,xxVVWsSGw,xxVVWsSGw,xxVVWsSGw,xxVVWsSGw,xxVVWsSGw,xxVVWsSGw,xxVVWsSGw,xxVVWsSGw,xxVVWsSGw,xxVVWsSGw
xxVVWsSGw
xxVVWsSGw,xxVVWsSGw,xxVVWsSGw,xxVVWsSGw,xxVVWsSGw,xxVVWsSGw,xxVVWsSGw,xxVVWsSGw,xxVVWsSGw,xxVVWsSGw,xxVVWsSGw,xxVVWsSGw,xxVVWsSGw,xxVVWsSGw
xxVVWsSGw,xxVVWsSGw,xxVVWsSGw,xxVVWsSGw,xxVVWsSGw,xxVVWsSGw,xxVVWsSGw,xxVVWsSGw,xxVVWsSGw,xxVVWsSGw,xxVVWsSGw,xxVVWsSGw,xxVVWsSGw,xxVVWsSGw
xxVVWsSGw,xxVVWsSGw,xxVVWsSGw,xxVVWsSGw,xxVVWsSGw,xxVVWsSGw,xxVVWsSGw,xxVVWsSGw,xxVVWsSGw,xxVVWsSGw,xxVVWsSGw,xxVVWsSGw,xxVVWsSGw,xxVVWsSGw,xxVVWsSGw
xxVVWsSGw
xxVVWsSGw,xxVVWsSGw,xxVVWsSGw,xxVVWsSGw,xxVVWsSGw,xxVVWsSGw,xxVVWsSGw,xxVVWsSGw,xxVVWsSGw,xxVVWsSGw,xxVVWsSGw,xxVVWsSGw,xxVVWsSGw,xxVVWsSGw,xxVVWsSGw
xxVVWsSGw
xxVVWsSGw,xxVVWsSGw,xxVVWsSGw,xxVVWsSGw,xxVVWsSGw,xxVVWsSGw,xxVVWsSGw,xxVVWsSGw,xxVVWsSGw,xxVVWsSGw,xxVVWsSGw,xxVVWsSGw,xxVVWsSGw,xxVVWsSGw,xxVVWsSGw
xxVVWsSGw
xxVVWsSGw,xxVVWsSGw,xxVVWsSGw,xxVVWsSGw,xxVVWsSGw,xxVVWsSGw,xxVVWsSGw,xxVVWsSGw,xxVVWsSGw,xxVVWsSGw,xxVVWsSGw,xxVVWsSGw,xxVVWsSGw,xxVVWsSGw
xxVVWsSGw
xxVVWsSGw,xxVVWsSGw,xxVVWsSGw,xxVVWsSGw,xxVVWsSGw,xxVVWsSGw,xxVVWsSGw,xxVVWsSGw,xxVVWsSGw,xxVVWsSGw,xxVVWsSGw,xxVVWsSGw,xxVVWsSGw,xxVVWsSGw
xxVVWsSGw
xxVVWsSGw,xxVVWsSGw,xxVVWsSGw,xxVVWsSGw,xxVVWsSGw,xxVVWsSGw,xxVVWsSGw,xxVVWsSGw,xxVVWsSGw,xxVVWsSGw,xxVVWsSGw,xxVVWsSGw,xxVVWsSGw,xxVVWsSGw
xxVVWsSGw
xxVVWsSGw
xxVVWsSGw,xxVVWsSGw,xxVVWsSGw,xxVVWsSGw,xxVVWsSGw,xxVVWsSGw,xxVVWsSGw,xxVVWsSGw,xxVVWsSGw,xxVVWsSGw,xxVVWsSGw,xxVVWsSGw,xxVVWsSGw
xxVVWsSGw
xxVVWsSGw,xxVVWsSGw,xxVVWsSGw,xxVVWsSGw,xxVVWsSGw,xxVVWsSGw,xxVVWsSGw,xxVVWsSGw,xxVVWsSGw,xxVVWsSGw,xxVVWsSGw,xxVVWsSGw
xxVVWsSGw
xxVVWsSGw
xxVVWsSGw,xxVVWsSGw,xxVVWsSGw,xxVVWsSGw,xxVVWsSGw,xxVVWsSGw,xxVVWsSGw,xxVVWsSGw,xxVVWsSGw,xxVVWsSGw,xxVVWsSGw,xxVVWsSGw
xxVVWsSGw
xxVVWsSGw
xxVVWsSGw
xxVVWsSGw
xxVVWsSGw,xxVVWsSGw,xxVVWsSGw,xxVVWsSGw,xxVVWsSGw,xxVVWsSGw,xxVVWsSGw,xxVVWsSGw,xxVVWsSGw,xxVVWsSGw,xxVVWsSGw,xxVVWsSGw,xxVVWsSGw
xxVVWsSGw,xxVVWsSGw,xxVVWsSGw,xxVVWsSGw,xxVVWsSGw,xxVVWsSGw,xxVVWsSGw,xxVVWsSGw,xxVVWsSGw,xxVVWsSGw,xxVVWsSGw,xxVVWsSGw,xxVVWsSGw
xxVVWsSGw,xxVVWsSGw,xxVVWsSGw,xxVVWsSGw,xxVVWsSGw,xxVVWsSGw,xxVVWsSGw,xxVVWsSGw,xxVVWsSGw,xxVVWsSGw,xxVVWsSGw,xxVVWsSGw,xxVVWsSGw
xxVVWsSGw
xxVVWsSGw,xxVVWsSGw,xxVVWsSGw,xxVVWsSGw,xxVVWsSGw,xxVVWsSGw,xxVVWsSGw,xxVVWsSGw,xxVVWsSGw,xxVVWsSGw,xxVVWsSGw,xxVVWsSGw,xxVVWsSGw
xxVVWsSGw,xxVVWsSGw,xxVVWsSGw,xxVVWsSGw,xxVVWsSGw,xxVVWsSGw,xxVVWsSGw,xxVVWsSGw,xxVVWsSGw,xxVVWsSGw,xxVVWsSGw,xxVVWsSGw,xxVVWsSGw
xxVVWsSGw
xxVVWsSGw
xxVVWsSGw
xxVVWsSGw
xxVVWsSGw,xxVVWsSGw,xxVVWsSGw,xxVVWsSGw,xxVVWsSGw,xxVVWsSGw,xxVVWsSGw,xxVVWsSGw,xxVVWsSGw,xxVVWsSGw,xxVVWsSGw,xxVVWsSGw,xxVVWsSGw,xxVVWsSGw
xxVVWsSGw
xxVVWsSGw
xxVVWsSGw
xxVVWsSGw
xxVVWsSGw
xxVVWsSGw,xxVVWsSGw,xxVVWsSGw,xxVVWsSGw,xxVVWsSGw,xxVVWsSGw,xxVVWsSGw,xxVVWsSGw,xxVVWsSGw,xxVVWsSGw,xxVVWsSGw,xxVVWsSGw,xxVVWsSGw
xxVVWsSGw,xxVVWsSGw,xxVVWsSGw,xxVVWsSGw,xxVVWsSGw,xxVVWsSGw,xxVVWsSGw,xxVVWsSGw,xxVVWsSGw,xxVVWsSGw,xxVVWsSGw,xxVVWsSGw,xxVVWsSGw
xxVVWsSGw
xxVVWsSGw
xxVVWsSGw,xxVVWsSGw,xxVVWsSGw,xxVVWsSGw,xxVVWsSGw,xxVVWsSGw,xxVVWsSGw,xxVVWsSGw,xxVVWsSGw,xxVVWsSGw,xxVVWsSGw,xxVVWsSGw
xxVVWsSGw
xxVVWsSGw,xxVVWsSGw,xxVVWsSGw,xxVVWsSGw,xxVVWsSGw,xxVVWsSGw,xxVVWsSGw,xxVVWsSGw,xxVVWsSGw,xxVVWsSGw,xxVVWsSGw,xxVVWsSGw
xxVVWsSGw,xxVVWsSGw,xxVVWsSGw,xxVVWsSGw,xxVVWsSGw,xxVVWsSGw,xxVVWsSGw,xxVVWsSGw,xxVVWsSGw,xxVVWsSGw,xxVVWsSGw,xxVVWsSGw
xxVVWsSGw
xxVVWsSGw
xxVVWsSGw,xxVVWsSGw,xxVVWsSGw,xxVVWsSGw,xxVVWsSGw,xxVVWsSGw,xxVVWsSGw,xxVVWsSGw,xxVVWsSGw,xxVVWsSGw,xxVVWsSGw,xxVVWsSGw
xxVVWsSGw,xxVVWsSGw,xxVVWsSGw,xxVVWsSGw,xxVVWsSGw,xxVVWsSGw,xxVVWsSGw,xxVVWsSGw,xxVVWsSGw,xxVVWsSGw,xxVVWsSGw,xxVVWsSGw
xxVVWsSGw,xxVVWsSGw,xxVVWsSGw,xxVVWsSGw,xxVVWsSGw,xxVVWsSGw,xxVVWsSGw,xxVVWsSGw,xxVVWsSGw,xxVVWsSGw,xxVVWsSGw,xxVVWsSGw,xxVVWsSGw,xxVVWsSGw
xxVVWsSGw
xxVVWsSGw
xxVVWsSGw
xxVVWsSGw
xxVVWsSGw
xxVVWsSGw,xxVVWsSGw,xxVVWsSGw,xxVVWsSGw,xxVVWsSGw,xxVVWsSGw,xxVVWsSGw,xxVVWsSGw,xxVVWsSGw,xxVVWsSGw,xxVVWsSGw,xxVVWsSGw,xxVVWsSGw,xxVVWsSGw
xxVVWsSGw
xxVVWsSGw,xxVVWsSGw,xxVVWsSGw,xxVVWsSGw,xxVVWsSGw,xxVVWsSGw,xxVVWsSGw,xxVVWsSGw,xxVVWsSGw,xxVVWsSGw,xxVVWsSGw,xxVVWsSGw
xxVVWsSGw,xxVVWsSGw,xxVVWsSGw,xxVVWsSGw,xxVVWsSGw,xxVVWsSGw,xxVVWsSGw,xxVVWsSGw,xxVVWsSGw,xxVVWsSGw
xxVVWsSGw
xxVVWsSGw
xxVVWsSGw
xxVVWsSGw,xxVVWsSGw,xxVVWsSGw,xxVVWsSGw,xxVVWsSGw,xxVVWsSGw,xxVVWsSGw,xxVVWsSGw,xxVVWsSGw,xxVVWsSGw
xxVVWsSGw
xxVVWsSGw
xxVVWsSGw
xxVVWsSGw
xxVVWsSGw,xxVVWsSGw,xxVVWsSGw,xxVVWsSGw,xxVVWsSGw,xxVVWsSGw,xxVVWsSGw,xxVVWsSGw,xxVVWsSGw,xxVVWsSGw
xxVVWsSGw
xxVVWsSGw,xxVVWsSGw,xxVVWsSGw,xxVVWsSGw,xxVVWsSGw,xxVVWsSGw,xxVVWsSGw,xxVVWsSGw,xxVVWsSGw
xxVVWsSGw
xxVVWsSGw
xxVVWsSGw
xxVVWsSGw
xxVVWsSGw,xxVVWsSGw,xxVVWsSGw,xxVVWsSGw,xxVVWsSGw,xxVVWsSGw,xxVVWsSGw,xxVVWsSGw,xxVVWsSGw,xxVVWsSGw
xxVVWsSGw,xxVVWsSGw,xxVVWsSGw,xxVVWsSGw,xxVVWsSGw,xxVVWsSGw,xxVVWsSGw,xxVVWsSGw,xxVVWsSGw,xxVVWsSGw,xxVVWsSGw
xxVVWsSGw,xxVVWsSGw,xxVVWsSGw,xxVVWsSGw,xxVVWsSGw,xxVVWsSGw,xxVVWsSGw,xxVVWsSGw,xxVVWsSGw,xxVVWsSGw,xxVVWsSGw
xxVVWsSGw
xxVVWsSGw
xxVVWsSGw
xxVVWsSGw
xxVVWsSGw,xxVVWsSGw,xxVVWsSGw,xxVVWsSGw,xxVVWsSGw,xxVVWsSGw,xxVVWsSGw,xxVVWsSGw,xxVVWsSGw,xxVVWsSGw
xxVVWsSGw
xxVVWsSGw
xxVVWsSGw
xxVVWsSGw
xxVVWsSGw,xxVVWsSGw,xxVVWsSGw,xxVVWsSGw,xxVVWsSGw,xxVVWsSGw,xxVVWsSGw,xxVVWsSGw,xxVVWsSGw,xxVVWsSGw,xxVVWsSGw,xxVVWsSGw
xxVVWsSGw,xxVVWsSGw,xxVVWsSGw,xxVVWsSGw,xxVVWsSGw,xxVVWsSGw,xxVVWsSGw,xxVVWsSGw,xxVVWsSGw,xxVVWsSGw,xxVVWsSGw,xxVVWsSGw
xxVVWsSGw,xxVVWsSGw,xxVVWsSGw,xxVVWsSGw,xxVVWsSGw,xxVVWsSGw,xxVVWsSGw,xxVVWsSGw,xxVVWsSGw,xxVVWsSGw,xxVVWsSGw,xxVVWsSGw
xxVVWsSGw
xxVVWsSGw
xxVVWsSGw,xxVVWsSGw,xxVVWsSGw,xxVVWsSGw,xxVVWsSGw,xxVVWsSGw,xxVVWsSGw,xxVVWsSGw,xxVVWsSGw,xxVVWsSGw,xxVVWsSGw,xxVVWsSGw
xxVVWsSGw,xxVVWsSGw,xxVVWsSGw,xxVVWsSGw,xxVVWsSGw,xxVVWsSGw,xxVVWsSGw,xxVVWsSGw,xxVVWsSGw,xxVVWsSGw,xxVVWsSGw,xxVVWsSGw
xxVVWsSGw,xxVVWsSGw,xxVVWsSGw,xxVVWsSGw,xxVVWsSGw,xxVVWsSGw,xxVVWsSGw,xxVVWsSGw,xxVVWsSGw,xxVVWsSGw,xxVVWsSGw,xxVVWsSGw,xxVVWsSGw
xxVVWsSGw
xxVVWsSGw,xxVVWsSGw,xxVVWsSGw,xxVVWsSGw,xxVVWsSGw,xxVVWsSGw,xxVVWsSGw,xxVVWsSGw,xxVVWsSGw,xxVVWsSGw,xxVVWsSGw,xxVVWsSGw
xxVVWsSGw
xxVVWsSGw,xxVVWsSGw,xxVVWsSGw,xxVVWsSGw,xxVVWsSGw,xxVVWsSGw,xxVVWsSGw,xxVVWsSGw,xxVVWsSGw,xxVVWsSGw
xxVVWsSGw,xxVVWsSGw,xxVVWsSGw,xxVVWsSGw,xxVVWsSGw,xxVVWsSGw,xxVVWsSGw,xxVVWsSGw,xxVVWsSGw,xxVVWsSGw,xxVVWsSGw,xxVVWsSGw
xxVVWsSGw,xxVVWsSGw,xxVVWsSGw,xxVVWsSGw,xxVVWsSGw,xxVVWsSGw,xxVVWsSGw,xxVVWsSGw,xxVVWsSGw,xxVVWsSGw,xxVVWsSGw,xxVVWsSGw,xxVVWsSGw
xxVVWsSGw
xxVVWsSGw,xxVVWsSGw,xxVVWsSGw,xxVVWsSGw,xxVVWsSGw,xxVVWsSGw,xxVVWsSGw,xxVVWsSGw,xxVVWsSGw,xxVVWsSGw,xxVVWsSGw,xxVVWsSGw,xxVVWsSGw,xxVVWsSGw
xxVVWsSGw
xxVVWsSGw,xxVVWsSGw,xxVVWsSGw,xxVVWsSGw,xxVVWsSGw,xxVVWsSGw,xxVVWsSGw,xxVVWsSGw,xxVVWsSGw,xxVVWsSGw,xxVVWsSGw,xxVVWsSGw,xxVVWsSGw,xxVVWsSGw,xxVVWsSGw,xxVVWsSGw
xxVVWsSGw
xxVVWsSGw
xxVVWsSGw,xxVVWsSGw,xxVVWsSGw,xxVVWsSGw,xxVVWsSGw,xxVVWsSGw,xxVVWsSGw,xxVVWsSGw,xxVVWsSGw,xxVVWsSGw,xxVVWsSGw,xxVVWsSGw,xxVVWsSGw,xxVVWsSGw,xxVVWsSGw,xxVVWsSGw,xxVVWsSGw,xxVVWsSGw
xxVVWsSGw,xxVVWsSGw,xxVVWsSGw,xxVVWsSGw,xxVVWsSGw,xxVVWsSGw,xxVVWsSGw,xxVVWsSGw,xxVVWsSGw,xxVVWsSGw,xxVVWsSGw,xxVVWsSGw,xxVVWsSGw,xxVVWsSGw,xxVVWsSGw,xxVVWsSGw,xxVVWsSGw,xxVVWsSGw,xxVVWsSGw
xxVVWsSGw
xxVVWsSGw,xxVVWsSGw,xxVVWsSGw,xxVVWsSGw,xxVVWsSGw,xxVVWsSGw,xxVVWsSGw,xxVVWsSGw,xxVVWsSGw,xxVVWsSGw,xxVVWsSGw,xxVVWsSGw,xxVVWsSGw,xxVVWsSGw,xxVVWsSGw,xxVVWsSGw,xxVVWsSGw,xxVVWsSGw,xxVVWsSGw
xxVVWsSGw,xxVVWsSGw,xxVVWsSGw,xxVVWsSGw,xxVVWsSGw,xxVVWsSGw,xxVVWsSGw,xxVVWsSGw,xxVVWsSGw,xxVVWsSGw,xxVVWsSGw,xxVVWsSGw,xxVVWsSGw,xxVVWsSGw,xxVVWsSGw,xxVVWsSGw,xxVVWsSGw,xxVVWsSGw,xxVVWsSGw,xxVVWsSGw
xxVVWsSGw
xxVVWsSGw
xxVVWsSGw,xxVVWsSGw,xxVVWsSGw,xxVVWsSGw,xxVVWsSGw,xxVVWsSGw,xxVVWsSGw,xxVVWsSGw,xxVVWsSGw,xxVVWsSGw,xxVVWsSGw,xxVVWsSGw,xxVVWsSGw,xxVVWsSGw,xxVVWsSGw,xxVVWsSGw,xxVVWsSGw,xxVVWsSGw,xxVVWsSGw,xxVVWsSGw
xxVVWsSGw
xxVVWsSGw,xxVVWsSGw,xxVVWsSGw,xxVVWsSGw,xxVVWsSGw,xxVVWsSGw,xxVVWsSGw,xxVVWsSGw,xxVVWsSGw,xxVVWsSGw,xxVVWsSGw,xxVVWsSGw,xxVVWsSGw,xxVVWsSGw,xxVVWsSGw,xxVVWsSGw,xxVVWsSGw,xxVVWsSGw,xxVVWsSGw,xxVVWsSGw
xxVVWsSGw,xxVVWsSGw,xxVVWsSGw,xxVVWsSGw,xxVVWsSGw,xxVVWsSGw,xxVVWsSGw,xxVVWsSGw,xxVVWsSGw,xxVVWsSGw,xxVVWsSGw,xxVVWsSGw,xxVVWsSGw,xxVVWsSGw,xxVVWsSGw,xxVVWsSGw,xxVVWsSGw,xxVVWsSGw,xxVVWsSGw
xxVVWsSGw
xxVVWsSGw
xxVVWsSGw
xxVVWsSGw
xxVVWsSGw
xxVVWsSGw,xxVVWsSGw,xxVVWsSGw,xxVVWsSGw,xxVVWsSGw,xxVVWsSGw,xxVVWsSGw,xxVVWsSGw,xxVVWsSGw,xxVVWsSGw,xxVVWsSGw,xxVVWsSGw,xxVVWsSGw,xxVVWsSGw,xxVVWsSGw,xxVVWsSGw,xxVVWsSGw,xxVVWsSGw,xxVVWsSGw,xxVVWsSGw,xxVVWsSGw,xxVVWsSGw
xxVVWsSGw
xxVVWsSGw,xxVVWsSGw,xxVVWsSGw,xxVVWsSGw,xxVVWsSGw,xxVVWsSGw,xxVVWsSGw,xxVVWsSGw,xxVVWsSGw,xxVVWsSGw,xxVVWsSGw,xxVVWsSGw,xxVVWsSGw,xxVVWsSGw,xxVVWsSGw,xxVVWsSGw,xxVVWsSGw,xxVVWsSGw,xxVVWsSGw,xxVVWsSGw,xxVVWsSGw,xxVVWsSGw
xxVVWsSGw,xxVVWsSGw,xxVVWsSGw,xxVVWsSGw,xxVVWsSGw,xxVVWsSGw,xxVVWsSGw,xxVVWsSGw,xxVVWsSGw,xxVVWsSGw,xxVVWsSGw,xxVVWsSGw,xxVVWsSGw,xxVVWsSGw,xxVVWsSGw,xxVVWsSGw,xxVVWsSGw,xxVVWsSGw,xxVVWsSGw
xxVVWsSGw
xxVVWsSGw
xxVVWsSGw,xxVVWsSGw,xxVVWsSGw,xxVVWsSGw,xxVVWsSGw,xxVVWsSGw,xxVVWsSGw,xxVVWsSGw,xxVVWsSGw,xxVVWsSGw,xxVVWsSGw,xxVVWsSGw,xxVVWsSGw,xxVVWsSGw,xxVVWsSGw,xxVVWsSGw,xxVVWsSGw,xxVVWsSGw,xxVVWsSGw
xxVVWsSGw
xxVVWsSGw
xxVVWsSGw
xxVVWsSGw
xxVVWsSGw,xxVVWsSGw,xxVVWsSGw,xxVVWsSGw,xxVVWsSGw,xxVVWsSGw,xxVVWsSGw,xxVVWsSGw,xxVVWsSGw,xxVVWsSGw,xxVVWsSGw,xxVVWsSGw,xxVVWsSGw,xxVVWsSGw,xxVVWsSGw,xxVVWsSGw,xxVVWsSGw,xxVVWsSGw
xxVVWsSGw,xxVVWsSGw,xxVVWsSGw,xxVVWsSGw,xxVVWsSGw,xxVVWsSGw,xxVVWsSGw,xxVVWsSGw,xxVVWsSGw,xxVVWsSGw,xxVVWsSGw,xxVVWsSGw,xxVVWsSGw,xxVVWsSGw,xxVVWsSGw,xxVVWsSGw,xxVVWsSGw,xxVVWsSGw
xxVVWsSGw,xxVVWsSGw,xxVVWsSGw,xxVVWsSGw,xxVVWsSGw,xxVVWsSGw,xxVVWsSGw,xxVVWsSGw,xxVVWsSGw,xxVVWsSGw,xxVVWsSGw,xxVVWsSGw,xxVVWsSGw,xxVVWsSGw,xxVVWsSGw,xxVVWsSGw,xxVVWsSGw,xxVVWsSGw
xxVVWsSGw
xxVVWsSGw
xxVVWsSGw
xxVVWsSGw
xxVVWsSGw,xxVVWsSGw,xxVVWsSGw,xxVVWsSGw,xxVVWsSGw,xxVVWsSGw,xxVVWsSGw,xxVVWsSGw,xxVVWsSGw,xxVVWsSGw,xxVVWsSGw,xxVVWsSGw,xxVVWsSGw,xxVVWsSGw,xxVVWsSGw,xxVVWsSGw,xxVVWsSGw
xxVVWsSGw,xxVVWsSGw,xxVVWsSGw,xxVVWsSGw,xxVVWsSGw,xxVVWsSGw,xxVVWsSGw,xxVVWsSGw,xxVVWsSGw,xxVVWsSGw,xxVVWsSGw,xxVVWsSGw,xxVVWsSGw,xxVVWsSGw,xxVVWsSGw,xxVVWsSGw,xxVVWsSGw,xxVVWsSGw,xxVVWsSGw,xxVVWsSGw
Jedi Wagner, assuma o comando!