Toque! Toque, Dijê!
EaLc
EaLc
EaLc,EaLc,DJaLXbVPr,EaLc,EaLc
EaLc,EaLc,DJaLXbVPr,EaLc,EaLc
EaLc,EaLc,DJaLXbVPr,EaLc,EaLc
EaLc
EaLc
EaLc
DJaLXbVPr
DJaLXbVPr
DJaLXbVPr
EaLc,EaLc,DJaLXbVPr,EaLc,DJaLXbVPr
DJaLXbVPr
EaLc,EaLc,DJaLXbVPr,EaLc,DJaLXbVPr
EaLc,EaLc,EaLc,DJaLXbVPr
EaLc,EaLc,DJaLXbVPr
DJaLXbVPr
EaLc,EaLc,DJaLXbVPr
DJaLXbVPr
EaLc,DJaLXbVPr
EaLc,DJaLXbVPr
DJaLXbVPr
DJaLXbVPr
EaLc
Toque! Toque, Dijê!
Toque! Toque, Dijê!
EaLc,DJaLXbVPr
EaLc,EaLc,EaLc,DJaLXbVPr
DJaLXbVPr
DJaLXbVPr
EaLc,EaLc,EaLc,DJaLXbVPr
EaLc,EaLc,EaLc,DJaLXbVPr
EaLc
EaLc
EaLc,EaLc,EaLc,DJaLXbVPr,EaLc
EaLc
DJaLXbVPr,EaLc,EaLc,EaLc,EaLc,DJaLXbVPr
DJaLXbVPr
DJaLXbVPr
EaLc,DJaLXbVPr,EaLc,EaLc,EaLc,DJaLXbVPr,DJaLXbVPr,EaLc
EaLc
EaLc,DJaLXbVPr,EaLc,EaLc,EaLc,DJaLXbVPr,DJaLXbVPr,EaLc,DJaLXbVPr
EaLc
EaLc
EaLc
EaLc,EaLc,EaLc,EaLc,DJaLXbVPr,DJaLXbVPr,EaLc,DJaLXbVPr,DJaLXbVPr,DJaLXbVPr
DJaLXbVPr
DJaLXbVPr,EaLc,EaLc,EaLc,EaLc,DJaLXbVPr,EaLc,DJaLXbVPr,DJaLXbVPr,DJaLXbVPr
DJaLXbVPr,EaLc,EaLc,EaLc,EaLc,DJaLXbVPr,EaLc,DJaLXbVPr,DJaLXbVPr,DJaLXbVPr
DJaLXbVPr,EaLc,EaLc,EaLc,EaLc,DJaLXbVPr,EaLc,DJaLXbVPr,DJaLXbVPr,DJaLXbVPr,DJaLXbVPr,EaLc
EaLc,DJaLXbVPr,EaLc,EaLc,EaLc,DJaLXbVPr,EaLc,DJaLXbVPr,DJaLXbVPr,DJaLXbVPr,DJaLXbVPr,EaLc
DJaLXbVPr
DJaLXbVPr
DJaLXbVPr,EaLc,EaLc,EaLc,DJaLXbVPr,EaLc,DJaLXbVPr,DJaLXbVPr,DJaLXbVPr,DJaLXbVPr,EaLc,DJaLXbVPr,EaLc
EaLc
DJaLXbVPr,DJaLXbVPr,EaLc,DJaLXbVPr,DJaLXbVPr,DJaLXbVPr,DJaLXbVPr,EaLc,EaLc,DJaLXbVPr
DJaLXbVPr,DJaLXbVPr,DJaLXbVPr,DJaLXbVPr,DJaLXbVPr,EaLc,DJaLXbVPr,EaLc,EaLc,DJaLXbVPr
EaLc
DJaLXbVPr,DJaLXbVPr,DJaLXbVPr,DJaLXbVPr,EaLc,DJaLXbVPr,EaLc,EaLc,DJaLXbVPr,EaLc
EaLc
EaLc
DJaLXbVPr
DJaLXbVPr
DJaLXbVPr,DJaLXbVPr,DJaLXbVPr,DJaLXbVPr,EaLc,EaLc,DJaLXbVPr,EaLc,EaLc
DJaLXbVPr,DJaLXbVPr,DJaLXbVPr,EaLc,DJaLXbVPr,EaLc,DJaLXbVPr,EaLc,EaLc
DJaLXbVPr,DJaLXbVPr,DJaLXbVPr,EaLc,DJaLXbVPr,EaLc,DJaLXbVPr,EaLc,EaLc
DJaLXbVPr,DJaLXbVPr,DJaLXbVPr,EaLc,DJaLXbVPr,EaLc,DJaLXbVPr,EaLc,EaLc
DJaLXbVPr,DJaLXbVPr,DJaLXbVPr,DJaLXbVPr,EaLc,EaLc,DJaLXbVPr,EaLc,EaLc,EaLc
EaLc
DJaLXbVPr,DJaLXbVPr,DJaLXbVPr,DJaLXbVPr,EaLc,EaLc,DJaLXbVPr,EaLc,EaLc,EaLc
DJaLXbVPr,DJaLXbVPr,DJaLXbVPr,EaLc,EaLc,DJaLXbVPr,DJaLXbVPr,EaLc,EaLc,EaLc
DJaLXbVPr
DJaLXbVPr,DJaLXbVPr,EaLc,EaLc,DJaLXbVPr,DJaLXbVPr,DJaLXbVPr,EaLc,EaLc,EaLc
DJaLXbVPr
DJaLXbVPr,DJaLXbVPr,EaLc,EaLc,DJaLXbVPr,DJaLXbVPr,DJaLXbVPr,EaLc,EaLc,EaLc,DJaLXbVPr
DJaLXbVPr
DJaLXbVPr,EaLc,EaLc,DJaLXbVPr,DJaLXbVPr,DJaLXbVPr,EaLc,EaLc,EaLc,DJaLXbVPr,EaLc,EaLc
DJaLXbVPr,EaLc,EaLc,DJaLXbVPr,DJaLXbVPr,DJaLXbVPr,EaLc,EaLc,EaLc,DJaLXbVPr,EaLc,EaLc
EaLc,EaLc,DJaLXbVPr,DJaLXbVPr,DJaLXbVPr,DJaLXbVPr,EaLc,EaLc,EaLc,DJaLXbVPr,EaLc,EaLc
DJaLXbVPr
EaLc,EaLc,DJaLXbVPr,DJaLXbVPr,DJaLXbVPr,DJaLXbVPr,EaLc,EaLc,EaLc,DJaLXbVPr,EaLc,EaLc
DJaLXbVPr,EaLc,EaLc,DJaLXbVPr,DJaLXbVPr,DJaLXbVPr,EaLc,EaLc,EaLc,DJaLXbVPr,EaLc
DJaLXbVPr,DJaLXbVPr,EaLc,DJaLXbVPr,DJaLXbVPr,EaLc,EaLc,DJaLXbVPr,EaLc,DJaLXbVPr
DJaLXbVPr,DJaLXbVPr,EaLc,DJaLXbVPr,DJaLXbVPr,EaLc,EaLc,DJaLXbVPr,EaLc,DJaLXbVPr
DJaLXbVPr,DJaLXbVPr,EaLc,DJaLXbVPr,DJaLXbVPr,EaLc,EaLc,DJaLXbVPr,EaLc,DJaLXbVPr
DJaLXbVPr,DJaLXbVPr,EaLc,DJaLXbVPr,DJaLXbVPr,EaLc,EaLc,DJaLXbVPr,EaLc,DJaLXbVPr
DJaLXbVPr,DJaLXbVPr,EaLc,DJaLXbVPr,DJaLXbVPr,EaLc,EaLc,DJaLXbVPr,EaLc,DJaLXbVPr,DJaLXbVPr
EaLc
EaLc
EaLc
DJaLXbVPr,DJaLXbVPr,EaLc,DJaLXbVPr,DJaLXbVPr,EaLc,EaLc,DJaLXbVPr,EaLc,DJaLXbVPr,DJaLXbVPr
EaLc
DJaLXbVPr,DJaLXbVPr,EaLc,DJaLXbVPr,DJaLXbVPr,EaLc,EaLc,DJaLXbVPr,EaLc,DJaLXbVPr,EaLc
DJaLXbVPr,DJaLXbVPr,EaLc,DJaLXbVPr,DJaLXbVPr,EaLc,EaLc,DJaLXbVPr,EaLc,DJaLXbVPr,EaLc
DJaLXbVPr
DJaLXbVPr
DJaLXbVPr,DJaLXbVPr,EaLc,DJaLXbVPr,DJaLXbVPr,EaLc,EaLc,DJaLXbVPr,EaLc,DJaLXbVPr,EaLc
DJaLXbVPr
DJaLXbVPr,DJaLXbVPr,EaLc,DJaLXbVPr,DJaLXbVPr,EaLc,EaLc,DJaLXbVPr,EaLc,DJaLXbVPr,EaLc
DJaLXbVPr
EaLc
DJaLXbVPr,DJaLXbVPr,DJaLXbVPr,DJaLXbVPr,EaLc,EaLc,DJaLXbVPr,EaLc,DJaLXbVPr,EaLc
DJaLXbVPr,DJaLXbVPr,DJaLXbVPr,DJaLXbVPr,EaLc,EaLc,DJaLXbVPr,EaLc,DJaLXbVPr,EaLc
DJaLXbVPr,DJaLXbVPr,DJaLXbVPr,DJaLXbVPr,EaLc,EaLc,DJaLXbVPr,EaLc,DJaLXbVPr,EaLc
DJaLXbVPr
DJaLXbVPr
DJaLXbVPr
DJaLXbVPr,DJaLXbVPr,EaLc,DJaLXbVPr,DJaLXbVPr,EaLc,EaLc,DJaLXbVPr,EaLc,DJaLXbVPr,EaLc
DJaLXbVPr
EaLc
DJaLXbVPr
DJaLXbVPr
DJaLXbVPr
EaLc
EaLc
EaLc
DJaLXbVPr,EaLc,DJaLXbVPr,DJaLXbVPr,EaLc,EaLc,DJaLXbVPr,DJaLXbVPr,EaLc,DJaLXbVPr,EaLc,DJaLXbVPr
DJaLXbVPr,EaLc,DJaLXbVPr,DJaLXbVPr,EaLc,EaLc,DJaLXbVPr,DJaLXbVPr,EaLc,DJaLXbVPr,EaLc,DJaLXbVPr
DJaLXbVPr,DJaLXbVPr,DJaLXbVPr,DJaLXbVPr,EaLc,EaLc,EaLc,DJaLXbVPr,EaLc,DJaLXbVPr,EaLc,EaLc
DJaLXbVPr
DJaLXbVPr,DJaLXbVPr,DJaLXbVPr,EaLc,EaLc,DJaLXbVPr,EaLc,DJaLXbVPr,EaLc,EaLc,DJaLXbVPr
EaLc
EaLc
DJaLXbVPr,DJaLXbVPr,EaLc,DJaLXbVPr,EaLc,EaLc,DJaLXbVPr,EaLc,EaLc,DJaLXbVPr,EaLc,EaLc,EaLc
DJaLXbVPr,DJaLXbVPr,EaLc,DJaLXbVPr,EaLc,EaLc,DJaLXbVPr,EaLc,EaLc,DJaLXbVPr,EaLc,EaLc,EaLc,DJaLXbVPr
DJaLXbVPr,DJaLXbVPr,EaLc,DJaLXbVPr,EaLc,EaLc,DJaLXbVPr,EaLc,EaLc,DJaLXbVPr,EaLc,EaLc,EaLc,DJaLXbVPr
DJaLXbVPr,EaLc,DJaLXbVPr,EaLc,EaLc,DJaLXbVPr,EaLc,EaLc,DJaLXbVPr,EaLc,EaLc,EaLc,DJaLXbVPr,EaLc
DJaLXbVPr,DJaLXbVPr,EaLc,EaLc,DJaLXbVPr,EaLc,EaLc,DJaLXbVPr,EaLc,EaLc,EaLc,DJaLXbVPr,EaLc
EaLc
DJaLXbVPr,DJaLXbVPr,DJaLXbVPr,DJaLXbVPr,EaLc,EaLc,DJaLXbVPr,EaLc,EaLc,DJaLXbVPr,EaLc,EaLc
DJaLXbVPr,DJaLXbVPr,DJaLXbVPr,DJaLXbVPr,EaLc,EaLc,DJaLXbVPr,EaLc,EaLc,DJaLXbVPr,EaLc,EaLc
DJaLXbVPr,DJaLXbVPr,DJaLXbVPr,DJaLXbVPr,EaLc,EaLc,DJaLXbVPr,EaLc,EaLc
DJaLXbVPr,DJaLXbVPr,DJaLXbVPr,EaLc,DJaLXbVPr,EaLc,DJaLXbVPr,EaLc,EaLc
DJaLXbVPr,DJaLXbVPr,DJaLXbVPr,DJaLXbVPr,EaLc,EaLc,DJaLXbVPr,EaLc,EaLc
EaLc
DJaLXbVPr,DJaLXbVPr,DJaLXbVPr,DJaLXbVPr,EaLc,EaLc,DJaLXbVPr,EaLc,EaLc,EaLc,DJaLXbVPr
DJaLXbVPr,DJaLXbVPr,DJaLXbVPr,DJaLXbVPr,EaLc,EaLc,DJaLXbVPr,EaLc,EaLc,EaLc,DJaLXbVPr,DJaLXbVPr
Jedi Wagner, assuma o comando!