Toque! Toque, Dijê!
Toque! Toque, Dijê!
WhNcsCYXf
WhNcsCYXf
[vazia]
[vazia]
[vazia]
[vazia]
Toque! Toque, Dijê!
ieClPnpk
ieClPnpk
ieClPnpk
Toque! Toque, Dijê!
Toque! Toque, Dijê!
ieClPnpk,WhNcsCYXf
ieClPnpk,WhNcsCYXf,WhNcsCYXf
ieClPnpk,WhNcsCYXf,WhNcsCYXf
ieClPnpk
WhNcsCYXf,ieClPnpk
WhNcsCYXf
WhNcsCYXf
WhNcsCYXf
ieClPnpk
h
h
ieClPnpk,h
ieClPnpk,h
ieClPnpk,h
h
ieClPnpk,ieClPnpk,WhNcsCYXf
ieClPnpk,ieClPnpk
ieClPnpk
ieClPnpk,ieClPnpk
ieClPnpk,ieClPnpk
ieClPnpk
ieClPnpk,ieClPnpk
ieClPnpk
ieClPnpk,ieClPnpk
ieClPnpk
ieClPnpk
ieClPnpk,ieClPnpk
ieClPnpk
ieClPnpk
ieClPnpk
ieClPnpk
ieClPnpk
ieClPnpk,ieClPnpk,ieClPnpk,ieClPnpk,WhNcsCYXf
ieClPnpk
h
h
ieClPnpk
ieClPnpk
ieClPnpk
ieClPnpk
ieClPnpk
WhNcsCYXf
ieClPnpk
ieClPnpk,ieClPnpk,ieClPnpk,ieClPnpk
ieClPnpk
ieClPnpk,ieClPnpk,ieClPnpk,ieClPnpk,ieClPnpk
ieClPnpk
ieClPnpk,ieClPnpk,ieClPnpk,ieClPnpk,ieClPnpk,ieClPnpk
ieClPnpk
ieClPnpk,ieClPnpk,ieClPnpk,ieClPnpk
ieClPnpk,ieClPnpk,ieClPnpk,ieClPnpk
ieClPnpk,ieClPnpk,ieClPnpk,ieClPnpk
ieClPnpk
ieClPnpk,ieClPnpk,ieClPnpk,ieClPnpk,ieClPnpk,ieClPnpk
ieClPnpk
ieClPnpk
ieClPnpk
ieClPnpk,ieClPnpk,ieClPnpk,ieClPnpk,ieClPnpk,ieClPnpk,WhNcsCYXf,ieClPnpk,WhNcsCYXf
ieClPnpk
ieClPnpk
ieClPnpk
ieClPnpk,ieClPnpk,ieClPnpk,ieClPnpk,ieClPnpk,ieClPnpk,ieClPnpk,WhNcsCYXf
ieClPnpk,ieClPnpk,ieClPnpk,ieClPnpk,ieClPnpk,h
ieClPnpk,ieClPnpk,ieClPnpk,ieClPnpk,ieClPnpk
ieClPnpk,ieClPnpk,ieClPnpk,ieClPnpk,ieClPnpk
ieClPnpk
ieClPnpk,ieClPnpk,ieClPnpk,ieClPnpk,ieClPnpk
ieClPnpk,ieClPnpk,ieClPnpk,ieClPnpk,ieClPnpk
ieClPnpk
ieClPnpk
ieClPnpk
ieClPnpk,ieClPnpk,ieClPnpk,ieClPnpk,ieClPnpk,h
ieClPnpk,ieClPnpk,ieClPnpk,ieClPnpk,ieClPnpk,h
ieClPnpk
ieClPnpk,ieClPnpk,ieClPnpk,ieClPnpk,ieClPnpk,h
ieClPnpk,ieClPnpk,ieClPnpk,ieClPnpk,ieClPnpk,h
ieClPnpk,ieClPnpk,ieClPnpk,ieClPnpk,ieClPnpk,h
ieClPnpk,ieClPnpk,ieClPnpk,ieClPnpk,ieClPnpk,h,h,ieClPnpk
ieClPnpk,ieClPnpk,ieClPnpk,ieClPnpk,ieClPnpk,ieClPnpk
ieClPnpk,ieClPnpk,ieClPnpk,ieClPnpk,ieClPnpk,ieClPnpk,h,h
h
ieClPnpk,ieClPnpk,h,ieClPnpk,ieClPnpk,ieClPnpk,h,h
h
h
ieClPnpk,ieClPnpk,h,ieClPnpk,ieClPnpk,ieClPnpk,h,h
ieClPnpk,ieClPnpk,h,ieClPnpk,ieClPnpk,ieClPnpk,h,h
h
ieClPnpk,ieClPnpk,ieClPnpk,ieClPnpk,ieClPnpk,h,ieClPnpk
ieClPnpk,ieClPnpk,ieClPnpk,ieClPnpk,ieClPnpk,h
ieClPnpk,ieClPnpk,ieClPnpk,h,ieClPnpk,ieClPnpk
ieClPnpk,ieClPnpk,h,ieClPnpk,ieClPnpk,ieClPnpk
h
ieClPnpk,ieClPnpk,ieClPnpk,ieClPnpk,ieClPnpk
ieClPnpk,ieClPnpk,ieClPnpk,ieClPnpk,h,h
ieClPnpk
ieClPnpk
ieClPnpk,ieClPnpk,ieClPnpk,ieClPnpk,h,h
ieClPnpk,ieClPnpk,ieClPnpk,ieClPnpk,h,h
ieClPnpk,ieClPnpk,ieClPnpk,ieClPnpk,h,h
ieClPnpk
ieClPnpk,ieClPnpk,ieClPnpk,ieClPnpk,h,h,h
ieClPnpk,ieClPnpk,ieClPnpk,ieClPnpk,h,h,h
ieClPnpk,ieClPnpk,ieClPnpk,ieClPnpk,h,h
ieClPnpk
ieClPnpk,ieClPnpk,ieClPnpk,ieClPnpk,h,h,h
ieClPnpk,ieClPnpk,ieClPnpk,ieClPnpk,h,h,h,ieClPnpk
ieClPnpk,ieClPnpk,ieClPnpk,ieClPnpk,h,h,h,ieClPnpk
ieClPnpk
ieClPnpk
ieClPnpk,ieClPnpk,h,ieClPnpk,h,h,ieClPnpk,WhNcsCYXf
ieClPnpk,ieClPnpk,h,ieClPnpk,h,h,ieClPnpk,WhNcsCYXf
ieClPnpk,ieClPnpk,h,ieClPnpk,h,h,ieClPnpk,WhNcsCYXf
ieClPnpk,ieClPnpk,h,ieClPnpk,h,h,ieClPnpk,WhNcsCYXf
ieClPnpk
ieClPnpk,ieClPnpk,h,ieClPnpk,h,h,ieClPnpk,WhNcsCYXf,WhNcsCYXf,h
h
h
ieClPnpk,ieClPnpk,h,ieClPnpk,h,h,ieClPnpk,WhNcsCYXf,WhNcsCYXf,WhNcsCYXf
ieClPnpk
ieClPnpk
ieClPnpk,ieClPnpk,h,ieClPnpk,h,h,ieClPnpk,WhNcsCYXf
ieClPnpk,ieClPnpk,h,ieClPnpk,h,h,ieClPnpk,WhNcsCYXf
ieClPnpk
ieClPnpk
ieClPnpk
ieClPnpk
h,ieClPnpk,ieClPnpk,h,h,ieClPnpk
h
h
h,ieClPnpk,h,ieClPnpk,WhNcsCYXf
h,ieClPnpk,h,ieClPnpk,WhNcsCYXf,h
h,ieClPnpk,h,ieClPnpk,WhNcsCYXf,h
h,ieClPnpk,h,ieClPnpk,WhNcsCYXf,h
ieClPnpk
ieClPnpk
ieClPnpk
ieClPnpk
ieClPnpk,h,ieClPnpk,h
ieClPnpk,h,ieClPnpk,h
ieClPnpk
ieClPnpk
ieClPnpk
ieClPnpk
ieClPnpk
h,ieClPnpk,ieClPnpk,h,ieClPnpk,ieClPnpk
h,ieClPnpk,ieClPnpk,h,ieClPnpk
h,ieClPnpk,ieClPnpk,h,ieClPnpk
h,ieClPnpk,ieClPnpk,h,ieClPnpk,h
ieClPnpk
ieClPnpk
ieClPnpk
h,ieClPnpk,ieClPnpk,h,ieClPnpk,ieClPnpk
ieClPnpk,ieClPnpk,h,h,ieClPnpk,ieClPnpk
ieClPnpk
Jedi Wagner, assuma o comando!