[vazia]
vkgXZh
vkgXZh
bbdnZ
vkgXZh,bbdnZ,Dr
Dr
Dr
vkgXZh,bbdnZ,Dr,Dr,ZcBI,ZcBI
vkgXZh,bbdnZ,Dr,Dr,ZcBI,ZcBI,xVbOQwaY
Dr
Dr
bbdnZ,Dr,Dr,ZcBI,ZcBI,ZcBI,xVbOQwaY
Dr
vkgXZh,Dr,Dr,ZcBI,ZcBI,ZcBI,QsxZAZX
ZcBI
vkgXZh,Dr,Dr,ZcBI,ZcBI,ZcBI,QsxZAZX
ZcBI
ZcBI
ZcBI
vkgXZh,Dr,Dr,ZcBI,ZcBI,ZcBI,QsxZAZX,dymCR
vkgXZh,Dr,Dr,ZcBI,ZcBI,ZcBI,QsxZAZX
vkgXZh,Dr,Dr,ZcBI,ZcBI,ZcBI,QsxZAZX
vkgXZh,Dr,Dr,ZcBI,ZcBI,ZcBI,QsxZAZX
ZcBI
ZcBI
vkgXZh,Dr,Dr,ZcBI,ZcBI,ZcBI,QsxZAZX
vkgXZh,Dr,Dr,ZcBI,ZcBI,ZcBI,QsxZAZX
ZcBI
vkgXZh,Dr,Dr,ZcBI,ZcBI,ZcBI,QsxZAZX
ZcBI
ZcBI
ZcBI
vkgXZh,Dr,Dr,ZcBI,ZcBI,ZcBI,QsxZAZX,ZcBI
vkgXZh,Dr,Dr,ZcBI,ZcBI,ZcBI,QsxZAZX,ZcBI
ZcBI
ZcBI
ZcBI
ZcBI
vkgXZh,Dr,Dr,ZcBI,ZcBI,ZcBI,ZcBI,vkgXZh,vkgXZh,bbdnZ
vkgXZh,Dr,Dr,ZcBI,ZcBI,ZcBI,ZcBI,vkgXZh,vkgXZh,bbdnZ
vkgXZh,Dr,Dr,ZcBI,ZcBI,ZcBI,ZcBI,vkgXZh,vkgXZh,bbdnZ
ZcBI
ZcBI
ZcBI
ZcBI
ZcBI
ZcBI
vkgXZh,Dr,Dr,ZcBI,ZcBI,ZcBI,QsxZAZX,ZcBI,xVbOQwaY,vkgXZh,vkgXZh
QsxZAZX
Dr,Dr,ZcBI,ZcBI,ZcBI,QsxZAZX,ZcBI,xVbOQwaY,vkgXZh,vkgXZh
Dr,Dr,ZcBI,ZcBI,ZcBI,ZcBI,QsxZAZX,xVbOQwaY,vkgXZh,vkgXZh,QsxZAZX
Dr,Dr,ZcBI,ZcBI,ZcBI,ZcBI,QsxZAZX,xVbOQwaY,vkgXZh,vkgXZh,QsxZAZX,dymCR
Dr,Dr,ZcBI,ZcBI,ZcBI,ZcBI,QsxZAZX,xVbOQwaY,vkgXZh,vkgXZh,QsxZAZX
Dr,Dr,ZcBI,ZcBI,ZcBI,ZcBI,QsxZAZX,xVbOQwaY,vkgXZh,vkgXZh,QsxZAZX
xVbOQwaY
Dr,Dr,ZcBI,ZcBI,ZcBI,ZcBI,QsxZAZX,xVbOQwaY,vkgXZh,vkgXZh,vkgXZh,bbdnZ
xVbOQwaY
vkgXZh
Jedi Wagner, assuma o comando!