Toque! Toque, Dijê!
Toque! Toque, Dijê!
Toque! Toque, Dijê!
Toque! Toque, Dijê!
[vazia]
USwitNBcPZ
USwitNBcPZ
USwitNBcPZ
USwitNBcPZ
USwitNBcPZ,gPJkmt,USwitNBcPZ,USwitNBcPZ,gPJkmt,tfDoCaiv
USwitNBcPZ,gPJkmt,USwitNBcPZ,USwitNBcPZ,gPJkmt,tfDoCaiv,tfDoCaiv
gPJkmt
gPJkmt,USwitNBcPZ,tfDoCaiv,USwitNBcPZ,USwitNBcPZ,gPJkmt,gPJkmt
USwitNBcPZ
USwitNBcPZ,USwitNBcPZ,gPJkmt,USwitNBcPZ
USwitNBcPZ,USwitNBcPZ,gPJkmt,USwitNBcPZ
USwitNBcPZ
USwitNBcPZ
USwitNBcPZ,USwitNBcPZ,gPJkmt,USwitNBcPZ,tfDoCaiv
USwitNBcPZ,USwitNBcPZ,USwitNBcPZ,tfDoCaiv
USwitNBcPZ,USwitNBcPZ,USwitNBcPZ,tfDoCaiv
USwitNBcPZ,tfDoCaiv,USwitNBcPZ,gPJkmt,USwitNBcPZ
USwitNBcPZ
USwitNBcPZ,USwitNBcPZ,gPJkmt,USwitNBcPZ,tfDoCaiv
tfDoCaiv
USwitNBcPZ
USwitNBcPZ
USwitNBcPZ
gPJkmt
tfDoCaiv,gPJkmt,USwitNBcPZ,tfDoCaiv,gPJkmt,USwitNBcPZ,USwitNBcPZ
tfDoCaiv,gPJkmt,USwitNBcPZ,tfDoCaiv,gPJkmt,USwitNBcPZ,USwitNBcPZ
gPJkmt
USwitNBcPZ
tfDoCaiv,gPJkmt,USwitNBcPZ,tfDoCaiv,gPJkmt,USwitNBcPZ,USwitNBcPZ,USwitNBcPZ
USwitNBcPZ
tfDoCaiv,USwitNBcPZ,tfDoCaiv,gPJkmt,USwitNBcPZ,USwitNBcPZ
gPJkmt,USwitNBcPZ,gPJkmt,USwitNBcPZ,USwitNBcPZ,gPJkmt,USwitNBcPZ,gPJkmt
USwitNBcPZ
gPJkmt
gPJkmt
gPJkmt
USwitNBcPZ,gPJkmt,USwitNBcPZ,gPJkmt,USwitNBcPZ,gPJkmt,gPJkmt,USwitNBcPZ,tfDoCaiv
gPJkmt
USwitNBcPZ,gPJkmt,tfDoCaiv,USwitNBcPZ,gPJkmt,USwitNBcPZ,gPJkmt,gPJkmt,USwitNBcPZ
USwitNBcPZ,gPJkmt,tfDoCaiv,USwitNBcPZ,gPJkmt,USwitNBcPZ,gPJkmt,gPJkmt,USwitNBcPZ
USwitNBcPZ,gPJkmt,tfDoCaiv,USwitNBcPZ,gPJkmt,USwitNBcPZ,gPJkmt,gPJkmt,USwitNBcPZ
USwitNBcPZ,gPJkmt,tfDoCaiv,USwitNBcPZ,gPJkmt,USwitNBcPZ,gPJkmt,gPJkmt,USwitNBcPZ
gPJkmt
gPJkmt
USwitNBcPZ,gPJkmt,tfDoCaiv,USwitNBcPZ,gPJkmt,USwitNBcPZ,gPJkmt,gPJkmt,USwitNBcPZ
gPJkmt
USwitNBcPZ,gPJkmt,tfDoCaiv,gPJkmt,USwitNBcPZ,gPJkmt,gPJkmt,USwitNBcPZ
USwitNBcPZ
USwitNBcPZ
gPJkmt,USwitNBcPZ,gPJkmt,USwitNBcPZ,USwitNBcPZ,gPJkmt,USwitNBcPZ,gPJkmt,gPJkmt
gPJkmt,USwitNBcPZ,gPJkmt,USwitNBcPZ,USwitNBcPZ,gPJkmt,USwitNBcPZ,gPJkmt,gPJkmt,tfDoCaiv
USwitNBcPZ,gPJkmt,USwitNBcPZ,gPJkmt,USwitNBcPZ,gPJkmt,USwitNBcPZ,gPJkmt,tfDoCaiv
USwitNBcPZ
gPJkmt,gPJkmt,USwitNBcPZ,USwitNBcPZ,gPJkmt,USwitNBcPZ,gPJkmt
USwitNBcPZ
USwitNBcPZ
gPJkmt,gPJkmt,USwitNBcPZ,USwitNBcPZ,gPJkmt,USwitNBcPZ,gPJkmt,gPJkmt
gPJkmt,gPJkmt,USwitNBcPZ,USwitNBcPZ,gPJkmt,USwitNBcPZ,gPJkmt,gPJkmt
gPJkmt,gPJkmt,USwitNBcPZ,USwitNBcPZ,gPJkmt,USwitNBcPZ,gPJkmt,gPJkmt
USwitNBcPZ
USwitNBcPZ
USwitNBcPZ
USwitNBcPZ,gPJkmt,USwitNBcPZ,USwitNBcPZ,gPJkmt,USwitNBcPZ,gPJkmt,gPJkmt
USwitNBcPZ,gPJkmt,USwitNBcPZ,USwitNBcPZ,gPJkmt,USwitNBcPZ,gPJkmt,gPJkmt
gPJkmt,USwitNBcPZ,gPJkmt,USwitNBcPZ,USwitNBcPZ,gPJkmt,USwitNBcPZ,gPJkmt,gPJkmt
USwitNBcPZ
gPJkmt,gPJkmt,USwitNBcPZ,USwitNBcPZ,gPJkmt,USwitNBcPZ,gPJkmt,gPJkmt
gPJkmt,USwitNBcPZ,gPJkmt,USwitNBcPZ,USwitNBcPZ,gPJkmt,USwitNBcPZ,gPJkmt,tfDoCaiv
gPJkmt,USwitNBcPZ,gPJkmt,USwitNBcPZ,USwitNBcPZ,gPJkmt,USwitNBcPZ,gPJkmt
gPJkmt,USwitNBcPZ,gPJkmt,USwitNBcPZ,USwitNBcPZ,gPJkmt,USwitNBcPZ,gPJkmt
gPJkmt,USwitNBcPZ,USwitNBcPZ,gPJkmt,USwitNBcPZ,gPJkmt
USwitNBcPZ
gPJkmt,USwitNBcPZ,USwitNBcPZ,gPJkmt,USwitNBcPZ,gPJkmt
USwitNBcPZ
USwitNBcPZ,USwitNBcPZ,gPJkmt,USwitNBcPZ,gPJkmt
USwitNBcPZ
USwitNBcPZ
USwitNBcPZ,USwitNBcPZ,USwitNBcPZ,gPJkmt,gPJkmt
gPJkmt
gPJkmt
gPJkmt
gPJkmt,USwitNBcPZ,USwitNBcPZ,gPJkmt,gPJkmt,USwitNBcPZ
gPJkmt,USwitNBcPZ,USwitNBcPZ,gPJkmt,gPJkmt,USwitNBcPZ
gPJkmt
gPJkmt,USwitNBcPZ,USwitNBcPZ,gPJkmt,gPJkmt,USwitNBcPZ,gPJkmt,USwitNBcPZ
gPJkmt,USwitNBcPZ,USwitNBcPZ,gPJkmt,gPJkmt,USwitNBcPZ,gPJkmt,USwitNBcPZ
gPJkmt,USwitNBcPZ,USwitNBcPZ,gPJkmt,gPJkmt,USwitNBcPZ,gPJkmt
gPJkmt,USwitNBcPZ,USwitNBcPZ,gPJkmt,gPJkmt,USwitNBcPZ,gPJkmt
gPJkmt,USwitNBcPZ,USwitNBcPZ,gPJkmt,gPJkmt,USwitNBcPZ,gPJkmt
gPJkmt
gPJkmt,USwitNBcPZ,gPJkmt,gPJkmt,USwitNBcPZ,gPJkmt,gPJkmt
gPJkmt,USwitNBcPZ,USwitNBcPZ,gPJkmt,gPJkmt,USwitNBcPZ,gPJkmt
gPJkmt,USwitNBcPZ,USwitNBcPZ,gPJkmt,gPJkmt,USwitNBcPZ,gPJkmt
USwitNBcPZ,USwitNBcPZ,gPJkmt,gPJkmt,USwitNBcPZ,gPJkmt
USwitNBcPZ,USwitNBcPZ,gPJkmt,gPJkmt,USwitNBcPZ,gPJkmt
USwitNBcPZ,USwitNBcPZ,gPJkmt,gPJkmt,USwitNBcPZ,gPJkmt,gPJkmt,USwitNBcPZ
USwitNBcPZ,USwitNBcPZ,gPJkmt,gPJkmt,USwitNBcPZ,gPJkmt,gPJkmt,USwitNBcPZ
USwitNBcPZ,USwitNBcPZ,gPJkmt,gPJkmt,USwitNBcPZ,gPJkmt,gPJkmt,USwitNBcPZ
USwitNBcPZ,USwitNBcPZ,USwitNBcPZ,gPJkmt,gPJkmt,USwitNBcPZ,gPJkmt
USwitNBcPZ
gPJkmt
gPJkmt
USwitNBcPZ
USwitNBcPZ,USwitNBcPZ,gPJkmt,gPJkmt,USwitNBcPZ,USwitNBcPZ,gPJkmt
USwitNBcPZ,USwitNBcPZ,gPJkmt,gPJkmt,USwitNBcPZ,gPJkmt
USwitNBcPZ,USwitNBcPZ,gPJkmt,gPJkmt,USwitNBcPZ,gPJkmt
USwitNBcPZ,USwitNBcPZ,gPJkmt,gPJkmt,USwitNBcPZ,gPJkmt,USwitNBcPZ
gPJkmt
USwitNBcPZ,USwitNBcPZ,USwitNBcPZ,gPJkmt,gPJkmt,tfDoCaiv,USwitNBcPZ,gPJkmt,tfDoCaiv
USwitNBcPZ,USwitNBcPZ,gPJkmt,gPJkmt,tfDoCaiv,USwitNBcPZ,gPJkmt,tfDoCaiv,gPJkmt
gPJkmt
tfDoCaiv
tfDoCaiv
tfDoCaiv
tfDoCaiv
tfDoCaiv
USwitNBcPZ,gPJkmt,tfDoCaiv,USwitNBcPZ,USwitNBcPZ,gPJkmt,tfDoCaiv,gPJkmt,gPJkmt,USwitNBcPZ
USwitNBcPZ
gPJkmt
USwitNBcPZ,USwitNBcPZ,gPJkmt,USwitNBcPZ,gPJkmt,tfDoCaiv,gPJkmt,gPJkmt,USwitNBcPZ,USwitNBcPZ,USwitNBcPZ
tfDoCaiv,USwitNBcPZ,gPJkmt,USwitNBcPZ,gPJkmt,tfDoCaiv,gPJkmt,gPJkmt,USwitNBcPZ
USwitNBcPZ
tfDoCaiv,USwitNBcPZ,gPJkmt,USwitNBcPZ,gPJkmt,tfDoCaiv,gPJkmt,gPJkmt,USwitNBcPZ
USwitNBcPZ,gPJkmt,USwitNBcPZ,USwitNBcPZ,gPJkmt,tfDoCaiv,gPJkmt,gPJkmt,USwitNBcPZ
USwitNBcPZ,gPJkmt,USwitNBcPZ,USwitNBcPZ,gPJkmt,tfDoCaiv,gPJkmt,gPJkmt,USwitNBcPZ
USwitNBcPZ
USwitNBcPZ,gPJkmt,USwitNBcPZ,tfDoCaiv,USwitNBcPZ,gPJkmt,tfDoCaiv,gPJkmt,gPJkmt,USwitNBcPZ
USwitNBcPZ
USwitNBcPZ
USwitNBcPZ,gPJkmt,tfDoCaiv,USwitNBcPZ,USwitNBcPZ,gPJkmt,tfDoCaiv,gPJkmt,gPJkmt,USwitNBcPZ
USwitNBcPZ
USwitNBcPZ
USwitNBcPZ,tfDoCaiv,USwitNBcPZ,USwitNBcPZ,tfDoCaiv,gPJkmt,USwitNBcPZ
USwitNBcPZ
USwitNBcPZ
tfDoCaiv,USwitNBcPZ,USwitNBcPZ,tfDoCaiv,gPJkmt,USwitNBcPZ,USwitNBcPZ
USwitNBcPZ
Jedi Wagner, assuma o comando!