hMSXmfYSe
Toque! Toque, Dijê!
[vazia]
[vazia]
[vazia]
Toque! Toque, Dijê!
Toque! Toque, Dijê!
[vazia]
J,J
J,J
J,J,J
J,J,J
J
J
J,UaQSdSZ
[vazia]
[vazia]
[vazia]
Toque! Toque, Dijê!
Toque! Toque, Dijê!
Toque! Toque, Dijê!
hMSXmfYSe
hMSXmfYSe
hMSXmfYSe
hMSXmfYSe
hMSXmfYSe,J,J
J
J
J,J,J
J
J
J,J,hMSXmfYSe,NydsS
hMSXmfYSe
hMSXmfYSe,J,J,NydsS
hMSXmfYSe
J
J
J,J,NydsS,J,UaQSdSZ
J,UaQSdSZ,J,J
J
J,J,NydsS,J,UaQSdSZ,NydsS,hMSXmfYSe
J,J,NydsS,J,UaQSdSZ
J,J,NydsS,J,UaQSdSZ
J,J,NydsS,J,UaQSdSZ
J,J,NydsS,J,UaQSdSZ
J,J,J,UaQSdSZ,hMSXmfYSe
J
J
J,J,J,UaQSdSZ,hMSXmfYSe,UaQSdSZ
J
UaQSdSZ
J,J,J,UaQSdSZ,UaQSdSZ,hMSXmfYSe
J,J,UaQSdSZ,J,UaQSdSZ
J
J,UaQSdSZ,J,J,UaQSdSZ,hMSXmfYSe
J,UaQSdSZ,J,J,UaQSdSZ
J,UaQSdSZ,J,J,UaQSdSZ
UaQSdSZ
J,UaQSdSZ,J,J,UaQSdSZ,hMSXmfYSe
hMSXmfYSe
UaQSdSZ,J,J,UaQSdSZ,hMSXmfYSe,J,UaQSdSZ
hMSXmfYSe
UaQSdSZ,J,J,UaQSdSZ,hMSXmfYSe,J,UaQSdSZ,UaQSdSZ,J,J,UaQSdSZ
UaQSdSZ,J,J,UaQSdSZ,hMSXmfYSe,J,UaQSdSZ,UaQSdSZ,J,J,UaQSdSZ
UaQSdSZ,J,J,UaQSdSZ,hMSXmfYSe,J,UaQSdSZ,UaQSdSZ,J,J,UaQSdSZ
UaQSdSZ,J,UaQSdSZ,J,hMSXmfYSe,UaQSdSZ,UaQSdSZ,J,J,UaQSdSZ,UaQSdSZ
hMSXmfYSe
UaQSdSZ,hMSXmfYSe,J,UaQSdSZ,UaQSdSZ,UaQSdSZ,J,J,UaQSdSZ,UaQSdSZ,J
J
hMSXmfYSe,J,UaQSdSZ,UaQSdSZ,UaQSdSZ,UaQSdSZ,J,J,UaQSdSZ,UaQSdSZ,J
UaQSdSZ
hMSXmfYSe,J,UaQSdSZ,UaQSdSZ,UaQSdSZ,UaQSdSZ,J,J,UaQSdSZ,UaQSdSZ,J,hMSXmfYSe,hMSXmfYSe,NydsS
hMSXmfYSe,J,UaQSdSZ,UaQSdSZ,UaQSdSZ,UaQSdSZ,J,J,UaQSdSZ,UaQSdSZ,J,hMSXmfYSe,hMSXmfYSe
hMSXmfYSe,UaQSdSZ,J,UaQSdSZ,UaQSdSZ,UaQSdSZ,J,J,UaQSdSZ,UaQSdSZ,J,hMSXmfYSe,hMSXmfYSe
UaQSdSZ
hMSXmfYSe,UaQSdSZ,J,UaQSdSZ,UaQSdSZ,UaQSdSZ,J,J,UaQSdSZ,UaQSdSZ,J,hMSXmfYSe,hMSXmfYSe
hMSXmfYSe,UaQSdSZ,J,UaQSdSZ,UaQSdSZ,UaQSdSZ,J,J,UaQSdSZ,UaQSdSZ,J,hMSXmfYSe,hMSXmfYSe
UaQSdSZ
hMSXmfYSe,UaQSdSZ,J,UaQSdSZ,UaQSdSZ,UaQSdSZ,J,J,UaQSdSZ,UaQSdSZ,J,hMSXmfYSe,hMSXmfYSe
UaQSdSZ
hMSXmfYSe,UaQSdSZ,UaQSdSZ,J,UaQSdSZ,UaQSdSZ,J,J,UaQSdSZ,UaQSdSZ,J,hMSXmfYSe,hMSXmfYSe
J
hMSXmfYSe,UaQSdSZ,J,UaQSdSZ,UaQSdSZ,UaQSdSZ,J,J,UaQSdSZ,UaQSdSZ,J,hMSXmfYSe,hMSXmfYSe
UaQSdSZ
UaQSdSZ
J,UaQSdSZ,NydsS,UaQSdSZ,UaQSdSZ,J,J,UaQSdSZ,UaQSdSZ,J,hMSXmfYSe,hMSXmfYSe,J,UaQSdSZ,NydsS
UaQSdSZ
UaQSdSZ
J,UaQSdSZ,NydsS,UaQSdSZ,UaQSdSZ,J,J,UaQSdSZ,UaQSdSZ,J,hMSXmfYSe,hMSXmfYSe,J,UaQSdSZ,NydsS
J,UaQSdSZ,NydsS,UaQSdSZ,UaQSdSZ,J,J,UaQSdSZ,UaQSdSZ,J,hMSXmfYSe,hMSXmfYSe,J,UaQSdSZ,NydsS
UaQSdSZ
J
UaQSdSZ,NydsS,UaQSdSZ,J,hMSXmfYSe,UaQSdSZ,J,J,UaQSdSZ,UaQSdSZ,J,hMSXmfYSe,J,UaQSdSZ,NydsS,J,NydsS,J
UaQSdSZ,NydsS,UaQSdSZ,J,UaQSdSZ,J,J,UaQSdSZ,UaQSdSZ,J,hMSXmfYSe,hMSXmfYSe,J,UaQSdSZ,NydsS,J,NydsS
J
UaQSdSZ,NydsS,UaQSdSZ,hMSXmfYSe,J,UaQSdSZ,J,J,UaQSdSZ,UaQSdSZ,J,hMSXmfYSe,J,UaQSdSZ,NydsS,J,NydsS
hMSXmfYSe
UaQSdSZ,NydsS,UaQSdSZ,hMSXmfYSe,J,UaQSdSZ,J,J,UaQSdSZ,UaQSdSZ,J,hMSXmfYSe,J,UaQSdSZ,NydsS,J,NydsS
UaQSdSZ,NydsS,UaQSdSZ,hMSXmfYSe,J,UaQSdSZ,J,J,UaQSdSZ,UaQSdSZ,J,hMSXmfYSe,J,UaQSdSZ,NydsS,J,NydsS,J,UaQSdSZ
J
J
J
UaQSdSZ,UaQSdSZ,hMSXmfYSe,J,UaQSdSZ,J,NydsS,J,UaQSdSZ,UaQSdSZ,J,hMSXmfYSe,J,UaQSdSZ,NydsS,J,NydsS,J,UaQSdSZ
UaQSdSZ,UaQSdSZ,hMSXmfYSe,J,UaQSdSZ,J,NydsS,J,UaQSdSZ,UaQSdSZ,J,hMSXmfYSe,J,UaQSdSZ,NydsS,J,NydsS,J,UaQSdSZ
J
UaQSdSZ,hMSXmfYSe,J,UaQSdSZ,J,NydsS,J,UaQSdSZ,UaQSdSZ,J,hMSXmfYSe,J,UaQSdSZ,NydsS,J,NydsS,J,UaQSdSZ,J
J
UaQSdSZ,hMSXmfYSe,J,UaQSdSZ,J,NydsS,J,UaQSdSZ,UaQSdSZ,J,hMSXmfYSe,J,UaQSdSZ,NydsS,J,NydsS,J,UaQSdSZ,J
UaQSdSZ,hMSXmfYSe,J,UaQSdSZ,J,NydsS,J,UaQSdSZ,UaQSdSZ,J,hMSXmfYSe,J,UaQSdSZ,NydsS,J,NydsS,J,UaQSdSZ,J
J
UaQSdSZ,hMSXmfYSe,UaQSdSZ,J,NydsS,J,UaQSdSZ,UaQSdSZ,J,hMSXmfYSe,J,UaQSdSZ,NydsS,J,NydsS,J,UaQSdSZ,J,UaQSdSZ
J
UaQSdSZ,hMSXmfYSe,UaQSdSZ,J,J,NydsS,UaQSdSZ,UaQSdSZ,J,hMSXmfYSe,J,UaQSdSZ,NydsS,J,NydsS,J,UaQSdSZ,J,UaQSdSZ
UaQSdSZ,hMSXmfYSe,UaQSdSZ,J,NydsS,J,UaQSdSZ,UaQSdSZ,J,hMSXmfYSe,J,UaQSdSZ,NydsS,J,NydsS,J,UaQSdSZ,J,UaQSdSZ
UaQSdSZ,hMSXmfYSe,UaQSdSZ,J,NydsS,J,UaQSdSZ,UaQSdSZ,J,hMSXmfYSe,J,UaQSdSZ,NydsS,J,NydsS,J,UaQSdSZ,J,UaQSdSZ
UaQSdSZ,hMSXmfYSe,UaQSdSZ,J,NydsS,J,UaQSdSZ,UaQSdSZ,J,hMSXmfYSe,J,UaQSdSZ,NydsS,J,NydsS,J,UaQSdSZ,J,UaQSdSZ
hMSXmfYSe,UaQSdSZ,J,UaQSdSZ,UaQSdSZ,NydsS,J,hMSXmfYSe,J,UaQSdSZ,NydsS,J,NydsS,J,UaQSdSZ,J,UaQSdSZ,J
hMSXmfYSe,UaQSdSZ,J,UaQSdSZ,UaQSdSZ,NydsS,J,J,hMSXmfYSe,J,UaQSdSZ,NydsS,J,NydsS,J,UaQSdSZ,J,UaQSdSZ
hMSXmfYSe,UaQSdSZ,J,UaQSdSZ,UaQSdSZ,NydsS,J,J,hMSXmfYSe,J,UaQSdSZ,NydsS,J,NydsS,J,UaQSdSZ,J,UaQSdSZ
J
UaQSdSZ,J,UaQSdSZ,UaQSdSZ,NydsS,J,J,hMSXmfYSe,J,UaQSdSZ,NydsS,J,NydsS,J,UaQSdSZ,J,UaQSdSZ,hMSXmfYSe
J
J
J,UaQSdSZ,UaQSdSZ,J,UaQSdSZ,J,J,UaQSdSZ,NydsS,J,NydsS,J,UaQSdSZ,J,UaQSdSZ,hMSXmfYSe,hMSXmfYSe
J
hMSXmfYSe,UaQSdSZ,J,NydsS,J,UaQSdSZ,UaQSdSZ,J,hMSXmfYSe,J,UaQSdSZ,NydsS,J,NydsS,J,UaQSdSZ,J,UaQSdSZ,UaQSdSZ
UaQSdSZ
UaQSdSZ
NydsS,UaQSdSZ,J,UaQSdSZ,UaQSdSZ,hMSXmfYSe,J,UaQSdSZ,NydsS,J,NydsS,J,UaQSdSZ,J,UaQSdSZ,UaQSdSZ,J,hMSXmfYSe
NydsS
NydsS
J
NydsS
NydsS
J
J
UaQSdSZ
UaQSdSZ
UaQSdSZ
J,UaQSdSZ,hMSXmfYSe,NydsS,hMSXmfYSe,J,UaQSdSZ,NydsS,J,NydsS,J,UaQSdSZ,J,UaQSdSZ,UaQSdSZ,UaQSdSZ,J,hMSXmfYSe,hMSXmfYSe,hMSXmfYSe,NydsS,J
hMSXmfYSe
J
J
UaQSdSZ,hMSXmfYSe,J,hMSXmfYSe,J,UaQSdSZ,NydsS,J,NydsS,J,UaQSdSZ,J,UaQSdSZ,UaQSdSZ,UaQSdSZ,J,hMSXmfYSe,hMSXmfYSe,hMSXmfYSe,NydsS,J,NydsS
UaQSdSZ,hMSXmfYSe,hMSXmfYSe,J,UaQSdSZ,NydsS,J,NydsS,J,UaQSdSZ,J,UaQSdSZ,UaQSdSZ,UaQSdSZ,J,hMSXmfYSe,hMSXmfYSe,hMSXmfYSe,NydsS,J,NydsS,NydsS
hMSXmfYSe
hMSXmfYSe,UaQSdSZ,J,J,UaQSdSZ,J,UaQSdSZ,UaQSdSZ,UaQSdSZ,J,hMSXmfYSe,hMSXmfYSe,hMSXmfYSe,NydsS,J,NydsS,NydsS,NydsS
J
J
J
J
J
J
J
J
hMSXmfYSe
hMSXmfYSe
J,UaQSdSZ,hMSXmfYSe,NydsS,hMSXmfYSe,J,UaQSdSZ,NydsS,J,NydsS,J,UaQSdSZ,J,UaQSdSZ,UaQSdSZ,UaQSdSZ,J,hMSXmfYSe,hMSXmfYSe,hMSXmfYSe,NydsS,J
UaQSdSZ
hMSXmfYSe
hMSXmfYSe
J,UaQSdSZ,hMSXmfYSe,NydsS,hMSXmfYSe,J,UaQSdSZ,NydsS,J,NydsS,J,UaQSdSZ,J,UaQSdSZ,UaQSdSZ,UaQSdSZ,J,hMSXmfYSe,hMSXmfYSe,hMSXmfYSe,NydsS,J,UaQSdSZ
J,UaQSdSZ,hMSXmfYSe,NydsS,hMSXmfYSe,J,UaQSdSZ,NydsS,J,NydsS,J,UaQSdSZ,J,UaQSdSZ,UaQSdSZ,UaQSdSZ,J,hMSXmfYSe,hMSXmfYSe,hMSXmfYSe,NydsS,J,UaQSdSZ
J,UaQSdSZ,hMSXmfYSe,NydsS,hMSXmfYSe,J,UaQSdSZ,NydsS,J,NydsS,J,UaQSdSZ,J,UaQSdSZ,UaQSdSZ,UaQSdSZ,J,hMSXmfYSe,hMSXmfYSe,hMSXmfYSe,NydsS,J,UaQSdSZ
UaQSdSZ,J,hMSXmfYSe,NydsS,hMSXmfYSe,J,UaQSdSZ,NydsS,J,NydsS,J,UaQSdSZ,J,UaQSdSZ,UaQSdSZ,UaQSdSZ,J,hMSXmfYSe,hMSXmfYSe,hMSXmfYSe,NydsS,J,UaQSdSZ,J
hMSXmfYSe
hMSXmfYSe
UaQSdSZ,hMSXmfYSe,J,UaQSdSZ,NydsS,J,NydsS,J,UaQSdSZ,J,UaQSdSZ,UaQSdSZ,UaQSdSZ,J,hMSXmfYSe,hMSXmfYSe,hMSXmfYSe,NydsS,J,UaQSdSZ,J
hMSXmfYSe
UaQSdSZ,hMSXmfYSe,J,UaQSdSZ,NydsS,J,NydsS,J,UaQSdSZ,J,UaQSdSZ,UaQSdSZ,UaQSdSZ,J,hMSXmfYSe,hMSXmfYSe,hMSXmfYSe,NydsS,J,UaQSdSZ,J,UaQSdSZ
hMSXmfYSe
UaQSdSZ,hMSXmfYSe,J,UaQSdSZ,NydsS,J,NydsS,J,UaQSdSZ,J,UaQSdSZ,UaQSdSZ,UaQSdSZ,J,hMSXmfYSe,hMSXmfYSe,hMSXmfYSe,NydsS,J,UaQSdSZ,J,UaQSdSZ
hMSXmfYSe,J,UaQSdSZ,NydsS,J,NydsS,J,UaQSdSZ,J,UaQSdSZ,UaQSdSZ,UaQSdSZ,J,hMSXmfYSe,hMSXmfYSe,hMSXmfYSe,NydsS,J,UaQSdSZ,J,UaQSdSZ
hMSXmfYSe,J,UaQSdSZ,NydsS,J,NydsS,J,UaQSdSZ,J,UaQSdSZ,UaQSdSZ,UaQSdSZ,J,hMSXmfYSe,hMSXmfYSe,hMSXmfYSe,NydsS,J,UaQSdSZ,J,UaQSdSZ
J
J,UaQSdSZ,NydsS,J,NydsS,J,UaQSdSZ,J,UaQSdSZ,UaQSdSZ,UaQSdSZ,J,hMSXmfYSe,hMSXmfYSe,hMSXmfYSe,NydsS,J,UaQSdSZ,J,UaQSdSZ,NydsS,NydsS,UaQSdSZ
J,UaQSdSZ,NydsS,J,NydsS,J,UaQSdSZ,J,UaQSdSZ,UaQSdSZ,UaQSdSZ,J,hMSXmfYSe,hMSXmfYSe,hMSXmfYSe,NydsS,J,UaQSdSZ,J,UaQSdSZ,NydsS,NydsS,UaQSdSZ
J
UaQSdSZ
Jedi Wagner, assuma o comando!