Toque! Toque, Dijê!
[vazia]
FnuHQfDIN,FnuHQfDIN
VgkFW
VgkFW
VgkFW
[vazia]
Toque! Toque, Dijê!
[vazia]
Toque! Toque, Dijê!
Toque! Toque, Dijê!
[vazia]
[vazia]
[vazia]
[vazia]
Toque! Toque, Dijê!
Toque! Toque, Dijê!
Toque! Toque, Dijê!
[vazia]
[vazia]
[vazia]
FnuHQfDIN
FnuHQfDIN
FnuHQfDIN,VgkFW,FnuHQfDIN,VgkFW
FnuHQfDIN,VgkFW,FnuHQfDIN,VgkFW
VgkFW
FnuHQfDIN,FnuHQfDIN,VgkFW,VgkFW
FnuHQfDIN,VgkFW,FnuHQfDIN,VgkFW
FnuHQfDIN,VgkFW,FnuHQfDIN,VgkFW
VgkFW
VgkFW,FnuHQfDIN,FnuHQfDIN,VgkFW
VgkFW,FnuHQfDIN,FnuHQfDIN,VgkFW
FnuHQfDIN
FnuHQfDIN
VgkFW
VgkFW
VgkFW
VgkFW
FnuHQfDIN
FnuHQfDIN,VgkFW,VgkFW,VgkFW,FnuHQfDIN
FnuHQfDIN
VgkFW
VgkFW,FnuHQfDIN,FnuHQfDIN,VgkFW
VgkFW
FnuHQfDIN
FnuHQfDIN
VgkFW,FnuHQfDIN,FnuHQfDIN,VgkFW
FnuHQfDIN,VgkFW,FnuHQfDIN,VgkFW,VgkFW,VgkFW
VgkFW,FnuHQfDIN,FnuHQfDIN,VgkFW,VgkFW,VgkFW
FnuHQfDIN
FnuHQfDIN,FnuHQfDIN,VgkFW,VgkFW,FnuHQfDIN,FnuHQfDIN,VgkFW
FnuHQfDIN,FnuHQfDIN,VgkFW,VgkFW,FnuHQfDIN,FnuHQfDIN,VgkFW
FnuHQfDIN
FnuHQfDIN
VgkFW,VgkFW,FnuHQfDIN,FnuHQfDIN,VgkFW
VgkFW
FnuHQfDIN,VgkFW,VgkFW,VgkFW
FnuHQfDIN,VgkFW,VgkFW,VgkFW,VgkFW
VgkFW
VgkFW
VgkFW
VgkFW
VgkFW
FnuHQfDIN,FnuHQfDIN,VgkFW,VgkFW,FnuHQfDIN,FnuHQfDIN,FnuHQfDIN
FnuHQfDIN
FnuHQfDIN
FnuHQfDIN,VgkFW,FnuHQfDIN,VgkFW,VgkFW,FnuHQfDIN,FnuHQfDIN,FnuHQfDIN,FnuHQfDIN
FnuHQfDIN
FnuHQfDIN
FnuHQfDIN
FnuHQfDIN,VgkFW,FnuHQfDIN,FnuHQfDIN,FnuHQfDIN,FnuHQfDIN,FnuHQfDIN
VgkFW,FnuHQfDIN,VgkFW,VgkFW
FnuHQfDIN,VgkFW,FnuHQfDIN,VgkFW,VgkFW
FnuHQfDIN,VgkFW,FnuHQfDIN,VgkFW,VgkFW
FnuHQfDIN,VgkFW,FnuHQfDIN,VgkFW,VgkFW
VgkFW,FnuHQfDIN,FnuHQfDIN,VgkFW,VgkFW
FnuHQfDIN,FnuHQfDIN,VgkFW,VgkFW,VgkFW,VgkFW
FnuHQfDIN,FnuHQfDIN,VgkFW,VgkFW,VgkFW,VgkFW
VgkFW
VgkFW
FnuHQfDIN,FnuHQfDIN,VgkFW,VgkFW,VgkFW
FnuHQfDIN,FnuHQfDIN,VgkFW
FnuHQfDIN,FnuHQfDIN,VgkFW
FnuHQfDIN
FnuHQfDIN
FnuHQfDIN
FnuHQfDIN
FnuHQfDIN
FnuHQfDIN
FnuHQfDIN
[vazia]
FnuHQfDIN
FnuHQfDIN
FnuHQfDIN
FnuHQfDIN
FnuHQfDIN
FnuHQfDIN
FnuHQfDIN,FnuHQfDIN
FnuHQfDIN
FnuHQfDIN
FnuHQfDIN,FnuHQfDIN,FnuHQfDIN
FnuHQfDIN
Jedi Wagner, assuma o comando!