[vazia]
Toque! Toque, Dijê!
Toque! Toque, Dijê!
Toque! Toque, Dijê!
Toque! Toque, Dijê!
Toque! Toque, Dijê!
Toque! Toque, Dijê!
Toque! Toque, Dijê!
Toque! Toque, Dijê!
Ibub
Ibub,aBPMap
Ibub,aBPMap,aBPMap
Ibub,aBPMap,Ibub
Ibub
Ibub
Ibub,Ibub
Ibub,aBPMap,Ibub,Ibub,aBPMap,Ibub
aBPMap,Ibub,Ibub,Ibub,aBPMap,Ibub
Ibub
Ibub,aBPMap,Ibub,Ibub,aBPMap,Ibub,aBPMap,aBPMap
Ibub
Ibub
Ibub,aBPMap,Ibub,Ibub,aBPMap,Ibub,aBPMap,aBPMap,aBPMap,Ibub
Ibub,Ibub,aBPMap,Ibub,aBPMap,Ibub,aBPMap,aBPMap,aBPMap,Ibub
Ibub
aBPMap,Ibub,Ibub,Ibub,aBPMap,Ibub,aBPMap,aBPMap
aBPMap,Ibub,Ibub,Ibub,aBPMap,Ibub,aBPMap,aBPMap
Ibub
Ibub,aBPMap,Ibub,Ibub,aBPMap,aBPMap
Ibub
Ibub,Ibub,Ibub,aBPMap,Ibub,aBPMap,aBPMap
Ibub
Ibub,aBPMap,Ibub,Ibub,aBPMap,Ibub,aBPMap,aBPMap
Ibub,aBPMap,Ibub,Ibub,aBPMap,Ibub,aBPMap,aBPMap,Ibub,Ibub
Ibub
Ibub,aBPMap,Ibub,Ibub,aBPMap,Ibub,aBPMap,aBPMap
aBPMap
aBPMap
aBPMap
aBPMap
Ibub,aBPMap,Ibub,Ibub,aBPMap,Ibub,aBPMap,aBPMap
Ibub,aBPMap,Ibub,Ibub,aBPMap,Ibub,aBPMap,aBPMap,aBPMap
Ibub,Ibub,aBPMap,Ibub,aBPMap,aBPMap,aBPMap,aBPMap
aBPMap
aBPMap
Ibub,Ibub,Ibub,aBPMap,aBPMap,aBPMap,aBPMap,aBPMap,Ibub,aBPMap,Ibub
Ibub,Ibub,Ibub,aBPMap,aBPMap,aBPMap,aBPMap,aBPMap,Ibub,aBPMap,Ibub
aBPMap
aBPMap
aBPMap
Ibub,aBPMap,aBPMap,Ibub,aBPMap,Ibub,aBPMap,Ibub,aBPMap,aBPMap,Ibub,Ibub
Ibub,Ibub,aBPMap,aBPMap,aBPMap,aBPMap,aBPMap,Ibub,aBPMap,Ibub
Ibub,Ibub,aBPMap,aBPMap,aBPMap,aBPMap,aBPMap,Ibub,aBPMap,Ibub
Ibub,Ibub,aBPMap,aBPMap,aBPMap,aBPMap,Ibub,aBPMap,Ibub,aBPMap,Ibub
Ibub
Ibub,aBPMap,aBPMap,aBPMap,aBPMap,Ibub,Ibub,aBPMap,Ibub,aBPMap,Ibub
Ibub
Ibub,Ibub,Ibub,aBPMap,aBPMap,aBPMap,aBPMap,aBPMap,Ibub,aBPMap,Ibub
aBPMap
Ibub,aBPMap,aBPMap,aBPMap,Ibub,aBPMap,aBPMap,Ibub,aBPMap,Ibub
Ibub
Ibub,aBPMap,aBPMap,aBPMap,aBPMap,aBPMap,Ibub,aBPMap,Ibub,aBPMap
Ibub
Ibub
Ibub,Ibub,aBPMap,aBPMap,aBPMap,aBPMap,aBPMap,Ibub,aBPMap,Ibub,aBPMap
Ibub,Ibub,aBPMap,aBPMap,aBPMap,aBPMap,aBPMap,Ibub,aBPMap,Ibub,aBPMap
Ibub
Ibub,Ibub,aBPMap,aBPMap,aBPMap,aBPMap,aBPMap,Ibub,aBPMap,Ibub,aBPMap,Ibub
Ibub,Ibub,aBPMap,aBPMap,aBPMap,aBPMap,aBPMap,Ibub,aBPMap,Ibub,aBPMap,Ibub
Ibub,aBPMap,aBPMap,aBPMap,Ibub,Ibub,aBPMap,aBPMap,Ibub
aBPMap
aBPMap
aBPMap,aBPMap,aBPMap,Ibub,Ibub,Ibub
aBPMap,aBPMap,aBPMap,Ibub,Ibub,Ibub
aBPMap,aBPMap,aBPMap,Ibub,Ibub,Ibub,Ibub
aBPMap
aBPMap,aBPMap,aBPMap,Ibub,Ibub,Ibub,Ibub
aBPMap,aBPMap,Ibub,Ibub,Ibub,Ibub
Ibub
aBPMap,aBPMap,Ibub,Ibub,Ibub,aBPMap,Ibub
Ibub,Ibub,aBPMap,Ibub,Ibub
Ibub
Ibub
aBPMap,aBPMap,Ibub,Ibub,Ibub,aBPMap,Ibub
aBPMap,aBPMap,Ibub,Ibub,Ibub,aBPMap,Ibub,aBPMap
aBPMap,aBPMap,Ibub,Ibub,Ibub,aBPMap,Ibub,aBPMap,aBPMap,Ibub
Ibub
aBPMap,aBPMap,Ibub,Ibub,Ibub,aBPMap,Ibub,aBPMap,aBPMap,Ibub,Ibub
Ibub
aBPMap,Ibub,Ibub,Ibub,aBPMap,aBPMap,Ibub
aBPMap,Ibub,Ibub,Ibub,aBPMap,aBPMap,Ibub,aBPMap
aBPMap
aBPMap,Ibub,Ibub,aBPMap,aBPMap,Ibub,aBPMap,Ibub,Ibub
Ibub,Ibub,Ibub,aBPMap,aBPMap,aBPMap,Ibub,aBPMap,Ibub,Ibub
Ibub,Ibub,Ibub,aBPMap,aBPMap,aBPMap,Ibub,aBPMap,Ibub,Ibub,aBPMap
aBPMap
aBPMap,Ibub,Ibub,Ibub,aBPMap,aBPMap,Ibub,aBPMap,Ibub,Ibub
aBPMap,Ibub,Ibub,Ibub,aBPMap,aBPMap,Ibub,aBPMap,Ibub,Ibub
aBPMap
Ibub
Ibub,Ibub,Ibub,Ibub,aBPMap,Ibub,Ibub,aBPMap,Ibub
Ibub,Ibub,aBPMap,Ibub,aBPMap,Ibub,Ibub,aBPMap,Ibub
Ibub,Ibub,aBPMap,Ibub,aBPMap,Ibub,Ibub,aBPMap,Ibub
aBPMap
Ibub,Ibub,Ibub,aBPMap,aBPMap,Ibub,Ibub,aBPMap,Ibub,aBPMap
Ibub
Ibub
Ibub,aBPMap,aBPMap,Ibub,Ibub,Ibub,Ibub,aBPMap,Ibub,aBPMap,Ibub,Ibub
Ibub,Ibub,Ibub,Ibub,Ibub,aBPMap,Ibub,aBPMap,Ibub,Ibub,aBPMap,aBPMap
aBPMap
aBPMap
Ibub
aBPMap
Ibub,Ibub,aBPMap,Ibub,Ibub,Ibub,Ibub,Ibub,Ibub,aBPMap,aBPMap,Ibub,Ibub,Ibub,Ibub
Ibub,Ibub,aBPMap,Ibub,Ibub,Ibub,Ibub,Ibub,Ibub,aBPMap,aBPMap,Ibub,Ibub,Ibub,Ibub,Ibub
Ibub
Ibub,Ibub,Ibub,aBPMap,Ibub,Ibub,Ibub,Ibub,Ibub,aBPMap,aBPMap,Ibub,Ibub,Ibub,Ibub,Ibub
Ibub,Ibub,Ibub,Ibub,Ibub,Ibub,Ibub,Ibub,aBPMap,aBPMap,Ibub,Ibub,Ibub,Ibub,Ibub,Ibub
Ibub
Ibub
Ibub,Ibub,Ibub,Ibub,Ibub,Ibub,Ibub,aBPMap,aBPMap,Ibub,Ibub,Ibub,Ibub,Ibub,aBPMap
Ibub,Ibub,Ibub,Ibub,Ibub,Ibub,Ibub,aBPMap,aBPMap,Ibub,Ibub,Ibub,Ibub,Ibub,aBPMap
Ibub
Ibub,Ibub,Ibub,Ibub,Ibub,Ibub,Ibub,aBPMap,aBPMap,Ibub,Ibub,Ibub,Ibub,Ibub,aBPMap,aBPMap,Ibub
Ibub
Ibub,Ibub,Ibub,Ibub,Ibub,Ibub,Ibub,aBPMap,aBPMap,Ibub,Ibub,Ibub,Ibub,Ibub,aBPMap,aBPMap,Ibub
Ibub,Ibub,Ibub,Ibub,Ibub,Ibub,Ibub,Ibub,Ibub,Ibub,Ibub,Ibub,aBPMap,aBPMap,Ibub,Ibub
Ibub,Ibub,Ibub,Ibub,Ibub,Ibub,Ibub,Ibub,Ibub,Ibub,Ibub,Ibub,aBPMap,aBPMap,Ibub,Ibub
Ibub,Ibub,Ibub,Ibub,Ibub,Ibub,Ibub,Ibub,Ibub,Ibub,Ibub,Ibub,aBPMap,aBPMap,Ibub,Ibub,Ibub
Ibub
Ibub,Ibub,Ibub,Ibub,Ibub,Ibub,Ibub,Ibub,Ibub,Ibub,Ibub,aBPMap,aBPMap,Ibub,Ibub,Ibub,Ibub,Ibub,aBPMap,Ibub
Ibub,Ibub,Ibub,Ibub,Ibub,Ibub,Ibub,Ibub,Ibub,Ibub,Ibub,aBPMap,aBPMap,Ibub,Ibub,Ibub,Ibub,Ibub,aBPMap,Ibub
Ibub
Ibub,Ibub,Ibub,Ibub,Ibub,Ibub,Ibub,Ibub,Ibub,Ibub,aBPMap,Ibub,Ibub,Ibub,Ibub,Ibub,aBPMap,Ibub,aBPMap
Ibub
Ibub
Ibub,Ibub,Ibub,Ibub,Ibub,Ibub,Ibub,Ibub,Ibub,Ibub,Ibub,aBPMap,aBPMap,Ibub,Ibub,Ibub,Ibub,Ibub,aBPMap,Ibub
Ibub
Ibub
Ibub
Ibub,Ibub,Ibub,Ibub,Ibub,Ibub,Ibub,Ibub,Ibub,aBPMap,Ibub,Ibub,Ibub,Ibub,Ibub,aBPMap,Ibub
Ibub,Ibub,Ibub,Ibub,Ibub,Ibub,Ibub,Ibub,Ibub,aBPMap,Ibub,Ibub,Ibub,Ibub,Ibub,aBPMap,Ibub
Ibub
Ibub,Ibub,Ibub,Ibub,Ibub,Ibub,Ibub,Ibub,Ibub,aBPMap,Ibub,Ibub,Ibub,Ibub,Ibub,aBPMap,Ibub
Ibub
Ibub,Ibub,Ibub,Ibub,Ibub,Ibub,Ibub,Ibub,Ibub,Ibub,Ibub,Ibub,Ibub,Ibub,Ibub,Ibub,aBPMap,Ibub,Ibub,aBPMap
Ibub,Ibub,Ibub,Ibub,Ibub,Ibub,Ibub,Ibub,Ibub,Ibub,Ibub,Ibub,Ibub,Ibub,Ibub,Ibub,aBPMap,Ibub,Ibub,aBPMap
Ibub,Ibub,Ibub,Ibub,Ibub,Ibub,Ibub,Ibub,Ibub,Ibub,Ibub,Ibub,Ibub,Ibub,Ibub,Ibub,aBPMap,Ibub,Ibub
aBPMap
Ibub,Ibub,Ibub,Ibub,Ibub,Ibub,Ibub,Ibub,Ibub,Ibub,Ibub,aBPMap,Ibub,Ibub,Ibub,Ibub,Ibub,Ibub,Ibub
Ibub,Ibub,Ibub,Ibub,Ibub,Ibub,Ibub,Ibub,Ibub,Ibub,aBPMap,Ibub,Ibub,Ibub,Ibub,Ibub,Ibub,Ibub,Ibub
Ibub,Ibub,Ibub,Ibub,Ibub,Ibub,Ibub,Ibub,Ibub,Ibub,aBPMap,Ibub,Ibub,Ibub,Ibub,Ibub,Ibub,Ibub,Ibub,Ibub,aBPMap,Ibub
Ibub,Ibub,Ibub,Ibub,Ibub,Ibub,Ibub,Ibub,Ibub,Ibub,aBPMap,Ibub,Ibub,Ibub,Ibub,Ibub,Ibub,Ibub,Ibub,Ibub,aBPMap,Ibub
Ibub,Ibub,Ibub,Ibub,Ibub,Ibub,Ibub,Ibub,Ibub,Ibub,aBPMap,Ibub,Ibub,Ibub,Ibub,Ibub,Ibub,Ibub,Ibub,Ibub,aBPMap,Ibub
aBPMap
Jedi Wagner, assuma o comando!