Toque! Toque, Dijê!
[vazia]
[vazia]
[vazia]
Toque! Toque, Dijê!
Toque! Toque, Dijê!
tTddaq,MtFocVf
tTddaq
tTddaq
tTddaq,MtFocVf,tTddaq
tTddaq,MtFocVf,tTddaq
MtFocVf
MtFocVf,MtFocVf,tTddaq
MtFocVf
MtFocVf,tTddaq,MtFocVf
Toque! Toque, Dijê!
tTddaq,tTddaq
tTddaq
MtFocVf,tTddaq,tTddaq
MtFocVf
MtFocVf,tTddaq,tTddaq
MtFocVf,tTddaq,tTddaq
MtFocVf
[vazia]
MtFocVf
MtFocVf
MtFocVf
tTddaq
tTddaq
tTddaq
tTddaq
tTddaq
tTddaq
tTddaq,tTddaq
Toque! Toque, Dijê!
MtFocVf,tTddaq
tTddaq
MtFocVf
MtFocVf,MtFocVf
MtFocVf
[vazia]
MtFocVf
tTddaq
tTddaq
tTddaq
tTddaq
tTddaq,tTddaq
tTddaq
tTddaq,tTddaq
tTddaq,tTddaq
tTddaq
tTddaq
tTddaq,tTddaq,tTddaq
tTddaq
tTddaq
tTddaq
tTddaq,tTddaq,tTddaq,tTddaq
tTddaq
tTddaq,tTddaq,tTddaq,tTddaq
tTddaq,tTddaq,tTddaq,tTddaq
tTddaq
tTddaq,tTddaq,tTddaq,tTddaq
tTddaq
MtFocVf
MtFocVf
tTddaq,tTddaq,tTddaq,MtFocVf,tTddaq
MtFocVf
tTddaq,tTddaq,MtFocVf,tTddaq,tTddaq,tTddaq
MtFocVf
MtFocVf
MtFocVf
MtFocVf
tTddaq,tTddaq,tTddaq,MtFocVf,tTddaq,MtFocVf
MtFocVf
tTddaq,tTddaq,tTddaq,MtFocVf,tTddaq,MtFocVf,tTddaq
MtFocVf
tTddaq,tTddaq,MtFocVf,tTddaq,tTddaq,MtFocVf,tTddaq
tTddaq,tTddaq,tTddaq,tTddaq,MtFocVf,tTddaq
tTddaq,tTddaq,tTddaq,MtFocVf,tTddaq
MtFocVf
tTddaq,tTddaq,tTddaq,MtFocVf,tTddaq
MtFocVf
tTddaq,tTddaq,tTddaq,MtFocVf,tTddaq
tTddaq,tTddaq,tTddaq,MtFocVf,tTddaq,tTddaq
tTddaq,tTddaq,tTddaq,MtFocVf,tTddaq,tTddaq,tTddaq,MtFocVf
tTddaq
tTddaq
tTddaq
tTddaq,tTddaq,tTddaq,tTddaq,tTddaq,tTddaq
tTddaq
tTddaq
tTddaq
tTddaq,tTddaq,tTddaq,tTddaq,tTddaq,tTddaq,MtFocVf
tTddaq,MtFocVf,tTddaq,tTddaq,tTddaq,tTddaq,tTddaq
MtFocVf
MtFocVf
tTddaq
tTddaq
tTddaq,tTddaq,tTddaq,tTddaq,tTddaq
tTddaq,MtFocVf,tTddaq,tTddaq,tTddaq,tTddaq,tTddaq
tTddaq
tTddaq
MtFocVf,tTddaq,tTddaq,tTddaq,tTddaq,tTddaq,tTddaq
tTddaq,tTddaq,tTddaq,tTddaq,tTddaq,tTddaq
MtFocVf
tTddaq
Jedi Wagner, assuma o comando!