[vazia]
bToolR,bToolR
bToolR,bToolR
bToolR,bToolR
bToolR,bToolR
bToolR
bToolR
bToolR,bToolR,xBW,xBW
bToolR
bToolR
xBW,xBW,bToolR
xBW,bToolR,bToolR
bToolR,xBW,bToolR
xBW
bToolR,bToolR,xBW
bToolR
bToolR
bToolR
bToolR
bToolR
xBW,bToolR,xBW,bToolR
xBW,bToolR,xBW,bToolR
bToolR
bToolR,xBW,bToolR
bToolR,bToolR,xBW,bToolR
bToolR,bToolR,xBW,bToolR
bToolR,bToolR,xBW,bToolR,bToolR,xBW
bToolR,bToolR,xBW,bToolR,bToolR,xBW
bToolR
bToolR
bToolR
bToolR
bToolR
bToolR
bToolR,xBW,bToolR,bToolR,bToolR,bToolR,xBW,xBW,xBW
bToolR,xBW,bToolR,bToolR,bToolR,bToolR,xBW,xBW,xBW
xBW
xBW
bToolR
bToolR,xBW,bToolR,bToolR,bToolR,bToolR,xBW,xBW,xBW,bToolR
bToolR
bToolR
bToolR
bToolR
bToolR
bToolR,xBW,bToolR,bToolR,bToolR,bToolR,xBW,xBW,xBW
bToolR
bToolR,xBW,bToolR,bToolR,bToolR,bToolR,xBW,xBW,xBW
bToolR
bToolR,xBW,bToolR,bToolR,bToolR,bToolR,xBW,xBW
xBW
bToolR
bToolR
xBW,bToolR,bToolR,bToolR,bToolR,xBW,xBW,xBW
xBW,bToolR,bToolR,bToolR,bToolR,xBW,xBW,xBW,bToolR
bToolR
xBW
bToolR,bToolR,xBW,bToolR,bToolR,xBW,xBW,bToolR,bToolR
bToolR
xBW
bToolR,bToolR,bToolR,bToolR,xBW,xBW,bToolR,bToolR,bToolR
bToolR,bToolR,bToolR,bToolR,xBW,xBW,bToolR,bToolR,bToolR
bToolR,bToolR,xBW,xBW,bToolR,bToolR,bToolR,bToolR,bToolR
bToolR
bToolR
bToolR,bToolR,xBW,xBW,bToolR,bToolR,bToolR,bToolR,bToolR,xBW,bToolR
bToolR
bToolR,bToolR,xBW,xBW,bToolR,bToolR,bToolR,bToolR,bToolR,xBW,bToolR,xBW
bToolR,bToolR,xBW,xBW,bToolR,bToolR,bToolR,bToolR,bToolR,xBW,bToolR,xBW
bToolR
bToolR,xBW,xBW,bToolR,bToolR,bToolR,bToolR,bToolR,xBW,bToolR,xBW,bToolR,bToolR,bToolR,bToolR
bToolR
bToolR
bToolR
bToolR,bToolR,bToolR,bToolR,xBW,bToolR,xBW,bToolR,xBW,xBW,xBW
bToolR,bToolR,bToolR,bToolR,bToolR,xBW,bToolR,xBW,xBW,xBW
bToolR
xBW,bToolR,bToolR,bToolR,bToolR,bToolR,xBW,bToolR,xBW,xBW,xBW
bToolR
bToolR,bToolR,bToolR,bToolR,xBW,xBW,bToolR,xBW,xBW,xBW,xBW
bToolR,bToolR,bToolR,bToolR,xBW,xBW,bToolR,xBW,xBW,xBW,xBW
bToolR
bToolR,bToolR,bToolR,xBW,bToolR,xBW,xBW,xBW,bToolR
bToolR
bToolR
xBW,bToolR,xBW,xBW,xBW,bToolR,bToolR,bToolR,bToolR
bToolR
bToolR,xBW,xBW,xBW,xBW,bToolR,bToolR,bToolR,bToolR
bToolR
bToolR,xBW,xBW,xBW,xBW,bToolR,bToolR,bToolR,bToolR
xBW
xBW
bToolR,xBW,xBW,xBW,xBW,bToolR,bToolR,bToolR,bToolR,bToolR,bToolR,xBW
bToolR,xBW,xBW,xBW,xBW,bToolR,bToolR,bToolR,bToolR,bToolR,bToolR,xBW
bToolR
xBW,bToolR,xBW,xBW,xBW,bToolR,bToolR,bToolR,bToolR,bToolR
xBW,bToolR,xBW,xBW,xBW,bToolR,bToolR,bToolR,bToolR,bToolR
bToolR
xBW,xBW,xBW,xBW,bToolR,bToolR,bToolR,bToolR,bToolR
xBW,xBW,xBW,xBW,bToolR,bToolR,bToolR,bToolR,bToolR
bToolR
xBW,xBW,xBW,xBW,bToolR,bToolR,bToolR,bToolR
xBW,xBW,xBW,xBW,bToolR,bToolR,bToolR,bToolR
bToolR
bToolR
xBW,xBW,xBW,xBW,bToolR,bToolR,bToolR,bToolR,xBW,bToolR
bToolR
xBW,xBW,bToolR,bToolR,xBW,bToolR,bToolR,xBW,bToolR
xBW,bToolR,bToolR,xBW,bToolR,bToolR,xBW,bToolR
xBW,xBW,bToolR,bToolR,bToolR,xBW,bToolR,bToolR
bToolR
bToolR
bToolR
xBW,bToolR,bToolR,xBW,bToolR,xBW,bToolR,bToolR,bToolR
bToolR,bToolR,xBW,xBW,bToolR,xBW,bToolR,bToolR
bToolR,bToolR,xBW,xBW,bToolR,xBW,bToolR,bToolR
bToolR,bToolR,xBW,bToolR,xBW,bToolR,bToolR,bToolR
xBW
xBW
xBW,bToolR,xBW,bToolR,bToolR,bToolR,xBW,bToolR
xBW
bToolR,xBW,xBW,bToolR,xBW,bToolR,bToolR
xBW
xBW
xBW,bToolR,bToolR,xBW,bToolR,xBW,bToolR,bToolR
bToolR,bToolR,xBW,xBW,bToolR,xBW,bToolR,bToolR,bToolR,bToolR,xBW
xBW
xBW
xBW,bToolR,bToolR,xBW,bToolR,xBW,bToolR,bToolR
xBW,bToolR,bToolR,xBW,bToolR,xBW,bToolR,bToolR
bToolR
bToolR,xBW,bToolR,xBW,xBW,bToolR,bToolR,bToolR
bToolR,bToolR,xBW,bToolR,xBW,bToolR,bToolR,xBW
bToolR
bToolR,bToolR,xBW,bToolR,bToolR,bToolR,xBW
bToolR
xBW,bToolR,bToolR,bToolR,bToolR,bToolR,bToolR,xBW
xBW
xBW
xBW
xBW
xBW,bToolR,bToolR,bToolR,bToolR,bToolR,bToolR
xBW,bToolR,bToolR,bToolR,bToolR,bToolR,bToolR
Jedi Wagner, assuma o comando!