Toque! Toque, Dijê!
cDk
Toque! Toque, Dijê!
FJwPfyuyW
MZQ
MZQ
MZQ,FJwPfyuyW,kxPsniAHO,JGcEaoropO
MZQ,FJwPfyuyW,kxPsniAHO,JGcEaoropO
MZQ,FJwPfyuyW,kxPsniAHO,JGcEaoropO
MZQ,FJwPfyuyW,kxPsniAHO,JGcEaoropO
FJwPfyuyW
MZQ,FJwPfyuyW,kxPsniAHO,JGcEaoropO
FJwPfyuyW
MZQ,FJwPfyuyW,JGcEaoropO
FJwPfyuyW,MZQ,JGcEaoropO
MZQ
JGcEaoropO
JGcEaoropO
MZQ,JGcEaoropO,FJwPfyuyW
FJwPfyuyW
MZQ,JGcEaoropO,FJwPfyuyW
MZQ
JGcEaoropO
FJwPfyuyW
FJwPfyuyW
FJwPfyuyW,IQPIazpU,MZQ,JGcEaoropO,kxPsniAHO
MZQ
MZQ
MZQ
FJwPfyuyW,MZQ,IQPIazpU,FJwPfyuyW,JGcEaoropO
FJwPfyuyW
FJwPfyuyW
JGcEaoropO,FJwPfyuyW,MZQ,IQPIazpU,FJwPfyuyW,JGcEaoropO,MZQ
JGcEaoropO,FJwPfyuyW,MZQ,IQPIazpU,FJwPfyuyW,JGcEaoropO,MZQ,JGcEaoropO,MZQ
JGcEaoropO,FJwPfyuyW,MZQ,FJwPfyuyW,JGcEaoropO,MZQ,JGcEaoropO,MZQ
FJwPfyuyW
JGcEaoropO,FJwPfyuyW,MZQ,FJwPfyuyW,JGcEaoropO,MZQ,JGcEaoropO,MZQ
JGcEaoropO,FJwPfyuyW,MZQ,IQPIazpU,FJwPfyuyW,JGcEaoropO
FJwPfyuyW
JGcEaoropO
JGcEaoropO,FJwPfyuyW,MZQ,FJwPfyuyW,JGcEaoropO
JGcEaoropO,FJwPfyuyW,MZQ,FJwPfyuyW,JGcEaoropO
JGcEaoropO,FJwPfyuyW,MZQ,FJwPfyuyW,JGcEaoropO
JGcEaoropO,FJwPfyuyW,MZQ,FJwPfyuyW,JGcEaoropO
FJwPfyuyW
JGcEaoropO,FJwPfyuyW,MZQ,FJwPfyuyW,JGcEaoropO,FJwPfyuyW
JGcEaoropO,FJwPfyuyW,FJwPfyuyW,JGcEaoropO,FJwPfyuyW,kxPsniAHO,MZQ
JGcEaoropO,FJwPfyuyW,FJwPfyuyW,MZQ,JGcEaoropO,FJwPfyuyW,cDk,FJwPfyuyW,JGcEaoropO,w
FJwPfyuyW
JGcEaoropO,FJwPfyuyW,MZQ,FJwPfyuyW,JGcEaoropO,FJwPfyuyW
JGcEaoropO,FJwPfyuyW,MZQ,FJwPfyuyW,JGcEaoropO,FJwPfyuyW,kxPsniAHO
JGcEaoropO,FJwPfyuyW,MZQ,FJwPfyuyW,JGcEaoropO,FJwPfyuyW,kxPsniAHO
JGcEaoropO,FJwPfyuyW,MZQ,FJwPfyuyW,JGcEaoropO,FJwPfyuyW,kxPsniAHO
JGcEaoropO,FJwPfyuyW,MZQ,FJwPfyuyW,JGcEaoropO,FJwPfyuyW,kxPsniAHO
FJwPfyuyW
FJwPfyuyW
JGcEaoropO,FJwPfyuyW,MZQ,FJwPfyuyW,JGcEaoropO,FJwPfyuyW,JGcEaoropO,FJwPfyuyW
JGcEaoropO
FJwPfyuyW,MZQ,FJwPfyuyW,JGcEaoropO,FJwPfyuyW,JGcEaoropO,FJwPfyuyW
JGcEaoropO
FJwPfyuyW,MZQ,FJwPfyuyW,JGcEaoropO,FJwPfyuyW,JGcEaoropO,FJwPfyuyW,nlNPDA,w,w,w
JGcEaoropO,FJwPfyuyW,MZQ,FJwPfyuyW,JGcEaoropO,FJwPfyuyW,JGcEaoropO,FJwPfyuyW
JGcEaoropO,FJwPfyuyW,MZQ,FJwPfyuyW,JGcEaoropO,FJwPfyuyW,JGcEaoropO,FJwPfyuyW
JGcEaoropO
JGcEaoropO
JGcEaoropO
JGcEaoropO
w
w
w
w
JGcEaoropO,FJwPfyuyW,FJwPfyuyW,JGcEaoropO,FJwPfyuyW,JGcEaoropO,MZQ,FJwPfyuyW,w,nlNPDA,JGcEaoropO,w,FJwPfyuyW
JGcEaoropO,FJwPfyuyW,FJwPfyuyW,JGcEaoropO,FJwPfyuyW,JGcEaoropO,MZQ,FJwPfyuyW,w,nlNPDA,JGcEaoropO,w,FJwPfyuyW,FJwPfyuyW
w
JGcEaoropO
FJwPfyuyW,FJwPfyuyW,JGcEaoropO,MZQ,FJwPfyuyW,w,JGcEaoropO,FJwPfyuyW,nlNPDA,JGcEaoropO,w,FJwPfyuyW,FJwPfyuyW,FJwPfyuyW
FJwPfyuyW
FJwPfyuyW,FJwPfyuyW,JGcEaoropO,MZQ,FJwPfyuyW,w,JGcEaoropO,FJwPfyuyW,nlNPDA,JGcEaoropO,w,FJwPfyuyW,FJwPfyuyW,FJwPfyuyW
w
JGcEaoropO,FJwPfyuyW,FJwPfyuyW,JGcEaoropO,FJwPfyuyW,JGcEaoropO,MZQ,FJwPfyuyW,nlNPDA,JGcEaoropO,w,FJwPfyuyW
nlNPDA
nlNPDA
nlNPDA
JGcEaoropO,FJwPfyuyW,FJwPfyuyW,JGcEaoropO,FJwPfyuyW,JGcEaoropO,MZQ,FJwPfyuyW,nlNPDA,JGcEaoropO,w,FJwPfyuyW,OUCXYOpXG
JGcEaoropO,FJwPfyuyW,JGcEaoropO,FJwPfyuyW,JGcEaoropO,MZQ,FJwPfyuyW,JGcEaoropO,FJwPfyuyW,w,OUCXYOpXG,FJwPfyuyW,cDk
cDk
cDk
JGcEaoropO,FJwPfyuyW,JGcEaoropO,FJwPfyuyW,JGcEaoropO,MZQ,FJwPfyuyW,JGcEaoropO,FJwPfyuyW,w,OUCXYOpXG,FJwPfyuyW,cDk
cDk
cDk
cDk
JGcEaoropO,JGcEaoropO,FJwPfyuyW,JGcEaoropO,MZQ,FJwPfyuyW,JGcEaoropO,FJwPfyuyW,FJwPfyuyW,cDk,FJwPfyuyW,kxPsniAHO,JGcEaoropO,OUCXYOpXG
FJwPfyuyW
OUCXYOpXG
JGcEaoropO,JGcEaoropO,FJwPfyuyW,JGcEaoropO,MZQ,FJwPfyuyW,JGcEaoropO,FJwPfyuyW,FJwPfyuyW,cDk,OUCXYOpXG,FJwPfyuyW,kxPsniAHO,JGcEaoropO
OUCXYOpXG
JGcEaoropO,JGcEaoropO,FJwPfyuyW,JGcEaoropO,MZQ,FJwPfyuyW,JGcEaoropO,FJwPfyuyW,FJwPfyuyW,cDk,OUCXYOpXG,FJwPfyuyW,kxPsniAHO,JGcEaoropO
JGcEaoropO,JGcEaoropO,FJwPfyuyW,JGcEaoropO,MZQ,FJwPfyuyW,JGcEaoropO,FJwPfyuyW,FJwPfyuyW,cDk,FJwPfyuyW,kxPsniAHO,JGcEaoropO,OUCXYOpXG
JGcEaoropO,JGcEaoropO,FJwPfyuyW,JGcEaoropO,MZQ,FJwPfyuyW,JGcEaoropO,FJwPfyuyW,FJwPfyuyW,cDk,FJwPfyuyW,kxPsniAHO,JGcEaoropO,OUCXYOpXG
FJwPfyuyW
cDk
FJwPfyuyW,JGcEaoropO,FJwPfyuyW,JGcEaoropO,MZQ,FJwPfyuyW,JGcEaoropO,FJwPfyuyW,w,OUCXYOpXG,FJwPfyuyW,cDk,JGcEaoropO
FJwPfyuyW
JGcEaoropO
JGcEaoropO
FJwPfyuyW,JGcEaoropO,MZQ,FJwPfyuyW,JGcEaoropO,FJwPfyuyW,w,FJwPfyuyW,cDk,FJwPfyuyW,JGcEaoropO,IQPIazpU,CCFCFv,kxPsniAHO,JGcEaoropO,cDk
FJwPfyuyW,JGcEaoropO,MZQ,FJwPfyuyW,JGcEaoropO,FJwPfyuyW,w,FJwPfyuyW,cDk,FJwPfyuyW,JGcEaoropO,IQPIazpU,CCFCFv,kxPsniAHO,JGcEaoropO,cDk,MZQ
FJwPfyuyW,MZQ,FJwPfyuyW,JGcEaoropO,FJwPfyuyW,w,FJwPfyuyW,cDk,FJwPfyuyW,JGcEaoropO,IQPIazpU,CCFCFv,kxPsniAHO,JGcEaoropO,cDk,MZQ,cDk
FJwPfyuyW,MZQ,FJwPfyuyW,JGcEaoropO,FJwPfyuyW,w,FJwPfyuyW,cDk,FJwPfyuyW,JGcEaoropO,IQPIazpU,CCFCFv,kxPsniAHO,JGcEaoropO,cDk,MZQ,cDk
IQPIazpU
JGcEaoropO
FJwPfyuyW,MZQ,FJwPfyuyW,JGcEaoropO,FJwPfyuyW,FJwPfyuyW,FJwPfyuyW,JGcEaoropO,IQPIazpU,CCFCFv,kxPsniAHO,JGcEaoropO,JGcEaoropO,cDk,MZQ,MZQ,IQPIazpU
MZQ
FJwPfyuyW,FJwPfyuyW,JGcEaoropO,FJwPfyuyW,FJwPfyuyW,FJwPfyuyW,JGcEaoropO,IQPIazpU,CCFCFv,kxPsniAHO,JGcEaoropO,MZQ,JGcEaoropO,cDk,MZQ,MZQ,IQPIazpU
MZQ
JGcEaoropO
MZQ,FJwPfyuyW,FJwPfyuyW,FJwPfyuyW,FJwPfyuyW,JGcEaoropO,IQPIazpU,CCFCFv,kxPsniAHO,JGcEaoropO,JGcEaoropO,cDk,MZQ,MZQ,IQPIazpU,cDk
MZQ,FJwPfyuyW,FJwPfyuyW,FJwPfyuyW,FJwPfyuyW,JGcEaoropO,IQPIazpU,CCFCFv,kxPsniAHO,JGcEaoropO,JGcEaoropO,cDk,MZQ,MZQ,IQPIazpU,cDk,nlNPDA
Jedi Wagner, assuma o comando!