[vazia]
Toque! Toque, Dijê!
[vazia]
J
[vazia]
Toque! Toque, Dijê!
[vazia]
Toque! Toque, Dijê!
Toque! Toque, Dijê!
[vazia]
DdSgATiK
DdSgATiK
DdSgATiK
DdSgATiK
DdSgATiK
DdSgATiK
DdSgATiK
DdSgATiK
DdSgATiK
DdSgATiK
Toque! Toque, Dijê!
DdSgATiK
DdSgATiK
DdSgATiK,DdSgATiK
DdSgATiK
DdSgATiK
DdSgATiK
DdSgATiK
DdSgATiK
DdSgATiK
DdSgATiK
DdSgATiK
DdSgATiK
DdSgATiK
DdSgATiK
DdSgATiK
DdSgATiK
DdSgATiK,J
DdSgATiK
DdSgATiK
DdSgATiK
J
Toque! Toque, Dijê!
Toque! Toque, Dijê!
J
DdSgATiK,J
J
DdSgATiK,J,DdSgATiK
J
DdSgATiK,J
J
J
J,J
J,J
J
J
J,J
J
J
J
J,J,J
J
DdSgATiK,J
J
J
J
J
J
J
DdSgATiK,J
DdSgATiK,J,DdSgATiK
DdSgATiK,J,DdSgATiK
DdSgATiK,DdSgATiK,J
DdSgATiK
DdSgATiK,DdSgATiK,J
DdSgATiK
DdSgATiK,DdSgATiK,J,J
DdSgATiK
DdSgATiK,DdSgATiK,J,J
DdSgATiK
DdSgATiK,DdSgATiK,J,J
DdSgATiK,DdSgATiK,J,J
DdSgATiK,DdSgATiK,J,J
DdSgATiK,DdSgATiK,J,J
DdSgATiK,DdSgATiK,J,J,pnoCs
DdSgATiK,DdSgATiK,J,J,pnoCs
DdSgATiK,J,pnoCs,DdSgATiK,J,DdSgATiK
DdSgATiK,J,pnoCs,DdSgATiK,J,DdSgATiK
DdSgATiK
DdSgATiK
DdSgATiK,pnoCs,DdSgATiK,DdSgATiK
DdSgATiK,pnoCs,DdSgATiK,J,DdSgATiK
DdSgATiK,pnoCs,DdSgATiK,J,DdSgATiK
DdSgATiK
DdSgATiK
DdSgATiK
DdSgATiK
pnoCs
DdSgATiK
DdSgATiK,pnoCs,DdSgATiK,DdSgATiK
DdSgATiK
DdSgATiK,DdSgATiK,pnoCs,DdSgATiK
DdSgATiK,DdSgATiK,pnoCs,DdSgATiK
pnoCs
DdSgATiK,pnoCs,DdSgATiK,DdSgATiK,DdSgATiK
DdSgATiK,pnoCs,DdSgATiK,DdSgATiK,DdSgATiK
DdSgATiK,pnoCs,DdSgATiK,DdSgATiK,DdSgATiK,J
J
J
DdSgATiK,J,DdSgATiK,DdSgATiK
DdSgATiK,J,DdSgATiK,DdSgATiK
DdSgATiK,J,DdSgATiK,DdSgATiK
DdSgATiK,J,DdSgATiK,DdSgATiK,J
DdSgATiK
DdSgATiK,J,DdSgATiK,DdSgATiK,pnoCs
DdSgATiK
DdSgATiK,pnoCs,J
pnoCs
DdSgATiK,pnoCs,DdSgATiK,J,DdSgATiK
DdSgATiK
DdSgATiK,pnoCs,DdSgATiK
DdSgATiK
DdSgATiK
DdSgATiK,pnoCs,DdSgATiK
DdSgATiK,DdSgATiK,pnoCs
DdSgATiK,DdSgATiK,pnoCs
DdSgATiK,DdSgATiK,pnoCs,J,pnoCs
DdSgATiK,J,pnoCs,pnoCs,DdSgATiK
J
J
DdSgATiK,J,pnoCs,pnoCs,DdSgATiK
pnoCs,pnoCs,DdSgATiK,DdSgATiK,DdSgATiK,J,pnoCs,pnoCs
pnoCs,pnoCs,DdSgATiK,DdSgATiK,DdSgATiK,J,pnoCs,pnoCs,J,DdSgATiK
J,pnoCs,pnoCs,DdSgATiK
pnoCs
pnoCs
pnoCs
DdSgATiK,J,pnoCs,pnoCs,DdSgATiK
pnoCs
pnoCs
pnoCs
pnoCs
J,pnoCs,pnoCs,pnoCs,pnoCs
J,pnoCs,pnoCs,pnoCs,pnoCs,J,J,DdSgATiK
J,pnoCs,pnoCs,pnoCs,pnoCs,J,J,pnoCs
J,pnoCs,pnoCs,pnoCs,pnoCs,J,J,DdSgATiK
pnoCs,pnoCs,pnoCs,J,J,DdSgATiK,DdSgATiK
pnoCs,pnoCs,pnoCs,J,J,DdSgATiK,DdSgATiK,DdSgATiK,pnoCs
pnoCs,pnoCs,pnoCs,J,J,DdSgATiK,DdSgATiK,DdSgATiK,pnoCs
pnoCs,pnoCs,pnoCs,J,J,DdSgATiK,DdSgATiK,DdSgATiK,pnoCs
pnoCs,pnoCs,pnoCs,J,DdSgATiK,DdSgATiK,DdSgATiK,pnoCs
pnoCs
pnoCs,pnoCs,DdSgATiK,DdSgATiK,DdSgATiK,pnoCs,pnoCs,pnoCs,pnoCs
DdSgATiK,J,pnoCs,pnoCs,DdSgATiK
DdSgATiK,J,pnoCs,pnoCs,DdSgATiK
DdSgATiK,J,pnoCs,pnoCs,DdSgATiK
pnoCs
DdSgATiK,J,pnoCs,DdSgATiK,pnoCs,DdSgATiK,DdSgATiK
DdSgATiK,J,pnoCs,DdSgATiK,pnoCs,DdSgATiK,DdSgATiK
pnoCs
pnoCs
pnoCs
DdSgATiK,pnoCs,DdSgATiK,pnoCs,pnoCs,DdSgATiK,DdSgATiK,J
DdSgATiK,pnoCs,pnoCs,pnoCs,DdSgATiK,DdSgATiK,J
DdSgATiK,pnoCs,pnoCs,DdSgATiK,DdSgATiK,J
DdSgATiK,pnoCs,pnoCs,DdSgATiK,DdSgATiK,J,DdSgATiK
pnoCs
pnoCs
DdSgATiK,pnoCs,pnoCs,DdSgATiK,DdSgATiK,J
J
DdSgATiK,pnoCs,pnoCs,DdSgATiK,DdSgATiK,J
pnoCs,pnoCs,DdSgATiK,DdSgATiK,J,DdSgATiK
pnoCs,pnoCs,DdSgATiK,DdSgATiK,J,DdSgATiK,J
J
pnoCs,DdSgATiK,J,pnoCs,DdSgATiK,J,J,J,pnoCs
DdSgATiK
DdSgATiK
DdSgATiK,pnoCs,pnoCs,DdSgATiK,DdSgATiK,J,J
DdSgATiK,pnoCs,pnoCs,DdSgATiK,DdSgATiK,J,J
DdSgATiK,pnoCs,pnoCs,DdSgATiK,DdSgATiK,J,J,DdSgATiK
J
DdSgATiK,pnoCs,pnoCs,DdSgATiK,DdSgATiK,J,J
J
J
DdSgATiK,pnoCs,pnoCs,DdSgATiK,DdSgATiK,J
DdSgATiK,pnoCs,pnoCs,DdSgATiK,DdSgATiK,J
DdSgATiK,pnoCs,pnoCs,DdSgATiK,DdSgATiK,J
DdSgATiK,pnoCs,pnoCs,DdSgATiK,DdSgATiK,J
DdSgATiK
DdSgATiK
Jedi Wagner, assuma o comando!