YygDqZVEW
YygDqZVEW,YygDqZVEW,YygDqZVEW
YygDqZVEW,YygDqZVEW,YygDqZVEW
YygDqZVEW
YygDqZVEW
YygDqZVEW
YygDqZVEW
YygDqZVEW,YygDqZVEW,YygDqZVEW
YygDqZVEW
YygDqZVEW,YygDqZVEW,YygDqZVEW,AgYXoji
YygDqZVEW,YygDqZVEW,YygDqZVEW,AgYXoji
YygDqZVEW,YygDqZVEW,YygDqZVEW
YygDqZVEW,YygDqZVEW,YygDqZVEW,NZiZYXuMJn
YygDqZVEW
YygDqZVEW,YygDqZVEW,YygDqZVEW,NZiZYXuMJn
YygDqZVEW
YygDqZVEW
YygDqZVEW,YygDqZVEW,YygDqZVEW,NZiZYXuMJn
YygDqZVEW,YygDqZVEW,YygDqZVEW,NZiZYXuMJn
YygDqZVEW,AgYXoji,YygDqZVEW,YygDqZVEW,NZiZYXuMJn,QLR
YygDqZVEW
YygDqZVEW,YygDqZVEW,YygDqZVEW,YygDqZVEW
YygDqZVEW,YygDqZVEW,YygDqZVEW,YygDqZVEW
YygDqZVEW,YygDqZVEW,YygDqZVEW
YygDqZVEW
YygDqZVEW,YygDqZVEW,YygDqZVEW
YygDqZVEW
YygDqZVEW
YygDqZVEW,YygDqZVEW,YygDqZVEW
YygDqZVEW
YygDqZVEW,YygDqZVEW,YygDqZVEW
YygDqZVEW,YygDqZVEW,YygDqZVEW
YygDqZVEW,YygDqZVEW,QLR
YygDqZVEW
YygDqZVEW,YygDqZVEW,QLR
YygDqZVEW
YygDqZVEW,YygDqZVEW,QLR
YygDqZVEW
YygDqZVEW,YygDqZVEW,QLR
QLR
YygDqZVEW,YygDqZVEW,QLR
QLR
QLR
QLR
Jedi Wagner, assuma o comando!