[vazia]
Toque! Toque, Dijê!
[vazia]
WxuJrkt
WxuJrkt,ISgAtthrNJ
WxuJrkt,ISgAtthrNJ,IXgWS
WxuJrkt
WxuJrkt,ISgAtthrNJ,IXgWS,WxuJrkt,eKdQBOZ
IXgWS
WxuJrkt
WxuJrkt
WxuJrkt,ISgAtthrNJ,IXgWS,WxuJrkt,eKdQBOZ
ISgAtthrNJ,IXgWS,WxuJrkt,IXgWS,eKdQBOZ,eKdQBOZ
IXgWS
ISgAtthrNJ,IXgWS,WxuJrkt,IXgWS,eKdQBOZ,eKdQBOZ
eKdQBOZ
ISgAtthrNJ,IXgWS,WxuJrkt,IXgWS,eKdQBOZ,eKdQBOZ
ISgAtthrNJ,IXgWS,WxuJrkt,IXgWS,eKdQBOZ,eKdQBOZ
ISgAtthrNJ,IXgWS,WxuJrkt,IXgWS,eKdQBOZ,eKdQBOZ,IXgWS
ISgAtthrNJ,IXgWS,WxuJrkt,IXgWS,eKdQBOZ,eKdQBOZ,IXgWS
ISgAtthrNJ,IXgWS,WxuJrkt,IXgWS,eKdQBOZ,eKdQBOZ,IXgWS,WxuJrkt
eKdQBOZ
eKdQBOZ
eKdQBOZ
IXgWS
WxuJrkt,ISgAtthrNJ,eKdQBOZ,eKdQBOZ,IXgWS,WxuJrkt,IXgWS,eKdQBOZ,eKdQBOZ
WxuJrkt,ISgAtthrNJ,eKdQBOZ,IXgWS,WxuJrkt,IXgWS,eKdQBOZ,eKdQBOZ
WxuJrkt,ISgAtthrNJ,eKdQBOZ,eKdQBOZ,IXgWS,WxuJrkt,IXgWS,eKdQBOZ
WxuJrkt,ISgAtthrNJ,eKdQBOZ,eKdQBOZ,IXgWS,WxuJrkt,IXgWS,eKdQBOZ
IXgWS
eKdQBOZ,eKdQBOZ,IXgWS,IXgWS,ISgAtthrNJ,eKdQBOZ,eKdQBOZ,ISgAtthrNJ,IXgWS,RUt,eKdQBOZ
eKdQBOZ,eKdQBOZ,IXgWS,IXgWS,ISgAtthrNJ,eKdQBOZ,eKdQBOZ,ISgAtthrNJ,IXgWS,RUt,eKdQBOZ,IXgWS,IXgWS
eKdQBOZ,eKdQBOZ,IXgWS,IXgWS,ISgAtthrNJ,eKdQBOZ,eKdQBOZ,ISgAtthrNJ,IXgWS,RUt,eKdQBOZ,IXgWS,IXgWS
eKdQBOZ,eKdQBOZ,IXgWS,IXgWS,ISgAtthrNJ,eKdQBOZ,eKdQBOZ,ISgAtthrNJ,IXgWS,RUt,eKdQBOZ,IXgWS,IXgWS,RUt,WxuJrkt
eKdQBOZ,eKdQBOZ,IXgWS,ISgAtthrNJ,IXgWS,eKdQBOZ,eKdQBOZ,ISgAtthrNJ,IXgWS,RUt,eKdQBOZ,IXgWS,IXgWS,RUt,WxuJrkt
eKdQBOZ,eKdQBOZ,IXgWS,ISgAtthrNJ,IXgWS,eKdQBOZ,eKdQBOZ,ISgAtthrNJ,IXgWS,RUt,eKdQBOZ,IXgWS,IXgWS,RUt,WxuJrkt,WxuJrkt
IXgWS
eKdQBOZ,eKdQBOZ,IXgWS,ISgAtthrNJ,IXgWS,eKdQBOZ,eKdQBOZ,ISgAtthrNJ,IXgWS,RUt,eKdQBOZ,IXgWS,IXgWS,RUt,WxuJrkt,WxuJrkt,WxuJrkt
eKdQBOZ
eKdQBOZ,ISgAtthrNJ,IXgWS,eKdQBOZ,eKdQBOZ,ISgAtthrNJ,WxuJrkt,IXgWS,eKdQBOZ,IXgWS,RUt,eKdQBOZ,IXgWS,IXgWS,RUt,WxuJrkt
eKdQBOZ
IXgWS
IXgWS
IXgWS
eKdQBOZ,eKdQBOZ,IXgWS,ISgAtthrNJ,IXgWS,eKdQBOZ,eKdQBOZ,ISgAtthrNJ,WxuJrkt,IXgWS,RUt,eKdQBOZ,IXgWS,IXgWS,RUt,WxuJrkt,RUt,RUt
eKdQBOZ,eKdQBOZ,IXgWS,ISgAtthrNJ,IXgWS,eKdQBOZ,eKdQBOZ,ISgAtthrNJ,WxuJrkt,IXgWS,RUt,eKdQBOZ,IXgWS,IXgWS,RUt,WxuJrkt,RUt,RUt
eKdQBOZ,eKdQBOZ,IXgWS,ISgAtthrNJ,IXgWS,eKdQBOZ,eKdQBOZ,ISgAtthrNJ,WxuJrkt,IXgWS,RUt,eKdQBOZ,IXgWS,IXgWS,RUt,WxuJrkt
IXgWS
IXgWS
IXgWS
IXgWS
eKdQBOZ,ISgAtthrNJ,IXgWS,eKdQBOZ,eKdQBOZ,ISgAtthrNJ,WxuJrkt,IXgWS,IXgWS,eKdQBOZ,IXgWS,IXgWS,RUt,WxuJrkt,WxuJrkt
eKdQBOZ,IXgWS,eKdQBOZ,eKdQBOZ,ISgAtthrNJ,WxuJrkt,IXgWS,IXgWS,eKdQBOZ,IXgWS,IXgWS,RUt,WxuJrkt,WxuJrkt,IXgWS
eKdQBOZ
IXgWS,eKdQBOZ,eKdQBOZ,ISgAtthrNJ,IXgWS,IXgWS,eKdQBOZ,eKdQBOZ,IXgWS,IXgWS,WxuJrkt,WxuJrkt,IXgWS
IXgWS,eKdQBOZ,eKdQBOZ,ISgAtthrNJ,IXgWS,IXgWS,eKdQBOZ,eKdQBOZ,IXgWS,IXgWS,WxuJrkt,IXgWS
eKdQBOZ
eKdQBOZ
eKdQBOZ,IXgWS,eKdQBOZ,eKdQBOZ,ISgAtthrNJ,IXgWS,IXgWS,eKdQBOZ,IXgWS,IXgWS,RUt,WxuJrkt,WxuJrkt,IXgWS,RUt,eKdQBOZ
eKdQBOZ,eKdQBOZ,eKdQBOZ,IXgWS,IXgWS,IXgWS,eKdQBOZ,IXgWS,IXgWS,WxuJrkt,WxuJrkt,IXgWS,eKdQBOZ,RUt
eKdQBOZ,eKdQBOZ,eKdQBOZ,IXgWS,IXgWS,IXgWS,ISgAtthrNJ,eKdQBOZ,IXgWS,IXgWS,WxuJrkt,IXgWS,eKdQBOZ,RUt
eKdQBOZ,eKdQBOZ,eKdQBOZ,IXgWS,IXgWS,IXgWS,ISgAtthrNJ,eKdQBOZ,IXgWS,IXgWS,WxuJrkt,IXgWS,eKdQBOZ,RUt
IXgWS
IXgWS
eKdQBOZ,eKdQBOZ,IXgWS,IXgWS,IXgWS,eKdQBOZ,WxuJrkt,IXgWS,IXgWS,WxuJrkt,IXgWS,RUt,eKdQBOZ,RUt,eKdQBOZ,IXgWS
eKdQBOZ
eKdQBOZ,eKdQBOZ,IXgWS,IXgWS,IXgWS,eKdQBOZ,WxuJrkt,IXgWS,IXgWS,WxuJrkt,IXgWS,RUt,eKdQBOZ,RUt,eKdQBOZ,IXgWS
eKdQBOZ,eKdQBOZ,IXgWS,IXgWS,IXgWS,eKdQBOZ,IXgWS,IXgWS,WxuJrkt,WxuJrkt,IXgWS,RUt,eKdQBOZ,RUt,eKdQBOZ
eKdQBOZ,eKdQBOZ,IXgWS,IXgWS,IXgWS,eKdQBOZ,IXgWS,IXgWS,WxuJrkt,WxuJrkt,IXgWS,RUt,eKdQBOZ,RUt,eKdQBOZ
eKdQBOZ
IXgWS
IXgWS
IXgWS,IXgWS,eKdQBOZ,IXgWS,IXgWS,WxuJrkt,WxuJrkt,IXgWS,eKdQBOZ,eKdQBOZ,WxuJrkt
IXgWS,IXgWS,eKdQBOZ,IXgWS,IXgWS,WxuJrkt,WxuJrkt,IXgWS,eKdQBOZ,eKdQBOZ,WxuJrkt,IXgWS,IXgWS
WxuJrkt
eKdQBOZ
WxuJrkt
WxuJrkt
WxuJrkt
IXgWS,IXgWS,eKdQBOZ,IXgWS,IXgWS,WxuJrkt,WxuJrkt,IXgWS,eKdQBOZ,eKdQBOZ,WxuJrkt,ISgAtthrNJ
IXgWS,IXgWS,eKdQBOZ,IXgWS,IXgWS,WxuJrkt,WxuJrkt,IXgWS,eKdQBOZ,eKdQBOZ,WxuJrkt,ISgAtthrNJ
WxuJrkt
WxuJrkt
IXgWS,IXgWS,eKdQBOZ,IXgWS,IXgWS,WxuJrkt,WxuJrkt,IXgWS,eKdQBOZ,eKdQBOZ,WxuJrkt,IXgWS
IXgWS,IXgWS,eKdQBOZ,IXgWS,IXgWS,WxuJrkt,WxuJrkt,IXgWS,eKdQBOZ,eKdQBOZ,WxuJrkt,IXgWS,IXgWS
IXgWS,IXgWS,eKdQBOZ,IXgWS,IXgWS,WxuJrkt,WxuJrkt,IXgWS,eKdQBOZ,eKdQBOZ,WxuJrkt,IXgWS,IXgWS
IXgWS,IXgWS,eKdQBOZ,IXgWS,IXgWS,WxuJrkt,WxuJrkt,IXgWS,eKdQBOZ,eKdQBOZ,WxuJrkt,IXgWS,IXgWS
WxuJrkt
IXgWS,IXgWS,eKdQBOZ,IXgWS,IXgWS,WxuJrkt,WxuJrkt,IXgWS,eKdQBOZ,eKdQBOZ,WxuJrkt,IXgWS,IXgWS
WxuJrkt
IXgWS,IXgWS,eKdQBOZ,IXgWS,IXgWS,WxuJrkt,WxuJrkt,IXgWS,eKdQBOZ,eKdQBOZ,WxuJrkt
IXgWS,IXgWS,eKdQBOZ,IXgWS,IXgWS,WxuJrkt,WxuJrkt,IXgWS,eKdQBOZ,eKdQBOZ,WxuJrkt
IXgWS,IXgWS,eKdQBOZ,IXgWS,IXgWS,WxuJrkt,WxuJrkt,IXgWS,eKdQBOZ,eKdQBOZ,WxuJrkt
IXgWS,IXgWS,eKdQBOZ,IXgWS,IXgWS,WxuJrkt,WxuJrkt,IXgWS,eKdQBOZ,eKdQBOZ,WxuJrkt
IXgWS,IXgWS,eKdQBOZ,IXgWS,IXgWS,WxuJrkt,WxuJrkt,IXgWS,eKdQBOZ,eKdQBOZ,WxuJrkt
WxuJrkt
IXgWS,IXgWS,eKdQBOZ,IXgWS,IXgWS,WxuJrkt,IXgWS,eKdQBOZ,eKdQBOZ,WxuJrkt,RUt,eKdQBOZ
WxuJrkt
WxuJrkt
IXgWS,IXgWS,IXgWS,IXgWS,WxuJrkt,eKdQBOZ,IXgWS,eKdQBOZ,eKdQBOZ,WxuJrkt,RUt,eKdQBOZ
WxuJrkt
IXgWS,IXgWS,eKdQBOZ,IXgWS,IXgWS,WxuJrkt,WxuJrkt,IXgWS,eKdQBOZ,eKdQBOZ,WxuJrkt
IXgWS,IXgWS,eKdQBOZ,IXgWS,IXgWS,WxuJrkt,WxuJrkt,IXgWS,eKdQBOZ,eKdQBOZ,WxuJrkt
WxuJrkt
IXgWS,eKdQBOZ,IXgWS,IXgWS,WxuJrkt,IXgWS,eKdQBOZ,IXgWS,eKdQBOZ,WxuJrkt,eKdQBOZ,eKdQBOZ
eKdQBOZ
IXgWS,IXgWS,eKdQBOZ,IXgWS,IXgWS,WxuJrkt,IXgWS,eKdQBOZ,eKdQBOZ,WxuJrkt,eKdQBOZ,eKdQBOZ
IXgWS,IXgWS,eKdQBOZ,IXgWS,IXgWS,WxuJrkt,IXgWS,eKdQBOZ,eKdQBOZ,WxuJrkt,eKdQBOZ,eKdQBOZ
eKdQBOZ
WxuJrkt
IXgWS,eKdQBOZ,IXgWS,IXgWS,IXgWS,eKdQBOZ,IXgWS,WxuJrkt,eKdQBOZ,WxuJrkt,eKdQBOZ,eKdQBOZ,RUt,RUt
WxuJrkt
eKdQBOZ,IXgWS,IXgWS,IXgWS,eKdQBOZ,IXgWS,eKdQBOZ,WxuJrkt,eKdQBOZ,eKdQBOZ,RUt
eKdQBOZ
eKdQBOZ,IXgWS,IXgWS,IXgWS,eKdQBOZ,IXgWS,eKdQBOZ,eKdQBOZ,eKdQBOZ,RUt,IXgWS
RUt
eKdQBOZ,IXgWS,IXgWS,eKdQBOZ,IXgWS,IXgWS,eKdQBOZ,eKdQBOZ,eKdQBOZ,IXgWS
IXgWS
IXgWS
IXgWS
IXgWS,IXgWS,IXgWS,WxuJrkt,IXgWS,IXgWS,eKdQBOZ,eKdQBOZ,WxuJrkt,eKdQBOZ,eKdQBOZ,RUt,eKdQBOZ,eKdQBOZ,IXgWS
eKdQBOZ
eKdQBOZ
eKdQBOZ
IXgWS,IXgWS,IXgWS,IXgWS,WxuJrkt,eKdQBOZ,eKdQBOZ,eKdQBOZ,IXgWS,RUt,eKdQBOZ,eKdQBOZ,IXgWS,RUt,WxuJrkt,ISgAtthrNJ,RUt,ISgAtthrNJ
eKdQBOZ
IXgWS,IXgWS,IXgWS,WxuJrkt,eKdQBOZ,eKdQBOZ,eKdQBOZ,IXgWS,RUt,eKdQBOZ,eKdQBOZ,IXgWS,RUt,WxuJrkt,ISgAtthrNJ,RUt,ISgAtthrNJ
IXgWS,IXgWS,IXgWS,WxuJrkt,eKdQBOZ,eKdQBOZ,eKdQBOZ,IXgWS,RUt,eKdQBOZ,eKdQBOZ,IXgWS,RUt,WxuJrkt,ISgAtthrNJ,RUt,ISgAtthrNJ
eKdQBOZ
IXgWS,IXgWS,IXgWS,IXgWS,IXgWS,eKdQBOZ,eKdQBOZ,eKdQBOZ,RUt,eKdQBOZ,eKdQBOZ,IXgWS,RUt,WxuJrkt,ISgAtthrNJ,RUt
IXgWS,IXgWS,IXgWS,IXgWS,IXgWS,eKdQBOZ,eKdQBOZ,eKdQBOZ,RUt,eKdQBOZ,eKdQBOZ,IXgWS,RUt,WxuJrkt,ISgAtthrNJ,RUt
eKdQBOZ
eKdQBOZ
IXgWS,IXgWS,IXgWS,IXgWS,IXgWS,WxuJrkt,eKdQBOZ,eKdQBOZ,eKdQBOZ,RUt,eKdQBOZ,eKdQBOZ,IXgWS,RUt,WxuJrkt,ISgAtthrNJ,RUt
IXgWS,IXgWS,IXgWS,IXgWS,IXgWS,WxuJrkt,eKdQBOZ,eKdQBOZ,eKdQBOZ,RUt,eKdQBOZ,eKdQBOZ,IXgWS,RUt,WxuJrkt,ISgAtthrNJ,RUt
eKdQBOZ
eKdQBOZ
IXgWS,IXgWS,IXgWS,IXgWS,IXgWS,eKdQBOZ,eKdQBOZ,RUt,eKdQBOZ,eKdQBOZ,eKdQBOZ,IXgWS,RUt,ISgAtthrNJ,RUt,RUt
eKdQBOZ
eKdQBOZ
eKdQBOZ
eKdQBOZ
IXgWS,IXgWS,IXgWS,IXgWS,IXgWS,eKdQBOZ,eKdQBOZ,RUt,eKdQBOZ,eKdQBOZ,eKdQBOZ,IXgWS,RUt,ISgAtthrNJ,RUt,RUt
eKdQBOZ
IXgWS,RUt,eKdQBOZ,eKdQBOZ,eKdQBOZ,eKdQBOZ,eKdQBOZ,IXgWS,IXgWS,RUt,RUt,RUt,WxuJrkt,ISgAtthrNJ
IXgWS,RUt,eKdQBOZ,eKdQBOZ,eKdQBOZ,eKdQBOZ,eKdQBOZ,IXgWS,IXgWS,RUt,RUt,RUt,WxuJrkt,ISgAtthrNJ,ISgAtthrNJ
IXgWS,RUt,eKdQBOZ,eKdQBOZ,eKdQBOZ,eKdQBOZ,eKdQBOZ,ISgAtthrNJ,IXgWS,IXgWS,RUt,RUt,RUt,WxuJrkt,ISgAtthrNJ
IXgWS,RUt,eKdQBOZ,eKdQBOZ,eKdQBOZ,eKdQBOZ,eKdQBOZ,ISgAtthrNJ,IXgWS,IXgWS,RUt,RUt,RUt,WxuJrkt,ISgAtthrNJ,ISgAtthrNJ
ISgAtthrNJ
IXgWS
RUt,eKdQBOZ,eKdQBOZ,eKdQBOZ,eKdQBOZ,eKdQBOZ,ISgAtthrNJ,IXgWS,IXgWS,IXgWS,RUt,RUt,RUt,WxuJrkt,ISgAtthrNJ,ISgAtthrNJ,IXgWS,IXgWS,RUt,IXgWS
RUt,eKdQBOZ,eKdQBOZ,eKdQBOZ,eKdQBOZ,ISgAtthrNJ,IXgWS,WxuJrkt,eKdQBOZ,IXgWS,IXgWS,RUt,RUt,RUt,ISgAtthrNJ,ISgAtthrNJ,IXgWS,IXgWS,RUt,IXgWS
RUt,eKdQBOZ,eKdQBOZ,eKdQBOZ,ISgAtthrNJ,IXgWS,WxuJrkt,eKdQBOZ,IXgWS,IXgWS,RUt,RUt,RUt,ISgAtthrNJ,ISgAtthrNJ,IXgWS,IXgWS,RUt,IXgWS
RUt,eKdQBOZ,eKdQBOZ,eKdQBOZ,ISgAtthrNJ,IXgWS,WxuJrkt,eKdQBOZ,IXgWS,IXgWS,RUt,RUt,RUt,ISgAtthrNJ,ISgAtthrNJ,IXgWS,IXgWS,RUt,IXgWS
WxuJrkt
WxuJrkt
RUt,eKdQBOZ,eKdQBOZ,eKdQBOZ,ISgAtthrNJ,IXgWS,WxuJrkt,eKdQBOZ,IXgWS,IXgWS,RUt,RUt,RUt,ISgAtthrNJ,ISgAtthrNJ,IXgWS,IXgWS,RUt,IXgWS
eKdQBOZ,eKdQBOZ,ISgAtthrNJ,IXgWS,WxuJrkt,eKdQBOZ,RUt,eKdQBOZ,IXgWS,IXgWS,RUt,RUt,RUt,ISgAtthrNJ,ISgAtthrNJ,IXgWS,IXgWS,RUt,IXgWS
eKdQBOZ
eKdQBOZ,eKdQBOZ,ISgAtthrNJ,IXgWS,WxuJrkt,eKdQBOZ,RUt,eKdQBOZ,IXgWS,IXgWS,RUt,RUt,RUt,ISgAtthrNJ,ISgAtthrNJ,IXgWS,IXgWS,RUt,IXgWS,ISgAtthrNJ
eKdQBOZ
eKdQBOZ,eKdQBOZ,ISgAtthrNJ,IXgWS,WxuJrkt,eKdQBOZ,RUt,eKdQBOZ,IXgWS,IXgWS,RUt,RUt,RUt,ISgAtthrNJ,ISgAtthrNJ,IXgWS,IXgWS,RUt,IXgWS,ISgAtthrNJ
eKdQBOZ,eKdQBOZ,ISgAtthrNJ,IXgWS,WxuJrkt,eKdQBOZ,RUt,eKdQBOZ,IXgWS,IXgWS,RUt,RUt,RUt,ISgAtthrNJ,ISgAtthrNJ,IXgWS,IXgWS,RUt,IXgWS,ISgAtthrNJ
eKdQBOZ
eKdQBOZ
eKdQBOZ,eKdQBOZ,ISgAtthrNJ,eKdQBOZ,IXgWS,WxuJrkt,RUt,eKdQBOZ,IXgWS,IXgWS,RUt,RUt,RUt,ISgAtthrNJ,ISgAtthrNJ,IXgWS,IXgWS,RUt,IXgWS
eKdQBOZ,eKdQBOZ,ISgAtthrNJ,eKdQBOZ,IXgWS,WxuJrkt,RUt,eKdQBOZ,IXgWS,IXgWS,RUt,RUt,RUt,ISgAtthrNJ,ISgAtthrNJ,IXgWS,IXgWS,RUt,IXgWS,WxuJrkt
eKdQBOZ,eKdQBOZ,ISgAtthrNJ,eKdQBOZ,IXgWS,WxuJrkt,RUt,eKdQBOZ,IXgWS,IXgWS,RUt,RUt,RUt,ISgAtthrNJ,ISgAtthrNJ,IXgWS,IXgWS,RUt,IXgWS,WxuJrkt
RUt,eKdQBOZ,eKdQBOZ,ISgAtthrNJ,WxuJrkt,eKdQBOZ,eKdQBOZ,IXgWS,IXgWS,RUt,RUt,RUt,ISgAtthrNJ,ISgAtthrNJ,IXgWS,IXgWS,RUt,IXgWS
RUt,eKdQBOZ,eKdQBOZ,ISgAtthrNJ,WxuJrkt,eKdQBOZ,eKdQBOZ,IXgWS,IXgWS,RUt,RUt,RUt,ISgAtthrNJ,ISgAtthrNJ,IXgWS,IXgWS,RUt,IXgWS
IXgWS
IXgWS
IXgWS
IXgWS
RUt,eKdQBOZ,ISgAtthrNJ,WxuJrkt,eKdQBOZ,eKdQBOZ,eKdQBOZ,IXgWS,RUt,RUt,RUt,ISgAtthrNJ,ISgAtthrNJ,IXgWS,IXgWS,RUt,IXgWS
RUt,eKdQBOZ,ISgAtthrNJ,WxuJrkt,eKdQBOZ,eKdQBOZ,eKdQBOZ,IXgWS,RUt,RUt,RUt,ISgAtthrNJ,ISgAtthrNJ,IXgWS,IXgWS,RUt,IXgWS
eKdQBOZ
RUt,ISgAtthrNJ,eKdQBOZ,eKdQBOZ,eKdQBOZ,eKdQBOZ,IXgWS,RUt,RUt,RUt,ISgAtthrNJ,ISgAtthrNJ,IXgWS,IXgWS,RUt,IXgWS
eKdQBOZ
RUt,ISgAtthrNJ,eKdQBOZ,eKdQBOZ,eKdQBOZ,eKdQBOZ,IXgWS,RUt,RUt,RUt,ISgAtthrNJ,ISgAtthrNJ,IXgWS,IXgWS,RUt,IXgWS
RUt,ISgAtthrNJ,eKdQBOZ,IXgWS,eKdQBOZ,eKdQBOZ,RUt,RUt,RUt,ISgAtthrNJ,ISgAtthrNJ,IXgWS,IXgWS,RUt,IXgWS,ISgAtthrNJ,eKdQBOZ
eKdQBOZ
RUt,ISgAtthrNJ,eKdQBOZ,IXgWS,eKdQBOZ,eKdQBOZ,RUt,RUt,RUt,ISgAtthrNJ,ISgAtthrNJ,IXgWS,IXgWS,RUt,IXgWS,ISgAtthrNJ,eKdQBOZ
RUt
RUt
RUt
RUt
RUt
RUt,ISgAtthrNJ,eKdQBOZ,IXgWS,eKdQBOZ,eKdQBOZ,RUt,RUt,RUt,ISgAtthrNJ,ISgAtthrNJ,IXgWS,IXgWS,RUt,IXgWS,ISgAtthrNJ,eKdQBOZ,RUt
RUt
RUt,ISgAtthrNJ,eKdQBOZ,IXgWS,eKdQBOZ,eKdQBOZ,RUt,RUt,RUt,ISgAtthrNJ,ISgAtthrNJ,IXgWS,IXgWS,RUt,IXgWS,ISgAtthrNJ,eKdQBOZ
RUt
eKdQBOZ,eKdQBOZ,eKdQBOZ,RUt,RUt,ISgAtthrNJ,IXgWS,RUt,IXgWS,ISgAtthrNJ,eKdQBOZ,WxuJrkt,RUt,IXgWS,RUt,eKdQBOZ
eKdQBOZ
RUt
RUt
ISgAtthrNJ
RUt
RUt,ISgAtthrNJ,eKdQBOZ,IXgWS,eKdQBOZ,eKdQBOZ,RUt,RUt,RUt,ISgAtthrNJ,ISgAtthrNJ,IXgWS,IXgWS,RUt,IXgWS,ISgAtthrNJ,eKdQBOZ,eKdQBOZ,IXgWS
RUt,ISgAtthrNJ,eKdQBOZ,IXgWS,eKdQBOZ,eKdQBOZ,RUt,RUt,RUt,ISgAtthrNJ,ISgAtthrNJ,IXgWS,IXgWS,RUt,IXgWS,ISgAtthrNJ,eKdQBOZ,eKdQBOZ
RUt
eKdQBOZ,IXgWS,eKdQBOZ,eKdQBOZ,RUt,RUt,RUt,ISgAtthrNJ,RUt,ISgAtthrNJ,ISgAtthrNJ,IXgWS,IXgWS,RUt,IXgWS,ISgAtthrNJ,eKdQBOZ,eKdQBOZ,ISgAtthrNJ
eKdQBOZ,IXgWS,eKdQBOZ,eKdQBOZ,RUt,RUt,RUt,ISgAtthrNJ,RUt,ISgAtthrNJ,ISgAtthrNJ,IXgWS,IXgWS,RUt,IXgWS,ISgAtthrNJ,eKdQBOZ,eKdQBOZ,ISgAtthrNJ
Jedi Wagner, assuma o comando!