f
Toque! Toque, Dijê!
Toque! Toque, Dijê!
[vazia]
Toque! Toque, Dijê!
Toque! Toque, Dijê!
f
f
f
[vazia]
[vazia]
Toque! Toque, Dijê!
f
f
f
[vazia]
[vazia]
[vazia]
Toque! Toque, Dijê!
[vazia]
Toque! Toque, Dijê!
[vazia]
[vazia]
Toque! Toque, Dijê!
f
f,f
f,f
f
f
[vazia]
Toque! Toque, Dijê!
[vazia]
f
f
f,f,f
f,f,f
f
f,f,f
f,f,f
f,f
f,f,f
f,f,f
f
f,f
f
f,f,f
f,f,f
f,f,f
f,f
f
f,f,f
f,f,f
f
f
f
f
f
f
f
f
f
f,f,f
f
f
f,f,f,f,f
f,f,f,f
f
f
f,f
f,f
f
f
f
f
f
Toque! Toque, Dijê!
f
f
f,f
f
Toque! Toque, Dijê!
f
f
f
f
f
f
f
f
f
[vazia]
Toque! Toque, Dijê!
[vazia]
Toque! Toque, Dijê!
f
f
f
f,f
f,f,f
f,f
f
f,f
f
f
f
f,f
f,f
Jedi Wagner, assuma o comando!