Toque! Toque, Dijê!
[vazia]
[vazia]
uFTn
uFTn
uFTn,cJYDetMox
uFTn
uFTn,oAXpZQRFgE
uFTn
uFTn
Toque! Toque, Dijê!
Toque! Toque, Dijê!
GTkOQ,uFTn
GTkOQ
GTkOQ
uFTn
uFTn
Toque! Toque, Dijê!
Toque! Toque, Dijê!
[vazia]
GfXAVXo
GfXAVXo
[vazia]
Toque! Toque, Dijê!
[vazia]
GTkOQ
GTkOQ
[vazia]
GfXAVXo
Toque! Toque, Dijê!
[vazia]
[vazia]
Toque! Toque, Dijê!
[vazia]
Toque! Toque, Dijê!
Toque! Toque, Dijê!
[vazia]
[vazia]
cJYDetMox
[vazia]
[vazia]
[vazia]
[vazia]
uFTn
uFTn
uFTn
uFTn
uFTn
uFTn
uFTn,GTkOQ
Toque! Toque, Dijê!
[vazia]
GTkOQ
GTkOQ
GTkOQ
GTkOQ,cJYDetMox
[vazia]
Toque! Toque, Dijê!
[vazia]
Toque! Toque, Dijê!
[vazia]
[vazia]
[vazia]
[vazia]
uFTn
uFTn
uFTn
uFTn
uFTn,uFTn,eHp,cJYDetMox,esDbXGqN
uFTn
uFTn,uFTn,eHp,cJYDetMox,esDbXGqN,GfXAVXo,oAXpZQRFgE
uFTn,uFTn,eHp,cJYDetMox,esDbXGqN,GfXAVXo,oAXpZQRFgE
oAXpZQRFgE,cJYDetMox,eHp,esDbXGqN,GfXAVXo,eHp,cJYDetMox
oAXpZQRFgE
oAXpZQRFgE
cJYDetMox
cJYDetMox
oAXpZQRFgE,cJYDetMox,esDbXGqN,GfXAVXo,eHp,cJYDetMox,esDbXGqN
cJYDetMox
cJYDetMox
cJYDetMox
cJYDetMox,esDbXGqN,GfXAVXo,eHp,cJYDetMox,GTkOQ
esDbXGqN,cJYDetMox,GfXAVXo,GTkOQ,eHp,cJYDetMox
esDbXGqN,cJYDetMox,GfXAVXo,GTkOQ,eHp,cJYDetMox
GfXAVXo
cJYDetMox,GfXAVXo,GTkOQ,eHp,cJYDetMox
GfXAVXo
GfXAVXo
GfXAVXo
GfXAVXo
esDbXGqN,cJYDetMox,GfXAVXo,eHp,cJYDetMox,GTkOQ
esDbXGqN,cJYDetMox,GfXAVXo,eHp,cJYDetMox,GTkOQ
esDbXGqN,cJYDetMox,GfXAVXo,eHp,cJYDetMox,GTkOQ
eHp
GTkOQ
esDbXGqN,cJYDetMox,GfXAVXo,eHp,GTkOQ,cJYDetMox
GTkOQ
GTkOQ
esDbXGqN
cJYDetMox,GfXAVXo,eHp,cJYDetMox,esDbXGqN,GTkOQ,GfXAVXo
cJYDetMox,GfXAVXo,eHp,cJYDetMox,esDbXGqN,GTkOQ,GfXAVXo
esDbXGqN
esDbXGqN
cJYDetMox,GfXAVXo,eHp,GTkOQ,cJYDetMox,esDbXGqN,GTkOQ,GfXAVXo,esDbXGqN
cJYDetMox,GfXAVXo,eHp,GTkOQ,cJYDetMox,esDbXGqN,GTkOQ,GfXAVXo
cJYDetMox,GfXAVXo,eHp,GTkOQ,cJYDetMox,esDbXGqN,GTkOQ,GfXAVXo
cJYDetMox,GfXAVXo,eHp,GTkOQ,cJYDetMox,esDbXGqN,GTkOQ,GfXAVXo
cJYDetMox,GfXAVXo,eHp,GTkOQ,cJYDetMox,esDbXGqN,GTkOQ,GfXAVXo
GfXAVXo,eHp,GTkOQ,esDbXGqN,cJYDetMox,GTkOQ,GfXAVXo,esDbXGqN
GfXAVXo,eHp,GTkOQ,cJYDetMox,esDbXGqN,GTkOQ,GfXAVXo,esDbXGqN,cJYDetMox
esDbXGqN
GfXAVXo,GTkOQ,cJYDetMox,esDbXGqN,GTkOQ,GfXAVXo,esDbXGqN,cJYDetMox
GfXAVXo,eHp,GTkOQ,cJYDetMox,esDbXGqN,GTkOQ,GfXAVXo,esDbXGqN,cJYDetMox
GfXAVXo,eHp,GTkOQ,cJYDetMox,esDbXGqN,GTkOQ,GfXAVXo,esDbXGqN,cJYDetMox
esDbXGqN
esDbXGqN
GfXAVXo,eHp,GTkOQ,cJYDetMox,esDbXGqN,GTkOQ,GfXAVXo,esDbXGqN,cJYDetMox
esDbXGqN
cJYDetMox
GTkOQ
GTkOQ
GTkOQ
GfXAVXo,cJYDetMox,esDbXGqN,GfXAVXo,uFTn,GTkOQ,GTkOQ,eHp,cJYDetMox,GTkOQ,eHp,esDbXGqN,esDbXGqN
GTkOQ
GfXAVXo,esDbXGqN,GfXAVXo,uFTn,GTkOQ,GTkOQ,GTkOQ,cJYDetMox,eHp,esDbXGqN,esDbXGqN
GfXAVXo,esDbXGqN,GfXAVXo,uFTn,GTkOQ,GTkOQ,GTkOQ,cJYDetMox,eHp,esDbXGqN,esDbXGqN
GfXAVXo,esDbXGqN,GfXAVXo,uFTn,GTkOQ,GTkOQ,GTkOQ,eHp,cJYDetMox,esDbXGqN,esDbXGqN,uFTn
eHp
GfXAVXo,esDbXGqN,GfXAVXo,uFTn,GTkOQ,GTkOQ,GTkOQ,eHp,cJYDetMox,esDbXGqN,esDbXGqN,uFTn
esDbXGqN,GfXAVXo,uFTn,GTkOQ,GTkOQ,GTkOQ,eHp,esDbXGqN,esDbXGqN,uFTn
esDbXGqN,GfXAVXo,uFTn,GTkOQ,GTkOQ,eHp,esDbXGqN,esDbXGqN,uFTn
esDbXGqN,GfXAVXo,uFTn,GTkOQ,GTkOQ,eHp,esDbXGqN,esDbXGqN,uFTn
esDbXGqN,GfXAVXo,uFTn,GTkOQ,GTkOQ,eHp,esDbXGqN,esDbXGqN,uFTn
esDbXGqN,GfXAVXo,uFTn,GTkOQ,GTkOQ,eHp,esDbXGqN,esDbXGqN,uFTn
GfXAVXo,uFTn,GTkOQ,GTkOQ,esDbXGqN,esDbXGqN,eHp,esDbXGqN,uFTn,GTkOQ
GfXAVXo,uFTn,GTkOQ,GTkOQ,esDbXGqN,esDbXGqN,eHp,esDbXGqN,uFTn,GTkOQ,cJYDetMox
GfXAVXo,uFTn,GTkOQ,GTkOQ,esDbXGqN,esDbXGqN,eHp,esDbXGqN,uFTn,GTkOQ,cJYDetMox,cJYDetMox
esDbXGqN
esDbXGqN
esDbXGqN
esDbXGqN,GfXAVXo,uFTn,GTkOQ,GTkOQ,eHp,esDbXGqN,esDbXGqN,uFTn
esDbXGqN,GfXAVXo,uFTn,GTkOQ,GTkOQ,eHp,esDbXGqN,esDbXGqN,uFTn
esDbXGqN,GfXAVXo,uFTn,GTkOQ,GTkOQ,eHp,esDbXGqN,esDbXGqN,uFTn
esDbXGqN
esDbXGqN,uFTn,GTkOQ,GTkOQ,eHp,esDbXGqN,esDbXGqN,uFTn
esDbXGqN,uFTn,GTkOQ,GTkOQ,eHp,esDbXGqN,esDbXGqN,uFTn,oAXpZQRFgE
esDbXGqN
esDbXGqN,uFTn,GTkOQ,GTkOQ,esDbXGqN,esDbXGqN,uFTn,esDbXGqN,GTkOQ,oAXpZQRFgE
esDbXGqN,uFTn,GTkOQ,GTkOQ,esDbXGqN,esDbXGqN,uFTn,esDbXGqN,GTkOQ,oAXpZQRFgE
esDbXGqN,uFTn,GTkOQ,GTkOQ,esDbXGqN,esDbXGqN,uFTn,esDbXGqN,GTkOQ,oAXpZQRFgE,oAXpZQRFgE
esDbXGqN,uFTn,GTkOQ,GTkOQ,esDbXGqN,esDbXGqN,uFTn,esDbXGqN,GTkOQ,oAXpZQRFgE,oAXpZQRFgE
esDbXGqN
eHp
esDbXGqN
esDbXGqN
esDbXGqN
esDbXGqN,GTkOQ,esDbXGqN,esDbXGqN,uFTn,uFTn,eHp,esDbXGqN,GTkOQ,oAXpZQRFgE,oAXpZQRFgE,eHp,GTkOQ,esDbXGqN,GTkOQ
GTkOQ
esDbXGqN,GTkOQ,esDbXGqN,esDbXGqN,uFTn,uFTn,eHp,esDbXGqN,GTkOQ,oAXpZQRFgE,oAXpZQRFgE,eHp,GTkOQ,esDbXGqN,GTkOQ,eHp
GTkOQ
esDbXGqN,GTkOQ,esDbXGqN,esDbXGqN,uFTn,eHp,esDbXGqN,GTkOQ,uFTn,oAXpZQRFgE,oAXpZQRFgE,eHp,GTkOQ,esDbXGqN,GTkOQ,eHp,esDbXGqN,esDbXGqN,GTkOQ
uFTn
oAXpZQRFgE
oAXpZQRFgE
oAXpZQRFgE
oAXpZQRFgE
oAXpZQRFgE
esDbXGqN,GTkOQ,esDbXGqN,esDbXGqN,uFTn,esDbXGqN,GTkOQ,uFTn,eHp,oAXpZQRFgE,eHp,GTkOQ,esDbXGqN,GTkOQ,eHp,esDbXGqN,esDbXGqN,GTkOQ,uFTn,eHp
oAXpZQRFgE
oAXpZQRFgE
GTkOQ
esDbXGqN,esDbXGqN,esDbXGqN,uFTn,esDbXGqN,GTkOQ,uFTn,eHp,oAXpZQRFgE,GTkOQ,eHp,GTkOQ,esDbXGqN,GTkOQ,eHp,esDbXGqN,esDbXGqN,GTkOQ,eHp,oAXpZQRFgE,cJYDetMox
oAXpZQRFgE
esDbXGqN,GTkOQ,esDbXGqN,esDbXGqN,esDbXGqN,GTkOQ,uFTn,eHp,oAXpZQRFgE,oAXpZQRFgE,eHp,GTkOQ,esDbXGqN,GTkOQ,eHp,esDbXGqN,esDbXGqN,GTkOQ
eHp
oAXpZQRFgE
oAXpZQRFgE
esDbXGqN,esDbXGqN,esDbXGqN,GTkOQ,GTkOQ,uFTn,eHp,oAXpZQRFgE,esDbXGqN,eHp,GTkOQ,esDbXGqN,GTkOQ,eHp,esDbXGqN,esDbXGqN,GTkOQ
GTkOQ
esDbXGqN,esDbXGqN,esDbXGqN,GTkOQ,oAXpZQRFgE,esDbXGqN,GTkOQ,uFTn,eHp,GTkOQ,esDbXGqN,GTkOQ,eHp,esDbXGqN,esDbXGqN,GTkOQ,GfXAVXo,GfXAVXo,uFTn,uFTn
esDbXGqN,esDbXGqN,esDbXGqN,GTkOQ,oAXpZQRFgE,esDbXGqN,GTkOQ,uFTn,GTkOQ,esDbXGqN,GTkOQ,eHp,eHp,esDbXGqN,esDbXGqN,GTkOQ,GfXAVXo,GfXAVXo,uFTn,uFTn
eHp
GfXAVXo
GfXAVXo
esDbXGqN
esDbXGqN
esDbXGqN
esDbXGqN
esDbXGqN,esDbXGqN,esDbXGqN,GTkOQ,GTkOQ,esDbXGqN,GTkOQ,GfXAVXo,eHp,esDbXGqN,GTkOQ,esDbXGqN,GTkOQ,GfXAVXo,uFTn,uFTn,oAXpZQRFgE,oAXpZQRFgE,GTkOQ,GTkOQ,eHp,GfXAVXo
esDbXGqN
uFTn
GTkOQ
GTkOQ
esDbXGqN,esDbXGqN,esDbXGqN,GTkOQ,esDbXGqN,GTkOQ,GTkOQ,esDbXGqN,GTkOQ,GfXAVXo,esDbXGqN,uFTn,esDbXGqN,GTkOQ,GfXAVXo,uFTn,uFTn,oAXpZQRFgE,oAXpZQRFgE,cJYDetMox,oAXpZQRFgE,uFTn
GTkOQ
esDbXGqN,esDbXGqN,esDbXGqN,GTkOQ,esDbXGqN,GTkOQ,GTkOQ,esDbXGqN,GTkOQ,GfXAVXo,esDbXGqN,uFTn,esDbXGqN,GTkOQ,GfXAVXo,uFTn,uFTn,oAXpZQRFgE,oAXpZQRFgE,cJYDetMox,oAXpZQRFgE,uFTn,GfXAVXo
uFTn
GTkOQ
GTkOQ
GTkOQ
GTkOQ
esDbXGqN,esDbXGqN,esDbXGqN,GTkOQ,esDbXGqN,GTkOQ,GTkOQ,esDbXGqN,GTkOQ,GfXAVXo,esDbXGqN,uFTn,esDbXGqN,GTkOQ,GfXAVXo,uFTn,uFTn,oAXpZQRFgE,oAXpZQRFgE,eHp,oAXpZQRFgE,uFTn,GTkOQ
esDbXGqN,esDbXGqN,esDbXGqN,GTkOQ,esDbXGqN,GTkOQ,GTkOQ,esDbXGqN,GTkOQ,GfXAVXo,esDbXGqN,uFTn,esDbXGqN,GTkOQ,GfXAVXo,uFTn,uFTn,oAXpZQRFgE,oAXpZQRFgE,eHp,oAXpZQRFgE,uFTn,GTkOQ
esDbXGqN,esDbXGqN,esDbXGqN,esDbXGqN,GTkOQ,GTkOQ,esDbXGqN,GTkOQ,GfXAVXo,esDbXGqN,uFTn,esDbXGqN,GTkOQ,GfXAVXo,GTkOQ,uFTn,uFTn,oAXpZQRFgE,oAXpZQRFgE,eHp,oAXpZQRFgE,uFTn,GTkOQ,oAXpZQRFgE
Jedi Wagner, assuma o comando!