Toque! Toque, Dijê!
Toque! Toque, Dijê!
Toque! Toque, Dijê!
[vazia]
Toque! Toque, Dijê!
gKa
gKa
gKa
Toque! Toque, Dijê!
PJtAScTxaY
Toque! Toque, Dijê!
[vazia]
PJtAScTxaY
pz
pz
pz
pz
pz
pz,PJtAScTxaY
pz
PJtAScTxaY
Toque! Toque, Dijê!
Toque! Toque, Dijê!
[vazia]
Toque! Toque, Dijê!
Toque! Toque, Dijê!
Toque! Toque, Dijê!
[vazia]
Toque! Toque, Dijê!
[vazia]
[vazia]
gKa
gKa
gKa
Toque! Toque, Dijê!
uzeGKR,yxRsksqh
uzeGKR,yxRsksqh,pz
uzeGKR
uzeGKR
uzeGKR
uzeGKR
uzeGKR
uzeGKR
uzeGKR,yxRsksqh,pz,M,ALhb,uzeGKR,yxRsksqh,gKa,PJtAScTxaY,vVff
uzeGKR,yxRsksqh,pz,M,ALhb,uzeGKR,yxRsksqh,gKa,PJtAScTxaY,vVff
uzeGKR
uzeGKR
uzeGKR
uzeGKR,yxRsksqh,pz,M,ALhb,uzeGKR,yxRsksqh,gKa,PJtAScTxaY,vVff,uzeGKR
uzeGKR
uzeGKR
gKa
gKa
gKa,vVff
gKa,vVff
gKa,vVff
gKa,vVff
vVff
vVff
vVff
vVff
vVff
gKa,vVff
gKa
gKa,vVff,yxRsksqh,gKa
gKa,vVff,cObuuh
gKa,vVff,cObuuh
gKa,vVff,cObuuh,uzeGKR
gKa,vVff,cObuuh,uzeGKR
gKa
vVff
gKa,vVff,cObuuh
cObuuh
gKa,vVff,cObuuh
gKa,vVff,cObuuh,M
gKa,vVff,cObuuh
cObuuh
cObuuh
cObuuh
cObuuh
gKa,vVff,cObuuh,uzeGKR
vVff,cObuuh,uzeGKR,pz
vVff,cObuuh,uzeGKR,pz
vVff,cObuuh,uzeGKR,pz,PJtAScTxaY
vVff,cObuuh,uzeGKR,pz,PJtAScTxaY
cObuuh,uzeGKR,vVff,pz,PJtAScTxaY,vVff
cObuuh,vVff,uzeGKR,pz,PJtAScTxaY,vVff
uzeGKR,cObuuh,vVff,pz,PJtAScTxaY,vVff
cObuuh
gKa
cObuuh
cObuuh
cObuuh
gKa,vVff,yxRsksqh,vVff,M
vVff
yxRsksqh
vVff,vVff,yxRsksqh,M
vVff,vVff,M
M
vVff,vVff,M
vVff,vVff,yxRsksqh,M
yxRsksqh
vVff,vVff,yxRsksqh,M
M
cObuuh
cObuuh
yxRsksqh
vVff
yxRsksqh,M,vVff,cObuuh,gKa,cObuuh,vVff,yxRsksqh,PJtAScTxaY
cObuuh
cObuuh
vVff,yxRsksqh,vVff,gKa,cObuuh,M,cObuuh
yxRsksqh
vVff,yxRsksqh,M,vVff,gKa,cObuuh,cObuuh,uzeGKR
yxRsksqh
gKa
gKa
gKa
vVff,yxRsksqh,gKa,M,vVff,cObuuh,cObuuh,gKa,uzeGKR
gKa
vVff,gKa,M,cObuuh,vVff,cObuuh,gKa,uzeGKR,pz
M
vVff,yxRsksqh,gKa,M,vVff,cObuuh,cObuuh,gKa,uzeGKR,pz
vVff
M
M
vVff,gKa,vVff,M,uzeGKR,cObuuh,gKa,pz,uzeGKR,ALhb,cObuuh,gKa,M,uzeGKR,ALhb
vVff,gKa,vVff,M,uzeGKR,cObuuh,gKa,pz,uzeGKR,ALhb,cObuuh,gKa,M,uzeGKR,ALhb
M
vVff,gKa,vVff,M,cObuuh,uzeGKR,gKa,pz,uzeGKR,ALhb,cObuuh,gKa,M,uzeGKR,ALhb
M
M
gKa
gKa
gKa
vVff,vVff,M,pz,gKa,uzeGKR,cObuuh,gKa,uzeGKR,ALhb,cObuuh,gKa,M,uzeGKR,ALhb,gKa,M,cObuuh,uzeGKR
vVff,vVff,M,pz,cObuuh,gKa,uzeGKR,gKa,uzeGKR,ALhb,cObuuh,gKa,M,uzeGKR,ALhb,gKa,M,cObuuh
gKa
vVff,vVff,M,pz,gKa,uzeGKR,cObuuh,gKa,uzeGKR,ALhb,cObuuh,gKa,M,uzeGKR,ALhb,gKa,M,cObuuh
M
vVff,M,pz,gKa,vVff,uzeGKR,cObuuh,gKa,uzeGKR,ALhb,cObuuh,gKa,M,uzeGKR,ALhb,gKa,M,cObuuh
cObuuh
ALhb
ALhb
vVff,M,pz,ALhb,gKa,cObuuh,vVff,uzeGKR,gKa,uzeGKR,cObuuh,gKa,M,uzeGKR,ALhb,gKa,M,cObuuh
cObuuh
vVff,M,pz,ALhb,uzeGKR,gKa,vVff,gKa,uzeGKR,cObuuh,gKa,M,uzeGKR,ALhb,gKa,M,cObuuh
vVff,M,pz,ALhb,uzeGKR,gKa,vVff,gKa,uzeGKR,cObuuh,gKa,M,uzeGKR,ALhb,gKa,M,cObuuh
M
pz,ALhb,uzeGKR,M,gKa,vVff,gKa,uzeGKR,cObuuh,gKa,M,uzeGKR,ALhb,gKa,M,cObuuh,PJtAScTxaY,uzeGKR
gKa
ALhb,uzeGKR,M,gKa,pz,vVff,gKa,uzeGKR,cObuuh,gKa,M,uzeGKR,ALhb,gKa,M,cObuuh,PJtAScTxaY,uzeGKR,cObuuh
ALhb,uzeGKR,gKa,pz,vVff,PJtAScTxaY,gKa,uzeGKR,cObuuh,gKa,M,uzeGKR,ALhb,gKa,M,cObuuh,uzeGKR,cObuuh,vVff
vVff
vVff
ALhb,pz,vVff,PJtAScTxaY,uzeGKR,gKa,uzeGKR,cObuuh,gKa,M,uzeGKR,ALhb,gKa,M,cObuuh,uzeGKR,cObuuh,vVff,uzeGKR,uzeGKR
ALhb,pz,vVff,uzeGKR,M,PJtAScTxaY,gKa,uzeGKR,cObuuh,gKa,uzeGKR,ALhb,gKa,M,cObuuh,uzeGKR,cObuuh,vVff,uzeGKR,uzeGKR,ALhb,uzeGKR,yxRsksqh,gKa
ALhb,pz,vVff,M,uzeGKR,PJtAScTxaY,gKa,uzeGKR,cObuuh,gKa,uzeGKR,ALhb,gKa,M,cObuuh,uzeGKR,cObuuh,vVff,uzeGKR,uzeGKR,ALhb,uzeGKR,yxRsksqh,gKa,cObuuh,M
ALhb,pz,vVff,M,uzeGKR,PJtAScTxaY,gKa,uzeGKR,cObuuh,gKa,uzeGKR,ALhb,gKa,M,cObuuh,uzeGKR,cObuuh,vVff,uzeGKR,uzeGKR,ALhb,uzeGKR,yxRsksqh,gKa,cObuuh,M
ALhb,pz,vVff,M,uzeGKR,PJtAScTxaY,gKa,uzeGKR,cObuuh,gKa,uzeGKR,ALhb,gKa,M,cObuuh,uzeGKR,cObuuh,vVff,uzeGKR,uzeGKR,ALhb,uzeGKR,yxRsksqh,gKa,cObuuh,M
M
M
ALhb,pz,vVff,M,uzeGKR,PJtAScTxaY,gKa,uzeGKR,cObuuh,gKa,uzeGKR,ALhb,gKa,M,cObuuh,uzeGKR,cObuuh,vVff,uzeGKR,uzeGKR,ALhb,uzeGKR,yxRsksqh,gKa,cObuuh,M
M
M
PJtAScTxaY
pz,vVff,PJtAScTxaY,uzeGKR,gKa,uzeGKR,cObuuh,gKa,uzeGKR,ALhb,gKa,M,cObuuh,uzeGKR,cObuuh,vVff,uzeGKR,uzeGKR,ALhb,uzeGKR,yxRsksqh,gKa,cObuuh,M,cObuuh,cObuuh
pz,vVff,PJtAScTxaY,uzeGKR,gKa,uzeGKR,cObuuh,gKa,uzeGKR,ALhb,gKa,M,cObuuh,uzeGKR,cObuuh,vVff,uzeGKR,uzeGKR,ALhb,uzeGKR,yxRsksqh,gKa,cObuuh,M,cObuuh,cObuuh,gKa
pz,vVff,PJtAScTxaY,uzeGKR,gKa,uzeGKR,cObuuh,gKa,uzeGKR,ALhb,gKa,M,cObuuh,uzeGKR,cObuuh,vVff,uzeGKR,uzeGKR,ALhb,uzeGKR,yxRsksqh,gKa,cObuuh,M,cObuuh,cObuuh,gKa
pz,vVff,PJtAScTxaY,uzeGKR,gKa,uzeGKR,cObuuh,gKa,uzeGKR,ALhb,gKa,M,cObuuh,uzeGKR,cObuuh,vVff,uzeGKR,uzeGKR,ALhb,uzeGKR,yxRsksqh,gKa,cObuuh,M,cObuuh,cObuuh,gKa
pz,vVff,PJtAScTxaY,uzeGKR,gKa,uzeGKR,gKa,uzeGKR,gKa,M,cObuuh,uzeGKR,cObuuh,vVff,uzeGKR,uzeGKR,ALhb,uzeGKR,yxRsksqh,gKa,cObuuh,M,cObuuh,cObuuh,gKa
PJtAScTxaY
PJtAScTxaY
pz,vVff,M,PJtAScTxaY,uzeGKR,gKa,uzeGKR,cObuuh,gKa,uzeGKR,ALhb,gKa,M,cObuuh,uzeGKR,cObuuh,vVff,uzeGKR,uzeGKR,ALhb,uzeGKR,yxRsksqh,gKa,cObuuh,M,cObuuh
PJtAScTxaY
PJtAScTxaY
PJtAScTxaY
pz
pz
vVff,M,PJtAScTxaY,pz,uzeGKR,cObuuh,gKa,uzeGKR,gKa,M,cObuuh,uzeGKR,cObuuh,vVff,uzeGKR,uzeGKR,uzeGKR,yxRsksqh,gKa,cObuuh,M,cObuuh,ALhb
vVff,M,PJtAScTxaY,pz,uzeGKR,cObuuh,gKa,uzeGKR,gKa,M,cObuuh,uzeGKR,cObuuh,vVff,uzeGKR,uzeGKR,uzeGKR,yxRsksqh,gKa,cObuuh,M,cObuuh,ALhb
vVff,M,PJtAScTxaY,pz,uzeGKR,cObuuh,gKa,uzeGKR,gKa,M,cObuuh,uzeGKR,cObuuh,vVff,uzeGKR,uzeGKR,uzeGKR,gKa,cObuuh,M,cObuuh,ALhb,cObuuh
M,PJtAScTxaY,pz,uzeGKR,cObuuh,gKa,uzeGKR,gKa,M,cObuuh,uzeGKR,cObuuh,vVff,uzeGKR,uzeGKR,uzeGKR,gKa,cObuuh,M,cObuuh,ALhb,cObuuh
Jedi Wagner, assuma o comando!