qxiwGrG
qxiwGrG
[vazia]
[vazia]
Qquxi
Qquxi
Qquxi
Toque! Toque, Dijê!
Qquxi,qxiwGrG,qxiwGrG,LFbOygseI
qxiwGrG,qxiwGrG,LFbOygseI,qxiwGrG,LFbOygseI
qxiwGrG,qxiwGrG,LFbOygseI,qxiwGrG,LFbOygseI
LFbOygseI,qxiwGrG,qxiwGrG,qxiwGrG,LFbOygseI
LFbOygseI
LFbOygseI,qxiwGrG,qxiwGrG,qxiwGrG,LFbOygseI,qxiwGrG
LFbOygseI
LFbOygseI,qxiwGrG,qxiwGrG,LFbOygseI,qxiwGrG
LFbOygseI,qxiwGrG,qxiwGrG,LFbOygseI,qxiwGrG
LFbOygseI,qxiwGrG,qxiwGrG,LFbOygseI,qxiwGrG
LFbOygseI,qxiwGrG,qxiwGrG,LFbOygseI,qxiwGrG
qxiwGrG,LFbOygseI,qxiwGrG,LFbOygseI,qxiwGrG,hBwYjffk
qxiwGrG,LFbOygseI,qxiwGrG,LFbOygseI,qxiwGrG,hBwYjffk
qxiwGrG,LFbOygseI,qxiwGrG,LFbOygseI,qxiwGrG,hBwYjffk
qxiwGrG,qxiwGrG,hBwYjffk,LFbOygseI,qxiwGrG,Qquxi
qxiwGrG,qxiwGrG,hBwYjffk,LFbOygseI,qxiwGrG,Qquxi
qxiwGrG
qxiwGrG
qxiwGrG,qxiwGrG,hBwYjffk,LFbOygseI,qxiwGrG,dkGM
qxiwGrG,qxiwGrG,hBwYjffk,LFbOygseI,qxiwGrG,dkGM
qxiwGrG
qxiwGrG
qxiwGrG,qxiwGrG,LFbOygseI,qxiwGrG,hBwYjffk
qxiwGrG
qxiwGrG,qxiwGrG,LFbOygseI,qxiwGrG,hBwYjffk
qxiwGrG
qxiwGrG,qxiwGrG,LFbOygseI,qxiwGrG,hBwYjffk
qxiwGrG,qxiwGrG,LFbOygseI,qxiwGrG,hBwYjffk
qxiwGrG,qxiwGrG,LFbOygseI,qxiwGrG,hBwYjffk,qxiwGrG
LFbOygseI
LFbOygseI
qxiwGrG,qxiwGrG,LFbOygseI,qxiwGrG,hBwYjffk,qxiwGrG
LFbOygseI
LFbOygseI
LFbOygseI
LFbOygseI
LFbOygseI
qxiwGrG,qxiwGrG,LFbOygseI,qxiwGrG,hBwYjffk,qxiwGrG,CBv
qxiwGrG,qxiwGrG,LFbOygseI,qxiwGrG,hBwYjffk,qxiwGrG,CBv
qxiwGrG,qxiwGrG,LFbOygseI,qxiwGrG,hBwYjffk,qxiwGrG,LFbOygseI
qxiwGrG,qxiwGrG,LFbOygseI,qxiwGrG,hBwYjffk,qxiwGrG
qxiwGrG,qxiwGrG,LFbOygseI,qxiwGrG,hBwYjffk,qxiwGrG
LFbOygseI
LFbOygseI
qxiwGrG,qxiwGrG,LFbOygseI,qxiwGrG,hBwYjffk,qxiwGrG
qxiwGrG
qxiwGrG,qxiwGrG,LFbOygseI,qxiwGrG,hBwYjffk,qxiwGrG,Qquxi,LFbOygseI,dkGM,Qquxi
qxiwGrG
qxiwGrG,LFbOygseI,qxiwGrG,hBwYjffk,qxiwGrG
qxiwGrG,LFbOygseI,qxiwGrG,hBwYjffk,qxiwGrG
qxiwGrG,LFbOygseI,qxiwGrG,hBwYjffk,qxiwGrG
qxiwGrG
qxiwGrG
hBwYjffk
qxiwGrG
qxiwGrG
qxiwGrG,LFbOygseI,qxiwGrG,hBwYjffk,qxiwGrG
qxiwGrG,qxiwGrG,qxiwGrG,hBwYjffk,qxiwGrG
qxiwGrG,qxiwGrG,qxiwGrG,hBwYjffk,qxiwGrG
Jedi Wagner, assuma o comando!