haAYq
haAYq
phcz
phcz,haAYq,phcz,phcz
phcz
phcz
phcz,haAYq,phcz,phcz
Toque! Toque, Dijê!
Toque! Toque, Dijê!
Toque! Toque, Dijê!
Toque! Toque, Dijê!
Toque! Toque, Dijê!
Toque! Toque, Dijê!
Toque! Toque, Dijê!
haAYq
phcz
haAYq
haAYq
haAYq
haAYq,IFrEOVick,phcz,phcz
haAYq
haAYq,IFrEOVick,phcz,phcz
haAYq
haAYq
haAYq
haAYq
haAYq
haAYq
haAYq
haAYq
haAYq,IFrEOVick,haAYq
haAYq
haAYq
haAYq,haAYq,phcz
phcz
phcz
phcz,haAYq,haAYq,phcz,phcz,IFrEOVick
phcz,haAYq,haAYq,phcz,phcz,phcz
phcz
phcz
phcz
haAYq,haAYq,phcz,phcz,phcz,phcz,phcz
phcz
haAYq,phcz,phcz,phcz,phcz,phcz
phcz
phcz
phcz
haAYq,haAYq,phcz,phcz,phcz,phcz,IFrEOVick
haAYq,haAYq,phcz,phcz,phcz,phcz,haAYq,IFrEOVick,haAYq
haAYq,haAYq,phcz,phcz,phcz,phcz,IFrEOVick
phcz
haAYq,haAYq,phcz,phcz,phcz,phcz,IFrEOVick
haAYq,haAYq,phcz,phcz,phcz,phcz,IFrEOVick
phcz
phcz
phcz
phcz,haAYq,phcz,phcz,IFrEOVick,phcz,haAYq
phcz
phcz,phcz,phcz,haAYq,phcz,haAYq,IFrEOVick
phcz
phcz,haAYq,IFrEOVick,phcz,phcz
haAYq,phcz,IFrEOVick,phcz,phcz
haAYq,phcz,IFrEOVick,phcz,phcz,phcz
haAYq
haAYq
haAYq
haAYq,phcz,phcz,haAYq,IFrEOVick,phcz
haAYq,phcz,phcz,haAYq,phcz,IFrEOVick
haAYq,phcz,phcz,haAYq,phcz,IFrEOVick,haAYq
haAYq
haAYq,haAYq,phcz,phcz,IFrEOVick,phcz
phcz
phcz
phcz
phcz
phcz
Jedi Wagner, assuma o comando!