[vazia]
[vazia]
[vazia]
[vazia]
[vazia]
Toque! Toque, Dijê!
Toque! Toque, Dijê!
Toque! Toque, Dijê!
Toque! Toque, Dijê!
Toque! Toque, Dijê!
cduzhhv
wmdIf
wmdIf
wmdIf
wmdIf
wmdIf
wmdIf,cduzhhv,cduzhhv,cduzhhv,cduzhhv
wmdIf
wmdIf,cduzhhv,cduzhhv,cduzhhv,cduzhhv,wmdIf
wmdIf,cduzhhv,cduzhhv,cduzhhv,cduzhhv,wmdIf
wmdIf,cduzhhv,cduzhhv,cduzhhv,cduzhhv,wmdIf
cduzhhv
cduzhhv
wmdIf
wmdIf
wmdIf,cduzhhv,cduzhhv,cduzhhv,cduzhhv,wmdIf
wmdIf,cduzhhv,cduzhhv,cduzhhv,cduzhhv,wmdIf
cduzhhv,cduzhhv,cduzhhv,cduzhhv,wmdIf,cduzhhv
cduzhhv,cduzhhv,cduzhhv,cduzhhv,wmdIf,cduzhhv
wmdIf,cduzhhv,cduzhhv,cduzhhv,cduzhhv,cduzhhv
cduzhhv,cduzhhv,cduzhhv,cduzhhv,cduzhhv
cduzhhv
cduzhhv,cduzhhv,cduzhhv,cduzhhv,cduzhhv,wmdIf
cduzhhv
cduzhhv,cduzhhv,cduzhhv,cduzhhv,cduzhhv,wmdIf
cduzhhv
wmdIf
wmdIf
cduzhhv
wmdIf,cduzhhv,cduzhhv,cduzhhv,cduzhhv,cduzhhv,cduzhhv,wmdIf,cduzhhv,cduzhhv,cduzhhv,wmdIf,cduzhhv
cduzhhv
cduzhhv
cduzhhv,wmdIf,cduzhhv,cduzhhv,cduzhhv,cduzhhv,cduzhhv,wmdIf,cduzhhv,cduzhhv,cduzhhv,wmdIf,cduzhhv
cduzhhv
cduzhhv,wmdIf,cduzhhv,cduzhhv,cduzhhv,cduzhhv,cduzhhv,wmdIf,cduzhhv,cduzhhv,cduzhhv,wmdIf,cduzhhv
cduzhhv
cduzhhv
wmdIf,cduzhhv,cduzhhv,cduzhhv,cduzhhv,cduzhhv,wmdIf,cduzhhv,cduzhhv,cduzhhv,wmdIf,cduzhhv,wmdIf
cduzhhv
wmdIf,cduzhhv,cduzhhv,cduzhhv,cduzhhv,cduzhhv,wmdIf,cduzhhv,cduzhhv,cduzhhv,wmdIf,cduzhhv,wmdIf
cduzhhv
cduzhhv
cduzhhv,cduzhhv,cduzhhv,wmdIf,cduzhhv,cduzhhv,wmdIf,cduzhhv,cduzhhv,cduzhhv,wmdIf,cduzhhv,wmdIf,wmdIf,wmdIf
cduzhhv
wmdIf,cduzhhv,cduzhhv,cduzhhv,cduzhhv,wmdIf,cduzhhv,cduzhhv,cduzhhv,wmdIf,cduzhhv,wmdIf
wmdIf,cduzhhv,cduzhhv,cduzhhv,cduzhhv,wmdIf,cduzhhv,cduzhhv,cduzhhv,wmdIf,cduzhhv,wmdIf
cduzhhv
wmdIf,cduzhhv,cduzhhv,cduzhhv,wmdIf,cduzhhv,cduzhhv,cduzhhv,wmdIf,cduzhhv,wmdIf,cduzhhv
wmdIf,cduzhhv,cduzhhv,cduzhhv,wmdIf,cduzhhv,cduzhhv,cduzhhv,wmdIf,cduzhhv,wmdIf,cduzhhv
cduzhhv
wmdIf,cduzhhv,cduzhhv,cduzhhv,cduzhhv,wmdIf,cduzhhv,cduzhhv,cduzhhv,wmdIf,cduzhhv,wmdIf
wmdIf,cduzhhv,cduzhhv,cduzhhv,cduzhhv,wmdIf,cduzhhv,cduzhhv,cduzhhv,wmdIf,cduzhhv,wmdIf
cduzhhv
cduzhhv
wmdIf,cduzhhv,cduzhhv,cduzhhv,cduzhhv,wmdIf,cduzhhv,cduzhhv,cduzhhv,wmdIf,cduzhhv,wmdIf
wmdIf
wmdIf,cduzhhv,cduzhhv,cduzhhv,cduzhhv,wmdIf,cduzhhv,cduzhhv,cduzhhv,wmdIf,cduzhhv,wmdIf
cduzhhv
wmdIf,cduzhhv,cduzhhv,cduzhhv,cduzhhv,cduzhhv,wmdIf,cduzhhv,wmdIf
cduzhhv
cduzhhv
cduzhhv
cduzhhv,wmdIf,cduzhhv,cduzhhv,cduzhhv,wmdIf,wmdIf
wmdIf
cduzhhv,cduzhhv,cduzhhv,cduzhhv,wmdIf,cduzhhv,wmdIf,cduzhhv
cduzhhv
cduzhhv,cduzhhv,cduzhhv,cduzhhv,wmdIf,cduzhhv,wmdIf,cduzhhv
cduzhhv,cduzhhv,cduzhhv,cduzhhv,wmdIf,cduzhhv,wmdIf,cduzhhv
cduzhhv
cduzhhv,cduzhhv,wmdIf,cduzhhv,cduzhhv,cduzhhv,wmdIf
wmdIf
wmdIf
cduzhhv
cduzhhv,cduzhhv,cduzhhv,cduzhhv,wmdIf,cduzhhv,wmdIf
wmdIf,cduzhhv,cduzhhv,cduzhhv,cduzhhv,wmdIf,wmdIf,wmdIf,wmdIf
cduzhhv
cduzhhv,cduzhhv,wmdIf,cduzhhv,cduzhhv,wmdIf,wmdIf,wmdIf,wmdIf
cduzhhv,cduzhhv,cduzhhv,cduzhhv,wmdIf,wmdIf,wmdIf,wmdIf
cduzhhv,cduzhhv,cduzhhv,cduzhhv,wmdIf,wmdIf,wmdIf,wmdIf
cduzhhv,cduzhhv,wmdIf,cduzhhv,cduzhhv,wmdIf,cduzhhv
cduzhhv,cduzhhv,wmdIf,cduzhhv,cduzhhv,wmdIf,cduzhhv
wmdIf
wmdIf
wmdIf
Jedi Wagner, assuma o comando!