[vazia]
mtwqoxpX
mtwqoxpX
mtwqoxpX
mtwqoxpX
Toque! Toque, Dijê!
Toque! Toque, Dijê!
ZfFdoa
Toque! Toque, Dijê!
Toque! Toque, Dijê!
ZfFdoa
ZfFdoa
ZfFdoa,mtwqoxpX,mtwqoxpX
ZfFdoa
mtwqoxpX
ZfFdoa,mtwqoxpX,mtwqoxpX,V,V
ZfFdoa,mtwqoxpX,mtwqoxpX,V
mtwqoxpX
mtwqoxpX
mtwqoxpX
mtwqoxpX
ZfFdoa,mtwqoxpX,V
ZfFdoa
mtwqoxpX,ZfFdoa,V,FCPAU
V
ZfFdoa,V,FCPAU
ZfFdoa,V,FCPAU
ZfFdoa,XkAdPTKlQ,V,FCPAU,FCPAU,uyFH,FCPAU,XkAdPTKlQ
XkAdPTKlQ
XkAdPTKlQ
XkAdPTKlQ
ZfFdoa,XkAdPTKlQ,V,FCPAU,FCPAU,uyFH,FCPAU,XkAdPTKlQ,FCPAU
ZfFdoa,XkAdPTKlQ,V,FCPAU,FCPAU,uyFH,FCPAU,XkAdPTKlQ,FCPAU,mtwqoxpX
ZfFdoa,XkAdPTKlQ,V,FCPAU,FCPAU,uyFH,FCPAU,XkAdPTKlQ,FCPAU
XkAdPTKlQ
XkAdPTKlQ
XkAdPTKlQ
mtwqoxpX,V,FCPAU,FCPAU
V,mtwqoxpX,FCPAU,FCPAU,LSVSbgt
mtwqoxpX
FCPAU
FCPAU
FCPAU
FCPAU
V,FCPAU,mtwqoxpX,FCPAU,LSVSbgt,FCPAU,mtwqoxpX
FCPAU
FCPAU
FCPAU
FCPAU
FCPAU
V,mtwqoxpX,FCPAU,LSVSbgt,FCPAU,uyFH,uyFH
V,mtwqoxpX,FCPAU,LSVSbgt,FCPAU,uyFH,uyFH
FCPAU
V,mtwqoxpX,FCPAU,LSVSbgt,FCPAU,uyFH,uyFH
FCPAU
FCPAU
V,mtwqoxpX,FCPAU,LSVSbgt,FCPAU,uyFH,uyFH,LSVSbgt
LSVSbgt
V,mtwqoxpX,FCPAU,LSVSbgt,FCPAU,uyFH,uyFH,LSVSbgt
LSVSbgt
V,mtwqoxpX,FCPAU,LSVSbgt,FCPAU,uyFH,uyFH,LSVSbgt
V,mtwqoxpX,FCPAU,LSVSbgt,FCPAU,uyFH,uyFH,LSVSbgt
V,mtwqoxpX,FCPAU,LSVSbgt,FCPAU,uyFH,uyFH,LSVSbgt
mtwqoxpX,FCPAU,LSVSbgt,FCPAU,uyFH,uyFH,LSVSbgt,uyFH
mtwqoxpX,FCPAU,LSVSbgt,FCPAU,uyFH,uyFH,LSVSbgt,uyFH
FCPAU
mtwqoxpX,FCPAU,FCPAU,uyFH,uyFH
mtwqoxpX
mtwqoxpX,FCPAU,FCPAU,uyFH,uyFH
uyFH,mtwqoxpX,FCPAU,FCPAU,uyFH
uyFH,mtwqoxpX,FCPAU,FCPAU,uyFH
mtwqoxpX
uyFH,mtwqoxpX,FCPAU,FCPAU,uyFH,uyFH,V
uyFH
uyFH,mtwqoxpX,FCPAU,FCPAU,uyFH,uyFH,V,FCPAU,V,XkAdPTKlQ,ZfFdoa,NEYVHg
uyFH
uyFH,mtwqoxpX,FCPAU,FCPAU,uyFH,uyFH,V,FCPAU,V,XkAdPTKlQ,ZfFdoa
mtwqoxpX,FCPAU,FCPAU,uyFH,uyFH,uyFH
mtwqoxpX,FCPAU,FCPAU,uyFH,uyFH,uyFH
mtwqoxpX,FCPAU,FCPAU,uyFH,uyFH,uyFH
mtwqoxpX
mtwqoxpX
Jedi Wagner, assuma o comando!