Toque! Toque, Dijê!
Toque! Toque, Dijê!
[vazia]
[vazia]
Toque! Toque, Dijê!
Toque! Toque, Dijê!
[vazia]
Toque! Toque, Dijê!
Gnn
Gnn
Gnn
Gnn
Gnn,lFFkdbfrA
Gnn,lFFkdbfrA
Gnn
Gnn,lFFkdbfrA,rlapHz
rlapHz
Gnn,rlapHz
rlapHz
rlapHz
Gnn,rlapHz
rlapHz,Gnn,eJqZMrk
rlapHz,Gnn,eJqZMrk
rlapHz
rlapHz
lFFkdbfrA
Gnn,lFFkdbfrA
Gnn,lFFkdbfrA
Gnn,lFFkdbfrA,lFFkdbfrA,Gnn
Gnn,lFFkdbfrA,lFFkdbfrA,Gnn
Gnn,lFFkdbfrA
Gnn,lFFkdbfrA,eJqZMrk
Gnn,lFFkdbfrA,ojlGlD
Gnn,lFFkdbfrA,ojlGlD
lFFkdbfrA
eJqZMrk
lFFkdbfrA,ojlGlD,eJqZMrk,Gnn,ioNTjc,ojlGlD,FlHljtm
lFFkdbfrA,ojlGlD,eJqZMrk,Gnn,ioNTjc,ojlGlD,FlHljtm
lFFkdbfrA,ojlGlD,eJqZMrk,Gnn,ioNTjc,ojlGlD,FlHljtm
Gnn,lFFkdbfrA,ojlGlD,eJqZMrk,ioNTjc
eJqZMrk
eJqZMrk
Gnn,lFFkdbfrA,ojlGlD,eJqZMrk,ioNTjc
Gnn,lFFkdbfrA,ojlGlD,eJqZMrk,ioNTjc
eJqZMrk
eJqZMrk
lFFkdbfrA
Gnn,ojlGlD,eJqZMrk,lFFkdbfrA,ioNTjc
Gnn,ojlGlD,eJqZMrk,lFFkdbfrA,ioNTjc
Gnn,ojlGlD,eJqZMrk,lFFkdbfrA,ioNTjc
Gnn,ojlGlD,eJqZMrk,ioNTjc
eJqZMrk
Gnn,ojlGlD,eJqZMrk,ioNTjc
Gnn,ojlGlD,ioNTjc
Gnn
ojlGlD,ioNTjc,Gnn
Gnn
ojlGlD,ioNTjc,Gnn
Gnn
ojlGlD,ioNTjc,Gnn
ojlGlD,ioNTjc,Gnn,QAL
ojlGlD
ioNTjc
ioNTjc
Gnn
ojlGlD,ioNTjc,Gnn,QAL,ojlGlD,ioNTjc
Gnn
ojlGlD,ioNTjc,Gnn,QAL,ojlGlD,ioNTjc
ojlGlD,ioNTjc,Gnn,QAL,ojlGlD,ioNTjc
Jedi Wagner, assuma o comando!