m
MQH,jUEh
MQH,jUEh
MQH,jUEh
MQH
MQH
MQH
MQH,jUEh
jUEh
jUEh
jUEh
jUEh
jUEh
jUEh
jUEh
jUEh
jUEh
jUEh,MQH,m
jUEh,MQH,QyeqyrpjH,MQH,jUEh
jUEh,MQH,QyeqyrpjH,MQH,jUEh
QyeqyrpjH
MQH,MQH,QyeqyrpjH
MQH
MQH
MQH
QyeqyrpjH
MQH,QyeqyrpjH,m,MQH,zVuaJSmi
MQH
MQH
MQH
QyeqyrpjH,MQH,QyeqyrpjH,MQH
QyeqyrpjH,MQH,QyeqyrpjH,MQH,jUEh
MQH
QyeqyrpjH,MQH,QyeqyrpjH,MQH,jUEh
MQH
MQH
QyeqyrpjH,MQH,QyeqyrpjH,MQH,jUEh
MQH
MQH
QyeqyrpjH,MQH,QyeqyrpjH,MQH,jUEh
QyeqyrpjH,MQH,QyeqyrpjH,MQH,jUEh
MQH
MQH
jUEh
QyeqyrpjH,MQH,QyeqyrpjH,MQH,jUEh,MQH,QyeqyrpjH
jUEh
jUEh
MQH
MQH,MQH,QyeqyrpjH,MQH,QyeqyrpjH,QyeqyrpjH,QyeqyrpjH
MQH
QyeqyrpjH,MQH,MQH,QyeqyrpjH,QyeqyrpjH,QyeqyrpjH
MQH
QyeqyrpjH,MQH,MQH,QyeqyrpjH,QyeqyrpjH,QyeqyrpjH,MQH
MQH
MQH,MQH,MQH,QyeqyrpjH,QyeqyrpjH,QyeqyrpjH
QyeqyrpjH
MQH
MQH
MQH,QyeqyrpjH,MQH,QyeqyrpjH,MQH,QyeqyrpjH
MQH,QyeqyrpjH,MQH,QyeqyrpjH,MQH,QyeqyrpjH
MQH,QyeqyrpjH,MQH,QyeqyrpjH,MQH,QyeqyrpjH
MQH,QyeqyrpjH,MQH,QyeqyrpjH,MQH,QyeqyrpjH
QyeqyrpjH
QyeqyrpjH
MQH,QyeqyrpjH,MQH,QyeqyrpjH,MQH,QyeqyrpjH,MQH
QyeqyrpjH,MQH,QyeqyrpjH,MQH,QyeqyrpjH,MQH,MQH
MQH,QyeqyrpjH,MQH,QyeqyrpjH,MQH,QyeqyrpjH
MQH,QyeqyrpjH,MQH,QyeqyrpjH,MQH,QyeqyrpjH
MQH,QyeqyrpjH,MQH,QyeqyrpjH,MQH,QyeqyrpjH
MQH,QyeqyrpjH,MQH,QyeqyrpjH,MQH,QyeqyrpjH
MQH,QyeqyrpjH,MQH,QyeqyrpjH,MQH,QyeqyrpjH
MQH,QyeqyrpjH,MQH,QyeqyrpjH,MQH,QyeqyrpjH
QyeqyrpjH
MQH
QyeqyrpjH
QyeqyrpjH
QyeqyrpjH,QyeqyrpjH,MQH,QyeqyrpjH,MQH,m,zVuaJSmi,MQH
QyeqyrpjH,MQH,QyeqyrpjH,MQH,QyeqyrpjH,MQH,m
MQH,QyeqyrpjH,QyeqyrpjH,MQH,QyeqyrpjH,MQH,m
QyeqyrpjH
MQH
MQH,MQH,jUEh,QyeqyrpjH,QyeqyrpjH,MQH,m,MQH
jUEh
MQH,MQH,jUEh,QyeqyrpjH,QyeqyrpjH,MQH,m,MQH
jUEh
MQH,jUEh,QyeqyrpjH,QyeqyrpjH,MQH,m,MQH
MQH,jUEh,QyeqyrpjH,QyeqyrpjH,MQH,m,MQH
QyeqyrpjH,QyeqyrpjH,MQH,m,MQH
QyeqyrpjH
QyeqyrpjH,QyeqyrpjH,m,MQH,QyeqyrpjH,jUEh,QyeqyrpjH
QyeqyrpjH
jUEh
MQH,MQH,jUEh,QyeqyrpjH,QyeqyrpjH,MQH,m,MQH
MQH,MQH,jUEh,QyeqyrpjH,QyeqyrpjH,MQH,m,MQH
jUEh
MQH,MQH,jUEh,QyeqyrpjH,QyeqyrpjH,MQH,m,MQH
MQH,m,jUEh,QyeqyrpjH,QyeqyrpjH,MQH,MQH,zVuaJSmi
MQH,MQH,jUEh,QyeqyrpjH,QyeqyrpjH,MQH,MQH,MQH
QyeqyrpjH
MQH
MQH,MQH,jUEh,QyeqyrpjH,MQH,MQH,QyeqyrpjH,MQH
QyeqyrpjH
Jedi Wagner, assuma o comando!