[vazia]
Toque! Toque, Dijê!
Toque! Toque, Dijê!
dzIHT
dzIHT
FfnLFX,dzIHT,wSJuGti
wSJuGti
FfnLFX,dzIHT,wSJuGti,raWNiaTA
FfnLFX,dzIHT,wSJuGti,raWNiaTA
raWNiaTA
dzIHT,wSJuGti,raWNiaTA,raWNiaTA
dzIHT,wSJuGti,raWNiaTA,raWNiaTA
dzIHT,wSJuGti,raWNiaTA,raWNiaTA
dzIHT,wSJuGti,raWNiaTA,raWNiaTA
raWNiaTA
dzIHT,wSJuGti,raWNiaTA,raWNiaTA,i
raWNiaTA
raWNiaTA
dzIHT,wSJuGti,raWNiaTA,raWNiaTA,i,raWNiaTA
dzIHT,wSJuGti,raWNiaTA,raWNiaTA,i,raWNiaTA
raWNiaTA
dzIHT,wSJuGti,raWNiaTA,raWNiaTA,i,raWNiaTA
raWNiaTA
dzIHT,wSJuGti,raWNiaTA,i,raWNiaTA
wSJuGti,raWNiaTA,i,raWNiaTA,FfnLFX
i
wSJuGti,raWNiaTA,i,raWNiaTA,FfnLFX
wSJuGti,raWNiaTA,i,raWNiaTA,FfnLFX
wSJuGti,raWNiaTA,i,raWNiaTA,FfnLFX
wSJuGti,raWNiaTA,raWNiaTA,i,FfnLFX
i
raWNiaTA,i,FfnLFX
raWNiaTA,i,FfnLFX
i
i
raWNiaTA
wSJuGti,raWNiaTA,raWNiaTA,FfnLFX
raWNiaTA
FfnLFX
FfnLFX
FfnLFX
FfnLFX,raWNiaTA,dzIHT
raWNiaTA
raWNiaTA
raWNiaTA
FfnLFX
FfnLFX,raWNiaTA,dzIHT,FfnLFX,raWNiaTA,dzIHT
FfnLFX
raWNiaTA
raWNiaTA
Jedi Wagner, assuma o comando!