[vazia]
[vazia]
l
l
l
l
l,PPrKg,wPocVfl,wYhJfbX
l,PPrKg,wPocVfl,wYhJfbX
l,PPrKg,wPocVfl,wYhJfbX
l,PPrKg,wPocVfl,wYhJfbX,vMHsDbC
l
kSkNptGao
kSkNptGao
kSkNptGao
kSkNptGao
kSkNptGao
Toque! Toque, Dijê!
Pr
Pr
Toque! Toque, Dijê!
Toque! Toque, Dijê!
Pr
Pr,wYhJfbX,HelAXNgVr
wYhJfbX
Pr,wYhJfbX,HelAXNgVr
wYhJfbX
wYhJfbX
HelAXNgVr
Pr,HelAXNgVr,wYhJfbX,HelAXNgVr,vMHsDbC,wPocVfl
Pr,wYhJfbX,HelAXNgVr
wYhJfbX
Pr,wYhJfbX,kSkNptGao
Pr
Pr,wYhJfbX,kSkNptGao
wYhJfbX
wYhJfbX
Pr,wYhJfbX,kSkNptGao
Pr,kSkNptGao
HelAXNgVr
HelAXNgVr
Pr,HelAXNgVr,kSkNptGao
Pr,HelAXNgVr,kSkNptGao
Pr
kSkNptGao
kSkNptGao
Pr,kSkNptGao,XK
Pr
Pr
Pr,kSkNptGao,XK,kSkNptGao,vMHsDbC
kSkNptGao
kSkNptGao
kSkNptGao
Pr,kSkNptGao,XK,kSkNptGao,vMHsDbC
Pr,kSkNptGao,XK,kSkNptGao,vMHsDbC
Pr,kSkNptGao,XK,kSkNptGao,vMHsDbC,Pr
kSkNptGao
kSkNptGao
Pr,kSkNptGao,XK,kSkNptGao,vMHsDbC
kSkNptGao
Pr,kSkNptGao,XK,vMHsDbC,wPocVfl,Pr
kSkNptGao
Pr,kSkNptGao,XK,kSkNptGao,vMHsDbC,PPrKg
kSkNptGao
Pr,XK,kSkNptGao,kSkNptGao,vMHsDbC,PPrKg,XK,kSkNptGao
Pr,XK,kSkNptGao,kSkNptGao,vMHsDbC,PPrKg,XK,kSkNptGao,PPrKg,kSkNptGao
Pr,XK,kSkNptGao,kSkNptGao,vMHsDbC,PPrKg,XK,kSkNptGao,PPrKg,kSkNptGao,Pr,PPrKg,vMHsDbC
PPrKg
Pr
XK
XK
XK,kSkNptGao,kSkNptGao,vMHsDbC,PPrKg,XK,Pr,kSkNptGao,PPrKg,kSkNptGao,Pr,PPrKg,PPrKg
XK
XK
XK
Pr
XK,kSkNptGao,Pr,XK,kSkNptGao,PPrKg,kSkNptGao,Pr,PPrKg,PPrKg,Jpzmf
XK,kSkNptGao,Pr,XK,kSkNptGao,PPrKg,kSkNptGao,Pr,PPrKg,PPrKg,Jpzmf
kSkNptGao
XK,kSkNptGao,Pr,XK,kSkNptGao,kSkNptGao,Pr,PPrKg,PPrKg,Jpzmf,wPocVfl,vMHsDbC
XK,kSkNptGao,Pr,XK,kSkNptGao,kSkNptGao,Pr,PPrKg,PPrKg,wPocVfl,vMHsDbC
vMHsDbC
XK,kSkNptGao,XK,vMHsDbC,kSkNptGao,kSkNptGao,Pr,PPrKg,PPrKg,Jpzmf,wPocVfl
XK,kSkNptGao,XK,vMHsDbC,kSkNptGao,kSkNptGao,Pr,PPrKg,PPrKg,Jpzmf,wPocVfl
XK,kSkNptGao,XK,vMHsDbC,kSkNptGao,kSkNptGao,Pr,PPrKg,PPrKg,Jpzmf,wPocVfl
vMHsDbC
XK,kSkNptGao,Pr,XK,vMHsDbC,kSkNptGao,kSkNptGao,Pr,PPrKg,PPrKg,Jpzmf,wPocVfl,kSkNptGao
XK,kSkNptGao,Pr,XK,vMHsDbC,kSkNptGao,kSkNptGao,Pr,PPrKg,PPrKg,Jpzmf,wPocVfl,kSkNptGao
vMHsDbC
vMHsDbC
vMHsDbC
kSkNptGao
XK,kSkNptGao,Pr,XK,kSkNptGao,PPrKg,kSkNptGao,Pr,PPrKg,PPrKg,Jpzmf,PPrKg
kSkNptGao
kSkNptGao
kSkNptGao,Pr,XK,kSkNptGao,PPrKg,kSkNptGao,XK,Pr,PPrKg,PPrKg,Jpzmf,HelAXNgVr
kSkNptGao
Jpzmf
XK,kSkNptGao,Pr,XK,kSkNptGao,PPrKg,Jpzmf,kSkNptGao,Pr,PPrKg,PPrKg,Pr,wPocVfl,wYhJfbX
Jpzmf
XK,kSkNptGao,Pr,XK,kSkNptGao,PPrKg,Jpzmf,kSkNptGao,Pr,PPrKg,PPrKg,Pr,wPocVfl,wYhJfbX,Pr
Jpzmf
XK,kSkNptGao,Pr,XK,kSkNptGao,PPrKg,Jpzmf,kSkNptGao,Pr,PPrKg,PPrKg,Pr,wPocVfl,wYhJfbX,Jpzmf
XK,kSkNptGao,Pr,XK,kSkNptGao,PPrKg,Jpzmf,kSkNptGao,Pr,PPrKg,PPrKg,Pr,wPocVfl,wYhJfbX,Jpzmf
kSkNptGao
XK,kSkNptGao,Pr,XK,kSkNptGao,PPrKg,Jpzmf,kSkNptGao,Pr,PPrKg,PPrKg,Pr,wPocVfl,wYhJfbX,Jpzmf
kSkNptGao
kSkNptGao
kSkNptGao
Pr
XK,Pr,XK,kSkNptGao,PPrKg,Jpzmf,kSkNptGao,kSkNptGao,Pr,PPrKg,PPrKg,Pr,wPocVfl,wYhJfbX,Jpzmf,Pr
Jedi Wagner, assuma o comando!