uWtvnutbu
uWtvnutbu
uWtvnutbu
uWtvnutbu
uWtvnutbu
Toque! Toque, Dijê!
Toque! Toque, Dijê!
[vazia]
YDgGyeT
YDgGyeT
YDgGyeT
YDgGyeT
YDgGyeT,Rgp
YDgGyeT
YDgGyeT
YDgGyeT,Rgp
YDgGyeT
[vazia]
uWtvnutbu
czmGu,uWtvnutbu
Toque! Toque, Dijê!
Toque! Toque, Dijê!
[vazia]
[vazia]
YDgGyeT,YDgGyeT
Toque! Toque, Dijê!
[vazia]
Toque! Toque, Dijê!
Toque! Toque, Dijê!
[vazia]
[vazia]
[vazia]
Toque! Toque, Dijê!
[vazia]
czmGu
czmGu
czmGu,YDgGyeT,uWtvnutbu
czmGu,YDgGyeT,uWtvnutbu
czmGu
czmGu,YDgGyeT,uWtvnutbu,czmGu,Rgp
YDgGyeT
YDgGyeT
YDgGyeT
czmGu,YDgGyeT,uWtvnutbu,czmGu
czmGu,YDgGyeT,uWtvnutbu,czmGu
YDgGyeT
YDgGyeT
YDgGyeT,czmGu,czmGu
czmGu
czmGu,YDgGyeT,uWtvnutbu,czmGu
YDgGyeT,czmGu,uWtvnutbu,czmGu
YDgGyeT,czmGu,uWtvnutbu,czmGu
czmGu
YDgGyeT,czmGu,uWtvnutbu,czmGu
YDgGyeT
czmGu,uWtvnutbu,czmGu
czmGu,uWtvnutbu,czmGu,czmGu
czmGu
czmGu
czmGu,uWtvnutbu,czmGu,czmGu,uWtvnutbu
czmGu,uWtvnutbu,czmGu,czmGu,uWtvnutbu
czmGu,uWtvnutbu,czmGu,czmGu,uWtvnutbu
czmGu
Jedi Wagner, assuma o comando!