[vazia]
qbndztax
qbndztax,GhP,XdcJfktkVv
qbndztax,GhP,XdcJfktkVv
qbndztax
qbndztax
qbndztax,XdcJfktkVv,qbndztax,TMoam
XdcJfktkVv
qbndztax
qbndztax,XdcJfktkVv,qbndztax,TMoam
qbndztax,XdcJfktkVv,qbndztax,TMoam
qbndztax,XdcJfktkVv,qbndztax,TMoam
qbndztax
XdcJfktkVv
qbndztax,qbndztax,XdcJfktkVv
XdcJfktkVv
qbndztax
qbndztax
TMoam
TMoam
TMoam
qbndztax,qbndztax,TMoam,RxMSQb,o
qbndztax,qbndztax,TMoam,RxMSQb,o
qbndztax,qbndztax,TMoam,RxMSQb,o
qbndztax,qbndztax,TMoam,RxMSQb,o,YCZdHvmDv
qbndztax,qbndztax,TMoam,RxMSQb,o
qbndztax,qbndztax,TMoam,RxMSQb,o
RxMSQb
qbndztax,RxMSQb,o
RxMSQb
RxMSQb
RxMSQb,o,YCZdHvmDv
RxMSQb,o,YCZdHvmDv
qbndztax,qbndztax,TMoam,RxMSQb,o
qbndztax,qbndztax,TMoam,RxMSQb,o
RxMSQb
RxMSQb
qbndztax,qbndztax,TMoam,o
qbndztax
qbndztax,qbndztax,TMoam,o
qbndztax,qbndztax,TMoam
qbndztax,qbndztax,TMoam
TMoam
qbndztax,qbndztax,TMoam
TMoam
qbndztax,qbndztax,TMoam
TMoam
qbndztax,qbndztax,TMoam,o
o
qbndztax
qbndztax
qbndztax,qbndztax,o
qbndztax
qbndztax
qbndztax
o
o
qbndztax,o,qbndztax,GhP
qbndztax,o,qbndztax,GhP
o,qbndztax,GhP
qbndztax,qbndztax,o
qbndztax,qbndztax,o,YCZdHvmDv
o
qbndztax,o,qbndztax,YCZdHvmDv,TMoam,YCZdHvmDv
qbndztax
qbndztax
o
qbndztax,o,qbndztax,YCZdHvmDv,qbndztax
qbndztax
qbndztax
qbndztax,o,qbndztax,YCZdHvmDv,qbndztax,keSL,qbndztax
qbndztax,qbndztax,YCZdHvmDv,o,qbndztax,keSL,qbndztax
qbndztax,qbndztax,YCZdHvmDv,o,qbndztax,keSL,qbndztax
qbndztax,qbndztax,YCZdHvmDv,o,qbndztax,keSL,qbndztax
YCZdHvmDv
qbndztax,qbndztax,YCZdHvmDv,o,qbndztax,keSL,qbndztax
qbndztax,qbndztax,YCZdHvmDv,o,qbndztax,keSL,qbndztax
qbndztax,qbndztax,YCZdHvmDv,o,qbndztax,keSL,qbndztax
YCZdHvmDv
qbndztax,qbndztax,YCZdHvmDv,o,qbndztax,keSL,qbndztax,XdcJfktkVv,GhP
qbndztax,qbndztax,YCZdHvmDv,o,qbndztax,keSL,qbndztax,XdcJfktkVv,GhP
qbndztax,qbndztax,YCZdHvmDv,o,qbndztax,qbndztax,XdcJfktkVv,GhP,LagIORdhD,GhP
qbndztax
qbndztax,qbndztax,YCZdHvmDv,o,qbndztax,qbndztax,XdcJfktkVv,GhP,GhP
qbndztax,qbndztax,o,qbndztax,YCZdHvmDv,qbndztax,XdcJfktkVv,GhP,GhP,GhP
YCZdHvmDv
qbndztax,qbndztax,o,qbndztax,YCZdHvmDv,qbndztax,XdcJfktkVv,GhP,GhP,GhP
qbndztax,qbndztax,o,qbndztax,YCZdHvmDv,qbndztax,XdcJfktkVv,GhP,GhP,GhP
qbndztax,qbndztax,o,qbndztax,YCZdHvmDv,qbndztax,XdcJfktkVv,GhP,GhP,GhP
qbndztax,qbndztax,YCZdHvmDv,o,qbndztax,keSL,qbndztax,XdcJfktkVv,GhP,LagIORdhD,keSL
qbndztax
qbndztax
qbndztax,qbndztax,YCZdHvmDv,o,qbndztax,keSL,qbndztax,XdcJfktkVv,GhP,keSL,qbndztax,LagIORdhD,LagIORdhD,YCZdHvmDv,TMoam
qbndztax
qbndztax,qbndztax,YCZdHvmDv,o,qbndztax,keSL,qbndztax,XdcJfktkVv,GhP,keSL,qbndztax,LagIORdhD,LagIORdhD,YCZdHvmDv,GhP
qbndztax,qbndztax,YCZdHvmDv,o,qbndztax,keSL,qbndztax,XdcJfktkVv,GhP,keSL,qbndztax,LagIORdhD,LagIORdhD,YCZdHvmDv
qbndztax,qbndztax,YCZdHvmDv,o,qbndztax,qbndztax,keSL,XdcJfktkVv,GhP,keSL,qbndztax,LagIORdhD,LagIORdhD,YCZdHvmDv,TMoam
qbndztax
qbndztax
qbndztax,qbndztax,YCZdHvmDv,o,qbndztax,qbndztax,keSL,XdcJfktkVv,keSL,qbndztax,LagIORdhD,LagIORdhD,YCZdHvmDv,TMoam,o,RxMSQb
qbndztax,qbndztax,YCZdHvmDv,o,qbndztax,qbndztax,keSL,XdcJfktkVv,keSL,qbndztax,LagIORdhD,LagIORdhD,YCZdHvmDv,TMoam,o,RxMSQb
keSL
qbndztax,qbndztax,YCZdHvmDv,o,qbndztax,qbndztax,keSL,XdcJfktkVv,keSL,qbndztax,LagIORdhD,LagIORdhD,YCZdHvmDv,TMoam,o,RxMSQb,XdcJfktkVv
keSL
qbndztax,qbndztax,YCZdHvmDv,o,qbndztax,qbndztax,keSL,XdcJfktkVv,keSL,qbndztax,LagIORdhD,LagIORdhD,YCZdHvmDv,TMoam,o,RxMSQb
qbndztax,qbndztax,YCZdHvmDv,o,qbndztax,qbndztax,keSL,XdcJfktkVv,keSL,qbndztax,LagIORdhD,LagIORdhD,YCZdHvmDv,TMoam,o,RxMSQb
qbndztax,qbndztax,YCZdHvmDv,o,qbndztax,qbndztax,keSL,XdcJfktkVv,keSL,TMoam,qbndztax,LagIORdhD,LagIORdhD,YCZdHvmDv,o,RxMSQb,o,keSL
qbndztax,qbndztax,YCZdHvmDv,o,qbndztax,qbndztax,keSL,XdcJfktkVv,keSL,TMoam,qbndztax,LagIORdhD,LagIORdhD,YCZdHvmDv,o,RxMSQb,o,keSL
keSL
qbndztax,YCZdHvmDv,qbndztax,qbndztax,keSL,XdcJfktkVv,keSL,o,qbndztax,TMoam,qbndztax,LagIORdhD,LagIORdhD,YCZdHvmDv,o,RxMSQb,o,keSL,keSL
o
o
qbndztax,qbndztax,YCZdHvmDv,qbndztax,qbndztax,XdcJfktkVv,keSL,o,TMoam,qbndztax,LagIORdhD,LagIORdhD,YCZdHvmDv,o,RxMSQb,o,keSL,keSL,o,XdcJfktkVv,LagIORdhD
qbndztax,qbndztax,YCZdHvmDv,qbndztax,qbndztax,XdcJfktkVv,keSL,o,TMoam,qbndztax,LagIORdhD,LagIORdhD,YCZdHvmDv,o,RxMSQb,o,keSL,keSL,o,XdcJfktkVv,LagIORdhD
o
qbndztax
qbndztax
LagIORdhD
LagIORdhD
TMoam
TMoam
YCZdHvmDv
LagIORdhD
YCZdHvmDv
qbndztax,qbndztax,YCZdHvmDv,qbndztax,qbndztax,XdcJfktkVv,keSL,o,qbndztax,LagIORdhD,LagIORdhD,YCZdHvmDv,o,RxMSQb,o,keSL,keSL,o,XdcJfktkVv,LagIORdhD,RxMSQb
qbndztax,qbndztax,YCZdHvmDv,qbndztax,qbndztax,XdcJfktkVv,keSL,o,qbndztax,LagIORdhD,LagIORdhD,YCZdHvmDv,o,RxMSQb,o,keSL,keSL,o,XdcJfktkVv,LagIORdhD,RxMSQb
YCZdHvmDv
qbndztax,qbndztax,YCZdHvmDv,qbndztax,qbndztax,XdcJfktkVv,keSL,o,TMoam,qbndztax,LagIORdhD,LagIORdhD,YCZdHvmDv,o,RxMSQb,o,keSL,keSL,o,XdcJfktkVv,LagIORdhD,RxMSQb
YCZdHvmDv
qbndztax,qbndztax,YCZdHvmDv,qbndztax,qbndztax,XdcJfktkVv,keSL,o,TMoam,qbndztax,LagIORdhD,LagIORdhD,YCZdHvmDv,o,RxMSQb,o,keSL,keSL,o,XdcJfktkVv,LagIORdhD,RxMSQb
qbndztax,qbndztax,YCZdHvmDv,qbndztax,qbndztax,XdcJfktkVv,keSL,o,TMoam,qbndztax,LagIORdhD,LagIORdhD,YCZdHvmDv,o,RxMSQb,o,keSL,keSL,o,XdcJfktkVv,LagIORdhD,RxMSQb
qbndztax,YCZdHvmDv,qbndztax,qbndztax,XdcJfktkVv,keSL,o,TMoam,qbndztax,LagIORdhD,LagIORdhD,YCZdHvmDv,o,RxMSQb,o,keSL,keSL,o,XdcJfktkVv,LagIORdhD,RxMSQb,keSL
qbndztax,YCZdHvmDv,qbndztax,qbndztax,keSL,o,TMoam,qbndztax,LagIORdhD,LagIORdhD,YCZdHvmDv,XdcJfktkVv,o,RxMSQb,o,keSL,keSL,o,XdcJfktkVv,LagIORdhD,RxMSQb,keSL,qbndztax,GhP,o
qbndztax,qbndztax,qbndztax,keSL,o,TMoam,qbndztax,LagIORdhD,YCZdHvmDv,o,RxMSQb,o,keSL,keSL,o,XdcJfktkVv,LagIORdhD,RxMSQb,keSL,qbndztax,GhP,o,LagIORdhD,TMoam,keSL
qbndztax,qbndztax,qbndztax,keSL,o,TMoam,qbndztax,LagIORdhD,YCZdHvmDv,o,RxMSQb,o,keSL,keSL,o,XdcJfktkVv,LagIORdhD,RxMSQb,keSL,qbndztax,GhP,o,LagIORdhD,TMoam,keSL
LagIORdhD
qbndztax,qbndztax,qbndztax,keSL,o,TMoam,qbndztax,YCZdHvmDv,o,LagIORdhD,RxMSQb,o,keSL,keSL,o,XdcJfktkVv,LagIORdhD,RxMSQb,keSL,qbndztax,GhP,o,LagIORdhD,TMoam,keSL,keSL,keSL
RxMSQb
qbndztax,qbndztax,qbndztax,keSL,o,TMoam,qbndztax,YCZdHvmDv,o,LagIORdhD,RxMSQb,o,keSL,keSL,o,XdcJfktkVv,LagIORdhD,RxMSQb,keSL,qbndztax,GhP,o,LagIORdhD,TMoam,keSL,keSL,keSL
RxMSQb
qbndztax,qbndztax,qbndztax,keSL,o,TMoam,qbndztax,YCZdHvmDv,o,LagIORdhD,RxMSQb,o,keSL,keSL,o,XdcJfktkVv,LagIORdhD,RxMSQb,keSL,qbndztax,GhP,o,LagIORdhD,TMoam,keSL,keSL,keSL
qbndztax,qbndztax,qbndztax,keSL,o,TMoam,qbndztax,YCZdHvmDv,o,LagIORdhD,RxMSQb,o,keSL,keSL,o,XdcJfktkVv,LagIORdhD,RxMSQb,keSL,qbndztax,GhP,o,LagIORdhD,TMoam,keSL,keSL,keSL
qbndztax,qbndztax,qbndztax,keSL,o,TMoam,qbndztax,YCZdHvmDv,o,LagIORdhD,RxMSQb,o,keSL,keSL,o,XdcJfktkVv,LagIORdhD,RxMSQb,keSL,qbndztax,GhP,o,LagIORdhD,TMoam,keSL,keSL,keSL
qbndztax,qbndztax,qbndztax,keSL,o,TMoam,qbndztax,YCZdHvmDv,o,RxMSQb,o,keSL,keSL,o,XdcJfktkVv,LagIORdhD,RxMSQb,keSL,qbndztax,GhP,o,LagIORdhD,TMoam,keSL,keSL,keSL
keSL
keSL
o
o
o
qbndztax,qbndztax,qbndztax,keSL,TMoam,qbndztax,o,o,keSL,keSL,o,o,XdcJfktkVv,LagIORdhD,RxMSQb,keSL,qbndztax,o,LagIORdhD,TMoam,keSL,keSL,keSL,XdcJfktkVv,RxMSQb,TMoam
qbndztax,qbndztax,keSL,TMoam,qbndztax,o,keSL,keSL,o,o,o,XdcJfktkVv,LagIORdhD,RxMSQb,keSL,qbndztax,o,LagIORdhD,TMoam,keSL,keSL,keSL,XdcJfktkVv,RxMSQb,TMoam,YCZdHvmDv
qbndztax,qbndztax,keSL,TMoam,qbndztax,o,keSL,keSL,o,o,o,XdcJfktkVv,LagIORdhD,RxMSQb,keSL,qbndztax,o,LagIORdhD,TMoam,keSL,keSL,keSL,XdcJfktkVv,RxMSQb,TMoam,YCZdHvmDv,GhP
qbndztax,qbndztax,qbndztax,keSL,o,TMoam,qbndztax,YCZdHvmDv,o,o,keSL,keSL,o,XdcJfktkVv,LagIORdhD,RxMSQb,keSL,qbndztax,o,LagIORdhD,TMoam,keSL,keSL,keSL,TMoam
YCZdHvmDv
qbndztax,qbndztax,qbndztax,keSL,o,TMoam,qbndztax,YCZdHvmDv,o,o,keSL,keSL,o,LagIORdhD,RxMSQb,keSL,qbndztax,o,LagIORdhD,TMoam,keSL,keSL,keSL
o
YCZdHvmDv
qbndztax,qbndztax,qbndztax,keSL,TMoam,qbndztax,o,o,keSL,keSL,o,YCZdHvmDv,o,LagIORdhD,keSL,qbndztax,o,LagIORdhD,TMoam,keSL,keSL,keSL
YCZdHvmDv
qbndztax,qbndztax,qbndztax,keSL,TMoam,qbndztax,o,o,keSL,keSL,o,YCZdHvmDv,o,LagIORdhD,keSL,qbndztax,o,LagIORdhD,TMoam,keSL,keSL,keSL
qbndztax,qbndztax,qbndztax,keSL,TMoam,qbndztax,o,o,keSL,keSL,o,YCZdHvmDv,o,LagIORdhD,keSL,qbndztax,o,LagIORdhD,TMoam,keSL,keSL,keSL
qbndztax,qbndztax,qbndztax,keSL,TMoam,qbndztax,o,o,keSL,keSL,o,YCZdHvmDv,o,LagIORdhD,keSL,qbndztax,o,LagIORdhD,TMoam,keSL,keSL,keSL,GhP
YCZdHvmDv
YCZdHvmDv
YCZdHvmDv
qbndztax,qbndztax,qbndztax,keSL,TMoam,qbndztax,o,keSL,keSL,o,o,YCZdHvmDv,o,LagIORdhD,keSL,qbndztax,o,LagIORdhD,TMoam,keSL,keSL,keSL,GhP
o
LagIORdhD
qbndztax,qbndztax,qbndztax,keSL,qbndztax,o,keSL,keSL,o,o,YCZdHvmDv,o,LagIORdhD,keSL,qbndztax,o,LagIORdhD,TMoam,keSL,keSL,keSL,GhP
keSL
keSL
qbndztax,qbndztax,qbndztax,qbndztax,o,keSL,keSL,o,o,YCZdHvmDv,o,LagIORdhD,keSL,qbndztax,o,LagIORdhD,TMoam,keSL,keSL,keSL,GhP,keSL,qbndztax,YCZdHvmDv
keSL
qbndztax,qbndztax,qbndztax,keSL,qbndztax,o,keSL,keSL,o,o,YCZdHvmDv,o,keSL,LagIORdhD,qbndztax,o,LagIORdhD,TMoam,keSL,keSL,keSL,GhP,XdcJfktkVv
LagIORdhD
keSL
keSL
keSL
qbndztax,qbndztax,qbndztax,keSL,qbndztax,o,keSL,keSL,o,o,YCZdHvmDv,o,LagIORdhD,keSL,qbndztax,o,LagIORdhD,TMoam,keSL,keSL,keSL,GhP
qbndztax,qbndztax,qbndztax,keSL,qbndztax,o,keSL,keSL,o,o,YCZdHvmDv,o,LagIORdhD,keSL,qbndztax,o,LagIORdhD,TMoam,keSL,keSL,keSL,GhP
qbndztax,qbndztax,qbndztax,qbndztax,o,keSL,keSL,o,o,o,LagIORdhD,keSL,qbndztax,o,LagIORdhD,TMoam,keSL,keSL,keSL,GhP
qbndztax,qbndztax,qbndztax,qbndztax,o,keSL,keSL,o,o,YCZdHvmDv,o,LagIORdhD,keSL,qbndztax,o,LagIORdhD,GhP,TMoam,keSL,keSL,keSL
qbndztax,qbndztax,qbndztax,o,keSL,keSL,o,o,YCZdHvmDv,o,LagIORdhD,keSL,qbndztax,o,LagIORdhD,GhP,TMoam,keSL,keSL,keSL
LagIORdhD
GhP
qbndztax,qbndztax,o,keSL,keSL,o,o,YCZdHvmDv,o,keSL,qbndztax,o,LagIORdhD,GhP,qbndztax,TMoam,keSL,keSL,keSL,o
qbndztax
qbndztax
Jedi Wagner, assuma o comando!