[vazia]
[vazia]
VgxrXUaVK
[vazia]
VgxrXUaVK,U
VgxrXUaVK
VgxrXUaVK
Toque! Toque, Dijê!
[vazia]
Toque! Toque, Dijê!
[vazia]
Toque! Toque, Dijê!
maJv
maJv
NoJU
maJv,NoJU
maJv,NoJU
maJv
maJv
maJv
maJv
maJv
maJv
maJv
maJv
maJv
maJv,U,KnDIj
maJv,KnDIj
maJv
maJv
maJv
maJv
B,crvjJFKR,crvjJFKR,crvjJFKR,B,crvjJFKR
B,crvjJFKR,crvjJFKR,crvjJFKR,B,crvjJFKR,VgxrXUaVK
B,crvjJFKR,crvjJFKR,crvjJFKR,B,crvjJFKR,VgxrXUaVK
crvjJFKR
B,crvjJFKR,crvjJFKR,crvjJFKR,B,crvjJFKR,VgxrXUaVK
crvjJFKR
crvjJFKR
crvjJFKR
B,crvjJFKR,crvjJFKR,crvjJFKR,B,crvjJFKR,VgxrXUaVK
crvjJFKR
B,crvjJFKR,crvjJFKR,VgxrXUaVK,crvjJFKR,B,crvjJFKR,KnDIj,U,crvjJFKR
VgxrXUaVK
crvjJFKR
crvjJFKR
crvjJFKR
crvjJFKR
crvjJFKR
crvjJFKR
crvjJFKR
KnDIj
B,crvjJFKR,crvjJFKR,KnDIj,B,crvjJFKR,U
KnDIj
crvjJFKR,crvjJFKR,KnDIj,B,crvjJFKR,U
crvjJFKR,crvjJFKR,KnDIj,B,crvjJFKR,U
KnDIj
KnDIj
crvjJFKR,crvjJFKR,KnDIj,B,crvjJFKR,U
U
B,crvjJFKR,crvjJFKR,VgxrXUaVK,U,KnDIj,B,crvjJFKR
B,crvjJFKR,crvjJFKR,VgxrXUaVK,KnDIj,B,crvjJFKR,U,VgxrXUaVK
crvjJFKR,crvjJFKR,VgxrXUaVK,KnDIj,B,crvjJFKR,B,U,VgxrXUaVK
B,crvjJFKR,crvjJFKR,VgxrXUaVK,KnDIj,B,crvjJFKR,U,VgxrXUaVK
B,crvjJFKR,crvjJFKR,VgxrXUaVK,KnDIj,B,crvjJFKR,U,VgxrXUaVK
B,crvjJFKR,crvjJFKR,VgxrXUaVK,KnDIj,B,crvjJFKR,U,VgxrXUaVK
B,crvjJFKR,crvjJFKR,VgxrXUaVK,KnDIj,B,crvjJFKR,U,VgxrXUaVK,VgxrXUaVK
B,crvjJFKR,crvjJFKR,VgxrXUaVK,KnDIj,B,crvjJFKR,U,VgxrXUaVK,VgxrXUaVK
B
B
B,crvjJFKR,crvjJFKR,VgxrXUaVK,KnDIj,B,crvjJFKR,U,VgxrXUaVK,VgxrXUaVK
B
B,crvjJFKR,crvjJFKR,VgxrXUaVK,KnDIj,B,crvjJFKR,U,VgxrXUaVK,VgxrXUaVK,U
B,crvjJFKR,crvjJFKR,U,VgxrXUaVK,B,crvjJFKR,VgxrXUaVK,VgxrXUaVK,U,KnDIj
B,crvjJFKR,crvjJFKR,U,KnDIj,VgxrXUaVK,B,crvjJFKR,VgxrXUaVK,VgxrXUaVK,U,VgxrXUaVK,NoJU
B,crvjJFKR,crvjJFKR,KnDIj,B,crvjJFKR,VgxrXUaVK,VgxrXUaVK,U,VgxrXUaVK,VgxrXUaVK
crvjJFKR
crvjJFKR
crvjJFKR
crvjJFKR
crvjJFKR,crvjJFKR,KnDIj,crvjJFKR,VgxrXUaVK,VgxrXUaVK,U,VgxrXUaVK,VgxrXUaVK
crvjJFKR
crvjJFKR,crvjJFKR,KnDIj,crvjJFKR,VgxrXUaVK,VgxrXUaVK,U,VgxrXUaVK,VgxrXUaVK,U
crvjJFKR,crvjJFKR,KnDIj,crvjJFKR,VgxrXUaVK,VgxrXUaVK,U,VgxrXUaVK,VgxrXUaVK,U,VgxrXUaVK
crvjJFKR
crvjJFKR
crvjJFKR,KnDIj,crvjJFKR,crvjJFKR,VgxrXUaVK,U,VgxrXUaVK,VgxrXUaVK,U,VgxrXUaVK
crvjJFKR,crvjJFKR,KnDIj,B,crvjJFKR,VgxrXUaVK,VgxrXUaVK,U,VgxrXUaVK,VgxrXUaVK
crvjJFKR,crvjJFKR,KnDIj,B,crvjJFKR,VgxrXUaVK,VgxrXUaVK,U,VgxrXUaVK,VgxrXUaVK
crvjJFKR,KnDIj,B,crvjJFKR,VgxrXUaVK,VgxrXUaVK,U,VgxrXUaVK,VgxrXUaVK
VgxrXUaVK
crvjJFKR,crvjJFKR,KnDIj,crvjJFKR,VgxrXUaVK,VgxrXUaVK,VgxrXUaVK,VgxrXUaVK,B
U
crvjJFKR,crvjJFKR,KnDIj,crvjJFKR,VgxrXUaVK,VgxrXUaVK,U,VgxrXUaVK,VgxrXUaVK,U
crvjJFKR,crvjJFKR,KnDIj,crvjJFKR,VgxrXUaVK,VgxrXUaVK,U,VgxrXUaVK,VgxrXUaVK,U
U
U
U
U
crvjJFKR,KnDIj,crvjJFKR,VgxrXUaVK,VgxrXUaVK,U,VgxrXUaVK,VgxrXUaVK,KnDIj,maJv
crvjJFKR,KnDIj,crvjJFKR,VgxrXUaVK,VgxrXUaVK,VgxrXUaVK,VgxrXUaVK,KnDIj,maJv
VgxrXUaVK
crvjJFKR,KnDIj,crvjJFKR,VgxrXUaVK,VgxrXUaVK,VgxrXUaVK,VgxrXUaVK,KnDIj,maJv
crvjJFKR,crvjJFKR,VgxrXUaVK,VgxrXUaVK,VgxrXUaVK,KnDIj,VgxrXUaVK,KnDIj,maJv,B,U
VgxrXUaVK
VgxrXUaVK
crvjJFKR,crvjJFKR,VgxrXUaVK,VgxrXUaVK,VgxrXUaVK,KnDIj,VgxrXUaVK,KnDIj,maJv,B,U
crvjJFKR,crvjJFKR,VgxrXUaVK,VgxrXUaVK,VgxrXUaVK,KnDIj,VgxrXUaVK,KnDIj,maJv,B,U,KnDIj
crvjJFKR,crvjJFKR,VgxrXUaVK,VgxrXUaVK,VgxrXUaVK,KnDIj,VgxrXUaVK,KnDIj,maJv,B,U,KnDIj
crvjJFKR,crvjJFKR,VgxrXUaVK,VgxrXUaVK,VgxrXUaVK,B,KnDIj,VgxrXUaVK,KnDIj,U,KnDIj
VgxrXUaVK
crvjJFKR,crvjJFKR,VgxrXUaVK,VgxrXUaVK,VgxrXUaVK,B,KnDIj,VgxrXUaVK,KnDIj,U,KnDIj
crvjJFKR,VgxrXUaVK,VgxrXUaVK,VgxrXUaVK,crvjJFKR,B,KnDIj,VgxrXUaVK,KnDIj,U,KnDIj,B
crvjJFKR
crvjJFKR,VgxrXUaVK,VgxrXUaVK,VgxrXUaVK,crvjJFKR,B,KnDIj,VgxrXUaVK,KnDIj,U,KnDIj,B
crvjJFKR,VgxrXUaVK,VgxrXUaVK,crvjJFKR,VgxrXUaVK,B,VgxrXUaVK,U,KnDIj,B,U
VgxrXUaVK
crvjJFKR,VgxrXUaVK,VgxrXUaVK,crvjJFKR,VgxrXUaVK,B,VgxrXUaVK,U,B,U,crvjJFKR
crvjJFKR,crvjJFKR,KnDIj,crvjJFKR,VgxrXUaVK,VgxrXUaVK,U,VgxrXUaVK,VgxrXUaVK
VgxrXUaVK
U
U
crvjJFKR,crvjJFKR,KnDIj,crvjJFKR,VgxrXUaVK,VgxrXUaVK,U,VgxrXUaVK,VgxrXUaVK
crvjJFKR,crvjJFKR,KnDIj,crvjJFKR,VgxrXUaVK,VgxrXUaVK,U,VgxrXUaVK,VgxrXUaVK,B
crvjJFKR,crvjJFKR,VgxrXUaVK,VgxrXUaVK,U,KnDIj,VgxrXUaVK,VgxrXUaVK,B
KnDIj
KnDIj
crvjJFKR,crvjJFKR,VgxrXUaVK,VgxrXUaVK,U,KnDIj,VgxrXUaVK,VgxrXUaVK,B
crvjJFKR,crvjJFKR,VgxrXUaVK,U,KnDIj,B,VgxrXUaVK,VgxrXUaVK,VgxrXUaVK
B
B
crvjJFKR,U,B,VgxrXUaVK,VgxrXUaVK,VgxrXUaVK,NoJU,maJv
crvjJFKR,U,B,VgxrXUaVK,VgxrXUaVK,VgxrXUaVK,NoJU,maJv
crvjJFKR
crvjJFKR,crvjJFKR,KnDIj,crvjJFKR,VgxrXUaVK,VgxrXUaVK,U,VgxrXUaVK,VgxrXUaVK
crvjJFKR,crvjJFKR,crvjJFKR,VgxrXUaVK,VgxrXUaVK,KnDIj,VgxrXUaVK,VgxrXUaVK,U
crvjJFKR,crvjJFKR,crvjJFKR,VgxrXUaVK,VgxrXUaVK,KnDIj,VgxrXUaVK,VgxrXUaVK,U,U,VgxrXUaVK
KnDIj
crvjJFKR,crvjJFKR,crvjJFKR,VgxrXUaVK,VgxrXUaVK,KnDIj,VgxrXUaVK,VgxrXUaVK,U,VgxrXUaVK
KnDIj
crvjJFKR,crvjJFKR,crvjJFKR,VgxrXUaVK,VgxrXUaVK,KnDIj,VgxrXUaVK,VgxrXUaVK,VgxrXUaVK,NoJU
VgxrXUaVK
U
crvjJFKR,crvjJFKR,KnDIj,crvjJFKR,VgxrXUaVK,VgxrXUaVK,U,VgxrXUaVK,VgxrXUaVK
crvjJFKR,crvjJFKR,KnDIj,crvjJFKR,VgxrXUaVK,VgxrXUaVK,U,VgxrXUaVK,VgxrXUaVK
crvjJFKR,crvjJFKR,KnDIj,crvjJFKR,VgxrXUaVK,VgxrXUaVK,U,VgxrXUaVK,VgxrXUaVK,B
crvjJFKR,crvjJFKR,KnDIj,crvjJFKR,VgxrXUaVK,VgxrXUaVK,U,VgxrXUaVK,VgxrXUaVK,B,U
crvjJFKR,crvjJFKR,KnDIj,crvjJFKR,VgxrXUaVK,VgxrXUaVK,U,VgxrXUaVK,VgxrXUaVK,B,U
crvjJFKR,crvjJFKR,KnDIj,crvjJFKR,VgxrXUaVK,VgxrXUaVK,U,VgxrXUaVK,VgxrXUaVK,B,U
U
U
U
U
crvjJFKR,crvjJFKR,KnDIj,crvjJFKR,VgxrXUaVK,VgxrXUaVK,U,VgxrXUaVK,VgxrXUaVK,B,U,crvjJFKR,NoJU
crvjJFKR,crvjJFKR,KnDIj,crvjJFKR,VgxrXUaVK,VgxrXUaVK,U,VgxrXUaVK,VgxrXUaVK
VgxrXUaVK
crvjJFKR,crvjJFKR,KnDIj,crvjJFKR,VgxrXUaVK,VgxrXUaVK,U,VgxrXUaVK,VgxrXUaVK
VgxrXUaVK
VgxrXUaVK
VgxrXUaVK
VgxrXUaVK
crvjJFKR,crvjJFKR,KnDIj,crvjJFKR,VgxrXUaVK,VgxrXUaVK,U,VgxrXUaVK,VgxrXUaVK,B
crvjJFKR,crvjJFKR,KnDIj,crvjJFKR,VgxrXUaVK,VgxrXUaVK,U,VgxrXUaVK,VgxrXUaVK,B
crvjJFKR,crvjJFKR,crvjJFKR,VgxrXUaVK,VgxrXUaVK,VgxrXUaVK,VgxrXUaVK,KnDIj,B
crvjJFKR,crvjJFKR,KnDIj,crvjJFKR,VgxrXUaVK,VgxrXUaVK,VgxrXUaVK,VgxrXUaVK,B
B
B
crvjJFKR
KnDIj,VgxrXUaVK,VgxrXUaVK,VgxrXUaVK,B,crvjJFKR,crvjJFKR,VgxrXUaVK,B,U
KnDIj,VgxrXUaVK,VgxrXUaVK,VgxrXUaVK,B,crvjJFKR,crvjJFKR,VgxrXUaVK,B,U,crvjJFKR,B
crvjJFKR,crvjJFKR,KnDIj,crvjJFKR,VgxrXUaVK,VgxrXUaVK,VgxrXUaVK,VgxrXUaVK,B
B
crvjJFKR,crvjJFKR,KnDIj,crvjJFKR,VgxrXUaVK,VgxrXUaVK,VgxrXUaVK,VgxrXUaVK,B,maJv
crvjJFKR,crvjJFKR,KnDIj,crvjJFKR,VgxrXUaVK,VgxrXUaVK,VgxrXUaVK,VgxrXUaVK,B,maJv
KnDIj
crvjJFKR,crvjJFKR,VgxrXUaVK,VgxrXUaVK,VgxrXUaVK,VgxrXUaVK,B,crvjJFKR,KnDIj,maJv,VgxrXUaVK,maJv,NoJU
crvjJFKR,crvjJFKR,VgxrXUaVK,VgxrXUaVK,VgxrXUaVK,B,crvjJFKR,KnDIj,maJv,VgxrXUaVK,maJv,NoJU
crvjJFKR,crvjJFKR,VgxrXUaVK,VgxrXUaVK,VgxrXUaVK,B,crvjJFKR,KnDIj,maJv,VgxrXUaVK,maJv,NoJU
crvjJFKR,crvjJFKR,VgxrXUaVK,VgxrXUaVK,VgxrXUaVK,B,crvjJFKR,KnDIj,maJv,VgxrXUaVK,maJv,NoJU,maJv
crvjJFKR,crvjJFKR,VgxrXUaVK,VgxrXUaVK,VgxrXUaVK,B,crvjJFKR,KnDIj,maJv,VgxrXUaVK,maJv,NoJU,maJv
crvjJFKR,crvjJFKR,VgxrXUaVK,VgxrXUaVK,VgxrXUaVK,B,crvjJFKR,KnDIj,maJv,VgxrXUaVK,maJv,NoJU,maJv
KnDIj
crvjJFKR,crvjJFKR,VgxrXUaVK,VgxrXUaVK,VgxrXUaVK,B,crvjJFKR,KnDIj,maJv,VgxrXUaVK,maJv,NoJU,maJv
KnDIj
crvjJFKR,crvjJFKR,VgxrXUaVK,VgxrXUaVK,VgxrXUaVK,B,crvjJFKR,KnDIj,maJv,VgxrXUaVK,maJv,NoJU,maJv
crvjJFKR,crvjJFKR,VgxrXUaVK,VgxrXUaVK,VgxrXUaVK,B,crvjJFKR,KnDIj,maJv,VgxrXUaVK,maJv,NoJU,maJv
B
crvjJFKR,crvjJFKR,KnDIj,crvjJFKR,VgxrXUaVK,VgxrXUaVK,VgxrXUaVK,VgxrXUaVK,B
VgxrXUaVK
crvjJFKR,crvjJFKR,KnDIj,crvjJFKR,VgxrXUaVK,VgxrXUaVK,VgxrXUaVK,VgxrXUaVK,B
B
crvjJFKR,crvjJFKR,KnDIj,crvjJFKR,VgxrXUaVK,VgxrXUaVK,VgxrXUaVK,VgxrXUaVK,B,crvjJFKR
crvjJFKR,crvjJFKR,KnDIj,crvjJFKR,VgxrXUaVK,VgxrXUaVK,VgxrXUaVK,VgxrXUaVK,B,crvjJFKR
crvjJFKR,crvjJFKR,KnDIj,crvjJFKR,VgxrXUaVK,VgxrXUaVK,VgxrXUaVK,VgxrXUaVK,B,crvjJFKR
crvjJFKR
crvjJFKR,crvjJFKR,KnDIj,crvjJFKR,VgxrXUaVK,VgxrXUaVK,VgxrXUaVK,VgxrXUaVK,B,crvjJFKR,B
crvjJFKR,crvjJFKR,KnDIj,crvjJFKR,VgxrXUaVK,VgxrXUaVK,VgxrXUaVK,VgxrXUaVK,B,crvjJFKR
KnDIj
B
KnDIj
VgxrXUaVK
crvjJFKR
crvjJFKR
crvjJFKR
crvjJFKR
crvjJFKR
crvjJFKR
crvjJFKR,crvjJFKR,KnDIj,crvjJFKR,VgxrXUaVK,VgxrXUaVK,VgxrXUaVK,B,crvjJFKR,VgxrXUaVK
crvjJFKR,crvjJFKR,KnDIj,crvjJFKR,VgxrXUaVK,VgxrXUaVK,B,crvjJFKR,VgxrXUaVK
crvjJFKR
crvjJFKR
crvjJFKR
crvjJFKR
crvjJFKR
crvjJFKR,KnDIj,crvjJFKR,VgxrXUaVK,VgxrXUaVK,B,crvjJFKR,VgxrXUaVK
crvjJFKR
crvjJFKR,crvjJFKR,KnDIj,crvjJFKR,VgxrXUaVK,VgxrXUaVK,B,crvjJFKR,VgxrXUaVK,crvjJFKR
crvjJFKR
crvjJFKR,crvjJFKR,KnDIj,crvjJFKR,VgxrXUaVK,VgxrXUaVK,B,crvjJFKR,VgxrXUaVK,crvjJFKR,KnDIj,maJv
crvjJFKR
crvjJFKR
crvjJFKR
crvjJFKR,VgxrXUaVK,crvjJFKR,KnDIj,crvjJFKR,VgxrXUaVK,B,crvjJFKR,VgxrXUaVK,crvjJFKR,KnDIj,maJv,crvjJFKR,crvjJFKR,B
crvjJFKR,VgxrXUaVK,crvjJFKR,KnDIj,crvjJFKR,VgxrXUaVK,B,crvjJFKR,VgxrXUaVK,crvjJFKR,KnDIj,maJv,crvjJFKR,crvjJFKR,B
KnDIj,crvjJFKR,crvjJFKR,crvjJFKR,VgxrXUaVK,VgxrXUaVK,VgxrXUaVK,B,crvjJFKR,VgxrXUaVK
KnDIj,crvjJFKR,crvjJFKR,crvjJFKR,VgxrXUaVK,VgxrXUaVK,VgxrXUaVK,B,crvjJFKR,VgxrXUaVK
KnDIj
crvjJFKR
crvjJFKR,crvjJFKR,KnDIj,crvjJFKR,VgxrXUaVK,VgxrXUaVK,VgxrXUaVK,B,crvjJFKR,VgxrXUaVK,maJv,crvjJFKR,B
crvjJFKR
crvjJFKR,crvjJFKR,maJv,KnDIj,crvjJFKR,VgxrXUaVK,VgxrXUaVK,VgxrXUaVK,B,crvjJFKR,VgxrXUaVK,crvjJFKR,B
crvjJFKR
maJv,crvjJFKR,crvjJFKR,KnDIj,B,crvjJFKR,VgxrXUaVK,VgxrXUaVK,VgxrXUaVK,crvjJFKR,VgxrXUaVK,crvjJFKR,B,crvjJFKR
maJv,crvjJFKR,crvjJFKR,B,crvjJFKR,VgxrXUaVK,VgxrXUaVK,VgxrXUaVK,crvjJFKR,VgxrXUaVK,crvjJFKR,B,crvjJFKR
maJv,crvjJFKR,crvjJFKR,B,crvjJFKR,VgxrXUaVK,VgxrXUaVK,VgxrXUaVK,crvjJFKR,VgxrXUaVK,crvjJFKR,B,crvjJFKR
maJv,crvjJFKR,crvjJFKR,KnDIj,crvjJFKR,VgxrXUaVK,VgxrXUaVK,VgxrXUaVK,B,crvjJFKR,VgxrXUaVK,crvjJFKR,B,B
crvjJFKR
crvjJFKR
maJv,crvjJFKR,crvjJFKR,KnDIj,VgxrXUaVK,crvjJFKR,VgxrXUaVK,VgxrXUaVK,crvjJFKR,VgxrXUaVK,crvjJFKR,B
maJv,crvjJFKR,crvjJFKR,KnDIj,VgxrXUaVK,crvjJFKR,VgxrXUaVK,VgxrXUaVK,crvjJFKR,VgxrXUaVK,crvjJFKR,B
VgxrXUaVK
maJv,crvjJFKR,crvjJFKR,KnDIj,VgxrXUaVK,crvjJFKR,VgxrXUaVK,VgxrXUaVK,crvjJFKR,VgxrXUaVK,crvjJFKR,B,B
crvjJFKR
maJv,crvjJFKR,crvjJFKR,KnDIj,VgxrXUaVK,crvjJFKR,VgxrXUaVK,VgxrXUaVK,crvjJFKR,VgxrXUaVK,crvjJFKR,B,B
crvjJFKR
crvjJFKR
maJv,crvjJFKR,crvjJFKR,VgxrXUaVK,crvjJFKR,VgxrXUaVK,VgxrXUaVK,crvjJFKR,VgxrXUaVK,crvjJFKR,B,B,maJv,crvjJFKR
maJv,crvjJFKR,VgxrXUaVK,crvjJFKR,VgxrXUaVK,B,crvjJFKR,VgxrXUaVK,crvjJFKR,VgxrXUaVK,crvjJFKR,B,maJv,crvjJFKR,B
B
Jedi Wagner, assuma o comando!