Toque! Toque, Dijê!
Toque! Toque, Dijê!
[vazia]
Toque! Toque, Dijê!
[vazia]
grhY
grhY
grhY,grhY
grhY,grhY,jkHdVsgRu
grhY,grhY,jkHdVsgRu
jkHdVsgRu
grhY,jkHdVsgRu,grhY
jkHdVsgRu
jkHdVsgRu,grhY,grhY
jkHdVsgRu,grhY,grhY
grhY
jkHdVsgRu,grhY,grhY,jkHdVsgRu,grhY
jkHdVsgRu,grhY,jkHdVsgRu,grhY,grhY,jkHdVsgRu,jkHdVsgRu
grhY,jkHdVsgRu,jkHdVsgRu,grhY
jkHdVsgRu
jkHdVsgRu
jkHdVsgRu
jkHdVsgRu
jkHdVsgRu
jkHdVsgRu,jkHdVsgRu,grhY,grhY
jkHdVsgRu,jkHdVsgRu,grhY,grhY
jkHdVsgRu,jkHdVsgRu,grhY,grhY
grhY
grhY
grhY
jkHdVsgRu
jkHdVsgRu
jkHdVsgRu
jkHdVsgRu
jkHdVsgRu,jkHdVsgRu,jkHdVsgRu,jkHdVsgRu,jkHdVsgRu,grhY
jkHdVsgRu
jkHdVsgRu,jkHdVsgRu,jkHdVsgRu,jkHdVsgRu,jkHdVsgRu,grhY,grhY,jkHdVsgRu
jkHdVsgRu
jkHdVsgRu,jkHdVsgRu,jkHdVsgRu,jkHdVsgRu,jkHdVsgRu,grhY,grhY,jkHdVsgRu,jkHdVsgRu
jkHdVsgRu,jkHdVsgRu,jkHdVsgRu,jkHdVsgRu,grhY,grhY,jkHdVsgRu,jkHdVsgRu,grhY
jkHdVsgRu,jkHdVsgRu,grhY,jkHdVsgRu,jkHdVsgRu,grhY,jkHdVsgRu,jkHdVsgRu,grhY,grhY
jkHdVsgRu
jkHdVsgRu,jkHdVsgRu,jkHdVsgRu,jkHdVsgRu,jkHdVsgRu,grhY,grhY,jkHdVsgRu,grhY
jkHdVsgRu
jkHdVsgRu
grhY
jkHdVsgRu,grhY,jkHdVsgRu,jkHdVsgRu,jkHdVsgRu,jkHdVsgRu,jkHdVsgRu,grhY,grhY
grhY
jkHdVsgRu,jkHdVsgRu,grhY,jkHdVsgRu,jkHdVsgRu,jkHdVsgRu,jkHdVsgRu,grhY
jkHdVsgRu,jkHdVsgRu,grhY,jkHdVsgRu,jkHdVsgRu,jkHdVsgRu,jkHdVsgRu,grhY
jkHdVsgRu,jkHdVsgRu,grhY,jkHdVsgRu,jkHdVsgRu,jkHdVsgRu,jkHdVsgRu,grhY,jkHdVsgRu,jkHdVsgRu
jkHdVsgRu
jkHdVsgRu,jkHdVsgRu,jkHdVsgRu,grhY,jkHdVsgRu,jkHdVsgRu,jkHdVsgRu,grhY,jkHdVsgRu,jkHdVsgRu
jkHdVsgRu
jkHdVsgRu,jkHdVsgRu,grhY,jkHdVsgRu,jkHdVsgRu,jkHdVsgRu,jkHdVsgRu,jkHdVsgRu,jkHdVsgRu,jkHdVsgRu,jkHdVsgRu
jkHdVsgRu,jkHdVsgRu,jkHdVsgRu,jkHdVsgRu,jkHdVsgRu,jkHdVsgRu,grhY,jkHdVsgRu,jkHdVsgRu
jkHdVsgRu,jkHdVsgRu,jkHdVsgRu,jkHdVsgRu,jkHdVsgRu,jkHdVsgRu,grhY,jkHdVsgRu,jkHdVsgRu,grhY
Jedi Wagner, assuma o comando!