[vazia]
[vazia]
Toque! Toque, Dijê!
Toque! Toque, Dijê!
Toque! Toque, Dijê!
Toque! Toque, Dijê!
wuJDwP,XztaorI,YaUdIZBIfS
wuJDwP
wuJDwP,XztaorI,YaUdIZBIfS
wuJDwP
wLimgUPTKe
wLimgUPTKe
wLimgUPTKe
wLimgUPTKe
wLimgUPTKe
wLimgUPTKe
wLimgUPTKe
YaUdIZBIfS,wLimgUPTKe,wTCadUx
wLimgUPTKe,wTCadUx,YaUdIZBIfS,wTCadUx
wuJDwP
z
XztaorI
z
XztaorI
XztaorI,z
XztaorI
XztaorI,z,wLimgUPTKe
XztaorI
XztaorI
XztaorI
XztaorI,z,wuJDwP
XztaorI
XztaorI,z,wuJDwP
XztaorI,z,wuJDwP,QRnpGmX,YaUdIZBIfS
XztaorI
XztaorI
QRnpGmX
XztaorI,QRnpGmX,wuJDwP
wuJDwP,XztaorI,QRnpGmX,z
wuJDwP
wuJDwP,XztaorI,QRnpGmX,z
wuJDwP,XztaorI,QRnpGmX,z
wuJDwP,XztaorI,QRnpGmX
wuJDwP,XztaorI,QRnpGmX
QRnpGmX
QRnpGmX
QRnpGmX,wuJDwP
XztaorI
QRnpGmX,wuJDwP
QRnpGmX
XztaorI,QRnpGmX,wuJDwP
QRnpGmX
QRnpGmX
wuJDwP
wuJDwP
QRnpGmX,wuJDwP,XztaorI
wuJDwP
wuJDwP
XztaorI,QRnpGmX,wuJDwP,wLimgUPTKe
wuJDwP
XztaorI,QRnpGmX,wuJDwP,wLimgUPTKe,QRnpGmX
QRnpGmX
XztaorI,QRnpGmX,wuJDwP,wLimgUPTKe
wuJDwP
XztaorI,QRnpGmX,wuJDwP,wLimgUPTKe
wuJDwP
XztaorI,QRnpGmX,wuJDwP,wLimgUPTKe
XztaorI,QRnpGmX,wuJDwP,wLimgUPTKe
wuJDwP
XztaorI
XztaorI
XztaorI
XztaorI
XztaorI,QRnpGmX,wuJDwP
XztaorI
XztaorI,QRnpGmX,wuJDwP,QRnpGmX,XztaorI
XztaorI
XztaorI,QRnpGmX,QRnpGmX,XztaorI
QRnpGmX,XztaorI,QRnpGmX,XztaorI,QRnpGmX,XztaorI
QRnpGmX,XztaorI,QRnpGmX,XztaorI,QRnpGmX,XztaorI
QRnpGmX,XztaorI,QRnpGmX,XztaorI,QRnpGmX,XztaorI
QRnpGmX,XztaorI,QRnpGmX,XztaorI,QRnpGmX,XztaorI,YaUdIZBIfS
QRnpGmX,XztaorI,QRnpGmX,XztaorI,QRnpGmX,XztaorI,YaUdIZBIfS
QRnpGmX,XztaorI,QRnpGmX,XztaorI,QRnpGmX,XztaorI,YaUdIZBIfS
XztaorI
QRnpGmX,XztaorI,QRnpGmX,XztaorI,QRnpGmX,XztaorI,YaUdIZBIfS,wuJDwP,wLimgUPTKe,QRnpGmX
XztaorI
XztaorI
XztaorI
XztaorI
QRnpGmX,XztaorI,QRnpGmX,XztaorI,QRnpGmX,XztaorI,wuJDwP,wuJDwP
wuJDwP
wuJDwP
QRnpGmX,wuJDwP,XztaorI,QRnpGmX,XztaorI,QRnpGmX,XztaorI,YaUdIZBIfS
QRnpGmX,XztaorI,QRnpGmX,XztaorI,QRnpGmX,XztaorI,YaUdIZBIfS,wuJDwP
XztaorI
XztaorI
XztaorI,QRnpGmX,XztaorI,QRnpGmX,XztaorI,YaUdIZBIfS,wuJDwP
XztaorI,wuJDwP,QRnpGmX,XztaorI,QRnpGmX,XztaorI,YaUdIZBIfS
wuJDwP
XztaorI
QRnpGmX
XztaorI,QRnpGmX,QRnpGmX,XztaorI,wuJDwP,wuJDwP,z,z,z
XztaorI,QRnpGmX,QRnpGmX,XztaorI,wuJDwP,wuJDwP,z,z,z
QRnpGmX
QRnpGmX
XztaorI,QRnpGmX,XztaorI,QRnpGmX,XztaorI,wuJDwP,wuJDwP,z,z
XztaorI,QRnpGmX,XztaorI,QRnpGmX,XztaorI,wuJDwP,wuJDwP,z,z
QRnpGmX,XztaorI,QRnpGmX,XztaorI,XztaorI,wuJDwP,wuJDwP,z,z
QRnpGmX,XztaorI,QRnpGmX,XztaorI,XztaorI,wuJDwP,wuJDwP,z,z
QRnpGmX,XztaorI,QRnpGmX,XztaorI,XztaorI,wuJDwP,wuJDwP,z,z
QRnpGmX
QRnpGmX
QRnpGmX
QRnpGmX,QRnpGmX,XztaorI,XztaorI,wuJDwP,wuJDwP,z
QRnpGmX
QRnpGmX,QRnpGmX,XztaorI,XztaorI,wuJDwP,wuJDwP,z,wLimgUPTKe
QRnpGmX
QRnpGmX
QRnpGmX
QRnpGmX
QRnpGmX
QRnpGmX
Jedi Wagner, assuma o comando!