[vazia]
jNbrjV
jNbrjV
BytyH
BytyH
BytyH
BytyH
BytyH
BytyH
BytyH
BytyH
BytyH,x
BytyH
BytyH
BytyH
BytyH
BytyH
BytyH
BytyH
BytyH
BytyH
BytyH
BytyH,x
x
x
x
x,BytyH
x
x
x
x
x,x
x
BytyH,x,jNbrjV,x
BytyH
x,x
x,x
x
x
x
x,x
x,x
x
x
x,BytyH,BytyH
x
x
x,BytyH,x
x
BytyH
x
x,BytyH,x,BytyH,BytyH
x,x,BytyH,BytyH,BytyH
x,BytyH,BytyH,x,BytyH
BytyH
x,BytyH,BytyH,x
x,BytyH,BytyH,x
BytyH
BytyH
BytyH
x,BytyH,x,BytyH,BytyH
BytyH
x,BytyH,x,BytyH,BytyH
x,BytyH,x,BytyH,BytyH,BytyH
BytyH
BytyH
BytyH,x,BytyH,BytyH,BytyH,jNbrjV
BytyH
BytyH
x
BytyH,BytyH,BytyH,jNbrjV,x
x
BytyH,BytyH,BytyH,x,BytyH
BytyH,BytyH,BytyH,BytyH
BytyH,BytyH,BytyH,BytyH
BytyH
BytyH,BytyH,BytyH,BytyH
BytyH
BytyH,BytyH,BytyH,BytyH,jNbrjV,jNbrjV
BytyH
BytyH
Jedi Wagner, assuma o comando!