Toque! Toque, Dijê!
Toque! Toque, Dijê!
[vazia]
Toque! Toque, Dijê!
Toque! Toque, Dijê!
Toque! Toque, Dijê!
Toque! Toque, Dijê!
Toque! Toque, Dijê!
[vazia]
Toque! Toque, Dijê!
mCcsxHxs
mCcsxHxs
mCcsxHxs
mCcsxHxs,x,mCcsxHxs,x
mCcsxHxs,x,mCcsxHxs,x
mCcsxHxs,x,mCcsxHxs,x
mCcsxHxs
mCcsxHxs,x,mCcsxHxs,x,mCcsxHxs
mCcsxHxs
mCcsxHxs,x,mCcsxHxs,x,mCcsxHxs
mCcsxHxs
mCcsxHxs,x,mCcsxHxs,x,mCcsxHxs,mCcsxHxs,mCcsxHxs
mCcsxHxs
mCcsxHxs,x,mCcsxHxs,x,mCcsxHxs,mCcsxHxs,mCcsxHxs
mCcsxHxs,x,mCcsxHxs,x,mCcsxHxs,mCcsxHxs,mCcsxHxs
mCcsxHxs,x,mCcsxHxs,x,mCcsxHxs,mCcsxHxs,mCcsxHxs
x,mCcsxHxs,mCcsxHxs,x,mCcsxHxs,mCcsxHxs,mCcsxHxs
x,mCcsxHxs,mCcsxHxs,x,mCcsxHxs,mCcsxHxs,mCcsxHxs
mCcsxHxs,x,x,mCcsxHxs,mCcsxHxs
mCcsxHxs,x,x,mCcsxHxs,mCcsxHxs
mCcsxHxs
mCcsxHxs,x,mCcsxHxs,mCcsxHxs,x
x,mCcsxHxs,mCcsxHxs,x,x,mCcsxHxs
x,mCcsxHxs,mCcsxHxs,x,x,mCcsxHxs,mCcsxHxs
x
x
x,mCcsxHxs,mCcsxHxs,x,x,mCcsxHxs,mCcsxHxs
x,mCcsxHxs,mCcsxHxs,x,x,mCcsxHxs,mCcsxHxs
x,mCcsxHxs,mCcsxHxs,x,x,mCcsxHxs,mCcsxHxs
x,mCcsxHxs,mCcsxHxs,x,x,mCcsxHxs,mCcsxHxs
x,x,mCcsxHxs,x,mCcsxHxs,mCcsxHxs,mCcsxHxs,mCcsxHxs,mCcsxHxs
x,x,x,mCcsxHxs,mCcsxHxs,mCcsxHxs,mCcsxHxs,mCcsxHxs,mCcsxHxs
x
x,mCcsxHxs,mCcsxHxs,x,x,mCcsxHxs,mCcsxHxs,x
mCcsxHxs
mCcsxHxs,x,mCcsxHxs,mCcsxHxs,x,x,x,x
mCcsxHxs,x,mCcsxHxs,mCcsxHxs,x,x,x,x
mCcsxHxs,mCcsxHxs,mCcsxHxs,x,x,x,x
mCcsxHxs
mCcsxHxs
mCcsxHxs
mCcsxHxs,x,mCcsxHxs,x,mCcsxHxs,mCcsxHxs,x,x,x,x
mCcsxHxs
x
mCcsxHxs
mCcsxHxs
mCcsxHxs
mCcsxHxs
mCcsxHxs
x
x,mCcsxHxs,x,x,mCcsxHxs,x
mCcsxHxs,mCcsxHxs,x,x,x,mCcsxHxs,mCcsxHxs,mCcsxHxs,mCcsxHxs
x
x
x
x
mCcsxHxs,mCcsxHxs,x,x,x,mCcsxHxs
mCcsxHxs,x,x,mCcsxHxs
x
mCcsxHxs,mCcsxHxs,x,x,x,mCcsxHxs
mCcsxHxs,mCcsxHxs,x,x,x,mCcsxHxs
x,x,x,mCcsxHxs,x
x,x,x,mCcsxHxs,x
x,x,x,mCcsxHxs,x,x
x,x,x,x,x
x,x,x,x
x
x
x
x,x,x,x,mCcsxHxs
x
x,x,x,x,x,mCcsxHxs
x
x,mCcsxHxs,x,x,x
mCcsxHxs
mCcsxHxs
mCcsxHxs
x
x
x,x,x
x,x,x
mCcsxHxs
x,x,x,x,mCcsxHxs,x
x,x,x,x,mCcsxHxs,x,x
mCcsxHxs
x
mCcsxHxs
mCcsxHxs
x
x,mCcsxHxs,x,x,mCcsxHxs
mCcsxHxs,x,x,x,mCcsxHxs
mCcsxHxs,x,x,x,mCcsxHxs
x
mCcsxHxs,x,x,x,mCcsxHxs,mCcsxHxs
x
x
x,x,x,mCcsxHxs,mCcsxHxs,mCcsxHxs
x,mCcsxHxs,x,x,mCcsxHxs
mCcsxHxs
mCcsxHxs
mCcsxHxs
mCcsxHxs
x
x,mCcsxHxs,x,x
x
x
x
x
x
x
x
x,x,x,x,x
x
x
x,x,x,x,x,x
x
x,x,x,x
x,x,x,x,x
x
x,x,x,x,x
x,x,x,x,x
x,x,x,x,x
x,x,x,x,x,mCcsxHxs
x,x,x,x,x,mCcsxHxs
x
x,x,x,x,x
x,x,x,x,x
Jedi Wagner, assuma o comando!