Toque! Toque, Dijê!
Toque! Toque, Dijê!
aWF
Toque! Toque, Dijê!
czgPnDSls
czgPnDSls
[vazia]
Toque! Toque, Dijê!
jAtDiJqfqh
Toque! Toque, Dijê!
[vazia]
[vazia]
eR
Toque! Toque, Dijê!
[vazia]
Toque! Toque, Dijê!
Toque! Toque, Dijê!
YtPIMaZjlJ
YtPIMaZjlJ
[vazia]
Toque! Toque, Dijê!
[vazia]
[vazia]
Toque! Toque, Dijê!
YtPIMaZjlJ,jAtDiJqfqh
YtPIMaZjlJ,jAtDiJqfqh,aWF
YtPIMaZjlJ
YtPIMaZjlJ
YtPIMaZjlJ
YtPIMaZjlJ
YtPIMaZjlJ,YtPIMaZjlJ
YtPIMaZjlJ
YtPIMaZjlJ
YtPIMaZjlJ
YtPIMaZjlJ
YtPIMaZjlJ,YtPIMaZjlJ,DOa
DOa
YtPIMaZjlJ
YtPIMaZjlJ
YtPIMaZjlJ
YtPIMaZjlJ
YtPIMaZjlJ
YtPIMaZjlJ
YtPIMaZjlJ,YtPIMaZjlJ
YtPIMaZjlJ,YtPIMaZjlJ,DOa
YtPIMaZjlJ,YtPIMaZjlJ,DOa
YtPIMaZjlJ,YtPIMaZjlJ,DOa,OXRBM
YtPIMaZjlJ,YtPIMaZjlJ,DOa,OXRBM
DOa
OXRBM
OXRBM
YtPIMaZjlJ,YtPIMaZjlJ,DOa,OXRBM,uypZYDZg
YtPIMaZjlJ,YtPIMaZjlJ,DOa,OXRBM,uypZYDZg,LjitA
YtPIMaZjlJ
YtPIMaZjlJ,DOa,OXRBM,YtPIMaZjlJ,uypZYDZg,LjitA,czgPnDSls
OXRBM
OXRBM
YtPIMaZjlJ,YtPIMaZjlJ,DOa,OXRBM,uypZYDZg
YtPIMaZjlJ,YtPIMaZjlJ,DOa,OXRBM,uypZYDZg
YtPIMaZjlJ,YtPIMaZjlJ,DOa,OXRBM,uypZYDZg
OXRBM
OXRBM
YtPIMaZjlJ,YtPIMaZjlJ,DOa,OXRBM,uypZYDZg,LjitA
YtPIMaZjlJ,YtPIMaZjlJ,DOa,OXRBM,uypZYDZg
YtPIMaZjlJ,YtPIMaZjlJ,DOa,OXRBM,uypZYDZg
YtPIMaZjlJ,YtPIMaZjlJ,DOa,OXRBM,uypZYDZg
YtPIMaZjlJ,YtPIMaZjlJ,DOa,OXRBM,uypZYDZg
OXRBM
YtPIMaZjlJ,YtPIMaZjlJ,DOa,OXRBM,uypZYDZg,OXRBM
OXRBM
OXRBM
OXRBM
YtPIMaZjlJ,YtPIMaZjlJ,DOa,OXRBM,uypZYDZg,DOa,YtPIMaZjlJ
YtPIMaZjlJ,YtPIMaZjlJ,DOa,OXRBM,uypZYDZg,DOa,YtPIMaZjlJ
OXRBM
OXRBM
OXRBM
OXRBM
OXRBM
YtPIMaZjlJ,YtPIMaZjlJ,DOa,OXRBM,uypZYDZg
uypZYDZg
YtPIMaZjlJ,YtPIMaZjlJ,DOa,OXRBM,uypZYDZg
uypZYDZg
uypZYDZg
YtPIMaZjlJ,YtPIMaZjlJ,DOa,OXRBM,uypZYDZg,czgPnDSls,DOa
DOa
DOa
DOa
YtPIMaZjlJ,YtPIMaZjlJ,DOa,OXRBM,uypZYDZg,DOa,czgPnDSls
DOa
DOa
YtPIMaZjlJ,YtPIMaZjlJ,DOa,OXRBM,uypZYDZg,DOa,eR,DOa,vGfFPsvQ,OXRBM
YtPIMaZjlJ
YtPIMaZjlJ,OXRBM,YtPIMaZjlJ,DOa,uypZYDZg,DOa,eR,DOa,vGfFPsvQ,OXRBM,eR
OXRBM
YtPIMaZjlJ,uypZYDZg,OXRBM,YtPIMaZjlJ,DOa,DOa,eR,DOa,vGfFPsvQ,OXRBM,eR,vGfFPsvQ
OXRBM
DOa,YtPIMaZjlJ,uypZYDZg,OXRBM,YtPIMaZjlJ,DOa,eR,DOa,vGfFPsvQ,OXRBM,eR,vGfFPsvQ,vGfFPsvQ,uypZYDZg,vGfFPsvQ,vGfFPsvQ
DOa,YtPIMaZjlJ,uypZYDZg,OXRBM,YtPIMaZjlJ,DOa,eR,DOa,vGfFPsvQ,OXRBM,eR,vGfFPsvQ,vGfFPsvQ,uypZYDZg,vGfFPsvQ,vGfFPsvQ
OXRBM
DOa,YtPIMaZjlJ,uypZYDZg,vGfFPsvQ,OXRBM,YtPIMaZjlJ,DOa,eR,DOa,OXRBM,eR,vGfFPsvQ,vGfFPsvQ,uypZYDZg,vGfFPsvQ,vGfFPsvQ
vGfFPsvQ
DOa,YtPIMaZjlJ,uypZYDZg,vGfFPsvQ,OXRBM,YtPIMaZjlJ,DOa,eR,DOa,OXRBM,eR,vGfFPsvQ,vGfFPsvQ,uypZYDZg,vGfFPsvQ,vGfFPsvQ
YtPIMaZjlJ
DOa,YtPIMaZjlJ,uypZYDZg,vGfFPsvQ,OXRBM,YtPIMaZjlJ,DOa,eR,DOa,OXRBM,eR,vGfFPsvQ,vGfFPsvQ,uypZYDZg,vGfFPsvQ,vGfFPsvQ
DOa,YtPIMaZjlJ,uypZYDZg,vGfFPsvQ,OXRBM,YtPIMaZjlJ,DOa,eR,DOa,OXRBM,eR,vGfFPsvQ,vGfFPsvQ,uypZYDZg,vGfFPsvQ,vGfFPsvQ
DOa
OXRBM
DOa,YtPIMaZjlJ,uypZYDZg,vGfFPsvQ,OXRBM,YtPIMaZjlJ,DOa,eR,DOa,OXRBM,eR,vGfFPsvQ,vGfFPsvQ,uypZYDZg,vGfFPsvQ,vGfFPsvQ,DOa,aWF
DOa,uypZYDZg,vGfFPsvQ,OXRBM,YtPIMaZjlJ,eR,DOa,DOa,OXRBM,eR,vGfFPsvQ,vGfFPsvQ,uypZYDZg,vGfFPsvQ,vGfFPsvQ,DOa,aWF,eR
uypZYDZg,vGfFPsvQ,OXRBM,YtPIMaZjlJ,eR,DOa,DOa,DOa,OXRBM,eR,vGfFPsvQ,vGfFPsvQ,uypZYDZg,vGfFPsvQ,vGfFPsvQ,DOa,aWF,eR
uypZYDZg,vGfFPsvQ,OXRBM,YtPIMaZjlJ,eR,DOa,aWF,DOa,DOa,OXRBM,eR,vGfFPsvQ,vGfFPsvQ,uypZYDZg,vGfFPsvQ,vGfFPsvQ,DOa,eR,czgPnDSls
uypZYDZg,vGfFPsvQ,OXRBM,YtPIMaZjlJ,eR,DOa,DOa,DOa,OXRBM,eR,vGfFPsvQ,vGfFPsvQ,uypZYDZg,vGfFPsvQ,vGfFPsvQ,DOa,eR,czgPnDSls
uypZYDZg,vGfFPsvQ,OXRBM,YtPIMaZjlJ,eR,DOa,aWF,DOa,DOa,OXRBM,eR,vGfFPsvQ,vGfFPsvQ,uypZYDZg,vGfFPsvQ,vGfFPsvQ,DOa,eR,czgPnDSls
uypZYDZg,vGfFPsvQ,OXRBM,YtPIMaZjlJ,eR,DOa,aWF,DOa,DOa,OXRBM,eR,vGfFPsvQ,vGfFPsvQ,uypZYDZg,vGfFPsvQ,vGfFPsvQ,DOa,eR,czgPnDSls
uypZYDZg,vGfFPsvQ,OXRBM,YtPIMaZjlJ,eR,DOa,aWF,DOa,DOa,OXRBM,eR,vGfFPsvQ,vGfFPsvQ,uypZYDZg,vGfFPsvQ,vGfFPsvQ,DOa,eR,czgPnDSls
uypZYDZg,vGfFPsvQ,OXRBM,YtPIMaZjlJ,eR,DOa,aWF,DOa,DOa,OXRBM,eR,vGfFPsvQ,vGfFPsvQ,uypZYDZg,vGfFPsvQ,vGfFPsvQ,DOa,eR,czgPnDSls,aWF
uypZYDZg
uypZYDZg
OXRBM
uypZYDZg,vGfFPsvQ,OXRBM,eR,DOa,aWF,DOa,YtPIMaZjlJ,DOa,OXRBM,eR,vGfFPsvQ,vGfFPsvQ,uypZYDZg,vGfFPsvQ,vGfFPsvQ,DOa,eR,czgPnDSls,eR
YtPIMaZjlJ
aWF
DOa
DOa
DOa
DOa
DOa
vGfFPsvQ
DOa
uypZYDZg,vGfFPsvQ,OXRBM,YtPIMaZjlJ,eR,DOa,aWF,DOa,DOa,OXRBM,eR,vGfFPsvQ,vGfFPsvQ,uypZYDZg,vGfFPsvQ,vGfFPsvQ,DOa,eR,czgPnDSls
vGfFPsvQ,OXRBM,YtPIMaZjlJ,eR,DOa,aWF,DOa,DOa,OXRBM,eR,vGfFPsvQ,vGfFPsvQ,uypZYDZg,vGfFPsvQ,vGfFPsvQ,DOa,eR,czgPnDSls
uypZYDZg,vGfFPsvQ,OXRBM,YtPIMaZjlJ,DOa,aWF,DOa,DOa,OXRBM,eR,vGfFPsvQ,vGfFPsvQ,uypZYDZg,vGfFPsvQ,vGfFPsvQ,DOa,eR,czgPnDSls
uypZYDZg,vGfFPsvQ,OXRBM,YtPIMaZjlJ,DOa,aWF,DOa,DOa,OXRBM,eR,vGfFPsvQ,vGfFPsvQ,uypZYDZg,vGfFPsvQ,vGfFPsvQ,DOa,eR,czgPnDSls
uypZYDZg,vGfFPsvQ,OXRBM,YtPIMaZjlJ,DOa,aWF,czgPnDSls,DOa,DOa,OXRBM,eR,vGfFPsvQ,vGfFPsvQ,uypZYDZg,vGfFPsvQ,vGfFPsvQ,DOa,eR,DOa,czgPnDSls
uypZYDZg,vGfFPsvQ,OXRBM,YtPIMaZjlJ,eR,DOa,aWF,DOa,DOa,OXRBM,eR,vGfFPsvQ,vGfFPsvQ,uypZYDZg,vGfFPsvQ,vGfFPsvQ,DOa,eR,czgPnDSls
DOa
DOa
DOa
DOa
czgPnDSls
Jedi Wagner, assuma o comando!