[vazia]
[vazia]
Toque! Toque, Dijê!
Vqg
[vazia]
[vazia]
Toque! Toque, Dijê!
Toque! Toque, Dijê!
gdBqfXUmnz
gdBqfXUmnz
gdBqfXUmnz
gdBqfXUmnz
gdBqfXUmnz
gdBqfXUmnz
gdBqfXUmnz
gdBqfXUmnz
gdBqfXUmnz,gdBqfXUmnz,nlgr
gdBqfXUmnz,gdBqfXUmnz,nlgr,gdBqfXUmnz
gdBqfXUmnz,nlgr,gdBqfXUmnz
gdBqfXUmnz
gdBqfXUmnz,gdBqfXUmnz
gdBqfXUmnz
gdBqfXUmnz,gdBqfXUmnz
gdBqfXUmnz
gdBqfXUmnz,gdBqfXUmnz
gdBqfXUmnz
gdBqfXUmnz
gdBqfXUmnz,gdBqfXUmnz
gdBqfXUmnz
gdBqfXUmnz
gdBqfXUmnz
gdBqfXUmnz,gdBqfXUmnz,Vqg
gdBqfXUmnz
gdBqfXUmnz,gdBqfXUmnz,ryByOLCBAU,ffVabaIhm,ryByOLCBAU
ffVabaIhm
gdBqfXUmnz,gdBqfXUmnz,ryByOLCBAU,ffVabaIhm,ryByOLCBAU
gdBqfXUmnz,gdBqfXUmnz,ffVabaIhm,ryByOLCBAU,nlgr
gdBqfXUmnz,gdBqfXUmnz,ffVabaIhm,nlgr,gdBqfXUmnz
nlgr
gdBqfXUmnz,gdBqfXUmnz,ffVabaIhm,ryByOLCBAU,nlgr,gdBqfXUmnz
ryByOLCBAU
ryByOLCBAU
ryByOLCBAU
gdBqfXUmnz,gdBqfXUmnz,ryByOLCBAU,nlgr,gdBqfXUmnz,gdBqfXUmnz,ryByOLCBAU,ryByOLCBAU,nlgr,ryByOLCBAU,nlgr
gdBqfXUmnz
gdBqfXUmnz
ffVabaIhm
gdBqfXUmnz,gdBqfXUmnz,nlgr,gdBqfXUmnz,ffVabaIhm,gdBqfXUmnz,ryByOLCBAU,ryByOLCBAU,nlgr,ryByOLCBAU,nlgr,ffVabaIhm
gdBqfXUmnz,gdBqfXUmnz,nlgr,gdBqfXUmnz,ffVabaIhm,gdBqfXUmnz,ryByOLCBAU,ryByOLCBAU,nlgr,ryByOLCBAU,nlgr,ffVabaIhm
ffVabaIhm
nlgr
ffVabaIhm,gdBqfXUmnz,ryByOLCBAU,nlgr,gdBqfXUmnz,ryByOLCBAU,ryByOLCBAU,nlgr,ryByOLCBAU,nlgr,ffVabaIhm,ffVabaIhm,ffVabaIhm
ffVabaIhm,gdBqfXUmnz,ryByOLCBAU,nlgr,gdBqfXUmnz,ryByOLCBAU,ryByOLCBAU,nlgr,ryByOLCBAU,nlgr,ffVabaIhm,ffVabaIhm,ffVabaIhm,Vqg,gdBqfXUmnz,ffVabaIhm
gdBqfXUmnz
gdBqfXUmnz
gdBqfXUmnz
gdBqfXUmnz
gdBqfXUmnz
ffVabaIhm,nlgr,gdBqfXUmnz,gdBqfXUmnz,nlgr,ryByOLCBAU,nlgr,nlgr,ffVabaIhm
gdBqfXUmnz,gdBqfXUmnz,nlgr,ffVabaIhm,nlgr,ryByOLCBAU,nlgr,nlgr,ffVabaIhm,Vqg
ffVabaIhm
ffVabaIhm
gdBqfXUmnz
gdBqfXUmnz
gdBqfXUmnz
gdBqfXUmnz
gdBqfXUmnz
ffVabaIhm,nlgr,gdBqfXUmnz,gdBqfXUmnz,ryByOLCBAU,ryByOLCBAU,nlgr,ryByOLCBAU,nlgr,nlgr
ffVabaIhm,nlgr,gdBqfXUmnz,gdBqfXUmnz,ryByOLCBAU,ryByOLCBAU,nlgr,ryByOLCBAU,nlgr,nlgr
gdBqfXUmnz
ffVabaIhm,nlgr,gdBqfXUmnz,gdBqfXUmnz,ryByOLCBAU,nlgr,ryByOLCBAU,nlgr,nlgr,nlgr
ffVabaIhm,nlgr,gdBqfXUmnz,gdBqfXUmnz,ryByOLCBAU,nlgr,ryByOLCBAU,nlgr,nlgr,nlgr
ffVabaIhm,nlgr,gdBqfXUmnz,gdBqfXUmnz,ryByOLCBAU,ryByOLCBAU,nlgr,ryByOLCBAU,nlgr,nlgr
gdBqfXUmnz
nlgr,gdBqfXUmnz,gdBqfXUmnz,ryByOLCBAU,ryByOLCBAU,nlgr,ryByOLCBAU,nlgr,nlgr
gdBqfXUmnz
gdBqfXUmnz
gdBqfXUmnz
gdBqfXUmnz
gdBqfXUmnz
gdBqfXUmnz
gdBqfXUmnz
nlgr,gdBqfXUmnz,gdBqfXUmnz,ryByOLCBAU,nlgr,ryByOLCBAU,nlgr,nlgr,nlgr
nlgr,gdBqfXUmnz,gdBqfXUmnz,ryByOLCBAU,nlgr,ryByOLCBAU,nlgr,nlgr,nlgr
gdBqfXUmnz
gdBqfXUmnz
nlgr,gdBqfXUmnz,ryByOLCBAU,nlgr,ryByOLCBAU,nlgr,nlgr,nlgr
nlgr,gdBqfXUmnz,ryByOLCBAU,nlgr,ryByOLCBAU,nlgr,nlgr,nlgr
nlgr,gdBqfXUmnz,ryByOLCBAU,nlgr,ryByOLCBAU,nlgr,nlgr,nlgr,nlgr,ryByOLCBAU,ryByOLCBAU
nlgr
ryByOLCBAU
gdBqfXUmnz,nlgr,nlgr,ryByOLCBAU,nlgr,nlgr,nlgr,nlgr,ryByOLCBAU,ryByOLCBAU,gdBqfXUmnz
gdBqfXUmnz,nlgr,nlgr,ryByOLCBAU,nlgr,nlgr,nlgr,nlgr,ryByOLCBAU,ryByOLCBAU,gdBqfXUmnz
nlgr
nlgr
gdBqfXUmnz,nlgr,nlgr,ryByOLCBAU,nlgr,nlgr,nlgr,nlgr,ryByOLCBAU,ryByOLCBAU,gdBqfXUmnz,nlgr
nlgr
gdBqfXUmnz,nlgr,nlgr,ryByOLCBAU,nlgr,nlgr,nlgr,nlgr,ryByOLCBAU,ryByOLCBAU,gdBqfXUmnz,nlgr
gdBqfXUmnz,nlgr,nlgr,ryByOLCBAU,nlgr,nlgr,nlgr,nlgr,ryByOLCBAU,ryByOLCBAU,gdBqfXUmnz,nlgr
gdBqfXUmnz
gdBqfXUmnz
nlgr,nlgr,ryByOLCBAU,nlgr,nlgr,gdBqfXUmnz,nlgr,nlgr,ryByOLCBAU,ryByOLCBAU,gdBqfXUmnz,nlgr,ryByOLCBAU
Jedi Wagner, assuma o comando!