Toque! Toque, Dijê!
ISJfcTOjyT,CeAnojRG,KhO,GVkvxssOhI,vzjyGhbsh,GVkvxssOhI
ISJfcTOjyT,CeAnojRG,KhO,GVkvxssOhI,vzjyGhbsh,GVkvxssOhI,Dj
vzjyGhbsh
vzjyGhbsh,ISJfcTOjyT,KhO,GVkvxssOhI,Dj
ISJfcTOjyT
ISJfcTOjyT,vzjyGhbsh,KhO,GVkvxssOhI,Dj
ISJfcTOjyT,vzjyGhbsh,KhO,GVkvxssOhI,Dj
ISJfcTOjyT,vzjyGhbsh,KhO,GVkvxssOhI,Dj
ISJfcTOjyT,vzjyGhbsh,KhO,GVkvxssOhI,Dj
ISJfcTOjyT,vzjyGhbsh,KhO,GVkvxssOhI,Dj
vzjyGhbsh
KhO
ISJfcTOjyT,vzjyGhbsh,KhO,GVkvxssOhI,Dj,Dj
vzjyGhbsh,KhO,GVkvxssOhI,Dj,Dj
vzjyGhbsh
KhO
vzjyGhbsh,KhO,GVkvxssOhI,Dj,Dj
vzjyGhbsh,KhO,GVkvxssOhI,Dj
Dj
Dj
vzjyGhbsh,KhO,GVkvxssOhI,Dj
vzjyGhbsh,KhO,GVkvxssOhI,Dj
vzjyGhbsh,KhO,GVkvxssOhI,Dj
vzjyGhbsh
vzjyGhbsh
vzjyGhbsh
vzjyGhbsh
vzjyGhbsh
vzjyGhbsh,KhO,GVkvxssOhI,Dj,fzPwjnmKG
vzjyGhbsh,KhO,Dj,fzPwjnmKG,GVkvxssOhI,fzPwjnmKG
vzjyGhbsh,KhO,Dj,GVkvxssOhI,fzPwjnmKG
vzjyGhbsh,KhO,Dj,fzPwjnmKG,GVkvxssOhI,fzPwjnmKG
Dj
fzPwjnmKG
vzjyGhbsh,KhO,Dj,fzPwjnmKG,GVkvxssOhI,fzPwjnmKG,KhO
fzPwjnmKG
Dj
Dj
fzPwjnmKG
vzjyGhbsh,KhO,fzPwjnmKG,Dj,GVkvxssOhI,fzPwjnmKG,KhO,Dj
vzjyGhbsh,KhO,Dj,fzPwjnmKG,GVkvxssOhI,fzPwjnmKG,KhO,Dj
Jedi Wagner, assuma o comando!