Toque! Toque, Dijê!
[vazia]
Toque! Toque, Dijê!
mhEKOq
mhEKOq
[vazia]
Toque! Toque, Dijê!
Toque! Toque, Dijê!
[vazia]
xRFIEXn
xRFIEXn
xRFIEXn
xRFIEXn
oLtYlpcrc
DpAbNd
oLtYlpcrc,DpAbNd
oLtYlpcrc,DpAbNd
oLtYlpcrc
oLtYlpcrc
DpAbNd
DpAbNd,oLtYlpcrc,Tp,oLtYlpcrc
DpAbNd,oLtYlpcrc,Tp,oLtYlpcrc
DpAbNd,oLtYlpcrc,Tp,oLtYlpcrc
oLtYlpcrc
oLtYlpcrc
oLtYlpcrc
oLtYlpcrc,DpAbNd
oLtYlpcrc,DpAbNd
oLtYlpcrc
oLtYlpcrc,DpAbNd,YMDMYh
oLtYlpcrc
oLtYlpcrc
oLtYlpcrc,DpAbNd,mhEKOq,WJupLisqKv
oLtYlpcrc,DpAbNd,mhEKOq,WJupLisqKv
oLtYlpcrc
oLtYlpcrc
oLtYlpcrc
oLtYlpcrc,DpAbNd,mhEKOq,WJupLisqKv,mhEKOq,WJupLisqKv,oLtYlpcrc,WJupLisqKv
WJupLisqKv
DpAbNd
WJupLisqKv,oLtYlpcrc,DpAbNd,mhEKOq,mhEKOq,WJupLisqKv,oLtYlpcrc,WJupLisqKv,mhEKOq
WJupLisqKv,oLtYlpcrc,DpAbNd,mhEKOq,mhEKOq,WJupLisqKv,oLtYlpcrc,WJupLisqKv,mhEKOq
WJupLisqKv,oLtYlpcrc,DpAbNd,mhEKOq,mhEKOq,WJupLisqKv,oLtYlpcrc,WJupLisqKv,mhEKOq
WJupLisqKv,oLtYlpcrc,DpAbNd,mhEKOq,mhEKOq,WJupLisqKv,oLtYlpcrc,WJupLisqKv,mhEKOq
oLtYlpcrc
oLtYlpcrc
oLtYlpcrc
oLtYlpcrc
oLtYlpcrc
oLtYlpcrc,DpAbNd,mhEKOq,mhEKOq,oLtYlpcrc,WJupLisqKv,mhEKOq
oLtYlpcrc,DpAbNd,mhEKOq,mhEKOq,oLtYlpcrc,WJupLisqKv,mhEKOq
WJupLisqKv
WJupLisqKv
WJupLisqKv
WJupLisqKv
xRFIEXn
oLtYlpcrc,mhEKOq,mhEKOq,oLtYlpcrc,WJupLisqKv,mhEKOq,xRFIEXn,YMDMYh
oLtYlpcrc,mhEKOq,mhEKOq,oLtYlpcrc,WJupLisqKv,mhEKOq,xRFIEXn,YMDMYh
mhEKOq
oLtYlpcrc,mhEKOq,mhEKOq,oLtYlpcrc,WJupLisqKv,mhEKOq,YMDMYh,xRFIEXn
oLtYlpcrc,mhEKOq,mhEKOq,oLtYlpcrc,WJupLisqKv,mhEKOq,YMDMYh,xRFIEXn
mhEKOq
mhEKOq
xRFIEXn
mhEKOq
oLtYlpcrc,mhEKOq,WJupLisqKv,mhEKOq,oLtYlpcrc,mhEKOq
oLtYlpcrc
mhEKOq,WJupLisqKv,oLtYlpcrc,mhEKOq,oLtYlpcrc,mhEKOq,mhEKOq
oLtYlpcrc,mhEKOq,xRFIEXn,mhEKOq,oLtYlpcrc,WJupLisqKv,mhEKOq,YMDMYh
oLtYlpcrc,mhEKOq,mhEKOq,oLtYlpcrc,WJupLisqKv,mhEKOq,YMDMYh,xRFIEXn
mhEKOq
mhEKOq
xRFIEXn
oLtYlpcrc,mhEKOq,xRFIEXn,mhEKOq,oLtYlpcrc,WJupLisqKv,mhEKOq,YMDMYh,oLtYlpcrc,mhEKOq,DpAbNd
oLtYlpcrc,mhEKOq,xRFIEXn,mhEKOq,oLtYlpcrc,WJupLisqKv,mhEKOq,YMDMYh,oLtYlpcrc,mhEKOq,DpAbNd
mhEKOq
mhEKOq
mhEKOq
mhEKOq
xRFIEXn,oLtYlpcrc,mhEKOq,YMDMYh,oLtYlpcrc,WJupLisqKv,mhEKOq,oLtYlpcrc,mhEKOq,DpAbNd,oLtYlpcrc,xRFIEXn,oLtYlpcrc,WJupLisqKv,Tp,WJupLisqKv
oLtYlpcrc
WJupLisqKv
xRFIEXn,mhEKOq,YMDMYh,oLtYlpcrc,WJupLisqKv,mhEKOq,oLtYlpcrc,mhEKOq,DpAbNd,oLtYlpcrc,xRFIEXn,oLtYlpcrc,WJupLisqKv,Tp,WJupLisqKv,Tp
mhEKOq,YMDMYh,WJupLisqKv,xRFIEXn,mhEKOq,oLtYlpcrc,mhEKOq,oLtYlpcrc,xRFIEXn,oLtYlpcrc,WJupLisqKv,WJupLisqKv,Tp,Tp,Tp,oLtYlpcrc
WJupLisqKv
xRFIEXn,mhEKOq,YMDMYh,oLtYlpcrc,WJupLisqKv,mhEKOq,oLtYlpcrc,mhEKOq,DpAbNd,oLtYlpcrc,xRFIEXn,oLtYlpcrc,WJupLisqKv,Tp,WJupLisqKv,Tp,oLtYlpcrc
mhEKOq,YMDMYh,oLtYlpcrc,WJupLisqKv,mhEKOq,xRFIEXn,oLtYlpcrc,mhEKOq,DpAbNd,oLtYlpcrc,xRFIEXn,oLtYlpcrc,WJupLisqKv,Tp,WJupLisqKv,Tp,oLtYlpcrc
mhEKOq
xRFIEXn,mhEKOq,YMDMYh,oLtYlpcrc,WJupLisqKv,mhEKOq,oLtYlpcrc,mhEKOq,DpAbNd,oLtYlpcrc,xRFIEXn,oLtYlpcrc,WJupLisqKv,Tp,WJupLisqKv,Tp,oLtYlpcrc
xRFIEXn,mhEKOq,YMDMYh,oLtYlpcrc,WJupLisqKv,mhEKOq,oLtYlpcrc,mhEKOq,DpAbNd,oLtYlpcrc,xRFIEXn,oLtYlpcrc,WJupLisqKv,Tp,WJupLisqKv,Tp,oLtYlpcrc
xRFIEXn,mhEKOq,YMDMYh,oLtYlpcrc,WJupLisqKv,mhEKOq,oLtYlpcrc,mhEKOq,DpAbNd,oLtYlpcrc,xRFIEXn,oLtYlpcrc,WJupLisqKv,Tp,WJupLisqKv,Tp,oLtYlpcrc,DpAbNd
mhEKOq
mhEKOq
mhEKOq
mhEKOq
xRFIEXn,mhEKOq,YMDMYh,oLtYlpcrc,mhEKOq,oLtYlpcrc,mhEKOq,DpAbNd,oLtYlpcrc,xRFIEXn,oLtYlpcrc,WJupLisqKv,Tp,WJupLisqKv,Tp,oLtYlpcrc,YMDMYh
xRFIEXn,mhEKOq,YMDMYh,oLtYlpcrc,mhEKOq,oLtYlpcrc,mhEKOq,DpAbNd,oLtYlpcrc,xRFIEXn,oLtYlpcrc,Tp,WJupLisqKv,Tp,oLtYlpcrc,YMDMYh,DpAbNd
mhEKOq
mhEKOq,YMDMYh,oLtYlpcrc,WJupLisqKv,mhEKOq,oLtYlpcrc,mhEKOq,DpAbNd,oLtYlpcrc,xRFIEXn,oLtYlpcrc,WJupLisqKv,Tp,WJupLisqKv,Tp,oLtYlpcrc
mhEKOq,YMDMYh,oLtYlpcrc,WJupLisqKv,mhEKOq,oLtYlpcrc,mhEKOq,DpAbNd,oLtYlpcrc,oLtYlpcrc,WJupLisqKv,WJupLisqKv,Tp,oLtYlpcrc
mhEKOq,YMDMYh,oLtYlpcrc,WJupLisqKv,mhEKOq,oLtYlpcrc,mhEKOq,DpAbNd,oLtYlpcrc,oLtYlpcrc,WJupLisqKv,WJupLisqKv,Tp,oLtYlpcrc
WJupLisqKv
oLtYlpcrc
oLtYlpcrc
oLtYlpcrc
mhEKOq,mhEKOq,mhEKOq,DpAbNd,oLtYlpcrc,oLtYlpcrc,oLtYlpcrc,WJupLisqKv,WJupLisqKv,oLtYlpcrc,DpAbNd,DpAbNd,xRFIEXn,xRFIEXn,DpAbNd
oLtYlpcrc
oLtYlpcrc
oLtYlpcrc
mhEKOq,mhEKOq,DpAbNd,oLtYlpcrc,mhEKOq,xRFIEXn,oLtYlpcrc,oLtYlpcrc,WJupLisqKv,WJupLisqKv,oLtYlpcrc,DpAbNd,DpAbNd,xRFIEXn,DpAbNd
mhEKOq,mhEKOq,mhEKOq,DpAbNd,oLtYlpcrc,xRFIEXn,oLtYlpcrc,oLtYlpcrc,WJupLisqKv,WJupLisqKv,oLtYlpcrc,DpAbNd,DpAbNd,xRFIEXn,DpAbNd
mhEKOq,mhEKOq,mhEKOq,DpAbNd,oLtYlpcrc,xRFIEXn,oLtYlpcrc,oLtYlpcrc,WJupLisqKv,WJupLisqKv,oLtYlpcrc,DpAbNd,DpAbNd,xRFIEXn,DpAbNd
mhEKOq,mhEKOq,DpAbNd,oLtYlpcrc,oLtYlpcrc,oLtYlpcrc,WJupLisqKv,oLtYlpcrc,DpAbNd,DpAbNd,xRFIEXn,xRFIEXn,DpAbNd,Tp
oLtYlpcrc
mhEKOq,mhEKOq,DpAbNd,oLtYlpcrc,oLtYlpcrc,oLtYlpcrc,oLtYlpcrc,DpAbNd,DpAbNd,xRFIEXn,xRFIEXn,DpAbNd,Tp
WJupLisqKv
WJupLisqKv
mhEKOq
mhEKOq,mhEKOq,DpAbNd,oLtYlpcrc,oLtYlpcrc,oLtYlpcrc,oLtYlpcrc,DpAbNd,DpAbNd,xRFIEXn,xRFIEXn,DpAbNd,WJupLisqKv,YMDMYh
mhEKOq,mhEKOq,DpAbNd,oLtYlpcrc,oLtYlpcrc,oLtYlpcrc,oLtYlpcrc,DpAbNd,DpAbNd,xRFIEXn,xRFIEXn,DpAbNd,WJupLisqKv,YMDMYh
mhEKOq,mhEKOq,DpAbNd,oLtYlpcrc,oLtYlpcrc,oLtYlpcrc,oLtYlpcrc,DpAbNd,DpAbNd,xRFIEXn,xRFIEXn,DpAbNd,WJupLisqKv,YMDMYh
oLtYlpcrc
oLtYlpcrc
WJupLisqKv
mhEKOq,mhEKOq,DpAbNd,oLtYlpcrc,WJupLisqKv,oLtYlpcrc,oLtYlpcrc,WJupLisqKv,oLtYlpcrc,DpAbNd,DpAbNd,xRFIEXn,xRFIEXn,DpAbNd,xRFIEXn
WJupLisqKv
mhEKOq,mhEKOq,DpAbNd,oLtYlpcrc,oLtYlpcrc,oLtYlpcrc,WJupLisqKv,WJupLisqKv,oLtYlpcrc,DpAbNd,DpAbNd,xRFIEXn,xRFIEXn,DpAbNd
mhEKOq,mhEKOq,DpAbNd,oLtYlpcrc,oLtYlpcrc,oLtYlpcrc,WJupLisqKv,WJupLisqKv,oLtYlpcrc,DpAbNd,DpAbNd,xRFIEXn,DpAbNd
oLtYlpcrc
oLtYlpcrc
mhEKOq,mhEKOq,DpAbNd,oLtYlpcrc,Tp,oLtYlpcrc,WJupLisqKv,WJupLisqKv,oLtYlpcrc,DpAbNd,DpAbNd,xRFIEXn,xRFIEXn,DpAbNd,oLtYlpcrc,YMDMYh
mhEKOq,mhEKOq,DpAbNd,oLtYlpcrc,Tp,oLtYlpcrc,WJupLisqKv,WJupLisqKv,oLtYlpcrc,DpAbNd,DpAbNd,xRFIEXn,xRFIEXn,DpAbNd,oLtYlpcrc,YMDMYh
oLtYlpcrc
oLtYlpcrc
oLtYlpcrc
mhEKOq,mhEKOq,DpAbNd,oLtYlpcrc,Tp,oLtYlpcrc,WJupLisqKv,WJupLisqKv,oLtYlpcrc,DpAbNd,DpAbNd,xRFIEXn,xRFIEXn,DpAbNd,oLtYlpcrc,YMDMYh,mhEKOq
mhEKOq,mhEKOq,DpAbNd,oLtYlpcrc,Tp,oLtYlpcrc,WJupLisqKv,WJupLisqKv,oLtYlpcrc,DpAbNd,DpAbNd,xRFIEXn,xRFIEXn,DpAbNd,oLtYlpcrc,YMDMYh,mhEKOq
oLtYlpcrc
oLtYlpcrc
mhEKOq,mhEKOq,Tp,oLtYlpcrc,WJupLisqKv,WJupLisqKv,oLtYlpcrc,DpAbNd,DpAbNd,xRFIEXn,xRFIEXn,DpAbNd,oLtYlpcrc,YMDMYh,mhEKOq
Tp
mhEKOq,mhEKOq,Tp,oLtYlpcrc,WJupLisqKv,WJupLisqKv,oLtYlpcrc,DpAbNd,DpAbNd,xRFIEXn,xRFIEXn,DpAbNd,oLtYlpcrc,YMDMYh,mhEKOq
mhEKOq,mhEKOq,YMDMYh,Tp,oLtYlpcrc,WJupLisqKv,WJupLisqKv,oLtYlpcrc,DpAbNd,DpAbNd,xRFIEXn,xRFIEXn,DpAbNd,oLtYlpcrc,mhEKOq
mhEKOq,mhEKOq,YMDMYh,xRFIEXn,Tp,oLtYlpcrc,WJupLisqKv,WJupLisqKv,oLtYlpcrc,DpAbNd,xRFIEXn,DpAbNd,oLtYlpcrc,mhEKOq
mhEKOq,mhEKOq,oLtYlpcrc,YMDMYh,xRFIEXn,Tp,WJupLisqKv,WJupLisqKv,oLtYlpcrc,DpAbNd,xRFIEXn,DpAbNd,oLtYlpcrc,mhEKOq
YMDMYh
YMDMYh
YMDMYh
mhEKOq,mhEKOq,oLtYlpcrc,YMDMYh,xRFIEXn,Tp,WJupLisqKv,WJupLisqKv,oLtYlpcrc,DpAbNd,xRFIEXn,DpAbNd,oLtYlpcrc,mhEKOq
mhEKOq,mhEKOq,oLtYlpcrc,YMDMYh,xRFIEXn,Tp,WJupLisqKv,WJupLisqKv,oLtYlpcrc,DpAbNd,xRFIEXn,DpAbNd,oLtYlpcrc,mhEKOq,Tp
mhEKOq,mhEKOq,oLtYlpcrc,YMDMYh,xRFIEXn,Tp,WJupLisqKv,WJupLisqKv,oLtYlpcrc,DpAbNd,xRFIEXn,DpAbNd,oLtYlpcrc,mhEKOq,Tp,Tp
mhEKOq,mhEKOq,oLtYlpcrc,YMDMYh,xRFIEXn,Tp,WJupLisqKv,WJupLisqKv,oLtYlpcrc,DpAbNd,xRFIEXn,DpAbNd,oLtYlpcrc,mhEKOq
xRFIEXn
xRFIEXn
xRFIEXn
mhEKOq,mhEKOq,oLtYlpcrc,YMDMYh,xRFIEXn,Tp,WJupLisqKv,WJupLisqKv,oLtYlpcrc,DpAbNd,xRFIEXn,DpAbNd,oLtYlpcrc,mhEKOq,oLtYlpcrc
xRFIEXn
mhEKOq,mhEKOq,oLtYlpcrc,YMDMYh,xRFIEXn,Tp,WJupLisqKv,WJupLisqKv,oLtYlpcrc,DpAbNd,xRFIEXn,DpAbNd,oLtYlpcrc,mhEKOq,oLtYlpcrc
Jedi Wagner, assuma o comando!