rrBnzgLq,zFhK,lrQ
zFhK
rrBnzgLq,lrQ,zFhK
rrBnzgLq,lrQ,zFhK,HjpYqQjA
HjpYqQjA
rrBnzgLq,lrQ,zFhK,HjpYqQjA
rrBnzgLq
HjpYqQjA
HjpYqQjA
zFhK,HjpYqQjA,rrBnzgLq,lrQ,lrQ,zFhK,zFhK
lrQ
HjpYqQjA
HjpYqQjA
rrBnzgLq,lrQ,zFhK,HjpYqQjA,HjpYqQjA
lrQ,zFhK,HjpYqQjA,rrBnzgLq,HjpYqQjA,lrQ,lrQ
lrQ,zFhK,HjpYqQjA,rrBnzgLq,HjpYqQjA,lrQ,lrQ,cGCJZ,GjQp
HjpYqQjA
lrQ,rrBnzgLq,HjpYqQjA,HjpYqQjA,lrQ,lrQ,cGCJZ,GjQp
lrQ,rrBnzgLq,HjpYqQjA,HjpYqQjA,lrQ,lrQ,cGCJZ,GjQp
HjpYqQjA
lrQ,rrBnzgLq,HjpYqQjA,HjpYqQjA,lrQ,lrQ,cGCJZ,GjQp,GjQp
rrBnzgLq
rrBnzgLq,HjpYqQjA,lrQ,lrQ,GjQp,cGCJZ
rrBnzgLq
HjpYqQjA
HjpYqQjA
rrBnzgLq,HjpYqQjA,cGCJZ,lrQ,lrQ,GjQp,lrQ,HjpYqQjA
rrBnzgLq,HjpYqQjA,cGCJZ,lrQ,lrQ,GjQp,lrQ
cGCJZ
rrBnzgLq,HjpYqQjA,cGCJZ,GjQp,lrQ,lrQ
rrBnzgLq,HjpYqQjA,cGCJZ,GjQp,lrQ,lrQ,Yturyk
GjQp
GjQp
Jedi Wagner, assuma o comando!