Toque! Toque, Dijê!
Toque! Toque, Dijê!
Toque! Toque, Dijê!
Toque! Toque, Dijê!
VwGNW
VwGNW
[vazia]
Toque! Toque, Dijê!
VwGNW,VwGNW,VwGNW
VwGNW
VwGNW,VwGNW
VwGNW,VwGNW
VwGNW
VwGNW
VwGNW
[vazia]
Toque! Toque, Dijê!
VwGNW
VwGNW
VwGNW
VwGNW
VwGNW
VwGNW
VwGNW
VwGNW
VwGNW
VwGNW
VwGNW
VwGNW
VwGNW
VwGNW
VwGNW
VwGNW
VwGNW
VwGNW
VwGNW
[vazia]
[vazia]
[vazia]
[vazia]
[vazia]
Toque! Toque, Dijê!
[vazia]
[vazia]
VwGNW
VwGNW
VwGNW
VwGNW
VwGNW
VwGNW
VwGNW,VwGNW,VwGNW
VwGNW,VwGNW,VwGNW
VwGNW,VwGNW,VwGNW
VwGNW,VwGNW
VwGNW
VwGNW,VwGNW
VwGNW
VwGNW
VwGNW
VwGNW
VwGNW,VwGNW,VwGNW
VwGNW
VwGNW
VwGNW,VwGNW,VwGNW
VwGNW
VwGNW
VwGNW
VwGNW,VwGNW
VwGNW,VwGNW
VwGNW,VwGNW,VwGNW
VwGNW,VwGNW,VwGNW
VwGNW
VwGNW,VwGNW,VwGNW
VwGNW
VwGNW,VwGNW,VwGNW,VwGNW,VwGNW
VwGNW
VwGNW
VwGNW,VwGNW,VwGNW,VwGNW
VwGNW,VwGNW,VwGNW,VwGNW
VwGNW
VwGNW,VwGNW,VwGNW
VwGNW
VwGNW,VwGNW,VwGNW,VwGNW
VwGNW
VwGNW,VwGNW,VwGNW,VwGNW
VwGNW
VwGNW
VwGNW,VwGNW,VwGNW
VwGNW,VwGNW,VwGNW
VwGNW
VwGNW
VwGNW,VwGNW,VwGNW
VwGNW,VwGNW,VwGNW
VwGNW
VwGNW
VwGNW,VwGNW,VwGNW
VwGNW,VwGNW,VwGNW
VwGNW
VwGNW,VwGNW
VwGNW
VwGNW,VwGNW
VwGNW,VwGNW,VwGNW
VwGNW,VwGNW,VwGNW,VwGNW
VwGNW
VwGNW,VwGNW,VwGNW,VwGNW,VwGNW,VwGNW,VwGNW
VwGNW,VwGNW,VwGNW,VwGNW,VwGNW,VwGNW,VwGNW
VwGNW
VwGNW
VwGNW,VwGNW,VwGNW,VwGNW,VwGNW,VwGNW
VwGNW
VwGNW,VwGNW,VwGNW,VwGNW,VwGNW,VwGNW
VwGNW
VwGNW,VwGNW,VwGNW,VwGNW,VwGNW,VwGNW
VwGNW
VwGNW
VwGNW
VwGNW,VwGNW,VwGNW,VwGNW,VwGNW,VwGNW
VwGNW
VwGNW
VwGNW
VwGNW
VwGNW
VwGNW
VwGNW
VwGNW
VwGNW,VwGNW,VwGNW,VwGNW,VwGNW,VwGNW,VwGNW,VwGNW
VwGNW,VwGNW,VwGNW,VwGNW,VwGNW,VwGNW,VwGNW,VwGNW,VwGNW
VwGNW,VwGNW,VwGNW,VwGNW,VwGNW,VwGNW,VwGNW
VwGNW,VwGNW,VwGNW,VwGNW,VwGNW,VwGNW,VwGNW,VwGNW
VwGNW
VwGNW,VwGNW,VwGNW,VwGNW,VwGNW,VwGNW
Jedi Wagner, assuma o comando!