[vazia]
Toque! Toque, Dijê!
[vazia]
[vazia]
NMdruhxbgQ
NMdruhxbgQ
NMdruhxbgQ
Toque! Toque, Dijê!
Toque! Toque, Dijê!
Toque! Toque, Dijê!
[vazia]
BVOCP
BVOCP
BVOCP
BVOCP
BVOCP
BVOCP
Toque! Toque, Dijê!
Toque! Toque, Dijê!
BVOCP
BVOCP,NMdruhxbgQ
BVOCP,NMdruhxbgQ
BVOCP,NMdruhxbgQ
BVOCP,NMdruhxbgQ
BVOCP
Toque! Toque, Dijê!
Toque! Toque, Dijê!
wPIti
wPIti
wPIti,NMdruhxbgQ
NMdruhxbgQ
NMdruhxbgQ
NMdruhxbgQ
NMdruhxbgQ,wPIti
NMdruhxbgQ,wPIti
wPIti,wPIti
wPIti
wPIti,wPIti,NMdruhxbgQ
wPIti
wPIti
wPIti,wPIti
wPIti,wPIti
Toque! Toque, Dijê!
Toque! Toque, Dijê!
[vazia]
Toque! Toque, Dijê!
BVOCP
Toque! Toque, Dijê!
Toque! Toque, Dijê!
[vazia]
NMdruhxbgQ
NMdruhxbgQ,BVOCP
NMdruhxbgQ
NMdruhxbgQ
[vazia]
NMdruhxbgQ
NMdruhxbgQ
NMdruhxbgQ
wPIti
Toque! Toque, Dijê!
[vazia]
Toque! Toque, Dijê!
Toque! Toque, Dijê!
Toque! Toque, Dijê!
wPIti
wPIti
wPIti
wPIti
wPIti,wPIti,wPIti
wPIti,wPIti,wPIti
wPIti
wPIti
[vazia]
[vazia]
NMdruhxbgQ
NMdruhxbgQ
NMdruhxbgQ
NMdruhxbgQ
NMdruhxbgQ
NMdruhxbgQ
NMdruhxbgQ
NMdruhxbgQ,wPIti
NMdruhxbgQ,wPIti,NMdruhxbgQ
NMdruhxbgQ,wPIti,NMdruhxbgQ
NMdruhxbgQ,NMdruhxbgQ,NMdruhxbgQ,wPIti
NMdruhxbgQ,NMdruhxbgQ,NMdruhxbgQ,wPIti
NMdruhxbgQ
NMdruhxbgQ
NMdruhxbgQ
NMdruhxbgQ
NMdruhxbgQ
NMdruhxbgQ
NMdruhxbgQ,BVOCP
NMdruhxbgQ
Toque! Toque, Dijê!
NMdruhxbgQ
NMdruhxbgQ
NMdruhxbgQ
NMdruhxbgQ
NMdruhxbgQ
NMdruhxbgQ
NMdruhxbgQ
NMdruhxbgQ
NMdruhxbgQ
NMdruhxbgQ
NMdruhxbgQ
NMdruhxbgQ
NMdruhxbgQ,NMdruhxbgQ,wPIti,wPIti
NMdruhxbgQ,NMdruhxbgQ,wPIti,wPIti,BVOCP
NMdruhxbgQ,NMdruhxbgQ,wPIti,wPIti,BVOCP
BVOCP,NMdruhxbgQ,NMdruhxbgQ,wPIti,BVOCP,wPIti
BVOCP
NMdruhxbgQ
NMdruhxbgQ
NMdruhxbgQ,wPIti,wPIti
NMdruhxbgQ
NMdruhxbgQ
NMdruhxbgQ,NMdruhxbgQ
NMdruhxbgQ
NMdruhxbgQ,NMdruhxbgQ
Jedi Wagner, assuma o comando!