Toque! Toque, Dijê!
lCk
lCk
lCk
[vazia]
Toque! Toque, Dijê!
[vazia]
[vazia]
CIakJCT
CIakJCT
CIakJCT
CIakJCT
CIakJCT
CIakJCT
CIakJCT
CIakJCT,lCk,UvcnSww
CIakJCT
[vazia]
[vazia]
Toque! Toque, Dijê!
Toque! Toque, Dijê!
tHFTmpX
tHFTmpX
tHFTmpX
tHFTmpX
tHFTmpX
tHFTmpX
tHFTmpX
tHFTmpX
tHFTmpX
tHFTmpX
Toque! Toque, Dijê!
Toque! Toque, Dijê!
lCk
lCk
[vazia]
lCk
lCk
[vazia]
eP
Toque! Toque, Dijê!
UvcnSww
UvcnSww
UvcnSww
UvcnSww,tHFTmpX,CIakJCT
UvcnSww,tHFTmpX,CIakJCT,UvcnSww,TwuBP,CIakJCT
UvcnSww,tHFTmpX,CIakJCT,UvcnSww,TwuBP,CIakJCT,CIakJCT,UvcnSww
TwuBP
TwuBP
TwuBP
tHFTmpX
tHFTmpX
UvcnSww,tHFTmpX,CIakJCT
tHFTmpX
tHFTmpX
UvcnSww,tHFTmpX,CIakJCT,eP
CIakJCT
UvcnSww,tHFTmpX,CIakJCT,eP
CIakJCT
CIakJCT
UvcnSww,tHFTmpX,CIakJCT,eP,lCk
UvcnSww,tHFTmpX,CIakJCT,eP,lCk
CIakJCT
tHFTmpX,CIakJCT,eP,lCk
CIakJCT
UvcnSww,tHFTmpX,CIakJCT,eP
CIakJCT
UvcnSww,tHFTmpX,CIakJCT,eP,UvcnSww,eP
UvcnSww,tHFTmpX,CIakJCT,eP,UvcnSww
eP
eP
UvcnSww,tHFTmpX,CIakJCT,eP,UvcnSww
UvcnSww,tHFTmpX,CIakJCT,eP,UvcnSww,lCk,TwuBP
lCk
UvcnSww,tHFTmpX,lCk,CIakJCT,UvcnSww,TwuBP,tHFTmpX,lCk
UvcnSww,tHFTmpX,lCk,CIakJCT,UvcnSww,TwuBP,tHFTmpX,lCk
UvcnSww,tHFTmpX,UvcnSww,TwuBP,tHFTmpX,lCk
TwuBP
TwuBP
tHFTmpX,TwuBP,UvcnSww,tHFTmpX,lCk
tHFTmpX,TwuBP,UvcnSww,tHFTmpX,lCk,tHFTmpX
TwuBP
tHFTmpX,TwuBP,UvcnSww,tHFTmpX,lCk,tHFTmpX
tHFTmpX,TwuBP,UvcnSww,tHFTmpX,lCk,tHFTmpX
lCk
tHFTmpX,TwuBP,tHFTmpX,lCk,UvcnSww,tHFTmpX,TwuBP
tHFTmpX,TwuBP,tHFTmpX,lCk,UvcnSww,tHFTmpX,TwuBP
lCk
lCk
lCk
lCk
tHFTmpX,tHFTmpX,lCk,UvcnSww,tHFTmpX,TwuBP,CIakJCT,eP,tHFTmpX
lCk
lCk
tHFTmpX,tHFTmpX,lCk,UvcnSww,tHFTmpX,TwuBP,CIakJCT,eP
tHFTmpX,tHFTmpX,lCk,UvcnSww,tHFTmpX,TwuBP,CIakJCT,eP
tHFTmpX
tHFTmpX,tHFTmpX,lCk,UvcnSww,tHFTmpX,TwuBP,CIakJCT,eP
CIakJCT
tHFTmpX,tHFTmpX,lCk,UvcnSww,tHFTmpX,CIakJCT,eP
CIakJCT
lCk
tHFTmpX,tHFTmpX,UvcnSww,tHFTmpX,eP,lCk,CIakJCT,tHFTmpX
tHFTmpX
tHFTmpX,tHFTmpX,tHFTmpX,eP,lCk,tHFTmpX,UvcnSww
tHFTmpX,tHFTmpX,UvcnSww,tHFTmpX,eP,lCk,tHFTmpX
tHFTmpX
tHFTmpX
tHFTmpX
tHFTmpX
tHFTmpX
tHFTmpX,lCk,tHFTmpX,UvcnSww,tHFTmpX,eP,tHFTmpX,tHFTmpX,tHFTmpX
tHFTmpX,lCk,tHFTmpX,UvcnSww,tHFTmpX,eP,tHFTmpX,tHFTmpX,tHFTmpX,eP
tHFTmpX
tHFTmpX
tHFTmpX,tHFTmpX,UvcnSww,tHFTmpX,lCk,tHFTmpX,UvcnSww
tHFTmpX,tHFTmpX,UvcnSww,tHFTmpX,lCk,tHFTmpX,UvcnSww,eP
tHFTmpX,UvcnSww,tHFTmpX,tHFTmpX,lCk,tHFTmpX,UvcnSww,eP
tHFTmpX
tHFTmpX,UvcnSww,tHFTmpX,tHFTmpX,lCk,tHFTmpX,UvcnSww,eP,UvcnSww
tHFTmpX
tHFTmpX
lCk
tHFTmpX,UvcnSww,tHFTmpX,tHFTmpX,lCk,tHFTmpX,UvcnSww,eP,UvcnSww
lCk
lCk
UvcnSww,tHFTmpX,tHFTmpX,lCk,tHFTmpX,UvcnSww,UvcnSww,CIakJCT,UvcnSww
UvcnSww,tHFTmpX,tHFTmpX,lCk,tHFTmpX,UvcnSww,UvcnSww,CIakJCT,UvcnSww
UvcnSww,tHFTmpX,tHFTmpX,lCk,tHFTmpX,UvcnSww,UvcnSww,CIakJCT,UvcnSww
UvcnSww,tHFTmpX,tHFTmpX,lCk,tHFTmpX,UvcnSww,UvcnSww,CIakJCT,UvcnSww
UvcnSww,tHFTmpX,tHFTmpX,lCk,tHFTmpX,UvcnSww,UvcnSww,CIakJCT,UvcnSww
UvcnSww,tHFTmpX,tHFTmpX,lCk,tHFTmpX,UvcnSww,UvcnSww,CIakJCT,UvcnSww,CIakJCT
tHFTmpX
CIakJCT
UvcnSww,tHFTmpX,tHFTmpX,lCk,tHFTmpX,UvcnSww,UvcnSww,CIakJCT,eP,UvcnSww,CIakJCT,tHFTmpX,eP
CIakJCT
UvcnSww,tHFTmpX,tHFTmpX,tHFTmpX,UvcnSww,UvcnSww,CIakJCT,eP,lCk,UvcnSww,CIakJCT,tHFTmpX,eP
eP
eP
eP
UvcnSww,tHFTmpX,tHFTmpX,UvcnSww,UvcnSww,eP,lCk,UvcnSww,CIakJCT,tHFTmpX,eP,TwuBP,lCk,UvcnSww,tHFTmpX
eP
lCk
lCk
tHFTmpX,tHFTmpX,UvcnSww,lCk,UvcnSww,CIakJCT,tHFTmpX,eP,TwuBP,lCk,UvcnSww,tHFTmpX,eP,eP
eP
tHFTmpX,tHFTmpX,UvcnSww,eP,CIakJCT,lCk,UvcnSww,tHFTmpX,lCk,UvcnSww,tHFTmpX,eP,eP,tHFTmpX,CIakJCT,eP,CIakJCT
tHFTmpX,tHFTmpX,UvcnSww,eP,CIakJCT,lCk,UvcnSww,tHFTmpX,lCk,UvcnSww,tHFTmpX,eP,eP,tHFTmpX,CIakJCT,eP,CIakJCT
eP
tHFTmpX,UvcnSww,eP,CIakJCT,lCk,UvcnSww,tHFTmpX,lCk,UvcnSww,tHFTmpX,eP,eP,tHFTmpX,CIakJCT,eP,CIakJCT,CIakJCT
eP
tHFTmpX,UvcnSww,eP,CIakJCT,lCk,UvcnSww,tHFTmpX,lCk,UvcnSww,tHFTmpX,eP,eP,tHFTmpX,CIakJCT,eP,CIakJCT
tHFTmpX,UvcnSww,eP,CIakJCT,lCk,UvcnSww,tHFTmpX,lCk,UvcnSww,tHFTmpX,eP,eP,tHFTmpX,CIakJCT,eP,CIakJCT
tHFTmpX,UvcnSww,eP,CIakJCT,lCk,UvcnSww,tHFTmpX,lCk,UvcnSww,tHFTmpX,eP,eP,tHFTmpX,CIakJCT,eP,CIakJCT
tHFTmpX,UvcnSww,eP,CIakJCT,lCk,UvcnSww,tHFTmpX,lCk,UvcnSww,tHFTmpX,eP,eP,tHFTmpX,CIakJCT,eP,CIakJCT
tHFTmpX,UvcnSww,eP,CIakJCT,lCk,UvcnSww,tHFTmpX,lCk,UvcnSww,tHFTmpX,eP,eP,tHFTmpX,CIakJCT,eP,CIakJCT,lCk
lCk
tHFTmpX,UvcnSww,eP,CIakJCT,lCk,UvcnSww,tHFTmpX,lCk,UvcnSww,tHFTmpX,eP,eP,tHFTmpX,CIakJCT,eP,CIakJCT,lCk
tHFTmpX,UvcnSww,eP,CIakJCT,lCk,UvcnSww,tHFTmpX,lCk,UvcnSww,tHFTmpX,eP,eP,tHFTmpX,CIakJCT,eP,CIakJCT,lCk
eP
eP
lCk
tHFTmpX,UvcnSww,eP,CIakJCT,lCk,UvcnSww,tHFTmpX,lCk,UvcnSww,tHFTmpX,eP,eP,tHFTmpX,CIakJCT,eP,CIakJCT,lCk
lCk
tHFTmpX,UvcnSww,eP,CIakJCT,lCk,UvcnSww,tHFTmpX,lCk,UvcnSww,tHFTmpX,eP,eP,tHFTmpX,CIakJCT,eP,CIakJCT,lCk
lCk
tHFTmpX,UvcnSww,CIakJCT,UvcnSww,tHFTmpX,UvcnSww,tHFTmpX,eP,eP,tHFTmpX,CIakJCT,eP,CIakJCT,lCk,tHFTmpX,CIakJCT,UvcnSww,tHFTmpX
tHFTmpX
CIakJCT
CIakJCT
tHFTmpX
tHFTmpX
tHFTmpX,UvcnSww,CIakJCT,UvcnSww,tHFTmpX,UvcnSww,tHFTmpX,eP,eP,tHFTmpX,CIakJCT,eP,CIakJCT,lCk,tHFTmpX,CIakJCT,UvcnSww,tHFTmpX
tHFTmpX
tHFTmpX,UvcnSww,CIakJCT,UvcnSww,tHFTmpX,UvcnSww,tHFTmpX,eP,eP,tHFTmpX,CIakJCT,eP,CIakJCT,lCk,tHFTmpX,CIakJCT,UvcnSww,tHFTmpX,TwuBP
tHFTmpX,UvcnSww,CIakJCT,UvcnSww,tHFTmpX,UvcnSww,tHFTmpX,eP,eP,tHFTmpX,CIakJCT,eP,CIakJCT,lCk,tHFTmpX,CIakJCT,UvcnSww,tHFTmpX,TwuBP
CIakJCT
CIakJCT
tHFTmpX,UvcnSww,UvcnSww,tHFTmpX,UvcnSww,tHFTmpX,eP,eP,tHFTmpX,CIakJCT,CIakJCT,eP,CIakJCT,lCk,tHFTmpX,CIakJCT,UvcnSww,tHFTmpX,TwuBP,TwuBP,lCk
tHFTmpX,UvcnSww,tHFTmpX,UvcnSww,tHFTmpX,eP,eP,tHFTmpX,CIakJCT,CIakJCT,eP,CIakJCT,lCk,tHFTmpX,CIakJCT,UvcnSww,tHFTmpX,TwuBP,TwuBP,lCk,tHFTmpX,lCk
tHFTmpX,UvcnSww,tHFTmpX,UvcnSww,tHFTmpX,eP,tHFTmpX,CIakJCT,eP,CIakJCT,eP,CIakJCT,lCk,tHFTmpX,CIakJCT,UvcnSww,tHFTmpX,TwuBP,TwuBP,lCk,tHFTmpX,lCk
CIakJCT
eP
tHFTmpX,UvcnSww,tHFTmpX,tHFTmpX,CIakJCT,eP,lCk,eP,CIakJCT,eP,CIakJCT,tHFTmpX,CIakJCT,UvcnSww,tHFTmpX,TwuBP,TwuBP,lCk,tHFTmpX,lCk,eP
lCk
tHFTmpX,UvcnSww,tHFTmpX,tHFTmpX,CIakJCT,eP,lCk,eP,CIakJCT,eP,CIakJCT,tHFTmpX,CIakJCT,UvcnSww,tHFTmpX,TwuBP,TwuBP,lCk,tHFTmpX,lCk,eP,TwuBP
tHFTmpX,UvcnSww,tHFTmpX,tHFTmpX,CIakJCT,eP,lCk,eP,CIakJCT,eP,CIakJCT,tHFTmpX,CIakJCT,UvcnSww,tHFTmpX,TwuBP,TwuBP,lCk,tHFTmpX,lCk,eP,TwuBP
lCk
lCk
eP
UvcnSww,tHFTmpX,CIakJCT,tHFTmpX,eP,tHFTmpX,eP,CIakJCT,eP,CIakJCT,tHFTmpX,CIakJCT,UvcnSww,tHFTmpX,TwuBP,TwuBP,lCk,tHFTmpX,lCk,eP,TwuBP,UvcnSww,eP,eP,tHFTmpX,tHFTmpX,TwuBP
tHFTmpX
UvcnSww,tHFTmpX,CIakJCT,tHFTmpX,eP,tHFTmpX,eP,CIakJCT,eP,CIakJCT,tHFTmpX,CIakJCT,UvcnSww,tHFTmpX,TwuBP,TwuBP,lCk,tHFTmpX,lCk,eP,TwuBP,UvcnSww,eP,eP,tHFTmpX,tHFTmpX,TwuBP
UvcnSww,tHFTmpX,CIakJCT,tHFTmpX,eP,tHFTmpX,eP,CIakJCT,eP,CIakJCT,tHFTmpX,CIakJCT,UvcnSww,tHFTmpX,TwuBP,TwuBP,lCk,tHFTmpX,lCk,eP,TwuBP,UvcnSww,eP,eP,tHFTmpX,tHFTmpX,TwuBP
eP
UvcnSww,CIakJCT,tHFTmpX,tHFTmpX,eP,CIakJCT,eP,eP,tHFTmpX,CIakJCT,tHFTmpX,CIakJCT,UvcnSww,tHFTmpX,TwuBP,TwuBP,lCk,tHFTmpX,lCk,eP,TwuBP,UvcnSww,eP,eP,tHFTmpX,tHFTmpX,TwuBP,CIakJCT,UvcnSww
UvcnSww,CIakJCT,tHFTmpX,tHFTmpX,eP,CIakJCT,eP,eP,tHFTmpX,CIakJCT,tHFTmpX,CIakJCT,UvcnSww,tHFTmpX,TwuBP,TwuBP,lCk,tHFTmpX,lCk,eP,TwuBP,UvcnSww,eP,eP,tHFTmpX,tHFTmpX,TwuBP,CIakJCT,UvcnSww,CIakJCT
CIakJCT,tHFTmpX,tHFTmpX,eP,CIakJCT,eP,eP,TwuBP,tHFTmpX,CIakJCT,tHFTmpX,CIakJCT,UvcnSww,tHFTmpX,lCk,tHFTmpX,lCk,eP,TwuBP,UvcnSww,eP,eP,tHFTmpX,tHFTmpX,TwuBP,CIakJCT,UvcnSww,CIakJCT
eP
CIakJCT,tHFTmpX,tHFTmpX,eP,CIakJCT,eP,eP,TwuBP,tHFTmpX,CIakJCT,tHFTmpX,CIakJCT,UvcnSww,tHFTmpX,tHFTmpX,lCk,eP,TwuBP,UvcnSww,eP,eP,tHFTmpX,tHFTmpX,TwuBP,CIakJCT,UvcnSww,CIakJCT
CIakJCT,tHFTmpX,tHFTmpX,eP,CIakJCT,eP,eP,TwuBP,tHFTmpX,CIakJCT,tHFTmpX,CIakJCT,UvcnSww,tHFTmpX,tHFTmpX,lCk,eP,TwuBP,UvcnSww,eP,eP,tHFTmpX,tHFTmpX,TwuBP,CIakJCT,UvcnSww,CIakJCT,tHFTmpX
UvcnSww,tHFTmpX,CIakJCT,tHFTmpX,tHFTmpX,eP,CIakJCT,eP,eP,CIakJCT,tHFTmpX,CIakJCT,UvcnSww,tHFTmpX,TwuBP,TwuBP,lCk,tHFTmpX,lCk,eP,TwuBP,UvcnSww,eP,eP,tHFTmpX,tHFTmpX,TwuBP
UvcnSww,tHFTmpX,tHFTmpX,eP,CIakJCT,eP,eP,CIakJCT,CIakJCT,tHFTmpX,CIakJCT,UvcnSww,tHFTmpX,TwuBP,TwuBP,lCk,tHFTmpX,lCk,eP,TwuBP,UvcnSww,eP,eP,tHFTmpX,tHFTmpX,TwuBP,tHFTmpX
CIakJCT
UvcnSww,tHFTmpX,tHFTmpX,eP,CIakJCT,eP,eP,CIakJCT,CIakJCT,tHFTmpX,CIakJCT,UvcnSww,tHFTmpX,TwuBP,TwuBP,lCk,tHFTmpX,lCk,eP,TwuBP,UvcnSww,eP,eP,tHFTmpX,tHFTmpX,TwuBP,tHFTmpX
UvcnSww,tHFTmpX,tHFTmpX,eP,CIakJCT,eP,eP,CIakJCT,CIakJCT,tHFTmpX,CIakJCT,UvcnSww,tHFTmpX,TwuBP,TwuBP,lCk,tHFTmpX,lCk,eP,TwuBP,UvcnSww,eP,eP,tHFTmpX,tHFTmpX,TwuBP,tHFTmpX,CIakJCT
UvcnSww,tHFTmpX,tHFTmpX,eP,CIakJCT,eP,eP,CIakJCT,CIakJCT,tHFTmpX,CIakJCT,UvcnSww,tHFTmpX,TwuBP,TwuBP,lCk,tHFTmpX,lCk,eP,TwuBP,UvcnSww,eP,eP,tHFTmpX,tHFTmpX,TwuBP,tHFTmpX
UvcnSww,tHFTmpX,tHFTmpX,eP,CIakJCT,eP,eP,CIakJCT,CIakJCT,tHFTmpX,CIakJCT,UvcnSww,tHFTmpX,TwuBP,TwuBP,lCk,tHFTmpX,lCk,eP,TwuBP,UvcnSww,eP,eP,tHFTmpX,tHFTmpX,TwuBP,tHFTmpX,UvcnSww
UvcnSww,tHFTmpX,tHFTmpX,CIakJCT,eP,eP,CIakJCT,CIakJCT,tHFTmpX,CIakJCT,eP,UvcnSww,tHFTmpX,TwuBP,TwuBP,lCk,tHFTmpX,lCk,eP,TwuBP,UvcnSww,eP,eP,tHFTmpX,tHFTmpX,TwuBP,tHFTmpX,UvcnSww
UvcnSww,tHFTmpX,tHFTmpX,eP,CIakJCT,CIakJCT,tHFTmpX,CIakJCT,eP,CIakJCT,UvcnSww,tHFTmpX,TwuBP,TwuBP,lCk,tHFTmpX,lCk,eP,TwuBP,UvcnSww,eP,eP,tHFTmpX,tHFTmpX,TwuBP,tHFTmpX,UvcnSww
UvcnSww,tHFTmpX,tHFTmpX,eP,CIakJCT,eP,eP,CIakJCT,CIakJCT,tHFTmpX,CIakJCT,UvcnSww,tHFTmpX,TwuBP,TwuBP,lCk,tHFTmpX,lCk,eP,TwuBP,UvcnSww,eP,eP,tHFTmpX,tHFTmpX,TwuBP,tHFTmpX
CIakJCT
UvcnSww,tHFTmpX,tHFTmpX,eP,CIakJCT,eP,eP,CIakJCT,CIakJCT,tHFTmpX,CIakJCT,UvcnSww,tHFTmpX,TwuBP,TwuBP,lCk,tHFTmpX,lCk,eP,TwuBP,UvcnSww,eP,eP,tHFTmpX,tHFTmpX,TwuBP,tHFTmpX
CIakJCT
eP
eP
UvcnSww,tHFTmpX,eP,CIakJCT,eP,eP,CIakJCT,CIakJCT,tHFTmpX,CIakJCT,UvcnSww,tHFTmpX,TwuBP,TwuBP,lCk,tHFTmpX,lCk,eP,TwuBP,UvcnSww,eP,eP,tHFTmpX,tHFTmpX,TwuBP,tHFTmpX
CIakJCT
tHFTmpX
CIakJCT,eP,eP,CIakJCT,CIakJCT,tHFTmpX,CIakJCT,UvcnSww,UvcnSww,tHFTmpX,tHFTmpX,TwuBP,TwuBP,lCk,tHFTmpX,lCk,eP,TwuBP,UvcnSww,eP,eP,tHFTmpX,tHFTmpX,TwuBP,tHFTmpX
UvcnSww
tHFTmpX,eP,eP,eP,CIakJCT,CIakJCT,tHFTmpX,CIakJCT,UvcnSww,UvcnSww,CIakJCT,tHFTmpX,TwuBP,TwuBP,lCk,tHFTmpX,lCk,eP,TwuBP,UvcnSww,eP,eP,tHFTmpX,tHFTmpX,TwuBP,tHFTmpX,tHFTmpX,UvcnSww
UvcnSww
tHFTmpX,eP,CIakJCT,eP,eP,CIakJCT,CIakJCT,tHFTmpX,CIakJCT,UvcnSww,UvcnSww,tHFTmpX,TwuBP,TwuBP,lCk,tHFTmpX,lCk,eP,TwuBP,UvcnSww,eP,eP,tHFTmpX,tHFTmpX,TwuBP,tHFTmpX
tHFTmpX,eP,CIakJCT,eP,eP,CIakJCT,CIakJCT,tHFTmpX,CIakJCT,UvcnSww,TwuBP,UvcnSww,tHFTmpX,lCk,tHFTmpX,lCk,eP,TwuBP,UvcnSww,eP,eP,tHFTmpX,tHFTmpX,TwuBP,tHFTmpX,TwuBP,eP
eP,CIakJCT,eP,eP,CIakJCT,CIakJCT,tHFTmpX,CIakJCT,UvcnSww,TwuBP,tHFTmpX,UvcnSww,tHFTmpX,lCk,tHFTmpX,lCk,eP,TwuBP,UvcnSww,eP,eP,tHFTmpX,tHFTmpX,TwuBP,tHFTmpX,TwuBP,eP
UvcnSww
UvcnSww
eP,CIakJCT,eP,eP,CIakJCT,CIakJCT,tHFTmpX,CIakJCT,TwuBP,tHFTmpX,UvcnSww,UvcnSww,tHFTmpX,tHFTmpX,lCk,eP,TwuBP,UvcnSww,eP,eP,tHFTmpX,tHFTmpX,TwuBP,tHFTmpX,TwuBP,eP,tHFTmpX,CIakJCT
eP,eP,eP,CIakJCT,CIakJCT,tHFTmpX,CIakJCT,TwuBP,tHFTmpX,UvcnSww,UvcnSww,CIakJCT,tHFTmpX,tHFTmpX,lCk,eP,TwuBP,UvcnSww,eP,eP,tHFTmpX,tHFTmpX,TwuBP,tHFTmpX,TwuBP,eP,tHFTmpX,CIakJCT
tHFTmpX
TwuBP
CIakJCT,eP,eP,CIakJCT,CIakJCT,tHFTmpX,CIakJCT,UvcnSww,tHFTmpX,UvcnSww,TwuBP,tHFTmpX,lCk,tHFTmpX,lCk,eP,TwuBP,UvcnSww,eP,eP,tHFTmpX,tHFTmpX,TwuBP,tHFTmpX,TwuBP,eP,lCk,TwuBP
CIakJCT,eP,eP,CIakJCT,CIakJCT,tHFTmpX,CIakJCT,UvcnSww,tHFTmpX,UvcnSww,TwuBP,tHFTmpX,lCk,tHFTmpX,lCk,eP,TwuBP,UvcnSww,eP,eP,tHFTmpX,tHFTmpX,TwuBP,tHFTmpX,TwuBP,eP,lCk,TwuBP
TwuBP
tHFTmpX
tHFTmpX
tHFTmpX
Jedi Wagner, assuma o comando!