Toque! Toque, Dijê!
Toque! Toque, Dijê!
w
w
w,w,w,W,w
w,w,w,W
w,w,w,W
w,w,w,W
w
w
w
W
w,W,w,w
w
w,w,w,W
w
w,w,w,W,PqUTMGjGAO,w
w,w,W,w,PqUTMGjGAO,w
w
w
w,PqUTMGjGAO,w,w
PqUTMGjGAO
w
w
w,w,w,W,c,PqUTMGjGAO
w,c,w,w,W,PqUTMGjGAO
c
w,c,w,w,W,PqUTMGjGAO
w,c,w,w,W,PqUTMGjGAO
c
w,w,c,w,W,PqUTMGjGAO,PqUTMGjGAO
w,w,c,w,W,PqUTMGjGAO,PqUTMGjGAO
W
w,w,W,c,w,PqUTMGjGAO,PqUTMGjGAO
w,w,W,c,w,PqUTMGjGAO,CuWEtTVC
w,w,W,c,w,PqUTMGjGAO,PqUTMGjGAO
w,w,W,c,w,PqUTMGjGAO,PqUTMGjGAO,a
w,c,w,w,W,PqUTMGjGAO
w,c,w,w,W,PqUTMGjGAO
w
w,c,w,w,W,c,a
w,a,c,w,w,W,c,PqUTMGjGAO
w,a,c,w,w,W,c,PqUTMGjGAO
c
w,a,c,W,w,w,c,PqUTMGjGAO,PqUTMGjGAO
w
a,c,w,W,w,w,c,PqUTMGjGAO,PqUTMGjGAO
w
w
a,c,w,W,w,w,c,PqUTMGjGAO,PqUTMGjGAO
a,c,w,W,w,w,c,PqUTMGjGAO,PqUTMGjGAO
w
a,c,w,W,w,w,c,PqUTMGjGAO,PqUTMGjGAO
a,c,w,W,w,w,c,PqUTMGjGAO,PqUTMGjGAO,LzuPPf,CuWEtTVC
w
a,c,w,W,w,w,c,PqUTMGjGAO,PqUTMGjGAO,LzuPPf,CuWEtTVC
PqUTMGjGAO
PqUTMGjGAO
PqUTMGjGAO
a,c,w,w,w,c,PqUTMGjGAO,LzuPPf,CuWEtTVC,c,a,LzuPPf
w
PqUTMGjGAO
a,c,w,w,w,c,PqUTMGjGAO,LzuPPf,CuWEtTVC,c,a,LzuPPf
a,c,w,W,w,w,c,PqUTMGjGAO,LzuPPf,CuWEtTVC,c,a
LzuPPf
LzuPPf
PqUTMGjGAO
c,w,W,w,w,c,CuWEtTVC,a,PqUTMGjGAO,LzuPPf,c,a,CuWEtTVC
W,w,w,c,CuWEtTVC,a,LzuPPf,c,a,CuWEtTVC
W,w,c,CuWEtTVC,a,LzuPPf,w,c,a,CuWEtTVC,W
W,w,c,CuWEtTVC,a,LzuPPf,w,c,a,CuWEtTVC,W
W,w,c,CuWEtTVC,a,LzuPPf,w,c,a,CuWEtTVC,W
w
W,w,c,CuWEtTVC,a,LzuPPf,w,c,a,CuWEtTVC,W
W,w,c,CuWEtTVC,LzuPPf,w,a,c,a,CuWEtTVC,W,PqUTMGjGAO,w
a
W,w,c,CuWEtTVC,LzuPPf,w,a,c,a,CuWEtTVC,W,PqUTMGjGAO,w
W,w,c,CuWEtTVC,LzuPPf,w,a,c,a,CuWEtTVC,W,PqUTMGjGAO,w
w,LzuPPf,w,c,a,CuWEtTVC,W,PqUTMGjGAO,c,W,w,W,W
w,LzuPPf,w,c,a,W,PqUTMGjGAO,c,CuWEtTVC,W,w,W,W
w,LzuPPf,w,c,a,W,PqUTMGjGAO,c,CuWEtTVC,W,w,W,W
w,LzuPPf,w,a,W,PqUTMGjGAO,c,CuWEtTVC,W,w,W,W
w,LzuPPf,w,a,W,PqUTMGjGAO,c,CuWEtTVC,W,w,W,W
w,w,c,a,W,c,CuWEtTVC,W,LzuPPf,w,W,W
W
w,LzuPPf,w,a,W,c,CuWEtTVC,W,c,w,W,W,W
W
W
w,LzuPPf,w,a,W,c,W,PqUTMGjGAO,CuWEtTVC,c,w,W,W,W
CuWEtTVC
CuWEtTVC
CuWEtTVC
w,LzuPPf,w,a,c,PqUTMGjGAO,CuWEtTVC,c,w,W,W,W,w
w,LzuPPf,w,a,c,PqUTMGjGAO,CuWEtTVC,c,w,W,W,W,w
CuWEtTVC
CuWEtTVC
CuWEtTVC
CuWEtTVC
w,LzuPPf,w,W,c,W,PqUTMGjGAO,CuWEtTVC,a,c,w,W,W,W
w,LzuPPf,w,W,c,W,PqUTMGjGAO,CuWEtTVC,a,c,w,W,W,W
w,LzuPPf,w,a,W,c,W,PqUTMGjGAO,CuWEtTVC,c,w,W,W,W
a
LzuPPf,w,W,W,PqUTMGjGAO,CuWEtTVC,a,w,c,w,W,W,W
LzuPPf
W
W
w,W,W,CuWEtTVC,w,c,PqUTMGjGAO,LzuPPf,w,W,W,W
w,W,W,CuWEtTVC,w,c,LzuPPf,w,W,W,W
W
W
w,W,CuWEtTVC,w,c,LzuPPf,w,W,W,W,w,CuWEtTVC
w,W,CuWEtTVC,w,c,LzuPPf,w,W,W,W,w,CuWEtTVC
w,W,w,c,LzuPPf,w,W,W,W,w,CuWEtTVC,w,a
W
W
w,W,w,c,LzuPPf,w,W,W,W,CuWEtTVC,w,w,a
w,w,c,LzuPPf,w,W,W,W,W,w,CuWEtTVC
w
w
w,c,w,W,W,W,w,LzuPPf,w
w
c
w
w
c,w,W,W,W,w,LzuPPf,w,LzuPPf
c,w,W,W,W,w,LzuPPf,w,LzuPPf,W
w
c,w,W,W,W,w,LzuPPf,w,LzuPPf,W
W
W
W
c,w,W,W,W,w,LzuPPf,w,LzuPPf,W
c,w,W,W,LzuPPf,W,w,w,LzuPPf,W
c,w,W,W,LzuPPf,W,w,w,LzuPPf,W
c,w,W,W,W,w,LzuPPf,w,LzuPPf,W
c,w,W,W,W,w,LzuPPf,w,LzuPPf,W
W
c
W
W
W
W
c,w,W,W,w,LzuPPf,w,LzuPPf,W
c,w,W,w,LzuPPf,w,LzuPPf,W
W
c,W,w,LzuPPf,w,LzuPPf,W,PqUTMGjGAO
LzuPPf
c,W,w,w,LzuPPf,LzuPPf,W,PqUTMGjGAO,LzuPPf
LzuPPf
LzuPPf
c
w
w
c,W,w,w,LzuPPf,LzuPPf,W,PqUTMGjGAO
c,W,w,w,LzuPPf,LzuPPf,W,PqUTMGjGAO
LzuPPf
c,LzuPPf,LzuPPf,PqUTMGjGAO,c,a,W
LzuPPf
c,W,w,LzuPPf,w,LzuPPf,W,PqUTMGjGAO
c,W,w,LzuPPf,PqUTMGjGAO,w,LzuPPf,W
c,W,w,LzuPPf,PqUTMGjGAO,w,LzuPPf,W
c,W,w,LzuPPf,PqUTMGjGAO,w,LzuPPf,W
c,W,w,w,LzuPPf,W
w
w
Jedi Wagner, assuma o comando!