oNVYkXbZC,LwdVExVI,LwdVExVI,LwdVExVI,LwdVExVI
oNVYkXbZC,LwdVExVI,LwdVExVI,LwdVExVI,LwdVExVI
LwdVExVI
LwdVExVI
LwdVExVI
oNVYkXbZC,LwdVExVI,LwdVExVI,LwdVExVI
LwdVExVI
LwdVExVI,LwdVExVI,LwdVExVI,LwdVExVI
LwdVExVI
oNVYkXbZC
oNVYkXbZC,LwdVExVI,LwdVExVI
oNVYkXbZC,LwdVExVI,LwdVExVI
LwdVExVI,oNVYkXbZC,LwdVExVI,LwdVExVI
oNVYkXbZC,LwdVExVI,LwdVExVI,LwdVExVI,oNVYkXbZC
LwdVExVI,oNVYkXbZC,LwdVExVI,LwdVExVI
LwdVExVI,oNVYkXbZC,LwdVExVI,oNVYkXbZC,oNVYkXbZC
oNVYkXbZC
LwdVExVI
LwdVExVI
oNVYkXbZC
oNVYkXbZC
oNVYkXbZC
LwdVExVI,LwdVExVI,oNVYkXbZC,oNVYkXbZC,oNVYkXbZC
oNVYkXbZC
LwdVExVI,oNVYkXbZC,oNVYkXbZC,LwdVExVI,oNVYkXbZC
oNVYkXbZC
LwdVExVI,LwdVExVI,oNVYkXbZC,oNVYkXbZC,oNVYkXbZC,LwdVExVI
LwdVExVI,LwdVExVI,oNVYkXbZC,oNVYkXbZC,oNVYkXbZC,LwdVExVI
oNVYkXbZC
oNVYkXbZC
oNVYkXbZC
LwdVExVI,oNVYkXbZC,oNVYkXbZC,oNVYkXbZC,LwdVExVI,oNVYkXbZC,LwdVExVI
LwdVExVI,oNVYkXbZC,oNVYkXbZC,oNVYkXbZC,LwdVExVI,oNVYkXbZC,LwdVExVI
oNVYkXbZC
oNVYkXbZC,oNVYkXbZC,oNVYkXbZC,LwdVExVI
oNVYkXbZC,oNVYkXbZC,LwdVExVI,LwdVExVI,oNVYkXbZC
oNVYkXbZC,oNVYkXbZC,LwdVExVI,LwdVExVI,oNVYkXbZC
oNVYkXbZC,LwdVExVI,oNVYkXbZC,oNVYkXbZC
oNVYkXbZC
LwdVExVI
LwdVExVI,oNVYkXbZC,oNVYkXbZC,LwdVExVI,oNVYkXbZC,oNVYkXbZC
LwdVExVI,oNVYkXbZC,oNVYkXbZC,LwdVExVI,oNVYkXbZC,oNVYkXbZC
oNVYkXbZC
oNVYkXbZC
oNVYkXbZC
oNVYkXbZC,LwdVExVI,LwdVExVI,oNVYkXbZC,oNVYkXbZC
oNVYkXbZC
oNVYkXbZC,LwdVExVI,oNVYkXbZC,oNVYkXbZC,oNVYkXbZC
LwdVExVI,oNVYkXbZC,oNVYkXbZC,oNVYkXbZC
LwdVExVI
LwdVExVI
LwdVExVI,oNVYkXbZC,oNVYkXbZC,oNVYkXbZC,oNVYkXbZC
LwdVExVI,oNVYkXbZC,oNVYkXbZC,oNVYkXbZC,oNVYkXbZC
LwdVExVI,oNVYkXbZC,oNVYkXbZC,oNVYkXbZC,oNVYkXbZC
LwdVExVI
LwdVExVI,oNVYkXbZC,oNVYkXbZC,oNVYkXbZC,oNVYkXbZC
oNVYkXbZC
LwdVExVI,oNVYkXbZC,oNVYkXbZC,LwdVExVI,oNVYkXbZC,oNVYkXbZC,LwdVExVI
LwdVExVI,oNVYkXbZC,oNVYkXbZC,LwdVExVI,oNVYkXbZC,oNVYkXbZC,LwdVExVI
oNVYkXbZC
oNVYkXbZC,oNVYkXbZC,LwdVExVI,oNVYkXbZC,oNVYkXbZC,LwdVExVI
oNVYkXbZC,oNVYkXbZC,LwdVExVI,oNVYkXbZC,oNVYkXbZC,LwdVExVI
LwdVExVI,oNVYkXbZC,oNVYkXbZC,oNVYkXbZC
oNVYkXbZC,oNVYkXbZC,LwdVExVI,oNVYkXbZC,oNVYkXbZC,LwdVExVI
oNVYkXbZC,oNVYkXbZC,LwdVExVI,oNVYkXbZC,oNVYkXbZC,LwdVExVI
LwdVExVI
oNVYkXbZC,oNVYkXbZC,LwdVExVI,oNVYkXbZC,oNVYkXbZC,LwdVExVI
oNVYkXbZC,oNVYkXbZC,LwdVExVI,oNVYkXbZC,oNVYkXbZC,LwdVExVI
oNVYkXbZC,oNVYkXbZC,LwdVExVI,oNVYkXbZC,oNVYkXbZC,LwdVExVI,LwdVExVI
LwdVExVI
LwdVExVI
oNVYkXbZC,oNVYkXbZC,LwdVExVI,oNVYkXbZC,oNVYkXbZC,LwdVExVI
oNVYkXbZC
oNVYkXbZC,oNVYkXbZC,oNVYkXbZC,LwdVExVI,LwdVExVI,oNVYkXbZC,oNVYkXbZC
oNVYkXbZC,oNVYkXbZC,oNVYkXbZC,LwdVExVI,LwdVExVI,oNVYkXbZC,oNVYkXbZC,oNVYkXbZC
oNVYkXbZC,oNVYkXbZC,oNVYkXbZC,LwdVExVI,LwdVExVI,oNVYkXbZC,oNVYkXbZC,oNVYkXbZC
oNVYkXbZC,oNVYkXbZC,oNVYkXbZC,LwdVExVI,oNVYkXbZC,oNVYkXbZC,oNVYkXbZC
oNVYkXbZC,oNVYkXbZC,oNVYkXbZC,LwdVExVI,oNVYkXbZC,oNVYkXbZC,oNVYkXbZC
oNVYkXbZC,oNVYkXbZC,oNVYkXbZC,LwdVExVI,oNVYkXbZC,oNVYkXbZC,oNVYkXbZC,LwdVExVI
oNVYkXbZC
LwdVExVI,oNVYkXbZC,oNVYkXbZC,oNVYkXbZC,LwdVExVI
LwdVExVI,oNVYkXbZC,oNVYkXbZC,oNVYkXbZC,LwdVExVI
LwdVExVI,oNVYkXbZC,oNVYkXbZC,oNVYkXbZC,LwdVExVI
oNVYkXbZC
oNVYkXbZC
oNVYkXbZC
oNVYkXbZC
oNVYkXbZC,LwdVExVI,oNVYkXbZC,oNVYkXbZC,oNVYkXbZC,LwdVExVI
oNVYkXbZC
oNVYkXbZC
Jedi Wagner, assuma o comando!