[vazia]
Toque! Toque, Dijê!
hTG
SgxWJ
SgxWJ
SgxWJ,SOR
SgxWJ,SOR,hTG
KIPogAW
vUjROccgs
vUjROccgs
XvQ
XvQ
vUjROccgs,XvQ,XvQ,KIPogAW
XvQ
vUjROccgs
XvQ,vUjROccgs,SgxWJ
XvQ,SgxWJ,vUjROccgs
XvQ,SgxWJ,vUjROccgs
vUjROccgs
vUjROccgs
XvQ
XvQ,vUjROccgs,SgxWJ
vUjROccgs,XvQ,SgxWJ
vUjROccgs,XvQ,SgxWJ
vUjROccgs
vUjROccgs
KIPogAW
KIPogAW
KIPogAW
KIPogAW,vUjROccgs,XvQ,SgxWJ,XvQ,XvQ,evODWvqC,evODWvqC
KIPogAW,vUjROccgs,XvQ,SgxWJ,XvQ,XvQ,evODWvqC,evODWvqC
XvQ
XvQ
KIPogAW,vUjROccgs,XvQ,SgxWJ,XvQ,XvQ
XvQ
XvQ
KIPogAW,XvQ,SgxWJ,XvQ,XvQ,SOR,vUjROccgs
SgxWJ
KIPogAW,SgxWJ,XvQ,XvQ,XvQ,SOR,vUjROccgs
KIPogAW,vUjROccgs,XvQ,SgxWJ,XvQ,XvQ,vUjROccgs
XvQ
XvQ
KIPogAW,vUjROccgs,XvQ,SgxWJ,XvQ,XvQ,vUjROccgs,vUjROccgs
XvQ
vUjROccgs,XvQ,XvQ,XvQ,vUjROccgs,vUjROccgs,evODWvqC,XvQ
XvQ
vUjROccgs,XvQ,SgxWJ,XvQ,XvQ,vUjROccgs,vUjROccgs,evODWvqC,XvQ,SOR
vUjROccgs,XvQ,SgxWJ,XvQ,XvQ,vUjROccgs,vUjROccgs,evODWvqC,XvQ,SOR
vUjROccgs,XvQ,SgxWJ,XvQ,XvQ,vUjROccgs,vUjROccgs,evODWvqC,XvQ,SOR,KIPogAW
XvQ
KIPogAW,vUjROccgs,XvQ,SgxWJ,XvQ,XvQ,vUjROccgs,vUjROccgs,evODWvqC
XvQ
KIPogAW
KIPogAW
XvQ,SgxWJ,XvQ,XvQ,KIPogAW,vUjROccgs,vUjROccgs,evODWvqC,vUjROccgs,hTG,XvQ
XvQ,SgxWJ,XvQ,XvQ,KIPogAW,vUjROccgs,vUjROccgs,evODWvqC,vUjROccgs,hTG,XvQ
XvQ,SgxWJ,XvQ,XvQ,KIPogAW,vUjROccgs,vUjROccgs,evODWvqC,vUjROccgs,hTG,XvQ
XvQ,SgxWJ,XvQ,XvQ,evODWvqC,KIPogAW,vUjROccgs,vUjROccgs,vUjROccgs,hTG,XvQ
XvQ,SgxWJ,XvQ,XvQ,hTG,evODWvqC,KIPogAW,vUjROccgs,vUjROccgs,vUjROccgs,XvQ
XvQ,SgxWJ,XvQ,XvQ,hTG,evODWvqC,KIPogAW,vUjROccgs,vUjROccgs,vUjROccgs,XvQ
XvQ,SgxWJ,XvQ,XvQ,hTG,evODWvqC,KIPogAW,vUjROccgs,vUjROccgs,vUjROccgs,XvQ
XvQ,SgxWJ,XvQ,XvQ,hTG,evODWvqC,KIPogAW,vUjROccgs,vUjROccgs,vUjROccgs,XvQ,vUjROccgs
XvQ,SgxWJ,XvQ,XvQ,hTG,evODWvqC,KIPogAW,vUjROccgs,vUjROccgs,vUjROccgs,XvQ,vUjROccgs
XvQ,XvQ,XvQ,hTG,evODWvqC,KIPogAW,vUjROccgs,vUjROccgs,vUjROccgs,XvQ,vUjROccgs,XvQ
hTG
XvQ,XvQ,XvQ,KIPogAW,hTG,evODWvqC,vUjROccgs,vUjROccgs,vUjROccgs,XvQ,vUjROccgs,XvQ
KIPogAW
KIPogAW
vUjROccgs,XvQ,SgxWJ,XvQ,XvQ,KIPogAW,vUjROccgs,vUjROccgs,evODWvqC,vUjROccgs
KIPogAW
KIPogAW
KIPogAW
vUjROccgs,XvQ,SgxWJ,XvQ,XvQ,KIPogAW,evODWvqC,vUjROccgs,vUjROccgs,vUjROccgs,SOR,KIPogAW,vUjROccgs,SgxWJ
vUjROccgs,XvQ,SgxWJ,XvQ,XvQ,KIPogAW,evODWvqC,vUjROccgs,vUjROccgs,vUjROccgs,SOR,KIPogAW,vUjROccgs,SgxWJ
vUjROccgs,XvQ,XvQ,XvQ,KIPogAW,evODWvqC,SgxWJ,vUjROccgs,vUjROccgs,vUjROccgs,SOR,KIPogAW,vUjROccgs,SgxWJ
vUjROccgs,XvQ,XvQ,XvQ,KIPogAW,evODWvqC,SgxWJ,vUjROccgs,vUjROccgs,vUjROccgs,SOR,KIPogAW,vUjROccgs,SgxWJ
XvQ
SgxWJ,XvQ,XvQ,KIPogAW,evODWvqC,XvQ,vUjROccgs,vUjROccgs,vUjROccgs,SOR,KIPogAW,vUjROccgs,XvQ,vUjROccgs
vUjROccgs
SgxWJ,XvQ,XvQ,KIPogAW,evODWvqC,XvQ,vUjROccgs,vUjROccgs,vUjROccgs,KIPogAW,vUjROccgs,XvQ,vUjROccgs,RZpdsb
SgxWJ,XvQ,XvQ,KIPogAW,evODWvqC,XvQ,vUjROccgs,vUjROccgs,vUjROccgs,SOR,KIPogAW,vUjROccgs,XvQ,vUjROccgs
SOR
SgxWJ,XvQ,XvQ,KIPogAW,evODWvqC,XvQ,SOR,vUjROccgs,vUjROccgs,vUjROccgs,KIPogAW,vUjROccgs,XvQ,vUjROccgs
SgxWJ,XvQ,XvQ,KIPogAW,evODWvqC,XvQ,SOR,vUjROccgs,vUjROccgs,vUjROccgs,KIPogAW,vUjROccgs,XvQ,vUjROccgs
SgxWJ,XvQ,XvQ,KIPogAW,evODWvqC,XvQ,SOR,vUjROccgs,vUjROccgs,vUjROccgs,KIPogAW,vUjROccgs,XvQ,vUjROccgs
SgxWJ,XvQ,KIPogAW,evODWvqC,XvQ,SOR,vUjROccgs,vUjROccgs,XvQ,vUjROccgs,KIPogAW,vUjROccgs,XvQ,vUjROccgs
evODWvqC
SgxWJ,XvQ,KIPogAW,XvQ,SOR,vUjROccgs,vUjROccgs,XvQ,evODWvqC,vUjROccgs,KIPogAW,vUjROccgs,XvQ,vUjROccgs
vUjROccgs
vUjROccgs
SgxWJ,XvQ,XvQ,evODWvqC,XvQ,SOR,vUjROccgs,vUjROccgs,KIPogAW,vUjROccgs,KIPogAW,vUjROccgs,XvQ,vUjROccgs
KIPogAW
vUjROccgs
vUjROccgs
Jedi Wagner, assuma o comando!