[vazia]
ZWultGrYJH
ZWultGrYJH
ZWultGrYJH
buNp
buNp
buNp,TjmGpPxa
buNp,TjmGpPxa
buNp
[vazia]
[vazia]
[vazia]
buNp
buNp
buNp,buNp
buNp,buNp
buNp,buNp
buNp
buNp
buNp
buNp
buNp
buNp,K,Hdgzou,Hdgzou,K
buNp,K,Hdgzou,Hdgzou,K
K
buNp,buNp
buNp,buNp
buNp
buNp
buNp,buNp
buNp
buNp,buNp
buNp
buNp
buNp
buNp,buNp,buNp,g
buNp,buNp,buNp,g
buNp,buNp,buNp,g
buNp,buNp,buNp,g
buNp
buNp,buNp,buNp
buNp
buNp
buNp,buNp,buNp,qLfzIU
buNp,buNp,buNp,qLfzIU,K,qLfzIU
buNp
buNp,buNp,buNp,qLfzIU,K,qLfzIU,TjmGpPxa
buNp,buNp,buNp,qLfzIU,K,qLfzIU,TjmGpPxa
buNp
buNp,qLfzIU,buNp,buNp,K,qLfzIU
buNp,qLfzIU,buNp,buNp,qLfzIU
buNp,qLfzIU,buNp,buNp,qLfzIU,TjmGpPxa
buNp,qLfzIU,buNp,buNp,qLfzIU,TjmGpPxa
buNp,buNp,qLfzIU,buNp,qLfzIU,buNp,Hdgzou
buNp,buNp,qLfzIU,buNp,qLfzIU,buNp,Hdgzou
buNp,buNp,buNp,qLfzIU,buNp,Hdgzou,TjmGpPxa
qLfzIU,buNp,buNp,K,qLfzIU
K
qLfzIU,buNp,buNp,K,qLfzIU
buNp,buNp,K,qLfzIU,qLfzIU,g
buNp,buNp,K,qLfzIU,qLfzIU,g
g
buNp,K,g,qLfzIU,ZWultGrYJH,Hdgzou,Hdgzou,K
buNp,buNp,qLfzIU,g,ZWultGrYJH
ZWultGrYJH
ZWultGrYJH
buNp,buNp,qLfzIU,g,ZWultGrYJH
buNp,buNp,g,ZWultGrYJH,qLfzIU
qLfzIU
buNp
ZWultGrYJH,buNp,buNp,g,qLfzIU,TjmGpPxa
qLfzIU,ZWultGrYJH,buNp,buNp,g,TjmGpPxa
ZWultGrYJH,qLfzIU,buNp,buNp,g,TjmGpPxa,buNp
ZWultGrYJH
ZWultGrYJH
ZWultGrYJH,qLfzIU,buNp,buNp,g,buNp,qLfzIU
buNp,ZWultGrYJH,qLfzIU,buNp,g,buNp,TjmGpPxa
buNp
buNp,ZWultGrYJH,qLfzIU,buNp,g,buNp,TjmGpPxa,TjmGpPxa,g,g,ZWultGrYJH
qLfzIU,buNp,g,buNp,TjmGpPxa,TjmGpPxa,g,g,ZWultGrYJH,Hdgzou
TjmGpPxa
ZWultGrYJH,qLfzIU,buNp,g,buNp,TjmGpPxa,TjmGpPxa,g,g,ZWultGrYJH
ZWultGrYJH,g,buNp,TjmGpPxa,g,buNp,g,ZWultGrYJH,K
K
g
g
g
ZWultGrYJH,qLfzIU,buNp,g,buNp,TjmGpPxa,TjmGpPxa,g,g,ZWultGrYJH
g
ZWultGrYJH,qLfzIU,buNp,g,buNp,TjmGpPxa,TjmGpPxa,g,g,ZWultGrYJH
g
g
ZWultGrYJH,buNp,buNp,TjmGpPxa,TjmGpPxa,g,g,ZWultGrYJH,g
ZWultGrYJH
ZWultGrYJH,qLfzIU,buNp,g,buNp,TjmGpPxa,TjmGpPxa,g,g,ZWultGrYJH
g
ZWultGrYJH,qLfzIU,g,buNp,TjmGpPxa,TjmGpPxa,g,g,ZWultGrYJH
g
g
ZWultGrYJH,buNp,buNp,TjmGpPxa,TjmGpPxa,g,qLfzIU,g,ZWultGrYJH
ZWultGrYJH,buNp,TjmGpPxa,TjmGpPxa,g,qLfzIU,g,ZWultGrYJH
ZWultGrYJH,buNp,TjmGpPxa,TjmGpPxa,g,qLfzIU,g,ZWultGrYJH
g
g
ZWultGrYJH,qLfzIU,buNp,g,buNp,TjmGpPxa,TjmGpPxa,g,g,ZWultGrYJH
ZWultGrYJH,qLfzIU,buNp,g,buNp,TjmGpPxa,g,TjmGpPxa,g,ZWultGrYJH
TjmGpPxa
TjmGpPxa
TjmGpPxa
qLfzIU,buNp,g,buNp,g,TjmGpPxa,TjmGpPxa,ZWultGrYJH,g,ZWultGrYJH,ZWultGrYJH,ZWultGrYJH,buNp,Hdgzou
qLfzIU,buNp,g,buNp,g,TjmGpPxa,TjmGpPxa,ZWultGrYJH,g,ZWultGrYJH,ZWultGrYJH,ZWultGrYJH,buNp,Hdgzou,TjmGpPxa
ZWultGrYJH
ZWultGrYJH
qLfzIU,buNp,buNp,g,TjmGpPxa,TjmGpPxa,ZWultGrYJH,g,ZWultGrYJH,ZWultGrYJH,ZWultGrYJH,buNp,Hdgzou,g
qLfzIU,buNp,buNp,g,TjmGpPxa,TjmGpPxa,ZWultGrYJH,g,ZWultGrYJH,ZWultGrYJH,ZWultGrYJH,buNp,Hdgzou,g
Hdgzou
qLfzIU,buNp,buNp,TjmGpPxa,Hdgzou,TjmGpPxa,g,ZWultGrYJH,ZWultGrYJH,ZWultGrYJH,buNp,g,Hdgzou,qLfzIU,TjmGpPxa
qLfzIU,buNp,buNp,TjmGpPxa,Hdgzou,TjmGpPxa,g,ZWultGrYJH,ZWultGrYJH,ZWultGrYJH,buNp,g,Hdgzou,qLfzIU,TjmGpPxa
TjmGpPxa
qLfzIU,buNp,buNp,TjmGpPxa,Hdgzou,TjmGpPxa,g,ZWultGrYJH,ZWultGrYJH,ZWultGrYJH,buNp,g,Hdgzou,qLfzIU
TjmGpPxa
TjmGpPxa
qLfzIU,buNp,buNp,Hdgzou,g,TjmGpPxa,TjmGpPxa,ZWultGrYJH,ZWultGrYJH,ZWultGrYJH,buNp,g,Hdgzou,qLfzIU
g
buNp,buNp,TjmGpPxa,TjmGpPxa,qLfzIU,Hdgzou,g,ZWultGrYJH,ZWultGrYJH,ZWultGrYJH,buNp,g,Hdgzou,qLfzIU,buNp
Hdgzou
buNp,buNp,TjmGpPxa,TjmGpPxa,qLfzIU,Hdgzou,g,ZWultGrYJH,ZWultGrYJH,ZWultGrYJH,buNp,g,Hdgzou,qLfzIU,buNp
TjmGpPxa
TjmGpPxa
TjmGpPxa
TjmGpPxa
buNp,buNp,Hdgzou,TjmGpPxa,TjmGpPxa,ZWultGrYJH,ZWultGrYJH,ZWultGrYJH,buNp,g,Hdgzou,qLfzIU,ZWultGrYJH,TjmGpPxa,TjmGpPxa
TjmGpPxa
Jedi Wagner, assuma o comando!