[vazia]
[vazia]
Toque! Toque, Dijê!
Toque! Toque, Dijê!
[vazia]
[vazia]
[vazia]
pqDxYfYNY
pqDxYfYNY
pqDxYfYNY
pqDxYfYNY
pqDxYfYNY
pqDxYfYNY
pqDxYfYNY
Gyhe
Gyhe
Gyhe
Gyhe
Gyhe
Gyhe
Gyhe,Gyhe
Gyhe
Gyhe
Gyhe,Gyhe
Gyhe,Gyhe
Gyhe,Gyhe
Gyhe
Gyhe
Gyhe
Gyhe,Gyhe,pqDxYfYNY
Gyhe,Gyhe,Gyhe
Gyhe
Gyhe,Gyhe,Gyhe
Gyhe,Gyhe,Gyhe
Gyhe,Gyhe,Gyhe
Gyhe
Gyhe,Gyhe,Gyhe,Gyhe,Gyhe
Gyhe,Gyhe,Gyhe
Gyhe,Gyhe,Gyhe
Gyhe
Gyhe,Gyhe,Gyhe
Gyhe,Gyhe,pqDxYfYNY
pqDxYfYNY,Gyhe,Gyhe,pqDxYfYNY,Gyhe
pqDxYfYNY
pqDxYfYNY
pqDxYfYNY
Gyhe
Gyhe
Gyhe,Gyhe,Gyhe,Gyhe
Gyhe
Gyhe
Gyhe,Gyhe,Gyhe,Gyhe,Gyhe,Gyhe
Gyhe
Gyhe,Gyhe,Gyhe,Gyhe,Gyhe,Gyhe
Gyhe,Gyhe,Gyhe,Gyhe,Gyhe,Gyhe,pqDxYfYNY,Gyhe
Gyhe,Gyhe,Gyhe,Gyhe,Gyhe,Gyhe,pqDxYfYNY,Gyhe
Gyhe,Gyhe,Gyhe,Gyhe,Gyhe,pqDxYfYNY,pqDxYfYNY,pqDxYfYNY
Gyhe
pqDxYfYNY,Gyhe,Gyhe,Gyhe,Gyhe,pqDxYfYNY,pqDxYfYNY
Gyhe,Gyhe,Gyhe,Gyhe,Gyhe,pqDxYfYNY,Gyhe
Gyhe,Gyhe,Gyhe,Gyhe,Gyhe,Gyhe,pqDxYfYNY
Gyhe,pqDxYfYNY,Gyhe,Gyhe,Gyhe,Gyhe,Gyhe,pqDxYfYNY
Gyhe,pqDxYfYNY,Gyhe,Gyhe,Gyhe,Gyhe,Gyhe,pqDxYfYNY
Gyhe
Gyhe
Gyhe,Gyhe,Gyhe,Gyhe,Gyhe,Gyhe
Gyhe
Gyhe
Gyhe,Gyhe,Gyhe,Gyhe,Gyhe,Gyhe,Gyhe,pqDxYfYNY
Gyhe
Gyhe,Gyhe,Gyhe,Gyhe,Gyhe,Gyhe,pqDxYfYNY
Gyhe,Gyhe,Gyhe,Gyhe,Gyhe,Gyhe,Gyhe,pqDxYfYNY
Gyhe,Gyhe,Gyhe,Gyhe,Gyhe,Gyhe,Gyhe,pqDxYfYNY
Gyhe
Gyhe
Gyhe,Gyhe,Gyhe,Gyhe,Gyhe,Gyhe,Gyhe,pqDxYfYNY,pqDxYfYNY
pqDxYfYNY
pqDxYfYNY,Gyhe,Gyhe,Gyhe,Gyhe,Gyhe,pqDxYfYNY
pqDxYfYNY
pqDxYfYNY,Gyhe,Gyhe,Gyhe,Gyhe,Gyhe,pqDxYfYNY
pqDxYfYNY
Gyhe
Jedi Wagner, assuma o comando!