[vazia]
Toque! Toque, Dijê!
Toque! Toque, Dijê!
Toque! Toque, Dijê!
Toque! Toque, Dijê!
Toque! Toque, Dijê!
Toque! Toque, Dijê!
Toque! Toque, Dijê!
[vazia]
IcryGyMgcl
IcryGyMgcl
IcryGyMgcl
IcryGyMgcl
lldLHt
lldLHt,lldLHt
lldLHt
lldLHt
lldLHt,lldLHt
lldLHt
lldLHt,lldLHt
lldLHt
lldLHt
lldLHt
lldLHt,lldLHt,lldLHt
lldLHt
lldLHt,lldLHt
lldLHt
lldLHt
lldLHt
kEY
lldLHt
lldLHt,lldLHt
lldLHt
lldLHt,lldLHt
lldLHt
lldLHt,lldLHt,kEY
kEY
lldLHt,lldLHt,kEY
kEY
lldLHt,lldLHt,kEY,ehUltXbkq
kEY
kEY
kEY
lldLHt,kEY,lldLHt
lldLHt
lldLHt,kEY,lldLHt,lldLHt
lldLHt
lldLHt,kEY,lldLHt,lldLHt,JfXhkX,JfXhkX,JfXhkX
lldLHt,kEY,lldLHt,JfXhkX,lldLHt,JfXhkX,JfXhkX
lldLHt
lldLHt,kEY,lldLHt,JfXhkX,lldLHt,JfXhkX,JfXhkX,ehUltXbkq,kEY
lldLHt
kEY,lldLHt,lldLHt,JfXhkX,lldLHt,JfXhkX,JfXhkX,kEY
lldLHt,lldLHt,kEY
lldLHt,kEY
lldLHt
lldLHt,kEY,IcryGyMgcl,ehUltXbkq
kEY
lldLHt
kEY
kEY
[vazia]
Toque! Toque, Dijê!
[vazia]
Toque! Toque, Dijê!
Toque! Toque, Dijê!
kEY
JfXhkX
JfXhkX
JfXhkX,WlVW,kEY
JfXhkX,WlVW,kEY
WlVW,kEY,kEY
WlVW
lldLHt,kEY
lldLHt,kEY
lldLHt
lldLHt,kEY
lldLHt,kEY
lldLHt,kEY
lldLHt
kEY,lldLHt
kEY
kEY,lldLHt
lldLHt
kEY,lldLHt
lldLHt
lldLHt
lldLHt
kEY,lldLHt
lldLHt
lldLHt,lldLHt,kEY,ehUltXbkq,ehUltXbkq,ehUltXbkq,IcryGyMgcl
lldLHt,lldLHt,kEY,ehUltXbkq,ehUltXbkq,ehUltXbkq,IcryGyMgcl,kEY
ehUltXbkq
Jedi Wagner, assuma o comando!