Toque! Toque, Dijê!
[vazia]
MrJsuwKTbs
Toque! Toque, Dijê!
MLFI
MLFI,MrJsuwKTbs,MLFI
MLFI,MrJsuwKTbs,MLFI
MLFI
MLFI,MrJsuwKTbs,MLFI,MrJsuwKTbs
MLFI,MrJsuwKTbs,MLFI,MrJsuwKTbs
MLFI
MrJsuwKTbs
MLFI,MLFI,MrJsuwKTbs
MLFI
MLFI
MLFI,MLFI,MrJsuwKTbs,FWmT
MLFI
MLFI
MLFI
MLFI,MLFI,MrJsuwKTbs
MLFI
MLFI,MLFI,MrJsuwKTbs
MLFI
MLFI
MLFI,MLFI,MrJsuwKTbs
MLFI
MLFI,MrJsuwKTbs,MLFI,MrJsuwKTbs
MrJsuwKTbs
MrJsuwKTbs
MLFI,MrJsuwKTbs,MLFI,MrJsuwKTbs,FWmT
MrJsuwKTbs
MLFI,MrJsuwKTbs,MLFI,MrJsuwKTbs
MrJsuwKTbs
OJJAWXjTtm
MLFI,MrJsuwKTbs,MLFI,MrJsuwKTbs,OJJAWXjTtm
MLFI,MrJsuwKTbs,MLFI,MrJsuwKTbs,OJJAWXjTtm
MLFI,MrJsuwKTbs,MLFI,MrJsuwKTbs,OJJAWXjTtm
MLFI,MrJsuwKTbs,MLFI,MrJsuwKTbs,OJJAWXjTtm
MLFI,MrJsuwKTbs,MLFI,MrJsuwKTbs,OJJAWXjTtm
MrJsuwKTbs
MrJsuwKTbs
MLFI,MrJsuwKTbs,MLFI,MrJsuwKTbs,OJJAWXjTtm
OJJAWXjTtm
OJJAWXjTtm,MrJsuwKTbs,MrJsuwKTbs,MLFI
OJJAWXjTtm,MrJsuwKTbs,MrJsuwKTbs,MLFI
OJJAWXjTtm
OJJAWXjTtm
MLFI,MrJsuwKTbs,MLFI,MrJsuwKTbs,OJJAWXjTtm,X
MLFI,MrJsuwKTbs,MLFI,MrJsuwKTbs,OJJAWXjTtm,X,MrJsuwKTbs
X
MrJsuwKTbs
MLFI
MLFI
MLFI
MLFI
MrJsuwKTbs
MrJsuwKTbs
MrJsuwKTbs
MrJsuwKTbs
MrJsuwKTbs
MLFI,MrJsuwKTbs,MLFI,MrJsuwKTbs,OJJAWXjTtm,X,MrJsuwKTbs,OJJAWXjTtm,MLFI,MLFI
MrJsuwKTbs
MrJsuwKTbs
MLFI,MrJsuwKTbs,MLFI,MrJsuwKTbs,OJJAWXjTtm,X,MrJsuwKTbs,OJJAWXjTtm,MLFI,MLFI
MLFI,MrJsuwKTbs,MLFI,MrJsuwKTbs,OJJAWXjTtm,X,MrJsuwKTbs,OJJAWXjTtm,MLFI,MLFI
MLFI,MrJsuwKTbs,MLFI,MrJsuwKTbs,OJJAWXjTtm,X,MrJsuwKTbs,OJJAWXjTtm,MLFI,MLFI
MLFI,MrJsuwKTbs,MLFI,MrJsuwKTbs,OJJAWXjTtm,X,MrJsuwKTbs,OJJAWXjTtm,MLFI,MLFI
MLFI,MrJsuwKTbs,MLFI,MrJsuwKTbs,OJJAWXjTtm,X,MrJsuwKTbs,OJJAWXjTtm,MLFI,MLFI
MLFI,MrJsuwKTbs,MLFI,MrJsuwKTbs,OJJAWXjTtm,MrJsuwKTbs,OJJAWXjTtm,MLFI,MLFI
MLFI,MrJsuwKTbs,MLFI,MrJsuwKTbs,OJJAWXjTtm,MrJsuwKTbs,OJJAWXjTtm,MLFI,MLFI,hFrPsiJkW
MLFI
MLFI
MLFI
MLFI
MrJsuwKTbs,MLFI,MrJsuwKTbs,MLFI,OJJAWXjTtm,MrJsuwKTbs,OJJAWXjTtm,MLFI,MLFI,hFrPsiJkW,OJJAWXjTtm,Zk
MLFI
MrJsuwKTbs,MrJsuwKTbs,MLFI,OJJAWXjTtm,MrJsuwKTbs,OJJAWXjTtm,MLFI,MLFI,hFrPsiJkW,OJJAWXjTtm,Zk
MrJsuwKTbs,MrJsuwKTbs,MLFI,OJJAWXjTtm,MrJsuwKTbs,OJJAWXjTtm,MLFI,MLFI,hFrPsiJkW,OJJAWXjTtm,Zk
MrJsuwKTbs,MrJsuwKTbs,MLFI,OJJAWXjTtm,MrJsuwKTbs,OJJAWXjTtm,MLFI,MLFI,hFrPsiJkW,OJJAWXjTtm,Zk,OJJAWXjTtm
MLFI
MrJsuwKTbs,MrJsuwKTbs,MLFI,OJJAWXjTtm,MrJsuwKTbs,OJJAWXjTtm,MLFI,MLFI,hFrPsiJkW,OJJAWXjTtm,Zk,OJJAWXjTtm
MLFI
MLFI
MrJsuwKTbs,MrJsuwKTbs,MLFI,OJJAWXjTtm,MrJsuwKTbs,OJJAWXjTtm,MLFI,MLFI,OJJAWXjTtm,Zk,OJJAWXjTtm
OJJAWXjTtm
MrJsuwKTbs,MLFI,OJJAWXjTtm,MrJsuwKTbs,OJJAWXjTtm,MLFI,MLFI,hFrPsiJkW,OJJAWXjTtm,Zk,OJJAWXjTtm,UgFDIyu,EtlFe,hFrPsiJkW
MrJsuwKTbs,OJJAWXjTtm,MrJsuwKTbs,OJJAWXjTtm,MLFI,MLFI,hFrPsiJkW,OJJAWXjTtm,Zk,OJJAWXjTtm,UgFDIyu,EtlFe,hFrPsiJkW
MLFI
MLFI
MrJsuwKTbs,OJJAWXjTtm,MrJsuwKTbs,OJJAWXjTtm,MLFI,MLFI,hFrPsiJkW,OJJAWXjTtm,Zk,OJJAWXjTtm,UgFDIyu,EtlFe,hFrPsiJkW
MrJsuwKTbs,OJJAWXjTtm,MrJsuwKTbs,OJJAWXjTtm,MLFI,MLFI,hFrPsiJkW,OJJAWXjTtm,Zk,OJJAWXjTtm,UgFDIyu,EtlFe,hFrPsiJkW
MrJsuwKTbs,OJJAWXjTtm,MrJsuwKTbs,OJJAWXjTtm,MLFI,MLFI,hFrPsiJkW,OJJAWXjTtm,Zk,OJJAWXjTtm,UgFDIyu,EtlFe,hFrPsiJkW
MrJsuwKTbs,OJJAWXjTtm,MrJsuwKTbs,OJJAWXjTtm,MLFI,MLFI,hFrPsiJkW,OJJAWXjTtm,Zk,OJJAWXjTtm,UgFDIyu,EtlFe,hFrPsiJkW
MrJsuwKTbs,OJJAWXjTtm,MrJsuwKTbs,OJJAWXjTtm,MLFI,MLFI,hFrPsiJkW,OJJAWXjTtm,Zk,OJJAWXjTtm,UgFDIyu,EtlFe,hFrPsiJkW
MrJsuwKTbs,OJJAWXjTtm,MrJsuwKTbs,OJJAWXjTtm,MLFI,MLFI,hFrPsiJkW,OJJAWXjTtm,Zk,OJJAWXjTtm,UgFDIyu,EtlFe,hFrPsiJkW
MrJsuwKTbs,OJJAWXjTtm,MrJsuwKTbs,OJJAWXjTtm,MLFI,MLFI,hFrPsiJkW,OJJAWXjTtm,Zk,OJJAWXjTtm,UgFDIyu,EtlFe,hFrPsiJkW
Zk
MrJsuwKTbs,MrJsuwKTbs,OJJAWXjTtm,MLFI,MLFI,hFrPsiJkW,OJJAWXjTtm,Zk,OJJAWXjTtm,UgFDIyu,EtlFe,hFrPsiJkW
Zk
MrJsuwKTbs,MrJsuwKTbs,OJJAWXjTtm,MLFI,MLFI,hFrPsiJkW,OJJAWXjTtm,Zk,OJJAWXjTtm,UgFDIyu,EtlFe,hFrPsiJkW
MrJsuwKTbs,MrJsuwKTbs,OJJAWXjTtm,MLFI,MLFI,hFrPsiJkW,OJJAWXjTtm,Zk,OJJAWXjTtm,UgFDIyu,EtlFe,hFrPsiJkW
Zk
Zk
Zk
Zk
Zk
Zk
Zk
MrJsuwKTbs,MrJsuwKTbs,MLFI,hFrPsiJkW,OJJAWXjTtm,Zk,MLFI,OJJAWXjTtm,EtlFe,hFrPsiJkW,hFrPsiJkW,hFrPsiJkW,MrJsuwKTbs,MrJsuwKTbs,x,UgFDIyu
MrJsuwKTbs,MLFI,hFrPsiJkW,OJJAWXjTtm,Zk,MrJsuwKTbs,MLFI,OJJAWXjTtm,EtlFe,hFrPsiJkW,hFrPsiJkW,hFrPsiJkW,MrJsuwKTbs,MrJsuwKTbs,x,UgFDIyu
MrJsuwKTbs,MLFI,hFrPsiJkW,OJJAWXjTtm,MrJsuwKTbs,x,MLFI,OJJAWXjTtm,hFrPsiJkW,hFrPsiJkW,hFrPsiJkW,MrJsuwKTbs,MrJsuwKTbs,UgFDIyu,X
MrJsuwKTbs,MLFI,hFrPsiJkW,OJJAWXjTtm,MrJsuwKTbs,x,MLFI,OJJAWXjTtm,hFrPsiJkW,hFrPsiJkW,hFrPsiJkW,MrJsuwKTbs,MrJsuwKTbs,UgFDIyu,X,OJJAWXjTtm
MrJsuwKTbs,MLFI,OJJAWXjTtm,Zk,MrJsuwKTbs,MLFI,hFrPsiJkW,OJJAWXjTtm,EtlFe,hFrPsiJkW,hFrPsiJkW,hFrPsiJkW,MrJsuwKTbs,MrJsuwKTbs,x,UgFDIyu,X
hFrPsiJkW
MrJsuwKTbs,MLFI,OJJAWXjTtm,MrJsuwKTbs,MLFI,X,Zk,OJJAWXjTtm,EtlFe,hFrPsiJkW,hFrPsiJkW,hFrPsiJkW,MrJsuwKTbs,MrJsuwKTbs,x,UgFDIyu
MrJsuwKTbs,MLFI,hFrPsiJkW,OJJAWXjTtm,Zk,MrJsuwKTbs,MLFI,OJJAWXjTtm,EtlFe,hFrPsiJkW,hFrPsiJkW,hFrPsiJkW,MrJsuwKTbs,MrJsuwKTbs,x,UgFDIyu,X
MrJsuwKTbs,MLFI,hFrPsiJkW,OJJAWXjTtm,Zk,MrJsuwKTbs,MLFI,X,OJJAWXjTtm,EtlFe,hFrPsiJkW,hFrPsiJkW,hFrPsiJkW,MrJsuwKTbs,MrJsuwKTbs,x,UgFDIyu,Zk
X
MrJsuwKTbs,MLFI,hFrPsiJkW,MrJsuwKTbs,MLFI,X,OJJAWXjTtm,EtlFe,hFrPsiJkW,hFrPsiJkW,hFrPsiJkW,MrJsuwKTbs,MrJsuwKTbs,x,UgFDIyu,Zk
OJJAWXjTtm
MrJsuwKTbs,MLFI,hFrPsiJkW,Zk,MrJsuwKTbs,MLFI,X,OJJAWXjTtm,EtlFe,hFrPsiJkW,hFrPsiJkW,hFrPsiJkW,MrJsuwKTbs,MrJsuwKTbs,x,UgFDIyu,Zk,OJJAWXjTtm
OJJAWXjTtm
MrJsuwKTbs,MLFI,hFrPsiJkW,Zk,MrJsuwKTbs,MLFI,X,OJJAWXjTtm,EtlFe,hFrPsiJkW,hFrPsiJkW,hFrPsiJkW,MrJsuwKTbs,MrJsuwKTbs,x,UgFDIyu,Zk
MrJsuwKTbs,MLFI,hFrPsiJkW,Zk,MrJsuwKTbs,MLFI,X,OJJAWXjTtm,EtlFe,hFrPsiJkW,hFrPsiJkW,hFrPsiJkW,MrJsuwKTbs,MrJsuwKTbs,x,UgFDIyu,Zk
EtlFe
MrJsuwKTbs,MLFI,hFrPsiJkW,Zk,MrJsuwKTbs,MLFI,X,OJJAWXjTtm,EtlFe,hFrPsiJkW,hFrPsiJkW,hFrPsiJkW,MrJsuwKTbs,MrJsuwKTbs,x,Zk,OJJAWXjTtm
Zk
MrJsuwKTbs,MLFI,MrJsuwKTbs,MLFI,X,EtlFe,Zk,x,hFrPsiJkW,hFrPsiJkW,hFrPsiJkW,hFrPsiJkW,MrJsuwKTbs,MrJsuwKTbs,Zk,OJJAWXjTtm,MLFI,EtlFe
MrJsuwKTbs,MLFI,MrJsuwKTbs,MLFI,X,EtlFe,Zk,x,hFrPsiJkW,UgFDIyu,hFrPsiJkW,hFrPsiJkW,hFrPsiJkW,MrJsuwKTbs,MrJsuwKTbs,Zk,OJJAWXjTtm,MLFI,EtlFe
MrJsuwKTbs,MLFI,MrJsuwKTbs,MLFI,X,EtlFe,Zk,x,hFrPsiJkW,hFrPsiJkW,hFrPsiJkW,hFrPsiJkW,MrJsuwKTbs,MrJsuwKTbs,Zk,OJJAWXjTtm,MLFI,EtlFe
MrJsuwKTbs,MLFI,MrJsuwKTbs,MLFI,X,EtlFe,Zk,x,hFrPsiJkW,hFrPsiJkW,hFrPsiJkW,hFrPsiJkW,MrJsuwKTbs,MrJsuwKTbs,Zk,OJJAWXjTtm,MLFI,EtlFe
hFrPsiJkW
MrJsuwKTbs,MLFI,MrJsuwKTbs,MLFI,X,EtlFe,Zk,x,hFrPsiJkW,hFrPsiJkW,hFrPsiJkW,hFrPsiJkW,MrJsuwKTbs,MrJsuwKTbs,Zk,OJJAWXjTtm,MLFI,EtlFe,FWmT
MrJsuwKTbs,MLFI,MrJsuwKTbs,MLFI,X,EtlFe,Zk,hFrPsiJkW,hFrPsiJkW,hFrPsiJkW,hFrPsiJkW,MrJsuwKTbs,MrJsuwKTbs,Zk,OJJAWXjTtm,MLFI,EtlFe,FWmT
MrJsuwKTbs,MLFI,MrJsuwKTbs,MLFI,X,EtlFe,Zk,x,hFrPsiJkW,hFrPsiJkW,hFrPsiJkW,hFrPsiJkW,MrJsuwKTbs,MrJsuwKTbs,Zk,OJJAWXjTtm,MLFI,EtlFe
MrJsuwKTbs,MrJsuwKTbs,MLFI,X,EtlFe,Zk,x,hFrPsiJkW,MLFI,hFrPsiJkW,hFrPsiJkW,hFrPsiJkW,MrJsuwKTbs,MrJsuwKTbs,Zk,MLFI,EtlFe,UgFDIyu
MLFI
MrJsuwKTbs,MrJsuwKTbs,MLFI,EtlFe,Zk,MLFI,hFrPsiJkW,x,hFrPsiJkW,hFrPsiJkW,MrJsuwKTbs,MrJsuwKTbs,Zk,MLFI,EtlFe,UgFDIyu,OJJAWXjTtm
hFrPsiJkW
hFrPsiJkW
hFrPsiJkW
hFrPsiJkW
hFrPsiJkW
MrJsuwKTbs,MrJsuwKTbs,EtlFe,MLFI,FWmT,hFrPsiJkW,hFrPsiJkW,hFrPsiJkW,MrJsuwKTbs,MrJsuwKTbs,Zk,MLFI,EtlFe,OJJAWXjTtm,x,EtlFe,EtlFe
hFrPsiJkW
hFrPsiJkW
MLFI
MLFI
MrJsuwKTbs
MrJsuwKTbs
MrJsuwKTbs
MrJsuwKTbs
MrJsuwKTbs,EtlFe,x,MrJsuwKTbs,hFrPsiJkW,MrJsuwKTbs,MrJsuwKTbs,Zk,MLFI,EtlFe,OJJAWXjTtm,x,EtlFe,EtlFe,X,OJJAWXjTtm
MrJsuwKTbs,MrJsuwKTbs,EtlFe,MLFI,hFrPsiJkW,x,UgFDIyu,hFrPsiJkW,hFrPsiJkW,MrJsuwKTbs,MrJsuwKTbs,Zk,MLFI,EtlFe,OJJAWXjTtm,x,EtlFe
hFrPsiJkW
hFrPsiJkW
MrJsuwKTbs,MrJsuwKTbs,EtlFe,MLFI,hFrPsiJkW,x,UgFDIyu,FWmT,hFrPsiJkW,hFrPsiJkW,MrJsuwKTbs,MrJsuwKTbs,Zk,MLFI,EtlFe,OJJAWXjTtm,x,EtlFe,MrJsuwKTbs,x
MrJsuwKTbs,MrJsuwKTbs,EtlFe,MLFI,hFrPsiJkW,x,UgFDIyu,FWmT,hFrPsiJkW,hFrPsiJkW,MrJsuwKTbs,MrJsuwKTbs,Zk,MLFI,EtlFe,OJJAWXjTtm,x,EtlFe,MrJsuwKTbs,OJJAWXjTtm
MrJsuwKTbs,MrJsuwKTbs,EtlFe,MLFI,x,UgFDIyu,FWmT,hFrPsiJkW,hFrPsiJkW,MrJsuwKTbs,hFrPsiJkW,MrJsuwKTbs,Zk,MLFI,EtlFe,OJJAWXjTtm,x,EtlFe,MrJsuwKTbs,OJJAWXjTtm
hFrPsiJkW
MrJsuwKTbs,MrJsuwKTbs,EtlFe,MLFI,x,UgFDIyu,FWmT,hFrPsiJkW,hFrPsiJkW,MrJsuwKTbs,hFrPsiJkW,MrJsuwKTbs,Zk,MLFI,EtlFe,OJJAWXjTtm,x,EtlFe,MrJsuwKTbs,OJJAWXjTtm
MrJsuwKTbs,MrJsuwKTbs,EtlFe,MLFI,x,UgFDIyu,FWmT,hFrPsiJkW,hFrPsiJkW,MrJsuwKTbs,hFrPsiJkW,MrJsuwKTbs,Zk,MLFI,EtlFe,OJJAWXjTtm,x,EtlFe,MrJsuwKTbs,OJJAWXjTtm,UgFDIyu
MrJsuwKTbs,MrJsuwKTbs,EtlFe,MLFI,x,UgFDIyu,FWmT,hFrPsiJkW,hFrPsiJkW,MrJsuwKTbs,hFrPsiJkW,MrJsuwKTbs,Zk,MLFI,EtlFe,OJJAWXjTtm,x,EtlFe,MrJsuwKTbs,OJJAWXjTtm,UgFDIyu
MrJsuwKTbs,MLFI,x,UgFDIyu,FWmT,hFrPsiJkW,hFrPsiJkW,MrJsuwKTbs,hFrPsiJkW,EtlFe,MrJsuwKTbs,MrJsuwKTbs,Zk,MLFI,EtlFe,OJJAWXjTtm,x,EtlFe,MrJsuwKTbs,OJJAWXjTtm,UgFDIyu
MrJsuwKTbs
MrJsuwKTbs,MLFI,x,FWmT,hFrPsiJkW,hFrPsiJkW,MrJsuwKTbs,hFrPsiJkW,EtlFe,MrJsuwKTbs,MrJsuwKTbs,Zk,MLFI,EtlFe,OJJAWXjTtm,x,EtlFe,MrJsuwKTbs,OJJAWXjTtm,UgFDIyu,x
MrJsuwKTbs
MLFI
MrJsuwKTbs,MLFI,x,FWmT,hFrPsiJkW,hFrPsiJkW,MrJsuwKTbs,hFrPsiJkW,EtlFe,MrJsuwKTbs,MrJsuwKTbs,MLFI,EtlFe,OJJAWXjTtm,x,EtlFe,MrJsuwKTbs,OJJAWXjTtm,UgFDIyu,x
MrJsuwKTbs,MLFI,x,FWmT,hFrPsiJkW,hFrPsiJkW,MrJsuwKTbs,hFrPsiJkW,EtlFe,MrJsuwKTbs,MrJsuwKTbs,MLFI,EtlFe,OJJAWXjTtm,x,EtlFe,MrJsuwKTbs,OJJAWXjTtm,UgFDIyu,x
OJJAWXjTtm
MrJsuwKTbs,MLFI,x,FWmT,hFrPsiJkW,MrJsuwKTbs,hFrPsiJkW,EtlFe,MrJsuwKTbs,MrJsuwKTbs,MLFI,EtlFe,OJJAWXjTtm,hFrPsiJkW,x,EtlFe,MrJsuwKTbs,OJJAWXjTtm,UgFDIyu,x,MLFI
hFrPsiJkW
OJJAWXjTtm
OJJAWXjTtm
MrJsuwKTbs
MrJsuwKTbs
MrJsuwKTbs
x,FWmT,hFrPsiJkW,hFrPsiJkW,MrJsuwKTbs,hFrPsiJkW,MrJsuwKTbs,MrJsuwKTbs,MrJsuwKTbs,x,EtlFe,MrJsuwKTbs,OJJAWXjTtm,Zk,OJJAWXjTtm,UgFDIyu,x,MLFI,EtlFe,Zk
x,FWmT,hFrPsiJkW,hFrPsiJkW,MrJsuwKTbs,hFrPsiJkW,MrJsuwKTbs,MrJsuwKTbs,MrJsuwKTbs,x,EtlFe,MrJsuwKTbs,OJJAWXjTtm,Zk,OJJAWXjTtm,UgFDIyu,x,MLFI,EtlFe,Zk
OJJAWXjTtm
x,FWmT,hFrPsiJkW,hFrPsiJkW,MrJsuwKTbs,hFrPsiJkW,MrJsuwKTbs,MrJsuwKTbs,MrJsuwKTbs,x,MrJsuwKTbs,OJJAWXjTtm,Zk,OJJAWXjTtm,UgFDIyu,x,MLFI,EtlFe,Zk
OJJAWXjTtm
OJJAWXjTtm
x,FWmT,hFrPsiJkW,hFrPsiJkW,hFrPsiJkW,MrJsuwKTbs,MrJsuwKTbs,MrJsuwKTbs,x,MrJsuwKTbs,OJJAWXjTtm,Zk,OJJAWXjTtm,x,MLFI,MrJsuwKTbs,Zk,MrJsuwKTbs,UgFDIyu
MrJsuwKTbs
MrJsuwKTbs
x,hFrPsiJkW,hFrPsiJkW,hFrPsiJkW,MrJsuwKTbs,MrJsuwKTbs,MrJsuwKTbs,x,MrJsuwKTbs,OJJAWXjTtm,OJJAWXjTtm,x,MLFI,MrJsuwKTbs,Zk,MrJsuwKTbs,Zk,MLFI,OJJAWXjTtm
UgFDIyu
UgFDIyu
x,FWmT,hFrPsiJkW,hFrPsiJkW,hFrPsiJkW,MrJsuwKTbs,MrJsuwKTbs,MrJsuwKTbs,x,MrJsuwKTbs,OJJAWXjTtm,Zk,OJJAWXjTtm,x,MLFI,MrJsuwKTbs,Zk,MrJsuwKTbs,UgFDIyu,EtlFe,EtlFe
UgFDIyu
EtlFe
x,FWmT,hFrPsiJkW,hFrPsiJkW,hFrPsiJkW,MrJsuwKTbs,MrJsuwKTbs,MrJsuwKTbs,x,MrJsuwKTbs,OJJAWXjTtm,OJJAWXjTtm,x,MLFI,MrJsuwKTbs,Zk,MrJsuwKTbs,EtlFe,UgFDIyu,EtlFe,UgFDIyu
EtlFe
MrJsuwKTbs
x,FWmT,hFrPsiJkW,hFrPsiJkW,hFrPsiJkW,MrJsuwKTbs,MrJsuwKTbs,x,MrJsuwKTbs,OJJAWXjTtm,x,MrJsuwKTbs,MrJsuwKTbs,EtlFe,MrJsuwKTbs,OJJAWXjTtm,UgFDIyu,EtlFe,UgFDIyu,MrJsuwKTbs
x,FWmT,hFrPsiJkW,hFrPsiJkW,hFrPsiJkW,MrJsuwKTbs,MrJsuwKTbs,MrJsuwKTbs,x,MrJsuwKTbs,OJJAWXjTtm,Zk,OJJAWXjTtm,x,MLFI,MrJsuwKTbs,Zk,MrJsuwKTbs,UgFDIyu
x,FWmT,hFrPsiJkW,hFrPsiJkW,MrJsuwKTbs,MrJsuwKTbs,MrJsuwKTbs,x,MrJsuwKTbs,OJJAWXjTtm,Zk,OJJAWXjTtm,x,MLFI,MrJsuwKTbs,Zk,MrJsuwKTbs,UgFDIyu,hFrPsiJkW
x,hFrPsiJkW,hFrPsiJkW,hFrPsiJkW,MrJsuwKTbs,MrJsuwKTbs,MrJsuwKTbs,x,MrJsuwKTbs,OJJAWXjTtm,Zk,OJJAWXjTtm,x,MLFI,MrJsuwKTbs,Zk,MrJsuwKTbs,UgFDIyu
UgFDIyu
x,hFrPsiJkW,hFrPsiJkW,hFrPsiJkW,MrJsuwKTbs,MrJsuwKTbs,MrJsuwKTbs,x,MrJsuwKTbs,Zk,OJJAWXjTtm,x,MLFI,MrJsuwKTbs,Zk,MrJsuwKTbs,UgFDIyu
x,hFrPsiJkW,hFrPsiJkW,hFrPsiJkW,MrJsuwKTbs,MrJsuwKTbs,MrJsuwKTbs,x,MrJsuwKTbs,Zk,OJJAWXjTtm,x,MrJsuwKTbs,Zk,MrJsuwKTbs,UgFDIyu
x,hFrPsiJkW,hFrPsiJkW,hFrPsiJkW,MrJsuwKTbs,MrJsuwKTbs,MrJsuwKTbs,x,MrJsuwKTbs,Zk,OJJAWXjTtm,x,MrJsuwKTbs,Zk,MrJsuwKTbs,UgFDIyu
x
x,hFrPsiJkW,hFrPsiJkW,hFrPsiJkW,MrJsuwKTbs,MrJsuwKTbs,MrJsuwKTbs,x,MrJsuwKTbs,OJJAWXjTtm,x,MrJsuwKTbs,Zk,MrJsuwKTbs,UgFDIyu,UgFDIyu
x,hFrPsiJkW,hFrPsiJkW,hFrPsiJkW,MrJsuwKTbs,MrJsuwKTbs,MrJsuwKTbs,x,MrJsuwKTbs,Zk,OJJAWXjTtm,x,MrJsuwKTbs,Zk,MrJsuwKTbs,UgFDIyu,x,MrJsuwKTbs
x,hFrPsiJkW,hFrPsiJkW,hFrPsiJkW,MrJsuwKTbs,MrJsuwKTbs,MrJsuwKTbs,x,MrJsuwKTbs,Zk,OJJAWXjTtm,x,MrJsuwKTbs,Zk,MrJsuwKTbs,UgFDIyu,x
x,hFrPsiJkW,hFrPsiJkW,hFrPsiJkW,MrJsuwKTbs,MrJsuwKTbs,MrJsuwKTbs,x,MrJsuwKTbs,Zk,OJJAWXjTtm,x,MrJsuwKTbs,Zk,MrJsuwKTbs,UgFDIyu,x
OJJAWXjTtm,x,hFrPsiJkW,hFrPsiJkW,hFrPsiJkW,MrJsuwKTbs,MrJsuwKTbs,MrJsuwKTbs,x,MrJsuwKTbs,Zk,x,MrJsuwKTbs,Zk,MrJsuwKTbs,UgFDIyu,x
x,hFrPsiJkW,hFrPsiJkW,hFrPsiJkW,MrJsuwKTbs,MrJsuwKTbs,MrJsuwKTbs,x,MrJsuwKTbs,Zk,OJJAWXjTtm,x,MrJsuwKTbs,Zk,MrJsuwKTbs,UgFDIyu,x
x,hFrPsiJkW,hFrPsiJkW,hFrPsiJkW,MrJsuwKTbs,MrJsuwKTbs,MrJsuwKTbs,x,MrJsuwKTbs,Zk,OJJAWXjTtm,x,MrJsuwKTbs,Zk,MrJsuwKTbs,UgFDIyu
x,UgFDIyu,hFrPsiJkW,hFrPsiJkW,hFrPsiJkW,MrJsuwKTbs,MrJsuwKTbs,x,MrJsuwKTbs,Zk,OJJAWXjTtm,x,MrJsuwKTbs,Zk,MrJsuwKTbs
x,UgFDIyu,hFrPsiJkW,hFrPsiJkW,hFrPsiJkW,MrJsuwKTbs,MrJsuwKTbs,x,MrJsuwKTbs,Zk,OJJAWXjTtm,x,MrJsuwKTbs,Zk,MrJsuwKTbs
x,UgFDIyu,hFrPsiJkW,hFrPsiJkW,hFrPsiJkW,MrJsuwKTbs,MrJsuwKTbs,x,MrJsuwKTbs,Zk,OJJAWXjTtm,x,MrJsuwKTbs,Zk,MrJsuwKTbs
Jedi Wagner, assuma o comando!