ha
[vazia]
[vazia]
[vazia]
[vazia]
Toque! Toque, Dijê!
Toque! Toque, Dijê!
[vazia]
Toque! Toque, Dijê!
Toque! Toque, Dijê!
[vazia]
BBfI
ha
BBfI
BBfI
BBfI
BBfI,ha,BBfI
BBfI,ha,BBfI
BBfI
BBfI,ha,BBfI
BBfI
BBfI
BBfI
BBfI,ha,BBfI,ppLv,FIWILAEvn,ppLv
ppLv
ha,BBfI,BBfI,ppLv
ha
ha,BBfI,BBfI,ppLv,ppLv,BBfI,ha
ha
ha,BBfI,BBfI,ppLv,ppLv,BBfI,ha
ha
ha,BBfI,BBfI,ppLv,ppLv,BBfI,ha,DGP,ha,FIWILAEvn
ha
ha
ha,BBfI,BBfI,ppLv,ppLv,BBfI,ha
ha
ha
ha
ha
ha,BBfI,BBfI,ppLv,ppLv,BBfI,ha
ha,BBfI,BBfI,ppLv,ppLv,BBfI,ha
ha,BBfI,BBfI,ppLv,ppLv,BBfI,ha,ppLv
BBfI
BBfI
ha
ppLv,ha,BBfI,ppLv,BBfI,ha,ppLv,BBfI,BuuzZsTFr,DGP
ppLv,ha,BBfI,ppLv,BBfI,ha,ppLv,BBfI,BuuzZsTFr,DGP
BBfI
BBfI,ha,BBfI,ppLv,ppLv,BBfI,ha,ppLv,BBfI,FIWILAEvn,FIWILAEvn
BBfI,ha,BBfI,ppLv,ppLv,BBfI,ha,ppLv,BBfI,FIWILAEvn,FIWILAEvn
BBfI,ha,BBfI,ppLv,ppLv,BBfI,ha,ppLv,BBfI,FIWILAEvn,FIWILAEvn
BBfI,ha,BBfI,ppLv,ppLv,BBfI,ha,ppLv,BBfI,FIWILAEvn,FIWILAEvn
BBfI,ha,BBfI,ppLv,ppLv,BBfI,ha,ppLv,BBfI,FIWILAEvn,FIWILAEvn,ppLv
BBfI
BBfI,ha,BBfI,ppLv,ppLv,BBfI,ha,ppLv,BBfI,FIWILAEvn,FIWILAEvn,ppLv
BBfI,ha,BBfI,ppLv,ppLv,BBfI,ha,ppLv,BBfI,FIWILAEvn,FIWILAEvn,ppLv
BBfI
BBfI,ha,BBfI,ppLv,BBfI,ha,ppLv,BBfI,FIWILAEvn,FIWILAEvn,ppLv,BuuzZsTFr,DGP
ppLv
BBfI
Jedi Wagner, assuma o comando!