b
Toque! Toque, Dijê!
uZ
uZ
obq
obq
Toque! Toque, Dijê!
bgCfVQiDS
bgCfVQiDS
bgCfVQiDS
bgCfVQiDS
bgCfVQiDS,bgCfVQiDS
bgCfVQiDS,bgCfVQiDS
bgCfVQiDS,bgCfVQiDS
bgCfVQiDS,bgCfVQiDS
bgCfVQiDS
bgCfVQiDS,bgCfVQiDS
bgCfVQiDS
bgCfVQiDS
bgCfVQiDS
bgCfVQiDS,bgCfVQiDS
bgCfVQiDS,bgCfVQiDS
bgCfVQiDS
bgCfVQiDS,bgCfVQiDS,uZ
bgCfVQiDS
bgCfVQiDS
bgCfVQiDS,bgCfVQiDS
bgCfVQiDS
bgCfVQiDS
bgCfVQiDS
bgCfVQiDS
bgCfVQiDS
bgCfVQiDS
bgCfVQiDS
bgCfVQiDS
bgCfVQiDS
bgCfVQiDS
bgCfVQiDS
bgCfVQiDS,bgCfVQiDS
bgCfVQiDS
bgCfVQiDS,bgCfVQiDS,b,obq,uZ,eOH
bgCfVQiDS,bgCfVQiDS,b,obq,uZ,eOH
uZ
uZ
bgCfVQiDS,uZ,eOH,b,obq,obq,uZ
bgCfVQiDS,uZ,eOH,b,obq,obq,uZ
uZ
uZ
obq
obq
bgCfVQiDS,bgCfVQiDS,b,obq,b
bgCfVQiDS,bgCfVQiDS,b,obq,b
b
b
b
bgCfVQiDS,bgCfVQiDS,b,obq
bgCfVQiDS,bgCfVQiDS,b,obq
obq
obq
bgCfVQiDS,bgCfVQiDS,obq,obq
obq
obq
bgCfVQiDS,bgCfVQiDS,obq,obq,obq
obq
obq
obq
bgCfVQiDS
obq
bgCfVQiDS,bgCfVQiDS,obq,obq,b,uZ
bgCfVQiDS,bgCfVQiDS,obq,obq,uZ,obq
bgCfVQiDS,bgCfVQiDS,obq,obq,uZ
uZ
obq
obq
eOH,obq,bgCfVQiDS,bgCfVQiDS,obq
bgCfVQiDS
bgCfVQiDS
bgCfVQiDS
bgCfVQiDS,bgCfVQiDS,obq,obq,uZ
bgCfVQiDS,bgCfVQiDS,obq,obq,uZ
bgCfVQiDS
bgCfVQiDS,bgCfVQiDS,obq,obq,uZ
bgCfVQiDS
bgCfVQiDS,bgCfVQiDS,obq,obq,uZ
bgCfVQiDS
bgCfVQiDS
bgCfVQiDS,bgCfVQiDS,obq,uZ,obq,bgCfVQiDS,b
bgCfVQiDS,bgCfVQiDS,obq,uZ,obq,bgCfVQiDS,b,obq
bgCfVQiDS,bgCfVQiDS,obq,uZ,obq,bgCfVQiDS,b,obq
uZ
bgCfVQiDS,bgCfVQiDS,uZ,b,obq,obq,bgCfVQiDS,obq
obq
bgCfVQiDS,bgCfVQiDS,uZ,obq,b,obq,bgCfVQiDS,obq
obq
bgCfVQiDS,bgCfVQiDS,uZ,obq,b,obq,bgCfVQiDS,obq,b
bgCfVQiDS,bgCfVQiDS,uZ,obq,b,obq,bgCfVQiDS,obq,b,b
Jedi Wagner, assuma o comando!