[vazia]
ojcdBml
wFwYCN,ojcdBml
ojcdBml
wFwYCN
ojcdBml,wFwYCN,wFwYCN
wFwYCN
ojcdBml,wFwYCN,ojcdBml
ojcdBml,wFwYCN,ojcdBml
ojcdBml
wFwYCN,ojcdBml,ojcdBml
wFwYCN,ojcdBml,ojcdBml
wFwYCN
wFwYCN,ojcdBml,ojcdBml
wFwYCN
wFwYCN,ojcdBml,ojcdBml
wFwYCN
wFwYCN
ojcdBml,wFwYCN,ojcdBml,vWsdElS,gYKAfk
ojcdBml
wFwYCN,ojcdBml,ojcdBml,vWsdElS,gYKAfk,avpsBUK
wFwYCN,ojcdBml,ojcdBml,vWsdElS,gYKAfk,avpsBUK
wFwYCN,ojcdBml,ojcdBml
wFwYCN
wFwYCN
wFwYCN,ojcdBml,ojcdBml
wFwYCN,ojcdBml,ojcdBml
wFwYCN,ojcdBml,ojcdBml
ojcdBml
wFwYCN,ojcdBml,ojcdBml
wFwYCN,ojcdBml,ojcdBml
wFwYCN,ojcdBml,ojcdBml
wFwYCN,ojcdBml,ojcdBml
ojcdBml
ojcdBml
ojcdBml
wFwYCN,ojcdBml,ojcdBml
wFwYCN,ojcdBml,ojcdBml
ojcdBml
wFwYCN,ojcdBml,ojcdBml
wFwYCN,ojcdBml,ojcdBml
ojcdBml
ojcdBml
ojcdBml
qfUanCfq,avpsBUK
qfUanCfq
qfUanCfq,avpsBUK,o
qfUanCfq,avpsBUK,avpsBUK,ojcdBml
qfUanCfq,avpsBUK,avpsBUK,ojcdBml
qfUanCfq,avpsBUK,avpsBUK,ojcdBml,o
ojcdBml
qfUanCfq,avpsBUK,avpsBUK,ojcdBml,o,wFwYCN
ojcdBml
qfUanCfq,avpsBUK,avpsBUK,ojcdBml
qfUanCfq,avpsBUK,avpsBUK,ojcdBml
ojcdBml
qfUanCfq,avpsBUK,avpsBUK,ojcdBml
qfUanCfq,avpsBUK,avpsBUK,ojcdBml,ojcdBml
ojcdBml
qfUanCfq,avpsBUK,ojcdBml,avpsBUK,ojcdBml,vWsdElS
qfUanCfq,avpsBUK,avpsBUK,ojcdBml
qfUanCfq,avpsBUK,avpsBUK,ojcdBml
ojcdBml
qfUanCfq,avpsBUK,ojcdBml,qfUanCfq
ojcdBml
ojcdBml
qfUanCfq,avpsBUK,ojcdBml,gYKAfk
avpsBUK,ojcdBml,qfUanCfq,gYKAfk
ojcdBml
ojcdBml
ojcdBml
ojcdBml
ojcdBml
ojcdBml
qfUanCfq,avpsBUK,ojcdBml,qfUanCfq
qfUanCfq,ojcdBml,avpsBUK,qfUanCfq
avpsBUK
qfUanCfq,avpsBUK,avpsBUK,ojcdBml,o,ojcdBml
qfUanCfq,avpsBUK,avpsBUK,ojcdBml
qfUanCfq,avpsBUK,avpsBUK,ojcdBml
qfUanCfq,avpsBUK,avpsBUK,ojcdBml
qfUanCfq,avpsBUK,avpsBUK,ojcdBml
ojcdBml
qfUanCfq,avpsBUK,avpsBUK,ojcdBml
ojcdBml
qfUanCfq,avpsBUK,avpsBUK,ojcdBml,qfUanCfq
qfUanCfq,avpsBUK,avpsBUK,ojcdBml,qfUanCfq
qfUanCfq,avpsBUK,avpsBUK,ojcdBml,qfUanCfq
qfUanCfq,avpsBUK,avpsBUK,qfUanCfq
qfUanCfq,avpsBUK,avpsBUK,ojcdBml
ojcdBml
gYKAfk
qfUanCfq,avpsBUK,gYKAfk
qfUanCfq,avpsBUK,gYKAfk,o
qfUanCfq,avpsBUK,gYKAfk,o
qfUanCfq,avpsBUK,gYKAfk,o
qfUanCfq,gYKAfk,o
qfUanCfq,gYKAfk,o
gYKAfk
qfUanCfq,gYKAfk,gYKAfk
qfUanCfq,gYKAfk,gYKAfk
qfUanCfq,gYKAfk,gYKAfk
gYKAfk
qfUanCfq,gYKAfk,gYKAfk
gYKAfk,gYKAfk
gYKAfk
gYKAfk,gYKAfk
qfUanCfq,gYKAfk,gYKAfk,avpsBUK
qfUanCfq,gYKAfk,gYKAfk
gYKAfk
gYKAfk
gYKAfk
qfUanCfq,wFwYCN
qfUanCfq
qfUanCfq,wFwYCN
qfUanCfq
qfUanCfq
qfUanCfq
qfUanCfq
qfUanCfq
o
qfUanCfq,wFwYCN,o,vWsdElS
o
o
qfUanCfq,wFwYCN,o,vWsdElS,gYKAfk,ojcdBml
o
vWsdElS
vWsdElS
qfUanCfq,wFwYCN,o,vWsdElS,ojcdBml
qfUanCfq,wFwYCN,o,vWsdElS,ojcdBml
qfUanCfq,wFwYCN,o,vWsdElS,ojcdBml
qfUanCfq,wFwYCN,o,vWsdElS
vWsdElS
qfUanCfq,wFwYCN,o,vWsdElS
qfUanCfq,wFwYCN,o,vWsdElS
qfUanCfq
qfUanCfq
wFwYCN
wFwYCN
qfUanCfq,wFwYCN,o,vWsdElS,avpsBUK,qfUanCfq
qfUanCfq,wFwYCN,o,vWsdElS,avpsBUK,qfUanCfq
Jedi Wagner, assuma o comando!