Toque! Toque, Dijê!
Toque! Toque, Dijê!
S
S,S,kweNpvrUQ
S
S
S,S
S
S
S
ndL
S,ndL
S,ndL
ndL
ndL,sRYgm,S,S,S,kweNpvrUQ
ndL,sRYgm,S,S,kweNpvrUQ,S,S,S
kweNpvrUQ
kweNpvrUQ
S
sRYgm,S,kweNpvrUQ,S,S,S,S,cgWlCLHZ,S
S
sRYgm,S,kweNpvrUQ,S,S,S,S,cgWlCLHZ,S,sRYgm,sRYgm
S
S,kweNpvrUQ,S,sRYgm,S,S,S,cgWlCLHZ,S,sRYgm,sRYgm,kweNpvrUQ,kweNpvrUQ,S
sRYgm
S,kweNpvrUQ,S,sRYgm,S,S,S,S,sRYgm,sRYgm,kweNpvrUQ,kweNpvrUQ
S,kweNpvrUQ,S,sRYgm,S,S,S,S,sRYgm,sRYgm,kweNpvrUQ,kweNpvrUQ
sRYgm
sRYgm
S,kweNpvrUQ,S,sRYgm,S,S,S,S,sRYgm,sRYgm,kweNpvrUQ,kweNpvrUQ
S,kweNpvrUQ,S,sRYgm,S,S,S,S,sRYgm,sRYgm,kweNpvrUQ,kweNpvrUQ
S
S,kweNpvrUQ,S,sRYgm,S,S,S,S,sRYgm,sRYgm,kweNpvrUQ,kweNpvrUQ
S
S,kweNpvrUQ,S,sRYgm,S,S,S,S,sRYgm,sRYgm,kweNpvrUQ,kweNpvrUQ
S,kweNpvrUQ,S,sRYgm,S,S,S,S,sRYgm,sRYgm,kweNpvrUQ,kweNpvrUQ
S,kweNpvrUQ,S,sRYgm,S,S,S,S,sRYgm,sRYgm,kweNpvrUQ,kweNpvrUQ
S
S,S,sRYgm,S,S,S,S,sRYgm,sRYgm,kweNpvrUQ,kweNpvrUQ
S
S
S
S
S
S,S,sRYgm,S,S,S,S,sRYgm,sRYgm,kweNpvrUQ,kweNpvrUQ,sRYgm,ndL,DntQ
sRYgm
S
S,S,S,S,kweNpvrUQ,S,S,sRYgm,sRYgm,kweNpvrUQ,sRYgm,DntQ,S,kweNpvrUQ
S,S,S,S,kweNpvrUQ,S,S,sRYgm,sRYgm,kweNpvrUQ,sRYgm,DntQ,S,kweNpvrUQ
S
sRYgm
sRYgm
sRYgm
S,S,S,S,kweNpvrUQ,S,S,sRYgm,sRYgm,kweNpvrUQ,sRYgm,DntQ,S,kweNpvrUQ,cgWlCLHZ
S,S,S,S,kweNpvrUQ,S,S,sRYgm,sRYgm,kweNpvrUQ,sRYgm,DntQ,S,kweNpvrUQ,cgWlCLHZ
sRYgm
S,S,S,S,S,S,sRYgm,kweNpvrUQ,sRYgm,kweNpvrUQ,sRYgm,DntQ,S,kweNpvrUQ,cgWlCLHZ,S,cgWlCLHZ,DntQ
S,S,S,S,S,S,sRYgm,kweNpvrUQ,sRYgm,kweNpvrUQ,sRYgm,DntQ,S,kweNpvrUQ,cgWlCLHZ,S,cgWlCLHZ,DntQ,ndL
S,S,S,S,S,S,sRYgm,kweNpvrUQ,sRYgm,kweNpvrUQ,sRYgm,DntQ,S,kweNpvrUQ,cgWlCLHZ
S,S,S,S,S,S,sRYgm,kweNpvrUQ,sRYgm,kweNpvrUQ,sRYgm,DntQ,S,kweNpvrUQ,cgWlCLHZ
sRYgm
sRYgm
sRYgm
sRYgm
sRYgm
S,S,S,S,S,S,sRYgm,kweNpvrUQ,sRYgm,DntQ,S,kweNpvrUQ,cgWlCLHZ
sRYgm
S,S,S,S,S,S,sRYgm,sRYgm,kweNpvrUQ,sRYgm,DntQ,S,kweNpvrUQ,cgWlCLHZ
S
S,S,S,S,sRYgm,sRYgm,S,S,kweNpvrUQ,sRYgm,DntQ,S,kweNpvrUQ,cgWlCLHZ
S
S,S,S,S,sRYgm,sRYgm,S,S,kweNpvrUQ,sRYgm,DntQ,S,kweNpvrUQ,cgWlCLHZ
S
S,S,S,S,sRYgm,sRYgm,S,S,kweNpvrUQ,sRYgm,DntQ,S,kweNpvrUQ,cgWlCLHZ
S,S,sRYgm,sRYgm,S,S,kweNpvrUQ,sRYgm,DntQ,S,kweNpvrUQ,cgWlCLHZ,DntQ,sRYgm,ndL
sRYgm
DntQ
S,S,sRYgm,sRYgm,S,S,kweNpvrUQ,sRYgm,cgWlCLHZ,DntQ,S,kweNpvrUQ,DntQ,sRYgm,ndL
DntQ
S
S,S,sRYgm,sRYgm,S,S,kweNpvrUQ,sRYgm,cgWlCLHZ,DntQ,S,kweNpvrUQ,DntQ,sRYgm,ndL
S,S,sRYgm,sRYgm,S,S,kweNpvrUQ,sRYgm,cgWlCLHZ,DntQ,S,kweNpvrUQ,DntQ,sRYgm,S
S,S,sRYgm,sRYgm,S,S,kweNpvrUQ,sRYgm,cgWlCLHZ,DntQ,S,kweNpvrUQ,DntQ,sRYgm,S
cgWlCLHZ
S,S,sRYgm,sRYgm,S,S,kweNpvrUQ,sRYgm,DntQ,S,kweNpvrUQ,cgWlCLHZ,DntQ,sRYgm,S
S,S,sRYgm,sRYgm,S,S,kweNpvrUQ,sRYgm,DntQ,S,kweNpvrUQ,cgWlCLHZ,DntQ,sRYgm,S
S,S,sRYgm,S,S,kweNpvrUQ,sRYgm,DntQ,S,kweNpvrUQ,DntQ,sRYgm,S
sRYgm
sRYgm
sRYgm
S,S,sRYgm,S,S,kweNpvrUQ,sRYgm,DntQ,S,kweNpvrUQ,cgWlCLHZ,DntQ,sRYgm,S,cgWlCLHZ,kweNpvrUQ
sRYgm
sRYgm
sRYgm
sRYgm
S,sRYgm,S,S,sRYgm,DntQ,S,cgWlCLHZ,DntQ,sRYgm,kweNpvrUQ,S,cgWlCLHZ,kweNpvrUQ
S,S,S,S,kweNpvrUQ,sRYgm,DntQ,S,kweNpvrUQ,cgWlCLHZ,DntQ,sRYgm,S,cgWlCLHZ,kweNpvrUQ,DntQ
sRYgm
S,S,S,S,kweNpvrUQ,sRYgm,DntQ,S,kweNpvrUQ,cgWlCLHZ,DntQ,sRYgm,S,cgWlCLHZ,kweNpvrUQ,DntQ
S,S,S,S,kweNpvrUQ,sRYgm,DntQ,S,kweNpvrUQ,cgWlCLHZ,DntQ,sRYgm,S,cgWlCLHZ,kweNpvrUQ,DntQ
sRYgm
S,S,sRYgm,S,S,kweNpvrUQ,sRYgm,DntQ,S,kweNpvrUQ,DntQ,sRYgm,cgWlCLHZ,S,cgWlCLHZ,kweNpvrUQ,sRYgm
S,sRYgm,S,S,kweNpvrUQ,sRYgm,DntQ,S,kweNpvrUQ,DntQ,sRYgm,cgWlCLHZ,S,cgWlCLHZ,kweNpvrUQ,sRYgm,sRYgm
S,sRYgm,S,S,kweNpvrUQ,sRYgm,DntQ,S,kweNpvrUQ,DntQ,sRYgm,cgWlCLHZ,S,cgWlCLHZ,kweNpvrUQ,sRYgm,sRYgm
sRYgm
sRYgm
sRYgm
sRYgm
S
S,S,S,kweNpvrUQ,DntQ,S,kweNpvrUQ,cgWlCLHZ,DntQ,sRYgm,sRYgm,S,sRYgm,S,cgWlCLHZ,kweNpvrUQ,cgWlCLHZ,S,S,DntQ,S,DntQ
Jedi Wagner, assuma o comando!