tKX,tKX
tKX
tKX
[vazia]
Toque! Toque, Dijê!
sJecYLKjM
sJecYLKjM,sJecYLKjM
sJecYLKjM,sJecYLKjM
tKX
tKX
tKX
[vazia]
sJecYLKjM
sJecYLKjM
sJecYLKjM
sJecYLKjM,sJecYLKjM
sJecYLKjM
sJecYLKjM
sJecYLKjM
sJecYLKjM
sJecYLKjM
sJecYLKjM,sJecYLKjM
sJecYLKjM
sJecYLKjM,sJecYLKjM,sJecYLKjM
sJecYLKjM,sJecYLKjM,sJecYLKjM
sJecYLKjM,sJecYLKjM,sJecYLKjM
sJecYLKjM
sJecYLKjM
sJecYLKjM
sJecYLKjM
sJecYLKjM
sJecYLKjM,sJecYLKjM,sJecYLKjM
sJecYLKjM,sJecYLKjM,sJecYLKjM,sJecYLKjM
sJecYLKjM
sJecYLKjM,sJecYLKjM,sJecYLKjM,nT,tKX,nT
sJecYLKjM
nT
nT
nT
nT,sJecYLKjM,tKX,nT,tKX
nT,sJecYLKjM,tKX,nT,tKX
sJecYLKjM,nT,sJecYLKjM,sJecYLKjM,tKX,nT
sJecYLKjM
sJecYLKjM
sJecYLKjM
sJecYLKjM
nT
sJecYLKjM,sJecYLKjM,nT,tKX,sJecYLKjM,nT
nT,sJecYLKjM,sJecYLKjM,sJecYLKjM,nT
sJecYLKjM
sJecYLKjM
sJecYLKjM
sJecYLKjM,nT,sJecYLKjM,sJecYLKjM,tKX,nT
nT
nT
sJecYLKjM
sJecYLKjM
sJecYLKjM,sJecYLKjM,sJecYLKjM
sJecYLKjM
sJecYLKjM,sJecYLKjM,sJecYLKjM
sJecYLKjM
sJecYLKjM
sJecYLKjM,sJecYLKjM,sJecYLKjM,nT,nT,nT,nT
sJecYLKjM
sJecYLKjM,sJecYLKjM,sJecYLKjM,nT,nT,nT,nT
sJecYLKjM
sJecYLKjM,sJecYLKjM,sJecYLKjM,tKX,nT,nT,nT
sJecYLKjM,sJecYLKjM,sJecYLKjM,tKX,nT,nT,nT
sJecYLKjM,sJecYLKjM,sJecYLKjM,tKX,nT,nT,nT
sJecYLKjM,sJecYLKjM,sJecYLKjM,tKX,nT,nT,nT,tKX
sJecYLKjM,sJecYLKjM,sJecYLKjM,tKX,nT,nT,nT,nT
sJecYLKjM,sJecYLKjM,tKX,nT,nT,nT,nT
sJecYLKjM
sJecYLKjM
tKX,sJecYLKjM,sJecYLKjM,sJecYLKjM,nT,nT,nT
sJecYLKjM,nT,tKX,sJecYLKjM,sJecYLKjM,nT,nT,nT
sJecYLKjM,tKX,nT,sJecYLKjM,sJecYLKjM,nT,nT,nT,sJecYLKjM
sJecYLKjM
tKX,nT,sJecYLKjM,sJecYLKjM,nT,nT,nT,sJecYLKjM
sJecYLKjM
sJecYLKjM
sJecYLKjM
sJecYLKjM,sJecYLKjM,sJecYLKjM,nT,nT,nT
sJecYLKjM,sJecYLKjM,sJecYLKjM,nT,nT,nT
sJecYLKjM,sJecYLKjM,sJecYLKjM,nT,nT,nT
sJecYLKjM
sJecYLKjM,sJecYLKjM,nT,nT,nT
sJecYLKjM
sJecYLKjM
sJecYLKjM
sJecYLKjM,sJecYLKjM,sJecYLKjM,nT,nT,nT
sJecYLKjM,sJecYLKjM,sJecYLKjM,nT,nT,nT
sJecYLKjM
sJecYLKjM
nT
nT
sJecYLKjM,nT,nT,tKX,sJecYLKjM,nT,tKX
nT
sJecYLKjM,nT,nT,sJecYLKjM,nT,tKX,tKX
sJecYLKjM,nT,nT,sJecYLKjM,nT,tKX,tKX,tKX
sJecYLKjM,nT,nT,sJecYLKjM,nT,tKX,tKX
nT
nT
sJecYLKjM,nT,nT,sJecYLKjM,nT,tKX,tKX
nT
sJecYLKjM,nT,nT,sJecYLKjM,nT,tKX,tKX,tKX
nT
nT
nT,nT,sJecYLKjM,sJecYLKjM,nT,tKX,tKX,tKX,tKX
nT
nT,nT,sJecYLKjM,sJecYLKjM,nT,tKX,tKX,tKX,tKX
nT
tKX
tKX
tKX,nT,nT,tKX,tKX,tKX,tKX,sJecYLKjM
tKX,sJecYLKjM,nT,nT,tKX,tKX,tKX,tKX
tKX,sJecYLKjM,nT,nT,tKX,tKX,tKX,tKX
tKX
tKX,nT,nT,tKX,tKX,tKX,tKX
tKX
nT,tKX,nT,nT,tKX,tKX,tKX,tKX
tKX
tKX,nT,nT,nT,tKX,tKX,tKX,tKX
tKX
tKX
nT,tKX,nT,tKX,tKX,tKX
nT,nT,nT,tKX,tKX,tKX,tKX
nT
nT
nT
nT
nT
nT
nT,nT,tKX,tKX,tKX,tKX
nT,nT,tKX,tKX,tKX,tKX
nT
nT
nT
tKX
tKX,tKX,tKX,sJecYLKjM,tKX
tKX,tKX,tKX,sJecYLKjM,tKX
tKX,tKX,tKX,sJecYLKjM,tKX
tKX,tKX,tKX,sJecYLKjM,tKX,sJecYLKjM
tKX
sJecYLKjM
tKX,tKX,tKX,sJecYLKjM,tKX
tKX,tKX,sJecYLKjM,tKX,tKX
sJecYLKjM
sJecYLKjM
tKX,sJecYLKjM,tKX,tKX,sJecYLKjM
tKX,tKX,tKX,sJecYLKjM,tKX
tKX
tKX,tKX,sJecYLKjM,tKX
tKX,tKX,sJecYLKjM,tKX
tKX,tKX,tKX,sJecYLKjM,tKX
tKX,tKX,tKX,sJecYLKjM,tKX
tKX,tKX,tKX,sJecYLKjM,tKX,tKX,sJecYLKjM
tKX,tKX,tKX,sJecYLKjM,tKX,tKX,sJecYLKjM,tKX
tKX
tKX
tKX
tKX
tKX,tKX,tKX,sJecYLKjM,tKX,nT,tKX
tKX,tKX,nT,tKX,sJecYLKjM,tKX,tKX,sJecYLKjM,tKX,sJecYLKjM
nT
tKX
tKX,tKX,tKX,tKX,tKX,tKX
tKX,tKX,tKX,tKX,tKX,tKX
tKX,tKX,tKX,tKX,tKX,tKX
tKX
tKX
tKX
tKX
tKX,tKX,tKX,tKX,tKX,tKX,tKX,sJecYLKjM
tKX
tKX
tKX
tKX
tKX,tKX,tKX,tKX,tKX,tKX
tKX,tKX,tKX,tKX,tKX,tKX,tKX
tKX
tKX,tKX,tKX,tKX,tKX,tKX
tKX
tKX
tKX
tKX,tKX,tKX,tKX,tKX,tKX,tKX
tKX,tKX,tKX,tKX,tKX,tKX,tKX
tKX
tKX,tKX,tKX,tKX,tKX,tKX,tKX,sJecYLKjM,tKX,sJecYLKjM,sJecYLKjM
tKX
tKX
tKX
tKX,tKX,tKX,tKX,tKX,tKX,sJecYLKjM,tKX,sJecYLKjM
tKX
tKX
tKX
tKX
sJecYLKjM
tKX
tKX
nT
nT
Jedi Wagner, assuma o comando!