Toque! Toque, Dijê!
[vazia]
Toque! Toque, Dijê!
Toque! Toque, Dijê!
JNBJ
JNBJ
JNBJ,vb
vb
JNBJ,vb
vb
JNBJ,vb
vb
vb,JNBJ,mODiBaID
JNBJ
vb,JNBJ,mODiBaID
mODiBaID
JNBJ,vb,vb,GVZtDJVsth
vb,vb,GVZtDJVsth,GVZtDJVsth
mODiBaID
vb
vb,JNBJ,mODiBaID
mODiBaID
mODiBaID
vb,JNBJ,mODiBaID
vb
vb
vb
vb
vb,JNBJ,mODiBaID,JNBJ
vb,JNBJ,mODiBaID,JNBJ
vb
vb,JNBJ,mODiBaID,JNBJ,HXafIHH,q
vb,JNBJ,mODiBaID,JNBJ,HXafIHH,q
vb,JNBJ,mODiBaID,JNBJ,HXafIHH
vb,JNBJ,mODiBaID,JNBJ,HXafIHH
vb
vb
vb,JNBJ,mODiBaID,JNBJ,HXafIHH
vb
vb
vb,JNBJ,mODiBaID,JNBJ
vb,JNBJ,mODiBaID,RerRgKwNSL
vb,JNBJ,mODiBaID,RerRgKwNSL
vb
vb
vb,JNBJ,mODiBaID,HXafIHH
vb,JNBJ,mODiBaID,HXafIHH
vb,JNBJ,HXafIHH,mODiBaID
mODiBaID
mODiBaID
mODiBaID
JNBJ
q
q
vb,HXafIHH,mODiBaID,JNBJ,q,V
q
vb,HXafIHH,mODiBaID,JNBJ,q,V
q
vb,HXafIHH,mODiBaID,JNBJ,q
vb,HXafIHH,mODiBaID,JNBJ,q
q
q
q
q
q
vb,mODiBaID,JNBJ,q,vb
vb,HXafIHH,mODiBaID,JNBJ,q
q
q
vb,HXafIHH,mODiBaID,JNBJ,q,mODiBaID
vb,HXafIHH,mODiBaID,JNBJ,q,mODiBaID
q
q
vb,HXafIHH,mODiBaID,JNBJ,q
q
q
q
vb,HXafIHH,mODiBaID,JNBJ,q
vb,HXafIHH,mODiBaID,JNBJ,q
vb
q
q
q
q
HXafIHH,mODiBaID,JNBJ,q,vb,q,JNBJ
q
q
q,vb,mODiBaID,q,HXafIHH,JNBJ
mODiBaID
q,vb,mODiBaID,q,HXafIHH,JNBJ
q,mODiBaID,vb,q,HXafIHH,JNBJ
vb
q,mODiBaID,vb,q,HXafIHH,JNBJ
q,mODiBaID,vb,q,HXafIHH,JNBJ
vb
q,mODiBaID,vb,q,JNBJ
mODiBaID
q,vb,mODiBaID,q,HXafIHH,JNBJ,V,mODiBaID
mODiBaID
q
q,vb,mODiBaID,q,HXafIHH,V,mODiBaID
q,vb,mODiBaID,q,HXafIHH,V,mODiBaID
q,vb,mODiBaID,q,HXafIHH,V,mODiBaID
q,vb,mODiBaID,q,HXafIHH,V,mODiBaID
q
q
q
vb,mODiBaID,q,HXafIHH,V,mODiBaID,q
HXafIHH
vb,mODiBaID,q,HXafIHH,V,mODiBaID,q,JNBJ
vb,mODiBaID,q,HXafIHH,V,mODiBaID,q,JNBJ,mODiBaID,JNBJ,JNBJ
vb,mODiBaID,q,HXafIHH,V,mODiBaID,q,JNBJ,mODiBaID,JNBJ,JNBJ
vb,mODiBaID,q,V,mODiBaID,q,JNBJ,mODiBaID,JNBJ,JNBJ,V
vb,mODiBaID,q,V,mODiBaID,q,JNBJ,mODiBaID,JNBJ,JNBJ,V
V
vb,mODiBaID,q,V,mODiBaID,q,JNBJ,mODiBaID,JNBJ,JNBJ,V
V
JNBJ
JNBJ
vb,mODiBaID,q,V,JNBJ,mODiBaID,q,mODiBaID,JNBJ,JNBJ,V,HXafIHH,GVZtDJVsth
vb,mODiBaID,q,V,mODiBaID,q,mODiBaID,JNBJ,JNBJ,V,HXafIHH,GVZtDJVsth
mODiBaID
mODiBaID,q,V,mODiBaID,q,mODiBaID,JNBJ,JNBJ,V,HXafIHH
mODiBaID,q,V,mODiBaID,q,mODiBaID,JNBJ,JNBJ,V,HXafIHH,mODiBaID
q
mODiBaID,q,V,mODiBaID,q,mODiBaID,JNBJ,JNBJ,V,HXafIHH
q
q
mODiBaID,q,V,mODiBaID,q,mODiBaID,JNBJ,JNBJ,V,vb
q
q
mODiBaID,q,V,mODiBaID,q,mODiBaID,JNBJ,JNBJ,V,vb
q
mODiBaID,q,V,mODiBaID,vb,q,mODiBaID,JNBJ,JNBJ,V,iNc,mODiBaID
mODiBaID,q,V,mODiBaID,vb,q,mODiBaID,JNBJ,JNBJ,V,iNc,mODiBaID
mODiBaID,q,V,mODiBaID,vb,q,mODiBaID,JNBJ,JNBJ,V,iNc,mODiBaID
mODiBaID,q,V,mODiBaID,q,mODiBaID,JNBJ,JNBJ,V,HXafIHH
mODiBaID,q,V,mODiBaID,q,mODiBaID,JNBJ,JNBJ,V,HXafIHH,JNBJ
mODiBaID,q,V,mODiBaID,q,mODiBaID,JNBJ,JNBJ,V,HXafIHH,JNBJ,JNBJ
mODiBaID,q,V,mODiBaID,q,mODiBaID,JNBJ,JNBJ,V,HXafIHH,JNBJ,JNBJ
mODiBaID,q,V,mODiBaID,q,mODiBaID,JNBJ,JNBJ,V,HXafIHH,JNBJ,JNBJ
JNBJ
mODiBaID,q,V,mODiBaID,JNBJ,q,mODiBaID,JNBJ,V,HXafIHH,JNBJ,JNBJ,V,HXafIHH
mODiBaID,q,V,mODiBaID,q,mODiBaID,JNBJ,JNBJ,V,HXafIHH
q
mODiBaID,q,mODiBaID,q,V,mODiBaID,JNBJ,V,HXafIHH
q
q
q
q
mODiBaID,q,mODiBaID,q,V,mODiBaID,JNBJ,V,HXafIHH,GVZtDJVsth,V,RerRgKwNSL
V
mODiBaID,mODiBaID,q,V,mODiBaID,JNBJ,V,HXafIHH,GVZtDJVsth,V,RerRgKwNSL
V
V
q,mODiBaID,q,V,mODiBaID,mODiBaID,JNBJ,V,HXafIHH,GVZtDJVsth,V,HXafIHH
q,mODiBaID,q,V,mODiBaID,mODiBaID,JNBJ,V,HXafIHH,GVZtDJVsth,V,HXafIHH
mODiBaID,V,q,q,mODiBaID,mODiBaID,JNBJ,V,HXafIHH,GVZtDJVsth,V,HXafIHH,JNBJ
q
q
V
mODiBaID,q,mODiBaID,q,V,GVZtDJVsth,mODiBaID,JNBJ,V,HXafIHH,V
mODiBaID
mODiBaID
mODiBaID
mODiBaID
mODiBaID,q,mODiBaID,q,V,mODiBaID,GVZtDJVsth,JNBJ,V,HXafIHH,V
mODiBaID,q,mODiBaID,q,V,mODiBaID,GVZtDJVsth,JNBJ,V,HXafIHH,V
mODiBaID
mODiBaID
q,mODiBaID,q,V,mODiBaID,JNBJ,V,HXafIHH,V,JNBJ
mODiBaID
q,mODiBaID,q,V,mODiBaID,JNBJ,V,HXafIHH,V,JNBJ
q,mODiBaID,q,V,mODiBaID,HXafIHH,JNBJ,V,V,JNBJ,iNc
mODiBaID
q,mODiBaID,q,V,mODiBaID,JNBJ,iNc,HXafIHH,V,V,JNBJ
q,mODiBaID,q,V,mODiBaID,JNBJ,iNc,V,V,JNBJ
q,mODiBaID,q,V,mODiBaID,JNBJ,iNc,V,V,JNBJ
JNBJ
q,mODiBaID,q,V,mODiBaID,JNBJ,iNc,V,V,JNBJ,RerRgKwNSL
q
q
q,q,mODiBaID,JNBJ,iNc,V,V,JNBJ,RerRgKwNSL,JNBJ,V,RerRgKwNSL
mODiBaID
iNc
iNc
q,q,mODiBaID,iNc,V,V,JNBJ,RerRgKwNSL,JNBJ,V,RerRgKwNSL,RerRgKwNSL
V
q,mODiBaID,iNc,q,V,V,RerRgKwNSL,JNBJ,V,RerRgKwNSL,RerRgKwNSL
q,mODiBaID,iNc,q,V,V,RerRgKwNSL,JNBJ,V,RerRgKwNSL,RerRgKwNSL
iNc
mODiBaID,q,V,q,JNBJ,iNc,V,RerRgKwNSL,V,RerRgKwNSL,RerRgKwNSL,HXafIHH
JNBJ
iNc
RerRgKwNSL
RerRgKwNSL
RerRgKwNSL
q,q,iNc,V,JNBJ,V,RerRgKwNSL,RerRgKwNSL,iNc,V,V,JNBJ,GVZtDJVsth,RerRgKwNSL,mODiBaID
RerRgKwNSL
q,q,iNc,RerRgKwNSL,V,JNBJ,V,RerRgKwNSL,iNc,V,V,JNBJ,RerRgKwNSL,V
RerRgKwNSL
RerRgKwNSL
q,q,iNc,V,RerRgKwNSL,JNBJ,RerRgKwNSL,iNc,V,V,JNBJ,RerRgKwNSL,V,mODiBaID,GVZtDJVsth
q,q,iNc,V,RerRgKwNSL,JNBJ,RerRgKwNSL,iNc,V,V,JNBJ,RerRgKwNSL,V,mODiBaID,GVZtDJVsth
V
JNBJ
q,V,RerRgKwNSL,JNBJ,RerRgKwNSL,iNc,V,V,JNBJ,RerRgKwNSL,V,GVZtDJVsth
JNBJ
q,V,RerRgKwNSL,JNBJ,RerRgKwNSL,iNc,V,V,JNBJ,RerRgKwNSL,V,GVZtDJVsth,V,HXafIHH
JNBJ
Jedi Wagner, assuma o comando!