[vazia]
Toque! Toque, Dijê!
[vazia]
Toque! Toque, Dijê!
Toque! Toque, Dijê!
[vazia]
[vazia]
Toque! Toque, Dijê!
[vazia]
nUvvxNI,BMDtUmz
nUvvxNI
NTfgHupQ
NTfgHupQ
NTfgHupQ
Toque! Toque, Dijê!
[vazia]
NTfgHupQ,g
g
g
g,g
g
BMDtUmz,g,g
BMDtUmz,g,g
BMDtUmz,g,g
BMDtUmz,g,g
BMDtUmz,g,g
BMDtUmz,g,g
BMDtUmz,g,g
g
g,g,NTfgHupQ
g
NTfgHupQ
BMDtUmz,g,g,NTfgHupQ,NTfgHupQ,BMDtUmz
BMDtUmz,g,g,NTfgHupQ,NTfgHupQ,BMDtUmz
NTfgHupQ
NTfgHupQ
BMDtUmz,g,NTfgHupQ,NTfgHupQ,BMDtUmz,nUvvxNI
g
BMDtUmz,g,NTfgHupQ,NTfgHupQ,g,BMDtUmz
NTfgHupQ,BMDtUmz
NTfgHupQ,BMDtUmz,NTfgHupQ
NTfgHupQ
NTfgHupQ,BMDtUmz,NTfgHupQ,NTfgHupQ
NTfgHupQ
NTfgHupQ,BMDtUmz,NTfgHupQ,NTfgHupQ,BMDtUmz,nUvvxNI
BMDtUmz,NTfgHupQ,NTfgHupQ,NTfgHupQ
BMDtUmz,NTfgHupQ,BMDtUmz
BMDtUmz,NTfgHupQ,BMDtUmz
BMDtUmz,NTfgHupQ,BMDtUmz
BMDtUmz,NTfgHupQ,BMDtUmz
BMDtUmz,NTfgHupQ,BMDtUmz
BMDtUmz
BMDtUmz,NTfgHupQ,BMDtUmz,g
g,NTfgHupQ,BMDtUmz,NTfgHupQ,nUvvxNI
g
g
BMDtUmz,g,NTfgHupQ,BMDtUmz,NTfgHupQ
g
NTfgHupQ
BMDtUmz,g,NTfgHupQ,BMDtUmz,NTfgHupQ,nUvvxNI
NTfgHupQ
NTfgHupQ
BMDtUmz,g,NTfgHupQ,BMDtUmz,NTfgHupQ,g
BMDtUmz
BMDtUmz,g,NTfgHupQ,BMDtUmz,NTfgHupQ,g,NTfgHupQ
BMDtUmz,g,NTfgHupQ,BMDtUmz,NTfgHupQ,g,NTfgHupQ
BMDtUmz,g,NTfgHupQ,BMDtUmz,NTfgHupQ,g,NTfgHupQ
nUvvxNI
g,BMDtUmz,nUvvxNI,NTfgHupQ,g,NTfgHupQ,NTfgHupQ,NTfgHupQ
g,BMDtUmz,nUvvxNI,NTfgHupQ,g,NTfgHupQ,NTfgHupQ,NTfgHupQ,g,g
nUvvxNI
nUvvxNI
nUvvxNI
nUvvxNI
g
g
BMDtUmz,g,NTfgHupQ,NTfgHupQ,NTfgHupQ,NTfgHupQ,g,NTfgHupQ,g,NTfgHupQ,g
NTfgHupQ
g
NTfgHupQ
BMDtUmz,NTfgHupQ,g,NTfgHupQ,NTfgHupQ,NTfgHupQ,NTfgHupQ,NTfgHupQ,BMDtUmz,nUvvxNI
NTfgHupQ
NTfgHupQ,g,NTfgHupQ,NTfgHupQ,NTfgHupQ,NTfgHupQ,NTfgHupQ,BMDtUmz,nUvvxNI
BMDtUmz,NTfgHupQ,g,NTfgHupQ,NTfgHupQ,NTfgHupQ,NTfgHupQ,NTfgHupQ,BMDtUmz,nUvvxNI,BMDtUmz
NTfgHupQ
NTfgHupQ
BMDtUmz
NTfgHupQ,NTfgHupQ,BMDtUmz,g,g,NTfgHupQ,NTfgHupQ,NTfgHupQ,BMDtUmz
g
g
NTfgHupQ,NTfgHupQ,BMDtUmz,g,g,NTfgHupQ,NTfgHupQ,NTfgHupQ,BMDtUmz,BMDtUmz
g
g
g
NTfgHupQ
NTfgHupQ
NTfgHupQ,BMDtUmz,g,g,NTfgHupQ,NTfgHupQ,NTfgHupQ,NTfgHupQ,BMDtUmz,BMDtUmz,g,NTfgHupQ
NTfgHupQ,BMDtUmz,g,g,NTfgHupQ,NTfgHupQ,NTfgHupQ,NTfgHupQ,BMDtUmz,BMDtUmz,g,NTfgHupQ
NTfgHupQ,BMDtUmz,g,g,NTfgHupQ,NTfgHupQ,NTfgHupQ,NTfgHupQ,BMDtUmz,BMDtUmz,g,NTfgHupQ
NTfgHupQ,BMDtUmz,g,g,NTfgHupQ,NTfgHupQ,NTfgHupQ,NTfgHupQ,BMDtUmz,BMDtUmz,g,NTfgHupQ
NTfgHupQ
BMDtUmz
BMDtUmz
BMDtUmz
g,g,NTfgHupQ,NTfgHupQ,BMDtUmz,NTfgHupQ,NTfgHupQ,BMDtUmz,BMDtUmz,g,NTfgHupQ,NTfgHupQ
nUvvxNI
g,g,NTfgHupQ,NTfgHupQ,nUvvxNI,BMDtUmz,NTfgHupQ,NTfgHupQ,BMDtUmz,BMDtUmz,g,NTfgHupQ,NTfgHupQ
g,g,NTfgHupQ,NTfgHupQ,nUvvxNI,BMDtUmz,NTfgHupQ,NTfgHupQ,BMDtUmz,BMDtUmz,g,NTfgHupQ,NTfgHupQ
NTfgHupQ
NTfgHupQ
NTfgHupQ
NTfgHupQ,NTfgHupQ,BMDtUmz,g,g,NTfgHupQ,NTfgHupQ,NTfgHupQ,BMDtUmz,BMDtUmz,g
NTfgHupQ
NTfgHupQ
NTfgHupQ
NTfgHupQ,NTfgHupQ,BMDtUmz,g,g,NTfgHupQ,NTfgHupQ,NTfgHupQ,BMDtUmz,BMDtUmz,g
NTfgHupQ
NTfgHupQ
NTfgHupQ,NTfgHupQ,BMDtUmz,g,g,NTfgHupQ,NTfgHupQ,NTfgHupQ,BMDtUmz,BMDtUmz,g,NTfgHupQ,NTfgHupQ
NTfgHupQ
NTfgHupQ
NTfgHupQ,NTfgHupQ,BMDtUmz,g,NTfgHupQ,NTfgHupQ,NTfgHupQ,BMDtUmz,BMDtUmz,g,NTfgHupQ,NTfgHupQ,nUvvxNI,NTfgHupQ,NTfgHupQ
NTfgHupQ
BMDtUmz,NTfgHupQ,NTfgHupQ,g,NTfgHupQ,NTfgHupQ,BMDtUmz,BMDtUmz,g,NTfgHupQ,NTfgHupQ,nUvvxNI,NTfgHupQ,NTfgHupQ,g
NTfgHupQ
BMDtUmz,g,NTfgHupQ,NTfgHupQ,NTfgHupQ,NTfgHupQ,BMDtUmz,BMDtUmz,g,NTfgHupQ,NTfgHupQ,nUvvxNI,NTfgHupQ,NTfgHupQ,g
NTfgHupQ
BMDtUmz,g,NTfgHupQ,NTfgHupQ,NTfgHupQ,NTfgHupQ,BMDtUmz,BMDtUmz,g,NTfgHupQ,NTfgHupQ,nUvvxNI,NTfgHupQ,NTfgHupQ,g
NTfgHupQ
NTfgHupQ,BMDtUmz,g,g,NTfgHupQ,NTfgHupQ,NTfgHupQ,NTfgHupQ,BMDtUmz,BMDtUmz,g
NTfgHupQ
NTfgHupQ
NTfgHupQ,NTfgHupQ,BMDtUmz,g,g,NTfgHupQ,NTfgHupQ,NTfgHupQ,BMDtUmz,BMDtUmz,g
NTfgHupQ
NTfgHupQ,NTfgHupQ,g,g,NTfgHupQ,NTfgHupQ,NTfgHupQ,BMDtUmz,BMDtUmz,g
NTfgHupQ,NTfgHupQ,g,g,NTfgHupQ,NTfgHupQ,NTfgHupQ,BMDtUmz,BMDtUmz,g,NTfgHupQ
NTfgHupQ,NTfgHupQ,g,g,NTfgHupQ,NTfgHupQ,NTfgHupQ,BMDtUmz,BMDtUmz,g,NTfgHupQ
NTfgHupQ
NTfgHupQ
NTfgHupQ
BMDtUmz
BMDtUmz
BMDtUmz
NTfgHupQ,NTfgHupQ,NTfgHupQ,NTfgHupQ,NTfgHupQ,BMDtUmz,g,BMDtUmz,g,NTfgHupQ
NTfgHupQ,NTfgHupQ,NTfgHupQ,NTfgHupQ,NTfgHupQ,BMDtUmz,g,BMDtUmz,g,NTfgHupQ
NTfgHupQ,NTfgHupQ,NTfgHupQ,NTfgHupQ,NTfgHupQ,g,BMDtUmz,g,NTfgHupQ,g
NTfgHupQ,NTfgHupQ,NTfgHupQ,NTfgHupQ,NTfgHupQ,BMDtUmz,BMDtUmz,g,NTfgHupQ,g
NTfgHupQ,NTfgHupQ,NTfgHupQ,NTfgHupQ,NTfgHupQ,g,BMDtUmz,NTfgHupQ,g
NTfgHupQ,NTfgHupQ,NTfgHupQ,NTfgHupQ,NTfgHupQ,g,BMDtUmz,NTfgHupQ,g
NTfgHupQ,NTfgHupQ,NTfgHupQ,NTfgHupQ,NTfgHupQ,g,BMDtUmz,NTfgHupQ,g
NTfgHupQ,NTfgHupQ,NTfgHupQ,NTfgHupQ,NTfgHupQ,g,BMDtUmz,NTfgHupQ,g
NTfgHupQ,NTfgHupQ,NTfgHupQ,NTfgHupQ,NTfgHupQ,g,BMDtUmz,NTfgHupQ,g
BMDtUmz
BMDtUmz
BMDtUmz
NTfgHupQ,NTfgHupQ,g,NTfgHupQ,g,BMDtUmz,BMDtUmz,NTfgHupQ,g,g
NTfgHupQ,NTfgHupQ,NTfgHupQ,g,BMDtUmz,BMDtUmz,NTfgHupQ,g,g,BMDtUmz
NTfgHupQ,NTfgHupQ,BMDtUmz,BMDtUmz,NTfgHupQ,NTfgHupQ,g,g,BMDtUmz
NTfgHupQ,NTfgHupQ,BMDtUmz,BMDtUmz,NTfgHupQ,NTfgHupQ,g,g,BMDtUmz
NTfgHupQ
BMDtUmz
nUvvxNI
NTfgHupQ,NTfgHupQ,NTfgHupQ,BMDtUmz,g,nUvvxNI,NTfgHupQ,g,BMDtUmz,NTfgHupQ,BMDtUmz,g,g
BMDtUmz
BMDtUmz
g
g
g
g
g
NTfgHupQ,NTfgHupQ,g,NTfgHupQ,nUvvxNI,NTfgHupQ,g,BMDtUmz,NTfgHupQ,BMDtUmz,g,g,g
NTfgHupQ,NTfgHupQ,BMDtUmz,g,NTfgHupQ,nUvvxNI,NTfgHupQ,g,BMDtUmz,NTfgHupQ,BMDtUmz,g,g,g,nUvvxNI
NTfgHupQ,NTfgHupQ,BMDtUmz,g,NTfgHupQ,nUvvxNI,NTfgHupQ,g,BMDtUmz,NTfgHupQ,BMDtUmz,g,g,g,nUvvxNI
NTfgHupQ
nUvvxNI
nUvvxNI
NTfgHupQ,NTfgHupQ,BMDtUmz,g,nUvvxNI,NTfgHupQ,NTfgHupQ,g,BMDtUmz,NTfgHupQ,BMDtUmz,g,g,g,nUvvxNI,NTfgHupQ,g
nUvvxNI
NTfgHupQ,NTfgHupQ,g,nUvvxNI,BMDtUmz,NTfgHupQ,NTfgHupQ,g,BMDtUmz,NTfgHupQ,BMDtUmz,g,g,g,nUvvxNI,NTfgHupQ,g,BMDtUmz,BMDtUmz
NTfgHupQ
NTfgHupQ,NTfgHupQ,g,nUvvxNI,BMDtUmz,NTfgHupQ,NTfgHupQ,g,BMDtUmz,NTfgHupQ,BMDtUmz,g,g,g,nUvvxNI,NTfgHupQ,g,BMDtUmz,BMDtUmz,BMDtUmz,g
NTfgHupQ
NTfgHupQ
NTfgHupQ
NTfgHupQ,NTfgHupQ,g,nUvvxNI,BMDtUmz,NTfgHupQ,NTfgHupQ,g,BMDtUmz,NTfgHupQ,BMDtUmz,g,g,g,nUvvxNI,NTfgHupQ,g,BMDtUmz,BMDtUmz,BMDtUmz
NTfgHupQ
BMDtUmz,NTfgHupQ,NTfgHupQ,nUvvxNI,g,NTfgHupQ,g,BMDtUmz,NTfgHupQ,BMDtUmz,g,g,g,nUvvxNI,NTfgHupQ,g,BMDtUmz,BMDtUmz,BMDtUmz
NTfgHupQ
NTfgHupQ
NTfgHupQ,g,nUvvxNI,NTfgHupQ,NTfgHupQ,BMDtUmz,NTfgHupQ,g,BMDtUmz,NTfgHupQ,BMDtUmz,g,g,g,nUvvxNI,NTfgHupQ,g,BMDtUmz,BMDtUmz,BMDtUmz
Jedi Wagner, assuma o comando!