[vazia]
Toque! Toque, Dijê!
RwIrOjfy
RwIrOjfy
Toque! Toque, Dijê!
[vazia]
[vazia]
RwIrOjfy
RwIrOjfy
RwIrOjfy,RwIrOjfy,RwIrOjfy
RwIrOjfy
RwIrOjfy
RwIrOjfy
RwIrOjfy,RwIrOjfy
RwIrOjfy
RwIrOjfy
RwIrOjfy,RwIrOjfy,RwIrOjfy
RwIrOjfy,RwIrOjfy
RwIrOjfy
RwIrOjfy
RwIrOjfy,RwIrOjfy
RwIrOjfy
RwIrOjfy
RwIrOjfy,RwIrOjfy,RwIrOjfy
RwIrOjfy
RwIrOjfy,RwIrOjfy,RwIrOjfy
RwIrOjfy,RwIrOjfy,RwIrOjfy
RwIrOjfy,RwIrOjfy,RwIrOjfy,RwIrOjfy
RwIrOjfy
RwIrOjfy,RwIrOjfy,RwIrOjfy,RwIrOjfy,RwIrOjfy
RwIrOjfy
RwIrOjfy,RwIrOjfy,RwIrOjfy,RwIrOjfy,RwIrOjfy
RwIrOjfy
RwIrOjfy,RwIrOjfy,RwIrOjfy,RwIrOjfy,RwIrOjfy,RwIrOjfy
RwIrOjfy,RwIrOjfy,RwIrOjfy,RwIrOjfy
RwIrOjfy
RwIrOjfy
RwIrOjfy,RwIrOjfy,RwIrOjfy,RwIrOjfy,RwIrOjfy
RwIrOjfy,RwIrOjfy,RwIrOjfy,RwIrOjfy,RwIrOjfy,RwIrOjfy
RwIrOjfy,RwIrOjfy,RwIrOjfy,RwIrOjfy,RwIrOjfy
RwIrOjfy
RwIrOjfy,RwIrOjfy,RwIrOjfy,RwIrOjfy,RwIrOjfy
RwIrOjfy
RwIrOjfy
RwIrOjfy,RwIrOjfy,RwIrOjfy,RwIrOjfy,RwIrOjfy,RwIrOjfy
RwIrOjfy
RwIrOjfy,RwIrOjfy,RwIrOjfy,RwIrOjfy,RwIrOjfy,RwIrOjfy,RwIrOjfy,RwIrOjfy
RwIrOjfy,RwIrOjfy,RwIrOjfy,RwIrOjfy,RwIrOjfy,RwIrOjfy,RwIrOjfy,RwIrOjfy
RwIrOjfy
RwIrOjfy
RwIrOjfy,RwIrOjfy,RwIrOjfy,RwIrOjfy,RwIrOjfy,RwIrOjfy,RwIrOjfy,RwIrOjfy
RwIrOjfy
RwIrOjfy,RwIrOjfy,RwIrOjfy,RwIrOjfy,RwIrOjfy,RwIrOjfy,RwIrOjfy,RwIrOjfy,RwIrOjfy
RwIrOjfy,RwIrOjfy,RwIrOjfy,RwIrOjfy,RwIrOjfy,RwIrOjfy,RwIrOjfy,RwIrOjfy,RwIrOjfy
RwIrOjfy,RwIrOjfy,RwIrOjfy,RwIrOjfy,RwIrOjfy,RwIrOjfy,RwIrOjfy,RwIrOjfy,RwIrOjfy
RwIrOjfy
RwIrOjfy
RwIrOjfy,RwIrOjfy,RwIrOjfy,RwIrOjfy,RwIrOjfy,RwIrOjfy,RwIrOjfy,RwIrOjfy
RwIrOjfy,RwIrOjfy,RwIrOjfy,RwIrOjfy,RwIrOjfy,RwIrOjfy,RwIrOjfy,RwIrOjfy,RwIrOjfy
RwIrOjfy,RwIrOjfy,RwIrOjfy,RwIrOjfy,RwIrOjfy
RwIrOjfy,RwIrOjfy,RwIrOjfy,RwIrOjfy
RwIrOjfy,RwIrOjfy,RwIrOjfy,RwIrOjfy
RwIrOjfy
RwIrOjfy,RwIrOjfy,RwIrOjfy,RwIrOjfy,RwIrOjfy,RwIrOjfy
RwIrOjfy
RwIrOjfy,RwIrOjfy,RwIrOjfy,RwIrOjfy,RwIrOjfy
RwIrOjfy
RwIrOjfy,RwIrOjfy,RwIrOjfy,RwIrOjfy,RwIrOjfy
RwIrOjfy
RwIrOjfy,RwIrOjfy,RwIrOjfy,RwIrOjfy,RwIrOjfy
RwIrOjfy,RwIrOjfy,RwIrOjfy
RwIrOjfy
RwIrOjfy
RwIrOjfy,RwIrOjfy,RwIrOjfy,RwIrOjfy,RwIrOjfy
RwIrOjfy
RwIrOjfy,RwIrOjfy,RwIrOjfy,RwIrOjfy,RwIrOjfy
RwIrOjfy,RwIrOjfy,RwIrOjfy,RwIrOjfy
RwIrOjfy,RwIrOjfy,RwIrOjfy,RwIrOjfy,RwIrOjfy
RwIrOjfy
RwIrOjfy
RwIrOjfy
RwIrOjfy,RwIrOjfy,RwIrOjfy,RwIrOjfy,RwIrOjfy,RwIrOjfy,RwIrOjfy
RwIrOjfy,RwIrOjfy,RwIrOjfy,RwIrOjfy,RwIrOjfy,RwIrOjfy,RwIrOjfy
RwIrOjfy
RwIrOjfy,RwIrOjfy,RwIrOjfy,RwIrOjfy,RwIrOjfy,RwIrOjfy
RwIrOjfy
RwIrOjfy,RwIrOjfy,RwIrOjfy,RwIrOjfy,RwIrOjfy,RwIrOjfy
RwIrOjfy,RwIrOjfy,RwIrOjfy,RwIrOjfy,RwIrOjfy,RwIrOjfy,RwIrOjfy
RwIrOjfy,RwIrOjfy,RwIrOjfy,RwIrOjfy,RwIrOjfy,RwIrOjfy,RwIrOjfy
RwIrOjfy,RwIrOjfy,RwIrOjfy,RwIrOjfy,RwIrOjfy,RwIrOjfy,RwIrOjfy
RwIrOjfy,RwIrOjfy,RwIrOjfy,RwIrOjfy,RwIrOjfy,RwIrOjfy,RwIrOjfy,RwIrOjfy
RwIrOjfy
RwIrOjfy
RwIrOjfy
RwIrOjfy,RwIrOjfy,RwIrOjfy,RwIrOjfy,RwIrOjfy,RwIrOjfy,RwIrOjfy,RwIrOjfy,RwIrOjfy,RwIrOjfy
RwIrOjfy
RwIrOjfy
RwIrOjfy
RwIrOjfy,RwIrOjfy,RwIrOjfy,RwIrOjfy,RwIrOjfy,RwIrOjfy,RwIrOjfy,RwIrOjfy,RwIrOjfy,RwIrOjfy
RwIrOjfy
RwIrOjfy
RwIrOjfy,RwIrOjfy,RwIrOjfy,RwIrOjfy,RwIrOjfy,RwIrOjfy,RwIrOjfy,RwIrOjfy,RwIrOjfy
RwIrOjfy,RwIrOjfy,RwIrOjfy,RwIrOjfy,RwIrOjfy,RwIrOjfy,RwIrOjfy,RwIrOjfy,RwIrOjfy
RwIrOjfy,RwIrOjfy,RwIrOjfy,RwIrOjfy,RwIrOjfy,RwIrOjfy,RwIrOjfy,RwIrOjfy,RwIrOjfy,RwIrOjfy
RwIrOjfy
RwIrOjfy
RwIrOjfy
RwIrOjfy
RwIrOjfy,RwIrOjfy,RwIrOjfy,RwIrOjfy,RwIrOjfy,RwIrOjfy,RwIrOjfy,RwIrOjfy,RwIrOjfy
RwIrOjfy,RwIrOjfy,RwIrOjfy,RwIrOjfy,RwIrOjfy,RwIrOjfy,RwIrOjfy,RwIrOjfy
RwIrOjfy
RwIrOjfy
RwIrOjfy,RwIrOjfy,RwIrOjfy,RwIrOjfy,RwIrOjfy
RwIrOjfy,RwIrOjfy,RwIrOjfy,RwIrOjfy,RwIrOjfy,RwIrOjfy,RwIrOjfy,RwIrOjfy,RwIrOjfy,RwIrOjfy
RwIrOjfy,RwIrOjfy,RwIrOjfy,RwIrOjfy,RwIrOjfy,RwIrOjfy,RwIrOjfy,RwIrOjfy,RwIrOjfy,RwIrOjfy,RwIrOjfy
RwIrOjfy
RwIrOjfy
RwIrOjfy
RwIrOjfy
RwIrOjfy
RwIrOjfy,RwIrOjfy,RwIrOjfy,RwIrOjfy,RwIrOjfy,RwIrOjfy,RwIrOjfy,RwIrOjfy,RwIrOjfy,RwIrOjfy,RwIrOjfy
RwIrOjfy
RwIrOjfy,RwIrOjfy,RwIrOjfy,RwIrOjfy,RwIrOjfy,RwIrOjfy,RwIrOjfy,RwIrOjfy,RwIrOjfy,RwIrOjfy,RwIrOjfy
RwIrOjfy
RwIrOjfy,RwIrOjfy,RwIrOjfy,RwIrOjfy,RwIrOjfy,RwIrOjfy,RwIrOjfy,RwIrOjfy,RwIrOjfy
RwIrOjfy
RwIrOjfy,RwIrOjfy,RwIrOjfy,RwIrOjfy,RwIrOjfy,RwIrOjfy,RwIrOjfy,RwIrOjfy,RwIrOjfy
RwIrOjfy,RwIrOjfy,RwIrOjfy,RwIrOjfy,RwIrOjfy,RwIrOjfy,RwIrOjfy,RwIrOjfy
RwIrOjfy,RwIrOjfy,RwIrOjfy,RwIrOjfy,RwIrOjfy,RwIrOjfy,RwIrOjfy,RwIrOjfy
RwIrOjfy,RwIrOjfy,RwIrOjfy,RwIrOjfy,RwIrOjfy,RwIrOjfy,RwIrOjfy,RwIrOjfy
RwIrOjfy,RwIrOjfy,RwIrOjfy,RwIrOjfy,RwIrOjfy,RwIrOjfy,RwIrOjfy,RwIrOjfy
RwIrOjfy,RwIrOjfy,RwIrOjfy,RwIrOjfy,RwIrOjfy,RwIrOjfy,RwIrOjfy,RwIrOjfy
RwIrOjfy,RwIrOjfy,RwIrOjfy,RwIrOjfy,RwIrOjfy,RwIrOjfy,RwIrOjfy,RwIrOjfy
RwIrOjfy,RwIrOjfy,RwIrOjfy,RwIrOjfy,RwIrOjfy,RwIrOjfy,RwIrOjfy,RwIrOjfy
RwIrOjfy
RwIrOjfy
RwIrOjfy,RwIrOjfy,RwIrOjfy,RwIrOjfy,RwIrOjfy,RwIrOjfy,RwIrOjfy,RwIrOjfy
RwIrOjfy
RwIrOjfy,RwIrOjfy,RwIrOjfy,RwIrOjfy,RwIrOjfy,RwIrOjfy,RwIrOjfy,RwIrOjfy
RwIrOjfy
RwIrOjfy,RwIrOjfy,RwIrOjfy,RwIrOjfy,RwIrOjfy,RwIrOjfy,RwIrOjfy,RwIrOjfy,RwIrOjfy
RwIrOjfy,RwIrOjfy,RwIrOjfy,RwIrOjfy,RwIrOjfy,RwIrOjfy,RwIrOjfy,RwIrOjfy
RwIrOjfy,RwIrOjfy,RwIrOjfy,RwIrOjfy,RwIrOjfy,RwIrOjfy,RwIrOjfy
RwIrOjfy,RwIrOjfy,RwIrOjfy,RwIrOjfy,RwIrOjfy,RwIrOjfy,RwIrOjfy
RwIrOjfy,RwIrOjfy,RwIrOjfy,RwIrOjfy,RwIrOjfy,RwIrOjfy,RwIrOjfy
Jedi Wagner, assuma o comando!