Toque! Toque, Dijê!
[vazia]
Toque! Toque, Dijê!
bTGKBZref
Toque! Toque, Dijê!
[vazia]
[vazia]
Toque! Toque, Dijê!
[vazia]
[vazia]
cLeDkYvMHu
cLeDkYvMHu
cLeDkYvMHu
cLeDkYvMHu
cLeDkYvMHu
cLeDkYvMHu
cLeDkYvMHu
cLeDkYvMHu
cLeDkYvMHu,cLeDkYvMHu,cLeDkYvMHu,bTGKBZref,Kk
cLeDkYvMHu,cLeDkYvMHu,cLeDkYvMHu,bTGKBZref,Kk,SAkk
cLeDkYvMHu,cLeDkYvMHu,cLeDkYvMHu,bTGKBZref,Kk,SAkk
cLeDkYvMHu,SAkk,cLeDkYvMHu,cLeDkYvMHu,bTGKBZref,Kk
cLeDkYvMHu,cLeDkYvMHu
cLeDkYvMHu,cLeDkYvMHu
cLeDkYvMHu,cLeDkYvMHu
cLeDkYvMHu
cLeDkYvMHu,cLeDkYvMHu
cLeDkYvMHu,cLeDkYvMHu
cLeDkYvMHu,cLeDkYvMHu
cLeDkYvMHu,cLeDkYvMHu
cLeDkYvMHu,cLeDkYvMHu,pcTLXKUH
cLeDkYvMHu
cLeDkYvMHu,cLeDkYvMHu,pcTLXKUH
cLeDkYvMHu,cLeDkYvMHu,pcTLXKUH
cLeDkYvMHu,pcTLXKUH
cLeDkYvMHu,pcTLXKUH
cLeDkYvMHu
cLeDkYvMHu
cLeDkYvMHu,cLeDkYvMHu,cLeDkYvMHu,KBVewOXy,Kk,pcTLXKUH,bTGKBZref
cLeDkYvMHu,bTGKBZref,cLeDkYvMHu,cLeDkYvMHu,KBVewOXy,Kk,pcTLXKUH
bTGKBZref
cLeDkYvMHu,cLeDkYvMHu,cLeDkYvMHu,KBVewOXy,pcTLXKUH,bTGKBZref,SAkk
cLeDkYvMHu
cLeDkYvMHu
cLeDkYvMHu,cLeDkYvMHu,cLeDkYvMHu,KBVewOXy,pcTLXKUH,bTGKBZref,SAkk
cLeDkYvMHu,cLeDkYvMHu,KBVewOXy,cLeDkYvMHu,pcTLXKUH,bTGKBZref,SAkk,cLeDkYvMHu
cLeDkYvMHu
cLeDkYvMHu
cLeDkYvMHu
cLeDkYvMHu
cLeDkYvMHu,cLeDkYvMHu,KBVewOXy,cLeDkYvMHu,pcTLXKUH,bTGKBZref,SAkk,cLeDkYvMHu,cLeDkYvMHu
cLeDkYvMHu
cLeDkYvMHu,cLeDkYvMHu,cLeDkYvMHu,KBVewOXy,SAkk,pcTLXKUH,bTGKBZref,cLeDkYvMHu,KBVewOXy
cLeDkYvMHu,cLeDkYvMHu,cLeDkYvMHu,KBVewOXy,SAkk,pcTLXKUH,bTGKBZref,cLeDkYvMHu,KBVewOXy
SAkk
cLeDkYvMHu,cLeDkYvMHu,cLeDkYvMHu,KBVewOXy,SAkk,pcTLXKUH,bTGKBZref,cLeDkYvMHu,KBVewOXy
cLeDkYvMHu,cLeDkYvMHu,cLeDkYvMHu,KBVewOXy,SAkk,pcTLXKUH,cLeDkYvMHu,KBVewOXy,pcTLXKUH
cLeDkYvMHu,cLeDkYvMHu,cLeDkYvMHu,KBVewOXy,SAkk,pcTLXKUH,cLeDkYvMHu,pcTLXKUH
cLeDkYvMHu,cLeDkYvMHu,cLeDkYvMHu,SAkk,KBVewOXy,pcTLXKUH,cLeDkYvMHu,pcTLXKUH
Kk
cLeDkYvMHu,cLeDkYvMHu,cLeDkYvMHu,Kk,SAkk,KBVewOXy,pcTLXKUH,cLeDkYvMHu,pcTLXKUH
Jedi Wagner, assuma o comando!