[vazia]
Toque! Toque, Dijê!
Toque! Toque, Dijê!
[vazia]
UV
UV
UV,fIQP
UV
fIQP
fIQP
fIQP,h,h,mItt
fIQP,h,h,mItt,MwUV,mItt
fIQP
fIQP,h,h,MwUV,mItt,mItt
fIQP
fIQP,h,h,MwUV,mItt,mItt
fIQP,h,h,MwUV,mItt,mItt
fIQP
gyCVHyECmp
Toque! Toque, Dijê!
[vazia]
[vazia]
[vazia]
fIQP
fIQP
[vazia]
Toque! Toque, Dijê!
[vazia]
Toque! Toque, Dijê!
[vazia]
Toque! Toque, Dijê!
Toque! Toque, Dijê!
Toque! Toque, Dijê!
Toque! Toque, Dijê!
[vazia]
h,Klrduxh
h
h
h,Klrduxh
h
h,Klrduxh
h,Klrduxh
h,Klrduxh
h,Klrduxh
h,Klrduxh
Klrduxh
h,Klrduxh,MwUV
Klrduxh
Klrduxh
Klrduxh
h,Klrduxh
h,Klrduxh
h,Klrduxh
Klrduxh
h,Klrduxh,UV,gyCVHyECmp,UV
Klrduxh
h,Klrduxh
Klrduxh
Klrduxh
h,Klrduxh,h,oGB
h,Klrduxh,h,oGB
oGB
oGB
Klrduxh
h,Klrduxh,oGB
Klrduxh
h,oGB,UV
h,oGB,UV
oGB
oGB
h,Klrduxh
Klrduxh
Klrduxh
h,Klrduxh
Klrduxh
Klrduxh
Klrduxh
Klrduxh,Klrduxh
Klrduxh
Klrduxh
Klrduxh
Klrduxh
Klrduxh
Klrduxh
Klrduxh
[vazia]
[vazia]
Klrduxh
gyCVHyECmp
Klrduxh,gyCVHyECmp,UV
gyCVHyECmp
gyCVHyECmp
Klrduxh,gyCVHyECmp,UV,h
UV
UV
gyCVHyECmp,UV,h,Klrduxh,UV,MwUV,Klrduxh
h
h
gyCVHyECmp,oGB,h,UV,Klrduxh,UV,MwUV,Klrduxh,MwUV,fIQP
h
h
gyCVHyECmp,Klrduxh,UV,h,Klrduxh,UV,MwUV
gyCVHyECmp,Klrduxh,UV,h,Klrduxh,UV,MwUV
gyCVHyECmp,Klrduxh,UV,Klrduxh,UV,MwUV,UV
gyCVHyECmp,Klrduxh,UV,Klrduxh,UV,MwUV,UV
Klrduxh
gyCVHyECmp,Klrduxh,UV,Klrduxh,UV,MwUV,UV
gyCVHyECmp,Klrduxh,UV,UV,MwUV,UV
gyCVHyECmp,Klrduxh,UV,UV,MwUV,UV
UV
gyCVHyECmp,Klrduxh,UV,UV,MwUV,UV
gyCVHyECmp,Klrduxh,UV,UV,MwUV,UV,mItt
UV
UV
gyCVHyECmp,Klrduxh,UV,h,Klrduxh,UV,MwUV
Klrduxh
Klrduxh
Klrduxh,UV,h,Klrduxh,gyCVHyECmp,UV,Klrduxh,MwUV
gyCVHyECmp
Klrduxh,UV,Klrduxh,gyCVHyECmp,UV,Klrduxh,MwUV
Klrduxh,UV,Klrduxh,gyCVHyECmp,UV,Klrduxh,MwUV,mItt
UV,Klrduxh,gyCVHyECmp,UV,Klrduxh,MwUV,mItt,h,h
UV,Klrduxh,gyCVHyECmp,UV,Klrduxh,MwUV,mItt,h,h
UV,Klrduxh,gyCVHyECmp,UV,Klrduxh,MwUV,mItt,h,h,oGB
mItt
Klrduxh,gyCVHyECmp,mItt,UV,UV,Klrduxh,MwUV,h
UV,Klrduxh,gyCVHyECmp,mItt,h,UV,Klrduxh,MwUV,h,UV
UV,Klrduxh,gyCVHyECmp,mItt,h,UV,Klrduxh,MwUV,h,UV
UV,Klrduxh,gyCVHyECmp,mItt,h,UV,Klrduxh,MwUV,h,UV
UV
UV
UV,UV,Klrduxh,h,UV,UV
UV
gyCVHyECmp,mItt,h,UV,UV,Klrduxh,h,UV,h,MwUV,MwUV
UV
gyCVHyECmp,h,UV,UV,Klrduxh,MwUV,h,UV,h,MwUV,MwUV,oGB
UV
gyCVHyECmp,mItt,h,UV,UV,MwUV,h,UV
UV
gyCVHyECmp,mItt,h,UV,UV,MwUV,h,UV,Klrduxh
gyCVHyECmp,mItt,h,UV,UV,MwUV,h,UV,Klrduxh,Klrduxh
gyCVHyECmp,mItt,h,UV,UV,MwUV,h,UV,Klrduxh,UV
gyCVHyECmp,mItt,h,UV,UV,h,UV,UV
gyCVHyECmp,mItt,h,UV,UV,h,UV,UV
UV
UV
UV
gyCVHyECmp,h,UV,mItt,UV,Klrduxh,MwUV,h,UV
h
h
Klrduxh
gyCVHyECmp,mItt,UV,UV,h,Klrduxh,MwUV,h,UV,oGB,fIQP,fIQP
gyCVHyECmp,mItt,UV,UV,h,Klrduxh,MwUV,h,UV,oGB,fIQP,fIQP
h
h
mItt,UV,UV,Klrduxh,h,gyCVHyECmp,MwUV,h,UV,oGB,fIQP
h
mItt,UV,UV,Klrduxh,h,gyCVHyECmp,MwUV,h,UV,oGB,fIQP
mItt,UV,UV,Klrduxh,h,gyCVHyECmp,MwUV,h,UV,oGB,fIQP
h
h
mItt,UV,UV,Klrduxh,h,oGB,gyCVHyECmp,MwUV,h,UV,fIQP,fIQP,Klrduxh
h
mItt,UV,UV,Klrduxh,h,gyCVHyECmp,MwUV,h,UV,fIQP,fIQP,Klrduxh
Klrduxh
Jedi Wagner, assuma o comando!