Toque! Toque, Dijê!
[vazia]
[vazia]
[vazia]
[vazia]
[vazia]
[vazia]
Toque! Toque, Dijê!
[vazia]
[vazia]
uwbqPl
[vazia]
Toque! Toque, Dijê!
[vazia]
Toque! Toque, Dijê!
Toque! Toque, Dijê!
[vazia]
Toque! Toque, Dijê!
[vazia]
Toque! Toque, Dijê!
Toque! Toque, Dijê!
Toque! Toque, Dijê!
qAJJxN
qAJJxN
qAJJxN
qAJJxN
qAJJxN
qAJJxN
qAJJxN,eXy
qAJJxN,eXy,eXy
qAJJxN,eXy,eXy
qAJJxN
qAJJxN
qAJJxN
Toque! Toque, Dijê!
[vazia]
pmlYenyMF
[vazia]
[vazia]
[vazia]
o
o
o
o
o
o,cmpFquxc
o
eXy,o,uwbqPl,cmpFquxc
eXy,o,uwbqPl,cmpFquxc
eXy,o,uwbqPl,cmpFquxc,cpkx
o
o
o,cmpFquxc,pmlYenyMF
o,cmpFquxc
cmpFquxc
cmpFquxc
cmpFquxc
o
o
o
o
bZijAYk
o,bZijAYk,eXy,pmlYenyMF,pmlYenyMF
bZijAYk
bZijAYk,ehWTfRC,cmpFquxc
ehWTfRC
ehWTfRC
ehWTfRC
ehWTfRC,cmpFquxc,pmlYenyMF
ehWTfRC,cmpFquxc,pmlYenyMF
ehWTfRC
cmpFquxc
bZijAYk,ehWTfRC,cmpFquxc,uwbqPl
cmpFquxc
cmpFquxc
bZijAYk,ehWTfRC,cmpFquxc,uwbqPl,uwbqPl,eXy,pmlYenyMF
bZijAYk,ehWTfRC,cmpFquxc
cmpFquxc
cmpFquxc
cmpFquxc
ehWTfRC
bZijAYk,ehWTfRC,cpkx,eXy,cmpFquxc
ehWTfRC,cpkx,eXy,bZijAYk,cmpFquxc
bZijAYk,ehWTfRC,cpkx,eXy,cmpFquxc
bZijAYk,ehWTfRC,cpkx,eXy,cmpFquxc
bZijAYk,ehWTfRC,cpkx,eXy,cmpFquxc,cpkx
bZijAYk,ehWTfRC,cpkx,eXy,cmpFquxc,cpkx
eXy
eXy
bZijAYk,ehWTfRC,cpkx,eXy,cmpFquxc
eXy
bZijAYk,ehWTfRC,cpkx,eXy,cmpFquxc
eXy
eXy
eXy
eXy
eXy
bZijAYk,ehWTfRC,cpkx,eXy,cmpFquxc,o
eXy
bZijAYk,ehWTfRC,cpkx,eXy,cmpFquxc
eXy
eXy
bZijAYk,ehWTfRC,eXy,cmpFquxc,o,qAJJxN,bZijAYk
eXy
bZijAYk,ehWTfRC,cpkx,eXy,cmpFquxc
bZijAYk,ehWTfRC,cpkx,eXy,cmpFquxc,eXy,cpkx
eXy
bZijAYk,cpkx,eXy,ehWTfRC,cmpFquxc,cmpFquxc
bZijAYk,cpkx,eXy,cmpFquxc,ehWTfRC,cmpFquxc
bZijAYk,cpkx,eXy,cmpFquxc,ehWTfRC,cmpFquxc
ehWTfRC
bZijAYk,cpkx,eXy,cmpFquxc,ehWTfRC,cmpFquxc
bZijAYk,cpkx,eXy,cmpFquxc,ehWTfRC,cmpFquxc
bZijAYk,cpkx,eXy,cmpFquxc,ehWTfRC,cmpFquxc,pmlYenyMF
bZijAYk,cpkx,eXy,cmpFquxc,ehWTfRC,cmpFquxc,pmlYenyMF
bZijAYk,cpkx,eXy,cmpFquxc,ehWTfRC,cmpFquxc,pmlYenyMF
Jedi Wagner, assuma o comando!