[vazia]
[vazia]
[vazia]
Toque! Toque, Dijê!
[vazia]
H
H
H,Vc,CXCd,H,YI
H
H
H
LIYVqiUJ
LIYVqiUJ,H,LIYVqiUJ
LIYVqiUJ,H,LIYVqiUJ
LIYVqiUJ
LIYVqiUJ,H,LIYVqiUJ
LIYVqiUJ
LIYVqiUJ
LIYVqiUJ
LIYVqiUJ
LIYVqiUJ
LIYVqiUJ,H,LIYVqiUJ,Vc
LIYVqiUJ
LIYVqiUJ,H,LIYVqiUJ,Vc
LIYVqiUJ,H,LIYVqiUJ,Vc
LIYVqiUJ
LIYVqiUJ
LIYVqiUJ,H,Vc,LIYVqiUJ,YI
LIYVqiUJ,H,Vc,LIYVqiUJ,YI,LIYVqiUJ
LIYVqiUJ,H,Vc,LIYVqiUJ,YI,LIYVqiUJ
LIYVqiUJ,H,Vc,LIYVqiUJ,YI,LIYVqiUJ
LIYVqiUJ,H,LIYVqiUJ,YI,LIYVqiUJ
LIYVqiUJ
LIYVqiUJ
H
H
H
LIYVqiUJ
LIYVqiUJ,H,LIYVqiUJ,YI,LIYVqiUJ,LIYVqiUJ,Vc,YI
YI
LIYVqiUJ
LIYVqiUJ,H,LIYVqiUJ,Vc
LIYVqiUJ
Vc
Vc
Vc
LIYVqiUJ,H,LIYVqiUJ,Vc,Vc,CXCd,YI
LIYVqiUJ,H,LIYVqiUJ,Vc,Vc,CXCd,YI
Vc
Vc
Vc
LIYVqiUJ,LIYVqiUJ,Vc,H,CXCd,YI
Vc
Vc
LIYVqiUJ,LIYVqiUJ,Vc,CXCd,YI
Vc
Vc
Vc
LIYVqiUJ,LIYVqiUJ,Vc,CXCd,YI
LIYVqiUJ,LIYVqiUJ,Vc,CXCd,YI
Vc
Vc
Vc
Vc
H
LIYVqiUJ,Vc,H,LIYVqiUJ
LIYVqiUJ,Vc,H,LIYVqiUJ
LIYVqiUJ,Vc,YI,H,LIYVqiUJ
H
Vc,YI,H,LIYVqiUJ
LIYVqiUJ
Vc
Vc
H,LIYVqiUJ,LIYVqiUJ,Vc,LIYVqiUJ
LIYVqiUJ
H,LIYVqiUJ,LIYVqiUJ,LIYVqiUJ,YI
LIYVqiUJ,LIYVqiUJ,LIYVqiUJ,YI,YI
YI
CXCd
CXCd
LIYVqiUJ,LIYVqiUJ,LIYVqiUJ,YI,YI,CXCd,H
CXCd
LIYVqiUJ,LIYVqiUJ,LIYVqiUJ,YI,YI,CXCd,H,H
LIYVqiUJ,LIYVqiUJ,LIYVqiUJ,YI,YI,CXCd,H,H
CXCd
CXCd
H
LIYVqiUJ,LIYVqiUJ,YI,CXCd,H,H,LIYVqiUJ,LIYVqiUJ,YI,YI
LIYVqiUJ,LIYVqiUJ,YI,CXCd,H,H,LIYVqiUJ,LIYVqiUJ,YI,YI,YI,YI,CXCd
H
LIYVqiUJ
LIYVqiUJ
LIYVqiUJ
H
YI
LIYVqiUJ,LIYVqiUJ,H,LIYVqiUJ,H,LIYVqiUJ,YI,CXCd,YI,YI,YI,CXCd
YI
H
H
LIYVqiUJ
YI
LIYVqiUJ,LIYVqiUJ,YI,LIYVqiUJ,CXCd,H,H,LIYVqiUJ,YI,YI,YI,CXCd,LIYVqiUJ,YI,Vc
CXCd
LIYVqiUJ,LIYVqiUJ,YI,LIYVqiUJ,CXCd,H,H,LIYVqiUJ,YI,YI,YI,CXCd,LIYVqiUJ,YI,Vc,Vc
LIYVqiUJ,LIYVqiUJ,YI,LIYVqiUJ,CXCd,H,H,LIYVqiUJ,YI,YI,YI,CXCd,LIYVqiUJ,YI,Vc,Vc
H
LIYVqiUJ,YI,LIYVqiUJ,CXCd,H,H,LIYVqiUJ,YI,YI,YI,CXCd,LIYVqiUJ,YI,Vc,Vc
LIYVqiUJ,LIYVqiUJ,YI,LIYVqiUJ,CXCd,H,Vc,H,LIYVqiUJ,YI,YI,YI,CXCd,LIYVqiUJ,YI,Vc
H
H
LIYVqiUJ,LIYVqiUJ,YI,LIYVqiUJ,CXCd,Vc,H,H,LIYVqiUJ,YI,YI,YI,CXCd,LIYVqiUJ,YI
LIYVqiUJ,LIYVqiUJ,YI,LIYVqiUJ,CXCd,H,H,LIYVqiUJ,YI,YI,YI,CXCd,LIYVqiUJ,YI,Vc
LIYVqiUJ,LIYVqiUJ,YI,LIYVqiUJ,H,H,LIYVqiUJ,YI,YI,YI,CXCd,LIYVqiUJ,YI,Vc,LIYVqiUJ
H
LIYVqiUJ,LIYVqiUJ,YI,LIYVqiUJ,H,H,LIYVqiUJ,YI,YI,YI,CXCd,LIYVqiUJ,YI,Vc,LIYVqiUJ
LIYVqiUJ,LIYVqiUJ,YI,LIYVqiUJ,H,H,LIYVqiUJ,YI,YI,YI,CXCd,LIYVqiUJ,YI,Vc,LIYVqiUJ
H
LIYVqiUJ,LIYVqiUJ,LIYVqiUJ,CXCd,H,H,Vc,YI,LIYVqiUJ,YI,YI,YI,CXCd,LIYVqiUJ,YI,LIYVqiUJ,CXCd
LIYVqiUJ,LIYVqiUJ,LIYVqiUJ,CXCd,H,H,Vc,YI,LIYVqiUJ,YI,YI,YI,CXCd,LIYVqiUJ,YI,LIYVqiUJ,CXCd
Vc
LIYVqiUJ
LIYVqiUJ,LIYVqiUJ,H,H,Vc,LIYVqiUJ,YI,LIYVqiUJ,YI,YI,YI,CXCd,LIYVqiUJ,YI,LIYVqiUJ,CXCd,LIYVqiUJ,CXCd
LIYVqiUJ
LIYVqiUJ,LIYVqiUJ,LIYVqiUJ,CXCd,H,H,Vc,YI,LIYVqiUJ,YI,YI,YI,CXCd,LIYVqiUJ,YI,LIYVqiUJ,CXCd
Vc
LIYVqiUJ,LIYVqiUJ,LIYVqiUJ,CXCd,Vc,H,YI,H,LIYVqiUJ,YI,YI,YI,CXCd,LIYVqiUJ,YI,LIYVqiUJ,CXCd
YI
CXCd
LIYVqiUJ,LIYVqiUJ,Vc,H,YI,LIYVqiUJ,CXCd,H,LIYVqiUJ,YI,YI,YI,CXCd,LIYVqiUJ,YI,LIYVqiUJ,CXCd,H
CXCd
CXCd
LIYVqiUJ,LIYVqiUJ,H,LIYVqiUJ,YI,CXCd,Vc,H,LIYVqiUJ,YI,YI,YI,CXCd,LIYVqiUJ,YI,LIYVqiUJ,CXCd,H,Vc,YI,Vc
Vc
YI
LIYVqiUJ
LIYVqiUJ
LIYVqiUJ,LIYVqiUJ,LIYVqiUJ,CXCd,H,H,Vc,YI,LIYVqiUJ,YI,YI,YI,CXCd,LIYVqiUJ,YI,LIYVqiUJ,CXCd,Vc
YI
H
LIYVqiUJ,LIYVqiUJ,LIYVqiUJ,CXCd,LIYVqiUJ,YI,H,YI,YI,CXCd,LIYVqiUJ,YI,LIYVqiUJ,CXCd,YI,LIYVqiUJ
LIYVqiUJ,LIYVqiUJ,LIYVqiUJ,LIYVqiUJ,YI,H,CXCd,YI,YI,CXCd,LIYVqiUJ,YI,LIYVqiUJ,CXCd,YI,LIYVqiUJ
CXCd
LIYVqiUJ,LIYVqiUJ,LIYVqiUJ,CXCd,H,H,Vc,YI,LIYVqiUJ,YI,YI,YI,CXCd,LIYVqiUJ,YI,LIYVqiUJ,CXCd
LIYVqiUJ,CXCd,H,H,Vc,LIYVqiUJ,YI,YI,YI,YI,CXCd,LIYVqiUJ,YI,LIYVqiUJ,CXCd,H
LIYVqiUJ,CXCd,H,H,Vc,LIYVqiUJ,YI,YI,YI,YI,CXCd,LIYVqiUJ,YI,LIYVqiUJ,CXCd,H
LIYVqiUJ,LIYVqiUJ,H,Vc,LIYVqiUJ,YI,YI,CXCd,LIYVqiUJ,YI,LIYVqiUJ,CXCd,H
LIYVqiUJ
LIYVqiUJ
LIYVqiUJ,LIYVqiUJ,LIYVqiUJ,CXCd,H,H,YI,LIYVqiUJ,Vc,YI,YI,YI,CXCd,LIYVqiUJ,YI,LIYVqiUJ,CXCd,H,YI
LIYVqiUJ,LIYVqiUJ,LIYVqiUJ,CXCd,H,H,YI,LIYVqiUJ,Vc,YI,YI,YI,CXCd,LIYVqiUJ,YI,LIYVqiUJ,CXCd,H,YI
LIYVqiUJ,LIYVqiUJ,LIYVqiUJ,CXCd,H,YI,LIYVqiUJ,Vc,H,YI,YI,YI,CXCd,LIYVqiUJ,YI,LIYVqiUJ,CXCd,H,YI,H
LIYVqiUJ,LIYVqiUJ,LIYVqiUJ,CXCd,H,YI,LIYVqiUJ,Vc,H,YI,YI,YI,CXCd,LIYVqiUJ,YI,LIYVqiUJ,CXCd,H,YI,H,LIYVqiUJ
LIYVqiUJ,LIYVqiUJ,CXCd,H,H,Vc,YI,LIYVqiUJ,LIYVqiUJ,YI,YI,YI,CXCd,LIYVqiUJ,YI,LIYVqiUJ,CXCd
LIYVqiUJ,CXCd,H,YI,LIYVqiUJ,Vc,LIYVqiUJ,LIYVqiUJ,YI,YI,YI,CXCd,LIYVqiUJ,YI,LIYVqiUJ,CXCd,CXCd,YI,CXCd,YI
LIYVqiUJ
LIYVqiUJ,CXCd,H,YI,LIYVqiUJ,Vc,LIYVqiUJ,LIYVqiUJ,YI,YI,YI,CXCd,LIYVqiUJ,YI,LIYVqiUJ,CXCd,CXCd,YI,CXCd,YI,Vc,CXCd
LIYVqiUJ,CXCd,YI,LIYVqiUJ,Vc,LIYVqiUJ,LIYVqiUJ,YI,YI,YI,CXCd,LIYVqiUJ,YI,LIYVqiUJ,CXCd,CXCd,YI,CXCd,YI,Vc,CXCd
LIYVqiUJ
LIYVqiUJ
LIYVqiUJ
H,H,Vc,YI,LIYVqiUJ,CXCd,LIYVqiUJ,LIYVqiUJ,YI,YI,YI,CXCd,LIYVqiUJ,YI,LIYVqiUJ,CXCd,LIYVqiUJ,LIYVqiUJ
LIYVqiUJ
H,Vc,YI,LIYVqiUJ,H,CXCd,LIYVqiUJ,LIYVqiUJ,YI,YI,YI,CXCd,LIYVqiUJ,YI,LIYVqiUJ,CXCd,LIYVqiUJ,LIYVqiUJ,LIYVqiUJ
LIYVqiUJ
LIYVqiUJ
H,Vc,YI,LIYVqiUJ,H,CXCd,LIYVqiUJ,LIYVqiUJ,YI,YI,YI,CXCd,LIYVqiUJ,YI,LIYVqiUJ,CXCd,LIYVqiUJ,LIYVqiUJ,LIYVqiUJ
LIYVqiUJ
H,H,YI,LIYVqiUJ,CXCd,LIYVqiUJ,LIYVqiUJ,YI,YI,YI,CXCd,LIYVqiUJ,YI,LIYVqiUJ,CXCd,LIYVqiUJ,LIYVqiUJ,LIYVqiUJ
H,H,YI,LIYVqiUJ,CXCd,LIYVqiUJ,LIYVqiUJ,YI,YI,YI,CXCd,LIYVqiUJ,YI,LIYVqiUJ,CXCd,LIYVqiUJ,LIYVqiUJ,LIYVqiUJ
LIYVqiUJ
H,H,YI,CXCd,LIYVqiUJ,LIYVqiUJ,YI,YI,YI,CXCd,LIYVqiUJ,YI,LIYVqiUJ,CXCd,LIYVqiUJ,LIYVqiUJ,LIYVqiUJ
H,YI,CXCd,LIYVqiUJ,LIYVqiUJ,YI,YI,YI,CXCd,LIYVqiUJ,YI,LIYVqiUJ,CXCd,LIYVqiUJ,LIYVqiUJ,LIYVqiUJ
YI
YI
YI
LIYVqiUJ,LIYVqiUJ,YI,YI,YI,YI,CXCd,LIYVqiUJ,YI,LIYVqiUJ,CXCd,LIYVqiUJ,LIYVqiUJ,LIYVqiUJ,Vc,YI,Vc
LIYVqiUJ
LIYVqiUJ,YI,LIYVqiUJ,YI,YI,YI,LIYVqiUJ,YI,LIYVqiUJ,CXCd,LIYVqiUJ,LIYVqiUJ,LIYVqiUJ,Vc,YI,Vc,YI
YI
YI
YI
YI
LIYVqiUJ,YI,LIYVqiUJ,YI,YI,YI,LIYVqiUJ,YI,LIYVqiUJ,LIYVqiUJ,LIYVqiUJ,LIYVqiUJ,YI,Vc,YI,H
LIYVqiUJ,YI,LIYVqiUJ,YI,YI,YI,LIYVqiUJ,YI,LIYVqiUJ,LIYVqiUJ,LIYVqiUJ,LIYVqiUJ,YI,Vc,YI
YI,LIYVqiUJ,YI,LIYVqiUJ,YI,YI,LIYVqiUJ,YI,LIYVqiUJ,LIYVqiUJ,LIYVqiUJ,LIYVqiUJ,YI,YI
LIYVqiUJ
LIYVqiUJ
LIYVqiUJ
LIYVqiUJ
YI,LIYVqiUJ,YI,LIYVqiUJ,YI,YI,LIYVqiUJ,YI,LIYVqiUJ,LIYVqiUJ,LIYVqiUJ,LIYVqiUJ,YI,YI
LIYVqiUJ
Jedi Wagner, assuma o comando!