hrxx
hrxx
hrxx
hrxx,hrxx
hrxx,hrxx,mSDRxllOPy,JcU
hrxx
hrxx
hrxx,hrxx
hrxx
hrxx
mSDRxllOPy
hrxx,mSDRxllOPy,hrxx,JcU
mSDRxllOPy
hrxx,hrxx,mSDRxllOPy,JcU
hrxx,hrxx,mSDRxllOPy,JcU
hrxx,hrxx,mSDRxllOPy,JcU
mSDRxllOPy
hrxx,JcU
hrxx,JcU
hrxx
hrxx
hrxx
hrxx,JcU,acQWv
hrxx,JcU
hrxx,JcU
hrxx,JcU
hrxx,JcU
hrxx,JcU
hrxx
hrxx
hrxx
hrxx,hrxx
hrxx
hrxx
hrxx,hrxx,mSDRxllOPy
mSDRxllOPy
mSDRxllOPy
mSDRxllOPy
mSDRxllOPy
hrxx,mSDRxllOPy,hrxx,mSDRxllOPy,acQWv,mSDRxllOPy,hrxx
hrxx,mSDRxllOPy,hrxx,mSDRxllOPy,acQWv,mSDRxllOPy,hrxx
hrxx
hrxx
hrxx
hrxx
hrxx
mSDRxllOPy,hrxx,hrxx,acQWv,mSDRxllOPy,hrxx,JcU,acQWv,hrxx,JcU
mSDRxllOPy,hrxx,hrxx,acQWv,mSDRxllOPy,hrxx,JcU,acQWv,hrxx,JcU
hrxx
hrxx,hrxx,JcU,mSDRxllOPy,mSDRxllOPy,acQWv,mSDRxllOPy,hrxx
hrxx
mSDRxllOPy,hrxx,mSDRxllOPy,acQWv,mSDRxllOPy,hrxx
hrxx
hrxx
mSDRxllOPy,hrxx,mSDRxllOPy,acQWv,mSDRxllOPy,hrxx
hrxx
hrxx
hrxx,hrxx,mSDRxllOPy,hrxx,hrxx,mSDRxllOPy,mSDRxllOPy
hrxx,hrxx,mSDRxllOPy,hrxx,hrxx,mSDRxllOPy,mSDRxllOPy
hrxx,hrxx,mSDRxllOPy,hrxx,hrxx,mSDRxllOPy,mSDRxllOPy
hrxx,hrxx,mSDRxllOPy,hrxx,hrxx,mSDRxllOPy,mSDRxllOPy
hrxx
hrxx,acQWv,hrxx,mSDRxllOPy,mSDRxllOPy,hrxx,hrxx,mSDRxllOPy
hrxx,acQWv,hrxx,mSDRxllOPy,mSDRxllOPy,hrxx,hrxx,mSDRxllOPy
hrxx
JcU
hrxx,JcU,mSDRxllOPy,mSDRxllOPy,hrxx,hrxx,mSDRxllOPy,mSDRxllOPy
JcU,hrxx,mSDRxllOPy,mSDRxllOPy,hrxx,hrxx,mSDRxllOPy,mSDRxllOPy
hrxx,mSDRxllOPy,mSDRxllOPy,hrxx,hrxx,mSDRxllOPy,JcU
JcU
hrxx,hrxx,hrxx,mSDRxllOPy,acQWv,acQWv,hrxx,mSDRxllOPy
hrxx
hrxx
hrxx,hrxx,hrxx,acQWv,acQWv,hrxx,mSDRxllOPy
hrxx,hrxx,hrxx,mSDRxllOPy,acQWv,acQWv,hrxx,mSDRxllOPy
hrxx,hrxx,hrxx,mSDRxllOPy,acQWv,acQWv,hrxx,mSDRxllOPy
hrxx
mSDRxllOPy
hrxx,hrxx,acQWv,mSDRxllOPy,acQWv,hrxx,mSDRxllOPy,mSDRxllOPy,JcU
hrxx,hrxx,acQWv,mSDRxllOPy,acQWv,hrxx,mSDRxllOPy,mSDRxllOPy,JcU
mSDRxllOPy
JcU
hrxx,hrxx,hrxx,JcU,mSDRxllOPy,acQWv,acQWv,hrxx,mSDRxllOPy,mSDRxllOPy
JcU
JcU
hrxx,hrxx,hrxx,acQWv,acQWv,hrxx,mSDRxllOPy,mSDRxllOPy
acQWv
hrxx,hrxx,hrxx,acQWv,acQWv,hrxx,mSDRxllOPy,mSDRxllOPy
hrxx,hrxx,hrxx,mSDRxllOPy,acQWv,acQWv,hrxx,mSDRxllOPy,mSDRxllOPy,JcU
hrxx,hrxx,hrxx,mSDRxllOPy,acQWv,acQWv,hrxx,mSDRxllOPy,mSDRxllOPy,JcU
acQWv
acQWv
hrxx,hrxx,hrxx,acQWv,acQWv,hrxx,mSDRxllOPy,mSDRxllOPy,JcU
hrxx,hrxx,hrxx,acQWv,acQWv,hrxx,mSDRxllOPy,mSDRxllOPy,JcU,acQWv
mSDRxllOPy
hrxx,hrxx,hrxx,acQWv,acQWv,hrxx,mSDRxllOPy,mSDRxllOPy,JcU,acQWv,JcU,hrxx
mSDRxllOPy
hrxx,hrxx,hrxx,acQWv,hrxx,mSDRxllOPy,mSDRxllOPy,JcU,acQWv,JcU,hrxx,hrxx,mSDRxllOPy
hrxx,hrxx,acQWv,hrxx,mSDRxllOPy,mSDRxllOPy,JcU,acQWv,JcU,hrxx,hrxx,mSDRxllOPy
hrxx,hrxx,hrxx,mSDRxllOPy,acQWv,JcU,mSDRxllOPy,acQWv,JcU,hrxx,hrxx,mSDRxllOPy,acQWv
mSDRxllOPy
acQWv
acQWv
JcU
hrxx,hrxx,hrxx,acQWv,acQWv,hrxx,mSDRxllOPy,JcU,acQWv,JcU,hrxx,acQWv
JcU
acQWv
hrxx,hrxx,hrxx,acQWv,hrxx,mSDRxllOPy,JcU,acQWv,acQWv,JcU,hrxx,acQWv
hrxx,hrxx,hrxx,hrxx,mSDRxllOPy,acQWv,acQWv,JcU,acQWv,JcU,hrxx,acQWv
JcU
mSDRxllOPy
mSDRxllOPy
mSDRxllOPy
hrxx,hrxx,hrxx,hrxx,acQWv,acQWv,JcU,mSDRxllOPy,acQWv,JcU,hrxx,acQWv
hrxx,hrxx,acQWv,hrxx,JcU,mSDRxllOPy,acQWv,JcU,hrxx,acQWv,JcU
hrxx,hrxx,acQWv,hrxx,JcU,mSDRxllOPy,acQWv,JcU,hrxx,acQWv,JcU
acQWv
hrxx
hrxx
hrxx,hrxx,acQWv,hrxx,JcU,mSDRxllOPy,acQWv,JcU,hrxx,acQWv,JcU,hrxx
hrxx
hrxx
hrxx
hrxx,JcU,JcU,hrxx,hrxx,acQWv,hrxx,acQWv,JcU
hrxx
hrxx,JcU,JcU,hrxx,hrxx,acQWv,hrxx,acQWv,JcU
hrxx
hrxx,JcU,JcU,hrxx,hrxx,acQWv,hrxx,acQWv,JcU,acQWv
hrxx
hrxx
hrxx,hrxx,acQWv,hrxx,JcU,mSDRxllOPy,acQWv,JcU,hrxx,acQWv,JcU
hrxx,hrxx,acQWv,hrxx,JcU,mSDRxllOPy,acQWv,JcU,hrxx,acQWv,JcU
hrxx,hrxx,acQWv,hrxx,JcU,mSDRxllOPy,acQWv,JcU,hrxx,acQWv,JcU,hrxx
hrxx
hrxx
hrxx,hrxx,acQWv,hrxx,mSDRxllOPy,acQWv,JcU,hrxx,JcU,acQWv,JcU
JcU
hrxx,hrxx,hrxx,mSDRxllOPy,acQWv,JcU,hrxx,JcU,acQWv,JcU
acQWv
hrxx,hrxx,acQWv,hrxx,JcU,mSDRxllOPy,acQWv,JcU,hrxx,acQWv,JcU,hrxx
hrxx,hrxx,acQWv,hrxx,JcU,mSDRxllOPy,acQWv,JcU,hrxx,acQWv,JcU,hrxx
JcU
JcU
JcU
hrxx,hrxx,acQWv,hrxx,JcU,mSDRxllOPy,acQWv,JcU,hrxx,acQWv,JcU,hrxx
JcU
JcU
JcU
JcU
hrxx,hrxx,acQWv,hrxx,mSDRxllOPy,acQWv,JcU,hrxx,acQWv,JcU,JcU,hrxx,acQWv,JcU
hrxx,hrxx,acQWv,hrxx,mSDRxllOPy,acQWv,JcU,hrxx,acQWv,JcU,JcU,hrxx,acQWv,JcU
hrxx,hrxx,acQWv,hrxx,mSDRxllOPy,acQWv,JcU,hrxx,acQWv,JcU,JcU,hrxx,acQWv,JcU
hrxx,hrxx,hrxx,JcU,mSDRxllOPy,acQWv,JcU,hrxx,acQWv,JcU,hrxx
JcU
acQWv,hrxx,hrxx,hrxx,JcU,acQWv,JcU,hrxx,acQWv,JcU,hrxx
JcU
JcU
JcU,hrxx,acQWv,hrxx,hrxx,acQWv,JcU,hrxx,acQWv,JcU,hrxx,JcU
JcU
JcU,acQWv,hrxx,hrxx,hrxx,acQWv,JcU,hrxx,acQWv,JcU,hrxx,JcU
JcU,acQWv,hrxx,hrxx,hrxx,acQWv,JcU,hrxx,acQWv,JcU,hrxx,JcU,mSDRxllOPy
acQWv
acQWv
acQWv
acQWv,hrxx,hrxx,hrxx,acQWv,JcU,hrxx,acQWv,JcU,hrxx,JcU,JcU
hrxx
hrxx
acQWv,hrxx,hrxx,hrxx,acQWv,JcU,hrxx,acQWv,JcU,hrxx,JcU,JcU,acQWv,hrxx
acQWv,hrxx,hrxx,hrxx,acQWv,JcU,hrxx,acQWv,JcU,hrxx,JcU,JcU,acQWv,hrxx
JcU,hrxx,hrxx,hrxx,acQWv,hrxx,acQWv,JcU,hrxx,JcU,JcU,acQWv,hrxx
hrxx
JcU,hrxx,hrxx,hrxx,hrxx,acQWv,JcU,hrxx,JcU,JcU,acQWv,hrxx
hrxx
acQWv
acQWv
acQWv
Jedi Wagner, assuma o comando!