[vazia]
Toque! Toque, Dijê!
[vazia]
yzYezvlV
yzYezvlV
yzYezvlV
[vazia]
DxTinU
[vazia]
KQxTqEwQ
KQxTqEwQ
KQxTqEwQ
KQxTqEwQ,SFmSxlP
xjvmiB
xjvmiB,yzYezvlV
yzYezvlV
xjvmiB,yzYezvlV,yzYezvlV,KQxTqEwQ
KQxTqEwQ
xjvmiB,yzYezvlV
xjvmiB,yzYezvlV,RCBLyZrMW,KQxTqEwQ,xjvmiB
yzYezvlV
xjvmiB,yzYezvlV,RCBLyZrMW,KQxTqEwQ,xjvmiB
RCBLyZrMW
RCBLyZrMW
RCBLyZrMW
xjvmiB,yzYezvlV,RCBLyZrMW,KQxTqEwQ,xjvmiB
RCBLyZrMW
RCBLyZrMW
xjvmiB,yzYezvlV,RCBLyZrMW,KQxTqEwQ,xjvmiB
xjvmiB,yzYezvlV,RCBLyZrMW,KQxTqEwQ,xjvmiB
xjvmiB,yzYezvlV,RCBLyZrMW,KQxTqEwQ,xjvmiB,RCBLyZrMW
xjvmiB,yzYezvlV,RCBLyZrMW,KQxTqEwQ,xjvmiB,RCBLyZrMW
xjvmiB,yzYezvlV,RCBLyZrMW,KQxTqEwQ,xjvmiB,RCBLyZrMW,yzYezvlV
xjvmiB,yzYezvlV,RCBLyZrMW,KQxTqEwQ,xjvmiB,RCBLyZrMW,yzYezvlV,v
xjvmiB,yzYezvlV,RCBLyZrMW,KQxTqEwQ,xjvmiB,RCBLyZrMW,yzYezvlV,v,DxTinU,yzYezvlV
xjvmiB
xjvmiB
xjvmiB
xjvmiB
xjvmiB,yzYezvlV,RCBLyZrMW,KQxTqEwQ,xjvmiB,RCBLyZrMW,yzYezvlV,RCBLyZrMW
xjvmiB,yzYezvlV,RCBLyZrMW,KQxTqEwQ,xjvmiB,RCBLyZrMW,yzYezvlV
xjvmiB
xjvmiB
xjvmiB
xjvmiB
xjvmiB,yzYezvlV,RCBLyZrMW,KQxTqEwQ,xjvmiB,RCBLyZrMW,yzYezvlV,SFmSxlP
xjvmiB
xjvmiB
xjvmiB,yzYezvlV,RCBLyZrMW,KQxTqEwQ,xjvmiB,RCBLyZrMW,yzYezvlV,SFmSxlP
xjvmiB
xjvmiB,yzYezvlV,RCBLyZrMW,KQxTqEwQ,xjvmiB,RCBLyZrMW,yzYezvlV
xjvmiB,yzYezvlV,RCBLyZrMW,KQxTqEwQ,xjvmiB,RCBLyZrMW,yzYezvlV,NUKyQvQ,KQxTqEwQ
xjvmiB,yzYezvlV,RCBLyZrMW,KQxTqEwQ,xjvmiB,RCBLyZrMW,yzYezvlV
xjvmiB,yzYezvlV,RCBLyZrMW,KQxTqEwQ,xjvmiB,RCBLyZrMW,yzYezvlV
RCBLyZrMW
RCBLyZrMW
xjvmiB,yzYezvlV,RCBLyZrMW,KQxTqEwQ,xjvmiB,RCBLyZrMW,yzYezvlV,SFmSxlP
xjvmiB,yzYezvlV,RCBLyZrMW,KQxTqEwQ,xjvmiB,RCBLyZrMW,yzYezvlV,SFmSxlP
RCBLyZrMW
xjvmiB,yzYezvlV,RCBLyZrMW,KQxTqEwQ,xjvmiB,RCBLyZrMW,yzYezvlV,SFmSxlP,DxTinU
xjvmiB,yzYezvlV,RCBLyZrMW,KQxTqEwQ,xjvmiB,RCBLyZrMW,yzYezvlV,SFmSxlP,DxTinU,THWP
xjvmiB,yzYezvlV,RCBLyZrMW,KQxTqEwQ,xjvmiB,RCBLyZrMW,THWP,yzYezvlV,DxTinU
THWP
xjvmiB,yzYezvlV,KQxTqEwQ,xjvmiB,RCBLyZrMW,THWP,yzYezvlV,DxTinU,DxTinU
THWP
THWP
xjvmiB,yzYezvlV,RCBLyZrMW,KQxTqEwQ,xjvmiB,RCBLyZrMW,THWP,yzYezvlV,SFmSxlP,DxTinU
THWP
xjvmiB,yzYezvlV,RCBLyZrMW,KQxTqEwQ,xjvmiB,RCBLyZrMW,THWP,yzYezvlV,SFmSxlP,DxTinU
xjvmiB,yzYezvlV,RCBLyZrMW,KQxTqEwQ,xjvmiB,RCBLyZrMW,THWP,yzYezvlV,SFmSxlP,DxTinU
yzYezvlV
xjvmiB,yzYezvlV,RCBLyZrMW,KQxTqEwQ,xjvmiB,RCBLyZrMW,THWP,yzYezvlV,SFmSxlP,DxTinU,yzYezvlV
SFmSxlP
DxTinU
xjvmiB,yzYezvlV,RCBLyZrMW,KQxTqEwQ,xjvmiB,RCBLyZrMW,THWP,yzYezvlV,SFmSxlP,DxTinU,yzYezvlV,NUKyQvQ
yzYezvlV
SFmSxlP
xjvmiB,yzYezvlV,RCBLyZrMW,xjvmiB,RCBLyZrMW,THWP,yzYezvlV,DxTinU,yzYezvlV,NUKyQvQ,THWP,RCBLyZrMW
yzYezvlV
yzYezvlV
xjvmiB,yzYezvlV,RCBLyZrMW,KQxTqEwQ,xjvmiB,RCBLyZrMW,THWP,yzYezvlV,SFmSxlP,DxTinU,yzYezvlV,NUKyQvQ,xjvmiB,yzYezvlV,SFmSxlP
yzYezvlV
yzYezvlV
xjvmiB,yzYezvlV,RCBLyZrMW,xjvmiB,RCBLyZrMW,yzYezvlV,SFmSxlP,yzYezvlV,THWP,DxTinU,KQxTqEwQ,NUKyQvQ,xjvmiB,yzYezvlV,SFmSxlP,KQxTqEwQ
DxTinU
xjvmiB,yzYezvlV,RCBLyZrMW,xjvmiB,RCBLyZrMW,yzYezvlV,SFmSxlP,yzYezvlV,THWP,DxTinU,NUKyQvQ,xjvmiB,yzYezvlV,SFmSxlP,KQxTqEwQ
xjvmiB,yzYezvlV,RCBLyZrMW,xjvmiB,RCBLyZrMW,yzYezvlV,SFmSxlP,yzYezvlV,THWP,DxTinU,NUKyQvQ,xjvmiB,yzYezvlV,SFmSxlP,KQxTqEwQ
DxTinU
DxTinU
DxTinU
DxTinU
xjvmiB,RCBLyZrMW,xjvmiB,RCBLyZrMW,yzYezvlV,SFmSxlP,yzYezvlV,THWP,DxTinU,NUKyQvQ,xjvmiB,yzYezvlV,SFmSxlP,KQxTqEwQ,NUKyQvQ
xjvmiB,RCBLyZrMW,xjvmiB,RCBLyZrMW,yzYezvlV,SFmSxlP,yzYezvlV,THWP,DxTinU,NUKyQvQ,xjvmiB,yzYezvlV,SFmSxlP,KQxTqEwQ,NUKyQvQ
NUKyQvQ
NUKyQvQ
xjvmiB,RCBLyZrMW,xjvmiB,RCBLyZrMW,yzYezvlV,SFmSxlP,yzYezvlV,THWP,DxTinU,NUKyQvQ,xjvmiB,yzYezvlV,SFmSxlP,KQxTqEwQ,NUKyQvQ
NUKyQvQ
xjvmiB,RCBLyZrMW,xjvmiB,RCBLyZrMW,yzYezvlV,SFmSxlP,yzYezvlV,THWP,DxTinU,NUKyQvQ,xjvmiB,yzYezvlV,SFmSxlP,KQxTqEwQ,NUKyQvQ
xjvmiB,RCBLyZrMW,xjvmiB,RCBLyZrMW,yzYezvlV,SFmSxlP,yzYezvlV,DxTinU,NUKyQvQ,THWP,xjvmiB,yzYezvlV,SFmSxlP,KQxTqEwQ,NUKyQvQ,NUKyQvQ
xjvmiB,RCBLyZrMW,xjvmiB,RCBLyZrMW,yzYezvlV,SFmSxlP,yzYezvlV,DxTinU,NUKyQvQ,THWP,xjvmiB,yzYezvlV,SFmSxlP,KQxTqEwQ,NUKyQvQ,NUKyQvQ
THWP
xjvmiB,RCBLyZrMW,xjvmiB,RCBLyZrMW,yzYezvlV,SFmSxlP,yzYezvlV,DxTinU,NUKyQvQ,THWP,xjvmiB,yzYezvlV,SFmSxlP,KQxTqEwQ,NUKyQvQ,NUKyQvQ
xjvmiB,RCBLyZrMW,xjvmiB,RCBLyZrMW,yzYezvlV,SFmSxlP,yzYezvlV,DxTinU,NUKyQvQ,THWP,xjvmiB,yzYezvlV,SFmSxlP,KQxTqEwQ,NUKyQvQ,NUKyQvQ
NUKyQvQ
NUKyQvQ
xjvmiB,RCBLyZrMW,xjvmiB,RCBLyZrMW,yzYezvlV,SFmSxlP,yzYezvlV,THWP,NUKyQvQ,xjvmiB,KQxTqEwQ,yzYezvlV,SFmSxlP,NUKyQvQ,yzYezvlV
xjvmiB
RCBLyZrMW,xjvmiB,RCBLyZrMW,yzYezvlV,yzYezvlV,NUKyQvQ,xjvmiB,xjvmiB,KQxTqEwQ,yzYezvlV,SFmSxlP,NUKyQvQ,yzYezvlV,yzYezvlV
KQxTqEwQ
yzYezvlV
SFmSxlP
RCBLyZrMW,RCBLyZrMW,yzYezvlV,yzYezvlV,NUKyQvQ,xjvmiB,xjvmiB,KQxTqEwQ,yzYezvlV,SFmSxlP,NUKyQvQ,yzYezvlV,yzYezvlV
SFmSxlP
yzYezvlV
RCBLyZrMW,NUKyQvQ,xjvmiB,xjvmiB,yzYezvlV,SFmSxlP,NUKyQvQ,yzYezvlV,yzYezvlV,yzYezvlV
yzYezvlV
RCBLyZrMW,NUKyQvQ,xjvmiB,xjvmiB,yzYezvlV,SFmSxlP,NUKyQvQ,yzYezvlV,yzYezvlV,yzYezvlV
RCBLyZrMW,NUKyQvQ,xjvmiB,xjvmiB,yzYezvlV,SFmSxlP,NUKyQvQ,yzYezvlV,yzYezvlV,yzYezvlV
yzYezvlV
RCBLyZrMW,NUKyQvQ,xjvmiB,xjvmiB,yzYezvlV,SFmSxlP,NUKyQvQ,yzYezvlV,yzYezvlV,yzYezvlV
yzYezvlV
RCBLyZrMW,NUKyQvQ,yzYezvlV,SFmSxlP,NUKyQvQ,yzYezvlV,yzYezvlV,xjvmiB,yzYezvlV
RCBLyZrMW,NUKyQvQ,yzYezvlV,SFmSxlP,NUKyQvQ,yzYezvlV,yzYezvlV,xjvmiB,yzYezvlV
RCBLyZrMW
SFmSxlP,NUKyQvQ,yzYezvlV,NUKyQvQ,yzYezvlV,yzYezvlV,xjvmiB,yzYezvlV
SFmSxlP
RCBLyZrMW,NUKyQvQ,yzYezvlV,SFmSxlP,NUKyQvQ,yzYezvlV,yzYezvlV,xjvmiB,yzYezvlV
RCBLyZrMW,NUKyQvQ,yzYezvlV,SFmSxlP,NUKyQvQ,yzYezvlV,yzYezvlV,xjvmiB,yzYezvlV
RCBLyZrMW,NUKyQvQ,yzYezvlV,NUKyQvQ,yzYezvlV,yzYezvlV,xjvmiB,yzYezvlV,SFmSxlP
yzYezvlV
yzYezvlV
RCBLyZrMW,NUKyQvQ,yzYezvlV,NUKyQvQ,yzYezvlV,v,yzYezvlV,xjvmiB,yzYezvlV,SFmSxlP,RCBLyZrMW
RCBLyZrMW,NUKyQvQ,yzYezvlV,NUKyQvQ,yzYezvlV,v,yzYezvlV,xjvmiB,yzYezvlV,SFmSxlP,RCBLyZrMW
RCBLyZrMW,NUKyQvQ,yzYezvlV,NUKyQvQ,yzYezvlV,v,yzYezvlV,xjvmiB,yzYezvlV,SFmSxlP,RCBLyZrMW
RCBLyZrMW,NUKyQvQ,yzYezvlV,NUKyQvQ,yzYezvlV,v,yzYezvlV,xjvmiB,yzYezvlV,SFmSxlP,RCBLyZrMW,v
xjvmiB
RCBLyZrMW,NUKyQvQ,yzYezvlV,NUKyQvQ,yzYezvlV,v,yzYezvlV,xjvmiB,yzYezvlV,SFmSxlP,RCBLyZrMW,v
RCBLyZrMW,NUKyQvQ,yzYezvlV,NUKyQvQ,yzYezvlV,v,yzYezvlV,xjvmiB,yzYezvlV,SFmSxlP,RCBLyZrMW,NUKyQvQ
xjvmiB
xjvmiB
xjvmiB
RCBLyZrMW,NUKyQvQ,yzYezvlV,NUKyQvQ,yzYezvlV,yzYezvlV,xjvmiB,v,yzYezvlV,SFmSxlP,RCBLyZrMW,THWP
RCBLyZrMW,NUKyQvQ,yzYezvlV,NUKyQvQ,yzYezvlV,v,yzYezvlV,xjvmiB,yzYezvlV,SFmSxlP,RCBLyZrMW
RCBLyZrMW,NUKyQvQ,yzYezvlV,NUKyQvQ,yzYezvlV,v,yzYezvlV,xjvmiB,yzYezvlV,SFmSxlP,RCBLyZrMW
xjvmiB
RCBLyZrMW,NUKyQvQ,yzYezvlV,NUKyQvQ,yzYezvlV,v,yzYezvlV,yzYezvlV,SFmSxlP,RCBLyZrMW,DxTinU
RCBLyZrMW,NUKyQvQ,yzYezvlV,NUKyQvQ,yzYezvlV,v,yzYezvlV,yzYezvlV,SFmSxlP,RCBLyZrMW,DxTinU
RCBLyZrMW,NUKyQvQ,yzYezvlV,NUKyQvQ,yzYezvlV,v,yzYezvlV,yzYezvlV,SFmSxlP,RCBLyZrMW,DxTinU
RCBLyZrMW,NUKyQvQ,yzYezvlV,NUKyQvQ,yzYezvlV,v,yzYezvlV,yzYezvlV,SFmSxlP,RCBLyZrMW,DxTinU
RCBLyZrMW,NUKyQvQ,yzYezvlV,NUKyQvQ,yzYezvlV,v,yzYezvlV,xjvmiB,yzYezvlV,SFmSxlP,RCBLyZrMW
v
v
RCBLyZrMW,NUKyQvQ,NUKyQvQ,yzYezvlV,xjvmiB,v,yzYezvlV,SFmSxlP,RCBLyZrMW,xjvmiB
RCBLyZrMW,NUKyQvQ,NUKyQvQ,yzYezvlV,xjvmiB,v,yzYezvlV,SFmSxlP,RCBLyZrMW,xjvmiB
RCBLyZrMW,NUKyQvQ,yzYezvlV,xjvmiB,v,yzYezvlV,SFmSxlP,NUKyQvQ,RCBLyZrMW,xjvmiB
RCBLyZrMW,NUKyQvQ,yzYezvlV,xjvmiB,v,yzYezvlV,SFmSxlP,NUKyQvQ,RCBLyZrMW,xjvmiB,RCBLyZrMW
yzYezvlV
yzYezvlV
RCBLyZrMW
RCBLyZrMW
RCBLyZrMW,NUKyQvQ,xjvmiB,v,yzYezvlV,SFmSxlP,yzYezvlV,NUKyQvQ,RCBLyZrMW,xjvmiB,RCBLyZrMW,NUKyQvQ,NUKyQvQ,KQxTqEwQ
RCBLyZrMW
RCBLyZrMW
RCBLyZrMW,NUKyQvQ,xjvmiB,yzYezvlV,SFmSxlP,yzYezvlV,NUKyQvQ,RCBLyZrMW,xjvmiB,RCBLyZrMW
RCBLyZrMW
RCBLyZrMW
RCBLyZrMW
RCBLyZrMW
RCBLyZrMW
RCBLyZrMW,NUKyQvQ,xjvmiB,v,yzYezvlV,SFmSxlP,yzYezvlV,NUKyQvQ,RCBLyZrMW,xjvmiB,RCBLyZrMW
RCBLyZrMW
RCBLyZrMW
RCBLyZrMW,NUKyQvQ,xjvmiB,v,SFmSxlP,yzYezvlV,NUKyQvQ,RCBLyZrMW,yzYezvlV,xjvmiB,RCBLyZrMW
RCBLyZrMW,NUKyQvQ,xjvmiB,v,SFmSxlP,yzYezvlV,NUKyQvQ,RCBLyZrMW,yzYezvlV,xjvmiB,RCBLyZrMW
xjvmiB
RCBLyZrMW,NUKyQvQ,xjvmiB,v,SFmSxlP,yzYezvlV,NUKyQvQ,RCBLyZrMW,yzYezvlV,xjvmiB,RCBLyZrMW
xjvmiB
xjvmiB
RCBLyZrMW,NUKyQvQ,xjvmiB,v,SFmSxlP,yzYezvlV,NUKyQvQ,RCBLyZrMW,yzYezvlV,xjvmiB,RCBLyZrMW
xjvmiB
xjvmiB
RCBLyZrMW,NUKyQvQ,xjvmiB,v,SFmSxlP,yzYezvlV,NUKyQvQ,RCBLyZrMW,yzYezvlV,xjvmiB,RCBLyZrMW
RCBLyZrMW,NUKyQvQ,xjvmiB,v,SFmSxlP,yzYezvlV,NUKyQvQ,RCBLyZrMW,yzYezvlV,xjvmiB,RCBLyZrMW
xjvmiB
xjvmiB
RCBLyZrMW,NUKyQvQ,xjvmiB,v,SFmSxlP,yzYezvlV,NUKyQvQ,RCBLyZrMW,yzYezvlV,xjvmiB,RCBLyZrMW
RCBLyZrMW,NUKyQvQ,xjvmiB,v,SFmSxlP,yzYezvlV,NUKyQvQ,RCBLyZrMW,yzYezvlV,xjvmiB,RCBLyZrMW
xjvmiB
RCBLyZrMW,NUKyQvQ,xjvmiB,v,SFmSxlP,yzYezvlV,NUKyQvQ,RCBLyZrMW,yzYezvlV,xjvmiB,RCBLyZrMW
xjvmiB
RCBLyZrMW,NUKyQvQ,xjvmiB,yzYezvlV,NUKyQvQ,RCBLyZrMW,yzYezvlV,xjvmiB,RCBLyZrMW,v,SFmSxlP,KQxTqEwQ
RCBLyZrMW,NUKyQvQ,xjvmiB,yzYezvlV,NUKyQvQ,RCBLyZrMW,yzYezvlV,xjvmiB,RCBLyZrMW,v,SFmSxlP,KQxTqEwQ
RCBLyZrMW
KQxTqEwQ
NUKyQvQ
NUKyQvQ,RCBLyZrMW,xjvmiB,yzYezvlV,NUKyQvQ,RCBLyZrMW,yzYezvlV,xjvmiB,RCBLyZrMW,SFmSxlP,KQxTqEwQ,RCBLyZrMW
xjvmiB
xjvmiB
xjvmiB
NUKyQvQ
RCBLyZrMW,xjvmiB,NUKyQvQ,yzYezvlV,NUKyQvQ,RCBLyZrMW,yzYezvlV,xjvmiB,RCBLyZrMW,SFmSxlP,KQxTqEwQ,RCBLyZrMW,KQxTqEwQ
RCBLyZrMW,xjvmiB,NUKyQvQ,yzYezvlV,NUKyQvQ,RCBLyZrMW,yzYezvlV,xjvmiB,RCBLyZrMW,SFmSxlP,KQxTqEwQ,RCBLyZrMW,KQxTqEwQ
SFmSxlP
SFmSxlP
NUKyQvQ
NUKyQvQ
RCBLyZrMW,xjvmiB,NUKyQvQ,yzYezvlV,NUKyQvQ,RCBLyZrMW,yzYezvlV,xjvmiB,RCBLyZrMW,SFmSxlP,KQxTqEwQ,RCBLyZrMW,KQxTqEwQ
NUKyQvQ
RCBLyZrMW,xjvmiB,NUKyQvQ,yzYezvlV,NUKyQvQ,RCBLyZrMW,yzYezvlV,xjvmiB,RCBLyZrMW,KQxTqEwQ,RCBLyZrMW,KQxTqEwQ,xjvmiB
NUKyQvQ
RCBLyZrMW,NUKyQvQ,yzYezvlV,NUKyQvQ,RCBLyZrMW,yzYezvlV,xjvmiB,RCBLyZrMW,RCBLyZrMW,KQxTqEwQ,xjvmiB,KQxTqEwQ,v
Jedi Wagner, assuma o comando!