[vazia]
[vazia]
noNvgVw
[vazia]
Toque! Toque, Dijê!
Toque! Toque, Dijê!
[vazia]
[vazia]
noNvgVw
noNvgVw
noNvgVw
noNvgVw,br,T
noNvgVw,br,T,VzBIw
T
T
noNvgVw
noNvgVw
br,T,noNvgVw,VzBIw,vIbYnN
VzBIw
br,VzBIw,T,N,vIbYnN
VzBIw,N,noNvgVw,vIbYnN,N,T
N
br,noNvgVw,VzBIw,vIbYnN,T,N
vIbYnN
br,noNvgVw,VzBIw,T,N,vIbYnN
br,noNvgVw,VzBIw,T,N,vIbYnN
br,noNvgVw,VzBIw,T,N
T
T
br,noNvgVw,VzBIw,T,N
br
br
br
N
noNvgVw,VzBIw,br,N
noNvgVw,VzBIw,br,N,T
br
br
br
noNvgVw,VzBIw,br,N,T,VzBIw
T
noNvgVw,VzBIw,br,N,T,VzBIw
T
T
br
noNvgVw,VzBIw,br,T,N,VzBIw
noNvgVw,VzBIw,br,T,N,VzBIw
noNvgVw,VzBIw,br,T,N,VzBIw
N
noNvgVw,VzBIw,br,N,T,VzBIw,noNvgVw
noNvgVw,br,N,T,VzBIw,VzBIw,noNvgVw
br,N,T,VzBIw,KyeolJ,noNvgVw,VzBIw,noNvgVw,T,KyeolJ
br,N,T,VzBIw,KyeolJ,noNvgVw,VzBIw,noNvgVw,T
noNvgVw
br,N,T,VzBIw,KyeolJ,noNvgVw,VzBIw,noNvgVw,T
noNvgVw
noNvgVw,br,N,T,VzBIw,VzBIw,noNvgVw,KyeolJ
VzBIw
noNvgVw,br,N,T,VzBIw,KyeolJ,VzBIw,noNvgVw,T,T,xnxLN,KyeolJ,N
noNvgVw,br,N,T,VzBIw,KyeolJ,VzBIw,noNvgVw,T,T,xnxLN,KyeolJ,N
VzBIw
noNvgVw
noNvgVw,br,N,T,VzBIw,VzBIw,noNvgVw,KyeolJ,noNvgVw,VzBIw,T,xnxLN
noNvgVw
br,N,T,VzBIw,VzBIw,noNvgVw,noNvgVw,KyeolJ,noNvgVw,VzBIw,T,xnxLN
noNvgVw
br,T,VzBIw,VzBIw,noNvgVw,noNvgVw,N,KyeolJ,noNvgVw,VzBIw,T,xnxLN
br,VzBIw,VzBIw,noNvgVw,noNvgVw,N,KyeolJ,T,noNvgVw,VzBIw,T,xnxLN
Jedi Wagner, assuma o comando!