gSMQ
[vazia]
Toque! Toque, Dijê!
Toque! Toque, Dijê!
Toque! Toque, Dijê!
Toque! Toque, Dijê!
Toque! Toque, Dijê!
[vazia]
KbLoRg
KbLoRg
KbLoRg,gSMQ,fbSYGSNR,KbLoRg,gSMQ,kJ,poDYT
Toque! Toque, Dijê!
[vazia]
[vazia]
kb
kb
[vazia]
kb
kb
kb
[vazia]
MMRbb
MMRbb
MMRbb,MMRbb
MMRbb
MMRbb,poDYT
MMRbb
fbSYGSNR
fbSYGSNR
MMRbb,poDYT,fbSYGSNR
MMRbb
MMRbb,poDYT,fbSYGSNR,KbLoRg
poDYT,fbSYGSNR,MMRbb,KbLoRg
fbSYGSNR
poDYT
poDYT
MMRbb,poDYT,fbSYGSNR,KbLoRg
MMRbb,poDYT,fbSYGSNR,KbLoRg
MMRbb,poDYT,fbSYGSNR,KbLoRg
fbSYGSNR
MMRbb,poDYT,fbSYGSNR,KbLoRg,KbLoRg,MMRbb
fbSYGSNR
MMRbb,poDYT,fbSYGSNR,KbLoRg,KbLoRg,MMRbb
MMRbb,poDYT,fbSYGSNR,KbLoRg,KbLoRg,MMRbb
MMRbb,fbSYGSNR,KbLoRg,KbLoRg,MMRbb,poDYT,KbLoRg
fbSYGSNR
fbSYGSNR
MMRbb,fbSYGSNR,KbLoRg,KbLoRg,MMRbb,poDYT,KbLoRg,MMN
MMRbb,fbSYGSNR,KbLoRg,KbLoRg,MMRbb,poDYT,KbLoRg,MMN
fbSYGSNR
MMRbb,fbSYGSNR,KbLoRg,KbLoRg,MMRbb,poDYT,KbLoRg
fbSYGSNR
MMRbb,fbSYGSNR,KbLoRg,KbLoRg,MMRbb,poDYT,KbLoRg,kJ
KbLoRg
KbLoRg
KbLoRg
MMRbb,fbSYGSNR,KbLoRg,KbLoRg,MMRbb,poDYT,KbLoRg,kJ,MMN,gSMQ,KbLoRg,kJ
MMRbb,fbSYGSNR,KbLoRg,KbLoRg,MMRbb,poDYT,KbLoRg,kJ,MMN,gSMQ,KbLoRg,kJ
MMRbb,fbSYGSNR,KbLoRg,KbLoRg,MMRbb,poDYT,KbLoRg,kJ,MMN,gSMQ,KbLoRg,kJ
MMRbb,fbSYGSNR,KbLoRg,KbLoRg,MMRbb,poDYT,KbLoRg,kJ,MMN,gSMQ,KbLoRg,kJ
MMRbb,fbSYGSNR,KbLoRg,KbLoRg,MMRbb,poDYT,KbLoRg,kJ,MMN,gSMQ,KbLoRg,kJ
MMRbb,fbSYGSNR,KbLoRg,KbLoRg,MMRbb,poDYT,KbLoRg,kJ,MMN,gSMQ,KbLoRg,kJ
poDYT
MMRbb,fbSYGSNR,KbLoRg,KbLoRg,MMRbb,poDYT,KbLoRg,kJ,MMN,gSMQ,KbLoRg,kJ
MMRbb,fbSYGSNR,KbLoRg,KbLoRg,MMRbb,poDYT,KbLoRg,kJ,MMN,gSMQ,KbLoRg,kJ
MMRbb,fbSYGSNR,KbLoRg,MMRbb,KbLoRg,KbLoRg,zJarUwEzp,kJ,MMN,gSMQ,KbLoRg,kJ,MMN,kb,poDYT
MMRbb,fbSYGSNR,KbLoRg,MMRbb,KbLoRg,KbLoRg,zJarUwEzp,kJ,MMN,gSMQ,KbLoRg,kJ,MMN,kb,poDYT
poDYT
MMRbb,fbSYGSNR,MMRbb,poDYT,KbLoRg,KbLoRg,kJ,KbLoRg,zJarUwEzp,MMN,gSMQ,KbLoRg,kJ,MMN,kb
MMRbb,fbSYGSNR,MMRbb,poDYT,KbLoRg,KbLoRg,kJ,KbLoRg,zJarUwEzp,gSMQ,KbLoRg,kJ,MMN,kb
fbSYGSNR,MMRbb,poDYT,KbLoRg,KbLoRg,kJ,KbLoRg,zJarUwEzp,gSMQ,KbLoRg,kJ,MMN,kb,kb
KbLoRg
fbSYGSNR,MMRbb,poDYT,KbLoRg,KbLoRg,kJ,KbLoRg,zJarUwEzp,gSMQ,KbLoRg,kJ,MMN,kb,kb
fbSYGSNR,MMRbb,poDYT,KbLoRg,KbLoRg,kJ,KbLoRg,zJarUwEzp,gSMQ,KbLoRg,kJ,MMN,kb,kb,poDYT
fbSYGSNR,MMRbb,poDYT,KbLoRg,KbLoRg,kJ,KbLoRg,zJarUwEzp,gSMQ,KbLoRg,kJ,MMN,kb,kb,poDYT,poDYT
fbSYGSNR,MMRbb,poDYT,KbLoRg,KbLoRg,kJ,KbLoRg,zJarUwEzp,gSMQ,KbLoRg,kJ,MMN,kb,kb,poDYT,poDYT
fbSYGSNR
MMRbb
poDYT,KbLoRg,KbLoRg,kb,MMRbb,fbSYGSNR,kJ,KbLoRg,gSMQ,KbLoRg,kJ,MMN,kb
poDYT,KbLoRg,KbLoRg,kb,MMRbb,fbSYGSNR,kJ,KbLoRg,gSMQ,KbLoRg,kJ,kb,kJ,KbLoRg
poDYT,KbLoRg,KbLoRg,kb,MMRbb,fbSYGSNR,kJ,KbLoRg,gSMQ,KbLoRg,kJ,kb,kJ,KbLoRg
MMRbb
poDYT,KbLoRg,KbLoRg,kb,MMRbb,kJ,KbLoRg,gSMQ,KbLoRg,kJ,kb,kJ,MMRbb
poDYT,KbLoRg,KbLoRg,kb,MMRbb,kJ,KbLoRg,gSMQ,KbLoRg,kJ,kb,kJ,MMRbb
MMRbb
poDYT,KbLoRg,KbLoRg,kb,MMRbb,kJ,KbLoRg,gSMQ,KbLoRg,kJ,kb,kJ,MMRbb
KbLoRg
fbSYGSNR,MMRbb,poDYT,KbLoRg,KbLoRg,KbLoRg,zJarUwEzp,gSMQ,KbLoRg,kJ,MMN,kb,kb
KbLoRg
fbSYGSNR,MMRbb,poDYT,KbLoRg,KbLoRg,KbLoRg,zJarUwEzp,gSMQ,KbLoRg,kJ,MMN,kb,kb,MMRbb
MMRbb,poDYT,KbLoRg,KbLoRg,KbLoRg,zJarUwEzp,gSMQ,KbLoRg,kJ,MMN,kb,kb,MMRbb
KbLoRg
KbLoRg
zJarUwEzp
MMRbb,poDYT,KbLoRg,KbLoRg,KbLoRg,zJarUwEzp,gSMQ,KbLoRg,kJ,MMN,kb,kb,MMRbb
MMRbb,KbLoRg,KbLoRg,KbLoRg,zJarUwEzp,gSMQ,KbLoRg,kJ,MMN,kb,kb,MMRbb,fbSYGSNR,zJarUwEzp
MMRbb,KbLoRg,KbLoRg,KbLoRg,zJarUwEzp,gSMQ,KbLoRg,kJ,MMN,kb,kb,MMRbb,fbSYGSNR,zJarUwEzp
KbLoRg
MMRbb,KbLoRg,KbLoRg,KbLoRg,kJ,KbLoRg,MMN,kb,kb,MMRbb,fbSYGSNR,zJarUwEzp
kJ
kJ
MMRbb,KbLoRg,KbLoRg,KbLoRg,fbSYGSNR,zJarUwEzp,KbLoRg,MMN,kb,kb,MMRbb,zJarUwEzp,MMRbb
MMRbb,KbLoRg,KbLoRg,KbLoRg,fbSYGSNR,zJarUwEzp,KbLoRg,MMN,kb,kb,MMRbb,zJarUwEzp,MMRbb
fbSYGSNR
MMRbb,KbLoRg,KbLoRg,KbLoRg,fbSYGSNR,zJarUwEzp,KbLoRg,MMN,kb,kb,MMRbb,zJarUwEzp,MMRbb
fbSYGSNR
MMRbb,KbLoRg,KbLoRg,KbLoRg,fbSYGSNR,zJarUwEzp,KbLoRg,MMN,kb,kb,MMRbb,zJarUwEzp,MMRbb,MMRbb,zJarUwEzp
MMRbb,KbLoRg,KbLoRg,KbLoRg,fbSYGSNR,zJarUwEzp,KbLoRg,MMN,kb,kb,MMRbb,zJarUwEzp,MMRbb,MMRbb,zJarUwEzp
fbSYGSNR
fbSYGSNR
MMRbb,KbLoRg,KbLoRg,KbLoRg,fbSYGSNR,zJarUwEzp,KbLoRg,MMN,kb,kb,MMRbb,zJarUwEzp,MMRbb,MMRbb,zJarUwEzp
fbSYGSNR
MMRbb,KbLoRg,KbLoRg,KbLoRg,fbSYGSNR,zJarUwEzp,KbLoRg,kb,kb,MMRbb,zJarUwEzp,MMRbb,MMRbb,zJarUwEzp
KbLoRg
Jedi Wagner, assuma o comando!