E
Toque! Toque, Dijê!
Toque! Toque, Dijê!
Toque! Toque, Dijê!
[vazia]
E
Toque! Toque, Dijê!
Toque! Toque, Dijê!
E
E,E
Toque! Toque, Dijê!
Toque! Toque, Dijê!
[vazia]
[vazia]
Toque! Toque, Dijê!
E
E
E
E
E,E
E
E
E
E
E
E,E
E
E
E
E
E
E
E
Toque! Toque, Dijê!
[vazia]
E
E
E
Toque! Toque, Dijê!
[vazia]
Toque! Toque, Dijê!
E,E,E
E
E
E
Toque! Toque, Dijê!
E
E
E
E
E
E
E,E
E
E
Toque! Toque, Dijê!
Toque! Toque, Dijê!
Toque! Toque, Dijê!
Toque! Toque, Dijê!
E
E
E
E
E
E
E
E
E
E
E
E
E
E
Toque! Toque, Dijê!
E
E
E
[vazia]
Toque! Toque, Dijê!
E
E
E
E
E
E
E
E
[vazia]
E
E
E
E
E
E
E
[vazia]
Toque! Toque, Dijê!
[vazia]
[vazia]
Toque! Toque, Dijê!
E
E
E
E
E
E
E
E
E
E
E
Toque! Toque, Dijê!
E
Toque! Toque, Dijê!
Toque! Toque, Dijê!
[vazia]
Toque! Toque, Dijê!
Toque! Toque, Dijê!
E
E,E
E,E
E
E
E,E
E
E
E,E
E
E,E
E,E
E
E,E,E
E
E,E
E
E
E
E
E
E
E,E
E
E
E,E,E,E
E
E,E,E,E,E
E
E
E
E
[vazia]
E
E
E
E
E
E
E,E,E
E
E,E,E
E
E
E,E,E,E
E
E,E,E,E
E
E
E,E,E,E
E
E
E
E,E
E,E
E,E,E,E
E
E
E
E,E,E
E,E,E,E
E,E,E,E
E
E
E
E
E
E
E
E
E,E,E,E
E,E,E,E
E,E,E,E
E,E,E,E
E,E,E
E
E
E,E,E,E
E,E,E,E
E
E,E,E,E,E,E,E,E
E
E,E,E,E,E
E
E
E,E,E,E
E
E
E,E,E,E,E,E
E
E,E,E,E,E
E,E,E,E,E,E
E,E,E,E
E
Jedi Wagner, assuma o comando!