Yaso
Yaso
Yaso,HRFZy
Yaso
Yaso,Yaso,nU
Yaso
Yaso,Yaso
Yaso
Yaso
Yaso
Yaso
nU
nU
Yaso,nU,Yaso,nU
Yaso
Yaso
bnAIrwWF
Yaso,nU,bnAIrwWF,Yaso,nU
Yaso,nU,bnAIrwWF,Yaso,nU
Yaso
Yaso
Yaso
Yaso,nU,Yaso,bnAIrwWF,nU,INtilr
Yaso,nU,bnAIrwWF,Yaso,nU
Yaso,nU,bnAIrwWF,Yaso,nU
nU
nU
nU
nU
bnAIrwWF
INtilr,nU,bnAIrwWF,nU,INtilr
bnAIrwWF
INtilr,nU,bnAIrwWF,INtilr,INtilr,bnAIrwWF
bnAIrwWF
INtilr
INtilr,nU,bnAIrwWF,nU,INtilr,INtilr,nU
INtilr,nU,bnAIrwWF,nU,INtilr,INtilr,nU
nU
INtilr
INtilr,nU,bnAIrwWF,nU,INtilr,INtilr,nU
INtilr
nU,bnAIrwWF,nU,INtilr,INtilr,nU,HRFZy,INtilr,nU,HRFZy
HRFZy
HRFZy
nU,nU,INtilr,nU,HRFZy,INtilr,nU,HRFZy
nU,nU,INtilr,nU,HRFZy,INtilr,nU,HRFZy
INtilr
bnAIrwWF
bnAIrwWF
INtilr
nU,nU,nU,INtilr,nU,bnAIrwWF,INtilr,HRFZy,nU
INtilr,nU,nU,nU,nU,HRFZy,bnAIrwWF,INtilr
INtilr
INtilr,nU,nU,nU,nU,HRFZy,bnAIrwWF,INtilr,HRFZy
INtilr
INtilr,bnAIrwWF,nU,nU,nU,nU,HRFZy,INtilr,HRFZy
INtilr
INtilr,bnAIrwWF,nU,nU,nU,nU,INtilr,HRFZy
nU
nU
nU
INtilr,bnAIrwWF,nU,nU,nU,nU,INtilr,HRFZy
nU
INtilr,bnAIrwWF,nU,nU,nU,nU,INtilr,HRFZy
INtilr,bnAIrwWF,HRFZy,nU,nU,nU,nU,INtilr,nU
nU
nU
nU
nU
HRFZy
HRFZy
INtilr,HRFZy,nU,nU,nU,INtilr,HRFZy
nU
nU
nU,nU,nU,INtilr,nU,INtilr,HRFZy
nU,nU,nU,INtilr,nU,INtilr,HRFZy
nU
INtilr,bnAIrwWF,nU,nU,nU,nU,INtilr,HRFZy
INtilr,bnAIrwWF,nU,nU,nU,nU,INtilr,HRFZy
INtilr,nU,bnAIrwWF,nU,nU,INtilr,HRFZy
INtilr,nU,bnAIrwWF,nU,nU,INtilr,HRFZy
nU
bnAIrwWF,nU,nU,INtilr,HRFZy,INtilr
bnAIrwWF,nU,nU,INtilr,HRFZy,INtilr,bnAIrwWF
bnAIrwWF,nU,nU,INtilr,HRFZy,INtilr,bnAIrwWF
bnAIrwWF,nU,nU,INtilr,HRFZy
bnAIrwWF,nU,nU,INtilr,HRFZy
nU
bnAIrwWF,nU,nU,INtilr,nU
bnAIrwWF,nU,INtilr,nU
nU
nU
INtilr,nU
nU
nU
INtilr,nU,bnAIrwWF,HRFZy
bnAIrwWF
bnAIrwWF
INtilr,nU,bnAIrwWF,HRFZy,bnAIrwWF
bnAIrwWF
INtilr,nU,bnAIrwWF,HRFZy
bnAIrwWF
INtilr,nU,bnAIrwWF,HRFZy
HRFZy
INtilr,bnAIrwWF,HRFZy,HRFZy,Yaso
INtilr,nU,bnAIrwWF,HRFZy,HRFZy
INtilr
INtilr,nU,bnAIrwWF,HRFZy,HRFZy
INtilr,nU,bnAIrwWF,HRFZy,HRFZy
INtilr
INtilr,nU,bnAIrwWF,HRFZy,HRFZy
INtilr,nU,bnAIrwWF,HRFZy,HRFZy
INtilr,nU,bnAIrwWF,HRFZy,HRFZy
INtilr,nU,bnAIrwWF,HRFZy,HRFZy,HRFZy,HRFZy,bnAIrwWF,nU
INtilr,nU,bnAIrwWF,HRFZy,HRFZy,HRFZy,HRFZy,bnAIrwWF,nU,HRFZy
INtilr,nU,bnAIrwWF,HRFZy,HRFZy,HRFZy,HRFZy,bnAIrwWF,nU,HRFZy,INtilr
nU
bnAIrwWF
INtilr,bnAIrwWF,nU,HRFZy,HRFZy,HRFZy,HRFZy,bnAIrwWF,nU,HRFZy,INtilr
bnAIrwWF,INtilr,nU,HRFZy,HRFZy,HRFZy,HRFZy,bnAIrwWF,nU,HRFZy,INtilr,INtilr
bnAIrwWF
INtilr
bnAIrwWF,nU,HRFZy,HRFZy,HRFZy,HRFZy,bnAIrwWF,nU,HRFZy,INtilr,INtilr
INtilr
INtilr
bnAIrwWF,INtilr,nU,HRFZy,HRFZy,HRFZy,HRFZy,bnAIrwWF,nU,HRFZy,INtilr,INtilr
INtilr
INtilr,nU,HRFZy,HRFZy,HRFZy,HRFZy,bnAIrwWF,nU,HRFZy,INtilr,INtilr,bnAIrwWF,nU
INtilr,HRFZy,nU,HRFZy,HRFZy,HRFZy,bnAIrwWF,nU,HRFZy,INtilr,INtilr,bnAIrwWF,nU,INtilr
INtilr
INtilr,HRFZy,nU,HRFZy,HRFZy,HRFZy,bnAIrwWF,nU,HRFZy,INtilr,INtilr,bnAIrwWF,nU,INtilr
nU
nU
nU
HRFZy,nU,HRFZy,HRFZy,HRFZy,nU,HRFZy,INtilr,INtilr,bnAIrwWF,nU,INtilr
nU
INtilr,HRFZy,nU,HRFZy,HRFZy,HRFZy,bnAIrwWF,nU,HRFZy,INtilr,INtilr,bnAIrwWF,nU,INtilr
Jedi Wagner, assuma o comando!