Toque! Toque, Dijê!
[vazia]
gOsJg
gOsJg
gOsJg,PkpCkruOT,f,f
PkpCkruOT,f,f,gOsJg
f
f
PkpCkruOT,f,gOsJg
f
gOsJg,f,PkpCkruOT,f,f,PkpCkruOT,Zyv
f
f
f
f
f
gOsJg,PkpCkruOT,f,TdpmxUpI
f
gOsJg,PkpCkruOT,f
PkpCkruOT,f,dEnelZgq
PkpCkruOT,f,dEnelZgq
PkpCkruOT,f,dEnelZgq
f
f
f,PkpCkruOT,dEnelZgq
PkpCkruOT
PkpCkruOT
f,PkpCkruOT,dEnelZgq,dEnelZgq
PkpCkruOT
PkpCkruOT
PkpCkruOT
gOsJg,PkpCkruOT,f
gOsJg,PkpCkruOT,f
f
gOsJg
gOsJg
PkpCkruOT,f,gOsJg,PkpCkruOT
gOsJg
f
gOsJg,PkpCkruOT,f
f
gOsJg,PkpCkruOT,f
gOsJg,f,PkpCkruOT
PkpCkruOT
gOsJg,f,PkpCkruOT
PkpCkruOT
PkpCkruOT
Jedi Wagner, assuma o comando!