[vazia]
Toque! Toque, Dijê!
[vazia]
Toque! Toque, Dijê!
[vazia]
Toque! Toque, Dijê!
EkgbbVoQ
EkgbbVoQ
EkgbbVoQ
EkgbbVoQ
[vazia]
[vazia]
EkgbbVoQ
Toque! Toque, Dijê!
EkgbbVoQ,EkgbbVoQ,EkgbbVoQ,EkgbbVoQ,EkgbbVoQ
EkgbbVoQ
EkgbbVoQ,EkgbbVoQ,EkgbbVoQ,EkgbbVoQ,EkgbbVoQ,EkgbbVoQ,EkgbbVoQ
EkgbbVoQ,EkgbbVoQ,EkgbbVoQ,EkgbbVoQ,EkgbbVoQ,EkgbbVoQ,EkgbbVoQ
EkgbbVoQ,EkgbbVoQ,EkgbbVoQ,EkgbbVoQ,EkgbbVoQ,EkgbbVoQ,EkgbbVoQ
EkgbbVoQ,EkgbbVoQ,EkgbbVoQ,EkgbbVoQ,EkgbbVoQ,EkgbbVoQ,EkgbbVoQ
EkgbbVoQ
EkgbbVoQ,EkgbbVoQ,EkgbbVoQ,EkgbbVoQ,EkgbbVoQ,EkgbbVoQ,EkgbbVoQ,EkgbbVoQ
EkgbbVoQ,EkgbbVoQ,EkgbbVoQ,EkgbbVoQ,EkgbbVoQ,EkgbbVoQ,EkgbbVoQ,EkgbbVoQ
EkgbbVoQ,EkgbbVoQ,EkgbbVoQ,EkgbbVoQ,EkgbbVoQ,EkgbbVoQ,EkgbbVoQ
EkgbbVoQ
EkgbbVoQ
EkgbbVoQ
EkgbbVoQ
EkgbbVoQ,EkgbbVoQ,EkgbbVoQ,EkgbbVoQ,EkgbbVoQ,EkgbbVoQ,EkgbbVoQ
EkgbbVoQ
EkgbbVoQ,EkgbbVoQ,EkgbbVoQ,EkgbbVoQ,EkgbbVoQ,EkgbbVoQ,EkgbbVoQ
EkgbbVoQ,EkgbbVoQ,EkgbbVoQ,EkgbbVoQ,EkgbbVoQ,EkgbbVoQ,EkgbbVoQ
EkgbbVoQ
EkgbbVoQ
EkgbbVoQ,EkgbbVoQ,EkgbbVoQ,EkgbbVoQ,EkgbbVoQ,EkgbbVoQ
EkgbbVoQ
EkgbbVoQ
EkgbbVoQ,EkgbbVoQ,EkgbbVoQ,EkgbbVoQ,EkgbbVoQ,EkgbbVoQ
EkgbbVoQ
EkgbbVoQ,EkgbbVoQ,EkgbbVoQ,EkgbbVoQ,EkgbbVoQ,EkgbbVoQ,EkgbbVoQ,EkgbbVoQ,EkgbbVoQ,EkgbbVoQ
EkgbbVoQ
EkgbbVoQ
EkgbbVoQ,EkgbbVoQ,EkgbbVoQ,EkgbbVoQ,EkgbbVoQ,EkgbbVoQ,EkgbbVoQ,EkgbbVoQ,EkgbbVoQ
EkgbbVoQ
EkgbbVoQ,EkgbbVoQ,EkgbbVoQ,EkgbbVoQ,EkgbbVoQ,EkgbbVoQ,EkgbbVoQ,EkgbbVoQ
EkgbbVoQ,EkgbbVoQ,EkgbbVoQ,EkgbbVoQ,EkgbbVoQ,EkgbbVoQ,EkgbbVoQ
EkgbbVoQ
EkgbbVoQ
EkgbbVoQ
EkgbbVoQ,EkgbbVoQ,EkgbbVoQ,EkgbbVoQ,EkgbbVoQ,EkgbbVoQ,EkgbbVoQ,EkgbbVoQ,EkgbbVoQ
EkgbbVoQ,EkgbbVoQ,EkgbbVoQ,EkgbbVoQ,EkgbbVoQ,EkgbbVoQ,EkgbbVoQ,EkgbbVoQ
EkgbbVoQ,EkgbbVoQ,EkgbbVoQ,EkgbbVoQ,EkgbbVoQ,EkgbbVoQ,EkgbbVoQ,EkgbbVoQ
EkgbbVoQ
EkgbbVoQ,EkgbbVoQ,EkgbbVoQ,EkgbbVoQ,EkgbbVoQ,EkgbbVoQ,EkgbbVoQ
EkgbbVoQ,EkgbbVoQ,EkgbbVoQ,EkgbbVoQ,EkgbbVoQ,EkgbbVoQ,EkgbbVoQ,EkgbbVoQ
EkgbbVoQ
EkgbbVoQ,EkgbbVoQ,EkgbbVoQ,EkgbbVoQ,EkgbbVoQ,EkgbbVoQ,EkgbbVoQ
EkgbbVoQ
EkgbbVoQ,EkgbbVoQ,EkgbbVoQ,EkgbbVoQ,EkgbbVoQ,EkgbbVoQ,EkgbbVoQ
EkgbbVoQ
EkgbbVoQ,EkgbbVoQ,EkgbbVoQ,EkgbbVoQ,EkgbbVoQ
EkgbbVoQ,EkgbbVoQ,EkgbbVoQ,EkgbbVoQ,EkgbbVoQ
EkgbbVoQ
EkgbbVoQ
EkgbbVoQ
EkgbbVoQ,EkgbbVoQ,EkgbbVoQ,EkgbbVoQ,EkgbbVoQ
EkgbbVoQ,EkgbbVoQ,EkgbbVoQ,EkgbbVoQ,EkgbbVoQ,EkgbbVoQ
EkgbbVoQ
EkgbbVoQ
EkgbbVoQ
EkgbbVoQ,EkgbbVoQ,EkgbbVoQ,EkgbbVoQ,EkgbbVoQ,EkgbbVoQ,EkgbbVoQ
EkgbbVoQ,EkgbbVoQ,EkgbbVoQ,EkgbbVoQ,EkgbbVoQ,EkgbbVoQ,EkgbbVoQ
EkgbbVoQ,EkgbbVoQ,EkgbbVoQ,EkgbbVoQ,EkgbbVoQ,EkgbbVoQ,EkgbbVoQ
EkgbbVoQ,EkgbbVoQ,EkgbbVoQ,EkgbbVoQ,EkgbbVoQ,EkgbbVoQ,EkgbbVoQ
EkgbbVoQ,EkgbbVoQ,EkgbbVoQ,EkgbbVoQ,EkgbbVoQ,EkgbbVoQ,EkgbbVoQ,EkgbbVoQ
EkgbbVoQ,EkgbbVoQ,EkgbbVoQ,EkgbbVoQ,EkgbbVoQ,EkgbbVoQ,EkgbbVoQ,EkgbbVoQ
EkgbbVoQ
EkgbbVoQ,EkgbbVoQ,EkgbbVoQ,EkgbbVoQ,EkgbbVoQ,EkgbbVoQ,EkgbbVoQ,EkgbbVoQ
Jedi Wagner, assuma o comando!