[vazia]
QeBxZjs
QeBxZjs
QeBxZjs
QeBxZjs
Toque! Toque, Dijê!
W
Toque! Toque, Dijê!
tE
tE
tE,tE,nACBBauvpo
tE,tE,nACBBauvpo
tE,tE,nACBBauvpo
tE
tE
tE,tE,QeBxZjs,tE,W,W
tE,tE,QeBxZjs,tE,W,W
tE
QeBxZjs
QeBxZjs
tE,tE,QeBxZjs,tE,W
tE
tE
QeBxZjs
tE,tE,QeBxZjs,QeBxZjs,tE
tE
tE
tE
tE
tE
tE
tE
tE
tE
tE
tE,QeBxZjs,tE,tE,nACBBauvpo
nACBBauvpo
nACBBauvpo
nACBBauvpo
nACBBauvpo
tE
tE
tE,QeBxZjs,nACBBauvpo,tE,tE,SROowX,tE
tE,QeBxZjs,nACBBauvpo,tE,tE,SROowX,tE
tE
tE
tE,QeBxZjs,nACBBauvpo,tE,tE,SROowX,tE
tE
tE
tE
tE
QeBxZjs
QeBxZjs
nACBBauvpo,tE,tE,tE,QeBxZjs,tE,nACBBauvpo
tE
nACBBauvpo
nACBBauvpo
tE,tE,tE,tE,nACBBauvpo,nACBBauvpo
nACBBauvpo,tE,tE,tE,tE,nACBBauvpo
nACBBauvpo
nACBBauvpo,tE,tE,tE,tE,nACBBauvpo
nACBBauvpo,tE,tE,tE,tE,nACBBauvpo,QeBxZjs
QeBxZjs
nACBBauvpo,tE,tE,tE,tE,nACBBauvpo,QeBxZjs
QeBxZjs
nACBBauvpo,tE,tE,tE,tE,nACBBauvpo,QeBxZjs
nACBBauvpo,tE,tE,tE,nACBBauvpo,QeBxZjs
QeBxZjs
nACBBauvpo,tE,tE,tE,nACBBauvpo,QeBxZjs
nACBBauvpo
nACBBauvpo,tE,tE,tE,nACBBauvpo,QeBxZjs
nACBBauvpo
nACBBauvpo,tE,tE,tE,nACBBauvpo,QeBxZjs
nACBBauvpo
nACBBauvpo
nACBBauvpo
nACBBauvpo
nACBBauvpo,tE,tE,tE,nACBBauvpo,QeBxZjs,SROowX
nACBBauvpo,tE,tE,tE,nACBBauvpo,QeBxZjs,SROowX,nACBBauvpo,tE
nACBBauvpo
nACBBauvpo
nACBBauvpo
nACBBauvpo
nACBBauvpo
nACBBauvpo,SROowX,tE,tE,tE,nACBBauvpo,nACBBauvpo,tE,nACBBauvpo
nACBBauvpo,SROowX,tE,tE,tE,nACBBauvpo,nACBBauvpo,tE,nACBBauvpo,nACBBauvpo
tE
nACBBauvpo,SROowX,tE,tE,tE,nACBBauvpo,nACBBauvpo,tE,nACBBauvpo,nACBBauvpo
nACBBauvpo,tE,SROowX,tE,tE,nACBBauvpo,nACBBauvpo,tE,nACBBauvpo,nACBBauvpo
tE
nACBBauvpo,tE,SROowX,tE,tE,nACBBauvpo,nACBBauvpo,tE,nACBBauvpo,nACBBauvpo
tE
tE,SROowX,tE,tE,nACBBauvpo,nACBBauvpo,tE,nACBBauvpo,nACBBauvpo,SROowX,tE,SROowX
tE,SROowX,tE,tE,nACBBauvpo,nACBBauvpo,tE,nACBBauvpo,nACBBauvpo,SROowX,tE,SROowX
tE
tE
tE,tE,tE,nACBBauvpo,tE,nACBBauvpo,nACBBauvpo,SROowX,tE,SROowX,SROowX,SROowX,W,tE
tE
SROowX
tE,tE,SROowX,tE,nACBBauvpo,tE,nACBBauvpo,nACBBauvpo,tE,SROowX,SROowX,SROowX,W,tE,SROowX
tE,tE,SROowX,tE,nACBBauvpo,tE,nACBBauvpo,nACBBauvpo,tE,SROowX,SROowX,SROowX,tE,SROowX
SROowX
SROowX
SROowX
tE,tE,tE,nACBBauvpo,SROowX,tE,nACBBauvpo,nACBBauvpo,tE,SROowX,SROowX,SROowX,W,tE,tE,SROowX
tE,tE,tE,nACBBauvpo,SROowX,tE,nACBBauvpo,nACBBauvpo,tE,SROowX,SROowX,SROowX,W,tE,tE,SROowX
nACBBauvpo
tE,tE,tE,nACBBauvpo,SROowX,tE,nACBBauvpo,nACBBauvpo,tE,SROowX,SROowX,SROowX,W,tE,tE,SROowX
nACBBauvpo
tE,tE,tE,nACBBauvpo,SROowX,tE,nACBBauvpo,nACBBauvpo,tE,SROowX,SROowX,SROowX,W,tE,tE,SROowX
tE,tE,tE,SROowX,nACBBauvpo,tE,nACBBauvpo,nACBBauvpo,tE,SROowX,SROowX,SROowX,W,tE
nACBBauvpo
nACBBauvpo
tE,tE,tE,nACBBauvpo,tE,nACBBauvpo,nACBBauvpo,tE,SROowX,SROowX,SROowX,tE,nACBBauvpo
tE,tE,tE,nACBBauvpo,tE,nACBBauvpo,nACBBauvpo,tE,SROowX,SROowX,SROowX,tE,nACBBauvpo
tE,tE,SROowX,tE,nACBBauvpo,nACBBauvpo,tE,SROowX,SROowX,SROowX,W,tE,SROowX
SROowX
tE,tE,SROowX,tE,nACBBauvpo,tE,SROowX,SROowX,SROowX,W,tE,SROowX,W
SROowX
tE,SROowX,W,tE,nACBBauvpo,tE,SROowX,SROowX,SROowX,tE,SROowX,W,W
tE,SROowX,W,tE,nACBBauvpo,tE,SROowX,SROowX,SROowX,tE,SROowX,W,W
tE
W,tE,tE,SROowX,SROowX,SROowX,tE,SROowX,W,W
W,tE,tE,SROowX,SROowX,SROowX,tE,SROowX,W,W
W,tE,tE,SROowX,SROowX,SROowX,tE,SROowX,W,W
tE
W,tE,tE,SROowX,SROowX,SROowX,tE,SROowX,W,W,nACBBauvpo
nACBBauvpo
W,tE,nACBBauvpo,tE,SROowX,SROowX,SROowX,tE,SROowX,W,W,QeBxZjs,nACBBauvpo
QeBxZjs
W,tE,nACBBauvpo,tE,SROowX,SROowX,SROowX,tE,SROowX,W,W,QeBxZjs,nACBBauvpo
nACBBauvpo
W
W
tE,tE,W,SROowX,SROowX,SROowX,tE,SROowX,W,W,SROowX,QeBxZjs
tE,tE,W,SROowX,SROowX,SROowX,tE,SROowX,W,W,SROowX,QeBxZjs
tE,tE,SROowX,SROowX,QeBxZjs,W,SROowX,tE,SROowX,W,W,SROowX
tE,tE,SROowX,SROowX,QeBxZjs,W,SROowX,tE,SROowX,W,W,SROowX
QeBxZjs
QeBxZjs
tE,SROowX,SROowX,QeBxZjs,SROowX,tE,SROowX,W,W,SROowX,SROowX,tE
QeBxZjs
tE,tE,SROowX,SROowX,W,SROowX,tE,SROowX,W,W,SROowX,SROowX,tE,W
tE,tE,SROowX,SROowX,W,SROowX,QeBxZjs,tE,SROowX,W,W,SROowX,SROowX,tE,W
QeBxZjs
QeBxZjs
tE,tE,SROowX,SROowX,W,SROowX,QeBxZjs,tE,SROowX,W,W,SROowX,SROowX,tE,W,QeBxZjs
QeBxZjs
QeBxZjs
QeBxZjs
QeBxZjs
SROowX,SROowX,W,SROowX,QeBxZjs,tE,tE,SROowX,W,W,SROowX,SROowX,tE,W,nACBBauvpo
SROowX,SROowX,W,SROowX,QeBxZjs,tE,tE,SROowX,W,W,SROowX,SROowX,tE,W
QeBxZjs
QeBxZjs
tE
tE
SROowX,SROowX,W,SROowX,tE,tE,SROowX,W,W,SROowX,SROowX,tE,W
SROowX,SROowX,W,SROowX,tE,QeBxZjs,tE,SROowX,W,W,SROowX,SROowX,tE,W
W
tE
Jedi Wagner, assuma o comando!