[vazia]
[vazia]
Toque! Toque, Dijê!
DmZOQiWeu
Toque! Toque, Dijê!
Toque! Toque, Dijê!
[vazia]
DmZOQiWeu
syxiBkuVJ
syxiBkuVJ
syxiBkuVJ
syxiBkuVJ
[vazia]
Toque! Toque, Dijê!
[vazia]
[vazia]
Toque! Toque, Dijê!
TlHwfVeGA
[vazia]
DmZOQiWeu
DmZOQiWeu
DmZOQiWeu
TlHwfVeGA
TlHwfVeGA
TlHwfVeGA,TlHwfVeGA
TlHwfVeGA,TlHwfVeGA,TlHwfVeGA,syxiBkuVJ
TlHwfVeGA
TlHwfVeGA,TlHwfVeGA,TlHwfVeGA,syxiBkuVJ
TlHwfVeGA
TlHwfVeGA,TlHwfVeGA,TlHwfVeGA,syxiBkuVJ
TlHwfVeGA
TlHwfVeGA
TlHwfVeGA,TlHwfVeGA,TlHwfVeGA,syxiBkuVJ,syxiBkuVJ,DmZOQiWeu
TlHwfVeGA,TlHwfVeGA,TlHwfVeGA,syxiBkuVJ,syxiBkuVJ
TlHwfVeGA
TlHwfVeGA,TlHwfVeGA,TlHwfVeGA,syxiBkuVJ,syxiBkuVJ
TlHwfVeGA
TlHwfVeGA,TlHwfVeGA,TlHwfVeGA,syxiBkuVJ,syxiBkuVJ
TlHwfVeGA,TlHwfVeGA,TlHwfVeGA,syxiBkuVJ
TlHwfVeGA,TlHwfVeGA,TlHwfVeGA,syxiBkuVJ,DmZOQiWeu,TlHwfVeGA
syxiBkuVJ
TlHwfVeGA,TlHwfVeGA,syxiBkuVJ,TlHwfVeGA,DmZOQiWeu,TlHwfVeGA
syxiBkuVJ
syxiBkuVJ
syxiBkuVJ
TlHwfVeGA,TlHwfVeGA,syxiBkuVJ,TlHwfVeGA,TlHwfVeGA,syxiBkuVJ,TlHwfVeGA
TlHwfVeGA,TlHwfVeGA,syxiBkuVJ,TlHwfVeGA,TlHwfVeGA,syxiBkuVJ,TlHwfVeGA
syxiBkuVJ
syxiBkuVJ
TlHwfVeGA,TlHwfVeGA,syxiBkuVJ,TlHwfVeGA,TlHwfVeGA,syxiBkuVJ,TlHwfVeGA
TlHwfVeGA
TlHwfVeGA
TlHwfVeGA
TlHwfVeGA
TlHwfVeGA
TlHwfVeGA,TlHwfVeGA,syxiBkuVJ,TlHwfVeGA,TlHwfVeGA,syxiBkuVJ,TlHwfVeGA,TlHwfVeGA,syxiBkuVJ
TlHwfVeGA
TlHwfVeGA
TlHwfVeGA
syxiBkuVJ
syxiBkuVJ
TlHwfVeGA,TlHwfVeGA,TlHwfVeGA,TlHwfVeGA,syxiBkuVJ,TlHwfVeGA,TlHwfVeGA,syxiBkuVJ,syxiBkuVJ
TlHwfVeGA
TlHwfVeGA
TlHwfVeGA,TlHwfVeGA,TlHwfVeGA,TlHwfVeGA,TlHwfVeGA,DmZOQiWeu,syxiBkuVJ,TlHwfVeGA,syxiBkuVJ,syxiBkuVJ,TlHwfVeGA
TlHwfVeGA,TlHwfVeGA,TlHwfVeGA,TlHwfVeGA,TlHwfVeGA,syxiBkuVJ,DmZOQiWeu,TlHwfVeGA,syxiBkuVJ,syxiBkuVJ,TlHwfVeGA
TlHwfVeGA,TlHwfVeGA,TlHwfVeGA,TlHwfVeGA,TlHwfVeGA,syxiBkuVJ,DmZOQiWeu,TlHwfVeGA,syxiBkuVJ,syxiBkuVJ,TlHwfVeGA,TlHwfVeGA,DmZOQiWeu,DmZOQiWeu
TlHwfVeGA
TlHwfVeGA,TlHwfVeGA,TlHwfVeGA,TlHwfVeGA,DmZOQiWeu,TlHwfVeGA,syxiBkuVJ,syxiBkuVJ,syxiBkuVJ,TlHwfVeGA,TlHwfVeGA,DmZOQiWeu,DmZOQiWeu
TlHwfVeGA
TlHwfVeGA
TlHwfVeGA
TlHwfVeGA,TlHwfVeGA,TlHwfVeGA,TlHwfVeGA,TlHwfVeGA,syxiBkuVJ,DmZOQiWeu,TlHwfVeGA,syxiBkuVJ,syxiBkuVJ,TlHwfVeGA,TlHwfVeGA,DmZOQiWeu
TlHwfVeGA,TlHwfVeGA,TlHwfVeGA,TlHwfVeGA,TlHwfVeGA,syxiBkuVJ,TlHwfVeGA,syxiBkuVJ,syxiBkuVJ,TlHwfVeGA,TlHwfVeGA
TlHwfVeGA
TlHwfVeGA
TlHwfVeGA
TlHwfVeGA,TlHwfVeGA,TlHwfVeGA,TlHwfVeGA,TlHwfVeGA,syxiBkuVJ,DmZOQiWeu,TlHwfVeGA,syxiBkuVJ,syxiBkuVJ,TlHwfVeGA,TlHwfVeGA,DmZOQiWeu
DmZOQiWeu
TlHwfVeGA,TlHwfVeGA,TlHwfVeGA,DmZOQiWeu,syxiBkuVJ,syxiBkuVJ,syxiBkuVJ,TlHwfVeGA,TlHwfVeGA,DmZOQiWeu,TlHwfVeGA,DmZOQiWeu,syxiBkuVJ,TlHwfVeGA
DmZOQiWeu
TlHwfVeGA,TlHwfVeGA,TlHwfVeGA,DmZOQiWeu,syxiBkuVJ,syxiBkuVJ,TlHwfVeGA,TlHwfVeGA,DmZOQiWeu,TlHwfVeGA,DmZOQiWeu,syxiBkuVJ,TlHwfVeGA
DmZOQiWeu
TlHwfVeGA,TlHwfVeGA,TlHwfVeGA,DmZOQiWeu,syxiBkuVJ,syxiBkuVJ,TlHwfVeGA,TlHwfVeGA,DmZOQiWeu,TlHwfVeGA,DmZOQiWeu,syxiBkuVJ,TlHwfVeGA
TlHwfVeGA,TlHwfVeGA,TlHwfVeGA,DmZOQiWeu,syxiBkuVJ,syxiBkuVJ,TlHwfVeGA,TlHwfVeGA,DmZOQiWeu,TlHwfVeGA,DmZOQiWeu,syxiBkuVJ,TlHwfVeGA,DmZOQiWeu
syxiBkuVJ
TlHwfVeGA,TlHwfVeGA,TlHwfVeGA,syxiBkuVJ,DmZOQiWeu,syxiBkuVJ,TlHwfVeGA,TlHwfVeGA,DmZOQiWeu,TlHwfVeGA,DmZOQiWeu,syxiBkuVJ,TlHwfVeGA,DmZOQiWeu
DmZOQiWeu
syxiBkuVJ
syxiBkuVJ
TlHwfVeGA
TlHwfVeGA,TlHwfVeGA,TlHwfVeGA,TlHwfVeGA,TlHwfVeGA,DmZOQiWeu,TlHwfVeGA,syxiBkuVJ,syxiBkuVJ,TlHwfVeGA,TlHwfVeGA,DmZOQiWeu
TlHwfVeGA,TlHwfVeGA,TlHwfVeGA,TlHwfVeGA,TlHwfVeGA,syxiBkuVJ,DmZOQiWeu,TlHwfVeGA,syxiBkuVJ,syxiBkuVJ,TlHwfVeGA,TlHwfVeGA,DmZOQiWeu
TlHwfVeGA,TlHwfVeGA,TlHwfVeGA,TlHwfVeGA,TlHwfVeGA,syxiBkuVJ,DmZOQiWeu,TlHwfVeGA,syxiBkuVJ,syxiBkuVJ,TlHwfVeGA,TlHwfVeGA,DmZOQiWeu
TlHwfVeGA,TlHwfVeGA,TlHwfVeGA,TlHwfVeGA,TlHwfVeGA,syxiBkuVJ,DmZOQiWeu,TlHwfVeGA,syxiBkuVJ,syxiBkuVJ,TlHwfVeGA,TlHwfVeGA,DmZOQiWeu,syxiBkuVJ
TlHwfVeGA,TlHwfVeGA,TlHwfVeGA,TlHwfVeGA,DmZOQiWeu,TlHwfVeGA,TlHwfVeGA,syxiBkuVJ,syxiBkuVJ,syxiBkuVJ,TlHwfVeGA,TlHwfVeGA,DmZOQiWeu,syxiBkuVJ
syxiBkuVJ
DmZOQiWeu
TlHwfVeGA
TlHwfVeGA,TlHwfVeGA,TlHwfVeGA,TlHwfVeGA,syxiBkuVJ,DmZOQiWeu,TlHwfVeGA,syxiBkuVJ,syxiBkuVJ,TlHwfVeGA,TlHwfVeGA,DmZOQiWeu,syxiBkuVJ
syxiBkuVJ,TlHwfVeGA,TlHwfVeGA,TlHwfVeGA,syxiBkuVJ,syxiBkuVJ,TlHwfVeGA,TlHwfVeGA,syxiBkuVJ
TlHwfVeGA
TlHwfVeGA,TlHwfVeGA,TlHwfVeGA,TlHwfVeGA,TlHwfVeGA,DmZOQiWeu,TlHwfVeGA,syxiBkuVJ,TlHwfVeGA,TlHwfVeGA,DmZOQiWeu,syxiBkuVJ
TlHwfVeGA,TlHwfVeGA,TlHwfVeGA,TlHwfVeGA,TlHwfVeGA,syxiBkuVJ,TlHwfVeGA,TlHwfVeGA,DmZOQiWeu,syxiBkuVJ
TlHwfVeGA,TlHwfVeGA,TlHwfVeGA,TlHwfVeGA,TlHwfVeGA,syxiBkuVJ,TlHwfVeGA,TlHwfVeGA,DmZOQiWeu,syxiBkuVJ
TlHwfVeGA
TlHwfVeGA,TlHwfVeGA,TlHwfVeGA,TlHwfVeGA,syxiBkuVJ,TlHwfVeGA,TlHwfVeGA,syxiBkuVJ
TlHwfVeGA,TlHwfVeGA,TlHwfVeGA,syxiBkuVJ,TlHwfVeGA,TlHwfVeGA,TlHwfVeGA,syxiBkuVJ
TlHwfVeGA
TlHwfVeGA,TlHwfVeGA,syxiBkuVJ,TlHwfVeGA,TlHwfVeGA,TlHwfVeGA,syxiBkuVJ,DmZOQiWeu,syxiBkuVJ
TlHwfVeGA
TlHwfVeGA,TlHwfVeGA,TlHwfVeGA,syxiBkuVJ,TlHwfVeGA,TlHwfVeGA,TlHwfVeGA,syxiBkuVJ
TlHwfVeGA
Jedi Wagner, assuma o comando!