[vazia]
[vazia]
Toque! Toque, Dijê!
Toque! Toque, Dijê!
Toque! Toque, Dijê!
Toque! Toque, Dijê!
[vazia]
Toque! Toque, Dijê!
Toque! Toque, Dijê!
bbQxqDMw
bbQxqDMw
bbQxqDMw,Bq,bbQxqDMw
bbQxqDMw
bbQxqDMw,OZDs,bbQxqDMw
OZDs
bbQxqDMw
bbQxqDMw,OZDs,bbQxqDMw,ucFoqMBgA
bbQxqDMw
bbQxqDMw
bbQxqDMw,OZDs,bbQxqDMw,oxcJQexd,Bq,ekjvOpCka
bbQxqDMw,OZDs,bbQxqDMw,oxcJQexd,Bq,ekjvOpCka
bbQxqDMw,OZDs,oxcJQexd,bbQxqDMw,Bq,ekjvOpCka,SPwmrX
ekjvOpCka
bbQxqDMw,OZDs,ekjvOpCka,oxcJQexd,bbQxqDMw,Bq,SPwmrX
bbQxqDMw,oxcJQexd,OZDs,ekjvOpCka,bbQxqDMw,Bq,SPwmrX
oxcJQexd
oxcJQexd
oxcJQexd
oxcJQexd
oxcJQexd,bbQxqDMw,OZDs,ekjvOpCka,bbQxqDMw,Bq,ucFoqMBgA
oxcJQexd
oxcJQexd
bbQxqDMw,OZDs,bbQxqDMw,oxcJQexd,oxcJQexd
bbQxqDMw
bbQxqDMw
bbQxqDMw,OZDs,bbQxqDMw,oxcJQexd,bbQxqDMw
bbQxqDMw
bbQxqDMw
bbQxqDMw
bbQxqDMw
bbQxqDMw
bbQxqDMw
OZDs,bbQxqDMw,oxcJQexd,bbQxqDMw
OZDs,Z,bbQxqDMw,oxcJQexd,bbQxqDMw
Z
OZDs,Z,bbQxqDMw,oxcJQexd,bbQxqDMw
OZDs,Z,bbQxqDMw,oxcJQexd,bbQxqDMw
OZDs,Z,bbQxqDMw,oxcJQexd,bbQxqDMw
OZDs,Z,bbQxqDMw,oxcJQexd,bbQxqDMw
Z,bbQxqDMw,oxcJQexd,bbQxqDMw
oxcJQexd
oxcJQexd
Z,bbQxqDMw,oxcJQexd,bbQxqDMw
oxcJQexd
OZDs,Z,Ez,oxcJQexd,Bq,bbQxqDMw,ucFoqMBgA,lO,SPwmrX
oxcJQexd
oxcJQexd
OZDs,Z,Ez,oxcJQexd,Bq,bbQxqDMw,ucFoqMBgA,lO
oxcJQexd
bbQxqDMw
bbQxqDMw
OZDs,Z,Ez,bbQxqDMw,ucFoqMBgA,Z,lO,Ez,lO
OZDs,Z,Ez,bbQxqDMw,Z,lO,Ez,lO,bbQxqDMw
OZDs,Z,Ez,bbQxqDMw,Z,lO,Ez,lO,bbQxqDMw
Z
Z
OZDs,Ez,Z,lO,Ez,lO,bbQxqDMw,SPwmrX,lO,SPwmrX,ekjvOpCka,bbQxqDMw,ekjvOpCka
lO
lO
OZDs,Ez,Z,lO,Ez,lO,bbQxqDMw,SPwmrX,lO,SPwmrX,ekjvOpCka,bbQxqDMw,ekjvOpCka,OZDs,oxcJQexd
OZDs,Ez,Z,lO,Ez,lO,bbQxqDMw,SPwmrX,lO,SPwmrX,ekjvOpCka,bbQxqDMw,ekjvOpCka,OZDs,oxcJQexd
OZDs,Ez,Z,lO,Ez,lO,bbQxqDMw,SPwmrX,lO,SPwmrX,ekjvOpCka,bbQxqDMw,ekjvOpCka,OZDs,oxcJQexd
lO
OZDs,Ez,Z,Ez,lO,bbQxqDMw,SPwmrX,lO,SPwmrX,ekjvOpCka,bbQxqDMw,ekjvOpCka,OZDs,lO,SPwmrX,ekjvOpCka
OZDs,Ez,Z,Ez,lO,bbQxqDMw,SPwmrX,lO,SPwmrX,ekjvOpCka,bbQxqDMw,ekjvOpCka,OZDs,lO,SPwmrX,ekjvOpCka
OZDs,Ez,Z,lO,Ez,lO,bbQxqDMw,SPwmrX,lO,SPwmrX,ekjvOpCka,bbQxqDMw,ekjvOpCka
OZDs,Ez,Z,lO,Ez,lO,bbQxqDMw,SPwmrX,lO,SPwmrX,ekjvOpCka,bbQxqDMw,ekjvOpCka
lO
OZDs,Ez,Z,lO,Ez,lO,bbQxqDMw,SPwmrX,lO,SPwmrX,ekjvOpCka,bbQxqDMw,ekjvOpCka,bbQxqDMw,OZDs,Z
lO
OZDs,Ez,Z,lO,Ez,lO,bbQxqDMw,SPwmrX,lO,SPwmrX,ekjvOpCka,bbQxqDMw,ekjvOpCka,bbQxqDMw,OZDs,Z,Ez
lO
OZDs,Ez,Z,lO,SPwmrX,Ez,lO,bbQxqDMw,lO,SPwmrX,ekjvOpCka,bbQxqDMw,ekjvOpCka,bbQxqDMw,OZDs,Z,Ez,oxcJQexd
OZDs,Ez,Z,lO,SPwmrX,Ez,lO,bbQxqDMw,lO,SPwmrX,ekjvOpCka,bbQxqDMw,ekjvOpCka,bbQxqDMw,OZDs,Z,Ez,oxcJQexd
SPwmrX
SPwmrX
Ez
lO
lO
bbQxqDMw
bbQxqDMw
OZDs,Ez,Z,lO,SPwmrX,Ez,lO,bbQxqDMw,lO,SPwmrX,bbQxqDMw,ekjvOpCka,bbQxqDMw,OZDs,Z,Ez,oxcJQexd,SPwmrX,ucFoqMBgA,OZDs
OZDs,Ez,Z,lO,SPwmrX,Ez,lO,bbQxqDMw,lO,SPwmrX,bbQxqDMw,ekjvOpCka,bbQxqDMw,OZDs,Z,Ez,oxcJQexd,SPwmrX,ucFoqMBgA,OZDs
lO
OZDs,Ez,Z,SPwmrX,Ez,lO,bbQxqDMw,lO,lO,SPwmrX,bbQxqDMw,ekjvOpCka,bbQxqDMw,OZDs,Z,Ez,SPwmrX,ucFoqMBgA,OZDs
OZDs,Ez,Z,lO,SPwmrX,Ez,lO,bbQxqDMw,lO,SPwmrX,bbQxqDMw,ekjvOpCka,bbQxqDMw,OZDs,Z,Ez,oxcJQexd,SPwmrX,ucFoqMBgA,OZDs
OZDs,Ez,Z,lO,SPwmrX,Ez,lO,bbQxqDMw,lO,SPwmrX,bbQxqDMw,ekjvOpCka,bbQxqDMw,OZDs,Z,Ez,oxcJQexd,SPwmrX,ucFoqMBgA,OZDs
bbQxqDMw
Ez,Z,lO,SPwmrX,Ez,lO,bbQxqDMw,OZDs,lO,SPwmrX,bbQxqDMw,ekjvOpCka,bbQxqDMw,OZDs,Z,Ez,oxcJQexd,SPwmrX,ucFoqMBgA,OZDs
Bq
Bq
OZDs,Ez,Z,lO,SPwmrX,Ez,lO,bbQxqDMw,lO,SPwmrX,bbQxqDMw,ekjvOpCka,bbQxqDMw,OZDs,Z,Ez,oxcJQexd,SPwmrX,ucFoqMBgA,OZDs
OZDs,Ez,Z,Ez,lO,bbQxqDMw,SPwmrX,lO,SPwmrX,bbQxqDMw,ekjvOpCka,bbQxqDMw,OZDs,Z,Ez,oxcJQexd,SPwmrX,ucFoqMBgA,OZDs
bbQxqDMw
Ez,Z,Ez,lO,bbQxqDMw,OZDs,SPwmrX,lO,SPwmrX,bbQxqDMw,ekjvOpCka,bbQxqDMw,OZDs,Z,Ez,oxcJQexd,SPwmrX,ucFoqMBgA,OZDs,Bq
Ez,Z,Ez,lO,bbQxqDMw,OZDs,SPwmrX,lO,SPwmrX,bbQxqDMw,ekjvOpCka,bbQxqDMw,OZDs,Z,Ez,oxcJQexd,SPwmrX,ucFoqMBgA,OZDs,Bq
OZDs
Ez,Z,Ez,lO,bbQxqDMw,oxcJQexd,OZDs,lO,SPwmrX,bbQxqDMw,ekjvOpCka,bbQxqDMw,OZDs,Z,Ez,SPwmrX,ucFoqMBgA,OZDs,Bq,Ez
lO
Ez,Z,Ez,lO,bbQxqDMw,OZDs,lO,SPwmrX,bbQxqDMw,ekjvOpCka,bbQxqDMw,OZDs,Z,Ez,oxcJQexd,SPwmrX,ucFoqMBgA,OZDs,Bq,Ez
OZDs
OZDs
OZDs
Ez,Z,Ez,lO,bbQxqDMw,OZDs,SPwmrX,lO,SPwmrX,bbQxqDMw,ekjvOpCka,bbQxqDMw,OZDs,Z,Ez,oxcJQexd,SPwmrX,ucFoqMBgA,OZDs,bbQxqDMw
ucFoqMBgA
Ez,Z,Ez,lO,OZDs,ucFoqMBgA,SPwmrX,lO,SPwmrX,bbQxqDMw,ekjvOpCka,bbQxqDMw,OZDs,Z,Ez,oxcJQexd,SPwmrX,OZDs,bbQxqDMw
ucFoqMBgA
Ez,Z,Ez,lO,OZDs,ucFoqMBgA,lO,SPwmrX,bbQxqDMw,ekjvOpCka,bbQxqDMw,OZDs,Z,Ez,oxcJQexd,SPwmrX,OZDs,bbQxqDMw,ekjvOpCka,ucFoqMBgA
Ez,Z,Ez,lO,OZDs,ucFoqMBgA,lO,SPwmrX,bbQxqDMw,ekjvOpCka,bbQxqDMw,OZDs,Z,Ez,oxcJQexd,SPwmrX,OZDs,bbQxqDMw,ekjvOpCka,ucFoqMBgA
Ez,Ez,lO,OZDs,SPwmrX,ucFoqMBgA,lO,bbQxqDMw,ekjvOpCka,bbQxqDMw,OZDs,Z,Ez,oxcJQexd,SPwmrX,OZDs,bbQxqDMw,ekjvOpCka,ucFoqMBgA
SPwmrX
SPwmrX
ekjvOpCka
ekjvOpCka
ekjvOpCka
Jedi Wagner, assuma o comando!