Toque! Toque, Dijê!
Toque! Toque, Dijê!
[vazia]
Toque! Toque, Dijê!
VYU
VYU
VYU
VYU
VYU
VYU
VYU,lrWojceK
VYU,lrWojceK
VYU,lrWojceK
VYU,lrWojceK
VYU,lrWojceK
lrWojceK,VYU,nvfV,nvfV
lrWojceK,VYU,nvfV,nvfV
lrWojceK,VYU,nvfV,nvfV,VYU
lrWojceK,VYU,nvfV,nvfV,m,VYU,nvfV
lrWojceK,VYU,nvfV,nvfV,m,VYU,nvfV
lrWojceK,VYU,nvfV,nvfV,m,VYU,nvfV
nvfV
m
lrWojceK,VYU,nvfV,nvfV,m,VYU,nvfV,aHiB,m
lrWojceK,VYU,nvfV,VYU,nvfV,nvfV,aHiB,m
nvfV
lrWojceK,VYU,nvfV,nvfV,m,VYU,nvfV,aHiB,m
VYU
lrWojceK,nvfV,nvfV,m,VYU,VYU,nvfV,aHiB,m,CcpIG
nvfV,nvfV,m,VYU,lrWojceK,VYU,nvfV,aHiB,m,CcpIG,VYU
nvfV,nvfV,m,lrWojceK,VYU,nvfV,aHiB,m,CcpIG,VYU
nvfV,nvfV,m,lrWojceK,VYU,nvfV,aHiB,m,CcpIG,VYU
lrWojceK
lrWojceK
m
m
VYU
nvfV,m,VYU,VYU,nvfV,nvfV,m,CcpIG,m,CcpIG
nvfV
nvfV
m,VYU,VYU,nvfV,nvfV,m,CcpIG,m,CcpIG,m,VYU
m,VYU,VYU,nvfV,nvfV,m,CcpIG,m,CcpIG,m,VYU
m,VYU,VYU,nvfV,nvfV,m,CcpIG,m,CcpIG,m,VYU
VYU,nvfV,nvfV,m,VYU,nvfV,aHiB,m,CcpIG
VYU,nvfV,nvfV,m,VYU,nvfV,aHiB,m,CcpIG
VYU
VYU,nvfV,nvfV,m,VYU,nvfV,aHiB,m,CcpIG
VYU,nvfV,nvfV,m,VYU,nvfV,aHiB,m,CcpIG,m
VYU,nvfV,nvfV,m,VYU,nvfV,aHiB,m,CcpIG,m
nvfV
VYU,nvfV,nvfV,m,VYU,nvfV,aHiB,m,CcpIG,m
VYU,nvfV,nvfV,m,VYU,nvfV,aHiB,m,CcpIG,m,lrWojceK
VYU,nvfV,nvfV,m,VYU,nvfV,aHiB,m,CcpIG,m,lrWojceK,VYU
VYU,nvfV,nvfV,m,VYU,nvfV,aHiB,m,CcpIG,m,lrWojceK,VYU,VYU
VYU,nvfV,m,VYU,nvfV,nvfV,aHiB,m,CcpIG,m,VYU,nvfV,aHiB
Jedi Wagner, assuma o comando!