Toque! Toque, Dijê!
Toque! Toque, Dijê!
Toque! Toque, Dijê!
[vazia]
Toque! Toque, Dijê!
mRHIR
mRHIR
[vazia]
Toque! Toque, Dijê!
[vazia]
Toque! Toque, Dijê!
mRHIR
mRHIR
mRHIR
mRHIR,mRHIR
mRHIR,mRHIR
mRHIR,mRHIR
mRHIR,mRHIR,mRHIR
mRHIR
mRHIR
mRHIR
mRHIR
mRHIR,mRHIR,mRHIR,mRHIR,mRHIR
mRHIR,mRHIR,mRHIR,mRHIR,mRHIR
mRHIR
mRHIR,mRHIR
mRHIR
mRHIR,mRHIR,mRHIR
mRHIR
mRHIR,mRHIR,mRHIR
mRHIR
mRHIR
mRHIR,mRHIR,mRHIR,mRHIR,mRHIR
mRHIR
mRHIR
mRHIR,mRHIR,mRHIR
mRHIR
mRHIR
mRHIR,mRHIR,mRHIR,mRHIR,mRHIR
mRHIR,mRHIR,mRHIR,mRHIR,mRHIR
mRHIR,mRHIR,mRHIR,mRHIR,mRHIR
mRHIR,mRHIR
mRHIR
mRHIR
mRHIR,mRHIR
mRHIR,mRHIR
mRHIR,mRHIR
mRHIR,mRHIR
mRHIR
mRHIR,mRHIR,mRHIR
mRHIR
mRHIR
mRHIR
mRHIR,mRHIR
mRHIR
mRHIR
mRHIR,mRHIR,mRHIR
mRHIR
mRHIR,mRHIR,mRHIR
mRHIR
mRHIR,mRHIR,mRHIR
mRHIR,mRHIR,mRHIR,mRHIR
mRHIR
mRHIR
mRHIR,mRHIR,mRHIR,mRHIR,mRHIR,mRHIR,mRHIR,mRHIR
mRHIR
mRHIR
mRHIR,mRHIR,mRHIR,mRHIR,mRHIR,mRHIR,mRHIR,mRHIR
mRHIR
mRHIR
mRHIR
mRHIR,mRHIR,mRHIR,mRHIR,mRHIR,mRHIR,mRHIR,mRHIR
mRHIR,mRHIR,mRHIR,mRHIR,mRHIR,mRHIR,mRHIR,mRHIR
mRHIR,mRHIR,mRHIR,mRHIR,mRHIR,mRHIR,mRHIR,mRHIR
mRHIR,mRHIR,mRHIR,mRHIR,mRHIR,mRHIR,mRHIR,mRHIR,mRHIR
mRHIR
mRHIR
mRHIR
mRHIR,mRHIR,mRHIR,mRHIR,mRHIR,mRHIR,mRHIR,mRHIR,mRHIR,mRHIR
mRHIR
mRHIR,mRHIR,mRHIR,mRHIR,mRHIR,mRHIR,mRHIR,mRHIR,mRHIR
mRHIR
mRHIR,mRHIR,mRHIR,mRHIR,mRHIR,mRHIR,mRHIR,mRHIR,mRHIR,mRHIR
mRHIR
mRHIR
mRHIR
mRHIR,mRHIR,mRHIR,mRHIR,mRHIR,mRHIR,mRHIR,mRHIR,mRHIR,mRHIR,mRHIR,mRHIR
mRHIR,mRHIR,mRHIR,mRHIR,mRHIR,mRHIR,mRHIR,mRHIR,mRHIR,mRHIR,mRHIR,mRHIR
mRHIR
mRHIR,mRHIR,mRHIR,mRHIR,mRHIR,mRHIR,mRHIR,mRHIR,mRHIR,mRHIR,mRHIR
mRHIR,mRHIR,mRHIR,mRHIR,mRHIR,mRHIR,mRHIR,mRHIR,mRHIR,mRHIR,mRHIR
mRHIR
mRHIR
mRHIR,mRHIR,mRHIR,mRHIR,mRHIR,mRHIR,mRHIR,mRHIR,mRHIR,mRHIR
mRHIR
mRHIR
mRHIR
mRHIR,mRHIR,mRHIR,mRHIR,mRHIR,mRHIR,mRHIR,mRHIR
mRHIR,mRHIR,mRHIR,mRHIR,mRHIR,mRHIR,mRHIR
mRHIR,mRHIR,mRHIR,mRHIR,mRHIR,mRHIR,mRHIR
mRHIR,mRHIR,mRHIR,mRHIR,mRHIR,mRHIR
mRHIR
mRHIR
mRHIR,mRHIR,mRHIR,mRHIR,mRHIR,mRHIR
mRHIR
mRHIR
mRHIR
mRHIR,mRHIR,mRHIR,mRHIR
mRHIR
mRHIR,mRHIR,mRHIR,mRHIR
mRHIR,mRHIR,mRHIR,mRHIR
mRHIR,mRHIR,mRHIR,mRHIR
mRHIR
mRHIR
mRHIR
mRHIR
mRHIR,mRHIR,mRHIR,mRHIR,mRHIR,mRHIR
mRHIR,mRHIR,mRHIR,mRHIR,mRHIR,mRHIR,mRHIR
mRHIR,mRHIR,mRHIR,mRHIR,mRHIR,mRHIR,mRHIR
mRHIR
mRHIR
mRHIR
mRHIR
mRHIR
mRHIR,mRHIR,mRHIR,mRHIR
mRHIR
mRHIR,mRHIR,mRHIR,mRHIR
mRHIR
mRHIR
mRHIR,mRHIR,mRHIR
mRHIR,mRHIR,mRHIR,mRHIR
mRHIR
mRHIR,mRHIR,mRHIR,mRHIR,mRHIR,mRHIR
mRHIR,mRHIR,mRHIR,mRHIR,mRHIR,mRHIR,mRHIR
mRHIR
mRHIR
mRHIR
mRHIR,mRHIR,mRHIR,mRHIR,mRHIR,mRHIR,mRHIR,mRHIR
mRHIR,mRHIR,mRHIR,mRHIR,mRHIR,mRHIR,mRHIR,mRHIR
mRHIR
mRHIR
mRHIR,mRHIR,mRHIR,mRHIR,mRHIR
mRHIR,mRHIR,mRHIR,mRHIR,mRHIR
mRHIR,mRHIR,mRHIR,mRHIR,mRHIR
mRHIR,mRHIR,mRHIR,mRHIR,mRHIR
mRHIR,mRHIR,mRHIR,mRHIR,mRHIR
mRHIR,mRHIR,mRHIR,mRHIR,mRHIR
mRHIR
mRHIR
mRHIR,mRHIR,mRHIR,mRHIR,mRHIR
mRHIR
mRHIR,mRHIR,mRHIR,mRHIR
mRHIR,mRHIR,mRHIR,mRHIR
mRHIR
mRHIR
mRHIR,mRHIR,mRHIR,mRHIR,mRHIR
mRHIR
mRHIR,mRHIR,mRHIR,mRHIR,mRHIR
mRHIR
mRHIR,mRHIR,mRHIR,mRHIR,mRHIR
mRHIR
mRHIR,mRHIR,mRHIR,mRHIR,mRHIR
mRHIR
mRHIR
mRHIR,mRHIR,mRHIR,mRHIR,mRHIR
mRHIR
mRHIR,mRHIR,mRHIR,mRHIR,mRHIR
mRHIR
mRHIR,mRHIR,mRHIR,mRHIR,mRHIR
mRHIR
mRHIR
mRHIR
mRHIR,mRHIR,mRHIR,mRHIR,mRHIR,mRHIR
mRHIR
mRHIR
mRHIR,mRHIR,mRHIR,mRHIR,mRHIR
mRHIR
mRHIR
mRHIR
mRHIR,mRHIR,mRHIR,mRHIR,mRHIR
mRHIR
mRHIR
Jedi Wagner, assuma o comando!