Toque! Toque, Dijê!
Toque! Toque, Dijê!
[vazia]
[vazia]
flFbU
UFJUjqWX
[vazia]
h
gg
gg
gg,UFJUjqWX,flFbU
gg
gg
gg,UFJUjqWX,HadFO,ssofgXMaz,HadFO
gg
gg
gg,UFJUjqWX,HadFO,ssofgXMaz,HadFO,h,gg
gg,UFJUjqWX,HadFO,ssofgXMaz,HadFO,h,gg
UFJUjqWX
gg,UFJUjqWX,ssofgXMaz,HadFO,HadFO,h,gg
UFJUjqWX
HadFO
gg,UFJUjqWX,ssofgXMaz,HadFO,HadFO,h,gg,gg
gg
HadFO
HadFO
HadFO
ssofgXMaz,HadFO,gg,HadFO,gg,gg,gg
ssofgXMaz,HadFO,gg,HadFO,gg,gg,gg
HadFO,gg,HadFO,ssofgXMaz,gg,gg,gg,HadFO
HadFO,gg,HadFO,ssofgXMaz,gg,gg,gg,HadFO
HadFO,gg,HadFO,ssofgXMaz,gg,h,gg,gg,HadFO
HadFO,gg,HadFO,ssofgXMaz,gg,h,gg,gg,HadFO,gg
gg
HadFO,gg,HadFO,ssofgXMaz,gg,gg,gg,HadFO,h
gg
gg
gg
HadFO,HadFO,ssofgXMaz,gg,gg,gg,HadFO,h,HadFO,HadFO
HadFO,ssofgXMaz,gg,gg,gg,HadFO,h,HadFO,HadFO,h,flFbU,gg
gg
gg
HadFO,ssofgXMaz,gg,gg,gg,HadFO,h,HadFO,HadFO,h,flFbU,gg
gg
HadFO,ssofgXMaz,gg,gg,HadFO,HadFO,HadFO,h,flFbU,gg,HadFO,HadFO
HadFO,gg,gg,HadFO,HadFO,HadFO,h,flFbU,gg,HadFO,HadFO
gg
HadFO,ssofgXMaz,gg,gg,HadFO,h,HadFO,HadFO,h,flFbU,gg,HadFO,HadFO
HadFO,ssofgXMaz,gg,gg,HadFO,h,HadFO,HadFO,h,flFbU,gg,HadFO,HadFO,h
HadFO
HadFO
HadFO
HadFO
HadFO,ssofgXMaz,gg,gg,HadFO,h,HadFO,HadFO,h,flFbU,gg,HadFO,HadFO
HadFO,ssofgXMaz,gg,gg,HadFO,h,HadFO,HadFO,h,flFbU,gg,HadFO,HadFO
HadFO
HadFO,gg,gg,HadFO,ssofgXMaz,HadFO,HadFO,h,gg,HadFO,HadFO,h
HadFO,gg,gg,HadFO,ssofgXMaz,HadFO,HadFO,h,gg,HadFO,HadFO,h,ssofgXMaz
HadFO,gg,gg,HadFO,ssofgXMaz,HadFO,HadFO,h,gg,HadFO,HadFO,h,ssofgXMaz
h
HadFO,gg,HadFO,h,ssofgXMaz,HadFO,HadFO,gg,HadFO,HadFO,h
ssofgXMaz
HadFO,gg,HadFO,h,UFJUjqWX,HadFO,HadFO,gg,HadFO,HadFO,h
HadFO
ssofgXMaz
ssofgXMaz
HadFO,gg,HadFO,h,ssofgXMaz,HadFO,HadFO,gg,HadFO,HadFO,h,h,gg
HadFO
h,HadFO,HadFO,gg,ssofgXMaz,HadFO,gg,HadFO,HadFO,h,h,gg
h,HadFO,HadFO,gg,HadFO,gg,HadFO,HadFO,h,h,gg
h,HadFO,HadFO,gg,HadFO,gg,HadFO,HadFO,h,h,gg
h,HadFO,gg,HadFO,HadFO,gg,HadFO,HadFO,h,h,gg
h,HadFO,gg,HadFO,UFJUjqWX,HadFO,gg,HadFO,HadFO,h,h,gg
HadFO
HadFO
HadFO
HadFO
h,HadFO,gg,HadFO,HadFO,gg,HadFO,HadFO,h,h,gg,UFJUjqWX,gg
HadFO
HadFO
HadFO
HadFO,gg,HadFO,HadFO,gg,HadFO,HadFO,h,h,gg,gg
h,HadFO,gg,HadFO,HadFO,gg,HadFO,HadFO,h,h,gg,UFJUjqWX,gg
h,HadFO,gg,HadFO,HadFO,gg,HadFO,HadFO,h,h,gg,UFJUjqWX,gg
h
h,HadFO,gg,HadFO,HadFO,gg,HadFO,HadFO,h,h,gg,UFJUjqWX,gg,h
h
h
h,gg,HadFO,HadFO,gg,HadFO,HadFO,h,h,HadFO,gg,UFJUjqWX,gg,h,h,HadFO
HadFO
UFJUjqWX
UFJUjqWX
h,HadFO,gg,HadFO,HadFO,gg,HadFO,HadFO,h,h,gg,UFJUjqWX,gg,h,h
h
h,HadFO,gg,HadFO,HadFO,gg,HadFO,HadFO,h,h,gg,UFJUjqWX,gg,h,h
h
h
h
h
h
h,HadFO,gg,HadFO,HadFO,gg,HadFO,HadFO,h,h,gg,UFJUjqWX,gg,h,h
h
Jedi Wagner, assuma o comando!