Toque! Toque, Dijê!
[vazia]
yspUrc
Toque! Toque, Dijê!
Toque! Toque, Dijê!
ck
ck
ck,yspUrc,SdIeWJtm,ck
Toque! Toque, Dijê!
[vazia]
[vazia]
Sm
Sm
Toque! Toque, Dijê!
[vazia]
Toque! Toque, Dijê!
ck
huC,ck
huC,ck
huC,ck,ck,SdIeWJtm
huC,ck,SdIeWJtm,ck
ck
huC,ck,SdIeWJtm,ck
huC,ck,SdIeWJtm,ck
huC,ck,SdIeWJtm,ck
SdIeWJtm
SdIeWJtm
huC,ck,SdIeWJtm,ck
huC,ck,SdIeWJtm,ck
huC,ck,SdIeWJtm,ck
ck,SdIeWJtm,ck,huC
huC,ck,SdIeWJtm,ck
huC,ck,SdIeWJtm,ck
ck
huC,ck,SdIeWJtm,ck
huC,ck,SdIeWJtm,ck
ck
ck
huC
huC
huC,SdIeWJtm,ck,ck
huC
huC,SdIeWJtm,ck,ck
huC,SdIeWJtm,ck,ck
huC
huC
huC
ck
ck
huC,ck,ck
huC,ck,ck
huC,ck,ck
huC,ck
huC,ck,ck
huC,ck,ck
huC,ck,ck
ck
ck,ck
huC,ck,ck
huC
huC,ck,ck
huC
huC
O
O,huC,ck,ck,yspUrc
ck
ck
ck
ck,ck,yspUrc,O,Sm
O
ck
ck
O,ck,yspUrc,ck,huC,Sm
Sm
Sm
Sm
O,ck,yspUrc,ck,huC,Sm
ck,ck,huC,O,Sm,Sm
ck,ck,huC,O,Sm,Sm,yspUrc
SdIeWJtm
SdIeWJtm
ck,ck,huC,yspUrc,SdIeWJtm,Sm,O,huC,O
ck,ck,yspUrc,Sm,O,huC,O,ck
ck,ck,yspUrc,Sm,O,huC,O,ck
O
ck,yspUrc,Sm,O,ck,huC,O,ck,O,huC
ck,yspUrc,Sm,O,ck,huC,O,ck,O,huC
ck
ck,ck,huC,yspUrc,Sm,O,huC,O,ck,ck
ck,ck,huC,yspUrc,Sm,O,huC,O,ck,ck
ck,ck,huC,yspUrc,Sm,O,huC,O,ck,ck,yspUrc
ck,huC,yspUrc,Sm,O,ck,huC,O,ck,ck,yspUrc
ck,huC,yspUrc,Sm,O,ck,huC,O,ck,ck,yspUrc
ck,huC,yspUrc,Sm,O,ck,huC,O,ck,ck,yspUrc
ck,huC,yspUrc,O,ck,huC,O,ck,ck,yspUrc
O
O
ck,O,ck,huC,O,ck,huC,ck,yspUrc,huC,yspUrc
ck,O,ck,huC,O,ck,huC,ck,yspUrc,huC,yspUrc
ck,O,ck,huC,O,ck,huC,ck,yspUrc,huC,yspUrc
ck,O,ck,huC,O,ck,huC,ck,yspUrc,huC,yspUrc
yspUrc
yspUrc
ck,ck,huC,O,ck,huC,ck,yspUrc,huC,yspUrc
Jedi Wagner, assuma o comando!