Toque! Toque, Dijê!
Toque! Toque, Dijê!
[vazia]
[vazia]
[vazia]
Toque! Toque, Dijê!
Toque! Toque, Dijê!
xJI
xJI
xJI
xJI,lqVWmVG
xJI
xJI
xJI
xJI
xJI
xJI
xJI
xJI
xJI
xJI,c,iGBqVnEC
xJI,c,iGBqVnEC,xJI,xJI
xJI,c,iGBqVnEC,xJI,xJI
c
lqVWmVG,c,iGBqVnEC,xJI,xJI,xJI,sTIM,c,aQVX,lqVWmVG
xJI
GwlApf,xJI,sTIM
GwlApf,xJI,sTIM
GwlApf
GwlApf,xJI,sTIM
xJI
xJI
xJI
sXSmN
sXSmN
sTIM
lqVWmVG
xJI,sXSmN,sTIM,lqVWmVG,lqVWmVG
xJI,sXSmN,sTIM,lqVWmVG,lqVWmVG
lqVWmVG
xJI,sXSmN,sTIM,lqVWmVG,lqVWmVG,aQVX
xJI,sXSmN,sTIM,lqVWmVG,lqVWmVG,aQVX,lqVWmVG
xJI,sXSmN,sTIM,lqVWmVG,lqVWmVG,aQVX,lqVWmVG,GwlApf
xJI,sXSmN,sTIM,lqVWmVG,lqVWmVG,aQVX,lqVWmVG,GwlApf
xJI,sXSmN,sTIM,lqVWmVG,lqVWmVG,aQVX,lqVWmVG,GwlApf
lqVWmVG
xJI,sXSmN,sTIM,lqVWmVG,lqVWmVG,lqVWmVG,GwlApf
lqVWmVG
sXSmN,lqVWmVG,lqVWmVG,sTIM,lqVWmVG,GwlApf,GwlApf
lqVWmVG
GwlApf
xJI,sXSmN,sTIM,lqVWmVG,GwlApf,GwlApf,WkpB,c
sXSmN
sXSmN
GwlApf
GwlApf
WkpB
xJI,sTIM,lqVWmVG,GwlApf,sXSmN,GwlApf,WkpB,c
xJI,sTIM,lqVWmVG,GwlApf,sXSmN,GwlApf,WkpB,c
c
xJI,lqVWmVG,GwlApf,sXSmN,GwlApf,WkpB,c
lqVWmVG,GwlApf,sXSmN,GwlApf,WkpB,c
c
xJI,lqVWmVG,GwlApf,GwlApf,WkpB,c
c
lqVWmVG
xJI,GwlApf,GwlApf,WkpB,c,lqVWmVG,sXSmN
xJI,sTIM,lqVWmVG,GwlApf,sXSmN,GwlApf,WkpB,c
xJI
xJI
xJI
xJI,dJmO,GwlApf,lqVWmVG,sXSmN,GwlApf,WkpB,c,sXSmN,aQVX
xJI,dJmO,GwlApf,lqVWmVG,sXSmN,GwlApf,WkpB,c,sXSmN,aQVX
iGBqVnEC
xJI,iGBqVnEC,GwlApf,lqVWmVG,sXSmN,GwlApf,WkpB,c,sXSmN,aQVX,sTIM,c
iGBqVnEC
GwlApf
GwlApf
GwlApf
GwlApf
GwlApf
GwlApf
xJI,GwlApf,lqVWmVG,sXSmN,GwlApf,sXSmN,aQVX,c
xJI,GwlApf,lqVWmVG,sXSmN,GwlApf,sXSmN,aQVX,c,WkpB
xJI,GwlApf,aQVX,lqVWmVG,sXSmN,GwlApf,sXSmN,c,WkpB
xJI,GwlApf,aQVX,lqVWmVG,sXSmN,GwlApf,sXSmN,c,WkpB
xJI,GwlApf,lqVWmVG,aQVX,GwlApf,sXSmN,c,WkpB
xJI,GwlApf,lqVWmVG,aQVX,GwlApf,sXSmN,c,WkpB
xJI,GwlApf,lqVWmVG,aQVX,GwlApf,sXSmN,c,WkpB
xJI,GwlApf,lqVWmVG,aQVX,GwlApf,sXSmN,c,WkpB
GwlApf
sXSmN
xJI,GwlApf,lqVWmVG,aQVX,GwlApf,sXSmN,c,WkpB,GwlApf
xJI,GwlApf,lqVWmVG,aQVX,GwlApf,sXSmN,c,WkpB,GwlApf
WkpB
WkpB
WkpB
lqVWmVG
xJI,GwlApf,aQVX,GwlApf,sXSmN,c,WkpB,lqVWmVG,GwlApf,lqVWmVG
dJmO
xJI,GwlApf,aQVX,GwlApf,sXSmN,c,GwlApf,lqVWmVG,dJmO,iGBqVnEC
xJI,GwlApf,aQVX,GwlApf,c,GwlApf,lqVWmVG,dJmO,sXSmN,iGBqVnEC,dJmO,dJmO
sXSmN
sXSmN
xJI,GwlApf,aQVX,GwlApf,sXSmN,c,GwlApf,lqVWmVG,dJmO
xJI,GwlApf,aQVX,GwlApf,sXSmN,c,GwlApf,lqVWmVG,dJmO
xJI
xJI
xJI
xJI,lqVWmVG,GwlApf,aQVX,GwlApf,sXSmN,c,GwlApf,dJmO
lqVWmVG
lqVWmVG
xJI,GwlApf,lqVWmVG,aQVX,GwlApf,sXSmN,c,GwlApf,dJmO
xJI,GwlApf,lqVWmVG,GwlApf,sXSmN,c,GwlApf,dJmO
GwlApf,lqVWmVG,xJI,GwlApf,sXSmN,c,GwlApf,dJmO
GwlApf
GwlApf,lqVWmVG,GwlApf,sXSmN,c,GwlApf,dJmO
GwlApf
GwlApf
lqVWmVG,GwlApf,sXSmN,c,GwlApf,dJmO,c,WkpB
lqVWmVG,GwlApf,sXSmN,dJmO,c,GwlApf,c,WkpB
sXSmN
lqVWmVG,GwlApf,sXSmN,dJmO,c,GwlApf,c,WkpB
sXSmN
c
GwlApf,sXSmN,dJmO,c,GwlApf,c,WkpB,aQVX,sTIM
GwlApf,sXSmN,c,GwlApf,c,WkpB,aQVX,lqVWmVG
GwlApf,sXSmN,c,GwlApf,c,WkpB,aQVX,lqVWmVG,lqVWmVG
c
lqVWmVG,GwlApf,sXSmN,dJmO,c,GwlApf,c,WkpB,aQVX
lqVWmVG,GwlApf,sXSmN,dJmO,c,GwlApf,c,WkpB,aQVX
c
c
c
lqVWmVG,GwlApf,sXSmN,dJmO,c,aQVX,GwlApf,c,WkpB,iGBqVnEC,GwlApf
c
lqVWmVG,GwlApf,sXSmN,dJmO,c,GwlApf,c,WkpB,iGBqVnEC,xJI,sXSmN
lqVWmVG,GwlApf,dJmO,sXSmN,GwlApf,c,WkpB,iGBqVnEC,xJI,sXSmN,xJI
lqVWmVG,GwlApf,dJmO,sXSmN,GwlApf,c,WkpB,iGBqVnEC,xJI,sXSmN,xJI
sXSmN
lqVWmVG,GwlApf,dJmO,sXSmN,GwlApf,c,WkpB,iGBqVnEC,xJI,sXSmN,xJI
sXSmN
lqVWmVG,GwlApf,dJmO,c,GwlApf,c
lqVWmVG,GwlApf,dJmO,c,GwlApf,c
lqVWmVG,GwlApf,dJmO,c,GwlApf,c
c
lqVWmVG,GwlApf,dJmO,c,GwlApf,c,sXSmN,WkpB,aQVX,xJI,aQVX
c
lqVWmVG,GwlApf,dJmO,c,GwlApf,c,sXSmN,WkpB,aQVX,xJI,aQVX,sTIM,iGBqVnEC,iGBqVnEC,sXSmN,sXSmN
lqVWmVG,GwlApf,dJmO,c,GwlApf,c,sXSmN,WkpB,aQVX,xJI,aQVX,sTIM,iGBqVnEC,iGBqVnEC,sXSmN,sXSmN
c
c
lqVWmVG,GwlApf,sXSmN,dJmO,c,GwlApf,c,WkpB,aQVX,xJI,aQVX,aQVX
lqVWmVG,GwlApf,sXSmN,dJmO,c,GwlApf,c,WkpB,aQVX,xJI,aQVX,aQVX
lqVWmVG,GwlApf,sXSmN,dJmO,c,GwlApf,c,WkpB,aQVX,xJI,aQVX,aQVX
lqVWmVG,GwlApf,dJmO,c,GwlApf,c,WkpB,aQVX,xJI,sXSmN,aQVX,aQVX,aQVX
GwlApf,dJmO,GwlApf,c,WkpB,aQVX,xJI,sXSmN,c,lqVWmVG,aQVX,aQVX,aQVX,GwlApf
sXSmN
sXSmN
sXSmN
dJmO,GwlApf,c,aQVX,sXSmN,WkpB,c,lqVWmVG,aQVX,aQVX,aQVX,GwlApf,aQVX,WkpB,GwlApf,GwlApf
lqVWmVG
c
GwlApf
dJmO
c,aQVX,sXSmN,WkpB,c,GwlApf,dJmO,lqVWmVG,aQVX,aQVX,aQVX,GwlApf,aQVX,WkpB,GwlApf,GwlApf,iGBqVnEC,aQVX,GwlApf
c
aQVX,sXSmN,c,dJmO,c,GwlApf,lqVWmVG,aQVX,aQVX,aQVX,GwlApf,aQVX,WkpB,GwlApf,GwlApf,iGBqVnEC,aQVX,GwlApf,lqVWmVG,sTIM,sTIM
lqVWmVG
lqVWmVG
aQVX,sXSmN,c,dJmO,c,GwlApf,lqVWmVG,aQVX,aQVX,aQVX,GwlApf,aQVX,WkpB,GwlApf,GwlApf,iGBqVnEC,aQVX,GwlApf,lqVWmVG,sTIM,sTIM
aQVX
sXSmN,c,dJmO,c,GwlApf,lqVWmVG,aQVX,aQVX,aQVX,aQVX,GwlApf,aQVX,WkpB,GwlApf,GwlApf,iGBqVnEC,aQVX,GwlApf,lqVWmVG,sTIM,sTIM
sXSmN,c,dJmO,c,GwlApf,lqVWmVG,aQVX,aQVX,aQVX,aQVX,GwlApf,aQVX,WkpB,GwlApf,GwlApf,iGBqVnEC,aQVX,GwlApf,lqVWmVG,sTIM,sTIM
sXSmN,c,dJmO,c,GwlApf,lqVWmVG,aQVX,aQVX,aQVX,aQVX,GwlApf,aQVX,WkpB,GwlApf,GwlApf,iGBqVnEC,aQVX,GwlApf,lqVWmVG,sTIM,sTIM
aQVX
sTIM
sXSmN,dJmO,c,GwlApf,lqVWmVG,aQVX,sTIM,aQVX,aQVX,aQVX,GwlApf,aQVX,GwlApf,GwlApf,iGBqVnEC,aQVX,GwlApf,lqVWmVG,sTIM
sXSmN,dJmO,c,GwlApf,lqVWmVG,aQVX,sTIM,aQVX,aQVX,aQVX,GwlApf,aQVX,GwlApf,GwlApf,iGBqVnEC,aQVX,GwlApf,lqVWmVG,sTIM,dJmO,sXSmN
aQVX
sXSmN,c,dJmO,c,lqVWmVG,sTIM,aQVX,aQVX,aQVX,aQVX,GwlApf,aQVX,GwlApf,GwlApf,iGBqVnEC,aQVX,GwlApf,lqVWmVG,sTIM
sXSmN,c,dJmO,c,lqVWmVG,sTIM,aQVX,aQVX,aQVX,aQVX,GwlApf,aQVX,GwlApf,GwlApf,iGBqVnEC,aQVX,GwlApf,lqVWmVG,sTIM,GwlApf
aQVX
aQVX
aQVX
aQVX
aQVX
c
sXSmN,c,lqVWmVG,aQVX,aQVX,aQVX,aQVX,c,aQVX,dJmO,GwlApf,GwlApf,iGBqVnEC,aQVX,GwlApf,lqVWmVG,sTIM,xJI,sXSmN,xJI
sXSmN,c,lqVWmVG,aQVX,aQVX,aQVX,aQVX,c,aQVX,dJmO,GwlApf,GwlApf,iGBqVnEC,aQVX,GwlApf,lqVWmVG,sTIM,xJI
GwlApf
sXSmN,c,lqVWmVG,aQVX,aQVX,aQVX,aQVX,c,aQVX,GwlApf,GwlApf,aQVX,GwlApf,lqVWmVG,sTIM,xJI
sXSmN,c,lqVWmVG,aQVX,aQVX,aQVX,aQVX,c,aQVX,GwlApf,GwlApf,aQVX,GwlApf,lqVWmVG,sTIM,xJI,dJmO
c,lqVWmVG,aQVX,aQVX,aQVX,aQVX,c,aQVX,GwlApf,GwlApf,aQVX,GwlApf,lqVWmVG,sTIM,xJI,dJmO,xJI,sTIM,WkpB
Jedi Wagner, assuma o comando!