qisF
qisF
gI
gI
[vazia]
[vazia]
[vazia]
[vazia]
Toque! Toque, Dijê!
Xsic
Xsic
pFVcWGx
qisF
qisF,SkPPCbtS,pFVcWGx,pFVcWGx
qisF,SkPPCbtS,pFVcWGx,pFVcWGx
qisF
qisF
qisF,SkPPCbtS,pFVcWGx,pFVcWGx,gI,Xsic
qisF
qisF,SkPPCbtS,pFVcWGx
qisF,SkPPCbtS,pFVcWGx
SkPPCbtS
SkPPCbtS
qisF
qisF,pFVcWGx,SkPPCbtS,SkPPCbtS,SkPPCbtS,qisF,uETXhTWkQd
pFVcWGx
pFVcWGx
SkPPCbtS,qisF,pFVcWGx,SkPPCbtS
SkPPCbtS,qisF,pFVcWGx,SkPPCbtS,itgg
pFVcWGx
SkPPCbtS,qisF,pFVcWGx,SkPPCbtS
SkPPCbtS,qisF,pFVcWGx,SkPPCbtS
SkPPCbtS,qisF,SkPPCbtS,qisF
SkPPCbtS,qisF,SkPPCbtS,qisF,Xsic
Xsic
Xsic
SkPPCbtS,qisF,SkPPCbtS,qisF,Xsic,uETXhTWkQd,itgg
Xsic
SkPPCbtS,qisF,SkPPCbtS,qisF,Xsic,uETXhTWkQd,itgg
SkPPCbtS,qisF,SkPPCbtS,qisF,Xsic
Xsic
SkPPCbtS,qisF,SkPPCbtS,qisF,Xsic
SkPPCbtS,qisF,SkPPCbtS,qisF,Xsic,Xsic,uETXhTWkQd
SkPPCbtS,qisF,SkPPCbtS,qisF,Xsic,Xsic,uETXhTWkQd
SkPPCbtS,qisF,SkPPCbtS,qisF,Xsic,itgg
SkPPCbtS,qisF,SkPPCbtS,qisF,Xsic,itgg
SkPPCbtS,qisF,SkPPCbtS,qisF,Xsic,itgg
SkPPCbtS
SkPPCbtS,qisF,SkPPCbtS,qisF,Xsic,itgg,pFVcWGx
SkPPCbtS,qisF,SkPPCbtS,qisF,itgg
SkPPCbtS
Jedi Wagner, assuma o comando!