Toque! Toque, Dijê!
Toque! Toque, Dijê!
[vazia]
Toque! Toque, Dijê!
[vazia]
HmH
HmH
HmH
HmH
HmH
HmH
HmH,fYCQFdb
HmH
HmH
HmH
HmH
HmH
HmH
HmH
HmH
HmH
HmH
HmH,NFiCDqH,EJhuJln,EJhuJln
HmH
HmH
HmH
NFiCDqH
HmH,NFiCDqH,EJhuJln,NFiCDqH,EJhuJln
HmH,NFiCDqH,EJhuJln,NFiCDqH,EJhuJln
EJhuJln
EJhuJln
HmH,NFiCDqH,EJhuJln,NFiCDqH,EJhuJln,NFiCDqH,l
EJhuJln
HmH,NFiCDqH,EJhuJln,NFiCDqH,EJhuJln,NFiCDqH,l
HmH,NFiCDqH,EJhuJln,NFiCDqH,EJhuJln,NFiCDqH,l
NFiCDqH,EJhuJln,NFiCDqH,EJhuJln,NFiCDqH,l
EJhuJln
Jedi Wagner, assuma o comando!