[vazia]
Toque! Toque, Dijê!
[vazia]
eMG,QfdJQaqG
eMG
eMG,QfdJQaqG
QfdJQaqG
eMG
eMG
QfdJQaqG
QfdJQaqG,eMG,QfdJQaqG,VwsIwNqBnc,usCOqPjmR
QfdJQaqG,eMG,QfdJQaqG,VwsIwNqBnc,usCOqPjmR
QfdJQaqG
QfdJQaqG,eMG,QfdJQaqG,usCOqPjmR,VwsIwNqBnc
QfdJQaqG,eMG,QfdJQaqG,usCOqPjmR,VwsIwNqBnc
QfdJQaqG
QfdJQaqG
QfdJQaqG
QfdJQaqG
QfdJQaqG
QfdJQaqG,eMG,QfdJQaqG,usCOqPjmR,VwsIwNqBnc,Ip,eMG
QfdJQaqG
QfdJQaqG
QfdJQaqG,eMG,Ip,QfdJQaqG,usCOqPjmR,VwsIwNqBnc
Ip
QfdJQaqG,eMG,Ip,QfdJQaqG,usCOqPjmR,VwsIwNqBnc
QfdJQaqG,eMG,QfdJQaqG,Ip,usCOqPjmR,VwsIwNqBnc
QfdJQaqG
QfdJQaqG,eMG,QfdJQaqG,Ip,usCOqPjmR,VwsIwNqBnc
QfdJQaqG
QfdJQaqG,QfdJQaqG,Ip,usCOqPjmR,VwsIwNqBnc,eMG,eMG,QfdJQaqG
QfdJQaqG,eMG,Ip,QfdJQaqG,usCOqPjmR,VwsIwNqBnc
QfdJQaqG
QfdJQaqG,eMG,Ip,QfdJQaqG,usCOqPjmR,VwsIwNqBnc,VwsIwNqBnc
QfdJQaqG,QfdJQaqG,eMG,Ip,usCOqPjmR,VwsIwNqBnc
QfdJQaqG,eMG,Ip,QfdJQaqG,usCOqPjmR,VwsIwNqBnc
QfdJQaqG,eMG,Ip,QfdJQaqG,usCOqPjmR,VwsIwNqBnc
VwsIwNqBnc
VwsIwNqBnc
VwsIwNqBnc
QfdJQaqG,eMG,Ip,QfdJQaqG,usCOqPjmR,VwsIwNqBnc,VwsIwNqBnc
VwsIwNqBnc
VwsIwNqBnc
QfdJQaqG,Ip,QfdJQaqG,VwsIwNqBnc
QfdJQaqG
QfdJQaqG,eMG,Ip,QfdJQaqG,VwsIwNqBnc
QfdJQaqG
QfdJQaqG
QfdJQaqG,eMG,Ip,QfdJQaqG,VwsIwNqBnc
QfdJQaqG,eMG,Ip,QfdJQaqG,VwsIwNqBnc
QfdJQaqG,eMG,Ip,QfdJQaqG,VwsIwNqBnc
QfdJQaqG
eMG
QfdJQaqG,eMG,QfdJQaqG,VwsIwNqBnc,Ip,usCOqPjmR
eMG
eMG
Ip
Ip
QfdJQaqG,Ip,QfdJQaqG,VwsIwNqBnc,Ip,Ip
Ip
Ip
Ip
Ip
QfdJQaqG,Ip,QfdJQaqG,VwsIwNqBnc,Ip,Ip
Ip
Ip
QfdJQaqG,Ip,QfdJQaqG,VwsIwNqBnc,Ip,eMG
QfdJQaqG,Ip,QfdJQaqG,VwsIwNqBnc,Ip,eMG
QfdJQaqG,Ip,QfdJQaqG,VwsIwNqBnc,Ip,eMG,usCOqPjmR
Ip
VwsIwNqBnc
VwsIwNqBnc,Ip,QfdJQaqG,Ip,eMG,usCOqPjmR,Ip
VwsIwNqBnc
QfdJQaqG,VwsIwNqBnc,Ip,QfdJQaqG,Ip,eMG,usCOqPjmR,Ip
Ip
QfdJQaqG
QfdJQaqG
QfdJQaqG
eMG,VwsIwNqBnc,Ip
VwsIwNqBnc
VwsIwNqBnc
VwsIwNqBnc
eMG,VwsIwNqBnc,UjyeuH,Ip,UjyeuH,QfdJQaqG
VwsIwNqBnc
eMG,VwsIwNqBnc,Ip,UjyeuH,UjyeuH,QfdJQaqG,VwsIwNqBnc
eMG,VwsIwNqBnc,UjyeuH,UjyeuH,QfdJQaqG,VwsIwNqBnc,eMG,usCOqPjmR,Ip
Ip
Ip
QfdJQaqG,Ip,QfdJQaqG,VwsIwNqBnc,Ip,usCOqPjmR
QfdJQaqG,Ip,QfdJQaqG,VwsIwNqBnc,Ip,usCOqPjmR
QfdJQaqG
QfdJQaqG
eMG,Ip,QfdJQaqG,QfdJQaqG,VwsIwNqBnc,Ip
Ip
QfdJQaqG,eMG,Ip,QfdJQaqG,VwsIwNqBnc,Ip
QfdJQaqG,eMG,Ip,QfdJQaqG,VwsIwNqBnc,Ip
QfdJQaqG,eMG,Ip,QfdJQaqG,VwsIwNqBnc,Ip
Ip
QfdJQaqG
VwsIwNqBnc
Ip
eMG,QfdJQaqG,VwsIwNqBnc,Ip,eMG,QfdJQaqG,eMG
eMG,QfdJQaqG,VwsIwNqBnc,Ip,eMG,QfdJQaqG,eMG,QfdJQaqG
Ip
eMG,QfdJQaqG,Ip,VwsIwNqBnc,eMG,QfdJQaqG,eMG,QfdJQaqG
Ip
eMG,QfdJQaqG,VwsIwNqBnc,Ip,eMG,QfdJQaqG
eMG,QfdJQaqG,VwsIwNqBnc,Ip,eMG,QfdJQaqG
eMG,QfdJQaqG,VwsIwNqBnc,Ip,eMG,QfdJQaqG
Ip
eMG,QfdJQaqG,VwsIwNqBnc,Ip,eMG,QfdJQaqG
eMG,QfdJQaqG,VwsIwNqBnc,Ip,eMG,QfdJQaqG
eMG,QfdJQaqG,VwsIwNqBnc,Ip,eMG,QfdJQaqG,Ip
eMG,QfdJQaqG,Ip,eMG,QfdJQaqG
Ip
Ip,eMG,QfdJQaqG,eMG,QfdJQaqG,VwsIwNqBnc,UjyeuH,usCOqPjmR,UjyeuH,eMG
QfdJQaqG
Ip,eMG,QfdJQaqG,eMG,QfdJQaqG,VwsIwNqBnc,UjyeuH,usCOqPjmR,UjyeuH,eMG,usCOqPjmR
Ip,eMG,QfdJQaqG,eMG,QfdJQaqG,VwsIwNqBnc,UjyeuH,usCOqPjmR,UjyeuH,eMG,usCOqPjmR,VwsIwNqBnc
Ip,eMG,QfdJQaqG,eMG,QfdJQaqG,VwsIwNqBnc,UjyeuH,usCOqPjmR,UjyeuH,eMG,usCOqPjmR,VwsIwNqBnc
Ip,eMG,QfdJQaqG,eMG,QfdJQaqG,VwsIwNqBnc,UjyeuH,usCOqPjmR,UjyeuH,eMG,usCOqPjmR,VwsIwNqBnc
QfdJQaqG
Ip,eMG,QfdJQaqG,eMG,QfdJQaqG,VwsIwNqBnc,UjyeuH,usCOqPjmR,UjyeuH,eMG,usCOqPjmR,VwsIwNqBnc
eMG
eMG
eMG
eMG
QfdJQaqG
Ip,eMG,QfdJQaqG,eMG,QfdJQaqG,VwsIwNqBnc,usCOqPjmR,eMG,usCOqPjmR,VwsIwNqBnc,QfdJQaqG
Ip,eMG,QfdJQaqG,eMG,QfdJQaqG,VwsIwNqBnc,usCOqPjmR,eMG,usCOqPjmR,VwsIwNqBnc,QfdJQaqG
Ip,eMG,QfdJQaqG,eMG,QfdJQaqG,VwsIwNqBnc,usCOqPjmR,eMG,usCOqPjmR,VwsIwNqBnc,QfdJQaqG
Ip,eMG,QfdJQaqG,eMG,QfdJQaqG,VwsIwNqBnc,usCOqPjmR,eMG,usCOqPjmR,VwsIwNqBnc,QfdJQaqG
usCOqPjmR
VwsIwNqBnc
Jedi Wagner, assuma o comando!