Toque! Toque, Dijê!
[vazia]
Toque! Toque, Dijê!
[vazia]
Toque! Toque, Dijê!
BP
Toque! Toque, Dijê!
Toque! Toque, Dijê!
[vazia]
[vazia]
[vazia]
[vazia]
BP
BP
BP
BP,XIGQo
BP
BP,XIGQo
Toque! Toque, Dijê!
[vazia]
Toque! Toque, Dijê!
[vazia]
bssinU
bssinU
Toque! Toque, Dijê!
XIGQo
XIGQo
XIGQo
XIGQo,MqtAT
XIGQo
XIGQo,MqtAT
MqtAT
Toque! Toque, Dijê!
bssinU
bssinU
bssinU
bssinU
bssinU
bssinU,s,s
bssinU
bssinU,s,s,AWsHMOBQy
s
bssinU,s,s,AWsHMOBQy
bssinU,s,s,AWsHMOBQy
bssinU,s,s,AWsHMOBQy
bssinU,s,s,AWsHMOBQy,BP
AWsHMOBQy
s,s,BP,AWsHMOBQy,NmJZU,XIGQo,BP,AWsHMOBQy
s,s,BP,AWsHMOBQy,NmJZU,XIGQo,BP,AWsHMOBQy
s,s,BP,XIGQo,AWsHMOBQy,NmJZU,BP,AWsHMOBQy
XIGQo
s,s,XIGQo,BP,AWsHMOBQy,NmJZU,BP,AWsHMOBQy
NmJZU
s,s,AWsHMOBQy,NmJZU,BP,AWsHMOBQy,UDf
s,s,AWsHMOBQy,NmJZU,BP,AWsHMOBQy,UDf
s,s,AWsHMOBQy,NmJZU,BP,AWsHMOBQy,UDf,UDf,BhmjpnO
AWsHMOBQy
AWsHMOBQy
s,s,AWsHMOBQy,NmJZU,BP,AWsHMOBQy,UDf,UDf,BhmjpnO
s,s,AWsHMOBQy,NmJZU,BP,AWsHMOBQy,UDf,UDf,BhmjpnO
BhmjpnO
BhmjpnO
BhmjpnO
BhmjpnO
s,s,AWsHMOBQy,NmJZU,BP,AWsHMOBQy,UDf
UDf
UDf
UDf
MqtAT
UDf
BP
s,s,AWsHMOBQy,BP,AWsHMOBQy,UDf,MqtAT,UDf,BP,NmJZU
s,s,AWsHMOBQy,BP,AWsHMOBQy,UDf,UDf,BP,MqtAT,NmJZU,XIGQo
NmJZU
BP
s,AWsHMOBQy,UDf,UDf,BP,MqtAT,NmJZU,BP,BP,MqtAT,s,NmJZU
s,AWsHMOBQy,UDf,UDf,BP,MqtAT,NmJZU,BP,BP,MqtAT,s,NmJZU
BP
BP
BP
s,AWsHMOBQy,UDf,UDf,BP,MqtAT,NmJZU,BP,BP,MqtAT
s,AWsHMOBQy,UDf,UDf,BP,MqtAT,NmJZU,BP,BP,MqtAT
BP
BP
s,AWsHMOBQy,UDf,UDf,BP,MqtAT,NmJZU,BP,BP,MqtAT,NmJZU,s,UDf
BP
NmJZU
NmJZU
s
UDf,BP,MqtAT,BP,BP,NmJZU,s,AWsHMOBQy,UDf,MqtAT,NmJZU,s,MqtAT,NmJZU,s
BP
BP
UDf,UDf,MqtAT,BP,BP,NmJZU,s,BP,AWsHMOBQy,MqtAT,NmJZU,s,MqtAT,NmJZU,s,BP
UDf,UDf,MqtAT,BP,BP,s,BP,AWsHMOBQy,MqtAT,NmJZU,s,MqtAT,NmJZU,s,BP
BP
AWsHMOBQy,UDf,UDf,MqtAT,BP,BP,BP,XIGQo,s,MqtAT,AWsHMOBQy,NmJZU
AWsHMOBQy,UDf,UDf,MqtAT,BP,BP,BP,XIGQo,s,MqtAT,AWsHMOBQy,NmJZU
BP
s,AWsHMOBQy,UDf,UDf,BP,MqtAT,NmJZU,BP,BP,MqtAT
s,AWsHMOBQy,UDf,UDf,BP,MqtAT,NmJZU,BP,BP,MqtAT
BP
s,AWsHMOBQy,UDf,UDf,BP,MqtAT,NmJZU,BP,BP,MqtAT,MqtAT
BP
MqtAT
MqtAT
AWsHMOBQy,UDf,UDf,BP,MqtAT,NmJZU,BP,BP,MqtAT,s,MqtAT,MqtAT
AWsHMOBQy,UDf,UDf,MqtAT,NmJZU,BP,BP,MqtAT,s,BP,MqtAT,MqtAT
BP
MqtAT
MqtAT
MqtAT
s,BP,MqtAT,BP,BP,MqtAT,MqtAT,NmJZU,bssinU,UDf
MqtAT
MqtAT
MqtAT
AWsHMOBQy,BP,MqtAT,NmJZU,BP,BP,MqtAT,MqtAT,MqtAT
MqtAT
s,AWsHMOBQy,UDf,BP,MqtAT,NmJZU,BP,BP,MqtAT,MqtAT
MqtAT
MqtAT
MqtAT
MqtAT
s,AWsHMOBQy,UDf,BP,MqtAT,NmJZU,BP,BP,MqtAT,MqtAT
s,AWsHMOBQy,UDf,BP,MqtAT,BP,BP,MqtAT,MqtAT
MqtAT
s,AWsHMOBQy,UDf,BP,MqtAT,BP,BP,MqtAT,MqtAT
MqtAT
AWsHMOBQy
s,AWsHMOBQy,UDf,MqtAT,BP,BP,MqtAT,MqtAT,BP
AWsHMOBQy
s,AWsHMOBQy,UDf,MqtAT,BP,BP,MqtAT,MqtAT,BP,AWsHMOBQy,s,UDf,UDf,s,AWsHMOBQy
AWsHMOBQy
AWsHMOBQy
s,AWsHMOBQy,MqtAT,BP,BP,MqtAT,MqtAT,BP,AWsHMOBQy,s,UDf,UDf,s,AWsHMOBQy
s,UDf,AWsHMOBQy,MqtAT,BP,BP,MqtAT,MqtAT,BP,AWsHMOBQy,s,UDf,s,AWsHMOBQy,NmJZU
s,UDf,AWsHMOBQy,MqtAT,BP,BP,MqtAT,MqtAT,BP,AWsHMOBQy,s,UDf,s,AWsHMOBQy,NmJZU
s,UDf,AWsHMOBQy,MqtAT,BP,BP,MqtAT,MqtAT,BP,AWsHMOBQy,s,UDf,s,AWsHMOBQy,NmJZU
s,AWsHMOBQy,UDf,BP,MqtAT,BP,BP,MqtAT,MqtAT
s,AWsHMOBQy,UDf,BP,MqtAT,BP,BP,MqtAT,MqtAT,bssinU
s,AWsHMOBQy,UDf,MqtAT,BP,BP,MqtAT,MqtAT,bssinU,MqtAT
s,AWsHMOBQy,BP,UDf,MqtAT,BP,MqtAT,MqtAT,bssinU,MqtAT,UDf,bssinU
UDf
bssinU
MqtAT
MqtAT
BP,BP,MqtAT,AWsHMOBQy,MqtAT,MqtAT,MqtAT,UDf,bssinU,BhmjpnO,BP,MqtAT,AWsHMOBQy,BP
Jedi Wagner, assuma o comando!