Toque! Toque, Dijê!
bj
bj
bj
bj
bj
bj
xM,bj
xM
xM
xM,bj
xM,bj
xM,bj
xM,bj
bj
xM
xM
bj
bj,bj
bj
bj,bj
xM,bj,bj,xM
xM
bj,xM,xM
bj,xM,xM
xM
xM,bj,xM
xM,xM,bj
xM,xM,bj
xM
xM,xM,bj,xM
xM
xM,xM,xM
xM,xM,xM
xM
xM
xM,xM,xM
xM
xM
bj,xM,xM,xM
bj,xM,xM,bj
bj
bj,bj,bj
bj
xM
bj
bj
xM,xM,bj,bj,bj,xM
xM
xM,bj,bj,xM,bj,xM,xM
xM
xM,bj,bj,xM,bj,xM
xM
xM
bj
xM
xM
xM,xM,xM,bj,xM,bj,bj
xM,xM,xM,xM,bj,bj,bj
bj
xM,xM,xM,xM,bj,bj,bj,bj
xM,xM,xM,bj,bj,bj,bj
xM,xM,bj,bj,bj,bj,bj
xM,xM,bj,bj,bj,bj,bj
xM,xM,bj,bj,bj,bj,bj
xM,xM,bj,bj,bj,bj,bj
bj
bj
xM,bj,bj,bj,bj
bj
bj
bj
bj
xM,bj,bj,bj,bj
bj
bj,bj,bj,bj
bj
xM,bj,bj,bj,bj
bj
bj
bj
bj,bj
bj
bj
bj
bj
bj
xM
xM,bj,xM
xM,bj,xM
Jedi Wagner, assuma o comando!