Toque! Toque, Dijê!
[vazia]
[vazia]
Toque! Toque, Dijê!
[vazia]
[vazia]
[vazia]
Toque! Toque, Dijê!
JtQcLMENRg
JtQcLMENRg
JtQcLMENRg
[vazia]
[vazia]
[vazia]
JtQcLMENRg
JtQcLMENRg
JtQcLMENRg
JtQcLMENRg
JtQcLMENRg,xucQLOoqiV,xucQLOoqiV
JtQcLMENRg
xucQLOoqiV
xucQLOoqiV
JtQcLMENRg,JtQcLMENRg,JtQcLMENRg
JtQcLMENRg,JtQcLMENRg,JtQcLMENRg
JtQcLMENRg
JtQcLMENRg
JtQcLMENRg
JtQcLMENRg
JtQcLMENRg,JtQcLMENRg,JtQcLMENRg,JtQcLMENRg,xucQLOoqiV
JtQcLMENRg
JtQcLMENRg,JtQcLMENRg,JtQcLMENRg,JtQcLMENRg,xucQLOoqiV,JtQcLMENRg
JtQcLMENRg,JtQcLMENRg,JtQcLMENRg,JtQcLMENRg,xucQLOoqiV,JtQcLMENRg
JtQcLMENRg,JtQcLMENRg,JtQcLMENRg,JtQcLMENRg,JtQcLMENRg,JtQcLMENRg
JtQcLMENRg
JtQcLMENRg
JtQcLMENRg
JtQcLMENRg
JtQcLMENRg
JtQcLMENRg,JtQcLMENRg,JtQcLMENRg,JtQcLMENRg,JtQcLMENRg,JtQcLMENRg,JtQcLMENRg,JtQcLMENRg
JtQcLMENRg
JtQcLMENRg
JtQcLMENRg,JtQcLMENRg,JtQcLMENRg,JtQcLMENRg,JtQcLMENRg,JtQcLMENRg,JtQcLMENRg,JtQcLMENRg
JtQcLMENRg
JtQcLMENRg,JtQcLMENRg,JtQcLMENRg,JtQcLMENRg,JtQcLMENRg,JtQcLMENRg,JtQcLMENRg,JtQcLMENRg
JtQcLMENRg,JtQcLMENRg,JtQcLMENRg,JtQcLMENRg,xucQLOoqiV,JtQcLMENRg,JtQcLMENRg,JtQcLMENRg,JtQcLMENRg
JtQcLMENRg,JtQcLMENRg,JtQcLMENRg,JtQcLMENRg,xucQLOoqiV,JtQcLMENRg,JtQcLMENRg,JtQcLMENRg,JtQcLMENRg
JtQcLMENRg,JtQcLMENRg,JtQcLMENRg,JtQcLMENRg,JtQcLMENRg,JtQcLMENRg,JtQcLMENRg,JtQcLMENRg
JtQcLMENRg,JtQcLMENRg,JtQcLMENRg,JtQcLMENRg,JtQcLMENRg,JtQcLMENRg,JtQcLMENRg,JtQcLMENRg
JtQcLMENRg
JtQcLMENRg,JtQcLMENRg,JtQcLMENRg,JtQcLMENRg,JtQcLMENRg,JtQcLMENRg,JtQcLMENRg,JtQcLMENRg,xucQLOoqiV,xucQLOoqiV
JtQcLMENRg,JtQcLMENRg,JtQcLMENRg,JtQcLMENRg,JtQcLMENRg,JtQcLMENRg,JtQcLMENRg,JtQcLMENRg,xucQLOoqiV
JtQcLMENRg,JtQcLMENRg,JtQcLMENRg,JtQcLMENRg,JtQcLMENRg,JtQcLMENRg,JtQcLMENRg
JtQcLMENRg,JtQcLMENRg,JtQcLMENRg,JtQcLMENRg,JtQcLMENRg,JtQcLMENRg,JtQcLMENRg
JtQcLMENRg
JtQcLMENRg,JtQcLMENRg,JtQcLMENRg,JtQcLMENRg,JtQcLMENRg,JtQcLMENRg,JtQcLMENRg,JtQcLMENRg
JtQcLMENRg,JtQcLMENRg,JtQcLMENRg,JtQcLMENRg,JtQcLMENRg,JtQcLMENRg,JtQcLMENRg,JtQcLMENRg
JtQcLMENRg,JtQcLMENRg,JtQcLMENRg,JtQcLMENRg,JtQcLMENRg,JtQcLMENRg,JtQcLMENRg,JtQcLMENRg
JtQcLMENRg,JtQcLMENRg,JtQcLMENRg,JtQcLMENRg,JtQcLMENRg,xucQLOoqiV,JtQcLMENRg,JtQcLMENRg,JtQcLMENRg
JtQcLMENRg
JtQcLMENRg
JtQcLMENRg,JtQcLMENRg,JtQcLMENRg,JtQcLMENRg,JtQcLMENRg,JtQcLMENRg,JtQcLMENRg
JtQcLMENRg
JtQcLMENRg,JtQcLMENRg,JtQcLMENRg,JtQcLMENRg,JtQcLMENRg,JtQcLMENRg,JtQcLMENRg,JtQcLMENRg
JtQcLMENRg,JtQcLMENRg,JtQcLMENRg,JtQcLMENRg,JtQcLMENRg,JtQcLMENRg
JtQcLMENRg,JtQcLMENRg,JtQcLMENRg,JtQcLMENRg,JtQcLMENRg,JtQcLMENRg
JtQcLMENRg
JtQcLMENRg
JtQcLMENRg,JtQcLMENRg,JtQcLMENRg,JtQcLMENRg,JtQcLMENRg,JtQcLMENRg
JtQcLMENRg
JtQcLMENRg
JtQcLMENRg,JtQcLMENRg,JtQcLMENRg,JtQcLMENRg,JtQcLMENRg,JtQcLMENRg,xucQLOoqiV
JtQcLMENRg
JtQcLMENRg,JtQcLMENRg,JtQcLMENRg,JtQcLMENRg,JtQcLMENRg,JtQcLMENRg,JtQcLMENRg,JtQcLMENRg,JtQcLMENRg
JtQcLMENRg
JtQcLMENRg
JtQcLMENRg
JtQcLMENRg
JtQcLMENRg,JtQcLMENRg,JtQcLMENRg,JtQcLMENRg,JtQcLMENRg,JtQcLMENRg,JtQcLMENRg,JtQcLMENRg,xucQLOoqiV
JtQcLMENRg
JtQcLMENRg,JtQcLMENRg,JtQcLMENRg,JtQcLMENRg,JtQcLMENRg,JtQcLMENRg,JtQcLMENRg,xucQLOoqiV,JtQcLMENRg
JtQcLMENRg
JtQcLMENRg,JtQcLMENRg,JtQcLMENRg,JtQcLMENRg,JtQcLMENRg,JtQcLMENRg,JtQcLMENRg,JtQcLMENRg,JtQcLMENRg,JtQcLMENRg
JtQcLMENRg
JtQcLMENRg
JtQcLMENRg,JtQcLMENRg,JtQcLMENRg,JtQcLMENRg,JtQcLMENRg,JtQcLMENRg,JtQcLMENRg
JtQcLMENRg,JtQcLMENRg,JtQcLMENRg,JtQcLMENRg,JtQcLMENRg,JtQcLMENRg
JtQcLMENRg,JtQcLMENRg,JtQcLMENRg,JtQcLMENRg,JtQcLMENRg,JtQcLMENRg
JtQcLMENRg
JtQcLMENRg,JtQcLMENRg,JtQcLMENRg,JtQcLMENRg,JtQcLMENRg,JtQcLMENRg
JtQcLMENRg,JtQcLMENRg,JtQcLMENRg,JtQcLMENRg,JtQcLMENRg,JtQcLMENRg
JtQcLMENRg,JtQcLMENRg,JtQcLMENRg,JtQcLMENRg,JtQcLMENRg,JtQcLMENRg
JtQcLMENRg,JtQcLMENRg,JtQcLMENRg,JtQcLMENRg,JtQcLMENRg,JtQcLMENRg
JtQcLMENRg
JtQcLMENRg,JtQcLMENRg,JtQcLMENRg,JtQcLMENRg,JtQcLMENRg
JtQcLMENRg
JtQcLMENRg,JtQcLMENRg,JtQcLMENRg,JtQcLMENRg,JtQcLMENRg,xucQLOoqiV
JtQcLMENRg
JtQcLMENRg,JtQcLMENRg,JtQcLMENRg,JtQcLMENRg,JtQcLMENRg
JtQcLMENRg
JtQcLMENRg,JtQcLMENRg,JtQcLMENRg,JtQcLMENRg,xucQLOoqiV
JtQcLMENRg
JtQcLMENRg,JtQcLMENRg,JtQcLMENRg,JtQcLMENRg,xucQLOoqiV,JtQcLMENRg,JtQcLMENRg
JtQcLMENRg
JtQcLMENRg,JtQcLMENRg,JtQcLMENRg,JtQcLMENRg,xucQLOoqiV
JtQcLMENRg
JtQcLMENRg
JtQcLMENRg
JtQcLMENRg,JtQcLMENRg,JtQcLMENRg,JtQcLMENRg,xucQLOoqiV
JtQcLMENRg,JtQcLMENRg,JtQcLMENRg,JtQcLMENRg,xucQLOoqiV
JtQcLMENRg
JtQcLMENRg
JtQcLMENRg,JtQcLMENRg,JtQcLMENRg,JtQcLMENRg,xucQLOoqiV,JtQcLMENRg,xucQLOoqiV,xucQLOoqiV
JtQcLMENRg,JtQcLMENRg,JtQcLMENRg,JtQcLMENRg,xucQLOoqiV,JtQcLMENRg,xucQLOoqiV,xucQLOoqiV
JtQcLMENRg
JtQcLMENRg,JtQcLMENRg,JtQcLMENRg,JtQcLMENRg,JtQcLMENRg,xucQLOoqiV,xucQLOoqiV
JtQcLMENRg
JtQcLMENRg,JtQcLMENRg,JtQcLMENRg,JtQcLMENRg,JtQcLMENRg
xucQLOoqiV
JtQcLMENRg,JtQcLMENRg,JtQcLMENRg,JtQcLMENRg,xucQLOoqiV
JtQcLMENRg,JtQcLMENRg,JtQcLMENRg,JtQcLMENRg,xucQLOoqiV
JtQcLMENRg,JtQcLMENRg,JtQcLMENRg,JtQcLMENRg,JtQcLMENRg
JtQcLMENRg
JtQcLMENRg
JtQcLMENRg,JtQcLMENRg,xucQLOoqiV
JtQcLMENRg
JtQcLMENRg,xucQLOoqiV,JtQcLMENRg,JtQcLMENRg,xucQLOoqiV,xucQLOoqiV
JtQcLMENRg,xucQLOoqiV,JtQcLMENRg,JtQcLMENRg,xucQLOoqiV,xucQLOoqiV
JtQcLMENRg,xucQLOoqiV,JtQcLMENRg,JtQcLMENRg,xucQLOoqiV,xucQLOoqiV,JtQcLMENRg,xucQLOoqiV
xucQLOoqiV
xucQLOoqiV
xucQLOoqiV
JtQcLMENRg
JtQcLMENRg
JtQcLMENRg,JtQcLMENRg,xucQLOoqiV,JtQcLMENRg,JtQcLMENRg
xucQLOoqiV
xucQLOoqiV
JtQcLMENRg,JtQcLMENRg,JtQcLMENRg,xucQLOoqiV,xucQLOoqiV,xucQLOoqiV,JtQcLMENRg
JtQcLMENRg,JtQcLMENRg,JtQcLMENRg,xucQLOoqiV,xucQLOoqiV,xucQLOoqiV,JtQcLMENRg,xucQLOoqiV
xucQLOoqiV
JtQcLMENRg,JtQcLMENRg,JtQcLMENRg,xucQLOoqiV,xucQLOoqiV,xucQLOoqiV,JtQcLMENRg,xucQLOoqiV
xucQLOoqiV
JtQcLMENRg,JtQcLMENRg,xucQLOoqiV,xucQLOoqiV,JtQcLMENRg,JtQcLMENRg
JtQcLMENRg,JtQcLMENRg,xucQLOoqiV,xucQLOoqiV,JtQcLMENRg,JtQcLMENRg
JtQcLMENRg,JtQcLMENRg,JtQcLMENRg,xucQLOoqiV,xucQLOoqiV,JtQcLMENRg,JtQcLMENRg
xucQLOoqiV
JtQcLMENRg,JtQcLMENRg,JtQcLMENRg,xucQLOoqiV,JtQcLMENRg,JtQcLMENRg,xucQLOoqiV
JtQcLMENRg,JtQcLMENRg,JtQcLMENRg,JtQcLMENRg,JtQcLMENRg,xucQLOoqiV,xucQLOoqiV
JtQcLMENRg,JtQcLMENRg,JtQcLMENRg,JtQcLMENRg,JtQcLMENRg,xucQLOoqiV,xucQLOoqiV
xucQLOoqiV
xucQLOoqiV
JtQcLMENRg,JtQcLMENRg,JtQcLMENRg,JtQcLMENRg,JtQcLMENRg,xucQLOoqiV,xucQLOoqiV
JtQcLMENRg,JtQcLMENRg,JtQcLMENRg,JtQcLMENRg,JtQcLMENRg,xucQLOoqiV,xucQLOoqiV
xucQLOoqiV
xucQLOoqiV
JtQcLMENRg,JtQcLMENRg,JtQcLMENRg,JtQcLMENRg,xucQLOoqiV,xucQLOoqiV,JtQcLMENRg,xucQLOoqiV
JtQcLMENRg,JtQcLMENRg,JtQcLMENRg,JtQcLMENRg,xucQLOoqiV,xucQLOoqiV
xucQLOoqiV
xucQLOoqiV
JtQcLMENRg,JtQcLMENRg,JtQcLMENRg,xucQLOoqiV,xucQLOoqiV,JtQcLMENRg
JtQcLMENRg,JtQcLMENRg,JtQcLMENRg,xucQLOoqiV,xucQLOoqiV,JtQcLMENRg
JtQcLMENRg,JtQcLMENRg,JtQcLMENRg,xucQLOoqiV,xucQLOoqiV,JtQcLMENRg,xucQLOoqiV
JtQcLMENRg
xucQLOoqiV
xucQLOoqiV
JtQcLMENRg
JtQcLMENRg
Jedi Wagner, assuma o comando!