cwhdLcj
Toque! Toque, Dijê!
[vazia]
[vazia]
[vazia]
Toque! Toque, Dijê!
[vazia]
b,iQWOuDLMo
[vazia]
mqURy
mqURy
mqURy
mqURy
mqURy,P,iIGkCTQCe
mqURy,P,iIGkCTQCe
mqURy
mqURy
mqURy
mqURy,P,iIGkCTQCe
mqURy,P,JJzBT,JJzBT
JJzBT
JJzBT,P,JJzBT,AfAlDSZUzY
JJzBT
mqURy,P,JJzBT,JJzBT,AfAlDSZUzY,b
P
JJzBT
P
P
mqURy,P,JJzBT,JJzBT,AfAlDSZUzY
P
P
P
mqURy,P,JJzBT,JJzBT,AfAlDSZUzY,JJzBT,lKp
mqURy,lKp,P,JJzBT,JJzBT,JJzBT
lKp
P
P
mqURy,P,JJzBT,JJzBT,AfAlDSZUzY
mqURy,P,JJzBT,JJzBT,AfAlDSZUzY
mqURy,JJzBT,P,JJzBT,AfAlDSZUzY
JJzBT
mqURy,P,JJzBT,JJzBT,AfAlDSZUzY
mqURy,JJzBT,P,JJzBT,AfAlDSZUzY,mqURy
JJzBT
mqURy,JJzBT,JJzBT,AfAlDSZUzY,mqURy,iIGkCTQCe,iIGkCTQCe
AfAlDSZUzY
mqURy,JJzBT,JJzBT,AfAlDSZUzY,mqURy,iIGkCTQCe,iIGkCTQCe
mqURy,JJzBT,JJzBT,AfAlDSZUzY,mqURy,iIGkCTQCe,iIGkCTQCe
iIGkCTQCe
iIGkCTQCe
b
b
JJzBT
JJzBT
JJzBT
JJzBT,AfAlDSZUzY,mqURy,mqURy,JJzBT,mqURy,P
mqURy
AfAlDSZUzY
JJzBT,mqURy,AfAlDSZUzY,mqURy,JJzBT,mqURy,P,lKp,P,lKp
JJzBT,mqURy,AfAlDSZUzY,mqURy,JJzBT,mqURy,P,lKp,P,lKp
JJzBT,mqURy,AfAlDSZUzY,mqURy,JJzBT,mqURy,P,lKp,P,lKp
JJzBT,mqURy,AfAlDSZUzY,mqURy,JJzBT,mqURy,P,lKp,P,lKp
mqURy,AfAlDSZUzY,mqURy,JJzBT,mqURy,P,lKp,P,lKp,mqURy,iQWOuDLMo
mqURy
mqURy,AfAlDSZUzY,mqURy,JJzBT,mqURy,P,lKp,P,lKp,mqURy,cwhdLcj,b
mqURy,AfAlDSZUzY,mqURy,JJzBT,mqURy,P,lKp,P,lKp,mqURy,cwhdLcj,b
mqURy
mqURy,AfAlDSZUzY,mqURy,JJzBT,mqURy,b,P,lKp,P,lKp,mqURy,cwhdLcj,P
mqURy,AfAlDSZUzY,mqURy,JJzBT,mqURy,b,P,lKp,P,lKp,mqURy,cwhdLcj,P
mqURy,AfAlDSZUzY,mqURy,JJzBT,mqURy,b,P,lKp,P,lKp,mqURy,cwhdLcj,P
mqURy,AfAlDSZUzY,mqURy,JJzBT,mqURy,b,P,lKp,P,lKp,mqURy,cwhdLcj,P
mqURy
mqURy,AfAlDSZUzY,mqURy,mqURy,b,P,lKp,P,lKp,mqURy,cwhdLcj,P
mqURy,AfAlDSZUzY,mqURy,mqURy,b,P,lKp,P,lKp,mqURy,cwhdLcj,P
b
AfAlDSZUzY,mqURy,mqURy,cwhdLcj,mqURy,b,P,lKp,P,lKp,mqURy,P
mqURy
mqURy,AfAlDSZUzY,mqURy,mqURy,lKp,P,lKp,mqURy,iIGkCTQCe,iQWOuDLMo
mqURy,AfAlDSZUzY,mqURy,mqURy,lKp,P,lKp,mqURy,iIGkCTQCe,iQWOuDLMo
mqURy,AfAlDSZUzY,mqURy,mqURy,P,lKp,mqURy,iIGkCTQCe,iQWOuDLMo
mqURy
mqURy,AfAlDSZUzY,mqURy,JJzBT,mqURy,P,lKp,P,lKp,mqURy
mqURy,AfAlDSZUzY,mqURy,JJzBT,mqURy,P,lKp,P,lKp,mqURy
mqURy,AfAlDSZUzY,mqURy,JJzBT,mqURy,P,lKp,P,lKp,mqURy,AfAlDSZUzY
mqURy,AfAlDSZUzY,mqURy,JJzBT,mqURy,P,lKp,P,lKp,mqURy
mqURy,AfAlDSZUzY,mqURy,JJzBT,mqURy,P,lKp,P,lKp,mqURy
mqURy,AfAlDSZUzY,mqURy,JJzBT,mqURy,P,lKp,P,lKp,mqURy
mqURy,AfAlDSZUzY,mqURy,JJzBT,mqURy,P,lKp,P,lKp,mqURy
mqURy
mqURy,AfAlDSZUzY,mqURy,JJzBT,mqURy,P,lKp,P,lKp,mqURy
lKp
lKp
mqURy,mqURy,mqURy,P,lKp,AfAlDSZUzY,P,lKp,mqURy
mqURy,mqURy,mqURy,P,lKp,AfAlDSZUzY,P,lKp,mqURy
mqURy,mqURy,mqURy,P,lKp,AfAlDSZUzY,P,lKp,mqURy
iQWOuDLMo
mqURy,mqURy,mqURy,P,lKp,iQWOuDLMo,AfAlDSZUzY,P,lKp,mqURy,P
P
mqURy,mqURy,mqURy,P,lKp,iQWOuDLMo,AfAlDSZUzY,P,lKp,mqURy
iQWOuDLMo
mqURy,mqURy,mqURy,P,lKp,iQWOuDLMo,AfAlDSZUzY,P,lKp,mqURy,iQWOuDLMo
lKp
mqURy,mqURy,mqURy,P,iQWOuDLMo,lKp,AfAlDSZUzY,P,lKp,mqURy
iQWOuDLMo
mqURy,mqURy,mqURy,P,lKp,iQWOuDLMo,AfAlDSZUzY,P,lKp,mqURy
mqURy,mqURy,mqURy,P,lKp,iQWOuDLMo,AfAlDSZUzY,P,lKp,mqURy
mqURy,mqURy,mqURy,P,lKp,iQWOuDLMo,AfAlDSZUzY,P,lKp,mqURy
mqURy,mqURy,mqURy,P,lKp,AfAlDSZUzY,iQWOuDLMo,P,lKp,mqURy
mqURy,mqURy,mqURy,P,lKp,iQWOuDLMo,AfAlDSZUzY,P,lKp,mqURy
lKp
lKp
mqURy,mqURy,mqURy,P,lKp,iQWOuDLMo,AfAlDSZUzY,P,lKp,mqURy,cwhdLcj
mqURy,mqURy,mqURy,P,lKp,iQWOuDLMo,AfAlDSZUzY,P,lKp,mqURy,cwhdLcj
mqURy,mqURy,mqURy,P,lKp,iQWOuDLMo,AfAlDSZUzY,P,lKp,mqURy,cwhdLcj
mqURy,mqURy,mqURy,P,lKp,iQWOuDLMo,AfAlDSZUzY,P,lKp,mqURy,cwhdLcj
mqURy,mqURy,mqURy,P,lKp,iQWOuDLMo,AfAlDSZUzY,P,lKp,mqURy,cwhdLcj
mqURy,mqURy,mqURy,P,iQWOuDLMo,AfAlDSZUzY,P,lKp,mqURy,cwhdLcj,iQWOuDLMo,JJzBT,JJzBT,JJzBT
mqURy,mqURy,mqURy,P,iQWOuDLMo,AfAlDSZUzY,P,lKp,mqURy,cwhdLcj,iQWOuDLMo,JJzBT,JJzBT,JJzBT
P
mqURy,mqURy,mqURy,P,iQWOuDLMo,AfAlDSZUzY,lKp,P,lKp,mqURy,cwhdLcj,iQWOuDLMo,JJzBT
mqURy,mqURy,mqURy,P,iQWOuDLMo,AfAlDSZUzY,lKp,P,lKp,mqURy,cwhdLcj,iQWOuDLMo,JJzBT,lKp
mqURy,mqURy,mqURy,P,iQWOuDLMo,AfAlDSZUzY,lKp,P,lKp,mqURy,cwhdLcj,iQWOuDLMo,JJzBT,lKp
mqURy,mqURy,mqURy,P,iQWOuDLMo,lKp,P,AfAlDSZUzY,lKp,mqURy,cwhdLcj,iQWOuDLMo,JJzBT,lKp
P
mqURy,mqURy,P,iQWOuDLMo,P,cwhdLcj,lKp,AfAlDSZUzY,lKp,mqURy,iQWOuDLMo,JJzBT,lKp
P
P
P
mqURy,mqURy,mqURy,lKp,P,P,lKp,mqURy,cwhdLcj,iQWOuDLMo,iIGkCTQCe,AfAlDSZUzY
lKp
mqURy,mqURy,mqURy,lKp,P,P,lKp,mqURy,cwhdLcj,iQWOuDLMo,iIGkCTQCe,AfAlDSZUzY,iQWOuDLMo,b
mqURy
mqURy,mqURy,mqURy,lKp,P,P,lKp,mqURy,iIGkCTQCe,cwhdLcj,AfAlDSZUzY,iQWOuDLMo,b
iIGkCTQCe
mqURy,mqURy,mqURy,lKp,P,P,lKp,mqURy,iIGkCTQCe,cwhdLcj,AfAlDSZUzY,iQWOuDLMo,b
mqURy,mqURy,mqURy,P,P,mqURy,iIGkCTQCe,lKp,lKp,cwhdLcj,AfAlDSZUzY,iQWOuDLMo,b
mqURy,mqURy,mqURy,P,lKp,mqURy,iIGkCTQCe,lKp,cwhdLcj,AfAlDSZUzY,iQWOuDLMo,b
iIGkCTQCe
iIGkCTQCe
iIGkCTQCe
iIGkCTQCe
mqURy,mqURy,mqURy,lKp,P,P,lKp,mqURy,cwhdLcj,iIGkCTQCe,AfAlDSZUzY,iQWOuDLMo,b,b
mqURy,mqURy,mqURy,lKp,P,P,lKp,mqURy,cwhdLcj,iIGkCTQCe,AfAlDSZUzY,iQWOuDLMo,b,b
mqURy,mqURy,mqURy,lKp,P,P,lKp,mqURy,cwhdLcj,iIGkCTQCe,AfAlDSZUzY,iQWOuDLMo,b,b
lKp
lKp
mqURy,mqURy,mqURy,P,lKp,mqURy,iIGkCTQCe,lKp,AfAlDSZUzY,iQWOuDLMo,b,JJzBT,b,cwhdLcj
AfAlDSZUzY
mqURy,mqURy,mqURy,P,lKp,mqURy,iIGkCTQCe,lKp,AfAlDSZUzY,b,JJzBT,b,cwhdLcj,lKp,iIGkCTQCe
mqURy,mqURy,mqURy,P,lKp,mqURy,iIGkCTQCe,lKp,AfAlDSZUzY,b,JJzBT,b,cwhdLcj,lKp,iIGkCTQCe
b
mqURy
mqURy,mqURy,P,lKp,mqURy,iIGkCTQCe,lKp,AfAlDSZUzY,b,mqURy,JJzBT,b,cwhdLcj,lKp,iIGkCTQCe,JJzBT,iQWOuDLMo,AfAlDSZUzY
mqURy,mqURy,P,lKp,mqURy,iIGkCTQCe,lKp,AfAlDSZUzY,b,mqURy,JJzBT,b,cwhdLcj,lKp,iIGkCTQCe,JJzBT,iQWOuDLMo,AfAlDSZUzY
JJzBT
mqURy,mqURy,P,lKp,mqURy,iIGkCTQCe,lKp,b,mqURy,JJzBT,b,AfAlDSZUzY,cwhdLcj,lKp,iIGkCTQCe,JJzBT,iQWOuDLMo,AfAlDSZUzY
b
Jedi Wagner, assuma o comando!