[vazia]
[vazia]
Toque! Toque, Dijê!
[vazia]
[vazia]
Toque! Toque, Dijê!
[vazia]
[vazia]
[vazia]
[vazia]
[vazia]
Toque! Toque, Dijê!
Toque! Toque, Dijê!
IMBVfmAdwW
IMBVfmAdwW
IMBVfmAdwW
[vazia]
[vazia]
[vazia]
[vazia]
IMBVfmAdwW
IMBVfmAdwW
IMBVfmAdwW
oJmcq,oJmcq
oJmcq,oJmcq
oJmcq,oJmcq,IMBVfmAdwW
IMBVfmAdwW
oJmcq
oJmcq
oJmcq
oJmcq,oJmcq
oJmcq
oJmcq
oJmcq,oJmcq,oJmcq
oJmcq
oJmcq
oJmcq
oJmcq,oJmcq
oJmcq,oJmcq
oJmcq
oJmcq
oJmcq,oJmcq
oJmcq,oJmcq
oJmcq,oJmcq,IMBVfmAdwW
oJmcq,oJmcq,IMBVfmAdwW,oJmcq
oJmcq,oJmcq,IMBVfmAdwW,oJmcq
IMBVfmAdwW
IMBVfmAdwW
IMBVfmAdwW
oJmcq,oJmcq,IMBVfmAdwW,oJmcq,IMBVfmAdwW
oJmcq,oJmcq,IMBVfmAdwW,oJmcq,IMBVfmAdwW
IMBVfmAdwW
oJmcq,oJmcq,IMBVfmAdwW,oJmcq,IMBVfmAdwW
IMBVfmAdwW
oJmcq,oJmcq,IMBVfmAdwW,IMBVfmAdwW
oJmcq,IMBVfmAdwW,IMBVfmAdwW,oJmcq
oJmcq,IMBVfmAdwW,IMBVfmAdwW,oJmcq
oJmcq,IMBVfmAdwW,oJmcq,oJmcq,oJmcq,IMBVfmAdwW
IMBVfmAdwW,oJmcq,oJmcq,oJmcq,IMBVfmAdwW,oJmcq
IMBVfmAdwW
oJmcq
oJmcq,IMBVfmAdwW,oJmcq,oJmcq,IMBVfmAdwW,oJmcq,oJmcq
oJmcq,IMBVfmAdwW,oJmcq,oJmcq,IMBVfmAdwW,oJmcq,oJmcq
oJmcq
IMBVfmAdwW,oJmcq,oJmcq,oJmcq,IMBVfmAdwW,oJmcq,oJmcq,IMBVfmAdwW
oJmcq
IMBVfmAdwW,oJmcq,oJmcq,IMBVfmAdwW,oJmcq,oJmcq,IMBVfmAdwW,IMBVfmAdwW
oJmcq,oJmcq,IMBVfmAdwW,oJmcq,oJmcq,IMBVfmAdwW,IMBVfmAdwW
oJmcq,oJmcq,IMBVfmAdwW,oJmcq,oJmcq,IMBVfmAdwW,IMBVfmAdwW
oJmcq
oJmcq,oJmcq,IMBVfmAdwW,oJmcq,oJmcq,IMBVfmAdwW,IMBVfmAdwW
oJmcq,oJmcq,IMBVfmAdwW,oJmcq,oJmcq,IMBVfmAdwW,IMBVfmAdwW
oJmcq,oJmcq,IMBVfmAdwW,oJmcq,oJmcq,IMBVfmAdwW,IMBVfmAdwW
oJmcq
IMBVfmAdwW
IMBVfmAdwW
oJmcq
oJmcq
oJmcq
oJmcq
oJmcq,oJmcq,oJmcq,oJmcq,IMBVfmAdwW,IMBVfmAdwW
oJmcq,oJmcq,IMBVfmAdwW,oJmcq,oJmcq,IMBVfmAdwW,IMBVfmAdwW,oJmcq
IMBVfmAdwW
oJmcq,oJmcq,IMBVfmAdwW,oJmcq,oJmcq,IMBVfmAdwW,IMBVfmAdwW,oJmcq
oJmcq,oJmcq,IMBVfmAdwW,oJmcq,oJmcq,IMBVfmAdwW,IMBVfmAdwW,oJmcq
oJmcq,oJmcq,oJmcq,oJmcq,IMBVfmAdwW,IMBVfmAdwW,oJmcq
oJmcq
oJmcq,oJmcq,oJmcq,IMBVfmAdwW,oJmcq,oJmcq,oJmcq,oJmcq,IMBVfmAdwW
oJmcq
oJmcq
oJmcq
oJmcq
oJmcq,oJmcq,oJmcq,IMBVfmAdwW,oJmcq,oJmcq,oJmcq,oJmcq,IMBVfmAdwW,IMBVfmAdwW
oJmcq
oJmcq
oJmcq,oJmcq,oJmcq,IMBVfmAdwW,oJmcq,oJmcq,oJmcq,oJmcq,IMBVfmAdwW,IMBVfmAdwW
oJmcq,oJmcq,oJmcq,IMBVfmAdwW,oJmcq,oJmcq,oJmcq,oJmcq,IMBVfmAdwW,IMBVfmAdwW
oJmcq
oJmcq,oJmcq,oJmcq,IMBVfmAdwW,oJmcq,oJmcq,oJmcq,oJmcq,IMBVfmAdwW,IMBVfmAdwW
oJmcq
oJmcq
oJmcq,oJmcq,oJmcq,oJmcq,oJmcq,oJmcq,IMBVfmAdwW,IMBVfmAdwW,IMBVfmAdwW
oJmcq
IMBVfmAdwW,oJmcq,oJmcq,oJmcq,oJmcq,oJmcq,IMBVfmAdwW
IMBVfmAdwW,oJmcq,oJmcq,oJmcq,oJmcq,oJmcq,IMBVfmAdwW,IMBVfmAdwW
oJmcq
oJmcq
oJmcq,IMBVfmAdwW,oJmcq,oJmcq,oJmcq,IMBVfmAdwW,IMBVfmAdwW
IMBVfmAdwW
IMBVfmAdwW
oJmcq
IMBVfmAdwW,oJmcq,oJmcq,oJmcq,oJmcq,oJmcq,IMBVfmAdwW,IMBVfmAdwW
oJmcq
oJmcq
IMBVfmAdwW,oJmcq,oJmcq,oJmcq,oJmcq,IMBVfmAdwW,IMBVfmAdwW,oJmcq,oJmcq
oJmcq,oJmcq,IMBVfmAdwW,oJmcq,oJmcq,IMBVfmAdwW,IMBVfmAdwW,oJmcq,oJmcq
oJmcq
IMBVfmAdwW,oJmcq,oJmcq,oJmcq,oJmcq,oJmcq,IMBVfmAdwW,IMBVfmAdwW,oJmcq
IMBVfmAdwW,oJmcq,oJmcq,oJmcq,oJmcq,oJmcq,IMBVfmAdwW,IMBVfmAdwW,oJmcq
oJmcq
IMBVfmAdwW,oJmcq,oJmcq,oJmcq,oJmcq,oJmcq,IMBVfmAdwW,IMBVfmAdwW,oJmcq,IMBVfmAdwW
IMBVfmAdwW,oJmcq,oJmcq,oJmcq,oJmcq,oJmcq,IMBVfmAdwW,IMBVfmAdwW,oJmcq,IMBVfmAdwW
oJmcq,oJmcq,oJmcq,oJmcq,oJmcq,IMBVfmAdwW,IMBVfmAdwW,oJmcq,IMBVfmAdwW,oJmcq
oJmcq
oJmcq
oJmcq
oJmcq,oJmcq,oJmcq,oJmcq,IMBVfmAdwW,oJmcq,IMBVfmAdwW,IMBVfmAdwW,oJmcq,oJmcq
IMBVfmAdwW
IMBVfmAdwW
oJmcq,oJmcq,oJmcq,oJmcq,IMBVfmAdwW,oJmcq,IMBVfmAdwW,IMBVfmAdwW,oJmcq,oJmcq,oJmcq
IMBVfmAdwW
oJmcq,oJmcq,oJmcq,IMBVfmAdwW,oJmcq,IMBVfmAdwW,IMBVfmAdwW,oJmcq,oJmcq,oJmcq
IMBVfmAdwW
IMBVfmAdwW
IMBVfmAdwW
oJmcq
oJmcq,oJmcq,IMBVfmAdwW,oJmcq,IMBVfmAdwW,IMBVfmAdwW,oJmcq,oJmcq,oJmcq,IMBVfmAdwW,IMBVfmAdwW,IMBVfmAdwW,IMBVfmAdwW,IMBVfmAdwW
oJmcq,oJmcq,IMBVfmAdwW,oJmcq,IMBVfmAdwW,IMBVfmAdwW,oJmcq,oJmcq,oJmcq,IMBVfmAdwW,IMBVfmAdwW,IMBVfmAdwW,IMBVfmAdwW,IMBVfmAdwW
oJmcq
oJmcq
oJmcq,IMBVfmAdwW,IMBVfmAdwW,IMBVfmAdwW,oJmcq,oJmcq,oJmcq,IMBVfmAdwW,IMBVfmAdwW,IMBVfmAdwW,IMBVfmAdwW,IMBVfmAdwW,IMBVfmAdwW,oJmcq
oJmcq
IMBVfmAdwW,oJmcq,IMBVfmAdwW,IMBVfmAdwW,oJmcq,oJmcq,oJmcq,IMBVfmAdwW,IMBVfmAdwW,IMBVfmAdwW,IMBVfmAdwW,IMBVfmAdwW,IMBVfmAdwW,IMBVfmAdwW
oJmcq,IMBVfmAdwW,IMBVfmAdwW,IMBVfmAdwW,oJmcq,oJmcq,oJmcq,IMBVfmAdwW,IMBVfmAdwW,IMBVfmAdwW,IMBVfmAdwW,IMBVfmAdwW,IMBVfmAdwW,IMBVfmAdwW
oJmcq
oJmcq
IMBVfmAdwW
oJmcq,oJmcq,IMBVfmAdwW,IMBVfmAdwW,oJmcq,oJmcq,oJmcq,IMBVfmAdwW,IMBVfmAdwW,IMBVfmAdwW,IMBVfmAdwW,IMBVfmAdwW,IMBVfmAdwW,oJmcq,oJmcq,IMBVfmAdwW
oJmcq,IMBVfmAdwW,IMBVfmAdwW,oJmcq,oJmcq,oJmcq,IMBVfmAdwW,IMBVfmAdwW,IMBVfmAdwW,IMBVfmAdwW,IMBVfmAdwW,IMBVfmAdwW,oJmcq,oJmcq,IMBVfmAdwW
IMBVfmAdwW
IMBVfmAdwW
oJmcq,IMBVfmAdwW,IMBVfmAdwW,oJmcq,oJmcq,oJmcq,IMBVfmAdwW,IMBVfmAdwW,IMBVfmAdwW,IMBVfmAdwW,IMBVfmAdwW,IMBVfmAdwW,oJmcq,oJmcq,IMBVfmAdwW,IMBVfmAdwW
IMBVfmAdwW
oJmcq,IMBVfmAdwW,IMBVfmAdwW,oJmcq,oJmcq,oJmcq,IMBVfmAdwW,IMBVfmAdwW,IMBVfmAdwW,IMBVfmAdwW,IMBVfmAdwW,IMBVfmAdwW,oJmcq,oJmcq,IMBVfmAdwW,IMBVfmAdwW
oJmcq
IMBVfmAdwW
oJmcq
oJmcq,oJmcq,IMBVfmAdwW,IMBVfmAdwW,oJmcq,oJmcq,oJmcq,IMBVfmAdwW,IMBVfmAdwW,IMBVfmAdwW,IMBVfmAdwW,IMBVfmAdwW,IMBVfmAdwW,oJmcq
IMBVfmAdwW
IMBVfmAdwW
IMBVfmAdwW
IMBVfmAdwW
oJmcq,IMBVfmAdwW,IMBVfmAdwW,oJmcq,oJmcq,oJmcq,IMBVfmAdwW,IMBVfmAdwW,IMBVfmAdwW,IMBVfmAdwW,IMBVfmAdwW,IMBVfmAdwW,oJmcq
IMBVfmAdwW,IMBVfmAdwW,oJmcq,oJmcq,oJmcq,oJmcq,IMBVfmAdwW,IMBVfmAdwW,IMBVfmAdwW,IMBVfmAdwW,IMBVfmAdwW,IMBVfmAdwW,oJmcq
IMBVfmAdwW,IMBVfmAdwW,oJmcq,oJmcq,oJmcq,oJmcq,IMBVfmAdwW,IMBVfmAdwW,IMBVfmAdwW,IMBVfmAdwW,IMBVfmAdwW,IMBVfmAdwW,oJmcq
oJmcq
IMBVfmAdwW,IMBVfmAdwW,oJmcq,oJmcq,oJmcq,oJmcq,IMBVfmAdwW,IMBVfmAdwW,IMBVfmAdwW,IMBVfmAdwW,IMBVfmAdwW,IMBVfmAdwW,oJmcq
IMBVfmAdwW,IMBVfmAdwW,oJmcq,oJmcq,oJmcq,oJmcq,IMBVfmAdwW,IMBVfmAdwW,IMBVfmAdwW,IMBVfmAdwW,IMBVfmAdwW,IMBVfmAdwW,oJmcq,oJmcq
IMBVfmAdwW,IMBVfmAdwW,oJmcq,oJmcq,oJmcq,oJmcq,IMBVfmAdwW,IMBVfmAdwW,IMBVfmAdwW,IMBVfmAdwW,IMBVfmAdwW,IMBVfmAdwW,oJmcq,oJmcq
IMBVfmAdwW,oJmcq,oJmcq,oJmcq,oJmcq,IMBVfmAdwW,IMBVfmAdwW,IMBVfmAdwW,IMBVfmAdwW,IMBVfmAdwW,IMBVfmAdwW,oJmcq,oJmcq
IMBVfmAdwW
IMBVfmAdwW
oJmcq
oJmcq,oJmcq,IMBVfmAdwW,IMBVfmAdwW,IMBVfmAdwW,IMBVfmAdwW,IMBVfmAdwW,oJmcq,IMBVfmAdwW,oJmcq
oJmcq,IMBVfmAdwW,IMBVfmAdwW,IMBVfmAdwW,IMBVfmAdwW,IMBVfmAdwW,oJmcq,IMBVfmAdwW,oJmcq,oJmcq
IMBVfmAdwW
IMBVfmAdwW
oJmcq,IMBVfmAdwW,IMBVfmAdwW,IMBVfmAdwW,IMBVfmAdwW,IMBVfmAdwW,oJmcq,IMBVfmAdwW,oJmcq,oJmcq,IMBVfmAdwW,oJmcq
IMBVfmAdwW
IMBVfmAdwW,oJmcq,IMBVfmAdwW,IMBVfmAdwW,IMBVfmAdwW,IMBVfmAdwW,oJmcq,IMBVfmAdwW,oJmcq,oJmcq,IMBVfmAdwW,oJmcq
IMBVfmAdwW
oJmcq,IMBVfmAdwW,IMBVfmAdwW,IMBVfmAdwW,oJmcq,IMBVfmAdwW,oJmcq,oJmcq,IMBVfmAdwW,oJmcq,oJmcq
oJmcq,IMBVfmAdwW,IMBVfmAdwW,IMBVfmAdwW,oJmcq,IMBVfmAdwW,oJmcq,oJmcq,IMBVfmAdwW,oJmcq,oJmcq,oJmcq
IMBVfmAdwW
IMBVfmAdwW
IMBVfmAdwW
IMBVfmAdwW
oJmcq,IMBVfmAdwW,IMBVfmAdwW,IMBVfmAdwW,oJmcq,IMBVfmAdwW,oJmcq,oJmcq,IMBVfmAdwW,oJmcq,oJmcq,oJmcq,oJmcq
oJmcq
oJmcq
IMBVfmAdwW,IMBVfmAdwW,oJmcq,IMBVfmAdwW,oJmcq,oJmcq,IMBVfmAdwW,oJmcq,oJmcq,oJmcq,oJmcq,IMBVfmAdwW
IMBVfmAdwW,IMBVfmAdwW,oJmcq,oJmcq,IMBVfmAdwW,oJmcq,oJmcq,oJmcq,oJmcq,IMBVfmAdwW,oJmcq,oJmcq
IMBVfmAdwW
oJmcq
oJmcq,IMBVfmAdwW,IMBVfmAdwW,IMBVfmAdwW,oJmcq,IMBVfmAdwW,oJmcq,oJmcq,IMBVfmAdwW,oJmcq,oJmcq,oJmcq,oJmcq
oJmcq,IMBVfmAdwW,IMBVfmAdwW,IMBVfmAdwW,oJmcq,IMBVfmAdwW,oJmcq,oJmcq,IMBVfmAdwW,oJmcq,oJmcq,oJmcq,oJmcq
oJmcq,IMBVfmAdwW,IMBVfmAdwW,IMBVfmAdwW,oJmcq,IMBVfmAdwW,oJmcq,oJmcq,IMBVfmAdwW,oJmcq,oJmcq,oJmcq,oJmcq
oJmcq
oJmcq,IMBVfmAdwW,IMBVfmAdwW,oJmcq,IMBVfmAdwW,IMBVfmAdwW,oJmcq,oJmcq,IMBVfmAdwW,oJmcq,oJmcq,oJmcq,oJmcq
IMBVfmAdwW
oJmcq,IMBVfmAdwW,IMBVfmAdwW,oJmcq,IMBVfmAdwW,IMBVfmAdwW,oJmcq,oJmcq,IMBVfmAdwW,oJmcq,oJmcq,oJmcq,oJmcq
IMBVfmAdwW
IMBVfmAdwW
IMBVfmAdwW
oJmcq,IMBVfmAdwW,IMBVfmAdwW,oJmcq,IMBVfmAdwW,oJmcq,oJmcq,IMBVfmAdwW,oJmcq,oJmcq,oJmcq,oJmcq
IMBVfmAdwW
oJmcq,IMBVfmAdwW,oJmcq,IMBVfmAdwW,oJmcq,oJmcq,IMBVfmAdwW,oJmcq,oJmcq,oJmcq,oJmcq
Jedi Wagner, assuma o comando!