[vazia]
Toque! Toque, Dijê!
[vazia]
TL
TL,SsLsT
TL
TL,SsLsT,SsLsT,gRQcz,gRQcz
TL
TL
TL
TL
TL,SsLsT
TL,SsLsT
TL,SsLsT
TL,SsLsT
TL
TL,SsLsT
TL
TL
TL
TL
[vazia]
[vazia]
TL
TL,TL
TL
M,M
M,M
M
M
M
M,M
M
M,M
M,M
M,M,M,M,M
M,M,M,M,M
M,M,M,M,M
M
M,M,M,M,M
M,M,M,M,M,M,SsLsT
M,M,M,M,M,M,SsLsT
SsLsT
SsLsT
M,M,SsLsT,M,M,M,M,M,M
M,M,M,M,M,M,M,M,TL
M,M,M,M,M,M,M,M,TL,TL
TL
M,M,TL,M,M,M,M,M,TL
M,M,M,M,M,M,M,M,TL,TL
M,M,M,M,M,M,M,M,TL,TL,M
M,M,M,M,M,M,M,M,TL,TL,M
M
M
M,M,M,TL,M,M,M,M,M,TL,TL
M,M,M,TL,M,M,M,M,M,TL,TL
TL
M,M,M,TL,M,M,M,M,M,TL,TL
TL
M,M,M,M,M,M,M,M,TL,TL,TL
M,M,M,M,M,M,M,M,TL,TL,TL
M,M,M,M,M,M,M,M,TL,TL,TL
M,M,M,M,M,M,M,M,TL,TL,TL
M
M
TL,M,M,M,M,M,M,M,M,TL,TL,SsLsT
TL,M,M,M,M,M,M,M,M,TL,TL
TL,M,M,M,M,M,M,M,M,TL,TL
M
M,M,M,M,M,M,M,M,TL,TL
M
M
M,M,M,M,M,M,M,M,TL,TL
M,M,M,M,M,M,M,M,TL,TL,M
M
M,M,M,M,M,M,M,M,TL
TL
M,M,M,M,M,SsLsT,TL,M,M,M
TL
M,M,M,M,M,SsLsT,TL,M,M,M
M,M,M,M,M,SsLsT,TL,M,M,M
TL
TL
M,M,M,M,M,SsLsT,TL,M,M,M,gRQcz
M
TL
TL
M,M,M,M,M,M,M,M,TL,gRQcz,gRQcz,TL
M,M,M,M,M,M,M,TL,M,gRQcz,gRQcz,TL,TL
M,M,M,M,M,M,M,M,gRQcz,gRQcz,TL,TL,M
M,M,M,M,M,M,M,M,gRQcz,gRQcz,TL,TL,M,gRQcz
gRQcz
gRQcz
M,M,M,M,M,M,M,M,TL,gRQcz,gRQcz,TL,M,gRQcz,M
TL
M
M,M,M,M,M,M,M,TL,gRQcz,M,gRQcz,TL,M,gRQcz,M
M,M,M,M,M,M,M,TL,gRQcz,M,gRQcz,TL,M,gRQcz,M
M,M,M,M,M,M,M,TL,gRQcz,M,gRQcz,TL,M,gRQcz,M
M,M,M,M,M,M,M,M,gRQcz,gRQcz,TL,M,gRQcz,M
gRQcz
M,M,M,M,M,M,M,M,gRQcz,gRQcz,TL,M,gRQcz,M
M,M,M,M,M,M,M,gRQcz,M,gRQcz,M,gRQcz,M
M
M,M,M,M,M,gRQcz,M,gRQcz,M,gRQcz,M,M,SsLsT,gRQcz
M,M,M,M,M,M,M,M,gRQcz,M,gRQcz,M
M,M,M,M,M,M,M,M,gRQcz,M,gRQcz,M
M,M,M,M,M,M,M,M,gRQcz,M,gRQcz,M
M
M
M,M,M,M,M,M,M,M,gRQcz,M,gRQcz,M
M
M
M,M,M,M,M,M,M,M,gRQcz,M,gRQcz,M,SsLsT
M
M,M,M,M,M,M,M,M,gRQcz,M,gRQcz,M,SsLsT,M
M
M
M
M
M
M,M,M,M,M,M,M,M,M,gRQcz,M,M,M
M,gRQcz,M,M,M,M,M,M,M,M,M,M,M
M,gRQcz,M,M,M,M,M,M,M,M,M,M,M
M
M
M,M,M,M,M,M,M,gRQcz,M,gRQcz,M,M,M
M
M,M,M,M,M,M,M,gRQcz,M,M,M
gRQcz
M
M,TL,M,M,M,M,M,M,gRQcz,M,M,M,TL,M
M
M
M,M,M,M,M,M,M,gRQcz,TL,M,M,M,TL,M
gRQcz
gRQcz
M,TL,M,M,M,M,M,M,gRQcz,M,M,M,TL,M
M,TL,M,M,M,M,M,M,gRQcz,M,M,M,TL,M
M
M
M,TL,M,M,M,M,M,M,M,gRQcz,M,M,TL,M
M
TL,M,M,M,M,M,M,gRQcz,M,M,M,M,TL,M,TL
TL,M,M,M,M,M,M,M,M,M,M,TL,M,TL,gRQcz
M
M
M
M
M,M,M,M,M,M,M,M,M,M,TL,TL,M,TL,SsLsT,TL,M,TL
M
M
M,M,M,M,M,M,M,TL,M,M,TL
M
M,M,M,M,M,M,TL,M,M,M,TL,gRQcz
TL
M,M,M,M,M,TL,M,M,M,TL,gRQcz
TL
TL,M,M,M,M,M,M,M,M,M,M,TL,M,TL,gRQcz
M
TL
M,M,M,M,M,M,M,M,M,M,TL,TL,M,TL,gRQcz,gRQcz
M,M,M,M,M,M,M,M,M,M,TL,TL,M,TL,gRQcz,gRQcz
TL
M
M
M
M
TL
TL,M,M,M,M,M,M,M,M,M,M,TL,M,TL,gRQcz,TL,gRQcz
TL,M,M,M,M,M,M,M,M,M,M,TL,M,TL,gRQcz,TL,TL
TL
TL,M,M,M,M,M,M,M,M,M,M,TL,M,TL,gRQcz,TL,TL
M
M
M
SsLsT
SsLsT
TL,M,M,M,M,M,M,M,M,M,TL,SsLsT,M,M,TL,TL
SsLsT
SsLsT
TL,M,M,M,M,M,M,M,M,M,TL,SsLsT,M,M,TL,TL,SsLsT
TL,M,M,M,M,M,M,M,M,M,M,TL,M,TL,gRQcz,TL
M
TL
M
M,M,M,M,M,M,M,M,M,TL,M,M,TL,TL,gRQcz,TL,SsLsT
gRQcz
gRQcz
M,M,M,M,M,M,M,TL,M,M,TL,M,TL,gRQcz,TL,SsLsT,M
gRQcz
gRQcz
M,M,M,M,M,M,M,TL,M,M,TL,M,TL,gRQcz,TL,SsLsT,M,gRQcz,SsLsT
SsLsT
M,M,M,M,M,M,M,M,TL,M,TL,TL,SsLsT,M,gRQcz,TL,M,gRQcz,SsLsT
M,M,M,M,M,M,M,M,TL,M,TL,TL,SsLsT,M,gRQcz,TL,M,gRQcz,SsLsT
gRQcz
M,M,M,M,M,M,M,TL,M,TL,TL,gRQcz,M,SsLsT,M,TL,M,gRQcz,SsLsT,TL
M,M,M,M,M,M,M,TL,M,TL,TL,gRQcz,M,SsLsT,M,TL,M,gRQcz,SsLsT,TL
M,M,M,M,M,M,TL,M,TL,TL,gRQcz,M,SsLsT,M,TL,M,gRQcz,SsLsT,TL
M,M,M,M,M,M,M,gRQcz,M,TL,TL,M,TL,M,gRQcz,SsLsT,TL,M
M,M,M,M,M,M,M,gRQcz,M,TL,SsLsT,TL,M,TL,M,gRQcz,SsLsT,TL,M
M,M,M,M,M,M,M,gRQcz,M,TL,SsLsT,TL,M,TL,M,gRQcz,SsLsT,TL,M,gRQcz
M,M,M,M,M,M,M,gRQcz,M,TL,SsLsT,TL,M,TL,M,gRQcz,SsLsT,TL,M
M,M,M,M,M,M,M,gRQcz,M,TL,SsLsT,TL,M,TL,M,gRQcz,SsLsT,TL,M
M,M,M,M,M,M,M,gRQcz,M,TL,SsLsT,TL,M,TL,M,gRQcz,SsLsT,TL,M
M,M,M,M,M,M,M,gRQcz,M,TL,SsLsT,TL,M,TL,M,gRQcz,SsLsT,TL,M
M,M,M,M,M,M,M,gRQcz,M,TL,SsLsT,TL,M,TL,M,gRQcz,SsLsT,TL,M,gRQcz
TL
M,M,M,M,gRQcz,M,SsLsT,TL,M,M,TL,M,gRQcz,SsLsT,TL,M,gRQcz,gRQcz,SsLsT,TL
M
M
M,M,M,M,M,gRQcz,M,M,SsLsT,TL,M,gRQcz,SsLsT,TL,M,gRQcz,gRQcz,SsLsT,TL
M
M,M,M,M,M,M,gRQcz,TL,M,SsLsT,M,gRQcz,SsLsT,TL,M,gRQcz,gRQcz,SsLsT,TL,TL
M
M
M,M,M,M,M,M,M,SsLsT,gRQcz,M,SsLsT,TL,M,gRQcz,gRQcz,SsLsT,TL,gRQcz,SsLsT
SsLsT
M,M,M,M,M,M,SsLsT,TL,M,M,SsLsT,M,gRQcz,gRQcz,SsLsT,gRQcz,SsLsT,SsLsT,TL,M
M
Jedi Wagner, assuma o comando!