[vazia]
Toque! Toque, Dijê!
Toque! Toque, Dijê!
[vazia]
Toque! Toque, Dijê!
[vazia]
[vazia]
Toque! Toque, Dijê!
Toque! Toque, Dijê!
[vazia]
u
u
u
NsWFMAR
[vazia]
BqQrIZ,AxGprEj,rvIJsSpqWF,gLTNjB
BqQrIZ
BqQrIZ
BqQrIZ,AxGprEj,rvIJsSpqWF,gLTNjB
BqQrIZ,AxGprEj,rvIJsSpqWF,gLTNjB
BqQrIZ
BqQrIZ,AxGprEj,rvIJsSpqWF,gLTNjB,gLTNjB
BqQrIZ
BqQrIZ,AxGprEj,gLTNjB
BqQrIZ,AxGprEj,gLTNjB
BqQrIZ,AxGprEj,gLTNjB,gLTNjB
gLTNjB,BqQrIZ,AxGprEj,rvIJsSpqWF,gLTNjB
gLTNjB,BqQrIZ,AxGprEj,rvIJsSpqWF,gLTNjB,AxGprEj
gLTNjB,BqQrIZ,AxGprEj,rvIJsSpqWF,gLTNjB,AxGprEj
gLTNjB
rvIJsSpqWF
rvIJsSpqWF
rvIJsSpqWF
rvIJsSpqWF,gLTNjB,BqQrIZ,AxGprEj,gLTNjB,AxGprEj,gLTNjB,rvIJsSpqWF,BqQrIZ,NsWFMAR,gLTNjB
gLTNjB,rvIJsSpqWF,BqQrIZ,AxGprEj,gLTNjB,AxGprEj,gLTNjB,rvIJsSpqWF,BqQrIZ,NsWFMAR,gLTNjB,u
gLTNjB
gLTNjB,rvIJsSpqWF,BqQrIZ,AxGprEj,gLTNjB,AxGprEj,gLTNjB,rvIJsSpqWF,BqQrIZ,NsWFMAR,gLTNjB,u
Toque! Toque, Dijê!
Toque! Toque, Dijê!
Toque! Toque, Dijê!
[vazia]
Toque! Toque, Dijê!
Toque! Toque, Dijê!
[vazia]
gLTNjB
gLTNjB
gLTNjB
gLTNjB
gLTNjB
rmwbMjoFcY
[vazia]
[vazia]
Toque! Toque, Dijê!
[vazia]
[vazia]
rmwbMjoFcY
rmwbMjoFcY
Toque! Toque, Dijê!
Toque! Toque, Dijê!
[vazia]
Toque! Toque, Dijê!
Toque! Toque, Dijê!
[vazia]
[vazia]
rvIJsSpqWF
rvIJsSpqWF
rvIJsSpqWF
rvIJsSpqWF
rvIJsSpqWF
rvIJsSpqWF
rvIJsSpqWF,gLTNjB
rvIJsSpqWF
rvIJsSpqWF,gLTNjB,rvIJsSpqWF,rvIJsSpqWF
rvIJsSpqWF
rvIJsSpqWF,gLTNjB,rvIJsSpqWF,rvIJsSpqWF,gLTNjB,BqQrIZ,NsWFMAR,N,rvIJsSpqWF
rvIJsSpqWF,gLTNjB,rvIJsSpqWF,rvIJsSpqWF,gLTNjB,BqQrIZ,NsWFMAR,N,rvIJsSpqWF,gLTNjB
rvIJsSpqWF
rvIJsSpqWF
rvIJsSpqWF,NsWFMAR,gLTNjB,rvIJsSpqWF,rvIJsSpqWF,gLTNjB,rvIJsSpqWF,rmwbMjoFcY
rvIJsSpqWF,NsWFMAR,gLTNjB,rvIJsSpqWF,rvIJsSpqWF,gLTNjB,rvIJsSpqWF,rmwbMjoFcY
rvIJsSpqWF
rvIJsSpqWF
rvIJsSpqWF,NsWFMAR,gLTNjB,rvIJsSpqWF,rvIJsSpqWF,gLTNjB,rvIJsSpqWF,rmwbMjoFcY
rmwbMjoFcY,NsWFMAR,rvIJsSpqWF,gLTNjB,rvIJsSpqWF,rvIJsSpqWF,gLTNjB,rvIJsSpqWF
rmwbMjoFcY
rmwbMjoFcY
rmwbMjoFcY
rvIJsSpqWF,rvIJsSpqWF,NsWFMAR
rvIJsSpqWF,rvIJsSpqWF,NsWFMAR
rvIJsSpqWF,rvIJsSpqWF,NsWFMAR
rvIJsSpqWF,rvIJsSpqWF,NsWFMAR
rvIJsSpqWF,rvIJsSpqWF,NsWFMAR
rvIJsSpqWF,rvIJsSpqWF,NsWFMAR
rvIJsSpqWF
rvIJsSpqWF,rvIJsSpqWF,NsWFMAR
rvIJsSpqWF
rvIJsSpqWF,gLTNjB,rvIJsSpqWF,rvIJsSpqWF
rvIJsSpqWF
gLTNjB
rvIJsSpqWF,NsWFMAR,gLTNjB,rvIJsSpqWF,rvIJsSpqWF,AxGprEj,rvIJsSpqWF
rvIJsSpqWF,NsWFMAR,gLTNjB,rvIJsSpqWF,rvIJsSpqWF,AxGprEj,rvIJsSpqWF
NsWFMAR,gLTNjB,rvIJsSpqWF,rvIJsSpqWF,AxGprEj,rvIJsSpqWF,BqQrIZ,N
gLTNjB
gLTNjB
NsWFMAR,gLTNjB,N,rvIJsSpqWF,rvIJsSpqWF,AxGprEj,rvIJsSpqWF
NsWFMAR,gLTNjB,N,rvIJsSpqWF,rvIJsSpqWF,AxGprEj,rvIJsSpqWF
gLTNjB
N
NsWFMAR,N,rvIJsSpqWF,rvIJsSpqWF,AxGprEj,rvIJsSpqWF,u
NsWFMAR,N,rvIJsSpqWF,rvIJsSpqWF,AxGprEj,rvIJsSpqWF,u
NsWFMAR,rvIJsSpqWF,rvIJsSpqWF,AxGprEj,rvIJsSpqWF,u
NsWFMAR,rvIJsSpqWF,rvIJsSpqWF,AxGprEj,rvIJsSpqWF,u
rvIJsSpqWF,rvIJsSpqWF,u,AxGprEj,rvIJsSpqWF,AxGprEj,gLTNjB,AxGprEj,gLTNjB
rvIJsSpqWF,rvIJsSpqWF,u,AxGprEj,rvIJsSpqWF,AxGprEj,gLTNjB,AxGprEj,gLTNjB,BqQrIZ
rvIJsSpqWF,rvIJsSpqWF,AxGprEj,rvIJsSpqWF,u,AxGprEj
rvIJsSpqWF
rvIJsSpqWF
rvIJsSpqWF
rvIJsSpqWF,rvIJsSpqWF,u,AxGprEj
AxGprEj
AxGprEj
rvIJsSpqWF,rvIJsSpqWF,u,AxGprEj,u
rvIJsSpqWF
rvIJsSpqWF
rvIJsSpqWF
rvIJsSpqWF
rvIJsSpqWF
gLTNjB
u
rvIJsSpqWF,gLTNjB,rvIJsSpqWF,u,u,u,BqQrIZ,BqQrIZ,AxGprEj,gLTNjB
u
u
rvIJsSpqWF,gLTNjB,rvIJsSpqWF,u,u,u,BqQrIZ,BqQrIZ,AxGprEj,gLTNjB
rvIJsSpqWF,gLTNjB,rvIJsSpqWF,u,u,u,BqQrIZ,AxGprEj,gLTNjB
rvIJsSpqWF,gLTNjB,rvIJsSpqWF,u,u,u,BqQrIZ,AxGprEj,gLTNjB,gLTNjB,NsWFMAR
rvIJsSpqWF,gLTNjB,rvIJsSpqWF,u,u,u,BqQrIZ,AxGprEj,gLTNjB,gLTNjB,NsWFMAR
u
u
u
u
rvIJsSpqWF,gLTNjB,rvIJsSpqWF,u,u,u,BqQrIZ,AxGprEj,gLTNjB,gLTNjB,NsWFMAR
rvIJsSpqWF,gLTNjB,rvIJsSpqWF,u,u,u,AxGprEj,gLTNjB,gLTNjB,NsWFMAR
rvIJsSpqWF,gLTNjB,rvIJsSpqWF,u,u,u,BqQrIZ,AxGprEj,gLTNjB,rvIJsSpqWF
BqQrIZ
BqQrIZ
u
u
u
u
BqQrIZ
u
u
rvIJsSpqWF,gLTNjB,rvIJsSpqWF,BqQrIZ,u,u,AxGprEj,gLTNjB,rvIJsSpqWF
u
gLTNjB,rvIJsSpqWF,BqQrIZ,u,u,AxGprEj,gLTNjB,rvIJsSpqWF
rvIJsSpqWF,gLTNjB,rvIJsSpqWF,u,u,u,BqQrIZ,AxGprEj,gLTNjB,rvIJsSpqWF,BqQrIZ
BqQrIZ
rvIJsSpqWF,gLTNjB,rvIJsSpqWF,u,u,u,BqQrIZ,AxGprEj,gLTNjB,rvIJsSpqWF,BqQrIZ
rvIJsSpqWF,rvIJsSpqWF,u,u,u,AxGprEj,gLTNjB,rvIJsSpqWF,BqQrIZ,BqQrIZ,rvIJsSpqWF,gLTNjB,gLTNjB,u
rvIJsSpqWF,rvIJsSpqWF,u,u,u,AxGprEj,rvIJsSpqWF,BqQrIZ,BqQrIZ,rvIJsSpqWF,gLTNjB,gLTNjB,u,N
BqQrIZ
Jedi Wagner, assuma o comando!