[vazia]
Toque! Toque, Dijê!
Toque! Toque, Dijê!
Toque! Toque, Dijê!
[vazia]
Toque! Toque, Dijê!
Toque! Toque, Dijê!
[vazia]
[vazia]
WvNRrPhL
WvNRrPhL
WvNRrPhL
WvNRrPhL
WvNRrPhL,BhpBh
WvNRrPhL,BhpBh,WvNRrPhL
BhpBh
WvNRrPhL
BhpBh,WvNRrPhL,WvNRrPhL,WvNRrPhL
WvNRrPhL
BhpBh,WvNRrPhL,WvNRrPhL,WvNRrPhL,WvNRrPhL
BhpBh
WvNRrPhL,BhpBh,WvNRrPhL,WvNRrPhL,WvNRrPhL
BhpBh
WvNRrPhL,BhpBh,WvNRrPhL,WvNRrPhL,WvNRrPhL,BhpBh,Yj,Yj
WvNRrPhL,WvNRrPhL,BhpBh,WvNRrPhL,WvNRrPhL,BhpBh,Yj,Yj,LLXjaG
BhpBh
WvNRrPhL,WvNRrPhL,BhpBh,WvNRrPhL,WvNRrPhL,BhpBh
WvNRrPhL,WvNRrPhL,BhpBh,WvNRrPhL,WvNRrPhL,BhpBh,Yj,LLXjaG
BhpBh
BhpBh,WvNRrPhL,WvNRrPhL,BhpBh,BhpBh
WvNRrPhL,BhpBh,WvNRrPhL,WvNRrPhL,WvNRrPhL,BhpBh
BhpBh
WvNRrPhL,WvNRrPhL,Yj,BhpBh,WvNRrPhL,WvNRrPhL,BhpBh
WvNRrPhL,WvNRrPhL,Yj,BhpBh,WvNRrPhL,WvNRrPhL,BhpBh
Yj
Yj
WvNRrPhL,WvNRrPhL,Yj,WvNRrPhL,WvNRrPhL,BhpBh,Yj
WvNRrPhL
WvNRrPhL
WvNRrPhL,WvNRrPhL,Yj,WvNRrPhL,WvNRrPhL,BhpBh,Yj
WvNRrPhL
WvNRrPhL,WvNRrPhL,Yj,WvNRrPhL,WvNRrPhL,BhpBh,Yj
WvNRrPhL
WvNRrPhL
WvNRrPhL,WvNRrPhL,WvNRrPhL,WvNRrPhL,BhpBh,Yj
WvNRrPhL,WvNRrPhL,WvNRrPhL,WvNRrPhL,Yj
WvNRrPhL,WvNRrPhL,WvNRrPhL,WvNRrPhL,Yj
WvNRrPhL
WvNRrPhL,WvNRrPhL,WvNRrPhL,WvNRrPhL,WvNRrPhL
WvNRrPhL
WvNRrPhL,WvNRrPhL,WvNRrPhL,WvNRrPhL,WvNRrPhL
WvNRrPhL,WvNRrPhL,WvNRrPhL,WvNRrPhL,WvNRrPhL
WvNRrPhL
WvNRrPhL,WvNRrPhL,WvNRrPhL,WvNRrPhL,WvNRrPhL,WvNRrPhL,Yj,BhpBh
WvNRrPhL,WvNRrPhL,BhpBh,WvNRrPhL,WvNRrPhL,WvNRrPhL,Yj,LLXjaG
WvNRrPhL
WvNRrPhL
WvNRrPhL,WvNRrPhL,BhpBh,WvNRrPhL,WvNRrPhL,WvNRrPhL
WvNRrPhL,WvNRrPhL,BhpBh,WvNRrPhL,WvNRrPhL,WvNRrPhL
WvNRrPhL,WvNRrPhL,WvNRrPhL,WvNRrPhL,WvNRrPhL
WvNRrPhL,WvNRrPhL,WvNRrPhL,WvNRrPhL,WvNRrPhL,WvNRrPhL
WvNRrPhL,WvNRrPhL,WvNRrPhL,WvNRrPhL,WvNRrPhL,WvNRrPhL,BhpBh
WvNRrPhL,WvNRrPhL,WvNRrPhL,WvNRrPhL,WvNRrPhL,WvNRrPhL,BhpBh
WvNRrPhL,WvNRrPhL,WvNRrPhL,WvNRrPhL,WvNRrPhL,WvNRrPhL
WvNRrPhL
WvNRrPhL
WvNRrPhL
WvNRrPhL,WvNRrPhL,WvNRrPhL,WvNRrPhL,WvNRrPhL,BhpBh
WvNRrPhL
WvNRrPhL
WvNRrPhL,WvNRrPhL,WvNRrPhL,WvNRrPhL,WvNRrPhL,BhpBh
WvNRrPhL,WvNRrPhL,WvNRrPhL,WvNRrPhL,WvNRrPhL,BhpBh
WvNRrPhL
WvNRrPhL
WvNRrPhL
WvNRrPhL
Jedi Wagner, assuma o comando!