MLMZ
MLMZ
Toque! Toque, Dijê!
MLMZ
MLMZ,Wlad
MLMZ
MLMZ,Wlad,MvBBaD
Wlad
Wlad
Wlad
Wlad
Wlad
Wlad,POZjqSXCy,POZjqSXCy,k
Wlad
Wlad
Wlad
Toque! Toque, Dijê!
[vazia]
Toque! Toque, Dijê!
[vazia]
MvBBaD
MvBBaD,MvBBaD,MvBBaD
[vazia]
POZjqSXCy
POZjqSXCy
Toque! Toque, Dijê!
Toque! Toque, Dijê!
Toque! Toque, Dijê!
Toque! Toque, Dijê!
k
k
k
MLMZ,MvBBaD
MLMZ,k
MLMZ,k
MLMZ,k
MLMZ
MLMZ,k
MLMZ
MLMZ
MLMZ,k
MLMZ,k
MLMZ,MLMZ
MLMZ
MLMZ,MLMZ,POZjqSXCy
[vazia]
[vazia]
MvBBaD
MvBBaD
MLMZ
MLMZ
Toque! Toque, Dijê!
Toque! Toque, Dijê!
[vazia]
Toque! Toque, Dijê!
[vazia]
AMf
AMf,Wlad,AMf,Wlad,k
Wlad
AMf,Wlad,AMf,Wlad,k
Wlad
Wlad
Wlad
Wlad
Wlad
Wlad
AMf,Wlad,AMf,Wlad,Wlad
AMf
Wlad
Wlad
AMf,AMf,Wlad,Wlad,Wlad,AMf,AMf,MLMZ,MLMZ,AMf
Wlad
AMf
AMf
AMf,Wlad,Wlad,AMf,AMf,Wlad,AMf,MLMZ,MLMZ,AMf
AMf,Wlad,Wlad,AMf,AMf,Wlad,AMf,MLMZ,MLMZ,AMf
AMf
AMf
Wlad
AMf,Wlad,Wlad,AMf,AMf,Wlad,AMf,MLMZ,AMf,MLMZ
AMf,Wlad,Wlad,AMf,AMf,Wlad,AMf,MLMZ,MLMZ,AMf
Wlad
AMf,Wlad,Wlad,AMf,AMf,Wlad,AMf,MLMZ,MLMZ,AMf
Wlad,Wlad,AMf,AMf,Wlad,AMf,MLMZ,MLMZ,AMf
AMf
MLMZ
MLMZ
Wlad,AMf,AMf,Wlad,AMf,MLMZ,MLMZ,AMf,MvBBaD,MvBBaD,AMf,AMf
AMf,AMf,Wlad,AMf,MLMZ,MLMZ,AMf,MvBBaD,MvBBaD,AMf,AMf
AMf
AMf
AMf
AMf
AMf,AMf,AMf,MLMZ,MLMZ,AMf,MvBBaD,MvBBaD,AMf,AMf,MLMZ
MvBBaD
AMf,AMf,AMf,MLMZ,MLMZ,AMf,MvBBaD,MvBBaD,AMf,AMf,MLMZ,MLMZ,Wlad
MvBBaD
MvBBaD
MvBBaD
AMf
AMf,AMf,AMf,MLMZ,MLMZ,AMf,MvBBaD,AMf,AMf,MLMZ,MLMZ,Wlad
AMf
AMf
AMf,AMf,AMf,MLMZ,MLMZ,AMf,MvBBaD,AMf,AMf,MLMZ,MLMZ,Wlad,Wlad
AMf,AMf,AMf,MLMZ,MLMZ,AMf,MvBBaD,AMf,AMf,MLMZ,MLMZ,Wlad,Wlad
MLMZ
AMf,AMf,AMf,MLMZ,MLMZ,AMf,MvBBaD,AMf,AMf,Wlad,MLMZ,MLMZ,Wlad,Wlad
AMf,AMf,AMf,MLMZ,AMf,AMf,AMf,Wlad,MvBBaD,MLMZ,MLMZ,Wlad,Wlad,POZjqSXCy
MLMZ
AMf,AMf,AMf,MLMZ,AMf,AMf,AMf,Wlad,MLMZ,MLMZ,Wlad,Wlad,AMf,Wlad
MLMZ
AMf,AMf,MLMZ,AMf,AMf,AMf,MLMZ,MLMZ,Wlad,Wlad,AMf,Wlad
AMf,AMf,MLMZ,AMf,AMf,AMf,MLMZ,MLMZ,Wlad,Wlad,AMf,Wlad,POZjqSXCy
MLMZ
AMf,AMf,MLMZ,AMf,AMf,AMf,MLMZ,MLMZ,Wlad,Wlad,AMf,Wlad,POZjqSXCy
AMf,AMf,MLMZ,AMf,AMf,AMf,MLMZ,MLMZ,Wlad,Wlad,AMf,Wlad,POZjqSXCy,MLMZ
AMf,AMf,MLMZ,AMf,AMf,AMf,MLMZ,MLMZ,Wlad,Wlad,AMf,Wlad,POZjqSXCy,MLMZ
AMf,AMf,MLMZ,AMf,AMf,AMf,MLMZ,MLMZ,Wlad,AMf,Wlad,POZjqSXCy,MLMZ,Wlad
Wlad
Wlad
Wlad
MLMZ
AMf,AMf,AMf,AMf,AMf,MLMZ,MLMZ,Wlad,AMf,MLMZ,Wlad,POZjqSXCy,MLMZ,Wlad
MLMZ
POZjqSXCy
AMf,AMf,AMf,AMf,AMf,MLMZ,MLMZ,Wlad,AMf,MLMZ,Wlad,POZjqSXCy,MLMZ,Wlad,k
POZjqSXCy
AMf,AMf,AMf,AMf,AMf,MLMZ,MLMZ,Wlad,AMf,MLMZ,Wlad,POZjqSXCy,MLMZ,Wlad,k
Jedi Wagner, assuma o comando!