[vazia]
Toque! Toque, Dijê!
Toque! Toque, Dijê!
huETpDX
Toque! Toque, Dijê!
[vazia]
Toque! Toque, Dijê!
[vazia]
[vazia]
[vazia]
Toque! Toque, Dijê!
Toque! Toque, Dijê!
[vazia]
Toque! Toque, Dijê!
Toque! Toque, Dijê!
[vazia]
OuzrXhPZw
OuzrXhPZw
Toque! Toque, Dijê!
sKfkWO
sKfkWO
sKfkWO,Zvm
sKfkWO
sKfkWO,Zvm
sKfkWO,Zvm
Zvm,huETpDX
Zvm
Zvm,huETpDX
Zvm
huETpDX
huETpDX,Zvm
huETpDX,Zvm
Zvm
huETpDX,Zvm,FyBOWoawU
Zvm
huETpDX,Zvm,FyBOWoawU
huETpDX,FyBOWoawU,YgYV,x,sKfkWO,Zvm,huETpDX,x
huETpDX,FyBOWoawU,YgYV,x,sKfkWO,Zvm,huETpDX,x,YgYV
YgYV
YgYV
YgYV
x
YgYV,x,sKfkWO,Zvm,huETpDX,x,OuzrXhPZw
x
sKfkWO
sKfkWO
YgYV,x,sKfkWO,Zvm,OuzrXhPZw,huETpDX,x,OuzrXhPZw,FyBOWoawU,x
OuzrXhPZw
sKfkWO,Zvm,OuzrXhPZw,huETpDX,x,OuzrXhPZw,FyBOWoawU,x,Zvm
sKfkWO,Zvm,OuzrXhPZw,huETpDX,x,OuzrXhPZw,FyBOWoawU,x,Zvm
sKfkWO,Zvm,OuzrXhPZw,x,OuzrXhPZw,FyBOWoawU,x,Zvm
Zvm,OuzrXhPZw,x,sKfkWO,OuzrXhPZw,FyBOWoawU,x,Zvm
Zvm,OuzrXhPZw,x,sKfkWO,OuzrXhPZw,FyBOWoawU,x,Zvm
sKfkWO
x
x
sKfkWO,Zvm,huETpDX,OuzrXhPZw,x,OuzrXhPZw,FyBOWoawU,x,Zvm,sKfkWO
sKfkWO,Zvm,huETpDX,OuzrXhPZw,x,OuzrXhPZw,FyBOWoawU,x,Zvm,sKfkWO
sKfkWO,Zvm,OuzrXhPZw,huETpDX,FyBOWoawU,x,OuzrXhPZw,x,Zvm
huETpDX
sKfkWO,Zvm,OuzrXhPZw,huETpDX,FyBOWoawU,x,OuzrXhPZw,x,Zvm,YgYV,sKfkWO
sKfkWO,Zvm,OuzrXhPZw,huETpDX,FyBOWoawU,x,OuzrXhPZw,x,Zvm,YgYV,sKfkWO
sKfkWO,Zvm,OuzrXhPZw,huETpDX,FyBOWoawU,x,OuzrXhPZw,x,Zvm,YgYV,sKfkWO,OuzrXhPZw
OuzrXhPZw
huETpDX
sKfkWO,Zvm,OuzrXhPZw,FyBOWoawU,OuzrXhPZw,huETpDX,x,Zvm,YgYV,sKfkWO,OuzrXhPZw,OuzrXhPZw,OuzrXhPZw,Zvm
OuzrXhPZw
sKfkWO,Zvm,OuzrXhPZw,FyBOWoawU,x,OuzrXhPZw,x,Zvm,YgYV,sKfkWO,OuzrXhPZw
OuzrXhPZw
OuzrXhPZw
OuzrXhPZw
Zvm,OuzrXhPZw,huETpDX,FyBOWoawU,x,OuzrXhPZw,x,Zvm,YgYV,sKfkWO,OuzrXhPZw
sKfkWO,Zvm,OuzrXhPZw,huETpDX,FyBOWoawU,x,OuzrXhPZw,x,Zvm,YgYV,sKfkWO,OuzrXhPZw
OuzrXhPZw
sKfkWO,OuzrXhPZw,huETpDX,FyBOWoawU,x,OuzrXhPZw,x,Zvm,YgYV,sKfkWO,OuzrXhPZw
YgYV
sKfkWO,huETpDX,FyBOWoawU,x,YgYV,OuzrXhPZw,x,Zvm,sKfkWO,OuzrXhPZw
sKfkWO,huETpDX,x,YgYV,FyBOWoawU,OuzrXhPZw,x,Zvm,sKfkWO,OuzrXhPZw
sKfkWO,huETpDX,x,YgYV,FyBOWoawU,OuzrXhPZw,x,Zvm,sKfkWO,OuzrXhPZw
sKfkWO,huETpDX,x,YgYV,FyBOWoawU,OuzrXhPZw,x,Zvm,sKfkWO,OuzrXhPZw,huETpDX
sKfkWO,huETpDX,x,YgYV,FyBOWoawU,OuzrXhPZw,x,Zvm,sKfkWO,OuzrXhPZw,huETpDX
sKfkWO,huETpDX,x,YgYV,FyBOWoawU,OuzrXhPZw,x,Zvm,sKfkWO,OuzrXhPZw,huETpDX,huETpDX
OuzrXhPZw
sKfkWO,huETpDX,x,YgYV,FyBOWoawU,OuzrXhPZw,x,Zvm,sKfkWO,OuzrXhPZw,huETpDX,x,x
sKfkWO,huETpDX,x,YgYV,FyBOWoawU,OuzrXhPZw,x,Zvm,sKfkWO,OuzrXhPZw,huETpDX
sKfkWO,huETpDX,x,YgYV,FyBOWoawU,OuzrXhPZw,x,Zvm,sKfkWO,OuzrXhPZw,huETpDX
sKfkWO,huETpDX,x,YgYV,FyBOWoawU,OuzrXhPZw,x,Zvm,sKfkWO,OuzrXhPZw,huETpDX
Zvm
Zvm
sKfkWO,huETpDX,x,YgYV,FyBOWoawU,OuzrXhPZw,x,Zvm,sKfkWO,OuzrXhPZw,huETpDX
sKfkWO,huETpDX,x,YgYV,FyBOWoawU,OuzrXhPZw,x,Zvm,sKfkWO,OuzrXhPZw,huETpDX
Zvm
Zvm
sKfkWO,huETpDX,x,YgYV,FyBOWoawU,OuzrXhPZw,x,Zvm,sKfkWO,OuzrXhPZw,huETpDX
sKfkWO,huETpDX,x,YgYV,FyBOWoawU,OuzrXhPZw,x,Zvm,sKfkWO,OuzrXhPZw,huETpDX
sKfkWO,huETpDX,x,YgYV,FyBOWoawU,OuzrXhPZw,x,Zvm,sKfkWO,OuzrXhPZw,huETpDX
sKfkWO,huETpDX,x,YgYV,FyBOWoawU,OuzrXhPZw,x,Zvm,sKfkWO,OuzrXhPZw,huETpDX,sKfkWO
sKfkWO,x,YgYV,OuzrXhPZw,x,Zvm,huETpDX,sKfkWO,OuzrXhPZw,huETpDX,sKfkWO,x,sKfkWO,XclbCksRJd
sKfkWO,x,YgYV,OuzrXhPZw,x,Zvm,huETpDX,sKfkWO,OuzrXhPZw,huETpDX,sKfkWO,x,sKfkWO,XclbCksRJd
huETpDX
huETpDX
huETpDX
huETpDX
sKfkWO,x,YgYV,OuzrXhPZw,x,Zvm,huETpDX,sKfkWO,OuzrXhPZw,huETpDX,sKfkWO,x,sKfkWO
huETpDX
sKfkWO,x,YgYV,OuzrXhPZw,x,Zvm,huETpDX,sKfkWO,OuzrXhPZw,huETpDX,sKfkWO,x,sKfkWO
huETpDX
sKfkWO,x,YgYV,OuzrXhPZw,x,Zvm,huETpDX,sKfkWO,OuzrXhPZw,huETpDX,sKfkWO,x,sKfkWO
huETpDX
huETpDX
sKfkWO
sKfkWO
sKfkWO
x
FyBOWoawU
sKfkWO,YgYV,x,Zvm,sKfkWO,FyBOWoawU,x,OuzrXhPZw,huETpDX,sKfkWO,x,sKfkWO,sKfkWO
FyBOWoawU
YgYV,OuzrXhPZw,x,sKfkWO,FyBOWoawU,x,Zvm,sKfkWO,OuzrXhPZw,huETpDX,sKfkWO,x,sKfkWO,sKfkWO,sKfkWO
OuzrXhPZw,x,sKfkWO,FyBOWoawU,x,YgYV,Zvm,sKfkWO,OuzrXhPZw,huETpDX,sKfkWO,x,sKfkWO,sKfkWO,sKfkWO,Zvm
OuzrXhPZw,x,sKfkWO,FyBOWoawU,x,YgYV,Zvm,sKfkWO,OuzrXhPZw,huETpDX,sKfkWO,x,sKfkWO,sKfkWO,sKfkWO,Zvm
YgYV
OuzrXhPZw,x,sKfkWO,FyBOWoawU,x,YgYV,Zvm,sKfkWO,OuzrXhPZw,huETpDX,sKfkWO,x,sKfkWO,sKfkWO,sKfkWO,Zvm
OuzrXhPZw,sKfkWO,FyBOWoawU,x,YgYV,Zvm,sKfkWO,OuzrXhPZw,huETpDX,sKfkWO,x,sKfkWO,sKfkWO,sKfkWO,Zvm,sKfkWO
sKfkWO
OuzrXhPZw,sKfkWO,FyBOWoawU,x,YgYV,sKfkWO,Zvm,OuzrXhPZw,huETpDX,sKfkWO,x,sKfkWO,sKfkWO,sKfkWO,Zvm,sKfkWO
sKfkWO
sKfkWO,FyBOWoawU,YgYV,x,sKfkWO,Zvm,OuzrXhPZw,huETpDX,sKfkWO,sKfkWO,sKfkWO,sKfkWO,Zvm,sKfkWO,FyBOWoawU,Zvm
x
x
x
sKfkWO
huETpDX
FyBOWoawU
sKfkWO,OuzrXhPZw,sKfkWO,huETpDX,FyBOWoawU,Zvm,x,sKfkWO,sKfkWO,sKfkWO,sKfkWO,sKfkWO,FyBOWoawU,Zvm,sKfkWO,huETpDX,FyBOWoawU,x,Zvm
Zvm
Zvm
sKfkWO,OuzrXhPZw,sKfkWO,huETpDX,FyBOWoawU,Zvm,x,sKfkWO,sKfkWO,sKfkWO,sKfkWO,sKfkWO,FyBOWoawU,Zvm,sKfkWO,huETpDX,FyBOWoawU,x,Zvm
x
sKfkWO,OuzrXhPZw,sKfkWO,FyBOWoawU,Zvm,huETpDX,sKfkWO,sKfkWO,sKfkWO,sKfkWO,sKfkWO,FyBOWoawU,Zvm,sKfkWO,huETpDX,FyBOWoawU,x,Zvm,YgYV
sKfkWO,OuzrXhPZw,sKfkWO,FyBOWoawU,Zvm,huETpDX,sKfkWO,sKfkWO,sKfkWO,sKfkWO,sKfkWO,FyBOWoawU,Zvm,sKfkWO,huETpDX,FyBOWoawU,x,Zvm,YgYV
sKfkWO,OuzrXhPZw,sKfkWO,FyBOWoawU,Zvm,huETpDX,sKfkWO,sKfkWO,sKfkWO,sKfkWO,sKfkWO,FyBOWoawU,Zvm,sKfkWO,huETpDX,FyBOWoawU,x,Zvm,YgYV
sKfkWO,OuzrXhPZw,sKfkWO,FyBOWoawU,Zvm,huETpDX,sKfkWO,sKfkWO,sKfkWO,sKfkWO,sKfkWO,FyBOWoawU,Zvm,sKfkWO,huETpDX,FyBOWoawU,x,Zvm,YgYV,Zvm
huETpDX
huETpDX
huETpDX
OuzrXhPZw,sKfkWO,FyBOWoawU,Zvm,huETpDX,sKfkWO,sKfkWO,sKfkWO,sKfkWO,sKfkWO,sKfkWO,FyBOWoawU,Zvm,sKfkWO,huETpDX,FyBOWoawU,x,Zvm,YgYV,OuzrXhPZw
sKfkWO,OuzrXhPZw,sKfkWO,huETpDX,FyBOWoawU,Zvm,x,sKfkWO,sKfkWO,sKfkWO,sKfkWO,sKfkWO,FyBOWoawU,Zvm,sKfkWO,huETpDX,FyBOWoawU,x,Zvm
sKfkWO,OuzrXhPZw,sKfkWO,huETpDX,FyBOWoawU,Zvm,x,sKfkWO,sKfkWO,sKfkWO,sKfkWO,sKfkWO,FyBOWoawU,Zvm,sKfkWO,huETpDX,FyBOWoawU,x,Zvm
sKfkWO,OuzrXhPZw,sKfkWO,huETpDX,FyBOWoawU,Zvm,x,sKfkWO,sKfkWO,sKfkWO,sKfkWO,sKfkWO,FyBOWoawU,Zvm,sKfkWO,huETpDX,FyBOWoawU,x,Zvm
Zvm
sKfkWO,sKfkWO,huETpDX,Zvm,FyBOWoawU,OuzrXhPZw,x,sKfkWO,sKfkWO,sKfkWO,sKfkWO,sKfkWO,FyBOWoawU,Zvm,sKfkWO,huETpDX,FyBOWoawU,x,Zvm
sKfkWO,sKfkWO,Zvm,FyBOWoawU,OuzrXhPZw,x,sKfkWO,sKfkWO,sKfkWO,sKfkWO,sKfkWO,FyBOWoawU,Zvm,sKfkWO,huETpDX,FyBOWoawU,x,Zvm,OuzrXhPZw
OuzrXhPZw
sKfkWO,sKfkWO,Zvm,FyBOWoawU,OuzrXhPZw,x,sKfkWO,sKfkWO,sKfkWO,sKfkWO,sKfkWO,FyBOWoawU,Zvm,sKfkWO,huETpDX,FyBOWoawU,x,Zvm
x
sKfkWO,sKfkWO,Zvm,FyBOWoawU,OuzrXhPZw,x,sKfkWO,sKfkWO,sKfkWO,sKfkWO,sKfkWO,FyBOWoawU,Zvm,sKfkWO,FyBOWoawU,x,Zvm,OuzrXhPZw
sKfkWO,Zvm,FyBOWoawU,OuzrXhPZw,x,sKfkWO,sKfkWO,sKfkWO,sKfkWO,sKfkWO,FyBOWoawU,Zvm,sKfkWO,FyBOWoawU,x,Zvm,OuzrXhPZw,sKfkWO,YgYV
sKfkWO
sKfkWO,Zvm,FyBOWoawU,OuzrXhPZw,x,sKfkWO,sKfkWO,sKfkWO,sKfkWO,sKfkWO,FyBOWoawU,Zvm,sKfkWO,FyBOWoawU,x,Zvm,OuzrXhPZw
x
sKfkWO,Zvm,OuzrXhPZw,sKfkWO,FyBOWoawU,sKfkWO,x,sKfkWO,sKfkWO,sKfkWO,FyBOWoawU,Zvm,sKfkWO,FyBOWoawU,Zvm,OuzrXhPZw
sKfkWO
sKfkWO
sKfkWO,Zvm,OuzrXhPZw,sKfkWO,FyBOWoawU,sKfkWO,x,sKfkWO,sKfkWO,sKfkWO,FyBOWoawU,Zvm,sKfkWO,FyBOWoawU,Zvm,OuzrXhPZw
sKfkWO,Zvm,OuzrXhPZw,sKfkWO,FyBOWoawU,sKfkWO,x,sKfkWO,sKfkWO,sKfkWO,FyBOWoawU,Zvm,sKfkWO,FyBOWoawU,Zvm,OuzrXhPZw
sKfkWO,Zvm,OuzrXhPZw,sKfkWO,FyBOWoawU,sKfkWO,x,sKfkWO,sKfkWO,sKfkWO,FyBOWoawU,Zvm,sKfkWO,FyBOWoawU,Zvm,OuzrXhPZw
sKfkWO,Zvm,OuzrXhPZw,sKfkWO,FyBOWoawU,sKfkWO,x,sKfkWO,sKfkWO,sKfkWO,FyBOWoawU,Zvm,sKfkWO,FyBOWoawU,Zvm,OuzrXhPZw
sKfkWO
sKfkWO
sKfkWO,Zvm,OuzrXhPZw,sKfkWO,FyBOWoawU,sKfkWO,x,sKfkWO,sKfkWO,sKfkWO,FyBOWoawU,Zvm,sKfkWO,FyBOWoawU,Zvm,OuzrXhPZw
sKfkWO,Zvm,OuzrXhPZw,sKfkWO,FyBOWoawU,sKfkWO,x,sKfkWO,sKfkWO,sKfkWO,FyBOWoawU,Zvm,sKfkWO,FyBOWoawU,Zvm,OuzrXhPZw,huETpDX
FyBOWoawU
FyBOWoawU
FyBOWoawU
FyBOWoawU
sKfkWO,sKfkWO,sKfkWO,x,sKfkWO,sKfkWO,sKfkWO,Zvm,sKfkWO,FyBOWoawU,Zvm,OuzrXhPZw,huETpDX,YgYV,OuzrXhPZw,x,huETpDX
FyBOWoawU
sKfkWO,Zvm,OuzrXhPZw,sKfkWO,sKfkWO,x,sKfkWO,sKfkWO,sKfkWO,FyBOWoawU,Zvm,sKfkWO,FyBOWoawU,Zvm,OuzrXhPZw,huETpDX,YgYV,OuzrXhPZw,x,x,OuzrXhPZw
FyBOWoawU
sKfkWO,Zvm,OuzrXhPZw,sKfkWO,sKfkWO,x,sKfkWO,sKfkWO,sKfkWO,FyBOWoawU,Zvm,sKfkWO,FyBOWoawU,Zvm,OuzrXhPZw,huETpDX,YgYV,OuzrXhPZw,x
sKfkWO,Zvm,OuzrXhPZw,sKfkWO,sKfkWO,x,sKfkWO,sKfkWO,sKfkWO,FyBOWoawU,Zvm,sKfkWO,FyBOWoawU,Zvm,OuzrXhPZw,huETpDX,YgYV,OuzrXhPZw,x
FyBOWoawU
FyBOWoawU
sKfkWO,Zvm,OuzrXhPZw,sKfkWO,sKfkWO,sKfkWO,sKfkWO,sKfkWO,FyBOWoawU,Zvm,sKfkWO,FyBOWoawU,Zvm,OuzrXhPZw,huETpDX,YgYV,OuzrXhPZw,x
FyBOWoawU
Zvm
sKfkWO,Zvm,OuzrXhPZw,sKfkWO,sKfkWO,x,sKfkWO,sKfkWO,sKfkWO,FyBOWoawU,Zvm,sKfkWO,FyBOWoawU,Zvm,OuzrXhPZw,huETpDX,YgYV,OuzrXhPZw,x,Zvm
sKfkWO,Zvm,OuzrXhPZw,sKfkWO,sKfkWO,x,sKfkWO,sKfkWO,sKfkWO,YgYV,FyBOWoawU,Zvm,sKfkWO,FyBOWoawU,Zvm,OuzrXhPZw,huETpDX,OuzrXhPZw,x
sKfkWO,OuzrXhPZw,sKfkWO,sKfkWO,x,sKfkWO,sKfkWO,sKfkWO,YgYV,huETpDX,Zvm,FyBOWoawU,Zvm,sKfkWO,FyBOWoawU,Zvm,OuzrXhPZw,OuzrXhPZw,x
sKfkWO,sKfkWO,sKfkWO,x,sKfkWO,sKfkWO,sKfkWO,YgYV,huETpDX,Zvm,FyBOWoawU,Zvm,sKfkWO,FyBOWoawU,Zvm,OuzrXhPZw,OuzrXhPZw,x
huETpDX
sKfkWO,Zvm,OuzrXhPZw,sKfkWO,sKfkWO,x,sKfkWO,sKfkWO,sKfkWO,FyBOWoawU,Zvm,sKfkWO,FyBOWoawU,Zvm,OuzrXhPZw,huETpDX,YgYV,OuzrXhPZw,x
FyBOWoawU
sKfkWO,Zvm,OuzrXhPZw,sKfkWO,sKfkWO,x,sKfkWO,sKfkWO,sKfkWO,FyBOWoawU,Zvm,sKfkWO,FyBOWoawU,Zvm,OuzrXhPZw,huETpDX,YgYV,OuzrXhPZw,x
sKfkWO,Zvm,OuzrXhPZw,sKfkWO,sKfkWO,x,sKfkWO,sKfkWO,sKfkWO,YgYV,FyBOWoawU,Zvm,sKfkWO,FyBOWoawU,Zvm,OuzrXhPZw,huETpDX,OuzrXhPZw,x,Zvm
sKfkWO,Zvm,OuzrXhPZw,sKfkWO,sKfkWO,x,sKfkWO,sKfkWO,sKfkWO,YgYV,FyBOWoawU,Zvm,sKfkWO,FyBOWoawU,Zvm,OuzrXhPZw,huETpDX,OuzrXhPZw,x,Zvm,huETpDX,OuzrXhPZw
sKfkWO,Zvm,OuzrXhPZw,sKfkWO,sKfkWO,x,sKfkWO,sKfkWO,sKfkWO,YgYV,FyBOWoawU,Zvm,sKfkWO,FyBOWoawU,Zvm,OuzrXhPZw,huETpDX,OuzrXhPZw,x,Zvm,huETpDX,OuzrXhPZw
YgYV
FyBOWoawU
sKfkWO,Zvm,OuzrXhPZw,sKfkWO,sKfkWO,x,sKfkWO,sKfkWO,sKfkWO,FyBOWoawU,Zvm,sKfkWO,FyBOWoawU,Zvm,OuzrXhPZw,huETpDX,YgYV,OuzrXhPZw,x
FyBOWoawU
FyBOWoawU
FyBOWoawU
sKfkWO,Zvm,OuzrXhPZw,sKfkWO,sKfkWO,x,sKfkWO,sKfkWO,sKfkWO,FyBOWoawU,Zvm,sKfkWO,FyBOWoawU,Zvm,OuzrXhPZw,huETpDX,YgYV,OuzrXhPZw,x,FyBOWoawU,FyBOWoawU,sKfkWO
FyBOWoawU
sKfkWO,Zvm,sKfkWO,sKfkWO,sKfkWO,sKfkWO,sKfkWO,FyBOWoawU,OuzrXhPZw,Zvm,sKfkWO,FyBOWoawU,Zvm,OuzrXhPZw,huETpDX,YgYV,OuzrXhPZw,x,OuzrXhPZw
sKfkWO,Zvm,sKfkWO,sKfkWO,sKfkWO,sKfkWO,sKfkWO,FyBOWoawU,OuzrXhPZw,Zvm,sKfkWO,FyBOWoawU,Zvm,OuzrXhPZw,huETpDX,YgYV,OuzrXhPZw,x,OuzrXhPZw
sKfkWO,Zvm,sKfkWO,sKfkWO,sKfkWO,sKfkWO,sKfkWO,OuzrXhPZw,FyBOWoawU,huETpDX,Zvm,sKfkWO,FyBOWoawU,Zvm,OuzrXhPZw,YgYV,OuzrXhPZw,x,OuzrXhPZw
FyBOWoawU
FyBOWoawU
FyBOWoawU
Jedi Wagner, assuma o comando!