Toque! Toque, Dijê!
Jgzjs
Jgzjs,Eqo
[vazia]
[vazia]
a,RNGlgK
a,RNGlgK
a,RNGlgK
a,RNGlgK
a
a
a
RNGlgK
RNGlgK,a
RNGlgK,a
RNGlgK
RNGlgK,a
RNGlgK
RNGlgK
RNGlgK
RNGlgK
RNGlgK
RNGlgK,a,qKTA
RNGlgK,a,qKTA
RNGlgK,a,qKTA
RNGlgK
a,RNGlgK
a
RNGlgK,a,Eqo
RNGlgK,a,Eqo
RNGlgK
Eqo
Eqo
Eqo
a
RNGlgK,a,Eqo,RNGlgK,KFiDZKlND
a,Eqo
d
a,Eqo,d,a,Eqo
a
a
a,Eqo,d,a,qKTA,RNGlgK,a
qKTA,RNGlgK,a,Eqo,d,a,a,RNGlgK
qKTA
qKTA,RNGlgK,a,Eqo,d,a,a,RNGlgK
RNGlgK
a
a
a
a,Eqo,d,a,RNGlgK
a
a,Eqo,d,a,RNGlgK
a
a,Eqo,d,a,RNGlgK,qKTA,a,Eqo
Eqo
Eqo
a,Eqo,d,a,RNGlgK,qKTA,a,d,SWOFWdRkFQ
Eqo
a
a
a
a
a
Eqo,a,qKTA,a,a,d,SWOFWdRkFQ,qKTA,SWOFWdRkFQ,KFiDZKlND
a
Eqo,a,qKTA,a,a,d,SWOFWdRkFQ,qKTA,SWOFWdRkFQ,KFiDZKlND
Eqo
d
a,d,a,RNGlgK,qKTA,a,Jgzjs
a,d,a,RNGlgK,qKTA,a,Jgzjs
a
a,a,qKTA,a,Jgzjs
a,a,qKTA,a,Jgzjs
qKTA
a,a,qKTA,a,Jgzjs,d
a,a,qKTA,a,Jgzjs
qKTA
a,a,qKTA,a,Jgzjs,RNGlgK
qKTA
qKTA
a,a,qKTA,a,Jgzjs
qKTA
a,a,Jgzjs,qKTA,a,d,a,Jgzjs
qKTA
a,a,qKTA,a,Jgzjs
a,a,qKTA,a,Jgzjs
qKTA
a,a,a,Jgzjs
a
a,a,qKTA,a,Jgzjs
Jedi Wagner, assuma o comando!