[vazia]
[vazia]
Toque! Toque, Dijê!
[vazia]
Toque! Toque, Dijê!
b
b,b
b,b
b
Toque! Toque, Dijê!
Toque! Toque, Dijê!
e
e
e
e,B
e,B,pbMF
B,e,pbMF
B,e,e
B
B
e
e,SCpVEsNux
e,SCpVEsNux,B
e,SCpVEsNux,B
e
B
B
B
e,B
e,B
B
B
e,B,b
e,B,b,utqzIA
b
b
b
e
e
b
utqzIA,b,e
e
e,B
B
utqzIA
e,B,B
e,B,B,MsgItDHpET
e,B,B,MsgItDHpET
e,B,B,MsgItDHpET
B,B,b,MsgItDHpET
B,B,b,MsgItDHpET,O
B,B,b,MsgItDHpET,O
MsgItDHpET
B
B
B,B,b,MsgItDHpET,SCpVEsNux
B
b,B,B,MsgItDHpET,SCpVEsNux
b,B,B,MsgItDHpET,SCpVEsNux
b,B,B,MsgItDHpET,SCpVEsNux,SCpVEsNux,B
B
b,B,B,MsgItDHpET,SCpVEsNux,SCpVEsNux,B,SCpVEsNux
B
B
b,B,B,MsgItDHpET,SCpVEsNux,SCpVEsNux,B,SCpVEsNux
B
b,B,B,MsgItDHpET,SCpVEsNux,SCpVEsNux,B,SCpVEsNux,O
MsgItDHpET
b,B,B,MsgItDHpET,SCpVEsNux,SCpVEsNux,B,SCpVEsNux,O,utqzIA
b,B,B,MsgItDHpET,SCpVEsNux,SCpVEsNux,B,SCpVEsNux,O
b,B,B,MsgItDHpET,SCpVEsNux,SCpVEsNux,B,SCpVEsNux,O
b
SCpVEsNux
b,B,B,MsgItDHpET,SCpVEsNux,SCpVEsNux,B,SCpVEsNux,O,PsgFwQxf,MsgItDHpET,yHVH,O
B,B,SCpVEsNux,MsgItDHpET,PsgFwQxf,SCpVEsNux,B,SCpVEsNux,O,MsgItDHpET,yHVH,O
B,B,SCpVEsNux,MsgItDHpET,PsgFwQxf,SCpVEsNux,B,SCpVEsNux,O,MsgItDHpET,O
B
b,B,B,SCpVEsNux,SCpVEsNux,B,MsgItDHpET,SCpVEsNux,O,yHVH
B,B,SCpVEsNux,yHVH,b,B,MsgItDHpET,SCpVEsNux,O,yHVH,O,utqzIA
b
B,SCpVEsNux,yHVH,b,B,SCpVEsNux,O,yHVH,O,utqzIA,B
b
B,SCpVEsNux,yHVH,b,B,SCpVEsNux,O,yHVH,O,utqzIA,B,b
b
SCpVEsNux,yHVH,B,utqzIA,b,SCpVEsNux,O,yHVH,O,B
SCpVEsNux,yHVH,B,utqzIA,b,SCpVEsNux,O,yHVH,O,B
B
SCpVEsNux,yHVH,B,utqzIA,SCpVEsNux,O,yHVH,O,B,O
SCpVEsNux
SCpVEsNux,yHVH,B,utqzIA,SCpVEsNux,O,yHVH,O,B,O
SCpVEsNux,yHVH,B,utqzIA,SCpVEsNux,yHVH,O,B,O,pbMF
yHVH
SCpVEsNux,B,utqzIA,SCpVEsNux,yHVH,yHVH,O,B,O,pbMF,b,SCpVEsNux
SCpVEsNux,B,utqzIA,SCpVEsNux,yHVH,O,B,O,pbMF,b,SCpVEsNux,yHVH
O
SCpVEsNux,B,utqzIA,SCpVEsNux,yHVH,O,B,O,pbMF,b,SCpVEsNux,yHVH
SCpVEsNux,utqzIA,SCpVEsNux,O,B,B,O,pbMF,b,SCpVEsNux,yHVH
B
SCpVEsNux,utqzIA,SCpVEsNux,O,B,B,O,pbMF,b,SCpVEsNux,yHVH
SCpVEsNux,utqzIA,SCpVEsNux,O,B,B,O,pbMF,b,SCpVEsNux,yHVH
B
B
B
O
SCpVEsNux,utqzIA,SCpVEsNux,yHVH,O,B,B,O,pbMF,b,SCpVEsNux,yHVH,B
pbMF
utqzIA,SCpVEsNux,yHVH,O,B,B,O,pbMF,SCpVEsNux,b,SCpVEsNux,yHVH,B,O
pbMF
pbMF
pbMF
pbMF
pbMF
utqzIA,yHVH,O,B,B,O,SCpVEsNux,SCpVEsNux,pbMF,SCpVEsNux,yHVH,B,O
utqzIA,yHVH,O,B,B,O,SCpVEsNux,SCpVEsNux,pbMF,SCpVEsNux,yHVH,B,O
utqzIA,yHVH,O,B,B,O,SCpVEsNux,SCpVEsNux,pbMF,SCpVEsNux,yHVH,B,O,utqzIA
yHVH
utqzIA,yHVH,O,B,B,O,SCpVEsNux,SCpVEsNux,pbMF,SCpVEsNux,yHVH,B,O,utqzIA,O,yHVH
utqzIA,yHVH,O,B,B,O,SCpVEsNux,SCpVEsNux,pbMF,SCpVEsNux,yHVH,B,O,utqzIA,O,yHVH
utqzIA
utqzIA
utqzIA
yHVH,B,O,SCpVEsNux,pbMF,SCpVEsNux,yHVH,O,utqzIA,B,O,utqzIA,O,yHVH,b
utqzIA
utqzIA
utqzIA
utqzIA
yHVH,B,O,pbMF,SCpVEsNux,yHVH,O,B,utqzIA,O,utqzIA,O,yHVH,yHVH,B,B,e,e
yHVH,B,O,pbMF,SCpVEsNux,yHVH,O,B,utqzIA,O,utqzIA,O,yHVH,yHVH,B,B,e,e
utqzIA
utqzIA
utqzIA
yHVH,B,O,SCpVEsNux,pbMF,SCpVEsNux,yHVH,O,utqzIA,B,O,utqzIA,O,yHVH,b,yHVH
yHVH,O,SCpVEsNux,pbMF,SCpVEsNux,yHVH,O,utqzIA,B,B,O,utqzIA,O,yHVH,b,yHVH
yHVH,O,SCpVEsNux,pbMF,SCpVEsNux,yHVH,O,utqzIA,B,B,O,utqzIA,O,yHVH,b,yHVH
B
yHVH,O,SCpVEsNux,pbMF,SCpVEsNux,yHVH,O,utqzIA,B,B,O,utqzIA,O,yHVH,b,yHVH,utqzIA
utqzIA
b
yHVH
O,SCpVEsNux,yHVH,O,B,B,O,utqzIA,b,yHVH,O,yHVH,yHVH,utqzIA,pbMF,yHVH,B,pbMF,b
yHVH
O,SCpVEsNux,pbMF,SCpVEsNux,yHVH,O,utqzIA,B,B,O,utqzIA,b,yHVH,O,yHVH,yHVH,utqzIA,pbMF,yHVH,B
O,SCpVEsNux,pbMF,SCpVEsNux,yHVH,O,utqzIA,B,B,O,utqzIA,yHVH,O,yHVH,yHVH,utqzIA,pbMF,yHVH,B,B
O,SCpVEsNux,pbMF,SCpVEsNux,yHVH,O,utqzIA,B,B,O,utqzIA,yHVH,O,yHVH,yHVH,utqzIA,pbMF,yHVH,B,B
yHVH
O,SCpVEsNux,pbMF,SCpVEsNux,yHVH,O,utqzIA,B,O,utqzIA,yHVH,O,yHVH,yHVH,utqzIA,pbMF,yHVH,B,B,O
SCpVEsNux,pbMF,SCpVEsNux,yHVH,O,utqzIA,B,O,utqzIA,yHVH,O,yHVH,yHVH,utqzIA,pbMF,yHVH,B,B,O
yHVH
O,SCpVEsNux,pbMF,SCpVEsNux,yHVH,O,utqzIA,B,B,O,utqzIA,b,yHVH,O,yHVH,yHVH,utqzIA,pbMF,yHVH,B
O,SCpVEsNux,pbMF,SCpVEsNux,yHVH,O,utqzIA,B,B,O,utqzIA,b,yHVH,O,yHVH,yHVH,utqzIA,pbMF,yHVH,B
O,SCpVEsNux,pbMF,SCpVEsNux,yHVH,O,utqzIA,B,B,O,utqzIA,b,yHVH,O,yHVH,yHVH,utqzIA,pbMF,yHVH,B,pbMF
yHVH
pbMF,SCpVEsNux,yHVH,O,utqzIA,B,O,utqzIA,b,yHVH,O,yHVH,yHVH,utqzIA,pbMF,yHVH,B,b
O
pbMF,SCpVEsNux,yHVH,utqzIA,B,O,utqzIA,b,yHVH,O,O,yHVH,yHVH,utqzIA,pbMF,yHVH,B,b
O,SCpVEsNux,pbMF,SCpVEsNux,yHVH,O,utqzIA,B,B,O,utqzIA,b,yHVH,O,yHVH,yHVH,utqzIA,pbMF,yHVH,B
O,SCpVEsNux,SCpVEsNux,yHVH,O,utqzIA,B,B,O,utqzIA,b,yHVH,O,yHVH,yHVH,utqzIA,pbMF,yHVH,B
O,SCpVEsNux,SCpVEsNux,yHVH,O,utqzIA,B,B,O,utqzIA,b,yHVH,O,yHVH,yHVH,utqzIA,pbMF,yHVH,B
O,SCpVEsNux,SCpVEsNux,yHVH,O,utqzIA,B,B,O,utqzIA,b,yHVH,O,yHVH,yHVH,utqzIA,pbMF,yHVH,B
yHVH
yHVH
O,SCpVEsNux,pbMF,SCpVEsNux,yHVH,O,B,B,O,utqzIA,b,yHVH,O,yHVH,yHVH,utqzIA,pbMF,yHVH,B,pbMF,e,PsgFwQxf
O,SCpVEsNux,pbMF,SCpVEsNux,yHVH,O,B,B,O,utqzIA,b,yHVH,O,yHVH,yHVH,utqzIA,pbMF,yHVH,B,pbMF,e,PsgFwQxf
yHVH
O,SCpVEsNux,pbMF,SCpVEsNux,yHVH,O,utqzIA,B,B,O,utqzIA,b,yHVH,O,yHVH,yHVH,utqzIA,pbMF,yHVH,B,MsgItDHpET
yHVH
Jedi Wagner, assuma o comando!