[vazia]
Toque! Toque, Dijê!
[vazia]
CP
qU,CP
qU,CP
qU
qU
[vazia]
Toque! Toque, Dijê!
[vazia]
Toque! Toque, Dijê!
Toque! Toque, Dijê!
Toque! Toque, Dijê!
tUPHdmBIq,tUPHdmBIq
tUPHdmBIq
tUPHdmBIq
tUPHdmBIq
tUPHdmBIq,Iq
tUPHdmBIq
tUPHdmBIq,Iq
tUPHdmBIq
tUPHdmBIq
tUPHdmBIq
tUPHdmBIq
tUPHdmBIq
tUPHdmBIq
tUPHdmBIq
tUPHdmBIq
tUPHdmBIq
tUPHdmBIq
tUPHdmBIq
tUPHdmBIq
tUPHdmBIq
tUPHdmBIq,CP
tUPHdmBIq,CP
tUPHdmBIq
tUPHdmBIq
tUPHdmBIq,qU,qU,tUPHdmBIq
qU
qU
qU
qU
tUPHdmBIq,qU
tUPHdmBIq,qU,tUPHdmBIq
tUPHdmBIq,qU,tUPHdmBIq
qU
tUPHdmBIq,qU,tUPHdmBIq
tUPHdmBIq
tUPHdmBIq
tUPHdmBIq
tUPHdmBIq,qU,tUPHdmBIq,PhDKZW
tUPHdmBIq,qU,tUPHdmBIq,PhDKZW
tUPHdmBIq
tUPHdmBIq
tUPHdmBIq
qU,tUPHdmBIq,dMLiNs
dMLiNs
dMLiNs
qU,tUPHdmBIq,dMLiNs
qU,tUPHdmBIq,dMLiNs
tUPHdmBIq
tUPHdmBIq
qU,tUPHdmBIq,dMLiNs,tUPHdmBIq
qU,tUPHdmBIq,dMLiNs,Iq
qU,tUPHdmBIq,dMLiNs,Iq
qU,tUPHdmBIq,dMLiNs,Iq,CP
tUPHdmBIq
tUPHdmBIq
tUPHdmBIq
tUPHdmBIq,Iq,CP,CP,CP
tUPHdmBIq
tUPHdmBIq,Iq,CP,CP,CP
tUPHdmBIq
tUPHdmBIq
CP
qU,tUPHdmBIq,dMLiNs
qU,tUPHdmBIq,dMLiNs
tUPHdmBIq
qU,dMLiNs,tUPHdmBIq
qU,dMLiNs,tUPHdmBIq
tUPHdmBIq,qU,dMLiNs,Iq
tUPHdmBIq
Jedi Wagner, assuma o comando!