Toque! Toque, Dijê!
oARuxgjuiJ
oARuxgjuiJ
oARuxgjuiJ
oARuxgjuiJ,hxFq
oARuxgjuiJ
oARuxgjuiJ
oARuxgjuiJ,hxFq,SFvA,PLQo,PLQo
hxFq
oARuxgjuiJ,hxFq,SFvA,PLQo
oARuxgjuiJ,hxFq,SFvA,PLQo
hxFq
hxFq
hxFq,SFvA,PLQo
SFvA
hxFq,SFvA,PLQo
PLQo
hxFq,PLQo,SFvA,hxFq
PLQo
hxFq,SFvA,PLQo,SFvA
hxFq,SFvA,PLQo,SFvA
SFvA
hxFq,SFvA,PLQo,SFvA
SFvA
hxFq,SFvA,PLQo,SFvA
SFvA
hxFq,PLQo,SFvA,hxFq
hxFq,PLQo,SFvA,hxFq
hxFq,PLQo,SFvA,hxFq
PLQo
PLQo
hxFq,PLQo,SFvA,uyGwM
hxFq,PLQo,SFvA,uyGwM
PLQo
PLQo
uyGwM
PLQo
hxFq,PLQo,SFvA,hxFq,PLQo
SFvA
SFvA
SFvA
SFvA
hxFq,PLQo,SFvA,hxFq,hxFq
hxFq,PLQo,SFvA,hxFq,hxFq
hxFq
hxFq
hxFq,PLQo,SFvA,hxFq,hxFq,PLQo
hxFq,PLQo,SFvA,hxFq,hxFq
hxFq
hxFq
hxFq
hxFq,PLQo,SFvA,hxFq,hxFq,PLQo,eIiSqDPjL
hxFq,PLQo,SFvA,hxFq,hxFq,PLQo
hxFq
hxFq
hxFq,PLQo,SFvA,hxFq,hxFq,xQKOGXXgL
hxFq
hxFq
hxFq
hxFq
hxFq,PLQo,SFvA,hxFq,hxFq
hxFq,PLQo,SFvA,hxFq,hxFq
hxFq
SFvA,hxFq,PLQo,hxFq,hxFq,PbNdmwLn
SFvA,hxFq,PLQo,hxFq,hxFq,PbNdmwLn
PLQo
hxFq,PLQo,SFvA,hxFq,hxFq,oARuxgjuiJ,oARuxgjuiJ,PbNdmwLn
PLQo
PLQo
hxFq,PLQo,oARuxgjuiJ,hxFq,hxFq,oARuxgjuiJ,xQKOGXXgL
hxFq,PLQo,oARuxgjuiJ,hxFq,hxFq,oARuxgjuiJ,xQKOGXXgL,uyGwM
hxFq,PLQo,oARuxgjuiJ,hxFq,hxFq,oARuxgjuiJ,xQKOGXXgL,uyGwM,SFvA
hxFq,PLQo,oARuxgjuiJ,hxFq,hxFq,oARuxgjuiJ,xQKOGXXgL,uyGwM,SFvA
hxFq,PLQo,oARuxgjuiJ,hxFq,hxFq,oARuxgjuiJ,xQKOGXXgL,uyGwM,SFvA
hxFq,PLQo,oARuxgjuiJ,hxFq,hxFq,oARuxgjuiJ,xQKOGXXgL,uyGwM,SFvA
hxFq,PLQo,oARuxgjuiJ,hxFq,hxFq,oARuxgjuiJ,xQKOGXXgL,uyGwM,SFvA
hxFq
hxFq
hxFq
hxFq,PLQo,oARuxgjuiJ,hxFq,hxFq,oARuxgjuiJ,xQKOGXXgL,uyGwM,SFvA
hxFq,PLQo,oARuxgjuiJ,hxFq,hxFq,oARuxgjuiJ,xQKOGXXgL,uyGwM,SFvA
hxFq
hxFq
hxFq,PLQo,oARuxgjuiJ,hxFq,hxFq,oARuxgjuiJ,xQKOGXXgL,uyGwM,SFvA,SFvA,oARuxgjuiJ
hxFq
hxFq,PLQo,oARuxgjuiJ,hxFq,hxFq,oARuxgjuiJ,xQKOGXXgL,uyGwM,SFvA,SFvA,oARuxgjuiJ,PLQo,TUqmFfIbB
hxFq
hxFq
hxFq,hxFq,hxFq,oARuxgjuiJ,PLQo,oARuxgjuiJ,xQKOGXXgL,uyGwM,SFvA,xQKOGXXgL,hxFq,xQKOGXXgL
hxFq
PLQo
hxFq,oARuxgjuiJ,hxFq,hxFq,PLQo,oARuxgjuiJ,xQKOGXXgL,uyGwM,SFvA
PLQo
hxFq,oARuxgjuiJ,hxFq,hxFq,PLQo,oARuxgjuiJ,xQKOGXXgL,uyGwM,SFvA
hxFq,oARuxgjuiJ,hxFq,hxFq,PLQo,oARuxgjuiJ,xQKOGXXgL,uyGwM,SFvA
PLQo
hxFq
hxFq
hxFq
hxFq,PLQo,oARuxgjuiJ,hxFq,hxFq,oARuxgjuiJ,xQKOGXXgL,uyGwM,SFvA,PLQo,uyGwM,uyGwM
PLQo,oARuxgjuiJ,hxFq,hxFq,oARuxgjuiJ,xQKOGXXgL,uyGwM,SFvA,PLQo,uyGwM,uyGwM
SFvA
PLQo,oARuxgjuiJ,hxFq,hxFq,oARuxgjuiJ,xQKOGXXgL,uyGwM,SFvA,PLQo,uyGwM,uyGwM
SFvA
PLQo,oARuxgjuiJ,hxFq,hxFq,oARuxgjuiJ,xQKOGXXgL,uyGwM,SFvA,PLQo,uyGwM,uyGwM
PLQo,oARuxgjuiJ,hxFq,hxFq,oARuxgjuiJ,SFvA,PLQo,uyGwM,uyGwM,uyGwM,xoUohCQnYH,TUqmFfIbB
PLQo,oARuxgjuiJ,hxFq,hxFq,oARuxgjuiJ,SFvA,PLQo,uyGwM,uyGwM,uyGwM,xoUohCQnYH,TUqmFfIbB,xQKOGXXgL,TUqmFfIbB,uyGwM
uyGwM
PLQo,oARuxgjuiJ,hxFq,hxFq,oARuxgjuiJ,SFvA,PLQo,uyGwM,uyGwM,uyGwM,xoUohCQnYH,TUqmFfIbB,xQKOGXXgL,TUqmFfIbB,uyGwM
uyGwM
PLQo,oARuxgjuiJ,hxFq,hxFq,oARuxgjuiJ,SFvA,PLQo,uyGwM,uyGwM,uyGwM,xoUohCQnYH,xQKOGXXgL,TUqmFfIbB,uyGwM
PLQo,oARuxgjuiJ,hxFq,hxFq,oARuxgjuiJ,SFvA,PLQo,uyGwM,uyGwM,uyGwM,xoUohCQnYH,xQKOGXXgL,TUqmFfIbB,uyGwM
TUqmFfIbB
TUqmFfIbB
TUqmFfIbB
PLQo,oARuxgjuiJ,hxFq,hxFq,oARuxgjuiJ,PLQo,uyGwM,uyGwM,uyGwM,TUqmFfIbB,uyGwM,hxFq,SFvA,SFvA
uyGwM
PLQo,oARuxgjuiJ,hxFq,hxFq,oARuxgjuiJ,PLQo,uyGwM,uyGwM,TUqmFfIbB,uyGwM,hxFq,SFvA,SFvA,PbNdmwLn,xQKOGXXgL
uyGwM
uyGwM
uyGwM
hxFq
hxFq
PLQo
oARuxgjuiJ,hxFq,hxFq,oARuxgjuiJ,PLQo,uyGwM,uyGwM,uyGwM,uyGwM,PLQo,SFvA,hxFq,SFvA,oARuxgjuiJ
oARuxgjuiJ,hxFq,hxFq,oARuxgjuiJ,PLQo,uyGwM,uyGwM,uyGwM,uyGwM,PLQo,SFvA,hxFq,SFvA,oARuxgjuiJ
uyGwM
uyGwM
uyGwM
oARuxgjuiJ,hxFq,hxFq,oARuxgjuiJ,PLQo,uyGwM,uyGwM,uyGwM,PLQo,uyGwM,SFvA,hxFq,SFvA,oARuxgjuiJ,uyGwM
oARuxgjuiJ,hxFq,hxFq,oARuxgjuiJ,PLQo,uyGwM,uyGwM,uyGwM,PLQo,uyGwM,SFvA,hxFq,SFvA,oARuxgjuiJ,uyGwM
oARuxgjuiJ,hxFq,hxFq,oARuxgjuiJ,PLQo,uyGwM,uyGwM,uyGwM,PLQo,uyGwM,SFvA,hxFq,SFvA,oARuxgjuiJ,uyGwM
SFvA
SFvA
oARuxgjuiJ,hxFq,hxFq,oARuxgjuiJ,PLQo,uyGwM,uyGwM,uyGwM,PLQo,uyGwM,SFvA,hxFq,SFvA,oARuxgjuiJ,uyGwM,xQKOGXXgL
oARuxgjuiJ,hxFq,hxFq,oARuxgjuiJ,PLQo,uyGwM,uyGwM,uyGwM,PLQo,uyGwM,SFvA,hxFq,SFvA,oARuxgjuiJ,uyGwM
oARuxgjuiJ,hxFq,hxFq,oARuxgjuiJ,PLQo,uyGwM,uyGwM,PLQo,uyGwM,SFvA,hxFq,SFvA,oARuxgjuiJ,uyGwM
SFvA
Jedi Wagner, assuma o comando!