PqbtJTnK
PqbtJTnK
PqbtJTnK
PqbtJTnK
PqbtJTnK
PqbtJTnK,xYBVZyAGuL
PqbtJTnK
PqbtJTnK,xYBVZyAGuL,wDSqpJiLZm
PqbtJTnK,xYBVZyAGuL,wDSqpJiLZm,Q
PqbtJTnK,xYBVZyAGuL,wDSqpJiLZm,Q
PqbtJTnK
Toque! Toque, Dijê!
[vazia]
[vazia]
[vazia]
PqbtJTnK
iDmnxA
iDmnxA,NbKXYgXl,iDmnxA
iDmnxA
iDmnxA
iDmnxA
iDmnxA,PqbtJTnK,PqbtJTnK
iDmnxA,PqbtJTnK,PqbtJTnK,PqbtJTnK,iDmnxA,NbKXYgXl
iDmnxA,PqbtJTnK,PqbtJTnK,PqbtJTnK,iDmnxA,NbKXYgXl
iDmnxA,PqbtJTnK,PqbtJTnK,PqbtJTnK,iDmnxA,NbKXYgXl
iDmnxA,PqbtJTnK,PqbtJTnK,PqbtJTnK,iDmnxA,NbKXYgXl
iDmnxA,PqbtJTnK,PqbtJTnK,iDmnxA,NbKXYgXl
iDmnxA,PqbtJTnK,iDmnxA,PqbtJTnK,PqbtJTnK,xYBVZyAGuL,iDmnxA
iDmnxA,NbKXYgXl,PqbtJTnK,PqbtJTnK,iDmnxA,PqbtJTnK,PqbtJTnK
PqbtJTnK
PqbtJTnK
PqbtJTnK
NbKXYgXl
NbKXYgXl
NbKXYgXl
PqbtJTnK,NbKXYgXl,iDmnxA,PqbtJTnK,iDmnxA,PqbtJTnK,PqbtJTnK,Q,PqbtJTnK
NbKXYgXl
PqbtJTnK,NbKXYgXl,iDmnxA,PqbtJTnK,iDmnxA,PqbtJTnK,PqbtJTnK,Q,PqbtJTnK,PqbtJTnK
PqbtJTnK
PqbtJTnK
PqbtJTnK
NbKXYgXl,PqbtJTnK,PqbtJTnK,iDmnxA,PqbtJTnK,PqbtJTnK,NbKXYgXl
PqbtJTnK
NbKXYgXl,PqbtJTnK,PqbtJTnK,iDmnxA,PqbtJTnK,PqbtJTnK,NbKXYgXl
PqbtJTnK
PqbtJTnK
NbKXYgXl,PqbtJTnK,PqbtJTnK,iDmnxA,PqbtJTnK,PqbtJTnK,iDmnxA
iDmnxA
NbKXYgXl,PqbtJTnK,PqbtJTnK,iDmnxA,PqbtJTnK,PqbtJTnK,iDmnxA
iDmnxA,NbKXYgXl,PqbtJTnK,PqbtJTnK,iDmnxA,PqbtJTnK,PqbtJTnK
NbKXYgXl,PqbtJTnK,PqbtJTnK,iDmnxA,iDmnxA,PqbtJTnK,PqbtJTnK,PqbtJTnK
iDmnxA,iDmnxA,PqbtJTnK,PqbtJTnK,PqbtJTnK,PqbtJTnK,Q
iDmnxA
iDmnxA
iDmnxA
iDmnxA
iDmnxA,NbKXYgXl,PqbtJTnK,PqbtJTnK,PqbtJTnK,PqbtJTnK,iDmnxA,iDmnxA,PqbtJTnK,iDmnxA,iDmnxA
iDmnxA,NbKXYgXl,PqbtJTnK,PqbtJTnK,PqbtJTnK,PqbtJTnK,iDmnxA,iDmnxA,PqbtJTnK,iDmnxA,iDmnxA
PqbtJTnK
iDmnxA,NbKXYgXl,PqbtJTnK,PqbtJTnK,PqbtJTnK,PqbtJTnK,iDmnxA,iDmnxA,PqbtJTnK,iDmnxA,NbKXYgXl
PqbtJTnK
PqbtJTnK
PqbtJTnK,PqbtJTnK,PqbtJTnK,iDmnxA,PqbtJTnK,iDmnxA,iDmnxA,PqbtJTnK,iDmnxA,Q,PqbtJTnK
iDmnxA
PqbtJTnK
PqbtJTnK
PqbtJTnK,PqbtJTnK,iDmnxA,PqbtJTnK,PqbtJTnK,iDmnxA,iDmnxA,PqbtJTnK,iDmnxA,Q,PqbtJTnK
PqbtJTnK,PqbtJTnK,iDmnxA,PqbtJTnK,PqbtJTnK,iDmnxA,iDmnxA,PqbtJTnK,iDmnxA,Q,PqbtJTnK
PqbtJTnK
PqbtJTnK
PqbtJTnK,PqbtJTnK,PqbtJTnK,iDmnxA,PqbtJTnK,iDmnxA,iDmnxA,PqbtJTnK,iDmnxA,Q,PqbtJTnK,Q
PqbtJTnK,PqbtJTnK,PqbtJTnK,iDmnxA,PqbtJTnK,iDmnxA,iDmnxA,PqbtJTnK,iDmnxA,Q,PqbtJTnK
PqbtJTnK
PqbtJTnK
PqbtJTnK,PqbtJTnK,PqbtJTnK,iDmnxA,PqbtJTnK,iDmnxA,iDmnxA,PqbtJTnK,iDmnxA,Q,PqbtJTnK
PqbtJTnK
PqbtJTnK,PqbtJTnK,PqbtJTnK,iDmnxA,PqbtJTnK,iDmnxA,iDmnxA,PqbtJTnK,iDmnxA,Q,PqbtJTnK
PqbtJTnK,PqbtJTnK,PqbtJTnK,iDmnxA,PqbtJTnK,iDmnxA,iDmnxA,PqbtJTnK,iDmnxA,Q,PqbtJTnK,xYBVZyAGuL
PqbtJTnK,PqbtJTnK,PqbtJTnK,iDmnxA,PqbtJTnK,iDmnxA,iDmnxA,PqbtJTnK,iDmnxA,Q,PqbtJTnK,xYBVZyAGuL
PqbtJTnK
PqbtJTnK,PqbtJTnK,PqbtJTnK,iDmnxA,xYBVZyAGuL,PqbtJTnK,iDmnxA,iDmnxA,PqbtJTnK,iDmnxA,Q,PqbtJTnK,PqbtJTnK,Q
PqbtJTnK,PqbtJTnK,PqbtJTnK,iDmnxA,xYBVZyAGuL,PqbtJTnK,iDmnxA,iDmnxA,PqbtJTnK,iDmnxA,Q,PqbtJTnK,PqbtJTnK,Q
PqbtJTnK
PqbtJTnK,PqbtJTnK,PqbtJTnK,iDmnxA,xYBVZyAGuL,PqbtJTnK,iDmnxA,iDmnxA,PqbtJTnK,iDmnxA,Q,PqbtJTnK
PqbtJTnK
PqbtJTnK,PqbtJTnK,PqbtJTnK,iDmnxA,xYBVZyAGuL,PqbtJTnK,iDmnxA,iDmnxA,PqbtJTnK,iDmnxA,Q,PqbtJTnK,Q
PqbtJTnK
iDmnxA
iDmnxA
PqbtJTnK,PqbtJTnK,PqbtJTnK,iDmnxA,PqbtJTnK,iDmnxA,iDmnxA,PqbtJTnK,iDmnxA,Q,PqbtJTnK,Q
PqbtJTnK,PqbtJTnK,PqbtJTnK,iDmnxA,PqbtJTnK,iDmnxA,iDmnxA,PqbtJTnK,iDmnxA,Q,PqbtJTnK,Q
iDmnxA
Q
PqbtJTnK,PqbtJTnK,PqbtJTnK,iDmnxA,PqbtJTnK,iDmnxA,iDmnxA,PqbtJTnK,iDmnxA,Q,PqbtJTnK,Q,Q
PqbtJTnK,PqbtJTnK,PqbtJTnK,iDmnxA,PqbtJTnK,iDmnxA,iDmnxA,PqbtJTnK,iDmnxA,Q,PqbtJTnK,Q,Q
PqbtJTnK,PqbtJTnK,iDmnxA,PqbtJTnK,iDmnxA,iDmnxA,PqbtJTnK,iDmnxA,Q,PqbtJTnK,Q,Q,xYBVZyAGuL
PqbtJTnK,PqbtJTnK,iDmnxA,PqbtJTnK,iDmnxA,iDmnxA,PqbtJTnK,iDmnxA,PqbtJTnK,Q,PqbtJTnK,Q
PqbtJTnK,PqbtJTnK,PqbtJTnK,iDmnxA,PqbtJTnK,iDmnxA,iDmnxA,PqbtJTnK,iDmnxA,Q,PqbtJTnK,Q,Q
Q
Q
PqbtJTnK,PqbtJTnK,PqbtJTnK,PqbtJTnK,iDmnxA,PqbtJTnK,iDmnxA,PqbtJTnK,Q,iDmnxA,Q,Q,Q
Q
Q
Q
PqbtJTnK,PqbtJTnK,PqbtJTnK,iDmnxA,PqbtJTnK,iDmnxA,iDmnxA,PqbtJTnK,iDmnxA,Q,PqbtJTnK,Q,Q
PqbtJTnK,PqbtJTnK,PqbtJTnK,iDmnxA,PqbtJTnK,iDmnxA,iDmnxA,PqbtJTnK,iDmnxA,Q,PqbtJTnK,Q,Q
Q
Q
Q
PqbtJTnK,PqbtJTnK,PqbtJTnK,iDmnxA,PqbtJTnK,iDmnxA,iDmnxA,PqbtJTnK,iDmnxA,Q,PqbtJTnK,Q,Q
PqbtJTnK
PqbtJTnK
PqbtJTnK,PqbtJTnK,iDmnxA,iDmnxA,PqbtJTnK,iDmnxA,PqbtJTnK,Q,iDmnxA,wDSqpJiLZm,PqbtJTnK,Q,iDmnxA,PqbtJTnK,Q
PqbtJTnK,iDmnxA,iDmnxA,PqbtJTnK,iDmnxA,PqbtJTnK,Q,iDmnxA,wDSqpJiLZm,PqbtJTnK,PqbtJTnK,Q,iDmnxA,PqbtJTnK,Q,xYBVZyAGuL
PqbtJTnK,PqbtJTnK,PqbtJTnK,iDmnxA,PqbtJTnK,iDmnxA,iDmnxA,PqbtJTnK,iDmnxA,Q,PqbtJTnK,Q,Q
PqbtJTnK,PqbtJTnK,PqbtJTnK,iDmnxA,PqbtJTnK,iDmnxA,iDmnxA,PqbtJTnK,iDmnxA,Q,PqbtJTnK,Q,Q
Q
PqbtJTnK,PqbtJTnK,PqbtJTnK,iDmnxA,PqbtJTnK,iDmnxA,iDmnxA,PqbtJTnK,iDmnxA,Q,PqbtJTnK,Q,Q
Q
Q
Q
PqbtJTnK,PqbtJTnK,PqbtJTnK,iDmnxA,PqbtJTnK,iDmnxA,iDmnxA,PqbtJTnK,iDmnxA,Q,PqbtJTnK,Q,Q,xYBVZyAGuL,PqbtJTnK,iDmnxA,xYBVZyAGuL
PqbtJTnK,PqbtJTnK,PqbtJTnK,PqbtJTnK,iDmnxA,iDmnxA,PqbtJTnK,iDmnxA,Q,PqbtJTnK,Q,NbKXYgXl,xYBVZyAGuL,Q,PqbtJTnK,iDmnxA,wDSqpJiLZm,PqbtJTnK
PqbtJTnK,PqbtJTnK,PqbtJTnK,PqbtJTnK,iDmnxA,iDmnxA,PqbtJTnK,iDmnxA,Q,PqbtJTnK,Q,NbKXYgXl,xYBVZyAGuL,Q,PqbtJTnK,iDmnxA,wDSqpJiLZm,PqbtJTnK
NbKXYgXl
PqbtJTnK,PqbtJTnK,PqbtJTnK,PqbtJTnK,iDmnxA,PqbtJTnK,iDmnxA,Q,PqbtJTnK,Q,xYBVZyAGuL,NbKXYgXl,Q,PqbtJTnK,iDmnxA,wDSqpJiLZm,PqbtJTnK,xYBVZyAGuL
Q
Q
Q
PqbtJTnK,PqbtJTnK,PqbtJTnK,iDmnxA,PqbtJTnK,iDmnxA,Q,PqbtJTnK,Q,Q,PqbtJTnK,iDmnxA,xYBVZyAGuL,xYBVZyAGuL,PqbtJTnK
Q
PqbtJTnK,PqbtJTnK,PqbtJTnK,iDmnxA,PqbtJTnK,iDmnxA,Q,PqbtJTnK,Q,Q,PqbtJTnK,iDmnxA,xYBVZyAGuL,xYBVZyAGuL,PqbtJTnK
PqbtJTnK,PqbtJTnK,PqbtJTnK,iDmnxA,PqbtJTnK,iDmnxA,Q,PqbtJTnK,Q,Q,PqbtJTnK,iDmnxA,xYBVZyAGuL,xYBVZyAGuL,PqbtJTnK
PqbtJTnK,PqbtJTnK,iDmnxA,PqbtJTnK,iDmnxA,Q,PqbtJTnK,Q,Q,PqbtJTnK,iDmnxA,xYBVZyAGuL,PqbtJTnK,xYBVZyAGuL,PqbtJTnK
PqbtJTnK,PqbtJTnK,iDmnxA,PqbtJTnK,iDmnxA,Q,PqbtJTnK,Q,Q,PqbtJTnK,iDmnxA,xYBVZyAGuL,PqbtJTnK,xYBVZyAGuL,PqbtJTnK
PqbtJTnK,PqbtJTnK,iDmnxA,PqbtJTnK,iDmnxA,Q,PqbtJTnK,Q,Q,PqbtJTnK,iDmnxA,xYBVZyAGuL,PqbtJTnK,xYBVZyAGuL,PqbtJTnK
PqbtJTnK
PqbtJTnK,PqbtJTnK,iDmnxA,PqbtJTnK,iDmnxA,PqbtJTnK,Q,Q,PqbtJTnK,iDmnxA,xYBVZyAGuL,PqbtJTnK,xYBVZyAGuL,PqbtJTnK
PqbtJTnK,PqbtJTnK,iDmnxA,PqbtJTnK,iDmnxA,PqbtJTnK,Q,Q,PqbtJTnK,iDmnxA,xYBVZyAGuL,PqbtJTnK,xYBVZyAGuL,PqbtJTnK
PqbtJTnK,PqbtJTnK,iDmnxA,PqbtJTnK,iDmnxA,PqbtJTnK,Q,Q,PqbtJTnK,iDmnxA,xYBVZyAGuL,PqbtJTnK,xYBVZyAGuL,PqbtJTnK,NbKXYgXl
iDmnxA
iDmnxA
iDmnxA
iDmnxA
iDmnxA
iDmnxA
xYBVZyAGuL
PqbtJTnK,PqbtJTnK,xYBVZyAGuL,iDmnxA,PqbtJTnK,iDmnxA,PqbtJTnK,Q,PqbtJTnK,iDmnxA,PqbtJTnK,PqbtJTnK,xYBVZyAGuL,Q
xYBVZyAGuL
PqbtJTnK,PqbtJTnK,xYBVZyAGuL,iDmnxA,PqbtJTnK,iDmnxA,PqbtJTnK,Q,PqbtJTnK,iDmnxA,PqbtJTnK,PqbtJTnK,xYBVZyAGuL,Q
PqbtJTnK,PqbtJTnK,xYBVZyAGuL,iDmnxA,PqbtJTnK,iDmnxA,PqbtJTnK,Q,PqbtJTnK,iDmnxA,PqbtJTnK,PqbtJTnK,xYBVZyAGuL,Q
iDmnxA
PqbtJTnK,PqbtJTnK,xYBVZyAGuL,iDmnxA,PqbtJTnK,iDmnxA,PqbtJTnK,Q,PqbtJTnK,iDmnxA,PqbtJTnK,PqbtJTnK,xYBVZyAGuL,Q
iDmnxA
iDmnxA
PqbtJTnK,PqbtJTnK,xYBVZyAGuL,iDmnxA,PqbtJTnK,iDmnxA,PqbtJTnK,Q,PqbtJTnK,iDmnxA,PqbtJTnK,PqbtJTnK,xYBVZyAGuL,Q,NbKXYgXl,NbKXYgXl
PqbtJTnK,PqbtJTnK,xYBVZyAGuL,iDmnxA,PqbtJTnK,iDmnxA,PqbtJTnK,Q,PqbtJTnK,iDmnxA,PqbtJTnK,PqbtJTnK,xYBVZyAGuL,Q
iDmnxA
xYBVZyAGuL,iDmnxA,PqbtJTnK,PqbtJTnK,iDmnxA,PqbtJTnK,Q,PqbtJTnK,iDmnxA,PqbtJTnK,PqbtJTnK,xYBVZyAGuL,Q,wDSqpJiLZm
PqbtJTnK
xYBVZyAGuL,iDmnxA,PqbtJTnK,PqbtJTnK,iDmnxA,PqbtJTnK,Q,PqbtJTnK,iDmnxA,PqbtJTnK,PqbtJTnK,xYBVZyAGuL,Q,wDSqpJiLZm,PqbtJTnK
PqbtJTnK
PqbtJTnK
xYBVZyAGuL,iDmnxA,PqbtJTnK,PqbtJTnK,iDmnxA,PqbtJTnK,Q,PqbtJTnK,iDmnxA,PqbtJTnK,PqbtJTnK,xYBVZyAGuL,Q,wDSqpJiLZm,PqbtJTnK
xYBVZyAGuL,iDmnxA,PqbtJTnK,PqbtJTnK,iDmnxA,PqbtJTnK,Q,PqbtJTnK,iDmnxA,PqbtJTnK,PqbtJTnK,xYBVZyAGuL,Q,wDSqpJiLZm,PqbtJTnK
iDmnxA,PqbtJTnK,xYBVZyAGuL,iDmnxA,PqbtJTnK,Q,PqbtJTnK,iDmnxA,PqbtJTnK,PqbtJTnK,xYBVZyAGuL,Q,PqbtJTnK,PqbtJTnK
iDmnxA,PqbtJTnK,iDmnxA,PqbtJTnK,Q,PqbtJTnK,iDmnxA,PqbtJTnK,PqbtJTnK,xYBVZyAGuL,Q,PqbtJTnK,PqbtJTnK
iDmnxA,iDmnxA,PqbtJTnK,PqbtJTnK,Q,PqbtJTnK,iDmnxA,PqbtJTnK,PqbtJTnK,xYBVZyAGuL,Q,PqbtJTnK,PqbtJTnK,NbKXYgXl,Q
iDmnxA,iDmnxA,PqbtJTnK,PqbtJTnK,Q,PqbtJTnK,iDmnxA,PqbtJTnK,PqbtJTnK,xYBVZyAGuL,Q,PqbtJTnK,PqbtJTnK,NbKXYgXl,Q
iDmnxA,iDmnxA,PqbtJTnK,PqbtJTnK,Q,PqbtJTnK,iDmnxA,PqbtJTnK,PqbtJTnK,xYBVZyAGuL,Q,PqbtJTnK,PqbtJTnK,NbKXYgXl,Q
PqbtJTnK
PqbtJTnK
xYBVZyAGuL,iDmnxA,PqbtJTnK,PqbtJTnK,iDmnxA,PqbtJTnK,Q,PqbtJTnK,iDmnxA,PqbtJTnK,PqbtJTnK,xYBVZyAGuL,Q,wDSqpJiLZm,PqbtJTnK
PqbtJTnK
xYBVZyAGuL
xYBVZyAGuL
xYBVZyAGuL
xYBVZyAGuL,iDmnxA,PqbtJTnK,PqbtJTnK,wDSqpJiLZm,iDmnxA,PqbtJTnK,Q,PqbtJTnK,iDmnxA,PqbtJTnK,PqbtJTnK,xYBVZyAGuL,Q,PqbtJTnK,wDSqpJiLZm,xYBVZyAGuL
PqbtJTnK
PqbtJTnK
PqbtJTnK
xYBVZyAGuL,PqbtJTnK,PqbtJTnK,iDmnxA,PqbtJTnK,Q,PqbtJTnK,iDmnxA,PqbtJTnK,PqbtJTnK,xYBVZyAGuL,Q,wDSqpJiLZm,PqbtJTnK
PqbtJTnK
iDmnxA,PqbtJTnK,PqbtJTnK,xYBVZyAGuL,iDmnxA,PqbtJTnK,Q,PqbtJTnK,iDmnxA,PqbtJTnK,PqbtJTnK,xYBVZyAGuL,Q,wDSqpJiLZm,PqbtJTnK,PqbtJTnK
wDSqpJiLZm
wDSqpJiLZm
xYBVZyAGuL,iDmnxA,PqbtJTnK,wDSqpJiLZm,PqbtJTnK,iDmnxA,PqbtJTnK,PqbtJTnK,iDmnxA,PqbtJTnK,PqbtJTnK,xYBVZyAGuL,Q,PqbtJTnK,PqbtJTnK,xYBVZyAGuL
Jedi Wagner, assuma o comando!