Toque! Toque, Dijê!
Toque! Toque, Dijê!
Toque! Toque, Dijê!
[vazia]
Toque! Toque, Dijê!
Toque! Toque, Dijê!
PQYCM
PQYCM,PQYCM
PQYCM
Toque! Toque, Dijê!
[vazia]
[vazia]
Toque! Toque, Dijê!
Toque! Toque, Dijê!
PQYCM
PQYCM,PQYCM,PQYCM,PQYCM,PQYCM,PQYCM
PQYCM,PQYCM,PQYCM,PQYCM,PQYCM,PQYCM,PQYCM
PQYCM,PQYCM,PQYCM,PQYCM,PQYCM,PQYCM,PQYCM
PQYCM
PQYCM
PQYCM,PQYCM,PQYCM,PQYCM,PQYCM,PQYCM,PQYCM
PQYCM,PQYCM,PQYCM,PQYCM,PQYCM,PQYCM,PQYCM,PQYCM
PQYCM
PQYCM
PQYCM,PQYCM,PQYCM,PQYCM,PQYCM,PQYCM,PQYCM,PQYCM
PQYCM,PQYCM,PQYCM,PQYCM,PQYCM,PQYCM,PQYCM,PQYCM,PQYCM
PQYCM,PQYCM,PQYCM,PQYCM,PQYCM,PQYCM,PQYCM,PQYCM,PQYCM
PQYCM,PQYCM,PQYCM,PQYCM,PQYCM,PQYCM,PQYCM,PQYCM
PQYCM
PQYCM
PQYCM,PQYCM,PQYCM,PQYCM,PQYCM,PQYCM,PQYCM,PQYCM,PQYCM
PQYCM,PQYCM,PQYCM,PQYCM,PQYCM,PQYCM,PQYCM,PQYCM
PQYCM,PQYCM,PQYCM,PQYCM,PQYCM,PQYCM,PQYCM,PQYCM
PQYCM,PQYCM,PQYCM,PQYCM,PQYCM,PQYCM,PQYCM,PQYCM
PQYCM
PQYCM,PQYCM,PQYCM,PQYCM,PQYCM,PQYCM,PQYCM,PQYCM,PQYCM
PQYCM,PQYCM,PQYCM,PQYCM,PQYCM,PQYCM,PQYCM,PQYCM,PQYCM
PQYCM
PQYCM
PQYCM,PQYCM,PQYCM,PQYCM,PQYCM,PQYCM,PQYCM
PQYCM
PQYCM,PQYCM,PQYCM,PQYCM,PQYCM,PQYCM,PQYCM
PQYCM
PQYCM
PQYCM
PQYCM,PQYCM,PQYCM,PQYCM,PQYCM,PQYCM,PQYCM
PQYCM
PQYCM
PQYCM,PQYCM,PQYCM,PQYCM,PQYCM,PQYCM,PQYCM,PQYCM
PQYCM,PQYCM,PQYCM,PQYCM,PQYCM,PQYCM,PQYCM,PQYCM
PQYCM
PQYCM
PQYCM,PQYCM,PQYCM,PQYCM,PQYCM,PQYCM,PQYCM,PQYCM
PQYCM,PQYCM,PQYCM,PQYCM,PQYCM,PQYCM,PQYCM,PQYCM,PQYCM
PQYCM,PQYCM,PQYCM,PQYCM,PQYCM,PQYCM,PQYCM,PQYCM
PQYCM,PQYCM,PQYCM,PQYCM,PQYCM,PQYCM,PQYCM,PQYCM
PQYCM,PQYCM,PQYCM,PQYCM,PQYCM,PQYCM,PQYCM
PQYCM,PQYCM,PQYCM,PQYCM,PQYCM,PQYCM
PQYCM,PQYCM,PQYCM,PQYCM,PQYCM,PQYCM
PQYCM
PQYCM
PQYCM,PQYCM,PQYCM,PQYCM,PQYCM,PQYCM
PQYCM,PQYCM,PQYCM,PQYCM,PQYCM,PQYCM
PQYCM
PQYCM
PQYCM,PQYCM,PQYCM,PQYCM,PQYCM,PQYCM,PQYCM,PQYCM,PQYCM
PQYCM,PQYCM,PQYCM,PQYCM,PQYCM,PQYCM,PQYCM,PQYCM,PQYCM
PQYCM
PQYCM,PQYCM,PQYCM,PQYCM,PQYCM,PQYCM,PQYCM,PQYCM,PQYCM
PQYCM,PQYCM,PQYCM,PQYCM,PQYCM,PQYCM,PQYCM,PQYCM,PQYCM
PQYCM,PQYCM,PQYCM,PQYCM,PQYCM,PQYCM,PQYCM,PQYCM,PQYCM
PQYCM,PQYCM,PQYCM,PQYCM,PQYCM,PQYCM,PQYCM,PQYCM
PQYCM,PQYCM,PQYCM,PQYCM,PQYCM,PQYCM,PQYCM,PQYCM
PQYCM
PQYCM
PQYCM,PQYCM,PQYCM,PQYCM,PQYCM,PQYCM,PQYCM,PQYCM
PQYCM,PQYCM,PQYCM,PQYCM,PQYCM,PQYCM,PQYCM,PQYCM
PQYCM
PQYCM,PQYCM,PQYCM,PQYCM,PQYCM,PQYCM,PQYCM
PQYCM
PQYCM
PQYCM
PQYCM
PQYCM,PQYCM,PQYCM,PQYCM,PQYCM,PQYCM
PQYCM,PQYCM,PQYCM,PQYCM,PQYCM,PQYCM
PQYCM
PQYCM
PQYCM,PQYCM,PQYCM,PQYCM,PQYCM,PQYCM,PQYCM
PQYCM
PQYCM
PQYCM
PQYCM
PQYCM
PQYCM
PQYCM
PQYCM
PQYCM
PQYCM
PQYCM
PQYCM
PQYCM,PQYCM,PQYCM,PQYCM,PQYCM
PQYCM,PQYCM,PQYCM,PQYCM,PQYCM
PQYCM,PQYCM,PQYCM,PQYCM,PQYCM
PQYCM
PQYCM
PQYCM,PQYCM,PQYCM,PQYCM,PQYCM,PQYCM
PQYCM
PQYCM,PQYCM,PQYCM,PQYCM,PQYCM
PQYCM
PQYCM
PQYCM
PQYCM,PQYCM,PQYCM,PQYCM,PQYCM
PQYCM
PQYCM,PQYCM,PQYCM,PQYCM,PQYCM
PQYCM,PQYCM,PQYCM,PQYCM,PQYCM
PQYCM
PQYCM,PQYCM,PQYCM,PQYCM
PQYCM
PQYCM
PQYCM
PQYCM,PQYCM,PQYCM,PQYCM,PQYCM,PQYCM
PQYCM
PQYCM
PQYCM
PQYCM
Jedi Wagner, assuma o comando!