Toque! Toque, Dijê!
qUCp
qUCp
qUCp,ls
qUCp,ls
qUCp,ls
ls
rdLOGSV
qUCp,ls,rdLOGSV,qUCp,SeodX,ls,lSi
qUCp
qUCp,ls,rdLOGSV,qUCp,SeodX,ls
qUCp
qUCp,ls,rdLOGSV,qUCp,SeodX,ls,dWO
qUCp,ls,rdLOGSV,qUCp,SeodX,ls,dWO
qUCp,ls,rdLOGSV,qUCp,SeodX,ls,dWO
qUCp,ls,qUCp,SeodX,ls
qUCp,ls,qUCp,SeodX,ls
ls,qUCp,ls,lSi
ls
ls
qUCp,ls,qUCp,SeodX,ls,CqVZ
rdLOGSV,qUCp,ls,qUCp,SeodX,ls,CqVZ,uEBgFshWa,ls,SeodX,CqVZ
ls
ls
rdLOGSV,qUCp,ls,qUCp,SeodX,ls,CqVZ,uEBgFshWa,ls,SeodX,CqVZ
qUCp
qUCp,ls,rdLOGSV,qUCp,SeodX,ls,CqVZ,uEBgFshWa,ls,SeodX,CqVZ,SeodX,lSi
SeodX
SeodX
ls,rdLOGSV,qUCp,SeodX,qUCp,ls,CqVZ,uEBgFshWa,ls,SeodX,CqVZ
ls,rdLOGSV,qUCp,SeodX,qUCp,ls,CqVZ,uEBgFshWa,ls,SeodX,CqVZ
qUCp,ls,rdLOGSV,qUCp,SeodX,ls,CqVZ,uEBgFshWa,ls,SeodX,CqVZ
SeodX
qUCp,ls,rdLOGSV,qUCp,SeodX,ls,CqVZ,uEBgFshWa,ls,SeodX,CqVZ
SeodX
SeodX
qUCp,ls,rdLOGSV,qUCp,SeodX,ls,CqVZ,ls,SeodX,CqVZ,CqVZ
SeodX
rdLOGSV
qUCp,ls,qUCp,SeodX,rdLOGSV,ls,CqVZ,ls,SeodX,CqVZ,CqVZ
qUCp,ls,qUCp,SeodX,rdLOGSV,ls,CqVZ,ls,SeodX,CqVZ,CqVZ,rdLOGSV
qUCp,ls,qUCp,SeodX,rdLOGSV,ls,CqVZ,ls,SeodX,CqVZ,CqVZ,rdLOGSV
qUCp,ls,rdLOGSV,qUCp,uEBgFshWa,SeodX,ls,CqVZ,ls,SeodX,CqVZ,rdLOGSV
qUCp,ls,rdLOGSV,qUCp,SeodX,ls,CqVZ,uEBgFshWa,ls,SeodX,CqVZ,SeodX
ls
qUCp,rdLOGSV,qUCp,SeodX,ls,ls,CqVZ,uEBgFshWa,ls,SeodX,CqVZ,SeodX
qUCp,rdLOGSV,qUCp,SeodX,ls,ls,CqVZ,uEBgFshWa,ls,SeodX,CqVZ,SeodX
uEBgFshWa
qUCp,rdLOGSV,qUCp,uEBgFshWa,SeodX,ls,ls,CqVZ,ls,SeodX,CqVZ,SeodX,ls
SeodX
SeodX
SeodX
qUCp,ls,rdLOGSV,qUCp,SeodX,ls,uEBgFshWa,ls,SeodX,CqVZ,bVtLyDk
SeodX
qUCp,ls,rdLOGSV,qUCp,SeodX,ls,uEBgFshWa,ls,SeodX,CqVZ,bVtLyDk
SeodX
qUCp,ls,rdLOGSV,qUCp,SeodX,ls,uEBgFshWa,ls,SeodX,CqVZ,bVtLyDk,CqVZ
rdLOGSV,qUCp,CqVZ,SeodX,qUCp,ls,uEBgFshWa,ls,SeodX,bVtLyDk,CqVZ
rdLOGSV,qUCp,CqVZ,SeodX,qUCp,ls,uEBgFshWa,ls,SeodX,bVtLyDk,CqVZ
CqVZ
qUCp,ls,rdLOGSV,qUCp,SeodX,ls,CqVZ,uEBgFshWa,ls,SeodX,CqVZ
SeodX
qUCp,ls,rdLOGSV,qUCp,SeodX,ls,CqVZ,uEBgFshWa,ls,SeodX,CqVZ,rdLOGSV
qUCp
SeodX
SeodX
SeodX
SeodX
SeodX
qUCp,ls,rdLOGSV,qUCp,SeodX,ls,CqVZ,uEBgFshWa,ls,SeodX,CqVZ,ls
SeodX
Jedi Wagner, assuma o comando!