[vazia]
Toque! Toque, Dijê!
[vazia]
[vazia]
[vazia]
Toque! Toque, Dijê!
Toque! Toque, Dijê!
[vazia]
[vazia]
[vazia]
Toque! Toque, Dijê!
Toque! Toque, Dijê!
Toque! Toque, Dijê!
[vazia]
nIQG
Toque! Toque, Dijê!
Toque! Toque, Dijê!
iT
iT,w
iT,w
iT,w
iT,w
iT,w,iR
iT,w,iR
iT,w,iR
iT
iT
iT
iT
iT,iT,CZq
iT,iT,CZq
CZq,iT,iT
CZq,iT,iT,nIQG,ppgbmS
CZq,iT,iT,iT,iR,iT,iT
iT
iT,CZq
CZq
iT
w
B
iT,w,B
w
w
w
iT,B
iT,B
iT,B,w
iT,B,w,ppgbmS,iT
iT,B,w,ppgbmS,iT
ppgbmS
iT,B,w,ppgbmS,iT
iT,B,w,ppgbmS,iT
iT,B,w,ppgbmS,iT
ppgbmS
ppgbmS
iT,B,w,ppgbmS,iT
iT,B,w,ppgbmS,iT
ppgbmS
iT,B,w,ppgbmS,iT
iT,w,ppgbmS,iT,ppgbmS,w,ppgbmS,B
iT,w,ppgbmS,iT,ppgbmS,w,ppgbmS,B
B
iT,w,B,ppgbmS,iT,ppgbmS,w,ppgbmS
B
w,B,ppgbmS,iT,ppgbmS,w,ppgbmS,iR
w,B,ppgbmS,iT,ppgbmS,w,ppgbmS,iR
w,B,ppgbmS,iT,ppgbmS,w,ppgbmS
w,B,ppgbmS,iT,ppgbmS,w,ppgbmS
w,iT,B,nIQG
iT,B,w,ppgbmS,iT
iT,B,w,ppgbmS,iT
w,ppgbmS,iT,B,iT,iT,ppgbmS,B,iT,w
iT
iT
w,ppgbmS,iT,B,iT,iT,ppgbmS,B,iT,iT
iT
iT
iT
B,w,ppgbmS,iT,iT
B,w,ppgbmS,iT,iT,CZq
iT
B,w,ppgbmS,iT,iT,CZq
iT
B,w,ppgbmS,iT,iT,CZq
B,w,ppgbmS,iT,iT,CZq,w
B,w,ppgbmS,iT,iT,CZq,w
B,w,ppgbmS,iT,iT
iT
iT
B,w,ppgbmS,iT,iT
iT
iT
iT,B
B,w,ppgbmS,iT,iT
B,w,ppgbmS,iT,iT
iT
B,ppgbmS,iT,iT
B
B
B,ppgbmS,iT,iT,B
B,ppgbmS,iT,iT,B,iR
iR
B,ppgbmS,iT,iT,B,iR
B,ppgbmS,iT,iT,B,iR
B,ppgbmS,iT,iT,B,iR,iT
B,ppgbmS,iT,iT,B,iR,iT
iR
iT
B,ppgbmS,iT,iT,B,iR,iT,iT
iT
B,ppgbmS,iT,iT,B,iR,iT,iT
iT
iT
ppgbmS
ppgbmS
B,iT,iT,B,iT,iT,ppgbmS,nIQG
nIQG
nIQG
nIQG
B,iT,iT,B,iT,iT,ppgbmS,nIQG,w
B
B
B
B,nIQG,iT,iT,B,iT,iT,ppgbmS,iR,CZq,iT
B,nIQG,iT,iT,B,iT,iT,ppgbmS,iR,CZq,iT
nIQG
nIQG
nIQG
iT
iT
nIQG,iT,iT,B,iT,iT,iR,iT,B,w
iT
iT,iT,iR,B,iT,iT,iT,B,w
iT
iT
iT
iT,iT,iT,iT,iR,iT,B,w
Jedi Wagner, assuma o comando!