[vazia]
[vazia]
Toque! Toque, Dijê!
Toque! Toque, Dijê!
[vazia]
[vazia]
Toque! Toque, Dijê!
Toque! Toque, Dijê!
[vazia]
[vazia]
Toque! Toque, Dijê!
Toque! Toque, Dijê!
[vazia]
[vazia]
[vazia]
Toque! Toque, Dijê!
[vazia]
[vazia]
Toque! Toque, Dijê!
[vazia]
[vazia]
Toque! Toque, Dijê!
Toque! Toque, Dijê!
[vazia]
Toque! Toque, Dijê!
Toque! Toque, Dijê!
[vazia]
wXWgtiSl,wXWgtiSl,wXWgtiSl
wXWgtiSl,wXWgtiSl
wXWgtiSl
wXWgtiSl
wXWgtiSl
[vazia]
Toque! Toque, Dijê!
[vazia]
Toque! Toque, Dijê!
[vazia]
wXWgtiSl
wXWgtiSl
wXWgtiSl
wXWgtiSl,wXWgtiSl
wXWgtiSl
wXWgtiSl
wXWgtiSl
wXWgtiSl
wXWgtiSl
wXWgtiSl
wXWgtiSl
wXWgtiSl
wXWgtiSl
wXWgtiSl,wXWgtiSl
wXWgtiSl
wXWgtiSl
wXWgtiSl
wXWgtiSl
wXWgtiSl
wXWgtiSl
wXWgtiSl
wXWgtiSl
wXWgtiSl
[vazia]
[vazia]
Toque! Toque, Dijê!
[vazia]
wXWgtiSl
wXWgtiSl
wXWgtiSl
wXWgtiSl
wXWgtiSl,wXWgtiSl,wXWgtiSl
wXWgtiSl,wXWgtiSl,wXWgtiSl
wXWgtiSl
wXWgtiSl
wXWgtiSl
wXWgtiSl,wXWgtiSl,wXWgtiSl,wXWgtiSl
wXWgtiSl,wXWgtiSl,wXWgtiSl,wXWgtiSl,wXWgtiSl,wXWgtiSl,wXWgtiSl,wXWgtiSl
wXWgtiSl,wXWgtiSl,wXWgtiSl,wXWgtiSl,wXWgtiSl,wXWgtiSl,wXWgtiSl
wXWgtiSl,wXWgtiSl,wXWgtiSl,wXWgtiSl,wXWgtiSl,wXWgtiSl,wXWgtiSl,wXWgtiSl,wXWgtiSl
wXWgtiSl
wXWgtiSl
wXWgtiSl,wXWgtiSl,wXWgtiSl,wXWgtiSl,wXWgtiSl,wXWgtiSl
wXWgtiSl
wXWgtiSl,wXWgtiSl,wXWgtiSl,wXWgtiSl,wXWgtiSl,wXWgtiSl
wXWgtiSl,wXWgtiSl,wXWgtiSl,wXWgtiSl,wXWgtiSl,wXWgtiSl
wXWgtiSl
wXWgtiSl,wXWgtiSl,wXWgtiSl,wXWgtiSl,wXWgtiSl,wXWgtiSl,wXWgtiSl
wXWgtiSl
wXWgtiSl,wXWgtiSl,wXWgtiSl,wXWgtiSl,wXWgtiSl
wXWgtiSl,wXWgtiSl,wXWgtiSl,wXWgtiSl,wXWgtiSl
wXWgtiSl
wXWgtiSl
wXWgtiSl,wXWgtiSl,wXWgtiSl,wXWgtiSl,wXWgtiSl,wXWgtiSl,wXWgtiSl
wXWgtiSl
wXWgtiSl,wXWgtiSl,wXWgtiSl,wXWgtiSl,wXWgtiSl,wXWgtiSl,wXWgtiSl,wXWgtiSl
wXWgtiSl
wXWgtiSl,wXWgtiSl,wXWgtiSl,wXWgtiSl,wXWgtiSl,wXWgtiSl,wXWgtiSl,wXWgtiSl
wXWgtiSl
wXWgtiSl,wXWgtiSl,wXWgtiSl,wXWgtiSl,wXWgtiSl,wXWgtiSl,wXWgtiSl,wXWgtiSl
wXWgtiSl,wXWgtiSl,wXWgtiSl,wXWgtiSl,wXWgtiSl,wXWgtiSl,wXWgtiSl,wXWgtiSl
wXWgtiSl,wXWgtiSl,wXWgtiSl,wXWgtiSl,wXWgtiSl,wXWgtiSl,wXWgtiSl
wXWgtiSl
wXWgtiSl
wXWgtiSl,wXWgtiSl,wXWgtiSl,wXWgtiSl,wXWgtiSl,wXWgtiSl,wXWgtiSl,wXWgtiSl
wXWgtiSl
wXWgtiSl
wXWgtiSl
wXWgtiSl
wXWgtiSl,wXWgtiSl,wXWgtiSl,wXWgtiSl,wXWgtiSl,wXWgtiSl,wXWgtiSl
wXWgtiSl
wXWgtiSl,wXWgtiSl,wXWgtiSl,wXWgtiSl,wXWgtiSl,wXWgtiSl,wXWgtiSl,wXWgtiSl
wXWgtiSl
wXWgtiSl,wXWgtiSl,wXWgtiSl,wXWgtiSl,wXWgtiSl,wXWgtiSl,wXWgtiSl,wXWgtiSl,wXWgtiSl,wXWgtiSl
wXWgtiSl,wXWgtiSl,wXWgtiSl,wXWgtiSl,wXWgtiSl,wXWgtiSl,wXWgtiSl,wXWgtiSl,wXWgtiSl,wXWgtiSl
wXWgtiSl,wXWgtiSl,wXWgtiSl,wXWgtiSl,wXWgtiSl,wXWgtiSl,wXWgtiSl,wXWgtiSl,wXWgtiSl,wXWgtiSl,wXWgtiSl
wXWgtiSl
wXWgtiSl,wXWgtiSl,wXWgtiSl,wXWgtiSl,wXWgtiSl,wXWgtiSl,wXWgtiSl,wXWgtiSl,wXWgtiSl,wXWgtiSl,wXWgtiSl,wXWgtiSl
wXWgtiSl,wXWgtiSl,wXWgtiSl,wXWgtiSl,wXWgtiSl,wXWgtiSl,wXWgtiSl,wXWgtiSl
wXWgtiSl,wXWgtiSl,wXWgtiSl,wXWgtiSl,wXWgtiSl,wXWgtiSl,wXWgtiSl,wXWgtiSl
wXWgtiSl,wXWgtiSl,wXWgtiSl,wXWgtiSl,wXWgtiSl,wXWgtiSl,wXWgtiSl,wXWgtiSl,wXWgtiSl
wXWgtiSl
wXWgtiSl,wXWgtiSl,wXWgtiSl,wXWgtiSl,wXWgtiSl,wXWgtiSl,wXWgtiSl,wXWgtiSl,wXWgtiSl
wXWgtiSl
wXWgtiSl
wXWgtiSl,wXWgtiSl,wXWgtiSl,wXWgtiSl,wXWgtiSl,wXWgtiSl,wXWgtiSl,wXWgtiSl,wXWgtiSl,wXWgtiSl
wXWgtiSl,wXWgtiSl,wXWgtiSl,wXWgtiSl,wXWgtiSl,wXWgtiSl,wXWgtiSl,wXWgtiSl,wXWgtiSl
wXWgtiSl,wXWgtiSl,wXWgtiSl,wXWgtiSl,wXWgtiSl,wXWgtiSl,wXWgtiSl,wXWgtiSl,wXWgtiSl
wXWgtiSl
wXWgtiSl,wXWgtiSl,wXWgtiSl,wXWgtiSl,wXWgtiSl,wXWgtiSl,wXWgtiSl,wXWgtiSl,wXWgtiSl,wXWgtiSl
wXWgtiSl,wXWgtiSl,wXWgtiSl,wXWgtiSl,wXWgtiSl,wXWgtiSl,wXWgtiSl,wXWgtiSl,wXWgtiSl,wXWgtiSl
wXWgtiSl,wXWgtiSl,wXWgtiSl,wXWgtiSl,wXWgtiSl,wXWgtiSl,wXWgtiSl,wXWgtiSl,wXWgtiSl,wXWgtiSl
wXWgtiSl
wXWgtiSl
wXWgtiSl
wXWgtiSl,wXWgtiSl,wXWgtiSl,wXWgtiSl,wXWgtiSl,wXWgtiSl,wXWgtiSl,wXWgtiSl,wXWgtiSl,wXWgtiSl
wXWgtiSl
wXWgtiSl,wXWgtiSl,wXWgtiSl,wXWgtiSl,wXWgtiSl,wXWgtiSl,wXWgtiSl,wXWgtiSl,wXWgtiSl,wXWgtiSl,wXWgtiSl
wXWgtiSl
wXWgtiSl,wXWgtiSl,wXWgtiSl,wXWgtiSl,wXWgtiSl,wXWgtiSl,wXWgtiSl,wXWgtiSl,wXWgtiSl,wXWgtiSl,wXWgtiSl
wXWgtiSl
wXWgtiSl,wXWgtiSl,wXWgtiSl,wXWgtiSl,wXWgtiSl,wXWgtiSl,wXWgtiSl,wXWgtiSl,wXWgtiSl,wXWgtiSl,wXWgtiSl,wXWgtiSl,wXWgtiSl
wXWgtiSl
wXWgtiSl
wXWgtiSl,wXWgtiSl,wXWgtiSl,wXWgtiSl,wXWgtiSl,wXWgtiSl,wXWgtiSl,wXWgtiSl,wXWgtiSl,wXWgtiSl,wXWgtiSl,wXWgtiSl,wXWgtiSl
wXWgtiSl,wXWgtiSl,wXWgtiSl,wXWgtiSl,wXWgtiSl,wXWgtiSl,wXWgtiSl,wXWgtiSl,wXWgtiSl,wXWgtiSl,wXWgtiSl,wXWgtiSl,wXWgtiSl
wXWgtiSl,wXWgtiSl,wXWgtiSl,wXWgtiSl,wXWgtiSl,wXWgtiSl,wXWgtiSl,wXWgtiSl,wXWgtiSl,wXWgtiSl,wXWgtiSl,wXWgtiSl,wXWgtiSl
wXWgtiSl
Jedi Wagner, assuma o comando!