[vazia]
Toque! Toque, Dijê!
X
X
X
X
X
X,X,ok,ok
X,X,ok,ok,X
X
X
X
X,X,ok,ok
X
X
X
X,X,ok,ok
X
ok,X,X,ok,X
ok,X,X,ok,X
X
X
X,X,ok,X,X,ok
X
X
X
X
X
X,X
ok
ok
ok
ok,X,X,ok,X
X,X,ok,X
X,X,ok,X
ok
X
X,X,ok,X,ok,X
X,X,ok,X,ok,X
X,X,ok,X,ok,X,ok
X,X,ok,X,ok,X,ok
X
X
X,X,X,ok
X,X,X,ok
ok
ok
ok
X,X,X,ok,X,ok,ok
X,ok,X,X,X,ok,ok
ok
ok,X,X,X,X,ok,ok,X,X,ok
ok,X,X,X,X,ok,ok,X,X,ok
X
ok,X,X,X,X,ok,ok,X,X,ok
X
X,X,X,ok,ok,X,X,ok
X
X,X,ok,ok,X,X,ok
X
X
X
ok
ok,ok,ok,X,ok,X
ok,ok,ok,X,ok,X
ok,ok,ok,X,ok,X
ok,ok,X,ok,X,ok
ok,ok,X,ok,X,ok
ok,X,ok,ok,X,ok
X
X
X
ok,ok,ok
ok,ok,ok
ok,X,ok,ok
ok,ok,ok
ok
ok
ok,ok
ok,X,X
ok,X,X,X
X
ok,X,X,X
ok,X,X,X
ok
X
X
X,X,X,X,X,X,ok,X
X,X,X,X,X,X,ok,X
X,X,X,X,X,X,ok,X
X
X
X,X,X,X,X,X,X,ok
ok,X,ok,ok
ok,X,ok,ok
X
ok,X,ok,ok,X,X,ok
ok,ok,X,X,ok,X,ok
ok,ok,X,X,ok,X,ok
X
ok
X
ok,ok,X,X,ok,X,ok
ok
ok,ok,X,X,ok,X,ok,X
ok,ok,X,X,ok,X,ok,X
ok,ok,X,X,ok,X,ok,X
ok,X,ok,X,ok,X,X,X
ok
X,ok,X,ok,X,ok,X,X,ok,X
X,ok,X,ok,X,ok,X,X,ok,X
X,ok,X,ok,X,ok,X,X,ok,X
X
X,ok,X,ok,X,ok,X,X,ok,X
ok
ok
X
X
X,X,ok,X,X,ok,X,ok,X,X,ok,X
X,X,ok,X,ok,X,X,ok,X,ok,X,ok,ok
X,X,X,X,X,ok,X,ok,X,ok,ok,ok,ok
X
ok
ok
X,X,X,X,X,X,ok,X,ok,ok,ok,ok,ok
ok
X,X,X,X,X,X,ok,X,ok,ok,ok,ok,ok
X,X,X,X,X,X,ok,X,ok,ok,ok,ok,ok
ok
X,X,X,X,ok,X,ok,ok,ok,ok,X,ok,X,X,ok
ok
X,X,X,X,X,X,ok,X,ok,ok,ok,ok,ok,X,X,ok
X
X,X,X,X,X,ok,X,ok,ok,ok,ok,X,ok,X,X
X,X,X,X,X,X,ok,ok,ok,ok,X,ok,ok,X,X,X
X,X,X,X,X,X,ok,ok,ok,ok,X,ok,ok,X,X
ok
X,X,X,X,X,X,ok,ok,ok,ok,X,ok,ok,X,X
ok
X,X,X,X,X,X,ok,ok,X,ok,ok,ok,X,X
ok
X,X,X,X,X,ok,ok,X,ok,ok,X,X,X,X
X
Jedi Wagner, assuma o comando!