Toque! Toque, Dijê!
Toque! Toque, Dijê!
B,dWZDQiQVvh,B
[vazia]
Toque! Toque, Dijê!
Toque! Toque, Dijê!
Toque! Toque, Dijê!
[vazia]
jMoKTqr
fozQqr
fozQqr
fozQqr
fozQqr,dWZDQiQVvh,PscCSWz,PscCSWz
PscCSWz
fozQqr,dWZDQiQVvh,PscCSWz,PscCSWz,jMoKTqr
fozQqr,dWZDQiQVvh,PscCSWz,PscCSWz,jMoKTqr
jMoKTqr
jMoKTqr
fozQqr,PscCSWz,PscCSWz,jMoKTqr,fozQqr
PscCSWz,PscCSWz,jMoKTqr,fozQqr
PscCSWz,PscCSWz,jMoKTqr,fozQqr
PscCSWz,PscCSWz,jMoKTqr,fozQqr,PscCSWz
jMoKTqr
dWZDQiQVvh
dWZDQiQVvh
fozQqr,PscCSWz,PscCSWz,dWZDQiQVvh,jMoKTqr,fozQqr,dWZDQiQVvh
fozQqr,PscCSWz,PscCSWz,dWZDQiQVvh,jMoKTqr,fozQqr,dWZDQiQVvh
PscCSWz,PscCSWz,dWZDQiQVvh,jMoKTqr,fozQqr,dWZDQiQVvh
jMoKTqr
PscCSWz,PscCSWz,dWZDQiQVvh,jMoKTqr,fozQqr,dWZDQiQVvh
PscCSWz,PscCSWz,dWZDQiQVvh,jMoKTqr,fozQqr,dWZDQiQVvh
jMoKTqr
PscCSWz,PscCSWz,dWZDQiQVvh,jMoKTqr,fozQqr,dWZDQiQVvh
jMoKTqr
PscCSWz,PscCSWz,dWZDQiQVvh,jMoKTqr,fozQqr,dWZDQiQVvh
PscCSWz,PscCSWz,dWZDQiQVvh,jMoKTqr,fozQqr,dWZDQiQVvh,PscCSWz
fozQqr,PscCSWz,PscCSWz,dWZDQiQVvh,jMoKTqr,fozQqr,jMoKTqr
fozQqr,PscCSWz,PscCSWz,dWZDQiQVvh,jMoKTqr,fozQqr,jMoKTqr
fozQqr
fozQqr
jMoKTqr
jMoKTqr
jMoKTqr
dWZDQiQVvh,jMoKTqr,PscCSWz,fozQqr,fozQqr,dWZDQiQVvh,PscCSWz
fozQqr
fozQqr,PscCSWz,PscCSWz,dWZDQiQVvh,jMoKTqr,fozQqr,jMoKTqr,dWZDQiQVvh,dWZDQiQVvh
fozQqr
fozQqr,PscCSWz,PscCSWz,jMoKTqr,fozQqr,jMoKTqr,B,B
fozQqr
fozQqr,PscCSWz,PscCSWz,jMoKTqr,fozQqr,jMoKTqr
fozQqr,PscCSWz,PscCSWz,jMoKTqr,fozQqr,jMoKTqr
PscCSWz
PscCSWz
PscCSWz
PscCSWz,PscCSWz,B,fozQqr,jMoKTqr,fozQqr,jMoKTqr
PscCSWz,PscCSWz,B,fozQqr,jMoKTqr,fozQqr,jMoKTqr
PscCSWz,B,fozQqr,fozQqr,jMoKTqr,dWZDQiQVvh
fozQqr
fozQqr
fozQqr
PscCSWz,B,fozQqr,fozQqr,jMoKTqr,dWZDQiQVvh
fozQqr,fozQqr,PscCSWz,dWZDQiQVvh,B,fozQqr,fozQqr
dWZDQiQVvh
B,fozQqr,fozQqr,jMoKTqr,PscCSWz,dWZDQiQVvh,fozQqr
dWZDQiQVvh
dWZDQiQVvh
B,fozQqr,fozQqr,jMoKTqr,PscCSWz,dWZDQiQVvh,fozQqr,fozQqr
B,fozQqr,fozQqr,jMoKTqr,PscCSWz,dWZDQiQVvh,fozQqr,fozQqr
B,fozQqr,fozQqr,jMoKTqr,PscCSWz,dWZDQiQVvh,fozQqr,fozQqr
dWZDQiQVvh
B,fozQqr,fozQqr,jMoKTqr,PscCSWz,dWZDQiQVvh,fozQqr,fozQqr,dWZDQiQVvh,fozQqr
dWZDQiQVvh
B,fozQqr,fozQqr,jMoKTqr,PscCSWz,dWZDQiQVvh,fozQqr
B,fozQqr,fozQqr,jMoKTqr,PscCSWz,dWZDQiQVvh,fozQqr
B
fozQqr,fozQqr,jMoKTqr,PscCSWz,dWZDQiQVvh,B,fozQqr,jMoKTqr
B
fozQqr,fozQqr,jMoKTqr,PscCSWz,B,fozQqr,jMoKTqr
fozQqr,fozQqr,PscCSWz,dWZDQiQVvh,fozQqr
fozQqr
fozQqr
fozQqr
fozQqr
dWZDQiQVvh
dWZDQiQVvh
dWZDQiQVvh
fozQqr,fozQqr,jMoKTqr,PscCSWz,dWZDQiQVvh,B,fozQqr,jMoKTqr
fozQqr,fozQqr,jMoKTqr,PscCSWz,dWZDQiQVvh,B,fozQqr,jMoKTqr,PscCSWz,dWZDQiQVvh
jMoKTqr
fozQqr,jMoKTqr,PscCSWz,dWZDQiQVvh,B,fozQqr,jMoKTqr,fozQqr,PscCSWz,dWZDQiQVvh,jMoKTqr,dWZDQiQVvh
jMoKTqr,PscCSWz,dWZDQiQVvh,B,fozQqr,jMoKTqr,fozQqr,fozQqr,PscCSWz,dWZDQiQVvh,jMoKTqr,dWZDQiQVvh,fozQqr
jMoKTqr,PscCSWz,dWZDQiQVvh,B,fozQqr,jMoKTqr,fozQqr,fozQqr,PscCSWz,dWZDQiQVvh,jMoKTqr,dWZDQiQVvh,fozQqr,fozQqr
jMoKTqr,PscCSWz,dWZDQiQVvh,jMoKTqr,fozQqr,B,fozQqr,fozQqr,PscCSWz,dWZDQiQVvh,jMoKTqr,dWZDQiQVvh,fozQqr,fozQqr
jMoKTqr
jMoKTqr
B
fozQqr,fozQqr,jMoKTqr,PscCSWz,dWZDQiQVvh,fozQqr,jMoKTqr,PscCSWz,B,dWZDQiQVvh,fozQqr
fozQqr,fozQqr,jMoKTqr,PscCSWz,dWZDQiQVvh,fozQqr,jMoKTqr,PscCSWz,B,dWZDQiQVvh,fozQqr,jMoKTqr
B
B
fozQqr,fozQqr,jMoKTqr,dWZDQiQVvh,fozQqr,jMoKTqr,B,PscCSWz,dWZDQiQVvh,fozQqr,jMoKTqr
fozQqr,fozQqr,jMoKTqr,dWZDQiQVvh,fozQqr,jMoKTqr,B,PscCSWz,dWZDQiQVvh,fozQqr,jMoKTqr
dWZDQiQVvh
fozQqr,fozQqr,jMoKTqr,dWZDQiQVvh,fozQqr,jMoKTqr,B,PscCSWz,dWZDQiQVvh,fozQqr,jMoKTqr
dWZDQiQVvh
fozQqr,fozQqr,jMoKTqr,dWZDQiQVvh,fozQqr,jMoKTqr,B,PscCSWz,dWZDQiQVvh,fozQqr,jMoKTqr,B
dWZDQiQVvh
fozQqr,fozQqr,jMoKTqr,dWZDQiQVvh,fozQqr,jMoKTqr,B,PscCSWz,dWZDQiQVvh,fozQqr,jMoKTqr,jMoKTqr
dWZDQiQVvh
fozQqr,fozQqr,dWZDQiQVvh,fozQqr,B,PscCSWz,dWZDQiQVvh,jMoKTqr,fozQqr,jMoKTqr,jMoKTqr,PscCSWz
jMoKTqr
jMoKTqr
fozQqr,fozQqr,dWZDQiQVvh,fozQqr,B,PscCSWz,dWZDQiQVvh,jMoKTqr,fozQqr,jMoKTqr,jMoKTqr,PscCSWz
fozQqr,dWZDQiQVvh,fozQqr,B,PscCSWz,dWZDQiQVvh,jMoKTqr,fozQqr,fozQqr,jMoKTqr,jMoKTqr,PscCSWz
fozQqr,fozQqr,dWZDQiQVvh,fozQqr,B,PscCSWz,dWZDQiQVvh,jMoKTqr,fozQqr,jMoKTqr,jMoKTqr,PscCSWz
fozQqr,fozQqr,dWZDQiQVvh,fozQqr,B,PscCSWz,dWZDQiQVvh,jMoKTqr,fozQqr,jMoKTqr,jMoKTqr,PscCSWz
dWZDQiQVvh
dWZDQiQVvh
dWZDQiQVvh
jMoKTqr,jMoKTqr,B,PscCSWz,dWZDQiQVvh,fozQqr,dWZDQiQVvh,fozQqr,jMoKTqr,B
dWZDQiQVvh
B,dWZDQiQVvh,fozQqr,dWZDQiQVvh,fozQqr,jMoKTqr,B,PscCSWz,B
B
B
B
B
dWZDQiQVvh,fozQqr,dWZDQiQVvh,fozQqr,B,B,fozQqr,B
B
B
dWZDQiQVvh,fozQqr,B,B,fozQqr,B,PscCSWz
B
B
dWZDQiQVvh,B,B,fozQqr,B,PscCSWz
dWZDQiQVvh,B,B,fozQqr,B,PscCSWz
B
dWZDQiQVvh,B,B,fozQqr,B,PscCSWz
dWZDQiQVvh,B,B,PscCSWz,B,fozQqr
dWZDQiQVvh,B,PscCSWz,B,B,fozQqr
dWZDQiQVvh,PscCSWz,B,B,fozQqr
dWZDQiQVvh,PscCSWz,fozQqr,B,B
dWZDQiQVvh,B,B,B,PscCSWz,fozQqr
dWZDQiQVvh,B,B,B,PscCSWz,fozQqr,PscCSWz
B
B
B
dWZDQiQVvh,B,B,B,PscCSWz,PscCSWz,B,dWZDQiQVvh,B
B
dWZDQiQVvh,B,B,B,PscCSWz,fozQqr,PscCSWz
dWZDQiQVvh,B,B,fozQqr,B,PscCSWz,PscCSWz,fozQqr
fozQqr
dWZDQiQVvh,B,B,B,PscCSWz,fozQqr,PscCSWz
dWZDQiQVvh,B,B,B,PscCSWz,fozQqr,PscCSWz,fozQqr
dWZDQiQVvh,B,B,B,PscCSWz,fozQqr,PscCSWz,fozQqr
B
B
B
dWZDQiQVvh,B,B,B,PscCSWz,fozQqr,PscCSWz,PscCSWz
dWZDQiQVvh,B,B,B,PscCSWz,fozQqr,PscCSWz,PscCSWz,fozQqr
dWZDQiQVvh,B,B,B,PscCSWz,fozQqr,PscCSWz,PscCSWz
PscCSWz
dWZDQiQVvh,B,B,B,PscCSWz,fozQqr,PscCSWz,PscCSWz
dWZDQiQVvh,B,B,B,PscCSWz,fozQqr,PscCSWz,PscCSWz
PscCSWz
Jedi Wagner, assuma o comando!