Toque! Toque, Dijê!
[vazia]
ZMwCPIgsaW
Toque! Toque, Dijê!
kDqCKldL
kDqCKldL
kDqCKldL
kDqCKldL,ZMwCPIgsaW,SDYH
ZMwCPIgsaW
kDqCKldL
kDqCKldL
ZMwCPIgsaW
ZMwCPIgsaW
ZMwCPIgsaW
ZMwCPIgsaW,ZMwCPIgsaW
kDqCKldL
kDqCKldL
kDqCKldL,kDqCKldL
kDqCKldL
kDqCKldL
kDqCKldL
kDqCKldL
kDqCKldL
kDqCKldL
kDqCKldL
kDqCKldL
kDqCKldL
kDqCKldL,ZMwCPIgsaW
kDqCKldL
kDqCKldL
kDqCKldL
kDqCKldL
kDqCKldL,ZMwCPIgsaW,SDYH
kDqCKldL,ZMwCPIgsaW,SDYH
ZMwCPIgsaW
SDYH
SDYH
SDYH
SDYH,ZMwCPIgsaW,r,r,kDqCKldL
SDYH,ZMwCPIgsaW,r,r
SDYH
kDqCKldL
kDqCKldL
kDqCKldL,ZMwCPIgsaW
kDqCKldL
kDqCKldL
kDqCKldL
kDqCKldL
kDqCKldL
kDqCKldL
SDYH
SDYH
SDYH
SDYH
SDYH
SDYH,ZMwCPIgsaW,kDqCKldL,ZMwCPIgsaW,kDqCKldL
kDqCKldL,SDYH
SDYH
kDqCKldL
SDYH
kDqCKldL,SDYH,kDqCKldL,SDYH
SDYH
kDqCKldL,SDYH,kDqCKldL,SDYH
kDqCKldL,SDYH,kDqCKldL,SDYH
kDqCKldL,SDYH,kDqCKldL,SDYH
kDqCKldL
kDqCKldL
kDqCKldL,kDqCKldL,SDYH,ZMwCPIgsaW
kDqCKldL,kDqCKldL,SDYH,ZMwCPIgsaW
kDqCKldL,kDqCKldL,kDqCKldL,SDYH
kDqCKldL
kDqCKldL,kDqCKldL,kDqCKldL,SDYH
kDqCKldL
kDqCKldL,SDYH,kDqCKldL,SDYH
kDqCKldL
kDqCKldL
kDqCKldL,SDYH,kDqCKldL,SDYH,SDYH
kDqCKldL
SDYH
kDqCKldL,kDqCKldL,SDYH,SDYH,SDYH,SDYH,kDqCKldL
kDqCKldL,kDqCKldL,SDYH,SDYH,SDYH,SDYH,kDqCKldL
kDqCKldL,kDqCKldL,SDYH,SDYH,SDYH,SDYH,kDqCKldL,kDqCKldL
kDqCKldL,kDqCKldL,SDYH,SDYH,SDYH,SDYH,kDqCKldL,kDqCKldL
SDYH
kDqCKldL,SDYH,SDYH,SDYH,kDqCKldL,kDqCKldL
kDqCKldL
kDqCKldL
SDYH
SDYH
kDqCKldL
kDqCKldL
kDqCKldL
kDqCKldL
kDqCKldL,SDYH,SDYH
kDqCKldL,SDYH,SDYH
kDqCKldL
kDqCKldL,SDYH,SDYH,ZMwCPIgsaW
kDqCKldL,SDYH,SDYH,kDqCKldL,kDqCKldL,kDqCKldL,ZMwCPIgsaW
kDqCKldL,SDYH,SDYH,kDqCKldL,kDqCKldL,kDqCKldL,ZMwCPIgsaW
kDqCKldL,SDYH,SDYH,kDqCKldL,kDqCKldL,r
SDYH,kDqCKldL,SDYH,SDYH,kDqCKldL,kDqCKldL
SDYH,kDqCKldL,SDYH,SDYH,kDqCKldL,kDqCKldL,r
kDqCKldL
SDYH,kDqCKldL,SDYH,SDYH,kDqCKldL,kDqCKldL,r
SDYH
SDYH
SDYH
SDYH,r,SDYH,SDYH,kDqCKldL,kDqCKldL,r,ZMwCPIgsaW
SDYH,r,SDYH,SDYH,kDqCKldL,kDqCKldL,r,r
SDYH,r,SDYH,SDYH,kDqCKldL,kDqCKldL,r,r
SDYH
SDYH,kDqCKldL,r,SDYH,SDYH,kDqCKldL,kDqCKldL,r
SDYH
SDYH
SDYH
ZMwCPIgsaW
SDYH,kDqCKldL,r,SDYH,SDYH,kDqCKldL,kDqCKldL,r,SDYH,r
SDYH
kDqCKldL
kDqCKldL
kDqCKldL
r
r,SDYH,SDYH,kDqCKldL,SDYH,r,SDYH,r,r,kDqCKldL
SDYH
SDYH
r
kDqCKldL,SDYH,r,SDYH,r,SDYH,r,r,kDqCKldL,kDqCKldL,r
kDqCKldL,SDYH,r,SDYH,r,SDYH,r,r,kDqCKldL,kDqCKldL,r
r
r
r
kDqCKldL,SDYH,SDYH,r,r,SDYH,r,r,kDqCKldL,kDqCKldL,r,SDYH,r
r
kDqCKldL,SDYH,r,SDYH,r,r,kDqCKldL,kDqCKldL,r,SDYH,r,kDqCKldL
r
kDqCKldL,r,SDYH,SDYH,r,r,kDqCKldL,kDqCKldL,r,SDYH,r,kDqCKldL
SDYH
r
r
SDYH,SDYH,r,r,ZMwCPIgsaW,kDqCKldL,kDqCKldL,r,SDYH,r,kDqCKldL,kDqCKldL
r
r
kDqCKldL
kDqCKldL
SDYH,SDYH,r,r,kDqCKldL,kDqCKldL,r,SDYH,r,kDqCKldL,kDqCKldL
SDYH,SDYH,r,kDqCKldL,kDqCKldL,r,SDYH,r,kDqCKldL,kDqCKldL
SDYH,SDYH,r,kDqCKldL,kDqCKldL,r,SDYH,r,kDqCKldL,kDqCKldL
SDYH,SDYH,r,kDqCKldL,kDqCKldL,r,SDYH,r,kDqCKldL,kDqCKldL
kDqCKldL
kDqCKldL
SDYH,SDYH,r,r,kDqCKldL,kDqCKldL,r,SDYH,r,kDqCKldL,kDqCKldL,kDqCKldL
kDqCKldL
SDYH,SDYH,kDqCKldL,r,SDYH,r,kDqCKldL,kDqCKldL,kDqCKldL,r
r
r
SDYH,r,SDYH,SDYH,r,kDqCKldL,kDqCKldL,kDqCKldL,r,SDYH,ZMwCPIgsaW
r
r
SDYH,SDYH,kDqCKldL,r,SDYH,r,kDqCKldL,kDqCKldL,kDqCKldL,r
r
SDYH,SDYH,kDqCKldL,r,SDYH,r,kDqCKldL,kDqCKldL,kDqCKldL,r
SDYH,SDYH,kDqCKldL,SDYH,r,kDqCKldL,kDqCKldL,kDqCKldL,r,ZMwCPIgsaW
r
SDYH,SDYH,kDqCKldL,SDYH,r,kDqCKldL,kDqCKldL,kDqCKldL,r,ZMwCPIgsaW
SDYH,SDYH,kDqCKldL,SDYH,r,kDqCKldL,kDqCKldL,kDqCKldL,r,ZMwCPIgsaW,ZMwCPIgsaW
SDYH,SDYH,kDqCKldL,SDYH,r,kDqCKldL,kDqCKldL,kDqCKldL,r,ZMwCPIgsaW
r
r
r
SDYH,SDYH,kDqCKldL,SDYH,r,ZMwCPIgsaW,kDqCKldL,kDqCKldL,kDqCKldL,r,SDYH,kDqCKldL,kDqCKldL
ZMwCPIgsaW
ZMwCPIgsaW
SDYH,SDYH,kDqCKldL,SDYH,ZMwCPIgsaW,r,kDqCKldL,kDqCKldL,kDqCKldL,r,SDYH,kDqCKldL,kDqCKldL
SDYH,SDYH,SDYH,ZMwCPIgsaW,r,kDqCKldL,kDqCKldL,kDqCKldL,r,SDYH,kDqCKldL,kDqCKldL
SDYH,SDYH,SDYH,ZMwCPIgsaW,r,kDqCKldL,kDqCKldL,kDqCKldL,r,SDYH,kDqCKldL,kDqCKldL
SDYH,SDYH,SDYH,ZMwCPIgsaW,r,kDqCKldL,kDqCKldL,kDqCKldL,r,SDYH,kDqCKldL,kDqCKldL
SDYH,SDYH,SDYH,r,kDqCKldL,kDqCKldL,kDqCKldL,r,SDYH,kDqCKldL,kDqCKldL
SDYH
SDYH,SDYH,SDYH,ZMwCPIgsaW,kDqCKldL,kDqCKldL,r,SDYH,r,kDqCKldL,kDqCKldL,kDqCKldL
SDYH
SDYH,SDYH,ZMwCPIgsaW,kDqCKldL,SDYH,r,SDYH,r,kDqCKldL,kDqCKldL,kDqCKldL
r
SDYH,SDYH,ZMwCPIgsaW,kDqCKldL,SDYH,r,SDYH,r,kDqCKldL,kDqCKldL,kDqCKldL
SDYH,SDYH,ZMwCPIgsaW,kDqCKldL,SDYH,r,SDYH,r,kDqCKldL,kDqCKldL,kDqCKldL
SDYH,SDYH,ZMwCPIgsaW,kDqCKldL,SDYH,SDYH,r,kDqCKldL,kDqCKldL,kDqCKldL,SDYH,r
SDYH
SDYH
r
r
r
SDYH,SDYH,ZMwCPIgsaW,kDqCKldL,SDYH,r,SDYH,r,kDqCKldL,kDqCKldL,kDqCKldL
SDYH,ZMwCPIgsaW,kDqCKldL,SDYH,r,SDYH,r,SDYH,kDqCKldL,kDqCKldL,kDqCKldL
kDqCKldL
kDqCKldL
kDqCKldL
kDqCKldL
SDYH,SDYH,ZMwCPIgsaW,kDqCKldL,SDYH,r,SDYH,r,kDqCKldL,kDqCKldL,kDqCKldL,ZMwCPIgsaW
kDqCKldL
ZMwCPIgsaW
SDYH,SDYH,SDYH,r,kDqCKldL,kDqCKldL,r,kDqCKldL,ZMwCPIgsaW,SDYH,ZMwCPIgsaW,r,SDYH
SDYH
SDYH,ZMwCPIgsaW,SDYH,SDYH,SDYH,r,kDqCKldL,kDqCKldL,r,kDqCKldL,ZMwCPIgsaW
SDYH
SDYH,SDYH,SDYH,SDYH,r,kDqCKldL,r,kDqCKldL,ZMwCPIgsaW
kDqCKldL
SDYH
SDYH,SDYH,SDYH,kDqCKldL,SDYH,r,kDqCKldL,ZMwCPIgsaW,kDqCKldL
SDYH,SDYH,SDYH,SDYH,kDqCKldL,kDqCKldL
kDqCKldL
kDqCKldL
Jedi Wagner, assuma o comando!