[vazia]
AF
AF,GjyphPkL
Toque! Toque, Dijê!
[vazia]
Rqh
Rqh
Rqh,IVXN
IVXN,Rqh,GjyphPkL,YPjcORWbZ
IVXN
IVXN,Rqh,GjyphPkL,YPjcORWbZ
IVXN,Rqh,GjyphPkL,YPjcORWbZ,WaGWDcjGnj,GjyphPkL
[vazia]
[vazia]
EgLNzO,EgLNzO
EgLNzO
EgLNzO,EgLNzO
EgLNzO,EgLNzO
EgLNzO
EgLNzO
EgLNzO
EgLNzO,EgLNzO
EgLNzO,EgLNzO
EgLNzO
EgLNzO
EgLNzO
EgLNzO
EgLNzO
EgLNzO
EgLNzO,IVXN,EgLNzO,yy
IVXN,EgLNzO,yy
yy
IVXN
IVXN,EgLNzO,yy,EgLNzO,EgLNzO
IVXN,EgLNzO,yy,EgLNzO,EgLNzO
IVXN,yy,EgLNzO,EgLNzO
IVXN,yy,EgLNzO,EgLNzO
EgLNzO
IVXN,yy,EgLNzO,EgLNzO
EgLNzO
EgLNzO
IVXN
IVXN
yy,EgLNzO,IVXN,GjyphPkL,YPjcORWbZ,Rqh,Rqh
Rqh
yy,EgLNzO,IVXN,GjyphPkL,YPjcORWbZ,Rqh,Rqh
YPjcORWbZ
yy,EgLNzO,IVXN,GjyphPkL,Rqh,Rqh,YPjcORWbZ
YPjcORWbZ
YPjcORWbZ
yy
yy,EgLNzO,IVXN,GjyphPkL,Rqh,Rqh,YPjcORWbZ
EgLNzO
yy,EgLNzO,IVXN,Rqh,GjyphPkL,Rqh,YPjcORWbZ
GjyphPkL
yy,EgLNzO,IVXN,Rqh,GjyphPkL,Rqh,YPjcORWbZ
Rqh
Rqh
Rqh
YPjcORWbZ
EgLNzO,IVXN,Rqh,Rqh,YPjcORWbZ,yy
EgLNzO,IVXN,Rqh,Rqh,YPjcORWbZ,yy
EgLNzO,IVXN,Rqh,Rqh,YPjcORWbZ,yy
EgLNzO,IVXN,Rqh,Rqh,YPjcORWbZ,yy
Rqh
Rqh
Rqh
IVXN,yy,aERq,Rqh,WaGWDcjGnj,YPjcORWbZ
aERq
EgLNzO,IVXN,Rqh,Rqh,YPjcORWbZ,yy
yy
IVXN
EgLNzO,IVXN,Rqh,YPjcORWbZ,yy,mdUACVkdsk
aERq
Rqh,YPjcORWbZ,yy,EgLNzO,aERq
Rqh,YPjcORWbZ,yy,EgLNzO,aERq
yy
EgLNzO,IVXN,Rqh,Rqh,YPjcORWbZ,yy,aERq
EgLNzO,IVXN,Rqh,Rqh,YPjcORWbZ,yy,aERq
EgLNzO,Rqh,Rqh,YPjcORWbZ,yy,aERq
aERq
EgLNzO,Rqh,Rqh,YPjcORWbZ,yy,aERq,IVXN
EgLNzO,Rqh,Rqh,YPjcORWbZ,aERq,IVXN,yy
EgLNzO
EgLNzO
EgLNzO
EgLNzO,IVXN,Rqh,Rqh,YPjcORWbZ,aERq,yy,aERq
Rqh
EgLNzO,IVXN,Rqh,Rqh,YPjcORWbZ,aERq,yy,aERq
EgLNzO,IVXN,Rqh,aERq,yy,aERq,yy,AF
Rqh
IVXN,Rqh,EgLNzO,aERq,yy,aERq,yy,AF
aERq
IVXN,Rqh,EgLNzO,aERq,yy,aERq,yy,AF
IVXN,Rqh,EgLNzO,aERq,aERq,yy,AF,YPjcORWbZ
IVXN,Rqh,EgLNzO,aERq,aERq,yy,AF,YPjcORWbZ,WaGWDcjGnj
aERq
IVXN,Rqh,EgLNzO,aERq,aERq,yy,AF,YPjcORWbZ,WaGWDcjGnj
IVXN
Rqh,EgLNzO,aERq,aERq,IVXN,yy,AF,YPjcORWbZ,WaGWDcjGnj,EgLNzO
aERq
aERq
IVXN,EgLNzO,aERq,aERq,Rqh,yy,AF,YPjcORWbZ,WaGWDcjGnj
IVXN,aERq,aERq,EgLNzO,Rqh,yy,AF,YPjcORWbZ,WaGWDcjGnj
IVXN,aERq,aERq,EgLNzO,Rqh,yy,AF,YPjcORWbZ,WaGWDcjGnj
IVXN,aERq,aERq,EgLNzO,Rqh,yy,AF,YPjcORWbZ,WaGWDcjGnj,Rqh
IVXN,aERq,aERq,EgLNzO,Rqh,yy,AF,YPjcORWbZ,WaGWDcjGnj,Rqh,GjyphPkL
yy
IVXN,aERq,aERq,Rqh,yy,AF,WaGWDcjGnj,EgLNzO,Rqh,GjyphPkL,GjyphPkL,yy,GjyphPkL
IVXN,aERq,aERq,Rqh,yy,AF,WaGWDcjGnj,EgLNzO,Rqh,GjyphPkL,GjyphPkL,yy,GjyphPkL
EgLNzO
IVXN,aERq,aERq,Rqh,yy,WaGWDcjGnj,EgLNzO,Rqh,GjyphPkL,GjyphPkL,yy,GjyphPkL
EgLNzO
Jedi Wagner, assuma o comando!