Qmhfz
Qmhfz
Qmhfz
Qmhfz
Qmhfz
Qmhfz
Qmhfz
Qmhfz
Qmhfz
Toque! Toque, Dijê!
UlqXn
Toque! Toque, Dijê!
i,dXiMwUXdGY
i,dXiMwUXdGY
i
i
i
i
i,Qmhfz
i
i
i,dXiMwUXdGY,dXiMwUXdGY
i
i,dXiMwUXdGY,dXiMwUXdGY
dXiMwUXdGY
dXiMwUXdGY
dXiMwUXdGY
i
i
i
i,dXiMwUXdGY,dXiMwUXdGY
i,dXiMwUXdGY,dXiMwUXdGY
i,dXiMwUXdGY,dXiMwUXdGY,i
i
i,dXiMwUXdGY,dXiMwUXdGY,Qmhfz
i
i
i
i,dXiMwUXdGY,dXiMwUXdGY
i,dXiMwUXdGY,dXiMwUXdGY
i,dXiMwUXdGY,dXiMwUXdGY
i,dXiMwUXdGY,dXiMwUXdGY
i,dXiMwUXdGY,dXiMwUXdGY
i,dXiMwUXdGY,dXiMwUXdGY
i
i
Qmhfz
Qmhfz,i,dXiMwUXdGY,dXiMwUXdGY,i,i,i,i,Qmhfz
Qmhfz,i,dXiMwUXdGY,dXiMwUXdGY,i,i,i,i,Qmhfz
Qmhfz,i,dXiMwUXdGY,dXiMwUXdGY,i,i,i,i,Qmhfz
Qmhfz,i,dXiMwUXdGY,dXiMwUXdGY,i,i,i,i,Qmhfz
Qmhfz,i,dXiMwUXdGY,dXiMwUXdGY,i,i,i,i,Qmhfz
Qmhfz,i,dXiMwUXdGY,dXiMwUXdGY,i,i,i,i,Qmhfz
Qmhfz
Qmhfz,i,dXiMwUXdGY,dXiMwUXdGY,i,i,i,i,Qmhfz,AmkNZWBT,i
dXiMwUXdGY
Qmhfz,i,dXiMwUXdGY,dXiMwUXdGY,i,i,i,i,Qmhfz,AmkNZWBT,i,hKPaPCH,Qmhfz,UlqXn,dXiMwUXdGY
Qmhfz,i,dXiMwUXdGY,UlqXn,dXiMwUXdGY,i,i,i,i,Qmhfz,i,Qmhfz,dXiMwUXdGY,hKPaPCH,i
Qmhfz,i,dXiMwUXdGY,UlqXn,dXiMwUXdGY,i,i,i,i,Qmhfz,i,Qmhfz,dXiMwUXdGY,i,Qmhfz,Qmhfz
UlqXn
Qmhfz,i,dXiMwUXdGY,UlqXn,dXiMwUXdGY,i,i,i,i,Qmhfz,i,Qmhfz,dXiMwUXdGY,i,Qmhfz,Qmhfz
UlqXn
dXiMwUXdGY,i,dXiMwUXdGY,i,i,i,i,Qmhfz,i,Qmhfz,dXiMwUXdGY,i,Qmhfz,Qmhfz,XktTZUHy,AmkNZWBT
UlqXn
UlqXn
UlqXn
UlqXn
UlqXn
Qmhfz,i,dXiMwUXdGY,UlqXn,dXiMwUXdGY,i,i,i,i,Qmhfz,i,Qmhfz,dXiMwUXdGY,i,Qmhfz,Qmhfz,o
dXiMwUXdGY
Qmhfz,dXiMwUXdGY,UlqXn,dXiMwUXdGY,i,i,i,i,i,Qmhfz,i,Qmhfz,dXiMwUXdGY,i,Qmhfz,Qmhfz,AmkNZWBT
Qmhfz,i,dXiMwUXdGY,dXiMwUXdGY,UlqXn,i,i,i,i,Qmhfz,i,Qmhfz,dXiMwUXdGY,i,Qmhfz,Qmhfz,dXiMwUXdGY,i,o
Qmhfz,i,dXiMwUXdGY,dXiMwUXdGY,UlqXn,i,i,i,i,Qmhfz,i,Qmhfz,dXiMwUXdGY,i,Qmhfz,Qmhfz,dXiMwUXdGY,i,o
UlqXn
Qmhfz,i,dXiMwUXdGY,dXiMwUXdGY,UlqXn,o,i,i,i,i,Qmhfz,i,Qmhfz,dXiMwUXdGY,i,Qmhfz,Qmhfz,dXiMwUXdGY,i
Qmhfz,i,dXiMwUXdGY,dXiMwUXdGY,UlqXn,i,i,i,i,Qmhfz,i,Qmhfz,dXiMwUXdGY,i,Qmhfz,Qmhfz
i
i
dXiMwUXdGY
Qmhfz,i,UlqXn,dXiMwUXdGY,i,i,i,i,Qmhfz,i,Qmhfz,dXiMwUXdGY,i,Qmhfz,Qmhfz,XktTZUHy
Qmhfz,i,UlqXn,dXiMwUXdGY,i,i,i,i,Qmhfz,i,Qmhfz,dXiMwUXdGY,i,Qmhfz,Qmhfz,XktTZUHy
Qmhfz,UlqXn,dXiMwUXdGY,i,i,i,i,Qmhfz,i,Qmhfz,dXiMwUXdGY,i,Qmhfz,Qmhfz,XktTZUHy
dXiMwUXdGY
Qmhfz,i,dXiMwUXdGY,UlqXn,dXiMwUXdGY,i,i,i,i,Qmhfz,i,Qmhfz,dXiMwUXdGY,i,Qmhfz,Qmhfz
Qmhfz,i,dXiMwUXdGY,UlqXn,dXiMwUXdGY,i,i,i,i,Qmhfz,i,Qmhfz,dXiMwUXdGY,i,Qmhfz,Qmhfz
Qmhfz,i,dXiMwUXdGY,dXiMwUXdGY,i,i,i,i,Qmhfz,i,Qmhfz,dXiMwUXdGY,i,Qmhfz,Qmhfz,AmkNZWBT
Qmhfz,i,dXiMwUXdGY,dXiMwUXdGY,i,i,i,i,Qmhfz,i,Qmhfz,dXiMwUXdGY,i,Qmhfz,Qmhfz
Qmhfz,i,dXiMwUXdGY,dXiMwUXdGY,i,i,i,i,Qmhfz,i,Qmhfz,dXiMwUXdGY,i,Qmhfz,Qmhfz,dXiMwUXdGY
Qmhfz,i,dXiMwUXdGY,dXiMwUXdGY,i,i,i,i,Qmhfz,i,Qmhfz,dXiMwUXdGY,i,Qmhfz,Qmhfz,dXiMwUXdGY
i
i
i
Qmhfz,dXiMwUXdGY,dXiMwUXdGY,i,i,i,i,Qmhfz,i,Qmhfz,dXiMwUXdGY,i,Qmhfz,Qmhfz,dXiMwUXdGY,dXiMwUXdGY,dXiMwUXdGY
Qmhfz,dXiMwUXdGY,dXiMwUXdGY,i,i,i,i,Qmhfz,i,Qmhfz,dXiMwUXdGY,i,Qmhfz,Qmhfz,dXiMwUXdGY,dXiMwUXdGY,dXiMwUXdGY
Qmhfz,dXiMwUXdGY,dXiMwUXdGY,i,i,i,i,Qmhfz,i,Qmhfz,dXiMwUXdGY,i,Qmhfz,Qmhfz,dXiMwUXdGY,dXiMwUXdGY,dXiMwUXdGY
Qmhfz,dXiMwUXdGY,dXiMwUXdGY,i,i,i,i,Qmhfz,i,Qmhfz,dXiMwUXdGY,i,Qmhfz,Qmhfz,dXiMwUXdGY,dXiMwUXdGY,dXiMwUXdGY
Qmhfz,dXiMwUXdGY,i,dXiMwUXdGY,i,i,Qmhfz,i,Qmhfz,dXiMwUXdGY,i,Qmhfz,Qmhfz,dXiMwUXdGY,dXiMwUXdGY,dXiMwUXdGY,hKPaPCH,AmkNZWBT
dXiMwUXdGY
Qmhfz,dXiMwUXdGY,i,dXiMwUXdGY,i,i,Qmhfz,i,Qmhfz,dXiMwUXdGY,i,Qmhfz,Qmhfz,dXiMwUXdGY,dXiMwUXdGY,dXiMwUXdGY,hKPaPCH,AmkNZWBT,o
Qmhfz,dXiMwUXdGY,i,dXiMwUXdGY,i,i,Qmhfz,i,Qmhfz,dXiMwUXdGY,i,Qmhfz,Qmhfz,dXiMwUXdGY,dXiMwUXdGY,dXiMwUXdGY,hKPaPCH,AmkNZWBT,o
Qmhfz,dXiMwUXdGY,dXiMwUXdGY,i,i,i,i,i,Qmhfz,i,Qmhfz,dXiMwUXdGY,i,Qmhfz,Qmhfz,dXiMwUXdGY,dXiMwUXdGY,Qmhfz
i
Qmhfz,dXiMwUXdGY,dXiMwUXdGY,i,i,i,i,i,Qmhfz,i,Qmhfz,dXiMwUXdGY,i,Qmhfz,Qmhfz,dXiMwUXdGY,dXiMwUXdGY,Qmhfz
i
Qmhfz,i,dXiMwUXdGY,dXiMwUXdGY,i,i,i,i,Qmhfz,i,Qmhfz,dXiMwUXdGY,i,Qmhfz,Qmhfz,dXiMwUXdGY,dXiMwUXdGY
i
Qmhfz,i,dXiMwUXdGY,dXiMwUXdGY,i,i,i,i,Qmhfz,i,Qmhfz,dXiMwUXdGY,i,Qmhfz,Qmhfz,dXiMwUXdGY,dXiMwUXdGY,UlqXn
i
Qmhfz,i,dXiMwUXdGY,dXiMwUXdGY,i,i,i,i,Qmhfz,i,Qmhfz,dXiMwUXdGY,i,Qmhfz,Qmhfz,dXiMwUXdGY,dXiMwUXdGY,UlqXn
i
i
Qmhfz,i,dXiMwUXdGY,dXiMwUXdGY,i,i,i,i,Qmhfz,i,Qmhfz,dXiMwUXdGY,i,Qmhfz,Qmhfz,dXiMwUXdGY,dXiMwUXdGY,UlqXn,o
dXiMwUXdGY
Qmhfz,i,dXiMwUXdGY,dXiMwUXdGY,i,i,i,i,Qmhfz,i,Qmhfz,dXiMwUXdGY,i,Qmhfz,Qmhfz,dXiMwUXdGY,dXiMwUXdGY,UlqXn,o,hKPaPCH
dXiMwUXdGY
dXiMwUXdGY
dXiMwUXdGY
dXiMwUXdGY
i
Qmhfz
Qmhfz
Qmhfz,dXiMwUXdGY,i,i,i,i,Qmhfz,i,Qmhfz,dXiMwUXdGY,i,Qmhfz,i,XktTZUHy,Qmhfz,dXiMwUXdGY,dXiMwUXdGY,UlqXn,o,Qmhfz,o
XktTZUHy
Qmhfz,dXiMwUXdGY,i,i,i,i,Qmhfz,i,Qmhfz,dXiMwUXdGY,i,Qmhfz,i,Qmhfz,dXiMwUXdGY,dXiMwUXdGY,UlqXn,o,Qmhfz,o
Qmhfz,dXiMwUXdGY,i,i,i,i,Qmhfz,i,Qmhfz,dXiMwUXdGY,i,Qmhfz,i,Qmhfz,dXiMwUXdGY,dXiMwUXdGY,UlqXn,o,Qmhfz,o
Qmhfz,dXiMwUXdGY,i,i,i,i,Qmhfz,i,Qmhfz,dXiMwUXdGY,i,Qmhfz,i,Qmhfz,dXiMwUXdGY,dXiMwUXdGY,UlqXn,o,Qmhfz,o
Qmhfz,dXiMwUXdGY,i,i,i,i,Qmhfz,i,Qmhfz,dXiMwUXdGY,i,Qmhfz,i,Qmhfz,dXiMwUXdGY,dXiMwUXdGY,UlqXn,o,Qmhfz,o
Qmhfz,dXiMwUXdGY,i,i,i,i,Qmhfz,i,Qmhfz,dXiMwUXdGY,i,Qmhfz,i,Qmhfz,dXiMwUXdGY,dXiMwUXdGY,UlqXn,o,Qmhfz,o
dXiMwUXdGY
Qmhfz,i,i,i,i,Qmhfz,i,Qmhfz,dXiMwUXdGY,i,Qmhfz,i,Qmhfz,dXiMwUXdGY,dXiMwUXdGY,UlqXn,o,Qmhfz,o,i
UlqXn
i,i,i,i,Qmhfz,i,Qmhfz,dXiMwUXdGY,i,Qmhfz,i,Qmhfz,dXiMwUXdGY,dXiMwUXdGY,UlqXn,Qmhfz,o,Qmhfz,o,i
UlqXn
UlqXn
UlqXn
UlqXn
UlqXn
UlqXn
Qmhfz,i,i,i,i,Qmhfz,i,Qmhfz,dXiMwUXdGY,i,Qmhfz,i,Qmhfz,dXiMwUXdGY,dXiMwUXdGY,UlqXn,o,Qmhfz,o,i
Qmhfz
UlqXn
i,i,i,i,Qmhfz,i,Qmhfz,dXiMwUXdGY,i,Qmhfz,i,Qmhfz,dXiMwUXdGY,dXiMwUXdGY,UlqXn,o,Qmhfz,o,i
Qmhfz
Qmhfz
Qmhfz
i,i,i,Qmhfz,i,Qmhfz,dXiMwUXdGY,i,Qmhfz,i,Qmhfz,dXiMwUXdGY,dXiMwUXdGY,UlqXn,Qmhfz,o,i,UlqXn
i,i,i,Qmhfz,i,Qmhfz,dXiMwUXdGY,i,Qmhfz,i,Qmhfz,dXiMwUXdGY,dXiMwUXdGY,Qmhfz,UlqXn,o,i,hKPaPCH,UlqXn
UlqXn
i,i,i,Qmhfz,i,Qmhfz,dXiMwUXdGY,i,Qmhfz,i,Qmhfz,dXiMwUXdGY,dXiMwUXdGY,Qmhfz,UlqXn,o,i,hKPaPCH,UlqXn,UlqXn
i,i,i,Qmhfz,i,Qmhfz,dXiMwUXdGY,i,Qmhfz,i,Qmhfz,dXiMwUXdGY,dXiMwUXdGY,Qmhfz,UlqXn,o,i,hKPaPCH,UlqXn,UlqXn
UlqXn
UlqXn
i,i,Qmhfz,i,Qmhfz,i,Qmhfz,i,Qmhfz,dXiMwUXdGY,dXiMwUXdGY,Qmhfz,dXiMwUXdGY,UlqXn,i,hKPaPCH,UlqXn,UlqXn,hKPaPCH,XktTZUHy
o
o
i,i,i,Qmhfz,i,Qmhfz,dXiMwUXdGY,i,Qmhfz,i,Qmhfz,dXiMwUXdGY,dXiMwUXdGY,Qmhfz,o,i,UlqXn,XktTZUHy
i
i
i
i,i,Qmhfz,i,Qmhfz,dXiMwUXdGY,i,Qmhfz,i,Qmhfz,dXiMwUXdGY,dXiMwUXdGY,Qmhfz,i,i
i
o
i,i,i,Qmhfz,i,Qmhfz,dXiMwUXdGY,i,Qmhfz,i,Qmhfz,dXiMwUXdGY,dXiMwUXdGY,Qmhfz,o,i,UlqXn,UlqXn
o
dXiMwUXdGY
dXiMwUXdGY
i,i,i,Qmhfz,i,Qmhfz,i,Qmhfz,dXiMwUXdGY,dXiMwUXdGY,Qmhfz,o,i,UlqXn,dXiMwUXdGY,UlqXn,hKPaPCH
i,i,i,Qmhfz,i,Qmhfz,i,Qmhfz,dXiMwUXdGY,dXiMwUXdGY,Qmhfz,o,i,UlqXn,dXiMwUXdGY,UlqXn,hKPaPCH,i,dXiMwUXdGY
i,i,i,Qmhfz,i,Qmhfz,i,Qmhfz,dXiMwUXdGY,dXiMwUXdGY,Qmhfz,i,UlqXn,dXiMwUXdGY,UlqXn,hKPaPCH,i,dXiMwUXdGY,Qmhfz
i,i,i,Qmhfz,i,Qmhfz,i,Qmhfz,dXiMwUXdGY,dXiMwUXdGY,Qmhfz,i,UlqXn,dXiMwUXdGY,UlqXn,hKPaPCH,i,dXiMwUXdGY,Qmhfz
i,i,i,Qmhfz,i,Qmhfz,i,Qmhfz,dXiMwUXdGY,dXiMwUXdGY,Qmhfz,i,UlqXn,dXiMwUXdGY,UlqXn,hKPaPCH,i,dXiMwUXdGY,Qmhfz
i,i,i,i,Qmhfz,i,Qmhfz,dXiMwUXdGY,dXiMwUXdGY,Qmhfz,i,UlqXn,dXiMwUXdGY,Qmhfz,UlqXn,hKPaPCH,i,dXiMwUXdGY,Qmhfz
i,i,i,i,Qmhfz,i,Qmhfz,dXiMwUXdGY,dXiMwUXdGY,Qmhfz,i,UlqXn,dXiMwUXdGY,Qmhfz,UlqXn,hKPaPCH,i,dXiMwUXdGY,Qmhfz,XktTZUHy
i,i,i,i,Qmhfz,i,Qmhfz,dXiMwUXdGY,dXiMwUXdGY,Qmhfz,i,UlqXn,dXiMwUXdGY,Qmhfz,UlqXn,hKPaPCH,i,dXiMwUXdGY,Qmhfz,XktTZUHy
i,i,i,i,Qmhfz,i,Qmhfz,dXiMwUXdGY,dXiMwUXdGY,Qmhfz,i,UlqXn,dXiMwUXdGY,Qmhfz,UlqXn,hKPaPCH,i,dXiMwUXdGY,Qmhfz,XktTZUHy
i,i,i,i,Qmhfz,i,Qmhfz,dXiMwUXdGY,dXiMwUXdGY,Qmhfz,i,UlqXn,dXiMwUXdGY,Qmhfz,UlqXn,hKPaPCH,i,dXiMwUXdGY,Qmhfz,XktTZUHy
i
i
i
i,i,i,i,i,Qmhfz,dXiMwUXdGY,dXiMwUXdGY,Qmhfz,i,dXiMwUXdGY,Qmhfz,UlqXn,hKPaPCH,i,dXiMwUXdGY,Qmhfz,AmkNZWBT
Jedi Wagner, assuma o comando!