Toque! Toque, Dijê!
[vazia]
Toque! Toque, Dijê!
[vazia]
[vazia]
[vazia]
[vazia]
Toque! Toque, Dijê!
SdouzD
SdouzD,SdouzD
SdouzD,SdouzD,fsGVSx
SdouzD
SdouzD,SdouzD
Toque! Toque, Dijê!
Toque! Toque, Dijê!
Toque! Toque, Dijê!
Toque! Toque, Dijê!
Toque! Toque, Dijê!
Toque! Toque, Dijê!
Toque! Toque, Dijê!
Toque! Toque, Dijê!
Toque! Toque, Dijê!
[vazia]
Toque! Toque, Dijê!
[vazia]
[vazia]
[vazia]
Toque! Toque, Dijê!
[vazia]
hdavxWNQ
hdavxWNQ
hdavxWNQ
hdavxWNQ
SdouzD
SdouzD
SdouzD,hdavxWNQ
SdouzD,hdavxWNQ
SdouzD,hdavxWNQ
SdouzD,hdavxWNQ
hdavxWNQ
SdouzD,hdavxWNQ,hdavxWNQ
hdavxWNQ
hdavxWNQ
SdouzD,hdavxWNQ,hdavxWNQ,SdouzD
SdouzD,hdavxWNQ,hdavxWNQ,SdouzD
SdouzD,hdavxWNQ,hdavxWNQ,SdouzD
SdouzD
SdouzD,hdavxWNQ,hdavxWNQ,SdouzD
SdouzD,hdavxWNQ,hdavxWNQ,SdouzD,SdouzD,hdavxWNQ
SdouzD,hdavxWNQ,hdavxWNQ,SdouzD,SdouzD,hdavxWNQ
hdavxWNQ
hdavxWNQ,SdouzD,hdavxWNQ,SdouzD,SdouzD,hdavxWNQ
hdavxWNQ,SdouzD,hdavxWNQ,SdouzD,SdouzD,hdavxWNQ
hdavxWNQ,SdouzD,hdavxWNQ,SdouzD,SdouzD,hdavxWNQ
hdavxWNQ,hdavxWNQ,SdouzD,SdouzD,hdavxWNQ
SdouzD
SdouzD
hdavxWNQ,SdouzD,SdouzD,fsGVSx,hdavxWNQ,fsGVSx,SdouzD,SdouzD
hdavxWNQ,SdouzD,SdouzD,fsGVSx,hdavxWNQ,fsGVSx,SdouzD,SdouzD
hdavxWNQ,SdouzD,fsGVSx,fsGVSx,SdouzD,SdouzD
SdouzD
SdouzD
hdavxWNQ,SdouzD,SdouzD,hdavxWNQ,hdavxWNQ,SdouzD,fsGVSx
hdavxWNQ,SdouzD,SdouzD,hdavxWNQ,hdavxWNQ,SdouzD,SdouzD
hdavxWNQ,SdouzD,SdouzD,hdavxWNQ,hdavxWNQ,SdouzD,fsGVSx,SdouzD
SdouzD,hdavxWNQ,hdavxWNQ,SdouzD,SdouzD,fsGVSx,SdouzD
hdavxWNQ,SdouzD,SdouzD,hdavxWNQ,hdavxWNQ,SdouzD,fsGVSx,SdouzD
fsGVSx
fsGVSx
SdouzD,hdavxWNQ,fsGVSx,hdavxWNQ,hdavxWNQ,SdouzD,SdouzD,hdavxWNQ
fsGVSx
SdouzD,hdavxWNQ,fsGVSx,hdavxWNQ,hdavxWNQ,SdouzD,SdouzD,hdavxWNQ,fsGVSx
hdavxWNQ
SdouzD
SdouzD,fsGVSx,hdavxWNQ,hdavxWNQ,hdavxWNQ,SdouzD,SdouzD,hdavxWNQ,fsGVSx
SdouzD,hdavxWNQ,hdavxWNQ,hdavxWNQ,SdouzD,SdouzD,hdavxWNQ,fsGVSx
hdavxWNQ
hdavxWNQ
hdavxWNQ,SdouzD,hdavxWNQ,hdavxWNQ,SdouzD,SdouzD,hdavxWNQ,fsGVSx,SdouzD
SdouzD,hdavxWNQ,hdavxWNQ,hdavxWNQ,SdouzD,SdouzD,hdavxWNQ,fsGVSx,SdouzD
hdavxWNQ
hdavxWNQ
hdavxWNQ,SdouzD,hdavxWNQ,hdavxWNQ,SdouzD,SdouzD,hdavxWNQ,SdouzD,SdouzD,hdavxWNQ
SdouzD,fsGVSx,hdavxWNQ,hdavxWNQ,hdavxWNQ,SdouzD,SdouzD,hdavxWNQ,fsGVSx
hdavxWNQ
hdavxWNQ
fsGVSx,hdavxWNQ,hdavxWNQ,hdavxWNQ,SdouzD,SdouzD,hdavxWNQ,fsGVSx
hdavxWNQ
fsGVSx,hdavxWNQ,hdavxWNQ,hdavxWNQ,SdouzD,SdouzD,hdavxWNQ,fsGVSx,fsGVSx,SdouzD,fsGVSx
fsGVSx,hdavxWNQ,hdavxWNQ,hdavxWNQ,SdouzD,SdouzD,hdavxWNQ,fsGVSx,fsGVSx,SdouzD,fsGVSx
hdavxWNQ
fsGVSx,hdavxWNQ,hdavxWNQ,hdavxWNQ,SdouzD,SdouzD,hdavxWNQ,fsGVSx,fsGVSx,SdouzD,fsGVSx
fsGVSx,hdavxWNQ,hdavxWNQ,hdavxWNQ,SdouzD,SdouzD,hdavxWNQ,fsGVSx,fsGVSx,SdouzD,fsGVSx
hdavxWNQ
hdavxWNQ,SdouzD,hdavxWNQ,SdouzD,hdavxWNQ,fsGVSx,fsGVSx,SdouzD,fsGVSx
hdavxWNQ,SdouzD,hdavxWNQ,SdouzD,hdavxWNQ,fsGVSx,fsGVSx,SdouzD,fsGVSx
hdavxWNQ
hdavxWNQ,SdouzD,hdavxWNQ,SdouzD,hdavxWNQ,fsGVSx,fsGVSx,SdouzD,fsGVSx
hdavxWNQ,SdouzD,hdavxWNQ,SdouzD,hdavxWNQ,fsGVSx,SdouzD,fsGVSx
SdouzD
SdouzD
hdavxWNQ,SdouzD,hdavxWNQ,SdouzD,hdavxWNQ,fsGVSx,fsGVSx,SdouzD,fsGVSx
SdouzD
hdavxWNQ,hdavxWNQ,SdouzD,hdavxWNQ,fsGVSx,SdouzD,fsGVSx,fsGVSx
hdavxWNQ,SdouzD,hdavxWNQ,hdavxWNQ,fsGVSx,SdouzD,fsGVSx,fsGVSx,fsGVSx
hdavxWNQ,SdouzD,hdavxWNQ,hdavxWNQ,fsGVSx,SdouzD,fsGVSx,fsGVSx,fsGVSx
SdouzD,hdavxWNQ,hdavxWNQ,hdavxWNQ,fsGVSx,SdouzD,fsGVSx,fsGVSx,fsGVSx
hdavxWNQ
SdouzD
hdavxWNQ,SdouzD,hdavxWNQ,SdouzD,hdavxWNQ,fsGVSx,fsGVSx,SdouzD,fsGVSx
hdavxWNQ,SdouzD,hdavxWNQ,SdouzD,hdavxWNQ,fsGVSx,fsGVSx,SdouzD,fsGVSx
SdouzD
SdouzD
SdouzD
SdouzD
SdouzD
SdouzD
SdouzD
hdavxWNQ
hdavxWNQ,hdavxWNQ,SdouzD,SdouzD,hdavxWNQ,fsGVSx,SdouzD,fsGVSx,SdouzD,SdouzD
hdavxWNQ,hdavxWNQ,SdouzD,SdouzD,hdavxWNQ,fsGVSx,SdouzD,fsGVSx,SdouzD,SdouzD
SdouzD
hdavxWNQ,SdouzD,SdouzD,hdavxWNQ,fsGVSx,SdouzD,fsGVSx,SdouzD,SdouzD,hdavxWNQ
hdavxWNQ,SdouzD,SdouzD,hdavxWNQ,SdouzD,fsGVSx,SdouzD,SdouzD,hdavxWNQ
hdavxWNQ,SdouzD,hdavxWNQ,SdouzD,hdavxWNQ,fsGVSx,fsGVSx,SdouzD,fsGVSx,SdouzD,SdouzD
hdavxWNQ
hdavxWNQ
SdouzD,fsGVSx,hdavxWNQ,hdavxWNQ,SdouzD,hdavxWNQ,fsGVSx,SdouzD,fsGVSx,SdouzD,SdouzD
hdavxWNQ
hdavxWNQ
hdavxWNQ
fsGVSx
SdouzD,hdavxWNQ,hdavxWNQ,SdouzD,hdavxWNQ,SdouzD,fsGVSx,SdouzD,SdouzD,SdouzD
hdavxWNQ
hdavxWNQ
SdouzD
SdouzD,hdavxWNQ,SdouzD,SdouzD,SdouzD,SdouzD,fsGVSx,hdavxWNQ
SdouzD,hdavxWNQ,SdouzD,SdouzD,SdouzD,SdouzD,fsGVSx,hdavxWNQ
SdouzD,hdavxWNQ,SdouzD,SdouzD,SdouzD,SdouzD,fsGVSx,hdavxWNQ
SdouzD,hdavxWNQ,SdouzD,SdouzD,SdouzD,SdouzD,fsGVSx,hdavxWNQ
fsGVSx
fsGVSx,SdouzD,hdavxWNQ,SdouzD,SdouzD,SdouzD,SdouzD,hdavxWNQ,hdavxWNQ
fsGVSx,SdouzD,hdavxWNQ,SdouzD,SdouzD,SdouzD,SdouzD,hdavxWNQ,hdavxWNQ
fsGVSx,SdouzD,hdavxWNQ,SdouzD,SdouzD,SdouzD,SdouzD,hdavxWNQ,hdavxWNQ
SdouzD
SdouzD
SdouzD
SdouzD,hdavxWNQ,SdouzD,SdouzD,SdouzD,SdouzD,fsGVSx,hdavxWNQ
SdouzD,hdavxWNQ,SdouzD,SdouzD,SdouzD,SdouzD,fsGVSx,hdavxWNQ
SdouzD,hdavxWNQ,SdouzD,SdouzD,SdouzD,SdouzD,fsGVSx,hdavxWNQ,fsGVSx,hdavxWNQ
SdouzD,fsGVSx,hdavxWNQ,SdouzD,SdouzD,SdouzD,SdouzD,hdavxWNQ,fsGVSx,hdavxWNQ
SdouzD,fsGVSx,hdavxWNQ,SdouzD,SdouzD,SdouzD,SdouzD,hdavxWNQ,fsGVSx,hdavxWNQ
fsGVSx
fsGVSx
fsGVSx
fsGVSx
fsGVSx,hdavxWNQ,SdouzD,SdouzD,SdouzD,SdouzD,SdouzD,hdavxWNQ,fsGVSx,hdavxWNQ,fsGVSx,fsGVSx,SdouzD
fsGVSx,hdavxWNQ,SdouzD,SdouzD,SdouzD,SdouzD,SdouzD,hdavxWNQ,fsGVSx,hdavxWNQ,fsGVSx,fsGVSx,SdouzD
fsGVSx,hdavxWNQ,SdouzD,SdouzD,SdouzD,SdouzD,SdouzD,hdavxWNQ,fsGVSx,hdavxWNQ,fsGVSx,fsGVSx,SdouzD
SdouzD
hdavxWNQ,fsGVSx,SdouzD,SdouzD,SdouzD,SdouzD,SdouzD,hdavxWNQ,fsGVSx,hdavxWNQ,fsGVSx,fsGVSx,SdouzD
hdavxWNQ,SdouzD,SdouzD,SdouzD,SdouzD,SdouzD,hdavxWNQ,fsGVSx,hdavxWNQ,fsGVSx,fsGVSx,SdouzD,fsGVSx
hdavxWNQ,SdouzD,SdouzD,SdouzD,SdouzD,SdouzD,hdavxWNQ,fsGVSx,hdavxWNQ,fsGVSx,fsGVSx,SdouzD,fsGVSx
hdavxWNQ,fsGVSx,SdouzD,SdouzD,SdouzD,SdouzD,SdouzD,hdavxWNQ,fsGVSx,hdavxWNQ,fsGVSx,fsGVSx,SdouzD,fsGVSx,SdouzD,SdouzD
hdavxWNQ,SdouzD,SdouzD,SdouzD,hdavxWNQ,fsGVSx,hdavxWNQ,fsGVSx,fsGVSx,SdouzD,fsGVSx,SdouzD,SdouzD
SdouzD,hdavxWNQ,SdouzD,hdavxWNQ,SdouzD,fsGVSx,hdavxWNQ,fsGVSx,fsGVSx,SdouzD,fsGVSx,SdouzD,SdouzD,hdavxWNQ
SdouzD,hdavxWNQ,SdouzD,hdavxWNQ,SdouzD,fsGVSx,hdavxWNQ,fsGVSx,fsGVSx,SdouzD,fsGVSx,SdouzD,SdouzD,hdavxWNQ
hdavxWNQ
hdavxWNQ,SdouzD,hdavxWNQ,SdouzD,SdouzD,fsGVSx,hdavxWNQ,fsGVSx,fsGVSx,SdouzD,fsGVSx,SdouzD,SdouzD,hdavxWNQ
hdavxWNQ,SdouzD,hdavxWNQ,SdouzD,SdouzD,fsGVSx,hdavxWNQ,fsGVSx,fsGVSx,SdouzD,fsGVSx,SdouzD,SdouzD,hdavxWNQ
hdavxWNQ,SdouzD,hdavxWNQ,SdouzD,SdouzD,fsGVSx,hdavxWNQ,fsGVSx,fsGVSx,SdouzD,fsGVSx,SdouzD,SdouzD,hdavxWNQ
SdouzD
SdouzD,SdouzD,fsGVSx,hdavxWNQ,fsGVSx,fsGVSx,SdouzD,fsGVSx,SdouzD,SdouzD,hdavxWNQ,SdouzD,fsGVSx
SdouzD
SdouzD
hdavxWNQ,hdavxWNQ,SdouzD,SdouzD,hdavxWNQ,fsGVSx,fsGVSx,SdouzD,fsGVSx,SdouzD,SdouzD,hdavxWNQ
SdouzD
hdavxWNQ,SdouzD,hdavxWNQ,fsGVSx,SdouzD,fsGVSx,SdouzD,SdouzD,hdavxWNQ,hdavxWNQ,hdavxWNQ
SdouzD
hdavxWNQ,SdouzD,hdavxWNQ,fsGVSx,SdouzD,fsGVSx,SdouzD,SdouzD,hdavxWNQ,hdavxWNQ,hdavxWNQ
fsGVSx
fsGVSx
fsGVSx,SdouzD,hdavxWNQ,SdouzD,fsGVSx,SdouzD,SdouzD,hdavxWNQ,hdavxWNQ,hdavxWNQ
SdouzD
fsGVSx
fsGVSx
fsGVSx
fsGVSx,hdavxWNQ,SdouzD,fsGVSx,SdouzD,SdouzD,hdavxWNQ,hdavxWNQ,hdavxWNQ,hdavxWNQ,hdavxWNQ
fsGVSx,fsGVSx,SdouzD,SdouzD,hdavxWNQ,hdavxWNQ,hdavxWNQ,hdavxWNQ,hdavxWNQ
fsGVSx,hdavxWNQ,SdouzD,fsGVSx,SdouzD,SdouzD,hdavxWNQ,hdavxWNQ,hdavxWNQ,hdavxWNQ,hdavxWNQ
fsGVSx
fsGVSx
hdavxWNQ,SdouzD,fsGVSx,fsGVSx,SdouzD,SdouzD,hdavxWNQ,hdavxWNQ,hdavxWNQ,hdavxWNQ,hdavxWNQ,SdouzD
SdouzD,fsGVSx,fsGVSx,SdouzD,SdouzD,hdavxWNQ,hdavxWNQ,hdavxWNQ,hdavxWNQ,hdavxWNQ,SdouzD,fsGVSx,SdouzD
fsGVSx,SdouzD,SdouzD,hdavxWNQ,hdavxWNQ,hdavxWNQ,hdavxWNQ,SdouzD,fsGVSx,SdouzD,fsGVSx
fsGVSx,SdouzD,SdouzD,hdavxWNQ,hdavxWNQ,hdavxWNQ,hdavxWNQ,SdouzD,fsGVSx,SdouzD,fsGVSx
SdouzD
SdouzD
SdouzD
SdouzD,hdavxWNQ,hdavxWNQ,SdouzD,fsGVSx,SdouzD,fsGVSx
fsGVSx
SdouzD,hdavxWNQ,SdouzD,fsGVSx,SdouzD,fsGVSx
fsGVSx
SdouzD,hdavxWNQ,hdavxWNQ,SdouzD,fsGVSx,SdouzD,fsGVSx
Jedi Wagner, assuma o comando!