[vazia]
V
Toque! Toque, Dijê!
[vazia]
Toque! Toque, Dijê!
[vazia]
[vazia]
[vazia]
[vazia]
Toque! Toque, Dijê!
[vazia]
Toque! Toque, Dijê!
V
V
V
V
V
V,BTuBt
V,BTuBt
V
BTuBt,fZfyqsl,V,BTuBt
V
V
V
V
ITi
ITi
V
V
[vazia]
[vazia]
V
V
V,ZKClYGjHo
V
V
V
V,ZKClYGjHo
V,ZKClYGjHo
Toque! Toque, Dijê!
V
V
V
V
V
V
V
V
V
V
V
V
V
V
V
V
V
V,ZKClYGjHo
V
V
V
V
V
ZKClYGjHo
ZKClYGjHo
fZfyqsl
ITi
BTuBt
BTuBt
fZfyqsl
fZfyqsl
ZKClYGjHo,ITi,V,BTuBt,fZfyqsl
ZKClYGjHo,ITi,BTuBt,fZfyqsl
BTuBt
BTuBt
ZKClYGjHo,ITi,BTuBt,fZfyqsl
ZKClYGjHo,ITi,BTuBt
BTuBt
ZKClYGjHo
BTuBt
ITi,ZKClYGjHo,ITi,BTuBt
BTuBt
ITi,BTuBt,ITi,ZKClYGjHo,fZfyqsl
ITi,BTuBt,ITi,ZKClYGjHo,fZfyqsl
ITi
ITi
ITi
ITi
BTuBt
BTuBt
ITi,BTuBt,V
BTuBt
ITi,BTuBt,V
ITi,BTuBt,V
ITi,BTuBt,V,V
BTuBt
BTuBt
ITi,BTuBt,V
BTuBt,V
V
BTuBt,V
BTuBt,V
BTuBt,V
Jedi Wagner, assuma o comando!