iEq
iEq,YQqYDLtEHw
iEq
iEq,YQqYDLtEHw
iEq,YQqYDLtEHw
iEq,YQqYDLtEHw
YQqYDLtEHw
YQqYDLtEHw
iEq,YQqYDLtEHw
iEq,YQqYDLtEHw
iEq,YQqYDLtEHw
iEq,YQqYDLtEHw
YQqYDLtEHw
iEq,YQqYDLtEHw
iEq,YQqYDLtEHw
iEq,YQqYDLtEHw
iEq
iEq
YQqYDLtEHw
YQqYDLtEHw
YQqYDLtEHw
YQqYDLtEHw,xR,sv
YQqYDLtEHw,AAMJRGT,xR,sv
YQqYDLtEHw,AAMJRGT,xR,sv
YQqYDLtEHw,AAMJRGT,xR,sv,IMPGzPFdy,IMPGzPFdy
xR
YQqYDLtEHw,AAMJRGT,xR,sv,IMPGzPFdy,IMPGzPFdy,P
YQqYDLtEHw,AAMJRGT,xR,sv,IMPGzPFdy,IMPGzPFdy,P,xR
sv
IMPGzPFdy
IMPGzPFdy
YQqYDLtEHw,AAMJRGT,xR,sv,IMPGzPFdy,P,xR,P
IMPGzPFdy
YQqYDLtEHw,AAMJRGT,xR,sv,P,xR,P,P,IMPGzPFdy
YQqYDLtEHw,AAMJRGT,xR,sv,P,xR,P,P,IMPGzPFdy
P
P
YQqYDLtEHw,AAMJRGT,xR,sv,xR,P,P,IZ
YQqYDLtEHw,AAMJRGT,xR,sv,xR,P,P,IZ
IZ
YQqYDLtEHw,AAMJRGT,P,IZ,sv,xR,P,IZ
YQqYDLtEHw,AAMJRGT,P,IZ,sv,xR,P,IZ
P
P
YQqYDLtEHw,AAMJRGT,sv,P,xR,P,IZ
P
P
YQqYDLtEHw,AAMJRGT,sv,P,xR,P,IZ
P
P
AAMJRGT,sv,P,YQqYDLtEHw,xR,P,IZ
AAMJRGT,sv,P,YQqYDLtEHw,xR,P,IZ
AAMJRGT,sv,P,YQqYDLtEHw,xR,P,IZ
AAMJRGT,sv,P,YQqYDLtEHw,IZ,xR,P,IMPGzPFdy
IMPGzPFdy
IMPGzPFdy
AAMJRGT,sv,P,YQqYDLtEHw,IZ,P,IMPGzPFdy
AAMJRGT
P
P
mI,AAMJRGT,P,sv,YQqYDLtEHw,IZ,P,AAMJRGT,n
mI,AAMJRGT,P,sv,YQqYDLtEHw,IZ,P,AAMJRGT,n
mI
mI,AAMJRGT,P,sv,YQqYDLtEHw,IZ,P,AAMJRGT,n
mI,AAMJRGT,P,sv,YQqYDLtEHw,IZ,P,AAMJRGT,n
AAMJRGT,sv,P,YQqYDLtEHw,IZ,P,IMPGzPFdy
sv,AAMJRGT,P,YQqYDLtEHw,IZ,P,IMPGzPFdy
IMPGzPFdy,sv,AAMJRGT,P,YQqYDLtEHw,IZ,P
sv
AAMJRGT,sv,P,YQqYDLtEHw,IZ,P,IMPGzPFdy,YQqYDLtEHw
AAMJRGT,sv,P,YQqYDLtEHw,IZ,P,IMPGzPFdy,YQqYDLtEHw
AAMJRGT,sv,P,YQqYDLtEHw,IZ,P,IMPGzPFdy,YQqYDLtEHw
P,YQqYDLtEHw,IZ,AAMJRGT,P,IMPGzPFdy,YQqYDLtEHw,P
IMPGzPFdy
P,YQqYDLtEHw,IZ,AAMJRGT,P,YQqYDLtEHw,P,P
P,YQqYDLtEHw,IZ,AAMJRGT,P,YQqYDLtEHw,P,P
P,YQqYDLtEHw,IZ,AAMJRGT,P,YQqYDLtEHw,P,P
P,YQqYDLtEHw,IZ,AAMJRGT,P,YQqYDLtEHw,P,P
YQqYDLtEHw
YQqYDLtEHw
P,YQqYDLtEHw,IZ,AAMJRGT,P,YQqYDLtEHw,P,P
P,YQqYDLtEHw,IZ,AAMJRGT,P,YQqYDLtEHw,P,P
P,YQqYDLtEHw,IZ,AAMJRGT,P,YQqYDLtEHw,P,P
P,YQqYDLtEHw,IZ,AAMJRGT,P,YQqYDLtEHw,P,P,sv,xR
YQqYDLtEHw
YQqYDLtEHw
YQqYDLtEHw
YQqYDLtEHw,IZ,P,IMPGzPFdy,YQqYDLtEHw,P,P,P,IMPGzPFdy,IZ,IZ,YQqYDLtEHw
YQqYDLtEHw,IZ,P,IMPGzPFdy,YQqYDLtEHw,P,P,P,IMPGzPFdy,IZ,IZ,YQqYDLtEHw,P
YQqYDLtEHw,IZ,P,IMPGzPFdy,YQqYDLtEHw,P,P,P,IMPGzPFdy,IZ,IZ,YQqYDLtEHw,P
YQqYDLtEHw,IZ,P,IMPGzPFdy,YQqYDLtEHw,P,P,P,IMPGzPFdy,IZ,IZ,YQqYDLtEHw,P
P
YQqYDLtEHw,P,IMPGzPFdy,YQqYDLtEHw,P,IZ,P,P,IMPGzPFdy,IZ,IZ,YQqYDLtEHw,P
P,IMPGzPFdy,YQqYDLtEHw,P,P,IZ,YQqYDLtEHw,P,IMPGzPFdy,IZ,IZ,YQqYDLtEHw,P,AAMJRGT,n
P
P,YQqYDLtEHw,P,P,IZ,YQqYDLtEHw,P,IMPGzPFdy,IZ,IZ,YQqYDLtEHw,P,AAMJRGT,n
YQqYDLtEHw
AAMJRGT
P,YQqYDLtEHw,P,P,IZ,YQqYDLtEHw,AAMJRGT,P,IMPGzPFdy,IZ,IZ,YQqYDLtEHw,P,n
P
P,P,P,IZ,YQqYDLtEHw,P,AAMJRGT,IZ,IZ,YQqYDLtEHw,P,n,P
P
P
P,YQqYDLtEHw,P,P,IZ,YQqYDLtEHw,AAMJRGT,P,IMPGzPFdy,IZ,IZ,YQqYDLtEHw,P,n
Jedi Wagner, assuma o comando!