[vazia]
[vazia]
qv
qv
ZVgkrhpr,qv
ZVgkrhpr,qv,qv
ZVgkrhpr
qv,ZVgkrhpr,qv,ZVgkrhpr
qv
qv
ZVgkrhpr
ZVgkrhpr,qv,qv,ZVgkrhpr,qv,ZVgkrhpr,qv,qv,qv
ZVgkrhpr,qv,ZVgkrhpr,qv,qv,ZVgkrhpr,qv,qv,qv,qv
ZVgkrhpr,qv,ZVgkrhpr,qv,qv,ZVgkrhpr,qv,qv,qv,qv
qv
ZVgkrhpr,qv,qv,ZVgkrhpr,qv,ZVgkrhpr,qv,qv,ZVgkrhpr
ZVgkrhpr,qv,ZVgkrhpr,qv,ZVgkrhpr,qv,qv
ZVgkrhpr
ZVgkrhpr
ZVgkrhpr
qv
qv
qv
ZVgkrhpr,qv,qv,ZVgkrhpr,qv,ZVgkrhpr,qv,qv,ZVgkrhpr,qv
qv
qv
ZVgkrhpr,qv,ZVgkrhpr,qv,ZVgkrhpr,qv,qv,ZVgkrhpr,qv,gTQ,ZVgkrhpr
qv
qv
qv
qv
ZVgkrhpr
qv,ZVgkrhpr,gTQ,qv,qv,ZVgkrhpr,qv,ZVgkrhpr,gTQ
qv,ZVgkrhpr,qv,qv,ZVgkrhpr,gTQ,qv,ZVgkrhpr,gTQ
qv,ZVgkrhpr,qv,qv,ZVgkrhpr,gTQ,qv,ZVgkrhpr,gTQ
qv
ZVgkrhpr
qv
ZVgkrhpr
ZVgkrhpr
ZVgkrhpr
ZVgkrhpr
ZVgkrhpr
qv
qv
qv
ZVgkrhpr
ZVgkrhpr
ZVgkrhpr,qv,qv,qv,qv,ZVgkrhpr,ZVgkrhpr,ZVgkrhpr,ZVgkrhpr,qv
qv,ZVgkrhpr,qv,qv,qv,ZVgkrhpr,ZVgkrhpr,ZVgkrhpr,ZVgkrhpr,qv,gTQ
qv
qv,qv,qv,qv,ZVgkrhpr,ZVgkrhpr,ZVgkrhpr,gTQ
qv
qv
qv
qv,qv,qv,qv,ZVgkrhpr,ZVgkrhpr,ZVgkrhpr,gTQ
qv
qv,qv,qv,qv,ZVgkrhpr,ZVgkrhpr,ZVgkrhpr,gTQ
qv,qv,qv,qv,ZVgkrhpr,ZVgkrhpr,ZVgkrhpr
qv,qv,qv,qv,ZVgkrhpr,ZVgkrhpr,ZVgkrhpr
qv,qv,qv,qv,ZVgkrhpr,ZVgkrhpr,ZVgkrhpr
qv
qv
qv
qv
qv
qv,qv,qv,ZVgkrhpr,ZVgkrhpr,qv
ZVgkrhpr,qv,qv,qv,ZVgkrhpr,qv
ZVgkrhpr,qv,qv,qv,ZVgkrhpr,qv
ZVgkrhpr
ZVgkrhpr
qv,qv,qv,qv,ZVgkrhpr,ZVgkrhpr
qv,qv,qv,qv,ZVgkrhpr,ZVgkrhpr
qv,qv,qv,qv,ZVgkrhpr,ZVgkrhpr
qv
qv
qv,ZVgkrhpr,qv,qv,qv,ZVgkrhpr
qv,ZVgkrhpr,qv,qv,qv,ZVgkrhpr
qv
qv
ZVgkrhpr,qv,qv,qv,qv,ZVgkrhpr,ZVgkrhpr
ZVgkrhpr
ZVgkrhpr,qv,qv,qv,qv,ZVgkrhpr,ZVgkrhpr
ZVgkrhpr,qv,qv,qv,qv,ZVgkrhpr,ZVgkrhpr
ZVgkrhpr
ZVgkrhpr
ZVgkrhpr,qv,qv,qv,qv,ZVgkrhpr,ZVgkrhpr,qv
qv
qv
ZVgkrhpr
qv
qv,qv,qv,qv,ZVgkrhpr,ZVgkrhpr,gTQ
qv,qv,qv,qv,ZVgkrhpr,ZVgkrhpr,gTQ,qv
qv
gTQ
gTQ
gTQ
qv,qv,qv,gTQ,qv,ZVgkrhpr,qv,qv
qv,qv,qv,gTQ,ZVgkrhpr,qv,qv,qv,ZVgkrhpr
gTQ
gTQ
gTQ
gTQ
gTQ
qv
qv,qv,qv,qv,ZVgkrhpr,ZVgkrhpr,gTQ,qv,qv
ZVgkrhpr
qv,qv,qv,qv,ZVgkrhpr,ZVgkrhpr,qv,qv,ZVgkrhpr
qv,qv,qv,qv,ZVgkrhpr,ZVgkrhpr,qv,qv,ZVgkrhpr
ZVgkrhpr
ZVgkrhpr
qv,qv,qv,qv,ZVgkrhpr,ZVgkrhpr,qv,qv,ZVgkrhpr
ZVgkrhpr
ZVgkrhpr
ZVgkrhpr
ZVgkrhpr
ZVgkrhpr
ZVgkrhpr
ZVgkrhpr
ZVgkrhpr
ZVgkrhpr
gTQ
qv,qv,qv,ZVgkrhpr,gTQ,ZVgkrhpr,qv,qv,ZVgkrhpr,ZVgkrhpr,gTQ,qv,gTQ
gTQ
gTQ
Jedi Wagner, assuma o comando!