rQYoOGntV
rQYoOGntV
Toque! Toque, Dijê!
Toque! Toque, Dijê!
CWm
CWm,FzG
[vazia]
[vazia]
[vazia]
Toque! Toque, Dijê!
[vazia]
[vazia]
[vazia]
Toque! Toque, Dijê!
[vazia]
zbQxZ
zbQxZ,FzG,CWm
[vazia]
Toque! Toque, Dijê!
Toque! Toque, Dijê!
Toque! Toque, Dijê!
zMesN
zMesN
zMesN,FzG
zMesN,FzG
zMesN,FzG
zMesN,FzG,IzuoUJQF
FzG,IzuoUJQF,zMesN,PNxQuV
IzuoUJQF,zMesN,FzG,CWm,zbQxZ,FzG,rQYoOGntV
FzG
IzuoUJQF,zMesN,FzG,PNxQuV,CWm,zbQxZ,FzG,rQYoOGntV
IzuoUJQF
zMesN,IzuoUJQF
zMesN,IzuoUJQF
IzuoUJQF,zMesN
zMesN,IzuoUJQF,IzuoUJQF
zMesN,IzuoUJQF
zMesN,IzuoUJQF,IzuoUJQF,PNxQuV
IzuoUJQF
IzuoUJQF
zMesN,IzuoUJQF,FzG,rQYoOGntV
zMesN,IzuoUJQF,FzG
FzG
zMesN,IzuoUJQF,FzG
FzG
zMesN,IzuoUJQF,FzG,zbQxZ,IzuoUJQF
zMesN,IzuoUJQF,FzG,zbQxZ,IzuoUJQF
FzG
zMesN,IzuoUJQF,FzG
zMesN,IzuoUJQF,FzG
FzG
zMesN,IzuoUJQF,FzG
IzuoUJQF
zMesN,IzuoUJQF,FzG
zMesN,IzuoUJQF,FzG,zMesN,PNxQuV,rQYoOGntV
FzG
FzG
FzG
FzG
FzG
FzG
FzG
FzG
FzG
zMesN
zMesN
FzG
IzuoUJQF,FzG
IzuoUJQF,FzG
IzuoUJQF,FzG
FzG
IzuoUJQF,FzG
FzG
IzuoUJQF,FzG,rQYoOGntV
FzG
FzG
FzG
FzG
IzuoUJQF,FzG,rQYoOGntV,IzuoUJQF,IzuoUJQF,zbQxZ
FzG
IzuoUJQF,FzG,rQYoOGntV,PNxQuV,IzuoUJQF,IzuoUJQF,zbQxZ
IzuoUJQF,FzG,rQYoOGntV,PNxQuV,IzuoUJQF,IzuoUJQF,zbQxZ
IzuoUJQF,FzG
FzG
FzG
IzuoUJQF,FzG
IzuoUJQF,FzG
IzuoUJQF,FzG
FzG
FzG
IzuoUJQF,FzG
FzG
FzG
FzG
IzuoUJQF,FzG,zbQxZ
FzG
FzG
IzuoUJQF,FzG,zbQxZ,CWm,zMesN,rQYoOGntV
Jedi Wagner, assuma o comando!