Af
Af
nEbZFmptn
nEbZFmptn,Af,OfaorAQa,EAz
nEbZFmptn
nEbZFmptn
nEbZFmptn
Af,nEbZFmptn
nEbZFmptn
nEbZFmptn
Af,nEbZFmptn,qTd
nEbZFmptn
Af,nEbZFmptn,qTd,EAz
Af,nEbZFmptn,qTd,EAz
nEbZFmptn
Af,nEbZFmptn,alWpYPV
nEbZFmptn,alWpYPV,Af
nEbZFmptn,Af
nEbZFmptn
nEbZFmptn,Af,Af,qTd
nEbZFmptn
nEbZFmptn,Af,Af,qTd
nEbZFmptn,Af,qTd
nEbZFmptn,Af,qTd
qTd
qTd
qTd
Af,qTd,EAz,OfaorAQa
Af,qTd,EAz,OfaorAQa
Af,qTd,EAz,OfaorAQa,Af,zbFji
qTd
OfaorAQa
OfaorAQa
pQJOH
pQJOH
Af,EAz,OfaorAQa,pQJOH,qTd,Af,zbFji,qTd
Af,EAz,OfaorAQa,pQJOH,qTd,Af,zbFji,qTd,zbFji
Af
Af
Af,EAz,OfaorAQa,pQJOH,qTd,Af,zbFji,qTd
Af,EAz,OfaorAQa,pQJOH,qTd,Af,zbFji,qTd
Af
Af,EAz,OfaorAQa,pQJOH,qTd,Af,zbFji,qTd,pQJOH
Af
Af
Af,EAz,OfaorAQa,pQJOH,qTd,Af,qTd,pQJOH,zbFji,alWpYPV
Af,EAz,OfaorAQa,qTd,Af,zbFji,qTd,sbDA
Af,EAz,OfaorAQa,qTd,Af,zbFji,qTd,sbDA
Af,EAz,OfaorAQa,qTd,Af,zbFji,qTd,sbDA
Af
Af,EAz,OfaorAQa,qTd,Af,zbFji,qTd,sbDA
Af,EAz,OfaorAQa,qTd,Af,zbFji,qTd,sbDA
Af,EAz,OfaorAQa,qTd,Af,zbFji,qTd,sbDA
Af
Af,EAz,OfaorAQa,pQJOH,qTd,Af,zbFji,qTd
Af
Af
Af,EAz,OfaorAQa,pQJOH,Af,qTd,zbFji,qTd,zbFji,sbDA
Af,EAz,OfaorAQa,pQJOH,Af,qTd,zbFji,qTd,zbFji,sbDA
qTd
qTd
zbFji
zbFji
sbDA
EAz,OfaorAQa,pQJOH,qTd,zbFji,qTd,zbFji,sbDA,qTd,pQJOH,sbDA
EAz,OfaorAQa,pQJOH,qTd,zbFji,qTd,zbFji,sbDA,qTd,pQJOH,sbDA,qTd
EAz
OfaorAQa,pQJOH,Af,qTd,zbFji,qTd,zbFji,sbDA,EAz,qTd,pQJOH,sbDA,pQJOH,zbFji
EAz
pQJOH,qTd,zbFji,qTd,zbFji,sbDA,EAz,Af,OfaorAQa,qTd,pQJOH,sbDA,pQJOH,zbFji,Af,alWpYPV,Af
qTd
pQJOH
EAz,OfaorAQa,Af,qTd,zbFji,qTd,zbFji,sbDA,pQJOH,qTd,pQJOH,sbDA,OfaorAQa
OfaorAQa
OfaorAQa
sbDA
EAz,OfaorAQa,pQJOH,Af,qTd,zbFji,qTd,zbFji,sbDA,qTd,pQJOH,sbDA
sbDA
EAz,OfaorAQa,pQJOH,Af,qTd,zbFji,qTd,zbFji,sbDA,qTd,pQJOH,sbDA,pQJOH
sbDA
EAz,OfaorAQa,pQJOH,Af,qTd,zbFji,qTd,zbFji,sbDA,qTd,pQJOH,sbDA,pQJOH,OfaorAQa
EAz,OfaorAQa,pQJOH,Af,qTd,zbFji,qTd,zbFji,sbDA,qTd,pQJOH,sbDA,pQJOH,OfaorAQa,qTd
EAz,OfaorAQa,pQJOH,Af,qTd,zbFji,qTd,zbFji,sbDA,qTd,pQJOH,sbDA,pQJOH,OfaorAQa,qTd
EAz,OfaorAQa,pQJOH,Af,qTd,zbFji,qTd,zbFji,qTd,pQJOH,sbDA,pQJOH,OfaorAQa,qTd
qTd
EAz,OfaorAQa,Af,qTd,zbFji,qTd,zbFji,qTd,pQJOH,pQJOH,sbDA,pQJOH,OfaorAQa,qTd
qTd
EAz,OfaorAQa,qTd,qTd,qTd,pQJOH,zbFji,Af,pQJOH,sbDA,pQJOH,OfaorAQa,qTd,sbDA,alWpYPV
pQJOH
pQJOH
zbFji
OfaorAQa,qTd,qTd,qTd,pQJOH,EAz,zbFji,Af,pQJOH,pQJOH,OfaorAQa,qTd,sbDA,OfaorAQa,nEbZFmptn
zbFji
qTd,qTd,qTd,pQJOH,Af,EAz,zbFji,pQJOH,pQJOH,OfaorAQa,qTd,sbDA,OfaorAQa,nEbZFmptn
EAz
EAz
qTd,qTd,Af,EAz,pQJOH,qTd,zbFji,pQJOH,pQJOH,OfaorAQa,qTd,sbDA,OfaorAQa,nEbZFmptn,sbDA
qTd,qTd,Af,EAz,pQJOH,qTd,zbFji,pQJOH,pQJOH,OfaorAQa,qTd,sbDA,OfaorAQa,nEbZFmptn,sbDA
EAz
qTd,qTd,Af,EAz,pQJOH,qTd,zbFji,pQJOH,pQJOH,OfaorAQa,qTd,sbDA,OfaorAQa,nEbZFmptn,sbDA
EAz
zbFji
zbFji
qTd,qTd,qTd,pQJOH,Af,EAz,OfaorAQa,zbFji,pQJOH,pQJOH,qTd,sbDA,OfaorAQa,nEbZFmptn,sbDA
qTd,qTd,qTd,pQJOH,Af,EAz,zbFji,pQJOH,pQJOH,qTd,sbDA,OfaorAQa,nEbZFmptn,sbDA,alWpYPV,Af
qTd,qTd,pQJOH,Af,EAz,zbFji,qTd,pQJOH,pQJOH,qTd,sbDA,OfaorAQa,nEbZFmptn,sbDA,alWpYPV,Af
zbFji
qTd,qTd,pQJOH,Af,EAz,zbFji,qTd,pQJOH,pQJOH,OfaorAQa,qTd,sbDA,OfaorAQa,sbDA,Af
qTd
qTd
qTd,pQJOH,Af,EAz,zbFji,qTd,pQJOH,pQJOH,OfaorAQa,qTd,sbDA,OfaorAQa,sbDA,Af
qTd,pQJOH,Af,EAz,zbFji,qTd,pQJOH,pQJOH,OfaorAQa,qTd,OfaorAQa,sbDA,Af
pQJOH
pQJOH
pQJOH
pQJOH
pQJOH
EAz,qTd,pQJOH,qTd,pQJOH,OfaorAQa,qTd,OfaorAQa,sbDA,Af,EAz
EAz,qTd,pQJOH,qTd,pQJOH,OfaorAQa,qTd,OfaorAQa,sbDA,Af,EAz
zbFji
qTd,pQJOH,Af,EAz,qTd,pQJOH,zbFji,pQJOH,qTd,OfaorAQa,sbDA,Af,Af,pQJOH
zbFji
zbFji
sbDA
qTd,Af,EAz,qTd,pQJOH,pQJOH,sbDA,zbFji,pQJOH,qTd,Af,Af,pQJOH,EAz,OfaorAQa,zbFji,alWpYPV,qTd
qTd,pQJOH,Af,EAz,qTd,pQJOH,pQJOH,zbFji,qTd,sbDA,Af,Af,pQJOH,alWpYPV
qTd,pQJOH,Af,EAz,qTd,pQJOH,pQJOH,zbFji,qTd,sbDA,Af,Af,pQJOH,alWpYPV
zbFji
EAz
qTd,pQJOH,Af,qTd,pQJOH,zbFji,pQJOH,EAz,qTd,sbDA,Af,Af,pQJOH,alWpYPV
qTd,pQJOH,Af,EAz,qTd,pQJOH,zbFji,pQJOH,qTd,sbDA,Af,Af,pQJOH
qTd,pQJOH,Af,EAz,qTd,pQJOH,zbFji,pQJOH,qTd,Af,Af,pQJOH
qTd,pQJOH,Af,EAz,qTd,pQJOH,zbFji,pQJOH,qTd,Af,Af,pQJOH,Af
qTd,pQJOH,Af,EAz,qTd,pQJOH,zbFji,pQJOH,qTd,Af,Af,pQJOH,Af
qTd
qTd
qTd,pQJOH,Af,EAz,qTd,pQJOH,zbFji,pQJOH,qTd,Af,Af,pQJOH,Af,OfaorAQa
qTd
qTd
qTd
pQJOH,Af,EAz,qTd,pQJOH,pQJOH,qTd,zbFji,sbDA,Af,Af,pQJOH,EAz,qTd
qTd,pQJOH,Af,EAz,qTd,pQJOH,zbFji,pQJOH,qTd,sbDA,Af,Af,pQJOH
qTd,pQJOH,Af,EAz,qTd,pQJOH,zbFji,pQJOH,qTd,sbDA,Af,Af,pQJOH
qTd,pQJOH,Af,EAz,qTd,pQJOH,zbFji,pQJOH,qTd,sbDA,Af,Af,pQJOH,EAz
qTd,Af,EAz,qTd,zbFji,pQJOH,qTd,pQJOH,Af,Af,pQJOH,EAz
pQJOH,Af,EAz,qTd,pQJOH,zbFji,pQJOH,qTd,sbDA,Af,Af,pQJOH
pQJOH,Af,EAz,qTd,pQJOH,zbFji,pQJOH,qTd,sbDA,Af,Af,pQJOH
Af
Af
qTd,pQJOH,Af,EAz,qTd,pQJOH,pQJOH,qTd,Af,Af,pQJOH,pQJOH,EAz,alWpYPV
pQJOH
qTd,Af,EAz,qTd,pQJOH,pQJOH,qTd,Af,Af,pQJOH,pQJOH,EAz,alWpYPV
qTd,pQJOH,Af,EAz,qTd,pQJOH,pQJOH,qTd,Af,Af,pQJOH,pQJOH,EAz,alWpYPV
pQJOH
qTd,pQJOH,EAz,qTd,pQJOH,pQJOH,qTd,Af,Af,pQJOH,pQJOH,Af,EAz,alWpYPV,OfaorAQa,zbFji
qTd,pQJOH,EAz,qTd,pQJOH,pQJOH,qTd,Af,Af,pQJOH,pQJOH,alWpYPV,Af,EAz,OfaorAQa,zbFji
alWpYPV
qTd,pQJOH,Af,EAz,qTd,pQJOH,pQJOH,qTd,Af,Af,pQJOH,pQJOH,EAz,alWpYPV,Af
pQJOH
EAz
pQJOH,Af,EAz,qTd,pQJOH,pQJOH,qTd,Af,Af,pQJOH,pQJOH,alWpYPV,EAz,nEbZFmptn,sbDA
alWpYPV
pQJOH,Af,EAz,pQJOH,pQJOH,qTd,Af,Af,pQJOH,pQJOH,alWpYPV,EAz,sbDA
Af
pQJOH,EAz,qTd,pQJOH,pQJOH,qTd,Af,Af,pQJOH,pQJOH,EAz,Af,alWpYPV,sbDA
pQJOH,EAz,qTd,pQJOH,pQJOH,qTd,Af,Af,pQJOH,pQJOH,EAz,Af,alWpYPV,sbDA
pQJOH,Af,EAz,qTd,pQJOH,pQJOH,qTd,Af,Af,pQJOH,pQJOH,EAz,alWpYPV
EAz
EAz
EAz
pQJOH,Af,EAz,qTd,pQJOH,pQJOH,qTd,Af,Af,pQJOH,pQJOH,EAz,alWpYPV
EAz
pQJOH,Af,EAz,qTd,pQJOH,pQJOH,qTd,Af,Af,pQJOH,pQJOH,EAz,alWpYPV
EAz
pQJOH,Af,EAz,qTd,pQJOH,pQJOH,qTd,Af,Af,pQJOH,pQJOH,EAz,alWpYPV
pQJOH,Af,EAz,qTd,pQJOH,pQJOH,qTd,Af,Af,pQJOH,pQJOH,EAz,alWpYPV
pQJOH,Af,EAz,qTd,pQJOH,pQJOH,qTd,Af,Af,pQJOH,pQJOH,EAz,alWpYPV
EAz
EAz
pQJOH,Af,EAz,qTd,pQJOH,pQJOH,qTd,Af,Af,pQJOH,pQJOH,EAz,alWpYPV
pQJOH,Af,EAz,qTd,pQJOH,pQJOH,qTd,Af,Af,pQJOH,pQJOH,EAz,alWpYPV,EAz
EAz
EAz
pQJOH,Af,EAz,qTd,pQJOH,pQJOH,qTd,Af,Af,pQJOH,pQJOH,EAz,alWpYPV
pQJOH,Af,EAz,qTd,pQJOH,pQJOH,qTd,Af,Af,pQJOH,pQJOH,EAz,alWpYPV
EAz
pQJOH,Af,qTd,pQJOH,pQJOH,qTd,Af,Af,pQJOH,pQJOH,EAz,EAz,alWpYPV,OfaorAQa,EAz
EAz
EAz
alWpYPV
alWpYPV
alWpYPV
alWpYPV
pQJOH,Af,EAz,pQJOH,pQJOH,qTd,Af,Af,pQJOH,pQJOH,EAz
pQJOH,Af,EAz,pQJOH,pQJOH,qTd,Af,Af,pQJOH,pQJOH,EAz
pQJOH,Af,EAz,qTd,pQJOH,pQJOH,qTd,Af,Af,pQJOH,pQJOH,EAz,alWpYPV
pQJOH,Af,EAz,qTd,pQJOH,pQJOH,qTd,Af,Af,pQJOH,pQJOH,EAz,alWpYPV,Af
nEbZFmptn
pQJOH,Af,EAz,qTd,pQJOH,pQJOH,qTd,Af,Af,pQJOH,pQJOH,nEbZFmptn,EAz,pQJOH,zbFji,Af
pQJOH,Af,EAz,qTd,pQJOH,pQJOH,qTd,Af,Af,pQJOH,pQJOH,nEbZFmptn,EAz,pQJOH,zbFji,Af
pQJOH,Af,EAz,qTd,pQJOH,pQJOH,qTd,Af,Af,pQJOH,pQJOH,nEbZFmptn,EAz,pQJOH,zbFji,Af
zbFji
pQJOH,Af,EAz,qTd,pQJOH,pQJOH,qTd,Af,Af,pQJOH,pQJOH,nEbZFmptn,EAz,pQJOH,zbFji,Af,qTd
zbFji
pQJOH,Af,EAz,qTd,pQJOH,pQJOH,qTd,Af,Af,pQJOH,pQJOH,nEbZFmptn,EAz,pQJOH,zbFji,Af,qTd,alWpYPV
zbFji
zbFji
pQJOH,Af,EAz,qTd,pQJOH,pQJOH,qTd,Af,Af,pQJOH,pQJOH,nEbZFmptn,EAz,pQJOH,zbFji,Af
Af,EAz,qTd,pQJOH,pQJOH,qTd,Af,Af,pQJOH,pQJOH,nEbZFmptn,EAz,pQJOH,zbFji,Af,alWpYPV
Af
EAz
EAz
qTd,pQJOH,pQJOH,qTd,Af,Af,pQJOH,pQJOH,nEbZFmptn,EAz,pQJOH,zbFji,Af,alWpYPV
EAz
pQJOH,pQJOH,qTd,Af,pQJOH,pQJOH,pQJOH,zbFji,Af,qTd,nEbZFmptn,EAz,alWpYPV,zbFji
pQJOH,pQJOH,qTd,Af,pQJOH,pQJOH,pQJOH,zbFji,Af,qTd,EAz,nEbZFmptn,alWpYPV,zbFji
pQJOH,pQJOH,qTd,Af,pQJOH,pQJOH,pQJOH,zbFji,Af,qTd,EAz,nEbZFmptn,alWpYPV,zbFji,Af
alWpYPV
pQJOH,pQJOH,qTd,pQJOH,pQJOH,pQJOH,zbFji,qTd,EAz,alWpYPV,zbFji,Af
pQJOH,pQJOH,qTd,pQJOH,pQJOH,pQJOH,zbFji,qTd,EAz,alWpYPV,zbFji,Af
zbFji
qTd,pQJOH,pQJOH,pQJOH,zbFji,qTd,EAz,alWpYPV,zbFji,pQJOH,Af
zbFji
qTd,pQJOH,pQJOH,zbFji,qTd,alWpYPV,zbFji,pQJOH,EAz,Af
EAz
Jedi Wagner, assuma o comando!