[vazia]
Toque! Toque, Dijê!
[vazia]
Toque! Toque, Dijê!
[vazia]
[vazia]
Toque! Toque, Dijê!
Toque! Toque, Dijê!
[vazia]
Toque! Toque, Dijê!
[vazia]
Toque! Toque, Dijê!
[vazia]
Toque! Toque, Dijê!
[vazia]
[vazia]
RHuJOSxQ
RHuJOSxQ
RHuJOSxQ
RHuJOSxQ
RHuJOSxQ
RHuJOSxQ
RHuJOSxQ
RHuJOSxQ
RHuJOSxQ
PKQfXGecrF,RHuJOSxQ
RHuJOSxQ
RHuJOSxQ
RHuJOSxQ,PKQfXGecrF
RHuJOSxQ
PKQfXGecrF,RHuJOSxQ,PKQfXGecrF
RHuJOSxQ,PKQfXGecrF,RHuJOSxQ
RHuJOSxQ,PKQfXGecrF,RHuJOSxQ
RHuJOSxQ
RHuJOSxQ
PKQfXGecrF,RHuJOSxQ
RHuJOSxQ
RHuJOSxQ
PKQfXGecrF,RHuJOSxQ,ZHpKFZTUPO
PKQfXGecrF,RHuJOSxQ,ZHpKFZTUPO,yVIlQwXlt,yVIlQwXlt
yVIlQwXlt
yVIlQwXlt,PKQfXGecrF,RHuJOSxQ,ZHpKFZTUPO,yVIlQwXlt
yVIlQwXlt,PKQfXGecrF,RHuJOSxQ,yVIlQwXlt
yVIlQwXlt,PKQfXGecrF,RHuJOSxQ,yVIlQwXlt
yVIlQwXlt,PKQfXGecrF,yVIlQwXlt,PKQfXGecrF
RHuJOSxQ
RHuJOSxQ
RHuJOSxQ
PKQfXGecrF,RHuJOSxQ,ZHpKFZTUPO,yVIlQwXlt,ZHpKFZTUPO
PKQfXGecrF,RHuJOSxQ,ZHpKFZTUPO
PKQfXGecrF,RHuJOSxQ,ZHpKFZTUPO
PKQfXGecrF,RHuJOSxQ,ZHpKFZTUPO
PKQfXGecrF,RHuJOSxQ,ZHpKFZTUPO
PKQfXGecrF,RHuJOSxQ,ZHpKFZTUPO,yVIlQwXlt
RHuJOSxQ,ZHpKFZTUPO,yVIlQwXlt
RHuJOSxQ
RHuJOSxQ,ZHpKFZTUPO,yVIlQwXlt
ZHpKFZTUPO
ZHpKFZTUPO
RHuJOSxQ,ZHpKFZTUPO,yVIlQwXlt,PKQfXGecrF
ZHpKFZTUPO
RHuJOSxQ,ZHpKFZTUPO,yVIlQwXlt
RHuJOSxQ,ZHpKFZTUPO,yVIlQwXlt
ZHpKFZTUPO,RHuJOSxQ,yVIlQwXlt
ZHpKFZTUPO
ZHpKFZTUPO,RHuJOSxQ,yVIlQwXlt
ZHpKFZTUPO
RHuJOSxQ
RHuJOSxQ
RHuJOSxQ,yVIlQwXlt,ZHpKFZTUPO,RHuJOSxQ,ZHpKFZTUPO,urLjG,ZHpKFZTUPO
RHuJOSxQ,yVIlQwXlt,ZHpKFZTUPO,RHuJOSxQ,ZHpKFZTUPO,urLjG,ZHpKFZTUPO,yVIlQwXlt,urLjG
RHuJOSxQ
RHuJOSxQ
RHuJOSxQ
RHuJOSxQ
RHuJOSxQ
RHuJOSxQ,yVIlQwXlt,ZHpKFZTUPO,urLjG,RHuJOSxQ,ZHpKFZTUPO,ZHpKFZTUPO,yVIlQwXlt,urLjG
urLjG
RHuJOSxQ,ZHpKFZTUPO,RHuJOSxQ,ZHpKFZTUPO,urLjG,ZHpKFZTUPO,yVIlQwXlt,urLjG
RHuJOSxQ,ZHpKFZTUPO,RHuJOSxQ,ZHpKFZTUPO,urLjG,ZHpKFZTUPO,yVIlQwXlt,urLjG
RHuJOSxQ
RHuJOSxQ
RHuJOSxQ,ZHpKFZTUPO,RHuJOSxQ,ZHpKFZTUPO,urLjG,ZHpKFZTUPO,yVIlQwXlt,urLjG
ZHpKFZTUPO,RHuJOSxQ,ZHpKFZTUPO,urLjG,ZHpKFZTUPO,yVIlQwXlt,urLjG,PKQfXGecrF
RHuJOSxQ,ZHpKFZTUPO,yVIlQwXlt,urLjG,ZHpKFZTUPO,urLjG,PKQfXGecrF,yVIlQwXlt,ZHpKFZTUPO
RHuJOSxQ,yVIlQwXlt,ZHpKFZTUPO,ZHpKFZTUPO,urLjG,PKQfXGecrF,yVIlQwXlt,ZHpKFZTUPO
ZHpKFZTUPO
ZHpKFZTUPO
RHuJOSxQ,yVIlQwXlt,ZHpKFZTUPO,urLjG,ZHpKFZTUPO,urLjG,PKQfXGecrF,yVIlQwXlt,ZHpKFZTUPO
ZHpKFZTUPO
RHuJOSxQ,yVIlQwXlt,ZHpKFZTUPO,urLjG,ZHpKFZTUPO,urLjG,PKQfXGecrF,yVIlQwXlt,ZHpKFZTUPO,urLjG
RHuJOSxQ,yVIlQwXlt,ZHpKFZTUPO,urLjG,ZHpKFZTUPO,urLjG,PKQfXGecrF,yVIlQwXlt,ZHpKFZTUPO,urLjG
RHuJOSxQ,yVIlQwXlt,ZHpKFZTUPO,urLjG,ZHpKFZTUPO,urLjG,PKQfXGecrF,yVIlQwXlt,ZHpKFZTUPO,urLjG,yVIlQwXlt
ZHpKFZTUPO
RHuJOSxQ,yVIlQwXlt,ZHpKFZTUPO,ZHpKFZTUPO,urLjG,PKQfXGecrF,yVIlQwXlt,ZHpKFZTUPO,urLjG
RHuJOSxQ,yVIlQwXlt,ZHpKFZTUPO,ZHpKFZTUPO,urLjG,PKQfXGecrF,yVIlQwXlt,ZHpKFZTUPO,urLjG
ZHpKFZTUPO
ZHpKFZTUPO
ZHpKFZTUPO
ZHpKFZTUPO,ZHpKFZTUPO,urLjG,PKQfXGecrF,yVIlQwXlt,ZHpKFZTUPO,urLjG,ZHpKFZTUPO,PKQfXGecrF
ZHpKFZTUPO
ZHpKFZTUPO
ZHpKFZTUPO,ZHpKFZTUPO,PKQfXGecrF,yVIlQwXlt,ZHpKFZTUPO,urLjG,ZHpKFZTUPO,PKQfXGecrF,PKQfXGecrF,ZHpKFZTUPO,urLjG
ZHpKFZTUPO
ZHpKFZTUPO,ZHpKFZTUPO,urLjG,PKQfXGecrF,yVIlQwXlt,ZHpKFZTUPO,urLjG,ZHpKFZTUPO,PKQfXGecrF,RHuJOSxQ
ZHpKFZTUPO,ZHpKFZTUPO,urLjG,PKQfXGecrF,yVIlQwXlt,ZHpKFZTUPO,urLjG,ZHpKFZTUPO,PKQfXGecrF,RHuJOSxQ
ZHpKFZTUPO,ZHpKFZTUPO,PKQfXGecrF,yVIlQwXlt,ZHpKFZTUPO,urLjG,ZHpKFZTUPO,PKQfXGecrF,ZHpKFZTUPO,RHuJOSxQ
ZHpKFZTUPO
ZHpKFZTUPO
PKQfXGecrF
ZHpKFZTUPO,ZHpKFZTUPO,PKQfXGecrF,yVIlQwXlt,ZHpKFZTUPO,urLjG,ZHpKFZTUPO,PKQfXGecrF,ZHpKFZTUPO,PKQfXGecrF,PKQfXGecrF
PKQfXGecrF
PKQfXGecrF
ZHpKFZTUPO,ZHpKFZTUPO,PKQfXGecrF,yVIlQwXlt,ZHpKFZTUPO,urLjG,ZHpKFZTUPO,PKQfXGecrF,ZHpKFZTUPO,PKQfXGecrF,RHuJOSxQ
PKQfXGecrF
PKQfXGecrF
PKQfXGecrF,ZHpKFZTUPO,urLjG,ZHpKFZTUPO,PKQfXGecrF,ZHpKFZTUPO,PKQfXGecrF,RHuJOSxQ,ZHpKFZTUPO,ZHpKFZTUPO
RHuJOSxQ,PKQfXGecrF,ZHpKFZTUPO,urLjG,ZHpKFZTUPO,PKQfXGecrF,ZHpKFZTUPO,PKQfXGecrF,ZHpKFZTUPO,ZHpKFZTUPO,urLjG,RHuJOSxQ
RHuJOSxQ,PKQfXGecrF,ZHpKFZTUPO,urLjG,ZHpKFZTUPO,PKQfXGecrF,ZHpKFZTUPO,PKQfXGecrF,ZHpKFZTUPO,ZHpKFZTUPO,urLjG,RHuJOSxQ
yVIlQwXlt
ZHpKFZTUPO,ZHpKFZTUPO,PKQfXGecrF,yVIlQwXlt,ZHpKFZTUPO,ZHpKFZTUPO,PKQfXGecrF,ZHpKFZTUPO,PKQfXGecrF
ZHpKFZTUPO,ZHpKFZTUPO,PKQfXGecrF,yVIlQwXlt,ZHpKFZTUPO,ZHpKFZTUPO,PKQfXGecrF,ZHpKFZTUPO,PKQfXGecrF,PKQfXGecrF
ZHpKFZTUPO,ZHpKFZTUPO,PKQfXGecrF,yVIlQwXlt,ZHpKFZTUPO,ZHpKFZTUPO,PKQfXGecrF,ZHpKFZTUPO,PKQfXGecrF,PKQfXGecrF
ZHpKFZTUPO,ZHpKFZTUPO,PKQfXGecrF,yVIlQwXlt,ZHpKFZTUPO,ZHpKFZTUPO,PKQfXGecrF,ZHpKFZTUPO,PKQfXGecrF,PKQfXGecrF
PKQfXGecrF
ZHpKFZTUPO,ZHpKFZTUPO,PKQfXGecrF,ZHpKFZTUPO,PKQfXGecrF,ZHpKFZTUPO,PKQfXGecrF,PKQfXGecrF,ZHpKFZTUPO
ZHpKFZTUPO,ZHpKFZTUPO,PKQfXGecrF,ZHpKFZTUPO,PKQfXGecrF,ZHpKFZTUPO,PKQfXGecrF,PKQfXGecrF,ZHpKFZTUPO
PKQfXGecrF
ZHpKFZTUPO
ZHpKFZTUPO,ZHpKFZTUPO,PKQfXGecrF,yVIlQwXlt,ZHpKFZTUPO,ZHpKFZTUPO,PKQfXGecrF,ZHpKFZTUPO,PKQfXGecrF,PKQfXGecrF
ZHpKFZTUPO,ZHpKFZTUPO,PKQfXGecrF,yVIlQwXlt,ZHpKFZTUPO,ZHpKFZTUPO,PKQfXGecrF,ZHpKFZTUPO,PKQfXGecrF,PKQfXGecrF,yVIlQwXlt
ZHpKFZTUPO
ZHpKFZTUPO,PKQfXGecrF,yVIlQwXlt,ZHpKFZTUPO,ZHpKFZTUPO,ZHpKFZTUPO,PKQfXGecrF,ZHpKFZTUPO,PKQfXGecrF,PKQfXGecrF,yVIlQwXlt
ZHpKFZTUPO
ZHpKFZTUPO,PKQfXGecrF,ZHpKFZTUPO,ZHpKFZTUPO,ZHpKFZTUPO,PKQfXGecrF,ZHpKFZTUPO,PKQfXGecrF,PKQfXGecrF
ZHpKFZTUPO,PKQfXGecrF,ZHpKFZTUPO,ZHpKFZTUPO,ZHpKFZTUPO,PKQfXGecrF,ZHpKFZTUPO,PKQfXGecrF,PKQfXGecrF
ZHpKFZTUPO,PKQfXGecrF,ZHpKFZTUPO,ZHpKFZTUPO,ZHpKFZTUPO,PKQfXGecrF,ZHpKFZTUPO,PKQfXGecrF,PKQfXGecrF
ZHpKFZTUPO,PKQfXGecrF,ZHpKFZTUPO,ZHpKFZTUPO,ZHpKFZTUPO,PKQfXGecrF,ZHpKFZTUPO,PKQfXGecrF,PKQfXGecrF
ZHpKFZTUPO
ZHpKFZTUPO,PKQfXGecrF,ZHpKFZTUPO,ZHpKFZTUPO,ZHpKFZTUPO,PKQfXGecrF,ZHpKFZTUPO,PKQfXGecrF,PKQfXGecrF
ZHpKFZTUPO
ZHpKFZTUPO
ZHpKFZTUPO,ZHpKFZTUPO,ZHpKFZTUPO,ZHpKFZTUPO,PKQfXGecrF,PKQfXGecrF,ZHpKFZTUPO,PKQfXGecrF,PKQfXGecrF
ZHpKFZTUPO
ZHpKFZTUPO
ZHpKFZTUPO
ZHpKFZTUPO,ZHpKFZTUPO,ZHpKFZTUPO,ZHpKFZTUPO,PKQfXGecrF,PKQfXGecrF,ZHpKFZTUPO,PKQfXGecrF,PKQfXGecrF,PKQfXGecrF
ZHpKFZTUPO,ZHpKFZTUPO,ZHpKFZTUPO,ZHpKFZTUPO,PKQfXGecrF,PKQfXGecrF,ZHpKFZTUPO,PKQfXGecrF,PKQfXGecrF
ZHpKFZTUPO
ZHpKFZTUPO,ZHpKFZTUPO,ZHpKFZTUPO,ZHpKFZTUPO,PKQfXGecrF,PKQfXGecrF,ZHpKFZTUPO,PKQfXGecrF,PKQfXGecrF
ZHpKFZTUPO,ZHpKFZTUPO,ZHpKFZTUPO,ZHpKFZTUPO,PKQfXGecrF,PKQfXGecrF,ZHpKFZTUPO,PKQfXGecrF,PKQfXGecrF
ZHpKFZTUPO
ZHpKFZTUPO,ZHpKFZTUPO,ZHpKFZTUPO,ZHpKFZTUPO,PKQfXGecrF,ZHpKFZTUPO,PKQfXGecrF,PKQfXGecrF,ZHpKFZTUPO,yVIlQwXlt
ZHpKFZTUPO,ZHpKFZTUPO,ZHpKFZTUPO,ZHpKFZTUPO,PKQfXGecrF,ZHpKFZTUPO,PKQfXGecrF,PKQfXGecrF,ZHpKFZTUPO,yVIlQwXlt
PKQfXGecrF
ZHpKFZTUPO,ZHpKFZTUPO,ZHpKFZTUPO,ZHpKFZTUPO,PKQfXGecrF,ZHpKFZTUPO,PKQfXGecrF,PKQfXGecrF,ZHpKFZTUPO,yVIlQwXlt
ZHpKFZTUPO,ZHpKFZTUPO,ZHpKFZTUPO,ZHpKFZTUPO,PKQfXGecrF,ZHpKFZTUPO,PKQfXGecrF,PKQfXGecrF,ZHpKFZTUPO,yVIlQwXlt
ZHpKFZTUPO,ZHpKFZTUPO,ZHpKFZTUPO,ZHpKFZTUPO,PKQfXGecrF,ZHpKFZTUPO,PKQfXGecrF,PKQfXGecrF,ZHpKFZTUPO,yVIlQwXlt
ZHpKFZTUPO,ZHpKFZTUPO,ZHpKFZTUPO,ZHpKFZTUPO,PKQfXGecrF,ZHpKFZTUPO,PKQfXGecrF,PKQfXGecrF,ZHpKFZTUPO
PKQfXGecrF
PKQfXGecrF
PKQfXGecrF
ZHpKFZTUPO,ZHpKFZTUPO,ZHpKFZTUPO,ZHpKFZTUPO,ZHpKFZTUPO,PKQfXGecrF,PKQfXGecrF,PKQfXGecrF,ZHpKFZTUPO,yVIlQwXlt
PKQfXGecrF
yVIlQwXlt
ZHpKFZTUPO,ZHpKFZTUPO,ZHpKFZTUPO,ZHpKFZTUPO,ZHpKFZTUPO,PKQfXGecrF,PKQfXGecrF,PKQfXGecrF,ZHpKFZTUPO,yVIlQwXlt,PKQfXGecrF
ZHpKFZTUPO,ZHpKFZTUPO,ZHpKFZTUPO,ZHpKFZTUPO,ZHpKFZTUPO,PKQfXGecrF,PKQfXGecrF,PKQfXGecrF,ZHpKFZTUPO,yVIlQwXlt,PKQfXGecrF
ZHpKFZTUPO,ZHpKFZTUPO,ZHpKFZTUPO,ZHpKFZTUPO,ZHpKFZTUPO,PKQfXGecrF,PKQfXGecrF,PKQfXGecrF,ZHpKFZTUPO,yVIlQwXlt,PKQfXGecrF,PKQfXGecrF,PKQfXGecrF
yVIlQwXlt
ZHpKFZTUPO,ZHpKFZTUPO,ZHpKFZTUPO,ZHpKFZTUPO,ZHpKFZTUPO,ZHpKFZTUPO,PKQfXGecrF,PKQfXGecrF,PKQfXGecrF,urLjG
ZHpKFZTUPO
ZHpKFZTUPO,ZHpKFZTUPO,ZHpKFZTUPO,ZHpKFZTUPO,ZHpKFZTUPO,ZHpKFZTUPO,PKQfXGecrF,PKQfXGecrF,PKQfXGecrF,urLjG
ZHpKFZTUPO,ZHpKFZTUPO,ZHpKFZTUPO,ZHpKFZTUPO,ZHpKFZTUPO,ZHpKFZTUPO,PKQfXGecrF,yVIlQwXlt,PKQfXGecrF,PKQfXGecrF,urLjG
yVIlQwXlt
yVIlQwXlt
PKQfXGecrF
ZHpKFZTUPO,ZHpKFZTUPO,ZHpKFZTUPO,ZHpKFZTUPO,ZHpKFZTUPO,PKQfXGecrF,PKQfXGecrF,PKQfXGecrF,urLjG,urLjG,PKQfXGecrF
ZHpKFZTUPO,ZHpKFZTUPO,ZHpKFZTUPO,ZHpKFZTUPO,PKQfXGecrF,urLjG,ZHpKFZTUPO,PKQfXGecrF,PKQfXGecrF,urLjG,PKQfXGecrF,yVIlQwXlt
ZHpKFZTUPO,ZHpKFZTUPO,ZHpKFZTUPO,ZHpKFZTUPO,PKQfXGecrF,urLjG,ZHpKFZTUPO,PKQfXGecrF,PKQfXGecrF,urLjG,PKQfXGecrF,yVIlQwXlt
ZHpKFZTUPO
ZHpKFZTUPO
ZHpKFZTUPO,ZHpKFZTUPO,ZHpKFZTUPO,ZHpKFZTUPO,PKQfXGecrF,PKQfXGecrF,PKQfXGecrF,urLjG,urLjG,PKQfXGecrF,ZHpKFZTUPO,urLjG
PKQfXGecrF
ZHpKFZTUPO,ZHpKFZTUPO,ZHpKFZTUPO,ZHpKFZTUPO,ZHpKFZTUPO,PKQfXGecrF,PKQfXGecrF,urLjG,urLjG,PKQfXGecrF,ZHpKFZTUPO,urLjG
PKQfXGecrF
ZHpKFZTUPO,ZHpKFZTUPO,ZHpKFZTUPO,ZHpKFZTUPO,ZHpKFZTUPO,PKQfXGecrF,PKQfXGecrF,urLjG,urLjG,PKQfXGecrF,ZHpKFZTUPO,urLjG
PKQfXGecrF
PKQfXGecrF
ZHpKFZTUPO,ZHpKFZTUPO,ZHpKFZTUPO,ZHpKFZTUPO,ZHpKFZTUPO,PKQfXGecrF,PKQfXGecrF,PKQfXGecrF,urLjG,urLjG,PKQfXGecrF,ZHpKFZTUPO,urLjG
Jedi Wagner, assuma o comando!