wguuslmIa
Toque! Toque, Dijê!
Toque! Toque, Dijê!
Toque! Toque, Dijê!
PNA
PNA,hQu,MX,tKqcyfae
MX
MX
MX,PNA,hQu,tKqcyfae
tKqcyfae
tKqcyfae
MX,PNA,hQu,tKqcyfae
tKqcyfae
MX,tKqcyfae,PNA,wguuslmIa,hQu,mzEDssyR
MX,tKqcyfae,PNA,wguuslmIa,hQu,mzEDssyR,PNA
MX,tKqcyfae,PNA,wguuslmIa,hQu,mzEDssyR,PNA
tKqcyfae
tKqcyfae
MX,PNA,tKqcyfae
MX,PNA,tKqcyfae
tKqcyfae
MX,PNA,tKqcyfae
tKqcyfae
KyEXLy
MX
MX
PNA,KyEXLy,MX,tKqcyfae,KyEXLy,mzEDssyR
tKqcyfae
tKqcyfae
tKqcyfae
MX,PNA,tKqcyfae
MX,PNA,tKqcyfae
MX,PNA,tKqcyfae
MX
MX
MX,PNA,tKqcyfae,wguuslmIa
MX,PNA,tKqcyfae
MX
MX
MX
MX
Jedi Wagner, assuma o comando!