Toque! Toque, Dijê!
Z
[vazia]
CM
CM
CM
CM
CM
CM
CM
CM
CM
CM
CM
CM
CM
CM
CM
CM
CM
CM
CM
CM
CM
CM
CM
CM
CM,N
N
N
CM,N,Z,CfgO,HnKEd
CfgO
HnKEd
CM,N,CfgO,HnKEd,Z,CfgO
CfgO
CfgO
HnKEd
CM,N,Z,HnKEd
HnKEd
CM,N,Z,CfgO,HnKEd,CfgO,N
N,Z,CfgO,X,CM,CfgO,N,HnKEd
N,Z,CfgO,X,CM,CfgO,N,HnKEd
N,Z,CfgO,X,CM,CfgO,N,HnKEd,Z
CfgO
CfgO
CfgO
N,Z,CfgO,CfgO,CM,N,HnKEd,N,HnKEd
CfgO
CfgO
CfgO
N,CfgO,X,CM,CfgO,N,HnKEd,kGfkP
HnKEd
N,CfgO,X,CM,CfgO,N,HnKEd,kGfkP,BpaC
N,CfgO,X,CM,CfgO,N,HnKEd,kGfkP,BpaC
BpaC
BpaC
N,CfgO,X,CM,CfgO,N,kGfkP,BpaC,HnKEd
N,CfgO,X,CM,CfgO,N,HnKEd,kGfkP,BpaC,kGfkP
BpaC
kGfkP
N,CfgO,X,CM,CfgO,N,HnKEd,kGfkP,BpaC,kGfkP
N,CfgO,CM,CfgO,N,kGfkP,BpaC,kGfkP,CfgO,Z
N,CfgO,CM,CfgO,N,kGfkP,BpaC,kGfkP,CfgO,Z
N,CfgO,CfgO,N,kGfkP,BpaC,kGfkP,CfgO,BpaC,CfgO
N
N
N
CfgO
CfgO
N
X
X
CfgO
CfgO
CfgO
kGfkP
CfgO
HnKEd
CfgO,N,X,HnKEd,CfgO,N,Z,Z,CM,Z
CfgO,N,X,HnKEd,CfgO,CM,N,Z,Z,Z,HnKEd
CM
Z
Z
Z
Z
Z
CfgO,N,X,HnKEd,CfgO,CM,N,Z,Z,Z,HnKEd
CfgO,N,X,HnKEd,CfgO,CM,N,Z,Z,Z,HnKEd
CfgO,N,X,HnKEd,CfgO,N,Z,Z,Z,HnKEd
Z
Z
Z
Z
HnKEd,CfgO,N,X,Z,N,Z,Z,HnKEd,HnKEd,N
Z
HnKEd,N,X,Z,N,Z,Z,HnKEd,HnKEd,N
HnKEd,CfgO,N,X,Z,N,Z,Z,HnKEd,HnKEd,N
HnKEd,CfgO,N,X,Z,N,Z,Z,HnKEd,HnKEd,N,N
HnKEd,CfgO,N,X,Z,N,Z,Z,HnKEd,HnKEd,N,N
CfgO,N,X,Z,N,Z,Z,HnKEd,HnKEd,N,N,X
HnKEd
CfgO,N,X,N,Z,Z,HnKEd,HnKEd,N,N,X,HnKEd,HnKEd,N
HnKEd
CfgO,N,X,N,Z,Z,HnKEd,HnKEd,N,N,X,HnKEd,HnKEd,kGfkP
HnKEd
CfgO,X,Z,Z,HnKEd,HnKEd,N,N,N,X,HnKEd,HnKEd,kGfkP,BpaC
N
CfgO,N,X,N,Z,Z,HnKEd,HnKEd,N,N,X,HnKEd,HnKEd
N
CfgO,N,X,N,Z,Z,HnKEd,HnKEd,N,N,X,HnKEd,HnKEd
CfgO,N,X,N,Z,Z,HnKEd,HnKEd,N,N,X,HnKEd,HnKEd,CfgO
N
CfgO,N,X,N,Z,Z,HnKEd,HnKEd,N,N,X,HnKEd,HnKEd,CfgO,CM
CfgO,N,X,N,Z,Z,HnKEd,HnKEd,N,N,X,HnKEd,HnKEd,CfgO,CM
N,X,N,Z,HnKEd,HnKEd,N,N,Z,X,HnKEd,HnKEd,CfgO,CM,BpaC,BpaC
N,X,N,Z,HnKEd,N,N,Z,X,HnKEd,HnKEd,CfgO,CM,BpaC,BpaC
CfgO,N,X,N,Z,Z,HnKEd,HnKEd,N,N,X,HnKEd,HnKEd,CfgO
N
N,N,Z,Z,HnKEd,HnKEd,N,N,X,X,HnKEd,HnKEd,CfgO,N,BpaC
X
X
HnKEd
CM
CM
CM
HnKEd
N,N,Z,Z,HnKEd,HnKEd,N,N,X,X,HnKEd,HnKEd,CfgO,N,BpaC,N
CfgO
HnKEd
BpaC
HnKEd
HnKEd
HnKEd
N,N,Z,Z,HnKEd,HnKEd,N,N,X,X,HnKEd,HnKEd,CfgO,N,BpaC,N
N,N,Z,Z,HnKEd,HnKEd,N,N,X,X,HnKEd,HnKEd,CfgO,N,BpaC,N
N,N,Z,Z,HnKEd,HnKEd,N,N,X,X,HnKEd,HnKEd,CfgO,N,BpaC,N
CfgO
N,N,Z,Z,HnKEd,HnKEd,N,N,HnKEd,HnKEd,CfgO,N,BpaC,N,HnKEd
CfgO
N
N
Z,Z,HnKEd,N,N,HnKEd,HnKEd,CfgO,N,N,N,N,HnKEd,HnKEd,N,HnKEd
Z,Z,HnKEd,N,N,HnKEd,HnKEd,CfgO,N,N,N,N,HnKEd,HnKEd,N,HnKEd,kGfkP
Z,Z,HnKEd,N,N,HnKEd,HnKEd,CfgO,N,N,N,N,HnKEd,HnKEd,N,HnKEd,kGfkP
Z,Z,HnKEd,N,N,HnKEd,HnKEd,CfgO,N,N,N,N,HnKEd,HnKEd,N,HnKEd,kGfkP
Z,Z,HnKEd,N,N,HnKEd,HnKEd,CfgO,N,N,N,N,HnKEd,HnKEd,N,HnKEd,kGfkP
Z,Z,HnKEd,N,N,HnKEd,HnKEd,CfgO,N,N,N,N,HnKEd,HnKEd,N,HnKEd
HnKEd
HnKEd
Z,N,N,HnKEd,CfgO,N,N,N,N,HnKEd,HnKEd,HnKEd,N,HnKEd,kGfkP
Z,N,N,HnKEd,N,N,N,N,HnKEd,HnKEd,CfgO,HnKEd,N,HnKEd,kGfkP
HnKEd
HnKEd
Z,Z,HnKEd,N,N,HnKEd,HnKEd,CfgO,N,N,N,N,HnKEd,HnKEd,N,HnKEd,kGfkP,BpaC,Z,CM
Z,Z,HnKEd,N,N,HnKEd,HnKEd,CfgO,N,N,N,N,HnKEd,HnKEd,N,HnKEd,kGfkP,BpaC,Z,CM
HnKEd
Z,Z,HnKEd,N,N,HnKEd,HnKEd,CfgO,N,N,N,N,HnKEd,HnKEd,N,HnKEd,kGfkP,BpaC,Z,CM
Z,Z,HnKEd,N,N,HnKEd,HnKEd,CfgO,N,N,N,N,HnKEd,HnKEd,N,HnKEd,kGfkP
kGfkP
Z,Z,N,HnKEd,HnKEd,N,N,N,N,HnKEd,HnKEd,N,kGfkP,HnKEd,N,HnKEd,CfgO,CfgO,Z,kGfkP,N
Z,Z,N,HnKEd,HnKEd,N,N,N,N,HnKEd,HnKEd,N,kGfkP,HnKEd,N,HnKEd,CfgO,CfgO,Z,kGfkP,N
Z,Z,N,HnKEd,HnKEd,N,N,N,N,HnKEd,HnKEd,N,kGfkP,HnKEd,N,HnKEd,CfgO,CfgO,Z,kGfkP,N
HnKEd
HnKEd
Z,Z,HnKEd,N,N,N,N,HnKEd,HnKEd,N,kGfkP,HnKEd,N,CfgO,HnKEd,N,HnKEd,CfgO,Z,kGfkP,N,kGfkP,kGfkP,CfgO
Z,Z,HnKEd,N,N,N,N,HnKEd,HnKEd,N,kGfkP,HnKEd,N,CfgO,HnKEd,N,HnKEd,CfgO,Z,kGfkP,N,kGfkP,kGfkP,CfgO
Z,Z,HnKEd,N,N,N,N,HnKEd,HnKEd,N,kGfkP,HnKEd,N,HnKEd,N,HnKEd,CfgO,Z,kGfkP,N,kGfkP,kGfkP,CfgO
Z,Z,HnKEd,N,N,N,N,HnKEd,HnKEd,N,kGfkP,HnKEd,N,HnKEd,N,HnKEd,CfgO,Z,kGfkP,N,kGfkP,kGfkP,CfgO
kGfkP
N
N
Z,Z,HnKEd,N,N,N,HnKEd,HnKEd,N,HnKEd,N,kGfkP,CfgO,N,HnKEd,N,HnKEd,Z,kGfkP,N,kGfkP,kGfkP,CfgO,kGfkP
Z,Z,HnKEd,N,N,N,HnKEd,HnKEd,N,HnKEd,N,kGfkP,CfgO,N,HnKEd,N,HnKEd,Z,kGfkP,N,kGfkP,kGfkP,CfgO,kGfkP
Z,Z,HnKEd,N,N,N,HnKEd,HnKEd,N,HnKEd,N,kGfkP,CfgO,N,HnKEd,N,HnKEd,Z,kGfkP,N,kGfkP,kGfkP,CfgO,kGfkP
N
Z,Z,HnKEd,N,N,N,HnKEd,HnKEd,N,HnKEd,N,kGfkP,N,HnKEd,N,HnKEd,Z,kGfkP,N,kGfkP,kGfkP,CfgO,kGfkP,CfgO
Z,HnKEd,N,N,N,HnKEd,HnKEd,N,HnKEd,N,kGfkP,N,HnKEd,N,HnKEd,Z,kGfkP,N,kGfkP,kGfkP,CfgO,kGfkP,CfgO
Jedi Wagner, assuma o comando!