[vazia]
[vazia]
Toque! Toque, Dijê!
[vazia]
FQ
FQ
FQ,FQ
FQ,FQ
FQ
[vazia]
FQ
a
a
a
a
a
a
a,bd
a,bd
a,bd
bd
bd
FQ
FQ
FQ,a,bd,a,bd,FQ,bd,FQ
a
a
a
a
a
bd,a,a,bd,FQ,bd,FQ
bd,a,a,bd,FQ,bd,FQ
bd,a,a,bd,FQ,bd,FQ
bd,a,a,bd,FQ,bd,FQ
a
bd,a,a,bd,FQ,bd,FQ,bd
bd
a
bd,a,bd,FQ,bd,FQ,a,a,bd
FQ
FQ,bd,bd,a,a,bd,a
a
bd,bd,a,a,bd,a
FQ,bd,bd,a,a,bd,a
FQ,bd,bd,a,a,bd,a
a
a
FQ,bd,bd,a,a,bd,a
bd
bd
FQ,bd,bd,a,bd,a,a,a,bd
bd,bd,a,bd,a,FQ,a,a,bd,bd,a
bd,bd,a,bd,a,FQ,a,a,bd,bd,a
a
a
FQ,bd,a,a,bd,a,FQ,bd
bd
bd
bd
a
a,bd,a,FQ,bd,FQ,a,bd
FQ
a,a,a,FQ,bd,bd,bd,FQ
a,a,a,bd,bd,FQ,bd,FQ
a,a,a,bd,bd,FQ,bd,FQ
FQ
a,a,a,bd,bd,FQ,bd,FQ,FQ
a,a,a,bd,bd,FQ,bd,FQ,FQ
bd
a,a,a,bd,bd,FQ,bd,FQ,FQ
a,a,a,bd,bd,FQ,bd,FQ,FQ
a,a,a,bd,bd,bd,FQ,FQ,FQ,a
a,a,a,bd,bd,bd,FQ,FQ,FQ,a
FQ
FQ
FQ
FQ
FQ
a,bd,bd,a,FQ,FQ,a,FQ,FQ
a,bd,bd,bd,a,FQ,FQ,a,FQ,FQ,FQ,bd
a,bd,bd,bd,a,FQ,FQ,a,FQ,FQ,FQ,bd
a
a
a,bd,bd,bd,a,FQ,FQ,a,FQ,FQ,FQ,bd
a,bd,bd,bd,a,FQ,FQ,a,FQ,FQ,FQ,bd
a
a,bd,bd,bd,a,FQ,FQ,a,FQ,FQ,FQ,bd
a
a,bd,bd,bd,a,FQ,a,FQ,FQ,FQ,bd
a,bd,bd,bd,a,FQ,a,FQ,FQ,FQ,bd
a,bd,bd,bd,a,FQ,a,FQ,FQ,FQ,bd,a
a,bd,bd,bd,a,FQ,a,FQ,FQ,FQ,bd,a
a,bd,bd,bd,a,FQ,a,FQ,FQ,FQ,bd,a
Jedi Wagner, assuma o comando!