[vazia]
Toque! Toque, Dijê!
wDrmxNBPyg,wDrmxNBPyg,plEMIKde
wDrmxNBPyg,wDrmxNBPyg,plEMIKde
wDrmxNBPyg
wDrmxNBPyg
wDrmxNBPyg,wDrmxNBPyg,plEMIKde,ndsgGnRr,ndsgGnRr,plEMIKde
wDrmxNBPyg,wDrmxNBPyg,plEMIKde,ndsgGnRr,ndsgGnRr,plEMIKde
wDrmxNBPyg,wDrmxNBPyg,plEMIKde,ndsgGnRr,ndsgGnRr,plEMIKde
wDrmxNBPyg,wDrmxNBPyg,plEMIKde,ndsgGnRr,ndsgGnRr,plEMIKde
plEMIKde
plEMIKde
wDrmxNBPyg,wDrmxNBPyg,plEMIKde,ndsgGnRr,ndsgGnRr,plEMIKde
wDrmxNBPyg,wDrmxNBPyg,plEMIKde,ndsgGnRr,ndsgGnRr,plEMIKde,plEMIKde,ndsgGnRr
plEMIKde
ndsgGnRr
ndsgGnRr
wDrmxNBPyg,wDrmxNBPyg,ndsgGnRr,ndsgGnRr,plEMIKde,wDrmxNBPyg
wDrmxNBPyg
wDrmxNBPyg,ndsgGnRr,wDrmxNBPyg,ndsgGnRr,plEMIKde,wDrmxNBPyg
wDrmxNBPyg,wDrmxNBPyg,plEMIKde,plEMIKde
plEMIKde
wDrmxNBPyg,plEMIKde,plEMIKde,ndsgGnRr,QypyG
wDrmxNBPyg,plEMIKde,plEMIKde,ndsgGnRr,QypyG
plEMIKde
plEMIKde
plEMIKde
wDrmxNBPyg,ndsgGnRr,plEMIKde,RHYqKRotS,QypyG
wDrmxNBPyg,ndsgGnRr,plEMIKde,RHYqKRotS,QypyG
ndsgGnRr,plEMIKde,RHYqKRotS,QypyG
wDrmxNBPyg,plEMIKde,RHYqKRotS,ndsgGnRr,QypyG
wDrmxNBPyg,plEMIKde,RHYqKRotS,ndsgGnRr
wDrmxNBPyg,plEMIKde,RHYqKRotS,ndsgGnRr
wDrmxNBPyg,plEMIKde,RHYqKRotS,ndsgGnRr
ndsgGnRr
ndsgGnRr
ndsgGnRr
ndsgGnRr
wDrmxNBPyg,plEMIKde,RHYqKRotS,ndsgGnRr,QypyG
plEMIKde,QypyG,RHYqKRotS,RHYqKRotS
QypyG
plEMIKde,QypyG,RHYqKRotS,RHYqKRotS
RHYqKRotS
plEMIKde,QypyG,RHYqKRotS,RHYqKRotS,ndsgGnRr,plEMIKde
plEMIKde,QypyG,RHYqKRotS,RHYqKRotS,ndsgGnRr,plEMIKde
QypyG,RHYqKRotS,RHYqKRotS,ndsgGnRr,plEMIKde
plEMIKde
RHYqKRotS
QypyG,RHYqKRotS,RHYqKRotS,ndsgGnRr,wDrmxNBPyg,plEMIKde,plEMIKde,wDrmxNBPyg
QypyG,RHYqKRotS,ndsgGnRr,RHYqKRotS,wDrmxNBPyg,plEMIKde,plEMIKde,wDrmxNBPyg
RHYqKRotS
QypyG,RHYqKRotS,RHYqKRotS,ndsgGnRr,plEMIKde,plEMIKde,wDrmxNBPyg
wDrmxNBPyg
ndsgGnRr,RHYqKRotS,RHYqKRotS,wDrmxNBPyg
ndsgGnRr,RHYqKRotS,RHYqKRotS,wDrmxNBPyg,RHYqKRotS
ndsgGnRr,RHYqKRotS,RHYqKRotS,wDrmxNBPyg,RHYqKRotS
wDrmxNBPyg
RHYqKRotS
plEMIKde
QypyG,ndsgGnRr,RHYqKRotS,RHYqKRotS,plEMIKde,wDrmxNBPyg
RHYqKRotS,RHYqKRotS,plEMIKde,wDrmxNBPyg,RHYqKRotS,plEMIKde,wDrmxNBPyg
plEMIKde
plEMIKde
plEMIKde
wDrmxNBPyg
wDrmxNBPyg
RHYqKRotS,RHYqKRotS,wDrmxNBPyg,plEMIKde,RHYqKRotS,plEMIKde,wDrmxNBPyg
wDrmxNBPyg
RHYqKRotS,RHYqKRotS,wDrmxNBPyg,plEMIKde,RHYqKRotS,plEMIKde,wDrmxNBPyg
wDrmxNBPyg
QypyG,ndsgGnRr,RHYqKRotS,RHYqKRotS,plEMIKde,wDrmxNBPyg
wDrmxNBPyg
wDrmxNBPyg
QypyG,ndsgGnRr,RHYqKRotS,RHYqKRotS,plEMIKde,wDrmxNBPyg
QypyG,ndsgGnRr,RHYqKRotS,RHYqKRotS,plEMIKde,wDrmxNBPyg,plEMIKde
ndsgGnRr,RHYqKRotS,RHYqKRotS,wDrmxNBPyg,plEMIKde,wDrmxNBPyg
ndsgGnRr,RHYqKRotS,RHYqKRotS,wDrmxNBPyg,plEMIKde,wDrmxNBPyg
wDrmxNBPyg
ndsgGnRr,RHYqKRotS,RHYqKRotS,wDrmxNBPyg,plEMIKde,wDrmxNBPyg,QypyG
ndsgGnRr,RHYqKRotS,RHYqKRotS,wDrmxNBPyg,plEMIKde,wDrmxNBPyg,QypyG,ndsgGnRr
RHYqKRotS
plEMIKde
plEMIKde
plEMIKde
plEMIKde
ndsgGnRr,RHYqKRotS,RHYqKRotS,plEMIKde,wDrmxNBPyg,QypyG,wDrmxNBPyg,QypyG,wDrmxNBPyg,wDrmxNBPyg,wDrmxNBPyg,wDrmxNBPyg
ndsgGnRr,RHYqKRotS,RHYqKRotS,plEMIKde,wDrmxNBPyg,QypyG,wDrmxNBPyg,QypyG,wDrmxNBPyg,wDrmxNBPyg,wDrmxNBPyg,wDrmxNBPyg
ndsgGnRr,RHYqKRotS,RHYqKRotS,plEMIKde,QypyG,wDrmxNBPyg,wDrmxNBPyg,QypyG,wDrmxNBPyg,wDrmxNBPyg,wDrmxNBPyg,wDrmxNBPyg,wDrmxNBPyg
ndsgGnRr,RHYqKRotS,RHYqKRotS,plEMIKde,QypyG,wDrmxNBPyg,wDrmxNBPyg,QypyG,wDrmxNBPyg,wDrmxNBPyg,wDrmxNBPyg,wDrmxNBPyg,wDrmxNBPyg
ndsgGnRr,RHYqKRotS,RHYqKRotS,plEMIKde,wDrmxNBPyg,wDrmxNBPyg,QypyG,wDrmxNBPyg,wDrmxNBPyg,wDrmxNBPyg,wDrmxNBPyg,wDrmxNBPyg
ndsgGnRr,RHYqKRotS,plEMIKde,wDrmxNBPyg,wDrmxNBPyg,QypyG,wDrmxNBPyg,wDrmxNBPyg,wDrmxNBPyg,wDrmxNBPyg,wDrmxNBPyg
plEMIKde
ndsgGnRr,RHYqKRotS,RHYqKRotS,plEMIKde,QypyG,wDrmxNBPyg,QypyG,wDrmxNBPyg,wDrmxNBPyg,wDrmxNBPyg,wDrmxNBPyg,wDrmxNBPyg
QypyG
wDrmxNBPyg
ndsgGnRr,RHYqKRotS,RHYqKRotS,plEMIKde,QypyG,wDrmxNBPyg,QypyG,wDrmxNBPyg,wDrmxNBPyg,wDrmxNBPyg,wDrmxNBPyg,wDrmxNBPyg,QypyG,wDrmxNBPyg
ndsgGnRr,RHYqKRotS,RHYqKRotS,plEMIKde,QypyG,wDrmxNBPyg,QypyG,wDrmxNBPyg,wDrmxNBPyg,wDrmxNBPyg,wDrmxNBPyg,wDrmxNBPyg,QypyG,wDrmxNBPyg,plEMIKde
QypyG
QypyG
ndsgGnRr,RHYqKRotS,QypyG,plEMIKde,QypyG,wDrmxNBPyg,wDrmxNBPyg,wDrmxNBPyg,wDrmxNBPyg,wDrmxNBPyg,QypyG,wDrmxNBPyg,plEMIKde,ndsgGnRr
QypyG
wDrmxNBPyg
ndsgGnRr,RHYqKRotS,QypyG,plEMIKde,QypyG,wDrmxNBPyg,wDrmxNBPyg,wDrmxNBPyg,wDrmxNBPyg,wDrmxNBPyg,QypyG,wDrmxNBPyg,plEMIKde,ndsgGnRr
ndsgGnRr,RHYqKRotS,QypyG,plEMIKde,QypyG,wDrmxNBPyg,wDrmxNBPyg,wDrmxNBPyg,wDrmxNBPyg,wDrmxNBPyg,QypyG,wDrmxNBPyg,plEMIKde,ndsgGnRr
RHYqKRotS,QypyG,plEMIKde,QypyG,wDrmxNBPyg,wDrmxNBPyg,wDrmxNBPyg,wDrmxNBPyg,QypyG,wDrmxNBPyg,plEMIKde,ndsgGnRr,QypyG
wDrmxNBPyg
ndsgGnRr,RHYqKRotS,QypyG,plEMIKde,QypyG,wDrmxNBPyg,wDrmxNBPyg,wDrmxNBPyg,wDrmxNBPyg,QypyG,wDrmxNBPyg,plEMIKde,ndsgGnRr,QypyG
wDrmxNBPyg
wDrmxNBPyg
ndsgGnRr
ndsgGnRr
RHYqKRotS,QypyG,plEMIKde,QypyG,wDrmxNBPyg,wDrmxNBPyg,QypyG,wDrmxNBPyg,ndsgGnRr,wDrmxNBPyg,plEMIKde,ndsgGnRr,QypyG,QypyG,plEMIKde,wDrmxNBPyg
ndsgGnRr
QypyG
plEMIKde,wDrmxNBPyg,wDrmxNBPyg,ndsgGnRr,QypyG,QypyG,wDrmxNBPyg,wDrmxNBPyg,plEMIKde,ndsgGnRr,QypyG,QypyG,plEMIKde,wDrmxNBPyg,wDrmxNBPyg,plEMIKde,plEMIKde
wDrmxNBPyg
wDrmxNBPyg
ndsgGnRr,RHYqKRotS,QypyG,plEMIKde,QypyG,wDrmxNBPyg,wDrmxNBPyg,wDrmxNBPyg,wDrmxNBPyg,QypyG,wDrmxNBPyg,plEMIKde,ndsgGnRr,QypyG,QypyG
ndsgGnRr,RHYqKRotS,QypyG,plEMIKde,QypyG,wDrmxNBPyg,wDrmxNBPyg,wDrmxNBPyg,QypyG,wDrmxNBPyg,wDrmxNBPyg,plEMIKde,ndsgGnRr,QypyG,QypyG,wDrmxNBPyg,ndsgGnRr
ndsgGnRr,RHYqKRotS,QypyG,QypyG,wDrmxNBPyg,wDrmxNBPyg,wDrmxNBPyg,QypyG,wDrmxNBPyg,wDrmxNBPyg,plEMIKde,ndsgGnRr,QypyG,QypyG,wDrmxNBPyg,ndsgGnRr
QypyG
ndsgGnRr,RHYqKRotS,QypyG,plEMIKde,QypyG,wDrmxNBPyg,wDrmxNBPyg,wDrmxNBPyg,wDrmxNBPyg,QypyG,wDrmxNBPyg,plEMIKde,ndsgGnRr,QypyG,QypyG
QypyG
QypyG
QypyG
QypyG
QypyG
ndsgGnRr
ndsgGnRr
QypyG,QypyG,wDrmxNBPyg,QypyG,ndsgGnRr,wDrmxNBPyg,wDrmxNBPyg,wDrmxNBPyg,ndsgGnRr,QypyG,QypyG,QypyG,wDrmxNBPyg,ndsgGnRr
QypyG,QypyG,wDrmxNBPyg,QypyG,ndsgGnRr,wDrmxNBPyg,wDrmxNBPyg,wDrmxNBPyg,ndsgGnRr,QypyG,QypyG,QypyG,wDrmxNBPyg,ndsgGnRr
ndsgGnRr
ndsgGnRr
QypyG,QypyG,wDrmxNBPyg,QypyG,ndsgGnRr,wDrmxNBPyg,wDrmxNBPyg,wDrmxNBPyg,ndsgGnRr,QypyG,QypyG,QypyG,wDrmxNBPyg,ndsgGnRr
QypyG,QypyG,wDrmxNBPyg,QypyG,ndsgGnRr,wDrmxNBPyg,wDrmxNBPyg,wDrmxNBPyg,ndsgGnRr,QypyG,QypyG,QypyG,wDrmxNBPyg,ndsgGnRr,ndsgGnRr
wDrmxNBPyg
QypyG,QypyG,ndsgGnRr,wDrmxNBPyg,wDrmxNBPyg,wDrmxNBPyg,ndsgGnRr,QypyG,QypyG,QypyG,wDrmxNBPyg,ndsgGnRr,ndsgGnRr,ndsgGnRr
wDrmxNBPyg
wDrmxNBPyg
QypyG,ndsgGnRr,wDrmxNBPyg,QypyG,wDrmxNBPyg,wDrmxNBPyg,ndsgGnRr,QypyG,QypyG,QypyG,wDrmxNBPyg,ndsgGnRr,ndsgGnRr,ndsgGnRr,RHYqKRotS,RHYqKRotS
QypyG,ndsgGnRr,wDrmxNBPyg,QypyG,wDrmxNBPyg,wDrmxNBPyg,ndsgGnRr,QypyG,QypyG,QypyG,wDrmxNBPyg,ndsgGnRr,ndsgGnRr,ndsgGnRr,RHYqKRotS,RHYqKRotS
QypyG,QypyG,wDrmxNBPyg,QypyG,ndsgGnRr,wDrmxNBPyg,wDrmxNBPyg,wDrmxNBPyg,ndsgGnRr,QypyG,QypyG,QypyG,wDrmxNBPyg,ndsgGnRr,ndsgGnRr
wDrmxNBPyg,QypyG,ndsgGnRr,wDrmxNBPyg,QypyG,QypyG,wDrmxNBPyg,wDrmxNBPyg,ndsgGnRr,QypyG,QypyG,QypyG,wDrmxNBPyg,ndsgGnRr,ndsgGnRr
QypyG,QypyG,wDrmxNBPyg,QypyG,ndsgGnRr,wDrmxNBPyg,wDrmxNBPyg,wDrmxNBPyg,ndsgGnRr,QypyG,QypyG,QypyG,wDrmxNBPyg,ndsgGnRr,ndsgGnRr
wDrmxNBPyg
wDrmxNBPyg
wDrmxNBPyg
QypyG,wDrmxNBPyg,QypyG,ndsgGnRr,wDrmxNBPyg,QypyG,wDrmxNBPyg,wDrmxNBPyg,ndsgGnRr,QypyG,QypyG,QypyG,wDrmxNBPyg,ndsgGnRr,ndsgGnRr,QypyG,RHYqKRotS
QypyG,QypyG,QypyG,ndsgGnRr,wDrmxNBPyg,wDrmxNBPyg,wDrmxNBPyg,wDrmxNBPyg,ndsgGnRr,QypyG,QypyG,QypyG,wDrmxNBPyg,ndsgGnRr,ndsgGnRr
QypyG,QypyG,QypyG,ndsgGnRr,wDrmxNBPyg,wDrmxNBPyg,wDrmxNBPyg,wDrmxNBPyg,ndsgGnRr,QypyG,QypyG,QypyG,wDrmxNBPyg,ndsgGnRr,ndsgGnRr
wDrmxNBPyg
wDrmxNBPyg
QypyG,QypyG,wDrmxNBPyg,QypyG,ndsgGnRr,wDrmxNBPyg,wDrmxNBPyg,wDrmxNBPyg,ndsgGnRr,QypyG,QypyG,QypyG,wDrmxNBPyg,ndsgGnRr,ndsgGnRr
wDrmxNBPyg
QypyG,QypyG,wDrmxNBPyg,QypyG,ndsgGnRr,wDrmxNBPyg,wDrmxNBPyg,wDrmxNBPyg,ndsgGnRr,QypyG,QypyG,QypyG,wDrmxNBPyg,ndsgGnRr,ndsgGnRr
wDrmxNBPyg
QypyG,wDrmxNBPyg,QypyG,ndsgGnRr,wDrmxNBPyg,wDrmxNBPyg,QypyG,wDrmxNBPyg,ndsgGnRr,QypyG,QypyG,QypyG,wDrmxNBPyg,ndsgGnRr,ndsgGnRr
wDrmxNBPyg
QypyG,QypyG,wDrmxNBPyg,QypyG,ndsgGnRr,wDrmxNBPyg,wDrmxNBPyg,wDrmxNBPyg,ndsgGnRr,QypyG,QypyG,QypyG,wDrmxNBPyg,ndsgGnRr,ndsgGnRr
Jedi Wagner, assuma o comando!