Toque! Toque, Dijê!
Toque! Toque, Dijê!
[vazia]
[vazia]
YDCQPmm
Wiu
Wiu,GLWObc
[vazia]
Toque! Toque, Dijê!
Toque! Toque, Dijê!
Toque! Toque, Dijê!
ImutXM,peC
ImutXM,peC,GLWObc
peC
peC
peC
peC,ImutXM,GLWObc,GLWObc
peC,ImutXM,GLWObc,GLWObc
Toque! Toque, Dijê!
Toque! Toque, Dijê!
Toque! Toque, Dijê!
[vazia]
[vazia]
[vazia]
Toque! Toque, Dijê!
[vazia]
YDCQPmm
YDCQPmm
YDCQPmm
YDCQPmm
YDCQPmm
YDCQPmm
YDCQPmm
YDCQPmm
YDCQPmm
YDCQPmm
YDCQPmm
YDCQPmm
YDCQPmm
[vazia]
[vazia]
[vazia]
[vazia]
[vazia]
Toque! Toque, Dijê!
Toque! Toque, Dijê!
peC,GLWObc
peC
Toque! Toque, Dijê!
Toque! Toque, Dijê!
YDCQPmm
YDCQPmm
YDCQPmm
YDCQPmm
YDCQPmm,rv,peC
YDCQPmm,rv,peC,GLWObc
YDCQPmm,rv,peC,GLWObc
YDCQPmm,rv,peC
rv
YDCQPmm,rv,peC,ImutXM
YDCQPmm,rv,peC,ImutXM
YDCQPmm,rv,peC,ImutXM
YDCQPmm,rv,peC
rv
rv,YDCQPmm,peC,ImutXM,wX
rv,peC,ImutXM,wX,wX,GLWObc
rv,peC,ImutXM,wX,wX,GLWObc,Eqhqi
wX
rv,YDCQPmm,ImutXM,wX,YDCQPmm,wX,peC,wX
YDCQPmm
rv
rv,YDCQPmm,peC,ImutXM,wX,wX,YDCQPmm
YDCQPmm
YDCQPmm,rv,peC,ImutXM,wX,wX,YDCQPmm
YDCQPmm,rv,peC,ImutXM,wX,wX,YDCQPmm
rv
rv
ImutXM
rv
YDCQPmm
YDCQPmm
YDCQPmm
ImutXM,rv,YDCQPmm,peC,wX,YDCQPmm,peC,YDCQPmm,VLURw,ImutXM,YDCQPmm,Eqhqi,GLWObc,Eqhqi
ImutXM,rv,YDCQPmm,peC,wX,YDCQPmm,peC,YDCQPmm,VLURw,ImutXM,YDCQPmm,Eqhqi,GLWObc,Eqhqi
ImutXM,rv,YDCQPmm,peC,wX,YDCQPmm,peC,YDCQPmm,VLURw,ImutXM,YDCQPmm,Eqhqi,GLWObc,GLWObc
YDCQPmm
YDCQPmm
YDCQPmm
ImutXM,rv,YDCQPmm,peC,wX,YDCQPmm,peC,YDCQPmm,VLURw,ImutXM,YDCQPmm
ImutXM,rv,YDCQPmm,peC,wX,YDCQPmm,peC,YDCQPmm,VLURw,ImutXM,YDCQPmm
ImutXM,rv,peC,YDCQPmm,wX,YDCQPmm,peC,YDCQPmm,VLURw,ImutXM,YDCQPmm
YDCQPmm
ImutXM,rv,YDCQPmm,peC,wX,YDCQPmm,peC,YDCQPmm,VLURw,ImutXM,YDCQPmm,Wiu
ImutXM,rv,YDCQPmm,peC,wX,YDCQPmm,peC,YDCQPmm,VLURw,ImutXM,YDCQPmm,Wiu
ImutXM,rv,YDCQPmm,peC,wX,YDCQPmm,peC,YDCQPmm,VLURw,ImutXM,YDCQPmm,Wiu
YDCQPmm
YDCQPmm
YDCQPmm
YDCQPmm
YDCQPmm
rv,YDCQPmm,ImutXM,wX,YDCQPmm,peC,YDCQPmm,VLURw,ImutXM,YDCQPmm,peC,ImutXM
wX
wX
rv,YDCQPmm,ImutXM,wX,YDCQPmm,peC,YDCQPmm,VLURw,ImutXM,YDCQPmm,peC,ImutXM,rv
wX
YDCQPmm
rv,YDCQPmm,ImutXM,YDCQPmm,peC,YDCQPmm,VLURw,ImutXM,YDCQPmm,peC,wX,peC
YDCQPmm
YDCQPmm
YDCQPmm
rv,YDCQPmm,ImutXM,YDCQPmm,peC,YDCQPmm,ImutXM,YDCQPmm,peC,wX,peC,YDCQPmm
YDCQPmm
YDCQPmm
YDCQPmm
rv,YDCQPmm,ImutXM,YDCQPmm,peC,YDCQPmm,VLURw,ImutXM,YDCQPmm,peC,wX,peC
YDCQPmm
rv,YDCQPmm,ImutXM,YDCQPmm,peC,YDCQPmm,wX,VLURw,ImutXM,YDCQPmm,peC,peC,VLURw,wX,peC
YDCQPmm,ImutXM,YDCQPmm,peC,YDCQPmm,rv,wX,VLURw,ImutXM,YDCQPmm,peC,peC,VLURw,wX,peC,VLURw
YDCQPmm
YDCQPmm,YDCQPmm,peC,YDCQPmm,rv,wX,VLURw,ImutXM,YDCQPmm,peC,peC,VLURw,wX,peC,VLURw
YDCQPmm,YDCQPmm,peC,wX,ImutXM,YDCQPmm,rv,VLURw,YDCQPmm,peC,peC,VLURw,wX,peC,VLURw
YDCQPmm
YDCQPmm
rv,YDCQPmm,ImutXM,YDCQPmm,peC,YDCQPmm,VLURw,ImutXM,YDCQPmm,peC,wX,peC
rv,YDCQPmm,ImutXM,YDCQPmm,YDCQPmm,VLURw,ImutXM,YDCQPmm,peC,wX,peC
rv,YDCQPmm,ImutXM,YDCQPmm,YDCQPmm,VLURw,ImutXM,YDCQPmm,peC,wX,peC
rv,ImutXM,YDCQPmm,YDCQPmm,VLURw,ImutXM,YDCQPmm,peC,wX,peC
YDCQPmm
YDCQPmm
rv,ImutXM,YDCQPmm,VLURw,ImutXM,YDCQPmm,peC
rv,ImutXM,YDCQPmm,VLURw,ImutXM,YDCQPmm,YDCQPmm,Eqhqi
YDCQPmm
YDCQPmm
rv,YDCQPmm,peC,YDCQPmm,YDCQPmm,VLURw,ImutXM,YDCQPmm,peC,wX,peC,YDCQPmm
YDCQPmm
rv,YDCQPmm,peC,YDCQPmm,YDCQPmm,VLURw,ImutXM,YDCQPmm,peC,wX,peC,YDCQPmm
rv,YDCQPmm,wX,YDCQPmm,YDCQPmm,VLURw,ImutXM,YDCQPmm,peC,peC
rv,YDCQPmm,wX,YDCQPmm,YDCQPmm,VLURw,ImutXM,YDCQPmm,peC,peC
YDCQPmm
rv,YDCQPmm,wX,YDCQPmm,YDCQPmm,VLURw,ImutXM,YDCQPmm,peC,peC
rv,YDCQPmm,ImutXM,YDCQPmm,peC,YDCQPmm,VLURw,ImutXM,YDCQPmm,peC,wX,peC
rv,YDCQPmm,peC,YDCQPmm,ImutXM,YDCQPmm,peC,wX,peC,VLURw
rv,YDCQPmm,peC,YDCQPmm,ImutXM,YDCQPmm,peC,wX,peC,VLURw
rv,YDCQPmm,YDCQPmm,peC,YDCQPmm,ImutXM,VLURw,ImutXM,YDCQPmm,peC,peC,rv,VLURw,Wiu,YDCQPmm
rv,YDCQPmm,YDCQPmm,peC,YDCQPmm,ImutXM,VLURw,ImutXM,YDCQPmm,peC,peC,rv,VLURw,Wiu,YDCQPmm,GLWObc
rv,YDCQPmm,YDCQPmm,peC,YDCQPmm,ImutXM,VLURw,ImutXM,YDCQPmm,peC,peC,rv,VLURw,Wiu,YDCQPmm,GLWObc
YDCQPmm,peC,YDCQPmm,ImutXM,YDCQPmm,rv,VLURw,ImutXM,YDCQPmm,peC,peC,rv,VLURw,YDCQPmm,GLWObc
YDCQPmm
YDCQPmm
rv,YDCQPmm,YDCQPmm,peC,VLURw,ImutXM,YDCQPmm,peC,wX,peC,wX,Wiu
rv,YDCQPmm,peC,VLURw,ImutXM,YDCQPmm,peC,wX,peC,wX,Wiu
rv,YDCQPmm,peC,VLURw,ImutXM,YDCQPmm,peC,wX,peC,wX,Wiu
rv,YDCQPmm,peC,VLURw,ImutXM,YDCQPmm,peC,wX,peC,wX,Wiu
VLURw
YDCQPmm,VLURw,rv,ImutXM,YDCQPmm,peC,wX,peC,wX,Wiu,GLWObc
VLURw
YDCQPmm,peC,VLURw,rv,ImutXM,YDCQPmm,peC,wX,peC,wX,Wiu
YDCQPmm,peC,VLURw,rv,ImutXM,YDCQPmm,peC,wX,peC,wX,Wiu
YDCQPmm,VLURw,wX,rv,YDCQPmm,peC,peC,GLWObc
YDCQPmm,VLURw,wX,rv,YDCQPmm,peC,peC,GLWObc
VLURw
YDCQPmm,VLURw,wX,Wiu,rv,YDCQPmm,peC,peC,GLWObc,YDCQPmm,rv
YDCQPmm,VLURw,Wiu,wX,rv,YDCQPmm,peC,peC,GLWObc,YDCQPmm,rv,rv
VLURw
VLURw,Wiu,wX,rv,YDCQPmm,peC,peC,GLWObc,YDCQPmm,rv
Jedi Wagner, assuma o comando!