Toque! Toque, Dijê!
Toque! Toque, Dijê!
[vazia]
Toque! Toque, Dijê!
Toque! Toque, Dijê!
[vazia]
Toque! Toque, Dijê!
[vazia]
Toque! Toque, Dijê!
[vazia]
ScdCCy
[vazia]
Toque! Toque, Dijê!
Toque! Toque, Dijê!
ScdCCy
avR
Toque! Toque, Dijê!
[vazia]
[vazia]
[vazia]
Toque! Toque, Dijê!
Toque! Toque, Dijê!
KJwxyAQ
ScdCCy,KJwxyAQ
ScdCCy
ScdCCy
ScdCCy
ScdCCy
ScdCCy,KJwxyAQ
ScdCCy
ScdCCy,KJwxyAQ
ScdCCy,KJwxyAQ
ScdCCy
ScdCCy
ScdCCy,ScdCCy,avR
ScdCCy,ScdCCy,avR
ScdCCy
ScdCCy,ScdCCy,avR,KJwxyAQ
ScdCCy
ScdCCy
ScdCCy
ScdCCy,KJwxyAQ,avR
ScdCCy
ScdCCy,KJwxyAQ,avR
ScdCCy
ScdCCy
ScdCCy,ScdCCy,KJwxyAQ,avR,KJwxyAQ,avR
ScdCCy
ScdCCy,ScdCCy,KJwxyAQ,avR,KJwxyAQ
ScdCCy
ScdCCy,ScdCCy,KJwxyAQ,KJwxyAQ
KJwxyAQ
KJwxyAQ,ScdCCy,avR,KJwxyAQ
ScdCCy,KJwxyAQ
KJwxyAQ
KJwxyAQ,avR
KJwxyAQ
KJwxyAQ,avR
KJwxyAQ,avR
ScdCCy
ScdCCy,KJwxyAQ,avR
KJwxyAQ,ScdCCy,avR
ScdCCy,ScdCCy
ScdCCy
ScdCCy,KJwxyAQ
ScdCCy,KJwxyAQ
ScdCCy
[vazia]
ScdCCy
ScdCCy
ScdCCy
ScdCCy
ScdCCy
ScdCCy
ScdCCy
Toque! Toque, Dijê!
avR,ScdCCy
avR,ScdCCy
avR
avR,KJwxyAQ
ScdCCy,KJwxyAQ
ScdCCy
KJwxyAQ
KJwxyAQ,ScdCCy
KJwxyAQ,ScdCCy,avR
KJwxyAQ,ScdCCy,avR
KJwxyAQ,avR,ScdCCy
KJwxyAQ
KJwxyAQ
ScdCCy,KJwxyAQ,KJwxyAQ,avR,ScdCCy
KJwxyAQ
ScdCCy,KJwxyAQ,KJwxyAQ,avR,ScdCCy
KJwxyAQ
KJwxyAQ
KJwxyAQ,KJwxyAQ,avR,ScdCCy,ScdCCy
KJwxyAQ,KJwxyAQ,avR,ScdCCy,ScdCCy
KJwxyAQ,KJwxyAQ,avR,ScdCCy,ScdCCy
avR,KJwxyAQ,KJwxyAQ,ScdCCy,ScdCCy
avR,KJwxyAQ,KJwxyAQ,ScdCCy,KJwxyAQ,avR
avR,KJwxyAQ,KJwxyAQ,ScdCCy,KJwxyAQ,avR
KJwxyAQ
KJwxyAQ
KJwxyAQ
KJwxyAQ,KJwxyAQ,avR,ScdCCy,KJwxyAQ,avR,ScdCCy,KJwxyAQ,KJwxyAQ,ScdCCy
avR,KJwxyAQ,KJwxyAQ,ScdCCy,KJwxyAQ,avR,ScdCCy,KJwxyAQ,KJwxyAQ,ScdCCy
avR
KJwxyAQ,KJwxyAQ,avR,ScdCCy,KJwxyAQ,avR,ScdCCy,KJwxyAQ,KJwxyAQ,ScdCCy,KJwxyAQ,KJwxyAQ
ScdCCy
ScdCCy
ScdCCy
avR
ScdCCy,KJwxyAQ,KJwxyAQ,ScdCCy,KJwxyAQ,KJwxyAQ,ScdCCy,KJwxyAQ,ScdCCy
KJwxyAQ
KJwxyAQ,ScdCCy,KJwxyAQ,ScdCCy,KJwxyAQ,KJwxyAQ,ScdCCy,KJwxyAQ,ScdCCy,ScdCCy
KJwxyAQ,ScdCCy,KJwxyAQ,ScdCCy,KJwxyAQ,KJwxyAQ,ScdCCy,KJwxyAQ,ScdCCy,ScdCCy
KJwxyAQ,KJwxyAQ,avR,ScdCCy,KJwxyAQ,avR,ScdCCy,KJwxyAQ,KJwxyAQ,ScdCCy,KJwxyAQ,KJwxyAQ
avR
KJwxyAQ,KJwxyAQ,avR,ScdCCy,KJwxyAQ,avR,ScdCCy,KJwxyAQ,KJwxyAQ,ScdCCy,KJwxyAQ,KJwxyAQ
avR
KJwxyAQ,KJwxyAQ,avR,ScdCCy,KJwxyAQ,avR,ScdCCy,KJwxyAQ,KJwxyAQ,ScdCCy,KJwxyAQ,KJwxyAQ
KJwxyAQ,KJwxyAQ,avR,ScdCCy,KJwxyAQ,avR,ScdCCy,KJwxyAQ,KJwxyAQ,ScdCCy,KJwxyAQ,KJwxyAQ
KJwxyAQ,KJwxyAQ,avR,ScdCCy,KJwxyAQ,avR,ScdCCy,KJwxyAQ,KJwxyAQ,ScdCCy,KJwxyAQ,KJwxyAQ
ScdCCy
ScdCCy
ScdCCy
KJwxyAQ,KJwxyAQ,ScdCCy,avR,KJwxyAQ,avR,ScdCCy,KJwxyAQ,KJwxyAQ,ScdCCy,KJwxyAQ,KJwxyAQ
KJwxyAQ,KJwxyAQ,avR,KJwxyAQ,avR,ScdCCy,KJwxyAQ,KJwxyAQ,ScdCCy,KJwxyAQ,KJwxyAQ
KJwxyAQ,KJwxyAQ,avR,ScdCCy,KJwxyAQ,avR,KJwxyAQ,KJwxyAQ,ScdCCy,KJwxyAQ,KJwxyAQ,KJwxyAQ
avR,ScdCCy,avR,KJwxyAQ,KJwxyAQ,KJwxyAQ,KJwxyAQ,KJwxyAQ,KJwxyAQ,avR,avR,KJwxyAQ
avR,ScdCCy,avR,KJwxyAQ,KJwxyAQ,KJwxyAQ,KJwxyAQ,KJwxyAQ,KJwxyAQ,avR,avR,KJwxyAQ
avR
avR
avR,ScdCCy,avR,KJwxyAQ,KJwxyAQ,KJwxyAQ,KJwxyAQ,KJwxyAQ,KJwxyAQ,avR,avR,KJwxyAQ,avR,avR
KJwxyAQ
KJwxyAQ
avR,ScdCCy,avR,KJwxyAQ,KJwxyAQ,KJwxyAQ,KJwxyAQ,KJwxyAQ,KJwxyAQ,avR,avR,KJwxyAQ,avR,avR,KJwxyAQ
avR,avR,KJwxyAQ,ScdCCy,KJwxyAQ,KJwxyAQ,KJwxyAQ,KJwxyAQ,avR,avR,KJwxyAQ,avR,avR,KJwxyAQ,KJwxyAQ,KJwxyAQ
ScdCCy
avR,avR,KJwxyAQ,ScdCCy,KJwxyAQ,KJwxyAQ,KJwxyAQ,KJwxyAQ,avR,avR,KJwxyAQ,avR,avR,KJwxyAQ,KJwxyAQ,KJwxyAQ
KJwxyAQ
avR,avR,KJwxyAQ,ScdCCy,KJwxyAQ,KJwxyAQ,KJwxyAQ,KJwxyAQ,avR,avR,KJwxyAQ,avR,avR,KJwxyAQ,KJwxyAQ,KJwxyAQ
KJwxyAQ
KJwxyAQ
KJwxyAQ
avR,avR,KJwxyAQ,ScdCCy,KJwxyAQ,KJwxyAQ,KJwxyAQ,KJwxyAQ,avR,avR,KJwxyAQ,avR,avR,KJwxyAQ,KJwxyAQ,KJwxyAQ
avR,KJwxyAQ,ScdCCy,KJwxyAQ,avR,KJwxyAQ,KJwxyAQ,KJwxyAQ,avR,avR,KJwxyAQ,avR,avR,KJwxyAQ,KJwxyAQ,KJwxyAQ
avR,avR,KJwxyAQ,ScdCCy,KJwxyAQ,KJwxyAQ,KJwxyAQ,KJwxyAQ,avR,avR,KJwxyAQ,avR,avR,KJwxyAQ,KJwxyAQ,KJwxyAQ
avR,avR,ScdCCy,KJwxyAQ,KJwxyAQ,KJwxyAQ,KJwxyAQ,avR,avR,KJwxyAQ,avR,avR,KJwxyAQ,KJwxyAQ,KJwxyAQ,ScdCCy
KJwxyAQ
avR,ScdCCy,KJwxyAQ,KJwxyAQ,KJwxyAQ,KJwxyAQ,KJwxyAQ,avR,avR,KJwxyAQ,avR,avR,KJwxyAQ,KJwxyAQ,KJwxyAQ
KJwxyAQ
KJwxyAQ
ScdCCy,KJwxyAQ,KJwxyAQ,avR,KJwxyAQ,KJwxyAQ,KJwxyAQ,avR,avR,KJwxyAQ,avR,avR,KJwxyAQ,KJwxyAQ,KJwxyAQ,ScdCCy
ScdCCy,KJwxyAQ,KJwxyAQ,avR,KJwxyAQ,KJwxyAQ,KJwxyAQ,avR,avR,KJwxyAQ,avR,avR,KJwxyAQ,KJwxyAQ,KJwxyAQ,ScdCCy
KJwxyAQ
KJwxyAQ
KJwxyAQ
KJwxyAQ
KJwxyAQ
KJwxyAQ
KJwxyAQ
avR,avR,KJwxyAQ,KJwxyAQ,KJwxyAQ,KJwxyAQ,avR,avR,KJwxyAQ,avR,avR,KJwxyAQ,KJwxyAQ,KJwxyAQ,ScdCCy,KJwxyAQ,avR,ScdCCy
avR,avR,KJwxyAQ,KJwxyAQ,KJwxyAQ,KJwxyAQ,avR,avR,KJwxyAQ,avR,avR,KJwxyAQ,KJwxyAQ,KJwxyAQ,ScdCCy,KJwxyAQ,avR,ScdCCy
KJwxyAQ
KJwxyAQ
KJwxyAQ
KJwxyAQ,ScdCCy,KJwxyAQ,KJwxyAQ,KJwxyAQ,avR,avR,KJwxyAQ,avR,avR,KJwxyAQ,KJwxyAQ,KJwxyAQ,KJwxyAQ,avR,ScdCCy,KJwxyAQ
KJwxyAQ
ScdCCy
KJwxyAQ,ScdCCy,KJwxyAQ,KJwxyAQ,avR,avR,KJwxyAQ,avR,avR,KJwxyAQ,KJwxyAQ,KJwxyAQ,KJwxyAQ,avR,ScdCCy,KJwxyAQ,KJwxyAQ,ScdCCy
ScdCCy
KJwxyAQ,KJwxyAQ,avR,KJwxyAQ,avR,KJwxyAQ,avR,avR,KJwxyAQ,KJwxyAQ,KJwxyAQ,KJwxyAQ,avR,ScdCCy,KJwxyAQ,KJwxyAQ,ScdCCy,ScdCCy,ScdCCy
KJwxyAQ
KJwxyAQ,KJwxyAQ,avR,KJwxyAQ,ScdCCy,avR,KJwxyAQ,avR,avR,KJwxyAQ,KJwxyAQ,KJwxyAQ,KJwxyAQ,avR,KJwxyAQ,KJwxyAQ,ScdCCy,ScdCCy,ScdCCy
avR
avR
KJwxyAQ,KJwxyAQ,avR,KJwxyAQ,ScdCCy,avR,KJwxyAQ,avR,avR,KJwxyAQ,KJwxyAQ,KJwxyAQ,KJwxyAQ,avR,KJwxyAQ,KJwxyAQ,ScdCCy,ScdCCy,ScdCCy,KJwxyAQ
avR
KJwxyAQ,KJwxyAQ,KJwxyAQ,ScdCCy,avR,KJwxyAQ,avR,avR,avR,KJwxyAQ,KJwxyAQ,KJwxyAQ,KJwxyAQ,avR,KJwxyAQ,KJwxyAQ,ScdCCy,ScdCCy,ScdCCy,KJwxyAQ
KJwxyAQ,KJwxyAQ,KJwxyAQ,avR,avR,avR,KJwxyAQ,KJwxyAQ,KJwxyAQ,KJwxyAQ,avR,KJwxyAQ,KJwxyAQ,ScdCCy,ScdCCy,ScdCCy,KJwxyAQ
KJwxyAQ,KJwxyAQ,KJwxyAQ,avR,avR,avR,KJwxyAQ,KJwxyAQ,KJwxyAQ,KJwxyAQ,avR,KJwxyAQ,KJwxyAQ,ScdCCy,ScdCCy,ScdCCy,KJwxyAQ,ScdCCy
KJwxyAQ,KJwxyAQ,avR,KJwxyAQ,ScdCCy,avR,KJwxyAQ,avR,avR,KJwxyAQ,KJwxyAQ,KJwxyAQ,KJwxyAQ,avR,KJwxyAQ,KJwxyAQ,ScdCCy,ScdCCy,ScdCCy
avR
KJwxyAQ
KJwxyAQ
KJwxyAQ
KJwxyAQ
avR,ScdCCy,avR,avR,KJwxyAQ,KJwxyAQ,avR,KJwxyAQ,KJwxyAQ,KJwxyAQ,KJwxyAQ,KJwxyAQ,avR,KJwxyAQ,KJwxyAQ,ScdCCy,ScdCCy,ScdCCy,avR
avR,avR,avR,KJwxyAQ,KJwxyAQ,avR,KJwxyAQ,KJwxyAQ,ScdCCy,KJwxyAQ,KJwxyAQ,KJwxyAQ,avR,KJwxyAQ,KJwxyAQ,ScdCCy,ScdCCy,ScdCCy,avR
ScdCCy,avR,avR,KJwxyAQ,KJwxyAQ,avR,KJwxyAQ,KJwxyAQ,KJwxyAQ,KJwxyAQ,KJwxyAQ,avR,KJwxyAQ,KJwxyAQ,ScdCCy,ScdCCy,ScdCCy,avR
ScdCCy,avR,avR,avR,KJwxyAQ,KJwxyAQ,KJwxyAQ,KJwxyAQ,KJwxyAQ,avR,KJwxyAQ,KJwxyAQ,ScdCCy,ScdCCy,ScdCCy,avR
KJwxyAQ
ScdCCy,avR,avR,KJwxyAQ,KJwxyAQ,KJwxyAQ,KJwxyAQ,avR,KJwxyAQ,KJwxyAQ,avR,KJwxyAQ,KJwxyAQ,ScdCCy,ScdCCy,ScdCCy,avR,avR,KJwxyAQ,ScdCCy
KJwxyAQ
avR,ScdCCy,avR,avR,avR,KJwxyAQ,KJwxyAQ,KJwxyAQ,KJwxyAQ,KJwxyAQ,avR,KJwxyAQ,KJwxyAQ,ScdCCy,ScdCCy,ScdCCy,avR,avR,KJwxyAQ,ScdCCy,KJwxyAQ
avR,ScdCCy,avR,avR,avR,KJwxyAQ,KJwxyAQ,KJwxyAQ,KJwxyAQ,KJwxyAQ,avR,KJwxyAQ,KJwxyAQ,ScdCCy,ScdCCy,ScdCCy,avR,avR,KJwxyAQ,ScdCCy,KJwxyAQ
Jedi Wagner, assuma o comando!