[vazia]
[vazia]
KFQzGvirP
KFQzGvirP
KFQzGvirP
KFQzGvirP
KFQzGvirP
KFQzGvirP,KFQzGvirP,zFoi
KFQzGvirP
KFQzGvirP,KFQzGvirP,zFoi,V
KFQzGvirP
KFQzGvirP,V,KFQzGvirP,zFoi,WrPzxylAmM
KFQzGvirP,V,KFQzGvirP,zFoi,WrPzxylAmM
KFQzGvirP,V,KFQzGvirP,zFoi,WrPzxylAmM
KFQzGvirP,V,KFQzGvirP,zFoi,WrPzxylAmM
V
KFQzGvirP,KFQzGvirP,zFoi,WrPzxylAmM
KFQzGvirP
KFQzGvirP
V
V,KFQzGvirP,KFQzGvirP,zFoi,WrPzxylAmM,KFQzGvirP
V,KFQzGvirP,KFQzGvirP,zFoi,WrPzxylAmM,KFQzGvirP
KFQzGvirP
KFQzGvirP,V,KFQzGvirP,WrPzxylAmM,KFQzGvirP,V
KFQzGvirP,V,KFQzGvirP,WrPzxylAmM,KFQzGvirP,V
KFQzGvirP,V,KFQzGvirP,WrPzxylAmM,KFQzGvirP,V
KFQzGvirP,V,KFQzGvirP,WrPzxylAmM,KFQzGvirP,V
WrPzxylAmM
KFQzGvirP,V,KFQzGvirP,zFoi,WrPzxylAmM,KFQzGvirP,V,KFQzGvirP
zFoi
V
KFQzGvirP,KFQzGvirP,zFoi,V,WrPzxylAmM,KFQzGvirP,V,KFQzGvirP
KFQzGvirP,KFQzGvirP,V,WrPzxylAmM,zFoi,KFQzGvirP,V,KFQzGvirP
KFQzGvirP,KFQzGvirP,V,WrPzxylAmM,zFoi,KFQzGvirP,V,KFQzGvirP
KFQzGvirP,KFQzGvirP,V,WrPzxylAmM,zFoi,KFQzGvirP,V,KFQzGvirP,WrPzxylAmM
WrPzxylAmM
WrPzxylAmM
KFQzGvirP,KFQzGvirP,V,WrPzxylAmM,zFoi,KFQzGvirP,V,KFQzGvirP,WrPzxylAmM,WrPzxylAmM,WrPzxylAmM,KFQzGvirP,MaNW
KFQzGvirP,KFQzGvirP,V,WrPzxylAmM,zFoi,KFQzGvirP,V,KFQzGvirP,WrPzxylAmM,WrPzxylAmM,WrPzxylAmM,KFQzGvirP,MaNW
KFQzGvirP,KFQzGvirP,V,WrPzxylAmM,zFoi,KFQzGvirP,V,KFQzGvirP,MaNW
KFQzGvirP,V,WrPzxylAmM,KFQzGvirP,zFoi,KFQzGvirP,V,KFQzGvirP
KFQzGvirP,V,WrPzxylAmM,KFQzGvirP,zFoi,KFQzGvirP,V,KFQzGvirP,WrPzxylAmM
KFQzGvirP
KFQzGvirP,V,KFQzGvirP,WrPzxylAmM,zFoi,KFQzGvirP,V,KFQzGvirP,WrPzxylAmM
WrPzxylAmM
WrPzxylAmM
V,KFQzGvirP,WrPzxylAmM,KFQzGvirP,KFQzGvirP,V,KFQzGvirP,WrPzxylAmM,KFQzGvirP
KFQzGvirP
KFQzGvirP
V,KFQzGvirP,WrPzxylAmM,KFQzGvirP,KFQzGvirP,V,KFQzGvirP,WrPzxylAmM,KFQzGvirP,WrPzxylAmM
V,KFQzGvirP,WrPzxylAmM,zFoi,KFQzGvirP,KFQzGvirP,V,KFQzGvirP,WrPzxylAmM,KFQzGvirP,KFQzGvirP
KFQzGvirP
KFQzGvirP,WrPzxylAmM,zFoi,KFQzGvirP,KFQzGvirP,V,KFQzGvirP,WrPzxylAmM,KFQzGvirP,KFQzGvirP
KFQzGvirP
KFQzGvirP,WrPzxylAmM,zFoi,KFQzGvirP,V,KFQzGvirP,KFQzGvirP,WrPzxylAmM,KFQzGvirP,KFQzGvirP
V
KFQzGvirP
WrPzxylAmM,zFoi,KFQzGvirP,V,KFQzGvirP,KFQzGvirP,KFQzGvirP,WrPzxylAmM,KFQzGvirP,KFQzGvirP,MaNW
WrPzxylAmM,zFoi,V,KFQzGvirP,KFQzGvirP,KFQzGvirP,WrPzxylAmM,KFQzGvirP,KFQzGvirP
WrPzxylAmM,zFoi,V,KFQzGvirP,KFQzGvirP,WrPzxylAmM,KFQzGvirP,KFQzGvirP,KFQzGvirP,zFoi
WrPzxylAmM,zFoi,V,KFQzGvirP,WrPzxylAmM,KFQzGvirP,KFQzGvirP,KFQzGvirP,zFoi,zFoi
WrPzxylAmM,zFoi,V,KFQzGvirP,WrPzxylAmM,KFQzGvirP,KFQzGvirP,KFQzGvirP,zFoi,zFoi
V
V
WrPzxylAmM,zFoi,V,KFQzGvirP,KFQzGvirP,WrPzxylAmM,KFQzGvirP,KFQzGvirP,KFQzGvirP,zFoi
WrPzxylAmM,zFoi,V,KFQzGvirP,KFQzGvirP,WrPzxylAmM,KFQzGvirP,KFQzGvirP,KFQzGvirP,zFoi,WrPzxylAmM
KFQzGvirP
KFQzGvirP
WrPzxylAmM,zFoi,V,KFQzGvirP,KFQzGvirP,WrPzxylAmM,KFQzGvirP,KFQzGvirP,KFQzGvirP,zFoi,WrPzxylAmM
WrPzxylAmM,V,WrPzxylAmM,KFQzGvirP,KFQzGvirP,KFQzGvirP,zFoi,zFoi,KFQzGvirP,KFQzGvirP,WrPzxylAmM
zFoi
zFoi
WrPzxylAmM,V,WrPzxylAmM,KFQzGvirP,KFQzGvirP,KFQzGvirP,zFoi,KFQzGvirP,KFQzGvirP,WrPzxylAmM,KFQzGvirP,MaNW
WrPzxylAmM,V,WrPzxylAmM,KFQzGvirP,KFQzGvirP,KFQzGvirP,zFoi,KFQzGvirP,KFQzGvirP,WrPzxylAmM,KFQzGvirP,MaNW,WrPzxylAmM,MaNW
WrPzxylAmM,V,WrPzxylAmM,KFQzGvirP,KFQzGvirP,KFQzGvirP,zFoi,KFQzGvirP,KFQzGvirP,WrPzxylAmM,KFQzGvirP,MaNW,WrPzxylAmM,MaNW
zFoi
WrPzxylAmM,V,WrPzxylAmM,KFQzGvirP,KFQzGvirP,KFQzGvirP,zFoi,KFQzGvirP,KFQzGvirP,WrPzxylAmM,KFQzGvirP,MaNW,WrPzxylAmM,MaNW
zFoi
WrPzxylAmM,V,KFQzGvirP,KFQzGvirP,WrPzxylAmM,KFQzGvirP,KFQzGvirP,KFQzGvirP,zFoi
WrPzxylAmM,KFQzGvirP,KFQzGvirP,WrPzxylAmM,KFQzGvirP,KFQzGvirP,KFQzGvirP
WrPzxylAmM
WrPzxylAmM
KFQzGvirP
WrPzxylAmM,KFQzGvirP,KFQzGvirP,KFQzGvirP,KFQzGvirP,KFQzGvirP,KFQzGvirP,V,WrPzxylAmM,WrPzxylAmM,MaNW
WrPzxylAmM,KFQzGvirP,KFQzGvirP,KFQzGvirP,KFQzGvirP,KFQzGvirP,KFQzGvirP,V,WrPzxylAmM,WrPzxylAmM,MaNW
WrPzxylAmM
KFQzGvirP
KFQzGvirP
KFQzGvirP
KFQzGvirP
KFQzGvirP
zFoi
KFQzGvirP
KFQzGvirP
WrPzxylAmM,KFQzGvirP,KFQzGvirP,WrPzxylAmM,KFQzGvirP,KFQzGvirP,KFQzGvirP,V,zFoi,WrPzxylAmM
WrPzxylAmM
KFQzGvirP,KFQzGvirP,WrPzxylAmM,WrPzxylAmM,KFQzGvirP,KFQzGvirP,KFQzGvirP,V,zFoi,WrPzxylAmM
KFQzGvirP,KFQzGvirP,WrPzxylAmM,WrPzxylAmM,KFQzGvirP,KFQzGvirP,KFQzGvirP,V,zFoi,WrPzxylAmM
WrPzxylAmM
KFQzGvirP
KFQzGvirP,WrPzxylAmM,WrPzxylAmM,KFQzGvirP,KFQzGvirP,KFQzGvirP,KFQzGvirP,V,zFoi,WrPzxylAmM,WrPzxylAmM
KFQzGvirP,KFQzGvirP,WrPzxylAmM,WrPzxylAmM,KFQzGvirP,KFQzGvirP,KFQzGvirP,V,zFoi,WrPzxylAmM,KFQzGvirP
WrPzxylAmM
KFQzGvirP,KFQzGvirP,WrPzxylAmM,WrPzxylAmM,KFQzGvirP,KFQzGvirP,KFQzGvirP,V,zFoi,WrPzxylAmM,WrPzxylAmM
KFQzGvirP,KFQzGvirP,WrPzxylAmM,WrPzxylAmM,KFQzGvirP,KFQzGvirP,KFQzGvirP,V,zFoi,WrPzxylAmM,WrPzxylAmM
WrPzxylAmM
WrPzxylAmM
WrPzxylAmM
WrPzxylAmM
KFQzGvirP,KFQzGvirP,WrPzxylAmM,WrPzxylAmM,KFQzGvirP,KFQzGvirP,KFQzGvirP,V,zFoi,WrPzxylAmM
KFQzGvirP,KFQzGvirP,WrPzxylAmM,WrPzxylAmM,KFQzGvirP,KFQzGvirP,KFQzGvirP,V,zFoi,WrPzxylAmM,WrPzxylAmM,zFoi
KFQzGvirP,KFQzGvirP,WrPzxylAmM,WrPzxylAmM,KFQzGvirP,KFQzGvirP,KFQzGvirP,V,zFoi,WrPzxylAmM,WrPzxylAmM,zFoi
KFQzGvirP
KFQzGvirP,KFQzGvirP,WrPzxylAmM,KFQzGvirP,KFQzGvirP,KFQzGvirP,V,WrPzxylAmM,WrPzxylAmM,zFoi
KFQzGvirP,KFQzGvirP,WrPzxylAmM,KFQzGvirP,KFQzGvirP,KFQzGvirP,V,WrPzxylAmM,zFoi
V
KFQzGvirP,KFQzGvirP,WrPzxylAmM,WrPzxylAmM,KFQzGvirP,KFQzGvirP,KFQzGvirP,V,zFoi,WrPzxylAmM
KFQzGvirP,KFQzGvirP,WrPzxylAmM,WrPzxylAmM,KFQzGvirP,KFQzGvirP,KFQzGvirP,V,WrPzxylAmM,MaNW,KFQzGvirP
KFQzGvirP,KFQzGvirP,WrPzxylAmM,KFQzGvirP,KFQzGvirP,KFQzGvirP,V,WrPzxylAmM,MaNW,KFQzGvirP
KFQzGvirP
KFQzGvirP
KFQzGvirP,WrPzxylAmM,KFQzGvirP,KFQzGvirP,KFQzGvirP,KFQzGvirP,V,WrPzxylAmM,MaNW,KFQzGvirP,V
KFQzGvirP,WrPzxylAmM,KFQzGvirP,KFQzGvirP,KFQzGvirP,KFQzGvirP,V,WrPzxylAmM,MaNW,KFQzGvirP,V
V
WrPzxylAmM
KFQzGvirP,WrPzxylAmM,KFQzGvirP,KFQzGvirP,KFQzGvirP,KFQzGvirP,WrPzxylAmM,MaNW,KFQzGvirP,V
KFQzGvirP,WrPzxylAmM,KFQzGvirP,KFQzGvirP,KFQzGvirP,KFQzGvirP,WrPzxylAmM,MaNW,KFQzGvirP,V,MaNW
KFQzGvirP,WrPzxylAmM,KFQzGvirP,KFQzGvirP,KFQzGvirP,KFQzGvirP,WrPzxylAmM,MaNW,KFQzGvirP,V,MaNW,V
WrPzxylAmM
KFQzGvirP
KFQzGvirP
KFQzGvirP,KFQzGvirP,KFQzGvirP,KFQzGvirP,KFQzGvirP,WrPzxylAmM,MaNW,WrPzxylAmM,KFQzGvirP,MaNW,V,WrPzxylAmM
KFQzGvirP,KFQzGvirP,KFQzGvirP,KFQzGvirP,WrPzxylAmM,KFQzGvirP,V,MaNW,WrPzxylAmM,WrPzxylAmM,zFoi,WrPzxylAmM
V
V
KFQzGvirP
KFQzGvirP,KFQzGvirP,KFQzGvirP,KFQzGvirP,KFQzGvirP,WrPzxylAmM,KFQzGvirP,MaNW,WrPzxylAmM,WrPzxylAmM
KFQzGvirP
KFQzGvirP
KFQzGvirP
KFQzGvirP
KFQzGvirP
KFQzGvirP,KFQzGvirP,KFQzGvirP,KFQzGvirP,KFQzGvirP,KFQzGvirP,MaNW,WrPzxylAmM,WrPzxylAmM,MaNW,V
KFQzGvirP,KFQzGvirP,KFQzGvirP,KFQzGvirP,KFQzGvirP,KFQzGvirP,MaNW,WrPzxylAmM,WrPzxylAmM,MaNW,V
KFQzGvirP,KFQzGvirP,WrPzxylAmM,KFQzGvirP,KFQzGvirP,KFQzGvirP,KFQzGvirP,MaNW,WrPzxylAmM,MaNW
KFQzGvirP,KFQzGvirP,WrPzxylAmM,KFQzGvirP,KFQzGvirP,KFQzGvirP,KFQzGvirP,WrPzxylAmM,MaNW
KFQzGvirP,KFQzGvirP,WrPzxylAmM,KFQzGvirP,KFQzGvirP,KFQzGvirP,KFQzGvirP,WrPzxylAmM,MaNW
KFQzGvirP,WrPzxylAmM,KFQzGvirP,KFQzGvirP,KFQzGvirP,KFQzGvirP,KFQzGvirP,MaNW,WrPzxylAmM,MaNW
V
V
V
KFQzGvirP,WrPzxylAmM,V,MaNW,KFQzGvirP,KFQzGvirP,KFQzGvirP,KFQzGvirP,KFQzGvirP,WrPzxylAmM,MaNW,WrPzxylAmM,V
KFQzGvirP
KFQzGvirP,KFQzGvirP,KFQzGvirP,KFQzGvirP,KFQzGvirP,KFQzGvirP,MaNW,WrPzxylAmM,WrPzxylAmM,MaNW
KFQzGvirP
KFQzGvirP,KFQzGvirP,KFQzGvirP,KFQzGvirP,KFQzGvirP,KFQzGvirP,MaNW,WrPzxylAmM,WrPzxylAmM,MaNW
MaNW
MaNW
KFQzGvirP
KFQzGvirP,KFQzGvirP,KFQzGvirP,KFQzGvirP,KFQzGvirP,KFQzGvirP,MaNW,WrPzxylAmM,WrPzxylAmM,MaNW
KFQzGvirP
KFQzGvirP
KFQzGvirP
KFQzGvirP
KFQzGvirP,KFQzGvirP,KFQzGvirP,KFQzGvirP,KFQzGvirP,MaNW,WrPzxylAmM,MaNW,zFoi,MaNW,zFoi,MaNW
zFoi
zFoi,KFQzGvirP,KFQzGvirP,KFQzGvirP,MaNW,MaNW,MaNW,zFoi,MaNW,WrPzxylAmM,WrPzxylAmM,KFQzGvirP,V
MaNW
zFoi,KFQzGvirP,KFQzGvirP,MaNW,KFQzGvirP,MaNW,MaNW,zFoi,MaNW,WrPzxylAmM,WrPzxylAmM,KFQzGvirP,V,MaNW
zFoi,KFQzGvirP,KFQzGvirP,MaNW,KFQzGvirP,MaNW,MaNW,zFoi,MaNW,WrPzxylAmM,WrPzxylAmM,KFQzGvirP,V,MaNW
KFQzGvirP
zFoi,KFQzGvirP,MaNW,KFQzGvirP,KFQzGvirP,MaNW,MaNW,zFoi,MaNW,WrPzxylAmM,WrPzxylAmM,KFQzGvirP,V,MaNW
zFoi,KFQzGvirP,MaNW,KFQzGvirP,KFQzGvirP,MaNW,MaNW,zFoi,MaNW,WrPzxylAmM,WrPzxylAmM,KFQzGvirP,MaNW
KFQzGvirP
zFoi,KFQzGvirP,MaNW,WrPzxylAmM,KFQzGvirP,KFQzGvirP,MaNW,MaNW,zFoi,MaNW,WrPzxylAmM,KFQzGvirP,MaNW,WrPzxylAmM
WrPzxylAmM
zFoi,KFQzGvirP,MaNW,WrPzxylAmM,KFQzGvirP,KFQzGvirP,MaNW,MaNW,zFoi,MaNW,WrPzxylAmM,KFQzGvirP,MaNW,WrPzxylAmM
WrPzxylAmM
WrPzxylAmM
zFoi,MaNW,WrPzxylAmM,KFQzGvirP,KFQzGvirP,KFQzGvirP,MaNW,MaNW,zFoi,MaNW,WrPzxylAmM,KFQzGvirP,MaNW,WrPzxylAmM
zFoi,KFQzGvirP,MaNW,WrPzxylAmM,KFQzGvirP,KFQzGvirP,MaNW,MaNW,zFoi,MaNW,WrPzxylAmM,KFQzGvirP,MaNW,WrPzxylAmM
zFoi,KFQzGvirP,WrPzxylAmM,KFQzGvirP,KFQzGvirP,MaNW,zFoi,MaNW,WrPzxylAmM,KFQzGvirP,MaNW,WrPzxylAmM,zFoi,V
zFoi,KFQzGvirP,WrPzxylAmM,KFQzGvirP,KFQzGvirP,MaNW,zFoi,MaNW,WrPzxylAmM,KFQzGvirP,MaNW,WrPzxylAmM,zFoi,V
KFQzGvirP
KFQzGvirP
KFQzGvirP,KFQzGvirP,V,KFQzGvirP,WrPzxylAmM,MaNW,zFoi,MaNW,WrPzxylAmM,KFQzGvirP,MaNW,WrPzxylAmM,zFoi,MaNW,MaNW,V,KFQzGvirP
KFQzGvirP,KFQzGvirP,V,KFQzGvirP,WrPzxylAmM,MaNW,zFoi,MaNW,WrPzxylAmM,KFQzGvirP,MaNW,WrPzxylAmM,zFoi,MaNW,MaNW,V,KFQzGvirP
KFQzGvirP
WrPzxylAmM
KFQzGvirP,KFQzGvirP,V,KFQzGvirP,WrPzxylAmM,MaNW,zFoi,MaNW,WrPzxylAmM,KFQzGvirP,MaNW,WrPzxylAmM,zFoi,MaNW,MaNW,V,KFQzGvirP
MaNW
KFQzGvirP,KFQzGvirP,V,KFQzGvirP,WrPzxylAmM,MaNW,zFoi,MaNW,WrPzxylAmM,KFQzGvirP,MaNW,WrPzxylAmM,zFoi,MaNW,MaNW,V,KFQzGvirP,KFQzGvirP
MaNW
zFoi
KFQzGvirP,KFQzGvirP,WrPzxylAmM,zFoi,MaNW,KFQzGvirP,MaNW,WrPzxylAmM,KFQzGvirP,MaNW,WrPzxylAmM,zFoi,MaNW,MaNW,V,KFQzGvirP,KFQzGvirP,KFQzGvirP
KFQzGvirP,KFQzGvirP,zFoi,MaNW,KFQzGvirP,WrPzxylAmM,MaNW,WrPzxylAmM,KFQzGvirP,MaNW,WrPzxylAmM,zFoi,MaNW,MaNW,V,KFQzGvirP,KFQzGvirP,KFQzGvirP
WrPzxylAmM
KFQzGvirP,KFQzGvirP,zFoi,MaNW,KFQzGvirP,WrPzxylAmM,MaNW,WrPzxylAmM,KFQzGvirP,MaNW,WrPzxylAmM,zFoi,MaNW,MaNW,KFQzGvirP,KFQzGvirP,KFQzGvirP
WrPzxylAmM
KFQzGvirP,KFQzGvirP,zFoi,KFQzGvirP,MaNW,WrPzxylAmM,MaNW,WrPzxylAmM,KFQzGvirP,MaNW,WrPzxylAmM,zFoi,MaNW,MaNW,KFQzGvirP,KFQzGvirP,KFQzGvirP,zFoi,V
WrPzxylAmM
WrPzxylAmM
KFQzGvirP,KFQzGvirP,zFoi,MaNW,KFQzGvirP,WrPzxylAmM,MaNW,WrPzxylAmM,KFQzGvirP,MaNW,WrPzxylAmM,zFoi,MaNW,MaNW,KFQzGvirP,KFQzGvirP,KFQzGvirP,zFoi,V
KFQzGvirP
KFQzGvirP
KFQzGvirP
KFQzGvirP,KFQzGvirP,MaNW,KFQzGvirP,WrPzxylAmM,MaNW,WrPzxylAmM,KFQzGvirP,zFoi,MaNW,WrPzxylAmM,zFoi,MaNW,MaNW,KFQzGvirP,KFQzGvirP,KFQzGvirP,zFoi,V
KFQzGvirP,KFQzGvirP,zFoi,MaNW,KFQzGvirP,WrPzxylAmM,MaNW,WrPzxylAmM,KFQzGvirP,MaNW,WrPzxylAmM,zFoi,MaNW,MaNW,KFQzGvirP,KFQzGvirP,KFQzGvirP,zFoi,V
KFQzGvirP,KFQzGvirP,zFoi,MaNW,KFQzGvirP,WrPzxylAmM,MaNW,WrPzxylAmM,KFQzGvirP,MaNW,WrPzxylAmM,zFoi,MaNW,MaNW,KFQzGvirP,KFQzGvirP,KFQzGvirP,zFoi,V
KFQzGvirP
KFQzGvirP,KFQzGvirP,zFoi,KFQzGvirP,WrPzxylAmM,MaNW,WrPzxylAmM,KFQzGvirP,V,MaNW,MaNW,WrPzxylAmM,zFoi,MaNW,MaNW,KFQzGvirP,KFQzGvirP,KFQzGvirP,zFoi
Jedi Wagner, assuma o comando!