Toque! Toque, Dijê!
[vazia]
QMUrLreBGN
QMUrLreBGN
QMUrLreBGN
QMUrLreBGN
QMUrLreBGN
QMUrLreBGN
[vazia]
[vazia]
fch
QMUrLreBGN,fch
QMUrLreBGN,fch
QMUrLreBGN,fch
QMUrLreBGN,fch,Ls
QMUrLreBGN
QMUrLreBGN,fch,Ls
QMUrLreBGN,fch,Ls
QMUrLreBGN,fch,Ls
QMUrLreBGN,fch,Ls
QMUrLreBGN,fch,Ls
fch
QMUrLreBGN,fch,Ls
QMUrLreBGN,fch,Ls,DRYSSSMRrl
QMUrLreBGN,fch,Ls,DRYSSSMRrl,fch,QMUrLreBGN
QMUrLreBGN,fch,Ls,fch,QMUrLreBGN,kI
Ls
Ls,fch,QMUrLreBGN,fch,QMUrLreBGN,kI,Ls,fNfNj,kI
Ls,fch,QMUrLreBGN,fch,QMUrLreBGN,kI,Ls,fNfNj,kI
Ls,fch,fch,QMUrLreBGN,kI,Ls,fNfNj,kI
Ls,fch,fch,kI,QMUrLreBGN,Ls,fNfNj,kI
fch
fch
Ls,fch,QMUrLreBGN,fch,QMUrLreBGN,kI,Ls,fNfNj,kI
Ls,QMUrLreBGN,vfiELjp,kI,fNfNj,fch,QMUrLreBGN,Ls,kI,fch,QMUrLreBGN,QMUrLreBGN,kI
vfiELjp
Ls,fNfNj,QMUrLreBGN,fch,QMUrLreBGN,Ls,kI,fch,QMUrLreBGN,QMUrLreBGN,kI
fch
Ls,fNfNj,QMUrLreBGN,fch,QMUrLreBGN,Ls,kI,fch,QMUrLreBGN,QMUrLreBGN,kI,fNfNj
QMUrLreBGN
Ls,fNfNj,QMUrLreBGN,fch,QMUrLreBGN,Ls,kI,fch,QMUrLreBGN,QMUrLreBGN,kI,fNfNj
Ls,fNfNj,QMUrLreBGN,fch,QMUrLreBGN,Ls,kI,fch,QMUrLreBGN,QMUrLreBGN,kI,fNfNj,fch
QMUrLreBGN
QMUrLreBGN
Ls,fNfNj,QMUrLreBGN,fch,QMUrLreBGN,Ls,kI,fch,QMUrLreBGN,QMUrLreBGN,kI,fNfNj
QMUrLreBGN
QMUrLreBGN
QMUrLreBGN
fNfNj,QMUrLreBGN,fch,QMUrLreBGN,Ls,kI,fch,QMUrLreBGN,QMUrLreBGN,kI,fNfNj
fNfNj,QMUrLreBGN,QMUrLreBGN,fch,Ls,kI,fch,QMUrLreBGN,QMUrLreBGN,kI,fNfNj,QMUrLreBGN
QMUrLreBGN
QMUrLreBGN
fNfNj,fch,QMUrLreBGN,Ls,kI,fch,QMUrLreBGN,QMUrLreBGN,kI,fNfNj
fNfNj,fch,QMUrLreBGN,Ls,kI,fch,QMUrLreBGN,QMUrLreBGN,kI,fNfNj
QMUrLreBGN
fNfNj,fch,QMUrLreBGN,Ls,kI,fch,QMUrLreBGN,QMUrLreBGN,kI,fNfNj,QMUrLreBGN
fNfNj,QMUrLreBGN,fch,Ls,kI,fch,QMUrLreBGN,kI,fNfNj,QMUrLreBGN
fch
fch
fch
fch
kI
fNfNj,QMUrLreBGN,kI,Ls,fch,QMUrLreBGN,fNfNj,QMUrLreBGN,kI,DRYSSSMRrl
Ls
QMUrLreBGN
fNfNj,QMUrLreBGN,Ls,fch,QMUrLreBGN,fNfNj,QMUrLreBGN,kI
kI
Ls
Ls
QMUrLreBGN,fch,kI,Ls,fNfNj,QMUrLreBGN,fNfNj,QMUrLreBGN,kI,fNfNj
QMUrLreBGN,fch,kI,Ls,fNfNj,QMUrLreBGN,fNfNj,QMUrLreBGN,kI,fNfNj
QMUrLreBGN,fch,kI,Ls,fNfNj,QMUrLreBGN,fNfNj,QMUrLreBGN,kI,fNfNj
QMUrLreBGN,fch,kI,Ls,QMUrLreBGN,fNfNj,QMUrLreBGN,kI,fNfNj,QMUrLreBGN,fNfNj
QMUrLreBGN,fch,kI,QMUrLreBGN,fNfNj,QMUrLreBGN,kI,fNfNj,QMUrLreBGN,fNfNj
QMUrLreBGN,fch,kI,QMUrLreBGN,fNfNj,QMUrLreBGN,kI,fNfNj,QMUrLreBGN,fNfNj,fch
QMUrLreBGN,fch,kI,QMUrLreBGN,fNfNj,QMUrLreBGN,kI,fNfNj,QMUrLreBGN,fNfNj,fch
fch,kI,QMUrLreBGN,fNfNj,QMUrLreBGN,QMUrLreBGN,kI,fNfNj,QMUrLreBGN,fNfNj,fch,DRYSSSMRrl
fNfNj
fch,kI,QMUrLreBGN,fNfNj,QMUrLreBGN,QMUrLreBGN,kI,fNfNj,QMUrLreBGN,fNfNj,fch,DRYSSSMRrl,fch
fch,kI,QMUrLreBGN,fNfNj,QMUrLreBGN,QMUrLreBGN,kI,fNfNj,QMUrLreBGN,fNfNj,fch,DRYSSSMRrl,fch
kI,QMUrLreBGN,fNfNj,fch,DRYSSSMRrl,QMUrLreBGN,QMUrLreBGN,kI,fNfNj,QMUrLreBGN,fNfNj,fch,fch
fNfNj
kI,QMUrLreBGN,fNfNj,DRYSSSMRrl,QMUrLreBGN,QMUrLreBGN,kI,fNfNj,QMUrLreBGN,fNfNj,fch,fch
fNfNj
kI,QMUrLreBGN,fNfNj,DRYSSSMRrl,QMUrLreBGN,QMUrLreBGN,kI,fNfNj,QMUrLreBGN,fNfNj,fch,fch
kI,fNfNj,QMUrLreBGN,DRYSSSMRrl,QMUrLreBGN,QMUrLreBGN,kI,fNfNj,QMUrLreBGN,fNfNj,fch,kI,fch
QMUrLreBGN,fch,kI,QMUrLreBGN,fNfNj,QMUrLreBGN,kI,fNfNj,QMUrLreBGN,fNfNj,fch
fNfNj
QMUrLreBGN,fch,QMUrLreBGN,fNfNj,QMUrLreBGN,kI,fNfNj,QMUrLreBGN,fNfNj,fch
kI
fch,QMUrLreBGN,vfiELjp,kI,fNfNj,QMUrLreBGN,fNfNj,QMUrLreBGN,fNfNj,fch
QMUrLreBGN,fch,QMUrLreBGN,fNfNj,kI,QMUrLreBGN,kI,fNfNj,QMUrLreBGN,fNfNj,fch
QMUrLreBGN,fch,kI,QMUrLreBGN,fNfNj,QMUrLreBGN,kI,fNfNj,QMUrLreBGN,fNfNj,fch,fch
fch,kI,QMUrLreBGN,fNfNj,QMUrLreBGN,QMUrLreBGN,kI,fNfNj,QMUrLreBGN,fNfNj,fch,fch
fch,kI,QMUrLreBGN,fNfNj,QMUrLreBGN,QMUrLreBGN,kI,fNfNj,QMUrLreBGN,fNfNj,fch,fch
QMUrLreBGN
fch,kI,QMUrLreBGN,QMUrLreBGN,fNfNj,QMUrLreBGN,kI,fNfNj,QMUrLreBGN,fNfNj,fch,fch,kI
QMUrLreBGN
QMUrLreBGN
QMUrLreBGN
QMUrLreBGN,QMUrLreBGN,fNfNj,QMUrLreBGN,kI,fNfNj,QMUrLreBGN,fNfNj,fch,fch,kI
QMUrLreBGN
QMUrLreBGN
QMUrLreBGN
QMUrLreBGN
QMUrLreBGN
QMUrLreBGN
QMUrLreBGN,fch,QMUrLreBGN,fNfNj,QMUrLreBGN,kI,fNfNj,QMUrLreBGN,fNfNj,fch
QMUrLreBGN,fch,QMUrLreBGN,fNfNj,QMUrLreBGN,kI,fNfNj,QMUrLreBGN,fNfNj,fch
kI
QMUrLreBGN,fch,QMUrLreBGN,QMUrLreBGN,kI,fNfNj,fNfNj,QMUrLreBGN,fNfNj,fch
QMUrLreBGN,fch,QMUrLreBGN,QMUrLreBGN,kI,fNfNj,fNfNj,QMUrLreBGN,fNfNj,fch
QMUrLreBGN,fch,QMUrLreBGN,QMUrLreBGN,kI,fNfNj,fNfNj,QMUrLreBGN,fNfNj,fch,kI
fNfNj
QMUrLreBGN,fch,QMUrLreBGN,QMUrLreBGN,fNfNj,fNfNj,kI,QMUrLreBGN,fNfNj,fch,kI
QMUrLreBGN,fch,QMUrLreBGN,QMUrLreBGN,fNfNj,kI,QMUrLreBGN,fNfNj,fch,kI,fNfNj
kI
QMUrLreBGN,fch,QMUrLreBGN,QMUrLreBGN,fNfNj,kI,QMUrLreBGN,fNfNj,fch,kI,fNfNj
QMUrLreBGN,fch,QMUrLreBGN,QMUrLreBGN,fNfNj,kI,QMUrLreBGN,fNfNj,fch,kI,fNfNj,vfiELjp,kI
QMUrLreBGN,fch,QMUrLreBGN,QMUrLreBGN,fNfNj,kI,QMUrLreBGN,fNfNj,fch,kI,fNfNj,vfiELjp,kI
QMUrLreBGN
QMUrLreBGN
fch,QMUrLreBGN,QMUrLreBGN,fNfNj,kI,QMUrLreBGN,fNfNj,fch,kI,fNfNj,vfiELjp,kI,fNfNj
fch,QMUrLreBGN,QMUrLreBGN,fNfNj,kI,QMUrLreBGN,fNfNj,fch,kI,fNfNj,vfiELjp,kI,fNfNj
QMUrLreBGN
fch,QMUrLreBGN,QMUrLreBGN,fNfNj,kI,QMUrLreBGN,fNfNj,fch,kI,fNfNj,vfiELjp,kI,fNfNj,kI
QMUrLreBGN
fNfNj,kI,QMUrLreBGN,QMUrLreBGN,QMUrLreBGN,fNfNj,fch,kI,fNfNj,vfiELjp,kI,fNfNj,Ls,DRYSSSMRrl,DRYSSSMRrl
kI,QMUrLreBGN,QMUrLreBGN,QMUrLreBGN,fNfNj,fch,kI,fNfNj,vfiELjp,kI,fNfNj,Ls,DRYSSSMRrl,DRYSSSMRrl
kI,QMUrLreBGN,QMUrLreBGN,QMUrLreBGN,fNfNj,fch,kI,fNfNj,vfiELjp,kI,fNfNj,Ls,DRYSSSMRrl,DRYSSSMRrl
QMUrLreBGN
kI,QMUrLreBGN,QMUrLreBGN,QMUrLreBGN,fNfNj,fch,kI,fNfNj,vfiELjp,kI,fNfNj,Ls,DRYSSSMRrl,DRYSSSMRrl
fch
fch
kI,QMUrLreBGN,QMUrLreBGN,fch,QMUrLreBGN,kI,fNfNj,kI,fNfNj,Ls,DRYSSSMRrl,DRYSSSMRrl,DRYSSSMRrl,kI
kI,QMUrLreBGN,QMUrLreBGN,fch,QMUrLreBGN,kI,fNfNj,kI,fNfNj,Ls,DRYSSSMRrl,DRYSSSMRrl,DRYSSSMRrl,kI,fch
kI,QMUrLreBGN,QMUrLreBGN,fch,QMUrLreBGN,kI,kI,fNfNj,Ls,DRYSSSMRrl,DRYSSSMRrl,DRYSSSMRrl,kI,fch,kI
fch
fch
kI,QMUrLreBGN,QMUrLreBGN,fch,fNfNj,QMUrLreBGN,kI,fNfNj,vfiELjp,kI,fNfNj,Ls,DRYSSSMRrl,DRYSSSMRrl
Jedi Wagner, assuma o comando!