Toque! Toque, Dijê!
[vazia]
[vazia]
vDFUNcb
vDFUNcb
vDFUNcb
NqxZ
VqxzsB
VqxzsB
NqxZ
vDFUNcb,NqxZ
vDFUNcb,NqxZ
NqxZ
vDFUNcb,NqxZ
NqxZ
NqxZ,NqxZ,VA,Gp
NqxZ,NqxZ,VA,Gp
VA
NqxZ,VA,NqxZ,Gp
VA
VA
VA
VA
VA
Gp
NqxZ,NqxZ,VA,Gp
Gp
NqxZ,NqxZ,VA,Gp
Gp
Gp
VA
VA
VA
VA
Gp
NqxZ,NqxZ,VA,Gp
Gp
NqxZ,NqxZ,VA,Gp
NqxZ,NqxZ,VA,Gp
NqxZ,NqxZ,VA,Gp
NqxZ,NqxZ,VA,Gp
NqxZ,NqxZ,VA,Gp,Gp
NqxZ,VA,Gp,NqxZ,Gp
NqxZ,NqxZ,VA,Gp,Gp
Gp
NqxZ,NqxZ,VA,Gp,Gp
Gp
NqxZ,NqxZ,VA,Gp,Gp
Gp
Gp
NqxZ,VA,Gp,Gp
Gp
Gp
VA,Gp,Gp,NqxZ
NqxZ
VA,Gp,NqxZ,Gp
Gp
Gp
Gp
VA,Gp,NqxZ,Gp
Gp
Gp
VA,Gp,NqxZ,Gp,NqxZ,Gp,KEFGuQy
Gp
Gp
VA,Gp,NqxZ,Gp,NqxZ,Gp,KEFGuQy
VA,Gp,NqxZ,Gp,NqxZ,Gp,KEFGuQy
VA,Gp,NqxZ,Gp,NqxZ,Gp,KEFGuQy
Gp
Gp
VA,Gp,NqxZ,Gp,NqxZ,Gp,KEFGuQy,VA,KEFGuQy
Gp
VA,Gp,NqxZ,Gp,NqxZ,Gp
VA,Gp,NqxZ,Gp,NqxZ,Gp
VA,Gp,NqxZ,Gp,NqxZ,Gp
VA,Gp,NqxZ,Gp,NqxZ,Gp
Gp
VA,Gp,NqxZ,Gp,NqxZ,Gp
Gp
VA,Gp,NqxZ,Gp,NqxZ,Gp
VA,Gp,NqxZ,Gp,NqxZ,Gp
Gp
VA,Gp,NqxZ,Gp,NqxZ,Gp
VA,Gp,NqxZ,Gp,NqxZ,Gp
Gp
VA,Gp,NqxZ,Gp,NqxZ,Gp,Gp,Gp,NqxZ
VA,Gp,NqxZ,Gp,NqxZ,Gp,Gp,Gp
Gp
VA,Gp,NqxZ,Gp,NqxZ,Gp,Gp,Gp
NqxZ
VA,Gp,NqxZ,Gp,NqxZ,Gp,Gp,Gp
VA,Gp,NqxZ,Gp,NqxZ,Gp,Gp,Gp
NqxZ
Gp
Gp,Gp,Gp,NqxZ,Gp,Gp,NqxZ,NqxZ
Gp,Gp,Gp,NqxZ,Gp,Gp,NqxZ,NqxZ,KEFGuQy
Gp,Gp,Gp,Gp,Gp,NqxZ,NqxZ,KEFGuQy,NqxZ
VA,Gp,Gp,NqxZ,Gp,Gp,Gp
Gp
VA,Gp,Gp,NqxZ,Gp,Gp,Gp
VA,Gp,Gp,NqxZ,Gp,Gp,Gp,VqxzsB,VA
VA,Gp,Gp,NqxZ,Gp,Gp,Gp,VqxzsB,VA
VA,Gp,Gp,NqxZ,Gp,Gp,Gp,VqxzsB,VA,Gp
Gp
Gp
VA,Gp,Gp,NqxZ,Gp,Gp,Gp,VA,Gp,Gp
VA,Gp,Gp,NqxZ,Gp,Gp,Gp,VA,Gp,Gp
Gp
VA,Gp,NqxZ,Gp,Gp,Gp,VA,Gp,Gp
Gp
Gp
VA,Gp,NqxZ,Gp,Gp,Gp,VA,Gp,Gp,VqxzsB
Gp
VA,Gp,NqxZ,Gp,Gp,Gp,VA,Gp,Gp,VqxzsB,vDFUNcb,RN
Gp
VA,NqxZ,Gp,Gp,Gp,VA,Gp,Gp,VqxzsB,VqxzsB
VA
VA
VA
VA,Gp,Gp,VA,Gp,NqxZ,Gp,VqxzsB,VqxzsB
NqxZ
VA,Gp,Gp,VA,Gp,NqxZ,Gp,VqxzsB,VqxzsB,VA,KEFGuQy
NqxZ
Gp
Gp
VA,Gp,VA,Gp,Gp,Gp,VqxzsB,VqxzsB,VA,VA
VA,Gp,Gp,VA,Gp,NqxZ,Gp,VqxzsB,VqxzsB,VA,KEFGuQy
VA,Gp,Gp,VA,Gp,NqxZ,Gp,VqxzsB,VqxzsB,VA,KEFGuQy
VA,Gp,Gp,VA,Gp,NqxZ,Gp,VqxzsB,VqxzsB,VA,KEFGuQy
VA,Gp,Gp,VA,Gp,NqxZ,Gp,VqxzsB,VqxzsB
NqxZ
Gp,VA,Gp,NqxZ,Gp,VA,Gp,VqxzsB,VqxzsB
Gp,Gp,NqxZ,Gp,VA,Gp,VqxzsB,VqxzsB
NqxZ
NqxZ
NqxZ
VA,Gp,Gp,VA,Gp,NqxZ,Gp,VqxzsB,Gp
NqxZ
VA,Gp,Gp,VA,Gp,NqxZ,Gp,VqxzsB
VA,Gp,Gp,VA,Gp,NqxZ,Gp,VqxzsB
Gp
Gp
Gp
Gp
VA,Gp,Gp,VA,Gp,NqxZ,Gp,VqxzsB,NqxZ
Gp
VA,Gp,Gp,VA,Gp,NqxZ,Gp,VqxzsB,VqxzsB,NqxZ,VqxzsB
Gp
Gp,Gp,VA,Gp,NqxZ,Gp,VqxzsB,VqxzsB,NqxZ,VqxzsB
Gp,Gp,VA,Gp,NqxZ,Gp,VqxzsB,VqxzsB,NqxZ,VqxzsB
Gp,VA,Gp,NqxZ,Gp,VqxzsB,VqxzsB,NqxZ,VqxzsB,KEFGuQy
Gp,VA,Gp,NqxZ,Gp,VqxzsB,VqxzsB,NqxZ,VqxzsB,KEFGuQy,VA
Gp,VA,Gp,NqxZ,Gp,VqxzsB,NqxZ,VqxzsB,KEFGuQy,VA,NqxZ
Gp,VA,Gp,NqxZ,Gp,VqxzsB,NqxZ,VqxzsB,KEFGuQy,VA,NqxZ
NqxZ
NqxZ
NqxZ
Gp,VA,Gp,Gp,VqxzsB,NqxZ,VqxzsB,KEFGuQy,VA,NqxZ
Gp,VA,Gp,Gp,VqxzsB,NqxZ,VqxzsB,KEFGuQy,VA,NqxZ
Gp,VA,Gp,Gp,VqxzsB,NqxZ,VqxzsB,KEFGuQy,VA,NqxZ
Gp,VA,Gp,Gp,VqxzsB,NqxZ,VqxzsB,KEFGuQy,VA,NqxZ,vDFUNcb,NqxZ
Gp,VA,Gp,Gp,VqxzsB,NqxZ,VqxzsB,KEFGuQy,VA,NqxZ,vDFUNcb,NqxZ,NqxZ,NqxZ
Gp,Gp,NqxZ,VqxzsB,Gp,KEFGuQy,VA,NqxZ,NqxZ,NqxZ,Gp
Gp,Gp,NqxZ,VqxzsB,Gp,KEFGuQy,VA,NqxZ,NqxZ,NqxZ,Gp
Gp
Gp,Gp,NqxZ,VqxzsB,Gp,KEFGuQy,VA,NqxZ,NqxZ,NqxZ,Gp
Gp,VA,Gp,Gp,VqxzsB,NqxZ,vDFUNcb,VqxzsB,KEFGuQy,VA,NqxZ,NqxZ,NqxZ
VqxzsB
VqxzsB
VA
NqxZ
Gp,Gp,Gp,VqxzsB,VqxzsB,VA,NqxZ,VA,NqxZ,vDFUNcb,NqxZ,NqxZ,Gp
Gp,Gp,VqxzsB,VqxzsB,VA,NqxZ,VA,NqxZ,vDFUNcb,NqxZ,NqxZ,Gp
VA
VA
Gp,Gp,VqxzsB,VqxzsB,VA,NqxZ,vDFUNcb,NqxZ,NqxZ,Gp,Gp,RN
NqxZ
Gp,Gp,VqxzsB,VqxzsB,VA,NqxZ,NqxZ,NqxZ,Gp,Gp,RN,VqxzsB,Gp
NqxZ
Gp,Gp,VqxzsB,VA,NqxZ,vDFUNcb,VqxzsB,NqxZ,NqxZ,Gp,Gp,RN,Gp
NqxZ
NqxZ
Gp,Gp,VqxzsB,VqxzsB,VA,NqxZ,vDFUNcb,NqxZ,NqxZ,Gp,Gp,RN,Gp
Gp,Gp,VqxzsB,VqxzsB,VA,NqxZ,vDFUNcb,NqxZ,NqxZ,Gp,Gp,RN,Gp
Gp,Gp,VqxzsB,VqxzsB,VA,vDFUNcb,NqxZ,NqxZ,NqxZ,Gp,Gp,Gp
Gp,VqxzsB,VqxzsB,VA,Gp,vDFUNcb,NqxZ,NqxZ,NqxZ,Gp,Gp,Gp,vDFUNcb,VA
VqxzsB,VqxzsB,VA,Gp,vDFUNcb,Gp,NqxZ,NqxZ,NqxZ,Gp,Gp,Gp,vDFUNcb,VA,VqxzsB,RN
Gp
VA
NqxZ
Gp,Gp,VqxzsB,VqxzsB,VA,NqxZ,vDFUNcb,NqxZ,NqxZ,Gp,Gp,RN
NqxZ
NqxZ
Gp,Gp,VqxzsB,VqxzsB,VA,NqxZ,vDFUNcb,NqxZ,NqxZ,Gp,Gp,RN
NqxZ
Gp,Gp,VqxzsB,VqxzsB,VA,NqxZ,vDFUNcb,NqxZ,NqxZ,Gp,Gp,RN,RN
Gp,Gp,VqxzsB,VqxzsB,VA,NqxZ,NqxZ,NqxZ,Gp,Gp,vDFUNcb,RN,RN
RN
RN
Gp,Gp,VqxzsB,VqxzsB,NqxZ,NqxZ,NqxZ,Gp,Gp,vDFUNcb,RN,RN,vDFUNcb,VA,VqxzsB
Gp,Gp,VqxzsB,VqxzsB,NqxZ,NqxZ,NqxZ,Gp,Gp,vDFUNcb,RN,RN,vDFUNcb,VA,VqxzsB
RN
RN
RN
Gp,Gp,VqxzsB,VqxzsB,NqxZ,NqxZ,NqxZ,Gp,Gp,vDFUNcb,RN,RN,vDFUNcb
vDFUNcb
Gp
Gp
Gp,Gp,VqxzsB,VqxzsB,NqxZ,NqxZ,NqxZ,Gp,Gp,vDFUNcb,RN,RN,vDFUNcb,Gp,VA
Gp,Gp,VqxzsB,VqxzsB,NqxZ,NqxZ,NqxZ,Gp,Gp,vDFUNcb,RN,RN,vDFUNcb,Gp,VA
Gp
NqxZ
Gp,Gp,VqxzsB,VqxzsB,NqxZ,NqxZ,Gp,Gp,vDFUNcb,RN,RN,vDFUNcb,Gp,NqxZ,VA,VA
Gp,Gp,VqxzsB,VqxzsB,NqxZ,NqxZ,NqxZ,Gp,Gp,vDFUNcb,RN,RN,vDFUNcb,Gp
VqxzsB,VqxzsB,NqxZ,NqxZ,NqxZ,Gp,Gp,vDFUNcb,RN,RN,vDFUNcb,Gp,VA
Gp
VqxzsB,VqxzsB,NqxZ,NqxZ,NqxZ,Gp,Gp,vDFUNcb,RN,vDFUNcb,Gp,VA
VqxzsB,VqxzsB,NqxZ,NqxZ,NqxZ,Gp,Gp,vDFUNcb,RN,vDFUNcb,Gp,VA,Gp,Gp
Jedi Wagner, assuma o comando!