Toque! Toque, Dijê!
VajYLJ
VajYLJ
VajYLJ
VajYLJ,t,Px,xPkQE
VajYLJ
VajYLJ,t,Px,xPkQE,t
t
t
t
t,VajYLJ,Px,xPkQE,t,JHun
t,VajYLJ,Px,xPkQE,t,JHun
t
t
Px
Px
VajYLJ,t,Px,xPkQE,t,JHun,VajYLJ,OEnLrpdJ,JHun
Px
VajYLJ,t,Px,t,JHun,VajYLJ,OEnLrpdJ,JHun
Px
Px
VajYLJ,t,Px,JHun,t,VajYLJ,OEnLrpdJ,JHun,t,t
VajYLJ,Px,JHun,VajYLJ,OEnLrpdJ,JHun,t,t,Px,VajYLJ
VajYLJ,Px,JHun,VajYLJ,OEnLrpdJ,JHun,t,t,Px,VajYLJ
VajYLJ
VajYLJ,Px,VajYLJ,OEnLrpdJ,JHun,t,t,Px,VajYLJ,t
VajYLJ,Px,JHun,t,VajYLJ,OEnLrpdJ,JHun,t,t,Px
VajYLJ,Px,JHun,t,VajYLJ,OEnLrpdJ,JHun,t,t,Px
VajYLJ
VajYLJ,Px,JHun,t,VajYLJ,OEnLrpdJ,JHun,t,t,Px,Px
VajYLJ
VajYLJ
Px,VajYLJ,t,t,Px,Px,xPkQE,t,ou
Px,t,VajYLJ,t,Px,Px,xPkQE,t,VajYLJ,Px
Px,t,VajYLJ,t,Px,Px,xPkQE,t,VajYLJ,Px
t
VajYLJ,Px,JHun,t,VajYLJ,OEnLrpdJ,JHun,t,t,Px
Px,JHun,t,VajYLJ,VajYLJ,OEnLrpdJ,JHun,t,t,Px
OEnLrpdJ
VajYLJ
VajYLJ,Px,JHun,VajYLJ,OEnLrpdJ,JHun,t,t,Px
VajYLJ,Px,JHun,VajYLJ,OEnLrpdJ,JHun,t,Px
OEnLrpdJ
JHun
JHun
Px
VajYLJ
VajYLJ
JHun,JHun,t,VajYLJ,Px
t
t
JHun,JHun,Px,JHun,VajYLJ
Px
Px
Px
JHun
JHun
JHun,JHun,Px,JHun,JHun
JHun
JHun
JHun,JHun,Px,JHun,JHun,xPkQE
JHun,JHun,Px,JHun,JHun,xPkQE
JHun
JHun
xPkQE,JHun,VajYLJ,Px,JHun,JHun,JHun,ou
JHun
VajYLJ
VajYLJ
xPkQE,JHun,VajYLJ,Px,JHun,JHun,JHun,ou,OEnLrpdJ
VajYLJ
xPkQE,JHun,VajYLJ,JHun,JHun,JHun,OEnLrpdJ,JHun,t
VajYLJ
xPkQE,JHun,VajYLJ,JHun,JHun,JHun,OEnLrpdJ,JHun,t,JHun
xPkQE,JHun,VajYLJ,JHun,JHun,JHun,OEnLrpdJ,JHun,t,JHun
xPkQE,JHun,VajYLJ,Px,JHun,JHun,JHun,ou,OEnLrpdJ
JHun
VajYLJ,Px,JHun,JHun,JHun,ou,OEnLrpdJ,t,OEnLrpdJ,OEnLrpdJ,VajYLJ
ou
ou
OEnLrpdJ
Px,JHun,ou,OEnLrpdJ,VajYLJ,JHun,JHun,t,OEnLrpdJ,OEnLrpdJ,VajYLJ,xPkQE
VajYLJ,Px,JHun,ou,OEnLrpdJ,JHun,JHun,t,OEnLrpdJ,OEnLrpdJ,VajYLJ,xPkQE,Px
VajYLJ,Px,JHun,ou,OEnLrpdJ,JHun,JHun,t,OEnLrpdJ,OEnLrpdJ,VajYLJ,xPkQE,Px
OEnLrpdJ
OEnLrpdJ
VajYLJ,Px,OEnLrpdJ,JHun,JHun,t,OEnLrpdJ,OEnLrpdJ,VajYLJ,xPkQE,ou
VajYLJ,Px,OEnLrpdJ,JHun,JHun,OEnLrpdJ,OEnLrpdJ,VajYLJ,xPkQE,ou
JHun
VajYLJ,OEnLrpdJ,JHun,ou,Px,JHun,t,OEnLrpdJ,OEnLrpdJ,VajYLJ,xPkQE,VajYLJ
Px
Px
VajYLJ,OEnLrpdJ,JHun,ou,Px,JHun,t,OEnLrpdJ,OEnLrpdJ,VajYLJ,VajYLJ,xPkQE
VajYLJ,OEnLrpdJ,JHun,ou,Px,JHun,t,OEnLrpdJ,OEnLrpdJ,VajYLJ,VajYLJ,xPkQE
VajYLJ,OEnLrpdJ,JHun,Px,JHun,t,OEnLrpdJ,OEnLrpdJ,VajYLJ,VajYLJ,xPkQE
Px
VajYLJ,OEnLrpdJ,JHun,t,Px,JHun,OEnLrpdJ,OEnLrpdJ,VajYLJ,VajYLJ,xPkQE,VajYLJ
VajYLJ,OEnLrpdJ,JHun,t,Px,JHun,OEnLrpdJ,OEnLrpdJ,VajYLJ,VajYLJ,xPkQE,VajYLJ
t
VajYLJ,OEnLrpdJ,JHun,Px,t,JHun,OEnLrpdJ,OEnLrpdJ,VajYLJ,VajYLJ,xPkQE,VajYLJ
Px
VajYLJ,OEnLrpdJ,JHun,ou,Px,JHun,t,OEnLrpdJ,OEnLrpdJ,VajYLJ,VajYLJ
Px
Px
Px
OEnLrpdJ,ou,Px,VajYLJ,JHun,JHun,OEnLrpdJ,OEnLrpdJ,VajYLJ,VajYLJ,xPkQE
OEnLrpdJ,ou,Px,VajYLJ,JHun,JHun,OEnLrpdJ,OEnLrpdJ,VajYLJ,VajYLJ
OEnLrpdJ,ou,Px,VajYLJ,JHun,JHun,OEnLrpdJ,OEnLrpdJ,VajYLJ,VajYLJ
JHun
ou,Px,VajYLJ,JHun,JHun,OEnLrpdJ,OEnLrpdJ,VajYLJ,VajYLJ,Px
JHun
JHun
Px,VajYLJ,JHun,OEnLrpdJ,JHun,OEnLrpdJ,OEnLrpdJ,VajYLJ,VajYLJ,Px,OEnLrpdJ,t
JHun
ou,Px,VajYLJ,JHun,OEnLrpdJ,JHun,OEnLrpdJ,OEnLrpdJ,VajYLJ,VajYLJ,Px,OEnLrpdJ,t,JHun
ou,Px,VajYLJ,JHun,OEnLrpdJ,JHun,OEnLrpdJ,OEnLrpdJ,VajYLJ,VajYLJ,Px
VajYLJ
OEnLrpdJ
ou,Px,JHun,JHun,VajYLJ,OEnLrpdJ,OEnLrpdJ,OEnLrpdJ,VajYLJ,VajYLJ,Px
OEnLrpdJ
ou,Px,JHun,JHun,VajYLJ,OEnLrpdJ,OEnLrpdJ,OEnLrpdJ,VajYLJ,VajYLJ,Px
ou,Px,JHun,JHun,OEnLrpdJ,OEnLrpdJ,OEnLrpdJ,VajYLJ,VajYLJ,Px
OEnLrpdJ
Px,JHun,JHun,OEnLrpdJ,OEnLrpdJ,OEnLrpdJ,ou,VajYLJ,Px
ou
Px,JHun,JHun,OEnLrpdJ,OEnLrpdJ,OEnLrpdJ,ou,VajYLJ,Px,OEnLrpdJ,OEnLrpdJ
Px,JHun,JHun,OEnLrpdJ,OEnLrpdJ,OEnLrpdJ,ou,VajYLJ,Px,OEnLrpdJ,OEnLrpdJ,Px
ou
Px,JHun,OEnLrpdJ,OEnLrpdJ,OEnLrpdJ,ou,VajYLJ,Px,OEnLrpdJ
ou
ou
JHun,JHun,OEnLrpdJ,OEnLrpdJ,OEnLrpdJ,ou,Px,VajYLJ,Px,xPkQE
Px
OEnLrpdJ
OEnLrpdJ
Px,JHun,JHun,OEnLrpdJ,OEnLrpdJ,OEnLrpdJ,ou,VajYLJ,Px
Px,JHun,OEnLrpdJ,OEnLrpdJ,OEnLrpdJ,ou,VajYLJ,Px,ou,xPkQE
ou
ou
Px,JHun,JHun,OEnLrpdJ,OEnLrpdJ,OEnLrpdJ,VajYLJ,ou,Px
Px,JHun,JHun,OEnLrpdJ,OEnLrpdJ,OEnLrpdJ,VajYLJ,ou,Px
JHun,JHun,OEnLrpdJ,OEnLrpdJ,OEnLrpdJ,VajYLJ,Px,ou,Px
Px
JHun,OEnLrpdJ,OEnLrpdJ,OEnLrpdJ,Px,JHun,Px,ou,xPkQE,OEnLrpdJ
JHun,OEnLrpdJ,OEnLrpdJ,OEnLrpdJ,Px,JHun,Px,ou,xPkQE,OEnLrpdJ
ou
JHun,OEnLrpdJ,OEnLrpdJ,OEnLrpdJ,Px,JHun,Px,ou,xPkQE,OEnLrpdJ
ou
ou
ou
JHun,OEnLrpdJ,OEnLrpdJ,OEnLrpdJ,Px,JHun,Px,ou,xPkQE,OEnLrpdJ,xPkQE,JHun
JHun,OEnLrpdJ,OEnLrpdJ,OEnLrpdJ,Px,JHun,Px,ou,xPkQE,OEnLrpdJ,xPkQE,JHun
JHun,OEnLrpdJ,OEnLrpdJ,OEnLrpdJ,Px,JHun,Px,ou,xPkQE,OEnLrpdJ,xPkQE,JHun,xPkQE
JHun,OEnLrpdJ,OEnLrpdJ,OEnLrpdJ,JHun,Px,ou,xPkQE,OEnLrpdJ,xPkQE,JHun,xPkQE
JHun,OEnLrpdJ,OEnLrpdJ,OEnLrpdJ,Px,JHun,Px,ou,xPkQE,OEnLrpdJ,xPkQE,JHun,xPkQE
xPkQE
xPkQE
JHun,OEnLrpdJ,OEnLrpdJ,OEnLrpdJ,JHun,Px,ou,OEnLrpdJ,xPkQE,xPkQE,JHun,xPkQE,Px,VajYLJ
JHun,OEnLrpdJ,OEnLrpdJ,OEnLrpdJ,JHun,Px,ou,OEnLrpdJ,xPkQE,xPkQE,JHun,xPkQE,Px,VajYLJ
xPkQE
JHun,OEnLrpdJ,OEnLrpdJ,OEnLrpdJ,JHun,Px,ou,OEnLrpdJ,xPkQE,xPkQE,JHun,xPkQE,Px,VajYLJ
xPkQE
xPkQE
JHun,OEnLrpdJ,OEnLrpdJ,OEnLrpdJ,JHun,Px,ou,OEnLrpdJ,xPkQE,xPkQE,JHun,xPkQE,Px,VajYLJ,VajYLJ,ou
xPkQE
xPkQE
JHun,OEnLrpdJ,OEnLrpdJ,OEnLrpdJ,JHun,Px,ou,OEnLrpdJ,xPkQE,xPkQE,JHun,xPkQE,Px,ou
JHun
JHun
JHun,OEnLrpdJ,OEnLrpdJ,OEnLrpdJ,JHun,Px,ou,OEnLrpdJ,xPkQE,xPkQE,JHun,xPkQE,Px,ou
OEnLrpdJ,OEnLrpdJ,OEnLrpdJ,JHun,Px,OEnLrpdJ,xPkQE,xPkQE,JHun,xPkQE,Px,ou,JHun,OEnLrpdJ
Jedi Wagner, assuma o comando!