[vazia]
[vazia]
[vazia]
Toque! Toque, Dijê!
WCeRjf
WCeRjf
WCeRjf
WCeRjf
[vazia]
[vazia]
KRgvQI,RjssKZ,RjssKZ
RjssKZ
RjssKZ
RjssKZ,RjssKZ
RjssKZ,RjssKZ
RjssKZ
RjssKZ
rgXSKqsF
RjssKZ,RjssKZ,rgXSKqsF,rgXSKqsF
RjssKZ,RjssKZ,rgXSKqsF,rgXSKqsF
rgXSKqsF
rgXSKqsF
RjssKZ,rgXSKqsF,rgXSKqsF,rgXSKqsF
rgXSKqsF
RjssKZ,rgXSKqsF,rgXSKqsF,rgXSKqsF,KRgvQI,WCeRjf
RjssKZ,rgXSKqsF,rgXSKqsF,rgXSKqsF,KRgvQI,WCeRjf
KRgvQI
KRgvQI
rgXSKqsF,rgXSKqsF,rgXSKqsF,KRgvQI,WCeRjf
rgXSKqsF,rgXSKqsF,KRgvQI,rgXSKqsF,WCeRjf,WCeRjf
Jedi Wagner, assuma o comando!