Toque! Toque, Dijê!
Toque! Toque, Dijê!
Toque! Toque, Dijê!
f
f
f
[vazia]
f,fmDJwJiX
[vazia]
Toque! Toque, Dijê!
Toque! Toque, Dijê!
Toque! Toque, Dijê!
[vazia]
[vazia]
Toque! Toque, Dijê!
Toque! Toque, Dijê!
fmDJwJiX
fmDJwJiX,f
f
fmDJwJiX
f
fmDJwJiX,f,xJwGl
fmDJwJiX,f,xJwGl
xJwGl
xJwGl
f,xJwGl,fmDJwJiX,Qpa,fmDJwJiX
xJwGl,fmDJwJiX,fmDJwJiX
xJwGl,fmDJwJiX,fmDJwJiX
fmDJwJiX
fmDJwJiX,xJwGl,fmDJwJiX,fmDJwJiX
fmDJwJiX
xJwGl,fmDJwJiX,fmDJwJiX,fmDJwJiX,xJwGl
fmDJwJiX
xJwGl,fmDJwJiX,fmDJwJiX,fmDJwJiX,xJwGl
fmDJwJiX
fmDJwJiX
fmDJwJiX
fmDJwJiX
xJwGl,fmDJwJiX,fmDJwJiX,fmDJwJiX,xJwGl,Qpa,fmDJwJiX
xJwGl,Qpa,fmDJwJiX,fmDJwJiX,xJwGl,fmDJwJiX
xJwGl,fmDJwJiX,fmDJwJiX,xJwGl,fmDJwJiX,xJwGl,fmDJwJiX
xJwGl,xJwGl,fmDJwJiX,xJwGl,fmDJwJiX,fmDJwJiX
fmDJwJiX
fmDJwJiX
fmDJwJiX
fmDJwJiX
fmDJwJiX
xJwGl,xJwGl,Qpa,fmDJwJiX,fmDJwJiX
xJwGl,xJwGl,Qpa,fmDJwJiX,fmDJwJiX,xJwGl,f
xJwGl,xJwGl,Qpa,fmDJwJiX,fmDJwJiX,xJwGl,f
fmDJwJiX
f
xJwGl,Qpa,fmDJwJiX,fmDJwJiX,xJwGl,f,xJwGl
xJwGl
xJwGl
f
xJwGl,fmDJwJiX,f,xJwGl,xJwGl,fmDJwJiX,xJwGl,Qpa
xJwGl,fmDJwJiX,f,xJwGl,xJwGl,fmDJwJiX,xJwGl,Qpa
fmDJwJiX
fmDJwJiX
Qpa
xJwGl
xJwGl
xJwGl
xJwGl
xJwGl
xJwGl
xJwGl,xJwGl,xJwGl,fmDJwJiX,xJwGl,Qpa,Qpa
xJwGl,xJwGl,xJwGl,fmDJwJiX,xJwGl,Qpa,Qpa
xJwGl
xJwGl,xJwGl,xJwGl,fmDJwJiX,xJwGl,Qpa,Qpa
xJwGl,xJwGl,xJwGl,fmDJwJiX,xJwGl,Qpa,Qpa
xJwGl,xJwGl,xJwGl,fmDJwJiX,xJwGl,Qpa,Qpa
xJwGl,xJwGl,xJwGl,fmDJwJiX,xJwGl,Qpa,Qpa,xJwGl
xJwGl,xJwGl,xJwGl,fmDJwJiX,xJwGl,Qpa,Qpa,xJwGl,fmDJwJiX,Qpa
xJwGl
Qpa
Qpa
xJwGl
xJwGl
xJwGl,xJwGl,xJwGl,fmDJwJiX,xJwGl,Qpa,Qpa,fmDJwJiX,xJwGl
xJwGl
xJwGl
xJwGl
xJwGl,xJwGl,xJwGl,fmDJwJiX,xJwGl,Qpa,Qpa
xJwGl,xJwGl,xJwGl,xJwGl,Qpa
xJwGl,xJwGl,xJwGl,xJwGl,Qpa
xJwGl,xJwGl,xJwGl,xJwGl,Qpa
xJwGl
xJwGl
xJwGl,xJwGl,xJwGl,fmDJwJiX,xJwGl,Qpa,Qpa
xJwGl,xJwGl,xJwGl,fmDJwJiX,xJwGl,Qpa,Qpa,xJwGl
xJwGl
xJwGl,xJwGl,xJwGl,fmDJwJiX,xJwGl,Qpa,Qpa,xJwGl,f
xJwGl,xJwGl,xJwGl,fmDJwJiX,xJwGl,Qpa,Qpa,xJwGl
xJwGl,xJwGl,xJwGl,fmDJwJiX,xJwGl,Qpa,Qpa,xJwGl,f
xJwGl,xJwGl,xJwGl,fmDJwJiX,xJwGl,Qpa,Qpa,xJwGl,f,Qpa
xJwGl,fmDJwJiX,xJwGl,xJwGl,Qpa,Qpa,xJwGl,f,Qpa
xJwGl,fmDJwJiX,xJwGl,xJwGl,Qpa,Qpa,xJwGl,f,Qpa,Qpa
xJwGl
xJwGl,fmDJwJiX,xJwGl,xJwGl,Qpa,Qpa,xJwGl,f,Qpa,xJwGl
xJwGl
xJwGl
xJwGl,fmDJwJiX,xJwGl,xJwGl,Qpa,Qpa,xJwGl,f,Qpa
xJwGl,fmDJwJiX,xJwGl,xJwGl,Qpa,Qpa,xJwGl,f,Qpa
xJwGl,fmDJwJiX,xJwGl,xJwGl,Qpa,Qpa,xJwGl,f,Qpa
xJwGl,fmDJwJiX,xJwGl,xJwGl,Qpa,Qpa,xJwGl,f,Qpa,f,xJwGl
fmDJwJiX,xJwGl,xJwGl,Qpa,Qpa,xJwGl,f,Qpa,f,xJwGl,f
xJwGl
fmDJwJiX,xJwGl,Qpa,Qpa,xJwGl,f,Qpa,f,xJwGl,f
fmDJwJiX,xJwGl,Qpa,Qpa,xJwGl,f,Qpa,f,xJwGl,f
Qpa
Qpa
fmDJwJiX,xJwGl,Qpa,Qpa,xJwGl,f,Qpa,f,xJwGl,f,f
fmDJwJiX,xJwGl,Qpa,Qpa,xJwGl,f,Qpa,f,xJwGl,f,f
fmDJwJiX,xJwGl,Qpa,xJwGl,f,Qpa,f,xJwGl,f,f,Qpa
xJwGl,Qpa,xJwGl,Qpa,f,xJwGl,f,f,Qpa,fmDJwJiX,f
xJwGl,Qpa,xJwGl,Qpa,f,xJwGl,f,f,Qpa,fmDJwJiX,f
xJwGl
f,xJwGl,f,f,Qpa,fmDJwJiX,f,fmDJwJiX,fmDJwJiX
xJwGl,f,f,f,Qpa,fmDJwJiX,f,fmDJwJiX,fmDJwJiX
xJwGl
xJwGl,Qpa,f,xJwGl,Qpa,xJwGl,f,f,Qpa,fmDJwJiX,f,f,f
Qpa
xJwGl,Qpa,xJwGl,Qpa,f,xJwGl,f,f,Qpa,fmDJwJiX,f
xJwGl,Qpa,fmDJwJiX,xJwGl,Qpa,f,xJwGl,f,f,Qpa,f
xJwGl,Qpa,fmDJwJiX,xJwGl,Qpa,f,xJwGl,f,f,Qpa,f
xJwGl,Qpa,fmDJwJiX,xJwGl,Qpa,f,xJwGl,f,f,Qpa,f
Qpa,fmDJwJiX,xJwGl,xJwGl,Qpa,f,xJwGl,f,f,Qpa,f
xJwGl
fmDJwJiX,xJwGl,xJwGl,Qpa,f,xJwGl,f,f,Qpa,f
xJwGl
Jedi Wagner, assuma o comando!