[vazia]
[vazia]
Toque! Toque, Dijê!
Toque! Toque, Dijê!
Toque! Toque, Dijê!
[vazia]
Toque! Toque, Dijê!
fRyMchSySx,zwMVfwS
fRyMchSySx
fRyMchSySx,zwMVfwS
fRyMchSySx
fRyMchSySx
Toque! Toque, Dijê!
Toque! Toque, Dijê!
Toque! Toque, Dijê!
iPmT
Toque! Toque, Dijê!
[vazia]
Toque! Toque, Dijê!
[vazia]
Toque! Toque, Dijê!
[vazia]
Toque! Toque, Dijê!
Toque! Toque, Dijê!
Toque! Toque, Dijê!
Toque! Toque, Dijê!
[vazia]
Toque! Toque, Dijê!
[vazia]
Toque! Toque, Dijê!
[vazia]
Toque! Toque, Dijê!
[vazia]
Toque! Toque, Dijê!
Toque! Toque, Dijê!
ALoc,wmG
Toque! Toque, Dijê!
[vazia]
Toque! Toque, Dijê!
Toque! Toque, Dijê!
Toque! Toque, Dijê!
Toque! Toque, Dijê!
[vazia]
Toque! Toque, Dijê!
iPmT
iPmT
iPmT
iPmT,ubHKbKLh
iPmT
ubHKbKLh,fRyMchSySx,iPmT,dagxW
ubHKbKLh
ubHKbKLh
fRyMchSySx
n
ubHKbKLh
ubHKbKLh,iPmT,dagxW,MLc,n,ubHKbKLh
ubHKbKLh
dagxW
ubHKbKLh,iPmT,dagxW,MLc,n,ubHKbKLh,wmG
dagxW
dagxW
dagxW
ubHKbKLh,iPmT,dagxW,MLc,n,ubHKbKLh,wmG
dagxW
dagxW
ubHKbKLh,iPmT,dagxW,n,ubHKbKLh,wmG
ubHKbKLh,iPmT,n,dagxW,ubHKbKLh,wmG
dagxW
dagxW
ubHKbKLh,iPmT,dagxW,MLc,n,ubHKbKLh,wmG
ubHKbKLh,iPmT,dagxW,MLc,n,ubHKbKLh,wmG
dagxW
dagxW
MLc
ubHKbKLh,iPmT,dagxW,MLc,n,ubHKbKLh,wmG,GF
n
ubHKbKLh,iPmT,MLc,n,dagxW,GF,ubHKbKLh,wmG
ubHKbKLh,iPmT,MLc,n,GF,dagxW,ubHKbKLh,wmG,n
n
iPmT,MLc,n,GF,dagxW,ubHKbKLh,wmG,n,iPmT,iPmT,GF
n
n
ubHKbKLh,iPmT,MLc,n,ubHKbKLh,wmG,GF,ALoc
n
n
ubHKbKLh,iPmT,dagxW,MLc,n,ubHKbKLh,wmG,GF
n
ubHKbKLh,iPmT,dagxW,MLc,n,ubHKbKLh,wmG,GF
iPmT
iPmT
ubHKbKLh,dagxW,MLc,n,iPmT,ubHKbKLh,wmG,GF,ALoc,MLc
iPmT
ubHKbKLh,dagxW,MLc,n,GF,iPmT,ubHKbKLh,wmG,ALoc,MLc
ubHKbKLh,dagxW,MLc,n,GF,iPmT,ubHKbKLh,wmG,ALoc,MLc
ubHKbKLh,dagxW,MLc,n,GF,iPmT,ubHKbKLh,wmG,ALoc,MLc
GF
ubHKbKLh,dagxW,MLc,GF,iPmT,ubHKbKLh,wmG,ALoc,MLc
Jedi Wagner, assuma o comando!