[vazia]
GOUWlw,GOUWlw,GOUWlw
GOUWlw
GOUWlw,GOUWlw,GOUWlw
GOUWlw
GOUWlw,GOUWlw,GOUWlw,GOUWlw
GOUWlw
GOUWlw
GOUWlw,GOUWlw,GOUWlw,GOUWlw
GOUWlw,GOUWlw,GOUWlw
GOUWlw,GOUWlw,GOUWlw,GOUWlw
GOUWlw
GOUWlw,GOUWlw,GOUWlw
GOUWlw,GOUWlw,GOUWlw
GOUWlw
GOUWlw
GOUWlw,GOUWlw,GOUWlw
GOUWlw,GOUWlw,GOUWlw
GOUWlw
GOUWlw,GOUWlw,GOUWlw,GOUWlw,GOUWlw
GOUWlw,GOUWlw,GOUWlw,GOUWlw,GOUWlw,GOUWlw,GOUWlw,GOUWlw,GOUWlw,GOUWlw
GOUWlw,GOUWlw,GOUWlw,GOUWlw,GOUWlw,GOUWlw,GOUWlw,GOUWlw,GOUWlw,GOUWlw,GOUWlw
GOUWlw,GOUWlw,GOUWlw,GOUWlw,GOUWlw,GOUWlw,GOUWlw,GOUWlw,GOUWlw,GOUWlw,GOUWlw
GOUWlw,GOUWlw,GOUWlw,GOUWlw,GOUWlw,GOUWlw,GOUWlw,GOUWlw,GOUWlw
GOUWlw,GOUWlw,GOUWlw,GOUWlw,GOUWlw,GOUWlw,GOUWlw,GOUWlw,GOUWlw,GOUWlw
GOUWlw
GOUWlw
GOUWlw
GOUWlw
GOUWlw
GOUWlw,GOUWlw,GOUWlw,GOUWlw,GOUWlw,GOUWlw,GOUWlw,GOUWlw,GOUWlw,GOUWlw
GOUWlw,GOUWlw,GOUWlw,GOUWlw,GOUWlw,GOUWlw,GOUWlw,GOUWlw,GOUWlw
GOUWlw,GOUWlw,GOUWlw,GOUWlw,GOUWlw,GOUWlw,GOUWlw,GOUWlw,GOUWlw,GOUWlw
GOUWlw
GOUWlw
GOUWlw
GOUWlw,GOUWlw,GOUWlw,GOUWlw,GOUWlw,GOUWlw,GOUWlw,GOUWlw,GOUWlw,GOUWlw
GOUWlw
GOUWlw,GOUWlw,GOUWlw,GOUWlw,GOUWlw,GOUWlw,GOUWlw,GOUWlw,GOUWlw,GOUWlw
GOUWlw,GOUWlw,GOUWlw,GOUWlw,GOUWlw,GOUWlw,GOUWlw,GOUWlw,GOUWlw,GOUWlw
GOUWlw,GOUWlw,GOUWlw,GOUWlw,GOUWlw,GOUWlw,GOUWlw,GOUWlw
GOUWlw
GOUWlw,GOUWlw,GOUWlw,GOUWlw,GOUWlw,GOUWlw,GOUWlw,GOUWlw,GOUWlw
GOUWlw,GOUWlw,GOUWlw,GOUWlw,GOUWlw,GOUWlw,GOUWlw,GOUWlw,GOUWlw
GOUWlw
GOUWlw,GOUWlw,GOUWlw,GOUWlw,GOUWlw,GOUWlw,GOUWlw
GOUWlw
GOUWlw,GOUWlw,GOUWlw,GOUWlw,GOUWlw,GOUWlw,GOUWlw,GOUWlw,GOUWlw,GOUWlw
GOUWlw
GOUWlw
GOUWlw,GOUWlw,GOUWlw,GOUWlw,GOUWlw,GOUWlw,GOUWlw,GOUWlw,GOUWlw,GOUWlw
GOUWlw,GOUWlw,GOUWlw,GOUWlw,GOUWlw,GOUWlw,GOUWlw,GOUWlw,GOUWlw,GOUWlw
GOUWlw
GOUWlw,GOUWlw,GOUWlw,GOUWlw,GOUWlw,GOUWlw,GOUWlw,GOUWlw,GOUWlw,GOUWlw
GOUWlw
GOUWlw,GOUWlw,GOUWlw,GOUWlw,GOUWlw,GOUWlw,GOUWlw,GOUWlw,GOUWlw,GOUWlw
GOUWlw
GOUWlw
GOUWlw
GOUWlw,GOUWlw,GOUWlw,GOUWlw,GOUWlw,GOUWlw,GOUWlw,GOUWlw,GOUWlw,GOUWlw,GOUWlw
GOUWlw,GOUWlw,GOUWlw,GOUWlw,GOUWlw,GOUWlw,GOUWlw,GOUWlw,GOUWlw,GOUWlw,GOUWlw
GOUWlw,GOUWlw,GOUWlw,GOUWlw,GOUWlw,GOUWlw,GOUWlw,GOUWlw,GOUWlw,GOUWlw,GOUWlw,GOUWlw
GOUWlw
GOUWlw,GOUWlw,GOUWlw,GOUWlw,GOUWlw,GOUWlw,GOUWlw,GOUWlw,GOUWlw,GOUWlw,GOUWlw
GOUWlw,GOUWlw,GOUWlw,GOUWlw,GOUWlw,GOUWlw,GOUWlw,GOUWlw,GOUWlw,GOUWlw,GOUWlw,GOUWlw
GOUWlw
GOUWlw,GOUWlw,GOUWlw,GOUWlw,GOUWlw,GOUWlw,GOUWlw,GOUWlw,GOUWlw,GOUWlw
GOUWlw
GOUWlw,GOUWlw,GOUWlw,GOUWlw,GOUWlw,GOUWlw,GOUWlw,GOUWlw,GOUWlw,GOUWlw,GOUWlw
GOUWlw
GOUWlw,GOUWlw,GOUWlw,GOUWlw,GOUWlw,GOUWlw,GOUWlw,GOUWlw,GOUWlw,GOUWlw,GOUWlw
GOUWlw
GOUWlw,GOUWlw,GOUWlw,GOUWlw,GOUWlw,GOUWlw,GOUWlw,GOUWlw,GOUWlw,GOUWlw,GOUWlw
GOUWlw,GOUWlw,GOUWlw,GOUWlw,GOUWlw,GOUWlw,GOUWlw,GOUWlw,GOUWlw,GOUWlw,GOUWlw
GOUWlw,GOUWlw,GOUWlw,GOUWlw,GOUWlw,GOUWlw,GOUWlw,GOUWlw,GOUWlw,GOUWlw,GOUWlw
GOUWlw,GOUWlw,GOUWlw,GOUWlw,GOUWlw,GOUWlw,GOUWlw,GOUWlw,GOUWlw,GOUWlw,GOUWlw
GOUWlw
GOUWlw,GOUWlw,GOUWlw,GOUWlw,GOUWlw,GOUWlw,GOUWlw,GOUWlw,GOUWlw,GOUWlw,GOUWlw
GOUWlw,GOUWlw,GOUWlw,GOUWlw,GOUWlw,GOUWlw,GOUWlw,GOUWlw,GOUWlw,GOUWlw,GOUWlw,GOUWlw,GOUWlw
GOUWlw,GOUWlw,GOUWlw,GOUWlw,GOUWlw,GOUWlw,GOUWlw,GOUWlw,GOUWlw,GOUWlw,GOUWlw,GOUWlw,GOUWlw
GOUWlw,GOUWlw,GOUWlw,GOUWlw,GOUWlw,GOUWlw,GOUWlw,GOUWlw,GOUWlw,GOUWlw,GOUWlw,GOUWlw,GOUWlw,GOUWlw
GOUWlw
GOUWlw
GOUWlw,GOUWlw,GOUWlw,GOUWlw,GOUWlw,GOUWlw,GOUWlw,GOUWlw,GOUWlw,GOUWlw,GOUWlw,GOUWlw
GOUWlw,GOUWlw,GOUWlw,GOUWlw,GOUWlw,GOUWlw,GOUWlw,GOUWlw,GOUWlw,GOUWlw,GOUWlw,GOUWlw,GOUWlw,GOUWlw,GOUWlw
GOUWlw,GOUWlw,GOUWlw,GOUWlw,GOUWlw,GOUWlw,GOUWlw,GOUWlw,GOUWlw,GOUWlw,GOUWlw,GOUWlw,GOUWlw,GOUWlw
GOUWlw,GOUWlw,GOUWlw,GOUWlw,GOUWlw,GOUWlw,GOUWlw,GOUWlw,GOUWlw,GOUWlw,GOUWlw,GOUWlw,GOUWlw
GOUWlw
GOUWlw
GOUWlw,GOUWlw,GOUWlw,GOUWlw,GOUWlw,GOUWlw,GOUWlw,GOUWlw,GOUWlw,GOUWlw,GOUWlw,GOUWlw
GOUWlw,GOUWlw,GOUWlw,GOUWlw,GOUWlw,GOUWlw,GOUWlw,GOUWlw,GOUWlw,GOUWlw,GOUWlw,GOUWlw
GOUWlw,GOUWlw,GOUWlw,GOUWlw,GOUWlw,GOUWlw,GOUWlw,GOUWlw,GOUWlw,GOUWlw,GOUWlw
GOUWlw,GOUWlw,GOUWlw,GOUWlw,GOUWlw,GOUWlw,GOUWlw,GOUWlw,GOUWlw,GOUWlw,GOUWlw
GOUWlw
GOUWlw,GOUWlw,GOUWlw,GOUWlw,GOUWlw,GOUWlw,GOUWlw,GOUWlw,GOUWlw,GOUWlw
GOUWlw
GOUWlw
GOUWlw,GOUWlw,GOUWlw,GOUWlw,GOUWlw,GOUWlw,GOUWlw,GOUWlw,GOUWlw,GOUWlw,GOUWlw
GOUWlw
GOUWlw
GOUWlw
GOUWlw
GOUWlw
GOUWlw
GOUWlw,GOUWlw,GOUWlw,GOUWlw,GOUWlw,GOUWlw,GOUWlw,GOUWlw,GOUWlw,GOUWlw,GOUWlw
GOUWlw
GOUWlw
GOUWlw,GOUWlw,GOUWlw,GOUWlw,GOUWlw,GOUWlw,GOUWlw,GOUWlw,GOUWlw,GOUWlw,GOUWlw
GOUWlw
GOUWlw
GOUWlw,GOUWlw,GOUWlw,GOUWlw,GOUWlw,GOUWlw,GOUWlw,GOUWlw,GOUWlw,GOUWlw,GOUWlw
GOUWlw,GOUWlw,GOUWlw,GOUWlw,GOUWlw,GOUWlw,GOUWlw,GOUWlw,GOUWlw,GOUWlw,GOUWlw
GOUWlw,GOUWlw,GOUWlw,GOUWlw,GOUWlw,GOUWlw,GOUWlw,GOUWlw,GOUWlw,GOUWlw
GOUWlw,GOUWlw,GOUWlw,GOUWlw,GOUWlw,GOUWlw,GOUWlw,GOUWlw,GOUWlw
GOUWlw,GOUWlw,GOUWlw,GOUWlw,GOUWlw,GOUWlw,GOUWlw,GOUWlw,GOUWlw
GOUWlw,GOUWlw,GOUWlw,GOUWlw,GOUWlw,GOUWlw,GOUWlw,GOUWlw,GOUWlw,GOUWlw
GOUWlw,GOUWlw,GOUWlw,GOUWlw,GOUWlw,GOUWlw,GOUWlw,GOUWlw,GOUWlw,GOUWlw
GOUWlw
GOUWlw
GOUWlw,GOUWlw,GOUWlw,GOUWlw,GOUWlw,GOUWlw,GOUWlw,GOUWlw,GOUWlw,GOUWlw,GOUWlw
GOUWlw
GOUWlw
GOUWlw
GOUWlw,GOUWlw,GOUWlw,GOUWlw,GOUWlw,GOUWlw,GOUWlw,GOUWlw,GOUWlw,GOUWlw
GOUWlw,GOUWlw,GOUWlw,GOUWlw,GOUWlw,GOUWlw,GOUWlw,GOUWlw,GOUWlw,GOUWlw
GOUWlw
GOUWlw
GOUWlw
GOUWlw
GOUWlw
GOUWlw,GOUWlw,GOUWlw,GOUWlw,GOUWlw,GOUWlw,GOUWlw,GOUWlw,GOUWlw,GOUWlw,GOUWlw
GOUWlw
GOUWlw,GOUWlw,GOUWlw,GOUWlw,GOUWlw,GOUWlw,GOUWlw,GOUWlw,GOUWlw,GOUWlw
GOUWlw,GOUWlw,GOUWlw,GOUWlw,GOUWlw,GOUWlw,GOUWlw,GOUWlw,GOUWlw
GOUWlw
Jedi Wagner, assuma o comando!