Toque! Toque, Dijê!
Toque! Toque, Dijê!
Toque! Toque, Dijê!
Toque! Toque, Dijê!
Toque! Toque, Dijê!
Toque! Toque, Dijê!
Frji
Frji,TaaEdL
Frji
Frji
Frji,YgDwm
Frji
Frji,PinCtuO
Frji
Frji
Frji,PinCtuO,YgDwm,TaaEdL
Frji
TaaEdL,Frji,PinCtuO,YgDwm
Frji
Frji
TaaEdL,Frji,Frji,PinCtuO,YgDwm
TaaEdL,Frji,YgDwm,Frji,PinCtuO,YgDwm,PinCtuO,YgDwm
TaaEdL,Frji,YgDwm,Frji,PinCtuO,YgDwm
Frji
Frji
Frji
Frji,Frji,TaaEdL,TaaEdL
Frji,Frji,TaaEdL,TaaEdL
Frji,Frji,TaaEdL,TaaEdL
TaaEdL
Frji,TaaEdL,Frji,TaaEdL,PinCtuO,YgDwm,PinCtuO
TaaEdL
Frji,TaaEdL,Frji,TaaEdL,PinCtuO,YgDwm,PinCtuO
TaaEdL
Frji,Frji,TaaEdL,YgDwm
Frji,Frji,TaaEdL,YgDwm
TaaEdL
Frji,Frji,TaaEdL,YgDwm
TaaEdL
TaaEdL
Frji,TaaEdL,Frji,TaaEdL,PinCtuO,YgDwm,PinCtuO,TaaEdL
TaaEdL
Frji,TaaEdL,Frji,PinCtuO,TaaEdL,PinCtuO,TaaEdL
Frji,PinCtuO,PinCtuO,TaaEdL
PinCtuO,PinCtuO,TaaEdL
PinCtuO,PinCtuO,TaaEdL
PinCtuO,PinCtuO
PinCtuO
PinCtuO,PinCtuO,YgDwm
PinCtuO,PinCtuO,YgDwm
PinCtuO,PinCtuO,YgDwm,Frji
PinCtuO
PinCtuO
PinCtuO
PinCtuO
PinCtuO
PinCtuO,YgDwm,Frji
Frji,PinCtuO,YgDwm,Frji
PinCtuO,PinCtuO,TaaEdL
PinCtuO,PinCtuO,PinCtuO
PinCtuO
PinCtuO,PinCtuO,PinCtuO
PinCtuO
PinCtuO,PinCtuO,PinCtuO
PinCtuO,PinCtuO
PinCtuO,PinCtuO
PinCtuO,PinCtuO,PinCtuO,TaaEdL
PinCtuO,PinCtuO,PinCtuO,TaaEdL,Frji
PinCtuO
PinCtuO,TaaEdL,PinCtuO,PinCtuO,PinCtuO,TaaEdL
PinCtuO,TaaEdL,PinCtuO,PinCtuO,PinCtuO,TaaEdL
TaaEdL
TaaEdL,PinCtuO,PinCtuO,PinCtuO,PinCtuO
TaaEdL,PinCtuO,PinCtuO,PinCtuO
PinCtuO,PinCtuO
PinCtuO
PinCtuO,PinCtuO,YgDwm,Frji
PinCtuO
PinCtuO,PinCtuO,YgDwm,Frji
Frji
PinCtuO,PinCtuO,YgDwm,Frji
PinCtuO
PinCtuO,PinCtuO,YgDwm,Frji,Frji,PinCtuO,YgDwm,PinCtuO
PinCtuO
PinCtuO
PinCtuO
PinCtuO,PinCtuO,YgDwm,Frji,PinCtuO,YgDwm,PinCtuO,TaaEdL,PinCtuO
PinCtuO,YgDwm,Frji,PinCtuO,YgDwm,PinCtuO,TaaEdL,PinCtuO
PinCtuO
PinCtuO,PinCtuO,YgDwm,Frji,PinCtuO,YgDwm,PinCtuO,TaaEdL,PinCtuO
PinCtuO,Frji,PinCtuO,PinCtuO,YgDwm,PinCtuO,TaaEdL,PinCtuO,TaaEdL,TaaEdL,PinCtuO
PinCtuO
Frji
TaaEdL
Frji
PinCtuO
PinCtuO,PinCtuO,YgDwm,Frji,PinCtuO,YgDwm,PinCtuO,TaaEdL,PinCtuO,Frji
PinCtuO
PinCtuO,PinCtuO,YgDwm,Frji,PinCtuO,YgDwm,PinCtuO,TaaEdL,PinCtuO
PinCtuO
PinCtuO,PinCtuO,YgDwm,Frji,PinCtuO,YgDwm,PinCtuO,TaaEdL,PinCtuO
PinCtuO
YgDwm
PinCtuO,Frji,PinCtuO,YgDwm,PinCtuO,TaaEdL,PinCtuO,YgDwm,YgDwm,YgDwm,Frji,YgDwm
PinCtuO,Frji,PinCtuO,YgDwm,PinCtuO,TaaEdL,PinCtuO,YgDwm,YgDwm,YgDwm,Frji,YgDwm
PinCtuO
PinCtuO,PinCtuO,Frji,PinCtuO,PinCtuO,YgDwm,YgDwm,YgDwm,Frji
PinCtuO,YgDwm,PinCtuO,Frji,PinCtuO,PinCtuO,YgDwm,YgDwm,YgDwm,Frji
PinCtuO,YgDwm,PinCtuO,Frji,PinCtuO,PinCtuO,YgDwm,YgDwm,YgDwm,Frji
Frji
PinCtuO,Frji,PinCtuO,PinCtuO,PinCtuO,YgDwm,YgDwm,YgDwm,Frji
Jedi Wagner, assuma o comando!