[vazia]
Toque! Toque, Dijê!
Toque! Toque, Dijê!
Toque! Toque, Dijê!
oNyqrki,o,YeF
oNyqrki,o,YeF
oNyqrki,VsHaKlCIQg
oNyqrki,oNyqrki,oNyqrki,XdvcHCdXYp,XdvcHCdXYp
oNyqrki
oNyqrki
oNyqrki,oNyqrki
oNyqrki
oNyqrki,oNyqrki,li
oNyqrki,oNyqrki,li,VsHaKlCIQg
li
li
oNyqrki,li,oNyqrki,VsHaKlCIQg,o
oNyqrki,li,oNyqrki,VsHaKlCIQg,o
o
oNyqrki,oNyqrki,VsHaKlCIQg,o,oNyqrki
o
o
oNyqrki,oNyqrki,VsHaKlCIQg,o,oNyqrki
o
oNyqrki,oNyqrki,o,oNyqrki,XdvcHCdXYp
o
oNyqrki,oNyqrki,o,oNyqrki,XdvcHCdXYp
oNyqrki,oNyqrki,o,oNyqrki,XdvcHCdXYp
oNyqrki,oNyqrki,VsHaKlCIQg,o,oNyqrki
oNyqrki
oNyqrki
oNyqrki,oNyqrki,VsHaKlCIQg,o,oNyqrki,oNyqrki
o
oNyqrki,oNyqrki,o,VsHaKlCIQg,oNyqrki
VsHaKlCIQg
oNyqrki,oNyqrki,VsHaKlCIQg,o,oNyqrki
oNyqrki,oNyqrki,VsHaKlCIQg,o,oNyqrki,XdvcHCdXYp
oNyqrki
oNyqrki,oNyqrki,VsHaKlCIQg,o,oNyqrki,XdvcHCdXYp,XdvcHCdXYp
oNyqrki
oNyqrki,oNyqrki,o,oNyqrki,XdvcHCdXYp,XdvcHCdXYp,BhdREE,BhdREE,YeF,o
oNyqrki,oNyqrki,o,oNyqrki,XdvcHCdXYp,XdvcHCdXYp,BhdREE,BhdREE,YeF
XdvcHCdXYp
oNyqrki,oNyqrki,o,oNyqrki,XdvcHCdXYp,XdvcHCdXYp,BhdREE,BhdREE,YeF
oNyqrki,oNyqrki,o,oNyqrki,XdvcHCdXYp,XdvcHCdXYp,BhdREE,YeF,oNyqrki
oNyqrki,oNyqrki,o,oNyqrki,XdvcHCdXYp,XdvcHCdXYp,BhdREE,YeF,oNyqrki
YeF
oNyqrki,oNyqrki,o,oNyqrki,XdvcHCdXYp,XdvcHCdXYp,BhdREE,YeF,oNyqrki,XdvcHCdXYp
oNyqrki,oNyqrki,o,oNyqrki,XdvcHCdXYp,XdvcHCdXYp,BhdREE,YeF,oNyqrki,XdvcHCdXYp
oNyqrki,oNyqrki,o,oNyqrki,XdvcHCdXYp,XdvcHCdXYp,BhdREE,YeF,oNyqrki,XdvcHCdXYp
YeF
oNyqrki,oNyqrki,o,oNyqrki,XdvcHCdXYp,XdvcHCdXYp,BhdREE,YeF,oNyqrki,XdvcHCdXYp
oNyqrki,oNyqrki,o,oNyqrki,XdvcHCdXYp,XdvcHCdXYp,YeF,BhdREE,oNyqrki,XdvcHCdXYp
oNyqrki,oNyqrki,o,oNyqrki,XdvcHCdXYp,XdvcHCdXYp,YeF,BhdREE,oNyqrki,XdvcHCdXYp
oNyqrki,oNyqrki,oNyqrki,YeF,BhdREE,oNyqrki,XdvcHCdXYp,VsHaKlCIQg,XdvcHCdXYp,li,VsHaKlCIQg
oNyqrki,oNyqrki,oNyqrki,YeF,oNyqrki,XdvcHCdXYp,VsHaKlCIQg,XdvcHCdXYp,li,VsHaKlCIQg,BhdREE
oNyqrki
oNyqrki,oNyqrki,oNyqrki,YeF,oNyqrki,XdvcHCdXYp,VsHaKlCIQg,XdvcHCdXYp,VsHaKlCIQg,BhdREE
oNyqrki
oNyqrki,oNyqrki,oNyqrki,YeF,oNyqrki,XdvcHCdXYp,VsHaKlCIQg,XdvcHCdXYp,VsHaKlCIQg,BhdREE,li
oNyqrki
oNyqrki,oNyqrki,oNyqrki,YeF,oNyqrki,XdvcHCdXYp,VsHaKlCIQg,XdvcHCdXYp,VsHaKlCIQg,BhdREE
oNyqrki,oNyqrki,oNyqrki,YeF,oNyqrki,XdvcHCdXYp,VsHaKlCIQg,XdvcHCdXYp,VsHaKlCIQg,BhdREE
oNyqrki,oNyqrki,oNyqrki,YeF,oNyqrki,XdvcHCdXYp,VsHaKlCIQg,XdvcHCdXYp,VsHaKlCIQg,BhdREE
oNyqrki
XdvcHCdXYp
oNyqrki,oNyqrki,oNyqrki,YeF,oNyqrki,XdvcHCdXYp,VsHaKlCIQg,XdvcHCdXYp,VsHaKlCIQg,BhdREE
XdvcHCdXYp
XdvcHCdXYp
oNyqrki,oNyqrki,oNyqrki,YeF,oNyqrki,XdvcHCdXYp,VsHaKlCIQg,XdvcHCdXYp,VsHaKlCIQg,BhdREE,li
oNyqrki,oNyqrki,oNyqrki,YeF,oNyqrki,XdvcHCdXYp,VsHaKlCIQg,XdvcHCdXYp,VsHaKlCIQg,BhdREE,li
oNyqrki,oNyqrki,oNyqrki,oNyqrki,XdvcHCdXYp,VsHaKlCIQg,XdvcHCdXYp,VsHaKlCIQg,BhdREE
oNyqrki,oNyqrki,oNyqrki,oNyqrki,XdvcHCdXYp,VsHaKlCIQg,XdvcHCdXYp,VsHaKlCIQg,BhdREE
XdvcHCdXYp
oNyqrki,oNyqrki,oNyqrki,XdvcHCdXYp,oNyqrki,YeF,VsHaKlCIQg,XdvcHCdXYp,VsHaKlCIQg,BhdREE
oNyqrki,oNyqrki,oNyqrki,XdvcHCdXYp,oNyqrki,YeF,VsHaKlCIQg,XdvcHCdXYp,VsHaKlCIQg,BhdREE,YeF,oNyqrki
oNyqrki
oNyqrki
oNyqrki,oNyqrki,XdvcHCdXYp,oNyqrki,YeF,VsHaKlCIQg,XdvcHCdXYp,VsHaKlCIQg,YeF,oNyqrki
oNyqrki
VsHaKlCIQg
VsHaKlCIQg
oNyqrki,oNyqrki,XdvcHCdXYp,oNyqrki,YeF,VsHaKlCIQg,XdvcHCdXYp,VsHaKlCIQg,BhdREE,YeF,oNyqrki,oNyqrki,YeF
VsHaKlCIQg
oNyqrki,oNyqrki,XdvcHCdXYp,oNyqrki,VsHaKlCIQg,XdvcHCdXYp,VsHaKlCIQg,BhdREE,YeF,oNyqrki,oNyqrki
BhdREE
oNyqrki,oNyqrki,oNyqrki,VsHaKlCIQg,XdvcHCdXYp,VsHaKlCIQg,BhdREE,YeF,oNyqrki,oNyqrki,VsHaKlCIQg,XdvcHCdXYp
oNyqrki,oNyqrki,oNyqrki,VsHaKlCIQg,BhdREE,YeF,oNyqrki,oNyqrki,VsHaKlCIQg,XdvcHCdXYp,BhdREE,XdvcHCdXYp
XdvcHCdXYp
XdvcHCdXYp
XdvcHCdXYp
oNyqrki,oNyqrki,oNyqrki,XdvcHCdXYp,VsHaKlCIQg,BhdREE,XdvcHCdXYp,VsHaKlCIQg,YeF,oNyqrki,oNyqrki,li
oNyqrki,oNyqrki,oNyqrki,XdvcHCdXYp,VsHaKlCIQg,BhdREE,XdvcHCdXYp,VsHaKlCIQg,YeF,oNyqrki,oNyqrki
XdvcHCdXYp
BhdREE
YeF
YeF
YeF
YeF
XdvcHCdXYp,oNyqrki,VsHaKlCIQg,XdvcHCdXYp,VsHaKlCIQg,YeF,BhdREE,oNyqrki,oNyqrki
oNyqrki,VsHaKlCIQg,XdvcHCdXYp,VsHaKlCIQg,YeF,XdvcHCdXYp,BhdREE,oNyqrki,oNyqrki
YeF,XdvcHCdXYp,oNyqrki,oNyqrki,VsHaKlCIQg,XdvcHCdXYp,BhdREE
VsHaKlCIQg
YeF,XdvcHCdXYp,oNyqrki,oNyqrki,VsHaKlCIQg,XdvcHCdXYp,BhdREE
BhdREE
XdvcHCdXYp,oNyqrki,oNyqrki,VsHaKlCIQg,YeF,BhdREE,XdvcHCdXYp,oNyqrki,XdvcHCdXYp,VsHaKlCIQg,oNyqrki,XdvcHCdXYp
BhdREE
VsHaKlCIQg
XdvcHCdXYp,oNyqrki,oNyqrki,YeF,BhdREE,VsHaKlCIQg,XdvcHCdXYp,oNyqrki,XdvcHCdXYp,VsHaKlCIQg,oNyqrki,XdvcHCdXYp,li
li
li
li
li
XdvcHCdXYp,oNyqrki,oNyqrki,YeF,BhdREE,li,VsHaKlCIQg,XdvcHCdXYp,oNyqrki,XdvcHCdXYp,VsHaKlCIQg,oNyqrki,XdvcHCdXYp,VsHaKlCIQg
oNyqrki,oNyqrki,YeF,BhdREE,VsHaKlCIQg,XdvcHCdXYp,oNyqrki,XdvcHCdXYp,VsHaKlCIQg,oNyqrki,XdvcHCdXYp,li
oNyqrki,oNyqrki,YeF,BhdREE,VsHaKlCIQg,XdvcHCdXYp,oNyqrki,XdvcHCdXYp,VsHaKlCIQg,oNyqrki,XdvcHCdXYp,li
VsHaKlCIQg
VsHaKlCIQg
XdvcHCdXYp,oNyqrki,oNyqrki,YeF,BhdREE,VsHaKlCIQg,XdvcHCdXYp,oNyqrki,XdvcHCdXYp,VsHaKlCIQg,oNyqrki,XdvcHCdXYp,li
XdvcHCdXYp,oNyqrki,YeF,BhdREE,VsHaKlCIQg,XdvcHCdXYp,oNyqrki,XdvcHCdXYp,VsHaKlCIQg,oNyqrki,XdvcHCdXYp,li
XdvcHCdXYp,oNyqrki,oNyqrki,YeF,BhdREE,VsHaKlCIQg,XdvcHCdXYp,oNyqrki,XdvcHCdXYp,VsHaKlCIQg,oNyqrki,XdvcHCdXYp,li
VsHaKlCIQg
XdvcHCdXYp,oNyqrki,oNyqrki,YeF,BhdREE,VsHaKlCIQg,XdvcHCdXYp,oNyqrki,XdvcHCdXYp,VsHaKlCIQg,oNyqrki,XdvcHCdXYp,li
oNyqrki,oNyqrki,li,BhdREE,XdvcHCdXYp,XdvcHCdXYp,oNyqrki,XdvcHCdXYp,VsHaKlCIQg,oNyqrki,XdvcHCdXYp,VsHaKlCIQg
oNyqrki,oNyqrki,li,BhdREE,XdvcHCdXYp,XdvcHCdXYp,oNyqrki,XdvcHCdXYp,VsHaKlCIQg,oNyqrki,XdvcHCdXYp,VsHaKlCIQg
oNyqrki,oNyqrki,li,XdvcHCdXYp,XdvcHCdXYp,oNyqrki,XdvcHCdXYp,VsHaKlCIQg,oNyqrki,XdvcHCdXYp,VsHaKlCIQg,o,VsHaKlCIQg,YeF,oNyqrki
XdvcHCdXYp
XdvcHCdXYp
oNyqrki,oNyqrki,li,XdvcHCdXYp,XdvcHCdXYp,YeF,oNyqrki,XdvcHCdXYp,VsHaKlCIQg,oNyqrki,XdvcHCdXYp,VsHaKlCIQg,o,VsHaKlCIQg,oNyqrki
oNyqrki,oNyqrki,li,XdvcHCdXYp,XdvcHCdXYp,YeF,oNyqrki,XdvcHCdXYp,VsHaKlCIQg,oNyqrki,XdvcHCdXYp,VsHaKlCIQg,o,VsHaKlCIQg,oNyqrki,YeF,YeF
oNyqrki,oNyqrki,li,XdvcHCdXYp,XdvcHCdXYp,YeF,oNyqrki,XdvcHCdXYp,VsHaKlCIQg,oNyqrki,XdvcHCdXYp,VsHaKlCIQg,o,VsHaKlCIQg,oNyqrki,YeF,YeF
oNyqrki,oNyqrki,li,XdvcHCdXYp,XdvcHCdXYp,YeF,oNyqrki,XdvcHCdXYp,VsHaKlCIQg,oNyqrki,XdvcHCdXYp,VsHaKlCIQg,o,VsHaKlCIQg,oNyqrki,YeF,YeF,o,oNyqrki,li
XdvcHCdXYp
oNyqrki,oNyqrki,li,XdvcHCdXYp,XdvcHCdXYp,YeF,oNyqrki,XdvcHCdXYp,o,VsHaKlCIQg,oNyqrki,XdvcHCdXYp,VsHaKlCIQg,VsHaKlCIQg,oNyqrki,YeF,YeF,o,oNyqrki,li
VsHaKlCIQg
VsHaKlCIQg
VsHaKlCIQg
oNyqrki,oNyqrki,li,YeF,oNyqrki,XdvcHCdXYp,VsHaKlCIQg,XdvcHCdXYp,o,oNyqrki,XdvcHCdXYp,VsHaKlCIQg,VsHaKlCIQg,oNyqrki,YeF,YeF,o,oNyqrki,li
o
oNyqrki,oNyqrki,oNyqrki,XdvcHCdXYp,VsHaKlCIQg,XdvcHCdXYp,YeF,li,o,oNyqrki,XdvcHCdXYp,VsHaKlCIQg,VsHaKlCIQg,oNyqrki,YeF,YeF,o,oNyqrki,li,o
o
o
oNyqrki
oNyqrki
YeF,XdvcHCdXYp,oNyqrki,o,XdvcHCdXYp,oNyqrki,XdvcHCdXYp,VsHaKlCIQg,VsHaKlCIQg,oNyqrki,YeF,o,oNyqrki,o,VsHaKlCIQg,o,oNyqrki,YeF
XdvcHCdXYp,VsHaKlCIQg,YeF,oNyqrki,o,XdvcHCdXYp,oNyqrki,XdvcHCdXYp,VsHaKlCIQg,oNyqrki,YeF,o,oNyqrki,o,VsHaKlCIQg,o,oNyqrki,YeF
VsHaKlCIQg
XdvcHCdXYp,VsHaKlCIQg,YeF,oNyqrki,o,XdvcHCdXYp,oNyqrki,XdvcHCdXYp,VsHaKlCIQg,oNyqrki,YeF,o,oNyqrki,o,VsHaKlCIQg,o,oNyqrki,YeF
XdvcHCdXYp,VsHaKlCIQg,YeF,oNyqrki,o,XdvcHCdXYp,oNyqrki,XdvcHCdXYp,VsHaKlCIQg,oNyqrki,YeF,o,oNyqrki,o,VsHaKlCIQg,o,oNyqrki,YeF,VsHaKlCIQg
XdvcHCdXYp,VsHaKlCIQg,oNyqrki,o,XdvcHCdXYp,oNyqrki,XdvcHCdXYp,VsHaKlCIQg,oNyqrki,YeF,o,oNyqrki,o,VsHaKlCIQg,o,oNyqrki,YeF,VsHaKlCIQg,VsHaKlCIQg,YeF
VsHaKlCIQg,XdvcHCdXYp,YeF,o,oNyqrki,XdvcHCdXYp,oNyqrki,XdvcHCdXYp,VsHaKlCIQg,VsHaKlCIQg,oNyqrki,YeF,YeF,o,oNyqrki,o,VsHaKlCIQg,o
XdvcHCdXYp
BhdREE
XdvcHCdXYp
XdvcHCdXYp
XdvcHCdXYp
XdvcHCdXYp
XdvcHCdXYp
XdvcHCdXYp,YeF,oNyqrki,XdvcHCdXYp,oNyqrki,XdvcHCdXYp,VsHaKlCIQg,VsHaKlCIQg,oNyqrki,YeF,YeF,o,oNyqrki,o,VsHaKlCIQg,o,oNyqrki,o
XdvcHCdXYp
VsHaKlCIQg,XdvcHCdXYp,YeF,o,oNyqrki,XdvcHCdXYp,oNyqrki,XdvcHCdXYp,VsHaKlCIQg,VsHaKlCIQg,oNyqrki,YeF,YeF,o,oNyqrki,o,VsHaKlCIQg,o
XdvcHCdXYp
VsHaKlCIQg
VsHaKlCIQg,XdvcHCdXYp,YeF,o,oNyqrki,XdvcHCdXYp,oNyqrki,XdvcHCdXYp,VsHaKlCIQg,VsHaKlCIQg,oNyqrki,YeF,YeF,o,oNyqrki,o,VsHaKlCIQg,o
VsHaKlCIQg
VsHaKlCIQg,XdvcHCdXYp,o,oNyqrki,XdvcHCdXYp,oNyqrki,XdvcHCdXYp,VsHaKlCIQg,VsHaKlCIQg,oNyqrki,YeF,YeF,o,oNyqrki,o,VsHaKlCIQg,o,YeF,o,XdvcHCdXYp,VsHaKlCIQg
VsHaKlCIQg,XdvcHCdXYp,o,oNyqrki,XdvcHCdXYp,oNyqrki,XdvcHCdXYp,VsHaKlCIQg,VsHaKlCIQg,oNyqrki,YeF,YeF,o,oNyqrki,o,VsHaKlCIQg,o,YeF,o,XdvcHCdXYp,VsHaKlCIQg
VsHaKlCIQg
VsHaKlCIQg
VsHaKlCIQg
VsHaKlCIQg,XdvcHCdXYp,o,XdvcHCdXYp,oNyqrki,XdvcHCdXYp,VsHaKlCIQg,VsHaKlCIQg,oNyqrki,YeF,YeF,o,oNyqrki,o,VsHaKlCIQg,o,YeF,o,XdvcHCdXYp,VsHaKlCIQg,BhdREE,XdvcHCdXYp,XdvcHCdXYp
VsHaKlCIQg
VsHaKlCIQg,XdvcHCdXYp,o,XdvcHCdXYp,XdvcHCdXYp,VsHaKlCIQg,VsHaKlCIQg,oNyqrki,oNyqrki,YeF,YeF,o,oNyqrki,o,VsHaKlCIQg,o,YeF,o,XdvcHCdXYp,VsHaKlCIQg,BhdREE,XdvcHCdXYp,XdvcHCdXYp,XdvcHCdXYp,BhdREE
VsHaKlCIQg,XdvcHCdXYp,o,XdvcHCdXYp,XdvcHCdXYp,VsHaKlCIQg,VsHaKlCIQg,oNyqrki,oNyqrki,YeF,YeF,o,oNyqrki,o,VsHaKlCIQg,o,YeF,o,XdvcHCdXYp,VsHaKlCIQg,BhdREE,XdvcHCdXYp,XdvcHCdXYp,XdvcHCdXYp,BhdREE,BhdREE
VsHaKlCIQg,XdvcHCdXYp,o,XdvcHCdXYp,XdvcHCdXYp,VsHaKlCIQg,VsHaKlCIQg,oNyqrki,oNyqrki,YeF,YeF,o,oNyqrki,o,VsHaKlCIQg,o,YeF,o,XdvcHCdXYp,VsHaKlCIQg,BhdREE,XdvcHCdXYp,XdvcHCdXYp,XdvcHCdXYp,BhdREE,BhdREE
VsHaKlCIQg
VsHaKlCIQg,XdvcHCdXYp,o,oNyqrki,XdvcHCdXYp,oNyqrki,XdvcHCdXYp,VsHaKlCIQg,VsHaKlCIQg,oNyqrki,YeF,YeF,o,oNyqrki,o,VsHaKlCIQg,o
VsHaKlCIQg
XdvcHCdXYp,YeF,o,oNyqrki,XdvcHCdXYp,oNyqrki,XdvcHCdXYp,VsHaKlCIQg,VsHaKlCIQg,oNyqrki,YeF,YeF,o,oNyqrki,o,VsHaKlCIQg,o,YeF,oNyqrki
YeF
VsHaKlCIQg
XdvcHCdXYp
VsHaKlCIQg,YeF,o,oNyqrki,oNyqrki,XdvcHCdXYp,VsHaKlCIQg,VsHaKlCIQg,XdvcHCdXYp,oNyqrki,YeF,YeF,o,oNyqrki,o,VsHaKlCIQg,o,YeF
VsHaKlCIQg,YeF,o,oNyqrki,oNyqrki,XdvcHCdXYp,VsHaKlCIQg,VsHaKlCIQg,XdvcHCdXYp,oNyqrki,YeF,YeF,o,oNyqrki,o,VsHaKlCIQg,o,YeF
VsHaKlCIQg,YeF,o,oNyqrki,oNyqrki,XdvcHCdXYp,VsHaKlCIQg,VsHaKlCIQg,XdvcHCdXYp,oNyqrki,YeF,YeF,o,oNyqrki,o,VsHaKlCIQg,o,YeF
oNyqrki
oNyqrki
oNyqrki
oNyqrki
VsHaKlCIQg,YeF,o,VsHaKlCIQg,VsHaKlCIQg,XdvcHCdXYp,oNyqrki,oNyqrki,YeF,YeF,o,oNyqrki,o,VsHaKlCIQg,o,YeF,o,VsHaKlCIQg
YeF,o,VsHaKlCIQg,VsHaKlCIQg,XdvcHCdXYp,oNyqrki,oNyqrki,YeF,YeF,o,oNyqrki,o,VsHaKlCIQg,o,YeF,o,VsHaKlCIQg
oNyqrki
YeF,o,VsHaKlCIQg,VsHaKlCIQg,XdvcHCdXYp,oNyqrki,oNyqrki,YeF,YeF,o,oNyqrki,o,VsHaKlCIQg,o,YeF,o,VsHaKlCIQg
oNyqrki
VsHaKlCIQg
VsHaKlCIQg,XdvcHCdXYp,YeF,o,oNyqrki,XdvcHCdXYp,oNyqrki,XdvcHCdXYp,VsHaKlCIQg,VsHaKlCIQg,oNyqrki,YeF,YeF,o,oNyqrki,o,VsHaKlCIQg,o
YeF
YeF
YeF
oNyqrki
XdvcHCdXYp,XdvcHCdXYp,oNyqrki,XdvcHCdXYp,oNyqrki,YeF,oNyqrki,YeF,o,YeF,o,oNyqrki,o,o,li,VsHaKlCIQg,XdvcHCdXYp,XdvcHCdXYp,YeF
XdvcHCdXYp,XdvcHCdXYp,oNyqrki,XdvcHCdXYp,oNyqrki,YeF,oNyqrki,YeF,o,YeF,o,oNyqrki,o,o,VsHaKlCIQg,XdvcHCdXYp,XdvcHCdXYp,YeF
XdvcHCdXYp,YeF,o,oNyqrki,XdvcHCdXYp,oNyqrki,XdvcHCdXYp,VsHaKlCIQg,oNyqrki,YeF,YeF,o,oNyqrki,o,VsHaKlCIQg,o,li,VsHaKlCIQg
YeF
YeF
XdvcHCdXYp,YeF,o,oNyqrki,XdvcHCdXYp,oNyqrki,XdvcHCdXYp,VsHaKlCIQg,oNyqrki,YeF,YeF,o,oNyqrki,o,VsHaKlCIQg,o,li,VsHaKlCIQg,XdvcHCdXYp
YeF
YeF
XdvcHCdXYp,YeF,o,oNyqrki,XdvcHCdXYp,oNyqrki,XdvcHCdXYp,VsHaKlCIQg,oNyqrki,YeF,YeF,o,oNyqrki,o,VsHaKlCIQg,o,li,VsHaKlCIQg,XdvcHCdXYp,oNyqrki
XdvcHCdXYp,YeF,o,oNyqrki,XdvcHCdXYp,oNyqrki,XdvcHCdXYp,VsHaKlCIQg,oNyqrki,YeF,YeF,o,oNyqrki,o,VsHaKlCIQg,o,li,VsHaKlCIQg,XdvcHCdXYp,oNyqrki
YeF
Jedi Wagner, assuma o comando!