Toque! Toque, Dijê!
tFfc
tFfc,Bq,oyKQ
tFfc
tFfc,Bq,oyKQ,RbudjCs
[vazia]
tuY
tuY
tuY
tuY
tuY
tuY
tuY
tuY
Toque! Toque, Dijê!
nrUWpwT
nrUWpwT
nrUWpwT
nrUWpwT
nrUWpwT,alFGpsqM
nrUWpwT,alFGpsqM
nrUWpwT,alFGpsqM
oyKQ
oyKQ,RbudjCs
RbudjCs
RbudjCs
RbudjCs
RbudjCs
oyKQ,Erp,RbudjCs
RbudjCs
RbudjCs
RbudjCs
RbudjCs
oyKQ,Erp,RbudjCs,alFGpsqM,nrUWpwT,oyKQ,Bq
oyKQ,Erp,RbudjCs,alFGpsqM,nrUWpwT,oyKQ,Bq
oyKQ,Erp,RbudjCs,alFGpsqM,nrUWpwT,oyKQ,Bq
oyKQ,Erp,RbudjCs,alFGpsqM,nrUWpwT,oyKQ,Bq
Bq
rGVJvPlup
oyKQ,nrUWpwT,oyKQ,Bq,alFGpsqM
alFGpsqM
alFGpsqM
alFGpsqM
oyKQ,nrUWpwT,oyKQ,Bq,alFGpsqM,oyKQ
rGVJvPlup
alFGpsqM
alFGpsqM
alFGpsqM
alFGpsqM
alFGpsqM,oyKQ,nrUWpwT,oyKQ,Bq,rGVJvPlup,nrUWpwT,tFfc,rGVJvPlup
alFGpsqM
alFGpsqM
oyKQ,rGVJvPlup,alFGpsqM,nrUWpwT,oyKQ,Bq,nrUWpwT
oyKQ,rGVJvPlup,alFGpsqM,nrUWpwT,oyKQ,Bq,nrUWpwT,Erp
alFGpsqM
oyKQ
oyKQ
nrUWpwT,oyKQ,oyKQ,rGVJvPlup,nrUWpwT,Erp,RbudjCs
alFGpsqM
oyKQ,alFGpsqM,nrUWpwT,oyKQ,Bq,rGVJvPlup
oyKQ,alFGpsqM,nrUWpwT,oyKQ,Bq,rGVJvPlup
alFGpsqM
oyKQ
rGVJvPlup
rGVJvPlup
rGVJvPlup
rGVJvPlup
alFGpsqM,oyKQ,oyKQ,Bq,rGVJvPlup,nrUWpwT,alFGpsqM
alFGpsqM,oyKQ,Bq,rGVJvPlup,nrUWpwT,alFGpsqM,oyKQ,rGVJvPlup
alFGpsqM
Erp
alFGpsqM,oyKQ,oyKQ,Bq,rGVJvPlup,nrUWpwT,alFGpsqM,Erp,nrUWpwT
alFGpsqM,oyKQ,oyKQ,Bq,rGVJvPlup,nrUWpwT,alFGpsqM,Erp
alFGpsqM,oyKQ,oyKQ,Bq,rGVJvPlup,nrUWpwT,alFGpsqM,Erp
oyKQ
Bq
Bq
alFGpsqM,oyKQ,oyKQ,Bq,rGVJvPlup,nrUWpwT,alFGpsqM,Erp,tuY
oyKQ,oyKQ,Bq,rGVJvPlup,nrUWpwT,alFGpsqM,Erp
oyKQ,oyKQ,Bq,rGVJvPlup,nrUWpwT,Erp
oyKQ
oyKQ,oyKQ,Bq,rGVJvPlup,nrUWpwT
oyKQ,oyKQ,Bq,rGVJvPlup,nrUWpwT
oyKQ,oyKQ,Bq,nrUWpwT
oyKQ,oyKQ,nrUWpwT,rGVJvPlup
oyKQ,oyKQ,Bq,rGVJvPlup,nrUWpwT,Erp
Erp
Erp
oyKQ,oyKQ,Bq,rGVJvPlup,nrUWpwT,Erp
oyKQ
oyKQ
oyKQ,oyKQ,Bq,nrUWpwT,nrUWpwT
Bq
Bq
Bq
Bq
oyKQ,oyKQ,Bq,nrUWpwT,nrUWpwT,alFGpsqM,tuY
Bq
oyKQ,oyKQ,Bq,tuY,nrUWpwT,nrUWpwT,alFGpsqM
oyKQ,oyKQ,Bq,tuY,nrUWpwT,nrUWpwT,alFGpsqM
Bq
oyKQ
oyKQ
oyKQ,Bq,oyKQ,nrUWpwT,nrUWpwT,alFGpsqM,tuY
oyKQ
oyKQ
Bq,oyKQ,alFGpsqM,oyKQ,nrUWpwT,nrUWpwT,tuY,tuY
alFGpsqM
nrUWpwT
nrUWpwT
oyKQ,nrUWpwT,alFGpsqM,oyKQ,nrUWpwT,tuY,tuY
oyKQ,nrUWpwT,alFGpsqM,oyKQ,nrUWpwT,tuY,tuY
oyKQ,alFGpsqM,oyKQ,nrUWpwT,tuY,tuY
alFGpsqM
alFGpsqM
alFGpsqM
oyKQ,alFGpsqM,oyKQ,nrUWpwT,tuY,nrUWpwT,RbudjCs
oyKQ
oyKQ
oyKQ,alFGpsqM,oyKQ,nrUWpwT,tuY,nrUWpwT,RbudjCs
oyKQ,alFGpsqM,oyKQ,tuY,nrUWpwT,nrUWpwT,RbudjCs,oyKQ
oyKQ,alFGpsqM,oyKQ,nrUWpwT,tuY,nrUWpwT,RbudjCs
nrUWpwT
oyKQ,alFGpsqM,oyKQ,nrUWpwT,tuY,nrUWpwT,RbudjCs
oyKQ,alFGpsqM,oyKQ,nrUWpwT,tuY,nrUWpwT,RbudjCs,RbudjCs
oyKQ,alFGpsqM,oyKQ,nrUWpwT,tuY,nrUWpwT,RbudjCs,RbudjCs
oyKQ,alFGpsqM,oyKQ,nrUWpwT,tuY,nrUWpwT,RbudjCs,RbudjCs
nrUWpwT
oyKQ,alFGpsqM,oyKQ,nrUWpwT,tuY,nrUWpwT,RbudjCs,RbudjCs
oyKQ,alFGpsqM,oyKQ,nrUWpwT,tuY,nrUWpwT,RbudjCs,RbudjCs
oyKQ,nrUWpwT,alFGpsqM,oyKQ,tuY,nrUWpwT,RbudjCs,RbudjCs,tFfc,rGVJvPlup
RbudjCs
oyKQ,alFGpsqM,nrUWpwT,oyKQ,tuY,RbudjCs,RbudjCs,tFfc,Bq
RbudjCs
oyKQ,alFGpsqM,nrUWpwT,oyKQ,tuY,RbudjCs,RbudjCs,Bq,tuY
oyKQ,alFGpsqM,nrUWpwT,oyKQ,tuY,RbudjCs,RbudjCs,Bq,tuY
RbudjCs
oyKQ,alFGpsqM,nrUWpwT,oyKQ,tuY,RbudjCs,RbudjCs,Bq,tuY
oyKQ,alFGpsqM,nrUWpwT,oyKQ,tuY,RbudjCs,RbudjCs,tuY
tuY
alFGpsqM,nrUWpwT,oyKQ,tuY,RbudjCs,tuY,alFGpsqM
alFGpsqM,oyKQ,tuY,RbudjCs,tuY,nrUWpwT,alFGpsqM
RbudjCs
RbudjCs
RbudjCs
oyKQ,nrUWpwT,oyKQ,tuY,RbudjCs,RbudjCs,tuY,alFGpsqM
oyKQ,nrUWpwT,oyKQ,RbudjCs,RbudjCs,tuY,alFGpsqM,tuY,rGVJvPlup
oyKQ,alFGpsqM,nrUWpwT,oyKQ,tuY,RbudjCs,RbudjCs,tuY
tuY
alFGpsqM
nrUWpwT
oyKQ,alFGpsqM,nrUWpwT,oyKQ,tuY,RbudjCs,RbudjCs,tuY
nrUWpwT
nrUWpwT
nrUWpwT
alFGpsqM,nrUWpwT,oyKQ,oyKQ,tuY,RbudjCs,RbudjCs,tuY
alFGpsqM,nrUWpwT,oyKQ,oyKQ,tuY,RbudjCs,RbudjCs,tuY,rGVJvPlup
oyKQ,alFGpsqM,nrUWpwT,oyKQ,tuY,RbudjCs,RbudjCs,tuY
oyKQ
alFGpsqM,nrUWpwT,oyKQ,oyKQ,RbudjCs,RbudjCs,tuY
oyKQ
oyKQ
alFGpsqM,oyKQ,oyKQ,RbudjCs,RbudjCs,tuY
oyKQ
oyKQ
alFGpsqM,nrUWpwT,oyKQ,oyKQ,RbudjCs,RbudjCs,tuY,alFGpsqM,tFfc
alFGpsqM,nrUWpwT,oyKQ,oyKQ,RbudjCs,RbudjCs,tuY,alFGpsqM,tFfc,rGVJvPlup
alFGpsqM,nrUWpwT,oyKQ,oyKQ,RbudjCs,RbudjCs,tuY
nrUWpwT,oyKQ,tuY,alFGpsqM,oyKQ,RbudjCs,RbudjCs
oyKQ
oyKQ
oyKQ
oyKQ
RbudjCs
RbudjCs
oyKQ
oyKQ,tuY,oyKQ,RbudjCs,nrUWpwT,RbudjCs,alFGpsqM
RbudjCs
oyKQ,tuY,oyKQ,RbudjCs,nrUWpwT,RbudjCs,alFGpsqM,tuY
oyKQ,tuY,oyKQ,RbudjCs,nrUWpwT,RbudjCs,alFGpsqM,tuY
nrUWpwT,oyKQ,tuY,alFGpsqM,oyKQ,RbudjCs,RbudjCs,alFGpsqM
RbudjCs
nrUWpwT,oyKQ,oyKQ,RbudjCs,RbudjCs,alFGpsqM,rGVJvPlup,Bq
RbudjCs
Jedi Wagner, assuma o comando!