Woci
Woci,LiahA
LiahA
LiahA
Woci
Woci
Woci,Woci
Woci
Woci,Woci
Woci
Woci
Woci,Woci
Woci
Woci,Woci
Woci
Woci,Woci,rodVBgJBGe
Woci,Woci,rodVBgJBGe
Woci
Woci
Woci,Woci,rodVBgJBGe,adP
adP,rodVBgJBGe,LiahA
adP
adP
adP,rodVBgJBGe,LiahA,yfzdqgHt,rodVBgJBGe,STUhdDV
adP,rodVBgJBGe,LiahA,yfzdqgHt,rodVBgJBGe,STUhdDV
Woci,Woci,rodVBgJBGe,adP
rodVBgJBGe
Woci
Woci,Woci,rodVBgJBGe,adP
adP,Woci,Woci,rodVBgJBGe
adP
Woci,Woci,rodVBgJBGe,adP
adP
adP,Woci,Woci,rodVBgJBGe,nMyLPWJhIk
adP,Woci,Woci,rodVBgJBGe,nMyLPWJhIk
adP,Woci,rodVBgJBGe,Woci,nMyLPWJhIk
Jedi Wagner, assuma o comando!