[vazia]
Toque! Toque, Dijê!
KwXgMzqHY
KwXgMzqHY
Toque! Toque, Dijê!
Toque! Toque, Dijê!
Toque! Toque, Dijê!
[vazia]
sJO
sJO
[vazia]
Toque! Toque, Dijê!
[vazia]
sJO
sJO
sJO
Toque! Toque, Dijê!
AyScCWmJs
AyScCWmJs,sJO
AyScCWmJs,sJO
[vazia]
[vazia]
[vazia]
KwXgMzqHY
KwXgMzqHY
KwXgMzqHY
KwXgMzqHY
KwXgMzqHY,KwXgMzqHY
KwXgMzqHY,KwXgMzqHY
KwXgMzqHY
KwXgMzqHY
KwXgMzqHY,KwXgMzqHY,zKNj,zKNj
KwXgMzqHY
KwXgMzqHY,KwXgMzqHY,zKNj,zKNj,zKNj
KwXgMzqHY,KwXgMzqHY,zKNj,zKNj,zKNj
zKNj
zKNj
zKNj
KwXgMzqHY,zKNj,zKNj
KwXgMzqHY,zKNj,zKNj
KwXgMzqHY,zKNj,zKNj,KwXgMzqHY
KwXgMzqHY,zKNj,zKNj
KwXgMzqHY,KwXgMzqHY,zKNj,zKNj
KwXgMzqHY,KwXgMzqHY,zKNj,zKNj
zKNj,KwXgMzqHY,KwXgMzqHY,zKNj
zKNj
KwXgMzqHY,KwXgMzqHY,zKNj,zKNj,AyScCWmJs
KwXgMzqHY
KwXgMzqHY,KwXgMzqHY,zKNj,zKNj,AyScCWmJs,KwXgMzqHY,KwXgMzqHY
KwXgMzqHY,KwXgMzqHY,KwXgMzqHY,zKNj,KwXgMzqHY
KwXgMzqHY,KwXgMzqHY,KwXgMzqHY,KwXgMzqHY
KwXgMzqHY,KwXgMzqHY,KwXgMzqHY,KwXgMzqHY
KwXgMzqHY,KwXgMzqHY,KwXgMzqHY,zKNj,KwXgMzqHY
KwXgMzqHY,KwXgMzqHY,KwXgMzqHY,zKNj,KwXgMzqHY,AyScCWmJs,KwXgMzqHY
Jedi Wagner, assuma o comando!