ZU
ttFbfkmFuF
ZU
ZU,ttFbfkmFuF,QAbMWLs,sXYF
ZU,ttFbfkmFuF,QAbMWLs,sXYF
ZU,ttFbfkmFuF,sXYF,sXYF
QAbMWLs
QAbMWLs
QAbMWLs
ZU,ttFbfkmFuF,QAbMWLs,sXYF
sXYF
ttFbfkmFuF,QAbMWLs,sXYF,ZU
sXYF
ZU
ZU
ZU
ttFbfkmFuF
ttFbfkmFuF
ttFbfkmFuF
ttFbfkmFuF,sXYF,ZU
ttFbfkmFuF
ttFbfkmFuF
ttFbfkmFuF
ttFbfkmFuF,QAbMWLs,QLBtF,QAbMWLs
ttFbfkmFuF
ttFbfkmFuF,QAbMWLs,QAbMWLs,QAbMWLs
ttFbfkmFuF,sXYF,ZU
ttFbfkmFuF
ZU
ZU
ttFbfkmFuF
sXYF
sXYF,ZU,sXYF,ZU,ZU,sXYF,QAbMWLs,ZU,sXYF
sXYF
ZU
sXYF,ZU,sXYF,ZU,ZU,sXYF,QAbMWLs,ZU,sXYF,UCAxe
sXYF,ZU,sXYF,ZU,ZU,sXYF,ZU,sXYF,UCAxe
ZU
ZU
sXYF,ZU,sXYF,ZU,ZU,sXYF,QAbMWLs,ZU,sXYF
sXYF,ZU,sXYF,ZU,ZU,sXYF,QAbMWLs,ZU,sXYF
sXYF,ZU,QAbMWLs,sXYF,ZU,ZU,sXYF,ZU,sXYF,QLBtF,ttFbfkmFuF
sXYF,ZU,QAbMWLs,sXYF,ZU,ZU,sXYF,ZU,sXYF,QLBtF,ttFbfkmFuF
ZU
sXYF
sXYF
sXYF
ZU
ZU
sXYF,ZU,sXYF,ZU,ZU,sXYF,QAbMWLs,ZU,sXYF,sXYF,QAbMWLs,ZU
ZU,sXYF,ZU,ZU,sXYF,QAbMWLs,ZU,sXYF,sXYF,QAbMWLs,ZU
ZU,sXYF,ZU,ZU,sXYF,QAbMWLs,ZU,sXYF,sXYF,QAbMWLs,ZU
ZU
sXYF,ZU,sXYF,QAbMWLs,ZU,ZU,sXYF,ZU,sXYF,sXYF,QAbMWLs,ZU,ZU,sXYF,QAbMWLs
sXYF,ZU,sXYF,QAbMWLs,ZU,ZU,sXYF,ZU,sXYF,sXYF,QAbMWLs,ZU,ZU,sXYF,QAbMWLs
QAbMWLs
sXYF,ZU,sXYF,QAbMWLs,ZU,ZU,sXYF,ZU,sXYF,sXYF,QAbMWLs,ZU,ZU,sXYF,QAbMWLs,ttFbfkmFuF
sXYF,sXYF,QAbMWLs,ZU,ZU,ZU,sXYF,ZU,sXYF,sXYF,QAbMWLs,ZU,ZU,sXYF,QAbMWLs,ttFbfkmFuF,QLBtF
sXYF,sXYF,QAbMWLs,ZU,ZU,ZU,sXYF,ZU,sXYF,sXYF,QAbMWLs,ZU,ZU,sXYF,QAbMWLs,ttFbfkmFuF,QLBtF
ZU
sXYF,sXYF,QAbMWLs,ZU,ZU,ZU,sXYF,ZU,sXYF,sXYF,QAbMWLs,ZU,ZU,sXYF,QAbMWLs,ttFbfkmFuF,QLBtF
sXYF,QAbMWLs,ZU,ZU,ZU,sXYF,ZU,sXYF,sXYF,QAbMWLs,ZU,ZU,sXYF,QAbMWLs,ttFbfkmFuF,QLBtF
sXYF
ZU
ZU
sXYF,QAbMWLs,ZU,ZU,ZU,sXYF,ZU,sXYF,sXYF,QAbMWLs,ZU,ZU,sXYF,QAbMWLs,ttFbfkmFuF,QLBtF,sXYF
sXYF,ZU,ZU,ZU,sXYF,ZU,sXYF,sXYF,QAbMWLs,ZU,ZU,sXYF,QAbMWLs,ttFbfkmFuF,QLBtF,sXYF
sXYF,ZU,ZU,ZU,sXYF,ZU,sXYF,sXYF,QAbMWLs,ZU,ZU,sXYF,QAbMWLs,ttFbfkmFuF,QLBtF,sXYF
sXYF
sXYF,ZU,ZU,sXYF,ZU,sXYF,ZU,sXYF,QAbMWLs,ZU,ZU,sXYF,QAbMWLs,QLBtF,sXYF,QLBtF
ZU
ZU
sXYF
sXYF
sXYF
sXYF,ZU,ZU,ZU,sXYF,ZU,sXYF,sXYF,QAbMWLs,ZU,ZU,sXYF,QAbMWLs,ttFbfkmFuF,QLBtF,sXYF
sXYF,ZU,ZU,sXYF,ZU,sXYF,sXYF,QLBtF,QAbMWLs,ZU,ZU,sXYF,QAbMWLs,ttFbfkmFuF,sXYF
sXYF,ZU,ZU,sXYF,ZU,sXYF,sXYF,QLBtF,QAbMWLs,ZU,ZU,sXYF,QAbMWLs,ttFbfkmFuF,sXYF
sXYF
sXYF
sXYF,ZU,ZU,ZU,sXYF,ZU,sXYF,sXYF,QAbMWLs,ZU,ZU,sXYF,QAbMWLs,ttFbfkmFuF,QLBtF,sXYF
sXYF
sXYF
sXYF,ZU,ZU,ZU,sXYF,ZU,sXYF,sXYF,QAbMWLs,ZU,ZU,sXYF,QAbMWLs,ttFbfkmFuF,QLBtF,sXYF
sXYF
sXYF,ZU,ZU,ZU,sXYF,ZU,sXYF,ttFbfkmFuF,UCAxe,sXYF,QAbMWLs,ZU,ZU,sXYF,QAbMWLs,QLBtF,sXYF,sXYF
sXYF,ZU,ZU,ZU,sXYF,ZU,sXYF,ttFbfkmFuF,UCAxe,sXYF,QAbMWLs,ZU,ZU,sXYF,QAbMWLs,QLBtF,sXYF,sXYF,ZU
ttFbfkmFuF
ttFbfkmFuF
sXYF
sXYF
sXYF
ZU,ZU,ZU,sXYF,ZU,sXYF,sXYF,QAbMWLs,ZU,ZU,sXYF,QAbMWLs,ttFbfkmFuF,QLBtF,sXYF,QLBtF,ZU
ZU,ZU,ZU,sXYF,ZU,sXYF,sXYF,QAbMWLs,ZU,ZU,sXYF,QAbMWLs,ttFbfkmFuF,QLBtF,sXYF,QLBtF,ZU
ZU,ZU,ZU,sXYF,ZU,sXYF,QLBtF,sXYF,QAbMWLs,ZU,ZU,sXYF,QAbMWLs,ttFbfkmFuF,sXYF,QLBtF,ZU
QLBtF
ZU,ZU,ZU,ZU,sXYF,QLBtF,ttFbfkmFuF,sXYF,QAbMWLs,ZU,ZU,sXYF,QAbMWLs,sXYF,QLBtF,ZU,ttFbfkmFuF,ttFbfkmFuF,ttFbfkmFuF
sXYF
ZU,ZU,ZU,sXYF,ZU,sXYF,sXYF,QAbMWLs,ZU,ZU,sXYF,QAbMWLs,ttFbfkmFuF,QLBtF,sXYF,sXYF
ZU,ZU,ZU,sXYF,ZU,sXYF,sXYF,QAbMWLs,ZU,ZU,sXYF,QAbMWLs,ttFbfkmFuF,QLBtF,sXYF,sXYF
sXYF
ZU,ZU,ZU,sXYF,ZU,sXYF,QLBtF,sXYF,QAbMWLs,ZU,ZU,sXYF,QAbMWLs,ttFbfkmFuF,sXYF,sXYF
sXYF
ZU,ZU,ZU,ZU,sXYF,sXYF,sXYF,QAbMWLs,ZU,ZU,sXYF,QAbMWLs,ttFbfkmFuF,sXYF,sXYF,ZU,sXYF,QLBtF
sXYF
ZU,ZU,ZU,ZU,sXYF,sXYF,sXYF,QAbMWLs,ZU,ZU,sXYF,QAbMWLs,ttFbfkmFuF,sXYF,sXYF,ZU,sXYF
sXYF
ZU,ZU,ZU,ZU,sXYF,sXYF,sXYF,QAbMWLs,ZU,ZU,sXYF,QAbMWLs,ttFbfkmFuF,sXYF,sXYF,ZU,sXYF
sXYF
ZU,ZU,ZU,sXYF,sXYF,sXYF,QAbMWLs,ZU,ZU,sXYF,QAbMWLs,sXYF,sXYF,ZU,sXYF,UCAxe
ZU
ZU,ZU,ZU,sXYF,sXYF,ZU,QAbMWLs,ZU,ZU,sXYF,QAbMWLs,ttFbfkmFuF,sXYF,sXYF,ZU,sXYF,sXYF,ttFbfkmFuF
sXYF
sXYF
sXYF
sXYF
ZU,ZU,ZU,sXYF,ZU,sXYF,ZU,ZU,sXYF,sXYF,sXYF,ZU,sXYF,sXYF,ttFbfkmFuF,QAbMWLs,QAbMWLs,QAbMWLs,QAbMWLs
sXYF
sXYF
sXYF
ZU,ZU,ZU,sXYF,sXYF,QAbMWLs,ttFbfkmFuF,QLBtF,ZU,ZU,ZU,sXYF,sXYF,sXYF,ZU,sXYF,sXYF,QAbMWLs,QAbMWLs,QAbMWLs,ZU,QLBtF
sXYF
QAbMWLs
ZU,ZU,ZU,sXYF,sXYF,QAbMWLs,ttFbfkmFuF,ZU,ZU,ZU,sXYF,sXYF,sXYF,ZU,sXYF,sXYF,QAbMWLs,QAbMWLs,QAbMWLs,ZU,QLBtF,ttFbfkmFuF
ZU,ZU,ZU,sXYF,sXYF,QAbMWLs,ttFbfkmFuF,ZU,ZU,ZU,sXYF,sXYF,sXYF,ZU,sXYF,sXYF,QAbMWLs,QAbMWLs,QAbMWLs,ZU,QLBtF,ttFbfkmFuF
ZU,ZU,ZU,sXYF,QAbMWLs,ttFbfkmFuF,ZU,ZU,ZU,sXYF,sXYF,sXYF,ZU,sXYF,sXYF,QAbMWLs,QAbMWLs,QAbMWLs,ZU,QLBtF,ttFbfkmFuF
ZU,ZU,ZU,sXYF,QAbMWLs,ttFbfkmFuF,ZU,ZU,ZU,sXYF,sXYF,sXYF,ZU,sXYF,sXYF,QAbMWLs,QAbMWLs,QAbMWLs,ZU,QLBtF,ttFbfkmFuF
QAbMWLs
QAbMWLs
ZU,ZU,ZU,sXYF,QAbMWLs,ttFbfkmFuF,ZU,ZU,ZU,sXYF,sXYF,sXYF,ZU,sXYF,sXYF,QAbMWLs,QAbMWLs,QAbMWLs,ZU,ttFbfkmFuF
ZU,ZU,ZU,sXYF,QAbMWLs,ttFbfkmFuF,ZU,ZU,ZU,sXYF,sXYF,sXYF,ZU,sXYF,sXYF,QAbMWLs,QAbMWLs,QAbMWLs,ZU,ttFbfkmFuF,UCAxe
ttFbfkmFuF
ttFbfkmFuF
ttFbfkmFuF
QAbMWLs
QAbMWLs
ZU,ZU,QAbMWLs,ttFbfkmFuF,UCAxe,ZU,ZU,ZU,ZU,sXYF,sXYF,sXYF,ZU,sXYF,sXYF,QAbMWLs,QAbMWLs,QAbMWLs,ZU,ttFbfkmFuF,UCAxe,UCAxe,ZU
ZU,ZU,QAbMWLs,ttFbfkmFuF,UCAxe,ZU,ZU,ZU,ZU,sXYF,sXYF,sXYF,ZU,sXYF,sXYF,QAbMWLs,QAbMWLs,QAbMWLs,ZU,ttFbfkmFuF,UCAxe,UCAxe,ZU
ZU,ZU,QAbMWLs,ttFbfkmFuF,UCAxe,ZU,ZU,ZU,ZU,sXYF,sXYF,sXYF,ZU,sXYF,sXYF,QAbMWLs,QAbMWLs,QAbMWLs,ZU,ttFbfkmFuF,UCAxe,UCAxe,ZU
ZU,ZU,QAbMWLs,ttFbfkmFuF,ZU,ZU,ZU,ZU,sXYF,sXYF,sXYF,ZU,sXYF,sXYF,QAbMWLs,QAbMWLs,QAbMWLs,ZU,ttFbfkmFuF,UCAxe,UCAxe,ZU
ZU
ttFbfkmFuF
ttFbfkmFuF
ZU,ZU,ZU,QAbMWLs,ttFbfkmFuF,sXYF,ZU,ZU,ZU,sXYF,sXYF,sXYF,ZU,sXYF,sXYF,QAbMWLs,QAbMWLs,QAbMWLs,ZU,ttFbfkmFuF,ttFbfkmFuF
ZU,ZU,ZU,QAbMWLs,ttFbfkmFuF,sXYF,ZU,ZU,ZU,sXYF,sXYF,sXYF,ZU,sXYF,sXYF,QAbMWLs,QAbMWLs,QAbMWLs,ZU,ttFbfkmFuF,ttFbfkmFuF
ZU,ZU,ZU,QAbMWLs,ttFbfkmFuF,sXYF,ZU,ZU,ZU,sXYF,sXYF,sXYF,ZU,sXYF,sXYF,QAbMWLs,QAbMWLs,QAbMWLs,ZU,ttFbfkmFuF,ttFbfkmFuF
ZU,ZU,ZU,QAbMWLs,ttFbfkmFuF,sXYF,ZU,ZU,ZU,sXYF,sXYF,sXYF,ZU,sXYF,sXYF,QAbMWLs,QAbMWLs,QAbMWLs,ZU,ttFbfkmFuF,ttFbfkmFuF
sXYF
sXYF
ZU,ZU,ZU,sXYF,QAbMWLs,ttFbfkmFuF,ZU,ZU,ZU,sXYF,sXYF,sXYF,ZU,sXYF,sXYF,QAbMWLs,QAbMWLs,QAbMWLs,ZU,ttFbfkmFuF,UCAxe
Jedi Wagner, assuma o comando!