[vazia]
Toque! Toque, Dijê!
Toque! Toque, Dijê!
[vazia]
PfVuG
PfVuG
PfVuG
PfVuG
PfVuG
PfVuG,PfVuG
PfVuG,PfVuG
PfVuG,PfVuG
PfVuG
PfVuG,PfVuG
PfVuG
PfVuG
PfVuG,PfVuG,GeDZpirgpi,PfVuG
PfVuG,PfVuG,GeDZpirgpi,PfVuG
PfVuG,PfVuG,GeDZpirgpi,PfVuG
PfVuG,GeDZpirgpi,PfVuG,PfVuG,gptihO
PfVuG,GeDZpirgpi,PfVuG,PfVuG,gptihO
PfVuG
PfVuG
PfVuG,GeDZpirgpi,PfVuG,PfVuG
PfVuG
GeDZpirgpi,PfVuG,PfVuG,PfVuG
GeDZpirgpi
PfVuG
PfVuG
PfVuG
PfVuG,PfVuG,PfVuG,PfVuG,gptihO
PfVuG
PfVuG
PfVuG
PfVuG,GeDZpirgpi,PfVuG,PfVuG
PfVuG
PfVuG
GeDZpirgpi,PfVuG,PfVuG,PfVuG
GeDZpirgpi,PfVuG,PfVuG,PfVuG
PfVuG,PfVuG,PfVuG,GeDZpirgpi,GeDZpirgpi
PfVuG
PfVuG
PfVuG
PfVuG,PfVuG,PfVuG,PfVuG
GeDZpirgpi,PfVuG,PfVuG,PfVuG
GeDZpirgpi,PfVuG,PfVuG,PfVuG,GeDZpirgpi
PfVuG,PfVuG,PfVuG,GeDZpirgpi,GeDZpirgpi
PfVuG,PfVuG,PfVuG,GeDZpirgpi,GeDZpirgpi
PfVuG,PfVuG,PfVuG,GeDZpirgpi,GeDZpirgpi
GeDZpirgpi
PfVuG,PfVuG,PfVuG,GeDZpirgpi,GeDZpirgpi
GeDZpirgpi
PfVuG
PfVuG,PfVuG,PfVuG,GeDZpirgpi,GeDZpirgpi,a,gptihO
PfVuG
PfVuG,gptihO,PfVuG,PfVuG,GeDZpirgpi,GeDZpirgpi,a,GeDZpirgpi
PfVuG,gptihO,PfVuG,PfVuG,GeDZpirgpi,GeDZpirgpi,a,GeDZpirgpi
gptihO
gptihO
PfVuG,PfVuG,gptihO,PfVuG,GeDZpirgpi,GeDZpirgpi,a,GeDZpirgpi,a
gptihO
PfVuG,PfVuG,PfVuG,GeDZpirgpi,a,GeDZpirgpi,gptihO
PfVuG
PfVuG,PfVuG,PfVuG,GeDZpirgpi,a,GeDZpirgpi,gptihO
GeDZpirgpi
PfVuG,PfVuG,PfVuG,GeDZpirgpi,gptihO,a,GeDZpirgpi
PfVuG,PfVuG,GeDZpirgpi,gptihO,a,GeDZpirgpi
PfVuG,PfVuG,GeDZpirgpi,gptihO,a,GeDZpirgpi
PfVuG,GeDZpirgpi,a,GeDZpirgpi,PfVuG,GeDZpirgpi
PfVuG,PfVuG,GeDZpirgpi,a,GeDZpirgpi,PfVuG,GeDZpirgpi
PfVuG,PfVuG,GeDZpirgpi,GeDZpirgpi,a,PfVuG,GeDZpirgpi
PfVuG,PfVuG,GeDZpirgpi,a,GeDZpirgpi,PfVuG,GeDZpirgpi
GeDZpirgpi
PfVuG,PfVuG,a,GeDZpirgpi,PfVuG,GeDZpirgpi,GeDZpirgpi
PfVuG,PfVuG,a,GeDZpirgpi,PfVuG,GeDZpirgpi,GeDZpirgpi,PfVuG
PfVuG,PfVuG,a,GeDZpirgpi,PfVuG,GeDZpirgpi,GeDZpirgpi,PfVuG
PfVuG,PfVuG,a,GeDZpirgpi,PfVuG,GeDZpirgpi,GeDZpirgpi,PfVuG
GeDZpirgpi
PfVuG,PfVuG,a,PfVuG,GeDZpirgpi,GeDZpirgpi,GeDZpirgpi,PfVuG,PfVuG
Jedi Wagner, assuma o comando!