Toque! Toque, Dijê!
[vazia]
pwhdhCv
cfTK
cfTK
cfTK
cfTK
ZchX
cfTK,ZchX,cfTK,MFcTW
ZchX
cfTK,cfTK,MFcTW,UgCGdpN
MFcTW
MFcTW
cfTK,cfTK,MFcTW,UgCGdpN,pwhdhCv,nizsvvkF
cfTK,cfTK,MFcTW,UgCGdpN,pwhdhCv,nizsvvkF
cfTK,cfTK,MFcTW,UgCGdpN,pwhdhCv,nizsvvkF
cfTK,cfTK,MFcTW,UgCGdpN,pwhdhCv,nizsvvkF
MFcTW
MFcTW
MFcTW
MFcTW
UgCGdpN
UgCGdpN
cfTK,cfTK,UgCGdpN,MFcTW,pwhdhCv,MFcTW,UgCGdpN
UgCGdpN
UgCGdpN
UgCGdpN
MFcTW
cfTK,cfTK,UgCGdpN,MFcTW,pwhdhCv,MFcTW,UgCGdpN,UgCGdpN,nizsvvkF,cfTK
MFcTW
cfTK,cfTK,UgCGdpN,MFcTW,pwhdhCv,MFcTW,UgCGdpN,UgCGdpN,nizsvvkF,cfTK
cfTK,cfTK,UgCGdpN,MFcTW,pwhdhCv,MFcTW,UgCGdpN,UgCGdpN,nizsvvkF,cfTK
cfTK,cfTK,UgCGdpN,pwhdhCv,MFcTW,UgCGdpN,UgCGdpN,nizsvvkF,cfTK
cfTK,cfTK,UgCGdpN,pwhdhCv,MFcTW,UgCGdpN,UgCGdpN,nizsvvkF,cfTK
cfTK,cfTK,UgCGdpN,pwhdhCv,MFcTW,nizsvvkF,UgCGdpN,UgCGdpN,cfTK
MFcTW
cfTK,cfTK,UgCGdpN,pwhdhCv,MFcTW,nizsvvkF,UgCGdpN,UgCGdpN,cfTK
cfTK,cfTK,pwhdhCv,MFcTW,nizsvvkF,UgCGdpN,UgCGdpN,cfTK,MFcTW
nizsvvkF
cfTK,cfTK,pwhdhCv,MFcTW,nizsvvkF,UgCGdpN,UgCGdpN,cfTK
cfTK,cfTK,pwhdhCv,MFcTW,nizsvvkF,UgCGdpN,UgCGdpN,cfTK
nizsvvkF
nizsvvkF
cfTK,cfTK,nizsvvkF,UgCGdpN,UgCGdpN,cfTK
nizsvvkF
UgCGdpN
UgCGdpN
UgCGdpN
cfTK,nizsvvkF,cfTK,UgCGdpN,UgCGdpN,cfTK,MFcTW
cfTK,nizsvvkF,cfTK,UgCGdpN,UgCGdpN,cfTK,MFcTW
UgCGdpN
cfTK,nizsvvkF,cfTK,UgCGdpN,UgCGdpN,cfTK,MFcTW
UgCGdpN
UgCGdpN
UgCGdpN
cfTK
cfTK,UgCGdpN,nizsvvkF,cfTK,UgCGdpN,cfTK
cfTK,UgCGdpN,nizsvvkF,cfTK,UgCGdpN,cfTK
cfTK,UgCGdpN,nizsvvkF,cfTK,UgCGdpN,cfTK
cfTK,UgCGdpN,nizsvvkF,cfTK,UgCGdpN,cfTK
UgCGdpN
UgCGdpN
nizsvvkF
cfTK,nizsvvkF,cfTK,UgCGdpN,cfTK
cfTK,nizsvvkF,cfTK,UgCGdpN,cfTK
nizsvvkF
nizsvvkF
nizsvvkF
UgCGdpN,cfTK,cfTK,UgCGdpN,cfTK,ZchX,cfTK,IdYVHKMIl
UgCGdpN,cfTK,cfTK,UgCGdpN,cfTK,cfTK,IdYVHKMIl
UgCGdpN,cfTK,cfTK,UgCGdpN,cfTK,cfTK,IdYVHKMIl
cfTK
UgCGdpN,cfTK,cfTK,UgCGdpN,cfTK,ZchX,cfTK
UgCGdpN,cfTK,cfTK,UgCGdpN,cfTK,ZchX,cfTK
ZchX
cfTK,cfTK,UgCGdpN,ZchX,cfTK,cfTK,IdYVHKMIl,cfTK,nizsvvkF
ZchX
cfTK,cfTK,ZchX,cfTK,cfTK,cfTK,nizsvvkF,nizsvvkF,MFcTW,IdYVHKMIl,cfTK,ZchX
nizsvvkF
cfTK,cfTK,ZchX,cfTK,cfTK,nizsvvkF,cfTK,nizsvvkF,MFcTW,IdYVHKMIl,cfTK,ZchX,ZchX,IdYVHKMIl,UgCGdpN,ZchX
cfTK,ZchX,cfTK,cfTK,nizsvvkF,UgCGdpN,cfTK,nizsvvkF,MFcTW,cfTK,ZchX,ZchX,IdYVHKMIl,MFcTW,MFcTW,pwhdhCv
cfTK,ZchX,cfTK,cfTK,nizsvvkF,UgCGdpN,cfTK,nizsvvkF,MFcTW,cfTK,ZchX,ZchX,IdYVHKMIl,MFcTW,MFcTW,pwhdhCv
cfTK,ZchX,cfTK,cfTK,nizsvvkF,UgCGdpN,cfTK,nizsvvkF,MFcTW,cfTK,ZchX,ZchX,IdYVHKMIl,MFcTW,MFcTW,pwhdhCv
cfTK
nizsvvkF
cfTK,cfTK,cfTK,UgCGdpN,IdYVHKMIl,cfTK,nizsvvkF,nizsvvkF,MFcTW,cfTK,ZchX,ZchX,MFcTW,MFcTW,pwhdhCv,nizsvvkF
cfTK,cfTK,cfTK,UgCGdpN,IdYVHKMIl,cfTK,nizsvvkF,nizsvvkF,MFcTW,cfTK,ZchX,ZchX,MFcTW,MFcTW,pwhdhCv,nizsvvkF
IdYVHKMIl
pwhdhCv
cfTK,UgCGdpN,cfTK,nizsvvkF,pwhdhCv,IdYVHKMIl,MFcTW,cfTK,nizsvvkF,cfTK,ZchX,MFcTW,nizsvvkF,nizsvvkF,pwhdhCv,pwhdhCv
IdYVHKMIl
cfTK,UgCGdpN,cfTK,nizsvvkF,pwhdhCv,IdYVHKMIl,MFcTW,cfTK,nizsvvkF,cfTK,ZchX,MFcTW,nizsvvkF,nizsvvkF,pwhdhCv,pwhdhCv,pwhdhCv
cfTK,cfTK,cfTK,nizsvvkF,UgCGdpN,IdYVHKMIl,MFcTW,cfTK,nizsvvkF,cfTK,ZchX,ZchX,MFcTW,MFcTW,pwhdhCv,nizsvvkF
MFcTW
cfTK
cfTK,cfTK,cfTK,IdYVHKMIl,cfTK,nizsvvkF,cfTK,ZchX,ZchX,MFcTW,MFcTW,pwhdhCv,nizsvvkF
pwhdhCv
cfTK,cfTK,cfTK,IdYVHKMIl,cfTK,pwhdhCv,nizsvvkF,cfTK,ZchX,ZchX,MFcTW,nizsvvkF
cfTK,cfTK,IdYVHKMIl,cfTK,pwhdhCv,cfTK,nizsvvkF,cfTK,ZchX,ZchX,MFcTW,nizsvvkF
cfTK,cfTK,IdYVHKMIl,cfTK,pwhdhCv,MFcTW,ZchX,cfTK,nizsvvkF,cfTK,ZchX,nizsvvkF
cfTK,cfTK,IdYVHKMIl,cfTK,pwhdhCv,ZchX,cfTK,nizsvvkF,cfTK,ZchX,MFcTW,nizsvvkF,ZchX
ZchX
cfTK
cfTK
cfTK,cfTK,IdYVHKMIl,cfTK,pwhdhCv,cfTK,nizsvvkF,cfTK,ZchX,ZchX,MFcTW,nizsvvkF
pwhdhCv
cfTK,cfTK,IdYVHKMIl,cfTK,cfTK,pwhdhCv,nizsvvkF,cfTK,ZchX,ZchX,MFcTW,nizsvvkF,pwhdhCv,cfTK
cfTK,cfTK,IdYVHKMIl,cfTK,pwhdhCv,cfTK,nizsvvkF,cfTK,ZchX,ZchX,MFcTW,nizsvvkF
cfTK,cfTK,IdYVHKMIl,cfTK,pwhdhCv,ZchX,cfTK,nizsvvkF,cfTK,ZchX,MFcTW,nizsvvkF
cfTK
cfTK,cfTK,IdYVHKMIl,cfTK,pwhdhCv,cfTK,MFcTW,nizsvvkF,cfTK,ZchX,ZchX,nizsvvkF
cfTK,cfTK,IdYVHKMIl,cfTK,pwhdhCv,cfTK,nizsvvkF,cfTK,ZchX,ZchX,MFcTW,nizsvvkF
cfTK,cfTK,IdYVHKMIl,cfTK,pwhdhCv,cfTK,nizsvvkF,cfTK,ZchX,ZchX,MFcTW,nizsvvkF,IdYVHKMIl,IdYVHKMIl
cfTK
cfTK,cfTK,IdYVHKMIl,cfTK,pwhdhCv,cfTK,nizsvvkF,cfTK,ZchX,ZchX,MFcTW,nizsvvkF,IdYVHKMIl,IdYVHKMIl
cfTK,cfTK,IdYVHKMIl,cfTK,pwhdhCv,cfTK,nizsvvkF,cfTK,ZchX,ZchX,MFcTW,nizsvvkF,IdYVHKMIl,IdYVHKMIl
cfTK,cfTK,IdYVHKMIl,cfTK,pwhdhCv,cfTK,cfTK,ZchX,ZchX,MFcTW,nizsvvkF,IdYVHKMIl,IdYVHKMIl,cfTK
cfTK
cfTK,cfTK,IdYVHKMIl,cfTK,pwhdhCv,MFcTW,cfTK,cfTK,ZchX,ZchX,IdYVHKMIl,IdYVHKMIl,cfTK,cfTK
cfTK,cfTK,IdYVHKMIl,cfTK,pwhdhCv,MFcTW,cfTK,cfTK,ZchX,ZchX,IdYVHKMIl,IdYVHKMIl,cfTK,cfTK,ZchX,IdYVHKMIl
MFcTW
cfTK,cfTK,IdYVHKMIl,cfTK,pwhdhCv,cfTK,nizsvvkF,cfTK,ZchX,ZchX,MFcTW,nizsvvkF
cfTK,cfTK,IdYVHKMIl,cfTK,pwhdhCv,cfTK,nizsvvkF,cfTK,ZchX,ZchX,MFcTW,nizsvvkF
cfTK,cfTK,IdYVHKMIl,cfTK,pwhdhCv,cfTK,nizsvvkF,cfTK,ZchX,ZchX,MFcTW,nizsvvkF
cfTK,cfTK,IdYVHKMIl,cfTK,pwhdhCv,cfTK,nizsvvkF,cfTK,ZchX,ZchX,MFcTW,nizsvvkF
cfTK,IdYVHKMIl,cfTK,pwhdhCv,nizsvvkF,cfTK,cfTK,ZchX,ZchX,MFcTW,nizsvvkF,nizsvvkF
cfTK,cfTK,IdYVHKMIl,cfTK,pwhdhCv,cfTK,nizsvvkF,cfTK,ZchX,ZchX,MFcTW,nizsvvkF
cfTK
cfTK
cfTK
cfTK
cfTK,cfTK,cfTK,pwhdhCv,cfTK,cfTK,ZchX,ZchX,MFcTW,nizsvvkF,nizsvvkF
cfTK
cfTK,cfTK,cfTK,pwhdhCv,cfTK,cfTK,ZchX,ZchX,MFcTW,nizsvvkF,nizsvvkF,cfTK
cfTK,cfTK,cfTK,pwhdhCv,cfTK,cfTK,ZchX,ZchX,MFcTW,nizsvvkF,nizsvvkF
cfTK,cfTK,cfTK,pwhdhCv,cfTK,cfTK,ZchX,ZchX,MFcTW,nizsvvkF,nizsvvkF
cfTK
cfTK,cfTK,cfTK,pwhdhCv,cfTK,cfTK,ZchX,ZchX,MFcTW,nizsvvkF,nizsvvkF,pwhdhCv
cfTK,cfTK,cfTK,pwhdhCv,cfTK,cfTK,ZchX,ZchX,MFcTW,nizsvvkF
cfTK,cfTK,cfTK,pwhdhCv,cfTK,nizsvvkF,cfTK,ZchX,ZchX,MFcTW
cfTK,cfTK,cfTK,pwhdhCv,cfTK,nizsvvkF,cfTK,ZchX,ZchX,MFcTW
nizsvvkF
cfTK,cfTK,cfTK,pwhdhCv,cfTK,ZchX,cfTK,ZchX,MFcTW,nizsvvkF
ZchX
cfTK,cfTK,pwhdhCv,cfTK,ZchX,cfTK,cfTK,ZchX,MFcTW,nizsvvkF
cfTK,cfTK,cfTK,pwhdhCv,cfTK,ZchX,cfTK,ZchX,MFcTW,nizsvvkF
cfTK
cfTK,cfTK,pwhdhCv,cfTK,cfTK,ZchX,ZchX,MFcTW,pwhdhCv,nizsvvkF
cfTK
cfTK,cfTK,cfTK,pwhdhCv,cfTK,cfTK,MFcTW,ZchX,ZchX,ZchX,IdYVHKMIl,MFcTW
cfTK,cfTK,cfTK,pwhdhCv,cfTK,cfTK,MFcTW,ZchX,ZchX,ZchX,IdYVHKMIl,MFcTW
cfTK,cfTK,cfTK,pwhdhCv,cfTK,cfTK,MFcTW,ZchX,ZchX,ZchX,IdYVHKMIl,MFcTW
cfTK,cfTK,cfTK,pwhdhCv,cfTK,cfTK,ZchX,MFcTW,ZchX,ZchX,IdYVHKMIl
ZchX
cfTK,cfTK,cfTK,pwhdhCv,cfTK,cfTK,ZchX,MFcTW,ZchX,ZchX,IdYVHKMIl
cfTK,cfTK,cfTK,pwhdhCv,cfTK,cfTK,ZchX,MFcTW,ZchX,ZchX,IdYVHKMIl
cfTK,cfTK,cfTK,pwhdhCv,cfTK,cfTK,ZchX,MFcTW,ZchX,ZchX,IdYVHKMIl
cfTK,cfTK,cfTK,pwhdhCv,cfTK,cfTK,ZchX,MFcTW,ZchX,ZchX,IdYVHKMIl
cfTK,cfTK,cfTK,pwhdhCv,cfTK,cfTK,ZchX,MFcTW,ZchX,ZchX,IdYVHKMIl
ZchX
cfTK,cfTK,pwhdhCv,cfTK,cfTK,ZchX,MFcTW,ZchX,ZchX,IdYVHKMIl,nizsvvkF
MFcTW
MFcTW
cfTK,cfTK,cfTK,cfTK,cfTK,ZchX,MFcTW,pwhdhCv,ZchX,ZchX,IdYVHKMIl,cfTK,IdYVHKMIl,UgCGdpN
MFcTW
cfTK,cfTK,cfTK,cfTK,cfTK,MFcTW,ZchX,pwhdhCv,ZchX,ZchX,IdYVHKMIl,cfTK,IdYVHKMIl,UgCGdpN
cfTK
ZchX
cfTK,cfTK,pwhdhCv,cfTK,cfTK,MFcTW,ZchX,cfTK,ZchX,IdYVHKMIl,cfTK,MFcTW,cfTK
ZchX
ZchX
ZchX
cfTK,cfTK,cfTK,pwhdhCv,cfTK,cfTK,ZchX,MFcTW,ZchX,ZchX,IdYVHKMIl
ZchX
cfTK,cfTK,cfTK,cfTK,cfTK,ZchX,MFcTW,ZchX,pwhdhCv,ZchX,IdYVHKMIl,pwhdhCv,pwhdhCv
ZchX
cfTK,cfTK,cfTK,cfTK,ZchX,MFcTW,ZchX,pwhdhCv,cfTK,ZchX,IdYVHKMIl,pwhdhCv,pwhdhCv,UgCGdpN
ZchX
ZchX
ZchX
ZchX
cfTK,cfTK,cfTK,pwhdhCv,cfTK,cfTK,MFcTW,ZchX,ZchX,ZchX,IdYVHKMIl,cfTK
ZchX
ZchX
ZchX
Jedi Wagner, assuma o comando!