[vazia]
Toque! Toque, Dijê!
Toque! Toque, Dijê!
Toque! Toque, Dijê!
Toque! Toque, Dijê!
vlZYI
vlZYI
vlZYI
vlZYI
vlZYI
vlZYI
vlZYI,KINwF,DbbIw,DbbIw
DbbIw
vlZYI,KINwF,DbbIw,DbbIw,ffClPLl
DbbIw
DbbIw
DbbIw
DbbIw
vlZYI,DbbIw,DbbIw,ckIJDxaTb
DbbIw
DbbIw
DbbIw
KINwF,vlZYI,DbbIw,DbbIw,ckIJDxaTb
KINwF,vlZYI,DbbIw,DbbIw,ckIJDxaTb,ckIJDxaTb
KINwF,vlZYI,DbbIw,DbbIw,ckIJDxaTb,ckIJDxaTb
DbbIw
KINwF,vlZYI,DbbIw,DbbIw,ckIJDxaTb,DbbIw,KINwF
DbbIw
DbbIw
DbbIw
DbbIw
vlZYI
DbbIw
DbbIw
DbbIw
vlZYI
vlZYI,DbbIw,DbbIw,eZlaI,kbHl
vlZYI,eZlaI,DbbIw,DbbIw,kbHl
vlZYI
vlZYI,DbbIw,eZlaI,kbHl
vlZYI,DbbIw,eZlaI,kbHl
KINwF,vlZYI,DbbIw,DbbIw,ckIJDxaTb
KINwF,ckIJDxaTb,vlZYI,DbbIw,ffClPLl
KINwF,ckIJDxaTb,vlZYI,DbbIw,ffClPLl,ckIJDxaTb
DbbIw
KINwF,ckIJDxaTb,vlZYI,DbbIw,ffClPLl,ckIJDxaTb
KINwF,ckIJDxaTb,vlZYI,DbbIw,ffClPLl,ckIJDxaTb
ckIJDxaTb,vlZYI,DbbIw,KINwF,ffClPLl,ckIJDxaTb
ckIJDxaTb,vlZYI,DbbIw,KINwF,ffClPLl,ckIJDxaTb
ckIJDxaTb,vlZYI,DbbIw,KINwF,ffClPLl,ckIJDxaTb
ckIJDxaTb,vlZYI,DbbIw,KINwF,ffClPLl,ckIJDxaTb,DbbIw
eZlaI
ckIJDxaTb,vlZYI,eZlaI,ffClPLl,KINwF,ckIJDxaTb,DbbIw,kbHl,ckIJDxaTb
eZlaI
ckIJDxaTb,vlZYI,eZlaI,ffClPLl,KINwF,ckIJDxaTb,DbbIw,kbHl,ckIJDxaTb,ckIJDxaTb
ckIJDxaTb,vlZYI,eZlaI,ffClPLl,KINwF,ckIJDxaTb,DbbIw,kbHl,ckIJDxaTb,ckIJDxaTb
eZlaI
eZlaI
vlZYI,eZlaI,ckIJDxaTb,KINwF,DbbIw,kbHl,ckIJDxaTb,ckIJDxaTb,vlZYI
KINwF
ckIJDxaTb,vlZYI,KINwF,DbbIw,ffClPLl,ckIJDxaTb,DbbIw,eZlaI
eZlaI
eZlaI
ckIJDxaTb,DbbIw,KINwF,ffClPLl,ckIJDxaTb,DbbIw,eZlaI
KINwF
vlZYI,KINwF,ffClPLl,ckIJDxaTb,DbbIw,eZlaI,ckIJDxaTb
vlZYI,KINwF,ffClPLl,ckIJDxaTb,DbbIw,eZlaI,ckIJDxaTb
ckIJDxaTb,vlZYI,DbbIw,KINwF,ffClPLl,ckIJDxaTb,DbbIw,eZlaI
KINwF
KINwF
KINwF
KINwF
ckIJDxaTb,vlZYI,DbbIw,ffClPLl,ckIJDxaTb,DbbIw,eZlaI,ffClPLl
ffClPLl
ffClPLl
ffClPLl
DbbIw,KINwF,vlZYI,ffClPLl,ckIJDxaTb,DbbIw,eZlaI
ffClPLl
ckIJDxaTb
Jedi Wagner, assuma o comando!