[vazia]
[vazia]
[vazia]
Toque! Toque, Dijê!
[vazia]
Toque! Toque, Dijê!
[vazia]
Toque! Toque, Dijê!
Toque! Toque, Dijê!
Toque! Toque, Dijê!
Toque! Toque, Dijê!
Toque! Toque, Dijê!
Toque! Toque, Dijê!
l
l
l
l
l
l
l
l
l
l
l
l
l
l
l,l
l,l
l,l
l
l
l
l,l,WuMOcaNYFG
l,l,WuMOcaNYFG,t,NejozK
U
U
l,l,WuMOcaNYFG,U,U
U
U
U
l,l,WuMOcaNYFG,U
l,l,WuMOcaNYFG,U,l
U
l,l,WuMOcaNYFG,U,l
U
U
U
U
l,l,WuMOcaNYFG,U
U
U
l,l,WuMOcaNYFG
l,l,WuMOcaNYFG,t
l
l,l,WuMOcaNYFG,U,WuMOcaNYFG
l
WuMOcaNYFG
O
l,l,WuMOcaNYFG,U,WuMOcaNYFG,O,U,aJJUhL
O
l,l,WuMOcaNYFG,U,WuMOcaNYFG,O,U,aJJUhL
l,l,WuMOcaNYFG,U,WuMOcaNYFG,O,U,aJJUhL
U
aJJUhL
l,l,WuMOcaNYFG,U,WuMOcaNYFG,O,U,aJJUhL,dsaE
l,l,WuMOcaNYFG,U,WuMOcaNYFG,O,U,aJJUhL,dsaE,dsaE
l,l,WuMOcaNYFG,U,WuMOcaNYFG,O,U,aJJUhL,dsaE
l,l,WuMOcaNYFG,U,WuMOcaNYFG,O,U,aJJUhL,dsaE
aJJUhL
l,l,WuMOcaNYFG,U,WuMOcaNYFG,O,U,aJJUhL
aJJUhL
l,l,WuMOcaNYFG,U,WuMOcaNYFG,O,U,aJJUhL
aJJUhL
l,l,WuMOcaNYFG,U,WuMOcaNYFG,O,U,aJJUhL,t
l,WuMOcaNYFG,U,WuMOcaNYFG,O,U,aJJUhL,l,t
l
l,l,WuMOcaNYFG,U,WuMOcaNYFG,O,U,aJJUhL
aJJUhL
l
aJJUhL
aJJUhL
aJJUhL
l,l,U,WuMOcaNYFG,O,U,WuMOcaNYFG,aJJUhL
WuMOcaNYFG
WuMOcaNYFG
l,U,WuMOcaNYFG,O,U,aJJUhL
l,U,WuMOcaNYFG,O,U,aJJUhL
l,U,WuMOcaNYFG,O,U,aJJUhL
l,U,WuMOcaNYFG,O,U,aJJUhL
aJJUhL
aJJUhL
aJJUhL
l,l,WuMOcaNYFG,U,WuMOcaNYFG,O,U,aJJUhL,LR
aJJUhL
aJJUhL
aJJUhL
l,l,WuMOcaNYFG,U,WuMOcaNYFG,O,U,aJJUhL,U
l,l,WuMOcaNYFG,U,WuMOcaNYFG,O,U,aJJUhL,U
l,l,WuMOcaNYFG,O,U,aJJUhL,WuMOcaNYFG,U
WuMOcaNYFG
l,l,O,U,aJJUhL,WuMOcaNYFG,WuMOcaNYFG,U
WuMOcaNYFG
l,l,O,U,aJJUhL,WuMOcaNYFG,WuMOcaNYFG,U
U
l,l,aJJUhL,WuMOcaNYFG,WuMOcaNYFG,U,U,O,U,gP
l,l,aJJUhL,WuMOcaNYFG,WuMOcaNYFG,U,U,O,U,O
l,l,O,U,aJJUhL,WuMOcaNYFG,WuMOcaNYFG,U,U
l,l,O,U,aJJUhL,WuMOcaNYFG,WuMOcaNYFG,U,U
U
U
U
l,l,O,U,aJJUhL,WuMOcaNYFG,WuMOcaNYFG,U,U,gP,NejozK
l,l,O,U,aJJUhL,WuMOcaNYFG,WuMOcaNYFG,U,U,NejozK
l,l,O,U,aJJUhL,WuMOcaNYFG,WuMOcaNYFG,U,U,NejozK
U
l,l,O,U,aJJUhL,WuMOcaNYFG,WuMOcaNYFG,U,U,NejozK
l,l,O,U,aJJUhL,WuMOcaNYFG,U,U,WuMOcaNYFG,NejozK
U
U
U
l,l,O,aJJUhL,U,U,WuMOcaNYFG,gP,NejozK
l,l,O,aJJUhL,U,WuMOcaNYFG,gP,NejozK,LR
WuMOcaNYFG
gP
l,l,aJJUhL,U,WuMOcaNYFG,gP,O,NejozK,LR,gP
WuMOcaNYFG
WuMOcaNYFG
l,l,O,aJJUhL,U,WuMOcaNYFG,gP,NejozK,LR
gP
l,l,O,aJJUhL,U,WuMOcaNYFG,gP,NejozK,LR
l,l,O,aJJUhL,U,WuMOcaNYFG,gP,NejozK,LR
l,l,O,aJJUhL,U,gP,WuMOcaNYFG,NejozK,LR
l,l,O,aJJUhL,U,gP,WuMOcaNYFG,NejozK,LR,dsaE
l,aJJUhL,U,gP,WuMOcaNYFG,l,NejozK,LR
l
gP
l,l,O,aJJUhL,U,WuMOcaNYFG,gP,NejozK,LR
gP
l,l,O,aJJUhL,U,WuMOcaNYFG,LR,gP,NejozK
LR
l,l,O,aJJUhL,WuMOcaNYFG,gP,NejozK,LR
l,l,O,aJJUhL,WuMOcaNYFG,gP,NejozK,LR
gP
gP
gP
l,l,O,aJJUhL,U,WuMOcaNYFG,gP,NejozK,LR,NejozK,l,gP
l,l,O,aJJUhL,U,WuMOcaNYFG,NejozK,LR,NejozK,l,gP,WuMOcaNYFG
l,l,O,aJJUhL,U,WuMOcaNYFG,NejozK,LR,NejozK,l,gP,WuMOcaNYFG
l,l,O,aJJUhL,U,gP,WuMOcaNYFG,NejozK,LR
WuMOcaNYFG
WuMOcaNYFG
gP
l,l,O,U,WuMOcaNYFG,gP,NejozK,LR,t,U
gP
l,l,O,U,WuMOcaNYFG,gP,NejozK,LR,t,U,O
NejozK
l,l,U,WuMOcaNYFG,gP,NejozK,LR,t,U,O,dsaE
NejozK
l,l,U,WuMOcaNYFG,gP,NejozK,LR,t,U,O,dsaE,t,WuMOcaNYFG
l,l,U,WuMOcaNYFG,NejozK,LR,U,gP,O,dsaE,t,WuMOcaNYFG
l,l,U,WuMOcaNYFG,NejozK,LR,U,gP,O,dsaE,t,WuMOcaNYFG
l,l,U,WuMOcaNYFG,gP,NejozK,LR,U,O,dsaE,t,WuMOcaNYFG
l,l,U,WuMOcaNYFG,gP,NejozK,LR,U,O,dsaE,t,WuMOcaNYFG,NejozK,gP,t
l,l,U,WuMOcaNYFG,gP,NejozK,LR,U,O,dsaE,t,WuMOcaNYFG,NejozK,gP
U
WuMOcaNYFG
t
O
l,NejozK,WuMOcaNYFG,gP,U,U,l,t,O,dsaE,NejozK,gP,t,WuMOcaNYFG,U
l,NejozK,WuMOcaNYFG,gP,U,U,l,t,O,dsaE,NejozK,gP,t,WuMOcaNYFG,U
l,NejozK,WuMOcaNYFG,gP,U,U,l,t,O,dsaE,NejozK,gP,t,WuMOcaNYFG,U
l,NejozK,gP,U,U,l,dsaE,t,WuMOcaNYFG,O,NejozK,gP,t,WuMOcaNYFG,U,gP
l,NejozK,gP,U,U,l,dsaE,t,WuMOcaNYFG,O,NejozK,gP,t,WuMOcaNYFG,U,gP,WuMOcaNYFG
dsaE
t
l,NejozK,gP,U,U,l,dsaE,t,WuMOcaNYFG,O,NejozK,gP,t,WuMOcaNYFG,U,gP,WuMOcaNYFG,LR
l,NejozK,gP,U,U,l,dsaE,t,WuMOcaNYFG,O,NejozK,gP,t,WuMOcaNYFG,U,gP,WuMOcaNYFG,LR,gP
l,NejozK,U,U,l,dsaE,WuMOcaNYFG,O,NejozK,gP,t,WuMOcaNYFG,U,gP,WuMOcaNYFG,LR,gP,aJJUhL
O
O
O
gP,U,U,l,dsaE,t,WuMOcaNYFG,O,NejozK,NejozK,gP,t,WuMOcaNYFG,U,gP,WuMOcaNYFG,LR,gP,t
gP,U,U,l,dsaE,t,O,NejozK,WuMOcaNYFG,gP,t,WuMOcaNYFG,U,gP,WuMOcaNYFG,LR,gP,t
NejozK
gP,U,U,l,dsaE,t,O,NejozK,WuMOcaNYFG,LR,gP,t,WuMOcaNYFG,U,gP,WuMOcaNYFG,gP,t,WuMOcaNYFG
gP,U,U,dsaE,t,O,NejozK,WuMOcaNYFG,LR,gP,t,WuMOcaNYFG,U,gP,WuMOcaNYFG,gP,t,WuMOcaNYFG
WuMOcaNYFG
gP
gP
gP
gP
gP
gP
gP,U,l,dsaE,O,WuMOcaNYFG,gP,t,WuMOcaNYFG,U,gP,WuMOcaNYFG,LR,gP,t,l
gP,U,l,dsaE,O,WuMOcaNYFG,gP,t,WuMOcaNYFG,U,gP,WuMOcaNYFG,LR,gP,t,l,NejozK
gP,U,U,l,dsaE,t,O,NejozK,WuMOcaNYFG,gP,t,WuMOcaNYFG,U,gP,WuMOcaNYFG,LR,gP,t,l
gP,U,U,l,dsaE,t,O,NejozK,WuMOcaNYFG,gP,t,WuMOcaNYFG,U,gP,WuMOcaNYFG,LR,gP,t,l
gP
gP,U,l,dsaE,t,O,NejozK,WuMOcaNYFG,gP,t,WuMOcaNYFG,U,gP,WuMOcaNYFG,LR,gP,t,l,LR
gP,l,dsaE,t,O,NejozK,WuMOcaNYFG,gP,LR,U,t,WuMOcaNYFG,U,gP,WuMOcaNYFG,gP,t,l,LR
l
l
l
l
gP,U,U,dsaE,t,O,NejozK,WuMOcaNYFG,gP,l,t,WuMOcaNYFG,U,gP,WuMOcaNYFG,LR,gP,t,l,gP,t
l
l
l
gP,U,U,t,O,NejozK,WuMOcaNYFG,gP,l,t,WuMOcaNYFG,U,gP,WuMOcaNYFG,LR,gP,t,l,gP,t,LR
l
gP,U,U,l,dsaE,t,O,NejozK,WuMOcaNYFG,gP,t,WuMOcaNYFG,U,gP,WuMOcaNYFG,LR,gP,t,l
U,l,dsaE,t,O,NejozK,WuMOcaNYFG,gP,gP,t,WuMOcaNYFG,U,gP,WuMOcaNYFG,LR,gP,t,l,aJJUhL
U,l,dsaE,t,O,NejozK,WuMOcaNYFG,gP,gP,t,WuMOcaNYFG,U,gP,WuMOcaNYFG,LR,gP,t,l,aJJUhL
gP
WuMOcaNYFG
gP
gP
U,l,dsaE,t,WuMOcaNYFG,gP,t,WuMOcaNYFG,U,gP,LR,O,aJJUhL,NejozK,WuMOcaNYFG,gP,t,l,l,t,LR,dsaE,LR
gP
l
dsaE,t,gP,t,WuMOcaNYFG,U,gP,l,O,U,WuMOcaNYFG,LR,aJJUhL,NejozK,WuMOcaNYFG,gP,t,l,l,t,LR,dsaE,LR,dsaE
dsaE,t,gP,t,WuMOcaNYFG,U,gP,l,U,WuMOcaNYFG,O,LR,aJJUhL,NejozK,WuMOcaNYFG,gP,t,l,l,t,LR,dsaE,LR,dsaE
Jedi Wagner, assuma o comando!