U
U
f
Toque! Toque, Dijê!
[vazia]
[vazia]
Toque! Toque, Dijê!
[vazia]
[vazia]
Toque! Toque, Dijê!
U
U
U
U,U
IB
Toque! Toque, Dijê!
Toque! Toque, Dijê!
Toque! Toque, Dijê!
Toque! Toque, Dijê!
f
U
U,IB
U
f
f
f
U
U
U
U
U
U
U
U
U
f
f
f
f
f
f
f
f
f
f,IB,IB
f
f
f
f
f
f,f
f
f
f
f
f,IB
f
f
f
f
f
Toque! Toque, Dijê!
Toque! Toque, Dijê!
f
[vazia]
f
f,U,f
f
f,f,f,IB,IB
f
f,f,f,IB,U
f
f
f,IB,f,f,U,IB
f,f,f,U,IB
f
IB,f,f,IB
IB
f,IB,f,IB
IB,f,IB
f
IB,f,IB,U
IB,f,f,IB
f
IB
f
IB,f,f,IB
f
f
IB,f,f,IB,IB,IB
f
f
IB,f,f,IB,IB,IB
f,IB,IB,IB,f,IB
IB,f,IB,IB,f,IB
IB
IB,f,IB,IB,f,IB,f,f,IB
IB
IB
IB,f,IB,IB,f,IB,f,f,IB
IB,f,f,IB,IB,IB
IB
IB
IB,f,f,IB,IB,IB
Jedi Wagner, assuma o comando!