AmHBVG
hr
hr
AmHBVG,hr,HlC
AmHBVG,hr,ZVujzHmhRy
ZVujzHmhRy
ZVujzHmhRy
ZVujzHmhRy
AmHBVG,hr,ZVujzHmhRy
ZVujzHmhRy
ZVujzHmhRy
AmHBVG,hr,ZVujzHmhRy
ZVujzHmhRy
AmHBVG,hr,ZVujzHmhRy
AmHBVG,hr,ZVujzHmhRy
ZVujzHmhRy
ZVujzHmhRy
AmHBVG
AmHBVG,hr,ZVujzHmhRy
AmHBVG,hr,ZVujzHmhRy
AmHBVG,hr,ZVujzHmhRy
AmHBVG,hr,ZVujzHmhRy,ujvX
hr,ZVujzHmhRy,AmHBVG,ujvX,hr
ujvX
ujvX
ujvX
ZVujzHmhRy,AmHBVG,ujvX,hr,w,HlC
hr,ZVujzHmhRy,AmHBVG,ujvX,hr
ujvX
hr,ZVujzHmhRy,AmHBVG,ujvX,hr
ujvX
hr
ZVujzHmhRy,AmHBVG,hr,hr,ZVujzHmhRy,LpRKsgX
AmHBVG
AmHBVG,hr,hr,ZVujzHmhRy,LpRKsgX
hr
AmHBVG,hr,hr,ZVujzHmhRy,LpRKsgX
AmHBVG,hr,hr,ZVujzHmhRy,LpRKsgX
hr
ZVujzHmhRy
ZVujzHmhRy
AmHBVG,hr,ZVujzHmhRy,hr,LpRKsgX,HlC,w
ZVujzHmhRy
AmHBVG,hr,ZVujzHmhRy,hr,LpRKsgX,HlC,w,AmHBVG
ZVujzHmhRy
ZVujzHmhRy
ZVujzHmhRy
HlC,AmHBVG,ZVujzHmhRy,hr,LpRKsgX,w,AmHBVG,OSEqnwQzYu
HlC,AmHBVG,ZVujzHmhRy,hr,LpRKsgX,w,AmHBVG,OSEqnwQzYu
AmHBVG,ZVujzHmhRy,hr,HlC,LpRKsgX,w,AmHBVG,OSEqnwQzYu,hr
HlC
AmHBVG,ZVujzHmhRy,hr,HlC,LpRKsgX,w,AmHBVG,OSEqnwQzYu,hr
AmHBVG,ZVujzHmhRy,hr,HlC,LpRKsgX,w,AmHBVG,OSEqnwQzYu,hr
AmHBVG,ZVujzHmhRy,hr,HlC,LpRKsgX,w,AmHBVG,OSEqnwQzYu,hr
hr,HlC,AmHBVG,LpRKsgX,w,AmHBVG,OSEqnwQzYu,hr,w
LpRKsgX
HlC,AmHBVG,LpRKsgX,w,AmHBVG,OSEqnwQzYu,hr,w
w
w
w
AmHBVG,w,AmHBVG,OSEqnwQzYu,hr,w,w,HlC
HlC
HlC
HlC
HlC
w,OSEqnwQzYu,HlC,AmHBVG,LpRKsgX,AmHBVG,w,w,OSEqnwQzYu,OSEqnwQzYu
OSEqnwQzYu
w,AmHBVG,OSEqnwQzYu,HlC,LpRKsgX,AmHBVG,w,w,OSEqnwQzYu,OSEqnwQzYu,hr
w,AmHBVG,OSEqnwQzYu,HlC,LpRKsgX,AmHBVG,w,w,OSEqnwQzYu,OSEqnwQzYu,hr
OSEqnwQzYu
OSEqnwQzYu
w,AmHBVG,OSEqnwQzYu,HlC,LpRKsgX,AmHBVG,w,w,OSEqnwQzYu,OSEqnwQzYu,hr
AmHBVG,OSEqnwQzYu,w,HlC,LpRKsgX,AmHBVG,w,w,OSEqnwQzYu,OSEqnwQzYu,hr,ujvX,HlC
w
w,AmHBVG,OSEqnwQzYu,HlC,LpRKsgX,AmHBVG,w,w,OSEqnwQzYu,OSEqnwQzYu,hr,ujvX
OSEqnwQzYu
w,AmHBVG,hr,HlC,LpRKsgX,AmHBVG,w,w,OSEqnwQzYu,OSEqnwQzYu
HlC
HlC
w,AmHBVG,HlC,OSEqnwQzYu,AmHBVG,w,w,OSEqnwQzYu,OSEqnwQzYu,hr,HlC
AmHBVG,HlC,OSEqnwQzYu,AmHBVG,w,w,OSEqnwQzYu,OSEqnwQzYu,hr,HlC,LpRKsgX,w
AmHBVG,HlC,OSEqnwQzYu,AmHBVG,w,w,OSEqnwQzYu,OSEqnwQzYu,hr,HlC,LpRKsgX,w
AmHBVG,HlC,OSEqnwQzYu,hr,AmHBVG,LpRKsgX,w,w,OSEqnwQzYu,OSEqnwQzYu,HlC,AmHBVG
Jedi Wagner, assuma o comando!