Toque! Toque, Dijê!
Toque! Toque, Dijê!
Toque! Toque, Dijê!
Toque! Toque, Dijê!
Nf
[vazia]
[vazia]
IIbHDaY
IIbHDaY
IIbHDaY,Nf,Nf,IIbHDaY,pGzC
IIbHDaY,Nf,Nf,IIbHDaY,pGzC
Nf
Nf
Nf
Nf
Nf
Toque! Toque, Dijê!
Nf,pGzC
sydiEr
sydiEr,Nf,sydiEr
sydiEr,sydiEr
sydiEr,sydiEr,sydiEr
sydiEr,sydiEr,sydiEr,pGzC,pGzC
sydiEr
sydiEr,pGzC,pGzC,Nf
sydiEr
sydiEr,pGzC,pGzC,Nf,Nf
sydiEr
pGzC,sydiEr,pGzC,Nf,pGzC,sydiEr,pGzC
pGzC,sydiEr,pGzC,Nf,pGzC,sydiEr,pGzC
sydiEr,pGzC,Nf,pGzC,sydiEr,pGzC
sydiEr,pGzC,Nf,pGzC,sydiEr,pGzC
pGzC
pGzC
pGzC
pGzC
pGzC,pGzC,pGzC,sydiEr,IIbHDaY,IIbHDaY,sydiEr
pGzC,pGzC,pGzC,sydiEr,IIbHDaY,IIbHDaY,sydiEr
pGzC
pGzC,pGzC,pGzC,sydiEr,IIbHDaY,IIbHDaY,sydiEr,sydiEr
pGzC,pGzC,pGzC,sydiEr,IIbHDaY,IIbHDaY,sydiEr,sydiEr
IIbHDaY
pGzC,pGzC,IIbHDaY,pGzC,sydiEr,IIbHDaY,sydiEr,sydiEr
pGzC,pGzC,IIbHDaY,pGzC,sydiEr,IIbHDaY,sydiEr,sydiEr
IIbHDaY
pGzC
pGzC
pGzC,IIbHDaY,pGzC,pGzC,sydiEr,IIbHDaY,sydiEr,sydiEr,pGzC
pGzC,IIbHDaY,pGzC,pGzC,sydiEr,IIbHDaY,sydiEr,sydiEr,pGzC
pGzC,IIbHDaY,pGzC,pGzC,sydiEr,IIbHDaY,sydiEr,sydiEr,pGzC,Nf
pGzC,IIbHDaY,pGzC,pGzC,sydiEr,IIbHDaY,sydiEr,sydiEr,pGzC,Nf
pGzC
pGzC
pGzC,pGzC,pGzC,sydiEr,IIbHDaY,sydiEr,sydiEr,pGzC,Nf
sydiEr
pGzC,pGzC,pGzC,sydiEr,IIbHDaY,sydiEr,sydiEr,pGzC,Nf,sydiEr
sydiEr
pGzC,Nf,sydiEr,IIbHDaY,sydiEr,sydiEr,pGzC,Nf
pGzC,Nf,sydiEr,IIbHDaY,sydiEr,sydiEr,pGzC,Nf
pGzC,Nf,sydiEr,IIbHDaY,sydiEr,sydiEr,pGzC,Nf
Jedi Wagner, assuma o comando!