Toque! Toque, Dijê!
[vazia]
[vazia]
[vazia]
WYquBCixVr
[vazia]
[vazia]
Toque! Toque, Dijê!
WYquBCixVr
WYquBCixVr
SHBNF
Toque! Toque, Dijê!
Toque! Toque, Dijê!
Toque! Toque, Dijê!
[vazia]
Toque! Toque, Dijê!
[vazia]
[vazia]
Toque! Toque, Dijê!
Toque! Toque, Dijê!
[vazia]
[vazia]
Toque! Toque, Dijê!
[vazia]
SHBNF
SHBNF
SHBNF
Toque! Toque, Dijê!
[vazia]
Toque! Toque, Dijê!
Toque! Toque, Dijê!
[vazia]
[vazia]
[vazia]
[vazia]
Toque! Toque, Dijê!
CVLCvFxv
CVLCvFxv
CVLCvFxv,WYquBCixVr
CVLCvFxv
CVLCvFxv
CVLCvFxv,WYquBCixVr,CVLCvFxv
CVLCvFxv
CVLCvFxv,CVLCvFxv,WYquBCixVr,cqMcWu,SHBNF
CVLCvFxv
CVLCvFxv
WYquBCixVr
cqMcWu
WYquBCixVr,OmbwH,cqMcWu,SHBNF,OmbwH,OmbwH
WYquBCixVr,CVLCvFxv,OmbwH,cqMcWu,SHBNF,OmbwH,OmbwH
OmbwH,SHBNF,WYquBCixVr,CVLCvFxv,cqMcWu,OmbwH,OmbwH
OmbwH,SHBNF,WYquBCixVr,CVLCvFxv,cqMcWu,OmbwH,OmbwH
OmbwH,SHBNF,WYquBCixVr,CVLCvFxv,cqMcWu,OmbwH,OmbwH
cqMcWu
CVLCvFxv
CVLCvFxv,CVLCvFxv,WYquBCixVr,cqMcWu,SHBNF
CVLCvFxv,CVLCvFxv,cqMcWu,SHBNF
CVLCvFxv
cqMcWu
SHBNF
SHBNF
SHBNF
cqMcWu
cqMcWu
CVLCvFxv,CVLCvFxv,cqMcWu,SHBNF,OmbwH
CVLCvFxv,CVLCvFxv,cqMcWu,SHBNF,OmbwH
CVLCvFxv,CVLCvFxv,cqMcWu,SHBNF
SHBNF
SHBNF
CVLCvFxv,CVLCvFxv,cqMcWu,SHBNF,WYquBCixVr
CVLCvFxv,CVLCvFxv,cqMcWu,WYquBCixVr
SHBNF
CVLCvFxv,CVLCvFxv,cqMcWu,SHBNF,WYquBCixVr,OmbwH
CVLCvFxv
cqMcWu
cqMcWu
cqMcWu
cqMcWu
WYquBCixVr
CVLCvFxv,CVLCvFxv,cqMcWu,SHBNF,OmbwH
CVLCvFxv
OmbwH
OmbwH,CVLCvFxv,CVLCvFxv,SHBNF
OmbwH,CVLCvFxv,CVLCvFxv,SHBNF
OmbwH
CVLCvFxv,OmbwH,cqMcWu,SHBNF
SHBNF
CVLCvFxv,OmbwH,cqMcWu,SHBNF,CVLCvFxv
CVLCvFxv,OmbwH,cqMcWu,SHBNF,CVLCvFxv
CVLCvFxv
CVLCvFxv,OmbwH,cqMcWu,SHBNF,CVLCvFxv
OmbwH
CVLCvFxv,OmbwH,cqMcWu,SHBNF,CVLCvFxv
OmbwH
OmbwH
OmbwH,SHBNF,CVLCvFxv,CVLCvFxv
OmbwH
Jedi Wagner, assuma o comando!