[vazia]
[vazia]
IJnVhOY
IJnVhOY
IJnVhOY
IJnVhOY,XKZoNJcTA
XKZoNJcTA
IJnVhOY
XKZoNJcTA
XKZoNJcTA
AYLOWHUqU
AYLOWHUqU
Lmtpcb,BtJ,ZwYJmcbcrQ,BtJ
Lmtpcb
BtJ,ZwYJmcbcrQ,BtJ,AYLOWHUqU
BtJ,BtJ,BtJ,XKZoNJcTA,ZwYJmcbcrQ
BtJ
BtJ,BtJ,XKZoNJcTA
BtJ,BtJ,XKZoNJcTA
BtJ,BtJ,XKZoNJcTA,IJnVhOY
XKZoNJcTA
BtJ
BtJ,BtJ,ZwYJmcbcrQ
BtJ,BtJ,ZwYJmcbcrQ,XKZoNJcTA,BtJ,BtJ,IJnVhOY
ZwYJmcbcrQ
BtJ,ZwYJmcbcrQ,XKZoNJcTA,BtJ,BtJ,IJnVhOY
BtJ,ZwYJmcbcrQ,XKZoNJcTA,BtJ,BtJ,IJnVhOY
BtJ,ZwYJmcbcrQ,XKZoNJcTA,BtJ,BtJ,IJnVhOY
ZwYJmcbcrQ,XKZoNJcTA,BtJ,BtJ,IJnVhOY,XKZoNJcTA,ZwYJmcbcrQ
BtJ,BtJ,XKZoNJcTA
BtJ,BtJ,XKZoNJcTA
BtJ,BtJ,XKZoNJcTA
XKZoNJcTA
BtJ,BtJ,XKZoNJcTA
BtJ,BtJ,XKZoNJcTA
BtJ,BtJ,XKZoNJcTA,ZwYJmcbcrQ
BtJ
BtJ
BtJ,BtJ,XKZoNJcTA,IJnVhOY,IJnVhOY
BtJ,BtJ,XKZoNJcTA,IJnVhOY,IJnVhOY,XKZoNJcTA
BtJ,BtJ,XKZoNJcTA,IJnVhOY,IJnVhOY,XKZoNJcTA
BtJ
BtJ
BtJ
BtJ
BtJ,BtJ,XKZoNJcTA
BtJ
BtJ,BtJ,XKZoNJcTA
XKZoNJcTA,BtJ,BtJ
BtJ,BtJ,XKZoNJcTA
BtJ
BtJ
BtJ,BtJ,XKZoNJcTA,IJnVhOY
BtJ,BtJ,XKZoNJcTA,IJnVhOY
BtJ,BtJ,XKZoNJcTA,BtJ,ZwYJmcbcrQ,IJnVhOY,BtJ
BtJ,BtJ,XKZoNJcTA,BtJ,ZwYJmcbcrQ,IJnVhOY
BtJ,BtJ,BtJ,XKZoNJcTA,ZwYJmcbcrQ,IJnVhOY,AYLOWHUqU
BtJ,BtJ,XKZoNJcTA,BtJ,ZwYJmcbcrQ,IJnVhOY,Lmtpcb
BtJ,BtJ,XKZoNJcTA,BtJ,ZwYJmcbcrQ,IJnVhOY,Lmtpcb
Lmtpcb
ZwYJmcbcrQ
ZwYJmcbcrQ
IJnVhOY
BtJ,XKZoNJcTA,BtJ,ZwYJmcbcrQ,IJnVhOY,Lmtpcb,BtJ,ZwYJmcbcrQ,AYLOWHUqU
Lmtpcb
BtJ,XKZoNJcTA,BtJ,ZwYJmcbcrQ,IJnVhOY,BtJ,ZwYJmcbcrQ,AYLOWHUqU
XKZoNJcTA
BtJ,XKZoNJcTA,BtJ,Lmtpcb,ZwYJmcbcrQ,IJnVhOY,BtJ
BtJ,XKZoNJcTA,BtJ,Lmtpcb,ZwYJmcbcrQ,IJnVhOY,BtJ
XKZoNJcTA
IJnVhOY
BtJ,BtJ,Lmtpcb,ZwYJmcbcrQ,XKZoNJcTA,IJnVhOY,BtJ,XKZoNJcTA,XKZoNJcTA
BtJ,BtJ,Lmtpcb,ZwYJmcbcrQ,XKZoNJcTA,IJnVhOY,BtJ,XKZoNJcTA,XKZoNJcTA
Lmtpcb
BtJ,XKZoNJcTA,BtJ,Lmtpcb,ZwYJmcbcrQ,IJnVhOY,BtJ
BtJ,XKZoNJcTA,BtJ,Lmtpcb,ZwYJmcbcrQ,IJnVhOY,BtJ
IJnVhOY
IJnVhOY
XKZoNJcTA
BtJ,BtJ,Lmtpcb,ZwYJmcbcrQ,IJnVhOY,XKZoNJcTA,BtJ,IJnVhOY
BtJ,BtJ,Lmtpcb,IJnVhOY,XKZoNJcTA,BtJ,IJnVhOY,IJnVhOY
XKZoNJcTA
BtJ,BtJ,Lmtpcb,BtJ,XKZoNJcTA,IJnVhOY,IJnVhOY,IJnVhOY
Jedi Wagner, assuma o comando!