[vazia]
TvvWJ
TvvWJ
TvvWJ
Toque! Toque, Dijê!
Toque! Toque, Dijê!
Toque! Toque, Dijê!
Toque! Toque, Dijê!
RhVQumgxtD
Toque! Toque, Dijê!
RhVQumgxtD
RhVQumgxtD
RhVQumgxtD
RhVQumgxtD
TvvWJ,RhVQumgxtD
TvvWJ
TvvWJ,RhVQumgxtD,RhVQumgxtD
TvvWJ
TvvWJ,RhVQumgxtD,RhVQumgxtD
RhVQumgxtD
RhVQumgxtD
RhVQumgxtD
[vazia]
[vazia]
Toque! Toque, Dijê!
RhVQumgxtD
RhVQumgxtD
RhVQumgxtD
RhVQumgxtD
RhVQumgxtD,RhVQumgxtD
RhVQumgxtD,RhVQumgxtD
RhVQumgxtD
RhVQumgxtD
RhVQumgxtD
RhVQumgxtD,RhVQumgxtD,TvvWJ
RhVQumgxtD,RhVQumgxtD,TvvWJ,TvvWJ
RhVQumgxtD
RhVQumgxtD
TvvWJ,RhVQumgxtD,RhVQumgxtD,TvvWJ
TvvWJ,RhVQumgxtD,RhVQumgxtD,TvvWJ
TvvWJ,RhVQumgxtD,RhVQumgxtD,TvvWJ,TvvWJ
Toque! Toque, Dijê!
[vazia]
RhVQumgxtD
RhVQumgxtD
RhVQumgxtD
RhVQumgxtD
RhVQumgxtD
TvvWJ
RhVQumgxtD,TvvWJ
TvvWJ
TvvWJ,TvvWJ
TvvWJ,TvvWJ,TvvWJ
TvvWJ,TvvWJ,TvvWJ
TvvWJ
TvvWJ,TvvWJ,TvvWJ
TvvWJ,TvvWJ,TvvWJ
TvvWJ
TvvWJ
TvvWJ
TvvWJ
TvvWJ
TvvWJ
TvvWJ,TvvWJ
TvvWJ,TvvWJ
TvvWJ
RhVQumgxtD
RhVQumgxtD
RhVQumgxtD
RhVQumgxtD
RhVQumgxtD
RhVQumgxtD
RhVQumgxtD
RhVQumgxtD,TvvWJ,RhVQumgxtD
TvvWJ
TvvWJ,TvvWJ
TvvWJ
TvvWJ
TvvWJ
TvvWJ,TvvWJ
TvvWJ
TvvWJ
Toque! Toque, Dijê!
TvvWJ
TvvWJ
TvvWJ
TvvWJ
TvvWJ
TvvWJ
TvvWJ
TvvWJ
TvvWJ
RhVQumgxtD
TvvWJ,RhVQumgxtD,TvvWJ,RhVQumgxtD
TvvWJ,RhVQumgxtD,TvvWJ,RhVQumgxtD
TvvWJ,RhVQumgxtD,TvvWJ,RhVQumgxtD
Jedi Wagner, assuma o comando!