rW
rW
rW,piCzFjcap
rW,piCzFjcap
rW,piCzFjcap,c
rW
rW,piCzFjcap,yFOll
rW,piCzFjcap,yFOll
rW,piCzFjcap,yFOll
rW,piCzFjcap,yFOll,fLxirurPsQ,fLxirurPsQ
yFOll
rW,piCzFjcap,yFOll,fLxirurPsQ
fLxirurPsQ
rW
piCzFjcap
piCzFjcap,fLxirurPsQ
piCzFjcap
piCzFjcap,Dl
piCzFjcap
piCzFjcap
piCzFjcap
piCzFjcap,Dl,piCzFjcap
piCzFjcap,Dl,piCzFjcap
piCzFjcap
piCzFjcap,piCzFjcap
piCzFjcap
piCzFjcap
piCzFjcap
piCzFjcap
piCzFjcap,piCzFjcap,Dl,yFOll
piCzFjcap
piCzFjcap
yFOll
piCzFjcap,yFOll,piCzFjcap,Dl,piCzFjcap,piCzFjcap,Dl
yFOll
yFOll
yFOll
yFOll
piCzFjcap,yFOll,piCzFjcap,Dl,piCzFjcap,piCzFjcap,Dl
piCzFjcap
piCzFjcap
Dl
Dl
yFOll,Dl,piCzFjcap,piCzFjcap,Dl,rW
Dl
yFOll,Dl,piCzFjcap,Dl,rW
rW,Dl,piCzFjcap,Dl,c
rW
rW
rW,piCzFjcap,Dl,c,Dl
piCzFjcap,Dl,c,Dl,yFOll,tp,fLxirurPsQ
piCzFjcap,Dl,c,Dl,yFOll,tp,fLxirurPsQ,piCzFjcap
Dl
piCzFjcap,c,Dl,Dl,yFOll,tp,fLxirurPsQ,c,tp
piCzFjcap,c,Dl,Dl,yFOll,tp,fLxirurPsQ,c,tp
piCzFjcap,c,Dl,Dl,yFOll,tp,fLxirurPsQ,c,Dl
Dl
piCzFjcap,c,Dl,yFOll,tp,fLxirurPsQ
yFOll
piCzFjcap
c,Dl,piCzFjcap,yFOll,tp,fLxirurPsQ,tp
c,Dl,piCzFjcap,yFOll,tp,fLxirurPsQ,tp
c,Dl,yFOll,tp,fLxirurPsQ,tp,SpjhqQg
c,Dl,SpjhqQg,yFOll,tp,fLxirurPsQ,tp
SpjhqQg
yFOll
yFOll
yFOll
yFOll,tp,SpjhqQg,fLxirurPsQ,tp,yFOll
yFOll,tp,SpjhqQg,fLxirurPsQ,tp,yFOll,rW
SpjhqQg
yFOll,tp,SpjhqQg,fLxirurPsQ,tp,yFOll,rW,piCzFjcap
tp
c,SpjhqQg,yFOll,tp,fLxirurPsQ,tp
c,SpjhqQg,yFOll,fLxirurPsQ,tp,tp
c,SpjhqQg,yFOll,fLxirurPsQ,tp,tp
fLxirurPsQ
fLxirurPsQ
tp
SpjhqQg
SpjhqQg
SpjhqQg
c,SpjhqQg,yFOll,tp,fLxirurPsQ,tp
c,SpjhqQg,yFOll,tp,fLxirurPsQ,tp
SpjhqQg,yFOll,tp,fLxirurPsQ,tp,yFOll
SpjhqQg,yFOll,tp,fLxirurPsQ,tp,yFOll
yFOll
yFOll
yFOll
SpjhqQg,yFOll,tp,fLxirurPsQ,tp,yFOll,SpjhqQg
SpjhqQg,yFOll,tp,fLxirurPsQ,tp,yFOll,SpjhqQg
SpjhqQg,yFOll,tp,fLxirurPsQ,tp,yFOll,SpjhqQg,fLxirurPsQ
tp
tp
SpjhqQg,yFOll,tp,fLxirurPsQ,tp,yFOll,SpjhqQg,Dl,rW
SpjhqQg,yFOll,tp,fLxirurPsQ,tp,yFOll,SpjhqQg,Dl,rW
SpjhqQg,yFOll,tp,fLxirurPsQ,tp,yFOll,SpjhqQg,Dl,rW
SpjhqQg,yFOll,tp,fLxirurPsQ,tp,yFOll,SpjhqQg,Dl,rW
SpjhqQg,yFOll,tp,fLxirurPsQ,tp,yFOll,SpjhqQg
SpjhqQg
SpjhqQg,yFOll,fLxirurPsQ,tp,yFOll,SpjhqQg,tp
SpjhqQg,yFOll,fLxirurPsQ,tp,yFOll,SpjhqQg,tp
SpjhqQg,yFOll,fLxirurPsQ,tp,yFOll,SpjhqQg,tp
SpjhqQg,yFOll,fLxirurPsQ,tp,yFOll,SpjhqQg,tp
tp
tp
tp
tp
SpjhqQg,yFOll,tp,fLxirurPsQ,tp,yFOll,SpjhqQg
SpjhqQg,yFOll,tp,fLxirurPsQ,tp,yFOll,SpjhqQg
SpjhqQg,yFOll,tp,fLxirurPsQ,tp,yFOll,SpjhqQg
SpjhqQg,yFOll,tp,fLxirurPsQ,tp,yFOll,SpjhqQg
SpjhqQg
SpjhqQg,yFOll,tp,fLxirurPsQ,tp,yFOll,SpjhqQg,yFOll
SpjhqQg
yFOll,SpjhqQg,tp,fLxirurPsQ,tp,yFOll,SpjhqQg,yFOll
yFOll,SpjhqQg,tp,fLxirurPsQ,tp,yFOll,SpjhqQg,yFOll
yFOll,SpjhqQg,tp,fLxirurPsQ,tp,yFOll,SpjhqQg,yFOll
Jedi Wagner, assuma o comando!