Toque! Toque, Dijê!
Toque! Toque, Dijê!
Toque! Toque, Dijê!
Toque! Toque, Dijê!
Toque! Toque, Dijê!
nJTv
HCIfCvBjiS
[vazia]
[vazia]
[vazia]
[vazia]
Toque! Toque, Dijê!
Toque! Toque, Dijê!
Toque! Toque, Dijê!
[vazia]
Toque! Toque, Dijê!
boPHm
boPHm
Toque! Toque, Dijê!
[vazia]
[vazia]
[vazia]
[vazia]
k,k,vLmlnNy
k,k,vLmlnNy
k
hOMdBsZx
hOMdBsZx,k,k,vLmlnNy,EKwy,nJTv
nJTv
nJTv,hOMdBsZx,k,k,vLmlnNy,EKwy
hOMdBsZx
k
k
nJTv,hOMdBsZx,k,k,vLmlnNy,k
k,nJTv,k,vLmlnNy,k
k
k,nJTv,k,vLmlnNy,k,eperGqqYK,nJTv,k
k
k
k
k,nJTv,k,vLmlnNy,k
k,nJTv,k,vLmlnNy,k,iMFYS
k,nJTv,k,vLmlnNy,k,iMFYS
k,nJTv,k,vLmlnNy,k,iMFYS
k,nJTv,k,vLmlnNy,k,iMFYS
k
k,nJTv,k,vLmlnNy,k,iMFYS
k,nJTv,k,vLmlnNy,k,iMFYS,boPHm
k,nJTv,k,vLmlnNy,k,iMFYS,boPHm
k
k,nJTv,k,vLmlnNy,k
nJTv,k,vLmlnNy,k,kJlDW,nJTv,HCIfCvBjiS
k,nJTv,k,vLmlnNy,k,boPHm
k
k,vLmlnNy,k,boPHm,kJlDW
k,vLmlnNy,k,boPHm,kJlDW
k,vLmlnNy,k,boPHm,kJlDW
k
k,vLmlnNy,k,boPHm,kJlDW
k
k,vLmlnNy,k,boPHm,kJlDW
vLmlnNy,k,nJTv
k
vLmlnNy,k,nJTv
k,k,boPHm
boPHm
k,boPHm,k
k,k,boPHm,k,iMFYS
k
k,k,boPHm,k,iMFYS,EKwy
k
k,k,boPHm,k,iMFYS,EKwy,k
k
k,k,k,iMFYS,EKwy,k,hOMdBsZx
k,k,k,iMFYS,EKwy,k,hOMdBsZx
k,k,k,iMFYS,EKwy,k,hOMdBsZx
k,k,k,iMFYS,EKwy,k,hOMdBsZx
k,k,k,iMFYS,EKwy,k,hOMdBsZx
iMFYS
k,k,k,EKwy,k,hOMdBsZx,nJTv,boPHm
k,k,k,EKwy,k,hOMdBsZx,nJTv
k
k,k,k,EKwy,k,hOMdBsZx,nJTv,boPHm,vLmlnNy
k,k,EKwy,k,hOMdBsZx,nJTv,boPHm,vLmlnNy
hOMdBsZx
k,k,k,hOMdBsZx,nJTv,boPHm,vLmlnNy,k
hOMdBsZx
hOMdBsZx
k,k,k,hOMdBsZx,nJTv,boPHm,vLmlnNy,k,boPHm
k,EKwy,k,hOMdBsZx,nJTv,boPHm,vLmlnNy
k,EKwy,k,hOMdBsZx,nJTv,boPHm,vLmlnNy
k,EKwy,k,hOMdBsZx,nJTv,boPHm,vLmlnNy
k,EKwy,k,hOMdBsZx,nJTv,boPHm,vLmlnNy
hOMdBsZx
hOMdBsZx
k,k,EKwy,k,hOMdBsZx,nJTv,boPHm,vLmlnNy,HCIfCvBjiS
hOMdBsZx
Jedi Wagner, assuma o comando!