[vazia]
Toque! Toque, Dijê!
Toque! Toque, Dijê!
Toque! Toque, Dijê!
Toque! Toque, Dijê!
Toque! Toque, Dijê!
[vazia]
Toque! Toque, Dijê!
JbZ
JbZ,JbZ
JbZ
[vazia]
Toque! Toque, Dijê!
ABettMB
[vazia]
Toque! Toque, Dijê!
JbZ
[vazia]
[vazia]
[vazia]
JbZ
JbZ,JbZ
JbZ
JbZ
JbZ
JbZ
JbZ
[vazia]
[vazia]
ABettMB,JbZ
JbZ,ABettMB
JbZ
JbZ,ABettMB,JbZ
JbZ,ABettMB,JbZ,ABettMB,ABettMB
JbZ,ABettMB,JbZ,ABettMB,ABettMB
JbZ,ABettMB,JbZ,ABettMB,ABettMB,JbZ,JbZ,JbZ
JbZ,ABettMB,JbZ,ABettMB,ABettMB,JbZ,JbZ,JbZ
JbZ,ABettMB,JbZ,ABettMB,ABettMB,JbZ,JbZ,JbZ
JbZ,ABettMB,JbZ,ABettMB,ABettMB,JbZ,JbZ,JbZ
ABettMB
JbZ,ABettMB,JbZ,ABettMB,ABettMB
JbZ,ABettMB,JbZ,ABettMB,ABettMB,JbZ
JbZ,ABettMB,JbZ,ABettMB,ABettMB
ABettMB
JbZ,JbZ,ABettMB,ABettMB
JbZ,ABettMB,JbZ,ABettMB,ABettMB
JbZ,ABettMB,JbZ,ABettMB,ABettMB
JbZ,ABettMB,JbZ,ABettMB,ABettMB
JbZ,ABettMB,JbZ,ABettMB,ABettMB
JbZ,ABettMB,ABettMB
Jedi Wagner, assuma o comando!