P
P,UwdBrAle
Toque! Toque, Dijê!
[vazia]
Toque! Toque, Dijê!
BJc
BJc
BJc
BJc
BJc
BJc
BJc
UwdBrAle
UwdBrAle
UwdBrAle
UwdBrAle
UwdBrAle
UwdBrAle
UwdBrAle
Toque! Toque, Dijê!
[vazia]
UwdBrAle
UwdBrAle,DKStCbkgh,DKStCbkgh
DKStCbkgh
UwdBrAle,DKStCbkgh,DKStCbkgh
UwdBrAle,DKStCbkgh,DKStCbkgh,DKStCbkgh
DKStCbkgh
DKStCbkgh
DKStCbkgh
UwdBrAle,DKStCbkgh,DKStCbkgh,DKStCbkgh,xQRtz,UwdBrAle,yrhlqfqXtG,DKStCbkgh
DKStCbkgh
xQRtz
UwdBrAle,DKStCbkgh,DKStCbkgh,xQRtz,DKStCbkgh,UwdBrAle,yrhlqfqXtG,BJc,P,DKStCbkgh,UwdBrAle
xQRtz
UwdBrAle,DKStCbkgh,DKStCbkgh,DKStCbkgh,xQRtz,UwdBrAle,yrhlqfqXtG,P,DKStCbkgh,UwdBrAle
UwdBrAle,DKStCbkgh,DKStCbkgh,DKStCbkgh,xQRtz,UwdBrAle,yrhlqfqXtG,P,DKStCbkgh,UwdBrAle
UwdBrAle,DKStCbkgh,DKStCbkgh,DKStCbkgh,xQRtz,UwdBrAle,yrhlqfqXtG,P,DKStCbkgh,UwdBrAle
UwdBrAle,DKStCbkgh,DKStCbkgh,DKStCbkgh,xQRtz,UwdBrAle,P,DKStCbkgh,UwdBrAle
UwdBrAle,DKStCbkgh,DKStCbkgh,DKStCbkgh,xQRtz,UwdBrAle,P,DKStCbkgh,UwdBrAle
DKStCbkgh
UwdBrAle,DKStCbkgh,DKStCbkgh,UwdBrAle,DKStCbkgh,xQRtz,UwdBrAle,UwdBrAle
UwdBrAle,DKStCbkgh,DKStCbkgh,UwdBrAle,DKStCbkgh,xQRtz,UwdBrAle,UwdBrAle
DKStCbkgh
UwdBrAle,DKStCbkgh,DKStCbkgh,UwdBrAle,DKStCbkgh,UwdBrAle,UwdBrAle,DKStCbkgh,xQRtz,yrhlqfqXtG
UwdBrAle,DKStCbkgh,UwdBrAle,DKStCbkgh,UwdBrAle,UwdBrAle,DKStCbkgh,DKStCbkgh,xQRtz,yrhlqfqXtG
DKStCbkgh
UwdBrAle,UwdBrAle,DKStCbkgh,UwdBrAle,UwdBrAle,DKStCbkgh,DKStCbkgh,DKStCbkgh,xQRtz,yrhlqfqXtG,xQRtz
UwdBrAle,UwdBrAle,DKStCbkgh,UwdBrAle,UwdBrAle,DKStCbkgh,DKStCbkgh,DKStCbkgh,xQRtz,yrhlqfqXtG,xQRtz
DKStCbkgh
UwdBrAle,DKStCbkgh,UwdBrAle,UwdBrAle,DKStCbkgh,DKStCbkgh,DKStCbkgh,xQRtz,UwdBrAle,yrhlqfqXtG,xQRtz,DKStCbkgh,UwdBrAle
UwdBrAle
UwdBrAle
DKStCbkgh,UwdBrAle,DKStCbkgh,DKStCbkgh,DKStCbkgh,xQRtz,UwdBrAle,UwdBrAle,yrhlqfqXtG,xQRtz,DKStCbkgh,UwdBrAle,xQRtz
DKStCbkgh,DKStCbkgh,DKStCbkgh,DKStCbkgh,xQRtz,UwdBrAle,UwdBrAle,UwdBrAle,yrhlqfqXtG,xQRtz,DKStCbkgh,UwdBrAle,xQRtz,DKStCbkgh
DKStCbkgh,DKStCbkgh,DKStCbkgh,DKStCbkgh,xQRtz,UwdBrAle,UwdBrAle,UwdBrAle,yrhlqfqXtG,xQRtz,DKStCbkgh,UwdBrAle,xQRtz,DKStCbkgh
DKStCbkgh,DKStCbkgh,DKStCbkgh,DKStCbkgh,xQRtz,UwdBrAle,UwdBrAle,UwdBrAle,yrhlqfqXtG,xQRtz,DKStCbkgh,UwdBrAle,xQRtz,DKStCbkgh
yrhlqfqXtG
DKStCbkgh,DKStCbkgh,DKStCbkgh,DKStCbkgh,xQRtz,UwdBrAle,UwdBrAle,UwdBrAle,yrhlqfqXtG,xQRtz,DKStCbkgh,UwdBrAle,xQRtz,DKStCbkgh,P
xQRtz
DKStCbkgh
DKStCbkgh,DKStCbkgh,DKStCbkgh,xQRtz,UwdBrAle,UwdBrAle,UwdBrAle,yrhlqfqXtG,xQRtz,DKStCbkgh,DKStCbkgh,UwdBrAle,xQRtz,DKStCbkgh,xQRtz,UwdBrAle
DKStCbkgh
DKStCbkgh,DKStCbkgh,xQRtz,UwdBrAle,UwdBrAle,yrhlqfqXtG,xQRtz,DKStCbkgh,DKStCbkgh,UwdBrAle,DKStCbkgh,UwdBrAle,xQRtz,DKStCbkgh,xQRtz,UwdBrAle
DKStCbkgh
xQRtz,UwdBrAle,UwdBrAle,yrhlqfqXtG,xQRtz,DKStCbkgh,DKStCbkgh,DKStCbkgh,UwdBrAle,DKStCbkgh,UwdBrAle,xQRtz,DKStCbkgh,xQRtz,UwdBrAle,xQRtz
DKStCbkgh
DKStCbkgh
xQRtz,UwdBrAle,xQRtz,DKStCbkgh,DKStCbkgh,DKStCbkgh,UwdBrAle,DKStCbkgh,UwdBrAle,xQRtz,DKStCbkgh,xQRtz,UwdBrAle,xQRtz,UwdBrAle,UwdBrAle,UwdBrAle
UwdBrAle
DKStCbkgh
DKStCbkgh
xQRtz,UwdBrAle,xQRtz,DKStCbkgh,DKStCbkgh,DKStCbkgh,UwdBrAle,DKStCbkgh,UwdBrAle,xQRtz,DKStCbkgh,xQRtz,UwdBrAle,xQRtz,UwdBrAle,UwdBrAle,UwdBrAle,DKStCbkgh
xQRtz,xQRtz,DKStCbkgh,DKStCbkgh,DKStCbkgh,UwdBrAle,DKStCbkgh,UwdBrAle,UwdBrAle,xQRtz,DKStCbkgh,xQRtz,UwdBrAle,xQRtz,UwdBrAle,UwdBrAle,UwdBrAle,DKStCbkgh
UwdBrAle
DKStCbkgh
DKStCbkgh
xQRtz,xQRtz,DKStCbkgh,DKStCbkgh,UwdBrAle,DKStCbkgh,UwdBrAle,UwdBrAle,xQRtz,DKStCbkgh,DKStCbkgh,xQRtz,UwdBrAle,xQRtz,UwdBrAle,UwdBrAle,UwdBrAle,DKStCbkgh
DKStCbkgh
xQRtz,xQRtz,DKStCbkgh,DKStCbkgh,UwdBrAle,DKStCbkgh,UwdBrAle,UwdBrAle,xQRtz,DKStCbkgh,DKStCbkgh,xQRtz,UwdBrAle,xQRtz,UwdBrAle,UwdBrAle,UwdBrAle,DKStCbkgh,UwdBrAle,yrhlqfqXtG
xQRtz,xQRtz,DKStCbkgh,DKStCbkgh,UwdBrAle,DKStCbkgh,UwdBrAle,UwdBrAle,xQRtz,DKStCbkgh,DKStCbkgh,xQRtz,UwdBrAle,xQRtz,UwdBrAle,UwdBrAle,UwdBrAle,DKStCbkgh,UwdBrAle,yrhlqfqXtG
UwdBrAle
xQRtz
UwdBrAle
DKStCbkgh
DKStCbkgh
DKStCbkgh
xQRtz,xQRtz,UwdBrAle,DKStCbkgh,UwdBrAle,UwdBrAle,xQRtz,DKStCbkgh,DKStCbkgh,xQRtz,UwdBrAle,xQRtz,UwdBrAle,DKStCbkgh,UwdBrAle,UwdBrAle,DKStCbkgh,UwdBrAle,yrhlqfqXtG
xQRtz,xQRtz,UwdBrAle,DKStCbkgh,UwdBrAle,UwdBrAle,xQRtz,DKStCbkgh,DKStCbkgh,xQRtz,UwdBrAle,xQRtz,UwdBrAle,DKStCbkgh,UwdBrAle,UwdBrAle,DKStCbkgh,UwdBrAle,yrhlqfqXtG,UwdBrAle
xQRtz,xQRtz,UwdBrAle,DKStCbkgh,UwdBrAle,UwdBrAle,xQRtz,DKStCbkgh,DKStCbkgh,xQRtz,UwdBrAle,xQRtz,UwdBrAle,DKStCbkgh,UwdBrAle,UwdBrAle,DKStCbkgh,UwdBrAle,yrhlqfqXtG,UwdBrAle
DKStCbkgh
xQRtz,xQRtz,UwdBrAle,DKStCbkgh,UwdBrAle,UwdBrAle,xQRtz,DKStCbkgh,DKStCbkgh,xQRtz,UwdBrAle,xQRtz,UwdBrAle,DKStCbkgh,UwdBrAle,UwdBrAle,DKStCbkgh,UwdBrAle,yrhlqfqXtG,xQRtz
xQRtz,xQRtz,UwdBrAle,DKStCbkgh,UwdBrAle,UwdBrAle,xQRtz,DKStCbkgh,DKStCbkgh,xQRtz,UwdBrAle,xQRtz,UwdBrAle,DKStCbkgh,UwdBrAle,UwdBrAle,DKStCbkgh,UwdBrAle,yrhlqfqXtG,xQRtz
xQRtz,xQRtz,UwdBrAle,UwdBrAle,UwdBrAle,xQRtz,DKStCbkgh,DKStCbkgh,xQRtz,UwdBrAle,xQRtz,UwdBrAle,DKStCbkgh,UwdBrAle,UwdBrAle,DKStCbkgh,UwdBrAle,yrhlqfqXtG,xQRtz
DKStCbkgh
DKStCbkgh
xQRtz,xQRtz,UwdBrAle,UwdBrAle,UwdBrAle,xQRtz,DKStCbkgh,DKStCbkgh,xQRtz,UwdBrAle,xQRtz,UwdBrAle,DKStCbkgh,UwdBrAle,UwdBrAle,DKStCbkgh,UwdBrAle,yrhlqfqXtG,yrhlqfqXtG,yrhlqfqXtG,BJc
UwdBrAle
UwdBrAle
UwdBrAle
xQRtz,xQRtz,UwdBrAle,xQRtz,DKStCbkgh,DKStCbkgh,xQRtz,UwdBrAle,xQRtz,UwdBrAle,DKStCbkgh,UwdBrAle,UwdBrAle,DKStCbkgh,UwdBrAle,UwdBrAle,DKStCbkgh,yrhlqfqXtG,xQRtz
xQRtz,xQRtz,UwdBrAle,xQRtz,DKStCbkgh,DKStCbkgh,xQRtz,UwdBrAle,xQRtz,UwdBrAle,DKStCbkgh,UwdBrAle,UwdBrAle,DKStCbkgh,UwdBrAle,UwdBrAle,DKStCbkgh,yrhlqfqXtG,xQRtz
xQRtz,xQRtz,UwdBrAle,xQRtz,DKStCbkgh,DKStCbkgh,xQRtz,UwdBrAle,xQRtz,UwdBrAle,DKStCbkgh,UwdBrAle,UwdBrAle,DKStCbkgh,UwdBrAle,UwdBrAle,DKStCbkgh,yrhlqfqXtG,xQRtz
xQRtz,xQRtz,UwdBrAle,xQRtz,DKStCbkgh,DKStCbkgh,xQRtz,UwdBrAle,xQRtz,UwdBrAle,DKStCbkgh,UwdBrAle,UwdBrAle,DKStCbkgh,UwdBrAle,UwdBrAle,DKStCbkgh,yrhlqfqXtG,xQRtz
xQRtz
xQRtz
xQRtz
xQRtz,xQRtz,UwdBrAle,DKStCbkgh,UwdBrAle,UwdBrAle,xQRtz,DKStCbkgh,DKStCbkgh,xQRtz,UwdBrAle,xQRtz,UwdBrAle,DKStCbkgh,UwdBrAle,UwdBrAle,DKStCbkgh,UwdBrAle,yrhlqfqXtG
xQRtz,xQRtz,UwdBrAle,DKStCbkgh,UwdBrAle,UwdBrAle,xQRtz,DKStCbkgh,DKStCbkgh,xQRtz,UwdBrAle,xQRtz,UwdBrAle,DKStCbkgh,UwdBrAle,UwdBrAle,DKStCbkgh,UwdBrAle,yrhlqfqXtG
xQRtz,UwdBrAle,DKStCbkgh,UwdBrAle,UwdBrAle,xQRtz,DKStCbkgh,DKStCbkgh,xQRtz,UwdBrAle,xQRtz,UwdBrAle,DKStCbkgh,UwdBrAle,UwdBrAle,DKStCbkgh,UwdBrAle,xQRtz,yrhlqfqXtG
xQRtz,UwdBrAle,DKStCbkgh,UwdBrAle,UwdBrAle,xQRtz,DKStCbkgh,DKStCbkgh,xQRtz,UwdBrAle,xQRtz,UwdBrAle,DKStCbkgh,UwdBrAle,UwdBrAle,DKStCbkgh,UwdBrAle,xQRtz,yrhlqfqXtG
UwdBrAle
xQRtz,UwdBrAle,yrhlqfqXtG,DKStCbkgh,UwdBrAle,UwdBrAle,xQRtz,DKStCbkgh,DKStCbkgh,xQRtz,UwdBrAle,xQRtz,UwdBrAle,DKStCbkgh,UwdBrAle,UwdBrAle,DKStCbkgh,UwdBrAle,xQRtz,yrhlqfqXtG
DKStCbkgh
DKStCbkgh
DKStCbkgh
xQRtz,UwdBrAle,DKStCbkgh,yrhlqfqXtG,UwdBrAle,UwdBrAle,xQRtz,DKStCbkgh,DKStCbkgh,xQRtz,UwdBrAle,xQRtz,UwdBrAle,DKStCbkgh,UwdBrAle,UwdBrAle,DKStCbkgh,UwdBrAle,xQRtz,yrhlqfqXtG
xQRtz,UwdBrAle,DKStCbkgh,yrhlqfqXtG,UwdBrAle,UwdBrAle,xQRtz,DKStCbkgh,DKStCbkgh,xQRtz,UwdBrAle,xQRtz,UwdBrAle,DKStCbkgh,UwdBrAle,UwdBrAle,DKStCbkgh,UwdBrAle,xQRtz,yrhlqfqXtG,BJc,P
UwdBrAle
UwdBrAle
UwdBrAle
xQRtz,UwdBrAle,DKStCbkgh,yrhlqfqXtG,UwdBrAle,UwdBrAle,xQRtz,DKStCbkgh,DKStCbkgh,xQRtz,UwdBrAle,xQRtz,UwdBrAle,DKStCbkgh,UwdBrAle,UwdBrAle,DKStCbkgh,UwdBrAle,xQRtz,yrhlqfqXtG,BJc,P,yrhlqfqXtG,P
xQRtz,UwdBrAle,DKStCbkgh,yrhlqfqXtG,UwdBrAle,UwdBrAle,xQRtz,DKStCbkgh,DKStCbkgh,xQRtz,UwdBrAle,xQRtz,UwdBrAle,DKStCbkgh,UwdBrAle,UwdBrAle,DKStCbkgh,UwdBrAle,xQRtz,yrhlqfqXtG,BJc,P,yrhlqfqXtG,P
xQRtz
xQRtz
xQRtz
xQRtz,UwdBrAle,DKStCbkgh,yrhlqfqXtG,UwdBrAle,UwdBrAle,xQRtz,DKStCbkgh,DKStCbkgh,xQRtz,UwdBrAle,xQRtz,UwdBrAle,DKStCbkgh,UwdBrAle,UwdBrAle,DKStCbkgh,UwdBrAle,xQRtz,yrhlqfqXtG,BJc,P,yrhlqfqXtG,P
xQRtz,UwdBrAle,DKStCbkgh,UwdBrAle,UwdBrAle,xQRtz,DKStCbkgh,DKStCbkgh,xQRtz,UwdBrAle,xQRtz,UwdBrAle,DKStCbkgh,UwdBrAle,UwdBrAle,DKStCbkgh,UwdBrAle,xQRtz,yrhlqfqXtG,P,yrhlqfqXtG,P
DKStCbkgh
xQRtz,UwdBrAle,DKStCbkgh,UwdBrAle,UwdBrAle,xQRtz,DKStCbkgh,DKStCbkgh,xQRtz,UwdBrAle,xQRtz,UwdBrAle,DKStCbkgh,UwdBrAle,UwdBrAle,DKStCbkgh,UwdBrAle,xQRtz,yrhlqfqXtG,P,yrhlqfqXtG,P
DKStCbkgh
xQRtz,UwdBrAle,UwdBrAle,UwdBrAle,xQRtz,DKStCbkgh,DKStCbkgh,DKStCbkgh,xQRtz,UwdBrAle,xQRtz,UwdBrAle,DKStCbkgh,UwdBrAle,UwdBrAle,DKStCbkgh,UwdBrAle,xQRtz,yrhlqfqXtG,BJc,P,yrhlqfqXtG,P
DKStCbkgh
DKStCbkgh
DKStCbkgh
xQRtz
xQRtz
xQRtz
xQRtz,UwdBrAle,UwdBrAle,xQRtz,DKStCbkgh,DKStCbkgh,xQRtz,UwdBrAle,xQRtz,P,UwdBrAle,UwdBrAle,DKStCbkgh,UwdBrAle,UwdBrAle,DKStCbkgh,UwdBrAle,xQRtz,yrhlqfqXtG,yrhlqfqXtG,DKStCbkgh,BJc,DKStCbkgh,UwdBrAle
xQRtz,UwdBrAle,UwdBrAle,xQRtz,DKStCbkgh,DKStCbkgh,xQRtz,UwdBrAle,xQRtz,P,UwdBrAle,UwdBrAle,DKStCbkgh,UwdBrAle,UwdBrAle,DKStCbkgh,UwdBrAle,xQRtz,yrhlqfqXtG,yrhlqfqXtG,DKStCbkgh,BJc,DKStCbkgh,UwdBrAle
P
P
xQRtz,UwdBrAle,UwdBrAle,xQRtz,DKStCbkgh,DKStCbkgh,xQRtz,UwdBrAle,xQRtz,P,UwdBrAle,UwdBrAle,DKStCbkgh,UwdBrAle,UwdBrAle,DKStCbkgh,UwdBrAle,xQRtz,yrhlqfqXtG,yrhlqfqXtG,DKStCbkgh,BJc,DKStCbkgh,UwdBrAle,UwdBrAle
xQRtz,UwdBrAle,UwdBrAle,xQRtz,DKStCbkgh,DKStCbkgh,xQRtz,UwdBrAle,xQRtz,P,UwdBrAle,UwdBrAle,DKStCbkgh,UwdBrAle,UwdBrAle,DKStCbkgh,UwdBrAle,xQRtz,yrhlqfqXtG,yrhlqfqXtG,DKStCbkgh,BJc,DKStCbkgh,UwdBrAle,UwdBrAle,yrhlqfqXtG,yrhlqfqXtG
xQRtz,UwdBrAle,UwdBrAle,xQRtz,DKStCbkgh,DKStCbkgh,xQRtz,UwdBrAle,xQRtz,P,UwdBrAle,UwdBrAle,DKStCbkgh,UwdBrAle,UwdBrAle,DKStCbkgh,UwdBrAle,xQRtz,yrhlqfqXtG,yrhlqfqXtG,DKStCbkgh,BJc,DKStCbkgh,UwdBrAle,UwdBrAle,yrhlqfqXtG,yrhlqfqXtG
UwdBrAle,UwdBrAle,xQRtz,xQRtz,UwdBrAle,xQRtz,P,DKStCbkgh,DKStCbkgh,UwdBrAle,UwdBrAle,DKStCbkgh,UwdBrAle,UwdBrAle,DKStCbkgh,UwdBrAle,xQRtz,yrhlqfqXtG,yrhlqfqXtG,DKStCbkgh,BJc,DKStCbkgh,UwdBrAle,UwdBrAle,yrhlqfqXtG,yrhlqfqXtG
DKStCbkgh
DKStCbkgh
DKStCbkgh
UwdBrAle,xQRtz,xQRtz,UwdBrAle,xQRtz,P,DKStCbkgh,DKStCbkgh,UwdBrAle,UwdBrAle,DKStCbkgh,UwdBrAle,UwdBrAle,DKStCbkgh,UwdBrAle,xQRtz,yrhlqfqXtG,yrhlqfqXtG,DKStCbkgh,BJc,DKStCbkgh,UwdBrAle,UwdBrAle,yrhlqfqXtG,yrhlqfqXtG,DKStCbkgh
DKStCbkgh
UwdBrAle,xQRtz,xQRtz,UwdBrAle,xQRtz,P,DKStCbkgh,DKStCbkgh,UwdBrAle,UwdBrAle,DKStCbkgh,UwdBrAle,UwdBrAle,DKStCbkgh,UwdBrAle,xQRtz,yrhlqfqXtG,yrhlqfqXtG,DKStCbkgh,BJc,DKStCbkgh,UwdBrAle,UwdBrAle,yrhlqfqXtG,yrhlqfqXtG,DKStCbkgh,UwdBrAle
DKStCbkgh
DKStCbkgh
DKStCbkgh
UwdBrAle,UwdBrAle,xQRtz,xQRtz,UwdBrAle,xQRtz,P,DKStCbkgh,DKStCbkgh,UwdBrAle,UwdBrAle,DKStCbkgh,UwdBrAle,UwdBrAle,DKStCbkgh,UwdBrAle,xQRtz,yrhlqfqXtG,yrhlqfqXtG,DKStCbkgh,BJc,DKStCbkgh,UwdBrAle,UwdBrAle,yrhlqfqXtG,yrhlqfqXtG
UwdBrAle,xQRtz,xQRtz,UwdBrAle,xQRtz,DKStCbkgh,UwdBrAle,yrhlqfqXtG,DKStCbkgh,UwdBrAle,DKStCbkgh,UwdBrAle,UwdBrAle,DKStCbkgh,UwdBrAle,xQRtz,yrhlqfqXtG,DKStCbkgh,BJc,DKStCbkgh,UwdBrAle,UwdBrAle,yrhlqfqXtG,yrhlqfqXtG,yrhlqfqXtG,UwdBrAle,P
UwdBrAle,xQRtz,UwdBrAle,xQRtz,DKStCbkgh,UwdBrAle,DKStCbkgh,xQRtz,UwdBrAle,DKStCbkgh,UwdBrAle,UwdBrAle,DKStCbkgh,UwdBrAle,xQRtz,yrhlqfqXtG,DKStCbkgh,BJc,DKStCbkgh,UwdBrAle,UwdBrAle,yrhlqfqXtG,yrhlqfqXtG,yrhlqfqXtG,UwdBrAle,P,UwdBrAle
UwdBrAle,UwdBrAle,xQRtz,DKStCbkgh,UwdBrAle,DKStCbkgh,BJc,xQRtz,UwdBrAle,DKStCbkgh,UwdBrAle,UwdBrAle,DKStCbkgh,UwdBrAle,xQRtz,yrhlqfqXtG,DKStCbkgh,DKStCbkgh,UwdBrAle,UwdBrAle,yrhlqfqXtG,yrhlqfqXtG,yrhlqfqXtG,UwdBrAle,P,UwdBrAle,yrhlqfqXtG
BJc
UwdBrAle,UwdBrAle,xQRtz,DKStCbkgh,UwdBrAle,DKStCbkgh,xQRtz,UwdBrAle,DKStCbkgh,UwdBrAle,UwdBrAle,DKStCbkgh,UwdBrAle,xQRtz,yrhlqfqXtG,DKStCbkgh,BJc,DKStCbkgh,UwdBrAle,UwdBrAle,yrhlqfqXtG,yrhlqfqXtG,yrhlqfqXtG,UwdBrAle,P,UwdBrAle
xQRtz
DKStCbkgh,UwdBrAle,DKStCbkgh,xQRtz,UwdBrAle,xQRtz,P,UwdBrAle,xQRtz,UwdBrAle,DKStCbkgh,UwdBrAle,UwdBrAle,DKStCbkgh,UwdBrAle,xQRtz,yrhlqfqXtG,DKStCbkgh,BJc,DKStCbkgh,UwdBrAle,UwdBrAle,yrhlqfqXtG,yrhlqfqXtG,yrhlqfqXtG,UwdBrAle,UwdBrAle,yrhlqfqXtG
BJc
UwdBrAle,xQRtz,UwdBrAle,xQRtz,DKStCbkgh,UwdBrAle,DKStCbkgh,xQRtz,UwdBrAle,DKStCbkgh,UwdBrAle,UwdBrAle,DKStCbkgh,UwdBrAle,xQRtz,yrhlqfqXtG,DKStCbkgh,BJc,DKStCbkgh,UwdBrAle,UwdBrAle,yrhlqfqXtG,yrhlqfqXtG,yrhlqfqXtG,UwdBrAle,P,UwdBrAle
UwdBrAle
UwdBrAle,xQRtz,DKStCbkgh,UwdBrAle,DKStCbkgh,xQRtz,UwdBrAle,DKStCbkgh,UwdBrAle,UwdBrAle,DKStCbkgh,UwdBrAle,xQRtz,yrhlqfqXtG,DKStCbkgh,DKStCbkgh,UwdBrAle,UwdBrAle,yrhlqfqXtG,yrhlqfqXtG,yrhlqfqXtG,UwdBrAle,P,UwdBrAle,yrhlqfqXtG
UwdBrAle,xQRtz,DKStCbkgh,UwdBrAle,DKStCbkgh,xQRtz,UwdBrAle,DKStCbkgh,UwdBrAle,UwdBrAle,DKStCbkgh,UwdBrAle,xQRtz,yrhlqfqXtG,DKStCbkgh,DKStCbkgh,UwdBrAle,UwdBrAle,yrhlqfqXtG,yrhlqfqXtG,yrhlqfqXtG,UwdBrAle,P,UwdBrAle,yrhlqfqXtG
UwdBrAle,xQRtz,DKStCbkgh,UwdBrAle,DKStCbkgh,xQRtz,UwdBrAle,DKStCbkgh,UwdBrAle,UwdBrAle,DKStCbkgh,UwdBrAle,xQRtz,yrhlqfqXtG,DKStCbkgh,DKStCbkgh,UwdBrAle,UwdBrAle,yrhlqfqXtG,yrhlqfqXtG,yrhlqfqXtG,UwdBrAle,P,UwdBrAle,yrhlqfqXtG
UwdBrAle
UwdBrAle
UwdBrAle
UwdBrAle
UwdBrAle
xQRtz,UwdBrAle,xQRtz,UwdBrAle,DKStCbkgh,P,UwdBrAle,UwdBrAle,UwdBrAle,DKStCbkgh,UwdBrAle,xQRtz,yrhlqfqXtG,DKStCbkgh,DKStCbkgh,UwdBrAle,UwdBrAle,yrhlqfqXtG,yrhlqfqXtG,yrhlqfqXtG,UwdBrAle,UwdBrAle,yrhlqfqXtG,P
P
P
xQRtz,UwdBrAle,xQRtz,UwdBrAle,DKStCbkgh,P,UwdBrAle,UwdBrAle,UwdBrAle,DKStCbkgh,UwdBrAle,xQRtz,yrhlqfqXtG,DKStCbkgh,DKStCbkgh,UwdBrAle,UwdBrAle,yrhlqfqXtG,yrhlqfqXtG,yrhlqfqXtG,UwdBrAle,UwdBrAle,yrhlqfqXtG,P
UwdBrAle,xQRtz,DKStCbkgh,UwdBrAle,DKStCbkgh,xQRtz,UwdBrAle,DKStCbkgh,UwdBrAle,UwdBrAle,DKStCbkgh,UwdBrAle,xQRtz,yrhlqfqXtG,DKStCbkgh,DKStCbkgh,UwdBrAle,UwdBrAle,yrhlqfqXtG,yrhlqfqXtG,yrhlqfqXtG,UwdBrAle,P,UwdBrAle,yrhlqfqXtG
UwdBrAle,xQRtz,DKStCbkgh,UwdBrAle,DKStCbkgh,xQRtz,UwdBrAle,DKStCbkgh,UwdBrAle,UwdBrAle,DKStCbkgh,UwdBrAle,xQRtz,yrhlqfqXtG,DKStCbkgh,DKStCbkgh,UwdBrAle,UwdBrAle,yrhlqfqXtG,yrhlqfqXtG,yrhlqfqXtG,UwdBrAle,P,UwdBrAle,yrhlqfqXtG
UwdBrAle,xQRtz,DKStCbkgh,UwdBrAle,DKStCbkgh,xQRtz,UwdBrAle,DKStCbkgh,UwdBrAle,UwdBrAle,DKStCbkgh,UwdBrAle,xQRtz,yrhlqfqXtG,DKStCbkgh,DKStCbkgh,UwdBrAle,UwdBrAle,yrhlqfqXtG,yrhlqfqXtG,yrhlqfqXtG,UwdBrAle,P,UwdBrAle,yrhlqfqXtG,yrhlqfqXtG
UwdBrAle
UwdBrAle
UwdBrAle,xQRtz,DKStCbkgh,UwdBrAle,DKStCbkgh,xQRtz,UwdBrAle,DKStCbkgh,UwdBrAle,UwdBrAle,DKStCbkgh,UwdBrAle,xQRtz,yrhlqfqXtG,DKStCbkgh,DKStCbkgh,UwdBrAle,UwdBrAle,yrhlqfqXtG,yrhlqfqXtG,yrhlqfqXtG,UwdBrAle,P,UwdBrAle,yrhlqfqXtG,yrhlqfqXtG
UwdBrAle
UwdBrAle,xQRtz,DKStCbkgh,UwdBrAle,DKStCbkgh,xQRtz,UwdBrAle,DKStCbkgh,UwdBrAle,UwdBrAle,DKStCbkgh,UwdBrAle,xQRtz,DKStCbkgh,DKStCbkgh,UwdBrAle,UwdBrAle,yrhlqfqXtG,yrhlqfqXtG,yrhlqfqXtG,UwdBrAle,P,UwdBrAle,yrhlqfqXtG,yrhlqfqXtG
UwdBrAle,xQRtz,DKStCbkgh,UwdBrAle,DKStCbkgh,xQRtz,UwdBrAle,DKStCbkgh,UwdBrAle,UwdBrAle,DKStCbkgh,UwdBrAle,xQRtz,DKStCbkgh,DKStCbkgh,UwdBrAle,UwdBrAle,yrhlqfqXtG,UwdBrAle,P,UwdBrAle,yrhlqfqXtG,yrhlqfqXtG,BJc
BJc
UwdBrAle,xQRtz,DKStCbkgh,UwdBrAle,DKStCbkgh,xQRtz,UwdBrAle,DKStCbkgh,yrhlqfqXtG,P,BJc,UwdBrAle,UwdBrAle,DKStCbkgh,UwdBrAle,xQRtz,DKStCbkgh,DKStCbkgh,UwdBrAle,UwdBrAle,UwdBrAle,UwdBrAle,yrhlqfqXtG
yrhlqfqXtG
UwdBrAle,UwdBrAle,DKStCbkgh,UwdBrAle,DKStCbkgh,yrhlqfqXtG,BJc,P,xQRtz,UwdBrAle,UwdBrAle,DKStCbkgh,UwdBrAle,xQRtz,DKStCbkgh,DKStCbkgh,UwdBrAle,UwdBrAle,UwdBrAle,UwdBrAle,yrhlqfqXtG
xQRtz
xQRtz
UwdBrAle,DKStCbkgh,UwdBrAle,DKStCbkgh,yrhlqfqXtG,P,BJc,xQRtz,UwdBrAle,UwdBrAle,DKStCbkgh,UwdBrAle,xQRtz,DKStCbkgh,DKStCbkgh,UwdBrAle,UwdBrAle,UwdBrAle,UwdBrAle,yrhlqfqXtG,DKStCbkgh
xQRtz
DKStCbkgh
UwdBrAle,UwdBrAle,DKStCbkgh,yrhlqfqXtG,P,BJc,xQRtz,DKStCbkgh,UwdBrAle,UwdBrAle,DKStCbkgh,UwdBrAle,xQRtz,DKStCbkgh,DKStCbkgh,UwdBrAle,UwdBrAle,UwdBrAle,UwdBrAle,yrhlqfqXtG,DKStCbkgh
DKStCbkgh
UwdBrAle,UwdBrAle,DKStCbkgh,yrhlqfqXtG,P,BJc,xQRtz,DKStCbkgh,UwdBrAle,UwdBrAle,DKStCbkgh,UwdBrAle,xQRtz,DKStCbkgh,DKStCbkgh,UwdBrAle,UwdBrAle,UwdBrAle,UwdBrAle,yrhlqfqXtG,DKStCbkgh,UwdBrAle,BJc,UwdBrAle
DKStCbkgh
DKStCbkgh
DKStCbkgh
P
BJc
P
Jedi Wagner, assuma o comando!