Toque! Toque, Dijê!
[vazia]
[vazia]
Toque! Toque, Dijê!
[vazia]
Toque! Toque, Dijê!
[vazia]
Toque! Toque, Dijê!
Toque! Toque, Dijê!
dKVNnWK,CldRyyliMi
CldRyyliMi
[vazia]
Toque! Toque, Dijê!
CldRyyliMi
CldRyyliMi
CldRyyliMi,GrL
CldRyyliMi,GrL
CldRyyliMi,GrL
GrL
GrL
CldRyyliMi,GrL,IkuMcie
GrL
GrL
CldRyyliMi,GrL,IkuMcie
CldRyyliMi,GrL,IkuMcie
CldRyyliMi,GrL,IkuMcie
CldRyyliMi,GrL,IkuMcie
CldRyyliMi
CldRyyliMi,GrL,IkuMcie
IkuMcie
CldRyyliMi
GrL,IkuMcie,dKVNnWK
IkuMcie
IkuMcie
IkuMcie
GrL,IkuMcie,IkuMcie
GrL,IkuMcie,IkuMcie
IkuMcie
IkuMcie
GrL,IkuMcie,IkuMcie,CldRyyliMi
GrL,IkuMcie,IkuMcie,CldRyyliMi
GrL
IkuMcie,IkuMcie,CldRyyliMi,GrL,Zzy,GrL
IkuMcie,GrL,CldRyyliMi,IkuMcie,Zzy,GrL,CldRyyliMi
CldRyyliMi
Jedi Wagner, assuma o comando!