[vazia]
[vazia]
Toque! Toque, Dijê!
Toque! Toque, Dijê!
yCplj
yCplj
yCplj
g
yCplj,g
yCplj,g
yCplj,g
yCplj,g,yCplj
yCplj
yCplj
yCplj,g
yCplj
yCplj
g
g,yCplj
yCplj
yCplj,g
yCplj,g
yCplj
yCplj
yCplj,g
yCplj,g
yCplj,g
yCplj,g
yCplj
yCplj,g,mmcgkVT,yCplj
g,mmcgkVT,qZPEhROy,yCplj,qZPEhROy,yCplj
yCplj
g,mmcgkVT,yCplj,yCplj,kszqjsOYfj,yCplj
g
g,mmcgkVT,yCplj,yCplj,kszqjsOYfj,yCplj,zHLDcrcqXC
g,mmcgkVT,yCplj,yCplj,kszqjsOYfj,yCplj,zHLDcrcqXC
g,mmcgkVT,yCplj,yCplj,kszqjsOYfj,yCplj,zHLDcrcqXC
g,mmcgkVT,yCplj,yCplj,kszqjsOYfj,yCplj,zHLDcrcqXC
g,mmcgkVT,yCplj,yCplj,kszqjsOYfj,yCplj,zHLDcrcqXC
g,mmcgkVT,yCplj,yCplj,kszqjsOYfj,yCplj
g,mmcgkVT,yCplj,yCplj,kszqjsOYfj,yCplj
kszqjsOYfj
yCplj
yCplj
g,mmcgkVT,yCplj,yCplj,yCplj,zHLDcrcqXC
g,mmcgkVT,yCplj,yCplj,yCplj,zHLDcrcqXC
g,yCplj,yCplj,yCplj,zHLDcrcqXC
g,yCplj,yCplj,zHLDcrcqXC,yCplj
yCplj
g,mmcgkVT,yCplj,yCplj,zHLDcrcqXC
yCplj
yCplj
g,mmcgkVT,yCplj,yCplj,zHLDcrcqXC,zHLDcrcqXC,mmcgkVT,mmcgkVT
g,mmcgkVT,yCplj,yCplj,zHLDcrcqXC,zHLDcrcqXC,mmcgkVT,mmcgkVT
g,mmcgkVT,yCplj,yCplj,zHLDcrcqXC,zHLDcrcqXC,mmcgkVT,mmcgkVT
yCplj
mmcgkVT
g,yCplj,yCplj,yCplj,mmcgkVT,zHLDcrcqXC,kszqjsOYfj,mmcgkVT,yCplj
mmcgkVT
mmcgkVT
g,yCplj,yCplj,zHLDcrcqXC,mmcgkVT,mmcgkVT,yCplj,yCplj,yCplj,zHLDcrcqXC,zHLDcrcqXC
g,yCplj,yCplj,zHLDcrcqXC,mmcgkVT,mmcgkVT,yCplj,yCplj,yCplj,zHLDcrcqXC,zHLDcrcqXC
mmcgkVT
mmcgkVT
g,yCplj,yCplj,yCplj,zHLDcrcqXC,mmcgkVT,mmcgkVT,yCplj,yCplj,zHLDcrcqXC,zHLDcrcqXC
yCplj
yCplj
g
g,yCplj,yCplj,yCplj,zHLDcrcqXC,mmcgkVT,mmcgkVT,yCplj,yCplj,zHLDcrcqXC,zHLDcrcqXC
g,yCplj,yCplj,yCplj,zHLDcrcqXC,mmcgkVT,yCplj,yCplj,zHLDcrcqXC,zHLDcrcqXC,kszqjsOYfj
g,yCplj,yCplj,mmcgkVT,yCplj,yCplj,zHLDcrcqXC,zHLDcrcqXC,yCplj,kszqjsOYfj,kszqjsOYfj,mmcgkVT
g,yCplj,yCplj,zHLDcrcqXC,yCplj,kszqjsOYfj,zHLDcrcqXC,kszqjsOYfj,mmcgkVT
g,yCplj,yCplj,zHLDcrcqXC,yCplj,kszqjsOYfj,zHLDcrcqXC,kszqjsOYfj,mmcgkVT
qZPEhROy
qZPEhROy
g,yCplj,yCplj,zHLDcrcqXC,yCplj,kszqjsOYfj,zHLDcrcqXC,kszqjsOYfj,qZPEhROy,yCplj,zHLDcrcqXC
qZPEhROy
g,yCplj,yCplj,zHLDcrcqXC,yCplj,kszqjsOYfj,zHLDcrcqXC,kszqjsOYfj,qZPEhROy,yCplj
qZPEhROy
yCplj,yCplj,yCplj,zHLDcrcqXC,yCplj,kszqjsOYfj,zHLDcrcqXC,kszqjsOYfj,qZPEhROy,g
yCplj,yCplj,yCplj,zHLDcrcqXC,yCplj,kszqjsOYfj,zHLDcrcqXC,kszqjsOYfj,qZPEhROy,g
g
g,yCplj,yCplj,zHLDcrcqXC,yCplj,kszqjsOYfj,zHLDcrcqXC,kszqjsOYfj,yCplj
g,kszqjsOYfj,yCplj,yCplj,yCplj,zHLDcrcqXC,yCplj,zHLDcrcqXC,yCplj,kszqjsOYfj,qZPEhROy
g
g
g
kszqjsOYfj
kszqjsOYfj,g,yCplj,yCplj,yCplj,yCplj,zHLDcrcqXC,yCplj,kszqjsOYfj,qZPEhROy,g
kszqjsOYfj,g,yCplj,yCplj,yCplj,yCplj,zHLDcrcqXC,yCplj,kszqjsOYfj,g,yCplj
g
yCplj
kszqjsOYfj,g,yCplj,yCplj,yCplj,yCplj,zHLDcrcqXC,yCplj,kszqjsOYfj,g,yCplj
yCplj
yCplj
kszqjsOYfj,g,yCplj,yCplj,yCplj,yCplj,zHLDcrcqXC,yCplj,kszqjsOYfj,g,yCplj
kszqjsOYfj,g,yCplj,yCplj,yCplj,yCplj,zHLDcrcqXC,yCplj,kszqjsOYfj,g,yCplj
yCplj
yCplj
yCplj
yCplj
yCplj
kszqjsOYfj,yCplj,yCplj,yCplj,yCplj,yCplj,kszqjsOYfj,g,yCplj
kszqjsOYfj,g,yCplj,yCplj,yCplj,yCplj,zHLDcrcqXC,yCplj,kszqjsOYfj,g,yCplj
kszqjsOYfj,g,yCplj,yCplj,yCplj,yCplj,zHLDcrcqXC,yCplj,kszqjsOYfj,g,yCplj
kszqjsOYfj,g,yCplj,yCplj,yCplj,yCplj,zHLDcrcqXC,yCplj,kszqjsOYfj,g,yCplj
kszqjsOYfj,g,yCplj,yCplj,yCplj,yCplj,zHLDcrcqXC,yCplj,kszqjsOYfj,g,yCplj
kszqjsOYfj,g,yCplj,yCplj,yCplj,yCplj,zHLDcrcqXC,yCplj,kszqjsOYfj,g,yCplj
yCplj
g
kszqjsOYfj,yCplj,yCplj,yCplj,zHLDcrcqXC,yCplj,g,kszqjsOYfj,g,yCplj,mmcgkVT
kszqjsOYfj,g,yCplj,yCplj,zHLDcrcqXC,yCplj,kszqjsOYfj,yCplj,g,yCplj,kszqjsOYfj,yCplj
kszqjsOYfj
kszqjsOYfj
g,yCplj,yCplj,kszqjsOYfj,zHLDcrcqXC,yCplj,yCplj,g,yCplj,kszqjsOYfj,yCplj
zHLDcrcqXC
zHLDcrcqXC
g,yCplj,yCplj,kszqjsOYfj,zHLDcrcqXC,yCplj,yCplj,g,yCplj,kszqjsOYfj,yCplj,g
zHLDcrcqXC
kszqjsOYfj
g,yCplj,yCplj,yCplj,yCplj,zHLDcrcqXC,yCplj,kszqjsOYfj,kszqjsOYfj,g,yCplj,kszqjsOYfj
g
g,yCplj,yCplj,yCplj,yCplj,yCplj,kszqjsOYfj,kszqjsOYfj,g,zHLDcrcqXC,yCplj,kszqjsOYfj
g,yCplj,yCplj,yCplj,yCplj,yCplj,kszqjsOYfj,kszqjsOYfj,g,zHLDcrcqXC,yCplj,kszqjsOYfj,kszqjsOYfj
g
g,yCplj,yCplj,yCplj,kszqjsOYfj,g,kszqjsOYfj,yCplj,zHLDcrcqXC,yCplj,kszqjsOYfj,kszqjsOYfj
g,yCplj,yCplj,yCplj,kszqjsOYfj,g,kszqjsOYfj,yCplj,zHLDcrcqXC,yCplj,kszqjsOYfj,kszqjsOYfj
kszqjsOYfj
kszqjsOYfj
g,yCplj,yCplj,yCplj,kszqjsOYfj,g,kszqjsOYfj,yCplj,zHLDcrcqXC,yCplj,kszqjsOYfj,kszqjsOYfj
yCplj
yCplj
g,yCplj,yCplj,yCplj,kszqjsOYfj,g,kszqjsOYfj,yCplj,zHLDcrcqXC,yCplj,kszqjsOYfj,kszqjsOYfj
yCplj
yCplj
yCplj
g,yCplj,yCplj,yCplj,kszqjsOYfj,g,kszqjsOYfj,yCplj,yCplj,kszqjsOYfj,kszqjsOYfj,g,g,mmcgkVT
yCplj
g,yCplj,yCplj,yCplj,kszqjsOYfj,g,kszqjsOYfj,yCplj,yCplj,kszqjsOYfj,kszqjsOYfj,g,g,mmcgkVT
g,yCplj,yCplj,yCplj,kszqjsOYfj,g,kszqjsOYfj,yCplj,yCplj,kszqjsOYfj,kszqjsOYfj,g,g,mmcgkVT
yCplj
g,yCplj,yCplj,yCplj,g,kszqjsOYfj,yCplj,qZPEhROy,yCplj,kszqjsOYfj,kszqjsOYfj,g,g,mmcgkVT
yCplj
g,yCplj,yCplj,yCplj,kszqjsOYfj,g,kszqjsOYfj,yCplj,yCplj,kszqjsOYfj,kszqjsOYfj,g,g,mmcgkVT
g,yCplj,yCplj,yCplj,kszqjsOYfj,g,kszqjsOYfj,yCplj,yCplj,kszqjsOYfj,kszqjsOYfj,g,g,mmcgkVT
g,yCplj,yCplj,yCplj,g,kszqjsOYfj,yCplj,yCplj,kszqjsOYfj,kszqjsOYfj,g,g,mmcgkVT,mmcgkVT,mmcgkVT,mmcgkVT
kszqjsOYfj
g,yCplj,yCplj,yCplj,g,kszqjsOYfj,yCplj,yCplj,kszqjsOYfj,kszqjsOYfj,g,g,mmcgkVT,mmcgkVT,mmcgkVT,mmcgkVT,g,yCplj,yCplj
g,yCplj,yCplj,yCplj,g,yCplj,yCplj,kszqjsOYfj,kszqjsOYfj,g,g,mmcgkVT,mmcgkVT,mmcgkVT,mmcgkVT,yCplj
g,yCplj,yCplj,yCplj,g,yCplj,yCplj,kszqjsOYfj,kszqjsOYfj,g,mmcgkVT,g,mmcgkVT,mmcgkVT,mmcgkVT,yCplj
g,yCplj,yCplj,yCplj,g,yCplj,yCplj,kszqjsOYfj,kszqjsOYfj,g,mmcgkVT,g,mmcgkVT,mmcgkVT,mmcgkVT,yCplj
g,yCplj,yCplj,yCplj,g,yCplj,yCplj,kszqjsOYfj,kszqjsOYfj,g,mmcgkVT,g,mmcgkVT,mmcgkVT,mmcgkVT,yCplj
g,yCplj,yCplj,yCplj,g,yCplj,yCplj,kszqjsOYfj,kszqjsOYfj,g,mmcgkVT,g,mmcgkVT,mmcgkVT,mmcgkVT,yCplj
mmcgkVT
g
mmcgkVT
mmcgkVT
yCplj,yCplj,g,yCplj,yCplj,kszqjsOYfj,kszqjsOYfj,g,g,mmcgkVT,yCplj,mmcgkVT,mmcgkVT,yCplj,yCplj
yCplj,yCplj,g,yCplj,yCplj,kszqjsOYfj,kszqjsOYfj,g,g,mmcgkVT,yCplj,mmcgkVT,mmcgkVT,yCplj,yCplj
yCplj
yCplj,yCplj,g,yCplj,yCplj,kszqjsOYfj,kszqjsOYfj,g,g,yCplj,mmcgkVT,mmcgkVT,mmcgkVT,yCplj,yCplj
mmcgkVT
yCplj,yCplj,g,yCplj,yCplj,kszqjsOYfj,kszqjsOYfj,g,g,yCplj,mmcgkVT,mmcgkVT,mmcgkVT,yCplj,yCplj
yCplj,yCplj,g,yCplj,yCplj,kszqjsOYfj,kszqjsOYfj,g,g,yCplj,mmcgkVT,mmcgkVT,mmcgkVT,yCplj,yCplj
yCplj,yCplj,g,yCplj,yCplj,g,g,yCplj,mmcgkVT,kszqjsOYfj,kszqjsOYfj,mmcgkVT,mmcgkVT,yCplj,yCplj,zHLDcrcqXC,mmcgkVT
yCplj,yCplj,g,yCplj,yCplj,g,g,yCplj,mmcgkVT,kszqjsOYfj,kszqjsOYfj,mmcgkVT,mmcgkVT,yCplj,yCplj,zHLDcrcqXC,mmcgkVT,mmcgkVT
kszqjsOYfj
yCplj,g,yCplj,yCplj,g,g,yCplj,mmcgkVT,kszqjsOYfj,zHLDcrcqXC,yCplj,kszqjsOYfj,mmcgkVT,mmcgkVT,yCplj,yCplj,mmcgkVT,mmcgkVT
yCplj,yCplj,g,yCplj,yCplj,g,g,yCplj,mmcgkVT,kszqjsOYfj,kszqjsOYfj,mmcgkVT,mmcgkVT,yCplj,yCplj,zHLDcrcqXC,mmcgkVT,mmcgkVT
yCplj,yCplj,g,yCplj,yCplj,g,g,yCplj,mmcgkVT,kszqjsOYfj,kszqjsOYfj,mmcgkVT,mmcgkVT,yCplj,yCplj,zHLDcrcqXC,mmcgkVT,mmcgkVT,mmcgkVT
mmcgkVT
mmcgkVT
yCplj,yCplj,g,yCplj,yCplj,g,g,yCplj,kszqjsOYfj,kszqjsOYfj,mmcgkVT,mmcgkVT,yCplj,yCplj,zHLDcrcqXC,mmcgkVT,mmcgkVT,mmcgkVT,g
mmcgkVT
yCplj,g,yCplj,yCplj,g,g,yCplj,kszqjsOYfj,kszqjsOYfj,mmcgkVT,yCplj,yCplj,yCplj,zHLDcrcqXC,mmcgkVT,mmcgkVT,mmcgkVT,g,zHLDcrcqXC
yCplj,yCplj,g,yCplj,yCplj,g,g,yCplj,kszqjsOYfj,kszqjsOYfj,mmcgkVT,yCplj,yCplj,zHLDcrcqXC,mmcgkVT,mmcgkVT,mmcgkVT,g,zHLDcrcqXC,mmcgkVT
zHLDcrcqXC
yCplj,yCplj,g,yCplj,yCplj,g,g,yCplj,kszqjsOYfj,kszqjsOYfj,mmcgkVT,yCplj,yCplj,zHLDcrcqXC,mmcgkVT,mmcgkVT,mmcgkVT,g,zHLDcrcqXC,mmcgkVT,yCplj
mmcgkVT
mmcgkVT
mmcgkVT
yCplj,yCplj,g,yCplj,yCplj,g,g,yCplj,kszqjsOYfj,kszqjsOYfj,mmcgkVT,yCplj,yCplj,zHLDcrcqXC,mmcgkVT,mmcgkVT,mmcgkVT,g,zHLDcrcqXC,mmcgkVT,yCplj
yCplj,g,yCplj,yCplj,g,g,yCplj,kszqjsOYfj,kszqjsOYfj,mmcgkVT,yCplj,yCplj,zHLDcrcqXC,mmcgkVT,mmcgkVT,yCplj,mmcgkVT,g,zHLDcrcqXC,mmcgkVT,yCplj,g,qZPEhROy
yCplj,g,yCplj,yCplj,g,g,yCplj,kszqjsOYfj,kszqjsOYfj,mmcgkVT,yCplj,yCplj,zHLDcrcqXC,mmcgkVT,mmcgkVT,yCplj,mmcgkVT,g,zHLDcrcqXC,mmcgkVT,yCplj,g,qZPEhROy
mmcgkVT
g,yCplj,g,g,yCplj,kszqjsOYfj,kszqjsOYfj,yCplj,yCplj,zHLDcrcqXC,mmcgkVT,mmcgkVT,yCplj,mmcgkVT,g,zHLDcrcqXC,mmcgkVT,yCplj,g
mmcgkVT
yCplj,yCplj,g,yCplj,yCplj,g,g,yCplj,yCplj,yCplj,mmcgkVT,mmcgkVT,g,zHLDcrcqXC,mmcgkVT,yCplj,mmcgkVT
mmcgkVT
Jedi Wagner, assuma o comando!