Toque! Toque, Dijê!
[vazia]
[vazia]
[vazia]
Toque! Toque, Dijê!
[vazia]
Toque! Toque, Dijê!
Toque! Toque, Dijê!
[vazia]
j
j,aNzHHlv,G,RpZkpx,aNzHHlv
j
j,aNzHHlv,G
j
j,aNzHHlv,G,kLcO,DXaYbgsd
j,aNzHHlv,G,kLcO,DXaYbgsd
j
aNzHHlv,G,kLcO,DXaYbgsd
aNzHHlv,G,kLcO,DXaYbgsd
aNzHHlv,G,kLcO,DXaYbgsd
kLcO
kLcO
kLcO
RpZkpx
RpZkpx
RpZkpx
kLcO,G,RpZkpx,RpZkpx
kLcO,G,RpZkpx,RpZkpx
kLcO
kLcO
kLcO,G,RpZkpx,RpZkpx,j
kLcO,G,RpZkpx,RpZkpx,j
G
G
kLcO,G,RpZkpx,RpZkpx,j,Cj
RpZkpx
RpZkpx
kLcO,G,RpZkpx,RpZkpx,j,Cj
RpZkpx
RpZkpx
kLcO,G,RpZkpx,RpZkpx,j,Cj
kLcO,G,RpZkpx,RpZkpx,j,Cj,G
kLcO,G,RpZkpx,RpZkpx,j,Cj,G
RpZkpx
RpZkpx
kLcO,G,RpZkpx,RpZkpx,j,Cj,G,keUkv,j
kLcO,G,RpZkpx,RpZkpx,j,Cj,G,keUkv,j,G
RpZkpx
kLcO,G,RpZkpx,RpZkpx,j,Cj,G,keUkv,j,G,j
RpZkpx
RpZkpx
RpZkpx
RpZkpx
RpZkpx
kLcO,RpZkpx,G,RpZkpx,Cj,G,RpZkpx
kLcO,RpZkpx,G,RpZkpx,Cj,G,RpZkpx
kLcO,RpZkpx,RpZkpx,G,Cj,G,RpZkpx,TpOvBmHl,aNzHHlv
G
kLcO,RpZkpx,RpZkpx,G,Cj,G,RpZkpx,TpOvBmHl,aNzHHlv,RpZkpx
kLcO,RpZkpx,RpZkpx,G,Cj,G,RpZkpx,TpOvBmHl,aNzHHlv,RpZkpx
kLcO,RpZkpx,RpZkpx,G,Cj,G,RpZkpx,TpOvBmHl,aNzHHlv,RpZkpx
kLcO,RpZkpx,RpZkpx,G,Cj,G,RpZkpx,TpOvBmHl,aNzHHlv,RpZkpx,Cj
RpZkpx,RpZkpx,G,Cj,kLcO,G,RpZkpx,TpOvBmHl,aNzHHlv,RpZkpx,Cj,aNzHHlv,UZhtiRLV
RpZkpx,RpZkpx,G,Cj,aNzHHlv,kLcO,G,RpZkpx,TpOvBmHl,RpZkpx,Cj,aNzHHlv,UZhtiRLV
aNzHHlv
RpZkpx,RpZkpx,G,Cj,aNzHHlv,kLcO,G,RpZkpx,TpOvBmHl,RpZkpx,Cj,aNzHHlv,UZhtiRLV,RpZkpx,G,RpZkpx,Cj
RpZkpx,RpZkpx,G,Cj,aNzHHlv,kLcO,G,RpZkpx,TpOvBmHl,RpZkpx,Cj,aNzHHlv,UZhtiRLV,RpZkpx,G,RpZkpx,Cj
aNzHHlv
RpZkpx,RpZkpx,G,Cj,aNzHHlv,kLcO,G,RpZkpx,TpOvBmHl,RpZkpx,Cj,aNzHHlv,UZhtiRLV,RpZkpx,G,RpZkpx,Cj,keUkv,G
RpZkpx,RpZkpx,G,Cj,aNzHHlv,kLcO,TpOvBmHl,G,RpZkpx,RpZkpx,Cj,aNzHHlv,UZhtiRLV,RpZkpx,G,RpZkpx,Cj,keUkv,G,kLcO,RpZkpx
DXaYbgsd
RpZkpx,RpZkpx,G,aNzHHlv,DXaYbgsd,keUkv,kLcO,Cj,TpOvBmHl,G,RpZkpx,RpZkpx,Cj,aNzHHlv,UZhtiRLV,RpZkpx,G,RpZkpx,Cj,G,kLcO,RpZkpx,keUkv,aNzHHlv,DXaYbgsd,G,Cj
Jedi Wagner, assuma o comando!