[vazia]
[vazia]
Toque! Toque, Dijê!
[vazia]
Toque! Toque, Dijê!
[vazia]
Toque! Toque, Dijê!
aJQVdpFlP
aJQVdpFlP
aJQVdpFlP
A
aJQVdpFlP,A
aJQVdpFlP,A
aJQVdpFlP
aJQVdpFlP,it
aJQVdpFlP
aJQVdpFlP
aJQVdpFlP
aJQVdpFlP
aJQVdpFlP
[vazia]
[vazia]
Toque! Toque, Dijê!
Toque! Toque, Dijê!
Toque! Toque, Dijê!
aJQVdpFlP
aJQVdpFlP
aJQVdpFlP
aJQVdpFlP
aJQVdpFlP
aJQVdpFlP
pYn,aJQVdpFlP
pYn
pYn,aJQVdpFlP,it
pYn,aJQVdpFlP
aJQVdpFlP
aJQVdpFlP
aJQVdpFlP
pYn,aJQVdpFlP
pYn
pYn
pYn
pYn
pYn
pYn
pYn,aJQVdpFlP
aJQVdpFlP,xYHzUYhsE
aJQVdpFlP,xYHzUYhsE
aJQVdpFlP,xYHzUYhsE
aJQVdpFlP,xYHzUYhsE
aJQVdpFlP,xYHzUYhsE
aJQVdpFlP
xYHzUYhsE,xYHzUYhsE,it
xYHzUYhsE,xYHzUYhsE,it
xYHzUYhsE,xYHzUYhsE,it,aJQVdpFlP,pYn,it
it
it
it
aJQVdpFlP
it
it
it
xYHzUYhsE,xYHzUYhsE,it,aJQVdpFlP,it
xYHzUYhsE,xYHzUYhsE,it,aJQVdpFlP,pYn,it
aJQVdpFlP
xYHzUYhsE,xYHzUYhsE,it,pYn,aJQVdpFlP,it,aJQVdpFlP
xYHzUYhsE,xYHzUYhsE,it,aJQVdpFlP,pYn,it
pYn
xYHzUYhsE,xYHzUYhsE,it,aJQVdpFlP,pYn,it
pYn
pYn
it
xYHzUYhsE,it,aJQVdpFlP,it
it
it,aJQVdpFlP,it
it,aJQVdpFlP,it,QBi
it
aJQVdpFlP,it,QBi,QBi
it
it,aJQVdpFlP,QBi
it,aJQVdpFlP,QBi
QBi
it,aJQVdpFlP,QBi,xYHzUYhsE,aJQVdpFlP
QBi
it,aJQVdpFlP,QBi,xYHzUYhsE
it,aJQVdpFlP,QBi,xYHzUYhsE
it,aJQVdpFlP,QBi,xYHzUYhsE
it,aJQVdpFlP,QBi,xYHzUYhsE
xYHzUYhsE
xYHzUYhsE
it,aJQVdpFlP,QBi,xYHzUYhsE,A
A
it,aJQVdpFlP,QBi,xYHzUYhsE,A
A
it,aJQVdpFlP,xYHzUYhsE,A
it,xYHzUYhsE,A
it,xYHzUYhsE,A,pYn,pYn
A
it,xYHzUYhsE,A,pYn,pYn,A
A
A
A
xYHzUYhsE,A,pYn,pYn,A,it
A
it,xYHzUYhsE,A,pYn,A
A
it,xYHzUYhsE,A,pYn,pYn,A
it,xYHzUYhsE,A,pYn,pYn,A
it,xYHzUYhsE,A,pYn,pYn,A
A
A
A
A
xYHzUYhsE,A,pYn,pYn,A
xYHzUYhsE,A,pYn,pYn,A
xYHzUYhsE,A,pYn,pYn,A
it
it
xYHzUYhsE,pYn,pYn,A,pYn,it
it
it
xYHzUYhsE,pYn,pYn,A,pYn,it,A
xYHzUYhsE,pYn,pYn,A,pYn,it,A
pYn
xYHzUYhsE,A,pYn,it,pYn,pYn,A,xYHzUYhsE
pYn
A
xYHzUYhsE,A,pYn,it,pYn,pYn,A,xYHzUYhsE,aJQVdpFlP
xYHzUYhsE,A,pYn,it,pYn,pYn,A,xYHzUYhsE,aJQVdpFlP
xYHzUYhsE,A,pYn,it,pYn,pYn,A,xYHzUYhsE,aJQVdpFlP
xYHzUYhsE,A,pYn,it,pYn,pYn,aJQVdpFlP,A,xYHzUYhsE
xYHzUYhsE,A,pYn,it,pYn,pYn,aJQVdpFlP,A,xYHzUYhsE
xYHzUYhsE,pYn,it,pYn,pYn,aJQVdpFlP,A,xYHzUYhsE,QBi
A
A
pYn,it,pYn,pYn,aJQVdpFlP,A,xYHzUYhsE,QBi,A,pYn,A,xYHzUYhsE
pYn,it,pYn,pYn,aJQVdpFlP,A,xYHzUYhsE,QBi,A,pYn,A,xYHzUYhsE
A
it,pYn,pYn,A,xYHzUYhsE,A,QBi,pYn,A,xYHzUYhsE
it,pYn,pYn,A,xYHzUYhsE,A,QBi,pYn,A,xYHzUYhsE,xYHzUYhsE
it,pYn,pYn,A,xYHzUYhsE,A,QBi,pYn,A,xYHzUYhsE,xYHzUYhsE
A
pYn,A,xYHzUYhsE,A,QBi,pYn,A,xYHzUYhsE,xYHzUYhsE,xYHzUYhsE,QBi
QBi
pYn,A,xYHzUYhsE,A,pYn,A,xYHzUYhsE,xYHzUYhsE,xYHzUYhsE,QBi,QBi,A,xYHzUYhsE,xYHzUYhsE
pYn,A,xYHzUYhsE,A,pYn,A,xYHzUYhsE,xYHzUYhsE,xYHzUYhsE,QBi,QBi,A,xYHzUYhsE,xYHzUYhsE
A
A
pYn,xYHzUYhsE,A,pYn,A,xYHzUYhsE,xYHzUYhsE,xYHzUYhsE,QBi,A,QBi,A,xYHzUYhsE,xYHzUYhsE
xYHzUYhsE
xYHzUYhsE
xYHzUYhsE
pYn,A,xYHzUYhsE,A,QBi,pYn,A,xYHzUYhsE,xYHzUYhsE,xYHzUYhsE,QBi,A,xYHzUYhsE,xYHzUYhsE
xYHzUYhsE
xYHzUYhsE
pYn,A,QBi,pYn,A,xYHzUYhsE,xYHzUYhsE,xYHzUYhsE,xYHzUYhsE,A,QBi,A,xYHzUYhsE,xYHzUYhsE,xYHzUYhsE,pYn,aJQVdpFlP
A
A,pYn,A,xYHzUYhsE,xYHzUYhsE,xYHzUYhsE,xYHzUYhsE,A,QBi,A,xYHzUYhsE,xYHzUYhsE,xYHzUYhsE,pYn,aJQVdpFlP
pYn,A,pYn,A,xYHzUYhsE,xYHzUYhsE,xYHzUYhsE,A,xYHzUYhsE,QBi,A,xYHzUYhsE,xYHzUYhsE,xYHzUYhsE,pYn,aJQVdpFlP
pYn,A,pYn,A,xYHzUYhsE,xYHzUYhsE,xYHzUYhsE,A,xYHzUYhsE,QBi,A,xYHzUYhsE,xYHzUYhsE,xYHzUYhsE,pYn,aJQVdpFlP
pYn,A,pYn,A,xYHzUYhsE,xYHzUYhsE,xYHzUYhsE,A,xYHzUYhsE,QBi,A,xYHzUYhsE,xYHzUYhsE,xYHzUYhsE,pYn,aJQVdpFlP,A
pYn,A,pYn,A,xYHzUYhsE,xYHzUYhsE,xYHzUYhsE,A,xYHzUYhsE,QBi,A,xYHzUYhsE,xYHzUYhsE,xYHzUYhsE,pYn,aJQVdpFlP,A
QBi
pYn,A,pYn,A,xYHzUYhsE,xYHzUYhsE,xYHzUYhsE,A,xYHzUYhsE,QBi,A,xYHzUYhsE,xYHzUYhsE,xYHzUYhsE,pYn,aJQVdpFlP,aJQVdpFlP
QBi
pYn,pYn,A,xYHzUYhsE,xYHzUYhsE,A,xYHzUYhsE,QBi,xYHzUYhsE,A,xYHzUYhsE,xYHzUYhsE,xYHzUYhsE,pYn,aJQVdpFlP,A
aJQVdpFlP
pYn,pYn,A,xYHzUYhsE,xYHzUYhsE,A,xYHzUYhsE,aJQVdpFlP,xYHzUYhsE,A,xYHzUYhsE,xYHzUYhsE,xYHzUYhsE,pYn,A,aJQVdpFlP
pYn,pYn,A,xYHzUYhsE,xYHzUYhsE,A,xYHzUYhsE,aJQVdpFlP,xYHzUYhsE,A,xYHzUYhsE,xYHzUYhsE,xYHzUYhsE,pYn,A,aJQVdpFlP,pYn
aJQVdpFlP
pYn,pYn,A,xYHzUYhsE,xYHzUYhsE,A,xYHzUYhsE,QBi,aJQVdpFlP,xYHzUYhsE,A,xYHzUYhsE,xYHzUYhsE,xYHzUYhsE,pYn,A,aJQVdpFlP,A
pYn,A,xYHzUYhsE,A,xYHzUYhsE,QBi,aJQVdpFlP,xYHzUYhsE,pYn,xYHzUYhsE,A,xYHzUYhsE,xYHzUYhsE,xYHzUYhsE,pYn,A,aJQVdpFlP,A
pYn
pYn,pYn,A,xYHzUYhsE,xYHzUYhsE,A,xYHzUYhsE,QBi,aJQVdpFlP,xYHzUYhsE,A,xYHzUYhsE,xYHzUYhsE,xYHzUYhsE,pYn,A,aJQVdpFlP
QBi
pYn
pYn,A,xYHzUYhsE,xYHzUYhsE,A,xYHzUYhsE,aJQVdpFlP,QBi,pYn,xYHzUYhsE,A,xYHzUYhsE,xYHzUYhsE,xYHzUYhsE,pYn,A,aJQVdpFlP
pYn,A,xYHzUYhsE,xYHzUYhsE,A,xYHzUYhsE,aJQVdpFlP,QBi,pYn,xYHzUYhsE,A,xYHzUYhsE,xYHzUYhsE,xYHzUYhsE,pYn,A,aJQVdpFlP
pYn
QBi
pYn
pYn,pYn,A,xYHzUYhsE,xYHzUYhsE,A,xYHzUYhsE,QBi,aJQVdpFlP,xYHzUYhsE,A,xYHzUYhsE,xYHzUYhsE,xYHzUYhsE,pYn,A,aJQVdpFlP
pYn,pYn,A,xYHzUYhsE,A,xYHzUYhsE,QBi,aJQVdpFlP,xYHzUYhsE,xYHzUYhsE,A,xYHzUYhsE,xYHzUYhsE,xYHzUYhsE,pYn,A,aJQVdpFlP
pYn,A,xYHzUYhsE,xYHzUYhsE,A,xYHzUYhsE,QBi,aJQVdpFlP,pYn,xYHzUYhsE,A,xYHzUYhsE,xYHzUYhsE,xYHzUYhsE,pYn,A,aJQVdpFlP
pYn
pYn
pYn
pYn
pYn
aJQVdpFlP
xYHzUYhsE
pYn,pYn,A,xYHzUYhsE,A,xYHzUYhsE,QBi,aJQVdpFlP,xYHzUYhsE,xYHzUYhsE,A,xYHzUYhsE,xYHzUYhsE,xYHzUYhsE,pYn,A,aJQVdpFlP
pYn,pYn,A,xYHzUYhsE,xYHzUYhsE,A,xYHzUYhsE,QBi,aJQVdpFlP,xYHzUYhsE,A,xYHzUYhsE,xYHzUYhsE,xYHzUYhsE,pYn,A,aJQVdpFlP
aJQVdpFlP
aJQVdpFlP
aJQVdpFlP
aJQVdpFlP
aJQVdpFlP
aJQVdpFlP
pYn,pYn,A,xYHzUYhsE,A,xYHzUYhsE,QBi,aJQVdpFlP,xYHzUYhsE,A,xYHzUYhsE,xYHzUYhsE,xYHzUYhsE,pYn,A,aJQVdpFlP
pYn
pYn
pYn,pYn,A,xYHzUYhsE,xYHzUYhsE,A,xYHzUYhsE,QBi,aJQVdpFlP,xYHzUYhsE,A,xYHzUYhsE,xYHzUYhsE,xYHzUYhsE,pYn,A,aJQVdpFlP
pYn,pYn,A,xYHzUYhsE,xYHzUYhsE,A,xYHzUYhsE,QBi,aJQVdpFlP,xYHzUYhsE,A,xYHzUYhsE,xYHzUYhsE,xYHzUYhsE,pYn,A,aJQVdpFlP
pYn,pYn,A,xYHzUYhsE,xYHzUYhsE,A,xYHzUYhsE,aJQVdpFlP,xYHzUYhsE,A,xYHzUYhsE,xYHzUYhsE,xYHzUYhsE,pYn,A,aJQVdpFlP
pYn,xYHzUYhsE,xYHzUYhsE,A,xYHzUYhsE,xYHzUYhsE,A,xYHzUYhsE,xYHzUYhsE,xYHzUYhsE,pYn,A,aJQVdpFlP,aJQVdpFlP
pYn,xYHzUYhsE,xYHzUYhsE,A,xYHzUYhsE,xYHzUYhsE,A,xYHzUYhsE,xYHzUYhsE,xYHzUYhsE,pYn,A,aJQVdpFlP,aJQVdpFlP
xYHzUYhsE
xYHzUYhsE
pYn
pYn,xYHzUYhsE,xYHzUYhsE,xYHzUYhsE,xYHzUYhsE,xYHzUYhsE,xYHzUYhsE,xYHzUYhsE,pYn,A,it,it
pYn
xYHzUYhsE,xYHzUYhsE,xYHzUYhsE,xYHzUYhsE,xYHzUYhsE,xYHzUYhsE,xYHzUYhsE,pYn,pYn,A,it,it
A
xYHzUYhsE,xYHzUYhsE,xYHzUYhsE,xYHzUYhsE,xYHzUYhsE,xYHzUYhsE,xYHzUYhsE,pYn,A,pYn,it,it
Jedi Wagner, assuma o comando!