[vazia]
Toque! Toque, Dijê!
Toque! Toque, Dijê!
Toque! Toque, Dijê!
Toque! Toque, Dijê!
Toque! Toque, Dijê!
Toque! Toque, Dijê!
pUyzTEPKvv
pUyzTEPKvv
pUyzTEPKvv
JGvvmVJ
JGvvmVJ
JGvvmVJ
Toque! Toque, Dijê!
ZuTxxFfN
ZuTxxFfN
MKkSWglX
MKkSWglX
MKkSWglX
MKkSWglX
MKkSWglX
MKkSWglX
MKkSWglX
MKkSWglX,pUyzTEPKvv
MKkSWglX
MKkSWglX
MKkSWglX
MKkSWglX
MKkSWglX
MKkSWglX
ZuTxxFfN
ZuTxxFfN,JGvvmVJ,xDZKxwTuE,pUyzTEPKvv
ZuTxxFfN
ZuTxxFfN,JGvvmVJ,pUyzTEPKvv
ZuTxxFfN
ZuTxxFfN,JGvvmVJ,pUyzTEPKvv
ZuTxxFfN,JGvvmVJ,pUyzTEPKvv
ZuTxxFfN,pUyzTEPKvv
ZuTxxFfN,pUyzTEPKvv,JGvvmVJ
ZuTxxFfN
pUyzTEPKvv,JGvvmVJ,ZuTxxFfN,JGvvmVJ
ZuTxxFfN
pUyzTEPKvv
pUyzTEPKvv
pUyzTEPKvv
ZuTxxFfN,pUyzTEPKvv,JGvvmVJ,JGvvmVJ,MKkSWglX
ZuTxxFfN,pUyzTEPKvv,JGvvmVJ,JGvvmVJ,MKkSWglX,pUyzTEPKvv,xDZKxwTuE
ZuTxxFfN,pUyzTEPKvv,JGvvmVJ,JGvvmVJ,MKkSWglX,pUyzTEPKvv,xDZKxwTuE
ZuTxxFfN,JGvvmVJ,JGvvmVJ,pUyzTEPKvv,MKkSWglX,pUyzTEPKvv,xDZKxwTuE
pUyzTEPKvv
pUyzTEPKvv
ZuTxxFfN,JGvvmVJ,JGvvmVJ,pUyzTEPKvv,MKkSWglX,pUyzTEPKvv,xDZKxwTuE
ZuTxxFfN,JGvvmVJ,JGvvmVJ,pUyzTEPKvv,MKkSWglX,pUyzTEPKvv,xDZKxwTuE,MKkSWglX
ZuTxxFfN,JGvvmVJ,JGvvmVJ,pUyzTEPKvv,MKkSWglX,pUyzTEPKvv,xDZKxwTuE,MKkSWglX
MKkSWglX
MKkSWglX
ZuTxxFfN,JGvvmVJ,JGvvmVJ,pUyzTEPKvv,MKkSWglX,pUyzTEPKvv,xDZKxwTuE
xDZKxwTuE
MKkSWglX
MKkSWglX
MKkSWglX
ZuTxxFfN,JGvvmVJ,pUyzTEPKvv,MKkSWglX,pUyzTEPKvv,xDZKxwTuE,ZuTxxFfN
MKkSWglX
MKkSWglX
ZuTxxFfN,JGvvmVJ,JGvvmVJ,MKkSWglX,pUyzTEPKvv,pUyzTEPKvv,xDZKxwTuE
ZuTxxFfN,JGvvmVJ,JGvvmVJ,MKkSWglX,pUyzTEPKvv,pUyzTEPKvv,xDZKxwTuE
pUyzTEPKvv
ZuTxxFfN,JGvvmVJ,JGvvmVJ,MKkSWglX,pUyzTEPKvv,pUyzTEPKvv,xDZKxwTuE,EG
pUyzTEPKvv
pUyzTEPKvv
ZuTxxFfN,JGvvmVJ,JGvvmVJ,MKkSWglX,pUyzTEPKvv,xDZKxwTuE,EG,MKkSWglX,JGvvmVJ
pUyzTEPKvv
Jedi Wagner, assuma o comando!