N
Toque! Toque, Dijê!
[vazia]
Toque! Toque, Dijê!
[vazia]
[vazia]
Toque! Toque, Dijê!
idbhWc
idbhWc,idbhWc
idbhWc,idbhWc
idbhWc
idbhWc
idbhWc,idbhWc,idbhWc,mIxJaFQwQ
idbhWc,idbhWc,idbhWc,mIxJaFQwQ
idbhWc,idbhWc,idbhWc,mIxJaFQwQ
idbhWc
idbhWc
idbhWc,idbhWc,N,mIxJaFQwQ
idbhWc
idbhWc
idbhWc
N
idbhWc,idbhWc,N,mIxJaFQwQ
idbhWc,idbhWc,N,mIxJaFQwQ
N
idbhWc,idbhWc,N,mIxJaFQwQ
idbhWc,idbhWc,N,mIxJaFQwQ,N
idbhWc,idbhWc,N,mIxJaFQwQ,N,N,N,idbhWc
N
idbhWc,idbhWc,N,mIxJaFQwQ,N,N,N,idbhWc
idbhWc,idbhWc,N,mIxJaFQwQ,N,N
N
mIxJaFQwQ
idbhWc,idbhWc,N,N,mIxJaFQwQ
idbhWc
idbhWc,idbhWc,N,N,mIxJaFQwQ,tq,mIxJaFQwQ,idbhWc
idbhWc
idbhWc
idbhWc
idbhWc
idbhWc,idbhWc,N,N,tq
idbhWc
idbhWc,idbhWc,N,N,mIxJaFQwQ
idbhWc,idbhWc,N,N,mIxJaFQwQ
idbhWc
idbhWc,N,N,mIxJaFQwQ,mIxJaFQwQ
idbhWc
idbhWc
idbhWc,idbhWc,N,N,mIxJaFQwQ
idbhWc,idbhWc,N,N,mIxJaFQwQ
idbhWc
idbhWc,N,idbhWc,N,mIxJaFQwQ
idbhWc,N,idbhWc,N,mIxJaFQwQ
N
N
N
idbhWc,N,idbhWc,N,mIxJaFQwQ,N
idbhWc,idbhWc,N,N,mIxJaFQwQ
N
idbhWc,idbhWc,N,N,mIxJaFQwQ
mIxJaFQwQ
idbhWc,idbhWc,N,N,mIxJaFQwQ,mIxJaFQwQ
mIxJaFQwQ
mIxJaFQwQ
mIxJaFQwQ
idbhWc,idbhWc,N,N,mIxJaFQwQ
mIxJaFQwQ
idbhWc
idbhWc
idbhWc,idbhWc,N,bdKIWlT
idbhWc,idbhWc,N,bdKIWlT
idbhWc,idbhWc,N,bdKIWlT
idbhWc,idbhWc,N,N,mIxJaFQwQ
MmcNLTGcdl
MmcNLTGcdl
idbhWc,idbhWc,N,N,mIxJaFQwQ,MmcNLTGcdl
idbhWc,idbhWc,N,N,mIxJaFQwQ,MmcNLTGcdl,MmcNLTGcdl,idbhWc
idbhWc,idbhWc,N,N,mIxJaFQwQ,idbhWc,mIxJaFQwQ,tq
idbhWc,idbhWc,N,N,mIxJaFQwQ,idbhWc,mIxJaFQwQ,tq
idbhWc,idbhWc,N,N,mIxJaFQwQ,idbhWc,mIxJaFQwQ,tq,idbhWc
N
idbhWc,idbhWc,N,N,mIxJaFQwQ,idbhWc,mIxJaFQwQ,tq,idbhWc
idbhWc,idbhWc,N,N,mIxJaFQwQ,idbhWc,mIxJaFQwQ,tq,idbhWc
tq
idbhWc,idbhWc,tq,mIxJaFQwQ,N,N,idbhWc,mIxJaFQwQ,idbhWc,mIxJaFQwQ,MmcNLTGcdl
idbhWc,idbhWc,tq,mIxJaFQwQ,N,N,idbhWc,mIxJaFQwQ,idbhWc,mIxJaFQwQ,MmcNLTGcdl
tq
idbhWc,idbhWc,N,N,mIxJaFQwQ,MmcNLTGcdl,idbhWc,mIxJaFQwQ
N
N
idbhWc,idbhWc,N,N,mIxJaFQwQ,MmcNLTGcdl,idbhWc,mIxJaFQwQ,MmcNLTGcdl,mIxJaFQwQ
N
mIxJaFQwQ
mIxJaFQwQ
idbhWc,idbhWc,N,N,mIxJaFQwQ,idbhWc,mIxJaFQwQ,MmcNLTGcdl,mIxJaFQwQ,MmcNLTGcdl
mIxJaFQwQ
mIxJaFQwQ
idbhWc,idbhWc,N,N,mIxJaFQwQ,MmcNLTGcdl,idbhWc,mIxJaFQwQ,MmcNLTGcdl,mIxJaFQwQ,MmcNLTGcdl
mIxJaFQwQ
mIxJaFQwQ
mIxJaFQwQ
idbhWc,N,N,mIxJaFQwQ,idbhWc,idbhWc,mIxJaFQwQ,MmcNLTGcdl,mIxJaFQwQ,MmcNLTGcdl,idbhWc
idbhWc,N,N,mIxJaFQwQ,idbhWc,idbhWc,mIxJaFQwQ,MmcNLTGcdl,mIxJaFQwQ,MmcNLTGcdl,idbhWc
idbhWc,N,N,mIxJaFQwQ,idbhWc,idbhWc,mIxJaFQwQ,MmcNLTGcdl,mIxJaFQwQ,MmcNLTGcdl,idbhWc
idbhWc,N,N,mIxJaFQwQ,idbhWc,idbhWc,mIxJaFQwQ,MmcNLTGcdl,mIxJaFQwQ,MmcNLTGcdl,idbhWc
idbhWc
idbhWc
idbhWc
idbhWc
mIxJaFQwQ
idbhWc
N
idbhWc,idbhWc,N,idbhWc,N,mIxJaFQwQ,mIxJaFQwQ,mIxJaFQwQ,MmcNLTGcdl,N
mIxJaFQwQ
mIxJaFQwQ
mIxJaFQwQ
idbhWc,idbhWc,N,N,idbhWc,MmcNLTGcdl,mIxJaFQwQ,mIxJaFQwQ,MmcNLTGcdl,mIxJaFQwQ,MmcNLTGcdl,mIxJaFQwQ,tq,bdKIWlT
mIxJaFQwQ
mIxJaFQwQ
idbhWc,idbhWc,N,N,idbhWc,MmcNLTGcdl,mIxJaFQwQ,bdKIWlT,mIxJaFQwQ,MmcNLTGcdl,mIxJaFQwQ,MmcNLTGcdl,mIxJaFQwQ,tq,mIxJaFQwQ,N
idbhWc,idbhWc,N,N,idbhWc,MmcNLTGcdl,mIxJaFQwQ,bdKIWlT,mIxJaFQwQ,MmcNLTGcdl,mIxJaFQwQ,MmcNLTGcdl,mIxJaFQwQ,tq,mIxJaFQwQ
mIxJaFQwQ
bdKIWlT
idbhWc,idbhWc,N,N,idbhWc,MmcNLTGcdl,mIxJaFQwQ,bdKIWlT,mIxJaFQwQ,MmcNLTGcdl,mIxJaFQwQ,MmcNLTGcdl,mIxJaFQwQ,tq,mIxJaFQwQ,rva,mIxJaFQwQ
bdKIWlT
bdKIWlT
idbhWc,idbhWc,N,N,idbhWc,MmcNLTGcdl,mIxJaFQwQ,bdKIWlT,mIxJaFQwQ,MmcNLTGcdl,mIxJaFQwQ,MmcNLTGcdl,mIxJaFQwQ,tq,mIxJaFQwQ,rva,mIxJaFQwQ
idbhWc,idbhWc,N,N,idbhWc,MmcNLTGcdl,mIxJaFQwQ,bdKIWlT,mIxJaFQwQ,MmcNLTGcdl,mIxJaFQwQ,MmcNLTGcdl,mIxJaFQwQ,tq,mIxJaFQwQ,rva,mIxJaFQwQ
MmcNLTGcdl
MmcNLTGcdl
MmcNLTGcdl
idbhWc,idbhWc,N,idbhWc,mIxJaFQwQ,mIxJaFQwQ,MmcNLTGcdl,mIxJaFQwQ,MmcNLTGcdl,MmcNLTGcdl,mIxJaFQwQ,tq,mIxJaFQwQ,rva,mIxJaFQwQ
idbhWc,idbhWc,N,idbhWc,mIxJaFQwQ,mIxJaFQwQ,MmcNLTGcdl,mIxJaFQwQ,MmcNLTGcdl,MmcNLTGcdl,mIxJaFQwQ,tq,mIxJaFQwQ,rva,mIxJaFQwQ
idbhWc,idbhWc,N,idbhWc,mIxJaFQwQ,mIxJaFQwQ,MmcNLTGcdl,mIxJaFQwQ,MmcNLTGcdl,MmcNLTGcdl,mIxJaFQwQ,tq,mIxJaFQwQ,rva,mIxJaFQwQ
idbhWc,idbhWc,N,idbhWc,mIxJaFQwQ,mIxJaFQwQ,MmcNLTGcdl,mIxJaFQwQ,MmcNLTGcdl,MmcNLTGcdl,mIxJaFQwQ,tq,mIxJaFQwQ,rva,mIxJaFQwQ
MmcNLTGcdl
mIxJaFQwQ
mIxJaFQwQ
mIxJaFQwQ
idbhWc,idbhWc,N,idbhWc,mIxJaFQwQ,mIxJaFQwQ,mIxJaFQwQ,MmcNLTGcdl,MmcNLTGcdl,mIxJaFQwQ,mIxJaFQwQ,MmcNLTGcdl,rva,mIxJaFQwQ,mIxJaFQwQ
mIxJaFQwQ
idbhWc,N,idbhWc,mIxJaFQwQ,mIxJaFQwQ,mIxJaFQwQ,MmcNLTGcdl,MmcNLTGcdl,mIxJaFQwQ,mIxJaFQwQ,MmcNLTGcdl,rva,mIxJaFQwQ,mIxJaFQwQ
N,idbhWc,mIxJaFQwQ,mIxJaFQwQ,MmcNLTGcdl,MmcNLTGcdl,mIxJaFQwQ,mIxJaFQwQ,MmcNLTGcdl,mIxJaFQwQ,rva,mIxJaFQwQ,N,bdKIWlT,idbhWc
rva
idbhWc,N,idbhWc,mIxJaFQwQ,mIxJaFQwQ,mIxJaFQwQ,MmcNLTGcdl,MmcNLTGcdl,mIxJaFQwQ,mIxJaFQwQ,MmcNLTGcdl,rva,mIxJaFQwQ,mIxJaFQwQ,N
mIxJaFQwQ
Jedi Wagner, assuma o comando!