[vazia]
[vazia]
[vazia]
[vazia]
Toque! Toque, Dijê!
Toque! Toque, Dijê!
TzWfSNaLJ
TzWfSNaLJ
TzWfSNaLJ,fUmt
TzWfSNaLJ,fUmt,hjewdK
TzWfSNaLJ,fUmt,hjewdK
TzWfSNaLJ,hjewdK
hjewdK
hjewdK,TzWfSNaLJ
hjewdK,TzWfSNaLJ
hjewdK,M,fUmt
hjewdK
hjewdK,M,fUmt,nLjUJOpUer
nLjUJOpUer,hjewdK,M,fUmt
hjewdK
hjewdK
nLjUJOpUer,hjewdK,M,fUmt
nLjUJOpUer,hjewdK,M,fUmt,TzWfSNaLJ
hjewdK
nLjUJOpUer,hjewdK,M,fUmt
nLjUJOpUer,hjewdK,M,fUmt
M
nLjUJOpUer,hjewdK,M,fUmt,TzWfSNaLJ
M
nLjUJOpUer,hjewdK,M,fUmt,TzWfSNaLJ
nLjUJOpUer,hjewdK,M,fUmt
nLjUJOpUer
nLjUJOpUer
nLjUJOpUer,hjewdK,M,fUmt
M
nLjUJOpUer,hjewdK,M,fUmt
nLjUJOpUer,hjewdK,M,fUmt
M
nLjUJOpUer,hjewdK,M,fUmt,TzWfSNaLJ,TzWfSNaLJ
nLjUJOpUer,hjewdK,M,fUmt,TzWfSNaLJ,TzWfSNaLJ
fUmt
fUmt
fUmt
TzWfSNaLJ
TzWfSNaLJ
nLjUJOpUer,hjewdK,M,TzWfSNaLJ,TzWfSNaLJ
fUmt
fUmt
fUmt
nLjUJOpUer,hjewdK,M,fUmt,TzWfSNaLJ,TzWfSNaLJ
nLjUJOpUer,hjewdK,M,fUmt,TzWfSNaLJ,TzWfSNaLJ
TzWfSNaLJ
TzWfSNaLJ
nLjUJOpUer,hjewdK,M,fUmt,TzWfSNaLJ
TzWfSNaLJ
TzWfSNaLJ
TzWfSNaLJ
TzWfSNaLJ
TzWfSNaLJ
TzWfSNaLJ
W
hjewdK,fUmt,W,nLjUJOpUer,hjewdK,rXHHt
hjewdK,fUmt,W,nLjUJOpUer,hjewdK,rXHHt
W
W
hjewdK,fUmt,TzWfSNaLJ,W,nLjUJOpUer,hjewdK
nLjUJOpUer
nLjUJOpUer
nLjUJOpUer
nLjUJOpUer
hjewdK,fUmt,TzWfSNaLJ,W,nLjUJOpUer,hjewdK
nLjUJOpUer
nLjUJOpUer
nLjUJOpUer
nLjUJOpUer
W
W
W
nLjUJOpUer,W,hjewdK,W,M
nLjUJOpUer,W,hjewdK,W,M
nLjUJOpUer,W,W,M
W
W
W
W
nLjUJOpUer,W,M,TzWfSNaLJ,W,hjewdK
W
nLjUJOpUer,M,TzWfSNaLJ,W
nLjUJOpUer,M,TzWfSNaLJ,W
nLjUJOpUer,hjewdK,M,TzWfSNaLJ,W,hjewdK
nLjUJOpUer,hjewdK,M,TzWfSNaLJ,W,hjewdK,hjewdK
hjewdK
nLjUJOpUer,hjewdK,M,TzWfSNaLJ,W,hjewdK,hjewdK,W
hjewdK
hjewdK
hjewdK
hjewdK
nLjUJOpUer,hjewdK,M,W,hjewdK,hjewdK,W,rXHHt,AFxQuJZNff,M
hjewdK
M
M
nLjUJOpUer,TzWfSNaLJ,hjewdK,M,hjewdK,hjewdK,W,rXHHt,fUmt,hjewdK
M
M
M
TzWfSNaLJ,hjewdK,M,W,hjewdK,hjewdK,W,rXHHt,fUmt,M
TzWfSNaLJ,hjewdK,M,W,hjewdK,hjewdK,W,rXHHt,fUmt,M
W
TzWfSNaLJ,hjewdK,M,W,hjewdK,hjewdK,W,rXHHt,fUmt,M,M
hjewdK
hjewdK
hjewdK
hjewdK
hjewdK
M,W,hjewdK,hjewdK,W,rXHHt,fUmt,M,M,AFxQuJZNff,M
hjewdK
M,W,hjewdK,hjewdK,W,rXHHt,fUmt,M,M,AFxQuJZNff,M
M,hjewdK,hjewdK,W,fUmt,M,M,AFxQuJZNff,M
M,hjewdK,hjewdK,W,fUmt,M,M,AFxQuJZNff,M,rXHHt
hjewdK
M,hjewdK,hjewdK,fUmt,W,M,M,AFxQuJZNff,M,rXHHt
hjewdK
hjewdK
hjewdK
hjewdK,hjewdK,fUmt,W,M,M,AFxQuJZNff,M,rXHHt,fUmt
hjewdK
M,hjewdK,hjewdK,W,fUmt,M,M,M,rXHHt,fUmt
M,hjewdK,hjewdK,W,fUmt,M,M,M,rXHHt,fUmt
M,hjewdK,hjewdK,rXHHt,fUmt,M,M,M,fUmt
rXHHt
rXHHt
M,hjewdK,hjewdK,rXHHt,fUmt,M,M,M,fUmt,W,hjewdK
rXHHt
W
W
W
M,hjewdK,hjewdK,W,rXHHt,fUmt,M,M,M,fUmt,hjewdK,W,rXHHt
M,hjewdK,hjewdK,W,rXHHt,fUmt,M,M,M,fUmt,hjewdK,W,rXHHt
hjewdK
M,hjewdK,W,hjewdK,M,M,M,fUmt,hjewdK,W,rXHHt
hjewdK,W,hjewdK,M,rXHHt,M,M,M,fUmt,hjewdK,W,fUmt
hjewdK,W,hjewdK,M,rXHHt,M,M,M,fUmt,hjewdK,W,fUmt
M
hjewdK,W,hjewdK,M,rXHHt,M,M,M,fUmt,hjewdK,W,fUmt,hjewdK
W,hjewdK,M,rXHHt,M,fUmt,M,M,hjewdK,W,fUmt,hjewdK,hjewdK
W,hjewdK,M,rXHHt,M,fUmt,M,M,hjewdK,W,fUmt,hjewdK,hjewdK,M,hjewdK
W,hjewdK,M,M,fUmt,M,M,hjewdK,W,fUmt,hjewdK,hjewdK,M,hjewdK,hjewdK,rXHHt
M
M
M
W,hjewdK,M,M,fUmt,M,M,hjewdK,W,fUmt,hjewdK,hjewdK,M,hjewdK,hjewdK,rXHHt,nLjUJOpUer,rXHHt
hjewdK,M,M,W,fUmt,M,M,hjewdK,W,fUmt,hjewdK,hjewdK,M,hjewdK,hjewdK,rXHHt,nLjUJOpUer,rXHHt,fUmt
M
hjewdK,M,M,W,M,M,hjewdK,W,fUmt,hjewdK,hjewdK,M,hjewdK,hjewdK,rXHHt,nLjUJOpUer,rXHHt,fUmt,hjewdK,nLjUJOpUer,rXHHt
hjewdK,M,M,W,M,M,hjewdK,W,fUmt,hjewdK,hjewdK,M,hjewdK,hjewdK,rXHHt,nLjUJOpUer,rXHHt,fUmt,hjewdK,nLjUJOpUer,rXHHt
hjewdK,M,M,W,M,M,hjewdK,W,fUmt,hjewdK,hjewdK,M,hjewdK,hjewdK,rXHHt,nLjUJOpUer,rXHHt,fUmt,hjewdK,nLjUJOpUer,rXHHt
rXHHt
rXHHt
hjewdK,M,W,M,M,rXHHt,hjewdK,W,fUmt,hjewdK,hjewdK,M,hjewdK,hjewdK,nLjUJOpUer,rXHHt,fUmt,hjewdK,nLjUJOpUer,rXHHt,fUmt
hjewdK,M,W,M,M,rXHHt,hjewdK,W,fUmt,hjewdK,hjewdK,M,hjewdK,hjewdK,nLjUJOpUer,rXHHt,fUmt,hjewdK,nLjUJOpUer,rXHHt,fUmt
rXHHt
rXHHt
hjewdK,M,W,M,M,rXHHt,hjewdK,W,fUmt,hjewdK,hjewdK,M,hjewdK,hjewdK,nLjUJOpUer,rXHHt,fUmt,hjewdK,nLjUJOpUer,rXHHt,fUmt,rXHHt
hjewdK,M,W,M,M,rXHHt,hjewdK,W,hjewdK,hjewdK,M,hjewdK,hjewdK,nLjUJOpUer,rXHHt,fUmt,hjewdK,nLjUJOpUer,rXHHt,fUmt,rXHHt
hjewdK,M,W,M,M,hjewdK,W,hjewdK,hjewdK,M,hjewdK,hjewdK,nLjUJOpUer,rXHHt,fUmt,hjewdK,nLjUJOpUer,rXHHt,fUmt,rXHHt
hjewdK
hjewdK,M,M,W,M,M,nLjUJOpUer,hjewdK,W,fUmt,hjewdK,hjewdK,M,hjewdK,hjewdK,rXHHt,rXHHt,fUmt,hjewdK,nLjUJOpUer,rXHHt
Jedi Wagner, assuma o comando!