Toque! Toque, Dijê!
[vazia]
wrDmXKDCU
wrDmXKDCU
wrDmXKDCU
wrDmXKDCU
wrDmXKDCU
[vazia]
Toque! Toque, Dijê!
Toque! Toque, Dijê!
Toque! Toque, Dijê!
[vazia]
[vazia]
[vazia]
[vazia]
[vazia]
[vazia]
[vazia]
Toque! Toque, Dijê!
[vazia]
mSTTlKaji
mSTTlKaji
mSTTlKaji
mSTTlKaji
Toque! Toque, Dijê!
Toque! Toque, Dijê!
Toque! Toque, Dijê!
Toque! Toque, Dijê!
Toque! Toque, Dijê!
[vazia]
[vazia]
[vazia]
[vazia]
[vazia]
Toque! Toque, Dijê!
Toque! Toque, Dijê!
zenubsvDAz
zenubsvDAz
FAX
[vazia]
Toque! Toque, Dijê!
[vazia]
[vazia]
[vazia]
vXrf
FAX
FAX
vXrf,FAX,zenubsvDAz,wrDmXKDCU,wrDmXKDCU
vXrf,zenubsvDAz,wrDmXKDCU,wrDmXKDCU,zenubsvDAz
wrDmXKDCU
wrDmXKDCU
vXrf,zenubsvDAz,wrDmXKDCU,wrDmXKDCU,zenubsvDAz
vXrf,zenubsvDAz,wrDmXKDCU,wrDmXKDCU,zenubsvDAz
wrDmXKDCU
zenubsvDAz,wrDmXKDCU,vXrf,wrDmXKDCU,zenubsvDAz,vXrf,wrDmXKDCU,FAX
vXrf,zenubsvDAz,wrDmXKDCU,wrDmXKDCU,zenubsvDAz,vXrf
vXrf,zenubsvDAz,wrDmXKDCU,zenubsvDAz,vXrf
wrDmXKDCU
wrDmXKDCU
vXrf,zenubsvDAz,wrDmXKDCU,wrDmXKDCU,zenubsvDAz,vXrf
wrDmXKDCU
wrDmXKDCU
wrDmXKDCU
wrDmXKDCU
wrDmXKDCU
wrDmXKDCU
zenubsvDAz
zenubsvDAz
zenubsvDAz,wrDmXKDCU,wrDmXKDCU,zenubsvDAz,vXrf
zenubsvDAz,wrDmXKDCU,wrDmXKDCU,zenubsvDAz,vXrf
vXrf
wrDmXKDCU,zenubsvDAz,vXrf,vXrf,INK
INK
zenubsvDAz,vXrf,vXrf,INK,INK
INK
wrDmXKDCU,zenubsvDAz,vXrf,vXrf,INK
INK
zenubsvDAz
vXrf,vXrf,INK,zenubsvDAz
wrDmXKDCU,zenubsvDAz,vXrf,vXrf,INK
wrDmXKDCU,zenubsvDAz,vXrf,vXrf,INK
wrDmXKDCU,zenubsvDAz,vXrf,vXrf,INK,PNiOu,INK
INK
vXrf,vXrf,INK,wrDmXKDCU,JLUsHs,mSTTlKaji
wrDmXKDCU
wrDmXKDCU
wrDmXKDCU
wrDmXKDCU
vXrf,vXrf,INK,wrDmXKDCU,JLUsHs,mSTTlKaji
JLUsHs
vXrf,INK,wrDmXKDCU,JLUsHs,vXrf,mSTTlKaji
mSTTlKaji
vXrf,INK,wrDmXKDCU,JLUsHs,vXrf,mSTTlKaji
JLUsHs,vXrf,INK,wrDmXKDCU,vXrf,mSTTlKaji,wrDmXKDCU,vXrf
JLUsHs,vXrf,INK,wrDmXKDCU,vXrf,mSTTlKaji,wrDmXKDCU,vXrf
INK,vXrf,wrDmXKDCU,vXrf,INK,PNiOu,zenubsvDAz
vXrf
INK,vXrf,wrDmXKDCU,vXrf,INK,PNiOu,zenubsvDAz
INK,vXrf,wrDmXKDCU,vXrf,INK,PNiOu,zenubsvDAz
INK,vXrf,wrDmXKDCU,vXrf,INK,PNiOu,zenubsvDAz
vXrf
vXrf
INK,vXrf,wrDmXKDCU,vXrf,INK,PNiOu,zenubsvDAz
Jedi Wagner, assuma o comando!