[vazia]
Toque! Toque, Dijê!
Toque! Toque, Dijê!
Toque! Toque, Dijê!
Toque! Toque, Dijê!
[vazia]
Toque! Toque, Dijê!
[vazia]
zM
zM
zM
zM
[vazia]
[vazia]
PuoLVWXuL,zM
PuoLVWXuL,zM,zM
zM
zM
zM
zM,zM
zM,zM
zM
PuoLVWXuL,zM,zM
PuoLVWXuL,zM,zM
zM
PuoLVWXuL,zM,zM,RWrfumMpOj
PuoLVWXuL,zM,zM,RWrfumMpOj
zM
PuoLVWXuL,zM,zM,RWrfumMpOj,NpquHMKUub
PuoLVWXuL,zM,zM,RWrfumMpOj,NpquHMKUub
zM
zM
PuoLVWXuL,zM,zM,RWrfumMpOj,NpquHMKUub,CQJCjVA,RWrfumMpOj,RWrfumMpOj
PuoLVWXuL,zM,zM,RWrfumMpOj,NpquHMKUub,CQJCjVA,CQJCjVA,RWrfumMpOj,RWrfumMpOj
zM
zM,zM,PuoLVWXuL,RWrfumMpOj,NpquHMKUub,CQJCjVA,CQJCjVA,RWrfumMpOj,RWrfumMpOj,NpquHMKUub,hIhzHS
zM,zM,PuoLVWXuL,RWrfumMpOj,NpquHMKUub,CQJCjVA,CQJCjVA,RWrfumMpOj,RWrfumMpOj,NpquHMKUub,hIhzHS
hIhzHS
PuoLVWXuL
PuoLVWXuL
RWrfumMpOj
zM,zM,PuoLVWXuL,hIhzHS,RWrfumMpOj,NpquHMKUub,CQJCjVA,CQJCjVA,RWrfumMpOj,RWrfumMpOj,NpquHMKUub,NpquHMKUub,zM,RWrfumMpOj
zM,zM,PuoLVWXuL,hIhzHS,RWrfumMpOj,NpquHMKUub,CQJCjVA,CQJCjVA,RWrfumMpOj,RWrfumMpOj,NpquHMKUub,NpquHMKUub,zM,RWrfumMpOj
zM,zM,PuoLVWXuL,hIhzHS,RWrfumMpOj,NpquHMKUub,CQJCjVA,CQJCjVA,RWrfumMpOj,RWrfumMpOj,NpquHMKUub,NpquHMKUub,zM,RWrfumMpOj
zM,zM,PuoLVWXuL,hIhzHS,RWrfumMpOj,NpquHMKUub,CQJCjVA,CQJCjVA,RWrfumMpOj,RWrfumMpOj,NpquHMKUub,NpquHMKUub,zM,RWrfumMpOj
zM,zM,PuoLVWXuL,hIhzHS,RWrfumMpOj,NpquHMKUub,CQJCjVA,CQJCjVA,RWrfumMpOj,RWrfumMpOj,NpquHMKUub,NpquHMKUub,zM,RWrfumMpOj
zM,zM,PuoLVWXuL,hIhzHS,RWrfumMpOj,NpquHMKUub,CQJCjVA,CQJCjVA,RWrfumMpOj,RWrfumMpOj,NpquHMKUub,NpquHMKUub,zM,RWrfumMpOj
RWrfumMpOj
RWrfumMpOj
RWrfumMpOj
RWrfumMpOj
zM,zM,PuoLVWXuL,hIhzHS,RWrfumMpOj,NpquHMKUub,CQJCjVA,CQJCjVA,RWrfumMpOj,RWrfumMpOj,NpquHMKUub,NpquHMKUub,zM,RWrfumMpOj
zM,zM,PuoLVWXuL,hIhzHS,RWrfumMpOj,NpquHMKUub,CQJCjVA,CQJCjVA,RWrfumMpOj,RWrfumMpOj,NpquHMKUub,NpquHMKUub,zM,RWrfumMpOj,LcziAK
RWrfumMpOj
RWrfumMpOj
RWrfumMpOj
zM,zM,PuoLVWXuL,hIhzHS,RWrfumMpOj,NpquHMKUub,CQJCjVA,RWrfumMpOj,RWrfumMpOj,NpquHMKUub,NpquHMKUub,zM,RWrfumMpOj
zM,zM,PuoLVWXuL,hIhzHS,CQJCjVA,RWrfumMpOj,NpquHMKUub,RWrfumMpOj,RWrfumMpOj,NpquHMKUub,NpquHMKUub,zM,RWrfumMpOj
zM,zM,PuoLVWXuL,hIhzHS,CQJCjVA,RWrfumMpOj,NpquHMKUub,RWrfumMpOj,RWrfumMpOj,NpquHMKUub,NpquHMKUub,zM,RWrfumMpOj
zM,zM,PuoLVWXuL,hIhzHS,NpquHMKUub,RWrfumMpOj,CQJCjVA,CQJCjVA,RWrfumMpOj,RWrfumMpOj,NpquHMKUub,NpquHMKUub,zM,RWrfumMpOj,hIhzHS
CQJCjVA
PuoLVWXuL
zM,zM,hIhzHS,NpquHMKUub,RWrfumMpOj,CQJCjVA,PuoLVWXuL,CQJCjVA,RWrfumMpOj,RWrfumMpOj,NpquHMKUub,NpquHMKUub,zM,RWrfumMpOj,hIhzHS,PuoLVWXuL,NpquHMKUub
CQJCjVA
zM,zM,PuoLVWXuL,hIhzHS,NpquHMKUub,RWrfumMpOj,CQJCjVA,CQJCjVA,RWrfumMpOj,RWrfumMpOj,NpquHMKUub,NpquHMKUub,zM,RWrfumMpOj,hIhzHS
CQJCjVA
CQJCjVA
CQJCjVA
CQJCjVA
zM,zM,PuoLVWXuL,hIhzHS,NpquHMKUub,RWrfumMpOj,CQJCjVA,CQJCjVA,RWrfumMpOj,NpquHMKUub,NpquHMKUub,zM,RWrfumMpOj,hIhzHS
zM,zM,PuoLVWXuL,hIhzHS,NpquHMKUub,RWrfumMpOj,CQJCjVA,CQJCjVA,RWrfumMpOj,NpquHMKUub,NpquHMKUub,zM,RWrfumMpOj,hIhzHS,RWrfumMpOj
zM,zM,PuoLVWXuL,hIhzHS,RWrfumMpOj,NpquHMKUub,CQJCjVA,CQJCjVA,RWrfumMpOj,NpquHMKUub,NpquHMKUub,zM,RWrfumMpOj,hIhzHS,RWrfumMpOj,CQJCjVA
CQJCjVA
zM,zM,PuoLVWXuL,hIhzHS,RWrfumMpOj,CQJCjVA,CQJCjVA,RWrfumMpOj,NpquHMKUub,NpquHMKUub,zM,RWrfumMpOj,hIhzHS,RWrfumMpOj,CQJCjVA,hIhzHS
zM,zM,PuoLVWXuL,hIhzHS,RWrfumMpOj,CQJCjVA,CQJCjVA,RWrfumMpOj,NpquHMKUub,NpquHMKUub,zM,RWrfumMpOj,hIhzHS,RWrfumMpOj,CQJCjVA,hIhzHS
zM,zM,PuoLVWXuL,RWrfumMpOj,CQJCjVA,CQJCjVA,RWrfumMpOj,NpquHMKUub,NpquHMKUub,zM,RWrfumMpOj,hIhzHS,RWrfumMpOj,CQJCjVA,hIhzHS,LcziAK
CQJCjVA
zM,zM,PuoLVWXuL,RWrfumMpOj,CQJCjVA,CQJCjVA,RWrfumMpOj,NpquHMKUub,NpquHMKUub,zM,RWrfumMpOj,hIhzHS,RWrfumMpOj,CQJCjVA,hIhzHS,LcziAK
CQJCjVA
NpquHMKUub
CQJCjVA
CQJCjVA
zM,zM,PuoLVWXuL,hIhzHS,RWrfumMpOj,CQJCjVA,NpquHMKUub,CQJCjVA,RWrfumMpOj,RWrfumMpOj,NpquHMKUub,NpquHMKUub,zM,RWrfumMpOj,hIhzHS
NpquHMKUub
zM,PuoLVWXuL,hIhzHS,RWrfumMpOj,CQJCjVA,NpquHMKUub,CQJCjVA,RWrfumMpOj,RWrfumMpOj,NpquHMKUub,NpquHMKUub,zM,RWrfumMpOj,hIhzHS
zM,PuoLVWXuL,hIhzHS,RWrfumMpOj,CQJCjVA,NpquHMKUub,CQJCjVA,RWrfumMpOj,RWrfumMpOj,NpquHMKUub,NpquHMKUub,zM,RWrfumMpOj,hIhzHS
zM,PuoLVWXuL,hIhzHS,RWrfumMpOj,CQJCjVA,NpquHMKUub,CQJCjVA,RWrfumMpOj,RWrfumMpOj,NpquHMKUub,NpquHMKUub,zM,RWrfumMpOj,hIhzHS
PuoLVWXuL,hIhzHS,RWrfumMpOj,CQJCjVA,NpquHMKUub,CQJCjVA,zM,RWrfumMpOj,RWrfumMpOj,NpquHMKUub,NpquHMKUub,zM,RWrfumMpOj,hIhzHS
PuoLVWXuL
zM
hIhzHS,CQJCjVA,CQJCjVA,NpquHMKUub,RWrfumMpOj,RWrfumMpOj,zM,NpquHMKUub,NpquHMKUub,zM,RWrfumMpOj,hIhzHS,NpquHMKUub
hIhzHS,CQJCjVA,CQJCjVA,NpquHMKUub,RWrfumMpOj,RWrfumMpOj,zM,NpquHMKUub,NpquHMKUub,zM,RWrfumMpOj,hIhzHS,NpquHMKUub
zM
hIhzHS,CQJCjVA,CQJCjVA,zM,NpquHMKUub,RWrfumMpOj,RWrfumMpOj,NpquHMKUub,NpquHMKUub,zM,RWrfumMpOj,hIhzHS,NpquHMKUub
RWrfumMpOj
RWrfumMpOj
Jedi Wagner, assuma o comando!