[vazia]
[vazia]
Toque! Toque, Dijê!
[vazia]
[vazia]
Toque! Toque, Dijê!
Toque! Toque, Dijê!
[vazia]
Toque! Toque, Dijê!
Toque! Toque, Dijê!
ITMUNtuTGC
PbIbXkCpYr
PbIbXkCpYr
PbIbXkCpYr
[vazia]
ksI
ksI
ksI
[vazia]
[vazia]
PbIbXkCpYr
PbIbXkCpYr
PbIbXkCpYr
Toque! Toque, Dijê!
[vazia]
[vazia]
[vazia]
[vazia]
ksI
Toque! Toque, Dijê!
[vazia]
[vazia]
[vazia]
[vazia]
ksI
ksI
Toque! Toque, Dijê!
[vazia]
ITMUNtuTGC
ksI
ksI
ksI
ksI
ksI,ITMUNtuTGC
ksI
ksI
ITMUNtuTGC
ITMUNtuTGC
ITMUNtuTGC
PbIbXkCpYr
PbIbXkCpYr,PbIbXkCpYr,PbIbXkCpYr
ksI,ITMUNtuTGC
ksI
ksI
ITMUNtuTGC
ITMUNtuTGC
ITMUNtuTGC
ITMUNtuTGC
ITMUNtuTGC
ITMUNtuTGC
ITMUNtuTGC
ITMUNtuTGC,ITMUNtuTGC
ITMUNtuTGC,ITMUNtuTGC
ITMUNtuTGC
ITMUNtuTGC,ITMUNtuTGC
ITMUNtuTGC,ITMUNtuTGC
ITMUNtuTGC
ITMUNtuTGC
ITMUNtuTGC,ITMUNtuTGC
ITMUNtuTGC
ITMUNtuTGC
ITMUNtuTGC
ITMUNtuTGC
ITMUNtuTGC
ITMUNtuTGC,ITMUNtuTGC,ITMUNtuTGC,ITMUNtuTGC
ITMUNtuTGC,ITMUNtuTGC,ITMUNtuTGC,ITMUNtuTGC
ITMUNtuTGC
ITMUNtuTGC
ITMUNtuTGC
ITMUNtuTGC,ITMUNtuTGC,ITMUNtuTGC,ITMUNtuTGC,ksI
ITMUNtuTGC
ITMUNtuTGC,ITMUNtuTGC,ITMUNtuTGC,ITMUNtuTGC
ITMUNtuTGC
ITMUNtuTGC
ITMUNtuTGC
ITMUNtuTGC
ITMUNtuTGC
PbIbXkCpYr
ITMUNtuTGC,PbIbXkCpYr,PbIbXkCpYr,ITMUNtuTGC,ksI,PbIbXkCpYr
PbIbXkCpYr
ITMUNtuTGC,PbIbXkCpYr,PbIbXkCpYr,ITMUNtuTGC,ksI,PbIbXkCpYr
PbIbXkCpYr
ITMUNtuTGC,PbIbXkCpYr,PbIbXkCpYr,ITMUNtuTGC,ksI,PbIbXkCpYr
ITMUNtuTGC,PbIbXkCpYr,PbIbXkCpYr,ITMUNtuTGC,ksI,PbIbXkCpYr
ITMUNtuTGC,PbIbXkCpYr,PbIbXkCpYr,ITMUNtuTGC,ksI,PbIbXkCpYr
ITMUNtuTGC,PbIbXkCpYr,PbIbXkCpYr,ITMUNtuTGC,ksI,PbIbXkCpYr
PbIbXkCpYr
ITMUNtuTGC,PbIbXkCpYr,ksI,PbIbXkCpYr,ITMUNtuTGC,PbIbXkCpYr
PbIbXkCpYr,ITMUNtuTGC,ksI,ITMUNtuTGC,PbIbXkCpYr,ITMUNtuTGC
ITMUNtuTGC
ITMUNtuTGC
ITMUNtuTGC
PbIbXkCpYr,ITMUNtuTGC,ksI,ITMUNtuTGC,PbIbXkCpYr,ITMUNtuTGC
PbIbXkCpYr,ITMUNtuTGC,ksI,ITMUNtuTGC,PbIbXkCpYr,ITMUNtuTGC
ITMUNtuTGC
ITMUNtuTGC,ksI,ITMUNtuTGC,PbIbXkCpYr,ITMUNtuTGC,ITMUNtuTGC,PbIbXkCpYr,ksI,PbIbXkCpYr,ITMUNtuTGC,ksI
ITMUNtuTGC,ksI,ITMUNtuTGC,PbIbXkCpYr,ITMUNtuTGC,ITMUNtuTGC,PbIbXkCpYr,ksI
ITMUNtuTGC,ksI,ITMUNtuTGC,PbIbXkCpYr,ITMUNtuTGC,ITMUNtuTGC,PbIbXkCpYr,ksI
ksI
ksI
ksI
ITMUNtuTGC,ksI,ITMUNtuTGC,PbIbXkCpYr,ITMUNtuTGC,ITMUNtuTGC,PbIbXkCpYr,ksI
ksI,ITMUNtuTGC,PbIbXkCpYr,ITMUNtuTGC,ITMUNtuTGC,PbIbXkCpYr,ksI,PbIbXkCpYr,ksI
ksI
ksI,ITMUNtuTGC,PbIbXkCpYr,ITMUNtuTGC,ITMUNtuTGC,PbIbXkCpYr,ksI,PbIbXkCpYr,ITMUNtuTGC
ksI,ITMUNtuTGC,PbIbXkCpYr,ITMUNtuTGC,ITMUNtuTGC,PbIbXkCpYr,ksI,PbIbXkCpYr,ITMUNtuTGC
ksI,ITMUNtuTGC,PbIbXkCpYr,ITMUNtuTGC,ITMUNtuTGC,PbIbXkCpYr,ksI,PbIbXkCpYr
PbIbXkCpYr,ksI,ITMUNtuTGC,ITMUNtuTGC,ITMUNtuTGC,PbIbXkCpYr,ksI,ksI,ksI
PbIbXkCpYr,ksI,ITMUNtuTGC,ITMUNtuTGC,ITMUNtuTGC,PbIbXkCpYr,ksI,ksI,ksI
ITMUNtuTGC
ITMUNtuTGC
ksI,ITMUNtuTGC,PbIbXkCpYr,ITMUNtuTGC,ksI,ksI,ksI
ITMUNtuTGC,PbIbXkCpYr,ITMUNtuTGC,ksI,ksI,ksI
ITMUNtuTGC,PbIbXkCpYr,ITMUNtuTGC,ksI,ksI,ksI
PbIbXkCpYr
PbIbXkCpYr
ITMUNtuTGC,PbIbXkCpYr,ksI,ITMUNtuTGC,ksI,ksI
ksI
ksI,ITMUNtuTGC,ITMUNtuTGC,ksI,ksI,PbIbXkCpYr
ksI,ITMUNtuTGC,ITMUNtuTGC,ksI,ksI,PbIbXkCpYr
ksI
ksI,ITMUNtuTGC,ksI,ksI,PbIbXkCpYr,ksI,ksI,ITMUNtuTGC
ksI,ITMUNtuTGC,ksI,ksI,PbIbXkCpYr,ksI,ksI,ITMUNtuTGC
ksI,ITMUNtuTGC,ksI,ksI,ksI,ksI,ITMUNtuTGC
ksI,ITMUNtuTGC,ksI,ksI,ksI,ksI,ITMUNtuTGC
ITMUNtuTGC
ITMUNtuTGC,ksI,ksI,PbIbXkCpYr,ksI,PbIbXkCpYr
ITMUNtuTGC,ksI,ksI,PbIbXkCpYr,ksI,PbIbXkCpYr
ksI
ksI,ksI,PbIbXkCpYr,ksI,PbIbXkCpYr,PbIbXkCpYr
ksI
ksI
ITMUNtuTGC
ITMUNtuTGC
ITMUNtuTGC,ksI,ksI,PbIbXkCpYr,PbIbXkCpYr,ksI,ksI
ITMUNtuTGC,ksI,ksI,PbIbXkCpYr,PbIbXkCpYr,ksI,ksI
ITMUNtuTGC
ITMUNtuTGC,ksI,ksI,PbIbXkCpYr,PbIbXkCpYr,ksI,ksI
ksI
ksI,ksI,PbIbXkCpYr,PbIbXkCpYr,ksI,ksI,ksI,ksI,ksI
ITMUNtuTGC,ksI,ksI,ksI,PbIbXkCpYr
ksI
ITMUNtuTGC,ksI,ksI,PbIbXkCpYr,ksI,PbIbXkCpYr,ksI
ksI
ITMUNtuTGC,ksI,PbIbXkCpYr,ksI,PbIbXkCpYr,ksI,PbIbXkCpYr
ksI
ksI
ksI
ksI
ITMUNtuTGC,ksI,ksI,PbIbXkCpYr,ksI,PbIbXkCpYr,ITMUNtuTGC
ITMUNtuTGC,ksI,PbIbXkCpYr,ksI,ksI,PbIbXkCpYr,ITMUNtuTGC,ITMUNtuTGC
ITMUNtuTGC,ksI,PbIbXkCpYr,ksI,ksI,PbIbXkCpYr,ITMUNtuTGC,ITMUNtuTGC
ksI,PbIbXkCpYr,ksI,ksI,PbIbXkCpYr,ITMUNtuTGC,ITMUNtuTGC
ITMUNtuTGC,ksI,ksI,ksI,PbIbXkCpYr,ITMUNtuTGC,ITMUNtuTGC,PbIbXkCpYr
ITMUNtuTGC,ksI,ksI,PbIbXkCpYr,ksI,PbIbXkCpYr,ksI
ksI
ITMUNtuTGC,ksI,ksI,PbIbXkCpYr,ksI,PbIbXkCpYr,PbIbXkCpYr,ksI,ITMUNtuTGC
ITMUNtuTGC,ksI,ksI,PbIbXkCpYr,ksI,PbIbXkCpYr,PbIbXkCpYr,ksI,ITMUNtuTGC
PbIbXkCpYr,ITMUNtuTGC,ksI,ksI,ksI,PbIbXkCpYr,PbIbXkCpYr,ksI,ITMUNtuTGC
ITMUNtuTGC,PbIbXkCpYr,ksI,ksI,ksI,PbIbXkCpYr,PbIbXkCpYr,ksI
PbIbXkCpYr,ksI,ksI,ksI,PbIbXkCpYr,PbIbXkCpYr,ksI
PbIbXkCpYr
ksI
PbIbXkCpYr,ksI,ksI,ksI,PbIbXkCpYr,PbIbXkCpYr,ksI,PbIbXkCpYr,ksI
PbIbXkCpYr,ksI,ksI,ksI,PbIbXkCpYr,PbIbXkCpYr,ksI,PbIbXkCpYr,ksI
ksI
ksI
PbIbXkCpYr
ksI,ksI,PbIbXkCpYr,ksI,PbIbXkCpYr,PbIbXkCpYr,ksI,PbIbXkCpYr,ksI,ksI,ksI,ITMUNtuTGC
PbIbXkCpYr
PbIbXkCpYr,ksI,ksI,ksI,PbIbXkCpYr,PbIbXkCpYr,ksI,PbIbXkCpYr,ksI,ksI,ksI
PbIbXkCpYr
PbIbXkCpYr
PbIbXkCpYr,ksI,ksI,PbIbXkCpYr,PbIbXkCpYr,ksI,PbIbXkCpYr,ksI,ksI,ksI
PbIbXkCpYr
ksI
PbIbXkCpYr,PbIbXkCpYr,PbIbXkCpYr,ksI,ksI,PbIbXkCpYr,ksI,ksI,ksI,PbIbXkCpYr,ksI,PbIbXkCpYr
ksI,PbIbXkCpYr,PbIbXkCpYr,PbIbXkCpYr,ksI,ksI,PbIbXkCpYr,ksI,ksI,ksI,PbIbXkCpYr
PbIbXkCpYr,PbIbXkCpYr,ksI,PbIbXkCpYr,ksI,PbIbXkCpYr,ksI,ksI,ksI,PbIbXkCpYr
PbIbXkCpYr
PbIbXkCpYr,PbIbXkCpYr,ksI,PbIbXkCpYr,ksI,PbIbXkCpYr,ksI,ksI,ksI,PbIbXkCpYr
PbIbXkCpYr,PbIbXkCpYr,ksI,PbIbXkCpYr,ksI,ksI,ksI,PbIbXkCpYr,ksI
PbIbXkCpYr,PbIbXkCpYr,ksI,PbIbXkCpYr,ksI,ksI,ksI,PbIbXkCpYr,ksI,PbIbXkCpYr
PbIbXkCpYr,PbIbXkCpYr,ksI,PbIbXkCpYr,ksI,ksI,ksI,PbIbXkCpYr,ksI,PbIbXkCpYr
PbIbXkCpYr
ksI
PbIbXkCpYr,PbIbXkCpYr,PbIbXkCpYr,ksI,ksI,ksI,PbIbXkCpYr,ksI,ksI,ksI,PbIbXkCpYr,ksI,ksI
ksI
PbIbXkCpYr,PbIbXkCpYr,PbIbXkCpYr,ksI,ksI,ksI,PbIbXkCpYr,ksI,ksI,ksI,PbIbXkCpYr,ksI,ksI,ksI
PbIbXkCpYr,PbIbXkCpYr,PbIbXkCpYr,ksI,ksI,ksI,PbIbXkCpYr,ksI,ksI,ksI,PbIbXkCpYr,ksI,ksI,ksI,PbIbXkCpYr,ksI,ksI
ksI
PbIbXkCpYr,PbIbXkCpYr,PbIbXkCpYr,ksI,ksI,PbIbXkCpYr,ksI,ksI,ksI,PbIbXkCpYr,ksI,ksI,ksI,PbIbXkCpYr,ksI,ksI
PbIbXkCpYr
PbIbXkCpYr
PbIbXkCpYr,PbIbXkCpYr,ITMUNtuTGC,PbIbXkCpYr,ksI,ksI,PbIbXkCpYr,ksI,ksI,ksI,PbIbXkCpYr,ksI,ksI,ksI,PbIbXkCpYr,ksI,ksI,ITMUNtuTGC,ksI
ksI
ksI,PbIbXkCpYr,PbIbXkCpYr,PbIbXkCpYr,ksI,ksI,PbIbXkCpYr,ksI,ksI,ksI,PbIbXkCpYr,ksI,ksI,ITMUNtuTGC,ksI,ITMUNtuTGC,ITMUNtuTGC
Jedi Wagner, assuma o comando!