MoDsvZ
MoDsvZ
MoDsvZ
MoDsvZ
MoDsvZ
MoDsvZ
MoDsvZ
MoDsvZ
MoDsvZ,MoDsvZ,hozI,JPpOIwkoI
MoDsvZ,MoDsvZ,hozI,JPpOIwkoI,AJF
AJF
MoDsvZ
MoDsvZ
MoDsvZ,MoDsvZ,hozI,JPpOIwkoI,AJF
hozI
MoDsvZ,MoDsvZ,hozI,JPpOIwkoI,AJF
MoDsvZ,MoDsvZ,hozI,JPpOIwkoI,L,AJF
JPpOIwkoI
JPpOIwkoI
MoDsvZ,MoDsvZ,hozI,JPpOIwkoI,L,AJF
JPpOIwkoI
MoDsvZ,MoDsvZ,hozI,JPpOIwkoI,L,AJF
JPpOIwkoI
MoDsvZ,MoDsvZ,hozI,JPpOIwkoI,L,AJF
MoDsvZ,MoDsvZ,hozI,L,AJF
MoDsvZ,MoDsvZ,hozI,L,AJF
MoDsvZ,MoDsvZ,hozI,JPpOIwkoI,AJF
JPpOIwkoI
JPpOIwkoI
MoDsvZ,MoDsvZ,hozI,JPpOIwkoI,AJF,hozI
MoDsvZ,MoDsvZ,hozI,JPpOIwkoI,AJF,hozI,MoDsvZ,hozI,vdM
MoDsvZ,MoDsvZ,hozI,JPpOIwkoI,AJF,hozI,MoDsvZ,hozI,vdM
MoDsvZ,hozI,JPpOIwkoI,AJF,hozI,MoDsvZ,hozI,vdM
MoDsvZ,MoDsvZ,JPpOIwkoI,AJF
MoDsvZ,MoDsvZ,JPpOIwkoI,AJF
JPpOIwkoI
AJF
AJF
MoDsvZ
MoDsvZ
MoDsvZ
MoDsvZ
MoDsvZ
MoDsvZ,AJF,MoDsvZ,AJF,hozI
MoDsvZ,AJF,MoDsvZ,AJF,hozI
MoDsvZ,AJF,MoDsvZ,AJF,hozI
MoDsvZ,AJF,MoDsvZ,AJF,hozI,L
AJF
MoDsvZ,AJF,MoDsvZ,AJF,L
AJF
AJF,AJF,MoDsvZ,MoDsvZ,L
MoDsvZ
MoDsvZ
MoDsvZ,AJF,MoDsvZ,AJF,L
MoDsvZ,AJF,MoDsvZ,AJF,L
MoDsvZ,AJF,MoDsvZ,AJF,L
AJF
MoDsvZ,AJF,MoDsvZ,AJF,L,L
AJF
MoDsvZ,AJF,MoDsvZ,AJF,L,L
AJF,MoDsvZ,AJF,L,L,XFSdb,RO
L
AJF,AJF,L,L,XFSdb,RO,RO,hozI
L
AJF,AJF,L,L,XFSdb,RO,RO,hozI,L,JPpOIwkoI
AJF,AJF,L,L,XFSdb,RO,RO,hozI,L,JPpOIwkoI
JPpOIwkoI
AJF,AJF,L,L,XFSdb,RO
L
XFSdb
XFSdb
AJF,AJF,L,L,XFSdb,RO,DfrcXABLiH,AJF
AJF,AJF,L,L,XFSdb,RO,DfrcXABLiH,AJF
XFSdb
RO
AJF,AJF,L,L,XFSdb,RO,DfrcXABLiH,AJF,XFSdb,RO
DfrcXABLiH
AJF
AJF,AJF,L,XFSdb,RO,DfrcXABLiH,AJF,XFSdb,RO,DfrcXABLiH
AJF,AJF,L,XFSdb,RO,DfrcXABLiH,AJF,XFSdb,RO,DfrcXABLiH
AJF,AJF,L,XFSdb,RO,DfrcXABLiH,AJF,XFSdb,RO,DfrcXABLiH
AJF,AJF,L,XFSdb,RO,DfrcXABLiH,AJF,XFSdb,RO,DfrcXABLiH
AJF
AJF
AJF
DfrcXABLiH
AJF,L,AJF,DfrcXABLiH,RO,XFSdb,RO,DfrcXABLiH,XFSdb
RO
L,DfrcXABLiH,RO,XFSdb,RO,DfrcXABLiH,XFSdb,MoDsvZ
L,DfrcXABLiH,RO,XFSdb,RO,DfrcXABLiH,XFSdb,MoDsvZ
XFSdb
XFSdb
L,DfrcXABLiH,RO,XFSdb,RO,DfrcXABLiH,XFSdb,MoDsvZ
L,DfrcXABLiH,RO,XFSdb,RO,DfrcXABLiH,XFSdb,MoDsvZ,hozI
L,DfrcXABLiH,RO,XFSdb,RO,DfrcXABLiH,XFSdb,MoDsvZ
L,DfrcXABLiH,RO,XFSdb,RO,DfrcXABLiH,XFSdb,MoDsvZ
L,RO,XFSdb,RO,DfrcXABLiH,XFSdb,MoDsvZ
L,RO,XFSdb,RO,DfrcXABLiH,XFSdb,MoDsvZ
RO
XFSdb
XFSdb
L,DfrcXABLiH,RO,XFSdb,RO,DfrcXABLiH,XFSdb,MoDsvZ
L,DfrcXABLiH,RO,XFSdb,RO,DfrcXABLiH,XFSdb,MoDsvZ
XFSdb
L,DfrcXABLiH,RO,RO,DfrcXABLiH,XFSdb,MoDsvZ,MoDsvZ,MoDsvZ
DfrcXABLiH
RO
RO
L
DfrcXABLiH,RO,XFSdb,L,RO,DfrcXABLiH,XFSdb,MoDsvZ
L
L
RO,XFSdb,L,DfrcXABLiH,RO,DfrcXABLiH,XFSdb,MoDsvZ
L
XFSdb
L,DfrcXABLiH,RO,XFSdb,RO,DfrcXABLiH,XFSdb,MoDsvZ,AJF
L,DfrcXABLiH,RO,XFSdb,RO,DfrcXABLiH,XFSdb,MoDsvZ,AJF
RO
L,DfrcXABLiH,RO,XFSdb,RO,DfrcXABLiH,XFSdb,MoDsvZ,AJF,L
L,DfrcXABLiH,RO,XFSdb,RO,DfrcXABLiH,XFSdb,MoDsvZ,AJF,L
DfrcXABLiH
DfrcXABLiH,RO,XFSdb,RO,DfrcXABLiH,XFSdb,MoDsvZ,AJF,L,RO
DfrcXABLiH
L,RO,XFSdb,RO,DfrcXABLiH,DfrcXABLiH,XFSdb,MoDsvZ,AJF
DfrcXABLiH
L,DfrcXABLiH,RO,XFSdb,RO,DfrcXABLiH,XFSdb,MoDsvZ,AJF
L,DfrcXABLiH,RO,XFSdb,RO,DfrcXABLiH,XFSdb,MoDsvZ,AJF
XFSdb
XFSdb
L,DfrcXABLiH,RO,DfrcXABLiH,RO,XFSdb,MoDsvZ,AJF
XFSdb
XFSdb
L,DfrcXABLiH,RO,DfrcXABLiH,RO,XFSdb,MoDsvZ,AJF
RO
L,DfrcXABLiH,DfrcXABLiH,XFSdb,RO,RO,MoDsvZ,AJF,JPpOIwkoI
L,DfrcXABLiH,DfrcXABLiH,XFSdb,RO,RO,MoDsvZ,AJF,JPpOIwkoI
L,DfrcXABLiH,XFSdb,RO,DfrcXABLiH,RO,XFSdb,MoDsvZ,AJF
XFSdb
DfrcXABLiH,XFSdb,RO,DfrcXABLiH,RO,XFSdb,MoDsvZ,AJF,RO
XFSdb
L,DfrcXABLiH,XFSdb,RO,DfrcXABLiH,RO,MoDsvZ,XFSdb,AJF
DfrcXABLiH,XFSdb,RO,DfrcXABLiH,RO,XFSdb,MoDsvZ,AJF
L,RO,DfrcXABLiH,XFSdb,DfrcXABLiH,RO,XFSdb,AJF,vdM
L,RO,DfrcXABLiH,XFSdb,DfrcXABLiH,RO,XFSdb,AJF,vdM
L,AJF,RO,DfrcXABLiH,XFSdb,DfrcXABLiH,RO,XFSdb,vdM
L
L
L,AJF,DfrcXABLiH,XFSdb,RO,DfrcXABLiH,RO,XFSdb,MoDsvZ
AJF
AJF
L,AJF,DfrcXABLiH,XFSdb,RO,DfrcXABLiH,RO,XFSdb,MoDsvZ
L,AJF,DfrcXABLiH,XFSdb,RO,DfrcXABLiH,RO,XFSdb,MoDsvZ
L,AJF,DfrcXABLiH,XFSdb,RO,DfrcXABLiH,RO,XFSdb,MoDsvZ
L,AJF,DfrcXABLiH,XFSdb,RO,DfrcXABLiH,RO,XFSdb,MoDsvZ
AJF
XFSdb
XFSdb
AJF,DfrcXABLiH,XFSdb,RO,DfrcXABLiH,RO,XFSdb,MoDsvZ,XFSdb
AJF,DfrcXABLiH,XFSdb,RO,DfrcXABLiH,RO,XFSdb,MoDsvZ,XFSdb
AJF,DfrcXABLiH,XFSdb,RO,DfrcXABLiH,RO,XFSdb,MoDsvZ,XFSdb
XFSdb
XFSdb
AJF,DfrcXABLiH,XFSdb,RO,DfrcXABLiH,RO,XFSdb,MoDsvZ,XFSdb
AJF,DfrcXABLiH,XFSdb,RO,DfrcXABLiH,RO,XFSdb,MoDsvZ,XFSdb
XFSdb
AJF,DfrcXABLiH,XFSdb,RO,DfrcXABLiH,RO,XFSdb,MoDsvZ,vdM
AJF,XFSdb,DfrcXABLiH,vdM,RO,DfrcXABLiH,RO,XFSdb,MoDsvZ
AJF,XFSdb,DfrcXABLiH,vdM,RO,DfrcXABLiH,RO,XFSdb,MoDsvZ
XFSdb
AJF,XFSdb,DfrcXABLiH,vdM,RO,DfrcXABLiH,RO,XFSdb,MoDsvZ,MoDsvZ,JPpOIwkoI,JPpOIwkoI,RO
AJF,XFSdb,MoDsvZ,DfrcXABLiH,vdM,RO,DfrcXABLiH,RO,XFSdb,MoDsvZ,JPpOIwkoI,JPpOIwkoI,RO,MoDsvZ,AJF,XFSdb
AJF,XFSdb,MoDsvZ,DfrcXABLiH,vdM,RO,DfrcXABLiH,RO,XFSdb,MoDsvZ,JPpOIwkoI,JPpOIwkoI,RO,MoDsvZ,AJF,XFSdb,RO
AJF,DfrcXABLiH,XFSdb,RO,DfrcXABLiH,RO,XFSdb,MoDsvZ
XFSdb
XFSdb
XFSdb
AJF,DfrcXABLiH,XFSdb,RO,DfrcXABLiH,RO,XFSdb,MoDsvZ,RO,MoDsvZ,MoDsvZ,RO
XFSdb
RO
DfrcXABLiH
AJF,DfrcXABLiH,RO,DfrcXABLiH,RO,XFSdb,MoDsvZ
AJF,DfrcXABLiH,RO,DfrcXABLiH,RO,XFSdb,MoDsvZ
AJF,DfrcXABLiH,RO,DfrcXABLiH,RO,XFSdb,MoDsvZ
AJF,DfrcXABLiH,RO,DfrcXABLiH,RO,XFSdb,MoDsvZ
AJF
DfrcXABLiH,RO,DfrcXABLiH,AJF,RO,XFSdb,MoDsvZ
AJF
DfrcXABLiH
AJF,DfrcXABLiH,RO,DfrcXABLiH,RO,XFSdb,MoDsvZ
DfrcXABLiH
DfrcXABLiH
DfrcXABLiH
AJF,DfrcXABLiH,RO,DfrcXABLiH,RO,XFSdb,MoDsvZ,JPpOIwkoI
RO
RO
AJF,DfrcXABLiH,DfrcXABLiH,RO,RO,XFSdb,MoDsvZ,JPpOIwkoI,DfrcXABLiH,vdM
Jedi Wagner, assuma o comando!