[vazia]
[vazia]
wPiYdqtzZm
T
T
T
T
T,adZm
axfJ
adZm,axfJ
adZm,axfJ
adZm
adZm,axfJ
adZm,axfJ
adZm
adZm,axfJ
axfJ
adZm,axfJ
adZm,axfJ
axfJ
adZm
axfJ,adZm,axfJ,wPiYdqtzZm
axfJ
adZm,axfJ,axfJ,wPiYdqtzZm,axfJ
axfJ,adZm,axfJ,wPiYdqtzZm,axfJ
adZm
axfJ
axfJ
axfJ,pyjdGZ,adZm
pyjdGZ
adZm,axfJ,pyjdGZ
adZm,axfJ,pyjdGZ
pyjdGZ
adZm,axfJ,pyjdGZ
pyjdGZ
adZm,axfJ,pyjdGZ
adZm,axfJ,pyjdGZ
adZm,pyjdGZ,axfJ,wPiYdqtzZm
pyjdGZ
axfJ
axfJ
adZm,axfJ,AlREddHA
adZm
adZm
axfJ
adZm,axfJ,adZm,GeGD,axfJ,pyjdGZ
adZm,axfJ,adZm,GeGD,axfJ,pyjdGZ
adZm,axfJ,adZm,GeGD,axfJ,pyjdGZ,adZm
pyjdGZ
adZm,axfJ,adZm,GeGD,axfJ,pyjdGZ,adZm
adZm,axfJ,adZm,GeGD,axfJ,pyjdGZ,adZm
adZm,axfJ,adZm,GeGD,axfJ,pyjdGZ,adZm
adZm,axfJ,adZm,GeGD,axfJ,pyjdGZ,adZm
adZm
adZm
VcKlv
adZm,axfJ,adZm,GeGD,axfJ,VcKlv,adZm
VcKlv
GeGD
adZm,axfJ,adZm,axfJ,VcKlv,GeGD,adZm,T,gDE,T,YqPQWX
adZm
adZm,axfJ,adZm,GeGD,axfJ,pyjdGZ,adZm,AlREddHA
AlREddHA
AlREddHA
AlREddHA
adZm,axfJ,adZm,GeGD,axfJ,adZm,AlREddHA,VcKlv,gDE,GeGD
AlREddHA
AlREddHA
axfJ,adZm,GeGD,axfJ,pyjdGZ,adZm,AlREddHA,adZm,wPiYdqtzZm
axfJ,adZm,GeGD,axfJ,pyjdGZ,adZm,AlREddHA,adZm,wPiYdqtzZm,gDE
adZm
adZm,adZm,GeGD,axfJ,adZm,AlREddHA,pyjdGZ,axfJ,gDE,T
pyjdGZ
adZm,axfJ,adZm,GeGD,axfJ,adZm,AlREddHA,pyjdGZ
adZm,axfJ,adZm,GeGD,axfJ,adZm,AlREddHA,pyjdGZ
adZm,adZm,GeGD,axfJ,adZm,pyjdGZ,axfJ,AlREddHA
AlREddHA
AlREddHA
AlREddHA
AlREddHA
AlREddHA
AlREddHA
AlREddHA
adZm
adZm,GeGD,axfJ,adZm,pyjdGZ,axfJ,AlREddHA,adZm,wPiYdqtzZm,gDE,pyjdGZ
gDE
pyjdGZ
AlREddHA
AlREddHA
adZm,axfJ,adZm,pyjdGZ,axfJ,adZm,pyjdGZ,AlREddHA,AlREddHA
AlREddHA
AlREddHA
adZm,GeGD,axfJ,adZm,pyjdGZ,axfJ,AlREddHA,adZm,gDE,pyjdGZ
adZm,GeGD,axfJ,adZm,pyjdGZ,axfJ,AlREddHA,adZm,gDE,pyjdGZ,pyjdGZ
adZm,GeGD,axfJ,adZm,pyjdGZ,axfJ,AlREddHA,adZm,gDE,pyjdGZ,pyjdGZ
AlREddHA
AlREddHA
AlREddHA
AlREddHA
GeGD,axfJ,adZm,pyjdGZ,axfJ,adZm,gDE,AlREddHA,adZm,pyjdGZ,pyjdGZ,wPiYdqtzZm,AlREddHA,gDE
GeGD,axfJ,adZm,pyjdGZ,axfJ,adZm,gDE,AlREddHA,adZm,pyjdGZ,pyjdGZ,wPiYdqtzZm,AlREddHA,gDE
GeGD,axfJ,adZm,pyjdGZ,axfJ,adZm,gDE,AlREddHA,adZm,pyjdGZ,pyjdGZ,wPiYdqtzZm,AlREddHA,gDE
adZm
GeGD,axfJ,adZm,pyjdGZ,axfJ,adZm,gDE,AlREddHA,adZm,pyjdGZ,pyjdGZ,wPiYdqtzZm,AlREddHA,gDE,pyjdGZ
pyjdGZ
pyjdGZ
GeGD,axfJ,adZm,axfJ,adZm,gDE,AlREddHA,adZm,pyjdGZ,pyjdGZ,pyjdGZ,AlREddHA,gDE,pyjdGZ,gDE,gDE
pyjdGZ
GeGD,axfJ,adZm,pyjdGZ,axfJ,adZm,gDE,AlREddHA,adZm,pyjdGZ,pyjdGZ,AlREddHA,gDE,pyjdGZ,gDE,gDE
GeGD
GeGD
GeGD
GeGD
GeGD,axfJ,adZm,pyjdGZ,axfJ,adZm,gDE,AlREddHA,adZm,pyjdGZ,pyjdGZ,AlREddHA,gDE,pyjdGZ,gDE,gDE
pyjdGZ
AlREddHA
AlREddHA
AlREddHA
AlREddHA
GeGD,axfJ,adZm,axfJ,adZm,gDE,adZm,pyjdGZ,pyjdGZ,AlREddHA,AlREddHA,pyjdGZ,gDE,pyjdGZ,gDE,gDE,wPiYdqtzZm,axfJ,axfJ
GeGD,axfJ,adZm,axfJ,adZm,gDE,adZm,pyjdGZ,pyjdGZ,AlREddHA,AlREddHA,pyjdGZ,gDE,pyjdGZ,gDE,gDE,wPiYdqtzZm,axfJ,axfJ
GeGD,axfJ,adZm,axfJ,adZm,gDE,adZm,pyjdGZ,pyjdGZ,AlREddHA,AlREddHA,pyjdGZ,gDE,pyjdGZ,gDE,gDE,wPiYdqtzZm,axfJ,axfJ,GeGD
pyjdGZ
GeGD,axfJ,adZm,axfJ,adZm,gDE,adZm,pyjdGZ,pyjdGZ,AlREddHA,AlREddHA,pyjdGZ,gDE,pyjdGZ,gDE,gDE,wPiYdqtzZm,axfJ,axfJ,GeGD
GeGD,adZm,pyjdGZ,axfJ,adZm,adZm,pyjdGZ,pyjdGZ,AlREddHA,AlREddHA,gDE,pyjdGZ,gDE,gDE,wPiYdqtzZm
GeGD,axfJ,adZm,pyjdGZ,axfJ,adZm,gDE,adZm,pyjdGZ,pyjdGZ,AlREddHA,AlREddHA,gDE,pyjdGZ,gDE,gDE,wPiYdqtzZm
Jedi Wagner, assuma o comando!