[vazia]
SGa
SGa
SGa
SGa
SGa,SGa,SGa,SGa,SGa,SGa,SGa
SGa
SGa,SGa,SGa,SGa,SGa,SGa
SGa,SGa,SGa,SGa,SGa,SGa
SGa,SGa,SGa,SGa,SGa,SGa
SGa,SGa,SGa,SGa,SGa,SGa
SGa
SGa
SGa,SGa,SGa,SGa,SGa,SGa,SGa
SGa,SGa,SGa,SGa,SGa,SGa,SGa
SGa,SGa,SGa,SGa,SGa,SGa,SGa,SGa
SGa
SGa,SGa,SGa,SGa,SGa,SGa,SGa,SGa
SGa
SGa
SGa
SGa,SGa,SGa,SGa,SGa,SGa
SGa,SGa,SGa,SGa,SGa,SGa
SGa,SGa,SGa,SGa,SGa,SGa
SGa,SGa,SGa,SGa,SGa,SGa
SGa
SGa,SGa,SGa
SGa,SGa,SGa,SGa
SGa,SGa,SGa,SGa,SGa
SGa,SGa,SGa,SGa,SGa
SGa,SGa,SGa,SGa,SGa,SGa
SGa,SGa,SGa,SGa,SGa,SGa,SGa
SGa
SGa
SGa
SGa
SGa,SGa,SGa,SGa,SGa,SGa,SGa,SGa
SGa
SGa,SGa,SGa,SGa,SGa,SGa,SGa,SGa
SGa,SGa,SGa,SGa,SGa,SGa,SGa,SGa
SGa,SGa,SGa,SGa,SGa,SGa,SGa,SGa
SGa,SGa,SGa,SGa,SGa,SGa,SGa,SGa
SGa,SGa,SGa,SGa,SGa,SGa,SGa,SGa
SGa
SGa
SGa,SGa,SGa,SGa,SGa
SGa,SGa,SGa,SGa,SGa
SGa,SGa,SGa,SGa,SGa,SGa
SGa,SGa,SGa,SGa,SGa,SGa
SGa,SGa,SGa,SGa,SGa,SGa
SGa
SGa,SGa,SGa,SGa,SGa,SGa
SGa,SGa,SGa,SGa,SGa,SGa
SGa
SGa
SGa
SGa,SGa,SGa,SGa,SGa,SGa,SGa,SGa,SGa
SGa,SGa,SGa
SGa,SGa,SGa
SGa,SGa,SGa,SGa,SGa
SGa
SGa,SGa,SGa,SGa
SGa
SGa
SGa
SGa
SGa,SGa,SGa,SGa
SGa
SGa,SGa,SGa
SGa,SGa,SGa
SGa
SGa
SGa
SGa,SGa,SGa,SGa,SGa,SGa,SGa,SGa
SGa
SGa,SGa,SGa,SGa,SGa,SGa,SGa,SGa
SGa
SGa,SGa,SGa,SGa,SGa,SGa,SGa,SGa
SGa
SGa,SGa,SGa,SGa,SGa,SGa,SGa,SGa
SGa
SGa
SGa,SGa,SGa,SGa,SGa,SGa,SGa,SGa
SGa,SGa,SGa,SGa,SGa,SGa,SGa,SGa
SGa,SGa,SGa,SGa,SGa,SGa,SGa,SGa
SGa
SGa,SGa,SGa,SGa,SGa,SGa,SGa,SGa,SGa
SGa
SGa
SGa,SGa,SGa,SGa,SGa,SGa,SGa,SGa,SGa,SGa,SGa,SGa
SGa,SGa,SGa,SGa,SGa,SGa,SGa,SGa,SGa,SGa,SGa,SGa
SGa,SGa,SGa,SGa,SGa,SGa,SGa,SGa,SGa,SGa,SGa,SGa
SGa,SGa,SGa,SGa,SGa,SGa,SGa,SGa,SGa,SGa,SGa,SGa,SGa
SGa,SGa,SGa,SGa,SGa,SGa,SGa,SGa,SGa,SGa,SGa,SGa,SGa,SGa
SGa,SGa,SGa,SGa,SGa,SGa,SGa,SGa,SGa,SGa,SGa,SGa,SGa,SGa
SGa
SGa,SGa,SGa,SGa,SGa,SGa,SGa,SGa,SGa,SGa,SGa,SGa
SGa
SGa,SGa,SGa,SGa,SGa,SGa,SGa,SGa,SGa,SGa,SGa,SGa,SGa
SGa
SGa,SGa,SGa,SGa,SGa,SGa,SGa,SGa,SGa
SGa,SGa,SGa,SGa,SGa,SGa,SGa,SGa,SGa,SGa,SGa,SGa
SGa
SGa,SGa,SGa,SGa,SGa,SGa,SGa,SGa,SGa
SGa,SGa,SGa,SGa,SGa,SGa,SGa,SGa
SGa,SGa,SGa,SGa,SGa,SGa,SGa,SGa
SGa
SGa
SGa,SGa,SGa,SGa,SGa
SGa,SGa,SGa,SGa,SGa
SGa
SGa
SGa,SGa,SGa,SGa,SGa,SGa,SGa,SGa
SGa
SGa,SGa,SGa,SGa,SGa,SGa,SGa,SGa,SGa
SGa
SGa,SGa,SGa,SGa,SGa,SGa,SGa,SGa
SGa
SGa
SGa
SGa,SGa,SGa,SGa
SGa,SGa,SGa,SGa
SGa,SGa,SGa,SGa
SGa,SGa,SGa,SGa
SGa,SGa,SGa,SGa
SGa
SGa,SGa,SGa,SGa,SGa
SGa
SGa
SGa
SGa
SGa
SGa
SGa,SGa,SGa
SGa,SGa,SGa
SGa,SGa
SGa,SGa
SGa
SGa,SGa
SGa,SGa,SGa
SGa
SGa,SGa,SGa
SGa
SGa
SGa
SGa
SGa,SGa,SGa
SGa
SGa,SGa
SGa,SGa,SGa
SGa
SGa,SGa,SGa,SGa,SGa
SGa
SGa
SGa,SGa,SGa,SGa,SGa,SGa,SGa
SGa
SGa,SGa,SGa,SGa,SGa,SGa,SGa,SGa
SGa
SGa
SGa,SGa,SGa,SGa,SGa,SGa,SGa,SGa,SGa
SGa
SGa,SGa,SGa,SGa,SGa,SGa,SGa,SGa,SGa
SGa
SGa,SGa,SGa,SGa,SGa,SGa,SGa,SGa,SGa,SGa
SGa
SGa,SGa,SGa,SGa,SGa,SGa,SGa,SGa,SGa,SGa,SGa
SGa
SGa,SGa,SGa,SGa,SGa,SGa,SGa,SGa,SGa,SGa,SGa,SGa
SGa
SGa
SGa
SGa,SGa,SGa,SGa,SGa,SGa,SGa,SGa,SGa,SGa,SGa
SGa
SGa,SGa,SGa,SGa,SGa,SGa,SGa,SGa,SGa,SGa,SGa
SGa
SGa
SGa
SGa
SGa,SGa,SGa,SGa,SGa,SGa,SGa,SGa,SGa,SGa,SGa,SGa
SGa,SGa,SGa,SGa,SGa,SGa,SGa,SGa,SGa,SGa,SGa,SGa,SGa
SGa
SGa,SGa,SGa,SGa,SGa,SGa,SGa,SGa,SGa,SGa,SGa,SGa
SGa
SGa,SGa,SGa,SGa,SGa,SGa,SGa,SGa,SGa,SGa,SGa
SGa
SGa,SGa,SGa,SGa,SGa,SGa,SGa
SGa
SGa,SGa,SGa,SGa,SGa,SGa,SGa
SGa
SGa,SGa,SGa,SGa,SGa,SGa,SGa
SGa
SGa
SGa,SGa,SGa,SGa,SGa,SGa
SGa
SGa
SGa
SGa
SGa
SGa
SGa
SGa
SGa
SGa
SGa,SGa,SGa,SGa,SGa,SGa,SGa,SGa,SGa,SGa
SGa
SGa,SGa,SGa,SGa,SGa,SGa,SGa,SGa,SGa
SGa,SGa,SGa,SGa,SGa,SGa,SGa,SGa,SGa
SGa,SGa,SGa,SGa,SGa,SGa,SGa,SGa,SGa
SGa
SGa
SGa
SGa,SGa,SGa,SGa,SGa,SGa,SGa,SGa,SGa,SGa,SGa
SGa,SGa,SGa,SGa,SGa,SGa,SGa,SGa,SGa,SGa,SGa
SGa,SGa,SGa,SGa,SGa,SGa,SGa,SGa,SGa,SGa,SGa
SGa,SGa,SGa,SGa,SGa,SGa,SGa,SGa,SGa,SGa,SGa
Jedi Wagner, assuma o comando!