[vazia]
XTRazwjIzQ
XTRazwjIzQ
[vazia]
Toque! Toque, Dijê!
Toque! Toque, Dijê!
Toque! Toque, Dijê!
Toque! Toque, Dijê!
Toque! Toque, Dijê!
Toque! Toque, Dijê!
Toque! Toque, Dijê!
Toque! Toque, Dijê!
Toque! Toque, Dijê!
Toque! Toque, Dijê!
hhuKLkprwv
hhuKLkprwv
hhuKLkprwv
hhuKLkprwv
hhuKLkprwv
hhuKLkprwv
hhuKLkprwv
hhuKLkprwv,hhuKLkprwv
hhuKLkprwv,hhuKLkprwv
hhuKLkprwv,hhuKLkprwv,XTRazwjIzQ
hhuKLkprwv,hhuKLkprwv,XTRazwjIzQ
hhuKLkprwv,hhuKLkprwv,XTRazwjIzQ
hhuKLkprwv
DiRvNLr
hhuKLkprwv,hhuKLkprwv,DiRvNLr
hhuKLkprwv,hhuKLkprwv,DiRvNLr
hhuKLkprwv,hhuKLkprwv,DiRvNLr
DiRvNLr
DiRvNLr
hhuKLkprwv,DiRvNLr,hhuKLkprwv
hhuKLkprwv
hhuKLkprwv
hhuKLkprwv,DiRvNLr,hhuKLkprwv
hhuKLkprwv
hhuKLkprwv
DiRvNLr
hhuKLkprwv
hhuKLkprwv,DiRvNLr,hhuKLkprwv
hhuKLkprwv
hhuKLkprwv
hhuKLkprwv,DiRvNLr,hhuKLkprwv
hhuKLkprwv
hhuKLkprwv
hhuKLkprwv
hhuKLkprwv,DiRvNLr,hhuKLkprwv
DiRvNLr,hhuKLkprwv,hhuKLkprwv
DiRvNLr,hhuKLkprwv,hhuKLkprwv
DiRvNLr,hhuKLkprwv,hhuKLkprwv
DiRvNLr,hhuKLkprwv,hhuKLkprwv,dR
DiRvNLr
hhuKLkprwv,DiRvNLr,hhuKLkprwv
hhuKLkprwv,DiRvNLr,hhuKLkprwv
hhuKLkprwv,DiRvNLr,hhuKLkprwv
DiRvNLr
hhuKLkprwv,DiRvNLr,hhuKLkprwv
hhuKLkprwv,DiRvNLr,hhuKLkprwv
hhuKLkprwv,DiRvNLr,hhuKLkprwv
hhuKLkprwv
hhuKLkprwv,hhuKLkprwv,DiRvNLr
hhuKLkprwv,hhuKLkprwv,DiRvNLr
hhuKLkprwv,hhuKLkprwv,DiRvNLr
hhuKLkprwv
hhuKLkprwv
hhuKLkprwv
hhuKLkprwv,hhuKLkprwv,DiRvNLr,DiRvNLr
hhuKLkprwv
hhuKLkprwv
hhuKLkprwv,hhuKLkprwv,DiRvNLr,iTTCPjA
hhuKLkprwv,hhuKLkprwv,DiRvNLr,wLedoAwUtO
DiRvNLr
DiRvNLr
DiRvNLr
hhuKLkprwv,hhuKLkprwv,DiRvNLr
hhuKLkprwv,hhuKLkprwv,DiRvNLr
hhuKLkprwv
hhuKLkprwv,DiRvNLr,wLedoAwUtO
hhuKLkprwv,DiRvNLr,iTTCPjA
hhuKLkprwv
hhuKLkprwv,DiRvNLr,iTTCPjA
hhuKLkprwv,DiRvNLr,iTTCPjA
hhuKLkprwv
hhuKLkprwv
hhuKLkprwv
hhuKLkprwv
DiRvNLr
DiRvNLr
hhuKLkprwv
hhuKLkprwv,DiRvNLr,iTTCPjA,dR
hhuKLkprwv,DiRvNLr,iTTCPjA,dR
hhuKLkprwv
DiRvNLr,hhuKLkprwv,iTTCPjA
DiRvNLr,hhuKLkprwv,iTTCPjA
DiRvNLr
DiRvNLr,hhuKLkprwv,iTTCPjA
DiRvNLr,hhuKLkprwv,iTTCPjA,XTRazwjIzQ
DiRvNLr,hhuKLkprwv,iTTCPjA,wLedoAwUtO
DiRvNLr,hhuKLkprwv,iTTCPjA,wLedoAwUtO
DiRvNLr,hhuKLkprwv,iTTCPjA,wLedoAwUtO,XTRazwjIzQ,DiRvNLr
hhuKLkprwv,DiRvNLr,iTTCPjA
hhuKLkprwv,DiRvNLr,iTTCPjA
hhuKLkprwv
hhuKLkprwv,DiRvNLr,iTTCPjA
hhuKLkprwv,DiRvNLr,iTTCPjA,iTTCPjA
hhuKLkprwv,DiRvNLr,iTTCPjA,iTTCPjA
hhuKLkprwv,DiRvNLr,iTTCPjA,iTTCPjA,DiRvNLr
hhuKLkprwv
hhuKLkprwv,DiRvNLr,iTTCPjA,iTTCPjA
DiRvNLr
DiRvNLr
hhuKLkprwv
hhuKLkprwv
DiRvNLr
hhuKLkprwv,DiRvNLr,iTTCPjA,XTRazwjIzQ
hhuKLkprwv
hhuKLkprwv,DiRvNLr,iTTCPjA,XTRazwjIzQ
hhuKLkprwv
DiRvNLr
hhuKLkprwv,DiRvNLr,iTTCPjA,XTRazwjIzQ
hhuKLkprwv,XTRazwjIzQ,iTTCPjA,DiRvNLr,hhuKLkprwv
hhuKLkprwv,XTRazwjIzQ,iTTCPjA,DiRvNLr,hhuKLkprwv
hhuKLkprwv,XTRazwjIzQ,iTTCPjA,DiRvNLr,hhuKLkprwv
hhuKLkprwv,XTRazwjIzQ,iTTCPjA,DiRvNLr,hhuKLkprwv
hhuKLkprwv,iTTCPjA,XTRazwjIzQ,DiRvNLr,hhuKLkprwv,wLedoAwUtO
iTTCPjA
iTTCPjA
iTTCPjA
wLedoAwUtO
wLedoAwUtO
hhuKLkprwv,iTTCPjA,wLedoAwUtO,XTRazwjIzQ,DiRvNLr,hhuKLkprwv
wLedoAwUtO
hhuKLkprwv
wLedoAwUtO
wLedoAwUtO
hhuKLkprwv,XTRazwjIzQ,DiRvNLr,hhuKLkprwv,hhuKLkprwv,iTTCPjA,wLedoAwUtO,dR
hhuKLkprwv,XTRazwjIzQ,DiRvNLr,hhuKLkprwv,hhuKLkprwv,iTTCPjA,wLedoAwUtO,dR
hhuKLkprwv,XTRazwjIzQ,DiRvNLr,hhuKLkprwv,hhuKLkprwv,iTTCPjA,wLedoAwUtO,dR,XTRazwjIzQ
wLedoAwUtO
hhuKLkprwv,XTRazwjIzQ,DiRvNLr,hhuKLkprwv,hhuKLkprwv,iTTCPjA,wLedoAwUtO,dR,XTRazwjIzQ
hhuKLkprwv,XTRazwjIzQ,DiRvNLr,hhuKLkprwv,hhuKLkprwv,iTTCPjA,dR,wLedoAwUtO,XTRazwjIzQ,wLedoAwUtO
XTRazwjIzQ
hhuKLkprwv,XTRazwjIzQ,hhuKLkprwv,hhuKLkprwv,iTTCPjA,wLedoAwUtO,XTRazwjIzQ,wLedoAwUtO,XTRazwjIzQ
wLedoAwUtO
XTRazwjIzQ
XTRazwjIzQ
hhuKLkprwv,hhuKLkprwv,hhuKLkprwv,wLedoAwUtO,XTRazwjIzQ,wLedoAwUtO,XTRazwjIzQ,XTRazwjIzQ,iTTCPjA,XTRazwjIzQ,dR,wLedoAwUtO
hhuKLkprwv,hhuKLkprwv,hhuKLkprwv,XTRazwjIzQ,wLedoAwUtO,XTRazwjIzQ,XTRazwjIzQ,iTTCPjA,wLedoAwUtO,XTRazwjIzQ,dR,wLedoAwUtO
hhuKLkprwv,hhuKLkprwv,hhuKLkprwv,XTRazwjIzQ,wLedoAwUtO,XTRazwjIzQ,XTRazwjIzQ,iTTCPjA,wLedoAwUtO,XTRazwjIzQ,dR,wLedoAwUtO
iTTCPjA
hhuKLkprwv,hhuKLkprwv,hhuKLkprwv,wLedoAwUtO,XTRazwjIzQ,wLedoAwUtO,XTRazwjIzQ,XTRazwjIzQ,iTTCPjA,XTRazwjIzQ,dR,wLedoAwUtO
hhuKLkprwv,hhuKLkprwv,wLedoAwUtO,wLedoAwUtO,XTRazwjIzQ,XTRazwjIzQ,iTTCPjA,XTRazwjIzQ,XTRazwjIzQ,dR,wLedoAwUtO,wLedoAwUtO,wLedoAwUtO
wLedoAwUtO
hhuKLkprwv,hhuKLkprwv,wLedoAwUtO,wLedoAwUtO,XTRazwjIzQ,XTRazwjIzQ,iTTCPjA,XTRazwjIzQ,XTRazwjIzQ,wLedoAwUtO,wLedoAwUtO,dR,wLedoAwUtO
wLedoAwUtO
hhuKLkprwv,hhuKLkprwv,wLedoAwUtO,wLedoAwUtO,XTRazwjIzQ,XTRazwjIzQ,XTRazwjIzQ,XTRazwjIzQ,dR,wLedoAwUtO,wLedoAwUtO,wLedoAwUtO,dR
hhuKLkprwv,hhuKLkprwv,wLedoAwUtO,wLedoAwUtO,XTRazwjIzQ,XTRazwjIzQ,XTRazwjIzQ,XTRazwjIzQ,dR,wLedoAwUtO,wLedoAwUtO,wLedoAwUtO,dR
hhuKLkprwv,wLedoAwUtO,wLedoAwUtO,XTRazwjIzQ,XTRazwjIzQ,XTRazwjIzQ,dR,wLedoAwUtO,wLedoAwUtO,wLedoAwUtO,dR,dR,wLedoAwUtO
hhuKLkprwv,wLedoAwUtO,wLedoAwUtO,XTRazwjIzQ,XTRazwjIzQ,XTRazwjIzQ,dR,wLedoAwUtO,wLedoAwUtO,wLedoAwUtO,dR,dR,wLedoAwUtO
hhuKLkprwv,wLedoAwUtO,wLedoAwUtO,XTRazwjIzQ,dR,wLedoAwUtO,wLedoAwUtO,XTRazwjIzQ,XTRazwjIzQ,wLedoAwUtO,dR,dR,wLedoAwUtO,DiRvNLr
XTRazwjIzQ
DiRvNLr
hhuKLkprwv,wLedoAwUtO,wLedoAwUtO,XTRazwjIzQ,wLedoAwUtO,wLedoAwUtO,XTRazwjIzQ,DiRvNLr,XTRazwjIzQ,wLedoAwUtO,dR,dR,wLedoAwUtO,hhuKLkprwv,hhuKLkprwv,hhuKLkprwv,DiRvNLr,hhuKLkprwv
hhuKLkprwv,wLedoAwUtO,wLedoAwUtO,XTRazwjIzQ,wLedoAwUtO,wLedoAwUtO,XTRazwjIzQ,DiRvNLr,XTRazwjIzQ,wLedoAwUtO,dR,dR,wLedoAwUtO,hhuKLkprwv,hhuKLkprwv,hhuKLkprwv,DiRvNLr,hhuKLkprwv
XTRazwjIzQ
hhuKLkprwv,wLedoAwUtO,wLedoAwUtO,XTRazwjIzQ,wLedoAwUtO,wLedoAwUtO,XTRazwjIzQ,DiRvNLr,XTRazwjIzQ,wLedoAwUtO,dR,dR,wLedoAwUtO,hhuKLkprwv,hhuKLkprwv,hhuKLkprwv,DiRvNLr,hhuKLkprwv,DiRvNLr
hhuKLkprwv,wLedoAwUtO,wLedoAwUtO,XTRazwjIzQ,wLedoAwUtO,wLedoAwUtO,XTRazwjIzQ,DiRvNLr,XTRazwjIzQ,wLedoAwUtO,dR,dR,wLedoAwUtO,hhuKLkprwv,hhuKLkprwv,hhuKLkprwv,DiRvNLr,hhuKLkprwv,DiRvNLr,wLedoAwUtO
hhuKLkprwv,wLedoAwUtO,wLedoAwUtO,XTRazwjIzQ,wLedoAwUtO,wLedoAwUtO,XTRazwjIzQ,XTRazwjIzQ,wLedoAwUtO,dR,DiRvNLr,dR,wLedoAwUtO,hhuKLkprwv,hhuKLkprwv,hhuKLkprwv,DiRvNLr,hhuKLkprwv,DiRvNLr,wLedoAwUtO,wLedoAwUtO
XTRazwjIzQ
dR
hhuKLkprwv,wLedoAwUtO,wLedoAwUtO,XTRazwjIzQ,wLedoAwUtO,wLedoAwUtO,XTRazwjIzQ,DiRvNLr,XTRazwjIzQ,wLedoAwUtO,dR,dR,wLedoAwUtO,hhuKLkprwv,hhuKLkprwv,hhuKLkprwv,DiRvNLr,hhuKLkprwv,DiRvNLr
dR
hhuKLkprwv,wLedoAwUtO,wLedoAwUtO,XTRazwjIzQ,wLedoAwUtO,wLedoAwUtO,XTRazwjIzQ,DiRvNLr,XTRazwjIzQ,wLedoAwUtO,dR,wLedoAwUtO,hhuKLkprwv,hhuKLkprwv,hhuKLkprwv,DiRvNLr,hhuKLkprwv,DiRvNLr,DiRvNLr,DiRvNLr
hhuKLkprwv,wLedoAwUtO,wLedoAwUtO,XTRazwjIzQ,wLedoAwUtO,wLedoAwUtO,XTRazwjIzQ,DiRvNLr,XTRazwjIzQ,wLedoAwUtO,dR,wLedoAwUtO,hhuKLkprwv,hhuKLkprwv,hhuKLkprwv,DiRvNLr,hhuKLkprwv,DiRvNLr,DiRvNLr,DiRvNLr
wLedoAwUtO,wLedoAwUtO,XTRazwjIzQ,wLedoAwUtO,wLedoAwUtO,XTRazwjIzQ,DiRvNLr,XTRazwjIzQ,wLedoAwUtO,wLedoAwUtO,hhuKLkprwv,hhuKLkprwv,hhuKLkprwv,DiRvNLr,hhuKLkprwv,DiRvNLr,DiRvNLr,DiRvNLr,iTTCPjA,DiRvNLr
wLedoAwUtO
wLedoAwUtO,wLedoAwUtO,wLedoAwUtO,wLedoAwUtO,XTRazwjIzQ,XTRazwjIzQ,wLedoAwUtO,wLedoAwUtO,hhuKLkprwv,hhuKLkprwv,DiRvNLr,XTRazwjIzQ,hhuKLkprwv,DiRvNLr,hhuKLkprwv,DiRvNLr,DiRvNLr,DiRvNLr,iTTCPjA,DiRvNLr,dR
DiRvNLr
DiRvNLr
wLedoAwUtO,wLedoAwUtO,wLedoAwUtO,wLedoAwUtO,XTRazwjIzQ,XTRazwjIzQ,wLedoAwUtO,wLedoAwUtO,hhuKLkprwv,hhuKLkprwv,DiRvNLr,XTRazwjIzQ,hhuKLkprwv,DiRvNLr,hhuKLkprwv,DiRvNLr,DiRvNLr,DiRvNLr,iTTCPjA,DiRvNLr,dR
DiRvNLr
wLedoAwUtO,wLedoAwUtO,wLedoAwUtO,wLedoAwUtO,XTRazwjIzQ,XTRazwjIzQ,wLedoAwUtO,wLedoAwUtO,hhuKLkprwv,hhuKLkprwv,DiRvNLr,XTRazwjIzQ,hhuKLkprwv,DiRvNLr,hhuKLkprwv,DiRvNLr,DiRvNLr,DiRvNLr,iTTCPjA,DiRvNLr,dR
dR
wLedoAwUtO,wLedoAwUtO,wLedoAwUtO,XTRazwjIzQ,wLedoAwUtO,wLedoAwUtO,dR,iTTCPjA,XTRazwjIzQ,DiRvNLr,XTRazwjIzQ,hhuKLkprwv,DiRvNLr,hhuKLkprwv,DiRvNLr,DiRvNLr,DiRvNLr,DiRvNLr
Jedi Wagner, assuma o comando!