Toque! Toque, Dijê!
[vazia]
Toque! Toque, Dijê!
Toque! Toque, Dijê!
Toque! Toque, Dijê!
[vazia]
[vazia]
AZ
[vazia]
vuw,AZ
vuw
Toque! Toque, Dijê!
Toque! Toque, Dijê!
[vazia]
Toque! Toque, Dijê!
[vazia]
[vazia]
[vazia]
vuw
vuw
vuw
vuw,AZ
vuw
AZ
AZ,byIyjtQYCJ
AZ,byIyjtQYCJ
vuw
vuw
vuw
vuw
vuw
vuw,byIyjtQYCJ
vuw
vuw
vuw
vuw
vuw
vuw
vuw,byIyjtQYCJ,byIyjtQYCJ
vuw,byIyjtQYCJ,byIyjtQYCJ,GaVpzQOr,GaVpzQOr,JlEyY,GaVpzQOr
vuw
vuw,byIyjtQYCJ,byIyjtQYCJ,GaVpzQOr,GaVpzQOr,JlEyY,GaVpzQOr
vuw
vuw
byIyjtQYCJ
vuw
byIyjtQYCJ,vuw
vuw,byIyjtQYCJ,JlEyY
AZ
AZ
byIyjtQYCJ,AZ,ngtglCABTz,byIyjtQYCJ
byIyjtQYCJ
byIyjtQYCJ
byIyjtQYCJ,AZ,ngtglCABTz,byIyjtQYCJ
ngtglCABTz
ngtglCABTz
byIyjtQYCJ,ngtglCABTz,byIyjtQYCJ,JlEyY,AZ
byIyjtQYCJ,byIyjtQYCJ,ngtglCABTz,JlEyY,AZ
ngtglCABTz
byIyjtQYCJ,ngtglCABTz,byIyjtQYCJ,JlEyY,AZ,JlEyY,byIyjtQYCJ
byIyjtQYCJ,ngtglCABTz,byIyjtQYCJ,JlEyY,AZ,JlEyY,byIyjtQYCJ
ngtglCABTz,byIyjtQYCJ,AZ,JlEyY,byIyjtQYCJ
JlEyY
ngtglCABTz,JlEyY,byIyjtQYCJ,AZ,byIyjtQYCJ,byIyjtQYCJ,AZ,byIyjtQYCJ
ngtglCABTz,JlEyY,byIyjtQYCJ,AZ,byIyjtQYCJ,byIyjtQYCJ,AZ,byIyjtQYCJ,vuw
vuw
ngtglCABTz,byIyjtQYCJ,AZ,JlEyY,byIyjtQYCJ
byIyjtQYCJ
ngtglCABTz,byIyjtQYCJ,AZ,JlEyY,byIyjtQYCJ
JlEyY
ngtglCABTz,byIyjtQYCJ,AZ,JlEyY,byIyjtQYCJ
JlEyY
JlEyY
JlEyY
ngtglCABTz,byIyjtQYCJ,JlEyY,byIyjtQYCJ,byIyjtQYCJ
JlEyY
ngtglCABTz,byIyjtQYCJ,JlEyY,byIyjtQYCJ,byIyjtQYCJ
JlEyY
JlEyY
ngtglCABTz,byIyjtQYCJ,JlEyY,byIyjtQYCJ,byIyjtQYCJ
ngtglCABTz,JlEyY,byIyjtQYCJ,byIyjtQYCJ,byIyjtQYCJ,AZ
byIyjtQYCJ,AZ,byIyjtQYCJ
AZ,byIyjtQYCJ,byIyjtQYCJ
byIyjtQYCJ
byIyjtQYCJ
byIyjtQYCJ
byIyjtQYCJ,byIyjtQYCJ
byIyjtQYCJ,byIyjtQYCJ,AZ,byIyjtQYCJ
byIyjtQYCJ,byIyjtQYCJ,AZ,byIyjtQYCJ,uNBwGt
byIyjtQYCJ,byIyjtQYCJ,AZ,byIyjtQYCJ,uNBwGt
uNBwGt
uNBwGt
uNBwGt
byIyjtQYCJ,byIyjtQYCJ,AZ,byIyjtQYCJ,GaVpzQOr,uNBwGt,GaVpzQOr,AZ
uNBwGt
byIyjtQYCJ,byIyjtQYCJ,AZ,byIyjtQYCJ,uNBwGt,GaVpzQOr,GaVpzQOr,AZ
uNBwGt
byIyjtQYCJ,byIyjtQYCJ,byIyjtQYCJ,uNBwGt,AZ,GaVpzQOr,GaVpzQOr,AZ,JlEyY
uNBwGt
byIyjtQYCJ,byIyjtQYCJ,AZ,byIyjtQYCJ,vuw,uNBwGt,GaVpzQOr,GaVpzQOr,AZ
vuw
byIyjtQYCJ,byIyjtQYCJ,AZ,byIyjtQYCJ,GaVpzQOr,uNBwGt,GaVpzQOr,AZ
byIyjtQYCJ,byIyjtQYCJ,AZ,byIyjtQYCJ,uNBwGt,GaVpzQOr,GaVpzQOr,AZ,AZ
byIyjtQYCJ
byIyjtQYCJ,AZ,byIyjtQYCJ,uNBwGt,GaVpzQOr,byIyjtQYCJ,GaVpzQOr,AZ,AZ,AZ
byIyjtQYCJ,byIyjtQYCJ,AZ,byIyjtQYCJ,uNBwGt,GaVpzQOr,GaVpzQOr,AZ
GaVpzQOr
byIyjtQYCJ,byIyjtQYCJ,AZ,byIyjtQYCJ,uNBwGt,GaVpzQOr,GaVpzQOr,AZ,uNBwGt,GaVpzQOr
byIyjtQYCJ,byIyjtQYCJ,AZ,byIyjtQYCJ,uNBwGt,GaVpzQOr,GaVpzQOr,AZ,uNBwGt,GaVpzQOr
GaVpzQOr
byIyjtQYCJ,byIyjtQYCJ,byIyjtQYCJ,uNBwGt,GaVpzQOr,AZ,GaVpzQOr,AZ,uNBwGt,GaVpzQOr,byIyjtQYCJ,uNBwGt
GaVpzQOr
GaVpzQOr
byIyjtQYCJ
GaVpzQOr
byIyjtQYCJ,byIyjtQYCJ,uNBwGt,GaVpzQOr,byIyjtQYCJ,GaVpzQOr,AZ
byIyjtQYCJ
byIyjtQYCJ,byIyjtQYCJ,uNBwGt,GaVpzQOr,byIyjtQYCJ,GaVpzQOr,AZ,JlEyY
byIyjtQYCJ
AZ
AZ
JlEyY
JlEyY
byIyjtQYCJ,byIyjtQYCJ,uNBwGt,byIyjtQYCJ,GaVpzQOr,JlEyY,JlEyY,uNBwGt
AZ
byIyjtQYCJ,uNBwGt,byIyjtQYCJ,GaVpzQOr,JlEyY,AZ,JlEyY,uNBwGt,GaVpzQOr,ngtglCABTz,AZ
byIyjtQYCJ,uNBwGt,byIyjtQYCJ,GaVpzQOr,JlEyY,AZ,JlEyY,uNBwGt,GaVpzQOr,ngtglCABTz,AZ
byIyjtQYCJ,uNBwGt,byIyjtQYCJ,GaVpzQOr,JlEyY,AZ,JlEyY,uNBwGt,GaVpzQOr,ngtglCABTz,uNBwGt
byIyjtQYCJ,uNBwGt,byIyjtQYCJ,GaVpzQOr,JlEyY,AZ,JlEyY,uNBwGt,GaVpzQOr,ngtglCABTz,uNBwGt
JlEyY
JlEyY
AZ
JlEyY
byIyjtQYCJ,byIyjtQYCJ,uNBwGt,byIyjtQYCJ,AZ,JlEyY,JlEyY,uNBwGt
JlEyY
JlEyY
JlEyY
JlEyY
byIyjtQYCJ,byIyjtQYCJ,byIyjtQYCJ,AZ,uNBwGt,JlEyY,JlEyY,uNBwGt
uNBwGt
uNBwGt
uNBwGt
byIyjtQYCJ
byIyjtQYCJ
byIyjtQYCJ,byIyjtQYCJ,byIyjtQYCJ,AZ,uNBwGt,JlEyY,JlEyY,uNBwGt,uNBwGt,byIyjtQYCJ,AZ,ngtglCABTz
AZ
byIyjtQYCJ,byIyjtQYCJ,byIyjtQYCJ,AZ,uNBwGt,JlEyY,JlEyY,uNBwGt,uNBwGt,byIyjtQYCJ,AZ,byIyjtQYCJ
uNBwGt
byIyjtQYCJ,byIyjtQYCJ,byIyjtQYCJ,AZ,uNBwGt,JlEyY,JlEyY,uNBwGt,uNBwGt,byIyjtQYCJ,AZ,byIyjtQYCJ,AZ
uNBwGt
byIyjtQYCJ,byIyjtQYCJ,byIyjtQYCJ,AZ,uNBwGt,JlEyY,JlEyY,uNBwGt,uNBwGt,byIyjtQYCJ,AZ,byIyjtQYCJ,AZ
uNBwGt
byIyjtQYCJ,byIyjtQYCJ,byIyjtQYCJ,AZ,uNBwGt,JlEyY,JlEyY,uNBwGt,uNBwGt,byIyjtQYCJ,AZ,byIyjtQYCJ,AZ,GaVpzQOr
uNBwGt
uNBwGt
ngtglCABTz
byIyjtQYCJ,byIyjtQYCJ,byIyjtQYCJ,AZ,uNBwGt,JlEyY,JlEyY,uNBwGt,uNBwGt,ngtglCABTz,byIyjtQYCJ,AZ,byIyjtQYCJ,AZ,GaVpzQOr
byIyjtQYCJ,byIyjtQYCJ,byIyjtQYCJ,AZ,uNBwGt,JlEyY,JlEyY,uNBwGt,uNBwGt,ngtglCABTz,byIyjtQYCJ,AZ,byIyjtQYCJ,AZ,GaVpzQOr,vuw
ngtglCABTz
ngtglCABTz
ngtglCABTz
byIyjtQYCJ,byIyjtQYCJ,byIyjtQYCJ,AZ,JlEyY,JlEyY,uNBwGt,uNBwGt,ngtglCABTz,byIyjtQYCJ,AZ,byIyjtQYCJ,AZ,GaVpzQOr,vuw
byIyjtQYCJ,byIyjtQYCJ,byIyjtQYCJ,AZ,uNBwGt,JlEyY,JlEyY,uNBwGt,ngtglCABTz,uNBwGt,byIyjtQYCJ,AZ,byIyjtQYCJ,AZ,GaVpzQOr
byIyjtQYCJ,byIyjtQYCJ,byIyjtQYCJ,AZ,uNBwGt,JlEyY,JlEyY,uNBwGt,ngtglCABTz,uNBwGt,byIyjtQYCJ,AZ,byIyjtQYCJ,AZ,GaVpzQOr
byIyjtQYCJ,byIyjtQYCJ,uNBwGt,JlEyY,JlEyY,uNBwGt,uNBwGt,byIyjtQYCJ,AZ,byIyjtQYCJ,AZ,byIyjtQYCJ,AZ,GaVpzQOr
byIyjtQYCJ,byIyjtQYCJ,uNBwGt,JlEyY,JlEyY,uNBwGt,uNBwGt,byIyjtQYCJ,AZ,byIyjtQYCJ,AZ,byIyjtQYCJ,AZ,GaVpzQOr,vuw
byIyjtQYCJ,byIyjtQYCJ,uNBwGt,JlEyY,JlEyY,uNBwGt,AZ,uNBwGt,byIyjtQYCJ,byIyjtQYCJ,AZ,byIyjtQYCJ,AZ,GaVpzQOr,vuw
byIyjtQYCJ,byIyjtQYCJ,byIyjtQYCJ,AZ,uNBwGt,JlEyY,JlEyY,uNBwGt,ngtglCABTz,uNBwGt,byIyjtQYCJ,AZ,byIyjtQYCJ,AZ,GaVpzQOr
byIyjtQYCJ,byIyjtQYCJ,byIyjtQYCJ,AZ,uNBwGt,JlEyY,JlEyY,uNBwGt,ngtglCABTz,uNBwGt,byIyjtQYCJ,AZ,byIyjtQYCJ,AZ,GaVpzQOr
byIyjtQYCJ,byIyjtQYCJ,byIyjtQYCJ,uNBwGt,JlEyY,JlEyY,uNBwGt,ngtglCABTz,uNBwGt,byIyjtQYCJ,AZ,byIyjtQYCJ,AZ,GaVpzQOr
uNBwGt
byIyjtQYCJ,byIyjtQYCJ,AZ,JlEyY,uNBwGt,GaVpzQOr,uNBwGt,byIyjtQYCJ,AZ,byIyjtQYCJ,AZ,byIyjtQYCJ,JlEyY
byIyjtQYCJ,byIyjtQYCJ,AZ,JlEyY,uNBwGt,GaVpzQOr,uNBwGt,byIyjtQYCJ,AZ,byIyjtQYCJ,AZ,byIyjtQYCJ,JlEyY
byIyjtQYCJ,AZ,GaVpzQOr,JlEyY,byIyjtQYCJ,uNBwGt,byIyjtQYCJ,AZ,byIyjtQYCJ,AZ,byIyjtQYCJ,JlEyY,ngtglCABTz,byIyjtQYCJ
byIyjtQYCJ
byIyjtQYCJ,AZ,JlEyY,byIyjtQYCJ,uNBwGt,byIyjtQYCJ,AZ,byIyjtQYCJ,AZ,byIyjtQYCJ,JlEyY,ngtglCABTz,byIyjtQYCJ
uNBwGt
byIyjtQYCJ,AZ,JlEyY,byIyjtQYCJ,uNBwGt,byIyjtQYCJ,AZ,byIyjtQYCJ,AZ,byIyjtQYCJ,JlEyY,ngtglCABTz,byIyjtQYCJ,uNBwGt
byIyjtQYCJ,AZ,JlEyY,byIyjtQYCJ,uNBwGt,byIyjtQYCJ,AZ,byIyjtQYCJ,AZ,byIyjtQYCJ,JlEyY,ngtglCABTz,byIyjtQYCJ,uNBwGt,vuw,GaVpzQOr
AZ
byIyjtQYCJ,AZ,JlEyY,byIyjtQYCJ,uNBwGt,byIyjtQYCJ,AZ,byIyjtQYCJ,AZ,byIyjtQYCJ,JlEyY,ngtglCABTz,byIyjtQYCJ,uNBwGt,vuw
byIyjtQYCJ,AZ,JlEyY,byIyjtQYCJ,uNBwGt,byIyjtQYCJ,AZ,byIyjtQYCJ,AZ,byIyjtQYCJ,JlEyY,ngtglCABTz,byIyjtQYCJ,uNBwGt,vuw
byIyjtQYCJ,AZ,JlEyY,byIyjtQYCJ,uNBwGt,byIyjtQYCJ,AZ,byIyjtQYCJ,AZ,byIyjtQYCJ,JlEyY,ngtglCABTz,byIyjtQYCJ,uNBwGt,vuw
AZ
byIyjtQYCJ,AZ,JlEyY,byIyjtQYCJ,uNBwGt,byIyjtQYCJ,AZ,byIyjtQYCJ,AZ,byIyjtQYCJ,JlEyY,byIyjtQYCJ,uNBwGt,vuw,ngtglCABTz
byIyjtQYCJ
JlEyY
JlEyY
byIyjtQYCJ,AZ,JlEyY,byIyjtQYCJ,byIyjtQYCJ,AZ,byIyjtQYCJ,AZ,byIyjtQYCJ,JlEyY,byIyjtQYCJ,uNBwGt,vuw,ngtglCABTz,ngtglCABTz
byIyjtQYCJ,AZ,byIyjtQYCJ,uNBwGt,byIyjtQYCJ,AZ,byIyjtQYCJ,AZ,byIyjtQYCJ,JlEyY,JlEyY,byIyjtQYCJ,uNBwGt,vuw,ngtglCABTz
AZ
JlEyY
byIyjtQYCJ,AZ,JlEyY,byIyjtQYCJ,uNBwGt,byIyjtQYCJ,AZ,byIyjtQYCJ,AZ,byIyjtQYCJ,JlEyY,byIyjtQYCJ,uNBwGt,vuw,ngtglCABTz
byIyjtQYCJ,AZ,JlEyY,byIyjtQYCJ,uNBwGt,byIyjtQYCJ,AZ,byIyjtQYCJ,AZ,byIyjtQYCJ,JlEyY,byIyjtQYCJ,uNBwGt,vuw,ngtglCABTz
JlEyY
JlEyY
byIyjtQYCJ,JlEyY,byIyjtQYCJ,uNBwGt,byIyjtQYCJ,AZ,byIyjtQYCJ,AZ,byIyjtQYCJ,JlEyY,AZ,byIyjtQYCJ,uNBwGt,vuw,ngtglCABTz
byIyjtQYCJ,AZ,JlEyY,byIyjtQYCJ,uNBwGt,byIyjtQYCJ,AZ,byIyjtQYCJ,AZ,byIyjtQYCJ,JlEyY,byIyjtQYCJ,uNBwGt,vuw,ngtglCABTz
JlEyY
uNBwGt
JlEyY
JlEyY
JlEyY
byIyjtQYCJ,AZ,JlEyY,byIyjtQYCJ,uNBwGt,byIyjtQYCJ,AZ,byIyjtQYCJ,AZ,byIyjtQYCJ,JlEyY,byIyjtQYCJ,uNBwGt,vuw,ngtglCABTz
byIyjtQYCJ,AZ,JlEyY,byIyjtQYCJ,uNBwGt,byIyjtQYCJ,AZ,byIyjtQYCJ,AZ,byIyjtQYCJ,JlEyY,byIyjtQYCJ,uNBwGt,vuw,ngtglCABTz
byIyjtQYCJ,AZ,JlEyY,byIyjtQYCJ,uNBwGt,byIyjtQYCJ,AZ,byIyjtQYCJ,AZ,byIyjtQYCJ,JlEyY,byIyjtQYCJ,uNBwGt,vuw,ngtglCABTz
byIyjtQYCJ,AZ,JlEyY,byIyjtQYCJ,uNBwGt,byIyjtQYCJ,AZ,byIyjtQYCJ,AZ,byIyjtQYCJ,JlEyY,byIyjtQYCJ,uNBwGt,vuw,ngtglCABTz
byIyjtQYCJ,AZ,JlEyY,byIyjtQYCJ,uNBwGt,byIyjtQYCJ,AZ,byIyjtQYCJ,AZ,byIyjtQYCJ,JlEyY,byIyjtQYCJ,uNBwGt,ngtglCABTz
byIyjtQYCJ,AZ,JlEyY,byIyjtQYCJ,byIyjtQYCJ,AZ,byIyjtQYCJ,AZ,byIyjtQYCJ,JlEyY,byIyjtQYCJ,uNBwGt,uNBwGt,ngtglCABTz,AZ
byIyjtQYCJ,AZ,JlEyY,byIyjtQYCJ,byIyjtQYCJ,AZ,byIyjtQYCJ,AZ,byIyjtQYCJ,JlEyY,byIyjtQYCJ,uNBwGt,uNBwGt,ngtglCABTz,AZ,ngtglCABTz
uNBwGt
byIyjtQYCJ
AZ,JlEyY,byIyjtQYCJ,byIyjtQYCJ,AZ,byIyjtQYCJ,AZ,byIyjtQYCJ,JlEyY,byIyjtQYCJ,uNBwGt,byIyjtQYCJ,uNBwGt
Jedi Wagner, assuma o comando!