[vazia]
Toque! Toque, Dijê!
dwXZBI
aCbUd
aCbUd
dwXZBI,aCbUd,jTAMTVxdI,aCbUd
jTAMTVxdI
jTAMTVxdI
jTAMTVxdI
aCbUd,jTAMTVxdI,dwXZBI,aCbUd,aCbUd
dwXZBI,aCbUd,jTAMTVxdI,aCbUd
dwXZBI,aCbUd,jTAMTVxdI,aCbUd
jTAMTVxdI
dwXZBI,aCbUd,jTAMTVxdI,aCbUd
dwXZBI,aCbUd,jTAMTVxdI,aCbUd
jTAMTVxdI
jTAMTVxdI
jTAMTVxdI
jTAMTVxdI
aCbUd,jTAMTVxdI,dwXZBI,aCbUd,KapBLhjHKX,jTAMTVxdI,jTAMTVxdI,dwXZBI
aCbUd,jTAMTVxdI,dwXZBI,aCbUd,KapBLhjHKX,jTAMTVxdI,jTAMTVxdI,dwXZBI
dwXZBI
dwXZBI
aCbUd,jTAMTVxdI,dwXZBI,aCbUd,KapBLhjHKX,jTAMTVxdI,jTAMTVxdI
aCbUd
jTAMTVxdI,dwXZBI,aCbUd,KapBLhjHKX,aCbUd,jTAMTVxdI,jTAMTVxdI
jTAMTVxdI,dwXZBI,aCbUd,KapBLhjHKX,aCbUd,jTAMTVxdI,jTAMTVxdI,dwXZBI
KapBLhjHKX
KapBLhjHKX
jTAMTVxdI
jTAMTVxdI,dwXZBI,aCbUd,KapBLhjHKX,jTAMTVxdI,jTAMTVxdI,aCbUd
jTAMTVxdI
jTAMTVxdI,dwXZBI,aCbUd,KapBLhjHKX,jTAMTVxdI,jTAMTVxdI,aCbUd
aCbUd
jTAMTVxdI,dwXZBI,aCbUd,jTAMTVxdI,jTAMTVxdI,KapBLhjHKX,aCbUd
dwXZBI
dwXZBI,jTAMTVxdI,jTAMTVxdI,KapBLhjHKX,aCbUd,aCbUd,KapBLhjHKX
jTAMTVxdI
dwXZBI,jTAMTVxdI,jTAMTVxdI,KapBLhjHKX,aCbUd,aCbUd,KapBLhjHKX
jTAMTVxdI
jTAMTVxdI
dwXZBI,jTAMTVxdI,KapBLhjHKX,aCbUd,aCbUd,KapBLhjHKX
KapBLhjHKX
KapBLhjHKX
KapBLhjHKX
dwXZBI,jTAMTVxdI,KapBLhjHKX,KapBLhjHKX,WYtEqFcNX
KapBLhjHKX
dwXZBI
jTAMTVxdI,KapBLhjHKX,dwXZBI,KapBLhjHKX,WYtEqFcNX,jTAMTVxdI
jTAMTVxdI,KapBLhjHKX,dwXZBI,KapBLhjHKX,WYtEqFcNX,jTAMTVxdI
dwXZBI
jTAMTVxdI,KapBLhjHKX,dwXZBI,KapBLhjHKX,WYtEqFcNX,jTAMTVxdI
KapBLhjHKX
jTAMTVxdI,KapBLhjHKX,dwXZBI,KapBLhjHKX,WYtEqFcNX,jTAMTVxdI
jTAMTVxdI,KapBLhjHKX,WYtEqFcNX,dwXZBI,KapBLhjHKX,jTAMTVxdI
dwXZBI
dwXZBI
dwXZBI
dwXZBI
dwXZBI
dwXZBI
dwXZBI
jTAMTVxdI,KapBLhjHKX,dwXZBI,KapBLhjHKX,WYtEqFcNX,jTAMTVxdI,wjwbnRYOHc
dwXZBI
dwXZBI
dwXZBI
dwXZBI
KapBLhjHKX
jTAMTVxdI,KapBLhjHKX,dwXZBI,KapBLhjHKX,WYtEqFcNX,jTAMTVxdI,wjwbnRYOHc,YgZViJ,aCbUd
jTAMTVxdI,KapBLhjHKX,KapBLhjHKX,WYtEqFcNX,jTAMTVxdI,wjwbnRYOHc,YgZViJ
KapBLhjHKX
jTAMTVxdI,KapBLhjHKX,KapBLhjHKX,WYtEqFcNX,jTAMTVxdI,wjwbnRYOHc,jTAMTVxdI
jTAMTVxdI,KapBLhjHKX,KapBLhjHKX,WYtEqFcNX,jTAMTVxdI,wjwbnRYOHc,jTAMTVxdI
jTAMTVxdI
jTAMTVxdI
jTAMTVxdI,KapBLhjHKX,WYtEqFcNX,jTAMTVxdI,KapBLhjHKX,wjwbnRYOHc,jTAMTVxdI
jTAMTVxdI,KapBLhjHKX,WYtEqFcNX,jTAMTVxdI,KapBLhjHKX,wjwbnRYOHc,jTAMTVxdI
jTAMTVxdI
jTAMTVxdI,KapBLhjHKX,WYtEqFcNX,jTAMTVxdI,KapBLhjHKX,wjwbnRYOHc,jTAMTVxdI,dwXZBI
jTAMTVxdI,KapBLhjHKX,WYtEqFcNX,jTAMTVxdI,KapBLhjHKX,wjwbnRYOHc,jTAMTVxdI,dwXZBI
jTAMTVxdI,KapBLhjHKX,jTAMTVxdI,WYtEqFcNX,KapBLhjHKX,wjwbnRYOHc,jTAMTVxdI,dwXZBI,KapBLhjHKX
jTAMTVxdI,KapBLhjHKX,jTAMTVxdI,WYtEqFcNX,KapBLhjHKX,wjwbnRYOHc,jTAMTVxdI,dwXZBI,KapBLhjHKX
KapBLhjHKX,jTAMTVxdI,WYtEqFcNX,jTAMTVxdI,KapBLhjHKX,wjwbnRYOHc,jTAMTVxdI,dwXZBI,YgZViJ
WYtEqFcNX
WYtEqFcNX
WYtEqFcNX
jTAMTVxdI,KapBLhjHKX,jTAMTVxdI,WYtEqFcNX,KapBLhjHKX,wjwbnRYOHc,jTAMTVxdI,dwXZBI,YgZViJ
jTAMTVxdI,KapBLhjHKX,jTAMTVxdI,WYtEqFcNX,KapBLhjHKX,wjwbnRYOHc,jTAMTVxdI,dwXZBI,YgZViJ
WYtEqFcNX
WYtEqFcNX
jTAMTVxdI,KapBLhjHKX,jTAMTVxdI,dwXZBI,WYtEqFcNX,KapBLhjHKX,wjwbnRYOHc,jTAMTVxdI,YgZViJ,YgZViJ
WYtEqFcNX
YgZViJ
YgZViJ
YgZViJ
KapBLhjHKX
jTAMTVxdI,KapBLhjHKX,jTAMTVxdI,YgZViJ,KapBLhjHKX,wjwbnRYOHc,jTAMTVxdI,aCbUd
jTAMTVxdI,KapBLhjHKX,jTAMTVxdI,KapBLhjHKX,YgZViJ,wjwbnRYOHc,jTAMTVxdI,aCbUd
jTAMTVxdI,KapBLhjHKX,jTAMTVxdI,KapBLhjHKX,YgZViJ,wjwbnRYOHc,jTAMTVxdI,aCbUd
KapBLhjHKX
jTAMTVxdI,KapBLhjHKX,jTAMTVxdI,KapBLhjHKX,YgZViJ,wjwbnRYOHc,jTAMTVxdI,aCbUd
KapBLhjHKX
KapBLhjHKX
KapBLhjHKX
KapBLhjHKX
KapBLhjHKX
KapBLhjHKX
KapBLhjHKX
KapBLhjHKX,jTAMTVxdI,KapBLhjHKX,jTAMTVxdI,KapBLhjHKX,wjwbnRYOHc,wjwbnRYOHc,YgZViJ,wjwbnRYOHc
jTAMTVxdI,KapBLhjHKX,wjwbnRYOHc,jTAMTVxdI,KapBLhjHKX,wjwbnRYOHc,wjwbnRYOHc,YgZViJ,wjwbnRYOHc
KapBLhjHKX
jTAMTVxdI,KapBLhjHKX,jTAMTVxdI,YgZViJ,KapBLhjHKX,wjwbnRYOHc,jTAMTVxdI
jTAMTVxdI,KapBLhjHKX,jTAMTVxdI,YgZViJ,KapBLhjHKX,wjwbnRYOHc,jTAMTVxdI
jTAMTVxdI,KapBLhjHKX,jTAMTVxdI,YgZViJ,KapBLhjHKX,wjwbnRYOHc,jTAMTVxdI
wjwbnRYOHc
jTAMTVxdI,KapBLhjHKX,jTAMTVxdI,YgZViJ,KapBLhjHKX,wjwbnRYOHc,jTAMTVxdI
jTAMTVxdI
jTAMTVxdI,KapBLhjHKX,jTAMTVxdI,YgZViJ,KapBLhjHKX,wjwbnRYOHc,jTAMTVxdI
jTAMTVxdI
jTAMTVxdI
jTAMTVxdI,KapBLhjHKX,jTAMTVxdI,YgZViJ,KapBLhjHKX,wjwbnRYOHc,jTAMTVxdI,cKdbEL
wjwbnRYOHc
jTAMTVxdI,KapBLhjHKX,jTAMTVxdI,YgZViJ,KapBLhjHKX,wjwbnRYOHc,jTAMTVxdI,jTAMTVxdI,dwXZBI
jTAMTVxdI
jTAMTVxdI,KapBLhjHKX,jTAMTVxdI,YgZViJ,KapBLhjHKX,wjwbnRYOHc,jTAMTVxdI,jTAMTVxdI,dwXZBI
jTAMTVxdI
jTAMTVxdI,KapBLhjHKX,jTAMTVxdI,YgZViJ,KapBLhjHKX,jTAMTVxdI,jTAMTVxdI,dwXZBI
jTAMTVxdI
jTAMTVxdI,KapBLhjHKX,jTAMTVxdI,YgZViJ,KapBLhjHKX,jTAMTVxdI,jTAMTVxdI,dwXZBI
jTAMTVxdI,dwXZBI,KapBLhjHKX,jTAMTVxdI,YgZViJ,KapBLhjHKX,jTAMTVxdI,jTAMTVxdI
jTAMTVxdI
jTAMTVxdI,dwXZBI,KapBLhjHKX,jTAMTVxdI,KapBLhjHKX,jTAMTVxdI,jTAMTVxdI,wjwbnRYOHc,aCbUd,aCbUd
jTAMTVxdI,dwXZBI,KapBLhjHKX,jTAMTVxdI,KapBLhjHKX,jTAMTVxdI,jTAMTVxdI,wjwbnRYOHc,aCbUd,aCbUd,cKdbEL
jTAMTVxdI,dwXZBI,KapBLhjHKX,jTAMTVxdI,KapBLhjHKX,jTAMTVxdI,jTAMTVxdI,wjwbnRYOHc,aCbUd,aCbUd,cKdbEL
jTAMTVxdI,KapBLhjHKX,jTAMTVxdI,KapBLhjHKX,jTAMTVxdI,jTAMTVxdI,wjwbnRYOHc,aCbUd,aCbUd,cKdbEL
KapBLhjHKX
wjwbnRYOHc
jTAMTVxdI,wjwbnRYOHc,jTAMTVxdI,KapBLhjHKX,jTAMTVxdI,jTAMTVxdI,aCbUd,cKdbEL
jTAMTVxdI,wjwbnRYOHc,jTAMTVxdI,KapBLhjHKX,jTAMTVxdI,jTAMTVxdI,aCbUd,cKdbEL
jTAMTVxdI,dwXZBI,KapBLhjHKX,jTAMTVxdI,KapBLhjHKX,jTAMTVxdI,jTAMTVxdI,wjwbnRYOHc,aCbUd,aCbUd,aCbUd
jTAMTVxdI,KapBLhjHKX,jTAMTVxdI,KapBLhjHKX,jTAMTVxdI,jTAMTVxdI,wjwbnRYOHc,aCbUd,aCbUd,aCbUd
jTAMTVxdI,KapBLhjHKX,jTAMTVxdI,KapBLhjHKX,jTAMTVxdI,jTAMTVxdI,aCbUd,aCbUd,aCbUd,dwXZBI
jTAMTVxdI
jTAMTVxdI
jTAMTVxdI
jTAMTVxdI,KapBLhjHKX,jTAMTVxdI,KapBLhjHKX,jTAMTVxdI,jTAMTVxdI,aCbUd,aCbUd,aCbUd,dwXZBI,wjwbnRYOHc
jTAMTVxdI,jTAMTVxdI,KapBLhjHKX,jTAMTVxdI,jTAMTVxdI,aCbUd,aCbUd,aCbUd,dwXZBI,wjwbnRYOHc
jTAMTVxdI,jTAMTVxdI,KapBLhjHKX,jTAMTVxdI,jTAMTVxdI,aCbUd,aCbUd,aCbUd,dwXZBI,wjwbnRYOHc,dwXZBI
jTAMTVxdI,jTAMTVxdI,KapBLhjHKX,jTAMTVxdI,jTAMTVxdI,aCbUd,aCbUd,aCbUd,dwXZBI,wjwbnRYOHc,dwXZBI
jTAMTVxdI,jTAMTVxdI,KapBLhjHKX,jTAMTVxdI,jTAMTVxdI,aCbUd,aCbUd,aCbUd,dwXZBI,wjwbnRYOHc,dwXZBI
jTAMTVxdI,jTAMTVxdI,KapBLhjHKX,jTAMTVxdI,jTAMTVxdI,aCbUd,aCbUd,aCbUd,dwXZBI,wjwbnRYOHc,dwXZBI
aCbUd
jTAMTVxdI,jTAMTVxdI,jTAMTVxdI,aCbUd,dwXZBI,aCbUd,aCbUd,dwXZBI,YgZViJ
jTAMTVxdI,jTAMTVxdI,jTAMTVxdI,aCbUd,aCbUd,aCbUd,dwXZBI,YgZViJ,cKdbEL
aCbUd
aCbUd
aCbUd
aCbUd
jTAMTVxdI,jTAMTVxdI,jTAMTVxdI,aCbUd,aCbUd,dwXZBI,YgZViJ,cKdbEL
jTAMTVxdI,jTAMTVxdI,KapBLhjHKX,jTAMTVxdI,jTAMTVxdI,aCbUd,dwXZBI,aCbUd,aCbUd,wjwbnRYOHc,dwXZBI,wjwbnRYOHc
aCbUd
jTAMTVxdI,KapBLhjHKX,jTAMTVxdI,jTAMTVxdI,aCbUd,dwXZBI,aCbUd,aCbUd,wjwbnRYOHc,dwXZBI,wjwbnRYOHc,wjwbnRYOHc,WYtEqFcNX
jTAMTVxdI,KapBLhjHKX,jTAMTVxdI,jTAMTVxdI,aCbUd,dwXZBI,aCbUd,aCbUd,wjwbnRYOHc,dwXZBI,wjwbnRYOHc,wjwbnRYOHc,WYtEqFcNX
jTAMTVxdI
Jedi Wagner, assuma o comando!