[vazia]
ksXZKXF
ksXZKXF
ksXZKXF,ksXZKXF,YYwDyAyyy
Toque! Toque, Dijê!
[vazia]
Toque! Toque, Dijê!
Toque! Toque, Dijê!
Toque! Toque, Dijê!
[vazia]
Toque! Toque, Dijê!
[vazia]
Toque! Toque, Dijê!
Toque! Toque, Dijê!
Toque! Toque, Dijê!
[vazia]
[vazia]
Toque! Toque, Dijê!
Toque! Toque, Dijê!
bq
bq
bq
bq
bq
V
bq,bq,V
bq
bq,bq,V,ksXZKXF
bq
ksXZKXF
bq,bq,V,ksXZKXF
ksXZKXF
bq,bq,V,ksXZKXF,bq,bU,YFrVInqHP
ksXZKXF
bq
bq,bq,V,ksXZKXF,bq,bU,YFrVInqHP,zSxGgw
bq,bq,V,bq,ksXZKXF,bU,YFrVInqHP,bU,V
bq,bq,V,bq,ksXZKXF,bU,YFrVInqHP,bU,V
bq,bq,V,bq,ksXZKXF,bU,YFrVInqHP,bU,V
bq,bq,bU,bq,bU,V
bq
bq,bq,bU,bq,bU,V
bq,bq,bq,bU,V
bq,bq,bq,bU,V,ksXZKXF
V
bq,bq,bq,bU,V,ksXZKXF
V
bq,bq,bq,bU,V,ksXZKXF,QzUzKF
ksXZKXF
bq,bq,bq,bU,V,ksXZKXF,QzUzKF,YYwDyAyyy
bq,bq,bq,bU,V,ksXZKXF,QzUzKF,YYwDyAyyy,CEoTKxSeV
QzUzKF
bq,bq,bU,V,ksXZKXF,QzUzKF,YYwDyAyyy,QzUzKF
QzUzKF
bq,bq,bU,V,ksXZKXF,QzUzKF,YYwDyAyyy,QzUzKF
QzUzKF
QzUzKF
QzUzKF
bq,bq,bq,V,ksXZKXF,QzUzKF,YYwDyAyyy
YYwDyAyyy
ksXZKXF
bq,bq,bq,V,ksXZKXF,YYwDyAyyy,ksXZKXF,QzUzKF,bq
bq,bq,bq,YYwDyAyyy,ksXZKXF,QzUzKF,bq,bU
bq,bq,bq,V,YYwDyAyyy,ksXZKXF,QzUzKF,bq,bU
bq,bq,bq,V,YYwDyAyyy,ksXZKXF,QzUzKF,bq,bU
ksXZKXF
bq,bq,bq,YYwDyAyyy,ksXZKXF,QzUzKF,bq,bU,mtjViL,mtjViL
bq,bq,bq,YYwDyAyyy,ksXZKXF,QzUzKF,bq,mtjViL,zSxGgw
bq,bq,bq,YYwDyAyyy,ksXZKXF,QzUzKF,bq,mtjViL,zSxGgw
bq,bq,bq,YYwDyAyyy,ksXZKXF,QzUzKF,bq,mtjViL,zSxGgw
bq,bq,bq,YYwDyAyyy,ksXZKXF,QzUzKF,bq,mtjViL,zSxGgw
bq,bq,bq,YYwDyAyyy,ksXZKXF,QzUzKF,bq,mtjViL,zSxGgw
ksXZKXF
bq,bq,bq,YYwDyAyyy,ksXZKXF,QzUzKF,bq,mtjViL,zSxGgw
ksXZKXF
ksXZKXF
bq,YYwDyAyyy,ksXZKXF,zSxGgw,bq,QzUzKF,bq,mtjViL
bq,YYwDyAyyy,ksXZKXF,zSxGgw,bq,QzUzKF,bq,mtjViL,bq
ksXZKXF
ksXZKXF
bq,bq,bq,V,ksXZKXF,YYwDyAyyy,ksXZKXF,QzUzKF,bq
bq,bq,bq,ksXZKXF,YYwDyAyyy,ksXZKXF,QzUzKF,bq
QzUzKF
bq,bq,bq,V,ksXZKXF,ksXZKXF,QzUzKF,bq,ksXZKXF,ksXZKXF,bq
QzUzKF
QzUzKF
QzUzKF
bq
bq
ksXZKXF
ksXZKXF
ksXZKXF
bq,bq,bq,ksXZKXF,ksXZKXF,QzUzKF,bq,ksXZKXF,ksXZKXF,bq,YFrVInqHP,CEoTKxSeV
bq,bq,bq,V,ksXZKXF,ksXZKXF,QzUzKF,bq,ksXZKXF,ksXZKXF,bq
ksXZKXF
bq,bq,bq,V,ksXZKXF,QzUzKF,bq,ksXZKXF,ksXZKXF,bq
bq,bq,bq,V,ksXZKXF,ksXZKXF,QzUzKF,bq,ksXZKXF,ksXZKXF,bq
ksXZKXF
ksXZKXF
bq,bq,bq,V,ksXZKXF,QzUzKF,bq,ksXZKXF,ksXZKXF,ksXZKXF,bq
bq,bq,bq,V,ksXZKXF,QzUzKF,bq,ksXZKXF,ksXZKXF,ksXZKXF,bq
bq,bq,bq,V,QzUzKF,bq,ksXZKXF,ksXZKXF,ksXZKXF,bq
bq,bq,bq,V,ksXZKXF,ksXZKXF,QzUzKF,bq,ksXZKXF,ksXZKXF,bq
zSxGgw
bq,bq,bq,QzUzKF,bq,ksXZKXF,ksXZKXF,bq,zSxGgw
bq,bq,bq,QzUzKF,bq,ksXZKXF,ksXZKXF,bq,bU
bq
bq,bq,bq,QzUzKF,bq,ksXZKXF,ksXZKXF,bq,zSxGgw
bq,bq,bq,QzUzKF,bq,ksXZKXF,ksXZKXF,bq,zSxGgw
bq
bq,bq,bq,QzUzKF,bq,ksXZKXF,ksXZKXF,bq,zSxGgw,YYwDyAyyy
bq
bq
bq,bq,bq,QzUzKF,bq,ksXZKXF,ksXZKXF,bq,zSxGgw,YYwDyAyyy
bq,bq,bq,QzUzKF,bq,ksXZKXF,ksXZKXF,bq,zSxGgw,YYwDyAyyy,ksXZKXF
bq
bq
bq,bq,bq,QzUzKF,bq,ksXZKXF,ksXZKXF,bq,zSxGgw
bq,bq,bq,bq,ksXZKXF,ksXZKXF,bq,zSxGgw
bq
CEoTKxSeV
CEoTKxSeV
bq,mtjViL,CEoTKxSeV,ksXZKXF,bq,bq,zSxGgw,bU,YYwDyAyyy,YFrVInqHP
ksXZKXF
ksXZKXF
bq
bq
bq
bq,mtjViL,CEoTKxSeV,ksXZKXF,bq,bq,zSxGgw,bU,CEoTKxSeV
bq
bq
bq
zSxGgw
zSxGgw
bq,mtjViL,ksXZKXF,bq,zSxGgw,bq,bU,zSxGgw
zSxGgw
bq,mtjViL,ksXZKXF,bq,zSxGgw,bq,zSxGgw
bq,mtjViL,CEoTKxSeV,ksXZKXF,bq,zSxGgw,bq,bU
mtjViL,ksXZKXF,bq,zSxGgw,CEoTKxSeV,bq,bU,ksXZKXF,V
mtjViL,ksXZKXF,bq,zSxGgw,V,CEoTKxSeV,bq,bU,ksXZKXF
mtjViL,ksXZKXF,bq,V,zSxGgw,CEoTKxSeV,bq,ksXZKXF,V,bU
mtjViL,ksXZKXF,bq,V,zSxGgw,CEoTKxSeV,bq,ksXZKXF,V,bU
mtjViL,ksXZKXF,bq,V,zSxGgw,CEoTKxSeV,bq,ksXZKXF,V,bU,YFrVInqHP,QzUzKF,YYwDyAyyy
CEoTKxSeV
mtjViL,ksXZKXF,bq,V,zSxGgw,CEoTKxSeV,bq,ksXZKXF,V,bU,YFrVInqHP,QzUzKF,YYwDyAyyy,bU
bq
bq
ksXZKXF,V,CEoTKxSeV,bq,bq,ksXZKXF,V,bU,YFrVInqHP,QzUzKF,YYwDyAyyy,bU
ksXZKXF,V,CEoTKxSeV,bq,bq,ksXZKXF,V,bU,QzUzKF,bU,CEoTKxSeV,CEoTKxSeV,QzUzKF,YYwDyAyyy,bU
bq
ksXZKXF,V,CEoTKxSeV,bq,bq,ksXZKXF,V,bU,QzUzKF,bU,CEoTKxSeV,CEoTKxSeV,QzUzKF,YYwDyAyyy
Jedi Wagner, assuma o comando!