[vazia]
WWEIz
WWEIz,GgwqWbKdrE,WWEIz
GgwqWbKdrE
GgwqWbKdrE
WWEIz,GgwqWbKdrE,WWEIz
WWEIz
WWEIz,WWEIz
WWEIz
WWEIz
WWEIz
WWEIz
WWEIz
WWEIz,YBMRCv
WWEIz
WWEIz
WWEIz
WWEIz
WWEIz
WWEIz
WWEIz,bHl
WWEIz,bHl,WDplhays
bHl
bHl
bHl
bHl
bHl
bHl
WWEIz,bHl,WDplhays
bHl,WDplhays,GgwqWbKdrE
WDplhays
bHl,WDplhays,GgwqWbKdrE
bHl,WDplhays,GgwqWbKdrE
bHl,WDplhays,GgwqWbKdrE
WDplhays
WDplhays
WDplhays,GgwqWbKdrE,PvTKWKTRW
WDplhays
WDplhays,GgwqWbKdrE,PvTKWKTRW
WDplhays
WDplhays
WDplhays
WDplhays
WDplhays
WDplhays
bHl,WDplhays,GgwqWbKdrE
bHl,WDplhays,GgwqWbKdrE
WDplhays
bHl,WDplhays,GgwqWbKdrE
WDplhays
WDplhays
bHl,WDplhays,GgwqWbKdrE,nUPRJQ,WWEIz,GgwqWbKdrE
bHl,WDplhays,GgwqWbKdrE,WWEIz,GgwqWbKdrE
GgwqWbKdrE
GgwqWbKdrE
bHl,WDplhays,GgwqWbKdrE,WWEIz,GgwqWbKdrE,nUPRJQ
GgwqWbKdrE
nUPRJQ
bHl,WDplhays,GgwqWbKdrE,nUPRJQ,WWEIz,WWEIz,nUPRJQ,GgwqWbKdrE,WWEIz
WWEIz
WWEIz
bHl,WDplhays,GgwqWbKdrE,WWEIz,nUPRJQ,WWEIz,nUPRJQ,GgwqWbKdrE,WWEIz,PvTKWKTRW
WWEIz
bHl,WDplhays,GgwqWbKdrE,WWEIz,nUPRJQ,WWEIz,nUPRJQ,GgwqWbKdrE,WWEIz,PvTKWKTRW,nUPRJQ
WWEIz
bHl,GgwqWbKdrE,WWEIz,nUPRJQ,WWEIz,nUPRJQ,GgwqWbKdrE,WWEIz,PvTKWKTRW,nUPRJQ,GgwqWbKdrE,GgwqWbKdrE
bHl,GgwqWbKdrE,nUPRJQ,WWEIz,WWEIz,nUPRJQ,GgwqWbKdrE,WWEIz,PvTKWKTRW,nUPRJQ,GgwqWbKdrE,GgwqWbKdrE
nUPRJQ
bHl,GgwqWbKdrE,nUPRJQ,WWEIz,WWEIz,nUPRJQ,GgwqWbKdrE,WWEIz,PvTKWKTRW,nUPRJQ,GgwqWbKdrE,GgwqWbKdrE,WWEIz,Vb
nUPRJQ
nUPRJQ
nUPRJQ
nUPRJQ
bHl,GgwqWbKdrE,nUPRJQ,WWEIz,WWEIz,nUPRJQ,GgwqWbKdrE,WWEIz,PvTKWKTRW,nUPRJQ,GgwqWbKdrE,GgwqWbKdrE,WWEIz,Vb
WWEIz
WWEIz
bHl,GgwqWbKdrE,nUPRJQ,WWEIz,WWEIz,nUPRJQ,GgwqWbKdrE,WWEIz,PvTKWKTRW,nUPRJQ,GgwqWbKdrE,GgwqWbKdrE,WWEIz
bHl,GgwqWbKdrE,nUPRJQ,WWEIz,WWEIz,nUPRJQ,GgwqWbKdrE,WWEIz,PvTKWKTRW,nUPRJQ,GgwqWbKdrE,GgwqWbKdrE,WWEIz
bHl,GgwqWbKdrE,nUPRJQ,WWEIz,WWEIz,nUPRJQ,GgwqWbKdrE,WWEIz,PvTKWKTRW,nUPRJQ,GgwqWbKdrE,GgwqWbKdrE,WWEIz,Vb
bHl,GgwqWbKdrE,nUPRJQ,WWEIz,WWEIz,nUPRJQ,GgwqWbKdrE,WWEIz,PvTKWKTRW,nUPRJQ,GgwqWbKdrE,GgwqWbKdrE,WWEIz,Vb
WWEIz
PvTKWKTRW
bHl,WWEIz,PvTKWKTRW,nUPRJQ,WWEIz,nUPRJQ,GgwqWbKdrE,WWEIz,nUPRJQ,GgwqWbKdrE,GgwqWbKdrE,WWEIz,Vb
WWEIz
bHl,nUPRJQ,WWEIz,PvTKWKTRW,WWEIz,nUPRJQ,GgwqWbKdrE,WWEIz,nUPRJQ,GgwqWbKdrE,GgwqWbKdrE,WWEIz,Vb,GgwqWbKdrE
bHl,nUPRJQ,WWEIz,PvTKWKTRW,WWEIz,nUPRJQ,GgwqWbKdrE,WWEIz,nUPRJQ,GgwqWbKdrE,GgwqWbKdrE,WWEIz,Vb,GgwqWbKdrE,WDplhays,tMgln
bHl,nUPRJQ,WWEIz,PvTKWKTRW,WWEIz,nUPRJQ,GgwqWbKdrE,WWEIz,nUPRJQ,GgwqWbKdrE,GgwqWbKdrE,WWEIz,Vb,GgwqWbKdrE,WDplhays,tMgln
WWEIz
bHl,nUPRJQ,WWEIz,PvTKWKTRW,WWEIz,nUPRJQ,GgwqWbKdrE,WWEIz,nUPRJQ,GgwqWbKdrE,GgwqWbKdrE,WWEIz,Vb,GgwqWbKdrE,WDplhays
bHl,nUPRJQ,WWEIz,PvTKWKTRW,WWEIz,nUPRJQ,GgwqWbKdrE,WWEIz,nUPRJQ,GgwqWbKdrE,GgwqWbKdrE,WWEIz,Vb,GgwqWbKdrE,WDplhays
WWEIz
bHl,nUPRJQ,WWEIz,PvTKWKTRW,WWEIz,nUPRJQ,GgwqWbKdrE,WWEIz,nUPRJQ,GgwqWbKdrE,GgwqWbKdrE,WWEIz,Vb,GgwqWbKdrE,WDplhays
bHl,nUPRJQ,WWEIz,PvTKWKTRW,WWEIz,nUPRJQ,GgwqWbKdrE,WWEIz,nUPRJQ,GgwqWbKdrE,GgwqWbKdrE,WWEIz,Vb,GgwqWbKdrE,WDplhays
bHl,nUPRJQ,WWEIz,PvTKWKTRW,WWEIz,nUPRJQ,GgwqWbKdrE,WWEIz,nUPRJQ,GgwqWbKdrE,GgwqWbKdrE,WWEIz,Vb,GgwqWbKdrE,WDplhays
WWEIz
bHl,nUPRJQ,WWEIz,PvTKWKTRW,WWEIz,nUPRJQ,GgwqWbKdrE,WWEIz,nUPRJQ,GgwqWbKdrE,GgwqWbKdrE,WWEIz,Vb,GgwqWbKdrE
WWEIz
bHl,nUPRJQ,WWEIz,PvTKWKTRW,WWEIz,nUPRJQ,GgwqWbKdrE,WWEIz,nUPRJQ,GgwqWbKdrE,GgwqWbKdrE,WWEIz,Vb,GgwqWbKdrE
WWEIz
bHl,nUPRJQ,WWEIz,PvTKWKTRW,WWEIz,nUPRJQ,GgwqWbKdrE,WWEIz,nUPRJQ,GgwqWbKdrE,GgwqWbKdrE,WWEIz,Vb,GgwqWbKdrE
nUPRJQ
bHl,nUPRJQ,WWEIz,PvTKWKTRW,WWEIz,nUPRJQ,GgwqWbKdrE,WWEIz,nUPRJQ,GgwqWbKdrE,GgwqWbKdrE,WWEIz,Vb,GgwqWbKdrE
bHl,nUPRJQ,WWEIz,PvTKWKTRW,WWEIz,nUPRJQ,GgwqWbKdrE,WWEIz,nUPRJQ,GgwqWbKdrE,GgwqWbKdrE,WWEIz,Vb,GgwqWbKdrE
bHl,nUPRJQ,WWEIz,PvTKWKTRW,WWEIz,nUPRJQ,GgwqWbKdrE,WWEIz,nUPRJQ,GgwqWbKdrE,GgwqWbKdrE,WWEIz,Vb,GgwqWbKdrE
nUPRJQ
PvTKWKTRW,WWEIz,nUPRJQ,GgwqWbKdrE,WWEIz,nUPRJQ,GgwqWbKdrE,GgwqWbKdrE,WWEIz,Vb,GgwqWbKdrE,GgwqWbKdrE,bHl,WWEIz
GgwqWbKdrE
PvTKWKTRW,WWEIz,nUPRJQ,GgwqWbKdrE,WWEIz,nUPRJQ,GgwqWbKdrE,GgwqWbKdrE,WWEIz,Vb,GgwqWbKdrE,GgwqWbKdrE,bHl,WWEIz
PvTKWKTRW,WWEIz,GgwqWbKdrE,WWEIz,nUPRJQ,GgwqWbKdrE,GgwqWbKdrE,WWEIz,Vb,GgwqWbKdrE,GgwqWbKdrE,bHl,WWEIz
GgwqWbKdrE
GgwqWbKdrE
GgwqWbKdrE
PvTKWKTRW,WWEIz,GgwqWbKdrE,WWEIz,nUPRJQ,GgwqWbKdrE,GgwqWbKdrE,WWEIz,Vb,GgwqWbKdrE,GgwqWbKdrE,bHl,WWEIz
PvTKWKTRW,WWEIz,nUPRJQ,GgwqWbKdrE,WWEIz,nUPRJQ,GgwqWbKdrE,GgwqWbKdrE,WWEIz,Vb,GgwqWbKdrE,GgwqWbKdrE,bHl,WWEIz
nUPRJQ,WWEIz,PvTKWKTRW,WWEIz,nUPRJQ,GgwqWbKdrE,WWEIz,nUPRJQ,GgwqWbKdrE,GgwqWbKdrE,WWEIz,Vb,GgwqWbKdrE,GgwqWbKdrE
nUPRJQ,WWEIz,PvTKWKTRW,WWEIz,nUPRJQ,GgwqWbKdrE,WWEIz,nUPRJQ,GgwqWbKdrE,GgwqWbKdrE,WWEIz,Vb,GgwqWbKdrE,GgwqWbKdrE
GgwqWbKdrE
GgwqWbKdrE
nUPRJQ,WWEIz,PvTKWKTRW,WWEIz,nUPRJQ,GgwqWbKdrE,WWEIz,nUPRJQ,GgwqWbKdrE,GgwqWbKdrE,WWEIz,Vb,GgwqWbKdrE,GgwqWbKdrE
nUPRJQ,WWEIz,PvTKWKTRW,WWEIz,nUPRJQ,GgwqWbKdrE,WWEIz,nUPRJQ,GgwqWbKdrE,GgwqWbKdrE,WWEIz,Vb,GgwqWbKdrE,GgwqWbKdrE
GgwqWbKdrE
GgwqWbKdrE
nUPRJQ,WWEIz,PvTKWKTRW,WWEIz,nUPRJQ,GgwqWbKdrE,WWEIz,nUPRJQ,GgwqWbKdrE,GgwqWbKdrE,WWEIz,Vb,GgwqWbKdrE,GgwqWbKdrE
GgwqWbKdrE
nUPRJQ,WWEIz,PvTKWKTRW,WWEIz,nUPRJQ,GgwqWbKdrE,WWEIz,nUPRJQ,GgwqWbKdrE,GgwqWbKdrE,WWEIz,Vb,GgwqWbKdrE,GgwqWbKdrE
nUPRJQ,WWEIz,PvTKWKTRW,WWEIz,nUPRJQ,GgwqWbKdrE,WWEIz,nUPRJQ,GgwqWbKdrE,GgwqWbKdrE,WWEIz,Vb,GgwqWbKdrE,GgwqWbKdrE
nUPRJQ,WWEIz,PvTKWKTRW,WWEIz,nUPRJQ,GgwqWbKdrE,WWEIz,nUPRJQ,GgwqWbKdrE,GgwqWbKdrE,WWEIz,Vb,GgwqWbKdrE,GgwqWbKdrE
GgwqWbKdrE
nUPRJQ,WWEIz,PvTKWKTRW,WWEIz,nUPRJQ,GgwqWbKdrE,WWEIz,nUPRJQ,GgwqWbKdrE,GgwqWbKdrE,WWEIz,Vb,GgwqWbKdrE,GgwqWbKdrE
GgwqWbKdrE
nUPRJQ,WWEIz,PvTKWKTRW,WWEIz,nUPRJQ,GgwqWbKdrE,WWEIz,nUPRJQ,GgwqWbKdrE,GgwqWbKdrE,WWEIz,GgwqWbKdrE,GgwqWbKdrE,YBMRCv,EwUxmI,WDplhays
nUPRJQ,WWEIz,PvTKWKTRW,WWEIz,nUPRJQ,GgwqWbKdrE,WWEIz,nUPRJQ,GgwqWbKdrE,GgwqWbKdrE,WWEIz,GgwqWbKdrE,GgwqWbKdrE,YBMRCv,EwUxmI,WDplhays
GgwqWbKdrE
GgwqWbKdrE
GgwqWbKdrE
nUPRJQ,WWEIz,WWEIz,nUPRJQ,GgwqWbKdrE,WWEIz,nUPRJQ,GgwqWbKdrE,GgwqWbKdrE,WWEIz,Vb,GgwqWbKdrE,GgwqWbKdrE,PvTKWKTRW,Vb
GgwqWbKdrE
nUPRJQ,WWEIz,WWEIz,nUPRJQ,GgwqWbKdrE,WWEIz,nUPRJQ,GgwqWbKdrE,GgwqWbKdrE,WWEIz,Vb,GgwqWbKdrE,GgwqWbKdrE,PvTKWKTRW,Vb
nUPRJQ,WWEIz,PvTKWKTRW,WWEIz,nUPRJQ,GgwqWbKdrE,WWEIz,nUPRJQ,GgwqWbKdrE,GgwqWbKdrE,WWEIz,Vb,GgwqWbKdrE,GgwqWbKdrE
WWEIz
WWEIz
nUPRJQ,WWEIz,WWEIz,nUPRJQ,Vb,GgwqWbKdrE,WWEIz,nUPRJQ,GgwqWbKdrE,GgwqWbKdrE,WWEIz,GgwqWbKdrE,GgwqWbKdrE,bHl,Vb,YBMRCv,Vb
nUPRJQ
nUPRJQ,WWEIz,nUPRJQ,Vb,GgwqWbKdrE,WWEIz,nUPRJQ,WWEIz,GgwqWbKdrE,GgwqWbKdrE,WWEIz,GgwqWbKdrE,GgwqWbKdrE,bHl,Vb,YBMRCv,Vb
nUPRJQ
nUPRJQ
nUPRJQ,WWEIz,WWEIz,nUPRJQ,GgwqWbKdrE,WWEIz,nUPRJQ,GgwqWbKdrE,GgwqWbKdrE,WWEIz,GgwqWbKdrE,GgwqWbKdrE,bHl,Vb,YBMRCv,Vb,GgwqWbKdrE,bHl,YBMRCv,nUPRJQ
nUPRJQ
nUPRJQ
nUPRJQ,WWEIz,WWEIz,nUPRJQ,GgwqWbKdrE,WWEIz,nUPRJQ,GgwqWbKdrE,GgwqWbKdrE,WWEIz,GgwqWbKdrE,GgwqWbKdrE,bHl,Vb,YBMRCv,Vb,GgwqWbKdrE,bHl,YBMRCv,nUPRJQ
GgwqWbKdrE
GgwqWbKdrE
GgwqWbKdrE
GgwqWbKdrE
nUPRJQ,WWEIz,WWEIz,nUPRJQ,GgwqWbKdrE,WWEIz,nUPRJQ,GgwqWbKdrE,GgwqWbKdrE,WWEIz,GgwqWbKdrE,GgwqWbKdrE,bHl,Vb,YBMRCv,Vb,GgwqWbKdrE,bHl,YBMRCv,nUPRJQ,Vb,PvTKWKTRW
nUPRJQ,WWEIz,WWEIz,nUPRJQ,WWEIz,nUPRJQ,GgwqWbKdrE,GgwqWbKdrE,GgwqWbKdrE,WWEIz,GgwqWbKdrE,GgwqWbKdrE,bHl,Vb,YBMRCv,Vb,GgwqWbKdrE,bHl,YBMRCv,nUPRJQ,Vb,PvTKWKTRW,nUPRJQ
GgwqWbKdrE
nUPRJQ,WWEIz,WWEIz,nUPRJQ,WWEIz,nUPRJQ,GgwqWbKdrE,GgwqWbKdrE,GgwqWbKdrE,WWEIz,GgwqWbKdrE,GgwqWbKdrE,bHl,Vb,YBMRCv,Vb,GgwqWbKdrE,bHl,YBMRCv,nUPRJQ,Vb,PvTKWKTRW,nUPRJQ
WWEIz
WWEIz
PvTKWKTRW
GgwqWbKdrE
GgwqWbKdrE
GgwqWbKdrE
nUPRJQ,WWEIz,WWEIz,nUPRJQ,WWEIz,nUPRJQ,GgwqWbKdrE,GgwqWbKdrE,GgwqWbKdrE,PvTKWKTRW,WWEIz,GgwqWbKdrE,GgwqWbKdrE,bHl,Vb,Vb,GgwqWbKdrE,bHl,YBMRCv,nUPRJQ,Vb,nUPRJQ,bHl,PvTKWKTRW,nUPRJQ,nUPRJQ
nUPRJQ,WWEIz,WWEIz,nUPRJQ,WWEIz,nUPRJQ,GgwqWbKdrE,GgwqWbKdrE,GgwqWbKdrE,PvTKWKTRW,WWEIz,GgwqWbKdrE,GgwqWbKdrE,bHl,Vb,Vb,GgwqWbKdrE,bHl,YBMRCv,nUPRJQ,Vb,nUPRJQ,bHl,PvTKWKTRW,nUPRJQ,nUPRJQ
PvTKWKTRW
GgwqWbKdrE
WWEIz
GgwqWbKdrE
GgwqWbKdrE
nUPRJQ,WWEIz,nUPRJQ,WWEIz,nUPRJQ,GgwqWbKdrE,GgwqWbKdrE,GgwqWbKdrE,PvTKWKTRW,WWEIz,GgwqWbKdrE,GgwqWbKdrE,Vb,Vb,GgwqWbKdrE,WWEIz,bHl,YBMRCv,bHl,nUPRJQ,Vb,nUPRJQ,bHl,PvTKWKTRW,nUPRJQ,nUPRJQ,GgwqWbKdrE,GgwqWbKdrE,PvTKWKTRW,nUPRJQ
YBMRCv
nUPRJQ
nUPRJQ
nUPRJQ
WWEIz,WWEIz,nUPRJQ,GgwqWbKdrE,GgwqWbKdrE,GgwqWbKdrE,PvTKWKTRW,WWEIz,GgwqWbKdrE,GgwqWbKdrE,Vb,GgwqWbKdrE,WWEIz,YBMRCv,nUPRJQ,nUPRJQ,Vb,Vb,nUPRJQ,bHl,PvTKWKTRW,nUPRJQ,nUPRJQ,GgwqWbKdrE,GgwqWbKdrE
WWEIz,WWEIz,nUPRJQ,GgwqWbKdrE,GgwqWbKdrE,GgwqWbKdrE,WWEIz,GgwqWbKdrE,GgwqWbKdrE,GgwqWbKdrE,WWEIz,YBMRCv,nUPRJQ,nUPRJQ,Vb,PvTKWKTRW,Vb,nUPRJQ,bHl,PvTKWKTRW,nUPRJQ,nUPRJQ,GgwqWbKdrE,GgwqWbKdrE,tMgln,YBMRCv
PvTKWKTRW
PvTKWKTRW
nUPRJQ
WWEIz,WWEIz,nUPRJQ,GgwqWbKdrE,GgwqWbKdrE,GgwqWbKdrE,PvTKWKTRW,WWEIz,GgwqWbKdrE,GgwqWbKdrE,Vb,Vb,GgwqWbKdrE,WWEIz,bHl,YBMRCv,nUPRJQ,nUPRJQ,Vb,nUPRJQ,bHl,PvTKWKTRW,nUPRJQ,nUPRJQ,GgwqWbKdrE,GgwqWbKdrE
WWEIz,WWEIz,nUPRJQ,GgwqWbKdrE,GgwqWbKdrE,GgwqWbKdrE,PvTKWKTRW,WWEIz,GgwqWbKdrE,GgwqWbKdrE,Vb,Vb,GgwqWbKdrE,WWEIz,bHl,YBMRCv,nUPRJQ,nUPRJQ,Vb,nUPRJQ,bHl,PvTKWKTRW,nUPRJQ,nUPRJQ,GgwqWbKdrE,GgwqWbKdrE
nUPRJQ
WWEIz,WWEIz,nUPRJQ,GgwqWbKdrE,GgwqWbKdrE,GgwqWbKdrE,PvTKWKTRW,WWEIz,GgwqWbKdrE,GgwqWbKdrE,Vb,Vb,GgwqWbKdrE,WWEIz,bHl,YBMRCv,nUPRJQ,nUPRJQ,Vb,nUPRJQ,bHl,PvTKWKTRW,nUPRJQ,nUPRJQ,GgwqWbKdrE,GgwqWbKdrE,bHl
GgwqWbKdrE
WWEIz,WWEIz,nUPRJQ,GgwqWbKdrE,PvTKWKTRW,WWEIz,GgwqWbKdrE,GgwqWbKdrE,Vb,Vb,GgwqWbKdrE,WWEIz,bHl,YBMRCv,nUPRJQ,nUPRJQ,GgwqWbKdrE,Vb,nUPRJQ,bHl,PvTKWKTRW,nUPRJQ,nUPRJQ,GgwqWbKdrE,GgwqWbKdrE,bHl,GgwqWbKdrE
WWEIz,nUPRJQ,GgwqWbKdrE,PvTKWKTRW,WWEIz,GgwqWbKdrE,GgwqWbKdrE,Vb,Vb,GgwqWbKdrE,WWEIz,bHl,YBMRCv,nUPRJQ,nUPRJQ,GgwqWbKdrE,WWEIz,Vb,nUPRJQ,bHl,PvTKWKTRW,nUPRJQ,nUPRJQ,GgwqWbKdrE,GgwqWbKdrE,bHl,GgwqWbKdrE,Vb,GgwqWbKdrE
GgwqWbKdrE,PvTKWKTRW,GgwqWbKdrE,GgwqWbKdrE,Vb,Vb,GgwqWbKdrE,WWEIz,bHl,YBMRCv,nUPRJQ,nUPRJQ,GgwqWbKdrE,WWEIz,WWEIz,nUPRJQ,Vb,nUPRJQ,bHl,PvTKWKTRW,nUPRJQ,nUPRJQ,GgwqWbKdrE,GgwqWbKdrE,bHl,GgwqWbKdrE,bHl
nUPRJQ
GgwqWbKdrE,PvTKWKTRW,GgwqWbKdrE,GgwqWbKdrE,Vb,Vb,GgwqWbKdrE,WWEIz,bHl,YBMRCv,nUPRJQ,nUPRJQ,GgwqWbKdrE,WWEIz,WWEIz,nUPRJQ,Vb,nUPRJQ,bHl,PvTKWKTRW,nUPRJQ,nUPRJQ,GgwqWbKdrE,GgwqWbKdrE,bHl,GgwqWbKdrE,bHl
GgwqWbKdrE,PvTKWKTRW,GgwqWbKdrE,GgwqWbKdrE,Vb,Vb,GgwqWbKdrE,WWEIz,bHl,YBMRCv,nUPRJQ,nUPRJQ,GgwqWbKdrE,WWEIz,WWEIz,nUPRJQ,Vb,nUPRJQ,bHl,PvTKWKTRW,nUPRJQ,nUPRJQ,GgwqWbKdrE,GgwqWbKdrE,bHl,GgwqWbKdrE,bHl
Vb
GgwqWbKdrE,PvTKWKTRW,GgwqWbKdrE,GgwqWbKdrE,Vb,Vb,GgwqWbKdrE,WWEIz,nUPRJQ,nUPRJQ,GgwqWbKdrE,WWEIz,WWEIz,nUPRJQ,Vb,bHl,YBMRCv,nUPRJQ,bHl,PvTKWKTRW,nUPRJQ,nUPRJQ,GgwqWbKdrE,GgwqWbKdrE,bHl,GgwqWbKdrE,bHl
GgwqWbKdrE,PvTKWKTRW,GgwqWbKdrE,GgwqWbKdrE,Vb,Vb,GgwqWbKdrE,WWEIz,nUPRJQ,nUPRJQ,GgwqWbKdrE,WWEIz,WWEIz,nUPRJQ,Vb,bHl,YBMRCv,nUPRJQ,bHl,PvTKWKTRW,nUPRJQ,nUPRJQ,GgwqWbKdrE,GgwqWbKdrE,bHl,GgwqWbKdrE,bHl
GgwqWbKdrE,PvTKWKTRW,GgwqWbKdrE,GgwqWbKdrE,Vb,Vb,GgwqWbKdrE,WWEIz,nUPRJQ,nUPRJQ,GgwqWbKdrE,WWEIz,WWEIz,nUPRJQ,Vb,bHl,YBMRCv,nUPRJQ,bHl,PvTKWKTRW,nUPRJQ,nUPRJQ,GgwqWbKdrE,GgwqWbKdrE,bHl,GgwqWbKdrE,bHl
Vb
Vb
bHl
bHl
GgwqWbKdrE,PvTKWKTRW,GgwqWbKdrE,GgwqWbKdrE,Vb,Vb,GgwqWbKdrE,WWEIz,nUPRJQ,nUPRJQ,GgwqWbKdrE,WWEIz,WWEIz,nUPRJQ,bHl,Vb,nUPRJQ,bHl,PvTKWKTRW,nUPRJQ,nUPRJQ,GgwqWbKdrE,GgwqWbKdrE,bHl,GgwqWbKdrE,bHl,PvTKWKTRW,WDplhays
GgwqWbKdrE,PvTKWKTRW,GgwqWbKdrE,GgwqWbKdrE,Vb,Vb,GgwqWbKdrE,WWEIz,nUPRJQ,nUPRJQ,GgwqWbKdrE,WWEIz,WWEIz,nUPRJQ,bHl,Vb,nUPRJQ,bHl,PvTKWKTRW,nUPRJQ,nUPRJQ,GgwqWbKdrE,GgwqWbKdrE,bHl,GgwqWbKdrE,bHl,PvTKWKTRW,WDplhays,WDplhays
GgwqWbKdrE,PvTKWKTRW,GgwqWbKdrE,GgwqWbKdrE,Vb,Vb,GgwqWbKdrE,WWEIz,nUPRJQ,nUPRJQ,GgwqWbKdrE,WWEIz,WWEIz,nUPRJQ,Vb,nUPRJQ,bHl,PvTKWKTRW,nUPRJQ,nUPRJQ,GgwqWbKdrE,GgwqWbKdrE,bHl,GgwqWbKdrE,bHl,PvTKWKTRW,WDplhays,WDplhays,WWEIz
GgwqWbKdrE,PvTKWKTRW,GgwqWbKdrE,GgwqWbKdrE,Vb,Vb,GgwqWbKdrE,WWEIz,nUPRJQ,nUPRJQ,GgwqWbKdrE,WWEIz,WWEIz,nUPRJQ,Vb,nUPRJQ,bHl,PvTKWKTRW,nUPRJQ,nUPRJQ,GgwqWbKdrE,GgwqWbKdrE,bHl,GgwqWbKdrE,bHl,PvTKWKTRW,WDplhays,WDplhays,WWEIz
GgwqWbKdrE,PvTKWKTRW,GgwqWbKdrE,GgwqWbKdrE,Vb,Vb,GgwqWbKdrE,WWEIz,nUPRJQ,nUPRJQ,GgwqWbKdrE,WWEIz,WWEIz,nUPRJQ,Vb,nUPRJQ,bHl,PvTKWKTRW,nUPRJQ,nUPRJQ,GgwqWbKdrE,GgwqWbKdrE,bHl,GgwqWbKdrE,bHl,PvTKWKTRW,WDplhays,WDplhays,WWEIz
Vb
Vb
PvTKWKTRW,GgwqWbKdrE,GgwqWbKdrE,GgwqWbKdrE,nUPRJQ,nUPRJQ,GgwqWbKdrE,WWEIz,WWEIz,nUPRJQ,Vb,nUPRJQ,PvTKWKTRW,Vb,Vb,GgwqWbKdrE,bHl,nUPRJQ,nUPRJQ,GgwqWbKdrE,GgwqWbKdrE,bHl,GgwqWbKdrE,bHl,PvTKWKTRW,WDplhays,WDplhays,WWEIz,bHl,WWEIz,WDplhays
GgwqWbKdrE,PvTKWKTRW,GgwqWbKdrE,GgwqWbKdrE,Vb,Vb,GgwqWbKdrE,WWEIz,nUPRJQ,nUPRJQ,GgwqWbKdrE,WWEIz,WWEIz,nUPRJQ,Vb,nUPRJQ,bHl,PvTKWKTRW,nUPRJQ,nUPRJQ,GgwqWbKdrE,GgwqWbKdrE,bHl,GgwqWbKdrE,bHl,PvTKWKTRW,WDplhays,WDplhays,WWEIz,bHl,nUPRJQ
Jedi Wagner, assuma o comando!