Toque! Toque, Dijê!
[vazia]
Toque! Toque, Dijê!
[vazia]
[vazia]
PRxB
Toque! Toque, Dijê!
PRxB
PRxB
PRxB,r
PRxB,r
PRxB,r
PRxB,r
PRxB,r,cQptvsn
PRxB,r,cQptvsn
cQptvsn
PRxB,r,cQptvsn,cQptvsn
cQptvsn
cQptvsn
r
r
PRxB,r,cQptvsn
r
r
r
PRxB,r,cQptvsn,cQptvsn
r
r
PRxB,r,cQptvsn,cQptvsn,mQ
PRxB,r,cQptvsn,cQptvsn,mQ
PRxB,r,cQptvsn,cQptvsn,mQ
cQptvsn
cQptvsn
PRxB,r,cQptvsn,cQptvsn,mQ
cQptvsn
PRxB,r,cQptvsn,cQptvsn,mQ
r,cQptvsn,PRxB,cQptvsn,mQ,XMx,mQ
cQptvsn
cQptvsn
cQptvsn
r,cQptvsn,PRxB,cQptvsn,mQ,mQ,XMx,XMx
cQptvsn
r,PRxB,cQptvsn,mQ,mQ,XMx,XMx
r
XMx
r,PRxB,cQptvsn,mQ,XMx,mQ
cQptvsn
r,PRxB,mQ,XMx,mQ,cQptvsn,CRyOJ
r,PRxB,cQptvsn,mQ,XMx,mQ,CRyOJ
r,PRxB,cQptvsn,mQ,XMx,mQ,CRyOJ
mQ
r,PRxB,cQptvsn,mQ,XMx,mQ,CRyOJ
mQ
mQ
r,cQptvsn,PRxB,cQptvsn,XMx,mQ
r,cQptvsn,PRxB,cQptvsn,mQ,XMx,mQ
cQptvsn
cQptvsn,PRxB,cQptvsn,mQ,XMx,mQ,PRxB,mkdvDw
cQptvsn
cQptvsn,PRxB,cQptvsn,mQ,XMx,mQ,PRxB,mkdvDw,XMx
r
XMx,r,cQptvsn,PRxB,cQptvsn,mQ,mQ,PRxB
XMx,r,cQptvsn,PRxB,cQptvsn,mQ,mQ,PRxB
XMx,r,cQptvsn,PRxB,cQptvsn,mQ,mQ,PRxB
r
XMx,r,cQptvsn,PRxB,cQptvsn,mQ,mQ,PRxB
XMx,r,cQptvsn,PRxB,cQptvsn,mQ,mQ,PRxB
XMx,r,cQptvsn,PRxB,cQptvsn,mQ,mQ,PRxB,r
cQptvsn
cQptvsn
XMx,r,cQptvsn,PRxB,cQptvsn,mQ,PRxB,r
cQptvsn
XMx,r,cQptvsn,PRxB,cQptvsn,mQ,PRxB,r
cQptvsn
XMx,cQptvsn,PRxB,r,cQptvsn,mQ,PRxB,r
XMx,r,cQptvsn,PRxB,cQptvsn,mQ,PRxB,r
PRxB
PRxB
XMx,r,cQptvsn,PRxB,cQptvsn,mQ,PRxB,r,XMx
PRxB
r
r
XMx,cQptvsn,PRxB,r,cQptvsn,PRxB,r
XMx,cQptvsn,PRxB,r,cQptvsn,PRxB,r
XMx,cQptvsn,PRxB,r,cQptvsn,PRxB,r
XMx,cQptvsn,PRxB,r,cQptvsn,PRxB,r
XMx,cQptvsn,PRxB,r,cQptvsn,PRxB,r,PRxB
PRxB
XMx,r,cQptvsn,PRxB,cQptvsn,mQ,PRxB,r,mQ
XMx,r,cQptvsn,PRxB,cQptvsn,mQ,PRxB,r,mQ
mQ
XMx
XMx
r,cQptvsn,PRxB,cQptvsn,XMx,mQ,zJpdEH,PRxB,r,mQ,cQptvsn,mkdvDw
mQ
zJpdEH
r,cQptvsn,PRxB,cQptvsn,XMx,mQ,zJpdEH,PRxB,r,mQ,cQptvsn,mkdvDw
cQptvsn
PRxB,XMx,zJpdEH,cQptvsn,r,cQptvsn,PRxB,r,mQ,cQptvsn,mkdvDw
PRxB,XMx,zJpdEH,cQptvsn,r,cQptvsn,PRxB,r,mQ,cQptvsn,mkdvDw
r
XMx,zJpdEH,cQptvsn,r,PRxB,cQptvsn,PRxB,r,mQ,cQptvsn,mkdvDw
XMx,zJpdEH,cQptvsn,r,PRxB,cQptvsn,PRxB,r,mQ,cQptvsn,mkdvDw
r
r
PRxB,XMx,zJpdEH,cQptvsn,r,cQptvsn,PRxB,r,mQ,cQptvsn,mkdvDw
r
r
cQptvsn
mkdvDw
PRxB,XMx,zJpdEH,cQptvsn,r,cQptvsn,PRxB,r,mQ,cQptvsn,mkdvDw
PRxB,zJpdEH,cQptvsn,r,cQptvsn,PRxB,r,mQ,cQptvsn,mkdvDw
cQptvsn
PRxB,zJpdEH,cQptvsn,r,cQptvsn,PRxB,r,mQ,cQptvsn,mkdvDw,r
zJpdEH,cQptvsn,r,cQptvsn,PRxB,r,mQ,cQptvsn,mkdvDw,r
cQptvsn
cQptvsn
cQptvsn
zJpdEH,cQptvsn,r,cQptvsn,PRxB,r,mQ,cQptvsn,mkdvDw,r
cQptvsn
cQptvsn
cQptvsn
zJpdEH,cQptvsn,r,cQptvsn,PRxB,r,mQ,cQptvsn,mkdvDw,r
cQptvsn
zJpdEH,cQptvsn,r,cQptvsn,PRxB,r,mQ,cQptvsn,mkdvDw,r
r
r
r
zJpdEH,cQptvsn,r,cQptvsn,PRxB,r,mQ,cQptvsn,mkdvDw,r,mQ
r
zJpdEH,cQptvsn,r,cQptvsn,PRxB,r,mQ,cQptvsn,r,mQ,CRyOJ
zJpdEH,cQptvsn,r,cQptvsn,PRxB,r,mQ,cQptvsn,r,mQ,CRyOJ
cQptvsn,r,cQptvsn,PRxB,r,zJpdEH,mQ,cQptvsn,r,mQ
r
r
r,PRxB,r,mkdvDw,zJpdEH,cQptvsn,mQ,cQptvsn,r,mQ,r,r,cQptvsn
r,PRxB,r,mkdvDw,zJpdEH,cQptvsn,mQ,cQptvsn,r,mQ,r,r,cQptvsn
r,PRxB,r,mkdvDw,zJpdEH,cQptvsn,mQ,cQptvsn,r,mQ,r,r,cQptvsn
zJpdEH
PRxB,r,mkdvDw,zJpdEH,cQptvsn,mQ,cQptvsn,r,mQ,r,r,cQptvsn,XMx
PRxB,r,mkdvDw,zJpdEH,cQptvsn,mQ,cQptvsn,r,mQ,r,r,cQptvsn,XMx
PRxB,r,mkdvDw,zJpdEH,cQptvsn,mQ,cQptvsn,r,mQ,r,r,cQptvsn,XMx,XMx
r,PRxB,r,mkdvDw,zJpdEH,cQptvsn,mQ,cQptvsn,r,mQ,r,r,cQptvsn
PRxB,r,mkdvDw,zJpdEH,cQptvsn,r,mQ,cQptvsn,r,mQ,r,r,cQptvsn,XMx,mQ
PRxB,r,mkdvDw,zJpdEH,cQptvsn,r,mQ,cQptvsn,r,mQ,r,r,cQptvsn,XMx,mQ,zJpdEH
cQptvsn
PRxB,r,mkdvDw,zJpdEH,cQptvsn,r,cQptvsn,r,mQ,r,r,cQptvsn,XMx,mQ,zJpdEH
cQptvsn
r,PRxB,r,mkdvDw,zJpdEH,cQptvsn,mQ,cQptvsn,r,mQ,r,r,cQptvsn,mkdvDw
PRxB,r,mkdvDw,zJpdEH,cQptvsn,r,mQ,cQptvsn,r,mQ,r,r,cQptvsn,mkdvDw
cQptvsn
PRxB,r,mkdvDw,zJpdEH,cQptvsn,r,mQ,cQptvsn,r,mQ,r,r,cQptvsn,mkdvDw,mQ,mQ
PRxB,r,mkdvDw,zJpdEH,cQptvsn,r,mQ,cQptvsn,r,mQ,r,r,cQptvsn,mkdvDw,mQ,mQ
cQptvsn
cQptvsn
cQptvsn
r,mkdvDw,cQptvsn,r,mQ,cQptvsn,r,mQ,r,r,cQptvsn,mkdvDw,mQ,mQ,zJpdEH
r,mkdvDw,zJpdEH,cQptvsn,r,mQ,cQptvsn,r,mQ,r,r,cQptvsn,mkdvDw,mQ,mQ
r,mkdvDw,zJpdEH,cQptvsn,r,mQ,cQptvsn,r,mQ,r,r,cQptvsn,mkdvDw,mQ,mQ
r,mkdvDw,zJpdEH,cQptvsn,r,mQ,cQptvsn,r,mQ,r,r,cQptvsn,mkdvDw,mQ,mQ,CRyOJ
r,PRxB,r,mkdvDw,zJpdEH,cQptvsn,mQ,cQptvsn,r,mQ,r,r,cQptvsn,PRxB,cQptvsn
r
r
r
r
r
cQptvsn
cQptvsn,r,zJpdEH,mkdvDw,cQptvsn,r,mQ,r,r,cQptvsn,cQptvsn,cQptvsn,XMx
cQptvsn,r,zJpdEH,mkdvDw,cQptvsn,r,mQ,r,r,cQptvsn,cQptvsn,cQptvsn,XMx
cQptvsn,zJpdEH,mkdvDw,cQptvsn,r,mQ,r,r,cQptvsn,cQptvsn,cQptvsn,XMx,mkdvDw
mQ
mQ
mQ
mQ
mQ
zJpdEH,cQptvsn,r,mQ,cQptvsn,mkdvDw,r,r,cQptvsn,cQptvsn,cQptvsn,XMx,XMx
zJpdEH,cQptvsn,r,mQ,cQptvsn,mkdvDw,r,r,cQptvsn,cQptvsn,cQptvsn,XMx,XMx
zJpdEH,cQptvsn,mQ,cQptvsn,mkdvDw,r,r,r,cQptvsn,cQptvsn,cQptvsn,XMx,XMx,CRyOJ,zJpdEH
cQptvsn,mQ,cQptvsn,mkdvDw,r,r,r,cQptvsn,cQptvsn,cQptvsn,XMx,XMx,zJpdEH
cQptvsn,zJpdEH,mkdvDw,cQptvsn,r,mQ,r,r,cQptvsn,cQptvsn,cQptvsn,XMx
cQptvsn,mkdvDw,cQptvsn,mQ,r,r,cQptvsn,cQptvsn,cQptvsn,XMx
cQptvsn,mkdvDw,cQptvsn,mQ,r,r,cQptvsn,cQptvsn,cQptvsn,XMx
r
cQptvsn,mkdvDw,cQptvsn,mQ,r,r,cQptvsn,cQptvsn,cQptvsn,XMx
r
r
r
r
cQptvsn,mkdvDw,cQptvsn,mQ,r,r,cQptvsn,cQptvsn,cQptvsn,XMx,mkdvDw
r
r
Jedi Wagner, assuma o comando!