Toque! Toque, Dijê!
Toque! Toque, Dijê!
Toque! Toque, Dijê!
Toque! Toque, Dijê!
Toque! Toque, Dijê!
Toque! Toque, Dijê!
Toque! Toque, Dijê!
[vazia]
[vazia]
[vazia]
[vazia]
Toque! Toque, Dijê!
[vazia]
Toque! Toque, Dijê!
[vazia]
[vazia]
Toque! Toque, Dijê!
jJhWIFVRjz
jJhWIFVRjz,j
jJhWIFVRjz,j
jJhWIFVRjz,j
jJhWIFVRjz,j,SnKIuBU,UIbJIQW
jJhWIFVRjz
jJhWIFVRjz
jJhWIFVRjz,j,SnKIuBU
j
SnKIuBU,jJhWIFVRjz,C,UIbJIQW
jJhWIFVRjz,j,SnKIuBU
jJhWIFVRjz
jJhWIFVRjz
jJhWIFVRjz
jJhWIFVRjz,j,SnKIuBU
jJhWIFVRjz,j,SnKIuBU
jJhWIFVRjz
jJhWIFVRjz,j,SnKIuBU
jJhWIFVRjz
jJhWIFVRjz
jJhWIFVRjz,j,SnKIuBU
SnKIuBU
SnKIuBU
SnKIuBU
SnKIuBU
SnKIuBU
SnKIuBU
SnKIuBU
SnKIuBU
SnKIuBU
SnKIuBU
SnKIuBU
SnKIuBU
SnKIuBU
SnKIuBU
SnKIuBU
SnKIuBU,C
SnKIuBU
SnKIuBU
SnKIuBU
SnKIuBU
SnKIuBU
SnKIuBU
SnKIuBU
SnKIuBU
SnKIuBU
SnKIuBU
SnKIuBU
SnKIuBU
jJhWIFVRjz,UIbJIQW,SnKIuBU
jJhWIFVRjz,UIbJIQW,SnKIuBU
jJhWIFVRjz
jJhWIFVRjz
jJhWIFVRjz
jJhWIFVRjz,UIbJIQW,SnKIuBU
jJhWIFVRjz
UIbJIQW
jJhWIFVRjz,UIbJIQW,SnKIuBU,jJhWIFVRjz
SnKIuBU
jJhWIFVRjz,UIbJIQW,SnKIuBU,jJhWIFVRjz
UIbJIQW,SnKIuBU,jJhWIFVRjz,RqBfBr,C,M
jJhWIFVRjz
UIbJIQW,SnKIuBU,jJhWIFVRjz,RqBfBr
UIbJIQW,SnKIuBU,jJhWIFVRjz,RqBfBr,jJhWIFVRjz
jJhWIFVRjz
jJhWIFVRjz
jJhWIFVRjz
jJhWIFVRjz
jJhWIFVRjz
UIbJIQW,SnKIuBU,jJhWIFVRjz,RqBfBr,jJhWIFVRjz
UIbJIQW,SnKIuBU,jJhWIFVRjz,RqBfBr
UIbJIQW,SnKIuBU,RqBfBr,C
UIbJIQW,SnKIuBU,RqBfBr,C
UIbJIQW,RqBfBr,SnKIuBU,C,jJhWIFVRjz,UIbJIQW
UIbJIQW,jJhWIFVRjz,RqBfBr,SnKIuBU,UIbJIQW
jJhWIFVRjz
jJhWIFVRjz
jJhWIFVRjz
UIbJIQW
UIbJIQW
jJhWIFVRjz,UIbJIQW,RqBfBr,SnKIuBU,UIbJIQW,RqBfBr,EgOmPjoR,M
UIbJIQW
UIbJIQW
UIbJIQW,RqBfBr,SnKIuBU,UIbJIQW,RqBfBr,EgOmPjoR,M,C,SnKIuBU,j
UIbJIQW
jJhWIFVRjz
jJhWIFVRjz
UIbJIQW,jJhWIFVRjz,RqBfBr,SnKIuBU,UIbJIQW,RqBfBr,j
UIbJIQW,jJhWIFVRjz,RqBfBr,SnKIuBU,UIbJIQW,RqBfBr
RqBfBr
RqBfBr
RqBfBr
UIbJIQW,jJhWIFVRjz,RqBfBr,UIbJIQW,RqBfBr
UIbJIQW,jJhWIFVRjz,RqBfBr,UIbJIQW,RqBfBr,SnKIuBU,M
UIbJIQW
UIbJIQW
UIbJIQW,jJhWIFVRjz,RqBfBr,UIbJIQW,RqBfBr,SnKIuBU,M,j
M,UIbJIQW,jJhWIFVRjz,RqBfBr,UIbJIQW,RqBfBr,SnKIuBU,j
M
jJhWIFVRjz,M,UIbJIQW,UIbJIQW,RqBfBr,SnKIuBU,j,cQEzSz
jJhWIFVRjz
UIbJIQW,jJhWIFVRjz,UIbJIQW,RqBfBr
UIbJIQW
UIbJIQW
UIbJIQW,jJhWIFVRjz,UIbJIQW,RqBfBr
UIbJIQW
UIbJIQW
UIbJIQW
jJhWIFVRjz
jJhWIFVRjz
RqBfBr
EgOmPjoR
EgOmPjoR
EgOmPjoR,RqBfBr,UIbJIQW,RqBfBr,j
EgOmPjoR,RqBfBr,UIbJIQW,RqBfBr,j
EgOmPjoR
EgOmPjoR
UIbJIQW,jJhWIFVRjz,RqBfBr,UIbJIQW,RqBfBr,j,EgOmPjoR
RqBfBr
UIbJIQW,jJhWIFVRjz,RqBfBr,UIbJIQW,RqBfBr,j,EgOmPjoR
UIbJIQW,jJhWIFVRjz,RqBfBr,UIbJIQW,RqBfBr,j,EgOmPjoR,RqBfBr
UIbJIQW,jJhWIFVRjz,RqBfBr,UIbJIQW,RqBfBr,j,EgOmPjoR,RqBfBr
jJhWIFVRjz
UIbJIQW,jJhWIFVRjz,RqBfBr,UIbJIQW,RqBfBr,j,EgOmPjoR,j
UIbJIQW,jJhWIFVRjz,RqBfBr,UIbJIQW,RqBfBr,j,EgOmPjoR,j
UIbJIQW,jJhWIFVRjz,RqBfBr,UIbJIQW,RqBfBr,j,EgOmPjoR,j,UIbJIQW
UIbJIQW,jJhWIFVRjz,RqBfBr,UIbJIQW,RqBfBr,j,j,UIbJIQW
jJhWIFVRjz
jJhWIFVRjz
UIbJIQW
jJhWIFVRjz,RqBfBr,UIbJIQW,RqBfBr,j,j,UIbJIQW,EgOmPjoR,EgOmPjoR
UIbJIQW
UIbJIQW
RqBfBr
UIbJIQW,RqBfBr,RqBfBr,j,j,UIbJIQW,EgOmPjoR,EgOmPjoR
UIbJIQW,EgOmPjoR,RqBfBr,RqBfBr,j,j,UIbJIQW,EgOmPjoR
EgOmPjoR
EgOmPjoR,j,RqBfBr,RqBfBr,j,UIbJIQW,EgOmPjoR,EgOmPjoR
RqBfBr
RqBfBr
EgOmPjoR,j,RqBfBr,RqBfBr,j,EgOmPjoR,EgOmPjoR,jJhWIFVRjz
RqBfBr
EgOmPjoR,j,RqBfBr,RqBfBr,j,EgOmPjoR,EgOmPjoR,jJhWIFVRjz,jJhWIFVRjz
EgOmPjoR,j,RqBfBr,RqBfBr,j,UIbJIQW,EgOmPjoR,EgOmPjoR
RqBfBr
RqBfBr
RqBfBr
RqBfBr
RqBfBr
RqBfBr
EgOmPjoR,j,RqBfBr,RqBfBr,j,EgOmPjoR,EgOmPjoR
EgOmPjoR,j,RqBfBr,RqBfBr,j,EgOmPjoR,EgOmPjoR
RqBfBr
RqBfBr
EgOmPjoR,j,RqBfBr,RqBfBr,j,EgOmPjoR,EgOmPjoR
j
EgOmPjoR,j,RqBfBr,RqBfBr,j,EgOmPjoR,EgOmPjoR
j
j
j
EgOmPjoR,j,RqBfBr,RqBfBr,j,EgOmPjoR,EgOmPjoR
EgOmPjoR
EgOmPjoR
EgOmPjoR,j,RqBfBr,RqBfBr,j,EgOmPjoR,EgOmPjoR,EgOmPjoR,C
RqBfBr
EgOmPjoR,j,RqBfBr,RqBfBr,j,EgOmPjoR,EgOmPjoR,EgOmPjoR,C
EgOmPjoR
EgOmPjoR,j,RqBfBr,RqBfBr,j,EgOmPjoR,EgOmPjoR,EgOmPjoR,C,EgOmPjoR,C
EgOmPjoR,j,RqBfBr,RqBfBr,j,EgOmPjoR,EgOmPjoR,EgOmPjoR,C,EgOmPjoR,C
EgOmPjoR,j,RqBfBr,RqBfBr,j,EgOmPjoR,EgOmPjoR,EgOmPjoR,EgOmPjoR,C
EgOmPjoR
EgOmPjoR,j,RqBfBr,RqBfBr,j,EgOmPjoR,EgOmPjoR,EgOmPjoR,EgOmPjoR,C,SnKIuBU
EgOmPjoR,j,RqBfBr,RqBfBr,j,EgOmPjoR,EgOmPjoR,EgOmPjoR,EgOmPjoR,C,SnKIuBU,C
Jedi Wagner, assuma o comando!