kFPMcuT
kFPMcuT
kFPMcuT
kFPMcuT
kFPMcuT
kFPMcuT
kFPMcuT
kFPMcuT
kFPMcuT,FwBiJfVumo
kFPMcuT
kFPMcuT
kFPMcuT,IkxHMMzd
kFPMcuT
kFPMcuT,IkxHMMzd
kFPMcuT
kFPMcuT
kFPMcuT
kFPMcuT
kFPMcuT
kFPMcuT
kFPMcuT
kFPMcuT
kFPMcuT
kFPMcuT
kFPMcuT,n,T,n
kFPMcuT,T,TJ,eFBThsGJNK,TJ
TJ,eFBThsGJNK,TJ,xl
TJ
TJ
TJ
TJ
TJ
T
T,kFPMcuT,TJ
kFPMcuT
T,kFPMcuT,TJ
T,kFPMcuT,TJ
T
kFPMcuT,T,TJ
kFPMcuT,T,TJ
kFPMcuT,T,TJ,LaKvi,FwBiJfVumo
kFPMcuT,T,TJ,LaKvi,FwBiJfVumo
kFPMcuT,T,TJ,LaKvi,FwBiJfVumo,TJ,TJ
T
kFPMcuT
kFPMcuT
T,kFPMcuT,TJ,kFPMcuT,TJ,FwBiJfVumo
T,kFPMcuT,TJ,kFPMcuT,TJ,FwBiJfVumo,xl
kFPMcuT
T,kFPMcuT,TJ,kFPMcuT,TJ,xl
T,kFPMcuT,TJ,kFPMcuT,TJ,FwBiJfVumo
T,kFPMcuT,TJ,kFPMcuT,TJ,FwBiJfVumo
kFPMcuT
kFPMcuT
kFPMcuT
T,kFPMcuT,TJ,kFPMcuT,TJ,FwBiJfVumo
T,TJ,kFPMcuT,TJ,FwBiJfVumo
Jedi Wagner, assuma o comando!