[vazia]
Toque! Toque, Dijê!
[vazia]
Toque! Toque, Dijê!
VjKGqkJS
VjKGqkJS
VjKGqkJS
VjKGqkJS
VjKGqkJS
VjKGqkJS,HTju,VjKGqkJS
VjKGqkJS
VjKGqkJS
HTju,VjKGqkJS,VjKGqkJS
VjKGqkJS
VjKGqkJS
VjKGqkJS
VjKGqkJS
VjKGqkJS,CVWk,VeDWWIBcwA,CVWk
VjKGqkJS,CVWk,VeDWWIBcwA,CVWk
VjKGqkJS,CVWk,CVWk
VjKGqkJS,CVWk,VeDWWIBcwA,CVWk
VjKGqkJS,CVWk,VeDWWIBcwA,CVWk
VjKGqkJS,CVWk,VeDWWIBcwA,CVWk
VjKGqkJS
VjKGqkJS,CVWk,VeDWWIBcwA,CVWk
VjKGqkJS,CVWk,VeDWWIBcwA,CVWk
VjKGqkJS,VeDWWIBcwA,CVWk
VeDWWIBcwA
VjKGqkJS
CVWk,VjKGqkJS,CVWk
CVWk
CVWk,VjKGqkJS,CVWk
CVWk,VjKGqkJS,CVWk,VeDWWIBcwA
CVWk,VjKGqkJS,CVWk
CVWk,VjKGqkJS,CVWk
HTju,VjKGqkJS,CVWk,VjKGqkJS,HTju,HTju
VjKGqkJS
HTju,CVWk,VjKGqkJS,HTju,HTju,HTju
CVWk
CVWk,VjKGqkJS,CVWk
CVWk,VjKGqkJS,CVWk
CVWk
CVWk
CVWk,VjKGqkJS,CVWk,CVWk
CVWk
CVWk
CVWk
CVWk,VjKGqkJS,VjKGqkJS,VjKGqkJS,VeDWWIBcwA
CVWk,VjKGqkJS,VjKGqkJS,VjKGqkJS,HTju
CVWk
CVWk
CVWk,VjKGqkJS,VjKGqkJS,HTju,HTju,VjKGqkJS
CVWk
CVWk,VjKGqkJS,VjKGqkJS,HTju,HTju,VjKGqkJS,HTju
CVWk,VjKGqkJS,VjKGqkJS,HTju,HTju,VjKGqkJS,HTju
CVWk
CVWk,VjKGqkJS,CVWk
CVWk
CVWk
VeDWWIBcwA
CVWk,CVWk,VeDWWIBcwA
CVWk
CVWk
CVWk
VeDWWIBcwA
CVWk,VjKGqkJS,VeDWWIBcwA,CVWk,HTju,HTju,CVWk,VeDWWIBcwA
CVWk,VjKGqkJS,VeDWWIBcwA,CVWk,HTju,HTju,CVWk,VeDWWIBcwA,HTju
VeDWWIBcwA
CVWk,VeDWWIBcwA,HTju,VjKGqkJS,CVWk,HTju,CVWk,VeDWWIBcwA,HTju
HTju
CVWk,VeDWWIBcwA,HTju,VjKGqkJS,CVWk,HTju,CVWk,VeDWWIBcwA,HTju
CVWk,VeDWWIBcwA,CVWk
CVWk,VeDWWIBcwA,CVWk
CVWk
CVWk,VeDWWIBcwA,CVWk,VeDWWIBcwA
CVWk
CVWk
VeDWWIBcwA,CVWk,CVWk
CVWk
CVWk
CVWk
CVWk
CVWk,VeDWWIBcwA,CVWk,HTju
CVWk,VeDWWIBcwA,CVWk,HTju,HTju,CVWk
CVWk,HTju,VeDWWIBcwA,CVWk,HTju,CVWk
HTju
HTju
VeDWWIBcwA
CVWk,VjKGqkJS,VeDWWIBcwA,HTju,CVWk,HTju,CVWk
HTju
HTju
CVWk,VjKGqkJS,VeDWWIBcwA,HTju,CVWk,HTju,CVWk
CVWk
CVWk
CVWk
VjKGqkJS,CVWk,CVWk,HTju,CVWk,HTju,CVWk,HTju,VjKGqkJS
VjKGqkJS,CVWk,CVWk,HTju,CVWk,HTju,CVWk,HTju,VjKGqkJS
CVWk
HTju
CVWk,VjKGqkJS,VeDWWIBcwA,CVWk,HTju,HTju,CVWk
HTju
VeDWWIBcwA,CVWk,HTju,HTju,CVWk,VeDWWIBcwA
CVWk
VeDWWIBcwA,CVWk,HTju,HTju,CVWk,VeDWWIBcwA,CVWk
VeDWWIBcwA,CVWk,HTju,HTju,CVWk,VeDWWIBcwA,CVWk
VeDWWIBcwA
VeDWWIBcwA,CVWk,HTju,HTju,CVWk,VeDWWIBcwA
VeDWWIBcwA,CVWk,HTju,HTju,CVWk,VeDWWIBcwA
VeDWWIBcwA
VeDWWIBcwA,CVWk,HTju,HTju,CVWk,VeDWWIBcwA
VeDWWIBcwA
VeDWWIBcwA,CVWk,HTju,HTju,CVWk,VeDWWIBcwA
VeDWWIBcwA,CVWk,HTju,HTju,CVWk,VeDWWIBcwA
VeDWWIBcwA
VeDWWIBcwA
VeDWWIBcwA,CVWk,HTju,HTju,CVWk,VeDWWIBcwA
VeDWWIBcwA
VeDWWIBcwA
VeDWWIBcwA
VeDWWIBcwA
VeDWWIBcwA,CVWk,HTju,HTju,CVWk,VeDWWIBcwA
CVWk
CVWk
VeDWWIBcwA,CVWk,HTju,HTju,CVWk,VeDWWIBcwA,VeDWWIBcwA,CVWk,HTju
CVWk
VeDWWIBcwA,CVWk,HTju,HTju,CVWk,VeDWWIBcwA,VeDWWIBcwA,CVWk,HTju
VeDWWIBcwA,CVWk,HTju,HTju,CVWk,VeDWWIBcwA,VeDWWIBcwA,CVWk
VeDWWIBcwA,CVWk,HTju,HTju,CVWk,VeDWWIBcwA,VeDWWIBcwA,CVWk
HTju,VeDWWIBcwA,HTju,VeDWWIBcwA,VeDWWIBcwA,CVWk
VeDWWIBcwA,HTju,HTju,VeDWWIBcwA,VeDWWIBcwA,CVWk
HTju
HTju
VeDWWIBcwA
VeDWWIBcwA,VeDWWIBcwA,VeDWWIBcwA,CVWk,VeDWWIBcwA,CVWk
VeDWWIBcwA
CVWk,HTju,VeDWWIBcwA,HTju,CVWk,VeDWWIBcwA,VeDWWIBcwA,CVWk
CVWk,HTju,VeDWWIBcwA,HTju,CVWk,VeDWWIBcwA,VeDWWIBcwA,CVWk,VeDWWIBcwA,HTju
CVWk,HTju,VeDWWIBcwA,HTju,CVWk,VeDWWIBcwA,VeDWWIBcwA,CVWk,VeDWWIBcwA,HTju
HTju
CVWk,HTju,CVWk,VeDWWIBcwA,CVWk,VeDWWIBcwA,HTju
HTju,CVWk,HTju,CVWk,VeDWWIBcwA,CVWk,VeDWWIBcwA,HTju
CVWk
HTju,HTju,CVWk,VeDWWIBcwA,CVWk,VeDWWIBcwA,HTju
Jedi Wagner, assuma o comando!