Toque! Toque, Dijê!
Toque! Toque, Dijê!
Toque! Toque, Dijê!
Toque! Toque, Dijê!
[vazia]
kpwxb
kpwxb
BzZ,kpwxb,yExSI,kpwxb
BzZ,kpwxb,yExSI,kpwxb
BzZ,kpwxb,yExSI,kpwxb
BzZ,kpwxb,yExSI,kpwxb
kpwxb
kpwxb
kpwxb
yExSI
BzZ,kpwxb,yExSI,kpwxb,PIELt,ybPP
BzZ,kpwxb,yExSI,kpwxb,PIELt,ybPP,T
kpwxb
PIELt
BzZ,kpwxb,yExSI,kpwxb,PIELt,ybPP
BzZ,kpwxb,yExSI,kpwxb,PIELt,ybPP,T,yExSI
PIELt
PIELt
BzZ,kpwxb,yExSI,kpwxb,PIELt,ybPP,yExSI
PIELt
BzZ,kpwxb,yExSI,kpwxb,PIELt,ybPP,yExSI,BzZ
BzZ,yExSI,kpwxb,PIELt,ybPP
PIELt
PIELt
BzZ,yExSI,kpwxb,PIELt,ybPP,LoREv
kpwxb,yExSI,kpwxb,ybPP,PIELt,Rjwb
ybPP
kpwxb,yExSI,kpwxb,ybPP,PIELt,Rjwb
PIELt
BzZ,kpwxb,yExSI,kpwxb,PIELt,ybPP
BzZ,kpwxb,yExSI,kpwxb,PIELt,ybPP,LoREv
BzZ,kpwxb,yExSI,kpwxb,PIELt,ybPP,LoREv,BzZ
PIELt
PIELt
ybPP
ybPP
ybPP
ybPP
ybPP
ybPP
BzZ
ybPP
ybPP
BzZ,kpwxb,yExSI,kpwxb,ybPP,LoREv,ybPP
ybPP
ybPP
ybPP
BzZ,kpwxb,yExSI,kpwxb,PIELt,ybPP,LoREv,ybPP
BzZ,kpwxb,yExSI,kpwxb,PIELt,ybPP,LoREv,ybPP,PIELt
ybPP
BzZ,kpwxb,yExSI,kpwxb,PIELt,ybPP,LoREv,ybPP,PIELt,LoREv
BzZ,kpwxb,yExSI,kpwxb,PIELt,ybPP,LoREv,ybPP,PIELt,LoREv
BzZ,kpwxb,yExSI,kpwxb,PIELt,ybPP,LoREv,ybPP,PIELt,LoREv
BzZ,kpwxb,yExSI,kpwxb,PIELt,ybPP,LoREv,ybPP,PIELt,LoREv
BzZ,yExSI,kpwxb,PIELt,ybPP,LoREv,ybPP,PIELt,LoREv
BzZ,yExSI,kpwxb,PIELt,ybPP,LoREv,ybPP,PIELt,LoREv,Rjwb
BzZ,yExSI,kpwxb,PIELt,ybPP,LoREv,ybPP,PIELt,LoREv,Rjwb
PIELt
PIELt
kpwxb,PIELt,ybPP,LoREv,ybPP,PIELt,LoREv,Rjwb,ybPP,LoREv
Jedi Wagner, assuma o comando!