[vazia]
gsPni
gsPni
gsPni
gsPni,gsPni
gsPni,gsPni,hDeFxHG
gsPni
gsPni
gsPni
gsPni
gsPni
gsPni
gsPni,DYeBR,hDeFxHG,GhHGePp
gsPni
gsPni
gsPni
gsPni,DYeBR,hDeFxHG
DYeBR
gsPni,DYeBR
gsPni
DYeBR
DYeBR
gsPni
gsPni,DYeBR,yir,J
gsPni
gsPni
gsPni,DYeBR,yir,J
gsPni
gsPni,DYeBR,yir,J,DYeBR
gsPni,DYeBR,yir,J,DYeBR
gsPni,DYeBR,yir,J,DYeBR,J,DYeBR,DYeBR,J
gsPni,DYeBR,yir,J,DYeBR,J,DYeBR,DYeBR
DYeBR
DYeBR
gsPni,DYeBR,yir,J,DYeBR,J,DYeBR,DYeBR
gsPni,DYeBR,yir,J,DYeBR,J,DYeBR,DYeBR
DYeBR
DYeBR
gsPni,DYeBR,yir,J,DYeBR,J,DYeBR,DYeBR,J,GhHGePp,DYeBR
DYeBR
DYeBR
DYeBR
DYeBR
gsPni,DYeBR,J,DYeBR,J,DYeBR,DYeBR,gsPni
gsPni,DYeBR,J,DYeBR,J,DYeBR,DYeBR,gsPni
gsPni,DYeBR,J,DYeBR,J,DYeBR,DYeBR
DYeBR
gsPni,DYeBR,yir,J,DYeBR,J,DYeBR,DYeBR,yir,GhHGePp
DYeBR
DYeBR,yir,J,DYeBR,gsPni,J,DYeBR,DYeBR,yir,GhHGePp,BRmz
DYeBR,yir,J,DYeBR,gsPni,J,DYeBR,DYeBR,yir,GhHGePp,BRmz
DYeBR,yir,J,DYeBR,gsPni,J,DYeBR,DYeBR,yir,GhHGePp,BRmz
DYeBR,yir,J,DYeBR,gsPni,J,DYeBR,DYeBR,yir,GhHGePp,BRmz
gsPni,DYeBR,yir,J,DYeBR,J,DYeBR,DYeBR,yir,GhHGePp,BRmz
gsPni,DYeBR,J,DYeBR,GhHGePp,J,DYeBR,DYeBR,yir
GhHGePp
GhHGePp
GhHGePp
GhHGePp
gsPni,DYeBR,J,DYeBR,GhHGePp,J,DYeBR,DYeBR
GhHGePp
gsPni,DYeBR,J,DYeBR,GhHGePp,J,DYeBR,DYeBR
gsPni,DYeBR,J,DYeBR,GhHGePp,J,DYeBR,DYeBR
GhHGePp
gsPni,DYeBR,J,DYeBR,GhHGePp,J,DYeBR,DYeBR,DYeBR,J,hDeFxHG,gsPni
DYeBR
gsPni,DYeBR,J,DYeBR,GhHGePp,J,DYeBR,DYeBR,DYeBR
DYeBR,J,DYeBR,GhHGePp,J,DYeBR,DYeBR,DYeBR
DYeBR,J,DYeBR,GhHGePp,J,DYeBR,DYeBR,DYeBR
DYeBR,J,DYeBR,GhHGePp,J,DYeBR,DYeBR,DYeBR
DYeBR
DYeBR
gsPni,DYeBR,GhHGePp,J,DYeBR,DYeBR,DYeBR,J,f,gsPni
gsPni,DYeBR,GhHGePp,J,DYeBR,DYeBR,DYeBR,J,f,gsPni,yir
f
f
gsPni,DYeBR,GhHGePp,DYeBR,DYeBR,DYeBR,J,f,gsPni,yir
gsPni
gsPni,DYeBR,GhHGePp,DYeBR,DYeBR,DYeBR,f,J,gsPni,yir,J,hDeFxHG
gsPni,DYeBR,GhHGePp,DYeBR,DYeBR,DYeBR,f,J,gsPni,yir,J,hDeFxHG
gsPni,DYeBR,GhHGePp,DYeBR,DYeBR,DYeBR,f,J,gsPni,yir,J,hDeFxHG
hDeFxHG
DYeBR,GhHGePp,DYeBR,DYeBR,DYeBR,J,gsPni,yir,gsPni,hDeFxHG,J
DYeBR,GhHGePp,DYeBR,DYeBR,DYeBR,gsPni,yir,gsPni,hDeFxHG,J
DYeBR,GhHGePp,DYeBR,DYeBR,DYeBR,gsPni,gsPni,yir,hDeFxHG,J,yir
yir
yir
DYeBR,GhHGePp,DYeBR,DYeBR,DYeBR,gsPni,gsPni,hDeFxHG,yir,J,yir,BRmz,J
DYeBR,GhHGePp,DYeBR,DYeBR,DYeBR,gsPni,gsPni,hDeFxHG,yir,J,yir,BRmz,J
DYeBR,GhHGePp,DYeBR,DYeBR,DYeBR,gsPni,gsPni,hDeFxHG,yir,J,yir,BRmz,J
DYeBR,GhHGePp,DYeBR,DYeBR,DYeBR,gsPni,gsPni,hDeFxHG,BRmz,yir,J,yir,J,BRmz
BRmz
DYeBR
J
DYeBR,DYeBR,gsPni,yir,gsPni,hDeFxHG,DYeBR,J,GhHGePp,J,hDeFxHG
GhHGePp
DYeBR,DYeBR,gsPni,gsPni,hDeFxHG,DYeBR,J,J,hDeFxHG,GhHGePp,BRmz
DYeBR,DYeBR,gsPni,gsPni,hDeFxHG,DYeBR,J,J,hDeFxHG,GhHGePp
GhHGePp
GhHGePp
hDeFxHG
hDeFxHG
DYeBR
DYeBR,DYeBR,gsPni,yir,gsPni,DYeBR,J,GhHGePp,J,hDeFxHG
DYeBR,DYeBR,gsPni,yir,gsPni,DYeBR,J,GhHGePp,J,hDeFxHG
DYeBR
DYeBR,DYeBR,gsPni,yir,gsPni,DYeBR,J,GhHGePp,J,hDeFxHG,f
DYeBR
DYeBR,yir,gsPni,DYeBR,J,GhHGePp,J,hDeFxHG,f
DYeBR
DYeBR,yir,gsPni,DYeBR,J,GhHGePp,J,hDeFxHG,f
DYeBR,yir,gsPni,DYeBR,J,GhHGePp,J,hDeFxHG,f
DYeBR
f
J,DYeBR,yir,gsPni,DYeBR,GhHGePp,J,hDeFxHG,f,hDeFxHG
J
gsPni
gsPni,hDeFxHG,GhHGePp,J,DYeBR,yir,gsPni,DYeBR,J,f,hDeFxHG,DYeBR,hDeFxHG
hDeFxHG
hDeFxHG
hDeFxHG
gsPni,hDeFxHG,J,DYeBR,gsPni,DYeBR,J,hDeFxHG,DYeBR,hDeFxHG
gsPni,hDeFxHG,J,DYeBR,gsPni,DYeBR,J,hDeFxHG,DYeBR,hDeFxHG
gsPni,hDeFxHG,J,DYeBR,gsPni,DYeBR,J,hDeFxHG,DYeBR,hDeFxHG
gsPni,hDeFxHG,J,DYeBR,gsPni,DYeBR,J,f,hDeFxHG,DYeBR,hDeFxHG
hDeFxHG
gsPni
GhHGePp
DYeBR
DYeBR
DYeBR
DYeBR
DYeBR,J,GhHGePp,yir,gsPni,DYeBR,J,f,hDeFxHG,DYeBR,hDeFxHG,DYeBR,hDeFxHG
GhHGePp
J
gsPni,J,GhHGePp,DYeBR,yir,gsPni,DYeBR,J,hDeFxHG,f,hDeFxHG,DYeBR,hDeFxHG,J,yir
gsPni,GhHGePp,DYeBR,yir,gsPni,DYeBR,hDeFxHG,DYeBR,hDeFxHG,J,yir
GhHGePp
GhHGePp
yir
yir
GhHGePp
GhHGePp
GhHGePp
yir,GhHGePp,gsPni,DYeBR,DYeBR,J,yir,gsPni,GhHGePp,BRmz,J
yir,GhHGePp,gsPni,DYeBR,DYeBR,J,yir,gsPni,GhHGePp,BRmz,J
GhHGePp
DYeBR,yir,GhHGePp,J,gsPni,DYeBR,DYeBR,yir,gsPni,GhHGePp,BRmz,J,GhHGePp
J
Jedi Wagner, assuma o comando!