Toque! Toque, Dijê!
[vazia]
WnNfOXkye,hPuU
WnNfOXkye
hPuU
WnNfOXkye,hPuU,i,i
WnNfOXkye
WnNfOXkye
hPuU,WnNfOXkye,i,i,i
WnNfOXkye
WnNfOXkye
WnNfOXkye,hPuU,i
hPuU
WnNfOXkye
i
i
hPuU,WnNfOXkye,i,i,Yogx
i
i
i
i
i
i
i
i
Yogx,WnNfOXkye,i,i,WnNfOXkye,i
Yogx,WnNfOXkye,i,i,WnNfOXkye,i
WnNfOXkye,Yogx,i,i,WnNfOXkye,i
i
i
i
i,Yogx,i,WnNfOXkye,i
i
i
i,i
i
i
hPuU,i,i,WnNfOXkye
i
hPuU,i,i,WnNfOXkye
hPuU,i,i,WnNfOXkye
hPuU,i,i,WnNfOXkye
i
i
i
i
i
i
hPuU,i,WnNfOXkye,i
i
WnNfOXkye,Yogx,i,i,i
WnNfOXkye
WnNfOXkye
i,WnNfOXkye,i
WnNfOXkye,i,i,WnNfOXkye
WnNfOXkye,i,i,WnNfOXkye
WnNfOXkye,i,i,WnNfOXkye
WnNfOXkye,Yogx,i,i,i
i,WnNfOXkye,i,i,hPuU
i,WnNfOXkye,i,i,hPuU
i
i,WnNfOXkye,i,i,hPuU
i,i,hPuU
i
i,i,hPuU
i,i,hPuU,Yogx
i,i,hPuU,Yogx,Yogx
i
i,i,hPuU,Yogx
i,i,hPuU,Yogx
hPuU
i,hPuU,Yogx,i
i,hPuU,Yogx
hPuU
hPuU
i,hPuU,Yogx,Yogx
Yogx
i,hPuU,Yogx,Yogx
Yogx
i,hPuU,Yogx,Yogx
Yogx
i,hPuU,Yogx,Yogx,Yogx,Yogx
Yogx
hPuU
hPuU
hPuU
hPuU
i,hPuU,Yogx,Yogx,Yogx,Yogx
i,hPuU,Yogx,Yogx,Yogx,Yogx
Yogx
i,hPuU,Yogx,Yogx,Yogx,Yogx,Yogx
Yogx
Yogx
Yogx
Yogx
Yogx,Yogx,Yogx
Jedi Wagner, assuma o comando!