Toque! Toque, Dijê!
[vazia]
Toque! Toque, Dijê!
[vazia]
[vazia]
eX
eX
eX,Gmm,PuwVIgZfz
eX,Gmm,PuwVIgZfz
PuwVIgZfz
PuwVIgZfz
PuwVIgZfz
eX,Gmm,PuwVIgZfz,j,mjqosIh
Gmm,PuwVIgZfz,eX,j,mjqosIh
PuwVIgZfz
PuwVIgZfz
PuwVIgZfz
eX,PuwVIgZfz,Gmm,j,PuwVIgZfz
Gmm
eX,PuwVIgZfz,Gmm,j,PuwVIgZfz
eX,PuwVIgZfz,Gmm,j,PuwVIgZfz
eX,PuwVIgZfz,Gmm,j,PuwVIgZfz
Gmm
eX,PuwVIgZfz,Gmm,j,PuwVIgZfz
Gmm
eX,Gmm,PuwVIgZfz,j,PuwVIgZfz
eX,Gmm,PuwVIgZfz,j,PuwVIgZfz,PuwVIgZfz
j
eX,Gmm,PuwVIgZfz,j,PuwVIgZfz,PuwVIgZfz
eX,Gmm,PuwVIgZfz,j,PuwVIgZfz,PuwVIgZfz
eX,Gmm,PuwVIgZfz,j,PuwVIgZfz,PuwVIgZfz
j
eX,Gmm,PuwVIgZfz,j,PuwVIgZfz
j
eX,Gmm,PuwVIgZfz,j,PuwVIgZfz
PuwVIgZfz,j,eX,PuwVIgZfz,SuuYOZ
PuwVIgZfz,j,eX,PuwVIgZfz
eX
PuwVIgZfz,eX,PuwVIgZfz,PuwVIgZfz,A
eX
eX
PuwVIgZfz,eX,PuwVIgZfz,PuwVIgZfz,A
PuwVIgZfz
PuwVIgZfz
eX,PuwVIgZfz,PuwVIgZfz,PuwVIgZfz,A,SuuYOZ,j
PuwVIgZfz
PuwVIgZfz,PuwVIgZfz,PuwVIgZfz,A,SuuYOZ,j
PuwVIgZfz,PuwVIgZfz,PuwVIgZfz,A,SuuYOZ,j,Gmm
SuuYOZ
PuwVIgZfz,PuwVIgZfz,PuwVIgZfz,A,SuuYOZ,j,Gmm
SuuYOZ
PuwVIgZfz,PuwVIgZfz,PuwVIgZfz,A,SuuYOZ,j,Gmm
PuwVIgZfz,PuwVIgZfz,PuwVIgZfz,A,SuuYOZ,j,Gmm,SuuYOZ,eX,PuwVIgZfz
PuwVIgZfz,PuwVIgZfz,PuwVIgZfz,A,SuuYOZ,Gmm,SuuYOZ,eX,PuwVIgZfz,tpAiqwPG
PuwVIgZfz,PuwVIgZfz,PuwVIgZfz,A,SuuYOZ,Gmm,SuuYOZ,eX,PuwVIgZfz,tpAiqwPG
SuuYOZ
PuwVIgZfz,PuwVIgZfz,PuwVIgZfz,A,SuuYOZ,PuwVIgZfz,tpAiqwPG,mjqosIh
SuuYOZ
PuwVIgZfz,PuwVIgZfz,PuwVIgZfz,A,SuuYOZ,PuwVIgZfz,tpAiqwPG,mjqosIh
tpAiqwPG
PuwVIgZfz,PuwVIgZfz,PuwVIgZfz,A,SuuYOZ,PuwVIgZfz,tpAiqwPG,mjqosIh,A
PuwVIgZfz,PuwVIgZfz,PuwVIgZfz,A,SuuYOZ,PuwVIgZfz,tpAiqwPG,mjqosIh,A,j
PuwVIgZfz,PuwVIgZfz,PuwVIgZfz,A,PuwVIgZfz,tpAiqwPG,SuuYOZ,mjqosIh,A,j,eX
PuwVIgZfz,PuwVIgZfz,PuwVIgZfz,A,PuwVIgZfz,tpAiqwPG,SuuYOZ,mjqosIh,A,j,eX,PuwVIgZfz
PuwVIgZfz,PuwVIgZfz,PuwVIgZfz,A,PuwVIgZfz,tpAiqwPG,SuuYOZ,A,mjqosIh,j,eX,PuwVIgZfz
A
PuwVIgZfz,PuwVIgZfz,PuwVIgZfz,A,PuwVIgZfz,SuuYOZ,mjqosIh,A,j,eX,PuwVIgZfz
j
PuwVIgZfz,PuwVIgZfz,PuwVIgZfz,A,PuwVIgZfz,SuuYOZ,mjqosIh,A,j,eX,PuwVIgZfz
j
PuwVIgZfz,PuwVIgZfz,PuwVIgZfz,A,PuwVIgZfz,SuuYOZ,mjqosIh,A,j,eX,PuwVIgZfz,mjqosIh
eX
PuwVIgZfz,PuwVIgZfz,PuwVIgZfz,A,PuwVIgZfz,SuuYOZ,mjqosIh,A,j,eX,PuwVIgZfz,mjqosIh,SuuYOZ
PuwVIgZfz,PuwVIgZfz,PuwVIgZfz,A,PuwVIgZfz,SuuYOZ,mjqosIh,A,j,eX,PuwVIgZfz,mjqosIh,SuuYOZ
PuwVIgZfz
PuwVIgZfz,PuwVIgZfz,PuwVIgZfz,A,PuwVIgZfz,SuuYOZ,mjqosIh,A,j,eX,PuwVIgZfz,mjqosIh,SuuYOZ
PuwVIgZfz
PuwVIgZfz
PuwVIgZfz,PuwVIgZfz,PuwVIgZfz,A,PuwVIgZfz,SuuYOZ,mjqosIh,A,j,eX,PuwVIgZfz,mjqosIh,SuuYOZ
PuwVIgZfz,PuwVIgZfz,PuwVIgZfz,A,PuwVIgZfz,SuuYOZ,mjqosIh,A,j,eX,PuwVIgZfz,mjqosIh,SuuYOZ
PuwVIgZfz,PuwVIgZfz,PuwVIgZfz,A,PuwVIgZfz,SuuYOZ,mjqosIh,A,j,eX,PuwVIgZfz,mjqosIh,SuuYOZ
PuwVIgZfz
PuwVIgZfz,PuwVIgZfz,A,PuwVIgZfz,SuuYOZ,A,j,eX,PuwVIgZfz,mjqosIh,PuwVIgZfz,mjqosIh,SuuYOZ
PuwVIgZfz,PuwVIgZfz,A,PuwVIgZfz,SuuYOZ,A,j,eX,PuwVIgZfz,mjqosIh,PuwVIgZfz,mjqosIh,SuuYOZ
mjqosIh
PuwVIgZfz,PuwVIgZfz,PuwVIgZfz,A,PuwVIgZfz,SuuYOZ,A,j,eX,PuwVIgZfz,mjqosIh,mjqosIh,SuuYOZ
mjqosIh
PuwVIgZfz,PuwVIgZfz,PuwVIgZfz,A,PuwVIgZfz,SuuYOZ,A,j,eX,PuwVIgZfz,mjqosIh,mjqosIh,SuuYOZ
mjqosIh
mjqosIh
PuwVIgZfz,PuwVIgZfz,PuwVIgZfz,SuuYOZ,A,eX,PuwVIgZfz,mjqosIh,j,A,mjqosIh,PuwVIgZfz,SuuYOZ,A,tpAiqwPG,SuuYOZ
PuwVIgZfz,PuwVIgZfz,PuwVIgZfz,SuuYOZ,A,PuwVIgZfz,mjqosIh,j,A,mjqosIh,PuwVIgZfz,SuuYOZ,A,tpAiqwPG,SuuYOZ,tpAiqwPG
PuwVIgZfz
PuwVIgZfz,PuwVIgZfz,PuwVIgZfz,SuuYOZ,A,PuwVIgZfz,mjqosIh,j,A,mjqosIh,PuwVIgZfz,SuuYOZ,A,tpAiqwPG,SuuYOZ,tpAiqwPG
PuwVIgZfz
PuwVIgZfz
PuwVIgZfz,PuwVIgZfz,PuwVIgZfz,SuuYOZ,A,PuwVIgZfz,A,mjqosIh,PuwVIgZfz,j,SuuYOZ,A,tpAiqwPG,SuuYOZ,tpAiqwPG
PuwVIgZfz,PuwVIgZfz,PuwVIgZfz,SuuYOZ,A,eX,PuwVIgZfz,mjqosIh,j,A,mjqosIh,PuwVIgZfz,SuuYOZ,A,tpAiqwPG,SuuYOZ
PuwVIgZfz
PuwVIgZfz
PuwVIgZfz
PuwVIgZfz
PuwVIgZfz,PuwVIgZfz,PuwVIgZfz,SuuYOZ,A,eX,PuwVIgZfz,mjqosIh,j,A,mjqosIh,PuwVIgZfz,SuuYOZ,A,tpAiqwPG,SuuYOZ,fC
PuwVIgZfz,PuwVIgZfz,PuwVIgZfz,SuuYOZ,A,PuwVIgZfz,mjqosIh,j,A,mjqosIh,PuwVIgZfz,eX,SuuYOZ,A,tpAiqwPG,SuuYOZ,fC
PuwVIgZfz,PuwVIgZfz,PuwVIgZfz,SuuYOZ,A,PuwVIgZfz,mjqosIh,j,A,mjqosIh,PuwVIgZfz,eX,SuuYOZ,A,tpAiqwPG,SuuYOZ,fC,SuuYOZ
A
PuwVIgZfz,PuwVIgZfz,SuuYOZ,PuwVIgZfz,mjqosIh,j,A,mjqosIh,PuwVIgZfz,eX,PuwVIgZfz,A,SuuYOZ,A,SuuYOZ,fC,SuuYOZ
PuwVIgZfz,PuwVIgZfz,SuuYOZ,PuwVIgZfz,mjqosIh,j,A,mjqosIh,PuwVIgZfz,eX,PuwVIgZfz,A,SuuYOZ,A,SuuYOZ,fC,SuuYOZ,SuuYOZ
A
PuwVIgZfz,PuwVIgZfz,SuuYOZ,PuwVIgZfz,mjqosIh,j,A,mjqosIh,PuwVIgZfz,eX,PuwVIgZfz,A,SuuYOZ,A,SuuYOZ,fC,SuuYOZ,SuuYOZ
PuwVIgZfz,PuwVIgZfz,SuuYOZ,PuwVIgZfz,j,A,mjqosIh,PuwVIgZfz,eX,PuwVIgZfz,A,SuuYOZ,A,SuuYOZ,fC,SuuYOZ,SuuYOZ
SuuYOZ
fC
fC
fC
A
PuwVIgZfz,PuwVIgZfz,SuuYOZ,PuwVIgZfz,mjqosIh,PuwVIgZfz,PuwVIgZfz,A,SuuYOZ,A,SuuYOZ,fC,A,SuuYOZ,SuuYOZ,j,tpAiqwPG
fC
PuwVIgZfz,PuwVIgZfz,SuuYOZ,PuwVIgZfz,mjqosIh,PuwVIgZfz,PuwVIgZfz,A,SuuYOZ,A,SuuYOZ,A,fC,SuuYOZ,SuuYOZ,j,tpAiqwPG
PuwVIgZfz,PuwVIgZfz,SuuYOZ,PuwVIgZfz,mjqosIh,PuwVIgZfz,PuwVIgZfz,A,SuuYOZ,A,SuuYOZ,A,fC,SuuYOZ,SuuYOZ,j,tpAiqwPG
PuwVIgZfz,PuwVIgZfz,SuuYOZ,PuwVIgZfz,mjqosIh,PuwVIgZfz,PuwVIgZfz,A,SuuYOZ,A,SuuYOZ,A,fC,SuuYOZ,SuuYOZ,j,tpAiqwPG
fC
PuwVIgZfz,PuwVIgZfz,SuuYOZ,PuwVIgZfz,mjqosIh,PuwVIgZfz,PuwVIgZfz,A,SuuYOZ,A,SuuYOZ,A,fC,SuuYOZ,SuuYOZ,j,tpAiqwPG
PuwVIgZfz,PuwVIgZfz,SuuYOZ,PuwVIgZfz,mjqosIh,PuwVIgZfz,PuwVIgZfz,A,SuuYOZ,A,SuuYOZ,A,fC,SuuYOZ,SuuYOZ,j,tpAiqwPG
PuwVIgZfz,SuuYOZ,PuwVIgZfz,mjqosIh,PuwVIgZfz,PuwVIgZfz,A,SuuYOZ,A,SuuYOZ,A,fC,SuuYOZ,SuuYOZ,j,tpAiqwPG,Gmm
fC
PuwVIgZfz,SuuYOZ,PuwVIgZfz,mjqosIh,PuwVIgZfz,PuwVIgZfz,A,SuuYOZ,A,SuuYOZ,A,fC,SuuYOZ,SuuYOZ,j,tpAiqwPG
fC
PuwVIgZfz,PuwVIgZfz,mjqosIh,PuwVIgZfz,PuwVIgZfz,SuuYOZ,A,SuuYOZ,A,fC,SuuYOZ,SuuYOZ,SuuYOZ,j,eX
SuuYOZ
PuwVIgZfz,PuwVIgZfz,SuuYOZ,PuwVIgZfz,mjqosIh,PuwVIgZfz,PuwVIgZfz,A,SuuYOZ,A,SuuYOZ,A,fC,SuuYOZ,SuuYOZ,j,tpAiqwPG
PuwVIgZfz,PuwVIgZfz,SuuYOZ,PuwVIgZfz,mjqosIh,PuwVIgZfz,PuwVIgZfz,A,SuuYOZ,A,SuuYOZ,A,fC,SuuYOZ,SuuYOZ,j,tpAiqwPG,mjqosIh
PuwVIgZfz,PuwVIgZfz,SuuYOZ,PuwVIgZfz,mjqosIh,PuwVIgZfz,PuwVIgZfz,A,SuuYOZ,A,SuuYOZ,A,fC,SuuYOZ,SuuYOZ,j,tpAiqwPG,mjqosIh
fC
fC
fC
PuwVIgZfz,PuwVIgZfz,SuuYOZ,PuwVIgZfz,mjqosIh,PuwVIgZfz,PuwVIgZfz,A,SuuYOZ,A,SuuYOZ,A,fC,SuuYOZ,SuuYOZ,j,tpAiqwPG,mjqosIh,PuwVIgZfz,fC,mjqosIh,PuwVIgZfz
SuuYOZ
SuuYOZ
SuuYOZ
SuuYOZ
PuwVIgZfz,PuwVIgZfz,SuuYOZ,PuwVIgZfz,mjqosIh,PuwVIgZfz,PuwVIgZfz,A,SuuYOZ,A,SuuYOZ,A,fC,SuuYOZ,SuuYOZ,j,tpAiqwPG,mjqosIh,PuwVIgZfz,fC,mjqosIh,PuwVIgZfz
PuwVIgZfz,PuwVIgZfz,SuuYOZ,PuwVIgZfz,mjqosIh,PuwVIgZfz,PuwVIgZfz,A,SuuYOZ,A,SuuYOZ,A,SuuYOZ,SuuYOZ,j,fC,tpAiqwPG,mjqosIh,PuwVIgZfz,fC,mjqosIh,PuwVIgZfz
mjqosIh
PuwVIgZfz,PuwVIgZfz,SuuYOZ,PuwVIgZfz,mjqosIh,PuwVIgZfz,PuwVIgZfz,SuuYOZ,A,SuuYOZ,A,SuuYOZ,SuuYOZ,j,fC,tpAiqwPG,mjqosIh,PuwVIgZfz,A,fC,mjqosIh,PuwVIgZfz,A,mjqosIh
PuwVIgZfz,PuwVIgZfz,SuuYOZ,PuwVIgZfz,mjqosIh,PuwVIgZfz,PuwVIgZfz,SuuYOZ,SuuYOZ,A,SuuYOZ,SuuYOZ,j,fC,tpAiqwPG,mjqosIh,PuwVIgZfz,A,fC,mjqosIh,A,PuwVIgZfz,A,mjqosIh,fC
tpAiqwPG
tpAiqwPG
PuwVIgZfz,SuuYOZ,PuwVIgZfz,mjqosIh,PuwVIgZfz,PuwVIgZfz,SuuYOZ,A,SuuYOZ,A,SuuYOZ,SuuYOZ,fC,mjqosIh,PuwVIgZfz,A,fC,mjqosIh,tpAiqwPG,j,PuwVIgZfz,A,mjqosIh,PuwVIgZfz
tpAiqwPG
mjqosIh
mjqosIh
PuwVIgZfz,PuwVIgZfz,SuuYOZ,PuwVIgZfz,PuwVIgZfz,PuwVIgZfz,SuuYOZ,A,SuuYOZ,A,SuuYOZ,SuuYOZ,fC,tpAiqwPG,mjqosIh,PuwVIgZfz,A,fC,mjqosIh,mjqosIh,PuwVIgZfz,A,mjqosIh,eX
PuwVIgZfz,PuwVIgZfz,SuuYOZ,PuwVIgZfz,PuwVIgZfz,PuwVIgZfz,SuuYOZ,A,SuuYOZ,A,SuuYOZ,SuuYOZ,fC,tpAiqwPG,mjqosIh,PuwVIgZfz,A,fC,mjqosIh,mjqosIh,PuwVIgZfz,A,mjqosIh,eX
PuwVIgZfz,PuwVIgZfz,SuuYOZ,PuwVIgZfz,PuwVIgZfz,PuwVIgZfz,SuuYOZ,A,SuuYOZ,A,SuuYOZ,SuuYOZ,fC,tpAiqwPG,mjqosIh,PuwVIgZfz,A,fC,mjqosIh,mjqosIh,PuwVIgZfz,A,mjqosIh,eX
PuwVIgZfz,PuwVIgZfz,SuuYOZ,PuwVIgZfz,PuwVIgZfz,PuwVIgZfz,SuuYOZ,A,SuuYOZ,A,SuuYOZ,SuuYOZ,tpAiqwPG,mjqosIh,PuwVIgZfz,A,fC,mjqosIh,mjqosIh,PuwVIgZfz,A,mjqosIh,eX
mjqosIh
mjqosIh
PuwVIgZfz,PuwVIgZfz,SuuYOZ,PuwVIgZfz,mjqosIh,PuwVIgZfz,PuwVIgZfz,SuuYOZ,A,SuuYOZ,A,SuuYOZ,SuuYOZ,j,tpAiqwPG,mjqosIh,PuwVIgZfz,A,fC,mjqosIh,fC,PuwVIgZfz,A,mjqosIh,fC,j
mjqosIh
PuwVIgZfz,PuwVIgZfz,SuuYOZ,PuwVIgZfz,mjqosIh,PuwVIgZfz,PuwVIgZfz,SuuYOZ,A,SuuYOZ,A,SuuYOZ,SuuYOZ,j,tpAiqwPG,mjqosIh,PuwVIgZfz,A,fC,mjqosIh,fC,PuwVIgZfz,A,mjqosIh,fC,j
mjqosIh
PuwVIgZfz,PuwVIgZfz,SuuYOZ,PuwVIgZfz,mjqosIh,PuwVIgZfz,PuwVIgZfz,SuuYOZ,A,SuuYOZ,A,SuuYOZ,SuuYOZ,j,fC,tpAiqwPG,mjqosIh,PuwVIgZfz,A,fC,mjqosIh,PuwVIgZfz,A,mjqosIh,fC
mjqosIh
PuwVIgZfz,PuwVIgZfz,SuuYOZ,PuwVIgZfz,mjqosIh,PuwVIgZfz,PuwVIgZfz,SuuYOZ,A,SuuYOZ,A,SuuYOZ,SuuYOZ,j,fC,tpAiqwPG,mjqosIh,PuwVIgZfz,A,fC,mjqosIh,PuwVIgZfz,A,mjqosIh
mjqosIh
PuwVIgZfz,PuwVIgZfz,SuuYOZ,PuwVIgZfz,mjqosIh,PuwVIgZfz,PuwVIgZfz,SuuYOZ,A,SuuYOZ,A,SuuYOZ,SuuYOZ,j,fC,tpAiqwPG,mjqosIh,PuwVIgZfz,A,fC,mjqosIh,PuwVIgZfz,A,mjqosIh
PuwVIgZfz,PuwVIgZfz,SuuYOZ,PuwVIgZfz,mjqosIh,PuwVIgZfz,PuwVIgZfz,SuuYOZ,A,SuuYOZ,A,SuuYOZ,SuuYOZ,j,fC,tpAiqwPG,mjqosIh,PuwVIgZfz,A,fC,mjqosIh,PuwVIgZfz,A,mjqosIh
PuwVIgZfz,PuwVIgZfz,SuuYOZ,PuwVIgZfz,mjqosIh,PuwVIgZfz,PuwVIgZfz,SuuYOZ,A,SuuYOZ,A,SuuYOZ,SuuYOZ,j,fC,tpAiqwPG,mjqosIh,PuwVIgZfz,A,fC,mjqosIh,PuwVIgZfz,A,mjqosIh
mjqosIh
mjqosIh
PuwVIgZfz,PuwVIgZfz,SuuYOZ,PuwVIgZfz,mjqosIh,PuwVIgZfz,PuwVIgZfz,SuuYOZ,A,SuuYOZ,A,SuuYOZ,SuuYOZ,j,fC,tpAiqwPG,mjqosIh,PuwVIgZfz,A,fC,mjqosIh,PuwVIgZfz,A,mjqosIh,SuuYOZ
PuwVIgZfz,PuwVIgZfz,SuuYOZ,PuwVIgZfz,mjqosIh,PuwVIgZfz,PuwVIgZfz,SuuYOZ,A,SuuYOZ,A,SuuYOZ,SuuYOZ,j,fC,tpAiqwPG,mjqosIh,PuwVIgZfz,A,fC,mjqosIh,PuwVIgZfz,A,mjqosIh,SuuYOZ
mjqosIh
mjqosIh
PuwVIgZfz,PuwVIgZfz,PuwVIgZfz,mjqosIh,PuwVIgZfz,PuwVIgZfz,SuuYOZ,A,SuuYOZ,A,SuuYOZ,SuuYOZ,j,fC,tpAiqwPG,mjqosIh,PuwVIgZfz,A,fC,mjqosIh,PuwVIgZfz,A,mjqosIh,SuuYOZ,SuuYOZ,fC,fC
mjqosIh
PuwVIgZfz,PuwVIgZfz,PuwVIgZfz,mjqosIh,PuwVIgZfz,PuwVIgZfz,SuuYOZ,SuuYOZ,A,SuuYOZ,SuuYOZ,j,tpAiqwPG,mjqosIh,PuwVIgZfz,A,fC,mjqosIh,PuwVIgZfz,A,mjqosIh,SuuYOZ,SuuYOZ,eX
PuwVIgZfz,PuwVIgZfz,mjqosIh,PuwVIgZfz,PuwVIgZfz,SuuYOZ,SuuYOZ,A,SuuYOZ,SuuYOZ,j,tpAiqwPG,mjqosIh,PuwVIgZfz,A,fC,mjqosIh,PuwVIgZfz,A,mjqosIh,PuwVIgZfz,SuuYOZ,SuuYOZ,eX
PuwVIgZfz,PuwVIgZfz,mjqosIh,PuwVIgZfz,PuwVIgZfz,SuuYOZ,SuuYOZ,A,SuuYOZ,SuuYOZ,j,tpAiqwPG,mjqosIh,PuwVIgZfz,A,fC,mjqosIh,PuwVIgZfz,A,mjqosIh,PuwVIgZfz,SuuYOZ,SuuYOZ,eX
PuwVIgZfz
j
j
PuwVIgZfz,PuwVIgZfz,mjqosIh,PuwVIgZfz,PuwVIgZfz,SuuYOZ,SuuYOZ,A,SuuYOZ,SuuYOZ,mjqosIh,PuwVIgZfz,A,mjqosIh,PuwVIgZfz,A,mjqosIh,PuwVIgZfz,j,fC,tpAiqwPG,SuuYOZ,SuuYOZ,eX,j,mjqosIh
PuwVIgZfz,PuwVIgZfz,mjqosIh,PuwVIgZfz,PuwVIgZfz,SuuYOZ,SuuYOZ,A,SuuYOZ,SuuYOZ,mjqosIh,PuwVIgZfz,A,mjqosIh,PuwVIgZfz,A,mjqosIh,PuwVIgZfz,j,fC,tpAiqwPG,SuuYOZ,SuuYOZ,eX,j,mjqosIh
j
PuwVIgZfz,PuwVIgZfz,mjqosIh,PuwVIgZfz,PuwVIgZfz,SuuYOZ,SuuYOZ,A,SuuYOZ,SuuYOZ,mjqosIh,PuwVIgZfz,A,mjqosIh,PuwVIgZfz,A,mjqosIh,PuwVIgZfz,j,fC,tpAiqwPG,SuuYOZ,SuuYOZ,eX,j,mjqosIh
PuwVIgZfz,PuwVIgZfz,mjqosIh,PuwVIgZfz,PuwVIgZfz,SuuYOZ,SuuYOZ,A,SuuYOZ,SuuYOZ,mjqosIh,PuwVIgZfz,A,mjqosIh,PuwVIgZfz,A,mjqosIh,PuwVIgZfz,j,fC,tpAiqwPG,SuuYOZ,SuuYOZ,eX,j,mjqosIh
j
PuwVIgZfz,PuwVIgZfz,mjqosIh,PuwVIgZfz,PuwVIgZfz,SuuYOZ,SuuYOZ,SuuYOZ,SuuYOZ,mjqosIh,PuwVIgZfz,A,mjqosIh,PuwVIgZfz,A,mjqosIh,PuwVIgZfz,j,A,fC,tpAiqwPG,SuuYOZ,SuuYOZ,eX,j,mjqosIh
PuwVIgZfz,PuwVIgZfz,mjqosIh,PuwVIgZfz,PuwVIgZfz,SuuYOZ,SuuYOZ,A,SuuYOZ,SuuYOZ,mjqosIh,PuwVIgZfz,A,mjqosIh,PuwVIgZfz,A,mjqosIh,PuwVIgZfz,j,fC,tpAiqwPG,SuuYOZ,SuuYOZ,eX,j
fC
PuwVIgZfz,PuwVIgZfz,mjqosIh,PuwVIgZfz,PuwVIgZfz,SuuYOZ,SuuYOZ,SuuYOZ,SuuYOZ,mjqosIh,PuwVIgZfz,mjqosIh,PuwVIgZfz,A,mjqosIh,PuwVIgZfz,j,tpAiqwPG,SuuYOZ,SuuYOZ,eX,j,fC
j
A
j
PuwVIgZfz,PuwVIgZfz,mjqosIh,PuwVIgZfz,PuwVIgZfz,SuuYOZ,SuuYOZ,A,SuuYOZ,SuuYOZ,mjqosIh,PuwVIgZfz,A,mjqosIh,PuwVIgZfz,A,mjqosIh,PuwVIgZfz,j,fC,tpAiqwPG,SuuYOZ,SuuYOZ,j
PuwVIgZfz,PuwVIgZfz,PuwVIgZfz,PuwVIgZfz,SuuYOZ,SuuYOZ,A,SuuYOZ,SuuYOZ,mjqosIh,PuwVIgZfz,A,mjqosIh,PuwVIgZfz,A,mjqosIh,PuwVIgZfz,j,mjqosIh,fC,tpAiqwPG,SuuYOZ,SuuYOZ,j
mjqosIh
PuwVIgZfz,PuwVIgZfz,PuwVIgZfz,PuwVIgZfz,SuuYOZ,SuuYOZ,A,SuuYOZ,SuuYOZ,mjqosIh,PuwVIgZfz,A,mjqosIh,PuwVIgZfz,A,mjqosIh,PuwVIgZfz,j,mjqosIh,fC,SuuYOZ,SuuYOZ,j,SuuYOZ
PuwVIgZfz,PuwVIgZfz,PuwVIgZfz,PuwVIgZfz,SuuYOZ,SuuYOZ,A,SuuYOZ,SuuYOZ,mjqosIh,PuwVIgZfz,A,mjqosIh,PuwVIgZfz,A,mjqosIh,PuwVIgZfz,j,mjqosIh,fC,SuuYOZ,SuuYOZ,j,SuuYOZ
PuwVIgZfz,PuwVIgZfz,PuwVIgZfz,PuwVIgZfz,SuuYOZ,SuuYOZ,A,SuuYOZ,SuuYOZ,mjqosIh,PuwVIgZfz,A,mjqosIh,PuwVIgZfz,A,mjqosIh,PuwVIgZfz,j,mjqosIh,fC,SuuYOZ,SuuYOZ,j,SuuYOZ
PuwVIgZfz,PuwVIgZfz,PuwVIgZfz,PuwVIgZfz,SuuYOZ,SuuYOZ,A,SuuYOZ,SuuYOZ,mjqosIh,PuwVIgZfz,A,mjqosIh,PuwVIgZfz,A,mjqosIh,PuwVIgZfz,j,mjqosIh,fC,SuuYOZ,SuuYOZ,j,SuuYOZ
PuwVIgZfz,PuwVIgZfz,PuwVIgZfz,PuwVIgZfz,SuuYOZ,SuuYOZ,A,SuuYOZ,SuuYOZ,mjqosIh,PuwVIgZfz,A,mjqosIh,PuwVIgZfz,A,mjqosIh,PuwVIgZfz,j,mjqosIh,fC,SuuYOZ,SuuYOZ,j,SuuYOZ
SuuYOZ
j
j
Jedi Wagner, assuma o comando!