[vazia]
[vazia]
[vazia]
[vazia]
[vazia]
[vazia]
Toque! Toque, Dijê!
mzKF,mzKF
mzKF,mzKF,mzKF
[vazia]
Toque! Toque, Dijê!
Toque! Toque, Dijê!
[vazia]
[vazia]
[vazia]
Toque! Toque, Dijê!
Toque! Toque, Dijê!
Toque! Toque, Dijê!
mzKF,mzKF
mzKF
mzKF
mzKF,mzKF
mzKF
mzKF
mzKF
mzKF
mzKF,mzKF,mzKF
mzKF
mzKF,mzKF,mzKF,mzKF
mzKF,mzKF,mzKF
mzKF,mzKF,mzKF,mzKF
mzKF,mzKF,mzKF
mzKF
mzKF,mzKF,mzKF
mzKF
mzKF
mzKF,mzKF,mzKF,mzKF
mzKF,mzKF,mzKF
mzKF
mzKF,mzKF,mzKF
mzKF
mzKF,mzKF,mzKF
mzKF,mzKF,mzKF,mzKF
mzKF,mzKF,mzKF
mzKF,mzKF,mzKF,mzKF
mzKF
mzKF,mzKF,mzKF
mzKF
mzKF
mzKF
mzKF,mzKF,mzKF,mzKF,mzKF
mzKF,mzKF,mzKF,mzKF
mzKF
mzKF,mzKF,mzKF,mzKF
mzKF
mzKF
mzKF
mzKF,mzKF,mzKF,mzKF,mzKF,mzKF,mzKF
mzKF
mzKF,mzKF,mzKF,mzKF,mzKF,mzKF,mzKF
mzKF
mzKF
mzKF,mzKF,mzKF,mzKF,mzKF,mzKF,mzKF,mzKF,mzKF
mzKF,mzKF,mzKF,mzKF,mzKF,mzKF,mzKF,mzKF,mzKF,mzKF
mzKF,mzKF,mzKF,mzKF,mzKF,mzKF,mzKF,mzKF,mzKF,mzKF
mzKF
mzKF,mzKF,mzKF,mzKF
mzKF,mzKF,mzKF,mzKF
mzKF
mzKF
mzKF,mzKF,mzKF,mzKF,mzKF
mzKF
mzKF
mzKF
mzKF,mzKF,mzKF,mzKF,mzKF
mzKF
mzKF
mzKF
mzKF,mzKF,mzKF,mzKF
mzKF
mzKF
mzKF
mzKF
mzKF
mzKF,mzKF,mzKF
mzKF,mzKF,mzKF
mzKF
mzKF
mzKF,mzKF,mzKF
mzKF
mzKF,mzKF
[vazia]
Toque! Toque, Dijê!
[vazia]
mzKF
mzKF
mzKF
mzKF
[vazia]
[vazia]
[vazia]
[vazia]
[vazia]
Toque! Toque, Dijê!
Toque! Toque, Dijê!
Toque! Toque, Dijê!
[vazia]
mzKF
mzKF,mzKF,mzKF,mzKF
mzKF,mzKF,mzKF,mzKF,mzKF,mzKF,mzKF
mzKF
mzKF
mzKF,mzKF,mzKF,mzKF,mzKF,mzKF
mzKF
mzKF
mzKF
mzKF,mzKF,mzKF,mzKF,mzKF,mzKF
mzKF,mzKF,mzKF,mzKF,mzKF,mzKF
mzKF
mzKF
mzKF,mzKF,mzKF,mzKF
mzKF,mzKF,mzKF,mzKF
mzKF,mzKF,mzKF,mzKF
mzKF
mzKF,mzKF
mzKF,mzKF,mzKF,mzKF
mzKF
mzKF
mzKF
mzKF
mzKF
mzKF,mzKF,mzKF,mzKF
mzKF,mzKF,mzKF,mzKF,mzKF
mzKF
mzKF
mzKF
mzKF
mzKF
mzKF,mzKF,mzKF
mzKF,mzKF,mzKF
mzKF
mzKF
mzKF,mzKF,mzKF,mzKF
mzKF
mzKF
mzKF
mzKF
mzKF
mzKF
mzKF,mzKF
mzKF,mzKF,mzKF,mzKF
mzKF
mzKF,mzKF,mzKF,mzKF,mzKF
mzKF,mzKF,mzKF,mzKF,mzKF
mzKF,mzKF,mzKF,mzKF,mzKF
mzKF
mzKF
mzKF
mzKF
mzKF
mzKF,mzKF,mzKF,mzKF,mzKF,mzKF
Toque! Toque, Dijê!
[vazia]
mzKF,mzKF
mzKF,mzKF
mzKF,mzKF,mzKF,mzKF
mzKF,mzKF,mzKF,mzKF,mzKF
mzKF
mzKF
Toque! Toque, Dijê!
Toque! Toque, Dijê!
[vazia]
mzKF,mzKF
mzKF,mzKF
mzKF,mzKF
mzKF,mzKF
mzKF
mzKF,mzKF,mzKF,mzKF
mzKF
mzKF,mzKF,mzKF,mzKF,mzKF
mzKF
mzKF,mzKF,mzKF,mzKF,mzKF,mzKF
mzKF,mzKF,mzKF,mzKF,mzKF,mzKF
mzKF,mzKF,mzKF,mzKF,mzKF,mzKF
mzKF,mzKF,mzKF,mzKF,mzKF,mzKF,mzKF
mzKF
mzKF
Jedi Wagner, assuma o comando!