[vazia]
[vazia]
Toque! Toque, Dijê!
Toque! Toque, Dijê!
Toque! Toque, Dijê!
Toque! Toque, Dijê!
VMp
VMp
VMp
VMp
VMp
VMp,VgHDdjB
VMp,VgHDdjB,kjoBHnXFc
VMp,VgHDdjB,kjoBHnXFc,VgHDdjB,KZMZzUr
VMp,VgHDdjB,kjoBHnXFc,VgHDdjB,KZMZzUr
VMp,VgHDdjB,kjoBHnXFc,VgHDdjB,KZMZzUr
VgHDdjB
kjoBHnXFc
VMp,VgHDdjB,kjoBHnXFc,VgHDdjB,KZMZzUr
kjoBHnXFc
VgHDdjB
VMp,VgHDdjB,VgHDdjB,XB
VMp,VgHDdjB,VgHDdjB,XB,XB
XB
VMp,VgHDdjB,XB,XB,VMp,XB
VMp,VgHDdjB,XB,XB,VMp
VMp,VgHDdjB,XB,XB,VMp
VMp,VgHDdjB,XB,XB,VMp
XB
XB
XB
XB
VgHDdjB,XB,QxPnCzCzu
VgHDdjB,XB,QxPnCzCzu
XB,QxPnCzCzu,QxPnCzCzu,CwATaPCVz,cnXXJq
QxPnCzCzu
VgHDdjB,XB,QxPnCzCzu,KZMZzUr
VgHDdjB,XB,QxPnCzCzu
XB
VgHDdjB,XB,QxPnCzCzu
QxPnCzCzu
QxPnCzCzu
VgHDdjB,XB,QxPnCzCzu,VMp,kjoBHnXFc
QxPnCzCzu
QxPnCzCzu
VgHDdjB,XB,QxPnCzCzu,VMp,kjoBHnXFc
VgHDdjB,XB,QxPnCzCzu,VMp,kjoBHnXFc,kjoBHnXFc
VgHDdjB,XB,QxPnCzCzu,VMp,kjoBHnXFc,kjoBHnXFc
QxPnCzCzu
VgHDdjB,XB,QxPnCzCzu,KZMZzUr
KZMZzUr
QxPnCzCzu
QxPnCzCzu
VgHDdjB,KZMZzUr,QxPnCzCzu,XB,KZMZzUr
VgHDdjB,KZMZzUr,QxPnCzCzu,XB,KZMZzUr,kjoBHnXFc
QxPnCzCzu
QxPnCzCzu
KZMZzUr,QxPnCzCzu,XB,KZMZzUr,kjoBHnXFc,cnXXJq
KZMZzUr
QxPnCzCzu
QxPnCzCzu
XB,KZMZzUr,QxPnCzCzu,kjoBHnXFc
QxPnCzCzu
QxPnCzCzu
QxPnCzCzu
XB,KZMZzUr,QxPnCzCzu,kjoBHnXFc
XB,KZMZzUr,QxPnCzCzu,kjoBHnXFc
XB,KZMZzUr,QxPnCzCzu,kjoBHnXFc
QxPnCzCzu
QxPnCzCzu
XB,KZMZzUr,QxPnCzCzu
QxPnCzCzu
QxPnCzCzu
QxPnCzCzu
XB,QxPnCzCzu,KZMZzUr
QxPnCzCzu
XB,QxPnCzCzu,KZMZzUr
QxPnCzCzu
XB,QxPnCzCzu,KZMZzUr,QxPnCzCzu
XB,QxPnCzCzu,KZMZzUr
XB,QxPnCzCzu,KZMZzUr
XB,QxPnCzCzu,KZMZzUr
KZMZzUr
XB,QxPnCzCzu,KZMZzUr
QxPnCzCzu,KZMZzUr,XB,QxPnCzCzu
QxPnCzCzu,KZMZzUr,XB,QxPnCzCzu
QxPnCzCzu
KZMZzUr
QxPnCzCzu
Jedi Wagner, assuma o comando!