[vazia]
[vazia]
IsPeIZUjXq
IsPeIZUjXq
IsPeIZUjXq
IsPeIZUjXq
Toque! Toque, Dijê!
Toque! Toque, Dijê!
NGteoa
NGteoa
NGteoa,xfuV
Toque! Toque, Dijê!
Toque! Toque, Dijê!
Toque! Toque, Dijê!
[vazia]
xfuV
imNNMGVrn,xfuV,HepbgvgEJj,HepbgvgEJj
xfuV,imNNMGVrn,HepbgvgEJj,HepbgvgEJj,moVVDQRo,YMhnLAu
xfuV,imNNMGVrn,HepbgvgEJj,HepbgvgEJj,moVVDQRo,YMhnLAu,NGteoa,IsPeIZUjXq
xfuV,imNNMGVrn,HepbgvgEJj,HepbgvgEJj
imNNMGVrn
imNNMGVrn
xfuV,imNNMGVrn,HepbgvgEJj,HepbgvgEJj
xfuV,imNNMGVrn,HepbgvgEJj,HepbgvgEJj
HepbgvgEJj
imNNMGVrn,HepbgvgEJj,HepbgvgEJj,NGteoa,HepbgvgEJj
HepbgvgEJj
imNNMGVrn,HepbgvgEJj,HepbgvgEJj,NGteoa,HepbgvgEJj,moVVDQRo
imNNMGVrn,HepbgvgEJj,HepbgvgEJj
imNNMGVrn,HepbgvgEJj,HepbgvgEJj,YMhnLAu
HepbgvgEJj
imNNMGVrn,HepbgvgEJj,HepbgvgEJj,YMhnLAu,HepbgvgEJj
imNNMGVrn,HepbgvgEJj,HepbgvgEJj
HepbgvgEJj
HepbgvgEJj
imNNMGVrn,HepbgvgEJj,HepbgvgEJj
HepbgvgEJj
HepbgvgEJj
HepbgvgEJj
imNNMGVrn,HepbgvgEJj,HepbgvgEJj,NGteoa
HepbgvgEJj
imNNMGVrn,HepbgvgEJj,HepbgvgEJj,NGteoa
imNNMGVrn,HepbgvgEJj,HepbgvgEJj,NGteoa
imNNMGVrn,HepbgvgEJj,HepbgvgEJj,NGteoa,xfuV
imNNMGVrn,HepbgvgEJj,HepbgvgEJj,NGteoa,xfuV
HepbgvgEJj
imNNMGVrn,HepbgvgEJj,HepbgvgEJj,NGteoa,xfuV,imNNMGVrn,IsPeIZUjXq
HepbgvgEJj
imNNMGVrn
imNNMGVrn,HepbgvgEJj,NGteoa,xfuV,IsPeIZUjXq
imNNMGVrn
HepbgvgEJj
HepbgvgEJj,xfuV,imNNMGVrn,IsPeIZUjXq,moVVDQRo
HepbgvgEJj
imNNMGVrn,HepbgvgEJj,HepbgvgEJj,NGteoa,xfuV,NGteoa
moVVDQRo
HepbgvgEJj,HepbgvgEJj,xfuV,moVVDQRo,imNNMGVrn,NGteoa,IsPeIZUjXq
moVVDQRo
HepbgvgEJj,HepbgvgEJj,xfuV,moVVDQRo,imNNMGVrn,NGteoa,IsPeIZUjXq
HepbgvgEJj,HepbgvgEJj,xfuV,moVVDQRo,imNNMGVrn,NGteoa,IsPeIZUjXq
imNNMGVrn
HepbgvgEJj,xfuV,moVVDQRo,imNNMGVrn,HepbgvgEJj,NGteoa,IsPeIZUjXq
xfuV
moVVDQRo
xfuV,moVVDQRo,HepbgvgEJj,NGteoa,IsPeIZUjXq,IsPeIZUjXq,YMhnLAu
xfuV,moVVDQRo,HepbgvgEJj,NGteoa,IsPeIZUjXq,IsPeIZUjXq,YMhnLAu
moVVDQRo
moVVDQRo
moVVDQRo
HepbgvgEJj,HepbgvgEJj,xfuV,moVVDQRo,imNNMGVrn,NGteoa,IsPeIZUjXq
imNNMGVrn
imNNMGVrn
imNNMGVrn
HepbgvgEJj,HepbgvgEJj,xfuV,moVVDQRo,imNNMGVrn,IsPeIZUjXq,NGteoa,IsPeIZUjXq,HepbgvgEJj
imNNMGVrn
IsPeIZUjXq
HepbgvgEJj,xfuV,moVVDQRo,imNNMGVrn,IsPeIZUjXq,NGteoa,IsPeIZUjXq,HepbgvgEJj,ivdJX
HepbgvgEJj,HepbgvgEJj,xfuV,moVVDQRo,imNNMGVrn,IsPeIZUjXq,NGteoa,IsPeIZUjXq,HepbgvgEJj,ivdJX
HepbgvgEJj,HepbgvgEJj,xfuV,imNNMGVrn,IsPeIZUjXq,moVVDQRo,NGteoa,IsPeIZUjXq,HepbgvgEJj,ivdJX
HepbgvgEJj
HepbgvgEJj,xfuV,imNNMGVrn,IsPeIZUjXq,HepbgvgEJj,moVVDQRo,IsPeIZUjXq,HepbgvgEJj,ivdJX,IsPeIZUjXq
Jedi Wagner, assuma o comando!