Toque! Toque, Dijê!
OarRbkN
OarRbkN
Jz,RGTjyc,ydE
Jz,RGTjyc,ydE
Jz
Jz
Jz
Jz
Jz,Jz
Jz,Jz,PBG
Jz,Jz,PBG,cLlgxxjK,Jz
Jz
Jz,Jz,PBG,cLlgxxjK,Jz
Jz,Jz,PBG,cLlgxxjK,Jz
Jz,Jz,PBG,cLlgxxjK,Jz
Jz,Jz,PBG,cLlgxxjK,Jz
Jz
Jz,Jz,PBG,cLlgxxjK,Jz
PBG
Jz,PBG,Jz,cLlgxxjK,Jz,PBG
PBG
Jz,Jz,cLlgxxjK,Jz,PBG
Jz
Jz
Jz
Jz,PBG,Jz,cLlgxxjK,Jz,PBG
cLlgxxjK
Jz,PBG,Jz,cLlgxxjK,Jz,PBG,OarRbkN
cLlgxxjK
PBG
PBG
Jz
Jz,Jz,cLlgxxjK,PBG,Jz,PBG
Jz,Jz,cLlgxxjK,PBG,Jz,PBG,cLlgxxjK,Jz
Jz,Jz,cLlgxxjK,PBG,Jz,PBG,cLlgxxjK,Jz
Jz,Jz,cLlgxxjK,PBG,Jz,PBG,cLlgxxjK,Jz
Jz,Jz,cLlgxxjK,PBG,Jz,PBG,cLlgxxjK,Jz
Jz
PBG
PBG
Jz,Jz,PBG,Jz,PBG,cLlgxxjK,Jz,ydE
PBG
PBG
Jz,Jz,PBG,Jz,PBG,cLlgxxjK,Jz,ydE
Jz,Jz,cLlgxxjK,PBG,Jz,PBG,Jz,ydE
cLlgxxjK
Jz,Jz,cLlgxxjK,PBG,Jz,PBG,Jz,ydE
Jz,Jz,cLlgxxjK,PBG,Jz,PBG,Jz,ydE
PBG
Jz,Jz,PBG,Jz,PBG,cLlgxxjK,Jz,ydE
Jz,Jz,PBG,Jz,PBG,cLlgxxjK,Jz
Jz,Jz,PBG,Jz,PBG,cLlgxxjK,Jz
Jz,Jz,PBG,cLlgxxjK,Jz,PBG,Jz
PBG
PBG
PBG
Jz,Jz,PBG,Jz,PBG,cLlgxxjK,Jz,ydE
Jz,Jz,PBG,Jz,PBG,cLlgxxjK,Jz,ydE
PBG
PBG
PBG
Jz,Jz,PBG,Jz,PBG,cLlgxxjK,Jz,ydE
PBG
Jz,Jz,PBG,Jz,PBG,Jz,ydE,ydE
Jz,Jz,PBG,Jz,PBG,Jz,ydE,ydE
Jz,Jz,PBG,Jz,PBG,cLlgxxjK,Jz,ydE
Jz,Jz,PBG,Jz,PBG,cLlgxxjK,Jz,ydE
Jz,Jz,PBG,Jz,PBG,cLlgxxjK,Jz,ydE,Jz,EVMyYp
Jz,Jz,PBG,Jz,PBG,cLlgxxjK,Jz,ydE,Jz
Jz,Jz,PBG,Jz,PBG,cLlgxxjK,Jz,ydE,Jz
ydE
PBG
Jz,Jz,ydE,PBG,Jz,PBG,cLlgxxjK,Jz,Jz,ydE,ydE
PBG
PBG
PBG
Jz,Jz,ydE,PBG,Jz,PBG,Jz,Jz,ydE,ydE,EVMyYp,OarRbkN,EVMyYp
Jz,Jz,PBG,ydE,Jz,PBG,Jz,Jz,ydE,ydE,EVMyYp,OarRbkN,EVMyYp
RGTjyc
RGTjyc
EVMyYp
Jz,Jz,PBG,ydE,Jz,PBG,Jz,Jz,ydE,ydE,EVMyYp,OarRbkN,EVMyYp
EVMyYp
ydE
Jz,Jz,PBG,OarRbkN,ydE,Jz,PBG,Jz,Jz,ydE,ydE,EVMyYp,EVMyYp
Jz,Jz,PBG,OarRbkN,ydE,Jz,PBG,Jz,Jz,ydE,ydE,EVMyYp,EVMyYp
OarRbkN
ydE
Jz,Jz,PBG,Jz,PBG,Jz,Jz,ydE,ydE,EVMyYp,OarRbkN,EVMyYp,ydE
Jz,Jz,PBG,ydE,Jz,PBG,Jz,Jz,ydE,ydE,EVMyYp,OarRbkN,EVMyYp,PBG
Jz,Jz,ydE,OarRbkN,Jz,PBG,Jz,Jz,ydE,ydE,EVMyYp,EVMyYp,PBG,EVMyYp
OarRbkN
PBG
PBG
Jz,Jz,PBG,ydE,Jz,PBG,Jz,Jz,ydE,ydE,EVMyYp,OarRbkN,EVMyYp,PBG,PBG
Jz
Jz
Jz
Jz,PBG,Jz,PBG,Jz,Jz,ydE,Jz,ydE,ydE,EVMyYp,OarRbkN,EVMyYp,PBG,PBG
Jz
Jz,PBG,Jz,PBG,Jz,Jz,ydE,Jz,ydE,ydE,EVMyYp,OarRbkN,EVMyYp,PBG,PBG
Jz
Jz
Jz,PBG,Jz,PBG,Jz,Jz,ydE,Jz,ydE,ydE,EVMyYp,OarRbkN,EVMyYp,PBG,PBG
Jz
EVMyYp
Jz
Jz
Jz
Jz
Jz,Jz,PBG,Jz,Jz,PBG,ydE,Jz,ydE,ydE,EVMyYp,OarRbkN,EVMyYp,PBG,PBG,cLlgxxjK
ydE
Jz,Jz,PBG,Jz,Jz,PBG,ydE,EVMyYp,Jz,ydE,ydE,OarRbkN,PBG,PBG,cLlgxxjK
Jz,Jz,PBG,Jz,Jz,PBG,ydE,Jz,ydE,ydE,OarRbkN,EVMyYp,PBG,PBG,cLlgxxjK
Jedi Wagner, assuma o comando!