[vazia]
AngskQTpo
AngskQTpo
[vazia]
[vazia]
k,AngskQTpo,isvULJ
k
[vazia]
[vazia]
[vazia]
Toque! Toque, Dijê!
[vazia]
k
k
k
k
[vazia]
[vazia]
[vazia]
[vazia]
Toque! Toque, Dijê!
[vazia]
isvULJ,k
isvULJ
isvULJ
[vazia]
[vazia]
[vazia]
Toque! Toque, Dijê!
[vazia]
Toque! Toque, Dijê!
[vazia]
[vazia]
Toque! Toque, Dijê!
Toque! Toque, Dijê!
[vazia]
k,PlM
k
k
[vazia]
Toque! Toque, Dijê!
Toque! Toque, Dijê!
Toque! Toque, Dijê!
[vazia]
Toque! Toque, Dijê!
[vazia]
[vazia]
isvULJ,AngskQTpo,k
isvULJ
isvULJ
isvULJ
[vazia]
[vazia]
[vazia]
[vazia]
Toque! Toque, Dijê!
[vazia]
Toque! Toque, Dijê!
[vazia]
[vazia]
[vazia]
isvULJ
k
Toque! Toque, Dijê!
[vazia]
isvULJ,AngskQTpo
isvULJ,AngskQTpo,k,AngskQTpo
isvULJ,AngskQTpo,k,AngskQTpo
k
k
k
k
k
k
k,AngskQTpo,k,JkWnib
k
k,AngskQTpo,k,JkWnib
[vazia]
[vazia]
[vazia]
[vazia]
pxzvo,k,JkWnib
Toque! Toque, Dijê!
[vazia]
JkWnib
pxzvo
[vazia]
k
k
isvULJ
JkWnib
Toque! Toque, Dijê!
[vazia]
[vazia]
k
k
lIEG
Toque! Toque, Dijê!
PlM
PlM
JkWnib
JkWnib
PlM,JkWnib
JkWnib
JkWnib
JkWnib
PlM,JkWnib,lIEG
PlM,JkWnib,lIEG,pxzvo
JkWnib
PlM,JkWnib
PlM,JkWnib,JkWnib,isvULJ
JkWnib
JkWnib
PlM,JkWnib,JkWnib,isvULJ
JkWnib
JkWnib
JkWnib,JkWnib,isvULJ,JkWnib
JkWnib
JkWnib
JkWnib
JkWnib,JkWnib,JkWnib
JkWnib
JkWnib
JkWnib
JkWnib,JkWnib,JkWnib,PlM
JkWnib,JkWnib,JkWnib,PlM,isvULJ,PlM
JkWnib,JkWnib,PlM,JkWnib
JkWnib
JkWnib
PlM
PlM,JkWnib,JkWnib
Jedi Wagner, assuma o comando!