ZehZUYtZ
Iy
Iy,CRskc,uS
Iy,uS
uS
uS
Iy,uS,CRskc
Iy,uS,CRskc
Iy,uS,Iy
Iy,uS,Iy
Iy,uS,Iy,Iy
Iy,uS,Iy,Iy
Iy,uS,Iy,Iy
uS
uS
Iy,uS,Iy,Iy
Iy,uS,ZehZUYtZ
Iy,uS,ZehZUYtZ
Iy,uS,Iy
Iy,uS,Iy
uS,Iy,Iy,CRskc
uS,Iy,Iy
uS,Iy,Iy
uS
uS
uS,Iy,Iy,Iy
Iy
Iy
uS,Iy,Iy,Iy,CRskc
Iy
Iy
Iy
uS,Iy,Iy,Iy,Iy,Iy,ZehZUYtZ,CRskc
uS,Iy,Iy,Iy,Iy,Iy,ZehZUYtZ,CRskc
uS,Iy,Iy,Iy,Iy,Iy,ZehZUYtZ,CRskc
Iy
Iy
Iy,Iy,Iy,Iy,Iy,ZehZUYtZ,CRskc
Iy
Iy,Iy,Iy,Iy,Iy,ZehZUYtZ,CRskc
Iy,Iy,Iy,Iy,CRskc,Iy,ZehZUYtZ,ZehZUYtZ
Iy,Iy,Iy,Iy,CRskc,Iy,ZehZUYtZ,ZehZUYtZ
Jedi Wagner, assuma o comando!