lpnQe
lpnQe
lpnQe
lpnQe,lpnQe,FH
lpnQe,lpnQe,FH,TskmGTIM
mqYojtru
lpnQe
lpnQe
lpnQe
lpnQe,xYX,umih,umih
xYX
umih
umih
lpnQe,xYX,eeWOuTrOk,umih,umih
eeWOuTrOk
umih
umih
xYX,umih,lpnQe,umih,mqYojtru
xYX,umih,lpnQe,umih,mqYojtru
lpnQe
lpnQe
lpnQe
umih,lpnQe,umih,mqYojtru
umih,lpnQe,umih,mqYojtru
umih,lpnQe,umih,mqYojtru
lpnQe
umih,lpnQe,umih,mqYojtru
umih,lpnQe,umih,mqYojtru
lpnQe
lpnQe
lpnQe
lpnQe
lpnQe
mqYojtru
mqYojtru
umih,xYX,mqYojtru,umih,mqYojtru
umih,mqYojtru,umih
mqYojtru
mqYojtru
umih,mqYojtru,umih
mqYojtru
umih,mqYojtru,umih
umih,mqYojtru,umih,lpnQe
umih,mqYojtru,umih
umih,mqYojtru,umih
umih,mqYojtru,umih
umih
xYX
xYX
xYX
xYX
umih
umih,mqYojtru,umih,xYX,umih
umih
umih
umih
umih
umih,mqYojtru,umih,xYX,umih
umih,mqYojtru,umih,xYX,umih
umih,umih,xYX,umih,mqYojtru,FH,umih
umih,umih,xYX,umih,mqYojtru,umih
xYX
xYX
umih
umih,mqYojtru,umih,xYX,umih,iMtJ
mqYojtru,umih,xYX,umih,umih
umih,mqYojtru,umih,xYX,umih,eeWOuTrOk
umih
umih
umih
umih
umih,mqYojtru,umih,xYX,umih,eeWOuTrOk
umih,mqYojtru,umih,xYX,umih,eeWOuTrOk,iMtJ
umih,mqYojtru,umih,xYX,umih,eeWOuTrOk,iMtJ
umih,mqYojtru,umih,xYX,umih,eeWOuTrOk,iMtJ,FH
umih,mqYojtru,umih,xYX,umih,FH,eeWOuTrOk,iMtJ
FH
umih,mqYojtru,umih,xYX,umih,FH,eeWOuTrOk,iMtJ
eeWOuTrOk
eeWOuTrOk
umih,xYX,umih,eeWOuTrOk,iMtJ,FH,iMtJ
eeWOuTrOk
xYX,umih,eeWOuTrOk,umih,iMtJ,FH,iMtJ,iMtJ,umih,eeWOuTrOk,iMtJ,OFMECxV
xYX,umih,eeWOuTrOk,umih,iMtJ,FH,iMtJ,iMtJ,umih,eeWOuTrOk,iMtJ,OFMECxV,umih
eeWOuTrOk
eeWOuTrOk
umih,eeWOuTrOk,iMtJ,umih,FH,iMtJ,iMtJ,umih,eeWOuTrOk,iMtJ,OFMECxV,umih,mqYojtru,FH,OFMECxV
umih
umih,eeWOuTrOk,iMtJ,umih,FH,iMtJ,iMtJ,umih,eeWOuTrOk,iMtJ,umih,mqYojtru,FH,OFMECxV,xYX
umih
iMtJ
iMtJ
umih
umih,iMtJ,umih,FH,iMtJ,iMtJ,umih,eeWOuTrOk,iMtJ,umih,FH,OFMECxV,OFMECxV,eeWOuTrOk,umih
umih,iMtJ,umih,FH,iMtJ,iMtJ,umih,eeWOuTrOk,iMtJ,umih,FH,OFMECxV,OFMECxV,eeWOuTrOk,umih
umih,iMtJ,umih,FH,iMtJ,iMtJ,umih,eeWOuTrOk,iMtJ,umih,FH,OFMECxV,OFMECxV,eeWOuTrOk,umih
umih
umih
umih
umih
umih,eeWOuTrOk,iMtJ,umih,FH,iMtJ,iMtJ,mqYojtru,umih,eeWOuTrOk,iMtJ,umih,FH,OFMECxV,eeWOuTrOk
umih
umih,eeWOuTrOk,iMtJ,umih,FH,iMtJ,iMtJ,mqYojtru,umih,eeWOuTrOk,iMtJ,umih,FH,OFMECxV,eeWOuTrOk
umih,eeWOuTrOk,iMtJ,umih,FH,iMtJ,iMtJ,mqYojtru,umih,eeWOuTrOk,iMtJ,umih,FH,OFMECxV,eeWOuTrOk
eeWOuTrOk,iMtJ,umih,FH,iMtJ,iMtJ,mqYojtru,umih,eeWOuTrOk,iMtJ,umih,FH,OFMECxV,eeWOuTrOk,TskmGTIM
umih
umih
umih,eeWOuTrOk,iMtJ,umih,FH,iMtJ,iMtJ,mqYojtru,umih,eeWOuTrOk,iMtJ,umih,FH,OFMECxV,OFMECxV,eeWOuTrOk
umih,iMtJ,umih,FH,iMtJ,iMtJ,umih,eeWOuTrOk,eeWOuTrOk,iMtJ,umih,FH,OFMECxV,OFMECxV,eeWOuTrOk
umih
umih
umih,iMtJ,iMtJ,umih,FH,iMtJ,eeWOuTrOk,iMtJ,umih,FH,OFMECxV,OFMECxV,eeWOuTrOk,TskmGTIM
umih,iMtJ,iMtJ,umih,FH,iMtJ,iMtJ,umih,FH,OFMECxV,OFMECxV,eeWOuTrOk,TskmGTIM
iMtJ
FH
umih,eeWOuTrOk,iMtJ,umih,iMtJ,iMtJ,mqYojtru,umih,FH,eeWOuTrOk,iMtJ,umih,FH,OFMECxV,OFMECxV,eeWOuTrOk
FH
FH
umih,eeWOuTrOk,iMtJ,umih,iMtJ,iMtJ,mqYojtru,umih,FH,eeWOuTrOk,iMtJ,umih,FH,OFMECxV,OFMECxV,eeWOuTrOk
FH
umih,eeWOuTrOk,iMtJ,umih,FH,iMtJ,iMtJ,mqYojtru,umih,eeWOuTrOk,iMtJ,umih,FH,OFMECxV,OFMECxV,eeWOuTrOk
umih
umih,eeWOuTrOk,iMtJ,umih,FH,iMtJ,iMtJ,mqYojtru,umih,eeWOuTrOk,iMtJ,umih,FH,OFMECxV,OFMECxV,eeWOuTrOk
umih
umih,eeWOuTrOk,iMtJ,umih,FH,iMtJ,iMtJ,mqYojtru,umih,eeWOuTrOk,iMtJ,umih,FH,OFMECxV,OFMECxV,eeWOuTrOk
umih
umih,eeWOuTrOk,iMtJ,umih,FH,iMtJ,iMtJ,mqYojtru,umih,eeWOuTrOk,iMtJ,umih,FH,OFMECxV,OFMECxV,eeWOuTrOk
umih
umih
Jedi Wagner, assuma o comando!