KcLlhzu
KcLlhzu
KcLlhzu
tTnp
KcLlhzu,tTnp,KcLlhzu
KcLlhzu,tTnp,KcLlhzu
tTnp
KcLlhzu,tTnp
KcLlhzu
KcLlhzu
KcLlhzu,tTnp,PDejNYVIC
KcLlhzu,tTnp,PDejNYVIC,PDejNYVIC
KcLlhzu
KcLlhzu,tTnp,PDejNYVIC,PDejNYVIC
KcLlhzu,tTnp,PDejNYVIC,PDejNYVIC
KcLlhzu
KcLlhzu,tTnp,PDejNYVIC,PDejNYVIC
KcLlhzu,tTnp
KcLlhzu,tTnp
tTnp
KcLlhzu,tTnp
KcLlhzu
KcLlhzu,tTnp,Cu
KcLlhzu
KcLlhzu
Cu,ka
KcLlhzu,tTnp
KcLlhzu
tTnp
KcLlhzu,tTnp
tTnp,KcLlhzu,tTnp,tTnp,PDejNYVIC
tTnp
tTnp,tTnp,tTnp,PDejNYVIC
KcLlhzu,tTnp,tTnp,tTnp,PDejNYVIC
tTnp
KcLlhzu,tTnp,tTnp,tTnp,PDejNYVIC
KcLlhzu,tTnp,tTnp,tTnp,PDejNYVIC,PDejNYVIC
tTnp
tTnp
tTnp
KcLlhzu,tTnp,tTnp,tTnp,PDejNYVIC
KcLlhzu,tTnp,tTnp,tTnp,PDejNYVIC
tTnp
tTnp
tTnp
tTnp
tTnp
tTnp
tTnp
tTnp,tTnp,tTnp,ka,tTnp,MjqqkiqSPq,KcLlhzu
tTnp,tTnp,tTnp,ka,tTnp,MjqqkiqSPq,KcLlhzu,KcLlhzu
tTnp
tTnp
KcLlhzu,tTnp,tTnp,tTnp,PDejNYVIC
Cu
KcLlhzu,tTnp,Cu,tTnp,tTnp,PDejNYVIC,KcLlhzu
KcLlhzu,tTnp,Cu,tTnp,tTnp,PDejNYVIC,KcLlhzu
KcLlhzu,tTnp,Cu,tTnp,tTnp,KcLlhzu
KcLlhzu
KcLlhzu,tTnp,Cu,tTnp,tTnp,KcLlhzu,tTnp
KcLlhzu,tTnp,Cu,tTnp,tTnp,KcLlhzu,tTnp
KcLlhzu
KcLlhzu,tTnp,Cu,tTnp,tTnp,KcLlhzu,ka
KcLlhzu,tTnp,Cu,tTnp,tTnp,KcLlhzu,ka
KcLlhzu,tTnp,Cu,tTnp,tTnp,KcLlhzu,ka
KcLlhzu,tTnp,Cu,tTnp,tTnp,KcLlhzu
KcLlhzu,tTnp,Cu,tTnp,tTnp,KcLlhzu
KcLlhzu
tTnp,KcLlhzu,Cu,tTnp,tTnp,KcLlhzu,KcLlhzu
tTnp,Cu,KcLlhzu,tTnp,tTnp,KcLlhzu,KcLlhzu
Cu
tTnp
tTnp
tTnp
tTnp
tTnp
KcLlhzu
KcLlhzu
tTnp,tTnp,tTnp,KcLlhzu,KcLlhzu,KcLlhzu,MjqqkiqSPq,PDejNYVIC,ka
tTnp,tTnp,tTnp,KcLlhzu,KcLlhzu,KcLlhzu,MjqqkiqSPq,PDejNYVIC,ka
tTnp,tTnp,KcLlhzu,KcLlhzu,KcLlhzu,MjqqkiqSPq,PDejNYVIC,ka
tTnp,tTnp,KcLlhzu,KcLlhzu,KcLlhzu,MjqqkiqSPq,PDejNYVIC,ka
KcLlhzu
tTnp,tTnp,KcLlhzu,KcLlhzu,KcLlhzu,MjqqkiqSPq,PDejNYVIC,ka
tTnp,tTnp,KcLlhzu,KcLlhzu,KcLlhzu,MjqqkiqSPq,PDejNYVIC,ka
tTnp,tTnp,MjqqkiqSPq,KcLlhzu,KcLlhzu,KcLlhzu,ka,ka,KcLlhzu
MjqqkiqSPq
tTnp,MjqqkiqSPq,KcLlhzu,tTnp,KcLlhzu,KcLlhzu,ka,ka,KcLlhzu,Cu,oChtxPVi
tTnp,MjqqkiqSPq,KcLlhzu,tTnp,KcLlhzu,KcLlhzu,ka,ka,KcLlhzu,Cu,oChtxPVi
ka
KcLlhzu
MjqqkiqSPq,tTnp,KcLlhzu,KcLlhzu,ka,KcLlhzu,Cu,oChtxPVi,ka,KcLlhzu
MjqqkiqSPq,KcLlhzu,KcLlhzu,KcLlhzu,PDejNYVIC,ka,Cu,oChtxPVi,ka,KcLlhzu
ka
MjqqkiqSPq,KcLlhzu,KcLlhzu,KcLlhzu,PDejNYVIC,ka,ka,KcLlhzu,PDejNYVIC,PDejNYVIC,MjqqkiqSPq,Cu
MjqqkiqSPq,KcLlhzu,KcLlhzu,KcLlhzu,ka,PDejNYVIC,KcLlhzu,PDejNYVIC,PDejNYVIC,MjqqkiqSPq,Cu,Cu
KcLlhzu
KcLlhzu
KcLlhzu
PDejNYVIC
PDejNYVIC
KcLlhzu
Jedi Wagner, assuma o comando!