n
n
n
n,ygKYVf,ygKYVf
n,ygKYVf
n
n,ygKYVf,ygKYVf,m,n
n
[vazia]
n
[vazia]
[vazia]
Toque! Toque, Dijê!
[vazia]
n
n
[vazia]
[vazia]
Toque! Toque, Dijê!
[vazia]
Toque! Toque, Dijê!
Toque! Toque, Dijê!
Toque! Toque, Dijê!
m
m
m
m,m
m
m,m
m
m
m,m,n,m
m,m,n,m
m,m,n,m
m,m,m,m
m,m,m,m
m,m,m,m
m,m,m,m
m,m,m,m
m,m,m,m
m
m
m,m,m,m
m,m,m,m
m,m,m,m
n
n,m,m,m,m,n
n,m,m,m,m,n
n,m,m,m,m,n,ygKYVf
m
m
m
m,m,m,m,n,n
m,m,m,m,n,n
m,m,m,n,n
m,m,m,n,n
m,m,n,n
m
m
m
m
m
m
m
m,m,m,m,m,m,ygKYVf
m
m,m,m,m,m,m
m,m,m,m,m,m
m
m
m
m
m,m,m,m,m,m,m
m,m,m,m,m,m
m,m,m,m,m,n
m,m,m,m,m,n
m
m,m,m,m,ygKYVf,m,n
m
m
m,m,m,m,ygKYVf,m
m
m
m
m
m,m,m,m,m,m,m
m,m,m,m,ygKYVf,m,m,m
m,m,m,ygKYVf,m,n,ygKYVf
m,m,m,ygKYVf,m,ygKYVf,m
m,m,m,m,ygKYVf,m,m
m,m,m,m,ygKYVf,m,m
m,m,m,m,ygKYVf,m
m
m
m
m,m,m,m,ygKYVf,m,n
m
m
m,m,m,m,m
m,m,m,m,m
m
m
m,m,m,m,m
m,m,m,m,m
m
ygKYVf
m
m,m,m,m,ygKYVf,m
m,m,m,m,ygKYVf,m
m,m,m,m,ygKYVf,m
m,m,m,m,ygKYVf,m
m
ygKYVf
ygKYVf
m
m,m,m,m,ygKYVf,m
m
m,m,m,m,m,ygKYVf
m,m,m,m,m,ygKYVf,m
m,m,m,m,ygKYVf,m,m
m,m,m,m,ygKYVf,m,m,ygKYVf
m,m,m,m,m,m
m
m,m,m,m,m,m
m,m,m,m,m
m,m,m,m,m,ygKYVf,m
m,m,m,m,m,ygKYVf,m
m,m,m,m,m,ygKYVf,m
m,m,m,m,m,ygKYVf,m
m,m,m,m,m,ygKYVf,m
m
m,m,m,m,m,ygKYVf,m,ygKYVf,m
m
m,m,m,m,ygKYVf,m,ygKYVf
m
m,m,m,m,ygKYVf,m,ygKYVf
Jedi Wagner, assuma o comando!