Toque! Toque, Dijê!
[vazia]
Toque! Toque, Dijê!
Toque! Toque, Dijê!
pwvibX
[vazia]
[vazia]
[vazia]
Toque! Toque, Dijê!
[vazia]
[vazia]
Toque! Toque, Dijê!
Toque! Toque, Dijê!
Toque! Toque, Dijê!
Toque! Toque, Dijê!
[vazia]
RtsBJ
RtsBJ
RtsBJ
RtsBJ
RtsBJ
RtsBJ
Toque! Toque, Dijê!
pwvibX
pwvibX
pwvibX
hyELh
hyELh
hyELh,GclUyunB,GclUyunB
hyELh,GclUyunB,GclUyunB
hyELh,GclUyunB,GclUyunB
hyELh,GclUyunB,GclUyunB
hyELh
hyELh
[vazia]
[vazia]
[vazia]
[vazia]
BEOLVxO
BEOLVxO
sp
Toque! Toque, Dijê!
Toque! Toque, Dijê!
Toque! Toque, Dijê!
[vazia]
Toque! Toque, Dijê!
Toque! Toque, Dijê!
Toque! Toque, Dijê!
Toque! Toque, Dijê!
Toque! Toque, Dijê!
RtsBJ
[vazia]
GclUyunB
Toque! Toque, Dijê!
[vazia]
Toque! Toque, Dijê!
Toque! Toque, Dijê!
[vazia]
RtsBJ,hyELh,GclUyunB
RtsBJ,hyELh,GclUyunB
RtsBJ,hyELh,GclUyunB
RtsBJ,hyELh,GclUyunB
RtsBJ,hyELh,GclUyunB
RtsBJ,hyELh,GclUyunB
RtsBJ
RtsBJ,hyELh,sp
hyELh,sp
hyELh
sp
sp
sp
sp
sp
hyELh,sp,sp
sp
sp
sp
sp
sp
sp
sp
hyELh,sp,sp,RtsBJ
hyELh,sp,sp,RtsBJ
hyELh,sp,sp,RtsBJ
sp,sp,RtsBJ,sp
sp,RtsBJ,sp,GclUyunB
sp,RtsBJ,sp,hyELh
Jedi Wagner, assuma o comando!