Toque! Toque, Dijê!
V,V
PodsGmkSgf
PodsGmkSgf
dDIi
dDIi
PodsGmkSgf,dDIi
PodsGmkSgf,dDIi
PodsGmkSgf,dDIi,MOvG
PodsGmkSgf,dDIi,MOvG
PodsGmkSgf,dDIi,MOvG
PodsGmkSgf
PodsGmkSgf,dDIi,MOvG,PodsGmkSgf
PodsGmkSgf
PodsGmkSgf
PodsGmkSgf,dDIi,MOvG,PodsGmkSgf,KdgwMC,TRyD,TRyD
dDIi
PodsGmkSgf,dDIi,MOvG,PodsGmkSgf,KdgwMC,TRyD,TRyD
PodsGmkSgf,dDIi,MOvG,PodsGmkSgf,KdgwMC,TRyD,TRyD
PodsGmkSgf,MOvG,PodsGmkSgf,dDIi,KdgwMC,TRyD,PodsGmkSgf
PodsGmkSgf,MOvG,PodsGmkSgf,dDIi,KdgwMC,TRyD,PodsGmkSgf
PodsGmkSgf,MOvG,PodsGmkSgf,dDIi,KdgwMC,TRyD,PodsGmkSgf
PodsGmkSgf
PodsGmkSgf,MOvG,PodsGmkSgf,dDIi,KdgwMC,TRyD,PodsGmkSgf
PodsGmkSgf,MOvG,PodsGmkSgf,dDIi,KdgwMC,TRyD,PodsGmkSgf
PodsGmkSgf,MOvG,PodsGmkSgf,dDIi,KdgwMC,TRyD,PodsGmkSgf
dDIi
dDIi
dDIi
dDIi
PodsGmkSgf,MOvG,PodsGmkSgf,dDIi,KdgwMC,TRyD,PodsGmkSgf
dDIi
dDIi
KdgwMC
PodsGmkSgf,PodsGmkSgf,dDIi,KdgwMC,MOvG,TRyD,PodsGmkSgf,PodsGmkSgf,V,etpkYIpbm,ZhAVMZnk
MOvG
PodsGmkSgf,MOvG,PodsGmkSgf,dDIi,KdgwMC,TRyD,PodsGmkSgf,PodsGmkSgf,TRyD,MOvG,KdgwMC
PodsGmkSgf
PodsGmkSgf
PodsGmkSgf,PodsGmkSgf,dDIi,TRyD,MOvG,PodsGmkSgf,PodsGmkSgf,TRyD,MOvG,KdgwMC,etpkYIpbm,TRyD
PodsGmkSgf,PodsGmkSgf,dDIi,MOvG,PodsGmkSgf,PodsGmkSgf,TRyD,TRyD,MOvG,KdgwMC,etpkYIpbm,TRyD
TRyD
PodsGmkSgf,PodsGmkSgf,dDIi,TRyD,MOvG,PodsGmkSgf,PodsGmkSgf,TRyD,MOvG,KdgwMC,etpkYIpbm,TRyD,MOvG,PodsGmkSgf
TRyD
PodsGmkSgf,PodsGmkSgf,dDIi,MOvG,PodsGmkSgf,PodsGmkSgf,TRyD,TRyD,MOvG,KdgwMC,etpkYIpbm,TRyD,MOvG,PodsGmkSgf,PodsGmkSgf
PodsGmkSgf,dDIi,PodsGmkSgf,PodsGmkSgf,TRyD,TRyD,MOvG,MOvG,PodsGmkSgf,KdgwMC,etpkYIpbm,TRyD,MOvG,PodsGmkSgf,PodsGmkSgf
MOvG
MOvG
PodsGmkSgf,PodsGmkSgf,dDIi,PodsGmkSgf,PodsGmkSgf,TRyD,TRyD,MOvG,MOvG,KdgwMC,etpkYIpbm,TRyD,MOvG,PodsGmkSgf,PodsGmkSgf,PodsGmkSgf
PodsGmkSgf,PodsGmkSgf,dDIi,PodsGmkSgf,PodsGmkSgf,TRyD,TRyD,MOvG,MOvG,KdgwMC,TRyD,MOvG,PodsGmkSgf,PodsGmkSgf,PodsGmkSgf
KdgwMC
PodsGmkSgf,PodsGmkSgf,dDIi,PodsGmkSgf,PodsGmkSgf,TRyD,TRyD,MOvG,KdgwMC,MOvG,TRyD,MOvG,PodsGmkSgf,PodsGmkSgf,PodsGmkSgf
PodsGmkSgf,PodsGmkSgf,dDIi,PodsGmkSgf,PodsGmkSgf,TRyD,TRyD,KdgwMC,MOvG,TRyD,MOvG,PodsGmkSgf,PodsGmkSgf,PodsGmkSgf,PodsGmkSgf
MOvG
MOvG
PodsGmkSgf,PodsGmkSgf,dDIi,PodsGmkSgf,PodsGmkSgf,TRyD,TRyD,MOvG,KdgwMC,MOvG,TRyD,MOvG,PodsGmkSgf,PodsGmkSgf,PodsGmkSgf
PodsGmkSgf,PodsGmkSgf,dDIi,PodsGmkSgf,PodsGmkSgf,TRyD,TRyD,MOvG,KdgwMC,MOvG,TRyD,MOvG,PodsGmkSgf,PodsGmkSgf,PodsGmkSgf
MOvG
MOvG
PodsGmkSgf,PodsGmkSgf,PodsGmkSgf,PodsGmkSgf,TRyD,TRyD,MOvG,KdgwMC,MOvG,dDIi,TRyD,MOvG,PodsGmkSgf,PodsGmkSgf,PodsGmkSgf,KdgwMC
PodsGmkSgf,PodsGmkSgf,dDIi,PodsGmkSgf,PodsGmkSgf,TRyD,TRyD,MOvG,MOvG,KdgwMC,TRyD,MOvG,PodsGmkSgf,PodsGmkSgf,PodsGmkSgf,TRyD
KdgwMC
PodsGmkSgf,PodsGmkSgf,dDIi,PodsGmkSgf,PodsGmkSgf,TRyD,TRyD,MOvG,MOvG,TRyD,MOvG,PodsGmkSgf,PodsGmkSgf,PodsGmkSgf,TRyD,TRyD
MOvG
PodsGmkSgf,PodsGmkSgf,dDIi,PodsGmkSgf,PodsGmkSgf,TRyD,TRyD,MOvG,KdgwMC,MOvG,TRyD,MOvG,PodsGmkSgf,PodsGmkSgf,PodsGmkSgf,MOvG
MOvG
PodsGmkSgf,PodsGmkSgf,dDIi,PodsGmkSgf,PodsGmkSgf,TRyD,TRyD,MOvG,KdgwMC,MOvG,TRyD,MOvG,PodsGmkSgf,PodsGmkSgf,PodsGmkSgf,MOvG,tPagz
PodsGmkSgf,PodsGmkSgf,dDIi,PodsGmkSgf,PodsGmkSgf,TRyD,TRyD,KdgwMC,etpkYIpbm,MOvG,TRyD,MOvG,PodsGmkSgf,PodsGmkSgf,PodsGmkSgf,MOvG,tPagz,PodsGmkSgf
PodsGmkSgf,PodsGmkSgf,dDIi,PodsGmkSgf,PodsGmkSgf,TRyD,TRyD,KdgwMC,etpkYIpbm,MOvG,TRyD,MOvG,PodsGmkSgf,PodsGmkSgf,PodsGmkSgf,MOvG,tPagz,PodsGmkSgf
etpkYIpbm
PodsGmkSgf,PodsGmkSgf,dDIi,PodsGmkSgf,PodsGmkSgf,TRyD,TRyD,MOvG,KdgwMC,MOvG,TRyD,MOvG,PodsGmkSgf,PodsGmkSgf,PodsGmkSgf
PodsGmkSgf,PodsGmkSgf,dDIi,PodsGmkSgf,PodsGmkSgf,TRyD,TRyD,MOvG,KdgwMC,MOvG,TRyD,MOvG,PodsGmkSgf,PodsGmkSgf,PodsGmkSgf
MOvG
MOvG
TRyD
TRyD
TRyD
TRyD
PodsGmkSgf,PodsGmkSgf,dDIi,PodsGmkSgf,PodsGmkSgf,TRyD,TRyD,MOvG,KdgwMC,MOvG,TRyD,MOvG,PodsGmkSgf,PodsGmkSgf,PodsGmkSgf
PodsGmkSgf
PodsGmkSgf,PodsGmkSgf,dDIi,PodsGmkSgf,PodsGmkSgf,TRyD,TRyD,MOvG,KdgwMC,MOvG,TRyD,MOvG,PodsGmkSgf,PodsGmkSgf,PodsGmkSgf
PodsGmkSgf,PodsGmkSgf,dDIi,PodsGmkSgf,PodsGmkSgf,TRyD,TRyD,MOvG,KdgwMC,MOvG,TRyD,MOvG,PodsGmkSgf,PodsGmkSgf,PodsGmkSgf
PodsGmkSgf,PodsGmkSgf,dDIi,PodsGmkSgf,PodsGmkSgf,TRyD,TRyD,MOvG,KdgwMC,MOvG,TRyD,MOvG,PodsGmkSgf,PodsGmkSgf,PodsGmkSgf
TRyD
TRyD
TRyD
PodsGmkSgf,PodsGmkSgf,dDIi,PodsGmkSgf,PodsGmkSgf,TRyD,TRyD,MOvG,KdgwMC,MOvG,TRyD,MOvG,PodsGmkSgf,PodsGmkSgf,PodsGmkSgf
dDIi
PodsGmkSgf,PodsGmkSgf,PodsGmkSgf,TRyD,KdgwMC,MOvG,TRyD,MOvG,PodsGmkSgf,PodsGmkSgf,dDIi,PodsGmkSgf,MOvG,TRyD,PodsGmkSgf,KdgwMC
PodsGmkSgf,PodsGmkSgf,PodsGmkSgf,TRyD,KdgwMC,MOvG,TRyD,MOvG,PodsGmkSgf,PodsGmkSgf,dDIi,PodsGmkSgf,MOvG,TRyD,PodsGmkSgf,KdgwMC
PodsGmkSgf,PodsGmkSgf,PodsGmkSgf,KdgwMC,MOvG,TRyD,MOvG,PodsGmkSgf,PodsGmkSgf,dDIi,PodsGmkSgf,TRyD,MOvG,TRyD,PodsGmkSgf,KdgwMC
PodsGmkSgf
PodsGmkSgf
PodsGmkSgf,PodsGmkSgf,PodsGmkSgf,TRyD,KdgwMC,MOvG,TRyD,MOvG,PodsGmkSgf,PodsGmkSgf,dDIi,PodsGmkSgf,MOvG,TRyD,PodsGmkSgf,KdgwMC,tPagz
PodsGmkSgf,PodsGmkSgf,PodsGmkSgf,TRyD,KdgwMC,MOvG,TRyD,MOvG,PodsGmkSgf,PodsGmkSgf,dDIi,PodsGmkSgf,MOvG,TRyD,PodsGmkSgf,KdgwMC,tPagz
MOvG
PodsGmkSgf,PodsGmkSgf,PodsGmkSgf,TRyD,KdgwMC,MOvG,TRyD,MOvG,PodsGmkSgf,PodsGmkSgf,dDIi,PodsGmkSgf,MOvG,TRyD,PodsGmkSgf,KdgwMC
MOvG
MOvG
PodsGmkSgf,PodsGmkSgf,PodsGmkSgf,TRyD,KdgwMC,MOvG,TRyD,MOvG,PodsGmkSgf,PodsGmkSgf,dDIi,PodsGmkSgf,MOvG,TRyD,PodsGmkSgf,KdgwMC
MOvG
PodsGmkSgf,PodsGmkSgf,PodsGmkSgf,TRyD,KdgwMC,MOvG,TRyD,MOvG,PodsGmkSgf,PodsGmkSgf,dDIi,PodsGmkSgf,MOvG,TRyD,PodsGmkSgf,KdgwMC,ZhAVMZnk,etpkYIpbm
PodsGmkSgf,PodsGmkSgf,PodsGmkSgf,TRyD,KdgwMC,MOvG,TRyD,MOvG,PodsGmkSgf,PodsGmkSgf,dDIi,PodsGmkSgf,MOvG,TRyD,PodsGmkSgf,KdgwMC,etpkYIpbm,dDIi,dDIi,TRyD
MOvG
dDIi
dDIi
dDIi
dDIi
TRyD
PodsGmkSgf,PodsGmkSgf,PodsGmkSgf,TRyD,KdgwMC,MOvG,TRyD,MOvG,PodsGmkSgf,PodsGmkSgf,PodsGmkSgf,MOvG,dDIi,TRyD,PodsGmkSgf,KdgwMC,KT,tPagz,KdgwMC
TRyD
TRyD
TRyD
PodsGmkSgf,PodsGmkSgf,PodsGmkSgf,TRyD,KdgwMC,MOvG,TRyD,MOvG,PodsGmkSgf,PodsGmkSgf,PodsGmkSgf,MOvG,dDIi,TRyD,PodsGmkSgf,KdgwMC,KT,tPagz
PodsGmkSgf,PodsGmkSgf,PodsGmkSgf,TRyD,KdgwMC,MOvG,TRyD,MOvG,PodsGmkSgf,PodsGmkSgf,PodsGmkSgf,MOvG,dDIi,TRyD,PodsGmkSgf,KdgwMC,KT,tPagz
PodsGmkSgf,PodsGmkSgf,PodsGmkSgf,TRyD,KdgwMC,MOvG,TRyD,MOvG,PodsGmkSgf,PodsGmkSgf,PodsGmkSgf,MOvG,dDIi,TRyD,PodsGmkSgf,KdgwMC,KT,tPagz
TRyD
TRyD
PodsGmkSgf,PodsGmkSgf,PodsGmkSgf,KdgwMC,MOvG,TRyD,MOvG,PodsGmkSgf,PodsGmkSgf,PodsGmkSgf,MOvG,dDIi,TRyD,PodsGmkSgf,KdgwMC,tPagz,KT,V
PodsGmkSgf,PodsGmkSgf,PodsGmkSgf,KdgwMC,MOvG,TRyD,MOvG,PodsGmkSgf,PodsGmkSgf,PodsGmkSgf,MOvG,TRyD,dDIi,PodsGmkSgf,KdgwMC,KT,V,KT,TRyD
PodsGmkSgf,PodsGmkSgf,PodsGmkSgf,TRyD,KdgwMC,MOvG,TRyD,MOvG,PodsGmkSgf,PodsGmkSgf,PodsGmkSgf,MOvG,dDIi,TRyD,PodsGmkSgf,KdgwMC,KT,tPagz,dDIi,KT
KT
KT
KT
PodsGmkSgf,PodsGmkSgf,PodsGmkSgf,TRyD,KdgwMC,MOvG,TRyD,MOvG,PodsGmkSgf,PodsGmkSgf,PodsGmkSgf,MOvG,TRyD,PodsGmkSgf,KdgwMC,KT,tPagz,dDIi,KT,ZhAVMZnk,PodsGmkSgf
dDIi
PodsGmkSgf,PodsGmkSgf,PodsGmkSgf,TRyD,KdgwMC,TRyD,MOvG,PodsGmkSgf,PodsGmkSgf,PodsGmkSgf,MOvG,TRyD,PodsGmkSgf,KdgwMC,KT,tPagz,dDIi,MOvG,KT,ZhAVMZnk,PodsGmkSgf
PodsGmkSgf,PodsGmkSgf,PodsGmkSgf,TRyD,KdgwMC,TRyD,MOvG,PodsGmkSgf,PodsGmkSgf,PodsGmkSgf,MOvG,TRyD,PodsGmkSgf,KdgwMC,KT,tPagz,dDIi,MOvG,KT,ZhAVMZnk,PodsGmkSgf
dDIi
PodsGmkSgf,PodsGmkSgf,PodsGmkSgf,TRyD,KdgwMC,MOvG,TRyD,MOvG,PodsGmkSgf,PodsGmkSgf,PodsGmkSgf,MOvG,TRyD,PodsGmkSgf,KdgwMC,KT,tPagz,dDIi,KT,ZhAVMZnk,PodsGmkSgf
dDIi
ZhAVMZnk
PodsGmkSgf,PodsGmkSgf,PodsGmkSgf,TRyD,KdgwMC,MOvG,TRyD,MOvG,PodsGmkSgf,PodsGmkSgf,PodsGmkSgf,MOvG,TRyD,PodsGmkSgf,KdgwMC,KT,tPagz,dDIi,KT,ZhAVMZnk,PodsGmkSgf
PodsGmkSgf,PodsGmkSgf,PodsGmkSgf,TRyD,KdgwMC,MOvG,TRyD,MOvG,PodsGmkSgf,PodsGmkSgf,PodsGmkSgf,MOvG,TRyD,PodsGmkSgf,KdgwMC,KT,tPagz,dDIi,KT,ZhAVMZnk,PodsGmkSgf
PodsGmkSgf,PodsGmkSgf,PodsGmkSgf,MOvG,TRyD,MOvG,PodsGmkSgf,PodsGmkSgf,PodsGmkSgf,MOvG,TRyD,PodsGmkSgf,KdgwMC,dDIi,KT,TRyD,KT,ZhAVMZnk,PodsGmkSgf
TRyD
TRyD
PodsGmkSgf
PodsGmkSgf,PodsGmkSgf,MOvG,TRyD,MOvG,PodsGmkSgf,PodsGmkSgf,PodsGmkSgf,MOvG,TRyD,PodsGmkSgf,dDIi,KT,TRyD,PodsGmkSgf,KdgwMC,KT,ZhAVMZnk,PodsGmkSgf
PodsGmkSgf,PodsGmkSgf,MOvG,TRyD,MOvG,PodsGmkSgf,PodsGmkSgf,PodsGmkSgf,MOvG,TRyD,PodsGmkSgf,KdgwMC,dDIi,KT,TRyD,PodsGmkSgf,KT,PodsGmkSgf
PodsGmkSgf
PodsGmkSgf
PodsGmkSgf,MOvG,TRyD,MOvG,PodsGmkSgf,PodsGmkSgf,PodsGmkSgf,MOvG,TRyD,PodsGmkSgf,dDIi,KT,TRyD,PodsGmkSgf,KdgwMC,KT,ZhAVMZnk,PodsGmkSgf
PodsGmkSgf
PodsGmkSgf
PodsGmkSgf
PodsGmkSgf
PodsGmkSgf
MOvG,TRyD,MOvG,PodsGmkSgf,PodsGmkSgf,PodsGmkSgf,MOvG,TRyD,PodsGmkSgf,TRyD,PodsGmkSgf,KdgwMC,KT,PodsGmkSgf,KT,MOvG
MOvG
MOvG
MOvG,TRyD,MOvG,PodsGmkSgf,PodsGmkSgf,PodsGmkSgf,MOvG,TRyD,PodsGmkSgf,TRyD,PodsGmkSgf,KT,PodsGmkSgf,KT,MOvG,V
MOvG
MOvG,TRyD,MOvG,PodsGmkSgf,PodsGmkSgf,PodsGmkSgf,MOvG,TRyD,PodsGmkSgf,TRyD,PodsGmkSgf,KT,PodsGmkSgf,KT,MOvG,KdgwMC,TRyD
PodsGmkSgf
MOvG,TRyD,MOvG,PodsGmkSgf,PodsGmkSgf,MOvG,TRyD,PodsGmkSgf,TRyD,PodsGmkSgf,KT,PodsGmkSgf,KT,MOvG,KdgwMC,TRyD
MOvG,MOvG,PodsGmkSgf,PodsGmkSgf,MOvG,TRyD,PodsGmkSgf,TRyD,PodsGmkSgf,KT,PodsGmkSgf,KT,MOvG,KdgwMC,TRyD
PodsGmkSgf
MOvG,MOvG,PodsGmkSgf,KdgwMC,PodsGmkSgf,MOvG,TRyD,PodsGmkSgf,TRyD,PodsGmkSgf,KT,PodsGmkSgf,KT,MOvG,TRyD,KT,etpkYIpbm
MOvG,TRyD,MOvG,PodsGmkSgf,PodsGmkSgf,PodsGmkSgf,MOvG,TRyD,PodsGmkSgf,TRyD,PodsGmkSgf,KT,PodsGmkSgf,KT,MOvG,KdgwMC,TRyD
MOvG
TRyD,MOvG,PodsGmkSgf,PodsGmkSgf,MOvG,PodsGmkSgf,MOvG,TRyD,PodsGmkSgf,TRyD,PodsGmkSgf,KT,PodsGmkSgf,KT,MOvG,KdgwMC,TRyD
TRyD,MOvG,PodsGmkSgf,PodsGmkSgf,MOvG,PodsGmkSgf,MOvG,TRyD,PodsGmkSgf,TRyD,PodsGmkSgf,KT,PodsGmkSgf,KT,MOvG,KdgwMC,TRyD
MOvG
TRyD,MOvG,PodsGmkSgf,PodsGmkSgf,MOvG,PodsGmkSgf,MOvG,TRyD,PodsGmkSgf,TRyD,PodsGmkSgf,KT,PodsGmkSgf,KT,MOvG,KdgwMC,TRyD
PodsGmkSgf
MOvG,TRyD,MOvG,PodsGmkSgf,PodsGmkSgf,PodsGmkSgf,MOvG,TRyD,PodsGmkSgf,TRyD,PodsGmkSgf,KT,PodsGmkSgf,KT,MOvG,KdgwMC,TRyD,PodsGmkSgf
Jedi Wagner, assuma o comando!