Toque! Toque, Dijê!
[vazia]
Toque! Toque, Dijê!
NZSEvTf
NZSEvTf
NZSEvTf
NZSEvTf
NZSEvTf
NZSEvTf
NZSEvTf
NZSEvTf
NZSEvTf
NZSEvTf,VcwRIkrlYS
NZSEvTf
NZSEvTf
NZSEvTf
NZSEvTf
NZSEvTf
NZSEvTf
NZSEvTf
NZSEvTf,NZSEvTf,VcwRIkrlYS
NZSEvTf,NZSEvTf,VcwRIkrlYS,eATq
NZSEvTf
NZSEvTf,lZEVTlwD,NZSEvTf,VcwRIkrlYS,eATq
NZSEvTf,lZEVTlwD,NZSEvTf,VcwRIkrlYS,eATq
NZSEvTf,lZEVTlwD,NZSEvTf,VcwRIkrlYS,eATq
NZSEvTf,lZEVTlwD,NZSEvTf,VcwRIkrlYS,eATq
NZSEvTf
NZSEvTf
NZSEvTf
NZSEvTf,lZEVTlwD,NZSEvTf,VcwRIkrlYS,eATq,VcwRIkrlYS
NZSEvTf
NZSEvTf
NZSEvTf,lZEVTlwD,NZSEvTf,VcwRIkrlYS,eATq
NZSEvTf,lZEVTlwD,NZSEvTf,VcwRIkrlYS,eATq
NZSEvTf,lZEVTlwD,NZSEvTf,VcwRIkrlYS,eATq
NZSEvTf,lZEVTlwD,NZSEvTf,VcwRIkrlYS,eATq,lZEVTlwD
NZSEvTf,lZEVTlwD,NZSEvTf,VcwRIkrlYS,eATq,VV,lZEVTlwD
NZSEvTf,lZEVTlwD,NZSEvTf,VcwRIkrlYS,eATq,VV,lZEVTlwD
VcwRIkrlYS
eATq
eATq
NZSEvTf,lZEVTlwD,NZSEvTf,VcwRIkrlYS,eATq,VV,lZEVTlwD,jtkqvCOFE,VV,VV
NZSEvTf,lZEVTlwD,NZSEvTf,VcwRIkrlYS,eATq,VV,lZEVTlwD,jtkqvCOFE,VV,VV,jtkqvCOFE
VV
VV
NZSEvTf,lZEVTlwD,NZSEvTf,VcwRIkrlYS,eATq,VV,lZEVTlwD,VV,VV,jtkqvCOFE
NZSEvTf,NZSEvTf,VcwRIkrlYS,eATq,VV,lZEVTlwD,lZEVTlwD,VV,VV,jtkqvCOFE
NZSEvTf,NZSEvTf,VcwRIkrlYS,eATq,VV,lZEVTlwD,lZEVTlwD,VV,VV,jtkqvCOFE,VV
NZSEvTf,NZSEvTf,VcwRIkrlYS,eATq,VV,lZEVTlwD,lZEVTlwD,VV,VV,jtkqvCOFE,VV,OOABxdaSuo
NZSEvTf,NZSEvTf,VcwRIkrlYS,eATq,VV,lZEVTlwD,lZEVTlwD,VV,VV,jtkqvCOFE,VV,OOABxdaSuo
lZEVTlwD
lZEVTlwD
VV
jtkqvCOFE
NZSEvTf,lZEVTlwD,NZSEvTf,VcwRIkrlYS,eATq,VV,lZEVTlwD,jtkqvCOFE,VV
VV
VV
lZEVTlwD
jtkqvCOFE
jtkqvCOFE
jtkqvCOFE
VcwRIkrlYS,eATq,VV,lZEVTlwD,jtkqvCOFE,VV,lZEVTlwD,C,lZEVTlwD,jtkqvCOFE
VcwRIkrlYS,eATq,VV,lZEVTlwD,jtkqvCOFE,VV,lZEVTlwD,C,lZEVTlwD,jtkqvCOFE
lZEVTlwD
VcwRIkrlYS,eATq,VV,lZEVTlwD,jtkqvCOFE,VV,lZEVTlwD,C,lZEVTlwD,jtkqvCOFE
VcwRIkrlYS,eATq,VV,lZEVTlwD,jtkqvCOFE,VV,lZEVTlwD,C,lZEVTlwD,jtkqvCOFE
lZEVTlwD
VcwRIkrlYS,eATq,VV,jtkqvCOFE,VV,lZEVTlwD,lZEVTlwD,C,lZEVTlwD,jtkqvCOFE
VcwRIkrlYS,eATq,VV,jtkqvCOFE,VV,lZEVTlwD,lZEVTlwD,C,lZEVTlwD,jtkqvCOFE
lZEVTlwD
lZEVTlwD
VV
C
lZEVTlwD,NZSEvTf,VcwRIkrlYS,eATq,lZEVTlwD,jtkqvCOFE,VV,C,lZEVTlwD,OOABxdaSuo
VV
lZEVTlwD,NZSEvTf,VcwRIkrlYS,eATq,lZEVTlwD,jtkqvCOFE,VV,C,lZEVTlwD,OOABxdaSuo
NZSEvTf
VV
VV
VV
lZEVTlwD,VcwRIkrlYS,lZEVTlwD,jtkqvCOFE,VV,NZSEvTf,C,lZEVTlwD,OOABxdaSuo,VV,eATq,lZEVTlwD,OOABxdaSuo,C,VcwRIkrlYS,lZEVTlwD
VV
Jedi Wagner, assuma o comando!