QqQbthFJr
QqQbthFJr
QqQbthFJr
QqQbthFJr
tvxXlroHT
[vazia]
Toque! Toque, Dijê!
Toque! Toque, Dijê!
[vazia]
[vazia]
[vazia]
Toque! Toque, Dijê!
Toque! Toque, Dijê!
[vazia]
Toque! Toque, Dijê!
Toque! Toque, Dijê!
[vazia]
Toque! Toque, Dijê!
Toque! Toque, Dijê!
[vazia]
TWLRENmS
TWLRENmS
tvxXlroHT
tvxXlroHT
tvxXlroHT
tvxXlroHT
tvxXlroHT
tvxXlroHT
tvxXlroHT
tvxXlroHT
tvxXlroHT
tvxXlroHT
Toque! Toque, Dijê!
Toque! Toque, Dijê!
TWLRENmS
Toque! Toque, Dijê!
Toque! Toque, Dijê!
Toque! Toque, Dijê!
Toque! Toque, Dijê!
Toque! Toque, Dijê!
[vazia]
[vazia]
Toque! Toque, Dijê!
[vazia]
[vazia]
uwjeUo
uwjeUo
uwjeUo
uwjeUo
uwjeUo
uwjeUo
uwjeUo
uwjeUo
uwjeUo
uwjeUo,tvxXlroHT
UoVjXk
uwjeUo,UoVjXk
uwjeUo,UoVjXk
UoVjXk
UoVjXk
UoVjXk
UoVjXk
uwjeUo,UoVjXk
UoVjXk
uwjeUo,UoVjXk
uwjeUo,UoVjXk
UoVjXk
UoVjXk
UoVjXk
UoVjXk
UoVjXk
UoVjXk
UoVjXk
UoVjXk
UoVjXk
UoVjXk,UoVjXk
UoVjXk,UoVjXk
UoVjXk,UoVjXk
UoVjXk
UoVjXk
UoVjXk
UoVjXk
UoVjXk
UoVjXk,TWLRENmS,UoVjXk
UoVjXk,UoVjXk
UoVjXk,UoVjXk
UoVjXk
UoVjXk,UoVjXk
UoVjXk,UoVjXk,uwjeUo
UoVjXk
UoVjXk
UoVjXk,UoVjXk,UoVjXk
UoVjXk
UoVjXk
UoVjXk
tvxXlroHT
tvxXlroHT,UoVjXk,UoVjXk,uwjeUo,TWLRENmS,MXPNANajJB
UoVjXk
UoVjXk,UoVjXk,tvxXlroHT,uwjeUo,TWLRENmS,MXPNANajJB
tvxXlroHT
MXPNANajJB
MXPNANajJB
UoVjXk,UoVjXk,tvxXlroHT,uwjeUo,TWLRENmS,MXPNANajJB,HzNtaAj
MXPNANajJB
UoVjXk,UoVjXk,tvxXlroHT,uwjeUo,TWLRENmS,MXPNANajJB,HzNtaAj
UoVjXk,UoVjXk,uwjeUo,TWLRENmS,MXPNANajJB,tvxXlroHT,HzNtaAj
UoVjXk,UoVjXk,tvxXlroHT,uwjeUo,TWLRENmS,MXPNANajJB,HzNtaAj
Jedi Wagner, assuma o comando!