bLNaIpUC
Toque! Toque, Dijê!
Toque! Toque, Dijê!
SeuibENqqf
SeuibENqqf
SeuibENqqf
SeuibENqqf
SeuibENqqf
SeuibENqqf,SeuibENqqf
SeuibENqqf
Toque! Toque, Dijê!
Toque! Toque, Dijê!
[vazia]
Toque! Toque, Dijê!
EfCcUA,bLNaIpUC
EfCcUA,bLNaIpUC,bLNaIpUC
EfCcUA
EfCcUA
bLNaIpUC,bLNaIpUC,EfCcUA,bLNaIpUC,SeuibENqqf,bLNaIpUC
EfCcUA
SeuibENqqf
SeuibENqqf
EfCcUA
bLNaIpUC,EfCcUA,SeuibENqqf,bLNaIpUC,bLNaIpUC,EfCcUA
SeuibENqqf
SeuibENqqf
SeuibENqqf
SeuibENqqf
EfCcUA
SeuibENqqf,EfCcUA,bLNaIpUC,bLNaIpUC,bLNaIpUC,EfCcUA,bLNaIpUC,EfCcUA,SeuibENqqf
EfCcUA
EfCcUA,bLNaIpUC,EfCcUA,bLNaIpUC,bLNaIpUC,bLNaIpUC,EfCcUA
bLNaIpUC
EfCcUA,EfCcUA,bLNaIpUC,bLNaIpUC,bLNaIpUC,EfCcUA,SeuibENqqf
EfCcUA,EfCcUA,bLNaIpUC,SeuibENqqf,bLNaIpUC,bLNaIpUC,EfCcUA,bLNaIpUC
EfCcUA,bLNaIpUC,bLNaIpUC,SeuibENqqf,EfCcUA,bLNaIpUC,bLNaIpUC,EfCcUA,bLNaIpUC
EfCcUA
EfCcUA
EfCcUA,bLNaIpUC,bLNaIpUC,SeuibENqqf,EfCcUA,bLNaIpUC,bLNaIpUC,EfCcUA,bLNaIpUC
EfCcUA,bLNaIpUC,bLNaIpUC,EfCcUA,bLNaIpUC
EfCcUA,bLNaIpUC,bLNaIpUC,EfCcUA,bLNaIpUC
EfCcUA,bLNaIpUC,bLNaIpUC,EfCcUA,bLNaIpUC
EfCcUA,bLNaIpUC,bLNaIpUC,EfCcUA,bLNaIpUC
bLNaIpUC,EfCcUA,bLNaIpUC,bLNaIpUC,EfCcUA,SeuibENqqf
bLNaIpUC
EfCcUA
EfCcUA
EfCcUA,bLNaIpUC,bLNaIpUC,SeuibENqqf,EfCcUA,bLNaIpUC,bLNaIpUC,EfCcUA,bLNaIpUC
bLNaIpUC
bLNaIpUC
bLNaIpUC
bLNaIpUC,bLNaIpUC,SeuibENqqf,EfCcUA,EfCcUA,bLNaIpUC,bLNaIpUC,EfCcUA,bLNaIpUC
bLNaIpUC,bLNaIpUC,EfCcUA,bLNaIpUC,bLNaIpUC,EfCcUA,EfCcUA,bLNaIpUC
EfCcUA
bLNaIpUC,SeuibENqqf,EfCcUA,bLNaIpUC,bLNaIpUC,EfCcUA,bLNaIpUC,EfCcUA,bLNaIpUC
bLNaIpUC
bLNaIpUC,SeuibENqqf,bLNaIpUC,bLNaIpUC,EfCcUA,bLNaIpUC,EfCcUA,EfCcUA,bLNaIpUC
bLNaIpUC,bLNaIpUC,EfCcUA,EfCcUA,EfCcUA,bLNaIpUC
bLNaIpUC,EfCcUA,EfCcUA,EfCcUA,bLNaIpUC
EfCcUA
SeuibENqqf
bLNaIpUC,EfCcUA,EfCcUA,EfCcUA,bLNaIpUC,SeuibENqqf,SeuibENqqf
EfCcUA,bLNaIpUC,EfCcUA,EfCcUA,bLNaIpUC,SeuibENqqf,SeuibENqqf
EfCcUA,bLNaIpUC,EfCcUA,EfCcUA,bLNaIpUC,SeuibENqqf,SeuibENqqf
EfCcUA,bLNaIpUC,EfCcUA,EfCcUA,bLNaIpUC,SeuibENqqf,SeuibENqqf
bLNaIpUC
bLNaIpUC,EfCcUA,EfCcUA,EfCcUA,bLNaIpUC,SeuibENqqf,SeuibENqqf,SeuibENqqf,SeuibENqqf
EfCcUA
EfCcUA
bLNaIpUC,EfCcUA,EfCcUA,EfCcUA,bLNaIpUC,SeuibENqqf,SeuibENqqf,SeuibENqqf,SeuibENqqf
EfCcUA,bLNaIpUC,EfCcUA,EfCcUA,bLNaIpUC,SeuibENqqf,SeuibENqqf,SeuibENqqf,SeuibENqqf
EfCcUA
EfCcUA
EfCcUA
bLNaIpUC
bLNaIpUC,EfCcUA,bLNaIpUC,EfCcUA,EfCcUA,SeuibENqqf,SeuibENqqf,SeuibENqqf,bLNaIpUC,SeuibENqqf,SeuibENqqf
bLNaIpUC,EfCcUA,bLNaIpUC,EfCcUA,EfCcUA,SeuibENqqf,SeuibENqqf,SeuibENqqf,bLNaIpUC,SeuibENqqf,SeuibENqqf
EfCcUA
bLNaIpUC,EfCcUA,bLNaIpUC,EfCcUA,EfCcUA,SeuibENqqf,SeuibENqqf,SeuibENqqf,bLNaIpUC,SeuibENqqf,SeuibENqqf,SeuibENqqf,bLNaIpUC
SeuibENqqf
SeuibENqqf
EfCcUA,bLNaIpUC,EfCcUA,EfCcUA,SeuibENqqf,SeuibENqqf,bLNaIpUC,SeuibENqqf,bLNaIpUC,SeuibENqqf,SeuibENqqf,SeuibENqqf,bLNaIpUC
EfCcUA,bLNaIpUC,EfCcUA,EfCcUA,SeuibENqqf,SeuibENqqf,bLNaIpUC,SeuibENqqf,bLNaIpUC,SeuibENqqf,SeuibENqqf,SeuibENqqf,bLNaIpUC,bLNaIpUC
EfCcUA
bLNaIpUC,EfCcUA,SeuibENqqf,EfCcUA,SeuibENqqf,bLNaIpUC,SeuibENqqf,bLNaIpUC,SeuibENqqf,SeuibENqqf,SeuibENqqf,bLNaIpUC,bLNaIpUC,EfCcUA
bLNaIpUC,EfCcUA,SeuibENqqf,EfCcUA,SeuibENqqf,bLNaIpUC,SeuibENqqf,bLNaIpUC,SeuibENqqf,SeuibENqqf,SeuibENqqf,bLNaIpUC,bLNaIpUC,EfCcUA
bLNaIpUC,EfCcUA,EfCcUA,SeuibENqqf,bLNaIpUC,SeuibENqqf,bLNaIpUC,SeuibENqqf,SeuibENqqf,SeuibENqqf,bLNaIpUC,bLNaIpUC,EfCcUA,EfCcUA
EfCcUA,EfCcUA,SeuibENqqf,bLNaIpUC,SeuibENqqf,bLNaIpUC,SeuibENqqf,SeuibENqqf,SeuibENqqf,bLNaIpUC,bLNaIpUC,EfCcUA,EfCcUA
EfCcUA,SeuibENqqf,EfCcUA,bLNaIpUC,SeuibENqqf,bLNaIpUC,SeuibENqqf,SeuibENqqf,SeuibENqqf,bLNaIpUC,bLNaIpUC,EfCcUA,EfCcUA
EfCcUA,SeuibENqqf,EfCcUA,bLNaIpUC,SeuibENqqf,bLNaIpUC,SeuibENqqf,SeuibENqqf,SeuibENqqf,bLNaIpUC,bLNaIpUC,EfCcUA,EfCcUA
EfCcUA,SeuibENqqf,bLNaIpUC,EfCcUA,SeuibENqqf,bLNaIpUC,SeuibENqqf,SeuibENqqf,SeuibENqqf,bLNaIpUC,bLNaIpUC,EfCcUA,EfCcUA
bLNaIpUC
bLNaIpUC
EfCcUA,SeuibENqqf,bLNaIpUC,EfCcUA,SeuibENqqf,bLNaIpUC,SeuibENqqf,SeuibENqqf,SeuibENqqf,bLNaIpUC,bLNaIpUC,EfCcUA,EfCcUA
bLNaIpUC,EfCcUA,bLNaIpUC,EfCcUA,EfCcUA,SeuibENqqf,SeuibENqqf,SeuibENqqf,bLNaIpUC,SeuibENqqf,SeuibENqqf,SeuibENqqf,bLNaIpUC
bLNaIpUC,EfCcUA,bLNaIpUC,EfCcUA,EfCcUA,SeuibENqqf,SeuibENqqf,SeuibENqqf,bLNaIpUC,SeuibENqqf,SeuibENqqf,SeuibENqqf,bLNaIpUC
bLNaIpUC,EfCcUA,bLNaIpUC,EfCcUA,EfCcUA,SeuibENqqf,SeuibENqqf,SeuibENqqf,bLNaIpUC,SeuibENqqf,SeuibENqqf,SeuibENqqf,bLNaIpUC
SeuibENqqf
SeuibENqqf
bLNaIpUC,EfCcUA,bLNaIpUC,EfCcUA,EfCcUA,SeuibENqqf,SeuibENqqf,SeuibENqqf,bLNaIpUC,SeuibENqqf,SeuibENqqf,SeuibENqqf,bLNaIpUC,bLNaIpUC
SeuibENqqf
SeuibENqqf
EfCcUA,bLNaIpUC,EfCcUA,EfCcUA,SeuibENqqf,SeuibENqqf,bLNaIpUC,SeuibENqqf,bLNaIpUC,SeuibENqqf,SeuibENqqf,SeuibENqqf,bLNaIpUC
bLNaIpUC
bLNaIpUC
bLNaIpUC,EfCcUA,EfCcUA,SeuibENqqf,SeuibENqqf,bLNaIpUC,SeuibENqqf,EfCcUA,bLNaIpUC,SeuibENqqf,SeuibENqqf,SeuibENqqf,bLNaIpUC,SeuibENqqf
EfCcUA
SeuibENqqf
EfCcUA,SeuibENqqf,EfCcUA,SeuibENqqf,EfCcUA,bLNaIpUC,SeuibENqqf,SeuibENqqf,SeuibENqqf,bLNaIpUC,SeuibENqqf,EfCcUA,SeuibENqqf,SeuibENqqf
EfCcUA,SeuibENqqf,EfCcUA,SeuibENqqf,EfCcUA,bLNaIpUC,SeuibENqqf,SeuibENqqf,SeuibENqqf,bLNaIpUC,SeuibENqqf,EfCcUA,SeuibENqqf,SeuibENqqf
SeuibENqqf
bLNaIpUC
bLNaIpUC
bLNaIpUC
EfCcUA,EfCcUA,SeuibENqqf,SeuibENqqf,SeuibENqqf,bLNaIpUC,bLNaIpUC,bLNaIpUC,SeuibENqqf,SeuibENqqf,SeuibENqqf,bLNaIpUC,SeuibENqqf,bLNaIpUC,EfCcUA,SeuibENqqf
bLNaIpUC
EfCcUA,EfCcUA,SeuibENqqf,SeuibENqqf,SeuibENqqf,bLNaIpUC,bLNaIpUC,bLNaIpUC,SeuibENqqf,SeuibENqqf,SeuibENqqf,bLNaIpUC,SeuibENqqf,bLNaIpUC,EfCcUA,SeuibENqqf
EfCcUA,EfCcUA,SeuibENqqf,SeuibENqqf,SeuibENqqf,bLNaIpUC,bLNaIpUC,bLNaIpUC,SeuibENqqf,SeuibENqqf,SeuibENqqf,bLNaIpUC,SeuibENqqf,bLNaIpUC,EfCcUA,SeuibENqqf,SeuibENqqf,bLNaIpUC
EfCcUA,EfCcUA,SeuibENqqf,SeuibENqqf,bLNaIpUC,bLNaIpUC,bLNaIpUC,SeuibENqqf,SeuibENqqf,SeuibENqqf,bLNaIpUC,SeuibENqqf,bLNaIpUC,EfCcUA,SeuibENqqf,SeuibENqqf,bLNaIpUC
SeuibENqqf
SeuibENqqf
SeuibENqqf
EfCcUA,EfCcUA,SeuibENqqf,bLNaIpUC,bLNaIpUC,bLNaIpUC,SeuibENqqf,SeuibENqqf,SeuibENqqf,bLNaIpUC,SeuibENqqf,SeuibENqqf,bLNaIpUC,EfCcUA,SeuibENqqf,SeuibENqqf,bLNaIpUC,bLNaIpUC
EfCcUA,EfCcUA,SeuibENqqf,SeuibENqqf,bLNaIpUC,bLNaIpUC,bLNaIpUC,SeuibENqqf,SeuibENqqf,SeuibENqqf,bLNaIpUC,SeuibENqqf,bLNaIpUC,EfCcUA,SeuibENqqf,SeuibENqqf,bLNaIpUC,bLNaIpUC
bLNaIpUC
bLNaIpUC
EfCcUA,SeuibENqqf,SeuibENqqf,bLNaIpUC,bLNaIpUC,bLNaIpUC,SeuibENqqf,SeuibENqqf,SeuibENqqf,bLNaIpUC,SeuibENqqf,bLNaIpUC,EfCcUA,SeuibENqqf,SeuibENqqf,bLNaIpUC,bLNaIpUC,SeuibENqqf
EfCcUA,SeuibENqqf,SeuibENqqf,bLNaIpUC,bLNaIpUC,bLNaIpUC,SeuibENqqf,SeuibENqqf,SeuibENqqf,bLNaIpUC,SeuibENqqf,bLNaIpUC,EfCcUA,SeuibENqqf,SeuibENqqf,bLNaIpUC,bLNaIpUC,SeuibENqqf,SeuibENqqf
SeuibENqqf
bLNaIpUC
SeuibENqqf
SeuibENqqf,SeuibENqqf,bLNaIpUC,bLNaIpUC,SeuibENqqf,SeuibENqqf,SeuibENqqf,bLNaIpUC,SeuibENqqf,bLNaIpUC,EfCcUA,SeuibENqqf,bLNaIpUC,SeuibENqqf,bLNaIpUC,bLNaIpUC,SeuibENqqf,SeuibENqqf,bLNaIpUC,EfCcUA
SeuibENqqf,SeuibENqqf,bLNaIpUC,bLNaIpUC,SeuibENqqf,SeuibENqqf,SeuibENqqf,bLNaIpUC,SeuibENqqf,bLNaIpUC,EfCcUA,SeuibENqqf,bLNaIpUC,SeuibENqqf,bLNaIpUC,bLNaIpUC,SeuibENqqf,SeuibENqqf,bLNaIpUC,EfCcUA
SeuibENqqf,SeuibENqqf,bLNaIpUC,bLNaIpUC,SeuibENqqf,SeuibENqqf,SeuibENqqf,bLNaIpUC,SeuibENqqf,bLNaIpUC,EfCcUA,SeuibENqqf,bLNaIpUC,SeuibENqqf,bLNaIpUC,bLNaIpUC,SeuibENqqf,SeuibENqqf,bLNaIpUC,EfCcUA
bLNaIpUC
SeuibENqqf,bLNaIpUC,bLNaIpUC,SeuibENqqf,SeuibENqqf,SeuibENqqf,bLNaIpUC,SeuibENqqf,bLNaIpUC,EfCcUA,SeuibENqqf,bLNaIpUC,SeuibENqqf,bLNaIpUC,bLNaIpUC,SeuibENqqf,SeuibENqqf,bLNaIpUC,EfCcUA
SeuibENqqf
bLNaIpUC,bLNaIpUC,SeuibENqqf,SeuibENqqf,bLNaIpUC,SeuibENqqf,bLNaIpUC,SeuibENqqf,bLNaIpUC,SeuibENqqf,SeuibENqqf,EfCcUA,bLNaIpUC,bLNaIpUC,SeuibENqqf,SeuibENqqf,bLNaIpUC,EfCcUA,EfCcUA,bLNaIpUC,bLNaIpUC
bLNaIpUC,bLNaIpUC,SeuibENqqf,SeuibENqqf,bLNaIpUC,SeuibENqqf,bLNaIpUC,SeuibENqqf,bLNaIpUC,SeuibENqqf,SeuibENqqf,bLNaIpUC,bLNaIpUC,SeuibENqqf,SeuibENqqf,bLNaIpUC,EfCcUA,EfCcUA,bLNaIpUC,bLNaIpUC
SeuibENqqf
SeuibENqqf,SeuibENqqf,SeuibENqqf,SeuibENqqf,bLNaIpUC,SeuibENqqf,bLNaIpUC,EfCcUA,SeuibENqqf,bLNaIpUC,SeuibENqqf,bLNaIpUC,bLNaIpUC,bLNaIpUC,SeuibENqqf,SeuibENqqf,bLNaIpUC,EfCcUA,EfCcUA
EfCcUA
SeuibENqqf,SeuibENqqf,SeuibENqqf,bLNaIpUC,SeuibENqqf,bLNaIpUC,SeuibENqqf,bLNaIpUC,SeuibENqqf,bLNaIpUC,EfCcUA,bLNaIpUC,bLNaIpUC,SeuibENqqf,SeuibENqqf,bLNaIpUC,EfCcUA,EfCcUA,EfCcUA,EfCcUA
SeuibENqqf,SeuibENqqf,bLNaIpUC,SeuibENqqf,bLNaIpUC,SeuibENqqf,bLNaIpUC,SeuibENqqf,bLNaIpUC,EfCcUA,bLNaIpUC,bLNaIpUC,SeuibENqqf,SeuibENqqf,bLNaIpUC,EfCcUA,EfCcUA,EfCcUA,EfCcUA
EfCcUA
EfCcUA
bLNaIpUC
SeuibENqqf,SeuibENqqf,SeuibENqqf,SeuibENqqf,bLNaIpUC,SeuibENqqf,bLNaIpUC,bLNaIpUC,bLNaIpUC,bLNaIpUC,SeuibENqqf,SeuibENqqf,bLNaIpUC,EfCcUA,EfCcUA,EfCcUA,EfCcUA,bLNaIpUC,EfCcUA,SeuibENqqf,bLNaIpUC,bLNaIpUC
bLNaIpUC
EfCcUA
SeuibENqqf,SeuibENqqf,SeuibENqqf,bLNaIpUC,SeuibENqqf,bLNaIpUC,SeuibENqqf,bLNaIpUC,bLNaIpUC,bLNaIpUC,EfCcUA,SeuibENqqf,SeuibENqqf,bLNaIpUC,EfCcUA,EfCcUA,EfCcUA,EfCcUA,bLNaIpUC,EfCcUA
bLNaIpUC
SeuibENqqf,SeuibENqqf,SeuibENqqf,SeuibENqqf,bLNaIpUC,SeuibENqqf,bLNaIpUC,bLNaIpUC,bLNaIpUC,EfCcUA,SeuibENqqf,SeuibENqqf,bLNaIpUC,bLNaIpUC,EfCcUA,EfCcUA,EfCcUA,EfCcUA,bLNaIpUC,EfCcUA,SeuibENqqf
SeuibENqqf,SeuibENqqf,SeuibENqqf,SeuibENqqf,bLNaIpUC,SeuibENqqf,bLNaIpUC,bLNaIpUC,bLNaIpUC,EfCcUA,SeuibENqqf,SeuibENqqf,bLNaIpUC,bLNaIpUC,EfCcUA,EfCcUA,EfCcUA,EfCcUA,bLNaIpUC,EfCcUA,SeuibENqqf
bLNaIpUC
SeuibENqqf
SeuibENqqf
SeuibENqqf
SeuibENqqf,SeuibENqqf,SeuibENqqf,SeuibENqqf,bLNaIpUC,SeuibENqqf,bLNaIpUC,bLNaIpUC,bLNaIpUC,EfCcUA,SeuibENqqf,SeuibENqqf,bLNaIpUC,bLNaIpUC,EfCcUA,EfCcUA,EfCcUA,EfCcUA,bLNaIpUC,EfCcUA
bLNaIpUC
SeuibENqqf,SeuibENqqf,SeuibENqqf,SeuibENqqf,bLNaIpUC,SeuibENqqf,bLNaIpUC,bLNaIpUC,bLNaIpUC,EfCcUA,SeuibENqqf,SeuibENqqf,bLNaIpUC,bLNaIpUC,EfCcUA,EfCcUA,EfCcUA,EfCcUA,bLNaIpUC,EfCcUA
bLNaIpUC
bLNaIpUC
bLNaIpUC
bLNaIpUC
bLNaIpUC
bLNaIpUC
SeuibENqqf,SeuibENqqf,SeuibENqqf,SeuibENqqf,bLNaIpUC,SeuibENqqf,bLNaIpUC,bLNaIpUC,bLNaIpUC,EfCcUA,SeuibENqqf,SeuibENqqf,bLNaIpUC,bLNaIpUC,EfCcUA,EfCcUA,EfCcUA,EfCcUA,bLNaIpUC,EfCcUA
SeuibENqqf,SeuibENqqf,SeuibENqqf,SeuibENqqf,bLNaIpUC,bLNaIpUC,bLNaIpUC,SeuibENqqf,SeuibENqqf,bLNaIpUC,SeuibENqqf,bLNaIpUC,EfCcUA,EfCcUA,EfCcUA,EfCcUA,bLNaIpUC,EfCcUA
SeuibENqqf,SeuibENqqf,SeuibENqqf,SeuibENqqf,bLNaIpUC,bLNaIpUC,bLNaIpUC,SeuibENqqf,SeuibENqqf,bLNaIpUC,SeuibENqqf,bLNaIpUC,EfCcUA,EfCcUA,EfCcUA,EfCcUA,bLNaIpUC,EfCcUA
bLNaIpUC
EfCcUA
SeuibENqqf,SeuibENqqf,SeuibENqqf,bLNaIpUC,SeuibENqqf,bLNaIpUC,bLNaIpUC,bLNaIpUC,SeuibENqqf,SeuibENqqf,bLNaIpUC,EfCcUA,bLNaIpUC,EfCcUA,EfCcUA,EfCcUA,EfCcUA,bLNaIpUC,EfCcUA,EfCcUA,bLNaIpUC,SeuibENqqf
bLNaIpUC
bLNaIpUC
bLNaIpUC
bLNaIpUC
SeuibENqqf,SeuibENqqf,SeuibENqqf,SeuibENqqf,bLNaIpUC,bLNaIpUC,bLNaIpUC,SeuibENqqf,SeuibENqqf,bLNaIpUC,bLNaIpUC,bLNaIpUC,EfCcUA,EfCcUA,EfCcUA,EfCcUA,bLNaIpUC,EfCcUA,EfCcUA,bLNaIpUC,SeuibENqqf,EfCcUA,SeuibENqqf
bLNaIpUC
bLNaIpUC
bLNaIpUC
bLNaIpUC
bLNaIpUC
bLNaIpUC
bLNaIpUC
bLNaIpUC
SeuibENqqf,SeuibENqqf,SeuibENqqf,SeuibENqqf,bLNaIpUC,bLNaIpUC,bLNaIpUC,SeuibENqqf,SeuibENqqf,bLNaIpUC,bLNaIpUC,EfCcUA,EfCcUA,EfCcUA,EfCcUA,bLNaIpUC,EfCcUA,EfCcUA,bLNaIpUC,EfCcUA,bLNaIpUC
SeuibENqqf,SeuibENqqf,SeuibENqqf,bLNaIpUC,bLNaIpUC,bLNaIpUC,SeuibENqqf,SeuibENqqf,bLNaIpUC,bLNaIpUC,SeuibENqqf,EfCcUA,EfCcUA,EfCcUA,EfCcUA,bLNaIpUC,EfCcUA,EfCcUA,bLNaIpUC,EfCcUA,bLNaIpUC
SeuibENqqf
SeuibENqqf
SeuibENqqf,bLNaIpUC,bLNaIpUC,bLNaIpUC,SeuibENqqf,SeuibENqqf,bLNaIpUC,EfCcUA,bLNaIpUC,SeuibENqqf,EfCcUA,EfCcUA,EfCcUA,EfCcUA,bLNaIpUC,EfCcUA,EfCcUA,bLNaIpUC
SeuibENqqf
SeuibENqqf,bLNaIpUC,bLNaIpUC,bLNaIpUC,SeuibENqqf,SeuibENqqf,bLNaIpUC,EfCcUA,bLNaIpUC,SeuibENqqf,EfCcUA,EfCcUA,EfCcUA,EfCcUA,bLNaIpUC,EfCcUA,EfCcUA,bLNaIpUC,bLNaIpUC
SeuibENqqf,bLNaIpUC,bLNaIpUC,SeuibENqqf,SeuibENqqf,bLNaIpUC,bLNaIpUC,SeuibENqqf,EfCcUA,EfCcUA,EfCcUA,EfCcUA,bLNaIpUC,EfCcUA,EfCcUA,bLNaIpUC,bLNaIpUC
SeuibENqqf
bLNaIpUC,bLNaIpUC,SeuibENqqf,SeuibENqqf,bLNaIpUC,bLNaIpUC,SeuibENqqf,EfCcUA,SeuibENqqf,EfCcUA,EfCcUA,EfCcUA,bLNaIpUC,EfCcUA,EfCcUA,bLNaIpUC,bLNaIpUC
EfCcUA
EfCcUA
SeuibENqqf,bLNaIpUC,bLNaIpUC,SeuibENqqf,SeuibENqqf,bLNaIpUC,bLNaIpUC,SeuibENqqf,EfCcUA,EfCcUA,EfCcUA,EfCcUA,bLNaIpUC,EfCcUA,EfCcUA,bLNaIpUC,bLNaIpUC
SeuibENqqf,bLNaIpUC,bLNaIpUC,SeuibENqqf,SeuibENqqf,bLNaIpUC,bLNaIpUC,SeuibENqqf,EfCcUA,EfCcUA,EfCcUA,EfCcUA,bLNaIpUC,EfCcUA,EfCcUA,bLNaIpUC,bLNaIpUC
EfCcUA
SeuibENqqf,bLNaIpUC,bLNaIpUC,SeuibENqqf,SeuibENqqf,bLNaIpUC,bLNaIpUC,SeuibENqqf,EfCcUA,EfCcUA,EfCcUA,bLNaIpUC,EfCcUA,EfCcUA,bLNaIpUC,bLNaIpUC
EfCcUA
SeuibENqqf,bLNaIpUC,bLNaIpUC,SeuibENqqf,SeuibENqqf,bLNaIpUC,bLNaIpUC,SeuibENqqf,EfCcUA,EfCcUA,EfCcUA,bLNaIpUC,EfCcUA,EfCcUA,bLNaIpUC,bLNaIpUC
bLNaIpUC,bLNaIpUC,SeuibENqqf,bLNaIpUC,bLNaIpUC,SeuibENqqf,EfCcUA,EfCcUA,EfCcUA,SeuibENqqf,SeuibENqqf,bLNaIpUC,EfCcUA,EfCcUA,bLNaIpUC,bLNaIpUC,EfCcUA
EfCcUA
EfCcUA
SeuibENqqf,bLNaIpUC,SeuibENqqf,SeuibENqqf,bLNaIpUC,bLNaIpUC,SeuibENqqf,EfCcUA,EfCcUA,EfCcUA,bLNaIpUC,EfCcUA,EfCcUA,bLNaIpUC,bLNaIpUC,bLNaIpUC,bLNaIpUC,SeuibENqqf
SeuibENqqf,bLNaIpUC,SeuibENqqf,SeuibENqqf,bLNaIpUC,bLNaIpUC,SeuibENqqf,EfCcUA,EfCcUA,EfCcUA,bLNaIpUC,EfCcUA,EfCcUA,bLNaIpUC,bLNaIpUC,bLNaIpUC,bLNaIpUC,SeuibENqqf
SeuibENqqf,bLNaIpUC,SeuibENqqf,SeuibENqqf,bLNaIpUC,bLNaIpUC,SeuibENqqf,EfCcUA,EfCcUA,EfCcUA,bLNaIpUC,EfCcUA,EfCcUA,bLNaIpUC,bLNaIpUC,bLNaIpUC,bLNaIpUC,SeuibENqqf
SeuibENqqf,bLNaIpUC,SeuibENqqf,SeuibENqqf,bLNaIpUC,bLNaIpUC,SeuibENqqf,EfCcUA,EfCcUA,EfCcUA,bLNaIpUC,EfCcUA,EfCcUA,bLNaIpUC,bLNaIpUC,bLNaIpUC,bLNaIpUC,SeuibENqqf
SeuibENqqf,bLNaIpUC,SeuibENqqf,SeuibENqqf,bLNaIpUC,bLNaIpUC,SeuibENqqf,EfCcUA,EfCcUA,EfCcUA,bLNaIpUC,EfCcUA,EfCcUA,bLNaIpUC,bLNaIpUC,bLNaIpUC,bLNaIpUC,SeuibENqqf
SeuibENqqf,bLNaIpUC,SeuibENqqf,SeuibENqqf,bLNaIpUC,bLNaIpUC,SeuibENqqf,EfCcUA,EfCcUA,EfCcUA,bLNaIpUC,EfCcUA,EfCcUA,bLNaIpUC,bLNaIpUC,bLNaIpUC,bLNaIpUC,SeuibENqqf,SeuibENqqf
bLNaIpUC
SeuibENqqf,bLNaIpUC,SeuibENqqf,SeuibENqqf,bLNaIpUC,bLNaIpUC,SeuibENqqf,EfCcUA,EfCcUA,EfCcUA,bLNaIpUC,EfCcUA,EfCcUA,bLNaIpUC,bLNaIpUC,bLNaIpUC,bLNaIpUC,SeuibENqqf
SeuibENqqf,bLNaIpUC,SeuibENqqf,SeuibENqqf,bLNaIpUC,bLNaIpUC,SeuibENqqf,EfCcUA,EfCcUA,EfCcUA,bLNaIpUC,EfCcUA,EfCcUA,bLNaIpUC,bLNaIpUC,bLNaIpUC,bLNaIpUC,SeuibENqqf
SeuibENqqf,SeuibENqqf,SeuibENqqf,bLNaIpUC,bLNaIpUC,SeuibENqqf,EfCcUA,EfCcUA,EfCcUA,bLNaIpUC,EfCcUA,EfCcUA,bLNaIpUC,bLNaIpUC,bLNaIpUC,bLNaIpUC,bLNaIpUC,SeuibENqqf,SeuibENqqf,EfCcUA
bLNaIpUC
SeuibENqqf,SeuibENqqf,SeuibENqqf,bLNaIpUC,SeuibENqqf,EfCcUA,bLNaIpUC,EfCcUA,EfCcUA,bLNaIpUC,EfCcUA,EfCcUA,bLNaIpUC,bLNaIpUC,bLNaIpUC,bLNaIpUC,SeuibENqqf,SeuibENqqf,EfCcUA
SeuibENqqf,bLNaIpUC,SeuibENqqf,SeuibENqqf,bLNaIpUC,bLNaIpUC,SeuibENqqf,EfCcUA,EfCcUA,EfCcUA,bLNaIpUC,EfCcUA,EfCcUA,bLNaIpUC,bLNaIpUC,bLNaIpUC,bLNaIpUC,SeuibENqqf
bLNaIpUC,SeuibENqqf,SeuibENqqf,bLNaIpUC,bLNaIpUC,SeuibENqqf,EfCcUA,EfCcUA,EfCcUA,bLNaIpUC,EfCcUA,EfCcUA,bLNaIpUC,bLNaIpUC,bLNaIpUC,bLNaIpUC,SeuibENqqf
bLNaIpUC
SeuibENqqf
SeuibENqqf
SeuibENqqf
SeuibENqqf,bLNaIpUC,SeuibENqqf,EfCcUA,EfCcUA,EfCcUA,bLNaIpUC,EfCcUA,EfCcUA,bLNaIpUC,bLNaIpUC,bLNaIpUC,SeuibENqqf,bLNaIpUC,bLNaIpUC,bLNaIpUC,SeuibENqqf,SeuibENqqf,bLNaIpUC
SeuibENqqf,SeuibENqqf,EfCcUA,EfCcUA,EfCcUA,bLNaIpUC,EfCcUA,EfCcUA,bLNaIpUC,bLNaIpUC,bLNaIpUC,SeuibENqqf,bLNaIpUC,bLNaIpUC,bLNaIpUC,SeuibENqqf,SeuibENqqf,bLNaIpUC
bLNaIpUC
SeuibENqqf,EfCcUA,EfCcUA,EfCcUA,EfCcUA,EfCcUA,bLNaIpUC,SeuibENqqf,bLNaIpUC,bLNaIpUC,SeuibENqqf,bLNaIpUC,bLNaIpUC,bLNaIpUC,bLNaIpUC,SeuibENqqf,SeuibENqqf,bLNaIpUC,EfCcUA,SeuibENqqf
bLNaIpUC
SeuibENqqf,EfCcUA,EfCcUA,EfCcUA,EfCcUA,EfCcUA,bLNaIpUC,SeuibENqqf,bLNaIpUC,bLNaIpUC,SeuibENqqf,bLNaIpUC,bLNaIpUC,bLNaIpUC,bLNaIpUC,SeuibENqqf,SeuibENqqf,bLNaIpUC,EfCcUA,SeuibENqqf,bLNaIpUC
SeuibENqqf,EfCcUA,EfCcUA,EfCcUA,EfCcUA,EfCcUA,bLNaIpUC,SeuibENqqf,bLNaIpUC,bLNaIpUC,SeuibENqqf,bLNaIpUC,bLNaIpUC,bLNaIpUC,bLNaIpUC,SeuibENqqf,SeuibENqqf,bLNaIpUC,EfCcUA,SeuibENqqf,bLNaIpUC
bLNaIpUC
SeuibENqqf,SeuibENqqf,EfCcUA,EfCcUA,EfCcUA,bLNaIpUC,EfCcUA,EfCcUA,bLNaIpUC,bLNaIpUC,bLNaIpUC,SeuibENqqf,bLNaIpUC,bLNaIpUC,bLNaIpUC,SeuibENqqf,SeuibENqqf,bLNaIpUC,bLNaIpUC
bLNaIpUC
Jedi Wagner, assuma o comando!