vmPG
vmPG
rKWTJiNUkX,vmPG
vmPG
vmPG
rKWTJiNUkX,vmPG
rKWTJiNUkX,vmPG
rKWTJiNUkX,vmPG
rKWTJiNUkX
rKWTJiNUkX
rKWTJiNUkX
rKWTJiNUkX
rKWTJiNUkX,vmPG
rKWTJiNUkX,vmPG
rKWTJiNUkX,vmPG
rKWTJiNUkX
rKWTJiNUkX
rKWTJiNUkX
rKWTJiNUkX,vmPG
rKWTJiNUkX,vmPG
rKWTJiNUkX,vmPG
vmPG
vmPG
vmPG
vmPG
rKWTJiNUkX,vmPG
vmPG
rKWTJiNUkX,vmPG,vmPG
rKWTJiNUkX,vmPG
rKWTJiNUkX,vmPG,rKWTJiNUkX
rKWTJiNUkX,vmPG,rKWTJiNUkX,czTSiMi
rKWTJiNUkX
rKWTJiNUkX,vmPG
rKWTJiNUkX
rKWTJiNUkX,vmPG,czTSiMi,rKWTJiNUkX
vmPG
rKWTJiNUkX,vmPG
rKWTJiNUkX
rKWTJiNUkX,vmPG
rKWTJiNUkX
rKWTJiNUkX,vmPG
rKWTJiNUkX,vmPG
rKWTJiNUkX
rKWTJiNUkX
rKWTJiNUkX
rKWTJiNUkX,vmPG,T,T,vmPG
vmPG
rKWTJiNUkX,vmPG,T,T,vmPG,ZxpAEJLy
rKWTJiNUkX,vmPG,T,T,vmPG,ZxpAEJLy,T
rKWTJiNUkX,vmPG,T,T,vmPG,ZxpAEJLy,T
rKWTJiNUkX,vmPG,T,T,vmPG,rKWTJiNUkX,vmPG,NYtGiVcY
vmPG
rKWTJiNUkX,vmPG,T,T,vmPG,rKWTJiNUkX,vmPG,NYtGiVcY,czTSiMi,rKWTJiNUkX,T
rKWTJiNUkX,vmPG,T,T,vmPG,rKWTJiNUkX,vmPG,NYtGiVcY,czTSiMi,rKWTJiNUkX,T
rKWTJiNUkX,vmPG,T,T,vmPG
vmPG
vmPG
rKWTJiNUkX,vmPG,T,T,vmPG
rKWTJiNUkX,vmPG,T,T,vmPG
rKWTJiNUkX,vmPG,T,T,vmPG
T
T,rKWTJiNUkX,T,vmPG,rKWTJiNUkX
T
T,T,vmPG,rKWTJiNUkX
vmPG
T
T
T,T,vmPG,rKWTJiNUkX,eO
T
T
T,vmPG,rKWTJiNUkX,eO,T,NYtGiVcY
vmPG
T,vmPG,rKWTJiNUkX,eO,T,T,vmPG
rKWTJiNUkX
T,vmPG,rKWTJiNUkX,eO,T,eO
rKWTJiNUkX
vmPG,rKWTJiNUkX,T,eO,T,ZxpAEJLy,rKWTJiNUkX
T
T
eO
T,vmPG,rKWTJiNUkX,eO,T
rKWTJiNUkX
eO
eO
eO
T,vmPG,eO,NYtGiVcY,T
T,vmPG,eO,NYtGiVcY,T,vmPG,rKWTJiNUkX
eO
NYtGiVcY
NYtGiVcY
Jedi Wagner, assuma o comando!