Toque! Toque, Dijê!
Toque! Toque, Dijê!
Toque! Toque, Dijê!
Toque! Toque, Dijê!
Toque! Toque, Dijê!
Toque! Toque, Dijê!
Toque! Toque, Dijê!
[vazia]
[vazia]
KJwAyVi
KJwAyVi
KJwAyVi
KJwAyVi
KJwAyVi,KJwAyVi
KJwAyVi,KJwAyVi
KJwAyVi
KJwAyVi
KJwAyVi
KJwAyVi
KJwAyVi
[vazia]
[vazia]
Toque! Toque, Dijê!
Toque! Toque, Dijê!
KJwAyVi
KJwAyVi
KJwAyVi
KJwAyVi
KJwAyVi
KJwAyVi
KJwAyVi
KJwAyVi
KJwAyVi
KJwAyVi
KJwAyVi
KJwAyVi,KJwAyVi
KJwAyVi
KJwAyVi,KJwAyVi,KJwAyVi
KJwAyVi,KJwAyVi,KJwAyVi,KJwAyVi
KJwAyVi,KJwAyVi,KJwAyVi,KJwAyVi,KJwAyVi
KJwAyVi
KJwAyVi
KJwAyVi
KJwAyVi,KJwAyVi,KJwAyVi
KJwAyVi,KJwAyVi,KJwAyVi
KJwAyVi,KJwAyVi
KJwAyVi,KJwAyVi
KJwAyVi,KJwAyVi
KJwAyVi
KJwAyVi
KJwAyVi,KJwAyVi
KJwAyVi
KJwAyVi
KJwAyVi,KJwAyVi,KJwAyVi,KJwAyVi,KJwAyVi
KJwAyVi,KJwAyVi,KJwAyVi,KJwAyVi
KJwAyVi,KJwAyVi
KJwAyVi,KJwAyVi,KJwAyVi
KJwAyVi
KJwAyVi,KJwAyVi
KJwAyVi
KJwAyVi
KJwAyVi,KJwAyVi
KJwAyVi,KJwAyVi
KJwAyVi,KJwAyVi
KJwAyVi
KJwAyVi,KJwAyVi
KJwAyVi,KJwAyVi
KJwAyVi
KJwAyVi
KJwAyVi,KJwAyVi
KJwAyVi
KJwAyVi,KJwAyVi,KJwAyVi
KJwAyVi
KJwAyVi
KJwAyVi
KJwAyVi,KJwAyVi,KJwAyVi
KJwAyVi
KJwAyVi
KJwAyVi,KJwAyVi,KJwAyVi,KJwAyVi,KJwAyVi
KJwAyVi
KJwAyVi
KJwAyVi
KJwAyVi,KJwAyVi,KJwAyVi,KJwAyVi
KJwAyVi,KJwAyVi,KJwAyVi,KJwAyVi
KJwAyVi
KJwAyVi,KJwAyVi,KJwAyVi,KJwAyVi,KJwAyVi
KJwAyVi
KJwAyVi
KJwAyVi,KJwAyVi,KJwAyVi,KJwAyVi
KJwAyVi
KJwAyVi,KJwAyVi,KJwAyVi,KJwAyVi
KJwAyVi
KJwAyVi,KJwAyVi,KJwAyVi,KJwAyVi,KJwAyVi,KJwAyVi,KJwAyVi
KJwAyVi
KJwAyVi
KJwAyVi,KJwAyVi,KJwAyVi,KJwAyVi,KJwAyVi,KJwAyVi
KJwAyVi
KJwAyVi,KJwAyVi,KJwAyVi,KJwAyVi,KJwAyVi,KJwAyVi,KJwAyVi
KJwAyVi
KJwAyVi,KJwAyVi,KJwAyVi,KJwAyVi,KJwAyVi,KJwAyVi,KJwAyVi,KJwAyVi,KJwAyVi
KJwAyVi,KJwAyVi,KJwAyVi,KJwAyVi,KJwAyVi,KJwAyVi,KJwAyVi
KJwAyVi,KJwAyVi,KJwAyVi,KJwAyVi,KJwAyVi,KJwAyVi,KJwAyVi
KJwAyVi
KJwAyVi,KJwAyVi,KJwAyVi,KJwAyVi,KJwAyVi,KJwAyVi,KJwAyVi
KJwAyVi
KJwAyVi
KJwAyVi,KJwAyVi,KJwAyVi,KJwAyVi,KJwAyVi,KJwAyVi,KJwAyVi,KJwAyVi,KJwAyVi
KJwAyVi
KJwAyVi
KJwAyVi
KJwAyVi
KJwAyVi
KJwAyVi
KJwAyVi,KJwAyVi,KJwAyVi,KJwAyVi,KJwAyVi,KJwAyVi,KJwAyVi,KJwAyVi,KJwAyVi,KJwAyVi,KJwAyVi,KJwAyVi
KJwAyVi,KJwAyVi,KJwAyVi,KJwAyVi,KJwAyVi,KJwAyVi,KJwAyVi,KJwAyVi,KJwAyVi,KJwAyVi,KJwAyVi,KJwAyVi
KJwAyVi
KJwAyVi
KJwAyVi
KJwAyVi
KJwAyVi
KJwAyVi,KJwAyVi,KJwAyVi,KJwAyVi,KJwAyVi,KJwAyVi,KJwAyVi
KJwAyVi,KJwAyVi,KJwAyVi,KJwAyVi,KJwAyVi,KJwAyVi,KJwAyVi
KJwAyVi,KJwAyVi,KJwAyVi,KJwAyVi,KJwAyVi,KJwAyVi,KJwAyVi
KJwAyVi
KJwAyVi,KJwAyVi,KJwAyVi,KJwAyVi,KJwAyVi,KJwAyVi,KJwAyVi,KJwAyVi
KJwAyVi,KJwAyVi,KJwAyVi,KJwAyVi,KJwAyVi,KJwAyVi,KJwAyVi
KJwAyVi
KJwAyVi
KJwAyVi
KJwAyVi
KJwAyVi,KJwAyVi,KJwAyVi,KJwAyVi,KJwAyVi,KJwAyVi,KJwAyVi
KJwAyVi,KJwAyVi,KJwAyVi,KJwAyVi,KJwAyVi,KJwAyVi,KJwAyVi,KJwAyVi,KJwAyVi
KJwAyVi,KJwAyVi,KJwAyVi,KJwAyVi,KJwAyVi,KJwAyVi,KJwAyVi,KJwAyVi,KJwAyVi,KJwAyVi
KJwAyVi,KJwAyVi,KJwAyVi,KJwAyVi,KJwAyVi,KJwAyVi
KJwAyVi
KJwAyVi,KJwAyVi,KJwAyVi,KJwAyVi,KJwAyVi,KJwAyVi
KJwAyVi,KJwAyVi,KJwAyVi,KJwAyVi,KJwAyVi,KJwAyVi
KJwAyVi
KJwAyVi,KJwAyVi,KJwAyVi,KJwAyVi,KJwAyVi,KJwAyVi,KJwAyVi
KJwAyVi
KJwAyVi,KJwAyVi,KJwAyVi,KJwAyVi,KJwAyVi,KJwAyVi,KJwAyVi
KJwAyVi
KJwAyVi
KJwAyVi
KJwAyVi,KJwAyVi,KJwAyVi,KJwAyVi,KJwAyVi,KJwAyVi,KJwAyVi
KJwAyVi
KJwAyVi
KJwAyVi
KJwAyVi
KJwAyVi
KJwAyVi
KJwAyVi,KJwAyVi,KJwAyVi,KJwAyVi,KJwAyVi,KJwAyVi
KJwAyVi
KJwAyVi,KJwAyVi,KJwAyVi,KJwAyVi,KJwAyVi,KJwAyVi,KJwAyVi
KJwAyVi
KJwAyVi
KJwAyVi,KJwAyVi,KJwAyVi,KJwAyVi,KJwAyVi,KJwAyVi
KJwAyVi
KJwAyVi,KJwAyVi,KJwAyVi,KJwAyVi,KJwAyVi,KJwAyVi
KJwAyVi,KJwAyVi,KJwAyVi,KJwAyVi,KJwAyVi,KJwAyVi
KJwAyVi
KJwAyVi,KJwAyVi,KJwAyVi,KJwAyVi,KJwAyVi,KJwAyVi
KJwAyVi
Jedi Wagner, assuma o comando!