OXfNtxXxYL
[vazia]
Toque! Toque, Dijê!
MWIT
MWIT
MWIT
MWIT
MWIT
MWIT
MWIT
[vazia]
Toque! Toque, Dijê!
[vazia]
MWIT
MWIT
MWIT,MWIT,POE
MWIT,MWIT,POE
POE
POE
POE
POE
MWIT,MWIT,POE,POE,rySVZwFz
POE
MWIT,MWIT,POE
POE
POE
MWIT,MWIT,POE,GFFhL,rySVZwFz,MWIT
POE
MWIT,MWIT,POE
MWIT,MWIT,POE,POE,POE
POE
POE
MWIT,MWIT,POE,POE,POE
MWIT,MWIT,POE,POE,POE
MWIT
MWIT
MWIT
MWIT
MWIT
POE
MWIT,MWIT,POE,POE,POE
MWIT,MWIT,POE,POE,POE
MWIT,MWIT,POE,POE,POE,GFFhL,GFFhL
MWIT,MWIT,POE,POE,POE,GFFhL,GFFhL
MWIT,GFFhL,POE,MWIT,POE,POE,GFFhL,OXfNtxXxYL,Dshd
MWIT,GFFhL,POE,MWIT,POE,POE,GFFhL,OXfNtxXxYL
MWIT
MWIT,MWIT,POE,POE,POE,GFFhL,GFFhL,OXfNtxXxYL,Dshd
MWIT,MWIT,POE,POE,POE,GFFhL,OXfNtxXxYL,Dshd
MWIT,MWIT,POE,POE,POE,GFFhL,OXfNtxXxYL,Dshd
POE
POE
POE
POE,MWIT,POE,POE,GFFhL,OXfNtxXxYL,Dshd,rySVZwFz
Dshd
Dshd
Dshd
Dshd
MWIT,POE,MWIT,POE,POE,GFFhL,OXfNtxXxYL,rySVZwFz,rySVZwFz,MWIT
MWIT,POE,MWIT,POE,POE,GFFhL,rySVZwFz,rySVZwFz,MWIT,MWIT,POE
GFFhL
POE,MWIT,GFFhL,POE,POE,MWIT,MWIT,POE,OXfNtxXxYL,rySVZwFz
POE
POE
POE
POE
POE
POE
MWIT
POE,POE,POE,MWIT,MWIT,POE,rySVZwFz,GFFhL,Dshd
POE,POE,POE,MWIT,MWIT,POE,rySVZwFz,GFFhL
rySVZwFz
rySVZwFz
POE,MWIT,MWIT,POE,rySVZwFz,GFFhL,Dshd
POE,MWIT,MWIT,POE,rySVZwFz,GFFhL,Dshd
POE,MWIT,POE,rySVZwFz,GFFhL,MWIT,Dshd
POE,POE,MWIT,MWIT,Dshd,MWIT,rySVZwFz
POE,MWIT,MWIT,POE,GFFhL,Dshd
GFFhL
POE,MWIT,POE,GFFhL,MWIT,Dshd,OXfNtxXxYL,POE
MWIT
POE,MWIT,POE,MWIT,Dshd,OXfNtxXxYL,POE
Dshd
POE
POE
POE,POE,MWIT,OXfNtxXxYL,POE
POE
POE,POE,MWIT,OXfNtxXxYL,POE
POE,POE,MWIT,OXfNtxXxYL,POE
POE,POE,MWIT,OXfNtxXxYL,POE
POE,POE,OXfNtxXxYL,MWIT,POE
POE,POE,OXfNtxXxYL,MWIT,POE
POE,POE,OXfNtxXxYL,MWIT,POE
POE
POE
POE
POE,POE,OXfNtxXxYL,MWIT,POE,POE
POE,POE,OXfNtxXxYL,MWIT,POE,POE,OXfNtxXxYL
POE,POE,OXfNtxXxYL,MWIT,POE,POE,OXfNtxXxYL
POE,POE,OXfNtxXxYL,MWIT,POE,POE,OXfNtxXxYL
POE,MWIT,POE,OXfNtxXxYL,POE,POE,OXfNtxXxYL,POE
MWIT,POE,OXfNtxXxYL,POE,POE,OXfNtxXxYL,POE
MWIT,POE,OXfNtxXxYL,POE,POE,OXfNtxXxYL,POE
MWIT
MWIT,POE,OXfNtxXxYL,POE,POE,OXfNtxXxYL,POE,GFFhL
MWIT,POE,OXfNtxXxYL,POE,POE,OXfNtxXxYL,POE,GFFhL
POE
MWIT,POE,OXfNtxXxYL,POE,POE,OXfNtxXxYL,POE,GFFhL
MWIT,POE,OXfNtxXxYL,POE,POE,OXfNtxXxYL,POE,OXfNtxXxYL
MWIT,OXfNtxXxYL,POE,POE,OXfNtxXxYL,POE,OXfNtxXxYL,rySVZwFz
POE
MWIT,OXfNtxXxYL,POE,POE,OXfNtxXxYL,POE,OXfNtxXxYL,rySVZwFz
MWIT,OXfNtxXxYL,POE,POE,OXfNtxXxYL,POE,OXfNtxXxYL,rySVZwFz
MWIT,POE,POE,OXfNtxXxYL,OXfNtxXxYL,POE,OXfNtxXxYL,rySVZwFz
MWIT,POE,POE,OXfNtxXxYL,OXfNtxXxYL,POE,OXfNtxXxYL,rySVZwFz
MWIT,POE,POE,OXfNtxXxYL,OXfNtxXxYL,POE,OXfNtxXxYL
OXfNtxXxYL
OXfNtxXxYL
POE,POE,OXfNtxXxYL,POE,OXfNtxXxYL,OXfNtxXxYL,MWIT,OXfNtxXxYL,POE
POE,POE,OXfNtxXxYL,POE,OXfNtxXxYL,OXfNtxXxYL,MWIT,OXfNtxXxYL,POE
OXfNtxXxYL
Jedi Wagner, assuma o comando!