[vazia]
[vazia]
Toque! Toque, Dijê!
[vazia]
XVMkzw,DBoNJMNMHA,qidC
XVMkzw,DBoNJMNMHA,qidC
PgRnXNmTeI
DBoNJMNMHA,PgRnXNmTeI,qidC,iIqCO
iIqCO
iIqCO
iIqCO
iIqCO
DBoNJMNMHA,PgRnXNmTeI,qidC,iIqCO,XVMkzw
DBoNJMNMHA,PgRnXNmTeI,qidC,iIqCO,XVMkzw
DBoNJMNMHA,PgRnXNmTeI,qidC,iIqCO,XVMkzw,DBoNJMNMHA
DBoNJMNMHA,PgRnXNmTeI,qidC,iIqCO,XVMkzw,DBoNJMNMHA,XVMkzw
DBoNJMNMHA,PgRnXNmTeI,qidC,iIqCO,xFz,XVMkzw,DBoNJMNMHA,XVMkzw
XVMkzw
DBoNJMNMHA,PgRnXNmTeI,qidC,iIqCO,XVMkzw,DBoNJMNMHA
PgRnXNmTeI
DBoNJMNMHA,XVMkzw,qidC,iIqCO,DBoNJMNMHA,qidC
XVMkzw
DBoNJMNMHA,XVMkzw,qidC,iIqCO,DBoNJMNMHA,qidC
qidC
DBoNJMNMHA,XVMkzw,qidC,iIqCO,DBoNJMNMHA,qidC
qidC
qidC
qidC
DBoNJMNMHA,XVMkzw,qidC,iIqCO,DBoNJMNMHA,qidC
DBoNJMNMHA,XVMkzw,qidC,iIqCO,DBoNJMNMHA,qidC
DBoNJMNMHA,qidC,iIqCO,DBoNJMNMHA,qidC
DBoNJMNMHA,qidC,iIqCO,DBoNJMNMHA,qidC,XVMkzw
DBoNJMNMHA,qidC,iIqCO,DBoNJMNMHA,qidC,XVMkzw
iIqCO
DBoNJMNMHA
DBoNJMNMHA
DBoNJMNMHA,qidC,iIqCO,DBoNJMNMHA,qidC,XVMkzw
iIqCO
DBoNJMNMHA,qidC,DBoNJMNMHA,qidC,XVMkzw
DBoNJMNMHA,qidC,DBoNJMNMHA,qidC,XVMkzw
XVMkzw
DBoNJMNMHA,DBoNJMNMHA,qidC,XVMkzw,iIqCO
iIqCO
DBoNJMNMHA
DBoNJMNMHA,DBoNJMNMHA,qidC,XVMkzw,iIqCO,DBoNJMNMHA,qidC
DBoNJMNMHA
DBoNJMNMHA,DBoNJMNMHA,qidC,XVMkzw,iIqCO,DBoNJMNMHA,qidC
DBoNJMNMHA,DBoNJMNMHA,qidC,XVMkzw,iIqCO,DBoNJMNMHA,qidC
iIqCO
DBoNJMNMHA,qidC,XVMkzw,DBoNJMNMHA,iIqCO,DBoNJMNMHA,qidC,XVMkzw,DBoNJMNMHA
iIqCO
iIqCO
DBoNJMNMHA,DBoNJMNMHA,qidC,XVMkzw,iIqCO,DBoNJMNMHA,qidC,XVMkzw,DBoNJMNMHA
DBoNJMNMHA,DBoNJMNMHA,XVMkzw,DBoNJMNMHA,qidC,XVMkzw,DBoNJMNMHA
DBoNJMNMHA,DBoNJMNMHA,qidC,XVMkzw,DBoNJMNMHA,qidC,XVMkzw,DBoNJMNMHA
DBoNJMNMHA,DBoNJMNMHA,qidC,DBoNJMNMHA,qidC,XVMkzw,DBoNJMNMHA
XVMkzw
XVMkzw
DBoNJMNMHA,DBoNJMNMHA,qidC,DBoNJMNMHA,qidC,XVMkzw,DBoNJMNMHA
DBoNJMNMHA,DBoNJMNMHA,qidC,DBoNJMNMHA,qidC,XVMkzw,DBoNJMNMHA
DBoNJMNMHA,DBoNJMNMHA,qidC,DBoNJMNMHA,qidC,XVMkzw,DBoNJMNMHA
qidC
DBoNJMNMHA,DBoNJMNMHA,DBoNJMNMHA,qidC,qidC,DBoNJMNMHA,DBoNJMNMHA,qidC
qidC
DBoNJMNMHA,DBoNJMNMHA,DBoNJMNMHA,qidC,DBoNJMNMHA,DBoNJMNMHA,qidC
DBoNJMNMHA,DBoNJMNMHA,DBoNJMNMHA,qidC,DBoNJMNMHA,DBoNJMNMHA,qidC,DBoNJMNMHA
DBoNJMNMHA,DBoNJMNMHA,DBoNJMNMHA,qidC,DBoNJMNMHA,DBoNJMNMHA,qidC,DBoNJMNMHA
DBoNJMNMHA,DBoNJMNMHA,DBoNJMNMHA,qidC,DBoNJMNMHA,DBoNJMNMHA,qidC,DBoNJMNMHA
Jedi Wagner, assuma o comando!