Toque! Toque, Dijê!
[vazia]
Toque! Toque, Dijê!
Toque! Toque, Dijê!
[vazia]
Toque! Toque, Dijê!
[vazia]
[vazia]
Toque! Toque, Dijê!
Toque! Toque, Dijê!
Rt,gXQXKO
gXQXKO,Rt
[vazia]
[vazia]
Sh
Sh
Sh
Sh
Sh
Sh,gXQXKO,Rt
gXQXKO,Rt,Sh,Rt
Sh,gXQXKO,Rt
Rt
Rt
Sh,gXQXKO,Rt,Sh
Rt
Rt
Sh,gXQXKO,Rt,FPqW
gXQXKO,Rt
Sh,gXQXKO,Rt
Rt
Sh,gXQXKO,Rt,FPqW
Sh,gXQXKO,FPqW,Rt
FPqW
Sh,gXQXKO,FPqW,Rt,j
FPqW
FPqW
Sh,gXQXKO,FPqW,Rt,j
FPqW
Sh,gXQXKO,FPqW,j,Rt
gXQXKO,FPqW,j,Rt,gXQXKO
gXQXKO
gXQXKO
gXQXKO
gXQXKO
gXQXKO
gXQXKO,FPqW,j,Rt,gXQXKO,FPqW,VyrjObcVWI,FPqW
j
gXQXKO,FPqW,j,Rt,gXQXKO,FPqW,FPqW,Rt,xUv
j
Rt
FPqW,Rt,VyrjObcVWI,j,FPqW,FPqW,VyrjObcVWI,Sh
FPqW,Rt,FPqW,FPqW,VyrjObcVWI
Rt
FPqW,Rt,j,FPqW,VyrjObcVWI,FPqW,VyrjObcVWI
FPqW,j,Rt,FPqW,VyrjObcVWI,FPqW,VyrjObcVWI
FPqW,j,Rt,gXQXKO,FPqW,VyrjObcVWI,FPqW,VyrjObcVWI
j,Rt,gXQXKO,FPqW,VyrjObcVWI,FPqW,VyrjObcVWI
j
Rt
FPqW
FPqW
FPqW
FPqW,j,FPqW,FPqW,VyrjObcVWI
FPqW,FPqW,FPqW,VyrjObcVWI
FPqW
Sh
FPqW,FPqW,FPqW,gXQXKO
FPqW,FPqW,FPqW,gXQXKO
FPqW
FPqW
FPqW
FPqW
FPqW
FPqW,FPqW,FPqW,j,VyrjObcVWI,FPqW,xUv
FPqW
FPqW
j
j
FPqW,FPqW,VyrjObcVWI,FPqW,xUv,j,FPqW,FPqW,Sh
xUv
FPqW,FPqW,FPqW,VyrjObcVWI,j,FPqW,xUv,FPqW,FPqW
j
FPqW,FPqW,FPqW,VyrjObcVWI,FPqW,xUv,j,FPqW,FPqW,Rt
FPqW
FPqW
FPqW
Rt
FPqW,FPqW,FPqW,FPqW,xUv,FPqW,FPqW,Rt,j,VyrjObcVWI,j
FPqW,FPqW,FPqW,FPqW,FPqW,FPqW,Rt,VyrjObcVWI,j,Sh
Sh
FPqW,FPqW,FPqW,FPqW,FPqW,FPqW,Rt,j,Sh,gXQXKO
FPqW,FPqW,FPqW,FPqW,FPqW,FPqW,Rt,j,Sh,gXQXKO
Sh
Sh
Sh
FPqW,FPqW,FPqW,FPqW,FPqW,FPqW,Rt,j,Sh,VyrjObcVWI
FPqW,FPqW,FPqW,FPqW,FPqW,FPqW,Rt,j,Sh,VyrjObcVWI
FPqW,FPqW,FPqW,FPqW,FPqW,FPqW,Rt,j,Sh,VyrjObcVWI
Sh
Sh
Sh
Sh
FPqW,FPqW,FPqW,FPqW,FPqW,FPqW,Rt,VyrjObcVWI,Sh,j
FPqW,FPqW,FPqW,FPqW,FPqW,FPqW,Rt,VyrjObcVWI,Sh,j
FPqW,FPqW,FPqW,FPqW,FPqW,FPqW,Rt,VyrjObcVWI,Sh,j
FPqW,FPqW,FPqW,FPqW,FPqW,FPqW,Rt,VyrjObcVWI,Sh,j
Sh
FPqW,FPqW,FPqW,FPqW,FPqW,FPqW,VyrjObcVWI,Sh,j,FPqW
FPqW,FPqW,FPqW,FPqW,FPqW,FPqW,Sh,j,FPqW
j
FPqW,FPqW,FPqW,FPqW,FPqW,FPqW,j,Sh,FPqW,gXQXKO,gXQXKO,VyrjObcVWI,VyrjObcVWI
FPqW,FPqW,FPqW,FPqW,FPqW,FPqW,j,Sh,FPqW,gXQXKO,gXQXKO,VyrjObcVWI,VyrjObcVWI
VyrjObcVWI
FPqW,FPqW,FPqW,FPqW,FPqW,FPqW,Rt,VyrjObcVWI,j,Rt,Rt,VyrjObcVWI
FPqW,FPqW,FPqW,FPqW,FPqW,FPqW,Rt,VyrjObcVWI,j,Rt,Rt,VyrjObcVWI
FPqW,FPqW,FPqW,FPqW,FPqW,FPqW,Rt,VyrjObcVWI,j,Sh
FPqW
FPqW
FPqW,FPqW,FPqW,FPqW,FPqW,FPqW,Rt,VyrjObcVWI,j,Sh
FPqW,FPqW,FPqW,FPqW,FPqW,FPqW,VyrjObcVWI,j,Rt
FPqW,FPqW,FPqW,FPqW,FPqW,FPqW,Rt,VyrjObcVWI,j,Sh
FPqW,FPqW,FPqW,FPqW,FPqW,FPqW,Rt,VyrjObcVWI,j,Sh
FPqW
FPqW
FPqW
FPqW,FPqW,FPqW,FPqW,FPqW,FPqW,Rt,VyrjObcVWI,j,Sh,gXQXKO,j
gXQXKO
FPqW
FPqW
FPqW
FPqW
FPqW,j,gXQXKO,VyrjObcVWI,FPqW,FPqW,FPqW,FPqW,Rt,FPqW,FPqW,FPqW
j
FPqW,j,gXQXKO,VyrjObcVWI,FPqW,FPqW,FPqW,FPqW,Rt,FPqW,Sh,FPqW,FPqW
FPqW,j,gXQXKO,VyrjObcVWI,FPqW,FPqW,FPqW,FPqW,Rt,FPqW,Sh,FPqW,FPqW,Sh
j
FPqW,j,gXQXKO,VyrjObcVWI,FPqW,FPqW,FPqW,FPqW,Rt,FPqW,Sh,FPqW,FPqW,gXQXKO,xUv
gXQXKO
VyrjObcVWI
VyrjObcVWI
FPqW,j,VyrjObcVWI,FPqW,FPqW,FPqW,FPqW,Rt,FPqW,Sh,FPqW,FPqW,gXQXKO,VyrjObcVWI,gXQXKO
VyrjObcVWI
FPqW
FPqW,j,VyrjObcVWI,FPqW,FPqW,FPqW,FPqW,FPqW,Sh,FPqW,FPqW,gXQXKO,VyrjObcVWI,gXQXKO,gXQXKO,Rt
FPqW,j,VyrjObcVWI,FPqW,FPqW,FPqW,FPqW,FPqW,Sh,FPqW,FPqW,gXQXKO,VyrjObcVWI,gXQXKO,gXQXKO,Rt
FPqW
VyrjObcVWI
j,FPqW,VyrjObcVWI,FPqW,FPqW,FPqW,FPqW,FPqW,gXQXKO,gXQXKO,gXQXKO,Rt,VyrjObcVWI,VyrjObcVWI
j,FPqW,VyrjObcVWI,FPqW,FPqW,FPqW,FPqW,FPqW,gXQXKO,gXQXKO,gXQXKO,Rt,VyrjObcVWI,VyrjObcVWI
VyrjObcVWI
j,FPqW,VyrjObcVWI,FPqW,FPqW,FPqW,FPqW,FPqW,gXQXKO,gXQXKO,gXQXKO,Rt,VyrjObcVWI,VyrjObcVWI,Sh
j,VyrjObcVWI,FPqW,FPqW,FPqW,FPqW,FPqW,FPqW,gXQXKO,gXQXKO,gXQXKO,Rt,VyrjObcVWI,VyrjObcVWI,Sh,FPqW
Jedi Wagner, assuma o comando!