Toque! Toque, Dijê!
[vazia]
k
k
k
[vazia]
Toque! Toque, Dijê!
Toque! Toque, Dijê!
[vazia]
[vazia]
[vazia]
[vazia]
k
k
k
k
k
[vazia]
Toque! Toque, Dijê!
Toque! Toque, Dijê!
Toque! Toque, Dijê!
k
k
k
k,k,k,k,k
k
k,aYCMVG,k,k,k,k,aYCMVG
aYCMVG,k,k,k,k,k,aYCMVG,aYCMVG
aYCMVG,k,k,k,k,k,aYCMVG,aYCMVG,k,k
aYCMVG,k,k,k,k,k,aYCMVG,aYCMVG,k,k,aYCMVG
k
k
k,k
k
k,k
k
k
k,k,aYCMVG,k,aYCMVG
k
k,k,k,aYCMVG,aYCMVG
k,k,k,aYCMVG,aYCMVG,k
k
k,k,aYCMVG,aYCMVG,aYCMVG
k
k,k,aYCMVG,k,aYCMVG
k,k,k,aYCMVG
k,k,k,aYCMVG
aYCMVG
aYCMVG
k
k,k,k,aYCMVG,aYCMVG
k,k,aYCMVG,k
k,k,aYCMVG,k
k,aYCMVG,k,k
k,k,k
k
k
aYCMVG
aYCMVG
k,k,k,k,aYCMVG
k
k,k,k,k
k,k,k,k,aYCMVG
aYCMVG
aYCMVG
k,k,k,k,aYCMVG,aYCMVG,aYCMVG
k
k,k,k,aYCMVG,k,aYCMVG,k
k
k,k,k,aYCMVG,k,aYCMVG,k
k,k,k,aYCMVG,k
aYCMVG
k,k,k,aYCMVG,k,aYCMVG,aYCMVG
k,k,k,aYCMVG,k,aYCMVG,aYCMVG,aYCMVG
k,k,k,aYCMVG,k,aYCMVG,aYCMVG,aYCMVG
k,k,k,k,aYCMVG,aYCMVG,aYCMVG,aYCMVG
k,k,k,aYCMVG,aYCMVG,aYCMVG,aYCMVG,aYCMVG,aYCMVG
k,k,k,aYCMVG,aYCMVG,aYCMVG,aYCMVG,aYCMVG,aYCMVG
k
aYCMVG
aYCMVG
aYCMVG
k
aYCMVG,k,k,aYCMVG,aYCMVG,aYCMVG,k,aYCMVG
aYCMVG
k,k,k,aYCMVG,k,aYCMVG,aYCMVG
k,k,k,k,aYCMVG,aYCMVG
k
k,k,k,k
k,k,k,k
k
k
k,k,k,k
k
aYCMVG,k,k,k,aYCMVG
k
k,k,aYCMVG
k,k,aYCMVG
k,k,aYCMVG
k
k,aYCMVG
k,k,aYCMVG
k,k,aYCMVG,aYCMVG
Jedi Wagner, assuma o comando!