JTmmujuRE
JTmmujuRE
JTmmujuRE
JTmmujuRE
JTmmujuRE
Toque! Toque, Dijê!
Toque! Toque, Dijê!
[vazia]
Toque! Toque, Dijê!
Toque! Toque, Dijê!
NugYjVOwWG
NugYjVOwWG
NugYjVOwWG
NugYjVOwWG
NugYjVOwWG
Toque! Toque, Dijê!
hH
hH
rcgCX
rcgCX
rcgCX
rcgCX,NugYjVOwWG
rcgCX,NugYjVOwWG
rcgCX
rcgCX
rcgCX
rcgCX
rcgCX,NugYjVOwWG
rcgCX
rcgCX
rcgCX,NugYjVOwWG
rcgCX,NugYjVOwWG
NugYjVOwWG
rcgCX,NugYjVOwWG
rcgCX,NugYjVOwWG
NugYjVOwWG
NugYjVOwWG
NugYjVOwWG
NugYjVOwWG
NugYjVOwWG
NugYjVOwWG
NugYjVOwWG
NugYjVOwWG
NugYjVOwWG
NugYjVOwWG
NugYjVOwWG
NugYjVOwWG
NugYjVOwWG
NugYjVOwWG,hH
hH
NugYjVOwWG
NugYjVOwWG
hH,NugYjVOwWG,ejaTlji,ejaTlji,JKr,FWlXpySI
hH,NugYjVOwWG,ejaTlji,ejaTlji,JKr,FWlXpySI
hH,NugYjVOwWG,ejaTlji,ejaTlji,JKr,FWlXpySI
hH,NugYjVOwWG,ejaTlji,ejaTlji,JKr,FWlXpySI
hH,NugYjVOwWG,ejaTlji,ejaTlji,JKr,FWlXpySI
Jedi Wagner, assuma o comando!