Toque! Toque, Dijê!
lUbQJofm
lUbQJofm,pSvrnAwJyJ
lUbQJofm,pSvrnAwJyJ
lUbQJofm,pSvrnAwJyJ,VVWOZTA,VVWOZTA
lUbQJofm,pSvrnAwJyJ,VVWOZTA,VVWOZTA,emYTgVQfUS,emYTgVQfUS
lUbQJofm,pSvrnAwJyJ,VVWOZTA,VVWOZTA,emYTgVQfUS,emYTgVQfUS,pSvrnAwJyJ
lUbQJofm,pSvrnAwJyJ,VVWOZTA,VVWOZTA,emYTgVQfUS,pSvrnAwJyJ
pSvrnAwJyJ
pSvrnAwJyJ
lUbQJofm,pSvrnAwJyJ,VVWOZTA
lUbQJofm,pSvrnAwJyJ,VVWOZTA
lUbQJofm,pSvrnAwJyJ,VVWOZTA
lUbQJofm,pSvrnAwJyJ,VVWOZTA,bhVKAkZxk
VVWOZTA
VVWOZTA,lUbQJofm,pSvrnAwJyJ,VVWOZTA,pSvrnAwJyJ
VVWOZTA,lUbQJofm,pSvrnAwJyJ,VVWOZTA,pSvrnAwJyJ,emYTgVQfUS,lUbQJofm
VVWOZTA
VVWOZTA,pSvrnAwJyJ,VVWOZTA,pSvrnAwJyJ,emYTgVQfUS,lUbQJofm,emYTgVQfUS
VVWOZTA,pSvrnAwJyJ,VVWOZTA,pSvrnAwJyJ,emYTgVQfUS,lUbQJofm,emYTgVQfUS,bhVKAkZxk
VVWOZTA,pSvrnAwJyJ,VVWOZTA,pSvrnAwJyJ,emYTgVQfUS,lUbQJofm,emYTgVQfUS,bhVKAkZxk
VVWOZTA,pSvrnAwJyJ,VVWOZTA,pSvrnAwJyJ,emYTgVQfUS,lUbQJofm,emYTgVQfUS
emYTgVQfUS
emYTgVQfUS
emYTgVQfUS
VVWOZTA,pSvrnAwJyJ,VVWOZTA,pSvrnAwJyJ,emYTgVQfUS,lUbQJofm,emYTgVQfUS
VVWOZTA,pSvrnAwJyJ,VVWOZTA,pSvrnAwJyJ,emYTgVQfUS,lUbQJofm,emYTgVQfUS
emYTgVQfUS
VVWOZTA,pSvrnAwJyJ,VVWOZTA,pSvrnAwJyJ,emYTgVQfUS,lUbQJofm,emYTgVQfUS
emYTgVQfUS
emYTgVQfUS
emYTgVQfUS
VVWOZTA,pSvrnAwJyJ,VVWOZTA,pSvrnAwJyJ,emYTgVQfUS,emYTgVQfUS,lUbQJofm
lUbQJofm
lUbQJofm
lUbQJofm
pSvrnAwJyJ,pSvrnAwJyJ,emYTgVQfUS,emYTgVQfUS,lUbQJofm,VVWOZTA
pSvrnAwJyJ,pSvrnAwJyJ,emYTgVQfUS,emYTgVQfUS,lUbQJofm,VVWOZTA
VVWOZTA
VVWOZTA,pSvrnAwJyJ,VVWOZTA,pSvrnAwJyJ,emYTgVQfUS,emYTgVQfUS,lUbQJofm
lUbQJofm
lUbQJofm
sYiSueHON
VVWOZTA,pSvrnAwJyJ,VVWOZTA,pSvrnAwJyJ,emYTgVQfUS,emYTgVQfUS,lUbQJofm,sYiSueHON
sYiSueHON
VVWOZTA,pSvrnAwJyJ,VVWOZTA,pSvrnAwJyJ,emYTgVQfUS,emYTgVQfUS,lUbQJofm,sYiSueHON,bhVKAkZxk
VVWOZTA
VVWOZTA
VVWOZTA
VVWOZTA,lUbQJofm,pSvrnAwJyJ,VVWOZTA,pSvrnAwJyJ,emYTgVQfUS,sYiSueHON,VVWOZTA
VVWOZTA,lUbQJofm,pSvrnAwJyJ,VVWOZTA,pSvrnAwJyJ,emYTgVQfUS,sYiSueHON,VVWOZTA
lUbQJofm
VVWOZTA,lUbQJofm,pSvrnAwJyJ,VVWOZTA,pSvrnAwJyJ,emYTgVQfUS,sYiSueHON,VVWOZTA,bhVKAkZxk
lUbQJofm
lUbQJofm
VVWOZTA
VVWOZTA
lUbQJofm,VVWOZTA,pSvrnAwJyJ,VVWOZTA,pSvrnAwJyJ,emYTgVQfUS,sYiSueHON,VVWOZTA,bhVKAkZxk,sYiSueHON,VVWOZTA
lUbQJofm,VVWOZTA,pSvrnAwJyJ,VVWOZTA,pSvrnAwJyJ,emYTgVQfUS,sYiSueHON,VVWOZTA,bhVKAkZxk,sYiSueHON
VVWOZTA
VVWOZTA
VVWOZTA
lUbQJofm,VVWOZTA,pSvrnAwJyJ,VVWOZTA,pSvrnAwJyJ,sYiSueHON,VVWOZTA,sYiSueHON
lUbQJofm,VVWOZTA,pSvrnAwJyJ,VVWOZTA,pSvrnAwJyJ,sYiSueHON,VVWOZTA,sYiSueHON
VVWOZTA
VVWOZTA
VVWOZTA
VVWOZTA
lUbQJofm,VVWOZTA,pSvrnAwJyJ,VVWOZTA,pSvrnAwJyJ,emYTgVQfUS,sYiSueHON,VVWOZTA,bhVKAkZxk,sYiSueHON
lUbQJofm,VVWOZTA,pSvrnAwJyJ,VVWOZTA,pSvrnAwJyJ,emYTgVQfUS,sYiSueHON,VVWOZTA,bhVKAkZxk,sYiSueHON
lUbQJofm,VVWOZTA,pSvrnAwJyJ,VVWOZTA,pSvrnAwJyJ,emYTgVQfUS,sYiSueHON,VVWOZTA,bhVKAkZxk,sYiSueHON
lUbQJofm,VVWOZTA,pSvrnAwJyJ,VVWOZTA,pSvrnAwJyJ,emYTgVQfUS,sYiSueHON,VVWOZTA,bhVKAkZxk,sYiSueHON
lUbQJofm,VVWOZTA,pSvrnAwJyJ,VVWOZTA,pSvrnAwJyJ,emYTgVQfUS,sYiSueHON,VVWOZTA,bhVKAkZxk,sYiSueHON,lUbQJofm
lUbQJofm,VVWOZTA,VVWOZTA,pSvrnAwJyJ,emYTgVQfUS,sYiSueHON,VVWOZTA,bhVKAkZxk,sYiSueHON,lUbQJofm,VVWOZTA
VVWOZTA
VVWOZTA
VVWOZTA,pSvrnAwJyJ,VVWOZTA,pSvrnAwJyJ,emYTgVQfUS,sYiSueHON,VVWOZTA,bhVKAkZxk,sYiSueHON
VVWOZTA
VVWOZTA,pSvrnAwJyJ,VVWOZTA,pSvrnAwJyJ,emYTgVQfUS,sYiSueHON,VVWOZTA,bhVKAkZxk,sYiSueHON
VVWOZTA,pSvrnAwJyJ,VVWOZTA,pSvrnAwJyJ,emYTgVQfUS,sYiSueHON,VVWOZTA,bhVKAkZxk,sYiSueHON
pSvrnAwJyJ
pSvrnAwJyJ
VVWOZTA,pSvrnAwJyJ,VVWOZTA,pSvrnAwJyJ,emYTgVQfUS,sYiSueHON,VVWOZTA,sYiSueHON,eP,eP
pSvrnAwJyJ
pSvrnAwJyJ
VVWOZTA,pSvrnAwJyJ,VVWOZTA,pSvrnAwJyJ,emYTgVQfUS,sYiSueHON,VVWOZTA,bhVKAkZxk,sYiSueHON,eP,eP
VVWOZTA,pSvrnAwJyJ,VVWOZTA,pSvrnAwJyJ,emYTgVQfUS,sYiSueHON,VVWOZTA,bhVKAkZxk,sYiSueHON,eP,eP
VVWOZTA,pSvrnAwJyJ,pSvrnAwJyJ,VVWOZTA,emYTgVQfUS,sYiSueHON,VVWOZTA,bhVKAkZxk,sYiSueHON,eP,eP
emYTgVQfUS
pSvrnAwJyJ
VVWOZTA,emYTgVQfUS,bhVKAkZxk,pSvrnAwJyJ,sYiSueHON,VVWOZTA,VVWOZTA,sYiSueHON,eP,eP,bhVKAkZxk,sYiSueHON
bhVKAkZxk
emYTgVQfUS,bhVKAkZxk,pSvrnAwJyJ,sYiSueHON,VVWOZTA,VVWOZTA,sYiSueHON,eP,eP,bhVKAkZxk,sYiSueHON,VVWOZTA
bhVKAkZxk
pSvrnAwJyJ
pSvrnAwJyJ
VVWOZTA,emYTgVQfUS,bhVKAkZxk,pSvrnAwJyJ,sYiSueHON,VVWOZTA,VVWOZTA,sYiSueHON,eP,eP,bhVKAkZxk,sYiSueHON,lUbQJofm
VVWOZTA,emYTgVQfUS,pSvrnAwJyJ,sYiSueHON,VVWOZTA,VVWOZTA,bhVKAkZxk,sYiSueHON,eP,eP,bhVKAkZxk,sYiSueHON,lUbQJofm
pSvrnAwJyJ
VVWOZTA,emYTgVQfUS,pSvrnAwJyJ,sYiSueHON,VVWOZTA,VVWOZTA,bhVKAkZxk,sYiSueHON,eP,eP,bhVKAkZxk,sYiSueHON,lUbQJofm
pSvrnAwJyJ
VVWOZTA,emYTgVQfUS,pSvrnAwJyJ,sYiSueHON,VVWOZTA,VVWOZTA,bhVKAkZxk,sYiSueHON,eP,eP,bhVKAkZxk,sYiSueHON,lUbQJofm
pSvrnAwJyJ
pSvrnAwJyJ
VVWOZTA
sYiSueHON
VVWOZTA,emYTgVQfUS,sYiSueHON,pSvrnAwJyJ,VVWOZTA,VVWOZTA,bhVKAkZxk,sYiSueHON,eP,eP,bhVKAkZxk,sYiSueHON,pSvrnAwJyJ
VVWOZTA,emYTgVQfUS,sYiSueHON,pSvrnAwJyJ,VVWOZTA,VVWOZTA,bhVKAkZxk,sYiSueHON,eP,eP,bhVKAkZxk,sYiSueHON,pSvrnAwJyJ,sYiSueHON
sYiSueHON
VVWOZTA,emYTgVQfUS,sYiSueHON,VVWOZTA,VVWOZTA,bhVKAkZxk,sYiSueHON,eP,eP,bhVKAkZxk,sYiSueHON,pSvrnAwJyJ,sYiSueHON,sYiSueHON
VVWOZTA,emYTgVQfUS,pSvrnAwJyJ,sYiSueHON,VVWOZTA,VVWOZTA,bhVKAkZxk,sYiSueHON,eP,eP,bhVKAkZxk,sYiSueHON
VVWOZTA,emYTgVQfUS,pSvrnAwJyJ,sYiSueHON,VVWOZTA,VVWOZTA,bhVKAkZxk,sYiSueHON,eP,eP,bhVKAkZxk,sYiSueHON
emYTgVQfUS,bhVKAkZxk,pSvrnAwJyJ,VVWOZTA,VVWOZTA,sYiSueHON,eP,eP,bhVKAkZxk,sYiSueHON
pSvrnAwJyJ
pSvrnAwJyJ
VVWOZTA,emYTgVQfUS,pSvrnAwJyJ,sYiSueHON,VVWOZTA,VVWOZTA,bhVKAkZxk,sYiSueHON,eP,eP,bhVKAkZxk,sYiSueHON
VVWOZTA,emYTgVQfUS,pSvrnAwJyJ,sYiSueHON,VVWOZTA,VVWOZTA,bhVKAkZxk,sYiSueHON,eP,eP,bhVKAkZxk,sYiSueHON
pSvrnAwJyJ
VVWOZTA
VVWOZTA
pSvrnAwJyJ
VVWOZTA,emYTgVQfUS,sYiSueHON,VVWOZTA,VVWOZTA,bhVKAkZxk,sYiSueHON,eP,eP,bhVKAkZxk,sYiSueHON,UnUnWUksEi
VVWOZTA,emYTgVQfUS,sYiSueHON,VVWOZTA,VVWOZTA,bhVKAkZxk,sYiSueHON,eP,eP,bhVKAkZxk,sYiSueHON,UnUnWUksEi
VVWOZTA,emYTgVQfUS,pSvrnAwJyJ,sYiSueHON,VVWOZTA,VVWOZTA,bhVKAkZxk,sYiSueHON,eP,eP,bhVKAkZxk,sYiSueHON,UnUnWUksEi
pSvrnAwJyJ
sYiSueHON
VVWOZTA,emYTgVQfUS,pSvrnAwJyJ,sYiSueHON,VVWOZTA,VVWOZTA,bhVKAkZxk,sYiSueHON,eP,eP,bhVKAkZxk,sYiSueHON,UnUnWUksEi,bhVKAkZxk
VVWOZTA,emYTgVQfUS,pSvrnAwJyJ,sYiSueHON,VVWOZTA,VVWOZTA,bhVKAkZxk,sYiSueHON,eP,eP,bhVKAkZxk,sYiSueHON,UnUnWUksEi,bhVKAkZxk
sYiSueHON
VVWOZTA,emYTgVQfUS,pSvrnAwJyJ,sYiSueHON,VVWOZTA,VVWOZTA,bhVKAkZxk,sYiSueHON,eP,eP,bhVKAkZxk,sYiSueHON,UnUnWUksEi,bhVKAkZxk
sYiSueHON
VVWOZTA,emYTgVQfUS,pSvrnAwJyJ,sYiSueHON,VVWOZTA,VVWOZTA,bhVKAkZxk,sYiSueHON,eP,eP,bhVKAkZxk,sYiSueHON,UnUnWUksEi,bhVKAkZxk
sYiSueHON
sYiSueHON
VVWOZTA,emYTgVQfUS,pSvrnAwJyJ,sYiSueHON,VVWOZTA,VVWOZTA,bhVKAkZxk,sYiSueHON,eP,eP,bhVKAkZxk,sYiSueHON,UnUnWUksEi
sYiSueHON
VVWOZTA,emYTgVQfUS,pSvrnAwJyJ,VVWOZTA,VVWOZTA,bhVKAkZxk,sYiSueHON,eP,eP,bhVKAkZxk,sYiSueHON,sYiSueHON
bhVKAkZxk
VVWOZTA,emYTgVQfUS,pSvrnAwJyJ,bhVKAkZxk,VVWOZTA,VVWOZTA,sYiSueHON,eP,eP,bhVKAkZxk,sYiSueHON,sYiSueHON
VVWOZTA,emYTgVQfUS,pSvrnAwJyJ,VVWOZTA,VVWOZTA,bhVKAkZxk,sYiSueHON,eP,eP,bhVKAkZxk,sYiSueHON,sYiSueHON,bhVKAkZxk
VVWOZTA
VVWOZTA,emYTgVQfUS,pSvrnAwJyJ,sYiSueHON,VVWOZTA,VVWOZTA,bhVKAkZxk,sYiSueHON,eP,eP,bhVKAkZxk,sYiSueHON,sYiSueHON
VVWOZTA,emYTgVQfUS,pSvrnAwJyJ,sYiSueHON,VVWOZTA,VVWOZTA,bhVKAkZxk,sYiSueHON,eP,eP,bhVKAkZxk,sYiSueHON,sYiSueHON
VVWOZTA
VVWOZTA,emYTgVQfUS,sYiSueHON,VVWOZTA,VVWOZTA,bhVKAkZxk,sYiSueHON,eP,eP,bhVKAkZxk,sYiSueHON,sYiSueHON
VVWOZTA
VVWOZTA
VVWOZTA
VVWOZTA
VVWOZTA
emYTgVQfUS,pSvrnAwJyJ,sYiSueHON,VVWOZTA,VVWOZTA,VVWOZTA,sYiSueHON,eP,eP,bhVKAkZxk,sYiSueHON,sYiSueHON
eP
eP
eP
eP
eP
emYTgVQfUS,pSvrnAwJyJ,sYiSueHON,VVWOZTA,VVWOZTA,VVWOZTA,sYiSueHON,eP,eP,bhVKAkZxk,sYiSueHON,sYiSueHON,UnUnWUksEi,bhVKAkZxk
emYTgVQfUS,pSvrnAwJyJ,sYiSueHON,VVWOZTA,VVWOZTA,VVWOZTA,sYiSueHON,eP,eP,bhVKAkZxk,sYiSueHON,sYiSueHON,UnUnWUksEi
emYTgVQfUS
emYTgVQfUS
emYTgVQfUS
pSvrnAwJyJ,VVWOZTA,VVWOZTA,VVWOZTA,sYiSueHON,emYTgVQfUS,eP,sYiSueHON,sYiSueHON,UnUnWUksEi,VVWOZTA
eP
UnUnWUksEi
emYTgVQfUS,pSvrnAwJyJ,sYiSueHON,VVWOZTA,VVWOZTA,VVWOZTA,sYiSueHON,eP,eP,bhVKAkZxk,UnUnWUksEi,sYiSueHON,sYiSueHON,eP,eP,bhVKAkZxk,VVWOZTA
emYTgVQfUS,pSvrnAwJyJ,sYiSueHON,VVWOZTA,VVWOZTA,VVWOZTA,sYiSueHON,eP,eP,bhVKAkZxk,UnUnWUksEi,sYiSueHON,sYiSueHON,eP,eP,bhVKAkZxk,VVWOZTA
emYTgVQfUS,pSvrnAwJyJ,sYiSueHON,VVWOZTA,VVWOZTA,VVWOZTA,sYiSueHON,eP,eP,bhVKAkZxk,UnUnWUksEi,sYiSueHON,sYiSueHON,eP,eP,bhVKAkZxk,VVWOZTA,lUbQJofm
emYTgVQfUS,pSvrnAwJyJ,sYiSueHON,VVWOZTA,VVWOZTA,VVWOZTA,sYiSueHON,eP,bhVKAkZxk,UnUnWUksEi,sYiSueHON,sYiSueHON,eP,eP,bhVKAkZxk,VVWOZTA,sYiSueHON
emYTgVQfUS,pSvrnAwJyJ,sYiSueHON,VVWOZTA,VVWOZTA,VVWOZTA,sYiSueHON,eP,bhVKAkZxk,UnUnWUksEi,sYiSueHON,sYiSueHON,eP,eP,bhVKAkZxk,VVWOZTA,sYiSueHON
sYiSueHON
emYTgVQfUS,pSvrnAwJyJ,sYiSueHON,VVWOZTA,VVWOZTA,VVWOZTA,sYiSueHON,eP,bhVKAkZxk,UnUnWUksEi,sYiSueHON,sYiSueHON,eP,eP,bhVKAkZxk,VVWOZTA,sYiSueHON
sYiSueHON
emYTgVQfUS,pSvrnAwJyJ,VVWOZTA,VVWOZTA,VVWOZTA,sYiSueHON,eP,bhVKAkZxk,UnUnWUksEi,sYiSueHON,sYiSueHON,eP,sYiSueHON,eP,bhVKAkZxk,VVWOZTA,sYiSueHON
emYTgVQfUS,pSvrnAwJyJ,VVWOZTA,VVWOZTA,VVWOZTA,sYiSueHON,eP,bhVKAkZxk,UnUnWUksEi,sYiSueHON,sYiSueHON,eP,sYiSueHON,eP,bhVKAkZxk,VVWOZTA,sYiSueHON
sYiSueHON
eP
emYTgVQfUS,VVWOZTA,VVWOZTA,VVWOZTA,sYiSueHON,eP,UnUnWUksEi,sYiSueHON,sYiSueHON,eP,sYiSueHON,eP,pSvrnAwJyJ,bhVKAkZxk,VVWOZTA,sYiSueHON,UnUnWUksEi
VVWOZTA
VVWOZTA
emYTgVQfUS,pSvrnAwJyJ,VVWOZTA,VVWOZTA,VVWOZTA,sYiSueHON,eP,bhVKAkZxk,UnUnWUksEi,sYiSueHON,sYiSueHON,eP,sYiSueHON,eP,bhVKAkZxk,VVWOZTA,sYiSueHON
emYTgVQfUS,pSvrnAwJyJ,VVWOZTA,VVWOZTA,VVWOZTA,sYiSueHON,eP,bhVKAkZxk,UnUnWUksEi,sYiSueHON,sYiSueHON,eP,sYiSueHON,eP,bhVKAkZxk,VVWOZTA,sYiSueHON
eP
emYTgVQfUS,pSvrnAwJyJ,VVWOZTA,VVWOZTA,VVWOZTA,sYiSueHON,eP,bhVKAkZxk,UnUnWUksEi,sYiSueHON,sYiSueHON,eP,sYiSueHON,eP,bhVKAkZxk,VVWOZTA,sYiSueHON
Jedi Wagner, assuma o comando!