LYjG
LYjG
LYjG
[vazia]
[vazia]
ZGcShJWt
ZGcShJWt
ZGcShJWt,jkuNmmj
jkuNmmj
ZGcShJWt,jkuNmmj,LYjG
jkuNmmj
LYjG
ZGcShJWt,jkuNmmj,LYjG,MAsjaA
LYjG
ZGcShJWt,jkuNmmj,LYjG,MAsjaA
jkuNmmj,LYjG,MAsjaA
jkuNmmj,LYjG,MAsjaA,HZkEvsYgqe
jkuNmmj,LYjG,MAsjaA
jkuNmmj,LYjG,MAsjaA
MAsjaA
jkuNmmj,LYjG,MAsjaA
jkuNmmj,LYjG,MAsjaA
MAsjaA
LYjG,MAsjaA,jkuNmmj
LYjG,MAsjaA,jkuNmmj
LYjG,MAsjaA,jkuNmmj,HZkEvsYgqe
HZkEvsYgqe
LYjG,MAsjaA,jkuNmmj,HZkEvsYgqe,lVzAnyXtG,lVzAnyXtG
LYjG,MAsjaA,jkuNmmj,HZkEvsYgqe,lVzAnyXtG,lVzAnyXtG
LYjG,MAsjaA,jkuNmmj,HZkEvsYgqe,lVzAnyXtG,lVzAnyXtG
LYjG,MAsjaA,jkuNmmj,HZkEvsYgqe,lVzAnyXtG,lVzAnyXtG
HZkEvsYgqe
LYjG,MAsjaA,jkuNmmj,HZkEvsYgqe,lVzAnyXtG,lVzAnyXtG
LYjG,MAsjaA,jkuNmmj,HZkEvsYgqe,lVzAnyXtG,lVzAnyXtG,LYjG
HZkEvsYgqe
HZkEvsYgqe
lVzAnyXtG
LYjG
LYjG
LYjG
HZkEvsYgqe
MAsjaA,jkuNmmj,lVzAnyXtG,HZkEvsYgqe,jkuNmmj,LYjG
MAsjaA,jkuNmmj,HZkEvsYgqe,LYjG,jkuNmmj
jkuNmmj
LYjG
LYjG
LYjG
LYjG
MAsjaA,HZkEvsYgqe,LYjG,jkuNmmj,ZGcShJWt,MAsjaA,lVzAnyXtG,LYjG,HZkEvsYgqe
LYjG
MAsjaA,HZkEvsYgqe,LYjG,jkuNmmj,ZGcShJWt,MAsjaA,lVzAnyXtG,LYjG,HZkEvsYgqe,LYjG
lVzAnyXtG
MAsjaA,jkuNmmj,ZGcShJWt,MAsjaA,lVzAnyXtG,LYjG,HZkEvsYgqe,LYjG
MAsjaA,jkuNmmj,ZGcShJWt,MAsjaA,lVzAnyXtG,LYjG,HZkEvsYgqe,LYjG
HZkEvsYgqe
MAsjaA,jkuNmmj,ZGcShJWt,MAsjaA,lVzAnyXtG,LYjG,HZkEvsYgqe,LYjG
HZkEvsYgqe
MAsjaA,jkuNmmj,MAsjaA,lVzAnyXtG,LYjG,HZkEvsYgqe,LYjG,MAsjaA
LYjG
LYjG
LYjG
MAsjaA,jkuNmmj,MAsjaA,lVzAnyXtG,LYjG,HZkEvsYgqe,LYjG,MAsjaA,jkuNmmj,LYjG
MAsjaA,jkuNmmj,MAsjaA,lVzAnyXtG,LYjG,HZkEvsYgqe,LYjG,MAsjaA,jkuNmmj,LYjG
lVzAnyXtG
MAsjaA,jkuNmmj,MAsjaA,LYjG,HZkEvsYgqe,LYjG,lVzAnyXtG,MAsjaA,jkuNmmj
LYjG
MAsjaA,jkuNmmj,MAsjaA,lVzAnyXtG,HZkEvsYgqe,LYjG,LYjG,MAsjaA,jkuNmmj
LYjG
LYjG
MAsjaA,MAsjaA,lVzAnyXtG,LYjG,HZkEvsYgqe,LYjG,jkuNmmj,MAsjaA,jkuNmmj
MAsjaA,jkuNmmj,MAsjaA,lVzAnyXtG,LYjG,HZkEvsYgqe,LYjG,MAsjaA,jkuNmmj,fBMw
LYjG
LYjG
MAsjaA,jkuNmmj,MAsjaA,lVzAnyXtG,LYjG,HZkEvsYgqe,LYjG,MAsjaA,jkuNmmj,fBMw,lVzAnyXtG
MAsjaA,jkuNmmj,MAsjaA,lVzAnyXtG,LYjG,HZkEvsYgqe,LYjG,MAsjaA,jkuNmmj,fBMw,lVzAnyXtG
LYjG
LYjG
MAsjaA
MAsjaA
MAsjaA
jkuNmmj,MAsjaA,LYjG,LYjG,MAsjaA,MAsjaA,lVzAnyXtG,fBMw,jkuNmmj,lVzAnyXtG
MAsjaA
MAsjaA
MAsjaA
LYjG,MAsjaA,MAsjaA,fBMw,jkuNmmj,lVzAnyXtG
LYjG,MAsjaA,MAsjaA,fBMw,jkuNmmj,lVzAnyXtG
LYjG,MAsjaA,MAsjaA,fBMw,jkuNmmj,lVzAnyXtG
LYjG,MAsjaA,MAsjaA,fBMw,jkuNmmj,lVzAnyXtG
MAsjaA,MAsjaA,HZkEvsYgqe,fBMw,jkuNmmj,lVzAnyXtG,MAsjaA,fBMw
MAsjaA
fBMw
fBMw
MAsjaA,MAsjaA,fBMw,HZkEvsYgqe,jkuNmmj,lVzAnyXtG,MAsjaA,fBMw
HZkEvsYgqe
HZkEvsYgqe
lVzAnyXtG
MAsjaA,MAsjaA,HZkEvsYgqe,fBMw,jkuNmmj,lVzAnyXtG,MAsjaA,fBMw
fBMw
MAsjaA,MAsjaA,HZkEvsYgqe,fBMw,jkuNmmj,lVzAnyXtG,MAsjaA,fBMw
lVzAnyXtG
lVzAnyXtG
lVzAnyXtG
MAsjaA,HZkEvsYgqe,jkuNmmj,fBMw,MAsjaA,fBMw,HZkEvsYgqe,ZGcShJWt
MAsjaA
fBMw
HZkEvsYgqe
MAsjaA,jkuNmmj,fBMw,HZkEvsYgqe,MAsjaA,fBMw,HZkEvsYgqe,ZGcShJWt
MAsjaA,jkuNmmj,fBMw,HZkEvsYgqe,MAsjaA,fBMw,HZkEvsYgqe,ZGcShJWt
MAsjaA,HZkEvsYgqe,jkuNmmj,fBMw,MAsjaA,fBMw,HZkEvsYgqe,ZGcShJWt
jkuNmmj,fBMw,MAsjaA,fBMw,HZkEvsYgqe,ZGcShJWt,MAsjaA
jkuNmmj,fBMw,MAsjaA,fBMw,HZkEvsYgqe,ZGcShJWt,MAsjaA
fBMw
MAsjaA,HZkEvsYgqe,jkuNmmj,fBMw,ZGcShJWt,MAsjaA,fBMw,HZkEvsYgqe
HZkEvsYgqe,fBMw,ZGcShJWt,MAsjaA,MAsjaA,jkuNmmj,fBMw,HZkEvsYgqe
HZkEvsYgqe,fBMw,ZGcShJWt,MAsjaA,MAsjaA,jkuNmmj,fBMw,HZkEvsYgqe,lVzAnyXtG
HZkEvsYgqe,fBMw,ZGcShJWt,MAsjaA,MAsjaA,jkuNmmj,fBMw,HZkEvsYgqe
HZkEvsYgqe,fBMw,ZGcShJWt,MAsjaA,MAsjaA,jkuNmmj,fBMw,HZkEvsYgqe
MAsjaA
fBMw,ZGcShJWt,MAsjaA,MAsjaA,jkuNmmj,fBMw,HZkEvsYgqe,fBMw
fBMw,ZGcShJWt,MAsjaA,MAsjaA,jkuNmmj,fBMw,HZkEvsYgqe,fBMw
fBMw,ZGcShJWt,MAsjaA,jkuNmmj,fBMw,HZkEvsYgqe,fBMw,MAsjaA
fBMw,ZGcShJWt,MAsjaA,MAsjaA,jkuNmmj,fBMw,HZkEvsYgqe,fBMw,HZkEvsYgqe
fBMw,ZGcShJWt,MAsjaA,MAsjaA,jkuNmmj,fBMw,HZkEvsYgqe,fBMw,HZkEvsYgqe
MAsjaA
fBMw,MAsjaA,MAsjaA,jkuNmmj,fBMw,HZkEvsYgqe,fBMw,HZkEvsYgqe,jkuNmmj
MAsjaA
MAsjaA,MAsjaA,jkuNmmj,fBMw,HZkEvsYgqe,fBMw,HZkEvsYgqe,jkuNmmj
MAsjaA
ZGcShJWt
MAsjaA,jkuNmmj,MAsjaA,fBMw,HZkEvsYgqe,ZGcShJWt,fBMw,HZkEvsYgqe,LYjG,MAsjaA
MAsjaA
HZkEvsYgqe
HZkEvsYgqe
MAsjaA,fBMw,HZkEvsYgqe,ZGcShJWt,jkuNmmj,fBMw,MAsjaA,HZkEvsYgqe,LYjG,MAsjaA,LYjG
MAsjaA,fBMw,HZkEvsYgqe,ZGcShJWt,jkuNmmj,fBMw,MAsjaA,HZkEvsYgqe,LYjG,MAsjaA,LYjG
fBMw,HZkEvsYgqe,ZGcShJWt,jkuNmmj,fBMw,MAsjaA,HZkEvsYgqe,MAsjaA,LYjG,MAsjaA,LYjG
MAsjaA
HZkEvsYgqe
MAsjaA
HZkEvsYgqe
MAsjaA,fBMw,ZGcShJWt,jkuNmmj,fBMw,MAsjaA,LYjG,MAsjaA,HZkEvsYgqe,LYjG,MAsjaA,LYjG
HZkEvsYgqe
MAsjaA,fBMw,ZGcShJWt,jkuNmmj,fBMw,MAsjaA,LYjG,MAsjaA,HZkEvsYgqe,LYjG,MAsjaA,LYjG
MAsjaA,fBMw,ZGcShJWt,jkuNmmj,fBMw,MAsjaA,LYjG,MAsjaA,HZkEvsYgqe,LYjG,MAsjaA,LYjG
HZkEvsYgqe
Jedi Wagner, assuma o comando!