Toque! Toque, Dijê!
Toque! Toque, Dijê!
tmX
tmX
HDcErjSWoF
HDcErjSWoF
tmX,HDcErjSWoF
HDcErjSWoF,tmX
tmX
tmX
tmX
tmX
tmX
tmX
tmX
tmX,tmX,HDcErjSWoF
tmX
[vazia]
tmX
tmX
tmX
tmX,HDcErjSWoF
tmX
HDcErjSWoF
HDcErjSWoF
HDcErjSWoF
tmX
tmX,HDcErjSWoF,tmX,JyHVbiBYb
tmX
tmX,HDcErjSWoF,HDcErjSWoF,HDcErjSWoF
HDcErjSWoF
HDcErjSWoF
HDcErjSWoF
tmX,HDcErjSWoF,HDcErjSWoF,tmX
tmX,HDcErjSWoF,HDcErjSWoF,tmX
HDcErjSWoF,tmX,HDcErjSWoF,tmX
tmX
tmX
tmX,HDcErjSWoF,tmX
tmX
tmX,HDcErjSWoF,tmX,HDcErjSWoF
tmX,tmX,tmX
tmX
HDcErjSWoF
HDcErjSWoF,tmX,HDcErjSWoF
HDcErjSWoF,tmX,HDcErjSWoF,tmX
HDcErjSWoF
HDcErjSWoF
HDcErjSWoF,tmX,HDcErjSWoF,tmX
HDcErjSWoF,HDcErjSWoF,tmX
HDcErjSWoF,HDcErjSWoF
HDcErjSWoF,HDcErjSWoF
HDcErjSWoF,HDcErjSWoF,HDcErjSWoF,HDcErjSWoF,JyHVbiBYb
HDcErjSWoF
HDcErjSWoF
HDcErjSWoF,HDcErjSWoF
HDcErjSWoF,HDcErjSWoF
HDcErjSWoF,HDcErjSWoF
HDcErjSWoF
tmX
tmX
JyHVbiBYb
JyHVbiBYb
HDcErjSWoF,JyHVbiBYb,tmX,JyHVbiBYb
HDcErjSWoF,JyHVbiBYb,tmX,JyHVbiBYb
JyHVbiBYb
JyHVbiBYb
tmX
JyHVbiBYb,HDcErjSWoF,tmX
tmX
JyHVbiBYb,HDcErjSWoF,tmX
HDcErjSWoF,tmX,HDcErjSWoF
HDcErjSWoF,tmX,HDcErjSWoF
HDcErjSWoF,tmX,HDcErjSWoF
HDcErjSWoF
tmX
HDcErjSWoF,HDcErjSWoF,HDcErjSWoF
HDcErjSWoF,HDcErjSWoF,HDcErjSWoF
HDcErjSWoF
HDcErjSWoF,HDcErjSWoF,HDcErjSWoF
HDcErjSWoF,HDcErjSWoF,HDcErjSWoF
HDcErjSWoF
HDcErjSWoF,tmX,HDcErjSWoF,HDcErjSWoF,JyHVbiBYb
HDcErjSWoF
HDcErjSWoF,HDcErjSWoF,HDcErjSWoF,HDcErjSWoF
HDcErjSWoF
HDcErjSWoF,HDcErjSWoF,HDcErjSWoF,HDcErjSWoF,JyHVbiBYb
HDcErjSWoF,HDcErjSWoF,HDcErjSWoF,HDcErjSWoF
HDcErjSWoF
HDcErjSWoF
JyHVbiBYb
HDcErjSWoF
HDcErjSWoF
HDcErjSWoF
HDcErjSWoF,HDcErjSWoF,HDcErjSWoF,HDcErjSWoF,HDcErjSWoF,tmX
HDcErjSWoF
HDcErjSWoF
HDcErjSWoF
HDcErjSWoF
HDcErjSWoF
HDcErjSWoF
HDcErjSWoF
HDcErjSWoF,HDcErjSWoF,HDcErjSWoF,HDcErjSWoF,HDcErjSWoF
HDcErjSWoF,HDcErjSWoF,tmX,HDcErjSWoF,HDcErjSWoF
HDcErjSWoF
HDcErjSWoF,tmX,HDcErjSWoF,HDcErjSWoF,tmX,tmX
HDcErjSWoF
HDcErjSWoF,HDcErjSWoF,tmX,tmX,HDcErjSWoF,HDcErjSWoF
HDcErjSWoF,tmX,HDcErjSWoF,tmX,HDcErjSWoF,HDcErjSWoF
HDcErjSWoF,tmX,HDcErjSWoF,tmX,HDcErjSWoF,HDcErjSWoF
HDcErjSWoF,tmX,HDcErjSWoF,tmX,HDcErjSWoF,HDcErjSWoF
tmX
HDcErjSWoF,tmX,tmX,tmX,HDcErjSWoF,HDcErjSWoF
HDcErjSWoF,tmX,tmX,tmX,HDcErjSWoF,HDcErjSWoF
tmX
tmX
HDcErjSWoF,tmX,tmX,tmX,HDcErjSWoF,HDcErjSWoF
tmX
HDcErjSWoF,tmX,tmX,tmX,HDcErjSWoF,HDcErjSWoF
HDcErjSWoF,tmX,tmX,tmX,HDcErjSWoF,HDcErjSWoF
tmX
HDcErjSWoF,tmX,tmX,tmX,HDcErjSWoF,HDcErjSWoF
HDcErjSWoF
tmX,HDcErjSWoF,HDcErjSWoF,tmX,tmX,HDcErjSWoF
tmX
tmX,HDcErjSWoF,HDcErjSWoF,tmX,tmX,HDcErjSWoF
tmX,HDcErjSWoF,HDcErjSWoF,tmX,tmX,HDcErjSWoF
HDcErjSWoF,HDcErjSWoF,tmX,tmX,HDcErjSWoF
tmX
HDcErjSWoF,HDcErjSWoF,tmX,tmX,HDcErjSWoF,JyHVbiBYb
HDcErjSWoF,HDcErjSWoF,tmX,tmX,HDcErjSWoF,JyHVbiBYb
tmX
tmX
Jedi Wagner, assuma o comando!