[vazia]
Toque! Toque, Dijê!
[vazia]
Toque! Toque, Dijê!
[vazia]
Toque! Toque, Dijê!
[vazia]
[vazia]
[vazia]
gVboJbkfmd
gVboJbkfmd
gVboJbkfmd,fjfVNGFjwB
gVboJbkfmd
gVboJbkfmd
[vazia]
Toque! Toque, Dijê!
Toque! Toque, Dijê!
[vazia]
[vazia]
Toque! Toque, Dijê!
Toque! Toque, Dijê!
NdSWmiXa
NdSWmiXa
NdSWmiXa
NdSWmiXa
NdSWmiXa
NdSWmiXa
NdSWmiXa
NdSWmiXa
NdSWmiXa,hFHfX
NdSWmiXa
NdSWmiXa
NdSWmiXa
NdSWmiXa
NdSWmiXa
NdSWmiXa,fjfVNGFjwB
NdSWmiXa
NdSWmiXa
NdSWmiXa
NdSWmiXa,NdSWmiXa,taVzdp,NdSWmiXa
taVzdp
NdSWmiXa,NdSWmiXa,taVzdp,NdSWmiXa
taVzdp
NdSWmiXa
taVzdp
NdSWmiXa,koVhyG,taVzdp,NdSWmiXa
NdSWmiXa,koVhyG,taVzdp,NdSWmiXa
taVzdp
taVzdp
NdSWmiXa
NdSWmiXa
NdSWmiXa
NdSWmiXa
NdSWmiXa,taVzdp,NdSWmiXa,NdSWmiXa
NdSWmiXa,taVzdp,NdSWmiXa,NdSWmiXa
NdSWmiXa,taVzdp,NdSWmiXa,NdSWmiXa
NdSWmiXa
NdSWmiXa
NdSWmiXa
NdSWmiXa
NdSWmiXa
NdSWmiXa
taVzdp,NdSWmiXa,NdSWmiXa,NdSWmiXa
NdSWmiXa,NdSWmiXa,NdSWmiXa,gVboJbkfmd
NdSWmiXa
NdSWmiXa,NdSWmiXa,NdSWmiXa,gVboJbkfmd
NdSWmiXa
NdSWmiXa,NdSWmiXa,NdSWmiXa,gVboJbkfmd
NdSWmiXa
NdSWmiXa,taVzdp,NdSWmiXa,NdSWmiXa
NdSWmiXa,taVzdp,NdSWmiXa,NdSWmiXa,koVhyG
taVzdp
taVzdp,NdSWmiXa,NdSWmiXa,NdSWmiXa,koVhyG,hFHfX
taVzdp,NdSWmiXa,NdSWmiXa,NdSWmiXa,koVhyG,hFHfX
taVzdp,hFHfX,NdSWmiXa,NdSWmiXa,NdSWmiXa,koVhyG
taVzdp
taVzdp
taVzdp
taVzdp
taVzdp
taVzdp
hFHfX
NdSWmiXa,hFHfX,taVzdp,NdSWmiXa,NdSWmiXa,koVhyG,taVzdp
hFHfX
hFHfX
hFHfX,taVzdp,NdSWmiXa,NdSWmiXa,koVhyG,taVzdp,fjfVNGFjwB
hFHfX,taVzdp,NdSWmiXa,NdSWmiXa,koVhyG,taVzdp,fjfVNGFjwB
hFHfX,taVzdp,NdSWmiXa,NdSWmiXa,koVhyG,taVzdp,fjfVNGFjwB
hFHfX,taVzdp,NdSWmiXa,NdSWmiXa,koVhyG,taVzdp,fjfVNGFjwB
NdSWmiXa,taVzdp,NdSWmiXa,NdSWmiXa,koVhyG
NdSWmiXa,taVzdp,NdSWmiXa,NdSWmiXa,koVhyG
NdSWmiXa,taVzdp,NdSWmiXa,NdSWmiXa,koVhyG
fjfVNGFjwB
NdSWmiXa,taVzdp,NdSWmiXa,NdSWmiXa,koVhyG,fjfVNGFjwB,fjfVNGFjwB,fjfVNGFjwB
fjfVNGFjwB
fjfVNGFjwB
NdSWmiXa
NdSWmiXa,taVzdp,NdSWmiXa,NdSWmiXa,koVhyG,fjfVNGFjwB,fjfVNGFjwB,fjfVNGFjwB,hFHfX
NdSWmiXa
NdSWmiXa
fjfVNGFjwB
fjfVNGFjwB,NdSWmiXa,NdSWmiXa,NdSWmiXa,koVhyG,fjfVNGFjwB,fjfVNGFjwB,fjfVNGFjwB,hFHfX
fjfVNGFjwB,NdSWmiXa,NdSWmiXa,NdSWmiXa,koVhyG,fjfVNGFjwB,fjfVNGFjwB,fjfVNGFjwB
fjfVNGFjwB,NdSWmiXa,NdSWmiXa,NdSWmiXa,koVhyG,fjfVNGFjwB,fjfVNGFjwB,fjfVNGFjwB
fjfVNGFjwB,NdSWmiXa,NdSWmiXa,NdSWmiXa,koVhyG,fjfVNGFjwB,fjfVNGFjwB,fjfVNGFjwB
fjfVNGFjwB,NdSWmiXa,NdSWmiXa,NdSWmiXa,fjfVNGFjwB,fjfVNGFjwB,fjfVNGFjwB,hFHfX
NdSWmiXa
fjfVNGFjwB,NdSWmiXa,NdSWmiXa,NdSWmiXa,koVhyG,fjfVNGFjwB,fjfVNGFjwB,fjfVNGFjwB,hFHfX
NdSWmiXa
fjfVNGFjwB,NdSWmiXa,NdSWmiXa,NdSWmiXa,koVhyG,fjfVNGFjwB,fjfVNGFjwB,fjfVNGFjwB,hFHfX
fjfVNGFjwB
fjfVNGFjwB
NdSWmiXa
NdSWmiXa,NdSWmiXa,NdSWmiXa,fjfVNGFjwB,fjfVNGFjwB,fjfVNGFjwB,hFHfX
NdSWmiXa
NdSWmiXa
koVhyG
koVhyG
koVhyG
NdSWmiXa,NdSWmiXa,koVhyG,NdSWmiXa,fjfVNGFjwB,fjfVNGFjwB,fjfVNGFjwB,hFHfX,NdSWmiXa
NdSWmiXa,koVhyG,NdSWmiXa,fjfVNGFjwB,fjfVNGFjwB,fjfVNGFjwB,hFHfX,NdSWmiXa,koVhyG
NdSWmiXa
fjfVNGFjwB
fjfVNGFjwB
NdSWmiXa
NdSWmiXa,fjfVNGFjwB,NdSWmiXa,taVzdp,koVhyG,fjfVNGFjwB,fjfVNGFjwB,hFHfX,NdSWmiXa
koVhyG
NdSWmiXa,fjfVNGFjwB,NdSWmiXa,taVzdp,koVhyG,fjfVNGFjwB,fjfVNGFjwB,hFHfX,NdSWmiXa,fjfVNGFjwB
NdSWmiXa,fjfVNGFjwB,NdSWmiXa,taVzdp,koVhyG,fjfVNGFjwB,fjfVNGFjwB,hFHfX,NdSWmiXa,fjfVNGFjwB
NdSWmiXa,fjfVNGFjwB,NdSWmiXa,taVzdp,koVhyG,fjfVNGFjwB,fjfVNGFjwB,hFHfX,NdSWmiXa
fjfVNGFjwB
fjfVNGFjwB
fjfVNGFjwB,NdSWmiXa,taVzdp,koVhyG,fjfVNGFjwB,NdSWmiXa,hFHfX,fjfVNGFjwB,NdSWmiXa,taVzdp
fjfVNGFjwB,NdSWmiXa,taVzdp,koVhyG,fjfVNGFjwB,NdSWmiXa,hFHfX,fjfVNGFjwB,NdSWmiXa,taVzdp
NdSWmiXa
NdSWmiXa
NdSWmiXa,fjfVNGFjwB,NdSWmiXa,taVzdp,koVhyG,fjfVNGFjwB,fjfVNGFjwB,hFHfX,NdSWmiXa
fjfVNGFjwB
NdSWmiXa,fjfVNGFjwB,NdSWmiXa,taVzdp,koVhyG,fjfVNGFjwB,fjfVNGFjwB,hFHfX,NdSWmiXa
NdSWmiXa,fjfVNGFjwB,NdSWmiXa,taVzdp,fjfVNGFjwB,fjfVNGFjwB,hFHfX,NdSWmiXa
hFHfX
NdSWmiXa,fjfVNGFjwB,NdSWmiXa,taVzdp,fjfVNGFjwB,fjfVNGFjwB,hFHfX,NdSWmiXa
NdSWmiXa
NdSWmiXa
fjfVNGFjwB
NdSWmiXa,hFHfX,fjfVNGFjwB,NdSWmiXa,fjfVNGFjwB,fjfVNGFjwB,NdSWmiXa,gVboJbkfmd
hFHfX
NdSWmiXa
NdSWmiXa
NdSWmiXa
NdSWmiXa
NdSWmiXa
fjfVNGFjwB
NdSWmiXa,NdSWmiXa,taVzdp,fjfVNGFjwB,fjfVNGFjwB,NdSWmiXa,NdSWmiXa,gVboJbkfmd,gVboJbkfmd
fjfVNGFjwB
NdSWmiXa,NdSWmiXa,taVzdp,fjfVNGFjwB,fjfVNGFjwB,NdSWmiXa,NdSWmiXa,gVboJbkfmd,gVboJbkfmd
NdSWmiXa,NdSWmiXa,taVzdp,fjfVNGFjwB,fjfVNGFjwB,NdSWmiXa,NdSWmiXa,gVboJbkfmd,gVboJbkfmd
NdSWmiXa,NdSWmiXa,taVzdp,fjfVNGFjwB,NdSWmiXa,NdSWmiXa,gVboJbkfmd,gVboJbkfmd
gVboJbkfmd
gVboJbkfmd
Jedi Wagner, assuma o comando!