[vazia]
Toque! Toque, Dijê!
[vazia]
[vazia]
ilnmA
ilnmA
ilnmA,yWDEm
ilnmA
ilnmA
ilnmA
ilnmA
ilnmA
ilnmA
ilnmA,yWDEm,PwotXnCrOi
ilnmA,yWDEm
ilnmA,yWDEm
ilnmA
ilnmA
ilnmA,yWDEm
ilnmA,yWDEm
ilnmA,yWDEm
yWDEm
ilnmA,yWDEm,PwotXnCrOi,yWDEm,GImkfXobj
yWDEm
yWDEm,PwotXnCrOi,yWDEm,GImkfXobj
yWDEm
yWDEm,PwotXnCrOi,yWDEm,GImkfXobj
yWDEm
yWDEm,PwotXnCrOi,yWDEm,GImkfXobj
yWDEm
yWDEm,yWDEm,GImkfXobj
yWDEm
yWDEm
yWDEm
yWDEm,yWDEm,GImkfXobj
yWDEm,GImkfXobj,yWDEm
yWDEm
GImkfXobj
GImkfXobj,yWDEm
GImkfXobj
GImkfXobj
yWDEm
yWDEm
yWDEm
yWDEm,RGuBaSaLQp
yWDEm
yWDEm
yWDEm,PwotXnCrOi,bQCnpq
yWDEm
PwotXnCrOi
yWDEm
PwotXnCrOi
PwotXnCrOi
PwotXnCrOi
PwotXnCrOi
PwotXnCrOi
PwotXnCrOi
yWDEm,PwotXnCrOi,q,PwotXnCrOi,GImkfXobj
yWDEm,PwotXnCrOi,q,PwotXnCrOi,GImkfXobj
yWDEm,PwotXnCrOi,q,PwotXnCrOi,GImkfXobj
PwotXnCrOi
PwotXnCrOi
yWDEm,PwotXnCrOi,q,PwotXnCrOi,GImkfXobj,ilnmA
yWDEm,PwotXnCrOi,q,PwotXnCrOi,GImkfXobj,ilnmA
yWDEm
yWDEm,q,PwotXnCrOi,PwotXnCrOi,ilnmA,GImkfXobj,ilnmA,Y
yWDEm,q,PwotXnCrOi,PwotXnCrOi,GImkfXobj,ilnmA,Y,Y
PwotXnCrOi
yWDEm,q,PwotXnCrOi,PwotXnCrOi,GImkfXobj,Y,Y,PwotXnCrOi
PwotXnCrOi
yWDEm
yWDEm
yWDEm
q,PwotXnCrOi,PwotXnCrOi,Y,yWDEm,GImkfXobj,ilnmA
q,PwotXnCrOi,PwotXnCrOi,Y,yWDEm,GImkfXobj,ilnmA,Y
q,PwotXnCrOi,PwotXnCrOi,yWDEm,Y,GImkfXobj,ilnmA,Y
yWDEm
PwotXnCrOi,PwotXnCrOi,ilnmA,yWDEm,Y,GImkfXobj,Y
PwotXnCrOi,PwotXnCrOi,ilnmA,yWDEm,Y,GImkfXobj,Y
PwotXnCrOi,PwotXnCrOi,ilnmA,yWDEm,GImkfXobj,Y
PwotXnCrOi,yWDEm,GImkfXobj,PwotXnCrOi,ilnmA,Y
GImkfXobj
PwotXnCrOi
PwotXnCrOi,yWDEm,PwotXnCrOi,ilnmA,GImkfXobj,Y,Y
PwotXnCrOi,PwotXnCrOi,ilnmA,Y,yWDEm,GImkfXobj,Y,RGuBaSaLQp
ilnmA
ilnmA
PwotXnCrOi,ilnmA,Y,yWDEm,GImkfXobj,Y
Y
Y
PwotXnCrOi,ilnmA,Y,yWDEm,GImkfXobj,Y
PwotXnCrOi,ilnmA,Y,yWDEm,GImkfXobj,Y
Y
yWDEm,Y,GImkfXobj,Y,GImkfXobj,Y
yWDEm,GImkfXobj,Y,Y,GImkfXobj,Y
yWDEm,GImkfXobj,Y,Y,GImkfXobj,Y
yWDEm,GImkfXobj,Y,Y,GImkfXobj,Y,Y
Jedi Wagner, assuma o comando!