[vazia]
[vazia]
Toque! Toque, Dijê!
[vazia]
[vazia]
Toque! Toque, Dijê!
[vazia]
Toque! Toque, Dijê!
Toque! Toque, Dijê!
[vazia]
Toque! Toque, Dijê!
n
n
n
n
n
n
n
n
n
n
n
n
n
n
n
n
n
n
n
n
n,tiEzcwJ
n,tiEzcwJ
n,tiEzcwJ,n
n
n
n,tiEzcwJ,n,ZCEcAML,tiEzcwJ
n,tiEzcwJ,n,ZCEcAML,tiEzcwJ
n
n,tiEzcwJ
tiEzcwJ,n,tiEzcwJ
tiEzcwJ,tiEzcwJ,ZCEcAML
tiEzcwJ
tiEzcwJ,tiEzcwJ,n
tiEzcwJ,tiEzcwJ
tiEzcwJ
tiEzcwJ
tiEzcwJ,tiEzcwJ,ZCEcAML
ZCEcAML
ZCEcAML
tiEzcwJ,tiEzcwJ,ZCEcAML
tiEzcwJ,tiEzcwJ,ZCEcAML
tiEzcwJ,ZCEcAML,tiEzcwJ
tiEzcwJ,tiEzcwJ
tiEzcwJ,tiEzcwJ
ZCEcAML
ZCEcAML
ZCEcAML
tiEzcwJ,tiEzcwJ,ZCEcAML
ZCEcAML
tiEzcwJ,tiEzcwJ,ZCEcAML
tiEzcwJ,tiEzcwJ,ZCEcAML
tiEzcwJ,tiEzcwJ,ZCEcAML
ZCEcAML
tiEzcwJ,tiEzcwJ,ZCEcAML,ZCEcAML
tiEzcwJ,tiEzcwJ,ZCEcAML,ZCEcAML
ZCEcAML
ZCEcAML
tiEzcwJ,ZCEcAML,ZCEcAML,ZCEcAML,n
tiEzcwJ,ZCEcAML,ZCEcAML,ZCEcAML,n
tiEzcwJ,ZCEcAML,ZCEcAML,ZCEcAML,ZCEcAML,n
ZCEcAML,ZCEcAML,ZCEcAML,ZCEcAML,ZCEcAML,tiEzcwJ,tiEzcwJ
ZCEcAML,ZCEcAML,ZCEcAML,ZCEcAML,ZCEcAML,tiEzcwJ,tiEzcwJ
ZCEcAML,ZCEcAML,ZCEcAML,ZCEcAML,tiEzcwJ
ZCEcAML
ZCEcAML
ZCEcAML,tiEzcwJ,ZCEcAML,ZCEcAML,n
ZCEcAML
ZCEcAML
ZCEcAML
tiEzcwJ,ZCEcAML,ZCEcAML,ZCEcAML,tiEzcwJ,ZCEcAML
Jedi Wagner, assuma o comando!