cWjKuKNe
cWjKuKNe
Toque! Toque, Dijê!
fuPzTNUNF
TgdfmRKB,fuPzTNUNF
TgdfmRKB
TgdfmRKB
fuPzTNUNF,TgdfmRKB
fuPzTNUNF,TgdfmRKB
TgdfmRKB
TgdfmRKB
cWjKuKNe
cWjKuKNe
cWjKuKNe
cWjKuKNe,mfsmAli
mfsmAli
mfsmAli
mfsmAli,TgdfmRKB,mfsmAli,XOwxbYsmkC,XOwxbYsmkC
mfsmAli
mfsmAli,TgdfmRKB,mfsmAli,XOwxbYsmkC,XOwxbYsmkC
mfsmAli,TgdfmRKB,mfsmAli,XOwxbYsmkC,XOwxbYsmkC
mfsmAli
mfsmAli
mfsmAli,KWCnIq,cWjKuKNe
KWCnIq
mfsmAli,KWCnIq,cWjKuKNe,cWjKuKNe
KWCnIq
KWCnIq
mfsmAli,KWCnIq,cWjKuKNe,cWjKuKNe
mfsmAli,cWjKuKNe
mfsmAli,cWjKuKNe
mfsmAli,cWjKuKNe
cWjKuKNe
cWjKuKNe,KWCnIq
cWjKuKNe,KWCnIq
cWjKuKNe,KWCnIq
cWjKuKNe,KWCnIq
KWCnIq
cWjKuKNe
cWjKuKNe
cWjKuKNe
KWCnIq
cWjKuKNe,KWCnIq
KWCnIq
cWjKuKNe,KWCnIq,WIRS,mfsmAli
KWCnIq,WIRS,mfsmAli,v
KWCnIq,WIRS,mfsmAli,v,TgdfmRKB
KWCnIq,WIRS,mfsmAli,v,TgdfmRKB,KWCnIq
mfsmAli
mfsmAli
KWCnIq,WIRS,v,mfsmAli,TgdfmRKB,KWCnIq,mfsmAli,fuPzTNUNF
mfsmAli
WIRS,v,mfsmAli,TgdfmRKB,KWCnIq,mfsmAli
TgdfmRKB
KWCnIq
KWCnIq
KWCnIq
v,mfsmAli,TgdfmRKB,KWCnIq,mfsmAli,XOwxbYsmkC
v,mfsmAli,KWCnIq,mfsmAli,TgdfmRKB,XOwxbYsmkC
TgdfmRKB
mfsmAli
TgdfmRKB
v,mfsmAli,KWCnIq,mfsmAli,TgdfmRKB,fuPzTNUNF
cWjKuKNe
cWjKuKNe
v,mfsmAli,TgdfmRKB,KWCnIq,mfsmAli,cWjKuKNe,mfsmAli
v,mfsmAli,TgdfmRKB,KWCnIq,mfsmAli,cWjKuKNe,mfsmAli,KWCnIq
v,mfsmAli,TgdfmRKB,KWCnIq,mfsmAli,cWjKuKNe,mfsmAli,XOwxbYsmkC
mfsmAli
XOwxbYsmkC
TgdfmRKB,KWCnIq,mfsmAli,v,mfsmAli,XOwxbYsmkC,KWCnIq,TgdfmRKB,KWCnIq,XOwxbYsmkC
TgdfmRKB,KWCnIq,mfsmAli,v,mfsmAli,XOwxbYsmkC,KWCnIq,TgdfmRKB,KWCnIq,XOwxbYsmkC,mfsmAli
TgdfmRKB,KWCnIq,mfsmAli,v,mfsmAli,XOwxbYsmkC,KWCnIq,TgdfmRKB,KWCnIq,XOwxbYsmkC,mfsmAli,KWCnIq
XOwxbYsmkC
TgdfmRKB,mfsmAli,v,mfsmAli,XOwxbYsmkC,KWCnIq,KWCnIq,TgdfmRKB,KWCnIq,XOwxbYsmkC,mfsmAli,KWCnIq
TgdfmRKB,mfsmAli,v,mfsmAli,XOwxbYsmkC,KWCnIq,KWCnIq,TgdfmRKB,KWCnIq,XOwxbYsmkC,mfsmAli,KWCnIq,WIRS
XOwxbYsmkC
XOwxbYsmkC
XOwxbYsmkC
XOwxbYsmkC
TgdfmRKB,KWCnIq,mfsmAli,v,mfsmAli,XOwxbYsmkC,KWCnIq,TgdfmRKB,KWCnIq,XOwxbYsmkC,mfsmAli,KWCnIq,mfsmAli
XOwxbYsmkC
XOwxbYsmkC
TgdfmRKB,KWCnIq,mfsmAli,v,mfsmAli,XOwxbYsmkC,KWCnIq,TgdfmRKB,KWCnIq,XOwxbYsmkC,mfsmAli,KWCnIq,mfsmAli,v
XOwxbYsmkC
KWCnIq,mfsmAli,v,mfsmAli,XOwxbYsmkC,KWCnIq,TgdfmRKB,KWCnIq,XOwxbYsmkC,mfsmAli,KWCnIq,mfsmAli,v,cWjKuKNe
KWCnIq,mfsmAli,v,mfsmAli,XOwxbYsmkC,KWCnIq,TgdfmRKB,KWCnIq,XOwxbYsmkC,mfsmAli,KWCnIq,mfsmAli,v,cWjKuKNe,KWCnIq
KWCnIq,mfsmAli,v,mfsmAli,XOwxbYsmkC,KWCnIq,TgdfmRKB,KWCnIq,XOwxbYsmkC,mfsmAli,KWCnIq,mfsmAli,v,cWjKuKNe,KWCnIq
XOwxbYsmkC
XOwxbYsmkC
XOwxbYsmkC
v
v
mfsmAli,TgdfmRKB,KWCnIq,XOwxbYsmkC,KWCnIq,XOwxbYsmkC,v,mfsmAli,KWCnIq,mfsmAli,v,KWCnIq,mfsmAli
v
mfsmAli,TgdfmRKB,KWCnIq,XOwxbYsmkC,KWCnIq,XOwxbYsmkC,v,mfsmAli,KWCnIq,mfsmAli,v,KWCnIq,mfsmAli
mfsmAli,TgdfmRKB,KWCnIq,XOwxbYsmkC,KWCnIq,XOwxbYsmkC,v,mfsmAli,KWCnIq,mfsmAli,v,KWCnIq,mfsmAli
v
mfsmAli,TgdfmRKB,KWCnIq,XOwxbYsmkC,KWCnIq,XOwxbYsmkC,v,mfsmAli,KWCnIq,mfsmAli,v,KWCnIq,mfsmAli,WIRS
mfsmAli,TgdfmRKB,KWCnIq,XOwxbYsmkC,KWCnIq,XOwxbYsmkC,v,mfsmAli,KWCnIq,mfsmAli,v,KWCnIq,mfsmAli,WIRS
mfsmAli,TgdfmRKB,KWCnIq,XOwxbYsmkC,KWCnIq,XOwxbYsmkC,v,mfsmAli,KWCnIq,mfsmAli,v,KWCnIq,mfsmAli,WIRS
mfsmAli,TgdfmRKB,KWCnIq,XOwxbYsmkC,KWCnIq,XOwxbYsmkC,v,mfsmAli,KWCnIq,mfsmAli,v,KWCnIq,mfsmAli
v
v
v
KWCnIq
KWCnIq,XOwxbYsmkC,v,mfsmAli,mfsmAli,KWCnIq,mfsmAli,KWCnIq,v,KWCnIq,mfsmAli,v,cWjKuKNe
cWjKuKNe
KWCnIq,XOwxbYsmkC,v,mfsmAli,mfsmAli,KWCnIq,mfsmAli,KWCnIq,cWjKuKNe,v,KWCnIq,mfsmAli,v
v
TgdfmRKB,KWCnIq,XOwxbYsmkC,v,mfsmAli,mfsmAli,KWCnIq,mfsmAli,KWCnIq,v,KWCnIq,mfsmAli,v,cWjKuKNe,cWjKuKNe,fuPzTNUNF
v
v
v
TgdfmRKB,KWCnIq,XOwxbYsmkC,v,mfsmAli,mfsmAli,KWCnIq,mfsmAli,KWCnIq,v,KWCnIq,mfsmAli,v,cWjKuKNe,KWCnIq
v
TgdfmRKB,v,mfsmAli,mfsmAli,KWCnIq,mfsmAli,KWCnIq,v,KWCnIq,mfsmAli,v,fuPzTNUNF
XOwxbYsmkC
XOwxbYsmkC
TgdfmRKB,XOwxbYsmkC,v,mfsmAli,mfsmAli,KWCnIq,v,KWCnIq,mfsmAli,KWCnIq,mfsmAli,v,KWCnIq
KWCnIq
TgdfmRKB,XOwxbYsmkC,v,mfsmAli,mfsmAli,KWCnIq,v,KWCnIq,mfsmAli,KWCnIq,mfsmAli,v,KWCnIq
TgdfmRKB,XOwxbYsmkC,v,mfsmAli,mfsmAli,KWCnIq,v,KWCnIq,mfsmAli,KWCnIq,mfsmAli,v,KWCnIq
XOwxbYsmkC
XOwxbYsmkC
XOwxbYsmkC
TgdfmRKB,XOwxbYsmkC,v,mfsmAli,mfsmAli,KWCnIq,v,KWCnIq,mfsmAli,KWCnIq,mfsmAli,v,KWCnIq
TgdfmRKB,XOwxbYsmkC,v,mfsmAli,mfsmAli,KWCnIq,v,KWCnIq,mfsmAli,KWCnIq,mfsmAli,v,KWCnIq
TgdfmRKB,XOwxbYsmkC,v,mfsmAli,KWCnIq,v,KWCnIq,mfsmAli,KWCnIq,mfsmAli,v,KWCnIq
mfsmAli
mfsmAli
mfsmAli
TgdfmRKB,XOwxbYsmkC,v,mfsmAli,mfsmAli,KWCnIq,v,KWCnIq,mfsmAli,KWCnIq,mfsmAli,v,KWCnIq,mfsmAli
TgdfmRKB,XOwxbYsmkC,v,mfsmAli,mfsmAli,KWCnIq,v,KWCnIq,mfsmAli,KWCnIq,mfsmAli,v,KWCnIq,mfsmAli
mfsmAli
TgdfmRKB,XOwxbYsmkC,v,mfsmAli,mfsmAli,v,KWCnIq,mfsmAli,KWCnIq,mfsmAli,v,KWCnIq,mfsmAli,v,KWCnIq,v
TgdfmRKB,XOwxbYsmkC,v,mfsmAli,v,KWCnIq,mfsmAli,KWCnIq,mfsmAli,v,KWCnIq,mfsmAli,v,KWCnIq,v,mfsmAli
TgdfmRKB,v,mfsmAli,XOwxbYsmkC,KWCnIq,v,mfsmAli,KWCnIq,mfsmAli,v,KWCnIq,mfsmAli,v,KWCnIq,v,mfsmAli,WIRS
TgdfmRKB,mfsmAli,XOwxbYsmkC,v,KWCnIq,v,mfsmAli,KWCnIq,mfsmAli,v,KWCnIq,mfsmAli,v,KWCnIq,v,mfsmAli,WIRS,cWjKuKNe
WIRS
XOwxbYsmkC
KWCnIq
TgdfmRKB,v,mfsmAli,XOwxbYsmkC,KWCnIq,v,mfsmAli,KWCnIq,mfsmAli,v,KWCnIq,mfsmAli,v,KWCnIq,v,mfsmAli,WIRS
TgdfmRKB,v,mfsmAli,XOwxbYsmkC,KWCnIq,v,mfsmAli,KWCnIq,mfsmAli,v,KWCnIq,mfsmAli,v,KWCnIq,v,mfsmAli,WIRS
TgdfmRKB,v,mfsmAli,XOwxbYsmkC,KWCnIq,v,mfsmAli,KWCnIq,mfsmAli,v,KWCnIq,mfsmAli,v,KWCnIq,v,mfsmAli,WIRS
mfsmAli
TgdfmRKB,XOwxbYsmkC,KWCnIq,mfsmAli,v,mfsmAli,KWCnIq,mfsmAli,v,KWCnIq,mfsmAli,v,KWCnIq,v,mfsmAli,WIRS
mfsmAli
mfsmAli
TgdfmRKB,XOwxbYsmkC,KWCnIq,mfsmAli,v,mfsmAli,KWCnIq,mfsmAli,v,KWCnIq,mfsmAli,v,KWCnIq,v,mfsmAli,WIRS,fuPzTNUNF,TgdfmRKB,fuPzTNUNF
mfsmAli
mfsmAli
TgdfmRKB,v,mfsmAli,XOwxbYsmkC,KWCnIq,v,mfsmAli,KWCnIq,mfsmAli,v,KWCnIq,mfsmAli,v,KWCnIq,v,mfsmAli,WIRS,fuPzTNUNF
TgdfmRKB,mfsmAli,XOwxbYsmkC,KWCnIq,v,mfsmAli,KWCnIq,mfsmAli,v,KWCnIq,mfsmAli,v,KWCnIq,v,mfsmAli,WIRS,KWCnIq,XOwxbYsmkC,WIRS
Jedi Wagner, assuma o comando!