[vazia]
[vazia]
PNh,kMAyLmESv
PNh,kMAyLmESv
PNh,kMAyLmESv,B
kMAyLmESv
kMAyLmESv
PNh,kMAyLmESv
PNh,kMAyLmESv
kMAyLmESv
PNh,kMAyLmESv
kMAyLmESv
PNh,kMAyLmESv
kMAyLmESv
kMAyLmESv
PNh,kMAyLmESv,kMAyLmESv
PNh,kMAyLmESv,kMAyLmESv
PNh,kMAyLmESv
kMAyLmESv
PNh
PNh
PNh
PNh
PNh
PNh
stZ
stZ
PNh
PNh
PNh,kMAyLmESv
PNh
PNh,kMAyLmESv,KYrMuOF
KYrMuOF
PNh,kMAyLmESv,KYrMuOF,PNh,ITUoaOFUQC
kMAyLmESv,KYrMuOF,PNh,ITUoaOFUQC,PNh,stZ,ITUoaOFUQC
ITUoaOFUQC
kMAyLmESv,KYrMuOF,PNh,ITUoaOFUQC,PNh,stZ,ITUoaOFUQC
kMAyLmESv,PNh,ITUoaOFUQC,PNh,stZ,ITUoaOFUQC,KYrMuOF,B
KYrMuOF
KYrMuOF
KYrMuOF
KYrMuOF
KYrMuOF
KYrMuOF
KYrMuOF
KYrMuOF
PNh,PNh,KYrMuOF,stZ,B,stZ,stZ
PNh
PNh
B
B
B
PNh,PNh,B,stZ,KYrMuOF,stZ,stZ,kMAyLmESv
PNh,PNh,stZ,KYrMuOF,kMAyLmESv,B,stZ,stZ,KYrMuOF,stZ,KYrMuOF
KYrMuOF
KYrMuOF
stZ,kMAyLmESv,KYrMuOF,stZ,stZ,KYrMuOF,stZ,KYrMuOF
KYrMuOF
KYrMuOF
KYrMuOF
KYrMuOF
stZ,kMAyLmESv,KYrMuOF,stZ,stZ,KYrMuOF,stZ,KYrMuOF
stZ,KYrMuOF,stZ,stZ,KYrMuOF,stZ,KYrMuOF,stZ,PNh
stZ,KYrMuOF,stZ,stZ,KYrMuOF,stZ,KYrMuOF,stZ,PNh
stZ,KYrMuOF,stZ,KYrMuOF,stZ,KYrMuOF,stZ,PNh
KYrMuOF,PNh,stZ,KYrMuOF,stZ,KYrMuOF,stZ
KYrMuOF,PNh,stZ,KYrMuOF,stZ,KYrMuOF,stZ,KYrMuOF
PNh,stZ,stZ,KYrMuOF,stZ,KYrMuOF,ITUoaOFUQC
stZ
KYrMuOF,PNh,stZ,KYrMuOF,stZ,KYrMuOF,stZ,KYrMuOF
KYrMuOF,PNh,stZ,KYrMuOF,stZ,KYrMuOF,stZ,KYrMuOF
stZ
stZ
PNh,stZ,KYrMuOF,stZ,KYrMuOF,stZ,KYrMuOF,PNh
PNh,stZ,stZ,KYrMuOF,stZ,KYrMuOF,PNh,B
KYrMuOF
stZ,KYrMuOF,stZ,stZ,KYrMuOF,PNh,B,PNh
stZ,stZ,KYrMuOF,stZ,KYrMuOF,PNh,B,PNh
stZ
stZ
stZ
KYrMuOF
stZ,stZ,PNh,stZ,KYrMuOF,KYrMuOF,B,PNh,ITUoaOFUQC
stZ,stZ,PNh,stZ,KYrMuOF,KYrMuOF,B,PNh,ITUoaOFUQC
KYrMuOF
KYrMuOF
stZ,stZ,PNh,stZ,KYrMuOF,KYrMuOF,B,PNh,KYrMuOF,KYrMuOF
KYrMuOF
KYrMuOF
stZ,stZ,PNh,stZ,KYrMuOF,KYrMuOF,PNh
stZ,stZ,PNh,stZ,KYrMuOF,KYrMuOF,PNh,KYrMuOF,KYrMuOF
KYrMuOF
KYrMuOF
stZ,stZ,PNh,stZ,KYrMuOF,KYrMuOF,PNh,KYrMuOF,KYrMuOF
stZ,stZ,PNh,stZ,KYrMuOF,KYrMuOF,PNh,KYrMuOF,KYrMuOF
stZ,stZ,PNh,stZ,KYrMuOF,KYrMuOF,PNh,KYrMuOF,KYrMuOF
stZ
stZ,stZ,PNh,stZ,KYrMuOF,KYrMuOF,PNh,KYrMuOF,KYrMuOF,KYrMuOF
stZ,stZ,PNh,stZ,KYrMuOF,KYrMuOF,PNh,KYrMuOF,KYrMuOF,KYrMuOF
KYrMuOF
PNh,stZ,KYrMuOF,KYrMuOF,PNh,KYrMuOF,KYrMuOF,KYrMuOF,KYrMuOF
PNh,stZ,KYrMuOF,KYrMuOF,PNh,KYrMuOF,KYrMuOF,KYrMuOF,KYrMuOF
PNh
PNh,stZ,KYrMuOF,KYrMuOF,PNh,KYrMuOF,KYrMuOF,KYrMuOF,KYrMuOF
PNh
PNh
PNh
PNh
KYrMuOF
KYrMuOF,PNh,stZ,KYrMuOF,PNh,KYrMuOF,KYrMuOF,KYrMuOF,KYrMuOF,KYrMuOF,PNh,B,stZ
KYrMuOF,PNh,stZ,KYrMuOF,PNh,KYrMuOF,KYrMuOF,KYrMuOF,KYrMuOF,KYrMuOF,PNh,B,PNh
KYrMuOF
KYrMuOF,PNh,stZ,KYrMuOF,PNh,KYrMuOF,KYrMuOF,KYrMuOF,KYrMuOF,KYrMuOF,PNh,B
KYrMuOF
PNh
PNh
PNh
KYrMuOF,PNh,stZ,KYrMuOF,PNh,KYrMuOF,KYrMuOF,KYrMuOF,KYrMuOF,KYrMuOF,PNh,B
KYrMuOF,PNh,stZ,KYrMuOF,PNh,KYrMuOF,KYrMuOF,KYrMuOF,KYrMuOF,KYrMuOF,PNh,B,stZ
PNh
PNh
KYrMuOF,stZ,KYrMuOF,PNh,KYrMuOF,PNh,KYrMuOF,KYrMuOF,KYrMuOF,KYrMuOF,PNh,stZ
KYrMuOF
stZ
PNh,stZ,KYrMuOF,PNh,KYrMuOF,KYrMuOF,KYrMuOF,KYrMuOF,KYrMuOF,KYrMuOF,PNh,stZ
KYrMuOF
PNh,stZ,KYrMuOF,PNh,KYrMuOF,KYrMuOF,KYrMuOF,KYrMuOF,KYrMuOF,KYrMuOF,PNh,stZ,KYrMuOF
KYrMuOF
KYrMuOF,PNh,KYrMuOF,PNh,KYrMuOF,stZ,KYrMuOF,KYrMuOF,KYrMuOF,KYrMuOF,PNh,stZ,stZ,PNh
stZ
stZ
KYrMuOF,PNh,KYrMuOF,PNh,KYrMuOF,stZ,KYrMuOF,KYrMuOF,KYrMuOF,KYrMuOF,PNh,stZ,stZ,PNh
PNh
PNh
KYrMuOF,KYrMuOF,KYrMuOF,stZ,KYrMuOF,KYrMuOF,KYrMuOF,PNh,PNh,KYrMuOF,PNh,stZ,stZ,PNh,stZ
PNh
KYrMuOF,KYrMuOF,KYrMuOF,stZ,KYrMuOF,KYrMuOF,KYrMuOF,PNh,PNh,KYrMuOF,PNh,stZ,stZ,PNh,stZ,kMAyLmESv
KYrMuOF,KYrMuOF,stZ,KYrMuOF,KYrMuOF,KYrMuOF,PNh,PNh,KYrMuOF,KYrMuOF,PNh,stZ,stZ,PNh,stZ,kMAyLmESv
KYrMuOF
KYrMuOF
KYrMuOF,stZ,KYrMuOF,KYrMuOF,KYrMuOF,PNh,PNh,KYrMuOF,KYrMuOF,KYrMuOF,PNh,stZ,stZ,PNh,stZ,kMAyLmESv,stZ
KYrMuOF
KYrMuOF
KYrMuOF
KYrMuOF,stZ,KYrMuOF,KYrMuOF,KYrMuOF,PNh,PNh,KYrMuOF,KYrMuOF,KYrMuOF,PNh,stZ,stZ,PNh,stZ,kMAyLmESv,stZ,stZ
KYrMuOF
KYrMuOF,KYrMuOF,KYrMuOF,KYrMuOF,KYrMuOF,KYrMuOF,PNh,kMAyLmESv,KYrMuOF,stZ,stZ,PNh,stZ,stZ,stZ,ITUoaOFUQC,stZ,stZ,stZ
KYrMuOF,KYrMuOF,KYrMuOF,KYrMuOF,PNh,KYrMuOF,KYrMuOF,KYrMuOF,PNh,stZ,stZ,PNh,stZ,kMAyLmESv,stZ,stZ
PNh
KYrMuOF,KYrMuOF,KYrMuOF,KYrMuOF,PNh,KYrMuOF,KYrMuOF,KYrMuOF,PNh,stZ,stZ,PNh,stZ,kMAyLmESv,stZ,stZ,ITUoaOFUQC
KYrMuOF,KYrMuOF,KYrMuOF,KYrMuOF,PNh,KYrMuOF,KYrMuOF,KYrMuOF,PNh,stZ,stZ,PNh,stZ,kMAyLmESv,stZ,stZ
PNh
KYrMuOF,KYrMuOF,KYrMuOF,KYrMuOF,PNh,KYrMuOF,KYrMuOF,KYrMuOF,PNh,stZ,stZ,PNh,stZ,kMAyLmESv,stZ,stZ,ITUoaOFUQC,KYrMuOF
PNh
PNh
PNh
PNh
KYrMuOF,KYrMuOF,KYrMuOF,KYrMuOF,PNh,KYrMuOF,KYrMuOF,KYrMuOF,PNh,stZ,stZ,PNh,stZ,kMAyLmESv,stZ,stZ
KYrMuOF,KYrMuOF,KYrMuOF,KYrMuOF,PNh,KYrMuOF,KYrMuOF,KYrMuOF,PNh,stZ,stZ,PNh,stZ,kMAyLmESv,stZ,stZ,B
stZ
stZ
stZ
KYrMuOF,KYrMuOF,KYrMuOF,KYrMuOF,PNh,KYrMuOF,KYrMuOF,KYrMuOF,PNh,stZ,stZ,PNh,stZ,kMAyLmESv,stZ,stZ,B,B
KYrMuOF,KYrMuOF,KYrMuOF,KYrMuOF,PNh,KYrMuOF,KYrMuOF,KYrMuOF,PNh,stZ,stZ,PNh,stZ,kMAyLmESv,stZ,stZ,B,B
stZ
stZ
stZ
KYrMuOF,KYrMuOF,KYrMuOF,KYrMuOF,PNh,KYrMuOF,KYrMuOF,KYrMuOF,PNh,stZ,stZ,PNh,stZ,kMAyLmESv,stZ,stZ,B,B,ITUoaOFUQC,stZ,KYrMuOF,stZ
KYrMuOF,KYrMuOF,KYrMuOF,KYrMuOF,PNh,KYrMuOF,KYrMuOF,KYrMuOF,PNh,stZ,stZ,PNh,stZ,kMAyLmESv,stZ,stZ,B
KYrMuOF,KYrMuOF,KYrMuOF,KYrMuOF,PNh,KYrMuOF,KYrMuOF,KYrMuOF,PNh,stZ,stZ,PNh,stZ,kMAyLmESv,stZ,stZ,B
stZ
stZ
Jedi Wagner, assuma o comando!