Toque! Toque, Dijê!
[vazia]
Toque! Toque, Dijê!
[vazia]
MPDxGsJO
MPDxGsJO
MPDxGsJO
MPDxGsJO,MPDxGsJO,MPDxGsJO
MPDxGsJO,MPDxGsJO,MPDxGsJO,MPDxGsJO,MPDxGsJO
MPDxGsJO,MPDxGsJO,MPDxGsJO,MPDxGsJO,MPDxGsJO
MPDxGsJO,MPDxGsJO,MPDxGsJO,MPDxGsJO
MPDxGsJO,MPDxGsJO,MPDxGsJO,MPDxGsJO
MPDxGsJO
MPDxGsJO
MPDxGsJO
MPDxGsJO,MPDxGsJO,MPDxGsJO,MPDxGsJO,MPDxGsJO
MPDxGsJO,MPDxGsJO,MPDxGsJO,MPDxGsJO,MPDxGsJO
MPDxGsJO,MPDxGsJO,MPDxGsJO,MPDxGsJO,MPDxGsJO
MPDxGsJO,MPDxGsJO,MPDxGsJO,MPDxGsJO,MPDxGsJO
MPDxGsJO,MPDxGsJO,MPDxGsJO,MPDxGsJO
MPDxGsJO
MPDxGsJO,MPDxGsJO,MPDxGsJO,MPDxGsJO
MPDxGsJO,MPDxGsJO,MPDxGsJO
MPDxGsJO
MPDxGsJO,MPDxGsJO,MPDxGsJO
MPDxGsJO
MPDxGsJO
MPDxGsJO,MPDxGsJO,MPDxGsJO,MPDxGsJO,MPDxGsJO
MPDxGsJO
MPDxGsJO
MPDxGsJO
MPDxGsJO,MPDxGsJO,MPDxGsJO,MPDxGsJO,MPDxGsJO
MPDxGsJO
MPDxGsJO
MPDxGsJO
MPDxGsJO
MPDxGsJO
MPDxGsJO,MPDxGsJO,MPDxGsJO,MPDxGsJO,MPDxGsJO
MPDxGsJO
MPDxGsJO
MPDxGsJO
MPDxGsJO
MPDxGsJO
MPDxGsJO
MPDxGsJO
MPDxGsJO,MPDxGsJO,MPDxGsJO,MPDxGsJO,MPDxGsJO
MPDxGsJO
MPDxGsJO,MPDxGsJO,MPDxGsJO
MPDxGsJO,MPDxGsJO,MPDxGsJO
MPDxGsJO,MPDxGsJO
MPDxGsJO,MPDxGsJO
MPDxGsJO,MPDxGsJO
MPDxGsJO,MPDxGsJO
MPDxGsJO
MPDxGsJO
MPDxGsJO,MPDxGsJO,MPDxGsJO
[vazia]
Toque! Toque, Dijê!
MPDxGsJO
MPDxGsJO
Jedi Wagner, assuma o comando!