[vazia]
Toque! Toque, Dijê!
[vazia]
Toque! Toque, Dijê!
Toque! Toque, Dijê!
[vazia]
Toque! Toque, Dijê!
Toque! Toque, Dijê!
[vazia]
Toque! Toque, Dijê!
HyUEIEUVGC
HyUEIEUVGC
HyUEIEUVGC
HyUEIEUVGC
HyUEIEUVGC
HyUEIEUVGC
wpRTtNPpgt
EaEMqI
EaEMqI
HyUEIEUVGC,wpRTtNPpgt,EaEMqI,ZUZKUOstAq
HyUEIEUVGC,wpRTtNPpgt,EaEMqI,ZUZKUOstAq
EaEMqI
HyUEIEUVGC,wpRTtNPpgt,EaEMqI,ZUZKUOstAq
HyUEIEUVGC,wpRTtNPpgt,EaEMqI,ZUZKUOstAq
HyUEIEUVGC
HyUEIEUVGC
HyUEIEUVGC,wpRTtNPpgt,EaEMqI
HyUEIEUVGC,wpRTtNPpgt,EaEMqI
HyUEIEUVGC
HyUEIEUVGC,wpRTtNPpgt,EaEMqI
HyUEIEUVGC,wpRTtNPpgt,EaEMqI
HyUEIEUVGC
HyUEIEUVGC
HyUEIEUVGC
HyUEIEUVGC,wpRTtNPpgt,EaEMqI
HyUEIEUVGC,wpRTtNPpgt,EaEMqI
EaEMqI
HyUEIEUVGC,wpRTtNPpgt,EaEMqI
HyUEIEUVGC,wpRTtNPpgt,EaEMqI
HyUEIEUVGC,wpRTtNPpgt,EaEMqI
EaEMqI
Jedi Wagner, assuma o comando!