sLaJPPx
sLaJPPx
sLaJPPx
sLaJPPx,xRfNXP,fhvzEgQGbE
sLaJPPx,xRfNXP,fhvzEgQGbE
Toque! Toque, Dijê!
[vazia]
Toque! Toque, Dijê!
sLaJPPx
sLaJPPx
sLaJPPx
sLaJPPx
sLaJPPx,hDH
sLaJPPx
sLaJPPx
sLaJPPx
sLaJPPx,hDH
sLaJPPx
AlBl
AlBl
mqQDJwRBe
mqQDJwRBe,AlBl
mqQDJwRBe
mqQDJwRBe,AlBl,HkMJJO
mqQDJwRBe
AlBl
HkMJJO
mqQDJwRBe,AlBl,HkMJJO
HkMJJO
mqQDJwRBe,AlBl,HkMJJO,hsFgF,xRfNXP
HkMJJO
mqQDJwRBe,AlBl,HkMJJO,sLaJPPx,fhvzEgQGbE
HkMJJO
mqQDJwRBe,AlBl,HkMJJO,sLaJPPx,fhvzEgQGbE,Pl
Pl
Pl
Pl
Pl
mqQDJwRBe,AlBl,HkMJJO,sLaJPPx,fhvzEgQGbE,Pl,xRfNXP
mqQDJwRBe,HkMJJO,sLaJPPx,fhvzEgQGbE,Pl,AlBl,xRfNXP
mqQDJwRBe,HkMJJO,sLaJPPx,fhvzEgQGbE,Pl,AlBl,xRfNXP
AlBl
AlBl
mqQDJwRBe,AlBl,HkMJJO,sLaJPPx,fhvzEgQGbE,Pl,Pl
mqQDJwRBe,AlBl,HkMJJO,sLaJPPx,fhvzEgQGbE,Pl,Pl
Pl
Pl
mqQDJwRBe,AlBl,HkMJJO,sLaJPPx,fhvzEgQGbE,Pl,Pl,Pl
mqQDJwRBe
mqQDJwRBe,AlBl,HkMJJO,sLaJPPx,fhvzEgQGbE,Pl,Pl,Pl,sLaJPPx
mqQDJwRBe,AlBl,HkMJJO,sLaJPPx,fhvzEgQGbE,Pl,Pl
mqQDJwRBe,AlBl,HkMJJO,sLaJPPx,fhvzEgQGbE,Pl,Pl
Pl
Pl
Pl
Pl
HkMJJO
HkMJJO
HkMJJO
fhvzEgQGbE,Pl,AlBl,HkMJJO,mqQDJwRBe,Pl,szXFIJ
mqQDJwRBe
fhvzEgQGbE,Pl,AlBl,HkMJJO,mqQDJwRBe,Pl,szXFIJ,HkMJJO
fhvzEgQGbE,Pl,AlBl,HkMJJO,mqQDJwRBe,Pl,szXFIJ,HkMJJO
fhvzEgQGbE,Pl,AlBl,HkMJJO,mqQDJwRBe,Pl,szXFIJ,HkMJJO
fhvzEgQGbE
Pl,AlBl,HkMJJO,mqQDJwRBe,Pl,szXFIJ,fhvzEgQGbE,HkMJJO
fhvzEgQGbE,Pl,AlBl,HkMJJO,mqQDJwRBe,Pl,HkMJJO
fhvzEgQGbE,Pl,AlBl,HkMJJO,mqQDJwRBe,Pl,szXFIJ,HkMJJO,AlBl
szXFIJ
szXFIJ
Pl
fhvzEgQGbE,Pl,AlBl,HkMJJO,mqQDJwRBe,Pl,szXFIJ,HkMJJO,Pl,szXFIJ
fhvzEgQGbE
fhvzEgQGbE
fhvzEgQGbE
fhvzEgQGbE,Pl,AlBl,HkMJJO,mqQDJwRBe,Pl,szXFIJ,HkMJJO,Pl,szXFIJ
fhvzEgQGbE,mqQDJwRBe,Pl,Pl,szXFIJ,HkMJJO,Pl,szXFIJ
fhvzEgQGbE,mqQDJwRBe,Pl,Pl,szXFIJ,HkMJJO,Pl,szXFIJ
fhvzEgQGbE,mqQDJwRBe,Pl,Pl,szXFIJ,HkMJJO,Pl,szXFIJ,hDH,Pl,AlBl
szXFIJ
fhvzEgQGbE,mqQDJwRBe,Pl,Pl,szXFIJ,HkMJJO,Pl,szXFIJ,hDH,Pl,AlBl,fhvzEgQGbE
fhvzEgQGbE
mqQDJwRBe,Pl,Pl,szXFIJ,fhvzEgQGbE,HkMJJO,Pl,szXFIJ,hDH,Pl,AlBl
mqQDJwRBe,Pl,Pl,szXFIJ,fhvzEgQGbE,HkMJJO,Pl,szXFIJ,hDH,Pl,AlBl,sLaJPPx
szXFIJ
mqQDJwRBe,Pl,Pl,fhvzEgQGbE,szXFIJ,HkMJJO,Pl,szXFIJ,hDH,Pl,AlBl,sLaJPPx,hDH
mqQDJwRBe,Pl,Pl,fhvzEgQGbE,szXFIJ,HkMJJO,Pl,szXFIJ,hDH,Pl,AlBl,sLaJPPx,hDH
mqQDJwRBe,Pl,Pl,fhvzEgQGbE,szXFIJ,HkMJJO,Pl,szXFIJ,hDH,Pl,AlBl,sLaJPPx,hDH,fhvzEgQGbE
szXFIJ
szXFIJ
Pl,Pl,HkMJJO,Pl,fhvzEgQGbE,szXFIJ,hDH,szXFIJ,Pl,sLaJPPx,hDH,fhvzEgQGbE,sLaJPPx,Pl
Pl,Pl,HkMJJO,Pl,fhvzEgQGbE,szXFIJ,hDH,szXFIJ,Pl,sLaJPPx,hDH,fhvzEgQGbE,sLaJPPx,Pl
szXFIJ
hDH
hDH
sLaJPPx
sLaJPPx
sLaJPPx
Pl,Pl,Pl,fhvzEgQGbE,szXFIJ,hDH,sLaJPPx,szXFIJ,Pl,hDH,fhvzEgQGbE,sLaJPPx,Pl,Pl,hDH,Pl,hDH
sLaJPPx
Pl,Pl,Pl,fhvzEgQGbE,szXFIJ,hDH,sLaJPPx,szXFIJ,Pl,hDH,fhvzEgQGbE,sLaJPPx,Pl,Pl,hDH,Pl,hDH
sLaJPPx
sLaJPPx
Pl,Pl,Pl,fhvzEgQGbE,szXFIJ,sLaJPPx,szXFIJ,Pl,hDH,fhvzEgQGbE,sLaJPPx,Pl,Pl,hDH,Pl,Pl,AlBl
sLaJPPx
sLaJPPx
Pl,Pl,Pl,fhvzEgQGbE,szXFIJ,sLaJPPx,szXFIJ,Pl,hDH,fhvzEgQGbE,sLaJPPx,Pl,Pl,hDH,Pl,Pl,AlBl,HkMJJO
sLaJPPx
Pl,Pl,Pl,fhvzEgQGbE,szXFIJ,hDH,sLaJPPx,szXFIJ,Pl,hDH,fhvzEgQGbE,sLaJPPx,Pl,Pl,AlBl
Pl,Pl,Pl,szXFIJ,hDH,sLaJPPx,szXFIJ,Pl,hDH,fhvzEgQGbE,sLaJPPx,Pl,Pl,AlBl
Pl,Pl,Pl,fhvzEgQGbE,szXFIJ,szXFIJ,Pl,hDH,hDH,fhvzEgQGbE,sLaJPPx,Pl,Pl,xRfNXP,HkMJJO
hDH
Pl,Pl,Pl,fhvzEgQGbE,szXFIJ,szXFIJ,Pl,hDH,hDH,fhvzEgQGbE,sLaJPPx,Pl,Pl,xRfNXP,HkMJJO
hDH
hDH
hDH
Pl,Pl,Pl,fhvzEgQGbE,szXFIJ,Pl,hDH,hDH,mqQDJwRBe,fhvzEgQGbE,sLaJPPx,Pl,Pl,HkMJJO,fhvzEgQGbE,fhvzEgQGbE
mqQDJwRBe
Pl,Pl,fhvzEgQGbE,szXFIJ,Pl,hDH,hDH,mqQDJwRBe,fhvzEgQGbE,sLaJPPx,Pl,Pl,HkMJJO,fhvzEgQGbE,fhvzEgQGbE,mqQDJwRBe
mqQDJwRBe
mqQDJwRBe
Pl,Pl,Pl,fhvzEgQGbE,szXFIJ,szXFIJ,Pl,hDH,hDH,fhvzEgQGbE,sLaJPPx,Pl,Pl,HkMJJO,fhvzEgQGbE,mqQDJwRBe
Pl,Pl,Pl,fhvzEgQGbE,szXFIJ,szXFIJ,Pl,hDH,hDH,fhvzEgQGbE,sLaJPPx,Pl,Pl,HkMJJO,fhvzEgQGbE,mqQDJwRBe
Pl
Pl
Pl
Pl
Pl,Pl,Pl,fhvzEgQGbE,szXFIJ,szXFIJ,Pl,hDH,fhvzEgQGbE,sLaJPPx,Pl,HkMJJO,hDH,Pl,fhvzEgQGbE
Pl,Pl,Pl,fhvzEgQGbE,szXFIJ,szXFIJ,Pl,hDH,hDH,fhvzEgQGbE,sLaJPPx,Pl,Pl,HkMJJO,fhvzEgQGbE,mqQDJwRBe
Pl,Pl,Pl,fhvzEgQGbE,szXFIJ,szXFIJ,Pl,hDH,hDH,fhvzEgQGbE,sLaJPPx,Pl,Pl,HkMJJO,fhvzEgQGbE,mqQDJwRBe,mqQDJwRBe
hDH
Pl,Pl,fhvzEgQGbE,szXFIJ,szXFIJ,Pl,hDH,fhvzEgQGbE,sLaJPPx,Pl,hDH,mqQDJwRBe,Pl,HkMJJO,fhvzEgQGbE,sLaJPPx,hsFgF
Pl,Pl,fhvzEgQGbE,szXFIJ,Pl,hDH,fhvzEgQGbE,sLaJPPx,Pl,hDH,mqQDJwRBe,Pl,HkMJJO,fhvzEgQGbE,sLaJPPx,hsFgF
Pl,Pl,Pl,fhvzEgQGbE,szXFIJ,Pl,hDH,fhvzEgQGbE,Pl,hDH,mqQDJwRBe,sLaJPPx,Pl,HkMJJO,fhvzEgQGbE,sLaJPPx,hsFgF,fhvzEgQGbE
Pl,Pl,Pl,fhvzEgQGbE,szXFIJ,Pl,hDH,fhvzEgQGbE,Pl,hDH,mqQDJwRBe,sLaJPPx,Pl,HkMJJO,fhvzEgQGbE,sLaJPPx,hsFgF,fhvzEgQGbE
sLaJPPx
Pl,Pl,Pl,szXFIJ,Pl,hDH,fhvzEgQGbE,Pl,hDH,mqQDJwRBe,sLaJPPx,HkMJJO,fhvzEgQGbE,Pl,fhvzEgQGbE,sLaJPPx,hsFgF,fhvzEgQGbE
Pl,Pl,Pl,szXFIJ,Pl,hDH,fhvzEgQGbE,Pl,hDH,sLaJPPx,HkMJJO,fhvzEgQGbE,Pl,fhvzEgQGbE,sLaJPPx,hsFgF,fhvzEgQGbE
sLaJPPx
Pl,Pl,Pl,szXFIJ,Pl,hDH,fhvzEgQGbE,Pl,hDH,sLaJPPx,HkMJJO,fhvzEgQGbE,Pl,fhvzEgQGbE,sLaJPPx,hsFgF,fhvzEgQGbE
Pl,Pl,Pl,szXFIJ,Pl,hDH,Pl,hDH,HkMJJO,sLaJPPx,fhvzEgQGbE,fhvzEgQGbE,Pl,fhvzEgQGbE,sLaJPPx,hsFgF,fhvzEgQGbE
sLaJPPx
sLaJPPx
Pl,Pl,Pl,szXFIJ,Pl,hDH,Pl,hDH,HkMJJO,sLaJPPx,fhvzEgQGbE,fhvzEgQGbE,Pl,fhvzEgQGbE,sLaJPPx,hsFgF,fhvzEgQGbE
fhvzEgQGbE
fhvzEgQGbE
Pl,Pl,Pl,szXFIJ,Pl,hDH,Pl,hDH,HkMJJO,sLaJPPx,fhvzEgQGbE,fhvzEgQGbE,Pl,fhvzEgQGbE,sLaJPPx,hsFgF,fhvzEgQGbE
Pl,Pl,Pl,szXFIJ,Pl,hDH,Pl,hDH,HkMJJO,sLaJPPx,fhvzEgQGbE,fhvzEgQGbE,Pl,fhvzEgQGbE,sLaJPPx,hsFgF,fhvzEgQGbE
fhvzEgQGbE
Pl,Pl,Pl,szXFIJ,Pl,hDH,Pl,hDH,HkMJJO,sLaJPPx,fhvzEgQGbE,fhvzEgQGbE,Pl,fhvzEgQGbE,sLaJPPx,hsFgF,fhvzEgQGbE
Jedi Wagner, assuma o comando!