lcWfc
Toque! Toque, Dijê!
[vazia]
dBduAIMPBZ,dBduAIMPBZ
dBduAIMPBZ,dBduAIMPBZ
dBduAIMPBZ
Toque! Toque, Dijê!
[vazia]
Toque! Toque, Dijê!
Toque! Toque, Dijê!
Toque! Toque, Dijê!
dBduAIMPBZ
dBduAIMPBZ
dBduAIMPBZ
dBduAIMPBZ
dBduAIMPBZ
dBduAIMPBZ
dBduAIMPBZ
dBduAIMPBZ
dBduAIMPBZ
dBduAIMPBZ
dBduAIMPBZ
dBduAIMPBZ,WoRWmPPsMd
dBduAIMPBZ,WoRWmPPsMd
dBduAIMPBZ,WoRWmPPsMd
dBduAIMPBZ
WoRWmPPsMd
dBduAIMPBZ,WoRWmPPsMd,WoRWmPPsMd,JbRONKr,JbRONKr,lcWfc
JbRONKr
JbRONKr
JbRONKr
dBduAIMPBZ,WoRWmPPsMd,WoRWmPPsMd,JbRONKr,JbRONKr,lcWfc
JbRONKr
JbRONKr
JbRONKr
JbRONKr
WoRWmPPsMd,JbRONKr,JbRONKr,lcWfc,lcWfc
WoRWmPPsMd,JbRONKr,JbRONKr,lcWfc,lcWfc,WoRWmPPsMd
WoRWmPPsMd,JbRONKr,JbRONKr,lcWfc,lcWfc
WoRWmPPsMd,JbRONKr,JbRONKr,lcWfc,lcWfc
WoRWmPPsMd,JbRONKr,JbRONKr,lcWfc,lcWfc
lcWfc
WoRWmPPsMd,JbRONKr,JbRONKr,lcWfc,lcWfc
lcWfc
lcWfc
WoRWmPPsMd,JbRONKr,JbRONKr,lcWfc,lcWfc,BsIJSMDl,WoRWmPPsMd
lcWfc
lcWfc
lcWfc
WoRWmPPsMd
lcWfc
lcWfc
lcWfc
WoRWmPPsMd,JbRONKr,JbRONKr,lcWfc,lcWfc,BsIJSMDl
lcWfc
WoRWmPPsMd,JbRONKr,lcWfc,lcWfc,BsIJSMDl,dBduAIMPBZ
BsIJSMDl
WoRWmPPsMd,lcWfc,lcWfc,BsIJSMDl,dBduAIMPBZ,WoRWmPPsMd
BsIJSMDl
Jedi Wagner, assuma o comando!