Toque! Toque, Dijê!
ZAQf
ZAQf
[vazia]
[vazia]
ZAQf
ZAQf
[vazia]
[vazia]
Toque! Toque, Dijê!
[vazia]
[vazia]
f
f
Toque! Toque, Dijê!
[vazia]
v
[vazia]
f
v
f
f
f,v
f
f,v,v,f
Toque! Toque, Dijê!
v
v
v
v,v,v
v,v,v
v,v
v
v
v
v,v,v,ZAQf
v,v,v,ZAQf
v
v,v,ZAQf
v,v,v
v
v,v,v
v
v
v
v
v
v
v,v,v,f,ZAQf
v
v,v,v
v
v
v
v
v
v
v,v,v
v
v,v,v,ZAQf
v
v,v,v,ZAQf
v
v
v
v
v,v
v,v
v
v,v
v
f
f
v,v,ZAQf
v
v,v,f
v
v,ZAQf
ZAQf
ZAQf
v,v
v,v
v
ZAQf
ZAQf
v,v
v
v
v
v,v,ZAQf
v
v
v
v,v,v
v,v,v,ZAQf
v
v
v,v,v,ZAQf,v
v
v,v,v,ZAQf,v
v,v,v,ZAQf,v
v,v,v,ZAQf,v,f,v
v,v,ZAQf,v,v,f,v
v,v,ZAQf,v,v,f,v
v,v,ZAQf,v,v,f,v
ZAQf
v,v,ZAQf,v,v,f,v
v,ZAQf,v,v,f,v
v,ZAQf,v,v,f,v,f
v,ZAQf,v,v,v,f
v,v,ZAQf,v,v,f
ZAQf
v,v,ZAQf,v,v,f,v
v,v,ZAQf,v,v,f,v
v,v,ZAQf,v,v,f,v
v
v,v,ZAQf,v,v,f,v,ZAQf,v
v
v,v,v,v,f,v,ZAQf,v
v,v,v,v,f,v,ZAQf,v
v,v,v,v,f,v,ZAQf,v
f
v,v,v,v,f,v,ZAQf,v,v
f
v,v,ZAQf,v,v,f,v,ZAQf,v
f
v,v,v,f,v,ZAQf,ZAQf,v,ZAQf,v
v
v,v,v,f,v,ZAQf,ZAQf,v,ZAQf,v
v,v,v,v,ZAQf,v,ZAQf,ZAQf,v
ZAQf
v,v,v,v,ZAQf,v,ZAQf,ZAQf,v
v,v,v,v,v,ZAQf,ZAQf,v
v,v,v,f,v,ZAQf,v,ZAQf,ZAQf,v
v,v,v,f,v,ZAQf,v,ZAQf,ZAQf,v,v
v,v,v,f,v,v,ZAQf,ZAQf,v,v,ZAQf
ZAQf
ZAQf
v,v,v,f,v,v,ZAQf,ZAQf,v,v,ZAQf,v,f,ZAQf,f
ZAQf
ZAQf
v
v
f
f
f
v,ZAQf,v,v,v,f,v,v,v,ZAQf,v,v
ZAQf,v,v,v,f,v,v,v,v,ZAQf,v,v
v
ZAQf,v,v,v,f,v,v,v,v,ZAQf,v,v,f
v,v,v,v,v,v,ZAQf,f,v,ZAQf,v,v,v,v
f
v
v
v,v,v,v,ZAQf,f,v,v,ZAQf,v,v,v,v,ZAQf,ZAQf
v,v,ZAQf,f,v,v,ZAQf,v,v,v,v,ZAQf,ZAQf
ZAQf
ZAQf
v,ZAQf,f,v,v,ZAQf,v,v,v,v,v,ZAQf,ZAQf,ZAQf
ZAQf,f,v,v,ZAQf,v,v,v,v,v,v,ZAQf,ZAQf,ZAQf
v
f
f
v,v,v,v,v,f,v,v,v,ZAQf,ZAQf,ZAQf,ZAQf,v,ZAQf
v
v
v
v,v,v,v,v,v,ZAQf,v,ZAQf,ZAQf,ZAQf,v,ZAQf,ZAQf
Jedi Wagner, assuma o comando!