pFfrFSeiU
Toque! Toque, Dijê!
Toque! Toque, Dijê!
pFfrFSeiU
pFfrFSeiU
pFfrFSeiU
TyxtvJthd,TyxtvJthd
Toque! Toque, Dijê!
Toque! Toque, Dijê!
rajBp
rajBp
Z
Z
Z
Z
Z
Z,oJ
Z
Z,oJ,oJ
oJ
Z,oJ,oJ
Z
Z,oJ,oJ
oJ,oJ,pFfrFSeiU
Z,oJ,oJ
oJ
oJ
oJ,oJ,TyxtvJthd,Z,oJ,rajBp,pFfrFSeiU
Z,oJ,oJ,TyxtvJthd,oJ,rajBp,TyxtvJthd
rajBp
oJ,oJ,rajBp,TyxtvJthd,oJ,TyxtvJthd,TyxtvJthd
rajBp
oJ,oJ,rajBp,TyxtvJthd,oJ
rajBp
Z,oJ,oJ,TyxtvJthd,oJ
TyxtvJthd
Z,oJ,oJ,TyxtvJthd,oJ
TyxtvJthd
TyxtvJthd
Z,oJ,TyxtvJthd,oJ,oJ,rajBp,Z,Z
oJ
oJ,TyxtvJthd,oJ,oJ,rajBp,Z,Z,TyxtvJthd
oJ,TyxtvJthd,oJ,oJ,rajBp,Z,Z,TyxtvJthd
Z,oJ,oJ,TyxtvJthd,oJ,rajBp
Z,oJ,oJ,TyxtvJthd,oJ,rajBp
TyxtvJthd
TyxtvJthd
Z,oJ,oJ,TyxtvJthd,oJ,rajBp
TyxtvJthd
TyxtvJthd
Z,oJ,oJ,TyxtvJthd,oJ,rajBp
TyxtvJthd
Z,oJ,oJ,TyxtvJthd,oJ,rajBp,oJ
TyxtvJthd
Z,oJ,oJ,TyxtvJthd,oJ,rajBp,oJ,pFfrFSeiU
TyxtvJthd
oJ,oJ,TyxtvJthd,Z,oJ,rajBp,oJ,pFfrFSeiU,pFfrFSeiU
oJ,oJ,Z,oJ,rajBp,oJ,pFfrFSeiU,pFfrFSeiU
Z,oJ,oJ,TyxtvJthd,oJ,rajBp
Z,oJ,oJ,TyxtvJthd,oJ,rajBp
Z,oJ,oJ,rajBp,pFfrFSeiU,oJ
Z
TyxtvJthd
rajBp
rajBp
oJ,oJ,oJ,Z,TyxtvJthd,rajBp
oJ,oJ,oJ,Z,TyxtvJthd,rajBp,oJ
oJ,oJ,oJ,Z,TyxtvJthd,rajBp,oJ
oJ,oJ,oJ,Z,TyxtvJthd,rajBp,oJ,TyxtvJthd
oJ
oJ
oJ
oJ,oJ,oJ,Z,TyxtvJthd,rajBp,oJ
oJ
oJ
oJ
oJ
oJ
oJ,oJ,Z,TyxtvJthd,rajBp,oJ,Z,Z,rajBp,oJ
oJ
oJ,oJ,Z,TyxtvJthd,rajBp,oJ,Z,Z,rajBp,oJ,Z,oJ
oJ
oJ
oJ,oJ,Z,TyxtvJthd,rajBp,oJ,Z,Z,rajBp,oJ,Z,oJ,rajBp,TyxtvJthd
TyxtvJthd
oJ
oJ
oJ,oJ,Z,TyxtvJthd,rajBp,oJ,Z,Z,rajBp,oJ,Z,oJ,rajBp,TyxtvJthd
oJ
oJ
oJ,Z,TyxtvJthd,rajBp,oJ,Z,Z,rajBp,oJ,Z,oJ,rajBp,TyxtvJthd,Z,Z,Z
oJ,Z,TyxtvJthd,rajBp,oJ,Z,Z,rajBp,oJ,Z,oJ,rajBp,TyxtvJthd,Z,Z,Z
oJ,Z,TyxtvJthd,rajBp,oJ,Z,Z,rajBp,oJ,Z,oJ,rajBp,TyxtvJthd,Z,Z,Z
TyxtvJthd
TyxtvJthd
oJ,Z,TyxtvJthd,rajBp,oJ,Z,Z,rajBp,oJ,Z,oJ,rajBp,TyxtvJthd,Z,Z,Z
TyxtvJthd
rajBp
rajBp
rajBp
rajBp
oJ
TyxtvJthd,rajBp,oJ,Z,Z,rajBp,oJ,Z,oJ,rajBp,TyxtvJthd,Z,Z,Z,oJ,rajBp
Z
Z
TyxtvJthd,rajBp,Z,Z,rajBp,Z,oJ,rajBp,TyxtvJthd,Z,Z,Z,oJ,rajBp
TyxtvJthd,rajBp,Z,Z,rajBp,Z,oJ,rajBp,TyxtvJthd,Z,Z,Z,oJ,rajBp
Z
Z
TyxtvJthd,rajBp,Z,Z,rajBp,Z,oJ,rajBp,TyxtvJthd,Z,Z,Z,oJ,rajBp
Z
TyxtvJthd,rajBp,Z,Z,rajBp,Z,oJ,rajBp,TyxtvJthd,Z,Z,Z,oJ,rajBp
TyxtvJthd,rajBp,Z,Z,rajBp,Z,oJ,rajBp,TyxtvJthd,Z,Z,Z,oJ,rajBp
TyxtvJthd,Z,Z,rajBp,Z,oJ,rajBp,TyxtvJthd,Z,Z,Z,oJ,rajBp
Z
rajBp
TyxtvJthd,Z,Z,Z,oJ,rajBp,rajBp,TyxtvJthd,Z,Z,Z,rajBp
Z,Z,Z,oJ,rajBp,rajBp,TyxtvJthd,Z,Z,Z,rajBp
rajBp
Z,Z,Z,rajBp,rajBp,TyxtvJthd,Z,Z,Z,rajBp
Z
Z
Z
TyxtvJthd
TyxtvJthd
rajBp,rajBp,Z,rajBp,TyxtvJthd,Z,Z,Z,rajBp,Z
Z
rajBp,Z,Z,rajBp,Z,TyxtvJthd,oJ,rajBp,TyxtvJthd,Z,Z,Z,oJ,rajBp,pFfrFSeiU,pFfrFSeiU
rajBp,Z,Z,rajBp,Z,TyxtvJthd,oJ,rajBp,TyxtvJthd,Z,Z,Z,oJ,rajBp,pFfrFSeiU,pFfrFSeiU
Z,rajBp,Z,TyxtvJthd,oJ,rajBp,TyxtvJthd,Z,Z,Z,oJ,rajBp,pFfrFSeiU,pFfrFSeiU
TyxtvJthd
Z,rajBp,Z,TyxtvJthd,oJ,rajBp,TyxtvJthd,Z,Z,Z,oJ,rajBp,pFfrFSeiU,pFfrFSeiU
Z,rajBp,Z,TyxtvJthd,oJ,pFfrFSeiU,rajBp,TyxtvJthd,Z,Z,Z,oJ,rajBp,pFfrFSeiU,Z
pFfrFSeiU
pFfrFSeiU
Z,Z,oJ,rajBp,pFfrFSeiU,TyxtvJthd,Z,Z,Z,oJ,rajBp,pFfrFSeiU,Z,pFfrFSeiU,TyxtvJthd
rajBp,Z,TyxtvJthd,pFfrFSeiU,oJ,rajBp,TyxtvJthd,Z,Z,Z,oJ,rajBp,pFfrFSeiU,Z
Z,rajBp,Z,TyxtvJthd,oJ,pFfrFSeiU,rajBp,TyxtvJthd,Z,Z,Z,oJ,rajBp,pFfrFSeiU,Z
Z,rajBp,Z,TyxtvJthd,oJ,pFfrFSeiU,rajBp,TyxtvJthd,Z,Z,Z,oJ,rajBp,pFfrFSeiU,Z
pFfrFSeiU
pFfrFSeiU
pFfrFSeiU
Z,rajBp,Z,TyxtvJthd,oJ,rajBp,TyxtvJthd,Z,Z,Z,oJ,rajBp,pFfrFSeiU,Z,TyxtvJthd
Z,Z,TyxtvJthd,oJ,rajBp,TyxtvJthd,Z,Z,Z,oJ,rajBp,pFfrFSeiU,Z,TyxtvJthd
rajBp
Z,Z,TyxtvJthd,oJ,rajBp,TyxtvJthd,Z,Z,Z,oJ,rajBp,pFfrFSeiU,Z,TyxtvJthd
Z,Z,TyxtvJthd,oJ,pFfrFSeiU,rajBp,rajBp,TyxtvJthd,Z,Z,Z,oJ,rajBp,pFfrFSeiU,Z,Z
rajBp
rajBp
TyxtvJthd,pFfrFSeiU,rajBp,rajBp,TyxtvJthd,Z,Z,Z,oJ,rajBp,pFfrFSeiU,Z,Z,TyxtvJthd
rajBp
pFfrFSeiU
Z
rajBp,Z,oJ,TyxtvJthd,pFfrFSeiU,Z,rajBp,Z,Z,Z,oJ,rajBp,pFfrFSeiU,Z,Z,Z
oJ
pFfrFSeiU
pFfrFSeiU
Z,oJ,TyxtvJthd,Z,Z,Z,oJ,rajBp,pFfrFSeiU,Z,oJ
oJ
oJ
Z,oJ,TyxtvJthd,Z,Z,Z,oJ,Z,oJ,rajBp
Z
oJ,TyxtvJthd,Z,Z,Z,Z,oJ,Z,oJ,rajBp
Jedi Wagner, assuma o comando!