Toque! Toque, Dijê!
Toque! Toque, Dijê!
[vazia]
Toque! Toque, Dijê!
[vazia]
gfIwtzpJ
gfIwtzpJ
gfIwtzpJ
gfIwtzpJ
gfIwtzpJ
gfIwtzpJ
gfIwtzpJ
gfIwtzpJ
gfIwtzpJ
gfIwtzpJ
gfIwtzpJ
gfIwtzpJ
gfIwtzpJ,gfIwtzpJ
gfIwtzpJ,gfIwtzpJ,gfIwtzpJ
gfIwtzpJ
gfIwtzpJ,gfIwtzpJ
gfIwtzpJ
gfIwtzpJ
gfIwtzpJ,gfIwtzpJ,gfIwtzpJ
gfIwtzpJ
gfIwtzpJ
O
gfIwtzpJ,gfIwtzpJ,O,gfIwtzpJ,V,V
gfIwtzpJ,gfIwtzpJ,O,gfIwtzpJ,V,V
gfIwtzpJ,gfIwtzpJ,O,gfIwtzpJ,V,V
gfIwtzpJ,gfIwtzpJ,O,gfIwtzpJ,V,V
gfIwtzpJ,gfIwtzpJ,O,gfIwtzpJ,V,V
V
gfIwtzpJ,gfIwtzpJ,O,gfIwtzpJ,V
V
gfIwtzpJ,gfIwtzpJ,gfIwtzpJ,ZMH
ZMH
gfIwtzpJ,gfIwtzpJ,O,gfIwtzpJ,V,V,V
gfIwtzpJ,O,gfIwtzpJ,gfIwtzpJ,V,V
gfIwtzpJ
gfIwtzpJ,O,gfIwtzpJ,gfIwtzpJ,V,V,ZMH
gfIwtzpJ,gfIwtzpJ,ZMH,gfIwtzpJ,V,V
V
ELXGlK
gfIwtzpJ,gfIwtzpJ,V,ZMH,gfIwtzpJ,V,ELXGlK
gfIwtzpJ,gfIwtzpJ,V,ZMH,gfIwtzpJ,V,ELXGlK,ZMH,ELXGlK
gfIwtzpJ,gfIwtzpJ,V,gfIwtzpJ,V,ELXGlK,V,nXEFhafrI,V
gfIwtzpJ,gfIwtzpJ,V,gfIwtzpJ,V,ELXGlK,V,nXEFhafrI,V
ELXGlK
gfIwtzpJ,gfIwtzpJ,V,gfIwtzpJ,V,ELXGlK,V,nXEFhafrI,V,O
ELXGlK
gfIwtzpJ,gfIwtzpJ,V,gfIwtzpJ,V,ELXGlK,V,nXEFhafrI,V,O,nXEFhafrI
gfIwtzpJ,gfIwtzpJ,V,gfIwtzpJ,V,ELXGlK,V,nXEFhafrI,V,O,nXEFhafrI,nXEFhafrI,ZMH
gfIwtzpJ,gfIwtzpJ,V,gfIwtzpJ,V,ELXGlK,V,nXEFhafrI,V,O,nXEFhafrI,nXEFhafrI,ZMH
V
gfIwtzpJ,gfIwtzpJ,V,gfIwtzpJ,V,ELXGlK,V,nXEFhafrI,V,O,nXEFhafrI,nXEFhafrI
gfIwtzpJ,gfIwtzpJ,V,gfIwtzpJ,V,ELXGlK,V,nXEFhafrI,V,O,nXEFhafrI,nXEFhafrI
gfIwtzpJ,gfIwtzpJ,V,gfIwtzpJ,V,ELXGlK,V,nXEFhafrI,V,nXEFhafrI,nXEFhafrI,nXEFhafrI
gfIwtzpJ,gfIwtzpJ,V,gfIwtzpJ,V,ELXGlK,V,nXEFhafrI,V,nXEFhafrI,nXEFhafrI,nXEFhafrI,O
gfIwtzpJ,gfIwtzpJ,V,gfIwtzpJ,V,ELXGlK,V,nXEFhafrI,V,nXEFhafrI,nXEFhafrI,nXEFhafrI,O,pNdGLnn
gfIwtzpJ,gfIwtzpJ,V,gfIwtzpJ,V,pNdGLnn,nXEFhafrI,V,V,nXEFhafrI,nXEFhafrI,nXEFhafrI,O
pNdGLnn
gfIwtzpJ,gfIwtzpJ,V,gfIwtzpJ,V,pNdGLnn,nXEFhafrI,V,V,nXEFhafrI,nXEFhafrI,nXEFhafrI,O,nXEFhafrI
V
V
V
Jedi Wagner, assuma o comando!