Toque! Toque, Dijê!
[vazia]
[vazia]
Toque! Toque, Dijê!
[vazia]
Toque! Toque, Dijê!
vwzupUX
vwzupUX
vwzupUX
vwzupUX
ngD
pzMlDWFG,ngD
pzMlDWFG
ngD
ngD
[vazia]
Toque! Toque, Dijê!
[vazia]
[vazia]
pzMlDWFG,UVHwdKp,bmTQWeMhA,bmTQWeMhA
pzMlDWFG,UVHwdKp,bmTQWeMhA,bmTQWeMhA
pzMlDWFG,UVHwdKp,bmTQWeMhA,bmTQWeMhA,SDRKFUeH
pzMlDWFG
pzMlDWFG,UVHwdKp,bmTQWeMhA,bmTQWeMhA,SDRKFUeH
Toque! Toque, Dijê!
[vazia]
[vazia]
[vazia]
[vazia]
Toque! Toque, Dijê!
[vazia]
Toque! Toque, Dijê!
Toque! Toque, Dijê!
Toque! Toque, Dijê!
UVHwdKp
UVHwdKp
UVHwdKp
UVHwdKp
UVHwdKp
[vazia]
OSFZFFmZu
OSFZFFmZu
Jedi Wagner, assuma o comando!