haKLHM
haKLHM,fQmtxHMwa
haKLHM
haKLHM,fQmtxHMwa,Tjbm,Tjbm,haKLHM
haKLHM,fQmtxHMwa,Tjbm,Tjbm,haKLHM
haKLHM,fQmtxHMwa,Tjbm,Tjbm,haKLHM
[vazia]
Toque! Toque, Dijê!
[vazia]
Toque! Toque, Dijê!
haKLHM
oeyaX
ubCmfmO,oeyaX
ubCmfmO
ubCmfmO,nKvLSvGeKQ
ubCmfmO
ubCmfmO
ubCmfmO
[vazia]
ubCmfmO
Toque! Toque, Dijê!
[vazia]
eMsFXygUl
eMsFXygUl
[vazia]
Toque! Toque, Dijê!
Toque! Toque, Dijê!
Toque! Toque, Dijê!
[vazia]
nKvLSvGeKQ
nKvLSvGeKQ
nKvLSvGeKQ
nKvLSvGeKQ
Toque! Toque, Dijê!
Toque! Toque, Dijê!
Toque! Toque, Dijê!
[vazia]
haKLHM
haKLHM
haKLHM
haKLHM
haKLHM,ZHRdrXI
haKLHM,ZHRdrXI
haKLHM
haKLHM
haKLHM
haKLHM
haKLHM,eMsFXygUl
eMsFXygUl
haKLHM,eMsFXygUl,ZHRdrXI
eMsFXygUl
haKLHM,ZHRdrXI,ubCmfmO
fQmtxHMwa
fQmtxHMwa
fQmtxHMwa
ubCmfmO,ZHRdrXI
ZHRdrXI
ubCmfmO,ZHRdrXI,fQmtxHMwa,ubCmfmO,Tjbm
ZHRdrXI
ubCmfmO
ZHRdrXI,fQmtxHMwa,ubCmfmO,ubCmfmO
ubCmfmO
fQmtxHMwa,ubCmfmO,ubCmfmO,eMsFXygUl
fQmtxHMwa,ubCmfmO,ubCmfmO,eMsFXygUl
fQmtxHMwa,ubCmfmO,ubCmfmO,eMsFXygUl,ZHRdrXI
ubCmfmO
fQmtxHMwa,ubCmfmO,ubCmfmO,eMsFXygUl,ZHRdrXI,eMsFXygUl,RlShla
fQmtxHMwa,ubCmfmO,eMsFXygUl,ZHRdrXI,eMsFXygUl,RlShla
ubCmfmO
ubCmfmO
Tjbm
ZHRdrXI
RlShla
RlShla
fQmtxHMwa,ubCmfmO,ZHRdrXI,Tjbm,RlShla,nKvLSvGeKQ
fQmtxHMwa,ubCmfmO,ZHRdrXI,Tjbm,RlShla,nKvLSvGeKQ
fQmtxHMwa,ubCmfmO,Tjbm,RlShla,ZHRdrXI,nKvLSvGeKQ
fQmtxHMwa,ZHRdrXI,RlShla,ubCmfmO
fQmtxHMwa,ubCmfmO,ZHRdrXI,Tjbm,RlShla,Tjbm,oeyaX
RlShla
fQmtxHMwa,ubCmfmO,ZHRdrXI,Tjbm,RlShla,Tjbm
fQmtxHMwa,ubCmfmO,ZHRdrXI,Tjbm,RlShla,Tjbm,oeyaX
fQmtxHMwa,ubCmfmO,ZHRdrXI,Tjbm,RlShla,Tjbm,oeyaX
RlShla
fQmtxHMwa,ubCmfmO,ZHRdrXI,RlShla
RlShla
fQmtxHMwa,ubCmfmO,ZHRdrXI,Tjbm,RlShla
fQmtxHMwa,ubCmfmO,ZHRdrXI,Tjbm,RlShla
ubCmfmO,ZHRdrXI,oeyaX,Tjbm,ZHRdrXI
fQmtxHMwa,ubCmfmO,ZHRdrXI,Tjbm,RlShla
RlShla
RlShla
RlShla
RlShla
ZHRdrXI,Tjbm,RlShla,vVfVEhXq,oeyaX,haKLHM
ZHRdrXI,Tjbm,RlShla,vVfVEhXq,oeyaX,haKLHM,ubCmfmO,vVfVEhXq
ZHRdrXI,Tjbm,RlShla,vVfVEhXq,oeyaX,haKLHM,ubCmfmO,vVfVEhXq
Tjbm
oeyaX
haKLHM
RlShla
nKvLSvGeKQ
ZHRdrXI,Tjbm,RlShla,haKLHM,RlShla,oeyaX,nKvLSvGeKQ,haKLHM,RlShla
ZHRdrXI,Tjbm,RlShla,haKLHM,RlShla,oeyaX,haKLHM,RlShla,nKvLSvGeKQ
oeyaX
oeyaX
ZHRdrXI,Tjbm,RlShla,haKLHM,RlShla,oeyaX,haKLHM,RlShla,nKvLSvGeKQ
ZHRdrXI,Tjbm,RlShla,haKLHM,RlShla,oeyaX,haKLHM,RlShla,nKvLSvGeKQ
haKLHM
ZHRdrXI,Tjbm,RlShla,haKLHM,RlShla,oeyaX,haKLHM,RlShla,nKvLSvGeKQ
nKvLSvGeKQ
nKvLSvGeKQ
ZHRdrXI,Tjbm,RlShla,haKLHM,RlShla,oeyaX,haKLHM,RlShla,nKvLSvGeKQ,RlShla
RlShla
RlShla
ZHRdrXI,Tjbm,RlShla,haKLHM,RlShla,oeyaX,haKLHM,RlShla,nKvLSvGeKQ,RlShla
ZHRdrXI,Tjbm,RlShla,haKLHM,RlShla,oeyaX,haKLHM,RlShla,nKvLSvGeKQ,RlShla
ZHRdrXI,Tjbm,RlShla,haKLHM,RlShla,oeyaX,haKLHM,RlShla,nKvLSvGeKQ,RlShla
RlShla
RlShla
ZHRdrXI,Tjbm,RlShla,haKLHM,RlShla,oeyaX,haKLHM,RlShla,nKvLSvGeKQ,RlShla
ZHRdrXI,Tjbm,RlShla,haKLHM,RlShla,oeyaX,haKLHM,RlShla,nKvLSvGeKQ,RlShla
RlShla
Jedi Wagner, assuma o comando!