Toque! Toque, Dijê!
Toque! Toque, Dijê!
Toque! Toque, Dijê!
Toque! Toque, Dijê!
Toque! Toque, Dijê!
[vazia]
[vazia]
Toque! Toque, Dijê!
Toque! Toque, Dijê!
[vazia]
EHglycA
KaRjxm
Toque! Toque, Dijê!
[vazia]
Toque! Toque, Dijê!
Toque! Toque, Dijê!
[vazia]
[vazia]
ycJx,s
s
ycJx,s
s
s
ycJx,s
s
s
s
s
ycJx
ycJx,KaRjxm,s
KaRjxm
KaRjxm
KaRjxm
KaRjxm
ycJx,KaRjxm,r
r
r
r
r
ycJx,KaRjxm,r,pAxXnuv,ycJx
pAxXnuv
ycJx
ycJx
ycJx,r,pAxXnuv,ycJx,TLr,vTvK,EHglycA
ycJx,r,pAxXnuv,ycJx,TLr,vTvK,EHglycA
ycJx,r,ycJx,TLr,vTvK,EHglycA
ycJx,r,ycJx,TLr,vTvK,EHglycA,r
ycJx,ycJx,vTvK,EHglycA,mcVw
vTvK
ycJx,ycJx,vTvK,EHglycA,mcVw
ycJx,ycJx,vTvK,EHglycA,mcVw
ycJx,ycJx,vTvK,EHglycA,mcVw,pAxXnuv
mcVw
mcVw
ycJx,vTvK,mcVw,s,vTvK
mcVw
ycJx,vTvK,mcVw,s,vTvK
ycJx,vTvK,mcVw,s,vTvK,s,mcVw
mcVw
vTvK,mcVw,ycJx,s,vTvK,s,mcVw,r
vTvK,mcVw,ycJx,s,vTvK,s,mcVw,r,TLr
ycJx
vTvK,mcVw,ycJx,s,vTvK,s,mcVw,r,TLr
s
mcVw,ycJx,s,vTvK,s,mcVw,r,TLr
mcVw,ycJx,s,vTvK,s,mcVw,r,TLr
s
s
mcVw,ycJx,s,vTvK,s,mcVw,r,TLr
s
ycJx,r,s,mcVw,vTvK,s,mcVw,TLr,s,vTvK
TLr
ycJx,r,s,TLr,vTvK,s,mcVw,s,vTvK,ycJx
r,mcVw,TLr,s,s,mcVw,s,vTvK,pAxXnuv,vTvK
s
s
mcVw
mcVw
r,TLr,pAxXnuv,mcVw,s,vTvK,s,mcVw,s,vTvK
mcVw
r,TLr,pAxXnuv,s,vTvK,s,mcVw,s,vTvK
r,pAxXnuv,mcVw,vTvK,s,s,mcVw,s,vTvK,ycJx,EHglycA,TLr
r,TLr,pAxXnuv,mcVw,s,vTvK,s,mcVw,s,vTvK,ycJx
r,TLr,pAxXnuv,mcVw,s,vTvK,s,mcVw,s,vTvK,ycJx
r,TLr,pAxXnuv,mcVw,s,vTvK,s,mcVw,s,vTvK,ycJx
r,TLr,pAxXnuv,vTvK,mcVw,s,s,mcVw,s,vTvK,ycJx
s
s
r,TLr,pAxXnuv,mcVw,ycJx,s,vTvK,s,mcVw,s,vTvK,s,vTvK
mcVw
r,TLr,pAxXnuv,mcVw,ycJx,s,vTvK,s,mcVw,s,vTvK,s,vTvK,KaRjxm
mcVw
r,TLr,pAxXnuv,mcVw,ycJx,s,vTvK,s,mcVw,s,vTvK,s,vTvK,KaRjxm
ycJx
s
r,TLr,pAxXnuv,mcVw,ycJx,s,vTvK,s,mcVw,s,vTvK,s,vTvK,KaRjxm,EHglycA
r,TLr,pAxXnuv,mcVw,ycJx,s,vTvK,s,mcVw,s,vTvK,s,vTvK,KaRjxm,EHglycA
r,TLr,pAxXnuv,mcVw,ycJx,s,vTvK,s,mcVw,s,vTvK,s,vTvK,KaRjxm,EHglycA
TLr,pAxXnuv,mcVw,ycJx,s,vTvK,s,mcVw,s,vTvK,s,vTvK,KaRjxm,EHglycA
TLr,pAxXnuv,mcVw,ycJx,s,vTvK,s,mcVw,s,vTvK,s,vTvK,KaRjxm,EHglycA
s
TLr,pAxXnuv,mcVw,ycJx,s,vTvK,s,mcVw,s,vTvK,s,vTvK,KaRjxm,EHglycA,TLr,KaRjxm
TLr,pAxXnuv,ycJx,s,vTvK,s,mcVw,s,vTvK,s,vTvK,KaRjxm,EHglycA,TLr,KaRjxm
s
s
r,TLr,pAxXnuv,mcVw,ycJx,s,vTvK,s,mcVw,s,vTvK,s,vTvK,KaRjxm,EHglycA
s
Jedi Wagner, assuma o comando!