[vazia]
V
V,yCNzapUv
V,yCNzapUv,yCNzapUv,V,yCNzapUv,V
V,yCNzapUv,yCNzapUv,V,yCNzapUv,V
yCNzapUv,yCNzapUv,V,yCNzapUv,V
yCNzapUv,yCNzapUv,V,yCNzapUv,V
yCNzapUv
yCNzapUv
yCNzapUv,yCNzapUv,yCNzapUv,V
yCNzapUv,yCNzapUv,yCNzapUv,V
yCNzapUv,yCNzapUv,yCNzapUv
yCNzapUv,yCNzapUv,yCNzapUv
yCNzapUv
yCNzapUv
yCNzapUv,yCNzapUv,yCNzapUv,yCNzapUv,V,V
yCNzapUv,yCNzapUv,yCNzapUv,yCNzapUv,V,V
yCNzapUv
yCNzapUv
yCNzapUv
yCNzapUv,yCNzapUv,yCNzapUv,V,yCNzapUv
yCNzapUv,yCNzapUv,yCNzapUv,V,yCNzapUv
yCNzapUv
V
V,yCNzapUv,yCNzapUv,yCNzapUv,V,V,yCNzapUv
yCNzapUv
yCNzapUv
yCNzapUv,yCNzapUv,V
yCNzapUv
yCNzapUv,yCNzapUv,yCNzapUv
yCNzapUv
yCNzapUv,yCNzapUv
yCNzapUv
yCNzapUv
yCNzapUv,yCNzapUv,yCNzapUv
yCNzapUv
yCNzapUv
yCNzapUv,yCNzapUv,yCNzapUv
yCNzapUv
yCNzapUv,yCNzapUv,yCNzapUv
yCNzapUv
yCNzapUv
yCNzapUv,yCNzapUv,V,yCNzapUv,V
V
yCNzapUv
yCNzapUv
yCNzapUv,yCNzapUv,V,yCNzapUv,V
yCNzapUv,yCNzapUv,V,yCNzapUv,V
yCNzapUv,V,yCNzapUv,yCNzapUv
yCNzapUv,V,yCNzapUv,yCNzapUv
yCNzapUv,V,yCNzapUv,yCNzapUv,V,V
yCNzapUv,V,yCNzapUv,yCNzapUv,V,V
yCNzapUv,V,yCNzapUv,yCNzapUv,V,V,V
yCNzapUv,V,yCNzapUv,yCNzapUv,V,V,V
yCNzapUv,V,yCNzapUv,yCNzapUv,V,V,V
yCNzapUv,yCNzapUv,V,yCNzapUv,V
yCNzapUv,yCNzapUv,V,yCNzapUv
yCNzapUv
yCNzapUv
V
yCNzapUv,yCNzapUv,V,yCNzapUv,V
V
yCNzapUv
yCNzapUv
yCNzapUv
yCNzapUv
yCNzapUv,yCNzapUv,yCNzapUv
yCNzapUv,yCNzapUv,yCNzapUv,V,V,yCNzapUv
yCNzapUv
yCNzapUv
yCNzapUv,yCNzapUv,yCNzapUv,V
V,yCNzapUv,V,V
V,yCNzapUv,V,V
V
yCNzapUv
yCNzapUv
yCNzapUv
V,yCNzapUv,V,V
yCNzapUv
V,yCNzapUv,V,V,V,yCNzapUv,V,V
yCNzapUv,V,V,V
yCNzapUv,V,V
V
yCNzapUv,V,V
yCNzapUv,V,V
yCNzapUv,V,V,yCNzapUv
yCNzapUv,V,V,yCNzapUv
V
V
yCNzapUv,V,V,yCNzapUv,yCNzapUv,V
yCNzapUv,V,V,yCNzapUv,yCNzapUv,V
V
V
yCNzapUv,V,V,V
V
V
V
V
V
V
V
V
V
V
V
V
V
V
yCNzapUv,V
yCNzapUv
yCNzapUv,V,yCNzapUv,yCNzapUv
V
yCNzapUv,V,V,V
V
V,yCNzapUv,V,yCNzapUv
V,yCNzapUv,V,yCNzapUv
V,yCNzapUv,V,yCNzapUv,yCNzapUv
V,yCNzapUv,V,yCNzapUv,yCNzapUv
V,V,yCNzapUv,yCNzapUv
V,V,yCNzapUv
V
V
V,V,yCNzapUv
V
V
yCNzapUv
yCNzapUv
yCNzapUv,V,V,V
Jedi Wagner, assuma o comando!