REZnTLHZ
REZnTLHZ
REZnTLHZ
REZnTLHZ
REZnTLHZ
REZnTLHZ
REZnTLHZ
REZnTLHZ,XDZQk
XDZQk
REZnTLHZ,XDZQk
REZnTLHZ
REZnTLHZ
REZnTLHZ
REZnTLHZ
REZnTLHZ
REZnTLHZ
REZnTLHZ
REZnTLHZ
REZnTLHZ,cxLbi,XDZQk
cxLbi
REZnTLHZ,cxLbi,XDZQk
REZnTLHZ,XDZQk,cxLbi
REZnTLHZ,XDZQk,cxLbi
cxLbi
XDZQk
cxLbi,XDZQk,REZnTLHZ
cxLbi
cxLbi
REZnTLHZ,cxLbi,XDZQk
REZnTLHZ
REZnTLHZ
cxLbi
cxLbi,XDZQk,REZnTLHZ,cxLbi
cxLbi
cxLbi,XDZQk,REZnTLHZ
cxLbi
cxLbi
cxLbi
cxLbi
cxLbi
XDZQk
REZnTLHZ
REZnTLHZ
IELW,REZnTLHZ,XDZQk,XDZQk,XDZQk,XDZQk
XDZQk,IELW,REZnTLHZ,XDZQk,XDZQk,XDZQk
XDZQk
XDZQk
cxLbi,XDZQk,REZnTLHZ,cxLbi
cxLbi,XDZQk,REZnTLHZ,cxLbi
cxLbi,XDZQk,REZnTLHZ,cxLbi
cxLbi,XDZQk,REZnTLHZ,cxLbi
cxLbi,XDZQk,REZnTLHZ,cxLbi
cxLbi,XDZQk,REZnTLHZ,cxLbi,XDZQk,IELW
cxLbi,XDZQk,REZnTLHZ,cxLbi,XDZQk,IELW
XDZQk
cxLbi
cxLbi,cxLbi
cxLbi
cxLbi
XDZQk,cxLbi,Cmv,REZnTLHZ
XDZQk,Cmv,cxLbi,REZnTLHZ
REZnTLHZ
REZnTLHZ
REZnTLHZ
Cmv,REZnTLHZ,cxLbi,XDZQk,REZnTLHZ
Cmv
XDZQk,cxLbi,Cmv,REZnTLHZ
XDZQk,cxLbi,REZnTLHZ,Cmv
REZnTLHZ
REZnTLHZ
XDZQk,cxLbi,Cmv,REZnTLHZ
Cmv
Cmv
XDZQk,cxLbi,Cmv,REZnTLHZ
Cmv
XDZQk,cxLbi,Cmv,REZnTLHZ,cxLbi
cxLbi,Cmv,REZnTLHZ,cxLbi
cxLbi,Cmv,REZnTLHZ,cxLbi
cxLbi,Cmv,REZnTLHZ,cxLbi
Cmv,REZnTLHZ,cxLbi,Cmv
XDZQk,cxLbi,Cmv,REZnTLHZ
XDZQk,cxLbi,Cmv,REZnTLHZ
XDZQk,cxLbi,REZnTLHZ,Cmv
REZnTLHZ
XDZQk,cxLbi,REZnTLHZ,Cmv,XDZQk
REZnTLHZ
REZnTLHZ
REZnTLHZ
REZnTLHZ
XDZQk,cxLbi,REZnTLHZ,Cmv,XDZQk,cxLbi,cxLbi,XDZQk
REZnTLHZ
Cmv
XDZQk,Cmv,REZnTLHZ
XDZQk,Cmv,REZnTLHZ
REZnTLHZ
XDZQk,Cmv,REZnTLHZ,REZnTLHZ
XDZQk,Cmv,REZnTLHZ,REZnTLHZ
XDZQk,Cmv,REZnTLHZ,REZnTLHZ,Cmv
Jedi Wagner, assuma o comando!