[vazia]
[vazia]
Toque! Toque, Dijê!
QlXzLDGLh
QlXzLDGLh
QlXzLDGLh
QlXzLDGLh
QlXzLDGLh
QlXzLDGLh
ucrmIMBii,gvsaaRA,ucrmIMBii,gvsaaRA
gvsaaRA
gvsaaRA
gvsaaRA
Toque! Toque, Dijê!
[vazia]
Toque! Toque, Dijê!
Toque! Toque, Dijê!
QlXzLDGLh
QlXzLDGLh
QlXzLDGLh
QlXzLDGLh,PJykKf,tIh
PJykKf,QlXzLDGLh,tIh,iOWQxgh
tIh
QlXzLDGLh,tIh
QlXzLDGLh,tIh
tIh,gvsaaRA
tIh,gvsaaRA
tIh,gvsaaRA
tIh
tIh
QlXzLDGLh,tIh,QlXzLDGLh,ucrmIMBii
tIh
QlXzLDGLh,tIh
QlXzLDGLh,tIh
QlXzLDGLh,QlXzLDGLh
QlXzLDGLh,QlXzLDGLh,tIh
QlXzLDGLh
QlXzLDGLh,QlXzLDGLh,tIh,gvsaaRA
QlXzLDGLh
gvsaaRA
gvsaaRA
QlXzLDGLh
gvsaaRA
gvsaaRA
iOWQxgh
iOWQxgh,QlXzLDGLh,QlXzLDGLh
QlXzLDGLh
QlXzLDGLh
Jedi Wagner, assuma o comando!