Toque! Toque, Dijê!
hwVsqgyvo
LQlVJn
LQlVJn
LQlVJn
LQlVJn
LQlVJn
LQlVJn
LQlVJn,bKq,LQlVJn
LQlVJn
LQlVJn,bKq,LQlVJn
bKq
bKq
bKq
LQlVJn,bKq,LQlVJn,NLEJP
bKq
LQlVJn,bKq,LQlVJn
LQlVJn,bKq,LQlVJn
bKq
LQlVJn,bKq,LQlVJn,gGOVQXk
bKq
bKq
LQlVJn,bKq,LQlVJn,gGOVQXk
LQlVJn,LQlVJn,gGOVQXk,bKq,LQlVJn
gGOVQXk
gGOVQXk
LQlVJn,bKq,LQlVJn,gGOVQXk,LQlVJn
LQlVJn
LQlVJn,LQlVJn,gGOVQXk,bKq,LQlVJn
LQlVJn
LQlVJn
jOlFi
jOlFi
LQlVJn
LQlVJn,LQlVJn,gGOVQXk,bKq,LQlVJn,jOlFi,LQlVJn
LQlVJn,LQlVJn,gGOVQXk,LQlVJn,jOlFi,LQlVJn
LQlVJn,LQlVJn,gGOVQXk,LQlVJn,jOlFi,LQlVJn
LQlVJn,LQlVJn,gGOVQXk,LQlVJn,jOlFi,LQlVJn
gGOVQXk
gGOVQXk
LQlVJn,LQlVJn,gGOVQXk,LQlVJn,jOlFi,LQlVJn
jOlFi
LQlVJn,LQlVJn,gGOVQXk,jOlFi,LQlVJn,LQlVJn,jOlFi
LQlVJn,LQlVJn,gGOVQXk,LQlVJn,LQlVJn,jOlFi,jOlFi
LQlVJn,LQlVJn,gGOVQXk,LQlVJn,LQlVJn,jOlFi,jOlFi
LQlVJn,LQlVJn,gGOVQXk,jOlFi,LQlVJn,LQlVJn,jOlFi
jOlFi
jOlFi
LQlVJn,LQlVJn,gGOVQXk,jOlFi,LQlVJn,LQlVJn,jOlFi
jOlFi
LQlVJn
LQlVJn,LQlVJn,gGOVQXk,LQlVJn,LQlVJn,jOlFi,LQlVJn
LQlVJn,LQlVJn,gGOVQXk,LQlVJn,LQlVJn,jOlFi,LQlVJn
LQlVJn
LQlVJn,LQlVJn,gGOVQXk,LQlVJn,LQlVJn,jOlFi,LQlVJn
LQlVJn
LQlVJn,LQlVJn,LQlVJn,gGOVQXk,LQlVJn,jOlFi,LQlVJn
jOlFi
jOlFi
LQlVJn,LQlVJn,gGOVQXk,jOlFi,LQlVJn,LQlVJn,jOlFi
LQlVJn,gGOVQXk,jOlFi,LQlVJn,LQlVJn,jOlFi
LQlVJn
LQlVJn
LQlVJn,jOlFi,LQlVJn,LQlVJn,jOlFi,bKq
LQlVJn,jOlFi,LQlVJn,LQlVJn,jOlFi,bKq,gGOVQXk
LQlVJn
LQlVJn,gGOVQXk,LQlVJn,jOlFi,bKq,bKq,jOlFi
gGOVQXk
gGOVQXk
gGOVQXk
gGOVQXk,jOlFi,LQlVJn,LQlVJn,LQlVJn,jOlFi,bKq
LQlVJn
bKq
bKq
gGOVQXk,jOlFi,LQlVJn,LQlVJn,bKq,hwVsqgyvo,jOlFi
gGOVQXk,LQlVJn,bKq,hwVsqgyvo,jOlFi,NLEJP,jOlFi
bKq
gGOVQXk,LQlVJn,bKq,hwVsqgyvo,jOlFi,NLEJP,jOlFi
gGOVQXk,LQlVJn,bKq,hwVsqgyvo,jOlFi,NLEJP,jOlFi
jOlFi
jOlFi
gGOVQXk,LQlVJn,bKq,hwVsqgyvo,jOlFi,jOlFi
jOlFi
gGOVQXk,LQlVJn,bKq,hwVsqgyvo,jOlFi,jOlFi
gGOVQXk,LQlVJn,bKq,hwVsqgyvo,jOlFi,jOlFi
gGOVQXk,LQlVJn,bKq,hwVsqgyvo,jOlFi,jOlFi
gGOVQXk,LQlVJn,bKq,hwVsqgyvo,jOlFi,jOlFi
gGOVQXk,LQlVJn,hwVsqgyvo,jOlFi,jOlFi
jOlFi
jOlFi
gGOVQXk,LQlVJn,bKq,hwVsqgyvo,jOlFi,LQlVJn
gGOVQXk,LQlVJn,hwVsqgyvo,jOlFi,bKq,LQlVJn,NLEJP,hwVsqgyvo
bKq
bKq
gGOVQXk,LQlVJn,hwVsqgyvo,jOlFi,bKq,LQlVJn,NLEJP,hwVsqgyvo,jOlFi
NLEJP
gGOVQXk,LQlVJn,hwVsqgyvo,jOlFi,NLEJP,bKq,LQlVJn,hwVsqgyvo,jOlFi,bKq
hwVsqgyvo,jOlFi,NLEJP,gGOVQXk,bKq,LQlVJn,hwVsqgyvo,jOlFi,bKq
gGOVQXk
hwVsqgyvo,jOlFi,NLEJP,gGOVQXk,bKq,LQlVJn,hwVsqgyvo,jOlFi,bKq,gGOVQXk
hwVsqgyvo,jOlFi,NLEJP,gGOVQXk,bKq,LQlVJn,hwVsqgyvo,jOlFi,bKq
gGOVQXk
gGOVQXk
gGOVQXk
hwVsqgyvo
jOlFi,gGOVQXk,LQlVJn,hwVsqgyvo,NLEJP,bKq,hwVsqgyvo,jOlFi,bKq,hwVsqgyvo,gGOVQXk
jOlFi,gGOVQXk,LQlVJn,hwVsqgyvo,NLEJP,bKq,hwVsqgyvo,jOlFi,bKq,hwVsqgyvo,gGOVQXk,LQlVJn
gGOVQXk,jOlFi,LQlVJn,NLEJP,bKq,hwVsqgyvo,jOlFi,bKq,hwVsqgyvo,gGOVQXk,bKq,gGOVQXk
LQlVJn
gGOVQXk,jOlFi,LQlVJn,NLEJP,bKq,hwVsqgyvo,jOlFi,bKq,hwVsqgyvo,gGOVQXk,bKq,gGOVQXk
gGOVQXk,LQlVJn,jOlFi,NLEJP,bKq,jOlFi,bKq,gGOVQXk,bKq,gGOVQXk
LQlVJn
LQlVJn
LQlVJn
LQlVJn,NLEJP,bKq,jOlFi,bKq,gGOVQXk,bKq,gGOVQXk,bKq
NLEJP
jOlFi,LQlVJn,gGOVQXk,NLEJP,bKq,hwVsqgyvo,jOlFi,bKq,hwVsqgyvo,gGOVQXk,bKq,gGOVQXk,NLEJP,bKq,jOlFi,NLEJP,LQlVJn
bKq
jOlFi,LQlVJn,gGOVQXk,NLEJP,bKq,hwVsqgyvo,jOlFi,bKq,hwVsqgyvo,gGOVQXk,bKq,gGOVQXk,NLEJP,bKq,jOlFi,NLEJP
jOlFi
jOlFi,LQlVJn,gGOVQXk,NLEJP,bKq,hwVsqgyvo,jOlFi,bKq,hwVsqgyvo,gGOVQXk,bKq,gGOVQXk,NLEJP,bKq,jOlFi,NLEJP,hwVsqgyvo
jOlFi
jOlFi,LQlVJn,gGOVQXk,jOlFi,bKq,NLEJP,hwVsqgyvo,bKq,hwVsqgyvo,gGOVQXk,bKq,gGOVQXk,NLEJP,bKq,jOlFi,NLEJP,hwVsqgyvo
bKq
bKq
jOlFi,gGOVQXk,jOlFi,bKq,NLEJP,hwVsqgyvo,bKq,LQlVJn,hwVsqgyvo,gGOVQXk,bKq,gGOVQXk,NLEJP,bKq,jOlFi,NLEJP,hwVsqgyvo,hwVsqgyvo
jOlFi,LQlVJn,gGOVQXk,jOlFi,bKq,NLEJP,hwVsqgyvo,bKq,hwVsqgyvo,gGOVQXk,bKq,gGOVQXk,NLEJP,bKq,jOlFi,NLEJP,hwVsqgyvo,hwVsqgyvo
bKq
bKq
jOlFi,LQlVJn,gGOVQXk,jOlFi,bKq,NLEJP,hwVsqgyvo,bKq,hwVsqgyvo,gGOVQXk,bKq,gGOVQXk,NLEJP,bKq,jOlFi,NLEJP,hwVsqgyvo,jOlFi
jOlFi,LQlVJn,jOlFi,hwVsqgyvo,bKq,hwVsqgyvo,gGOVQXk,bKq,gGOVQXk,NLEJP,bKq,jOlFi,NLEJP,hwVsqgyvo,jOlFi,LQlVJn
hwVsqgyvo
hwVsqgyvo
gGOVQXk
bKq
jOlFi,LQlVJn,gGOVQXk,jOlFi,bKq,NLEJP,hwVsqgyvo,bKq,hwVsqgyvo,gGOVQXk,bKq,gGOVQXk,NLEJP,bKq,jOlFi,NLEJP,hwVsqgyvo
bKq
bKq,bKq,jOlFi,jOlFi,gGOVQXk,LQlVJn,hwVsqgyvo,gGOVQXk,bKq,gGOVQXk,NLEJP,bKq,jOlFi,NLEJP,hwVsqgyvo,LQlVJn
LQlVJn,bKq,bKq,jOlFi,jOlFi,gGOVQXk,hwVsqgyvo,gGOVQXk,bKq,gGOVQXk,NLEJP,bKq,jOlFi,NLEJP,hwVsqgyvo,LQlVJn
LQlVJn,bKq,bKq,jOlFi,jOlFi,gGOVQXk,hwVsqgyvo,gGOVQXk,bKq,gGOVQXk,NLEJP,bKq,jOlFi,NLEJP,hwVsqgyvo,LQlVJn
jOlFi,jOlFi,gGOVQXk,bKq,bKq,bKq,hwVsqgyvo,gGOVQXk,gGOVQXk,NLEJP,bKq,jOlFi,NLEJP,hwVsqgyvo
bKq
jOlFi,gGOVQXk,bKq,bKq,jOlFi,gGOVQXk,gGOVQXk,bKq,jOlFi,NLEJP,hwVsqgyvo,hwVsqgyvo,NLEJP
bKq
jOlFi,gGOVQXk,bKq,bKq,bKq,jOlFi,gGOVQXk,gGOVQXk,bKq,jOlFi,NLEJP,hwVsqgyvo,hwVsqgyvo,NLEJP
bKq
jOlFi,gGOVQXk,bKq,bKq,bKq,jOlFi,gGOVQXk,gGOVQXk,NLEJP,bKq,jOlFi,NLEJP,hwVsqgyvo,hwVsqgyvo,NLEJP
bKq
jOlFi
jOlFi,bKq,bKq,bKq,jOlFi,gGOVQXk,gGOVQXk,NLEJP,bKq,jOlFi,NLEJP,hwVsqgyvo,NLEJP,NLEJP,hwVsqgyvo
jOlFi
jOlFi
bKq
jOlFi,gGOVQXk,bKq,bKq,jOlFi,bKq,gGOVQXk,gGOVQXk,NLEJP,bKq,jOlFi,NLEJP,hwVsqgyvo,NLEJP
bKq
Jedi Wagner, assuma o comando!