Toque! Toque, Dijê!
[vazia]
kkLgDMqZXE
kkLgDMqZXE
GaYImBmx
GaYImBmx
GaYImBmx
GaYImBmx
GaYImBmx,GaYImBmx
GaYImBmx,GaYImBmx
GaYImBmx
GaYImBmx
GaYImBmx
GaYImBmx
GaYImBmx
GaYImBmx
GaYImBmx
GaYImBmx
GaYImBmx,GaYImBmx
GaYImBmx
GaYImBmx,GaYImBmx
GaYImBmx,GaYImBmx
GaYImBmx
GaYImBmx
GaYImBmx
GaYImBmx
[vazia]
GaYImBmx
GaYImBmx
GaYImBmx,kkLgDMqZXE
GaYImBmx,kkLgDMqZXE
kkLgDMqZXE
GaYImBmx,kkLgDMqZXE,kkLgDMqZXE
GaYImBmx
GaYImBmx
kkLgDMqZXE
GaYImBmx,kkLgDMqZXE
GaYImBmx,kkLgDMqZXE
GaYImBmx,kkLgDMqZXE
kkLgDMqZXE
kkLgDMqZXE
kkLgDMqZXE,GaYImBmx,GaYImBmx
kkLgDMqZXE
kkLgDMqZXE,GaYImBmx,GaYImBmx
GaYImBmx,kkLgDMqZXE
GaYImBmx
GaYImBmx
GaYImBmx
GaYImBmx,kkLgDMqZXE,GaYImBmx
kkLgDMqZXE,GaYImBmx,GaYImBmx
kkLgDMqZXE
GaYImBmx,kkLgDMqZXE,GaYImBmx
GaYImBmx,kkLgDMqZXE,GaYImBmx
GaYImBmx,kkLgDMqZXE,GaYImBmx,GaYImBmx,kkLgDMqZXE
GaYImBmx
GaYImBmx
kkLgDMqZXE
kkLgDMqZXE,GaYImBmx,GaYImBmx,kkLgDMqZXE,kkLgDMqZXE
kkLgDMqZXE
GaYImBmx
GaYImBmx,GaYImBmx,kkLgDMqZXE,GaYImBmx,kkLgDMqZXE,kkLgDMqZXE
GaYImBmx,kkLgDMqZXE,GaYImBmx,kkLgDMqZXE,kkLgDMqZXE,GaYImBmx
kkLgDMqZXE
kkLgDMqZXE
kkLgDMqZXE,GaYImBmx,kkLgDMqZXE,kkLgDMqZXE,GaYImBmx
kkLgDMqZXE
kkLgDMqZXE
kkLgDMqZXE
kkLgDMqZXE
kkLgDMqZXE
kkLgDMqZXE,kkLgDMqZXE,kkLgDMqZXE
kkLgDMqZXE,kkLgDMqZXE,kkLgDMqZXE
kkLgDMqZXE
kkLgDMqZXE,kkLgDMqZXE,kkLgDMqZXE,GaYImBmx
kkLgDMqZXE
kkLgDMqZXE,GaYImBmx,kkLgDMqZXE
kkLgDMqZXE,GaYImBmx,kkLgDMqZXE
kkLgDMqZXE
kkLgDMqZXE,GaYImBmx,kkLgDMqZXE
kkLgDMqZXE,kkLgDMqZXE,GaYImBmx
kkLgDMqZXE,GaYImBmx,kkLgDMqZXE
kkLgDMqZXE,GaYImBmx,kkLgDMqZXE
kkLgDMqZXE,GaYImBmx,kkLgDMqZXE,GaYImBmx,GaYImBmx
GaYImBmx
GaYImBmx
GaYImBmx
GaYImBmx
GaYImBmx
GaYImBmx
kkLgDMqZXE,GaYImBmx,kkLgDMqZXE,GaYImBmx
GaYImBmx
GaYImBmx
kkLgDMqZXE,kkLgDMqZXE,GaYImBmx,GaYImBmx,kkLgDMqZXE,kkLgDMqZXE
GaYImBmx
GaYImBmx
kkLgDMqZXE,GaYImBmx,GaYImBmx,kkLgDMqZXE,kkLgDMqZXE,GaYImBmx
GaYImBmx
GaYImBmx
GaYImBmx,kkLgDMqZXE,GaYImBmx
kkLgDMqZXE
GaYImBmx
GaYImBmx,kkLgDMqZXE,GaYImBmx
GaYImBmx
kkLgDMqZXE,GaYImBmx,GaYImBmx
GaYImBmx
kkLgDMqZXE,GaYImBmx,kkLgDMqZXE,GaYImBmx,kkLgDMqZXE
kkLgDMqZXE
kkLgDMqZXE
kkLgDMqZXE
GaYImBmx,GaYImBmx,kkLgDMqZXE
GaYImBmx,GaYImBmx,kkLgDMqZXE,kkLgDMqZXE
GaYImBmx,GaYImBmx,kkLgDMqZXE,kkLgDMqZXE
GaYImBmx
GaYImBmx
GaYImBmx,GaYImBmx,kkLgDMqZXE,kkLgDMqZXE
kkLgDMqZXE
GaYImBmx,kkLgDMqZXE,GaYImBmx
kkLgDMqZXE
kkLgDMqZXE
kkLgDMqZXE,kkLgDMqZXE,GaYImBmx,kkLgDMqZXE,kkLgDMqZXE
GaYImBmx,kkLgDMqZXE,kkLgDMqZXE,kkLgDMqZXE,kkLgDMqZXE
GaYImBmx,kkLgDMqZXE,kkLgDMqZXE,kkLgDMqZXE,kkLgDMqZXE
kkLgDMqZXE
kkLgDMqZXE,kkLgDMqZXE,kkLgDMqZXE,kkLgDMqZXE,kkLgDMqZXE,GaYImBmx,kkLgDMqZXE,kkLgDMqZXE
kkLgDMqZXE
kkLgDMqZXE
Jedi Wagner, assuma o comando!