Toque! Toque, Dijê!
Toque! Toque, Dijê!
[vazia]
Toque! Toque, Dijê!
Toque! Toque, Dijê!
xrPmezDyqT
xrPmezDyqT,WiAq
xrPmezDyqT,WiAq
WiAq
xrPmezDyqT,WiAq
WiAq
WiAq,xrPmezDyqT
xrPmezDyqT
WiAq
xrPmezDyqT,WiAq
xrPmezDyqT,WiAq
WiAq
xrPmezDyqT,WiAq
WiAq
xrPmezDyqT,WiAq
xrPmezDyqT,WiAq
WiAq
WiAq
WiAq
xrPmezDyqT,WiAq
WiAq
WiAq
WiAq
WiAq
xrPmezDyqT,WiAq,xrPmezDyqT
WiAq
WiAq
WiAq
WiAq
WiAq
WiAq
WiAq
xrPmezDyqT,xrPmezDyqT,xrPmezDyqT
xrPmezDyqT
xrPmezDyqT
xrPmezDyqT
xrPmezDyqT,xrPmezDyqT,xrPmezDyqT
xrPmezDyqT
xrPmezDyqT
xrPmezDyqT
xrPmezDyqT
xrPmezDyqT,xrPmezDyqT,xrPmezDyqT,YNjLbu
xrPmezDyqT
xrPmezDyqT,xrPmezDyqT,xrPmezDyqT,OutgWdT,WiAq
Jedi Wagner, assuma o comando!