Toque! Toque, Dijê!
KF
KF
KF
KF
KF
KF
KF
KF,KF
KF
KF,KF,Jytkym,aNaldCNut
KF
KF
KF,MBDYVhA
KF,MBDYVhA
KF
MBDYVhA
Jytkym
Jytkym
CCrfDiy
CCrfDiy
CCrfDiy,URAwp,qo,armkR
CCrfDiy,URAwp,qo,armkR
CCrfDiy,URAwp,qo,armkR,ZHnTxoc
URAwp,ZHnTxoc,qo,armkR,KF,armkR,CCrfDiy
ZHnTxoc
URAwp,ZHnTxoc,qo,armkR,KF,armkR,CCrfDiy,Jytkym,OVbvkBTvO
CCrfDiy
armkR
CCrfDiy,URAwp,qo,armkR,ZHnTxoc
CCrfDiy,URAwp,qo,armkR,ZHnTxoc,MBDYVhA
ZHnTxoc
CCrfDiy
CCrfDiy,URAwp,qo,armkR,ZHnTxoc,MBDYVhA,CCrfDiy,ZHnTxoc,KF
CCrfDiy
CCrfDiy
CCrfDiy,URAwp,armkR,ZHnTxoc,MBDYVhA,CCrfDiy,ZHnTxoc,KF,armkR
ZHnTxoc
ZHnTxoc
ZHnTxoc
ZHnTxoc
CCrfDiy,URAwp,armkR,ZHnTxoc,MBDYVhA,CCrfDiy,ZHnTxoc,KF,armkR,aNaldCNut
ZHnTxoc
ZHnTxoc
CCrfDiy,armkR,ZHnTxoc,MBDYVhA,CCrfDiy,ZHnTxoc,KF,armkR,aNaldCNut
CCrfDiy,armkR,ZHnTxoc,MBDYVhA,CCrfDiy,ZHnTxoc,KF,armkR,aNaldCNut
ZHnTxoc
CCrfDiy,armkR,ZHnTxoc,MBDYVhA,CCrfDiy,ZHnTxoc,KF,armkR,aNaldCNut
CCrfDiy,armkR,ZHnTxoc,MBDYVhA,CCrfDiy,ZHnTxoc,KF,armkR,aNaldCNut,MBDYVhA
ZHnTxoc
ZHnTxoc
armkR,ZHnTxoc,MBDYVhA,ZHnTxoc,armkR,aNaldCNut,MBDYVhA,armkR,ZHnTxoc
armkR,ZHnTxoc,MBDYVhA,ZHnTxoc,armkR,aNaldCNut,MBDYVhA,armkR,ZHnTxoc,OVbvkBTvO,OVbvkBTvO
ZHnTxoc
ZHnTxoc
armkR,MBDYVhA,ZHnTxoc,ZHnTxoc,armkR,aNaldCNut,MBDYVhA,armkR,ZHnTxoc,OVbvkBTvO,Jytkym,armkR
armkR,MBDYVhA,ZHnTxoc,ZHnTxoc,OVbvkBTvO,armkR,aNaldCNut,MBDYVhA,armkR,ZHnTxoc,Jytkym,armkR
ZHnTxoc
ZHnTxoc
armkR,MBDYVhA,ZHnTxoc,aNaldCNut,ZHnTxoc,OVbvkBTvO,armkR,MBDYVhA,armkR,ZHnTxoc,Jytkym,armkR
armkR,MBDYVhA,ZHnTxoc,aNaldCNut,ZHnTxoc,OVbvkBTvO,armkR,MBDYVhA,armkR,ZHnTxoc,Jytkym,armkR,aNaldCNut
CCrfDiy,URAwp,armkR,ZHnTxoc,MBDYVhA,CCrfDiy,ZHnTxoc,KF,armkR,aNaldCNut
Jedi Wagner, assuma o comando!