[vazia]
YNLBq,GywNcI
YNLBq,GywNcI
YNLBq,GywNcI
YNLBq,GywNcI
YNLBq
GywNcI
YNLBq,GywNcI,Nr,Nr,Nr
GywNcI,Nr,Ozc
GywNcI
GywNcI
GywNcI
GywNcI
GywNcI,kYN,jnr
GywNcI
kYN
GywNcI,kYN,jnr,jnr,Nr
GywNcI,kYN,jnr,jnr,Nr,YNLBq
kYN
jnr
GywNcI,jnr,jnr,Nr,YNLBq
jnr
jnr
GywNcI,jnr,jnr,jnr,GywNcI,Nr,kYN
GywNcI,jnr,jnr,jnr,GywNcI,Nr,kYN
jnr
GywNcI,jnr,jnr,jnr,GywNcI,Nr,kYN,YNLBq
kYN
GywNcI
GywNcI
GywNcI
GywNcI
GywNcI
GywNcI
GywNcI
kYN
GywNcI
kYN,GywNcI,jnr,Ozc,Nr
kYN,GywNcI,Ozc,Nr
kYN,GywNcI,jnr,Ozc
kYN,GywNcI,jnr,Ozc
kYN,GywNcI,jnr,Ozc
GywNcI
kYN,GywNcI,jnr,Ozc
GywNcI
kYN,GywNcI,Ozc,jnr
jnr
kYN,GywNcI,Ozc,jnr
jnr
kYN,GywNcI,Ozc,jnr
kYN
kYN
kYN,GywNcI,Ozc,YNLBq,GywNcI,Ozc
kYN
kYN
kYN,GywNcI,Ozc,jnr
Ozc,kYN,GywNcI,jnr
Ozc
Ozc
Ozc
Ozc,kYN,jnr,GywNcI,YNLBq
Ozc,kYN,jnr,GywNcI,YNLBq
Ozc,kYN,jnr,GywNcI,YNLBq,Nr
Ozc
Ozc,kYN,jnr,GywNcI,YNLBq,Nr
kYN
kYN
kYN,GywNcI,jnr
kYN,GywNcI,Ozc,jnr
kYN
kYN
kYN
kYN
kYN,GywNcI,Ozc,jnr
GywNcI
kYN,GywNcI,Ozc,jnr
GywNcI
GywNcI,kYN,Ozc,jnr
GywNcI
jnr
kYN,jnr
GywNcI
GywNcI
kYN,GywNcI,Ozc,jnr,GywNcI
GywNcI
GywNcI
GywNcI
GywNcI
kYN,GywNcI,Ozc,jnr,jnr
GywNcI
GywNcI
kYN,GywNcI,Ozc,jnr,jnr
kYN,Ozc,jnr,Nr,kYN
kYN,GywNcI,jnr
GywNcI
GywNcI
kYN,GywNcI,jnr
GywNcI
kYN,GywNcI,jnr
kYN,GywNcI,jnr,jnr
GywNcI
kYN,GywNcI,Ozc,jnr
kYN,GywNcI,Ozc,jnr
Ozc
Ozc,kYN,jnr,jnr
kYN
Ozc,kYN,jnr,YNLBq
Ozc,kYN,jnr,YNLBq
Ozc,kYN,jnr,YNLBq
Ozc,kYN,jnr,YNLBq
Ozc,kYN,jnr,YNLBq
Ozc,kYN,jnr,YNLBq
kYN
Ozc,kYN,jnr,jnr,YNLBq,jnr,kYN
Ozc,kYN,YNLBq,jnr,jnr,jnr,kYN
Ozc,kYN,YNLBq,jnr,jnr,jnr,kYN
Ozc,kYN,YNLBq,jnr,jnr,jnr,kYN,GywNcI
kYN,YNLBq,jnr,jnr,jnr,kYN
YNLBq
YNLBq
Ozc,kYN,YNLBq,jnr,jnr,jnr,kYN
Ozc,kYN,YNLBq,jnr,jnr,jnr,kYN,GywNcI
YNLBq,jnr,GywNcI,kYN,jnr,jnr,kYN,YNLBq
GywNcI
jnr
jnr
jnr
kYN,jnr,jnr,jnr,kYN,jnr
kYN,jnr,jnr,jnr,kYN,jnr
jnr
jnr,jnr,jnr,kYN,jnr,Ozc
jnr
jnr,jnr,jnr,kYN,jnr,Ozc
jnr
jnr
kYN
kYN
Jedi Wagner, assuma o comando!