Toque! Toque, Dijê!
Toque! Toque, Dijê!
gp
gp
gp,JKdnUDBTre,gp
gp,MpbSHHc,JKdnUDBTre,gp
gp,MpbSHHc,JKdnUDBTre,gp,gp,MpbSHHc
JKdnUDBTre
gp,MpbSHHc,JKdnUDBTre,eVrwq,gp,gp,MpbSHHc,JKdnUDBTre,gp,MpbSHHc
JKdnUDBTre
gp,MpbSHHc,JKdnUDBTre,gp,gp,MpbSHHc,JKdnUDBTre,tQOsxqJnfL
JKdnUDBTre
gp,JKdnUDBTre,MpbSHHc,gp,gp,MpbSHHc,JKdnUDBTre,tQOsxqJnfL,tQOsxqJnfL
gp,JKdnUDBTre,MpbSHHc,gp,gp,MpbSHHc,JKdnUDBTre,tQOsxqJnfL,tQOsxqJnfL
JKdnUDBTre
gp
JKdnUDBTre
MpbSHHc,JKdnUDBTre,gp,gp,gp,MpbSHHc,JKdnUDBTre,gp,eVrwq
MpbSHHc,JKdnUDBTre,gp,gp,gp,MpbSHHc,JKdnUDBTre,gp,eVrwq,MpbSHHc
MpbSHHc,JKdnUDBTre,gp,gp,gp,MpbSHHc,JKdnUDBTre,gp,eVrwq,MpbSHHc
gp
MpbSHHc,JKdnUDBTre,gp,eVrwq,gp,MpbSHHc,JKdnUDBTre,gp,MpbSHHc,gp
gp
gp
gp,JKdnUDBTre,MpbSHHc,gp,MpbSHHc,JKdnUDBTre,gp,eVrwq,MpbSHHc,gp,eVrwq,tQOsxqJnfL
gp
gp,eVrwq,gp,gp,MpbSHHc,JKdnUDBTre,gp,wbZwDe,MpbSHHc,JKdnUDBTre
MpbSHHc
gp,eVrwq,gp,gp,MpbSHHc,JKdnUDBTre,gp,wbZwDe,MpbSHHc,JKdnUDBTre
MpbSHHc
gp,eVrwq,gp,gp,MpbSHHc,JKdnUDBTre,gp,wbZwDe,MpbSHHc,JKdnUDBTre
MpbSHHc
MpbSHHc
gp,gp,MpbSHHc,JKdnUDBTre,gp,wbZwDe,MpbSHHc,JKdnUDBTre
gp,MpbSHHc,JKdnUDBTre,gp,wbZwDe,MpbSHHc,JKdnUDBTre
gp,MpbSHHc,JKdnUDBTre,gp,wbZwDe,MpbSHHc,JKdnUDBTre
MpbSHHc
MpbSHHc
MpbSHHc
MpbSHHc
gp
eVrwq,gp,MpbSHHc,gp,gp,gp,wbZwDe,MpbSHHc,JKdnUDBTre
gp
gp
eVrwq,MpbSHHc,gp,gp,gp,wbZwDe,MpbSHHc,eVrwq
gp
MpbSHHc,gp,gp,gp,MpbSHHc,JKdnUDBTre,eVrwq,JKdnUDBTre
MpbSHHc,gp,gp,gp,MpbSHHc,JKdnUDBTre,eVrwq,JKdnUDBTre
MpbSHHc,gp,gp,gp,MpbSHHc,JKdnUDBTre,eVrwq,JKdnUDBTre
gp
MpbSHHc,gp,gp,gp,MpbSHHc,JKdnUDBTre,eVrwq,JKdnUDBTre
gp
gp
gp
MpbSHHc,gp,gp,gp,MpbSHHc,JKdnUDBTre,eVrwq,JKdnUDBTre,JKdnUDBTre
gp
JKdnUDBTre
JKdnUDBTre
JKdnUDBTre
gp,eVrwq,gp,JKdnUDBTre,MpbSHHc,gp,MpbSHHc,JKdnUDBTre
MpbSHHc
gp
gp,gp,eVrwq,gp,wbZwDe,JKdnUDBTre,JKdnUDBTre,tQOsxqJnfL,gp,MpbSHHc
gp
gp
gp,eVrwq,JKdnUDBTre,gp,JKdnUDBTre,tQOsxqJnfL,gp
gp,eVrwq,JKdnUDBTre,gp,JKdnUDBTre,tQOsxqJnfL,gp,JKdnUDBTre
JKdnUDBTre
gp,eVrwq,JKdnUDBTre,gp,JKdnUDBTre,tQOsxqJnfL,gp,JKdnUDBTre
gp,eVrwq,JKdnUDBTre,gp,JKdnUDBTre,tQOsxqJnfL,gp,JKdnUDBTre
gp,JKdnUDBTre,gp,JKdnUDBTre,gp,eVrwq,tQOsxqJnfL,JKdnUDBTre
gp,eVrwq,JKdnUDBTre,gp,JKdnUDBTre,tQOsxqJnfL,gp,JKdnUDBTre,wbZwDe
gp
gp
gp
gp
eVrwq,gp,JKdnUDBTre,tQOsxqJnfL,gp,JKdnUDBTre,JKdnUDBTre,wbZwDe,eVrwq
eVrwq,gp,JKdnUDBTre,tQOsxqJnfL,gp,JKdnUDBTre,JKdnUDBTre,wbZwDe,eVrwq
Jedi Wagner, assuma o comando!