uvxFPkY
uvxFPkY
uvxFPkY
uvxFPkY
uvxFPkY
uvxFPkY,LoNCC
uvxFPkY
uvxFPkY
uvxFPkY
uvxFPkY
uvxFPkY
uvxFPkY
uvxFPkY,LoNCC
uvxFPkY,LoNCC
uvxFPkY
uvxFPkY
uvxFPkY
TCDuuhOL,TCDuuhOL
TCDuuhOL,TCDuuhOL
TCDuuhOL
TCDuuhOL,TCDuuhOL
TCDuuhOL,TCDuuhOL
TCDuuhOL,TCDuuhOL
TCDuuhOL
TCDuuhOL,TCDuuhOL
TCDuuhOL
TCDuuhOL
TCDuuhOL,TCDuuhOL
TCDuuhOL,TCDuuhOL,TCDuuhOL,uvxFPkY
TCDuuhOL
TCDuuhOL
TCDuuhOL
TCDuuhOL,TCDuuhOL,TCDuuhOL,uvxFPkY,FPNyrqu
TCDuuhOL,TCDuuhOL,TCDuuhOL,uvxFPkY
TCDuuhOL
TCDuuhOL
TCDuuhOL,TCDuuhOL,TCDuuhOL,uvxFPkY,TCDuuhOL
TCDuuhOL
TCDuuhOL
TCDuuhOL,TCDuuhOL,TCDuuhOL,uvxFPkY
TCDuuhOL,TCDuuhOL,TCDuuhOL,uvxFPkY
TCDuuhOL
TCDuuhOL
TCDuuhOL,TCDuuhOL,TCDuuhOL,uvxFPkY,qUuMrox
TCDuuhOL,TCDuuhOL,TCDuuhOL,uvxFPkY,qUuMrox
TCDuuhOL,TCDuuhOL,TCDuuhOL,uvxFPkY,qUuMrox,TCDuuhOL
TCDuuhOL,TCDuuhOL,TCDuuhOL,uvxFPkY,qUuMrox,TCDuuhOL,C
TCDuuhOL,TCDuuhOL,TCDuuhOL,uvxFPkY,qUuMrox,TCDuuhOL,C
TCDuuhOL,TCDuuhOL,TCDuuhOL,uvxFPkY,qUuMrox,TCDuuhOL,C
C
TCDuuhOL,TCDuuhOL,TCDuuhOL,uvxFPkY,qUuMrox,TCDuuhOL,C
TCDuuhOL,TCDuuhOL,TCDuuhOL,uvxFPkY,qUuMrox,TCDuuhOL,C,qUuMrox
TCDuuhOL,TCDuuhOL,TCDuuhOL,uvxFPkY,qUuMrox,TCDuuhOL,C,qUuMrox
TCDuuhOL,TCDuuhOL,TCDuuhOL,uvxFPkY,qUuMrox,TCDuuhOL,C,qUuMrox,TCDuuhOL
uvxFPkY
TCDuuhOL,TCDuuhOL,TCDuuhOL,qUuMrox,TCDuuhOL,C,qUuMrox,uvxFPkY,TCDuuhOL,FPNyrqu
TCDuuhOL,TCDuuhOL,TCDuuhOL,qUuMrox,TCDuuhOL,C,qUuMrox,uvxFPkY,TCDuuhOL,FPNyrqu
uvxFPkY
TCDuuhOL,TCDuuhOL,TCDuuhOL,qUuMrox,TCDuuhOL,C,qUuMrox,uvxFPkY,TCDuuhOL,FPNyrqu
TCDuuhOL,TCDuuhOL,TCDuuhOL,qUuMrox,TCDuuhOL,C,qUuMrox,uvxFPkY,TCDuuhOL,FPNyrqu,qUuMrox,JuwU
TCDuuhOL,TCDuuhOL,TCDuuhOL,qUuMrox,TCDuuhOL,C,qUuMrox,uvxFPkY,TCDuuhOL,FPNyrqu,qUuMrox,JuwU,E
uvxFPkY
TCDuuhOL,TCDuuhOL,TCDuuhOL,qUuMrox,TCDuuhOL,C,qUuMrox,uvxFPkY,TCDuuhOL,FPNyrqu,qUuMrox,JuwU,E
qUuMrox
TCDuuhOL,TCDuuhOL,TCDuuhOL,qUuMrox,TCDuuhOL,qUuMrox,uvxFPkY,TCDuuhOL,FPNyrqu,qUuMrox,JuwU,E,JuwU
TCDuuhOL,TCDuuhOL,TCDuuhOL,qUuMrox,TCDuuhOL,qUuMrox,uvxFPkY,TCDuuhOL,FPNyrqu,qUuMrox,JuwU,E,JuwU
qUuMrox
TCDuuhOL,TCDuuhOL,TCDuuhOL,qUuMrox,TCDuuhOL,qUuMrox,uvxFPkY,TCDuuhOL,FPNyrqu,qUuMrox,JuwU,E,JuwU
TCDuuhOL,TCDuuhOL,qUuMrox,TCDuuhOL,qUuMrox,uvxFPkY,TCDuuhOL,FPNyrqu,qUuMrox,TCDuuhOL,JuwU,JuwU
TCDuuhOL
qUuMrox
TCDuuhOL
JuwU
JuwU
TCDuuhOL,qUuMrox,TCDuuhOL,qUuMrox,uvxFPkY,TCDuuhOL,FPNyrqu,qUuMrox,TCDuuhOL,E,JuwU
TCDuuhOL,TCDuuhOL,qUuMrox,uvxFPkY,TCDuuhOL,FPNyrqu,qUuMrox,TCDuuhOL,E,JuwU,qUuMrox,qUuMrox,FPNyrqu,C,b
TCDuuhOL,TCDuuhOL,qUuMrox,uvxFPkY,TCDuuhOL,qUuMrox,TCDuuhOL,E,JuwU,qUuMrox,qUuMrox,FPNyrqu,C,b
C
TCDuuhOL,TCDuuhOL,qUuMrox,uvxFPkY,TCDuuhOL,qUuMrox,TCDuuhOL,E,JuwU,qUuMrox,qUuMrox,FPNyrqu,C,b
E
qUuMrox
TCDuuhOL,TCDuuhOL,qUuMrox,uvxFPkY,TCDuuhOL,qUuMrox,TCDuuhOL,JuwU,qUuMrox,qUuMrox,FPNyrqu,C,b,E
TCDuuhOL,TCDuuhOL,qUuMrox,uvxFPkY,TCDuuhOL,qUuMrox,TCDuuhOL,JuwU,qUuMrox,qUuMrox,FPNyrqu,C,b,E
TCDuuhOL,JuwU,qUuMrox,TCDuuhOL,uvxFPkY,TCDuuhOL,qUuMrox,TCDuuhOL,qUuMrox,qUuMrox,FPNyrqu,C,b,E
TCDuuhOL,JuwU,qUuMrox,TCDuuhOL,uvxFPkY,TCDuuhOL,qUuMrox,TCDuuhOL,qUuMrox,qUuMrox,FPNyrqu,C,b,E,uvxFPkY
qUuMrox
qUuMrox
qUuMrox
JuwU,qUuMrox,TCDuuhOL,uvxFPkY,TCDuuhOL,qUuMrox,TCDuuhOL,qUuMrox,qUuMrox,FPNyrqu,C,b,E,uvxFPkY,LoNCC
qUuMrox
JuwU,qUuMrox,TCDuuhOL,uvxFPkY,TCDuuhOL,qUuMrox,TCDuuhOL,qUuMrox,qUuMrox,FPNyrqu,C,b,E,uvxFPkY,LoNCC
qUuMrox
TCDuuhOL
JuwU,qUuMrox,TCDuuhOL,C,uvxFPkY,TCDuuhOL,qUuMrox,TCDuuhOL,qUuMrox,qUuMrox,FPNyrqu,b,E,uvxFPkY,LoNCC,FPNyrqu
TCDuuhOL
TCDuuhOL
TCDuuhOL
TCDuuhOL
JuwU,qUuMrox,TCDuuhOL,TCDuuhOL,qUuMrox,TCDuuhOL,qUuMrox,qUuMrox,FPNyrqu,C,b,E,uvxFPkY,LoNCC
qUuMrox,C,TCDuuhOL,TCDuuhOL,qUuMrox,TCDuuhOL,qUuMrox,qUuMrox,FPNyrqu,uvxFPkY,LoNCC
C
JuwU,qUuMrox,TCDuuhOL,b,TCDuuhOL,qUuMrox,TCDuuhOL,qUuMrox,qUuMrox,FPNyrqu,C,E,uvxFPkY,LoNCC,FPNyrqu,LoNCC
qUuMrox
qUuMrox
JuwU,qUuMrox,C,TCDuuhOL,uvxFPkY,TCDuuhOL,qUuMrox,TCDuuhOL,qUuMrox,qUuMrox,FPNyrqu,b,E,uvxFPkY,LoNCC,QNmUJebp
C
C
TCDuuhOL
JuwU,qUuMrox,C,TCDuuhOL,uvxFPkY,TCDuuhOL,qUuMrox,TCDuuhOL,qUuMrox,qUuMrox,b,E,uvxFPkY,LoNCC,QNmUJebp,qUuMrox
TCDuuhOL
qUuMrox,C,uvxFPkY,LoNCC,TCDuuhOL,qUuMrox,TCDuuhOL,qUuMrox,qUuMrox,b,E,uvxFPkY,QNmUJebp,qUuMrox,b
LoNCC
qUuMrox,C,uvxFPkY,LoNCC,qUuMrox,E,b,TCDuuhOL,qUuMrox,qUuMrox,uvxFPkY,QNmUJebp,qUuMrox,b,QNmUJebp
E
E
b
C,uvxFPkY,LoNCC,qUuMrox,E,b,QNmUJebp,qUuMrox,qUuMrox,uvxFPkY,qUuMrox,b,QNmUJebp,FPNyrqu,TCDuuhOL
uvxFPkY,LoNCC,E,b,qUuMrox,QNmUJebp,qUuMrox,qUuMrox,uvxFPkY,qUuMrox,b,QNmUJebp,FPNyrqu,TCDuuhOL
uvxFPkY,LoNCC,E,b,qUuMrox,QNmUJebp,qUuMrox,qUuMrox,uvxFPkY,qUuMrox,b,QNmUJebp,FPNyrqu,TCDuuhOL
qUuMrox
uvxFPkY,LoNCC,E,b,qUuMrox,QNmUJebp,qUuMrox,qUuMrox,uvxFPkY,qUuMrox,b,QNmUJebp,FPNyrqu,TCDuuhOL
qUuMrox
uvxFPkY,LoNCC,E,b,qUuMrox,QNmUJebp,qUuMrox,qUuMrox,uvxFPkY,qUuMrox,b,QNmUJebp,FPNyrqu,TCDuuhOL
uvxFPkY,E,b,qUuMrox,LoNCC,QNmUJebp,qUuMrox,qUuMrox,uvxFPkY,qUuMrox,b,QNmUJebp,FPNyrqu,TCDuuhOL
LoNCC
uvxFPkY,E,b,qUuMrox,LoNCC,QNmUJebp,qUuMrox,qUuMrox,uvxFPkY,qUuMrox,b,QNmUJebp,TCDuuhOL
uvxFPkY,E,b,qUuMrox,LoNCC,QNmUJebp,qUuMrox,qUuMrox,uvxFPkY,qUuMrox,b,QNmUJebp,TCDuuhOL
uvxFPkY,E,b,qUuMrox,LoNCC,QNmUJebp,qUuMrox,qUuMrox,uvxFPkY,qUuMrox,b,QNmUJebp,TCDuuhOL
uvxFPkY,E,b,qUuMrox,LoNCC,QNmUJebp,qUuMrox,qUuMrox,uvxFPkY,qUuMrox,b,QNmUJebp,TCDuuhOL,b
uvxFPkY,E,b,qUuMrox,LoNCC,QNmUJebp,qUuMrox,qUuMrox,uvxFPkY,qUuMrox,b,QNmUJebp,TCDuuhOL,b
LoNCC
LoNCC
uvxFPkY,E,b,qUuMrox,LoNCC,QNmUJebp,qUuMrox,qUuMrox,uvxFPkY,qUuMrox,b,QNmUJebp,TCDuuhOL
Jedi Wagner, assuma o comando!