Toque! Toque, Dijê!
[vazia]
[vazia]
Toque! Toque, Dijê!
Toque! Toque, Dijê!
Toque! Toque, Dijê!
[vazia]
[vazia]
Toque! Toque, Dijê!
MFgOxHGU,EzWb,EzWb
EzWb
EzWb
MFgOxHGU,EzWb,EzWb,EzWb
EzWb
EzWb
EzWb,EzWb,MFgOxHGU,ElbzlxWwF,EzWb
EzWb,EzWb,MFgOxHGU,ElbzlxWwF
EzWb
EzWb
EzWb,EzWb,MFgOxHGU
MFgOxHGU
EzWb,MFgOxHGU,MFgOxHGU,EzWb
EzWb,EzWb,MFgOxHGU
EzWb,MFgOxHGU,EzWb,MFgOxHGU
EzWb
EzWb
MFgOxHGU
MFgOxHGU,EzWb,EzWb,MFgOxHGU
MFgOxHGU,EzWb,EzWb,MFgOxHGU
MFgOxHGU,EzWb,EzWb,MFgOxHGU
MFgOxHGU,EzWb,EzWb,MFgOxHGU
MFgOxHGU
EzWb
EzWb
MFgOxHGU,EzWb,EzWb,MFgOxHGU
MFgOxHGU,EzWb,EzWb,MFgOxHGU
MFgOxHGU,EzWb,MFgOxHGU
EzWb,MFgOxHGU,MFgOxHGU,ElbzlxWwF
EzWb,MFgOxHGU
EzWb,MFgOxHGU,ElbzlxWwF
EzWb,MFgOxHGU
EzWb,MFgOxHGU
MFgOxHGU
MFgOxHGU
MFgOxHGU
MFgOxHGU
MFgOxHGU
MFgOxHGU
MFgOxHGU
MFgOxHGU
EzWb
MFgOxHGU
ElbzlxWwF,MFgOxHGU
ElbzlxWwF
ElbzlxWwF
EzWb
MFgOxHGU,MFgOxHGU,ElbzlxWwF,EzWb,MFgOxHGU
MFgOxHGU,MFgOxHGU,ElbzlxWwF,EzWb,MFgOxHGU
MFgOxHGU,MFgOxHGU,ElbzlxWwF,EzWb,MFgOxHGU
EzWb
EzWb
MFgOxHGU
MFgOxHGU
MFgOxHGU,MFgOxHGU,MFgOxHGU,ElbzlxWwF,EzWb
MFgOxHGU,MFgOxHGU,MFgOxHGU,ElbzlxWwF,EzWb
EzWb
MFgOxHGU,MFgOxHGU,MFgOxHGU,ElbzlxWwF,EzWb
MFgOxHGU,MFgOxHGU,MFgOxHGU,ElbzlxWwF,EzWb
EzWb
EzWb
MFgOxHGU
MFgOxHGU
MFgOxHGU
MFgOxHGU,ElbzlxWwF,MFgOxHGU,MFgOxHGU,EzWb,EzWb,ElbzlxWwF
MFgOxHGU
MFgOxHGU
MFgOxHGU
ElbzlxWwF,MFgOxHGU,EzWb,MFgOxHGU,ElbzlxWwF,EzWb,EzWb,EzWb,ElbzlxWwF,MFgOxHGU,ElbzlxWwF
ElbzlxWwF,MFgOxHGU,EzWb,MFgOxHGU,ElbzlxWwF,EzWb,EzWb,EzWb,ElbzlxWwF,MFgOxHGU,ElbzlxWwF,EzWb
EzWb,ElbzlxWwF,MFgOxHGU,EzWb,EzWb,EzWb,ElbzlxWwF,MFgOxHGU,ElbzlxWwF,EzWb,ElbzlxWwF
EzWb
EzWb,ElbzlxWwF,EzWb,EzWb,EzWb,ElbzlxWwF,MFgOxHGU,ElbzlxWwF,EzWb,ElbzlxWwF
EzWb
EzWb
EzWb,ElbzlxWwF,EzWb,EzWb,EzWb,ElbzlxWwF,MFgOxHGU,ElbzlxWwF,EzWb,ElbzlxWwF
EzWb,ElbzlxWwF,EzWb,EzWb,EzWb,ElbzlxWwF,MFgOxHGU,ElbzlxWwF,EzWb,ElbzlxWwF
EzWb
EzWb
EzWb
EzWb,MFgOxHGU,ElbzlxWwF,EzWb,EzWb,EzWb,ElbzlxWwF,ElbzlxWwF,EzWb,ElbzlxWwF,EzWb,MFgOxHGU
EzWb
EzWb,MFgOxHGU,ElbzlxWwF,EzWb,EzWb,EzWb,ElbzlxWwF,ElbzlxWwF,EzWb,ElbzlxWwF,EzWb,MFgOxHGU
MFgOxHGU
MFgOxHGU
EzWb,MFgOxHGU,ElbzlxWwF,EzWb,EzWb,EzWb,ElbzlxWwF,ElbzlxWwF,EzWb,ElbzlxWwF,EzWb,MFgOxHGU,ElbzlxWwF,MFgOxHGU,MFgOxHGU
MFgOxHGU
EzWb,MFgOxHGU,ElbzlxWwF,EzWb,EzWb,EzWb,ElbzlxWwF,ElbzlxWwF,EzWb,ElbzlxWwF,EzWb,MFgOxHGU
MFgOxHGU,ElbzlxWwF,EzWb,EzWb,EzWb,ElbzlxWwF,ElbzlxWwF,EzWb,ElbzlxWwF,EzWb,MFgOxHGU
ElbzlxWwF,MFgOxHGU,EzWb,EzWb,ElbzlxWwF,ElbzlxWwF,EzWb,ElbzlxWwF,EzWb,MFgOxHGU
EzWb,MFgOxHGU,ElbzlxWwF,EzWb,EzWb,EzWb,ElbzlxWwF,ElbzlxWwF,EzWb,ElbzlxWwF,EzWb,MFgOxHGU
ElbzlxWwF
EzWb,MFgOxHGU,ElbzlxWwF,EzWb,EzWb,EzWb,ElbzlxWwF,ElbzlxWwF,EzWb,ElbzlxWwF,EzWb,MFgOxHGU
ElbzlxWwF
ElbzlxWwF
EzWb,ElbzlxWwF,EzWb,EzWb,EzWb,ElbzlxWwF,ElbzlxWwF,EzWb,ElbzlxWwF,EzWb,MFgOxHGU
EzWb,EzWb,EzWb,EzWb,ElbzlxWwF,ElbzlxWwF,EzWb,ElbzlxWwF,EzWb
ElbzlxWwF
EzWb
EzWb
EzWb
MFgOxHGU,ElbzlxWwF,EzWb,EzWb,EzWb,EzWb,ElbzlxWwF,ElbzlxWwF,EzWb,ElbzlxWwF,EzWb,MFgOxHGU,MFgOxHGU,ElbzlxWwF,MFgOxHGU,ElbzlxWwF
MFgOxHGU,EzWb,EzWb,EzWb,ElbzlxWwF,EzWb,ElbzlxWwF,ElbzlxWwF,EzWb,ElbzlxWwF,EzWb,MFgOxHGU,MFgOxHGU,ElbzlxWwF,MFgOxHGU,ElbzlxWwF,EzWb
MFgOxHGU
MFgOxHGU
EzWb
EzWb,EzWb,MFgOxHGU,EzWb,EzWb,ElbzlxWwF,ElbzlxWwF,EzWb,ElbzlxWwF,EzWb,MFgOxHGU,MFgOxHGU,ElbzlxWwF,MFgOxHGU,ElbzlxWwF,EzWb,ElbzlxWwF
ElbzlxWwF
EzWb,MFgOxHGU,ElbzlxWwF,EzWb,EzWb,EzWb,ElbzlxWwF,EzWb,ElbzlxWwF,EzWb,MFgOxHGU,MFgOxHGU,ElbzlxWwF,MFgOxHGU,ElbzlxWwF,EzWb,ElbzlxWwF
EzWb
EzWb
MFgOxHGU,EzWb,ElbzlxWwF,EzWb,EzWb,EzWb,ElbzlxWwF,EzWb,ElbzlxWwF,EzWb,MFgOxHGU,MFgOxHGU,ElbzlxWwF,MFgOxHGU,ElbzlxWwF,EzWb,ElbzlxWwF,EzWb,EzWb
ElbzlxWwF
ElbzlxWwF
ElbzlxWwF
MFgOxHGU,EzWb,ElbzlxWwF,EzWb,EzWb,EzWb,ElbzlxWwF,EzWb,ElbzlxWwF,EzWb,MFgOxHGU,MFgOxHGU,ElbzlxWwF,MFgOxHGU,ElbzlxWwF,EzWb,ElbzlxWwF,EzWb
ElbzlxWwF
EzWb
MFgOxHGU,EzWb,EzWb,EzWb,ElbzlxWwF,EzWb,ElbzlxWwF,EzWb,MFgOxHGU,MFgOxHGU,ElbzlxWwF,MFgOxHGU,ElbzlxWwF,EzWb,ElbzlxWwF,EzWb,MFgOxHGU
MFgOxHGU,EzWb,EzWb,ElbzlxWwF,EzWb,ElbzlxWwF,EzWb,MFgOxHGU,MFgOxHGU,ElbzlxWwF,MFgOxHGU,ElbzlxWwF,EzWb,ElbzlxWwF,EzWb,MFgOxHGU,EzWb
ElbzlxWwF
MFgOxHGU,EzWb,EzWb,ElbzlxWwF,EzWb,ElbzlxWwF,EzWb,MFgOxHGU,MFgOxHGU,ElbzlxWwF,MFgOxHGU,ElbzlxWwF,EzWb,ElbzlxWwF,EzWb,MFgOxHGU,EzWb
ElbzlxWwF
MFgOxHGU,EzWb,EzWb,ElbzlxWwF,EzWb,ElbzlxWwF,EzWb,MFgOxHGU,MFgOxHGU,ElbzlxWwF,MFgOxHGU,ElbzlxWwF,EzWb,ElbzlxWwF,EzWb,MFgOxHGU,EzWb
EzWb
MFgOxHGU,EzWb,ElbzlxWwF,EzWb,EzWb,ElbzlxWwF,EzWb,MFgOxHGU,MFgOxHGU,ElbzlxWwF,MFgOxHGU,ElbzlxWwF,EzWb,ElbzlxWwF,EzWb,MFgOxHGU,EzWb
MFgOxHGU,ElbzlxWwF,EzWb,EzWb,EzWb,ElbzlxWwF,EzWb,MFgOxHGU,MFgOxHGU,ElbzlxWwF,MFgOxHGU,ElbzlxWwF,EzWb,ElbzlxWwF,EzWb,MFgOxHGU,EzWb,EzWb
EzWb
MFgOxHGU,ElbzlxWwF,EzWb,EzWb,EzWb,ElbzlxWwF,EzWb,MFgOxHGU,MFgOxHGU,ElbzlxWwF,MFgOxHGU,ElbzlxWwF,EzWb,ElbzlxWwF,EzWb,MFgOxHGU,EzWb,EzWb,MFgOxHGU,ElbzlxWwF,EzWb,EzWb
MFgOxHGU,ElbzlxWwF,EzWb,EzWb,EzWb,ElbzlxWwF,EzWb,MFgOxHGU,MFgOxHGU,ElbzlxWwF,MFgOxHGU,ElbzlxWwF,EzWb,ElbzlxWwF,EzWb,MFgOxHGU,EzWb,EzWb,MFgOxHGU,ElbzlxWwF,EzWb,EzWb,EzWb
EzWb
EzWb
Jedi Wagner, assuma o comando!