[vazia]
[vazia]
[vazia]
[vazia]
[vazia]
[vazia]
[vazia]
[vazia]
[vazia]
Toque! Toque, Dijê!
[vazia]
[vazia]
[vazia]
Toque! Toque, Dijê!
[vazia]
Toque! Toque, Dijê!
Toque! Toque, Dijê!
Toque! Toque, Dijê!
Toque! Toque, Dijê!
Toque! Toque, Dijê!
Toque! Toque, Dijê!
[vazia]
Toque! Toque, Dijê!
[vazia]
[vazia]
[vazia]
DcpPPozT
DcpPPozT
DcpPPozT
DcpPPozT
DcpPPozT
[vazia]
Toque! Toque, Dijê!
DcpPPozT,DcpPPozT
DcpPPozT,DcpPPozT
DcpPPozT,DcpPPozT
DcpPPozT
DcpPPozT,DcpPPozT
DcpPPozT
DcpPPozT
DcpPPozT,DcpPPozT,DcpPPozT
DcpPPozT
DcpPPozT
DcpPPozT,DcpPPozT
DcpPPozT
DcpPPozT,DcpPPozT,DcpPPozT
DcpPPozT
DcpPPozT,DcpPPozT
DcpPPozT,DcpPPozT
DcpPPozT,DcpPPozT,DcpPPozT
DcpPPozT
DcpPPozT,DcpPPozT,DcpPPozT,DcpPPozT
DcpPPozT,DcpPPozT,DcpPPozT,DcpPPozT
DcpPPozT
DcpPPozT
DcpPPozT
DcpPPozT
Toque! Toque, Dijê!
[vazia]
DcpPPozT,DcpPPozT
DcpPPozT,DcpPPozT,DcpPPozT
DcpPPozT,DcpPPozT,DcpPPozT
DcpPPozT,DcpPPozT
DcpPPozT
DcpPPozT
DcpPPozT,DcpPPozT,DcpPPozT
DcpPPozT,DcpPPozT
Toque! Toque, Dijê!
[vazia]
DcpPPozT,DcpPPozT,DcpPPozT
DcpPPozT,DcpPPozT,DcpPPozT
DcpPPozT,DcpPPozT
DcpPPozT,DcpPPozT,DcpPPozT
DcpPPozT
DcpPPozT,DcpPPozT,DcpPPozT,DcpPPozT
DcpPPozT
DcpPPozT
DcpPPozT,DcpPPozT,DcpPPozT,DcpPPozT,DcpPPozT,DcpPPozT
DcpPPozT
DcpPPozT
DcpPPozT
DcpPPozT
DcpPPozT
DcpPPozT
DcpPPozT
DcpPPozT,DcpPPozT,DcpPPozT,DcpPPozT,DcpPPozT,DcpPPozT,DcpPPozT,DcpPPozT
DcpPPozT,DcpPPozT,DcpPPozT,DcpPPozT,DcpPPozT,DcpPPozT,DcpPPozT,DcpPPozT
DcpPPozT,DcpPPozT,DcpPPozT,DcpPPozT,DcpPPozT,DcpPPozT,DcpPPozT,DcpPPozT
DcpPPozT
DcpPPozT
DcpPPozT
DcpPPozT
DcpPPozT,DcpPPozT,DcpPPozT,DcpPPozT,DcpPPozT,DcpPPozT,DcpPPozT,DcpPPozT,DcpPPozT
DcpPPozT
DcpPPozT
DcpPPozT,DcpPPozT,DcpPPozT,DcpPPozT,DcpPPozT,DcpPPozT,DcpPPozT,DcpPPozT
DcpPPozT,DcpPPozT,DcpPPozT,DcpPPozT,DcpPPozT,DcpPPozT,DcpPPozT,DcpPPozT
DcpPPozT
DcpPPozT
DcpPPozT,DcpPPozT,DcpPPozT,DcpPPozT,DcpPPozT,DcpPPozT,DcpPPozT,DcpPPozT,DcpPPozT,DcpPPozT
DcpPPozT
DcpPPozT
DcpPPozT,DcpPPozT,DcpPPozT,DcpPPozT,DcpPPozT,DcpPPozT,DcpPPozT,DcpPPozT,DcpPPozT,DcpPPozT
DcpPPozT
DcpPPozT,DcpPPozT,DcpPPozT,DcpPPozT,DcpPPozT,DcpPPozT,DcpPPozT,DcpPPozT,DcpPPozT,DcpPPozT
DcpPPozT,DcpPPozT,DcpPPozT,DcpPPozT,DcpPPozT,DcpPPozT,DcpPPozT,DcpPPozT,DcpPPozT
DcpPPozT,DcpPPozT,DcpPPozT,DcpPPozT,DcpPPozT,DcpPPozT,DcpPPozT,DcpPPozT,DcpPPozT,DcpPPozT
DcpPPozT
DcpPPozT,DcpPPozT,DcpPPozT,DcpPPozT,DcpPPozT,DcpPPozT,DcpPPozT,DcpPPozT,DcpPPozT,DcpPPozT
DcpPPozT,DcpPPozT,DcpPPozT,DcpPPozT,DcpPPozT,DcpPPozT,DcpPPozT,DcpPPozT,DcpPPozT,DcpPPozT,DcpPPozT
DcpPPozT,DcpPPozT,DcpPPozT,DcpPPozT,DcpPPozT,DcpPPozT,DcpPPozT,DcpPPozT,DcpPPozT,DcpPPozT,DcpPPozT
DcpPPozT
DcpPPozT
DcpPPozT,DcpPPozT,DcpPPozT,DcpPPozT,DcpPPozT,DcpPPozT,DcpPPozT,DcpPPozT,DcpPPozT,DcpPPozT
DcpPPozT,DcpPPozT,DcpPPozT,DcpPPozT,DcpPPozT,DcpPPozT,DcpPPozT,DcpPPozT,DcpPPozT,DcpPPozT
DcpPPozT
DcpPPozT
DcpPPozT,DcpPPozT,DcpPPozT,DcpPPozT,DcpPPozT,DcpPPozT,DcpPPozT,DcpPPozT,DcpPPozT,DcpPPozT,DcpPPozT,DcpPPozT,DcpPPozT,DcpPPozT,DcpPPozT
DcpPPozT,DcpPPozT,DcpPPozT,DcpPPozT,DcpPPozT,DcpPPozT,DcpPPozT,DcpPPozT,DcpPPozT,DcpPPozT,DcpPPozT,DcpPPozT,DcpPPozT
DcpPPozT,DcpPPozT,DcpPPozT,DcpPPozT,DcpPPozT,DcpPPozT,DcpPPozT,DcpPPozT,DcpPPozT,DcpPPozT,DcpPPozT,DcpPPozT,DcpPPozT
DcpPPozT,DcpPPozT,DcpPPozT,DcpPPozT,DcpPPozT,DcpPPozT,DcpPPozT,DcpPPozT,DcpPPozT,DcpPPozT,DcpPPozT,DcpPPozT,DcpPPozT
DcpPPozT
DcpPPozT
DcpPPozT,DcpPPozT,DcpPPozT,DcpPPozT,DcpPPozT,DcpPPozT,DcpPPozT,DcpPPozT,DcpPPozT,DcpPPozT,DcpPPozT,DcpPPozT,DcpPPozT,DcpPPozT,DcpPPozT
DcpPPozT,DcpPPozT,DcpPPozT,DcpPPozT,DcpPPozT,DcpPPozT,DcpPPozT,DcpPPozT,DcpPPozT,DcpPPozT,DcpPPozT,DcpPPozT,DcpPPozT,DcpPPozT
DcpPPozT
DcpPPozT,DcpPPozT,DcpPPozT,DcpPPozT,DcpPPozT,DcpPPozT,DcpPPozT,DcpPPozT,DcpPPozT,DcpPPozT,DcpPPozT,DcpPPozT
DcpPPozT
DcpPPozT
DcpPPozT,DcpPPozT,DcpPPozT,DcpPPozT,DcpPPozT,DcpPPozT,DcpPPozT,DcpPPozT,DcpPPozT,DcpPPozT,DcpPPozT,DcpPPozT,DcpPPozT,DcpPPozT,DcpPPozT,DcpPPozT,DcpPPozT
DcpPPozT
DcpPPozT
DcpPPozT,DcpPPozT,DcpPPozT,DcpPPozT,DcpPPozT,DcpPPozT,DcpPPozT,DcpPPozT,DcpPPozT,DcpPPozT,DcpPPozT,DcpPPozT,DcpPPozT,DcpPPozT,DcpPPozT,DcpPPozT,DcpPPozT
DcpPPozT
DcpPPozT
DcpPPozT
DcpPPozT,DcpPPozT,DcpPPozT,DcpPPozT,DcpPPozT,DcpPPozT,DcpPPozT,DcpPPozT,DcpPPozT,DcpPPozT,DcpPPozT,DcpPPozT,DcpPPozT,DcpPPozT,DcpPPozT,DcpPPozT,DcpPPozT
DcpPPozT
DcpPPozT
DcpPPozT,DcpPPozT,DcpPPozT,DcpPPozT,DcpPPozT,DcpPPozT,DcpPPozT,DcpPPozT,DcpPPozT,DcpPPozT,DcpPPozT,DcpPPozT,DcpPPozT,DcpPPozT,DcpPPozT,DcpPPozT,DcpPPozT,DcpPPozT
DcpPPozT
DcpPPozT
DcpPPozT
DcpPPozT
DcpPPozT
DcpPPozT
DcpPPozT
DcpPPozT,DcpPPozT,DcpPPozT,DcpPPozT,DcpPPozT,DcpPPozT,DcpPPozT,DcpPPozT,DcpPPozT,DcpPPozT,DcpPPozT,DcpPPozT,DcpPPozT,DcpPPozT,DcpPPozT,DcpPPozT,DcpPPozT
DcpPPozT
DcpPPozT
DcpPPozT,DcpPPozT,DcpPPozT,DcpPPozT,DcpPPozT,DcpPPozT,DcpPPozT,DcpPPozT,DcpPPozT,DcpPPozT,DcpPPozT,DcpPPozT,DcpPPozT,DcpPPozT,DcpPPozT,DcpPPozT,DcpPPozT,DcpPPozT
DcpPPozT,DcpPPozT,DcpPPozT,DcpPPozT,DcpPPozT,DcpPPozT,DcpPPozT,DcpPPozT,DcpPPozT,DcpPPozT,DcpPPozT,DcpPPozT,DcpPPozT,DcpPPozT,DcpPPozT,DcpPPozT,DcpPPozT,DcpPPozT
DcpPPozT
DcpPPozT
DcpPPozT,DcpPPozT,DcpPPozT,DcpPPozT,DcpPPozT,DcpPPozT,DcpPPozT,DcpPPozT,DcpPPozT,DcpPPozT,DcpPPozT,DcpPPozT,DcpPPozT,DcpPPozT,DcpPPozT,DcpPPozT,DcpPPozT,DcpPPozT,DcpPPozT
DcpPPozT
DcpPPozT,DcpPPozT,DcpPPozT,DcpPPozT,DcpPPozT,DcpPPozT,DcpPPozT,DcpPPozT,DcpPPozT,DcpPPozT,DcpPPozT,DcpPPozT,DcpPPozT,DcpPPozT,DcpPPozT,DcpPPozT,DcpPPozT,DcpPPozT,DcpPPozT
DcpPPozT
DcpPPozT
DcpPPozT
Jedi Wagner, assuma o comando!