Toque! Toque, Dijê!
A
A
A
A
A
A
A
A,eUabGKX
A,eUabGKX
A,eUabGKX
A
A
A
A
A
A
A
A
A
A,pApyFouW,n
A
A,pApyFouW,n,pApyFouW
A
A
A
pApyFouW
pApyFouW
pApyFouW
pApyFouW
pApyFouW
pApyFouW
pApyFouW
pApyFouW
pApyFouW
pApyFouW
pApyFouW
pApyFouW
pApyFouW
pApyFouW
pApyFouW
pApyFouW
pApyFouW
pApyFouW
pApyFouW,A
pApyFouW
pApyFouW,A
pApyFouW
pApyFouW
A
pApyFouW,A,pApyFouW,ChaYZKo
pApyFouW,A,pApyFouW,ChaYZKo
pApyFouW,A,pApyFouW,ChaYZKo
pApyFouW,A,pApyFouW,ChaYZKo
ChaYZKo
ChaYZKo
pApyFouW,A,pApyFouW,ChaYZKo
ChaYZKo
ChaYZKo
ChaYZKo
ChaYZKo
pApyFouW
pApyFouW,A,pApyFouW,ChaYZKo
pApyFouW,A,pApyFouW,ChaYZKo
pApyFouW
ChaYZKo
pApyFouW,pApyFouW,A,eUabGKX
pApyFouW
A,pApyFouW,ChaYZKo,pApyFouW
A,pApyFouW,ChaYZKo,pApyFouW
pApyFouW
A,pApyFouW,ChaYZKo,pApyFouW
A,pApyFouW,ChaYZKo,pApyFouW
pApyFouW,ChaYZKo,pApyFouW
A,pApyFouW,ChaYZKo,pApyFouW
pApyFouW
pApyFouW
A,pApyFouW,ChaYZKo,pApyFouW,ChaYZKo
pApyFouW
pApyFouW
pApyFouW
pApyFouW
A,pApyFouW,ChaYZKo,pApyFouW
pApyFouW
A,ChaYZKo,pApyFouW
A,ChaYZKo,pApyFouW
A
A
A,ChaYZKo,pApyFouW
A
A
A,pApyFouW,ChaYZKo,ChaYZKo
pApyFouW
A,ChaYZKo,pApyFouW,ChaYZKo,mPsO,eUabGKX
A,ChaYZKo,pApyFouW,pApyFouW
pApyFouW
pApyFouW
pApyFouW
A,ChaYZKo,pApyFouW,pApyFouW
A,ChaYZKo,pApyFouW,pApyFouW
A,pApyFouW,ChaYZKo,pApyFouW
ChaYZKo
ChaYZKo
A,ChaYZKo,pApyFouW,pApyFouW
A,ChaYZKo,pApyFouW,pApyFouW
A
A,ChaYZKo,pApyFouW
pApyFouW
A,ChaYZKo,pApyFouW,n,n
pApyFouW
n
n,pApyFouW,n,ChaYZKo
n,pApyFouW,n,ChaYZKo
pApyFouW
pApyFouW
pApyFouW
pApyFouW
n
n
pApyFouW,n,n,ChaYZKo,pApyFouW,ChaYZKo
pApyFouW,n,n,ChaYZKo,pApyFouW,ChaYZKo
pApyFouW
ChaYZKo
n,n,pApyFouW,ChaYZKo,pApyFouW,eUabGKX
pApyFouW
n,n,pApyFouW,ChaYZKo,pApyFouW,eUabGKX,mPsO
pApyFouW
eUabGKX
n,n,ChaYZKo,pApyFouW,eUabGKX,mPsO
ChaYZKo
eUabGKX,ChaYZKo,mPsO,eUabGKX,A,eUabGKX,ChaYZKo
eUabGKX
n,eUabGKX,mPsO,eUabGKX,eUabGKX,ChaYZKo,ChaYZKo,eUabGKX
n,eUabGKX,mPsO,eUabGKX,eUabGKX,ChaYZKo,ChaYZKo,eUabGKX
n,eUabGKX,mPsO,eUabGKX,eUabGKX,ChaYZKo,ChaYZKo,eUabGKX,pApyFouW,mPsO,n
eUabGKX,eUabGKX,eUabGKX,ChaYZKo,ChaYZKo,eUabGKX,mPsO,n
eUabGKX,eUabGKX,eUabGKX,ChaYZKo,ChaYZKo,eUabGKX,mPsO,n
eUabGKX
eUabGKX,eUabGKX,ChaYZKo,n,eUabGKX,ChaYZKo,eUabGKX,mPsO,mPsO
eUabGKX
eUabGKX,ChaYZKo,eUabGKX,A,eUabGKX,ChaYZKo,mPsO,ChaYZKo,eUabGKX,ChaYZKo
ChaYZKo
ChaYZKo
n,eUabGKX,ChaYZKo,mPsO,eUabGKX,A,eUabGKX,ChaYZKo,ChaYZKo,eUabGKX,ChaYZKo,eUabGKX
n,eUabGKX,ChaYZKo,mPsO,eUabGKX,A,eUabGKX,ChaYZKo,ChaYZKo,eUabGKX,ChaYZKo,eUabGKX
n,eUabGKX,ChaYZKo,mPsO,eUabGKX,A,eUabGKX,ChaYZKo,ChaYZKo,eUabGKX,ChaYZKo,eUabGKX,eUabGKX
eUabGKX
n,ChaYZKo,eUabGKX,eUabGKX,ChaYZKo,ChaYZKo,eUabGKX,ChaYZKo,eUabGKX,eUabGKX,n
n
ChaYZKo,eUabGKX,eUabGKX,ChaYZKo,ChaYZKo,eUabGKX,n,ChaYZKo,eUabGKX,eUabGKX,n
n,eUabGKX,ChaYZKo,eUabGKX,eUabGKX,ChaYZKo,ChaYZKo,eUabGKX,ChaYZKo,eUabGKX,eUabGKX,ChaYZKo
n,eUabGKX,ChaYZKo,eUabGKX,eUabGKX,ChaYZKo,ChaYZKo,eUabGKX,ChaYZKo,eUabGKX,eUabGKX,ChaYZKo
n,eUabGKX,ChaYZKo,eUabGKX,eUabGKX,ChaYZKo,ChaYZKo,eUabGKX,ChaYZKo,eUabGKX,eUabGKX,ChaYZKo,A
eUabGKX
n,eUabGKX,eUabGKX,eUabGKX,ChaYZKo,ChaYZKo,eUabGKX,ChaYZKo,eUabGKX,eUabGKX,ChaYZKo,A
ChaYZKo
n,eUabGKX,eUabGKX,eUabGKX,ChaYZKo,ChaYZKo,eUabGKX,ChaYZKo,eUabGKX,eUabGKX,ChaYZKo,A
eUabGKX,eUabGKX,eUabGKX,ChaYZKo,eUabGKX,ChaYZKo,A,ChaYZKo,eUabGKX,eUabGKX,ChaYZKo
eUabGKX,eUabGKX,eUabGKX,eUabGKX,ChaYZKo,A,ChaYZKo,eUabGKX,eUabGKX,ChaYZKo
A
eUabGKX,eUabGKX,eUabGKX,eUabGKX,ChaYZKo,A,ChaYZKo,eUabGKX,eUabGKX,ChaYZKo
A
eUabGKX,eUabGKX,eUabGKX,eUabGKX,ChaYZKo,A,ChaYZKo,eUabGKX,eUabGKX,ChaYZKo,pApyFouW,eUabGKX
eUabGKX
eUabGKX
eUabGKX,eUabGKX,eUabGKX,eUabGKX,ChaYZKo,A,ChaYZKo,eUabGKX,eUabGKX,ChaYZKo,pApyFouW,eUabGKX,ChaYZKo
eUabGKX,eUabGKX,eUabGKX,ChaYZKo,A,ChaYZKo,eUabGKX,eUabGKX,eUabGKX,ChaYZKo,pApyFouW,eUabGKX,ChaYZKo
eUabGKX,eUabGKX,ChaYZKo,A,ChaYZKo,eUabGKX,eUabGKX,eUabGKX,ChaYZKo,pApyFouW,eUabGKX,ChaYZKo
eUabGKX,eUabGKX,A,ChaYZKo,eUabGKX,eUabGKX,eUabGKX,ChaYZKo,ChaYZKo,pApyFouW,eUabGKX,ChaYZKo,A
pApyFouW
eUabGKX,eUabGKX,ChaYZKo,eUabGKX,eUabGKX,eUabGKX,A,ChaYZKo,ChaYZKo,pApyFouW,eUabGKX,ChaYZKo,A,pApyFouW
A
eUabGKX,eUabGKX,ChaYZKo,eUabGKX,eUabGKX,eUabGKX,A,ChaYZKo,ChaYZKo,pApyFouW,eUabGKX,ChaYZKo,A,pApyFouW
eUabGKX,eUabGKX,ChaYZKo,eUabGKX,eUabGKX,eUabGKX,A,ChaYZKo,ChaYZKo,pApyFouW,eUabGKX,ChaYZKo,A,pApyFouW
eUabGKX,eUabGKX,ChaYZKo,eUabGKX,eUabGKX,eUabGKX,A,ChaYZKo,ChaYZKo,pApyFouW,eUabGKX,ChaYZKo,A,pApyFouW
eUabGKX,eUabGKX,ChaYZKo,eUabGKX,eUabGKX,eUabGKX,A,ChaYZKo,ChaYZKo,pApyFouW,eUabGKX,ChaYZKo,A,pApyFouW,n
eUabGKX,eUabGKX,ChaYZKo,eUabGKX,eUabGKX,eUabGKX,A,ChaYZKo,ChaYZKo,pApyFouW,eUabGKX,ChaYZKo,A,pApyFouW,n
pApyFouW
Jedi Wagner, assuma o comando!