Toque! Toque, Dijê!
[vazia]
wpkPS
wpkPS
wpkPS,E
wpkPS,E
wpkPS
wpkPS
wpkPS
wpkPS
E,OyRWPK,OyRWPK
E,OyRWPK,OyRWPK
E
E,OyRWPK,OyRWPK
E
Toque! Toque, Dijê!
Toque! Toque, Dijê!
[vazia]
Toque! Toque, Dijê!
Toque! Toque, Dijê!
PUOwqzc
E,yqXdUt,LMqVMDdb
E,yqXdUt,LMqVMDdb,E
E
Toque! Toque, Dijê!
[vazia]
Toque! Toque, Dijê!
Toque! Toque, Dijê!
[vazia]
LMqVMDdb,yqXdUt
LMqVMDdb,yqXdUt
LMqVMDdb,yqXdUt
yqXdUt
yqXdUt
yqXdUt
yqXdUt,LMqVMDdb
LMqVMDdb
yqXdUt,LMqVMDdb
LMqVMDdb
yqXdUt,LMqVMDdb
yqXdUt
yqXdUt
LMqVMDdb
yqXdUt,LMqVMDdb,eexkzQV,eQddkTkT
yqXdUt,LMqVMDdb,eexkzQV
yqXdUt,LMqVMDdb,eexkzQV
eexkzQV
LMqVMDdb,yqXdUt,LMqVMDdb,eexkzQV,eQddkTkT
yqXdUt
LMqVMDdb,yqXdUt,LMqVMDdb,eexkzQV,eQddkTkT,OyRWPK
LMqVMDdb,yqXdUt,LMqVMDdb,eexkzQV,eQddkTkT,OyRWPK
LMqVMDdb,yqXdUt,LMqVMDdb,eexkzQV,eQddkTkT,OyRWPK,wpkPS
LMqVMDdb,yqXdUt,LMqVMDdb,eexkzQV,eQddkTkT,OyRWPK
LMqVMDdb
LMqVMDdb,yqXdUt,LMqVMDdb,eexkzQV,eQddkTkT,OyRWPK
eQddkTkT
LMqVMDdb
eQddkTkT
LMqVMDdb
LMqVMDdb,LMqVMDdb,eexkzQV,eQddkTkT,OyRWPK,OyRWPK
OyRWPK
OyRWPK
LMqVMDdb,OyRWPK,LMqVMDdb,eexkzQV,eQddkTkT,OyRWPK
LMqVMDdb
LMqVMDdb,yqXdUt,LMqVMDdb,eexkzQV,eQddkTkT,OyRWPK
LMqVMDdb
LMqVMDdb
LMqVMDdb
LMqVMDdb
LMqVMDdb
LMqVMDdb,yqXdUt,LMqVMDdb,eexkzQV,eQddkTkT,OyRWPK,joytFhO,wpkPS,joytFhO
LMqVMDdb,yqXdUt,eQddkTkT,LMqVMDdb,eexkzQV,OyRWPK,joytFhO,wpkPS,joytFhO
LMqVMDdb
LMqVMDdb
LMqVMDdb
LMqVMDdb
LMqVMDdb,yqXdUt,LMqVMDdb,OyRWPK
LMqVMDdb,yqXdUt,LMqVMDdb
LMqVMDdb
LMqVMDdb,yqXdUt,LMqVMDdb,OyRWPK
OyRWPK
OyRWPK
LMqVMDdb,yqXdUt,LMqVMDdb,OyRWPK
LMqVMDdb,yqXdUt,LMqVMDdb,OyRWPK
LMqVMDdb,yqXdUt,LMqVMDdb,OyRWPK
LMqVMDdb,yqXdUt,LMqVMDdb,OyRWPK
LMqVMDdb,yqXdUt,LMqVMDdb,OyRWPK
LMqVMDdb,yqXdUt,LMqVMDdb,OyRWPK
LMqVMDdb
LMqVMDdb,yqXdUt,LMqVMDdb,OyRWPK
LMqVMDdb
LMqVMDdb
OyRWPK
LMqVMDdb,OyRWPK,LMqVMDdb,yqXdUt
LMqVMDdb,OyRWPK,LMqVMDdb,yqXdUt
OyRWPK
yqXdUt
LMqVMDdb,OyRWPK,LMqVMDdb,yqXdUt
LMqVMDdb,OyRWPK,LMqVMDdb,joytFhO
LMqVMDdb,OyRWPK,LMqVMDdb,joytFhO
LMqVMDdb,OyRWPK,LMqVMDdb,yqXdUt
OyRWPK
OyRWPK,LMqVMDdb,LMqVMDdb,yqXdUt
OyRWPK
OyRWPK,LMqVMDdb,LMqVMDdb,yqXdUt
LMqVMDdb
LMqVMDdb
LMqVMDdb
LMqVMDdb,OyRWPK,LMqVMDdb,yqXdUt
LMqVMDdb,OyRWPK,LMqVMDdb,yqXdUt
LMqVMDdb,OyRWPK,LMqVMDdb,yqXdUt,yqXdUt
LMqVMDdb,OyRWPK,LMqVMDdb,yqXdUt,yqXdUt,wpkPS,eQddkTkT
yqXdUt
yqXdUt
LMqVMDdb,LMqVMDdb,yqXdUt,yqXdUt,wpkPS,eQddkTkT
yqXdUt
yqXdUt
LMqVMDdb,OyRWPK,LMqVMDdb,yqXdUt,yqXdUt,wpkPS,eQddkTkT
LMqVMDdb,OyRWPK,LMqVMDdb,yqXdUt,yqXdUt,wpkPS,eQddkTkT
LMqVMDdb,LMqVMDdb,wpkPS,eexkzQV,yqXdUt,yqXdUt,eQddkTkT,eQddkTkT
eexkzQV
eexkzQV
yqXdUt
LMqVMDdb,LMqVMDdb,wpkPS,yqXdUt,eexkzQV,yqXdUt,eQddkTkT,eQddkTkT,joytFhO,eQddkTkT,PUOwqzc,wpkPS
LMqVMDdb,LMqVMDdb,wpkPS,yqXdUt,eexkzQV,yqXdUt,eQddkTkT,eQddkTkT,joytFhO,eQddkTkT,PUOwqzc,wpkPS
yqXdUt
yqXdUt
LMqVMDdb,LMqVMDdb,wpkPS,joytFhO,yqXdUt,eexkzQV,yqXdUt,eQddkTkT,eQddkTkT,eQddkTkT,PUOwqzc,wpkPS,yqXdUt
LMqVMDdb,LMqVMDdb,wpkPS,joytFhO,yqXdUt,eexkzQV,yqXdUt,eQddkTkT,eQddkTkT,eQddkTkT,PUOwqzc,wpkPS,yqXdUt
yqXdUt
LMqVMDdb
LMqVMDdb
LMqVMDdb
LMqVMDdb
LMqVMDdb
LMqVMDdb
wpkPS,yqXdUt,LMqVMDdb,eQddkTkT,joytFhO,eQddkTkT,PUOwqzc,wpkPS,LMqVMDdb,eQddkTkT,wpkPS,eexkzQV,eexkzQV
LMqVMDdb
wpkPS,yqXdUt,LMqVMDdb,eQddkTkT,joytFhO,eQddkTkT,PUOwqzc,wpkPS,LMqVMDdb,eQddkTkT,wpkPS,eexkzQV,eexkzQV,yqXdUt
wpkPS,yqXdUt,LMqVMDdb,joytFhO,eQddkTkT,wpkPS,LMqVMDdb,eQddkTkT,wpkPS,eexkzQV,eexkzQV,yqXdUt
wpkPS,LMqVMDdb,yqXdUt,LMqVMDdb,eQddkTkT,eQddkTkT,joytFhO,eQddkTkT,PUOwqzc,wpkPS,LMqVMDdb
wpkPS,LMqVMDdb,yqXdUt,LMqVMDdb,eQddkTkT,eQddkTkT,joytFhO,eQddkTkT,PUOwqzc,wpkPS,LMqVMDdb
LMqVMDdb
wpkPS,LMqVMDdb,eQddkTkT,LMqVMDdb,PUOwqzc,joytFhO,eQddkTkT,wpkPS,LMqVMDdb,OyRWPK,wpkPS
wpkPS,LMqVMDdb,LMqVMDdb,PUOwqzc,eQddkTkT,joytFhO,eQddkTkT,wpkPS,LMqVMDdb,OyRWPK,wpkPS
wpkPS,LMqVMDdb,LMqVMDdb,joytFhO,PUOwqzc,eQddkTkT,wpkPS,LMqVMDdb,OyRWPK,wpkPS
PUOwqzc
PUOwqzc
PUOwqzc
PUOwqzc
wpkPS,LMqVMDdb,LMqVMDdb,PUOwqzc,eQddkTkT,wpkPS,LMqVMDdb,wpkPS,LMqVMDdb,yqXdUt
eQddkTkT
wpkPS,LMqVMDdb,LMqVMDdb,joytFhO,eQddkTkT,PUOwqzc,wpkPS,LMqVMDdb,OyRWPK,wpkPS,eexkzQV
PUOwqzc
wpkPS,LMqVMDdb,LMqVMDdb,joytFhO,eQddkTkT,PUOwqzc,wpkPS,LMqVMDdb,OyRWPK,wpkPS,eexkzQV,eexkzQV
wpkPS,LMqVMDdb,LMqVMDdb,joytFhO,eQddkTkT,wpkPS,LMqVMDdb,OyRWPK,wpkPS,eexkzQV,eexkzQV
eQddkTkT
joytFhO
wpkPS
wpkPS
wpkPS
wpkPS
wpkPS
wpkPS
wpkPS
wpkPS
wpkPS
wpkPS
LMqVMDdb,LMqVMDdb,eQddkTkT,joytFhO,wpkPS,LMqVMDdb,OyRWPK,wpkPS,eexkzQV,eexkzQV,eQddkTkT
wpkPS
wpkPS
wpkPS
wpkPS
wpkPS
LMqVMDdb,LMqVMDdb,wpkPS,eexkzQV,LMqVMDdb,wpkPS,eQddkTkT,wpkPS
wpkPS
LMqVMDdb,LMqVMDdb,wpkPS,LMqVMDdb,wpkPS,eexkzQV,eQddkTkT,wpkPS,LMqVMDdb
LMqVMDdb,LMqVMDdb,wpkPS,LMqVMDdb,wpkPS,eexkzQV,eQddkTkT,wpkPS,LMqVMDdb
LMqVMDdb
LMqVMDdb,LMqVMDdb,wpkPS,LMqVMDdb,wpkPS,eexkzQV,eQddkTkT,wpkPS,LMqVMDdb,PUOwqzc,eQddkTkT
LMqVMDdb,LMqVMDdb,wpkPS,LMqVMDdb,wpkPS,eexkzQV,eQddkTkT,wpkPS,LMqVMDdb,PUOwqzc,eQddkTkT
LMqVMDdb
eQddkTkT
LMqVMDdb,LMqVMDdb,wpkPS,LMqVMDdb,wpkPS,eQddkTkT,wpkPS,LMqVMDdb
LMqVMDdb,LMqVMDdb,wpkPS,LMqVMDdb,wpkPS,eQddkTkT,wpkPS,LMqVMDdb,PUOwqzc
LMqVMDdb
LMqVMDdb,LMqVMDdb,wpkPS,LMqVMDdb,wpkPS,eQddkTkT,wpkPS,LMqVMDdb,PUOwqzc,yqXdUt,E,yqXdUt
yqXdUt
LMqVMDdb,LMqVMDdb,wpkPS,LMqVMDdb,wpkPS,eQddkTkT,wpkPS,LMqVMDdb,PUOwqzc,yqXdUt,LMqVMDdb
LMqVMDdb
LMqVMDdb,LMqVMDdb,wpkPS,LMqVMDdb,wpkPS,eQddkTkT,wpkPS,LMqVMDdb,PUOwqzc,yqXdUt,eexkzQV
LMqVMDdb,LMqVMDdb,wpkPS,LMqVMDdb,wpkPS,eQddkTkT,wpkPS,LMqVMDdb,PUOwqzc,eQddkTkT
LMqVMDdb
LMqVMDdb
LMqVMDdb
LMqVMDdb,LMqVMDdb,wpkPS,LMqVMDdb,wpkPS,eQddkTkT,wpkPS,LMqVMDdb,PUOwqzc,eQddkTkT
LMqVMDdb
LMqVMDdb
yqXdUt
yqXdUt
yqXdUt
LMqVMDdb,LMqVMDdb,wpkPS,LMqVMDdb,wpkPS,eQddkTkT,wpkPS,LMqVMDdb,yqXdUt,OyRWPK
LMqVMDdb,LMqVMDdb,wpkPS,LMqVMDdb,wpkPS,eQddkTkT,wpkPS,LMqVMDdb,yqXdUt,OyRWPK
LMqVMDdb
LMqVMDdb,LMqVMDdb,wpkPS,LMqVMDdb,wpkPS,eQddkTkT,wpkPS,LMqVMDdb,yqXdUt,OyRWPK
LMqVMDdb,LMqVMDdb,wpkPS,LMqVMDdb,wpkPS,eQddkTkT,wpkPS,LMqVMDdb,yqXdUt,OyRWPK
LMqVMDdb,LMqVMDdb,wpkPS,LMqVMDdb,wpkPS,eQddkTkT,wpkPS,LMqVMDdb,OyRWPK
LMqVMDdb,LMqVMDdb,wpkPS,LMqVMDdb,wpkPS,wpkPS,LMqVMDdb,yqXdUt,OyRWPK
yqXdUt
LMqVMDdb,LMqVMDdb,wpkPS,LMqVMDdb,wpkPS,eQddkTkT,wpkPS,LMqVMDdb,yqXdUt,OyRWPK
LMqVMDdb
LMqVMDdb,LMqVMDdb,wpkPS,LMqVMDdb,wpkPS,eQddkTkT,wpkPS,LMqVMDdb,yqXdUt,OyRWPK
LMqVMDdb,LMqVMDdb,wpkPS,LMqVMDdb,wpkPS,eQddkTkT,wpkPS,LMqVMDdb,yqXdUt,OyRWPK,PUOwqzc
LMqVMDdb,LMqVMDdb,wpkPS,LMqVMDdb,wpkPS,eQddkTkT,wpkPS,LMqVMDdb,PUOwqzc,joytFhO
Jedi Wagner, assuma o comando!