Toque! Toque, Dijê!
Toque! Toque, Dijê!
Toque! Toque, Dijê!
[vazia]
pXBn
pXBn
[vazia]
[vazia]
Toque! Toque, Dijê!
pXBn
pXBn,pXBn
pXBn
pXBn,pXBn
pXBn,pXBn
pXBn
pXBn,pXBn
pXBn,pXBn,VkVCKtuDPL,aEmeC
aEmeC
pXBn,pXBn,VkVCKtuDPL,aEmeC
pXBn,pXBn,VkVCKtuDPL,aEmeC
pXBn,pXBn,VkVCKtuDPL,aEmeC
pXBn,pXBn,VkVCKtuDPL,aEmeC
pXBn
aEmeC,pXBn,pXBn
aEmeC,pXBn,pXBn,pXBn
pXBn
aEmeC,pXBn,pXBn,pXBn
pXBn,pXBn,aEmeC,pXBn
pXBn,pXBn,aEmeC,pXBn
pXBn,pXBn,aEmeC,pXBn,aEmeC
pXBn,pXBn,aEmeC,pXBn,aEmeC
aEmeC
aEmeC
aEmeC
pXBn,pXBn,aEmeC,aEmeC,aEmeC
aEmeC
aEmeC
pXBn
pXBn
aEmeC,pXBn,pXBn,aEmeC,aEmeC,VkVCKtuDPL,pXBn
aEmeC,pXBn,pXBn,aEmeC,aEmeC,VkVCKtuDPL,pXBn
pXBn
pXBn
pXBn
VkVCKtuDPL
pXBn
aEmeC
pXBn,aEmeC,pXBn,aEmeC,aEmeC,VkVCKtuDPL,pXBn
aEmeC
aEmeC
aEmeC
VkVCKtuDPL
VkVCKtuDPL
VkVCKtuDPL
VkVCKtuDPL,aEmeC,pXBn,aEmeC,aEmeC,pXBn,pXBn,pXBn
VkVCKtuDPL,aEmeC,pXBn,aEmeC,aEmeC,pXBn,pXBn,pXBn
VkVCKtuDPL
VkVCKtuDPL
aEmeC
VkVCKtuDPL,aEmeC,pXBn,aEmeC,aEmeC,pXBn,pXBn,pXBn
pXBn
pXBn
aEmeC,pXBn,VkVCKtuDPL,aEmeC,aEmeC,pXBn,pXBn,pXBn,aEmeC
aEmeC,pXBn,VkVCKtuDPL,aEmeC,aEmeC,pXBn,pXBn,pXBn,aEmeC
aEmeC,pXBn,VkVCKtuDPL,aEmeC,aEmeC,pXBn,pXBn,pXBn,aEmeC
VkVCKtuDPL
VkVCKtuDPL
pXBn,VkVCKtuDPL,aEmeC,aEmeC,aEmeC,pXBn,pXBn,pXBn,aEmeC
aEmeC
aEmeC,pXBn,VkVCKtuDPL,aEmeC,aEmeC,pXBn,pXBn,pXBn,aEmeC
VkVCKtuDPL
VkVCKtuDPL
VkVCKtuDPL
aEmeC,VkVCKtuDPL,aEmeC,aEmeC,pXBn,pXBn,pXBn,aEmeC
VkVCKtuDPL
VkVCKtuDPL
aEmeC,pXBn,VkVCKtuDPL,aEmeC,aEmeC,pXBn,pXBn,pXBn,aEmeC
VkVCKtuDPL
aEmeC,VkVCKtuDPL,pXBn,aEmeC,aEmeC,pXBn,pXBn,pXBn,aEmeC
aEmeC,pXBn,aEmeC,aEmeC,pXBn,pXBn,pXBn,aEmeC,aEmeC
pXBn
pXBn
VkVCKtuDPL,aEmeC,aEmeC,aEmeC,pXBn,pXBn,pXBn,aEmeC,VkVCKtuDPL
VkVCKtuDPL
aEmeC,pXBn,VkVCKtuDPL,aEmeC,aEmeC,pXBn,pXBn,pXBn,aEmeC,pXBn
aEmeC,aEmeC,aEmeC,pXBn,pXBn,pXBn,aEmeC,pXBn,DRoUGIKRf
aEmeC,aEmeC,aEmeC,pXBn,pXBn,pXBn,aEmeC,pXBn,DRoUGIKRf
aEmeC
aEmeC
aEmeC
aEmeC,aEmeC,aEmeC,pXBn,pXBn,pXBn,aEmeC,pXBn,DRoUGIKRf,DRoUGIKRf,pXBn
aEmeC,aEmeC,pXBn,pXBn,pXBn,aEmeC,pXBn,DRoUGIKRf,DRoUGIKRf,pXBn,aEmeC,aEmeC,DRoUGIKRf
pXBn
pXBn
aEmeC,aEmeC,pXBn,pXBn,pXBn,aEmeC,pXBn,DRoUGIKRf,DRoUGIKRf,pXBn,aEmeC,aEmeC,DRoUGIKRf,pXBn,VkVCKtuDPL
pXBn,pXBn,pXBn,aEmeC,pXBn,DRoUGIKRf,DRoUGIKRf,pXBn,aEmeC,aEmeC,DRoUGIKRf,pXBn,DRoUGIKRf
pXBn
pXBn,DRoUGIKRf,pXBn,pXBn,aEmeC,pXBn,DRoUGIKRf,pXBn,aEmeC,aEmeC,DRoUGIKRf,pXBn,DRoUGIKRf
pXBn,DRoUGIKRf,pXBn,pXBn,aEmeC,pXBn,DRoUGIKRf,pXBn,aEmeC,aEmeC,DRoUGIKRf,pXBn,DRoUGIKRf
pXBn,DRoUGIKRf,pXBn,pXBn,aEmeC,pXBn,DRoUGIKRf,pXBn,aEmeC,aEmeC,DRoUGIKRf,pXBn,DRoUGIKRf,pXBn
pXBn,pXBn,pXBn,aEmeC,pXBn,DRoUGIKRf,pXBn,aEmeC,aEmeC,DRoUGIKRf,pXBn,DRoUGIKRf,pXBn,pXBn
pXBn,pXBn,pXBn,aEmeC,pXBn,DRoUGIKRf,pXBn,aEmeC,aEmeC,DRoUGIKRf,pXBn,DRoUGIKRf,pXBn,pXBn
pXBn
pXBn,pXBn,pXBn,aEmeC,pXBn,pXBn,aEmeC,aEmeC,DRoUGIKRf,pXBn,DRoUGIKRf,pXBn,pXBn,aEmeC,DRoUGIKRf
pXBn
pXBn,pXBn,pXBn,aEmeC,pXBn,pXBn,aEmeC,aEmeC,DRoUGIKRf,pXBn,DRoUGIKRf,pXBn,pXBn,aEmeC,DRoUGIKRf
pXBn,pXBn,pXBn,aEmeC,pXBn,DRoUGIKRf,pXBn,aEmeC,aEmeC,DRoUGIKRf,pXBn,DRoUGIKRf,pXBn,pXBn
pXBn,pXBn,pXBn,aEmeC,pXBn,pXBn,aEmeC,aEmeC,DRoUGIKRf,pXBn,DRoUGIKRf,pXBn,pXBn,aEmeC
pXBn
DRoUGIKRf
pXBn
pXBn,pXBn,pXBn,aEmeC,pXBn,DRoUGIKRf,pXBn,aEmeC,aEmeC,DRoUGIKRf,pXBn,DRoUGIKRf,pXBn,pXBn
pXBn
pXBn
pXBn,pXBn,aEmeC,pXBn,pXBn,pXBn,aEmeC,aEmeC,DRoUGIKRf,pXBn,DRoUGIKRf,pXBn,pXBn
pXBn
pXBn
aEmeC
aEmeC
pXBn
pXBn
pXBn
pXBn
pXBn,pXBn,pXBn,aEmeC,pXBn,pXBn,aEmeC,aEmeC,DRoUGIKRf,pXBn,DRoUGIKRf,pXBn,pXBn,aEmeC,pXBn
pXBn,pXBn,pXBn,aEmeC,pXBn,pXBn,aEmeC,aEmeC,DRoUGIKRf,pXBn,DRoUGIKRf,pXBn,pXBn,aEmeC,pXBn
pXBn,pXBn,pXBn,aEmeC,pXBn,pXBn,aEmeC,aEmeC,DRoUGIKRf,pXBn,DRoUGIKRf,pXBn,pXBn,aEmeC,pXBn
pXBn,pXBn,pXBn,aEmeC,pXBn,pXBn,aEmeC,aEmeC,DRoUGIKRf,pXBn,DRoUGIKRf,pXBn,pXBn,aEmeC,pXBn
pXBn,pXBn,aEmeC,pXBn,pXBn,aEmeC,aEmeC,DRoUGIKRf,pXBn,DRoUGIKRf,pXBn,pXBn,aEmeC,pXBn
DRoUGIKRf
pXBn,pXBn,aEmeC,pXBn,pXBn,aEmeC,aEmeC,DRoUGIKRf,pXBn,DRoUGIKRf,pXBn,pXBn,aEmeC,pXBn
pXBn,pXBn,aEmeC,pXBn,pXBn,aEmeC,aEmeC,DRoUGIKRf,pXBn,DRoUGIKRf,pXBn,pXBn,aEmeC,pXBn
DRoUGIKRf
DRoUGIKRf
DRoUGIKRf
DRoUGIKRf
DRoUGIKRf
pXBn,pXBn,pXBn,aEmeC,pXBn,pXBn,aEmeC,aEmeC,DRoUGIKRf,pXBn,DRoUGIKRf,pXBn,pXBn,aEmeC,pXBn
pXBn,pXBn,pXBn,aEmeC,pXBn,pXBn,aEmeC,aEmeC,DRoUGIKRf,pXBn,DRoUGIKRf,pXBn,pXBn,aEmeC,pXBn
pXBn,pXBn,pXBn,aEmeC,pXBn,pXBn,aEmeC,aEmeC,DRoUGIKRf,pXBn,DRoUGIKRf,pXBn,pXBn,aEmeC,pXBn,VkVCKtuDPL,pXBn
pXBn,pXBn,pXBn,aEmeC,pXBn,pXBn,aEmeC,aEmeC,DRoUGIKRf,pXBn,DRoUGIKRf,pXBn,pXBn,aEmeC,pXBn
DRoUGIKRf
pXBn,pXBn,pXBn,aEmeC,pXBn,pXBn,aEmeC,aEmeC,DRoUGIKRf,pXBn,DRoUGIKRf,pXBn,pXBn,aEmeC,pXBn,DRoUGIKRf
pXBn,pXBn,pXBn,aEmeC,pXBn,pXBn,aEmeC,aEmeC,DRoUGIKRf,pXBn,DRoUGIKRf,pXBn,pXBn,aEmeC,pXBn
DRoUGIKRf
pXBn,pXBn,pXBn,aEmeC,pXBn,pXBn,aEmeC,aEmeC,DRoUGIKRf,pXBn,DRoUGIKRf,pXBn,pXBn,aEmeC,pXBn
pXBn,pXBn,aEmeC,pXBn,pXBn,aEmeC,aEmeC,pXBn,VkVCKtuDPL,DRoUGIKRf,pXBn,DRoUGIKRf,pXBn,pXBn,aEmeC,pXBn,pXBn
pXBn,pXBn,pXBn,aEmeC,pXBn,pXBn,aEmeC,aEmeC,DRoUGIKRf,pXBn,DRoUGIKRf,pXBn,pXBn,aEmeC,pXBn,VkVCKtuDPL
DRoUGIKRf
pXBn,pXBn,pXBn,aEmeC,pXBn,pXBn,aEmeC,aEmeC,DRoUGIKRf,pXBn,DRoUGIKRf,pXBn,pXBn,aEmeC,pXBn,DRoUGIKRf
pXBn,pXBn,pXBn,aEmeC,pXBn,pXBn,aEmeC,aEmeC,DRoUGIKRf,pXBn,DRoUGIKRf,pXBn,pXBn,aEmeC,pXBn
pXBn
pXBn,pXBn,pXBn,aEmeC,pXBn,pXBn,aEmeC,aEmeC,DRoUGIKRf,pXBn,DRoUGIKRf,pXBn,pXBn,aEmeC,pXBn,pXBn
DRoUGIKRf
pXBn,pXBn,pXBn,aEmeC,pXBn,pXBn,aEmeC,aEmeC,DRoUGIKRf,pXBn,DRoUGIKRf,pXBn,pXBn,aEmeC,pXBn,pXBn,VkVCKtuDPL
DRoUGIKRf
DRoUGIKRf
pXBn
pXBn,pXBn,aEmeC,pXBn,pXBn,aEmeC,aEmeC,DRoUGIKRf,pXBn,DRoUGIKRf,pXBn,pXBn,pXBn,aEmeC,pXBn,pXBn,VkVCKtuDPL
pXBn
DRoUGIKRf
aEmeC
pXBn,pXBn,aEmeC,pXBn,pXBn,aEmeC,aEmeC,pXBn,DRoUGIKRf,pXBn,DRoUGIKRf,pXBn,pXBn,aEmeC,pXBn,pXBn,VkVCKtuDPL,pXBn,aEmeC
aEmeC
pXBn,pXBn,pXBn,pXBn,aEmeC,pXBn,DRoUGIKRf,pXBn,DRoUGIKRf,pXBn,pXBn,aEmeC,aEmeC,pXBn,pXBn,VkVCKtuDPL,pXBn,aEmeC
aEmeC
pXBn,pXBn,pXBn,pXBn,aEmeC,pXBn,pXBn,DRoUGIKRf,pXBn,pXBn,aEmeC,VkVCKtuDPL,aEmeC,pXBn,pXBn,pXBn,aEmeC,DRoUGIKRf,pXBn
pXBn,pXBn,pXBn,pXBn,aEmeC,pXBn,DRoUGIKRf,pXBn,DRoUGIKRf,pXBn,pXBn,aEmeC,aEmeC,pXBn,pXBn,VkVCKtuDPL,pXBn,aEmeC
pXBn,pXBn,pXBn,pXBn,aEmeC,pXBn,DRoUGIKRf,pXBn,DRoUGIKRf,pXBn,pXBn,aEmeC,aEmeC,pXBn,pXBn,VkVCKtuDPL,pXBn,aEmeC
aEmeC
pXBn
pXBn,pXBn,pXBn,pXBn,aEmeC,pXBn,DRoUGIKRf,pXBn,DRoUGIKRf,pXBn,pXBn,aEmeC,aEmeC,pXBn,pXBn,pXBn,aEmeC,aEmeC
DRoUGIKRf
DRoUGIKRf
pXBn,pXBn,pXBn,pXBn,aEmeC,pXBn,pXBn,DRoUGIKRf,pXBn,pXBn,aEmeC,aEmeC,pXBn,DRoUGIKRf,pXBn,pXBn,aEmeC,aEmeC
VkVCKtuDPL
pXBn
aEmeC
pXBn,pXBn,pXBn,pXBn,pXBn,aEmeC,aEmeC,VkVCKtuDPL,pXBn,pXBn,aEmeC,pXBn,pXBn,pXBn,aEmeC,pXBn,DRoUGIKRf
pXBn,pXBn,pXBn,pXBn,pXBn,aEmeC,aEmeC,VkVCKtuDPL,pXBn,pXBn,aEmeC,pXBn,pXBn,pXBn,aEmeC,pXBn,DRoUGIKRf
pXBn,pXBn,pXBn,pXBn,pXBn,aEmeC,aEmeC,VkVCKtuDPL,pXBn,pXBn,aEmeC,pXBn,pXBn,pXBn,aEmeC,pXBn,DRoUGIKRf
pXBn
pXBn
pXBn,pXBn,pXBn,pXBn,pXBn,aEmeC,VkVCKtuDPL,pXBn,pXBn,aEmeC,pXBn,pXBn,pXBn,aEmeC,pXBn
aEmeC
pXBn,pXBn,pXBn,pXBn,pXBn,VkVCKtuDPL,pXBn,pXBn,aEmeC,pXBn,pXBn,pXBn,aEmeC,aEmeC,pXBn,DRoUGIKRf
pXBn,pXBn,pXBn,pXBn,VkVCKtuDPL,pXBn,pXBn,pXBn,pXBn,pXBn,aEmeC,aEmeC,aEmeC,pXBn,DRoUGIKRf
aEmeC
aEmeC
pXBn,pXBn,pXBn,aEmeC,pXBn,pXBn,aEmeC,pXBn,pXBn,pXBn,aEmeC,pXBn,aEmeC,aEmeC,VkVCKtuDPL
aEmeC
pXBn
pXBn,pXBn,aEmeC,pXBn,pXBn,aEmeC,pXBn,pXBn,pXBn,VkVCKtuDPL,aEmeC,pXBn,pXBn,aEmeC,aEmeC
pXBn,pXBn,pXBn,pXBn,aEmeC,pXBn,pXBn,pXBn,VkVCKtuDPL,aEmeC,pXBn,aEmeC,pXBn,aEmeC,aEmeC
aEmeC
pXBn,pXBn,pXBn,aEmeC,pXBn,pXBn,pXBn,VkVCKtuDPL,aEmeC,pXBn,aEmeC,pXBn,pXBn,aEmeC,aEmeC
pXBn,pXBn,pXBn,aEmeC,pXBn,pXBn,pXBn,VkVCKtuDPL,aEmeC,pXBn,aEmeC,pXBn,pXBn,aEmeC,aEmeC
pXBn,pXBn,pXBn,aEmeC,pXBn,pXBn,pXBn,VkVCKtuDPL,aEmeC,pXBn,aEmeC,pXBn,pXBn,aEmeC,aEmeC,DRoUGIKRf
aEmeC
pXBn,pXBn,aEmeC,pXBn,pXBn,pXBn,aEmeC,pXBn,aEmeC,pXBn,pXBn,aEmeC,aEmeC,pXBn,DRoUGIKRf
pXBn,pXBn,aEmeC,pXBn,pXBn,pXBn,aEmeC,pXBn,aEmeC,pXBn,pXBn,aEmeC,aEmeC,pXBn,DRoUGIKRf
aEmeC
aEmeC
pXBn,pXBn,pXBn,pXBn,pXBn,pXBn,pXBn,pXBn,aEmeC,aEmeC,aEmeC,aEmeC,aEmeC,pXBn,pXBn,VkVCKtuDPL
pXBn,pXBn,pXBn,pXBn,pXBn,pXBn,pXBn,pXBn,aEmeC,aEmeC,aEmeC,aEmeC,aEmeC,pXBn,pXBn,VkVCKtuDPL
pXBn,pXBn,pXBn,pXBn,pXBn,pXBn,pXBn,pXBn,aEmeC,aEmeC,aEmeC,aEmeC,aEmeC,pXBn,pXBn,VkVCKtuDPL,VkVCKtuDPL,pXBn
aEmeC
pXBn,pXBn,pXBn,pXBn,pXBn,pXBn,pXBn,pXBn,aEmeC,VkVCKtuDPL,aEmeC,aEmeC,pXBn
aEmeC
aEmeC
DRoUGIKRf
aEmeC
aEmeC
pXBn,pXBn,pXBn,pXBn,pXBn,pXBn,aEmeC,pXBn,pXBn,aEmeC,VkVCKtuDPL,aEmeC,aEmeC,DRoUGIKRf,aEmeC,aEmeC,VkVCKtuDPL
VkVCKtuDPL
VkVCKtuDPL
pXBn,pXBn,pXBn,pXBn,pXBn,VkVCKtuDPL,aEmeC,aEmeC,aEmeC,aEmeC,VkVCKtuDPL,aEmeC,DRoUGIKRf
pXBn,pXBn,pXBn,pXBn,pXBn,VkVCKtuDPL,aEmeC,aEmeC,aEmeC,aEmeC,VkVCKtuDPL,aEmeC,DRoUGIKRf
VkVCKtuDPL
Jedi Wagner, assuma o comando!