Toque! Toque, Dijê!
Toque! Toque, Dijê!
Toque! Toque, Dijê!
WxtTQukExA
WxtTQukExA
[vazia]
Toque! Toque, Dijê!
GF
GF
GF
GF
GF,WxtTQukExA,GF,v
GF
GF
GF,WxtTQukExA,GF
GF,WxtTQukExA,GF
GF,WxtTQukExA,GF
GF
GF,WxtTQukExA,GF
WxtTQukExA
GF,GF
GF,GF
GF,GF,GF
GF,GF,GF
GF
GF
GF,GF,GF,WxtTQukExA
GF
GF,GF,GF,WxtTQukExA,aq,v
WxtTQukExA
GF,GF,GF,WxtTQukExA,aq,v
GF,GF,GF,aq,v,xt,v
GF,GF,GF,aq,v,xt,v
GF,GF,GF,WxtTQukExA,aq,v
WxtTQukExA
WxtTQukExA
GF,GF,GF,aq,v,xt,WxtTQukExA,NKygssd
xt
xt
GF,GF,GF,aq,v,xt,NKygssd,v
v
GF,GF,GF,aq,WxtTQukExA
GF,GF,GF,aq,WxtTQukExA
GF,GF,GF,aq,WxtTQukExA
GF
GF
Jedi Wagner, assuma o comando!