Toque! Toque, Dijê!
BYmPw
BYmPw
BYmPw
BYmPw,BYmPw
BYmPw
BYmPw
BYmPw
BYmPw,BYmPw,X
BYmPw,BYmPw,X
BYmPw
BYmPw
BYmPw
BYmPw
BYmPw
BYmPw
BYmPw
BYmPw
JSzRBrsOq
GkvUnnhe
GkvUnnhe
GkvUnnhe
GkvUnnhe
BYmPw
BYmPw
JSzRBrsOq
JSzRBrsOq
GkvUnnhe
JSzRBrsOq
BYmPw,GkvUnnhe,JSzRBrsOq,GkvUnnhe,okFQBu,JSzRBrsOq
BYmPw
BYmPw,GkvUnnhe,JSzRBrsOq,GkvUnnhe,okFQBu,JSzRBrsOq
BYmPw,GkvUnnhe,GkvUnnhe,okFQBu,JSzRBrsOq
BYmPw
BYmPw
BYmPw
BYmPw
GkvUnnhe
JSzRBrsOq
JSzRBrsOq
X
X
X
X,KnhPbA,JSzRBrsOq,X,X,GkvUnnhe,BYmPw
X
X,KnhPbA,JSzRBrsOq,X
X,KnhPbA,JSzRBrsOq,X
X,KnhPbA,JSzRBrsOq,X
X,KnhPbA,JSzRBrsOq,X
X,KnhPbA,JSzRBrsOq,X
X,KnhPbA,JSzRBrsOq,X,JhrLSFN
X,KnhPbA,JSzRBrsOq,X,JhrLSFN
JhrLSFN
KnhPbA
JSzRBrsOq
KnhPbA,X,JSzRBrsOq,JSzRBrsOq
JSzRBrsOq
JSzRBrsOq
KnhPbA,X,JSzRBrsOq,JSzRBrsOq,JSzRBrsOq
X
X,KnhPbA,JSzRBrsOq,X
X
X
X
X
KnhPbA,JSzRBrsOq,X,X
KnhPbA,JSzRBrsOq,X,X
X
X
KnhPbA,JSzRBrsOq,X,X,GkvUnnhe
X
X
JSzRBrsOq,X,GwsaKVTcei,KnhPbA
JSzRBrsOq,X,GwsaKVTcei,KnhPbA
KnhPbA,JSzRBrsOq,X,GwsaKVTcei
KnhPbA,JSzRBrsOq,X
KnhPbA,JSzRBrsOq,X
KnhPbA,JSzRBrsOq,X
KnhPbA,JSzRBrsOq,X
KnhPbA
JSzRBrsOq
X
KnhPbA,X,JhrLSFN
KnhPbA,X,JhrLSFN
X
KnhPbA,X,JhrLSFN,BYmPw
X
X
KnhPbA,X,JhrLSFN,BYmPw
KnhPbA,X,JhrLSFN,BYmPw
JhrLSFN
KnhPbA,X,JhrLSFN,BYmPw,GkvUnnhe
KnhPbA,X,JhrLSFN,BYmPw,GkvUnnhe
X,JhrLSFN,KnhPbA,BYmPw,GkvUnnhe,JSzRBrsOq
GkvUnnhe
BYmPw
X,GkvUnnhe,BYmPw
JhrLSFN,GkvUnnhe,X,BYmPw
Jedi Wagner, assuma o comando!