NUGh,YT
Toque! Toque, Dijê!
Toque! Toque, Dijê!
[vazia]
Toque! Toque, Dijê!
[vazia]
x
x,VyUeyzWDO
x
x,VyUeyzWDO
x,VyUeyzWDO,x
x
x,VyUeyzWDO,x,NUGh,x
x
x
VyUeyzWDO,x,x,NUGh,wG
VyUeyzWDO,x,x,NUGh,wG
NUGh
NUGh
x,VyUeyzWDO,x,LVkqHsdiI,NUGh,YT,YT
x,VyUeyzWDO,x,LVkqHsdiI,NUGh,YT,YT
x,VyUeyzWDO,x,LVkqHsdiI,NUGh,YT,YT
NUGh
VyUeyzWDO,x,LVkqHsdiI,YT,NUGh,YT
VyUeyzWDO,x,LVkqHsdiI,YT,YT,YT
YT
NUGh
NUGh
x,VyUeyzWDO,x,LVkqHsdiI,NUGh,YT,YT
x,VyUeyzWDO,x,LVkqHsdiI,NUGh,YT,YT
VyUeyzWDO,x,LVkqHsdiI,NUGh,YT,YT
x,x,LVkqHsdiI,NUGh,YT,YT
YT
x,LVkqHsdiI,YT,YT
x,LVkqHsdiI,YT,YT,LVkqHsdiI,x,LVkqHsdiI
x,YT,YT,x,LVkqHsdiI
YT
x,VyUeyzWDO,x,LVkqHsdiI,NUGh,YT,YT,LVkqHsdiI
NUGh
x,VyUeyzWDO,x,LVkqHsdiI,NUGh,YT,YT,LVkqHsdiI,x
NUGh
NUGh
NUGh
VyUeyzWDO,x,LVkqHsdiI,NUGh,YT,LVkqHsdiI,x,NUGh
NUGh,LVkqHsdiI,LVkqHsdiI,YT,x,NUGh,NUGh,NUGh,YT,YT,NUGh
x,NUGh,LVkqHsdiI,LVkqHsdiI,YT,x,NUGh,NUGh,NUGh,YT
NUGh
NUGh
x,NUGh,LVkqHsdiI,LVkqHsdiI,YT,x,NUGh,NUGh,NUGh,YT
NUGh
NUGh
NUGh
x,NUGh,LVkqHsdiI,LVkqHsdiI,x,NUGh,NUGh,NUGh,YT,VyUeyzWDO,YT,VyUeyzWDO
NUGh
x,NUGh,LVkqHsdiI,x,NUGh,NUGh,NUGh,YT,VyUeyzWDO,YT,VyUeyzWDO,VyUeyzWDO,LVkqHsdiI
x,NUGh,LVkqHsdiI,x,NUGh,NUGh,NUGh,YT,VyUeyzWDO,YT,VyUeyzWDO,VyUeyzWDO,LVkqHsdiI
NUGh,LVkqHsdiI,YT,x,NUGh,NUGh,NUGh,YT
NUGh,LVkqHsdiI,YT,x,NUGh,NUGh,NUGh,YT
LVkqHsdiI,YT,x,NUGh,NUGh,NUGh,NUGh,YT
x,NUGh,LVkqHsdiI,LVkqHsdiI,YT,x,NUGh,NUGh,NUGh,YT
NUGh
NUGh
x,NUGh,LVkqHsdiI,LVkqHsdiI,x,NUGh,NUGh,YT,NUGh,YT,YT,YT
x,NUGh,LVkqHsdiI,LVkqHsdiI,YT,x,NUGh,NUGh,NUGh,YT
x,NUGh,LVkqHsdiI,x,NUGh,NUGh,NUGh,YT,wG,wG
x,NUGh,YT,x,NUGh,NUGh,NUGh,LVkqHsdiI,YT,wG,LVkqHsdiI
LVkqHsdiI
YT,x,NUGh,NUGh,NUGh,LVkqHsdiI,YT,wG,LVkqHsdiI,LVkqHsdiI,NUGh
x,NUGh,LVkqHsdiI,YT,x,NUGh,NUGh,NUGh,YT,wG
NUGh
NUGh
NUGh
YT
x,NUGh,LVkqHsdiI,x,NUGh,NUGh,YT,NUGh,LVkqHsdiI,VyUeyzWDO
x
NUGh,LVkqHsdiI,NUGh,NUGh,YT,x,NUGh,LVkqHsdiI
NUGh
LVkqHsdiI,NUGh,YT,x,NUGh,NUGh,LVkqHsdiI
Jedi Wagner, assuma o comando!