Toque! Toque, Dijê!
Toque! Toque, Dijê!
[vazia]
Toque! Toque, Dijê!
Toque! Toque, Dijê!
Toque! Toque, Dijê!
caBG
caBG
caBG
caBG
caBG
caBG
caBG
caBG
caBG
caBG
caBG
caBG
caBG
AieBQXutq
AieBQXutq
AieBQXutq
AieBQXutq,caBG,bo,bo
caBG
caBG
bo,AieBQXutq
bo,AieBQXutq
caBG
AieBQXutq,caBG,bo
caBG,caBG,bo
AieBQXutq,caBG,caBG,bo
caBG
bo
AieBQXutq
AieBQXutq,AieBQXutq
AieBQXutq
caBG,AieBQXutq,AieBQXutq,AieBQXutq
caBG,bo,AieBQXutq,AieBQXutq
caBG,bo,AieBQXutq,AieBQXutq
bo,AieBQXutq,AieBQXutq
caBG,bo,AieBQXutq,AieBQXutq
bo
caBG,bo,AieBQXutq,AieBQXutq
AieBQXutq
bo
Jedi Wagner, assuma o comando!