[vazia]
[vazia]
Toque! Toque, Dijê!
Toque! Toque, Dijê!
[vazia]
Toque! Toque, Dijê!
Toque! Toque, Dijê!
Toque! Toque, Dijê!
Toque! Toque, Dijê!
Toque! Toque, Dijê!
[vazia]
Toque! Toque, Dijê!
Op
Op
Op
Op
D
Op,MUOlzv,D,g,LvfzvgU
D
D
D
Op,MUOlzv,D,g,LvfzvgU
Op,MUOlzv,D,g,LvfzvgU
LvfzvgU
Op,MUOlzv,D,g,LvfzvgU
LvfzvgU
MUOlzv,D,g,LvfzvgU,Op,Op,crDGdXeqd,D
MUOlzv,D,g,LvfzvgU,Op,Op,crDGdXeqd,D
MUOlzv,D,g,LvfzvgU,Op,Op,crDGdXeqd,D
MUOlzv,D,g,LvfzvgU,Op,Op,crDGdXeqd,D
D
D
MUOlzv,D,g,Op,Op,crDGdXeqd,D
D
FXiVJBGLFx
MUOlzv,D,g,Op,Op,crDGdXeqd,D,FXiVJBGLFx
MUOlzv,D,g,Op,Op,crDGdXeqd,D,FXiVJBGLFx
FXiVJBGLFx
MUOlzv,D,g,Op,crDGdXeqd,D,FXiVJBGLFx
FXiVJBGLFx
MUOlzv,D,g,Op,Op,crDGdXeqd,D,FXiVJBGLFx
MUOlzv
g,MUOlzv,D,Op,Op,crDGdXeqd,D,FXiVJBGLFx,MUOlzv
MUOlzv,D,g,Op,Op,crDGdXeqd,D,FXiVJBGLFx
MUOlzv,D,g,Op,Op,crDGdXeqd,D,FXiVJBGLFx
MUOlzv,D,g,Op,Op,crDGdXeqd,D,FXiVJBGLFx
MUOlzv
MUOlzv,D,g,Op,crDGdXeqd,D,FXiVJBGLFx
D,MUOlzv,g,Op,crDGdXeqd,D,FXiVJBGLFx
D,g,Op,crDGdXeqd,D,FXiVJBGLFx
g
D,g,Op,crDGdXeqd,D,FXiVJBGLFx,Kqgjjifpy
D
MUOlzv,FXiVJBGLFx,D,g,Op,crDGdXeqd,D,MUOlzv,g
D
D,FXiVJBGLFx,g,Op,crDGdXeqd,D,MUOlzv,g,kzBnt
crDGdXeqd
crDGdXeqd,D,FXiVJBGLFx,g,D,MUOlzv,g,kzBnt
crDGdXeqd,D,FXiVJBGLFx,g,D,MUOlzv,g,kzBnt
crDGdXeqd,D,g,FXiVJBGLFx,D,MUOlzv,g,kzBnt
crDGdXeqd,D,g,FXiVJBGLFx,D,MUOlzv,g,kzBnt,MUOlzv
crDGdXeqd,D,g,MUOlzv,FXiVJBGLFx,D,g,kzBnt,MUOlzv
MUOlzv
crDGdXeqd,D,g,MUOlzv,FXiVJBGLFx,D,g,MUOlzv,Kqgjjifpy
MUOlzv
MUOlzv
crDGdXeqd,D,g,kzBnt,MUOlzv,FXiVJBGLFx,D,g,MUOlzv,Kqgjjifpy
kzBnt
kzBnt
crDGdXeqd,D,g,kzBnt,MUOlzv,FXiVJBGLFx,D,g,MUOlzv,Kqgjjifpy,crDGdXeqd
crDGdXeqd,D,g,MUOlzv,FXiVJBGLFx,D,g,kzBnt,MUOlzv,Kqgjjifpy
crDGdXeqd,D,g,MUOlzv,FXiVJBGLFx,D,g,kzBnt,MUOlzv,Kqgjjifpy,crDGdXeqd
crDGdXeqd,D,g,MUOlzv,FXiVJBGLFx,D,g,MUOlzv,Kqgjjifpy,crDGdXeqd
crDGdXeqd,D,g,MUOlzv,D,g,MUOlzv,crDGdXeqd,Kqgjjifpy,kzBnt,kzBnt,Op
D
FXiVJBGLFx
crDGdXeqd,D,g,MUOlzv,D,g,MUOlzv,crDGdXeqd,kzBnt,kzBnt
D
crDGdXeqd,D,g,MUOlzv,D,g,MUOlzv,crDGdXeqd,kzBnt,kzBnt
D
crDGdXeqd,D,MUOlzv,D,g,g,MUOlzv,crDGdXeqd,kzBnt,kzBnt
crDGdXeqd,D,MUOlzv,D,g,g,MUOlzv,crDGdXeqd,kzBnt,kzBnt
D,MUOlzv,D,kzBnt,g,crDGdXeqd,g,MUOlzv,crDGdXeqd,kzBnt,D,crDGdXeqd
D,MUOlzv,D,g,crDGdXeqd,g,MUOlzv,crDGdXeqd,kzBnt,D,crDGdXeqd,FXiVJBGLFx
crDGdXeqd
D,MUOlzv,D,kzBnt,crDGdXeqd,g,MUOlzv,crDGdXeqd,kzBnt,D,crDGdXeqd,D,g,kzBnt,crDGdXeqd
D,MUOlzv,D,kzBnt,crDGdXeqd,g,MUOlzv,crDGdXeqd,kzBnt,D,crDGdXeqd,D,g,kzBnt,crDGdXeqd
D,MUOlzv,D,kzBnt,crDGdXeqd,g,MUOlzv,crDGdXeqd,kzBnt,D,crDGdXeqd,D,g,kzBnt,crDGdXeqd
D,MUOlzv,D,kzBnt,crDGdXeqd,g,MUOlzv,crDGdXeqd,kzBnt,D,crDGdXeqd,D,g,kzBnt,crDGdXeqd,FXiVJBGLFx
D,MUOlzv,D,kzBnt,g,crDGdXeqd,g,MUOlzv,crDGdXeqd,kzBnt,D,crDGdXeqd
g
D,MUOlzv,D,kzBnt,g,crDGdXeqd,g,MUOlzv,crDGdXeqd,kzBnt,D,crDGdXeqd,h
D,MUOlzv,D,kzBnt,g,crDGdXeqd,g,MUOlzv,crDGdXeqd,kzBnt,D,crDGdXeqd,h
D,MUOlzv,D,kzBnt,g,crDGdXeqd,g,MUOlzv,crDGdXeqd,kzBnt,D,crDGdXeqd,h
D,MUOlzv,D,kzBnt,g,crDGdXeqd,g,MUOlzv,crDGdXeqd,kzBnt,D,crDGdXeqd,g
D,MUOlzv,D,kzBnt,g,crDGdXeqd,g,MUOlzv,crDGdXeqd,kzBnt,D,crDGdXeqd,h,g
g
D,MUOlzv,D,kzBnt,g,crDGdXeqd,g,MUOlzv,crDGdXeqd,kzBnt,D,crDGdXeqd,kzBnt
MUOlzv,D,kzBnt,g,crDGdXeqd,g,MUOlzv,crDGdXeqd,kzBnt,D,crDGdXeqd,kzBnt
D,MUOlzv,D,kzBnt,g,crDGdXeqd,g,MUOlzv,crDGdXeqd,kzBnt,D,crDGdXeqd,kzBnt
D,D,kzBnt,g,MUOlzv,g,MUOlzv,crDGdXeqd,kzBnt,D,crDGdXeqd,kzBnt,crDGdXeqd,crDGdXeqd
MUOlzv
crDGdXeqd
crDGdXeqd
crDGdXeqd
D,D,kzBnt,MUOlzv,g,MUOlzv,crDGdXeqd,g,kzBnt,D,crDGdXeqd,kzBnt,crDGdXeqd,crDGdXeqd
g
g
g
D,D,kzBnt,MUOlzv,g,MUOlzv,crDGdXeqd,g,kzBnt,D,crDGdXeqd,kzBnt,crDGdXeqd,crDGdXeqd,FXiVJBGLFx
kzBnt
kzBnt
D,D,MUOlzv,kzBnt,D,crDGdXeqd,kzBnt,kzBnt,crDGdXeqd,crDGdXeqd,kzBnt,FXiVJBGLFx
D,D,MUOlzv,kzBnt,D,crDGdXeqd,kzBnt,kzBnt,crDGdXeqd,crDGdXeqd,crDGdXeqd,kzBnt,FXiVJBGLFx,Kqgjjifpy
crDGdXeqd
D,D,g,MUOlzv,crDGdXeqd,g,kzBnt,D,crDGdXeqd,kzBnt,kzBnt,crDGdXeqd,crDGdXeqd,kzBnt,Op,Kqgjjifpy
crDGdXeqd
kzBnt
Op
Op
Op
Op
Op
D,D,g,MUOlzv,crDGdXeqd,g,kzBnt,D,crDGdXeqd,kzBnt,kzBnt,crDGdXeqd,crDGdXeqd,kzBnt,Op,Kqgjjifpy,D
Op
Op
MUOlzv
MUOlzv
D,D,g,crDGdXeqd,g,kzBnt,D,crDGdXeqd,kzBnt,kzBnt,crDGdXeqd,crDGdXeqd,kzBnt,Op,MUOlzv,Kqgjjifpy,kzBnt
MUOlzv
MUOlzv
D,D,g,crDGdXeqd,g,kzBnt,D,crDGdXeqd,kzBnt,kzBnt,crDGdXeqd,crDGdXeqd,kzBnt,Op,MUOlzv,Kqgjjifpy,kzBnt
D,D,g,crDGdXeqd,g,kzBnt,D,crDGdXeqd,kzBnt,kzBnt,crDGdXeqd,crDGdXeqd,kzBnt,Op,MUOlzv,Kqgjjifpy,kzBnt
MUOlzv
Op
D,D,MUOlzv,crDGdXeqd,g,kzBnt,D,crDGdXeqd,kzBnt,kzBnt,crDGdXeqd,crDGdXeqd,kzBnt,Op,g,Kqgjjifpy
g
g
D,D,MUOlzv,crDGdXeqd,g,kzBnt,D,crDGdXeqd,kzBnt,kzBnt,crDGdXeqd,crDGdXeqd,kzBnt,g,Kqgjjifpy
Op
D,g,MUOlzv,g,kzBnt,D,crDGdXeqd,kzBnt,kzBnt,crDGdXeqd,crDGdXeqd,kzBnt,Op,crDGdXeqd,h
D,g,MUOlzv,g,kzBnt,D,crDGdXeqd,kzBnt,kzBnt,crDGdXeqd,crDGdXeqd,kzBnt,Op,crDGdXeqd,h,g
D,g,MUOlzv,crDGdXeqd,g,kzBnt,D,crDGdXeqd,kzBnt,kzBnt,crDGdXeqd,crDGdXeqd,kzBnt,Op,D,Kqgjjifpy
D,g,MUOlzv,crDGdXeqd,g,kzBnt,D,crDGdXeqd,kzBnt,kzBnt,crDGdXeqd,crDGdXeqd,kzBnt,Op,D,Kqgjjifpy
g
crDGdXeqd
g,MUOlzv,D,crDGdXeqd,g,kzBnt,D,crDGdXeqd,kzBnt,kzBnt,crDGdXeqd,crDGdXeqd,kzBnt,Op,D,Kqgjjifpy,crDGdXeqd
g,MUOlzv,D,crDGdXeqd,g,kzBnt,D,crDGdXeqd,kzBnt,kzBnt,crDGdXeqd,crDGdXeqd,kzBnt,Op,D,Kqgjjifpy,crDGdXeqd
g,MUOlzv,D,crDGdXeqd,g,kzBnt,D,crDGdXeqd,kzBnt,kzBnt,crDGdXeqd,crDGdXeqd,kzBnt,Op,D,Kqgjjifpy,crDGdXeqd
g,g,kzBnt,D,crDGdXeqd,kzBnt,kzBnt,MUOlzv,crDGdXeqd,crDGdXeqd,kzBnt,Op,D,crDGdXeqd,Kqgjjifpy,LvfzvgU,crDGdXeqd
g,g,kzBnt,D,crDGdXeqd,kzBnt,kzBnt,MUOlzv,crDGdXeqd,crDGdXeqd,kzBnt,Op,D,crDGdXeqd,Kqgjjifpy,LvfzvgU,crDGdXeqd
MUOlzv
MUOlzv
crDGdXeqd
g,crDGdXeqd,g,kzBnt,D,crDGdXeqd,kzBnt,kzBnt,MUOlzv,crDGdXeqd,crDGdXeqd,kzBnt,Op,D,crDGdXeqd,Kqgjjifpy,LvfzvgU,crDGdXeqd,h
crDGdXeqd
crDGdXeqd
crDGdXeqd
crDGdXeqd
crDGdXeqd
crDGdXeqd
crDGdXeqd
g,crDGdXeqd,g,kzBnt,D,crDGdXeqd,kzBnt,kzBnt,MUOlzv,crDGdXeqd,Op,crDGdXeqd,kzBnt,D,crDGdXeqd,Kqgjjifpy,LvfzvgU,crDGdXeqd,h,D
g,crDGdXeqd,g,kzBnt,D,crDGdXeqd,kzBnt,kzBnt,MUOlzv,crDGdXeqd,crDGdXeqd,kzBnt,Op,D,crDGdXeqd,Kqgjjifpy,LvfzvgU,crDGdXeqd,h
crDGdXeqd
crDGdXeqd
crDGdXeqd,g,kzBnt,crDGdXeqd,kzBnt,kzBnt,MUOlzv,crDGdXeqd,D,crDGdXeqd,kzBnt,D,crDGdXeqd,Kqgjjifpy,LvfzvgU,crDGdXeqd,h,LvfzvgU,g,D
kzBnt
crDGdXeqd,g,kzBnt,crDGdXeqd,kzBnt,kzBnt,MUOlzv,crDGdXeqd,D,crDGdXeqd,kzBnt,D,crDGdXeqd,Kqgjjifpy,LvfzvgU,crDGdXeqd,h,LvfzvgU
Jedi Wagner, assuma o comando!