u
u,emFzThg
u,emFzThg
u,emFzThg,r
u,emFzThg,r
emFzThg
emFzThg
emFzThg
u,emFzThg,r
emFzThg,r,u,emFzThg,lixHYqk
u,emFzThg
emFzThg
u,emFzThg
emFzThg
u,emFzThg
u,emFzThg
emFzThg
emFzThg
emFzThg,u
u
emFzThg,u,lixHYqk
u
u
u
lixHYqk
emFzThg
p
p
emFzThg,p,emFzThg,lixHYqk,u
emFzThg,u,lixHYqk
u
u
emFzThg,lixHYqk,u
lixHYqk
u,lixHYqk,u
u,lixHYqk,u
u,lixHYqk,u
u
u
u
u
emFzThg,u,lixHYqk
lixHYqk
emFzThg
emFzThg,u,lixHYqk
emFzThg
lixHYqk,r,emFzThg,u,p,p
emFzThg
u
u
r,emFzThg,u,p,p
emFzThg,u,r,p,p
u
emFzThg
lixHYqk,r,emFzThg,u,p,p
lixHYqk,r,emFzThg,u,p,p
u
lixHYqk,r,emFzThg,u,p,p
r,p,p,p,emFzThg
emFzThg
emFzThg
lixHYqk,emFzThg,p,p,p
lixHYqk,emFzThg,p,p
lixHYqk
lixHYqk
r
r
r
r
r
emFzThg
lixHYqk
lixHYqk
lixHYqk
lixHYqk,emFzThg,p,p,lixHYqk
p
p,lixHYqk,emFzThg,p,lixHYqk
p
p
p
p
r,emFzThg,p,lixHYqk,p
r
r
r
r
p,r,emFzThg,lixHYqk,p,emFzThg,lixHYqk
p
p
p
p,emFzThg,p,emFzThg,r,lixHYqk,p,r,u
r,p,lixHYqk,p
r
r
r,p,lixHYqk,p
r
emFzThg,r,p,lixHYqk,p
p
r
r
r,p,lixHYqk,p,lixHYqk
r,p,lixHYqk,p,lixHYqk
r,emFzThg,p,lixHYqk,p
r
p
r,emFzThg,p,lixHYqk,p,u,u
r,emFzThg,p,lixHYqk,p,u
r,emFzThg,p,lixHYqk,p,u
r,p,lixHYqk,emFzThg,p,u,emFzThg,lixHYqk
r,p,lixHYqk,emFzThg,p,u,emFzThg,lixHYqk
emFzThg
r,p,lixHYqk,emFzThg,p,u,emFzThg,lixHYqk
p,lixHYqk,p,u,emFzThg,lixHYqk,p
r,p,lixHYqk,emFzThg,p,u,emFzThg,lixHYqk
emFzThg
emFzThg
lixHYqk
r,p,lixHYqk,emFzThg,p,u,emFzThg,lixHYqk
r,p,lixHYqk,p,u,emFzThg,lixHYqk
p
p
p,p,emFzThg,lixHYqk,r
r,p,lixHYqk,p,u,emFzThg,lixHYqk
p
r,p,p,u,emFzThg,lixHYqk,emFzThg
r,p,p,u,emFzThg,lixHYqk,r
r,p,p,u,emFzThg,lixHYqk,r
r,p,u,p,emFzThg,lixHYqk,u
p
lixHYqk
lixHYqk
r,lixHYqk,emFzThg,p,u,u,emFzThg,r,r
lixHYqk
emFzThg
p
r,emFzThg,p,u,u,emFzThg,r,r
r,emFzThg,p,u,u,emFzThg,r,r,lixHYqk
r,emFzThg,p,u,u,emFzThg,r,r,lixHYqk
u
u
u
Jedi Wagner, assuma o comando!