Toque! Toque, Dijê!
bdahxDGFr
TMR
TMR
Toque! Toque, Dijê!
[vazia]
[vazia]
[vazia]
ELSbYb
ELSbYb
ELSbYb
[vazia]
[vazia]
Toque! Toque, Dijê!
[vazia]
Toque! Toque, Dijê!
[vazia]
[vazia]
HpZi
HpZi
[vazia]
Toque! Toque, Dijê!
bBkb,ELSbYb
bdahxDGFr
bdahxDGFr
Toque! Toque, Dijê!
Toque! Toque, Dijê!
Toque! Toque, Dijê!
ELSbYb
ELSbYb,ELSbYb
ELSbYb
ELSbYb,ELSbYb,mqZQq,lUW,gXMXNNFK
[vazia]
[vazia]
[vazia]
[vazia]
Toque! Toque, Dijê!
HpZi
HpZi
HpZi
HpZi
HpZi
HpZi
HpZi
HpZi
HpZi
YOjLUTPM
YOjLUTPM
YOjLUTPM
ELSbYb
Toque! Toque, Dijê!
ELSbYb
ELSbYb,YOjLUTPM,bBkb
YOjLUTPM,ELSbYb
YOjLUTPM,ELSbYb
YOjLUTPM
YOjLUTPM,ELSbYb
YOjLUTPM,ELSbYb
YOjLUTPM,ELSbYb
YOjLUTPM
YOjLUTPM
YOjLUTPM,ELSbYb
YOjLUTPM
YOjLUTPM
YOjLUTPM
YOjLUTPM,mqZQq
YOjLUTPM
YOjLUTPM,YOjLUTPM
YOjLUTPM,YOjLUTPM,ELSbYb
YOjLUTPM,YOjLUTPM,lUW
YOjLUTPM,YOjLUTPM,lUW
YOjLUTPM,YOjLUTPM,lUW
YOjLUTPM
YOjLUTPM,YOjLUTPM,lUW,bBkb
YOjLUTPM,YOjLUTPM,lUW,bBkb
YOjLUTPM,YOjLUTPM,lUW,bBkb
YOjLUTPM,YOjLUTPM,lUW,lUW
YOjLUTPM,YOjLUTPM,lUW,lUW
lUW
YOjLUTPM,YOjLUTPM,lUW,bBkb
YOjLUTPM,YOjLUTPM,lUW,bBkb
lUW
bBkb
bBkb
YOjLUTPM
YOjLUTPM
YOjLUTPM,YOjLUTPM,bBkb,YOjLUTPM,QxDfT
YOjLUTPM
QxDfT
YOjLUTPM,YOjLUTPM,lUW,bBkb,YOjLUTPM,QxDfT,lUW,HpZi
YOjLUTPM,YOjLUTPM,lUW,bBkb,YOjLUTPM,QxDfT,lUW
YOjLUTPM,YOjLUTPM,lUW,bBkb,YOjLUTPM,QxDfT,lUW,bdahxDGFr
YOjLUTPM,lUW,YOjLUTPM,bdahxDGFr,bBkb,QxDfT,lUW,mqZQq
YOjLUTPM,lUW,YOjLUTPM,bdahxDGFr,bBkb,QxDfT,lUW,mqZQq
bBkb
bBkb
bBkb
bBkb
bBkb
YOjLUTPM,lUW,YOjLUTPM,bdahxDGFr,bBkb,QxDfT,lUW,mqZQq
YOjLUTPM,YOjLUTPM,lUW,bBkb,YOjLUTPM,QxDfT,lUW
YOjLUTPM,YOjLUTPM,lUW,bBkb,YOjLUTPM,QxDfT,lUW
YOjLUTPM,YOjLUTPM,lUW,bBkb,YOjLUTPM,QxDfT,lUW
QxDfT
QxDfT
QxDfT
QxDfT
QxDfT
QxDfT
QxDfT
QxDfT
lUW
YOjLUTPM,YOjLUTPM,lUW,YOjLUTPM,QxDfT,lUW
YOjLUTPM,YOjLUTPM,lUW,YOjLUTPM,QxDfT,bBkb,lUW
YOjLUTPM,YOjLUTPM,lUW,YOjLUTPM,QxDfT,bBkb,lUW
YOjLUTPM,YOjLUTPM,lUW,YOjLUTPM,QxDfT,bBkb,lUW
QxDfT
QxDfT
YOjLUTPM,YOjLUTPM,lUW,bBkb,YOjLUTPM,QxDfT,lUW
QxDfT
QxDfT
YOjLUTPM,YOjLUTPM,lUW,bBkb,YOjLUTPM,QxDfT,lUW,lUW,QxDfT
QxDfT
YOjLUTPM,YOjLUTPM,lUW,bBkb,YOjLUTPM,QxDfT,lUW
QxDfT
QxDfT
QxDfT
QxDfT
QxDfT
YOjLUTPM,YOjLUTPM,lUW,bBkb,YOjLUTPM,QxDfT,lUW
YOjLUTPM,YOjLUTPM,lUW,bBkb,YOjLUTPM,QxDfT,lUW
YOjLUTPM,YOjLUTPM,lUW,bBkb,YOjLUTPM,QxDfT,lUW,QxDfT
YOjLUTPM,lUW,bBkb,YOjLUTPM,QxDfT,YOjLUTPM,lUW
YOjLUTPM,lUW,bBkb,YOjLUTPM,QxDfT,YOjLUTPM,lUW
YOjLUTPM,lUW,bBkb,YOjLUTPM,QxDfT,YOjLUTPM,lUW
YOjLUTPM,lUW,bBkb,YOjLUTPM,QxDfT,YOjLUTPM,lUW
QxDfT
YOjLUTPM,YOjLUTPM,lUW,bBkb,YOjLUTPM,QxDfT,lUW,YOjLUTPM
YOjLUTPM
bBkb
YOjLUTPM,YOjLUTPM,lUW,bBkb,YOjLUTPM,lUW,YOjLUTPM,bBkb,bdahxDGFr
bdahxDGFr
bdahxDGFr
YOjLUTPM,YOjLUTPM,lUW,bBkb,YOjLUTPM,lUW,YOjLUTPM,bBkb,bdahxDGFr,QxDfT
YOjLUTPM,YOjLUTPM,lUW,bBkb,YOjLUTPM,lUW,YOjLUTPM,bBkb,bdahxDGFr,QxDfT
QxDfT
QxDfT
YOjLUTPM,YOjLUTPM,lUW,bBkb,YOjLUTPM,lUW,YOjLUTPM,bBkb,bdahxDGFr,QxDfT,gXMXNNFK
QxDfT
QxDfT
YOjLUTPM,YOjLUTPM,YOjLUTPM,lUW,YOjLUTPM,QxDfT,QxDfT,bBkb,gXMXNNFK
YOjLUTPM,YOjLUTPM,lUW,YOjLUTPM,QxDfT,QxDfT,bBkb,YOjLUTPM,gXMXNNFK,ELSbYb
QxDfT
YOjLUTPM,YOjLUTPM,lUW,YOjLUTPM,lUW,YOjLUTPM,bBkb,bdahxDGFr,QxDfT,QxDfT
QxDfT
YOjLUTPM,YOjLUTPM,lUW,YOjLUTPM,lUW,YOjLUTPM,bBkb,bdahxDGFr,QxDfT,QxDfT
YOjLUTPM,YOjLUTPM,lUW,YOjLUTPM,lUW,YOjLUTPM,bdahxDGFr,QxDfT,QxDfT,TMR,TMR
YOjLUTPM,YOjLUTPM,lUW,YOjLUTPM,lUW,YOjLUTPM,bdahxDGFr,QxDfT,QxDfT,TMR,TMR,ELSbYb
QxDfT
QxDfT
YOjLUTPM,YOjLUTPM,YOjLUTPM,lUW,YOjLUTPM,bdahxDGFr,QxDfT,QxDfT,TMR,TMR,ELSbYb,lUW,bBkb
YOjLUTPM,YOjLUTPM,YOjLUTPM,lUW,YOjLUTPM,bdahxDGFr,QxDfT,QxDfT,mqZQq,TMR,TMR,ELSbYb,lUW,bBkb
QxDfT
QxDfT
YOjLUTPM,YOjLUTPM,lUW,YOjLUTPM,bdahxDGFr,bBkb,QxDfT,QxDfT,TMR,TMR,ELSbYb,lUW
QxDfT
YOjLUTPM,YOjLUTPM,lUW,YOjLUTPM,bdahxDGFr,bBkb,QxDfT,QxDfT,TMR,TMR,lUW
QxDfT
TMR
YOjLUTPM,YOjLUTPM,lUW,YOjLUTPM,bdahxDGFr,bBkb,QxDfT,QxDfT,TMR,lUW,QxDfT,YOjLUTPM
YOjLUTPM,YOjLUTPM,lUW,YOjLUTPM,bdahxDGFr,bBkb,QxDfT,QxDfT,TMR,lUW,QxDfT,YOjLUTPM
YOjLUTPM,YOjLUTPM,lUW,YOjLUTPM,bdahxDGFr,QxDfT,QxDfT,TMR,bBkb,lUW,QxDfT,YOjLUTPM,ELSbYb
YOjLUTPM,YOjLUTPM,lUW,YOjLUTPM,bdahxDGFr,QxDfT,QxDfT,TMR,bBkb,lUW,QxDfT,YOjLUTPM,ELSbYb,ELSbYb
YOjLUTPM,YOjLUTPM,lUW,YOjLUTPM,bdahxDGFr,bBkb,QxDfT,QxDfT,TMR,lUW,QxDfT,YOjLUTPM
TMR
Jedi Wagner, assuma o comando!