[vazia]
[vazia]
Toque! Toque, Dijê!
[vazia]
cirH
cirH
aKbBR
Toque! Toque, Dijê!
Toque! Toque, Dijê!
[vazia]
cirH
cirH
cirH
aKbBR
[vazia]
pDOx,CN
pDOx,CN
pDOx,CN
pDOx
pDOx,CN,pDOx
pDOx
pDOx,CN,pDOx
CN
pDOx,pDOx,CN
pDOx,pDOx
X
Toque! Toque, Dijê!
Toque! Toque, Dijê!
Toque! Toque, Dijê!
Toque! Toque, Dijê!
Toque! Toque, Dijê!
[vazia]
[vazia]
[vazia]
Toque! Toque, Dijê!
cirH
pDOx
cirH,aKbBR,pDOx,cirH,pDOx,pDOx
pDOx
cirH
aKbBR,pDOx,cirH,cirH,pDOx,pDOx,X,CN,CN
pDOx
pDOx
cirH,aKbBR,pDOx
cirH,aKbBR,pDOx
cirH,pDOx
pDOx
pDOx
cirH,pDOx,cirH
cirH,pDOx,cirH
pDOx
cirH,aKbBR,pDOx
pDOx
cirH,aKbBR,pDOx,pDOx
cirH,aKbBR,pDOx
pDOx
cirH,aKbBR,pDOx
pDOx
pDOx
Jedi Wagner, assuma o comando!