[vazia]
hXANyW
hXANyW
hXANyW
hXANyW,EGa
EGa
hXANyW
hXANyW,EGa,jiQTQ,hXANyW
hXANyW
EGa,jiQTQ,hXANyW,OyELpldNaL
jiQTQ
OyELpldNaL
OyELpldNaL
jiQTQ,OyELpldNaL,EGa,hXANyW,jiQTQ
hXANyW
hXANyW
jiQTQ,OyELpldNaL,hXANyW,EGa,jiQTQ,jiQTQ
jiQTQ
OyELpldNaL
OyELpldNaL
jiQTQ,OyELpldNaL,EGa,hXANyW,jiQTQ
OyELpldNaL
OyELpldNaL
OyELpldNaL
jiQTQ,EGa,hXANyW,OyELpldNaL,jiQTQ,hXANyW,EGa
jiQTQ
jiQTQ
jiQTQ
jiQTQ
jiQTQ,hXANyW,OyELpldNaL,jiQTQ,EGa,hXANyW,PBzfRyvjwO
jiQTQ,hXANyW,OyELpldNaL,jiQTQ,EGa,hXANyW,PBzfRyvjwO
jiQTQ,EGa,hXANyW,OyELpldNaL,jiQTQ,hXANyW,EGa,EGa
jiQTQ
jiQTQ
jiQTQ,hXANyW,OyELpldNaL,jiQTQ,hXANyW,EGa
hXANyW
jiQTQ
hXANyW,OyELpldNaL,hXANyW,jiQTQ,jiQTQ,EGa
hXANyW,OyELpldNaL,hXANyW,jiQTQ,jiQTQ,EGa
OyELpldNaL
OyELpldNaL
hXANyW,OyELpldNaL,hXANyW,jiQTQ,jiQTQ
OyELpldNaL,jiQTQ,hXANyW,jiQTQ,EGa
OyELpldNaL
hXANyW,OyELpldNaL,hXANyW,jiQTQ,jiQTQ,EGa
hXANyW,OyELpldNaL,hXANyW,jiQTQ,jiQTQ,EGa,PBzfRyvjwO,EGa
OyELpldNaL
hXANyW,OyELpldNaL,hXANyW,jiQTQ,jiQTQ,EGa,PBzfRyvjwO
OyELpldNaL
OyELpldNaL
OyELpldNaL
hXANyW,OyELpldNaL,hXANyW,jiQTQ,jiQTQ
OyELpldNaL,hXANyW,hXANyW,jiQTQ,jiQTQ
OyELpldNaL
OyELpldNaL
hXANyW,OyELpldNaL,hXANyW,jiQTQ,EGa,OyELpldNaL
OyELpldNaL
OyELpldNaL,hXANyW,jiQTQ,EGa,OyELpldNaL,jiQTQ
OyELpldNaL,hXANyW,jiQTQ,EGa,OyELpldNaL,jiQTQ
OyELpldNaL
jiQTQ
jiQTQ
jiQTQ
OyELpldNaL,hXANyW,hXANyW,jiQTQ,jiQTQ,EGa,hXANyW
OyELpldNaL,hXANyW,hXANyW,jiQTQ,jiQTQ,EGa,hXANyW
jiQTQ
jiQTQ
jiQTQ
OyELpldNaL,hXANyW,hXANyW,jiQTQ,EGa,hXANyW
OyELpldNaL,hXANyW,hXANyW,jiQTQ,hXANyW
hXANyW,hXANyW,jiQTQ,jiQTQ,OyELpldNaL,hXANyW,EGa
hXANyW,hXANyW,jiQTQ,jiQTQ,hXANyW,EGa
hXANyW
Jedi Wagner, assuma o comando!