[vazia]
[vazia]
Toque! Toque, Dijê!
Toque! Toque, Dijê!
veq
veq
veq
veq
veq
veq,veq
veq
veq
[vazia]
fXZsjQ
veq
veq
Toque! Toque, Dijê!
[vazia]
[vazia]
veq
veq
veq
veq
veq
veq
veq
veq
veq
veq
veq
veq
fXZsjQ
fXZsjQ
fXZsjQ
fXZsjQ
fXZsjQ
veq,fXZsjQ,veq
[vazia]
[vazia]
fXZsjQ
fXZsjQ
fXZsjQ
fXZsjQ
fXZsjQ,fXZsjQ
fXZsjQ,fXZsjQ
fXZsjQ
fXZsjQ
fXZsjQ
fXZsjQ,veq
fXZsjQ
fXZsjQ,veq
veq
veq
fXZsjQ
veq,fXZsjQ,fXZsjQ
fXZsjQ
fXZsjQ,fXZsjQ
fXZsjQ,fXZsjQ
fXZsjQ,fXZsjQ
fXZsjQ,fXZsjQ
fXZsjQ,fXZsjQ
Jedi Wagner, assuma o comando!