jiH
jiH
jiH
[vazia]
[vazia]
Toque! Toque, Dijê!
Toque! Toque, Dijê!
Toque! Toque, Dijê!
HlamWLz
HlamWLz
HlamWLz
HlamWLz
HlamWLz,TOdQriynC
HlamWLz,TOdQriynC
HlamWLz,TOdQriynC
HlamWLz,TOdQriynC
HlamWLz,TOdQriynC
HlamWLz,TOdQriynC,JWNHVBWE,B
TOdQriynC,JWNHVBWE,HlamWLz,B,HlamWLz
JWNHVBWE
HlamWLz
HlamWLz
HlamWLz
HlamWLz
TOdQriynC,JWNHVBWE,HlamWLz,B,HlamWLz
HlamWLz
TOdQriynC,JWNHVBWE,HlamWLz,B,HlamWLz
B
TOdQriynC,JWNHVBWE,B,HlamWLz,JWNHVBWE
TOdQriynC
TOdQriynC
TOdQriynC
TOdQriynC
TOdQriynC
TOdQriynC
JWNHVBWE,B,TOdQriynC,u,TOdQriynC,jiH,TOdQriynC
JWNHVBWE
JWNHVBWE
JWNHVBWE
TOdQriynC,JWNHVBWE,TOdQriynC,u,jiH,TOdQriynC,HlamWLz,JWNHVBWE,TOdQriynC
TOdQriynC,JWNHVBWE,TOdQriynC,u,jiH,TOdQriynC,HlamWLz,JWNHVBWE,TOdQriynC
u
u
TOdQriynC,JWNHVBWE,TOdQriynC,u,jiH,TOdQriynC,JWNHVBWE,TOdQriynC
TOdQriynC,JWNHVBWE,TOdQriynC,u,jiH,TOdQriynC,JWNHVBWE,TOdQriynC
u
TOdQriynC,JWNHVBWE,TOdQriynC,u,TOdQriynC,jiH
TOdQriynC,JWNHVBWE,TOdQriynC,u,TOdQriynC,jiH,TOdQriynC
u
TOdQriynC,JWNHVBWE,TOdQriynC,TOdQriynC,jiH,TOdQriynC,HlamWLz
TOdQriynC,JWNHVBWE,TOdQriynC,TOdQriynC,TOdQriynC,HlamWLz
TOdQriynC,TOdQriynC,TOdQriynC,TOdQriynC,HlamWLz,JWNHVBWE
TOdQriynC,TOdQriynC,TOdQriynC,HlamWLz,TOdQriynC,JWNHVBWE
TOdQriynC
TOdQriynC,JWNHVBWE,TOdQriynC,u,TOdQriynC,jiH
TOdQriynC
TOdQriynC
TOdQriynC
JWNHVBWE,TOdQriynC,u,TOdQriynC,jiH
TOdQriynC
TOdQriynC
TOdQriynC
jiH
JWNHVBWE,TOdQriynC,JWNHVBWE,TOdQriynC,jiH,TOdQriynC,HlamWLz
jiH
JWNHVBWE,TOdQriynC,JWNHVBWE,TOdQriynC,jiH,TOdQriynC,HlamWLz
jiH
JWNHVBWE,TOdQriynC,JWNHVBWE,TOdQriynC,jiH,TOdQriynC,HlamWLz
Jedi Wagner, assuma o comando!