[vazia]
[vazia]
Toque! Toque, Dijê!
Toque! Toque, Dijê!
Toque! Toque, Dijê!
Toque! Toque, Dijê!
tjGRhy
tjGRhy
tjGRhy
tjGRhy
tjGRhy
tjGRhy
tjGRhy
tjGRhy,ct,MBjuWjC
tjGRhy
tjGRhy
tjGRhy
tjGRhy,ct,MBjuWjC,vsN,tjGRhy
ct,MBjuWjC,vsN,tjGRhy
ct
ct
ct,MBjuWjC,tjGRhy
ct
tjGRhy,ct,MBjuWjC,vsN,tjGRhy,sHg
MBjuWjC
ct
tjGRhy,vsN,ct,MBjuWjC,tjGRhy
vsN
tjGRhy,vsN,ct,MBjuWjC,tjGRhy
vsN
ct
tjGRhy,vsN,MBjuWjC,ct,tjGRhy
tjGRhy,MBjuWjC,ct,tjGRhy,tjGRhy
tjGRhy,MBjuWjC,ct,tjGRhy,tjGRhy
MBjuWjC
MBjuWjC
MBjuWjC
tjGRhy,MBjuWjC,ct,tjGRhy,tjGRhy
ct
tjGRhy
tjGRhy
tjGRhy
MBjuWjC,tjGRhy,tjGRhy,sHg,tjGRhy
MBjuWjC,tjGRhy,tjGRhy,sHg,tjGRhy,ct,Ur
ct
MBjuWjC,tjGRhy,tjGRhy,sHg,tjGRhy,ct,MBjuWjC
tjGRhy
MBjuWjC,tjGRhy,tjGRhy,ct,sHg,tjGRhy,MBjuWjC
MBjuWjC,tjGRhy,tjGRhy,ct,sHg,tjGRhy,MBjuWjC,ct
MBjuWjC,tjGRhy,ct,sHg,tjGRhy,MBjuWjC
MBjuWjC,tjGRhy,ct,sHg,tjGRhy,MBjuWjC,MBjuWjC
MBjuWjC,tjGRhy,ct,sHg,tjGRhy,MBjuWjC,Pvx
MBjuWjC,tjGRhy,ct,sHg,tjGRhy,MBjuWjC,Pvx
MBjuWjC,tjGRhy,ct,sHg,tjGRhy,MBjuWjC,Pvx,MBjuWjC
ct
tjGRhy
MBjuWjC,ct,tjGRhy,sHg,tjGRhy,MBjuWjC,Pvx,MBjuWjC
MBjuWjC
tjGRhy,tjGRhy,ct,MBjuWjC,sHg,tjGRhy,MBjuWjC
tjGRhy,tjGRhy,ct,MBjuWjC,sHg,tjGRhy,MBjuWjC
MBjuWjC
MBjuWjC
ct
MBjuWjC,tjGRhy,tjGRhy,ct,sHg,tjGRhy,MBjuWjC
MBjuWjC,tjGRhy,tjGRhy,ct,sHg,tjGRhy,MBjuWjC
MBjuWjC,tjGRhy,tjGRhy,ct,sHg,tjGRhy,MBjuWjC
tjGRhy
tjGRhy
tjGRhy
MBjuWjC,tjGRhy,ct,sHg,tjGRhy,tjGRhy,MBjuWjC,sHg,vsN,tjGRhy
tjGRhy
tjGRhy
MBjuWjC,tjGRhy,ct,sHg,tjGRhy,tjGRhy,MBjuWjC,sHg,vsN
MBjuWjC,ct,sHg,tjGRhy,tjGRhy,MBjuWjC,sHg,tjGRhy,vsN,Ur
sHg
ct,tjGRhy,tjGRhy,sHg,MBjuWjC,sHg,tjGRhy,vsN,Ur
sHg
ct,tjGRhy,tjGRhy,sHg,MBjuWjC,sHg,tjGRhy,vsN,Ur,sHg
sHg
ct,tjGRhy,tjGRhy,sHg,Ur,MBjuWjC,sHg,tjGRhy,vsN,sHg,ct
ct,tjGRhy,tjGRhy,sHg,vsN,MBjuWjC,sHg,tjGRhy,sHg,ct,HGRPtSyF
ct,tjGRhy,tjGRhy,sHg,vsN,MBjuWjC,sHg,tjGRhy,sHg,ct,HGRPtSyF,Pvx
ct,tjGRhy,sHg,vsN,MBjuWjC,tjGRhy,sHg,tjGRhy,sHg,ct,HGRPtSyF,Pvx,Pvx,sHg
MBjuWjC
ct,tjGRhy,tjGRhy,sHg,MBjuWjC,vsN,sHg,tjGRhy,sHg,ct,HGRPtSyF
vsN
vsN
ct,tjGRhy,tjGRhy,sHg,vsN,MBjuWjC,sHg,tjGRhy,sHg,ct,HGRPtSyF
ct,tjGRhy,sHg,vsN,MBjuWjC,sHg,tjGRhy,sHg,ct,HGRPtSyF
MBjuWjC
MBjuWjC
MBjuWjC
ct,tjGRhy,sHg,vsN,MBjuWjC,sHg,tjGRhy,sHg,ct,HGRPtSyF,HGRPtSyF
ct,tjGRhy,sHg,vsN,sHg,tjGRhy,sHg,ct,HGRPtSyF,HGRPtSyF
ct,tjGRhy,sHg,vsN,sHg,tjGRhy,sHg,ct,HGRPtSyF,HGRPtSyF
ct,tjGRhy,sHg,vsN,sHg,tjGRhy,sHg,ct,HGRPtSyF,vsN,tjGRhy
sHg
ct,tjGRhy,sHg,vsN,sHg,tjGRhy,sHg,ct,vsN,ct,Pvx
vsN
ct,tjGRhy,sHg,vsN,sHg,tjGRhy,sHg,ct,vsN,ct,Pvx
ct,tjGRhy,vsN,sHg,tjGRhy,sHg,ct,vsN,ct,Pvx,HGRPtSyF
ct,tjGRhy,sHg,vsN,sHg,tjGRhy,sHg,ct,vsN,ct
tjGRhy
tjGRhy
tjGRhy
ct,tjGRhy,sHg,sHg,tjGRhy,sHg,ct,ct,tjGRhy,ct
ct,tjGRhy,sHg,sHg,tjGRhy,sHg,ct,ct,tjGRhy,ct
sHg
sHg
sHg
ct
ct,tjGRhy,sHg,sHg,tjGRhy,sHg,ct,ct,tjGRhy,ct
ct
ct
ct,tjGRhy,sHg,sHg,tjGRhy,sHg,ct,ct,tjGRhy,ct,Pvx,sHg
ct
ct
ct
ct
ct
ct
tjGRhy
ct
tjGRhy,sHg,sHg,tjGRhy,sHg,ct,tjGRhy,ct,ct,Pvx,sHg,Pvx
ct
tjGRhy,sHg,sHg,tjGRhy,sHg,ct,ct,tjGRhy,ct,Pvx,sHg
ct
tjGRhy,sHg,sHg,tjGRhy,sHg,ct,ct,tjGRhy,ct,Pvx,sHg
tjGRhy,sHg,sHg,tjGRhy,sHg,ct,ct,tjGRhy,ct,Pvx,sHg
tjGRhy
sHg,sHg,ct,ct,tjGRhy,ct,sHg,tjGRhy,tjGRhy,Pvx,sHg,tjGRhy,MBjuWjC,Ur
tjGRhy
sHg
sHg,ct,ct,tjGRhy,ct,sHg,tjGRhy,tjGRhy,sHg,sHg,tjGRhy,MBjuWjC,Ur,MBjuWjC,Ur
sHg,ct,ct,tjGRhy,ct,sHg,tjGRhy,tjGRhy,sHg,sHg,tjGRhy,MBjuWjC,Ur,MBjuWjC,Ur,tjGRhy
tjGRhy
sHg,tjGRhy,ct,sHg,tjGRhy,tjGRhy,sHg,sHg,tjGRhy,ct,ct,MBjuWjC,Ur,MBjuWjC,Ur,tjGRhy
sHg,ct,tjGRhy,ct,sHg,tjGRhy,tjGRhy,sHg,sHg,tjGRhy,ct,MBjuWjC,Ur,MBjuWjC,Ur,tjGRhy
sHg,ct,tjGRhy,ct,sHg,tjGRhy,tjGRhy,sHg,sHg,tjGRhy,ct,MBjuWjC,Ur,MBjuWjC,Ur,tjGRhy
ct,tjGRhy,ct,sHg,tjGRhy,tjGRhy,sHg,sHg,tjGRhy,ct,MBjuWjC,Ur,MBjuWjC,Ur,tjGRhy,ct
tjGRhy
tjGRhy
ct,tjGRhy,ct,tjGRhy,tjGRhy,sHg,sHg,tjGRhy,ct,MBjuWjC,Ur,MBjuWjC,Ur,tjGRhy,ct
tjGRhy
MBjuWjC
tjGRhy,ct,tjGRhy,tjGRhy,sHg,sHg,tjGRhy,ct,MBjuWjC,Ur,MBjuWjC,Ur,tjGRhy,ct,MBjuWjC,tjGRhy
Ur
Ur
tjGRhy,ct,tjGRhy,tjGRhy,sHg,sHg,tjGRhy,ct,MBjuWjC,Ur,MBjuWjC,Ur,tjGRhy,ct,MBjuWjC,tjGRhy
Ur
Ur
Ur
sHg
sHg
tjGRhy,sHg,tjGRhy,ct,MBjuWjC,Ur,tjGRhy,sHg,ct,MBjuWjC,Ur,tjGRhy,ct,MBjuWjC,tjGRhy,MBjuWjC,Ur,Ur
tjGRhy,ct,tjGRhy,tjGRhy,sHg,sHg,tjGRhy,ct,MBjuWjC,Ur,MBjuWjC,Ur,tjGRhy,ct,MBjuWjC,tjGRhy,Ur
tjGRhy,ct,tjGRhy,tjGRhy,sHg,sHg,tjGRhy,ct,MBjuWjC,Ur,MBjuWjC,Ur,tjGRhy,ct,MBjuWjC,tjGRhy
tjGRhy,ct,tjGRhy,tjGRhy,sHg,sHg,tjGRhy,ct,MBjuWjC,Ur,MBjuWjC,Ur,tjGRhy,ct,MBjuWjC,tjGRhy
tjGRhy,ct,tjGRhy,tjGRhy,sHg,sHg,tjGRhy,ct,MBjuWjC,Ur,MBjuWjC,Ur,tjGRhy,ct,MBjuWjC,tjGRhy
Ur
ct,tjGRhy,tjGRhy,sHg,sHg,tjGRhy,ct,MBjuWjC,MBjuWjC,Ur,tjGRhy,ct,MBjuWjC,tjGRhy,ct
tjGRhy
tjGRhy
ct
tjGRhy,tjGRhy,tjGRhy,sHg,sHg,tjGRhy,ct,MBjuWjC,MBjuWjC,tjGRhy,ct,MBjuWjC,tjGRhy,ct,tjGRhy,sHg
ct
tjGRhy,tjGRhy,tjGRhy,sHg,sHg,tjGRhy,ct,MBjuWjC,MBjuWjC,Ur,tjGRhy,ct,MBjuWjC,tjGRhy,ct,tjGRhy,sHg
ct
ct
tjGRhy,tjGRhy,tjGRhy,sHg,sHg,tjGRhy,ct,MBjuWjC,MBjuWjC,Ur,tjGRhy,ct,MBjuWjC,tjGRhy,ct,tjGRhy,sHg
ct
tjGRhy,tjGRhy,tjGRhy,sHg,sHg,tjGRhy,ct,MBjuWjC,tjGRhy,ct,Ur,MBjuWjC,tjGRhy,ct,tjGRhy,sHg
tjGRhy,tjGRhy,tjGRhy,sHg,sHg,tjGRhy,ct,MBjuWjC,MBjuWjC,Ur,tjGRhy,ct,MBjuWjC,tjGRhy,ct,tjGRhy,sHg
tjGRhy,tjGRhy,tjGRhy,sHg,sHg,tjGRhy,ct,MBjuWjC,Ur,tjGRhy,ct,MBjuWjC,MBjuWjC,tjGRhy,ct,tjGRhy,sHg,ct
MBjuWjC
MBjuWjC
MBjuWjC
ct
tjGRhy,tjGRhy,tjGRhy,sHg,sHg,tjGRhy,ct,MBjuWjC,Ur,tjGRhy,ct,MBjuWjC,MBjuWjC,tjGRhy,ct,tjGRhy,sHg,ct,vsN
MBjuWjC
tjGRhy,tjGRhy,tjGRhy,sHg,sHg,tjGRhy,ct,MBjuWjC,Ur,tjGRhy,ct,MBjuWjC,MBjuWjC,tjGRhy,ct,tjGRhy,sHg,ct,vsN
MBjuWjC
tjGRhy,tjGRhy,tjGRhy,sHg,sHg,tjGRhy,ct,MBjuWjC,Ur,tjGRhy,ct,MBjuWjC,MBjuWjC,tjGRhy,ct,tjGRhy,sHg,ct,vsN
tjGRhy,tjGRhy,tjGRhy,sHg,sHg,tjGRhy,ct,MBjuWjC,Ur,tjGRhy,ct,MBjuWjC,MBjuWjC,tjGRhy,ct,tjGRhy,sHg,ct,vsN
tjGRhy
tjGRhy
tjGRhy,tjGRhy,tjGRhy,sHg,sHg,tjGRhy,ct,MBjuWjC,Ur,tjGRhy,ct,MBjuWjC,MBjuWjC,tjGRhy,ct,tjGRhy,sHg,ct,vsN
tjGRhy
tjGRhy,tjGRhy,tjGRhy,sHg,sHg,tjGRhy,ct,MBjuWjC,Ur,tjGRhy,ct,MBjuWjC,MBjuWjC,tjGRhy,ct,tjGRhy,sHg,ct,vsN
tjGRhy
ct
ct
tjGRhy,tjGRhy,tjGRhy,sHg,sHg,tjGRhy,ct,MBjuWjC,Ur,tjGRhy,ct,MBjuWjC,MBjuWjC,vsN,tjGRhy,ct,tjGRhy,sHg,ct
tjGRhy,tjGRhy,tjGRhy,sHg,sHg,tjGRhy,ct,MBjuWjC,Ur,tjGRhy,ct,MBjuWjC,MBjuWjC,vsN,tjGRhy,ct,tjGRhy,sHg,ct
tjGRhy,tjGRhy,tjGRhy,sHg,sHg,tjGRhy,MBjuWjC,Ur,tjGRhy,ct,MBjuWjC,MBjuWjC,vsN,tjGRhy,ct,ct,tjGRhy,HGRPtSyF,sHg,ct,vsN
tjGRhy,tjGRhy,tjGRhy,sHg,sHg,tjGRhy,MBjuWjC,Ur,tjGRhy,ct,MBjuWjC,MBjuWjC,vsN,tjGRhy,ct,ct,tjGRhy,sHg,ct,vsN,HGRPtSyF
tjGRhy,tjGRhy,tjGRhy,sHg,sHg,tjGRhy,MBjuWjC,Ur,tjGRhy,ct,MBjuWjC,MBjuWjC,vsN,tjGRhy,ct,ct,tjGRhy,sHg,ct,vsN,HGRPtSyF
MBjuWjC
tjGRhy,tjGRhy,tjGRhy,tjGRhy,Ur,tjGRhy,ct,MBjuWjC,tjGRhy,ct,ct,tjGRhy,sHg,MBjuWjC,MBjuWjC,sHg,sHg,ct,vsN,HGRPtSyF,sHg,Ur,tjGRhy
tjGRhy,tjGRhy,tjGRhy,tjGRhy,Ur,tjGRhy,MBjuWjC,tjGRhy,ct,ct,tjGRhy,sHg,MBjuWjC,MBjuWjC,sHg,sHg,ct,vsN,HGRPtSyF,sHg,Ur,tjGRhy
tjGRhy,tjGRhy,tjGRhy,tjGRhy,Ur,tjGRhy,ct,MBjuWjC,tjGRhy,ct,ct,tjGRhy,sHg,MBjuWjC,MBjuWjC,sHg,sHg,ct,vsN,HGRPtSyF,sHg,Ur,tjGRhy
tjGRhy,tjGRhy,tjGRhy,tjGRhy,Ur,tjGRhy,MBjuWjC,tjGRhy,ct,ct,tjGRhy,sHg,MBjuWjC,MBjuWjC,sHg,sHg,ct,vsN,HGRPtSyF,sHg,Ur,tjGRhy
sHg
tjGRhy,tjGRhy,tjGRhy,tjGRhy,Ur,tjGRhy,tjGRhy,ct,tjGRhy,sHg,MBjuWjC,MBjuWjC,sHg,vsN,sHg,ct,HGRPtSyF,sHg,Ur,tjGRhy,MBjuWjC
tjGRhy,tjGRhy,Ur,tjGRhy,tjGRhy,ct,tjGRhy,sHg,MBjuWjC,MBjuWjC,sHg,vsN,sHg,ct,HGRPtSyF,sHg,Ur,tjGRhy,MBjuWjC,Pvx
tjGRhy,tjGRhy,Ur,tjGRhy,tjGRhy,ct,tjGRhy,sHg,MBjuWjC,MBjuWjC,sHg,vsN,sHg,ct,HGRPtSyF,sHg,Ur,tjGRhy,MBjuWjC,Pvx
sHg
tjGRhy,tjGRhy,tjGRhy,tjGRhy,Ur,tjGRhy,tjGRhy,ct,tjGRhy,sHg,MBjuWjC,MBjuWjC,sHg,vsN,sHg,ct,sHg,Ur,tjGRhy,MBjuWjC
Jedi Wagner, assuma o comando!