[vazia]
BuRfaBo
BuRfaBo
Toque! Toque, Dijê!
BuRfaBo
BuRfaBo
hyV
tyuUrrmOpD,tyuUrrmOpD,hyV,BuRfaBo,BuRfaBo
hyV,tyuUrrmOpD,tyuUrrmOpD,BuRfaBo,BuRfaBo,BuRfaBo
BuRfaBo
hyV,tyuUrrmOpD,BuRfaBo,tyuUrrmOpD,BuRfaBo
BuRfaBo
BuRfaBo
BuRfaBo
BuRfaBo
BuRfaBo
hyV,tyuUrrmOpD,BuRfaBo,tyuUrrmOpD,BuRfaBo
BuRfaBo
hyV,tyuUrrmOpD,BuRfaBo,tyuUrrmOpD,BuRfaBo
BuRfaBo
BuRfaBo,tyuUrrmOpD,BuRfaBo,BuRfaBo
BuRfaBo
BuRfaBo
tyuUrrmOpD,BuRfaBo,BuRfaBo,hyV,hyV,hyV
tyuUrrmOpD
tyuUrrmOpD,BuRfaBo,BuRfaBo
BuRfaBo,BuRfaBo
BuRfaBo,tyuUrrmOpD,BuRfaBo,BuRfaBo
BuRfaBo
BuRfaBo,tyuUrrmOpD,BuRfaBo,BuRfaBo
tyuUrrmOpD
BuRfaBo,tyuUrrmOpD,BuRfaBo,BuRfaBo
tyuUrrmOpD
tyuUrrmOpD
tyuUrrmOpD
tyuUrrmOpD,BuRfaBo,BuRfaBo,BuRfaBo
BuRfaBo
tyuUrrmOpD,BuRfaBo,BuRfaBo,BuRfaBo
tyuUrrmOpD,BuRfaBo,BuRfaBo,BuRfaBo
BuRfaBo
BuRfaBo
BuRfaBo
tyuUrrmOpD,BuRfaBo,BuRfaBo,BuRfaBo,tyuUrrmOpD
tyuUrrmOpD,BuRfaBo,tyuUrrmOpD,hyV,tyuUrrmOpD
tyuUrrmOpD,BuRfaBo,tyuUrrmOpD,hyV,tyuUrrmOpD
tyuUrrmOpD,tyuUrrmOpD,tyuUrrmOpD
Jedi Wagner, assuma o comando!