[vazia]
lmpJqpcYN
lmpJqpcYN
lmpJqpcYN
lmpJqpcYN
APXt
APXt
APXt
[vazia]
Toque! Toque, Dijê!
[vazia]
yaJ
yaJ
[vazia]
[vazia]
[vazia]
[vazia]
Toque! Toque, Dijê!
[vazia]
[vazia]
[vazia]
Toque! Toque, Dijê!
yaJ
yaJ
yaJ
[vazia]
[vazia]
Toque! Toque, Dijê!
Toque! Toque, Dijê!
APXt
APXt
[vazia]
Toque! Toque, Dijê!
[vazia]
APXt
APXt
[vazia]
[vazia]
lmpJqpcYN
lmpJqpcYN
lmpJqpcYN
lmpJqpcYN,APXt
lmpJqpcYN
lmpJqpcYN,APXt,APXt,yaJ
lmpJqpcYN
lmpJqpcYN
lmpJqpcYN
lmpJqpcYN,APXt,APXt,yaJ,yaJ
lmpJqpcYN
lmpJqpcYN
lmpJqpcYN,yaJ,APXt,APXt,yaJ
yaJ
lmpJqpcYN,APXt,yaJ,APXt,yaJ,APXt
lmpJqpcYN,APXt,APXt,yaJ,yaJ,APXt
APXt
lmpJqpcYN,yaJ,APXt,APXt,yaJ,APXt
APXt
yaJ
lmpJqpcYN,APXt,yaJ,APXt,lmpJqpcYN
lmpJqpcYN,APXt,yaJ,APXt,yaJ
APXt
lmpJqpcYN,APXt,yaJ,yaJ,lmpJqpcYN,lmpJqpcYN,lmpJqpcYN,APXt
lmpJqpcYN,APXt,yaJ,yaJ,lmpJqpcYN,lmpJqpcYN,lmpJqpcYN,APXt,yaJ
lmpJqpcYN,APXt,yaJ,yaJ,lmpJqpcYN,lmpJqpcYN,lmpJqpcYN,APXt,yaJ
yaJ
yaJ
lmpJqpcYN
yaJ
APXt,lmpJqpcYN,yaJ,lmpJqpcYN,lmpJqpcYN,lmpJqpcYN,APXt,yaJ,lmpJqpcYN,APXt
APXt,lmpJqpcYN,lmpJqpcYN,lmpJqpcYN,APXt,yaJ,lmpJqpcYN,APXt,lmpJqpcYN
APXt,lmpJqpcYN,lmpJqpcYN,lmpJqpcYN,APXt,yaJ,lmpJqpcYN,APXt,lmpJqpcYN
APXt,lmpJqpcYN,lmpJqpcYN,yaJ,lmpJqpcYN,APXt,lmpJqpcYN,APXt,lmpJqpcYN
APXt,lmpJqpcYN,lmpJqpcYN,yaJ,lmpJqpcYN,APXt,lmpJqpcYN,APXt,lmpJqpcYN
lmpJqpcYN
APXt,yaJ,lmpJqpcYN,lmpJqpcYN,APXt,lmpJqpcYN,APXt,lmpJqpcYN,lmpJqpcYN
APXt,lmpJqpcYN,lmpJqpcYN,yaJ,lmpJqpcYN,APXt,lmpJqpcYN,APXt,lmpJqpcYN
lmpJqpcYN
lmpJqpcYN,lmpJqpcYN,yaJ,lmpJqpcYN,APXt,lmpJqpcYN,APXt,lmpJqpcYN,lmpJqpcYN,yaJ
lmpJqpcYN
lmpJqpcYN,yaJ,lmpJqpcYN,APXt,lmpJqpcYN,lmpJqpcYN,APXt,lmpJqpcYN,lmpJqpcYN,yaJ
lmpJqpcYN
yaJ
yaJ
APXt,lmpJqpcYN,lmpJqpcYN,yaJ,lmpJqpcYN,APXt,lmpJqpcYN,APXt,lmpJqpcYN,yaJ
yaJ
lmpJqpcYN
APXt
APXt
APXt
lmpJqpcYN,lmpJqpcYN,lmpJqpcYN,lmpJqpcYN,APXt,lmpJqpcYN,APXt
APXt
lmpJqpcYN,lmpJqpcYN,lmpJqpcYN,lmpJqpcYN,APXt,lmpJqpcYN,APXt
APXt
APXt
APXt
APXt
Jedi Wagner, assuma o comando!