[vazia]
[vazia]
[vazia]
Toque! Toque, Dijê!
yFF
yFF
yFF
Toque! Toque, Dijê!
[vazia]
Toque! Toque, Dijê!
[vazia]
[vazia]
[vazia]
yFF
[vazia]
[vazia]
Toque! Toque, Dijê!
[vazia]
[vazia]
Toque! Toque, Dijê!
WCVWMYM
WCVWMYM
WCVWMYM
WCVWMYM
WCVWMYM
WCVWMYM
WCVWMYM,Rniuiu
WCVWMYM
WCVWMYM,Rniuiu
WCVWMYM,Rniuiu
WCVWMYM,Rniuiu
WCVWMYM
WCVWMYM
WCVWMYM
WCVWMYM
WCVWMYM
WCVWMYM
WCVWMYM
WCVWMYM
WCVWMYM,zZu,Cch
WCVWMYM,zZu,Cch
WCVWMYM,zZu,Cch
WCVWMYM,zZu
WCVWMYM
WCVWMYM
WCVWMYM,zZu,zZu
WCVWMYM
WCVWMYM
WCVWMYM,zZu,zZu,ZEcecAR
WCVWMYM,zZu,zZu,ZEcecAR
zZu
WCVWMYM,zZu,zZu,ZEcecAR,Rniuiu
WCVWMYM
zZu,WCVWMYM,zZu,ZEcecAR,Rniuiu,WCVWMYM,zhoR
WCVWMYM
zZu,zZu,ZEcecAR,Rniuiu,WCVWMYM,ZEcecAR
zZu
zZu
zZu,zZu,ZEcecAR,Rniuiu,WCVWMYM,ZEcecAR,Rniuiu,Cch,Cch
zZu
zZu
zZu
WCVWMYM,zZu,zZu
zZu
WCVWMYM,zZu,zZu
WCVWMYM,zZu,zZu
zZu
zZu
WCVWMYM,zZu,zZu
WCVWMYM,zZu,zZu
WCVWMYM,zZu,zZu
WCVWMYM,zZu,zZu
WCVWMYM,zZu,zZu
zZu
zZu
zZu,zZu
zZu
zZu
zZu,zZu,ZEcecAR,ZEcecAR
zZu,zZu,zhoR
zZu
zZu,zZu
zZu
zZu,zZu,zZu
zZu
zZu
zZu
zZu,zZu,ZEcecAR,ZEcecAR
zZu,zZu,ZEcecAR,ZEcecAR
zZu
zZu,zZu,ZEcecAR,ZEcecAR,Rniuiu
zZu,Rniuiu,zZu,ZEcecAR,ZEcecAR
Rniuiu
RCYrfGzo
zZu
zZu,zZu,zZu
zZu,zZu
zZu
zZu
zZu
zZu
zZu
zZu
zZu
zZu
zZu
zZu,zZu
zZu
zZu
zZu
zZu
zZu,zZu
zZu,zZu
zZu,zZu
zZu
zZu
zZu,zZu
zZu,zZu
zZu,zZu,Rniuiu
zZu,zZu,Rniuiu
zZu,zZu
zZu
zZu,zZu
zZu
zZu
zZu,zZu
zZu,zZu
zZu
zZu,zZu
zZu,zZu,RCYrfGzo
zZu
zZu,zZu,zhoR,WCVWMYM
zZu
zZu,zZu
zZu
zZu,zZu
zZu
zZu
zZu
zZu
zZu,zZu
zZu
zZu,zZu
zZu,zZu
zZu,zZu
zZu
zZu,zZu
zZu
zZu
zZu,zZu
zZu,zZu
zZu
zZu,zZu,Cch
zZu,zZu,yFF
zZu,zZu
zZu,zZu
zZu
zZu
zZu,zZu
zZu,zZu
zZu,zZu
zZu,zZu
zZu
zZu
zZu
zZu,zZu,WCVWMYM,yFF
zZu
yFF
yFF
yFF,zZu,zZu,WCVWMYM,WCVWMYM,Cch
yFF
WCVWMYM
WCVWMYM,yFF,zZu,WCVWMYM,Cch,yFF
zZu
zZu
WCVWMYM
WCVWMYM,zZu,WCVWMYM,Cch,yFF
WCVWMYM
WCVWMYM
WCVWMYM
WCVWMYM
WCVWMYM,zZu,WCVWMYM,Cch,yFF,zZu,Cch,zZu
WCVWMYM,zZu,WCVWMYM,Cch,yFF,zZu,Cch,zZu
yFF
zZu,WCVWMYM,Cch,yFF,zZu,Cch,zZu,RCYrfGzo,zhoR
Cch
zZu,WCVWMYM,Cch,yFF,zZu,Cch,zZu,RCYrfGzo,zhoR
Cch
zZu,WCVWMYM,Cch,yFF,zZu,Cch,zZu,RCYrfGzo,zhoR
Cch
zZu,WCVWMYM,Cch,yFF,zZu,Cch,zZu,RCYrfGzo,zhoR,yFF
Jedi Wagner, assuma o comando!