Toque! Toque, Dijê!
[vazia]
Q
Q
Q
Q,afhvSJmL
Q,afhvSJmL
Q,afhvSJmL
Q
Q
Q,afhvSJmL
Q,afhvSJmL
NoH
NoH
NoH
NoH,AitD,oenTFuFS,Qx
NoH
NoH
AitD
AitD
NoH,AitD,oenTFuFS,Qx,Tq
AitD
NoH,AitD,oenTFuFS,Qx,Tq,oenTFuFS
NoH,Tq,AitD,oenTFuFS,Qx,oenTFuFS,Tq,oenTFuFS
NoH,Tq,AitD,oenTFuFS,Qx,oenTFuFS,Tq,oenTFuFS
NoH,Tq,AitD,oenTFuFS,Qx,oenTFuFS,Tq,oenTFuFS
Tq
Tq,NoH,AitD,oenTFuFS,Qx,oenTFuFS,Tq,oenTFuFS
NoH
Tq,NoH,AitD,oenTFuFS,Qx,oenTFuFS,Tq,oenTFuFS,afhvSJmL
NoH
NoH
Tq,NoH,AitD,oenTFuFS,Qx,oenTFuFS,Tq,oenTFuFS,afhvSJmL,Tq
NoH
NoH
NoH
NoH,oenTFuFS,Qx,Q
NoH,oenTFuFS,Qx,Q
Qx
Qx,oenTFuFS,Q,FVg,Q
Qx
Qx,Q,oenTFuFS,FVg,Q
Qx,Q,oenTFuFS,FVg,Q
Qx,Q,oenTFuFS,FVg,Q
Qx
Q
Qx,Q,oenTFuFS,FVg,Q,AitD
oenTFuFS
oenTFuFS
Qx,Q,oenTFuFS,FVg,Q,AitD
NoH
NoH
Qx,Q,NoH,oenTFuFS,FVg,Q,AitD,oenTFuFS,Q,Jk,FVg
Qx,NoH,oenTFuFS,FVg,Q,AitD,oenTFuFS,Q,Jk,FVg,NoH
NoH
Q
Qx,Q,Jk,NoH,oenTFuFS,FVg,AitD,oenTFuFS,Q,FVg,NoH
Jk
Jk
Qx,Q,Jk,NoH,oenTFuFS,FVg,AitD,oenTFuFS,Q,FVg,NoH
NoH
oenTFuFS
oenTFuFS
Qx,Q,NoH,oenTFuFS,FVg,AitD,oenTFuFS,Q,Jk,FVg,NoH,afhvSJmL
Qx,Q,NoH,oenTFuFS,FVg,AitD,oenTFuFS,Q,Jk,FVg,NoH,afhvSJmL
FVg
NoH,oenTFuFS,FVg,Qx,Q,AitD,oenTFuFS,Jk,FVg,NoH,Q,AitD,IH,Jk,afhvSJmL
FVg
NoH,oenTFuFS,FVg,Qx,Q,AitD,oenTFuFS,Jk,FVg,NoH,Q,AitD,Jk,afhvSJmL
FVg
FVg
FVg
oenTFuFS,FVg,NoH,Qx,Q,AitD,oenTFuFS,Jk,FVg,NoH,Q,AitD,Jk,afhvSJmL,Q,Qx,afhvSJmL,Tq
oenTFuFS,FVg,NoH,Qx,Q,AitD,oenTFuFS,Jk,FVg,NoH,Q,AitD,Jk,afhvSJmL,Q,Qx,afhvSJmL,Tq,IH
oenTFuFS,FVg,NoH,Qx,Q,AitD,oenTFuFS,Jk,FVg,NoH,Q,AitD,Jk,afhvSJmL,Q,Qx,afhvSJmL,Tq,IH
Q
AitD
oenTFuFS,FVg,NoH,Qx,Q,AitD,oenTFuFS,Jk,FVg,NoH,Q,AitD,Jk,afhvSJmL,Q,Qx,afhvSJmL
oenTFuFS,FVg,NoH,Qx,Q,AitD,oenTFuFS,Jk,FVg,NoH,Q,AitD,Jk,afhvSJmL,Q,Qx,afhvSJmL
AitD
AitD
oenTFuFS
oenTFuFS
oenTFuFS,FVg,NoH,Qx,Q,AitD,Jk,oenTFuFS,FVg,NoH,Q,AitD,Jk,afhvSJmL,Q,Qx,afhvSJmL,Jk
oenTFuFS,FVg,NoH,Qx,Q,AitD,Jk,oenTFuFS,FVg,NoH,Q,AitD,Jk,afhvSJmL,Q,Qx,afhvSJmL,Jk
oenTFuFS,FVg,NoH,Q,AitD,Jk,oenTFuFS,FVg,NoH,Q,AitD,Jk,afhvSJmL,Q,Qx,afhvSJmL,Jk,Tq
oenTFuFS,FVg,NoH,Qx,Q,AitD,Jk,oenTFuFS,FVg,NoH,Q,AitD,Jk,afhvSJmL,Q,Qx,afhvSJmL,Jk
oenTFuFS,FVg,NoH,Qx,Q,AitD,Jk,oenTFuFS,FVg,NoH,Q,AitD,Jk,afhvSJmL,Q,Qx,afhvSJmL,Jk
oenTFuFS
oenTFuFS
oenTFuFS,FVg,NoH,Qx,Q,AitD,Jk,oenTFuFS,FVg,NoH,Q,AitD,Jk,afhvSJmL,Q,Qx,afhvSJmL,Jk
oenTFuFS,FVg,NoH,Q,AitD,Jk,oenTFuFS,FVg,NoH,Q,AitD,Jk,afhvSJmL,Q,Qx,afhvSJmL,Jk
oenTFuFS,FVg,NoH,Q,AitD,Jk,oenTFuFS,FVg,NoH,Q,AitD,Jk,afhvSJmL,Q,Qx,afhvSJmL,Jk
oenTFuFS,FVg,NoH,Q,AitD,Jk,oenTFuFS,FVg,NoH,Q,AitD,Jk,afhvSJmL,Q,Qx,afhvSJmL,Jk
oenTFuFS
oenTFuFS,FVg,Qx,Q,AitD,Jk,oenTFuFS,FVg,NoH,Q,AitD,Jk,afhvSJmL,Q,Qx,afhvSJmL,Jk
oenTFuFS,FVg,Qx,Q,AitD,Jk,oenTFuFS,FVg,NoH,Q,AitD,Jk,afhvSJmL,Q,Qx,afhvSJmL,Jk
oenTFuFS
oenTFuFS
oenTFuFS,FVg,NoH,Qx,Q,AitD,Jk,oenTFuFS,FVg,NoH,Q,AitD,Jk,afhvSJmL,Q,Qx,afhvSJmL,Jk,afhvSJmL
oenTFuFS
NoH
Q
oenTFuFS,FVg,Qx,Q,AitD,Jk,oenTFuFS,NoH,FVg,NoH,Q,AitD,Jk,afhvSJmL,Q,Qx,afhvSJmL,Jk,afhvSJmL,FVg
oenTFuFS,FVg,Qx,Q,AitD,Jk,oenTFuFS,NoH,FVg,NoH,Q,AitD,Jk,afhvSJmL,Q,Qx,afhvSJmL,Jk,afhvSJmL,FVg
oenTFuFS,FVg,Qx,Q,AitD,Jk,oenTFuFS,FVg,NoH,Q,AitD,Jk,afhvSJmL,Q,Qx,afhvSJmL,Jk,afhvSJmL,FVg
oenTFuFS
oenTFuFS
Q
oenTFuFS,FVg,Qx,Q,AitD,Jk,oenTFuFS,NoH,FVg,NoH,Q,AitD,Jk,afhvSJmL,Q,Qx,afhvSJmL,Jk,afhvSJmL,FVg
Q
afhvSJmL
Qx
Qx
Qx
Qx
Qx
Qx
Jk
Jk
oenTFuFS,FVg,oenTFuFS,NoH,FVg,NoH,Q,afhvSJmL,Jk,Qx,Q,Q,Qx,afhvSJmL,Jk,afhvSJmL,FVg,NoH,afhvSJmL,NoH,Q,Qx,AitD
oenTFuFS,FVg,oenTFuFS,NoH,FVg,NoH,Q,afhvSJmL,Jk,Qx,Q,Q,Qx,afhvSJmL,Jk,afhvSJmL,FVg,NoH,afhvSJmL,NoH,Q,Qx,AitD,Q
Jk
Jk
oenTFuFS,FVg,oenTFuFS,NoH,FVg,NoH,Q,Jk,Q,afhvSJmL,Q,Qx,afhvSJmL,Jk,afhvSJmL,FVg,NoH,afhvSJmL,NoH,Q,Qx,AitD,Q
Q
oenTFuFS,FVg,oenTFuFS,FVg,NoH,Q,Jk,Q,NoH,afhvSJmL,Q,Qx,afhvSJmL,Jk,afhvSJmL,FVg,NoH,afhvSJmL,NoH,Q,Qx,AitD,Q,oenTFuFS,Q,Qx
FVg,oenTFuFS,FVg,NoH,Q,Jk,Q,NoH,oenTFuFS,afhvSJmL,Q,Qx,afhvSJmL,Jk,afhvSJmL,FVg,NoH,afhvSJmL,NoH,Q,Qx,AitD,Q,oenTFuFS,Q,Qx
oenTFuFS
oenTFuFS
oenTFuFS
FVg,oenTFuFS,FVg,NoH,Q,Jk,Q,NoH,oenTFuFS,afhvSJmL,Q,Qx,afhvSJmL,Jk,afhvSJmL,FVg,NoH,afhvSJmL,NoH,Q,Qx,AitD,Q,oenTFuFS,Q,Qx
FVg,oenTFuFS,FVg,Q,Jk,Q,NoH,oenTFuFS,afhvSJmL,Q,Qx,afhvSJmL,Jk,afhvSJmL,FVg,NoH,afhvSJmL,NoH,Q,Qx,AitD,Q,oenTFuFS,Q,Qx
Q
oenTFuFS,FVg,oenTFuFS,NoH,FVg,NoH,Q,Jk,Q,afhvSJmL,Q,Qx,afhvSJmL,Jk,afhvSJmL,FVg,NoH,afhvSJmL,NoH,Q,Qx,AitD,Q
afhvSJmL
afhvSJmL
oenTFuFS,FVg,oenTFuFS,NoH,FVg,NoH,Q,Jk,Q,afhvSJmL,Qx,Q,afhvSJmL,Jk,afhvSJmL,FVg,NoH,afhvSJmL,NoH,Q,Qx,AitD,Q
oenTFuFS,FVg,oenTFuFS,NoH,FVg,NoH,Q,afhvSJmL,Jk,Q,Q,Qx,afhvSJmL,Jk,afhvSJmL,FVg,NoH,afhvSJmL,NoH,Q,Qx,AitD,Q
Q
oenTFuFS,FVg,oenTFuFS,FVg,NoH,afhvSJmL,Jk,Q,Q,Q,afhvSJmL,Jk,afhvSJmL,FVg,NoH,afhvSJmL,NoH,Q,Qx,AitD,Q
oenTFuFS,FVg,oenTFuFS,FVg,NoH,afhvSJmL,Jk,Q,Q,Q,afhvSJmL,Jk,afhvSJmL,FVg,NoH,afhvSJmL,NoH,Q,Qx,AitD,Q
Jk
oenTFuFS,FVg,oenTFuFS,FVg,NoH,afhvSJmL,Jk,Q,Q,Q,afhvSJmL,Jk,afhvSJmL,FVg,NoH,afhvSJmL,NoH,Q,Qx,AitD,Q,oenTFuFS,Tq
Jk
oenTFuFS,FVg,oenTFuFS,FVg,NoH,Jk,Q,Q,Q,afhvSJmL,Jk,afhvSJmL,afhvSJmL,FVg,NoH,afhvSJmL,NoH,Q,Qx,AitD,Q,oenTFuFS
oenTFuFS,FVg,oenTFuFS,FVg,NoH,Jk,Q,Q,Q,afhvSJmL,Jk,afhvSJmL,afhvSJmL,FVg,NoH,afhvSJmL,NoH,Q,Qx,AitD,Q,oenTFuFS
afhvSJmL
afhvSJmL
oenTFuFS,oenTFuFS,FVg,NoH,Jk,Q,Q,Q,afhvSJmL,Jk,afhvSJmL,afhvSJmL,FVg,NoH,afhvSJmL,NoH,Q,Qx,AitD,Q,oenTFuFS,Tq
afhvSJmL
FVg
FVg
oenTFuFS,oenTFuFS,FVg,Jk,Q,Q,Q,afhvSJmL,Jk,afhvSJmL,afhvSJmL,FVg,NoH,afhvSJmL,NoH,Q,AitD,Q,oenTFuFS,NoH,IH,Tq,Q,Q
oenTFuFS,oenTFuFS,FVg,Jk,Q,Q,Q,afhvSJmL,Jk,afhvSJmL,afhvSJmL,FVg,NoH,afhvSJmL,NoH,Q,AitD,Q,oenTFuFS,NoH,IH,Tq,Q,Q
NoH
NoH
afhvSJmL
afhvSJmL
Q
oenTFuFS,oenTFuFS,Jk,Q,Q,Q,afhvSJmL,Jk,afhvSJmL,afhvSJmL,FVg,afhvSJmL,NoH,AitD,Q,Q,oenTFuFS,NoH,IH,Q,Q,afhvSJmL,oenTFuFS,Tq,Tq,Q,NoH
oenTFuFS,oenTFuFS,Jk,Q,Q,Q,afhvSJmL,Jk,afhvSJmL,afhvSJmL,FVg,afhvSJmL,NoH,AitD,Q,Q,oenTFuFS,NoH,IH,Q,Q,afhvSJmL,oenTFuFS,Tq,Tq,Q,NoH
oenTFuFS,oenTFuFS,Jk,Q,Q,Q,afhvSJmL,Jk,afhvSJmL,afhvSJmL,FVg,afhvSJmL,NoH,AitD,Q,Q,oenTFuFS,NoH,IH,Q,Q,afhvSJmL,oenTFuFS,Tq,Tq,Q,NoH
AitD
oenTFuFS,oenTFuFS,Q,Q,Q,afhvSJmL,afhvSJmL,afhvSJmL,FVg,afhvSJmL,NoH,AitD,Q,Q,oenTFuFS,NoH,IH,Q,Q,afhvSJmL,oenTFuFS,Tq,Tq,Q,NoH
oenTFuFS,oenTFuFS,Q,Q,Q,afhvSJmL,afhvSJmL,afhvSJmL,FVg,afhvSJmL,NoH,AitD,Q,Q,oenTFuFS,NoH,IH,Q,Q,afhvSJmL,oenTFuFS,Tq,Tq,Q,NoH
NoH
NoH
Q
Q
Q
Q
Q
Q
oenTFuFS,oenTFuFS,Q,Q,afhvSJmL,afhvSJmL,afhvSJmL,FVg,afhvSJmL,NoH,AitD,Q,Q,oenTFuFS,NoH,Q,Q,afhvSJmL,oenTFuFS,Tq,Tq,Q,NoH,Jk,AitD,Q
oenTFuFS
oenTFuFS,oenTFuFS,Q,Q,afhvSJmL,afhvSJmL,afhvSJmL,FVg,afhvSJmL,NoH,AitD,Q,Q,oenTFuFS,NoH,Q,Q,afhvSJmL,oenTFuFS,Tq,Tq,Q,NoH,Jk,AitD,Q,oenTFuFS,NoH
oenTFuFS,Q,Q,afhvSJmL,afhvSJmL,afhvSJmL,FVg,afhvSJmL,NoH,AitD,Q,Q,oenTFuFS,NoH,Q,Q,afhvSJmL,oenTFuFS,Tq,Tq,Q,NoH,Jk,AitD,Q,oenTFuFS
oenTFuFS,Q,Q,afhvSJmL,afhvSJmL,afhvSJmL,FVg,afhvSJmL,NoH,AitD,Q,Q,oenTFuFS,NoH,Q,Q,afhvSJmL,oenTFuFS,Tq,Tq,Q,NoH,Jk,AitD,Q,oenTFuFS,Jk
oenTFuFS,Q,Q,afhvSJmL,afhvSJmL,afhvSJmL,FVg,afhvSJmL,NoH,AitD,Q,Q,oenTFuFS,NoH,Q,Q,afhvSJmL,oenTFuFS,Tq,Tq,Q,NoH,Jk,AitD,Q,oenTFuFS,Jk
oenTFuFS,Q,Q,afhvSJmL,afhvSJmL,FVg,afhvSJmL,NoH,AitD,Q,Q,oenTFuFS,NoH,Q,Q,afhvSJmL,oenTFuFS,Tq,Tq,Q,NoH,Jk,AitD,Q,oenTFuFS,Jk
oenTFuFS,Q,Q,afhvSJmL,afhvSJmL,FVg,afhvSJmL,NoH,AitD,Q,Q,oenTFuFS,NoH,Q,Q,afhvSJmL,oenTFuFS,Tq,Tq,Q,NoH,Jk,AitD,Q,oenTFuFS,Jk
Jedi Wagner, assuma o comando!