Toque! Toque, Dijê!
[vazia]
BhUHNFK
BhUHNFK
eUYL
BhUHNFK,eUYL,AtdHqPYxcl,AtdHqPYxcl,BhUHNFK
BhUHNFK,eUYL,AtdHqPYxcl,AtdHqPYxcl,BhUHNFK
BhUHNFK,AtdHqPYxcl,AtdHqPYxcl,eUYL,BhUHNFK
BhUHNFK
AtdHqPYxcl
AtdHqPYxcl
eUYL
eUYL
BhUHNFK,eUYL,AtdHqPYxcl,AtdHqPYxcl,BhUHNFK,eUYL
AtdHqPYxcl
BhUHNFK,eUYL,AtdHqPYxcl,AtdHqPYxcl,BhUHNFK
AtdHqPYxcl
AtdHqPYxcl
AtdHqPYxcl,BhUHNFK,eUYL,AtdHqPYxcl,eUYL
BhUHNFK,eUYL,AtdHqPYxcl,AtdHqPYxcl,eUYL
BhUHNFK,eUYL,AtdHqPYxcl,AtdHqPYxcl,BhUHNFK
BhUHNFK,eUYL,AtdHqPYxcl,AtdHqPYxcl,BhUHNFK
eUYL,AtdHqPYxcl,BhUHNFK,BhUHNFK
AtdHqPYxcl,BhUHNFK,AtdHqPYxcl,eUYL
AtdHqPYxcl,BhUHNFK,AtdHqPYxcl,eUYL
AtdHqPYxcl,BhUHNFK,BhUHNFK
AtdHqPYxcl,BhUHNFK,BhUHNFK,eUYL
eUYL
eUYL,BhUHNFK,BhUHNFK
eUYL,BhUHNFK,BhUHNFK
eUYL
eUYL,BhUHNFK,BhUHNFK,BhUHNFK
eUYL,BhUHNFK,BhUHNFK,BhUHNFK,BhUHNFK
BhUHNFK
BhUHNFK
BhUHNFK
BhUHNFK
BhUHNFK
BhUHNFK
eUYL,BhUHNFK,BhUHNFK,eUYL
BhUHNFK
eUYL,BhUHNFK,BhUHNFK,BhUHNFK
BhUHNFK,eUYL,BhUHNFK,BhUHNFK
BhUHNFK,eUYL,BhUHNFK,BhUHNFK
eUYL
BhUHNFK,eUYL,BhUHNFK,BhUHNFK
eUYL,BhUHNFK,BhUHNFK,BhUHNFK
eUYL,BhUHNFK,BhUHNFK,BhUHNFK
eUYL
eUYL,BhUHNFK,BhUHNFK,BhUHNFK
BhUHNFK,eUYL,BhUHNFK,BhUHNFK
BhUHNFK
BhUHNFK,BhUHNFK,BhUHNFK
BhUHNFK
BhUHNFK,BhUHNFK,BhUHNFK,nBnuVrr
BhUHNFK
BhUHNFK
BhUHNFK
eUYL,BhUHNFK,BhUHNFK,BhUHNFK
eUYL,BhUHNFK,BhUHNFK,BhUHNFK
BhUHNFK
eUYL,BhUHNFK,BhUHNFK,BhUHNFK
BhUHNFK
BhUHNFK
BhUHNFK,eUYL,BhUHNFK,BhUHNFK
eUYL
eUYL
eUYL
eUYL,nBnuVrr,BhUHNFK,BhUHNFK,BhUHNFK,BhUHNFK,AtdHqPYxcl
BhUHNFK,BhUHNFK,BhUHNFK,AtdHqPYxcl
BhUHNFK,BhUHNFK,BhUHNFK,AtdHqPYxcl
BhUHNFK,BhUHNFK,BhUHNFK,AtdHqPYxcl
BhUHNFK
eUYL
BhUHNFK
eUYL
BhUHNFK,BhUHNFK,eUYL,BhUHNFK,AtdHqPYxcl,BhUHNFK,AtdHqPYxcl
BhUHNFK,BhUHNFK,eUYL,AtdHqPYxcl,BhUHNFK,AtdHqPYxcl
BhUHNFK,BhUHNFK,eUYL,BhUHNFK,AtdHqPYxcl,BhUHNFK,AtdHqPYxcl,eUYL
BhUHNFK,eUYL,BhUHNFK,BhUHNFK,AtdHqPYxcl,BhUHNFK,AtdHqPYxcl,eUYL,AtdHqPYxcl,AtdHqPYxcl
BhUHNFK,BhUHNFK,eUYL,BhUHNFK,AtdHqPYxcl,BhUHNFK,AtdHqPYxcl,nBnuVrr
BhUHNFK
BhUHNFK
BhUHNFK
BhUHNFK,eUYL,BhUHNFK,AtdHqPYxcl,BhUHNFK,AtdHqPYxcl
BhUHNFK
BhUHNFK,BhUHNFK,AtdHqPYxcl,BhUHNFK,AtdHqPYxcl,BhUHNFK,eUYL
BhUHNFK
BhUHNFK,AtdHqPYxcl,BhUHNFK,BhUHNFK,AtdHqPYxcl,BhUHNFK,eUYL
AtdHqPYxcl
BhUHNFK
BhUHNFK
BhUHNFK
BhUHNFK,eUYL,BhUHNFK,AtdHqPYxcl,BhUHNFK,AtdHqPYxcl
AtdHqPYxcl
BhUHNFK,BhUHNFK,AtdHqPYxcl,BhUHNFK,AtdHqPYxcl
BhUHNFK,BhUHNFK,AtdHqPYxcl,BhUHNFK,AtdHqPYxcl,eUYL
BhUHNFK
BhUHNFK,BhUHNFK,AtdHqPYxcl,BhUHNFK,AtdHqPYxcl,eUYL
BhUHNFK
BhUHNFK,BhUHNFK,AtdHqPYxcl,BhUHNFK,eUYL
BhUHNFK,BhUHNFK,AtdHqPYxcl,BhUHNFK,AtdHqPYxcl
BhUHNFK,BhUHNFK,AtdHqPYxcl,BhUHNFK,AtdHqPYxcl,AtdHqPYxcl
BhUHNFK,BhUHNFK,AtdHqPYxcl,BhUHNFK,AtdHqPYxcl,AtdHqPYxcl,AtdHqPYxcl,nBnuVrr
BhUHNFK
BhUHNFK
BhUHNFK
BhUHNFK,AtdHqPYxcl,BhUHNFK,BhUHNFK,AtdHqPYxcl
BhUHNFK
BhUHNFK,AtdHqPYxcl,BhUHNFK,BhUHNFK,eUYL,AtdHqPYxcl
AtdHqPYxcl,BhUHNFK,BhUHNFK,eUYL,AtdHqPYxcl
BhUHNFK
AtdHqPYxcl,BhUHNFK,eUYL,AtdHqPYxcl
AtdHqPYxcl,BhUHNFK,eUYL,AtdHqPYxcl
BhUHNFK
eUYL
nBnuVrr
nBnuVrr
nBnuVrr
AtdHqPYxcl,eUYL,AtdHqPYxcl,AtdHqPYxcl
AtdHqPYxcl
BhUHNFK
nBnuVrr,AtdHqPYxcl,AtdHqPYxcl,BhUHNFK
BhUHNFK
eUYL
eUYL
BhUHNFK,nBnuVrr,eUYL,AtdHqPYxcl
eUYL
nBnuVrr,AtdHqPYxcl,BhUHNFK,BhUHNFK
AtdHqPYxcl
BhUHNFK,nBnuVrr,AtdHqPYxcl,BhUHNFK
BhUHNFK,nBnuVrr,eUYL,AtdHqPYxcl,BhUHNFK
AtdHqPYxcl
AtdHqPYxcl
BhUHNFK,nBnuVrr,eUYL,AtdHqPYxcl,BhUHNFK
BhUHNFK,nBnuVrr,AtdHqPYxcl,BhUHNFK
nBnuVrr,eUYL,AtdHqPYxcl,BhUHNFK,BhUHNFK,nBnuVrr
BhUHNFK
nBnuVrr,eUYL,BhUHNFK,BhUHNFK,nBnuVrr,BhUHNFK
nBnuVrr,eUYL,BhUHNFK,BhUHNFK,nBnuVrr,BhUHNFK
nBnuVrr,eUYL,BhUHNFK,BhUHNFK,nBnuVrr,BhUHNFK
nBnuVrr,eUYL,BhUHNFK,BhUHNFK,nBnuVrr,BhUHNFK,BhUHNFK
nBnuVrr,eUYL,BhUHNFK,BhUHNFK,nBnuVrr,BhUHNFK,BhUHNFK
nBnuVrr,eUYL,BhUHNFK,BhUHNFK,nBnuVrr,BhUHNFK,BhUHNFK
nBnuVrr,eUYL,BhUHNFK,BhUHNFK,nBnuVrr,BhUHNFK,BhUHNFK
BhUHNFK
BhUHNFK,nBnuVrr,nBnuVrr,eUYL,BhUHNFK,BhUHNFK,nBnuVrr,nBnuVrr
nBnuVrr,eUYL,BhUHNFK,nBnuVrr,BhUHNFK,BhUHNFK,nBnuVrr,BhUHNFK
nBnuVrr,eUYL,BhUHNFK,BhUHNFK,nBnuVrr,BhUHNFK,BhUHNFK,nBnuVrr
nBnuVrr
nBnuVrr,eUYL,BhUHNFK,nBnuVrr,BhUHNFK,BhUHNFK,BhUHNFK,nBnuVrr,BhUHNFK,eUYL
BhUHNFK
BhUHNFK
nBnuVrr,eUYL,BhUHNFK,BhUHNFK,nBnuVrr,BhUHNFK,BhUHNFK,nBnuVrr
nBnuVrr
eUYL,BhUHNFK,BhUHNFK,nBnuVrr,BhUHNFK,BhUHNFK,nBnuVrr,BhUHNFK,eUYL
nBnuVrr
BhUHNFK
BhUHNFK
nBnuVrr,eUYL,nBnuVrr,BhUHNFK,BhUHNFK,nBnuVrr,BhUHNFK
BhUHNFK
nBnuVrr,nBnuVrr,BhUHNFK,BhUHNFK,nBnuVrr,BhUHNFK,eUYL,eUYL
nBnuVrr,eUYL,BhUHNFK,BhUHNFK,nBnuVrr,BhUHNFK,BhUHNFK,nBnuVrr,BhUHNFK
nBnuVrr,eUYL,BhUHNFK,BhUHNFK,nBnuVrr,BhUHNFK,BhUHNFK,nBnuVrr,BhUHNFK
nBnuVrr,eUYL,BhUHNFK,BhUHNFK,nBnuVrr,BhUHNFK,BhUHNFK,nBnuVrr,BhUHNFK
nBnuVrr,eUYL,BhUHNFK,BhUHNFK,nBnuVrr,BhUHNFK,BhUHNFK,nBnuVrr,BhUHNFK
BhUHNFK
nBnuVrr,eUYL,BhUHNFK,BhUHNFK,nBnuVrr,BhUHNFK,BhUHNFK,nBnuVrr,BhUHNFK
BhUHNFK
nBnuVrr
nBnuVrr,eUYL,BhUHNFK,BhUHNFK,nBnuVrr,BhUHNFK,BhUHNFK,nBnuVrr,BhUHNFK,nBnuVrr
nBnuVrr
BhUHNFK,nBnuVrr,BhUHNFK,BhUHNFK,nBnuVrr,eUYL,nBnuVrr,BhUHNFK,nBnuVrr,AtdHqPYxcl
nBnuVrr
BhUHNFK,BhUHNFK,BhUHNFK,nBnuVrr,eUYL,nBnuVrr,BhUHNFK,nBnuVrr,nBnuVrr,AtdHqPYxcl,AtdHqPYxcl
nBnuVrr
nBnuVrr
nBnuVrr
nBnuVrr
BhUHNFK,BhUHNFK,BhUHNFK,eUYL,nBnuVrr,BhUHNFK,nBnuVrr,nBnuVrr
BhUHNFK,BhUHNFK,BhUHNFK,nBnuVrr,eUYL,nBnuVrr,BhUHNFK,nBnuVrr,nBnuVrr
nBnuVrr
nBnuVrr
BhUHNFK,BhUHNFK,nBnuVrr,eUYL,nBnuVrr,BhUHNFK,nBnuVrr,nBnuVrr,BhUHNFK,AtdHqPYxcl
nBnuVrr
AtdHqPYxcl
BhUHNFK,BhUHNFK,nBnuVrr,eUYL,nBnuVrr,BhUHNFK,nBnuVrr,nBnuVrr,BhUHNFK,AtdHqPYxcl
BhUHNFK,BhUHNFK,nBnuVrr,eUYL,nBnuVrr,BhUHNFK,nBnuVrr,nBnuVrr,BhUHNFK,AtdHqPYxcl
BhUHNFK,BhUHNFK,nBnuVrr,eUYL,nBnuVrr,BhUHNFK,nBnuVrr,nBnuVrr,BhUHNFK,AtdHqPYxcl,eUYL
eUYL
eUYL,nBnuVrr,BhUHNFK,nBnuVrr,nBnuVrr,BhUHNFK,AtdHqPYxcl,nBnuVrr,eUYL,BhUHNFK
eUYL
eUYL
BhUHNFK,eUYL,nBnuVrr,BhUHNFK,nBnuVrr,nBnuVrr,BhUHNFK,AtdHqPYxcl,nBnuVrr,eUYL
eUYL
eUYL
eUYL
BhUHNFK,eUYL,nBnuVrr,BhUHNFK,nBnuVrr,nBnuVrr,BhUHNFK,AtdHqPYxcl,nBnuVrr,eUYL
BhUHNFK
eUYL
eUYL
eUYL
eUYL
eUYL,BhUHNFK,nBnuVrr,BhUHNFK,AtdHqPYxcl,nBnuVrr,eUYL,BhUHNFK,eUYL
eUYL
eUYL,BhUHNFK,nBnuVrr,BhUHNFK,AtdHqPYxcl,nBnuVrr,eUYL,BhUHNFK,eUYL
eUYL
eUYL
eUYL,BhUHNFK,nBnuVrr,BhUHNFK,AtdHqPYxcl,nBnuVrr,eUYL,BhUHNFK,eUYL
Jedi Wagner, assuma o comando!