Toque! Toque, Dijê!
[vazia]
[vazia]
cZ
cZ
cZ
cZ,blfwOT,cZ
cZ,blfwOT,cZ
[vazia]
KezWCWWKLD
KezWCWWKLD
KezWCWWKLD
cZ
KezWCWWKLD,cZ,cZ
KezWCWWKLD
KezWCWWKLD
Toque! Toque, Dijê!
Toque! Toque, Dijê!
[vazia]
Toque! Toque, Dijê!
cZ,cZ
cZ,cZ
cZ,cZ
cZ,cZ,cZ
cZ,cZ,cZ,cZ,cZ
cZ
blfwOT
[vazia]
Toque! Toque, Dijê!
[vazia]
[vazia]
[vazia]
Toque! Toque, Dijê!
blfwOT
blfwOT
blfwOT
blfwOT
blfwOT
blfwOT,blfwOT
blfwOT
blfwOT
blfwOT
blfwOT
blfwOT,blfwOT,blfwOT,cZ
blfwOT,blfwOT
blfwOT
blfwOT,blfwOT
blfwOT,blfwOT
blfwOT,blfwOT
blfwOT,blfwOT
blfwOT
blfwOT
blfwOT,blfwOT
blfwOT,blfwOT
blfwOT,blfwOT
blfwOT
blfwOT,blfwOT,blfwOT
blfwOT,blfwOT,blfwOT
blfwOT,blfwOT,cZ,blfwOT,blfwOT
blfwOT,blfwOT,cZ,blfwOT,blfwOT
blfwOT,blfwOT,cZ,blfwOT,blfwOT
KezWCWWKLD
KezWCWWKLD
blfwOT,blfwOT,cZ,blfwOT,blfwOT,KezWCWWKLD,cZ
blfwOT
blfwOT
blfwOT
blfwOT,blfwOT,cZ,blfwOT,blfwOT,KezWCWWKLD,cZ
cZ
cZ
Jedi Wagner, assuma o comando!