Z
Z
Toque! Toque, Dijê!
[vazia]
Toque! Toque, Dijê!
Toque! Toque, Dijê!
Z
Z
Toque! Toque, Dijê!
[vazia]
[vazia]
Toque! Toque, Dijê!
Toque! Toque, Dijê!
ShQgdRLLxs
aGxlY
ShQgdRLLxs,aGxlY
aGxlY
ShQgdRLLxs,aGxlY
ShQgdRLLxs,aGxlY
NFYmuXCO
NFYmuXCO
ShQgdRLLxs,aGxlY,NFYmuXCO,aGxlY
ShQgdRLLxs,aGxlY,NFYmuXCO,aGxlY
ShQgdRLLxs,aGxlY,NFYmuXCO,aGxlY,aGxlY,Z
ShQgdRLLxs,aGxlY,NFYmuXCO,aGxlY,aGxlY,Z
ShQgdRLLxs,aGxlY,NFYmuXCO,aGxlY,aGxlY,Z
ShQgdRLLxs,aGxlY,NFYmuXCO,aGxlY,aGxlY,Z
ShQgdRLLxs,aGxlY,NFYmuXCO,aGxlY,aGxlY,Z
Z
aGxlY,NFYmuXCO,aGxlY,aGxlY,ShQgdRLLxs,Z
Z
NFYmuXCO
NFYmuXCO
NFYmuXCO
NFYmuXCO,ShQgdRLLxs,aGxlY,aGxlY,Z,aGxlY,NFYmuXCO,Z
NFYmuXCO,ShQgdRLLxs,aGxlY,aGxlY,Z,aGxlY,NFYmuXCO,Z,NFYmuXCO
NFYmuXCO,ShQgdRLLxs,aGxlY,aGxlY,Z,aGxlY,NFYmuXCO,Z,NFYmuXCO
NFYmuXCO,ShQgdRLLxs,aGxlY,aGxlY,Z,aGxlY,NFYmuXCO,Z,NFYmuXCO
NFYmuXCO,ShQgdRLLxs,aGxlY,aGxlY,Z,aGxlY,NFYmuXCO,Z,NFYmuXCO
NFYmuXCO,ShQgdRLLxs,aGxlY,aGxlY,Z,aGxlY,NFYmuXCO,Z,NFYmuXCO
aGxlY
aGxlY
aGxlY
aGxlY
aGxlY
NFYmuXCO,ShQgdRLLxs,aGxlY,aGxlY,Z,aGxlY,NFYmuXCO,Z,NFYmuXCO
NFYmuXCO,ShQgdRLLxs,aGxlY,aGxlY,Z,aGxlY,NFYmuXCO,Z,NFYmuXCO
aGxlY
NFYmuXCO
Z
ShQgdRLLxs,aGxlY,aGxlY,NFYmuXCO,aGxlY,NFYmuXCO,Z,NFYmuXCO,aGxlY,rzaZ
Z
rzaZ
ShQgdRLLxs,aGxlY,aGxlY,NFYmuXCO,aGxlY,NFYmuXCO,Z,NFYmuXCO,aGxlY,rzaZ,EHLz
rzaZ
ShQgdRLLxs,aGxlY,aGxlY,NFYmuXCO,aGxlY,NFYmuXCO,Z,NFYmuXCO,aGxlY,rzaZ,EHLz
ShQgdRLLxs,aGxlY,aGxlY,NFYmuXCO,aGxlY,NFYmuXCO,Z,NFYmuXCO,aGxlY,EHLz,rzaZ
ShQgdRLLxs,aGxlY,aGxlY,NFYmuXCO,aGxlY,NFYmuXCO,Z,NFYmuXCO,aGxlY,EHLz,rzaZ
EHLz
rzaZ
KppxRxhYlP
KppxRxhYlP
aGxlY,aGxlY,aGxlY,Z,NFYmuXCO,aGxlY,EHLz,ShQgdRLLxs,rzaZ,KppxRxhYlP,NFYmuXCO,Z,NFYmuXCO,Z
NFYmuXCO
NFYmuXCO
NFYmuXCO
aGxlY,aGxlY,aGxlY,Z,NFYmuXCO,aGxlY,EHLz,ShQgdRLLxs,rzaZ,KppxRxhYlP,NFYmuXCO,Z,NFYmuXCO,Z,EHLz,KppxRxhYlP
aGxlY,aGxlY,aGxlY,NFYmuXCO,aGxlY,EHLz,ShQgdRLLxs,rzaZ,KppxRxhYlP,NFYmuXCO,Z,Z,NFYmuXCO,Z,EHLz,KppxRxhYlP
aGxlY,aGxlY,aGxlY,Z,NFYmuXCO,aGxlY,EHLz,ShQgdRLLxs,rzaZ,KppxRxhYlP,NFYmuXCO,Z,NFYmuXCO,Z,EHLz,KppxRxhYlP
Z
aGxlY,aGxlY,aGxlY,Z,NFYmuXCO,aGxlY,EHLz,ShQgdRLLxs,rzaZ,KppxRxhYlP,NFYmuXCO,Z,NFYmuXCO,Z,EHLz,KppxRxhYlP,Lp
aGxlY,aGxlY,aGxlY,Z,NFYmuXCO,aGxlY,EHLz,ShQgdRLLxs,rzaZ,KppxRxhYlP,NFYmuXCO,Z,NFYmuXCO,Z,EHLz,KppxRxhYlP,Lp
Z
rzaZ
aGxlY,aGxlY,aGxlY,Z,NFYmuXCO,aGxlY,EHLz,ShQgdRLLxs,rzaZ,KppxRxhYlP,NFYmuXCO,Z,NFYmuXCO,Z,EHLz,KppxRxhYlP
aGxlY,aGxlY,aGxlY,NFYmuXCO,aGxlY,EHLz,ShQgdRLLxs,KppxRxhYlP,NFYmuXCO,Z,rzaZ,NFYmuXCO,Z,EHLz,KppxRxhYlP
aGxlY,aGxlY,aGxlY,NFYmuXCO,aGxlY,EHLz,ShQgdRLLxs,KppxRxhYlP,NFYmuXCO,Z,rzaZ,NFYmuXCO,Z,EHLz,KppxRxhYlP
rzaZ
rzaZ
rzaZ
rzaZ
aGxlY,aGxlY,aGxlY,aGxlY,EHLz,NFYmuXCO,Z,NFYmuXCO,rzaZ,KppxRxhYlP,NFYmuXCO,EHLz,KppxRxhYlP,Lp,Z
aGxlY,aGxlY,aGxlY,aGxlY,EHLz,NFYmuXCO,Z,NFYmuXCO,rzaZ,KppxRxhYlP,NFYmuXCO,EHLz,KppxRxhYlP,Lp,Z
aGxlY,aGxlY,aGxlY,aGxlY,EHLz,NFYmuXCO,Z,NFYmuXCO,rzaZ,KppxRxhYlP,NFYmuXCO,EHLz,KppxRxhYlP,Lp,Z
aGxlY,aGxlY,aGxlY,aGxlY,EHLz,NFYmuXCO,Z,NFYmuXCO,rzaZ,KppxRxhYlP,NFYmuXCO,EHLz,KppxRxhYlP,Lp,Z
aGxlY,aGxlY,aGxlY,aGxlY,EHLz,NFYmuXCO,Z,NFYmuXCO,rzaZ,KppxRxhYlP,NFYmuXCO,EHLz,KppxRxhYlP,Lp,Z
aGxlY,aGxlY,aGxlY,aGxlY,EHLz,NFYmuXCO,Z,NFYmuXCO,rzaZ,KppxRxhYlP,NFYmuXCO,EHLz,KppxRxhYlP,Lp,Z,EHLz
NFYmuXCO
aGxlY,aGxlY,aGxlY,EHLz,NFYmuXCO,Z,NFYmuXCO,rzaZ,NFYmuXCO,aGxlY,EHLz,KppxRxhYlP,Lp,Z,EHLz
aGxlY,aGxlY,aGxlY,EHLz,NFYmuXCO,Z,NFYmuXCO,rzaZ,NFYmuXCO,aGxlY,EHLz,KppxRxhYlP,Lp,Z,EHLz,KppxRxhYlP
aGxlY,aGxlY,aGxlY,EHLz,NFYmuXCO,Z,NFYmuXCO,rzaZ,NFYmuXCO,aGxlY,EHLz,KppxRxhYlP,Lp,Z,EHLz,KppxRxhYlP,Z
aGxlY,aGxlY,aGxlY,EHLz,NFYmuXCO,Z,NFYmuXCO,rzaZ,NFYmuXCO,aGxlY,EHLz,KppxRxhYlP,Lp,Z,EHLz,KppxRxhYlP,Z
aGxlY,aGxlY,aGxlY,EHLz,NFYmuXCO,Z,NFYmuXCO,rzaZ,NFYmuXCO,aGxlY,EHLz,Lp,KppxRxhYlP,Z,EHLz,KppxRxhYlP,Z,Z
ShQgdRLLxs
ShQgdRLLxs
Z
aGxlY,aGxlY,aGxlY,NFYmuXCO,Z,NFYmuXCO,rzaZ,NFYmuXCO,aGxlY,EHLz,ShQgdRLLxs,EHLz,KppxRxhYlP,Z,EHLz,KppxRxhYlP,Z,Z
aGxlY,aGxlY,aGxlY,NFYmuXCO,Z,NFYmuXCO,rzaZ,NFYmuXCO,aGxlY,EHLz,ShQgdRLLxs,EHLz,KppxRxhYlP,Z,EHLz,KppxRxhYlP,Z,Z
ShQgdRLLxs
ShQgdRLLxs
ShQgdRLLxs
aGxlY,aGxlY,aGxlY,EHLz,NFYmuXCO,Z,NFYmuXCO,rzaZ,NFYmuXCO,aGxlY,EHLz,ShQgdRLLxs,KppxRxhYlP,Z,EHLz,KppxRxhYlP,Z,Z,Lp
KppxRxhYlP
aGxlY,aGxlY,aGxlY,EHLz,NFYmuXCO,Z,NFYmuXCO,rzaZ,NFYmuXCO,aGxlY,EHLz,ShQgdRLLxs,KppxRxhYlP,Z,EHLz,KppxRxhYlP,Z,Z,Lp
KppxRxhYlP
aGxlY,aGxlY,aGxlY,EHLz,NFYmuXCO,Z,NFYmuXCO,rzaZ,NFYmuXCO,aGxlY,EHLz,ShQgdRLLxs,KppxRxhYlP,Z,EHLz,KppxRxhYlP,Z,Z,Lp
aGxlY,aGxlY,aGxlY,EHLz,NFYmuXCO,Z,NFYmuXCO,rzaZ,NFYmuXCO,aGxlY,EHLz,ShQgdRLLxs,KppxRxhYlP,Z,EHLz,KppxRxhYlP,Z,Z,Lp
aGxlY,aGxlY,EHLz,Z,NFYmuXCO,rzaZ,NFYmuXCO,aGxlY,EHLz,ShQgdRLLxs,KppxRxhYlP,aGxlY,NFYmuXCO,Z,EHLz,KppxRxhYlP,Z,Z,KppxRxhYlP
KppxRxhYlP
aGxlY,aGxlY,aGxlY,EHLz,NFYmuXCO,Z,NFYmuXCO,rzaZ,NFYmuXCO,aGxlY,EHLz,ShQgdRLLxs,KppxRxhYlP,Z,EHLz,KppxRxhYlP,Z,Z,Lp
Lp
Z
aGxlY,aGxlY,aGxlY,EHLz,NFYmuXCO,Z,NFYmuXCO,rzaZ,NFYmuXCO,aGxlY,EHLz,ShQgdRLLxs,KppxRxhYlP,Lp,Z,EHLz,KppxRxhYlP,Z,Z,aGxlY
EHLz
aGxlY,aGxlY,aGxlY,EHLz,NFYmuXCO,Z,NFYmuXCO,rzaZ,NFYmuXCO,aGxlY,EHLz,ShQgdRLLxs,KppxRxhYlP,Lp,Z,EHLz,KppxRxhYlP,Z,Z,aGxlY
aGxlY,aGxlY,aGxlY,EHLz,NFYmuXCO,NFYmuXCO,rzaZ,NFYmuXCO,aGxlY,EHLz,ShQgdRLLxs,KppxRxhYlP,Lp,Z,EHLz,KppxRxhYlP,Z,Z,aGxlY,Lp
aGxlY,aGxlY,EHLz,NFYmuXCO,NFYmuXCO,rzaZ,NFYmuXCO,aGxlY,EHLz,ShQgdRLLxs,KppxRxhYlP,Lp,Z,EHLz,aGxlY,KppxRxhYlP,Z,Z,aGxlY,Lp
Jedi Wagner, assuma o comando!