Toque! Toque, Dijê!
[vazia]
[vazia]
[vazia]
[vazia]
pHuSrQItj,mOwUUFmme
mOwUUFmme
mOwUUFmme,LMmC
[vazia]
[vazia]
[vazia]
[vazia]
[vazia]
lDAPyCOmM
lDAPyCOmM
nRlPsk
tPp,nRlPsk,mOwUUFmme,zAphXR
tPp
MZsB
MZsB
MZsB
[vazia]
Toque! Toque, Dijê!
[vazia]
Toque! Toque, Dijê!
[vazia]
MZsB,MZsB
MZsB,zAphXR
MZsB,zAphXR
MZsB
MZsB
MZsB,nRlPsk
MZsB
MZsB
MZsB
MZsB
nRlPsk
nRlPsk
nRlPsk
nRlPsk
nRlPsk
nRlPsk
MZsB
MZsB
MZsB,nRlPsk,LMmC
MZsB,nRlPsk
MZsB
MZsB,nRlPsk
MZsB
MZsB
MZsB,nRlPsk
MZsB,nRlPsk
lDAPyCOmM,nRlPsk
MZsB,lDAPyCOmM,nRlPsk
lDAPyCOmM
lDAPyCOmM
lDAPyCOmM
lDAPyCOmM
MZsB,lDAPyCOmM,nRlPsk,LMmC,LMmC,LMmC
MZsB,lDAPyCOmM,nRlPsk
MZsB,lDAPyCOmM,nRlPsk
MZsB,lDAPyCOmM,nRlPsk
MZsB,lDAPyCOmM,nRlPsk
MZsB,lDAPyCOmM,nRlPsk
MZsB,lDAPyCOmM,nRlPsk
MZsB,lDAPyCOmM,nRlPsk
MZsB,lDAPyCOmM,nRlPsk,mOwUUFmme
lDAPyCOmM
MZsB,mOwUUFmme,nRlPsk,pHuSrQItj
MZsB,lDAPyCOmM,nRlPsk
lDAPyCOmM
nRlPsk
nRlPsk
MZsB,lDAPyCOmM,nRlPsk,nRlPsk
MZsB,lDAPyCOmM,nRlPsk,nRlPsk,zAphXR
nRlPsk
nRlPsk,nRlPsk,zAphXR,lDAPyCOmM
nRlPsk,nRlPsk,zAphXR,lDAPyCOmM
nRlPsk,nRlPsk,zAphXR,lDAPyCOmM
nRlPsk,nRlPsk,zAphXR,lDAPyCOmM
nRlPsk,nRlPsk,zAphXR,lDAPyCOmM
nRlPsk,nRlPsk,zAphXR,lDAPyCOmM,nRlPsk
nRlPsk
nRlPsk,zAphXR,nRlPsk,lDAPyCOmM,nRlPsk,pHuSrQItj
nRlPsk,nRlPsk,lDAPyCOmM,nRlPsk,pHuSrQItj,lDAPyCOmM
nRlPsk
nRlPsk
nRlPsk
lDAPyCOmM,nRlPsk,nRlPsk,pHuSrQItj,lDAPyCOmM,lDAPyCOmM
nRlPsk
nRlPsk
nRlPsk
pHuSrQItj
nRlPsk,pHuSrQItj,lDAPyCOmM,lDAPyCOmM,mOwUUFmme,MZsB
lDAPyCOmM,pHuSrQItj,lDAPyCOmM,mOwUUFmme
lDAPyCOmM,pHuSrQItj,lDAPyCOmM,mOwUUFmme,LMmC
pHuSrQItj
pHuSrQItj
pHuSrQItj
pHuSrQItj,lDAPyCOmM,lDAPyCOmM,mOwUUFmme,MZsB
lDAPyCOmM
nRlPsk,lDAPyCOmM,pHuSrQItj,lDAPyCOmM,mOwUUFmme,MZsB,zAphXR
nRlPsk,lDAPyCOmM,pHuSrQItj,lDAPyCOmM,mOwUUFmme,MZsB,zAphXR,mOwUUFmme
mOwUUFmme
nRlPsk,lDAPyCOmM,pHuSrQItj,lDAPyCOmM,mOwUUFmme,MZsB,mOwUUFmme
lDAPyCOmM,pHuSrQItj,lDAPyCOmM,mOwUUFmme,MZsB,mOwUUFmme
mOwUUFmme
mOwUUFmme
lDAPyCOmM,pHuSrQItj,lDAPyCOmM,mOwUUFmme,MZsB,mOwUUFmme
lDAPyCOmM,pHuSrQItj,lDAPyCOmM,mOwUUFmme,MZsB,mOwUUFmme
lDAPyCOmM,pHuSrQItj,lDAPyCOmM,mOwUUFmme,MZsB,mOwUUFmme
mOwUUFmme
lDAPyCOmM,pHuSrQItj,lDAPyCOmM,mOwUUFmme,MZsB,mOwUUFmme
lDAPyCOmM,pHuSrQItj,lDAPyCOmM,mOwUUFmme,mOwUUFmme
mOwUUFmme
pHuSrQItj
lDAPyCOmM,lDAPyCOmM,mOwUUFmme,mOwUUFmme,pHuSrQItj,nRlPsk
lDAPyCOmM,lDAPyCOmM,mOwUUFmme,mOwUUFmme,pHuSrQItj,nRlPsk
lDAPyCOmM,lDAPyCOmM,mOwUUFmme,mOwUUFmme,pHuSrQItj,nRlPsk
pHuSrQItj
pHuSrQItj
mOwUUFmme
lDAPyCOmM,mOwUUFmme,pHuSrQItj,nRlPsk,mOwUUFmme,LMmC
lDAPyCOmM,mOwUUFmme,pHuSrQItj,nRlPsk,mOwUUFmme,LMmC
lDAPyCOmM,mOwUUFmme,pHuSrQItj,mOwUUFmme,nRlPsk
mOwUUFmme
mOwUUFmme
nRlPsk
nRlPsk
lDAPyCOmM,mOwUUFmme,nRlPsk,lDAPyCOmM
nRlPsk
nRlPsk
nRlPsk
nRlPsk
tPp
tPp
lDAPyCOmM,mOwUUFmme,nRlPsk,lDAPyCOmM,tPp
lDAPyCOmM,mOwUUFmme,tPp,nRlPsk,lDAPyCOmM,lDAPyCOmM,tPp,MZsB,nRlPsk
lDAPyCOmM,mOwUUFmme,tPp,nRlPsk,lDAPyCOmM,lDAPyCOmM,tPp,MZsB,nRlPsk
lDAPyCOmM,mOwUUFmme,tPp,nRlPsk,lDAPyCOmM,lDAPyCOmM,tPp,MZsB,nRlPsk
lDAPyCOmM,mOwUUFmme,nRlPsk,lDAPyCOmM,lDAPyCOmM,tPp,MZsB,nRlPsk
nRlPsk
lDAPyCOmM,mOwUUFmme,nRlPsk,lDAPyCOmM,lDAPyCOmM,tPp,MZsB,nRlPsk,LMmC
nRlPsk
lDAPyCOmM,mOwUUFmme,tPp,nRlPsk,lDAPyCOmM,lDAPyCOmM,tPp,MZsB,nRlPsk
lDAPyCOmM,mOwUUFmme,tPp,nRlPsk,lDAPyCOmM,lDAPyCOmM,tPp,MZsB,nRlPsk
tPp
nRlPsk
nRlPsk
lDAPyCOmM,mOwUUFmme,nRlPsk,lDAPyCOmM,tPp,lDAPyCOmM,tPp,MZsB,nRlPsk
nRlPsk
nRlPsk
nRlPsk
lDAPyCOmM,mOwUUFmme,nRlPsk,lDAPyCOmM,tPp,lDAPyCOmM,tPp,MZsB,nRlPsk
mOwUUFmme,nRlPsk,tPp,lDAPyCOmM,tPp,MZsB,nRlPsk,lDAPyCOmM
tPp
lDAPyCOmM
nRlPsk
mOwUUFmme,tPp,nRlPsk,lDAPyCOmM,tPp,MZsB,nRlPsk,lDAPyCOmM,pHuSrQItj
lDAPyCOmM
tPp,nRlPsk,lDAPyCOmM,tPp,MZsB,nRlPsk,lDAPyCOmM,pHuSrQItj,mOwUUFmme
lDAPyCOmM
lDAPyCOmM
lDAPyCOmM
tPp
tPp
tPp
tPp,lDAPyCOmM,tPp,MZsB,nRlPsk,lDAPyCOmM,pHuSrQItj,mOwUUFmme
Jedi Wagner, assuma o comando!