[vazia]
[vazia]
Toque! Toque, Dijê!
Toque! Toque, Dijê!
GTarSP,vSpepof
Toque! Toque, Dijê!
[vazia]
Toque! Toque, Dijê!
CyjBr
[vazia]
Toque! Toque, Dijê!
[vazia]
GTarSP
GTarSP
GTarSP,gSJIzo
GTarSP,gSJIzo
GTarSP,gSJIzo
GTarSP
GTarSP,gSJIzo,CyjBr
GTarSP,gSJIzo,CyjBr,vSpepof
GTarSP
GTarSP,gSJIzo
gSJIzo
GTarSP
GTarSP
GTarSP
GTarSP,gSJIzo,iIhU,gSJIzo
gSJIzo
gSJIzo
gSJIzo
gSJIzo,iIhU,gSJIzo,GTarSP,GTarSP,gSJIzo
iIhU
gSJIzo,iIhU,gSJIzo,GTarSP,GTarSP,gSJIzo
gSJIzo
gSJIzo
gSJIzo
GTarSP
GTarSP
Jedi Wagner, assuma o comando!