[vazia]
[vazia]
Toque! Toque, Dijê!
oAEq
Toque! Toque, Dijê!
Toque! Toque, Dijê!
Toque! Toque, Dijê!
[vazia]
Toque! Toque, Dijê!
oAEq
oAEq
oAEq
Toque! Toque, Dijê!
[vazia]
Toque! Toque, Dijê!
[vazia]
Toque! Toque, Dijê!
Toque! Toque, Dijê!
oAEq
[vazia]
[vazia]
Toque! Toque, Dijê!
Toque! Toque, Dijê!
Toque! Toque, Dijê!
Toque! Toque, Dijê!
oAEq
oAEq
oAEq,oAEq
oAEq,oAEq
oAEq,oAEq
oAEq
oAEq,oAEq
oAEq
oAEq
oAEq,oAEq
oAEq,oAEq
oAEq,oAEq
oAEq,oAEq
oAEq,oAEq
oAEq
oAEq,oAEq
oAEq
Jedi Wagner, assuma o comando!