q
q
fKsMT
fKsMT,q,QmZPbX
fKsMT
Toque! Toque, Dijê!
Toque! Toque, Dijê!
[vazia]
[vazia]
[vazia]
d
[vazia]
[vazia]
QmZPbX
QmZPbX
QmZPbX
QmZPbX
QmZPbX
I,QmZPbX,HDbjAEDP
HDbjAEDP
I
QmZPbX
QmZPbX,HDbjAEDP,I,QmZPbX
QmZPbX,HDbjAEDP,I,QmZPbX
QmZPbX,HDbjAEDP,I
QmZPbX,HDbjAEDP,I,hUv
QmZPbX,HDbjAEDP,I,hUv,QmZPbX,QmZPbX
I
I
QmZPbX
QmZPbX,HDbjAEDP,I,hUv,QmZPbX,QmZPbX
QmZPbX,HDbjAEDP,I,hUv,QmZPbX,QmZPbX
QmZPbX,I,hUv,QmZPbX,HDbjAEDP,QmZPbX
QmZPbX,I,hUv,QmZPbX,HDbjAEDP,QmZPbX
QmZPbX
hUv
hUv,I,QmZPbX,QmZPbX,q,CNVWr
QmZPbX
hUv,I,QmZPbX,QmZPbX,q,CNVWr
hUv,I,QmZPbX,QmZPbX,q,CNVWr
CNVWr
hUv,I,QmZPbX,QmZPbX,q,CNVWr,CNVWr,hUv,I,QmZPbX
hUv,I,QmZPbX,QmZPbX,q,CNVWr,CNVWr,hUv,I,QmZPbX
hUv,I,QmZPbX,QmZPbX,q,CNVWr,CNVWr,hUv,I,QmZPbX
hUv,I,QmZPbX,QmZPbX,q,CNVWr,CNVWr,hUv
CNVWr
hUv,QmZPbX,QmZPbX,q,CNVWr,CNVWr,hUv
CNVWr
hUv,QmZPbX,QmZPbX,q,CNVWr,CNVWr,hUv,fKsMT
CNVWr
hUv,QmZPbX,QmZPbX,q,CNVWr,CNVWr,hUv
hUv,QmZPbX,QmZPbX,q,CNVWr,CNVWr,hUv,I
CNVWr
hUv,QmZPbX,q,CNVWr,CNVWr,QmZPbX,hUv,I
hUv,QmZPbX,QmZPbX,q,CNVWr,CNVWr,hUv,I,hUv
hUv
hUv,QmZPbX,QmZPbX,q,CNVWr,CNVWr,hUv,I,hUv,fKsMT,CNVWr
hUv
hUv,QmZPbX,QmZPbX,q,CNVWr,CNVWr,hUv,I,hUv,fKsMT,CNVWr
Jedi Wagner, assuma o comando!