[vazia]
[vazia]
Toque! Toque, Dijê!
Toque! Toque, Dijê!
rHl,rHl
[vazia]
[vazia]
[vazia]
[vazia]
[vazia]
Toque! Toque, Dijê!
Toque! Toque, Dijê!
[vazia]
[vazia]
Toque! Toque, Dijê!
fQZHHnz
fQZHHnz,H
fQZHHnz,oivgO
fQZHHnz
fQZHHnz,oivgO
oivgO
oivgO
fQZHHnz,oivgO
oivgO
fQZHHnz,oivgO,fQZHHnz
fQZHHnz
fQZHHnz,oivgO
fQZHHnz,oivgO
fQZHHnz,oivgO
fQZHHnz,oivgO
oivgO
fQZHHnz,oivgO,PtU
oivgO,fQZHHnz,PtU
oivgO,fQZHHnz,PtU
fQZHHnz
oivgO,fQZHHnz,PtU,PtU,H
oivgO,fQZHHnz,PtU,PtU,H
PtU
oivgO,fQZHHnz,PtU,PtU,H,H
PtU
PtU
PtU
PtU
PtU
PtU
oivgO,PtU,fQZHHnz,PtU,H,PtU,fQZHHnz
oivgO,PtU,fQZHHnz,PtU,PtU,fQZHHnz
PtU
PtU
PtU,PtU,PtU,fQZHHnz,fQZHHnz,fQZHHnz
PtU
PtU,PtU,PtU,fQZHHnz,fQZHHnz,fQZHHnz,oivgO
PtU
Jedi Wagner, assuma o comando!