[vazia]
[vazia]
[vazia]
[vazia]
Toque! Toque, Dijê!
NuSB
NuSB
NuSB
NuSB
NuSB,NuSB,NuSB
NuSB,NuSB,NuSB
NuSB
NuSB
NuSB,NuSB,NuSB,kH
NuSB
NuSB,NuSB,NuSB,kH
NuSB,NuSB,NuSB,NuSB,kH
NuSB
NuSB,NuSB,NuSB,NuSB,kH
NuSB
NuSB,NuSB,kH,NuSB
kH
NuSB
kH
NuSB,NuSB,kH,NuSB
kH
NuSB
NuSB
kH,kH,kH,NuSB,kH,NuSB,kH,NuSB
kH
kH,kH,kH,NuSB,kH,NuSB,kH,NuSB
kH
kH,kH,kH,NuSB,kH,NuSB,kH,NuSB
kH
kH
kH,kH,kH,NuSB,kH,NuSB,kH,NuSB
kH,kH,kH,NuSB,kH,NuSB,kH,NuSB
kH,kH,kH,NuSB,kH,NuSB,kH,NuSB
kH,kH,kH,NuSB,kH,NuSB,kH,NuSB
kH
NuSB,kH,kH,kH,kH,NuSB,kH,NuSB
kH
NuSB
NuSB,kH,kH,kH,NuSB,kH,NuSB
kH
kH
kH,NuSB,kH,NuSB,kH,NuSB,kH
kH
kH,NuSB,kH,NuSB,kH,NuSB,kH
kH
kH,kH,kH,NuSB,kH,NuSB,kH,NuSB
kH
kH
kH,NuSB,kH,kH,NuSB,kH,NuSB,kH
kH
kH
kH
kH,kH,kH,NuSB,kH,NuSB,kH,NuSB,NuSB
NuSB,kH,kH,kH,kH,NuSB,kH,NuSB,NuSB,kH
kH
Jedi Wagner, assuma o comando!