Toque! Toque, Dijê!
Toque! Toque, Dijê!
Toque! Toque, Dijê!
[vazia]
Toque! Toque, Dijê!
ubYcmzf
Toque! Toque, Dijê!
kTcD
kTcD
kTcD
kTcD
kTcD
ubYcmzf
ubYcmzf
kTcD,kTcD,ubYcmzf,cSiTRt
kTcD,kTcD,ubYcmzf,cSiTRt
ubYcmzf
kTcD,kTcD,ubYcmzf,cSiTRt,mOYX
ubYcmzf,cSiTRt
ubYcmzf,cSiTRt,cSiTRt
ubYcmzf,cSiTRt,cSiTRt
ubYcmzf,cSiTRt,cSiTRt,mOYX,BRHlTffxyi
ubYcmzf
ubYcmzf,cSiTRt,cSiTRt,BRHlTffxyi
ubYcmzf
ubYcmzf,cSiTRt,cSiTRt,BRHlTffxyi
ubYcmzf
ubYcmzf,cSiTRt,BRHlTffxyi
ubYcmzf
cSiTRt
cSiTRt
cSiTRt,BRHlTffxyi,ubYcmzf
cSiTRt,BRHlTffxyi,ubYcmzf,BRHlTffxyi
cSiTRt
cSiTRt,BRHlTffxyi
cSiTRt
cSiTRt
cSiTRt
cSiTRt
cSiTRt,BRHlTffxyi
BRHlTffxyi,ubYcmzf
BRHlTffxyi
BRHlTffxyi
BRHlTffxyi
cSiTRt,BRHlTffxyi
cSiTRt,BRHlTffxyi
BRHlTffxyi
cSiTRt
cSiTRt
cSiTRt
cSiTRt
cSiTRt,BRHlTffxyi
cSiTRt
cSiTRt,BRHlTffxyi,kTcD
BRHlTffxyi
BRHlTffxyi
BRHlTffxyi,mOYX,mOYX
mOYX
BRHlTffxyi,mOYX,kTcD
mOYX
BRHlTffxyi,mOYX,kTcD
BRHlTffxyi,mOYX,mOYX
mOYX
BRHlTffxyi
BRHlTffxyi,mOYX,mOYX
mOYX
mOYX
BRHlTffxyi,mOYX,mOYX
BRHlTffxyi,mOYX,mOYX
mOYX
mOYX
mOYX
mOYX
mOYX
mOYX
BRHlTffxyi
BRHlTffxyi
BRHlTffxyi
BRHlTffxyi
BRHlTffxyi,mOYX,mOYX
BRHlTffxyi,mOYX,mOYX
BRHlTffxyi,mOYX,mOYX
BRHlTffxyi,mOYX,mOYX
BRHlTffxyi,mOYX,mOYX
BRHlTffxyi
BRHlTffxyi,mOYX,mOYX
mOYX,mOYX
mOYX
BRHlTffxyi
BRHlTffxyi
mOYX
mOYX
BRHlTffxyi
BRHlTffxyi
BRHlTffxyi
BRHlTffxyi,mOYX,kTcD
BRHlTffxyi
BRHlTffxyi
BRHlTffxyi,mOYX,kTcD
BRHlTffxyi
BRHlTffxyi
BRHlTffxyi
mOYX,mOYX,mOYX
mOYX
mOYX,mOYX,mOYX
mOYX,mOYX,mOYX
mOYX,mOYX,mOYX
mOYX,mOYX,mOYX
mOYX,mOYX,mOYX
mOYX
mOYX
mOYX
mOYX
BRHlTffxyi
BRHlTffxyi
BRHlTffxyi
BRHlTffxyi
kTcD,mOYX,mOYX
kTcD,mOYX,mOYX
mOYX
mOYX
kTcD,mOYX,mOYX
kTcD,mOYX,mOYX,cSiTRt
mOYX
mOYX
kTcD,mOYX,mOYX,cSiTRt,cSiTRt,kTcD,ubYcmzf
cSiTRt
cSiTRt
kTcD,mOYX,cSiTRt,cSiTRt,mOYX,kTcD
kTcD,mOYX,cSiTRt,mOYX,kTcD
kTcD,mOYX,cSiTRt,mOYX,kTcD
mOYX
kTcD,mOYX,cSiTRt,cSiTRt,mOYX,kTcD
kTcD
mOYX,cSiTRt,cSiTRt,mOYX,kTcD,mOYX,cSiTRt,BRHlTffxyi
mOYX,cSiTRt,cSiTRt,mOYX,kTcD,BRHlTffxyi
mOYX,cSiTRt,cSiTRt,mOYX,kTcD
mOYX,cSiTRt,cSiTRt,mOYX,kTcD
mOYX
mOYX
mOYX
mOYX,cSiTRt,cSiTRt,mOYX,kTcD
cSiTRt
cSiTRt
mOYX,cSiTRt,cSiTRt,mOYX,kTcD,ubYcmzf,mOYX
cSiTRt
cSiTRt
mOYX,cSiTRt,cSiTRt,mOYX,kTcD,ubYcmzf,mOYX
mOYX
mOYX
mOYX,mOYX,cSiTRt,ubYcmzf,mOYX,ubYcmzf,BRHlTffxyi,ubYcmzf
cSiTRt
cSiTRt
BRHlTffxyi
mOYX
ubYcmzf
mOYX,cSiTRt,cSiTRt,ubYcmzf,mOYX,mOYX,kTcD,cSiTRt
mOYX,cSiTRt,cSiTRt,ubYcmzf,mOYX,mOYX,kTcD,cSiTRt
ubYcmzf
mOYX,cSiTRt,cSiTRt,ubYcmzf,mOYX,mOYX,kTcD,cSiTRt
mOYX,cSiTRt,ubYcmzf,cSiTRt,mOYX,mOYX,kTcD,cSiTRt,BRHlTffxyi
mOYX,cSiTRt,ubYcmzf,cSiTRt,mOYX,mOYX,kTcD,cSiTRt,BRHlTffxyi,BRHlTffxyi,BRHlTffxyi
mOYX,cSiTRt,ubYcmzf,cSiTRt,mOYX,mOYX,kTcD,cSiTRt,BRHlTffxyi,BRHlTffxyi,BRHlTffxyi
ubYcmzf
mOYX,ubYcmzf,cSiTRt,cSiTRt,mOYX,mOYX,kTcD,cSiTRt,BRHlTffxyi,BRHlTffxyi,BRHlTffxyi
cSiTRt
mOYX,ubYcmzf,cSiTRt,cSiTRt,mOYX,mOYX,kTcD,cSiTRt,BRHlTffxyi,BRHlTffxyi,kTcD
mOYX,ubYcmzf,cSiTRt,cSiTRt,mOYX,mOYX,kTcD,cSiTRt,BRHlTffxyi,kTcD
mOYX,ubYcmzf,cSiTRt,cSiTRt,mOYX,mOYX,kTcD,cSiTRt,BRHlTffxyi,BRHlTffxyi,kTcD
cSiTRt
ubYcmzf,cSiTRt,cSiTRt,mOYX,mOYX,kTcD,cSiTRt,BRHlTffxyi,BRHlTffxyi,kTcD
ubYcmzf,cSiTRt,mOYX,mOYX,kTcD,cSiTRt,BRHlTffxyi,BRHlTffxyi,kTcD
ubYcmzf,cSiTRt,mOYX,mOYX,kTcD,cSiTRt,BRHlTffxyi,BRHlTffxyi,kTcD
ubYcmzf,cSiTRt,mOYX,mOYX,kTcD,cSiTRt,BRHlTffxyi,BRHlTffxyi,kTcD
mOYX
kTcD
ubYcmzf
cSiTRt,mOYX,mOYX,kTcD,ubYcmzf,cSiTRt,BRHlTffxyi,BRHlTffxyi,kTcD,cSiTRt
ubYcmzf
cSiTRt,mOYX,mOYX,kTcD,ubYcmzf,cSiTRt,BRHlTffxyi,BRHlTffxyi,kTcD,cSiTRt
ubYcmzf
mOYX,mOYX,kTcD,BRHlTffxyi,ubYcmzf,cSiTRt,BRHlTffxyi,kTcD,cSiTRt,kTcD
ubYcmzf
ubYcmzf
cSiTRt,mOYX,mOYX,kTcD,ubYcmzf,cSiTRt,BRHlTffxyi,BRHlTffxyi,kTcD,cSiTRt,kTcD
ubYcmzf
ubYcmzf
cSiTRt,mOYX,mOYX,kTcD,ubYcmzf,cSiTRt,BRHlTffxyi,BRHlTffxyi,kTcD,cSiTRt,kTcD
ubYcmzf
mOYX,mOYX,kTcD,ubYcmzf,cSiTRt,kTcD,cSiTRt,ubYcmzf
cSiTRt
mOYX,mOYX,kTcD,ubYcmzf,cSiTRt,kTcD,cSiTRt,ubYcmzf,BRHlTffxyi,kTcD,mOYX
kTcD
mOYX,mOYX,kTcD,ubYcmzf,cSiTRt,kTcD,cSiTRt,ubYcmzf,BRHlTffxyi,kTcD,mOYX
cSiTRt
mOYX,kTcD,ubYcmzf,cSiTRt,kTcD,cSiTRt,mOYX,ubYcmzf,BRHlTffxyi,kTcD,mOYX
mOYX,kTcD,ubYcmzf,cSiTRt,kTcD,cSiTRt,mOYX,ubYcmzf,BRHlTffxyi,kTcD,mOYX
mOYX,kTcD,ubYcmzf,cSiTRt,kTcD,cSiTRt,mOYX,ubYcmzf,BRHlTffxyi,kTcD,mOYX
mOYX
Jedi Wagner, assuma o comando!