Toque! Toque, Dijê!
Toque! Toque, Dijê!
Toque! Toque, Dijê!
Ub
[vazia]
Toque! Toque, Dijê!
Toque! Toque, Dijê!
Toque! Toque, Dijê!
a
Ub
Ub
Ub,a
Ub
a,Ub,a
a
a
a,Ub,a,oTYhKodvie
a
a,Ub,a,oTYhKodvie,a
Ub,a,oTYhKodvie
Ub
Ub
[vazia]
a
a
a,a
a,a
a,a,HZQ
a
HZQ,a,a,Ub,HZQ
[vazia]
a
a
[vazia]
[vazia]
[vazia]
Toque! Toque, Dijê!
Toque! Toque, Dijê!
Toque! Toque, Dijê!
[vazia]
[vazia]
Toque! Toque, Dijê!
Toque! Toque, Dijê!
[vazia]
Toque! Toque, Dijê!
Ub
Ub
Ub
Ub
HZQ
[vazia]
Toque! Toque, Dijê!
Toque! Toque, Dijê!
HZQ
[vazia]
[vazia]
HZQ
oTYhKodvie
oTYhKodvie
a
a,oTYhKodvie,Ub,a
a
[vazia]
Toque! Toque, Dijê!
Toque! Toque, Dijê!
[vazia]
HZQ
HZQ
HZQ,Ub
HZQ,Ub
HZQ
HZQ,HZQ,HZQ
HZQ
HZQ,HZQ
HZQ
HZQ,HZQ
HZQ,oTYhKodvie
HZQ
HZQ,oTYhKodvie,oTYhKodvie
[vazia]
[vazia]
[vazia]
Toque! Toque, Dijê!
HZQ
a,HZQ,HZQ
HZQ
a
a,HZQ,HZQ,HZQ,HZQ,a
a
a
a,HZQ,HZQ,HZQ,a
a,HZQ,HZQ,HZQ,a
a,HZQ,HZQ
a,HZQ,HZQ
a,HZQ,HZQ
a,HZQ,HZQ
a
HZQ
a,HZQ,HZQ
HZQ
HZQ
HZQ
HZQ
HZQ
HZQ
HZQ
HZQ
HZQ
HZQ,oTYhKodvie,Ub,oTYhKodvie
HZQ,Ub,oTYhKodvie,oTYhKodvie
HZQ,Ub,oTYhKodvie,oTYhKodvie
oTYhKodvie
Ub,oTYhKodvie,oTYhKodvie,HZQ
oTYhKodvie
oTYhKodvie
oTYhKodvie
Ub,oTYhKodvie,oTYhKodvie,HZQ,a
a
HZQ
oTYhKodvie,HZQ,a
oTYhKodvie,HZQ,a
oTYhKodvie,HZQ,a,HZQ
HZQ
oTYhKodvie
oTYhKodvie
oTYhKodvie
HZQ
oTYhKodvie
Ub,HZQ,oTYhKodvie,oTYhKodvie,oTYhKodvie,oTYhKodvie,oTYhKodvie,oTYhKodvie,Ub,oTYhKodvie
oTYhKodvie
oTYhKodvie
Ub,HZQ,oTYhKodvie,oTYhKodvie,oTYhKodvie,oTYhKodvie,oTYhKodvie,oTYhKodvie,Ub,oTYhKodvie
oTYhKodvie
Jedi Wagner, assuma o comando!