[vazia]
[vazia]
Toque! Toque, Dijê!
CNNjKPy
CNNjKPy
CNNjKPy
CNNjKPy
CNNjKPy
CNNjKPy
CNNjKPy
CNNjKPy
CNNjKPy
CNNjKPy
CNNjKPy,fxtA,EYfzmDa
CNNjKPy
CNNjKPy,EYfzmDa,EYfzmDa
EYfzmDa
CNNjKPy,EYfzmDa,EYfzmDa,TuYqNKUDgc
CNNjKPy,EYfzmDa,EYfzmDa,TuYqNKUDgc,EYfzmDa
CNNjKPy,EYfzmDa,EYfzmDa,TuYqNKUDgc,EYfzmDa
TuYqNKUDgc
TuYqNKUDgc
TuYqNKUDgc
TuYqNKUDgc
TuYqNKUDgc
EYfzmDa
EYfzmDa
EYfzmDa
CNNjKPy,EYfzmDa,EYfzmDa,TuYqNKUDgc,EYfzmDa,fxtA,I
EYfzmDa
EYfzmDa
EYfzmDa,TuYqNKUDgc,EYfzmDa,EYfzmDa,fxtA,I,CNNjKPy
EYfzmDa
TuYqNKUDgc,EYfzmDa,fxtA,EYfzmDa,EYfzmDa,I
EYfzmDa
CNNjKPy,EYfzmDa,EYfzmDa,TuYqNKUDgc,EYfzmDa,fxtA,I,TuYqNKUDgc
fxtA
CNNjKPy,EYfzmDa,EYfzmDa,TuYqNKUDgc,EYfzmDa,fxtA,I,TuYqNKUDgc
CNNjKPy,EYfzmDa,EYfzmDa,TuYqNKUDgc,EYfzmDa,fxtA,I,TuYqNKUDgc
fxtA
CNNjKPy,EYfzmDa,EYfzmDa,TuYqNKUDgc,EYfzmDa,I,fxtA,TuYqNKUDgc
I
EYfzmDa
CNNjKPy,EYfzmDa,EYfzmDa,TuYqNKUDgc,EYfzmDa,fxtA,I,TuYqNKUDgc
TuYqNKUDgc
TuYqNKUDgc
CNNjKPy,EYfzmDa,EYfzmDa,EYfzmDa,fxtA,TuYqNKUDgc,I,TuYqNKUDgc,fxtA
TuYqNKUDgc
CNNjKPy,EYfzmDa,EYfzmDa,EYfzmDa,fxtA,TuYqNKUDgc,I,TuYqNKUDgc,fxtA,CNNjKPy,EYfzmDa
CNNjKPy,EYfzmDa,EYfzmDa,EYfzmDa,fxtA,TuYqNKUDgc,I,TuYqNKUDgc,fxtA,CNNjKPy,EYfzmDa
TuYqNKUDgc
fxtA
CNNjKPy,EYfzmDa,EYfzmDa,TuYqNKUDgc,EYfzmDa,fxtA,I,TuYqNKUDgc
fxtA
fxtA
fxtA
fxtA
EYfzmDa,TuYqNKUDgc,EYfzmDa,fxtA,CNNjKPy,TuYqNKUDgc,fxtA,EYfzmDa,fxtA,CNNjKPy,CNNjKPy
EYfzmDa,TuYqNKUDgc,EYfzmDa,fxtA,CNNjKPy,TuYqNKUDgc,fxtA,EYfzmDa,fxtA,CNNjKPy,CNNjKPy
CNNjKPy
fxtA
fxtA
CNNjKPy,EYfzmDa,EYfzmDa,TuYqNKUDgc,EYfzmDa,fxtA,I,TuYqNKUDgc
fxtA
fxtA
CNNjKPy,EYfzmDa,EYfzmDa,TuYqNKUDgc,EYfzmDa,fxtA,TuYqNKUDgc
fxtA
EYfzmDa
EYfzmDa
CNNjKPy,EYfzmDa,EYfzmDa,fxtA,EYfzmDa,I,EYfzmDa,mCbA,EYfzmDa,EYfzmDa,CNNjKPy
EYfzmDa
EYfzmDa,EYfzmDa,fxtA,EYfzmDa,I,EYfzmDa,mCbA,EYfzmDa,EYfzmDa,CNNjKPy,fxtA
EYfzmDa,EYfzmDa,EYfzmDa,I,fxtA,EYfzmDa,mCbA,EYfzmDa,EYfzmDa,CNNjKPy,fxtA
Jedi Wagner, assuma o comando!