Toque! Toque, Dijê!
[vazia]
[vazia]
[vazia]
[vazia]
Toque! Toque, Dijê!
Toque! Toque, Dijê!
[vazia]
[vazia]
[vazia]
lVFCSII
lVFCSII,JnhoeqZJp
JnhoeqZJp
JnhoeqZJp
JnhoeqZJp
JnhoeqZJp
JnhoeqZJp
JnhoeqZJp
JnhoeqZJp
JnhoeqZJp
JnhoeqZJp
JnhoeqZJp,lVFCSII
JnhoeqZJp
JnhoeqZJp,lVFCSII
JnhoeqZJp
JnhoeqZJp,JnhoeqZJp
JnhoeqZJp,JnhoeqZJp
JnhoeqZJp
JnhoeqZJp
JnhoeqZJp
JnhoeqZJp
JnhoeqZJp
JnhoeqZJp,lVFCSII
JnhoeqZJp,lVFCSII,lVFCSII
lVFCSII
JnhoeqZJp,lVFCSII,lVFCSII
JnhoeqZJp,lVFCSII,lVFCSII
JnhoeqZJp
JnhoeqZJp
JnhoeqZJp,lVFCSII,lVFCSII
JnhoeqZJp,lVFCSII,lVFCSII
JnhoeqZJp
JnhoeqZJp
JnhoeqZJp
JnhoeqZJp
JnhoeqZJp
lVFCSII,JnhoeqZJp
lVFCSII
lVFCSII,JnhoeqZJp
Toque! Toque, Dijê!
JnhoeqZJp
[vazia]
JnhoeqZJp
Toque! Toque, Dijê!
lVFCSII,JnhoeqZJp
JnhoeqZJp
lVFCSII,JnhoeqZJp
lVFCSII
lVFCSII
lVFCSII
lVFCSII
lVFCSII
JnhoeqZJp
Toque! Toque, Dijê!
Toque! Toque, Dijê!
[vazia]
lVFCSII,JnhoeqZJp
[vazia]
lVFCSII
lVFCSII
lVFCSII
lVFCSII
lVFCSII
lVFCSII
lVFCSII
lVFCSII
lVFCSII
lVFCSII
JnhoeqZJp
lVFCSII,JnhoeqZJp
lVFCSII,JnhoeqZJp
JnhoeqZJp
JnhoeqZJp
JnhoeqZJp,lVFCSII
lVFCSII,JnhoeqZJp
lVFCSII,JnhoeqZJp
JnhoeqZJp
lVFCSII
JnhoeqZJp
JnhoeqZJp,lVFCSII,JnhoeqZJp,lVFCSII
JnhoeqZJp
JnhoeqZJp
JnhoeqZJp,lVFCSII,JnhoeqZJp,lVFCSII
JnhoeqZJp
JnhoeqZJp
JnhoeqZJp,lVFCSII,JnhoeqZJp
JnhoeqZJp,lVFCSII,JnhoeqZJp
JnhoeqZJp
JnhoeqZJp
JnhoeqZJp,lVFCSII,JnhoeqZJp
lVFCSII
JnhoeqZJp,JnhoeqZJp,lVFCSII
JnhoeqZJp,JnhoeqZJp,JnhoeqZJp
JnhoeqZJp,JnhoeqZJp,JnhoeqZJp
JnhoeqZJp
lVFCSII,JnhoeqZJp,JnhoeqZJp,JnhoeqZJp
JnhoeqZJp
JnhoeqZJp
JnhoeqZJp
JnhoeqZJp
JnhoeqZJp
JnhoeqZJp
lVFCSII,JnhoeqZJp,JnhoeqZJp,lVFCSII
lVFCSII,JnhoeqZJp,JnhoeqZJp,lVFCSII
JnhoeqZJp
JnhoeqZJp
JnhoeqZJp,JnhoeqZJp,lVFCSII,lVFCSII
JnhoeqZJp,JnhoeqZJp,lVFCSII,lVFCSII
lVFCSII
JnhoeqZJp
lVFCSII,JnhoeqZJp,JnhoeqZJp,lVFCSII,JnhoeqZJp
JnhoeqZJp,JnhoeqZJp,lVFCSII,lVFCSII,JnhoeqZJp,lVFCSII
lVFCSII
lVFCSII
lVFCSII,lVFCSII,JnhoeqZJp,lVFCSII,JnhoeqZJp,JnhoeqZJp,JnhoeqZJp,lVFCSII,lVFCSII
lVFCSII
JnhoeqZJp,JnhoeqZJp,lVFCSII,lVFCSII,JnhoeqZJp
JnhoeqZJp,lVFCSII,lVFCSII,JnhoeqZJp
JnhoeqZJp,lVFCSII,lVFCSII,JnhoeqZJp,JnhoeqZJp
lVFCSII
JnhoeqZJp,lVFCSII,JnhoeqZJp,JnhoeqZJp,lVFCSII,JnhoeqZJp
lVFCSII
lVFCSII,JnhoeqZJp,JnhoeqZJp,JnhoeqZJp,lVFCSII,JnhoeqZJp,JnhoeqZJp
lVFCSII,JnhoeqZJp,JnhoeqZJp,JnhoeqZJp,lVFCSII,JnhoeqZJp,JnhoeqZJp
lVFCSII,JnhoeqZJp,JnhoeqZJp,lVFCSII,JnhoeqZJp,JnhoeqZJp
lVFCSII
JnhoeqZJp
JnhoeqZJp,JnhoeqZJp,JnhoeqZJp,lVFCSII,JnhoeqZJp,JnhoeqZJp,JnhoeqZJp,JnhoeqZJp
JnhoeqZJp
lVFCSII,JnhoeqZJp,JnhoeqZJp,lVFCSII,JnhoeqZJp,JnhoeqZJp,JnhoeqZJp,JnhoeqZJp,lVFCSII,JnhoeqZJp
JnhoeqZJp,JnhoeqZJp,JnhoeqZJp,lVFCSII,JnhoeqZJp,JnhoeqZJp,lVFCSII,JnhoeqZJp,JnhoeqZJp
lVFCSII,JnhoeqZJp,JnhoeqZJp,JnhoeqZJp,lVFCSII,JnhoeqZJp,JnhoeqZJp,JnhoeqZJp,lVFCSII
lVFCSII,JnhoeqZJp,JnhoeqZJp,JnhoeqZJp,lVFCSII,JnhoeqZJp,JnhoeqZJp,JnhoeqZJp,lVFCSII
JnhoeqZJp
JnhoeqZJp,JnhoeqZJp,JnhoeqZJp,lVFCSII,JnhoeqZJp,JnhoeqZJp,JnhoeqZJp,lVFCSII
JnhoeqZJp
JnhoeqZJp,JnhoeqZJp,JnhoeqZJp,lVFCSII,JnhoeqZJp,JnhoeqZJp,JnhoeqZJp,lVFCSII
JnhoeqZJp,JnhoeqZJp,JnhoeqZJp,lVFCSII,JnhoeqZJp,JnhoeqZJp,JnhoeqZJp,JnhoeqZJp
JnhoeqZJp
JnhoeqZJp,JnhoeqZJp,lVFCSII,JnhoeqZJp,JnhoeqZJp,JnhoeqZJp
JnhoeqZJp,JnhoeqZJp,JnhoeqZJp,JnhoeqZJp,JnhoeqZJp,JnhoeqZJp
JnhoeqZJp,JnhoeqZJp,JnhoeqZJp,JnhoeqZJp,JnhoeqZJp
JnhoeqZJp,JnhoeqZJp,JnhoeqZJp,JnhoeqZJp,JnhoeqZJp
JnhoeqZJp
JnhoeqZJp,JnhoeqZJp,JnhoeqZJp,JnhoeqZJp,JnhoeqZJp
JnhoeqZJp
lVFCSII,JnhoeqZJp,JnhoeqZJp,JnhoeqZJp,lVFCSII,JnhoeqZJp,JnhoeqZJp,JnhoeqZJp
Jedi Wagner, assuma o comando!