Toque! Toque, Dijê!
[vazia]
[vazia]
DbaLIiZ
Toque! Toque, Dijê!
dNudZgT
Toque! Toque, Dijê!
XbFwheGUSU
XbFwheGUSU
[vazia]
FTrMV
FTrMV
FTrMV
FTrMV
FTrMV,FTrMV,FTrMV,dNudZgT
FTrMV,FTrMV,FTrMV,dNudZgT
FTrMV,FTrMV,FTrMV
FTrMV,FTrMV,FTrMV,FTrMV
FTrMV,FTrMV,FTrMV,FTrMV
FTrMV,FTrMV,FTrMV,FTrMV
FTrMV
FTrMV
FTrMV,FTrMV,FTrMV,FTrMV
FTrMV
FTrMV,FTrMV,FTrMV,FTrMV
FTrMV
FTrMV,FTrMV,FTrMV,FTrMV,dNudZgT
FTrMV
FTrMV
FTrMV
FTrMV
FTrMV,FTrMV,FTrMV,FTrMV,dNudZgT,dNudZgT
FTrMV,FTrMV,FTrMV,FTrMV,dNudZgT,dNudZgT,HUY
FTrMV,FTrMV,FTrMV,FTrMV,dNudZgT,dNudZgT,HUY
FTrMV,FTrMV,FTrMV,FTrMV,dNudZgT,dNudZgT,DbaLIiZ,HUY
FTrMV
FTrMV
FTrMV
FTrMV,FTrMV,FTrMV,FTrMV,qPQQXQbQN
FTrMV,FTrMV,FTrMV,FTrMV
FTrMV,FTrMV,FTrMV,FTrMV
FTrMV
FTrMV,FTrMV,FTrMV,FTrMV
FTrMV
FTrMV
FTrMV,FTrMV,FTrMV,FTrMV
FTrMV,FTrMV,FTrMV
FTrMV,FTrMV,FTrMV
FTrMV
FTrMV,FTrMV,FTrMV,FTrMV
FTrMV,FTrMV,FTrMV,FTrMV
FTrMV
FTrMV
FTrMV,XbFwheGUSU,FTrMV,FTrMV
FTrMV,XbFwheGUSU,FTrMV,FTrMV
FTrMV,XbFwheGUSU,FTrMV,FTrMV,dNudZgT
FTrMV,XbFwheGUSU,FTrMV,FTrMV,dNudZgT,dNudZgT
FTrMV,XbFwheGUSU,FTrMV,FTrMV,dNudZgT,dNudZgT
FTrMV,XbFwheGUSU,FTrMV,FTrMV,dNudZgT,dNudZgT
FTrMV,XbFwheGUSU,FTrMV,FTrMV,dNudZgT,dNudZgT
XbFwheGUSU
XbFwheGUSU
FTrMV,XbFwheGUSU,FTrMV,FTrMV,dNudZgT,dNudZgT,XbFwheGUSU
XbFwheGUSU
FTrMV,XbFwheGUSU,FTrMV,FTrMV
XbFwheGUSU
FTrMV
FTrMV,XbFwheGUSU,FTrMV,FTrMV
XbFwheGUSU
XbFwheGUSU
FTrMV,XbFwheGUSU,FTrMV,FTrMV,dNudZgT
FTrMV,XbFwheGUSU,FTrMV,FTrMV,dNudZgT
FTrMV,XbFwheGUSU,FTrMV,FTrMV,dNudZgT
FTrMV,XbFwheGUSU,FTrMV,FTrMV,dNudZgT,HUY
FTrMV
FTrMV,XbFwheGUSU,FTrMV,FTrMV,dNudZgT
FTrMV
FTrMV
FTrMV,FTrMV,FTrMV,dNudZgT,qPQQXQbQN
FTrMV
FTrMV
FTrMV,FTrMV,FTrMV,dNudZgT,qPQQXQbQN,HUY
FTrMV,FTrMV,FTrMV,HUY,XbFwheGUSU,dNudZgT
FTrMV,FTrMV,FTrMV,HUY,XbFwheGUSU,dNudZgT,XbFwheGUSU
FTrMV
FTrMV,FTrMV,FTrMV,HUY,XbFwheGUSU,dNudZgT
HUY
HUY
FTrMV,FTrMV,FTrMV,HUY,XbFwheGUSU,dNudZgT,dNudZgT
FTrMV,FTrMV,FTrMV,HUY,XbFwheGUSU,dNudZgT
HUY
dNudZgT
FTrMV,HUY,XbFwheGUSU,FTrMV,FTrMV,FTrMV,HUY
FTrMV
FTrMV
FTrMV,FTrMV,FTrMV,HUY,dNudZgT,XbFwheGUSU,FTrMV
HUY
XbFwheGUSU
OErcCf
FTrMV,FTrMV,FTrMV,HUY,XbFwheGUSU,OErcCf,FTrMV
FTrMV,FTrMV,FTrMV,HUY,XbFwheGUSU,OErcCf,FTrMV,HUY
FTrMV,FTrMV,HUY,XbFwheGUSU,OErcCf,FTrMV,HUY,dNudZgT
FTrMV,FTrMV,HUY,XbFwheGUSU,OErcCf,FTrMV,HUY,dNudZgT,DbaLIiZ
XbFwheGUSU
OErcCf
OErcCf
FTrMV,FTrMV,HUY,XbFwheGUSU,OErcCf,FTrMV,HUY,DbaLIiZ,HUY,qPQQXQbQN
FTrMV,FTrMV,HUY,XbFwheGUSU,OErcCf,FTrMV,HUY,DbaLIiZ,HUY,qPQQXQbQN
FTrMV,FTrMV,HUY,XbFwheGUSU,OErcCf,FTrMV,HUY,DbaLIiZ,HUY
FTrMV,FTrMV,HUY,XbFwheGUSU,OErcCf,FTrMV,HUY,DbaLIiZ,HUY
FTrMV,FTrMV,HUY,XbFwheGUSU,OErcCf,FTrMV,HUY,HUY
OErcCf
XbFwheGUSU
OErcCf,FTrMV,HUY,HUY,DbaLIiZ,FTrMV,FTrMV
OErcCf
OErcCf
OErcCf
FTrMV,FTrMV,HUY,XbFwheGUSU,OErcCf,FTrMV,HUY,dNudZgT,DbaLIiZ
FTrMV,FTrMV,HUY,XbFwheGUSU,OErcCf,FTrMV,HUY,dNudZgT,DbaLIiZ
OErcCf
FTrMV,FTrMV,HUY,OErcCf,FTrMV,HUY,dNudZgT,DbaLIiZ
OErcCf
FTrMV
FTrMV,FTrMV,OErcCf,FTrMV,HUY,dNudZgT,DbaLIiZ
FTrMV
FTrMV,FTrMV,OErcCf,FTrMV,HUY,dNudZgT,DbaLIiZ,dNudZgT
HUY
FTrMV,FTrMV,OErcCf,FTrMV,HUY,dNudZgT,DbaLIiZ,dNudZgT
dNudZgT
dNudZgT
FTrMV,OErcCf,FTrMV,HUY,dNudZgT,DbaLIiZ,dNudZgT,FTrMV,FTrMV,XbFwheGUSU
FTrMV,OErcCf,FTrMV,HUY,dNudZgT,DbaLIiZ,dNudZgT,FTrMV,FTrMV,XbFwheGUSU
FTrMV,OErcCf,FTrMV,HUY,dNudZgT,DbaLIiZ,dNudZgT,FTrMV,FTrMV,XbFwheGUSU
FTrMV,OErcCf,FTrMV,HUY,dNudZgT,DbaLIiZ,dNudZgT,FTrMV,FTrMV,XbFwheGUSU
FTrMV,OErcCf,FTrMV,HUY,dNudZgT,DbaLIiZ,dNudZgT,FTrMV,FTrMV,XbFwheGUSU
FTrMV
OErcCf,FTrMV,HUY,dNudZgT,FTrMV,DbaLIiZ,dNudZgT,FTrMV,FTrMV,XbFwheGUSU
FTrMV
FTrMV
FTrMV,FTrMV,OErcCf,FTrMV,HUY,dNudZgT,DbaLIiZ,dNudZgT,FTrMV,dNudZgT
FTrMV,FTrMV,OErcCf,FTrMV,HUY,dNudZgT,DbaLIiZ,dNudZgT,FTrMV,dNudZgT
dNudZgT
FTrMV,FTrMV,OErcCf,FTrMV,HUY,dNudZgT,DbaLIiZ,dNudZgT,FTrMV,dNudZgT
dNudZgT
FTrMV,FTrMV,OErcCf,FTrMV,HUY,dNudZgT,DbaLIiZ,dNudZgT,FTrMV,dNudZgT
FTrMV,FTrMV,FTrMV,HUY,dNudZgT,DbaLIiZ,dNudZgT,FTrMV,dNudZgT
dNudZgT
dNudZgT
dNudZgT
dNudZgT
dNudZgT
dNudZgT
DbaLIiZ
DbaLIiZ
DbaLIiZ
DbaLIiZ
DbaLIiZ
FTrMV,FTrMV,HUY,dNudZgT,FTrMV,DbaLIiZ,dNudZgT,FTrMV,HUY
FTrMV,FTrMV,HUY,dNudZgT,FTrMV,DbaLIiZ,dNudZgT,FTrMV,HUY
DbaLIiZ
FTrMV,FTrMV,HUY,dNudZgT,FTrMV,DbaLIiZ,dNudZgT,FTrMV
DbaLIiZ
Jedi Wagner, assuma o comando!