[vazia]
Toque! Toque, Dijê!
HTfntsWejA
HTfntsWejA
HTfntsWejA
HTfntsWejA
HTfntsWejA,HTfntsWejA,kuxRM,nkNnsY
kuxRM
kuxRM
HTfntsWejA
kuxRM
HTfntsWejA,HTfntsWejA,kuxRM,nkNnsY,nkNnsY
HTfntsWejA,HTfntsWejA,kuxRM,nkNnsY,nkNnsY
HTfntsWejA,kuxRM,nkNnsY,nkNnsY,HTfntsWejA
nkNnsY
HTfntsWejA,HTfntsWejA,kuxRM,nkNnsY,nkNnsY
HTfntsWejA,HTfntsWejA,nkNnsY,nkNnsY,kuxRM
kuxRM
kuxRM
HTfntsWejA,HTfntsWejA,nkNnsY,nkNnsY,kuxRM,SlDUzVDc,SlDUzVDc,kuxRM
HTfntsWejA,HTfntsWejA,nkNnsY,nkNnsY,kuxRM,SlDUzVDc,SlDUzVDc,kuxRM
kuxRM
HTfntsWejA,HTfntsWejA,kuxRM,nkNnsY,nkNnsY
nkNnsY
nkNnsY
kuxRM,nkNnsY,nkNnsY,HTfntsWejA,nkNnsY,HTfntsWejA
nkNnsY
nkNnsY
nkNnsY
HTfntsWejA,HTfntsWejA,kuxRM,nkNnsY
HTfntsWejA,HTfntsWejA,kuxRM,nkNnsY
HTfntsWejA,HTfntsWejA,kuxRM,nkNnsY
kuxRM
kuxRM
kuxRM
kuxRM
kuxRM,HTfntsWejA,HTfntsWejA,SlDUzVDc
kuxRM,HTfntsWejA,HTfntsWejA,SlDUzVDc,HTfntsWejA
kuxRM
nkNnsY
nkNnsY
nkNnsY
HTfntsWejA
nkNnsY,HTfntsWejA,HTfntsWejA,HTfntsWejA,HTfntsWejA,HTfntsWejA
nkNnsY,HTfntsWejA,HTfntsWejA
nkNnsY
nkNnsY
nkNnsY
nkNnsY,HTfntsWejA,HTfntsWejA
nkNnsY,HTfntsWejA,HTfntsWejA
nkNnsY,HTfntsWejA,HTfntsWejA
nkNnsY
nkNnsY,HTfntsWejA,HTfntsWejA
nkNnsY,HTfntsWejA,HTfntsWejA,HTfntsWejA
nkNnsY
nkNnsY,HTfntsWejA,HTfntsWejA,HTfntsWejA
nkNnsY,HTfntsWejA,HTfntsWejA,HTfntsWejA
nkNnsY
nkNnsY,HTfntsWejA,HTfntsWejA,HTfntsWejA,nkNnsY
nkNnsY,HTfntsWejA,HTfntsWejA,HTfntsWejA,nkNnsY
HTfntsWejA
HTfntsWejA
nkNnsY,HTfntsWejA,HTfntsWejA,HTfntsWejA,nkNnsY,SlDUzVDc
nkNnsY,HTfntsWejA,HTfntsWejA,HTfntsWejA,nkNnsY,SlDUzVDc
HTfntsWejA
HTfntsWejA
HTfntsWejA,HTfntsWejA,HTfntsWejA
HTfntsWejA,HTfntsWejA,HTfntsWejA,SlDUzVDc
HTfntsWejA,nkNnsY,HTfntsWejA,HTfntsWejA,kuxRM
HTfntsWejA
HTfntsWejA,nkNnsY,HTfntsWejA,HTfntsWejA,kuxRM,SlDUzVDc
HTfntsWejA,nkNnsY,HTfntsWejA,HTfntsWejA,kuxRM,SlDUzVDc
HTfntsWejA,HTfntsWejA,HTfntsWejA,kuxRM,nkNnsY,kuxRM
HTfntsWejA
HTfntsWejA
HTfntsWejA,HTfntsWejA,kuxRM,HTfntsWejA,nkNnsY,kuxRM
HTfntsWejA,HTfntsWejA,kuxRM,HTfntsWejA,nkNnsY,kuxRM,HTfntsWejA
HTfntsWejA,nkNnsY,HTfntsWejA,HTfntsWejA,kuxRM,SlDUzVDc
HTfntsWejA,nkNnsY,HTfntsWejA,HTfntsWejA,kuxRM,SlDUzVDc,SlDUzVDc
kuxRM
HTfntsWejA,nkNnsY,HTfntsWejA,HTfntsWejA,kuxRM,SlDUzVDc,SlDUzVDc
kuxRM
nkNnsY,HTfntsWejA,HTfntsWejA,kuxRM,HTfntsWejA,SlDUzVDc,SlDUzVDc
kuxRM
kuxRM
nkNnsY,HTfntsWejA,HTfntsWejA,SlDUzVDc
nkNnsY,HTfntsWejA,HTfntsWejA,kuxRM,HTfntsWejA,SlDUzVDc,SlDUzVDc,HTfntsWejA,nkNnsY,kuxRM
kuxRM
HTfntsWejA,nkNnsY,HTfntsWejA,HTfntsWejA,kuxRM,SlDUzVDc
HTfntsWejA,HTfntsWejA,HTfntsWejA,kuxRM,SlDUzVDc,nkNnsY
HTfntsWejA,nkNnsY,HTfntsWejA,HTfntsWejA,kuxRM,SlDUzVDc,HTfntsWejA
HTfntsWejA,HTfntsWejA,kuxRM,SlDUzVDc,nkNnsY,HTfntsWejA,HTfntsWejA
nkNnsY
nkNnsY
nkNnsY
HTfntsWejA,nkNnsY,HTfntsWejA,HTfntsWejA,kuxRM,SlDUzVDc,nkNnsY
HTfntsWejA,nkNnsY,HTfntsWejA,HTfntsWejA,kuxRM
HTfntsWejA
Jedi Wagner, assuma o comando!