h
mCtEVQ,mCtEVQ
[vazia]
[vazia]
Toque! Toque, Dijê!
[vazia]
[vazia]
[vazia]
Toque! Toque, Dijê!
mCtEVQ
Toque! Toque, Dijê!
[vazia]
mCtEVQ
Toque! Toque, Dijê!
Toque! Toque, Dijê!
Toque! Toque, Dijê!
h
[vazia]
Toque! Toque, Dijê!
h
[vazia]
Toque! Toque, Dijê!
Toque! Toque, Dijê!
Toque! Toque, Dijê!
Toque! Toque, Dijê!
Toque! Toque, Dijê!
[vazia]
[vazia]
[vazia]
mCtEVQ
mCtEVQ
mCtEVQ,h
Toque! Toque, Dijê!
[vazia]
[vazia]
Toque! Toque, Dijê!
[vazia]
[vazia]
h
h
h
h
h
h,mCtEVQ
h
h
mCtEVQ
h,mCtEVQ,h
h,mCtEVQ,h
h,mCtEVQ,h
h,mCtEVQ,h
h
Toque! Toque, Dijê!
[vazia]
Toque! Toque, Dijê!
Toque! Toque, Dijê!
h
h
h
h
h
h
h
Toque! Toque, Dijê!
h,h
h,h
h,h,h
h
h
h
h,h,h,h
h,h,h,h
h,h,h,h,h
h
h,h,h,h,mCtEVQ,h
h,h,h,h,mCtEVQ,h
h
h
h
h,mCtEVQ,h,h,h,h,mCtEVQ
h,h,h,mCtEVQ,h,h,h
h,h,h,h,h,h,mCtEVQ,mCtEVQ
h,h,h,h,h,h,mCtEVQ,mCtEVQ
h,h,h,h,h,h,mCtEVQ,mCtEVQ
mCtEVQ
h,h,h,h,h,h,mCtEVQ,mCtEVQ
mCtEVQ
mCtEVQ
h,h,h,h,h,mCtEVQ,h,mCtEVQ
h,h,h,h,h,mCtEVQ,h,mCtEVQ,h
h,h,h,h,h,mCtEVQ,h,mCtEVQ,h,mCtEVQ
h,h,h,h,h,mCtEVQ,h,mCtEVQ,h,mCtEVQ,h
h,h,h,h,h,mCtEVQ,mCtEVQ,h,mCtEVQ,h,mCtEVQ
mCtEVQ
h,h,h,mCtEVQ,mCtEVQ,h,h,mCtEVQ,h,mCtEVQ,h,mCtEVQ,h
mCtEVQ
h,h,h,h,h,mCtEVQ,mCtEVQ,h,mCtEVQ,h,mCtEVQ,h
h,h,h,h,h,mCtEVQ,mCtEVQ,h,mCtEVQ,h,mCtEVQ,h
mCtEVQ
h
h,h,mCtEVQ,h,h,mCtEVQ,h,mCtEVQ,h,mCtEVQ,mCtEVQ,mCtEVQ
mCtEVQ
h,h,h,h,mCtEVQ,h,mCtEVQ,h,mCtEVQ,h,mCtEVQ,mCtEVQ
mCtEVQ
mCtEVQ
h,h,h,h,h,mCtEVQ,mCtEVQ,h,mCtEVQ,h,mCtEVQ
mCtEVQ
h,h,h,mCtEVQ,mCtEVQ,h,h,h,mCtEVQ,h,mCtEVQ,mCtEVQ,h,h,mCtEVQ
h,h,h,h,mCtEVQ,mCtEVQ,h,h,mCtEVQ,h,mCtEVQ,mCtEVQ
h,h,h,mCtEVQ,h,h,h,mCtEVQ,h,mCtEVQ,mCtEVQ
h
h,h,h,h,h,h,mCtEVQ,h,mCtEVQ,mCtEVQ
h
h,h,h,h,mCtEVQ,mCtEVQ,h,h,mCtEVQ,h,mCtEVQ,mCtEVQ
h,h,h,h,mCtEVQ,mCtEVQ,h,h,mCtEVQ,h,mCtEVQ,mCtEVQ
mCtEVQ
h,h,mCtEVQ,h,h,mCtEVQ,h,mCtEVQ,mCtEVQ,mCtEVQ
h,h,mCtEVQ,h,h,mCtEVQ,h,mCtEVQ,mCtEVQ,mCtEVQ
h,h,mCtEVQ,h,h,mCtEVQ,h,mCtEVQ,mCtEVQ,mCtEVQ
h,h,mCtEVQ,h,h,mCtEVQ,h,mCtEVQ,mCtEVQ,mCtEVQ
mCtEVQ
h,h,mCtEVQ,h,h,mCtEVQ,h,mCtEVQ,mCtEVQ,mCtEVQ,h
mCtEVQ
h
h
mCtEVQ
h,h,mCtEVQ,h,h,mCtEVQ,h,mCtEVQ,mCtEVQ,mCtEVQ
mCtEVQ
h
h
h,mCtEVQ,h,h,mCtEVQ,h,h,mCtEVQ,mCtEVQ,mCtEVQ,mCtEVQ
mCtEVQ,h,mCtEVQ,h,h,h,mCtEVQ,mCtEVQ,mCtEVQ,mCtEVQ,mCtEVQ
mCtEVQ,h,mCtEVQ,h,h,h,mCtEVQ,mCtEVQ,mCtEVQ,mCtEVQ,mCtEVQ,mCtEVQ
mCtEVQ
mCtEVQ
mCtEVQ,mCtEVQ,h,h,mCtEVQ,h,h,mCtEVQ,mCtEVQ,mCtEVQ,mCtEVQ,mCtEVQ
mCtEVQ
mCtEVQ
mCtEVQ,h,mCtEVQ,mCtEVQ,h,h,h,mCtEVQ,mCtEVQ,mCtEVQ,mCtEVQ,mCtEVQ,mCtEVQ,h,mCtEVQ
h,mCtEVQ,h,h,h,mCtEVQ,mCtEVQ,mCtEVQ,mCtEVQ,mCtEVQ,mCtEVQ,mCtEVQ,h
mCtEVQ
h,mCtEVQ,h,h,h,mCtEVQ,mCtEVQ,mCtEVQ,mCtEVQ,mCtEVQ,mCtEVQ,mCtEVQ,h,h
h,mCtEVQ,h,h,h,mCtEVQ,mCtEVQ,mCtEVQ,mCtEVQ,mCtEVQ,mCtEVQ,mCtEVQ,h,h
h,mCtEVQ,h,h,h,mCtEVQ,mCtEVQ,mCtEVQ,mCtEVQ,mCtEVQ,mCtEVQ,mCtEVQ,h,h
h,h,h,h,mCtEVQ,mCtEVQ,mCtEVQ,mCtEVQ,mCtEVQ,mCtEVQ,mCtEVQ,mCtEVQ,mCtEVQ
h,mCtEVQ,h,h,h,mCtEVQ,mCtEVQ,mCtEVQ,mCtEVQ,mCtEVQ,mCtEVQ,mCtEVQ
mCtEVQ
mCtEVQ
h,h,h,mCtEVQ,mCtEVQ,mCtEVQ,mCtEVQ,mCtEVQ,mCtEVQ,h,h,h
h,h,h,mCtEVQ,mCtEVQ,mCtEVQ,mCtEVQ,mCtEVQ,mCtEVQ,h,h,h
mCtEVQ
h,h,h,h,mCtEVQ,mCtEVQ,mCtEVQ,mCtEVQ,mCtEVQ,mCtEVQ
mCtEVQ,h,h,h,mCtEVQ,mCtEVQ,mCtEVQ,mCtEVQ,mCtEVQ,mCtEVQ,mCtEVQ
h,mCtEVQ,h,h,h,mCtEVQ,mCtEVQ,mCtEVQ,mCtEVQ,mCtEVQ,mCtEVQ,mCtEVQ
mCtEVQ
mCtEVQ
h,h,mCtEVQ,mCtEVQ,mCtEVQ,h,h,mCtEVQ,mCtEVQ,mCtEVQ,mCtEVQ,h,h,mCtEVQ
h
h,mCtEVQ,h,mCtEVQ,h,mCtEVQ,mCtEVQ,mCtEVQ,mCtEVQ,h,h,mCtEVQ,mCtEVQ
h,mCtEVQ,h,mCtEVQ,h,mCtEVQ,mCtEVQ,mCtEVQ,mCtEVQ,h,h,mCtEVQ,mCtEVQ
h,mCtEVQ,h,mCtEVQ,h,mCtEVQ,mCtEVQ,mCtEVQ,mCtEVQ,h,h,mCtEVQ,mCtEVQ,h
h,mCtEVQ,h,mCtEVQ,h,mCtEVQ,mCtEVQ,mCtEVQ,mCtEVQ,h,h,mCtEVQ,mCtEVQ,h
h,mCtEVQ,h,mCtEVQ,mCtEVQ,mCtEVQ,mCtEVQ,h,mCtEVQ,h,h,mCtEVQ,mCtEVQ,h,h
h,mCtEVQ,mCtEVQ,mCtEVQ,mCtEVQ,h,mCtEVQ,h,h,mCtEVQ,mCtEVQ,h,h,mCtEVQ,h
h
mCtEVQ,h,mCtEVQ,mCtEVQ,mCtEVQ,mCtEVQ,h,mCtEVQ,h,h,h,mCtEVQ,mCtEVQ,h,h
mCtEVQ,h,mCtEVQ,mCtEVQ,mCtEVQ,mCtEVQ,h,mCtEVQ,h,h,h,mCtEVQ,mCtEVQ,h,h
h
mCtEVQ
mCtEVQ
h
mCtEVQ,mCtEVQ,mCtEVQ,mCtEVQ,mCtEVQ,h,h,mCtEVQ,mCtEVQ,h,h
h
mCtEVQ
mCtEVQ,mCtEVQ,mCtEVQ,mCtEVQ,h,mCtEVQ,mCtEVQ,h,h,mCtEVQ,mCtEVQ
mCtEVQ,mCtEVQ,mCtEVQ,mCtEVQ,h,mCtEVQ,h,h,mCtEVQ,mCtEVQ,h,h
mCtEVQ
mCtEVQ,mCtEVQ,mCtEVQ,mCtEVQ,h,h,mCtEVQ,mCtEVQ,h,h,mCtEVQ
h
mCtEVQ,mCtEVQ,mCtEVQ,mCtEVQ,mCtEVQ,h,h,mCtEVQ,mCtEVQ,h,h,h
mCtEVQ
mCtEVQ,mCtEVQ,h,mCtEVQ,h,h,mCtEVQ,mCtEVQ,h,h,mCtEVQ,mCtEVQ
Jedi Wagner, assuma o comando!