[vazia]
[vazia]
[vazia]
FWrjVnyL
wLeOcRA
wLeOcRA
Xe
Xe,FkHjS,thJsRmlLG
Xe,FkHjS,thJsRmlLG,thJsRmlLG
FkHjS
FkHjS
Xe,FkHjS,ydvqMCH,thJsRmlLG,thJsRmlLG,FWrjVnyL,thJsRmlLG
FkHjS
Xe,FkHjS,thJsRmlLG,thJsRmlLG,ydvqMCH,FWrjVnyL,thJsRmlLG,DCNfXFIR,ydvqMCH
Xe,FkHjS,thJsRmlLG,thJsRmlLG,ydvqMCH,FWrjVnyL,thJsRmlLG,DCNfXFIR,ydvqMCH
Xe,FkHjS,Xe
Xe,FkHjS,Xe,thJsRmlLG
Xe,FkHjS,Xe,thJsRmlLG
FkHjS
Xe
Xe
Xe
Xe,FkHjS
Xe,FkHjS
Xe,FkHjS,FkHjS
Xe,FkHjS,FkHjS
Xe,FkHjS,FkHjS
FkHjS
Xe,FkHjS,FkHjS
Xe
Xe,FkHjS,FkHjS
Xe,FkHjS,FkHjS
FkHjS
FkHjS,Xe,FkHjS,ydvqMCH,DCNfXFIR
FkHjS
FkHjS
FkHjS,Xe,FkHjS,ydvqMCH,DCNfXFIR
Xe
Xe,FkHjS,FkHjS
Xe
Xe,FkHjS,FkHjS,FkHjS
FkHjS
FkHjS
FkHjS
FkHjS
FkHjS
Xe,FkHjS,FkHjS,FkHjS,Xe,Xe
Xe,FkHjS,FkHjS,FkHjS,Xe
FkHjS
Xe,FkHjS,FkHjS,FkHjS,Xe,thJsRmlLG
FkHjS
FkHjS
FkHjS
FkHjS
Xe,FkHjS,FkHjS,FkHjS,Xe,m,m
Xe,FkHjS,FkHjS,FkHjS,Xe,m,m
Xe,FkHjS,FkHjS,Xe,m,m
Xe
Xe
m
m
m
m
m
m
Xe,FkHjS,FkHjS,FkHjS,Xe,m,m,thJsRmlLG,ydvqMCH
Xe,FkHjS,FkHjS,FkHjS,Xe,m,m,thJsRmlLG,ydvqMCH
Xe
Xe,FkHjS,FkHjS,FkHjS,Xe,m,m,thJsRmlLG,ydvqMCH
Xe,FkHjS,FkHjS,FkHjS,Xe,m,m,thJsRmlLG,ydvqMCH,FkHjS
Xe
FkHjS,FkHjS,FkHjS,Xe,m,m,thJsRmlLG,ydvqMCH,FkHjS,DCNfXFIR,FWrjVnyL
FkHjS,FkHjS,FkHjS,Xe,m,m,thJsRmlLG,ydvqMCH,FkHjS,DCNfXFIR,FWrjVnyL
FkHjS,FkHjS,FkHjS,Xe,m,m,thJsRmlLG,ydvqMCH,FkHjS,DCNfXFIR,FWrjVnyL
m
FkHjS,FkHjS,Xe,m,m,thJsRmlLG,ydvqMCH,FkHjS,DCNfXFIR,thJsRmlLG,oGVjxikpra
FkHjS,FkHjS,Xe,m,m,thJsRmlLG,ydvqMCH,FkHjS,DCNfXFIR,thJsRmlLG,oGVjxikpra
ydvqMCH
DCNfXFIR
FkHjS,FkHjS,DCNfXFIR,ydvqMCH,m,m,thJsRmlLG,FkHjS,thJsRmlLG,oGVjxikpra
FkHjS,FkHjS,DCNfXFIR,ydvqMCH,m,m,FkHjS,thJsRmlLG,oGVjxikpra
FkHjS,FkHjS,DCNfXFIR,m,m,FkHjS,thJsRmlLG,oGVjxikpra,m
m
m
FkHjS,FkHjS,m,m,FkHjS,thJsRmlLG,oGVjxikpra,m,ydvqMCH,DCNfXFIR
m
m
FkHjS,FkHjS,m,m,FkHjS,thJsRmlLG,oGVjxikpra,m,ydvqMCH,DCNfXFIR
FkHjS,m,m,FkHjS,thJsRmlLG,oGVjxikpra,m,ydvqMCH
FkHjS
FkHjS,m,FkHjS,ydvqMCH,thJsRmlLG,oGVjxikpra,m,oGVjxikpra,m
thJsRmlLG
thJsRmlLG
thJsRmlLG
oGVjxikpra
m,FkHjS,ydvqMCH,oGVjxikpra,m,oGVjxikpra,m
oGVjxikpra
thJsRmlLG
FkHjS,m,FkHjS,ydvqMCH,thJsRmlLG,oGVjxikpra,m,oGVjxikpra,m,FkHjS
FkHjS,m,FkHjS,ydvqMCH,thJsRmlLG,oGVjxikpra,m,oGVjxikpra,m,FkHjS
FkHjS,m,FkHjS,ydvqMCH,thJsRmlLG,oGVjxikpra,m,oGVjxikpra,m
Jedi Wagner, assuma o comando!