Toque! Toque, Dijê!
nEw
nEw
nEw
Toque! Toque, Dijê!
Toque! Toque, Dijê!
Toque! Toque, Dijê!
SUbKkI
SUbKkI
SUbKkI
SUbKkI
SUbKkI
SUbKkI
SUbKkI
SUbKkI,XGe
SUbKkI,XGe
SUbKkI
SUbKkI
SUbKkI
SUbKkI
SUbKkI
[vazia]
SUbKkI,pG
SUbKkI,pG,XGe
SUbKkI
pG
pG
pG
pG
SUbKkI,pG,nEw
pG
SUbKkI,pG,XGe,nEw,Pbmqty
SUbKkI,pG,XGe,nEw,Pbmqty
pG
pG
pG
SUbKkI,pG,XGe,XGe
pG,XGe,SUbKkI,Pbmqty,peSUN
SUbKkI
pG,XGe,SUbKkI,Pbmqty,peSUN
SUbKkI
pG,XGe,SUbKkI,peSUN
SUbKkI
SUbKkI
SUbKkI
pG,SUbKkI,peSUN,SUbKkI
SUbKkI
pG,SUbKkI,peSUN,SUbKkI,pG
pG,SUbKkI,peSUN,SUbKkI,pG
peSUN
pG,peSUN,SUbKkI,pG,Pbmqty
pG,SUbKkI,peSUN,SUbKkI,pG,Pbmqty
peSUN
pG,SUbKkI,peSUN,SUbKkI,pG,Pbmqty
pG,SUbKkI,peSUN,SUbKkI,pG,Pbmqty
pG,peSUN,SUbKkI,pG,Pbmqty
pG,peSUN,SUbKkI,pG
peSUN,pG
peSUN,pG
peSUN
pG
Pbmqty
pG,Pbmqty,Pbmqty,Pbmqty,Pbmqty
Pbmqty
pG,Pbmqty,Pbmqty,Pbmqty,Pbmqty
Pbmqty,Pbmqty,Pbmqty,Pbmqty,peSUN
Pbmqty
Pbmqty
Pbmqty,Pbmqty,Pbmqty,Pbmqty,peSUN,pG,mY
peSUN
peSUN
peSUN
Pbmqty,Pbmqty,Pbmqty,Pbmqty,peSUN,pG,mY,pG,peSUN
Pbmqty,Pbmqty,Pbmqty,Pbmqty,peSUN,pG,mY,pG,peSUN
Pbmqty,Pbmqty,Pbmqty,Pbmqty,peSUN,pG,mY,pG,peSUN
Pbmqty,Pbmqty,Pbmqty,peSUN,pG,mY,pG,peSUN,fghGbbd,pG
mY
mY
mY
Pbmqty,Pbmqty,Pbmqty,peSUN,pG,mY,pG,peSUN,fghGbbd,pG,mY,XGe,peSUN
Pbmqty,Pbmqty,Pbmqty,pG,mY,pG,peSUN,peSUN,fghGbbd,pG,mY,peSUN
peSUN
Pbmqty,Pbmqty,Pbmqty,pG,pG,peSUN,mY,peSUN,pG,mY,peSUN,fghGbbd,mY
Pbmqty,Pbmqty,Pbmqty,pG,pG,peSUN,mY,peSUN,pG,mY,peSUN,fghGbbd,mY
peSUN
Pbmqty,Pbmqty,pG,pG,peSUN,mY,peSUN,pG,mY,peSUN,fghGbbd,mY,peSUN,Pbmqty
peSUN
peSUN
Pbmqty,Pbmqty,Pbmqty,peSUN,pG,mY,pG,peSUN,fghGbbd,pG,mY,peSUN
Pbmqty,Pbmqty,Pbmqty,peSUN,pG,mY,pG,peSUN,fghGbbd,pG,mY,peSUN
pG
Pbmqty,Pbmqty,Pbmqty,peSUN,fghGbbd,pG,peSUN,pG,mY,peSUN,fghGbbd,Pbmqty,XGe,fghGbbd,SUbKkI
peSUN
Pbmqty,Pbmqty,Pbmqty,peSUN,fghGbbd,pG,peSUN,pG,mY,peSUN,fghGbbd,Pbmqty,XGe,fghGbbd,SUbKkI,pG
Pbmqty,Pbmqty,Pbmqty,peSUN,fghGbbd,pG,peSUN,pG,mY,peSUN,fghGbbd,Pbmqty,XGe,fghGbbd,SUbKkI,pG,Pbmqty
peSUN
peSUN
Pbmqty,Pbmqty,Pbmqty,peSUN,pG,mY,pG,peSUN,fghGbbd,pG,mY,peSUN
peSUN
peSUN
Pbmqty,Pbmqty,Pbmqty,mY,pG,peSUN,fghGbbd,pG,mY,peSUN,XGe,peSUN,XGe
fghGbbd
pG
Pbmqty,Pbmqty,Pbmqty,mY,pG,peSUN,fghGbbd,pG,mY,peSUN,XGe,peSUN,nEw,fghGbbd,peSUN
Pbmqty,Pbmqty,Pbmqty,mY,pG,peSUN,fghGbbd,pG,mY,peSUN,XGe,peSUN,fghGbbd,peSUN
Pbmqty,Pbmqty,Pbmqty,mY,pG,peSUN,fghGbbd,pG,mY,peSUN,XGe,peSUN,fghGbbd,peSUN
Pbmqty,Pbmqty,Pbmqty,mY,pG,peSUN,fghGbbd,pG,mY,peSUN,XGe,peSUN,nEw,qZBtxfqV,mY
pG
pG
pG
Pbmqty,Pbmqty,Pbmqty,pG,peSUN,fghGbbd,pG,mY,peSUN,XGe,peSUN,nEw,qZBtxfqV
pG
Pbmqty,Pbmqty,Pbmqty,pG,peSUN,fghGbbd,pG,mY,peSUN,XGe,peSUN,nEw,qZBtxfqV
Pbmqty,Pbmqty,Pbmqty,pG,peSUN,fghGbbd,pG,mY,peSUN,XGe,peSUN,nEw,qZBtxfqV,SUbKkI
Pbmqty,Pbmqty,Pbmqty,pG,peSUN,fghGbbd,pG,mY,peSUN,XGe,peSUN,nEw,qZBtxfqV,SUbKkI,pG
pG
pG
Pbmqty,Pbmqty,Pbmqty,pG,peSUN,fghGbbd,pG,mY,peSUN,XGe,peSUN,nEw,qZBtxfqV,SUbKkI,pG
Pbmqty,Pbmqty,peSUN,fghGbbd,SUbKkI,pG,pG,mY,peSUN,XGe,peSUN,qZBtxfqV,pG
pG
Pbmqty,Pbmqty,fghGbbd,mY,peSUN,peSUN,XGe,peSUN,qZBtxfqV,pG,nEw,qZBtxfqV
Pbmqty,Pbmqty,fghGbbd,mY,peSUN,peSUN,XGe,peSUN,qZBtxfqV,pG,nEw,qZBtxfqV
Pbmqty,Pbmqty,peSUN,fghGbbd,mY,peSUN,XGe,peSUN,qZBtxfqV,pG,nEw,qZBtxfqV,XGe,pG
Pbmqty,Pbmqty,peSUN,fghGbbd,mY,peSUN,XGe,peSUN,qZBtxfqV,pG,nEw,qZBtxfqV,Pbmqty
peSUN
Pbmqty,Pbmqty,peSUN,fghGbbd,peSUN,mY,XGe,peSUN,qZBtxfqV,pG,nEw,qZBtxfqV,Pbmqty
Pbmqty,Pbmqty,peSUN,fghGbbd,peSUN,mY,XGe,peSUN,qZBtxfqV,pG,nEw,qZBtxfqV,Pbmqty
Pbmqty,Pbmqty,peSUN,fghGbbd,peSUN,mY,XGe,peSUN,qZBtxfqV,pG,nEw,qZBtxfqV,Pbmqty
XGe
XGe
XGe
XGe
XGe
XGe
XGe
Pbmqty
Pbmqty
Pbmqty
Pbmqty,Pbmqty,peSUN,XGe,mY,peSUN,qZBtxfqV,pG,nEw,qZBtxfqV,Pbmqty
mY
mY
Pbmqty,Pbmqty,peSUN,XGe,mY,pG,peSUN,qZBtxfqV,qZBtxfqV,Pbmqty,XGe
Jedi Wagner, assuma o comando!