Toque! Toque, Dijê!
[vazia]
[vazia]
Toque! Toque, Dijê!
Toque! Toque, Dijê!
xCVZvUcSgF
xCVZvUcSgF,NmfjF
xCVZvUcSgF,NmfjF
xCVZvUcSgF
xCVZvUcSgF
xCVZvUcSgF
xCVZvUcSgF
xCVZvUcSgF,NmfjF,NmfjF
xCVZvUcSgF
xCVZvUcSgF
xCVZvUcSgF
xCVZvUcSgF
xCVZvUcSgF
xCVZvUcSgF
NmfjF
NmfjF,xCVZvUcSgF,NmfjF
xCVZvUcSgF,NmfjF
xCVZvUcSgF
xCVZvUcSgF,NmfjF
NmfjF
NmfjF
xCVZvUcSgF,NmfjF,NmfjF
NmfjF
NmfjF,AY
NmfjF,AY
AY
AY
AY
AY,AY
AY,AY
AY,AY
AY
AY
AY
AY
AY
AY,AY,NmfjF,xCVZvUcSgF,AY
AY,NmfjF,xCVZvUcSgF,AY
NmfjF
xCVZvUcSgF
xCVZvUcSgF
xCVZvUcSgF
AY
AY
AY
AY
AY,NmfjF,xCVZvUcSgF,NmfjF,NmfjF,xCVZvUcSgF,NmfjF,NmfjF
AY,NmfjF,xCVZvUcSgF,NmfjF,NmfjF,xCVZvUcSgF,NmfjF,NmfjF
NmfjF
NmfjF
NmfjF
NmfjF,xCVZvUcSgF,NmfjF,NmfjF,xCVZvUcSgF,NmfjF,NmfjF,NmfjF,AY,NmfjF,NmfjF
NmfjF
xCVZvUcSgF,AY,NmfjF,NmfjF,NmfjF,xCVZvUcSgF,NmfjF,NmfjF,NmfjF
NmfjF
xCVZvUcSgF,AY,NmfjF,NmfjF,NmfjF,xCVZvUcSgF,NmfjF,NmfjF,NmfjF,xCVZvUcSgF
NmfjF
NmfjF
xCVZvUcSgF,NmfjF,NmfjF,xCVZvUcSgF,NmfjF,NmfjF,NmfjF,xCVZvUcSgF,xCVZvUcSgF,NmfjF,NmfjF
xCVZvUcSgF,NmfjF,NmfjF,xCVZvUcSgF,NmfjF,NmfjF,NmfjF,xCVZvUcSgF,xCVZvUcSgF,NmfjF,NmfjF
xCVZvUcSgF,NmfjF,NmfjF,xCVZvUcSgF,NmfjF,NmfjF,NmfjF,xCVZvUcSgF,xCVZvUcSgF,NmfjF,NmfjF,AY,NmfjF
NmfjF,NmfjF,xCVZvUcSgF,NmfjF,NmfjF,NmfjF,xCVZvUcSgF,xCVZvUcSgF,NmfjF,NmfjF,NmfjF
NmfjF
NmfjF,NmfjF,NmfjF,NmfjF,NmfjF,xCVZvUcSgF,xCVZvUcSgF,NmfjF,NmfjF,NmfjF,AY
NmfjF,NmfjF,NmfjF,NmfjF,NmfjF,xCVZvUcSgF,xCVZvUcSgF,NmfjF,NmfjF,NmfjF,AY
AY
xCVZvUcSgF
xCVZvUcSgF
NmfjF,NmfjF,NmfjF,xCVZvUcSgF,xCVZvUcSgF,NmfjF,NmfjF,xCVZvUcSgF,xCVZvUcSgF,NmfjF,NmfjF,xCVZvUcSgF,AY
xCVZvUcSgF
NmfjF
NmfjF,NmfjF,xCVZvUcSgF,NmfjF,NmfjF,NmfjF,xCVZvUcSgF,xCVZvUcSgF,NmfjF,NmfjF,AY
NmfjF
NmfjF,NmfjF,xCVZvUcSgF,NmfjF,NmfjF,AY,NmfjF,xCVZvUcSgF,xCVZvUcSgF,NmfjF,NmfjF,NmfjF
NmfjF
AY
NmfjF,NmfjF,xCVZvUcSgF,NmfjF,NmfjF,AY,NmfjF,xCVZvUcSgF,xCVZvUcSgF,NmfjF,NmfjF,NmfjF
NmfjF,NmfjF,NmfjF,NmfjF,AY,xCVZvUcSgF,NmfjF,xCVZvUcSgF,xCVZvUcSgF,NmfjF,NmfjF,NmfjF
AY
AY
NmfjF,NmfjF,NmfjF,AY,xCVZvUcSgF,NmfjF,NmfjF,NmfjF,NmfjF,NmfjF,NmfjF,NmfjF
xCVZvUcSgF
xCVZvUcSgF
NmfjF,NmfjF,xCVZvUcSgF,NmfjF,NmfjF,NmfjF,NmfjF,NmfjF,NmfjF,NmfjF
xCVZvUcSgF
NmfjF,NmfjF,xCVZvUcSgF,NmfjF,NmfjF,NmfjF,NmfjF,NmfjF,NmfjF,NmfjF,NmfjF,AY
xCVZvUcSgF
xCVZvUcSgF
NmfjF,NmfjF,AY,xCVZvUcSgF,NmfjF,NmfjF,NmfjF,NmfjF,NmfjF,NmfjF,NmfjF,NmfjF,AY
NmfjF
NmfjF
NmfjF,NmfjF,AY,xCVZvUcSgF,NmfjF,NmfjF,NmfjF,NmfjF,NmfjF,NmfjF,NmfjF,NmfjF,AY,NmfjF
NmfjF,NmfjF,AY,xCVZvUcSgF,NmfjF,NmfjF,NmfjF,NmfjF,NmfjF,NmfjF,NmfjF,NmfjF,AY,NmfjF,NmfjF
NmfjF
NmfjF,NmfjF,AY,xCVZvUcSgF,NmfjF,NmfjF,NmfjF,NmfjF,NmfjF,NmfjF,NmfjF,NmfjF,AY,NmfjF,NmfjF
NmfjF,NmfjF,AY,xCVZvUcSgF,NmfjF,NmfjF,NmfjF,NmfjF,NmfjF,NmfjF,NmfjF,NmfjF,AY,NmfjF,NmfjF
NmfjF,AY,xCVZvUcSgF,NmfjF,NmfjF,NmfjF,NmfjF,NmfjF,NmfjF,NmfjF,NmfjF,NmfjF,AY,NmfjF,NmfjF
NmfjF
NmfjF,NmfjF,AY,xCVZvUcSgF,NmfjF,NmfjF,NmfjF,NmfjF,NmfjF,NmfjF,NmfjF,NmfjF,AY,NmfjF,NmfjF,NmfjF
NmfjF
NmfjF
NmfjF
NmfjF
NmfjF,NmfjF,NmfjF,NmfjF,NmfjF,NmfjF,NmfjF,NmfjF,NmfjF,NmfjF,NmfjF,NmfjF,NmfjF,xCVZvUcSgF,AY,xCVZvUcSgF
AY
AY
NmfjF,NmfjF,NmfjF,NmfjF,NmfjF,xCVZvUcSgF,AY,NmfjF,NmfjF,NmfjF,NmfjF,NmfjF,AY,NmfjF,NmfjF,NmfjF,NmfjF
NmfjF,NmfjF,NmfjF,NmfjF,NmfjF,xCVZvUcSgF,AY,NmfjF,NmfjF,NmfjF,NmfjF,NmfjF,AY,NmfjF,NmfjF,NmfjF,NmfjF,xCVZvUcSgF
NmfjF
NmfjF,NmfjF,NmfjF,NmfjF,NmfjF,NmfjF,AY,xCVZvUcSgF,NmfjF,NmfjF,NmfjF,NmfjF,AY,NmfjF,NmfjF,NmfjF,NmfjF,xCVZvUcSgF
NmfjF,NmfjF,NmfjF,NmfjF,NmfjF,NmfjF,AY,xCVZvUcSgF,NmfjF,NmfjF,NmfjF,NmfjF,AY,NmfjF,NmfjF,NmfjF,NmfjF,xCVZvUcSgF
NmfjF,NmfjF,NmfjF,NmfjF,NmfjF,NmfjF,AY,xCVZvUcSgF,NmfjF,NmfjF,NmfjF,NmfjF,AY,NmfjF,NmfjF,NmfjF,NmfjF,xCVZvUcSgF
NmfjF,NmfjF,NmfjF,NmfjF,NmfjF,NmfjF,AY,xCVZvUcSgF,NmfjF,NmfjF,NmfjF,NmfjF,AY,NmfjF,NmfjF,NmfjF,NmfjF,xCVZvUcSgF
AY
NmfjF,NmfjF,NmfjF,NmfjF,NmfjF,NmfjF,AY,xCVZvUcSgF,NmfjF,NmfjF,NmfjF,NmfjF,AY,NmfjF,NmfjF,NmfjF,NmfjF,xCVZvUcSgF,NmfjF
AY
AY
NmfjF,NmfjF,NmfjF,NmfjF,NmfjF,AY,xCVZvUcSgF,NmfjF,NmfjF,NmfjF,NmfjF,AY,NmfjF,NmfjF,NmfjF,NmfjF,xCVZvUcSgF
NmfjF,NmfjF,NmfjF,NmfjF,NmfjF,AY,xCVZvUcSgF,NmfjF,NmfjF,NmfjF,NmfjF,AY,NmfjF,NmfjF,NmfjF,NmfjF,xCVZvUcSgF
NmfjF,NmfjF,NmfjF,AY,NmfjF,xCVZvUcSgF,NmfjF,NmfjF,NmfjF,NmfjF,AY,NmfjF,NmfjF,NmfjF,NmfjF,xCVZvUcSgF,xCVZvUcSgF,NmfjF
NmfjF,NmfjF,NmfjF,AY,NmfjF,xCVZvUcSgF,NmfjF,NmfjF,NmfjF,NmfjF,AY,NmfjF,NmfjF,NmfjF,NmfjF,xCVZvUcSgF,xCVZvUcSgF,NmfjF
NmfjF,NmfjF,NmfjF,AY,NmfjF,xCVZvUcSgF,NmfjF,NmfjF,NmfjF,NmfjF,AY,NmfjF,NmfjF,NmfjF,NmfjF,xCVZvUcSgF,xCVZvUcSgF,NmfjF
NmfjF,NmfjF,NmfjF,NmfjF,xCVZvUcSgF,AY,NmfjF,NmfjF,NmfjF,NmfjF,NmfjF,NmfjF,NmfjF,NmfjF,xCVZvUcSgF,xCVZvUcSgF,NmfjF,xCVZvUcSgF,NmfjF
AY
NmfjF,NmfjF,NmfjF,AY,NmfjF,NmfjF,NmfjF,NmfjF,NmfjF,NmfjF,NmfjF,NmfjF,NmfjF,NmfjF,AY
NmfjF,NmfjF,NmfjF,AY,NmfjF,NmfjF,NmfjF,NmfjF,NmfjF,NmfjF,NmfjF,NmfjF,NmfjF,NmfjF,AY
NmfjF
NmfjF,NmfjF,AY,NmfjF,NmfjF,NmfjF,NmfjF,NmfjF,NmfjF,NmfjF,NmfjF,NmfjF,NmfjF,NmfjF,AY
NmfjF
NmfjF,AY,NmfjF,NmfjF,NmfjF,NmfjF,NmfjF,NmfjF,NmfjF,NmfjF,NmfjF,NmfjF,NmfjF,AY
NmfjF,AY,NmfjF,NmfjF,NmfjF,NmfjF,NmfjF,NmfjF,NmfjF,NmfjF,NmfjF,NmfjF,NmfjF,AY,AY,NmfjF
NmfjF,NmfjF,NmfjF,NmfjF,NmfjF,NmfjF,AY,NmfjF,NmfjF,NmfjF,NmfjF,NmfjF,NmfjF,AY,AY,NmfjF,xCVZvUcSgF
AY
NmfjF,NmfjF,NmfjF,NmfjF,NmfjF,NmfjF,AY,NmfjF,NmfjF,NmfjF,NmfjF,NmfjF,NmfjF,AY,AY,NmfjF,xCVZvUcSgF,AY
NmfjF
NmfjF
NmfjF
NmfjF,NmfjF,NmfjF,NmfjF,NmfjF,NmfjF,NmfjF,NmfjF,NmfjF,NmfjF,NmfjF,AY,AY,NmfjF,xCVZvUcSgF,AY,NmfjF,xCVZvUcSgF
NmfjF
NmfjF,NmfjF,NmfjF,NmfjF,NmfjF,NmfjF,NmfjF,NmfjF,NmfjF,NmfjF,NmfjF,NmfjF,AY,AY,NmfjF,xCVZvUcSgF,AY,NmfjF
AY
NmfjF,NmfjF,NmfjF,NmfjF,NmfjF,NmfjF,NmfjF,NmfjF,NmfjF,NmfjF,NmfjF,NmfjF,AY,AY,NmfjF,xCVZvUcSgF,AY,NmfjF,AY
NmfjF
NmfjF
NmfjF,NmfjF,NmfjF,NmfjF,NmfjF,NmfjF,NmfjF,NmfjF,NmfjF,NmfjF,NmfjF,NmfjF,AY,AY,NmfjF,xCVZvUcSgF,AY,NmfjF
NmfjF
NmfjF,NmfjF,NmfjF,NmfjF,NmfjF,NmfjF,NmfjF,NmfjF,NmfjF,NmfjF,NmfjF,AY,AY,NmfjF,AY,NmfjF,AY,xCVZvUcSgF
NmfjF,NmfjF,NmfjF,NmfjF,NmfjF,NmfjF,NmfjF,NmfjF,NmfjF,NmfjF,xCVZvUcSgF,NmfjF,AY,AY,NmfjF,AY,NmfjF,AY
AY
NmfjF,NmfjF,NmfjF,NmfjF,NmfjF,NmfjF,NmfjF,NmfjF,NmfjF,NmfjF,AY,AY,xCVZvUcSgF,NmfjF,AY,NmfjF,AY
xCVZvUcSgF
NmfjF,NmfjF,NmfjF,NmfjF,NmfjF,NmfjF,NmfjF,NmfjF,NmfjF,NmfjF,AY,AY,NmfjF,AY,NmfjF,AY
NmfjF
AY
NmfjF,NmfjF,NmfjF,NmfjF,NmfjF,NmfjF,NmfjF,NmfjF,NmfjF,NmfjF,NmfjF,AY,AY,NmfjF,xCVZvUcSgF,AY,NmfjF,AY
NmfjF,NmfjF,NmfjF,NmfjF,NmfjF,NmfjF,NmfjF,NmfjF,NmfjF,NmfjF,NmfjF,AY,AY,NmfjF,xCVZvUcSgF,AY,NmfjF,AY
NmfjF,NmfjF,NmfjF,NmfjF,NmfjF,NmfjF,NmfjF,NmfjF,NmfjF,NmfjF,NmfjF,AY,NmfjF,xCVZvUcSgF,AY,NmfjF,AY
NmfjF
NmfjF
NmfjF
xCVZvUcSgF
xCVZvUcSgF
NmfjF
NmfjF,NmfjF,NmfjF,NmfjF,NmfjF,NmfjF,NmfjF,NmfjF,NmfjF,NmfjF,NmfjF,AY,NmfjF,AY,AY,AY,AY
AY
AY
AY
AY
NmfjF,NmfjF,NmfjF,NmfjF,NmfjF,NmfjF,NmfjF,NmfjF,NmfjF,NmfjF,NmfjF,AY,NmfjF,AY,AY,AY,AY,xCVZvUcSgF
AY
NmfjF,NmfjF,NmfjF,NmfjF,NmfjF,NmfjF,NmfjF,NmfjF,NmfjF,NmfjF,NmfjF,AY,NmfjF,AY,AY,AY,AY
NmfjF,NmfjF,NmfjF,NmfjF,NmfjF,NmfjF,NmfjF,NmfjF,NmfjF,NmfjF,NmfjF,AY,NmfjF,AY,AY,AY,NmfjF,NmfjF,NmfjF
AY
NmfjF
AY
AY
AY
AY
AY
NmfjF,NmfjF,NmfjF,NmfjF,NmfjF,NmfjF,NmfjF,NmfjF,NmfjF,NmfjF,NmfjF,NmfjF,AY,AY,AY,AY,AY,AY,xCVZvUcSgF
NmfjF,NmfjF,NmfjF,NmfjF,NmfjF,NmfjF,NmfjF,NmfjF,NmfjF,NmfjF,NmfjF,NmfjF,AY,AY,AY,AY,AY,AY,xCVZvUcSgF
AY
AY
NmfjF,NmfjF,NmfjF,NmfjF,NmfjF,NmfjF,NmfjF,NmfjF,NmfjF,NmfjF,NmfjF,NmfjF,AY,AY,AY,AY,AY,xCVZvUcSgF,NmfjF
AY
AY
NmfjF,NmfjF,NmfjF,NmfjF,NmfjF,NmfjF,NmfjF,NmfjF,NmfjF,NmfjF,NmfjF,NmfjF,AY,AY,AY,xCVZvUcSgF,AY,AY,NmfjF
xCVZvUcSgF
xCVZvUcSgF
xCVZvUcSgF
Jedi Wagner, assuma o comando!