Toque! Toque, Dijê!
Toque! Toque, Dijê!
Toque! Toque, Dijê!
Toque! Toque, Dijê!
[vazia]
Toque! Toque, Dijê!
xdFuEdwMr
xdFuEdwMr
xdFuEdwMr,H
H
H
H
H
[vazia]
Toque! Toque, Dijê!
Toque! Toque, Dijê!
[vazia]
H
H,xdFuEdwMr
xdFuEdwMr
xdFuEdwMr
xdFuEdwMr
xdFuEdwMr
xdFuEdwMr
xdFuEdwMr
H,xdFuEdwMr
xdFuEdwMr
xdFuEdwMr
xdFuEdwMr
xdFuEdwMr
xdFuEdwMr,H
xdFuEdwMr
H
xdFuEdwMr
xdFuEdwMr
H
H
H,xdFuEdwMr
H,xdFuEdwMr
H
H
H
xdFuEdwMr
xdFuEdwMr
xdFuEdwMr
xdFuEdwMr
xdFuEdwMr
xdFuEdwMr,xdFuEdwMr,xdFuEdwMr
xdFuEdwMr,xdFuEdwMr,xdFuEdwMr
xdFuEdwMr,xdFuEdwMr,xdFuEdwMr
xdFuEdwMr,xdFuEdwMr,xdFuEdwMr
xdFuEdwMr,xdFuEdwMr,xdFuEdwMr
xdFuEdwMr,xdFuEdwMr,H
H
xdFuEdwMr,H,xdFuEdwMr
xdFuEdwMr
xdFuEdwMr
xdFuEdwMr,H,xdFuEdwMr
xdFuEdwMr
xdFuEdwMr,H,xdFuEdwMr,H
H,xdFuEdwMr,H
xdFuEdwMr,H,H,H
H
H
H,xdFuEdwMr,H,H,xdFuEdwMr,xdFuEdwMr
H
H
H,xdFuEdwMr,H,H,xdFuEdwMr,xdFuEdwMr
xdFuEdwMr
xdFuEdwMr
xdFuEdwMr
H,H,H,xdFuEdwMr,xdFuEdwMr,xdFuEdwMr
H,H,H,xdFuEdwMr,xdFuEdwMr,xdFuEdwMr,H,xdFuEdwMr
H,H,H,xdFuEdwMr,xdFuEdwMr,xdFuEdwMr,H,xdFuEdwMr,H,xdFuEdwMr,H
H
xdFuEdwMr,H,H,xdFuEdwMr,xdFuEdwMr,H
H
H,H,H,xdFuEdwMr,xdFuEdwMr
xdFuEdwMr
H,H,xdFuEdwMr,H,xdFuEdwMr,xdFuEdwMr
xdFuEdwMr
H,H,xdFuEdwMr,H,xdFuEdwMr,xdFuEdwMr
H
H
H
H
H
H
H,H,H,xdFuEdwMr,xdFuEdwMr,H
H
H,H,H,xdFuEdwMr,xdFuEdwMr,H
H
H,H,xdFuEdwMr,xdFuEdwMr,H
H,H,H,xdFuEdwMr,xdFuEdwMr
xdFuEdwMr
H,xdFuEdwMr,H,H
H,H,H,xdFuEdwMr,xdFuEdwMr
H
H
H,H,H,xdFuEdwMr,xdFuEdwMr
H
Jedi Wagner, assuma o comando!