[vazia]
Toque! Toque, Dijê!
Toque! Toque, Dijê!
Toque! Toque, Dijê!
[vazia]
Toque! Toque, Dijê!
Toque! Toque, Dijê!
[vazia]
Toque! Toque, Dijê!
Toque! Toque, Dijê!
Toque! Toque, Dijê!
wZL
wZL
wZL
wZL
[vazia]
wZL
Toque! Toque, Dijê!
[vazia]
[vazia]
[vazia]
Toque! Toque, Dijê!
Toque! Toque, Dijê!
[vazia]
[vazia]
GAvBYntii,zfwZZrmm
GAvBYntii
GAvBYntii,zfwZZrmm
[vazia]
jBM
Toque! Toque, Dijê!
Toque! Toque, Dijê!
Toque! Toque, Dijê!
jBM,jBM
jBM
jBM
[vazia]
jBM
FbEu
FbEu
FbEu,OHC
OHC
OHC
OHC
OHC
FbEu,OHC
FbEu
FbEu
OHC,FbEu,GAvBYntii
FbEu
OHC,FbEu,wZL,FbEu
wZL
wZL
wZL
wZL
OHC,FbEu,wZL,FbEu,jBM
wZL
wZL
OHC,FbEu,wZL,FbEu
OHC,FbEu,wZL,FbEu,GAvBYntii,OHC
FbEu
OHC,FbEu,wZL,FbEu,GAvBYntii
FbEu,wZL,FbEu,OHC
FbEu,wZL,FbEu,OHC
OHC
OHC
FbEu
OHC
FbEu,OHC,wZL,FbEu
wZL
wZL
FbEu,wZL
FbEu
FbEu,wZL
FbEu
FbEu,OHC,wZL,FbEu,jBM
wZL
wZL
OHC,wZL,FbEu,jBM,GAvBYntii
wZL,FbEu,jBM,GAvBYntii
wZL,FbEu,jBM,GAvBYntii,GAvBYntii
wZL
FbEu
jBM
Jedi Wagner, assuma o comando!