[vazia]
[vazia]
[vazia]
[vazia]
[vazia]
[vazia]
Toque! Toque, Dijê!
Toque! Toque, Dijê!
Toque! Toque, Dijê!
[vazia]
Toque! Toque, Dijê!
[vazia]
Toque! Toque, Dijê!
Toque! Toque, Dijê!
[vazia]
[vazia]
R
R
R
R
R
R,Yuzbc
Yuzbc,R
Yuzbc
Yuzbc,R
Yuzbc,R
Yuzbc
Yuzbc
R,Yuzbc,vqF,AvRxgUK,R
vqF
R,Yuzbc,R,Yuzbc,Yuzbc
vqF
Yuzbc
R,vqF,Yuzbc,AvRxgUK,R,fN
AvRxgUK
AvRxgUK
AvRxgUK
R
R
R,vqF,Yuzbc,AvRxgUK,R,fN,AvRxgUK
vqF
vqF,R,Yuzbc,AvRxgUK,R,AvRxgUK,Yuzbc,My
R
R,AvRxgUK,vqF,Yuzbc,R,AvRxgUK,fN,vqF
vqF
vqF
R,vqF,Yuzbc,AvRxgUK,R,AvRxgUK,fN,fN
vqF
R,vqF,Yuzbc,AvRxgUK,R,AvRxgUK,fN,fN
R,vqF,Yuzbc,AvRxgUK,R,AvRxgUK,fN
R,Yuzbc,vqF,AvRxgUK,R,AvRxgUK,fN
R,Yuzbc,vqF,AvRxgUK,R,AvRxgUK,fN
fN,vqF,Yuzbc,AvRxgUK,R,AvRxgUK
Yuzbc
vqF,Yuzbc,AvRxgUK,AvRxgUK,AvRxgUK,vqF,fN,AvRxgUK
Yuzbc
vqF,Yuzbc,AvRxgUK,AvRxgUK,AvRxgUK,vqF,fN,fN,Yuzbc
AvRxgUK
AvRxgUK
AvRxgUK
AvRxgUK
AvRxgUK
vqF,Yuzbc,AvRxgUK,AvRxgUK,fN,AvRxgUK,vqF,fN,Yuzbc,fN,AvRxgUK,vqF
AvRxgUK
vqF,Yuzbc,AvRxgUK,fN,AvRxgUK,AvRxgUK,vqF,fN,Yuzbc,fN,AvRxgUK,vqF
AvRxgUK,fN,vqF,Yuzbc,AvRxgUK,AvRxgUK,vqF,fN,Yuzbc,fN,AvRxgUK,vqF,R,R
Yuzbc
vqF,Yuzbc,AvRxgUK,AvRxgUK,AvRxgUK,vqF,fN,fN,Yuzbc,fN,AvRxgUK,vqF
Yuzbc,AvRxgUK,AvRxgUK,AvRxgUK,vqF,fN,fN,Yuzbc,fN,AvRxgUK,vqF
AvRxgUK
AvRxgUK
AvRxgUK,AvRxgUK,AvRxgUK,Yuzbc,vqF,fN,fN,Yuzbc,fN,AvRxgUK,vqF,Yuzbc
AvRxgUK
AvRxgUK,AvRxgUK,vqF,fN,Yuzbc,fN,AvRxgUK,vqF,Yuzbc,R,AvRxgUK,AvRxgUK,R,AvRxgUK
AvRxgUK,AvRxgUK,vqF,Yuzbc,fN,fN,AvRxgUK,vqF,R,AvRxgUK,AvRxgUK,R,AvRxgUK,AvRxgUK
Yuzbc
Yuzbc
AvRxgUK,Yuzbc,fN,fN,AvRxgUK,AvRxgUK,vqF,R,AvRxgUK,AvRxgUK,R,AvRxgUK,AvRxgUK
AvRxgUK
AvRxgUK,AvRxgUK,Yuzbc,fN,fN,AvRxgUK,vqF,R,AvRxgUK,AvRxgUK,R,AvRxgUK,AvRxgUK
R
R
AvRxgUK,AvRxgUK,Yuzbc,fN,R,fN,AvRxgUK,vqF,AvRxgUK,AvRxgUK,R,AvRxgUK,AvRxgUK,My,AvRxgUK,My
AvRxgUK,AvRxgUK,fN,R,fN,AvRxgUK,vqF,AvRxgUK,AvRxgUK,R,AvRxgUK,AvRxgUK,My,AvRxgUK,My,fN
R
vqF
vqF
AvRxgUK,Yuzbc,fN,fN,AvRxgUK,vqF,R,AvRxgUK,AvRxgUK,R,AvRxgUK,AvRxgUK,My,AvRxgUK
AvRxgUK,Yuzbc,fN,fN,AvRxgUK,vqF,R,AvRxgUK,AvRxgUK,R,AvRxgUK,AvRxgUK,My,AvRxgUK
fN
Yuzbc,fN,fN,AvRxgUK,vqF,R,AvRxgUK,AvRxgUK,R,AvRxgUK,AvRxgUK,My,AvRxgUK
fN
AvRxgUK,Yuzbc,fN,fN,vqF,AvRxgUK,R,AvRxgUK,AvRxgUK,R,AvRxgUK,AvRxgUK,AvRxgUK
fN
vqF
AvRxgUK,Yuzbc,fN,fN,vqF,AvRxgUK,AvRxgUK,AvRxgUK,R,AvRxgUK,AvRxgUK,AvRxgUK,Yuzbc,R,fN
AvRxgUK,Yuzbc,fN,fN,vqF,AvRxgUK,AvRxgUK,AvRxgUK,R,AvRxgUK,AvRxgUK,AvRxgUK,Yuzbc,R,fN
AvRxgUK
AvRxgUK
vqF
vqF
vqF
AvRxgUK,Yuzbc,fN,fN,vqF,AvRxgUK,AvRxgUK,AvRxgUK,R,AvRxgUK,AvRxgUK,AvRxgUK,Yuzbc,R,R,Yuzbc
vqF
AvRxgUK,Yuzbc,fN,fN,vqF,AvRxgUK,AvRxgUK,AvRxgUK,R,AvRxgUK,AvRxgUK,AvRxgUK,Yuzbc,R,R,Yuzbc
AvRxgUK
Yuzbc,fN,AvRxgUK,R,AvRxgUK,AvRxgUK,AvRxgUK,AvRxgUK,AvRxgUK,AvRxgUK,Yuzbc,R,R,Yuzbc,Yuzbc,vqF
Yuzbc,fN,AvRxgUK,R,AvRxgUK,AvRxgUK,AvRxgUK,AvRxgUK,AvRxgUK,AvRxgUK,Yuzbc,R,R,Yuzbc,Yuzbc,AvRxgUK,fN
AvRxgUK
AvRxgUK
Yuzbc
Yuzbc
fN,AvRxgUK,R,AvRxgUK,AvRxgUK,Yuzbc,AvRxgUK,AvRxgUK,AvRxgUK,AvRxgUK,Yuzbc,R,R,Yuzbc,Yuzbc,AvRxgUK,fN,R,R,R
Yuzbc
AvRxgUK
AvRxgUK
AvRxgUK
fN,R,AvRxgUK,AvRxgUK,AvRxgUK,Yuzbc,AvRxgUK,AvRxgUK,AvRxgUK,Yuzbc,R,R,Yuzbc,Yuzbc,AvRxgUK,fN,R,R,R
fN,R,AvRxgUK,AvRxgUK,AvRxgUK,Yuzbc,AvRxgUK,AvRxgUK,AvRxgUK,Yuzbc,R,R,Yuzbc,Yuzbc,AvRxgUK,fN,R,R,R
AvRxgUK
fN,R,AvRxgUK,AvRxgUK,Yuzbc,AvRxgUK,AvRxgUK,AvRxgUK,AvRxgUK,AvRxgUK,Yuzbc,R,R,Yuzbc,Yuzbc,AvRxgUK,fN,R,R,R
fN,R,AvRxgUK,AvRxgUK,Yuzbc,AvRxgUK,AvRxgUK,AvRxgUK,AvRxgUK,AvRxgUK,Yuzbc,R,R,Yuzbc,Yuzbc,AvRxgUK,fN,R,R,R
R,AvRxgUK,AvRxgUK,Yuzbc,AvRxgUK,AvRxgUK,AvRxgUK,AvRxgUK,AvRxgUK,Yuzbc,R,R,Yuzbc,Yuzbc,AvRxgUK,fN,R,R,R,fN
fN,AvRxgUK,AvRxgUK,Yuzbc,AvRxgUK,AvRxgUK,AvRxgUK,AvRxgUK,AvRxgUK,Yuzbc,R,R,Yuzbc,Yuzbc,AvRxgUK,fN,R,R,R
AvRxgUK
AvRxgUK
fN,AvRxgUK,AvRxgUK,Yuzbc,AvRxgUK,AvRxgUK,AvRxgUK,R,AvRxgUK,AvRxgUK,Yuzbc,R,R,Yuzbc,Yuzbc,AvRxgUK,fN,R,R,R
R
AvRxgUK,AvRxgUK,Yuzbc,AvRxgUK,AvRxgUK,AvRxgUK,R,fN,AvRxgUK,AvRxgUK,Yuzbc,R,R,Yuzbc,Yuzbc,AvRxgUK,fN,R,R,R,AvRxgUK
AvRxgUK,AvRxgUK,Yuzbc,AvRxgUK,AvRxgUK,AvRxgUK,R,fN,AvRxgUK,AvRxgUK,Yuzbc,R,R,Yuzbc,Yuzbc,AvRxgUK,fN,R,R,R,AvRxgUK
AvRxgUK
AvRxgUK
AvRxgUK
Yuzbc,AvRxgUK,AvRxgUK,AvRxgUK,R,AvRxgUK,AvRxgUK,fN,AvRxgUK,Yuzbc,R,R,Yuzbc,Yuzbc,AvRxgUK,R,R,R,AvRxgUK,R,vqF
AvRxgUK
AvRxgUK
AvRxgUK
AvRxgUK,Yuzbc,AvRxgUK,AvRxgUK,AvRxgUK,R,AvRxgUK,AvRxgUK,fN,AvRxgUK,Yuzbc,R,R,Yuzbc,Yuzbc,AvRxgUK,R,R,R,AvRxgUK
R
AvRxgUK,Yuzbc,AvRxgUK,AvRxgUK,AvRxgUK,AvRxgUK,AvRxgUK,R,fN,AvRxgUK,Yuzbc,R,R,Yuzbc,Yuzbc,AvRxgUK,R,R,R,AvRxgUK
AvRxgUK,Yuzbc,AvRxgUK,AvRxgUK,AvRxgUK,AvRxgUK,AvRxgUK,R,fN,AvRxgUK,Yuzbc,R,R,Yuzbc,Yuzbc,AvRxgUK,R,R,R,AvRxgUK
AvRxgUK,Yuzbc,AvRxgUK,AvRxgUK,AvRxgUK,AvRxgUK,AvRxgUK,R,fN,AvRxgUK,Yuzbc,R,R,Yuzbc,Yuzbc,AvRxgUK,R,R,R,AvRxgUK
AvRxgUK,AvRxgUK,AvRxgUK,AvRxgUK,AvRxgUK,AvRxgUK,R,fN,AvRxgUK,Yuzbc,R,R,Yuzbc,Yuzbc,AvRxgUK,R,R,R,AvRxgUK
AvRxgUK
AvRxgUK,AvRxgUK,AvRxgUK,AvRxgUK,R,AvRxgUK,AvRxgUK,Yuzbc,fN,AvRxgUK,Yuzbc,R,R,Yuzbc,Yuzbc,AvRxgUK,R,R,R,AvRxgUK,AvRxgUK
Yuzbc
Yuzbc
AvRxgUK
AvRxgUK
AvRxgUK
AvRxgUK
AvRxgUK,AvRxgUK,AvRxgUK,AvRxgUK,AvRxgUK,AvRxgUK,Yuzbc,fN,AvRxgUK,Yuzbc,R,R,Yuzbc,Yuzbc,AvRxgUK,R,R,R,AvRxgUK,AvRxgUK,My,Yuzbc
AvRxgUK,AvRxgUK,AvRxgUK,AvRxgUK,AvRxgUK,AvRxgUK,Yuzbc,fN,AvRxgUK,Yuzbc,R,R,Yuzbc,Yuzbc,AvRxgUK,R,R,R,AvRxgUK,AvRxgUK,My,Yuzbc,R,fN
AvRxgUK,AvRxgUK,AvRxgUK,AvRxgUK,AvRxgUK,AvRxgUK,Yuzbc,fN,AvRxgUK,Yuzbc,R,R,Yuzbc,Yuzbc,AvRxgUK,R,R,R,AvRxgUK,AvRxgUK,My,Yuzbc,R,fN
Yuzbc
AvRxgUK,AvRxgUK,AvRxgUK,AvRxgUK,AvRxgUK,AvRxgUK,fN,AvRxgUK,Yuzbc,R,R,Yuzbc,Yuzbc,Yuzbc,AvRxgUK,R,R,R,AvRxgUK,AvRxgUK,My,Yuzbc,R,fN
AvRxgUK,AvRxgUK,AvRxgUK,AvRxgUK,AvRxgUK,AvRxgUK,Yuzbc,fN,AvRxgUK,Yuzbc,R,R,Yuzbc,Yuzbc,AvRxgUK,R,R,R,AvRxgUK,AvRxgUK,My,Yuzbc,R,fN
AvRxgUK,AvRxgUK,AvRxgUK,AvRxgUK,AvRxgUK,fN,AvRxgUK,Yuzbc,R,R,Yuzbc,AvRxgUK,Yuzbc,Yuzbc,AvRxgUK,R,R,R,AvRxgUK,AvRxgUK,My,Yuzbc,R,fN
Yuzbc
AvRxgUK,AvRxgUK,AvRxgUK,AvRxgUK,AvRxgUK,AvRxgUK,Yuzbc,fN,AvRxgUK,Yuzbc,R,R,Yuzbc,Yuzbc,AvRxgUK,R,R,R,AvRxgUK,AvRxgUK,My,Yuzbc,R,fN
AvRxgUK,AvRxgUK,AvRxgUK,AvRxgUK,AvRxgUK,AvRxgUK,Yuzbc,fN,AvRxgUK,Yuzbc,R,R,Yuzbc,Yuzbc,AvRxgUK,R,R,R,AvRxgUK,AvRxgUK,My,Yuzbc,R,fN
Yuzbc
AvRxgUK,AvRxgUK,AvRxgUK,AvRxgUK,AvRxgUK,AvRxgUK,Yuzbc,fN,AvRxgUK,Yuzbc,R,Yuzbc,Yuzbc,AvRxgUK,R,R,R,AvRxgUK,AvRxgUK,My,Yuzbc,R,fN
Yuzbc
AvRxgUK,AvRxgUK,AvRxgUK,AvRxgUK,AvRxgUK,AvRxgUK,AvRxgUK,R,R,Yuzbc,Yuzbc,AvRxgUK,R,R,R,AvRxgUK,AvRxgUK,My,Yuzbc,R,fN,R,My
AvRxgUK,AvRxgUK,AvRxgUK,AvRxgUK,AvRxgUK,AvRxgUK,R,R,Yuzbc,Yuzbc,AvRxgUK,R,R,R,AvRxgUK,AvRxgUK,My,Yuzbc,R,fN,R,My,R,AvRxgUK
AvRxgUK,AvRxgUK,AvRxgUK,AvRxgUK,AvRxgUK,AvRxgUK,fN,AvRxgUK,R,R,Yuzbc,Yuzbc,AvRxgUK,R,R,R,AvRxgUK,AvRxgUK,Yuzbc,R,fN,R,My
AvRxgUK,AvRxgUK,AvRxgUK,AvRxgUK,AvRxgUK,AvRxgUK,fN,AvRxgUK,R,R,Yuzbc,Yuzbc,AvRxgUK,R,R,R,AvRxgUK,AvRxgUK,Yuzbc,R,fN,R,My,fN
AvRxgUK
AvRxgUK,AvRxgUK,AvRxgUK,AvRxgUK,AvRxgUK,AvRxgUK,fN,AvRxgUK,R,R,Yuzbc,AvRxgUK,R,R,R,AvRxgUK,AvRxgUK,Yuzbc,R,fN,R,My,fN
AvRxgUK,AvRxgUK,AvRxgUK,AvRxgUK,AvRxgUK,AvRxgUK,fN,AvRxgUK,R,R,Yuzbc,AvRxgUK,R,R,R,AvRxgUK,AvRxgUK,Yuzbc,R,fN,R,My,fN
AvRxgUK,AvRxgUK,AvRxgUK,AvRxgUK,AvRxgUK,AvRxgUK,fN,AvRxgUK,R,Yuzbc,Yuzbc,AvRxgUK,R,R,R,R,AvRxgUK,AvRxgUK,My,Yuzbc,R,fN,R,My
AvRxgUK,AvRxgUK,AvRxgUK,AvRxgUK,AvRxgUK,AvRxgUK,fN,AvRxgUK,R,Yuzbc,AvRxgUK,R,R,R,R,AvRxgUK,AvRxgUK,My,Yuzbc,R,fN,R,My
AvRxgUK,AvRxgUK,AvRxgUK,AvRxgUK,AvRxgUK,AvRxgUK,fN,AvRxgUK,R,Yuzbc,AvRxgUK,R,R,R,R,AvRxgUK,AvRxgUK,My,Yuzbc,R,fN,R,My,vqF
AvRxgUK,AvRxgUK,AvRxgUK,AvRxgUK,AvRxgUK,AvRxgUK,fN,AvRxgUK,Yuzbc,AvRxgUK,R,R,R,R,R,AvRxgUK,AvRxgUK,My,Yuzbc,R,fN,R,My,vqF,R
R
AvRxgUK,AvRxgUK,AvRxgUK,AvRxgUK,AvRxgUK,AvRxgUK,Yuzbc,AvRxgUK,R,R,R,R,My,R,AvRxgUK,AvRxgUK,Yuzbc,R,fN,R,My,vqF
R
AvRxgUK,AvRxgUK,AvRxgUK,AvRxgUK,AvRxgUK,AvRxgUK,AvRxgUK,R,R,R,R,My,R,AvRxgUK,AvRxgUK,Yuzbc,R,fN,R,My,vqF,My,Yuzbc
AvRxgUK,AvRxgUK,AvRxgUK,AvRxgUK,AvRxgUK,AvRxgUK,AvRxgUK,R,R,R,R,My,R,AvRxgUK,AvRxgUK,Yuzbc,R,fN,R,My,vqF,My
My
R
R
AvRxgUK,AvRxgUK,AvRxgUK,AvRxgUK,AvRxgUK,AvRxgUK,R,R,R,R,My,R,AvRxgUK,AvRxgUK,AvRxgUK,Yuzbc,R,fN,R,My,vqF,My
AvRxgUK,AvRxgUK,AvRxgUK,AvRxgUK,AvRxgUK,AvRxgUK,R,R,R,R,My,R,AvRxgUK,AvRxgUK,AvRxgUK,Yuzbc,R,fN,R,My,vqF,My
AvRxgUK
AvRxgUK
AvRxgUK,AvRxgUK,AvRxgUK,AvRxgUK,AvRxgUK,AvRxgUK,R,R,R,R,My,R,AvRxgUK,vqF,AvRxgUK,AvRxgUK,Yuzbc,R,fN,R,My,My,My,fN
My
AvRxgUK,AvRxgUK,AvRxgUK,AvRxgUK,AvRxgUK,AvRxgUK,R,R,R,R,R,AvRxgUK,vqF,AvRxgUK,AvRxgUK,Yuzbc,R,fN,R,My,My,My,fN
AvRxgUK,AvRxgUK,AvRxgUK,AvRxgUK,AvRxgUK,AvRxgUK,R,R,R,R,R,AvRxgUK,vqF,AvRxgUK,AvRxgUK,Yuzbc,R,fN,R,My,My,My,fN
Jedi Wagner, assuma o comando!