[vazia]
nfRdtBs
gwZtvvK
nfRdtBs,gwZtvvK,nfRdtBs
gwZtvvK
nfRdtBs,nfRdtBs
nfRdtBs
nfRdtBs,nfRdtBs,rDrWdk,nfRdtBs
nfRdtBs
nfRdtBs
nfRdtBs,nfRdtBs,nfRdtBs,KE
nfRdtBs,nfRdtBs,nfRdtBs,KE
nfRdtBs,nfRdtBs,nfRdtBs,KE
nfRdtBs
nfRdtBs,EmN,nfRdtBs,KE,gwZtvvK,nfRdtBs,nfRdtBs
nfRdtBs,EmN,nfRdtBs,KE,gwZtvvK,nfRdtBs,nfRdtBs
nfRdtBs,EmN,nfRdtBs,KE,gwZtvvK,nfRdtBs,nfRdtBs
EmN,nfRdtBs,nfRdtBs,KE,gwZtvvK,nfRdtBs,nfRdtBs,nfRdtBs
nfRdtBs
nfRdtBs
nfRdtBs
EmN,nfRdtBs,nfRdtBs,KE,gwZtvvK,nfRdtBs,nfRdtBs,nfRdtBs
nfRdtBs
nfRdtBs,nfRdtBs,KE,gwZtvvK,nfRdtBs,nfRdtBs,nfRdtBs
nfRdtBs,nfRdtBs,KE,gwZtvvK,nfRdtBs,nfRdtBs,nfRdtBs
nfRdtBs,rDrWdk,nfRdtBs,nfRdtBs,KE,gwZtvvK
nfRdtBs,rDrWdk,nfRdtBs,nfRdtBs,KE,gwZtvvK
rDrWdk,nfRdtBs,nfRdtBs,nfRdtBs
nfRdtBs
nfRdtBs
nfRdtBs,nfRdtBs,rDrWdk
nfRdtBs,rDrWdk,nfRdtBs
nfRdtBs
nfRdtBs,rDrWdk,nfRdtBs,nfRdtBs
nfRdtBs
nfRdtBs,rDrWdk,nfRdtBs,EmN,nfRdtBs,gwZtvvK
nfRdtBs,rDrWdk,nfRdtBs,EmN,nfRdtBs
nfRdtBs,nfRdtBs,nfRdtBs,nfRdtBs,gwZtvvK
nfRdtBs,nfRdtBs,nfRdtBs,nfRdtBs,gwZtvvK
nfRdtBs
nfRdtBs,nfRdtBs,nfRdtBs,nfRdtBs,gwZtvvK,nfRdtBs,EmN
nfRdtBs
nfRdtBs,nfRdtBs,nfRdtBs,EmN,nfRdtBs,gwZtvvK,nfRdtBs,KE,KE
nfRdtBs,nfRdtBs,nfRdtBs,EmN,nfRdtBs,gwZtvvK,nfRdtBs,KE,KE
rDrWdk
rDrWdk,nfRdtBs,nfRdtBs,nfRdtBs,nfRdtBs,KE
rDrWdk,nfRdtBs,nfRdtBs,nfRdtBs,nfRdtBs,KE,rDrWdk,rDrWdk
rDrWdk,nfRdtBs,nfRdtBs,nfRdtBs,nfRdtBs,KE,rDrWdk,rDrWdk
nfRdtBs
nfRdtBs
rDrWdk,KE,nfRdtBs,nfRdtBs,nfRdtBs,nfRdtBs,rDrWdk,rDrWdk,EmN,KE
nfRdtBs
nfRdtBs
KE,nfRdtBs,nfRdtBs,rDrWdk,nfRdtBs,nfRdtBs,rDrWdk,rDrWdk,EmN,KE,EmN
KE,nfRdtBs,nfRdtBs,rDrWdk,nfRdtBs,nfRdtBs,rDrWdk,rDrWdk,EmN,KE,EmN
nfRdtBs
nfRdtBs
rDrWdk,KE,nfRdtBs,nfRdtBs,nfRdtBs,rDrWdk,rDrWdk,EmN,KE,gwZtvvK,nfRdtBs,gwZtvvK
rDrWdk,KE,nfRdtBs,nfRdtBs,nfRdtBs,rDrWdk,rDrWdk,EmN,KE,gwZtvvK,nfRdtBs,gwZtvvK
EmN
EmN
KE,nfRdtBs,nfRdtBs,nfRdtBs,EmN,rDrWdk,rDrWdk,rDrWdk,KE,gwZtvvK,nfRdtBs,gwZtvvK
KE,nfRdtBs,nfRdtBs,nfRdtBs,rDrWdk,rDrWdk,rDrWdk,EmN,KE,gwZtvvK,nfRdtBs,gwZtvvK,nfRdtBs
KE,nfRdtBs,nfRdtBs,nfRdtBs,rDrWdk,rDrWdk,rDrWdk,EmN,KE,gwZtvvK,nfRdtBs,gwZtvvK,nfRdtBs
gwZtvvK
KE,nfRdtBs,nfRdtBs,nfRdtBs,rDrWdk,gwZtvvK,rDrWdk,rDrWdk,EmN,KE,nfRdtBs,gwZtvvK,nfRdtBs
rDrWdk
KE,nfRdtBs,nfRdtBs,nfRdtBs,rDrWdk,gwZtvvK,rDrWdk,rDrWdk,EmN,KE,nfRdtBs,gwZtvvK,nfRdtBs
rDrWdk
rDrWdk
gwZtvvK
nfRdtBs,nfRdtBs,KE,nfRdtBs,rDrWdk,rDrWdk,EmN,KE,nfRdtBs,gwZtvvK,nfRdtBs
KE
KE
gwZtvvK
nfRdtBs,nfRdtBs,rDrWdk,KE,nfRdtBs,KE,nfRdtBs,nfRdtBs,nfRdtBs
nfRdtBs,nfRdtBs,rDrWdk,KE,nfRdtBs,KE,nfRdtBs,nfRdtBs,nfRdtBs
nfRdtBs,nfRdtBs,rDrWdk,nfRdtBs,KE,nfRdtBs,nfRdtBs,nfRdtBs
nfRdtBs,nfRdtBs,rDrWdk,nfRdtBs,KE,nfRdtBs,nfRdtBs,nfRdtBs
nfRdtBs,nfRdtBs,rDrWdk,nfRdtBs,KE,nfRdtBs,nfRdtBs,nfRdtBs
nfRdtBs,nfRdtBs,rDrWdk,nfRdtBs,KE,nfRdtBs,nfRdtBs,nfRdtBs
nfRdtBs,nfRdtBs,rDrWdk,nfRdtBs,KE,nfRdtBs,nfRdtBs,nfRdtBs
rDrWdk
nfRdtBs,nfRdtBs,rDrWdk,nfRdtBs,nfRdtBs,nfRdtBs,nfRdtBs,EmN
nfRdtBs,nfRdtBs,rDrWdk,nfRdtBs,nfRdtBs,nfRdtBs,nfRdtBs,EmN,EmN
rDrWdk
rDrWdk
nfRdtBs
nfRdtBs
nfRdtBs,gwZtvvK,nfRdtBs,nfRdtBs,KE,nfRdtBs,nfRdtBs,nfRdtBs,KE
rDrWdk
rDrWdk
nfRdtBs,nfRdtBs,rDrWdk,KE,nfRdtBs,KE,nfRdtBs,nfRdtBs,nfRdtBs,EmN
rDrWdk
rDrWdk
nfRdtBs,nfRdtBs,gwZtvvK,rDrWdk,KE,nfRdtBs,KE,nfRdtBs,nfRdtBs,nfRdtBs
gwZtvvK,rDrWdk,nfRdtBs,KE,nfRdtBs,nfRdtBs,nfRdtBs,EmN
gwZtvvK,rDrWdk,nfRdtBs,KE,nfRdtBs,nfRdtBs,nfRdtBs,EmN
nfRdtBs,nfRdtBs,gwZtvvK,KE,nfRdtBs,KE,nfRdtBs,nfRdtBs,nfRdtBs
nfRdtBs,nfRdtBs,gwZtvvK,KE,nfRdtBs,KE,nfRdtBs,nfRdtBs,nfRdtBs
KE
nfRdtBs,nfRdtBs,gwZtvvK,KE,nfRdtBs,KE,nfRdtBs,nfRdtBs,nfRdtBs,rDrWdk,rDrWdk
KE
KE
nfRdtBs,nfRdtBs,gwZtvvK,KE,nfRdtBs,KE,nfRdtBs,nfRdtBs,nfRdtBs,rDrWdk,nfRdtBs
rDrWdk
rDrWdk
gwZtvvK
nfRdtBs,nfRdtBs,gwZtvvK,rDrWdk,KE,nfRdtBs,KE,nfRdtBs,nfRdtBs,nfRdtBs
rDrWdk
nfRdtBs,nfRdtBs,gwZtvvK,rDrWdk,KE,nfRdtBs,KE,nfRdtBs,nfRdtBs,nfRdtBs
KE
nfRdtBs,nfRdtBs,gwZtvvK,KE,rDrWdk,nfRdtBs,KE,nfRdtBs,nfRdtBs,nfRdtBs
nfRdtBs,nfRdtBs,rDrWdk,KE,nfRdtBs,KE,nfRdtBs,nfRdtBs,nfRdtBs
rDrWdk
rDrWdk
nfRdtBs,nfRdtBs,gwZtvvK,rDrWdk,KE,nfRdtBs,KE,nfRdtBs,nfRdtBs,nfRdtBs
nfRdtBs,nfRdtBs,gwZtvvK,rDrWdk,KE,nfRdtBs,KE,nfRdtBs,nfRdtBs,nfRdtBs
nfRdtBs,nfRdtBs,gwZtvvK,rDrWdk,KE,nfRdtBs,KE,nfRdtBs,nfRdtBs,nfRdtBs,rDrWdk
nfRdtBs,nfRdtBs,gwZtvvK,rDrWdk,KE,nfRdtBs,KE,nfRdtBs,nfRdtBs,nfRdtBs,rDrWdk,rDrWdk
rDrWdk
rDrWdk
nfRdtBs,rDrWdk,gwZtvvK,KE,nfRdtBs,KE,nfRdtBs,nfRdtBs,nfRdtBs,KE
Jedi Wagner, assuma o comando!