Toque! Toque, Dijê!
[vazia]
[vazia]
IsC
IsC,ujE
IsC,ujE
IsC
IsC
IsC,ujE
IsC,ujE
IsC,ujE,HI
IsC,ujE,HI
ujE
ujE
IsC
IsC
IsC,HI,Uzam
IsC
IsC
IsC,ujE,HI
IsC
IsC,ujE,HI
HI
IsC,ujE,HI
HI
HI
ujE
IsC,ujE,HI,Mu
ujE
ujE
ujE,HI,Mu,lEhvPh,HI
ujE,IsC,HI
ujE,IsC,Mu
IsC
IsC
IsC
ujE,IsC,PAdZ
ujE,IsC,PAdZ
IsC
IsC,ujE,HI
ujE
IsC,ujE,HI
ujE
ujE
IsC,ujE,HI
ujE
IsC,ujE,HI
IsC,ujE,HI
IsC,ujE,HI
IsC,ujE,HI
IsC,ujE,HI
IsC,Mu,ujE,HI
IsC,ujE,HI
IsC,ujE,HI
ujE
ujE
ujE
HI
IsC,ujE
IsC
IsC
IsC,ujE
IsC
IsC,ujE
IsC,ujE
IsC,ujE,HI
HI,ujE,IsC,Uzam
IsC
HI
HI
IsC,ujE,HI
IsC,ujE,HI
IsC,ujE,HI
IsC,ujE,HI,ujE,Uzam
ujE
IsC,ujE,HI,ujE,Uzam,HI
ujE
IsC,ujE,HI,ujE,Uzam,HI
IsC,ujE,HI,ujE,Uzam,HI,PAdZ
ujE
IsC,ujE,HI,ujE,Uzam,HI
Jedi Wagner, assuma o comando!