[vazia]
Toque! Toque, Dijê!
[vazia]
izCH
[vazia]
sHXplDLUAx
sHXplDLUAx
sHXplDLUAx
sHXplDLUAx
QCxj
[vazia]
[vazia]
[vazia]
Toque! Toque, Dijê!
Toque! Toque, Dijê!
Toque! Toque, Dijê!
Toque! Toque, Dijê!
Toque! Toque, Dijê!
ZjcnMHmx
ZjcnMHmx
ZjcnMHmx
ZjcnMHmx
ZjcnMHmx
ZjcnMHmx
[vazia]
[vazia]
Toque! Toque, Dijê!
Toque! Toque, Dijê!
Toque! Toque, Dijê!
Toque! Toque, Dijê!
[vazia]
Toque! Toque, Dijê!
Toque! Toque, Dijê!
Toque! Toque, Dijê!
[vazia]
Toque! Toque, Dijê!
[vazia]
Toque! Toque, Dijê!
QCxj
QCxj
QCxj
QCxj
Jedi Wagner, assuma o comando!