Toque! Toque, Dijê!
[vazia]
[vazia]
Toque! Toque, Dijê!
[vazia]
Toque! Toque, Dijê!
cltSmp,UgyNNXT
cltSmp,UgyNNXT
cltSmp,UgyNNXT
UgyNNXT
cltSmp,UgyNNXT
UgyNNXT
cltSmp,UgyNNXT
cltSmp,UgyNNXT
UgyNNXT
UgyNNXT
UgyNNXT,foTuVQgzx,jWVmlyZH
UgyNNXT,foTuVQgzx,jWVmlyZH
UgyNNXT,foTuVQgzx,jWVmlyZH
UgyNNXT,foTuVQgzx,jWVmlyZH,n,foTuVQgzx
UgyNNXT,foTuVQgzx,jWVmlyZH,n,foTuVQgzx
UgyNNXT,foTuVQgzx,jWVmlyZH,n,foTuVQgzx,sOB
UgyNNXT,foTuVQgzx,jWVmlyZH,n,foTuVQgzx
foTuVQgzx
UgyNNXT,foTuVQgzx,jWVmlyZH,n,foTuVQgzx
UgyNNXT,foTuVQgzx,jWVmlyZH,n,foTuVQgzx
UgyNNXT,foTuVQgzx,jWVmlyZH,n,foTuVQgzx
foTuVQgzx
foTuVQgzx,jWVmlyZH,n,foTuVQgzx,UgyNNXT,n
foTuVQgzx,jWVmlyZH,n,foTuVQgzx,UgyNNXT,n
n
foTuVQgzx,jWVmlyZH,foTuVQgzx,UgyNNXT,n,n,sOB
n
foTuVQgzx,jWVmlyZH,foTuVQgzx,UgyNNXT,n,n,sOB,InnBZhS,jWVmlyZH
n
foTuVQgzx,jWVmlyZH,foTuVQgzx,UgyNNXT,n,n,sOB,InnBZhS,jWVmlyZH,n
jWVmlyZH,foTuVQgzx,UgyNNXT,n,n,foTuVQgzx
n
foTuVQgzx,jWVmlyZH,foTuVQgzx,UgyNNXT,n,n
foTuVQgzx,jWVmlyZH,foTuVQgzx,UgyNNXT,n,n,KscrqgyDit
foTuVQgzx,jWVmlyZH,foTuVQgzx,UgyNNXT,n,n,KscrqgyDit
foTuVQgzx,jWVmlyZH,foTuVQgzx,UgyNNXT,n,n,KscrqgyDit
KscrqgyDit
foTuVQgzx,jWVmlyZH,foTuVQgzx,n,KscrqgyDit,n
foTuVQgzx,jWVmlyZH,foTuVQgzx,n,KscrqgyDit,n,KGwTwuyXh
foTuVQgzx,jWVmlyZH,foTuVQgzx,n,KscrqgyDit,n,KGwTwuyXh,cltSmp,cltSmp
jWVmlyZH
foTuVQgzx,jWVmlyZH,foTuVQgzx,n,KscrqgyDit,n
foTuVQgzx,n,jWVmlyZH,foTuVQgzx,KscrqgyDit,n,sOB
n,jWVmlyZH,foTuVQgzx,KscrqgyDit,foTuVQgzx,n,sOB
n
n
n,jWVmlyZH,foTuVQgzx,KscrqgyDit,foTuVQgzx,n,sOB,KscrqgyDit
jWVmlyZH
n,jWVmlyZH,foTuVQgzx,KscrqgyDit,foTuVQgzx,n,sOB,KscrqgyDit
n,jWVmlyZH,foTuVQgzx,KscrqgyDit,foTuVQgzx,n,sOB,KscrqgyDit
foTuVQgzx
foTuVQgzx
n,jWVmlyZH,KscrqgyDit,foTuVQgzx,foTuVQgzx,n,sOB,KscrqgyDit,n
n,jWVmlyZH,KscrqgyDit,foTuVQgzx,foTuVQgzx,n,sOB,KscrqgyDit,n
n,jWVmlyZH,KscrqgyDit,foTuVQgzx,foTuVQgzx,n,sOB,KscrqgyDit,n,foTuVQgzx
n,jWVmlyZH,KscrqgyDit,foTuVQgzx,foTuVQgzx,n,sOB,KscrqgyDit,n,foTuVQgzx
foTuVQgzx
foTuVQgzx
foTuVQgzx
n,KscrqgyDit,foTuVQgzx,foTuVQgzx,n,sOB,KscrqgyDit,n,foTuVQgzx,foTuVQgzx,sOB,cltSmp
foTuVQgzx
n
n,KscrqgyDit,foTuVQgzx,foTuVQgzx,n,sOB,KscrqgyDit,n,foTuVQgzx,foTuVQgzx,sOB,cltSmp,KscrqgyDit
n
n,KscrqgyDit,foTuVQgzx,foTuVQgzx,n,sOB,KscrqgyDit,n,foTuVQgzx,foTuVQgzx,sOB,cltSmp
n,KscrqgyDit,foTuVQgzx,foTuVQgzx,n,sOB,KscrqgyDit,n,foTuVQgzx,foTuVQgzx,sOB,cltSmp,foTuVQgzx
n,KscrqgyDit,foTuVQgzx,foTuVQgzx,sOB,n,KscrqgyDit,n,foTuVQgzx,foTuVQgzx,sOB,cltSmp,foTuVQgzx
n,KscrqgyDit,foTuVQgzx,n,foTuVQgzx,sOB,KscrqgyDit,n,foTuVQgzx,foTuVQgzx,sOB,cltSmp,foTuVQgzx
n,KscrqgyDit,foTuVQgzx,n,foTuVQgzx,sOB,KscrqgyDit,n,foTuVQgzx,foTuVQgzx,sOB,cltSmp,foTuVQgzx
foTuVQgzx
foTuVQgzx
foTuVQgzx
n,KscrqgyDit,foTuVQgzx,n,cltSmp,foTuVQgzx,KscrqgyDit,n,foTuVQgzx,foTuVQgzx,sOB,foTuVQgzx
foTuVQgzx
n,KscrqgyDit,foTuVQgzx,n,cltSmp,foTuVQgzx,KscrqgyDit,n,foTuVQgzx,foTuVQgzx,sOB,foTuVQgzx
KscrqgyDit,foTuVQgzx,n,cltSmp,foTuVQgzx,KscrqgyDit,n,n,foTuVQgzx,foTuVQgzx,sOB,foTuVQgzx,KscrqgyDit,sOB
n
KscrqgyDit,foTuVQgzx,n,foTuVQgzx,KscrqgyDit,n,n,foTuVQgzx,foTuVQgzx,sOB,foTuVQgzx,KscrqgyDit,sOB,KscrqgyDit,KGwTwuyXh,n,jWVmlyZH
KscrqgyDit,foTuVQgzx,n,foTuVQgzx,KscrqgyDit,n,n,foTuVQgzx,foTuVQgzx,sOB,foTuVQgzx,KscrqgyDit,sOB,KscrqgyDit,KGwTwuyXh,n,jWVmlyZH,foTuVQgzx
n
n
KscrqgyDit,foTuVQgzx,foTuVQgzx,KscrqgyDit,n,n,n,foTuVQgzx,foTuVQgzx,sOB,foTuVQgzx,KscrqgyDit,sOB,KscrqgyDit,n,foTuVQgzx
KscrqgyDit,foTuVQgzx,foTuVQgzx,KscrqgyDit,n,n,n,foTuVQgzx,foTuVQgzx,sOB,foTuVQgzx,KscrqgyDit,sOB,KscrqgyDit,n,foTuVQgzx
n
n
KscrqgyDit,foTuVQgzx,n,cltSmp,foTuVQgzx,KscrqgyDit,n,n,foTuVQgzx,foTuVQgzx,sOB,foTuVQgzx,KscrqgyDit,sOB
n
KscrqgyDit,foTuVQgzx,n,cltSmp,foTuVQgzx,KscrqgyDit,sOB,n,n,foTuVQgzx,foTuVQgzx,foTuVQgzx,KscrqgyDit,sOB
n
KscrqgyDit,foTuVQgzx,n,cltSmp,foTuVQgzx,KscrqgyDit,sOB,n,n,foTuVQgzx,foTuVQgzx,foTuVQgzx,KscrqgyDit,sOB
foTuVQgzx
KscrqgyDit,foTuVQgzx,n,cltSmp,foTuVQgzx,KscrqgyDit,sOB,n,n,foTuVQgzx,foTuVQgzx,foTuVQgzx,KscrqgyDit,sOB
foTuVQgzx
foTuVQgzx
foTuVQgzx
foTuVQgzx
foTuVQgzx
n
n
UgyNNXT
foTuVQgzx
KscrqgyDit,foTuVQgzx,n,cltSmp,foTuVQgzx,KscrqgyDit,sOB,n,n,foTuVQgzx,foTuVQgzx,foTuVQgzx,KscrqgyDit,sOB
KscrqgyDit,foTuVQgzx,n,cltSmp,foTuVQgzx,KscrqgyDit,sOB,n,n,foTuVQgzx,foTuVQgzx,foTuVQgzx,KscrqgyDit,sOB
foTuVQgzx
foTuVQgzx
KscrqgyDit,foTuVQgzx,n,cltSmp,foTuVQgzx,KscrqgyDit,sOB,n,n,foTuVQgzx,foTuVQgzx,foTuVQgzx,KscrqgyDit,sOB
foTuVQgzx
KscrqgyDit,n,cltSmp,foTuVQgzx,KscrqgyDit,n,n,foTuVQgzx,foTuVQgzx,foTuVQgzx,KscrqgyDit,sOB,KGwTwuyXh
foTuVQgzx
foTuVQgzx
foTuVQgzx
KscrqgyDit,foTuVQgzx,n,cltSmp,foTuVQgzx,KscrqgyDit,sOB,n,n,foTuVQgzx,foTuVQgzx,foTuVQgzx,KscrqgyDit,sOB
foTuVQgzx
foTuVQgzx
KscrqgyDit,foTuVQgzx,n,cltSmp,foTuVQgzx,KscrqgyDit,sOB,n,n,foTuVQgzx,foTuVQgzx,foTuVQgzx,KscrqgyDit,sOB
KscrqgyDit,foTuVQgzx,n,cltSmp,foTuVQgzx,KscrqgyDit,sOB,n,n,foTuVQgzx,foTuVQgzx,foTuVQgzx,KscrqgyDit,sOB
KscrqgyDit,foTuVQgzx,n,cltSmp,foTuVQgzx,KscrqgyDit,sOB,n,n,foTuVQgzx,foTuVQgzx,foTuVQgzx,KscrqgyDit,sOB
KscrqgyDit,foTuVQgzx,n,cltSmp,foTuVQgzx,KscrqgyDit,sOB,n,n,foTuVQgzx,foTuVQgzx,foTuVQgzx,KscrqgyDit,sOB
KscrqgyDit,foTuVQgzx,n,cltSmp,foTuVQgzx,KscrqgyDit,sOB,n,n,foTuVQgzx,foTuVQgzx,foTuVQgzx,KscrqgyDit,sOB
KscrqgyDit,foTuVQgzx,n,cltSmp,foTuVQgzx,KscrqgyDit,sOB,n,n,foTuVQgzx,foTuVQgzx,foTuVQgzx,KscrqgyDit,sOB
KscrqgyDit,foTuVQgzx,n,cltSmp,foTuVQgzx,KscrqgyDit,sOB,n,n,foTuVQgzx,foTuVQgzx,foTuVQgzx,KscrqgyDit,sOB
foTuVQgzx
foTuVQgzx
foTuVQgzx
KscrqgyDit,n,cltSmp,foTuVQgzx,KscrqgyDit,sOB,n,n,foTuVQgzx,foTuVQgzx,foTuVQgzx,KscrqgyDit,sOB,KGwTwuyXh
foTuVQgzx
cltSmp,sOB,n,n,foTuVQgzx,foTuVQgzx,foTuVQgzx,foTuVQgzx,KscrqgyDit,KGwTwuyXh,KscrqgyDit,sOB,foTuVQgzx,jWVmlyZH,KGwTwuyXh
KscrqgyDit
n,cltSmp,KscrqgyDit,sOB,n,n,foTuVQgzx,foTuVQgzx,foTuVQgzx,KscrqgyDit,foTuVQgzx,KscrqgyDit,sOB,KGwTwuyXh,foTuVQgzx
KscrqgyDit
KscrqgyDit
n,cltSmp,KscrqgyDit,sOB,n,n,foTuVQgzx,foTuVQgzx,foTuVQgzx,KscrqgyDit,foTuVQgzx,KscrqgyDit,sOB,KGwTwuyXh,foTuVQgzx,sOB
n,cltSmp,sOB,n,n,foTuVQgzx,foTuVQgzx,foTuVQgzx,KscrqgyDit,foTuVQgzx,KscrqgyDit,sOB,KscrqgyDit,KGwTwuyXh,foTuVQgzx,sOB
KscrqgyDit
n,cltSmp,sOB,n,n,foTuVQgzx,foTuVQgzx,foTuVQgzx,KscrqgyDit,foTuVQgzx,KscrqgyDit,sOB,KscrqgyDit,KGwTwuyXh,foTuVQgzx,sOB
KscrqgyDit
n,cltSmp,KscrqgyDit,sOB,n,n,foTuVQgzx,foTuVQgzx,foTuVQgzx,KscrqgyDit,foTuVQgzx,KscrqgyDit,sOB,KGwTwuyXh,foTuVQgzx
foTuVQgzx
cltSmp,KscrqgyDit,sOB,n,n,foTuVQgzx,foTuVQgzx,foTuVQgzx,KscrqgyDit,foTuVQgzx,KscrqgyDit,sOB,KGwTwuyXh,foTuVQgzx,n,foTuVQgzx,cltSmp
n
n
foTuVQgzx
foTuVQgzx
cltSmp,KscrqgyDit,sOB,n,foTuVQgzx,KscrqgyDit,foTuVQgzx,KscrqgyDit,sOB,foTuVQgzx,n,foTuVQgzx,n,foTuVQgzx,KGwTwuyXh,foTuVQgzx,cltSmp,KGwTwuyXh,UgyNNXT,jWVmlyZH
cltSmp,KscrqgyDit,sOB,n,foTuVQgzx,KscrqgyDit,foTuVQgzx,KscrqgyDit,sOB,foTuVQgzx,n,foTuVQgzx,n,foTuVQgzx,KGwTwuyXh,foTuVQgzx,cltSmp,KGwTwuyXh,UgyNNXT,jWVmlyZH
KscrqgyDit
sOB
n,foTuVQgzx,foTuVQgzx,foTuVQgzx,KscrqgyDit,sOB,foTuVQgzx,n,foTuVQgzx,n,foTuVQgzx,KscrqgyDit,cltSmp,KscrqgyDit,sOB,KGwTwuyXh,KGwTwuyXh
sOB
n,foTuVQgzx,foTuVQgzx,foTuVQgzx,KscrqgyDit,sOB,foTuVQgzx,n,foTuVQgzx,n,foTuVQgzx,KscrqgyDit,cltSmp,KscrqgyDit,sOB,KGwTwuyXh,KGwTwuyXh
n,foTuVQgzx,foTuVQgzx,sOB,foTuVQgzx,n,foTuVQgzx,n,foTuVQgzx,cltSmp,sOB,KscrqgyDit,foTuVQgzx,KGwTwuyXh,KGwTwuyXh,KGwTwuyXh
KscrqgyDit
n,foTuVQgzx,foTuVQgzx,sOB,foTuVQgzx,n,foTuVQgzx,n,foTuVQgzx,cltSmp,sOB,KscrqgyDit,foTuVQgzx,KGwTwuyXh,KGwTwuyXh,KGwTwuyXh
n,foTuVQgzx,sOB,foTuVQgzx,n,foTuVQgzx,n,foTuVQgzx,cltSmp,sOB,KscrqgyDit,foTuVQgzx,KGwTwuyXh,KGwTwuyXh,KGwTwuyXh
KscrqgyDit
foTuVQgzx,sOB,foTuVQgzx,n,foTuVQgzx,n,foTuVQgzx,cltSmp,sOB,KscrqgyDit,foTuVQgzx,KGwTwuyXh,KGwTwuyXh,KGwTwuyXh
foTuVQgzx
foTuVQgzx,sOB,foTuVQgzx,n,foTuVQgzx,n,foTuVQgzx,cltSmp,sOB,KscrqgyDit,foTuVQgzx,KGwTwuyXh,KGwTwuyXh,KGwTwuyXh,InnBZhS
n,foTuVQgzx,sOB,foTuVQgzx,n,foTuVQgzx,n,foTuVQgzx,cltSmp,sOB,KscrqgyDit,foTuVQgzx,KGwTwuyXh,KGwTwuyXh,KGwTwuyXh
foTuVQgzx
cltSmp
cltSmp
KGwTwuyXh
KGwTwuyXh
KGwTwuyXh
foTuVQgzx,foTuVQgzx,n,foTuVQgzx,n,foTuVQgzx,sOB,KscrqgyDit,foTuVQgzx,cltSmp,KGwTwuyXh,KGwTwuyXh,n,KGwTwuyXh,InnBZhS,InnBZhS
KGwTwuyXh
n,foTuVQgzx,sOB,foTuVQgzx,n,foTuVQgzx,n,foTuVQgzx,sOB,KscrqgyDit,foTuVQgzx,KGwTwuyXh,KGwTwuyXh,KGwTwuyXh
KGwTwuyXh
n,foTuVQgzx,sOB,foTuVQgzx,n,foTuVQgzx,n,foTuVQgzx,sOB,KscrqgyDit,foTuVQgzx,KGwTwuyXh,KGwTwuyXh,KGwTwuyXh,sOB,foTuVQgzx
n,foTuVQgzx,sOB,foTuVQgzx,n,foTuVQgzx,n,foTuVQgzx,sOB,KscrqgyDit,foTuVQgzx,KGwTwuyXh,KGwTwuyXh,KGwTwuyXh,sOB,foTuVQgzx,UgyNNXT,UgyNNXT
n,foTuVQgzx,sOB,foTuVQgzx,n,foTuVQgzx,n,foTuVQgzx,sOB,KscrqgyDit,foTuVQgzx,cltSmp,KGwTwuyXh,KGwTwuyXh,KGwTwuyXh,UgyNNXT,cltSmp
KGwTwuyXh
n
n
n
n
foTuVQgzx,sOB,foTuVQgzx,n,foTuVQgzx,n,foTuVQgzx,sOB,KscrqgyDit,foTuVQgzx,KGwTwuyXh,KGwTwuyXh,UgyNNXT,n,cltSmp,n,foTuVQgzx,InnBZhS
foTuVQgzx,sOB,foTuVQgzx,n,foTuVQgzx,n,foTuVQgzx,sOB,KscrqgyDit,foTuVQgzx,KGwTwuyXh,KGwTwuyXh,UgyNNXT,n,cltSmp,n,foTuVQgzx,InnBZhS,n
InnBZhS
n
n
foTuVQgzx,sOB,foTuVQgzx,n,foTuVQgzx,n,foTuVQgzx,sOB,KscrqgyDit,foTuVQgzx,KGwTwuyXh,KGwTwuyXh,n,n,foTuVQgzx,InnBZhS,n
n
n
n
n
Jedi Wagner, assuma o comando!