[vazia]
[vazia]
Toque! Toque, Dijê!
[vazia]
GnGR
GnGR
GnGR
GnGR
GnGR
GnGR
[vazia]
Toque! Toque, Dijê!
Toque! Toque, Dijê!
JMhSqDJEfc,zwnhkiw
JMhSqDJEfc
JMhSqDJEfc,zwnhkiw
JMhSqDJEfc,zwnhkiw
JMhSqDJEfc,zwnhkiw,SwtQg,zwnhkiw
SwtQg,JMhSqDJEfc,zwnhkiw,zwnhkiw,PoDwqXjJbG
SwtQg
SwtQg
SwtQg,JMhSqDJEfc,zwnhkiw,zwnhkiw,PoDwqXjJbG
SwtQg,JMhSqDJEfc,zwnhkiw,zwnhkiw,PoDwqXjJbG,atDt
atDt
atDt
atDt,SwtQg,JMhSqDJEfc,zwnhkiw,zwnhkiw,PoDwqXjJbG,SwtQg,FGZGbfB
atDt,SwtQg,JMhSqDJEfc,zwnhkiw,zwnhkiw,PoDwqXjJbG,SwtQg,FGZGbfB
SwtQg,JMhSqDJEfc,zwnhkiw,zwnhkiw,PoDwqXjJbG,atDt,SwtQg,FGZGbfB
SwtQg
JMhSqDJEfc,zwnhkiw
JMhSqDJEfc
JMhSqDJEfc,zwnhkiw,PoDwqXjJbG
JMhSqDJEfc
zwnhkiw
zwnhkiw
zwnhkiw,PoDwqXjJbG,GnGR,SwtQg
PoDwqXjJbG
PoDwqXjJbG
GnGR
GnGR
zwnhkiw,PoDwqXjJbG,GnGR,SwtQg
GnGR
zwnhkiw,PoDwqXjJbG,GnGR,SwtQg,JMhSqDJEfc,zwnhkiw,GnGR
zwnhkiw,PoDwqXjJbG,GnGR,SwtQg,JMhSqDJEfc,zwnhkiw,GnGR
GnGR
zwnhkiw,PoDwqXjJbG,GnGR,SwtQg,JMhSqDJEfc,zwnhkiw,GnGR
GnGR
zwnhkiw,PoDwqXjJbG,GnGR,SwtQg,fs
GnGR
zwnhkiw,PoDwqXjJbG,GnGR,SwtQg
PoDwqXjJbG
zwnhkiw,GnGR,PoDwqXjJbG,SwtQg
zwnhkiw,GnGR,PoDwqXjJbG,SwtQg
GnGR
GnGR
GnGR
GnGR
GnGR
zwnhkiw,PoDwqXjJbG,GnGR,SwtQg
GnGR
zwnhkiw,PoDwqXjJbG,GnGR,SwtQg
zwnhkiw,PoDwqXjJbG,GnGR,SwtQg
zwnhkiw,PoDwqXjJbG,GnGR,SwtQg
PoDwqXjJbG,GnGR,SwtQg,GTyQsgx
GTyQsgx
GTyQsgx
GTyQsgx
PoDwqXjJbG,GnGR,SwtQg,GTyQsgx,PoDwqXjJbG
PoDwqXjJbG,GnGR,SwtQg,GTyQsgx,PoDwqXjJbG,fs,JMhSqDJEfc
PoDwqXjJbG,GnGR,SwtQg,GTyQsgx,PoDwqXjJbG,fs,JMhSqDJEfc
PoDwqXjJbG,GnGR,SwtQg,GTyQsgx,PoDwqXjJbG,fs
GTyQsgx
PoDwqXjJbG,GnGR,SwtQg,GTyQsgx,PoDwqXjJbG,fs
fs
fs
PoDwqXjJbG,GnGR,SwtQg,PoDwqXjJbG,fs
fs
PoDwqXjJbG,GnGR,SwtQg,PoDwqXjJbG,fs
fs
PoDwqXjJbG,GnGR,SwtQg,PoDwqXjJbG,fs
PoDwqXjJbG,GnGR,PoDwqXjJbG,fs
fs
fs
PoDwqXjJbG,fs,PoDwqXjJbG,PoDwqXjJbG,enpSRNuk,PoDwqXjJbG
PoDwqXjJbG,fs,PoDwqXjJbG,PoDwqXjJbG,enpSRNuk,PoDwqXjJbG
fs
PoDwqXjJbG,fs,PoDwqXjJbG,PoDwqXjJbG,enpSRNuk,PoDwqXjJbG,SwtQg
PoDwqXjJbG,fs,PoDwqXjJbG,PoDwqXjJbG,PoDwqXjJbG,SwtQg
fs
fs
PoDwqXjJbG,GnGR,SwtQg,PoDwqXjJbG,fs,zwnhkiw
PoDwqXjJbG,GnGR,SwtQg,PoDwqXjJbG,fs
PoDwqXjJbG,GnGR,SwtQg,PoDwqXjJbG,fs
fs
GnGR,SwtQg,PoDwqXjJbG,fs
fs
fs
PoDwqXjJbG,GnGR,SwtQg,PoDwqXjJbG,fs
fs
fs
PoDwqXjJbG,GnGR,SwtQg,PoDwqXjJbG,fs
PoDwqXjJbG,GnGR,SwtQg,PoDwqXjJbG,fs
PoDwqXjJbG,GnGR,SwtQg,PoDwqXjJbG,fs
Jedi Wagner, assuma o comando!