Toque! Toque, Dijê!
A,bBt
A,bBt
bBt
A,bBt
bBt
A,bBt
bBt
A,bBt,MC,LfZ,bBt
A,bBt,MC,LfZ
MC
A,bBt,MC,LfZ,V
LfZ
A,bBt,MC,LfZ,V,tHlHmlQQ
A,MC,LfZ,bBt,V,tHlHmlQQ
LfZ
LfZ
A,bBt,MC,LfZ,V,tHlHmlQQ
A,bBt,MC,LfZ,V,tHlHmlQQ,MC,xAkaAKlTX
V
V
V
V
A,MC,LfZ,V,bBt,tHlHmlQQ,A,KKUQhMrGj
A,MC,LfZ,V,bBt,tHlHmlQQ,A,KKUQhMrGj
A,MC,LfZ,V,bBt,tHlHmlQQ,A,KKUQhMrGj
A,MC,LfZ,V,bBt,tHlHmlQQ,A,KKUQhMrGj
bBt
A,MC,LfZ,bBt,V,A
bBt
bBt
A,MC,V,bBt,tHlHmlQQ,A,KKUQhMrGj
A,MC,V,bBt,tHlHmlQQ,A,KKUQhMrGj
bBt
bBt
bBt
A,MC,LfZ,bBt,A,KKUQhMrGj,tHlHmlQQ
A,MC,LfZ,V,bBt,tHlHmlQQ,A,KKUQhMrGj
bBt
tHlHmlQQ
A,MC,LfZ,V,tHlHmlQQ,A,KKUQhMrGj,MC
A,MC,LfZ,V,tHlHmlQQ,A,KKUQhMrGj,MC,V
bBt
bBt
V
V
A
A,MC,LfZ,bBt,A,V,MC,V,tHlHmlQQ,MC
A,MC,LfZ,bBt,A,V,MC,V,tHlHmlQQ,MC
A
A,MC,LfZ,bBt,A,V,MC,V,tHlHmlQQ,MC,LfZ
A,MC,LfZ,bBt,A,V,MC,V,tHlHmlQQ,MC,LfZ
A
MC,bBt,V,A,A,tHlHmlQQ,MC,V,MC,LZH,V
MC,bBt,V,A,A,tHlHmlQQ,MC,V,MC,LZH,V
tHlHmlQQ
tHlHmlQQ
tHlHmlQQ
tHlHmlQQ
tHlHmlQQ
tHlHmlQQ
MC,bBt,V,A,A,tHlHmlQQ,MC,V,MC,LZH
tHlHmlQQ
tHlHmlQQ
tHlHmlQQ
A
A
MC,bBt,A,tHlHmlQQ,A,MC,V,MC,LZH,V,A
MC
MC
MC,bBt,tHlHmlQQ,A,MC,LZH,V,MC,V,A,V,MC,A,V
MC
MC,bBt,A,tHlHmlQQ,A,MC,V,MC,LZH,V,A
MC,bBt,A,tHlHmlQQ,A,MC,V,MC,LZH,V,A
MC,bBt,tHlHmlQQ,A,MC,V,MC,LZH,V,A,bBt
MC
MC,bBt,A,MC,tHlHmlQQ,V,MC,V,A,bBt
MC,A,MC,tHlHmlQQ,V,MC,V,A,bBt
MC,A,MC,tHlHmlQQ,V,MC,V,A,bBt,LfZ
MC,A,MC,tHlHmlQQ,V,MC,V,A,bBt,LfZ,xAkaAKlTX
MC
MC,A,MC,tHlHmlQQ,V,MC,V,A,bBt,LfZ,xAkaAKlTX
MC
MC,A,MC,V,MC,V,A,LfZ,xAkaAKlTX
MC
MC
MC
MC
MC,A,MC,V,MC,V,A,LfZ,xAkaAKlTX,xAkaAKlTX
LfZ
MC
MC
MC,A,MC,V,MC,V,A,bBt,LfZ,xAkaAKlTX
MC,MC,MC,V,A,V,A,bBt,LfZ,xAkaAKlTX
LfZ
MC,MC,MC,V,A,LfZ,V,A,bBt,xAkaAKlTX,A,MC
MC,MC,MC,V,A,LfZ,V,A,bBt,xAkaAKlTX,A,MC
A
MC,MC,MC,V,A,LfZ,V,A,xAkaAKlTX,A,MC,xAkaAKlTX,xAkaAKlTX
MC,MC,MC,V,A,LfZ,V,A,bBt,xAkaAKlTX,A,MC,xAkaAKlTX
MC,MC,MC,V,A,LfZ,V,A,bBt,xAkaAKlTX,A,MC,xAkaAKlTX,MC
MC,MC,MC,V,A,LfZ,V,A,bBt,xAkaAKlTX,A,MC,xAkaAKlTX,MC
A
MC,MC,MC,V,A,LfZ,V,A,bBt,xAkaAKlTX,A,MC,xAkaAKlTX,MC,V,bBt
MC,MC,MC,V,A,LfZ,V,A,bBt,xAkaAKlTX,A,MC,xAkaAKlTX,MC,V,bBt
MC,MC,MC,A,LfZ,V,A,bBt,xAkaAKlTX,A,MC,xAkaAKlTX,MC,V,bBt,xAkaAKlTX
MC
MC
MC
MC
MC,MC,MC,A,LfZ,V,A,A,MC,bBt,xAkaAKlTX,xAkaAKlTX,MC,V,bBt,xAkaAKlTX,LfZ,tHlHmlQQ
MC,MC,MC,A,LfZ,V,A,A,MC,bBt,xAkaAKlTX,xAkaAKlTX,MC,V,bBt,xAkaAKlTX,LfZ,tHlHmlQQ,A
MC,MC,MC,A,LfZ,V,A,bBt,xAkaAKlTX,A,MC,xAkaAKlTX,MC,V,bBt,xAkaAKlTX
MC
MC
MC
MC,MC,MC,A,LfZ,V,A,bBt,xAkaAKlTX,A,MC,xAkaAKlTX,MC,V,bBt,xAkaAKlTX
MC,MC,MC,A,LfZ,V,A,bBt,xAkaAKlTX,A,MC,xAkaAKlTX,MC,V,bBt,xAkaAKlTX
MC,MC,MC,A,LfZ,V,A,bBt,xAkaAKlTX,A,MC,xAkaAKlTX,MC,V,bBt,xAkaAKlTX
MC,MC,MC,A,LfZ,V,A,bBt,xAkaAKlTX,A,MC,xAkaAKlTX,MC,V,bBt,xAkaAKlTX,LfZ,KKUQhMrGj
MC
MC,MC,MC,A,LfZ,V,A,bBt,xAkaAKlTX,A,MC,xAkaAKlTX,MC,V,bBt,xAkaAKlTX,LfZ,KKUQhMrGj
MC
MC
MC,MC,MC,A,LfZ,V,A,bBt,xAkaAKlTX,A,MC,xAkaAKlTX,MC,V,bBt,xAkaAKlTX
MC
MC
MC
MC
MC,MC,A,V,A,xAkaAKlTX,A,tHlHmlQQ,MC,MC,xAkaAKlTX,MC,V,bBt,xAkaAKlTX,MC,KKUQhMrGj
MC,MC,A,V,A,xAkaAKlTX,A,tHlHmlQQ,MC,MC,xAkaAKlTX,MC,V,bBt,xAkaAKlTX,MC,KKUQhMrGj,KKUQhMrGj
MC,MC,A,V,A,xAkaAKlTX,A,tHlHmlQQ,MC,MC,xAkaAKlTX,MC,V,bBt,xAkaAKlTX,MC,KKUQhMrGj,KKUQhMrGj
MC
MC
MC
MC,MC,A,V,A,xAkaAKlTX,A,tHlHmlQQ,MC,MC,xAkaAKlTX,MC,V,bBt,xAkaAKlTX,MC,KKUQhMrGj,KKUQhMrGj,A
KKUQhMrGj
KKUQhMrGj
MC
MC
MC
MC,MC,A,V,A,xAkaAKlTX,A,tHlHmlQQ,MC,MC,xAkaAKlTX,MC,V,bBt,xAkaAKlTX,MC,KKUQhMrGj
MC
MC,MC,A,V,A,xAkaAKlTX,A,tHlHmlQQ,MC,MC,xAkaAKlTX,MC,V,bBt,xAkaAKlTX,MC,KKUQhMrGj
MC,MC,A,V,A,xAkaAKlTX,A,tHlHmlQQ,MC,MC,xAkaAKlTX,MC,V,bBt,xAkaAKlTX,MC,KKUQhMrGj
MC,A,V,A,xAkaAKlTX,A,tHlHmlQQ,MC,MC,xAkaAKlTX,MC,V,bBt,xAkaAKlTX,MC,KKUQhMrGj,KKUQhMrGj
MC,A,V,A,xAkaAKlTX,A,MC,MC,xAkaAKlTX,KKUQhMrGj,tHlHmlQQ,MC,V,bBt,xAkaAKlTX,MC,KKUQhMrGj,bBt,tHlHmlQQ,MC
KKUQhMrGj
KKUQhMrGj
MC,A,V,A,xAkaAKlTX,A,MC,MC,xAkaAKlTX,KKUQhMrGj,tHlHmlQQ,MC,V,bBt,xAkaAKlTX,MC,KKUQhMrGj,bBt,tHlHmlQQ,MC
MC,A,V,A,xAkaAKlTX,A,MC,MC,xAkaAKlTX,KKUQhMrGj,tHlHmlQQ,MC,V,bBt,xAkaAKlTX,MC,KKUQhMrGj,bBt,tHlHmlQQ,MC
V
xAkaAKlTX
V
V
bBt
bBt
A,A,MC,MC,xAkaAKlTX,KKUQhMrGj,tHlHmlQQ,MC,V,bBt,xAkaAKlTX,EMNozYMbKa,V,xAkaAKlTX,MC,KKUQhMrGj,bBt,tHlHmlQQ,MC,MC,MC,V
V
A,A,MC,MC,xAkaAKlTX,tHlHmlQQ,MC,V,bBt,xAkaAKlTX,EMNozYMbKa,V,xAkaAKlTX,KKUQhMrGj,MC,KKUQhMrGj,bBt,tHlHmlQQ,MC,MC,MC,V
xAkaAKlTX
xAkaAKlTX
A,A,MC,MC,xAkaAKlTX,KKUQhMrGj,MC,V,bBt,xAkaAKlTX,EMNozYMbKa,V,xAkaAKlTX,MC,KKUQhMrGj,bBt,tHlHmlQQ,MC,MC,MC,V,MC
A,A,MC,MC,xAkaAKlTX,KKUQhMrGj,MC,V,bBt,xAkaAKlTX,EMNozYMbKa,V,xAkaAKlTX,tHlHmlQQ,MC,KKUQhMrGj,bBt,MC,MC,MC,V,MC,MC
A,A,MC,MC,xAkaAKlTX,MC,V,xAkaAKlTX,EMNozYMbKa,V,xAkaAKlTX,KKUQhMrGj,bBt,tHlHmlQQ,MC,bBt,MC,MC,MC,V,MC,MC
A,MC,MC,xAkaAKlTX,MC,V,xAkaAKlTX,V,xAkaAKlTX,KKUQhMrGj,EMNozYMbKa,bBt,tHlHmlQQ,MC,bBt,MC,MC,MC,V,MC,MC
EMNozYMbKa
A,MC,xAkaAKlTX,MC,V,xAkaAKlTX,V,xAkaAKlTX,KKUQhMrGj,EMNozYMbKa,bBt,tHlHmlQQ,MC,bBt,MC,MC,MC,V,MC,MC,A
bBt
Jedi Wagner, assuma o comando!