lfAibOWIKS
lfAibOWIKS
lfAibOWIKS
lfAibOWIKS
lfAibOWIKS
lfAibOWIKS
lfAibOWIKS
lfAibOWIKS
lfAibOWIKS
lfAibOWIKS,Kbqd,UJiqQaf
lfAibOWIKS
UJiqQaf
UJiqQaf
UJiqQaf
UJiqQaf
UJiqQaf
UJiqQaf
lfAibOWIKS
lfAibOWIKS
lfAibOWIKS
lfAibOWIKS,lfAibOWIKS
lfAibOWIKS,fENiHj
fENiHj
lfAibOWIKS,fENiHj
lfAibOWIKS,fENiHj
fENiHj
fENiHj
lfAibOWIKS,fENiHj
fENiHj
lfAibOWIKS,fENiHj
fENiHj,lfAibOWIKS
fENiHj
fENiHj
fENiHj
fENiHj
fENiHj
fENiHj
lfAibOWIKS,fENiHj
fENiHj,lfAibOWIKS,UJiqQaf,UJiqQaf,vuGn,UJiqQaf
lfAibOWIKS,UJiqQaf,UJiqQaf,vuGn,UJiqQaf,Kbqd
lfAibOWIKS,fENiHj
lfAibOWIKS,fENiHj
lfAibOWIKS,fENiHj
lfAibOWIKS
lfAibOWIKS
lfAibOWIKS,fENiHj,vuGn,lfAibOWIKS,fENiHj,fENiHj
lfAibOWIKS,fENiHj,vuGn,lfAibOWIKS,fENiHj,fENiHj,iNtCtnue
lfAibOWIKS
lfAibOWIKS,fENiHj,lfAibOWIKS,fENiHj,fENiHj,iNtCtnue,fENiHj,lfAibOWIKS
lfAibOWIKS
lfAibOWIKS,fENiHj,lfAibOWIKS,fENiHj,fENiHj,iNtCtnue,fENiHj,lfAibOWIKS
lfAibOWIKS
lfAibOWIKS
lfAibOWIKS,fENiHj,lfAibOWIKS,fENiHj,fENiHj,iNtCtnue,fENiHj,lfAibOWIKS
lfAibOWIKS
lfAibOWIKS,fENiHj,lfAibOWIKS,fENiHj,fENiHj,fENiHj,lfAibOWIKS
lfAibOWIKS
lfAibOWIKS,fENiHj,fENiHj,fENiHj,lfAibOWIKS,lfAibOWIKS,fENiHj,UJiqQaf
lfAibOWIKS,fENiHj,fENiHj,fENiHj,lfAibOWIKS,lfAibOWIKS,fENiHj,UJiqQaf
lfAibOWIKS
lfAibOWIKS
lfAibOWIKS
lfAibOWIKS,fENiHj,lfAibOWIKS,fENiHj,fENiHj,iNtCtnue,fENiHj,lfAibOWIKS
lfAibOWIKS
lfAibOWIKS,lfAibOWIKS,fENiHj,fENiHj,lfAibOWIKS,Kbqd,fENiHj,lfAibOWIKS,iNtCtnue
lfAibOWIKS,lfAibOWIKS,fENiHj,fENiHj,lfAibOWIKS,Kbqd,fENiHj,lfAibOWIKS,iNtCtnue,Kbqd
fENiHj
fENiHj
lfAibOWIKS,lfAibOWIKS,fENiHj,fENiHj,lfAibOWIKS,Kbqd,fENiHj,lfAibOWIKS,iNtCtnue,Kbqd,iNtCtnue
lfAibOWIKS,lfAibOWIKS,fENiHj,fENiHj,lfAibOWIKS,Kbqd,fENiHj,lfAibOWIKS,iNtCtnue,Kbqd,iNtCtnue
fENiHj
lfAibOWIKS
fENiHj,fENiHj,lfAibOWIKS,lfAibOWIKS,fENiHj,lfAibOWIKS,iNtCtnue,Kbqd,iNtCtnue,Kbqd,fENiHj,lfAibOWIKS,lfAibOWIKS
fENiHj
fENiHj,fENiHj,lfAibOWIKS,lfAibOWIKS,fENiHj,lfAibOWIKS,iNtCtnue,Kbqd,iNtCtnue,Kbqd,fENiHj,lfAibOWIKS,lfAibOWIKS
fENiHj
fENiHj,fENiHj,lfAibOWIKS,lfAibOWIKS,fENiHj,lfAibOWIKS,iNtCtnue,Kbqd,iNtCtnue,Kbqd,fENiHj,lfAibOWIKS,lfAibOWIKS,iNtCtnue
fENiHj,fENiHj,lfAibOWIKS,lfAibOWIKS,fENiHj,lfAibOWIKS,iNtCtnue,Kbqd,iNtCtnue,Kbqd,fENiHj,lfAibOWIKS,lfAibOWIKS,iNtCtnue
fENiHj
Kbqd
fENiHj,fENiHj,lfAibOWIKS,lfAibOWIKS,Kbqd,fENiHj,lfAibOWIKS,iNtCtnue,iNtCtnue,Kbqd,fENiHj,lfAibOWIKS,lfAibOWIKS,Kbqd,lfAibOWIKS
Kbqd
iNtCtnue
iNtCtnue
fENiHj,fENiHj,lfAibOWIKS,fENiHj,lfAibOWIKS,iNtCtnue,Kbqd,iNtCtnue,Kbqd,fENiHj,lfAibOWIKS,lfAibOWIKS,Kbqd,lfAibOWIKS,UJiqQaf,fENiHj
fENiHj,fENiHj,lfAibOWIKS,fENiHj,lfAibOWIKS,iNtCtnue,Kbqd,iNtCtnue,Kbqd,fENiHj,lfAibOWIKS,lfAibOWIKS,Kbqd,lfAibOWIKS,UJiqQaf,fENiHj
Kbqd
fENiHj,lfAibOWIKS,fENiHj,lfAibOWIKS,iNtCtnue,Kbqd,iNtCtnue,Kbqd,fENiHj,lfAibOWIKS,lfAibOWIKS,Kbqd,lfAibOWIKS,UJiqQaf,fENiHj,UJiqQaf,fENiHj,vuGn,fENiHj
iNtCtnue
iNtCtnue
iNtCtnue
iNtCtnue
iNtCtnue
iNtCtnue
iNtCtnue
fENiHj
lfAibOWIKS,Kbqd,lfAibOWIKS,iNtCtnue,fENiHj,lfAibOWIKS,iNtCtnue,Kbqd,fENiHj,lfAibOWIKS,lfAibOWIKS,Kbqd,lfAibOWIKS,UJiqQaf,UJiqQaf
lfAibOWIKS,Kbqd,lfAibOWIKS,iNtCtnue,fENiHj,lfAibOWIKS,iNtCtnue,Kbqd,fENiHj,lfAibOWIKS,lfAibOWIKS,Kbqd,lfAibOWIKS,UJiqQaf,UJiqQaf,vuGn,vuGn
lfAibOWIKS,Kbqd,lfAibOWIKS,iNtCtnue,fENiHj,lfAibOWIKS,iNtCtnue,Kbqd,fENiHj,lfAibOWIKS,lfAibOWIKS,Kbqd,lfAibOWIKS,UJiqQaf,UJiqQaf,vuGn,vuGn
lfAibOWIKS
lfAibOWIKS
lfAibOWIKS,Kbqd,lfAibOWIKS,iNtCtnue,UJiqQaf,fENiHj,lfAibOWIKS,iNtCtnue,Kbqd,lfAibOWIKS,lfAibOWIKS,Kbqd,lfAibOWIKS,UJiqQaf,vuGn,vuGn,UJiqQaf
lfAibOWIKS,Kbqd,lfAibOWIKS,iNtCtnue,UJiqQaf,fENiHj,lfAibOWIKS,iNtCtnue,Kbqd,lfAibOWIKS,lfAibOWIKS,Kbqd,lfAibOWIKS,UJiqQaf,vuGn,vuGn,UJiqQaf
lfAibOWIKS
Kbqd
Kbqd
lfAibOWIKS,iNtCtnue,lfAibOWIKS,UJiqQaf,Kbqd,fENiHj,lfAibOWIKS,iNtCtnue,Kbqd,lfAibOWIKS,lfAibOWIKS,Kbqd,lfAibOWIKS,UJiqQaf,vuGn,vuGn,UJiqQaf
Kbqd
iNtCtnue,lfAibOWIKS,UJiqQaf,Kbqd,lfAibOWIKS,lfAibOWIKS,iNtCtnue,Kbqd,lfAibOWIKS,lfAibOWIKS,Kbqd,lfAibOWIKS,UJiqQaf,vuGn,vuGn,UJiqQaf
iNtCtnue
lfAibOWIKS,UJiqQaf,Kbqd,lfAibOWIKS,iNtCtnue,lfAibOWIKS,iNtCtnue,Kbqd,lfAibOWIKS,lfAibOWIKS,Kbqd,lfAibOWIKS,UJiqQaf,vuGn,vuGn,UJiqQaf,Kbqd
iNtCtnue
lfAibOWIKS
iNtCtnue,lfAibOWIKS,UJiqQaf,Kbqd,lfAibOWIKS,lfAibOWIKS,iNtCtnue,Kbqd,lfAibOWIKS,lfAibOWIKS,Kbqd,lfAibOWIKS,UJiqQaf,vuGn,vuGn,UJiqQaf
lfAibOWIKS
iNtCtnue,lfAibOWIKS,UJiqQaf,lfAibOWIKS,lfAibOWIKS,iNtCtnue,Kbqd,lfAibOWIKS,lfAibOWIKS,Kbqd,lfAibOWIKS,UJiqQaf,vuGn,vuGn,UJiqQaf
lfAibOWIKS
lfAibOWIKS
lfAibOWIKS
lfAibOWIKS
Jedi Wagner, assuma o comando!