Toque! Toque, Dijê!
wJlmqOIdRV
wJlmqOIdRV
wJlmqOIdRV
wJlmqOIdRV
H
P,H,Icqz,wJlmqOIdRV,CfD
P,H,Icqz,CfD,wJlmqOIdRV
P,Icqz,wJlmqOIdRV,Icqz
P,Icqz,wJlmqOIdRV,Icqz
P,Icqz,wJlmqOIdRV,Icqz
Icqz
Icqz
H,Icqz,P,wJlmqOIdRV,CfD
H,Icqz,P
P
H
Icqz
P,H,Icqz,H,wJlmqOIdRV,P,P
P,H,Icqz,H,wJlmqOIdRV,P,P
H
wJlmqOIdRV
wJlmqOIdRV
H,P,wJlmqOIdRV,H,P,P,wJlmqOIdRV,Icqz,P,P,H,wJlmqOIdRV,JYvBUWRX
wJlmqOIdRV
wJlmqOIdRV
P,wJlmqOIdRV,H,H,P,P,wJlmqOIdRV,Icqz,P,P,H,wJlmqOIdRV
wJlmqOIdRV
H,H,wJlmqOIdRV,P,P,P,wJlmqOIdRV,Icqz,P,P
wJlmqOIdRV
wJlmqOIdRV
H,H,wJlmqOIdRV,P,P,P,wJlmqOIdRV,Icqz,P,P,CfD
P
P
P
H,H,wJlmqOIdRV,CfD,P,P,P,wJlmqOIdRV,Icqz,P,P,CfD,wJlmqOIdRV
H,H,wJlmqOIdRV,CfD,Icqz,P,P,P,wJlmqOIdRV,P,P,CfD
H,H,wJlmqOIdRV,Icqz,P,P,P,wJlmqOIdRV,P,P,CfD
H,H,wJlmqOIdRV,P,CfD,P,P,wJlmqOIdRV,Icqz,P,P,CfD
CfD
H,wJlmqOIdRV,P,CfD,H,P,P,wJlmqOIdRV,Icqz,P,P,CfD,wJlmqOIdRV
H
H
H
H
H
H
H,wJlmqOIdRV,P,CfD,H,P,P,wJlmqOIdRV,Icqz,P,P,CfD,wJlmqOIdRV,P,Icqz
H,wJlmqOIdRV,CfD,H,P,P,wJlmqOIdRV,Icqz,P,P,CfD,wJlmqOIdRV,P,Icqz,H
P
P
P
H,wJlmqOIdRV,CfD,H,P,P,wJlmqOIdRV,Icqz,P,P,CfD,wJlmqOIdRV,P,Icqz,H
H,wJlmqOIdRV,CfD,H,P,P,Icqz,wJlmqOIdRV,P,P,CfD,wJlmqOIdRV,P,Icqz,H,CfD
P
wJlmqOIdRV,CfD,H,P,P,Icqz,wJlmqOIdRV,P,P,CfD,wJlmqOIdRV,P,Icqz,H,CfD,H
H,wJlmqOIdRV,CfD,H,P,P,wJlmqOIdRV,Icqz,P,P,CfD,wJlmqOIdRV,P,Icqz,H
H
wJlmqOIdRV
wJlmqOIdRV
wJlmqOIdRV
wJlmqOIdRV
wJlmqOIdRV
H,H,P,wJlmqOIdRV,Icqz,P,P,CfD,wJlmqOIdRV,P,Icqz,H,P,Icqz,P
wJlmqOIdRV
wJlmqOIdRV
wJlmqOIdRV
wJlmqOIdRV
wJlmqOIdRV
wJlmqOIdRV
wJlmqOIdRV
wJlmqOIdRV
H,H,P,P,CfD,wJlmqOIdRV,wJlmqOIdRV,Icqz,P,P,CfD,wJlmqOIdRV,P,Icqz,H,P,Icqz
H,H,P,P,CfD,wJlmqOIdRV,wJlmqOIdRV,P,P,CfD,wJlmqOIdRV,P,Icqz,H,P,Icqz,P
P
P
H,H,P,P,CfD,wJlmqOIdRV,wJlmqOIdRV,P,P,CfD,wJlmqOIdRV,P,Icqz,H,P,Icqz,P
H,H,P,P,CfD,wJlmqOIdRV,wJlmqOIdRV,P,P,CfD,wJlmqOIdRV,P,Icqz,H,P,Icqz,P
P
H,H,P,P,CfD,wJlmqOIdRV,wJlmqOIdRV,P,P,CfD,wJlmqOIdRV,P,Icqz,H,P,Icqz
H,H,P,P,CfD,wJlmqOIdRV,wJlmqOIdRV,P,P,CfD,wJlmqOIdRV,P,Icqz,H,P,Icqz
P
P
P
H,H,P,P,CfD,wJlmqOIdRV,wJlmqOIdRV,P,P,CfD,wJlmqOIdRV,P,Icqz,H,P,Icqz,Icqz
CfD
CfD
CfD
H,H,P,P,CfD,wJlmqOIdRV,P,P,CfD,wJlmqOIdRV,P,Icqz,H,P,Icqz,Icqz,P,Icqz,JYvBUWRX,P,H,P,H
H,P,CfD,wJlmqOIdRV,P,P,CfD,Icqz,wJlmqOIdRV,P,H,P,Icqz,Icqz,P,Icqz,JYvBUWRX,P,H,P,H
H,P,CfD,wJlmqOIdRV,P,P,CfD,Icqz,wJlmqOIdRV,P,H,P,Icqz,Icqz,P,Icqz,JYvBUWRX,P,H,P,H
P
H,P,CfD,wJlmqOIdRV,P,P,CfD,Icqz,wJlmqOIdRV,P,H,P,Icqz,Icqz,P,Icqz,JYvBUWRX,P,H,P,H,CfD
H,P,CfD,wJlmqOIdRV,P,P,CfD,Icqz,wJlmqOIdRV,P,H,P,Icqz,Icqz,P,Icqz,P,H,P,H
H,P,CfD,P,P,CfD,Icqz,wJlmqOIdRV,P,H,P,Icqz,Icqz,P,Icqz,P,H,P,H
H,P,CfD,P,P,CfD,Icqz,wJlmqOIdRV,P,H,P,Icqz,Icqz,P,Icqz,P,H,P,H
Icqz
Icqz
H,P,CfD,P,P,CfD,Icqz,wJlmqOIdRV,P,H,P,Icqz,Icqz,P,Icqz,P,H,P,H,Icqz
Icqz
H,CfD,P,P,CfD,Icqz,wJlmqOIdRV,P,H,P,Icqz,Icqz,P,Icqz,P,H,P,H
P
P
P
P
H,CfD,P,P,CfD,wJlmqOIdRV,P,H,P,Icqz,Icqz,P,Icqz,P,H,P,H,H
H,CfD,P,P,CfD,Icqz,wJlmqOIdRV,P,H,P,Icqz,Icqz,P,Icqz,P,H,P,H,H
H,CfD,P,CfD,Icqz,wJlmqOIdRV,P,H,P,Icqz,Icqz,P,P,Icqz,P,H,P,H
H
H
H
CfD,P,CfD,Icqz,P,H,P,Icqz,Icqz,P,P,H,Icqz,P,H,P,H
H
H
CfD,P,CfD,Icqz,P,H,P,Icqz,Icqz,P,P,H,Icqz,P,H,P,H,JYvBUWRX
CfD,P,CfD,Icqz,P,H,P,Icqz,Icqz,P,P,H,Icqz,P,H,P,H,JYvBUWRX,Icqz
CfD,P,CfD,Icqz,P,H,P,Icqz,Icqz,P,P,H,Icqz,P,H,P,H,JYvBUWRX,Icqz
CfD,Icqz,P,P,Icqz,Icqz,P,P,JYvBUWRX,P,H,H,Icqz,P,H,P,H,Icqz,H
P,P,Icqz,Icqz,P,P,P,JYvBUWRX,H,Icqz,P,H,P,H,Icqz,H,wJlmqOIdRV
CfD,P,P,Icqz,Icqz,P,P,P,JYvBUWRX,H,Icqz,P,H,P,H,Icqz,H,wJlmqOIdRV,H
Icqz
P
H,CfD,P,P,CfD,Icqz,wJlmqOIdRV,P,H,P,Icqz,Icqz,P,Icqz,P,H,P,H
P
wJlmqOIdRV
H,CfD,P,P,CfD,Icqz,P,H,P,Icqz,Icqz,P,wJlmqOIdRV,Icqz,P,H,P,H,Icqz
Icqz
CfD,P,P,CfD,Icqz,P,P,Icqz,Icqz,P,wJlmqOIdRV,Icqz,H,P,H,P,H,Icqz
H
CfD,P,P,CfD,Icqz,P,P,Icqz,Icqz,P,wJlmqOIdRV,Icqz,H,P,H,P,H,Icqz,JYvBUWRX
H
CfD,P,P,CfD,P,P,Icqz,Icqz,P,wJlmqOIdRV,Icqz,H,P,H,P,H,Icqz,JYvBUWRX
CfD,P,P,CfD,P,P,Icqz,Icqz,P,wJlmqOIdRV,Icqz,H,P,H,P,H,Icqz,JYvBUWRX
H
H
CfD,P,CfD,P,P,Icqz,Icqz,P,wJlmqOIdRV,Icqz,H,P,H,P,H,Icqz,JYvBUWRX
CfD,P,P,CfD,Icqz,P,P,Icqz,Icqz,P,wJlmqOIdRV,Icqz,H,P,H,P,H,Icqz
CfD,P,P,CfD,Icqz,P,P,Icqz,Icqz,P,Icqz,H,P,H,P,H,Icqz
H
H
P,P,CfD,Icqz,P,P,Icqz,Icqz,P,Icqz,H,P,H,P,H,Icqz,Icqz
P,P,CfD,Icqz,P,P,Icqz,Icqz,P,Icqz,H,wJlmqOIdRV,P,H,P,H,Icqz,P
wJlmqOIdRV
wJlmqOIdRV
wJlmqOIdRV
wJlmqOIdRV
P,P,CfD,Icqz,P,P,Icqz,Icqz,P,Icqz,H,wJlmqOIdRV,P,H,P,H,Icqz,P
P,P,Icqz,P,P,Icqz,Icqz,P,Icqz,H,wJlmqOIdRV,P,H,P,H,Icqz,P
Icqz
H
CfD
Jedi Wagner, assuma o comando!