[vazia]
Toque! Toque, Dijê!
[vazia]
LtONXSxII
LtONXSxII,UlSmDjIDuB
UlSmDjIDuB
UlSmDjIDuB
UlSmDjIDuB,LtONXSxII,UlSmDjIDuB,MGpFyalSV,dNjgtc,dNjgtc
UlSmDjIDuB,LtONXSxII,UlSmDjIDuB,MGpFyalSV,dNjgtc,dNjgtc
LtONXSxII
LtONXSxII,UlSmDjIDuB
LtONXSxII
LtONXSxII,UlSmDjIDuB,R,LtONXSxII
LtONXSxII
LtONXSxII
LtONXSxII,UlSmDjIDuB,yHNpwjm,dNjgtc
dNjgtc
dNjgtc
LtONXSxII,UlSmDjIDuB,dNjgtc,yHNpwjm
yHNpwjm
LtONXSxII,UlSmDjIDuB,dNjgtc,yHNpwjm,Kye,LtONXSxII,MGpFyalSV
LtONXSxII,UlSmDjIDuB,dNjgtc,yHNpwjm,Kye,LtONXSxII,MGpFyalSV
LtONXSxII,UlSmDjIDuB,dNjgtc,yHNpwjm,Kye,LtONXSxII,dNjgtc
LtONXSxII,UlSmDjIDuB,dNjgtc,yHNpwjm,Kye,LtONXSxII,dNjgtc,R
LtONXSxII,UlSmDjIDuB,yHNpwjm,dNjgtc,Kye
dNjgtc
LtONXSxII,UlSmDjIDuB,yHNpwjm,dNjgtc,Kye,yHNpwjm
LtONXSxII,UlSmDjIDuB,yHNpwjm,dNjgtc,Kye,yHNpwjm
UlSmDjIDuB,yHNpwjm,dNjgtc,Kye,yHNpwjm,MGpFyalSV
Kye
Kye
Kye
Kye
Kye
Kye
Kye
UlSmDjIDuB,yHNpwjm,dNjgtc,Kye,yHNpwjm,MGpFyalSV,GwcXoKQ
Kye
UlSmDjIDuB,yHNpwjm,dNjgtc,Kye,yHNpwjm,MGpFyalSV,GwcXoKQ
Kye
LtONXSxII,UlSmDjIDuB,yHNpwjm,dNjgtc,Kye,yHNpwjm,MGpFyalSV
Kye
UlSmDjIDuB
LtONXSxII,yHNpwjm,dNjgtc,Kye,UlSmDjIDuB,yHNpwjm,MGpFyalSV
yHNpwjm
yHNpwjm
yHNpwjm,dNjgtc,Kye,UlSmDjIDuB,yHNpwjm,MGpFyalSV,dNjgtc,MGpFyalSV
UlSmDjIDuB
UlSmDjIDuB
dNjgtc
Kye,yHNpwjm,MGpFyalSV,dNjgtc,MGpFyalSV,Kye
Jedi Wagner, assuma o comando!