[vazia]
oYHncbYX
oYHncbYX
oYHncbYX
oYHncbYX
oYHncbYX
oYHncbYX
oYHncbYX
oYHncbYX
oYHncbYX,fJtRbMiO
oYHncbYX,fJtRbMiO,RSyPHT
oYHncbYX,oYHncbYX,RSyPHT,yjDFZpN
oYHncbYX
oYHncbYX
oYHncbYX,fJtRbMiO
oYHncbYX
oYHncbYX,fJtRbMiO
fJtRbMiO
oYHncbYX
oYHncbYX
oYHncbYX
oYHncbYX
oYHncbYX,fJtRbMiO,oYHncbYX
oYHncbYX,fJtRbMiO,oYHncbYX,oYHncbYX
oYHncbYX
oYHncbYX
oYHncbYX,fJtRbMiO,oYHncbYX,oYHncbYX,lDEG,oYHncbYX
oYHncbYX,fJtRbMiO
oYHncbYX
oYHncbYX
oYHncbYX
oYHncbYX,RE,RSyPHT
oYHncbYX,RE,RSyPHT
oYHncbYX
oYHncbYX
oYHncbYX
oYHncbYX
oYHncbYX
oYHncbYX,fJtRbMiO
oYHncbYX
oYHncbYX,fJtRbMiO,yjDFZpN,yjDFZpN,fJtRbMiO
oYHncbYX
oYHncbYX
oYHncbYX,fJtRbMiO,yjDFZpN,yjDFZpN,fJtRbMiO
oYHncbYX,fJtRbMiO,yjDFZpN,yjDFZpN,fJtRbMiO
oYHncbYX
oYHncbYX,fJtRbMiO,yjDFZpN,fJtRbMiO
oYHncbYX
oYHncbYX
oYHncbYX
oYHncbYX
oYHncbYX
oYHncbYX,fJtRbMiO,yjDFZpN,TrIaEw
oYHncbYX,fJtRbMiO,yjDFZpN,TrIaEw
fJtRbMiO
oYHncbYX,fJtRbMiO,yjDFZpN,TrIaEw,cHprpUtQ
yjDFZpN
oYHncbYX,fJtRbMiO,yjDFZpN,TrIaEw,cHprpUtQ
oYHncbYX,fJtRbMiO,yjDFZpN,TrIaEw,cHprpUtQ
oYHncbYX,fJtRbMiO,yjDFZpN,TrIaEw,cHprpUtQ
yjDFZpN
TrIaEw
oYHncbYX,fJtRbMiO,TrIaEw,yjDFZpN,cHprpUtQ
fJtRbMiO
yjDFZpN,fJtRbMiO,TrIaEw,cHprpUtQ
oYHncbYX,yjDFZpN,cHprpUtQ,TrIaEw
cHprpUtQ
cHprpUtQ
oYHncbYX,cHprpUtQ,TrIaEw
oYHncbYX,yjDFZpN,cHprpUtQ,TrIaEw
cHprpUtQ
oYHncbYX,yjDFZpN,cHprpUtQ,TrIaEw,yjDFZpN,oYHncbYX
yjDFZpN,cHprpUtQ,oYHncbYX,TrIaEw,yjDFZpN,oYHncbYX
TrIaEw
TrIaEw
TrIaEw
TrIaEw
yjDFZpN,oYHncbYX,TrIaEw,yjDFZpN,oYHncbYX
TrIaEw
TrIaEw
TrIaEw
oYHncbYX,TrIaEw,yjDFZpN,oYHncbYX
oYHncbYX,TrIaEw,yjDFZpN,oYHncbYX
yjDFZpN
yjDFZpN
yjDFZpN
oYHncbYX,TrIaEw,oYHncbYX,cHprpUtQ,oYHncbYX,fJtRbMiO,TrIaEw
oYHncbYX,TrIaEw,oYHncbYX,cHprpUtQ,oYHncbYX,fJtRbMiO,TrIaEw
oYHncbYX
oYHncbYX,TrIaEw,oYHncbYX,cHprpUtQ,oYHncbYX,fJtRbMiO,TrIaEw
oYHncbYX
oYHncbYX
TrIaEw,oYHncbYX,oYHncbYX,cHprpUtQ,oYHncbYX,fJtRbMiO,TrIaEw
cHprpUtQ
cHprpUtQ
TrIaEw,oYHncbYX,oYHncbYX,cHprpUtQ,oYHncbYX,TrIaEw,yjDFZpN,yjDFZpN,lDEG
fJtRbMiO
fJtRbMiO
fJtRbMiO
fJtRbMiO
fJtRbMiO
TrIaEw
TrIaEw,oYHncbYX,oYHncbYX,cHprpUtQ,oYHncbYX,fJtRbMiO,TrIaEw,yjDFZpN
TrIaEw,oYHncbYX,oYHncbYX,cHprpUtQ,oYHncbYX,fJtRbMiO,TrIaEw,yjDFZpN
yjDFZpN
TrIaEw,oYHncbYX,oYHncbYX,cHprpUtQ,oYHncbYX,fJtRbMiO,TrIaEw,yjDFZpN
fJtRbMiO,TrIaEw,oYHncbYX,oYHncbYX,oYHncbYX,TrIaEw,yjDFZpN,fJtRbMiO,yjDFZpN,RE,oYHncbYX,TrIaEw
fJtRbMiO
TrIaEw,oYHncbYX,oYHncbYX,cHprpUtQ,oYHncbYX,fJtRbMiO,TrIaEw,yjDFZpN,RE
Jedi Wagner, assuma o comando!