[vazia]
Toque! Toque, Dijê!
[vazia]
Toque! Toque, Dijê!
Toque! Toque, Dijê!
OlEktNmVO
OlEktNmVO
OlEktNmVO
OlEktNmVO
OlEktNmVO
OlEktNmVO
OlEktNmVO
OlEktNmVO
OlEktNmVO
OlEktNmVO
OlEktNmVO,OlEktNmVO,YCNwbHY
OlEktNmVO,OlEktNmVO,YCNwbHY
OlEktNmVO,OlEktNmVO,YCNwbHY
OlEktNmVO
OlEktNmVO
OlEktNmVO
OlEktNmVO
OlEktNmVO,YCNwbHY,OlEktNmVO
OlEktNmVO
OlEktNmVO
YCNwbHY
YCNwbHY
OlEktNmVO
OlEktNmVO
OlEktNmVO,OlEktNmVO
OlEktNmVO
OlEktNmVO
OlEktNmVO
OlEktNmVO
OlEktNmVO,DkD
DkD
OlEktNmVO
OlEktNmVO
OlEktNmVO,DkD
OlEktNmVO,DkD
OlEktNmVO
OlEktNmVO,DkD
DkD
OlEktNmVO,DkD,YCNwbHY,YCNwbHY
OlEktNmVO,DkD,YCNwbHY,YCNwbHY
OlEktNmVO,DkD,YCNwbHY,YCNwbHY,YCNwbHY
OlEktNmVO,DkD,DkD
DkD
DkD
DkD
DkD
DkD
DkD
YCNwbHY,DkD,DkD
YCNwbHY,DkD,DkD
DkD,YCNwbHY
YCNwbHY
DkD,YCNwbHY
YCNwbHY
[vazia]
Toque! Toque, Dijê!
DkD,YCNwbHY
YCNwbHY
YCNwbHY,OlEktNmVO
YCNwbHY,OlEktNmVO
YCNwbHY,OlEktNmVO
YCNwbHY
YCNwbHY
YCNwbHY,OlEktNmVO,YCNwbHY,Ty,Ty,YCNwbHY
Jedi Wagner, assuma o comando!