[vazia]
Toque! Toque, Dijê!
Toque! Toque, Dijê!
[vazia]
Toque! Toque, Dijê!
[vazia]
Toque! Toque, Dijê!
[vazia]
Toque! Toque, Dijê!
[vazia]
Toque! Toque, Dijê!
WgTo
WgTo
[vazia]
[vazia]
Toque! Toque, Dijê!
Toque! Toque, Dijê!
WgTo,M
WgTo,M
M
WgTo,M
WgTo
WgTo,M
WgTo
WgTo
WgTo
M
M
WgTo
WgTo
WgTo,MWNFwla,MWNFwla
WgTo
WgTo
WgTo,M,MWNFwla
MWNFwla
MWNFwla
MWNFwla,WgTo,M,AcN
MWNFwla
MWNFwla,WgTo,M,AcN
MWNFwla
MWNFwla
MWNFwla,M
M
M
MWNFwla,M
MWNFwla,u,M,M
MWNFwla,u,M,M
WgTo,M
WgTo
WgTo
WgTo,M
M
M
M
M
M,M,AcN
u
M
M,M,u,AcN,M
M,M,u,AcN,M
M
M,u,AcN,M,WgTo
u
M,u,AcN,M,WgTo,M
u,AcN,M,WgTo,M,M
u,AcN,M,M,WgTo,M,u
M
AcN
AcN
AcN
WgTo
M,WgTo,AcN,M,u,u,MWNFwla,M,WgTo,AcN
WgTo,u,AcN,M,u,MWNFwla,M,WgTo,AcN,MWNFwla
u,AcN,M,M,WgTo,M,u
M
M
M
M
M
M
M
M
u,M,M,AcN,M,u
u,M,M,AcN,M,u
M
u
u,M,M,AcN,M,u
u,M,M,AcN,M,u
u
u,M,M,AcN,M,u
M,M,AcN,M,u,u
u
u
M,M,AcN,M,u,u
u
AcN,M,u,u
AcN,M,u,u
AcN,M,u,u
M
AcN,M,u,M
AcN,M,u
M
M
u
M
u
u
AcN,M,u
AcN
AcN
AcN
M
M,u,AcN,M
M,u,AcN,M,WgTo
M
M
AcN
M
M,M
M,M
M
M,M,M
M
M,M,M
M,M,M
M
M
M
M,M,M
M,M,M,MWNFwla
MWNFwla
M
M,M,M
M
M,M
M
Jedi Wagner, assuma o comando!