[vazia]
Toque! Toque, Dijê!
L
L
L
L
L
L
L
Toque! Toque, Dijê!
[vazia]
Toque! Toque, Dijê!
Toque! Toque, Dijê!
Toque! Toque, Dijê!
Toque! Toque, Dijê!
Toque! Toque, Dijê!
[vazia]
[vazia]
Toque! Toque, Dijê!
[vazia]
lXiSHYJm
lXiSHYJm
Toque! Toque, Dijê!
Toque! Toque, Dijê!
[vazia]
[vazia]
[vazia]
L
L
L
[vazia]
Toque! Toque, Dijê!
Toque! Toque, Dijê!
Toque! Toque, Dijê!
[vazia]
Toque! Toque, Dijê!
GBPqBSjKXt
GBPqBSjKXt
GBPqBSjKXt,Jd
lXiSHYJm,L
[vazia]
Toque! Toque, Dijê!
Toque! Toque, Dijê!
Toque! Toque, Dijê!
Toque! Toque, Dijê!
F
Toque! Toque, Dijê!
Toque! Toque, Dijê!
lXiSHYJm
lXiSHYJm,Ich
lXiSHYJm
lXiSHYJm,Ich,Jd
Ich
Ich
Ich
lXiSHYJm,Ich,Jd,L
lXiSHYJm,Ich,Jd,L
lXiSHYJm,Ich,Jd,L
lXiSHYJm,Ich,Jd,L
Ich
Ich
lXiSHYJm,Ich,Jd,L
Jd
lXiSHYJm,Ich,Jd,L
lXiSHYJm,Ich,Jd,L
Jd
lXiSHYJm,Ich,Jd,L
Jd
lXiSHYJm,Ich,Jd,L,OUARbYo
L
lXiSHYJm,Ich,L,Ich
lXiSHYJm,Ich,L,Ich
L
Jd
lXiSHYJm,Ich,Jd,L
lXiSHYJm,Ich,Jd,L,OUARbYo,OUARbYo,F
Jd
Jd
lXiSHYJm,Ich,Jd,L,OUARbYo,OUARbYo,F
lXiSHYJm,Ich,F,Jd,L,OUARbYo,OUARbYo
F
F
F
Ich,Jd,L
Ich,L,Jd
Ich
Jd,Ich,L
Ich,L
Ich
lXiSHYJm,Ich,Jd,L
Jd
Jd
Jd
lXiSHYJm,Ich,Jd,L,SdATHIv
Jd
Jd
L
lXiSHYJm,Ich,Jd,L,SdATHIv,F,LnSUYSgT
L
L
L
lXiSHYJm,Ich,Jd,L,SdATHIv
lXiSHYJm,Ich,Jd,L,SdATHIv
L
L
lXiSHYJm,L,SdATHIv,LnSUYSgT,LnSUYSgT
lXiSHYJm,L,SdATHIv,LnSUYSgT,LnSUYSgT
lXiSHYJm,Ich,SdATHIv,L,LnSUYSgT,LnSUYSgT
lXiSHYJm,SdATHIv,L,LnSUYSgT,LnSUYSgT,Ich
lXiSHYJm,L,Ich,GBPqBSjKXt
lXiSHYJm,L,Ich,GBPqBSjKXt
lXiSHYJm,Ich,L,GBPqBSjKXt,eeuoVhNAV,OUARbYo
GBPqBSjKXt
lXiSHYJm,Ich,L,GBPqBSjKXt
lXiSHYJm,Ich,L,GBPqBSjKXt,GBPqBSjKXt
lXiSHYJm
Ich
lXiSHYJm,Ich,L,LnSUYSgT
Ich
Ich
L
L
lXiSHYJm,Ich,L,LnSUYSgT,F
LnSUYSgT
Ich,L,LnSUYSgT,F
F
Ich,LnSUYSgT,F,L,Ich
L
Ich,LnSUYSgT,L,F
Ich,LnSUYSgT,L,F
L
L
L
Ich,LnSUYSgT,F,L
Ich,LnSUYSgT,F,L
F
L
Ich
LnSUYSgT
LnSUYSgT
LnSUYSgT
F
Ich,LnSUYSgT,F,L,lXiSHYJm,lXiSHYJm,LnSUYSgT
L
L
L
F
F
F
Ich,L,F,lXiSHYJm,lXiSHYJm,Ich
Ich,L,F,lXiSHYJm,lXiSHYJm,Ich
Ich,L,F,lXiSHYJm,lXiSHYJm,Ich,SdATHIv
F
SdATHIv
Ich
LnSUYSgT
Ich,LnSUYSgT,F,lXiSHYJm
F
F,lXiSHYJm,GBPqBSjKXt
Ich,LnSUYSgT,F
Ich,LnSUYSgT,F,lXiSHYJm
Ich,LnSUYSgT,F,lXiSHYJm
Ich,LnSUYSgT,F,lXiSHYJm
Ich,LnSUYSgT,F,Jd,lXiSHYJm
lXiSHYJm
Ich
Ich
F,lXiSHYJm,Ich,L,LnSUYSgT,SdATHIv,SdATHIv
F,lXiSHYJm,Ich,L,LnSUYSgT,SdATHIv,SdATHIv
F,lXiSHYJm,Ich,L,LnSUYSgT,SdATHIv,SdATHIv
LnSUYSgT
LnSUYSgT
F,lXiSHYJm,Ich,L,LnSUYSgT,SdATHIv,SdATHIv
F,lXiSHYJm,Ich,L,LnSUYSgT,SdATHIv,SdATHIv
LnSUYSgT
LnSUYSgT
Jedi Wagner, assuma o comando!