igUf
igUf
igUf
igUf,VVJYAC
igUf,VVJYAC
igUf
igUf,VVJYAC
igUf,VVJYAC
igUf,VVJYAC
igUf
igUf,VVJYAC
igUf
igUf,VVJYAC
igUf
igUf
igUf
igUf,VVJYAC,VVJYAC,igUf
igUf
igUf,VVJYAC,VVJYAC,igUf
igUf,VVJYAC,VVJYAC,igUf,igUf,sacVWDIFVU,VVJYAC,sacVWDIFVU
igUf,VVJYAC,VVJYAC,igUf,igUf,sacVWDIFVU,VVJYAC,sacVWDIFVU
igUf
igUf
igUf
igUf
igUf
igUf
igUf,VVJYAC,igUf,igUf,sacVWDIFVU,VVJYAC,VVJYAC,sacVWDIFVU
igUf
igUf
igUf
igUf,VVJYAC
igUf
igUf
igUf,VVJYAC
igUf
igUf
igUf
igUf
igUf,VVJYAC
igUf,VVJYAC,VVJYAC
igUf,VVJYAC,VVJYAC,sacVWDIFVU
igUf,VVJYAC,sacVWDIFVU,VVJYAC
VVJYAC
igUf,VVJYAC,sacVWDIFVU,VVJYAC,BluLpJ,sacVWDIFVU
igUf
VVJYAC,sacVWDIFVU,VVJYAC,igUf,sacVWDIFVU
igUf
igUf
VVJYAC,sacVWDIFVU,VVJYAC,igUf,sacVWDIFVU,igUf,igUf
sacVWDIFVU,VVJYAC,igUf,sacVWDIFVU,igUf,igUf,VVJYAC
sacVWDIFVU,VVJYAC,igUf,sacVWDIFVU,igUf,igUf,VVJYAC
igUf
sacVWDIFVU,VVJYAC,igUf,sacVWDIFVU,igUf,igUf,VVJYAC
sacVWDIFVU,VVJYAC,igUf,sacVWDIFVU,igUf,igUf,VVJYAC
sacVWDIFVU,VVJYAC,igUf,sacVWDIFVU,igUf,igUf,VVJYAC
sacVWDIFVU,VVJYAC,igUf,sacVWDIFVU,igUf,igUf,VVJYAC
sacVWDIFVU,VVJYAC,igUf,sacVWDIFVU,igUf,igUf,VVJYAC
sacVWDIFVU
sacVWDIFVU
sacVWDIFVU
sacVWDIFVU
sacVWDIFVU,VVJYAC,igUf,sacVWDIFVU,igUf,igUf,VVJYAC
igUf
igUf,VVJYAC,sacVWDIFVU,VVJYAC,BluLpJ
igUf,VVJYAC,sacVWDIFVU,VVJYAC,BluLpJ
VVJYAC
VVJYAC,sacVWDIFVU,VVJYAC,igUf,BluLpJ,BluLpJ
VVJYAC
VVJYAC
VVJYAC
VVJYAC,sacVWDIFVU,BluLpJ,igUf,BluLpJ,sacVWDIFVU
igUf,VVJYAC,sacVWDIFVU,VVJYAC,BluLpJ
igUf,VVJYAC,sacVWDIFVU,VVJYAC,BluLpJ,BluLpJ,BluLpJ
igUf,VVJYAC,sacVWDIFVU,VVJYAC,BluLpJ,BluLpJ,BluLpJ
VVJYAC,sacVWDIFVU,VVJYAC,BluLpJ,BluLpJ,BluLpJ
BluLpJ
BluLpJ
BluLpJ
BluLpJ
BluLpJ
BluLpJ
BluLpJ
BluLpJ
BluLpJ
BluLpJ
BluLpJ
VVJYAC,VVJYAC,BluLpJ,BluLpJ,igUf,BluLpJ,BluLpJ,sacVWDIFVU,VVJYAC,VVJYAC
Jedi Wagner, assuma o comando!