n
n
n
n
n
n,Duyvw
n,Duyvw,Duyvw
n
n,Duyvw,n
n
n
n
[vazia]
[vazia]
Toque! Toque, Dijê!
Y
Y
Y
Y
Y
Y
Y
Y
Y
Y
Y
Y
Y
Y
Y,Y
Y
Y
Y
Y
Y
Y
Y
Y
Duyvw
Duyvw
Duyvw,Y,Y
Duyvw,Y,Y
Duyvw,Y,Y
Duyvw,Y,Y
Duyvw
Duyvw
Duyvw,Y
Y
Y,Y
Y
Y,Y
Y
Y
Y
Y
Y
Y,Y,n,n
Y
Y,Y,n,n,n
Y
Y
Y
[vazia]
Toque! Toque, Dijê!
Y
Y
Y
Y
Y
Y
Y
Y
Y
Y,Duyvw
Y
Y
Y
Y,Duyvw,Y,Y
Y
Y,Duyvw,Y,Y,n,n
Y
Y,Duyvw,Y,Y,n,n,n
Y
Y
Y
Y
Y,n,Y,n,n,Duyvw,Duyvw
Y
n
Y,Y,n,n,n,Duyvw,Duyvw,n
Y,Y,n,n,n,Duyvw,Duyvw,n
Y,Y,n,n,n,Duyvw,Duyvw,n
Y,n,n,n,Duyvw,Duyvw
n
Y,n,n,n,Duyvw,Duyvw
Y,Y,n,n,n,Duyvw,Duyvw
n
Y,Y,n,n,n,Duyvw,Duyvw,n
Duyvw
Y,Y,Duyvw,n,n,n
Y,Y,n,n,n,Duyvw,Duyvw,Duyvw
Duyvw
Duyvw
Duyvw
Duyvw
Y
Duyvw
n,n,Y,Duyvw,Duyvw,Duyvw,Duyvw,n,Duyvw
Duyvw
n,Y,Duyvw,Duyvw,Duyvw,Duyvw,n,Duyvw
n,Y,Duyvw,Duyvw,Duyvw,Duyvw,n,Duyvw
Y
n,Duyvw,Y,Duyvw,Duyvw,Duyvw,n,Duyvw,Y
Y
Y
n,Duyvw,Y,Duyvw,Duyvw,Duyvw,n,Duyvw,Y
n,Y,Duyvw,Duyvw,Duyvw,n,Duyvw,Y
Y
n,Y,Duyvw,Duyvw,Duyvw,n,Duyvw,Y
n,Y,Duyvw,Duyvw,Duyvw,n,Duyvw,Y
Y
n
Y,Duyvw,n,Duyvw,Duyvw,n,Duyvw,Y
n,n,Y,Duyvw,Duyvw,Duyvw,Duyvw,n,Duyvw
Duyvw
n,n,Y,Duyvw,Duyvw,Duyvw,Duyvw,n,Duyvw
n,n,Duyvw,Y,Duyvw,Duyvw,Duyvw,n,Duyvw
n
Y,Duyvw,n,Duyvw,Duyvw,Duyvw,n,Duyvw
n,n,Y,Duyvw,Duyvw,Duyvw,Duyvw,n,Duyvw,Y
n,n,Y,Duyvw,Duyvw,Duyvw,Duyvw,n,Duyvw,Y
Duyvw
n,n,Y,Duyvw,Duyvw,Duyvw,Duyvw,n,Duyvw
Duyvw
n
n
n,Duyvw,Duyvw,Duyvw,Duyvw,Duyvw,Duyvw
n,Duyvw,Duyvw,Duyvw,Duyvw,Duyvw,Duyvw
n,Duyvw,Duyvw,Duyvw,Duyvw,Duyvw,Duyvw
n
n,Y,Duyvw,Duyvw,n,Duyvw,n,Duyvw
n,Y,Duyvw,Duyvw,n,Duyvw,n,Duyvw
n,n,Y,Duyvw,Duyvw,Duyvw,Duyvw,n,Duyvw,n
n,n,Y,Duyvw,Duyvw,Duyvw,Duyvw,n,Duyvw,n
n
Duyvw
Duyvw
Duyvw
Duyvw
Duyvw
Duyvw
Duyvw,Duyvw,Y,n,Duyvw,n,Duyvw,Duyvw,n,n
Duyvw,Y,Duyvw,n,Duyvw,n,Duyvw,Duyvw,n,n
Y,Duyvw,Duyvw,Duyvw,Duyvw,Duyvw,n,n,n
Y,Duyvw,Duyvw,Duyvw,Duyvw,Duyvw,n,n,n
Duyvw
Y,Duyvw,Duyvw,Duyvw,Duyvw,Duyvw,n,n,n
Y
Y
Y,Duyvw,Duyvw,Duyvw,Duyvw,Duyvw,n,n,n,Duyvw
Duyvw,Duyvw,Duyvw,Duyvw,Duyvw,n,n,Duyvw,Y
Duyvw
Y,Duyvw,Duyvw,Duyvw,n,Duyvw,Duyvw,n,n,n
Y,Duyvw,Duyvw,Duyvw,n,Duyvw,Duyvw,n,n,n,Y
n
Y,n,Duyvw,Duyvw,Duyvw,Duyvw,Duyvw,n,n,n
n,Duyvw,Duyvw,Duyvw,Duyvw,Duyvw,n,n,n
n,Duyvw,Duyvw,Duyvw,Duyvw,n,n,n
Duyvw
n,Duyvw,Duyvw,Duyvw,Duyvw,n,n,n
Duyvw
n,Duyvw,Duyvw,Duyvw,Duyvw,n,n,n
Duyvw,Duyvw,Duyvw,Duyvw,n,n,Y
n,Duyvw,Duyvw,Duyvw,Duyvw,n,n,n
n,Duyvw,Duyvw,Duyvw,Duyvw,n,n,n,n
n
n
Duyvw,Duyvw,n,Duyvw,Duyvw,n,n,n,n
Duyvw,Duyvw,n,Duyvw,Duyvw,n,n,n,n
Duyvw
Duyvw
Duyvw
n
n
Duyvw,Duyvw,n,Duyvw,n,n,n,n,n,n
Duyvw,Duyvw,n,n,n,n,n,n,Y
Duyvw,Duyvw,n,n,n,n,n,n,Y
n
Duyvw,Duyvw,Duyvw,n,n,n,n,n,n,Y
n
n
Duyvw,Duyvw,Duyvw,n,n,n,n,n,n,Y,n
Duyvw,Duyvw,n,Duyvw,n,n,n,n,n,Y,n
Duyvw,Duyvw,n,Duyvw,n,n,n,n,n,Y,n
Duyvw
Duyvw
n
n
Duyvw,Duyvw,n,Duyvw,n,n,n,n,n,n
Duyvw,Duyvw,n,Duyvw,n,n,n,n,n,n,n
Duyvw,Duyvw,Duyvw,n,n,n,n,n,n,n
Duyvw,Duyvw,Duyvw,n,n,n,n,n,n,n
n
Duyvw,Duyvw,Duyvw,n,n,n,n,n,n,n,Y
Duyvw,Duyvw,Duyvw,n,n,n,n,n,n,n,Y,n
n
Duyvw,Duyvw,Duyvw,n,n,n,n,n,n,n,Y
Duyvw,Duyvw,Duyvw,n,n,n,n,n,n,n,Y
Duyvw,Duyvw,n,Duyvw,n,n,n,n,n,n
Duyvw
n
Duyvw,Duyvw,n,Duyvw,n,n,n,n,n,n,Y
Duyvw,Duyvw,n,Duyvw,n,n,n,n,n,n,Y
n
n
Duyvw,Duyvw,n,Duyvw,n,n,n,n,n,n
Duyvw,n,Duyvw,n,n,n,n,Duyvw,n,n
Duyvw
Duyvw
Duyvw
Duyvw,n,n,n,n,Duyvw,n,Duyvw,n,n,n,Y
n
n
n
n
Duyvw,n,n,n,Duyvw,n,Duyvw,n,n,n,Y,n
Duyvw,n,n,n,n,Duyvw,n,Duyvw,n,n,n,Y,n
Duyvw,n,n,n,n,Duyvw,n,Duyvw,n,n,n,Y,n
n
n,n,n,n,Duyvw,n,Duyvw,n,n,n,n
Duyvw,Duyvw,n,n,n,n,Duyvw,n,n,n,n,Y
Duyvw,Duyvw,n,n,n,n,Duyvw,n,n,n,n,Y
Duyvw,Duyvw,n,n,n,n,Duyvw,n,n,n,n,n
n
Duyvw
n,n,n,n,Duyvw,n,Duyvw,Duyvw,Y,n,n,n,n
Duyvw,Duyvw,n,n,n,n,Duyvw,n,n,n,n,Y
Duyvw,Duyvw,n,n,n,n,Duyvw,n,n,n,n,Y
Y
n,n,n,n,Duyvw,Y,n,n,Duyvw,n,n,Duyvw,Y
Jedi Wagner, assuma o comando!