Toque! Toque, Dijê!
Toque! Toque, Dijê!
[vazia]
EHuewLL
[vazia]
Toque! Toque, Dijê!
Toque! Toque, Dijê!
Toque! Toque, Dijê!
[vazia]
JIRkvx
JIRkvx
JIRkvx
JIRkvx
JIRkvx
JIRkvx
JIRkvx
JIRkvx
JIRkvx
JIRkvx
EHuewLL
EHuewLL
JIRkvx
JIRkvx
JIRkvx
JIRkvx,EHuewLL,wydelMMHot
wydelMMHot
JIRkvx,EHuewLL,wydelMMHot
wydelMMHot
JIRkvx,EHuewLL,wydelMMHot
JIRkvx,EHuewLL,wydelMMHot
wydelMMHot
JIRkvx,EHuewLL,wydelMMHot
JIRkvx,wydelMMHot,JIRkvx
wydelMMHot
JIRkvx,EHuewLL,wydelMMHot
JIRkvx,EHuewLL,wydelMMHot
wydelMMHot
JIRkvx,EHuewLL,wydelMMHot
JIRkvx,EHuewLL,wydelMMHot
JIRkvx
JIRkvx,EHuewLL,JIRkvx,iQHvqPpn
JIRkvx,EHuewLL,JIRkvx,iQHvqPpn
JIRkvx,JIRkvx,iQHvqPpn
JIRkvx
wydelMMHot
JIRkvx,EHuewLL,wydelMMHot
wydelMMHot
wydelMMHot
wydelMMHot
wydelMMHot
wydelMMHot
wydelMMHot
qkDRTf
wydelMMHot,qkDRTf,qkDRTf
wydelMMHot,qkDRTf,qkDRTf,SywTQd
wydelMMHot,qkDRTf,qkDRTf,SywTQd
wydelMMHot,qkDRTf,qkDRTf,wydelMMHot
wydelMMHot
wydelMMHot
wydelMMHot
wydelMMHot,qkDRTf,qkDRTf
wydelMMHot
wydelMMHot
wydelMMHot,qkDRTf,qkDRTf
wydelMMHot,qkDRTf
wydelMMHot,qkDRTf
wydelMMHot
wydelMMHot,qkDRTf,iQHvqPpn
wydelMMHot,qkDRTf,iQHvqPpn,EHuewLL
wydelMMHot,qkDRTf,EHuewLL
wydelMMHot
wydelMMHot,qkDRTf,EHuewLL
wydelMMHot,qkDRTf,EHuewLL
wydelMMHot
wydelMMHot,qkDRTf,qkDRTf
wydelMMHot
wydelMMHot,qkDRTf,qkDRTf
wydelMMHot,qkDRTf,qkDRTf
wydelMMHot,qkDRTf,qkDRTf
wydelMMHot
wydelMMHot,qkDRTf,qkDRTf,frcr
wydelMMHot,qkDRTf,qkDRTf
wydelMMHot,qkDRTf,qkDRTf
qkDRTf,qkDRTf,qkDRTf,qkDRTf
qkDRTf,qkDRTf,qkDRTf,qkDRTf
qkDRTf
qkDRTf
qkDRTf
qkDRTf,qkDRTf,qkDRTf,qkDRTf
qkDRTf,qkDRTf,qkDRTf,qkDRTf
qkDRTf
qkDRTf,qkDRTf,qkDRTf,qkDRTf
qkDRTf,qkDRTf,qkDRTf,qkDRTf
qkDRTf
wydelMMHot
wydelMMHot
wydelMMHot
qkDRTf,qkDRTf,qkDRTf,qkDRTf,wydelMMHot
wydelMMHot
qkDRTf,qkDRTf,qkDRTf,qkDRTf,wydelMMHot,JIRkvx
qkDRTf,qkDRTf,qkDRTf,qkDRTf,wydelMMHot
qkDRTf,qkDRTf,qkDRTf,qkDRTf,wydelMMHot
wydelMMHot
qkDRTf
qkDRTf
qkDRTf,qkDRTf,qkDRTf,qkDRTf,wydelMMHot
wydelMMHot
qkDRTf
wydelMMHot,qkDRTf,qkDRTf,qkDRTf,qkDRTf,iQHvqPpn,SywTQd
qkDRTf
wydelMMHot,qkDRTf,qkDRTf,qkDRTf,qkDRTf
qkDRTf
wydelMMHot,qkDRTf,qkDRTf,qkDRTf,qkDRTf
wydelMMHot,qkDRTf,qkDRTf,qkDRTf,qkDRTf
wydelMMHot,qkDRTf,qkDRTf,qkDRTf
wydelMMHot,qkDRTf,qkDRTf,qkDRTf,qkDRTf
wydelMMHot
wydelMMHot,qkDRTf,qkDRTf,qkDRTf,qkDRTf,JIRkvx
qkDRTf
qkDRTf
wydelMMHot,qkDRTf,qkDRTf,qkDRTf,qkDRTf,JIRkvx,iQHvqPpn
wydelMMHot,qkDRTf,qkDRTf,qkDRTf,qkDRTf,JIRkvx,iQHvqPpn,JIRkvx
qkDRTf,qkDRTf,qkDRTf,qkDRTf,JIRkvx,iQHvqPpn,JIRkvx
qkDRTf
qkDRTf,qkDRTf,qkDRTf,qkDRTf,JIRkvx,iQHvqPpn,JIRkvx
qkDRTf
qkDRTf
qkDRTf
iQHvqPpn
qkDRTf,iQHvqPpn,qkDRTf,qkDRTf,qkDRTf,JIRkvx,JIRkvx,JIRkvx,frcr,frcr
qkDRTf,iQHvqPpn,qkDRTf,qkDRTf,qkDRTf,JIRkvx,JIRkvx,JIRkvx,frcr,frcr
iQHvqPpn
qkDRTf,iQHvqPpn,qkDRTf,qkDRTf,qkDRTf,JIRkvx,JIRkvx,frcr,EHuewLL,SywTQd
qkDRTf
JIRkvx
iQHvqPpn,qkDRTf,qkDRTf,qkDRTf,qkDRTf,JIRkvx,JIRkvx,frcr,SywTQd,frcr,JIRkvx
iQHvqPpn,qkDRTf,qkDRTf,qkDRTf,qkDRTf,JIRkvx,JIRkvx,frcr,SywTQd,frcr,JIRkvx
iQHvqPpn,qkDRTf,qkDRTf,qkDRTf,qkDRTf,JIRkvx,JIRkvx,frcr,SywTQd,frcr,JIRkvx,iQHvqPpn
iQHvqPpn,qkDRTf,qkDRTf,qkDRTf,qkDRTf,JIRkvx,JIRkvx,frcr,SywTQd,frcr,JIRkvx,iQHvqPpn
frcr
frcr
frcr
iQHvqPpn,qkDRTf,qkDRTf,qkDRTf,qkDRTf,JIRkvx,JIRkvx,frcr,SywTQd,frcr,JIRkvx,SywTQd
iQHvqPpn,qkDRTf,qkDRTf,qkDRTf,qkDRTf,JIRkvx,JIRkvx,frcr,SywTQd,frcr,JIRkvx,SywTQd
JIRkvx
JIRkvx
iQHvqPpn,qkDRTf,qkDRTf,qkDRTf,qkDRTf,JIRkvx,frcr,SywTQd,frcr,JIRkvx,SywTQd,SywTQd
iQHvqPpn,qkDRTf,qkDRTf,qkDRTf,qkDRTf,JIRkvx,frcr,SywTQd,frcr,JIRkvx,SywTQd,SywTQd
JIRkvx
JIRkvx
iQHvqPpn,qkDRTf,qkDRTf,qkDRTf,qkDRTf,JIRkvx,frcr,SywTQd,frcr,JIRkvx,SywTQd,SywTQd,frcr,qkDRTf
iQHvqPpn,qkDRTf,qkDRTf,qkDRTf,qkDRTf,JIRkvx,frcr,SywTQd,frcr,JIRkvx,SywTQd,SywTQd,frcr,qkDRTf
iQHvqPpn,qkDRTf,qkDRTf,qkDRTf,qkDRTf,frcr,SywTQd,frcr,JIRkvx,JIRkvx,SywTQd,SywTQd,frcr,qkDRTf,EHuewLL,JIRkvx
iQHvqPpn,qkDRTf,qkDRTf,qkDRTf,frcr,SywTQd,frcr,JIRkvx,JIRkvx,SywTQd,SywTQd,frcr,qkDRTf,EHuewLL,JIRkvx
EHuewLL
EHuewLL
iQHvqPpn,qkDRTf,qkDRTf,SywTQd,frcr,JIRkvx,JIRkvx,SywTQd,SywTQd,EHuewLL,frcr,frcr,qkDRTf,JIRkvx,qkDRTf
EHuewLL
iQHvqPpn,qkDRTf,qkDRTf,SywTQd,JIRkvx,JIRkvx,SywTQd,SywTQd,EHuewLL,frcr,frcr,qkDRTf,JIRkvx,qkDRTf
iQHvqPpn,qkDRTf,qkDRTf,SywTQd,JIRkvx,JIRkvx,SywTQd,SywTQd,EHuewLL,frcr,frcr,qkDRTf,JIRkvx,qkDRTf
iQHvqPpn,qkDRTf,SywTQd,JIRkvx,JIRkvx,SywTQd,SywTQd,EHuewLL,qkDRTf,frcr,frcr,qkDRTf,JIRkvx,qkDRTf,iQHvqPpn,qkDRTf
iQHvqPpn,qkDRTf,SywTQd,JIRkvx,SywTQd,SywTQd,EHuewLL,qkDRTf,frcr,frcr,qkDRTf,JIRkvx,qkDRTf,iQHvqPpn,qkDRTf,wydelMMHot,SywTQd
frcr
frcr
qkDRTf,SywTQd,SywTQd,SywTQd,EHuewLL,qkDRTf,frcr,frcr,qkDRTf,JIRkvx,qkDRTf,iQHvqPpn,qkDRTf,SywTQd,EHuewLL
frcr
qkDRTf,SywTQd,JIRkvx,SywTQd,SywTQd,EHuewLL,qkDRTf,frcr,wydelMMHot,iQHvqPpn,frcr,qkDRTf,JIRkvx,qkDRTf,iQHvqPpn,qkDRTf,SywTQd,EHuewLL
qkDRTf,SywTQd,JIRkvx,SywTQd,SywTQd,EHuewLL,qkDRTf,frcr,wydelMMHot,iQHvqPpn,frcr,qkDRTf,JIRkvx,qkDRTf,iQHvqPpn,qkDRTf,SywTQd,EHuewLL
SywTQd,JIRkvx,SywTQd,SywTQd,EHuewLL,qkDRTf,frcr,wydelMMHot,iQHvqPpn,frcr,qkDRTf,JIRkvx,qkDRTf,iQHvqPpn,qkDRTf,SywTQd,EHuewLL
SywTQd,JIRkvx,SywTQd,SywTQd,EHuewLL,qkDRTf,frcr,wydelMMHot,iQHvqPpn,frcr,qkDRTf,JIRkvx,qkDRTf,iQHvqPpn,qkDRTf,SywTQd,EHuewLL
JIRkvx,SywTQd,SywTQd,EHuewLL,qkDRTf,frcr,wydelMMHot,iQHvqPpn,frcr,qkDRTf,SywTQd,JIRkvx,qkDRTf,iQHvqPpn,qkDRTf,SywTQd,EHuewLL
JIRkvx,SywTQd,SywTQd,EHuewLL,qkDRTf,frcr,wydelMMHot,iQHvqPpn,frcr,qkDRTf,SywTQd,JIRkvx,qkDRTf,iQHvqPpn,qkDRTf,SywTQd,EHuewLL
JIRkvx,SywTQd,SywTQd,EHuewLL,qkDRTf,frcr,wydelMMHot,iQHvqPpn,frcr,qkDRTf,SywTQd,JIRkvx,qkDRTf,iQHvqPpn,qkDRTf,SywTQd,EHuewLL
JIRkvx,SywTQd,SywTQd,EHuewLL,qkDRTf,frcr,wydelMMHot,iQHvqPpn,frcr,qkDRTf,SywTQd,JIRkvx,qkDRTf,iQHvqPpn,qkDRTf,SywTQd,EHuewLL
JIRkvx,SywTQd,SywTQd,EHuewLL,qkDRTf,frcr,wydelMMHot,frcr,qkDRTf,iQHvqPpn,SywTQd,JIRkvx,qkDRTf,iQHvqPpn,qkDRTf,SywTQd,EHuewLL
JIRkvx
JIRkvx
SywTQd,SywTQd,SywTQd,EHuewLL,qkDRTf,frcr,iQHvqPpn,frcr,qkDRTf,JIRkvx,JIRkvx,qkDRTf,iQHvqPpn,qkDRTf,SywTQd,EHuewLL
JIRkvx
JIRkvx
SywTQd,SywTQd,SywTQd,EHuewLL,qkDRTf,frcr,wydelMMHot,iQHvqPpn,frcr,qkDRTf,JIRkvx,JIRkvx,qkDRTf,iQHvqPpn,qkDRTf,SywTQd,EHuewLL
JIRkvx,SywTQd,SywTQd,EHuewLL,qkDRTf,frcr,wydelMMHot,iQHvqPpn,frcr,qkDRTf,SywTQd,JIRkvx,qkDRTf,iQHvqPpn,qkDRTf,SywTQd,EHuewLL
JIRkvx,SywTQd,SywTQd,EHuewLL,qkDRTf,frcr,wydelMMHot,frcr,qkDRTf,SywTQd,iQHvqPpn,JIRkvx,qkDRTf,iQHvqPpn,qkDRTf,SywTQd,EHuewLL,SywTQd
iQHvqPpn
JIRkvx,SywTQd,SywTQd,EHuewLL,qkDRTf,frcr,wydelMMHot,frcr,qkDRTf,SywTQd,iQHvqPpn,JIRkvx,qkDRTf,iQHvqPpn,qkDRTf,SywTQd,EHuewLL,SywTQd
JIRkvx
JIRkvx,SywTQd,SywTQd,EHuewLL,qkDRTf,frcr,frcr,qkDRTf,SywTQd,iQHvqPpn,JIRkvx,qkDRTf,iQHvqPpn,qkDRTf,SywTQd,EHuewLL,SywTQd,iQHvqPpn
JIRkvx
JIRkvx
SywTQd,qkDRTf,frcr,qkDRTf,SywTQd,iQHvqPpn,JIRkvx,frcr,SywTQd,JIRkvx,qkDRTf,iQHvqPpn,qkDRTf,SywTQd,EHuewLL,SywTQd,iQHvqPpn,qkDRTf,iQHvqPpn
frcr,qkDRTf,JIRkvx,SywTQd,iQHvqPpn,qkDRTf,SywTQd,frcr,SywTQd,JIRkvx,qkDRTf,iQHvqPpn,qkDRTf,SywTQd,EHuewLL,SywTQd,iQHvqPpn,qkDRTf,iQHvqPpn
SywTQd
frcr,JIRkvx,SywTQd,qkDRTf,iQHvqPpn,qkDRTf,SywTQd,frcr,SywTQd,JIRkvx,qkDRTf,iQHvqPpn,qkDRTf,SywTQd,EHuewLL,SywTQd,iQHvqPpn,qkDRTf,iQHvqPpn
qkDRTf
qkDRTf
frcr,JIRkvx,SywTQd,qkDRTf,iQHvqPpn,qkDRTf,SywTQd,frcr,SywTQd,JIRkvx,qkDRTf,iQHvqPpn,qkDRTf,SywTQd,EHuewLL,SywTQd,iQHvqPpn,qkDRTf,iQHvqPpn,iQHvqPpn,wydelMMHot
JIRkvx,SywTQd,qkDRTf,EHuewLL,qkDRTf,SywTQd,frcr,SywTQd,JIRkvx,qkDRTf,iQHvqPpn,qkDRTf,SywTQd,SywTQd,iQHvqPpn,qkDRTf,iQHvqPpn,iQHvqPpn,wydelMMHot
JIRkvx,SywTQd,qkDRTf,EHuewLL,qkDRTf,SywTQd,frcr,SywTQd,JIRkvx,qkDRTf,iQHvqPpn,qkDRTf,SywTQd,SywTQd,iQHvqPpn,qkDRTf,iQHvqPpn,iQHvqPpn,wydelMMHot,frcr
EHuewLL
EHuewLL
JIRkvx,qkDRTf,EHuewLL,SywTQd,qkDRTf,SywTQd,frcr,SywTQd,JIRkvx,qkDRTf,iQHvqPpn,qkDRTf,SywTQd,SywTQd,iQHvqPpn,qkDRTf,iQHvqPpn,iQHvqPpn,wydelMMHot,frcr,SywTQd,JIRkvx
JIRkvx,SywTQd,qkDRTf,EHuewLL,qkDRTf,SywTQd,frcr,SywTQd,JIRkvx,qkDRTf,iQHvqPpn,qkDRTf,SywTQd,SywTQd,iQHvqPpn,qkDRTf,iQHvqPpn,iQHvqPpn,wydelMMHot,frcr,SywTQd
JIRkvx,SywTQd,qkDRTf,EHuewLL,qkDRTf,SywTQd,frcr,SywTQd,JIRkvx,qkDRTf,iQHvqPpn,qkDRTf,SywTQd,SywTQd,iQHvqPpn,qkDRTf,iQHvqPpn,iQHvqPpn,wydelMMHot,frcr,SywTQd
wydelMMHot
SywTQd
SywTQd
SywTQd
JIRkvx,EHuewLL,SywTQd,iQHvqPpn,qkDRTf,frcr,SywTQd,JIRkvx,qkDRTf,qkDRTf,SywTQd,SywTQd,iQHvqPpn,qkDRTf,iQHvqPpn,iQHvqPpn,frcr,SywTQd,iQHvqPpn,frcr,EHuewLL,qkDRTf,JIRkvx
JIRkvx,EHuewLL,SywTQd,iQHvqPpn,qkDRTf,frcr,SywTQd,JIRkvx,qkDRTf,qkDRTf,SywTQd,SywTQd,iQHvqPpn,qkDRTf,iQHvqPpn,iQHvqPpn,frcr,SywTQd,iQHvqPpn,frcr,EHuewLL,qkDRTf,JIRkvx
SywTQd
JIRkvx,EHuewLL,SywTQd,iQHvqPpn,qkDRTf,frcr,SywTQd,JIRkvx,qkDRTf,qkDRTf,SywTQd,SywTQd,iQHvqPpn,qkDRTf,iQHvqPpn,iQHvqPpn,frcr,SywTQd,iQHvqPpn,frcr,EHuewLL,qkDRTf,JIRkvx,JIRkvx
Jedi Wagner, assuma o comando!