rgTbLEXRW
Toque! Toque, Dijê!
[vazia]
sVxpnShVyP
sVxpnShVyP
sVxpnShVyP
sVxpnShVyP
a
a
a
sVxpnShVyP,a,mzkYVxzF,Ot
Ot
sVxpnShVyP,a,Ot,OwqVN
sVxpnShVyP,a,Ot,OwqVN
sVxpnShVyP,a,Ot,OwqVN
Ot
Ot
sVxpnShVyP,a,mzkYVxzF,Ot,OwqVN
mzkYVxzF
sVxpnShVyP,Ot,OwqVN,sVxpnShVyP,PIyTny
Ot
sVxpnShVyP,Ot,OwqVN,sVxpnShVyP,PIyTny,Me
mzkYVxzF
mzkYVxzF
sVxpnShVyP,a,mzkYVxzF,Ot,OwqVN,PIyTny
mzkYVxzF
sVxpnShVyP,a,OwqVN,mzkYVxzF,Ot,PIyTny,PIyTny,OwqVN
sVxpnShVyP,a,OwqVN,mzkYVxzF,Ot,PIyTny,PIyTny,OwqVN
mzkYVxzF
mzkYVxzF
mzkYVxzF
mzkYVxzF
sVxpnShVyP,mzkYVxzF,a,Ot,OwqVN,Ot
sVxpnShVyP,a,mzkYVxzF,Ot,OwqVN
sVxpnShVyP,mzkYVxzF,a,Ot,OwqVN
sVxpnShVyP,mzkYVxzF,a,Ot,OwqVN
sVxpnShVyP,mzkYVxzF,a,Ot,OwqVN,a,VdVduStJBA
sVxpnShVyP,mzkYVxzF,a,Ot,OwqVN,a,VdVduStJBA,PIyTny
mzkYVxzF,a,Ot,sVxpnShVyP,OwqVN,a,VdVduStJBA,sVxpnShVyP
sVxpnShVyP,mzkYVxzF,a,Ot,OwqVN,a,VdVduStJBA
sVxpnShVyP,mzkYVxzF,a,Ot,OwqVN,a,VdVduStJBA
mzkYVxzF,OwqVN,Ot,sVxpnShVyP,a,VdVduStJBA,Me
mzkYVxzF,OwqVN,Ot,sVxpnShVyP,a,VdVduStJBA,Me,rgTbLEXRW
Ot
mzkYVxzF,OwqVN,Ot,Me,sVxpnShVyP,a,VdVduStJBA,rgTbLEXRW,Me
mzkYVxzF,OwqVN,Ot,Me,sVxpnShVyP,a,VdVduStJBA,rgTbLEXRW,Me
Ot
OwqVN,Ot,Me,sVxpnShVyP,a,VdVduStJBA,rgTbLEXRW,Me
OwqVN
sVxpnShVyP,mzkYVxzF,Ot,OwqVN,a,VdVduStJBA,Me
mzkYVxzF,Ot,OwqVN,sVxpnShVyP,a,VdVduStJBA,Me
sVxpnShVyP,mzkYVxzF,Ot,OwqVN,a,VdVduStJBA,Me
OwqVN
sVxpnShVyP,mzkYVxzF,Ot,OwqVN,a,VdVduStJBA,Me
sVxpnShVyP,mzkYVxzF,Ot,OwqVN,a,VdVduStJBA,Me
sVxpnShVyP,mzkYVxzF,Ot,OwqVN,a,VdVduStJBA,Me
sVxpnShVyP,mzkYVxzF,Ot,OwqVN,a,VdVduStJBA,Me
a
sVxpnShVyP,mzkYVxzF,Ot,OwqVN,a,VdVduStJBA,Me,sVxpnShVyP
sVxpnShVyP,mzkYVxzF,Ot,OwqVN,a,VdVduStJBA,Me,sVxpnShVyP
VdVduStJBA
sVxpnShVyP,mzkYVxzF,Ot,a,VdVduStJBA,OwqVN,Me,OwqVN,Ot
VdVduStJBA
VdVduStJBA
sVxpnShVyP,mzkYVxzF,Ot,a,VdVduStJBA,OwqVN,Me,OwqVN,Ot
sVxpnShVyP,mzkYVxzF,Ot,VdVduStJBA,OwqVN,Me,OwqVN,Ot
VdVduStJBA
sVxpnShVyP,mzkYVxzF,Ot,VdVduStJBA,OwqVN,Me,OwqVN,Ot
sVxpnShVyP,mzkYVxzF,Ot,VdVduStJBA,OwqVN,Me,OwqVN,Ot,Q
VdVduStJBA
VdVduStJBA
sVxpnShVyP,mzkYVxzF,Ot,OwqVN,a,VdVduStJBA,Me
VdVduStJBA
VdVduStJBA
VdVduStJBA
sVxpnShVyP,mzkYVxzF,Ot,OwqVN,a,VdVduStJBA,Me
sVxpnShVyP,mzkYVxzF,Ot,OwqVN,a,VdVduStJBA,Me
VdVduStJBA
sVxpnShVyP,mzkYVxzF,Ot,OwqVN,a,VdVduStJBA,Me,PIyTny
VdVduStJBA
sVxpnShVyP,mzkYVxzF,Ot,OwqVN,a,VdVduStJBA,Me
sVxpnShVyP,mzkYVxzF,Ot,OwqVN,a,VdVduStJBA,Me
VdVduStJBA
sVxpnShVyP,mzkYVxzF,Ot,OwqVN,a,VdVduStJBA,Me
sVxpnShVyP,mzkYVxzF,Ot,OwqVN,VdVduStJBA,a,Me
VdVduStJBA
sVxpnShVyP,Ot,OwqVN,a,VdVduStJBA,mzkYVxzF,Me,Q,Q
sVxpnShVyP,Ot,OwqVN,a,VdVduStJBA,Me,Q,Q
sVxpnShVyP,Ot,OwqVN,a,VdVduStJBA,Me,Q,Q
Ot
sVxpnShVyP
Ot,sVxpnShVyP,OwqVN,Me,rgTbLEXRW,a,VdVduStJBA,Q,Q,a,Me,Ot,rgTbLEXRW
Ot,sVxpnShVyP,OwqVN,Me,rgTbLEXRW,a,VdVduStJBA,Q,Q,a,Me,Ot,rgTbLEXRW,rgTbLEXRW,mzkYVxzF
sVxpnShVyP,Ot,OwqVN,a,VdVduStJBA,Me,Q,Q
Ot
sVxpnShVyP,Ot,OwqVN,a,VdVduStJBA,Me,Q,Q
sVxpnShVyP,Ot,OwqVN,a,VdVduStJBA,Me,Q,Q,OwqVN
sVxpnShVyP,OwqVN,Ot,a,VdVduStJBA,Me,Q,Q,OwqVN
OwqVN
sVxpnShVyP,Ot,OwqVN,a,VdVduStJBA,Me,Q,Q
sVxpnShVyP,Me,Ot,OwqVN,a,VdVduStJBA,Q,Q
sVxpnShVyP,Me,Ot,OwqVN,a,VdVduStJBA,Q,Q
sVxpnShVyP,Me,Ot,OwqVN,a,VdVduStJBA,Q,Q,VdVduStJBA
Ot
Ot
Ot,sVxpnShVyP,OwqVN,a,VdVduStJBA,Q,Q,VdVduStJBA
Ot,sVxpnShVyP,OwqVN,a,VdVduStJBA,Q,Q,VdVduStJBA
sVxpnShVyP,Ot,OwqVN,a,VdVduStJBA,Me,Q,Q
VdVduStJBA
Ot,VdVduStJBA,Q,OwqVN,a,Me,Q,Me
Ot,VdVduStJBA,Q,OwqVN,a,Me,Q,Me
Ot,VdVduStJBA,Q,OwqVN,a,Me,Q,Me
a
a
sVxpnShVyP,Ot,VdVduStJBA,Q,OwqVN,a,Me,Q,Me
sVxpnShVyP,Ot,VdVduStJBA,Q,OwqVN,a,Me,Q,Me
sVxpnShVyP,Ot,VdVduStJBA,OwqVN,a,Me,Q,Me
Jedi Wagner, assuma o comando!