[vazia]
Toque! Toque, Dijê!
Toque! Toque, Dijê!
[vazia]
[vazia]
DAWla
[vazia]
[vazia]
[vazia]
[vazia]
EIYOAeYdHx,DAWla
EIYOAeYdHx
EIYOAeYdHx
EIYOAeYdHx,ljH
EIYOAeYdHx
EIYOAeYdHx,ljH
EIYOAeYdHx,ljH,QMaI
EIYOAeYdHx
EIYOAeYdHx
EIYOAeYdHx
EIYOAeYdHx
EIYOAeYdHx,tKAHOUc
tKAHOUc
tKAHOUc
EIYOAeYdHx,tKAHOUc,tKAHOUc
tKAHOUc
EIYOAeYdHx,tKAHOUc
tKAHOUc
EIYOAeYdHx,tKAHOUc
tKAHOUc,EIYOAeYdHx
tKAHOUc
EIYOAeYdHx,tKAHOUc
EIYOAeYdHx,tKAHOUc
EIYOAeYdHx,tKAHOUc
EIYOAeYdHx,tKAHOUc
tKAHOUc
tKAHOUc
tKAHOUc,tKAHOUc
tKAHOUc,tKAHOUc
EIYOAeYdHx,tKAHOUc,ljH,DAWla
tKAHOUc
tKAHOUc
EIYOAeYdHx
EIYOAeYdHx
EIYOAeYdHx,KiV
EIYOAeYdHx
tKAHOUc
tKAHOUc
EIYOAeYdHx,tKAHOUc,kmiE
tKAHOUc
tKAHOUc
tKAHOUc
tKAHOUc
tKAHOUc
EIYOAeYdHx
DAWla,EIYOAeYdHx,kmiE
DAWla,EIYOAeYdHx,kmiE
DAWla
DAWla
kmiE
DAWla,kmiE,EIYOAeYdHx,QMaI
DAWla,kmiE,EIYOAeYdHx,QMaI
DAWla,EIYOAeYdHx,kmiE,EIYOAeYdHx,QMaI
DAWla,EIYOAeYdHx,kmiE,EIYOAeYdHx,QMaI
DAWla,EIYOAeYdHx,kmiE,EIYOAeYdHx,QMaI
EIYOAeYdHx,kmiE,DAWla,EIYOAeYdHx,QMaI
kmiE
EIYOAeYdHx,kmiE,DAWla,EIYOAeYdHx,QMaI,kmiE
EIYOAeYdHx
EIYOAeYdHx,kmiE,DAWla,EIYOAeYdHx,QMaI,kmiE
EIYOAeYdHx,kmiE,DAWla,EIYOAeYdHx,QMaI,kmiE
EIYOAeYdHx
EIYOAeYdHx
EIYOAeYdHx
kmiE,DAWla,EIYOAeYdHx,QMaI,kmiE
EIYOAeYdHx,kmiE,DAWla,EIYOAeYdHx,QMaI,kmiE
EIYOAeYdHx,kmiE,DAWla,EIYOAeYdHx,QMaI,kmiE
EIYOAeYdHx,kmiE,DAWla,EIYOAeYdHx,QMaI,kmiE
QMaI
kmiE,DAWla,EIYOAeYdHx,EIYOAeYdHx,QMaI,kmiE
kmiE,DAWla,EIYOAeYdHx,EIYOAeYdHx,QMaI,kmiE
EIYOAeYdHx
kmiE,DAWla,EIYOAeYdHx,EIYOAeYdHx,QMaI,kmiE
DAWla,QMaI,EIYOAeYdHx,kmiE
QMaI
QMaI
DAWla,QMaI,kmiE,EIYOAeYdHx
kmiE
kmiE
kmiE
DAWla,EIYOAeYdHx,kmiE
DAWla,EIYOAeYdHx,kmiE
DAWla,EIYOAeYdHx,kmiE,KiV,ANZZAuuGHT,QMaI
DAWla,EIYOAeYdHx,kmiE,KiV,ANZZAuuGHT,QMaI
QMaI
QMaI
DAWla,EIYOAeYdHx,KiV,ANZZAuuGHT,QMaI
DAWla
EIYOAeYdHx
EIYOAeYdHx
EIYOAeYdHx
DAWla,EIYOAeYdHx,KiV,ANZZAuuGHT,QMaI,QMaI
EIYOAeYdHx
DAWla,EIYOAeYdHx,KiV,ANZZAuuGHT,QMaI,QMaI,ANZZAuuGHT
DAWla,EIYOAeYdHx,KiV,ANZZAuuGHT,QMaI,QMaI,ANZZAuuGHT
DAWla,EIYOAeYdHx,KiV,ANZZAuuGHT,QMaI,QMaI,ANZZAuuGHT
EIYOAeYdHx
DAWla,EIYOAeYdHx,ANZZAuuGHT,KiV,QMaI,QMaI,ANZZAuuGHT
DAWla,EIYOAeYdHx,ANZZAuuGHT,KiV,QMaI,QMaI,ANZZAuuGHT
ANZZAuuGHT
ANZZAuuGHT
DAWla,EIYOAeYdHx,ANZZAuuGHT,KiV,QMaI,QMaI,ANZZAuuGHT
ANZZAuuGHT
ANZZAuuGHT
DAWla,EIYOAeYdHx,ANZZAuuGHT,KiV,QMaI,QMaI,ANZZAuuGHT
DAWla,ANZZAuuGHT,EIYOAeYdHx,KiV,QMaI,QMaI,ANZZAuuGHT
DAWla,ANZZAuuGHT,EIYOAeYdHx,KiV,QMaI,QMaI,ANZZAuuGHT
EIYOAeYdHx
DAWla,ANZZAuuGHT,EIYOAeYdHx,KiV,QMaI,QMaI,ANZZAuuGHT,EIYOAeYdHx
DAWla,ANZZAuuGHT,EIYOAeYdHx,KiV,QMaI,QMaI,ANZZAuuGHT,EIYOAeYdHx
QMaI
DAWla,EIYOAeYdHx,KiV,QMaI,ANZZAuuGHT,QMaI,ANZZAuuGHT,EIYOAeYdHx,kmiE
QMaI
DAWla,ANZZAuuGHT,KiV,QMaI,ANZZAuuGHT,EIYOAeYdHx,ANZZAuuGHT
DAWla,ANZZAuuGHT,KiV,QMaI,ANZZAuuGHT,EIYOAeYdHx,ANZZAuuGHT
EIYOAeYdHx
DAWla,ANZZAuuGHT,KiV,QMaI,ANZZAuuGHT,EIYOAeYdHx,ANZZAuuGHT,KiV
DAWla,ANZZAuuGHT,KiV,QMaI,ANZZAuuGHT,EIYOAeYdHx,ANZZAuuGHT,KiV
EIYOAeYdHx
EIYOAeYdHx
EIYOAeYdHx
ANZZAuuGHT,QMaI,ANZZAuuGHT,EIYOAeYdHx,KiV,DAWla,ANZZAuuGHT,DAWla
DAWla
DAWla
ANZZAuuGHT,ANZZAuuGHT,EIYOAeYdHx,DAWla,ANZZAuuGHT,DAWla,ANZZAuuGHT
ANZZAuuGHT,ANZZAuuGHT,EIYOAeYdHx,DAWla,ANZZAuuGHT,DAWla,ANZZAuuGHT,ljH
DAWla
ANZZAuuGHT,EIYOAeYdHx,DAWla,ANZZAuuGHT,ANZZAuuGHT,DAWla,ANZZAuuGHT,ljH
DAWla,ANZZAuuGHT,ANZZAuuGHT,EIYOAeYdHx,ANZZAuuGHT,DAWla,ANZZAuuGHT,QMaI
ANZZAuuGHT
ANZZAuuGHT,EIYOAeYdHx,QMaI,ANZZAuuGHT,ANZZAuuGHT,DAWla,ANZZAuuGHT,EIYOAeYdHx,kmiE
ANZZAuuGHT,EIYOAeYdHx,QMaI,ANZZAuuGHT,ANZZAuuGHT,DAWla,ANZZAuuGHT,EIYOAeYdHx
ANZZAuuGHT,EIYOAeYdHx,QMaI,ANZZAuuGHT,ANZZAuuGHT,DAWla,ANZZAuuGHT,EIYOAeYdHx
ANZZAuuGHT
ANZZAuuGHT
ANZZAuuGHT
ANZZAuuGHT
EIYOAeYdHx,QMaI,ANZZAuuGHT,ANZZAuuGHT,ANZZAuuGHT,EIYOAeYdHx,tKAHOUc
ANZZAuuGHT
ANZZAuuGHT
ANZZAuuGHT
ANZZAuuGHT
ANZZAuuGHT
ANZZAuuGHT
ANZZAuuGHT,EIYOAeYdHx,QMaI,ANZZAuuGHT,ANZZAuuGHT,DAWla,ANZZAuuGHT,EIYOAeYdHx
EIYOAeYdHx
ANZZAuuGHT
ANZZAuuGHT
ANZZAuuGHT,QMaI,ANZZAuuGHT,ANZZAuuGHT,DAWla,ANZZAuuGHT,EIYOAeYdHx,KiV
ANZZAuuGHT,QMaI,ANZZAuuGHT,ANZZAuuGHT,DAWla,ANZZAuuGHT,EIYOAeYdHx,ljH,EIYOAeYdHx
ANZZAuuGHT,QMaI,ANZZAuuGHT,ANZZAuuGHT,DAWla,ANZZAuuGHT,EIYOAeYdHx,ljH,EIYOAeYdHx
ANZZAuuGHT,QMaI,ANZZAuuGHT,ANZZAuuGHT,DAWla,ANZZAuuGHT,EIYOAeYdHx,KiV
QMaI
ANZZAuuGHT,QMaI,ANZZAuuGHT,ANZZAuuGHT,DAWla,ANZZAuuGHT,EIYOAeYdHx,KiV
ANZZAuuGHT,QMaI,EIYOAeYdHx,ANZZAuuGHT,ANZZAuuGHT,DAWla,ANZZAuuGHT,KiV,EIYOAeYdHx
QMaI
ANZZAuuGHT,QMaI,EIYOAeYdHx,DAWla,ANZZAuuGHT,ANZZAuuGHT,ANZZAuuGHT,EIYOAeYdHx
Jedi Wagner, assuma o comando!