Toque! Toque, Dijê!
N
N
Toque! Toque, Dijê!
N
N
[vazia]
N
N
N
N
N
N
N,N
N
N
N
N,N
N,N,N
N
N,N,N,N
N,N,N,N
N,N,N,N
N,N,N,N
N
N,N,N,N,N
N
N,N,N,N
N
N,N,N,N
N
N
N,N,N,N,McCwkTSoP
N,N,N,N,McCwkTSoP
N
N,N,N,N,McCwkTSoP
N
N
N,N,N,McCwkTSoP
N,N,N,N
N
N
N,N,N,N
N
N,N,N,N
N,N,N
N
N,N,N,N
N,N,N,N,N
N,N,N,N,N
N
N,N,McCwkTSoP,N,N,McCwkTSoP
McCwkTSoP
N,N,McCwkTSoP,N,N,McCwkTSoP
N,N,N,N
N,N
N
McCwkTSoP,N,N,N
McCwkTSoP
N,N,N
N
N,N,N
N
N
N
N
N,McCwkTSoP,McCwkTSoP
N
McCwkTSoP,N,McCwkTSoP
N
N,N,McCwkTSoP,McCwkTSoP,McCwkTSoP
McCwkTSoP
N,N,McCwkTSoP,McCwkTSoP,McCwkTSoP
N,N,McCwkTSoP,McCwkTSoP,McCwkTSoP
McCwkTSoP,N,McCwkTSoP
McCwkTSoP,McCwkTSoP,N
McCwkTSoP
McCwkTSoP
N
N
Jedi Wagner, assuma o comando!