saJduwAEDS
saJduwAEDS
saJduwAEDS,rH,rH
saJduwAEDS,rH,rH
saJduwAEDS
saJduwAEDS,iFSYME,rH,rH,rH,szpYC
saJduwAEDS,rH,rH
saJduwAEDS,rH,rH
saJduwAEDS,rH,rH,rH
saJduwAEDS,rH,rH,rH
rH
saJduwAEDS,rH,rH,rH
rH,rH,rH,fYVwdNez
rH
saJduwAEDS,rH,rH,rH,szpYC
saJduwAEDS,rH,rH,rH,szpYC
saJduwAEDS,rH,rH,rH,szpYC
rH
rH
rH
saJduwAEDS,rH,rH,rH,szpYC,fYVwdNez
saJduwAEDS,rH,rH,rH,szpYC,fYVwdNez
saJduwAEDS,rH,rH,rH,szpYC
rH
rH
rH
saJduwAEDS,rH,rH,rH,szpYC,rH,iFSYME
saJduwAEDS,rH,rH,rH,szpYC,rH,iFSYME
saJduwAEDS,rH,rH,rH,szpYC
saJduwAEDS,rH,rH,rH,szpYC
rH
rH
saJduwAEDS,rH,rH,rH,szpYC,fYVwdNez
rH
saJduwAEDS,rH,rH,rH,szpYC
saJduwAEDS,rH,rH,rH,szpYC
rH
rH,rH,rH,szpYC,iFSYME
szpYC
iFSYME
iFSYME
iFSYME
rH,szpYC,rH,iFSYME,szpYC
rH,szpYC,rH,iFSYME,szpYC
rH,szpYC,rH,iFSYME,szpYC
iFSYME
rH,szpYC,rH,iFSYME,szpYC
rH,szpYC,rH,iFSYME,szpYC
iFSYME
rH,szpYC,rH,iFSYME,szpYC
szpYC
szpYC
rH,rH,iFSYME,szpYC,szpYC
rH,rH,iFSYME,szpYC,szpYC
szpYC
rH,iFSYME,szpYC,szpYC,rH,rH
rH
rH
iFSYME
rH,iFSYME,szpYC,szpYC,rH,rH
rH,szpYC,iFSYME,szpYC,rH,saJduwAEDS
szpYC
szpYC
rH,szpYC,iFSYME,szpYC,rH,saJduwAEDS
iFSYME
szpYC
szpYC
rH,szpYC,rH,saJduwAEDS
iFSYME
rH,szpYC,szpYC,rH
rH,iFSYME,szpYC,rH,saJduwAEDS,szpYC
rH,iFSYME,szpYC,rH,szpYC
saJduwAEDS
iFSYME
rH,iFSYME,szpYC,rH,szpYC,saJduwAEDS,rH
iFSYME,szpYC,rH,szpYC,saJduwAEDS,rH
rH,iFSYME,szpYC,rH,szpYC,saJduwAEDS,rH,fYVwdNez
rH,szpYC,iFSYME,rH,szpYC,saJduwAEDS,rH,rH
rH,szpYC,iFSYME,rH,szpYC,saJduwAEDS,rH,rH
szpYC
rH,szpYC,iFSYME,rH,szpYC,saJduwAEDS,rH,rH
rH,szpYC,iFSYME,rH,szpYC,saJduwAEDS,rH,rH,saJduwAEDS,szpYC,rH,fYVwdNez
rH,szpYC,iFSYME,rH,szpYC,saJduwAEDS,rH,rH,saJduwAEDS,szpYC,rH,fYVwdNez
rH,iFSYME,szpYC,rH,szpYC,saJduwAEDS,rH,iFSYME
rH,iFSYME,szpYC,rH,szpYC,saJduwAEDS,rH,iFSYME
rH,iFSYME,szpYC,rH,szpYC,saJduwAEDS,rH,iFSYME
rH,saJduwAEDS,iFSYME,szpYC,rH,szpYC,rH
rH,saJduwAEDS,rH,szpYC,rH,fYVwdNez
rH,saJduwAEDS,rH,szpYC,rH,fYVwdNez
saJduwAEDS
rH,saJduwAEDS,rH,rH
saJduwAEDS
saJduwAEDS
rH,iFSYME,szpYC,rH,szpYC,saJduwAEDS,rH
rH,szpYC,rH,szpYC,saJduwAEDS,rH,saJduwAEDS
szpYC,rH,saJduwAEDS,szpYC,rH,szpYC,saJduwAEDS
saJduwAEDS,rH,rH,szpYC,saJduwAEDS,iFSYME,iFSYME
saJduwAEDS,rH,rH,szpYC,saJduwAEDS,iFSYME,iFSYME
saJduwAEDS
saJduwAEDS
saJduwAEDS
szpYC
szpYC
szpYC
rH
rH
rH
rH
rH,szpYC,rH,szpYC,rH,saJduwAEDS,iFSYME,saJduwAEDS
rH
rH,szpYC,rH,szpYC,rH,saJduwAEDS,iFSYME,saJduwAEDS
rH
rH,rH,szpYC,saJduwAEDS,rH,saJduwAEDS
saJduwAEDS
rH,rH,szpYC,rH,saJduwAEDS,saJduwAEDS
saJduwAEDS
saJduwAEDS
rH,szpYC,rH,saJduwAEDS,rH,iFSYME,iFSYME
rH,szpYC,rH,saJduwAEDS,rH,iFSYME,iFSYME
rH,szpYC,rH,saJduwAEDS,rH,iFSYME,iFSYME
saJduwAEDS
rH,szpYC,rH,saJduwAEDS
rH
rH
rH,szpYC,rH,fYVwdNez,saJduwAEDS
fYVwdNez
szpYC
fYVwdNez,szpYC
fYVwdNez,szpYC,rH
szpYC
fYVwdNez,szpYC,rH
szpYC
fYVwdNez,szpYC,rH,szpYC
fYVwdNez,szpYC,rH,szpYC
szpYC
fYVwdNez
fYVwdNez,szpYC,rH,iFSYME
fYVwdNez,szpYC,rH,iFSYME
fYVwdNez,szpYC,rH,szpYC,rH
szpYC
fYVwdNez,szpYC,rH,szpYC,rH,iFSYME
szpYC
szpYC
szpYC
fYVwdNez,szpYC,szpYC,rH,iFSYME
szpYC
fYVwdNez,szpYC,rH,iFSYME,szpYC,fYVwdNez
rH
rH
rH
rH
fYVwdNez,szpYC,rH,szpYC,fYVwdNez,fYVwdNez
szpYC
fYVwdNez,rH,szpYC,fYVwdNez,fYVwdNez,rH
szpYC
fYVwdNez,rH,szpYC,fYVwdNez,fYVwdNez,rH
szpYC
szpYC
szpYC
fYVwdNez,rH,szpYC,fYVwdNez,fYVwdNez,rH
fYVwdNez,rH,szpYC,fYVwdNez,fYVwdNez,rH
fYVwdNez
fYVwdNez,rH,szpYC,fYVwdNez,fYVwdNez,rH,rH
rH
rH
szpYC,fYVwdNez,fYVwdNez,rH,rH,rH
rH
rH
rH
fYVwdNez,fYVwdNez,rH,szpYC,rH,fYVwdNez,szpYC
rH
fYVwdNez,fYVwdNez,rH,szpYC,rH,fYVwdNez,szpYC
rH
rH
rH
fYVwdNez,fYVwdNez,rH,fYVwdNez,szpYC,fYVwdNez
Jedi Wagner, assuma o comando!