[vazia]
mvqTjlrr
mvqTjlrr
mvqTjlrr
mvqTjlrr
mvqTjlrr,Qu
mvqTjlrr,Qu
mvqTjlrr
mvqTjlrr,Qu,mvqTjlrr,Qu
mvqTjlrr,Qu
mvqTjlrr,Qu
Qu
mvqTjlrr
mvqTjlrr
mvqTjlrr
mvqTjlrr
mvqTjlrr,Qu
mvqTjlrr
mvqTjlrr,Qu
mvqTjlrr,Qu
Qu
Qu,mvqTjlrr,mvqTjlrr,Qu,Qu
Qu
Qu,mvqTjlrr,Qu
Qu,mvqTjlrr,Qu,mvqTjlrr
Qu
mvqTjlrr,Qu
mvqTjlrr
mvqTjlrr
mvqTjlrr
mvqTjlrr
mvqTjlrr
mvqTjlrr,Qu,mvqTjlrr,mvqTjlrr
mvqTjlrr,Qu
mvqTjlrr,Qu
mvqTjlrr,Qu
mvqTjlrr,Qu
mvqTjlrr,Qu
mvqTjlrr,Qu
mvqTjlrr,Qu
Qu
mvqTjlrr,Qu
Qu
Qu
Qu
Qu
Qu,Qu
Qu,Qu
Qu
Qu,Qu
Qu,Qu
Qu
Qu
Qu,Qu
Qu
Qu
Qu
[vazia]
mvqTjlrr,mvqTjlrr
mvqTjlrr
mvqTjlrr
mvqTjlrr
mvqTjlrr,mvqTjlrr
mvqTjlrr
mvqTjlrr,mvqTjlrr
mvqTjlrr
mvqTjlrr,mvqTjlrr
mvqTjlrr
mvqTjlrr
mvqTjlrr
mvqTjlrr
mvqTjlrr
mvqTjlrr
mvqTjlrr
mvqTjlrr
Jedi Wagner, assuma o comando!