[vazia]
[vazia]
Toque! Toque, Dijê!
[vazia]
[vazia]
[vazia]
xToYybttFc
xToYybttFc
xToYybttFc
xToYybttFc
xToYybttFc
xToYybttFc
xToYybttFc
cYPqAmOmC,xToYybttFc,cYPqAmOmC,cYPqAmOmC,xToYybttFc
cYPqAmOmC,xToYybttFc,cYPqAmOmC,cYPqAmOmC,xToYybttFc
xToYybttFc
cYPqAmOmC,xToYybttFc,cYPqAmOmC,cYPqAmOmC,xToYybttFc,xToYybttFc
xToYybttFc,cYPqAmOmC,cYPqAmOmC,xToYybttFc,xToYybttFc
xToYybttFc
xToYybttFc
xToYybttFc
cYPqAmOmC
cYPqAmOmC
cYPqAmOmC,xToYybttFc,xToYybttFc,cYPqAmOmC,cYPqAmOmC,xToYybttFc
xToYybttFc
xToYybttFc
xToYybttFc,xToYybttFc,cYPqAmOmC,cYPqAmOmC,xToYybttFc,xToYybttFc,cYPqAmOmC,xToYybttFc,xToYybttFc,xToYybttFc
xToYybttFc,xToYybttFc,cYPqAmOmC,cYPqAmOmC,xToYybttFc,xToYybttFc,cYPqAmOmC,xToYybttFc,xToYybttFc,xToYybttFc,xToYybttFc
xToYybttFc
cYPqAmOmC
xToYybttFc,cYPqAmOmC,cYPqAmOmC,cYPqAmOmC,xToYybttFc,xToYybttFc,xToYybttFc,xToYybttFc,xToYybttFc,xToYybttFc
xToYybttFc
xToYybttFc
xToYybttFc
xToYybttFc
cYPqAmOmC
cYPqAmOmC
xToYybttFc,cYPqAmOmC,xToYybttFc,xToYybttFc,cYPqAmOmC,cYPqAmOmC
xToYybttFc,xToYybttFc,cYPqAmOmC,cYPqAmOmC
xToYybttFc
cYPqAmOmC,xToYybttFc,xToYybttFc,xToYybttFc,cYPqAmOmC,cYPqAmOmC,xToYybttFc
cYPqAmOmC
cYPqAmOmC,xToYybttFc,xToYybttFc,cYPqAmOmC,cYPqAmOmC,cYPqAmOmC
cYPqAmOmC
xToYybttFc
xToYybttFc
cYPqAmOmC
cYPqAmOmC,xToYybttFc,xToYybttFc,cYPqAmOmC,cYPqAmOmC,xToYybttFc,cYPqAmOmC
xToYybttFc
xToYybttFc
xToYybttFc
cYPqAmOmC
cYPqAmOmC
cYPqAmOmC
xToYybttFc,cYPqAmOmC,xToYybttFc,cYPqAmOmC,cYPqAmOmC,cYPqAmOmC,xToYybttFc,xToYybttFc,cYPqAmOmC,xToYybttFc
xToYybttFc,cYPqAmOmC,xToYybttFc,cYPqAmOmC,cYPqAmOmC,cYPqAmOmC,xToYybttFc,xToYybttFc,cYPqAmOmC,xToYybttFc
cYPqAmOmC
cYPqAmOmC
xToYybttFc,cYPqAmOmC,xToYybttFc,cYPqAmOmC,cYPqAmOmC,cYPqAmOmC,xToYybttFc,xToYybttFc,cYPqAmOmC,xToYybttFc
xToYybttFc,cYPqAmOmC,cYPqAmOmC,cYPqAmOmC,cYPqAmOmC,xToYybttFc,xToYybttFc,cYPqAmOmC,xToYybttFc
cYPqAmOmC
cYPqAmOmC
xToYybttFc,cYPqAmOmC,cYPqAmOmC,cYPqAmOmC,cYPqAmOmC,xToYybttFc,xToYybttFc,cYPqAmOmC,xToYybttFc
xToYybttFc,cYPqAmOmC,cYPqAmOmC,cYPqAmOmC,cYPqAmOmC,xToYybttFc,xToYybttFc,cYPqAmOmC,xToYybttFc
cYPqAmOmC,cYPqAmOmC,cYPqAmOmC,cYPqAmOmC,xToYybttFc,xToYybttFc,cYPqAmOmC,xToYybttFc,cYPqAmOmC,cYPqAmOmC
cYPqAmOmC,cYPqAmOmC,cYPqAmOmC,cYPqAmOmC,xToYybttFc,xToYybttFc,cYPqAmOmC,xToYybttFc,cYPqAmOmC,cYPqAmOmC,xToYybttFc
cYPqAmOmC,cYPqAmOmC,cYPqAmOmC,cYPqAmOmC,xToYybttFc,xToYybttFc,cYPqAmOmC,xToYybttFc,cYPqAmOmC,cYPqAmOmC,xToYybttFc
cYPqAmOmC,cYPqAmOmC,cYPqAmOmC,cYPqAmOmC,cYPqAmOmC,xToYybttFc,cYPqAmOmC,cYPqAmOmC,xToYybttFc
cYPqAmOmC,cYPqAmOmC,cYPqAmOmC,cYPqAmOmC,cYPqAmOmC,xToYybttFc,cYPqAmOmC,cYPqAmOmC,xToYybttFc
cYPqAmOmC,cYPqAmOmC,cYPqAmOmC,cYPqAmOmC,cYPqAmOmC,xToYybttFc,cYPqAmOmC,cYPqAmOmC,xToYybttFc
cYPqAmOmC,cYPqAmOmC,xToYybttFc,cYPqAmOmC,cYPqAmOmC,cYPqAmOmC,cYPqAmOmC,cYPqAmOmC,xToYybttFc,xToYybttFc
cYPqAmOmC,cYPqAmOmC,xToYybttFc,cYPqAmOmC,cYPqAmOmC,cYPqAmOmC,cYPqAmOmC,cYPqAmOmC,xToYybttFc,xToYybttFc
cYPqAmOmC,cYPqAmOmC,xToYybttFc,cYPqAmOmC,cYPqAmOmC,cYPqAmOmC,cYPqAmOmC,cYPqAmOmC,xToYybttFc,xToYybttFc
cYPqAmOmC,cYPqAmOmC,xToYybttFc,cYPqAmOmC,cYPqAmOmC,cYPqAmOmC,cYPqAmOmC,cYPqAmOmC,xToYybttFc,xToYybttFc
xToYybttFc,cYPqAmOmC,cYPqAmOmC,cYPqAmOmC,cYPqAmOmC,cYPqAmOmC,xToYybttFc,xToYybttFc,cYPqAmOmC,cYPqAmOmC,xToYybttFc
xToYybttFc,cYPqAmOmC,cYPqAmOmC,cYPqAmOmC,cYPqAmOmC,cYPqAmOmC,xToYybttFc,xToYybttFc,cYPqAmOmC,cYPqAmOmC,xToYybttFc
cYPqAmOmC,cYPqAmOmC,cYPqAmOmC,cYPqAmOmC,cYPqAmOmC,xToYybttFc,xToYybttFc,cYPqAmOmC,cYPqAmOmC,xToYybttFc
cYPqAmOmC,cYPqAmOmC,cYPqAmOmC,cYPqAmOmC,xToYybttFc,xToYybttFc,cYPqAmOmC,cYPqAmOmC,xToYybttFc,cYPqAmOmC,xToYybttFc
cYPqAmOmC,xToYybttFc,cYPqAmOmC,cYPqAmOmC,cYPqAmOmC,xToYybttFc,cYPqAmOmC,cYPqAmOmC,xToYybttFc,cYPqAmOmC,xToYybttFc
cYPqAmOmC,xToYybttFc,cYPqAmOmC,cYPqAmOmC,cYPqAmOmC,xToYybttFc,cYPqAmOmC,cYPqAmOmC,xToYybttFc,cYPqAmOmC,xToYybttFc
xToYybttFc
cYPqAmOmC,cYPqAmOmC,cYPqAmOmC,cYPqAmOmC,xToYybttFc,cYPqAmOmC,cYPqAmOmC,xToYybttFc,cYPqAmOmC,xToYybttFc,cYPqAmOmC
xToYybttFc
xToYybttFc
xToYybttFc
xToYybttFc
cYPqAmOmC,xToYybttFc,cYPqAmOmC,cYPqAmOmC,cYPqAmOmC,xToYybttFc,cYPqAmOmC,cYPqAmOmC,xToYybttFc,cYPqAmOmC,xToYybttFc,xToYybttFc,xToYybttFc,cYPqAmOmC,cYPqAmOmC,cYPqAmOmC,cYPqAmOmC
xToYybttFc
cYPqAmOmC,xToYybttFc,cYPqAmOmC,cYPqAmOmC,cYPqAmOmC,xToYybttFc,cYPqAmOmC,cYPqAmOmC,xToYybttFc,cYPqAmOmC,xToYybttFc,xToYybttFc,xToYybttFc,cYPqAmOmC,cYPqAmOmC,cYPqAmOmC,cYPqAmOmC,xToYybttFc
cYPqAmOmC,xToYybttFc,cYPqAmOmC,cYPqAmOmC,cYPqAmOmC,xToYybttFc,cYPqAmOmC,cYPqAmOmC,xToYybttFc,cYPqAmOmC,xToYybttFc,xToYybttFc,xToYybttFc,cYPqAmOmC,cYPqAmOmC,cYPqAmOmC,cYPqAmOmC,xToYybttFc,cYPqAmOmC
xToYybttFc
cYPqAmOmC
cYPqAmOmC,cYPqAmOmC,cYPqAmOmC,cYPqAmOmC,xToYybttFc,xToYybttFc,cYPqAmOmC,cYPqAmOmC,xToYybttFc,cYPqAmOmC,xToYybttFc
cYPqAmOmC,cYPqAmOmC,cYPqAmOmC,cYPqAmOmC,cYPqAmOmC,cYPqAmOmC,xToYybttFc,cYPqAmOmC,xToYybttFc
cYPqAmOmC
cYPqAmOmC,cYPqAmOmC,cYPqAmOmC,cYPqAmOmC,cYPqAmOmC,cYPqAmOmC,xToYybttFc,cYPqAmOmC
cYPqAmOmC
cYPqAmOmC
cYPqAmOmC
cYPqAmOmC,cYPqAmOmC,cYPqAmOmC,cYPqAmOmC,cYPqAmOmC,cYPqAmOmC,cYPqAmOmC
cYPqAmOmC
cYPqAmOmC
cYPqAmOmC
cYPqAmOmC
cYPqAmOmC
cYPqAmOmC,cYPqAmOmC,xToYybttFc,cYPqAmOmC,cYPqAmOmC,cYPqAmOmC,cYPqAmOmC,xToYybttFc
cYPqAmOmC,cYPqAmOmC,xToYybttFc,cYPqAmOmC,cYPqAmOmC,cYPqAmOmC,cYPqAmOmC,xToYybttFc,cYPqAmOmC
cYPqAmOmC
xToYybttFc
cYPqAmOmC,xToYybttFc,cYPqAmOmC,cYPqAmOmC,cYPqAmOmC,cYPqAmOmC,cYPqAmOmC,xToYybttFc,cYPqAmOmC
xToYybttFc
xToYybttFc
xToYybttFc,cYPqAmOmC,cYPqAmOmC,cYPqAmOmC,cYPqAmOmC,cYPqAmOmC,cYPqAmOmC
xToYybttFc,cYPqAmOmC,cYPqAmOmC,cYPqAmOmC,cYPqAmOmC,cYPqAmOmC,cYPqAmOmC
xToYybttFc,cYPqAmOmC,cYPqAmOmC,cYPqAmOmC,cYPqAmOmC,cYPqAmOmC,cYPqAmOmC
xToYybttFc,cYPqAmOmC,cYPqAmOmC,cYPqAmOmC,cYPqAmOmC,cYPqAmOmC,cYPqAmOmC
xToYybttFc,cYPqAmOmC,cYPqAmOmC,cYPqAmOmC,cYPqAmOmC,cYPqAmOmC,cYPqAmOmC
cYPqAmOmC
cYPqAmOmC
cYPqAmOmC
xToYybttFc,cYPqAmOmC,cYPqAmOmC,cYPqAmOmC,cYPqAmOmC,cYPqAmOmC,cYPqAmOmC,cYPqAmOmC
xToYybttFc,cYPqAmOmC,cYPqAmOmC,cYPqAmOmC,cYPqAmOmC,cYPqAmOmC,cYPqAmOmC,cYPqAmOmC,xToYybttFc
xToYybttFc,cYPqAmOmC,cYPqAmOmC,cYPqAmOmC,cYPqAmOmC,cYPqAmOmC,cYPqAmOmC,xToYybttFc,cYPqAmOmC
xToYybttFc,cYPqAmOmC,cYPqAmOmC,cYPqAmOmC,cYPqAmOmC,cYPqAmOmC,cYPqAmOmC,xToYybttFc,cYPqAmOmC,cYPqAmOmC
cYPqAmOmC
xToYybttFc,cYPqAmOmC,cYPqAmOmC,cYPqAmOmC,cYPqAmOmC,cYPqAmOmC,cYPqAmOmC,xToYybttFc,cYPqAmOmC,cYPqAmOmC
xToYybttFc,cYPqAmOmC,cYPqAmOmC,cYPqAmOmC,cYPqAmOmC,cYPqAmOmC,cYPqAmOmC,xToYybttFc,cYPqAmOmC,cYPqAmOmC
cYPqAmOmC
cYPqAmOmC
cYPqAmOmC,cYPqAmOmC,cYPqAmOmC,cYPqAmOmC,cYPqAmOmC,cYPqAmOmC,cYPqAmOmC,cYPqAmOmC,xToYybttFc,cYPqAmOmC
cYPqAmOmC,cYPqAmOmC,cYPqAmOmC,cYPqAmOmC,cYPqAmOmC,cYPqAmOmC,cYPqAmOmC,cYPqAmOmC,xToYybttFc,cYPqAmOmC
cYPqAmOmC
cYPqAmOmC
cYPqAmOmC,cYPqAmOmC,cYPqAmOmC,cYPqAmOmC,cYPqAmOmC,cYPqAmOmC,xToYybttFc,cYPqAmOmC,cYPqAmOmC
cYPqAmOmC
cYPqAmOmC,cYPqAmOmC,cYPqAmOmC,cYPqAmOmC,cYPqAmOmC,cYPqAmOmC,cYPqAmOmC,cYPqAmOmC
cYPqAmOmC,cYPqAmOmC,cYPqAmOmC,cYPqAmOmC,cYPqAmOmC,cYPqAmOmC,xToYybttFc,cYPqAmOmC,cYPqAmOmC,xToYybttFc
cYPqAmOmC
cYPqAmOmC,cYPqAmOmC,cYPqAmOmC,cYPqAmOmC,xToYybttFc,cYPqAmOmC,cYPqAmOmC,xToYybttFc,xToYybttFc
cYPqAmOmC,cYPqAmOmC,cYPqAmOmC,cYPqAmOmC,xToYybttFc,cYPqAmOmC,cYPqAmOmC,xToYybttFc
cYPqAmOmC,cYPqAmOmC,cYPqAmOmC,cYPqAmOmC,cYPqAmOmC,xToYybttFc
cYPqAmOmC
xToYybttFc,cYPqAmOmC,cYPqAmOmC,cYPqAmOmC,cYPqAmOmC,cYPqAmOmC,cYPqAmOmC
cYPqAmOmC
cYPqAmOmC,cYPqAmOmC,cYPqAmOmC,cYPqAmOmC,cYPqAmOmC,cYPqAmOmC,xToYybttFc,cYPqAmOmC
Jedi Wagner, assuma o comando!