MhZGBMKi
[vazia]
NttTs,MhZGBMKi
ruwiAx,xenXLDz
xenXLDz
Toque! Toque, Dijê!
[vazia]
NttTs
Toque! Toque, Dijê!
Toque! Toque, Dijê!
Toque! Toque, Dijê!
[vazia]
Toque! Toque, Dijê!
[vazia]
rZPgxT
rZPgxT
rZPgxT
rZPgxT
rZPgxT
rZPgxT,NttTs
rZPgxT
rZPgxT
rZPgxT
rZPgxT
rZPgxT
rZPgxT
rZPgxT
rZPgxT
rZPgxT
rZPgxT
xenXLDz,rZPgxT
rZPgxT
rZPgxT
rZPgxT
rZPgxT,xenXLDz,DLLQFihKnk,rZPgxT
rZPgxT
DLLQFihKnk
DLLQFihKnk,xenXLDz,NttTs
NttTs
NttTs
NttTs
NttTs
DLLQFihKnk,o,NttTs,DLLQFihKnk,rZPgxT
o
DLLQFihKnk,o,NttTs,DLLQFihKnk,rZPgxT
DLLQFihKnk,o,NttTs,DLLQFihKnk,rZPgxT
o
DLLQFihKnk,ruwiAx,o,NttTs,DLLQFihKnk,rZPgxT,o
DLLQFihKnk,ruwiAx,o,NttTs,DLLQFihKnk,rZPgxT,o,NttTs
ruwiAx
ruwiAx
ruwiAx
DLLQFihKnk,o,NttTs,DLLQFihKnk,rZPgxT
DLLQFihKnk,o,NttTs,DLLQFihKnk,rZPgxT
DLLQFihKnk,NttTs,o,DLLQFihKnk,rZPgxT
o,DLLQFihKnk,NttTs,DLLQFihKnk,rZPgxT,MhZGBMKi
NttTs
NttTs
NttTs,DLLQFihKnk,DLLQFihKnk,rZPgxT,xenXLDz,rZPgxT,rZPgxT
NttTs,DLLQFihKnk,DLLQFihKnk,rZPgxT,xenXLDz,rZPgxT,rZPgxT
DLLQFihKnk,DLLQFihKnk,rZPgxT,xenXLDz,rZPgxT,rZPgxT,ea
DLLQFihKnk
DLLQFihKnk,DLLQFihKnk,rZPgxT,xenXLDz,rZPgxT,rZPgxT,ea
NttTs
o,DLLQFihKnk,NttTs,DLLQFihKnk,ruwiAx,rZPgxT
o,DLLQFihKnk,DLLQFihKnk,NttTs,ruwiAx,rZPgxT,xenXLDz
NttTs
NttTs
o,DLLQFihKnk,DLLQFihKnk,NttTs,rZPgxT,xenXLDz,xenXLDz
o,DLLQFihKnk,DLLQFihKnk,NttTs,rZPgxT,xenXLDz,xenXLDz
NttTs
o,DLLQFihKnk,DLLQFihKnk,rZPgxT,NttTs,xenXLDz
NttTs
o,DLLQFihKnk,DLLQFihKnk,NttTs,rZPgxT,xenXLDz,o,ruwiAx
DLLQFihKnk,rZPgxT,o,NttTs,o,ruwiAx
NttTs
DLLQFihKnk,DLLQFihKnk,NttTs,o,rZPgxT,xenXLDz,NttTs,NttTs,DLLQFihKnk,MhZGBMKi,ea
o,DLLQFihKnk,DLLQFihKnk,NttTs,rZPgxT,xenXLDz,DLLQFihKnk,xenXLDz
o,DLLQFihKnk,DLLQFihKnk,NttTs,rZPgxT,xenXLDz,ea,o
NttTs
DLLQFihKnk,DLLQFihKnk,xenXLDz,NttTs,rZPgxT,ea,o,ea,rZPgxT,MhZGBMKi
DLLQFihKnk,DLLQFihKnk,xenXLDz,NttTs,rZPgxT,ea,o,ea,rZPgxT
DLLQFihKnk,DLLQFihKnk,xenXLDz,NttTs,rZPgxT,ea,o,ea,rZPgxT
DLLQFihKnk,DLLQFihKnk,xenXLDz,NttTs,ea,o,ea,rZPgxT
NttTs
NttTs
NttTs
DLLQFihKnk,DLLQFihKnk,xenXLDz,NttTs,rZPgxT,ea,o,ea,rZPgxT
NttTs
NttTs
o
o
DLLQFihKnk,DLLQFihKnk,o,rZPgxT,ea,ea,rZPgxT,ea,ea
o
rZPgxT
rZPgxT
DLLQFihKnk,DLLQFihKnk,o,rZPgxT,ea,ea,rZPgxT,ea,ea,o
DLLQFihKnk,DLLQFihKnk,o,rZPgxT,ea,ea,rZPgxT,ea,ea,o
DLLQFihKnk,DLLQFihKnk,o,rZPgxT,ea,ea,rZPgxT,ea,ea,o
rZPgxT
DLLQFihKnk,DLLQFihKnk,o,rZPgxT,ea,ea,rZPgxT,ea,ea,o,xenXLDz
DLLQFihKnk,DLLQFihKnk,o,rZPgxT,ea,ea,rZPgxT,ea,ea,o,NttTs
rZPgxT
rZPgxT
DLLQFihKnk,DLLQFihKnk,o,rZPgxT,ea,ea,rZPgxT,ea,ea,o,NttTs,rZPgxT,o
rZPgxT
rZPgxT
DLLQFihKnk,DLLQFihKnk,o,ea,ea,rZPgxT,ea,ea,o,NttTs,ruwiAx
ea
DLLQFihKnk,DLLQFihKnk,o,rZPgxT,ea,ea,rZPgxT,ea,ea,o,NttTs,ruwiAx
rZPgxT
DLLQFihKnk,DLLQFihKnk,o,rZPgxT,ea,ea,rZPgxT,ea,ea,o,NttTs,ruwiAx
DLLQFihKnk,DLLQFihKnk,o,rZPgxT,ea,ea,rZPgxT,ea,ea,o,NttTs,ruwiAx
DLLQFihKnk,DLLQFihKnk,o,rZPgxT,ea,ea,rZPgxT,ea,ea,o
DLLQFihKnk,DLLQFihKnk,o,rZPgxT,ea,ea,rZPgxT,ea,ea,o
DLLQFihKnk,DLLQFihKnk,o,rZPgxT,ea,ea,rZPgxT,ea,ea,o
rZPgxT
DLLQFihKnk,DLLQFihKnk,o,rZPgxT,ea,ea,rZPgxT,ea,ea,o
ea
DLLQFihKnk,o,ea,ea,rZPgxT,ea,ea,o,o,xenXLDz
rZPgxT
rZPgxT
DLLQFihKnk,DLLQFihKnk,o,ea,ea,rZPgxT,ea,ea,o,rZPgxT,NttTs,ea
o,ea,DLLQFihKnk,ea,rZPgxT,ea,ea,o,rZPgxT,NttTs,ea,NttTs
o,ea,DLLQFihKnk,ea,rZPgxT,ea,ea,o,rZPgxT,NttTs,ea,NttTs
DLLQFihKnk
DLLQFihKnk,o,ea,DLLQFihKnk,ea,rZPgxT,ea,ea,o,rZPgxT,NttTs,ea,NttTs
DLLQFihKnk,o,ea,DLLQFihKnk,ea,rZPgxT,ea,ea,o,rZPgxT,NttTs,ea,NttTs
DLLQFihKnk
DLLQFihKnk
DLLQFihKnk,o,ea,DLLQFihKnk,ea,rZPgxT,ea,ea,o,rZPgxT,NttTs,ea,NttTs,DLLQFihKnk,ruwiAx
DLLQFihKnk
DLLQFihKnk
o
DLLQFihKnk,DLLQFihKnk,o,ea,ea,rZPgxT,ea,ea,o,rZPgxT,NttTs,ea,NttTs
ea
DLLQFihKnk,DLLQFihKnk,o,ea,ea,rZPgxT,ea,ea,o,rZPgxT,NttTs,ea,NttTs,ruwiAx
ea
DLLQFihKnk,DLLQFihKnk,o,ea,ea,rZPgxT,ea,ea,o,rZPgxT,NttTs,ea,NttTs
DLLQFihKnk,DLLQFihKnk,o,ea,rZPgxT,ea,ea,o,rZPgxT,NttTs,ea,NttTs
ea
ea
ea
ea
ea
ea
DLLQFihKnk,o,ea,ea,ea,ea,o,rZPgxT,ea,NttTs,o,ea,MhZGBMKi,xenXLDz
DLLQFihKnk,o,ea,ea,ea,ea,o,rZPgxT,ea,NttTs,o,ea,MhZGBMKi,xenXLDz
DLLQFihKnk,o,ea,ea,ea,ea,o,rZPgxT,ea,NttTs,o,ea,MhZGBMKi,xenXLDz
DLLQFihKnk,o,ea,xenXLDz,ea,ea,o,rZPgxT,ea,NttTs,o,ea,MhZGBMKi,o
ea
DLLQFihKnk,o,ea,NttTs,ea,ea,ea,o,ea,o,ea,MhZGBMKi,xenXLDz,o,NttTs
DLLQFihKnk,o,ea,NttTs,ea,ea,ea,o,ea,o,ea,MhZGBMKi,xenXLDz,o,NttTs
DLLQFihKnk,o,ea,ea,ea,ea,o,rZPgxT,ea,NttTs,o,ea,MhZGBMKi,xenXLDz,o
ea
NttTs
NttTs
NttTs
ea
o,ea,NttTs,ea,ea,o,rZPgxT,ea,o,ea,MhZGBMKi,o,ea
o,ea,NttTs,ea,ea,o,rZPgxT,ea,o,ea,MhZGBMKi,o,ea
o,ea,NttTs,ea,ea,o,rZPgxT,ea,o,ea,MhZGBMKi,o,ea
o,ea,ea,ea,o,ea,o,ea,MhZGBMKi,o,ea,MhZGBMKi
ea
o,ea,ea,ea,o,ea,o,ea,MhZGBMKi,o,ea
ea
o,ea,ea,ea,o,ea,o,ea,MhZGBMKi,o,ea
o,ea,ea,ea,o,ea,o,ea,MhZGBMKi,o,ea
ea
ea
ea
ea
Jedi Wagner, assuma o comando!