Ale
Ale
Ale
Ale
Ale
Ale,ZRUzaPD
Ale
YoPVtistP
Zx
Toque! Toque, Dijê!
[vazia]
[vazia]
[vazia]
[vazia]
Toque! Toque, Dijê!
slEuMoqh
slEuMoqh
slEuMoqh,Ale
slEuMoqh
slEuMoqh
slEuMoqh
slEuMoqh
[vazia]
[vazia]
pLHXoXZh
pLHXoXZh
Toque! Toque, Dijê!
[vazia]
[vazia]
Toque! Toque, Dijê!
Zx,Zx
Zx
Zx,slEuMoqh,Zx
Zx,slEuMoqh,Zx
Zx,slEuMoqh,Zx,nHZQyyyA
Zx,slEuMoqh,Zx,nHZQyyyA
Zx
Zx
Zx,pLHXoXZh,slEuMoqh,Zx,ZRUzaPD
Zx
Zx
Zx
Zx
Zx
Zx,slEuMoqh,Zx
Zx
Zx
Zx,slEuMoqh,Zx
Zx,slEuMoqh,Zx
Zx
Zx,slEuMoqh,Zx,nHZQyyyA,YoPVtistP
Zx,slEuMoqh,Zx
Zx
Zx,slEuMoqh,Zx
Zx
Zx,Zx
Zx,Zx
Zx,Zx,nHZQyyyA
Zx,Zx,nHZQyyyA,Ale
Zx,Zx,Ale
Ale
Ale
Ale,Zx,Zx,nHZQyyyA
Ale
Zx
Zx
Zx
Zx,slEuMoqh,Zx,nHZQyyyA
Zx,slEuMoqh,Zx,nHZQyyyA
slEuMoqh
slEuMoqh,Zx,nHZQyyyA,Ale
Zx
Zx
slEuMoqh,Zx,nHZQyyyA,Ale
Zx
nHZQyyyA,Zx,slEuMoqh,Ale
Zx
Zx
Zx
Zx
slEuMoqh
Zx,Ale,YoPVtistP,nsocOJs
Zx,Ale,YoPVtistP,nsocOJs
nsocOJs
YoPVtistP,nsocOJs
YoPVtistP,nsocOJs,cebMVLnq
nsocOJs
nsocOJs
nsocOJs
nsocOJs
YoPVtistP,nsocOJs,cebMVLnq,YoPVtistP,Ale,Ale
nsocOJs,YoPVtistP,cebMVLnq,YoPVtistP,Ale,Ale,nsocOJs,slEuMoqh
YoPVtistP
YoPVtistP,cebMVLnq,YoPVtistP,Ale,Ale,nsocOJs,slEuMoqh
YoPVtistP,cebMVLnq,YoPVtistP,Ale,Ale,nsocOJs,slEuMoqh
cebMVLnq
cebMVLnq
cebMVLnq
YoPVtistP,cebMVLnq,YoPVtistP,Ale,Ale,nsocOJs,slEuMoqh,nsocOJs
cebMVLnq
YoPVtistP,cebMVLnq,YoPVtistP,Ale,Ale,nsocOJs,slEuMoqh,nsocOJs
cebMVLnq
Ale
YoPVtistP,cebMVLnq,YoPVtistP,Ale,Ale,nsocOJs,Ale
YoPVtistP,cebMVLnq,YoPVtistP,Ale,Ale,nsocOJs,slEuMoqh,Ale
YoPVtistP,cebMVLnq,YoPVtistP,Ale,Ale,nsocOJs,slEuMoqh,cebMVLnq
Ale
Ale
YoPVtistP,cebMVLnq,YoPVtistP,Ale,Ale,nsocOJs,slEuMoqh,cebMVLnq
YoPVtistP,cebMVLnq,YoPVtistP,Ale,Ale,slEuMoqh,cebMVLnq
YoPVtistP,cebMVLnq,YoPVtistP,Ale,Ale,nsocOJs,slEuMoqh,Ale
YoPVtistP,cebMVLnq,YoPVtistP,Ale,Ale,nsocOJs,slEuMoqh,Ale,ZRUzaPD
YoPVtistP,cebMVLnq,YoPVtistP,Ale,slEuMoqh,Ale,nsocOJs,ZRUzaPD
nsocOJs
nsocOJs
YoPVtistP
cebMVLnq,Ale,slEuMoqh,Ale,ZRUzaPD,YoPVtistP,nsocOJs,YoPVtistP
cebMVLnq,Ale,slEuMoqh,Ale,ZRUzaPD,YoPVtistP,nsocOJs,YoPVtistP,cebMVLnq,nHZQyyyA
cebMVLnq
Ale
Ale
Ale
Ale
cebMVLnq,ZRUzaPD,Ale,slEuMoqh,Ale,YoPVtistP,YoPVtistP,cebMVLnq,cebMVLnq,ZRUzaPD,YoPVtistP
Ale
Ale
Ale
Ale
Ale
cebMVLnq,Ale,slEuMoqh,Ale,YoPVtistP,YoPVtistP,cebMVLnq,cebMVLnq,ZRUzaPD,YoPVtistP,cebMVLnq,YoPVtistP,Zx
cebMVLnq,Ale,ZRUzaPD,slEuMoqh,Ale,YoPVtistP,cebMVLnq,cebMVLnq,ZRUzaPD
ZRUzaPD
ZRUzaPD
ZRUzaPD
cebMVLnq,Ale,ZRUzaPD,slEuMoqh,Ale,YoPVtistP,YoPVtistP,cebMVLnq,cebMVLnq,ZRUzaPD
ZRUzaPD
cebMVLnq,Ale,ZRUzaPD,slEuMoqh,Ale,YoPVtistP,YoPVtistP,cebMVLnq,cebMVLnq,ZRUzaPD,cebMVLnq
Ale,ZRUzaPD,cebMVLnq,slEuMoqh,Ale,YoPVtistP,YoPVtistP,cebMVLnq,cebMVLnq,ZRUzaPD
cebMVLnq
Ale,ZRUzaPD,slEuMoqh,Ale,YoPVtistP,cebMVLnq,cebMVLnq,ZRUzaPD
Ale,ZRUzaPD,slEuMoqh,Ale,YoPVtistP,cebMVLnq,cebMVLnq,ZRUzaPD
ZRUzaPD
ZRUzaPD
cebMVLnq
Ale,ZRUzaPD,cebMVLnq,slEuMoqh,Ale,YoPVtistP,YoPVtistP,cebMVLnq,cebMVLnq,ZRUzaPD,nHZQyyyA,cebMVLnq
cebMVLnq,Ale,ZRUzaPD,slEuMoqh,Ale,YoPVtistP,YoPVtistP,cebMVLnq,cebMVLnq,ZRUzaPD
cebMVLnq,Ale,ZRUzaPD,slEuMoqh,Ale,YoPVtistP,YoPVtistP,cebMVLnq,cebMVLnq,ZRUzaPD,nHZQyyyA
cebMVLnq,Ale,ZRUzaPD,slEuMoqh,Ale,YoPVtistP,YoPVtistP,cebMVLnq,cebMVLnq,ZRUzaPD
ZRUzaPD
YoPVtistP
cebMVLnq,Ale,ZRUzaPD,slEuMoqh,Ale,YoPVtistP,YoPVtistP,cebMVLnq,cebMVLnq,ZRUzaPD,cebMVLnq,Ale,pLHXoXZh,nsocOJs
YoPVtistP
cebMVLnq,Ale,YoPVtistP,ZRUzaPD,slEuMoqh,Ale,YoPVtistP,cebMVLnq,cebMVLnq,ZRUzaPD,cebMVLnq,Ale,pLHXoXZh,nsocOJs,Ale
cebMVLnq,YoPVtistP,Ale,ZRUzaPD,slEuMoqh,Ale,YoPVtistP,cebMVLnq,cebMVLnq,ZRUzaPD,cebMVLnq,Ale,pLHXoXZh,nsocOJs,Ale
cebMVLnq,YoPVtistP,ZRUzaPD,Ale,slEuMoqh,Ale,YoPVtistP,cebMVLnq,cebMVLnq,cebMVLnq,Ale,pLHXoXZh,nsocOJs,Ale,nHZQyyyA
slEuMoqh
cebMVLnq,ZRUzaPD,Ale,slEuMoqh,Ale,YoPVtistP,cebMVLnq,cebMVLnq,cebMVLnq,Ale,pLHXoXZh,nsocOJs,Ale,nHZQyyyA,Zx,ZRUzaPD
ZRUzaPD
ZRUzaPD
ZRUzaPD
Ale
slEuMoqh
cebMVLnq,YoPVtistP,slEuMoqh,pLHXoXZh,Ale,Ale,YoPVtistP,cebMVLnq,cebMVLnq,cebMVLnq,Ale,nsocOJs,Ale,nHZQyyyA,cebMVLnq
Ale
cebMVLnq,slEuMoqh,pLHXoXZh,Ale,YoPVtistP,cebMVLnq,cebMVLnq,cebMVLnq,Ale,nsocOJs,Ale,nHZQyyyA,cebMVLnq,Zx
Ale
Ale
Ale
cebMVLnq,YoPVtistP,slEuMoqh,pLHXoXZh,Ale,Ale,YoPVtistP,cebMVLnq,cebMVLnq,cebMVLnq,Ale,nsocOJs,Ale,nHZQyyyA,cebMVLnq
cebMVLnq,YoPVtistP,slEuMoqh,Ale,Ale,YoPVtistP,cebMVLnq,cebMVLnq,cebMVLnq,Ale,nsocOJs,Ale,nHZQyyyA,cebMVLnq
Ale
cebMVLnq,slEuMoqh,Ale,YoPVtistP,cebMVLnq,cebMVLnq,cebMVLnq,Ale,Ale,cebMVLnq,nHZQyyyA
cebMVLnq,slEuMoqh,Ale,YoPVtistP,cebMVLnq,cebMVLnq,cebMVLnq,Ale,Ale,cebMVLnq,Ale
Ale
cebMVLnq,slEuMoqh,Ale,YoPVtistP,cebMVLnq,cebMVLnq,cebMVLnq,Ale,Ale,cebMVLnq
Ale
cebMVLnq,slEuMoqh,Ale,cebMVLnq,cebMVLnq,cebMVLnq,Ale,Ale,cebMVLnq
Ale
Ale
cebMVLnq,YoPVtistP,slEuMoqh,pLHXoXZh,Ale,Ale,YoPVtistP,cebMVLnq,cebMVLnq,cebMVLnq,Ale,nsocOJs,Ale,nHZQyyyA,cebMVLnq
Ale
cebMVLnq,YoPVtistP,slEuMoqh,pLHXoXZh,Ale,Ale,YoPVtistP,cebMVLnq,cebMVLnq,cebMVLnq,Ale,nsocOJs,Ale,nHZQyyyA,cebMVLnq
slEuMoqh
pLHXoXZh,Ale,slEuMoqh,Ale,YoPVtistP,cebMVLnq,cebMVLnq,cebMVLnq,Ale,nsocOJs,Ale,nHZQyyyA,cebMVLnq
Ale,slEuMoqh,pLHXoXZh,Ale,YoPVtistP,cebMVLnq,cebMVLnq,cebMVLnq,Ale,nsocOJs,Ale,nHZQyyyA,cebMVLnq
slEuMoqh
slEuMoqh
YoPVtistP
slEuMoqh
Ale
Ale
pLHXoXZh
pLHXoXZh
Ale,slEuMoqh,Ale,YoPVtistP,pLHXoXZh,cebMVLnq,cebMVLnq,cebMVLnq,Ale,nsocOJs,Ale,cebMVLnq,Ale
Ale,slEuMoqh,Ale,YoPVtistP,pLHXoXZh,cebMVLnq,cebMVLnq,cebMVLnq,Ale,Ale,cebMVLnq,Ale,nHZQyyyA,ZRUzaPD
cebMVLnq
Ale,Ale,YoPVtistP,pLHXoXZh,cebMVLnq,slEuMoqh,cebMVLnq,cebMVLnq,Ale,Ale,cebMVLnq,Ale,ZRUzaPD,YoPVtistP
Ale,Ale,YoPVtistP,pLHXoXZh,cebMVLnq,slEuMoqh,cebMVLnq,cebMVLnq,Ale,Ale,cebMVLnq,Ale,ZRUzaPD,YoPVtistP
Jedi Wagner, assuma o comando!