Toque! Toque, Dijê!
[vazia]
Toque! Toque, Dijê!
YFhtq
YFhtq
YFhtq,YFhtq
YFhtq
YFhtq,YFhtq
YFhtq,YFhtq
YFhtq,YFhtq
YFhtq,YFhtq
YFhtq,YFhtq,sLUy
YFhtq
YFhtq
YFhtq
YFhtq
YFhtq,YFhtq,YFhtq
YFhtq,YFhtq,YFhtq,YFhtq
YFhtq
YFhtq
YFhtq
YFhtq
YFhtq
YFhtq
[vazia]
sLUy
sLUy
sLUy
sLUy
sLUy
sLUy
sLUy
sLUy
sLUy
sLUy
sLUy,YFhtq
sLUy,YFhtq
YFhtq
sLUy,YFhtq
sLUy
sLUy
sLUy
sLUy
sLUy
sLUy,YFhtq,YFhtq
sLUy,YFhtq
YFhtq,sLUy
YFhtq
YFhtq,sLUy
sLUy,YFhtq
sLUy
sLUy
sLUy
sLUy
sLUy,YFhtq,sLUy
YFhtq
YFhtq
YFhtq,sLUy,YFhtq
sLUy,YFhtq
YFhtq
sLUy,YFhtq,sLUy,YFhtq
sLUy,YFhtq,sLUy,YFhtq
sLUy,YFhtq,sLUy,YFhtq
YFhtq
YFhtq,sLUy,YFhtq,sLUy,sLUy,sLUy
sLUy
sLUy
YFhtq,sLUy,sLUy,sLUy,sLUy
sLUy
YFhtq,sLUy,sLUy,sLUy,sLUy
sLUy,sLUy,sLUy,sLUy
sLUy
sLUy
sLUy
YFhtq,YFhtq,sLUy,sLUy
sLUy
sLUy,YFhtq
sLUy,YFhtq
sLUy,YFhtq
sLUy,YFhtq,sLUy
sLUy,YFhtq,sLUy
sLUy,YFhtq,sLUy,YFhtq
sLUy
sLUy
sLUy
sLUy,sLUy,YFhtq
sLUy
sLUy
sLUy,YFhtq
YFhtq,sLUy
YFhtq,sLUy
YFhtq
YFhtq
YFhtq
YFhtq
YFhtq
YFhtq
YFhtq
YFhtq
YFhtq
YFhtq
sLUy
sLUy
sLUy,sLUy,sLUy,sLUy
sLUy,sLUy,sLUy
sLUy
sLUy
YFhtq
YFhtq
YFhtq
YFhtq
YFhtq
YFhtq
YFhtq,YFhtq
YFhtq
YFhtq
YFhtq
YFhtq
YFhtq,YFhtq,YFhtq,sLUy,YFhtq
YFhtq,sLUy,sLUy
YFhtq
YFhtq
YFhtq
YFhtq
Toque! Toque, Dijê!
Toque! Toque, Dijê!
YFhtq
YFhtq,YFhtq
YFhtq,YFhtq,sLUy
YFhtq
YFhtq
YFhtq,YFhtq
YFhtq,YFhtq
YFhtq,YFhtq
YFhtq
YFhtq
YFhtq
YFhtq
YFhtq
YFhtq
YFhtq
YFhtq,YFhtq
YFhtq
YFhtq,YFhtq,sLUy
YFhtq
YFhtq,YFhtq,sLUy,sLUy
YFhtq,YFhtq,sLUy,sLUy
YFhtq
YFhtq
YFhtq
YFhtq,YFhtq
YFhtq,YFhtq,sLUy
YFhtq
YFhtq,YFhtq,sLUy
YFhtq,YFhtq,sLUy,sLUy
YFhtq,YFhtq,sLUy,sLUy
YFhtq
YFhtq
YFhtq
YFhtq,sLUy,YFhtq,sLUy,sLUy,sLUy,sLUy,YFhtq,YFhtq,YFhtq,sLUy
YFhtq,sLUy,YFhtq,sLUy,sLUy,sLUy,sLUy,YFhtq
YFhtq
YFhtq,sLUy,sLUy,sLUy,YFhtq,sLUy
YFhtq
YFhtq,sLUy,YFhtq,sLUy,sLUy,sLUy,sLUy
sLUy
YFhtq,sLUy,YFhtq,sLUy,sLUy,sLUy,sLUy
YFhtq,sLUy,YFhtq,sLUy,sLUy,sLUy,sLUy
YFhtq,sLUy,YFhtq,sLUy,sLUy,sLUy,sLUy
sLUy
sLUy,sLUy,sLUy,sLUy,sLUy,YFhtq
sLUy,sLUy,sLUy,sLUy,sLUy,YFhtq
sLUy
sLUy
sLUy,sLUy,sLUy,sLUy,sLUy,YFhtq
sLUy
sLUy,sLUy,sLUy,sLUy,sLUy
sLUy
sLUy
sLUy,sLUy,sLUy,sLUy,sLUy,sLUy
sLUy,sLUy,sLUy,sLUy,sLUy,sLUy,YFhtq
sLUy
sLUy,sLUy,sLUy,sLUy,sLUy
sLUy
Jedi Wagner, assuma o comando!