[vazia]
Toque! Toque, Dijê!
KXsSfdZTSU,KXsSfdZTSU
KXsSfdZTSU,KXsSfdZTSU
KXsSfdZTSU,KXsSfdZTSU,r,r
KXsSfdZTSU
KXsSfdZTSU,KXsSfdZTSU,r
KXsSfdZTSU,r,r
KXsSfdZTSU
KXsSfdZTSU
KXsSfdZTSU,r
KXsSfdZTSU
r
r,r
r,r
r,r
r
r,r,CraQmR
r,r,CraQmR,CraQmR,r
r,r,CraQmR,CraQmR
r
r
r,r
r,r
r
r,r,CraQmR
r,r
r
Toque! Toque, Dijê!
[vazia]
r
r
r,KXsSfdZTSU,KXsSfdZTSU
r
r
r
r
r,r
r
r
r,r,CraQmR
r,r,CraQmR
r
r,r
r
r,r
CraQmR,r,r
CraQmR,r,r
CraQmR,r,r
CraQmR,r,r
r
r
r,r,r
r
r
r,r,r,CraQmR
r,r
CraQmR,r,r,r
r
r
CraQmR,r,r,r,CraQmR
CraQmR,r,r,r,CraQmR
CraQmR
CraQmR
r,r,CraQmR,CraQmR,r,KXsSfdZTSU,CraQmR,KXsSfdZTSU,CraQmR
CraQmR
CraQmR
CraQmR
CraQmR
r,r,r,CraQmR,KXsSfdZTSU
CraQmR
r,r,CraQmR,r,CraQmR,r
r,r,r,CraQmR,CraQmR,r,KXsSfdZTSU
r,r,CraQmR,r,CraQmR,r,KXsSfdZTSU
r,r,CraQmR,r,CraQmR,r,KXsSfdZTSU
r
r
r,r,r,CraQmR,CraQmR,r,KXsSfdZTSU,r,CraQmR,KXsSfdZTSU
r,r,r,CraQmR,CraQmR,r,KXsSfdZTSU,r,CraQmR,KXsSfdZTSU
r
r,r,CraQmR,r,CraQmR
r
r,r,CraQmR,r,CraQmR
KXsSfdZTSU
r,r,CraQmR,KXsSfdZTSU,r,CraQmR,r
r
r,r,CraQmR,r,CraQmR,r,KXsSfdZTSU,r
r,CraQmR,r,CraQmR,r,r,r
CraQmR
r,r,CraQmR,r,CraQmR,KXsSfdZTSU,r,r
CraQmR
r,r,CraQmR,r,CraQmR,r,KXsSfdZTSU,r,r
r,r,r,CraQmR,r,CraQmR,KXsSfdZTSU,r,r,CraQmR,r,KXsSfdZTSU
r,r,r,CraQmR,r,CraQmR,KXsSfdZTSU,r,r,CraQmR,r,KXsSfdZTSU
r,r,r,CraQmR,r,CraQmR,KXsSfdZTSU,r,r,CraQmR,r,KXsSfdZTSU,KXsSfdZTSU
r
r,r,r,CraQmR,KXsSfdZTSU,r,r,CraQmR,r,KXsSfdZTSU,KXsSfdZTSU,r
r
r,r,r,KXsSfdZTSU,r,r,CraQmR,r,KXsSfdZTSU,KXsSfdZTSU,r
r
r
r
r,r,r,KXsSfdZTSU,r,r,r,KXsSfdZTSU,KXsSfdZTSU,r,r
r
r
r
KXsSfdZTSU
KXsSfdZTSU,r,r,KXsSfdZTSU,KXsSfdZTSU,r,r,r,r
KXsSfdZTSU
r,r,KXsSfdZTSU,KXsSfdZTSU,r,r,r,r
r
r,r,CraQmR,r,r,r,r,KXsSfdZTSU,KXsSfdZTSU,r
r,r,CraQmR,KXsSfdZTSU,r,r,r,r,KXsSfdZTSU,r
r,r,CraQmR,r,KXsSfdZTSU,r,r,r,KXsSfdZTSU,KXsSfdZTSU,r,CraQmR
r
KXsSfdZTSU
KXsSfdZTSU
CraQmR,KXsSfdZTSU,r,r,r,KXsSfdZTSU,r,CraQmR,CraQmR,CraQmR,CraQmR,r,CraQmR
CraQmR,KXsSfdZTSU,r,r,r,KXsSfdZTSU,r,CraQmR,CraQmR,CraQmR,CraQmR,r,CraQmR
CraQmR,KXsSfdZTSU,r,r,r,KXsSfdZTSU,r,CraQmR,CraQmR,CraQmR,CraQmR,r,CraQmR
CraQmR,KXsSfdZTSU,r,r,r,KXsSfdZTSU,r,CraQmR,CraQmR,CraQmR,CraQmR,r,CraQmR
CraQmR,KXsSfdZTSU,r,r,r,KXsSfdZTSU,r,CraQmR,CraQmR,CraQmR,CraQmR,r,CraQmR
CraQmR,KXsSfdZTSU,r,r,r,KXsSfdZTSU,r,CraQmR,CraQmR,CraQmR,CraQmR,r,CraQmR
CraQmR,r,r,r,r,CraQmR,CraQmR,CraQmR,CraQmR,r,CraQmR,KXsSfdZTSU
r
CraQmR,r,r,r,r,CraQmR,CraQmR,CraQmR,CraQmR,r,CraQmR,KXsSfdZTSU
CraQmR,r,r,r,r,CraQmR,CraQmR,CraQmR,CraQmR,r,CraQmR,KXsSfdZTSU
CraQmR,KXsSfdZTSU,r,r,r,KXsSfdZTSU,r,CraQmR,CraQmR,CraQmR,CraQmR,r,CraQmR
CraQmR,KXsSfdZTSU,r,r,r,KXsSfdZTSU,r,CraQmR,CraQmR,CraQmR,CraQmR,r,CraQmR
r
CraQmR,KXsSfdZTSU,r,r,r,KXsSfdZTSU,r,CraQmR,CraQmR,CraQmR,CraQmR,r,CraQmR,CraQmR
CraQmR,KXsSfdZTSU,r,r,r,KXsSfdZTSU,r,CraQmR,CraQmR,CraQmR,CraQmR,r,CraQmR,CraQmR
r
r
KXsSfdZTSU,r,r,r,KXsSfdZTSU,r,CraQmR,CraQmR,CraQmR,CraQmR,r,CraQmR
CraQmR,KXsSfdZTSU,r,r,KXsSfdZTSU,r,CraQmR,CraQmR,CraQmR,CraQmR,r,CraQmR
CraQmR,KXsSfdZTSU,r,r,KXsSfdZTSU,r,CraQmR,CraQmR,CraQmR,CraQmR,r,CraQmR
CraQmR,r,KXsSfdZTSU,r,r,CraQmR,CraQmR,CraQmR,CraQmR,r,CraQmR
CraQmR,r,KXsSfdZTSU,r,r,CraQmR,CraQmR,CraQmR,CraQmR,r,CraQmR
r
r
CraQmR,KXsSfdZTSU,r,KXsSfdZTSU,r,r,CraQmR,CraQmR,CraQmR,CraQmR,r,CraQmR
r
KXsSfdZTSU,r,KXsSfdZTSU,r,r,CraQmR,CraQmR,CraQmR,CraQmR,CraQmR,r,CraQmR
KXsSfdZTSU,r,KXsSfdZTSU,r,r,CraQmR,CraQmR,CraQmR,CraQmR,CraQmR,r,CraQmR
CraQmR,r,KXsSfdZTSU,r,r,CraQmR,KXsSfdZTSU,CraQmR,CraQmR,CraQmR,r,CraQmR,KXsSfdZTSU
KXsSfdZTSU,r,r,CraQmR,CraQmR,KXsSfdZTSU,CraQmR,CraQmR,CraQmR,r,CraQmR,KXsSfdZTSU,r,CraQmR,CraQmR,KXsSfdZTSU
KXsSfdZTSU
KXsSfdZTSU
KXsSfdZTSU
CraQmR
r,r,KXsSfdZTSU,CraQmR,CraQmR,KXsSfdZTSU,CraQmR,CraQmR,CraQmR,r,CraQmR,KXsSfdZTSU,r,CraQmR,CraQmR,KXsSfdZTSU,CraQmR
r,r,KXsSfdZTSU,CraQmR,CraQmR,KXsSfdZTSU,CraQmR,CraQmR,CraQmR,r,CraQmR,KXsSfdZTSU,r,CraQmR,CraQmR,KXsSfdZTSU,CraQmR
r,r,KXsSfdZTSU,CraQmR,CraQmR,KXsSfdZTSU,CraQmR,CraQmR,CraQmR,r,CraQmR,KXsSfdZTSU,r,CraQmR,CraQmR,KXsSfdZTSU,CraQmR
CraQmR
r,r,KXsSfdZTSU,CraQmR,CraQmR,KXsSfdZTSU,CraQmR,CraQmR,CraQmR,r,CraQmR,KXsSfdZTSU,r,CraQmR,CraQmR,KXsSfdZTSU,CraQmR,CraQmR
r,r,KXsSfdZTSU,CraQmR,CraQmR,KXsSfdZTSU,CraQmR,CraQmR,CraQmR,r,CraQmR,KXsSfdZTSU,r,CraQmR,CraQmR,KXsSfdZTSU,CraQmR,CraQmR
r,r,KXsSfdZTSU,CraQmR,KXsSfdZTSU,CraQmR,CraQmR,CraQmR,r,CraQmR,KXsSfdZTSU,r,CraQmR,CraQmR,KXsSfdZTSU,CraQmR,CraQmR,CraQmR,CraQmR,KXsSfdZTSU
r,r,KXsSfdZTSU,CraQmR,KXsSfdZTSU,CraQmR,CraQmR,CraQmR,r,CraQmR,KXsSfdZTSU,r,CraQmR,CraQmR,KXsSfdZTSU,CraQmR,CraQmR,CraQmR,CraQmR,KXsSfdZTSU
r,r,KXsSfdZTSU,CraQmR,KXsSfdZTSU,CraQmR,CraQmR,CraQmR,r,CraQmR,KXsSfdZTSU,r,CraQmR,CraQmR,KXsSfdZTSU,CraQmR,CraQmR,CraQmR,CraQmR,KXsSfdZTSU
KXsSfdZTSU,CraQmR,r,KXsSfdZTSU,CraQmR,CraQmR,CraQmR,r,CraQmR,KXsSfdZTSU,r,CraQmR,CraQmR,KXsSfdZTSU,CraQmR,CraQmR,CraQmR,CraQmR,KXsSfdZTSU,CraQmR
r
CraQmR
r,CraQmR,KXsSfdZTSU,KXsSfdZTSU,CraQmR,CraQmR,CraQmR,r,CraQmR,KXsSfdZTSU,r,CraQmR,CraQmR,KXsSfdZTSU,CraQmR,CraQmR,CraQmR,CraQmR,KXsSfdZTSU,CraQmR
r
CraQmR,r,KXsSfdZTSU,CraQmR,CraQmR,CraQmR,r,CraQmR,KXsSfdZTSU,r,CraQmR,CraQmR,KXsSfdZTSU,CraQmR,CraQmR,CraQmR,CraQmR,KXsSfdZTSU,CraQmR,r
r
r
CraQmR
CraQmR
r,CraQmR,CraQmR,r,CraQmR,KXsSfdZTSU,r,CraQmR,CraQmR,KXsSfdZTSU,CraQmR,CraQmR,CraQmR,CraQmR,KXsSfdZTSU,CraQmR,r
CraQmR
r,CraQmR,CraQmR,r,CraQmR,KXsSfdZTSU,r,CraQmR,CraQmR,KXsSfdZTSU,CraQmR,CraQmR,CraQmR,CraQmR,KXsSfdZTSU,CraQmR,r,r
r,CraQmR,r,CraQmR,KXsSfdZTSU,r,CraQmR,CraQmR,KXsSfdZTSU,CraQmR,CraQmR,CraQmR,CraQmR,KXsSfdZTSU,CraQmR,r,CraQmR
r,CraQmR,KXsSfdZTSU,r,CraQmR,r,CraQmR,CraQmR,KXsSfdZTSU,CraQmR,CraQmR,CraQmR,CraQmR,KXsSfdZTSU,CraQmR,r,CraQmR
KXsSfdZTSU
r,CraQmR,KXsSfdZTSU,r,CraQmR,r,CraQmR,CraQmR,KXsSfdZTSU,CraQmR,CraQmR,CraQmR,CraQmR,KXsSfdZTSU,CraQmR,r,CraQmR
r,CraQmR,KXsSfdZTSU,r,CraQmR,r,CraQmR,CraQmR,KXsSfdZTSU,CraQmR,CraQmR,CraQmR,CraQmR,KXsSfdZTSU,CraQmR,r,CraQmR
CraQmR,r,CraQmR,r,r,CraQmR,CraQmR,KXsSfdZTSU,CraQmR,CraQmR,CraQmR,CraQmR,KXsSfdZTSU,CraQmR,r,CraQmR,KXsSfdZTSU
CraQmR
CraQmR
Jedi Wagner, assuma o comando!