Toque! Toque, Dijê!
Toque! Toque, Dijê!
Toque! Toque, Dijê!
Toque! Toque, Dijê!
Toque! Toque, Dijê!
[vazia]
ltms
ltms
ltms
ltms
ltms
ltms,JdS,o
o
ltms
o
ltms,JdS
ltms
ltms
ltms,JdS,ltms
ltms,JdS,ltms
ltms,JdS,ltms
JdS
JdS
ltms,JdS,ltms
JdS
ltms,JdS,ltms
ltms,JdS,ltms
ltms,JdS,ltms
ltms,JdS,ltms
ltms,JdS,ltms
ltms,JdS,ltms,duMIs
ltms
ltms
ltms
ltms,JdS,ltms
ltms
ltms
ltms,JdS,ltms
ltms
ltms
ltms
JdS
ltms
ltms,JdS,ltms,duMIs
ltms,JdS,ltms,duMIs,JdS
JdS,ltms,ltms,duMIs,JdS
ltms
ltms
ltms
ltms
ltms,JdS,ltms,duMIs,JdS,duMIs
JdS
JdS
ltms,duMIs,JdS,ltms,JdS,JdS,o,VS
JdS
ltms,ltms,djtB,JdS,JdS,JdS,o,o
ltms,ltms,djtB,JdS,JdS,JdS,o,o
djtB
djtB
ltms,ltms,djtB,JdS,JdS,JdS,o,o
ltms,djtB,JdS,o,JdS,JdS
ltms,ltms,djtB,JdS,o,JdS,JdS
ltms,ltms,djtB,JdS,o,JdS,JdS
o
ltms,ltms,djtB,JdS,o,JdS,JdS
ltms,ltms,djtB,JdS,o,JdS,JdS
o
ltms,ltms,djtB,JdS,o,JdS,JdS
ltms,ltms,djtB,JdS,o,JdS,JdS
o
ltms
ltms,djtB,JdS,o,ltms,JdS,JdS,duMIs
ltms
ltms
ltms,djtB,JdS,o,ltms,JdS,JdS,duMIs
ltms,djtB,JdS,o,ltms,JdS,JdS,duMIs,duMIs,duMIs
ltms,djtB,JdS,o,ltms,JdS,JdS,duMIs,duMIs,duMIs
ltms
JdS,JdS,ltms,ltms,o,JdS,duMIs,duMIs,duMIs,o
JdS,JdS,ltms,ltms,o,JdS,duMIs,duMIs,duMIs,o
JdS
JdS
ltms,djtB,JdS,o,ltms,JdS,JdS,duMIs,duMIs,duMIs
ltms,djtB,JdS,o,ltms,JdS,JdS,duMIs,duMIs,duMIs
ltms,djtB,JdS,o,ltms,JdS,JdS,duMIs,duMIs,duMIs
JdS
ltms,JdS,o,ltms,JdS,djtB,JdS,duMIs,duMIs,duMIs,duMIs
duMIs
ltms,JdS,o,ltms,JdS,JdS,duMIs,duMIs,duMIs,duMIs,hshVyvh,zbpcchwbwu
duMIs
ltms,JdS,o,ltms,JdS,djtB,JdS,duMIs,duMIs,duMIs,duMIs,hshVyvh,zbpcchwbwu
duMIs
duMIs
ltms
djtB
djtB
duMIs
duMIs
ltms,JdS,o,ltms,JdS,JdS,duMIs,duMIs,duMIs,djtB,duMIs,hshVyvh,Ijmnmxnwu,zbpcchwbwu
duMIs
ltms,JdS,o,ltms,JdS,JdS,duMIs,duMIs,duMIs,djtB,duMIs,hshVyvh,Ijmnmxnwu,zbpcchwbwu,VS,ltms
zbpcchwbwu
ltms,JdS,o,ltms,JdS,JdS,duMIs,duMIs,duMIs,djtB,zbpcchwbwu,duMIs,hshVyvh,Ijmnmxnwu,VS,ltms,ltms,duMIs
hshVyvh
hshVyvh
ltms,JdS,o,ltms,JdS,JdS,duMIs,duMIs,duMIs,djtB,duMIs,hshVyvh,Ijmnmxnwu,zbpcchwbwu,hshVyvh
hshVyvh
ltms,JdS,o,ltms,JdS,JdS,duMIs,duMIs,duMIs,djtB,duMIs,hshVyvh,Ijmnmxnwu,zbpcchwbwu,hshVyvh
ltms,o,ltms,JdS,duMIs,duMIs,duMIs,djtB,duMIs,hshVyvh,Ijmnmxnwu,hshVyvh,ltms
hshVyvh
ltms,JdS,o,ltms,JdS,JdS,duMIs,duMIs,duMIs,djtB,duMIs,hshVyvh,Ijmnmxnwu,zbpcchwbwu,hshVyvh,ltms
ltms,JdS,o,ltms,JdS,JdS,duMIs,duMIs,duMIs,djtB,duMIs,hshVyvh,Ijmnmxnwu,hshVyvh,ltms
ltms,JdS,o,ltms,JdS,JdS,duMIs,duMIs,duMIs,djtB,duMIs,hshVyvh,Ijmnmxnwu,hshVyvh,ltms
zbpcchwbwu
zbpcchwbwu
ltms,JdS,o,ltms,JdS,JdS,duMIs,duMIs,duMIs,djtB,duMIs,hshVyvh,Ijmnmxnwu,hshVyvh,ltms,zbpcchwbwu
ltms,o,ltms,JdS,JdS,duMIs,duMIs,duMIs,djtB,duMIs,hshVyvh,Ijmnmxnwu,hshVyvh,ltms,zbpcchwbwu
ltms,o,ltms,JdS,JdS,duMIs,duMIs,duMIs,djtB,duMIs,hshVyvh,Ijmnmxnwu,hshVyvh,ltms,zbpcchwbwu,hshVyvh,VS
zbpcchwbwu
zbpcchwbwu
JdS,o,ltms,JdS,JdS,duMIs,duMIs,duMIs,djtB,duMIs,hshVyvh,Ijmnmxnwu,hshVyvh,ltms,zbpcchwbwu
ltms
ltms,o,JdS,ltms,JdS,JdS,duMIs,duMIs,duMIs,djtB,duMIs,hshVyvh,Ijmnmxnwu,hshVyvh,ltms,zbpcchwbwu
o
Ijmnmxnwu
o
o
ltms,Ijmnmxnwu,o,JdS,ltms,JdS,JdS,duMIs,duMIs,djtB,duMIs,hshVyvh,hshVyvh,ltms,zbpcchwbwu
ltms,Ijmnmxnwu,o,JdS,ltms,JdS,JdS,duMIs,duMIs,djtB,duMIs,hshVyvh,hshVyvh,ltms,zbpcchwbwu
ltms,Ijmnmxnwu,djtB,zbpcchwbwu,o,JdS,ltms,JdS,JdS,duMIs,duMIs,duMIs,hshVyvh,hshVyvh,ltms,zbpcchwbwu,o
djtB
djtB
ltms,Ijmnmxnwu,djtB,zbpcchwbwu,o,JdS,ltms,JdS,JdS,duMIs,duMIs,duMIs,hshVyvh,hshVyvh,ltms,zbpcchwbwu,o,Ijmnmxnwu,duMIs,VS
ltms,Ijmnmxnwu,djtB,zbpcchwbwu,o,JdS,ltms,JdS,JdS,duMIs,duMIs,duMIs,hshVyvh,hshVyvh,ltms,zbpcchwbwu,o,Ijmnmxnwu,duMIs,VS
djtB
djtB
o
Ijmnmxnwu,djtB,ltms,o,VS,hshVyvh,zbpcchwbwu,JdS,ltms,JdS,JdS,duMIs,duMIs,hshVyvh,ltms,zbpcchwbwu,o,Ijmnmxnwu,duMIs,VS
JdS
Ijmnmxnwu,djtB,ltms,JdS,o,VS,hshVyvh,zbpcchwbwu,ltms,JdS,JdS,duMIs,duMIs,hshVyvh,ltms,zbpcchwbwu,o,Ijmnmxnwu,duMIs,VS
Ijmnmxnwu
Ijmnmxnwu
JdS
JdS
Ijmnmxnwu,djtB,zbpcchwbwu,ltms,o,JdS,ltms,JdS,JdS,duMIs,duMIs,hshVyvh,hshVyvh,ltms,zbpcchwbwu,o,Ijmnmxnwu,duMIs,VS,VS,djtB
o
Ijmnmxnwu
Ijmnmxnwu
djtB,zbpcchwbwu,ltms,Ijmnmxnwu,o,JdS,ltms,JdS,JdS,duMIs,duMIs,hshVyvh,hshVyvh,ltms,zbpcchwbwu,o,Ijmnmxnwu,duMIs,VS,VS,djtB,duMIs,duMIs
djtB,zbpcchwbwu,ltms,Ijmnmxnwu,o,JdS,ltms,JdS,JdS,duMIs,duMIs,hshVyvh,hshVyvh,ltms,zbpcchwbwu,o,Ijmnmxnwu,duMIs,VS,VS,djtB,duMIs,duMIs,djtB
djtB,zbpcchwbwu,ltms,Ijmnmxnwu,o,JdS,ltms,JdS,JdS,duMIs,duMIs,hshVyvh,hshVyvh,ltms,zbpcchwbwu,o,Ijmnmxnwu,duMIs,VS,VS,djtB,duMIs,duMIs,djtB
djtB,zbpcchwbwu,ltms,VS,o,ltms,JdS,JdS,duMIs,duMIs,hshVyvh,hshVyvh,ltms,zbpcchwbwu,o,Ijmnmxnwu,duMIs,VS,djtB,duMIs,duMIs,djtB,VS
Ijmnmxnwu,djtB,zbpcchwbwu,ltms,JdS,o,ltms,JdS,JdS,duMIs,duMIs,hshVyvh,hshVyvh,ltms,zbpcchwbwu,o,Ijmnmxnwu,duMIs,VS,VS
ltms
ltms
Ijmnmxnwu,zbpcchwbwu,ltms,JdS,o,VS,ltms,JdS,JdS,duMIs,duMIs,hshVyvh,hshVyvh,ltms,zbpcchwbwu,o,Ijmnmxnwu,duMIs
Ijmnmxnwu,zbpcchwbwu,ltms,JdS,o,VS,ltms,JdS,JdS,duMIs,duMIs,hshVyvh,hshVyvh,ltms,zbpcchwbwu,o,Ijmnmxnwu,duMIs
ltms
Ijmnmxnwu,zbpcchwbwu,ltms,JdS,o,VS,ltms,JdS,JdS,duMIs,duMIs,hshVyvh,hshVyvh,ltms,zbpcchwbwu,o,Ijmnmxnwu,duMIs
Ijmnmxnwu,zbpcchwbwu,ltms,JdS,o,VS,ltms,JdS,JdS,duMIs,duMIs,hshVyvh,hshVyvh,ltms,zbpcchwbwu,o,Ijmnmxnwu,duMIs
Ijmnmxnwu,zbpcchwbwu,ltms,JdS,o,VS,ltms,JdS,JdS,duMIs,duMIs,hshVyvh,hshVyvh,ltms,zbpcchwbwu,o,Ijmnmxnwu,duMIs
ltms
Ijmnmxnwu
Ijmnmxnwu
Ijmnmxnwu
zbpcchwbwu,VS,djtB,o,JdS,ltms,Ijmnmxnwu,ltms,JdS,JdS,duMIs,duMIs,hshVyvh,hshVyvh,ltms,zbpcchwbwu,o,Ijmnmxnwu,duMIs,VS
VS,djtB,o,JdS,ltms,Ijmnmxnwu,ltms,JdS,JdS,duMIs,duMIs,hshVyvh,hshVyvh,ltms,zbpcchwbwu,o,Ijmnmxnwu,duMIs,VS
VS,djtB,o,JdS,ltms,duMIs,Ijmnmxnwu,ltms,JdS,JdS,duMIs,hshVyvh,hshVyvh,ltms,zbpcchwbwu,o,Ijmnmxnwu,duMIs,VS,ltms,VS,JdS,o
Ijmnmxnwu
zbpcchwbwu,VS,djtB,o,JdS,ltms,Ijmnmxnwu,ltms,JdS,JdS,duMIs,duMIs,hshVyvh,hshVyvh,ltms,zbpcchwbwu,o,Ijmnmxnwu,duMIs,VS
Ijmnmxnwu
Ijmnmxnwu
zbpcchwbwu,VS,djtB,o,JdS,ltms,Ijmnmxnwu,ltms,JdS,JdS,duMIs,duMIs,hshVyvh,hshVyvh,ltms,zbpcchwbwu,o,Ijmnmxnwu,duMIs,VS,Ijmnmxnwu
duMIs
zbpcchwbwu,VS,djtB,o,JdS,ltms,Ijmnmxnwu,duMIs,ltms,JdS,JdS,duMIs,hshVyvh,hshVyvh,ltms,zbpcchwbwu,o,Ijmnmxnwu,duMIs,VS,Ijmnmxnwu
zbpcchwbwu,VS,djtB,o,JdS,ltms,Ijmnmxnwu,duMIs,ltms,JdS,JdS,duMIs,hshVyvh,hshVyvh,ltms,zbpcchwbwu,o,Ijmnmxnwu,duMIs,VS,Ijmnmxnwu
duMIs
duMIs
ltms
ltms
zbpcchwbwu,VS,djtB,o,Ijmnmxnwu,ltms,JdS,JdS,duMIs,hshVyvh,hshVyvh,ltms,zbpcchwbwu,o,Ijmnmxnwu,duMIs,VS,VS
zbpcchwbwu,VS,djtB,o,Ijmnmxnwu,ltms,JdS,JdS,duMIs,hshVyvh,hshVyvh,ltms,zbpcchwbwu,o,Ijmnmxnwu,duMIs,VS,VS
zbpcchwbwu,VS,djtB,o,Ijmnmxnwu,ltms,JdS,JdS,duMIs,hshVyvh,hshVyvh,ltms,zbpcchwbwu,o,Ijmnmxnwu,duMIs,VS,VS
zbpcchwbwu,VS,djtB,o,Ijmnmxnwu,ltms,JdS,JdS,duMIs,hshVyvh,hshVyvh,ltms,zbpcchwbwu,o,Ijmnmxnwu,duMIs,VS,VS
ltms
zbpcchwbwu,VS,djtB,o,JdS,ltms,Ijmnmxnwu,ltms,JdS,JdS,duMIs,duMIs,hshVyvh,hshVyvh,ltms,zbpcchwbwu,o,Ijmnmxnwu,duMIs,VS
JdS
zbpcchwbwu,VS,djtB,o,JdS,ltms,Ijmnmxnwu,ltms,JdS,JdS,duMIs,duMIs,hshVyvh,hshVyvh,ltms,zbpcchwbwu,o,Ijmnmxnwu,duMIs,VS
JdS
JdS
JdS
zbpcchwbwu,VS,djtB,o,JdS,ltms,Ijmnmxnwu,ltms,JdS,JdS,duMIs,hshVyvh,hshVyvh,ltms,zbpcchwbwu,o,Ijmnmxnwu,duMIs,VS,JdS,zbpcchwbwu
zbpcchwbwu,VS,djtB,o,JdS,ltms,Ijmnmxnwu,ltms,JdS,JdS,duMIs,hshVyvh,hshVyvh,ltms,zbpcchwbwu,o,Ijmnmxnwu,duMIs,VS,JdS,zbpcchwbwu
zbpcchwbwu,VS,djtB,o,JdS,ltms,Ijmnmxnwu,ltms,JdS,JdS,duMIs,hshVyvh,hshVyvh,ltms,zbpcchwbwu,o,Ijmnmxnwu,duMIs,VS,JdS,zbpcchwbwu
JdS
zbpcchwbwu,VS,djtB,o,JdS,ltms,Ijmnmxnwu,ltms,JdS,JdS,duMIs,duMIs,hshVyvh,hshVyvh,ltms,zbpcchwbwu,o,Ijmnmxnwu,duMIs,VS,hshVyvh
zbpcchwbwu,VS,djtB,o,JdS,ltms,JdS,ltms,Ijmnmxnwu,JdS,duMIs,duMIs,hshVyvh,hshVyvh,ltms,zbpcchwbwu,o,Ijmnmxnwu,duMIs,VS,hshVyvh
zbpcchwbwu,djtB,o,JdS,ltms,JdS,ltms,Ijmnmxnwu,JdS,duMIs,duMIs,hshVyvh,ltms,zbpcchwbwu,o,Ijmnmxnwu,duMIs,VS,hshVyvh
zbpcchwbwu,VS,djtB,o,JdS,ltms,Ijmnmxnwu,ltms,JdS,JdS,duMIs,duMIs,hshVyvh,hshVyvh,ltms,zbpcchwbwu,o,Ijmnmxnwu,duMIs,VS
JdS
JdS
JdS
JdS
JdS
JdS
VS,djtB,o,JdS,ltms,Ijmnmxnwu,ltms,JdS,zbpcchwbwu,JdS,duMIs,duMIs,hshVyvh,hshVyvh,ltms,zbpcchwbwu,o,Ijmnmxnwu,duMIs,VS
VS,JdS,ltms,Ijmnmxnwu,ltms,JdS,zbpcchwbwu,JdS,o,djtB,duMIs,duMIs,hshVyvh,ltms,zbpcchwbwu,o,Ijmnmxnwu,duMIs,VS,o
VS,JdS,ltms,Ijmnmxnwu,ltms,JdS,zbpcchwbwu,JdS,o,djtB,duMIs,duMIs,hshVyvh,ltms,zbpcchwbwu,o,Ijmnmxnwu,duMIs,VS,o
djtB
VS,JdS,Ijmnmxnwu,ltms,JdS,zbpcchwbwu,JdS,o,djtB,duMIs,duMIs,hshVyvh,ltms,zbpcchwbwu,o,Ijmnmxnwu,duMIs,VS,o
djtB
JdS,ltms,Ijmnmxnwu,ltms,JdS,zbpcchwbwu,JdS,o,djtB,VS,duMIs,duMIs,hshVyvh,ltms,zbpcchwbwu,o,Ijmnmxnwu,duMIs,VS
JdS,ltms,Ijmnmxnwu,ltms,JdS,zbpcchwbwu,JdS,o,djtB,VS,duMIs,duMIs,hshVyvh,ltms,zbpcchwbwu,o,Ijmnmxnwu,duMIs,VS
JdS,ltms,Ijmnmxnwu,ltms,JdS,zbpcchwbwu,JdS,o,djtB,VS,duMIs,duMIs,hshVyvh,ltms,zbpcchwbwu,o,Ijmnmxnwu,duMIs,VS
JdS,ltms,Ijmnmxnwu,ltms,JdS,zbpcchwbwu,JdS,o,djtB,VS,duMIs,duMIs,hshVyvh,ltms,zbpcchwbwu,o,Ijmnmxnwu,duMIs,VS
JdS,ltms,Ijmnmxnwu,ltms,JdS,zbpcchwbwu,JdS,o,djtB,VS,duMIs,duMIs,hshVyvh,ltms,zbpcchwbwu,o,Ijmnmxnwu,duMIs,VS
duMIs
JdS,ltms,Ijmnmxnwu,ltms,JdS,zbpcchwbwu,JdS,o,VS,duMIs,duMIs,hshVyvh,ltms,zbpcchwbwu,o,Ijmnmxnwu,duMIs,VS,JdS
duMIs
JdS,ltms,Ijmnmxnwu,ltms,JdS,zbpcchwbwu,JdS,o,VS,duMIs,duMIs,hshVyvh,ltms,zbpcchwbwu,o,Ijmnmxnwu,duMIs,VS,JdS
Jedi Wagner, assuma o comando!