Toque! Toque, Dijê!
eVLHkZUln
[vazia]
[vazia]
Toque! Toque, Dijê!
[vazia]
Toque! Toque, Dijê!
[vazia]
Toque! Toque, Dijê!
Toque! Toque, Dijê!
eVLHkZUln
eVLHkZUln
[vazia]
[vazia]
[vazia]
Toque! Toque, Dijê!
jZtL
Toque! Toque, Dijê!
[vazia]
[vazia]
Toque! Toque, Dijê!
Toque! Toque, Dijê!
Toque! Toque, Dijê!
[vazia]
Toque! Toque, Dijê!
VYXYE
[vazia]
[vazia]
jZtL
[vazia]
Toque! Toque, Dijê!
Toque! Toque, Dijê!
wrfIJvVJ
wrfIJvVJ
wrfIJvVJ
wrfIJvVJ
wrfIJvVJ
[vazia]
[vazia]
[vazia]
VYXYE
VYXYE
VYXYE
VYXYE
VYXYE
VYXYE
VYXYE
VYXYE
VYXYE
VYXYE
VYXYE,wrfIJvVJ,VYXYE,TLRZKPZzPi,eVLHkZUln
VYXYE
VYXYE,wrfIJvVJ,VYXYE,TLRZKPZzPi
wrfIJvVJ
VYXYE,wrfIJvVJ,VYXYE,TLRZKPZzPi
VYXYE,VYXYE,wrfIJvVJ,TLRZKPZzPi
VYXYE,VYXYE,wrfIJvVJ,TLRZKPZzPi
TLRZKPZzPi
TLRZKPZzPi
TLRZKPZzPi
VYXYE,VYXYE,wrfIJvVJ,TLRZKPZzPi
VYXYE
VYXYE,VYXYE,wrfIJvVJ,VYXYE
VYXYE
VYXYE,wrfIJvVJ,VYXYE,ZCz,ZCz
VYXYE
VYXYE
wrfIJvVJ,VYXYE,VYXYE,TLRZKPZzPi
VYXYE,wrfIJvVJ,VYXYE,TLRZKPZzPi,p
VYXYE
VYXYE
VYXYE
VYXYE
VYXYE
VYXYE,VYXYE,wrfIJvVJ,TLRZKPZzPi
VYXYE,VYXYE,wrfIJvVJ,TLRZKPZzPi
VYXYE,VYXYE,wrfIJvVJ,TLRZKPZzPi
TLRZKPZzPi,VYXYE,VYXYE,wrfIJvVJ
TLRZKPZzPi,VYXYE,VYXYE,wrfIJvVJ,ZCz
TLRZKPZzPi
VYXYE
VYXYE,TLRZKPZzPi,VYXYE
TLRZKPZzPi
TLRZKPZzPi
VYXYE
VYXYE
TLRZKPZzPi,VYXYE,ZCz,eVLHkZUln
TLRZKPZzPi,ZCz,VYXYE,eVLHkZUln
TLRZKPZzPi,VYXYE,ZCz,eVLHkZUln,uf
TLRZKPZzPi
VYXYE
VYXYE
VYXYE
TLRZKPZzPi,VYXYE,ZCz,eVLHkZUln,uf,XJWplcjbd,jZtL
TLRZKPZzPi,VYXYE,ZCz,eVLHkZUln,uf,XJWplcjbd,jZtL
TLRZKPZzPi,VYXYE,ZCz,eVLHkZUln,uf,XJWplcjbd,jZtL
TLRZKPZzPi,VYXYE,eVLHkZUln,ZCz,uf,XJWplcjbd,jZtL,eVLHkZUln
VYXYE,TLRZKPZzPi,ZCz,uf,XJWplcjbd,jZtL,eVLHkZUln
TLRZKPZzPi
TLRZKPZzPi
TLRZKPZzPi
TLRZKPZzPi
TLRZKPZzPi
VYXYE,TLRZKPZzPi,ZCz,uf,XJWplcjbd,jZtL,VYXYE,p,wrfIJvVJ
VYXYE,TLRZKPZzPi,ZCz,uf,XJWplcjbd,jZtL,VYXYE,p,wrfIJvVJ
VYXYE,TLRZKPZzPi,ZCz,uf,XJWplcjbd,jZtL,VYXYE,p
VYXYE,TLRZKPZzPi,ZCz,uf,XJWplcjbd,jZtL,VYXYE,p,VYXYE
TLRZKPZzPi
VYXYE,TLRZKPZzPi,ZCz,uf,XJWplcjbd,jZtL,VYXYE,p,wrfIJvVJ
VYXYE,TLRZKPZzPi,ZCz,uf,XJWplcjbd,jZtL,VYXYE,p,wrfIJvVJ
XJWplcjbd
VYXYE,TLRZKPZzPi,uf,XJWplcjbd,jZtL,VYXYE,p,wrfIJvVJ
XJWplcjbd
XJWplcjbd
uf
VYXYE,ZCz,jZtL,XJWplcjbd,uf,VYXYE,p,wrfIJvVJ,VYXYE
uf
p
p
VYXYE
ZCz,uf,p,VYXYE,VYXYE,wrfIJvVJ,VYXYE,p,wrfIJvVJ,ZCz,VYXYE,eVLHkZUln
ZCz,uf,p,VYXYE,VYXYE,wrfIJvVJ,VYXYE,p,wrfIJvVJ,ZCz,VYXYE,eVLHkZUln
VYXYE
VYXYE
ZCz,uf,p,VYXYE,wrfIJvVJ,VYXYE,p,wrfIJvVJ,ZCz,VYXYE,eVLHkZUln
VYXYE
ZCz,uf,p,VYXYE,VYXYE,wrfIJvVJ,p,wrfIJvVJ,ZCz,VYXYE,eVLHkZUln,jZtL
ZCz
ZCz
ZCz
ZCz,uf,p,VYXYE,VYXYE,wrfIJvVJ,VYXYE,p,wrfIJvVJ,ZCz,VYXYE,eVLHkZUln
ZCz,uf,VYXYE,VYXYE,wrfIJvVJ,VYXYE,p,wrfIJvVJ,ZCz,VYXYE,eVLHkZUln
ZCz,uf,VYXYE,VYXYE,wrfIJvVJ,VYXYE,p,wrfIJvVJ,ZCz,VYXYE,eVLHkZUln
ZCz,uf,VYXYE,VYXYE,wrfIJvVJ,VYXYE,p,wrfIJvVJ,ZCz,VYXYE,eVLHkZUln
ZCz,p,VYXYE,VYXYE,wrfIJvVJ,VYXYE,p,wrfIJvVJ,ZCz,VYXYE,eVLHkZUln,jZtL
ZCz,p,VYXYE,VYXYE,wrfIJvVJ,VYXYE,p,wrfIJvVJ,ZCz,VYXYE,eVLHkZUln,jZtL
p
p
ZCz,p,VYXYE,VYXYE,p,VYXYE,jZtL,wrfIJvVJ,ZCz,VYXYE,eVLHkZUln,p,VYXYE
jZtL
ZCz,p,VYXYE,VYXYE,p,VYXYE,jZtL,wrfIJvVJ,ZCz,VYXYE,p,VYXYE
p,VYXYE,VYXYE,p,VYXYE,jZtL,ZCz,VYXYE,p,VYXYE,XJWplcjbd
ZCz,p,VYXYE,VYXYE,p,VYXYE,jZtL,wrfIJvVJ,ZCz,VYXYE,p,VYXYE
wrfIJvVJ
VYXYE,VYXYE,p,VYXYE,wrfIJvVJ,jZtL,ZCz,ZCz,VYXYE,p,VYXYE,jZtL
ZCz,p,VYXYE,VYXYE,p,VYXYE,jZtL,wrfIJvVJ,ZCz,VYXYE,p,VYXYE
ZCz,p,VYXYE,VYXYE,p,VYXYE,jZtL,wrfIJvVJ,ZCz,VYXYE,p,VYXYE
wrfIJvVJ
Jedi Wagner, assuma o comando!