[vazia]
wu,jG
wu,jG
wu,jG,dBWnTlCaK
wu,jG,dBWnTlCaK
dBWnTlCaK
jG
jG,dBWnTlCaK,dBWnTlCaK,jG
dBWnTlCaK
jG
dBWnTlCaK
wu,dBWnTlCaK,jG,jG,dBWnTlCaK
dBWnTlCaK
wu,jG,dBWnTlCaK,jG,dBWnTlCaK,wu
jG
jG,dBWnTlCaK,wu,jG,dBWnTlCaK,wu,dBWnTlCaK
jG,dBWnTlCaK,wu,jG,dBWnTlCaK,wu,dBWnTlCaK
wu
wu
wu
jG
wu,jG,dBWnTlCaK
wu,dBWnTlCaK,jG
dBWnTlCaK
dBWnTlCaK
jG
wu,jG,dBWnTlCaK,HCGXGQIcT
wu,jG,dBWnTlCaK,HCGXGQIcT
wu,jG,dBWnTlCaK,HCGXGQIcT
wu,jG,dBWnTlCaK,HCGXGQIcT
HCGXGQIcT
wu,HCGXGQIcT,dBWnTlCaK,jG
dBWnTlCaK
wu,HCGXGQIcT,dBWnTlCaK,jG
wu,dBWnTlCaK,jG,HCGXGQIcT
wu,dBWnTlCaK,HCGXGQIcT,jG,wu
wu,dBWnTlCaK,HCGXGQIcT,jG,wu
HCGXGQIcT
HCGXGQIcT
dBWnTlCaK
HCGXGQIcT,dBWnTlCaK,jG,wu
HCGXGQIcT,dBWnTlCaK,jG,wu
HCGXGQIcT,dBWnTlCaK,jG,wu
HCGXGQIcT,dBWnTlCaK,jG,wu
jG
wu,dBWnTlCaK,jG,HCGXGQIcT,wu
jG
wu,dBWnTlCaK
wu,dBWnTlCaK,dBWnTlCaK,wu
dBWnTlCaK
dBWnTlCaK,dBWnTlCaK
dBWnTlCaK
dBWnTlCaK,dBWnTlCaK
dBWnTlCaK
dBWnTlCaK
dBWnTlCaK
dBWnTlCaK,dBWnTlCaK
dBWnTlCaK
dBWnTlCaK,dBWnTlCaK,HCGXGQIcT
wu
jG,wu,HCGXGQIcT,HCGXGQIcT,jG
wu,jG,HCGXGQIcT,HCGXGQIcT,jG
jG,HCGXGQIcT,HCGXGQIcT,jG
jG,HCGXGQIcT,jG
HCGXGQIcT,jG
HCGXGQIcT
HCGXGQIcT
jG,HCGXGQIcT,HCGXGQIcT,jG,wu,HCGXGQIcT
HCGXGQIcT
HCGXGQIcT,HCGXGQIcT,jG,wu,HCGXGQIcT
jG
HCGXGQIcT,HCGXGQIcT,jG,jG,wu,HCGXGQIcT
jG
HCGXGQIcT,HCGXGQIcT,jG,jG,wu,HCGXGQIcT,dBWnTlCaK
HCGXGQIcT,jG,HCGXGQIcT,wu,HCGXGQIcT,dBWnTlCaK
jG,HCGXGQIcT,HCGXGQIcT,jG,wu,HCGXGQIcT
jG,HCGXGQIcT,HCGXGQIcT,jG,wu,HCGXGQIcT
jG,HCGXGQIcT,HCGXGQIcT,jG,wu,HCGXGQIcT
jG
HCGXGQIcT,HCGXGQIcT,jG,wu,jG,HCGXGQIcT,HCGXGQIcT
HCGXGQIcT,HCGXGQIcT,jG,wu,jG,HCGXGQIcT
HCGXGQIcT,HCGXGQIcT,jG,wu,jG,HCGXGQIcT,HCGXGQIcT
jG
jG
jG
HCGXGQIcT,HCGXGQIcT,jG,dBWnTlCaK,wu,jG,HCGXGQIcT,wu
jG
wu
wu
wu
wu
jG
jG
jG,jG,HCGXGQIcT,wu
jG
jG
jG
jG
jG
jG,HCGXGQIcT
HCGXGQIcT
HCGXGQIcT
HCGXGQIcT
HCGXGQIcT
HCGXGQIcT,jG,wu,HCGXGQIcT
jG
HCGXGQIcT,jG,wu,HCGXGQIcT
jG
HCGXGQIcT,jG,wu,HCGXGQIcT,dBWnTlCaK,wu
HCGXGQIcT,jG,wu,HCGXGQIcT,dBWnTlCaK,wu
HCGXGQIcT,jG,wu,HCGXGQIcT,dBWnTlCaK,wu
jG
wu
HCGXGQIcT,jG,wu,HCGXGQIcT,dBWnTlCaK,wu
wu
wu
wu
HCGXGQIcT,jG,wu,HCGXGQIcT,dBWnTlCaK,wu,HCGXGQIcT
wu
wu
HCGXGQIcT
HCGXGQIcT
HCGXGQIcT
HCGXGQIcT
wu,HCGXGQIcT,wu,HCGXGQIcT,jG
wu,HCGXGQIcT,wu,HCGXGQIcT,jG
wu
wu
HCGXGQIcT,wu,HCGXGQIcT,jG,HCGXGQIcT,jG
wu
wu,HCGXGQIcT,wu,HCGXGQIcT,jG
wu,HCGXGQIcT,wu,HCGXGQIcT,jG
HCGXGQIcT
HCGXGQIcT
HCGXGQIcT
HCGXGQIcT
HCGXGQIcT
HCGXGQIcT
wu,HCGXGQIcT,HCGXGQIcT,jG,jG,wu,wu
wu
wu
HCGXGQIcT,wu,HCGXGQIcT,jG,jG,wu
wu
wu
jG
HCGXGQIcT,jG,wu,HCGXGQIcT,wu,jG
HCGXGQIcT,wu,HCGXGQIcT,jG,wu,jG
HCGXGQIcT,wu,HCGXGQIcT,jG,wu,jG
HCGXGQIcT,wu,HCGXGQIcT,jG,wu,jG
HCGXGQIcT,wu,HCGXGQIcT,jG,wu,jG
HCGXGQIcT,wu,jG,HCGXGQIcT,wu,jG,jG
wu
jG
HCGXGQIcT,wu,HCGXGQIcT,wu,jG,jG,dBWnTlCaK
HCGXGQIcT,wu,HCGXGQIcT,wu,jG,jG,dBWnTlCaK
HCGXGQIcT
HCGXGQIcT,wu,HCGXGQIcT,jG,jG,wu
HCGXGQIcT
HCGXGQIcT
HCGXGQIcT,HCGXGQIcT,jG,jG,wu,HCGXGQIcT,jG
HCGXGQIcT
wu,HCGXGQIcT,HCGXGQIcT,jG,wu
wu,HCGXGQIcT,jG,wu,dBWnTlCaK
wu,HCGXGQIcT,jG,wu,dBWnTlCaK
HCGXGQIcT,jG,wu,dBWnTlCaK,wu,jG
dBWnTlCaK
HCGXGQIcT,jG,wu,dBWnTlCaK,wu,jG,jG
wu
HCGXGQIcT,jG,wu,dBWnTlCaK,wu,jG,jG
HCGXGQIcT,jG,wu,dBWnTlCaK,wu,jG,jG,jG
HCGXGQIcT,jG,wu,dBWnTlCaK,wu,jG,jG,jG
jG
jG
jG
jG
jG
HCGXGQIcT,wu,wu,jG,jG,wu,jG
HCGXGQIcT,wu,wu,jG,jG,wu,jG,jG
HCGXGQIcT,wu,wu,jG,jG,wu,jG,jG,jG
wu
wu
wu
HCGXGQIcT,jG,wu,jG,wu,jG,jG,wu,dBWnTlCaK,dBWnTlCaK
HCGXGQIcT,jG,wu,wu,jG,jG,jG,wu
HCGXGQIcT,jG,wu,wu,jG,jG,jG,wu
jG,wu,jG,wu,HCGXGQIcT,jG,jG,wu,wu
jG,wu,jG,wu,HCGXGQIcT,jG,jG,wu,wu
jG,wu,jG,wu,HCGXGQIcT,jG,jG,wu,wu,HCGXGQIcT
jG,wu,jG,wu,HCGXGQIcT,jG,jG,wu,wu
jG
HCGXGQIcT,jG,wu,wu,jG,jG,jG,wu
jG
HCGXGQIcT,wu,wu,jG,jG,jG,wu
HCGXGQIcT,jG,wu,wu,jG,jG,jG,wu
HCGXGQIcT,jG,wu,jG,wu,jG,jG,wu
jG
HCGXGQIcT,wu,wu,jG,jG,jG,jG,wu
HCGXGQIcT,jG,wu,wu,jG,jG,jG,wu
jG
jG
HCGXGQIcT,jG,wu,wu,jG,jG,jG,wu
HCGXGQIcT,jG,wu,wu,jG,jG,jG,wu,wu,HCGXGQIcT
jG
jG
HCGXGQIcT,wu,wu,jG,jG,jG,wu
jG
wu,wu,jG,jG,wu
wu,wu,jG,jG,wu
wu,wu,jG,jG,wu,HCGXGQIcT
jG
wu,wu,jG,jG,jG,wu,HCGXGQIcT,jG,jG
wu
HCGXGQIcT
jG
jG
jG
Jedi Wagner, assuma o comando!