[vazia]
Toque! Toque, Dijê!
NcaicaZz,mDFRGq
NcaicaZz
NcaicaZz
NcaicaZz
NcaicaZz,mDFRGq,mDFRGq
NcaicaZz
mDFRGq
mDFRGq,mDFRGq,mDFRGq
mDFRGq
mDFRGq,mDFRGq,mDFRGq
mDFRGq
mDFRGq
mDFRGq
mDFRGq,mDFRGq,mDFRGq,mDFRGq,mDFRGq,mDFRGq,mDFRGq
mDFRGq
mDFRGq,mDFRGq,mDFRGq,mDFRGq,mDFRGq,mDFRGq,mDFRGq,NcaicaZz
mDFRGq,mDFRGq,mDFRGq,mDFRGq,mDFRGq,mDFRGq,mDFRGq,NcaicaZz
NcaicaZz
mDFRGq,NcaicaZz,mDFRGq,mDFRGq,mDFRGq,mDFRGq,mDFRGq,mDFRGq
mDFRGq,mDFRGq,mDFRGq,mDFRGq,mDFRGq,mDFRGq,NcaicaZz
mDFRGq
mDFRGq
mDFRGq
mDFRGq,mDFRGq,mDFRGq,mDFRGq,mDFRGq,mDFRGq,NcaicaZz,NcaicaZz,mDFRGq,mDFRGq,mDFRGq
mDFRGq,mDFRGq,mDFRGq,mDFRGq,mDFRGq,mDFRGq,NcaicaZz,NcaicaZz,mDFRGq,mDFRGq,mDFRGq
mDFRGq
mDFRGq,mDFRGq,mDFRGq,mDFRGq,mDFRGq,mDFRGq,NcaicaZz,NcaicaZz,mDFRGq,mDFRGq,mDFRGq,mDFRGq
mDFRGq
mDFRGq,mDFRGq,mDFRGq,mDFRGq,mDFRGq,mDFRGq,mDFRGq,mDFRGq,mDFRGq
mDFRGq,mDFRGq,mDFRGq,mDFRGq,mDFRGq,mDFRGq,NcaicaZz,NcaicaZz,mDFRGq,mDFRGq,mDFRGq,mDFRGq
mDFRGq
NcaicaZz
mDFRGq,mDFRGq,mDFRGq,mDFRGq,NcaicaZz,mDFRGq,NcaicaZz,mDFRGq,mDFRGq,mDFRGq,mDFRGq,mDFRGq,mDFRGq,mDFRGq,mDFRGq
mDFRGq
mDFRGq,mDFRGq,mDFRGq,NcaicaZz,mDFRGq,mDFRGq,NcaicaZz,mDFRGq,mDFRGq,mDFRGq,mDFRGq,mDFRGq,mDFRGq,mDFRGq,mDFRGq,mDFRGq
mDFRGq,mDFRGq,mDFRGq,NcaicaZz,mDFRGq,mDFRGq,NcaicaZz,mDFRGq,mDFRGq,mDFRGq,mDFRGq,mDFRGq,mDFRGq,mDFRGq,mDFRGq,mDFRGq
mDFRGq,mDFRGq,mDFRGq,mDFRGq,NcaicaZz,mDFRGq,NcaicaZz,mDFRGq,mDFRGq,mDFRGq,mDFRGq,mDFRGq,mDFRGq,mDFRGq,mDFRGq
mDFRGq,mDFRGq,mDFRGq,mDFRGq,mDFRGq,NcaicaZz,mDFRGq,mDFRGq,mDFRGq,mDFRGq,mDFRGq,mDFRGq,mDFRGq,mDFRGq,mDFRGq
mDFRGq,mDFRGq,mDFRGq,mDFRGq,mDFRGq,NcaicaZz,NcaicaZz,mDFRGq,mDFRGq,mDFRGq,mDFRGq,mDFRGq,mDFRGq,mDFRGq,mDFRGq,mDFRGq
mDFRGq,mDFRGq,mDFRGq,mDFRGq,mDFRGq,NcaicaZz,NcaicaZz,mDFRGq,mDFRGq,mDFRGq,mDFRGq,mDFRGq,mDFRGq,mDFRGq,mDFRGq,mDFRGq,mDFRGq,NcaicaZz
NcaicaZz
NcaicaZz
NcaicaZz
mDFRGq,mDFRGq,mDFRGq,NcaicaZz,NcaicaZz,mDFRGq,mDFRGq,mDFRGq,mDFRGq,mDFRGq,mDFRGq,mDFRGq,mDFRGq,mDFRGq
mDFRGq,mDFRGq,mDFRGq,NcaicaZz,NcaicaZz,mDFRGq,mDFRGq,mDFRGq,mDFRGq,mDFRGq,mDFRGq,mDFRGq,mDFRGq,mDFRGq
mDFRGq
mDFRGq,mDFRGq,mDFRGq,NcaicaZz,mDFRGq,mDFRGq,mDFRGq,mDFRGq,mDFRGq,mDFRGq,mDFRGq,mDFRGq,mDFRGq
mDFRGq
mDFRGq
mDFRGq
mDFRGq
mDFRGq
mDFRGq,mDFRGq,mDFRGq,NcaicaZz,NcaicaZz,mDFRGq,mDFRGq,mDFRGq,mDFRGq,mDFRGq,mDFRGq,mDFRGq,mDFRGq,mDFRGq,NcaicaZz
mDFRGq,mDFRGq,mDFRGq,NcaicaZz,mDFRGq,mDFRGq,NcaicaZz,mDFRGq,mDFRGq,mDFRGq,mDFRGq,mDFRGq,mDFRGq,mDFRGq,NcaicaZz,mDFRGq
mDFRGq,mDFRGq,mDFRGq,NcaicaZz,mDFRGq,mDFRGq,NcaicaZz,mDFRGq,mDFRGq,mDFRGq,mDFRGq,mDFRGq,mDFRGq,mDFRGq,NcaicaZz,mDFRGq
mDFRGq,mDFRGq,NcaicaZz,mDFRGq,mDFRGq,NcaicaZz,mDFRGq,mDFRGq,mDFRGq,mDFRGq,mDFRGq,mDFRGq,mDFRGq,NcaicaZz,mDFRGq
mDFRGq,mDFRGq,NcaicaZz,mDFRGq,mDFRGq,NcaicaZz,mDFRGq,mDFRGq,mDFRGq,mDFRGq,mDFRGq,mDFRGq,mDFRGq,NcaicaZz,mDFRGq
mDFRGq,mDFRGq,NcaicaZz,mDFRGq,mDFRGq,NcaicaZz,mDFRGq,mDFRGq,mDFRGq,mDFRGq,mDFRGq,mDFRGq,mDFRGq,NcaicaZz,mDFRGq,mDFRGq
mDFRGq
mDFRGq
mDFRGq,mDFRGq,mDFRGq,mDFRGq,NcaicaZz,mDFRGq,mDFRGq,mDFRGq,mDFRGq,mDFRGq,mDFRGq,mDFRGq,NcaicaZz,mDFRGq,mDFRGq,NcaicaZz
mDFRGq,mDFRGq,mDFRGq,NcaicaZz,NcaicaZz,mDFRGq,mDFRGq,mDFRGq,mDFRGq,mDFRGq,mDFRGq,mDFRGq,mDFRGq,mDFRGq,NcaicaZz
mDFRGq
mDFRGq
mDFRGq,mDFRGq,mDFRGq,NcaicaZz,mDFRGq,mDFRGq,mDFRGq,mDFRGq,mDFRGq,mDFRGq,mDFRGq,NcaicaZz,mDFRGq,mDFRGq
NcaicaZz
NcaicaZz
mDFRGq,mDFRGq,NcaicaZz,mDFRGq,mDFRGq,NcaicaZz,mDFRGq,mDFRGq,mDFRGq,mDFRGq,mDFRGq,mDFRGq,mDFRGq,NcaicaZz
NcaicaZz
mDFRGq
mDFRGq,mDFRGq,mDFRGq,mDFRGq,mDFRGq,mDFRGq,mDFRGq,mDFRGq,mDFRGq,mDFRGq,mDFRGq,mDFRGq,NcaicaZz,NcaicaZz
mDFRGq,mDFRGq,mDFRGq,mDFRGq,mDFRGq,mDFRGq,mDFRGq,mDFRGq,mDFRGq,mDFRGq,mDFRGq,mDFRGq,NcaicaZz,NcaicaZz
mDFRGq,mDFRGq,mDFRGq,mDFRGq,mDFRGq,mDFRGq,mDFRGq,mDFRGq,mDFRGq,mDFRGq,mDFRGq,mDFRGq,NcaicaZz,NcaicaZz
mDFRGq
mDFRGq,NcaicaZz,mDFRGq,mDFRGq,mDFRGq,mDFRGq,NcaicaZz,mDFRGq,mDFRGq,mDFRGq,mDFRGq,mDFRGq,mDFRGq,mDFRGq,NcaicaZz
mDFRGq,NcaicaZz,mDFRGq,mDFRGq,mDFRGq,mDFRGq,NcaicaZz,mDFRGq,mDFRGq,mDFRGq,mDFRGq,mDFRGq,mDFRGq,mDFRGq,NcaicaZz
mDFRGq,NcaicaZz,mDFRGq,mDFRGq,mDFRGq,mDFRGq,NcaicaZz,mDFRGq,mDFRGq,mDFRGq,mDFRGq,mDFRGq,mDFRGq,mDFRGq,NcaicaZz
mDFRGq,NcaicaZz,mDFRGq,mDFRGq,mDFRGq,mDFRGq,NcaicaZz,mDFRGq,mDFRGq,mDFRGq,mDFRGq,mDFRGq,mDFRGq,mDFRGq,NcaicaZz
mDFRGq,NcaicaZz,mDFRGq,mDFRGq,mDFRGq,mDFRGq,NcaicaZz,mDFRGq,mDFRGq,mDFRGq,mDFRGq,mDFRGq,mDFRGq,mDFRGq,NcaicaZz
mDFRGq,mDFRGq,mDFRGq,mDFRGq,NcaicaZz,mDFRGq,mDFRGq,mDFRGq,mDFRGq,mDFRGq,mDFRGq,mDFRGq,mDFRGq,NcaicaZz,mDFRGq
mDFRGq,mDFRGq,mDFRGq,mDFRGq,NcaicaZz,mDFRGq,mDFRGq,mDFRGq,mDFRGq,mDFRGq,mDFRGq,mDFRGq,mDFRGq,NcaicaZz,mDFRGq
mDFRGq
mDFRGq
mDFRGq
mDFRGq
mDFRGq
mDFRGq,mDFRGq,mDFRGq,mDFRGq,mDFRGq,mDFRGq,mDFRGq,mDFRGq,mDFRGq,mDFRGq,mDFRGq,mDFRGq,mDFRGq,mDFRGq
mDFRGq,mDFRGq,mDFRGq,mDFRGq,mDFRGq,mDFRGq,mDFRGq,mDFRGq,mDFRGq,mDFRGq,mDFRGq,mDFRGq,mDFRGq,mDFRGq
mDFRGq
mDFRGq
mDFRGq,mDFRGq,mDFRGq,mDFRGq,mDFRGq,mDFRGq,mDFRGq,mDFRGq,mDFRGq,mDFRGq,mDFRGq,mDFRGq,mDFRGq,mDFRGq,NcaicaZz
mDFRGq,mDFRGq,mDFRGq,mDFRGq,mDFRGq,mDFRGq,mDFRGq,mDFRGq,mDFRGq,mDFRGq,mDFRGq,mDFRGq,mDFRGq,mDFRGq,NcaicaZz
mDFRGq,mDFRGq,mDFRGq,mDFRGq,mDFRGq,mDFRGq,mDFRGq,mDFRGq,mDFRGq,mDFRGq,mDFRGq,mDFRGq,mDFRGq,mDFRGq,NcaicaZz
mDFRGq,mDFRGq,mDFRGq,mDFRGq,mDFRGq,mDFRGq,mDFRGq,mDFRGq,mDFRGq,mDFRGq,mDFRGq,mDFRGq,mDFRGq,mDFRGq
mDFRGq
mDFRGq
mDFRGq
mDFRGq
mDFRGq
NcaicaZz
NcaicaZz
NcaicaZz
mDFRGq,mDFRGq,mDFRGq,mDFRGq,mDFRGq,mDFRGq,mDFRGq,mDFRGq,mDFRGq,mDFRGq,mDFRGq,mDFRGq,mDFRGq,NcaicaZz,mDFRGq
NcaicaZz
NcaicaZz
mDFRGq,mDFRGq,mDFRGq,mDFRGq,mDFRGq,mDFRGq,mDFRGq,mDFRGq,mDFRGq,mDFRGq,mDFRGq,mDFRGq,NcaicaZz,mDFRGq,mDFRGq
mDFRGq
mDFRGq,mDFRGq,mDFRGq,mDFRGq,mDFRGq,mDFRGq,mDFRGq,mDFRGq,mDFRGq,mDFRGq,mDFRGq,NcaicaZz,mDFRGq,mDFRGq,NcaicaZz
mDFRGq
mDFRGq,mDFRGq,mDFRGq,mDFRGq,mDFRGq,mDFRGq,mDFRGq,mDFRGq,mDFRGq,mDFRGq,mDFRGq,mDFRGq,mDFRGq,NcaicaZz,NcaicaZz
mDFRGq,mDFRGq,mDFRGq,mDFRGq,mDFRGq,mDFRGq,mDFRGq,mDFRGq,mDFRGq,mDFRGq,mDFRGq,mDFRGq,mDFRGq,NcaicaZz
mDFRGq,mDFRGq,mDFRGq,mDFRGq,mDFRGq,mDFRGq,mDFRGq,mDFRGq,mDFRGq,mDFRGq,mDFRGq,NcaicaZz,mDFRGq,mDFRGq,NcaicaZz
mDFRGq
mDFRGq
mDFRGq
mDFRGq
mDFRGq,mDFRGq,mDFRGq,mDFRGq,mDFRGq,mDFRGq,mDFRGq,mDFRGq,mDFRGq,mDFRGq,mDFRGq,mDFRGq,mDFRGq,NcaicaZz
mDFRGq
mDFRGq,mDFRGq,mDFRGq,mDFRGq,mDFRGq,mDFRGq,mDFRGq,mDFRGq,mDFRGq,mDFRGq,mDFRGq,mDFRGq,mDFRGq,NcaicaZz
mDFRGq
mDFRGq,mDFRGq,mDFRGq,mDFRGq,mDFRGq,mDFRGq,mDFRGq,mDFRGq,mDFRGq,mDFRGq,mDFRGq,mDFRGq
mDFRGq,mDFRGq,mDFRGq,mDFRGq,mDFRGq,mDFRGq,mDFRGq,mDFRGq,mDFRGq,mDFRGq,mDFRGq,mDFRGq
mDFRGq,mDFRGq,mDFRGq,mDFRGq,mDFRGq,mDFRGq,mDFRGq,mDFRGq,mDFRGq,mDFRGq,mDFRGq,mDFRGq
mDFRGq
mDFRGq,mDFRGq,mDFRGq,mDFRGq,mDFRGq,mDFRGq,mDFRGq,mDFRGq,mDFRGq,mDFRGq,mDFRGq,mDFRGq,NcaicaZz,NcaicaZz,NcaicaZz
mDFRGq
mDFRGq
mDFRGq
mDFRGq,mDFRGq,mDFRGq,mDFRGq,mDFRGq,mDFRGq,mDFRGq,mDFRGq,mDFRGq,mDFRGq,mDFRGq,mDFRGq,NcaicaZz,NcaicaZz
mDFRGq,mDFRGq,mDFRGq,mDFRGq,mDFRGq,mDFRGq,mDFRGq,mDFRGq,mDFRGq,mDFRGq,mDFRGq,mDFRGq,NcaicaZz,NcaicaZz
mDFRGq,mDFRGq,mDFRGq,mDFRGq,mDFRGq,mDFRGq,mDFRGq,mDFRGq,mDFRGq,mDFRGq,mDFRGq,mDFRGq,mDFRGq,mDFRGq
mDFRGq,mDFRGq,mDFRGq,mDFRGq,mDFRGq,mDFRGq,mDFRGq,mDFRGq,mDFRGq,mDFRGq,mDFRGq,mDFRGq,mDFRGq,mDFRGq,mDFRGq
mDFRGq
mDFRGq,mDFRGq,mDFRGq,mDFRGq,mDFRGq,mDFRGq,mDFRGq,mDFRGq,mDFRGq,mDFRGq,mDFRGq,mDFRGq,mDFRGq,mDFRGq,mDFRGq
mDFRGq
mDFRGq
mDFRGq,mDFRGq,mDFRGq,mDFRGq,mDFRGq,mDFRGq,mDFRGq,mDFRGq,mDFRGq,mDFRGq,mDFRGq,mDFRGq,mDFRGq,NcaicaZz,mDFRGq
mDFRGq
mDFRGq
NcaicaZz
NcaicaZz
mDFRGq,mDFRGq,mDFRGq,mDFRGq,mDFRGq,mDFRGq,mDFRGq,mDFRGq,NcaicaZz,mDFRGq,mDFRGq,mDFRGq,mDFRGq,mDFRGq,mDFRGq,mDFRGq,mDFRGq,NcaicaZz
mDFRGq,mDFRGq,mDFRGq,mDFRGq,mDFRGq,mDFRGq,mDFRGq,mDFRGq,NcaicaZz,mDFRGq,mDFRGq,mDFRGq,mDFRGq,mDFRGq,mDFRGq,mDFRGq,mDFRGq,NcaicaZz
mDFRGq
mDFRGq,mDFRGq,mDFRGq,mDFRGq,mDFRGq,mDFRGq,mDFRGq,mDFRGq,mDFRGq,NcaicaZz,mDFRGq,mDFRGq,mDFRGq,mDFRGq,mDFRGq
mDFRGq,mDFRGq,mDFRGq,mDFRGq,mDFRGq,mDFRGq,mDFRGq,mDFRGq,mDFRGq,NcaicaZz,mDFRGq,mDFRGq,mDFRGq,mDFRGq,mDFRGq
mDFRGq,mDFRGq,mDFRGq,mDFRGq,mDFRGq,mDFRGq,mDFRGq,mDFRGq,mDFRGq,mDFRGq,NcaicaZz,mDFRGq,mDFRGq,mDFRGq,mDFRGq
mDFRGq,mDFRGq,mDFRGq,mDFRGq,mDFRGq,mDFRGq,mDFRGq,mDFRGq,mDFRGq,mDFRGq,mDFRGq,mDFRGq,mDFRGq,mDFRGq
mDFRGq,mDFRGq,mDFRGq,mDFRGq,mDFRGq,mDFRGq,mDFRGq,mDFRGq,mDFRGq,mDFRGq,mDFRGq,mDFRGq,mDFRGq,mDFRGq
mDFRGq
mDFRGq
mDFRGq,mDFRGq,mDFRGq,mDFRGq,mDFRGq,mDFRGq,mDFRGq,mDFRGq,mDFRGq,mDFRGq,mDFRGq,mDFRGq,mDFRGq,mDFRGq,mDFRGq,mDFRGq
mDFRGq
mDFRGq
mDFRGq
mDFRGq
mDFRGq,mDFRGq,mDFRGq,mDFRGq,mDFRGq,mDFRGq,mDFRGq,mDFRGq,mDFRGq,mDFRGq,mDFRGq,mDFRGq,mDFRGq,mDFRGq,NcaicaZz
mDFRGq,mDFRGq,mDFRGq,mDFRGq,mDFRGq,mDFRGq,mDFRGq,mDFRGq,mDFRGq,mDFRGq,mDFRGq,mDFRGq,mDFRGq,mDFRGq
mDFRGq
mDFRGq
mDFRGq,mDFRGq,mDFRGq,mDFRGq,mDFRGq,mDFRGq,mDFRGq,mDFRGq,mDFRGq,mDFRGq,mDFRGq,mDFRGq,mDFRGq,mDFRGq
mDFRGq,mDFRGq,mDFRGq,mDFRGq,mDFRGq,mDFRGq,mDFRGq,mDFRGq,mDFRGq,mDFRGq,mDFRGq,mDFRGq,mDFRGq,mDFRGq
mDFRGq
mDFRGq,mDFRGq,mDFRGq,mDFRGq,mDFRGq,mDFRGq,mDFRGq,mDFRGq,mDFRGq,mDFRGq,mDFRGq,mDFRGq,mDFRGq,mDFRGq
mDFRGq
mDFRGq,mDFRGq,mDFRGq,mDFRGq,mDFRGq,mDFRGq,mDFRGq,mDFRGq,mDFRGq,mDFRGq,mDFRGq,mDFRGq,mDFRGq
mDFRGq,mDFRGq,mDFRGq,mDFRGq,mDFRGq,mDFRGq,mDFRGq,mDFRGq,mDFRGq,mDFRGq,mDFRGq,NcaicaZz
mDFRGq,mDFRGq,mDFRGq,mDFRGq,mDFRGq,mDFRGq,mDFRGq,mDFRGq,mDFRGq,mDFRGq,mDFRGq
mDFRGq
mDFRGq
mDFRGq
mDFRGq,mDFRGq,mDFRGq,mDFRGq,mDFRGq,mDFRGq,mDFRGq,mDFRGq,mDFRGq,mDFRGq,mDFRGq
mDFRGq
mDFRGq,mDFRGq,mDFRGq,mDFRGq,mDFRGq,mDFRGq,mDFRGq,mDFRGq,mDFRGq,mDFRGq,NcaicaZz
mDFRGq,mDFRGq,NcaicaZz,mDFRGq,mDFRGq,mDFRGq,mDFRGq,mDFRGq,mDFRGq,mDFRGq,mDFRGq
NcaicaZz,mDFRGq,mDFRGq,mDFRGq,mDFRGq,mDFRGq,mDFRGq,mDFRGq,mDFRGq,mDFRGq,mDFRGq,mDFRGq
NcaicaZz,mDFRGq,mDFRGq,mDFRGq,mDFRGq,mDFRGq,mDFRGq,mDFRGq,mDFRGq,mDFRGq,mDFRGq,mDFRGq
mDFRGq
mDFRGq
mDFRGq
NcaicaZz
mDFRGq,mDFRGq,mDFRGq,NcaicaZz,mDFRGq,mDFRGq,mDFRGq,mDFRGq,mDFRGq,mDFRGq,mDFRGq
mDFRGq,mDFRGq,mDFRGq,NcaicaZz,mDFRGq,mDFRGq,mDFRGq,mDFRGq,mDFRGq,mDFRGq,mDFRGq,NcaicaZz
mDFRGq,mDFRGq,mDFRGq,NcaicaZz,mDFRGq,mDFRGq,mDFRGq,mDFRGq,mDFRGq,mDFRGq,mDFRGq,NcaicaZz
NcaicaZz
NcaicaZz
mDFRGq,NcaicaZz,mDFRGq,mDFRGq,mDFRGq,mDFRGq,mDFRGq,mDFRGq,mDFRGq,NcaicaZz,NcaicaZz
NcaicaZz
mDFRGq,NcaicaZz,mDFRGq,mDFRGq,mDFRGq,mDFRGq,mDFRGq,mDFRGq,mDFRGq,NcaicaZz,NcaicaZz
mDFRGq,NcaicaZz,mDFRGq,mDFRGq,mDFRGq,mDFRGq,mDFRGq,mDFRGq,mDFRGq,NcaicaZz,NcaicaZz
NcaicaZz
mDFRGq,NcaicaZz,mDFRGq,mDFRGq,mDFRGq,mDFRGq,mDFRGq,mDFRGq,mDFRGq,mDFRGq,mDFRGq
mDFRGq,mDFRGq,mDFRGq,mDFRGq,mDFRGq,mDFRGq,mDFRGq,mDFRGq,mDFRGq,mDFRGq,mDFRGq,mDFRGq
mDFRGq
mDFRGq
Jedi Wagner, assuma o comando!