[vazia]
Toque! Toque, Dijê!
[vazia]
Toque! Toque, Dijê!
bIWOFGQUj
Toque! Toque, Dijê!
[vazia]
Toque! Toque, Dijê!
jCTyQPCk
jCTyQPCk,ZNq
jCTyQPCk
jCTyQPCk
bIWOFGQUj
Toque! Toque, Dijê!
[vazia]
orU
orU
orU
orU,orU,orU,gaw,yllBgx
orU,orU,orU,gaw,yllBgx,xXlSkvzx,gaw
orU
orU
orU,orU,orU,gaw,yllBgx,gaw
orU,orU,orU,gaw,yllBgx,xXlSkvzx,gaw,bIWOFGQUj
orU
orU,orU,orU,gaw,yllBgx,xXlSkvzx,gaw,bIWOFGQUj,xXlSkvzx
orU,orU,orU,gaw,yllBgx,xXlSkvzx,gaw,bIWOFGQUj,xXlSkvzx
orU,orU,orU,xXlSkvzx,gaw,bIWOFGQUj,xXlSkvzx,IaUAnQ,jCTyQPCk,jCTyQPCk
orU,orU,orU,xXlSkvzx,gaw,bIWOFGQUj,xXlSkvzx,IaUAnQ,jCTyQPCk,jCTyQPCk
orU,orU,orU,xXlSkvzx,gaw,bIWOFGQUj,xXlSkvzx,IaUAnQ,jCTyQPCk,jCTyQPCk
orU,orU,xXlSkvzx,orU,gaw,bIWOFGQUj,xXlSkvzx,IaUAnQ,jCTyQPCk,jCTyQPCk,gaw
orU,orU,orU,xXlSkvzx,gaw,gaw,bIWOFGQUj,xXlSkvzx,IaUAnQ
orU,orU,xXlSkvzx,gaw,gaw,orU,bIWOFGQUj,xXlSkvzx,IaUAnQ
gaw
gaw
orU,orU,orU,xXlSkvzx,gaw,gaw,bIWOFGQUj,xXlSkvzx,xXlSkvzx
orU,orU,orU,xXlSkvzx,gaw,gaw,bIWOFGQUj,xXlSkvzx,IaUAnQ
gaw
gaw
gaw
gaw
gaw
gaw
gaw
gaw
orU,orU,orU,xXlSkvzx,gaw,gaw,bIWOFGQUj,xXlSkvzx,IaUAnQ
orU,orU,orU,xXlSkvzx,gaw,bIWOFGQUj,xXlSkvzx,IaUAnQ,jCTyQPCk
orU,orU,orU,xXlSkvzx,jCTyQPCk,IaUAnQ,gaw,bIWOFGQUj,xXlSkvzx,gaw,xXlSkvzx
orU,orU,orU,xXlSkvzx,jCTyQPCk,IaUAnQ,gaw,bIWOFGQUj,xXlSkvzx,gaw,xXlSkvzx
orU,orU,orU,xXlSkvzx,jCTyQPCk,IaUAnQ,gaw,bIWOFGQUj,xXlSkvzx,gaw,xXlSkvzx
orU,orU,orU,xXlSkvzx,jCTyQPCk,IaUAnQ,gaw,bIWOFGQUj,xXlSkvzx,gaw,xXlSkvzx
bIWOFGQUj
orU,orU,orU,xXlSkvzx,gaw,gaw,bIWOFGQUj,xXlSkvzx,IaUAnQ
gaw
gaw
bIWOFGQUj
orU,orU,orU,xXlSkvzx,gaw,bIWOFGQUj,IaUAnQ,gaw,xXlSkvzx,IaUAnQ
IaUAnQ
orU,orU,orU,xXlSkvzx,bIWOFGQUj,IaUAnQ,gaw,xXlSkvzx,IaUAnQ
xXlSkvzx
orU,orU,orU,xXlSkvzx,bIWOFGQUj,IaUAnQ,xXlSkvzx,IaUAnQ,jCTyQPCk
orU,orU,xXlSkvzx,bIWOFGQUj,IaUAnQ,xXlSkvzx,IaUAnQ,jCTyQPCk
orU,orU,xXlSkvzx,bIWOFGQUj,xXlSkvzx,IaUAnQ,IaUAnQ,jCTyQPCk
xXlSkvzx
IaUAnQ
jCTyQPCk
orU,orU,xXlSkvzx,bIWOFGQUj,xXlSkvzx,IaUAnQ,IaUAnQ,jCTyQPCk
orU,orU,xXlSkvzx,bIWOFGQUj,xXlSkvzx,IaUAnQ,IaUAnQ,jCTyQPCk
orU,orU,xXlSkvzx,bIWOFGQUj,xXlSkvzx,IaUAnQ,IaUAnQ,jCTyQPCk
orU,orU,xXlSkvzx,bIWOFGQUj,xXlSkvzx,IaUAnQ,IaUAnQ,jCTyQPCk
ZNq
orU,orU,xXlSkvzx,bIWOFGQUj,xXlSkvzx,IaUAnQ,IaUAnQ,jCTyQPCk,ZNq
orU,orU,xXlSkvzx,bIWOFGQUj,xXlSkvzx,IaUAnQ,IaUAnQ,jCTyQPCk,ZNq,orU,yllBgx
orU,orU,xXlSkvzx,bIWOFGQUj,xXlSkvzx,IaUAnQ,IaUAnQ,jCTyQPCk,ZNq,orU,yllBgx
ZNq
ZNq
IaUAnQ
orU,orU,bIWOFGQUj,xXlSkvzx,IaUAnQ,IaUAnQ,jCTyQPCk,ZNq,IaUAnQ,xXlSkvzx,ZNq
xXlSkvzx
xXlSkvzx
orU,orU,bIWOFGQUj,xXlSkvzx,IaUAnQ,IaUAnQ,jCTyQPCk,ZNq,IaUAnQ,xXlSkvzx,ZNq
orU,orU,bIWOFGQUj,xXlSkvzx,IaUAnQ,IaUAnQ,jCTyQPCk,ZNq,IaUAnQ,xXlSkvzx,ZNq,orU
orU,orU,bIWOFGQUj,xXlSkvzx,IaUAnQ,IaUAnQ,jCTyQPCk,ZNq,IaUAnQ,xXlSkvzx,ZNq,orU
ZNq
ZNq
ZNq
ZNq
ZNq
bIWOFGQUj,IaUAnQ,IaUAnQ,jCTyQPCk,IaUAnQ,xXlSkvzx,ZNq,orU,xXlSkvzx,orU
ZNq
ZNq
orU,orU,bIWOFGQUj,xXlSkvzx,IaUAnQ,IaUAnQ,jCTyQPCk,ZNq,IaUAnQ,xXlSkvzx,ZNq
orU,orU,bIWOFGQUj,xXlSkvzx,IaUAnQ,IaUAnQ,jCTyQPCk,ZNq,IaUAnQ,xXlSkvzx,ZNq,xXlSkvzx
ZNq
ZNq
ZNq
orU,orU,xXlSkvzx,IaUAnQ,IaUAnQ,jCTyQPCk,ZNq,IaUAnQ,xXlSkvzx,ZNq
orU,orU,bIWOFGQUj,xXlSkvzx,IaUAnQ,IaUAnQ,jCTyQPCk,ZNq,IaUAnQ,xXlSkvzx,ZNq
orU
orU,orU,bIWOFGQUj,xXlSkvzx,IaUAnQ,IaUAnQ,jCTyQPCk,ZNq,IaUAnQ,xXlSkvzx,ZNq
orU
orU
orU,orU,bIWOFGQUj,xXlSkvzx,IaUAnQ,IaUAnQ,jCTyQPCk,ZNq,IaUAnQ,xXlSkvzx,ZNq
orU,orU,bIWOFGQUj,IaUAnQ,IaUAnQ,jCTyQPCk,ZNq,IaUAnQ,xXlSkvzx,ZNq
orU
orU,orU,bIWOFGQUj,IaUAnQ,IaUAnQ,jCTyQPCk,ZNq,IaUAnQ,xXlSkvzx,ZNq,IaUAnQ
orU
orU
orU,orU,bIWOFGQUj,xXlSkvzx,IaUAnQ,IaUAnQ,jCTyQPCk,ZNq,IaUAnQ,xXlSkvzx,ZNq,jCTyQPCk
ZNq,jCTyQPCk,orU,orU,bIWOFGQUj,xXlSkvzx,IaUAnQ,IaUAnQ,IaUAnQ,xXlSkvzx,ZNq,jCTyQPCk
ZNq
ZNq,jCTyQPCk,orU,orU,bIWOFGQUj,xXlSkvzx,IaUAnQ,IaUAnQ,IaUAnQ,xXlSkvzx,ZNq,jCTyQPCk,BRkLvgq
orU,orU,bIWOFGQUj,xXlSkvzx,IaUAnQ,IaUAnQ,jCTyQPCk,ZNq,IaUAnQ,xXlSkvzx,ZNq
orU,orU,bIWOFGQUj,xXlSkvzx,IaUAnQ,IaUAnQ,jCTyQPCk,ZNq,IaUAnQ,xXlSkvzx,ZNq
orU,orU,bIWOFGQUj,xXlSkvzx,IaUAnQ,IaUAnQ,jCTyQPCk,ZNq,IaUAnQ,xXlSkvzx,ZNq
orU,orU,bIWOFGQUj,xXlSkvzx,IaUAnQ,IaUAnQ,jCTyQPCk,ZNq,IaUAnQ,xXlSkvzx,ZNq,ZNq
orU
orU,orU,bIWOFGQUj,xXlSkvzx,IaUAnQ,IaUAnQ,jCTyQPCk,ZNq,IaUAnQ,xXlSkvzx,ZNq,ZNq,ZNq
orU
orU,orU,bIWOFGQUj,xXlSkvzx,IaUAnQ,IaUAnQ,jCTyQPCk,ZNq,IaUAnQ,xXlSkvzx,ZNq
orU,orU,bIWOFGQUj,xXlSkvzx,IaUAnQ,IaUAnQ,jCTyQPCk,ZNq,IaUAnQ,xXlSkvzx,ZNq
orU
orU
orU
orU
orU
orU,IaUAnQ,bIWOFGQUj,xXlSkvzx,IaUAnQ,jCTyQPCk,IaUAnQ,xXlSkvzx,ZNq,yllBgx,BRkLvgq
orU,IaUAnQ,bIWOFGQUj,xXlSkvzx,IaUAnQ,jCTyQPCk,IaUAnQ,xXlSkvzx,ZNq,yllBgx,BRkLvgq
orU
bIWOFGQUj
orU,orU,xXlSkvzx,IaUAnQ,IaUAnQ,jCTyQPCk,ZNq,IaUAnQ,xXlSkvzx,ZNq,orU
orU,orU,bIWOFGQUj,xXlSkvzx,IaUAnQ,IaUAnQ,jCTyQPCk,ZNq,IaUAnQ,xXlSkvzx,ZNq,jCTyQPCk,orU
orU,orU,bIWOFGQUj,xXlSkvzx,IaUAnQ,IaUAnQ,ZNq,IaUAnQ,xXlSkvzx,ZNq,jCTyQPCk,orU,yllBgx
bIWOFGQUj
bIWOFGQUj
xXlSkvzx
xXlSkvzx
orU,bIWOFGQUj,xXlSkvzx,IaUAnQ,IaUAnQ,IaUAnQ,xXlSkvzx,ZNq,orU,bIWOFGQUj,orU,bIWOFGQUj,orU
orU,bIWOFGQUj,xXlSkvzx,IaUAnQ,IaUAnQ,IaUAnQ,xXlSkvzx,ZNq,orU,bIWOFGQUj,orU,bIWOFGQUj,orU
bIWOFGQUj,xXlSkvzx,IaUAnQ,IaUAnQ,IaUAnQ,xXlSkvzx,ZNq,orU,bIWOFGQUj,orU,bIWOFGQUj,orU,bIWOFGQUj,IaUAnQ
bIWOFGQUj,xXlSkvzx,IaUAnQ,IaUAnQ,IaUAnQ,xXlSkvzx,ZNq,orU,bIWOFGQUj,orU,bIWOFGQUj,orU,bIWOFGQUj,IaUAnQ
bIWOFGQUj,xXlSkvzx,IaUAnQ,IaUAnQ,IaUAnQ,xXlSkvzx,ZNq,orU,bIWOFGQUj,orU,bIWOFGQUj,orU,bIWOFGQUj,IaUAnQ,IaUAnQ
ZNq
ZNq
ZNq
bIWOFGQUj,xXlSkvzx,IaUAnQ,IaUAnQ,xXlSkvzx,ZNq,IaUAnQ,bIWOFGQUj,bIWOFGQUj,orU,bIWOFGQUj,IaUAnQ,IaUAnQ
bIWOFGQUj,xXlSkvzx,IaUAnQ,IaUAnQ,IaUAnQ,xXlSkvzx,ZNq,orU,bIWOFGQUj,orU,bIWOFGQUj,orU,bIWOFGQUj,IaUAnQ,IaUAnQ,bIWOFGQUj,xXlSkvzx
bIWOFGQUj,xXlSkvzx,IaUAnQ,IaUAnQ,IaUAnQ,xXlSkvzx,ZNq,orU,bIWOFGQUj,orU,bIWOFGQUj,orU,bIWOFGQUj,IaUAnQ,IaUAnQ,bIWOFGQUj,xXlSkvzx
xXlSkvzx,IaUAnQ,IaUAnQ,IaUAnQ,xXlSkvzx,ZNq,orU,bIWOFGQUj,orU,bIWOFGQUj,orU,bIWOFGQUj,IaUAnQ,IaUAnQ,bIWOFGQUj
ZNq
xXlSkvzx,IaUAnQ,IaUAnQ,IaUAnQ,xXlSkvzx,orU,ZNq,bIWOFGQUj,orU,bIWOFGQUj,orU,bIWOFGQUj,IaUAnQ,IaUAnQ,bIWOFGQUj
xXlSkvzx
xXlSkvzx
xXlSkvzx
orU
bIWOFGQUj,IaUAnQ,IaUAnQ,xXlSkvzx,ZNq,orU,xXlSkvzx,bIWOFGQUj,orU,bIWOFGQUj,orU,bIWOFGQUj,IaUAnQ,IaUAnQ,gaw
bIWOFGQUj,IaUAnQ,IaUAnQ,xXlSkvzx,ZNq,orU,xXlSkvzx,bIWOFGQUj,orU,bIWOFGQUj,orU,bIWOFGQUj,IaUAnQ,IaUAnQ,gaw
bIWOFGQUj,IaUAnQ,IaUAnQ,xXlSkvzx,ZNq,orU,xXlSkvzx,bIWOFGQUj,orU,bIWOFGQUj,orU,bIWOFGQUj,IaUAnQ,IaUAnQ,gaw
bIWOFGQUj,IaUAnQ,IaUAnQ,xXlSkvzx,ZNq,orU,xXlSkvzx,bIWOFGQUj,orU,bIWOFGQUj,orU,bIWOFGQUj,IaUAnQ,IaUAnQ,jCTyQPCk
bIWOFGQUj,IaUAnQ,IaUAnQ,xXlSkvzx,ZNq,orU,xXlSkvzx,bIWOFGQUj,orU,bIWOFGQUj,orU,bIWOFGQUj,IaUAnQ,IaUAnQ,gaw,jCTyQPCk
bIWOFGQUj,IaUAnQ,IaUAnQ,xXlSkvzx,ZNq,orU,xXlSkvzx,bIWOFGQUj,orU,bIWOFGQUj,orU,bIWOFGQUj,IaUAnQ,IaUAnQ,gaw
xXlSkvzx
xXlSkvzx
xXlSkvzx
xXlSkvzx
IaUAnQ,IaUAnQ,xXlSkvzx,ZNq,orU,xXlSkvzx,bIWOFGQUj,orU,bIWOFGQUj,orU,bIWOFGQUj,IaUAnQ,IaUAnQ,gaw,bIWOFGQUj
xXlSkvzx
xXlSkvzx
IaUAnQ
IaUAnQ
IaUAnQ,orU,gaw,IaUAnQ,xXlSkvzx,orU,bIWOFGQUj,orU,bIWOFGQUj,IaUAnQ,IaUAnQ,bIWOFGQUj
IaUAnQ,gaw,IaUAnQ,xXlSkvzx,orU,orU,bIWOFGQUj,orU,bIWOFGQUj,IaUAnQ,IaUAnQ,bIWOFGQUj
Jedi Wagner, assuma o comando!