[vazia]
Toque! Toque, Dijê!
Toque! Toque, Dijê!
Toque! Toque, Dijê!
uWq
uWq,uWq
uWq
uWq,uWq
uWq,uWq
uWq,uWq
uWq
uWq,uWq,uWq
uWq,uWq,uWq
uWq,uWq,uWq
uWq,uWq
uWq
uWq
uWq
uWq,uWq,uWq
uWq
uWq
uWq,uWq,uWq
uWq,uWq,uWq
uWq
uWq,uWq
uWq,uWq
uWq,uWq
uWq
uWq
uWq
uWq
uWq
Toque! Toque, Dijê!
uWq,uWq
uWq
uWq
uWq,uWq,uWq
uWq,uWq,uWq
uWq
uWq
uWq
uWq
uWq
uWq
uWq
uWq
uWq,uWq
uWq,uWq
uWq,uWq,uWq
uWq,uWq,uWq
uWq,uWq,uWq
uWq
uWq
uWq
uWq
uWq,uWq
uWq,uWq,uWq
uWq
uWq,uWq,uWq
uWq,uWq,uWq
uWq
uWq
uWq
uWq,uWq
uWq
uWq,uWq
uWq,uWq,uWq
uWq,uWq,uWq,uWq,uWq,uWq
uWq,uWq,uWq,uWq,uWq,uWq,uWq,uWq,uWq
uWq
uWq,uWq,uWq,uWq,uWq,uWq,uWq,uWq,uWq,uWq
uWq
uWq
uWq,uWq,uWq,uWq,uWq,uWq,uWq,uWq,uWq,uWq
uWq,uWq,uWq,uWq,uWq,uWq,uWq,uWq,uWq,uWq,uWq
uWq
uWq,uWq,uWq,uWq,uWq,uWq,uWq,uWq,uWq,uWq
uWq
uWq,uWq,uWq,uWq,uWq,uWq,uWq,uWq,uWq
uWq
uWq
uWq,uWq,uWq,uWq,uWq,uWq,uWq,uWq,uWq,uWq,uWq
uWq,uWq,uWq,uWq,uWq,uWq,uWq,uWq,uWq,uWq,uWq
uWq,uWq,uWq,uWq,uWq,uWq,uWq,uWq,uWq,uWq,uWq
uWq
uWq
uWq
uWq,uWq,uWq,uWq,uWq,uWq,uWq,uWq,uWq,uWq,uWq,uWq,uWq,uWq
uWq,uWq,uWq,uWq,uWq,uWq,uWq,uWq,uWq,uWq,uWq
uWq
uWq
uWq,uWq,uWq,uWq,uWq,uWq,uWq,uWq,uWq,uWq,uWq
uWq
uWq
uWq
uWq,uWq,uWq,uWq,uWq,uWq,uWq,uWq,uWq,uWq,uWq
uWq,uWq,uWq,uWq,uWq,uWq,uWq,uWq,uWq,uWq,uWq
uWq
uWq,uWq,uWq,uWq,uWq,uWq,uWq,uWq,uWq,uWq
uWq,uWq,uWq,uWq,uWq,uWq,uWq,uWq,uWq,uWq
uWq
uWq,uWq,uWq,uWq,uWq,uWq,uWq,uWq,uWq,uWq
uWq
uWq,uWq,uWq,uWq,uWq,uWq,uWq,uWq,uWq,uWq,uWq
uWq,uWq,uWq,uWq,uWq,uWq,uWq,uWq,uWq,uWq,uWq
uWq,uWq,uWq,uWq,uWq,uWq,uWq,uWq,uWq,uWq,uWq
uWq
uWq
uWq
uWq,uWq,uWq,uWq,uWq,uWq,uWq,uWq,uWq
uWq
uWq
uWq,uWq,uWq,uWq,uWq,uWq,uWq,uWq
uWq,uWq,uWq,uWq,uWq,uWq,uWq,uWq
uWq
uWq,uWq,uWq,uWq,uWq,uWq,uWq,uWq,uWq
uWq,uWq,uWq,uWq,uWq,uWq,uWq,uWq,uWq,uWq,uWq,uWq
uWq
uWq,uWq,uWq,uWq,uWq,uWq,uWq,uWq,uWq,uWq,uWq
uWq
uWq
uWq,uWq,uWq,uWq,uWq,uWq,uWq,uWq,uWq,uWq,uWq,uWq
uWq
uWq,uWq,uWq,uWq,uWq,uWq,uWq,uWq,uWq,uWq,uWq
uWq
uWq
uWq
uWq
uWq
uWq,uWq,uWq,uWq,uWq,uWq,uWq,uWq,uWq
uWq,uWq,uWq,uWq,uWq,uWq,uWq,uWq,uWq,uWq,uWq
uWq
uWq
uWq,uWq,uWq,uWq,uWq,uWq,uWq,uWq,uWq,uWq,uWq
uWq
uWq,uWq,uWq,uWq,uWq,uWq,uWq,uWq,uWq,uWq,uWq,uWq
uWq
uWq
uWq
uWq,uWq,uWq,uWq,uWq,uWq,uWq,uWq
uWq
uWq
uWq,uWq,uWq,uWq,uWq,uWq,uWq,uWq,uWq,uWq
uWq
uWq
uWq
uWq
uWq,uWq,uWq,uWq,uWq,uWq,uWq,uWq,uWq,uWq
uWq
uWq
uWq,uWq,uWq,uWq,uWq,uWq,uWq,uWq,uWq,uWq,uWq,uWq
uWq
uWq
uWq
uWq,uWq,uWq,uWq,uWq,uWq,uWq,uWq,uWq,uWq,uWq,uWq
uWq
uWq
uWq
uWq,uWq,uWq,uWq,uWq,uWq,uWq,uWq,uWq,uWq,uWq,uWq
uWq,uWq,uWq,uWq,uWq,uWq,uWq,uWq,uWq,uWq,uWq,uWq
uWq,uWq,uWq,uWq,uWq,uWq,uWq,uWq,uWq,uWq,uWq,uWq,uWq,uWq
uWq,uWq,uWq,uWq,uWq,uWq,uWq,uWq,uWq,uWq,uWq,uWq,uWq,uWq,uWq
uWq
uWq
uWq
uWq,uWq,uWq,uWq,uWq,uWq,uWq,uWq,uWq,uWq,uWq,uWq,uWq,uWq,uWq,uWq
uWq
uWq
uWq
uWq
uWq
uWq,uWq,uWq,uWq,uWq,uWq,uWq,uWq,uWq,uWq,uWq,uWq,uWq,uWq,uWq,uWq,uWq,uWq,uWq,uWq,uWq
uWq
uWq
uWq,uWq,uWq,uWq,uWq,uWq,uWq,uWq,uWq,uWq,uWq,uWq,uWq,uWq,uWq,uWq,uWq,uWq,uWq,uWq,uWq
uWq
uWq,uWq,uWq,uWq,uWq,uWq,uWq,uWq,uWq,uWq,uWq,uWq,uWq,uWq,uWq,uWq,uWq,uWq,uWq,uWq,uWq,uWq,uWq
uWq
uWq
uWq,uWq,uWq,uWq,uWq,uWq,uWq,uWq,uWq,uWq,uWq,uWq,uWq,uWq,uWq,uWq,uWq,uWq,uWq,uWq
uWq,uWq,uWq,uWq,uWq,uWq,uWq,uWq,uWq,uWq,uWq,uWq,uWq,uWq,uWq,uWq,uWq,uWq,uWq,uWq,uWq
uWq
uWq
uWq,uWq,uWq,uWq,uWq,uWq,uWq,uWq,uWq,uWq,uWq,uWq,uWq,uWq,uWq,uWq,uWq,uWq,uWq,uWq,uWq,uWq
uWq,uWq,uWq,uWq,uWq,uWq,uWq,uWq,uWq,uWq,uWq,uWq,uWq,uWq,uWq,uWq,uWq,uWq,uWq,uWq,uWq
uWq
uWq
uWq,uWq,uWq,uWq,uWq,uWq,uWq,uWq,uWq,uWq,uWq,uWq,uWq,uWq,uWq,uWq,uWq,uWq,uWq
uWq
uWq
uWq,uWq,uWq,uWq,uWq,uWq,uWq,uWq,uWq,uWq,uWq,uWq,uWq,uWq,uWq,uWq,uWq,uWq,uWq,uWq,uWq
uWq,uWq,uWq,uWq,uWq,uWq,uWq,uWq,uWq,uWq,uWq,uWq,uWq,uWq,uWq,uWq,uWq,uWq,uWq,uWq,uWq
uWq,uWq,uWq,uWq,uWq,uWq,uWq,uWq,uWq,uWq,uWq,uWq,uWq,uWq,uWq,uWq,uWq,uWq,uWq,uWq,uWq
uWq
uWq,uWq,uWq,uWq,uWq,uWq,uWq,uWq,uWq,uWq,uWq,uWq,uWq,uWq,uWq,uWq,uWq,uWq,uWq,uWq,uWq
uWq
uWq
uWq
uWq,uWq,uWq,uWq,uWq,uWq,uWq,uWq,uWq,uWq,uWq,uWq,uWq,uWq,uWq,uWq,uWq,uWq,uWq,uWq,uWq,uWq,uWq
uWq,uWq,uWq,uWq,uWq,uWq,uWq,uWq,uWq,uWq,uWq,uWq,uWq,uWq,uWq,uWq,uWq,uWq,uWq,uWq,uWq,uWq,uWq
uWq
uWq,uWq,uWq,uWq,uWq,uWq,uWq,uWq,uWq,uWq,uWq,uWq,uWq,uWq,uWq,uWq,uWq,uWq,uWq,uWq,uWq,uWq
uWq
uWq,uWq,uWq,uWq,uWq,uWq,uWq,uWq,uWq,uWq,uWq,uWq,uWq,uWq,uWq,uWq,uWq,uWq,uWq,uWq,uWq,uWq,uWq
uWq
uWq
uWq,uWq,uWq,uWq,uWq,uWq,uWq,uWq,uWq,uWq,uWq,uWq,uWq,uWq,uWq,uWq,uWq,uWq,uWq,uWq,uWq,uWq
uWq
uWq,uWq,uWq,uWq,uWq,uWq,uWq,uWq,uWq,uWq,uWq,uWq,uWq,uWq,uWq,uWq,uWq,uWq,uWq,uWq,uWq,uWq,uWq
uWq,uWq,uWq,uWq,uWq,uWq,uWq,uWq,uWq,uWq,uWq,uWq,uWq,uWq,uWq,uWq,uWq,uWq,uWq,uWq,uWq,uWq,uWq
uWq,uWq,uWq,uWq,uWq,uWq,uWq,uWq,uWq,uWq,uWq,uWq,uWq,uWq,uWq,uWq,uWq,uWq,uWq,uWq,uWq,uWq
Jedi Wagner, assuma o comando!