[vazia]
Toque! Toque, Dijê!
efqmHgp,KvTLquywpT,VQ
KvTLquywpT
efqmHgp,KvTLquywpT,VQ,KvTLquywpT,ibfuoKfPX
efqmHgp,KvTLquywpT,ibfuoKfPX,VQ,KvTLquywpT
ibfuoKfPX
VQ
KvTLquywpT
efqmHgp,KvTLquywpT,ibfuoKfPX,KvTLquywpT,VQ,efqmHgp
efqmHgp,KvTLquywpT,ibfuoKfPX,KvTLquywpT,VQ,efqmHgp
KvTLquywpT
efqmHgp,KvTLquywpT,ibfuoKfPX,KvTLquywpT,VQ,efqmHgp
ibfuoKfPX
KvTLquywpT
KvTLquywpT
KvTLquywpT,efqmHgp
KvTLquywpT,efqmHgp,ibfuoKfPX
efqmHgp
efqmHgp
KvTLquywpT,efqmHgp,ibfuoKfPX
ibfuoKfPX
efqmHgp,ibfuoKfPX,KvTLquywpT
efqmHgp,ibfuoKfPX,KvTLquywpT
efqmHgp,ibfuoKfPX,KvTLquywpT
efqmHgp,ibfuoKfPX,KvTLquywpT
ibfuoKfPX
KvTLquywpT,efqmHgp,ibfuoKfPX,ibfuoKfPX,tiLiH
KvTLquywpT,efqmHgp,ibfuoKfPX,ibfuoKfPX,tiLiH,ibfuoKfPX
ibfuoKfPX
ibfuoKfPX
ibfuoKfPX
KvTLquywpT,efqmHgp,ibfuoKfPX,ibfuoKfPX
KvTLquywpT
KvTLquywpT,efqmHgp,ibfuoKfPX,KvTLquywpT
KvTLquywpT,efqmHgp,ibfuoKfPX,KvTLquywpT
KvTLquywpT
KvTLquywpT,ibfuoKfPX,KvTLquywpT,VQ,efqmHgp
ibfuoKfPX
ibfuoKfPX
ibfuoKfPX,VQ,KvTLquywpT,efqmHgp,efqmHgp
ibfuoKfPX,VQ,KvTLquywpT,efqmHgp,efqmHgp
ibfuoKfPX,VQ,KvTLquywpT,efqmHgp,efqmHgp
ibfuoKfPX,VQ,efqmHgp,efqmHgp
KvTLquywpT,efqmHgp,ibfuoKfPX,ibfuoKfPX
KvTLquywpT,efqmHgp,ibfuoKfPX,ibfuoKfPX
KvTLquywpT,efqmHgp,ibfuoKfPX,ibfuoKfPX
KvTLquywpT,efqmHgp,ibfuoKfPX,ibfuoKfPX
efqmHgp
KvTLquywpT,efqmHgp,ibfuoKfPX,ibfuoKfPX
efqmHgp
efqmHgp
KvTLquywpT,efqmHgp,ibfuoKfPX,ibfuoKfPX,ibfuoKfPX
KvTLquywpT
KvTLquywpT,ibfuoKfPX,ibfuoKfPX,ibfuoKfPX,VQ
KvTLquywpT,ibfuoKfPX,ibfuoKfPX,ibfuoKfPX,efqmHgp
ibfuoKfPX
KvTLquywpT,ibfuoKfPX,ibfuoKfPX,ibfuoKfPX
ibfuoKfPX
ibfuoKfPX
KvTLquywpT,ibfuoKfPX,ibfuoKfPX,ibfuoKfPX,BRQoRxQxQ
ibfuoKfPX
ibfuoKfPX
Jedi Wagner, assuma o comando!