Toque! Toque, Dijê!
[vazia]
Toque! Toque, Dijê!
[vazia]
Toque! Toque, Dijê!
[vazia]
[vazia]
Toque! Toque, Dijê!
Toque! Toque, Dijê!
PgC
PgC
PgC
Toque! Toque, Dijê!
Toque! Toque, Dijê!
Toque! Toque, Dijê!
Toque! Toque, Dijê!
[vazia]
Toque! Toque, Dijê!
Toque! Toque, Dijê!
G
G
G
G,G
G
Toque! Toque, Dijê!
Toque! Toque, Dijê!
Toque! Toque, Dijê!
[vazia]
G
G
G
G
G
G
G
[vazia]
Toque! Toque, Dijê!
G
G,PgC
G,PgC
G
G
G
G
Toque! Toque, Dijê!
PgC
PgC
PgC,PgC
PgC,PgC
PgC,PgC
PgC
PgC,PgC
PgC
PgC,PgC,G
PgC
PgC
PgC,G,PgC,PgC,PgC
PgC
PgC
PgC
PgC,PgC
G,PgC,PgC
PgC
PgC,PgC,G,G
PgC,PgC,G
PgC,PgC
PgC,PgC,G
PgC
PgC
PgC
PgC
PgC,G,PgC
PgC
PgC,G,PgC
PgC,G,PgC
PgC,G,PgC
PgC,PgC,PgC
PgC,PgC
PgC,PgC
PgC,PgC,PgC
PgC
PgC
PgC,PgC
PgC,PgC
PgC,PgC
G
PgC,G
G
G
PgC,G
G
G,PgC,G,G
G,PgC,G,G
PgC
PgC
PgC,G,G,PgC,PgC,PgC
G,PgC,PgC,PgC
PgC
PgC
PgC
PgC,PgC,PgC
PgC
PgC
PgC
PgC,PgC,PgC
PgC
PgC,PgC,PgC
PgC
PgC,PgC,PgC,G
PgC
G
G
G,PgC,PgC,PgC
PgC
G,PgC,PgC,PgC,PgC
G
PgC
PgC
G
PgC
PgC
PgC,PgC
PgC
PgC
PgC
G,PgC,PgC
G,PgC,PgC
PgC
PgC,PgC
G,PgC,PgC
PgC
G,PgC,PgC,G
PgC
G,PgC,PgC,G,G,G
G,PgC,PgC,G,G,G
G,PgC,PgC,G,G,G,PgC
G
G
G
PgC
G,G,G,PgC,PgC,G,PgC
PgC
G,G,G,PgC,PgC,G,PgC
G,G,G,PgC,PgC,G,PgC
G,G,G,PgC,PgC,G,PgC
PgC
G
G
G,G,G
G,G,G,G
G,G,G,G
G,G,G,G,PgC
G,G
G,PgC
G,PgC
G,PgC,PgC
G,G,PgC
G
G,G
G,G
G,G,G,G,PgC
G,G,G,G,PgC
G
G
G,G,G,G,PgC,PgC
G,G,G,G,PgC,PgC
G,G,G,PgC,PgC
G,G,G,G,PgC
G,G,G,PgC
G
G,G,G,G,PgC
G,G,G,G,PgC,PgC
G,G,G,PgC,G
PgC
G,G,PgC,G,G,PgC
G,G,PgC,G,G,PgC
PgC
G,G,PgC,G,G,PgC
G
G,PgC,G,G,PgC
PgC
G,G,G,PgC,PgC
G,PgC,G,G,PgC
PgC
PgC
G,G,G,PgC,PgC,PgC,G
PgC
PgC,G,G,PgC,G
PgC
PgC
G
PgC,G,PgC,G,G
G
G
G,PgC,G,PgC,G,PgC
Jedi Wagner, assuma o comando!