Toque! Toque, Dijê!
Toque! Toque, Dijê!
Toque! Toque, Dijê!
Toque! Toque, Dijê!
[vazia]
Toque! Toque, Dijê!
Toque! Toque, Dijê!
Toque! Toque, Dijê!
Toque! Toque, Dijê!
Toque! Toque, Dijê!
Toque! Toque, Dijê!
Toque! Toque, Dijê!
[vazia]
Toque! Toque, Dijê!
[vazia]
[vazia]
Toque! Toque, Dijê!
[vazia]
Toque! Toque, Dijê!
[vazia]
JnCoXgiqWd,JnCoXgiqWd,JnCoXgiqWd
JnCoXgiqWd
JnCoXgiqWd
[vazia]
Toque! Toque, Dijê!
Toque! Toque, Dijê!
JnCoXgiqWd
[vazia]
Toque! Toque, Dijê!
[vazia]
Toque! Toque, Dijê!
Toque! Toque, Dijê!
JnCoXgiqWd
JnCoXgiqWd
JnCoXgiqWd
JnCoXgiqWd
JnCoXgiqWd
JnCoXgiqWd
JnCoXgiqWd
JnCoXgiqWd
JnCoXgiqWd
[vazia]
Toque! Toque, Dijê!
Toque! Toque, Dijê!
[vazia]
JnCoXgiqWd
JnCoXgiqWd,JnCoXgiqWd
[vazia]
Toque! Toque, Dijê!
[vazia]
Toque! Toque, Dijê!
Toque! Toque, Dijê!
JnCoXgiqWd
JnCoXgiqWd
JnCoXgiqWd
JnCoXgiqWd
Toque! Toque, Dijê!
Toque! Toque, Dijê!
JnCoXgiqWd
JnCoXgiqWd
Toque! Toque, Dijê!
[vazia]
[vazia]
Toque! Toque, Dijê!
JnCoXgiqWd
JnCoXgiqWd,JnCoXgiqWd
Toque! Toque, Dijê!
[vazia]
[vazia]
JnCoXgiqWd,JnCoXgiqWd
JnCoXgiqWd,JnCoXgiqWd
JnCoXgiqWd,JnCoXgiqWd
JnCoXgiqWd
JnCoXgiqWd
JnCoXgiqWd
JnCoXgiqWd
JnCoXgiqWd,JnCoXgiqWd
JnCoXgiqWd
JnCoXgiqWd
JnCoXgiqWd
JnCoXgiqWd
JnCoXgiqWd,JnCoXgiqWd
JnCoXgiqWd
JnCoXgiqWd,JnCoXgiqWd
JnCoXgiqWd
JnCoXgiqWd
JnCoXgiqWd,JnCoXgiqWd
JnCoXgiqWd,JnCoXgiqWd
JnCoXgiqWd
JnCoXgiqWd
JnCoXgiqWd
JnCoXgiqWd
JnCoXgiqWd
JnCoXgiqWd,JnCoXgiqWd,JnCoXgiqWd
JnCoXgiqWd
JnCoXgiqWd
JnCoXgiqWd
JnCoXgiqWd
JnCoXgiqWd
JnCoXgiqWd
JnCoXgiqWd,JnCoXgiqWd,JnCoXgiqWd
JnCoXgiqWd
JnCoXgiqWd,JnCoXgiqWd
JnCoXgiqWd
JnCoXgiqWd
JnCoXgiqWd
JnCoXgiqWd
JnCoXgiqWd,JnCoXgiqWd,JnCoXgiqWd
JnCoXgiqWd,JnCoXgiqWd,JnCoXgiqWd
JnCoXgiqWd
JnCoXgiqWd
JnCoXgiqWd
JnCoXgiqWd,JnCoXgiqWd,JnCoXgiqWd
JnCoXgiqWd,JnCoXgiqWd,JnCoXgiqWd
JnCoXgiqWd
JnCoXgiqWd,JnCoXgiqWd
JnCoXgiqWd
[vazia]
Toque! Toque, Dijê!
JnCoXgiqWd
JnCoXgiqWd
JnCoXgiqWd
JnCoXgiqWd,JnCoXgiqWd
JnCoXgiqWd
JnCoXgiqWd
JnCoXgiqWd,JnCoXgiqWd,JnCoXgiqWd
JnCoXgiqWd
JnCoXgiqWd
JnCoXgiqWd,JnCoXgiqWd,JnCoXgiqWd
JnCoXgiqWd
JnCoXgiqWd,JnCoXgiqWd,JnCoXgiqWd
JnCoXgiqWd,JnCoXgiqWd,JnCoXgiqWd
JnCoXgiqWd
JnCoXgiqWd,JnCoXgiqWd,JnCoXgiqWd,JnCoXgiqWd
JnCoXgiqWd,JnCoXgiqWd,JnCoXgiqWd
JnCoXgiqWd,JnCoXgiqWd,JnCoXgiqWd
JnCoXgiqWd,JnCoXgiqWd,JnCoXgiqWd
JnCoXgiqWd
JnCoXgiqWd
JnCoXgiqWd
JnCoXgiqWd,JnCoXgiqWd
JnCoXgiqWd,JnCoXgiqWd
JnCoXgiqWd
JnCoXgiqWd
JnCoXgiqWd,JnCoXgiqWd
JnCoXgiqWd,JnCoXgiqWd,JnCoXgiqWd
JnCoXgiqWd
JnCoXgiqWd
JnCoXgiqWd
JnCoXgiqWd
JnCoXgiqWd
JnCoXgiqWd,JnCoXgiqWd,JnCoXgiqWd,JnCoXgiqWd
JnCoXgiqWd,JnCoXgiqWd,JnCoXgiqWd,JnCoXgiqWd
JnCoXgiqWd
JnCoXgiqWd,JnCoXgiqWd,JnCoXgiqWd
JnCoXgiqWd
JnCoXgiqWd,JnCoXgiqWd
JnCoXgiqWd
JnCoXgiqWd
JnCoXgiqWd
JnCoXgiqWd
JnCoXgiqWd
JnCoXgiqWd,JnCoXgiqWd,JnCoXgiqWd,JnCoXgiqWd,JnCoXgiqWd
JnCoXgiqWd
JnCoXgiqWd,JnCoXgiqWd,JnCoXgiqWd,JnCoXgiqWd,JnCoXgiqWd,JnCoXgiqWd,JnCoXgiqWd,JnCoXgiqWd,JnCoXgiqWd
JnCoXgiqWd
JnCoXgiqWd
JnCoXgiqWd,JnCoXgiqWd,JnCoXgiqWd,JnCoXgiqWd,JnCoXgiqWd,JnCoXgiqWd,JnCoXgiqWd,JnCoXgiqWd
JnCoXgiqWd,JnCoXgiqWd,JnCoXgiqWd,JnCoXgiqWd,JnCoXgiqWd,JnCoXgiqWd,JnCoXgiqWd,JnCoXgiqWd,JnCoXgiqWd
JnCoXgiqWd,JnCoXgiqWd,JnCoXgiqWd,JnCoXgiqWd,JnCoXgiqWd,JnCoXgiqWd,JnCoXgiqWd,JnCoXgiqWd,JnCoXgiqWd
JnCoXgiqWd,JnCoXgiqWd,JnCoXgiqWd,JnCoXgiqWd,JnCoXgiqWd,JnCoXgiqWd,JnCoXgiqWd,JnCoXgiqWd,JnCoXgiqWd
JnCoXgiqWd,JnCoXgiqWd,JnCoXgiqWd,JnCoXgiqWd,JnCoXgiqWd,JnCoXgiqWd,JnCoXgiqWd,JnCoXgiqWd,JnCoXgiqWd,JnCoXgiqWd
JnCoXgiqWd,JnCoXgiqWd,JnCoXgiqWd,JnCoXgiqWd,JnCoXgiqWd,JnCoXgiqWd,JnCoXgiqWd,JnCoXgiqWd,JnCoXgiqWd,JnCoXgiqWd
JnCoXgiqWd
JnCoXgiqWd,JnCoXgiqWd,JnCoXgiqWd,JnCoXgiqWd,JnCoXgiqWd,JnCoXgiqWd,JnCoXgiqWd,JnCoXgiqWd,JnCoXgiqWd,JnCoXgiqWd
JnCoXgiqWd,JnCoXgiqWd,JnCoXgiqWd,JnCoXgiqWd,JnCoXgiqWd,JnCoXgiqWd,JnCoXgiqWd,JnCoXgiqWd,JnCoXgiqWd,JnCoXgiqWd
JnCoXgiqWd
JnCoXgiqWd
JnCoXgiqWd
JnCoXgiqWd,JnCoXgiqWd,JnCoXgiqWd,JnCoXgiqWd,JnCoXgiqWd,JnCoXgiqWd,JnCoXgiqWd,JnCoXgiqWd,JnCoXgiqWd,JnCoXgiqWd
JnCoXgiqWd
JnCoXgiqWd,JnCoXgiqWd,JnCoXgiqWd,JnCoXgiqWd,JnCoXgiqWd,JnCoXgiqWd,JnCoXgiqWd,JnCoXgiqWd,JnCoXgiqWd,JnCoXgiqWd,JnCoXgiqWd
JnCoXgiqWd
JnCoXgiqWd,JnCoXgiqWd,JnCoXgiqWd,JnCoXgiqWd,JnCoXgiqWd,JnCoXgiqWd,JnCoXgiqWd,JnCoXgiqWd,JnCoXgiqWd,JnCoXgiqWd,JnCoXgiqWd
JnCoXgiqWd,JnCoXgiqWd,JnCoXgiqWd,JnCoXgiqWd,JnCoXgiqWd,JnCoXgiqWd,JnCoXgiqWd,JnCoXgiqWd,JnCoXgiqWd,JnCoXgiqWd,JnCoXgiqWd
JnCoXgiqWd,JnCoXgiqWd,JnCoXgiqWd,JnCoXgiqWd,JnCoXgiqWd,JnCoXgiqWd,JnCoXgiqWd,JnCoXgiqWd,JnCoXgiqWd
JnCoXgiqWd
JnCoXgiqWd,JnCoXgiqWd,JnCoXgiqWd,JnCoXgiqWd,JnCoXgiqWd,JnCoXgiqWd,JnCoXgiqWd,JnCoXgiqWd
JnCoXgiqWd
JnCoXgiqWd,JnCoXgiqWd,JnCoXgiqWd,JnCoXgiqWd,JnCoXgiqWd,JnCoXgiqWd,JnCoXgiqWd,JnCoXgiqWd,JnCoXgiqWd,JnCoXgiqWd
JnCoXgiqWd,JnCoXgiqWd,JnCoXgiqWd,JnCoXgiqWd,JnCoXgiqWd,JnCoXgiqWd,JnCoXgiqWd,JnCoXgiqWd,JnCoXgiqWd,JnCoXgiqWd
JnCoXgiqWd
JnCoXgiqWd
JnCoXgiqWd,JnCoXgiqWd,JnCoXgiqWd,JnCoXgiqWd,JnCoXgiqWd,JnCoXgiqWd,JnCoXgiqWd,JnCoXgiqWd
JnCoXgiqWd
JnCoXgiqWd,JnCoXgiqWd,JnCoXgiqWd,JnCoXgiqWd,JnCoXgiqWd,JnCoXgiqWd,JnCoXgiqWd,JnCoXgiqWd,JnCoXgiqWd,JnCoXgiqWd
JnCoXgiqWd
JnCoXgiqWd,JnCoXgiqWd,JnCoXgiqWd,JnCoXgiqWd,JnCoXgiqWd,JnCoXgiqWd,JnCoXgiqWd,JnCoXgiqWd,JnCoXgiqWd,JnCoXgiqWd
JnCoXgiqWd,JnCoXgiqWd,JnCoXgiqWd,JnCoXgiqWd,JnCoXgiqWd,JnCoXgiqWd,JnCoXgiqWd,JnCoXgiqWd,JnCoXgiqWd,JnCoXgiqWd
JnCoXgiqWd,JnCoXgiqWd,JnCoXgiqWd,JnCoXgiqWd,JnCoXgiqWd,JnCoXgiqWd,JnCoXgiqWd,JnCoXgiqWd,JnCoXgiqWd,JnCoXgiqWd,JnCoXgiqWd
JnCoXgiqWd,JnCoXgiqWd,JnCoXgiqWd,JnCoXgiqWd,JnCoXgiqWd,JnCoXgiqWd,JnCoXgiqWd,JnCoXgiqWd,JnCoXgiqWd,JnCoXgiqWd,JnCoXgiqWd
JnCoXgiqWd
JnCoXgiqWd,JnCoXgiqWd,JnCoXgiqWd,JnCoXgiqWd,JnCoXgiqWd,JnCoXgiqWd,JnCoXgiqWd,JnCoXgiqWd,JnCoXgiqWd,JnCoXgiqWd,JnCoXgiqWd,JnCoXgiqWd
JnCoXgiqWd,JnCoXgiqWd,JnCoXgiqWd,JnCoXgiqWd,JnCoXgiqWd,JnCoXgiqWd,JnCoXgiqWd,JnCoXgiqWd,JnCoXgiqWd,JnCoXgiqWd,JnCoXgiqWd
JnCoXgiqWd,JnCoXgiqWd,JnCoXgiqWd,JnCoXgiqWd,JnCoXgiqWd,JnCoXgiqWd,JnCoXgiqWd,JnCoXgiqWd,JnCoXgiqWd,JnCoXgiqWd,JnCoXgiqWd
JnCoXgiqWd,JnCoXgiqWd,JnCoXgiqWd,JnCoXgiqWd,JnCoXgiqWd,JnCoXgiqWd,JnCoXgiqWd,JnCoXgiqWd,JnCoXgiqWd,JnCoXgiqWd,JnCoXgiqWd
JnCoXgiqWd
JnCoXgiqWd
JnCoXgiqWd
JnCoXgiqWd,JnCoXgiqWd,JnCoXgiqWd,JnCoXgiqWd,JnCoXgiqWd,JnCoXgiqWd,JnCoXgiqWd,JnCoXgiqWd
JnCoXgiqWd,JnCoXgiqWd,JnCoXgiqWd,JnCoXgiqWd,JnCoXgiqWd,JnCoXgiqWd,JnCoXgiqWd,JnCoXgiqWd,JnCoXgiqWd
JnCoXgiqWd
JnCoXgiqWd,JnCoXgiqWd,JnCoXgiqWd,JnCoXgiqWd,JnCoXgiqWd,JnCoXgiqWd,JnCoXgiqWd,JnCoXgiqWd,JnCoXgiqWd
JnCoXgiqWd
JnCoXgiqWd,JnCoXgiqWd,JnCoXgiqWd,JnCoXgiqWd,JnCoXgiqWd,JnCoXgiqWd,JnCoXgiqWd,JnCoXgiqWd
JnCoXgiqWd
JnCoXgiqWd,JnCoXgiqWd,JnCoXgiqWd,JnCoXgiqWd,JnCoXgiqWd,JnCoXgiqWd,JnCoXgiqWd
JnCoXgiqWd
JnCoXgiqWd
JnCoXgiqWd,JnCoXgiqWd,JnCoXgiqWd,JnCoXgiqWd,JnCoXgiqWd,JnCoXgiqWd,JnCoXgiqWd,JnCoXgiqWd
JnCoXgiqWd,JnCoXgiqWd,JnCoXgiqWd,JnCoXgiqWd,JnCoXgiqWd,JnCoXgiqWd,JnCoXgiqWd,JnCoXgiqWd
JnCoXgiqWd
JnCoXgiqWd
JnCoXgiqWd,JnCoXgiqWd,JnCoXgiqWd,JnCoXgiqWd,JnCoXgiqWd,JnCoXgiqWd,JnCoXgiqWd,JnCoXgiqWd,JnCoXgiqWd,JnCoXgiqWd
JnCoXgiqWd,JnCoXgiqWd,JnCoXgiqWd,JnCoXgiqWd,JnCoXgiqWd,JnCoXgiqWd,JnCoXgiqWd,JnCoXgiqWd,JnCoXgiqWd,JnCoXgiqWd
JnCoXgiqWd,JnCoXgiqWd,JnCoXgiqWd,JnCoXgiqWd,JnCoXgiqWd,JnCoXgiqWd,JnCoXgiqWd,JnCoXgiqWd,JnCoXgiqWd,JnCoXgiqWd
Jedi Wagner, assuma o comando!