[vazia]
xDH
xDH
ASEaWqs
[vazia]
[vazia]
UcdFvJ
UcdFvJ
UcdFvJ
UcdFvJ
UcdFvJ
UcdFvJ
UcdFvJ,xDH
UcdFvJ
UcdFvJ
UcdFvJ
UcdFvJ
UcdFvJ
UcdFvJ,xDH
UcdFvJ
UcdFvJ
UcdFvJ
UcdFvJ,ASEaWqs
UcdFvJ,ASEaWqs
UcdFvJ
UcdFvJ
UcdFvJ
ASEaWqs
ASEaWqs,UcdFvJ,SDDUdbtUJ
ASEaWqs,UcdFvJ,SDDUdbtUJ
ASEaWqs,UcdFvJ,SDDUdbtUJ,TwdEaKFz
ASEaWqs
ASEaWqs
ASEaWqs
ASEaWqs
UcdFvJ,ASEaWqs,SDDUdbtUJ
UcdFvJ
UcdFvJ
UcdFvJ,SDDUdbtUJ,SDDUdbtUJ,xDH
UcdFvJ,SDDUdbtUJ,SDDUdbtUJ,xDH
SDDUdbtUJ
SDDUdbtUJ
SDDUdbtUJ
UcdFvJ,SDDUdbtUJ,SDDUdbtUJ
SDDUdbtUJ
SDDUdbtUJ,SDDUdbtUJ,UcdFvJ,SDDUdbtUJ
SDDUdbtUJ,SDDUdbtUJ,UcdFvJ,SDDUdbtUJ
SDDUdbtUJ
SDDUdbtUJ
UcdFvJ,SDDUdbtUJ,SDDUdbtUJ,ASEaWqs
UcdFvJ,ASEaWqs,SDDUdbtUJ,SDDUdbtUJ
UcdFvJ,SDDUdbtUJ,SDDUdbtUJ
UcdFvJ,SDDUdbtUJ
UcdFvJ,SDDUdbtUJ,CfunerXL
CfunerXL
SDDUdbtUJ,CfunerXL
CfunerXL
CfunerXL
SDDUdbtUJ,CfunerXL
CfunerXL
SDDUdbtUJ,CfunerXL
SDDUdbtUJ
SDDUdbtUJ
SDDUdbtUJ
SDDUdbtUJ
SDDUdbtUJ,CfunerXL
SDDUdbtUJ
SDDUdbtUJ
SDDUdbtUJ
SDDUdbtUJ,UcdFvJ
SDDUdbtUJ,UcdFvJ
SDDUdbtUJ
SDDUdbtUJ,UcdFvJ
SDDUdbtUJ,UcdFvJ
SDDUdbtUJ,UcdFvJ
SDDUdbtUJ
SDDUdbtUJ
SDDUdbtUJ,SDDUdbtUJ
SDDUdbtUJ,SDDUdbtUJ
SDDUdbtUJ
SDDUdbtUJ,SDDUdbtUJ
SDDUdbtUJ
SDDUdbtUJ
SDDUdbtUJ,SDDUdbtUJ
SDDUdbtUJ
SDDUdbtUJ,SDDUdbtUJ
SDDUdbtUJ
SDDUdbtUJ,SDDUdbtUJ
SDDUdbtUJ,SDDUdbtUJ,xDH,TwdEaKFz
SDDUdbtUJ,SDDUdbtUJ,xDH,TwdEaKFz
SDDUdbtUJ,SDDUdbtUJ,xDH,SDDUdbtUJ,UcdFvJ
SDDUdbtUJ
SDDUdbtUJ,SDDUdbtUJ
SDDUdbtUJ,SDDUdbtUJ
SDDUdbtUJ
SDDUdbtUJ,SDDUdbtUJ,SDDUdbtUJ
SDDUdbtUJ
SDDUdbtUJ,SDDUdbtUJ,xDH,xDH
SDDUdbtUJ,SDDUdbtUJ,xDH,xDH
SDDUdbtUJ
SDDUdbtUJ,SDDUdbtUJ,xDH,SDDUdbtUJ
SDDUdbtUJ
xDH
SDDUdbtUJ,SDDUdbtUJ,xDH,SDDUdbtUJ
xDH
SDDUdbtUJ,SDDUdbtUJ,xDH,SDDUdbtUJ
xDH
xDH
xDH
SDDUdbtUJ,SDDUdbtUJ,xDH,SDDUdbtUJ,UcdFvJ
xDH
SDDUdbtUJ,SDDUdbtUJ,xDH,SDDUdbtUJ,UcdFvJ
xDH
SDDUdbtUJ
WdDnXUdmr
xDH
xDH
SDDUdbtUJ,WdDnXUdmr,SDDUdbtUJ,UcdFvJ,xDH,SDDUdbtUJ,WdDnXUdmr
SDDUdbtUJ,WdDnXUdmr,SDDUdbtUJ,UcdFvJ,xDH,SDDUdbtUJ,WdDnXUdmr
xDH
SDDUdbtUJ,WdDnXUdmr,SDDUdbtUJ,UcdFvJ,xDH,SDDUdbtUJ
xDH
WdDnXUdmr
WdDnXUdmr,SDDUdbtUJ,UcdFvJ,xDH,SDDUdbtUJ
SDDUdbtUJ,WdDnXUdmr,SDDUdbtUJ,UcdFvJ,xDH,SDDUdbtUJ,CfunerXL
SDDUdbtUJ,WdDnXUdmr,SDDUdbtUJ,UcdFvJ,xDH,SDDUdbtUJ,CfunerXL
SDDUdbtUJ,WdDnXUdmr,SDDUdbtUJ,UcdFvJ,xDH,SDDUdbtUJ,UcdFvJ,CfunerXL
WdDnXUdmr
SDDUdbtUJ,SDDUdbtUJ,UcdFvJ,xDH,WdDnXUdmr,SDDUdbtUJ,UcdFvJ,CfunerXL,UcdFvJ,UcdFvJ,TwdEaKFz,WdDnXUdmr
SDDUdbtUJ,SDDUdbtUJ,UcdFvJ,xDH,WdDnXUdmr,SDDUdbtUJ,UcdFvJ,CfunerXL,UcdFvJ,UcdFvJ,TwdEaKFz,WdDnXUdmr
SDDUdbtUJ,UcdFvJ,xDH,WdDnXUdmr,SDDUdbtUJ,UcdFvJ,CfunerXL,UcdFvJ,UcdFvJ,TwdEaKFz,WdDnXUdmr
WdDnXUdmr
SDDUdbtUJ,SDDUdbtUJ,UcdFvJ,xDH,WdDnXUdmr,SDDUdbtUJ,UcdFvJ,CfunerXL,UcdFvJ,UcdFvJ,CfunerXL
SDDUdbtUJ,SDDUdbtUJ,UcdFvJ,xDH,WdDnXUdmr,SDDUdbtUJ,UcdFvJ,CfunerXL,UcdFvJ,UcdFvJ,CfunerXL
WdDnXUdmr
SDDUdbtUJ,xDH,CfunerXL,WdDnXUdmr,SDDUdbtUJ,UcdFvJ,UcdFvJ,UcdFvJ
xDH
xDH
SDDUdbtUJ,CfunerXL,WdDnXUdmr,xDH,SDDUdbtUJ,UcdFvJ,UcdFvJ,UcdFvJ
xDH
UcdFvJ
SDDUdbtUJ
SDDUdbtUJ
SDDUdbtUJ
SDDUdbtUJ
SDDUdbtUJ,SDDUdbtUJ,UcdFvJ,UcdFvJ,xDH,WdDnXUdmr,UcdFvJ,TwdEaKFz
xDH
xDH
SDDUdbtUJ
SDDUdbtUJ
UcdFvJ,UcdFvJ,xDH,SDDUdbtUJ,SDDUdbtUJ,WdDnXUdmr,UcdFvJ,TwdEaKFz
xDH,SDDUdbtUJ,WdDnXUdmr,UcdFvJ,SDDUdbtUJ,UcdFvJ,UcdFvJ,TwdEaKFz
SDDUdbtUJ,WdDnXUdmr,UcdFvJ,SDDUdbtUJ,UcdFvJ,xDH,UcdFvJ,TwdEaKFz,UcdFvJ
SDDUdbtUJ,WdDnXUdmr,UcdFvJ,SDDUdbtUJ,UcdFvJ,xDH,UcdFvJ,TwdEaKFz,UcdFvJ
UcdFvJ
SDDUdbtUJ,WdDnXUdmr,UcdFvJ,SDDUdbtUJ,UcdFvJ,xDH,UcdFvJ,TwdEaKFz,UcdFvJ,xDH,ASEaWqs
UcdFvJ
UcdFvJ
WdDnXUdmr,SDDUdbtUJ,UcdFvJ,SDDUdbtUJ,xDH,UcdFvJ,TwdEaKFz,UcdFvJ,xDH,ASEaWqs,SDDUdbtUJ,TwdEaKFz,xDH
TwdEaKFz
WdDnXUdmr,SDDUdbtUJ,UcdFvJ,SDDUdbtUJ,xDH,UcdFvJ,TwdEaKFz,UcdFvJ,xDH,ASEaWqs,SDDUdbtUJ,TwdEaKFz,xDH,SDDUdbtUJ
TwdEaKFz
TwdEaKFz
WdDnXUdmr,UcdFvJ,SDDUdbtUJ,UcdFvJ,TwdEaKFz,xDH,UcdFvJ,xDH,ASEaWqs,SDDUdbtUJ,TwdEaKFz,xDH
WdDnXUdmr,UcdFvJ,SDDUdbtUJ,UcdFvJ,TwdEaKFz,xDH,UcdFvJ,xDH,ASEaWqs,SDDUdbtUJ,TwdEaKFz,xDH
TwdEaKFz
Jedi Wagner, assuma o comando!