Toque! Toque, Dijê!
Toque! Toque, Dijê!
AWVv
AWVv,SnFUo
AWVv,SnFUo
AWVv
AWVv
AWVv,SnFUo
AWVv,SnFUo,XUjrhIQxln
AWVv,SnFUo,XUjrhIQxln
AWVv,SnFUo,XUjrhIQxln
SnFUo
RHd
SnFUo,RHd,XUjrhIQxln
RHd
SnFUo,XUjrhIQxln,RHd
SnFUo,XUjrhIQxln,RHd
RHd
SnFUo,XUjrhIQxln,RHd,nzixtP
XUjrhIQxln
SnFUo,XUjrhIQxln,RHd,nzixtP
SnFUo,XUjrhIQxln,RHd,nzixtP,RHd
nzixtP
nzixtP
nzixtP
XUjrhIQxln,RHd,nzixtP,RHd,ntaLhvr
nzixtP
nzixtP
RHd,nzixtP,XUjrhIQxln,RHd,ntaLhvr,AWVv
RHd,nzixtP,XUjrhIQxln,RHd,ntaLhvr,AWVv
RHd,nzixtP,XUjrhIQxln,RHd,ntaLhvr,AWVv,ntaLhvr
XUjrhIQxln
ntaLhvr
AWVv
RHd,nzixtP,XUjrhIQxln,RHd,ntaLhvr,AWVv,ntaLhvr
RHd,nzixtP,XUjrhIQxln,RHd,ntaLhvr,AWVv,ntaLhvr
nzixtP,XUjrhIQxln,RHd,AWVv,RHd,ntaLhvr,ntaLhvr,RHd
AWVv
nzixtP,XUjrhIQxln,RHd,RHd,AWVv,ntaLhvr,ntaLhvr,RHd,QorqUMjo
AWVv
nzixtP,XUjrhIQxln,RHd,AWVv,RHd,ntaLhvr,ntaLhvr,RHd
RHd
RHd
RHd
nzixtP,XUjrhIQxln,RHd,AWVv,RHd,ntaLhvr,ntaLhvr,RHd
ntaLhvr
ntaLhvr
ntaLhvr
RHd
nzixtP,XUjrhIQxln,RHd,AWVv,RHd,ntaLhvr,ntaLhvr,RHd,xHNylbzZP,XUjrhIQxln
RHd
XUjrhIQxln,RHd,AWVv,RHd,ntaLhvr,ntaLhvr,RHd,xHNylbzZP,XUjrhIQxln,Bwas,xHNylbzZP,Bwas
XUjrhIQxln,RHd,RHd,ntaLhvr,ntaLhvr,RHd,xHNylbzZP,AWVv,XUjrhIQxln,xHNylbzZP,Bwas
XUjrhIQxln,RHd,RHd,ntaLhvr,ntaLhvr,RHd,xHNylbzZP,AWVv,XUjrhIQxln,xHNylbzZP,Bwas
XUjrhIQxln,RHd,RHd,ntaLhvr,ntaLhvr,RHd,xHNylbzZP,AWVv,XUjrhIQxln,xHNylbzZP,Bwas
RHd
XUjrhIQxln,RHd,ntaLhvr,ntaLhvr,RHd,xHNylbzZP,AWVv,XUjrhIQxln,xHNylbzZP,Bwas,RHd
RHd
XUjrhIQxln,ntaLhvr,RHd,xHNylbzZP,XUjrhIQxln,xHNylbzZP,Bwas,RHd,ntaLhvr
RHd
ntaLhvr,RHd,xHNylbzZP,XUjrhIQxln,xHNylbzZP,Bwas,RHd,ntaLhvr
Bwas
XUjrhIQxln,RHd,ntaLhvr,ntaLhvr,RHd,xHNylbzZP,AWVv,XUjrhIQxln,xHNylbzZP,Bwas,RHd,Bwas,RHd
RHd,ntaLhvr,ntaLhvr,RHd,xHNylbzZP,AWVv,XUjrhIQxln,xHNylbzZP,Bwas,RHd,XUjrhIQxln
RHd,ntaLhvr,ntaLhvr,RHd,xHNylbzZP,AWVv,xHNylbzZP,Bwas,RHd,XUjrhIQxln
XUjrhIQxln
RHd,ntaLhvr,ntaLhvr,RHd,xHNylbzZP,AWVv,xHNylbzZP,Bwas,RHd,XUjrhIQxln
RHd
RHd,ntaLhvr,ntaLhvr,RHd,xHNylbzZP,AWVv,xHNylbzZP,Bwas,RHd,XUjrhIQxln
RHd
RHd,ntaLhvr,ntaLhvr,RHd,xHNylbzZP,AWVv,xHNylbzZP,Bwas,RHd,XUjrhIQxln
RHd
RHd,ntaLhvr,RHd,xHNylbzZP,AWVv,xHNylbzZP,Bwas,RHd,XUjrhIQxln,Bwas
ntaLhvr
AWVv
AWVv
AWVv
AWVv
RHd,ntaLhvr,AWVv,RHd,xHNylbzZP,xHNylbzZP,Bwas,RHd,XUjrhIQxln,Bwas,ntaLhvr,ntaLhvr
AWVv
RHd,ntaLhvr,AWVv,XUjrhIQxln,RHd,xHNylbzZP,xHNylbzZP,RHd,Bwas,ntaLhvr,ntaLhvr,AWVv,AWVv
AWVv
RHd,ntaLhvr,XUjrhIQxln,AWVv,RHd,xHNylbzZP,xHNylbzZP,RHd,Bwas,ntaLhvr,ntaLhvr,AWVv,AWVv,RHd
XUjrhIQxln
RHd,ntaLhvr,XUjrhIQxln,AWVv,RHd,xHNylbzZP,xHNylbzZP,RHd,Bwas,ntaLhvr,ntaLhvr,AWVv,AWVv,RHd,xHNylbzZP
XUjrhIQxln
RHd,ntaLhvr,XUjrhIQxln,AWVv,RHd,xHNylbzZP,RHd,Bwas,ntaLhvr,ntaLhvr,AWVv,AWVv,RHd,xHNylbzZP
RHd,ntaLhvr,XUjrhIQxln,RHd,xHNylbzZP,RHd,Bwas,ntaLhvr,ntaLhvr,AWVv,AWVv,RHd,xHNylbzZP,RHd
ntaLhvr
XUjrhIQxln,RHd,ntaLhvr,Bwas,xHNylbzZP,RHd,ntaLhvr,ntaLhvr,AWVv,AWVv,RHd,xHNylbzZP,RHd,ntaLhvr,Bwas,ntaLhvr
ntaLhvr
AWVv
AWVv
RHd,ntaLhvr,RHd,xHNylbzZP,RHd,Bwas,ntaLhvr,ntaLhvr,AWVv,AWVv,RHd,xHNylbzZP,RHd
RHd,ntaLhvr,RHd,xHNylbzZP,RHd,Bwas,ntaLhvr,ntaLhvr,AWVv,AWVv,RHd,xHNylbzZP,RHd
RHd
RHd,ntaLhvr,RHd,xHNylbzZP,RHd,Bwas,ntaLhvr,ntaLhvr,AWVv,AWVv,RHd,xHNylbzZP,RHd
RHd,RHd,ntaLhvr,xHNylbzZP,RHd,Bwas,ntaLhvr,ntaLhvr,AWVv,AWVv,RHd,xHNylbzZP,RHd
RHd,RHd,ntaLhvr,RHd,Bwas,ntaLhvr,ntaLhvr,AWVv,AWVv,RHd,xHNylbzZP,RHd
Bwas
Bwas
RHd
RHd,ntaLhvr,RHd,xHNylbzZP,RHd,Bwas,ntaLhvr,ntaLhvr,AWVv,AWVv,RHd,xHNylbzZP,RHd
RHd,ntaLhvr,RHd,xHNylbzZP,RHd,Bwas,ntaLhvr,ntaLhvr,AWVv,AWVv,RHd,xHNylbzZP,RHd
RHd
RHd
ntaLhvr,RHd,xHNylbzZP,AWVv,RHd,RHd,ntaLhvr,ntaLhvr,AWVv,RHd,xHNylbzZP,RHd
ntaLhvr,RHd,xHNylbzZP,AWVv,RHd,RHd,ntaLhvr,ntaLhvr,AWVv,RHd,xHNylbzZP,RHd
RHd,ntaLhvr,RHd,xHNylbzZP,AWVv,RHd,Bwas,ntaLhvr,ntaLhvr,AWVv,RHd,xHNylbzZP,RHd
RHd,ntaLhvr,RHd,xHNylbzZP,AWVv,RHd,Bwas,ntaLhvr,ntaLhvr,AWVv,RHd,xHNylbzZP,RHd,RHd
Bwas
RHd,ntaLhvr,RHd,xHNylbzZP,AWVv,RHd,ntaLhvr,ntaLhvr,AWVv,RHd,xHNylbzZP,RHd,RHd
RHd,ntaLhvr,RHd,xHNylbzZP,AWVv,RHd,Bwas,ntaLhvr,ntaLhvr,AWVv,RHd,xHNylbzZP,RHd
RHd
RHd,ntaLhvr,RHd,RHd,Bwas,ntaLhvr,ntaLhvr,AWVv,RHd,RHd
RHd,RHd,RHd,Bwas,ntaLhvr,ntaLhvr,AWVv,RHd,RHd,QorqUMjo
Bwas
RHd,ntaLhvr,RHd,xHNylbzZP,RHd,Bwas,ntaLhvr,ntaLhvr,AWVv,RHd,xHNylbzZP,RHd
Bwas
ntaLhvr
ntaLhvr
ntaLhvr
RHd,RHd,xHNylbzZP,RHd,Bwas,ntaLhvr,ntaLhvr,ntaLhvr,AWVv,RHd,xHNylbzZP,RHd,QorqUMjo,SnFUo,Bwas
RHd,RHd,xHNylbzZP,RHd,Bwas,ntaLhvr,ntaLhvr,ntaLhvr,AWVv,RHd,xHNylbzZP,RHd,QorqUMjo,SnFUo,Bwas
RHd,ntaLhvr,RHd,xHNylbzZP,RHd,Bwas,ntaLhvr,ntaLhvr,AWVv,RHd,xHNylbzZP,RHd
Bwas
RHd,ntaLhvr,RHd,xHNylbzZP,RHd,Bwas,ntaLhvr,ntaLhvr,AWVv,RHd,xHNylbzZP,RHd
RHd,ntaLhvr,RHd,xHNylbzZP,RHd,AWVv,Bwas,ntaLhvr,ntaLhvr,RHd,xHNylbzZP,RHd
RHd,ntaLhvr,RHd,RHd,Bwas,xHNylbzZP,ntaLhvr,ntaLhvr,RHd,xHNylbzZP,RHd,QorqUMjo,SnFUo
xHNylbzZP
RHd,ntaLhvr,RHd,RHd,Bwas,xHNylbzZP,ntaLhvr,ntaLhvr,RHd,xHNylbzZP,RHd,QorqUMjo,SnFUo,ntaLhvr
Bwas
Bwas
ntaLhvr,RHd,xHNylbzZP,RHd,Bwas,ntaLhvr,ntaLhvr,AWVv,RHd,xHNylbzZP,RHd
ntaLhvr
ntaLhvr,RHd,xHNylbzZP,RHd,Bwas,ntaLhvr,ntaLhvr,AWVv,RHd,xHNylbzZP,RHd,SnFUo
ntaLhvr,RHd,xHNylbzZP,RHd,Bwas,ntaLhvr,ntaLhvr,AWVv,RHd,xHNylbzZP,RHd,SnFUo
ntaLhvr,RHd,xHNylbzZP,RHd,Bwas,ntaLhvr,ntaLhvr,AWVv,RHd,xHNylbzZP,RHd,SnFUo
ntaLhvr
ntaLhvr,RHd,xHNylbzZP,RHd,Bwas,ntaLhvr,ntaLhvr,AWVv,RHd,xHNylbzZP,RHd,SnFUo
ntaLhvr
ntaLhvr
ntaLhvr,RHd,xHNylbzZP,RHd,Bwas,ntaLhvr,ntaLhvr,AWVv,RHd,xHNylbzZP,RHd,SnFUo,RHd
ntaLhvr
ntaLhvr
ntaLhvr,RHd,xHNylbzZP,RHd,Bwas,ntaLhvr,ntaLhvr,AWVv,RHd,xHNylbzZP,RHd,SnFUo,RHd,nzixtP
ntaLhvr
ntaLhvr
ntaLhvr
xHNylbzZP
ntaLhvr,RHd,RHd,Bwas,ntaLhvr,xHNylbzZP,ntaLhvr,AWVv,RHd,RHd,SnFUo,RHd,nzixtP
ntaLhvr
ntaLhvr,RHd,RHd,Bwas,ntaLhvr,ntaLhvr,AWVv,RHd,RHd,SnFUo,RHd,nzixtP,xHNylbzZP
ntaLhvr
ntaLhvr,RHd,RHd,Bwas,ntaLhvr,ntaLhvr,AWVv,RHd,RHd,SnFUo,RHd,nzixtP,xHNylbzZP
ntaLhvr,RHd,RHd,Bwas,ntaLhvr,ntaLhvr,AWVv,RHd,RHd,SnFUo,RHd,nzixtP,xHNylbzZP,XUjrhIQxln
ntaLhvr
ntaLhvr,RHd,RHd,ntaLhvr,ntaLhvr,Bwas,AWVv,RHd,RHd,SnFUo,RHd,nzixtP,xHNylbzZP,XUjrhIQxln
ntaLhvr,RHd,RHd,ntaLhvr,ntaLhvr,Bwas,AWVv,RHd,RHd,SnFUo,RHd,nzixtP,xHNylbzZP,XUjrhIQxln
ntaLhvr
ntaLhvr
ntaLhvr
ntaLhvr
ntaLhvr,RHd,xHNylbzZP,RHd,Bwas,ntaLhvr,ntaLhvr,SnFUo,AWVv,RHd,xHNylbzZP,RHd,RHd
SnFUo
ntaLhvr,RHd,xHNylbzZP,RHd,Bwas,ntaLhvr,ntaLhvr,SnFUo,AWVv,RHd,xHNylbzZP,RHd,RHd
ntaLhvr,RHd,xHNylbzZP,RHd,Bwas,ntaLhvr,ntaLhvr,SnFUo,AWVv,RHd,xHNylbzZP,RHd,RHd
AWVv
ntaLhvr,RHd,xHNylbzZP,RHd,ntaLhvr,ntaLhvr,SnFUo,RHd,AWVv,Bwas,xHNylbzZP,RHd,RHd
AWVv
AWVv
ntaLhvr,RHd,xHNylbzZP,RHd,ntaLhvr,ntaLhvr,SnFUo,RHd,AWVv,Bwas,xHNylbzZP,RHd,RHd,Bwas,AWVv
AWVv
AWVv
ntaLhvr,RHd,RHd,ntaLhvr,ntaLhvr,SnFUo,RHd,AWVv,xHNylbzZP,Bwas,xHNylbzZP,RHd,RHd,Bwas,AWVv
AWVv
AWVv
ntaLhvr,RHd,xHNylbzZP,RHd,Bwas,ntaLhvr,ntaLhvr,SnFUo,RHd,AWVv,xHNylbzZP,RHd,RHd,Bwas
ntaLhvr,RHd,xHNylbzZP,RHd,Bwas,ntaLhvr,ntaLhvr,SnFUo,RHd,AWVv,xHNylbzZP,RHd,RHd,Bwas
ntaLhvr,RHd,xHNylbzZP,RHd,Bwas,ntaLhvr,ntaLhvr,SnFUo,RHd,AWVv,xHNylbzZP,RHd,RHd,Bwas,QorqUMjo
RHd
RHd
RHd
RHd
RHd
ntaLhvr,RHd,RHd,ntaLhvr,ntaLhvr,SnFUo,RHd,AWVv,xHNylbzZP,RHd,RHd,xHNylbzZP,Bwas,Bwas,QorqUMjo,QorqUMjo
ntaLhvr,RHd,RHd,ntaLhvr,ntaLhvr,SnFUo,RHd,AWVv,xHNylbzZP,RHd,RHd,xHNylbzZP,Bwas,Bwas,QorqUMjo,QorqUMjo
ntaLhvr,RHd,RHd,ntaLhvr,ntaLhvr,RHd,AWVv,xHNylbzZP,RHd,RHd,xHNylbzZP,Bwas,Bwas,QorqUMjo,QorqUMjo
RHd
RHd
ntaLhvr,RHd,ntaLhvr,ntaLhvr,RHd,AWVv,xHNylbzZP,RHd,RHd,RHd,xHNylbzZP,Bwas,Bwas,QorqUMjo,QorqUMjo
ntaLhvr,RHd,ntaLhvr,ntaLhvr,RHd,AWVv,xHNylbzZP,RHd,RHd,RHd,xHNylbzZP,Bwas,Bwas,QorqUMjo,QorqUMjo
ntaLhvr,RHd,ntaLhvr,ntaLhvr,RHd,AWVv,xHNylbzZP,RHd,RHd,RHd,xHNylbzZP,Bwas,Bwas,QorqUMjo,QorqUMjo
RHd
RHd
RHd
RHd
ntaLhvr,RHd,RHd,ntaLhvr,ntaLhvr,RHd,AWVv,xHNylbzZP,RHd,QorqUMjo,RHd,xHNylbzZP,Bwas,Bwas,QorqUMjo
QorqUMjo
ntaLhvr,RHd,RHd,ntaLhvr,ntaLhvr,RHd,AWVv,xHNylbzZP,RHd,QorqUMjo,RHd,xHNylbzZP,Bwas,Bwas,QorqUMjo
ntaLhvr,RHd,RHd,ntaLhvr,ntaLhvr,RHd,AWVv,xHNylbzZP,RHd,QorqUMjo,RHd,xHNylbzZP,Bwas,Bwas,QorqUMjo,XUjrhIQxln
RHd,RHd,ntaLhvr,ntaLhvr,RHd,AWVv,xHNylbzZP,RHd,XUjrhIQxln,ntaLhvr,QorqUMjo,RHd,xHNylbzZP,Bwas,Bwas,QorqUMjo,xHNylbzZP
XUjrhIQxln
XUjrhIQxln
xHNylbzZP
RHd
RHd
RHd
RHd,ntaLhvr,RHd,AWVv,RHd,ntaLhvr,xHNylbzZP,RHd,QorqUMjo,RHd,xHNylbzZP,Bwas,Bwas,QorqUMjo,xHNylbzZP,QorqUMjo,ntaLhvr
RHd
RHd,ntaLhvr,RHd,AWVv,RHd,ntaLhvr,xHNylbzZP,RHd,QorqUMjo,RHd,xHNylbzZP,Bwas,Bwas,QorqUMjo,xHNylbzZP,QorqUMjo,ntaLhvr
RHd
RHd
xHNylbzZP
ntaLhvr,RHd,RHd,Bwas,ntaLhvr,ntaLhvr,RHd,xHNylbzZP,RHd,RHd,AWVv,Bwas,xHNylbzZP,QorqUMjo,QorqUMjo
Bwas
Bwas
Bwas
Bwas
ntaLhvr,xHNylbzZP,RHd,ntaLhvr,ntaLhvr,RHd,xHNylbzZP,RHd,RHd,AWVv,Bwas,RHd,QorqUMjo,QorqUMjo
RHd
ntaLhvr,xHNylbzZP,ntaLhvr,ntaLhvr,RHd,xHNylbzZP,RHd,RHd,AWVv,RHd,RHd,QorqUMjo,QorqUMjo,ntaLhvr,Bwas,QorqUMjo,xHNylbzZP
RHd
Jedi Wagner, assuma o comando!