J
[vazia]
lHe,CRbcDk,lHe
lHe,CRbcDk,lHe
lHe,CRbcDk,lHe
lHe,CRbcDk,lHe
lHe
lHe
lHe
CRbcDk
CRbcDk,lHe,CRbcDk,lHe,tjiCbXAqmb
CRbcDk,lHe,CRbcDk,lHe,tjiCbXAqmb
CRbcDk,lHe,CRbcDk,lHe,tjiCbXAqmb
CRbcDk,lHe,CRbcDk,lHe,tjiCbXAqmb,tjiCbXAqmb,tjiCbXAqmb
tjiCbXAqmb
tjiCbXAqmb
CRbcDk,tjiCbXAqmb,lHe,lHe,tjiCbXAqmb,tjiCbXAqmb,lHe,lHe,CRbcDk,tjiCbXAqmb,lHe,J
tjiCbXAqmb
CRbcDk,tjiCbXAqmb,lHe,lHe,tjiCbXAqmb,tjiCbXAqmb,lHe,lHe,CRbcDk,tjiCbXAqmb,lHe
CRbcDk,lHe,lHe,tjiCbXAqmb,tjiCbXAqmb,lHe,lHe,CRbcDk,tjiCbXAqmb,lHe,J,CRbcDk
CRbcDk,tjiCbXAqmb,lHe,lHe,tjiCbXAqmb,tjiCbXAqmb,lHe,lHe,CRbcDk,tjiCbXAqmb,lHe,J,CRbcDk
CRbcDk,tjiCbXAqmb,lHe,lHe,tjiCbXAqmb,tjiCbXAqmb,lHe,lHe,CRbcDk,tjiCbXAqmb,lHe,J,CRbcDk,CRbcDk
tjiCbXAqmb,lHe,CRbcDk,lHe,tjiCbXAqmb,tjiCbXAqmb,lHe,lHe,CRbcDk,tjiCbXAqmb,lHe,J,CRbcDk,CRbcDk,lHe
CRbcDk
tjiCbXAqmb,lHe,CRbcDk,lHe,tjiCbXAqmb,tjiCbXAqmb,lHe,lHe,CRbcDk,tjiCbXAqmb,lHe,J,CRbcDk,CRbcDk,lHe,J
tjiCbXAqmb,lHe,CRbcDk,lHe,tjiCbXAqmb,tjiCbXAqmb,lHe,lHe,CRbcDk,tjiCbXAqmb,lHe,J,CRbcDk,CRbcDk,lHe,J
tjiCbXAqmb,lHe,CRbcDk,lHe,tjiCbXAqmb,tjiCbXAqmb,lHe,lHe,CRbcDk,tjiCbXAqmb,lHe,J,CRbcDk,CRbcDk,lHe,J
tjiCbXAqmb
tjiCbXAqmb
CRbcDk
lHe,tjiCbXAqmb,lHe,tjiCbXAqmb,tjiCbXAqmb,CRbcDk,lHe,lHe,tjiCbXAqmb,lHe,CRbcDk,CRbcDk,lHe,J,lHe,lHe
lHe
lHe
lHe,tjiCbXAqmb,lHe,tjiCbXAqmb,tjiCbXAqmb,CRbcDk,lHe,lHe,tjiCbXAqmb,lHe,CRbcDk,CRbcDk,lHe,J,lHe,lHe
lHe,tjiCbXAqmb,lHe,tjiCbXAqmb,tjiCbXAqmb,lHe,lHe,CRbcDk,tjiCbXAqmb,lHe,CRbcDk,CRbcDk,lHe,J,lHe,lHe
lHe
lHe
lHe
lHe
lHe,tjiCbXAqmb,lHe,tjiCbXAqmb,tjiCbXAqmb,CRbcDk,lHe,lHe,tjiCbXAqmb,lHe,CRbcDk,CRbcDk,lHe,J,lHe,lHe,tjiCbXAqmb
lHe,lHe,tjiCbXAqmb,CRbcDk,lHe,lHe,tjiCbXAqmb,tjiCbXAqmb,lHe,CRbcDk,CRbcDk,lHe,J,lHe,lHe,tjiCbXAqmb
lHe,lHe,tjiCbXAqmb,CRbcDk,lHe,lHe,tjiCbXAqmb,tjiCbXAqmb,lHe,CRbcDk,CRbcDk,lHe,J,lHe,lHe,tjiCbXAqmb
lHe,lHe,tjiCbXAqmb,CRbcDk,lHe,lHe,tjiCbXAqmb,tjiCbXAqmb,lHe,CRbcDk,CRbcDk,lHe,J,lHe,lHe,tjiCbXAqmb,J
tjiCbXAqmb
CRbcDk
lHe,lHe,tjiCbXAqmb,tjiCbXAqmb,lHe,CRbcDk,tjiCbXAqmb,lHe,tjiCbXAqmb,lHe,CRbcDk,lHe,lHe,lHe,J
tjiCbXAqmb
lHe
tjiCbXAqmb
tjiCbXAqmb
tjiCbXAqmb
tjiCbXAqmb
lHe
CRbcDk
CRbcDk
CRbcDk
CRbcDk
tjiCbXAqmb,lHe,tjiCbXAqmb,lHe,tjiCbXAqmb,lHe,CRbcDk,lHe,lHe,lHe,tjiCbXAqmb,lHe,CRbcDk,CRbcDk
lHe
tjiCbXAqmb,tjiCbXAqmb,lHe,tjiCbXAqmb,lHe,lHe,CRbcDk,lHe,lHe,lHe,tjiCbXAqmb,lHe,CRbcDk,CRbcDk,lHe,tjiCbXAqmb
lHe
tjiCbXAqmb,tjiCbXAqmb,lHe,CRbcDk,lHe,lHe,lHe,J,lHe,tjiCbXAqmb,lHe,CRbcDk,CRbcDk,lHe,tjiCbXAqmb,tjiCbXAqmb,tjiCbXAqmb
tjiCbXAqmb,tjiCbXAqmb,tjiCbXAqmb,lHe,CRbcDk,lHe,lHe,lHe,J,lHe,tjiCbXAqmb,lHe,CRbcDk,CRbcDk,lHe,tjiCbXAqmb
tjiCbXAqmb,tjiCbXAqmb,tjiCbXAqmb,lHe,CRbcDk,lHe,lHe,lHe,J,lHe,tjiCbXAqmb,lHe,CRbcDk,CRbcDk,lHe,tjiCbXAqmb
tjiCbXAqmb
tjiCbXAqmb
tjiCbXAqmb
tjiCbXAqmb,tjiCbXAqmb,lHe,lHe,lHe,lHe,J,lHe,tjiCbXAqmb,CRbcDk,lHe,CRbcDk,CRbcDk,lHe,tjiCbXAqmb,lHe
tjiCbXAqmb
tjiCbXAqmb
tjiCbXAqmb
tjiCbXAqmb,tjiCbXAqmb,lHe,CRbcDk,lHe,lHe,lHe,J,lHe,tjiCbXAqmb,tjiCbXAqmb,lHe,CRbcDk,CRbcDk,lHe,tjiCbXAqmb,J,CRbcDk,tjiCbXAqmb,tjiCbXAqmb,lHe
tjiCbXAqmb,tjiCbXAqmb,lHe,CRbcDk,lHe,lHe,lHe,J,lHe,tjiCbXAqmb,tjiCbXAqmb,lHe,CRbcDk,CRbcDk,lHe,tjiCbXAqmb,J,CRbcDk,tjiCbXAqmb,tjiCbXAqmb,lHe
lHe,lHe,lHe,lHe,J,lHe,tjiCbXAqmb,lHe,lHe,CRbcDk,CRbcDk,tjiCbXAqmb,tjiCbXAqmb,J,CRbcDk,tjiCbXAqmb,tjiCbXAqmb,lHe,CRbcDk
lHe,lHe,lHe,lHe,J,lHe,tjiCbXAqmb,lHe,lHe,CRbcDk,CRbcDk,tjiCbXAqmb,tjiCbXAqmb,J,CRbcDk,tjiCbXAqmb,tjiCbXAqmb,lHe,CRbcDk
tjiCbXAqmb,lHe,CRbcDk,lHe,lHe,lHe,lHe,tjiCbXAqmb,tjiCbXAqmb,lHe,CRbcDk,CRbcDk,lHe,tjiCbXAqmb,J,CRbcDk,tjiCbXAqmb,tjiCbXAqmb,lHe
tjiCbXAqmb,tjiCbXAqmb,lHe,CRbcDk,lHe,lHe,lHe,J,lHe,tjiCbXAqmb,tjiCbXAqmb,lHe,CRbcDk,CRbcDk,lHe,tjiCbXAqmb,J,CRbcDk,tjiCbXAqmb,tjiCbXAqmb,lHe
CRbcDk
tjiCbXAqmb,tjiCbXAqmb,lHe,lHe,lHe,J,lHe,tjiCbXAqmb,tjiCbXAqmb,lHe,CRbcDk,CRbcDk,lHe,lHe,CRbcDk,tjiCbXAqmb,J,CRbcDk,tjiCbXAqmb,tjiCbXAqmb,lHe,tjiCbXAqmb
CRbcDk
CRbcDk
CRbcDk
lHe,lHe,lHe,J,lHe,tjiCbXAqmb,tjiCbXAqmb,lHe,CRbcDk,CRbcDk,lHe,lHe,CRbcDk,tjiCbXAqmb,J,CRbcDk,tjiCbXAqmb,tjiCbXAqmb,lHe,tjiCbXAqmb,tjiCbXAqmb
CRbcDk
lHe
lHe
lHe
lHe
lHe
lHe
tjiCbXAqmb,tjiCbXAqmb,lHe,CRbcDk,lHe,lHe,lHe,lHe,tjiCbXAqmb,tjiCbXAqmb,lHe,CRbcDk,CRbcDk,lHe,tjiCbXAqmb,J,CRbcDk,tjiCbXAqmb,tjiCbXAqmb,lHe
tjiCbXAqmb,lHe,CRbcDk,lHe,lHe,lHe,J,lHe,tjiCbXAqmb,tjiCbXAqmb,lHe,CRbcDk,CRbcDk,lHe,tjiCbXAqmb,J,CRbcDk,tjiCbXAqmb,tjiCbXAqmb,lHe,lHe
lHe
lHe
tjiCbXAqmb,tjiCbXAqmb,lHe,lHe,lHe,lHe,tjiCbXAqmb,tjiCbXAqmb,lHe,CRbcDk,CRbcDk,lHe,tjiCbXAqmb,J,CRbcDk,tjiCbXAqmb,tjiCbXAqmb,lHe,lHe,lHe
tjiCbXAqmb,tjiCbXAqmb,lHe,lHe,lHe,lHe,tjiCbXAqmb,tjiCbXAqmb,lHe,CRbcDk,CRbcDk,lHe,CRbcDk,tjiCbXAqmb,J,CRbcDk,tjiCbXAqmb,tjiCbXAqmb,lHe,lHe,lHe
tjiCbXAqmb,tjiCbXAqmb,lHe,lHe,lHe,lHe,tjiCbXAqmb,tjiCbXAqmb,lHe,CRbcDk,CRbcDk,lHe,CRbcDk,tjiCbXAqmb,J,CRbcDk,tjiCbXAqmb,tjiCbXAqmb,lHe,lHe,lHe
lHe
lHe
lHe
lHe
lHe
tjiCbXAqmb,tjiCbXAqmb,lHe,CRbcDk,lHe,lHe,lHe,J,lHe,tjiCbXAqmb,tjiCbXAqmb,lHe,CRbcDk,CRbcDk,lHe,tjiCbXAqmb,J,CRbcDk,tjiCbXAqmb,tjiCbXAqmb,lHe,CRbcDk
tjiCbXAqmb,tjiCbXAqmb,lHe,CRbcDk,lHe,lHe,lHe,J,lHe,tjiCbXAqmb,tjiCbXAqmb,lHe,CRbcDk,CRbcDk,lHe,tjiCbXAqmb,J,CRbcDk,tjiCbXAqmb,tjiCbXAqmb,lHe,CRbcDk
CRbcDk
tjiCbXAqmb,tjiCbXAqmb,lHe,lHe,lHe,lHe,lHe,tjiCbXAqmb,tjiCbXAqmb,lHe,CRbcDk,CRbcDk,lHe,CRbcDk,J,tjiCbXAqmb,J,CRbcDk,tjiCbXAqmb,tjiCbXAqmb,lHe,CRbcDk,CRbcDk
tjiCbXAqmb,tjiCbXAqmb,lHe,lHe,lHe,lHe,lHe,tjiCbXAqmb,tjiCbXAqmb,lHe,CRbcDk,lHe,CRbcDk,CRbcDk,J,tjiCbXAqmb,J,CRbcDk,tjiCbXAqmb,tjiCbXAqmb,lHe,CRbcDk,CRbcDk
CRbcDk
tjiCbXAqmb
tjiCbXAqmb
tjiCbXAqmb,lHe,lHe,lHe,lHe,tjiCbXAqmb,tjiCbXAqmb,lHe,CRbcDk,lHe,CRbcDk,CRbcDk,tjiCbXAqmb,J,tjiCbXAqmb,J,CRbcDk,tjiCbXAqmb,tjiCbXAqmb,lHe,CRbcDk,CRbcDk,tjiCbXAqmb,CRbcDk
CRbcDk
CRbcDk
tjiCbXAqmb,tjiCbXAqmb,lHe,lHe,lHe,lHe,J,lHe,tjiCbXAqmb,tjiCbXAqmb,lHe,CRbcDk,CRbcDk,lHe,CRbcDk,tjiCbXAqmb,J,CRbcDk,tjiCbXAqmb,tjiCbXAqmb,lHe,CRbcDk,CRbcDk,CRbcDk
CRbcDk
tjiCbXAqmb,tjiCbXAqmb,lHe,lHe,lHe,lHe,J,lHe,tjiCbXAqmb,tjiCbXAqmb,lHe,CRbcDk,lHe,CRbcDk,CRbcDk,tjiCbXAqmb,J,CRbcDk,tjiCbXAqmb,tjiCbXAqmb,lHe,CRbcDk,CRbcDk
CRbcDk
CRbcDk
tjiCbXAqmb,tjiCbXAqmb,lHe,lHe,lHe,lHe,J,lHe,tjiCbXAqmb,tjiCbXAqmb,lHe,CRbcDk,CRbcDk,lHe,CRbcDk,tjiCbXAqmb,J,CRbcDk,tjiCbXAqmb,tjiCbXAqmb,lHe,CRbcDk,CRbcDk
tjiCbXAqmb,tjiCbXAqmb,lHe,lHe,lHe,J,lHe,tjiCbXAqmb,tjiCbXAqmb,lHe,CRbcDk,CRbcDk,lHe,CRbcDk,lHe,tjiCbXAqmb,J,CRbcDk,tjiCbXAqmb,tjiCbXAqmb,lHe,CRbcDk,CRbcDk
tjiCbXAqmb,tjiCbXAqmb,lHe,lHe,lHe,lHe,J,lHe,tjiCbXAqmb,tjiCbXAqmb,lHe,CRbcDk,CRbcDk,lHe,CRbcDk,tjiCbXAqmb,J,CRbcDk,tjiCbXAqmb,tjiCbXAqmb,lHe,CRbcDk,CRbcDk
J
tjiCbXAqmb,tjiCbXAqmb,lHe,lHe,lHe,tjiCbXAqmb,tjiCbXAqmb,lHe,CRbcDk,lHe,CRbcDk,J,CRbcDk,lHe,lHe,tjiCbXAqmb,J,CRbcDk,tjiCbXAqmb,tjiCbXAqmb,lHe,CRbcDk,CRbcDk
J
tjiCbXAqmb,tjiCbXAqmb,lHe,lHe,tjiCbXAqmb,tjiCbXAqmb,lHe,lHe,CRbcDk,J,CRbcDk,lHe,CRbcDk,lHe,lHe,tjiCbXAqmb,J,CRbcDk,tjiCbXAqmb,tjiCbXAqmb,lHe,CRbcDk,CRbcDk,lHe
CRbcDk
lHe
CRbcDk
CRbcDk
tjiCbXAqmb,tjiCbXAqmb,lHe,lHe,tjiCbXAqmb,tjiCbXAqmb,lHe,lHe,CRbcDk,CRbcDk,lHe,CRbcDk,lHe,lHe,tjiCbXAqmb,J,CRbcDk,tjiCbXAqmb,tjiCbXAqmb,lHe,CRbcDk,CRbcDk,lHe,tjiCbXAqmb
CRbcDk
CRbcDk
CRbcDk
CRbcDk
CRbcDk
CRbcDk
tjiCbXAqmb,tjiCbXAqmb,lHe,lHe,tjiCbXAqmb,tjiCbXAqmb,lHe,lHe,CRbcDk,J,CRbcDk,lHe,CRbcDk,lHe,lHe,tjiCbXAqmb,J,CRbcDk,tjiCbXAqmb,tjiCbXAqmb,lHe,CRbcDk,CRbcDk,lHe,J
tjiCbXAqmb,tjiCbXAqmb,lHe,lHe,tjiCbXAqmb,tjiCbXAqmb,lHe,lHe,CRbcDk,J,CRbcDk,lHe,CRbcDk,lHe,lHe,tjiCbXAqmb,J,CRbcDk,tjiCbXAqmb,tjiCbXAqmb,lHe,CRbcDk,CRbcDk,lHe,J
lHe
tjiCbXAqmb,tjiCbXAqmb,lHe,tjiCbXAqmb,tjiCbXAqmb,lHe,lHe,CRbcDk,J,CRbcDk,lHe,CRbcDk,lHe,lHe,lHe,tjiCbXAqmb,J,CRbcDk,tjiCbXAqmb,tjiCbXAqmb,lHe,CRbcDk,CRbcDk,lHe,J
lHe
tjiCbXAqmb,tjiCbXAqmb,lHe,tjiCbXAqmb,tjiCbXAqmb,lHe,lHe,CRbcDk,CRbcDk,lHe,CRbcDk,lHe,lHe,J,lHe,tjiCbXAqmb,J,CRbcDk,tjiCbXAqmb,tjiCbXAqmb,lHe,CRbcDk,CRbcDk,lHe,J,CRbcDk,tjiCbXAqmb
lHe
lHe
tjiCbXAqmb,tjiCbXAqmb,lHe,tjiCbXAqmb,tjiCbXAqmb,lHe,lHe,CRbcDk,CRbcDk,lHe,CRbcDk,lHe,lHe,lHe,tjiCbXAqmb,J,CRbcDk,tjiCbXAqmb,tjiCbXAqmb,lHe,CRbcDk,CRbcDk,lHe,J
CRbcDk
CRbcDk
tjiCbXAqmb
tjiCbXAqmb,tjiCbXAqmb,lHe,CRbcDk,lHe,CRbcDk,lHe,lHe,CRbcDk,lHe,tjiCbXAqmb,tjiCbXAqmb,lHe,tjiCbXAqmb,J,CRbcDk,tjiCbXAqmb,tjiCbXAqmb,lHe,CRbcDk,CRbcDk,lHe,J,lHe
tjiCbXAqmb,tjiCbXAqmb,lHe,CRbcDk,lHe,CRbcDk,lHe,lHe,CRbcDk,lHe,tjiCbXAqmb,tjiCbXAqmb,lHe,tjiCbXAqmb,J,CRbcDk,tjiCbXAqmb,tjiCbXAqmb,lHe,CRbcDk,CRbcDk,lHe,J,lHe
tjiCbXAqmb
tjiCbXAqmb,tjiCbXAqmb,lHe,lHe,CRbcDk,lHe,CRbcDk,lHe,lHe,CRbcDk,lHe,tjiCbXAqmb,tjiCbXAqmb,lHe,tjiCbXAqmb,J,CRbcDk,tjiCbXAqmb,tjiCbXAqmb,lHe,CRbcDk,CRbcDk,lHe,J,lHe,lHe,CRbcDk
tjiCbXAqmb
tjiCbXAqmb
tjiCbXAqmb,tjiCbXAqmb,lHe,tjiCbXAqmb,tjiCbXAqmb,lHe,lHe,CRbcDk,lHe,CRbcDk,lHe,lHe,CRbcDk,lHe,tjiCbXAqmb,J,CRbcDk,tjiCbXAqmb,tjiCbXAqmb,lHe,CRbcDk,CRbcDk,lHe,J,lHe
tjiCbXAqmb,tjiCbXAqmb,lHe,tjiCbXAqmb,tjiCbXAqmb,lHe,lHe,CRbcDk,lHe,CRbcDk,lHe,lHe,CRbcDk,lHe,tjiCbXAqmb,J,CRbcDk,tjiCbXAqmb,tjiCbXAqmb,lHe,CRbcDk,CRbcDk,lHe,J,lHe
tjiCbXAqmb,tjiCbXAqmb,lHe,tjiCbXAqmb,tjiCbXAqmb,lHe,lHe,lHe,CRbcDk,lHe,lHe,CRbcDk,CRbcDk,lHe,tjiCbXAqmb,J,CRbcDk,tjiCbXAqmb,tjiCbXAqmb,lHe,CRbcDk,CRbcDk,lHe,J,lHe
CRbcDk
CRbcDk
tjiCbXAqmb,tjiCbXAqmb,lHe,tjiCbXAqmb,tjiCbXAqmb,lHe,lHe,CRbcDk,lHe,CRbcDk,lHe,lHe,CRbcDk,lHe,tjiCbXAqmb,J,CRbcDk,tjiCbXAqmb,tjiCbXAqmb,lHe,CRbcDk,CRbcDk,lHe,J,lHe,lHe
tjiCbXAqmb,tjiCbXAqmb,lHe,tjiCbXAqmb,tjiCbXAqmb,lHe,lHe,CRbcDk,lHe,CRbcDk,lHe,lHe,CRbcDk,lHe,tjiCbXAqmb,J,CRbcDk,tjiCbXAqmb,tjiCbXAqmb,lHe,CRbcDk,CRbcDk,lHe,J,lHe,lHe
tjiCbXAqmb,tjiCbXAqmb,lHe,tjiCbXAqmb,tjiCbXAqmb,lHe,lHe,CRbcDk,lHe,CRbcDk,lHe,lHe,CRbcDk,lHe,tjiCbXAqmb,J,CRbcDk,tjiCbXAqmb,tjiCbXAqmb,lHe,CRbcDk,CRbcDk,lHe,J,lHe
tjiCbXAqmb,tjiCbXAqmb,lHe,tjiCbXAqmb,tjiCbXAqmb,lHe,lHe,CRbcDk,lHe,CRbcDk,lHe,lHe,CRbcDk,lHe,tjiCbXAqmb,J,CRbcDk,tjiCbXAqmb,tjiCbXAqmb,lHe,CRbcDk,CRbcDk,lHe,J,lHe
CRbcDk
lHe,tjiCbXAqmb,tjiCbXAqmb,lHe,lHe,CRbcDk,lHe,CRbcDk,lHe,lHe,CRbcDk,lHe,tjiCbXAqmb,CRbcDk,tjiCbXAqmb,tjiCbXAqmb,lHe,CRbcDk,CRbcDk,lHe,J,lHe
CRbcDk
CRbcDk
tjiCbXAqmb,tjiCbXAqmb,lHe,lHe,lHe,CRbcDk,lHe,lHe,CRbcDk,lHe,lHe,tjiCbXAqmb,CRbcDk,tjiCbXAqmb,tjiCbXAqmb,lHe,CRbcDk,CRbcDk,lHe,lHe
tjiCbXAqmb,tjiCbXAqmb,lHe,lHe,lHe,CRbcDk,lHe,lHe,CRbcDk,lHe,lHe,tjiCbXAqmb,CRbcDk,tjiCbXAqmb,tjiCbXAqmb,lHe,CRbcDk,CRbcDk,lHe,lHe
tjiCbXAqmb,tjiCbXAqmb,lHe,lHe,lHe,CRbcDk,lHe,lHe,CRbcDk,lHe,lHe,tjiCbXAqmb,CRbcDk,tjiCbXAqmb,tjiCbXAqmb,lHe,CRbcDk,CRbcDk,lHe,lHe
tjiCbXAqmb,tjiCbXAqmb,lHe,lHe,lHe,CRbcDk,lHe,lHe,CRbcDk,lHe,lHe,tjiCbXAqmb,CRbcDk,tjiCbXAqmb,tjiCbXAqmb,lHe,CRbcDk,CRbcDk,lHe,lHe
tjiCbXAqmb,lHe,lHe,lHe,CRbcDk,lHe,lHe,CRbcDk,lHe,lHe,tjiCbXAqmb,tjiCbXAqmb,CRbcDk,tjiCbXAqmb,tjiCbXAqmb,lHe,CRbcDk,CRbcDk,lHe,lHe
tjiCbXAqmb
tjiCbXAqmb,lHe,lHe,lHe,CRbcDk,lHe,lHe,CRbcDk,lHe,lHe,tjiCbXAqmb,tjiCbXAqmb,CRbcDk,tjiCbXAqmb,tjiCbXAqmb,lHe,CRbcDk,CRbcDk,lHe,lHe
tjiCbXAqmb,lHe,lHe,lHe,CRbcDk,lHe,lHe,CRbcDk,lHe,lHe,tjiCbXAqmb,tjiCbXAqmb,CRbcDk,tjiCbXAqmb,tjiCbXAqmb,lHe,CRbcDk,CRbcDk,lHe,lHe
tjiCbXAqmb
tjiCbXAqmb
tjiCbXAqmb
tjiCbXAqmb,lHe,lHe,lHe,CRbcDk,lHe,lHe,CRbcDk,lHe,lHe,tjiCbXAqmb,tjiCbXAqmb,CRbcDk,tjiCbXAqmb,tjiCbXAqmb,lHe,CRbcDk,CRbcDk,lHe,lHe,CRbcDk,tjiCbXAqmb
tjiCbXAqmb,lHe,lHe,CRbcDk,lHe,lHe,CRbcDk,lHe,lHe,tjiCbXAqmb,tjiCbXAqmb,CRbcDk,tjiCbXAqmb,tjiCbXAqmb,lHe,CRbcDk,CRbcDk,lHe,lHe,CRbcDk,tjiCbXAqmb
lHe,lHe,lHe,CRbcDk,lHe,lHe,CRbcDk,lHe,lHe,tjiCbXAqmb,tjiCbXAqmb,tjiCbXAqmb,CRbcDk,tjiCbXAqmb,tjiCbXAqmb,lHe,CRbcDk,CRbcDk,lHe,lHe
tjiCbXAqmb
CRbcDk
CRbcDk
CRbcDk
tjiCbXAqmb
tjiCbXAqmb
lHe,lHe,lHe,CRbcDk,lHe,lHe,CRbcDk,lHe,lHe,tjiCbXAqmb,tjiCbXAqmb,tjiCbXAqmb,CRbcDk,tjiCbXAqmb,tjiCbXAqmb,lHe,CRbcDk,CRbcDk,lHe,lHe
lHe,CRbcDk,lHe,lHe,CRbcDk,lHe,lHe,tjiCbXAqmb,tjiCbXAqmb,tjiCbXAqmb,CRbcDk,tjiCbXAqmb,tjiCbXAqmb,lHe,CRbcDk,CRbcDk,lHe,lHe
lHe,lHe,lHe,CRbcDk,lHe,lHe,tjiCbXAqmb,tjiCbXAqmb,tjiCbXAqmb,CRbcDk,tjiCbXAqmb,tjiCbXAqmb,lHe,CRbcDk,CRbcDk,lHe,lHe,tjiCbXAqmb
tjiCbXAqmb
tjiCbXAqmb
tjiCbXAqmb
Jedi Wagner, assuma o comando!