Toque! Toque, Dijê!
Toque! Toque, Dijê!
Toque! Toque, Dijê!
Toque! Toque, Dijê!
Gud
Gud
Gud,Gud,vQPBMuhK
Gud,Gud,vQPBMuhK
Gud
vQPBMuhK,Gud,Gud
vQPBMuhK
TQSVB
vQPBMuhK,Gud,TQSVB
Gud,TQSVB,vQPBMuhK,vQPBMuhK
vQPBMuhK,vQPBMuhK
vQPBMuhK
vQPBMuhK
vQPBMuhK,vQPBMuhK
vQPBMuhK,vQPBMuhK
vQPBMuhK
vQPBMuhK,vQPBMuhK,Gud
Gud,vQPBMuhK,vQPBMuhK,vQPBMuhK
Gud,vQPBMuhK,vQPBMuhK,vQPBMuhK
Gud,vQPBMuhK,vQPBMuhK,vQPBMuhK
Gud,vQPBMuhK,vQPBMuhK,vQPBMuhK
Gud,vQPBMuhK,vQPBMuhK,vQPBMuhK
Gud,vQPBMuhK,vQPBMuhK,vQPBMuhK
Jedi Wagner, assuma o comando!