Toque! Toque, Dijê!
Toque! Toque, Dijê!
Toque! Toque, Dijê!
[vazia]
PyOs
PyOs
PyOs,LzqBkejaMg,HcfTG
PyOs
[vazia]
Toque! Toque, Dijê!
LzqBkejaMg,lFrtT,PyOs
LzqBkejaMg,lFrtT,PyOs
PyOs
[vazia]
[vazia]
[vazia]
HcfTG
HcfTG
[vazia]
[vazia]
Toque! Toque, Dijê!
HcfTG
HcfTG
HcfTG
HcfTG
HcfTG
HcfTG
HcfTG
HcfTG
HcfTG
HcfTG
HcfTG
HcfTG
YXHFNnJfbF
YXHFNnJfbF
LzqBkejaMg
LzqBkejaMg
LzqBkejaMg
lFrtT,YXHFNnJfbF,LzqBkejaMg
lFrtT,YXHFNnJfbF,LzqBkejaMg
LzqBkejaMg
lFrtT,YXHFNnJfbF,LzqBkejaMg
lFrtT,YXHFNnJfbF,LzqBkejaMg
lFrtT,YXHFNnJfbF,LzqBkejaMg
lFrtT,YXHFNnJfbF,LzqBkejaMg
lFrtT,YXHFNnJfbF,LzqBkejaMg
LzqBkejaMg
lFrtT,YXHFNnJfbF,LzqBkejaMg
lFrtT,YXHFNnJfbF,LzqBkejaMg
LzqBkejaMg
LzqBkejaMg
LzqBkejaMg
LzqBkejaMg
PyOs
lFrtT,YXHFNnJfbF,LzqBkejaMg,PyOs
lFrtT,YXHFNnJfbF,PyOs,HcfTG
PyOs
PyOs
PyOs
LzqBkejaMg
Gzn,lFrtT,PyOs,LzqBkejaMg,YXHFNnJfbF
lFrtT
Gzn,lFrtT,PyOs,LzqBkejaMg,YXHFNnJfbF
Jedi Wagner, assuma o comando!