[vazia]
Toque! Toque, Dijê!
Toque! Toque, Dijê!
qbwThHjyWT
qbwThHjyWT
GrIpBhmh
GrIpBhmh
[vazia]
Toque! Toque, Dijê!
[vazia]
V
V
Toque! Toque, Dijê!
[vazia]
Toque! Toque, Dijê!
Toque! Toque, Dijê!
Toque! Toque, Dijê!
[vazia]
V
V
V
V
V
V,m
m
V
V
V,Ygt,dGTn
V
V
Ygt,V,dGTn,dGTn,OF,m
Ygt
V
V
V,GJGR,qbwThHjyWT
V
V
V
GJGR
V,m,GJGR,qbwThHjyWT,V,GJGR,ZE
m
GJGR
GJGR
V,GJGR,qbwThHjyWT,m,V,GJGR,ZE,qbwThHjyWT
GJGR
GJGR,qbwThHjyWT,m,V,GJGR,ZE,qbwThHjyWT,GrIpBhmh
GJGR
V,GJGR,qbwThHjyWT,m,V,GJGR,ZE
V,GJGR,qbwThHjyWT,V,GJGR,ZE
GJGR
GJGR
GJGR
GJGR
V,GJGR,ZE,qbwThHjyWT,m,V,GJGR,GJGR
ZE
ZE
ZE
V,GJGR,ZE,qbwThHjyWT,m,V,GJGR,GJGR,dGTn,OF
ZE
V
V
GJGR
GJGR,qbwThHjyWT,m,GJGR,GJGR,dGTn,IYFzqV
GJGR
GJGR
qbwThHjyWT,m,V,GJGR,GJGR,IYFzqV,Ygt,V
qbwThHjyWT,m,V,GJGR,GJGR,IYFzqV,Ygt,V
GJGR
qbwThHjyWT,m,V,GJGR,GJGR,OF,IYFzqV,Ygt,V
qbwThHjyWT,m,V,GJGR,GJGR,OF,IYFzqV,Ygt
GJGR
GJGR
GJGR
GJGR,qbwThHjyWT,m,V,GJGR,GJGR,OF,IYFzqV
GJGR,qbwThHjyWT,m,V,GJGR,GJGR,OF,IYFzqV
OF
OF
GJGR,qbwThHjyWT,m,V,GJGR,GJGR,OF,IYFzqV
OF
GJGR,qbwThHjyWT,m,V,GJGR,GJGR,OF,IYFzqV
OF
Jedi Wagner, assuma o comando!