NE
qnHZAGYP
qnHZAGYP
qnHZAGYP
qnHZAGYP
qnHZAGYP
qnHZAGYP
qnHZAGYP
[vazia]
NE
Toque! Toque, Dijê!
[vazia]
[vazia]
WdypOF
WdypOF
WdypOF,Mz
WdypOF,Mz
WdypOF
WdypOF,Mz
WdypOF
Mz
WdypOF,Mz
Mz
WdypOF,Mz
WdypOF,Mz
Mz
WdypOF,Mz
WdypOF,Mz
WdypOF,Mz
Mz,Pk
Mz
WdypOF,Mz
Mz,oVHPOzqA
WdypOF,Mz
WdypOF,Mz,ZnjefOTr
Mz
Mz
Mz
Mz
Mz
Mz
Mz
Mz
Mz
Mz
Mz
KXLKX
Mz,KXLKX
KXLKX
KXLKX,Mz,pWUoJiKUsF
KXLKX,Mz,pWUoJiKUsF
pWUoJiKUsF
KXLKX,pWUoJiKUsF,Pk
pWUoJiKUsF
KXLKX,pWUoJiKUsF
pWUoJiKUsF
pWUoJiKUsF
pWUoJiKUsF
KXLKX,Pk,ZnjefOTr
pWUoJiKUsF
KXLKX,pWUoJiKUsF,oVHPOzqA
KXLKX,pWUoJiKUsF,oVHPOzqA
pWUoJiKUsF
KXLKX,pWUoJiKUsF,oVHPOzqA,pWUoJiKUsF
KXLKX,pWUoJiKUsF,oVHPOzqA,pWUoJiKUsF
pWUoJiKUsF
oVHPOzqA
KXLKX,pWUoJiKUsF,oVHPOzqA
KXLKX,pWUoJiKUsF,oVHPOzqA
pWUoJiKUsF
KXLKX,pWUoJiKUsF
KXLKX,pWUoJiKUsF,WdypOF,oVHPOzqA
pWUoJiKUsF
pWUoJiKUsF
pWUoJiKUsF
pWUoJiKUsF
pWUoJiKUsF
KXLKX
pWUoJiKUsF,KXLKX,WdypOF,Mz
KXLKX
pWUoJiKUsF,KXLKX,WdypOF,Mz
pWUoJiKUsF,KXLKX,WdypOF,Mz
WdypOF
WdypOF
WdypOF
WdypOF
WdypOF
pWUoJiKUsF,KXLKX,WdypOF,Mz,qnHZAGYP
WdypOF
WdypOF
WdypOF
KXLKX,WdypOF,Mz,WdypOF
WdypOF
KXLKX,Mz,WdypOF,WdypOF
WdypOF
WdypOF
KXLKX,Mz,WdypOF,WdypOF
KXLKX,Mz,WdypOF,WdypOF
KXLKX,Mz,WdypOF,WdypOF
WdypOF
KXLKX,Mz,WdypOF,WdypOF,WdypOF,qnHZAGYP
WdypOF,KXLKX,Mz,WdypOF,WdypOF,qnHZAGYP,WdypOF,KXLKX,KXLKX
KXLKX
qnHZAGYP
WdypOF,KXLKX,qnHZAGYP,Mz,WdypOF,WdypOF,WdypOF,KXLKX,KXLKX,Pk,oVHPOzqA
WdypOF
WdypOF
WdypOF
WdypOF,KXLKX,qnHZAGYP,Mz,WdypOF,WdypOF,WdypOF,KXLKX,KXLKX,Pk,oVHPOzqA
KXLKX,qnHZAGYP,Mz,WdypOF,WdypOF,WdypOF,KXLKX,KXLKX,Pk,oVHPOzqA,ZnjefOTr,Pk
Pk
qnHZAGYP,Mz,WdypOF,WdypOF,WdypOF,KXLKX,KXLKX,Pk,ZnjefOTr,oVHPOzqA,NE
KXLKX,qnHZAGYP,Mz,WdypOF,WdypOF,WdypOF,KXLKX,KXLKX,Pk,oVHPOzqA,ZnjefOTr,NE
Pk
KXLKX,qnHZAGYP,Mz,WdypOF,WdypOF,WdypOF,KXLKX,KXLKX,Pk,ZnjefOTr,oVHPOzqA,NE
Pk
KXLKX,qnHZAGYP,Mz,WdypOF,WdypOF,WdypOF,KXLKX,KXLKX,Pk,ZnjefOTr,oVHPOzqA,NE
Pk
Pk
KXLKX,qnHZAGYP,Mz,WdypOF,WdypOF,WdypOF,KXLKX,KXLKX,Pk,oVHPOzqA,ZnjefOTr,qnHZAGYP,oVHPOzqA
KXLKX,qnHZAGYP,Mz,WdypOF,WdypOF,WdypOF,KXLKX,KXLKX,Pk,oVHPOzqA,ZnjefOTr,qnHZAGYP,oVHPOzqA
Pk
Mz
Mz
qnHZAGYP,WdypOF,WdypOF,WdypOF,KXLKX,KXLKX,KXLKX,oVHPOzqA,ZnjefOTr,Pk
qnHZAGYP,WdypOF,WdypOF,WdypOF,KXLKX,KXLKX,KXLKX,oVHPOzqA,ZnjefOTr
oVHPOzqA
qnHZAGYP,WdypOF,WdypOF,WdypOF,KXLKX,KXLKX,KXLKX,oVHPOzqA,ZnjefOTr
qnHZAGYP,WdypOF,WdypOF,WdypOF,KXLKX,KXLKX,KXLKX,oVHPOzqA,ZnjefOTr
qnHZAGYP
KXLKX
KXLKX
KXLKX
qnHZAGYP,WdypOF,WdypOF,WdypOF,KXLKX,KXLKX,Pk,Mz,KXLKX,oVHPOzqA,ZnjefOTr
qnHZAGYP,WdypOF,WdypOF,WdypOF,KXLKX,KXLKX,Pk,Mz,KXLKX,oVHPOzqA,ZnjefOTr
qnHZAGYP
KXLKX
qnHZAGYP,WdypOF,WdypOF,WdypOF,KXLKX,KXLKX,Pk,Mz,KXLKX,oVHPOzqA,ZnjefOTr
qnHZAGYP,WdypOF,WdypOF,WdypOF,KXLKX,KXLKX,Pk,Mz,KXLKX,oVHPOzqA,ZnjefOTr
qnHZAGYP,WdypOF,WdypOF,WdypOF,KXLKX,KXLKX,Pk,Mz,KXLKX,oVHPOzqA,ZnjefOTr,Mz
qnHZAGYP,WdypOF,WdypOF,WdypOF,KXLKX,KXLKX,Pk,Mz,KXLKX,oVHPOzqA,ZnjefOTr,KXLKX
KXLKX
qnHZAGYP,WdypOF,WdypOF,WdypOF,KXLKX,KXLKX,KXLKX,Pk,oVHPOzqA,ZnjefOTr,WdypOF
qnHZAGYP,WdypOF,WdypOF,WdypOF,KXLKX,KXLKX,KXLKX,Pk,oVHPOzqA,ZnjefOTr,WdypOF,WdypOF,pWUoJiKUsF
qnHZAGYP,WdypOF,WdypOF,WdypOF,KXLKX,KXLKX,Pk,oVHPOzqA,ZnjefOTr,WdypOF,WdypOF,pWUoJiKUsF,WdypOF
qnHZAGYP,WdypOF,WdypOF,WdypOF,KXLKX,KXLKX,Pk,oVHPOzqA,ZnjefOTr,WdypOF,WdypOF,pWUoJiKUsF,WdypOF
qnHZAGYP,WdypOF,WdypOF,WdypOF,KXLKX,KXLKX,Pk,oVHPOzqA,ZnjefOTr,WdypOF,WdypOF,pWUoJiKUsF,WdypOF
qnHZAGYP,WdypOF,WdypOF,WdypOF,KXLKX,KXLKX,pWUoJiKUsF,Pk,oVHPOzqA,ZnjefOTr,WdypOF,WdypOF,WdypOF
qnHZAGYP,WdypOF,WdypOF,WdypOF,KXLKX,KXLKX,Pk,Mz,KXLKX,oVHPOzqA,ZnjefOTr,Pk
KXLKX
qnHZAGYP,WdypOF,WdypOF,WdypOF,KXLKX,KXLKX,Pk,Mz,KXLKX,oVHPOzqA,ZnjefOTr
KXLKX
oVHPOzqA
WdypOF
WdypOF
WdypOF,WdypOF,WdypOF,KXLKX,KXLKX,Pk,KXLKX,oVHPOzqA,oVHPOzqA,WdypOF,KXLKX,Pk,ZnjefOTr
WdypOF,WdypOF,WdypOF,KXLKX,KXLKX,KXLKX,oVHPOzqA,oVHPOzqA,WdypOF,KXLKX,Pk,ZnjefOTr,qnHZAGYP,qnHZAGYP
KXLKX
WdypOF,WdypOF,WdypOF,KXLKX,KXLKX,KXLKX,oVHPOzqA,oVHPOzqA,WdypOF,KXLKX,Pk,ZnjefOTr,qnHZAGYP,qnHZAGYP
WdypOF,WdypOF,WdypOF,KXLKX,KXLKX,KXLKX,oVHPOzqA,oVHPOzqA,WdypOF,qnHZAGYP,KXLKX,Pk,ZnjefOTr,qnHZAGYP
Jedi Wagner, assuma o comando!