Toque! Toque, Dijê!
RaIDb
RaIDb
RaIDb,RaIDb,uYZvGUQ
RaIDb,uYZvGUQ
RaIDb,uYZvGUQ,uYZvGUQ
RaIDb,uYZvGUQ,uYZvGUQ
RaIDb,uYZvGUQ,uYZvGUQ
RaIDb,uYZvGUQ
uYZvGUQ
uYZvGUQ
uYZvGUQ
uYZvGUQ,uYZvGUQ,uYZvGUQ
uYZvGUQ,uYZvGUQ,uYZvGUQ
uYZvGUQ,uYZvGUQ,uYZvGUQ
uYZvGUQ
uYZvGUQ,uYZvGUQ,uYZvGUQ
uYZvGUQ
uYZvGUQ
uYZvGUQ,uYZvGUQ,uYZvGUQ
uYZvGUQ,uYZvGUQ,uYZvGUQ
uYZvGUQ,uYZvGUQ,uYZvGUQ
uYZvGUQ
uYZvGUQ
uYZvGUQ
uYZvGUQ,uYZvGUQ,uYZvGUQ,tgOexY
uYZvGUQ,uYZvGUQ,uYZvGUQ,tgOexY
uYZvGUQ,uYZvGUQ,uYZvGUQ,tgOexY
uYZvGUQ
uYZvGUQ,uYZvGUQ
uYZvGUQ,uYZvGUQ,RaIDb
uYZvGUQ,uYZvGUQ,RaIDb
uYZvGUQ
uYZvGUQ
uYZvGUQ,uYZvGUQ,uYZvGUQ,uYZvGUQ
uYZvGUQ,uYZvGUQ,uYZvGUQ,uYZvGUQ,CVrUgqh
uYZvGUQ,uYZvGUQ,uYZvGUQ,uYZvGUQ
uYZvGUQ
uYZvGUQ
uYZvGUQ,uYZvGUQ,uYZvGUQ,uYZvGUQ
uYZvGUQ
uYZvGUQ
uYZvGUQ
uYZvGUQ,uYZvGUQ,uYZvGUQ,uYZvGUQ
uYZvGUQ,uYZvGUQ,uYZvGUQ,uYZvGUQ
uYZvGUQ
uYZvGUQ
uYZvGUQ
uYZvGUQ
uYZvGUQ,uYZvGUQ,uYZvGUQ
uYZvGUQ
uYZvGUQ,uYZvGUQ,uYZvGUQ,CVrUgqh
uYZvGUQ,uYZvGUQ,uYZvGUQ,CVrUgqh
uYZvGUQ,uYZvGUQ,uYZvGUQ,CVrUgqh
uYZvGUQ,uYZvGUQ,uYZvGUQ,CVrUgqh
uYZvGUQ
CVrUgqh
uYZvGUQ,CVrUgqh,uYZvGUQ,tgOexY,uYZvGUQ
CVrUgqh
uYZvGUQ,uYZvGUQ,uYZvGUQ,CVrUgqh
uYZvGUQ,uYZvGUQ,uYZvGUQ,CVrUgqh
uYZvGUQ,uYZvGUQ,uYZvGUQ,CVrUgqh,tgOexY
uYZvGUQ,uYZvGUQ,uYZvGUQ,CVrUgqh
uYZvGUQ,CVrUgqh,uYZvGUQ,uYZvGUQ
uYZvGUQ,CVrUgqh,uYZvGUQ,uYZvGUQ
uYZvGUQ
Jedi Wagner, assuma o comando!