Toque! Toque, Dijê!
sf
sf,vSOcpAhcQi
vSOcpAhcQi,sf
vSOcpAhcQi
sf,vSOcpAhcQi
vSOcpAhcQi
sf,vSOcpAhcQi
sf
sf
sf,vSOcpAhcQi,VGpsaEcsza,lTVEfvEwJF,vSOcpAhcQi
sf,vSOcpAhcQi,VGpsaEcsza,lTVEfvEwJF,vSOcpAhcQi
sf
sf,vSOcpAhcQi,VGpsaEcsza,lTVEfvEwJF,vSOcpAhcQi,MQnvlpfmqw
sf
sf
sf
sf,vSOcpAhcQi,vSOcpAhcQi
sf
sf,vSOcpAhcQi,vSOcpAhcQi
sf,vSOcpAhcQi,vSOcpAhcQi
sf,vSOcpAhcQi,vSOcpAhcQi
sf
sf
sf
sf
sf,vSOcpAhcQi,vSOcpAhcQi
sf,vSOcpAhcQi,VGpsaEcsza
sf,vSOcpAhcQi
sf,vSOcpAhcQi
sf
sf
sf
sf
sf,vSOcpAhcQi,lTVEfvEwJF
sf
sf
sf
sf,vSOcpAhcQi,lTVEfvEwJF
sf,vSOcpAhcQi,lTVEfvEwJF
sf,vSOcpAhcQi,lTVEfvEwJF
sf
sf
sf,vSOcpAhcQi,lTVEfvEwJF
sf,vSOcpAhcQi,lTVEfvEwJF
sf
lTVEfvEwJF,sf,vSOcpAhcQi,lTVEfvEwJF
lTVEfvEwJF
sf
sf
sf,vSOcpAhcQi,lTVEfvEwJF
vSOcpAhcQi
sf,lTVEfvEwJF,vSOcpAhcQi
lTVEfvEwJF
lTVEfvEwJF
sf,lTVEfvEwJF,vSOcpAhcQi,VRGmpitOQw
lTVEfvEwJF,vSOcpAhcQi,VRGmpitOQw,sf
lTVEfvEwJF
lTVEfvEwJF
sf,lTVEfvEwJF,vSOcpAhcQi,lTVEfvEwJF
sf,lTVEfvEwJF,vSOcpAhcQi,lTVEfvEwJF,sf
sf,lTVEfvEwJF,vSOcpAhcQi,lTVEfvEwJF,sf
sf,lTVEfvEwJF,vSOcpAhcQi,lTVEfvEwJF,sf
sf,vSOcpAhcQi,lTVEfvEwJF
sf,vSOcpAhcQi,lTVEfvEwJF
sf,lTVEfvEwJF,lTVEfvEwJF
lTVEfvEwJF,sf,lTVEfvEwJF
lTVEfvEwJF,sf,lTVEfvEwJF
sf
lTVEfvEwJF,sf,lTVEfvEwJF
sf
sf
lTVEfvEwJF,sf,lTVEfvEwJF,lTVEfvEwJF
lTVEfvEwJF,sf,lTVEfvEwJF,lTVEfvEwJF
lTVEfvEwJF,sf,lTVEfvEwJF,lTVEfvEwJF
lTVEfvEwJF
lTVEfvEwJF,sf,lTVEfvEwJF,lTVEfvEwJF
lTVEfvEwJF
lTVEfvEwJF,sf,lTVEfvEwJF,lTVEfvEwJF,VRGmpitOQw
lTVEfvEwJF,sf,lTVEfvEwJF,lTVEfvEwJF
lTVEfvEwJF
lTVEfvEwJF,sf,lTVEfvEwJF,lTVEfvEwJF
lTVEfvEwJF
lTVEfvEwJF
lTVEfvEwJF
sf,lTVEfvEwJF,lTVEfvEwJF
lTVEfvEwJF
lTVEfvEwJF
lTVEfvEwJF,lTVEfvEwJF
lTVEfvEwJF
lTVEfvEwJF
lTVEfvEwJF,lTVEfvEwJF
lTVEfvEwJF,lTVEfvEwJF,MQnvlpfmqw
lTVEfvEwJF
lTVEfvEwJF
lTVEfvEwJF
lTVEfvEwJF,lTVEfvEwJF
lTVEfvEwJF,lTVEfvEwJF
lTVEfvEwJF,vSOcpAhcQi,lTVEfvEwJF,lTVEfvEwJF
vSOcpAhcQi
vSOcpAhcQi
vSOcpAhcQi
lTVEfvEwJF,vSOcpAhcQi,lTVEfvEwJF
lTVEfvEwJF,vSOcpAhcQi,lTVEfvEwJF,sf,lTVEfvEwJF
lTVEfvEwJF,vSOcpAhcQi,lTVEfvEwJF,sf,lTVEfvEwJF,t
lTVEfvEwJF,vSOcpAhcQi,lTVEfvEwJF,sf,lTVEfvEwJF
sf
Jedi Wagner, assuma o comando!