[vazia]
[vazia]
eqbx
eqbx
eqbx
eqbx
eqbx
eqbx
eqbx,H
eqbx
eqbx,gWQtTnpD
eqbx
[vazia]
[vazia]
eqbx,fnYvXSW,eqbx,eqbx
fnYvXSW
fnYvXSW
JUeau
JUeau,gWQtTnpD,IpwAosHeif,oNU
JUeau
Toque! Toque, Dijê!
oNU,JUeau,eqbx,fnYvXSW
[vazia]
[vazia]
[vazia]
[vazia]
Toque! Toque, Dijê!
Toque! Toque, Dijê!
Toque! Toque, Dijê!
fnYvXSW
fnYvXSW
fnYvXSW
fnYvXSW,JUeau,H,fnYvXSW
fnYvXSW,JUeau,H,fnYvXSW
H,fnYvXSW,JUeau,fnYvXSW
H
fnYvXSW
H,fnYvXSW,JUeau,fnYvXSW,gWQtTnpD
fnYvXSW
H,fnYvXSW,JUeau,fnYvXSW,gWQtTnpD,eqbx,gWQtTnpD
JUeau
JUeau
JUeau
JUeau
JUeau
H,fnYvXSW,JUeau,fnYvXSW,gWQtTnpD,eqbx,gWQtTnpD
JUeau
JUeau
H,fnYvXSW,JUeau,fnYvXSW,gWQtTnpD,eqbx,gWQtTnpD
H,fnYvXSW,JUeau,fnYvXSW,gWQtTnpD,eqbx,gWQtTnpD,JUeau
JUeau
JUeau
H,fnYvXSW,JUeau,fnYvXSW,gWQtTnpD,eqbx,gWQtTnpD
H,fnYvXSW,JUeau,fnYvXSW,gWQtTnpD,eqbx,gWQtTnpD
H,fnYvXSW,JUeau,fnYvXSW,gWQtTnpD,eqbx,gWQtTnpD
H,fnYvXSW,JUeau,fnYvXSW,gWQtTnpD,eqbx,gWQtTnpD
JUeau
JUeau
JUeau
H,JUeau,fnYvXSW,JUeau,eqbx,fnYvXSW,eqbx,fnYvXSW
H,fnYvXSW,JUeau,fnYvXSW,gWQtTnpD,eqbx,gWQtTnpD
JUeau
JUeau
JUeau
gWQtTnpD
gWQtTnpD
JUeau,fnYvXSW,gWQtTnpD,fnYvXSW,eqbx,nhTOyqyX,eqbx,nhTOyqyX,JUeau,nhTOyqyX
JUeau,fnYvXSW,gWQtTnpD,fnYvXSW,eqbx,nhTOyqyX,eqbx,nhTOyqyX,JUeau,nhTOyqyX,fnYvXSW
fnYvXSW
fnYvXSW
JUeau,fnYvXSW,gWQtTnpD,fnYvXSW,oNU,eqbx,nhTOyqyX,eqbx,nhTOyqyX,JUeau,nhTOyqyX,fnYvXSW
JUeau,fnYvXSW,gWQtTnpD,fnYvXSW,oNU,eqbx,nhTOyqyX,eqbx,nhTOyqyX,JUeau,nhTOyqyX,fnYvXSW,oNU
eqbx
nhTOyqyX
JUeau,fnYvXSW,gWQtTnpD,fnYvXSW,oNU,eqbx,nhTOyqyX,H,eqbx,nhTOyqyX,JUeau,nhTOyqyX,fnYvXSW,oNU
H
JUeau,gWQtTnpD,fnYvXSW,oNU,eqbx,nhTOyqyX,fnYvXSW,H,eqbx,nhTOyqyX,JUeau,nhTOyqyX,fnYvXSW,oNU
gWQtTnpD,fnYvXSW,oNU,eqbx,nhTOyqyX,fnYvXSW,JUeau,eqbx,nhTOyqyX,JUeau,nhTOyqyX,fnYvXSW,oNU
JUeau
gWQtTnpD,fnYvXSW,oNU,eqbx,nhTOyqyX,fnYvXSW,JUeau,eqbx,nhTOyqyX,JUeau,nhTOyqyX,fnYvXSW,oNU
gWQtTnpD,oNU,eqbx,nhTOyqyX,fnYvXSW,JUeau,fnYvXSW,eqbx,nhTOyqyX,JUeau,nhTOyqyX,fnYvXSW,oNU,oNU
oNU,eqbx,nhTOyqyX,fnYvXSW,JUeau,fnYvXSW,eqbx,gWQtTnpD,nhTOyqyX,JUeau,nhTOyqyX,fnYvXSW,oNU,oNU,fnYvXSW,nhTOyqyX,eqbx
gWQtTnpD
oNU,fnYvXSW,JUeau,fnYvXSW,gWQtTnpD,eqbx,eqbx,nhTOyqyX,JUeau,nhTOyqyX,fnYvXSW,oNU,oNU,fnYvXSW,nhTOyqyX,eqbx
eqbx
gWQtTnpD,oNU,eqbx,nhTOyqyX,fnYvXSW,JUeau,fnYvXSW,eqbx,nhTOyqyX,JUeau,nhTOyqyX,fnYvXSW,oNU,oNU,nhTOyqyX
oNU,fnYvXSW,JUeau,fnYvXSW,eqbx,gWQtTnpD,JUeau,nhTOyqyX,fnYvXSW,oNU,oNU,nhTOyqyX,JUeau
fnYvXSW
oNU
oNU,fnYvXSW,JUeau,fnYvXSW,eqbx,gWQtTnpD,JUeau,fnYvXSW,oNU,oNU,nhTOyqyX,JUeau,eqbx,gWQtTnpD,H
oNU
oNU,fnYvXSW,JUeau,fnYvXSW,eqbx,gWQtTnpD,JUeau,fnYvXSW,oNU,oNU,nhTOyqyX,JUeau,eqbx,gWQtTnpD,H
oNU
oNU
oNU,fnYvXSW,JUeau,fnYvXSW,eqbx,JUeau,nhTOyqyX,fnYvXSW,oNU,oNU,nhTOyqyX,JUeau,eqbx
oNU,fnYvXSW,fnYvXSW,eqbx,JUeau,nhTOyqyX,fnYvXSW,oNU,JUeau,oNU,nhTOyqyX,JUeau,eqbx,IpwAosHeif,IpwAosHeif
JUeau
oNU,fnYvXSW,fnYvXSW,eqbx,nhTOyqyX,fnYvXSW,oNU,JUeau,JUeau,oNU,nhTOyqyX,JUeau,eqbx,IpwAosHeif,IpwAosHeif,nhTOyqyX,gWQtTnpD
JUeau
JUeau
JUeau
oNU,fnYvXSW,fnYvXSW,eqbx,nhTOyqyX,fnYvXSW,oNU,JUeau,JUeau,oNU,nhTOyqyX,JUeau,eqbx,IpwAosHeif,nhTOyqyX,gWQtTnpD,H,H,nhTOyqyX
oNU,fnYvXSW,fnYvXSW,eqbx,nhTOyqyX,fnYvXSW,oNU,JUeau,JUeau,oNU,nhTOyqyX,JUeau,eqbx,IpwAosHeif,nhTOyqyX,gWQtTnpD,H,H,nhTOyqyX,IpwAosHeif
oNU,fnYvXSW,fnYvXSW,eqbx,nhTOyqyX,fnYvXSW,oNU,JUeau,JUeau,oNU,nhTOyqyX,JUeau,eqbx,IpwAosHeif,nhTOyqyX,gWQtTnpD,H,H,nhTOyqyX,IpwAosHeif
JUeau
oNU,fnYvXSW,fnYvXSW,eqbx,fnYvXSW,oNU,JUeau,nhTOyqyX,oNU,nhTOyqyX,JUeau,eqbx,IpwAosHeif,nhTOyqyX,H,H,nhTOyqyX,gWQtTnpD
oNU,fnYvXSW,fnYvXSW,eqbx,fnYvXSW,oNU,JUeau,nhTOyqyX,oNU,nhTOyqyX,JUeau,eqbx,IpwAosHeif,nhTOyqyX,H,H,nhTOyqyX,gWQtTnpD
oNU
fnYvXSW,fnYvXSW,eqbx,fnYvXSW,oNU,JUeau,oNU,IpwAosHeif,H,nhTOyqyX,nhTOyqyX,JUeau,eqbx,nhTOyqyX,H,nhTOyqyX,H,IpwAosHeif
oNU
oNU
fnYvXSW,oNU,JUeau,oNU,IpwAosHeif,H,nhTOyqyX,nhTOyqyX,JUeau,eqbx,nhTOyqyX,H,nhTOyqyX,H,IpwAosHeif,fnYvXSW
fnYvXSW,oNU,JUeau,oNU,IpwAosHeif,H,nhTOyqyX,nhTOyqyX,JUeau,eqbx,nhTOyqyX,H,nhTOyqyX,H,IpwAosHeif,fnYvXSW
JUeau
JUeau
oNU
oNU,fnYvXSW,fnYvXSW,eqbx,fnYvXSW,oNU,JUeau,nhTOyqyX,oNU,nhTOyqyX,JUeau,eqbx,IpwAosHeif,nhTOyqyX,H,H,nhTOyqyX,gWQtTnpD
oNU,fnYvXSW,eqbx,fnYvXSW,oNU,JUeau,nhTOyqyX,oNU,fnYvXSW,nhTOyqyX,JUeau,eqbx,IpwAosHeif,nhTOyqyX,H,H,nhTOyqyX,gWQtTnpD
oNU,fnYvXSW,eqbx,fnYvXSW,oNU,JUeau,nhTOyqyX,oNU,fnYvXSW,nhTOyqyX,JUeau,eqbx,IpwAosHeif,nhTOyqyX,H,H,nhTOyqyX,gWQtTnpD
oNU
oNU,fnYvXSW,eqbx,fnYvXSW,oNU,nhTOyqyX,oNU,fnYvXSW,nhTOyqyX,JUeau,eqbx,IpwAosHeif,nhTOyqyX,H,H,nhTOyqyX,gWQtTnpD
oNU
oNU,fnYvXSW,fnYvXSW,eqbx,fnYvXSW,oNU,JUeau,nhTOyqyX,oNU,nhTOyqyX,JUeau,eqbx,IpwAosHeif,nhTOyqyX,H,H,nhTOyqyX,gWQtTnpD,fnYvXSW,JUeau,H
nhTOyqyX
nhTOyqyX
nhTOyqyX
oNU,fnYvXSW,fnYvXSW,oNU,JUeau,oNU,nhTOyqyX,eqbx,nhTOyqyX,fnYvXSW,JUeau,eqbx,IpwAosHeif,nhTOyqyX,H,nhTOyqyX,gWQtTnpD,fnYvXSW,JUeau,H,gWQtTnpD,IpwAosHeif
eqbx
oNU,fnYvXSW,fnYvXSW,oNU,JUeau,oNU,nhTOyqyX,eqbx,nhTOyqyX,fnYvXSW,JUeau,eqbx,IpwAosHeif,nhTOyqyX,H,nhTOyqyX,fnYvXSW,JUeau,H,gWQtTnpD,IpwAosHeif,fnYvXSW
fnYvXSW,eqbx,fnYvXSW,oNU,JUeau,nhTOyqyX,oNU,nhTOyqyX,oNU,JUeau,eqbx,IpwAosHeif,nhTOyqyX,H,H,nhTOyqyX,gWQtTnpD,fnYvXSW,JUeau,H,gWQtTnpD
oNU,fnYvXSW,fnYvXSW,eqbx,fnYvXSW,oNU,JUeau,nhTOyqyX,oNU,nhTOyqyX,JUeau,eqbx,IpwAosHeif,nhTOyqyX,H,H,nhTOyqyX,gWQtTnpD,fnYvXSW,JUeau,H,gWQtTnpD
nhTOyqyX
nhTOyqyX
H
nhTOyqyX
nhTOyqyX
nhTOyqyX
fnYvXSW,oNU,JUeau,oNU,nhTOyqyX,oNU,nhTOyqyX,JUeau,eqbx,IpwAosHeif,nhTOyqyX,H,H,nhTOyqyX,gWQtTnpD,fnYvXSW,JUeau,H,gWQtTnpD,eqbx,fnYvXSW,eqbx
nhTOyqyX
nhTOyqyX
nhTOyqyX
fnYvXSW,oNU,JUeau,oNU,IpwAosHeif,nhTOyqyX,oNU,nhTOyqyX,JUeau,eqbx,nhTOyqyX,H,H,nhTOyqyX,gWQtTnpD,fnYvXSW,JUeau,H,gWQtTnpD,eqbx,fnYvXSW,eqbx
IpwAosHeif
fnYvXSW,fnYvXSW,eqbx,fnYvXSW,oNU,JUeau,nhTOyqyX,oNU,nhTOyqyX,JUeau,eqbx,IpwAosHeif,nhTOyqyX,H,H,nhTOyqyX,gWQtTnpD,fnYvXSW,JUeau,H,gWQtTnpD
nhTOyqyX
eqbx
oNU,fnYvXSW,fnYvXSW,fnYvXSW,oNU,JUeau,oNU,nhTOyqyX,eqbx,nhTOyqyX,JUeau,eqbx,IpwAosHeif,nhTOyqyX,H,H,nhTOyqyX,gWQtTnpD,fnYvXSW,JUeau,H,gWQtTnpD,eqbx
nhTOyqyX
Jedi Wagner, assuma o comando!