[vazia]
[vazia]
Toque! Toque, Dijê!
Toque! Toque, Dijê!
[vazia]
Toque! Toque, Dijê!
[vazia]
pxaPeYC
[vazia]
[vazia]
N
Toque! Toque, Dijê!
pxaPeYC
pxaPeYC
S,pxaPeYC
S,pxaPeYC
pxaPeYC,S
pxaPeYC,S,OMtdkzB
pxaPeYC,S,OMtdkzB,pxaPeYC,pxaPeYC,S
pxaPeYC
pxaPeYC,S,OMtdkzB,pxaPeYC,pxaPeYC,S,PvLvW
pxaPeYC,OMtdkzB,S,pxaPeYC,pxaPeYC,S,PvLvW
pxaPeYC,S,pxaPeYC,OMtdkzB,pxaPeYC,S,PvLvW
pxaPeYC,S,pxaPeYC,OMtdkzB,pxaPeYC,S,PvLvW
OMtdkzB
S,pxaPeYC,OMtdkzB,pxaPeYC,pxaPeYC,S
S,pxaPeYC,OMtdkzB,pxaPeYC,pxaPeYC,S
pxaPeYC
pxaPeYC
pxaPeYC,OMtdkzB,pxaPeYC,pxaPeYC,S,OMtdkzB,N,PvLvW
S
pxaPeYC,OMtdkzB,pxaPeYC,pxaPeYC,S,PvLvW,N,OMtdkzB
pxaPeYC,OMtdkzB,pxaPeYC,pxaPeYC,S,PvLvW,N,OMtdkzB
S
S
N
pxaPeYC,pxaPeYC,pxaPeYC,S,N,OMtdkzB,OMtdkzB,PvLvW
pxaPeYC,OMtdkzB,pxaPeYC,pxaPeYC,S,N,OMtdkzB,PvLvW
N
N
pxaPeYC,OMtdkzB,pxaPeYC,pxaPeYC,S,N,OMtdkzB,PvLvW,S
pxaPeYC,OMtdkzB,pxaPeYC,pxaPeYC,N,OMtdkzB,S
pxaPeYC,OMtdkzB,pxaPeYC,pxaPeYC,N,OMtdkzB,S
OMtdkzB
OMtdkzB
pxaPeYC,pxaPeYC,pxaPeYC,N,OMtdkzB,S,OMtdkzB,pxaPeYC
pxaPeYC,pxaPeYC,pxaPeYC,N,OMtdkzB,S,OMtdkzB,pxaPeYC
OMtdkzB
OMtdkzB
pxaPeYC
pxaPeYC,pxaPeYC,pxaPeYC,N,OMtdkzB,pxaPeYC,N
N
pxaPeYC,pxaPeYC,pxaPeYC,N,pxaPeYC,PvLvW
pxaPeYC,pxaPeYC,pxaPeYC,N,pxaPeYC,PvLvW,OMtdkzB
pxaPeYC
pxaPeYC,pxaPeYC,pxaPeYC,N,pxaPeYC,OMtdkzB,PvLvW
pxaPeYC,pxaPeYC,pxaPeYC,N,pxaPeYC,PvLvW
pxaPeYC,pxaPeYC,pxaPeYC,N,pxaPeYC,PvLvW
pxaPeYC
pxaPeYC,pxaPeYC,pxaPeYC,pxaPeYC,PvLvW
PvLvW
pxaPeYC,pxaPeYC,pxaPeYC,PvLvW,PvLvW
PvLvW
PvLvW
pxaPeYC,pxaPeYC,PvLvW,PvLvW,PvLvW
pxaPeYC,pxaPeYC,PvLvW,PvLvW,PvLvW
PvLvW
pxaPeYC,pxaPeYC,PvLvW,PvLvW,PvLvW
pxaPeYC,pxaPeYC,PvLvW,PvLvW,PvLvW,pxaPeYC
pxaPeYC,PvLvW,pxaPeYC,PvLvW,PvLvW,N
pxaPeYC
pxaPeYC
pxaPeYC,PvLvW,PvLvW,N
pxaPeYC,PvLvW,PvLvW,N
pxaPeYC
pxaPeYC
PvLvW,pxaPeYC,PvLvW,N
PvLvW,pxaPeYC,PvLvW,N
PvLvW,pxaPeYC,PvLvW,N
PvLvW,pxaPeYC,PvLvW,N,pxaPeYC
PvLvW,pxaPeYC,PvLvW,N,pxaPeYC
PvLvW
PvLvW,pxaPeYC,PvLvW,N
PvLvW
PvLvW,pxaPeYC,PvLvW,N
PvLvW
pxaPeYC,PvLvW,N,OMtdkzB
pxaPeYC,PvLvW,N,OMtdkzB
N
pxaPeYC,N,PvLvW,OMtdkzB
N
pxaPeYC,N,PvLvW,OMtdkzB,PvLvW
N
pxaPeYC,N,OMtdkzB,PvLvW,OMtdkzB
pxaPeYC,OMtdkzB,PvLvW,N,OMtdkzB
PvLvW,N,OMtdkzB,pxaPeYC,OMtdkzB
OMtdkzB
pxaPeYC,OMtdkzB,PvLvW,N,OMtdkzB,N
OMtdkzB
OMtdkzB
OMtdkzB
pxaPeYC,OMtdkzB,PvLvW,OMtdkzB,pxaPeYC,N
pxaPeYC,OMtdkzB,PvLvW,OMtdkzB,pxaPeYC,N
OMtdkzB,PvLvW,OMtdkzB,pxaPeYC,N
OMtdkzB
OMtdkzB
OMtdkzB
pxaPeYC,PvLvW,OMtdkzB,PvLvW
pxaPeYC,PvLvW,OMtdkzB,PvLvW
PvLvW,OMtdkzB
pxaPeYC,OMtdkzB,N,OMtdkzB,PvLvW,pxaPeYC,S
OMtdkzB,OMtdkzB,PvLvW,pxaPeYC,S,PvLvW
OMtdkzB,OMtdkzB,PvLvW,pxaPeYC,S,PvLvW
S
S
OMtdkzB,OMtdkzB,PvLvW,S,pxaPeYC,PvLvW,S,OMtdkzB
S
PvLvW
OMtdkzB,PvLvW,pxaPeYC,S,PvLvW,OMtdkzB
OMtdkzB,PvLvW,pxaPeYC,S,PvLvW,OMtdkzB
pxaPeYC,PvLvW,OMtdkzB,S,S
OMtdkzB
pxaPeYC,S,S
pxaPeYC
PvLvW
pxaPeYC,S,PvLvW,S,pxaPeYC
pxaPeYC
pxaPeYC
pxaPeYC
PvLvW,pxaPeYC,S,S,pxaPeYC,S
PvLvW,pxaPeYC,S,S,pxaPeYC,S
PvLvW,pxaPeYC,S,S,pxaPeYC,S
PvLvW,pxaPeYC,S,pxaPeYC,S
PvLvW,pxaPeYC,S,pxaPeYC,S,pxaPeYC
S
S
S
S,S,PvLvW,pxaPeYC
S,S,PvLvW,pxaPeYC
S,S,PvLvW,pxaPeYC
S,S,PvLvW,pxaPeYC
S,S,PvLvW,pxaPeYC,N
N
S,S,N,pxaPeYC,OMtdkzB
S,S,N,OMtdkzB,PvLvW
S,S,N,OMtdkzB,PvLvW
S,S,N,OMtdkzB,PvLvW
PvLvW
S,S,OMtdkzB,PvLvW,N,OMtdkzB
N
N
S,S,N,OMtdkzB,PvLvW,OMtdkzB,N
PvLvW
S,S,OMtdkzB,PvLvW,OMtdkzB,N,N,S,N
S,PvLvW,OMtdkzB,OMtdkzB,N,S,N,S
OMtdkzB
OMtdkzB
S,PvLvW,OMtdkzB,OMtdkzB,N,S,N,S
S,PvLvW,OMtdkzB,OMtdkzB,N,S,N,S
OMtdkzB
OMtdkzB
OMtdkzB
N
S,PvLvW,OMtdkzB,OMtdkzB,N,S,N,S
S,PvLvW,OMtdkzB,OMtdkzB,N,S,N,S
OMtdkzB,OMtdkzB,pxaPeYC,S,N,S,S,OMtdkzB
OMtdkzB,OMtdkzB,pxaPeYC,S,N,S,S,OMtdkzB
S
OMtdkzB
OMtdkzB,S,OMtdkzB,pxaPeYC,N,S,S,OMtdkzB
OMtdkzB
S,PvLvW,OMtdkzB,OMtdkzB,N,S,N,S
S,PvLvW,OMtdkzB,OMtdkzB,N,S,N,S
S
PvLvW,OMtdkzB,N,S,N,S,OMtdkzB,PvLvW,N,pxaPeYC
S,PvLvW,OMtdkzB,OMtdkzB,N,S,N,S
S
N
S,OMtdkzB,OMtdkzB,S,N,N,S,S,N
S
S,PvLvW,OMtdkzB,N,S,N,S
S
S
N,S,S,N,S
S,PvLvW,OMtdkzB,OMtdkzB,N,S,N,S
S
S,PvLvW,OMtdkzB,OMtdkzB,N,S,N,S,OMtdkzB
Jedi Wagner, assuma o comando!