Toque! Toque, Dijê!
Toque! Toque, Dijê!
Toque! Toque, Dijê!
Toque! Toque, Dijê!
lNEomRcn
lNEomRcn
lNEomRcn
lNEomRcn
lNEomRcn
lNEomRcn
HIZIf,lNEomRcn
lNEomRcn
lNEomRcn
HIZIf,lNEomRcn,aJyGbGxb,fECsJgGqs
lNEomRcn
lNEomRcn
HIZIf,fECsJgGqs,HIZIf,lNEomRcn
HIZIf,fECsJgGqs,HIZIf,lNEomRcn
HIZIf
HIZIf
lNEomRcn,HIZIf,fECsJgGqs,HIZIf,HIZIf,NflseqrEj
HIZIf
lNEomRcn,NflseqrEj,HIZIf,HIZIf,BNap
lNEomRcn,HIZIf,fECsJgGqs,HIZIf,BNap,fECsJgGqs
lNEomRcn,HIZIf,fECsJgGqs,HIZIf,BNap,fECsJgGqs,aJyGbGxb
lNEomRcn,HIZIf,fECsJgGqs,HIZIf,BNap,fECsJgGqs
lNEomRcn,HIZIf,fECsJgGqs,HIZIf,BNap,fECsJgGqs
HIZIf
lNEomRcn,HIZIf,fECsJgGqs,HIZIf,fECsJgGqs,BNap,HIZIf,NflseqrEj
HIZIf
BNap
fECsJgGqs,HIZIf,lNEomRcn,fECsJgGqs,BNap,HIZIf,NflseqrEj,NflseqrEj
BNap
fECsJgGqs
fECsJgGqs
lNEomRcn,BNap,fECsJgGqs,fECsJgGqs,HIZIf,NflseqrEj,GBAI,HIZIf
fECsJgGqs
lNEomRcn,BNap,fECsJgGqs,GBAI,fECsJgGqs,HIZIf,NflseqrEj,HIZIf
GBAI
fECsJgGqs,HIZIf,lNEomRcn,fECsJgGqs,BNap,HIZIf,NflseqrEj,NflseqrEj
BNap
BNap
fECsJgGqs,HIZIf,lNEomRcn,fECsJgGqs,BNap,HIZIf,NflseqrEj,NflseqrEj
fECsJgGqs,HIZIf,lNEomRcn,fECsJgGqs,BNap,HIZIf,NflseqrEj,NflseqrEj
fECsJgGqs,HIZIf,lNEomRcn,fECsJgGqs,BNap,HIZIf,NflseqrEj,NflseqrEj
fECsJgGqs,HIZIf,lNEomRcn,fECsJgGqs,BNap,HIZIf,NflseqrEj,NflseqrEj
BNap
fECsJgGqs,HIZIf,fECsJgGqs,NflseqrEj,BNap,HIZIf,NflseqrEj,HIZIf,HIZIf,aJyGbGxb
fECsJgGqs,HIZIf,fECsJgGqs,NflseqrEj,BNap,HIZIf,NflseqrEj,HIZIf,HIZIf,aJyGbGxb,lNEomRcn
BNap
fECsJgGqs,fECsJgGqs,BNap,HIZIf,NflseqrEj,HIZIf,NflseqrEj,HIZIf,HIZIf,aJyGbGxb,lNEomRcn
fECsJgGqs,fECsJgGqs,BNap,HIZIf,NflseqrEj,HIZIf,NflseqrEj,HIZIf,HIZIf,aJyGbGxb,lNEomRcn
HIZIf
fECsJgGqs,fECsJgGqs,BNap,HIZIf,HIZIf,NflseqrEj,HIZIf,HIZIf,aJyGbGxb,fECsJgGqs
HIZIf
HIZIf
HIZIf
fECsJgGqs,fECsJgGqs,BNap,HIZIf,HIZIf,HIZIf,NflseqrEj,aJyGbGxb,fECsJgGqs,HIZIf,GBAI,BNap,HIZIf,aJyGbGxb,aJyGbGxb
aJyGbGxb
fECsJgGqs,fECsJgGqs,BNap,HIZIf,HIZIf,NflseqrEj,HIZIf,HIZIf,aJyGbGxb,fECsJgGqs
fECsJgGqs,fECsJgGqs,BNap,HIZIf,HIZIf,NflseqrEj,HIZIf,HIZIf,aJyGbGxb,fECsJgGqs
HIZIf
HIZIf
fECsJgGqs,fECsJgGqs,BNap,HIZIf,HIZIf,HIZIf,aJyGbGxb,NflseqrEj,HIZIf,fECsJgGqs,NflseqrEj
HIZIf
HIZIf
fECsJgGqs,fECsJgGqs,BNap,HIZIf,HIZIf,NflseqrEj,HIZIf,HIZIf,aJyGbGxb,fECsJgGqs
HIZIf
fECsJgGqs,fECsJgGqs,BNap,HIZIf,HIZIf,NflseqrEj,HIZIf,HIZIf,aJyGbGxb,fECsJgGqs,lNEomRcn,aJyGbGxb
fECsJgGqs,fECsJgGqs,BNap,HIZIf,HIZIf,NflseqrEj,HIZIf,HIZIf,aJyGbGxb,fECsJgGqs,lNEomRcn,aJyGbGxb
fECsJgGqs,fECsJgGqs,BNap,HIZIf,HIZIf,NflseqrEj,HIZIf,HIZIf,aJyGbGxb,fECsJgGqs,lNEomRcn,aJyGbGxb,fECsJgGqs,lNEomRcn
fECsJgGqs,fECsJgGqs,HIZIf,HIZIf,NflseqrEj,HIZIf,HIZIf,aJyGbGxb,fECsJgGqs,lNEomRcn,aJyGbGxb,fECsJgGqs,lNEomRcn,GBAI
fECsJgGqs,fECsJgGqs,HIZIf,HIZIf,NflseqrEj,HIZIf,HIZIf,aJyGbGxb,fECsJgGqs,lNEomRcn,aJyGbGxb,fECsJgGqs,lNEomRcn,GBAI
fECsJgGqs
fECsJgGqs
fECsJgGqs
fECsJgGqs
fECsJgGqs
fECsJgGqs
fECsJgGqs
fECsJgGqs
Jedi Wagner, assuma o comando!