[vazia]
[vazia]
AQo
Toque! Toque, Dijê!
Toque! Toque, Dijê!
MHmYGnKQyY
MHmYGnKQyY
MHmYGnKQyY
MHmYGnKQyY,YSefOuYRFR
MHmYGnKQyY
MHmYGnKQyY
MHmYGnKQyY
MHmYGnKQyY,YSefOuYRFR
MHmYGnKQyY,YSefOuYRFR
MHmYGnKQyY,YSefOuYRFR
MHmYGnKQyY,YSefOuYRFR
MHmYGnKQyY
MHmYGnKQyY
MHmYGnKQyY,YSefOuYRFR
MHmYGnKQyY
MHmYGnKQyY,YSefOuYRFR
MHmYGnKQyY,YSefOuYRFR
MHmYGnKQyY
YSefOuYRFR,MolP,jQtyTzlM,ReO
YSefOuYRFR
YSefOuYRFR,MolP,jQtyTzlM,ReO
YSefOuYRFR,MolP,jQtyTzlM,ReO
MolP
YSefOuYRFR,MolP,jQtyTzlM,ReO
YSefOuYRFR,MolP,jQtyTzlM,ReO
YSefOuYRFR,MolP,jQtyTzlM,ReO
jQtyTzlM
YSefOuYRFR,MolP,jQtyTzlM,ReO,ccHqPRw
YSefOuYRFR,MolP,jQtyTzlM,ReO,ccHqPRw
YSefOuYRFR,MolP,jQtyTzlM,ccHqPRw,ReO
jQtyTzlM
jQtyTzlM
jQtyTzlM
MolP,jQtyTzlM,ReO
jQtyTzlM
MolP,jQtyTzlM,ReO,MolP
ReO
YSefOuYRFR,MolP,jQtyTzlM,ReO,AQo
YSefOuYRFR,MolP,jQtyTzlM,ReO,AQo
jQtyTzlM
jQtyTzlM
MolP
MolP,MHmYGnKQyY,YSefOuYRFR
MolP,MHmYGnKQyY,ReO,YSefOuYRFR
MolP
MolP,MHmYGnKQyY,ReO,ccHqPRw,AQo
MolP,MHmYGnKQyY,ReO,ccHqPRw,AQo
MolP,MHmYGnKQyY,ReO,ccHqPRw,AQo,MHmYGnKQyY,MolP,ccHqPRw
MolP
MolP
MolP,ReO,ccHqPRw,AQo,MHmYGnKQyY,MolP,ccHqPRw,ReO
ccHqPRw
AQo
AQo
ReO
MolP,AQo,ReO,MolP,ccHqPRw,ReO,stOI,MolP,MHmYGnKQyY,YSefOuYRFR,ReO
ReO
AQo,ReO,MolP,ccHqPRw,ReO,MolP,MHmYGnKQyY,YSefOuYRFR,ReO,AQo
AQo,ReO,MolP,ccHqPRw,ReO,MolP,MHmYGnKQyY,YSefOuYRFR,ReO,AQo
MolP,MolP,ccHqPRw,stOI,MolP,MHmYGnKQyY,YSefOuYRFR,ReO,jQtyTzlM,dSrURIb
MolP,MolP,ccHqPRw,stOI,MolP,MHmYGnKQyY,YSefOuYRFR,ReO,jQtyTzlM,dSrURIb
MolP,MolP,ccHqPRw,ReO,stOI,MolP,MHmYGnKQyY,YSefOuYRFR,ReO,AQo,jQtyTzlM,MolP
ccHqPRw
ccHqPRw,MolP,MolP,ReO,stOI,MolP,MHmYGnKQyY,YSefOuYRFR,ReO,AQo,MolP,ccHqPRw,MolP,stOI,AQo
MolP
MolP,MolP,ccHqPRw,ReO,stOI,MolP,MHmYGnKQyY,YSefOuYRFR,ReO,AQo,MolP,ccHqPRw,MolP,stOI,AQo
MolP,MolP,ccHqPRw,ReO,stOI,MolP,MHmYGnKQyY,YSefOuYRFR,ReO,MolP,ccHqPRw,MolP,stOI,AQo,MHmYGnKQyY
MolP
MolP
MolP,MolP,MHmYGnKQyY,stOI,ccHqPRw,ReO,MolP,YSefOuYRFR,ReO,MolP,ccHqPRw,MolP,stOI,AQo,MHmYGnKQyY
ccHqPRw,MolP,MolP,ReO,stOI,MolP,MHmYGnKQyY,YSefOuYRFR,ReO,AQo,MolP,ccHqPRw,MolP,stOI
AQo
AQo
MolP
ccHqPRw,MolP,MolP,ReO,AQo,MolP,ReO,MolP,ccHqPRw,MolP,stOI,stOI
MolP
MolP
ccHqPRw,MolP,MolP,ReO,AQo,MolP,ReO,MolP,ccHqPRw,MolP,stOI,YSefOuYRFR
ccHqPRw,MolP,MolP,ReO,AQo,MolP,ReO,MolP,ccHqPRw,MolP,stOI,stOI,YSefOuYRFR
ReO
ReO
ReO
ccHqPRw,MolP,MolP,ReO,AQo,MolP,MHmYGnKQyY,ReO,MolP,ccHqPRw,MolP,stOI,stOI
MolP
MolP
MolP
MolP
MHmYGnKQyY
MolP,MolP,MolP,MHmYGnKQyY,ReO,ccHqPRw,ReO,MolP,ccHqPRw,MolP,stOI,stOI,MolP,ccHqPRw
ccHqPRw,MolP,MolP,MolP,MHmYGnKQyY,ReO,ReO,MolP,ccHqPRw,MolP,stOI,stOI,MolP,ccHqPRw
ccHqPRw,MolP,MolP,MolP,MHmYGnKQyY,ReO,ReO,MolP,ccHqPRw,MolP,stOI,stOI,MolP,ccHqPRw
ReO
MolP
MolP
MolP,MolP,MolP,MHmYGnKQyY,ReO,ReO,MolP,ccHqPRw,MolP,stOI,MolP,ccHqPRw,MHmYGnKQyY,MolP,dSrURIb,ccHqPRw,ccHqPRw
ccHqPRw
ccHqPRw
MolP
ccHqPRw,MolP,MolP,MolP,MHmYGnKQyY,ReO,ReO,MolP,ccHqPRw,MolP,stOI,stOI,MolP,ccHqPRw,MHmYGnKQyY,MolP
ReO
ReO
ccHqPRw,MolP,MolP,MolP,MHmYGnKQyY,ReO,MolP,ReO,ccHqPRw,MolP,stOI,stOI,MolP,ccHqPRw,MHmYGnKQyY,MolP,AQo
ccHqPRw,MolP,MolP,MolP,MHmYGnKQyY,ReO,MolP,ReO,ccHqPRw,MolP,stOI,stOI,MolP,ccHqPRw,MHmYGnKQyY,MolP,AQo
ccHqPRw,MolP,MolP,MolP,MHmYGnKQyY,ReO,MolP,ReO,ccHqPRw,MolP,stOI,stOI,MolP,ccHqPRw,MHmYGnKQyY,MolP,AQo
ccHqPRw,MolP,MolP,MolP,MHmYGnKQyY,ReO,MolP,ReO,ccHqPRw,MolP,stOI,stOI,MolP,ccHqPRw,MHmYGnKQyY,MolP,AQo
stOI
stOI
MolP
MolP
MolP
ccHqPRw,MolP,MolP,MolP,MHmYGnKQyY,ReO,MolP,ReO,ccHqPRw,MolP,stOI,stOI,MolP,ccHqPRw,MHmYGnKQyY,MolP,AQo,jQtyTzlM
AQo
ccHqPRw,MolP,MolP,MolP,MHmYGnKQyY,ReO,MolP,ReO,ccHqPRw,MolP,stOI,stOI,MolP,ccHqPRw,MHmYGnKQyY,MolP,AQo
ccHqPRw
ccHqPRw,MolP,MolP,MolP,MHmYGnKQyY,ReO,MolP,ReO,ccHqPRw,MolP,stOI,stOI,MolP,ccHqPRw,MHmYGnKQyY,MolP,AQo
ccHqPRw
ccHqPRw
ccHqPRw,MolP,MolP,MolP,MHmYGnKQyY,ReO,MolP,ReO,ccHqPRw,MolP,stOI,stOI,MolP,ccHqPRw,MHmYGnKQyY,MolP,AQo
ccHqPRw,MolP,MolP,MolP,MHmYGnKQyY,ReO,MolP,ReO,ccHqPRw,MolP,stOI,stOI,MolP,ccHqPRw,MHmYGnKQyY,MolP,AQo
ccHqPRw,MolP,MolP,MolP,MHmYGnKQyY,ReO,MolP,ReO,ccHqPRw,MolP,stOI,stOI,MolP,ccHqPRw,MHmYGnKQyY,MolP,AQo
MolP
ccHqPRw,MolP,MolP,MHmYGnKQyY,ReO,MolP,ReO,ccHqPRw,MolP,stOI,MolP,ccHqPRw,MHmYGnKQyY,MolP,MolP,dSrURIb,stOI
ccHqPRw,MolP,MolP,MHmYGnKQyY,ReO,MolP,ReO,ccHqPRw,MolP,stOI,MolP,ccHqPRw,MHmYGnKQyY,MolP,MolP,dSrURIb,stOI
ccHqPRw,MolP,MolP,MHmYGnKQyY,ReO,MolP,ReO,ccHqPRw,MolP,stOI,MolP,ccHqPRw,MHmYGnKQyY,MolP,MolP,dSrURIb,jQtyTzlM
ccHqPRw,MolP,MolP,MHmYGnKQyY,ReO,MolP,ReO,ccHqPRw,MolP,stOI,MolP,ccHqPRw,MHmYGnKQyY,MolP,MolP,dSrURIb,jQtyTzlM,ReO
ccHqPRw,MolP,MolP,MHmYGnKQyY,ReO,MolP,ReO,ccHqPRw,MolP,stOI,MolP,ccHqPRw,MHmYGnKQyY,MolP,MolP,dSrURIb,jQtyTzlM,ReO,AQo
MolP
ccHqPRw,MolP,MolP,MHmYGnKQyY,ReO,MolP,ReO,ccHqPRw,MolP,stOI,MolP,ccHqPRw,MHmYGnKQyY,MolP,dSrURIb,MolP,dSrURIb
ccHqPRw,MolP,MolP,ReO,MolP,ReO,ccHqPRw,MolP,stOI,MolP,ccHqPRw,MHmYGnKQyY,MolP,dSrURIb,MolP,dSrURIb
dSrURIb
dSrURIb
dSrURIb
ccHqPRw,MolP,MolP,ReO,MolP,ReO,ccHqPRw,MolP,stOI,MolP,ccHqPRw,MHmYGnKQyY,MolP,dSrURIb,MolP,dSrURIb,MolP,dSrURIb
ccHqPRw,MolP,MolP,MHmYGnKQyY,ReO,MolP,ReO,ccHqPRw,MolP,stOI,MolP,ccHqPRw,MHmYGnKQyY,MolP,dSrURIb,MolP,dSrURIb,YSefOuYRFR
MolP
MolP
ccHqPRw,MolP,MHmYGnKQyY,ReO,MolP,ReO,ccHqPRw,MolP,MolP,ccHqPRw,MHmYGnKQyY,MolP,dSrURIb,MolP,MolP,stOI,dSrURIb,YSefOuYRFR
stOI
ccHqPRw,MolP,ReO,MolP,ReO,ccHqPRw,MolP,MolP,ccHqPRw,MHmYGnKQyY,MolP,dSrURIb,MolP,MolP,stOI,MHmYGnKQyY,dSrURIb
ccHqPRw,MolP,ReO,MolP,ReO,ccHqPRw,MolP,MolP,ccHqPRw,MHmYGnKQyY,MolP,dSrURIb,MolP,MolP,stOI,MHmYGnKQyY,dSrURIb
ccHqPRw,MolP,ReO,MolP,ReO,ccHqPRw,MolP,MolP,ccHqPRw,MHmYGnKQyY,MolP,dSrURIb,MolP,MolP,stOI,MHmYGnKQyY,dSrURIb
ccHqPRw,MolP,ReO,MolP,ReO,ccHqPRw,MolP,MolP,ccHqPRw,MHmYGnKQyY,MolP,dSrURIb,MolP,MolP,stOI,MHmYGnKQyY,dSrURIb
ReO
ccHqPRw,ReO,MolP,MolP,MolP,ccHqPRw,MHmYGnKQyY,MolP,MolP,MolP,stOI,MHmYGnKQyY,dSrURIb,jQtyTzlM
ccHqPRw,ReO,MolP,MolP,MolP,ccHqPRw,MHmYGnKQyY,MolP,dSrURIb,MolP,MolP,stOI,MHmYGnKQyY,dSrURIb,jQtyTzlM
ccHqPRw,ReO,MolP,MolP,MolP,ccHqPRw,MHmYGnKQyY,MolP,dSrURIb,MolP,MolP,stOI,MHmYGnKQyY,dSrURIb,jQtyTzlM
MolP
MolP
ccHqPRw,ReO,MolP,MolP,MolP,ccHqPRw,MHmYGnKQyY,MolP,dSrURIb,MolP,MolP,stOI,MHmYGnKQyY,dSrURIb,jQtyTzlM,ReO,ReO,dSrURIb,YSefOuYRFR
MolP
ccHqPRw,ReO,MolP,MHmYGnKQyY,MolP,MolP,ccHqPRw,MolP,dSrURIb,MolP,MolP,stOI,MHmYGnKQyY,dSrURIb,ReO,ReO,dSrURIb,YSefOuYRFR,stOI
MHmYGnKQyY
MHmYGnKQyY
ccHqPRw,MolP,MHmYGnKQyY,MolP,MolP,ccHqPRw,MolP,dSrURIb,MolP,MolP,stOI,MHmYGnKQyY,dSrURIb,ReO,ReO,dSrURIb,YSefOuYRFR,stOI
MolP
MolP
MolP
MolP
MolP
ReO,MolP,MolP,MolP,MHmYGnKQyY,MolP,dSrURIb,MolP,MolP,stOI,MHmYGnKQyY,dSrURIb,jQtyTzlM,ReO,ReO,dSrURIb,YSefOuYRFR
MolP
ReO,MolP,MolP,MolP,MHmYGnKQyY,MolP,dSrURIb,MolP,MolP,stOI,MHmYGnKQyY,dSrURIb,jQtyTzlM,ReO,ReO,dSrURIb,YSefOuYRFR
MolP
MolP
ccHqPRw
ReO,MolP,ccHqPRw,MolP,MHmYGnKQyY,MolP,MolP,MolP,stOI,MHmYGnKQyY,dSrURIb,jQtyTzlM,ReO,ReO,dSrURIb
ReO,MolP,ccHqPRw,MolP,MHmYGnKQyY,MolP,MolP,MolP,stOI,MHmYGnKQyY,dSrURIb,jQtyTzlM,ReO,ReO,dSrURIb
MolP
ReO,MolP,ccHqPRw,MolP,jQtyTzlM,MHmYGnKQyY,MolP,MolP,MolP,stOI,MHmYGnKQyY,dSrURIb,ReO,ReO,dSrURIb
ReO,MolP,ccHqPRw,MolP,jQtyTzlM,MHmYGnKQyY,MolP,MolP,MolP,stOI,MHmYGnKQyY,dSrURIb,ReO,ReO,dSrURIb
ReO,MolP,ccHqPRw,MolP,jQtyTzlM,MHmYGnKQyY,MolP,MolP,MolP,stOI,MHmYGnKQyY,dSrURIb,ReO,ReO,dSrURIb
MolP
ReO,MolP,ccHqPRw,MolP,jQtyTzlM,MHmYGnKQyY,MolP,MolP,MolP,stOI,MHmYGnKQyY,dSrURIb,ReO,ReO,dSrURIb
ReO,MolP,ccHqPRw,MolP,MHmYGnKQyY,MolP,MolP,MolP,stOI,MHmYGnKQyY,dSrURIb,jQtyTzlM,ReO,ReO,dSrURIb
Jedi Wagner, assuma o comando!