IdbPlbPv
IdbPlbPv
IdbPlbPv
IdbPlbPv
IdbPlbPv
[vazia]
[vazia]
[vazia]
[vazia]
[vazia]
[vazia]
[vazia]
[vazia]
Toque! Toque, Dijê!
[vazia]
[vazia]
[vazia]
hTlwmX
hTlwmX
IdbPlbPv
IdbPlbPv
IdbPlbPv
hTlwmX,IdbPlbPv,IdbPlbPv,efvYlE
IdbPlbPv
IdbPlbPv,SxLixJxLvA
IdbPlbPv
hTlwmX,IdbPlbPv,EbYeM
IdbPlbPv
IdbPlbPv
IdbPlbPv
hTlwmX,IdbPlbPv,EbYeM,CZTEJlDVs,hTlwmX,EbYeM,efvYlE,EbYeM
hTlwmX,EbYeM,CZTEJlDVs,hTlwmX,IdbPlbPv,EbYeM,efvYlE,EbYeM
hTlwmX,EbYeM,CZTEJlDVs,hTlwmX,IdbPlbPv,EbYeM,efvYlE,EbYeM
hTlwmX
hTlwmX,IdbPlbPv,EbYeM,CZTEJlDVs,hTlwmX,EbYeM
hTlwmX
hTlwmX
hTlwmX,IdbPlbPv,EbYeM,CZTEJlDVs,hTlwmX,EbYeM
hTlwmX,IdbPlbPv,EbYeM,CZTEJlDVs,hTlwmX,EbYeM
hTlwmX
hTlwmX
IdbPlbPv,EbYeM,CZTEJlDVs,hTlwmX,EbYeM,IdbPlbPv
hTlwmX,IdbPlbPv,EbYeM,CZTEJlDVs,hTlwmX,EbYeM,IdbPlbPv
hTlwmX,IdbPlbPv,EbYeM,CZTEJlDVs,hTlwmX,EbYeM
hTlwmX,IdbPlbPv,EbYeM,CZTEJlDVs,hTlwmX,EbYeM
hTlwmX,IdbPlbPv,EbYeM,CZTEJlDVs,hTlwmX,EbYeM
hTlwmX
hTlwmX
IdbPlbPv,EbYeM,CZTEJlDVs,hTlwmX,EbYeM
hTlwmX
hTlwmX
hTlwmX
hTlwmX
hTlwmX,IdbPlbPv,hTlwmX,EbYeM
CZTEJlDVs
hTlwmX,IdbPlbPv,EbYeM,hTlwmX,CZTEJlDVs,EbYeM
hTlwmX,IdbPlbPv,EbYeM,hTlwmX,CZTEJlDVs,EbYeM
EbYeM
EbYeM
IdbPlbPv,EbYeM,hTlwmX,EbYeM,efvYlE
IdbPlbPv,EbYeM,hTlwmX,EbYeM,efvYlE
hTlwmX,IdbPlbPv,EbYeM,hTlwmX,EbYeM,efvYlE
hTlwmX
hTlwmX
hTlwmX
hTlwmX,hTlwmX,EbYeM
hTlwmX
hTlwmX
IdbPlbPv,EbYeM,hTlwmX,hTlwmX,EbYeM,efvYlE,efvYlE,EbYeM,SxLixJxLvA
IdbPlbPv,EbYeM,hTlwmX,hTlwmX,EbYeM,efvYlE,efvYlE,EbYeM,SxLixJxLvA
IdbPlbPv,EbYeM,hTlwmX,hTlwmX,EbYeM,efvYlE,efvYlE,EbYeM,SxLixJxLvA,hTlwmX
hTlwmX
IdbPlbPv,EbYeM,hTlwmX,hTlwmX,EbYeM,efvYlE,efvYlE,EbYeM,SxLixJxLvA,hTlwmX,IdbPlbPv
hTlwmX
IdbPlbPv,EbYeM,hTlwmX,EbYeM,efvYlE,efvYlE,EbYeM,SxLixJxLvA,hTlwmX,IdbPlbPv
EbYeM
EbYeM
SxLixJxLvA
IdbPlbPv,EbYeM,hTlwmX,EbYeM,efvYlE,EbYeM,SxLixJxLvA,hTlwmX,IdbPlbPv,EbYeM,SxLixJxLvA
IdbPlbPv,EbYeM,hTlwmX,EbYeM,efvYlE,EbYeM,SxLixJxLvA,hTlwmX,IdbPlbPv,EbYeM,SxLixJxLvA
IdbPlbPv,EbYeM,hTlwmX,EbYeM,efvYlE,EbYeM,SxLixJxLvA,hTlwmX,IdbPlbPv,EbYeM,SxLixJxLvA
IdbPlbPv,EbYeM,hTlwmX,EbYeM,efvYlE,EbYeM,SxLixJxLvA,hTlwmX,IdbPlbPv,EbYeM,SxLixJxLvA
IdbPlbPv,hTlwmX,EbYeM,efvYlE,EbYeM,SxLixJxLvA,hTlwmX,IdbPlbPv,EbYeM,SxLixJxLvA,IdbPlbPv
IdbPlbPv,hTlwmX,EbYeM,efvYlE,EbYeM,SxLixJxLvA,hTlwmX,IdbPlbPv,EbYeM,SxLixJxLvA,IdbPlbPv
IdbPlbPv,EbYeM,hTlwmX,EbYeM,efvYlE,EbYeM,SxLixJxLvA,hTlwmX,IdbPlbPv,EbYeM,SxLixJxLvA
IdbPlbPv,EbYeM,hTlwmX,EbYeM,efvYlE,EbYeM,SxLixJxLvA,hTlwmX,IdbPlbPv,EbYeM,SxLixJxLvA
hTlwmX
efvYlE,EbYeM,SxLixJxLvA,hTlwmX,hTlwmX,IdbPlbPv,EbYeM,IdbPlbPv,EbYeM,SxLixJxLvA,CZTEJlDVs,EbYeM
IdbPlbPv,EbYeM,hTlwmX,EbYeM,efvYlE,EbYeM,SxLixJxLvA,hTlwmX,IdbPlbPv,EbYeM,SxLixJxLvA
IdbPlbPv
EbYeM,hTlwmX,EbYeM,efvYlE,EbYeM,hTlwmX,IdbPlbPv,EbYeM,SxLixJxLvA,EbYeM
EbYeM,hTlwmX,EbYeM,efvYlE,EbYeM,hTlwmX,IdbPlbPv,EbYeM,SxLixJxLvA,EbYeM
IdbPlbPv,EbYeM,hTlwmX,EbYeM,efvYlE,EbYeM,SxLixJxLvA,hTlwmX,IdbPlbPv,EbYeM,SxLixJxLvA
IdbPlbPv,EbYeM,hTlwmX,EbYeM,efvYlE,EbYeM,hTlwmX,SxLixJxLvA,IdbPlbPv,EbYeM,SxLixJxLvA
IdbPlbPv,EbYeM,hTlwmX,EbYeM,efvYlE,EbYeM,hTlwmX,SxLixJxLvA,IdbPlbPv,EbYeM,SxLixJxLvA
SxLixJxLvA
IdbPlbPv,EbYeM,hTlwmX,EbYeM,EbYeM,hTlwmX,SxLixJxLvA,efvYlE,IdbPlbPv,EbYeM,SxLixJxLvA
IdbPlbPv,EbYeM,hTlwmX,EbYeM,EbYeM,hTlwmX,SxLixJxLvA,efvYlE,IdbPlbPv,EbYeM,SxLixJxLvA
hTlwmX
hTlwmX
hTlwmX
IdbPlbPv
IdbPlbPv,EbYeM,EbYeM,SxLixJxLvA,hTlwmX,IdbPlbPv,EbYeM,EbYeM,SxLixJxLvA,CZTEJlDVs,CZTEJlDVs,EbYeM
IdbPlbPv
EbYeM
EbYeM
EbYeM
EbYeM
EbYeM
EbYeM
EbYeM
IdbPlbPv,EbYeM,EbYeM,SxLixJxLvA,IdbPlbPv,CZTEJlDVs,EbYeM,EbYeM,SxLixJxLvA,CZTEJlDVs,EbYeM
IdbPlbPv,EbYeM,EbYeM,SxLixJxLvA,IdbPlbPv,CZTEJlDVs,EbYeM,EbYeM,SxLixJxLvA,CZTEJlDVs,EbYeM,efvYlE
IdbPlbPv,EbYeM,EbYeM,SxLixJxLvA,IdbPlbPv,CZTEJlDVs,EbYeM,EbYeM,SxLixJxLvA,CZTEJlDVs,EbYeM,efvYlE,IdbPlbPv
EbYeM
IdbPlbPv,EbYeM,EbYeM,SxLixJxLvA,IdbPlbPv,CZTEJlDVs,EbYeM,EbYeM,SxLixJxLvA,CZTEJlDVs,EbYeM,efvYlE,efvYlE
SxLixJxLvA
IdbPlbPv,EbYeM,EbYeM,SxLixJxLvA,IdbPlbPv,CZTEJlDVs,EbYeM,EbYeM,SxLixJxLvA,CZTEJlDVs,EbYeM,efvYlE,efvYlE
SxLixJxLvA
SxLixJxLvA
EbYeM
EbYeM
EbYeM
IdbPlbPv,IdbPlbPv,CZTEJlDVs,EbYeM,EbYeM,SxLixJxLvA,EbYeM,SxLixJxLvA,CZTEJlDVs,EbYeM,efvYlE
EbYeM
IdbPlbPv,CZTEJlDVs,EbYeM,EbYeM,SxLixJxLvA,EbYeM,SxLixJxLvA,CZTEJlDVs,EbYeM,efvYlE
EbYeM
EbYeM,EbYeM,EbYeM,IdbPlbPv,CZTEJlDVs,SxLixJxLvA,CZTEJlDVs,EbYeM,efvYlE
CZTEJlDVs
EbYeM
IdbPlbPv
IdbPlbPv
IdbPlbPv
CZTEJlDVs
CZTEJlDVs
CZTEJlDVs,EbYeM,EbYeM,EbYeM,IdbPlbPv,CZTEJlDVs,EbYeM,IdbPlbPv,efvYlE,efvYlE,IdbPlbPv,hTlwmX
efvYlE
CZTEJlDVs,EbYeM,EbYeM,EbYeM,IdbPlbPv,CZTEJlDVs,efvYlE,SxLixJxLvA,EbYeM,IdbPlbPv,efvYlE,IdbPlbPv,hTlwmX,IdbPlbPv
SxLixJxLvA
SxLixJxLvA
SxLixJxLvA
SxLixJxLvA
CZTEJlDVs,EbYeM,EbYeM,EbYeM,IdbPlbPv,CZTEJlDVs,efvYlE,SxLixJxLvA,EbYeM,IdbPlbPv,efvYlE,IdbPlbPv,hTlwmX,IdbPlbPv
SxLixJxLvA
SxLixJxLvA
CZTEJlDVs,EbYeM,EbYeM,IdbPlbPv,CZTEJlDVs,efvYlE,SxLixJxLvA,EbYeM,EbYeM,IdbPlbPv,efvYlE,IdbPlbPv,hTlwmX,IdbPlbPv,IdbPlbPv,CZTEJlDVs,hTlwmX
SxLixJxLvA
CZTEJlDVs,EbYeM,EbYeM,IdbPlbPv,CZTEJlDVs,efvYlE,SxLixJxLvA,EbYeM,EbYeM,IdbPlbPv,efvYlE,IdbPlbPv,hTlwmX,IdbPlbPv,IdbPlbPv,CZTEJlDVs,hTlwmX
SxLixJxLvA
IdbPlbPv
EbYeM,EbYeM,EbYeM,CZTEJlDVs,efvYlE,SxLixJxLvA,IdbPlbPv,EbYeM,IdbPlbPv,efvYlE,IdbPlbPv,hTlwmX,IdbPlbPv
EbYeM,EbYeM,EbYeM,CZTEJlDVs,efvYlE,SxLixJxLvA,IdbPlbPv,EbYeM,IdbPlbPv,efvYlE,IdbPlbPv,hTlwmX,IdbPlbPv
IdbPlbPv
SxLixJxLvA
SxLixJxLvA
SxLixJxLvA
SxLixJxLvA
SxLixJxLvA
CZTEJlDVs,EbYeM,EbYeM,EbYeM,IdbPlbPv,CZTEJlDVs,SxLixJxLvA,efvYlE,EbYeM,IdbPlbPv,efvYlE,IdbPlbPv,hTlwmX,IdbPlbPv,CZTEJlDVs
SxLixJxLvA
SxLixJxLvA
IdbPlbPv
EbYeM,EbYeM,EbYeM,IdbPlbPv,CZTEJlDVs,efvYlE,SxLixJxLvA,EbYeM,IdbPlbPv,efvYlE,IdbPlbPv,hTlwmX,IdbPlbPv,CZTEJlDVs,EbYeM,EbYeM
EbYeM,EbYeM,EbYeM,IdbPlbPv,CZTEJlDVs,efvYlE,SxLixJxLvA,EbYeM,IdbPlbPv,efvYlE,IdbPlbPv,IdbPlbPv,CZTEJlDVs,EbYeM,EbYeM
EbYeM,EbYeM,EbYeM,IdbPlbPv,CZTEJlDVs,efvYlE,SxLixJxLvA,EbYeM,IdbPlbPv,efvYlE,IdbPlbPv,IdbPlbPv,CZTEJlDVs,EbYeM,EbYeM
EbYeM,EbYeM,EbYeM,IdbPlbPv,CZTEJlDVs,efvYlE,SxLixJxLvA,EbYeM,IdbPlbPv,efvYlE,IdbPlbPv,IdbPlbPv,CZTEJlDVs,EbYeM,EbYeM
EbYeM
EbYeM
EbYeM
IdbPlbPv
EbYeM
EbYeM
EbYeM,EbYeM,EbYeM,IdbPlbPv,CZTEJlDVs,SxLixJxLvA,EbYeM,IdbPlbPv,efvYlE,IdbPlbPv,hTlwmX,IdbPlbPv,CZTEJlDVs
IdbPlbPv
IdbPlbPv
IdbPlbPv
IdbPlbPv
IdbPlbPv
Jedi Wagner, assuma o comando!