[vazia]
tugtqINr,dkIkjPdpz,PSpEAh
dkIkjPdpz
tugtqINr,dkIkjPdpz,PSpEAh,PSpEAh
PSpEAh
PSpEAh
dkIkjPdpz,AbOH,tugtqINr,PSpEAh,PSpEAh,g,AbOH
tugtqINr
PSpEAh
dkIkjPdpz,AbOH,tugtqINr,PSpEAh,PSpEAh,g,AbOH
dkIkjPdpz,AbOH,tugtqINr,PSpEAh,PSpEAh,g,AbOH
dkIkjPdpz,AbOH,tugtqINr,PSpEAh,PSpEAh,g,AbOH
dkIkjPdpz,AbOH,tugtqINr,PSpEAh,g,AbOH,PSpEAh,MkMTXYSdm
PSpEAh
dkIkjPdpz,AbOH,tugtqINr,PSpEAh,g,AbOH,PSpEAh,MkMTXYSdm,dkIkjPdpz
dkIkjPdpz
dkIkjPdpz
dkIkjPdpz,AbOH,tugtqINr,PSpEAh,AbOH,PSpEAh,MkMTXYSdm,dkIkjPdpz,PSpEAh,tugtqINr
dkIkjPdpz
PSpEAh
AbOH,tugtqINr,PSpEAh,AbOH,PSpEAh,MkMTXYSdm,dkIkjPdpz,PSpEAh,dkIkjPdpz,tugtqINr,dkIkjPdpz,PSpEAh,PSpEAh
PSpEAh
PSpEAh
PSpEAh
PSpEAh
PSpEAh
PSpEAh
dkIkjPdpz,tugtqINr,PSpEAh,MkMTXYSdm,dkIkjPdpz,PSpEAh,PSpEAh,tugtqINr,dkIkjPdpz,PSpEAh,g
PSpEAh
dkIkjPdpz,tugtqINr,dkIkjPdpz,PSpEAh,PSpEAh,PSpEAh,tugtqINr,dkIkjPdpz,PSpEAh,qGKRrB,g
PSpEAh
PSpEAh
tugtqINr,dkIkjPdpz,PSpEAh,PSpEAh,PSpEAh,tugtqINr,dkIkjPdpz,PSpEAh,qGKRrB,g
tugtqINr,dkIkjPdpz,PSpEAh,PSpEAh,PSpEAh,tugtqINr,dkIkjPdpz,PSpEAh,qGKRrB,g
dkIkjPdpz,tugtqINr,dkIkjPdpz,PSpEAh,PSpEAh,PSpEAh,tugtqINr,dkIkjPdpz,PSpEAh,qGKRrB,g
PSpEAh
PSpEAh
PSpEAh
AbOH,tugtqINr,PSpEAh,AbOH,PSpEAh,MkMTXYSdm,dkIkjPdpz,PSpEAh,tugtqINr,dkIkjPdpz,PSpEAh
PSpEAh
dkIkjPdpz,AbOH,tugtqINr,PSpEAh,AbOH,PSpEAh,MkMTXYSdm,dkIkjPdpz,PSpEAh,tugtqINr,dkIkjPdpz,PSpEAh
PSpEAh
PSpEAh
tugtqINr
AbOH,PSpEAh,AbOH,PSpEAh,MkMTXYSdm,PSpEAh,tugtqINr,dkIkjPdpz,PSpEAh,g
dkIkjPdpz
dkIkjPdpz
dkIkjPdpz
dkIkjPdpz
AbOH
AbOH
AbOH
AbOH,PSpEAh,AbOH,PSpEAh,MkMTXYSdm,PSpEAh,dkIkjPdpz,PSpEAh
AbOH
AbOH,PSpEAh,AbOH,PSpEAh,MkMTXYSdm,PSpEAh,tugtqINr,dkIkjPdpz,PSpEAh
AbOH,PSpEAh,AbOH,PSpEAh,MkMTXYSdm,PSpEAh,tugtqINr,dkIkjPdpz,PSpEAh,AbOH
AbOH,PSpEAh,AbOH,PSpEAh,PSpEAh,dkIkjPdpz,PSpEAh
AbOH,PSpEAh,AbOH,PSpEAh,PSpEAh,dkIkjPdpz,PSpEAh
AbOH
AbOH
AbOH
AbOH,PSpEAh,AbOH,PSpEAh,PSpEAh,dkIkjPdpz,PSpEAh,AbOH
AbOH,PSpEAh,AbOH,PSpEAh,PSpEAh,dkIkjPdpz,PSpEAh,AbOH
AbOH,PSpEAh,AbOH,PSpEAh,PSpEAh,dkIkjPdpz,PSpEAh,AbOH
AbOH,PSpEAh,AbOH,PSpEAh,PSpEAh,dkIkjPdpz,PSpEAh,AbOH,tugtqINr,dkIkjPdpz
AbOH
PSpEAh,AbOH,PSpEAh,MkMTXYSdm,PSpEAh,tugtqINr,dkIkjPdpz,PSpEAh,tugtqINr,tugtqINr,g,tugtqINr
PSpEAh,AbOH,PSpEAh,MkMTXYSdm,PSpEAh,tugtqINr,dkIkjPdpz,PSpEAh,tugtqINr,tugtqINr,g,tugtqINr
PSpEAh
PSpEAh,PSpEAh,AbOH,MkMTXYSdm,PSpEAh,tugtqINr,dkIkjPdpz,PSpEAh,tugtqINr,tugtqINr,g,tugtqINr
PSpEAh,PSpEAh,AbOH,MkMTXYSdm,PSpEAh,tugtqINr,dkIkjPdpz,PSpEAh,tugtqINr,tugtqINr,g,tugtqINr
PSpEAh,PSpEAh,AbOH,MkMTXYSdm,PSpEAh,tugtqINr,dkIkjPdpz,PSpEAh,tugtqINr,tugtqINr,g,tugtqINr
PSpEAh,AbOH,PSpEAh,MkMTXYSdm,tugtqINr,PSpEAh,dkIkjPdpz,PSpEAh,tugtqINr,tugtqINr,g,tugtqINr
MkMTXYSdm
MkMTXYSdm
MkMTXYSdm
PSpEAh,AbOH,PSpEAh,MkMTXYSdm,PSpEAh,tugtqINr,dkIkjPdpz,PSpEAh,tugtqINr,tugtqINr,g,tugtqINr
PSpEAh
PSpEAh
AbOH,MkMTXYSdm,PSpEAh,dkIkjPdpz,PSpEAh,PSpEAh,tugtqINr,tugtqINr,tugtqINr
AbOH,PSpEAh,dkIkjPdpz,PSpEAh,PSpEAh,tugtqINr,tugtqINr,tugtqINr
PSpEAh
AbOH,PSpEAh,dkIkjPdpz,tugtqINr,PSpEAh,PSpEAh,tugtqINr,tugtqINr
tugtqINr
tugtqINr
AbOH,PSpEAh,dkIkjPdpz,tugtqINr,PSpEAh,PSpEAh,tugtqINr,tugtqINr,PSpEAh
AbOH,PSpEAh,dkIkjPdpz,tugtqINr,PSpEAh,PSpEAh,tugtqINr,tugtqINr,PSpEAh
tugtqINr
tugtqINr
AbOH,PSpEAh,tugtqINr,PSpEAh,PSpEAh,tugtqINr,dkIkjPdpz,tugtqINr,PSpEAh,qGKRrB
AbOH,PSpEAh,tugtqINr,PSpEAh,PSpEAh,tugtqINr,dkIkjPdpz,tugtqINr,PSpEAh,qGKRrB
AbOH,PSpEAh,tugtqINr,PSpEAh,PSpEAh,tugtqINr,tugtqINr,PSpEAh,dkIkjPdpz,qGKRrB,AbOH
AbOH,PSpEAh,tugtqINr,PSpEAh,PSpEAh,tugtqINr,tugtqINr,PSpEAh,dkIkjPdpz,qGKRrB,AbOH
PSpEAh,PSpEAh,tugtqINr,tugtqINr,PSpEAh,AbOH,dkIkjPdpz,qGKRrB,AbOH
AbOH
PSpEAh,PSpEAh,tugtqINr,tugtqINr,PSpEAh,AbOH,dkIkjPdpz,qGKRrB,AbOH
PSpEAh,PSpEAh,tugtqINr,tugtqINr,PSpEAh,AbOH,dkIkjPdpz,qGKRrB,AbOH
PSpEAh,PSpEAh,tugtqINr,tugtqINr,PSpEAh,dkIkjPdpz,AbOH,qGKRrB,AbOH,MkMTXYSdm
dkIkjPdpz
dkIkjPdpz
PSpEAh,tugtqINr,tugtqINr,PSpEAh,AbOH,dkIkjPdpz,PSpEAh,qGKRrB,AbOH
AbOH
PSpEAh
PSpEAh,PSpEAh,tugtqINr,tugtqINr,PSpEAh,AbOH,dkIkjPdpz,qGKRrB,AbOH
PSpEAh,PSpEAh,tugtqINr,tugtqINr,PSpEAh,AbOH,dkIkjPdpz,qGKRrB,AbOH,PSpEAh,IvnPR
qGKRrB
PSpEAh,PSpEAh,tugtqINr,tugtqINr,PSpEAh,AbOH,dkIkjPdpz,qGKRrB,AbOH,PSpEAh,IvnPR,PSpEAh
qGKRrB
MkMTXYSdm
PSpEAh,PSpEAh,tugtqINr,tugtqINr,PSpEAh,AbOH,dkIkjPdpz,MkMTXYSdm,qGKRrB,AbOH,PSpEAh,IvnPR,PSpEAh,MkMTXYSdm,dkIkjPdpz
qGKRrB
AbOH
AbOH
PSpEAh
PSpEAh,tugtqINr,tugtqINr,PSpEAh,AbOH,MkMTXYSdm,qGKRrB,dkIkjPdpz,AbOH,PSpEAh,PSpEAh,IvnPR,PSpEAh,MkMTXYSdm,dkIkjPdpz,dkIkjPdpz
dkIkjPdpz
AbOH
PSpEAh,tugtqINr,PSpEAh,MkMTXYSdm,qGKRrB,AbOH,PSpEAh,dkIkjPdpz,AbOH,tugtqINr,PSpEAh,PSpEAh,MkMTXYSdm,dkIkjPdpz,dkIkjPdpz,tugtqINr,g
AbOH
AbOH
PSpEAh,PSpEAh,PSpEAh,AbOH,qGKRrB,AbOH,IvnPR,dkIkjPdpz,PSpEAh,PSpEAh,MkMTXYSdm,dkIkjPdpz,qGKRrB,qGKRrB
dkIkjPdpz
dkIkjPdpz
PSpEAh,PSpEAh,PSpEAh,AbOH,qGKRrB,AbOH,IvnPR,dkIkjPdpz,PSpEAh,PSpEAh,MkMTXYSdm,dkIkjPdpz,qGKRrB,qGKRrB
dkIkjPdpz
PSpEAh,PSpEAh,PSpEAh,AbOH,qGKRrB,AbOH,IvnPR,dkIkjPdpz,PSpEAh,PSpEAh,dkIkjPdpz,qGKRrB,qGKRrB
PSpEAh,PSpEAh,AbOH,qGKRrB,AbOH,IvnPR,dkIkjPdpz,PSpEAh,PSpEAh,dkIkjPdpz,qGKRrB,qGKRrB,tugtqINr
dkIkjPdpz
PSpEAh,AbOH,qGKRrB,AbOH,IvnPR,dkIkjPdpz,PSpEAh,PSpEAh,dkIkjPdpz,qGKRrB,qGKRrB,tugtqINr,dkIkjPdpz,MkMTXYSdm
PSpEAh,AbOH,AbOH,IvnPR,dkIkjPdpz,PSpEAh,PSpEAh,dkIkjPdpz,qGKRrB,qGKRrB,tugtqINr,dkIkjPdpz,MkMTXYSdm
PSpEAh,AbOH,AbOH,IvnPR,dkIkjPdpz,PSpEAh,PSpEAh,tugtqINr,dkIkjPdpz,qGKRrB,qGKRrB,dkIkjPdpz,MkMTXYSdm
qGKRrB
PSpEAh,AbOH,AbOH,IvnPR,dkIkjPdpz,PSpEAh,PSpEAh,tugtqINr,dkIkjPdpz,qGKRrB,dkIkjPdpz,MkMTXYSdm,tugtqINr,PSpEAh,PSpEAh,IvnPR,IvnPR
dkIkjPdpz
AbOH,AbOH,dkIkjPdpz,PSpEAh,PSpEAh,tugtqINr,dkIkjPdpz,qGKRrB,dkIkjPdpz,tugtqINr,PSpEAh,g,PSpEAh,PSpEAh,IvnPR
AbOH,AbOH,IvnPR,dkIkjPdpz,PSpEAh,PSpEAh,tugtqINr,dkIkjPdpz,qGKRrB,dkIkjPdpz,tugtqINr,PSpEAh,PSpEAh,IvnPR,g
tugtqINr
AbOH,AbOH,IvnPR,dkIkjPdpz,PSpEAh,PSpEAh,tugtqINr,dkIkjPdpz,qGKRrB,dkIkjPdpz,tugtqINr,PSpEAh,PSpEAh,IvnPR,g,g,IvnPR
AbOH,AbOH,IvnPR,dkIkjPdpz,PSpEAh,tugtqINr,dkIkjPdpz,qGKRrB,dkIkjPdpz,tugtqINr,PSpEAh,PSpEAh,PSpEAh,IvnPR,g,IvnPR,PSpEAh
PSpEAh
AbOH,IvnPR,PSpEAh,PSpEAh,tugtqINr,dkIkjPdpz,qGKRrB,dkIkjPdpz,tugtqINr,PSpEAh,AbOH,PSpEAh,IvnPR,g,g,IvnPR,IvnPR,PSpEAh
PSpEAh
IvnPR,PSpEAh,tugtqINr,dkIkjPdpz,qGKRrB,dkIkjPdpz,tugtqINr,PSpEAh,AbOH,PSpEAh,g,IvnPR,g,IvnPR,IvnPR,PSpEAh
IvnPR,PSpEAh,tugtqINr,dkIkjPdpz,qGKRrB,dkIkjPdpz,tugtqINr,PSpEAh,AbOH,PSpEAh,g,IvnPR,g,IvnPR,IvnPR,PSpEAh
g
IvnPR,PSpEAh,tugtqINr,dkIkjPdpz,qGKRrB,dkIkjPdpz,tugtqINr,PSpEAh,AbOH,PSpEAh,g,IvnPR,g,IvnPR,IvnPR,PSpEAh,PSpEAh
g
g
IvnPR,tugtqINr,dkIkjPdpz,qGKRrB,dkIkjPdpz,tugtqINr,PSpEAh,g,PSpEAh,AbOH,IvnPR,g,IvnPR,IvnPR,PSpEAh,PSpEAh,AbOH
g
g
IvnPR,PSpEAh,tugtqINr,dkIkjPdpz,qGKRrB,dkIkjPdpz,tugtqINr,PSpEAh,AbOH,PSpEAh,g,IvnPR,g,IvnPR,IvnPR,PSpEAh
IvnPR,PSpEAh,dkIkjPdpz,qGKRrB,dkIkjPdpz,tugtqINr,PSpEAh,AbOH,PSpEAh,g,tugtqINr,IvnPR,g,IvnPR,IvnPR,PSpEAh,tugtqINr
IvnPR,PSpEAh,tugtqINr,dkIkjPdpz,qGKRrB,dkIkjPdpz,tugtqINr,PSpEAh,AbOH,PSpEAh,g,IvnPR,g,IvnPR,IvnPR,PSpEAh,g
IvnPR,PSpEAh,tugtqINr,dkIkjPdpz,qGKRrB,dkIkjPdpz,tugtqINr,PSpEAh,PSpEAh,g,IvnPR,AbOH,g,IvnPR,IvnPR,PSpEAh,g
IvnPR,PSpEAh,tugtqINr,dkIkjPdpz,qGKRrB,dkIkjPdpz,tugtqINr,PSpEAh,AbOH,PSpEAh,g,IvnPR,g,IvnPR,IvnPR,PSpEAh,g
IvnPR,PSpEAh,tugtqINr,dkIkjPdpz,qGKRrB,dkIkjPdpz,tugtqINr,PSpEAh,AbOH,PSpEAh,g,IvnPR,g,IvnPR,IvnPR,PSpEAh,g
IvnPR
IvnPR,tugtqINr,qGKRrB,dkIkjPdpz,tugtqINr,PSpEAh,AbOH,PSpEAh,g,IvnPR,dkIkjPdpz,PSpEAh,g,IvnPR,IvnPR,PSpEAh,g,PSpEAh,AbOH,dkIkjPdpz
IvnPR,tugtqINr,qGKRrB,dkIkjPdpz,tugtqINr,PSpEAh,AbOH,PSpEAh,g,IvnPR,dkIkjPdpz,PSpEAh,g,IvnPR,IvnPR,PSpEAh,g,PSpEAh,AbOH,dkIkjPdpz
IvnPR,PSpEAh,tugtqINr,dkIkjPdpz,qGKRrB,dkIkjPdpz,tugtqINr,PSpEAh,AbOH,PSpEAh,g,IvnPR,g,IvnPR,IvnPR,PSpEAh,g
IvnPR
IvnPR,PSpEAh,tugtqINr,dkIkjPdpz,qGKRrB,dkIkjPdpz,tugtqINr,PSpEAh,AbOH,PSpEAh,g,IvnPR,g,IvnPR,IvnPR,PSpEAh,g,g
g
IvnPR,PSpEAh,tugtqINr,dkIkjPdpz,qGKRrB,dkIkjPdpz,tugtqINr,PSpEAh,AbOH,PSpEAh,g,IvnPR,g,IvnPR,IvnPR,PSpEAh,g
g
IvnPR,PSpEAh,tugtqINr,dkIkjPdpz,dkIkjPdpz,tugtqINr,PSpEAh,AbOH,PSpEAh,IvnPR,g,IvnPR,IvnPR,PSpEAh,g
g
g
IvnPR
PSpEAh,tugtqINr,dkIkjPdpz,dkIkjPdpz,tugtqINr,PSpEAh,AbOH,PSpEAh,IvnPR,IvnPR,IvnPR,IvnPR,PSpEAh,g
g
g
g
IvnPR,PSpEAh,tugtqINr,dkIkjPdpz,dkIkjPdpz,tugtqINr,PSpEAh,AbOH,PSpEAh,IvnPR,g,IvnPR,IvnPR,PSpEAh,g
g
IvnPR,PSpEAh,tugtqINr,dkIkjPdpz,dkIkjPdpz,tugtqINr,PSpEAh,AbOH,PSpEAh,IvnPR,g,IvnPR,IvnPR,PSpEAh,g
g
g
IvnPR,PSpEAh,tugtqINr,dkIkjPdpz,dkIkjPdpz,tugtqINr,PSpEAh,AbOH,PSpEAh,IvnPR,g,IvnPR,IvnPR,PSpEAh,g
IvnPR,PSpEAh,tugtqINr,dkIkjPdpz,dkIkjPdpz,tugtqINr,PSpEAh,AbOH,PSpEAh,IvnPR,g,IvnPR,IvnPR,PSpEAh,g,qGKRrB
IvnPR,PSpEAh,tugtqINr,dkIkjPdpz,dkIkjPdpz,tugtqINr,PSpEAh,AbOH,PSpEAh,IvnPR,g,IvnPR,IvnPR,PSpEAh,g
g
g
g
IvnPR,PSpEAh,tugtqINr,dkIkjPdpz,dkIkjPdpz,tugtqINr,PSpEAh,AbOH,PSpEAh,IvnPR,g,IvnPR,IvnPR,PSpEAh,g
IvnPR,PSpEAh,tugtqINr,dkIkjPdpz,dkIkjPdpz,tugtqINr,PSpEAh,PSpEAh,IvnPR,g,IvnPR,AbOH,IvnPR,PSpEAh,g,AbOH
IvnPR,PSpEAh,tugtqINr,dkIkjPdpz,dkIkjPdpz,tugtqINr,PSpEAh,AbOH,PSpEAh,IvnPR,g,IvnPR,IvnPR,PSpEAh,g
IvnPR
IvnPR,PSpEAh,tugtqINr,dkIkjPdpz,dkIkjPdpz,tugtqINr,PSpEAh,AbOH,PSpEAh,IvnPR,g,IvnPR,IvnPR,PSpEAh,g
PSpEAh,tugtqINr,dkIkjPdpz,dkIkjPdpz,tugtqINr,PSpEAh,AbOH,PSpEAh,IvnPR,g,IvnPR,IvnPR,IvnPR,PSpEAh,g
IvnPR
PSpEAh,tugtqINr,dkIkjPdpz,dkIkjPdpz,tugtqINr,PSpEAh,AbOH,PSpEAh,IvnPR,IvnPR,IvnPR,IvnPR,PSpEAh,g,g,dkIkjPdpz
PSpEAh,tugtqINr,dkIkjPdpz,dkIkjPdpz,tugtqINr,PSpEAh,AbOH,PSpEAh,IvnPR,g,IvnPR,IvnPR,IvnPR,PSpEAh,g
PSpEAh,tugtqINr,dkIkjPdpz,tugtqINr,PSpEAh,AbOH,PSpEAh,IvnPR,g,IvnPR,IvnPR,IvnPR,PSpEAh,g,g
IvnPR
PSpEAh,tugtqINr,dkIkjPdpz,tugtqINr,PSpEAh,AbOH,PSpEAh,IvnPR,g,IvnPR,IvnPR,IvnPR,PSpEAh,g,g,tugtqINr
tugtqINr,dkIkjPdpz,dkIkjPdpz,tugtqINr,PSpEAh,AbOH,PSpEAh,IvnPR,IvnPR,IvnPR,IvnPR,PSpEAh,g,PSpEAh,g,qGKRrB,g,tugtqINr
IvnPR
IvnPR
IvnPR
PSpEAh,dkIkjPdpz,dkIkjPdpz,tugtqINr,PSpEAh,AbOH,PSpEAh,IvnPR,g,IvnPR,IvnPR,IvnPR,PSpEAh,g
PSpEAh
PSpEAh,dkIkjPdpz,dkIkjPdpz,tugtqINr,PSpEAh,AbOH,PSpEAh,IvnPR,g,IvnPR,IvnPR,IvnPR,PSpEAh,g
PSpEAh
PSpEAh,AbOH,dkIkjPdpz,dkIkjPdpz,tugtqINr,PSpEAh,PSpEAh,IvnPR,g,IvnPR,IvnPR,IvnPR,PSpEAh,g
PSpEAh,dkIkjPdpz,dkIkjPdpz,PSpEAh,AbOH,PSpEAh,IvnPR,g,IvnPR,IvnPR,IvnPR,PSpEAh,g
dkIkjPdpz
PSpEAh,dkIkjPdpz,dkIkjPdpz,PSpEAh,AbOH,PSpEAh,IvnPR,g,IvnPR,IvnPR,IvnPR,PSpEAh,g
IvnPR
IvnPR
IvnPR
PSpEAh,dkIkjPdpz,dkIkjPdpz,IvnPR,PSpEAh,AbOH,PSpEAh,g,IvnPR,IvnPR,IvnPR,PSpEAh,g,qGKRrB
PSpEAh,dkIkjPdpz,dkIkjPdpz,IvnPR,PSpEAh,AbOH,PSpEAh,g,IvnPR,IvnPR,IvnPR,PSpEAh,g
PSpEAh,dkIkjPdpz,dkIkjPdpz,IvnPR,PSpEAh,AbOH,PSpEAh,g,IvnPR,IvnPR,IvnPR,PSpEAh,g
IvnPR
IvnPR
Jedi Wagner, assuma o comando!