sPrPURdWlr
sPrPURdWlr
Toque! Toque, Dijê!
usdKc
Toque! Toque, Dijê!
Toque! Toque, Dijê!
Toque! Toque, Dijê!
Toque! Toque, Dijê!
OWqznH
OWqznH
OWqznH,aEmNFookj,ZSxBtOls
OWqznH
Toque! Toque, Dijê!
[vazia]
[vazia]
Toque! Toque, Dijê!
Toque! Toque, Dijê!
[vazia]
sPrPURdWlr
usdKc
Toque! Toque, Dijê!
Toque! Toque, Dijê!
[vazia]
[vazia]
Uisb
[vazia]
[vazia]
usdKc
usdKc
usdKc
usdKc
usdKc
usdKc
usdKc
usdKc
usdKc,aEmNFookj,ZSxBtOls
aEmNFookj,ZSxBtOls
usdKc,aEmNFookj,ZSxBtOls
ZSxBtOls
usdKc,aEmNFookj,ZSxBtOls
ZSxBtOls
ZSxBtOls
usdKc,aEmNFookj,ZSxBtOls
aEmNFookj,rlXEwWZ,usdKc,aEmNFookj,usdKc,wMu,Uisb
aEmNFookj,rlXEwWZ,aEmNFookj,usdKc,wMu
usdKc
aEmNFookj,rlXEwWZ,aEmNFookj,usdKc,wMu,wMu,usdKc
usdKc
aEmNFookj,rlXEwWZ,aEmNFookj,usdKc
aEmNFookj,rlXEwWZ,aEmNFookj,usdKc
aEmNFookj,rlXEwWZ,aEmNFookj,usdKc,wMu,wMu
aEmNFookj,rlXEwWZ,aEmNFookj,usdKc,wMu,aEmNFookj,Uisb
usdKc
aEmNFookj,rlXEwWZ,aEmNFookj,usdKc,wMu,aEmNFookj,Uisb
usdKc
aEmNFookj,rlXEwWZ,aEmNFookj,usdKc,wMu,aEmNFookj,Uisb,aEmNFookj
aEmNFookj,rlXEwWZ,aEmNFookj,usdKc,wMu,aEmNFookj,Uisb,aEmNFookj
usdKc
usdKc
aEmNFookj,rlXEwWZ,aEmNFookj,usdKc,wMu
usdKc
aEmNFookj,rlXEwWZ,aEmNFookj,usdKc,wMu
usdKc
aEmNFookj,rlXEwWZ,aEmNFookj,usdKc,wMu
aEmNFookj,rlXEwWZ,aEmNFookj,usdKc,wMu
aEmNFookj,rlXEwWZ,aEmNFookj,usdKc,wMu
usdKc
aEmNFookj,rlXEwWZ,aEmNFookj,usdKc,wMu,sPrPURdWlr
aEmNFookj,rlXEwWZ,aEmNFookj,usdKc,wMu,sPrPURdWlr
aEmNFookj,rlXEwWZ,aEmNFookj,wMu,sPrPURdWlr,aEmNFookj,sPrPURdWlr
aEmNFookj,rlXEwWZ,aEmNFookj,wMu,sPrPURdWlr,aEmNFookj,sPrPURdWlr
aEmNFookj,rlXEwWZ,aEmNFookj,wMu,usdKc
aEmNFookj,rlXEwWZ,aEmNFookj,usdKc
usdKc
aEmNFookj
aEmNFookj
rlXEwWZ,aEmNFookj,usdKc,aEmNFookj,rlXEwWZ
usdKc
wMu
wMu
usdKc
aEmNFookj,rlXEwWZ,aEmNFookj,usdKc,wMu
usdKc
rlXEwWZ,aEmNFookj,usdKc,wMu
aEmNFookj
usdKc
aEmNFookj,rlXEwWZ,aEmNFookj,usdKc,wMu
aEmNFookj,rlXEwWZ,aEmNFookj,usdKc,wMu,rlXEwWZ
rlXEwWZ,aEmNFookj,wMu,rlXEwWZ
wMu
wMu
rlXEwWZ,aEmNFookj,wMu,rlXEwWZ
rlXEwWZ
rlXEwWZ
rlXEwWZ
rlXEwWZ,aEmNFookj,wMu,rlXEwWZ,usdKc
aEmNFookj
wMu
rlXEwWZ,aEmNFookj,wMu,rlXEwWZ
rlXEwWZ,aEmNFookj,wMu,rlXEwWZ
wMu
rlXEwWZ
rlXEwWZ,aEmNFookj,wMu,rlXEwWZ,sPrPURdWlr
rlXEwWZ,aEmNFookj,wMu,rlXEwWZ
rlXEwWZ,aEmNFookj,wMu,rlXEwWZ
rlXEwWZ,aEmNFookj,wMu,rlXEwWZ,OWqznH
rlXEwWZ,aEmNFookj,wMu,rlXEwWZ,OWqznH,wMu,ZSxBtOls
rlXEwWZ
rlXEwWZ
rlXEwWZ,aEmNFookj,wMu,rlXEwWZ,sPrPURdWlr
rlXEwWZ
sPrPURdWlr
wMu
wMu
wMu
sPrPURdWlr,rlXEwWZ,ZSxBtOls,usdKc
sPrPURdWlr,rlXEwWZ,ZSxBtOls,usdKc
sPrPURdWlr
sPrPURdWlr
sPrPURdWlr
sPrPURdWlr,rlXEwWZ,ZSxBtOls,usdKc
sPrPURdWlr,rlXEwWZ,ZSxBtOls,usdKc
sPrPURdWlr,rlXEwWZ,ZSxBtOls,usdKc
sPrPURdWlr,rlXEwWZ,ZSxBtOls,usdKc
sPrPURdWlr,usdKc,rlXEwWZ,ZSxBtOls,Uisb,OWqznH
usdKc
sPrPURdWlr,usdKc,rlXEwWZ,ZSxBtOls,Uisb,OWqznH
rlXEwWZ
rlXEwWZ
rlXEwWZ
rlXEwWZ
rlXEwWZ,ZSxBtOls,sPrPURdWlr,usdKc
rlXEwWZ,ZSxBtOls,sPrPURdWlr,usdKc,wMu
wMu
ZSxBtOls,sPrPURdWlr,wMu,rlXEwWZ
rlXEwWZ
ZSxBtOls,sPrPURdWlr,wMu,rlXEwWZ
rlXEwWZ
ZSxBtOls,sPrPURdWlr,wMu,rlXEwWZ,rlXEwWZ
rlXEwWZ
ZSxBtOls,sPrPURdWlr,rlXEwWZ,wMu,rlXEwWZ
wMu
ZSxBtOls,sPrPURdWlr,rlXEwWZ,wMu,rlXEwWZ,ZSxBtOls
ZSxBtOls,rlXEwWZ,sPrPURdWlr,wMu
ZSxBtOls,rlXEwWZ,sPrPURdWlr,wMu
ZSxBtOls
ZSxBtOls
sPrPURdWlr
ZSxBtOls,sPrPURdWlr,wMu,rlXEwWZ,rlXEwWZ,OWqznH
sPrPURdWlr
ZSxBtOls,sPrPURdWlr,wMu,rlXEwWZ,rlXEwWZ,OWqznH,wMu,usdKc
sPrPURdWlr
rlXEwWZ
ZSxBtOls,sPrPURdWlr,wMu,rlXEwWZ,rlXEwWZ,OWqznH,wMu,usdKc,rlXEwWZ,OWqznH
rlXEwWZ
OWqznH
wMu,rlXEwWZ,rlXEwWZ,OWqznH,Uisb,wMu,usdKc,rlXEwWZ,OWqznH,usdKc,usdKc,aEmNFookj
rlXEwWZ,rlXEwWZ,aEmNFookj,wMu,OWqznH,Uisb,wMu,usdKc,rlXEwWZ,OWqznH,usdKc,usdKc,sPrPURdWlr
OWqznH
OWqznH
ZSxBtOls,wMu,rlXEwWZ,rlXEwWZ,OWqznH,wMu,usdKc,rlXEwWZ,OWqznH,usdKc,Uisb
usdKc
ZSxBtOls,sPrPURdWlr,wMu,rlXEwWZ,rlXEwWZ,usdKc,OWqznH,wMu,rlXEwWZ,OWqznH,usdKc,Uisb
wMu,rlXEwWZ,rlXEwWZ,usdKc,OWqznH,ZSxBtOls,sPrPURdWlr,wMu,rlXEwWZ,OWqznH,usdKc,Uisb,Uisb
ZSxBtOls,wMu,rlXEwWZ,rlXEwWZ,OWqznH,wMu,rlXEwWZ,OWqznH,usdKc,Uisb,Uisb,OWqznH
ZSxBtOls,wMu,rlXEwWZ,OWqznH,wMu,rlXEwWZ,OWqznH,usdKc,Uisb,Uisb,OWqznH
ZSxBtOls,sPrPURdWlr,wMu,rlXEwWZ,rlXEwWZ,usdKc,OWqznH,wMu,rlXEwWZ,OWqznH,usdKc,Uisb,Uisb
ZSxBtOls,sPrPURdWlr,wMu,rlXEwWZ,rlXEwWZ,usdKc,OWqznH,wMu,rlXEwWZ,OWqznH,usdKc,Uisb,Uisb
OWqznH
OWqznH
sPrPURdWlr,wMu,rlXEwWZ,rlXEwWZ,usdKc,OWqznH,ZSxBtOls,wMu,rlXEwWZ,OWqznH,usdKc,Uisb,Uisb
sPrPURdWlr,wMu,rlXEwWZ,rlXEwWZ,usdKc,OWqznH,ZSxBtOls,wMu,rlXEwWZ,OWqznH,usdKc,Uisb,Uisb
Jedi Wagner, assuma o comando!