Toque! Toque, Dijê!
Toque! Toque, Dijê!
WOHtm
[vazia]
Toque! Toque, Dijê!
Toque! Toque, Dijê!
WcyqjrY
[vazia]
Toque! Toque, Dijê!
WOHtm,yDumnAFHcm
WOHtm,yDumnAFHcm
WOHtm,yDumnAFHcm
WOHtm,yDumnAFHcm
WOHtm
WOHtm
WOHtm
WOHtm,yDumnAFHcm
Toque! Toque, Dijê!
[vazia]
[vazia]
Toque! Toque, Dijê!
[vazia]
Toque! Toque, Dijê!
[vazia]
[vazia]
cBTb
SVQfW,WOHtm,WOHtm
SVQfW,WOHtm
WOHtm
WOHtm
WOHtm
SVQfW,WOHtm,cBTb,WOHtm,SVQfW,yDumnAFHcm
SVQfW,WOHtm,cBTb,WOHtm,SVQfW,yDumnAFHcm
SVQfW,WOHtm,WOHtm,cBTb,SVQfW,yDumnAFHcm
SVQfW,WOHtm,WOHtm,cBTb,SVQfW,yDumnAFHcm
SVQfW
SVQfW,WOHtm,cBTb,WOHtm
cBTb,WOHtm,SVQfW,Qv
cBTb,WOHtm,SVQfW,Qv
SVQfW
SVQfW
cBTb,WOHtm,SVQfW,Qv,WcyqjrY
SVQfW
SVQfW
WcyqjrY
cBTb,WOHtm,WcyqjrY,SVQfW,Qv
cBTb,WOHtm,SVQfW,Qv,WcyqjrY
SVQfW
SVQfW
cBTb,WOHtm,SVQfW,Qv,WcyqjrY,WOHtm,yDumnAFHcm
SVQfW
SVQfW
cBTb,WOHtm,SVQfW,WOHtm
SVQfW
SVQfW
cBTb,WOHtm,SVQfW,Qv
SVQfW
SVQfW
Qv,cBTb,cBTb
cBTb
SVQfW
cBTb
cBTb
WOHtm,SVQfW,cBTb,Qv,SVQfW,cBTb
Qv
WOHtm,cBTb,Qv,SVQfW,SVQfW,cBTb
WOHtm,cBTb,Qv,SVQfW,SVQfW,cBTb
SVQfW
SVQfW
WOHtm,cBTb,Qv,SVQfW,cBTb
WOHtm,cBTb,Qv,SVQfW,cBTb
WOHtm,cBTb,Qv,SVQfW,cBTb,SVQfW
WOHtm,cBTb,Qv,SVQfW,cBTb
SVQfW
WOHtm,cBTb,Qv,SVQfW,cBTb
cBTb
WOHtm
WOHtm
WOHtm
WOHtm,cBTb,Qv,SVQfW,cBTb
WOHtm
WOHtm,cBTb,Qv,SVQfW,cBTb,cBTb
WOHtm
WOHtm
WOHtm
WOHtm,cBTb,Qv,SVQfW,cBTb,caslqNsOg
WOHtm
WOHtm
WOHtm
WOHtm
WOHtm,cBTb,Qv,SVQfW,cBTb,SVQfW
WOHtm
WOHtm,cBTb,Qv,SVQfW,cBTb,SVQfW
WOHtm,cBTb,Qv,SVQfW,cBTb,SVQfW
WOHtm
WOHtm
WOHtm,cBTb,Qv,SVQfW,cBTb,SVQfW
WOHtm,cBTb,Qv,SVQfW,cBTb,SVQfW,Qv
WOHtm,cBTb,Qv,SVQfW,cBTb,SVQfW,Qv
Qv
Qv
WOHtm,cBTb,SVQfW,cBTb,SVQfW,Qv,WcyqjrY
cBTb
SVQfW
WOHtm,cBTb,SVQfW,cBTb,SVQfW,WcyqjrY,McERlL,SVQfW,Qv
SVQfW
SVQfW
WOHtm,cBTb,SVQfW,cBTb,SVQfW,WcyqjrY,McERlL,SVQfW,Qv,SVQfW
SVQfW
WOHtm,SVQfW,cBTb,SVQfW,WcyqjrY,cBTb,SVQfW,WcyqjrY
SVQfW
WOHtm,cBTb,SVQfW,cBTb,SVQfW,WcyqjrY,SVQfW
SVQfW
cBTb,SVQfW,cBTb,SVQfW,WcyqjrY,SVQfW,WcyqjrY,cBTb,WOHtm,McERlL
SVQfW
cBTb,SVQfW,cBTb,SVQfW,WcyqjrY,SVQfW,WcyqjrY,cBTb,WOHtm
SVQfW
cBTb,cBTb,SVQfW,WcyqjrY,SVQfW,SVQfW,WcyqjrY,cBTb,WOHtm
SVQfW
SVQfW,cBTb,SVQfW,WcyqjrY,SVQfW,cBTb,WcyqjrY,cBTb,WOHtm,SVQfW,SVQfW
cBTb,SVQfW,cBTb,SVQfW,WcyqjrY,SVQfW,WcyqjrY,cBTb,WOHtm,SVQfW,SVQfW
SVQfW,cBTb,SVQfW,WcyqjrY,SVQfW,WcyqjrY,cBTb,WOHtm,SVQfW
SVQfW,SVQfW,WcyqjrY,WOHtm,SVQfW,WcyqjrY,cBTb,SVQfW,Qv,cBTb
SVQfW,SVQfW,WcyqjrY,WOHtm,SVQfW,WcyqjrY,cBTb,SVQfW,Qv,cBTb
SVQfW
SVQfW
WOHtm,cBTb,SVQfW,cBTb,SVQfW,WcyqjrY,SVQfW,caslqNsOg
SVQfW
SVQfW
SVQfW,cBTb,SVQfW,WcyqjrY,SVQfW,caslqNsOg
cBTb,SVQfW,cBTb,SVQfW,WcyqjrY,SVQfW,WOHtm
WOHtm
WOHtm
cBTb,SVQfW,cBTb,SVQfW,WcyqjrY,SVQfW,WOHtm,WcyqjrY
WOHtm
WOHtm
WOHtm
WOHtm
WOHtm
WOHtm,cBTb,SVQfW,cBTb,SVQfW,WcyqjrY,SVQfW
SVQfW
SVQfW
WOHtm,SVQfW,cBTb,cBTb,SVQfW,WcyqjrY,SVQfW,yDumnAFHcm
WOHtm,SVQfW,cBTb,cBTb,SVQfW,WcyqjrY,SVQfW,yDumnAFHcm,Qv
WOHtm,SVQfW,cBTb,cBTb,SVQfW,WcyqjrY,SVQfW,yDumnAFHcm,Qv,WOHtm
WOHtm,SVQfW,cBTb,cBTb,SVQfW,WcyqjrY,SVQfW,yDumnAFHcm,Qv
SVQfW,cBTb,cBTb,WOHtm,SVQfW,WcyqjrY,SVQfW,yDumnAFHcm,Qv
SVQfW,cBTb,cBTb,WOHtm,SVQfW,WcyqjrY,SVQfW,yDumnAFHcm,Qv
SVQfW,cBTb,cBTb,Qv,WOHtm,SVQfW,WcyqjrY,SVQfW,yDumnAFHcm
Qv
Qv
WOHtm,SVQfW,cBTb,cBTb,SVQfW,WcyqjrY,SVQfW,yDumnAFHcm,Qv
cBTb
cBTb
cBTb,cBTb,Qv,SVQfW,WcyqjrY,SVQfW,yDumnAFHcm,WcyqjrY
SVQfW
SVQfW
cBTb,cBTb,SVQfW,WcyqjrY,SVQfW,yDumnAFHcm,Qv,WcyqjrY
WcyqjrY
cBTb,cBTb,SVQfW,WcyqjrY,SVQfW,yDumnAFHcm,Qv,WcyqjrY,Qv
cBTb,cBTb,SVQfW,WcyqjrY,SVQfW,yDumnAFHcm,Qv,WcyqjrY,Qv,cBTb
cBTb,cBTb,SVQfW,WcyqjrY,SVQfW,yDumnAFHcm,Qv,WcyqjrY,Qv,cBTb
WcyqjrY
cBTb,cBTb,SVQfW,WcyqjrY,SVQfW,yDumnAFHcm,Qv,WcyqjrY,Qv,cBTb
cBTb,cBTb,SVQfW,WcyqjrY,SVQfW,yDumnAFHcm,Qv,WcyqjrY,Qv,cBTb
Qv
Jedi Wagner, assuma o comando!