BPyVmz
BPyVmz,uqSbI
BPyVmz,uqSbI
BPyVmz,uqSbI,apC
BPyVmz,nJQrKN
BPyVmz,nJQrKN
BPyVmz
nJQrKN
nJQrKN
nJQrKN
BPyVmz,nJQrKN,BPyVmz
nJQrKN
nJQrKN
BPyVmz,nJQrKN
nJQrKN
nJQrKN
nJQrKN
BPyVmz,nJQrKN
nJQrKN
nJQrKN
nJQrKN
BPyVmz,nJQrKN,apC,qbZcnjszbK
BPyVmz,nJQrKN,apC,qbZcnjszbK,tFjF
BPyVmz,nJQrKN,apC,qbZcnjszbK,tFjF
BPyVmz,nJQrKN,apC,qbZcnjszbK,tFjF
BPyVmz,nJQrKN,apC,qbZcnjszbK,tFjF
nJQrKN
nJQrKN
BPyVmz,nJQrKN,apC,qbZcnjszbK,apC,nJQrKN,apC
BPyVmz,nJQrKN
nJQrKN
BPyVmz,nJQrKN
nJQrKN
BPyVmz,nJQrKN
nJQrKN
BPyVmz,nJQrKN
nJQrKN
nJQrKN,uqSbI
nJQrKN
BPyVmz
BPyVmz,nJQrKN,BPyVmz
BPyVmz,nJQrKN
BPyVmz,nJQrKN
BPyVmz,nJQrKN
BPyVmz,nJQrKN
BPyVmz
BPyVmz
BPyVmz
BPyVmz,nJQrKN,BPyVmz
BPyVmz,nJQrKN,BPyVmz
BPyVmz
BPyVmz,nJQrKN,BPyVmz,qbZcnjszbK
BPyVmz,nJQrKN,BPyVmz,qbZcnjszbK
nJQrKN
BPyVmz,nJQrKN,BPyVmz,qbZcnjszbK,BPyVmz
nJQrKN
BPyVmz,nJQrKN,BPyVmz,BPyVmz,uqSbI
BPyVmz,nJQrKN,BPyVmz,BPyVmz,uqSbI
BPyVmz,BPyVmz,BPyVmz,uqSbI,qbZcnjszbK
BPyVmz
BPyVmz
BPyVmz
uqSbI
BPyVmz
BPyVmz,BPyVmz,uqSbI,BPyVmz,qbZcnjszbK,uqSbI
BPyVmz
BPyVmz,BPyVmz,uqSbI,BPyVmz,qbZcnjszbK,uqSbI
BPyVmz,BPyVmz,uqSbI,BPyVmz,qbZcnjszbK,uqSbI,BPyVmz
qbZcnjszbK
BPyVmz,BPyVmz,uqSbI,BPyVmz,qbZcnjszbK,uqSbI,BPyVmz,BPyVmz,tFjF
qbZcnjszbK
BPyVmz,uqSbI,BPyVmz,BPyVmz,qbZcnjszbK,uqSbI,BPyVmz
BPyVmz,uqSbI,BPyVmz,BPyVmz,qbZcnjszbK,uqSbI,BPyVmz,qbZcnjszbK
qbZcnjszbK
BPyVmz,uqSbI,BPyVmz,BPyVmz,qbZcnjszbK,uqSbI,BPyVmz,qbZcnjszbK
BPyVmz,uqSbI,BPyVmz,BPyVmz,qbZcnjszbK,uqSbI,BPyVmz
BPyVmz,BPyVmz,BPyVmz,qbZcnjszbK,uqSbI,BPyVmz
qbZcnjszbK
BPyVmz,BPyVmz,BPyVmz,uqSbI,BPyVmz,FeSi
BPyVmz,BPyVmz,BPyVmz,uqSbI,BPyVmz,FeSi
qbZcnjszbK
qbZcnjszbK
qbZcnjszbK
BPyVmz,BPyVmz,BPyVmz,uqSbI,qbZcnjszbK,BPyVmz,FeSi,apC,FeSi
uqSbI
qbZcnjszbK
BPyVmz,BPyVmz,uqSbI,qbZcnjszbK,BPyVmz,apC,FeSi
qbZcnjszbK
uqSbI
BPyVmz,BPyVmz,BPyVmz,uqSbI,qbZcnjszbK,BPyVmz,apC,FeSi
qbZcnjszbK
BPyVmz,BPyVmz,BPyVmz,uqSbI,qbZcnjszbK,BPyVmz,apC,FeSi,tFjF
BPyVmz,BPyVmz,BPyVmz,uqSbI,qbZcnjszbK,BPyVmz,apC,FeSi
BPyVmz,BPyVmz,BPyVmz,uqSbI,apC,qbZcnjszbK,BPyVmz,FeSi
apC
qbZcnjszbK
BPyVmz,BPyVmz,apC,BPyVmz,FeSi,nJQrKN
apC
apC
BPyVmz,BPyVmz,apC,BPyVmz,FeSi
FeSi
BPyVmz,BPyVmz,FeSi,apC,BPyVmz,FeSi,uqSbI,tFjF
FeSi
FeSi
BPyVmz
BPyVmz
BPyVmz,BPyVmz,apC,BPyVmz,FeSi,qbZcnjszbK
BPyVmz,BPyVmz,apC,BPyVmz,FeSi,qbZcnjszbK
BPyVmz,BPyVmz,BPyVmz,FeSi,qbZcnjszbK
BPyVmz,BPyVmz,BPyVmz,qbZcnjszbK,apC,BPyVmz,uqSbI,uqSbI
BPyVmz,BPyVmz,BPyVmz,qbZcnjszbK,apC,BPyVmz,uqSbI,uqSbI
BPyVmz
BPyVmz
BPyVmz,BPyVmz,BPyVmz,qbZcnjszbK,apC,BPyVmz,uqSbI
BPyVmz,BPyVmz,BPyVmz,qbZcnjszbK,apC,BPyVmz,uqSbI
apC
apC
apC
BPyVmz
BPyVmz,BPyVmz,qbZcnjszbK,BPyVmz,uqSbI,apC
BPyVmz,BPyVmz,BPyVmz,qbZcnjszbK,apC,BPyVmz,uqSbI,apC
BPyVmz
qbZcnjszbK
BPyVmz
BPyVmz
uqSbI
BPyVmz,BPyVmz,BPyVmz,qbZcnjszbK,apC,BPyVmz,uqSbI,apC
apC
BPyVmz,BPyVmz,BPyVmz,apC,BPyVmz,apC,FeSi
apC
apC
BPyVmz,BPyVmz,BPyVmz,BPyVmz,apC,apC,FeSi
BPyVmz,BPyVmz,BPyVmz,BPyVmz,apC,apC,FeSi
BPyVmz
BPyVmz,BPyVmz,BPyVmz,apC,apC,FeSi
BPyVmz
BPyVmz,apC,BPyVmz,BPyVmz,apC,FeSi
BPyVmz,apC,BPyVmz,BPyVmz,apC,FeSi
BPyVmz
BPyVmz,apC,BPyVmz,BPyVmz,apC,FeSi,qbZcnjszbK
BPyVmz
BPyVmz,apC,BPyVmz,BPyVmz,apC,FeSi,qbZcnjszbK,uqSbI
apC
BPyVmz,apC,BPyVmz,BPyVmz,apC,FeSi,qbZcnjszbK,uqSbI,BPyVmz
apC
BPyVmz
BPyVmz
BPyVmz
BPyVmz,uqSbI,BPyVmz,BPyVmz,FeSi,qbZcnjszbK,qbZcnjszbK,apC,BPyVmz,uqSbI
FeSi
uqSbI,BPyVmz,FeSi,qbZcnjszbK,qbZcnjszbK,apC,BPyVmz,uqSbI,qbZcnjszbK
uqSbI,FeSi,BPyVmz,qbZcnjszbK,qbZcnjszbK,apC,BPyVmz,uqSbI,qbZcnjszbK,apC,uqSbI,BPyVmz
uqSbI,FeSi,BPyVmz,qbZcnjszbK,qbZcnjszbK,apC,BPyVmz,uqSbI,qbZcnjszbK,apC,uqSbI,BPyVmz,BPyVmz
uqSbI,FeSi,BPyVmz,qbZcnjszbK,qbZcnjszbK,apC,BPyVmz,uqSbI,qbZcnjszbK,apC,uqSbI,BPyVmz,BPyVmz
uqSbI,FeSi,qbZcnjszbK,qbZcnjszbK,apC,BPyVmz,uqSbI,qbZcnjszbK,apC,uqSbI,BPyVmz,BPyVmz
Jedi Wagner, assuma o comando!