Toque! Toque, Dijê!
[vazia]
ZWGfS
ZWGfS
ZWGfS
ZWGfS
ZWGfS,Ss
ZWGfS
ZWGfS,Ss
ZWGfS
ZWGfS,Ss
ZWGfS,Ss
Ss
ZWGfS,Ss
Ss
Ss
ZWGfS,Ss
Ss
ZWGfS,Ss
ZWGfS,ZWGfS
ZWGfS
ZWGfS
ZWGfS
Ss,ZWGfS,ZWGfS
ZWGfS,Ss,ZWGfS
ZWGfS
Ss,ZWGfS
ZWGfS
ZWGfS,jJj
Ss,ZWGfS,ZWGfS
Ss,ZWGfS,ZWGfS
ZWGfS,ZWGfS
ZWGfS,ZWGfS,Ss
ZWGfS
ZWGfS
ZWGfS
Ss
Ss
Ss
Ss
Ss
Ss
Ss
Ss
Ss,ZWGfS
Ss,ZWGfS,lBRbEBiM
Ss
Ss
ZWGfS
Ss,ZWGfS
ZWGfS
Ss,ZWGfS
ZWGfS
ZWGfS,lBRbEBiM,ZWGfS
ZWGfS,lBRbEBiM,ZWGfS
ZWGfS
ZWGfS,lBRbEBiM,ZWGfS
ZWGfS
ZWGfS
ZWGfS,lBRbEBiM,ZWGfS
lBRbEBiM
ZWGfS,ZWGfS,lBRbEBiM,jJj
lBRbEBiM
ZWGfS,lBRbEBiM,ZWGfS
ZWGfS
ZWGfS,lBRbEBiM,ZWGfS
ZWGfS
ZWGfS,lBRbEBiM,ZWGfS,Ss,lBRbEBiM
Ss
Ss
Ss
Ss,lBRbEBiM,lBRbEBiM
ZWGfS
ZWGfS
ZWGfS
ZWGfS,lBRbEBiM,jJj,ZWGfS,Ss,lBRbEBiM,lBRbEBiM,jJj
jJj
jJj
lBRbEBiM
ZWGfS,jJj,lBRbEBiM,ZWGfS,lBRbEBiM,lBRbEBiM,jJj
ZWGfS,jJj,lBRbEBiM,ZWGfS,lBRbEBiM,lBRbEBiM,jJj
ZWGfS,lBRbEBiM,ZWGfS
ZWGfS
ZWGfS
lBRbEBiM
lBRbEBiM,ZWGfS
lBRbEBiM
lBRbEBiM
lBRbEBiM,ZWGfS,jJj,Ss
lBRbEBiM,ZWGfS,Ss,ZWGfS,Ss,ZWGfS
lBRbEBiM,ZWGfS,Ss,ZWGfS,Ss,ZWGfS,lBRbEBiM
lBRbEBiM,Ss,Ss,ZWGfS,lBRbEBiM,ZWGfS,ZWGfS
Ss,Ss,ZWGfS,lBRbEBiM,ZWGfS,ZWGfS
Ss,Ss,ZWGfS,lBRbEBiM,ZWGfS,ZWGfS,ZWGfS,Ss,jJj
Ss,Ss,ZWGfS,lBRbEBiM,ZWGfS,ZWGfS,ZWGfS,Ss,jJj
lBRbEBiM,ZWGfS,ZWGfS
ZWGfS
ZWGfS,ZWGfS
ZWGfS
ZWGfS
ZWGfS,ZWGfS,ZWGfS,Ss,jJj
ZWGfS,jJj,ZWGfS,ZWGfS,Ss
ZWGfS
ZWGfS,jJj,ZWGfS,ZWGfS,Ss
lBRbEBiM,ZWGfS,lBRbEBiM
lBRbEBiM,ZWGfS,lBRbEBiM
lBRbEBiM,ZWGfS,lBRbEBiM
lBRbEBiM
lBRbEBiM
lBRbEBiM,ZWGfS,lBRbEBiM,lBRbEBiM
lBRbEBiM,ZWGfS,lBRbEBiM,lBRbEBiM
lBRbEBiM,ZWGfS,lBRbEBiM,lBRbEBiM
lBRbEBiM,lBRbEBiM,lBRbEBiM,ZWGfS,jJj
lBRbEBiM,ZWGfS,lBRbEBiM,lBRbEBiM
lBRbEBiM,ZWGfS,lBRbEBiM,lBRbEBiM
lBRbEBiM
lBRbEBiM,lBRbEBiM,lBRbEBiM,ZWGfS
lBRbEBiM
ZWGfS
ZWGfS
ZWGfS
ZWGfS,lBRbEBiM,lBRbEBiM,lBRbEBiM
ZWGfS
ZWGfS
ZWGfS
ZWGfS,lBRbEBiM,lBRbEBiM,lBRbEBiM,ZWGfS
lBRbEBiM
Ss
Ss
Ss
ZWGfS,Ss,lBRbEBiM,lBRbEBiM,lBRbEBiM,ZWGfS
lBRbEBiM
lBRbEBiM,lBRbEBiM,ZWGfS
ZWGfS,lBRbEBiM
ZWGfS,lBRbEBiM
ZWGfS,lBRbEBiM
lBRbEBiM,lBRbEBiM,ZWGfS
lBRbEBiM
lBRbEBiM
lBRbEBiM
lBRbEBiM
lBRbEBiM,lBRbEBiM,lBRbEBiM
lBRbEBiM,lBRbEBiM,lBRbEBiM
lBRbEBiM
ZWGfS
ZWGfS
lBRbEBiM
lBRbEBiM
lBRbEBiM
lBRbEBiM,jJj,jJj,jJj,lBRbEBiM,lBRbEBiM
lBRbEBiM,lBRbEBiM,jJj,jJj,jJj,lBRbEBiM
jJj
jJj
lBRbEBiM,lBRbEBiM,jJj,jJj,jJj,lBRbEBiM
jJj
jJj
lBRbEBiM,lBRbEBiM,jJj,jJj,jJj,lBRbEBiM,Ss
lBRbEBiM,lBRbEBiM,jJj,jJj,lBRbEBiM,Ss
lBRbEBiM,lBRbEBiM,jJj,jJj,lBRbEBiM,Ss
lBRbEBiM
lBRbEBiM
lBRbEBiM
lBRbEBiM
lBRbEBiM,lBRbEBiM,jJj,jJj,Ss,lBRbEBiM,lBRbEBiM
lBRbEBiM
lBRbEBiM,lBRbEBiM,jJj,jJj,Ss,lBRbEBiM,lBRbEBiM
lBRbEBiM,lBRbEBiM,jJj,jJj,Ss,lBRbEBiM,lBRbEBiM
lBRbEBiM,lBRbEBiM,jJj,jJj,Ss,lBRbEBiM,lBRbEBiM
lBRbEBiM,lBRbEBiM,jJj,jJj,Ss,lBRbEBiM,lBRbEBiM
lBRbEBiM
lBRbEBiM,lBRbEBiM,jJj,jJj,Ss,lBRbEBiM,lBRbEBiM
lBRbEBiM,lBRbEBiM,jJj,jJj,lBRbEBiM,lBRbEBiM,Ss,Ss
lBRbEBiM,lBRbEBiM,jJj,jJj,lBRbEBiM,lBRbEBiM,Ss,Ss
lBRbEBiM,lBRbEBiM,jJj,jJj,Ss,lBRbEBiM,lBRbEBiM
lBRbEBiM,lBRbEBiM,jJj,jJj,Ss,lBRbEBiM,lBRbEBiM
Jedi Wagner, assuma o comando!