Toque! Toque, Dijê!
Toque! Toque, Dijê!
[vazia]
[vazia]
[vazia]
Toque! Toque, Dijê!
Toque! Toque, Dijê!
bmUCViuHD
bmUCViuHD
bmUCViuHD
bmUCViuHD
ZGQM
ZGQM
ZGQM
bmUCViuHD
Toque! Toque, Dijê!
bmUCViuHD
bmUCViuHD
bmUCViuHD
bmUCViuHD
Toque! Toque, Dijê!
Toque! Toque, Dijê!
[vazia]
bmUCViuHD
bmUCViuHD
bmUCViuHD
bmUCViuHD,bmUCViuHD
bmUCViuHD
bmUCViuHD
bmUCViuHD
bmUCViuHD
bmUCViuHD
bmUCViuHD,ZGQM
bmUCViuHD
bmUCViuHD,ZGQM
bmUCViuHD
bmUCViuHD
bmUCViuHD
bmUCViuHD
bmUCViuHD
TmoY
bmUCViuHD,ZGQM
ZGQM
ZGQM,fdZ
ZGQM
ZGQM
fdZ,ZGQM
fdZ,TmoY
TmoY,fdZ
fdZ,TmoY
ZGQM
fdZ,ZGQM
fdZ
Toque! Toque, Dijê!
Toque! Toque, Dijê!
bmUCViuHD
ZGQM
fdZ,ZGQM
fdZ,ZGQM
fdZ,ZGQM,bmUCViuHD
ZGQM
fdZ,ZGQM
fdZ,ZGQM
ZGQM
ZGQM
ZGQM
fdZ
ZGQM,fdZ,TmoY
fdZ
ZGQM,fdZ
ZGQM,fdZ
fdZ
fdZ,ZGQM
fdZ,ZGQM
ZGQM
ZGQM
fdZ,ZGQM,ZGQM
fdZ
ZGQM,fdZ,ZGQM
ZGQM,fdZ,ZGQM
ZGQM,fdZ,ZGQM
ZGQM,ZGQM,ZGQM
fdZ
ZGQM
ZGQM
fdZ,ZGQM,fdZ
fdZ,ZGQM,fdZ
fdZ,ZGQM
fdZ,ZGQM
ZGQM
fdZ,ZGQM,TmoY
fdZ,ZGQM,TmoY
ZGQM
ZGQM
fdZ,ZGQM,TmoY
ZGQM
fdZ,ZGQM,TmoY
fdZ,ZGQM,TmoY
fdZ,ZGQM,TmoY,ZGQM
fdZ,ZGQM,ZGQM,bmUCViuHD,bmUCViuHD
fdZ,ZGQM,ZGQM,bmUCViuHD
ZGQM
ZGQM
ZGQM
fdZ,ZGQM,ZGQM,bmUCViuHD
fdZ,ZGQM,ZGQM
fdZ,ZGQM,ZGQM
fdZ,ZGQM,ZGQM
fdZ,ZGQM,ZGQM,bmUCViuHD
fdZ,ZGQM,ZGQM,bmUCViuHD,ZGQM
bmUCViuHD
bmUCViuHD
bmUCViuHD
bmUCViuHD
bmUCViuHD
bmUCViuHD
bmUCViuHD
ZGQM,ZGQM,bmUCViuHD,ZGQM,bmUCViuHD,ZGQM,bmUCViuHD,fdZ,TmoY,ZGQM
bmUCViuHD
ZGQM,ZGQM,bmUCViuHD,ZGQM,bmUCViuHD,ZGQM,bmUCViuHD,TmoY,ZGQM,TmoY
ZGQM,ZGQM,bmUCViuHD,ZGQM,bmUCViuHD,ZGQM,bmUCViuHD,TmoY,ZGQM,TmoY
bmUCViuHD
ZGQM,ZGQM,bmUCViuHD,ZGQM,bmUCViuHD,ZGQM,bmUCViuHD,TmoY,ZGQM,TmoY
ZGQM,bmUCViuHD,ZGQM,bmUCViuHD,ZGQM,bmUCViuHD,TmoY,ZGQM,TmoY
bmUCViuHD
ZGQM,fdZ,ZGQM,bmUCViuHD,ZGQM
bmUCViuHD
ZGQM,fdZ,ZGQM,ZGQM
ZGQM,ZGQM,ZGQM,fdZ
ZGQM
ZGQM
ZGQM
ZGQM
ZGQM
ZGQM
ZGQM,ZGQM,bmUCViuHD,ZGQM
ZGQM,ZGQM,ZGQM,bmUCViuHD,bmUCViuHD,TmoY,TmoY
bmUCViuHD
bmUCViuHD
bmUCViuHD
ZGQM,fdZ,ZGQM,ZGQM
ZGQM
fdZ,ZGQM,ZGQM,ZGQM
ZGQM
bmUCViuHD
ZGQM
ZGQM,bmUCViuHD,fdZ,ZGQM
ZGQM,bmUCViuHD,fdZ,ZGQM
ZGQM,bmUCViuHD,fdZ,ZGQM
fdZ,ZGQM,ZGQM
bmUCViuHD,fdZ,ZGQM,ZGQM
bmUCViuHD,ZGQM,ZGQM,fdZ,bmUCViuHD
ZGQM
fdZ
fdZ
bmUCViuHD
bmUCViuHD,bmUCViuHD,fdZ,bmUCViuHD,bmUCViuHD,fdZ,bmUCViuHD,ZGQM
bmUCViuHD,fdZ,bmUCViuHD,bmUCViuHD,fdZ,bmUCViuHD,ZGQM,fdZ
bmUCViuHD
bmUCViuHD
bmUCViuHD,fdZ,bmUCViuHD,bmUCViuHD,fdZ,bmUCViuHD,ZGQM,fdZ
bmUCViuHD
bmUCViuHD,fdZ,bmUCViuHD,bmUCViuHD,fdZ,bmUCViuHD,fdZ,bmUCViuHD
bmUCViuHD
bmUCViuHD
ZGQM,fdZ,bmUCViuHD,bmUCViuHD,fdZ,fdZ
ZGQM,fdZ,bmUCViuHD,bmUCViuHD,fdZ,fdZ
ZGQM,bmUCViuHD,bmUCViuHD,fdZ,fdZ
ZGQM,bmUCViuHD,bmUCViuHD,fdZ
bmUCViuHD
ZGQM,fdZ,bmUCViuHD,bmUCViuHD,fdZ,fdZ,bmUCViuHD
ZGQM,fdZ,bmUCViuHD,bmUCViuHD,fdZ,fdZ,bmUCViuHD
fdZ
bmUCViuHD
TmoY
bmUCViuHD
bmUCViuHD,bmUCViuHD,fdZ,fdZ,bmUCViuHD,fdZ
bmUCViuHD,bmUCViuHD,fdZ,fdZ,bmUCViuHD,fdZ
bmUCViuHD,bmUCViuHD,fdZ,fdZ,bmUCViuHD,fdZ
bmUCViuHD
bmUCViuHD,fdZ,fdZ,bmUCViuHD,fdZ
bmUCViuHD,fdZ,fdZ,bmUCViuHD,fdZ,TmoY
bmUCViuHD,fdZ,fdZ,bmUCViuHD,fdZ,TmoY
fdZ
bmUCViuHD,fdZ,fdZ,bmUCViuHD,fdZ,TmoY
bmUCViuHD,fdZ,fdZ,bmUCViuHD,fdZ,TmoY
fdZ
Jedi Wagner, assuma o comando!