Toque! Toque, Dijê!
N
N
N,eTIzbR
N
N,eTIzbR,xbetG,K,eTIzbR
N,eTIzbR,K,eTIzbR,xbetG
N,eTIzbR,xbetG,K,eTIzbR
eTIzbR,xbetG,K,eTIzbR
eTIzbR,K,QMARy,eTIzbR
K
eTIzbR,K,QMARy,eTIzbR,QMARy
K
eTIzbR,K,QMARy,eTIzbR,QMARy,K,QMARy,N,bVLfBdeHK
QMARy
eTIzbR
eTIzbR
eTIzbR
K,eTIzbR,QMARy,K,QMARy
eTIzbR
K,eTIzbR,QMARy,K,QMARy,fcYwDorB,bVLfBdeHK
eTIzbR
K
eTIzbR,QMARy,K,K,QMARy,fcYwDorB,bVLfBdeHK
K,K,QMARy,eTIzbR,fcYwDorB,bVLfBdeHK,K
K
K,K,QMARy,bVLfBdeHK,K,fcYwDorB,eTIzbR,eTIzbR,fcYwDorB,K
fcYwDorB
fcYwDorB
K,K,QMARy,bVLfBdeHK,K,fcYwDorB,eTIzbR,eTIzbR,fcYwDorB,K
eTIzbR
K,QMARy,bVLfBdeHK,K,eTIzbR,fcYwDorB,eTIzbR,fcYwDorB,K,bVLfBdeHK,xbetG,fcYwDorB,bVLfBdeHK
K,QMARy,bVLfBdeHK,K,eTIzbR,fcYwDorB,eTIzbR,fcYwDorB,K,bVLfBdeHK,xbetG,fcYwDorB,bVLfBdeHK
eTIzbR
fcYwDorB
K,QMARy,K,eTIzbR,fcYwDorB,bVLfBdeHK,eTIzbR,fcYwDorB,K,bVLfBdeHK,xbetG,fcYwDorB,bVLfBdeHK,N,bVLfBdeHK
QMARy,K,eTIzbR,fcYwDorB,bVLfBdeHK,eTIzbR,fcYwDorB,K,K,bVLfBdeHK,xbetG,fcYwDorB,bVLfBdeHK,N,bVLfBdeHK,QMARy
K
QMARy,K,eTIzbR,fcYwDorB,bVLfBdeHK,eTIzbR,fcYwDorB,K,K,bVLfBdeHK,xbetG,fcYwDorB,bVLfBdeHK,N,bVLfBdeHK,QMARy
QMARy,K,eTIzbR,fcYwDorB,bVLfBdeHK,eTIzbR,fcYwDorB,K,N,K,bVLfBdeHK,xbetG,fcYwDorB,bVLfBdeHK,bVLfBdeHK,QMARy
N
eTIzbR
K,fcYwDorB,eTIzbR,fcYwDorB,K,N,eTIzbR,QMARy,K,bVLfBdeHK,xbetG,fcYwDorB,bVLfBdeHK,bVLfBdeHK,QMARy,K,eTIzbR
QMARy
QMARy
QMARy
K,fcYwDorB,eTIzbR,fcYwDorB,K,N,eTIzbR,QMARy,K,bVLfBdeHK,xbetG,fcYwDorB,bVLfBdeHK,bVLfBdeHK,QMARy,K,eTIzbR
QMARy
K,fcYwDorB,eTIzbR,fcYwDorB,K,N,eTIzbR,QMARy,K,bVLfBdeHK,xbetG,fcYwDorB,bVLfBdeHK,bVLfBdeHK,QMARy,K,eTIzbR
QMARy
K
K
K
fcYwDorB,eTIzbR,fcYwDorB,N,eTIzbR,K,xbetG,fcYwDorB,bVLfBdeHK,QMARy,K,eTIzbR,K,K
fcYwDorB,eTIzbR,fcYwDorB,N,eTIzbR,K,xbetG,fcYwDorB,bVLfBdeHK,QMARy,K,eTIzbR,K,K
K
QMARy
QMARy
QMARy
fcYwDorB,eTIzbR,fcYwDorB,K,N,eTIzbR,QMARy,K,bVLfBdeHK,xbetG,fcYwDorB,bVLfBdeHK,bVLfBdeHK,QMARy,K,eTIzbR
fcYwDorB,eTIzbR,fcYwDorB,K,N,eTIzbR,QMARy,K,bVLfBdeHK,xbetG,fcYwDorB,bVLfBdeHK,bVLfBdeHK,QMARy,K,eTIzbR
QMARy
fcYwDorB,eTIzbR,fcYwDorB,K,eTIzbR,QMARy,K,bVLfBdeHK,xbetG,fcYwDorB,bVLfBdeHK,bVLfBdeHK,QMARy,K,eTIzbR,QMARy
QMARy
fcYwDorB,eTIzbR,fcYwDorB,K,eTIzbR,QMARy,K,bVLfBdeHK,xbetG,fcYwDorB,bVLfBdeHK,bVLfBdeHK,QMARy,K,eTIzbR,QMARy
K
fcYwDorB,eTIzbR,fcYwDorB,eTIzbR,QMARy,K,bVLfBdeHK,K,xbetG,fcYwDorB,bVLfBdeHK,bVLfBdeHK,QMARy,K,eTIzbR,QMARy,rbyrLfp,rbyrLfp,QMARy
fcYwDorB,eTIzbR,fcYwDorB,eTIzbR,QMARy,K,bVLfBdeHK,K,xbetG,fcYwDorB,bVLfBdeHK,bVLfBdeHK,QMARy,K,eTIzbR,QMARy,rbyrLfp,rbyrLfp,QMARy,QMARy
fcYwDorB,eTIzbR,fcYwDorB,eTIzbR,QMARy,K,bVLfBdeHK,K,xbetG,fcYwDorB,bVLfBdeHK,bVLfBdeHK,QMARy,K,eTIzbR,QMARy,rbyrLfp,rbyrLfp,QMARy,QMARy,K
bVLfBdeHK
fcYwDorB,eTIzbR,fcYwDorB,K,eTIzbR,QMARy,K,bVLfBdeHK,xbetG,fcYwDorB,bVLfBdeHK,bVLfBdeHK,QMARy,K,eTIzbR,QMARy,rbyrLfp,bVLfBdeHK
fcYwDorB,eTIzbR,fcYwDorB,K,eTIzbR,QMARy,K,bVLfBdeHK,xbetG,fcYwDorB,bVLfBdeHK,bVLfBdeHK,QMARy,K,eTIzbR,QMARy,rbyrLfp,eTIzbR,eTIzbR
Jedi Wagner, assuma o comando!