Toque! Toque, Dijê!
Toque! Toque, Dijê!
[vazia]
Toque! Toque, Dijê!
[vazia]
Toque! Toque, Dijê!
Toque! Toque, Dijê!
[vazia]
[vazia]
bZITOqdBKP
bZITOqdBKP
bZITOqdBKP
bZITOqdBKP
bZITOqdBKP
bZITOqdBKP
bZITOqdBKP,YU,YU
bZITOqdBKP
bZITOqdBKP
YU,YU
Toque! Toque, Dijê!
pszuW
pszuW
pszuW
pszuW,YU
pszuW
YU
YU
pszuW
pszuW
pszuW
pszuW
pszuW,YU,bZITOqdBKP
pszuW,YU,bZITOqdBKP
pszuW,YU,bZITOqdBKP
pszuW
pszuW
pszuW,YU
pszuW
pszuW,pszuW
pszuW
pszuW
pszuW,pszuW
pszuW
pszuW
pszuW,pszuW,YU
pszuW,pszuW,bZITOqdBKP
pszuW,pszuW,bZITOqdBKP,YU
pszuW,pszuW,YU,bZITOqdBKP
pszuW,pszuW,bZITOqdBKP
pszuW
pszuW,pszuW,bZITOqdBKP,bZITOqdBKP
pszuW,pszuW,bZITOqdBKP,bZITOqdBKP
pszuW,pszuW,bZITOqdBKP,bZITOqdBKP
pszuW,bZITOqdBKP,bZITOqdBKP
pszuW,pszuW,bZITOqdBKP,YU
pszuW,pszuW,bZITOqdBKP
pszuW,pszuW,bZITOqdBKP,YU
pszuW
pszuW
pszuW,pszuW,bZITOqdBKP,YU
bZITOqdBKP
pszuW,pszuW,bZITOqdBKP,YU
pszuW,pszuW,bZITOqdBKP,YU,pszuW
pszuW,pszuW,bZITOqdBKP,YU,pszuW
pszuW,pszuW,bZITOqdBKP,YU,pszuW
bZITOqdBKP
bZITOqdBKP
pszuW,pszuW,bZITOqdBKP,pszuW
pszuW,pszuW,bZITOqdBKP,pszuW,pszuW,bZITOqdBKP,bZITOqdBKP
pszuW
pszuW,pszuW,bZITOqdBKP,pszuW,pszuW
pszuW,pszuW,bZITOqdBKP,pszuW,pszuW
pszuW
pszuW
pszuW,bZITOqdBKP,pszuW,pszuW,pszuW
pszuW
pszuW
pszuW,bZITOqdBKP,pszuW,pszuW
pszuW,bZITOqdBKP,pszuW,pszuW,bZITOqdBKP,YU
pszuW
pszuW
pszuW
pszuW
pszuW
pszuW,pszuW,bZITOqdBKP,pszuW,pszuW
pszuW
pszuW
pszuW,bZITOqdBKP,pszuW,pszuW,pszuW
pszuW,bZITOqdBKP,pszuW,pszuW,pszuW
pszuW,bZITOqdBKP,pszuW,pszuW,pszuW,pszuW
pszuW
pszuW
bZITOqdBKP
bZITOqdBKP
pszuW,bZITOqdBKP,pszuW,pszuW,pszuW,pszuW
pszuW,bZITOqdBKP,pszuW,pszuW,pszuW,pszuW
pszuW,bZITOqdBKP,pszuW,pszuW,pszuW,pszuW
pszuW,bZITOqdBKP,pszuW,pszuW,pszuW,pszuW,pszuW
pszuW
pszuW,bZITOqdBKP,pszuW,pszuW,pszuW,pszuW
pszuW,bZITOqdBKP,pszuW,pszuW,pszuW,pszuW
pszuW,pszuW,pszuW,pszuW,bZITOqdBKP,pszuW
pszuW,bZITOqdBKP,pszuW,pszuW,pszuW,pszuW
pszuW
bZITOqdBKP
bZITOqdBKP
pszuW
pszuW,pszuW,pszuW,pszuW,pszuW,bZITOqdBKP,YU,pszuW
pszuW,pszuW,pszuW,pszuW,pszuW,bZITOqdBKP,YU,pszuW
pszuW,pszuW,pszuW,pszuW,pszuW,bZITOqdBKP,YU,pszuW
pszuW,pszuW,pszuW,pszuW,pszuW,bZITOqdBKP,YU,pszuW
pszuW,pszuW,pszuW,pszuW,pszuW,bZITOqdBKP,YU,pszuW
pszuW
pszuW,pszuW,pszuW,pszuW,pszuW,bZITOqdBKP,YU,pszuW
pszuW,pszuW,pszuW,pszuW,pszuW,bZITOqdBKP,YU,pszuW,YU
pszuW,pszuW,pszuW,pszuW,pszuW,bZITOqdBKP,YU,pszuW,YU
pszuW,pszuW,pszuW,pszuW,pszuW,bZITOqdBKP,pszuW,YU,YU
YU
pszuW,pszuW,pszuW,pszuW,pszuW,pszuW,YU,YU
pszuW,pszuW,pszuW,pszuW,pszuW,bZITOqdBKP,pszuW,YU
YU
pszuW,pszuW,pszuW,pszuW,pszuW,bZITOqdBKP,YU,pszuW,YU
pszuW,pszuW,pszuW,pszuW,pszuW,bZITOqdBKP,YU,pszuW,YU,pszuW
pszuW,pszuW,pszuW,pszuW,pszuW,bZITOqdBKP,YU,pszuW,YU
pszuW,pszuW,pszuW,pszuW,pszuW,bZITOqdBKP,YU,pszuW,YU
pszuW,pszuW,pszuW,pszuW,pszuW,bZITOqdBKP,YU,pszuW,YU
pszuW,pszuW,pszuW,pszuW,pszuW,bZITOqdBKP,YU,pszuW,YU
pszuW,pszuW,pszuW,pszuW,pszuW,bZITOqdBKP,YU,pszuW,YU
pszuW,pszuW,pszuW,pszuW,YU,pszuW,YU,pszuW,YU
YU
pszuW,pszuW,pszuW,pszuW,pszuW,YU,pszuW,YU,bZITOqdBKP
pszuW
pszuW
pszuW,bZITOqdBKP,pszuW,pszuW,pszuW,pszuW,YU,pszuW,YU,YU,bZITOqdBKP
pszuW,bZITOqdBKP,pszuW,pszuW,pszuW,pszuW,YU,pszuW,YU,YU,bZITOqdBKP
pszuW,bZITOqdBKP,pszuW,pszuW,pszuW,pszuW,YU,pszuW,YU,YU,bZITOqdBKP
pszuW
bZITOqdBKP,pszuW,pszuW,pszuW,pszuW,pszuW,pszuW,YU
pszuW
pszuW,pszuW,pszuW,pszuW,YU,pszuW,YU,bZITOqdBKP
pszuW,pszuW,pszuW,pszuW,YU,pszuW,YU,bZITOqdBKP
pszuW,pszuW,pszuW,pszuW,YU,pszuW,YU,bZITOqdBKP
pszuW,pszuW,pszuW,pszuW,YU,pszuW,YU,bZITOqdBKP
pszuW,pszuW,pszuW,pszuW,YU,pszuW,YU,bZITOqdBKP
pszuW
pszuW,pszuW,pszuW,pszuW,pszuW,YU,pszuW,YU,pszuW
pszuW,pszuW,pszuW,pszuW,pszuW,YU,pszuW,YU,pszuW
pszuW,pszuW,pszuW,pszuW,pszuW,YU,pszuW,YU,pszuW
pszuW
pszuW,pszuW,pszuW,pszuW,pszuW,YU,pszuW,YU,pszuW,pszuW
pszuW
pszuW
Jedi Wagner, assuma o comando!