Toque! Toque, Dijê!
[vazia]
EH
EH
EH
EH,alBoRQQIuc
EH
[vazia]
Toque! Toque, Dijê!
Toque! Toque, Dijê!
Toque! Toque, Dijê!
Toque! Toque, Dijê!
Toque! Toque, Dijê!
Toque! Toque, Dijê!
FyuRMii
FyuRMii
[vazia]
FyuRMii,omODyw
omODyw,omODyw,EH
omODyw
omODyw,omODyw,EH
omODyw,omODyw,EH
omODyw
omODyw,omODyw,EH,hVSGPOD,EH
omODyw
EH
EH
omODyw,omODyw,EH,hVSGPOD,EH
EH
omODyw,omODyw,EH,hVSGPOD,EH
hVSGPOD
omODyw,omODyw,hVSGPOD,EH,EH
omODyw,omODyw,hVSGPOD,EH,EH,FyuRMii
hVSGPOD
omODyw,omODyw,hVSGPOD,FyuRMii,EH,EH,omODyw
omODyw,omODyw,hVSGPOD,FyuRMii,EH,EH,omODyw
omODyw,omODyw,hVSGPOD,FyuRMii,EH,EH,omODyw
omODyw,omODyw,hVSGPOD,FyuRMii,EH,EH,omODyw,omODyw
omODyw,hVSGPOD,FyuRMii,EH,EH,omODyw,omODyw
omODyw,hVSGPOD,FyuRMii,EH,EH,omODyw,omODyw
omODyw,omODyw,hVSGPOD,FyuRMii,EH,EH,omODyw,omODyw
EH
omODyw,omODyw,hVSGPOD,FyuRMii,EH,EH,omODyw,omODyw
omODyw,omODyw,hVSGPOD,FyuRMii,EH,EH,omODyw,omODyw
EH
omODyw,omODyw,hVSGPOD,FyuRMii,EH,omODyw,omODyw
EH
omODyw,omODyw,hVSGPOD,FyuRMii,EH,omODyw,omODyw
EH
omODyw,omODyw,hVSGPOD,FyuRMii,EH,omODyw,omODyw,hVSGPOD,EH,omODyw
omODyw,hVSGPOD,FyuRMii,EH,omODyw,omODyw,hVSGPOD,EH,omODyw,FyuRMii
omODyw,hVSGPOD,FyuRMii,EH,omODyw,omODyw,hVSGPOD,EH,omODyw,FyuRMii
omODyw,omODyw,hVSGPOD,FyuRMii,EH,omODyw,omODyw,hVSGPOD,EH,Se,FyuRMii
omODyw,hVSGPOD,FyuRMii,EH,omODyw,omODyw,omODyw,hVSGPOD,EH,Se,alBoRQQIuc,alBoRQQIuc
omODyw,hVSGPOD,FyuRMii,EH,omODyw,omODyw,omODyw,hVSGPOD,EH,Se,alBoRQQIuc,alBoRQQIuc
hVSGPOD,FyuRMii,EH,omODyw,omODyw,omODyw,hVSGPOD,EH,Se,alBoRQQIuc,alBoRQQIuc
Se
Se
omODyw,hVSGPOD,FyuRMii,EH,omODyw,omODyw,omODyw,hVSGPOD,EH,Se,alBoRQQIuc,alBoRQQIuc
omODyw,hVSGPOD,EH,omODyw,omODyw,omODyw,hVSGPOD,EH,FyuRMii,Se,alBoRQQIuc,alBoRQQIuc
EH
omODyw,hVSGPOD,FyuRMii,EH,omODyw,omODyw,omODyw,hVSGPOD,EH,Se,alBoRQQIuc,alBoRQQIuc,omODyw,vcTKeT
EH
omODyw,hVSGPOD,FyuRMii,EH,omODyw,omODyw,omODyw,hVSGPOD,EH,omODyw,vcTKeT,FyuRMii,Se,omODyw
omODyw,hVSGPOD,FyuRMii,EH,omODyw,omODyw,omODyw,hVSGPOD,EH,omODyw,vcTKeT,FyuRMii,Se,omODyw
omODyw,hVSGPOD,FyuRMii,EH,omODyw,omODyw,omODyw,hVSGPOD,EH,omODyw,vcTKeT,FyuRMii,Se,omODyw
omODyw,hVSGPOD,FyuRMii,EH,omODyw,omODyw,omODyw,hVSGPOD,EH,omODyw,vcTKeT,FyuRMii,Se,omODyw
EH
hVSGPOD
omODyw
omODyw
omODyw
hVSGPOD,FyuRMii,EH,omODyw,omODyw,hVSGPOD,EH,omODyw,alBoRQQIuc,alBoRQQIuc,EH,vcTKeT
hVSGPOD,FyuRMii,EH,omODyw,hVSGPOD,EH,omODyw,alBoRQQIuc,alBoRQQIuc,EH,vcTKeT
alBoRQQIuc
EH
omODyw,hVSGPOD,FyuRMii,EH,omODyw,omODyw,omODyw,hVSGPOD,EH,Se,alBoRQQIuc,alBoRQQIuc
omODyw,hVSGPOD,FyuRMii,EH,omODyw,omODyw,omODyw,hVSGPOD,EH,Se,alBoRQQIuc,alBoRQQIuc
omODyw,hVSGPOD,FyuRMii,EH,omODyw,omODyw,omODyw,hVSGPOD,EH,Se,alBoRQQIuc,alBoRQQIuc
FyuRMii
omODyw,hVSGPOD,EH,omODyw,omODyw,omODyw,hVSGPOD,EH,FyuRMii,Se,alBoRQQIuc,alBoRQQIuc
FyuRMii
EH
omODyw,FyuRMii,EH,omODyw,omODyw,omODyw,hVSGPOD,EH,Se,alBoRQQIuc,alBoRQQIuc,Se
EH
omODyw,EH,omODyw,omODyw,omODyw,hVSGPOD,EH,alBoRQQIuc,Se,alBoRQQIuc,Se
omODyw,EH,omODyw,omODyw,omODyw,hVSGPOD,EH,alBoRQQIuc,Se,alBoRQQIuc,Se
omODyw,hVSGPOD,FyuRMii,EH,omODyw,omODyw,omODyw,hVSGPOD,EH,Se,alBoRQQIuc,alBoRQQIuc
omODyw,hVSGPOD,FyuRMii,EH,omODyw,omODyw,omODyw,hVSGPOD,EH,Se,alBoRQQIuc,alBoRQQIuc
omODyw,hVSGPOD,FyuRMii,EH,omODyw,omODyw,omODyw,hVSGPOD,EH,Se,alBoRQQIuc,alBoRQQIuc
omODyw,hVSGPOD,FyuRMii,EH,omODyw,omODyw,omODyw,hVSGPOD,EH,Se,alBoRQQIuc,alBoRQQIuc
EH
EH
EH
EH
omODyw,hVSGPOD,FyuRMii,EH,omODyw,omODyw,omODyw,hVSGPOD,EH,Se,alBoRQQIuc,alBoRQQIuc
omODyw,hVSGPOD,FyuRMii,EH,omODyw,omODyw,omODyw,hVSGPOD,EH,Se,alBoRQQIuc,alBoRQQIuc
omODyw,hVSGPOD,FyuRMii,EH,omODyw,omODyw,omODyw,hVSGPOD,EH,Se,alBoRQQIuc,alBoRQQIuc
omODyw,FyuRMii,EH,omODyw,omODyw,omODyw,hVSGPOD,Se,EH,alBoRQQIuc,alBoRQQIuc
Se
omODyw,FyuRMii,EH,omODyw,omODyw,omODyw,hVSGPOD,Se,EH,alBoRQQIuc,alBoRQQIuc,alBoRQQIuc
Se
Se
EH
omODyw,hVSGPOD,FyuRMii,EH,omODyw,omODyw,omODyw,hVSGPOD,EH,Se,alBoRQQIuc,alBoRQQIuc
EH
omODyw,hVSGPOD,FyuRMii,EH,omODyw,omODyw,omODyw,hVSGPOD,EH,Se,alBoRQQIuc,alBoRQQIuc,NQD
omODyw,hVSGPOD,FyuRMii,EH,omODyw,omODyw,omODyw,hVSGPOD,EH,Se,alBoRQQIuc,alBoRQQIuc,NQD,omODyw
EH
omODyw,hVSGPOD,FyuRMii,EH,omODyw,omODyw,omODyw,hVSGPOD,EH,Se,alBoRQQIuc,alBoRQQIuc,NQD,omODyw
EH
omODyw,hVSGPOD,EH,omODyw,omODyw,omODyw,hVSGPOD,EH,FyuRMii,Se,alBoRQQIuc,alBoRQQIuc,Se,NQD
EH
Se
omODyw,hVSGPOD,FyuRMii,omODyw,omODyw,omODyw,hVSGPOD,EH,Se,alBoRQQIuc,alBoRQQIuc,omODyw,Se
EH
EH
omODyw,hVSGPOD,FyuRMii,omODyw,omODyw,omODyw,hVSGPOD,Se,EH,alBoRQQIuc,alBoRQQIuc,omODyw,Se
alBoRQQIuc
omODyw,hVSGPOD,omODyw,omODyw,omODyw,hVSGPOD,EH,Se,alBoRQQIuc,alBoRQQIuc
omODyw,hVSGPOD,FyuRMii,omODyw,omODyw,omODyw,hVSGPOD,EH,Se,alBoRQQIuc,alBoRQQIuc,hVSGPOD
omODyw,hVSGPOD,FyuRMii,omODyw,omODyw,omODyw,hVSGPOD,EH,Se,alBoRQQIuc,alBoRQQIuc
omODyw,hVSGPOD,FyuRMii,omODyw,omODyw,omODyw,hVSGPOD,EH,Se,alBoRQQIuc,alBoRQQIuc
omODyw,hVSGPOD,FyuRMii,omODyw,omODyw,omODyw,hVSGPOD,EH,Se,alBoRQQIuc,alBoRQQIuc
alBoRQQIuc
alBoRQQIuc
omODyw,hVSGPOD,FyuRMii,omODyw,omODyw,omODyw,hVSGPOD,EH,Se,alBoRQQIuc,alBoRQQIuc,omODyw
alBoRQQIuc
omODyw,hVSGPOD,FyuRMii,omODyw,omODyw,omODyw,hVSGPOD,EH,Se,alBoRQQIuc,alBoRQQIuc
alBoRQQIuc
alBoRQQIuc
omODyw,hVSGPOD,FyuRMii,omODyw,omODyw,omODyw,hVSGPOD,EH,Se,alBoRQQIuc,alBoRQQIuc
EH
alBoRQQIuc
alBoRQQIuc
omODyw,hVSGPOD,FyuRMii,omODyw,omODyw,omODyw,hVSGPOD,Se,EH,alBoRQQIuc,alBoRQQIuc,EH,FyuRMii,NQD,NQD,hW,omODyw
alBoRQQIuc
omODyw,hVSGPOD,omODyw,omODyw,omODyw,hVSGPOD,Se,alBoRQQIuc,EH,FyuRMii,alBoRQQIuc,FyuRMii,NQD,NQD,hW,omODyw
omODyw,hVSGPOD,FyuRMii,omODyw,omODyw,omODyw,hVSGPOD,Se,EH,alBoRQQIuc,EH,FyuRMii,NQD,NQD,hW,omODyw
FyuRMii
FyuRMii
omODyw
omODyw
hVSGPOD,omODyw,omODyw,omODyw,hVSGPOD,EH,alBoRQQIuc,EH,FyuRMii,omODyw,NQD,FyuRMii,hW,omODyw
hVSGPOD,FyuRMii,omODyw,omODyw,omODyw,hVSGPOD,EH,alBoRQQIuc,EH,FyuRMii,omODyw,NQD,hW,omODyw
hVSGPOD,FyuRMii,omODyw,omODyw,omODyw,hVSGPOD,EH,alBoRQQIuc,EH,FyuRMii,omODyw,NQD,hW,omODyw
NQD
hVSGPOD,FyuRMii,omODyw,omODyw,omODyw,hVSGPOD,EH,alBoRQQIuc,EH,FyuRMii,omODyw,NQD,hW,omODyw
NQD
NQD
NQD
NQD
NQD
NQD
NQD
omODyw,omODyw,omODyw,EH,alBoRQQIuc,EH,FyuRMii,omODyw,NQD,FyuRMii,hW,omODyw
omODyw,omODyw,omODyw,EH,alBoRQQIuc,EH,FyuRMii,omODyw,NQD,FyuRMii,hW,omODyw
omODyw,omODyw,omODyw,EH,alBoRQQIuc,EH,FyuRMii,omODyw,NQD,FyuRMii,hW,omODyw,vcTKeT
omODyw,omODyw,omODyw,alBoRQQIuc,EH,omODyw,NQD,FyuRMii,FyuRMii,hW,omODyw,vcTKeT,hVSGPOD
omODyw,omODyw,omODyw,alBoRQQIuc,EH,omODyw,NQD,FyuRMii,FyuRMii,hW,omODyw,vcTKeT,hVSGPOD
omODyw,omODyw,omODyw,alBoRQQIuc,EH,omODyw,NQD,FyuRMii,FyuRMii,hW,omODyw,hVSGPOD,Se
omODyw,omODyw,omODyw,alBoRQQIuc,EH,omODyw,NQD,FyuRMii,FyuRMii,hW,omODyw,hVSGPOD,Se
FyuRMii
FyuRMii
FyuRMii
omODyw,omODyw,alBoRQQIuc,omODyw,NQD,FyuRMii,EH,FyuRMii,hW,omODyw,hVSGPOD,Se,NQD
FyuRMii
FyuRMii
EH
omODyw,omODyw,alBoRQQIuc,omODyw,FyuRMii,hVSGPOD,EH,NQD,FyuRMii,omODyw,NQD,hVSGPOD,hVSGPOD
FyuRMii
FyuRMii
omODyw,omODyw,omODyw,NQD,EH,FyuRMii,omODyw,FyuRMii,hW,omODyw,hVSGPOD,NQD,alBoRQQIuc
omODyw,omODyw,NQD,FyuRMii,omODyw,FyuRMii,hW,omODyw,NQD,alBoRQQIuc
omODyw,omODyw,NQD,FyuRMii,omODyw,FyuRMii,omODyw,hW,NQD,alBoRQQIuc,hW,FyuRMii
omODyw,omODyw,NQD,FyuRMii,omODyw,FyuRMii,omODyw,hW,NQD,alBoRQQIuc,hW,FyuRMii,omODyw
omODyw,omODyw,NQD,FyuRMii,omODyw,FyuRMii,omODyw,hW,NQD,alBoRQQIuc
omODyw,omODyw,NQD,FyuRMii,omODyw,FyuRMii,omODyw,hW,NQD,alBoRQQIuc,vcTKeT
NQD
NQD
omODyw,omODyw,NQD,FyuRMii,omODyw,FyuRMii,omODyw,hW,NQD,alBoRQQIuc,vcTKeT
NQD
NQD
NQD
omODyw,omODyw,NQD,FyuRMii,omODyw,FyuRMii,omODyw,hW,NQD,alBoRQQIuc
NQD
omODyw,omODyw,NQD,FyuRMii,omODyw,FyuRMii,omODyw,hW,NQD,alBoRQQIuc,Se
alBoRQQIuc
omODyw,omODyw,FyuRMii,omODyw,FyuRMii,omODyw,hW,NQD,alBoRQQIuc,NQD,Se,FyuRMii
omODyw,omODyw,NQD,FyuRMii,omODyw,FyuRMii,omODyw,hW,NQD,alBoRQQIuc,Se,FyuRMii
alBoRQQIuc
alBoRQQIuc
Se
Se
Se
Se
omODyw,omODyw,NQD,FyuRMii,omODyw,FyuRMii,omODyw,hW,NQD,alBoRQQIuc,Se,FyuRMii,hVSGPOD
omODyw,omODyw,NQD,FyuRMii,omODyw,FyuRMii,omODyw,hW,NQD,alBoRQQIuc,Se,FyuRMii,hVSGPOD
omODyw,omODyw,NQD,FyuRMii,omODyw,FyuRMii,omODyw,hW,NQD,alBoRQQIuc,Se,FyuRMii
Jedi Wagner, assuma o comando!