a
hmhAeKq
hmhAeKq
a
a
a,nPhQKgxzCh
a,nPhQKgxzCh,zJrv
nPhQKgxzCh,a,nPhQKgxzCh,EiC
nPhQKgxzCh
nPhQKgxzCh,a,nPhQKgxzCh,EiC
nPhQKgxzCh
nPhQKgxzCh
a
nPhQKgxzCh,a
nPhQKgxzCh
nPhQKgxzCh
nPhQKgxzCh
nPhQKgxzCh
a,nPhQKgxzCh,nPhQKgxzCh
a,nPhQKgxzCh,nPhQKgxzCh
nPhQKgxzCh
a,nPhQKgxzCh,nPhQKgxzCh
a,nPhQKgxzCh,nPhQKgxzCh,hmhAeKq
nPhQKgxzCh
a,nPhQKgxzCh,nPhQKgxzCh
nPhQKgxzCh
a,nPhQKgxzCh,nPhQKgxzCh
a,nPhQKgxzCh,nPhQKgxzCh
nPhQKgxzCh,nPhQKgxzCh,a,EiC,a,nPhQKgxzCh,zJrv
nPhQKgxzCh
nPhQKgxzCh
nPhQKgxzCh
nPhQKgxzCh
a,nPhQKgxzCh,nPhQKgxzCh
nPhQKgxzCh
a,nPhQKgxzCh,WoWfiOkcyP
a,nPhQKgxzCh,WoWfiOkcyP
a,nPhQKgxzCh,WoWfiOkcyP
a,nPhQKgxzCh,WoWfiOkcyP
nPhQKgxzCh
a,nPhQKgxzCh,nPhQKgxzCh
a,nPhQKgxzCh,nPhQKgxzCh
nPhQKgxzCh
a,nPhQKgxzCh,nPhQKgxzCh
nPhQKgxzCh,nPhQKgxzCh,a
Jedi Wagner, assuma o comando!