[vazia]
[vazia]
Toque! Toque, Dijê!
vOmF
vOmF
[vazia]
Toque! Toque, Dijê!
A
A
A
A
A
A,KCcIpdlQ,LMY
A,LMY,Ht
A,LMY,Ht,vOmF,LMY
LMY
KCcIpdlQ
KCcIpdlQ
A,KCcIpdlQ
KCcIpdlQ
KCcIpdlQ
KCcIpdlQ
A,KCcIpdlQ
A,KCcIpdlQ
A,KCcIpdlQ,vOmF,A
vOmF
vOmF
A,KCcIpdlQ,vOmF,A
vOmF
KCcIpdlQ,vOmF,A
A,KCcIpdlQ,vOmF,A,kXfKYQ
vOmF
A,KCcIpdlQ,vOmF,A
vOmF
vOmF
A,KCcIpdlQ,vOmF,A
A
A
A,KCcIpdlQ,vOmF,A
A,KCcIpdlQ,vOmF,A
KCcIpdlQ
A,KCcIpdlQ,A,vOmF,vOmF
KCcIpdlQ
KCcIpdlQ
KCcIpdlQ
KCcIpdlQ
KCcIpdlQ
KCcIpdlQ,A,vOmF,rNOtBdxh
KCcIpdlQ,vOmF,rNOtBdxh,LMY
KCcIpdlQ
KCcIpdlQ,vOmF,rNOtBdxh,LMY,LMY
vOmF
KCcIpdlQ,rNOtBdxh,LMY
KCcIpdlQ,rNOtBdxh,vOmF,LMY,rNOtBdxh
KCcIpdlQ,rNOtBdxh,vOmF,LMY,rNOtBdxh
LMY
KCcIpdlQ,rNOtBdxh,vOmF,LMY,rNOtBdxh
KCcIpdlQ,rNOtBdxh,vOmF,LMY,rNOtBdxh,nkqphCk,A
KCcIpdlQ,rNOtBdxh,vOmF,LMY,rNOtBdxh,nkqphCk,A
KCcIpdlQ,rNOtBdxh,vOmF,LMY,rNOtBdxh
KCcIpdlQ,rNOtBdxh,vOmF,LMY,rNOtBdxh
LMY
KCcIpdlQ,rNOtBdxh,vOmF,LMY,rNOtBdxh,LMY
vOmF
vOmF
vOmF
rNOtBdxh,LMY,vOmF,KCcIpdlQ,rNOtBdxh,LMY
A
A
A
KCcIpdlQ,LMY,rNOtBdxh,A,rNOtBdxh,A
A
KCcIpdlQ
KCcIpdlQ
KCcIpdlQ,rNOtBdxh,LMY,rNOtBdxh,vOmF,A
KCcIpdlQ
KCcIpdlQ,rNOtBdxh,LMY,rNOtBdxh,vOmF,A
rNOtBdxh
KCcIpdlQ,rNOtBdxh,LMY,rNOtBdxh,vOmF,A
KCcIpdlQ,rNOtBdxh,LMY,rNOtBdxh,vOmF,A
KCcIpdlQ,rNOtBdxh,LMY,rNOtBdxh,vOmF,A,LMY
LMY
LMY
KCcIpdlQ,rNOtBdxh,LMY,rNOtBdxh,vOmF,A
rNOtBdxh
rNOtBdxh
rNOtBdxh
rNOtBdxh
rNOtBdxh
rNOtBdxh
KCcIpdlQ,rNOtBdxh,LMY,rNOtBdxh,vOmF,A
KCcIpdlQ,rNOtBdxh,LMY,rNOtBdxh,vOmF,A
rNOtBdxh
rNOtBdxh
rNOtBdxh
A
A
vOmF
KCcIpdlQ,rNOtBdxh,LMY,rNOtBdxh,A,rNOtBdxh,vOmF
KCcIpdlQ,rNOtBdxh,LMY,rNOtBdxh,A,rNOtBdxh,vOmF
rNOtBdxh
rNOtBdxh
KCcIpdlQ,rNOtBdxh,LMY,rNOtBdxh,rNOtBdxh,vOmF,vOmF,A,siEpRDPu
KCcIpdlQ,rNOtBdxh,rNOtBdxh,rNOtBdxh,LMY,vOmF,vOmF,A,siEpRDPu,nkqphCk
KCcIpdlQ,rNOtBdxh,rNOtBdxh,rNOtBdxh,LMY,vOmF,A,siEpRDPu,nkqphCk
LMY
vOmF
KCcIpdlQ,rNOtBdxh,rNOtBdxh,rNOtBdxh,vOmF,A,siEpRDPu,nkqphCk,vOmF
rNOtBdxh,rNOtBdxh,rNOtBdxh,vOmF,A,siEpRDPu,nkqphCk,vOmF
vOmF
rNOtBdxh,rNOtBdxh,rNOtBdxh,vOmF,A,siEpRDPu,nkqphCk,vOmF
rNOtBdxh,rNOtBdxh,rNOtBdxh,vOmF,A,siEpRDPu,nkqphCk,vOmF
rNOtBdxh,rNOtBdxh,siEpRDPu,kXfKYQ,rNOtBdxh,nkqphCk,vOmF,A,vOmF
rNOtBdxh
vOmF
rNOtBdxh,rNOtBdxh,siEpRDPu,kXfKYQ,rNOtBdxh,nkqphCk,vOmF,A,vOmF,Ht,vOmF,LMY
rNOtBdxh,rNOtBdxh,siEpRDPu,kXfKYQ,rNOtBdxh,nkqphCk,vOmF,A,vOmF,Ht,vOmF,LMY
A
A
A
A
rNOtBdxh,rNOtBdxh,siEpRDPu,kXfKYQ,rNOtBdxh,nkqphCk,vOmF,A,vOmF,Ht,vOmF,LMY,rNOtBdxh
A
A
rNOtBdxh,rNOtBdxh,siEpRDPu,kXfKYQ,rNOtBdxh,nkqphCk,vOmF,A,vOmF,Ht,vOmF,LMY,rNOtBdxh,nkqphCk,LMY
rNOtBdxh,rNOtBdxh,siEpRDPu,kXfKYQ,rNOtBdxh,nkqphCk,vOmF,A,vOmF,Ht,vOmF,LMY,rNOtBdxh,nkqphCk,LMY,A,rNOtBdxh
rNOtBdxh,rNOtBdxh,siEpRDPu,kXfKYQ,rNOtBdxh,nkqphCk,vOmF,A,vOmF,Ht,vOmF,LMY,rNOtBdxh,nkqphCk,LMY,A,rNOtBdxh
Ht
Ht
rNOtBdxh,rNOtBdxh,siEpRDPu,kXfKYQ,rNOtBdxh,nkqphCk,A,vOmF,Ht,vOmF,LMY,rNOtBdxh,nkqphCk,LMY,A,rNOtBdxh,siEpRDPu
Ht
rNOtBdxh,rNOtBdxh,kXfKYQ,rNOtBdxh,A,vOmF,Ht,nkqphCk,vOmF,LMY,rNOtBdxh,nkqphCk,LMY,A,rNOtBdxh,siEpRDPu,vOmF
Ht
Ht
siEpRDPu
rNOtBdxh,rNOtBdxh,kXfKYQ,rNOtBdxh,nkqphCk,A,vOmF,Ht,siEpRDPu,vOmF,rNOtBdxh,nkqphCk,LMY,A,rNOtBdxh,siEpRDPu,Ht,vOmF,nkqphCk
rNOtBdxh,rNOtBdxh,rNOtBdxh,nkqphCk,A,Ht,siEpRDPu,vOmF,rNOtBdxh,nkqphCk,vOmF,LMY,A,rNOtBdxh,siEpRDPu,Ht,vOmF,nkqphCk
vOmF
rNOtBdxh,rNOtBdxh,rNOtBdxh,nkqphCk,A,Ht,siEpRDPu,vOmF,rNOtBdxh,nkqphCk,vOmF,LMY,A,rNOtBdxh,siEpRDPu,Ht,vOmF,nkqphCk,siEpRDPu
rNOtBdxh,rNOtBdxh,rNOtBdxh,nkqphCk,A,Ht,siEpRDPu,rNOtBdxh,nkqphCk,vOmF,LMY,A,rNOtBdxh,siEpRDPu,vOmF,Ht,vOmF,nkqphCk,siEpRDPu,kXfKYQ,rNOtBdxh
rNOtBdxh,rNOtBdxh,rNOtBdxh,nkqphCk,A,Ht,siEpRDPu,rNOtBdxh,nkqphCk,vOmF,LMY,A,rNOtBdxh,siEpRDPu,vOmF,Ht,vOmF,nkqphCk,siEpRDPu,kXfKYQ,rNOtBdxh
vOmF
vOmF
nkqphCk
rNOtBdxh,rNOtBdxh,rNOtBdxh,A,Ht,siEpRDPu,rNOtBdxh,nkqphCk,vOmF,A,rNOtBdxh,siEpRDPu,vOmF,nkqphCk,Ht,vOmF,nkqphCk,siEpRDPu,kXfKYQ,rNOtBdxh,Ht,Ht
rNOtBdxh,rNOtBdxh,rNOtBdxh,nkqphCk,A,Ht,siEpRDPu,rNOtBdxh,nkqphCk,vOmF,LMY,A,rNOtBdxh,siEpRDPu,vOmF,Ht,vOmF,nkqphCk,siEpRDPu
rNOtBdxh,rNOtBdxh,rNOtBdxh,nkqphCk,A,Ht,siEpRDPu,rNOtBdxh,nkqphCk,vOmF,LMY,A,rNOtBdxh,siEpRDPu,vOmF,Ht,vOmF,nkqphCk,siEpRDPu
rNOtBdxh,rNOtBdxh,rNOtBdxh,nkqphCk,A,Ht,siEpRDPu,rNOtBdxh,nkqphCk,vOmF,LMY,A,rNOtBdxh,siEpRDPu,vOmF,Ht,vOmF,nkqphCk,siEpRDPu
vOmF
siEpRDPu
siEpRDPu
siEpRDPu
siEpRDPu
rNOtBdxh,A,rNOtBdxh,nkqphCk,vOmF,LMY,A,rNOtBdxh,siEpRDPu,vOmF,siEpRDPu,rNOtBdxh,Ht,vOmF,nkqphCk,siEpRDPu,siEpRDPu
rNOtBdxh,A,rNOtBdxh,vOmF,LMY,A,rNOtBdxh,vOmF,siEpRDPu,rNOtBdxh,Ht,vOmF,nkqphCk,siEpRDPu,siEpRDPu
rNOtBdxh
rNOtBdxh,A,rNOtBdxh,vOmF,LMY,A,rNOtBdxh,vOmF,siEpRDPu,rNOtBdxh,Ht,vOmF,nkqphCk,siEpRDPu,siEpRDPu
A,rNOtBdxh,vOmF,LMY,A,rNOtBdxh,vOmF,siEpRDPu,rNOtBdxh,Ht,rNOtBdxh,vOmF,nkqphCk,siEpRDPu,siEpRDPu,Ht
A,rNOtBdxh,vOmF,LMY,A,rNOtBdxh,vOmF,siEpRDPu,rNOtBdxh,Ht,rNOtBdxh,vOmF,nkqphCk,siEpRDPu,siEpRDPu,Ht
A,rNOtBdxh,vOmF,LMY,A,rNOtBdxh,vOmF,siEpRDPu,rNOtBdxh,Ht,rNOtBdxh,vOmF,nkqphCk,siEpRDPu,siEpRDPu,Ht
rNOtBdxh
rNOtBdxh
A,rNOtBdxh,vOmF,LMY,A,rNOtBdxh,vOmF,siEpRDPu,rNOtBdxh,Ht,rNOtBdxh,vOmF,nkqphCk,siEpRDPu,siEpRDPu,Ht
A,rNOtBdxh,vOmF,A,rNOtBdxh,vOmF,siEpRDPu,rNOtBdxh,rNOtBdxh,Ht,vOmF,nkqphCk,siEpRDPu,siEpRDPu,Ht
Ht
Ht
Ht
Ht
rNOtBdxh,vOmF,A,rNOtBdxh,vOmF,siEpRDPu,rNOtBdxh,rNOtBdxh,Ht,vOmF,nkqphCk,siEpRDPu,siEpRDPu,Ht,KCcIpdlQ,Ht
Ht
A,rNOtBdxh,vOmF,A,rNOtBdxh,vOmF,siEpRDPu,rNOtBdxh,rNOtBdxh,Ht,nkqphCk,vOmF,siEpRDPu,siEpRDPu,Ht,KCcIpdlQ,Ht
nkqphCk
A,rNOtBdxh,vOmF,A,rNOtBdxh,vOmF,rNOtBdxh,rNOtBdxh,Ht,nkqphCk,vOmF,siEpRDPu,siEpRDPu,Ht,KCcIpdlQ,Ht,A
A,rNOtBdxh,vOmF,A,rNOtBdxh,vOmF,rNOtBdxh,rNOtBdxh,Ht,nkqphCk,vOmF,siEpRDPu,siEpRDPu,Ht,KCcIpdlQ,Ht,KCcIpdlQ,Ht
A,rNOtBdxh,vOmF,A,rNOtBdxh,vOmF,rNOtBdxh,rNOtBdxh,Ht,nkqphCk,vOmF,siEpRDPu,siEpRDPu,Ht,KCcIpdlQ,Ht,KCcIpdlQ,Ht
A,rNOtBdxh,vOmF,A,rNOtBdxh,vOmF,rNOtBdxh,rNOtBdxh,Ht,nkqphCk,vOmF,siEpRDPu,siEpRDPu,Ht,KCcIpdlQ,Ht,KCcIpdlQ,Ht
rNOtBdxh,vOmF,A,rNOtBdxh,vOmF,rNOtBdxh,rNOtBdxh,Ht,nkqphCk,vOmF,siEpRDPu,siEpRDPu,Ht,KCcIpdlQ,Ht,KCcIpdlQ,Ht
nkqphCk
A,rNOtBdxh,vOmF,A,rNOtBdxh,vOmF,rNOtBdxh,rNOtBdxh,Ht,nkqphCk,vOmF,siEpRDPu,siEpRDPu,Ht,KCcIpdlQ,Ht,KCcIpdlQ,Ht
A,rNOtBdxh,A,rNOtBdxh,vOmF,rNOtBdxh,rNOtBdxh,Ht,KCcIpdlQ,nkqphCk,vOmF,siEpRDPu,siEpRDPu,Ht,Ht,KCcIpdlQ,Ht
KCcIpdlQ
A,rNOtBdxh,vOmF,A,rNOtBdxh,vOmF,siEpRDPu,rNOtBdxh,rNOtBdxh,Ht,nkqphCk,vOmF,siEpRDPu,siEpRDPu,Ht,KCcIpdlQ,Ht
nkqphCk
A,rNOtBdxh,vOmF,A,rNOtBdxh,vOmF,siEpRDPu,rNOtBdxh,rNOtBdxh,nkqphCk,vOmF,siEpRDPu,siEpRDPu,Ht,Ht
nkqphCk
nkqphCk
vOmF
siEpRDPu
siEpRDPu
A,rNOtBdxh,vOmF,A,rNOtBdxh,vOmF,rNOtBdxh,rNOtBdxh,Ht,nkqphCk,siEpRDPu,vOmF,siEpRDPu,siEpRDPu,Ht,KCcIpdlQ,Ht
siEpRDPu
siEpRDPu
A,rNOtBdxh,vOmF,A,rNOtBdxh,vOmF,rNOtBdxh,rNOtBdxh,Ht,nkqphCk,siEpRDPu,vOmF,siEpRDPu,siEpRDPu,Ht,KCcIpdlQ,Ht
A,rNOtBdxh,vOmF,A,rNOtBdxh,vOmF,rNOtBdxh,rNOtBdxh,Ht,nkqphCk,siEpRDPu,vOmF,siEpRDPu,siEpRDPu,Ht,KCcIpdlQ,Ht
A,rNOtBdxh,vOmF,A,rNOtBdxh,vOmF,rNOtBdxh,rNOtBdxh,Ht,nkqphCk,siEpRDPu,vOmF,siEpRDPu,siEpRDPu,Ht,KCcIpdlQ,Ht
Jedi Wagner, assuma o comando!