IjFV
IjFV
IjFV
IjFV
IjFV
IjFV
Toque! Toque, Dijê!
IjFV
IjFV
IjFV,IjFV
IjFV
IjFV
IjFV
IjFV
IjFV
IjFV,IjFV
IjFV
IjFV
IjFV,IjFV,IjFV
IjFV
IjFV,IjFV,IjFV
IjFV,IjFV,IjFV,IjFV
IjFV,IjFV,IjFV,IjFV
IjFV,IjFV,IjFV,IjFV
IjFV,IjFV,IjFV,IjFV
IjFV
IjFV
IjFV
IjFV
IjFV,IjFV,IjFV,IjFV,IjFV
IjFV
IjFV
IjFV,IjFV,IjFV,IjFV
IjFV
IjFV
IjFV
IjFV
IjFV
IjFV
IjFV
IjFV,IjFV,IjFV,IjFV,IjFV,IjFV,IjFV,IjFV
IjFV
IjFV
IjFV
IjFV
IjFV,IjFV,IjFV,IjFV,IjFV,IjFV,IjFV,IjFV,IjFV
IjFV
IjFV,IjFV,IjFV,IjFV,IjFV,IjFV,IjFV,IjFV,IjFV,IjFV
IjFV,IjFV,IjFV,IjFV,IjFV,IjFV,IjFV,IjFV
IjFV,IjFV,IjFV,IjFV,IjFV,IjFV,IjFV,IjFV
IjFV
IjFV
IjFV
IjFV,IjFV,IjFV,IjFV,IjFV,IjFV,IjFV,IjFV
IjFV,IjFV,IjFV,IjFV,IjFV,IjFV,IjFV,IjFV
IjFV,IjFV,IjFV,IjFV,IjFV,IjFV,IjFV,IjFV
IjFV,IjFV,IjFV,IjFV,IjFV,IjFV,IjFV,IjFV
IjFV
IjFV,IjFV,IjFV,IjFV,IjFV,IjFV
IjFV,IjFV,IjFV,IjFV,IjFV,IjFV,IjFV,IjFV
IjFV
IjFV,IjFV,IjFV,IjFV,IjFV,IjFV,IjFV,IjFV,IjFV,IjFV
IjFV
IjFV
IjFV
IjFV
IjFV
IjFV
IjFV
IjFV,IjFV,IjFV,IjFV,IjFV,IjFV,IjFV
IjFV,IjFV,IjFV,IjFV,IjFV,IjFV,IjFV
IjFV
IjFV
IjFV,IjFV,IjFV,IjFV,IjFV,IjFV,IjFV,IjFV
IjFV
IjFV,IjFV,IjFV,IjFV,IjFV,IjFV,IjFV,IjFV
IjFV,IjFV,IjFV,IjFV,IjFV,IjFV,IjFV,IjFV,IjFV
IjFV,IjFV,IjFV,IjFV,IjFV,IjFV,IjFV,IjFV,IjFV
IjFV,IjFV,IjFV,IjFV,IjFV,IjFV,IjFV,IjFV,IjFV
IjFV
IjFV,IjFV,IjFV,IjFV,IjFV,IjFV,IjFV,IjFV
IjFV
IjFV,IjFV,IjFV,IjFV,IjFV,IjFV,IjFV,IjFV
IjFV,IjFV,IjFV,IjFV,IjFV,IjFV,IjFV,IjFV
IjFV,IjFV,IjFV,IjFV,IjFV,IjFV,IjFV,IjFV
IjFV
IjFV,IjFV,IjFV,IjFV,IjFV,IjFV,IjFV,IjFV,IjFV,IjFV,IjFV
IjFV,IjFV,IjFV,IjFV,IjFV,IjFV,IjFV,IjFV,IjFV,IjFV
IjFV
IjFV
IjFV,IjFV,IjFV,IjFV,IjFV,IjFV,IjFV,IjFV,IjFV
IjFV,IjFV,IjFV,IjFV,IjFV,IjFV,IjFV,IjFV,IjFV,IjFV
IjFV
IjFV,IjFV,IjFV,IjFV,IjFV,IjFV,IjFV,IjFV,IjFV,IjFV
IjFV,IjFV,IjFV,IjFV,IjFV,IjFV,IjFV,IjFV,IjFV,IjFV,IjFV
IjFV
IjFV
IjFV,IjFV,IjFV,IjFV,IjFV,IjFV,IjFV,IjFV,IjFV,IjFV
IjFV,IjFV,IjFV,IjFV,IjFV,IjFV,IjFV,IjFV,IjFV
IjFV,IjFV,IjFV,IjFV,IjFV,IjFV,IjFV,IjFV,IjFV,IjFV
IjFV,IjFV,IjFV,IjFV,IjFV,IjFV,IjFV,IjFV
IjFV,IjFV,IjFV,IjFV,IjFV,IjFV,IjFV,IjFV
IjFV,IjFV,IjFV,IjFV,IjFV,IjFV,IjFV,IjFV
IjFV
IjFV,IjFV,IjFV,IjFV,IjFV,IjFV,IjFV,IjFV,IjFV
IjFV
IjFV
IjFV,IjFV,IjFV,IjFV,IjFV,IjFV,IjFV,IjFV,IjFV
Jedi Wagner, assuma o comando!