[vazia]
Toque! Toque, Dijê!
[vazia]
Toque! Toque, Dijê!
[vazia]
LwMbuL
Toque! Toque, Dijê!
[vazia]
stSsc
[vazia]
Toque! Toque, Dijê!
LwMbuL
[vazia]
stSsc,LwMbuL
stSsc
stSsc
stSsc
stSsc
[vazia]
[vazia]
Toque! Toque, Dijê!
stSsc
stSsc,stSsc
stSsc,stSsc
stSsc
stSsc
stSsc
stSsc,stSsc,LwMbuL
stSsc
stSsc
stSsc
stSsc
LwMbuL
LwMbuL
LwMbuL
LwMbuL,LwMbuL,stSsc
LwMbuL,LwMbuL,stSsc
LwMbuL,stSsc
stSsc,LwMbuL,LwMbuL
stSsc
LwMbuL
LwMbuL
LwMbuL,LwMbuL,stSsc
stSsc
LwMbuL
stSsc,LwMbuL,stSsc,stSsc
LwMbuL
LwMbuL,stSsc,stSsc,stSsc
LwMbuL,stSsc,stSsc,stSsc
LwMbuL,stSsc,stSsc,stSsc
stSsc,stSsc,stSsc,LwMbuL
stSsc,stSsc,stSsc,LwMbuL
stSsc
Jedi Wagner, assuma o comando!