Toque! Toque, Dijê!
Toque! Toque, Dijê!
[vazia]
Toque! Toque, Dijê!
Toque! Toque, Dijê!
[vazia]
Toque! Toque, Dijê!
S
[vazia]
[vazia]
S
S
S
S
[vazia]
[vazia]
Toque! Toque, Dijê!
Toque! Toque, Dijê!
[vazia]
S
S
[vazia]
[vazia]
[vazia]
[vazia]
S
S
S
Toque! Toque, Dijê!
[vazia]
Toque! Toque, Dijê!
Toque! Toque, Dijê!
[vazia]
S
Toque! Toque, Dijê!
Toque! Toque, Dijê!
S
S
S
S
S
S
S
S
S
S
S
S
S
S
S
[vazia]
[vazia]
[vazia]
[vazia]
[vazia]
S
S
S
S,S,S
S
S
S
S
Toque! Toque, Dijê!
Toque! Toque, Dijê!
Toque! Toque, Dijê!
S
S
S
S,S
S,S
S,S
S,S
S
S
S
S
S
S,S
S
S
S
S
S,S
S
S,S,S
S
S
S
S,S,S,S
S
S,S,S,S
S
S,S,S,S
S
S,S,S,S
S
S
S,S,S,S
S,S,S,S
S
S
S,S,S
S,S,S
S
S
S,S,S
S
S,S,S
S,S
S
S
S,S,S,S,S
S,S,S,S,S
S
S,S,S,S
S,S,S,S
S,S,S,S
S
S
S,S,S,S,S
S,S,S,S,S
S
S,S,S,S,S
S
S,S,S,S,S
S,S,S,S
S,S,S,S,S
S
S
S,S,S,S,S,S,S
S
S
S
S,S,S,S,S,S,S
S,S,S,S,S,S,S
S,S,S,S,S,S,S,S
S,S,S,S,S,S,S
S,S,S,S,S,S,S
S
S
S,S,S,S,S,S,S
S
S,S,S,S,S,S,S,S
S
S
S
S,S,S,S,S,S,S
S,S,S,S,S,S
S,S,S,S,S,S,S
S
S
S
S,S,S,S,S,S,S,S,S,S,S
S
S
S
S
S,S,S,S,S,S,S,S
S
S,S,S,S,S,S,S
S,S,S,S,S,S,S
S
S,S,S,S,S,S,S,S
S,S,S,S,S,S,S,S
S,S,S,S,S,S,S,S
S
S,S,S,S,S,S,S,S,S
S
S
S,S,S,S,S,S,S,S
S,S,S,S,S,S,S,S
S,S,S,S,S,S,S,S
S
S,S,S,S,S,S
S,S,S,S,S,S
S,S,S,S,S,S
S
S,S,S,S,S
S,S,S,S,S
S
S,S,S,S,S
S
S,S,S,S,S
S,S,S
S
S
S,S,S
S,S,S
S,S,S,S
S
S,S,S,S
S,S,S,S
S
Jedi Wagner, assuma o comando!