Toque! Toque, Dijê!
[vazia]
Toque! Toque, Dijê!
[vazia]
[vazia]
[vazia]
[vazia]
JzkGoYdVMk
JzkGoYdVMk
JzkGoYdVMk
JzkGoYdVMk
JzkGoYdVMk
JzkGoYdVMk
czPmr
JzkGoYdVMk,czPmr
JzkGoYdVMk,czPmr,ET
JzkGoYdVMk
JzkGoYdVMk
JzkGoYdVMk,czPmr,czPmr
JzkGoYdVMk,czPmr,czPmr,SGtlQILq,buSZtmE
JzkGoYdVMk,czPmr,czPmr,SGtlQILq,buSZtmE,SGtlQILq,SGtlQILq
JzkGoYdVMk
JzkGoYdVMk,czPmr,czPmr,SGtlQILq,buSZtmE,SGtlQILq,SGtlQILq
JzkGoYdVMk,czPmr,czPmr,SGtlQILq,buSZtmE,SGtlQILq,SGtlQILq,buSZtmE,czPmr
SGtlQILq
buSZtmE
JzkGoYdVMk,czPmr,buSZtmE,SGtlQILq,czPmr,SGtlQILq,SGtlQILq,buSZtmE,pOKAVHYdZi,JzkGoYdVMk
SGtlQILq
czPmr
czPmr
czPmr
czPmr
JzkGoYdVMk,czPmr,buSZtmE,czPmr,pOKAVHYdZi,SGtlQILq,SGtlQILq,SGtlQILq,buSZtmE,JzkGoYdVMk
pOKAVHYdZi
buSZtmE
JzkGoYdVMk,buSZtmE,czPmr,pOKAVHYdZi,SGtlQILq,SGtlQILq,buSZtmE,JzkGoYdVMk
JzkGoYdVMk,buSZtmE,SGtlQILq,SGtlQILq,buSZtmE,pOKAVHYdZi,JzkGoYdVMk,SGtlQILq,pOKAVHYdZi
pOKAVHYdZi
JzkGoYdVMk,buSZtmE,SGtlQILq,buSZtmE,pOKAVHYdZi,JzkGoYdVMk,SGtlQILq,pOKAVHYdZi
JzkGoYdVMk
JzkGoYdVMk
SGtlQILq,buSZtmE,pOKAVHYdZi,JzkGoYdVMk,buSZtmE,JzkGoYdVMk,SGtlQILq,pOKAVHYdZi,pOKAVHYdZi,JzkGoYdVMk
buSZtmE
buSZtmE
JzkGoYdVMk
SGtlQILq
buSZtmE,buSZtmE,SGtlQILq,pOKAVHYdZi,pOKAVHYdZi,JzkGoYdVMk,pOKAVHYdZi,pOKAVHYdZi,JzkGoYdVMk
buSZtmE,buSZtmE,pOKAVHYdZi,SGtlQILq,pOKAVHYdZi,JzkGoYdVMk,pOKAVHYdZi,pOKAVHYdZi,JzkGoYdVMk,JzkGoYdVMk,czPmr
buSZtmE,buSZtmE,pOKAVHYdZi,SGtlQILq,pOKAVHYdZi,JzkGoYdVMk,pOKAVHYdZi,pOKAVHYdZi,JzkGoYdVMk,JzkGoYdVMk,czPmr,czPmr
buSZtmE,buSZtmE,pOKAVHYdZi,SGtlQILq,pOKAVHYdZi,JzkGoYdVMk,pOKAVHYdZi,pOKAVHYdZi,JzkGoYdVMk,JzkGoYdVMk,czPmr,czPmr,buSZtmE,JzkGoYdVMk
SGtlQILq
SGtlQILq
buSZtmE,buSZtmE,SGtlQILq,pOKAVHYdZi,pOKAVHYdZi,JzkGoYdVMk,pOKAVHYdZi,pOKAVHYdZi,JzkGoYdVMk,JzkGoYdVMk,czPmr,czPmr,buSZtmE,JzkGoYdVMk,SGtlQILq,JzkGoYdVMk
buSZtmE,buSZtmE,SGtlQILq,pOKAVHYdZi,pOKAVHYdZi,JzkGoYdVMk,pOKAVHYdZi,pOKAVHYdZi,JzkGoYdVMk,JzkGoYdVMk,czPmr,czPmr,buSZtmE,JzkGoYdVMk,SGtlQILq,JzkGoYdVMk,buSZtmE
SGtlQILq
SGtlQILq
buSZtmE,buSZtmE,SGtlQILq,pOKAVHYdZi,pOKAVHYdZi,JzkGoYdVMk,pOKAVHYdZi,pOKAVHYdZi,JzkGoYdVMk,JzkGoYdVMk,czPmr,czPmr,buSZtmE,JzkGoYdVMk,SGtlQILq,JzkGoYdVMk,buSZtmE
SGtlQILq
buSZtmE,buSZtmE,SGtlQILq,pOKAVHYdZi,pOKAVHYdZi,JzkGoYdVMk,pOKAVHYdZi,pOKAVHYdZi,JzkGoYdVMk,JzkGoYdVMk,czPmr,czPmr,buSZtmE,JzkGoYdVMk,SGtlQILq,JzkGoYdVMk,buSZtmE
SGtlQILq
SGtlQILq
SGtlQILq
buSZtmE,pOKAVHYdZi,SGtlQILq,buSZtmE,pOKAVHYdZi,JzkGoYdVMk,pOKAVHYdZi,pOKAVHYdZi,JzkGoYdVMk,JzkGoYdVMk
SGtlQILq
buSZtmE,buSZtmE,pOKAVHYdZi,SGtlQILq,pOKAVHYdZi,JzkGoYdVMk,pOKAVHYdZi,pOKAVHYdZi,JzkGoYdVMk,JzkGoYdVMk
buSZtmE,buSZtmE,pOKAVHYdZi,SGtlQILq,pOKAVHYdZi,JzkGoYdVMk,pOKAVHYdZi,pOKAVHYdZi,JzkGoYdVMk,JzkGoYdVMk
SGtlQILq
buSZtmE,buSZtmE,pOKAVHYdZi,JzkGoYdVMk,SGtlQILq,pOKAVHYdZi,pOKAVHYdZi,pOKAVHYdZi,JzkGoYdVMk,JzkGoYdVMk,JzkGoYdVMk
JzkGoYdVMk
buSZtmE,buSZtmE,pOKAVHYdZi,JzkGoYdVMk,SGtlQILq,pOKAVHYdZi,pOKAVHYdZi,pOKAVHYdZi,JzkGoYdVMk,JzkGoYdVMk,JzkGoYdVMk
buSZtmE,buSZtmE,pOKAVHYdZi,JzkGoYdVMk,SGtlQILq,pOKAVHYdZi,pOKAVHYdZi,pOKAVHYdZi,JzkGoYdVMk,JzkGoYdVMk
JzkGoYdVMk
buSZtmE,buSZtmE,JzkGoYdVMk,pOKAVHYdZi,SGtlQILq,pOKAVHYdZi,pOKAVHYdZi,pOKAVHYdZi,JzkGoYdVMk,JzkGoYdVMk
pOKAVHYdZi
buSZtmE,buSZtmE,pOKAVHYdZi,pOKAVHYdZi,JzkGoYdVMk,pOKAVHYdZi,JzkGoYdVMk,JzkGoYdVMk,ET,JzkGoYdVMk
pOKAVHYdZi
buSZtmE,buSZtmE,pOKAVHYdZi,pOKAVHYdZi,JzkGoYdVMk,pOKAVHYdZi,JzkGoYdVMk,JzkGoYdVMk,ET,JzkGoYdVMk
buSZtmE,buSZtmE,pOKAVHYdZi,pOKAVHYdZi,JzkGoYdVMk,pOKAVHYdZi,JzkGoYdVMk,JzkGoYdVMk,ET,JzkGoYdVMk
pOKAVHYdZi
pOKAVHYdZi
buSZtmE,pOKAVHYdZi,pOKAVHYdZi,JzkGoYdVMk,pOKAVHYdZi,JzkGoYdVMk,JzkGoYdVMk,ET,JzkGoYdVMk,JzkGoYdVMk
buSZtmE,pOKAVHYdZi,JzkGoYdVMk,pOKAVHYdZi,JzkGoYdVMk,JzkGoYdVMk,ET,JzkGoYdVMk,JzkGoYdVMk,czPmr
buSZtmE,pOKAVHYdZi,pOKAVHYdZi,pOKAVHYdZi,JzkGoYdVMk,JzkGoYdVMk,ET,JzkGoYdVMk,JzkGoYdVMk,czPmr
pOKAVHYdZi
buSZtmE,pOKAVHYdZi,pOKAVHYdZi,pOKAVHYdZi,JzkGoYdVMk,JzkGoYdVMk,ET,JzkGoYdVMk,JzkGoYdVMk,czPmr,SGtlQILq
pOKAVHYdZi
pOKAVHYdZi
buSZtmE,pOKAVHYdZi,pOKAVHYdZi,pOKAVHYdZi,JzkGoYdVMk,ET,JzkGoYdVMk,JzkGoYdVMk,czPmr,SGtlQILq,pOKAVHYdZi,pOKAVHYdZi
pOKAVHYdZi
pOKAVHYdZi
buSZtmE,pOKAVHYdZi,pOKAVHYdZi,JzkGoYdVMk,pOKAVHYdZi,JzkGoYdVMk,JzkGoYdVMk,ET,JzkGoYdVMk,JzkGoYdVMk
JzkGoYdVMk
buSZtmE,pOKAVHYdZi,pOKAVHYdZi,JzkGoYdVMk,pOKAVHYdZi,JzkGoYdVMk,JzkGoYdVMk,ET,JzkGoYdVMk,JzkGoYdVMk
JzkGoYdVMk
buSZtmE,pOKAVHYdZi,pOKAVHYdZi,JzkGoYdVMk,pOKAVHYdZi,JzkGoYdVMk,JzkGoYdVMk,ET,JzkGoYdVMk,JzkGoYdVMk
JzkGoYdVMk
ET
buSZtmE,pOKAVHYdZi,JzkGoYdVMk,pOKAVHYdZi,ET,pOKAVHYdZi,JzkGoYdVMk,JzkGoYdVMk,JzkGoYdVMk,JzkGoYdVMk
ET
buSZtmE,pOKAVHYdZi,JzkGoYdVMk,pOKAVHYdZi,ET,pOKAVHYdZi,JzkGoYdVMk,JzkGoYdVMk,JzkGoYdVMk,JzkGoYdVMk
ET
ET
ET
pOKAVHYdZi
pOKAVHYdZi
pOKAVHYdZi,JzkGoYdVMk,pOKAVHYdZi,ET,pOKAVHYdZi,buSZtmE,JzkGoYdVMk,JzkGoYdVMk,JzkGoYdVMk,JzkGoYdVMk,czPmr
pOKAVHYdZi,pOKAVHYdZi,ET,pOKAVHYdZi,JzkGoYdVMk,buSZtmE,JzkGoYdVMk,JzkGoYdVMk,JzkGoYdVMk,JzkGoYdVMk,czPmr
JzkGoYdVMk
pOKAVHYdZi,pOKAVHYdZi,ET,pOKAVHYdZi,JzkGoYdVMk,buSZtmE,JzkGoYdVMk,JzkGoYdVMk,JzkGoYdVMk,JzkGoYdVMk,czPmr
pOKAVHYdZi,pOKAVHYdZi,ET,pOKAVHYdZi,JzkGoYdVMk,buSZtmE,JzkGoYdVMk,JzkGoYdVMk,JzkGoYdVMk,JzkGoYdVMk,czPmr
pOKAVHYdZi
pOKAVHYdZi
pOKAVHYdZi
pOKAVHYdZi
pOKAVHYdZi
pOKAVHYdZi
pOKAVHYdZi,buSZtmE,pOKAVHYdZi,pOKAVHYdZi,JzkGoYdVMk,JzkGoYdVMk,JzkGoYdVMk,JzkGoYdVMk,JzkGoYdVMk,JzkGoYdVMk
pOKAVHYdZi,buSZtmE,pOKAVHYdZi,pOKAVHYdZi,JzkGoYdVMk,JzkGoYdVMk,JzkGoYdVMk,JzkGoYdVMk,JzkGoYdVMk,JzkGoYdVMk
pOKAVHYdZi,buSZtmE,pOKAVHYdZi,pOKAVHYdZi,JzkGoYdVMk,JzkGoYdVMk,JzkGoYdVMk,JzkGoYdVMk,JzkGoYdVMk,JzkGoYdVMk
pOKAVHYdZi,buSZtmE,pOKAVHYdZi,pOKAVHYdZi,JzkGoYdVMk,JzkGoYdVMk,JzkGoYdVMk,JzkGoYdVMk,JzkGoYdVMk,JzkGoYdVMk
pOKAVHYdZi,JzkGoYdVMk,pOKAVHYdZi,ET,buSZtmE,pOKAVHYdZi,JzkGoYdVMk,JzkGoYdVMk,JzkGoYdVMk,JzkGoYdVMk
pOKAVHYdZi,JzkGoYdVMk,pOKAVHYdZi,ET,buSZtmE,pOKAVHYdZi,JzkGoYdVMk,JzkGoYdVMk,JzkGoYdVMk,JzkGoYdVMk
pOKAVHYdZi,JzkGoYdVMk,pOKAVHYdZi,ET,buSZtmE,pOKAVHYdZi,JzkGoYdVMk,JzkGoYdVMk,JzkGoYdVMk,JzkGoYdVMk
JzkGoYdVMk
pOKAVHYdZi,pOKAVHYdZi,ET,buSZtmE,pOKAVHYdZi,JzkGoYdVMk,JzkGoYdVMk,JzkGoYdVMk,JzkGoYdVMk,JzkGoYdVMk
pOKAVHYdZi,pOKAVHYdZi,ET,buSZtmE,pOKAVHYdZi,JzkGoYdVMk,JzkGoYdVMk,JzkGoYdVMk,JzkGoYdVMk,JzkGoYdVMk
pOKAVHYdZi,pOKAVHYdZi,ET,pOKAVHYdZi,JzkGoYdVMk,buSZtmE,JzkGoYdVMk,JzkGoYdVMk,JzkGoYdVMk,JzkGoYdVMk
buSZtmE
buSZtmE
pOKAVHYdZi,ET,pOKAVHYdZi,buSZtmE,JzkGoYdVMk,JzkGoYdVMk,JzkGoYdVMk,pOKAVHYdZi,JzkGoYdVMk,ET
pOKAVHYdZi
pOKAVHYdZi,JzkGoYdVMk,pOKAVHYdZi,ET,buSZtmE,pOKAVHYdZi,JzkGoYdVMk,JzkGoYdVMk,JzkGoYdVMk,JzkGoYdVMk
pOKAVHYdZi
pOKAVHYdZi
pOKAVHYdZi
pOKAVHYdZi,JzkGoYdVMk,pOKAVHYdZi,ET,buSZtmE,pOKAVHYdZi,JzkGoYdVMk,JzkGoYdVMk,JzkGoYdVMk,JzkGoYdVMk,pOKAVHYdZi,pOKAVHYdZi
buSZtmE
pOKAVHYdZi
JzkGoYdVMk,buSZtmE,pOKAVHYdZi,pOKAVHYdZi,ET,JzkGoYdVMk,JzkGoYdVMk,JzkGoYdVMk,JzkGoYdVMk
JzkGoYdVMk,buSZtmE,pOKAVHYdZi,pOKAVHYdZi,JzkGoYdVMk,JzkGoYdVMk,JzkGoYdVMk,JzkGoYdVMk
JzkGoYdVMk
JzkGoYdVMk,pOKAVHYdZi,pOKAVHYdZi,JzkGoYdVMk,JzkGoYdVMk,JzkGoYdVMk,JzkGoYdVMk,ET
JzkGoYdVMk
JzkGoYdVMk
JzkGoYdVMk,pOKAVHYdZi,pOKAVHYdZi,JzkGoYdVMk,JzkGoYdVMk,JzkGoYdVMk,JzkGoYdVMk
pOKAVHYdZi
pOKAVHYdZi,JzkGoYdVMk,pOKAVHYdZi,ET,buSZtmE,pOKAVHYdZi,JzkGoYdVMk,JzkGoYdVMk,JzkGoYdVMk,JzkGoYdVMk
pOKAVHYdZi,JzkGoYdVMk,pOKAVHYdZi,ET,buSZtmE,pOKAVHYdZi,JzkGoYdVMk,JzkGoYdVMk,JzkGoYdVMk,JzkGoYdVMk
pOKAVHYdZi,pOKAVHYdZi,ET,pOKAVHYdZi,JzkGoYdVMk,JzkGoYdVMk,JzkGoYdVMk,JzkGoYdVMk,JzkGoYdVMk
JzkGoYdVMk
JzkGoYdVMk
pOKAVHYdZi,pOKAVHYdZi,pOKAVHYdZi,JzkGoYdVMk,ET,JzkGoYdVMk,JzkGoYdVMk,JzkGoYdVMk,JzkGoYdVMk
pOKAVHYdZi,pOKAVHYdZi,pOKAVHYdZi,JzkGoYdVMk,ET,JzkGoYdVMk,JzkGoYdVMk,JzkGoYdVMk,JzkGoYdVMk,ET
pOKAVHYdZi,pOKAVHYdZi,pOKAVHYdZi,JzkGoYdVMk,ET,JzkGoYdVMk,JzkGoYdVMk,JzkGoYdVMk,JzkGoYdVMk,ET,SGtlQILq
pOKAVHYdZi,pOKAVHYdZi,pOKAVHYdZi,JzkGoYdVMk,ET,JzkGoYdVMk,JzkGoYdVMk,JzkGoYdVMk,JzkGoYdVMk,ET,SGtlQILq,pOKAVHYdZi
pOKAVHYdZi,pOKAVHYdZi,pOKAVHYdZi,JzkGoYdVMk,ET,JzkGoYdVMk,JzkGoYdVMk,SGtlQILq,JzkGoYdVMk,JzkGoYdVMk,ET,pOKAVHYdZi
JzkGoYdVMk
pOKAVHYdZi,pOKAVHYdZi,pOKAVHYdZi,JzkGoYdVMk,JzkGoYdVMk,JzkGoYdVMk,SGtlQILq,JzkGoYdVMk,JzkGoYdVMk,ET,pOKAVHYdZi
pOKAVHYdZi,pOKAVHYdZi,pOKAVHYdZi,JzkGoYdVMk,JzkGoYdVMk,JzkGoYdVMk,SGtlQILq,JzkGoYdVMk,JzkGoYdVMk,ET,pOKAVHYdZi
pOKAVHYdZi,pOKAVHYdZi,pOKAVHYdZi,JzkGoYdVMk,JzkGoYdVMk,JzkGoYdVMk,SGtlQILq,JzkGoYdVMk,JzkGoYdVMk,ET,pOKAVHYdZi
JzkGoYdVMk
pOKAVHYdZi,pOKAVHYdZi,pOKAVHYdZi,JzkGoYdVMk,JzkGoYdVMk,JzkGoYdVMk,SGtlQILq,JzkGoYdVMk,JzkGoYdVMk,ET,pOKAVHYdZi
pOKAVHYdZi,pOKAVHYdZi,pOKAVHYdZi,JzkGoYdVMk,ET,JzkGoYdVMk,JzkGoYdVMk,JzkGoYdVMk,JzkGoYdVMk,ET,SGtlQILq,pOKAVHYdZi,ET
pOKAVHYdZi,pOKAVHYdZi,pOKAVHYdZi,JzkGoYdVMk,ET,JzkGoYdVMk,JzkGoYdVMk,JzkGoYdVMk,JzkGoYdVMk,ET,SGtlQILq,pOKAVHYdZi,ET
JzkGoYdVMk
pOKAVHYdZi,JzkGoYdVMk,ET,JzkGoYdVMk,JzkGoYdVMk,JzkGoYdVMk,pOKAVHYdZi,JzkGoYdVMk,ET,SGtlQILq,pOKAVHYdZi,ET,buSZtmE,pOKAVHYdZi,czPmr
ET
JzkGoYdVMk
pOKAVHYdZi,JzkGoYdVMk,JzkGoYdVMk,JzkGoYdVMk,czPmr,ET,JzkGoYdVMk,pOKAVHYdZi,JzkGoYdVMk,ET,pOKAVHYdZi,ET,buSZtmE,pOKAVHYdZi,ET,ET,pOKAVHYdZi
pOKAVHYdZi
JzkGoYdVMk
JzkGoYdVMk
JzkGoYdVMk
JzkGoYdVMk
pOKAVHYdZi
pOKAVHYdZi,JzkGoYdVMk,JzkGoYdVMk,JzkGoYdVMk,czPmr,JzkGoYdVMk,pOKAVHYdZi,JzkGoYdVMk,ET,buSZtmE,pOKAVHYdZi,ET,pOKAVHYdZi,ET,ET,pOKAVHYdZi,SGtlQILq
pOKAVHYdZi,JzkGoYdVMk,JzkGoYdVMk,JzkGoYdVMk,czPmr,JzkGoYdVMk,pOKAVHYdZi,JzkGoYdVMk,ET,buSZtmE,pOKAVHYdZi,ET,pOKAVHYdZi,ET,ET,pOKAVHYdZi,SGtlQILq
pOKAVHYdZi,JzkGoYdVMk,JzkGoYdVMk,JzkGoYdVMk,czPmr,JzkGoYdVMk,pOKAVHYdZi,JzkGoYdVMk,ET,buSZtmE,pOKAVHYdZi,ET,pOKAVHYdZi,ET,ET,pOKAVHYdZi,SGtlQILq
pOKAVHYdZi,JzkGoYdVMk,JzkGoYdVMk,JzkGoYdVMk,czPmr,JzkGoYdVMk,pOKAVHYdZi,JzkGoYdVMk,ET,buSZtmE,pOKAVHYdZi,ET,pOKAVHYdZi,ET,ET,pOKAVHYdZi,SGtlQILq,buSZtmE,SGtlQILq,czPmr
ET
pOKAVHYdZi,JzkGoYdVMk,JzkGoYdVMk,JzkGoYdVMk,JzkGoYdVMk,pOKAVHYdZi,JzkGoYdVMk,ET,buSZtmE,pOKAVHYdZi,SGtlQILq,ET,pOKAVHYdZi,ET,ET,pOKAVHYdZi,buSZtmE,SGtlQILq
pOKAVHYdZi,JzkGoYdVMk,JzkGoYdVMk,JzkGoYdVMk,JzkGoYdVMk,pOKAVHYdZi,JzkGoYdVMk,ET,buSZtmE,pOKAVHYdZi,SGtlQILq,ET,pOKAVHYdZi,ET,ET,pOKAVHYdZi,buSZtmE,SGtlQILq
SGtlQILq
ET
JzkGoYdVMk,JzkGoYdVMk,JzkGoYdVMk,JzkGoYdVMk,pOKAVHYdZi,JzkGoYdVMk,ET,buSZtmE,pOKAVHYdZi,SGtlQILq,ET,pOKAVHYdZi,ET,ET,pOKAVHYdZi,buSZtmE,SGtlQILq,SGtlQILq
ET
JzkGoYdVMk,JzkGoYdVMk,JzkGoYdVMk,JzkGoYdVMk,pOKAVHYdZi,JzkGoYdVMk,ET,buSZtmE,pOKAVHYdZi,SGtlQILq,ET,pOKAVHYdZi,ET,ET,pOKAVHYdZi,buSZtmE,SGtlQILq,SGtlQILq
pOKAVHYdZi
JzkGoYdVMk,JzkGoYdVMk,JzkGoYdVMk,JzkGoYdVMk,pOKAVHYdZi,JzkGoYdVMk,ET,buSZtmE,pOKAVHYdZi,SGtlQILq,ET,pOKAVHYdZi,ET,ET,pOKAVHYdZi,buSZtmE,SGtlQILq,SGtlQILq
pOKAVHYdZi
SGtlQILq
SGtlQILq
JzkGoYdVMk,JzkGoYdVMk,JzkGoYdVMk,JzkGoYdVMk,pOKAVHYdZi,JzkGoYdVMk,ET,buSZtmE,pOKAVHYdZi,ET,pOKAVHYdZi,ET,ET,pOKAVHYdZi,buSZtmE,SGtlQILq
ET
JzkGoYdVMk,JzkGoYdVMk,JzkGoYdVMk,JzkGoYdVMk,pOKAVHYdZi,JzkGoYdVMk,ET,buSZtmE,pOKAVHYdZi,ET,pOKAVHYdZi,ET,ET,pOKAVHYdZi,buSZtmE,JzkGoYdVMk,SGtlQILq
pOKAVHYdZi
pOKAVHYdZi
JzkGoYdVMk,JzkGoYdVMk,JzkGoYdVMk,JzkGoYdVMk,pOKAVHYdZi,JzkGoYdVMk,ET,buSZtmE,pOKAVHYdZi,ET,pOKAVHYdZi,ET,ET,pOKAVHYdZi,buSZtmE,SGtlQILq,JzkGoYdVMk
JzkGoYdVMk,JzkGoYdVMk,JzkGoYdVMk,JzkGoYdVMk,pOKAVHYdZi,JzkGoYdVMk,ET,buSZtmE,pOKAVHYdZi,ET,pOKAVHYdZi,ET,ET,pOKAVHYdZi,buSZtmE,SGtlQILq,JzkGoYdVMk
JzkGoYdVMk,JzkGoYdVMk,JzkGoYdVMk,JzkGoYdVMk,pOKAVHYdZi,JzkGoYdVMk,ET,buSZtmE,pOKAVHYdZi,ET,pOKAVHYdZi,ET,ET,pOKAVHYdZi,buSZtmE,JzkGoYdVMk
JzkGoYdVMk,JzkGoYdVMk,JzkGoYdVMk,JzkGoYdVMk,pOKAVHYdZi,JzkGoYdVMk,ET,buSZtmE,pOKAVHYdZi,ET,pOKAVHYdZi,ET,ET,pOKAVHYdZi,buSZtmE,SGtlQILq,JzkGoYdVMk,buSZtmE
buSZtmE
buSZtmE
buSZtmE
ET
JzkGoYdVMk,JzkGoYdVMk,JzkGoYdVMk,JzkGoYdVMk,JzkGoYdVMk,pOKAVHYdZi,ET,pOKAVHYdZi,ET,ET,pOKAVHYdZi,buSZtmE,SGtlQILq,ET,buSZtmE,pOKAVHYdZi,JzkGoYdVMk,buSZtmE,ET
pOKAVHYdZi
JzkGoYdVMk,JzkGoYdVMk,JzkGoYdVMk,JzkGoYdVMk,JzkGoYdVMk,pOKAVHYdZi,pOKAVHYdZi,ET,ET,pOKAVHYdZi,buSZtmE,SGtlQILq,ET,buSZtmE,pOKAVHYdZi,JzkGoYdVMk,buSZtmE,ET,buSZtmE
Jedi Wagner, assuma o comando!