Toque! Toque, Dijê!
[vazia]
Toque! Toque, Dijê!
[vazia]
CPPrki
Toque! Toque, Dijê!
Toque! Toque, Dijê!
[vazia]
CPPrki
CPPrki,CPPrki
CPPrki,CPPrki
CPPrki
CPPrki
Toque! Toque, Dijê!
[vazia]
Toque! Toque, Dijê!
Toque! Toque, Dijê!
[vazia]
[vazia]
eQtTA,oJcITmwApc,OsoZC
fY
fY
fY,Ccf,oJcITmwApc,eQtTA
fY
fY
fY
fY
fY,Ccf,oJcITmwApc,eQtTA
[vazia]
[vazia]
[vazia]
Toque! Toque, Dijê!
Toque! Toque, Dijê!
Toque! Toque, Dijê!
Toque! Toque, Dijê!
Toque! Toque, Dijê!
Ccf
Ccf,IGqKatdQw
fY,OsoZC
fY,OsoZC
fY,OsoZC
Toque! Toque, Dijê!
[vazia]
[vazia]
[vazia]
Toque! Toque, Dijê!
OsoZC
OsoZC
Toque! Toque, Dijê!
[vazia]
CPPrki,IGqKatdQw,CPPrki
CPPrki,IGqKatdQw,CPPrki,CPPrki,IGqKatdQw
IGqKatdQw
CPPrki,IGqKatdQw,CPPrki,CPPrki,IGqKatdQw,Ccf
CPPrki,IGqKatdQw,CPPrki,CPPrki,IGqKatdQw,fY
CPPrki,IGqKatdQw,CPPrki,vEidlUcVo
CPPrki,IGqKatdQw,CPPrki,vEidlUcVo
CPPrki,IGqKatdQw,CPPrki
CPPrki
CPPrki
CPPrki
CPPrki,CPPrki,CPPrki,eQtTA,Ccf
CPPrki
CPPrki,CPPrki,Ccf,IWbzJ
CPPrki
CPPrki
CPPrki,CPPrki,Ccf,IWbzJ,OsoZC,Ccf
CPPrki,CPPrki,Ccf,IWbzJ,OsoZC,Ccf
Ccf
CPPrki,CPPrki,Ccf,IWbzJ,OsoZC,Ccf,eQtTA
CPPrki,CPPrki,Ccf,IWbzJ,OsoZC,Ccf
CPPrki,CPPrki,Ccf,IWbzJ,OsoZC,Ccf
CPPrki,CPPrki,Ccf,IWbzJ,OsoZC,Ccf
Ccf
Ccf
CPPrki,CPPrki,Ccf,IWbzJ,OsoZC,Ccf,oJcITmwApc,fY
CPPrki,CPPrki,Ccf,IWbzJ,OsoZC,Ccf,oJcITmwApc,fY
CPPrki,CPPrki,Ccf,IWbzJ,Ccf,oJcITmwApc
CPPrki,CPPrki,Ccf,IWbzJ,OsoZC,Ccf
Ccf
CPPrki,CPPrki,Ccf,IWbzJ,OsoZC,Ccf,vEidlUcVo
CPPrki,CPPrki,Ccf,IWbzJ,OsoZC,Ccf,vEidlUcVo
Ccf
CPPrki,CPPrki,Ccf,IWbzJ,OsoZC,Ccf,vEidlUcVo,OsoZC
CPPrki,CPPrki,Ccf,IWbzJ,OsoZC,Ccf,Ccf
CPPrki,CPPrki,Ccf,IWbzJ,OsoZC,Ccf
Ccf
CPPrki,CPPrki,Ccf,IWbzJ,OsoZC,Ccf,vEidlUcVo
Ccf
CPPrki,CPPrki,IWbzJ,Ccf,OsoZC,Ccf,oJcITmwApc
CPPrki,CPPrki,IWbzJ,Ccf,OsoZC,Ccf,oJcITmwApc,CPPrki
CPPrki,CPPrki,IWbzJ,Ccf,OsoZC,Ccf,oJcITmwApc,CPPrki
CPPrki,CPPrki,IWbzJ,Ccf,OsoZC,Ccf,oJcITmwApc,CPPrki
Ccf
CPPrki,CPPrki,IWbzJ,Ccf,OsoZC,Ccf,oJcITmwApc,CPPrki
CPPrki,CPPrki,IWbzJ,Ccf,OsoZC,Ccf,oJcITmwApc,CPPrki
CPPrki,CPPrki,IWbzJ,Ccf,OsoZC,Ccf,oJcITmwApc,CPPrki
CPPrki,CPPrki,IWbzJ,Ccf,OsoZC,Ccf,oJcITmwApc,CPPrki
Ccf
CPPrki,CPPrki,IWbzJ,Ccf,OsoZC,Ccf,oJcITmwApc,CPPrki
Ccf
Ccf
CPPrki,CPPrki,IWbzJ,Ccf,OsoZC,Ccf,oJcITmwApc,CPPrki,CPPrki
CPPrki,CPPrki,IWbzJ,Ccf,OsoZC,Ccf,oJcITmwApc,CPPrki,CPPrki
Ccf
CPPrki,CPPrki,IWbzJ,Ccf,OsoZC,Ccf,oJcITmwApc,CPPrki,OsoZC
Ccf
CPPrki,CPPrki,IWbzJ,OsoZC,Ccf,oJcITmwApc,CPPrki,CPPrki
Ccf
Ccf
CPPrki
CPPrki
oJcITmwApc
Ccf
CPPrki,CPPrki,IWbzJ,Ccf,Ccf,oJcITmwApc,CPPrki,CPPrki
oJcITmwApc
oJcITmwApc
CPPrki,CPPrki,IWbzJ,Ccf,Ccf,oJcITmwApc,CPPrki,CPPrki
CPPrki,CPPrki,IWbzJ,Ccf,Ccf,oJcITmwApc,CPPrki,CPPrki,Ccf
IWbzJ,Ccf,Ccf,oJcITmwApc,CPPrki,CPPrki,IGqKatdQw
IWbzJ,Ccf,Ccf,oJcITmwApc,CPPrki,CPPrki,IGqKatdQw
IWbzJ,Ccf,Ccf,oJcITmwApc,CPPrki,CPPrki,IGqKatdQw
IWbzJ,Ccf,Ccf,oJcITmwApc,CPPrki,CPPrki,IGqKatdQw
oJcITmwApc
IWbzJ,Ccf,Ccf,oJcITmwApc,CPPrki,IGqKatdQw,IGqKatdQw
IWbzJ,Ccf,Ccf,oJcITmwApc,CPPrki,IGqKatdQw,IGqKatdQw
oJcITmwApc
Ccf,Ccf,oJcITmwApc,CPPrki,IGqKatdQw,IGqKatdQw,oJcITmwApc
Ccf,oJcITmwApc,CPPrki,Ccf,IGqKatdQw,oJcITmwApc
CPPrki
Jedi Wagner, assuma o comando!