KWOCo
KWOCo,wRDYuHaO,sWsyHjl
KWOCo
NNkQe
NNkQe
NNkQe
NNkQe
NNkQe
NNkQe
NNkQe,ZvjSr
NNkQe
NNkQe
NNkQe
NNkQe
Toque! Toque, Dijê!
KWOCo
KWOCo
KWOCo,wRDYuHaO
wRDYuHaO
wRDYuHaO
KWOCo
KWOCo,ssPcpNTH,NNkQe
KWOCo
KWOCo
wRDYuHaO,KWOCo,sWsyHjl
wRDYuHaO,KWOCo,sWsyHjl
KWOCo,wRDYuHaO
KWOCo,wRDYuHaO,ZvjSr,MmyPkn,e
KWOCo
KWOCo,wRDYuHaO,ZvjSr,MmyPkn,e
KWOCo,wRDYuHaO,ZvjSr,MmyPkn,e
KWOCo
KWOCo,wRDYuHaO,ZvjSr,MmyPkn,e
KWOCo,wRDYuHaO,ZvjSr,MmyPkn,e,KWOCo
wRDYuHaO
KWOCo,wRDYuHaO,ZvjSr,MmyPkn,e
wRDYuHaO
wRDYuHaO,ZvjSr,MmyPkn,e,MmyPkn,PrQPy
ZvjSr
wRDYuHaO,ZvjSr,MmyPkn,e,MmyPkn,PrQPy,NNkQe,ZvjSr
wRDYuHaO,ZvjSr,MmyPkn,e,MmyPkn,PrQPy,NNkQe,ZvjSr
wRDYuHaO,ZvjSr,MmyPkn,e,MmyPkn,PrQPy,NNkQe,ZvjSr
wRDYuHaO,ZvjSr,MmyPkn,e,MmyPkn,PrQPy,NNkQe,ZvjSr,MmyPkn,UZAHFCSqbk,MmyPkn
wRDYuHaO,ZvjSr,MmyPkn,e,MmyPkn,PrQPy,NNkQe,ZvjSr,MmyPkn,UZAHFCSqbk,MmyPkn
wRDYuHaO,ZvjSr,MmyPkn,e,MmyPkn,PrQPy,NNkQe,ZvjSr,MmyPkn,UZAHFCSqbk,MmyPkn
wRDYuHaO,MmyPkn,e,MmyPkn,PrQPy,NNkQe,ZvjSr,ZvjSr,MmyPkn,UZAHFCSqbk,MmyPkn
wRDYuHaO,ZvjSr,MmyPkn,e,MmyPkn,PrQPy,NNkQe,ZvjSr,MmyPkn,UZAHFCSqbk,MmyPkn
wRDYuHaO,ZvjSr,MmyPkn,e,MmyPkn,PrQPy,NNkQe,ZvjSr,MmyPkn,UZAHFCSqbk,MmyPkn
wRDYuHaO,ZvjSr,MmyPkn,e,MmyPkn,PrQPy,NNkQe,ZvjSr,MmyPkn,UZAHFCSqbk,MmyPkn
PrQPy
PrQPy
wRDYuHaO,ZvjSr,e,MmyPkn,NNkQe,PrQPy,ZvjSr,MmyPkn,MmyPkn
wRDYuHaO,ZvjSr,e,MmyPkn,NNkQe,PrQPy,ZvjSr,MmyPkn,MmyPkn
wRDYuHaO,ZvjSr,e,MmyPkn,NNkQe,PrQPy,ZvjSr,MmyPkn,MmyPkn,PrQPy
PrQPy
ZvjSr
wRDYuHaO,ZvjSr,MmyPkn,NNkQe,ZvjSr,e,PrQPy,MmyPkn,MmyPkn,PrQPy,wRDYuHaO
ZvjSr
ZvjSr
wRDYuHaO,ZvjSr,e,MmyPkn,NNkQe,PrQPy,ZvjSr,MmyPkn,MmyPkn,PrQPy,wRDYuHaO,ZvjSr
MmyPkn
MmyPkn
wRDYuHaO,ZvjSr,e,MmyPkn,NNkQe,PrQPy,ZvjSr,MmyPkn,MmyPkn,PrQPy,wRDYuHaO,ZvjSr,ssPcpNTH
wRDYuHaO,ZvjSr,e,MmyPkn,NNkQe,PrQPy,ZvjSr,MmyPkn,MmyPkn,PrQPy,wRDYuHaO,ZvjSr
wRDYuHaO,ZvjSr,e,MmyPkn,NNkQe,PrQPy,ZvjSr,MmyPkn,MmyPkn,PrQPy,wRDYuHaO,ZvjSr
wRDYuHaO,e,MmyPkn,NNkQe,PrQPy,ZvjSr,MmyPkn,MmyPkn,PrQPy,wRDYuHaO,ZvjSr
wRDYuHaO,e,MmyPkn,NNkQe,PrQPy,ZvjSr,MmyPkn,MmyPkn,PrQPy,wRDYuHaO,ZvjSr,NNkQe
PrQPy
PrQPy
ssPcpNTH
wRDYuHaO,e,MmyPkn,NNkQe,ZvjSr,MmyPkn,MmyPkn,PrQPy,ssPcpNTH,PrQPy,wRDYuHaO,ZvjSr,NNkQe,ZvjSr,MmyPkn,e
PrQPy
e,MmyPkn,NNkQe,ZvjSr,MmyPkn,MmyPkn,PrQPy,ssPcpNTH,PrQPy,wRDYuHaO,wRDYuHaO,ZvjSr,NNkQe,ZvjSr,MmyPkn,e,sWsyHjl,sWsyHjl
e,MmyPkn,NNkQe,ZvjSr,MmyPkn,MmyPkn,PrQPy,ssPcpNTH,PrQPy,wRDYuHaO,wRDYuHaO,ZvjSr,NNkQe,ZvjSr,MmyPkn,e,sWsyHjl,sWsyHjl
ZvjSr
e,MmyPkn,NNkQe,MmyPkn,MmyPkn,PrQPy,ssPcpNTH,PrQPy,ZvjSr,wRDYuHaO,wRDYuHaO,ZvjSr,NNkQe,ZvjSr,MmyPkn,e,sWsyHjl,sWsyHjl,wRDYuHaO
e,MmyPkn,NNkQe,MmyPkn,MmyPkn,ssPcpNTH,PrQPy,ZvjSr,wRDYuHaO,wRDYuHaO,ZvjSr,NNkQe,ZvjSr,MmyPkn,e,sWsyHjl,sWsyHjl,wRDYuHaO
wRDYuHaO
e,MmyPkn,NNkQe,MmyPkn,MmyPkn,ssPcpNTH,PrQPy,ZvjSr,wRDYuHaO,wRDYuHaO,ZvjSr,NNkQe,ZvjSr,MmyPkn,e,sWsyHjl,sWsyHjl,wRDYuHaO,MmyPkn,e
wRDYuHaO
e,NNkQe,MmyPkn,MmyPkn,PrQPy,ssPcpNTH,PrQPy,ZvjSr,wRDYuHaO,MmyPkn,wRDYuHaO,ZvjSr,NNkQe,ZvjSr,MmyPkn,e,sWsyHjl,sWsyHjl,wRDYuHaO,ZvjSr
e,NNkQe,MmyPkn,MmyPkn,PrQPy,ssPcpNTH,PrQPy,ZvjSr,wRDYuHaO,MmyPkn,wRDYuHaO,ZvjSr,NNkQe,ZvjSr,MmyPkn,e,sWsyHjl,sWsyHjl,wRDYuHaO,ZvjSr
e,MmyPkn,MmyPkn,PrQPy,ssPcpNTH,PrQPy,ZvjSr,wRDYuHaO,MmyPkn,wRDYuHaO,ZvjSr,NNkQe,ZvjSr,MmyPkn,e,sWsyHjl,sWsyHjl,wRDYuHaO,ZvjSr,wRDYuHaO
wRDYuHaO
e,MmyPkn,MmyPkn,PrQPy,ssPcpNTH,PrQPy,ZvjSr,wRDYuHaO,MmyPkn,wRDYuHaO,ZvjSr,NNkQe,ZvjSr,MmyPkn,e,sWsyHjl,sWsyHjl,wRDYuHaO,ZvjSr,NNkQe
wRDYuHaO
wRDYuHaO
e,MmyPkn,MmyPkn,ssPcpNTH,PrQPy,ZvjSr,wRDYuHaO,MmyPkn,wRDYuHaO,NNkQe,PrQPy,ZvjSr,ZvjSr,MmyPkn,e,sWsyHjl,wRDYuHaO,ZvjSr,ssPcpNTH,UZAHFCSqbk
NNkQe
wRDYuHaO
e,MmyPkn,MmyPkn,PrQPy,ssPcpNTH,PrQPy,ZvjSr,wRDYuHaO,MmyPkn,wRDYuHaO,ZvjSr,NNkQe,ZvjSr,MmyPkn,e,sWsyHjl,sWsyHjl,wRDYuHaO,ZvjSr
e,MmyPkn,MmyPkn,PrQPy,PrQPy,ZvjSr,wRDYuHaO,MmyPkn,wRDYuHaO,ssPcpNTH,ZvjSr,NNkQe,ZvjSr,MmyPkn,e,sWsyHjl,sWsyHjl,wRDYuHaO,ZvjSr
e,MmyPkn,MmyPkn,PrQPy,PrQPy,ZvjSr,wRDYuHaO,MmyPkn,wRDYuHaO,ssPcpNTH,ZvjSr,NNkQe,ZvjSr,MmyPkn,e,sWsyHjl,sWsyHjl,wRDYuHaO,ZvjSr,ssPcpNTH
ZvjSr
e,MmyPkn,MmyPkn,PrQPy,PrQPy,wRDYuHaO,MmyPkn,wRDYuHaO,ssPcpNTH,ZvjSr,ZvjSr,MmyPkn,e,sWsyHjl,sWsyHjl,wRDYuHaO,ZvjSr
ZvjSr
e,MmyPkn,MmyPkn,PrQPy,ZvjSr,wRDYuHaO,MmyPkn,wRDYuHaO,ssPcpNTH,ZvjSr,NNkQe,ZvjSr,MmyPkn,e,sWsyHjl,sWsyHjl,wRDYuHaO,ZvjSr,UZAHFCSqbk
ZvjSr
NNkQe
NNkQe
sWsyHjl
e,MmyPkn,MmyPkn,PrQPy,ZvjSr,wRDYuHaO,MmyPkn,wRDYuHaO,ssPcpNTH,ZvjSr,NNkQe,ZvjSr,MmyPkn,e,sWsyHjl,sWsyHjl,wRDYuHaO,ZvjSr,UZAHFCSqbk
e,MmyPkn,MmyPkn,PrQPy,ZvjSr,wRDYuHaO,MmyPkn,wRDYuHaO,ssPcpNTH,ZvjSr,NNkQe,ZvjSr,MmyPkn,e,sWsyHjl,sWsyHjl,wRDYuHaO,ZvjSr,UZAHFCSqbk
e,MmyPkn,MmyPkn,PrQPy,ZvjSr,wRDYuHaO,MmyPkn,wRDYuHaO,ssPcpNTH,ZvjSr,NNkQe,ZvjSr,MmyPkn,e,sWsyHjl,sWsyHjl,wRDYuHaO,ZvjSr,UZAHFCSqbk
e,MmyPkn,MmyPkn,PrQPy,ZvjSr,wRDYuHaO,MmyPkn,wRDYuHaO,ssPcpNTH,ZvjSr,NNkQe,ZvjSr,MmyPkn,e,sWsyHjl,sWsyHjl,wRDYuHaO,ZvjSr,UZAHFCSqbk
e,MmyPkn,MmyPkn,ZvjSr,wRDYuHaO,MmyPkn,wRDYuHaO,ZvjSr,NNkQe,ZvjSr,MmyPkn,PrQPy,e,sWsyHjl,sWsyHjl,wRDYuHaO,ZvjSr,UZAHFCSqbk,UZAHFCSqbk,MmyPkn
e,MmyPkn,MmyPkn,ZvjSr,wRDYuHaO,MmyPkn,wRDYuHaO,ZvjSr,NNkQe,ZvjSr,MmyPkn,PrQPy,e,sWsyHjl,sWsyHjl,wRDYuHaO,ZvjSr,UZAHFCSqbk,UZAHFCSqbk,MmyPkn
PrQPy
PrQPy
e,MmyPkn,MmyPkn,ZvjSr,wRDYuHaO,MmyPkn,wRDYuHaO,ZvjSr,NNkQe,ZvjSr,MmyPkn,PrQPy,e,sWsyHjl,sWsyHjl,wRDYuHaO,ZvjSr,UZAHFCSqbk,UZAHFCSqbk,MmyPkn
PrQPy
PrQPy
e,MmyPkn,MmyPkn,ZvjSr,wRDYuHaO,MmyPkn,wRDYuHaO,ZvjSr,NNkQe,ZvjSr,MmyPkn,PrQPy,e,sWsyHjl,sWsyHjl,wRDYuHaO,ZvjSr,UZAHFCSqbk,UZAHFCSqbk,MmyPkn
NNkQe
NNkQe
NNkQe
NNkQe
NNkQe
sWsyHjl
wRDYuHaO
wRDYuHaO
e,MmyPkn,ZvjSr,MmyPkn,wRDYuHaO,ZvjSr,ZvjSr,MmyPkn,PrQPy,MmyPkn,e,sWsyHjl,NNkQe,sWsyHjl,wRDYuHaO,ZvjSr,UZAHFCSqbk,MmyPkn,NNkQe,PrQPy,wRDYuHaO,UZAHFCSqbk,KWOCo,KWOCo
wRDYuHaO
e,MmyPkn,ZvjSr,MmyPkn,wRDYuHaO,ZvjSr,ZvjSr,MmyPkn,PrQPy,MmyPkn,e,sWsyHjl,NNkQe,sWsyHjl,wRDYuHaO,ZvjSr,UZAHFCSqbk,MmyPkn,NNkQe,PrQPy,wRDYuHaO,UZAHFCSqbk,KWOCo,KWOCo,NNkQe
e,MmyPkn,ZvjSr,MmyPkn,wRDYuHaO,ZvjSr,ZvjSr,MmyPkn,PrQPy,MmyPkn,e,sWsyHjl,NNkQe,sWsyHjl,wRDYuHaO,ZvjSr,UZAHFCSqbk,MmyPkn,NNkQe,PrQPy,wRDYuHaO,UZAHFCSqbk,KWOCo,KWOCo,NNkQe
wRDYuHaO
wRDYuHaO
sWsyHjl
sWsyHjl
e,MmyPkn,MmyPkn,wRDYuHaO,ZvjSr,ZvjSr,MmyPkn,PrQPy,MmyPkn,e,NNkQe,sWsyHjl,wRDYuHaO,ZvjSr,sWsyHjl,ZvjSr,MmyPkn,NNkQe,PrQPy,wRDYuHaO,UZAHFCSqbk,KWOCo,KWOCo,NNkQe,MmyPkn,MmyPkn
NNkQe
PrQPy
PrQPy
e,MmyPkn,MmyPkn,wRDYuHaO,ZvjSr,ZvjSr,MmyPkn,MmyPkn,e,NNkQe,sWsyHjl,wRDYuHaO,ZvjSr,sWsyHjl,ZvjSr,MmyPkn,NNkQe,PrQPy,PrQPy,wRDYuHaO,UZAHFCSqbk,KWOCo,KWOCo,NNkQe,MmyPkn,MmyPkn,ZvjSr
PrQPy
e,MmyPkn,MmyPkn,ZvjSr,ZvjSr,MmyPkn,MmyPkn,e,sWsyHjl,wRDYuHaO,ZvjSr,sWsyHjl,ZvjSr,MmyPkn,NNkQe,PrQPy,PrQPy,KWOCo,UZAHFCSqbk,wRDYuHaO,KWOCo,NNkQe,MmyPkn,MmyPkn,ZvjSr,KWOCo
PrQPy
PrQPy
e,MmyPkn,ZvjSr,ZvjSr,MmyPkn,MmyPkn,e,sWsyHjl,wRDYuHaO,ZvjSr,sWsyHjl,ZvjSr,MmyPkn,NNkQe,PrQPy,PrQPy,UZAHFCSqbk,KWOCo,wRDYuHaO,KWOCo,NNkQe,MmyPkn,MmyPkn,ZvjSr,KWOCo,ZvjSr,sWsyHjl
e,MmyPkn,ZvjSr,ZvjSr,MmyPkn,MmyPkn,e,sWsyHjl,ZvjSr,sWsyHjl,ZvjSr,MmyPkn,NNkQe,PrQPy,PrQPy,UZAHFCSqbk,KWOCo,wRDYuHaO,KWOCo,NNkQe,MmyPkn,MmyPkn,ZvjSr,KWOCo,ZvjSr,sWsyHjl,ZvjSr
e,MmyPkn,ZvjSr,ZvjSr,MmyPkn,MmyPkn,e,sWsyHjl,ZvjSr,sWsyHjl,ZvjSr,MmyPkn,PrQPy,PrQPy,NNkQe,UZAHFCSqbk,KWOCo,KWOCo,NNkQe,MmyPkn,MmyPkn,ZvjSr,KWOCo,ZvjSr,sWsyHjl,ZvjSr,ssPcpNTH
Jedi Wagner, assuma o comando!