Toque! Toque, Dijê!
KjbvsXeLM
KjbvsXeLM
KjbvsXeLM,KjbvsXeLM,oCjgYxYud,KpdTvcemVI
KjbvsXeLM
KjbvsXeLM,KjbvsXeLM,oCjgYxYud,KpdTvcemVI
KjbvsXeLM
KjbvsXeLM,KjbvsXeLM,oCjgYxYud
KjbvsXeLM
KjbvsXeLM,KjbvsXeLM,oCjgYxYud,CY,CY,r
KjbvsXeLM
KjbvsXeLM
KjbvsXeLM,KjbvsXeLM,oCjgYxYud,CY,CY,r,r
KjbvsXeLM,KjbvsXeLM,oCjgYxYud,CY,CY,r,r
KjbvsXeLM
CY
CY
r
KjbvsXeLM,CY,r,r,oCjgYxYud,KjbvsXeLM,KpdTvcemVI,oCjgYxYud
CY
CY
KjbvsXeLM,KjbvsXeLM,CY,CY,r,r,oCjgYxYud,KjbvsXeLM
CY
KjbvsXeLM,KjbvsXeLM,CY,CY,r,r,oCjgYxYud,KjbvsXeLM,CY
CY
CY
KjbvsXeLM,KjbvsXeLM,CY,r,r,oCjgYxYud,KjbvsXeLM,CY
CY
KjbvsXeLM,CY,KjbvsXeLM,r,r,oCjgYxYud,KjbvsXeLM,CY,r,KjbvsXeLM
CY
KjbvsXeLM
KjbvsXeLM,CY,KjbvsXeLM,r,r,oCjgYxYud,KjbvsXeLM,CY,r,KjbvsXeLM
r
KjbvsXeLM,KjbvsXeLM,CY,r,r,oCjgYxYud,KjbvsXeLM,r,KjbvsXeLM
KjbvsXeLM,KjbvsXeLM,CY,r,r,oCjgYxYud,KjbvsXeLM,r,KjbvsXeLM
KjbvsXeLM,KjbvsXeLM,CY,r,r,oCjgYxYud,KjbvsXeLM,r,KjbvsXeLM,oCjgYxYud
r
r
KjbvsXeLM,CY,r,KjbvsXeLM,r,oCjgYxYud,KjbvsXeLM,r,KjbvsXeLM,oCjgYxYud,r
KjbvsXeLM,CY,r,KjbvsXeLM,r,oCjgYxYud,KjbvsXeLM,r,KjbvsXeLM,oCjgYxYud,r
CY,r,KjbvsXeLM,KjbvsXeLM,r,oCjgYxYud,KjbvsXeLM,r,KjbvsXeLM,oCjgYxYud,r,r
CY,r,KjbvsXeLM,KjbvsXeLM,r,oCjgYxYud,KjbvsXeLM,r,KjbvsXeLM,oCjgYxYud,r,r
KjbvsXeLM
KjbvsXeLM,KjbvsXeLM,CY,r,r,oCjgYxYud,KjbvsXeLM,r,KjbvsXeLM
KjbvsXeLM,KjbvsXeLM,CY,r,r,oCjgYxYud,KjbvsXeLM,r,KjbvsXeLM
r
r
r,oCjgYxYud,KjbvsXeLM,CY,KjbvsXeLM,r,KjbvsXeLM,r,r,KjbvsXeLM,r,CY,r,oCjgYxYud
r,KjbvsXeLM,oCjgYxYud,CY,KjbvsXeLM,r,KjbvsXeLM,r,r,KjbvsXeLM,r,CY,r,oCjgYxYud
KjbvsXeLM
KjbvsXeLM
KjbvsXeLM
oCjgYxYud,KjbvsXeLM,r,CY,KjbvsXeLM,r,KjbvsXeLM,r,CY,r,oCjgYxYud
oCjgYxYud,KjbvsXeLM,r,CY,KjbvsXeLM,r,KjbvsXeLM,r,CY,r,oCjgYxYud
oCjgYxYud,KjbvsXeLM,r,CY,KjbvsXeLM,r,KjbvsXeLM,r,CY,r,oCjgYxYud
KjbvsXeLM
oCjgYxYud,KjbvsXeLM,r,CY,KjbvsXeLM,r,KjbvsXeLM,r,CY,r,oCjgYxYud
r
oCjgYxYud,r,KjbvsXeLM,CY,KjbvsXeLM,r,KjbvsXeLM,r,CY,r,oCjgYxYud
r
oCjgYxYud,r,KjbvsXeLM,CY,KjbvsXeLM,r,KjbvsXeLM,r,CY,r,oCjgYxYud
oCjgYxYud,r,KjbvsXeLM,CY,KjbvsXeLM,r,KjbvsXeLM,r,CY,r,oCjgYxYud
oCjgYxYud,r,KjbvsXeLM,CY,KjbvsXeLM,r,KjbvsXeLM,r,CY,r,oCjgYxYud
r
KjbvsXeLM,r,CY,KjbvsXeLM,r,KjbvsXeLM,r,CY,r,oCjgYxYud,oCjgYxYud
CY
CY,KjbvsXeLM,r,KjbvsXeLM,r,CY,r,oCjgYxYud,oCjgYxYud,r
KjbvsXeLM,r,CY,oCjgYxYud,KjbvsXeLM,r,KjbvsXeLM,r,CY,r,oCjgYxYud,oCjgYxYud,r
CY
KjbvsXeLM
CY,KjbvsXeLM,r,oCjgYxYud,KjbvsXeLM,r,KjbvsXeLM,r,CY,r,oCjgYxYud,oCjgYxYud,r,oCjgYxYud,oCjgYxYud,KjbvsXeLM,oCjgYxYud
KjbvsXeLM
KjbvsXeLM,r,CY,oCjgYxYud,KjbvsXeLM,r,KjbvsXeLM,r,CY,r,oCjgYxYud,oCjgYxYud,r,oCjgYxYud,oCjgYxYud,KjbvsXeLM,oCjgYxYud
oCjgYxYud
KjbvsXeLM,r,oCjgYxYud,CY,KjbvsXeLM,r,KjbvsXeLM,r,CY,r,oCjgYxYud,oCjgYxYud,r,oCjgYxYud,oCjgYxYud,KjbvsXeLM,oCjgYxYud
CY
KjbvsXeLM,r,oCjgYxYud,CY,KjbvsXeLM,r,KjbvsXeLM,r,CY,r,oCjgYxYud,oCjgYxYud,r,oCjgYxYud,oCjgYxYud,KjbvsXeLM,oCjgYxYud
KjbvsXeLM
KpdTvcemVI
KjbvsXeLM,r,KjbvsXeLM,r,KpdTvcemVI,KjbvsXeLM,CY,oCjgYxYud,r,CY,r,oCjgYxYud,oCjgYxYud,r,oCjgYxYud,oCjgYxYud,KjbvsXeLM,oCjgYxYud,KjbvsXeLM,KjbvsXeLM
KjbvsXeLM,r,KjbvsXeLM,r,KjbvsXeLM,CY,oCjgYxYud,r,CY,r,oCjgYxYud,oCjgYxYud,r,oCjgYxYud,oCjgYxYud,KjbvsXeLM,oCjgYxYud,KpdTvcemVI,KjbvsXeLM,KjbvsXeLM
KjbvsXeLM,r,KjbvsXeLM,r,KjbvsXeLM,CY,oCjgYxYud,r,CY,r,oCjgYxYud,oCjgYxYud,r,oCjgYxYud,oCjgYxYud,KjbvsXeLM,oCjgYxYud,KpdTvcemVI,KjbvsXeLM,KjbvsXeLM,oCjgYxYud
KjbvsXeLM
KjbvsXeLM,r,oCjgYxYud,CY,KjbvsXeLM,r,KjbvsXeLM,r,CY,r,oCjgYxYud,oCjgYxYud,r,oCjgYxYud,oCjgYxYud,KjbvsXeLM,oCjgYxYud
KjbvsXeLM
CY
KjbvsXeLM
oCjgYxYud
KjbvsXeLM
oCjgYxYud,CY,r,KjbvsXeLM,KjbvsXeLM,r,CY,r,oCjgYxYud,oCjgYxYud,r,oCjgYxYud,oCjgYxYud,KjbvsXeLM,oCjgYxYud,CY
r
r
r,r,CY,r,KpdTvcemVI,KjbvsXeLM,oCjgYxYud,oCjgYxYud,r,oCjgYxYud,oCjgYxYud,KjbvsXeLM,oCjgYxYud,KjbvsXeLM,r,KjbvsXeLM
r,CY,r,KpdTvcemVI,r,KjbvsXeLM,oCjgYxYud,oCjgYxYud,r,oCjgYxYud,oCjgYxYud,KjbvsXeLM,oCjgYxYud,KjbvsXeLM,r,KjbvsXeLM
KpdTvcemVI
KpdTvcemVI
r
oCjgYxYud,CY,r,KjbvsXeLM,r,CY,r,KpdTvcemVI,oCjgYxYud,oCjgYxYud,r,oCjgYxYud,oCjgYxYud,KjbvsXeLM,oCjgYxYud,KjbvsXeLM,r,KjbvsXeLM
KpdTvcemVI
KpdTvcemVI
KpdTvcemVI
KpdTvcemVI
KpdTvcemVI
KpdTvcemVI
oCjgYxYud
oCjgYxYud
oCjgYxYud
r,KpdTvcemVI,oCjgYxYud,CY,oCjgYxYud,r,oCjgYxYud,oCjgYxYud,KjbvsXeLM,oCjgYxYud,KjbvsXeLM,r,KjbvsXeLM,oCjgYxYud,CY
r,KpdTvcemVI,oCjgYxYud,CY,oCjgYxYud,r,oCjgYxYud,oCjgYxYud,oCjgYxYud,KjbvsXeLM,r,KjbvsXeLM,oCjgYxYud,CY,oCjgYxYud
CY
r
oCjgYxYud,CY,r,KjbvsXeLM,oCjgYxYud,oCjgYxYud,oCjgYxYud,r,KjbvsXeLM,oCjgYxYud,CY,oCjgYxYud,KpdTvcemVI
oCjgYxYud
KpdTvcemVI
CY,oCjgYxYud,KpdTvcemVI,KjbvsXeLM,r,oCjgYxYud,oCjgYxYud,oCjgYxYud,r,oCjgYxYud,CY,oCjgYxYud,KjbvsXeLM,KpdTvcemVI,r
KpdTvcemVI
r
oCjgYxYud
oCjgYxYud,KjbvsXeLM,r,oCjgYxYud,oCjgYxYud,oCjgYxYud,r,oCjgYxYud,CY,oCjgYxYud,KjbvsXeLM,r,r,oCjgYxYud,KpdTvcemVI,r
oCjgYxYud,KjbvsXeLM,r,oCjgYxYud,oCjgYxYud,oCjgYxYud,r,oCjgYxYud,CY,oCjgYxYud,KjbvsXeLM,r,r,oCjgYxYud,KpdTvcemVI,r
oCjgYxYud,oCjgYxYud,oCjgYxYud,oCjgYxYud,r,oCjgYxYud,CY,oCjgYxYud,KjbvsXeLM,r,r,oCjgYxYud,KpdTvcemVI
oCjgYxYud,oCjgYxYud,oCjgYxYud,oCjgYxYud,r,oCjgYxYud,CY,oCjgYxYud,KjbvsXeLM,r,r,oCjgYxYud,KpdTvcemVI
oCjgYxYud
oCjgYxYud
oCjgYxYud,oCjgYxYud,oCjgYxYud,oCjgYxYud,r,oCjgYxYud,CY,oCjgYxYud,KjbvsXeLM,r,r,oCjgYxYud,KpdTvcemVI
oCjgYxYud,oCjgYxYud,oCjgYxYud,r,oCjgYxYud,oCjgYxYud,CY,oCjgYxYud,KjbvsXeLM,r,r,oCjgYxYud,KpdTvcemVI,r
oCjgYxYud,oCjgYxYud,oCjgYxYud,r,oCjgYxYud,oCjgYxYud,CY,oCjgYxYud,KjbvsXeLM,r,r,oCjgYxYud,KpdTvcemVI,r
oCjgYxYud,oCjgYxYud,oCjgYxYud,oCjgYxYud,r,oCjgYxYud,CY,oCjgYxYud,KjbvsXeLM,r,r,oCjgYxYud,KpdTvcemVI
oCjgYxYud,oCjgYxYud,oCjgYxYud,oCjgYxYud,r,oCjgYxYud,oCjgYxYud,KjbvsXeLM,r,r,oCjgYxYud,KpdTvcemVI
oCjgYxYud
oCjgYxYud,oCjgYxYud,oCjgYxYud,oCjgYxYud,r,oCjgYxYud,oCjgYxYud,KjbvsXeLM,r,r,oCjgYxYud,KpdTvcemVI
oCjgYxYud,oCjgYxYud,oCjgYxYud,oCjgYxYud,r,oCjgYxYud,oCjgYxYud,KjbvsXeLM,r,r,oCjgYxYud,KpdTvcemVI,oCjgYxYud
oCjgYxYud,oCjgYxYud,oCjgYxYud,oCjgYxYud,r,oCjgYxYud,oCjgYxYud,KjbvsXeLM,r,r,oCjgYxYud,KpdTvcemVI,oCjgYxYud
oCjgYxYud,oCjgYxYud,oCjgYxYud,oCjgYxYud,r,oCjgYxYud,oCjgYxYud,KjbvsXeLM,r,r,oCjgYxYud,KpdTvcemVI,oCjgYxYud,KjbvsXeLM
oCjgYxYud,oCjgYxYud,oCjgYxYud,oCjgYxYud,r,oCjgYxYud,oCjgYxYud,KjbvsXeLM,r,r,oCjgYxYud,KpdTvcemVI,oCjgYxYud,KjbvsXeLM,KjbvsXeLM,KpdTvcemVI
oCjgYxYud,oCjgYxYud,oCjgYxYud,oCjgYxYud,r,oCjgYxYud,oCjgYxYud,KjbvsXeLM,r,r,oCjgYxYud,KpdTvcemVI,oCjgYxYud,KjbvsXeLM,KjbvsXeLM
oCjgYxYud
oCjgYxYud,oCjgYxYud,oCjgYxYud,oCjgYxYud,r,KpdTvcemVI,oCjgYxYud,oCjgYxYud,KjbvsXeLM,r,r,oCjgYxYud,oCjgYxYud,KjbvsXeLM,KjbvsXeLM
oCjgYxYud
oCjgYxYud,oCjgYxYud,oCjgYxYud,oCjgYxYud,r,KpdTvcemVI,oCjgYxYud,oCjgYxYud,r,r,oCjgYxYud,oCjgYxYud,KjbvsXeLM,KjbvsXeLM
oCjgYxYud,oCjgYxYud,oCjgYxYud,oCjgYxYud,r,KpdTvcemVI,oCjgYxYud,oCjgYxYud,r,r,oCjgYxYud,oCjgYxYud,KjbvsXeLM,KjbvsXeLM
oCjgYxYud,oCjgYxYud,oCjgYxYud,oCjgYxYud,r,KpdTvcemVI,oCjgYxYud,oCjgYxYud,r,r,oCjgYxYud,oCjgYxYud,KjbvsXeLM,KjbvsXeLM
oCjgYxYud
oCjgYxYud,oCjgYxYud,oCjgYxYud,oCjgYxYud,r,KpdTvcemVI,oCjgYxYud,oCjgYxYud,r,r,oCjgYxYud,oCjgYxYud,KjbvsXeLM,oCjgYxYud
oCjgYxYud,oCjgYxYud,oCjgYxYud,r,KpdTvcemVI,oCjgYxYud,oCjgYxYud,r,r,oCjgYxYud,oCjgYxYud,KjbvsXeLM,oCjgYxYud
r
r
oCjgYxYud,oCjgYxYud,KpdTvcemVI,oCjgYxYud,oCjgYxYud,r,KjbvsXeLM,r,oCjgYxYud,oCjgYxYud,oCjgYxYud,CY,CY,oCjgYxYud
oCjgYxYud,oCjgYxYud,KpdTvcemVI,oCjgYxYud,oCjgYxYud,r,KjbvsXeLM,r,oCjgYxYud,oCjgYxYud,oCjgYxYud,CY,CY,oCjgYxYud
oCjgYxYud,oCjgYxYud,KpdTvcemVI,oCjgYxYud,oCjgYxYud,r,KjbvsXeLM,r,oCjgYxYud,oCjgYxYud,oCjgYxYud,CY,CY,oCjgYxYud
oCjgYxYud,oCjgYxYud,r,KpdTvcemVI,oCjgYxYud,oCjgYxYud,r,oCjgYxYud,r,oCjgYxYud,oCjgYxYud,KjbvsXeLM,oCjgYxYud
oCjgYxYud
oCjgYxYud
KpdTvcemVI,oCjgYxYud,r,oCjgYxYud,oCjgYxYud,KjbvsXeLM,oCjgYxYud,oCjgYxYud,r,oCjgYxYud,oCjgYxYud,oCjgYxYud,r,KpdTvcemVI,KjbvsXeLM
oCjgYxYud
KpdTvcemVI,oCjgYxYud,r,oCjgYxYud,oCjgYxYud,KjbvsXeLM,oCjgYxYud,oCjgYxYud,r,oCjgYxYud,oCjgYxYud,oCjgYxYud,r,KpdTvcemVI,KjbvsXeLM,r
oCjgYxYud
oCjgYxYud
KpdTvcemVI,oCjgYxYud,r,oCjgYxYud,oCjgYxYud,KjbvsXeLM,oCjgYxYud,oCjgYxYud,r,oCjgYxYud,oCjgYxYud,oCjgYxYud,r,KpdTvcemVI,KjbvsXeLM,r
KpdTvcemVI,oCjgYxYud,r,oCjgYxYud,oCjgYxYud,KjbvsXeLM,oCjgYxYud,oCjgYxYud,r,oCjgYxYud,oCjgYxYud,oCjgYxYud,r,KpdTvcemVI,KjbvsXeLM,r,oCjgYxYud
oCjgYxYud
KpdTvcemVI,oCjgYxYud,r,oCjgYxYud,oCjgYxYud,KjbvsXeLM,oCjgYxYud,oCjgYxYud,r,oCjgYxYud,oCjgYxYud,oCjgYxYud,r,KpdTvcemVI,KjbvsXeLM,r,oCjgYxYud
oCjgYxYud
oCjgYxYud
oCjgYxYud
oCjgYxYud
KpdTvcemVI,oCjgYxYud,r,oCjgYxYud,oCjgYxYud,KjbvsXeLM,oCjgYxYud,oCjgYxYud,r,oCjgYxYud,oCjgYxYud,oCjgYxYud,r,KpdTvcemVI,KjbvsXeLM,r
r
KpdTvcemVI,oCjgYxYud,oCjgYxYud,KjbvsXeLM,oCjgYxYud,r,oCjgYxYud,r,oCjgYxYud,oCjgYxYud,oCjgYxYud,r,KpdTvcemVI,KjbvsXeLM,r,r
KpdTvcemVI,oCjgYxYud,oCjgYxYud,KjbvsXeLM,oCjgYxYud,r,oCjgYxYud,r,oCjgYxYud,oCjgYxYud,oCjgYxYud,r,KpdTvcemVI,KjbvsXeLM,r,r
KpdTvcemVI,oCjgYxYud,oCjgYxYud,KjbvsXeLM,oCjgYxYud,oCjgYxYud,r,r,oCjgYxYud,oCjgYxYud,oCjgYxYud,r,KpdTvcemVI,KjbvsXeLM,r,r,oCjgYxYud,r,oCjgYxYud
KpdTvcemVI,oCjgYxYud,oCjgYxYud,KjbvsXeLM,oCjgYxYud,oCjgYxYud,r,r,oCjgYxYud,oCjgYxYud,oCjgYxYud,r,KpdTvcemVI,KjbvsXeLM,r,r,oCjgYxYud,r,oCjgYxYud,r
KpdTvcemVI
oCjgYxYud,oCjgYxYud,KjbvsXeLM,oCjgYxYud,oCjgYxYud,r,r,KpdTvcemVI,oCjgYxYud,oCjgYxYud,oCjgYxYud,r,KpdTvcemVI,KjbvsXeLM,r,r,oCjgYxYud,r,oCjgYxYud,r
oCjgYxYud,oCjgYxYud,KjbvsXeLM,oCjgYxYud,oCjgYxYud,r,r,oCjgYxYud,oCjgYxYud,oCjgYxYud,r,KpdTvcemVI,KjbvsXeLM,r,r,oCjgYxYud,r,oCjgYxYud,r,r,oCjgYxYud
KjbvsXeLM
oCjgYxYud,oCjgYxYud,oCjgYxYud,oCjgYxYud,r,r,KjbvsXeLM,oCjgYxYud,oCjgYxYud,oCjgYxYud,r,KpdTvcemVI,KjbvsXeLM,r,r,oCjgYxYud,r,oCjgYxYud,r,r,oCjgYxYud,KpdTvcemVI,KpdTvcemVI
oCjgYxYud,oCjgYxYud,KjbvsXeLM,oCjgYxYud,oCjgYxYud,KpdTvcemVI,r,r,oCjgYxYud,oCjgYxYud,oCjgYxYud,r,KpdTvcemVI,KjbvsXeLM,r,r,oCjgYxYud,r,oCjgYxYud,r,r
oCjgYxYud,oCjgYxYud,KjbvsXeLM,oCjgYxYud,oCjgYxYud,r,r,oCjgYxYud,oCjgYxYud,oCjgYxYud,r,KpdTvcemVI,KjbvsXeLM,r,r,oCjgYxYud,r,oCjgYxYud,r,r
oCjgYxYud,oCjgYxYud,KjbvsXeLM,oCjgYxYud,oCjgYxYud,r,r,oCjgYxYud,oCjgYxYud,oCjgYxYud,r,KpdTvcemVI,KjbvsXeLM,r,r,oCjgYxYud,r,oCjgYxYud,r,r
oCjgYxYud,KjbvsXeLM,oCjgYxYud,oCjgYxYud,r,KpdTvcemVI,r,oCjgYxYud,oCjgYxYud,oCjgYxYud,r,KpdTvcemVI,KjbvsXeLM,r,r,oCjgYxYud,r,oCjgYxYud,r,r,oCjgYxYud
oCjgYxYud,KjbvsXeLM,oCjgYxYud,oCjgYxYud,r,KpdTvcemVI,r,oCjgYxYud,oCjgYxYud,oCjgYxYud,r,KpdTvcemVI,KjbvsXeLM,r,r,oCjgYxYud,r,oCjgYxYud,r,r,oCjgYxYud
r
oCjgYxYud,oCjgYxYud,KjbvsXeLM,oCjgYxYud,oCjgYxYud,r,r,KpdTvcemVI,oCjgYxYud,oCjgYxYud,oCjgYxYud,r,KpdTvcemVI,KjbvsXeLM,r,r,oCjgYxYud,r,oCjgYxYud,r,r
r
r
r
oCjgYxYud,oCjgYxYud,KjbvsXeLM,oCjgYxYud,oCjgYxYud,r,KpdTvcemVI,r,oCjgYxYud,oCjgYxYud,oCjgYxYud,r,KpdTvcemVI,KjbvsXeLM,r,r,oCjgYxYud,r,oCjgYxYud,r,r
r
r
oCjgYxYud
Jedi Wagner, assuma o comando!