Toque! Toque, Dijê!
XUveLCuL
[vazia]
Toque! Toque, Dijê!
pZ
M
M
M
M
[vazia]
[vazia]
Toque! Toque, Dijê!
[vazia]
[vazia]
[vazia]
XUveLCuL
XUveLCuL,XUveLCuL
XUveLCuL,ytNDm
[vazia]
Toque! Toque, Dijê!
XUveLCuL
XUveLCuL
XUveLCuL
XUveLCuL,XUveLCuL,ytNDm
XUveLCuL,XUveLCuL,ytNDm
XUveLCuL,XUveLCuL,ytNDm
XUveLCuL,XUveLCuL,ytNDm,pZ
XUveLCuL,XUveLCuL,pZ,ytNDm
XUveLCuL
XUveLCuL,XUveLCuL,ytNDm,ytNDm
XUveLCuL,XUveLCuL,ytNDm,ytNDm
XUveLCuL
XUveLCuL
XUveLCuL,XUveLCuL,KJgMnLzEtf,zvNkUvwX,XUveLCuL
XUveLCuL
XUveLCuL
XUveLCuL,XUveLCuL,KJgMnLzEtf,zvNkUvwX,XUveLCuL,KJgMnLzEtf
XUveLCuL,XUveLCuL,KJgMnLzEtf,zvNkUvwX,XUveLCuL,KJgMnLzEtf
XUveLCuL,XUveLCuL,KJgMnLzEtf,zvNkUvwX,XUveLCuL,KJgMnLzEtf,M
XUveLCuL,XUveLCuL,KJgMnLzEtf,XUveLCuL,KJgMnLzEtf,M,KJgMnLzEtf
XUveLCuL,XUveLCuL,XUveLCuL,KJgMnLzEtf,M,KJgMnLzEtf
XUveLCuL
XUveLCuL
XUveLCuL,XUveLCuL,KJgMnLzEtf,zvNkUvwX,XUveLCuL,KJgMnLzEtf,M,zvNkUvwX
XUveLCuL,XUveLCuL,KJgMnLzEtf,zvNkUvwX,XUveLCuL,KJgMnLzEtf
zvNkUvwX
XUveLCuL,XUveLCuL,KJgMnLzEtf,zvNkUvwX,XUveLCuL,KJgMnLzEtf
XUveLCuL
XUveLCuL
XUveLCuL,XUveLCuL,KJgMnLzEtf,zvNkUvwX,XUveLCuL,KJgMnLzEtf
XUveLCuL,XUveLCuL,KJgMnLzEtf,zvNkUvwX,XUveLCuL,KJgMnLzEtf
XUveLCuL,XUveLCuL,KJgMnLzEtf,zvNkUvwX,XUveLCuL,KJgMnLzEtf
XUveLCuL,XUveLCuL,KJgMnLzEtf,XUveLCuL,zvNkUvwX,KJgMnLzEtf
XUveLCuL
XUveLCuL,KJgMnLzEtf,XUveLCuL,KJgMnLzEtf,XUveLCuL,pZ
M
XUveLCuL
ytNDm
XUveLCuL
XUveLCuL
XUveLCuL,KJgMnLzEtf,ytNDm,XUveLCuL,XUveLCuL,KJgMnLzEtf,pZ
XUveLCuL,KJgMnLzEtf,ytNDm,XUveLCuL,XUveLCuL,KJgMnLzEtf,pZ
XUveLCuL,KJgMnLzEtf,ytNDm,XUveLCuL,XUveLCuL,KJgMnLzEtf,pZ,M
XUveLCuL,KJgMnLzEtf,ytNDm,XUveLCuL,XUveLCuL,KJgMnLzEtf,pZ,M,KJgMnLzEtf,ytNDm
XUveLCuL,KJgMnLzEtf,ytNDm,XUveLCuL,XUveLCuL,KJgMnLzEtf,pZ,M,KJgMnLzEtf,ytNDm
XUveLCuL,KJgMnLzEtf,ytNDm,pZ,XUveLCuL,XUveLCuL,KJgMnLzEtf,M,KJgMnLzEtf,ytNDm
pZ
XUveLCuL,pZ,ytNDm,KJgMnLzEtf,XUveLCuL,XUveLCuL,KJgMnLzEtf,M,KJgMnLzEtf,ytNDm
ytNDm
ytNDm
ytNDm
ytNDm
XUveLCuL,KJgMnLzEtf,pZ,ytNDm,XUveLCuL,XUveLCuL,KJgMnLzEtf,M,KJgMnLzEtf,ytNDm
XUveLCuL
KJgMnLzEtf,pZ,ytNDm,XUveLCuL,XUveLCuL,KJgMnLzEtf,M,KJgMnLzEtf,ytNDm,pZ,zvNkUvwX
XUveLCuL
XUveLCuL
XUveLCuL
XUveLCuL
KJgMnLzEtf
KJgMnLzEtf
XUveLCuL,KJgMnLzEtf,pZ,ytNDm,XUveLCuL,XUveLCuL,KJgMnLzEtf,KJgMnLzEtf,ytNDm,XUveLCuL,zvNkUvwX
KJgMnLzEtf
KJgMnLzEtf
ytNDm
KJgMnLzEtf
XUveLCuL,KJgMnLzEtf,pZ,ytNDm,XUveLCuL,XUveLCuL,KJgMnLzEtf,KJgMnLzEtf,ytNDm
XUveLCuL,KJgMnLzEtf,pZ,ytNDm,XUveLCuL,XUveLCuL,KJgMnLzEtf,KJgMnLzEtf,ytNDm
KJgMnLzEtf
KJgMnLzEtf
KJgMnLzEtf,pZ,ytNDm,XUveLCuL,XUveLCuL,KJgMnLzEtf,KJgMnLzEtf,ytNDm
KJgMnLzEtf
KJgMnLzEtf
KJgMnLzEtf
XUveLCuL
pZ,ytNDm,XUveLCuL,XUveLCuL,KJgMnLzEtf,XUveLCuL,KJgMnLzEtf,ytNDm,M
pZ,ytNDm,XUveLCuL,XUveLCuL,KJgMnLzEtf,XUveLCuL,KJgMnLzEtf,ytNDm,M,KJgMnLzEtf
pZ,XUveLCuL,XUveLCuL,KJgMnLzEtf,XUveLCuL,KJgMnLzEtf,ytNDm,M,KJgMnLzEtf,KJgMnLzEtf
pZ,XUveLCuL,XUveLCuL,KJgMnLzEtf,XUveLCuL,KJgMnLzEtf,ytNDm,M,KJgMnLzEtf,KJgMnLzEtf
ytNDm
pZ,XUveLCuL,XUveLCuL,XUveLCuL,u,M,KJgMnLzEtf,KJgMnLzEtf
M
M
KJgMnLzEtf
pZ
XUveLCuL,XUveLCuL,XUveLCuL,u,M,KJgMnLzEtf,KJgMnLzEtf,pZ
XUveLCuL,XUveLCuL,XUveLCuL,u,M,KJgMnLzEtf,KJgMnLzEtf,pZ
XUveLCuL
XUveLCuL
u
u
XUveLCuL,u,XUveLCuL,XUveLCuL,M,KJgMnLzEtf,KJgMnLzEtf,pZ,pZ
XUveLCuL,u,XUveLCuL,XUveLCuL,M,KJgMnLzEtf,KJgMnLzEtf,pZ,pZ
XUveLCuL,XUveLCuL,XUveLCuL,u,M,KJgMnLzEtf,KJgMnLzEtf,pZ
XUveLCuL,XUveLCuL,XUveLCuL,u,M,KJgMnLzEtf,KJgMnLzEtf,pZ
XUveLCuL,XUveLCuL,XUveLCuL,u,M,KJgMnLzEtf,KJgMnLzEtf,pZ
XUveLCuL
XUveLCuL
XUveLCuL,XUveLCuL,M,KJgMnLzEtf
XUveLCuL
XUveLCuL,XUveLCuL,XUveLCuL,M,KJgMnLzEtf
XUveLCuL
XUveLCuL
XUveLCuL,XUveLCuL,XUveLCuL,KJgMnLzEtf,u,M,KJgMnLzEtf
KJgMnLzEtf
XUveLCuL,XUveLCuL,XUveLCuL,KJgMnLzEtf,u,M,KJgMnLzEtf
XUveLCuL
XUveLCuL,XUveLCuL,XUveLCuL,KJgMnLzEtf,u,M,KJgMnLzEtf,XUveLCuL
XUveLCuL
XUveLCuL,XUveLCuL,XUveLCuL,KJgMnLzEtf,u,KJgMnLzEtf,XUveLCuL,ytNDm
XUveLCuL,XUveLCuL,XUveLCuL,KJgMnLzEtf,u,M,KJgMnLzEtf
XUveLCuL,XUveLCuL,XUveLCuL,KJgMnLzEtf,u,M,KJgMnLzEtf
XUveLCuL
XUveLCuL
XUveLCuL,KJgMnLzEtf,XUveLCuL,XUveLCuL,u,M,KJgMnLzEtf,zvNkUvwX,pZ,XUveLCuL,u
KJgMnLzEtf
KJgMnLzEtf
KJgMnLzEtf
XUveLCuL,XUveLCuL,KJgMnLzEtf,XUveLCuL,u,M,KJgMnLzEtf,zvNkUvwX,pZ,XUveLCuL
XUveLCuL,XUveLCuL,KJgMnLzEtf,XUveLCuL,u,M,KJgMnLzEtf,zvNkUvwX,pZ,XUveLCuL
XUveLCuL,KJgMnLzEtf,XUveLCuL,u,KJgMnLzEtf,zvNkUvwX,pZ,XUveLCuL,M,u,u
M
XUveLCuL,M,XUveLCuL,u,KJgMnLzEtf,zvNkUvwX,pZ,XUveLCuL,u,u,XUveLCuL,M
KJgMnLzEtf
XUveLCuL,XUveLCuL,KJgMnLzEtf,XUveLCuL,u,M,KJgMnLzEtf,zvNkUvwX,pZ,XUveLCuL,M,zvNkUvwX,XUveLCuL
KJgMnLzEtf
zvNkUvwX
zvNkUvwX
zvNkUvwX
XUveLCuL,XUveLCuL,zvNkUvwX,M,KJgMnLzEtf,XUveLCuL,KJgMnLzEtf,pZ,XUveLCuL
zvNkUvwX
XUveLCuL,XUveLCuL,KJgMnLzEtf,XUveLCuL,u,M,KJgMnLzEtf,zvNkUvwX,pZ,XUveLCuL
XUveLCuL,XUveLCuL,KJgMnLzEtf,XUveLCuL,u,M,KJgMnLzEtf,zvNkUvwX,pZ,XUveLCuL
KJgMnLzEtf
XUveLCuL,XUveLCuL,zvNkUvwX,KJgMnLzEtf,XUveLCuL,u,M,KJgMnLzEtf,pZ,XUveLCuL
XUveLCuL,XUveLCuL,zvNkUvwX,KJgMnLzEtf,XUveLCuL,u,M,KJgMnLzEtf,pZ,XUveLCuL
u
XUveLCuL,XUveLCuL,zvNkUvwX,KJgMnLzEtf,XUveLCuL,u,M,KJgMnLzEtf,pZ,XUveLCuL,pZ
XUveLCuL,XUveLCuL,zvNkUvwX,KJgMnLzEtf,XUveLCuL,u,M,KJgMnLzEtf,pZ,XUveLCuL,pZ
XUveLCuL,XUveLCuL,zvNkUvwX,KJgMnLzEtf,XUveLCuL,u,M,KJgMnLzEtf,pZ,XUveLCuL,pZ
XUveLCuL,XUveLCuL,zvNkUvwX,KJgMnLzEtf,XUveLCuL,u,M,KJgMnLzEtf,pZ,XUveLCuL,pZ
XUveLCuL,XUveLCuL,zvNkUvwX,KJgMnLzEtf,XUveLCuL,u,M,KJgMnLzEtf,pZ,XUveLCuL,pZ
XUveLCuL,XUveLCuL,zvNkUvwX,KJgMnLzEtf,XUveLCuL,u,M,KJgMnLzEtf,XUveLCuL,pZ
u
u
pZ
XUveLCuL,XUveLCuL,zvNkUvwX,KJgMnLzEtf,XUveLCuL,u,M,KJgMnLzEtf,pZ,XUveLCuL,pZ
XUveLCuL,XUveLCuL,zvNkUvwX,KJgMnLzEtf,XUveLCuL,u,M,KJgMnLzEtf,pZ,XUveLCuL,pZ
u
XUveLCuL
u
XUveLCuL
XUveLCuL
XUveLCuL
M
XUveLCuL
zvNkUvwX,KJgMnLzEtf,M,XUveLCuL,XUveLCuL,KJgMnLzEtf,pZ,XUveLCuL,pZ,M,pZ,zvNkUvwX,zvNkUvwX
XUveLCuL
Jedi Wagner, assuma o comando!