[vazia]
[vazia]
eVBtW,eVBtW
eVBtW,eVBtW
eVBtW,eVBtW,vrhyp
eVBtW,eVBtW,vrhyp
eVBtW
eVBtW
eVBtW
Toque! Toque, Dijê!
CrcswqhL
CrcswqhL
CrcswqhL,Gt
CrcswqhL
RwIVW
RwIVW
RwIVW
RwIVW
CrcswqhL,RwIVW,vrhyp
CrcswqhL,RwIVW,vrhyp,CcM
vrhyp
vrhyp
RwIVW,vrhyp,RwIVW
vrhyp
vrhyp
vrhyp
RwIVW,vrhyp,RwIVW
RwIVW,vrhyp,RwIVW
vrhyp
RwIVW
RwIVW
RwIVW,RwIVW,RwIVW,Gt
RwIVW
RwIVW
RwIVW,vrhyp,RwIVW
RwIVW
RwIVW,vrhyp,RwIVW,RwIVW
RwIVW
RwIVW,vrhyp,RwIVW,RwIVW,CcM
RwIVW,RwIVW,RwIVW,CcM
RwIVW
RwIVW,RwIVW,RwIVW,CcM,Gt
RwIVW,RwIVW,RwIVW,CcM
RwIVW
RwIVW
RwIVW,RwIVW,RwIVW,CcM
RwIVW,RwIVW,RwIVW,CcM
RwIVW
RwIVW,RwIVW,Gt,RwIVW,CcM
RwIVW
Gt
Gt
Gt,RwIVW,RwIVW,RwIVW,RwIVW,vrhyp,CrcswqhL,RwIVW,CrcswqhL,CrcswqhL,Gt
Gt,RwIVW,RwIVW,RwIVW,vrhyp,CrcswqhL,RwIVW,CrcswqhL,CrcswqhL,Gt
Gt
Gt
Gt,RwIVW,RwIVW,RwIVW,vrhyp
Gt
Gt,RwIVW,RwIVW,RwIVW,vrhyp
Gt,RwIVW,RwIVW,RwIVW,vrhyp,CcM
Gt,RwIVW,RwIVW,RwIVW,vrhyp,CcM
RwIVW,RwIVW,RwIVW,vrhyp
RwIVW,RwIVW,RwIVW,vrhyp,CrcswqhL
RwIVW,RwIVW,RwIVW,vrhyp,CrcswqhL
RwIVW,RwIVW,vrhyp,CrcswqhL
RwIVW,RwIVW,vrhyp,CrcswqhL,CrcswqhL,CcM
RwIVW,RwIVW,vrhyp,CrcswqhL,CrcswqhL,CcM
vrhyp
RwIVW,RwIVW,CcM,vrhyp,CrcswqhL,CrcswqhL
RwIVW,RwIVW,CcM,vrhyp,CrcswqhL,CrcswqhL,RwIVW,RwIVW
CcM
CcM
CcM
RwIVW,RwIVW,RwIVW,vrhyp,vrhyp
vrhyp
Jedi Wagner, assuma o comando!