[vazia]
[vazia]
[vazia]
[vazia]
[vazia]
[vazia]
Toque! Toque, Dijê!
gzi
Toque! Toque, Dijê!
gzi
[vazia]
Toque! Toque, Dijê!
[vazia]
[vazia]
[vazia]
gzi
gzi
gzi
gzi
gzi
gzi
gzi
gzi,gzi,gzi,gzi
gzi
gzi,gzi,gzi,gzi
gzi
gzi,gzi,gzi,gzi
gzi,gzi,gzi,gzi,gzi,gzi
gzi
gzi,gzi,gzi,gzi,gzi
gzi,gzi,gzi,gzi,gzi
gzi
gzi,gzi,gzi,gzi
gzi
gzi,gzi,gzi,gzi,gzi
gzi,gzi,gzi,gzi,gzi
gzi,gzi,gzi,gzi,gzi
gzi,gzi,gzi,gzi,gzi
gzi
gzi
gzi,gzi,gzi,gzi,gzi
gzi
gzi,gzi,gzi,gzi,gzi
gzi,gzi,gzi,gzi,gzi
gzi,gzi,gzi
gzi
gzi,gzi
gzi
gzi
gzi,gzi,gzi,gzi,gzi
gzi,gzi,gzi,gzi,gzi
gzi
gzi,gzi,gzi,gzi
gzi,gzi,gzi,gzi
gzi,gzi,gzi,gzi,gzi
gzi,gzi,gzi,gzi,gzi
gzi
gzi
gzi
gzi
gzi
gzi
gzi
[vazia]
[vazia]
gzi
[vazia]
Toque! Toque, Dijê!
[vazia]
gzi
gzi
gzi,gzi,gzi,gzi,gzi
gzi
gzi,gzi,gzi,gzi,gzi
gzi
gzi
gzi
gzi
gzi,gzi,gzi,gzi
gzi,gzi,gzi,gzi
gzi
gzi,gzi,gzi
gzi
gzi
gzi,gzi
gzi,gzi,gzi
gzi
gzi,gzi,gzi
gzi
gzi
gzi
gzi
gzi
gzi
gzi,gzi,gzi,gzi,gzi
gzi
gzi
gzi
gzi
gzi,gzi,gzi,gzi,gzi,gzi
gzi,gzi,gzi,gzi,gzi,gzi
gzi
gzi
gzi
gzi
gzi
gzi,gzi,gzi
gzi
gzi
gzi
gzi
gzi,gzi,gzi,gzi
gzi,gzi,gzi
gzi
gzi
gzi
gzi,gzi,gzi,gzi,gzi,gzi
gzi
gzi
gzi,gzi,gzi
gzi
gzi,gzi,gzi
gzi,gzi
gzi,gzi,gzi,gzi
gzi
gzi,gzi,gzi
gzi,gzi,gzi,gzi
gzi
gzi
gzi
gzi
gzi,gzi,gzi,gzi
gzi
gzi
gzi
gzi
gzi,gzi,gzi,gzi,gzi,gzi
gzi
gzi,gzi,gzi,gzi,gzi
gzi,gzi,gzi,gzi,gzi
gzi
gzi
gzi,gzi,gzi,gzi
gzi
gzi
gzi
gzi
gzi,gzi
gzi,gzi
gzi,gzi
gzi
gzi
gzi
gzi,gzi,gzi,gzi,gzi
gzi
gzi,gzi,gzi,gzi,gzi
gzi,gzi,gzi,gzi,gzi,gzi
gzi
gzi,gzi,gzi,gzi,gzi,gzi,gzi
gzi
gzi
gzi
gzi
gzi
gzi,gzi,gzi,gzi,gzi,gzi
gzi
gzi,gzi,gzi,gzi,gzi
gzi,gzi,gzi,gzi,gzi
gzi
gzi,gzi,gzi,gzi,gzi
gzi,gzi,gzi,gzi,gzi
gzi,gzi,gzi,gzi,gzi
gzi
gzi,gzi,gzi,gzi,gzi
gzi
gzi,gzi,gzi,gzi,gzi,gzi,gzi
gzi,gzi,gzi,gzi,gzi,gzi,gzi
gzi,gzi,gzi,gzi,gzi,gzi,gzi
gzi,gzi,gzi,gzi,gzi,gzi,gzi
gzi,gzi,gzi,gzi,gzi,gzi,gzi
gzi
gzi
gzi,gzi,gzi,gzi,gzi,gzi,gzi
gzi
gzi,gzi,gzi,gzi,gzi,gzi,gzi,gzi
gzi,gzi,gzi,gzi,gzi,gzi,gzi,gzi
gzi
gzi,gzi,gzi,gzi,gzi,gzi,gzi,gzi
gzi
Jedi Wagner, assuma o comando!