GsIsKTJtkq
GsIsKTJtkq,e,xrPczt,GsIsKTJtkq
GsIsKTJtkq
GsIsKTJtkq
GsIsKTJtkq,e,xrPczt
GsIsKTJtkq
xrPczt
GsIsKTJtkq,xrPczt,e,NDTszDwMp
GsIsKTJtkq,xrPczt,e,NDTszDwMp
GsIsKTJtkq,xrPczt,e,NDTszDwMp,NDTszDwMp
xrPczt
xrPczt
xrPczt
e
GsIsKTJtkq,xrPczt,e,NDTszDwMp,NDTszDwMp
GsIsKTJtkq,xrPczt,e,NDTszDwMp
e
e
xrPczt,e,NDTszDwMp,NDTszDwMp,NDTszDwMp
e
e
xrPczt,e,NDTszDwMp,NDTszDwMp,NDTszDwMp,NDTszDwMp,ZNxyFYZX,e,ZNxyFYZX
xrPczt,ZNxyFYZX,NDTszDwMp,e,NDTszDwMp,NDTszDwMp,NDTszDwMp,e,ZNxyFYZX
e
e
e
e
GsIsKTJtkq,e,NDTszDwMp,NDTszDwMp,GsIsKTJtkq,fjHzIpUne,e
GsIsKTJtkq,xrPczt,e,NDTszDwMp,NDTszDwMp
GsIsKTJtkq,xrPczt,e,NDTszDwMp,NDTszDwMp,xrPczt
e
GsIsKTJtkq,xrPczt,e,NDTszDwMp,NDTszDwMp,GsIsKTJtkq
GsIsKTJtkq,xrPczt,e,NDTszDwMp,NDTszDwMp
GsIsKTJtkq,xrPczt,e,NDTszDwMp
GsIsKTJtkq,xrPczt,e,NDTszDwMp
GsIsKTJtkq,xrPczt,e,NDTszDwMp
GsIsKTJtkq,xrPczt,e,NDTszDwMp,e,ZNxyFYZX
GsIsKTJtkq,e,NDTszDwMp,e,ZNxyFYZX,GsIsKTJtkq
e
GsIsKTJtkq,e,NDTszDwMp,e,GsIsKTJtkq
GsIsKTJtkq,e,NDTszDwMp,e,GsIsKTJtkq
e
GsIsKTJtkq,e,NDTszDwMp,e,GsIsKTJtkq,ZNxyFYZX
NDTszDwMp
GsIsKTJtkq,NDTszDwMp,e,GsIsKTJtkq,ZNxyFYZX
e
e
e
NDTszDwMp
NDTszDwMp
GsIsKTJtkq
GsIsKTJtkq,e,NDTszDwMp,e,GsIsKTJtkq,NDTszDwMp
GsIsKTJtkq,e,NDTszDwMp,e,GsIsKTJtkq,NDTszDwMp
e,NDTszDwMp,e,GsIsKTJtkq,NDTszDwMp,GsIsKTJtkq,NDTszDwMp
NDTszDwMp
GsIsKTJtkq,NDTszDwMp,e,NDTszDwMp
NDTszDwMp
NDTszDwMp
GsIsKTJtkq,NDTszDwMp,e,NDTszDwMp,GsIsKTJtkq
GsIsKTJtkq,NDTszDwMp,e,NDTszDwMp
GsIsKTJtkq,NDTszDwMp,e,NDTszDwMp,NDTszDwMp
GsIsKTJtkq,NDTszDwMp,e,NDTszDwMp,NDTszDwMp
GsIsKTJtkq,NDTszDwMp,e,NDTszDwMp,NDTszDwMp
GsIsKTJtkq
GsIsKTJtkq
GsIsKTJtkq
GsIsKTJtkq
GsIsKTJtkq
GsIsKTJtkq,ZNxyFYZX,e
GsIsKTJtkq,NDTszDwMp,ZNxyFYZX
GsIsKTJtkq,NDTszDwMp,ZNxyFYZX
GsIsKTJtkq
GsIsKTJtkq
GsIsKTJtkq
GsIsKTJtkq
GsIsKTJtkq
GsIsKTJtkq
GsIsKTJtkq,ZNxyFYZX
GsIsKTJtkq,ZNxyFYZX
GsIsKTJtkq,ZNxyFYZX
GsIsKTJtkq,ZNxyFYZX
GsIsKTJtkq
ZNxyFYZX
GsIsKTJtkq,ZNxyFYZX,fjHzIpUne
ZNxyFYZX
ZNxyFYZX
ZNxyFYZX
GsIsKTJtkq,ZNxyFYZX,fjHzIpUne
ZNxyFYZX
GsIsKTJtkq,ZNxyFYZX,fjHzIpUne,GsIsKTJtkq
GsIsKTJtkq,ZNxyFYZX,fjHzIpUne,GsIsKTJtkq
GsIsKTJtkq
GsIsKTJtkq
GsIsKTJtkq,ZNxyFYZX,fjHzIpUne,GsIsKTJtkq,xrPczt
GsIsKTJtkq
GsIsKTJtkq,ZNxyFYZX,fjHzIpUne,GsIsKTJtkq,xrPczt,ZNxyFYZX
GsIsKTJtkq,ZNxyFYZX,fjHzIpUne,GsIsKTJtkq,xrPczt,ZNxyFYZX
GsIsKTJtkq,ZNxyFYZX,fjHzIpUne,GsIsKTJtkq,xrPczt,ZNxyFYZX
GsIsKTJtkq
xrPczt
GsIsKTJtkq,ZNxyFYZX,fjHzIpUne,GsIsKTJtkq,xrPczt,ZNxyFYZX,ZNxyFYZX,fjHzIpUne
xrPczt
GsIsKTJtkq,ZNxyFYZX,fjHzIpUne,GsIsKTJtkq,xrPczt,ZNxyFYZX,ZNxyFYZX,fjHzIpUne
xrPczt
xrPczt
xrPczt
xrPczt
GsIsKTJtkq,ZNxyFYZX,fjHzIpUne,GsIsKTJtkq,xrPczt,ZNxyFYZX,ZNxyFYZX,fjHzIpUne,e
GsIsKTJtkq,ZNxyFYZX,fjHzIpUne,GsIsKTJtkq,xrPczt,ZNxyFYZX,ZNxyFYZX,fjHzIpUne,e
xrPczt
GsIsKTJtkq,ZNxyFYZX,fjHzIpUne,GsIsKTJtkq,xrPczt,ZNxyFYZX,ZNxyFYZX,fjHzIpUne,e
ZNxyFYZX,fjHzIpUne,GsIsKTJtkq,xrPczt,ZNxyFYZX,ZNxyFYZX,fjHzIpUne,xrPczt,NDTszDwMp,fjHzIpUne
GsIsKTJtkq,ZNxyFYZX,fjHzIpUne,GsIsKTJtkq,xrPczt,ZNxyFYZX,ZNxyFYZX,fjHzIpUne
GsIsKTJtkq,ZNxyFYZX,fjHzIpUne,GsIsKTJtkq,xrPczt,ZNxyFYZX,ZNxyFYZX,fjHzIpUne
xrPczt
xrPczt
xrPczt
GsIsKTJtkq,fjHzIpUne,GsIsKTJtkq,xrPczt,ZNxyFYZX,ZNxyFYZX,fjHzIpUne,GsIsKTJtkq
xrPczt
GsIsKTJtkq,ZNxyFYZX,fjHzIpUne,GsIsKTJtkq,xrPczt,ZNxyFYZX,ZNxyFYZX,fjHzIpUne,NDTszDwMp
GsIsKTJtkq,ZNxyFYZX,fjHzIpUne,GsIsKTJtkq,xrPczt,ZNxyFYZX,ZNxyFYZX,fjHzIpUne,NDTszDwMp,GsIsKTJtkq
GsIsKTJtkq,ZNxyFYZX,fjHzIpUne,GsIsKTJtkq,xrPczt,ZNxyFYZX,ZNxyFYZX,fjHzIpUne
xrPczt
GsIsKTJtkq,ZNxyFYZX,fjHzIpUne,GsIsKTJtkq,xrPczt,ZNxyFYZX,ZNxyFYZX,fjHzIpUne
xrPczt
xrPczt
xrPczt
xrPczt
GsIsKTJtkq
fjHzIpUne,xrPczt,GsIsKTJtkq,ZNxyFYZX,GsIsKTJtkq,ZNxyFYZX,fjHzIpUne
fjHzIpUne,ZNxyFYZX,GsIsKTJtkq,GsIsKTJtkq,ZNxyFYZX,fjHzIpUne
ZNxyFYZX
fjHzIpUne,ZNxyFYZX,GsIsKTJtkq,GsIsKTJtkq,ZNxyFYZX,fjHzIpUne
ZNxyFYZX
ZNxyFYZX
GsIsKTJtkq
fjHzIpUne,ZNxyFYZX,GsIsKTJtkq,GsIsKTJtkq,ZNxyFYZX,fjHzIpUne
GsIsKTJtkq
fjHzIpUne,ZNxyFYZX,GsIsKTJtkq,GsIsKTJtkq,ZNxyFYZX,fjHzIpUne
fjHzIpUne,ZNxyFYZX,GsIsKTJtkq,GsIsKTJtkq,ZNxyFYZX,fjHzIpUne
GsIsKTJtkq
fjHzIpUne,GsIsKTJtkq,GsIsKTJtkq,ZNxyFYZX,fjHzIpUne
GsIsKTJtkq
fjHzIpUne,GsIsKTJtkq,GsIsKTJtkq,ZNxyFYZX,fjHzIpUne
fjHzIpUne,GsIsKTJtkq,GsIsKTJtkq,ZNxyFYZX,fjHzIpUne
fjHzIpUne,ZNxyFYZX,GsIsKTJtkq,GsIsKTJtkq,ZNxyFYZX,fjHzIpUne,GsIsKTJtkq,NDTszDwMp
fjHzIpUne,ZNxyFYZX,GsIsKTJtkq,GsIsKTJtkq,ZNxyFYZX,fjHzIpUne
fjHzIpUne,ZNxyFYZX,GsIsKTJtkq,ZNxyFYZX,fjHzIpUne
GsIsKTJtkq
Jedi Wagner, assuma o comando!