[vazia]
iqKNm
[vazia]
Toque! Toque, Dijê!
[vazia]
[vazia]
nyPeoaKKm
nyPeoaKKm
nyPeoaKKm
nyPeoaKKm
nyPeoaKKm
nyPeoaKKm
nyPeoaKKm
nyPeoaKKm
nyPeoaKKm,iqKNm
iqKNm,nyPeoaKKm,iqKNm
nyPeoaKKm,iqKNm
nyPeoaKKm,iqKNm
iqKNm
iqKNm
iqKNm
iqKNm
iqKNm
iqKNm
iqKNm
iqKNm
iqKNm,iqKNm
iqKNm
iqKNm
iqKNm
iqKNm
iqKNm
iqKNm
nyPeoaKKm,iqKNm
nyPeoaKKm,iqKNm,nyPeoaKKm
nyPeoaKKm
nyPeoaKKm
nyPeoaKKm
nyPeoaKKm
nyPeoaKKm
nyPeoaKKm
nyPeoaKKm
nyPeoaKKm
nyPeoaKKm
iqKNm
iqKNm
iqKNm
iqKNm
[vazia]
[vazia]
Toque! Toque, Dijê!
iqKNm
iqKNm
iqKNm
iqKNm
iqKNm
iqKNm
iqKNm
iqKNm
iqKNm
iqKNm,iqKNm
iqKNm
iqKNm
iqKNm
iqKNm
iqKNm,iqKNm,iqKNm
iqKNm
iqKNm,iqKNm,iqKNm,iqKNm
iqKNm,iqKNm,iqKNm,iqKNm
iqKNm
iqKNm
iqKNm,iqKNm,iqKNm
iqKNm,iqKNm,iqKNm,iqKNm
iqKNm,iqKNm,iqKNm,iqKNm,iqKNm
iqKNm,iqKNm,iqKNm,iqKNm,iqKNm
iqKNm
iqKNm,iqKNm,iqKNm,iqKNm,iqKNm,nyPeoaKKm,iqKNm
iqKNm,iqKNm,iqKNm,iqKNm,iqKNm,nyPeoaKKm,iqKNm,nyPeoaKKm
iqKNm,iqKNm,iqKNm,iqKNm,iqKNm,nyPeoaKKm,iqKNm,nyPeoaKKm
iqKNm,iqKNm,iqKNm,iqKNm,iqKNm,nyPeoaKKm,iqKNm,nyPeoaKKm
iqKNm,iqKNm,iqKNm,iqKNm,iqKNm,nyPeoaKKm,iqKNm
iqKNm,iqKNm,iqKNm,iqKNm,iqKNm,nyPeoaKKm,iqKNm
iqKNm,iqKNm,iqKNm,iqKNm,iqKNm,nyPeoaKKm,iqKNm
iqKNm,iqKNm,iqKNm,iqKNm,iqKNm,nyPeoaKKm,iqKNm
iqKNm
iqKNm,iqKNm,iqKNm,iqKNm,iqKNm,nyPeoaKKm,iqKNm
iqKNm
iqKNm
iqKNm,iqKNm,iqKNm,iqKNm,iqKNm
iqKNm
iqKNm,iqKNm,iqKNm,iqKNm,iqKNm
iqKNm,iqKNm,iqKNm,iqKNm,iqKNm,nyPeoaKKm,iqKNm
iqKNm,iqKNm,iqKNm,iqKNm
iqKNm
iqKNm
iqKNm,iqKNm,iqKNm,iqKNm,iqKNm
iqKNm,iqKNm,iqKNm,iqKNm,iqKNm
iqKNm
iqKNm,iqKNm,iqKNm,iqKNm,iqKNm,nyPeoaKKm,nyPeoaKKm
iqKNm
iqKNm,iqKNm,iqKNm,iqKNm
nyPeoaKKm
nyPeoaKKm
iqKNm
iqKNm,iqKNm,iqKNm,iqKNm,iqKNm
iqKNm,iqKNm,iqKNm,iqKNm,nyPeoaKKm
iqKNm
iqKNm,iqKNm,iqKNm,iqKNm,nyPeoaKKm,iqKNm,iqKNm
iqKNm,iqKNm,iqKNm,iqKNm,nyPeoaKKm,iqKNm,iqKNm
iqKNm,iqKNm,iqKNm,iqKNm,iqKNm,iqKNm
iqKNm
iqKNm,iqKNm,iqKNm,iqKNm,iqKNm,iqKNm,nyPeoaKKm
iqKNm
iqKNm,iqKNm,iqKNm,iqKNm,iqKNm,nyPeoaKKm
iqKNm,iqKNm,iqKNm,iqKNm,iqKNm
iqKNm
iqKNm,iqKNm,iqKNm,iqKNm,iqKNm,iqKNm
iqKNm
iqKNm
iqKNm
iqKNm,iqKNm,iqKNm,iqKNm,iqKNm,iqKNm,iqKNm,nyPeoaKKm
iqKNm,iqKNm,iqKNm,iqKNm,iqKNm,iqKNm,nyPeoaKKm
iqKNm
iqKNm
iqKNm
iqKNm,iqKNm,iqKNm,iqKNm,iqKNm,iqKNm,nyPeoaKKm,nyPeoaKKm,nyPeoaKKm,nyPeoaKKm
iqKNm
iqKNm,iqKNm,iqKNm,iqKNm,nyPeoaKKm,iqKNm,iqKNm,nyPeoaKKm,nyPeoaKKm,nyPeoaKKm,iqKNm
iqKNm,iqKNm,iqKNm,iqKNm,nyPeoaKKm,iqKNm,iqKNm,nyPeoaKKm,nyPeoaKKm,nyPeoaKKm,iqKNm
iqKNm,iqKNm,nyPeoaKKm,iqKNm,iqKNm,iqKNm,iqKNm,nyPeoaKKm,nyPeoaKKm,nyPeoaKKm,iqKNm
nyPeoaKKm,iqKNm,iqKNm,iqKNm,nyPeoaKKm,nyPeoaKKm,nyPeoaKKm,iqKNm
iqKNm,iqKNm,iqKNm,iqKNm,nyPeoaKKm,iqKNm,iqKNm,nyPeoaKKm,nyPeoaKKm,nyPeoaKKm,iqKNm
iqKNm,iqKNm,iqKNm,iqKNm,nyPeoaKKm,iqKNm,iqKNm,nyPeoaKKm,nyPeoaKKm,nyPeoaKKm,iqKNm
iqKNm,iqKNm,iqKNm,iqKNm,iqKNm,nyPeoaKKm,nyPeoaKKm,nyPeoaKKm,iqKNm,iqKNm
iqKNm,iqKNm,iqKNm,iqKNm,nyPeoaKKm,iqKNm,iqKNm,nyPeoaKKm,nyPeoaKKm,nyPeoaKKm,iqKNm,nyPeoaKKm
nyPeoaKKm
iqKNm,iqKNm,iqKNm,iqKNm,iqKNm,iqKNm,nyPeoaKKm,nyPeoaKKm,nyPeoaKKm,nyPeoaKKm,iqKNm,nyPeoaKKm
nyPeoaKKm
iqKNm,iqKNm,iqKNm,iqKNm,iqKNm,iqKNm,nyPeoaKKm,nyPeoaKKm,nyPeoaKKm,nyPeoaKKm,iqKNm,nyPeoaKKm,nyPeoaKKm
iqKNm,iqKNm,iqKNm,iqKNm,iqKNm,iqKNm,nyPeoaKKm,nyPeoaKKm,nyPeoaKKm,nyPeoaKKm,iqKNm,nyPeoaKKm,nyPeoaKKm,iqKNm
iqKNm,iqKNm,iqKNm,iqKNm,iqKNm,iqKNm,nyPeoaKKm,nyPeoaKKm,nyPeoaKKm,nyPeoaKKm,iqKNm,nyPeoaKKm,nyPeoaKKm,iqKNm
nyPeoaKKm
iqKNm,iqKNm,iqKNm,iqKNm,iqKNm,iqKNm,nyPeoaKKm,nyPeoaKKm,nyPeoaKKm,nyPeoaKKm,iqKNm,nyPeoaKKm,nyPeoaKKm,iqKNm,nyPeoaKKm,nyPeoaKKm
iqKNm,iqKNm,iqKNm,iqKNm,iqKNm,nyPeoaKKm,nyPeoaKKm,nyPeoaKKm,nyPeoaKKm,iqKNm,nyPeoaKKm,nyPeoaKKm,iqKNm,nyPeoaKKm,nyPeoaKKm
nyPeoaKKm
iqKNm,iqKNm,iqKNm,iqKNm,iqKNm,nyPeoaKKm,nyPeoaKKm,nyPeoaKKm,nyPeoaKKm,iqKNm,nyPeoaKKm,nyPeoaKKm,iqKNm,nyPeoaKKm,nyPeoaKKm,iqKNm,iqKNm
iqKNm,iqKNm,iqKNm,iqKNm,iqKNm,nyPeoaKKm,nyPeoaKKm,nyPeoaKKm,iqKNm,nyPeoaKKm,nyPeoaKKm,iqKNm,nyPeoaKKm,nyPeoaKKm,iqKNm,iqKNm
iqKNm,iqKNm,iqKNm,iqKNm,nyPeoaKKm,nyPeoaKKm,iqKNm,nyPeoaKKm,nyPeoaKKm,iqKNm,nyPeoaKKm,nyPeoaKKm,iqKNm,nyPeoaKKm,nyPeoaKKm
nyPeoaKKm
iqKNm,iqKNm,iqKNm,iqKNm,nyPeoaKKm,nyPeoaKKm,iqKNm,nyPeoaKKm,nyPeoaKKm,iqKNm,nyPeoaKKm,nyPeoaKKm,iqKNm,nyPeoaKKm,nyPeoaKKm
nyPeoaKKm
iqKNm,iqKNm,iqKNm,iqKNm,nyPeoaKKm,nyPeoaKKm,iqKNm,nyPeoaKKm,nyPeoaKKm,iqKNm,nyPeoaKKm,nyPeoaKKm,iqKNm,nyPeoaKKm,nyPeoaKKm
nyPeoaKKm
nyPeoaKKm
Jedi Wagner, assuma o comando!