[vazia]
Toque! Toque, Dijê!
U
GtoHEFl
GtoHEFl
GtoHEFl
GtoHEFl
GtoHEFl
GtoHEFl
GtoHEFl
GtoHEFl
GtoHEFl,NeQITyw
GtoHEFl,NeQITyw
GtoHEFl
GtoHEFl
GtoHEFl
GtoHEFl
GtoHEFl
GtoHEFl
GtoHEFl
GtoHEFl
GtoHEFl,GtoHEFl
GtoHEFl,GtoHEFl
GtoHEFl
GtoHEFl,NeQITyw,du,fYsqB
GtoHEFl
GtoHEFl
GtoHEFl
GtoHEFl
GtoHEFl
GtoHEFl,p
GtoHEFl,p
GtoHEFl,p
GtoHEFl
GtoHEFl
GtoHEFl
GtoHEFl,p,du,fYsqB
GtoHEFl
U
U
GtoHEFl
GtoHEFl
GtoHEFl
GtoHEFl
GtoHEFl
GtoHEFl,U
GtoHEFl,U
GtoHEFl
GtoHEFl
GtoHEFl
GtoHEFl
GtoHEFl
GtoHEFl
GtoHEFl
GtoHEFl,U
GtoHEFl,U
GtoHEFl
GtoHEFl
GtoHEFl
GtoHEFl
GtoHEFl
GtoHEFl
GtoHEFl
GtoHEFl
GtoHEFl,du
GtoHEFl
GtoHEFl,p,rs
GtoHEFl
p
p
GtoHEFl,p,rs,U,GtoHEFl,fYsqB,rs,fYsqB,NeQITyw
GtoHEFl,p,rs,U,GtoHEFl,fYsqB,rs,fYsqB,NeQITyw,U
GtoHEFl,p,rs,U,GtoHEFl,fYsqB,rs,fYsqB,NeQITyw,U,fYsqB,fYsqB,rs
rs
GtoHEFl,rs,NeQITyw,U,GtoHEFl,fYsqB,rs,fYsqB,U,fYsqB,fYsqB,GtoHEFl
NeQITyw
NeQITyw
NeQITyw
NeQITyw
NeQITyw
GtoHEFl,rs,NeQITyw,U,GtoHEFl,fYsqB,rs,fYsqB,U,fYsqB,fYsqB,GtoHEFl,U,GtoHEFl
NeQITyw
GtoHEFl,rs,NeQITyw,GtoHEFl,fYsqB,rs,fYsqB,U,fYsqB,fYsqB,GtoHEFl,U,GtoHEFl
fYsqB
GtoHEFl,rs,NeQITyw,GtoHEFl,fYsqB,rs,fYsqB,U,fYsqB,fYsqB,GtoHEFl,U,GtoHEFl,rs,NeQITyw,rs,p
GtoHEFl,rs,GtoHEFl,fYsqB,NeQITyw,rs,fYsqB,U,fYsqB,fYsqB,GtoHEFl,U,GtoHEFl
NeQITyw
NeQITyw
GtoHEFl,rs,GtoHEFl,fYsqB,NeQITyw,rs,fYsqB,U,fYsqB,fYsqB,GtoHEFl,U,GtoHEFl,du
NeQITyw
GtoHEFl
rs,GtoHEFl,fYsqB,GtoHEFl,rs,fYsqB,fYsqB,fYsqB,GtoHEFl,U,GtoHEFl,U,p
fYsqB
rs,NeQITyw,GtoHEFl,fYsqB,rs,fYsqB,fYsqB,fYsqB,GtoHEFl,U,GtoHEFl,GtoHEFl
fYsqB
rs,NeQITyw,GtoHEFl,fYsqB,rs,fYsqB,fYsqB,fYsqB,GtoHEFl,U,GtoHEFl,GtoHEFl
rs,NeQITyw,GtoHEFl,fYsqB,rs,fYsqB,fYsqB,fYsqB,GtoHEFl,U,GtoHEFl,GtoHEFl
fYsqB
GtoHEFl,rs,GtoHEFl,fYsqB,rs,fYsqB,U,fYsqB,fYsqB,GtoHEFl,U,GtoHEFl
GtoHEFl,rs,NeQITyw,GtoHEFl,fYsqB,rs,fYsqB,U,fYsqB,fYsqB,GtoHEFl,U,GtoHEFl
GtoHEFl,rs,NeQITyw,GtoHEFl,fYsqB,rs,fYsqB,U,fYsqB,fYsqB,GtoHEFl,U,GtoHEFl,U
fYsqB
GtoHEFl,rs,NeQITyw,GtoHEFl,fYsqB,rs,fYsqB,U,fYsqB,fYsqB,GtoHEFl,U,GtoHEFl,U,p
GtoHEFl,rs,NeQITyw,GtoHEFl,fYsqB,rs,fYsqB,U,fYsqB,fYsqB,GtoHEFl,U,GtoHEFl,U,p
GtoHEFl,rs,NeQITyw,GtoHEFl,fYsqB,rs,fYsqB,U,fYsqB,fYsqB,GtoHEFl,U,GtoHEFl,U
GtoHEFl,rs,NeQITyw,GtoHEFl,fYsqB,rs,fYsqB,U,fYsqB,fYsqB,GtoHEFl,U,GtoHEFl
fYsqB
rs
GtoHEFl
rs
GtoHEFl,rs,NeQITyw,GtoHEFl,fYsqB,rs,fYsqB,U,fYsqB,fYsqB,GtoHEFl,U,GtoHEFl
rs
GtoHEFl,rs,NeQITyw,GtoHEFl,fYsqB,rs,fYsqB,U,fYsqB,fYsqB,GtoHEFl,U,GtoHEFl
GtoHEFl,rs,NeQITyw,GtoHEFl,rs,fYsqB,fYsqB,U,fYsqB,fYsqB,GtoHEFl,U,GtoHEFl
GtoHEFl,rs,NeQITyw,GtoHEFl,fYsqB,rs,fYsqB,U,fYsqB,fYsqB,GtoHEFl,U,GtoHEFl
rs
GtoHEFl,rs,NeQITyw,GtoHEFl,fYsqB,rs,fYsqB,U,fYsqB,fYsqB,GtoHEFl,U,GtoHEFl
NeQITyw
GtoHEFl,rs,GtoHEFl,rs,fYsqB,NeQITyw,fYsqB,U,fYsqB,fYsqB,GtoHEFl,U,GtoHEFl,rs
NeQITyw
GtoHEFl,GtoHEFl,rs,fYsqB,NeQITyw,fYsqB,fYsqB,fYsqB,GtoHEFl,U,GtoHEFl,rs
fYsqB
fYsqB
GtoHEFl
rs
rs
rs
GtoHEFl,GtoHEFl,rs,fYsqB,NeQITyw,fYsqB,fYsqB,fYsqB,GtoHEFl,U,GtoHEFl,rs,NeQITyw,du
rs
GtoHEFl,GtoHEFl,rs,fYsqB,NeQITyw,fYsqB,fYsqB,fYsqB,GtoHEFl,U,GtoHEFl,rs
GtoHEFl,GtoHEFl,rs,fYsqB,NeQITyw,fYsqB,fYsqB,fYsqB,GtoHEFl,U,GtoHEFl,rs,p
GtoHEFl,GtoHEFl,rs,NeQITyw,fYsqB,fYsqB,fYsqB,GtoHEFl,U,GtoHEFl,rs,NeQITyw,fYsqB,du,du
GtoHEFl,GtoHEFl,rs,NeQITyw,fYsqB,fYsqB,fYsqB,GtoHEFl,U,GtoHEFl,rs,NeQITyw,fYsqB,du,du
NeQITyw
GtoHEFl,GtoHEFl,rs,fYsqB,fYsqB,fYsqB,GtoHEFl,GtoHEFl,rs,NeQITyw,fYsqB,U,NeQITyw,du,du,NeQITyw
GtoHEFl,GtoHEFl,rs,fYsqB,fYsqB,fYsqB,GtoHEFl,GtoHEFl,rs,NeQITyw,fYsqB,U,NeQITyw,du,du,NeQITyw,fYsqB
GtoHEFl,GtoHEFl,rs,fYsqB,fYsqB,fYsqB,GtoHEFl,GtoHEFl,rs,NeQITyw,fYsqB,U,NeQITyw,du,du,NeQITyw,fYsqB,fYsqB,NeQITyw
NeQITyw
GtoHEFl,GtoHEFl,rs,fYsqB,fYsqB,fYsqB,GtoHEFl,GtoHEFl,rs,NeQITyw,fYsqB,U,NeQITyw,du,du,NeQITyw,fYsqB,fYsqB,NeQITyw
GtoHEFl,GtoHEFl,rs,fYsqB,fYsqB,fYsqB,GtoHEFl,GtoHEFl,rs,NeQITyw,fYsqB,U,NeQITyw,du,du,NeQITyw,fYsqB,fYsqB,NeQITyw
fYsqB
GtoHEFl,GtoHEFl,rs,fYsqB,fYsqB,fYsqB,GtoHEFl,GtoHEFl,rs,NeQITyw,fYsqB,U,NeQITyw,du,du,NeQITyw,fYsqB,fYsqB,NeQITyw
GtoHEFl,GtoHEFl,rs,fYsqB,fYsqB,fYsqB,GtoHEFl,GtoHEFl,rs,NeQITyw,fYsqB,U,NeQITyw,du,du,NeQITyw,fYsqB,fYsqB,NeQITyw
fYsqB
rs,fYsqB,fYsqB,fYsqB,GtoHEFl,GtoHEFl,rs,fYsqB,U,NeQITyw,du,du,NeQITyw,fYsqB,GtoHEFl,GtoHEFl,fYsqB,NeQITyw,U,U,rs
fYsqB
fYsqB
rs,fYsqB,fYsqB,fYsqB,GtoHEFl,rs,fYsqB,U,NeQITyw,du,du,NeQITyw,fYsqB,GtoHEFl,GtoHEFl,fYsqB,NeQITyw,U,U,rs
rs,fYsqB,fYsqB,fYsqB,GtoHEFl,rs,fYsqB,U,NeQITyw,du,du,NeQITyw,fYsqB,GtoHEFl,GtoHEFl,fYsqB,NeQITyw,U,U,rs,KPHTXMorl
rs,fYsqB,fYsqB,fYsqB,GtoHEFl,rs,fYsqB,U,NeQITyw,du,du,NeQITyw,fYsqB,GtoHEFl,GtoHEFl,fYsqB,NeQITyw,U,U,rs,rs
fYsqB
Jedi Wagner, assuma o comando!