[vazia]
[vazia]
Toque! Toque, Dijê!
[vazia]
[vazia]
[vazia]
GoU,HKOaTzu
GoU,AdfeEXAOTp,GoU
GoU
GoU,AdfeEXAOTp,GoU
AdfeEXAOTp,GoU,GoU,AdfeEXAOTp
AdfeEXAOTp
AdfeEXAOTp,GoU,AdfeEXAOTp
GoU,AdfeEXAOTp,AdfeEXAOTp
GoU,AdfeEXAOTp
[vazia]
DWUslc
[vazia]
[vazia]
[vazia]
[vazia]
AdfeEXAOTp,HKOaTzu,GoU
GoU
GoU
[vazia]
[vazia]
[vazia]
[vazia]
Toque! Toque, Dijê!
Toque! Toque, Dijê!
[vazia]
Toque! Toque, Dijê!
[vazia]
[vazia]
[vazia]
Toque! Toque, Dijê!
Toque! Toque, Dijê!
DWUslc
DWUslc
DWUslc
DWUslc,AdfeEXAOTp
DWUslc
DWUslc
DWUslc
DWUslc
DWUslc
DWUslc,DWUslc
DWUslc,DWUslc
DWUslc
DWUslc
DWUslc
DWUslc
DWUslc,DWUslc,GoU,GoU
DWUslc,GoU,HKOaTzu,DWUslc
HKOaTzu
DWUslc
DWUslc,HKOaTzu,DWUslc
DWUslc
DWUslc,DWUslc,DWUslc,HKOaTzu
DWUslc,DWUslc,DWUslc,HKOaTzu
DWUslc,DWUslc,GoU,HKOaTzu,DWUslc
DWUslc,DWUslc,GoU,HKOaTzu,DWUslc
DWUslc,DWUslc,GoU,HKOaTzu,DWUslc
DWUslc,DWUslc,GoU
DWUslc,DWUslc,GoU,DWUslc,HKOaTzu
DWUslc,DWUslc,GoU,DWUslc,HKOaTzu
DWUslc
DWUslc,DWUslc,GoU,DWUslc,HKOaTzu,AdfeEXAOTp
DWUslc
DWUslc,DWUslc,HKOaTzu,GoU
DWUslc,DWUslc,GoU
DWUslc,DWUslc,GoU,HKOaTzu
DWUslc,DWUslc,GoU,HKOaTzu
DWUslc,DWUslc,GoU,HKOaTzu,AdfeEXAOTp
DWUslc
DWUslc,DWUslc,GoU,HKOaTzu
HKOaTzu
HKOaTzu
DWUslc,DWUslc,GoU,HKOaTzu
HKOaTzu
HKOaTzu
DWUslc,DWUslc,HKOaTzu,GoU,DWUslc
DWUslc,DWUslc,HKOaTzu,GoU,DWUslc
HKOaTzu
DWUslc,GoU,HKOaTzu,DWUslc,DWUslc
DWUslc
DWUslc,GoU,DWUslc,DWUslc
HKOaTzu,DWUslc,GoU,DWUslc,DWUslc
HKOaTzu,GoU,DWUslc,DWUslc,HKOaTzu
DWUslc
GoU,DWUslc,HKOaTzu,DWUslc
HKOaTzu,GoU,DWUslc,HKOaTzu
AdfeEXAOTp
HKOaTzu,DWUslc,HKOaTzu,GoU
HKOaTzu,DWUslc,HKOaTzu,GoU
HKOaTzu,DWUslc,HKOaTzu,GoU
HKOaTzu,DWUslc,HKOaTzu,GoU
HKOaTzu,DWUslc,HKOaTzu,GoU,HKOaTzu
HKOaTzu,DWUslc,HKOaTzu,GoU,HKOaTzu
GoU
DWUslc
DWUslc
HKOaTzu,HKOaTzu,GoU,DWUslc,HKOaTzu,HKOaTzu,HKOaTzu
HKOaTzu,HKOaTzu,DWUslc,HKOaTzu,HKOaTzu,HKOaTzu
HKOaTzu,HKOaTzu,DWUslc,HKOaTzu,HKOaTzu,HKOaTzu
DWUslc
DWUslc
HKOaTzu,HKOaTzu,DWUslc,HKOaTzu,HKOaTzu,HKOaTzu
HKOaTzu,HKOaTzu,DWUslc,HKOaTzu,HKOaTzu,HKOaTzu
HKOaTzu,HKOaTzu,DWUslc,HKOaTzu,HKOaTzu,HKOaTzu,AdfeEXAOTp
HKOaTzu,DWUslc,HKOaTzu,GoU,HKOaTzu
DWUslc
DWUslc
DWUslc
HKOaTzu,HKOaTzu,GoU,DWUslc,HKOaTzu
HKOaTzu,HKOaTzu,DWUslc,HKOaTzu,DWUslc
HKOaTzu,HKOaTzu,DWUslc,HKOaTzu,DWUslc
DWUslc
DWUslc
DWUslc
DWUslc
HKOaTzu
HKOaTzu,GoU,HKOaTzu,DWUslc,AdfeEXAOTp
HKOaTzu
HKOaTzu
HKOaTzu,HKOaTzu,AdfeEXAOTp,DWUslc,DWUslc,AdfeEXAOTp,AdfeEXAOTp,DWUslc,HKOaTzu
DWUslc
DWUslc
DWUslc
HKOaTzu,HKOaTzu,DWUslc,DWUslc,AdfeEXAOTp,AdfeEXAOTp,DWUslc,HKOaTzu,AdfeEXAOTp
AdfeEXAOTp,AdfeEXAOTp,HKOaTzu,DWUslc,HKOaTzu,DWUslc,DWUslc,HKOaTzu,AdfeEXAOTp,GoU,AdfeEXAOTp,AdfeEXAOTp
AdfeEXAOTp,AdfeEXAOTp,DWUslc,HKOaTzu,DWUslc,GoU,DWUslc,HKOaTzu,AdfeEXAOTp,AdfeEXAOTp,AdfeEXAOTp
AdfeEXAOTp
AdfeEXAOTp,DWUslc,HKOaTzu,DWUslc,GoU,AdfeEXAOTp,DWUslc,HKOaTzu,AdfeEXAOTp,AdfeEXAOTp,AdfeEXAOTp
DWUslc
DWUslc
DWUslc
AdfeEXAOTp,HKOaTzu,GoU,AdfeEXAOTp,DWUslc,HKOaTzu,DWUslc,AdfeEXAOTp,AdfeEXAOTp,AdfeEXAOTp,GoU
DWUslc
HKOaTzu
GoU
AdfeEXAOTp,AdfeEXAOTp,GoU,HKOaTzu,AdfeEXAOTp,AdfeEXAOTp,AdfeEXAOTp,HKOaTzu
AdfeEXAOTp,AdfeEXAOTp,GoU,HKOaTzu,AdfeEXAOTp,AdfeEXAOTp,AdfeEXAOTp,HKOaTzu
AdfeEXAOTp,AdfeEXAOTp,GoU,HKOaTzu,AdfeEXAOTp,AdfeEXAOTp,AdfeEXAOTp,HKOaTzu
AdfeEXAOTp,AdfeEXAOTp,HKOaTzu,AdfeEXAOTp,AdfeEXAOTp,AdfeEXAOTp,HKOaTzu
AdfeEXAOTp,AdfeEXAOTp,AdfeEXAOTp,AdfeEXAOTp,AdfeEXAOTp,HKOaTzu,DWUslc
AdfeEXAOTp,DWUslc,HKOaTzu,DWUslc,GoU,AdfeEXAOTp,DWUslc,HKOaTzu,AdfeEXAOTp,AdfeEXAOTp,AdfeEXAOTp
AdfeEXAOTp,DWUslc,HKOaTzu,DWUslc,GoU,AdfeEXAOTp,DWUslc,HKOaTzu,AdfeEXAOTp,AdfeEXAOTp,AdfeEXAOTp
AdfeEXAOTp,DWUslc,HKOaTzu,DWUslc,GoU,AdfeEXAOTp,DWUslc,HKOaTzu,AdfeEXAOTp,AdfeEXAOTp,AdfeEXAOTp
AdfeEXAOTp,DWUslc,HKOaTzu,DWUslc,GoU,AdfeEXAOTp,DWUslc,HKOaTzu,AdfeEXAOTp,AdfeEXAOTp,AdfeEXAOTp
DWUslc,HKOaTzu,DWUslc,GoU,AdfeEXAOTp,DWUslc,HKOaTzu,AdfeEXAOTp,AdfeEXAOTp,AdfeEXAOTp
DWUslc,GoU,AdfeEXAOTp,DWUslc,DWUslc,HKOaTzu,AdfeEXAOTp,AdfeEXAOTp,AdfeEXAOTp
DWUslc,GoU,AdfeEXAOTp,DWUslc,DWUslc,HKOaTzu,AdfeEXAOTp,AdfeEXAOTp,AdfeEXAOTp,GoU
AdfeEXAOTp,GoU,AdfeEXAOTp,DWUslc,HKOaTzu,HKOaTzu,DWUslc,AdfeEXAOTp,AdfeEXAOTp,AdfeEXAOTp
HKOaTzu
HKOaTzu
AdfeEXAOTp,DWUslc,GoU,AdfeEXAOTp,DWUslc,HKOaTzu,HKOaTzu,AdfeEXAOTp,AdfeEXAOTp,AdfeEXAOTp,GoU
DWUslc
HKOaTzu
AdfeEXAOTp,DWUslc,GoU,AdfeEXAOTp,DWUslc,HKOaTzu,HKOaTzu,AdfeEXAOTp,AdfeEXAOTp,AdfeEXAOTp,GoU,DWUslc
HKOaTzu
AdfeEXAOTp,DWUslc,GoU,AdfeEXAOTp,DWUslc,HKOaTzu,HKOaTzu,AdfeEXAOTp,AdfeEXAOTp,AdfeEXAOTp,GoU
AdfeEXAOTp,DWUslc,GoU,AdfeEXAOTp,DWUslc,HKOaTzu,AdfeEXAOTp,AdfeEXAOTp,AdfeEXAOTp,GoU,AdfeEXAOTp
AdfeEXAOTp
AdfeEXAOTp
HKOaTzu
GoU
DWUslc,AdfeEXAOTp,DWUslc,HKOaTzu,AdfeEXAOTp,AdfeEXAOTp,AdfeEXAOTp,GoU,AdfeEXAOTp,DWUslc
GoU
AdfeEXAOTp
DWUslc
DWUslc
DWUslc
AdfeEXAOTp,DWUslc,HKOaTzu,AdfeEXAOTp,AdfeEXAOTp,AdfeEXAOTp,GoU,AdfeEXAOTp,DWUslc,DWUslc,DWUslc,AdfeEXAOTp
AdfeEXAOTp,DWUslc,HKOaTzu,AdfeEXAOTp,AdfeEXAOTp,AdfeEXAOTp,AdfeEXAOTp,DWUslc,GoU,DWUslc,DWUslc,AdfeEXAOTp
AdfeEXAOTp,DWUslc,HKOaTzu,AdfeEXAOTp,AdfeEXAOTp,AdfeEXAOTp,AdfeEXAOTp,DWUslc,GoU,DWUslc,DWUslc,AdfeEXAOTp
DWUslc
DWUslc,HKOaTzu,AdfeEXAOTp,AdfeEXAOTp,AdfeEXAOTp,AdfeEXAOTp,DWUslc,GoU,DWUslc,AdfeEXAOTp,DWUslc,AdfeEXAOTp,HKOaTzu
DWUslc,HKOaTzu,AdfeEXAOTp,AdfeEXAOTp,AdfeEXAOTp,AdfeEXAOTp,DWUslc,GoU,DWUslc,AdfeEXAOTp,DWUslc,AdfeEXAOTp,HKOaTzu
DWUslc,HKOaTzu,AdfeEXAOTp,AdfeEXAOTp,AdfeEXAOTp,AdfeEXAOTp,DWUslc,GoU,DWUslc,AdfeEXAOTp,DWUslc,AdfeEXAOTp,HKOaTzu
GoU
AdfeEXAOTp,AdfeEXAOTp,AdfeEXAOTp,AdfeEXAOTp,DWUslc,DWUslc,AdfeEXAOTp,DWUslc,HKOaTzu,AdfeEXAOTp,HKOaTzu,GoU,AdfeEXAOTp
GoU
AdfeEXAOTp,AdfeEXAOTp,AdfeEXAOTp,AdfeEXAOTp,DWUslc,AdfeEXAOTp,DWUslc,AdfeEXAOTp,HKOaTzu,GoU,AdfeEXAOTp
AdfeEXAOTp,AdfeEXAOTp,AdfeEXAOTp,AdfeEXAOTp,AdfeEXAOTp,DWUslc,AdfeEXAOTp,HKOaTzu,GoU,AdfeEXAOTp
AdfeEXAOTp,AdfeEXAOTp,AdfeEXAOTp,AdfeEXAOTp,AdfeEXAOTp,AdfeEXAOTp,HKOaTzu,GoU,DWUslc,AdfeEXAOTp
GoU
AdfeEXAOTp
AdfeEXAOTp,AdfeEXAOTp,AdfeEXAOTp,AdfeEXAOTp,HKOaTzu,DWUslc,AdfeEXAOTp,AdfeEXAOTp,DWUslc
AdfeEXAOTp,AdfeEXAOTp,AdfeEXAOTp,AdfeEXAOTp,AdfeEXAOTp,AdfeEXAOTp,GoU,DWUslc,AdfeEXAOTp,DWUslc,GoU,DWUslc
DWUslc
DWUslc
Jedi Wagner, assuma o comando!