iWIPDSsm
[vazia]
[vazia]
[vazia]
EZjalFBw
EZjalFBw
EZjalFBw
Toque! Toque, Dijê!
Ok
Ok
Ok
Ok
XQEzs
XQEzs,c
c
XQEzs,c,XQEzs
XQEzs,c,XQEzs
c
c,XQEzs,XQEzs
c,XQEzs,XQEzs
c,XQEzs,XQEzs
c,XQEzs,XQEzs
c
c
c
c
Toque! Toque, Dijê!
[vazia]
iWIPDSsm
c
c
c
PnotsLbZY
PnotsLbZY
PnotsLbZY
PnotsLbZY
PnotsLbZY
Toque! Toque, Dijê!
iWIPDSsm
iWIPDSsm
iWIPDSsm
iWIPDSsm
iWIPDSsm
iWIPDSsm
iWIPDSsm
iWIPDSsm,c,iWIPDSsm,c
iWIPDSsm,c,iWIPDSsm,c
iWIPDSsm,c,iWIPDSsm,c
iWIPDSsm
iWIPDSsm,c,iWIPDSsm,c
iWIPDSsm
iWIPDSsm
iWIPDSsm
iWIPDSsm
iWIPDSsm
iWIPDSsm,PnotsLbZY,c
iWIPDSsm,PnotsLbZY,c
iWIPDSsm,PnotsLbZY
iWIPDSsm,PnotsLbZY
PnotsLbZY
PnotsLbZY
PnotsLbZY
iWIPDSsm,PnotsLbZY
iWIPDSsm,PnotsLbZY
iWIPDSsm,PnotsLbZY
iWIPDSsm,PnotsLbZY,c
iWIPDSsm,PnotsLbZY,c
iWIPDSsm
iWIPDSsm,PnotsLbZY,xuXpEg
iWIPDSsm
iWIPDSsm,PnotsLbZY
iWIPDSsm
PnotsLbZY,iWIPDSsm
PnotsLbZY
PnotsLbZY
PnotsLbZY,iWIPDSsm
[vazia]
[vazia]
Toque! Toque, Dijê!
Toque! Toque, Dijê!
Toque! Toque, Dijê!
PnotsLbZY
PnotsLbZY
PnotsLbZY,iWIPDSsm
iWIPDSsm,PnotsLbZY
Jedi Wagner, assuma o comando!