[vazia]
Toque! Toque, Dijê!
Toque! Toque, Dijê!
Toque! Toque, Dijê!
Toque! Toque, Dijê!
[vazia]
ztpsqz,PSgvDmo
ztpsqz,PSgvDmo
UKDWcX
UKDWcX
UKDWcX
UKDWcX
ztpsqz,UKDWcX
UKDWcX,i,i
UKDWcX,i,i
i
i
UKDWcX,i,i
UKDWcX,i,i,qcTGAA
i
UKDWcX,i,i,qcTGAA,rZ
i,i,UKDWcX,ztpsqz
UKDWcX
i,i,UKDWcX
UKDWcX,i,i
UKDWcX
UKDWcX
UKDWcX
UKDWcX
UKDWcX
UKDWcX,i,i,rZ
i,i,rZ,qcTGAA,UKDWcX
i
i,i,rZ,qcTGAA,UKDWcX,qcTGAA
i,i,rZ,qcTGAA,UKDWcX,qcTGAA
i
i,i,rZ,qcTGAA,UKDWcX,qcTGAA
i
i,i,rZ,qcTGAA,UKDWcX,qcTGAA,rZ,rZ
UKDWcX,i,i,rZ,qcTGAA
qcTGAA
i,i,rZ,qcTGAA,i,heB
i
i,i,rZ,qcTGAA,i
i,rZ,i,qcTGAA,i,UKDWcX
rZ
i
UKDWcX,i,i,rZ,qcTGAA
UKDWcX,i,i,rZ,qcTGAA
i
UKDWcX,i,i,rZ,qcTGAA,PSgvDmo
UKDWcX,i,i,rZ,qcTGAA,PSgvDmo
rZ
rZ
UKDWcX,i,rZ,PSgvDmo,qcTGAA
UKDWcX,i,rZ,PSgvDmo,qcTGAA
PSgvDmo
PSgvDmo
UKDWcX,i,qcTGAA,UKDWcX,qcTGAA
qcTGAA
UKDWcX,i,rZ,PSgvDmo,qcTGAA
PSgvDmo
UKDWcX,rZ,PSgvDmo,qcTGAA
UKDWcX,rZ,PSgvDmo,qcTGAA
UKDWcX,rZ,PSgvDmo,UKDWcX
PSgvDmo
PSgvDmo
UKDWcX
UKDWcX,rZ,PSgvDmo
UKDWcX
UKDWcX,rZ,PSgvDmo
UKDWcX,rZ,PSgvDmo
UKDWcX
UKDWcX,rZ
UKDWcX
rZ
rZ
rZ,UKDWcX,i,rZ
rZ,UKDWcX,i,rZ,xrKUVz
UKDWcX,rZ,PSgvDmo
UKDWcX
rZ
UKDWcX,rZ,PSgvDmo
rZ
UKDWcX,rZ,PSgvDmo,ztpsqz
rZ
ztpsqz
Jedi Wagner, assuma o comando!