Toque! Toque, Dijê!
[vazia]
Toque! Toque, Dijê!
TXQDRjB,icmhN
icmhN
icmhN,TXQDRjB,xoQnpFrGDF
icmhN,TXQDRjB,xoQnpFrGDF
xoQnpFrGDF,icmhN
xoQnpFrGDF
xoQnpFrGDF
xoQnpFrGDF
xoQnpFrGDF
xoQnpFrGDF,icmhN,RFflVYLh
xoQnpFrGDF,icmhN,RFflVYLh
xoQnpFrGDF,icmhN,RFflVYLh,RFflVYLh
xoQnpFrGDF
xoQnpFrGDF
xoQnpFrGDF
xoQnpFrGDF,icmhN,RFflVYLh,RFflVYLh,RFflVYLh
RFflVYLh
RFflVYLh,RFflVYLh,RFflVYLh,icmhN
RFflVYLh,RFflVYLh,RFflVYLh,icmhN
RFflVYLh
xoQnpFrGDF
xoQnpFrGDF
xoQnpFrGDF
xoQnpFrGDF
xoQnpFrGDF
xoQnpFrGDF
xoQnpFrGDF,icmhN,RFflVYLh,RFflVYLh,RFflVYLh,xoQnpFrGDF,RFflVYLh,RFflVYLh,xoQnpFrGDF
RFflVYLh
icmhN,RFflVYLh,xoQnpFrGDF,RFflVYLh,RFflVYLh,xoQnpFrGDF,RFflVYLh,RFflVYLh,xoQnpFrGDF,TXQDRjB
RFflVYLh
RFflVYLh,RFflVYLh,RFflVYLh,xoQnpFrGDF,RFflVYLh,RFflVYLh,xoQnpFrGDF
RFflVYLh,RFflVYLh,RFflVYLh,xoQnpFrGDF,RFflVYLh,RFflVYLh,xoQnpFrGDF
RFflVYLh
xoQnpFrGDF,icmhN,RFflVYLh,RFflVYLh,RFflVYLh,xoQnpFrGDF,RFflVYLh,RFflVYLh,xoQnpFrGDF
icmhN,RFflVYLh,xoQnpFrGDF,RFflVYLh,RFflVYLh,xoQnpFrGDF,RFflVYLh,RFflVYLh,xoQnpFrGDF
RFflVYLh
RFflVYLh
RFflVYLh
xoQnpFrGDF,icmhN,RFflVYLh,RFflVYLh,RFflVYLh,xoQnpFrGDF,RFflVYLh,RFflVYLh,xoQnpFrGDF
xoQnpFrGDF,icmhN,RFflVYLh,RFflVYLh,RFflVYLh,xoQnpFrGDF,RFflVYLh,RFflVYLh,xoQnpFrGDF
Jedi Wagner, assuma o comando!