SdfD
SdfD
[vazia]
[vazia]
Toque! Toque, Dijê!
Toque! Toque, Dijê!
Toque! Toque, Dijê!
[vazia]
Fy
Fy
Toque! Toque, Dijê!
[vazia]
Fy
Fy
Toque! Toque, Dijê!
Toque! Toque, Dijê!
[vazia]
Toque! Toque, Dijê!
Toque! Toque, Dijê!
[vazia]
[vazia]
Toque! Toque, Dijê!
SdfD
SdfD
SdfD
[vazia]
[vazia]
Toque! Toque, Dijê!
Fy
Toque! Toque, Dijê!
ikwu
ikwu
ikwu,SdfD
ikwu,SdfD
ikwu
ikwu
SdfD
SdfD,SdfD
[vazia]
SdfD
SdfD
ikwu,Fy
ikwu
ikwu
ikwu
ikwu
ikwu
Fy
ikwu,Fy,Fy,ikwu
ikwu,Fy,Fy,ikwu
ikwu,Fy,Fy,ikwu
ikwu,Fy,Fy,ikwu
ikwu,Fy,Fy,ikwu
Fy
Fy
ikwu,Fy,Fy,ikwu,Fy
Fy
ikwu,Fy,ikwu,Fy
Fy
Fy,Fy,ikwu
Fy
ikwu
ikwu
ikwu
ikwu,Fy,Fy,ikwu,Fy,ikwu,SdfD,SdfD,ikwu,ikwu,ikwu
Fy
Fy
ikwu,Fy,Fy,ikwu,Fy,ikwu,SdfD,SdfD,ikwu,ikwu,ikwu,ikwu,SdfD
Fy
ikwu,Fy,Fy,ikwu,Fy,ikwu,SdfD,SdfD,ikwu,ikwu,ikwu
ikwu,Fy,Fy,ikwu,Fy,ikwu,SdfD,SdfD,ikwu,ikwu,ikwu
ikwu,Fy,Fy,ikwu,Fy,ikwu,SdfD,SdfD,ikwu,ikwu,ikwu,ikwu
Fy
Fy
SdfD
SdfD
Fy
ikwu,Fy,Fy,ikwu,Fy,ikwu,SdfD,SdfD,ikwu,ikwu,ikwu,ikwu,SdfD
ikwu,Fy,Fy,ikwu,Fy,ikwu,SdfD,SdfD,ikwu,ikwu,ikwu,ikwu,SdfD
Fy
ikwu,Fy,Fy,ikwu,Fy,ikwu,ikwu,ikwu,ikwu,ikwu,SdfD,Fy
Fy
ikwu,Fy,Fy,ikwu,Fy,ikwu,ikwu,ikwu,ikwu,ikwu,SdfD,Fy,ikwu
ikwu,SdfD,Fy,Fy,ikwu,Fy,ikwu,ikwu,ikwu,ikwu,ikwu,Fy,ikwu
Fy
Fy
ikwu,SdfD,Fy,Fy,ikwu,Fy,ikwu,ikwu,ikwu,ikwu,ikwu,Fy,ikwu,SdfD,Fy,ikwu
ikwu,SdfD,Fy,Fy,ikwu,Fy,ikwu,ikwu,ikwu,ikwu,ikwu,Fy,ikwu,SdfD,Fy,ikwu
Fy,ikwu,Fy,ikwu,Fy,ikwu,ikwu,ikwu,ikwu,ikwu,Fy,ikwu,SdfD,Fy,ikwu
Fy
ikwu,SdfD,Fy,Fy,ikwu,Fy,ikwu,ikwu,ikwu,ikwu,ikwu,Fy,ikwu,SdfD,Fy,ikwu
SdfD,Fy,Fy,ikwu,Fy,ikwu,ikwu,ikwu,ikwu,ikwu,Fy,ikwu,SdfD,Fy,ikwu
ikwu
ikwu,SdfD,Fy,Fy,ikwu,Fy,ikwu,ikwu,ikwu,ikwu,ikwu,Fy,ikwu,SdfD,Fy,ikwu
Fy
ikwu
SdfD,Fy,Fy,ikwu,ikwu,Fy,ikwu,ikwu,ikwu,ikwu,ikwu,Fy,ikwu,SdfD,Fy,ikwu,SdfD,SdfD,SdfD,SdfD,SdfD,ikwu
Fy
Fy
Fy,ikwu,Fy,Fy,ikwu,ikwu,ikwu,ikwu,ikwu,Fy,ikwu,Fy,ikwu,SdfD,SdfD,SdfD,SdfD,SdfD,ikwu,SdfD,SdfD,SdfD
ikwu
Fy,Fy,SdfD,Fy,ikwu,ikwu,ikwu,ikwu,Fy,ikwu,Fy,ikwu,SdfD,SdfD,SdfD,SdfD,ikwu,SdfD,SdfD
SdfD
Fy,Fy,SdfD,Fy,ikwu,ikwu,ikwu,ikwu,Fy,ikwu,Fy,ikwu,SdfD,SdfD,SdfD,SdfD,ikwu,SdfD,SdfD,ikwu
Fy,Fy,SdfD,Fy,ikwu,ikwu,ikwu,ikwu,Fy,ikwu,Fy,ikwu,SdfD,SdfD,SdfD,SdfD,ikwu,SdfD,SdfD,ikwu
Fy,Fy,SdfD,Fy,ikwu,ikwu,ikwu,ikwu,Fy,ikwu,Fy,ikwu,SdfD,SdfD,SdfD,SdfD,ikwu,SdfD,SdfD,ikwu
Fy
Fy,ikwu,Fy,Fy,ikwu,SdfD,ikwu,Fy,ikwu,Fy,ikwu,SdfD,SdfD,SdfD,ikwu,SdfD,SdfD,ikwu,SdfD
Fy,ikwu,Fy,Fy,ikwu,SdfD,ikwu,Fy,ikwu,Fy,ikwu,SdfD,SdfD,SdfD,ikwu,SdfD,SdfD,ikwu,SdfD
Fy,ikwu,Fy,Fy,ikwu,SdfD,ikwu,Fy,ikwu,Fy,ikwu,SdfD,SdfD,SdfD,ikwu,SdfD,SdfD,ikwu,SdfD
ikwu
ikwu,Fy,Fy,ikwu,SdfD,ikwu,Fy,ikwu,Fy,ikwu,SdfD,SdfD,SdfD,ikwu,SdfD,SdfD,ikwu,SdfD,SdfD
ikwu,Fy,Fy,ikwu,SdfD,ikwu,Fy,ikwu,Fy,ikwu,SdfD,SdfD,SdfD,ikwu,SdfD,SdfD,ikwu,SdfD,SdfD
ikwu
ikwu
ikwu
ikwu,Fy,ikwu,SdfD,ikwu,Fy,ikwu,Fy,ikwu,SdfD,SdfD,SdfD,ikwu,SdfD,SdfD,ikwu,SdfD,SdfD,SdfD
Fy
Fy
SdfD
SdfD
SdfD
ikwu,ikwu,Fy,ikwu,SdfD,ikwu,SdfD,SdfD,SdfD,ikwu,SdfD,SdfD,ikwu,SdfD,SdfD,SdfD,SdfD
ikwu,Fy,ikwu,SdfD,ikwu,SdfD,SdfD,SdfD,ikwu,SdfD,SdfD,ikwu,SdfD,SdfD,SdfD,SdfD
ikwu,ikwu,ikwu,Fy,ikwu,Fy,ikwu,Fy,SdfD,SdfD,SdfD,ikwu,SdfD,SdfD,ikwu,SdfD,SdfD,SdfD,Fy
ikwu,ikwu,ikwu,Fy,ikwu,Fy,ikwu,SdfD,ikwu,SdfD,SdfD,ikwu,SdfD,SdfD,SdfD
ikwu,ikwu,ikwu,Fy,ikwu,Fy,ikwu,SdfD,ikwu,SdfD,SdfD,ikwu,SdfD,SdfD,SdfD
SdfD
SdfD
ikwu,ikwu,SdfD,ikwu,Fy,ikwu,Fy,ikwu,SdfD,Fy,SdfD,SdfD,ikwu,SdfD,SdfD,ikwu,SdfD,SdfD,SdfD
ikwu,ikwu,SdfD,ikwu,ikwu,Fy,ikwu,SdfD,Fy,SdfD,SdfD,ikwu,SdfD,SdfD,ikwu,SdfD,SdfD,SdfD,SdfD
ikwu,ikwu,SdfD,ikwu,ikwu,Fy,ikwu,SdfD,Fy,SdfD,SdfD,ikwu,SdfD,SdfD,ikwu,SdfD,SdfD,SdfD,SdfD
Fy
Fy
Fy
SdfD
Fy,ikwu,ikwu,Fy,ikwu,Fy,ikwu,SdfD,SdfD,SdfD,SdfD,ikwu,SdfD,SdfD,ikwu,SdfD,SdfD,SdfD,SdfD
SdfD
SdfD
SdfD
ikwu,ikwu,SdfD,ikwu,ikwu,ikwu,SdfD,SdfD,SdfD,ikwu,SdfD,SdfD,ikwu,SdfD,SdfD,SdfD,SdfD
ikwu,ikwu,ikwu,ikwu,ikwu,SdfD,SdfD,SdfD,SdfD,ikwu,SdfD,SdfD,ikwu,SdfD,SdfD,SdfD,SdfD
SdfD
SdfD
SdfD
Fy,ikwu,ikwu,Fy,ikwu,Fy,ikwu,SdfD,ikwu,SdfD,SdfD,SdfD,ikwu,SdfD,SdfD,ikwu,SdfD,SdfD,SdfD
Fy,ikwu,ikwu,Fy,ikwu,Fy,ikwu,SdfD,ikwu,SdfD,SdfD,SdfD,ikwu,SdfD,SdfD,ikwu,SdfD,SdfD,SdfD
SdfD
Fy,ikwu,ikwu,Fy,ikwu,Fy,ikwu,SdfD,ikwu,SdfD,SdfD,SdfD,ikwu,SdfD,SdfD,ikwu,SdfD,SdfD,SdfD,SdfD,Fy
ikwu,Fy,ikwu,Fy,ikwu,SdfD,ikwu,ikwu,SdfD,SdfD,SdfD,ikwu,SdfD,SdfD,ikwu,SdfD,SdfD,SdfD,SdfD,Fy,Fy
ikwu,Fy,ikwu,Fy,ikwu,SdfD,ikwu,ikwu,SdfD,SdfD,SdfD,ikwu,SdfD,SdfD,ikwu,SdfD,SdfD,SdfD,SdfD,Fy,Fy
ikwu,Fy,ikwu,Fy,ikwu,SdfD,ikwu,ikwu,SdfD,SdfD,SdfD,ikwu,SdfD,SdfD,ikwu,SdfD,SdfD,SdfD,SdfD,Fy,Fy
ikwu
Fy,Fy,SdfD,ikwu,ikwu,ikwu,ikwu,SdfD,SdfD,SdfD,ikwu,SdfD,SdfD,ikwu,SdfD,SdfD,SdfD,SdfD,Fy,Fy,SdfD,SdfD,SdfD,ikwu
ikwu
Fy,Fy,ikwu,SdfD,ikwu,ikwu,SdfD,SdfD,ikwu,SdfD,SdfD,ikwu,SdfD,SdfD,SdfD,SdfD,Fy,Fy,SdfD,SdfD,SdfD,ikwu,Fy
Fy,SdfD,ikwu,Fy,ikwu,SdfD,SdfD,ikwu,SdfD,SdfD,ikwu,SdfD,SdfD,SdfD,SdfD,Fy,Fy,SdfD,SdfD,SdfD,ikwu,Fy,ikwu,Fy,ikwu,ikwu
Fy,SdfD,Fy,ikwu,ikwu,SdfD,SdfD,ikwu,SdfD,SdfD,ikwu,SdfD,SdfD,SdfD,SdfD,Fy,Fy,SdfD,SdfD,SdfD,ikwu,Fy,ikwu,Fy,ikwu,ikwu
Fy,SdfD,Fy,ikwu,ikwu,SdfD,SdfD,ikwu,SdfD,SdfD,ikwu,SdfD,SdfD,SdfD,SdfD,Fy,Fy,SdfD,SdfD,SdfD,ikwu,Fy,ikwu,Fy,ikwu,ikwu
Fy,ikwu,SdfD,ikwu,Fy,ikwu,SdfD,SdfD,ikwu,SdfD,SdfD,ikwu,SdfD,SdfD,SdfD,SdfD,Fy,Fy,SdfD,SdfD,SdfD,ikwu,Fy,ikwu
Fy
ikwu,SdfD,ikwu,Fy,Fy,ikwu,SdfD,SdfD,ikwu,SdfD,SdfD,ikwu,SdfD,SdfD,SdfD,SdfD,Fy,Fy,SdfD,SdfD,SdfD,ikwu,Fy,ikwu
Fy
Fy
ikwu
SdfD,ikwu,Fy,ikwu,ikwu,SdfD,SdfD,ikwu,SdfD,SdfD,ikwu,SdfD,SdfD,SdfD,SdfD,Fy,Fy,SdfD,SdfD,SdfD,ikwu,Fy,ikwu
ikwu
SdfD,Fy,ikwu,ikwu,ikwu,SdfD,SdfD,ikwu,SdfD,SdfD,ikwu,SdfD,SdfD,SdfD,SdfD,Fy,Fy,SdfD,SdfD,SdfD,ikwu,Fy,ikwu,ikwu
ikwu
ikwu
ikwu
SdfD,Fy,ikwu,ikwu,ikwu,SdfD,SdfD,ikwu,SdfD,SdfD,ikwu,SdfD,SdfD,SdfD,SdfD,Fy,Fy,SdfD,SdfD,SdfD,ikwu,Fy,ikwu
ikwu
Jedi Wagner, assuma o comando!