Toque! Toque, Dijê!
bzNKHbPNz
Toque! Toque, Dijê!
[vazia]
Toque! Toque, Dijê!
[vazia]
[vazia]
[vazia]
bzNKHbPNz
bzNKHbPNz,ApyPaykg
bzNKHbPNz
Toque! Toque, Dijê!
[vazia]
[vazia]
hmBDcZDj
Toque! Toque, Dijê!
Toque! Toque, Dijê!
Toque! Toque, Dijê!
Toque! Toque, Dijê!
Toque! Toque, Dijê!
fqQd
fqQd,hmBDcZDj,ApyPaykg
Toque! Toque, Dijê!
ApyPaykg
ApyPaykg
ApyPaykg,bzNKHbPNz
ApyPaykg,bzNKHbPNz
ApyPaykg,bzNKHbPNz
ApyPaykg
ApyPaykg
ApyPaykg
ApyPaykg
ApyPaykg
ApyPaykg
ApyPaykg
ApyPaykg
ApyPaykg
ApyPaykg
ApyPaykg
ApyPaykg
ApyPaykg
ApyPaykg
fqQd
otywke,ApyPaykg,fqQd,ApyPaykg,FmSpw,hmBDcZDj
ApyPaykg
ApyPaykg,fqQd,ApyPaykg,FmSpw
ApyPaykg,fqQd,ApyPaykg,FmSpw
fqQd,otywke,ApyPaykg,ApyPaykg,FmSpw
fqQd,ApyPaykg,FmSpw,ApyPaykg,bzNKHbPNz,ApyPaykg,fqQd
FmSpw
FmSpw
ApyPaykg,otywke,FmSpw,ApyPaykg,bzNKHbPNz,FmSpw
bzNKHbPNz
bzNKHbPNz
ApyPaykg,otywke,bzNKHbPNz,FmSpw,ApyPaykg,FmSpw
bzNKHbPNz
bzNKHbPNz
bzNKHbPNz
ApyPaykg,otywke,FmSpw,ApyPaykg,bzNKHbPNz
ApyPaykg
FmSpw,ApyPaykg,ApyPaykg,bzNKHbPNz
ApyPaykg
ApyPaykg,FmSpw,ApyPaykg,otywke,bzNKHbPNz,hmBDcZDj
otywke
ApyPaykg,FmSpw,ApyPaykg,otywke,bzNKHbPNz,hmBDcZDj
otywke
ApyPaykg,ApyPaykg,otywke,bzNKHbPNz,hmBDcZDj
bzNKHbPNz
ApyPaykg,ApyPaykg,bzNKHbPNz,otywke,hmBDcZDj,ApyPaykg
ApyPaykg,ApyPaykg,otywke,hmBDcZDj,bzNKHbPNz
hmBDcZDj
hmBDcZDj
hmBDcZDj
ApyPaykg,FmSpw,hmBDcZDj,bzNKHbPNz,bzNKHbPNz
FmSpw
ApyPaykg,FmSpw,hmBDcZDj,bzNKHbPNz,bzNKHbPNz,FmSpw
ApyPaykg,FmSpw,hmBDcZDj,bzNKHbPNz,bzNKHbPNz,FmSpw,bzNKHbPNz
ApyPaykg,hmBDcZDj,FmSpw,bzNKHbPNz,bzNKHbPNz,FmSpw,bzNKHbPNz
ApyPaykg,bzNKHbPNz,hmBDcZDj,FmSpw,bzNKHbPNz,FmSpw,bzNKHbPNz,fqQd
ApyPaykg,bzNKHbPNz,hmBDcZDj,FmSpw,bzNKHbPNz,FmSpw,bzNKHbPNz,fqQd,ApyPaykg,FmSpw
bzNKHbPNz
bzNKHbPNz
ApyPaykg,ApyPaykg,otywke,fqQd,bzNKHbPNz,hmBDcZDj
fqQd
fqQd
ApyPaykg,ApyPaykg,fqQd,bzNKHbPNz,hmBDcZDj,FmSpw,ApyPaykg
bzNKHbPNz
bzNKHbPNz
ApyPaykg,ApyPaykg,bzNKHbPNz,fqQd,hmBDcZDj,ApyPaykg,FmSpw
bzNKHbPNz
bzNKHbPNz
hmBDcZDj
bzNKHbPNz
ApyPaykg,ApyPaykg,otywke,bzNKHbPNz,hmBDcZDj
ApyPaykg,ApyPaykg,bzNKHbPNz,otywke,hmBDcZDj
ApyPaykg,ApyPaykg,otywke,hmBDcZDj,bzNKHbPNz
ApyPaykg,ApyPaykg,otywke,hmBDcZDj,bzNKHbPNz
hmBDcZDj
hmBDcZDj
hmBDcZDj
ApyPaykg,ApyPaykg,otywke,bzNKHbPNz,hmBDcZDj,FmSpw
ApyPaykg,ApyPaykg,otywke,hmBDcZDj
ApyPaykg,ApyPaykg,otywke,hmBDcZDj
ApyPaykg,ApyPaykg,hmBDcZDj,otywke,FmSpw
ApyPaykg,ApyPaykg,hmBDcZDj,otywke,FmSpw
otywke
otywke
ApyPaykg,ApyPaykg,hmBDcZDj,otywke
otywke
ApyPaykg
ApyPaykg,otywke,ApyPaykg,FmSpw
ApyPaykg
ApyPaykg,ApyPaykg,FmSpw,bzNKHbPNz,bzNKHbPNz
ApyPaykg
FmSpw
FmSpw
ApyPaykg,ApyPaykg,FmSpw,bzNKHbPNz,bzNKHbPNz,bzNKHbPNz
ApyPaykg,ApyPaykg,FmSpw,bzNKHbPNz,bzNKHbPNz,bzNKHbPNz
ApyPaykg,ApyPaykg,FmSpw,bzNKHbPNz,bzNKHbPNz,bzNKHbPNz
FmSpw
ApyPaykg,ApyPaykg,FmSpw,bzNKHbPNz,bzNKHbPNz,bzNKHbPNz,bzNKHbPNz,hmBDcZDj,hmBDcZDj,FmSpw,fqQd
FmSpw
FmSpw
FmSpw
FmSpw
FmSpw
ApyPaykg,ApyPaykg,FmSpw,bzNKHbPNz,bzNKHbPNz,bzNKHbPNz
ApyPaykg,ApyPaykg,FmSpw,bzNKHbPNz,bzNKHbPNz,bzNKHbPNz
ApyPaykg,ApyPaykg,FmSpw,bzNKHbPNz,bzNKHbPNz,bzNKHbPNz,FmSpw
FmSpw
FmSpw
bzNKHbPNz
ApyPaykg,ApyPaykg,bzNKHbPNz,FmSpw,bzNKHbPNz,bzNKHbPNz,bzNKHbPNz,fqQd,ApyPaykg
ApyPaykg,ApyPaykg,bzNKHbPNz,bzNKHbPNz,bzNKHbPNz,bzNKHbPNz,fqQd,ApyPaykg,hmBDcZDj
ApyPaykg,ApyPaykg,bzNKHbPNz,bzNKHbPNz,bzNKHbPNz,bzNKHbPNz,fqQd,ApyPaykg,hmBDcZDj
bzNKHbPNz
bzNKHbPNz
bzNKHbPNz
ApyPaykg,bzNKHbPNz,bzNKHbPNz,bzNKHbPNz,bzNKHbPNz,ApyPaykg,hmBDcZDj
bzNKHbPNz
bzNKHbPNz,bzNKHbPNz,bzNKHbPNz,bzNKHbPNz,ApyPaykg,hmBDcZDj,hmBDcZDj
bzNKHbPNz,bzNKHbPNz,bzNKHbPNz,ApyPaykg,hmBDcZDj,hmBDcZDj,bzNKHbPNz
bzNKHbPNz,bzNKHbPNz,bzNKHbPNz,ApyPaykg,hmBDcZDj,hmBDcZDj,bzNKHbPNz
bzNKHbPNz
ApyPaykg,bzNKHbPNz,bzNKHbPNz,bzNKHbPNz,bzNKHbPNz,fqQd,ApyPaykg,hmBDcZDj
bzNKHbPNz
bzNKHbPNz
bzNKHbPNz
bzNKHbPNz
bzNKHbPNz,bzNKHbPNz,fqQd,ApyPaykg,hmBDcZDj,bzNKHbPNz,ApyPaykg
bzNKHbPNz,bzNKHbPNz,fqQd,ApyPaykg,hmBDcZDj,bzNKHbPNz,ApyPaykg
bzNKHbPNz,bzNKHbPNz,fqQd,ApyPaykg,hmBDcZDj,bzNKHbPNz,ApyPaykg
hmBDcZDj
ApyPaykg,bzNKHbPNz,bzNKHbPNz,fqQd,ApyPaykg,bzNKHbPNz,hmBDcZDj,ApyPaykg,otywke
bzNKHbPNz
ApyPaykg,bzNKHbPNz,bzNKHbPNz,fqQd,ApyPaykg,bzNKHbPNz,hmBDcZDj,ApyPaykg,otywke,ApyPaykg
bzNKHbPNz
ApyPaykg,bzNKHbPNz,bzNKHbPNz,fqQd,ApyPaykg,bzNKHbPNz,hmBDcZDj,ApyPaykg
ApyPaykg,bzNKHbPNz,bzNKHbPNz,fqQd,ApyPaykg,bzNKHbPNz,hmBDcZDj,ApyPaykg
bzNKHbPNz
ApyPaykg,bzNKHbPNz,bzNKHbPNz,fqQd,ApyPaykg,bzNKHbPNz,hmBDcZDj,ApyPaykg,FmSpw
bzNKHbPNz
ApyPaykg,bzNKHbPNz,bzNKHbPNz,fqQd,ApyPaykg,bzNKHbPNz,hmBDcZDj,ApyPaykg,FmSpw,fqQd
bzNKHbPNz
bzNKHbPNz
ApyPaykg,bzNKHbPNz,bzNKHbPNz,fqQd,ApyPaykg,bzNKHbPNz,hmBDcZDj,ApyPaykg,FmSpw,fqQd
bzNKHbPNz
bzNKHbPNz
bzNKHbPNz
ApyPaykg,fqQd,ApyPaykg,bzNKHbPNz,bzNKHbPNz,bzNKHbPNz,ApyPaykg
Jedi Wagner, assuma o comando!