Toque! Toque, Dijê!
X
X
X
[vazia]
QR
QR
QR,E
QR,E
QR
QR
QR
QR
QR
Toque! Toque, Dijê!
juqdcPdeu,M
juqdcPdeu
juqdcPdeu,M
juqdcPdeu,M
juqdcPdeu
juqdcPdeu
[vazia]
[vazia]
Toque! Toque, Dijê!
Toque! Toque, Dijê!
HUpPtE
HUpPtE,QR
HUpPtE
HUpPtE
HUpPtE,QR
HUpPtE
HUpPtE
HUpPtE,wZm
HUpPtE,wZm
[vazia]
Toque! Toque, Dijê!
QR,HUpPtE
QR,HUpPtE,HUpPtE
QR,HUpPtE,X
QR,HUpPtE,X,wZm
HUpPtE
HUpPtE
QR,HUpPtE,HUpPtE,X,X,E
QR,HUpPtE,HUpPtE,X,X,E
QR,HUpPtE,HUpPtE,X,E
QR,HUpPtE,HUpPtE,X,E
QR,HUpPtE,HUpPtE,X,E
QR,HUpPtE,HUpPtE,X,E,E,wZm,juqdcPdeu,x,QR
QR,HUpPtE,HUpPtE,X,E,wZm,juqdcPdeu,x,QR
HUpPtE
QR,HUpPtE,HUpPtE,X,E,wZm,juqdcPdeu,x,QR
QR,HUpPtE,HUpPtE,E,X,E,wZm,juqdcPdeu,x,QR,M
HUpPtE
QR,HUpPtE,M,HUpPtE,X,E,wZm,x,QR
QR,HUpPtE,M,HUpPtE,X,E,wZm,x,QR
HUpPtE
QR,HUpPtE,M,HUpPtE,E,X,E,wZm,x,QR
QR,HUpPtE,M,HUpPtE,E,X,E,wZm,x,QR
HUpPtE
HUpPtE
QR,HUpPtE,M,HUpPtE,E,X,E,wZm,x,QR,KOtvz
HUpPtE
M
wZm
QR,wZm,KOtvz,HUpPtE,X,HUpPtE,E,E,x,QR,M,HUpPtE,wZm
KOtvz
HUpPtE
QR,wZm,KOtvz,HUpPtE,X,HUpPtE,E,E,QR,M,HUpPtE,wZm,KO
QR,wZm,KOtvz,HUpPtE,X,HUpPtE,E,E,QR,M,HUpPtE,wZm,KO
QR,wZm,KOtvz,HUpPtE,X,HUpPtE,E,E,QR,M,HUpPtE,wZm,KO,X,KO
E
QR,wZm,KOtvz,HUpPtE,X,HUpPtE,E,E,QR,M,HUpPtE,wZm,KO,X,KO,wZm,KOtvz
wZm,KOtvz,HUpPtE,X,HUpPtE,E,QR,E,QR,M,HUpPtE,wZm,KO,X,KO
wZm,KOtvz,HUpPtE,X,HUpPtE,E,QR,E,QR,M,HUpPtE,wZm,KO,X,KO
QR
wZm,KOtvz,HUpPtE,X,HUpPtE,E,QR,E,QR,M,HUpPtE,wZm,KO,X,KO
wZm,KOtvz,HUpPtE,E,X,QR,M,HUpPtE,wZm,KO,X,KO,juqdcPdeu
wZm,KOtvz,HUpPtE,E,X,juqdcPdeu,QR,M,HUpPtE,wZm,KO,X,KO,juqdcPdeu
wZm,KOtvz,HUpPtE,E,X,juqdcPdeu,QR,M,HUpPtE,wZm,KO,X,KO,juqdcPdeu
X
X
QR
HUpPtE
HUpPtE
KOtvz,HUpPtE,QR,HUpPtE,X,wZm,wZm,X,KO
KOtvz,HUpPtE,QR,HUpPtE,X,wZm,wZm,X,KO,M,E
KOtvz,HUpPtE,QR,HUpPtE,X,wZm,wZm,X,KO,M,E
KOtvz,HUpPtE,HUpPtE,X,wZm,wZm,X,KO,juqdcPdeu
KO
KO
wZm
wZm
wZm
HUpPtE,QR,HUpPtE,X,wZm,wZm,X,KO,E
HUpPtE,QR,HUpPtE,X,wZm,wZm,X,KO,E
QR,HUpPtE,X,wZm,wZm,X,KO,HUpPtE,E,x
X
HUpPtE,QR,HUpPtE,X,wZm,wZm,X,KO,E,x
X
HUpPtE,QR,HUpPtE,X,wZm,wZm,X,KO,E,x,QR
X
HUpPtE,QR,HUpPtE,X,wZm,wZm,X,KO,E,x
X
KO
HUpPtE,X,wZm,wZm,X,KO,E,x,juqdcPdeu
HUpPtE,X,wZm,wZm,X,KO,E,x,juqdcPdeu
HUpPtE,X,wZm,wZm,X,KO,E,x,juqdcPdeu
KO
HUpPtE,X,wZm,wZm,X,KO,x,wZm
QR,HUpPtE,X,wZm,X,KO,E,x
E
E
QR,HUpPtE,X,wZm,X,KO,E,x
QR,HUpPtE,X,wZm,X,KO,E,x
QR,X,wZm,X,KO,E,HUpPtE,x
QR,HUpPtE,X,wZm,X,KO,E,x,QR,M
HUpPtE,X,wZm,X,KO,x,QR,M,wZm,M
wZm
wZm
HUpPtE,X,wZm,X,KO,x,QR,M,wZm,M
wZm
X,wZm,X,KO,x,QR,M,wZm,HUpPtE,M
M
HUpPtE,X,wZm,X,KO,QR,M,wZm,M,M
HUpPtE,X,wZm,X,KO,QR,M,wZm,M,M
HUpPtE,X,wZm,X,KO,QR,M,wZm,M,M,M
X
X
X
HUpPtE,X,wZm,X,KO,QR,M,wZm,M,M,M,x,KO
HUpPtE,X,wZm,X,KO,QR,M,wZm,M,M,M,QR
X
HUpPtE,X,wZm,X,KO,QR,M,wZm,M,M,M,QR
X
HUpPtE,KO,X,wZm,X,QR,M,wZm,M,M,wZm
X
X
X
HUpPtE,KO,X,wZm,X,QR,wZm,M,M,QR
HUpPtE,KO,X,wZm,X,QR,wZm,M,M,QR
HUpPtE,X,wZm,X,wZm,M,M,QR,M
HUpPtE,KO,X,wZm,QR,X,wZm,M,M,QR
X
HUpPtE,KO,X,wZm,X,QR,wZm,M,M,QR
HUpPtE,KO,X,wZm,X,QR,wZm,M,M,QR
X
X
HUpPtE,KO,X,wZm,X,QR,wZm,M,M,QR
X
HUpPtE,KO,X,wZm,X,QR,wZm,M,M,QR
HUpPtE,KO,X,wZm,X,QR,wZm,M,M,QR
HUpPtE,KO,X,wZm,X,QR,wZm,M,M,QR
HUpPtE,KO,wZm,X,QR,wZm,M,M,QR,x
HUpPtE,KO,wZm,X,QR,wZm,M,M,QR
HUpPtE,KO,X,wZm,X,QR,wZm,M,M,QR
X
HUpPtE,X,wZm,X,KO,QR,wZm,M,M,QR,KOtvz
KO
HUpPtE,X,wZm,X,KO,QR,wZm,M,M,QR,KOtvz
KO
KO
HUpPtE,wZm,X,KO,QR,wZm,M,M,QR,KOtvz
KO
KO
HUpPtE,KO,X,wZm,X,QR,wZm,M,M,QR
QR
HUpPtE,KO,X,wZm,X,QR,wZm,M,M,QR,wZm,X
wZm
M
M
M
HUpPtE
HUpPtE
HUpPtE
wZm,QR,wZm,M,HUpPtE,X,M,QR,wZm,HUpPtE
X
wZm,QR,wZm,M,HUpPtE,X,M,QR,wZm,HUpPtE
wZm,wZm,M,HUpPtE,X,M,QR,QR,wZm,HUpPtE,KO,HUpPtE
KO
KO
KO
KO
wZm,wZm,M,X,M,QR,QR,wZm,HUpPtE,KO,HUpPtE,HUpPtE,KO,HUpPtE
wZm,wZm,M,X,M,QR,QR,wZm,HUpPtE,KO,HUpPtE,HUpPtE,KO,HUpPtE
wZm,wZm,M,X,M,QR,QR,wZm,HUpPtE,KO,HUpPtE,HUpPtE,KO,HUpPtE
KO
wZm,wZm,M,X,M,QR,QR,wZm,HUpPtE,KO,HUpPtE,HUpPtE,KO,HUpPtE
KO
wZm,wZm,M,M,QR,QR,wZm,HUpPtE,KO,HUpPtE,HUpPtE,KO,HUpPtE,QR,KO
KO
KO
wZm,wZm,M,M,QR,QR,wZm,HUpPtE,KO,HUpPtE,HUpPtE,KO,HUpPtE,QR,KO
wZm,wZm,M,M,QR,QR,wZm,HUpPtE,KO,HUpPtE,HUpPtE,KO,HUpPtE,QR,KO
HUpPtE
Jedi Wagner, assuma o comando!