QkvEqBX
QkvEqBX
QkvEqBX
[vazia]
[vazia]
[vazia]
[vazia]
Toque! Toque, Dijê!
[vazia]
j
j
j,QkvEqBX
j,QkvEqBX
QkvEqBX
QkvEqBX
QkvEqBX
j,QkvEqBX
QkvEqBX
QkvEqBX
QkvEqBX
QkvEqBX,j
QkvEqBX
QkvEqBX
QkvEqBX,j
QkvEqBX
j
j,QkvEqBX
QkvEqBX
QkvEqBX,j,QkvEqBX
j
j
QkvEqBX,j,SsR,QkvEqBX
j
QkvEqBX,j,QkvEqBX,j
QkvEqBX,QkvEqBX,j,QkvEqBX,SsR
QkvEqBX,QkvEqBX,j,QkvEqBX,SsR
QkvEqBX,QkvEqBX,j,QkvEqBX,SsR
QkvEqBX
QkvEqBX,QkvEqBX,QkvEqBX,SsR
QkvEqBX
QkvEqBX,QkvEqBX,QkvEqBX,SsR
QkvEqBX,QkvEqBX,QkvEqBX,SsR
QkvEqBX,QkvEqBX,QkvEqBX,SsR,SsR
QkvEqBX,QkvEqBX,QkvEqBX,SsR,SsR
QkvEqBX,QkvEqBX,QkvEqBX,SsR
QkvEqBX,QkvEqBX,QkvEqBX,SsR
QkvEqBX
QkvEqBX,SsR,QkvEqBX,QkvEqBX
SsR
SsR
QkvEqBX,SsR,QkvEqBX,QkvEqBX,QkvEqBX,j
SsR,QkvEqBX,QkvEqBX,QkvEqBX,j
SsR,QkvEqBX,QkvEqBX,QkvEqBX,j
SsR,QkvEqBX,QkvEqBX,QkvEqBX,j
QkvEqBX
SsR,QkvEqBX,QkvEqBX,QkvEqBX,j,QkvEqBX
j
Jedi Wagner, assuma o comando!