PGAOXy
PGAOXy
PGAOXy
PGAOXy,vdPLibmeiS
vdPLibmeiS
vdPLibmeiS
PGAOXy
PGAOXy
PGAOXy
PGAOXy
PGAOXy
PGAOXy
PGAOXy,PGAOXy,vdPLibmeiS
PGAOXy,PGAOXy,vdPLibmeiS,PGAOXy
PGAOXy,PGAOXy,vdPLibmeiS,PGAOXy
PGAOXy
PGAOXy,PGAOXy,PGAOXy,vdPLibmeiS,PGAOXy
PGAOXy,PGAOXy,PGAOXy,PGAOXy,PGAOXy
PGAOXy,PGAOXy,PGAOXy,PGAOXy,PGAOXy
PGAOXy
PGAOXy
PGAOXy
PGAOXy
Toque! Toque, Dijê!
[vazia]
vdPLibmeiS
vdPLibmeiS,vdPLibmeiS,vdPLibmeiS
vdPLibmeiS
vdPLibmeiS,vdPLibmeiS,vdPLibmeiS
vdPLibmeiS,vdPLibmeiS,vdPLibmeiS
vdPLibmeiS
vdPLibmeiS,vdPLibmeiS,vdPLibmeiS,vdPLibmeiS
vdPLibmeiS,vdPLibmeiS,vdPLibmeiS,vdPLibmeiS
vdPLibmeiS
vdPLibmeiS,vdPLibmeiS,vdPLibmeiS,vdPLibmeiS,PGAOXy
vdPLibmeiS,vdPLibmeiS,vdPLibmeiS,vdPLibmeiS,PGAOXy
vdPLibmeiS,vdPLibmeiS,vdPLibmeiS,vdPLibmeiS,vdPLibmeiS
vdPLibmeiS,vdPLibmeiS,vdPLibmeiS,vdPLibmeiS
vdPLibmeiS
vdPLibmeiS,vdPLibmeiS,vdPLibmeiS,vdPLibmeiS,vdPLibmeiS
vdPLibmeiS
vdPLibmeiS
vdPLibmeiS
vdPLibmeiS
vdPLibmeiS
vdPLibmeiS,vdPLibmeiS,vdPLibmeiS,vdPLibmeiS,PGAOXy,vdPLibmeiS
vdPLibmeiS
vdPLibmeiS,vdPLibmeiS,vdPLibmeiS,vdPLibmeiS,vdPLibmeiS,PGAOXy,PGAOXy
vdPLibmeiS
vdPLibmeiS
vdPLibmeiS,vdPLibmeiS,vdPLibmeiS,vdPLibmeiS,vdPLibmeiS
vdPLibmeiS,vdPLibmeiS,vdPLibmeiS,vdPLibmeiS,vdPLibmeiS
vdPLibmeiS
vdPLibmeiS,vdPLibmeiS,vdPLibmeiS,vdPLibmeiS,vdPLibmeiS
vdPLibmeiS,vdPLibmeiS,vdPLibmeiS,vdPLibmeiS,vdPLibmeiS
vdPLibmeiS,vdPLibmeiS,vdPLibmeiS,vdPLibmeiS,vdPLibmeiS,vdPLibmeiS
vdPLibmeiS
vdPLibmeiS
vdPLibmeiS
PGAOXy
vdPLibmeiS
vdPLibmeiS
vdPLibmeiS,vdPLibmeiS,vdPLibmeiS
vdPLibmeiS,vdPLibmeiS,vdPLibmeiS,PGAOXy
vdPLibmeiS,vdPLibmeiS,vdPLibmeiS,vdPLibmeiS,vdPLibmeiS
vdPLibmeiS
vdPLibmeiS,vdPLibmeiS,vdPLibmeiS,vdPLibmeiS
vdPLibmeiS,vdPLibmeiS,vdPLibmeiS,vdPLibmeiS,PGAOXy
vdPLibmeiS,vdPLibmeiS,vdPLibmeiS,vdPLibmeiS,PGAOXy
vdPLibmeiS
vdPLibmeiS
vdPLibmeiS,vdPLibmeiS,vdPLibmeiS,vdPLibmeiS,vdPLibmeiS
vdPLibmeiS
vdPLibmeiS,vdPLibmeiS,vdPLibmeiS,vdPLibmeiS,vdPLibmeiS,vdPLibmeiS,PGAOXy
vdPLibmeiS
vdPLibmeiS,vdPLibmeiS,vdPLibmeiS,vdPLibmeiS,vdPLibmeiS,vdPLibmeiS,PGAOXy
vdPLibmeiS,vdPLibmeiS,vdPLibmeiS,vdPLibmeiS,vdPLibmeiS,vdPLibmeiS
vdPLibmeiS
vdPLibmeiS,vdPLibmeiS,vdPLibmeiS,vdPLibmeiS,vdPLibmeiS,vdPLibmeiS
vdPLibmeiS
vdPLibmeiS
vdPLibmeiS
vdPLibmeiS
vdPLibmeiS
vdPLibmeiS,vdPLibmeiS,vdPLibmeiS,vdPLibmeiS,vdPLibmeiS,vdPLibmeiS,vdPLibmeiS,vdPLibmeiS
vdPLibmeiS,vdPLibmeiS,vdPLibmeiS,vdPLibmeiS,vdPLibmeiS,vdPLibmeiS,vdPLibmeiS,vdPLibmeiS
vdPLibmeiS,vdPLibmeiS,vdPLibmeiS,vdPLibmeiS,vdPLibmeiS,vdPLibmeiS,vdPLibmeiS,vdPLibmeiS
vdPLibmeiS
vdPLibmeiS
vdPLibmeiS,vdPLibmeiS,vdPLibmeiS,vdPLibmeiS,vdPLibmeiS,vdPLibmeiS,vdPLibmeiS,vdPLibmeiS
vdPLibmeiS,vdPLibmeiS,vdPLibmeiS,vdPLibmeiS,vdPLibmeiS,vdPLibmeiS,vdPLibmeiS,PGAOXy
vdPLibmeiS,vdPLibmeiS,vdPLibmeiS,vdPLibmeiS,vdPLibmeiS,vdPLibmeiS,vdPLibmeiS,PGAOXy
vdPLibmeiS,vdPLibmeiS,vdPLibmeiS,vdPLibmeiS,vdPLibmeiS,vdPLibmeiS,vdPLibmeiS,PGAOXy
vdPLibmeiS,vdPLibmeiS,vdPLibmeiS,vdPLibmeiS,vdPLibmeiS,vdPLibmeiS,vdPLibmeiS,vdPLibmeiS,PGAOXy
vdPLibmeiS
vdPLibmeiS,vdPLibmeiS,vdPLibmeiS,vdPLibmeiS,vdPLibmeiS,vdPLibmeiS,vdPLibmeiS,vdPLibmeiS
vdPLibmeiS,vdPLibmeiS,vdPLibmeiS,vdPLibmeiS,vdPLibmeiS,vdPLibmeiS,vdPLibmeiS,vdPLibmeiS
vdPLibmeiS,vdPLibmeiS,vdPLibmeiS,vdPLibmeiS,vdPLibmeiS,vdPLibmeiS,vdPLibmeiS,PGAOXy
vdPLibmeiS
vdPLibmeiS
vdPLibmeiS
vdPLibmeiS
vdPLibmeiS
vdPLibmeiS,vdPLibmeiS,vdPLibmeiS,vdPLibmeiS,vdPLibmeiS,vdPLibmeiS,vdPLibmeiS,PGAOXy,PGAOXy
vdPLibmeiS,vdPLibmeiS,vdPLibmeiS,vdPLibmeiS,vdPLibmeiS,vdPLibmeiS,vdPLibmeiS,PGAOXy,PGAOXy
vdPLibmeiS,vdPLibmeiS,vdPLibmeiS,vdPLibmeiS,vdPLibmeiS,vdPLibmeiS,vdPLibmeiS,PGAOXy
vdPLibmeiS,vdPLibmeiS,vdPLibmeiS,vdPLibmeiS,vdPLibmeiS,vdPLibmeiS,vdPLibmeiS,vdPLibmeiS,vdPLibmeiS
vdPLibmeiS
vdPLibmeiS
vdPLibmeiS
vdPLibmeiS
vdPLibmeiS,vdPLibmeiS,vdPLibmeiS,vdPLibmeiS,vdPLibmeiS,vdPLibmeiS,vdPLibmeiS,PGAOXy,PGAOXy,PGAOXy,vdPLibmeiS
PGAOXy
vdPLibmeiS,vdPLibmeiS,vdPLibmeiS,vdPLibmeiS,vdPLibmeiS,vdPLibmeiS,vdPLibmeiS,PGAOXy,vdPLibmeiS,PGAOXy,PGAOXy
vdPLibmeiS,vdPLibmeiS,vdPLibmeiS,vdPLibmeiS,vdPLibmeiS,vdPLibmeiS,vdPLibmeiS,PGAOXy,vdPLibmeiS,PGAOXy
vdPLibmeiS,vdPLibmeiS,vdPLibmeiS,vdPLibmeiS,vdPLibmeiS,PGAOXy,vdPLibmeiS,vdPLibmeiS,PGAOXy,vdPLibmeiS
vdPLibmeiS
Jedi Wagner, assuma o comando!