P
k,acOuoQdM
acOuoQdM,k
[vazia]
[vazia]
[vazia]
[vazia]
Toque! Toque, Dijê!
Toque! Toque, Dijê!
Toque! Toque, Dijê!
Toque! Toque, Dijê!
[vazia]
acOuoQdM
acOuoQdM,acOuoQdM
acOuoQdM,acOuoQdM
acOuoQdM
acOuoQdM
acOuoQdM
acOuoQdM,acOuoQdM
acOuoQdM
acOuoQdM,acOuoQdM,acOuoQdM
acOuoQdM,acOuoQdM,acOuoQdM
acOuoQdM,acOuoQdM,acOuoQdM
acOuoQdM,acOuoQdM
acOuoQdM
acOuoQdM
acOuoQdM
acOuoQdM
acOuoQdM
acOuoQdM
acOuoQdM,k
acOuoQdM
acOuoQdM
acOuoQdM
acOuoQdM
acOuoQdM
acOuoQdM
acOuoQdM,k,k
k,k
k,k,pRkFvXw
k
k,k,pRkFvXw
k
k
pRkFvXw
k,pRkFvXw,k,P,k
k
k,pRkFvXw,k,P,k,k,P
k
k
k,k,P,k,k,P,k,P
P
k,pRkFvXw,k,P,k,k,P
k,pRkFvXw,k,P,k,k,P
k,pRkFvXw,k,k,k,P
k,k,k,k,P
k,k,k,P
k
k,k,P
k
k,P,k,acOuoQdM,P
k
P
P
P,k,k,acOuoQdM
P,pRkFvXw,k,k,acOuoQdM
P,pRkFvXw,k,k,acOuoQdM
k
k
k,k,k,k
k
k,k,k,k,acOuoQdM,P,P
k,k,k,k,acOuoQdM,P,P
k,k,k,acOuoQdM,P
k,k,k,acOuoQdM,P
acOuoQdM
acOuoQdM
P,acOuoQdM,pRkFvXw,k,k,acOuoQdM,P,k
acOuoQdM
acOuoQdM
P,acOuoQdM,k,k,acOuoQdM,P,P
P,acOuoQdM,k,k,acOuoQdM,P,P
k
acOuoQdM,P,k,k,acOuoQdM,P,P
Jedi Wagner, assuma o comando!