Toque! Toque, Dijê!
glDmGYdZrt,SWa
glDmGYdZrt,SWa
glDmGYdZrt
glDmGYdZrt,SWa
glDmGYdZrt
glDmGYdZrt,eTPdHevX,glDmGYdZrt
glDmGYdZrt,eTPdHevX,glDmGYdZrt
glDmGYdZrt
glDmGYdZrt
glDmGYdZrt,eTPdHevX,glDmGYdZrt,glDmGYdZrt
glDmGYdZrt,eTPdHevX,glDmGYdZrt,glDmGYdZrt
glDmGYdZrt,eTPdHevX,glDmGYdZrt,glDmGYdZrt
eTPdHevX
eTPdHevX
glDmGYdZrt,eTPdHevX,glDmGYdZrt,glDmGYdZrt
glDmGYdZrt,eTPdHevX,glDmGYdZrt,glDmGYdZrt
eTPdHevX
eTPdHevX
eTPdHevX
glDmGYdZrt,eTPdHevX,glDmGYdZrt,glDmGYdZrt,eTPdHevX
glDmGYdZrt
glDmGYdZrt,eTPdHevX,glDmGYdZrt,glDmGYdZrt,eTPdHevX
eTPdHevX
eTPdHevX,glDmGYdZrt,glDmGYdZrt,eTPdHevX,glDmGYdZrt
eTPdHevX,glDmGYdZrt,glDmGYdZrt,eTPdHevX,glDmGYdZrt
eTPdHevX,glDmGYdZrt,glDmGYdZrt,eTPdHevX,glDmGYdZrt
eTPdHevX
glDmGYdZrt,eTPdHevX,glDmGYdZrt,glDmGYdZrt,eTPdHevX,SWa
eTPdHevX
Jedi Wagner, assuma o comando!