[vazia]
Toque! Toque, Dijê!
Toque! Toque, Dijê!
TIyYgyudb,xxlqiN
TIyYgyudb,xxlqiN
TIyYgyudb,xxlqiN
TIyYgyudb
TIyYgyudb
Toque! Toque, Dijê!
Toque! Toque, Dijê!
Toque! Toque, Dijê!
[vazia]
[vazia]
SxG
SxG
SxG
SxG
SxG
SxG
SxG
SxG
[vazia]
Toque! Toque, Dijê!
QCp
QCp,QCp
QCp,QCp
SxG
SxG,SxG
SxG
SxG
SxG,SxG
SxG
SxG
SxG,SxG
SxG,SxG,xxlqiN
SxG,SxG,xxlqiN
SxG,SxG,xxlqiN,xxlqiN
SxG
SxG,SxG,xxlqiN
SxG,SxG,xxlqiN
SxG,SxG,xxlqiN
SxG,SxG,xxlqiN,a
SxG
SxG
SxG
SxG,SxG,xxlqiN,a,TIyYgyudb
SxG
SxG,SxG,TIyYgyudb,W,a
SxG
W
W
SxG,TIyYgyudb,W,TIyYgyudb,SxG,SxG
SxG
SxG,TIyYgyudb,W,TIyYgyudb,SxG,SxG
SxG
SxG,TIyYgyudb,W,TIyYgyudb,SxG,SxG,xxlqiN,QCp,QCp,o
SxG,TIyYgyudb,W,TIyYgyudb,SxG,SxG,xxlqiN,QCp,o
SxG,TIyYgyudb,W,TIyYgyudb,SxG,SxG,xxlqiN,QCp,o
SxG,TIyYgyudb,W,TIyYgyudb,SxG,SxG,xxlqiN,QCp,o
SxG,TIyYgyudb,W,TIyYgyudb,SxG,SxG,xxlqiN,QCp,o
QCp
SxG,TIyYgyudb,TIyYgyudb,SxG,SxG,xxlqiN,QCp,o,TIyYgyudb,xxlqiN
TIyYgyudb,TIyYgyudb,SxG,SxG,xxlqiN,QCp,o,TIyYgyudb,xxlqiN
SxG,TIyYgyudb,TIyYgyudb,SxG,QCp,TIyYgyudb,xxlqiN
SxG,TIyYgyudb,TIyYgyudb,SxG,QCp,TIyYgyudb,xxlqiN
SxG
SxG,TIyYgyudb,TIyYgyudb,SxG,QCp,TIyYgyudb,xxlqiN
SxG,TIyYgyudb,TIyYgyudb,SxG,QCp,TIyYgyudb,xxlqiN
SxG
SxG
SxG
SxG,TIyYgyudb,TIyYgyudb,SxG,QCp,TIyYgyudb,xxlqiN,TIyYgyudb,o
SxG
SxG,QCp,TIyYgyudb,TIyYgyudb,SxG,SxG,QCp
SxG,QCp,TIyYgyudb,TIyYgyudb,SxG,SxG,QCp
SxG
SxG,QCp,TIyYgyudb,TIyYgyudb,SxG,SxG,QCp,xxlqiN,a
SxG,QCp,TIyYgyudb,TIyYgyudb,SxG,SxG,QCp,xxlqiN,a
SxG,QCp,TIyYgyudb,TIyYgyudb,SxG,SxG,QCp,xxlqiN,a
SxG,a,QCp,TIyYgyudb,TIyYgyudb,SxG,SxG,QCp,xxlqiN
SxG,a,QCp,TIyYgyudb,TIyYgyudb,SxG,SxG,QCp,xxlqiN
SxG,a,QCp,TIyYgyudb,TIyYgyudb,SxG,SxG,QCp,xxlqiN
SxG,TIyYgyudb,TIyYgyudb,SxG,SxG,xxlqiN,QCp,o,xxlqiN,SxG
SxG,TIyYgyudb,TIyYgyudb,SxG,SxG,xxlqiN,QCp,o,xxlqiN,SxG
SxG
SxG,TIyYgyudb,TIyYgyudb,SxG,SxG,xxlqiN,QCp,o
SxG
SxG,TIyYgyudb,TIyYgyudb,SxG,SxG,xxlqiN,QCp,o
SxG
SxG
TIyYgyudb
TIyYgyudb
SxG,TIyYgyudb,TIyYgyudb,SxG,SxG,xxlqiN,QCp,o,W,QCp,W,a
SxG,TIyYgyudb,TIyYgyudb,SxG,SxG,xxlqiN,QCp,o,W,QCp,W,a
TIyYgyudb
TIyYgyudb
TIyYgyudb
SxG,TIyYgyudb,TIyYgyudb,SxG,SxG,xxlqiN,QCp,o,W,W,a
SxG,TIyYgyudb,TIyYgyudb,SxG,SxG,xxlqiN,QCp,o,W,W,a
xxlqiN
SxG,TIyYgyudb,xxlqiN,TIyYgyudb,SxG,SxG,QCp,o,W,W,a,a
xxlqiN
SxG,TIyYgyudb,xxlqiN,TIyYgyudb,SxG,SxG,QCp,o,W,W,a,a
W
SxG,TIyYgyudb,W,TIyYgyudb,SxG,SxG,QCp,W,a,a,TIyYgyudb,a,IoTU
SxG,TIyYgyudb,W,TIyYgyudb,SxG,SxG,QCp,W,a,a,TIyYgyudb,a,IoTU
W
SxG,TIyYgyudb,W,TIyYgyudb,SxG,SxG,QCp,W,a,TIyYgyudb,a,IoTU
W
W
SxG,TIyYgyudb,TIyYgyudb,SxG,SxG,xxlqiN,QCp,o,W
SxG
SxG
TIyYgyudb
SxG,TIyYgyudb,SxG,SxG,TIyYgyudb,xxlqiN,QCp,o,W
SxG,TIyYgyudb,SxG,SxG,TIyYgyudb,xxlqiN,o,W
TIyYgyudb,SxG,SxG,TIyYgyudb,SxG,xxlqiN,o,W
SxG
SxG,TIyYgyudb,TIyYgyudb,SxG,SxG,xxlqiN,o,W
SxG
SxG,TIyYgyudb,TIyYgyudb,SxG,SxG,xxlqiN,QCp,o,W,W
SxG,TIyYgyudb,TIyYgyudb,SxG,SxG,xxlqiN,QCp,o,W,W
SxG,TIyYgyudb,TIyYgyudb,SxG,SxG,W,QCp,o,W
W
SxG,TIyYgyudb,TIyYgyudb,SxG,SxG,W,QCp,o,W,IoTU
SxG,TIyYgyudb,SxG,SxG,W,TIyYgyudb,QCp,o,W,IoTU,xxlqiN,SxG
TIyYgyudb
W
SxG,TIyYgyudb,SxG,SxG,TIyYgyudb,W,QCp,o,W,IoTU,xxlqiN,SxG,xxlqiN
SxG,TIyYgyudb,SxG,SxG,TIyYgyudb,W,QCp,o,W,IoTU,xxlqiN,SxG
SxG,TIyYgyudb,SxG,SxG,TIyYgyudb,W,QCp,o,W,xxlqiN,SxG,TIyYgyudb
xxlqiN
SxG,SxG,SxG,TIyYgyudb,QCp,xxlqiN,W,o,W,SxG,TIyYgyudb
o
SxG,TIyYgyudb,SxG,SxG,TIyYgyudb,W,QCp,o,W,IoTU,xxlqiN,SxG,TIyYgyudb
SxG,TIyYgyudb,SxG,SxG,TIyYgyudb,W,QCp,o,xxlqiN,W,IoTU,SxG,TIyYgyudb,o
SxG,TIyYgyudb,SxG,SxG,TIyYgyudb,W,QCp,o,xxlqiN,W,IoTU,SxG,TIyYgyudb,o
xxlqiN
SxG,TIyYgyudb,SxG,SxG,TIyYgyudb,W,QCp,o,xxlqiN,W,IoTU,SxG,TIyYgyudb,o,W,SxG,QCp
xxlqiN
xxlqiN
xxlqiN
W
W
SxG,TIyYgyudb,SxG,SxG,TIyYgyudb,W,QCp,o,W,IoTU,xxlqiN,SxG,TIyYgyudb
IoTU
SxG,TIyYgyudb,SxG,SxG,TIyYgyudb,W,QCp,o,IoTU,W,xxlqiN,SxG,TIyYgyudb,W
SxG,TIyYgyudb,SxG,SxG,TIyYgyudb,W,QCp,o,IoTU,W,xxlqiN,SxG,TIyYgyudb,W,TIyYgyudb
QCp
QCp
SxG,TIyYgyudb,SxG,SxG,TIyYgyudb,IoTU,QCp,W,o,xxlqiN,SxG,TIyYgyudb,W,TIyYgyudb,a,o,o,TIyYgyudb
o
SxG,TIyYgyudb,SxG,SxG,TIyYgyudb,IoTU,QCp,W,a,o,xxlqiN,SxG,TIyYgyudb,W,TIyYgyudb,o,o,TIyYgyudb,xxlqiN
SxG,TIyYgyudb,SxG,SxG,TIyYgyudb,IoTU,QCp,W,a,o,xxlqiN,SxG,TIyYgyudb,W,TIyYgyudb,o,o,TIyYgyudb,xxlqiN
SxG,TIyYgyudb,SxG,SxG,TIyYgyudb,IoTU,QCp,W,a,o,xxlqiN,SxG,TIyYgyudb,W,TIyYgyudb,o,o,TIyYgyudb,xxlqiN,xxlqiN
a
SxG,TIyYgyudb,SxG,SxG,TIyYgyudb,IoTU,QCp,W,a,o,xxlqiN,SxG,TIyYgyudb,W,TIyYgyudb,o,o,TIyYgyudb,xxlqiN,xxlqiN,a
SxG,TIyYgyudb,SxG,SxG,TIyYgyudb,IoTU,o,QCp,W,xxlqiN,SxG,TIyYgyudb,W,TIyYgyudb,a,o
W
W
SxG,TIyYgyudb,SxG,SxG,TIyYgyudb,IoTU,o,QCp,xxlqiN,SxG,TIyYgyudb,W,TIyYgyudb,o,TIyYgyudb
SxG,TIyYgyudb,SxG,SxG,TIyYgyudb,IoTU,o,QCp,xxlqiN,SxG,TIyYgyudb,W,TIyYgyudb,o,TIyYgyudb
SxG,TIyYgyudb,SxG,SxG,TIyYgyudb,IoTU,o,xxlqiN,SxG,QCp,TIyYgyudb,W,TIyYgyudb,o,TIyYgyudb
SxG,TIyYgyudb,SxG,SxG,TIyYgyudb,IoTU,o,QCp,xxlqiN,SxG,TIyYgyudb,W,TIyYgyudb,o,TIyYgyudb
SxG
o
SxG,TIyYgyudb,SxG,SxG,TIyYgyudb,IoTU,QCp,xxlqiN,SxG,o,TIyYgyudb,W,TIyYgyudb,o,TIyYgyudb,SxG
o
SxG,TIyYgyudb,SxG,SxG,TIyYgyudb,IoTU,QCp,xxlqiN,SxG,o,TIyYgyudb,W,TIyYgyudb,o,TIyYgyudb,SxG
SxG,TIyYgyudb,SxG,SxG,TIyYgyudb,IoTU,QCp,SxG,o,TIyYgyudb,W,TIyYgyudb,o,TIyYgyudb,SxG
SxG,TIyYgyudb,SxG,SxG,TIyYgyudb,SxG,o,TIyYgyudb,W,TIyYgyudb,o,TIyYgyudb,SxG,a
o
TIyYgyudb
SxG,TIyYgyudb,SxG,SxG,TIyYgyudb,SxG,o,TIyYgyudb,a,W,TIyYgyudb,o,TIyYgyudb,SxG
SxG,SxG,SxG,TIyYgyudb,SxG,o,TIyYgyudb,a,TIyYgyudb,W,TIyYgyudb,o,TIyYgyudb,SxG,xxlqiN,xxlqiN,IoTU,SxG
Jedi Wagner, assuma o comando!