[vazia]
h
h
[vazia]
vfnoEgJNa
vfnoEgJNa,ktGiKukh
vfnoEgJNa
jam
h
h
h
h
h
h
h
vfnoEgJNa
vfnoEgJNa
vfnoEgJNa
vfnoEgJNa
vfnoEgJNa
vfnoEgJNa,h
vfnoEgJNa,h,ktGiKukh,ktGiKukh
vfnoEgJNa,h,ktGiKukh,ktGiKukh
vfnoEgJNa
h,jam,ktGiKukh,ktGiKukh
h,jam,ktGiKukh,ktGiKukh
h,jam,ktGiKukh,ktGiKukh
h,jam,ktGiKukh,ktGiKukh
h,jam,ktGiKukh,ktGiKukh
ktGiKukh,jam,ktGiKukh,h
ktGiKukh,jam,ktGiKukh,h
ktGiKukh,jam,ktGiKukh,h
ktGiKukh
ktGiKukh
ktGiKukh
ktGiKukh
ktGiKukh,jam,ktGiKukh,h
ktGiKukh,jam,h,ktGiKukh,DbMRK
ktGiKukh,h,ktGiKukh,DbMRK
ktGiKukh,ktGiKukh,DbMRK,h,h
DbMRK
ktGiKukh,ktGiKukh,DbMRK,h,h,ktGiKukh
ktGiKukh,ktGiKukh,DbMRK,h,h,ktGiKukh,ktGiKukh
ktGiKukh,ktGiKukh,DbMRK,h,h,ktGiKukh,ktGiKukh
ktGiKukh,ktGiKukh,h,h,DbMRK,ktGiKukh,ktGiKukh,jam
h
ktGiKukh
Jedi Wagner, assuma o comando!