Toque! Toque, Dijê!
hZADzdy
hZADzdy,Hh,kRSLY,iyzTp
hZADzdy,Hh,kRSLY,iyzTp
hZADzdy,Hh,kRSLY,iyzTp
kRSLY
kRSLY
hZADzdy,Hh,kRSLY,iyzTp
kRSLY
hZADzdy,Hh,kRSLY,iyzTp
hZADzdy,Hh,kRSLY,iyzTp
iyzTp
iyzTp
Hh,iyzTp,kRSLY,iyzTp,hZADzdy,hZADzdy,YOPWQ
Hh,kRSLY,iyzTp,hZADzdy,YOPWQ,iyzTp
Hh,kRSLY,iyzTp,hZADzdy,YOPWQ,iyzTp
Hh,kRSLY,iyzTp,hZADzdy,YOPWQ,iyzTp
Hh,kRSLY,iyzTp,hZADzdy,YOPWQ,iyzTp
iyzTp
iyzTp
YOPWQ
kRSLY,iyzTp,hZADzdy,YOPWQ,Hh,iyzTp,iyzTp,iEQMxzb
Hh
Hh
Hh
Hh
Hh
kRSLY,iyzTp,hZADzdy,YOPWQ,Hh,iyzTp,iyzTp,Bii,kRSLY,iEQMxzb
kRSLY,hZADzdy,Hh,iyzTp,YOPWQ,iyzTp,Bii,kRSLY,iEQMxzb,hZADzdy
kRSLY,Hh,iyzTp,YOPWQ,iyzTp,Bii,kRSLY,iEQMxzb,hZADzdy
Hh,iyzTp,YOPWQ,iyzTp,Bii,iEQMxzb,hZADzdy
Hh,iyzTp,YOPWQ,iyzTp,Bii,iEQMxzb,hZADzdy
Hh,kRSLY,iyzTp,hZADzdy,YOPWQ,iyzTp
Hh,kRSLY,iyzTp,hZADzdy,YOPWQ,iyzTp
YOPWQ
Hh,kRSLY,iyzTp,hZADzdy,YOPWQ,iyzTp
YOPWQ
Hh
Hh,kRSLY,iyzTp,hZADzdy,YOPWQ,iyzTp
Hh,kRSLY,iyzTp,hZADzdy,YOPWQ,iyzTp
YOPWQ
Hh,kRSLY,iyzTp,hZADzdy,YOPWQ,iyzTp
kRSLY,iyzTp,hZADzdy,YOPWQ,Hh,iyzTp,kRSLY
YOPWQ
YOPWQ
Hh,kRSLY,iyzTp,hZADzdy,YOPWQ,iyzTp
Hh,iyzTp,hZADzdy,YOPWQ,kRSLY,iyzTp
YOPWQ
Hh,iyzTp,hZADzdy,YOPWQ,kRSLY,iyzTp
Hh,iyzTp,hZADzdy,YOPWQ,kRSLY,iyzTp
Hh,kRSLY,iyzTp,hZADzdy,YOPWQ,iyzTp
YOPWQ
YOPWQ
iyzTp
Hh,kRSLY,iyzTp,hZADzdy,YOPWQ,iyzTp,YOPWQ
Hh,kRSLY,iyzTp,hZADzdy,YOPWQ,iyzTp,YOPWQ
Hh,kRSLY,iyzTp,YOPWQ,hZADzdy,iyzTp,YOPWQ
Hh,kRSLY,iyzTp,YOPWQ,hZADzdy,iyzTp,YOPWQ
hZADzdy
Hh,kRSLY,iyzTp,YOPWQ,hZADzdy,iyzTp,YOPWQ,Hh
Hh,kRSLY,iyzTp,YOPWQ,hZADzdy,iyzTp,YOPWQ,Hh
Hh,kRSLY,YOPWQ,hZADzdy,iyzTp,YOPWQ,Hh,hZADzdy
kRSLY,YOPWQ,hZADzdy,Hh,iyzTp,YOPWQ,Hh,hZADzdy,kRSLY
Hh
Hh
YOPWQ,hZADzdy,Hh,iyzTp,YOPWQ,Hh,hZADzdy,kRSLY,iyzTp
YOPWQ
iyzTp
Hh,YOPWQ,iyzTp,iyzTp,Hh,Hh
Hh
Hh,YOPWQ,iyzTp,iyzTp,Hh,Hh
Hh
Hh,YOPWQ,iyzTp,iyzTp,Hh,Hh
Hh,YOPWQ,iyzTp,iyzTp,Hh,Hh
Hh,YOPWQ,iyzTp,iyzTp,Hh,Hh,kRSLY
Hh
Hh,YOPWQ,iyzTp,iyzTp,Hh,Hh
Hh,YOPWQ,iyzTp,iyzTp,Hh,Hh
Hh
Hh,YOPWQ,iyzTp,Hh,Hh,XXmMYhXfR
Hh,YOPWQ,iyzTp,Hh,Hh,XXmMYhXfR
Hh
Hh
Hh,YOPWQ,iyzTp,iyzTp,Hh,Hh
Hh
YOPWQ
Hh,YOPWQ,iyzTp,iyzTp,Hh,Hh,Bii
Hh,iyzTp,iyzTp,Hh,Hh,Bii
Hh
iyzTp
iyzTp,iyzTp,Hh,Hh,Bii
iyzTp
iyzTp
iyzTp,Hh,Hh,Bii
iyzTp,Hh,Hh,Bii
iyzTp
iyzTp,Hh,Hh,Bii
iyzTp,Hh,Hh,Bii,iyzTp,iEQMxzb
iyzTp,Hh,Hh,iyzTp,iEQMxzb,YOPWQ
iyzTp
iyzTp,Hh,Hh,iyzTp,iEQMxzb,XXmMYhXfR
iyzTp
iyzTp,iyzTp,Hh,Hh,Bii
iyzTp,iyzTp,Hh,Hh,Bii
iyzTp
iyzTp
iyzTp,Hh,Hh,Bii,XXmMYhXfR
iyzTp,Hh,Hh,Bii,XXmMYhXfR
iyzTp
iyzTp,Hh,Hh,XXmMYhXfR
iyzTp
iyzTp
iyzTp,Bii,Hh,Hh,XXmMYhXfR,Hh,iyzTp,iyzTp
Bii,Hh,iyzTp,Hh,XXmMYhXfR,Hh,iyzTp,iyzTp
Bii,Hh,iyzTp,Hh,XXmMYhXfR,Hh,iyzTp,iyzTp
Hh
Bii,Hh,iyzTp,Hh,hZADzdy,XXmMYhXfR,Hh,iyzTp,iyzTp,XXmMYhXfR
Hh
Bii,Hh,iyzTp,Hh,XXmMYhXfR,Hh,iyzTp,iyzTp,hZADzdy
Bii,iyzTp,Hh,XXmMYhXfR,Hh,Hh,iyzTp,iyzTp,hZADzdy,Bii
Hh
iyzTp
Bii,Hh,iyzTp,Hh,XXmMYhXfR,Hh,iyzTp,iyzTp,hZADzdy,Bii,iyzTp,iyzTp,iEQMxzb
hZADzdy
hZADzdy
hZADzdy
hZADzdy
Bii,Hh,iyzTp,Hh,XXmMYhXfR,Hh,iyzTp,iyzTp,hZADzdy,iEQMxzb,Bii,iyzTp,iyzTp,XXmMYhXfR
Bii,iyzTp,Hh,XXmMYhXfR,Hh,iyzTp,iyzTp,hZADzdy,iEQMxzb,Bii,iyzTp,iyzTp,XXmMYhXfR
Bii,Hh,iyzTp,Hh,XXmMYhXfR,Hh,iyzTp,iyzTp,hZADzdy,Bii,iyzTp,iyzTp,iEQMxzb
Bii,Hh,iyzTp,Hh,XXmMYhXfR,Hh,iyzTp,iyzTp,hZADzdy,Bii,iyzTp,iyzTp,iEQMxzb
hZADzdy
Bii,iyzTp,Hh,XXmMYhXfR,Hh,iyzTp,iyzTp,hZADzdy,Hh,Bii,iyzTp,iyzTp,iEQMxzb,XXmMYhXfR
Bii,iyzTp,Hh,XXmMYhXfR,Hh,iyzTp,iyzTp,hZADzdy,Hh,Bii,iyzTp,iyzTp,iEQMxzb,XXmMYhXfR
Hh
Hh
Bii,iyzTp,Hh,XXmMYhXfR,Hh,iyzTp,iyzTp,hZADzdy,Hh,Bii,iyzTp,iyzTp,iEQMxzb,XXmMYhXfR
Bii,iyzTp,Hh,XXmMYhXfR,Hh,iyzTp,iyzTp,hZADzdy,Hh,Bii,iyzTp,iyzTp,iEQMxzb,XXmMYhXfR,kRSLY
Bii,iyzTp,Hh,XXmMYhXfR,Hh,iyzTp,iyzTp,hZADzdy,Hh,Bii,iyzTp,iyzTp,iEQMxzb,XXmMYhXfR,kRSLY
Bii,iyzTp,Hh,XXmMYhXfR,Hh,iyzTp,iyzTp,hZADzdy,Hh,Bii,iyzTp,iyzTp,iEQMxzb,XXmMYhXfR,kRSLY
Hh
Hh
iyzTp
Bii,Hh,XXmMYhXfR,Hh,iyzTp,iyzTp,hZADzdy,Hh,iyzTp,Bii,iyzTp,iyzTp,iEQMxzb,XXmMYhXfR,kRSLY
Bii,Hh,Hh,iyzTp,iyzTp,hZADzdy,Hh,iyzTp,Bii,iyzTp,iyzTp,iEQMxzb,XXmMYhXfR,kRSLY,Bii
Bii,Hh,XXmMYhXfR,Hh,iyzTp,Hh,iyzTp,Bii,iyzTp,iyzTp,iyzTp,iEQMxzb,XXmMYhXfR,kRSLY,YOPWQ
iyzTp
Bii,Hh,XXmMYhXfR,Hh,iyzTp,Hh,iyzTp,Bii,iyzTp,iyzTp,iyzTp,XXmMYhXfR,kRSLY,YOPWQ,iEQMxzb
Hh,Hh,iyzTp,Hh,iyzTp,iyzTp,XXmMYhXfR,Bii,iyzTp,iyzTp,XXmMYhXfR,YOPWQ,iEQMxzb,Bii,iEQMxzb,Bii,YOPWQ
Bii
Bii
Bii,Hh,XXmMYhXfR,Hh,hZADzdy,Hh,iyzTp,Bii,iyzTp,iyzTp,iyzTp,iEQMxzb,XXmMYhXfR,kRSLY
iyzTp
Bii,Hh,XXmMYhXfR,Hh,hZADzdy,Hh,iyzTp,Bii,iyzTp,iyzTp,iyzTp,iEQMxzb,XXmMYhXfR,XXmMYhXfR,Hh,iEQMxzb
Bii,Hh,XXmMYhXfR,Hh,hZADzdy,Hh,Bii,iyzTp,iyzTp,iyzTp,iyzTp,iEQMxzb,XXmMYhXfR,XXmMYhXfR,Hh,iEQMxzb
Bii,Hh,XXmMYhXfR,Hh,hZADzdy,Hh,Bii,iyzTp,iyzTp,iyzTp,iyzTp,iEQMxzb,XXmMYhXfR,XXmMYhXfR,Hh,iEQMxzb
iyzTp
Bii,Hh,XXmMYhXfR,Hh,iyzTp,iyzTp,hZADzdy,Hh,iyzTp,Bii,iyzTp,iyzTp,iEQMxzb,XXmMYhXfR,kRSLY
Bii,Hh,XXmMYhXfR,Hh,iyzTp,iyzTp,hZADzdy,Hh,iyzTp,Bii,iyzTp,iyzTp,iEQMxzb,XXmMYhXfR,kRSLY
Bii
Bii,Hh,XXmMYhXfR,Hh,iyzTp,iyzTp,hZADzdy,Hh,iyzTp,Bii,iyzTp,iyzTp,iEQMxzb,XXmMYhXfR,kRSLY
Bii
Bii
iyzTp
Bii,Hh,XXmMYhXfR,Hh,iyzTp,hZADzdy,Hh,iyzTp,Bii,iyzTp,iyzTp,iyzTp,iEQMxzb,XXmMYhXfR,kRSLY,iyzTp
iyzTp
iyzTp
Bii,Hh,XXmMYhXfR,Hh,iyzTp,hZADzdy,Hh,iyzTp,Bii,iyzTp,iyzTp,iyzTp,iEQMxzb,XXmMYhXfR,kRSLY,iyzTp
Bii,Hh,XXmMYhXfR,Hh,iyzTp,hZADzdy,Hh,iyzTp,Bii,iyzTp,iyzTp,iyzTp,iEQMxzb,XXmMYhXfR,kRSLY,iyzTp
Bii,Hh,XXmMYhXfR,Hh,iyzTp,hZADzdy,Hh,iyzTp,Bii,iyzTp,iyzTp,iyzTp,iEQMxzb,XXmMYhXfR,kRSLY,iyzTp
Bii,Hh,XXmMYhXfR,Hh,iyzTp,hZADzdy,Hh,iyzTp,Bii,iyzTp,iyzTp,iyzTp,iEQMxzb,XXmMYhXfR,kRSLY,iyzTp
Bii,Hh,XXmMYhXfR,Hh,iyzTp,hZADzdy,Hh,iyzTp,Bii,iyzTp,iyzTp,iyzTp,iEQMxzb,XXmMYhXfR,kRSLY,iyzTp
Bii,Hh,XXmMYhXfR,Hh,hZADzdy,Hh,iyzTp,Bii,iyzTp,iyzTp,iyzTp,iEQMxzb,XXmMYhXfR,kRSLY,iyzTp,Hh,kRSLY,kRSLY
hZADzdy
hZADzdy
kRSLY
Bii,Hh,XXmMYhXfR,Hh,hZADzdy,Hh,iyzTp,Bii,iyzTp,iyzTp,iyzTp,kRSLY,iEQMxzb,XXmMYhXfR,iyzTp,Hh,kRSLY,kRSLY,iEQMxzb
kRSLY
Bii,XXmMYhXfR,Hh,Hh,iyzTp,Bii,iyzTp,iyzTp,iyzTp,kRSLY,iEQMxzb,XXmMYhXfR,iyzTp,Hh,kRSLY,kRSLY,iEQMxzb,XXmMYhXfR
Bii,XXmMYhXfR,Hh,Hh,iyzTp,Bii,iyzTp,iyzTp,iyzTp,kRSLY,iEQMxzb,XXmMYhXfR,iyzTp,Hh,kRSLY,kRSLY,iEQMxzb,XXmMYhXfR
Bii,XXmMYhXfR,Hh,Hh,iyzTp,Bii,iyzTp,iyzTp,iyzTp,kRSLY,iEQMxzb,XXmMYhXfR,iyzTp,Hh,kRSLY,kRSLY,iEQMxzb,XXmMYhXfR
Bii,XXmMYhXfR,Hh,Hh,iyzTp,Bii,iyzTp,iyzTp,iyzTp,kRSLY,iEQMxzb,XXmMYhXfR,iyzTp,Hh,kRSLY,kRSLY,iEQMxzb,XXmMYhXfR,kRSLY
Bii,XXmMYhXfR,Hh,Hh,iyzTp,Bii,iyzTp,iyzTp,iyzTp,kRSLY,iEQMxzb,XXmMYhXfR,iyzTp,Hh,kRSLY,kRSLY,iEQMxzb,XXmMYhXfR,kRSLY
Bii,XXmMYhXfR,Hh,Hh,iyzTp,Bii,iyzTp,iyzTp,iyzTp,kRSLY,iEQMxzb,XXmMYhXfR,iyzTp,Hh,kRSLY,kRSLY,iEQMxzb,XXmMYhXfR,kRSLY
iyzTp
Hh
Bii,XXmMYhXfR,Hh,Hh,iyzTp,Bii,iyzTp,iyzTp,iyzTp,iEQMxzb,XXmMYhXfR,iyzTp,Hh,kRSLY,kRSLY,iEQMxzb,XXmMYhXfR,kRSLY,Hh
Bii,XXmMYhXfR,Hh,Hh,iyzTp,Bii,iyzTp,iyzTp,iyzTp,iEQMxzb,XXmMYhXfR,iyzTp,Hh,kRSLY,kRSLY,iEQMxzb,XXmMYhXfR,kRSLY,Hh
iEQMxzb
iEQMxzb
Bii,XXmMYhXfR,Hh,Hh,iyzTp,Bii,iyzTp,iyzTp,iyzTp,XXmMYhXfR,iyzTp,Hh,iEQMxzb,kRSLY,kRSLY,iEQMxzb,XXmMYhXfR,kRSLY,Hh,Hh,XXmMYhXfR,hZADzdy
iEQMxzb
iEQMxzb
Bii,XXmMYhXfR,Hh,Hh,iyzTp,Bii,iyzTp,iyzTp,iyzTp,XXmMYhXfR,iyzTp,Hh,iEQMxzb,kRSLY,kRSLY,iEQMxzb,XXmMYhXfR,kRSLY,Hh,Hh,XXmMYhXfR,hZADzdy,Hh,Hh
Bii,XXmMYhXfR,Hh,Hh,iyzTp,Bii,iyzTp,iyzTp,iyzTp,XXmMYhXfR,iyzTp,Hh,iEQMxzb,kRSLY,kRSLY,iEQMxzb,XXmMYhXfR,kRSLY,Hh,Hh,XXmMYhXfR,hZADzdy,Hh,Hh
iyzTp
XXmMYhXfR
Bii,Hh,Hh,iyzTp,Bii,iyzTp,iyzTp,iyzTp,XXmMYhXfR,iyzTp,Hh,iEQMxzb,XXmMYhXfR,kRSLY,kRSLY,iEQMxzb,XXmMYhXfR,kRSLY,Hh,Hh
Bii,Hh,Hh,iyzTp,Bii,iyzTp,iyzTp,iyzTp,XXmMYhXfR,iyzTp,Hh,iEQMxzb,XXmMYhXfR,kRSLY,iEQMxzb,XXmMYhXfR,kRSLY,Hh,Hh
Bii,XXmMYhXfR,Hh,Hh,iyzTp,Bii,iyzTp,iyzTp,iyzTp,XXmMYhXfR,iyzTp,Hh,iEQMxzb,kRSLY,kRSLY,iEQMxzb,XXmMYhXfR,kRSLY,Hh,Hh
kRSLY
kRSLY
kRSLY
Bii,XXmMYhXfR,Hh,Hh,iyzTp,Bii,iyzTp,iyzTp,iyzTp,XXmMYhXfR,iyzTp,Hh,iEQMxzb,kRSLY,kRSLY,iEQMxzb,XXmMYhXfR,kRSLY,Hh,Hh,kRSLY
Bii,XXmMYhXfR,Hh,Hh,iyzTp,Bii,iyzTp,iyzTp,iyzTp,XXmMYhXfR,iyzTp,Hh,iEQMxzb,kRSLY,kRSLY,iEQMxzb,XXmMYhXfR,kRSLY,Hh,Hh,kRSLY
kRSLY
Bii,XXmMYhXfR,Hh,iyzTp,Bii,iyzTp,iyzTp,iyzTp,XXmMYhXfR,iyzTp,Hh,iEQMxzb,kRSLY,kRSLY,Hh,iEQMxzb,XXmMYhXfR,kRSLY,Hh,Hh,kRSLY
Bii,XXmMYhXfR,Hh,iyzTp,Bii,iyzTp,iyzTp,iyzTp,XXmMYhXfR,iyzTp,Hh,iEQMxzb,kRSLY,kRSLY,Hh,iEQMxzb,XXmMYhXfR,kRSLY,Hh,Hh,kRSLY
Bii,Hh,Bii,iyzTp,iyzTp,iyzTp,XXmMYhXfR,iyzTp,Hh,kRSLY,kRSLY,XXmMYhXfR,Hh,XXmMYhXfR,kRSLY,Hh,Hh,kRSLY
Hh
Bii,Hh,Bii,iyzTp,iyzTp,iyzTp,XXmMYhXfR,iyzTp,Hh,kRSLY,kRSLY,XXmMYhXfR,Hh,XXmMYhXfR,kRSLY,Hh,Hh,kRSLY
XXmMYhXfR
Hh,iyzTp,iyzTp,XXmMYhXfR,iyzTp,Hh,kRSLY,kRSLY,XXmMYhXfR,Hh,XXmMYhXfR,Bii,kRSLY,Hh,Hh,kRSLY,XXmMYhXfR,Bii
Jedi Wagner, assuma o comando!