[vazia]
Toque! Toque, Dijê!
[vazia]
[vazia]
[vazia]
rYx
rYx
[vazia]
Toque! Toque, Dijê!
Toque! Toque, Dijê!
qUb
qUb
qUb,qUb
qUb
Toque! Toque, Dijê!
Toque! Toque, Dijê!
Toque! Toque, Dijê!
WzEM
Toque! Toque, Dijê!
[vazia]
[vazia]
[vazia]
Toque! Toque, Dijê!
Toque! Toque, Dijê!
QmGPJdHeOv
QmGPJdHeOv
QmGPJdHeOv
QmGPJdHeOv
QmGPJdHeOv
ifSorosQ
Toque! Toque, Dijê!
Toque! Toque, Dijê!
[vazia]
[vazia]
[vazia]
[vazia]
[vazia]
[vazia]
WzEM
Toque! Toque, Dijê!
[vazia]
QmGPJdHeOv
QmGPJdHeOv
QmGPJdHeOv
QmGPJdHeOv,WzEM
WzEM
ifSorosQ
ifSorosQ
WzEM
WzEM
WzEM,rYx
WzEM,rYx
WzEM,rYx,rYx
rYx
WzEM,rYx,rYx,qUb,ifSorosQ
qUb
qUb,WzEM,rYx,rYx,ifSorosQ
WzEM
rYx
WzEM,ifSorosQ,rYx,qUb,rYx,WzEM,QmGPJdHeOv
ifSorosQ
ifSorosQ
WzEM,ifSorosQ,qUb,rYx,WzEM,QmGPJdHeOv,ifSorosQ
rYx
rYx
WzEM
WzEM
WzEM,rYx,QmGPJdHeOv,ifSorosQ
rYx
rYx,WzEM,QmGPJdHeOv
WzEM,QmGPJdHeOv
QmGPJdHeOv
WzEM,ifSorosQ,QmGPJdHeOv,QmGPJdHeOv,WzEM,QmGPJdHeOv
WzEM,ifSorosQ,QmGPJdHeOv,WzEM,QmGPJdHeOv,QmGPJdHeOv,rYx
rYx
rYx
ifSorosQ,rYx,WzEM,QmGPJdHeOv,ifSorosQ,rYx
ifSorosQ
ifSorosQ
rYx,ifSorosQ,ifSorosQ,rYx,qUb,ifSorosQ,ifSorosQ,WzEM,WzEM
WzEM
ifSorosQ,ifSorosQ,rYx,qUb,ifSorosQ,ifSorosQ,WzEM,rYx,WzEM
rYx
rYx
rYx
WzEM
WzEM
WzEM
ifSorosQ,ifSorosQ,qUb,ifSorosQ,ifSorosQ,WzEM,WzEM,rYx
ifSorosQ,ifSorosQ,qUb,ifSorosQ,ifSorosQ,WzEM,WzEM,rYx
ifSorosQ
ifSorosQ
ifSorosQ,ifSorosQ,qUb,ifSorosQ,ifSorosQ,rYx,WzEM
WzEM
ifSorosQ,ifSorosQ,ifSorosQ,ifSorosQ,WzEM,QmGPJdHeOv
ifSorosQ,ifSorosQ,qUb,ifSorosQ,ifSorosQ,WzEM,WzEM,rYx
rYx
qUb
ifSorosQ,ifSorosQ,ifSorosQ,ifSorosQ,WzEM,WzEM,rYx,qUb,QmGPJdHeOv,QmGPJdHeOv,WzEM,WzEM
ifSorosQ,ifSorosQ,ifSorosQ,ifSorosQ,WzEM,rYx,qUb,QmGPJdHeOv,QmGPJdHeOv,WzEM,WzEM
ifSorosQ,ifSorosQ,ifSorosQ,ifSorosQ,WzEM,rYx,QmGPJdHeOv,qUb,QmGPJdHeOv,WzEM,WzEM
QmGPJdHeOv
QmGPJdHeOv
qUb
WzEM
ifSorosQ
ifSorosQ
ifSorosQ,ifSorosQ,qUb,ifSorosQ,ifSorosQ,rYx,WzEM,QmGPJdHeOv
ifSorosQ
ifSorosQ
ifSorosQ
ifSorosQ,ifSorosQ,ifSorosQ,WzEM,QmGPJdHeOv,QmGPJdHeOv
ifSorosQ,ifSorosQ,ifSorosQ,WzEM,QmGPJdHeOv,WzEM,qUb
ifSorosQ,ifSorosQ,WzEM,qUb,ifSorosQ,QmGPJdHeOv,WzEM,QmGPJdHeOv
ifSorosQ
ifSorosQ,ifSorosQ,WzEM,qUb,ifSorosQ,QmGPJdHeOv,WzEM,QmGPJdHeOv
ifSorosQ
ifSorosQ
ifSorosQ
ifSorosQ,WzEM,qUb,ifSorosQ,QmGPJdHeOv,WzEM,QmGPJdHeOv,WzEM,qUb
ifSorosQ,WzEM,qUb,ifSorosQ,QmGPJdHeOv,WzEM,QmGPJdHeOv,WzEM,qUb
ifSorosQ
ifSorosQ
ifSorosQ,WzEM,qUb,ifSorosQ,WzEM,QmGPJdHeOv,WzEM,qUb,ifSorosQ,qUb
ifSorosQ,WzEM,qUb,ifSorosQ,WzEM,QmGPJdHeOv,WzEM,qUb,ifSorosQ,qUb
ifSorosQ
ifSorosQ,WzEM,qUb,ifSorosQ,WzEM,WzEM,qUb,ifSorosQ,qUb,QmGPJdHeOv,rYx
WzEM,qUb,ifSorosQ,WzEM,QmGPJdHeOv,WzEM,qUb,ifSorosQ,qUb,QmGPJdHeOv,rYx
WzEM,qUb,ifSorosQ,WzEM,QmGPJdHeOv,WzEM,qUb,ifSorosQ,qUb,QmGPJdHeOv,rYx,QmGPJdHeOv,rYx
WzEM,qUb,ifSorosQ,WzEM,QmGPJdHeOv,WzEM,qUb,ifSorosQ,qUb,QmGPJdHeOv,rYx,QmGPJdHeOv,rYx
WzEM,qUb,ifSorosQ,WzEM,QmGPJdHeOv,WzEM,qUb,ifSorosQ,qUb,QmGPJdHeOv,rYx,QmGPJdHeOv,rYx
WzEM,qUb,ifSorosQ,WzEM,QmGPJdHeOv,WzEM,qUb,ifSorosQ,qUb,QmGPJdHeOv,rYx,QmGPJdHeOv,rYx
WzEM
ifSorosQ,WzEM,qUb,ifSorosQ,WzEM,QmGPJdHeOv,WzEM,qUb,ifSorosQ,qUb,QmGPJdHeOv
WzEM
WzEM,ifSorosQ,WzEM,qUb,ifSorosQ,QmGPJdHeOv,WzEM,qUb,ifSorosQ,qUb,QmGPJdHeOv
WzEM,qUb,ifSorosQ,WzEM,ifSorosQ,QmGPJdHeOv,WzEM,qUb,ifSorosQ,qUb,QmGPJdHeOv
WzEM,qUb,ifSorosQ,WzEM,ifSorosQ,WzEM,qUb,ifSorosQ,qUb,QmGPJdHeOv,ifSorosQ
WzEM,qUb,ifSorosQ,WzEM,ifSorosQ,WzEM,qUb,ifSorosQ,qUb,QmGPJdHeOv,ifSorosQ
WzEM,qUb,WzEM,WzEM,qUb,ifSorosQ,ifSorosQ,ifSorosQ,qUb,QmGPJdHeOv,ifSorosQ,ifSorosQ
WzEM,qUb,WzEM,WzEM,qUb,ifSorosQ,ifSorosQ,qUb,QmGPJdHeOv,ifSorosQ,ifSorosQ,QmGPJdHeOv,qUb
QmGPJdHeOv
QmGPJdHeOv
QmGPJdHeOv
qUb,WzEM,WzEM,qUb,ifSorosQ,ifSorosQ,qUb,QmGPJdHeOv,WzEM,ifSorosQ,ifSorosQ,QmGPJdHeOv,qUb,qUb
WzEM
qUb,WzEM,qUb,ifSorosQ,ifSorosQ,qUb,QmGPJdHeOv,WzEM,WzEM,ifSorosQ,ifSorosQ,QmGPJdHeOv,qUb,qUb
qUb,WzEM,qUb,ifSorosQ,ifSorosQ,qUb,QmGPJdHeOv,WzEM,WzEM,ifSorosQ,ifSorosQ,QmGPJdHeOv,qUb,qUb
WzEM
WzEM
qUb,WzEM,WzEM,qUb,ifSorosQ,ifSorosQ,qUb,QmGPJdHeOv,WzEM,ifSorosQ,ifSorosQ,QmGPJdHeOv,qUb,qUb,qUb,ifSorosQ
qUb,WzEM,qUb,ifSorosQ,qUb,WzEM,WzEM,ifSorosQ,ifSorosQ,QmGPJdHeOv,qUb,qUb,qUb,ifSorosQ,qUb
qUb,WzEM,WzEM,qUb,ifSorosQ,qUb,QmGPJdHeOv,WzEM,ifSorosQ,ifSorosQ,ifSorosQ,QmGPJdHeOv,qUb,qUb
qUb,WzEM,qUb,ifSorosQ,qUb,QmGPJdHeOv,WzEM,ifSorosQ,WzEM,ifSorosQ,ifSorosQ,QmGPJdHeOv,qUb,qUb,QmGPJdHeOv,WzEM
qUb,WzEM,qUb,ifSorosQ,qUb,QmGPJdHeOv,WzEM,ifSorosQ,WzEM,ifSorosQ,ifSorosQ,QmGPJdHeOv,qUb,qUb,QmGPJdHeOv,WzEM
QmGPJdHeOv
WzEM
qUb,ifSorosQ,qUb,ifSorosQ,rYx,QmGPJdHeOv,WzEM,ifSorosQ,ifSorosQ,QmGPJdHeOv,qUb,qUb,qUb,QmGPJdHeOv,WzEM,rYx
qUb
Jedi Wagner, assuma o comando!