[vazia]
[vazia]
TTKfo
TTKfo
uEX,ScvwQ
uEX,wyYjsq,uEX
uEX,wyYjsq,uEX
[vazia]
ScvwQ
ScvwQ
[vazia]
Toque! Toque, Dijê!
[vazia]
Toque! Toque, Dijê!
uEX
uEX
uEX,TTKfo
TTKfo,uEX,MvEileq
TTKfo
[vazia]
[vazia]
Toque! Toque, Dijê!
MvEileq
MvEileq
Toque! Toque, Dijê!
h
h
h
h
h
h,TTKfo
h
h
h,ScvwQ
h
h
h
h,ScvwQ,wyYjsq
h,ScvwQ,wyYjsq,MvEileq
h
h
h
rsLKawPxDH,ScvwQ
rsLKawPxDH,ScvwQ
rsLKawPxDH
rsLKawPxDH
rsLKawPxDH
wyYjsq,uEX
wyYjsq,uEX
wyYjsq,uEX
wyYjsq
wyYjsq,uEX
wyYjsq
wyYjsq
wyYjsq
wyYjsq
wyYjsq
wyYjsq,uEX
uEX
uEX
wyYjsq,uEX,ScvwQ
uEX
uEX
uEX
uEX
wyYjsq,uEX,wyYjsq,MvEileq
wyYjsq,uEX,MvEileq,wyYjsq
uEX
uEX
wyYjsq,uEX,MvEileq
wyYjsq,uEX,MvEileq,MvEileq
wyYjsq,uEX,MvEileq,MvEileq,MvEileq,h
MvEileq
wyYjsq,uEX,MvEileq,MvEileq,MvEileq,h
wyYjsq,uEX,MvEileq,MvEileq,h
h
wyYjsq,MvEileq,MvEileq,h,uEX
wyYjsq,uEX,MvEileq,MvEileq,MvEileq,h
wyYjsq,uEX,MvEileq,MvEileq,MvEileq,h
wyYjsq,uEX,MvEileq,MvEileq,MvEileq,h
h
h
wyYjsq,uEX,MvEileq,MvEileq,MvEileq,h
wyYjsq,uEX,MvEileq,MvEileq,MvEileq,h
h
h
h
h
wyYjsq,MvEileq,MvEileq,MvEileq,h,TTKfo,j,h
wyYjsq,MvEileq,MvEileq,MvEileq,h,TTKfo,j,h,wyYjsq,h
wyYjsq,MvEileq,MvEileq,h,MvEileq,TTKfo,j,h,wyYjsq,h
wyYjsq,MvEileq,MvEileq,h,MvEileq,TTKfo,j,h,wyYjsq,h
MvEileq,MvEileq,h,MvEileq,wyYjsq,TTKfo,j,h,wyYjsq,h
wyYjsq
h
wyYjsq,uEX,MvEileq,MvEileq,MvEileq,h,uEX
wyYjsq,uEX,MvEileq,MvEileq,MvEileq,h,uEX
h
wyYjsq,uEX,MvEileq,MvEileq,MvEileq,h
wyYjsq,uEX,MvEileq,MvEileq,MvEileq,h
h
uEX,MvEileq,MvEileq,MvEileq,h
uEX,MvEileq,MvEileq,MvEileq,h
uEX
uEX
uEX,MvEileq,MvEileq,MvEileq,h
MvEileq
MvEileq
MvEileq,MvEileq,MvEileq,h,TTKfo,uEX
MvEileq,MvEileq,MvEileq,h,wyYjsq,TTKfo,uEX
h
MvEileq,MvEileq,MvEileq,h,wyYjsq,TTKfo,uEX
MvEileq,MvEileq,MvEileq,TTKfo,h,wyYjsq,uEX,h,h,wyYjsq
MvEileq,MvEileq,MvEileq,TTKfo,wyYjsq,h,uEX,h,h,wyYjsq
TTKfo
TTKfo
TTKfo
MvEileq,MvEileq,MvEileq,TTKfo,wyYjsq,h,uEX,h,h,wyYjsq,rsLKawPxDH,h,rsLKawPxDH
MvEileq,MvEileq,h,MvEileq,wyYjsq,TTKfo,uEX
MvEileq,MvEileq,h,MvEileq,wyYjsq,TTKfo,uEX
h
MvEileq,MvEileq,uEX,h,MvEileq,wyYjsq,TTKfo
MvEileq,MvEileq,uEX,MvEileq,wyYjsq,TTKfo
MvEileq,uEX,MvEileq,wyYjsq,TTKfo
MvEileq,MvEileq,uEX,h,MvEileq,wyYjsq,TTKfo
MvEileq,uEX,h,MvEileq,MvEileq,wyYjsq,TTKfo
MvEileq,uEX,h,MvEileq,MvEileq,wyYjsq,TTKfo
MvEileq
MvEileq,uEX,h,MvEileq,MvEileq,wyYjsq,TTKfo,j,j
Jedi Wagner, assuma o comando!