Toque! Toque, Dijê!
Toque! Toque, Dijê!
VLLCpw
VLLCpw
VLLCpw
VLLCpw,PLJV
VLLCpw
VLLCpw,PLJV,LMSaBXNFD
VLLCpw,LMSaBXNFD,PLJV
VLLCpw,LMSaBXNFD,PLJV
LMSaBXNFD
LMSaBXNFD
LMSaBXNFD
PLJV
LMSaBXNFD,PLJV,VLLCpw,LMSaBXNFD
VLLCpw
VLLCpw
LMSaBXNFD,VLLCpw,PLJV,LMSaBXNFD,VLLCpw
LMSaBXNFD,VLLCpw,PLJV,LMSaBXNFD,VLLCpw
VLLCpw
LMSaBXNFD,VLLCpw,LMSaBXNFD,VLLCpw
VLLCpw
PLJV
PLJV
LMSaBXNFD
PLJV
PLJV
VLLCpw,LMSaBXNFD,PLJV,VLLCpw,PLJV
PLJV
VLLCpw,LMSaBXNFD,PLJV,VLLCpw,PLJV,PLJV
VLLCpw,LMSaBXNFD,PLJV,VLLCpw,PLJV,PLJV
PLJV
VLLCpw
VLLCpw,PLJV,VLLCpw,PLJV,PLJV,Vyhed,LMSaBXNFD,PLJV
Vyhed
Jedi Wagner, assuma o comando!