Toque! Toque, Dijê!
[vazia]
[vazia]
[vazia]
Toque! Toque, Dijê!
[vazia]
[vazia]
[vazia]
Toque! Toque, Dijê!
Toque! Toque, Dijê!
[vazia]
igPLKBEbb
igPLKBEbb
igPLKBEbb
igPLKBEbb,igPLKBEbb
igPLKBEbb,igPLKBEbb,igPLKBEbb
igPLKBEbb,igPLKBEbb
igPLKBEbb,igPLKBEbb,igPLKBEbb
igPLKBEbb
igPLKBEbb
igPLKBEbb,igPLKBEbb,igPLKBEbb
igPLKBEbb,igPLKBEbb
igPLKBEbb,igPLKBEbb
igPLKBEbb
igPLKBEbb,igPLKBEbb
igPLKBEbb,igPLKBEbb
igPLKBEbb,igPLKBEbb
igPLKBEbb,igPLKBEbb,igPLKBEbb
igPLKBEbb
igPLKBEbb
Toque! Toque, Dijê!
igPLKBEbb
igPLKBEbb
igPLKBEbb
igPLKBEbb
igPLKBEbb
igPLKBEbb
igPLKBEbb,igPLKBEbb
igPLKBEbb,igPLKBEbb,igPLKBEbb,igPLKBEbb,igPLKBEbb
igPLKBEbb,igPLKBEbb,igPLKBEbb,igPLKBEbb,igPLKBEbb
igPLKBEbb,igPLKBEbb,igPLKBEbb,igPLKBEbb,igPLKBEbb
igPLKBEbb,igPLKBEbb,igPLKBEbb,igPLKBEbb
igPLKBEbb
igPLKBEbb,igPLKBEbb,igPLKBEbb,igPLKBEbb,igPLKBEbb
igPLKBEbb,igPLKBEbb,igPLKBEbb,igPLKBEbb
igPLKBEbb,igPLKBEbb,igPLKBEbb,igPLKBEbb
igPLKBEbb,igPLKBEbb,igPLKBEbb,igPLKBEbb
igPLKBEbb,igPLKBEbb,igPLKBEbb
igPLKBEbb,igPLKBEbb,igPLKBEbb
igPLKBEbb
igPLKBEbb,igPLKBEbb,igPLKBEbb
igPLKBEbb
igPLKBEbb
igPLKBEbb
igPLKBEbb
igPLKBEbb
igPLKBEbb,igPLKBEbb,igPLKBEbb
igPLKBEbb,igPLKBEbb,igPLKBEbb
igPLKBEbb,igPLKBEbb,igPLKBEbb
igPLKBEbb
igPLKBEbb,igPLKBEbb
igPLKBEbb
igPLKBEbb
igPLKBEbb
igPLKBEbb
igPLKBEbb
igPLKBEbb
igPLKBEbb,igPLKBEbb,igPLKBEbb,igPLKBEbb
igPLKBEbb
igPLKBEbb
igPLKBEbb
igPLKBEbb
igPLKBEbb
igPLKBEbb,igPLKBEbb,igPLKBEbb,igPLKBEbb
igPLKBEbb
igPLKBEbb
igPLKBEbb
igPLKBEbb
igPLKBEbb
igPLKBEbb,igPLKBEbb,igPLKBEbb
igPLKBEbb,igPLKBEbb
igPLKBEbb,igPLKBEbb
igPLKBEbb,igPLKBEbb,igPLKBEbb
igPLKBEbb,igPLKBEbb,igPLKBEbb
igPLKBEbb
igPLKBEbb,igPLKBEbb,igPLKBEbb
igPLKBEbb
igPLKBEbb,igPLKBEbb,igPLKBEbb
igPLKBEbb,igPLKBEbb,igPLKBEbb
igPLKBEbb,igPLKBEbb,igPLKBEbb
igPLKBEbb,igPLKBEbb,igPLKBEbb
igPLKBEbb
igPLKBEbb
Toque! Toque, Dijê!
igPLKBEbb,igPLKBEbb
igPLKBEbb
igPLKBEbb,igPLKBEbb,igPLKBEbb,igPLKBEbb
igPLKBEbb
igPLKBEbb
igPLKBEbb
igPLKBEbb,igPLKBEbb
igPLKBEbb,igPLKBEbb
igPLKBEbb
igPLKBEbb
igPLKBEbb,igPLKBEbb
igPLKBEbb
igPLKBEbb,igPLKBEbb
igPLKBEbb
igPLKBEbb
igPLKBEbb,igPLKBEbb
igPLKBEbb
igPLKBEbb
igPLKBEbb
igPLKBEbb
igPLKBEbb
igPLKBEbb,igPLKBEbb
igPLKBEbb,igPLKBEbb
igPLKBEbb
igPLKBEbb
igPLKBEbb
igPLKBEbb,igPLKBEbb,igPLKBEbb,igPLKBEbb
igPLKBEbb
igPLKBEbb,igPLKBEbb,igPLKBEbb,igPLKBEbb
igPLKBEbb,igPLKBEbb,igPLKBEbb
igPLKBEbb,igPLKBEbb,igPLKBEbb
igPLKBEbb
igPLKBEbb,igPLKBEbb
Jedi Wagner, assuma o comando!