Rnjbe
oaQfqckw,Rnjbe,Rnjbe
Rnjbe
oaQfqckw,Rnjbe,Rnjbe
oaQfqckw,Rnjbe,Rnjbe
oaQfqckw,Rnjbe,JikdnyQG
oaQfqckw,Rnjbe
oaQfqckw,Rnjbe
Rnjbe
oaQfqckw
oaQfqckw
Rnjbe,oaQfqckw
oaQfqckw,Rnjbe
Rnjbe
Rnjbe
oaQfqckw,Rnjbe
oaQfqckw,Rnjbe
Rnjbe,IkBdyir,oFGML
oaQfqckw
oaQfqckw
oaQfqckw
Rnjbe
Rnjbe
oaQfqckw
oaQfqckw,Rnjbe,xHvQoCm
oaQfqckw,Rnjbe,xHvQoCm
oaQfqckw,Rnjbe,xHvQoCm
oaQfqckw,Rnjbe,xHvQoCm
xHvQoCm
xHvQoCm
oaQfqckw,Rnjbe,xHvQoCm
oaQfqckw,Rnjbe,xHvQoCm,xHvQoCm
oaQfqckw
oaQfqckw,xHvQoCm,yEymV,JikdnyQG,oaQfqckw
xHvQoCm
oaQfqckw,xHvQoCm,yEymV,JikdnyQG,oaQfqckw,oaQfqckw
oaQfqckw,xHvQoCm,yEymV,JikdnyQG,oaQfqckw
xHvQoCm
xHvQoCm
oaQfqckw,xHvQoCm,yEymV,oaQfqckw
oaQfqckw,xHvQoCm,yEymV,oaQfqckw
oaQfqckw,xHvQoCm,yEymV,oaQfqckw
oaQfqckw,xHvQoCm,yEymV,oaQfqckw
xHvQoCm,yEymV,oaQfqckw
oaQfqckw
oaQfqckw
oaQfqckw,xHvQoCm,yEymV,JikdnyQG,oaQfqckw
xHvQoCm
oaQfqckw,xHvQoCm,yEymV,JikdnyQG,oaQfqckw
xHvQoCm
xHvQoCm
xHvQoCm
JikdnyQG
oaQfqckw,xHvQoCm,yEymV,JikdnyQG,oaQfqckw
oaQfqckw,xHvQoCm,yEymV,JikdnyQG,oaQfqckw
oaQfqckw
oaQfqckw
oaQfqckw
yEymV
oaQfqckw
oaQfqckw,xHvQoCm,yEymV,oaQfqckw,oFGML,IkBdyir
oaQfqckw
yEymV,oaQfqckw,xHvQoCm,oaQfqckw,oFGML,IkBdyir,qwm
yEymV,oaQfqckw,xHvQoCm,oaQfqckw,oFGML,IkBdyir,qwm
yEymV,oaQfqckw,xHvQoCm,oaQfqckw,oFGML,qwm,qwm
oaQfqckw
yEymV,oaQfqckw,xHvQoCm,oaQfqckw,oFGML,qwm,qwm,xHvQoCm,yEymV,oFGML
oaQfqckw
oaQfqckw
yEymV,oaQfqckw,xHvQoCm,oaQfqckw,oFGML,qwm,qwm,xHvQoCm,yEymV,oFGML,IkBdyir,JikdnyQG,Rnjbe
yEymV,oaQfqckw,xHvQoCm,oaQfqckw,oFGML,qwm,qwm,xHvQoCm,yEymV,oFGML,IkBdyir,JikdnyQG,Rnjbe
yEymV,oaQfqckw,xHvQoCm,oaQfqckw,oFGML,qwm,qwm,xHvQoCm,yEymV,oFGML,IkBdyir,Rnjbe,TJGogH
oFGML
yEymV,oaQfqckw,xHvQoCm,oaQfqckw,oFGML,qwm,qwm,xHvQoCm,yEymV,oFGML,IkBdyir,Rnjbe,TJGogH
oFGML
oFGML
oFGML
yEymV,oaQfqckw,xHvQoCm,oaQfqckw,oFGML,qwm,qwm,xHvQoCm,yEymV,oFGML,IkBdyir,JikdnyQG,Rnjbe,TJGogH
IkBdyir
IkBdyir
IkBdyir
Rnjbe
Rnjbe
yEymV,xHvQoCm,oaQfqckw,Rnjbe,IkBdyir,oFGML,TJGogH,qwm,qwm,xHvQoCm,yEymV,oFGML,TJGogH,qwm
oaQfqckw,xHvQoCm,oaQfqckw,oFGML,yEymV,qwm,qwm,xHvQoCm,yEymV,oFGML,IkBdyir,JikdnyQG,Rnjbe,TJGogH,TJGogH
oaQfqckw,xHvQoCm,oaQfqckw,oFGML,yEymV,qwm,qwm,xHvQoCm,yEymV,oFGML,IkBdyir,JikdnyQG,Rnjbe,TJGogH
oaQfqckw,xHvQoCm,oaQfqckw,oFGML,yEymV,qwm,qwm,xHvQoCm,yEymV,oFGML,IkBdyir,JikdnyQG,Rnjbe,TJGogH
yEymV
oaQfqckw,oaQfqckw,yEymV,oFGML,qwm,qwm,xHvQoCm,yEymV,IkBdyir,JikdnyQG,Rnjbe,TJGogH,xHvQoCm
oaQfqckw,oaQfqckw,yEymV,oFGML,qwm,qwm,xHvQoCm,yEymV,IkBdyir,JikdnyQG,Rnjbe,TJGogH,xHvQoCm
oaQfqckw,oaQfqckw,yEymV,oFGML,qwm,qwm,xHvQoCm,yEymV,IkBdyir,JikdnyQG,TJGogH,xHvQoCm,oFGML
oaQfqckw,oaQfqckw,yEymV,oFGML,qwm,qwm,xHvQoCm,yEymV,IkBdyir,JikdnyQG,TJGogH,xHvQoCm,oFGML
qwm
qwm
oaQfqckw,oaQfqckw,yEymV,oFGML,qwm,JikdnyQG,qwm,xHvQoCm,yEymV,IkBdyir,TJGogH,xHvQoCm,oFGML
qwm
oaQfqckw,oaQfqckw,yEymV,oFGML,qwm,qwm,xHvQoCm,yEymV,IkBdyir,JikdnyQG,TJGogH,xHvQoCm,oFGML
oaQfqckw,oaQfqckw,yEymV,oFGML,qwm,qwm,xHvQoCm,yEymV,IkBdyir,JikdnyQG,TJGogH,xHvQoCm,oFGML,JikdnyQG
oaQfqckw,oaQfqckw,oFGML,qwm,yEymV,qwm,xHvQoCm,yEymV,IkBdyir,JikdnyQG,TJGogH,xHvQoCm,oFGML,IkBdyir
oaQfqckw,oFGML,qwm,yEymV,qwm,xHvQoCm,yEymV,IkBdyir,JikdnyQG,TJGogH,xHvQoCm,oFGML,IkBdyir,oaQfqckw
oaQfqckw,oFGML,qwm,yEymV,qwm,xHvQoCm,yEymV,IkBdyir,JikdnyQG,TJGogH,xHvQoCm,oFGML,IkBdyir,oaQfqckw
oaQfqckw,oFGML,qwm,yEymV,qwm,xHvQoCm,yEymV,IkBdyir,JikdnyQG,TJGogH,xHvQoCm,oFGML,IkBdyir,oaQfqckw
yEymV
qwm
qwm
oaQfqckw,oaQfqckw,yEymV,oFGML,qwm,qwm,xHvQoCm,yEymV,IkBdyir,JikdnyQG,TJGogH,xHvQoCm,oFGML
oaQfqckw,oaQfqckw,yEymV,oFGML,qwm,TJGogH,qwm,xHvQoCm,yEymV,IkBdyir,JikdnyQG,xHvQoCm,oFGML
oaQfqckw,oaQfqckw,yEymV,oFGML,qwm,TJGogH,qwm,xHvQoCm,yEymV,IkBdyir,JikdnyQG,xHvQoCm,oFGML
oaQfqckw,oaQfqckw,yEymV,oFGML,qwm,TJGogH,qwm,xHvQoCm,yEymV,IkBdyir,JikdnyQG,xHvQoCm,oFGML
oaQfqckw,oaQfqckw,yEymV,oFGML,qwm,TJGogH,qwm,xHvQoCm,yEymV,IkBdyir,JikdnyQG,xHvQoCm,oFGML
TJGogH
TJGogH
TJGogH
oaQfqckw,oaQfqckw,yEymV,oFGML,qwm,TJGogH,qwm,xHvQoCm,yEymV,IkBdyir,JikdnyQG,xHvQoCm,oFGML,JikdnyQG
oaQfqckw,oaQfqckw,yEymV,oFGML,qwm,TJGogH,qwm,xHvQoCm,yEymV,IkBdyir,JikdnyQG,xHvQoCm,oFGML,JikdnyQG
qwm
oaQfqckw,oaQfqckw,yEymV,oFGML,qwm,TJGogH,qwm,xHvQoCm,yEymV,IkBdyir,JikdnyQG,xHvQoCm,oFGML,JikdnyQG
oaQfqckw,yEymV,oFGML,qwm,TJGogH,qwm,xHvQoCm,yEymV,IkBdyir,JikdnyQG,xHvQoCm,oFGML,JikdnyQG,JikdnyQG,xHvQoCm,xHvQoCm,yEymV
yEymV
oaQfqckw,yEymV,oFGML,qwm,TJGogH,qwm,xHvQoCm,yEymV,IkBdyir,JikdnyQG,xHvQoCm,oFGML,JikdnyQG,JikdnyQG,xHvQoCm,xHvQoCm,yEymV
oaQfqckw,yEymV,oFGML,qwm,TJGogH,qwm,xHvQoCm,yEymV,IkBdyir,JikdnyQG,xHvQoCm,oFGML,JikdnyQG,JikdnyQG,xHvQoCm,xHvQoCm,yEymV,oFGML
yEymV
xHvQoCm
xHvQoCm
oaQfqckw,oaQfqckw,yEymV,oFGML,qwm,TJGogH,qwm,yEymV,xHvQoCm,IkBdyir,JikdnyQG,xHvQoCm,oFGML,JikdnyQG,JikdnyQG,IkBdyir
oaQfqckw,oaQfqckw,yEymV,oFGML,qwm,TJGogH,qwm,yEymV,xHvQoCm,IkBdyir,JikdnyQG,xHvQoCm,oFGML,JikdnyQG,JikdnyQG,IkBdyir
oaQfqckw,oaQfqckw,yEymV,oFGML,qwm,TJGogH,qwm,yEymV,xHvQoCm,IkBdyir,JikdnyQG,xHvQoCm,oFGML,JikdnyQG,JikdnyQG,IkBdyir,JikdnyQG
oaQfqckw,oaQfqckw,yEymV,oFGML,qwm,TJGogH,qwm,yEymV,xHvQoCm,IkBdyir,JikdnyQG,xHvQoCm,oFGML,JikdnyQG,JikdnyQG,IkBdyir,JikdnyQG
xHvQoCm
oaQfqckw,oaQfqckw,yEymV,oFGML,qwm,TJGogH,qwm,yEymV,xHvQoCm,IkBdyir,JikdnyQG,xHvQoCm,oFGML,JikdnyQG,JikdnyQG,IkBdyir,JikdnyQG
oaQfqckw,oaQfqckw,yEymV,oFGML,qwm,TJGogH,qwm,yEymV,xHvQoCm,IkBdyir,JikdnyQG,xHvQoCm,oFGML,JikdnyQG,JikdnyQG,IkBdyir
oFGML
yEymV
oaQfqckw,qwm,TJGogH,qwm,xHvQoCm,yEymV,oFGML,oaQfqckw,IkBdyir,JikdnyQG,xHvQoCm,oFGML,JikdnyQG,JikdnyQG,xHvQoCm,IkBdyir,IkBdyir
TJGogH
oaQfqckw,qwm,qwm,yEymV,oFGML,oaQfqckw,xHvQoCm,TJGogH,IkBdyir,JikdnyQG,xHvQoCm,oFGML,JikdnyQG,JikdnyQG,xHvQoCm,IkBdyir,IkBdyir
TJGogH
oaQfqckw,oaQfqckw,yEymV,oFGML,qwm,TJGogH,qwm,yEymV,xHvQoCm,IkBdyir,JikdnyQG,xHvQoCm,oFGML,JikdnyQG,JikdnyQG
oaQfqckw,oaQfqckw,yEymV,oFGML,qwm,TJGogH,qwm,xHvQoCm,yEymV,IkBdyir,JikdnyQG,xHvQoCm,oFGML,JikdnyQG,JikdnyQG
yEymV
yEymV
yEymV
Rnjbe
oaQfqckw,oaQfqckw,yEymV,oFGML,qwm,TJGogH,qwm,xHvQoCm,yEymV,Rnjbe,JikdnyQG,IkBdyir,xHvQoCm,oFGML,JikdnyQG,JikdnyQG,yEymV,qwm,xHvQoCm
oaQfqckw,oaQfqckw,yEymV,oFGML,qwm,TJGogH,qwm,xHvQoCm,yEymV,Rnjbe,JikdnyQG,IkBdyir,xHvQoCm,oFGML,JikdnyQG,JikdnyQG,yEymV,qwm,xHvQoCm
IkBdyir
oaQfqckw,oaQfqckw,yEymV,qwm,TJGogH,qwm,yEymV,JikdnyQG,IkBdyir,oFGML,xHvQoCm,oFGML,JikdnyQG,JikdnyQG,yEymV,qwm,xHvQoCm,xHvQoCm
xHvQoCm
oaQfqckw,oaQfqckw,yEymV,TJGogH,qwm,yEymV,JikdnyQG,IkBdyir,oFGML,qwm,xHvQoCm,oFGML,JikdnyQG,JikdnyQG,yEymV,qwm,xHvQoCm,xHvQoCm,JikdnyQG
oaQfqckw,oaQfqckw,yEymV,TJGogH,qwm,yEymV,JikdnyQG,IkBdyir,oFGML,qwm,xHvQoCm,oFGML,JikdnyQG,JikdnyQG,yEymV,qwm,xHvQoCm,xHvQoCm,JikdnyQG
xHvQoCm
xHvQoCm
xHvQoCm
xHvQoCm
xHvQoCm
xHvQoCm
xHvQoCm
xHvQoCm
xHvQoCm
xHvQoCm
xHvQoCm
oaQfqckw,oaQfqckw,qwm,TJGogH,qwm,xHvQoCm,Rnjbe,JikdnyQG,IkBdyir,xHvQoCm,oFGML,yEymV,yEymV,JikdnyQG,JikdnyQG,yEymV,qwm,xHvQoCm,xHvQoCm
yEymV
yEymV
JikdnyQG
TJGogH,qwm,Rnjbe,xHvQoCm,yEymV,oFGML,yEymV,JikdnyQG,IkBdyir,JikdnyQG,JikdnyQG,yEymV,qwm,xHvQoCm,xHvQoCm,xHvQoCm,yEymV,IkBdyir
JikdnyQG
JikdnyQG
TJGogH,qwm,Rnjbe,xHvQoCm,yEymV,oFGML,yEymV,JikdnyQG,JikdnyQG,JikdnyQG,yEymV,qwm,xHvQoCm,xHvQoCm,xHvQoCm,yEymV,IkBdyir,Rnjbe,xHvQoCm
qwm,Rnjbe,xHvQoCm,yEymV,oFGML,yEymV,JikdnyQG,JikdnyQG,TJGogH,oaQfqckw,JikdnyQG,yEymV,qwm,xHvQoCm,xHvQoCm,xHvQoCm,yEymV,IkBdyir,Rnjbe,xHvQoCm,oFGML,Rnjbe
JikdnyQG
TJGogH,qwm,Rnjbe,xHvQoCm,yEymV,oFGML,yEymV,JikdnyQG,IkBdyir,JikdnyQG,JikdnyQG,yEymV,qwm,xHvQoCm,xHvQoCm,xHvQoCm,yEymV,IkBdyir
JikdnyQG
JikdnyQG
Rnjbe
JikdnyQG
yEymV
TJGogH,qwm,Rnjbe,xHvQoCm,yEymV,JikdnyQG,IkBdyir,JikdnyQG,JikdnyQG,oFGML,yEymV,qwm,xHvQoCm,xHvQoCm,xHvQoCm,yEymV,IkBdyir
yEymV
xHvQoCm
TJGogH,qwm,Rnjbe,xHvQoCm,JikdnyQG,IkBdyir,JikdnyQG,JikdnyQG,oFGML,qwm,xHvQoCm,xHvQoCm,xHvQoCm,yEymV,IkBdyir,yEymV
oFGML
qwm
TJGogH,qwm,Rnjbe,xHvQoCm,JikdnyQG,IkBdyir,JikdnyQG,JikdnyQG,oFGML,yEymV,qwm,yEymV,xHvQoCm,xHvQoCm,xHvQoCm,yEymV,IkBdyir,oFGML
TJGogH,qwm,Rnjbe,xHvQoCm,JikdnyQG,IkBdyir,JikdnyQG,JikdnyQG,oFGML,yEymV,qwm,yEymV,xHvQoCm,xHvQoCm,xHvQoCm,yEymV,IkBdyir,oFGML
yEymV
qwm,Rnjbe,JikdnyQG,JikdnyQG,JikdnyQG,oFGML,qwm,yEymV,xHvQoCm,xHvQoCm,yEymV,TJGogH,xHvQoCm,xHvQoCm,yEymV,IkBdyir,oFGML,xHvQoCm
qwm,Rnjbe,JikdnyQG,JikdnyQG,JikdnyQG,oFGML,qwm,yEymV,xHvQoCm,xHvQoCm,yEymV,TJGogH,xHvQoCm,xHvQoCm,yEymV,IkBdyir,oFGML,xHvQoCm
qwm,Rnjbe,JikdnyQG,JikdnyQG,JikdnyQG,oFGML,qwm,yEymV,xHvQoCm,xHvQoCm,yEymV,TJGogH,xHvQoCm,xHvQoCm,yEymV,IkBdyir,oFGML,xHvQoCm
qwm,Rnjbe,JikdnyQG,JikdnyQG,oFGML,qwm,xHvQoCm,xHvQoCm,yEymV,TJGogH,xHvQoCm,xHvQoCm,yEymV,IkBdyir,oFGML,xHvQoCm
xHvQoCm
xHvQoCm
Rnjbe,JikdnyQG,JikdnyQG,oFGML,qwm,xHvQoCm,TJGogH,xHvQoCm,xHvQoCm,yEymV,yEymV,xHvQoCm,qwm,IkBdyir,oFGML,xHvQoCm,IkBdyir
qwm
qwm
JikdnyQG
Rnjbe,JikdnyQG,qwm,xHvQoCm,TJGogH,xHvQoCm,xHvQoCm,yEymV,yEymV,xHvQoCm,oFGML,JikdnyQG,qwm,xHvQoCm,IkBdyir
JikdnyQG
Rnjbe,qwm,xHvQoCm,TJGogH,xHvQoCm,xHvQoCm,yEymV,yEymV,xHvQoCm,oFGML,JikdnyQG,JikdnyQG,qwm,xHvQoCm,IkBdyir,JikdnyQG
Rnjbe,qwm,xHvQoCm,TJGogH,xHvQoCm,xHvQoCm,yEymV,yEymV,xHvQoCm,oFGML,JikdnyQG,JikdnyQG,qwm,xHvQoCm,IkBdyir,JikdnyQG
JikdnyQG
JikdnyQG
IkBdyir
qwm,Rnjbe,JikdnyQG,oFGML,qwm,TJGogH,xHvQoCm,xHvQoCm,yEymV,yEymV,xHvQoCm,xHvQoCm,IkBdyir,oFGML,xHvQoCm,IkBdyir
qwm,Rnjbe,JikdnyQG,oFGML,qwm,TJGogH,xHvQoCm,xHvQoCm,yEymV,yEymV,xHvQoCm,xHvQoCm,IkBdyir,oFGML,xHvQoCm,IkBdyir
qwm,Rnjbe,JikdnyQG,oFGML,qwm,TJGogH,xHvQoCm,xHvQoCm,yEymV,yEymV,xHvQoCm,xHvQoCm,IkBdyir,oFGML,xHvQoCm,IkBdyir
xHvQoCm
qwm,Rnjbe,JikdnyQG,JikdnyQG,oFGML,qwm,xHvQoCm,TJGogH,xHvQoCm,xHvQoCm,xHvQoCm,IkBdyir,yEymV,oFGML,xHvQoCm,IkBdyir,xHvQoCm,IkBdyir
Jedi Wagner, assuma o comando!