Toque! Toque, Dijê!
kP
Toque! Toque, Dijê!
iVhEDKgJYy
iVhEDKgJYy,a
iVhEDKgJYy
iVhEDKgJYy
iVhEDKgJYy,iVhEDKgJYy
iVhEDKgJYy
iVhEDKgJYy
iVhEDKgJYy
iVhEDKgJYy,gCE
iVhEDKgJYy
iVhEDKgJYy
iVhEDKgJYy
iVhEDKgJYy
iVhEDKgJYy
iVhEDKgJYy,a
iVhEDKgJYy,a
iVhEDKgJYy
iVhEDKgJYy
iVhEDKgJYy
iVhEDKgJYy
iVhEDKgJYy
iVhEDKgJYy,kP
iVhEDKgJYy
kP
kP
kP
iVhEDKgJYy
iVhEDKgJYy
iVhEDKgJYy
iVhEDKgJYy
iVhEDKgJYy
iVhEDKgJYy
iVhEDKgJYy
iVhEDKgJYy
iVhEDKgJYy
iVhEDKgJYy,kP,N
iVhEDKgJYy,kP,N
N
iVhEDKgJYy,kP,N
iVhEDKgJYy,N
iVhEDKgJYy,N,N
iVhEDKgJYy,N,N,XDrzpVV,OuzfPzK,N
iVhEDKgJYy,N
iVhEDKgJYy,gCE,N
iVhEDKgJYy,gCE,N
N,iVhEDKgJYy,tpNCUodP
N,iVhEDKgJYy,tpNCUodP
iVhEDKgJYy
iVhEDKgJYy,N
iVhEDKgJYy
iVhEDKgJYy
iVhEDKgJYy
HguQJYWoqS
iVhEDKgJYy,HguQJYWoqS,iVhEDKgJYy,OuzfPzK,gCE
iVhEDKgJYy,HguQJYWoqS,iVhEDKgJYy,OuzfPzK,gCE
iVhEDKgJYy,iVhEDKgJYy,OuzfPzK,gCE
iVhEDKgJYy
HguQJYWoqS
HguQJYWoqS
iVhEDKgJYy,HguQJYWoqS,iVhEDKgJYy,OuzfPzK
HguQJYWoqS
iVhEDKgJYy
iVhEDKgJYy
iVhEDKgJYy
HguQJYWoqS,iVhEDKgJYy,iVhEDKgJYy,OuzfPzK,N
HguQJYWoqS,iVhEDKgJYy,iVhEDKgJYy,OuzfPzK,N,N,a
iVhEDKgJYy
iVhEDKgJYy
HguQJYWoqS,iVhEDKgJYy,iVhEDKgJYy,OuzfPzK
HguQJYWoqS,iVhEDKgJYy,iVhEDKgJYy,OuzfPzK
HguQJYWoqS,iVhEDKgJYy,iVhEDKgJYy,OuzfPzK,a
HguQJYWoqS,iVhEDKgJYy,iVhEDKgJYy,OuzfPzK,a
HguQJYWoqS,iVhEDKgJYy,iVhEDKgJYy,OuzfPzK,tpNCUodP
HguQJYWoqS,iVhEDKgJYy,iVhEDKgJYy,OuzfPzK,tpNCUodP
HguQJYWoqS
OuzfPzK
OuzfPzK
iVhEDKgJYy,iVhEDKgJYy,HguQJYWoqS,OuzfPzK
iVhEDKgJYy,iVhEDKgJYy,HguQJYWoqS,OuzfPzK
OuzfPzK
iVhEDKgJYy,iVhEDKgJYy,HguQJYWoqS,OuzfPzK,OuzfPzK
OuzfPzK
OuzfPzK
iVhEDKgJYy,iVhEDKgJYy,OuzfPzK,HguQJYWoqS,OuzfPzK
HguQJYWoqS
HguQJYWoqS
HguQJYWoqS
HguQJYWoqS
iVhEDKgJYy,iVhEDKgJYy,OuzfPzK,HguQJYWoqS,OuzfPzK,iVhEDKgJYy
HguQJYWoqS
OuzfPzK
iVhEDKgJYy,OuzfPzK,OuzfPzK,iVhEDKgJYy,iVhEDKgJYy,gCE
OuzfPzK
iVhEDKgJYy,OuzfPzK,OuzfPzK,iVhEDKgJYy,iVhEDKgJYy,gCE,OuzfPzK
OuzfPzK
OuzfPzK
OuzfPzK
iVhEDKgJYy,iVhEDKgJYy,OuzfPzK,HguQJYWoqS,OuzfPzK,iVhEDKgJYy
OuzfPzK
iVhEDKgJYy
iVhEDKgJYy
iVhEDKgJYy,iVhEDKgJYy,HguQJYWoqS,OuzfPzK,iVhEDKgJYy,tpNCUodP,OuzfPzK,XDrzpVV,OuzfPzK,gCE
tpNCUodP
tpNCUodP
iVhEDKgJYy,iVhEDKgJYy,HguQJYWoqS,OuzfPzK,iVhEDKgJYy,tpNCUodP,XDrzpVV,OuzfPzK,OuzfPzK,gCE
iVhEDKgJYy,iVhEDKgJYy,HguQJYWoqS,OuzfPzK,iVhEDKgJYy,tpNCUodP,XDrzpVV,OuzfPzK,OuzfPzK,gCE
iVhEDKgJYy,iVhEDKgJYy,HguQJYWoqS,OuzfPzK,iVhEDKgJYy,tpNCUodP,XDrzpVV,OuzfPzK,OuzfPzK,gCE,a
XDrzpVV
XDrzpVV
Jedi Wagner, assuma o comando!