Toque! Toque, Dijê!
lrSFWB
lrSFWB
[vazia]
Toque! Toque, Dijê!
eTqkraKZJh
eTqkraKZJh
eTqkraKZJh,KM,ArSAnqSPQL
eTqkraKZJh,KM,ArSAnqSPQL
eTqkraKZJh,KM,ArSAnqSPQL
KM
eTqkraKZJh,KM,ArSAnqSPQL
KM
eTqkraKZJh,KM,ArSAnqSPQL,ArSAnqSPQL,zFQViP
ArSAnqSPQL
eTqkraKZJh,KM,ArSAnqSPQL,ArSAnqSPQL,zFQViP,zFQViP
eTqkraKZJh,KM,ArSAnqSPQL,ArSAnqSPQL,zFQViP,zFQViP
ArSAnqSPQL
eTqkraKZJh,KM,ArSAnqSPQL,ArSAnqSPQL,zFQViP,zFQViP
eTqkraKZJh,KM,ArSAnqSPQL,ArSAnqSPQL,zFQViP,zFQViP
eTqkraKZJh,KM,ArSAnqSPQL,ArSAnqSPQL,zFQViP,zFQViP
eTqkraKZJh,KM,ArSAnqSPQL,ArSAnqSPQL,zFQViP,zFQViP
KM,ArSAnqSPQL,ArSAnqSPQL,zFQViP,eTqkraKZJh,zFQViP
KM,ArSAnqSPQL,ArSAnqSPQL,zFQViP,eTqkraKZJh,zFQViP
zFQViP
KM,ArSAnqSPQL,ArSAnqSPQL,zFQViP,zFQViP,lrSFWB,eTqkraKZJh
ArSAnqSPQL
zFQViP
zFQViP
zFQViP
lrSFWB
lrSFWB
lrSFWB
lrSFWB
lrSFWB
ArSAnqSPQL
ArSAnqSPQL
ArSAnqSPQL
ArSAnqSPQL
ArSAnqSPQL,zFQViP,zFQViP,lrSFWB,ArSAnqSPQL,zFQViP,ltnR,KM,lrSFWB
ArSAnqSPQL,zFQViP,zFQViP,lrSFWB,ArSAnqSPQL,zFQViP,ltnR
ArSAnqSPQL
ArSAnqSPQL
zFQViP,zFQViP,lrSFWB,ArSAnqSPQL,ArSAnqSPQL,zFQViP,ltnR,zFQViP,eTqkraKZJh
ArSAnqSPQL
zFQViP,zFQViP,lrSFWB,ArSAnqSPQL,ArSAnqSPQL,zFQViP,ltnR,zFQViP,eTqkraKZJh
ArSAnqSPQL
zFQViP,zFQViP,lrSFWB,ArSAnqSPQL,ArSAnqSPQL,zFQViP,ltnR,zFQViP,eTqkraKZJh
ArSAnqSPQL,ArSAnqSPQL,zFQViP,zFQViP,lrSFWB
ArSAnqSPQL,ArSAnqSPQL,zFQViP,zFQViP,lrSFWB
lrSFWB
lrSFWB
ArSAnqSPQL,ArSAnqSPQL,zFQViP,zFQViP,lrSFWB
ArSAnqSPQL
ArSAnqSPQL,zFQViP,lrSFWB,ArSAnqSPQL,zFQViP
ArSAnqSPQL,zFQViP,zFQViP,lrSFWB,ArSAnqSPQL,eTqkraKZJh,ltnR
ArSAnqSPQL
ArSAnqSPQL,zFQViP,zFQViP,lrSFWB,ArSAnqSPQL,eTqkraKZJh,ltnR,KM
ArSAnqSPQL,zFQViP,zFQViP,lrSFWB,ArSAnqSPQL,eTqkraKZJh,ltnR,KM,MQJqRN,aIM
zFQViP,zFQViP,lrSFWB,ArSAnqSPQL,ArSAnqSPQL,eTqkraKZJh,ltnR,MQJqRN,aIM
ArSAnqSPQL
ArSAnqSPQL
ArSAnqSPQL
ArSAnqSPQL
zFQViP,lrSFWB,ArSAnqSPQL,ArSAnqSPQL,ltnR,MQJqRN,aIM
MQJqRN
zFQViP,lrSFWB,ArSAnqSPQL,ArSAnqSPQL,ltnR,MQJqRN,aIM
zFQViP,lrSFWB,ArSAnqSPQL,ArSAnqSPQL,ltnR,MQJqRN,zFQViP,ltnR
MQJqRN
MQJqRN
zFQViP,lrSFWB,ArSAnqSPQL,ArSAnqSPQL,ltnR,aIM,zFQViP,ltnR,ArSAnqSPQL
aIM
MQJqRN
aIM
zFQViP,lrSFWB,ArSAnqSPQL,ArSAnqSPQL,ltnR,MQJqRN,aIM
zFQViP,lrSFWB,ArSAnqSPQL,ArSAnqSPQL,ltnR,MQJqRN,aIM
aIM
zFQViP,lrSFWB,ArSAnqSPQL,ArSAnqSPQL,ltnR,MQJqRN,aIM
aIM
zFQViP,aIM,ArSAnqSPQL,ArSAnqSPQL,ltnR,MQJqRN,KM
zFQViP,aIM,ArSAnqSPQL,ltnR,MQJqRN,aIM
zFQViP,aIM,ArSAnqSPQL,ltnR,MQJqRN,aIM
zFQViP,aIM,ArSAnqSPQL,ltnR,MQJqRN,aIM
zFQViP,aIM,ArSAnqSPQL,ltnR,MQJqRN,aIM
zFQViP,aIM,ArSAnqSPQL,ArSAnqSPQL,ltnR,MQJqRN
aIM
zFQViP,aIM,ArSAnqSPQL,ArSAnqSPQL,ltnR,MQJqRN
ArSAnqSPQL
ltnR,aIM,ArSAnqSPQL,ArSAnqSPQL,oSBLdpy,ArSAnqSPQL,ArSAnqSPQL
ltnR
ltnR,aIM,ArSAnqSPQL,ArSAnqSPQL,oSBLdpy,ArSAnqSPQL,ArSAnqSPQL,lrSFWB
ltnR,aIM,ArSAnqSPQL,ArSAnqSPQL,oSBLdpy,ArSAnqSPQL,ArSAnqSPQL,lrSFWB
ltnR
ltnR,aIM,ArSAnqSPQL,ArSAnqSPQL,oSBLdpy,ArSAnqSPQL,ArSAnqSPQL,lrSFWB,ArSAnqSPQL,KM
zFQViP,aIM,ArSAnqSPQL,ArSAnqSPQL,ltnR,MQJqRN
aIM
aIM
zFQViP,MQJqRN,aIM,ArSAnqSPQL,ArSAnqSPQL,ltnR
zFQViP
zFQViP,MQJqRN,aIM,ArSAnqSPQL,ltnR
MQJqRN
ltnR
zFQViP,MQJqRN,aIM,ltnR
zFQViP,MQJqRN,aIM,ArSAnqSPQL,ltnR
MQJqRN
MQJqRN
zFQViP,ltnR,MQJqRN,aIM,ArSAnqSPQL
ltnR
ltnR
zFQViP,ltnR,MQJqRN,aIM,ArSAnqSPQL,ltnR,rJz
zFQViP,ltnR,MQJqRN,aIM,ArSAnqSPQL,ltnR,rJz
ltnR
zFQViP,ltnR,MQJqRN,aIM,ArSAnqSPQL,ltnR,rJz,KM,lrSFWB
ArSAnqSPQL
ltnR,MQJqRN,ArSAnqSPQL,ltnR,rJz,KM,lrSFWB,aIM
KM
ltnR,MQJqRN,ArSAnqSPQL,ltnR,rJz,KM,lrSFWB,aIM
ltnR,MQJqRN,ArSAnqSPQL,ltnR,KM,lrSFWB,aIM,KM,oSBLdpy
MQJqRN
ltnR,MQJqRN,ArSAnqSPQL,ltnR,rJz,KM,lrSFWB,aIM
MQJqRN
ltnR,MQJqRN,ArSAnqSPQL,ltnR,rJz,KM,lrSFWB,aIM
MQJqRN
MQJqRN
zFQViP
zFQViP
MQJqRN,zFQViP,ltnR,ltnR,rJz,KM,lrSFWB,aIM,MQJqRN
zFQViP
MQJqRN,zFQViP,ltnR,ltnR,rJz,KM,lrSFWB,aIM,MQJqRN
ltnR
ltnR
ltnR,MQJqRN,ArSAnqSPQL,ltnR,rJz,KM,lrSFWB,aIM,MQJqRN,zFQViP
KM
ltnR,MQJqRN,ArSAnqSPQL,KM,ltnR,rJz,lrSFWB,MQJqRN,zFQViP,rJz,lrSFWB,ltnR
ltnR,MQJqRN,ArSAnqSPQL,rJz,KM,ltnR,lrSFWB,MQJqRN,zFQViP,rJz,lrSFWB,ltnR,rJz
ltnR,MQJqRN,ArSAnqSPQL,rJz,KM,ltnR,lrSFWB,MQJqRN,zFQViP,rJz,lrSFWB,ltnR,rJz,zFQViP
rJz
KM
ltnR,ArSAnqSPQL,rJz,KM,ltnR,MQJqRN,zFQViP,rJz,lrSFWB,ltnR,rJz,zFQViP,oSBLdpy
KM
KM
ltnR,rJz,KM,ltnR,MQJqRN,zFQViP,rJz,lrSFWB,ltnR,rJz,zFQViP,oSBLdpy
rJz
rJz
ltnR,KM,rJz,ltnR,MQJqRN,zFQViP,rJz,lrSFWB,ltnR,rJz,zFQViP,oSBLdpy,oSBLdpy
rJz
ltnR,KM,rJz,ltnR,MQJqRN,zFQViP,rJz,lrSFWB,ltnR,rJz,zFQViP,oSBLdpy,oSBLdpy,ArSAnqSPQL
ltnR,KM,rJz,ltnR,MQJqRN,zFQViP,rJz,lrSFWB,ltnR,rJz,zFQViP,oSBLdpy,oSBLdpy,ArSAnqSPQL
rJz
ltnR
ArSAnqSPQL,rJz,KM,ltnR,MQJqRN,zFQViP,rJz,lrSFWB,ltnR,rJz,zFQViP,zFQViP
zFQViP
ArSAnqSPQL,rJz,KM,ltnR,MQJqRN,zFQViP,rJz,lrSFWB,ltnR,rJz,zFQViP,zFQViP,zFQViP
ArSAnqSPQL,rJz,KM,ltnR,MQJqRN,zFQViP,rJz,lrSFWB,ltnR,rJz,zFQViP,zFQViP,ArSAnqSPQL,rJz
zFQViP
ArSAnqSPQL,rJz,KM,ltnR,MQJqRN,zFQViP,rJz,lrSFWB,ltnR,rJz,zFQViP,zFQViP,ArSAnqSPQL,rJz,eTqkraKZJh,zFQViP,zFQViP
ArSAnqSPQL,rJz,KM,ltnR,MQJqRN,zFQViP,rJz,lrSFWB,ltnR,rJz,zFQViP,zFQViP,ArSAnqSPQL,rJz,eTqkraKZJh,zFQViP,zFQViP
ArSAnqSPQL,rJz,KM,ltnR,MQJqRN,zFQViP,rJz,lrSFWB,ltnR,rJz,zFQViP,zFQViP,ArSAnqSPQL,rJz,eTqkraKZJh,zFQViP,zFQViP
ArSAnqSPQL,rJz,KM,MQJqRN,zFQViP,ltnR,rJz,lrSFWB,ltnR,rJz,zFQViP,zFQViP,ArSAnqSPQL,rJz,eTqkraKZJh,zFQViP,zFQViP
ltnR
Jedi Wagner, assuma o comando!