[vazia]
[vazia]
[vazia]
Toque! Toque, Dijê!
Toque! Toque, Dijê!
ewToOnZB,pqdOg
Toque! Toque, Dijê!
Toque! Toque, Dijê!
[vazia]
Toque! Toque, Dijê!
Toque! Toque, Dijê!
[vazia]
Toque! Toque, Dijê!
Toque! Toque, Dijê!
W
W
W
Toque! Toque, Dijê!
[vazia]
[vazia]
Toque! Toque, Dijê!
[vazia]
Toque! Toque, Dijê!
Toque! Toque, Dijê!
[vazia]
[vazia]
Toque! Toque, Dijê!
Toque! Toque, Dijê!
ewToOnZB
[vazia]
[vazia]
[vazia]
Toque! Toque, Dijê!
W
pqdOg
W,pqdOg,ewToOnZB
W,W
W,pqdOg,W,pqdOg,W
pqdOg
pqdOg
pqdOg
pqdOg
pqdOg
pqdOg
W,pqdOg,ArNmFg
W,pqdOg,ArNmFg
pqdOg
W,pqdOg,SKktj
W
pqdOg,W,SKktj,ewToOnZB
SKktj
SKktj
W,SKktj,pqdOg,ewToOnZB
Jedi Wagner, assuma o comando!