[vazia]
ymPbM
ymPbM
ymPbM
ymPbM
ymPbM
ymPbM
[vazia]
Toque! Toque, Dijê!
[vazia]
[vazia]
[vazia]
ymPbM
ymPbM
ymPbM,ymPbM
ymPbM
ymPbM,ymPbM,ymPbM,ymPbM,ymPbM
ymPbM,ymPbM,ymPbM,ymPbM,ymPbM
ymPbM,ymPbM,ymPbM,ymPbM,ymPbM,ymPbM
ymPbM,ymPbM,ymPbM,ymPbM,ymPbM,ymPbM
ymPbM,ymPbM,ymPbM,ymPbM,ymPbM,ymPbM,ymPbM
ymPbM,ymPbM,ymPbM,ymPbM,ymPbM,ymPbM,ymPbM
ymPbM,ymPbM,ymPbM,ymPbM,ymPbM,ymPbM,ymPbM
ymPbM,ymPbM,ymPbM,ymPbM,ymPbM,ymPbM,ymPbM
ymPbM
ymPbM,ymPbM,ymPbM,ymPbM,ymPbM,ymPbM
ymPbM,ymPbM,ymPbM,ymPbM,ymPbM,ymPbM
ymPbM
ymPbM,ymPbM,ymPbM,ymPbM,ymPbM,ymPbM
ymPbM,ymPbM,ymPbM,ymPbM,ymPbM,ymPbM,ymPbM,ymPbM,ymPbM
ymPbM,ymPbM,ymPbM,ymPbM,ymPbM,ymPbM,ymPbM,ymPbM,ymPbM,ymPbM,ymPbM
ymPbM,ymPbM,ymPbM,ymPbM,ymPbM,ymPbM,ymPbM,ymPbM
ymPbM,ymPbM,ymPbM,ymPbM,ymPbM,ymPbM,ymPbM,ymPbM
ymPbM
ymPbM,ymPbM,ymPbM,ymPbM,ymPbM,ymPbM,ymPbM,ymPbM
ymPbM,ymPbM,ymPbM,ymPbM,ymPbM,ymPbM,ymPbM,ymPbM,ymPbM
ymPbM
ymPbM,ymPbM,ymPbM,ymPbM,ymPbM,ymPbM,ymPbM,ymPbM,ymPbM
ymPbM
ymPbM
ymPbM
ymPbM
Jedi Wagner, assuma o comando!