Toque! Toque, Dijê!
VqTbSns
VqTbSns
Toque! Toque, Dijê!
[vazia]
Toque! Toque, Dijê!
[vazia]
[vazia]
Toque! Toque, Dijê!
Toque! Toque, Dijê!
Toque! Toque, Dijê!
[vazia]
Toque! Toque, Dijê!
[vazia]
Toque! Toque, Dijê!
XYvi
XYvi
PWTNvA
PWTNvA
PWTNvA
PWTNvA
PWTNvA
PWTNvA,PWTNvA
PWTNvA
PWTNvA
PWTNvA
XYvi
PWTNvA,XYvi
PWTNvA
PWTNvA
PWTNvA
PWTNvA,XYvi,PWTNvA
PWTNvA,XYvi,PWTNvA
PWTNvA
XYvi,PWTNvA,PWTNvA
PWTNvA,XYvi,PWTNvA,PWTNvA
PWTNvA,XYvi,PWTNvA,PWTNvA
PWTNvA,XYvi,PWTNvA,PWTNvA
PWTNvA,XYvi,PWTNvA,PWTNvA
PWTNvA
PWTNvA,XYvi,PWTNvA,PWTNvA
PWTNvA
PWTNvA
PWTNvA,XYvi,PWTNvA
PWTNvA
PWTNvA
PWTNvA,XYvi,PWTNvA,VqTbSns,UcoRRwTT,UcoRRwTT
PWTNvA,XYvi,PWTNvA,VqTbSns,UcoRRwTT,PWTNvA
PWTNvA,XYvi,UcoRRwTT,PWTNvA,VqTbSns,PWTNvA
PWTNvA,XYvi,PWTNvA,VqTbSns,UcoRRwTT
PWTNvA
UcoRRwTT
UcoRRwTT
PWTNvA
XYvi,UcoRRwTT,PWTNvA
XYvi
XYvi
XYvi
XYvi
XYvi,UcoRRwTT,PWTNvA,VqTbSns,VqTbSns
XYvi,UcoRRwTT,VqTbSns,VqTbSns
XYvi
XYvi
XYvi,UcoRRwTT,UcoRRwTT
XYvi,UcoRRwTT,PWTNvA
XYvi
XYvi,UcoRRwTT,PWTNvA
XYvi
XYvi,UcoRRwTT,PWTNvA,VqTbSns
UcoRRwTT
UcoRRwTT
XYvi,UcoRRwTT,PWTNvA,VqTbSns,PWTNvA
PWTNvA
XYvi,UcoRRwTT,PWTNvA,VqTbSns,PWTNvA,XYvi
PWTNvA
PWTNvA
XYvi,UcoRRwTT,PWTNvA,VqTbSns,PWTNvA,XYvi,PWTNvA,XYvi
Jedi Wagner, assuma o comando!