[vazia]
Toque! Toque, Dijê!
Toque! Toque, Dijê!
Toque! Toque, Dijê!
[vazia]
Toque! Toque, Dijê!
r
r,r
[vazia]
[vazia]
[vazia]
[vazia]
[vazia]
Toque! Toque, Dijê!
Toque! Toque, Dijê!
[vazia]
[vazia]
r
r
[vazia]
[vazia]
r
r
r
r,r
r,r
r
r,r
r
r,r,r
r
r,r,r,r,r
r,r,r,r,r,r
r,r,r,r,r,r,r,r
r,r,r,r,r,r,r,r,r,r,r
r
r,r,r,r,r,r,r
r,r,r,r,r,r,r
r
r,r,r,r,r,r,r
r
r
r
r
r,r,r,r,r,r,r
r,r,r,r,r,r,r
r,r,r,r,r,r,r
r,r,r,r,r,r,r
r
r,r,r,r,r,r
r,r,r,r,r
r,r,r,r,r,r
r
r,r,r,r,r,r,r
r
r
r
r
r,r,r,r,r
r
r,r,r,r,r,r
r
r
r,r,r,r,r,r,r
r
r,r,r,r,r
r,r,r,r
r,r,r,r
r
r
r,r,r,r
r
r
r,r,r,r,r,r,r
r
r,r,r,r,r,r,r,r,r,r
r
r
r
r
r
r
r,r,r,r,r,r,r,r
r,r,r,r,r,r,r
r,r,r,r,r,r
r
r,r,r,r,r,r,r,r
r,r,r,r,r,r,r
r
r
r,r,r,r,r,r,r,r,r
r,r,r,r,r,r,r,r
r,r,r,r,r,r,r,r
r,r,r,r,r,r,r,r
r,r,r,r,r,r,r
r,r,r,r,r,r,r,r
r
r,r,r,r,r,r
r,r,r,r,r,r
r,r,r,r,r,r
r,r,r,r,r,r,r,r
r
r
r
r
r
r,r,r,r,r,r,r,r,r,r
r,r,r,r,r,r,r,r,r,r
r
r
r,r,r,r,r,r,r,r,r,r
r
r
r,r,r,r,r,r
r,r,r
r,r,r
r,r,r
r
r,r,r,r,r,r
r
r
r
r
r,r,r,r,r,r,r
r
r,r,r,r,r
r,r,r,r,r,r
r
r,r,r,r,r
r
r
r
r,r,r,r,r
r
r
r,r,r
r
r,r,r
r,r,r
r
r,r,r,r,r
r
r
r,r,r,r
r
r
r,r,r,r,r
r,r,r,r,r
r
r,r,r,r,r,r
r,r,r,r,r,r,r,r
r,r,r,r,r,r,r,r
r,r,r,r,r,r,r,r,r,r,r
r,r,r,r,r,r,r,r,r,r,r
r
r
r,r,r,r,r,r,r,r,r
r
r
r,r,r,r,r,r,r,r,r,r,r
r,r,r,r,r,r,r,r,r,r
r
r,r,r,r,r,r,r,r,r,r
r,r,r,r,r,r,r,r,r,r
r,r,r,r,r,r,r,r,r,r
r,r,r,r,r,r,r,r,r,r
r,r,r,r,r,r,r,r,r
r
r,r,r,r,r,r,r,r,r,r
r,r,r,r,r,r,r,r,r
r,r,r,r,r,r,r,r,r,r
Jedi Wagner, assuma o comando!