[vazia]
pYvCNBYm
[vazia]
Toque! Toque, Dijê!
wM
wM
wM
wM
wM
wM
Toque! Toque, Dijê!
Toque! Toque, Dijê!
Toque! Toque, Dijê!
YVfUvBFu
YVfUvBFu
Toque! Toque, Dijê!
Toque! Toque, Dijê!
BMKuEYOi
BMKuEYOi
BMKuEYOi,TXNXxWpY
BMKuEYOi
[vazia]
Toque! Toque, Dijê!
Toque! Toque, Dijê!
tCEIKdZhP
tCEIKdZhP
tCEIKdZhP
tCEIKdZhP
tCEIKdZhP
tCEIKdZhP
tCEIKdZhP
tCEIKdZhP
tCEIKdZhP
tCEIKdZhP
tCEIKdZhP
tCEIKdZhP
tCEIKdZhP
tCEIKdZhP,UlPOF,YVfUvBFu
tCEIKdZhP
tCEIKdZhP
YVfUvBFu
tCEIKdZhP,YVfUvBFu,UlPOF
YVfUvBFu
YVfUvBFu
UlPOF
YVfUvBFu,UlPOF
YVfUvBFu,UlPOF
YVfUvBFu,UlPOF
YVfUvBFu,UlPOF
UlPOF
UlPOF
YVfUvBFu,UlPOF
UlPOF
UlPOF
UlPOF
UlPOF,pYvCNBYm
UlPOF,pYvCNBYm,ewA,YVfUvBFu
UlPOF
UlPOF,ewA,pYvCNBYm,YVfUvBFu
UlPOF,ewA,pYvCNBYm,YVfUvBFu,tCEIKdZhP
UlPOF,ewA,pYvCNBYm,YVfUvBFu
UlPOF,ewA,pYvCNBYm,YVfUvBFu
UlPOF
UlPOF
YVfUvBFu,UlPOF
YVfUvBFu,UlPOF
UlPOF
YVfUvBFu,YVfUvBFu
YVfUvBFu,YVfUvBFu
YVfUvBFu
YVfUvBFu
UlPOF
YVfUvBFu,UlPOF
UlPOF
UlPOF
YVfUvBFu,UlPOF
YVfUvBFu,UlPOF
UlPOF
YVfUvBFu,UlPOF
YVfUvBFu,UlPOF
UlPOF
UlPOF
YVfUvBFu,UlPOF
YVfUvBFu,UlPOF,BMKuEYOi,wM
BMKuEYOi
BMKuEYOi
YVfUvBFu,UlPOF
YVfUvBFu,UlPOF
UlPOF,rBIqTILaV
UlPOF
YVfUvBFu,UlPOF,rBIqTILaV,UlPOF
UlPOF
UlPOF
UlPOF,YVfUvBFu,rBIqTILaV,UlPOF,rBIqTILaV,rBIqTILaV
YVfUvBFu,UlPOF,wM
YVfUvBFu,UlPOF,wM
YVfUvBFu,UlPOF,wM
UlPOF
YVfUvBFu,UlPOF,xljete
UlPOF
YVfUvBFu,UlPOF,rBIqTILaV,BMKuEYOi
UlPOF
UlPOF
YVfUvBFu,UlPOF,tCEIKdZhP,pYvCNBYm
tCEIKdZhP
tCEIKdZhP
pYvCNBYm
YVfUvBFu,UlPOF,tCEIKdZhP,pYvCNBYm,YVfUvBFu,xljete
pYvCNBYm
YVfUvBFu,UlPOF,tCEIKdZhP,pYvCNBYm,YVfUvBFu,BMKuEYOi
YVfUvBFu,UlPOF,tCEIKdZhP,pYvCNBYm,YVfUvBFu,BMKuEYOi
pYvCNBYm
YVfUvBFu,UlPOF,tCEIKdZhP,pYvCNBYm,YVfUvBFu,BMKuEYOi,rBIqTILaV,BMKuEYOi
YVfUvBFu,UlPOF,tCEIKdZhP,pYvCNBYm,YVfUvBFu,BMKuEYOi,rBIqTILaV,BMKuEYOi
YVfUvBFu
YVfUvBFu,UlPOF,tCEIKdZhP,pYvCNBYm,YVfUvBFu,BMKuEYOi,rBIqTILaV,BMKuEYOi
YVfUvBFu,UlPOF,tCEIKdZhP,pYvCNBYm,YVfUvBFu,BMKuEYOi,rBIqTILaV,BMKuEYOi
BMKuEYOi
tCEIKdZhP,YVfUvBFu,BMKuEYOi,BMKuEYOi,pYvCNBYm,xljete
YVfUvBFu,BMKuEYOi,BMKuEYOi,pYvCNBYm,xljete
pYvCNBYm
YVfUvBFu,BMKuEYOi,BMKuEYOi,pYvCNBYm,xljete
pYvCNBYm
YVfUvBFu,BMKuEYOi,BMKuEYOi,xljete,pYvCNBYm,TXNXxWpY,ewA
YVfUvBFu,BMKuEYOi,BMKuEYOi,xljete,pYvCNBYm,TXNXxWpY,ewA
YVfUvBFu,BMKuEYOi,BMKuEYOi,xljete,pYvCNBYm,TXNXxWpY,ewA
YVfUvBFu,BMKuEYOi,BMKuEYOi,xljete,pYvCNBYm,ewA,xljete,TXNXxWpY
pYvCNBYm
YVfUvBFu,BMKuEYOi,BMKuEYOi,xljete,pYvCNBYm,ewA,xljete,xljete,UlPOF,TXNXxWpY
YVfUvBFu,BMKuEYOi,BMKuEYOi,xljete,pYvCNBYm,ewA,xljete,xljete,UlPOF,TXNXxWpY
YVfUvBFu,BMKuEYOi,BMKuEYOi,xljete,pYvCNBYm,ewA,xljete
pYvCNBYm
ewA
ewA
YVfUvBFu,pYvCNBYm,ewA,BMKuEYOi,xljete,xljete,TXNXxWpY
YVfUvBFu,pYvCNBYm,ewA,BMKuEYOi,xljete,TXNXxWpY,rBIqTILaV
YVfUvBFu,pYvCNBYm,ewA,BMKuEYOi,xljete,TXNXxWpY,rBIqTILaV,tCEIKdZhP
YVfUvBFu,pYvCNBYm,ewA,BMKuEYOi,xljete,TXNXxWpY,rBIqTILaV,tCEIKdZhP
YVfUvBFu,ewA,rBIqTILaV,BMKuEYOi,xljete,TXNXxWpY,tCEIKdZhP
rBIqTILaV
YVfUvBFu,ewA,rBIqTILaV,BMKuEYOi,xljete,TXNXxWpY,tCEIKdZhP,YVfUvBFu,wM
YVfUvBFu,ewA,wM,BMKuEYOi,TXNXxWpY,tCEIKdZhP,YVfUvBFu
YVfUvBFu,ewA,rBIqTILaV,BMKuEYOi,xljete,TXNXxWpY,tCEIKdZhP,YVfUvBFu
YVfUvBFu,ewA,rBIqTILaV,BMKuEYOi,xljete,TXNXxWpY,tCEIKdZhP,YVfUvBFu
BMKuEYOi
YVfUvBFu,ewA,rBIqTILaV,BMKuEYOi,xljete,TXNXxWpY,tCEIKdZhP,YVfUvBFu
xljete
TXNXxWpY
ewA
BMKuEYOi
tCEIKdZhP
tCEIKdZhP
tCEIKdZhP
tCEIKdZhP
tCEIKdZhP
tCEIKdZhP
tCEIKdZhP
wM
xljete,wM,YVfUvBFu,UlPOF,UlPOF,YVfUvBFu
wM
wM
wM
xljete,wM,YVfUvBFu,UlPOF,UlPOF,YVfUvBFu,xljete
wM
xljete
YVfUvBFu,rBIqTILaV,BMKuEYOi,xljete,ewA,TXNXxWpY,tCEIKdZhP,YVfUvBFu
ewA
ewA
ewA,xljete,rBIqTILaV,BMKuEYOi,YVfUvBFu,TXNXxWpY,tCEIKdZhP,YVfUvBFu
BMKuEYOi
ewA,rBIqTILaV,xljete,BMKuEYOi,YVfUvBFu,TXNXxWpY,tCEIKdZhP,YVfUvBFu,pYvCNBYm,ewA,wM,rBIqTILaV,BMKuEYOi
ewA,rBIqTILaV,xljete,BMKuEYOi,YVfUvBFu,TXNXxWpY,tCEIKdZhP,YVfUvBFu,pYvCNBYm,ewA,wM,rBIqTILaV,BMKuEYOi
BMKuEYOi
BMKuEYOi
xljete,BMKuEYOi,ewA,rBIqTILaV,YVfUvBFu,TXNXxWpY,tCEIKdZhP,YVfUvBFu
BMKuEYOi
ewA,xljete,rBIqTILaV,BMKuEYOi,YVfUvBFu,TXNXxWpY,tCEIKdZhP,YVfUvBFu,UlPOF
Jedi Wagner, assuma o comando!