Toque! Toque, Dijê!
Toque! Toque, Dijê!
[vazia]
[vazia]
Toque! Toque, Dijê!
XAAIWbpqg
XAAIWbpqg
XAAIWbpqg
sHpdw
sHpdw
sHpdw
[vazia]
Toque! Toque, Dijê!
[vazia]
wnJKLBtB
wnJKLBtB
wnJKLBtB
wnJKLBtB
XAAIWbpqg,sHpdw,wnJKLBtB
sHpdw,XAAIWbpqg,wnJKLBtB,sHpdw
sHpdw,XAAIWbpqg,wnJKLBtB,sHpdw
sHpdw,XAAIWbpqg,wnJKLBtB,sHpdw
sHpdw
sHpdw,wnJKLBtB,sHpdw
sHpdw
wnJKLBtB
wnJKLBtB
wnJKLBtB
wnJKLBtB
Toque! Toque, Dijê!
[vazia]
sHpdw
sHpdw
sHpdw,XAAIWbpqg
sHpdw
sHpdw
sHpdw,XAAIWbpqg,XAAIWbpqg
XAAIWbpqg
sHpdw
sHpdw
sHpdw,XAAIWbpqg
sHpdw
sHpdw
sHpdw
XAAIWbpqg,XAAIWbpqg
XAAIWbpqg
XAAIWbpqg
XAAIWbpqg
XAAIWbpqg,sHpdw,wnJKLBtB
sHpdw,XAAIWbpqg
sHpdw,wnJKLBtB
sHpdw,wnJKLBtB,XAAIWbpqg
XAAIWbpqg
sHpdw
XAAIWbpqg,wnJKLBtB,sHpdw
XAAIWbpqg,wnJKLBtB,sHpdw,wnJKLBtB,sHpdw
sHpdw
XAAIWbpqg,sHpdw,wnJKLBtB,sHpdw,sHpdw
sHpdw
XAAIWbpqg
XAAIWbpqg
wnJKLBtB,sHpdw
wnJKLBtB
wnJKLBtB
sHpdw
XAAIWbpqg
XAAIWbpqg
XAAIWbpqg,wnJKLBtB,XAAIWbpqg
XAAIWbpqg
XAAIWbpqg,wnJKLBtB,XAAIWbpqg,sHpdw
wnJKLBtB,XAAIWbpqg,sHpdw
sHpdw
sHpdw
sHpdw
wnJKLBtB,XAAIWbpqg,sHpdw
wnJKLBtB,XAAIWbpqg,sHpdw
sHpdw,wnJKLBtB
wnJKLBtB,sHpdw,wnJKLBtB
wnJKLBtB,sHpdw,wnJKLBtB,wnJKLBtB
wnJKLBtB
wnJKLBtB
wnJKLBtB
wnJKLBtB,wnJKLBtB,wnJKLBtB,wnJKLBtB,sHpdw,sHpdw
wnJKLBtB
wnJKLBtB,wnJKLBtB,wnJKLBtB,wnJKLBtB,sHpdw
XAAIWbpqg
wnJKLBtB,wnJKLBtB,wnJKLBtB,XAAIWbpqg,wnJKLBtB
wnJKLBtB,wnJKLBtB,wnJKLBtB,XAAIWbpqg,wnJKLBtB
wnJKLBtB
wnJKLBtB,wnJKLBtB,wnJKLBtB,XAAIWbpqg,wnJKLBtB,wnJKLBtB,XAAIWbpqg
wnJKLBtB,wnJKLBtB,wnJKLBtB,XAAIWbpqg,wnJKLBtB,XAAIWbpqg
wnJKLBtB
wnJKLBtB
wnJKLBtB,wnJKLBtB,wnJKLBtB,wnJKLBtB
wnJKLBtB,wnJKLBtB,wnJKLBtB,wnJKLBtB
wnJKLBtB
wnJKLBtB
wnJKLBtB
Jedi Wagner, assuma o comando!