RBznUtAfz
RBznUtAfz
RBznUtAfz
RBznUtAfz
RBznUtAfz
RBznUtAfz
RBznUtAfz
[vazia]
[vazia]
RBznUtAfz
Toque! Toque, Dijê!
RBznUtAfz
RBznUtAfz
RBznUtAfz
RBznUtAfz
RBznUtAfz
RBznUtAfz
RBznUtAfz,RBznUtAfz
RBznUtAfz,RBznUtAfz
RBznUtAfz
RBznUtAfz,H
RBznUtAfz,H
RBznUtAfz
H,RBznUtAfz,H,RBznUtAfz
H,RBznUtAfz,H
H
H
H,H
H
H
H
H,H,H,H,RBznUtAfz
RBznUtAfz
H
H
RBznUtAfz,H,H
H,RBznUtAfz,H,H,H
H,RBznUtAfz,H,H,H,SHEWwrr
H,RBznUtAfz,H,H,H,SHEWwrr,RBznUtAfz
H
H,RBznUtAfz,H,H,H,SHEWwrr
SHEWwrr
SHEWwrr
SHEWwrr
H,H,H,RBznUtAfz,SHEWwrr,H
SHEWwrr
SHEWwrr
H,H,H,H,RBznUtAfz,H,SHEWwrr,RBznUtAfz,H,RBznUtAfz,H
H,H,H,H,RBznUtAfz,H,SHEWwrr,RBznUtAfz,H,RBznUtAfz,H
H,H,H,H,RBznUtAfz,H,SHEWwrr,RBznUtAfz,H,RBznUtAfz,H
H,H,H,RBznUtAfz,H,SHEWwrr,RBznUtAfz,H,RBznUtAfz,H
SHEWwrr
SHEWwrr
SHEWwrr
SHEWwrr
H,H,H,H,RBznUtAfz,H,SHEWwrr,RBznUtAfz,H,RBznUtAfz,H
H
H
H,RBznUtAfz,H,RBznUtAfz,H,H,RBznUtAfz,H,H
H
H
RBznUtAfz,H,H,H,H,RBznUtAfz,H,H,RBznUtAfz
RBznUtAfz,H,H,H,H,RBznUtAfz,H,H,RBznUtAfz
H,RBznUtAfz,H,H,H,RBznUtAfz,H,H,RBznUtAfz
RBznUtAfz,H,H,H,H,RBznUtAfz,H,H,RBznUtAfz
RBznUtAfz,H,H,H,H,RBznUtAfz,H,H,RBznUtAfz
H,RBznUtAfz,H,H,RBznUtAfz,H,H,RBznUtAfz,RBznUtAfz,H
RBznUtAfz
RBznUtAfz
RBznUtAfz,H,H,RBznUtAfz,H,H,RBznUtAfz,RBznUtAfz,H,SHEWwrr,H,RBznUtAfz
RBznUtAfz,H,H,RBznUtAfz,H,H,RBznUtAfz,RBznUtAfz,H,H,RBznUtAfz
RBznUtAfz,H,H,RBznUtAfz,H,H,RBznUtAfz,RBznUtAfz,H,H,RBznUtAfz
RBznUtAfz,H,H,H,H,RBznUtAfz,H,H,RBznUtAfz
H
H
H
H
H
RBznUtAfz,H,H,H,H,RBznUtAfz,H,H,RBznUtAfz
H
RBznUtAfz,H,H,H,H,RBznUtAfz,H,H,RBznUtAfz
H,H,H,H,RBznUtAfz,H,H,RBznUtAfz,SHEWwrr
H,H,H,H,RBznUtAfz,H,H,RBznUtAfz,SHEWwrr
H
RBznUtAfz,H,H,H,H,RBznUtAfz,H,H,RBznUtAfz,RBznUtAfz
H
H
RBznUtAfz,H,H,H,H,RBznUtAfz,H,H,RBznUtAfz
H
H
H
H
H
H
RBznUtAfz,H,H,H,H,RBznUtAfz,H,H,RBznUtAfz,RBznUtAfz,H
RBznUtAfz,H,H,H,H,RBznUtAfz,H,H,RBznUtAfz,RBznUtAfz,H
H
H
H
H
H
H
RBznUtAfz,H,H,H,H,RBznUtAfz,H,H,RBznUtAfz,RBznUtAfz,H,H
RBznUtAfz,H,H,H,H,RBznUtAfz,H,H,RBznUtAfz,RBznUtAfz,H,H
H
H
Jedi Wagner, assuma o comando!