[vazia]
wiBAeQzJZ
wiBAeQzJZ
wiBAeQzJZ
wiBAeQzJZ,voLBHLU
wiBAeQzJZ,voLBHLU
wiBAeQzJZ
wiBAeQzJZ
wiBAeQzJZ
wiBAeQzJZ,ZUdds
wiBAeQzJZ
wiBAeQzJZ
wiBAeQzJZ
wiBAeQzJZ
wiBAeQzJZ,ZpMAYa
ZpMAYa
ZpMAYa,voLBHLU,b
voLBHLU,b
voLBHLU
voLBHLU
voLBHLU,b
voLBHLU,b
voLBHLU,b
voLBHLU,b
voLBHLU,b
voLBHLU
b,voLBHLU,wiBAeQzJZ
voLBHLU
voLBHLU
b
voLBHLU,b
voLBHLU,b
voLBHLU,b
voLBHLU,b,dgamAOapn,IzK
b
b
voLBHLU,b,dgamAOapn,IzK
dgamAOapn,voLBHLU,IzK,dgamAOapn
voLBHLU
voLBHLU
dgamAOapn,voLBHLU,dgamAOapn,lxHM,IzK
dgamAOapn,voLBHLU,dgamAOapn,lxHM,IzK,lxHM
dgamAOapn,voLBHLU,dgamAOapn,lxHM,IzK,lxHM
voLBHLU
lxHM
voLBHLU,dgamAOapn,lxHM,IzK,lxHM
lxHM
lxHM
dgamAOapn,lxHM,IzK,lxHM
IzK
IzK
dgamAOapn,IzK,lxHM,lxHM,IzK,dgamAOapn,IzK
dgamAOapn,IzK,lxHM,lxHM,IzK,dgamAOapn
dgamAOapn,IzK,lxHM,lxHM,IzK,dgamAOapn
lxHM
dgamAOapn,IzK,lxHM,IzK,dgamAOapn
lxHM
IzK,lxHM,dgamAOapn,IzK,dgamAOapn
IzK,lxHM,dgamAOapn,IzK,dgamAOapn
IzK,lxHM,dgamAOapn,IzK,dgamAOapn
lxHM
lxHM
lxHM
lxHM
IzK,lxHM,dgamAOapn,IzK,dgamAOapn,voLBHLU,lxHM
lxHM
IzK,lxHM,dgamAOapn,IzK,dgamAOapn,voLBHLU,b
dgamAOapn,IzK,lxHM,lxHM,IzK,dgamAOapn,ZpMAYa
lxHM
dgamAOapn,IzK,lxHM,lxHM,IzK,dgamAOapn,ZpMAYa
lxHM
lxHM
IzK,lxHM,lxHM,IzK,dgamAOapn,dgamAOapn,b
IzK,lxHM,lxHM,IzK,dgamAOapn,dgamAOapn,b,Y
IzK
IzK,lxHM,lxHM,IzK,dgamAOapn,dgamAOapn,b,Y,b,ZpMAYa,ZpMAYa
IzK
IzK
lxHM,lxHM,IzK,IzK,dgamAOapn,dgamAOapn,b,Y,b,ZpMAYa,ZpMAYa,ZUdds,voLBHLU
lxHM,lxHM,IzK,IzK,dgamAOapn,dgamAOapn,b,Y,b,ZpMAYa,ZpMAYa,ZUdds,voLBHLU
lxHM,lxHM,IzK,IzK,dgamAOapn,dgamAOapn,b,Y,b,ZpMAYa,ZpMAYa,ZUdds,voLBHLU
dgamAOapn
dgamAOapn
dgamAOapn
IzK,IzK,dgamAOapn,lxHM,dgamAOapn,b,Y,b,ZpMAYa,ZpMAYa,ZUdds,voLBHLU,IzK,lxHM
IzK,IzK,dgamAOapn,lxHM,dgamAOapn,b,Y,b,ZpMAYa,ZpMAYa,ZUdds,voLBHLU,IzK,lxHM
dgamAOapn
dgamAOapn
dgamAOapn
dgamAOapn
dgamAOapn
IzK,IzK,dgamAOapn,dgamAOapn,b,Y,b,ZpMAYa,ZpMAYa,ZUdds,voLBHLU,IzK,lxHM
voLBHLU
voLBHLU
IzK,dgamAOapn,b,voLBHLU,dgamAOapn,Y,b,ZpMAYa,ZpMAYa,ZUdds,IzK,lxHM,b,Y
b
IzK,dgamAOapn,b,voLBHLU,dgamAOapn,Y,b,ZpMAYa,ZpMAYa,ZUdds,IzK,lxHM,b,Y
lxHM,lxHM,IzK,IzK,dgamAOapn,b,dgamAOapn,Y,b,ZpMAYa,ZpMAYa,ZUdds,voLBHLU
lxHM,lxHM,IzK,IzK,dgamAOapn,b,dgamAOapn,Y,b,ZpMAYa,ZpMAYa,ZUdds,voLBHLU
b
b
lxHM,IzK,IzK,dgamAOapn,dgamAOapn,b,ZUdds,Y,b,ZpMAYa,voLBHLU,ZpMAYa,Y,Y,IzK
ZUdds
lxHM,IzK,IzK,dgamAOapn,dgamAOapn,b,ZUdds,Y,b,ZpMAYa,voLBHLU,ZpMAYa,Y,Y,IzK,b
lxHM,IzK,IzK,dgamAOapn,b,ZUdds,Y,b,ZpMAYa,voLBHLU,ZpMAYa,Y,Y,IzK,b,IzK
Y
Y
Y
lxHM,IzK,IzK,dgamAOapn,b,ZUdds,Y,ZpMAYa,b,voLBHLU,ZpMAYa,Y,Y,IzK,b,IzK,voLBHLU
Y
Y
lxHM,IzK,IzK,dgamAOapn,b,ZUdds,Y,ZpMAYa,b,voLBHLU,ZpMAYa,Y,Y,IzK,b,IzK,voLBHLU,lxHM
lxHM,IzK,IzK,dgamAOapn,b,ZUdds,Y,b,ZpMAYa,voLBHLU,ZpMAYa,Y,Y,IzK,b,IzK,dgamAOapn,IzK,voLBHLU,Y
Y
Y
Y
Y
lxHM,IzK,IzK,dgamAOapn,b,ZUdds,Y,b,ZpMAYa,voLBHLU,ZpMAYa,Y,Y,IzK,b,IzK
Y
Y
lxHM,b,ZUdds,Y,b,dgamAOapn,IzK,ZpMAYa,voLBHLU,ZpMAYa,Y,Y,IzK,b,IzK
lxHM,IzK,IzK,dgamAOapn,b,ZUdds,Y,b,ZpMAYa,voLBHLU,ZpMAYa,Y,Y,IzK,b,IzK,IzK
lxHM,IzK,IzK,dgamAOapn,b,ZUdds,Y,b,ZpMAYa,voLBHLU,ZpMAYa,Y,Y,IzK,b,IzK
b
b
lxHM,IzK,IzK,dgamAOapn,Y,b,ZUdds,b,ZpMAYa,voLBHLU,ZpMAYa,Y,Y,IzK,b,IzK,IzK
lxHM,IzK,IzK,dgamAOapn,b,ZUdds,Y,b,ZpMAYa,voLBHLU,ZpMAYa,Y,Y,IzK,b,IzK,dgamAOapn
b
ZpMAYa
ZpMAYa
lxHM,IzK,IzK,dgamAOapn,b,ZUdds,ZpMAYa,b,voLBHLU,ZpMAYa,Y,Y,IzK,b,IzK,dgamAOapn
lxHM,IzK,dgamAOapn,b,ZUdds,ZpMAYa,IzK,b,ZpMAYa,Y,Y,IzK,b,IzK,dgamAOapn
ZpMAYa
lxHM,IzK,dgamAOapn,b,ZUdds,ZpMAYa,IzK,b,ZpMAYa,Y,Y,IzK,b,IzK,dgamAOapn
ZUdds
lxHM,IzK,dgamAOapn,ZpMAYa,IzK,b,ZpMAYa,ZUdds,Y,IzK,b,IzK,dgamAOapn,voLBHLU
IzK,dgamAOapn,ZpMAYa,IzK,b,ZpMAYa,voLBHLU,Y,ZUdds,lxHM,IzK,b,IzK,dgamAOapn,dgamAOapn,wiBAeQzJZ,lxHM,Y
dgamAOapn
dgamAOapn
IzK,b,ZpMAYa,Y,dgamAOapn,ZUdds,lxHM,IzK,b,IzK,dgamAOapn,dgamAOapn,wiBAeQzJZ,lxHM,Y,ZpMAYa
IzK,b,ZpMAYa,Y,dgamAOapn,ZUdds,lxHM,IzK,b,IzK,dgamAOapn,dgamAOapn,wiBAeQzJZ,lxHM,Y,ZpMAYa
IzK,b,ZpMAYa,Y,dgamAOapn,ZUdds,lxHM,IzK,b,IzK,dgamAOapn,dgamAOapn,wiBAeQzJZ,lxHM,Y,ZpMAYa
IzK
IzK,ZpMAYa,Y,dgamAOapn,ZUdds,lxHM,IzK,b,b,IzK,dgamAOapn,dgamAOapn,wiBAeQzJZ,lxHM,Y,ZpMAYa
b
b
IzK,b,ZpMAYa,Y,dgamAOapn,ZUdds,lxHM,IzK,b,IzK,dgamAOapn,dgamAOapn,wiBAeQzJZ,lxHM,Y,ZpMAYa
IzK,b,ZpMAYa,Y,dgamAOapn,ZUdds,lxHM,IzK,b,IzK,dgamAOapn,dgamAOapn,wiBAeQzJZ,lxHM,Y,ZpMAYa
IzK,b,ZpMAYa,Y,dgamAOapn,ZUdds,lxHM,IzK,b,IzK,dgamAOapn,dgamAOapn,wiBAeQzJZ,lxHM,Y,ZpMAYa
dgamAOapn
ZpMAYa,Y,ZUdds,lxHM,IzK,b,b,dgamAOapn,IzK,dgamAOapn,dgamAOapn,wiBAeQzJZ,lxHM,Y,ZpMAYa
b
Y,ZUdds,lxHM,IzK,b,dgamAOapn,IzK,wiBAeQzJZ,b,dgamAOapn,dgamAOapn,lxHM,Y,ZpMAYa
Y,ZUdds,lxHM,IzK,b,dgamAOapn,IzK,wiBAeQzJZ,b,dgamAOapn,dgamAOapn,lxHM,Y,ZpMAYa
Y,ZUdds,lxHM,IzK,b,dgamAOapn,IzK,wiBAeQzJZ,b,dgamAOapn,dgamAOapn,lxHM,Y,ZpMAYa
Y,ZUdds,lxHM,IzK,b,dgamAOapn,IzK,wiBAeQzJZ,b,dgamAOapn,dgamAOapn,lxHM,Y,ZpMAYa
wiBAeQzJZ
Y,ZUdds,lxHM,IzK,b,dgamAOapn,IzK,wiBAeQzJZ,b,dgamAOapn,dgamAOapn,lxHM,Y,ZpMAYa
wiBAeQzJZ
wiBAeQzJZ
ZpMAYa,Y,ZUdds,IzK,b,b,dgamAOapn,IzK,lxHM,dgamAOapn,dgamAOapn,wiBAeQzJZ,lxHM,Y,ZpMAYa
lxHM
IzK
Y
Y
ZpMAYa,ZUdds,lxHM,b,b,dgamAOapn,IzK,IzK,Y,dgamAOapn,dgamAOapn,wiBAeQzJZ,lxHM,Y,ZpMAYa,ZpMAYa
ZpMAYa,ZUdds,b,dgamAOapn,IzK,IzK,Y,lxHM,dgamAOapn,dgamAOapn,wiBAeQzJZ,lxHM,Y,ZpMAYa,ZpMAYa,voLBHLU,IzK
lxHM
ZpMAYa,Y,ZUdds,lxHM,IzK,b,b,wiBAeQzJZ,dgamAOapn,IzK,dgamAOapn,dgamAOapn,lxHM,Y,ZpMAYa
dgamAOapn
ZpMAYa,Y,ZUdds,lxHM,b,b,wiBAeQzJZ,dgamAOapn,IzK,IzK,dgamAOapn,dgamAOapn,lxHM,Y,ZpMAYa
ZpMAYa,ZUdds,lxHM,b,b,wiBAeQzJZ,IzK,dgamAOapn,Y,IzK,dgamAOapn,dgamAOapn,lxHM,Y,ZpMAYa
ZpMAYa,ZUdds,lxHM,b,b,wiBAeQzJZ,IzK,dgamAOapn,Y,IzK,dgamAOapn,dgamAOapn,lxHM,Y,ZpMAYa,ZUdds
ZpMAYa,ZUdds,lxHM,b,b,wiBAeQzJZ,IzK,dgamAOapn,Y,IzK,dgamAOapn,dgamAOapn,lxHM,Y,ZpMAYa,ZUdds
IzK
IzK
IzK
IzK
ZpMAYa,ZUdds,lxHM,b,b,IzK,Y,IzK,wiBAeQzJZ,dgamAOapn,dgamAOapn,dgamAOapn,lxHM,Y,ZpMAYa,ZUdds,ZUdds
dgamAOapn
Y
ZpMAYa,ZUdds,b,b,IzK,IzK,wiBAeQzJZ,dgamAOapn,Y,dgamAOapn,lxHM,Y,ZpMAYa,ZUdds
ZpMAYa,ZUdds,b,b,IzK,IzK,wiBAeQzJZ,dgamAOapn,Y,dgamAOapn,lxHM,Y,ZpMAYa,ZUdds
ZpMAYa,ZUdds,b,b,IzK,IzK,wiBAeQzJZ,dgamAOapn,Y,dgamAOapn,lxHM,Y,ZpMAYa,ZUdds
wiBAeQzJZ
ZUdds,b,b,Y,IzK,lxHM,ZpMAYa,IzK,dgamAOapn,dgamAOapn,dgamAOapn,lxHM,Y,ZpMAYa,ZUdds
lxHM
ZpMAYa,b,b,IzK,wiBAeQzJZ,Y,IzK,lxHM,dgamAOapn,dgamAOapn,dgamAOapn,lxHM,Y,ZpMAYa,ZUdds
lxHM
b,b,IzK,wiBAeQzJZ,Y,IzK,lxHM,dgamAOapn,dgamAOapn,dgamAOapn,lxHM,Y,ZpMAYa,ZUdds
b,b,IzK,wiBAeQzJZ,Y,IzK,lxHM,dgamAOapn,dgamAOapn,dgamAOapn,lxHM,Y,ZpMAYa,ZUdds
b,b,IzK,wiBAeQzJZ,Y,IzK,lxHM,dgamAOapn,dgamAOapn,dgamAOapn,lxHM,Y,ZpMAYa,ZUdds
b,b,IzK,wiBAeQzJZ,IzK,lxHM,Y,dgamAOapn,dgamAOapn,dgamAOapn,lxHM,Y,ZpMAYa,ZUdds
b,b,IzK,wiBAeQzJZ,IzK,lxHM,Y,dgamAOapn,dgamAOapn,dgamAOapn,lxHM,Y,ZpMAYa,ZUdds
Y
Jedi Wagner, assuma o comando!