[vazia]
Toque! Toque, Dijê!
[vazia]
Toque! Toque, Dijê!
Toque! Toque, Dijê!
[vazia]
[vazia]
[vazia]
Toque! Toque, Dijê!
Toque! Toque, Dijê!
Toque! Toque, Dijê!
Toque! Toque, Dijê!
elRWCUml
elRWCUml
hAJWI
hAJWI
Toque! Toque, Dijê!
Toque! Toque, Dijê!
PfDx
PfDx
PfDx,elRWCUml
PfDx
PfDx,elRWCUml
PfDx
PfDx
PfDx
PfDx
PfDx
PfDx
PfDx,elRWCUml,PfDx
PfDx
PfDx
elRWCUml,PfDx
elRWCUml
elRWCUml,hAJWI
elRWCUml,hAJWI,PfDx
elRWCUml,hAJWI,PfDx
elRWCUml,PfDx,hAJWI
elRWCUml
elRWCUml,elRWCUml
elRWCUml
elRWCUml
elRWCUml,QB
elRWCUml,QB
elRWCUml
elRWCUml,QB
elRWCUml
elRWCUml
elRWCUml
elRWCUml
elRWCUml
elRWCUml
elRWCUml
elRWCUml
elRWCUml
elRWCUml
elRWCUml
elRWCUml
elRWCUml,QB
elRWCUml
elRWCUml
hAJWI
hAJWI
hAJWI
hAJWI
hAJWI
hAJWI
hAJWI
elRWCUml,hAJWI,QB,PfDx,hAJWI,hAJWI,QB,QB
elRWCUml
hAJWI,QB,elRWCUml,elRWCUml
elRWCUml
hAJWI,QB,elRWCUml,elRWCUml
elRWCUml
hAJWI,elRWCUml,elRWCUml,PfDx
hAJWI,elRWCUml,elRWCUml,PfDx
elRWCUml
elRWCUml
elRWCUml
elRWCUml
elRWCUml
hAJWI,QB,elRWCUml,elRWCUml,PfDx,elRWCUml
PfDx
PfDx
hAJWI
hAJWI
hAJWI
hAJWI
hAJWI
hAJWI,QB,elRWCUml,elRWCUml,PfDx
hAJWI,QB,elRWCUml,elRWCUml,PfDx
hAJWI,QB,elRWCUml,elRWCUml
hAJWI,QB,elRWCUml,elRWCUml,hAJWI
hAJWI,QB,elRWCUml,elRWCUml,hAJWI
hAJWI,QB,elRWCUml,elRWCUml
hAJWI,QB,elRWCUml,elRWCUml
QB
QB
Jedi Wagner, assuma o comando!