[vazia]
LLsQqBYugJ,NurMoPnmmR,NurMoPnmmR,NurMoPnmmR
LLsQqBYugJ,NurMoPnmmR,NurMoPnmmR,NurMoPnmmR,zfRfGW
zfRfGW
zfRfGW
zfRfGW
Toque! Toque, Dijê!
[vazia]
[vazia]
[vazia]
Toque! Toque, Dijê!
[vazia]
Toque! Toque, Dijê!
NurMoPnmmR
[vazia]
[vazia]
[vazia]
LLsQqBYugJ
LLsQqBYugJ
[vazia]
tzHo
tzHo,tzHo,zfRfGW,NurMoPnmmR
tzHo
tzHo
tzHo,tzHo,zfRfGW
tzHo,tzHo,zfRfGW,AAqXMO
tzHo
tzHo,tzHo,zfRfGW,AAqXMO,LLsQqBYugJ
tzHo
tzHo,tzHo,zfRfGW,AAqXMO
tzHo,tzHo,zfRfGW,AAqXMO,tzHo,NurMoPnmmR
tzHo,tzHo,AAqXMO,tzHo,NurMoPnmmR
tzHo,tzHo,tzHo,NurMoPnmmR,AAqXMO
tzHo,tzHo,tzHo,NurMoPnmmR,AAqXMO
tzHo,tzHo,tzHo,NurMoPnmmR,AAqXMO
tzHo
tzHo,LLsQqBYugJ,AAqXMO,tzHo
tzHo,LLsQqBYugJ,AAqXMO,tzHo
tzHo
tzHo
tzHo
tzHo
NurMoPnmmR
NurMoPnmmR
tzHo,NurMoPnmmR
tzHo,NurMoPnmmR,zfRfGW
NurMoPnmmR
tzHo,zfRfGW,NurMoPnmmR
NurMoPnmmR
tzHo
tzHo,zfRfGW,NurMoPnmmR,tzHo,LLsQqBYugJ
tzHo
tzHo,zfRfGW,tzHo,NurMoPnmmR,LLsQqBYugJ
tzHo,zfRfGW,NurMoPnmmR,tzHo,LLsQqBYugJ,tzHo
tzHo,zfRfGW,NurMoPnmmR,tzHo,LLsQqBYugJ,tzHo
NurMoPnmmR,zfRfGW,tzHo,LLsQqBYugJ,tzHo,tzHo,zfRfGW,AAqXMO
NurMoPnmmR,zfRfGW,tzHo,LLsQqBYugJ,tzHo,tzHo,zfRfGW,AAqXMO
NurMoPnmmR,zfRfGW,tzHo,LLsQqBYugJ,tzHo,tzHo,zfRfGW,AAqXMO
tzHo,zfRfGW,NurMoPnmmR,tzHo,LLsQqBYugJ,tzHo
tzHo
tzHo
tzHo,zfRfGW,tzHo,LLsQqBYugJ,tzHo
tzHo,zfRfGW,tzHo,LLsQqBYugJ,tzHo,tzHo,LLsQqBYugJ
tzHo,zfRfGW,tzHo,LLsQqBYugJ,tzHo,tzHo,LLsQqBYugJ,AAqXMO
tzHo
tzHo,zfRfGW,tzHo,LLsQqBYugJ,tzHo,tzHo,LLsQqBYugJ,AAqXMO
tzHo,zfRfGW,tzHo,LLsQqBYugJ,tzHo,tzHo,LLsQqBYugJ,AAqXMO
tzHo,zfRfGW,LLsQqBYugJ,AAqXMO,tzHo,tzHo,tzHo,LLsQqBYugJ
zfRfGW
zfRfGW
zfRfGW
AAqXMO,zfRfGW,tzHo,tzHo,tzHo,tzHo,LLsQqBYugJ,RMVNDtlVbW
AAqXMO,zfRfGW,tzHo,tzHo,tzHo,tzHo,LLsQqBYugJ,RMVNDtlVbW
zfRfGW
AAqXMO,zfRfGW,tzHo,tzHo,tzHo,tzHo,LLsQqBYugJ,RMVNDtlVbW
AAqXMO,zfRfGW,tzHo,tzHo,tzHo,tzHo,LLsQqBYugJ,RMVNDtlVbW
tzHo
AAqXMO,tzHo,zfRfGW,tzHo,tzHo,tzHo,LLsQqBYugJ,RMVNDtlVbW
tzHo
AAqXMO,tzHo,zfRfGW,tzHo,tzHo,tzHo,RMVNDtlVbW,zfRfGW,LLsQqBYugJ
AAqXMO,tzHo,zfRfGW,tzHo,tzHo,tzHo,LLsQqBYugJ,RMVNDtlVbW,zfRfGW,LLsQqBYugJ,tzHo,AAqXMO
tzHo
tzHo
tzHo
tzHo
tzHo,AAqXMO,zfRfGW,tzHo,tzHo,tzHo,LLsQqBYugJ,RMVNDtlVbW,zfRfGW,LLsQqBYugJ,tzHo,AAqXMO,NurMoPnmmR,RMVNDtlVbW
AAqXMO
AAqXMO
AAqXMO
zfRfGW
NurMoPnmmR
NurMoPnmmR
NurMoPnmmR
tzHo
NurMoPnmmR,RMVNDtlVbW,tzHo,zfRfGW,tzHo,tzHo,tzHo,zfRfGW,LLsQqBYugJ,tzHo,AAqXMO,RMVNDtlVbW,LLsQqBYugJ,LLsQqBYugJ
tzHo
zfRfGW
zfRfGW
tzHo
tzHo
tzHo
tzHo,zfRfGW,tzHo,tzHo,tzHo,zfRfGW,tzHo,AAqXMO,RMVNDtlVbW,LLsQqBYugJ,LLsQqBYugJ,tzHo,AAqXMO,AAqXMO
tzHo,tzHo,tzHo,tzHo,zfRfGW,tzHo,AAqXMO,RMVNDtlVbW,LLsQqBYugJ,LLsQqBYugJ,tzHo,AAqXMO,AAqXMO,RMVNDtlVbW,tzHo
tzHo
LLsQqBYugJ,tzHo,AAqXMO,tzHo,tzHo,zfRfGW,tzHo,RMVNDtlVbW,LLsQqBYugJ,tzHo,AAqXMO,AAqXMO,RMVNDtlVbW,tzHo,LLsQqBYugJ
AAqXMO
RMVNDtlVbW
RMVNDtlVbW
RMVNDtlVbW
LLsQqBYugJ,AAqXMO,RMVNDtlVbW,tzHo,tzHo,zfRfGW,tzHo,LLsQqBYugJ,tzHo,AAqXMO,AAqXMO,RMVNDtlVbW,tzHo,LLsQqBYugJ,AAqXMO
RMVNDtlVbW
RMVNDtlVbW
LLsQqBYugJ,AAqXMO,RMVNDtlVbW,tzHo,tzHo,zfRfGW,tzHo,LLsQqBYugJ,tzHo,AAqXMO,AAqXMO,RMVNDtlVbW,tzHo,LLsQqBYugJ,AAqXMO,RMVNDtlVbW,NurMoPnmmR
LLsQqBYugJ,AAqXMO,RMVNDtlVbW,tzHo,tzHo,tzHo,LLsQqBYugJ,tzHo,AAqXMO,AAqXMO,RMVNDtlVbW,tzHo,LLsQqBYugJ,AAqXMO,RMVNDtlVbW,NurMoPnmmR,NurMoPnmmR
RMVNDtlVbW
RMVNDtlVbW
LLsQqBYugJ,tzHo,LLsQqBYugJ,tzHo,RMVNDtlVbW,tzHo,LLsQqBYugJ,AAqXMO,RMVNDtlVbW,NurMoPnmmR
LLsQqBYugJ,RMVNDtlVbW,tzHo,NurMoPnmmR,LLsQqBYugJ,tzHo,tzHo,LLsQqBYugJ,AAqXMO,RMVNDtlVbW,LLsQqBYugJ
Jedi Wagner, assuma o comando!