[vazia]
[vazia]
Toque! Toque, Dijê!
kVwKqmsG
kVwKqmsG
kVwKqmsG
kVwKqmsG,tdBQpFugX
kVwKqmsG,tdBQpFugX
kVwKqmsG
tdBQpFugX
kVwKqmsG
kVwKqmsG,kVwKqmsG,kVwKqmsG,tdBQpFugX,tdBQpFugX,kVwKqmsG,kVwKqmsG,kVwKqmsG,kVwKqmsG,tdBQpFugX,tdBQpFugX
tdBQpFugX
tdBQpFugX
tdBQpFugX
kVwKqmsG,kVwKqmsG,tdBQpFugX,tdBQpFugX,kVwKqmsG,kVwKqmsG,kVwKqmsG,kVwKqmsG,tdBQpFugX,tdBQpFugX,tdBQpFugX,kVwKqmsG,kVwKqmsG
kVwKqmsG,kVwKqmsG,kVwKqmsG,tdBQpFugX,tdBQpFugX,kVwKqmsG,kVwKqmsG,kVwKqmsG,kVwKqmsG,tdBQpFugX,tdBQpFugX
tdBQpFugX
kVwKqmsG,kVwKqmsG,kVwKqmsG,tdBQpFugX,tdBQpFugX,kVwKqmsG,kVwKqmsG,kVwKqmsG,kVwKqmsG,tdBQpFugX,tdBQpFugX,kVwKqmsG
tdBQpFugX
tdBQpFugX
kVwKqmsG,kVwKqmsG,tdBQpFugX,kVwKqmsG,tdBQpFugX,kVwKqmsG,kVwKqmsG,kVwKqmsG,kVwKqmsG,tdBQpFugX,tdBQpFugX,kVwKqmsG,tdBQpFugX
kVwKqmsG
kVwKqmsG,tdBQpFugX,kVwKqmsG,kVwKqmsG,kVwKqmsG,kVwKqmsG,kVwKqmsG,tdBQpFugX,tdBQpFugX,kVwKqmsG,tdBQpFugX
kVwKqmsG,tdBQpFugX,kVwKqmsG,kVwKqmsG,kVwKqmsG,kVwKqmsG,kVwKqmsG,tdBQpFugX,tdBQpFugX,kVwKqmsG,tdBQpFugX
tdBQpFugX
kVwKqmsG,tdBQpFugX,kVwKqmsG,kVwKqmsG,kVwKqmsG,kVwKqmsG,kVwKqmsG,tdBQpFugX,tdBQpFugX,kVwKqmsG,tdBQpFugX
tdBQpFugX
kVwKqmsG,tdBQpFugX,kVwKqmsG,kVwKqmsG,kVwKqmsG,kVwKqmsG,kVwKqmsG,tdBQpFugX,tdBQpFugX,kVwKqmsG,tdBQpFugX
tdBQpFugX
tdBQpFugX
kVwKqmsG,tdBQpFugX,kVwKqmsG,kVwKqmsG,kVwKqmsG,kVwKqmsG,kVwKqmsG,tdBQpFugX,tdBQpFugX,kVwKqmsG,tdBQpFugX
kVwKqmsG
tdBQpFugX,kVwKqmsG,kVwKqmsG,kVwKqmsG,kVwKqmsG,kVwKqmsG,tdBQpFugX,tdBQpFugX,kVwKqmsG,tdBQpFugX
kVwKqmsG,kVwKqmsG,kVwKqmsG,kVwKqmsG,kVwKqmsG,tdBQpFugX,tdBQpFugX,kVwKqmsG,tdBQpFugX,kVwKqmsG
kVwKqmsG
kVwKqmsG
tdBQpFugX
kVwKqmsG,tdBQpFugX,kVwKqmsG,kVwKqmsG,kVwKqmsG,kVwKqmsG,tdBQpFugX,kVwKqmsG,tdBQpFugX,kVwKqmsG,tdBQpFugX
kVwKqmsG,kVwKqmsG,kVwKqmsG,kVwKqmsG,kVwKqmsG,tdBQpFugX,kVwKqmsG,tdBQpFugX,kVwKqmsG,tdBQpFugX
kVwKqmsG
kVwKqmsG,kVwKqmsG,kVwKqmsG,kVwKqmsG,kVwKqmsG,tdBQpFugX,kVwKqmsG,tdBQpFugX,kVwKqmsG,tdBQpFugX,tdBQpFugX
tdBQpFugX
kVwKqmsG,kVwKqmsG,kVwKqmsG,kVwKqmsG,kVwKqmsG,tdBQpFugX,kVwKqmsG,tdBQpFugX,tdBQpFugX
kVwKqmsG,kVwKqmsG,kVwKqmsG,kVwKqmsG,kVwKqmsG,tdBQpFugX,tdBQpFugX,kVwKqmsG,tdBQpFugX,kVwKqmsG,kVwKqmsG
kVwKqmsG,kVwKqmsG,kVwKqmsG,kVwKqmsG,kVwKqmsG,tdBQpFugX,tdBQpFugX,kVwKqmsG,tdBQpFugX,kVwKqmsG,kVwKqmsG,kVwKqmsG
kVwKqmsG
kVwKqmsG,kVwKqmsG,kVwKqmsG,kVwKqmsG,kVwKqmsG,tdBQpFugX,tdBQpFugX,kVwKqmsG,tdBQpFugX,kVwKqmsG
tdBQpFugX
kVwKqmsG
kVwKqmsG,tdBQpFugX,kVwKqmsG,kVwKqmsG,kVwKqmsG,tdBQpFugX,kVwKqmsG,tdBQpFugX,kVwKqmsG
kVwKqmsG
kVwKqmsG
kVwKqmsG
kVwKqmsG
kVwKqmsG
tdBQpFugX,kVwKqmsG,kVwKqmsG,kVwKqmsG,kVwKqmsG,tdBQpFugX,kVwKqmsG,tdBQpFugX,kVwKqmsG,kVwKqmsG
kVwKqmsG
kVwKqmsG
tdBQpFugX,kVwKqmsG,kVwKqmsG,kVwKqmsG,kVwKqmsG,tdBQpFugX,kVwKqmsG,tdBQpFugX,kVwKqmsG,kVwKqmsG
kVwKqmsG
tdBQpFugX,kVwKqmsG,kVwKqmsG,kVwKqmsG,kVwKqmsG,tdBQpFugX,kVwKqmsG,tdBQpFugX,kVwKqmsG,kVwKqmsG
kVwKqmsG,kVwKqmsG,kVwKqmsG,tdBQpFugX,kVwKqmsG,tdBQpFugX,kVwKqmsG,kVwKqmsG
kVwKqmsG,kVwKqmsG,kVwKqmsG,tdBQpFugX,kVwKqmsG,tdBQpFugX,kVwKqmsG,kVwKqmsG
kVwKqmsG,kVwKqmsG,kVwKqmsG,tdBQpFugX,kVwKqmsG,tdBQpFugX,kVwKqmsG,kVwKqmsG,tdBQpFugX
kVwKqmsG
tdBQpFugX
kVwKqmsG,kVwKqmsG,tdBQpFugX,kVwKqmsG,kVwKqmsG,tdBQpFugX,kVwKqmsG,kVwKqmsG,tdBQpFugX,kVwKqmsG,kVwKqmsG,tdBQpFugX,kVwKqmsG
kVwKqmsG
kVwKqmsG,tdBQpFugX,kVwKqmsG,kVwKqmsG,kVwKqmsG,kVwKqmsG,kVwKqmsG,tdBQpFugX,tdBQpFugX,tdBQpFugX
kVwKqmsG
kVwKqmsG
kVwKqmsG
kVwKqmsG
kVwKqmsG,tdBQpFugX,kVwKqmsG,kVwKqmsG,kVwKqmsG,kVwKqmsG,kVwKqmsG,tdBQpFugX,tdBQpFugX,tdBQpFugX
kVwKqmsG,kVwKqmsG,kVwKqmsG,kVwKqmsG,kVwKqmsG,kVwKqmsG,tdBQpFugX,tdBQpFugX,tdBQpFugX,tdBQpFugX,kVwKqmsG,tdBQpFugX
kVwKqmsG,kVwKqmsG,kVwKqmsG,kVwKqmsG,kVwKqmsG,kVwKqmsG,tdBQpFugX,tdBQpFugX,tdBQpFugX,tdBQpFugX,kVwKqmsG,tdBQpFugX
kVwKqmsG,tdBQpFugX,kVwKqmsG,kVwKqmsG,kVwKqmsG,kVwKqmsG,kVwKqmsG,tdBQpFugX,tdBQpFugX,tdBQpFugX,kVwKqmsG,tdBQpFugX,kVwKqmsG
tdBQpFugX
kVwKqmsG
kVwKqmsG
kVwKqmsG,kVwKqmsG,tdBQpFugX,tdBQpFugX,kVwKqmsG,tdBQpFugX,tdBQpFugX,kVwKqmsG,tdBQpFugX,kVwKqmsG,kVwKqmsG
kVwKqmsG,tdBQpFugX,tdBQpFugX,kVwKqmsG,kVwKqmsG,tdBQpFugX,tdBQpFugX,kVwKqmsG,tdBQpFugX,kVwKqmsG,kVwKqmsG,kVwKqmsG,tdBQpFugX
kVwKqmsG
tdBQpFugX
tdBQpFugX
Jedi Wagner, assuma o comando!