KNPv
KNPv
[vazia]
[vazia]
Toque! Toque, Dijê!
KNPv
[vazia]
Toque! Toque, Dijê!
Toque! Toque, Dijê!
[vazia]
YmDQipVgIY
Toque! Toque, Dijê!
KNPv
YmDQipVgIY
YmDQipVgIY
YmDQipVgIY,YmDQipVgIY
YmDQipVgIY
YmDQipVgIY
YmDQipVgIY,YmDQipVgIY,KNPv
YmDQipVgIY
YmDQipVgIY
[vazia]
[vazia]
[vazia]
KNPv
KNPv
[vazia]
Toque! Toque, Dijê!
Toque! Toque, Dijê!
[vazia]
Toque! Toque, Dijê!
YmDQipVgIY,YmDQipVgIY
[vazia]
Toque! Toque, Dijê!
KNPv
[vazia]
[vazia]
[vazia]
[vazia]
YmDQipVgIY
YmDQipVgIY
YmDQipVgIY
YmDQipVgIY
YmDQipVgIY
YmDQipVgIY
YmDQipVgIY,YmDQipVgIY,YmDQipVgIY
YmDQipVgIY
YmDQipVgIY,YmDQipVgIY,YmDQipVgIY
YmDQipVgIY,YmDQipVgIY,YmDQipVgIY,KNPv,KNPv,YmDQipVgIY
YmDQipVgIY,YmDQipVgIY,YmDQipVgIY,KNPv,KNPv,YmDQipVgIY
YmDQipVgIY
YmDQipVgIY,YmDQipVgIY,YmDQipVgIY,KNPv,KNPv,YmDQipVgIY
YmDQipVgIY,YmDQipVgIY,YmDQipVgIY,KNPv,YmDQipVgIY,YmDQipVgIY
YmDQipVgIY,YmDQipVgIY,YmDQipVgIY,KNPv,YmDQipVgIY,YmDQipVgIY
YmDQipVgIY
YmDQipVgIY
YmDQipVgIY
YmDQipVgIY
YmDQipVgIY
YmDQipVgIY,YmDQipVgIY,YmDQipVgIY,YmDQipVgIY,YmDQipVgIY,YmDQipVgIY
YmDQipVgIY
YmDQipVgIY
YmDQipVgIY,YmDQipVgIY,YmDQipVgIY,YmDQipVgIY,YmDQipVgIY,YmDQipVgIY
YmDQipVgIY
YmDQipVgIY
YmDQipVgIY,YmDQipVgIY,YmDQipVgIY,YmDQipVgIY,YmDQipVgIY,YmDQipVgIY
YmDQipVgIY
YmDQipVgIY
YmDQipVgIY,YmDQipVgIY,YmDQipVgIY,YmDQipVgIY,YmDQipVgIY
YmDQipVgIY
YmDQipVgIY
YmDQipVgIY,YmDQipVgIY,YmDQipVgIY,YmDQipVgIY,YmDQipVgIY,YmDQipVgIY
YmDQipVgIY,YmDQipVgIY,YmDQipVgIY,YmDQipVgIY,YmDQipVgIY
YmDQipVgIY,YmDQipVgIY,YmDQipVgIY,YmDQipVgIY,YmDQipVgIY
YmDQipVgIY
YmDQipVgIY,YmDQipVgIY,YmDQipVgIY
YmDQipVgIY
YmDQipVgIY,YmDQipVgIY,YmDQipVgIY
YmDQipVgIY
YmDQipVgIY
YmDQipVgIY
YmDQipVgIY,YmDQipVgIY,YmDQipVgIY
YmDQipVgIY,YmDQipVgIY
YmDQipVgIY,YmDQipVgIY,YmDQipVgIY,YmDQipVgIY
YmDQipVgIY,YmDQipVgIY,YmDQipVgIY
YmDQipVgIY
YmDQipVgIY,YmDQipVgIY,YmDQipVgIY,YmDQipVgIY
YmDQipVgIY
YmDQipVgIY
KNPv
YmDQipVgIY,KNPv,YmDQipVgIY,YmDQipVgIY,YmDQipVgIY,YmDQipVgIY
YmDQipVgIY
YmDQipVgIY,YmDQipVgIY,YmDQipVgIY,KNPv,YmDQipVgIY,YmDQipVgIY,YmDQipVgIY
YmDQipVgIY,YmDQipVgIY,YmDQipVgIY,KNPv,YmDQipVgIY,YmDQipVgIY,YmDQipVgIY
KNPv
KNPv
KNPv
KNPv
KNPv
YmDQipVgIY
YmDQipVgIY,YmDQipVgIY,YmDQipVgIY,YmDQipVgIY,YmDQipVgIY,YmDQipVgIY
Jedi Wagner, assuma o comando!