[vazia]
[vazia]
vZN
vZN
vZN
vZN
vZN,TkEs
vZN,TkEs
vZN
vZN,TkEs
vZN,TkEs
vZN,TkEs,TkEs
vZN,TkEs,TkEs
TkEs
TkEs,TkEs
TkEs,TkEs
TkEs,TkEs
TkEs
TkEs,TkEs
TkEs
TkEs,TkEs
TkEs,TkEs,kbwjEyMq
TkEs,TkEs
TkEs,TkEs
TkEs,TkEs
TkEs,TkEs
TkEs
TkEs
TkEs,TkEs
TkEs
TkEs
TkEs
TkEs
TkEs
TkEs
TkEs
TkEs
TkEs
TkEs,TkEs,TkEs,TkEs,TkEs,rcBMhoTA
TkEs
TkEs,TkEs,TkEs,TkEs,TkEs,rcBMhoTA
TkEs,TkEs,TkEs,TkEs,TkEs,rcBMhoTA,kbwjEyMq
TkEs,TkEs,TkEs,TkEs,TkEs,rcBMhoTA,kbwjEyMq
TkEs,TkEs,TkEs,TkEs,TkEs,rcBMhoTA,kbwjEyMq,f,rWtDj
TkEs,TkEs,TkEs,TkEs,TkEs,rcBMhoTA,kbwjEyMq,f,rWtDj,rWtDj
TkEs,TkEs,TkEs,TkEs,rcBMhoTA,kbwjEyMq,f,rWtDj,rWtDj
TkEs
TkEs,TkEs,TkEs,TkEs,rcBMhoTA,kbwjEyMq,f,rWtDj,rWtDj,MkthjYsLa
TkEs
TkEs,TkEs,f,TkEs,rWtDj,TkEs,rcBMhoTA,kbwjEyMq,rWtDj,MkthjYsLa
f
TkEs,TkEs,f,TkEs,rWtDj,TkEs,rcBMhoTA,rWtDj,MkthjYsLa
f
TkEs,TkEs,f,TkEs,rWtDj,TkEs,rcBMhoTA,kbwjEyMq,rWtDj,MkthjYsLa
TkEs
TkEs,TkEs,f,rWtDj,rWtDj,MkthjYsLa
TkEs,TkEs,f,rWtDj,rWtDj,MkthjYsLa,f
TkEs
TkEs,TkEs,f,rWtDj,rWtDj,MkthjYsLa,f,nUGFKBZq
f
f
f
rWtDj
rWtDj
TkEs,TkEs,f,rWtDj,rWtDj,f,TkEs
rWtDj
rWtDj
rWtDj
TkEs,TkEs,f,rWtDj,rWtDj,f,TkEs,nUGFKBZq,kbwjEyMq
TkEs,TkEs,f,rWtDj,rWtDj,f,TkEs,nUGFKBZq
TkEs,TkEs,f,rWtDj,rWtDj,f,TkEs,nUGFKBZq
TkEs,TkEs,rWtDj,f,rWtDj,TkEs
TkEs,TkEs,rWtDj,f,rWtDj,TkEs,rWtDj
rWtDj
TkEs,TkEs,rWtDj,f,rWtDj,TkEs,rWtDj
rWtDj
rWtDj
rWtDj
rWtDj
TkEs,TkEs,rWtDj,f,rWtDj,TkEs,rWtDj
rWtDj
rWtDj
TkEs,TkEs,rWtDj,f,rWtDj,TkEs,rWtDj,rcBMhoTA
TkEs,TkEs,rWtDj,f,rWtDj,TkEs,rWtDj,rcBMhoTA,rWtDj
TkEs
TkEs,TkEs,rWtDj,f,rWtDj,TkEs,rWtDj,rcBMhoTA
TkEs,TkEs,rWtDj,f,rWtDj,TkEs,rWtDj,rcBMhoTA
TkEs,rWtDj,f,rWtDj,TkEs,TkEs,rWtDj,rcBMhoTA,JezHhhKC
TkEs
TkEs,TkEs,rWtDj,f,rWtDj,TkEs,rWtDj,rcBMhoTA,MkthjYsLa
TkEs,TkEs,rWtDj,f,rWtDj,TkEs,rWtDj,rcBMhoTA,MkthjYsLa
TkEs
TkEs
TkEs,rWtDj,f,rWtDj,TkEs,TkEs,rWtDj,MkthjYsLa
TkEs,rWtDj,f,rWtDj,TkEs,TkEs,rWtDj,MkthjYsLa,rcBMhoTA
TkEs,rWtDj,f,rWtDj,TkEs,TkEs,rWtDj,MkthjYsLa,vZN,TkEs
rWtDj
TkEs,rWtDj,f,rWtDj,TkEs,TkEs,rWtDj,MkthjYsLa,vZN,TkEs
TkEs,f,rWtDj,TkEs,TkEs,rWtDj,MkthjYsLa,vZN,TkEs,TkEs
TkEs,f,rWtDj,TkEs,TkEs,rWtDj,MkthjYsLa,vZN,TkEs
TkEs,f,rWtDj,TkEs,TkEs,rWtDj,MkthjYsLa,vZN,TkEs
TkEs,f,rWtDj,TkEs,TkEs,rWtDj,MkthjYsLa,vZN,TkEs
TkEs,f,rWtDj,TkEs,TkEs,rWtDj,MkthjYsLa,vZN,TkEs
TkEs,f,rWtDj,TkEs,TkEs,rWtDj,MkthjYsLa,vZN,TkEs,nUGFKBZq
TkEs,f,rWtDj,TkEs,TkEs,rWtDj,MkthjYsLa,vZN,TkEs,nUGFKBZq
TkEs,f,rWtDj,TkEs,TkEs,rWtDj,MkthjYsLa,vZN,TkEs,nUGFKBZq
rWtDj,rWtDj,MkthjYsLa,vZN,f,TkEs,TkEs,TkEs,nUGFKBZq,vZN
rWtDj,rWtDj,MkthjYsLa,vZN,f,TkEs,TkEs,TkEs,nUGFKBZq,vZN
rWtDj,rWtDj,MkthjYsLa,vZN,f,TkEs,TkEs,TkEs,nUGFKBZq,vZN
TkEs
TkEs
rWtDj,rWtDj,MkthjYsLa,vZN,f,TkEs,TkEs,TkEs,nUGFKBZq,vZN
vZN
MkthjYsLa
rWtDj,rWtDj,MkthjYsLa,f,TkEs,TkEs,TkEs,vZN,MkthjYsLa,rcBMhoTA
rWtDj,rWtDj,MkthjYsLa,f,TkEs,TkEs,TkEs,vZN,MkthjYsLa,rcBMhoTA
rWtDj
rWtDj
MkthjYsLa
rWtDj
rWtDj
rWtDj
rWtDj
rWtDj,rWtDj,f,TkEs,TkEs,TkEs,vZN,MkthjYsLa,rcBMhoTA,vZN,TkEs
f
rWtDj,rWtDj,f,TkEs,TkEs,TkEs,vZN,MkthjYsLa,rcBMhoTA,vZN,TkEs
TkEs
TkEs
rWtDj,TkEs,f,TkEs,TkEs,vZN,MkthjYsLa,rcBMhoTA,vZN,TkEs,TkEs
rWtDj,TkEs,f,TkEs,TkEs,vZN,MkthjYsLa,rcBMhoTA,vZN,TkEs,TkEs
rWtDj,TkEs,f,TkEs,TkEs,vZN,MkthjYsLa,rcBMhoTA,vZN,TkEs,TkEs
TkEs
rWtDj,TkEs,f,TkEs,TkEs,vZN,MkthjYsLa,rcBMhoTA,vZN,TkEs,TkEs
TkEs
rWtDj,rWtDj,f,TkEs,TkEs,TkEs,vZN,MkthjYsLa,rcBMhoTA,vZN,TkEs
rWtDj,rWtDj,f,TkEs,TkEs,TkEs,vZN,MkthjYsLa,rcBMhoTA,vZN,TkEs
rWtDj,rWtDj,f,TkEs,TkEs,TkEs,vZN,MkthjYsLa,rcBMhoTA,vZN,TkEs,TkEs
f
rWtDj,rWtDj,f,TkEs,TkEs,TkEs,vZN,MkthjYsLa,rcBMhoTA,vZN,TkEs,JezHhhKC,rcBMhoTA
Jedi Wagner, assuma o comando!