Toque! Toque, Dijê!
Toque! Toque, Dijê!
mxDaldvdS
[vazia]
Toque! Toque, Dijê!
gwWwn
gwWwn
gwWwn
gwWwn
gwWwn
RSqqdT,RSqqdT
RSqqdT
gwWwn
gwWwn
gwWwn,gwWwn
gwWwn,gwWwn
gwWwn,RSqqdT,gwWwn,gwWwn,RSqqdT
gwWwn,RSqqdT,gwWwn,gwWwn,RSqqdT
RSqqdT
RSqqdT,gwWwn,gwWwn,RSqqdT
gwWwn,RSqqdT,gwWwn,RSqqdT,mxDaldvdS
RSqqdT
RSqqdT
RSqqdT
gwWwn
gwWwn
gwWwn
gwWwn,gwWwn,gwWwn,RSqqdT,gwWwn,mxDaldvdS,gwWwn,gwWwn
gwWwn
gwWwn
gwWwn,gwWwn,gwWwn,RSqqdT,gwWwn,mxDaldvdS,gwWwn
gwWwn,gwWwn,gwWwn,RSqqdT,gwWwn,mxDaldvdS,gwWwn
mxDaldvdS
gwWwn,mxDaldvdS,gwWwn,gwWwn,gwWwn,gwWwn
mxDaldvdS,gwWwn,gwWwn,gwWwn,gwWwn,gwWwn
gwWwn,mxDaldvdS,gwWwn,gwWwn,gwWwn,gwWwn
gwWwn
gwWwn
gwWwn
gwWwn,mxDaldvdS,gwWwn,gwWwn,gwWwn,gwWwn,gwWwn
gwWwn
gwWwn,mxDaldvdS,gwWwn,gwWwn,gwWwn,gwWwn,gwWwn,mxDaldvdS
gwWwn,mxDaldvdS,gwWwn,gwWwn,gwWwn,gwWwn,gwWwn
gwWwn
gwWwn
gwWwn
mxDaldvdS
gwWwn,gwWwn,gwWwn,gwWwn,mxDaldvdS,gwWwn,gwWwn,RSqqdT,RSqqdT
mxDaldvdS
gwWwn,gwWwn,gwWwn,gwWwn,mxDaldvdS,gwWwn,gwWwn,RSqqdT,RSqqdT
gwWwn
gwWwn
gwWwn
gwWwn
gwWwn,gwWwn,gwWwn,RSqqdT,gwWwn,gwWwn,RSqqdT
gwWwn
gwWwn
gwWwn
gwWwn
gwWwn,gwWwn,RSqqdT,gwWwn,gwWwn,RSqqdT
gwWwn,gwWwn,gwWwn,RSqqdT,gwWwn,gwWwn,RSqqdT
gwWwn
gwWwn,gwWwn,RSqqdT,gwWwn,gwWwn,RSqqdT
gwWwn,RSqqdT,gwWwn,gwWwn,RSqqdT
gwWwn,RSqqdT,gwWwn,gwWwn,RSqqdT
gwWwn
gwWwn,gwWwn,gwWwn,RSqqdT,gwWwn,gwWwn,RSqqdT
gwWwn
gwWwn,gwWwn,gwWwn,RSqqdT,gwWwn,gwWwn,RSqqdT,mxDaldvdS
RSqqdT
gwWwn,gwWwn,gwWwn,RSqqdT,gwWwn,gwWwn,RSqqdT,mxDaldvdS,mxDaldvdS
gwWwn
gwWwn
gwWwn,gwWwn,RSqqdT,gwWwn,gwWwn,gwWwn,mxDaldvdS,mxDaldvdS
RSqqdT,gwWwn,gwWwn,gwWwn,mxDaldvdS
gwWwn,RSqqdT,gwWwn,gwWwn,gwWwn,gwWwn,mxDaldvdS
gwWwn
mxDaldvdS
gwWwn,gwWwn,gwWwn,RSqqdT,gwWwn,gwWwn,RSqqdT,mxDaldvdS
gwWwn,gwWwn,gwWwn,RSqqdT,gwWwn,gwWwn,RSqqdT,mxDaldvdS
gwWwn,gwWwn,gwWwn,RSqqdT,gwWwn,gwWwn,RSqqdT,mxDaldvdS
RSqqdT
gwWwn,gwWwn,gwWwn,RSqqdT,gwWwn,gwWwn,RSqqdT,mxDaldvdS
RSqqdT
gwWwn,gwWwn,gwWwn,RSqqdT,gwWwn,gwWwn,RSqqdT,mxDaldvdS
RSqqdT
RSqqdT
gwWwn
gwWwn,gwWwn,gwWwn,RSqqdT,gwWwn,gwWwn,RSqqdT,mxDaldvdS,gwWwn,gwWwn
gwWwn
RSqqdT
RSqqdT
RSqqdT
RSqqdT
gwWwn
mxDaldvdS
RSqqdT
gwWwn,gwWwn,gwWwn,gwWwn,RSqqdT,RSqqdT,gwWwn,gwWwn
gwWwn,gwWwn,gwWwn,gwWwn,RSqqdT,RSqqdT,gwWwn,gwWwn
RSqqdT
RSqqdT
gwWwn,gwWwn,gwWwn,gwWwn,RSqqdT,RSqqdT,gwWwn,gwWwn,gwWwn
RSqqdT
gwWwn,gwWwn,gwWwn,RSqqdT,gwWwn,gwWwn,gwWwn
RSqqdT
gwWwn,gwWwn,gwWwn,gwWwn,RSqqdT,RSqqdT,gwWwn,gwWwn,mxDaldvdS
gwWwn,gwWwn,gwWwn,mxDaldvdS,gwWwn,RSqqdT,RSqqdT,gwWwn,gwWwn
RSqqdT
RSqqdT
gwWwn,gwWwn,gwWwn,mxDaldvdS,RSqqdT,RSqqdT,gwWwn,gwWwn,mxDaldvdS
gwWwn
gwWwn,gwWwn,gwWwn,RSqqdT,mxDaldvdS,RSqqdT,gwWwn,gwWwn,mxDaldvdS
gwWwn,gwWwn,gwWwn,mxDaldvdS,RSqqdT,gwWwn,gwWwn,mxDaldvdS
gwWwn,gwWwn,gwWwn,mxDaldvdS,RSqqdT,gwWwn,gwWwn,mxDaldvdS
gwWwn
gwWwn,gwWwn,mxDaldvdS,RSqqdT,gwWwn,gwWwn,gwWwn,mxDaldvdS
Jedi Wagner, assuma o comando!