DhLHDgX
DhLHDgX,T,DhLHDgX,niEctFPEBr
DhLHDgX
DhLHDgX
DhLHDgX
DhLHDgX,T,DhLHDgX,niEctFPEBr,WEksz
DhLHDgX
T
Toque! Toque, Dijê!
Toque! Toque, Dijê!
JOnG
JOnG
JOnG
Toque! Toque, Dijê!
[vazia]
Toque! Toque, Dijê!
DhLHDgX
[vazia]
[vazia]
[vazia]
[vazia]
T
[vazia]
DhLHDgX
DhLHDgX,niEctFPEBr,UAyY,WEksz
niEctFPEBr
UAyY
WEksz
WEksz
niEctFPEBr,WEksz,WEksz,UAyY,T,ZLgo
niEctFPEBr,WEksz,WEksz,UAyY,T,ZLgo
niEctFPEBr,WEksz,WEksz,UAyY,T,ZLgo
niEctFPEBr,WEksz,WEksz,UAyY,ZLgo,DhLHDgX
niEctFPEBr,WEksz,UAyY,WEksz,ZLgo,DhLHDgX
WEksz
UAyY,WEksz,ZLgo,DhLHDgX,WEksz,niEctFPEBr,ZLgo
WEksz
niEctFPEBr,WEksz,UAyY,WEksz,ZLgo,DhLHDgX,WEksz
niEctFPEBr,UAyY,ZLgo,WEksz,WEksz
WEksz
WEksz
niEctFPEBr,WEksz,UAyY,WEksz,ZLgo,WEksz,WEksz
WEksz
niEctFPEBr,UAyY,WEksz,ZLgo,WEksz,WEksz,WEksz,WEksz
WEksz
niEctFPEBr,UAyY,WEksz,ZLgo,WEksz,WEksz,WEksz,WEksz,UAyY
WEksz
UAyY
UAyY,WEksz,ZLgo,WEksz,WEksz,WEksz,WEksz,UAyY
WEksz
WEksz
UAyY,ZLgo,WEksz,WEksz,WEksz,UAyY
Jedi Wagner, assuma o comando!