[vazia]
Toque! Toque, Dijê!
SOzTuG
SOzTuG
SOzTuG
Toque! Toque, Dijê!
DMWZ
DMWZ
DMWZ
DMWZ
DMWZ
DMWZ
DMWZ,kl,PdCCRnU,kl
DMWZ,kl,PdCCRnU,kl
kl,PdCCRnU,kl,bupPWmAW,BquTQLXN
kl,PdCCRnU,kl,bupPWmAW,BquTQLXN
kl,PdCCRnU,kl,bupPWmAW
kl,PdCCRnU,kl,bupPWmAW
kl,bupPWmAW,PdCCRnU,kl
kl,bupPWmAW,PdCCRnU,kl,SOzTuG
PdCCRnU
kl,PdCCRnU,kl,SOzTuG,BquTQLXN
PdCCRnU
kl,PdCCRnU,kl,SOzTuG,BquTQLXN
kl,kl,SOzTuG,PdCCRnU,BquTQLXN
kl,kl,SOzTuG,PdCCRnU,BquTQLXN
kl
kl,kl,BquTQLXN,PdCCRnU,BquTQLXN
BquTQLXN
BquTQLXN
kl,kl,SOzTuG,PdCCRnU,BquTQLXN
kl,kl,SOzTuG,PdCCRnU,BquTQLXN
PdCCRnU
kl,SOzTuG,PdCCRnU,kl,BquTQLXN
kl,kl,BquTQLXN,PdCCRnU
kl,kl,BquTQLXN,PdCCRnU
kl
kl
kl
kl,SOzTuG,PdCCRnU,kl,BquTQLXN
kl
kl,SOzTuG,PdCCRnU,kl,BquTQLXN
kl
SOzTuG,PdCCRnU,kl,BquTQLXN
SOzTuG
SOzTuG,PdCCRnU,kl,BquTQLXN,SOzTuG
SOzTuG,PdCCRnU,kl,BquTQLXN,SOzTuG
SOzTuG
SOzTuG
SOzTuG,PdCCRnU,kl,BquTQLXN,SOzTuG
SOzTuG
SOzTuG
SOzTuG,PdCCRnU,kl,BquTQLXN,SOzTuG,PdCCRnU
SOzTuG,PdCCRnU,kl,BquTQLXN,SOzTuG,PdCCRnU
SOzTuG,kl,BquTQLXN,SOzTuG,PdCCRnU
SOzTuG,kl,BquTQLXN,SOzTuG,PdCCRnU,PdCCRnU,PdCCRnU
SOzTuG,kl,BquTQLXN,SOzTuG,PdCCRnU,PdCCRnU,PdCCRnU
SOzTuG
SOzTuG
PdCCRnU
PdCCRnU
kl,BquTQLXN,PdCCRnU,PdCCRnU,SOzTuG,PdCCRnU,PdCCRnU
PdCCRnU
PdCCRnU
BquTQLXN
kl,BquTQLXN,SOzTuG,PdCCRnU,PdCCRnU,SOzTuG,PdCCRnU
BquTQLXN
kl,BquTQLXN,SOzTuG,PdCCRnU,PdCCRnU,SOzTuG,PdCCRnU
kl,BquTQLXN,SOzTuG,PdCCRnU,PdCCRnU,SOzTuG,PdCCRnU,bupPWmAW,kl,bupPWmAW
PdCCRnU
PdCCRnU
kl,BquTQLXN,SOzTuG,PdCCRnU,PdCCRnU,SOzTuG,PdCCRnU,bupPWmAW,kl,bupPWmAW,BquTQLXN
kl,BquTQLXN,SOzTuG,PdCCRnU,PdCCRnU,SOzTuG,PdCCRnU,bupPWmAW,kl,bupPWmAW,BquTQLXN
SOzTuG,PdCCRnU,PdCCRnU,SOzTuG,PdCCRnU,bupPWmAW,kl,bupPWmAW,BquTQLXN,PdCCRnU
PdCCRnU
SOzTuG
PdCCRnU
PdCCRnU
SOzTuG,PdCCRnU,PdCCRnU,SOzTuG,PdCCRnU,bupPWmAW,kl,bupPWmAW,BquTQLXN,PdCCRnU
BquTQLXN
BquTQLXN
SOzTuG,PdCCRnU,SOzTuG,PdCCRnU,bupPWmAW,bupPWmAW,BquTQLXN,DMWZ,kl,PdCCRnU,SOzTuG
SOzTuG,PdCCRnU,SOzTuG,PdCCRnU,bupPWmAW,bupPWmAW,BquTQLXN,kl,PdCCRnU,SOzTuG,kl
SOzTuG
SOzTuG
SOzTuG,SOzTuG,bupPWmAW,bupPWmAW,kl,PdCCRnU,SOzTuG,PdCCRnU,BquTQLXN,kl
SOzTuG,SOzTuG,bupPWmAW,bupPWmAW,kl,PdCCRnU,SOzTuG,PdCCRnU,BquTQLXN,kl
SOzTuG,SOzTuG,bupPWmAW,bupPWmAW,kl,PdCCRnU,SOzTuG,PdCCRnU,BquTQLXN,kl
SOzTuG,SOzTuG,bupPWmAW,bupPWmAW,kl,PdCCRnU,SOzTuG,PdCCRnU,BquTQLXN,kl
PdCCRnU
bupPWmAW
SOzTuG,bupPWmAW,BquTQLXN,kl,SOzTuG,PdCCRnU,bupPWmAW,kl,kl,bupPWmAW
SOzTuG,bupPWmAW,BquTQLXN,kl,SOzTuG,bupPWmAW,PdCCRnU,kl,kl,bupPWmAW
SOzTuG,bupPWmAW,BquTQLXN,kl,SOzTuG,bupPWmAW,PdCCRnU,kl,kl,bupPWmAW
SOzTuG
SOzTuG
bupPWmAW,BquTQLXN,kl,SOzTuG,bupPWmAW,PdCCRnU,SOzTuG,kl,kl,bupPWmAW
SOzTuG
SOzTuG
SOzTuG
SOzTuG
BquTQLXN,bupPWmAW,SOzTuG,kl,SOzTuG,kl,bupPWmAW,bupPWmAW
bupPWmAW
BquTQLXN,bupPWmAW,SOzTuG,kl,kl,bupPWmAW,SOzTuG,bupPWmAW
BquTQLXN,bupPWmAW,SOzTuG,SOzTuG,kl,kl,bupPWmAW,bupPWmAW
BquTQLXN,bupPWmAW,SOzTuG,SOzTuG,kl,kl,bupPWmAW,bupPWmAW,DMWZ
bupPWmAW
BquTQLXN,SOzTuG,kl,kl,bupPWmAW,bupPWmAW,PdCCRnU
bupPWmAW
bupPWmAW
bupPWmAW
SOzTuG,kl,kl,bupPWmAW,bupPWmAW,SOzTuG,SOzTuG,PdCCRnU,kl,PdCCRnU
bupPWmAW
bupPWmAW
SOzTuG,kl,kl,bupPWmAW,bupPWmAW,SOzTuG,PdCCRnU,kl,kl,PdCCRnU,bupPWmAW,PdCCRnU
SOzTuG
SOzTuG
SOzTuG
SOzTuG
SOzTuG
SOzTuG,kl,bupPWmAW,bupPWmAW,SOzTuG,kl,kl,kl,PdCCRnU,bupPWmAW,BquTQLXN,DMWZ
SOzTuG,bupPWmAW,bupPWmAW,SOzTuG,kl,kl,kl,kl,PdCCRnU,bupPWmAW,BquTQLXN,PdCCRnU,PdCCRnU
SOzTuG,bupPWmAW,bupPWmAW,SOzTuG,kl,kl,kl,kl,PdCCRnU,bupPWmAW,BquTQLXN,PdCCRnU,PdCCRnU
kl
SOzTuG,bupPWmAW,bupPWmAW,SOzTuG,kl,kl,kl,kl,PdCCRnU,bupPWmAW,BquTQLXN,PdCCRnU,PdCCRnU
kl
bupPWmAW,bupPWmAW,SOzTuG,kl,kl,kl,kl,bupPWmAW,BquTQLXN,PdCCRnU,PdCCRnU,bupPWmAW,DMWZ
bupPWmAW,bupPWmAW,kl,kl,kl,kl,bupPWmAW,BquTQLXN,PdCCRnU,PdCCRnU,bupPWmAW,DMWZ
bupPWmAW,bupPWmAW,SOzTuG,kl,BquTQLXN,kl,kl,kl,bupPWmAW,PdCCRnU,PdCCRnU,bupPWmAW,DMWZ
BquTQLXN
BquTQLXN
BquTQLXN
bupPWmAW,bupPWmAW,SOzTuG,kl,kl,kl,kl,bupPWmAW,BquTQLXN,PdCCRnU,PdCCRnU,bupPWmAW,DMWZ
BquTQLXN
bupPWmAW,bupPWmAW,SOzTuG,kl,kl,kl,kl,bupPWmAW,BquTQLXN,PdCCRnU,PdCCRnU,bupPWmAW,DMWZ,SOzTuG
kl
bupPWmAW,bupPWmAW,SOzTuG,kl,kl,kl,bupPWmAW,BquTQLXN,PdCCRnU,PdCCRnU,bupPWmAW,DMWZ,SOzTuG
bupPWmAW,bupPWmAW,SOzTuG,kl,kl,kl,bupPWmAW,BquTQLXN,PdCCRnU,PdCCRnU,bupPWmAW,DMWZ,SOzTuG
bupPWmAW,bupPWmAW,kl,kl,kl,bupPWmAW,BquTQLXN,PdCCRnU,bupPWmAW,DMWZ,SOzTuG
bupPWmAW,bupPWmAW,kl,kl,kl,bupPWmAW,BquTQLXN,PdCCRnU,bupPWmAW,DMWZ,SOzTuG
bupPWmAW
bupPWmAW,bupPWmAW,kl,kl,kl,bupPWmAW,BquTQLXN,PdCCRnU,bupPWmAW,DMWZ,SOzTuG
BquTQLXN
BquTQLXN
bupPWmAW,bupPWmAW,kl,kl,kl,bupPWmAW,PdCCRnU,bupPWmAW,SOzTuG,bupPWmAW,kl
PdCCRnU
bupPWmAW,bupPWmAW,kl,kl,kl,bupPWmAW,BquTQLXN,PdCCRnU,bupPWmAW,DMWZ,SOzTuG
bupPWmAW,bupPWmAW,kl,kl,kl,bupPWmAW,BquTQLXN,PdCCRnU,bupPWmAW,DMWZ
BquTQLXN
BquTQLXN
BquTQLXN
bupPWmAW,bupPWmAW,kl,kl,kl,bupPWmAW,BquTQLXN,PdCCRnU,bupPWmAW,DMWZ,SOzTuG
bupPWmAW,kl,kl,kl,bupPWmAW,BquTQLXN,SOzTuG,PdCCRnU,bupPWmAW,DMWZ,kl
BquTQLXN
BquTQLXN
BquTQLXN
BquTQLXN
BquTQLXN
kl
bupPWmAW,bupPWmAW,kl,kl,kl,bupPWmAW,BquTQLXN,PdCCRnU,bupPWmAW,DMWZ,SOzTuG,bupPWmAW
bupPWmAW,bupPWmAW,kl,kl,kl,bupPWmAW,BquTQLXN,PdCCRnU,bupPWmAW,DMWZ,SOzTuG,bupPWmAW
BquTQLXN
BquTQLXN
BquTQLXN
bupPWmAW,bupPWmAW,kl,kl,kl,bupPWmAW,BquTQLXN,PdCCRnU,bupPWmAW,SOzTuG,kl,DMWZ
BquTQLXN
bupPWmAW,bupPWmAW,kl,kl,kl,bupPWmAW,SOzTuG,BquTQLXN,PdCCRnU,bupPWmAW,DMWZ
BquTQLXN
bupPWmAW,bupPWmAW,kl,kl,kl,bupPWmAW,BquTQLXN,PdCCRnU,bupPWmAW,DMWZ,SOzTuG
bupPWmAW,bupPWmAW,kl,kl,kl,bupPWmAW,BquTQLXN,PdCCRnU,bupPWmAW,DMWZ,SOzTuG
bupPWmAW,bupPWmAW,kl,kl,kl,bupPWmAW,BquTQLXN,PdCCRnU,bupPWmAW,DMWZ,SOzTuG
bupPWmAW,bupPWmAW,kl,kl,kl,bupPWmAW,BquTQLXN,bupPWmAW,DMWZ,SOzTuG
bupPWmAW,bupPWmAW,kl,kl,kl,bupPWmAW,BquTQLXN,bupPWmAW,DMWZ,SOzTuG
bupPWmAW,bupPWmAW,kl,kl,kl,bupPWmAW,BquTQLXN,bupPWmAW,DMWZ,SOzTuG
BquTQLXN
bupPWmAW,bupPWmAW,kl,kl,kl,bupPWmAW,BquTQLXN,bupPWmAW,DMWZ,SOzTuG,SOzTuG
BquTQLXN
bupPWmAW,bupPWmAW,kl,kl,kl,bupPWmAW,BquTQLXN,bupPWmAW,DMWZ,SOzTuG
bupPWmAW,bupPWmAW,kl,kl,kl,bupPWmAW,BquTQLXN,bupPWmAW,DMWZ,SOzTuG
bupPWmAW
bupPWmAW,kl,kl,kl,bupPWmAW,BquTQLXN,bupPWmAW,bupPWmAW,DMWZ,SOzTuG
bupPWmAW
bupPWmAW,kl,kl,kl,bupPWmAW,BquTQLXN,bupPWmAW,bupPWmAW,PdCCRnU
bupPWmAW
bupPWmAW,kl,kl,bupPWmAW,BquTQLXN,bupPWmAW,bupPWmAW,PdCCRnU,kl,BquTQLXN,kl
bupPWmAW
bupPWmAW
bupPWmAW
bupPWmAW
bupPWmAW
bupPWmAW,kl,kl,kl,bupPWmAW,BquTQLXN,bupPWmAW,bupPWmAW,DMWZ
kl
bupPWmAW,bupPWmAW,BquTQLXN,bupPWmAW,bupPWmAW,kl,DMWZ,BquTQLXN,SOzTuG
BquTQLXN
bupPWmAW,bupPWmAW,BquTQLXN,bupPWmAW,bupPWmAW,kl,BquTQLXN,SOzTuG
bupPWmAW,bupPWmAW,BquTQLXN,bupPWmAW,bupPWmAW,kl,BquTQLXN,SOzTuG
SOzTuG
bupPWmAW,BquTQLXN,bupPWmAW,bupPWmAW,kl,BquTQLXN,SOzTuG,bupPWmAW
bupPWmAW,BquTQLXN,bupPWmAW,bupPWmAW,kl,BquTQLXN,SOzTuG,bupPWmAW
bupPWmAW,bupPWmAW,bupPWmAW,kl,BquTQLXN,SOzTuG,bupPWmAW
SOzTuG
SOzTuG
SOzTuG
bupPWmAW,bupPWmAW,BquTQLXN,bupPWmAW,bupPWmAW,kl,BquTQLXN,SOzTuG
bupPWmAW,kl,bupPWmAW,BquTQLXN,bupPWmAW,bupPWmAW,BquTQLXN,SOzTuG,kl,PdCCRnU
kl
bupPWmAW
bupPWmAW,kl,BquTQLXN,bupPWmAW,bupPWmAW,BquTQLXN,SOzTuG,kl,PdCCRnU
bupPWmAW,kl,BquTQLXN,bupPWmAW,bupPWmAW,BquTQLXN,SOzTuG,kl,PdCCRnU
bupPWmAW,kl,BquTQLXN,bupPWmAW,bupPWmAW,BquTQLXN,SOzTuG,kl,PdCCRnU
kl
bupPWmAW,kl,BquTQLXN,bupPWmAW,bupPWmAW,BquTQLXN,SOzTuG,kl,PdCCRnU,bupPWmAW
kl
Jedi Wagner, assuma o comando!