gaDGKZj
gaDGKZj,UMpxSZ,AegLNpKUA
Toque! Toque, Dijê!
AegLNpKUA
AegLNpKUA
AegLNpKUA
AegLNpKUA
ihXyzc
[vazia]
Toque! Toque, Dijê!
UMpxSZ
UMpxSZ
Toque! Toque, Dijê!
Toque! Toque, Dijê!
Toque! Toque, Dijê!
PbrwnEUC
PbrwnEUC
PbrwnEUC
Toque! Toque, Dijê!
PbrwnEUC,fH,AegLNpKUA,pDh
PbrwnEUC,fH,pDh,pDh
fH
PbrwnEUC,fH,pDh,pDh
PbrwnEUC,fH,pDh,pDh
PbrwnEUC,fH,AegLNpKUA,pDh
PbrwnEUC,fH,AegLNpKUA,pDh
PbrwnEUC,fH,AegLNpKUA,pDh
PbrwnEUC,fH,AegLNpKUA,pDh
pDh
pDh
pDh
PbrwnEUC,fH,AegLNpKUA,pDh
PbrwnEUC
PbrwnEUC,AegLNpKUA,pDh,fH
PbrwnEUC,AegLNpKUA,pDh,fH,PbrwnEUC
PbrwnEUC
PbrwnEUC
PbrwnEUC
PbrwnEUC
pDh,PbrwnEUC,AegLNpKUA,fH,PbrwnEUC,fH
AegLNpKUA,PbrwnEUC,fH,fH,PbrwnEUC
AegLNpKUA
AegLNpKUA,PbrwnEUC,fH,fH,PbrwnEUC
AegLNpKUA,PbrwnEUC,fH,fH,PbrwnEUC
AegLNpKUA
AegLNpKUA
AegLNpKUA,PbrwnEUC,fH,fH,PbrwnEUC
AegLNpKUA
PbrwnEUC
PbrwnEUC
PbrwnEUC
PbrwnEUC
PbrwnEUC,AegLNpKUA,pDh,fH
pDh
pDh,PbrwnEUC,AegLNpKUA,fH
pDh
pDh
pDh,PbrwnEUC,AegLNpKUA,fH
PbrwnEUC,AegLNpKUA,pDh,fH
AegLNpKUA
AegLNpKUA
PbrwnEUC,ihXyzc,AegLNpKUA,pDh,fH,UMpxSZ,AegLNpKUA,AegLNpKUA
PbrwnEUC,ihXyzc,AegLNpKUA,pDh,fH,UMpxSZ,AegLNpKUA,AegLNpKUA,pDh,ihXyzc
PbrwnEUC,ihXyzc,AegLNpKUA,pDh,fH,UMpxSZ,AegLNpKUA,AegLNpKUA,pDh,ihXyzc,UMpxSZ
PbrwnEUC,ihXyzc,AegLNpKUA,pDh,fH,UMpxSZ,AegLNpKUA,AegLNpKUA,pDh,ihXyzc,UMpxSZ
PbrwnEUC,ihXyzc,AegLNpKUA,pDh,fH,UMpxSZ,AegLNpKUA,AegLNpKUA,pDh,ihXyzc,UMpxSZ
ihXyzc,AegLNpKUA,pDh,fH,AegLNpKUA,AegLNpKUA,pDh,ihXyzc,UMpxSZ,PbrwnEUC
ihXyzc
ihXyzc
pDh
pDh,PbrwnEUC,ihXyzc,fH,AegLNpKUA,AegLNpKUA,AegLNpKUA,pDh,ihXyzc,UMpxSZ,gaDGKZj
pDh
pDh,PbrwnEUC,ihXyzc,fH,AegLNpKUA,AegLNpKUA,AegLNpKUA,pDh,ihXyzc,UMpxSZ,gaDGKZj
pDh,PbrwnEUC,ihXyzc,fH,AegLNpKUA,AegLNpKUA,AegLNpKUA,pDh,ihXyzc,UMpxSZ,gaDGKZj
pDh
pDh
AegLNpKUA
PbrwnEUC,AegLNpKUA,pDh,fH,UMpxSZ,ihXyzc,PbrwnEUC
AegLNpKUA
PbrwnEUC,fH,AegLNpKUA,UMpxSZ,ihXyzc
PbrwnEUC,ihXyzc,AegLNpKUA,pDh,fH,UMpxSZ,pDh
ihXyzc
PbrwnEUC,ihXyzc,AegLNpKUA,pDh,fH,UMpxSZ,pDh
AegLNpKUA
pDh
pDh
pDh
PbrwnEUC,AegLNpKUA,pDh,fH,UMpxSZ,pDh,gaDGKZj,gaDGKZj
PbrwnEUC,AegLNpKUA,pDh,fH,UMpxSZ,pDh,gaDGKZj,gaDGKZj
pDh
PbrwnEUC,pDh,AegLNpKUA,fH,UMpxSZ,pDh,gaDGKZj,gaDGKZj,gaDGKZj
pDh
PbrwnEUC,pDh,AegLNpKUA,fH,pDh,gaDGKZj,gaDGKZj,gaDGKZj
PbrwnEUC,pDh,AegLNpKUA,fH,pDh,gaDGKZj,gaDGKZj,gaDGKZj
PbrwnEUC,ihXyzc,AegLNpKUA,pDh,fH,UMpxSZ,pDh
pDh
pDh
PbrwnEUC,ihXyzc,AegLNpKUA,pDh,fH,UMpxSZ,pDh,UMpxSZ,ihXyzc
pDh
AegLNpKUA,pDh,UMpxSZ,PbrwnEUC,pDh,UMpxSZ,fH
AegLNpKUA,pDh,UMpxSZ,PbrwnEUC,pDh,UMpxSZ,fH
AegLNpKUA,pDh,UMpxSZ,PbrwnEUC,pDh,UMpxSZ,fH,fH
pDh
pDh,PbrwnEUC,fH,pDh,UMpxSZ,PbrwnEUC
pDh,fH,pDh,UMpxSZ,PbrwnEUC
UMpxSZ
UMpxSZ
UMpxSZ,pDh,fH,pDh,PbrwnEUC,ihXyzc,fH,ihXyzc
UMpxSZ,pDh,fH,pDh,PbrwnEUC,ihXyzc,fH,ihXyzc
UMpxSZ,pDh,PbrwnEUC,fH,pDh,ihXyzc,fH,ihXyzc
UMpxSZ,pDh,fH,pDh,PbrwnEUC,ihXyzc,fH,ihXyzc
pDh
pDh
UMpxSZ,pDh,fH,pDh,PbrwnEUC,ihXyzc,fH,ihXyzc,UMpxSZ,fH,AegLNpKUA
fH
UMpxSZ,pDh,fH,pDh,PbrwnEUC,ihXyzc,fH,ihXyzc,UMpxSZ,fH,AegLNpKUA
pDh
pDh,fH,UMpxSZ,pDh,PbrwnEUC,ihXyzc,fH,ihXyzc,UMpxSZ,fH,AegLNpKUA
UMpxSZ
AegLNpKUA
pDh
AegLNpKUA,pDh,fH,pDh,PbrwnEUC,ihXyzc,fH,ihXyzc,UMpxSZ,fH,UMpxSZ
AegLNpKUA,pDh,fH,pDh,PbrwnEUC,ihXyzc,fH,ihXyzc,UMpxSZ,fH,UMpxSZ
fH,AegLNpKUA,pDh,pDh,PbrwnEUC,ihXyzc,fH,ihXyzc,UMpxSZ,fH,UMpxSZ,AegLNpKUA
PbrwnEUC
PbrwnEUC
PbrwnEUC
PbrwnEUC
AegLNpKUA,pDh,pDh,PbrwnEUC,ihXyzc,fH,ihXyzc,UMpxSZ,fH,UMpxSZ,AegLNpKUA,gaDGKZj,ihXyzc
ihXyzc
ihXyzc
AegLNpKUA,pDh,pDh,PbrwnEUC,ihXyzc,fH,ihXyzc,fH,UMpxSZ,AegLNpKUA,gaDGKZj,ihXyzc,PbrwnEUC,ihXyzc,pDh
AegLNpKUA,pDh,pDh,PbrwnEUC,ihXyzc,fH,ihXyzc,fH,UMpxSZ,AegLNpKUA,gaDGKZj,ihXyzc,PbrwnEUC,ihXyzc,pDh
PbrwnEUC
ihXyzc
AegLNpKUA,pDh,pDh,PbrwnEUC,fH,ihXyzc,fH,UMpxSZ,AegLNpKUA,gaDGKZj,ihXyzc,ihXyzc,pDh,fH
pDh,pDh,PbrwnEUC,fH,ihXyzc,fH,UMpxSZ,AegLNpKUA,gaDGKZj,ihXyzc,ihXyzc,pDh,fH
ihXyzc
ihXyzc
pDh,pDh,PbrwnEUC,fH,ihXyzc,fH,UMpxSZ,AegLNpKUA,gaDGKZj,ihXyzc,ihXyzc,pDh,fH
fH
ihXyzc
gaDGKZj
AegLNpKUA,pDh,pDh,PbrwnEUC,fH,gaDGKZj,UMpxSZ,fH,AegLNpKUA,ihXyzc,ihXyzc,pDh,fH,pDh
gaDGKZj
gaDGKZj
fH
AegLNpKUA,pDh,pDh,ihXyzc,gaDGKZj,fH,fH,UMpxSZ,AegLNpKUA,ihXyzc,ihXyzc,pDh,fH
fH
AegLNpKUA,pDh,pDh,fH,ihXyzc,gaDGKZj,fH,UMpxSZ,AegLNpKUA,ihXyzc,ihXyzc,pDh,fH,gaDGKZj
fH
fH
AegLNpKUA,pDh,pDh,fH,ihXyzc,gaDGKZj,fH,UMpxSZ,AegLNpKUA,ihXyzc,ihXyzc,pDh,fH,gaDGKZj,UMpxSZ,UMpxSZ
AegLNpKUA,pDh,pDh,fH,ihXyzc,gaDGKZj,fH,UMpxSZ,AegLNpKUA,ihXyzc,ihXyzc,pDh,fH,gaDGKZj,UMpxSZ,UMpxSZ
UMpxSZ
AegLNpKUA,pDh,fH,ihXyzc,fH,UMpxSZ,AegLNpKUA,ihXyzc,ihXyzc,pDh,fH,gaDGKZj,UMpxSZ,ihXyzc
UMpxSZ
AegLNpKUA,pDh,fH,ihXyzc,gaDGKZj,fH,UMpxSZ,AegLNpKUA,ihXyzc,ihXyzc,pDh,fH,gaDGKZj,UMpxSZ,ihXyzc
UMpxSZ
AegLNpKUA
ihXyzc
fH,UMpxSZ,ihXyzc,pDh,AegLNpKUA,ihXyzc,ihXyzc,pDh,fH,gaDGKZj,ihXyzc,ihXyzc
AegLNpKUA
fH
gaDGKZj,fH,pDh,ihXyzc,ihXyzc,pDh,fH,ihXyzc,ihXyzc
ihXyzc
ihXyzc
pDh,gaDGKZj,ihXyzc,ihXyzc,pDh,ihXyzc,ihXyzc,AegLNpKUA
pDh,gaDGKZj,ihXyzc,ihXyzc,pDh,ihXyzc,ihXyzc,AegLNpKUA
ihXyzc
pDh,gaDGKZj,ihXyzc,ihXyzc,pDh,ihXyzc,ihXyzc,AegLNpKUA,PbrwnEUC,PbrwnEUC
ihXyzc
ihXyzc
ihXyzc,ihXyzc,pDh,ihXyzc,pDh,ihXyzc,AegLNpKUA,PbrwnEUC,fH
ihXyzc
ihXyzc,ihXyzc,pDh,ihXyzc,pDh,ihXyzc,AegLNpKUA,PbrwnEUC,fH
ihXyzc,pDh,ihXyzc,pDh,ihXyzc,ihXyzc,AegLNpKUA,PbrwnEUC,fH
pDh
AegLNpKUA
ihXyzc,pDh,ihXyzc,AegLNpKUA,pDh,ihXyzc,ihXyzc,fH
AegLNpKUA
ihXyzc,pDh,ihXyzc,AegLNpKUA,pDh,ihXyzc,ihXyzc,PbrwnEUC,fH
fH
ihXyzc,pDh,ihXyzc,fH,AegLNpKUA,pDh,ihXyzc,ihXyzc,PbrwnEUC
ihXyzc,pDh,ihXyzc,fH,AegLNpKUA,pDh,ihXyzc,ihXyzc,PbrwnEUC
ihXyzc,pDh,ihXyzc,fH,AegLNpKUA,pDh,ihXyzc,ihXyzc,PbrwnEUC
pDh
pDh
ihXyzc,ihXyzc,pDh,ihXyzc,pDh,ihXyzc,AegLNpKUA,PbrwnEUC,fH
AegLNpKUA
pDh
ihXyzc,ihXyzc,pDh,ihXyzc,pDh,AegLNpKUA,ihXyzc,PbrwnEUC,fH
ihXyzc,pDh,ihXyzc,pDh,ihXyzc,AegLNpKUA,PbrwnEUC,fH,gaDGKZj,ihXyzc
ihXyzc,ihXyzc,pDh,ihXyzc,pDh,ihXyzc,AegLNpKUA,PbrwnEUC,fH
ihXyzc
pDh
PbrwnEUC
pDh,ihXyzc,pDh,ihXyzc,AegLNpKUA,PbrwnEUC,ihXyzc,fH
PbrwnEUC
ihXyzc,pDh,ihXyzc,pDh,ihXyzc,AegLNpKUA,PbrwnEUC,ihXyzc,fH
ihXyzc,pDh,ihXyzc,pDh,ihXyzc,AegLNpKUA,PbrwnEUC,ihXyzc,fH
PbrwnEUC
PbrwnEUC
PbrwnEUC
ihXyzc,ihXyzc,pDh,ihXyzc,AegLNpKUA,PbrwnEUC,ihXyzc,fH
ihXyzc,ihXyzc,pDh,ihXyzc,pDh,ihXyzc,AegLNpKUA,PbrwnEUC,fH
PbrwnEUC
ihXyzc,ihXyzc,pDh,ihXyzc,pDh,ihXyzc,AegLNpKUA,PbrwnEUC,fH
PbrwnEUC
ihXyzc,ihXyzc,pDh,ihXyzc,AegLNpKUA,PbrwnEUC,fH
ihXyzc,ihXyzc,pDh,ihXyzc,AegLNpKUA,PbrwnEUC,fH
PbrwnEUC
ihXyzc,ihXyzc,pDh,ihXyzc,pDh,ihXyzc,AegLNpKUA,PbrwnEUC,fH,gaDGKZj
ihXyzc,ihXyzc,pDh,ihXyzc,pDh,ihXyzc,AegLNpKUA,PbrwnEUC,fH
PbrwnEUC
ihXyzc,ihXyzc,ihXyzc,pDh,ihXyzc,AegLNpKUA,AegLNpKUA,pDh
AegLNpKUA
ihXyzc,ihXyzc,ihXyzc,pDh,ihXyzc,AegLNpKUA,AegLNpKUA,pDh,PbrwnEUC
AegLNpKUA
Jedi Wagner, assuma o comando!