[vazia]
Toque! Toque, Dijê!
[vazia]
GayPJDq
GayPJDq
obVqms
obVqms
obVqms
Toque! Toque, Dijê!
Toque! Toque, Dijê!
Toque! Toque, Dijê!
[vazia]
[vazia]
[vazia]
Toque! Toque, Dijê!
[vazia]
GayPJDq
GayPJDq
[vazia]
[vazia]
[vazia]
Toque! Toque, Dijê!
[vazia]
Toque! Toque, Dijê!
Toque! Toque, Dijê!
WutecSPcQZ
WutecSPcQZ
KqUXmYYk
KqUXmYYk
KqUXmYYk
Toque! Toque, Dijê!
[vazia]
Toque! Toque, Dijê!
Toque! Toque, Dijê!
[vazia]
[vazia]
[vazia]
GayPJDq
GayPJDq
GayPJDq
GayPJDq
GayPJDq
GayPJDq
GayPJDq
GayPJDq,KqUXmYYk
GayPJDq
GayPJDq
GayPJDq,KqUXmYYk
GayPJDq,KqUXmYYk,r
GayPJDq,KqUXmYYk,r,huwC,r
GayPJDq,KqUXmYYk
GayPJDq
GayPJDq,KqUXmYYk
GayPJDq,KqUXmYYk
GayPJDq
KqUXmYYk
KqUXmYYk
KqUXmYYk
GayPJDq
GayPJDq
GayPJDq
GayPJDq
GayPJDq
GayPJDq
GayPJDq
GayPJDq
GayPJDq,WutecSPcQZ
GayPJDq
GayPJDq,WutecSPcQZ
GayPJDq,WutecSPcQZ
WutecSPcQZ
WutecSPcQZ
GayPJDq,WutecSPcQZ,HjjDnNJZ
GayPJDq
GayPJDq,PpYYa
GayPJDq
WutecSPcQZ,huwC
WutecSPcQZ,huwC
WutecSPcQZ,huwC
WutecSPcQZ
WutecSPcQZ
WutecSPcQZ,PpYYa,GayPJDq
PpYYa
WutecSPcQZ,PpYYa,GayPJDq
PpYYa
WutecSPcQZ,PpYYa,GayPJDq,obVqms
WutecSPcQZ,PpYYa,GayPJDq,obVqms,HjjDnNJZ
WutecSPcQZ,PpYYa,obVqms,HjjDnNJZ,WutecSPcQZ,ID,GayPJDq,HjjDnNJZ
obVqms
r
obVqms
WutecSPcQZ,PpYYa,obVqms,WutecSPcQZ,ID,obVqms
obVqms
obVqms
obVqms
obVqms
obVqms
WutecSPcQZ,obVqms,HjjDnNJZ,PpYYa,WutecSPcQZ,ID,GayPJDq
WutecSPcQZ,obVqms,HjjDnNJZ,PpYYa,WutecSPcQZ,ID,GayPJDq
WutecSPcQZ,obVqms,HjjDnNJZ,PpYYa,WutecSPcQZ,ID,GayPJDq
HjjDnNJZ
WutecSPcQZ,PpYYa,obVqms,HjjDnNJZ,WutecSPcQZ,ID,GayPJDq
WutecSPcQZ,PpYYa,obVqms,HjjDnNJZ,WutecSPcQZ,ID,GayPJDq
WutecSPcQZ,obVqms,HjjDnNJZ,ID,WutecSPcQZ,GayPJDq
WutecSPcQZ,PpYYa,obVqms,HjjDnNJZ,ID,WutecSPcQZ,GayPJDq,huwC
HjjDnNJZ
WutecSPcQZ,PpYYa,obVqms,HjjDnNJZ,huwC,ID,WutecSPcQZ,GayPJDq
WutecSPcQZ,PpYYa,obVqms,HjjDnNJZ,ID,WutecSPcQZ,GayPJDq,huwC
HjjDnNJZ
HjjDnNJZ
HjjDnNJZ
HjjDnNJZ
PpYYa,obVqms,HjjDnNJZ,GayPJDq,WutecSPcQZ,ID,WutecSPcQZ,huwC,WutecSPcQZ,PpYYa
obVqms,HjjDnNJZ,PpYYa,WutecSPcQZ,ID,GayPJDq
obVqms,HjjDnNJZ,PpYYa,WutecSPcQZ,ID,GayPJDq
PpYYa
PpYYa
obVqms,HjjDnNJZ,PpYYa,WutecSPcQZ,ID,GayPJDq,WutecSPcQZ
obVqms,HjjDnNJZ,PpYYa,WutecSPcQZ,ID,GayPJDq,WutecSPcQZ
obVqms,HjjDnNJZ,PpYYa,WutecSPcQZ,ID,GayPJDq,WutecSPcQZ
PpYYa
obVqms,PpYYa,WutecSPcQZ,HjjDnNJZ,ID,GayPJDq,WutecSPcQZ,PpYYa
obVqms,PpYYa,WutecSPcQZ,HjjDnNJZ,ID,GayPJDq,WutecSPcQZ,PpYYa
HjjDnNJZ
WutecSPcQZ,PpYYa,obVqms,HjjDnNJZ,WutecSPcQZ,ID,GayPJDq,obVqms
WutecSPcQZ,PpYYa,obVqms,HjjDnNJZ,WutecSPcQZ,ID,GayPJDq,obVqms
WutecSPcQZ,PpYYa,obVqms,HjjDnNJZ,WutecSPcQZ,ID,GayPJDq,obVqms
WutecSPcQZ
WutecSPcQZ,PpYYa,obVqms,HjjDnNJZ,WutecSPcQZ,ID,GayPJDq,obVqms
ID
ID
WutecSPcQZ,PpYYa,HjjDnNJZ,WutecSPcQZ,obVqms,ID,obVqms,huwC
HjjDnNJZ
GayPJDq
GayPJDq
WutecSPcQZ,PpYYa,HjjDnNJZ,WutecSPcQZ,ID,GayPJDq,obVqms
WutecSPcQZ,PpYYa,HjjDnNJZ,WutecSPcQZ,ID,GayPJDq,obVqms,PpYYa
GayPJDq
WutecSPcQZ,PpYYa,HjjDnNJZ,WutecSPcQZ,GayPJDq,obVqms,PpYYa
GayPJDq
WutecSPcQZ,HjjDnNJZ,WutecSPcQZ,GayPJDq,obVqms,PpYYa
GayPJDq
WutecSPcQZ,HjjDnNJZ,WutecSPcQZ,obVqms,GayPJDq,PpYYa
WutecSPcQZ,HjjDnNJZ,WutecSPcQZ,obVqms,GayPJDq,PpYYa
GayPJDq
WutecSPcQZ,PpYYa,HjjDnNJZ,WutecSPcQZ,ID,GayPJDq,obVqms
WutecSPcQZ,PpYYa,HjjDnNJZ,WutecSPcQZ,ID,GayPJDq,obVqms
WutecSPcQZ,PpYYa,HjjDnNJZ,WutecSPcQZ,ID,GayPJDq,obVqms
WutecSPcQZ,PpYYa,HjjDnNJZ,WutecSPcQZ,ID,GayPJDq
WutecSPcQZ
WutecSPcQZ
WutecSPcQZ
WutecSPcQZ,ID,PpYYa,HjjDnNJZ,WutecSPcQZ,GayPJDq
WutecSPcQZ
WutecSPcQZ
WutecSPcQZ
WutecSPcQZ,PpYYa,HjjDnNJZ,WutecSPcQZ,ID,GayPJDq
WutecSPcQZ
WutecSPcQZ
WutecSPcQZ
WutecSPcQZ
WutecSPcQZ,GayPJDq,PpYYa,WutecSPcQZ,WutecSPcQZ,GayPJDq,r,KqUXmYYk
WutecSPcQZ,GayPJDq,PpYYa,WutecSPcQZ,WutecSPcQZ,GayPJDq,r,KqUXmYYk
WutecSPcQZ
WutecSPcQZ,GayPJDq,PpYYa,WutecSPcQZ,WutecSPcQZ,GayPJDq,r,KqUXmYYk
WutecSPcQZ
WutecSPcQZ
WutecSPcQZ,PpYYa,WutecSPcQZ,ID,GayPJDq
WutecSPcQZ,PpYYa,WutecSPcQZ,ID,GayPJDq
GayPJDq
WutecSPcQZ
WutecSPcQZ,PpYYa,HjjDnNJZ,WutecSPcQZ,ID,GayPJDq,obVqms
WutecSPcQZ,obVqms,PpYYa,HjjDnNJZ,WutecSPcQZ,ID,GayPJDq
WutecSPcQZ,obVqms,PpYYa,WutecSPcQZ,GayPJDq
WutecSPcQZ,PpYYa,HjjDnNJZ,WutecSPcQZ,ID,GayPJDq
WutecSPcQZ,PpYYa,HjjDnNJZ,WutecSPcQZ,ID,GayPJDq
WutecSPcQZ,PpYYa,HjjDnNJZ,WutecSPcQZ,ID,GayPJDq,PpYYa,ID
WutecSPcQZ,PpYYa,HjjDnNJZ,WutecSPcQZ,ID,GayPJDq
WutecSPcQZ,PpYYa,HjjDnNJZ,WutecSPcQZ,GayPJDq
WutecSPcQZ,PpYYa,HjjDnNJZ,WutecSPcQZ,GayPJDq
WutecSPcQZ,PpYYa,HjjDnNJZ,WutecSPcQZ,GayPJDq
WutecSPcQZ,PpYYa,HjjDnNJZ,WutecSPcQZ,GayPJDq,r
WutecSPcQZ,PpYYa,HjjDnNJZ,WutecSPcQZ,GayPJDq,r
WutecSPcQZ,PpYYa,GayPJDq,r,WutecSPcQZ
HjjDnNJZ
WutecSPcQZ,PpYYa,HjjDnNJZ,WutecSPcQZ,ID,GayPJDq
WutecSPcQZ
ID
ID,WutecSPcQZ,PpYYa,HjjDnNJZ,WutecSPcQZ,GayPJDq,PpYYa
ID,WutecSPcQZ,PpYYa,HjjDnNJZ,WutecSPcQZ,GayPJDq,PpYYa
WutecSPcQZ
WutecSPcQZ
WutecSPcQZ
WutecSPcQZ,PpYYa,HjjDnNJZ,WutecSPcQZ,ID,GayPJDq,WutecSPcQZ,GayPJDq
WutecSPcQZ
ID
ID,WutecSPcQZ,HjjDnNJZ,WutecSPcQZ,GayPJDq,WutecSPcQZ,GayPJDq,PpYYa,GayPJDq
ID
WutecSPcQZ,PpYYa,HjjDnNJZ,WutecSPcQZ,ID,GayPJDq
WutecSPcQZ
WutecSPcQZ
HjjDnNJZ,WutecSPcQZ,PpYYa,WutecSPcQZ,ID,GayPJDq
HjjDnNJZ,WutecSPcQZ,PpYYa,WutecSPcQZ,ID,GayPJDq
HjjDnNJZ
HjjDnNJZ
WutecSPcQZ
WutecSPcQZ
Jedi Wagner, assuma o comando!