[vazia]
[vazia]
[vazia]
[vazia]
[vazia]
YhJq
YhJq
YhJq
YhJq,YhJq
YhJq
YhJq,YhJq
YhJq,YhJq
YhJq
YhJq
Toque! Toque, Dijê!
Toque! Toque, Dijê!
YhJq
YhJq,YhJq,YhJq,YhJq,YhJq
YhJq
YhJq,YhJq,YhJq,YhJq,YhJq
YhJq
YhJq,YhJq,YhJq,YhJq,YhJq
YhJq
YhJq,YhJq,YhJq,YhJq,YhJq
YhJq,YhJq,YhJq,YhJq
YhJq,YhJq,YhJq,YhJq,YhJq
YhJq,YhJq,YhJq,YhJq,YhJq
YhJq,YhJq,YhJq,YhJq,YhJq
YhJq,YhJq,YhJq,YhJq,YhJq
YhJq
YhJq
YhJq
YhJq
YhJq,YhJq,YhJq,YhJq,YhJq,YhJq
YhJq,YhJq,YhJq
YhJq,YhJq,YhJq
YhJq,YhJq,YhJq
YhJq
YhJq,YhJq,YhJq,YhJq,YhJq,YhJq
YhJq
YhJq,YhJq,YhJq,YhJq,YhJq
YhJq,YhJq,YhJq,YhJq,YhJq
YhJq
YhJq
YhJq,YhJq,YhJq,YhJq,YhJq,YhJq
YhJq,YhJq,YhJq,YhJq,YhJq,YhJq,YhJq
YhJq,YhJq,YhJq,YhJq,YhJq,YhJq,YhJq,YhJq
YhJq,YhJq,YhJq,YhJq,YhJq,YhJq,YhJq,YhJq
YhJq,YhJq,YhJq,YhJq,YhJq,YhJq,YhJq
YhJq
YhJq
YhJq,YhJq,YhJq,YhJq,YhJq,YhJq
YhJq,YhJq,YhJq,YhJq,YhJq
YhJq
Jedi Wagner, assuma o comando!