rOlroT,rOlroT
rOlroT
[vazia]
Toque! Toque, Dijê!
Toque! Toque, Dijê!
Toque! Toque, Dijê!
Toque! Toque, Dijê!
Toque! Toque, Dijê!
rOlroT
rOlroT
rOlroT
rOlroT
rOlroT
rOlroT
rOlroT
rOlroT
rOlroT,rOlroT,YlLTU
rOlroT,rOlroT,YlLTU,PEjwvkBFbY,rOlroT,PEjwvkBFbY,bOt
rOlroT,rOlroT,YlLTU,PEjwvkBFbY,rOlroT,PEjwvkBFbY,bOt
rOlroT
rOlroT,rOlroT,YlLTU,PEjwvkBFbY,rOlroT,PEjwvkBFbY,bOt
rOlroT,rOlroT,YlLTU,PEjwvkBFbY,rOlroT,PEjwvkBFbY,bOt
rOlroT
rOlroT,rOlroT,rOlroT,YlLTU,PEjwvkBFbY,bOt
rOlroT,rOlroT,rOlroT,YlLTU,PEjwvkBFbY,bOt
rOlroT,rOlroT,rOlroT,YlLTU,PEjwvkBFbY,bOt
rOlroT,rOlroT,rOlroT,YlLTU,PEjwvkBFbY,bOt
PEjwvkBFbY
PEjwvkBFbY
rOlroT,rOlroT,rOlroT,YlLTU,PEjwvkBFbY,bOt,PEjwvkBFbY
rOlroT,rOlroT,rOlroT,YlLTU,PEjwvkBFbY,bOt,PEjwvkBFbY
rOlroT,rOlroT,rOlroT,YlLTU,PEjwvkBFbY,bOt,PEjwvkBFbY,oMWABmNo
rOlroT,rOlroT,rOlroT,YlLTU,PEjwvkBFbY,bOt,PEjwvkBFbY,oMWABmNo
rOlroT
rOlroT,rOlroT,rOlroT,YlLTU,PEjwvkBFbY,bOt,PEjwvkBFbY,oMWABmNo
rOlroT,rOlroT,rOlroT,YlLTU,PEjwvkBFbY,bOt,PEjwvkBFbY,oMWABmNo
rOlroT,rOlroT,rOlroT,YlLTU,PEjwvkBFbY,bOt,PEjwvkBFbY,oMWABmNo,PEjwvkBFbY,UMqRjomy
YlLTU
YlLTU,rOlroT,oMWABmNo,rOlroT,PEjwvkBFbY,PEjwvkBFbY,PEjwvkBFbY,UMqRjomy
UMqRjomy,oMWABmNo,YlLTU,rOlroT,rOlroT,PEjwvkBFbY,PEjwvkBFbY,PEjwvkBFbY
UMqRjomy
UMqRjomy
PEjwvkBFbY
PEjwvkBFbY,oMWABmNo,rOlroT,rOlroT,PEjwvkBFbY,PEjwvkBFbY,PEjwvkBFbY,YlLTU
PEjwvkBFbY
PEjwvkBFbY,rOlroT,rOlroT,PEjwvkBFbY,PEjwvkBFbY,PEjwvkBFbY
PEjwvkBFbY,UMqRjomy,oMWABmNo,rOlroT,rOlroT,PEjwvkBFbY,PEjwvkBFbY,PEjwvkBFbY
rOlroT,rOlroT,rOlroT,YlLTU,PEjwvkBFbY,bOt,PEjwvkBFbY,oMWABmNo,PEjwvkBFbY,UMqRjomy
rOlroT
rOlroT
rOlroT,rOlroT,rOlroT,YlLTU,PEjwvkBFbY,bOt,PEjwvkBFbY,oMWABmNo,PEjwvkBFbY,UMqRjomy
rOlroT,rOlroT,rOlroT,PEjwvkBFbY,bOt,YlLTU,PEjwvkBFbY,oMWABmNo,PEjwvkBFbY,UMqRjomy,oMWABmNo,PEjwvkBFbY
YlLTU
rOlroT,rOlroT,rOlroT,YlLTU,PEjwvkBFbY,bOt,PEjwvkBFbY,oMWABmNo,PEjwvkBFbY,UMqRjomy,PEjwvkBFbY
YlLTU
YlLTU
rOlroT,rOlroT,rOlroT,PEjwvkBFbY,YlLTU,bOt,PEjwvkBFbY,oMWABmNo,PEjwvkBFbY,UMqRjomy
rOlroT,rOlroT,rOlroT,PEjwvkBFbY,YlLTU,bOt,PEjwvkBFbY,oMWABmNo,PEjwvkBFbY,UMqRjomy
PEjwvkBFbY
YlLTU
rOlroT,rOlroT,rOlroT,YlLTU,PEjwvkBFbY,bOt,PEjwvkBFbY,oMWABmNo,PEjwvkBFbY
rOlroT,rOlroT,rOlroT,YlLTU,PEjwvkBFbY,bOt,PEjwvkBFbY,oMWABmNo,PEjwvkBFbY
YlLTU
YlLTU
bOt
bOt
rOlroT,rOlroT,rOlroT,YlLTU,PEjwvkBFbY,bOt,PEjwvkBFbY,oMWABmNo,PEjwvkBFbY,PEjwvkBFbY,UMqRjomy,nWFU,PEjwvkBFbY
rOlroT,rOlroT,rOlroT,YlLTU,PEjwvkBFbY,PEjwvkBFbY,bOt,oMWABmNo,PEjwvkBFbY,PEjwvkBFbY,nWFU,PEjwvkBFbY,UMqRjomy,PEjwvkBFbY
rOlroT,rOlroT,rOlroT,YlLTU,PEjwvkBFbY,bOt,PEjwvkBFbY,oMWABmNo,PEjwvkBFbY,PEjwvkBFbY,nWFU,PEjwvkBFbY,UMqRjomy,PEjwvkBFbY
oMWABmNo
rOlroT,rOlroT,rOlroT,bOt,YlLTU,CmJAlpT,nWFU,PEjwvkBFbY,PEjwvkBFbY,PEjwvkBFbY,PEjwvkBFbY,UMqRjomy,PEjwvkBFbY,UMqRjomy
rOlroT,rOlroT,rOlroT,bOt,YlLTU,CmJAlpT,nWFU,PEjwvkBFbY,PEjwvkBFbY,PEjwvkBFbY,PEjwvkBFbY,UMqRjomy,PEjwvkBFbY,UMqRjomy
rOlroT,rOlroT,rOlroT,bOt,YlLTU,CmJAlpT,PEjwvkBFbY,nWFU,PEjwvkBFbY,PEjwvkBFbY,PEjwvkBFbY,UMqRjomy,PEjwvkBFbY,UMqRjomy
rOlroT,rOlroT,rOlroT,bOt,YlLTU,CmJAlpT,PEjwvkBFbY,nWFU,PEjwvkBFbY,PEjwvkBFbY,PEjwvkBFbY,UMqRjomy,PEjwvkBFbY,UMqRjomy
PEjwvkBFbY
rOlroT,rOlroT,rOlroT,YlLTU,CmJAlpT,PEjwvkBFbY,nWFU,PEjwvkBFbY,PEjwvkBFbY,PEjwvkBFbY,UMqRjomy,PEjwvkBFbY,UMqRjomy,nWFU,PEjwvkBFbY
PEjwvkBFbY
rOlroT,rOlroT,rOlroT,YlLTU,PEjwvkBFbY,nWFU,PEjwvkBFbY,PEjwvkBFbY,PEjwvkBFbY,UMqRjomy,PEjwvkBFbY,UMqRjomy,nWFU,PEjwvkBFbY
PEjwvkBFbY
PEjwvkBFbY
PEjwvkBFbY
PEjwvkBFbY
rOlroT,rOlroT,rOlroT,bOt,YlLTU,PEjwvkBFbY,nWFU,PEjwvkBFbY,PEjwvkBFbY,PEjwvkBFbY,UMqRjomy,PEjwvkBFbY,UMqRjomy
rOlroT,rOlroT,rOlroT,bOt,YlLTU,PEjwvkBFbY,nWFU,PEjwvkBFbY,PEjwvkBFbY,PEjwvkBFbY,UMqRjomy,PEjwvkBFbY,UMqRjomy
PEjwvkBFbY
PEjwvkBFbY
PEjwvkBFbY
rOlroT,rOlroT,rOlroT,bOt,YlLTU,CmJAlpT,nWFU,PEjwvkBFbY,PEjwvkBFbY,PEjwvkBFbY,PEjwvkBFbY,UMqRjomy,PEjwvkBFbY,UMqRjomy
PEjwvkBFbY
rOlroT,rOlroT,bOt,YlLTU,PEjwvkBFbY,PEjwvkBFbY,CmJAlpT,nWFU,PEjwvkBFbY,PEjwvkBFbY,PEjwvkBFbY,UMqRjomy
PEjwvkBFbY
PEjwvkBFbY
PEjwvkBFbY
rOlroT,rOlroT,rOlroT,bOt,YlLTU,CmJAlpT,PEjwvkBFbY,nWFU,PEjwvkBFbY,PEjwvkBFbY,PEjwvkBFbY,UMqRjomy,PEjwvkBFbY,UMqRjomy
PEjwvkBFbY
rOlroT,rOlroT,rOlroT,YlLTU,PEjwvkBFbY,nWFU,PEjwvkBFbY,PEjwvkBFbY,PEjwvkBFbY,CmJAlpT,PEjwvkBFbY,UMqRjomy,UMqRjomy,PEjwvkBFbY
rOlroT,rOlroT,rOlroT,YlLTU,PEjwvkBFbY,nWFU,PEjwvkBFbY,PEjwvkBFbY,PEjwvkBFbY,CmJAlpT,PEjwvkBFbY,UMqRjomy,UMqRjomy,PEjwvkBFbY
CmJAlpT
rOlroT,rOlroT,rOlroT,YlLTU,PEjwvkBFbY,nWFU,PEjwvkBFbY,PEjwvkBFbY,PEjwvkBFbY,CmJAlpT,PEjwvkBFbY,UMqRjomy,UMqRjomy,PEjwvkBFbY
rOlroT,rOlroT,rOlroT,YlLTU,PEjwvkBFbY,nWFU,PEjwvkBFbY,PEjwvkBFbY,PEjwvkBFbY,CmJAlpT,PEjwvkBFbY,UMqRjomy,UMqRjomy,PEjwvkBFbY,UMqRjomy
CmJAlpT
UMqRjomy
UMqRjomy
rOlroT,rOlroT,rOlroT,YlLTU,PEjwvkBFbY,nWFU,PEjwvkBFbY,PEjwvkBFbY,PEjwvkBFbY,UMqRjomy,PEjwvkBFbY,UMqRjomy,PEjwvkBFbY,UMqRjomy
UMqRjomy
UMqRjomy
rOlroT,rOlroT,rOlroT,PEjwvkBFbY,nWFU,PEjwvkBFbY,PEjwvkBFbY,PEjwvkBFbY,UMqRjomy,YlLTU,PEjwvkBFbY,UMqRjomy,PEjwvkBFbY,UMqRjomy,bOt,rOlroT
PEjwvkBFbY
rOlroT,rOlroT,rOlroT,PEjwvkBFbY,nWFU,PEjwvkBFbY,PEjwvkBFbY,PEjwvkBFbY,UMqRjomy,YlLTU,PEjwvkBFbY,UMqRjomy,PEjwvkBFbY,UMqRjomy,bOt,rOlroT
rOlroT,rOlroT,rOlroT,PEjwvkBFbY,nWFU,PEjwvkBFbY,PEjwvkBFbY,PEjwvkBFbY,UMqRjomy,YlLTU,PEjwvkBFbY,UMqRjomy,PEjwvkBFbY,bOt,UMqRjomy,rOlroT
PEjwvkBFbY
UMqRjomy
rOlroT
UMqRjomy
rOlroT,rOlroT,rOlroT,PEjwvkBFbY,PEjwvkBFbY,PEjwvkBFbY,PEjwvkBFbY,UMqRjomy,YlLTU,PEjwvkBFbY,UMqRjomy,PEjwvkBFbY,UMqRjomy,bOt,rOlroT
UMqRjomy
rOlroT,rOlroT,rOlroT,PEjwvkBFbY,PEjwvkBFbY,PEjwvkBFbY,PEjwvkBFbY,UMqRjomy,YlLTU,PEjwvkBFbY,UMqRjomy,PEjwvkBFbY,bOt,UMqRjomy,rOlroT
bOt
rOlroT,rOlroT,rOlroT,PEjwvkBFbY,PEjwvkBFbY,PEjwvkBFbY,PEjwvkBFbY,UMqRjomy,YlLTU,PEjwvkBFbY,UMqRjomy,PEjwvkBFbY,bOt,UMqRjomy,rOlroT
bOt
rOlroT,rOlroT,rOlroT,PEjwvkBFbY,PEjwvkBFbY,PEjwvkBFbY,PEjwvkBFbY,UMqRjomy,YlLTU,PEjwvkBFbY,UMqRjomy,PEjwvkBFbY,bOt,UMqRjomy,rOlroT
bOt
bOt
bOt
UMqRjomy
UMqRjomy
rOlroT,rOlroT,PEjwvkBFbY,PEjwvkBFbY,PEjwvkBFbY,PEjwvkBFbY,UMqRjomy,YlLTU,PEjwvkBFbY,UMqRjomy,PEjwvkBFbY,UMqRjomy,bOt,rOlroT,YlLTU
rOlroT,rOlroT,rOlroT,PEjwvkBFbY,PEjwvkBFbY,PEjwvkBFbY,PEjwvkBFbY,UMqRjomy,YlLTU,PEjwvkBFbY,UMqRjomy,PEjwvkBFbY,UMqRjomy,bOt,rOlroT,PEjwvkBFbY
rOlroT,rOlroT,rOlroT,PEjwvkBFbY,PEjwvkBFbY,PEjwvkBFbY,PEjwvkBFbY,UMqRjomy,YlLTU,PEjwvkBFbY,UMqRjomy,PEjwvkBFbY,UMqRjomy,bOt,rOlroT
rOlroT,rOlroT,rOlroT,PEjwvkBFbY,PEjwvkBFbY,PEjwvkBFbY,PEjwvkBFbY,UMqRjomy,YlLTU,PEjwvkBFbY,UMqRjomy,PEjwvkBFbY,UMqRjomy,bOt,rOlroT
rOlroT,rOlroT,rOlroT,PEjwvkBFbY,PEjwvkBFbY,PEjwvkBFbY,UMqRjomy,YlLTU,PEjwvkBFbY,UMqRjomy,PEjwvkBFbY,UMqRjomy,bOt,rOlroT,PEjwvkBFbY
rOlroT,rOlroT,rOlroT,PEjwvkBFbY,PEjwvkBFbY,PEjwvkBFbY,UMqRjomy,YlLTU,PEjwvkBFbY,UMqRjomy,PEjwvkBFbY,UMqRjomy,bOt,rOlroT,PEjwvkBFbY
rOlroT
rOlroT,rOlroT,rOlroT,PEjwvkBFbY,PEjwvkBFbY,PEjwvkBFbY,UMqRjomy,YlLTU,PEjwvkBFbY,UMqRjomy,PEjwvkBFbY,UMqRjomy,bOt,rOlroT,PEjwvkBFbY
rOlroT,rOlroT,rOlroT,PEjwvkBFbY,PEjwvkBFbY,PEjwvkBFbY,UMqRjomy,YlLTU,PEjwvkBFbY,UMqRjomy,PEjwvkBFbY,UMqRjomy,bOt,rOlroT,PEjwvkBFbY
PEjwvkBFbY
rOlroT
rOlroT
rOlroT,rOlroT,PEjwvkBFbY,PEjwvkBFbY,UMqRjomy,YlLTU,PEjwvkBFbY,UMqRjomy,PEjwvkBFbY,UMqRjomy,bOt,rOlroT,PEjwvkBFbY,rOlroT,PEjwvkBFbY,UMqRjomy
rOlroT,rOlroT,PEjwvkBFbY,PEjwvkBFbY,UMqRjomy,YlLTU,PEjwvkBFbY,UMqRjomy,PEjwvkBFbY,UMqRjomy,bOt,rOlroT,PEjwvkBFbY,rOlroT,PEjwvkBFbY,UMqRjomy
rOlroT
PEjwvkBFbY
PEjwvkBFbY
PEjwvkBFbY
rOlroT,rOlroT,PEjwvkBFbY,UMqRjomy,YlLTU,PEjwvkBFbY,UMqRjomy,PEjwvkBFbY,UMqRjomy,bOt,rOlroT,PEjwvkBFbY,rOlroT,PEjwvkBFbY,PEjwvkBFbY,UMqRjomy,oMWABmNo
rOlroT,PEjwvkBFbY,PEjwvkBFbY,UMqRjomy,YlLTU,PEjwvkBFbY,UMqRjomy,PEjwvkBFbY,UMqRjomy,bOt,rOlroT,PEjwvkBFbY,rOlroT,PEjwvkBFbY,rOlroT,UMqRjomy,oMWABmNo,PEjwvkBFbY
PEjwvkBFbY
UMqRjomy
UMqRjomy
UMqRjomy
PEjwvkBFbY,PEjwvkBFbY,YlLTU,PEjwvkBFbY,UMqRjomy,PEjwvkBFbY,UMqRjomy,rOlroT,PEjwvkBFbY,rOlroT,PEjwvkBFbY,rOlroT,UMqRjomy,rOlroT,oMWABmNo,PEjwvkBFbY
PEjwvkBFbY,PEjwvkBFbY,YlLTU,PEjwvkBFbY,UMqRjomy,PEjwvkBFbY,UMqRjomy,rOlroT,PEjwvkBFbY,rOlroT,PEjwvkBFbY,rOlroT,UMqRjomy,rOlroT,oMWABmNo,PEjwvkBFbY
oMWABmNo
PEjwvkBFbY
YlLTU,PEjwvkBFbY,PEjwvkBFbY,PEjwvkBFbY,UMqRjomy,PEjwvkBFbY,UMqRjomy,PEjwvkBFbY,rOlroT,PEjwvkBFbY,rOlroT,UMqRjomy,rOlroT,oMWABmNo,PEjwvkBFbY,bOt,CmJAlpT,YlLTU,nWFU
YlLTU
YlLTU,PEjwvkBFbY,PEjwvkBFbY,PEjwvkBFbY,UMqRjomy,PEjwvkBFbY,UMqRjomy,PEjwvkBFbY,PEjwvkBFbY,rOlroT,UMqRjomy,rOlroT,oMWABmNo,PEjwvkBFbY,bOt,YlLTU,nWFU
YlLTU,PEjwvkBFbY,PEjwvkBFbY,PEjwvkBFbY,UMqRjomy,PEjwvkBFbY,UMqRjomy,PEjwvkBFbY,PEjwvkBFbY,rOlroT,UMqRjomy,rOlroT,oMWABmNo,PEjwvkBFbY,bOt,YlLTU,nWFU,rOlroT,rOlroT
YlLTU
YlLTU,PEjwvkBFbY,PEjwvkBFbY,PEjwvkBFbY,UMqRjomy,PEjwvkBFbY,UMqRjomy,PEjwvkBFbY,PEjwvkBFbY,UMqRjomy,rOlroT,oMWABmNo,PEjwvkBFbY,bOt,YlLTU,nWFU,rOlroT,rOlroT,nWFU,rOlroT
YlLTU
PEjwvkBFbY
PEjwvkBFbY
Jedi Wagner, assuma o comando!