[vazia]
XQMDtwmYFt
XQMDtwmYFt
XQMDtwmYFt
XQMDtwmYFt,cDmYYAwK
XQMDtwmYFt,cDmYYAwK,pcRU
pcRU,XQMDtwmYFt,cDmYYAwK,XQMDtwmYFt,cDmYYAwK,cDmYYAwK
pcRU
pcRU,XQMDtwmYFt,cDmYYAwK,XQMDtwmYFt,cDmYYAwK,cDmYYAwK
pcRU
MRGaUTX,pcRU
MRGaUTX,pcRU
[vazia]
MRGaUTX
MRGaUTX
[vazia]
XQMDtwmYFt
XQMDtwmYFt
XQMDtwmYFt
[vazia]
Toque! Toque, Dijê!
Toque! Toque, Dijê!
[vazia]
MRGaUTX,MRGaUTX
MRGaUTX
Toque! Toque, Dijê!
Toque! Toque, Dijê!
[vazia]
Toque! Toque, Dijê!
pcRU
pcRU
Toque! Toque, Dijê!
Toque! Toque, Dijê!
pcRU
pcRU
[vazia]
MRGaUTX,cDmYYAwK
MRGaUTX,cDmYYAwK
MRGaUTX,cDmYYAwK,cDmYYAwK
MRGaUTX,cDmYYAwK,cDmYYAwK
MRGaUTX
cDmYYAwK,cDmYYAwK,XQMDtwmYFt
cDmYYAwK
cDmYYAwK
cDmYYAwK
cDmYYAwK
cDmYYAwK
cDmYYAwK
cDmYYAwK
cDmYYAwK
cDmYYAwK,MRGaUTX,cDmYYAwK
cDmYYAwK,MRGaUTX,cDmYYAwK,pcRU
cDmYYAwK,MRGaUTX,cDmYYAwK,pcRU,MRGaUTX
cDmYYAwK
cDmYYAwK
MRGaUTX
cDmYYAwK,MRGaUTX,XQMDtwmYFt,XQMDtwmYFt,XQMDtwmYFt
MRGaUTX
XQMDtwmYFt
cDmYYAwK,XQMDtwmYFt,XQMDtwmYFt,XQMDtwmYFt,XQMDtwmYFt,XQMDtwmYFt,XQMDtwmYFt,MRGaUTX
XQMDtwmYFt
XQMDtwmYFt
cDmYYAwK,MRGaUTX,XQMDtwmYFt,pcRU,XQMDtwmYFt
cDmYYAwK,XQMDtwmYFt,XQMDtwmYFt
cDmYYAwK,XQMDtwmYFt,XQMDtwmYFt
XQMDtwmYFt,cDmYYAwK,XQMDtwmYFt,pcRU
XQMDtwmYFt,XQMDtwmYFt,pcRU
XQMDtwmYFt,XQMDtwmYFt,pcRU,XQMDtwmYFt
XQMDtwmYFt
XQMDtwmYFt
MRGaUTX,XQMDtwmYFt,pcRU,cDmYYAwK,MRGaUTX
MRGaUTX,XQMDtwmYFt,cDmYYAwK,MRGaUTX
MRGaUTX,XQMDtwmYFt,cDmYYAwK,MRGaUTX,MRGaUTX
MRGaUTX,XQMDtwmYFt,cDmYYAwK,MRGaUTX,MRGaUTX,MRGaUTX,XQMDtwmYFt,MRGaUTX
XQMDtwmYFt,cDmYYAwK,MRGaUTX,MRGaUTX
XQMDtwmYFt
XQMDtwmYFt,MRGaUTX,cDmYYAwK,MRGaUTX,XQMDtwmYFt
XQMDtwmYFt,cDmYYAwK,MRGaUTX,XQMDtwmYFt,cDmYYAwK
XQMDtwmYFt,cDmYYAwK,MRGaUTX,XQMDtwmYFt,cDmYYAwK
XQMDtwmYFt
cDmYYAwK,XQMDtwmYFt,MRGaUTX,pcRU
cDmYYAwK,XQMDtwmYFt,MRGaUTX,pcRU
cDmYYAwK,XQMDtwmYFt,MRGaUTX
cDmYYAwK
cDmYYAwK
cDmYYAwK,MRGaUTX
cDmYYAwK
cDmYYAwK
XQMDtwmYFt,cDmYYAwK,MRGaUTX
XQMDtwmYFt
cDmYYAwK
cDmYYAwK
cDmYYAwK
cDmYYAwK
cDmYYAwK
XQMDtwmYFt,cDmYYAwK,XQMDtwmYFt,cDmYYAwK
XQMDtwmYFt,cDmYYAwK,XQMDtwmYFt,cDmYYAwK
XQMDtwmYFt,cDmYYAwK,XQMDtwmYFt,cDmYYAwK
XQMDtwmYFt,cDmYYAwK,XQMDtwmYFt,cDmYYAwK
XQMDtwmYFt
XQMDtwmYFt
[vazia]
Toque! Toque, Dijê!
XQMDtwmYFt
XQMDtwmYFt
XQMDtwmYFt
XQMDtwmYFt,MRGaUTX
XQMDtwmYFt,MRGaUTX
XQMDtwmYFt,cDmYYAwK,XQMDtwmYFt,pcRU,cDmYYAwK
XQMDtwmYFt,cDmYYAwK
cDmYYAwK
cDmYYAwK
cDmYYAwK
cDmYYAwK
cDmYYAwK,cDmYYAwK
cDmYYAwK,cDmYYAwK
cDmYYAwK,XQMDtwmYFt
cDmYYAwK
cDmYYAwK,XQMDtwmYFt,MRGaUTX
Jedi Wagner, assuma o comando!