[vazia]
[vazia]
[vazia]
[vazia]
Toque! Toque, Dijê!
Toque! Toque, Dijê!
[vazia]
[vazia]
Rs
Rs
Toque! Toque, Dijê!
[vazia]
[vazia]
Toque! Toque, Dijê!
[vazia]
Toque! Toque, Dijê!
JmAASL
JmAASL
JmAASL
JmAASL
JmAASL
JmAASL
JmAASL
JmAASL
JmAASL
JmAASL
JmAASL
JmAASL
JmAASL
JmAASL
JmAASL,Rs,JmAASL
JmAASL
JmAASL,Rs,JmAASL
JmAASL,Rs,JmAASL
JmAASL
JmAASL
JmAASL,Rs,JmAASL,RWbSEbweU,zhvwnGnH
JmAASL
JmAASL
JmAASL
JmAASL
JmAASL
JmAASL
RWbSEbweU
JmAASL
RWbSEbweU
JmAASL
JmAASL
JmAASL
JmAASL
JmAASL
JmAASL
JmAASL
JmAASL
zhvwnGnH
zhvwnGnH
zhvwnGnH
JmAASL
JmAASL,zhvwnGnH
JmAASL,zhvwnGnH
zhvwnGnH
JmAASL,zhvwnGnH,Rs
Rs
JmAASL
JmAASL
JmAASL,Rs,JmAASL,RWbSEbweU
RWbSEbweU,JmAASL,Rs
RWbSEbweU,JmAASL,Rs
JmAASL,zhvwnGnH,Rs,JmAASL
JmAASL
JmAASL
JmAASL
JmAASL,zhvwnGnH,Rs,JmAASL,Rs
JmAASL
JmAASL
JmAASL
JmAASL
JmAASL,zhvwnGnH,Rs,JmAASL,Rs,Rs
JmAASL
JmAASL,zhvwnGnH,Rs,JmAASL,Rs,Rs
JmAASL
JmAASL
zhvwnGnH,Rs,JmAASL,JmAASL,Rs,Rs,JmAASL,zhvwnGnH,RWbSEbweU
JmAASL
JmAASL
zhvwnGnH,Rs,JmAASL
zhvwnGnH,Rs,JmAASL
JmAASL
zhvwnGnH,Rs,JmAASL,JmAASL,JmAASL
JmAASL
JmAASL,Rs,JmAASL
JmAASL,Rs,JmAASL
JmAASL
JmAASL,Rs,JmAASL,Rs
Rs
Rs,Rs,JmAASL
Rs,Rs,JmAASL
Rs,JmAASL,Rs,RWbSEbweU
Rs
Rs,JmAASL,Rs,RWbSEbweU
JmAASL,Rs,RWbSEbweU
Rs
Rs
JmAASL,Rs,zdx,RWbSEbweU,JmAASL
zdx
zdx
JmAASL,Rs,zdx,RWbSEbweU,zhvwnGnH,RWbSEbweU
Rs,zdx,RWbSEbweU,JmAASL,zhvwnGnH,RWbSEbweU,JmAASL
RWbSEbweU
Rs
zdx,RWbSEbweU,Rs,JmAASL,zhvwnGnH,RWbSEbweU,JmAASL,RWbSEbweU
zdx,RWbSEbweU,zhvwnGnH,RWbSEbweU,JmAASL
zdx,RWbSEbweU,zhvwnGnH,RWbSEbweU,zdx
zhvwnGnH
zhvwnGnH
zdx,zhvwnGnH,RWbSEbweU,RWbSEbweU,zdx,RWbSEbweU
RWbSEbweU
zdx,zhvwnGnH,RWbSEbweU,RWbSEbweU,zdx,RWbSEbweU
zhvwnGnH,RWbSEbweU,zdx,RWbSEbweU
zdx
RWbSEbweU
RWbSEbweU
zhvwnGnH,RWbSEbweU,zdx,RWbSEbweU,Rs
RWbSEbweU,zdx,RWbSEbweU,zhvwnGnH,Rs
RWbSEbweU,zdx,RWbSEbweU,zhvwnGnH,Rs,zdx,RWbSEbweU
zdx
zdx
Jedi Wagner, assuma o comando!