[vazia]
[vazia]
eGQ
eGQ
eGQ
eGQ
[vazia]
Toque! Toque, Dijê!
eGQ
eGQ
eGQ
eGQ
eGQ
eGQ
eGQ
cWlDEFFo,eGQ
cWlDEFFo,eGQ
cWlDEFFo
cWlDEFFo
cWlDEFFo
cWlDEFFo
cWlDEFFo,eGQ,eGQ
eGQ
cWlDEFFo
cWlDEFFo
cWlDEFFo
cWlDEFFo
cWlDEFFo
cWlDEFFo
cWlDEFFo
cWlDEFFo
cWlDEFFo
cWlDEFFo
cWlDEFFo
cWlDEFFo
cWlDEFFo
cWlDEFFo
cWlDEFFo
cWlDEFFo
cWlDEFFo,cWlDEFFo
cWlDEFFo
cWlDEFFo
cWlDEFFo,cWlDEFFo,cWlDEFFo
cWlDEFFo
cWlDEFFo,cWlDEFFo,eGQ
cWlDEFFo,cWlDEFFo,eGQ
cWlDEFFo
cWlDEFFo
cWlDEFFo
cWlDEFFo
cWlDEFFo,cWlDEFFo,eGQ
cWlDEFFo
cWlDEFFo,eGQ,eGQ
eGQ
eGQ
eGQ
eGQ,eGQ,cWlDEFFo,cWlDEFFo
eGQ
eGQ
eGQ,eGQ,cWlDEFFo,cWlDEFFo
eGQ,eGQ,cWlDEFFo
eGQ,eGQ,cWlDEFFo,cWlDEFFo
eGQ,cWlDEFFo,eGQ,cWlDEFFo
cWlDEFFo
cWlDEFFo
eGQ,eGQ,cWlDEFFo,cWlDEFFo
eGQ,eGQ,cWlDEFFo,cWlDEFFo
eGQ,cWlDEFFo,eGQ,cWlDEFFo
cWlDEFFo
cWlDEFFo
eGQ,eGQ,cWlDEFFo,cWlDEFFo
eGQ,eGQ,cWlDEFFo,cWlDEFFo
eGQ,cWlDEFFo,cWlDEFFo,cWlDEFFo,cWlDEFFo
eGQ,cWlDEFFo,cWlDEFFo,cWlDEFFo,cWlDEFFo
eGQ,cWlDEFFo,cWlDEFFo,cWlDEFFo,cWlDEFFo
cWlDEFFo
eGQ
cWlDEFFo,eGQ,cWlDEFFo,cWlDEFFo
cWlDEFFo,eGQ,cWlDEFFo,cWlDEFFo
cWlDEFFo,cWlDEFFo,eGQ,cWlDEFFo,eGQ,eGQ
cWlDEFFo,cWlDEFFo,eGQ,cWlDEFFo,eGQ,eGQ
eGQ
cWlDEFFo,cWlDEFFo,eGQ,cWlDEFFo,eGQ,eGQ,eGQ
eGQ
eGQ
eGQ
eGQ
eGQ,eGQ,eGQ,eGQ
eGQ
eGQ,eGQ,eGQ,eGQ
eGQ,eGQ,eGQ,eGQ
eGQ
eGQ
eGQ
eGQ,eGQ,eGQ
eGQ
eGQ
eGQ
eGQ,eGQ,eGQ,cWlDEFFo
eGQ,eGQ,cWlDEFFo,eGQ
eGQ,eGQ,eGQ,eGQ
eGQ
eGQ,eGQ,eGQ,eGQ
eGQ,eGQ,eGQ,eGQ
eGQ,eGQ,eGQ,eGQ
eGQ,eGQ,eGQ,eGQ
eGQ,eGQ,eGQ,eGQ
eGQ,eGQ,cWlDEFFo,eGQ,eGQ,cWlDEFFo
eGQ
eGQ
eGQ,eGQ,eGQ,eGQ
eGQ,eGQ,eGQ,eGQ
eGQ
Jedi Wagner, assuma o comando!