hbo
Toque! Toque, Dijê!
Toque! Toque, Dijê!
Toque! Toque, Dijê!
[vazia]
[vazia]
[vazia]
[vazia]
Toque! Toque, Dijê!
Toque! Toque, Dijê!
Toque! Toque, Dijê!
[vazia]
Toque! Toque, Dijê!
[vazia]
Toque! Toque, Dijê!
[vazia]
[vazia]
Srgsggqla
Srgsggqla
Srgsggqla
Srgsggqla
Srgsggqla
Srgsggqla
Srgsggqla
Srgsggqla,ZCsOsilW,wYpukdzhnT,Srgsggqla
Srgsggqla,ZCsOsilW,wYpukdzhnT,Srgsggqla
Srgsggqla
Srgsggqla,ZCsOsilW,wYpukdzhnT,Srgsggqla,HrfZeAlqqb,wYpukdzhnT,DBIiqwSS
ZCsOsilW
DBIiqwSS
Srgsggqla
ZCsOsilW,DBIiqwSS,wYpukdzhnT,Srgsggqla,HrfZeAlqqb,wYpukdzhnT,krYQvk
Srgsggqla
HrfZeAlqqb
ZCsOsilW,DBIiqwSS,wYpukdzhnT,Srgsggqla,krYQvk,HrfZeAlqqb,wYpukdzhnT,eKO
Srgsggqla
ZCsOsilW,DBIiqwSS,wYpukdzhnT,Srgsggqla,krYQvk,HrfZeAlqqb,wYpukdzhnT,eKO
krYQvk
krYQvk
Srgsggqla
Srgsggqla
ZCsOsilW,DBIiqwSS,Srgsggqla,krYQvk,wYpukdzhnT,eKO,FqIZV,BGVTEtE
wYpukdzhnT
wYpukdzhnT
ZCsOsilW,DBIiqwSS,Srgsggqla,krYQvk,wYpukdzhnT,eKO,FqIZV,BGVTEtE
wYpukdzhnT
wYpukdzhnT
wYpukdzhnT
wYpukdzhnT
ZCsOsilW,DBIiqwSS,Srgsggqla,krYQvk,wYpukdzhnT,eKO,FqIZV,BGVTEtE
eKO
ZCsOsilW,DBIiqwSS,Srgsggqla,wYpukdzhnT,eKO,FqIZV,BGVTEtE,hbo
ZCsOsilW,DBIiqwSS,Srgsggqla,wYpukdzhnT,eKO,FqIZV,BGVTEtE
FqIZV
FqIZV
FqIZV
FqIZV
ZCsOsilW,eKO,BGVTEtE,BGVTEtE,wYpukdzhnT,Srgsggqla
ZCsOsilW,eKO,BGVTEtE,BGVTEtE,wYpukdzhnT,Srgsggqla
Srgsggqla
BGVTEtE
ZCsOsilW,wYpukdzhnT,eKO,FqIZV,Srgsggqla,BGVTEtE,BGVTEtE
FqIZV
Srgsggqla,wYpukdzhnT,eKO,FqIZV,ZCsOsilW,BGVTEtE,BGVTEtE
Srgsggqla,wYpukdzhnT,eKO,ZCsOsilW,BGVTEtE,FqIZV,BGVTEtE,FqIZV,Srgsggqla
BGVTEtE
eKO,ZCsOsilW,BGVTEtE,FqIZV,BGVTEtE,FqIZV,Srgsggqla,eKO
eKO,ZCsOsilW,BGVTEtE,FqIZV,BGVTEtE,FqIZV,eKO,wYpukdzhnT
FqIZV
FqIZV
eKO,ZCsOsilW,BGVTEtE,FqIZV,BGVTEtE,FqIZV,eKO,wYpukdzhnT,ZCsOsilW,Srgsggqla
eKO
eKO
BGVTEtE
eKO,ZCsOsilW,BGVTEtE,FqIZV,BGVTEtE,FqIZV,eKO,wYpukdzhnT,ZCsOsilW,Srgsggqla
eKO
BGVTEtE
eKO,ZCsOsilW,BGVTEtE,FqIZV,BGVTEtE,FqIZV,eKO,wYpukdzhnT,ZCsOsilW,Srgsggqla,hbo
ZCsOsilW,BGVTEtE,FqIZV,BGVTEtE,FqIZV,eKO,wYpukdzhnT,ZCsOsilW,Srgsggqla,hbo
wYpukdzhnT
ZCsOsilW,BGVTEtE,FqIZV,BGVTEtE,FqIZV,wYpukdzhnT,eKO,ZCsOsilW,Srgsggqla,hbo
eKO
ZCsOsilW
ZCsOsilW,BGVTEtE,FqIZV,BGVTEtE,FqIZV,wYpukdzhnT,eKO,ZCsOsilW,Srgsggqla,hbo,HrfZeAlqqb
ZCsOsilW,BGVTEtE,FqIZV,BGVTEtE,FqIZV,wYpukdzhnT,eKO,ZCsOsilW,Srgsggqla,hbo,HrfZeAlqqb
ZCsOsilW
ZCsOsilW,BGVTEtE,FqIZV,BGVTEtE,FqIZV,wYpukdzhnT,eKO,ZCsOsilW,Srgsggqla,hbo,HrfZeAlqqb
ZCsOsilW,BGVTEtE,FqIZV,BGVTEtE,FqIZV,wYpukdzhnT,eKO,ZCsOsilW,Srgsggqla,hbo,HrfZeAlqqb,hbo
ZCsOsilW,BGVTEtE,FqIZV,BGVTEtE,FqIZV,wYpukdzhnT,eKO,ZCsOsilW,Srgsggqla,hbo
ZCsOsilW,BGVTEtE,FqIZV,BGVTEtE,FqIZV,wYpukdzhnT,eKO,ZCsOsilW,Srgsggqla,hbo
ZCsOsilW,BGVTEtE,FqIZV,BGVTEtE,FqIZV,wYpukdzhnT,eKO,ZCsOsilW,Srgsggqla,hbo
ZCsOsilW,BGVTEtE,FqIZV,BGVTEtE,FqIZV,wYpukdzhnT,eKO,ZCsOsilW,Srgsggqla,hbo
hbo
ZCsOsilW,BGVTEtE,FqIZV,BGVTEtE,FqIZV,wYpukdzhnT,eKO,ZCsOsilW,Srgsggqla,hbo
hbo
ZCsOsilW,FqIZV,BGVTEtE,FqIZV,wYpukdzhnT,eKO,ZCsOsilW,Srgsggqla,hbo,BGVTEtE,DBIiqwSS,eKO
eKO
ZCsOsilW,BGVTEtE,FqIZV,BGVTEtE,FqIZV,wYpukdzhnT,eKO,ZCsOsilW,Srgsggqla,hbo
hbo
hbo
ZCsOsilW,BGVTEtE,FqIZV,BGVTEtE,FqIZV,eKO,ZCsOsilW,Srgsggqla,hbo,DBIiqwSS,wYpukdzhnT
ZCsOsilW,BGVTEtE,FqIZV,BGVTEtE,FqIZV,wYpukdzhnT,eKO,ZCsOsilW,Srgsggqla,hbo,DBIiqwSS,wYpukdzhnT
ZCsOsilW,BGVTEtE,FqIZV,BGVTEtE,FqIZV,wYpukdzhnT,eKO,ZCsOsilW,Srgsggqla,DBIiqwSS,wYpukdzhnT,hbo,eKO
wYpukdzhnT
wYpukdzhnT
ZCsOsilW
FqIZV
FqIZV,ZCsOsilW,BGVTEtE,FqIZV,wYpukdzhnT,eKO,ZCsOsilW,Srgsggqla,hbo,wYpukdzhnT
FqIZV,ZCsOsilW,BGVTEtE,FqIZV,eKO,ZCsOsilW,Srgsggqla,hbo,wYpukdzhnT,eKO
FqIZV,ZCsOsilW,BGVTEtE,FqIZV,eKO,ZCsOsilW,Srgsggqla,hbo,wYpukdzhnT,eKO
FqIZV,ZCsOsilW,BGVTEtE,FqIZV,eKO,ZCsOsilW,Srgsggqla,hbo,wYpukdzhnT,eKO
FqIZV,ZCsOsilW,BGVTEtE,FqIZV,eKO,ZCsOsilW,Srgsggqla,hbo,wYpukdzhnT,eKO
FqIZV,ZCsOsilW,BGVTEtE,FqIZV,eKO,ZCsOsilW,Srgsggqla,hbo,wYpukdzhnT,eKO,hbo
FqIZV,BGVTEtE,FqIZV,eKO,ZCsOsilW,Srgsggqla,hbo,wYpukdzhnT,eKO,hbo,hbo
ZCsOsilW
FqIZV,FqIZV,eKO,ZCsOsilW,Srgsggqla,hbo,wYpukdzhnT,eKO,hbo,hbo,DBIiqwSS
ZCsOsilW
FqIZV,FqIZV,eKO,ZCsOsilW,Srgsggqla,hbo,eKO,hbo,hbo,DBIiqwSS,eKO,BGVTEtE
ZCsOsilW
eKO
FqIZV,FqIZV,ZCsOsilW,eKO,Srgsggqla,eKO,hbo,hbo,DBIiqwSS,eKO,BGVTEtE,krYQvk,ZCsOsilW
eKO
eKO
FqIZV,BGVTEtE,FqIZV,eKO,ZCsOsilW,Srgsggqla,hbo,wYpukdzhnT,eKO,hbo,hbo
FqIZV,BGVTEtE,FqIZV,eKO,ZCsOsilW,Srgsggqla,hbo,wYpukdzhnT,eKO,hbo,hbo,HrfZeAlqqb
HrfZeAlqqb
FqIZV,BGVTEtE,FqIZV,ZCsOsilW,HrfZeAlqqb,Srgsggqla,hbo,wYpukdzhnT,eKO,hbo,hbo,ZCsOsilW
FqIZV,BGVTEtE,FqIZV,ZCsOsilW,Srgsggqla,hbo,wYpukdzhnT,eKO,hbo,hbo,HrfZeAlqqb,ZCsOsilW,ZCsOsilW
FqIZV,BGVTEtE,FqIZV,ZCsOsilW,Srgsggqla,hbo,wYpukdzhnT,eKO,hbo,hbo,HrfZeAlqqb,ZCsOsilW
hbo
hbo
hbo
FqIZV,FqIZV,ZCsOsilW,Srgsggqla,hbo,wYpukdzhnT,hbo,hbo,HrfZeAlqqb,ZCsOsilW
hbo
FqIZV,FqIZV,ZCsOsilW,Srgsggqla,hbo,wYpukdzhnT,hbo,hbo,HrfZeAlqqb,ZCsOsilW
FqIZV,FqIZV,ZCsOsilW,Srgsggqla,hbo,wYpukdzhnT,hbo,hbo,HrfZeAlqqb,ZCsOsilW,eKO,FqIZV,FqIZV
wYpukdzhnT
FqIZV,FqIZV,ZCsOsilW,Srgsggqla,hbo,wYpukdzhnT,hbo,hbo,HrfZeAlqqb,ZCsOsilW,eKO,FqIZV,FqIZV,wYpukdzhnT
FqIZV,FqIZV,ZCsOsilW,Srgsggqla,hbo,wYpukdzhnT,hbo,hbo,HrfZeAlqqb,ZCsOsilW,eKO,FqIZV,FqIZV,wYpukdzhnT
FqIZV,FqIZV,ZCsOsilW,Srgsggqla,hbo,wYpukdzhnT,hbo,hbo,HrfZeAlqqb,ZCsOsilW,eKO,FqIZV,FqIZV,wYpukdzhnT
hbo
hbo
eKO
hbo
FqIZV,Srgsggqla,hbo,wYpukdzhnT,hbo,HrfZeAlqqb,eKO,hbo,FqIZV,ZCsOsilW,FqIZV,FqIZV,wYpukdzhnT,wYpukdzhnT,HrfZeAlqqb,eKO,wYpukdzhnT,DBIiqwSS
FqIZV
FqIZV,hbo,wYpukdzhnT,hbo,HrfZeAlqqb,eKO,hbo,FqIZV,ZCsOsilW,FqIZV,FqIZV,wYpukdzhnT,wYpukdzhnT,HrfZeAlqqb,eKO,wYpukdzhnT,DBIiqwSS
FqIZV
FqIZV
hbo
hbo
FqIZV,hbo,HrfZeAlqqb,eKO,hbo,FqIZV,hbo,wYpukdzhnT,ZCsOsilW,FqIZV,FqIZV,wYpukdzhnT,wYpukdzhnT,HrfZeAlqqb,eKO,wYpukdzhnT,DBIiqwSS,hbo,hbo
hbo
FqIZV,hbo,HrfZeAlqqb,eKO,hbo,FqIZV,hbo,wYpukdzhnT,ZCsOsilW,FqIZV,FqIZV,wYpukdzhnT,wYpukdzhnT,HrfZeAlqqb,eKO,wYpukdzhnT,DBIiqwSS,hbo,hbo
FqIZV,hbo,HrfZeAlqqb,eKO,hbo,FqIZV,hbo,wYpukdzhnT,ZCsOsilW,FqIZV,FqIZV,wYpukdzhnT,wYpukdzhnT,HrfZeAlqqb,eKO,wYpukdzhnT,DBIiqwSS,hbo,hbo
wYpukdzhnT
FqIZV,hbo,eKO,hbo,FqIZV,hbo,wYpukdzhnT,ZCsOsilW,HrfZeAlqqb,FqIZV,FqIZV,wYpukdzhnT,wYpukdzhnT,HrfZeAlqqb,eKO,wYpukdzhnT,DBIiqwSS,hbo,hbo,HrfZeAlqqb,BGVTEtE
FqIZV,hbo,eKO,hbo,FqIZV,hbo,wYpukdzhnT,ZCsOsilW,DBIiqwSS,BGVTEtE,HrfZeAlqqb,FqIZV,FqIZV,wYpukdzhnT,wYpukdzhnT,HrfZeAlqqb,eKO,wYpukdzhnT,hbo,hbo,HrfZeAlqqb
FqIZV,hbo,eKO,hbo,FqIZV,hbo,wYpukdzhnT,ZCsOsilW,BGVTEtE,HrfZeAlqqb,FqIZV,FqIZV,wYpukdzhnT,wYpukdzhnT,HrfZeAlqqb,eKO,wYpukdzhnT,DBIiqwSS,hbo,hbo,HrfZeAlqqb,eKO
FqIZV
hbo,eKO,hbo,FqIZV,hbo,wYpukdzhnT,ZCsOsilW,FqIZV,BGVTEtE,HrfZeAlqqb,FqIZV,FqIZV,wYpukdzhnT,wYpukdzhnT,HrfZeAlqqb,eKO,wYpukdzhnT,DBIiqwSS,hbo,hbo,HrfZeAlqqb,eKO
FqIZV
FqIZV,hbo,HrfZeAlqqb,eKO,hbo,FqIZV,hbo,wYpukdzhnT,ZCsOsilW,FqIZV,FqIZV,wYpukdzhnT,wYpukdzhnT,HrfZeAlqqb,eKO,wYpukdzhnT,DBIiqwSS,hbo,hbo
FqIZV,hbo,eKO,hbo,FqIZV,hbo,wYpukdzhnT,ZCsOsilW,FqIZV,FqIZV,wYpukdzhnT,wYpukdzhnT,HrfZeAlqqb,eKO,wYpukdzhnT,DBIiqwSS,hbo,hbo
FqIZV,hbo,eKO,hbo,FqIZV,hbo,wYpukdzhnT,ZCsOsilW,FqIZV,FqIZV,wYpukdzhnT,wYpukdzhnT,HrfZeAlqqb,eKO,wYpukdzhnT,DBIiqwSS,hbo,hbo
ZCsOsilW
ZCsOsilW
hbo,eKO,hbo,FqIZV,hbo,wYpukdzhnT,ZCsOsilW,FqIZV,FqIZV,wYpukdzhnT,wYpukdzhnT,HrfZeAlqqb,eKO,wYpukdzhnT,DBIiqwSS,hbo,hbo
FqIZV
FqIZV
FqIZV
FqIZV
FqIZV
FqIZV
FqIZV
FqIZV
hbo,eKO,hbo,FqIZV,hbo,wYpukdzhnT,FqIZV,FqIZV,wYpukdzhnT,wYpukdzhnT,HrfZeAlqqb,eKO,wYpukdzhnT,DBIiqwSS,hbo,hbo
hbo,eKO,hbo,hbo,wYpukdzhnT,ZCsOsilW,FqIZV,FqIZV,wYpukdzhnT,HrfZeAlqqb,FqIZV,wYpukdzhnT,eKO,wYpukdzhnT,DBIiqwSS,hbo,hbo,wYpukdzhnT
wYpukdzhnT
hbo,eKO,hbo,FqIZV,hbo,wYpukdzhnT,ZCsOsilW,FqIZV,FqIZV,wYpukdzhnT,wYpukdzhnT,HrfZeAlqqb,eKO,wYpukdzhnT,DBIiqwSS,hbo,hbo
wYpukdzhnT
wYpukdzhnT
wYpukdzhnT
wYpukdzhnT
Jedi Wagner, assuma o comando!