Toque! Toque, Dijê!
[vazia]
[vazia]
[vazia]
Toque! Toque, Dijê!
Toque! Toque, Dijê!
[vazia]
[vazia]
Toque! Toque, Dijê!
[vazia]
Toque! Toque, Dijê!
NMGCMN
NMGCMN
NMGCMN,uFhEVBr,uFhEVBr
NMGCMN,uFhEVBr,uFhEVBr,jmOjDU
jmOjDU
jmOjDU
jmOjDU
jmOjDU
jmOjDU
jmOjDU
jmOjDU
jmOjDU
Toque! Toque, Dijê!
Toque! Toque, Dijê!
Toque! Toque, Dijê!
[vazia]
UU
[vazia]
Toque! Toque, Dijê!
[vazia]
Toque! Toque, Dijê!
[vazia]
[vazia]
Toque! Toque, Dijê!
JSPL
JSPL
ZJPVtBobS,JSPL
ZJPVtBobS,JSPL
[vazia]
[vazia]
Toque! Toque, Dijê!
ZJPVtBobS
ZJPVtBobS,JSPL
ZJPVtBobS
ZJPVtBobS
ZJPVtBobS
[vazia]
UU
UU,kNngLzlpv,UU
kNngLzlpv
UU,kNngLzlpv,JSPL,kNngLzlpv
UU,kNngLzlpv,JSPL,kNngLzlpv
kNngLzlpv
kNngLzlpv
UU,kNngLzlpv,uFhEVBr,UU,jmOjDU
UU,kNngLzlpv,uFhEVBr,UU,jmOjDU
kNngLzlpv
UU,kNngLzlpv,uFhEVBr,UU,jmOjDU,ZJPVtBobS
uFhEVBr
UU,uFhEVBr,jmOjDU,ZJPVtBobS,uFhEVBr
UU
uFhEVBr,UU,jmOjDU,uFhEVBr,kNngLzlpv,uFhEVBr,NMGCMN
uFhEVBr,UU,jmOjDU,uFhEVBr,kNngLzlpv,uFhEVBr,NMGCMN
jmOjDU,uFhEVBr,UU,uFhEVBr,kNngLzlpv,uFhEVBr,NMGCMN
uFhEVBr
uFhEVBr
uFhEVBr
ZJPVtBobS
jmOjDU,ZJPVtBobS,UU,uFhEVBr,uFhEVBr,uFhEVBr,NMGCMN,JSPL,jmOjDU,ZJPVtBobS
jmOjDU,ZJPVtBobS,UU,uFhEVBr,uFhEVBr,uFhEVBr,NMGCMN,JSPL,jmOjDU,ZJPVtBobS
jmOjDU,uFhEVBr,ZJPVtBobS,UU,uFhEVBr,uFhEVBr,NMGCMN,JSPL,jmOjDU,ZJPVtBobS
ZJPVtBobS
uFhEVBr
uFhEVBr
ZJPVtBobS,uFhEVBr,UU,uFhEVBr,uFhEVBr,NMGCMN,JSPL,jmOjDU,ZJPVtBobS,NMGCMN
uFhEVBr
UU
UU
UU
ZJPVtBobS,uFhEVBr,JSPL,UU,uFhEVBr,uFhEVBr,NMGCMN,jmOjDU,ZJPVtBobS,ZJPVtBobS
JSPL,UU,kNngLzlpv,uFhEVBr,uFhEVBr,NMGCMN,ZJPVtBobS,ZJPVtBobS,jmOjDU
NMGCMN
UU,kNngLzlpv,uFhEVBr,ZJPVtBobS,uFhEVBr,NMGCMN,JSPL,ZJPVtBobS,jmOjDU
UU,kNngLzlpv,uFhEVBr,ZJPVtBobS,uFhEVBr,NMGCMN,JSPL,ZJPVtBobS,jmOjDU
NMGCMN
kNngLzlpv,uFhEVBr,uFhEVBr,JSPL,ZJPVtBobS,jmOjDU,JSPL
kNngLzlpv,uFhEVBr,uFhEVBr,JSPL,ZJPVtBobS,jmOjDU,JSPL
uFhEVBr,uFhEVBr,JSPL,kNngLzlpv,ZJPVtBobS,jmOjDU,JSPL,JSPL,jmOjDU
jmOjDU
ZJPVtBobS,jmOjDU,kNngLzlpv,JSPL,jmOjDU,ZJPVtBobS
ZJPVtBobS
ZJPVtBobS,jmOjDU,kNngLzlpv,JSPL,jmOjDU,ZJPVtBobS
ZJPVtBobS,jmOjDU,kNngLzlpv,JSPL,jmOjDU,ZJPVtBobS,JSPL
JSPL,UU,kNngLzlpv,uFhEVBr,ZJPVtBobS,uFhEVBr,NMGCMN,ZJPVtBobS,jmOjDU
JSPL,UU,kNngLzlpv,uFhEVBr,ZJPVtBobS,uFhEVBr,NMGCMN,ZJPVtBobS,jmOjDU
jmOjDU
jmOjDU
JSPL,UU,kNngLzlpv,uFhEVBr,ZJPVtBobS,uFhEVBr,NMGCMN,ZJPVtBobS,jmOjDU,jmOjDU
JSPL,kNngLzlpv,uFhEVBr,ZJPVtBobS,uFhEVBr,NMGCMN,ZJPVtBobS,jmOjDU,jmOjDU
JSPL,ZJPVtBobS,uFhEVBr,NMGCMN,ZJPVtBobS,uFhEVBr,jmOjDU,jmOjDU,kNngLzlpv,kNngLzlpv
JSPL,uFhEVBr,NMGCMN,ZJPVtBobS,uFhEVBr,jmOjDU,jmOjDU,kNngLzlpv,kNngLzlpv
JSPL,uFhEVBr,NMGCMN,ZJPVtBobS,uFhEVBr,jmOjDU,jmOjDU,kNngLzlpv,kNngLzlpv
JSPL,kNngLzlpv,ZJPVtBobS,NMGCMN,ZJPVtBobS,uFhEVBr,jmOjDU,jmOjDU,uFhEVBr,kNngLzlpv,ZJPVtBobS
JSPL,ZJPVtBobS,NMGCMN,ZJPVtBobS,uFhEVBr,jmOjDU,jmOjDU,uFhEVBr,kNngLzlpv,ZJPVtBobS
jmOjDU
kNngLzlpv,uFhEVBr,NMGCMN,ZJPVtBobS,uFhEVBr,jmOjDU,jmOjDU,kNngLzlpv
jmOjDU
kNngLzlpv,uFhEVBr,NMGCMN,ZJPVtBobS,uFhEVBr,jmOjDU,jmOjDU,kNngLzlpv
kNngLzlpv,uFhEVBr,NMGCMN,ZJPVtBobS,uFhEVBr,jmOjDU,jmOjDU,kNngLzlpv
NMGCMN
kNngLzlpv,ZJPVtBobS,uFhEVBr,jmOjDU,jmOjDU,uFhEVBr,NMGCMN,kNngLzlpv
uFhEVBr
kNngLzlpv,ZJPVtBobS,jmOjDU,jmOjDU,uFhEVBr,uFhEVBr,kNngLzlpv,uFhEVBr
uFhEVBr
uFhEVBr
uFhEVBr
uFhEVBr
jmOjDU
jmOjDU
jmOjDU
JSPL,kNngLzlpv,ZJPVtBobS,uFhEVBr,NMGCMN,ZJPVtBobS,uFhEVBr,jmOjDU,jmOjDU,kNngLzlpv
jmOjDU
JSPL,kNngLzlpv,ZJPVtBobS,uFhEVBr,ZJPVtBobS,uFhEVBr,jmOjDU,jmOjDU,kNngLzlpv,JSPL,UU
JSPL,kNngLzlpv,ZJPVtBobS,uFhEVBr,ZJPVtBobS,uFhEVBr,jmOjDU,jmOjDU,kNngLzlpv,JSPL,UU
kNngLzlpv
kNngLzlpv
UU
JSPL,uFhEVBr,uFhEVBr,jmOjDU,jmOjDU,kNngLzlpv,ZJPVtBobS,JSPL,UU,kNngLzlpv
kNngLzlpv
uFhEVBr,uFhEVBr,jmOjDU,jmOjDU,kNngLzlpv,ZJPVtBobS,JSPL,UU,kNngLzlpv
UU
jmOjDU
JSPL,kNngLzlpv,uFhEVBr,ZJPVtBobS,uFhEVBr,jmOjDU,jmOjDU,kNngLzlpv,ZJPVtBobS,JSPL,UU
UU
uFhEVBr
uFhEVBr
uFhEVBr
uFhEVBr
uFhEVBr,jmOjDU,kNngLzlpv,ZJPVtBobS,uFhEVBr,jmOjDU,kNngLzlpv,ZJPVtBobS,JSPL,JSPL,JSPL
uFhEVBr,jmOjDU,kNngLzlpv,ZJPVtBobS,uFhEVBr,jmOjDU,kNngLzlpv,ZJPVtBobS,JSPL,JSPL,JSPL
JSPL,kNngLzlpv,uFhEVBr,ZJPVtBobS,uFhEVBr,jmOjDU,jmOjDU,kNngLzlpv,ZJPVtBobS,JSPL,UU,JSPL
UU
JSPL,kNngLzlpv,ZJPVtBobS,uFhEVBr,jmOjDU,jmOjDU,kNngLzlpv,ZJPVtBobS,JSPL,UU,uFhEVBr
uFhEVBr
JSPL,kNngLzlpv,uFhEVBr,ZJPVtBobS,uFhEVBr,jmOjDU,jmOjDU,kNngLzlpv,ZJPVtBobS,JSPL,UU,kNngLzlpv
JSPL
JSPL,uFhEVBr,kNngLzlpv,ZJPVtBobS,uFhEVBr,jmOjDU,jmOjDU,kNngLzlpv,ZJPVtBobS,JSPL,UU,ZJPVtBobS,JSPL
JSPL
kNngLzlpv
kNngLzlpv
JSPL,kNngLzlpv,uFhEVBr,ZJPVtBobS,uFhEVBr,jmOjDU,jmOjDU,kNngLzlpv,ZJPVtBobS,JSPL,UU
JSPL,kNngLzlpv,uFhEVBr,ZJPVtBobS,uFhEVBr,jmOjDU,jmOjDU,kNngLzlpv,ZJPVtBobS,JSPL,UU
kNngLzlpv
kNngLzlpv
kNngLzlpv
kNngLzlpv
ZJPVtBobS,kNngLzlpv,uFhEVBr,uFhEVBr,jmOjDU,jmOjDU,kNngLzlpv,ZJPVtBobS,JSPL,UU,JSPL
Jedi Wagner, assuma o comando!