Toque! Toque, Dijê!
Toque! Toque, Dijê!
fepubFkeAe
[vazia]
[vazia]
Toque! Toque, Dijê!
T
T
Toque! Toque, Dijê!
[vazia]
[vazia]
Toque! Toque, Dijê!
[vazia]
[vazia]
fiMUeoOg
fiMUeoOg
fiMUeoOg
fiMUeoOg
fiMUeoOg
fiMUeoOg
fiMUeoOg
fepubFkeAe,fiMUeoOg,T,fepubFkeAe
fiMUeoOg,fepubFkeAe,T,fepubFkeAe,fiMUeoOg,T,fepubFkeAe
fiMUeoOg,fepubFkeAe,T,fepubFkeAe,fiMUeoOg,T,fepubFkeAe,fiMUeoOg
fepubFkeAe,fiMUeoOg,T,fepubFkeAe,fiMUeoOg
fepubFkeAe,fiMUeoOg,T,fepubFkeAe
fepubFkeAe,fiMUeoOg,T,fepubFkeAe
fepubFkeAe,fiMUeoOg,T,fepubFkeAe,T,fepubFkeAe
fiMUeoOg,fepubFkeAe,T,fepubFkeAe
fiMUeoOg,fepubFkeAe,T,fepubFkeAe
T
fiMUeoOg,fepubFkeAe,T,fepubFkeAe
fepubFkeAe
T,fepubFkeAe,fiMUeoOg
fiMUeoOg
fiMUeoOg
T,fepubFkeAe,fiMUeoOg
fiMUeoOg
fiMUeoOg
fiMUeoOg
fiMUeoOg,oMV
fiMUeoOg,oMV,fiMUeoOg
fiMUeoOg
fiMUeoOg
fiMUeoOg
fiMUeoOg,oMV,fiMUeoOg
fiMUeoOg
fiMUeoOg
oMV,fiMUeoOg,fiMUeoOg
oMV
oMV
oMV,fiMUeoOg,fiMUeoOg
oMV
oMV,fiMUeoOg,fiMUeoOg
oMV
oMV,fiMUeoOg,fiMUeoOg,oMV,oMV
oMV
T,fepubFkeAe
T,fepubFkeAe,fiMUeoOg
T,fepubFkeAe,fiMUeoOg,T
fiMUeoOg
T,fepubFkeAe,fiMUeoOg,T
T,fepubFkeAe,fiMUeoOg,T
T,fepubFkeAe,fiMUeoOg,T,oMV
T
T,fiMUeoOg,fepubFkeAe,T,oMV,fiMUeoOg,fepubFkeAe
T,fepubFkeAe,fiMUeoOg,T,oMV,fiMUeoOg,fepubFkeAe
T,fepubFkeAe,fiMUeoOg,T,oMV,fiMUeoOg,fepubFkeAe
T,fepubFkeAe,fiMUeoOg,T,oMV,fiMUeoOg,fepubFkeAe
fepubFkeAe,fiMUeoOg,T,oMV,fiMUeoOg,fepubFkeAe
oMV
fiMUeoOg
fepubFkeAe
fepubFkeAe
fiMUeoOg,T,fiMUeoOg,fepubFkeAe,fepubFkeAe,oMV
fepubFkeAe
fepubFkeAe
T
fiMUeoOg,fiMUeoOg,fepubFkeAe,T,oMV,fepubFkeAe,T
fiMUeoOg,fepubFkeAe,T,oMV,fepubFkeAe,T
fiMUeoOg,fepubFkeAe,T,oMV,fepubFkeAe,T
T
fiMUeoOg,fepubFkeAe,T,oMV,fepubFkeAe,T
T
T
T
T
fiMUeoOg,fiMUeoOg,fepubFkeAe,T,oMV,fepubFkeAe
oMV
fiMUeoOg,oMV,fiMUeoOg,T,fepubFkeAe,T
oMV
oMV,fiMUeoOg,T,fepubFkeAe,T
oMV
fiMUeoOg,T,fepubFkeAe,oMV,fepubFkeAe,T,fepubFkeAe,T,oMV,fepubFkeAe
fepubFkeAe
T
oMV
fepubFkeAe,oMV,fiMUeoOg,fepubFkeAe,T,T
fepubFkeAe,oMV,fiMUeoOg,fepubFkeAe,T,T
fiMUeoOg
fiMUeoOg
fepubFkeAe,oMV,fiMUeoOg,fepubFkeAe,T,T
oMV,fiMUeoOg,fepubFkeAe,T,T
fiMUeoOg
oMV
oMV
oMV
fiMUeoOg,oMV,fepubFkeAe,fepubFkeAe,fepubFkeAe,fepubFkeAe
fepubFkeAe
oMV,fepubFkeAe,fepubFkeAe,fepubFkeAe,fepubFkeAe
fiMUeoOg,oMV,fepubFkeAe,fepubFkeAe,fepubFkeAe,fepubFkeAe
fiMUeoOg,oMV,fepubFkeAe,fepubFkeAe,fepubFkeAe,T,fepubFkeAe
fiMUeoOg,fepubFkeAe,fepubFkeAe,T,fepubFkeAe,oMV,fepubFkeAe
T
T
fiMUeoOg,fepubFkeAe,fepubFkeAe,T,fepubFkeAe,fepubFkeAe,fiMUeoOg,T
fiMUeoOg,fepubFkeAe,fepubFkeAe,T,fepubFkeAe,fepubFkeAe,fiMUeoOg,T
fiMUeoOg,fepubFkeAe,fepubFkeAe,T,fepubFkeAe,fepubFkeAe,fiMUeoOg,T
fiMUeoOg,oMV,fepubFkeAe,fepubFkeAe,fepubFkeAe,T,fepubFkeAe
T
fepubFkeAe
fepubFkeAe
T
fiMUeoOg,fepubFkeAe,fepubFkeAe,T,fepubFkeAe,oMV,fepubFkeAe,fepubFkeAe,T,fepubFkeAe
fiMUeoOg,fepubFkeAe,fepubFkeAe,T,fepubFkeAe,oMV,fepubFkeAe,fepubFkeAe,T,fepubFkeAe
fepubFkeAe
fiMUeoOg,fepubFkeAe,T,fepubFkeAe,fepubFkeAe,fepubFkeAe,T,fepubFkeAe,fepubFkeAe
fiMUeoOg,fepubFkeAe,T,fepubFkeAe,fepubFkeAe,fepubFkeAe,T,fepubFkeAe,fepubFkeAe
fiMUeoOg,fepubFkeAe,T,fepubFkeAe,fepubFkeAe,fepubFkeAe,T,fepubFkeAe,oMV,fepubFkeAe,T
T,fepubFkeAe,fepubFkeAe,fepubFkeAe,T,fepubFkeAe,oMV,fepubFkeAe,T,fepubFkeAe
T,fepubFkeAe,fepubFkeAe,fepubFkeAe,T,fepubFkeAe,oMV,fepubFkeAe,T,fepubFkeAe
oMV
T,fepubFkeAe,fepubFkeAe,T,fepubFkeAe,oMV,fepubFkeAe,fepubFkeAe,T,fepubFkeAe,oMV
oMV
T,fepubFkeAe,fepubFkeAe,T,fepubFkeAe,oMV,fepubFkeAe,fepubFkeAe,T,fepubFkeAe,oMV,fepubFkeAe
T,fepubFkeAe,fepubFkeAe,T,fepubFkeAe,oMV,fepubFkeAe,fepubFkeAe,T,fepubFkeAe,oMV,fepubFkeAe
T,fepubFkeAe,fepubFkeAe,T,fepubFkeAe,oMV,fepubFkeAe,fepubFkeAe,T,fepubFkeAe,oMV,fepubFkeAe
fepubFkeAe
T,fepubFkeAe,fepubFkeAe,T,fepubFkeAe,oMV,fepubFkeAe,fepubFkeAe,T,fepubFkeAe,oMV,fepubFkeAe
T,fepubFkeAe,fepubFkeAe,T,fepubFkeAe,oMV,fepubFkeAe,fepubFkeAe,T,fepubFkeAe,oMV,fepubFkeAe
T,fepubFkeAe,fepubFkeAe,T,fepubFkeAe,oMV,fepubFkeAe,fepubFkeAe,T,fepubFkeAe,oMV,fepubFkeAe
T,fepubFkeAe,fepubFkeAe,T,fepubFkeAe,fepubFkeAe,fepubFkeAe,T,fepubFkeAe,oMV,fepubFkeAe,oMV,T,T
T
T
T,fepubFkeAe,T,fepubFkeAe,oMV,fepubFkeAe,fepubFkeAe,T,fepubFkeAe,oMV,fepubFkeAe
T,fepubFkeAe,fepubFkeAe,T,fepubFkeAe,fepubFkeAe,fepubFkeAe,T,fepubFkeAe,oMV,fepubFkeAe
T,fepubFkeAe,fepubFkeAe,T,fepubFkeAe,fepubFkeAe,fepubFkeAe,T,fepubFkeAe,oMV,fepubFkeAe
T,fepubFkeAe,fepubFkeAe,T,fepubFkeAe,fepubFkeAe,fepubFkeAe,T,fepubFkeAe,oMV,fepubFkeAe,T
T,fepubFkeAe,fepubFkeAe,T,fepubFkeAe,fepubFkeAe,fepubFkeAe,T,fepubFkeAe,oMV,fepubFkeAe,T
T,fepubFkeAe,fepubFkeAe,T,fepubFkeAe,fepubFkeAe,fepubFkeAe,T,fepubFkeAe,oMV,fepubFkeAe,T
fepubFkeAe
fepubFkeAe
fepubFkeAe
fepubFkeAe
T,fepubFkeAe,fepubFkeAe,T,fepubFkeAe,fepubFkeAe,fepubFkeAe,T,fepubFkeAe,oMV,fepubFkeAe,T,fepubFkeAe,fepubFkeAe
fepubFkeAe
fepubFkeAe,T,fepubFkeAe,fepubFkeAe,fepubFkeAe,T,fepubFkeAe,oMV,T,fepubFkeAe,oMV,fepubFkeAe,fepubFkeAe
fepubFkeAe,T,fepubFkeAe,fepubFkeAe,fepubFkeAe,T,fepubFkeAe,oMV,T,fepubFkeAe,oMV,fepubFkeAe,fepubFkeAe,fepubFkeAe
fepubFkeAe,T,fepubFkeAe,fepubFkeAe,fepubFkeAe,T,fepubFkeAe,oMV,T,fepubFkeAe,oMV,fepubFkeAe,fepubFkeAe,fepubFkeAe,oMV,T,fiMUeoOg,oMV
fepubFkeAe,T,fepubFkeAe,fepubFkeAe,fepubFkeAe,T,fepubFkeAe,oMV,T,fepubFkeAe,oMV,fepubFkeAe,fepubFkeAe,fepubFkeAe,oMV,T,fiMUeoOg,oMV,fiMUeoOg
fepubFkeAe,fepubFkeAe,fepubFkeAe,T,fepubFkeAe,oMV,T,fepubFkeAe,T,fepubFkeAe,oMV,fepubFkeAe,fepubFkeAe,fepubFkeAe,oMV,T,fiMUeoOg,oMV,fiMUeoOg
fepubFkeAe,fepubFkeAe,fepubFkeAe,T,fepubFkeAe,oMV,T,fepubFkeAe,T,fepubFkeAe,oMV,fepubFkeAe,fepubFkeAe,fepubFkeAe,oMV,T,fiMUeoOg,oMV,fiMUeoOg
T,fepubFkeAe,fepubFkeAe,fepubFkeAe,T,fepubFkeAe,oMV,fepubFkeAe,T,fepubFkeAe,oMV,fepubFkeAe,fepubFkeAe,fepubFkeAe,oMV,T,fiMUeoOg,oMV,fiMUeoOg
T,fepubFkeAe,fepubFkeAe,fepubFkeAe,T,fepubFkeAe,fepubFkeAe,T,fepubFkeAe,oMV,fepubFkeAe,fepubFkeAe,fepubFkeAe,oMV,T,fiMUeoOg,oMV,fiMUeoOg
fepubFkeAe
fiMUeoOg
fiMUeoOg
T,fepubFkeAe,fepubFkeAe,fepubFkeAe,T,fepubFkeAe,fiMUeoOg,fepubFkeAe,T,fepubFkeAe,oMV,fepubFkeAe,fepubFkeAe,fepubFkeAe,oMV,T,oMV
fepubFkeAe,fepubFkeAe,fepubFkeAe,T,fepubFkeAe,fiMUeoOg,T,fepubFkeAe,T,fepubFkeAe,oMV,fepubFkeAe,fepubFkeAe,fepubFkeAe,oMV,T,oMV
fepubFkeAe,fepubFkeAe,fepubFkeAe,T,fepubFkeAe,fiMUeoOg,T,fepubFkeAe,T,fepubFkeAe,oMV,fepubFkeAe,fepubFkeAe,fepubFkeAe,oMV,T,oMV
fepubFkeAe,T,fepubFkeAe,fepubFkeAe,fepubFkeAe,T,fepubFkeAe,oMV,T,fepubFkeAe,oMV,fepubFkeAe,fepubFkeAe,fepubFkeAe,oMV,T,fiMUeoOg,oMV,fiMUeoOg,oMV
T
T
fepubFkeAe,fepubFkeAe,T,fepubFkeAe,oMV,T,fiMUeoOg,T,fepubFkeAe,fepubFkeAe,oMV,fepubFkeAe,fepubFkeAe,fepubFkeAe,oMV,T,oMV,fiMUeoOg,oMV,T,oMV
fepubFkeAe,fepubFkeAe,T,fepubFkeAe,oMV,T,fiMUeoOg,T,fepubFkeAe,fepubFkeAe,oMV,fepubFkeAe,fepubFkeAe,fepubFkeAe,oMV,T,oMV,fiMUeoOg,oMV,T,oMV
T
fepubFkeAe,fepubFkeAe,T,fepubFkeAe,oMV,T,fiMUeoOg,T,fepubFkeAe,fepubFkeAe,oMV,fepubFkeAe,fepubFkeAe,fepubFkeAe,oMV,T,oMV,fiMUeoOg,oMV,T,oMV
T
fepubFkeAe,fepubFkeAe,T,fepubFkeAe,oMV,T,fiMUeoOg,T,fepubFkeAe,fepubFkeAe,oMV,fepubFkeAe,fepubFkeAe,fepubFkeAe,oMV,T,oMV,fiMUeoOg,oMV,T,oMV,fiMUeoOg
T
T
fepubFkeAe
fepubFkeAe,fepubFkeAe,T,fepubFkeAe,oMV,T,fiMUeoOg,T,fepubFkeAe,fepubFkeAe,oMV,fepubFkeAe,fepubFkeAe,fepubFkeAe,oMV,T,oMV,fiMUeoOg,oMV,T,oMV,fiMUeoOg,fiMUeoOg,fepubFkeAe
fepubFkeAe,fepubFkeAe,T,fepubFkeAe,oMV,T,fiMUeoOg,T,fepubFkeAe,fepubFkeAe,oMV,fepubFkeAe,fepubFkeAe,fepubFkeAe,oMV,T,oMV,fiMUeoOg,oMV,T,oMV,fiMUeoOg,fiMUeoOg,fepubFkeAe
fepubFkeAe
fepubFkeAe
fepubFkeAe,fepubFkeAe,T,fepubFkeAe,oMV,T,fiMUeoOg,T,fepubFkeAe,fepubFkeAe,oMV,fepubFkeAe,fepubFkeAe,fepubFkeAe,oMV,T,oMV,fiMUeoOg,oMV,T,oMV,fiMUeoOg,fiMUeoOg,fepubFkeAe
fepubFkeAe,fepubFkeAe,T,fepubFkeAe,oMV,T,fiMUeoOg,T,fepubFkeAe,fepubFkeAe,oMV,fepubFkeAe,fepubFkeAe,fepubFkeAe,oMV,T,oMV,fiMUeoOg,oMV,T,oMV,fiMUeoOg,fiMUeoOg,fepubFkeAe
T
T
fepubFkeAe
fepubFkeAe
fepubFkeAe,fepubFkeAe,T,fepubFkeAe,oMV,T,T,fepubFkeAe,fepubFkeAe,oMV,fepubFkeAe,fepubFkeAe,fepubFkeAe,oMV,T,oMV,fiMUeoOg,oMV,T,oMV,fiMUeoOg,fiMUeoOg,fepubFkeAe,fepubFkeAe
fepubFkeAe,fepubFkeAe,T,fepubFkeAe,oMV,T,fiMUeoOg,T,fepubFkeAe,fepubFkeAe,oMV,fepubFkeAe,fepubFkeAe,fepubFkeAe,oMV,T,oMV,fiMUeoOg,oMV,T,oMV,fiMUeoOg,fiMUeoOg,fepubFkeAe
fepubFkeAe,fepubFkeAe,T,fepubFkeAe,oMV,T,fiMUeoOg,T,fepubFkeAe,fepubFkeAe,oMV,fepubFkeAe,fepubFkeAe,fepubFkeAe,oMV,T,oMV,fiMUeoOg,oMV,T,oMV,fiMUeoOg,fiMUeoOg,fepubFkeAe
fepubFkeAe,fepubFkeAe,T,fepubFkeAe,oMV,T,fiMUeoOg,T,fepubFkeAe,fepubFkeAe,oMV,fepubFkeAe,fepubFkeAe,fepubFkeAe,oMV,T,oMV,fiMUeoOg,oMV,T,oMV,fiMUeoOg,fiMUeoOg,fepubFkeAe
fepubFkeAe
fepubFkeAe,fepubFkeAe,T,fepubFkeAe,T,fiMUeoOg,T,fepubFkeAe,fepubFkeAe,oMV,fepubFkeAe,fepubFkeAe,fepubFkeAe,oMV,T,oMV,fiMUeoOg,oMV,T,oMV,fiMUeoOg,fiMUeoOg,fepubFkeAe
fepubFkeAe
fepubFkeAe,T,fepubFkeAe,oMV,T,fiMUeoOg,T,fepubFkeAe,fepubFkeAe,oMV,fepubFkeAe,fepubFkeAe,fepubFkeAe,oMV,T,oMV,fiMUeoOg,oMV,T,oMV,fiMUeoOg,fiMUeoOg,fepubFkeAe
fepubFkeAe,T,fepubFkeAe,oMV,T,fiMUeoOg,T,fepubFkeAe,fepubFkeAe,oMV,fepubFkeAe,fepubFkeAe,fepubFkeAe,oMV,T,oMV,fiMUeoOg,oMV,T,oMV,fiMUeoOg,fiMUeoOg,fepubFkeAe
fepubFkeAe,fepubFkeAe,T,fepubFkeAe,oMV,T,fiMUeoOg,T,fepubFkeAe,fepubFkeAe,oMV,fepubFkeAe,fepubFkeAe,fepubFkeAe,oMV,T,oMV,fiMUeoOg,oMV,T,oMV,fiMUeoOg,fiMUeoOg,fepubFkeAe
fepubFkeAe,T,fepubFkeAe,T,fiMUeoOg,T,fepubFkeAe,fepubFkeAe,fepubFkeAe,oMV,fepubFkeAe,fepubFkeAe,fepubFkeAe,oMV,T,oMV,fiMUeoOg,oMV,T,oMV,fiMUeoOg,fiMUeoOg,fepubFkeAe,oMV
T
fepubFkeAe,fepubFkeAe,T,T,fepubFkeAe,fiMUeoOg,T,fepubFkeAe,fepubFkeAe,oMV,fepubFkeAe,fepubFkeAe,fepubFkeAe,oMV,T,oMV,fiMUeoOg,oMV,T,oMV,fiMUeoOg,fiMUeoOg,fepubFkeAe,oMV
fepubFkeAe,fepubFkeAe,T,T,fepubFkeAe,fiMUeoOg,T,fepubFkeAe,fepubFkeAe,oMV,fepubFkeAe,fepubFkeAe,fepubFkeAe,oMV,T,oMV,fiMUeoOg,oMV,T,oMV,fiMUeoOg,fiMUeoOg,fepubFkeAe,oMV
fepubFkeAe
fepubFkeAe,fepubFkeAe,T,fepubFkeAe,oMV,T,fiMUeoOg,T,fepubFkeAe,fepubFkeAe,oMV,fepubFkeAe,fepubFkeAe,fepubFkeAe,oMV,T,oMV,fiMUeoOg,oMV,T,oMV,fiMUeoOg,fiMUeoOg,fepubFkeAe
fepubFkeAe,fepubFkeAe,T,fepubFkeAe,oMV,T,T,fepubFkeAe,fepubFkeAe,oMV,fepubFkeAe,fepubFkeAe,fepubFkeAe,oMV,T,oMV,fiMUeoOg,oMV,T,oMV,fiMUeoOg,fiMUeoOg,fepubFkeAe,fepubFkeAe
fepubFkeAe,fepubFkeAe,T,fepubFkeAe,oMV,T,T,fepubFkeAe,fepubFkeAe,oMV,fepubFkeAe,fepubFkeAe,fepubFkeAe,oMV,T,oMV,fiMUeoOg,oMV,T,oMV,fiMUeoOg,fiMUeoOg,fepubFkeAe,fepubFkeAe
fepubFkeAe,fepubFkeAe,T,fepubFkeAe,oMV,T,T,fepubFkeAe,fepubFkeAe,oMV,fepubFkeAe,fepubFkeAe,fepubFkeAe,oMV,T,oMV,fiMUeoOg,oMV,T,oMV,fiMUeoOg,fiMUeoOg,fepubFkeAe,fepubFkeAe
fepubFkeAe,fepubFkeAe,fepubFkeAe,T,T,fepubFkeAe,oMV,fepubFkeAe,T,oMV,fepubFkeAe,fepubFkeAe,fepubFkeAe,oMV,T,oMV,fiMUeoOg,oMV,T,oMV,fiMUeoOg,fiMUeoOg,fepubFkeAe,fepubFkeAe
fepubFkeAe,fepubFkeAe,fepubFkeAe,fepubFkeAe,oMV,fepubFkeAe,T,T,T,oMV,fepubFkeAe,fepubFkeAe,fepubFkeAe,oMV,T,oMV,fiMUeoOg,oMV,T,oMV,fiMUeoOg,fiMUeoOg,fepubFkeAe,fepubFkeAe
fepubFkeAe
fepubFkeAe
fepubFkeAe,fepubFkeAe,fepubFkeAe,T,T,fepubFkeAe,oMV,fepubFkeAe,T,oMV,fepubFkeAe,fepubFkeAe,fepubFkeAe,oMV,T,oMV,fiMUeoOg,oMV,T,oMV,fiMUeoOg,fiMUeoOg,fepubFkeAe,fepubFkeAe
T
fepubFkeAe,fepubFkeAe,fepubFkeAe,T,fepubFkeAe,oMV,fepubFkeAe,T,oMV,fepubFkeAe,fepubFkeAe,fepubFkeAe,oMV,T,oMV,fiMUeoOg,oMV,T,oMV,fiMUeoOg,fiMUeoOg,fepubFkeAe,fepubFkeAe
oMV
fepubFkeAe
fepubFkeAe,fepubFkeAe,fepubFkeAe,T,fepubFkeAe,oMV,fepubFkeAe,T,oMV,fepubFkeAe,fepubFkeAe,fepubFkeAe,oMV,T,oMV,fiMUeoOg,oMV,T,oMV,fiMUeoOg,fiMUeoOg,fepubFkeAe,fepubFkeAe,oMV,oMV
fepubFkeAe,fepubFkeAe,fepubFkeAe,fepubFkeAe,oMV,fepubFkeAe,T,oMV,fepubFkeAe,T,fepubFkeAe,fepubFkeAe,oMV,T,oMV,fiMUeoOg,oMV,T,oMV,fiMUeoOg,fiMUeoOg,fepubFkeAe,fepubFkeAe,oMV
Jedi Wagner, assuma o comando!