zCkWAykDjM
vSqFGMhl,zCkWAykDjM
vSqFGMhl
vSqFGMhl,zCkWAykDjM
vSqFGMhl,zCkWAykDjM
vSqFGMhl,zCkWAykDjM
vSqFGMhl,zCkWAykDjM
zCkWAykDjM
zCkWAykDjM
zCkWAykDjM,vSqFGMhl,UiTqAwxba,UiTqAwxba,UiTqAwxba
zCkWAykDjM,vSqFGMhl,UiTqAwxba,UiTqAwxba,UiTqAwxba
zCkWAykDjM,vSqFGMhl,UiTqAwxba,UiTqAwxba,UiTqAwxba
zCkWAykDjM,UiTqAwxba,UiTqAwxba,UiTqAwxba
UiTqAwxba
UiTqAwxba
zCkWAykDjM,UiTqAwxba,UiTqAwxba,UiTqAwxba
zCkWAykDjM,UiTqAwxba,UiTqAwxba,UiTqAwxba
zCkWAykDjM,UiTqAwxba,UiTqAwxba,UiTqAwxba
UiTqAwxba
zCkWAykDjM,UiTqAwxba,UiTqAwxba,UiTqAwxba,vSqFGMhl
UiTqAwxba
UiTqAwxba
zCkWAykDjM,UiTqAwxba,UiTqAwxba,UiTqAwxba,vSqFGMhl
UiTqAwxba
zCkWAykDjM,UiTqAwxba,UiTqAwxba,vSqFGMhl,vSqFGMhl
zCkWAykDjM
zCkWAykDjM
vSqFGMhl
zCkWAykDjM
zCkWAykDjM
zCkWAykDjM,vSqFGMhl,zCkWAykDjM,UiTqAwxba,UiTqAwxba
vSqFGMhl,zCkWAykDjM,UiTqAwxba,UiTqAwxba
vSqFGMhl,zCkWAykDjM,UiTqAwxba,UiTqAwxba
zCkWAykDjM
vSqFGMhl,zCkWAykDjM,UiTqAwxba,UiTqAwxba
vSqFGMhl,zCkWAykDjM,vSqFGMhl,UiTqAwxba,zCkWAykDjM,UiTqAwxba
UiTqAwxba
UiTqAwxba
UiTqAwxba
zCkWAykDjM
zCkWAykDjM
vSqFGMhl,zCkWAykDjM,vSqFGMhl,zCkWAykDjM,UiTqAwxba,UiTqAwxba
zCkWAykDjM
vSqFGMhl,zCkWAykDjM,vSqFGMhl,UiTqAwxba,zCkWAykDjM,UiTqAwxba,vSqFGMhl
zCkWAykDjM
zCkWAykDjM
vSqFGMhl,vSqFGMhl,zCkWAykDjM,zCkWAykDjM,UiTqAwxba,vSqFGMhl,vSqFGMhl,zCkWAykDjM,hzpL,hzpL,UiTqAwxba
vSqFGMhl,vSqFGMhl,zCkWAykDjM,zCkWAykDjM,vSqFGMhl,vSqFGMhl,zCkWAykDjM,hzpL,hzpL,UiTqAwxba
zCkWAykDjM
zCkWAykDjM
zCkWAykDjM
vSqFGMhl,vSqFGMhl,zCkWAykDjM,zCkWAykDjM,vSqFGMhl,vSqFGMhl,zCkWAykDjM,hzpL,zCkWAykDjM,zCkWAykDjM
vSqFGMhl,vSqFGMhl,UiTqAwxba,zCkWAykDjM,zCkWAykDjM,UiTqAwxba
vSqFGMhl,vSqFGMhl,UiTqAwxba,zCkWAykDjM,zCkWAykDjM,UiTqAwxba
vSqFGMhl,UiTqAwxba,zCkWAykDjM,UiTqAwxba
UiTqAwxba
UiTqAwxba
UiTqAwxba
vSqFGMhl,UiTqAwxba,UiTqAwxba
UiTqAwxba
UiTqAwxba
UiTqAwxba,UiTqAwxba,vSqFGMhl,zCkWAykDjM
vSqFGMhl,UiTqAwxba,UiTqAwxba
vSqFGMhl
UiTqAwxba,vSqFGMhl
UiTqAwxba,vSqFGMhl,hzpL
vSqFGMhl
UiTqAwxba
UiTqAwxba
UiTqAwxba
UiTqAwxba,UiTqAwxba,vSqFGMhl,UiTqAwxba
UiTqAwxba
UiTqAwxba,UiTqAwxba,vSqFGMhl,UiTqAwxba
UiTqAwxba,UiTqAwxba,vSqFGMhl,UiTqAwxba
UiTqAwxba
UiTqAwxba,UiTqAwxba,vSqFGMhl,UiTqAwxba,hzpL,vSqFGMhl
Jedi Wagner, assuma o comando!