Toque! Toque, Dijê!
AzrCXyd
AzrCXyd
AzrCXyd,AzrCXyd
AzrCXyd
Doy
Doy,AzrCXyd,AzrCXyd,WwnZm
Doy,AzrCXyd,AzrCXyd,WwnZm
Doy
Doy,AzrCXyd,AzrCXyd,WwnZm
Doy,AzrCXyd,AzrCXyd,WwnZm
Doy
Doy,AzrCXyd,AzrCXyd,WwnZm,eCaBHX
Doy
AzrCXyd
AzrCXyd,WwnZm
AzrCXyd
AzrCXyd,zmEbF,WwnZm
zmEbF
zmEbF
zmEbF,AzrCXyd
zmEbF,AzrCXyd
zmEbF,AzrCXyd
zmEbF,AzrCXyd,ucKUOokcC
AzrCXyd,zmEbF,VEOuBZZn
AzrCXyd,zmEbF,VEOuBZZn,WwnZm
AzrCXyd,zmEbF,VEOuBZZn,WwnZm,ucKUOokcC
zmEbF,VEOuBZZn,WwnZm,ucKUOokcC
WwnZm
WwnZm,VEOuBZZn,ucKUOokcC,Doy
WwnZm,eCaBHX,VEOuBZZn,ucKUOokcC,Doy
VEOuBZZn
WwnZm
WwnZm
AzrCXyd,zmEbF,WwnZm,ucKUOokcC
AzrCXyd,WwnZm,ucKUOokcC
AzrCXyd
AzrCXyd,WwnZm,ucKUOokcC
AzrCXyd
WwnZm
AzrCXyd,WwnZm,ucKUOokcC
AzrCXyd,WwnZm
WwnZm,AzrCXyd,ucKUOokcC
WwnZm
ucKUOokcC
ucKUOokcC,WwnZm,AzrCXyd,WwnZm,ucKUOokcC,AzrCXyd,zmEbF
AzrCXyd
ucKUOokcC,WwnZm,AzrCXyd,WwnZm,ucKUOokcC,AzrCXyd,zmEbF
AzrCXyd
ucKUOokcC,WwnZm,AzrCXyd,WwnZm,ucKUOokcC,AzrCXyd,zmEbF
ucKUOokcC,WwnZm,AzrCXyd,zmEbF,WwnZm,ucKUOokcC,AzrCXyd,Doy
AzrCXyd
AzrCXyd
ucKUOokcC,WwnZm,AzrCXyd,WwnZm,ucKUOokcC,AzrCXyd,zmEbF
ucKUOokcC,WwnZm,AzrCXyd,WwnZm,ucKUOokcC,AzrCXyd,zmEbF
AzrCXyd
AzrCXyd
ucKUOokcC,WwnZm,WwnZm,ucKUOokcC,AzrCXyd,zmEbF
WwnZm
WwnZm,WwnZm,ucKUOokcC,ucKUOokcC,AzrCXyd,zmEbF
ucKUOokcC
WwnZm,WwnZm,ucKUOokcC,ucKUOokcC,AzrCXyd
ucKUOokcC
WwnZm,WwnZm,AzrCXyd,ucKUOokcC,ucKUOokcC,zmEbF,zmEbF
WwnZm,WwnZm,AzrCXyd,ucKUOokcC,ucKUOokcC,zmEbF,zmEbF,Doy,AzrCXyd,ucKUOokcC
WwnZm,AzrCXyd,Doy,ucKUOokcC,ucKUOokcC,zmEbF,zmEbF,AzrCXyd,ucKUOokcC
ucKUOokcC,WwnZm,WwnZm,ucKUOokcC,AzrCXyd,zmEbF
WwnZm
ucKUOokcC,WwnZm,WwnZm,ucKUOokcC,AzrCXyd,zmEbF,AzrCXyd
WwnZm
WwnZm
ucKUOokcC,WwnZm,eCaBHX,WwnZm,ucKUOokcC,AzrCXyd,zmEbF,WwnZm
ucKUOokcC,WwnZm,zmEbF,WwnZm,ucKUOokcC,AzrCXyd,Doy,eCaBHX
ucKUOokcC,zmEbF,ucKUOokcC,AzrCXyd,WwnZm,Doy,eCaBHX
ucKUOokcC,zmEbF,ucKUOokcC,WwnZm,Doy,eCaBHX,AzrCXyd
ucKUOokcC,zmEbF,ucKUOokcC,WwnZm,Doy,eCaBHX,AzrCXyd
WwnZm
Doy
ucKUOokcC
zmEbF,Doy,WwnZm,ucKUOokcC,ucKUOokcC,eCaBHX,VEOuBZZn
zmEbF,Doy,WwnZm,ucKUOokcC,ucKUOokcC,eCaBHX,VEOuBZZn
ucKUOokcC
zmEbF,Doy,WwnZm,ucKUOokcC,ucKUOokcC,eCaBHX,ucKUOokcC
zmEbF
zmEbF,Doy,WwnZm,ucKUOokcC,ucKUOokcC,eCaBHX,ucKUOokcC,AzrCXyd
zmEbF,Doy,WwnZm,ucKUOokcC,ucKUOokcC,eCaBHX,ucKUOokcC,AzrCXyd,Doy
zmEbF,Doy,WwnZm,ucKUOokcC,ucKUOokcC,eCaBHX,ucKUOokcC,AzrCXyd,Doy
AzrCXyd,zmEbF,Doy,WwnZm,ucKUOokcC,ucKUOokcC,eCaBHX,ucKUOokcC,Doy,eCaBHX
AzrCXyd
eCaBHX,zmEbF,Doy,WwnZm,ucKUOokcC,ucKUOokcC
eCaBHX
zmEbF,Doy,WwnZm,ucKUOokcC,ucKUOokcC,eCaBHX,WwnZm,ucKUOokcC
Doy
zmEbF,Doy,WwnZm,ucKUOokcC,ucKUOokcC,eCaBHX,WwnZm,Doy
zmEbF,Doy,WwnZm,ucKUOokcC,ucKUOokcC,eCaBHX,WwnZm,Doy,AzrCXyd
zmEbF,Doy,WwnZm,AzrCXyd,ucKUOokcC,ucKUOokcC,eCaBHX,WwnZm,Doy
zmEbF,Doy,WwnZm,AzrCXyd,ucKUOokcC,ucKUOokcC,eCaBHX,WwnZm,Doy
zmEbF,Doy,WwnZm,AzrCXyd,ucKUOokcC,ucKUOokcC,eCaBHX,WwnZm,Doy
zmEbF,Doy,WwnZm,AzrCXyd,ucKUOokcC,ucKUOokcC,eCaBHX,WwnZm,Doy
ucKUOokcC
ucKUOokcC
ucKUOokcC
ucKUOokcC
ucKUOokcC
ucKUOokcC
AzrCXyd
zmEbF,WwnZm,ucKUOokcC,Doy,ucKUOokcC,WwnZm,Doy,WwnZm,ucKUOokcC
zmEbF,WwnZm,ucKUOokcC,Doy,ucKUOokcC,WwnZm,Doy,WwnZm,ucKUOokcC
ucKUOokcC
zmEbF,WwnZm,ucKUOokcC,Doy,ucKUOokcC,WwnZm,Doy,WwnZm,ucKUOokcC,AzrCXyd
zmEbF,WwnZm,ucKUOokcC,Doy,ucKUOokcC,WwnZm,Doy,WwnZm,ucKUOokcC
ucKUOokcC
zmEbF,WwnZm,ucKUOokcC,Doy,ucKUOokcC,WwnZm,Doy,WwnZm,ucKUOokcC
zmEbF,WwnZm,ucKUOokcC,Doy,ucKUOokcC,WwnZm,Doy,WwnZm,ucKUOokcC
ucKUOokcC
zmEbF,ucKUOokcC,WwnZm,Doy,Doy,ucKUOokcC
zmEbF,ucKUOokcC,WwnZm,Doy,Doy,ucKUOokcC
WwnZm
Doy
zmEbF,ucKUOokcC,WwnZm,Doy,Doy,ucKUOokcC,VEOuBZZn
zmEbF,ucKUOokcC,WwnZm,Doy,Doy,ucKUOokcC,VEOuBZZn
Doy
Doy
zmEbF,ucKUOokcC,WwnZm,Doy,Doy,ucKUOokcC
zmEbF,ucKUOokcC,WwnZm,Doy,Doy,ucKUOokcC
Doy
Jedi Wagner, assuma o comando!