Toque! Toque, Dijê!
a
xI
Toque! Toque, Dijê!
[vazia]
Toque! Toque, Dijê!
Toque! Toque, Dijê!
[vazia]
[vazia]
Toque! Toque, Dijê!
[vazia]
Toque! Toque, Dijê!
Toque! Toque, Dijê!
Toque! Toque, Dijê!
Toque! Toque, Dijê!
Toque! Toque, Dijê!
Toque! Toque, Dijê!
Toque! Toque, Dijê!
Toque! Toque, Dijê!
kRDaddjleK
[vazia]
Toque! Toque, Dijê!
M
Toque! Toque, Dijê!
Toque! Toque, Dijê!
[vazia]
Toque! Toque, Dijê!
JzxXQskDU
JzxXQskDU,xI,a,Sb
xI
xI
xI
Sb
Sb
JzxXQskDU,Sb,xI,a
Sb
Jedi Wagner, assuma o comando!