Toque! Toque, Dijê!
Toque! Toque, Dijê!
Toque! Toque, Dijê!
BRKsyI
BRKsyI
BRKsyI,BRKsyI
BRKsyI,BRKsyI
Toque! Toque, Dijê!
x
x,Pv,uIUIj
uIUIj,x,Pv
uIUIj,x,Pv
Pv
uIUIj,x,Pv,BRKsyI,EyDVF
uIUIj,x,Pv,BRKsyI,EyDVF
uIUIj,x,Pv
Pv
uIUIj,x,Pv
uIUIj,x,Pv
Pv
Pv
uIUIj,x,Pv
Pv
uIUIj,x,Pv
Pv
Pv
Pv
uIUIj,x,Pv
uIUIj
uIUIj
uIUIj,x,Pv
uIUIj
uIUIj,x,Pv
uIUIj
Pv
Pv,uIUIj,x,fNYZE
Pv,uIUIj,x,fNYZE
Pv,uIUIj,x,fNYZE
x
Pv,x,uIUIj,fNYZE,EyDVF
uIUIj
uIUIj
uIUIj
uIUIj
Pv,uIUIj,EyDVF,x
Pv,uIUIj,EyDVF,x,xcSlacJghf
uIUIj
Jedi Wagner, assuma o comando!