[vazia]
[vazia]
[vazia]
[vazia]
Toque! Toque, Dijê!
zvH
zvH
zvH,fOvUuQR,kEhYWyRsl
zvH
fOvUuQR
fOvUuQR
zvH,fOvUuQR,GG,fOvUuQR
zvH,fOvUuQR,GG,fOvUuQR
zvH,fOvUuQR,GG,fOvUuQR,GG
fOvUuQR,zvH,GG,fOvUuQR
fOvUuQR
kEhYWyRsl
zvH,kEhYWyRsl,yB,fOvUuQR,GG,fOvUuQR,zvH,GG
kEhYWyRsl
zvH,yB,fOvUuQR,GG,fOvUuQR,kEhYWyRsl,zvH,GG
zvH,fOvUuQR,GG,fOvUuQR,yB,kEhYWyRsl,zvH,GG
fOvUuQR
fOvUuQR
GG
GG
zvH,GG,fOvUuQR,yB,zvH,GG,kEhYWyRsl,kEhYWyRsl
GG
zvH,GG,yB,zvH,GG,kEhYWyRsl,kEhYWyRsl,fOvUuQR
fOvUuQR
fOvUuQR
GG,fOvUuQR,yB,zvH,kEhYWyRsl,zvH,fOvUuQR,zvH
yB,GG,fOvUuQR,zvH,zvH,fOvUuQR,zvH,fOvUuQR,zvH
yB,GG,fOvUuQR,zvH,zvH,fOvUuQR,zvH,fOvUuQR,zvH
yB,GG,fOvUuQR,zvH,zvH,fOvUuQR,zvH,fOvUuQR,zvH
GG
fOvUuQR,GG,zvH,zvH,fOvUuQR,zvH,fOvUuQR,zvH
GG
GG
fOvUuQR
zvH
zvH,GG,zvH,fOvUuQR,zvH,fOvUuQR,zvH,cACvJ,fOvUuQR
zvH
fOvUuQR,zvH,GG,zvH,fOvUuQR,zvH,fOvUuQR,zvH
fOvUuQR,zvH,GG,zvH,fOvUuQR,zvH,fOvUuQR,zvH
zvH
zvH
zvH,GG,zvH,fOvUuQR,zvH,fOvUuQR,zvH,kEhYWyRsl,zvH
zvH,GG,zvH,fOvUuQR,zvH,fOvUuQR,zvH,kEhYWyRsl,zvH
fOvUuQR
fOvUuQR
fOvUuQR
zvH
kEhYWyRsl
zvH,GG,zvH,kEhYWyRsl,zvH,zvH,zvH,cACvJ,yB,zvH
zvH,GG,zvH,fOvUuQR,zvH,fOvUuQR,zvH,kEhYWyRsl
fOvUuQR
zvH,GG,zvH,fOvUuQR,zvH,fOvUuQR,zvH,kEhYWyRsl,GG
GG,zvH,fOvUuQR,zvH,zvH,fOvUuQR,zvH,kEhYWyRsl,GG
GG,zvH,fOvUuQR,zvH,zvH,fOvUuQR,zvH,kEhYWyRsl,GG
GG,zvH,fOvUuQR,zvH,zvH,fOvUuQR,zvH,GG
zvH
GG,zvH,zvH,fOvUuQR,zvH,fOvUuQR,zvH,GG,kEhYWyRsl,kEhYWyRsl
GG,zvH,zvH,fOvUuQR,zvH,fOvUuQR,zvH,GG,kEhYWyRsl,kEhYWyRsl
GG,zvH,zvH,fOvUuQR,zvH,fOvUuQR,zvH,GG,kEhYWyRsl,kEhYWyRsl
GG,zvH,zvH,kEhYWyRsl,fOvUuQR,zvH,fOvUuQR,zvH,GG,kEhYWyRsl
kEhYWyRsl
GG,zvH,zvH,kEhYWyRsl,fOvUuQR,zvH,fOvUuQR,zvH,GG,kEhYWyRsl,fOvUuQR
kEhYWyRsl
kEhYWyRsl
GG,zvH,zvH,kEhYWyRsl,fOvUuQR,zvH,fOvUuQR,zvH,GG,kEhYWyRsl,fOvUuQR
kEhYWyRsl
GG,zvH,fOvUuQR,zvH,zvH,fOvUuQR,zvH,GG,kEhYWyRsl,kEhYWyRsl,zvH
zvH
fOvUuQR
GG,zvH,fOvUuQR,zvH,fOvUuQR,zvH,GG,kEhYWyRsl,kEhYWyRsl,zvH
zvH
GG,fOvUuQR,zvH,zvH,fOvUuQR,zvH,GG,kEhYWyRsl,kEhYWyRsl,zvH
GG,fOvUuQR,zvH,zvH,fOvUuQR,zvH,GG,kEhYWyRsl,kEhYWyRsl,zvH,kEhYWyRsl
zvH
fOvUuQR
fOvUuQR
GG,zvH,zvH,fOvUuQR,zvH,fOvUuQR,zvH,GG,kEhYWyRsl,kEhYWyRsl,GG,cACvJ
GG,zvH,fOvUuQR,zvH,fOvUuQR,zvH,GG,kEhYWyRsl,kEhYWyRsl,GG,cACvJ
fOvUuQR
GG,zvH,fOvUuQR,zvH,fOvUuQR,zvH,GG,kEhYWyRsl,kEhYWyRsl,GG,cACvJ
GG,zvH,zvH,zvH,fOvUuQR,zvH,GG,kEhYWyRsl,kEhYWyRsl
zvH
GG,zvH,zvH,zvH,fOvUuQR,zvH,GG,kEhYWyRsl,kEhYWyRsl
zvH
GG,zvH,zvH,zvH,fOvUuQR,zvH,GG,kEhYWyRsl,kEhYWyRsl
GG,zvH,zvH,fOvUuQR,zvH,GG,kEhYWyRsl,kEhYWyRsl
zvH
GG,zvH,zvH,fOvUuQR,zvH,GG,kEhYWyRsl,kEhYWyRsl
zvH
fOvUuQR
fOvUuQR
GG,zvH,zvH,fOvUuQR,zvH,fOvUuQR,zvH,GG,kEhYWyRsl,kEhYWyRsl
fOvUuQR
fOvUuQR
zvH,zvH,fOvUuQR,GG,zvH,fOvUuQR,zvH,GG,kEhYWyRsl
GG
fOvUuQR
fOvUuQR
GG,zvH,zvH,fOvUuQR,zvH,fOvUuQR,zvH,GG,kEhYWyRsl,kEhYWyRsl,fOvUuQR,GG
GG,zvH,zvH,zvH,fOvUuQR,zvH,GG,kEhYWyRsl,kEhYWyRsl
GG,zvH,zvH,zvH,fOvUuQR,zvH,GG,kEhYWyRsl,kEhYWyRsl,GG
fOvUuQR
GG,zvH,zvH,fOvUuQR,zvH,zvH,GG,kEhYWyRsl,kEhYWyRsl
fOvUuQR
GG
zvH,kEhYWyRsl,yB,GG,fOvUuQR,zvH,zvH,kEhYWyRsl,zvH,GG,zvH,GG,cACvJ,GG
kEhYWyRsl,zvH,yB,GG,fOvUuQR,zvH,zvH,kEhYWyRsl,zvH,GG,zvH,GG,cACvJ,GG
kEhYWyRsl,zvH,yB,GG,fOvUuQR,zvH,zvH,kEhYWyRsl,zvH,GG,zvH,GG,cACvJ,GG
kEhYWyRsl
fOvUuQR
GG,zvH,fOvUuQR,zvH,fOvUuQR,zvH,GG,kEhYWyRsl,kEhYWyRsl,GG
GG,zvH,zvH,fOvUuQR,zvH,fOvUuQR,zvH,GG,kEhYWyRsl,kEhYWyRsl
fOvUuQR
fOvUuQR
fOvUuQR
GG,zvH,fOvUuQR,zvH,fOvUuQR,zvH,GG,kEhYWyRsl,kEhYWyRsl,zvH,cACvJ
fOvUuQR
zvH,fOvUuQR,GG,zvH,fOvUuQR,zvH,GG,kEhYWyRsl,kEhYWyRsl,zvH,cACvJ
zvH,fOvUuQR,GG,zvH,fOvUuQR,zvH,GG,kEhYWyRsl,kEhYWyRsl,zvH,cACvJ
zvH,zvH,fOvUuQR,kEhYWyRsl,zvH,fOvUuQR,zvH,GG,kEhYWyRsl
fOvUuQR
fOvUuQR
zvH,fOvUuQR,zvH,kEhYWyRsl,zvH,fOvUuQR,zvH,GG,kEhYWyRsl,cACvJ
zvH,fOvUuQR,zvH,kEhYWyRsl,zvH,fOvUuQR,zvH,GG,kEhYWyRsl,cACvJ
fOvUuQR
GG,zvH,fOvUuQR,kEhYWyRsl,zvH,fOvUuQR,zvH,GG,kEhYWyRsl,yB,kEhYWyRsl
kEhYWyRsl
kEhYWyRsl
zvH,fOvUuQR,kEhYWyRsl,GG,zvH,fOvUuQR,zvH,GG,kEhYWyRsl,kEhYWyRsl
zvH,fOvUuQR,kEhYWyRsl,GG,zvH,fOvUuQR,zvH,GG,kEhYWyRsl,kEhYWyRsl
zvH,fOvUuQR,kEhYWyRsl,GG,zvH,fOvUuQR,zvH,GG,kEhYWyRsl,kEhYWyRsl
zvH
fOvUuQR,kEhYWyRsl,GG,zvH,fOvUuQR,zvH,GG,kEhYWyRsl,kEhYWyRsl
zvH
fOvUuQR,GG,zvH,fOvUuQR,zvH,kEhYWyRsl,GG,kEhYWyRsl,kEhYWyRsl,yB
GG
GG
GG
GG
fOvUuQR,GG,zvH,fOvUuQR,zvH,kEhYWyRsl,GG,kEhYWyRsl,kEhYWyRsl,yB,cACvJ
GG
GG
fOvUuQR,GG,zvH,fOvUuQR,zvH,kEhYWyRsl,GG,kEhYWyRsl,kEhYWyRsl,yB,cACvJ
fOvUuQR,GG,zvH,fOvUuQR,zvH,kEhYWyRsl,GG,kEhYWyRsl,kEhYWyRsl,yB,cACvJ,kEhYWyRsl
fOvUuQR,GG,zvH,fOvUuQR,zvH,kEhYWyRsl,GG,kEhYWyRsl,kEhYWyRsl,yB,cACvJ,kEhYWyRsl
GG
GG
GG
zvH,fOvUuQR,zvH,kEhYWyRsl,GG,kEhYWyRsl,kEhYWyRsl,GG,yB,fOvUuQR,cACvJ,kEhYWyRsl,yB
fOvUuQR,zvH,kEhYWyRsl,GG,kEhYWyRsl,kEhYWyRsl,GG,yB,fOvUuQR,cACvJ,kEhYWyRsl,yB,GG
fOvUuQR,kEhYWyRsl,GG,kEhYWyRsl,kEhYWyRsl,GG,yB,fOvUuQR,cACvJ,kEhYWyRsl,yB,GG,kEhYWyRsl
cACvJ
fOvUuQR,kEhYWyRsl,GG,kEhYWyRsl,kEhYWyRsl,GG,yB,fOvUuQR,cACvJ,kEhYWyRsl,yB,GG,kEhYWyRsl,fOvUuQR,GG
fOvUuQR,kEhYWyRsl,GG,kEhYWyRsl,kEhYWyRsl,GG,fOvUuQR,cACvJ,kEhYWyRsl,yB,yB,GG,kEhYWyRsl,fOvUuQR,GG,fOvUuQR
kEhYWyRsl
GG
fOvUuQR,kEhYWyRsl,kEhYWyRsl,GG,fOvUuQR,cACvJ,kEhYWyRsl,kEhYWyRsl,yB,GG,kEhYWyRsl,fOvUuQR,GG,fOvUuQR
fOvUuQR,kEhYWyRsl,kEhYWyRsl,fOvUuQR,cACvJ,kEhYWyRsl,kEhYWyRsl,yB,GG,kEhYWyRsl,fOvUuQR,GG,fOvUuQR,kEhYWyRsl
fOvUuQR,kEhYWyRsl,kEhYWyRsl,fOvUuQR,cACvJ,kEhYWyRsl,kEhYWyRsl,yB,GG,kEhYWyRsl,fOvUuQR,GG,fOvUuQR,kEhYWyRsl
fOvUuQR,kEhYWyRsl,kEhYWyRsl,fOvUuQR,kEhYWyRsl,kEhYWyRsl,yB,GG,cACvJ,kEhYWyRsl,fOvUuQR,GG,fOvUuQR,kEhYWyRsl,zvH,yB,yB
fOvUuQR
fOvUuQR,kEhYWyRsl,kEhYWyRsl,GG,fOvUuQR,cACvJ,kEhYWyRsl,kEhYWyRsl,yB,GG,kEhYWyRsl,fOvUuQR,GG,fOvUuQR,zvH
fOvUuQR,kEhYWyRsl,kEhYWyRsl,GG,fOvUuQR,cACvJ,kEhYWyRsl,kEhYWyRsl,yB,GG,kEhYWyRsl,fOvUuQR,GG,fOvUuQR,zvH
GG
fOvUuQR,kEhYWyRsl,kEhYWyRsl,GG,fOvUuQR,cACvJ,kEhYWyRsl,kEhYWyRsl,yB,GG,kEhYWyRsl,fOvUuQR,GG,fOvUuQR
GG
fOvUuQR,kEhYWyRsl,kEhYWyRsl,fOvUuQR,kEhYWyRsl,kEhYWyRsl,GG,kEhYWyRsl,fOvUuQR,GG,fOvUuQR
GG
fOvUuQR,kEhYWyRsl,kEhYWyRsl,GG,fOvUuQR,cACvJ,kEhYWyRsl,kEhYWyRsl,yB,GG,kEhYWyRsl,fOvUuQR,GG,fOvUuQR,yB
fOvUuQR,kEhYWyRsl,fOvUuQR,cACvJ,kEhYWyRsl,kEhYWyRsl,yB,GG,kEhYWyRsl,fOvUuQR,GG,fOvUuQR,yB
GG
cACvJ
fOvUuQR,kEhYWyRsl,fOvUuQR,kEhYWyRsl,kEhYWyRsl,yB,GG,kEhYWyRsl,cACvJ,fOvUuQR,GG,fOvUuQR,yB
cACvJ
fOvUuQR,kEhYWyRsl,fOvUuQR,kEhYWyRsl,kEhYWyRsl,yB,GG,kEhYWyRsl,cACvJ,fOvUuQR,GG,fOvUuQR,yB,zvH
fOvUuQR
kEhYWyRsl,fOvUuQR,kEhYWyRsl,kEhYWyRsl,yB,kEhYWyRsl,cACvJ,GG,fOvUuQR,GG,fOvUuQR,yB
GG
fOvUuQR,kEhYWyRsl,kEhYWyRsl,yB,kEhYWyRsl,cACvJ,GG,fOvUuQR,GG,fOvUuQR,yB,zvH,fOvUuQR,cACvJ
GG
GG
fOvUuQR,kEhYWyRsl,kEhYWyRsl,yB,kEhYWyRsl,cACvJ,GG,fOvUuQR,GG,fOvUuQR,yB,zvH,kEhYWyRsl
fOvUuQR,kEhYWyRsl,kEhYWyRsl,cACvJ,GG,fOvUuQR,GG,yB,fOvUuQR,yB,kEhYWyRsl,fOvUuQR
yB
fOvUuQR,kEhYWyRsl,kEhYWyRsl,yB,kEhYWyRsl,cACvJ,GG,fOvUuQR,GG,fOvUuQR,yB,zvH,kEhYWyRsl
GG
cACvJ
fOvUuQR,kEhYWyRsl,yB,kEhYWyRsl,GG,fOvUuQR,GG,cACvJ,fOvUuQR,yB,cACvJ
fOvUuQR,kEhYWyRsl,yB,kEhYWyRsl,GG,fOvUuQR,GG,cACvJ,fOvUuQR,yB,cACvJ
fOvUuQR,yB,kEhYWyRsl,GG,fOvUuQR,GG,cACvJ,fOvUuQR,yB,cACvJ
fOvUuQR,yB,kEhYWyRsl,GG,fOvUuQR,GG,cACvJ,fOvUuQR,yB,cACvJ
fOvUuQR,yB,kEhYWyRsl,GG,fOvUuQR,GG,cACvJ,fOvUuQR,yB,cACvJ
fOvUuQR,yB,kEhYWyRsl,GG,fOvUuQR,GG,cACvJ,fOvUuQR,yB,cACvJ
fOvUuQR
yB
yB
fOvUuQR,kEhYWyRsl,GG,fOvUuQR,GG,cACvJ,fOvUuQR,yB,cACvJ,yB,GG
fOvUuQR,kEhYWyRsl,GG,fOvUuQR,GG,cACvJ,fOvUuQR,yB,cACvJ,yB,GG,fOvUuQR
fOvUuQR,yB,kEhYWyRsl,GG,fOvUuQR,GG,cACvJ,fOvUuQR,yB,cACvJ
yB
yB
fOvUuQR,yB,kEhYWyRsl,GG,fOvUuQR,GG,cACvJ,fOvUuQR,yB,cACvJ
Jedi Wagner, assuma o comando!