[vazia]
Toque! Toque, Dijê!
TKjBXTb
Toque! Toque, Dijê!
Toque! Toque, Dijê!
TKjBXTb
TKjBXTb
[vazia]
Toque! Toque, Dijê!
TKjBXTb,TKjBXTb
Toque! Toque, Dijê!
[vazia]
Toque! Toque, Dijê!
Toque! Toque, Dijê!
[vazia]
Toque! Toque, Dijê!
[vazia]
TKjBXTb
Toque! Toque, Dijê!
Toque! Toque, Dijê!
[vazia]
Toque! Toque, Dijê!
[vazia]
Toque! Toque, Dijê!
TKjBXTb
Toque! Toque, Dijê!
Toque! Toque, Dijê!
Toque! Toque, Dijê!
[vazia]
Toque! Toque, Dijê!
Toque! Toque, Dijê!
Toque! Toque, Dijê!
TKjBXTb
TKjBXTb
TKjBXTb,TKjBXTb,TKjBXTb
TKjBXTb,TKjBXTb,TKjBXTb
TKjBXTb
TKjBXTb
TKjBXTb
TKjBXTb
TKjBXTb,TKjBXTb
TKjBXTb
TKjBXTb,TKjBXTb,TKjBXTb
TKjBXTb
TKjBXTb,TKjBXTb,TKjBXTb,TKjBXTb,TKjBXTb
TKjBXTb,TKjBXTb,TKjBXTb,TKjBXTb,TKjBXTb
TKjBXTb,TKjBXTb,TKjBXTb,TKjBXTb,TKjBXTb
TKjBXTb
TKjBXTb
TKjBXTb
TKjBXTb,TKjBXTb,TKjBXTb
TKjBXTb,TKjBXTb,TKjBXTb,TKjBXTb,TKjBXTb
TKjBXTb,TKjBXTb,TKjBXTb,TKjBXTb,TKjBXTb,TKjBXTb
TKjBXTb
TKjBXTb,TKjBXTb,TKjBXTb
TKjBXTb
TKjBXTb
TKjBXTb,TKjBXTb,TKjBXTb
TKjBXTb
TKjBXTb
TKjBXTb
TKjBXTb
TKjBXTb,TKjBXTb,TKjBXTb,TKjBXTb
TKjBXTb,TKjBXTb,TKjBXTb,TKjBXTb
TKjBXTb
TKjBXTb,TKjBXTb,TKjBXTb,TKjBXTb
TKjBXTb
TKjBXTb
[vazia]
TKjBXTb
TKjBXTb
TKjBXTb
TKjBXTb
TKjBXTb
TKjBXTb,TKjBXTb,TKjBXTb
TKjBXTb
TKjBXTb
TKjBXTb,TKjBXTb
TKjBXTb
TKjBXTb,TKjBXTb,TKjBXTb,TKjBXTb
TKjBXTb,TKjBXTb
TKjBXTb
TKjBXTb
TKjBXTb,TKjBXTb
TKjBXTb
TKjBXTb
TKjBXTb,TKjBXTb
TKjBXTb,TKjBXTb
TKjBXTb,TKjBXTb,TKjBXTb,TKjBXTb
TKjBXTb,TKjBXTb,TKjBXTb,TKjBXTb
TKjBXTb
TKjBXTb,TKjBXTb
TKjBXTb
TKjBXTb,TKjBXTb,TKjBXTb
TKjBXTb,TKjBXTb,TKjBXTb
TKjBXTb
TKjBXTb
TKjBXTb,TKjBXTb,TKjBXTb
TKjBXTb
TKjBXTb
TKjBXTb,TKjBXTb,TKjBXTb
TKjBXTb,TKjBXTb,TKjBXTb,TKjBXTb,TKjBXTb,TKjBXTb
TKjBXTb,TKjBXTb,TKjBXTb,TKjBXTb,TKjBXTb,TKjBXTb
TKjBXTb
TKjBXTb,TKjBXTb,TKjBXTb,TKjBXTb,TKjBXTb
TKjBXTb
TKjBXTb
TKjBXTb,TKjBXTb,TKjBXTb,TKjBXTb,TKjBXTb,TKjBXTb
TKjBXTb,TKjBXTb,TKjBXTb,TKjBXTb,TKjBXTb,TKjBXTb
TKjBXTb,TKjBXTb,TKjBXTb,TKjBXTb,TKjBXTb,TKjBXTb
TKjBXTb
TKjBXTb
TKjBXTb,TKjBXTb,TKjBXTb,TKjBXTb,TKjBXTb,TKjBXTb
TKjBXTb,TKjBXTb,TKjBXTb,TKjBXTb,TKjBXTb,TKjBXTb,TKjBXTb
TKjBXTb
TKjBXTb
TKjBXTb,TKjBXTb,TKjBXTb,TKjBXTb,TKjBXTb,TKjBXTb
TKjBXTb,TKjBXTb,TKjBXTb,TKjBXTb,TKjBXTb,TKjBXTb
TKjBXTb,TKjBXTb,TKjBXTb,TKjBXTb,TKjBXTb,TKjBXTb
TKjBXTb,TKjBXTb,TKjBXTb,TKjBXTb,TKjBXTb,TKjBXTb,TKjBXTb,TKjBXTb
TKjBXTb,TKjBXTb,TKjBXTb,TKjBXTb,TKjBXTb,TKjBXTb,TKjBXTb,TKjBXTb
TKjBXTb,TKjBXTb,TKjBXTb,TKjBXTb,TKjBXTb,TKjBXTb,TKjBXTb,TKjBXTb
TKjBXTb
TKjBXTb,TKjBXTb,TKjBXTb,TKjBXTb,TKjBXTb,TKjBXTb,TKjBXTb,TKjBXTb
TKjBXTb
TKjBXTb,TKjBXTb,TKjBXTb,TKjBXTb,TKjBXTb,TKjBXTb,TKjBXTb,TKjBXTb,TKjBXTb,TKjBXTb
TKjBXTb
TKjBXTb,TKjBXTb,TKjBXTb,TKjBXTb,TKjBXTb,TKjBXTb,TKjBXTb,TKjBXTb
TKjBXTb,TKjBXTb,TKjBXTb,TKjBXTb,TKjBXTb,TKjBXTb,TKjBXTb,TKjBXTb,TKjBXTb,TKjBXTb
TKjBXTb,TKjBXTb,TKjBXTb,TKjBXTb,TKjBXTb,TKjBXTb,TKjBXTb,TKjBXTb
TKjBXTb,TKjBXTb,TKjBXTb,TKjBXTb,TKjBXTb,TKjBXTb,TKjBXTb,TKjBXTb,TKjBXTb,TKjBXTb
TKjBXTb
TKjBXTb,TKjBXTb,TKjBXTb,TKjBXTb,TKjBXTb,TKjBXTb,TKjBXTb,TKjBXTb,TKjBXTb
TKjBXTb,TKjBXTb,TKjBXTb,TKjBXTb,TKjBXTb,TKjBXTb,TKjBXTb,TKjBXTb,TKjBXTb
TKjBXTb,TKjBXTb,TKjBXTb,TKjBXTb,TKjBXTb,TKjBXTb,TKjBXTb,TKjBXTb,TKjBXTb
TKjBXTb,TKjBXTb,TKjBXTb,TKjBXTb,TKjBXTb,TKjBXTb,TKjBXTb,TKjBXTb
TKjBXTb
TKjBXTb
TKjBXTb,TKjBXTb,TKjBXTb,TKjBXTb,TKjBXTb,TKjBXTb,TKjBXTb,TKjBXTb
TKjBXTb
TKjBXTb
TKjBXTb,TKjBXTb,TKjBXTb,TKjBXTb,TKjBXTb,TKjBXTb,TKjBXTb
TKjBXTb
TKjBXTb
TKjBXTb
TKjBXTb
TKjBXTb
TKjBXTb,TKjBXTb,TKjBXTb,TKjBXTb,TKjBXTb,TKjBXTb,TKjBXTb,TKjBXTb
TKjBXTb,TKjBXTb,TKjBXTb,TKjBXTb,TKjBXTb,TKjBXTb,TKjBXTb,TKjBXTb
TKjBXTb
TKjBXTb
TKjBXTb,TKjBXTb,TKjBXTb,TKjBXTb,TKjBXTb,TKjBXTb
TKjBXTb,TKjBXTb,TKjBXTb,TKjBXTb,TKjBXTb,TKjBXTb
TKjBXTb,TKjBXTb,TKjBXTb,TKjBXTb,TKjBXTb,TKjBXTb,TKjBXTb
TKjBXTb
TKjBXTb
TKjBXTb
TKjBXTb
TKjBXTb,TKjBXTb,TKjBXTb,TKjBXTb,TKjBXTb,TKjBXTb,TKjBXTb,TKjBXTb
TKjBXTb
TKjBXTb,TKjBXTb,TKjBXTb,TKjBXTb,TKjBXTb,TKjBXTb,TKjBXTb
TKjBXTb,TKjBXTb,TKjBXTb,TKjBXTb,TKjBXTb,TKjBXTb,TKjBXTb,TKjBXTb
TKjBXTb
TKjBXTb,TKjBXTb,TKjBXTb,TKjBXTb,TKjBXTb,TKjBXTb,TKjBXTb,TKjBXTb
TKjBXTb
TKjBXTb,TKjBXTb,TKjBXTb,TKjBXTb,TKjBXTb,TKjBXTb,TKjBXTb,TKjBXTb,TKjBXTb
TKjBXTb,TKjBXTb,TKjBXTb,TKjBXTb,TKjBXTb,TKjBXTb,TKjBXTb,TKjBXTb,TKjBXTb
TKjBXTb
TKjBXTb,TKjBXTb,TKjBXTb,TKjBXTb,TKjBXTb,TKjBXTb,TKjBXTb,TKjBXTb,TKjBXTb,TKjBXTb,TKjBXTb
TKjBXTb
TKjBXTb,TKjBXTb,TKjBXTb,TKjBXTb,TKjBXTb,TKjBXTb,TKjBXTb,TKjBXTb,TKjBXTb,TKjBXTb,TKjBXTb,TKjBXTb
TKjBXTb,TKjBXTb,TKjBXTb,TKjBXTb,TKjBXTb,TKjBXTb,TKjBXTb,TKjBXTb,TKjBXTb,TKjBXTb,TKjBXTb,TKjBXTb,TKjBXTb
TKjBXTb,TKjBXTb,TKjBXTb,TKjBXTb,TKjBXTb,TKjBXTb,TKjBXTb,TKjBXTb,TKjBXTb,TKjBXTb,TKjBXTb,TKjBXTb,TKjBXTb
TKjBXTb
TKjBXTb
TKjBXTb,TKjBXTb,TKjBXTb,TKjBXTb,TKjBXTb,TKjBXTb,TKjBXTb,TKjBXTb,TKjBXTb
TKjBXTb,TKjBXTb,TKjBXTb,TKjBXTb,TKjBXTb,TKjBXTb,TKjBXTb,TKjBXTb,TKjBXTb
TKjBXTb,TKjBXTb,TKjBXTb,TKjBXTb,TKjBXTb,TKjBXTb,TKjBXTb,TKjBXTb,TKjBXTb
TKjBXTb,TKjBXTb,TKjBXTb,TKjBXTb,TKjBXTb,TKjBXTb,TKjBXTb,TKjBXTb,TKjBXTb
TKjBXTb,TKjBXTb,TKjBXTb,TKjBXTb,TKjBXTb,TKjBXTb,TKjBXTb,TKjBXTb,TKjBXTb
TKjBXTb,TKjBXTb,TKjBXTb,TKjBXTb,TKjBXTb,TKjBXTb,TKjBXTb,TKjBXTb,TKjBXTb
TKjBXTb,TKjBXTb,TKjBXTb,TKjBXTb,TKjBXTb,TKjBXTb,TKjBXTb,TKjBXTb
TKjBXTb,TKjBXTb,TKjBXTb,TKjBXTb,TKjBXTb,TKjBXTb,TKjBXTb,TKjBXTb
TKjBXTb,TKjBXTb,TKjBXTb,TKjBXTb,TKjBXTb,TKjBXTb,TKjBXTb,TKjBXTb
TKjBXTb,TKjBXTb,TKjBXTb,TKjBXTb,TKjBXTb,TKjBXTb,TKjBXTb,TKjBXTb
TKjBXTb
TKjBXTb
TKjBXTb
TKjBXTb,TKjBXTb,TKjBXTb,TKjBXTb,TKjBXTb,TKjBXTb,TKjBXTb,TKjBXTb,TKjBXTb
TKjBXTb,TKjBXTb,TKjBXTb,TKjBXTb,TKjBXTb,TKjBXTb,TKjBXTb,TKjBXTb
TKjBXTb
TKjBXTb,TKjBXTb,TKjBXTb,TKjBXTb,TKjBXTb,TKjBXTb,TKjBXTb,TKjBXTb
TKjBXTb,TKjBXTb,TKjBXTb,TKjBXTb,TKjBXTb,TKjBXTb,TKjBXTb,TKjBXTb
TKjBXTb,TKjBXTb,TKjBXTb,TKjBXTb,TKjBXTb,TKjBXTb,TKjBXTb,TKjBXTb
TKjBXTb,TKjBXTb,TKjBXTb,TKjBXTb,TKjBXTb,TKjBXTb,TKjBXTb,TKjBXTb,TKjBXTb
TKjBXTb
TKjBXTb,TKjBXTb,TKjBXTb,TKjBXTb,TKjBXTb,TKjBXTb,TKjBXTb,TKjBXTb,TKjBXTb,TKjBXTb,TKjBXTb,TKjBXTb
TKjBXTb
TKjBXTb,TKjBXTb,TKjBXTb,TKjBXTb,TKjBXTb,TKjBXTb,TKjBXTb,TKjBXTb,TKjBXTb,TKjBXTb
TKjBXTb,TKjBXTb,TKjBXTb,TKjBXTb,TKjBXTb,TKjBXTb,TKjBXTb,TKjBXTb,TKjBXTb,TKjBXTb
TKjBXTb,TKjBXTb,TKjBXTb,TKjBXTb,TKjBXTb,TKjBXTb,TKjBXTb,TKjBXTb,TKjBXTb,TKjBXTb
Jedi Wagner, assuma o comando!