HxRGnqAR
HxRGnqAR
HxRGnqAR
HxRGnqAR
HxRGnqAR
HxRGnqAR
kcqeVC
kcqeVC
kcqeVC
kcqeVC
kcqeVC
kcqeVC
Toque! Toque, Dijê!
Toque! Toque, Dijê!
Toque! Toque, Dijê!
rpPMkr
rpPMkr
ZQkxzCew
ZQkxzCew
[vazia]
[vazia]
[vazia]
[vazia]
rpPMkr
rpPMkr
rpPMkr
Toque! Toque, Dijê!
[vazia]
d
d
d
d,HxRGnqAR
d,HxRGnqAR
d,HxRGnqAR,d
[vazia]
Toque! Toque, Dijê!
Toque! Toque, Dijê!
Toque! Toque, Dijê!
Toque! Toque, Dijê!
kcqeVC,d
kcqeVC,d,rpPMkr
d
hmE
rpPMkr
kcqeVC,hmE,d,rpPMkr
kcqeVC,hmE,d,rpPMkr
kcqeVC
kcqeVC
kcqeVC
kcqeVC,rpPMkr
kcqeVC
kcqeVC
kcqeVC
kcqeVC
kcqeVC
kcqeVC
kcqeVC
hmE,rpPMkr
hmE
kcqeVC,d,rpPMkr
kcqeVC
d,kcqeVC,rpPMkr
d,rpPMkr
d,rpPMkr
d,rpPMkr
rpPMkr
kcqeVC,d,rpPMkr
hmE
hmE
kcqeVC,hmE,d,ZQkxzCew
kcqeVC,rpPMkr,d,kcqeVC
rpPMkr
rpPMkr
rpPMkr
kcqeVC,hmE,rpPMkr,ZQkxzCew,ZQkxzCew
rpPMkr
rpPMkr
rpPMkr
ZQkxzCew
kcqeVC,hmE,ZQkxzCew,rpPMkr,ZQkxzCew
ZQkxzCew
ZQkxzCew
rpPMkr
hmE,ZQkxzCew,rpPMkr,ZQkxzCew,rpPMkr,hmE
rpPMkr
rpPMkr
rpPMkr
hmE,rpPMkr,ZQkxzCew,rpPMkr,hmE,kcqeVC
hmE,rpPMkr,ZQkxzCew,ZQkxzCew,rpPMkr,hmE,kcqeVC
hmE,rpPMkr,ZQkxzCew,ZQkxzCew,rpPMkr,hmE,kcqeVC
rpPMkr
hmE,ZQkxzCew,rpPMkr,ZQkxzCew,rpPMkr,hmE,kcqeVC
rpPMkr
ZQkxzCew,rpPMkr,ZQkxzCew,rpPMkr,hmE,kcqeVC
ZQkxzCew,rpPMkr,ZQkxzCew,rpPMkr,kcqeVC
rpPMkr
rpPMkr
rpPMkr
rpPMkr
kcqeVC
Jedi Wagner, assuma o comando!