[vazia]
Toque! Toque, Dijê!
Toque! Toque, Dijê!
pqt,pqt
pqt
[vazia]
pqt
pqt
pqt
pqt,pqt,pqt,pqt
pqt,pqt,pqt,pqt
pqt,pqt,pqt,pqt
pqt,pqt,pqt,pqt
pqt,pqt,pqt,pqt
pqt
pqt,pqt,pqt,pqt
pqt,pqt,pqt
pqt,pqt,pqt
pqt
pqt
pqt,pqt
pqt
pqt
pqt
pqt
pqt
pqt
pqt
pqt
pqt
Toque! Toque, Dijê!
[vazia]
[vazia]
pqt
pqt
Toque! Toque, Dijê!
Toque! Toque, Dijê!
[vazia]
pqt,pqt,pqt
pqt,pqt,pqt
pqt,pqt,pqt,pqt
pqt,pqt,pqt,pqt
pqt,pqt,pqt
pqt,pqt
pqt
pqt
pqt
pqt
pqt,pqt,pqt
pqt,pqt,pqt
pqt,pqt,pqt
pqt
pqt,pqt,pqt
pqt,pqt
pqt
pqt
pqt,pqt
pqt
pqt
pqt,pqt
pqt,pqt
pqt
pqt,pqt,pqt
pqt,pqt,pqt,pqt
pqt,pqt,pqt
pqt,pqt,pqt
pqt,pqt,pqt
pqt
pqt
pqt,pqt,pqt,pqt
pqt,pqt,pqt,pqt
pqt
pqt
pqt
pqt
pqt
pqt,pqt
[vazia]
Toque! Toque, Dijê!
Toque! Toque, Dijê!
pqt
pqt,pqt,pqt
pqt
pqt
pqt,pqt
pqt,pqt
pqt
pqt
pqt,pqt
pqt,pqt
pqt
pqt,pqt,pqt
pqt,pqt
pqt
pqt,pqt,pqt
pqt
pqt
Jedi Wagner, assuma o comando!