Toque! Toque, Dijê!
[vazia]
Toque! Toque, Dijê!
Toque! Toque, Dijê!
iuXxXw
iuXxXw
iuXxXw
iuXxXw
iuXxXw
SclRDz,ZMVlZIzNS
SclRDz,ZMVlZIzNS,SclRDz
SclRDz
SclRDz
SclRDz
SclRDz
SclRDz,ZMVlZIzNS
SclRDz,ZMVlZIzNS
Toque! Toque, Dijê!
Toque! Toque, Dijê!
[vazia]
[vazia]
Toque! Toque, Dijê!
[vazia]
[vazia]
KuqJITl
SclRDz
SclRDz
[vazia]
Toque! Toque, Dijê!
[vazia]
Toque! Toque, Dijê!
ZMVlZIzNS,PEketxLOX
PEketxLOX
PEketxLOX
ZMVlZIzNS
ZMVlZIzNS,PEketxLOX,KuqJITl,ZMVlZIzNS,KuqJITl
ZMVlZIzNS
ZMVlZIzNS,PEketxLOX,iuXxXw
ZMVlZIzNS,PEketxLOX,iuXxXw
PEketxLOX
PEketxLOX
ZMVlZIzNS,PEketxLOX,iuXxXw
PEketxLOX
PEketxLOX
ZMVlZIzNS,PEketxLOX,iuXxXw
ZMVlZIzNS,PEketxLOX
PEketxLOX
PEketxLOX
PEketxLOX
ZMVlZIzNS,PEketxLOX,KuqJITl
ZMVlZIzNS,PEketxLOX,KuqJITl
PEketxLOX
ZMVlZIzNS,PEketxLOX
PEketxLOX
PEketxLOX
PEketxLOX
PEketxLOX
PEketxLOX
PEketxLOX
PEketxLOX,iuXxXw
PEketxLOX,iuXxXw
PEketxLOX,iuXxXw
PEketxLOX
PEketxLOX
PEketxLOX
PEketxLOX
PEketxLOX
PEketxLOX,PEketxLOX
PEketxLOX,KuqJITl,PEketxLOX
[vazia]
SclRDz
iuXxXw,SclRDz
iuXxXw
iuXxXw,SclRDz
SclRDz
SclRDz
SclRDz,iuXxXw,PEketxLOX
SclRDz
SclRDz,iuXxXw,PEketxLOX,iuXxXw
SclRDz
SclRDz,iuXxXw,PEketxLOX,iuXxXw
SclRDz,iuXxXw,PEketxLOX,iuXxXw,PEketxLOX
SclRDz,iuXxXw,PEketxLOX,iuXxXw,PEketxLOX
PEketxLOX,SclRDz,iuXxXw,iuXxXw,PEketxLOX
PEketxLOX
PEketxLOX,ZMVlZIzNS
PEketxLOX
PEketxLOX,ZMVlZIzNS,SclRDz,PEketxLOX
PEketxLOX,ZMVlZIzNS,SclRDz,PEketxLOX,ZMVlZIzNS
ZMVlZIzNS
PEketxLOX
PEketxLOX
PEketxLOX
SclRDz,PEketxLOX,PEketxLOX,iuXxXw
SclRDz,PEketxLOX,PEketxLOX,iuXxXw
PEketxLOX
SclRDz
PEketxLOX,iuXxXw,KuqJITl,PEketxLOX
PEketxLOX,iuXxXw,KuqJITl,PEketxLOX,iuXxXw
PEketxLOX,iuXxXw,KuqJITl,PEketxLOX,iuXxXw
PEketxLOX,iuXxXw,KuqJITl,PEketxLOX,iuXxXw
PEketxLOX,iuXxXw,KuqJITl,PEketxLOX,iuXxXw
PEketxLOX,iuXxXw,KuqJITl,PEketxLOX,iuXxXw
iuXxXw
PEketxLOX,iuXxXw,KuqJITl,PEketxLOX,iuXxXw
PEketxLOX,iuXxXw,KuqJITl,PEketxLOX,iuXxXw,KuqJITl,iuXxXw,PEketxLOX
KuqJITl
KuqJITl
PEketxLOX,KuqJITl,PEketxLOX,KuqJITl,iuXxXw,PEketxLOX
KuqJITl,PEketxLOX,KuqJITl,iuXxXw,PEketxLOX
KuqJITl
KuqJITl
KuqJITl
PEketxLOX
ZMVlZIzNS,PEketxLOX,KuqJITl,KuqJITl,iuXxXw,KuqJITl,KuqJITl,PEketxLOX,KuqJITl
ZMVlZIzNS,KuqJITl,KuqJITl,iuXxXw,KuqJITl,KuqJITl,PEketxLOX,KuqJITl
KuqJITl,KuqJITl,iuXxXw,KuqJITl,KuqJITl,PEketxLOX,KuqJITl,ZMVlZIzNS
KuqJITl
KuqJITl
KuqJITl,KuqJITl,iuXxXw,KuqJITl,KuqJITl,PEketxLOX,KuqJITl,SclRDz,KuqJITl,KuqJITl
KuqJITl
KuqJITl,KuqJITl,iuXxXw,KuqJITl,KuqJITl,PEketxLOX,KuqJITl,SclRDz,KuqJITl,KuqJITl
KuqJITl,KuqJITl,KuqJITl,KuqJITl,PEketxLOX,KuqJITl,SclRDz,KuqJITl
KuqJITl
KuqJITl
KuqJITl,KuqJITl,KuqJITl,KuqJITl,PEketxLOX,KuqJITl,SclRDz,KuqJITl,KuqJITl,ZMVlZIzNS
PEketxLOX
PEketxLOX
PEketxLOX
KuqJITl,PEketxLOX,KuqJITl,iuXxXw,KuqJITl,KuqJITl,KuqJITl,ZMVlZIzNS
KuqJITl
KuqJITl
KuqJITl
KuqJITl,KuqJITl,KuqJITl,KuqJITl,KuqJITl,ZMVlZIzNS,ZMVlZIzNS
KuqJITl,KuqJITl,KuqJITl,KuqJITl,KuqJITl,ZMVlZIzNS,ZMVlZIzNS
KuqJITl
KuqJITl
KuqJITl
iuXxXw,KuqJITl,KuqJITl,PEketxLOX,KuqJITl,ZMVlZIzNS,PEketxLOX,PEketxLOX
iuXxXw,KuqJITl,KuqJITl,PEketxLOX,KuqJITl,ZMVlZIzNS,PEketxLOX,PEketxLOX,SclRDz
ZMVlZIzNS
KuqJITl,KuqJITl,PEketxLOX,KuqJITl,ZMVlZIzNS,iuXxXw,PEketxLOX,PEketxLOX
KuqJITl,KuqJITl,ZMVlZIzNS,PEketxLOX,iuXxXw,KuqJITl,PEketxLOX
iuXxXw
iuXxXw
iuXxXw
iuXxXw
KuqJITl,KuqJITl,iuXxXw,KuqJITl,PEketxLOX,iuXxXw
iuXxXw
PEketxLOX,KuqJITl,KuqJITl,iuXxXw,iuXxXw
PEketxLOX,KuqJITl,KuqJITl,iuXxXw,iuXxXw,ZMVlZIzNS,KuqJITl
PEketxLOX,KuqJITl,KuqJITl,iuXxXw,iuXxXw,ZMVlZIzNS,KuqJITl,KuqJITl
KuqJITl
PEketxLOX,KuqJITl,KuqJITl,iuXxXw,iuXxXw,ZMVlZIzNS,KuqJITl,KuqJITl
KuqJITl
KuqJITl
iuXxXw
PEketxLOX,KuqJITl,iuXxXw,KuqJITl,ZMVlZIzNS,KuqJITl,KuqJITl
iuXxXw
PEketxLOX,KuqJITl,iuXxXw,ZMVlZIzNS,KuqJITl,KuqJITl,KuqJITl,iuXxXw,SclRDz
iuXxXw
PEketxLOX,KuqJITl,iuXxXw,KuqJITl,KuqJITl,iuXxXw,iuXxXw
iuXxXw
KuqJITl
PEketxLOX,KuqJITl,iuXxXw,KuqJITl,KuqJITl,iuXxXw,iuXxXw,PEketxLOX,ZMVlZIzNS,ZMVlZIzNS
PEketxLOX,KuqJITl,iuXxXw,KuqJITl,ZMVlZIzNS,KuqJITl,iuXxXw,iuXxXw,PEketxLOX,ZMVlZIzNS
ZMVlZIzNS
ZMVlZIzNS
KuqJITl
KuqJITl
PEketxLOX,KuqJITl,iuXxXw,KuqJITl,ZMVlZIzNS,KuqJITl,iuXxXw,iuXxXw,PEketxLOX,ZMVlZIzNS,iuXxXw
KuqJITl
ZMVlZIzNS
iuXxXw
KuqJITl
PEketxLOX,KuqJITl,KuqJITl,ZMVlZIzNS,KuqJITl,iuXxXw,iuXxXw,PEketxLOX,ZMVlZIzNS,iuXxXw,KuqJITl
PEketxLOX,KuqJITl,KuqJITl,ZMVlZIzNS,KuqJITl,iuXxXw,iuXxXw,PEketxLOX,ZMVlZIzNS,iuXxXw,KuqJITl
PEketxLOX,KuqJITl,iuXxXw,KuqJITl,ZMVlZIzNS,KuqJITl,iuXxXw,iuXxXw,PEketxLOX,ZMVlZIzNS,ZMVlZIzNS
PEketxLOX,iuXxXw,KuqJITl,KuqJITl,KuqJITl,iuXxXw,iuXxXw,PEketxLOX,ZMVlZIzNS,iuXxXw
KuqJITl
Jedi Wagner, assuma o comando!