P
P
P
P
P
P
P
Toque! Toque, Dijê!
Toque! Toque, Dijê!
P
P
P
P
P
P
P
P,P
P,P,P
P,P,P
P
P
P
P
P
P
P
P,P
P,P
P
P
P
P,P,P
P,P,P,P
P
P
P
P
P
P
P
P
P,P,P,P,P,P
P,P,P,P,P,P,P
P
P,P,P,P,P,P,P,P,P
P
P
P,P,P,P,P,P,P,P,P
P,P,P,P,P,P,P,P,P
P,P,P,P,P,P,P,P,P
P,P,P,P,P,P,P,P
P,P,P,P,P,P,P,P
P,P,P,P,P,P,P,P,P
P,P,P,P,P,P,P,P,P
P
P
P,P,P,P,P,P,P,P,P,P
P,P,P,P,P,P,P,P,P
P
P,P,P,P,P,P,P,P,P
P,P,P,P,P,P,P,P,P
P,P,P,P,P,P,P,P,P,P
P
P
P,P,P,P,P,P,P,P,P,P,P
P
P
P
P,P,P,P,P,P,P,P,P
P
P,P,P,P,P,P,P,P,P
P,P,P,P,P,P,P,P,P
P,P,P,P,P,P,P,P
P
P
P,P,P,P,P,P,P,P,P,P
P
P
P,P,P,P,P,P,P,P,P,P
P
P,P,P,P,P,P,P,P,P,P,P
P
P,P,P,P,P,P,P,P,P,P
P
P,P,P,P,P,P,P,P,P,P
P
P,P,P,P,P,P,P,P,P,P,P,P,P
P,P,P,P,P,P,P,P,P,P,P,P,P,P
P
P
P,P,P,P,P,P,P,P,P,P,P,P,P,P
P
P,P,P,P,P,P,P,P,P,P,P
P,P,P,P,P,P,P,P,P,P,P
P,P,P,P,P,P,P,P,P,P,P
P
P,P,P,P,P,P,P,P,P
P,P,P,P,P,P,P,P,P,P
P
P,P,P,P,P,P,P,P,P
P
P,P,P,P,P,P,P,P,P,P
P
P
P,P,P,P,P,P,P,P,P,P
P
P,P,P,P,P,P,P,P,P
P,P,P,P,P,P,P,P,P
P
P
P,P,P,P,P,P,P,P,P,P
P,P,P,P,P,P,P,P,P,P,P
P
P
P,P,P,P,P,P,P,P,P,P
P,P,P,P,P,P,P,P,P,P
P
P
P,P,P,P,P,P,P,P,P,P
P,P,P,P,P,P,P,P,P,P
P,P,P,P,P,P,P,P,P,P
Jedi Wagner, assuma o comando!