ASlwHs
Toque! Toque, Dijê!
[vazia]
[vazia]
Toque! Toque, Dijê!
ASlwHs
ASlwHs
ASlwHs
ASlwHs
ASlwHs
ASlwHs,ASlwHs
ASlwHs,ASlwHs
ASlwHs,ASlwHs
ASlwHs
ASlwHs
ASlwHs,ASlwHs,kVWh
ASlwHs
ASlwHs
ASlwHs
ASlwHs
ASlwHs
ASlwHs,ASlwHs
ASlwHs,ASlwHs
ASlwHs,ASlwHs
ASlwHs
kVWh
kVWh,ASlwHs,ASlwHs,ASlwHs,kVWh
kVWh,ASlwHs,ASlwHs,ASlwHs,kVWh
kVWh,ASlwHs,ASlwHs,kVWh
kVWh,ASlwHs,ASlwHs,kVWh,kVWh
kVWh,ASlwHs,ASlwHs,kVWh,kVWh
kVWh,ASlwHs,ASlwHs,kVWh,kVWh,ASlwHs
kVWh
ASlwHs
kVWh,ASlwHs,ASlwHs,kVWh,kVWh,ASlwHs,ASlwHs
ASlwHs,kVWh,ASlwHs,kVWh,kVWh,ASlwHs,ASlwHs
kVWh,ASlwHs,ASlwHs,kVWh,kVWh,ASlwHs,ASlwHs
ASlwHs
ASlwHs,ASlwHs,kVWh,kVWh,ASlwHs,ASlwHs
ASlwHs,ASlwHs,kVWh,kVWh,ASlwHs,ASlwHs
ASlwHs
kVWh,kVWh,kVWh,ASlwHs,ASlwHs,ASlwHs,ASlwHs
kVWh,kVWh,kVWh,ASlwHs,ASlwHs,ASlwHs,ASlwHs
kVWh,kVWh,ASlwHs,ASlwHs,ASlwHs,ASlwHs
ASlwHs
ASlwHs
kVWh,kVWh,ASlwHs,ASlwHs,ASlwHs,kVWh
kVWh,kVWh,ASlwHs,ASlwHs,ASlwHs,kVWh
ASlwHs
ASlwHs
ASlwHs,kVWh,ASlwHs,ASlwHs,kVWh,kVWh,ASlwHs,kVWh
kVWh
ASlwHs,kVWh,ASlwHs,ASlwHs,kVWh,kVWh,ASlwHs,kVWh
ASlwHs,kVWh,ASlwHs,ASlwHs,kVWh,kVWh,ASlwHs,kVWh
ASlwHs
ASlwHs
ASlwHs
ASlwHs
ASlwHs
ASlwHs
ASlwHs
ASlwHs,ASlwHs,ASlwHs,ASlwHs,ASlwHs,kVWh
ASlwHs,ASlwHs,ASlwHs,ASlwHs,ASlwHs,kVWh
ASlwHs,ASlwHs,ASlwHs,ASlwHs,ASlwHs,kVWh
ASlwHs,ASlwHs,ASlwHs,ASlwHs,ASlwHs,kVWh,kVWh,kVWh
ASlwHs,ASlwHs,ASlwHs,ASlwHs,ASlwHs,kVWh,kVWh,kVWh,kVWh,ASlwHs
ASlwHs,ASlwHs,ASlwHs,ASlwHs,ASlwHs,kVWh
ASlwHs,ASlwHs,ASlwHs,ASlwHs,ASlwHs,kVWh
ASlwHs,ASlwHs,ASlwHs,ASlwHs,ASlwHs,kVWh,ASlwHs
Jedi Wagner, assuma o comando!