Toque! Toque, Dijê!
[vazia]
[vazia]
[vazia]
Toque! Toque, Dijê!
[vazia]
Toque! Toque, Dijê!
[vazia]
[vazia]
[vazia]
[vazia]
[vazia]
[vazia]
G
G
[vazia]
HyAZY
HyAZY
HyAZY
HyAZY,Mht,wYQscx,HyAZY
HyAZY
HyAZY
Toque! Toque, Dijê!
[vazia]
Toque! Toque, Dijê!
[vazia]
Toque! Toque, Dijê!
[vazia]
Toque! Toque, Dijê!
Mht
Mht
Mht,tys
Mht
Mht
Toque! Toque, Dijê!
[vazia]
Toque! Toque, Dijê!
[vazia]
HyAZY
HyAZY
HyAZY
Toque! Toque, Dijê!
Toque! Toque, Dijê!
[vazia]
Toque! Toque, Dijê!
[vazia]
wYQscx,tys,wYQscx
wYQscx,tys,wYQscx
[vazia]
HyAZY
HyAZY
HyAZY,Mht,Mht,G
HyAZY
HyAZY
HyAZY,IVADyTxX,HyAZY
HyAZY
HyAZY
HyAZY
HyAZY
HyAZY
HyAZY
IVADyTxX
IVADyTxX
IVADyTxX,GyQPFPb,IVADyTxX
IVADyTxX,GyQPFPb,IVADyTxX
HyAZY
IVADyTxX,G,GyQPFPb
IVADyTxX
IVADyTxX,G,GyQPFPb
IVADyTxX
IVADyTxX
G
G
G
HyAZY
HyAZY,IVADyTxX
HyAZY
HyAZY,IVADyTxX,GyQPFPb
HyAZY
HyAZY,GyQPFPb,tys
HyAZY,IVADyTxX
tys
tys
IVADyTxX
IVADyTxX
GyQPFPb
HyAZY,IVADyTxX,tys,IVADyTxX
HyAZY,IVADyTxX,tys,IVADyTxX
HyAZY,IVADyTxX,tys,IVADyTxX
IVADyTxX
IVADyTxX
tys
HyAZY,IVADyTxX,tys,IVADyTxX,HyAZY
tys
HyAZY,IVADyTxX,tys,IVADyTxX,HyAZY
tys
HyAZY,IVADyTxX,tys,IVADyTxX,HyAZY
HyAZY,IVADyTxX,tys,IVADyTxX,HyAZY,wYQscx
HyAZY,IVADyTxX,tys,IVADyTxX,HyAZY,wYQscx,HyAZY
HyAZY
HyAZY,IVADyTxX,tys,IVADyTxX,HyAZY,wYQscx,HyAZY
wYQscx
tys,IVADyTxX,wYQscx,HyAZY
wYQscx
wYQscx
tys,IVADyTxX,wYQscx
tys,IVADyTxX,HyAZY,wYQscx,HyAZY
HyAZY,wYQscx,IVADyTxX,tys,HyAZY,wYQscx,GyQPFPb
HyAZY,wYQscx,IVADyTxX,tys,HyAZY,wYQscx
wYQscx
wYQscx
tys,IVADyTxX,wYQscx,HyAZY,HyAZY,tys
tys,HyAZY,HyAZY,wYQscx,tys,HyAZY,IVADyTxX,G,GyQPFPb,HyAZY
HyAZY,HyAZY,wYQscx,tys,G,tys,HyAZY,IVADyTxX,HyAZY
wYQscx
wYQscx
HyAZY,HyAZY,wYQscx,tys,G,tys,HyAZY,IVADyTxX,HyAZY
HyAZY,HyAZY,wYQscx,tys,G,tys,HyAZY,IVADyTxX,HyAZY
wYQscx
wYQscx
wYQscx
HyAZY,wYQscx,HyAZY,tys,HyAZY,IVADyTxX,G,GyQPFPb,HyAZY
wYQscx
tys
tys
HyAZY,HyAZY,G,tys,wYQscx,tys,HyAZY,IVADyTxX,GyQPFPb
HyAZY,HyAZY,G,tys,wYQscx,tys,HyAZY,IVADyTxX,GyQPFPb
G
G
wYQscx
tys,HyAZY,HyAZY,wYQscx,tys,HyAZY,IVADyTxX,G
Jedi Wagner, assuma o comando!