[vazia]
Toque! Toque, Dijê!
[vazia]
Toque! Toque, Dijê!
[vazia]
kAYAhqd
kAYAhqd,nOVQay
[vazia]
Toque! Toque, Dijê!
VkK
VkK
VkK
sSDqYJ
VkK,sSDqYJ,tpSb,tpSb
tpSb
sSDqYJ,tpSb,VkK,tpSb
tpSb
sSDqYJ,tpSb,VkK,tpSb
tpSb
sSDqYJ,tpSb,tpSb,kAYAhqd
VkK,sSDqYJ,tpSb,tpSb
tpSb
VkK,sSDqYJ,tpSb,tpSb
VkK,sSDqYJ,tpSb,tpSb
VkK,sSDqYJ,tpSb,tpSb
VkK,sSDqYJ,tpSb
VkK,sSDqYJ,tpSb,hipQE
tpSb
VkK,sSDqYJ,tpSb,hipQE,OmcgQxB
VkK,sSDqYJ,tpSb,hipQE,OmcgQxB
hipQE
hipQE
VkK,sSDqYJ,tpSb,hipQE,tpSb
VkK,sSDqYJ,tpSb,hipQE
OmcgQxB
VkK,sSDqYJ,tpSb,hipQE,OmcgQxB,sSDqYJ
hipQE
hipQE,VkK,sSDqYJ,tpSb,OmcgQxB,OmcgQxB
hipQE,VkK,sSDqYJ,tpSb,OmcgQxB,OmcgQxB,VkK
hipQE
VkK,sSDqYJ,tpSb,hipQE,OmcgQxB
VkK
VkK,sSDqYJ,tpSb,hipQE,OmcgQxB
hipQE,VkK,sSDqYJ,tpSb,OmcgQxB
hipQE,VkK,sSDqYJ,tpSb,OmcgQxB
hipQE
VkK,sSDqYJ,tpSb,OmcgQxB
VkK,sSDqYJ,tpSb,OmcgQxB
VkK,sSDqYJ,tpSb
VkK,sSDqYJ,tpSb,nOVQay
tpSb
VkK,sSDqYJ,tpSb
tpSb
tpSb
VkK,sSDqYJ,tpSb
VkK,sSDqYJ,tpSb
VkK,tpSb,sSDqYJ
VkK
VkK,tpSb,sSDqYJ
tpSb
tpSb
VkK,tpSb,sSDqYJ,nOVQay,nOVQay
VkK,tpSb,sSDqYJ
VkK,tpSb,sSDqYJ
tpSb
tpSb
tpSb
VkK,tpSb,sSDqYJ
tpSb
sSDqYJ
VkK,tpSb,sSDqYJ,OmcgQxB
tpSb
tpSb
sSDqYJ
VkK,OmcgQxB,sSDqYJ
VkK,sSDqYJ,OmcgQxB
OmcgQxB
VkK,sSDqYJ,OmcgQxB,nOVQay
OmcgQxB
VkK,sSDqYJ,OmcgQxB,nOVQay
OmcgQxB
VkK,sSDqYJ,OmcgQxB,nOVQay,VkK
VkK,sSDqYJ,OmcgQxB
OmcgQxB
VkK,sSDqYJ,OmcgQxB
VkK,sSDqYJ,OmcgQxB,OmcgQxB
VkK,sSDqYJ,OmcgQxB,OmcgQxB
OmcgQxB
VkK,sSDqYJ,OmcgQxB,OmcgQxB
OmcgQxB
OmcgQxB
sSDqYJ
OmcgQxB,OmcgQxB,sSDqYJ,sSDqYJ,AcEZAn
OmcgQxB,OmcgQxB,sSDqYJ,sSDqYJ,AcEZAn
OmcgQxB,OmcgQxB,sSDqYJ,sSDqYJ,AcEZAn
OmcgQxB,OmcgQxB,sSDqYJ,sSDqYJ,AcEZAn
OmcgQxB,OmcgQxB,sSDqYJ,sSDqYJ,AcEZAn
AcEZAn
OmcgQxB,OmcgQxB,sSDqYJ,sSDqYJ,AcEZAn,sSDqYJ
AcEZAn
OmcgQxB,OmcgQxB,sSDqYJ,AcEZAn,sSDqYJ,sSDqYJ,kAYAhqd
sSDqYJ
sSDqYJ
sSDqYJ
OmcgQxB,OmcgQxB,sSDqYJ,sSDqYJ,sSDqYJ,kAYAhqd,VkK,nOVQay
AcEZAn
AcEZAn
AcEZAn
AcEZAn
AcEZAn
AcEZAn
AcEZAn
OmcgQxB,OmcgQxB,sSDqYJ,sSDqYJ,AcEZAn,VkK,sSDqYJ,kAYAhqd,nOVQay
OmcgQxB,sSDqYJ,sSDqYJ,AcEZAn,VkK,sSDqYJ,kAYAhqd,nOVQay
VkK
sSDqYJ,sSDqYJ,AcEZAn,VkK,sSDqYJ,kAYAhqd,nOVQay,nOVQay,kAYAhqd
sSDqYJ,sSDqYJ,AcEZAn,VkK,sSDqYJ,kAYAhqd,nOVQay,nOVQay,kAYAhqd,AcEZAn
kAYAhqd
kAYAhqd
kAYAhqd
sSDqYJ,sSDqYJ,VkK,sSDqYJ,kAYAhqd,AcEZAn,nOVQay,nOVQay
kAYAhqd
sSDqYJ,sSDqYJ,VkK,sSDqYJ,kAYAhqd,AcEZAn,nOVQay,nOVQay
sSDqYJ,sSDqYJ,VkK,sSDqYJ,kAYAhqd,AcEZAn,nOVQay,nOVQay
kAYAhqd
sSDqYJ,sSDqYJ,VkK,sSDqYJ,kAYAhqd,AcEZAn,nOVQay,nOVQay,AcEZAn
sSDqYJ,sSDqYJ,VkK,sSDqYJ,AcEZAn,nOVQay,nOVQay,AcEZAn,sSDqYJ
sSDqYJ,sSDqYJ,VkK,sSDqYJ,AcEZAn,nOVQay,nOVQay,AcEZAn,sSDqYJ
AcEZAn
AcEZAn
nOVQay
sSDqYJ,sSDqYJ,AcEZAn,sSDqYJ,nOVQay,nOVQay,AcEZAn,sSDqYJ
sSDqYJ,sSDqYJ,AcEZAn,sSDqYJ,nOVQay,nOVQay,AcEZAn,sSDqYJ
AcEZAn,sSDqYJ,nOVQay,sSDqYJ,nOVQay,AcEZAn,sSDqYJ
AcEZAn,nOVQay,sSDqYJ,sSDqYJ,nOVQay,AcEZAn,sSDqYJ
sSDqYJ
AcEZAn,nOVQay,sSDqYJ,sSDqYJ,nOVQay,AcEZAn,sSDqYJ,kAYAhqd
AcEZAn,nOVQay,sSDqYJ,sSDqYJ,nOVQay,AcEZAn,sSDqYJ,kAYAhqd
AcEZAn,nOVQay,sSDqYJ,sSDqYJ,nOVQay,AcEZAn,sSDqYJ
sSDqYJ
sSDqYJ
AcEZAn,nOVQay,sSDqYJ,sSDqYJ,nOVQay,AcEZAn,sSDqYJ
sSDqYJ
sSDqYJ
AcEZAn,nOVQay,sSDqYJ,sSDqYJ,nOVQay,AcEZAn,sSDqYJ
AcEZAn,sSDqYJ,nOVQay,sSDqYJ,nOVQay,AcEZAn,sSDqYJ,kAYAhqd
sSDqYJ
AcEZAn,nOVQay,sSDqYJ,sSDqYJ,nOVQay,AcEZAn,sSDqYJ,OmcgQxB
AcEZAn,nOVQay,sSDqYJ,sSDqYJ,nOVQay,AcEZAn,sSDqYJ,OmcgQxB
AcEZAn,nOVQay,sSDqYJ,sSDqYJ,nOVQay,AcEZAn,sSDqYJ,OmcgQxB
nOVQay,sSDqYJ,sSDqYJ,nOVQay,AcEZAn,sSDqYJ
sSDqYJ
nOVQay,sSDqYJ,sSDqYJ,nOVQay,AcEZAn,sSDqYJ
sSDqYJ
nOVQay,sSDqYJ,sSDqYJ,nOVQay,AcEZAn,sSDqYJ,kAYAhqd
nOVQay,sSDqYJ,sSDqYJ,nOVQay,AcEZAn,sSDqYJ,kAYAhqd
sSDqYJ
nOVQay,sSDqYJ,sSDqYJ,nOVQay,AcEZAn,sSDqYJ,kAYAhqd
sSDqYJ
sSDqYJ
nOVQay,sSDqYJ,sSDqYJ,nOVQay,AcEZAn,sSDqYJ,kAYAhqd,sSDqYJ,sSDqYJ
nOVQay,sSDqYJ,sSDqYJ,nOVQay,AcEZAn,sSDqYJ,kAYAhqd,sSDqYJ,sSDqYJ
nOVQay,sSDqYJ,sSDqYJ,nOVQay,AcEZAn,sSDqYJ,kAYAhqd
nOVQay
nOVQay,sSDqYJ,sSDqYJ,nOVQay,AcEZAn,sSDqYJ,kAYAhqd,AcEZAn,kAYAhqd
nOVQay
AcEZAn
sSDqYJ,nOVQay,nOVQay,sSDqYJ,kAYAhqd,kAYAhqd
OmcgQxB
nOVQay,sSDqYJ,nOVQay,sSDqYJ,AcEZAn,sSDqYJ,kAYAhqd
nOVQay
nOVQay,sSDqYJ,sSDqYJ,nOVQay,AcEZAn,sSDqYJ,kAYAhqd
Jedi Wagner, assuma o comando!