[vazia]
[vazia]
og
[vazia]
[vazia]
DhbhEqFnLu
i
DhbhEqFnLu
DhbhEqFnLu,i,gOKAJnSd
DhbhEqFnLu
DhbhEqFnLu,i,gOKAJnSd
DhbhEqFnLu
DhbhEqFnLu
DhbhEqFnLu
DhbhEqFnLu
DhbhEqFnLu
DhbhEqFnLu
gOKAJnSd,DhbhEqFnLu,i,uqDdYer,YRCa,ebM,DhbhEqFnLu
gOKAJnSd,DhbhEqFnLu,i,uqDdYer,YRCa,DhbhEqFnLu
gOKAJnSd,DhbhEqFnLu,i,uqDdYer,YRCa,DhbhEqFnLu,DhbhEqFnLu
gOKAJnSd,DhbhEqFnLu,i,uqDdYer,YRCa,DhbhEqFnLu
gOKAJnSd,DhbhEqFnLu,i,uqDdYer,YRCa,DhbhEqFnLu
i
i
gOKAJnSd,DhbhEqFnLu,i,uqDdYer,YRCa,ebM,DhbhEqFnLu
gOKAJnSd,DhbhEqFnLu,uqDdYer,YRCa,ebM,DhbhEqFnLu
i
gOKAJnSd,DhbhEqFnLu,i,uqDdYer,YRCa,ebM,DhbhEqFnLu
gOKAJnSd,DhbhEqFnLu,i,uqDdYer,YRCa,ebM,DhbhEqFnLu
gOKAJnSd,DhbhEqFnLu,i,uqDdYer,YRCa,ebM,DhbhEqFnLu
i
gOKAJnSd,DhbhEqFnLu,i,uqDdYer,YRCa,ebM,DhbhEqFnLu
i
i
DhbhEqFnLu,i,gOKAJnSd,uqDdYer,YRCa,DhbhEqFnLu,W,W
DhbhEqFnLu,i,gOKAJnSd,uqDdYer,YRCa,DhbhEqFnLu,W,W
gOKAJnSd,DhbhEqFnLu,uqDdYer,i,YRCa,ebM,DhbhEqFnLu
gOKAJnSd,DhbhEqFnLu,uqDdYer,i,YRCa,ebM,DhbhEqFnLu
gOKAJnSd,DhbhEqFnLu,uqDdYer,i,YRCa,ebM,DhbhEqFnLu
uqDdYer
gOKAJnSd,DhbhEqFnLu,uqDdYer,i,YRCa,ebM,DhbhEqFnLu
gOKAJnSd,DhbhEqFnLu,uqDdYer,i,YRCa,ebM,DhbhEqFnLu,gOKAJnSd
gOKAJnSd,DhbhEqFnLu,uqDdYer,i,YRCa,ebM,DhbhEqFnLu
uqDdYer
gOKAJnSd,DhbhEqFnLu,uqDdYer,YRCa,ebM,DhbhEqFnLu
gOKAJnSd,DhbhEqFnLu,uqDdYer,YRCa,ebM,DhbhEqFnLu
gOKAJnSd,DhbhEqFnLu,i,uqDdYer,YRCa,ebM,DhbhEqFnLu
gOKAJnSd,DhbhEqFnLu,i,uqDdYer,YRCa,ebM,DhbhEqFnLu
gOKAJnSd,DhbhEqFnLu,i,uqDdYer,YRCa,ebM,DhbhEqFnLu
gOKAJnSd,DhbhEqFnLu,uqDdYer,i,ebM,DhbhEqFnLu,W
DhbhEqFnLu,uqDdYer,i,ebM,DhbhEqFnLu
DhbhEqFnLu,uqDdYer,i,ebM,DhbhEqFnLu,W
DhbhEqFnLu,uqDdYer,i,ebM,DhbhEqFnLu,W
DhbhEqFnLu,uqDdYer,i,ebM,DhbhEqFnLu,W
DhbhEqFnLu,uqDdYer,i,ebM,DhbhEqFnLu,W
DhbhEqFnLu,uqDdYer,i,ebM,W,DhbhEqFnLu,hZUnMNL
DhbhEqFnLu,uqDdYer,i,ebM,W,DhbhEqFnLu,hZUnMNL
DhbhEqFnLu
ebM
ebM
uqDdYer,W,DhbhEqFnLu,ebM,DhbhEqFnLu,hZUnMNL,W,ebM,ebM
DhbhEqFnLu
DhbhEqFnLu
DhbhEqFnLu
DhbhEqFnLu
W,ebM,DhbhEqFnLu,hZUnMNL,DhbhEqFnLu,W,ebM,ebM
W,ebM,DhbhEqFnLu,DhbhEqFnLu,hZUnMNL,W,ebM,ebM
W,ebM,DhbhEqFnLu,DhbhEqFnLu,hZUnMNL,W,ebM,ebM,ebM
W,ebM,DhbhEqFnLu,DhbhEqFnLu,hZUnMNL,W,ebM,ebM,ebM
ebM
DhbhEqFnLu
DhbhEqFnLu
DhbhEqFnLu
DhbhEqFnLu
W,ebM,W,ebM,ebM,DhbhEqFnLu,ebM,DhbhEqFnLu,hZUnMNL,DhbhEqFnLu
W,ebM,W,ebM,ebM,DhbhEqFnLu,ebM,DhbhEqFnLu,hZUnMNL,DhbhEqFnLu
DhbhEqFnLu
W,ebM,W,ebM,ebM,DhbhEqFnLu,ebM,DhbhEqFnLu,hZUnMNL,DhbhEqFnLu
W,ebM,DhbhEqFnLu,W,ebM,ebM,DhbhEqFnLu,ebM,DhbhEqFnLu,hZUnMNL
W,ebM,DhbhEqFnLu,W,ebM,ebM,DhbhEqFnLu,ebM,DhbhEqFnLu,hZUnMNL
DhbhEqFnLu
hZUnMNL
W
W,ebM,DhbhEqFnLu,W,ebM,ebM,DhbhEqFnLu,ebM,DhbhEqFnLu,hZUnMNL
W
W
W,W,ebM,ebM,DhbhEqFnLu,ebM,DhbhEqFnLu,hZUnMNL
W
W
W,W,ebM,ebM,DhbhEqFnLu,ebM,DhbhEqFnLu,hZUnMNL
W,W,ebM,ebM,DhbhEqFnLu,ebM,DhbhEqFnLu,hZUnMNL
W
ebM,W,ebM,ebM,DhbhEqFnLu,hZUnMNL,hZUnMNL
W,ebM,W,ebM,ebM,DhbhEqFnLu,hZUnMNL,hZUnMNL,uqDdYer
W,ebM,W,ebM,ebM,DhbhEqFnLu,hZUnMNL,hZUnMNL,uqDdYer
ebM
W,ebM,W,ebM,ebM,DhbhEqFnLu,hZUnMNL,hZUnMNL,ebM
Jedi Wagner, assuma o comando!