Toque! Toque, Dijê!
[vazia]
[vazia]
UpsEHvce
UpsEHvce
UpsEHvce
UpsEHvce
UpsEHvce
gZehfj
b
b,b,NtYbDWJqx,zQ
b
b
b,b,NtYbDWJqx,zQ,NtYbDWJqx,gZehfj
b,b,NtYbDWJqx,zQ,NtYbDWJqx
NtYbDWJqx
NtYbDWJqx
b,b,zQ,NtYbDWJqx,NtYbDWJqx,b,UpsEHvce,UpsEHvce,fYHvEMjo
b
b
b,zQ,NtYbDWJqx,b,zQ,b,b
b
b,zQ,NtYbDWJqx,b,zQ,b,b,zQ
b
b
b,zQ,b,zQ,b,NtYbDWJqx,b,zQ,zQ
b,zQ,NtYbDWJqx,b,zQ,b,b,zQ,zQ
zQ,NtYbDWJqx,b,zQ,b,b,b,zQ,zQ,zQ
zQ,NtYbDWJqx,zQ,b,b,b,b,zQ,zQ,zQ,gZehfj
b
b
b
NtYbDWJqx,b,b,b,b,zQ,zQ,zQ,gZehfj,NtYbDWJqx
NtYbDWJqx,b,b,b,b,zQ,zQ,zQ,gZehfj,NtYbDWJqx
NtYbDWJqx,b,b,b,b,zQ,zQ,zQ,NtYbDWJqx
NtYbDWJqx,b,b,b,b,zQ,zQ,zQ,gZehfj,NtYbDWJqx
NtYbDWJqx,b,b,b,b,zQ,zQ,gZehfj,NtYbDWJqx
NtYbDWJqx,b,b,b,b,zQ,zQ,gZehfj,NtYbDWJqx,zQ
b
NtYbDWJqx,b,b,b,b,zQ,zQ,NtYbDWJqx,zQ,UpsEHvce,fYHvEMjo,gZehfj
UpsEHvce
NtYbDWJqx,b,b,UpsEHvce,zQ,b,b,zQ,NtYbDWJqx,zQ,fYHvEMjo,fYHvEMjo,NtYbDWJqx
NtYbDWJqx,b,b,UpsEHvce,zQ,b,b,zQ,NtYbDWJqx,zQ,fYHvEMjo,fYHvEMjo,NtYbDWJqx
NtYbDWJqx
NtYbDWJqx
fYHvEMjo
fYHvEMjo
b,b,UpsEHvce,fYHvEMjo,NtYbDWJqx,zQ,b,b,zQ,NtYbDWJqx,zQ,fYHvEMjo,NtYbDWJqx,UpsEHvce,fYHvEMjo,gZehfj
b,b,UpsEHvce,fYHvEMjo,zQ,b,NtYbDWJqx,b,zQ,NtYbDWJqx,zQ,fYHvEMjo,NtYbDWJqx,UpsEHvce,fYHvEMjo,gZehfj
b,b,UpsEHvce,fYHvEMjo,zQ,b,NtYbDWJqx,b,zQ,NtYbDWJqx,zQ,fYHvEMjo,NtYbDWJqx,UpsEHvce,fYHvEMjo,gZehfj,fYHvEMjo,NtYbDWJqx
zQ
zQ
zQ
b,b,UpsEHvce,fYHvEMjo,zQ,b,b,zQ,NtYbDWJqx,zQ,fYHvEMjo,NtYbDWJqx,UpsEHvce,fYHvEMjo,gZehfj,fYHvEMjo
zQ
zQ
b,b,UpsEHvce,fYHvEMjo,zQ,b,b,zQ,NtYbDWJqx,zQ,fYHvEMjo,NtYbDWJqx,UpsEHvce,fYHvEMjo,gZehfj,fYHvEMjo
b,fYHvEMjo,zQ,b,b,zQ,b,UpsEHvce,NtYbDWJqx,zQ,fYHvEMjo,NtYbDWJqx,UpsEHvce,fYHvEMjo,gZehfj,fYHvEMjo
NtYbDWJqx
NtYbDWJqx
NtYbDWJqx
fYHvEMjo,zQ,b,b,zQ,b,UpsEHvce,NtYbDWJqx,zQ,fYHvEMjo,NtYbDWJqx,UpsEHvce,fYHvEMjo,gZehfj,fYHvEMjo,UpsEHvce
fYHvEMjo,zQ,b,b,zQ,b,UpsEHvce,NtYbDWJqx,zQ,fYHvEMjo,NtYbDWJqx,UpsEHvce,fYHvEMjo,gZehfj,fYHvEMjo,UpsEHvce,b
fYHvEMjo,zQ,b,b,zQ,b,UpsEHvce,NtYbDWJqx,zQ,fYHvEMjo,NtYbDWJqx,UpsEHvce,fYHvEMjo,gZehfj,fYHvEMjo,UpsEHvce,b
NtYbDWJqx
NtYbDWJqx
fYHvEMjo,zQ,b,b,zQ,b,UpsEHvce,NtYbDWJqx,zQ,fYHvEMjo,NtYbDWJqx,UpsEHvce,fYHvEMjo,gZehfj,fYHvEMjo,gZehfj,NtYbDWJqx
NtYbDWJqx
fYHvEMjo,zQ,b,b,zQ,b,UpsEHvce,NtYbDWJqx,zQ,fYHvEMjo,NtYbDWJqx,UpsEHvce,fYHvEMjo,gZehfj,fYHvEMjo,gZehfj
NtYbDWJqx
fYHvEMjo,zQ,b,b,zQ,b,UpsEHvce,NtYbDWJqx,zQ,fYHvEMjo,NtYbDWJqx,UpsEHvce,fYHvEMjo,gZehfj,fYHvEMjo,gZehfj
fYHvEMjo,zQ,b,b,zQ,b,UpsEHvce,NtYbDWJqx,zQ,fYHvEMjo,NtYbDWJqx,UpsEHvce,fYHvEMjo,gZehfj,fYHvEMjo
NtYbDWJqx
fYHvEMjo,zQ,b,b,zQ,b,UpsEHvce,NtYbDWJqx,zQ,fYHvEMjo,NtYbDWJqx,UpsEHvce,fYHvEMjo,gZehfj,fYHvEMjo
fYHvEMjo,zQ,b,zQ,b,UpsEHvce,NtYbDWJqx,gZehfj,b,zQ,fYHvEMjo,NtYbDWJqx,UpsEHvce,fYHvEMjo,fYHvEMjo
fYHvEMjo,zQ,b,zQ,b,UpsEHvce,NtYbDWJqx,b,zQ,fYHvEMjo,NtYbDWJqx,UpsEHvce,fYHvEMjo,gZehfj,fYHvEMjo
fYHvEMjo,zQ,b,zQ,b,UpsEHvce,NtYbDWJqx,b,zQ,fYHvEMjo,NtYbDWJqx,UpsEHvce,fYHvEMjo,gZehfj,fYHvEMjo
Jedi Wagner, assuma o comando!