[vazia]
Toque! Toque, Dijê!
[vazia]
[vazia]
Toque! Toque, Dijê!
Toque! Toque, Dijê!
Toque! Toque, Dijê!
Toque! Toque, Dijê!
ZZIUbGa,ZZIUbGa
ZZIUbGa
ZZIUbGa
ZZIUbGa
ZZIUbGa
ZZIUbGa
ZZIUbGa
chaxdme
Toque! Toque, Dijê!
[vazia]
Toque! Toque, Dijê!
Toque! Toque, Dijê!
Toque! Toque, Dijê!
Toque! Toque, Dijê!
[vazia]
Toque! Toque, Dijê!
[vazia]
Toque! Toque, Dijê!
[vazia]
[vazia]
[vazia]
Toque! Toque, Dijê!
[vazia]
chaxdme
chaxdme
chaxdme,chaxdme
chaxdme,chaxdme,chaxdme,chaxdme
chaxdme,chaxdme,chaxdme,chaxdme,chaxdme
chaxdme,chaxdme,chaxdme,chaxdme,chaxdme
chaxdme
chaxdme
chaxdme
chaxdme,chaxdme,ZZIUbGa
chaxdme,chaxdme
chaxdme
chaxdme
chaxdme
chaxdme
chaxdme
chaxdme,chaxdme
chaxdme
chaxdme
chaxdme
chaxdme
ZZIUbGa,chaxdme,chaxdme,chaxdme,chaxdme
chaxdme
chaxdme
ZZIUbGa,chaxdme
chaxdme
chaxdme
chaxdme,chaxdme,chaxdme
chaxdme
chaxdme
chaxdme,chaxdme,chaxdme,chaxdme,ZZIUbGa
chaxdme
chaxdme
chaxdme
chaxdme
chaxdme
chaxdme
chaxdme,chaxdme,chaxdme
chaxdme,chaxdme,chaxdme
chaxdme,chaxdme,chaxdme
chaxdme,chaxdme,chaxdme
chaxdme
chaxdme,chaxdme,chaxdme
ZZIUbGa
ZZIUbGa
chaxdme
chaxdme
chaxdme,chaxdme,chaxdme,ZZIUbGa
chaxdme
chaxdme,chaxdme,chaxdme,ZZIUbGa
chaxdme
ZZIUbGa
ZZIUbGa,chaxdme,chaxdme,chaxdme
ZZIUbGa,chaxdme,chaxdme,chaxdme
ZZIUbGa
chaxdme,ZZIUbGa,chaxdme,chaxdme
chaxdme,ZZIUbGa,chaxdme,chaxdme
chaxdme,chaxdme,chaxdme
chaxdme,chaxdme,chaxdme,chaxdme
chaxdme
chaxdme
chaxdme
chaxdme
chaxdme
chaxdme
chaxdme
chaxdme
chaxdme,ZZIUbGa,chaxdme,chaxdme,chaxdme
ZZIUbGa
ZZIUbGa,chaxdme,chaxdme,chaxdme,chaxdme,chaxdme
ZZIUbGa
chaxdme,chaxdme,chaxdme,chaxdme,chaxdme,chaxdme,chaxdme
chaxdme,chaxdme,chaxdme,chaxdme,chaxdme,chaxdme,chaxdme
chaxdme,chaxdme,chaxdme,chaxdme,chaxdme,chaxdme,chaxdme,ZZIUbGa
ZZIUbGa,chaxdme,chaxdme,chaxdme,chaxdme,chaxdme
chaxdme
chaxdme,chaxdme,chaxdme,chaxdme,chaxdme,chaxdme,chaxdme
chaxdme
chaxdme,chaxdme,chaxdme,chaxdme,chaxdme,chaxdme,chaxdme,chaxdme
chaxdme
chaxdme,chaxdme,chaxdme,chaxdme,chaxdme,chaxdme,chaxdme
chaxdme
chaxdme
chaxdme
chaxdme,chaxdme,chaxdme,chaxdme,chaxdme,chaxdme,ZZIUbGa,chaxdme
chaxdme,chaxdme,chaxdme,chaxdme,chaxdme,chaxdme,ZZIUbGa,chaxdme
chaxdme
chaxdme
chaxdme
chaxdme
chaxdme
chaxdme,ZZIUbGa,chaxdme,chaxdme,chaxdme,chaxdme,chaxdme,chaxdme,chaxdme,chaxdme
chaxdme,chaxdme,chaxdme,chaxdme,chaxdme,chaxdme,chaxdme,chaxdme,chaxdme
chaxdme,chaxdme,chaxdme,chaxdme,chaxdme,chaxdme,chaxdme
chaxdme
chaxdme
chaxdme
chaxdme,chaxdme,chaxdme,chaxdme,chaxdme,chaxdme,chaxdme,chaxdme
chaxdme
chaxdme,chaxdme,chaxdme,chaxdme,chaxdme,chaxdme,ZZIUbGa
chaxdme
chaxdme,chaxdme,chaxdme,chaxdme,ZZIUbGa
chaxdme
chaxdme
chaxdme,chaxdme,chaxdme,chaxdme,chaxdme,chaxdme,ZZIUbGa
chaxdme,chaxdme,chaxdme,chaxdme,chaxdme,chaxdme,ZZIUbGa
chaxdme,chaxdme,chaxdme,chaxdme,chaxdme,chaxdme
chaxdme
chaxdme
chaxdme
chaxdme
chaxdme,chaxdme,chaxdme,chaxdme,chaxdme,chaxdme,chaxdme,chaxdme,chaxdme
chaxdme
chaxdme,chaxdme,chaxdme,chaxdme,chaxdme,chaxdme,chaxdme,chaxdme,chaxdme
chaxdme,chaxdme,chaxdme,chaxdme,chaxdme,chaxdme,ZZIUbGa
chaxdme,chaxdme,chaxdme,chaxdme,chaxdme,chaxdme,ZZIUbGa
chaxdme,chaxdme,chaxdme,chaxdme,chaxdme,chaxdme,ZZIUbGa
chaxdme,chaxdme,chaxdme,chaxdme,chaxdme,chaxdme,ZZIUbGa
chaxdme
chaxdme
ZZIUbGa
ZZIUbGa,chaxdme,chaxdme,chaxdme,chaxdme,chaxdme,chaxdme,chaxdme
ZZIUbGa
ZZIUbGa,chaxdme,chaxdme,chaxdme,chaxdme,chaxdme,chaxdme,chaxdme
ZZIUbGa,chaxdme,chaxdme,chaxdme,chaxdme,chaxdme,chaxdme,chaxdme
ZZIUbGa
ZZIUbGa,chaxdme,chaxdme,chaxdme,chaxdme,chaxdme,chaxdme,chaxdme
chaxdme
chaxdme
chaxdme,chaxdme,chaxdme,chaxdme,chaxdme,chaxdme
chaxdme
chaxdme,chaxdme,chaxdme,chaxdme,chaxdme,chaxdme
chaxdme
chaxdme,chaxdme,chaxdme,chaxdme,chaxdme,chaxdme
chaxdme
ZZIUbGa,chaxdme,chaxdme,chaxdme,chaxdme,chaxdme,chaxdme
ZZIUbGa,chaxdme,chaxdme,chaxdme,chaxdme,chaxdme,chaxdme
chaxdme,chaxdme,chaxdme,chaxdme,chaxdme,chaxdme,ZZIUbGa
chaxdme
chaxdme
Jedi Wagner, assuma o comando!