[vazia]
[vazia]
Toque! Toque, Dijê!
Toque! Toque, Dijê!
Toque! Toque, Dijê!
Toque! Toque, Dijê!
Toque! Toque, Dijê!
[vazia]
[vazia]
Toque! Toque, Dijê!
[vazia]
peBaExP,peBaExP
peBaExP
peBaExP,peBaExP
peBaExP
peBaExP
Toque! Toque, Dijê!
Toque! Toque, Dijê!
dYUj
dYUj
dYUj
dYUj,peBaExP
dYUj,peBaExP
peBaExP
hBfwMxbkL
peBaExP,hBfwMxbkL,cjGalCUrIr
hBfwMxbkL
hBfwMxbkL
peBaExP,hBfwMxbkL,dYUj
peBaExP,hBfwMxbkL,dYUj,hBfwMxbkL
peBaExP,hBfwMxbkL
peBaExP,hBfwMxbkL,dYUj
peBaExP,hBfwMxbkL,dYUj
peBaExP,hBfwMxbkL,dYUj
peBaExP,hBfwMxbkL,dYUj
peBaExP
peBaExP
Xm
Xm
hBfwMxbkL,dYUj,peBaExP,Xm
hBfwMxbkL
hBfwMxbkL
dYUj,hBfwMxbkL,peBaExP,Xm
dYUj,hBfwMxbkL,peBaExP,Xm
dYUj,hBfwMxbkL,peBaExP,Xm
hBfwMxbkL
peBaExP
dYUj,peBaExP,Xm,dYUj
peBaExP,Xm,dYUj,hBfwMxbkL,Xm,Xm,Xm
Xm
Xm
hBfwMxbkL
hBfwMxbkL
hBfwMxbkL
dYUj,peBaExP,Xm,hBfwMxbkL,peBaExP,hBfwMxbkL
Xm,peBaExP,dYUj,hBfwMxbkL,cjGalCUrIr,dYUj
dYUj,Xm,peBaExP,hBfwMxbkL,cjGalCUrIr,dYUj
dYUj,peBaExP,hBfwMxbkL,cjGalCUrIr,dYUj
dYUj,peBaExP,hBfwMxbkL,cjGalCUrIr,dYUj
dYUj,peBaExP,hBfwMxbkL,cjGalCUrIr,dYUj,peBaExP,cjGalCUrIr
dYUj,peBaExP,hBfwMxbkL,cjGalCUrIr,dYUj,peBaExP,cjGalCUrIr
dYUj,peBaExP,hBfwMxbkL,cjGalCUrIr,dYUj,peBaExP,cjGalCUrIr
peBaExP,cjGalCUrIr,hBfwMxbkL,dYUj,cjGalCUrIr
peBaExP
peBaExP
cjGalCUrIr
cjGalCUrIr
cjGalCUrIr
cjGalCUrIr
cjGalCUrIr
cjGalCUrIr
dYUj
Xm,peBaExP,hBfwMxbkL,cjGalCUrIr,dYUj,dYUj,hBfwMxbkL,C
dYUj,Xm,peBaExP,hBfwMxbkL,cjGalCUrIr,dYUj,hBfwMxbkL,C
dYUj,Xm,peBaExP,hBfwMxbkL,cjGalCUrIr,dYUj,hBfwMxbkL,C
Xm,peBaExP,hBfwMxbkL,C,dYUj,cjGalCUrIr,dYUj,hBfwMxbkL,hBfwMxbkL,C
Xm,peBaExP,hBfwMxbkL,C,dYUj,cjGalCUrIr,dYUj,hBfwMxbkL,hBfwMxbkL,C
Xm,peBaExP,hBfwMxbkL,C,dYUj,cjGalCUrIr,dYUj,hBfwMxbkL,hBfwMxbkL,C
C
C
Xm,peBaExP,hBfwMxbkL,C,dYUj,cjGalCUrIr,dYUj,hBfwMxbkL,hBfwMxbkL,C
C
cjGalCUrIr
cjGalCUrIr
cjGalCUrIr
C
dYUj,peBaExP,hBfwMxbkL,C,cjGalCUrIr,dYUj,hBfwMxbkL
dYUj,peBaExP,hBfwMxbkL,C,cjGalCUrIr,dYUj,hBfwMxbkL
cjGalCUrIr
dYUj
dYUj
dYUj,C,cjGalCUrIr,dYUj,hBfwMxbkL,hBfwMxbkL,hBfwMxbkL,cjGalCUrIr
dYUj,C,cjGalCUrIr,dYUj,hBfwMxbkL,hBfwMxbkL,hBfwMxbkL,cjGalCUrIr,Xm
dYUj,C,cjGalCUrIr,dYUj,hBfwMxbkL,hBfwMxbkL,hBfwMxbkL,cjGalCUrIr,Xm
hBfwMxbkL
hBfwMxbkL
hBfwMxbkL
hBfwMxbkL
dYUj,C,cjGalCUrIr,dYUj,hBfwMxbkL,hBfwMxbkL,hBfwMxbkL,cjGalCUrIr,Xm
hBfwMxbkL
dYUj,cjGalCUrIr,dYUj,hBfwMxbkL,hBfwMxbkL,hBfwMxbkL,cjGalCUrIr,Xm,Xm,peBaExP,peBaExP
hBfwMxbkL
dYUj,C,dYUj,hBfwMxbkL,hBfwMxbkL,cjGalCUrIr,hBfwMxbkL,cjGalCUrIr,Xm
hBfwMxbkL
hBfwMxbkL
dYUj,C,cjGalCUrIr,dYUj,hBfwMxbkL,hBfwMxbkL,hBfwMxbkL,cjGalCUrIr,Xm
hBfwMxbkL
dYUj,C,cjGalCUrIr,dYUj,hBfwMxbkL,Xm,hBfwMxbkL,hBfwMxbkL,cjGalCUrIr
Xm
Xm
dYUj,C,cjGalCUrIr,dYUj,hBfwMxbkL,Xm,hBfwMxbkL,hBfwMxbkL,cjGalCUrIr,dYUj
hBfwMxbkL
Xm
Xm
C,dYUj,Xm,dYUj,hBfwMxbkL,hBfwMxbkL,cjGalCUrIr,dYUj,Xm,dYUj,Xm
Xm
hBfwMxbkL
Xm
Xm
dYUj,C,cjGalCUrIr,dYUj,hBfwMxbkL,Xm,hBfwMxbkL,hBfwMxbkL,cjGalCUrIr,dYUj
dYUj,C,cjGalCUrIr,dYUj,hBfwMxbkL,Xm,hBfwMxbkL,hBfwMxbkL,cjGalCUrIr,dYUj
dYUj,C,cjGalCUrIr,dYUj,hBfwMxbkL,Xm,hBfwMxbkL,hBfwMxbkL,cjGalCUrIr,dYUj
dYUj
cjGalCUrIr
dYUj,dYUj,hBfwMxbkL,Xm,hBfwMxbkL,hBfwMxbkL,cjGalCUrIr,cjGalCUrIr,dYUj,hBfwMxbkL,hBfwMxbkL,cjGalCUrIr
dYUj,dYUj,hBfwMxbkL,Xm,hBfwMxbkL,hBfwMxbkL,cjGalCUrIr,cjGalCUrIr,dYUj,hBfwMxbkL,hBfwMxbkL,cjGalCUrIr
dYUj,dYUj,hBfwMxbkL,Xm,hBfwMxbkL,hBfwMxbkL,cjGalCUrIr,cjGalCUrIr,dYUj,hBfwMxbkL,hBfwMxbkL,cjGalCUrIr
dYUj
dYUj
dYUj,dYUj,hBfwMxbkL,Xm,hBfwMxbkL,hBfwMxbkL,cjGalCUrIr,cjGalCUrIr,dYUj,hBfwMxbkL,hBfwMxbkL,cjGalCUrIr
dYUj
Xm
dYUj,dYUj,hBfwMxbkL,hBfwMxbkL,hBfwMxbkL,cjGalCUrIr,cjGalCUrIr,dYUj,Xm,hBfwMxbkL,hBfwMxbkL,cjGalCUrIr,C,cjGalCUrIr,C
cjGalCUrIr
C
dYUj,hBfwMxbkL,hBfwMxbkL,hBfwMxbkL,dYUj,cjGalCUrIr,C,Xm,hBfwMxbkL,hBfwMxbkL,cjGalCUrIr,cjGalCUrIr,C,Xm,Xm,C
hBfwMxbkL,hBfwMxbkL,hBfwMxbkL,dYUj,cjGalCUrIr,C,Xm,dYUj,hBfwMxbkL,hBfwMxbkL,cjGalCUrIr,cjGalCUrIr,C,Xm,Xm,C,cjGalCUrIr
dYUj
hBfwMxbkL,hBfwMxbkL,hBfwMxbkL,dYUj,cjGalCUrIr,C,Xm,dYUj,hBfwMxbkL,hBfwMxbkL,cjGalCUrIr,cjGalCUrIr,C,Xm,Xm,C,cjGalCUrIr
dYUj
dYUj,hBfwMxbkL,hBfwMxbkL,hBfwMxbkL,cjGalCUrIr,dYUj,Xm,cjGalCUrIr,C,dYUj,hBfwMxbkL,hBfwMxbkL,cjGalCUrIr,cjGalCUrIr,C,Xm,Xm,C,dYUj
dYUj
hBfwMxbkL,hBfwMxbkL,cjGalCUrIr,dYUj,Xm,cjGalCUrIr,C,dYUj,dYUj,hBfwMxbkL,hBfwMxbkL,cjGalCUrIr,cjGalCUrIr,C,Xm,Xm,C,dYUj
hBfwMxbkL,hBfwMxbkL,cjGalCUrIr,cjGalCUrIr,C,dYUj,dYUj,hBfwMxbkL,Xm,dYUj,hBfwMxbkL,cjGalCUrIr,cjGalCUrIr,C,Xm,Xm,C,dYUj,hBfwMxbkL
Jedi Wagner, assuma o comando!