sKPz,liaKdw,liaKdw,sKPz,du
sKPz,liaKdw,liaKdw,sKPz,du
sKPz
sKPz,liaKdw,liaKdw,sKPz,du,dGFYD,du
sKPz,liaKdw,liaKdw,sKPz,du,dGFYD,du
liaKdw
sKPz,liaKdw,sKPz,du,dGFYD,du,k
sKPz,liaKdw,sKPz,du,dGFYD,du,k
sKPz
sKPz,sKPz,liaKdw,du,du,k,NYJ,NYJ,wZZAPh
sKPz
sKPz,sKPz,du,du,k,NYJ,NYJ
sKPz,liaKdw,k,sKPz,du,dGFYD,du
k
k
sKPz,k,sKPz,dGFYD,du
sKPz,k,sKPz,dGFYD,du
sKPz
sKPz,liaKdw,sKPz,du,dGFYD,du,k
sKPz
sKPz
sKPz,liaKdw,sKPz,du,dGFYD,du,k
sKPz
sKPz,liaKdw,du,dGFYD,du,k
sKPz,liaKdw,du,dGFYD,du,k,du,du
sKPz,liaKdw,du,dGFYD,du,k,du,du
liaKdw
sKPz
k
sKPz,liaKdw,k,sKPz,du,dGFYD,du
sKPz,liaKdw,k,sKPz,du,dGFYD,du
sKPz,liaKdw,k,sKPz,du,dGFYD,du
sKPz,liaKdw,k,sKPz,du,dGFYD,du,NYJ
sKPz
sKPz
sKPz
dGFYD
sKPz,liaKdw,dGFYD,sKPz,du,du,k
k
sKPz,liaKdw,k,dGFYD,sKPz,du,du
sKPz,liaKdw,du,k,dGFYD,sKPz,du
du
du
du
du
sKPz,du,liaKdw,dGFYD,sKPz,du,eF
liaKdw
sKPz,liaKdw,du,dGFYD,sKPz,du,eF
du
du
du
du
du
sKPz,liaKdw,du,dGFYD,sKPz,du,eF,du,dGFYD
sKPz,liaKdw,du,dGFYD,sKPz,du,eF,du,dGFYD,du
du,dGFYD,liaKdw,sKPz,sKPz,du,eF,du,dGFYD,du,NYJ
du,dGFYD,liaKdw,sKPz,sKPz,du,eF,du,dGFYD,du,NYJ
du,dGFYD,liaKdw,sKPz,sKPz,du,eF,du,dGFYD,du,NYJ
du,dGFYD,liaKdw,sKPz,sKPz,du,eF,du,dGFYD,du,NYJ
du,dGFYD,liaKdw,sKPz,sKPz,du,eF,du,dGFYD,du
du,dGFYD,liaKdw,sKPz,sKPz,du,eF,du,dGFYD,du
du,dGFYD,liaKdw,sKPz,sKPz,du,eF,du,dGFYD,du
du
du
dGFYD,liaKdw,sKPz,sKPz,du,du,eF,du,dGFYD,du
du
dGFYD,liaKdw,sKPz,sKPz,du,du,du,dGFYD,du
dGFYD,liaKdw,sKPz,du,sKPz,du,du,dGFYD,du
sKPz
du
dGFYD,liaKdw,du,sKPz,du,eF,du,dGFYD,du,NYJ,xQiADjzMdw,xQiADjzMdw,liaKdw,eF
du
dGFYD,du,sKPz,du,eF,du,dGFYD,du,NYJ,xQiADjzMdw,xQiADjzMdw,liaKdw
du
dGFYD,du,sKPz,du,eF,du,dGFYD,du,NYJ,xQiADjzMdw,xQiADjzMdw,liaKdw,eF
du
dGFYD,du,sKPz,du,eF,du,dGFYD,du,NYJ,xQiADjzMdw,xQiADjzMdw,liaKdw,eF
du
du
dGFYD
du,sKPz,du,eF,du,dGFYD,du,NYJ,xQiADjzMdw,liaKdw,eF
du,sKPz,du,du,dGFYD,eF,du,NYJ,xQiADjzMdw,liaKdw,eF,sKPz
du,sKPz,du,du,dGFYD,eF,du,NYJ,xQiADjzMdw,liaKdw,eF,sKPz
du
du,sKPz,du,du,dGFYD,eF,du,NYJ,xQiADjzMdw,liaKdw,eF,sKPz
du,sKPz,du,du,dGFYD,eF,du,NYJ,xQiADjzMdw,liaKdw,eF,sKPz
du,sKPz,du,du,dGFYD,eF,du,NYJ,xQiADjzMdw,liaKdw,eF,sKPz
du,sKPz,du,du,dGFYD,eF,du,NYJ,xQiADjzMdw,liaKdw,eF,sKPz
du,sKPz,du,du,dGFYD,eF,du,NYJ,xQiADjzMdw,liaKdw,eF,sKPz
liaKdw
du,du,du,dGFYD,eF,du,NYJ,xQiADjzMdw,liaKdw,sKPz,eF,sKPz,liaKdw
du,du,du,dGFYD,eF,du,NYJ,xQiADjzMdw,liaKdw,sKPz,eF,sKPz,liaKdw
du,eF,du,NYJ,xQiADjzMdw,sKPz,dGFYD,du,eF,sKPz,liaKdw,eF,eF,du
xQiADjzMdw
xQiADjzMdw
eF,du,NYJ,sKPz,dGFYD,du,du,xQiADjzMdw,eF,sKPz,liaKdw,eF,eF,du,sKPz
xQiADjzMdw
eF,du,NYJ,sKPz,dGFYD,du,du,xQiADjzMdw,eF,sKPz,liaKdw,eF,eF,du,sKPz
eF
eF,du,NYJ,sKPz,dGFYD,du,du,eF,sKPz,liaKdw,eF,eF,du,sKPz
du,sKPz,du,du,dGFYD,eF,du,NYJ,xQiADjzMdw,liaKdw,eF,sKPz
du,sKPz,du,du,dGFYD,eF,du,NYJ,xQiADjzMdw,liaKdw,eF,sKPz
liaKdw
liaKdw
du,sKPz,du,du,dGFYD,eF,du,xQiADjzMdw,liaKdw,eF,sKPz,dGFYD,wZZAPh
eF
du,sKPz,du,du,dGFYD,eF,du,xQiADjzMdw,liaKdw,eF,sKPz,dGFYD,wZZAPh
du,sKPz,du,du,dGFYD,eF,du,xQiADjzMdw,liaKdw,eF,sKPz,dGFYD
sKPz
sKPz
du,du,du,dGFYD,du,xQiADjzMdw,liaKdw,eF,dGFYD,du
du,du,du,dGFYD,du,xQiADjzMdw,liaKdw,eF,sKPz,dGFYD,du,wZZAPh
dGFYD
dGFYD
dGFYD
du,du,du,dGFYD,du,liaKdw,sKPz,dGFYD,eF,xQiADjzMdw,du,Wj
xQiADjzMdw
xQiADjzMdw
du,du,du,dGFYD,du,liaKdw,sKPz,dGFYD,eF,xQiADjzMdw,NYJ,du,Wj,eF
du,du,du,dGFYD,du,liaKdw,sKPz,dGFYD,eF,xQiADjzMdw,NYJ,du,Wj,eF,eF
du,du,du,dGFYD,du,liaKdw,sKPz,dGFYD,eF,xQiADjzMdw,NYJ,du,Wj,eF,eF
dGFYD
dGFYD
du,du,du,du,liaKdw,eF,dGFYD,xQiADjzMdw,NYJ,du,eF,eF,dGFYD,wZZAPh
xQiADjzMdw
du,du,du,dGFYD,du,liaKdw,sKPz,dGFYD,eF,xQiADjzMdw,du,Wj,liaKdw
du
du
du
du,du,du,liaKdw,xQiADjzMdw,du,dGFYD,Wj,liaKdw
du,du,du,liaKdw,xQiADjzMdw,du,dGFYD,Wj,liaKdw
du,du,du,liaKdw,xQiADjzMdw,du,dGFYD,liaKdw,eF
du
du
du,du,du,liaKdw,xQiADjzMdw,du,dGFYD,Wj,liaKdw,eF
Wj
Wj
Wj
Wj
Wj
du
du,du,du,xQiADjzMdw,du,dGFYD,Wj,liaKdw,eF,sKPz
dGFYD,du,du,du,xQiADjzMdw,du,Wj,liaKdw,eF,dGFYD
du
du
du,du,du,liaKdw,du,dGFYD,Wj,liaKdw,eF
du,dGFYD,du,du,liaKdw,du,Wj,liaKdw
du
du
du
liaKdw
liaKdw,du,du,du,du,Wj,liaKdw
liaKdw
liaKdw,du,du,du,du,Wj,liaKdw
liaKdw,du,du,du,du,Wj,liaKdw
liaKdw
liaKdw
liaKdw,du,du,du,du,Wj,liaKdw
liaKdw
liaKdw
liaKdw,du,du,du,du,Wj,liaKdw
liaKdw,du,du,du,du,Wj,liaKdw
du
Wj
liaKdw,du,Wj,du,du,liaKdw,Wj,liaKdw,Wj,Wj,NYJ
Wj
liaKdw,du,Wj,du,du,liaKdw,Wj,liaKdw,Wj,Wj,NYJ,sKPz,du,du
du
du
liaKdw,du,Wj,du,du,liaKdw,Wj,liaKdw,Wj,Wj,NYJ,sKPz,du,du
du
du
liaKdw,Wj,du,du,du,liaKdw,Wj,liaKdw,Wj,Wj,NYJ,sKPz,du,du,wZZAPh
du
liaKdw,Wj,du,du,sKPz,du,liaKdw,Wj,liaKdw,Wj,Wj,NYJ,du,du,wZZAPh,eF
du
liaKdw,du,Wj,du,du,liaKdw,Wj,liaKdw,Wj,Wj,NYJ,sKPz,du,du
liaKdw,du,Wj,du,du,liaKdw,Wj,liaKdw,Wj,Wj,NYJ,sKPz,du,du
liaKdw,du,Wj,du,du,liaKdw,Wj,liaKdw,Wj,Wj,NYJ,sKPz,du,du
liaKdw,du,Wj,du,du,liaKdw,Wj,liaKdw,Wj,Wj,NYJ,sKPz,du,du
liaKdw,du,Wj,du,du,liaKdw,Wj,liaKdw,Wj,Wj,NYJ,sKPz,du,du
du,du,du,liaKdw,Wj,liaKdw,liaKdw,Wj,Wj,NYJ,sKPz,du,du,eF,wZZAPh
liaKdw
du,du,liaKdw,liaKdw,liaKdw,Wj,Wj,NYJ,sKPz,du,du,eF
liaKdw
liaKdw
liaKdw
du,du,liaKdw,liaKdw,Wj,Wj,NYJ,sKPz,du,du,eF,sKPz
Jedi Wagner, assuma o comando!