[vazia]
fbCBjkhM
[vazia]
[vazia]
[vazia]
[vazia]
Toque! Toque, Dijê!
Toque! Toque, Dijê!
Toque! Toque, Dijê!
APMP
APMP
APMP
APMP
APMP
APMP
APMP
APMP
APMP
APMP,BsLhMZpCv
APMP,BsLhMZpCv
APMP
APMP,BsLhMZpCv
APMP,BsLhMZpCv
APMP,BsLhMZpCv
Toque! Toque, Dijê!
APMP
APMP
[vazia]
Toque! Toque, Dijê!
[vazia]
Toque! Toque, Dijê!
N
Toque! Toque, Dijê!
[vazia]
Toque! Toque, Dijê!
[vazia]
Toque! Toque, Dijê!
[vazia]
[vazia]
[vazia]
Toque! Toque, Dijê!
[vazia]
Toque! Toque, Dijê!
Toque! Toque, Dijê!
Toque! Toque, Dijê!
[vazia]
[vazia]
[vazia]
N
N
[vazia]
[vazia]
Toque! Toque, Dijê!
BsLhMZpCv,fbCBjkhM
BsLhMZpCv
BsLhMZpCv
BsLhMZpCv
BsLhMZpCv
BsLhMZpCv
BsLhMZpCv
BsLhMZpCv
BsLhMZpCv
BsLhMZpCv,BsLhMZpCv,VW
BsLhMZpCv
BsLhMZpCv,VW,BsLhMZpCv,N
BsLhMZpCv,VW,BsLhMZpCv,N
BsLhMZpCv
Jedi Wagner, assuma o comando!