[vazia]
Toque! Toque, Dijê!
Toque! Toque, Dijê!
Toque! Toque, Dijê!
[vazia]
SyGeuzy
SyGeuzy
SyGeuzy
Toque! Toque, Dijê!
[vazia]
[vazia]
Toque! Toque, Dijê!
[vazia]
Toque! Toque, Dijê!
Toque! Toque, Dijê!
DpEigooH
DpEigooH
a
Toque! Toque, Dijê!
SyGeuzy
SyGeuzy
SyGeuzy
SyGeuzy
SyGeuzy
SyGeuzy
SyGeuzy
SyGeuzy
[vazia]
[vazia]
[vazia]
SyGeuzy
SyGeuzy
SyGeuzy
SyGeuzy,JZt
SyGeuzy
SyGeuzy,JZt
SyGeuzy
JZt
JZt
JZt
JZt
JZt
JZt,a,VSDgDsFmJ
JZt,a,VSDgDsFmJ
JZt,a,VSDgDsFmJ
VSDgDsFmJ
VSDgDsFmJ
JZt,a,VSDgDsFmJ
VSDgDsFmJ
JZt,a,VSDgDsFmJ,a
JZt,VSDgDsFmJ,a,DpEigooH
JZt,VSDgDsFmJ,a,DpEigooH
a
JZt,VSDgDsFmJ,DpEigooH,a,DpEigooH,a
a
JZt,VSDgDsFmJ,DpEigooH,DpEigooH,a,VSDgDsFmJ
a
VSDgDsFmJ,DpEigooH,DpEigooH,a,VSDgDsFmJ,DpEigooH,ofo,JZt
a
JZt
JZt
VSDgDsFmJ,a,DpEigooH,a,JZt
JZt,VSDgDsFmJ,DpEigooH,a,DpEigooH,a
JZt,VSDgDsFmJ,DpEigooH,a,DpEigooH,a
a
a
JZt,VSDgDsFmJ,DpEigooH,a,DpEigooH,a
a
JZt,VSDgDsFmJ,DpEigooH,a,DpEigooH,a
a
JZt,DpEigooH,DpEigooH,a,SyGeuzy
JZt,DpEigooH,DpEigooH,a,SyGeuzy
DpEigooH,DpEigooH,a,SyGeuzy,JZt,a,DpEigooH
a
DpEigooH,DpEigooH,SyGeuzy,JZt,a,DpEigooH,VSDgDsFmJ
DpEigooH,JZt,DpEigooH,DpEigooH,VSDgDsFmJ,VSDgDsFmJ
DpEigooH
DpEigooH
DpEigooH,JZt,a,DpEigooH,DpEigooH,VSDgDsFmJ,VSDgDsFmJ
DpEigooH,a,DpEigooH,DpEigooH,VSDgDsFmJ,VSDgDsFmJ
DpEigooH,a,DpEigooH,DpEigooH,VSDgDsFmJ,VSDgDsFmJ
DpEigooH
DpEigooH,JZt,a,DpEigooH,DpEigooH,VSDgDsFmJ
DpEigooH,JZt,DpEigooH,DpEigooH,VSDgDsFmJ,a,a
DpEigooH,JZt,DpEigooH,DpEigooH,a,VSDgDsFmJ,a,VSDgDsFmJ
DpEigooH
DpEigooH,DpEigooH,a,DpEigooH,JZt,VSDgDsFmJ,a,VSDgDsFmJ
DpEigooH
DpEigooH
DpEigooH
DpEigooH,JZt,a,DpEigooH,DpEigooH,a
DpEigooH
DpEigooH
DpEigooH,JZt,a,DpEigooH,DpEigooH,a
DpEigooH,JZt,a,DpEigooH,DpEigooH,a
DpEigooH,JZt,a,DpEigooH,DpEigooH,a
DpEigooH,JZt,a,DpEigooH,DpEigooH,a
a
DpEigooH
DpEigooH,JZt,a,DpEigooH,DpEigooH,a,ofo,DpEigooH,DpEigooH
DpEigooH,a,DpEigooH,DpEigooH,a,ofo,DpEigooH,DpEigooH
DpEigooH
DpEigooH,a,DpEigooH,DpEigooH,a,ofo,DpEigooH,DpEigooH
DpEigooH
DpEigooH,a,DpEigooH,DpEigooH,a,ofo,DpEigooH,DpEigooH
DpEigooH,a,DpEigooH,DpEigooH,a,ofo,DpEigooH,DpEigooH
DpEigooH
DpEigooH,DpEigooH,DpEigooH,a,ofo,DpEigooH,DpEigooH,ofo,SyGeuzy,VSDgDsFmJ
DpEigooH,DpEigooH,DpEigooH,a,ofo,DpEigooH,DpEigooH,ofo,SyGeuzy,VSDgDsFmJ
a
DpEigooH,DpEigooH,DpEigooH,a,ofo,DpEigooH,DpEigooH,ofo,SyGeuzy,VSDgDsFmJ,DpEigooH
DpEigooH,DpEigooH,DpEigooH,a,ofo,DpEigooH,DpEigooH,ofo,SyGeuzy,VSDgDsFmJ,DpEigooH,ofo
DpEigooH,DpEigooH,DpEigooH,a,ofo,DpEigooH,DpEigooH,ofo,SyGeuzy,VSDgDsFmJ,DpEigooH,ofo
DpEigooH,DpEigooH,DpEigooH,a,ofo,DpEigooH,DpEigooH,ofo,SyGeuzy,VSDgDsFmJ,DpEigooH,ofo
DpEigooH,DpEigooH,DpEigooH,ofo,a,DpEigooH,DpEigooH,ofo,SyGeuzy,VSDgDsFmJ,DpEigooH,SyGeuzy
ofo
DpEigooH,DpEigooH,DpEigooH,ofo,a,DpEigooH,DpEigooH,ofo,SyGeuzy,VSDgDsFmJ,DpEigooH,SyGeuzy
DpEigooH,DpEigooH,DpEigooH,ofo,a,DpEigooH,DpEigooH,ofo,SyGeuzy,VSDgDsFmJ,DpEigooH,SyGeuzy,DpEigooH
ofo
ofo
ofo
ofo
DpEigooH,DpEigooH,DpEigooH,a,ofo,DpEigooH,DpEigooH,ofo,SyGeuzy,VSDgDsFmJ,DpEigooH,SyGeuzy
DpEigooH,DpEigooH,DpEigooH,a,ofo,VSDgDsFmJ,DpEigooH,DpEigooH,ofo,SyGeuzy,DpEigooH,SyGeuzy
VSDgDsFmJ
DpEigooH,DpEigooH,VSDgDsFmJ,ofo,DpEigooH,DpEigooH,DpEigooH,ofo,SyGeuzy,DpEigooH,SyGeuzy,DpEigooH
VSDgDsFmJ
DpEigooH,DpEigooH,VSDgDsFmJ,DpEigooH,DpEigooH,DpEigooH,ofo,SyGeuzy,DpEigooH,SyGeuzy,VSDgDsFmJ,JZt
ofo
ofo
ofo
DpEigooH,DpEigooH,DpEigooH,a,ofo,DpEigooH,DpEigooH,ofo,SyGeuzy,VSDgDsFmJ,DpEigooH,SyGeuzy,a
ofo
DpEigooH,DpEigooH,a,ofo,DpEigooH,DpEigooH,DpEigooH,ofo,SyGeuzy,VSDgDsFmJ,DpEigooH,SyGeuzy
ofo
ofo
ofo
ofo
DpEigooH,DpEigooH,DpEigooH,ofo,DpEigooH,DpEigooH,ofo,SyGeuzy,VSDgDsFmJ,DpEigooH,SyGeuzy,ofo,SyGeuzy,ofo
DpEigooH,DpEigooH,DpEigooH,ofo,DpEigooH,DpEigooH,ofo,SyGeuzy,VSDgDsFmJ,DpEigooH,SyGeuzy,ofo,SyGeuzy,ofo
DpEigooH,DpEigooH,DpEigooH,DpEigooH,DpEigooH,ofo,SyGeuzy,VSDgDsFmJ,DpEigooH,SyGeuzy,ofo,SyGeuzy,ofo
DpEigooH
DpEigooH
DpEigooH
DpEigooH,DpEigooH,DpEigooH,DpEigooH,DpEigooH,ofo,SyGeuzy,VSDgDsFmJ,DpEigooH,SyGeuzy,ofo,SyGeuzy,ofo
DpEigooH
ofo
DpEigooH,DpEigooH,DpEigooH,DpEigooH,DpEigooH,SyGeuzy,VSDgDsFmJ,DpEigooH,ofo,SyGeuzy,ofo,SyGeuzy,ofo,VSDgDsFmJ
DpEigooH,DpEigooH,DpEigooH,DpEigooH,DpEigooH,SyGeuzy,VSDgDsFmJ,DpEigooH,ofo,SyGeuzy,ofo,SyGeuzy,ofo,VSDgDsFmJ
DpEigooH,DpEigooH,DpEigooH,DpEigooH,DpEigooH,SyGeuzy,VSDgDsFmJ,DpEigooH,ofo,SyGeuzy,ofo,SyGeuzy,ofo,VSDgDsFmJ
DpEigooH,DpEigooH,DpEigooH,DpEigooH,DpEigooH,ofo,SyGeuzy,VSDgDsFmJ,DpEigooH,SyGeuzy,ofo,SyGeuzy,ofo,DpEigooH
DpEigooH,DpEigooH,DpEigooH,DpEigooH,DpEigooH,ofo,SyGeuzy,VSDgDsFmJ,DpEigooH,SyGeuzy,ofo,SyGeuzy,ofo,DpEigooH
DpEigooH,DpEigooH,DpEigooH,DpEigooH,DpEigooH,ofo,SyGeuzy,VSDgDsFmJ,DpEigooH,SyGeuzy,ofo,SyGeuzy,ofo
DpEigooH
DpEigooH,DpEigooH,DpEigooH,DpEigooH,DpEigooH,ofo,SyGeuzy,VSDgDsFmJ,DpEigooH,SyGeuzy,ofo,SyGeuzy,ofo
DpEigooH
DpEigooH,DpEigooH,DpEigooH,DpEigooH,DpEigooH,ofo,SyGeuzy,VSDgDsFmJ,DpEigooH,SyGeuzy,ofo,SyGeuzy,ofo
DpEigooH,DpEigooH,DpEigooH,DpEigooH,DpEigooH,ofo,SyGeuzy,VSDgDsFmJ,DpEigooH,SyGeuzy,ofo,SyGeuzy,ofo
DpEigooH,DpEigooH,DpEigooH,DpEigooH,DpEigooH,ofo,SyGeuzy,VSDgDsFmJ,DpEigooH,SyGeuzy,ofo,SyGeuzy,ofo,DpEigooH
DpEigooH,DpEigooH,DpEigooH,DpEigooH,DpEigooH,ofo,SyGeuzy,DpEigooH,VSDgDsFmJ,SyGeuzy,ofo,SyGeuzy,ofo,DpEigooH
DpEigooH
DpEigooH
DpEigooH
DpEigooH,DpEigooH,DpEigooH,DpEigooH,DpEigooH,ofo,VSDgDsFmJ,DpEigooH,SyGeuzy,ofo,SyGeuzy,ofo,SyGeuzy
Jedi Wagner, assuma o comando!