[vazia]
[vazia]
Toque! Toque, Dijê!
[vazia]
Toque! Toque, Dijê!
TqE
TqE
TqE
TqE
TqE
TqE
TqE
TqE,TqE
TqE,TqE
TqE
TqE
[vazia]
[vazia]
[vazia]
TqE
TqE
TqE
Toque! Toque, Dijê!
Toque! Toque, Dijê!
TqE
TqE
[vazia]
[vazia]
TqE
TqE,TqE
TqE,TqE
TqE
TqE,TqE
TqE,TqE
TqE
TqE,TqE,TqE,TqE
TqE
TqE,TqE
TqE
TqE
TqE
TqE,TqE
TqE,TqE
Toque! Toque, Dijê!
TqE
[vazia]
TqE
TqE,TqE,TqE
TqE,TqE,TqE,TqE,TqE
TqE,TqE,TqE,TqE
TqE,TqE,TqE,TqE
TqE,TqE,TqE,TqE
TqE
TqE,TqE,TqE,TqE
TqE
TqE,TqE,TqE,TqE
TqE,TqE,TqE,TqE
TqE,TqE,TqE,TqE
TqE
TqE
TqE
TqE
TqE,TqE,TqE,TqE,TqE,TqE,TqE
TqE
TqE
TqE
TqE
TqE,TqE,TqE,TqE,TqE,TqE,TqE
TqE
TqE,TqE,TqE,TqE,TqE,TqE,TqE
TqE,TqE,TqE,TqE,TqE,TqE,TqE,TqE,TqE
TqE,TqE,TqE,TqE,TqE,TqE,TqE,TqE,TqE
TqE
TqE,TqE,TqE,TqE,TqE,TqE,TqE,TqE,TqE
TqE
TqE,TqE,TqE,TqE,TqE,TqE,TqE,TqE,TqE
TqE
TqE
TqE
TqE
TqE,TqE,TqE,TqE,TqE,TqE,TqE
TqE
TqE
TqE
TqE
TqE,TqE,TqE,TqE,TqE,TqE,TqE,TqE,TqE
TqE
TqE
TqE
TqE,TqE,TqE,TqE,TqE,TqE,TqE,TqE,TqE,TqE
TqE
TqE,TqE,TqE,TqE,TqE,TqE,TqE,TqE
TqE,TqE,TqE,TqE,TqE,TqE,TqE,TqE
TqE,TqE,TqE,TqE,TqE,TqE,TqE,TqE,TqE,TqE,TqE
TqE,TqE,TqE,TqE,TqE,TqE,TqE,TqE,TqE,TqE
TqE
TqE
TqE
TqE,TqE,TqE,TqE,TqE,TqE,TqE,TqE,TqE,TqE
TqE,TqE,TqE,TqE,TqE,TqE,TqE,TqE,TqE,TqE,TqE,TqE,TqE,TqE
TqE,TqE,TqE,TqE,TqE,TqE,TqE,TqE,TqE,TqE,TqE,TqE,TqE,TqE,TqE
TqE
TqE
TqE,TqE,TqE,TqE,TqE,TqE,TqE,TqE,TqE,TqE,TqE,TqE,TqE,TqE,TqE
TqE
TqE
TqE,TqE,TqE,TqE,TqE,TqE,TqE,TqE,TqE,TqE,TqE,TqE,TqE,TqE,TqE
TqE
TqE
TqE
TqE
TqE,TqE,TqE,TqE,TqE,TqE,TqE,TqE,TqE,TqE,TqE,TqE,TqE,TqE
TqE,TqE,TqE,TqE,TqE,TqE,TqE,TqE,TqE,TqE,TqE,TqE,TqE,TqE
TqE,TqE,TqE,TqE,TqE,TqE,TqE,TqE,TqE,TqE,TqE,TqE,TqE,TqE
TqE,TqE,TqE,TqE,TqE,TqE,TqE,TqE,TqE,TqE,TqE,TqE,TqE
TqE,TqE,TqE,TqE,TqE,TqE,TqE,TqE,TqE,TqE,TqE,TqE
TqE
TqE
TqE,TqE,TqE,TqE,TqE,TqE,TqE,TqE,TqE,TqE,TqE,TqE
TqE
TqE
TqE
TqE,TqE,TqE,TqE,TqE,TqE,TqE,TqE,TqE,TqE,TqE,TqE,TqE,TqE
TqE
TqE
TqE,TqE,TqE,TqE,TqE,TqE,TqE,TqE,TqE,TqE,TqE,TqE,TqE,TqE
TqE,TqE,TqE,TqE,TqE,TqE,TqE,TqE,TqE,TqE,TqE,TqE,TqE,TqE,TqE
TqE,TqE,TqE,TqE,TqE,TqE,TqE,TqE,TqE,TqE,TqE,TqE,TqE,TqE,TqE
TqE
TqE
TqE
TqE,TqE,TqE,TqE,TqE,TqE,TqE,TqE,TqE,TqE,TqE,TqE,TqE,TqE,TqE
TqE
TqE
TqE
TqE,TqE,TqE,TqE,TqE,TqE,TqE,TqE,TqE,TqE,TqE,TqE,TqE,TqE,TqE
TqE,TqE,TqE,TqE,TqE,TqE,TqE,TqE,TqE,TqE,TqE,TqE,TqE,TqE,TqE
TqE,TqE,TqE,TqE,TqE,TqE,TqE,TqE,TqE,TqE,TqE,TqE,TqE,TqE
TqE,TqE,TqE,TqE,TqE,TqE,TqE,TqE,TqE,TqE,TqE,TqE,TqE,TqE
TqE
TqE
TqE
TqE,TqE,TqE,TqE,TqE,TqE,TqE,TqE,TqE,TqE,TqE,TqE,TqE,TqE
TqE,TqE,TqE,TqE,TqE,TqE,TqE,TqE,TqE,TqE,TqE,TqE,TqE,TqE
TqE
TqE,TqE,TqE,TqE,TqE,TqE,TqE,TqE,TqE,TqE,TqE,TqE,TqE
TqE
TqE,TqE,TqE,TqE,TqE,TqE,TqE,TqE,TqE,TqE,TqE,TqE,TqE,TqE,TqE
TqE,TqE,TqE,TqE,TqE,TqE,TqE,TqE,TqE,TqE,TqE,TqE,TqE,TqE,TqE,TqE
TqE
TqE,TqE,TqE,TqE,TqE,TqE,TqE,TqE,TqE,TqE,TqE,TqE,TqE,TqE,TqE
TqE,TqE,TqE,TqE,TqE,TqE,TqE,TqE,TqE,TqE,TqE,TqE,TqE,TqE,TqE
TqE,TqE,TqE,TqE,TqE,TqE,TqE,TqE,TqE,TqE,TqE,TqE,TqE,TqE,TqE
TqE,TqE,TqE,TqE,TqE,TqE,TqE,TqE,TqE,TqE,TqE,TqE,TqE,TqE
TqE
TqE
TqE,TqE,TqE,TqE,TqE,TqE,TqE,TqE,TqE,TqE
TqE,TqE,TqE,TqE,TqE,TqE,TqE,TqE,TqE,TqE,TqE,TqE,TqE,TqE,TqE
TqE
TqE,TqE,TqE,TqE,TqE,TqE,TqE,TqE,TqE,TqE,TqE,TqE,TqE
TqE
TqE,TqE,TqE,TqE,TqE,TqE,TqE,TqE,TqE,TqE,TqE,TqE,TqE
TqE
TqE
TqE,TqE,TqE,TqE,TqE,TqE,TqE,TqE,TqE,TqE,TqE
TqE,TqE,TqE,TqE,TqE,TqE,TqE,TqE,TqE,TqE,TqE
TqE,TqE,TqE,TqE,TqE,TqE,TqE,TqE,TqE,TqE,TqE,TqE
TqE,TqE,TqE,TqE,TqE,TqE,TqE,TqE,TqE,TqE,TqE,TqE
TqE
TqE,TqE,TqE,TqE,TqE,TqE,TqE,TqE,TqE,TqE,TqE,TqE,TqE,TqE
TqE
TqE
TqE,TqE,TqE,TqE,TqE,TqE,TqE,TqE,TqE,TqE,TqE,TqE,TqE,TqE,TqE
TqE,TqE,TqE,TqE,TqE,TqE,TqE,TqE,TqE,TqE,TqE
TqE
TqE
TqE
TqE
TqE
TqE,TqE,TqE,TqE,TqE,TqE,TqE,TqE,TqE
TqE
TqE,TqE,TqE,TqE,TqE,TqE,TqE,TqE,TqE,TqE
TqE,TqE,TqE,TqE,TqE,TqE,TqE,TqE,TqE,TqE
TqE,TqE,TqE,TqE,TqE,TqE,TqE,TqE
TqE,TqE,TqE,TqE,TqE,TqE,TqE,TqE
TqE
TqE,TqE,TqE,TqE,TqE,TqE,TqE,TqE
TqE,TqE,TqE,TqE,TqE,TqE,TqE,TqE,TqE
TqE,TqE,TqE,TqE,TqE,TqE,TqE,TqE,TqE
TqE
Jedi Wagner, assuma o comando!