Toque! Toque, Dijê!
Toque! Toque, Dijê!
Lemz
ohBFep
altimpLhi,ohBFep,dbJbvz
altimpLhi
altimpLhi
ohBFep
ohBFep,altimpLhi
ohBFep,altimpLhi,ohBFep
ohBFep
ohBFep,altimpLhi,ohBFep
ohBFep,altimpLhi,ohBFep
ohBFep
altimpLhi,ohBFep
ohBFep
altimpLhi,ohBFep,uoDcRMVUkm,dbJbvz
ohBFep
altimpLhi,ohBFep,dbJbvz,dbJbvz
altimpLhi,ohBFep,dbJbvz,dbJbvz
dbJbvz
dbJbvz
dbJbvz
altimpLhi,dbJbvz,dbJbvz,ohBFep,DbGUupy
dbJbvz
dbJbvz
ohBFep,dbJbvz,altimpLhi,dbJbvz
dbJbvz
ohBFep,dbJbvz,dbJbvz,DbGUupy
ohBFep,dbJbvz,dbJbvz,DbGUupy
dbJbvz
ohBFep,dbJbvz,dbJbvz,DbGUupy
dbJbvz
ohBFep,dbJbvz,dbJbvz,DbGUupy,dbJbvz
ohBFep,dbJbvz,dbJbvz,DbGUupy,dbJbvz
ohBFep,dbJbvz,dbJbvz,DbGUupy,dbJbvz
ohBFep,dbJbvz,dbJbvz,DbGUupy,dbJbvz,dbJbvz,DbGUupy
dbJbvz,dbJbvz,DbGUupy,dbJbvz,dbJbvz,DbGUupy
DbGUupy
dbJbvz,DbGUupy,dbJbvz,dbJbvz,dbJbvz,DbGUupy,DbGUupy,ohBFep
dbJbvz
dbJbvz,DbGUupy,dbJbvz,dbJbvz,dbJbvz,DbGUupy,DbGUupy,ohBFep,Lemz
dbJbvz,DbGUupy,dbJbvz,dbJbvz,dbJbvz,DbGUupy,DbGUupy,ohBFep,Lemz,uoDcRMVUkm
dbJbvz,DbGUupy,dbJbvz,dbJbvz,dbJbvz,DbGUupy,DbGUupy,ohBFep,Lemz,uoDcRMVUkm
dbJbvz,DbGUupy,dbJbvz,dbJbvz,dbJbvz,DbGUupy,ohBFep,DbGUupy,Lemz,uoDcRMVUkm
DbGUupy
DbGUupy,dbJbvz,dbJbvz,dbJbvz,DbGUupy,dbJbvz,ohBFep,DbGUupy,uoDcRMVUkm,dbJbvz
uoDcRMVUkm
DbGUupy
DbGUupy,dbJbvz,dbJbvz,dbJbvz,DbGUupy,dbJbvz,ohBFep,DbGUupy,uoDcRMVUkm,dbJbvz,BSmWSS,hPGjKoQohr,DbGUupy,DbGUupy,BSmWSS
DbGUupy
DbGUupy,dbJbvz,dbJbvz,DbGUupy,dbJbvz,hPGjKoQohr,ohBFep,DbGUupy,uoDcRMVUkm,dbJbvz,BSmWSS,DbGUupy,DbGUupy,BSmWSS,altimpLhi,dbJbvz
DbGUupy
DbGUupy
DbGUupy
dbJbvz,dbJbvz,dbJbvz,ohBFep,DbGUupy,hPGjKoQohr,dbJbvz,uoDcRMVUkm,dbJbvz,BSmWSS,DbGUupy,DbGUupy,BSmWSS,hPGjKoQohr,BSmWSS,DbGUupy
DbGUupy
DbGUupy
DbGUupy
dbJbvz,dbJbvz,dbJbvz,ohBFep,DbGUupy,hPGjKoQohr,dbJbvz,uoDcRMVUkm,dbJbvz,BSmWSS,DbGUupy,DbGUupy,BSmWSS,hPGjKoQohr,BSmWSS,DbGUupy,BSmWSS,BSmWSS
dbJbvz
dbJbvz,DbGUupy,hPGjKoQohr,dbJbvz,dbJbvz,uoDcRMVUkm,dbJbvz,BSmWSS,DbGUupy,DbGUupy,BSmWSS,hPGjKoQohr,BSmWSS,DbGUupy,BSmWSS,BSmWSS
dbJbvz,DbGUupy,hPGjKoQohr,dbJbvz,dbJbvz,uoDcRMVUkm,dbJbvz,BSmWSS,DbGUupy,DbGUupy,BSmWSS,hPGjKoQohr,BSmWSS,DbGUupy,BSmWSS,BSmWSS
uoDcRMVUkm
uoDcRMVUkm
dbJbvz
dbJbvz
dbJbvz,DbGUupy,hPGjKoQohr,dbJbvz,dbJbvz,uoDcRMVUkm,dbJbvz,BSmWSS,DbGUupy,DbGUupy,BSmWSS,hPGjKoQohr,BSmWSS,DbGUupy,BSmWSS,BSmWSS,DbGUupy,Lemz
dbJbvz
dbJbvz,DbGUupy,hPGjKoQohr,dbJbvz,dbJbvz,dbJbvz,uoDcRMVUkm,BSmWSS,DbGUupy,DbGUupy,BSmWSS,hPGjKoQohr,BSmWSS,DbGUupy,BSmWSS,BSmWSS,DbGUupy,dbJbvz,uoDcRMVUkm,dbJbvz
dbJbvz
dbJbvz,DbGUupy,hPGjKoQohr,dbJbvz,dbJbvz,uoDcRMVUkm,dbJbvz,BSmWSS,DbGUupy,DbGUupy,BSmWSS,hPGjKoQohr,BSmWSS,DbGUupy,BSmWSS,BSmWSS,DbGUupy,hPGjKoQohr
dbJbvz
dbJbvz
dbJbvz,DbGUupy,hPGjKoQohr,dbJbvz,dbJbvz,uoDcRMVUkm,dbJbvz,BSmWSS,DbGUupy,DbGUupy,BSmWSS,hPGjKoQohr,BSmWSS,DbGUupy,BSmWSS,BSmWSS,DbGUupy
dbJbvz
dbJbvz,DbGUupy,hPGjKoQohr,dbJbvz,dbJbvz,uoDcRMVUkm,dbJbvz,BSmWSS,DbGUupy,DbGUupy,BSmWSS,hPGjKoQohr,BSmWSS,DbGUupy,BSmWSS,BSmWSS,DbGUupy
dbJbvz,DbGUupy,hPGjKoQohr,dbJbvz,dbJbvz,uoDcRMVUkm,dbJbvz,BSmWSS,DbGUupy,DbGUupy,BSmWSS,hPGjKoQohr,BSmWSS,DbGUupy,BSmWSS,BSmWSS,DbGUupy
dbJbvz
BSmWSS
hPGjKoQohr,dbJbvz,dbJbvz,uoDcRMVUkm,dbJbvz,BSmWSS,dbJbvz,DbGUupy,DbGUupy,BSmWSS,hPGjKoQohr,BSmWSS,DbGUupy,BSmWSS,BSmWSS,DbGUupy,hPGjKoQohr
hPGjKoQohr,dbJbvz,dbJbvz,uoDcRMVUkm,dbJbvz,BSmWSS,dbJbvz,DbGUupy,DbGUupy,BSmWSS,hPGjKoQohr,BSmWSS,DbGUupy,BSmWSS,BSmWSS,DbGUupy,hPGjKoQohr
dbJbvz,dbJbvz,dbJbvz,dbJbvz,BSmWSS,hPGjKoQohr,uoDcRMVUkm,DbGUupy,DbGUupy,BSmWSS,hPGjKoQohr,BSmWSS,DbGUupy,BSmWSS,BSmWSS,DbGUupy,dbJbvz,ohBFep,ohBFep
BSmWSS
dbJbvz,dbJbvz,dbJbvz,dbJbvz,BSmWSS,hPGjKoQohr,DbGUupy,DbGUupy,BSmWSS,hPGjKoQohr,BSmWSS,DbGUupy,BSmWSS,BSmWSS,DbGUupy,dbJbvz,ohBFep,ohBFep,BSmWSS
DbGUupy
DbGUupy
dbJbvz
dbJbvz
dbJbvz,hPGjKoQohr,DbGUupy,dbJbvz,BSmWSS,hPGjKoQohr,BSmWSS,DbGUupy,BSmWSS,BSmWSS,DbGUupy,dbJbvz,ohBFep,BSmWSS,BSmWSS,DbGUupy,DbGUupy
dbJbvz,DbGUupy,dbJbvz,BSmWSS,hPGjKoQohr,hPGjKoQohr,BSmWSS,DbGUupy,BSmWSS,BSmWSS,DbGUupy,dbJbvz,ohBFep,BSmWSS,BSmWSS,DbGUupy,DbGUupy
DbGUupy
dbJbvz,BSmWSS,eZWhT,DbGUupy,ohBFep,hPGjKoQohr,hPGjKoQohr,BSmWSS,DbGUupy,BSmWSS,BSmWSS,DbGUupy,dbJbvz,BSmWSS,BSmWSS,DbGUupy,DbGUupy,dbJbvz,altimpLhi,eZWhT
ohBFep
ohBFep
dbJbvz,BSmWSS,eZWhT,uoDcRMVUkm,ohBFep,DbGUupy,hPGjKoQohr,hPGjKoQohr,BSmWSS,DbGUupy,BSmWSS,BSmWSS,DbGUupy,dbJbvz,BSmWSS,BSmWSS,DbGUupy,DbGUupy,dbJbvz,altimpLhi,BSmWSS,hPGjKoQohr
dbJbvz
dbJbvz
BSmWSS,eZWhT,uoDcRMVUkm,dbJbvz,DbGUupy,hPGjKoQohr,hPGjKoQohr,BSmWSS,DbGUupy,BSmWSS,BSmWSS,DbGUupy,dbJbvz,BSmWSS,BSmWSS,DbGUupy,DbGUupy,dbJbvz,altimpLhi,BSmWSS,hPGjKoQohr,Lemz
dbJbvz
BSmWSS,eZWhT,uoDcRMVUkm,dbJbvz,DbGUupy,hPGjKoQohr,hPGjKoQohr,BSmWSS,DbGUupy,BSmWSS,BSmWSS,DbGUupy,dbJbvz,BSmWSS,BSmWSS,DbGUupy,DbGUupy,dbJbvz,altimpLhi,BSmWSS,hPGjKoQohr,Lemz
altimpLhi
dbJbvz,BSmWSS,eZWhT,altimpLhi,hPGjKoQohr,hPGjKoQohr,BSmWSS,DbGUupy,BSmWSS,BSmWSS,DbGUupy,dbJbvz,ohBFep,BSmWSS,BSmWSS,DbGUupy,DbGUupy,dbJbvz
altimpLhi
altimpLhi
dbJbvz,BSmWSS,eZWhT,altimpLhi,hPGjKoQohr,hPGjKoQohr,BSmWSS,DbGUupy,BSmWSS,BSmWSS,DbGUupy,dbJbvz,ohBFep,BSmWSS,BSmWSS,DbGUupy,DbGUupy,dbJbvz,uoDcRMVUkm
altimpLhi
hPGjKoQohr
dbJbvz,BSmWSS,hPGjKoQohr,altimpLhi,hPGjKoQohr,BSmWSS,DbGUupy,BSmWSS,BSmWSS,DbGUupy,dbJbvz,ohBFep,BSmWSS,BSmWSS,DbGUupy,DbGUupy,dbJbvz,uoDcRMVUkm
altimpLhi
altimpLhi
altimpLhi
dbJbvz,BSmWSS,hPGjKoQohr,altimpLhi,BSmWSS,DbGUupy,BSmWSS,BSmWSS,DbGUupy,dbJbvz,BSmWSS,BSmWSS,DbGUupy,DbGUupy,dbJbvz,uoDcRMVUkm,hPGjKoQohr
dbJbvz,BSmWSS,hPGjKoQohr,altimpLhi,BSmWSS,DbGUupy,BSmWSS,BSmWSS,DbGUupy,dbJbvz,BSmWSS,BSmWSS,DbGUupy,DbGUupy,dbJbvz,uoDcRMVUkm,hPGjKoQohr
BSmWSS,hPGjKoQohr,altimpLhi,dbJbvz,BSmWSS,DbGUupy,BSmWSS,BSmWSS,DbGUupy,dbJbvz,BSmWSS,BSmWSS,DbGUupy,DbGUupy,dbJbvz,uoDcRMVUkm,hPGjKoQohr
dbJbvz
dbJbvz,BSmWSS,altimpLhi,hPGjKoQohr,hPGjKoQohr,BSmWSS,DbGUupy,BSmWSS,BSmWSS,DbGUupy,dbJbvz,ohBFep,BSmWSS,BSmWSS,DbGUupy,DbGUupy,dbJbvz,uoDcRMVUkm
dbJbvz,BSmWSS,altimpLhi,hPGjKoQohr,hPGjKoQohr,BSmWSS,DbGUupy,BSmWSS,BSmWSS,DbGUupy,dbJbvz,ohBFep,BSmWSS,BSmWSS,DbGUupy,DbGUupy,dbJbvz,uoDcRMVUkm
DbGUupy
dbJbvz,BSmWSS,altimpLhi,DbGUupy,hPGjKoQohr,Lemz,hPGjKoQohr,BSmWSS,BSmWSS,BSmWSS,DbGUupy,dbJbvz,BSmWSS,BSmWSS,DbGUupy,DbGUupy,dbJbvz,uoDcRMVUkm,DbGUupy,ohBFep,DbGUupy
BSmWSS,altimpLhi,DbGUupy,hPGjKoQohr,Lemz,hPGjKoQohr,BSmWSS,BSmWSS,BSmWSS,DbGUupy,dbJbvz,BSmWSS,BSmWSS,DbGUupy,DbGUupy,dbJbvz,uoDcRMVUkm,DbGUupy,ohBFep
Lemz
Lemz
Lemz
dbJbvz,BSmWSS,altimpLhi,DbGUupy,hPGjKoQohr,Lemz,hPGjKoQohr,BSmWSS,BSmWSS,BSmWSS,DbGUupy,dbJbvz,BSmWSS,BSmWSS,DbGUupy,DbGUupy,dbJbvz,uoDcRMVUkm,DbGUupy,ohBFep,eZWhT
hPGjKoQohr
hPGjKoQohr
dbJbvz,altimpLhi,DbGUupy,hPGjKoQohr,Lemz,hPGjKoQohr,BSmWSS,BSmWSS,BSmWSS,DbGUupy,dbJbvz,BSmWSS,BSmWSS,DbGUupy,DbGUupy,dbJbvz,uoDcRMVUkm,DbGUupy,ohBFep
DbGUupy
dbJbvz,altimpLhi,hPGjKoQohr,Lemz,hPGjKoQohr,DbGUupy,BSmWSS,BSmWSS,BSmWSS,DbGUupy,dbJbvz,BSmWSS,BSmWSS,DbGUupy,DbGUupy,dbJbvz,uoDcRMVUkm,DbGUupy,ohBFep
DbGUupy
dbJbvz,altimpLhi,hPGjKoQohr,Lemz,hPGjKoQohr,DbGUupy,BSmWSS,BSmWSS,BSmWSS,DbGUupy,dbJbvz,BSmWSS,BSmWSS,DbGUupy,DbGUupy,dbJbvz,uoDcRMVUkm,DbGUupy,ohBFep,uoDcRMVUkm,BSmWSS
hPGjKoQohr
hPGjKoQohr
dbJbvz,altimpLhi,DbGUupy,Lemz,hPGjKoQohr,hPGjKoQohr,BSmWSS,BSmWSS,BSmWSS,DbGUupy,dbJbvz,BSmWSS,BSmWSS,DbGUupy,DbGUupy,dbJbvz,uoDcRMVUkm,DbGUupy,ohBFep,eZWhT
dbJbvz,altimpLhi,DbGUupy,Lemz,hPGjKoQohr,hPGjKoQohr,BSmWSS,BSmWSS,BSmWSS,DbGUupy,dbJbvz,BSmWSS,BSmWSS,DbGUupy,DbGUupy,dbJbvz,uoDcRMVUkm,DbGUupy,ohBFep,eZWhT
uoDcRMVUkm
dbJbvz,altimpLhi,DbGUupy,hPGjKoQohr,Lemz,hPGjKoQohr,BSmWSS,BSmWSS,BSmWSS,DbGUupy,dbJbvz,BSmWSS,BSmWSS,DbGUupy,DbGUupy,dbJbvz,uoDcRMVUkm,DbGUupy,ohBFep,dbJbvz
dbJbvz,altimpLhi,DbGUupy,hPGjKoQohr,Lemz,hPGjKoQohr,BSmWSS,BSmWSS,BSmWSS,DbGUupy,dbJbvz,BSmWSS,BSmWSS,DbGUupy,DbGUupy,dbJbvz,uoDcRMVUkm,DbGUupy,ohBFep
hPGjKoQohr
ohBFep
DbGUupy,hPGjKoQohr,hPGjKoQohr,BSmWSS,ohBFep,uoDcRMVUkm,BSmWSS,BSmWSS,DbGUupy,dbJbvz,BSmWSS,BSmWSS,DbGUupy,DbGUupy,dbJbvz,DbGUupy,eZWhT,BSmWSS,Lemz
ohBFep
BSmWSS
BSmWSS
dbJbvz,DbGUupy,hPGjKoQohr,Lemz,hPGjKoQohr,BSmWSS,altimpLhi,ohBFep,BSmWSS,BSmWSS,DbGUupy,dbJbvz,BSmWSS,BSmWSS,DbGUupy,DbGUupy,dbJbvz,DbGUupy,eZWhT,BSmWSS
dbJbvz,DbGUupy,hPGjKoQohr,Lemz,hPGjKoQohr,BSmWSS,altimpLhi,ohBFep,BSmWSS,BSmWSS,DbGUupy,dbJbvz,BSmWSS,BSmWSS,DbGUupy,DbGUupy,dbJbvz,DbGUupy,eZWhT,BSmWSS
dbJbvz,DbGUupy,hPGjKoQohr,hPGjKoQohr,BSmWSS,altimpLhi,ohBFep,BSmWSS,BSmWSS,Lemz,DbGUupy,dbJbvz,BSmWSS,BSmWSS,DbGUupy,DbGUupy,dbJbvz,DbGUupy,eZWhT,BSmWSS,dbJbvz
DbGUupy
dbJbvz,hPGjKoQohr,hPGjKoQohr,BSmWSS,altimpLhi,ohBFep,BSmWSS,BSmWSS,Lemz,DbGUupy,dbJbvz,BSmWSS,BSmWSS,DbGUupy,DbGUupy,dbJbvz,DbGUupy,eZWhT,BSmWSS,dbJbvz
dbJbvz,hPGjKoQohr,hPGjKoQohr,BSmWSS,altimpLhi,ohBFep,BSmWSS,BSmWSS,Lemz,DbGUupy,dbJbvz,BSmWSS,BSmWSS,DbGUupy,DbGUupy,dbJbvz,DbGUupy,eZWhT,BSmWSS,dbJbvz
dbJbvz
dbJbvz
dbJbvz,hPGjKoQohr,hPGjKoQohr,BSmWSS,altimpLhi,ohBFep,BSmWSS,BSmWSS,Lemz,DbGUupy,dbJbvz,BSmWSS,BSmWSS,DbGUupy,DbGUupy,dbJbvz,DbGUupy,eZWhT,BSmWSS,dbJbvz
dbJbvz,hPGjKoQohr,hPGjKoQohr,BSmWSS,altimpLhi,ohBFep,BSmWSS,BSmWSS,Lemz,DbGUupy,dbJbvz,BSmWSS,BSmWSS,DbGUupy,DbGUupy,dbJbvz,DbGUupy,eZWhT,BSmWSS,dbJbvz
dbJbvz
dbJbvz,hPGjKoQohr,hPGjKoQohr,BSmWSS,altimpLhi,ohBFep,BSmWSS,BSmWSS,Lemz,DbGUupy,dbJbvz,BSmWSS,BSmWSS,DbGUupy,DbGUupy,dbJbvz,DbGUupy,eZWhT,BSmWSS,dbJbvz
Jedi Wagner, assuma o comando!