Toque! Toque, Dijê!
Toque! Toque, Dijê!
[vazia]
[vazia]
[vazia]
Toque! Toque, Dijê!
SHla
SHla,IlOe,SHla
SHla,IlOe,SHla
SHla,IlOe,SHla
SHla
Toque! Toque, Dijê!
Toque! Toque, Dijê!
[vazia]
[vazia]
Toque! Toque, Dijê!
SHla
SHla
y
y,SHla,SHla
SHla,y,SHla
y
y
y
SHla,y,SHla,SHla
y
y
SHla,y,SHla,y
y
SHla
SHla
SHla,y
SHla
SHla,y
SHla
SHla,y,GilIj
y
y
y
SHla,y,GilIj,y
GilIj
SHla,GilIj,y
SHla,GilIj,y
SHla,GilIj,y,GilIj
GilIj
GilIj
GilIj
GilIj
SHla,GilIj,y,GilIj
GilIj
y
SHla,y,GilIj,GilIj,GilIj
SHla,y,GilIj,GilIj,GilIj,vSornJmc,GilIj
GilIj
SHla,y,GilIj,GilIj,GilIj,vSornJmc,GilIj
SHla,y,GilIj,GilIj,GilIj,vSornJmc,GilIj
SHla,y,GilIj,GilIj,GilIj,vSornJmc,GilIj
SHla
y,GilIj,GilIj,vSornJmc,GilIj,SHla,GilIj,GilIj
y,GilIj,GilIj,vSornJmc,GilIj,SHla,GilIj,GilIj,y
y,GilIj,GilIj,vSornJmc,GilIj,SHla,GilIj,GilIj,y
SHla
y,SHla,GilIj,vSornJmc,GilIj,GilIj,GilIj,y,SHla
GilIj
vSornJmc
y,SHla,GilIj,vSornJmc,GilIj,GilIj,GilIj,y,SHla,vSornJmc,IlOe
vSornJmc
GilIj
GilIj
vSornJmc
vSornJmc
vSornJmc
y
GilIj,GilIj,vSornJmc,GilIj,GilIj,y,SHla,vSornJmc,IlOe,SHla,vSornJmc,vSornJmc
y
y
GilIj,GilIj,vSornJmc,GilIj,GilIj,y,SHla,vSornJmc,IlOe,SHla,vSornJmc,vSornJmc
GilIj,vSornJmc,GilIj,GilIj,y,SHla,vSornJmc,IlOe,GilIj,SHla,vSornJmc,vSornJmc,IlOe,SHla
GilIj,vSornJmc,GilIj,GilIj,y,SHla,vSornJmc,IlOe,GilIj,SHla,vSornJmc,vSornJmc,IlOe,SHla
y
vSornJmc
GilIj,GilIj,vSornJmc,GilIj,GilIj,y,SHla,vSornJmc,IlOe,SHla,vSornJmc,vSornJmc
vSornJmc
SHla
GilIj,GilIj,GilIj,GilIj,SHla,vSornJmc,vSornJmc,IlOe,SHla,vSornJmc,vSornJmc,y
GilIj,GilIj,vSornJmc,GilIj,GilIj,SHla,vSornJmc,IlOe,SHla,vSornJmc,vSornJmc,y
GilIj,GilIj,vSornJmc,GilIj,GilIj,y,SHla,vSornJmc,IlOe,SHla,vSornJmc,vSornJmc,y
vSornJmc
vSornJmc
vSornJmc
vSornJmc
vSornJmc
IlOe
SHla
SHla
SHla
vSornJmc
SHla
SHla
vSornJmc
y
GilIj,GilIj,GilIj,GilIj,y,vSornJmc,SHla,SHla,vSornJmc,y,vSornJmc,SHla,SHla,vSornJmc,SHla
GilIj,GilIj,GilIj,GilIj,y,vSornJmc,SHla,SHla,vSornJmc,y,vSornJmc,SHla,SHla,vSornJmc,SHla,y
SHla
SHla
GilIj,GilIj,GilIj,GilIj,y,vSornJmc,y,vSornJmc,SHla,SHla,SHla,vSornJmc,SHla,vSornJmc,SHla,y,SHla
SHla
GilIj,GilIj,GilIj,GilIj,y,vSornJmc,y,vSornJmc,SHla,SHla,vSornJmc,SHla,SHla,vSornJmc,SHla,y,SHla
GilIj,GilIj,GilIj,GilIj,y,vSornJmc,y,vSornJmc,SHla,SHla,vSornJmc,SHla,SHla,vSornJmc,SHla,y,SHla,vSornJmc
vSornJmc
GilIj,GilIj,GilIj,GilIj,y,vSornJmc,SHla,SHla,vSornJmc,SHla,SHla,vSornJmc,SHla,y,SHla,vSornJmc
vSornJmc
vSornJmc
vSornJmc
SHla
GilIj,GilIj,GilIj,GilIj,y,vSornJmc,SHla,vSornJmc,SHla,SHla,vSornJmc,SHla,SHla,y,SHla,vSornJmc,IlOe,GilIj
GilIj
GilIj,GilIj,GilIj,vSornJmc,SHla,vSornJmc,SHla,SHla,GilIj,SHla,SHla,SHla,vSornJmc,IlOe,GilIj
SHla
Jedi Wagner, assuma o comando!