[vazia]
ck
Toque! Toque, Dijê!
vue
vue
vue
qvcmrq,vue,ECbT
vue
qvcmrq,vue,ECbT
vue
qvcmrq,vue,ECbT
vue,qvcmrq,ECbT,vue
vue,qvcmrq,ECbT,vue,vue
vue,qvcmrq,ECbT,vue,vue,nZsTxK
qvcmrq
qvcmrq
vue,qvcmrq,ECbT
qvcmrq
qvcmrq
qvcmrq,DKxVjqnx,vue
qvcmrq
qvcmrq
qvcmrq
qvcmrq,DKxVjqnx,vue,ck,EjxXOXrkW
qvcmrq,DKxVjqnx,vue,ck,EjxXOXrkW
qvcmrq,DKxVjqnx,vue,ck,EjxXOXrkW
DKxVjqnx
DKxVjqnx
DkvssVp
vue
vue
vue
vue
vue
vue
DKxVjqnx,vue,ck,EjxXOXrkW,vue,qvcmrq,vue
ck
DKxVjqnx,nZsTxK,ck,EjxXOXrkW,vue,qvcmrq,vue,oJb
nZsTxK,ck,EjxXOXrkW,vue,qvcmrq,vue
DKxVjqnx,ck,nZsTxK,EjxXOXrkW,vue,qvcmrq,vue
DKxVjqnx,ck,nZsTxK,EjxXOXrkW,qvcmrq,vue
DKxVjqnx,ck,nZsTxK,EjxXOXrkW,qvcmrq,vue
DKxVjqnx,ck,nZsTxK,vue,EjxXOXrkW,qvcmrq
DKxVjqnx,ck,nZsTxK,vue,EjxXOXrkW,qvcmrq
EjxXOXrkW
ck,EjxXOXrkW,DKxVjqnx,vue,DKxVjqnx,vue
ck,EjxXOXrkW,DKxVjqnx,vue,DKxVjqnx,vue
ck,EjxXOXrkW,DKxVjqnx,vue,DKxVjqnx,vue
ck,EjxXOXrkW,DKxVjqnx,vue,DKxVjqnx,vue
vue
ck,EjxXOXrkW,DKxVjqnx,vue,DKxVjqnx,vue
vue
ck,EjxXOXrkW,DKxVjqnx,vue,DKxVjqnx,ECbT,qvcmrq
ck,EjxXOXrkW,DKxVjqnx,vue,DKxVjqnx
vue
vue
vue
vue
vue
vue
vue
ck,EjxXOXrkW,DKxVjqnx,vue,DKxVjqnx
ck,EjxXOXrkW,DKxVjqnx,vue,DKxVjqnx
ck,EjxXOXrkW,DKxVjqnx,vue,DKxVjqnx
vue
vue
vue
vue
vue
EjxXOXrkW,DKxVjqnx,vue,DKxVjqnx
EjxXOXrkW,DKxVjqnx,DkvssVp,vue,DKxVjqnx
EjxXOXrkW,DKxVjqnx,DkvssVp,vue,DKxVjqnx,DkvssVp
DkvssVp
ck,EjxXOXrkW,DKxVjqnx,vue,DKxVjqnx
vue
vue
ck,DKxVjqnx,DKxVjqnx,EjxXOXrkW,vue
EjxXOXrkW
DKxVjqnx,vue,EjxXOXrkW,DKxVjqnx,DkvssVp
DKxVjqnx,vue,EjxXOXrkW,DKxVjqnx,DkvssVp
DKxVjqnx,vue,EjxXOXrkW,DKxVjqnx
DKxVjqnx
DKxVjqnx,EjxXOXrkW,DKxVjqnx,vue,oJb
DKxVjqnx,EjxXOXrkW,DKxVjqnx,vue,oJb
DKxVjqnx,EjxXOXrkW,DKxVjqnx,vue,oJb
DKxVjqnx,vue,EjxXOXrkW,DKxVjqnx,oJb
DKxVjqnx
vue,EjxXOXrkW,DKxVjqnx,DKxVjqnx,oJb
DKxVjqnx
vue
vue
vue,EjxXOXrkW,DKxVjqnx,DKxVjqnx
vue
vue,EjxXOXrkW,DKxVjqnx,DKxVjqnx
Jedi Wagner, assuma o comando!