Toque! Toque, Dijê!
Toque! Toque, Dijê!
Toque! Toque, Dijê!
[vazia]
fEhfdhy
fEhfdhy
yUnLa
yUnLa
fEhfdhy,JKAM,yUnLa,JKAM
fEhfdhy,JKAM,yUnLa,JKAM,fEhfdhy
fEhfdhy,JKAM,yUnLa,JKAM
JKAM
JKAM
fEhfdhy,JKAM,yUnLa,JKAM,yUnLa
JKAM
JKAM
fEhfdhy,JKAM,yUnLa,JKAM
fEhfdhy,JKAM,yUnLa,JKAM
JKAM,yUnLa,JKAM
JKAM
fEhfdhy,yUnLa,JKAM,JKAM
JKAM
fEhfdhy,yUnLa,JKAM,JKAM
fEhfdhy,yUnLa,JKAM,JKAM
JKAM
fEhfdhy,JKAM,JKAM,yUnLa
fEhfdhy,JKAM,JKAM,yUnLa,fEhfdhy
fEhfdhy,JKAM,JKAM,yUnLa,fEhfdhy
fEhfdhy
JKAM
fEhfdhy,JKAM,JKAM,yUnLa,fEhfdhy,fEhfdhy
fEhfdhy
fEhfdhy
fEhfdhy
fEhfdhy
JKAM,JKAM,yUnLa,fEhfdhy,fEhfdhy,fEhfdhy
fEhfdhy
JKAM,JKAM,yUnLa,fEhfdhy,fEhfdhy,fEhfdhy
fEhfdhy
fEhfdhy
JKAM,JKAM,fEhfdhy,fEhfdhy,yUnLa,fEhfdhy
fEhfdhy
JKAM,JKAM,fEhfdhy,fEhfdhy,yUnLa,fEhfdhy,fEhfdhy,DZpHBIT
JKAM,JKAM,fEhfdhy,fEhfdhy,yUnLa,fEhfdhy,fEhfdhy
yUnLa
JKAM,fEhfdhy,fEhfdhy,yUnLa,fEhfdhy,fEhfdhy,fEhfdhy,JKAM
fEhfdhy
fEhfdhy,fEhfdhy,fEhfdhy,JKAM,yUnLa,fEhfdhy,fEhfdhy,JKAM,fEhfdhy
fEhfdhy,fEhfdhy,fEhfdhy,JKAM,yUnLa,fEhfdhy,fEhfdhy,JKAM,fEhfdhy
JKAM
fEhfdhy,fEhfdhy,fEhfdhy,JKAM,yUnLa,fEhfdhy,fEhfdhy,JKAM,fEhfdhy
yUnLa
yUnLa
fEhfdhy,fEhfdhy,fEhfdhy,JKAM,yUnLa,fEhfdhy,fEhfdhy,JKAM,fEhfdhy,yUnLa
fEhfdhy,fEhfdhy,fEhfdhy,JKAM,yUnLa,fEhfdhy,fEhfdhy,JKAM,fEhfdhy,yUnLa
fEhfdhy,fEhfdhy,fEhfdhy,JKAM,yUnLa,fEhfdhy,fEhfdhy,JKAM,fEhfdhy,yUnLa
yUnLa
yUnLa
yUnLa
yUnLa
fEhfdhy,fEhfdhy,fEhfdhy,JKAM,yUnLa,fEhfdhy,fEhfdhy,JKAM,fEhfdhy,yUnLa,DZpHBIT,fEhfdhy
yUnLa
yUnLa
yUnLa
yUnLa
fEhfdhy,fEhfdhy,fEhfdhy,JKAM,yUnLa,fEhfdhy,fEhfdhy,JKAM,fEhfdhy,yUnLa,DZpHBIT,fEhfdhy,fEhfdhy
yUnLa
fEhfdhy,fEhfdhy,fEhfdhy,JKAM,yUnLa,fEhfdhy,fEhfdhy,JKAM,fEhfdhy,yUnLa,DZpHBIT,fEhfdhy,fEhfdhy
fEhfdhy,fEhfdhy,JKAM,yUnLa,fEhfdhy,fEhfdhy,fEhfdhy,JKAM,fEhfdhy,yUnLa,fEhfdhy,fEhfdhy,DZpHBIT,JKAM
fEhfdhy
fEhfdhy,fEhfdhy,JKAM,fEhfdhy,fEhfdhy,fEhfdhy,JKAM,fEhfdhy,yUnLa,fEhfdhy,fEhfdhy,DZpHBIT
fEhfdhy
fEhfdhy,JKAM,fEhfdhy,fEhfdhy,fEhfdhy,fEhfdhy,JKAM,fEhfdhy,fEhfdhy,fEhfdhy,DZpHBIT
yUnLa
yUnLa
fEhfdhy,fEhfdhy,DZpHBIT,fEhfdhy,fEhfdhy,JKAM,fEhfdhy,yUnLa,fEhfdhy,fEhfdhy
fEhfdhy,fEhfdhy,DZpHBIT,fEhfdhy,fEhfdhy,fEhfdhy,yUnLa,fEhfdhy,fEhfdhy
fEhfdhy
fEhfdhy,DZpHBIT,yUnLa,fEhfdhy,fEhfdhy,fEhfdhy,fEhfdhy,fEhfdhy,fEhfdhy
fEhfdhy,DZpHBIT,yUnLa,fEhfdhy,fEhfdhy,fEhfdhy,fEhfdhy,fEhfdhy,fEhfdhy
fEhfdhy,DZpHBIT,yUnLa,fEhfdhy,fEhfdhy,fEhfdhy,fEhfdhy,fEhfdhy,fEhfdhy
fEhfdhy,DZpHBIT,yUnLa,fEhfdhy,fEhfdhy,fEhfdhy,fEhfdhy,fEhfdhy,fEhfdhy
fEhfdhy
fEhfdhy,DZpHBIT,fEhfdhy,fEhfdhy,fEhfdhy,fEhfdhy,fEhfdhy,fEhfdhy,DZpHBIT
fEhfdhy
fEhfdhy,fEhfdhy,fEhfdhy,fEhfdhy,fEhfdhy,fEhfdhy,fEhfdhy,DZpHBIT
fEhfdhy,DZpHBIT,yUnLa,fEhfdhy,fEhfdhy,fEhfdhy,fEhfdhy,fEhfdhy,fEhfdhy
fEhfdhy
Jedi Wagner, assuma o comando!