owpxLXsGi
owpxLXsGi
owpxLXsGi
owpxLXsGi
owpxLXsGi
owpxLXsGi
owpxLXsGi,kyMDc,owpxLXsGi
owpxLXsGi
owpxLXsGi
owpxLXsGi
kyMDc
owpxLXsGi
kyMDc,owpxLXsGi,owpxLXsGi,kyMDc
owpxLXsGi
owpxLXsGi
kyMDc,owpxLXsGi,owpxLXsGi,kyMDc
kyMDc,owpxLXsGi,owpxLXsGi,kyMDc
kyMDc,owpxLXsGi,kyMDc
kyMDc,owpxLXsGi,owpxLXsGi,kyMDc
owpxLXsGi,owpxLXsGi,kyMDc,pzEKtBH
owpxLXsGi
owpxLXsGi
kyMDc,owpxLXsGi,owpxLXsGi,kyMDc,kyMDc,owpxLXsGi,owpxLXsGi
kyMDc
kyMDc
kyMDc,owpxLXsGi,kyMDc,kyMDc,owpxLXsGi,owpxLXsGi
kyMDc,owpxLXsGi,kyMDc,kyMDc,owpxLXsGi,owpxLXsGi
kyMDc
kyMDc,owpxLXsGi,kyMDc,kyMDc,owpxLXsGi,owpxLXsGi
kyMDc,owpxLXsGi,kyMDc,kyMDc,owpxLXsGi,owpxLXsGi
kyMDc
kyMDc,kyMDc,kyMDc,owpxLXsGi,owpxLXsGi,kyMDc
owpxLXsGi
owpxLXsGi
owpxLXsGi
owpxLXsGi
owpxLXsGi
kyMDc,kyMDc,kyMDc,owpxLXsGi,owpxLXsGi,pzEKtBH
kyMDc
kyMDc
kyMDc
kyMDc
owpxLXsGi
owpxLXsGi
owpxLXsGi
owpxLXsGi
owpxLXsGi
kyMDc,owpxLXsGi,owpxLXsGi,kyMDc,kyMDc
owpxLXsGi,owpxLXsGi,kyMDc,kyMDc,kyMDc
owpxLXsGi,owpxLXsGi,kyMDc,kyMDc
owpxLXsGi,kyMDc,kyMDc
owpxLXsGi,kyMDc,kyMDc,kyMDc
owpxLXsGi,kyMDc,kyMDc,kyMDc
owpxLXsGi
owpxLXsGi
owpxLXsGi
kyMDc
kyMDc
kyMDc,owpxLXsGi,pzEKtBH,owpxLXsGi,kyMDc,kyMDc,kyMDc
kyMDc,owpxLXsGi,pzEKtBH,owpxLXsGi,kyMDc,kyMDc,kyMDc
kyMDc,owpxLXsGi,pzEKtBH,owpxLXsGi,kyMDc,kyMDc,kyMDc
owpxLXsGi
kyMDc,owpxLXsGi,owpxLXsGi,pzEKtBH,kyMDc,kyMDc,kyMDc
kyMDc,owpxLXsGi,pzEKtBH,owpxLXsGi,kyMDc,kyMDc,kyMDc,pzEKtBH,owpxLXsGi
pzEKtBH,owpxLXsGi,kyMDc,kyMDc,kyMDc,pzEKtBH,owpxLXsGi
pzEKtBH,kyMDc,owpxLXsGi,kyMDc,kyMDc,pzEKtBH,owpxLXsGi,kyMDc,kyMDc
kyMDc
owpxLXsGi,kyMDc,kyMDc,kyMDc,pzEKtBH,owpxLXsGi,kyMDc,kyMDc
owpxLXsGi,kyMDc,kyMDc,kyMDc,pzEKtBH,owpxLXsGi,kyMDc,kyMDc
owpxLXsGi,kyMDc,kyMDc,kyMDc,pzEKtBH,owpxLXsGi,kyMDc,kyMDc
owpxLXsGi,kyMDc,kyMDc,pzEKtBH,owpxLXsGi,kyMDc,kyMDc,kyMDc
pzEKtBH,kyMDc,owpxLXsGi,kyMDc,owpxLXsGi,kyMDc,kyMDc,kyMDc,owpxLXsGi,pzEKtBH
owpxLXsGi
owpxLXsGi,kyMDc,kyMDc,owpxLXsGi,kyMDc,owpxLXsGi,pzEKtBH
owpxLXsGi,kyMDc,kyMDc,owpxLXsGi,kyMDc,owpxLXsGi,pzEKtBH
kyMDc,owpxLXsGi,owpxLXsGi,kyMDc,kyMDc,owpxLXsGi
kyMDc
kyMDc,owpxLXsGi,owpxLXsGi,kyMDc,kyMDc,owpxLXsGi
kyMDc
kyMDc,owpxLXsGi,kyMDc,kyMDc,owpxLXsGi,pzEKtBH
kyMDc,owpxLXsGi,kyMDc,kyMDc,owpxLXsGi,pzEKtBH
kyMDc
kyMDc
kyMDc
kyMDc,owpxLXsGi,owpxLXsGi,kyMDc,kyMDc,owpxLXsGi,pzEKtBH
owpxLXsGi
owpxLXsGi
owpxLXsGi,owpxLXsGi,kyMDc,kyMDc,owpxLXsGi,pzEKtBH,kyMDc
owpxLXsGi
owpxLXsGi,kyMDc,owpxLXsGi,owpxLXsGi,pzEKtBH,kyMDc,owpxLXsGi,owpxLXsGi,pzEKtBH
pzEKtBH
owpxLXsGi
owpxLXsGi
owpxLXsGi
owpxLXsGi
owpxLXsGi
owpxLXsGi
owpxLXsGi,kyMDc,owpxLXsGi,owpxLXsGi,pzEKtBH,kyMDc,owpxLXsGi,owpxLXsGi,pzEKtBH
owpxLXsGi,kyMDc,owpxLXsGi,owpxLXsGi,pzEKtBH,kyMDc,owpxLXsGi,owpxLXsGi,pzEKtBH
kyMDc,owpxLXsGi,owpxLXsGi,kyMDc,owpxLXsGi,pzEKtBH,owpxLXsGi,pzEKtBH
owpxLXsGi,kyMDc,owpxLXsGi,owpxLXsGi,kyMDc,owpxLXsGi,owpxLXsGi,pzEKtBH,pzEKtBH
owpxLXsGi
owpxLXsGi
owpxLXsGi,owpxLXsGi,kyMDc,owpxLXsGi,pzEKtBH,owpxLXsGi,pzEKtBH
owpxLXsGi,owpxLXsGi,kyMDc,owpxLXsGi,pzEKtBH,owpxLXsGi,pzEKtBH,pzEKtBH
owpxLXsGi,owpxLXsGi,kyMDc,owpxLXsGi,pzEKtBH,owpxLXsGi,pzEKtBH,pzEKtBH
owpxLXsGi
owpxLXsGi,kyMDc,owpxLXsGi,owpxLXsGi,pzEKtBH,kyMDc,owpxLXsGi,owpxLXsGi,pzEKtBH
owpxLXsGi,kyMDc,owpxLXsGi,owpxLXsGi,pzEKtBH,kyMDc,owpxLXsGi,owpxLXsGi,pzEKtBH
owpxLXsGi
pzEKtBH
owpxLXsGi,kyMDc,owpxLXsGi,owpxLXsGi,kyMDc,owpxLXsGi,owpxLXsGi,pzEKtBH,pzEKtBH
owpxLXsGi,owpxLXsGi,owpxLXsGi,kyMDc,owpxLXsGi,owpxLXsGi,pzEKtBH,kyMDc,pzEKtBH
pzEKtBH
owpxLXsGi,owpxLXsGi,owpxLXsGi,kyMDc,owpxLXsGi,owpxLXsGi,pzEKtBH,kyMDc,pzEKtBH
owpxLXsGi,owpxLXsGi,owpxLXsGi,kyMDc,owpxLXsGi,owpxLXsGi,pzEKtBH,kyMDc,pzEKtBH
pzEKtBH
owpxLXsGi,owpxLXsGi,kyMDc,owpxLXsGi,owpxLXsGi,pzEKtBH,owpxLXsGi,kyMDc,pzEKtBH
owpxLXsGi,owpxLXsGi,owpxLXsGi,pzEKtBH,kyMDc,owpxLXsGi,owpxLXsGi,pzEKtBH
pzEKtBH
owpxLXsGi,owpxLXsGi,owpxLXsGi,pzEKtBH,kyMDc,owpxLXsGi,owpxLXsGi,pzEKtBH
owpxLXsGi,owpxLXsGi,owpxLXsGi,pzEKtBH,owpxLXsGi,owpxLXsGi,pzEKtBH,pzEKtBH,kyMDc
pzEKtBH
pzEKtBH
pzEKtBH
pzEKtBH
kyMDc
Jedi Wagner, assuma o comando!