[vazia]
doJa
doJa
doJa
doJa,vdIPDTn
doJa
doJa,vdIPDTn,HwuMUlKXq
doJa,vdIPDTn,HwuMUlKXq
doJa,vdIPDTn,HwuMUlKXq
doJa,vdIPDTn
[vazia]
[vazia]
Toque! Toque, Dijê!
[vazia]
Toque! Toque, Dijê!
Toque! Toque, Dijê!
Toque! Toque, Dijê!
Toque! Toque, Dijê!
[vazia]
Toque! Toque, Dijê!
[vazia]
[vazia]
[vazia]
[vazia]
Toque! Toque, Dijê!
doJa
doJa
HoOj
HoOj
HoOj
GumH,HoOj
HoOj
GumH,HoOj
HoOj
GumH
GumH
GumH
GumH
GumH
GumH,HoOj,gP,HoOj
GumH
GumH
GumH,HoOj,gP,AcQQhc,B,AcQQhc,vdIPDTn,AcQQhc
GumH
GumH,HoOj
GumH
GumH
GumH
GumH,HoOj,gP
GumH
GumH,HoOj
GumH
HoOj
Jedi Wagner, assuma o comando!