Toque! Toque, Dijê!
wZeS
wZeS
wZeS
[vazia]
Toque! Toque, Dijê!
Toque! Toque, Dijê!
Toque! Toque, Dijê!
[vazia]
Toque! Toque, Dijê!
[vazia]
wZeS
wZeS
wZeS
wZeS
wZeS
wZeS
Toque! Toque, Dijê!
Toque! Toque, Dijê!
Toque! Toque, Dijê!
Xwb
Xwb
Xwb
Xwb,yAp
Xwb,yAp,wZeS
Xwb
Xwb
[vazia]
Xwb
Toque! Toque, Dijê!
[vazia]
[vazia]
Toque! Toque, Dijê!
vPK
vPK,YVddHF
vPK,YVddHF
vPK,YVddHF
vPK
vPK
vPK,YVddHF
Toque! Toque, Dijê!
xDlfIxoyOm
[vazia]
[vazia]
[vazia]
YVddHF
YVddHF
YVddHF
YVddHF,wZeS
wZeS
wZeS
wZeS,YVddHF
YVddHF
wZeS,YVddHF,YVddHF,XhI
YVddHF
wZeS,YVddHF,YVddHF,XhI,xDlfIxoyOm
XhI
XhI
wZeS,YVddHF,YVddHF,XhI,xDlfIxoyOm
wZeS,YVddHF,YVddHF,XhI,xDlfIxoyOm
wZeS,YVddHF,XhI,xDlfIxoyOm,YVddHF
xDlfIxoyOm
xDlfIxoyOm
yAp
yAp
yAp
YVddHF,yAp,XhI,wZeS,wZeS,YVddHF
wZeS
wZeS
wZeS
wZeS,YVddHF,YVddHF,XhI,xDlfIxoyOm,wZeS,yAp
YVddHF
wZeS,YVddHF,YVddHF,XhI,xDlfIxoyOm,wZeS,yAp
YVddHF
wZeS,YVddHF,YVddHF,XhI,xDlfIxoyOm,wZeS
Jedi Wagner, assuma o comando!