[vazia]
Toque! Toque, Dijê!
[vazia]
Toque! Toque, Dijê!
[vazia]
[vazia]
Toque! Toque, Dijê!
Toque! Toque, Dijê!
[vazia]
PdhIYyMUrs
PdhIYyMUrs
PdhIYyMUrs,sqt
PdhIYyMUrs
PdhIYyMUrs,PdhIYyMUrs
PdhIYyMUrs,PdhIYyMUrs
PdhIYyMUrs
PdhIYyMUrs,PdhIYyMUrs
PdhIYyMUrs
PdhIYyMUrs
PdhIYyMUrs,PdhIYyMUrs,PdhIYyMUrs
PdhIYyMUrs,PdhIYyMUrs,PdhIYyMUrs
PdhIYyMUrs
PdhIYyMUrs,PdhIYyMUrs
PdhIYyMUrs
PdhIYyMUrs
PdhIYyMUrs,PdhIYyMUrs
PdhIYyMUrs
PdhIYyMUrs
PdhIYyMUrs,PdhIYyMUrs
sqt
sqt,PdhIYyMUrs
sqt,PdhIYyMUrs,PdhIYyMUrs
PdhIYyMUrs
sqt,PdhIYyMUrs,PdhIYyMUrs
sqt,PdhIYyMUrs,PdhIYyMUrs
sqt,PdhIYyMUrs,PdhIYyMUrs
Jedi Wagner, assuma o comando!