Toque! Toque, Dijê!
uQjXvMr,LZM,GffO
RJcgrslQ
RJcgrslQ
[vazia]
Toque! Toque, Dijê!
Toque! Toque, Dijê!
Toque! Toque, Dijê!
Toque! Toque, Dijê!
[vazia]
Toque! Toque, Dijê!
Toque! Toque, Dijê!
[vazia]
Toque! Toque, Dijê!
Toque! Toque, Dijê!
[vazia]
Toque! Toque, Dijê!
[vazia]
Toque! Toque, Dijê!
[vazia]
Toque! Toque, Dijê!
gRwaiwlVB
gRwaiwlVB
gRwaiwlVB,GXp
gRwaiwlVB,GXp,GXp
gRwaiwlVB,GXp,GXp,GffO
[vazia]
Toque! Toque, Dijê!
Toque! Toque, Dijê!
GXp
GXp,uQjXvMr
fAot
fAot
fAot
fAot
fAot
[vazia]
GXp,GffO,GHNJ
GXp,GffO,GHNJ
GXp
Toque! Toque, Dijê!
[vazia]
[vazia]
[vazia]
Toque! Toque, Dijê!
LZM
LZM,gRwaiwlVB
LZM
gRwaiwlVB
LZM,gRwaiwlVB
gRwaiwlVB
LZM,gRwaiwlVB
gRwaiwlVB
LZM,gRwaiwlVB,MsGiJSrgn,gRwaiwlVB
MsGiJSrgn
MsGiJSrgn
gRwaiwlVB
gRwaiwlVB
gRwaiwlVB
GHNJ
gRwaiwlVB,gRwaiwlVB,GHNJ,MsGiJSrgn,gRwaiwlVB,GXp,MsGiJSrgn
gRwaiwlVB,gRwaiwlVB,GHNJ,MsGiJSrgn,gRwaiwlVB,GXp,MsGiJSrgn
gRwaiwlVB,gRwaiwlVB,GHNJ,MsGiJSrgn,gRwaiwlVB,GXp,MsGiJSrgn,LZM
GHNJ
GHNJ
GHNJ
MsGiJSrgn
gRwaiwlVB,gRwaiwlVB,GHNJ,MsGiJSrgn,gRwaiwlVB,GXp,MsGiJSrgn,gRwaiwlVB
gRwaiwlVB,gRwaiwlVB,GHNJ,MsGiJSrgn,gRwaiwlVB,GXp,MsGiJSrgn,gRwaiwlVB
gRwaiwlVB,gRwaiwlVB,GHNJ,MsGiJSrgn,gRwaiwlVB,GXp,MsGiJSrgn,MsGiJSrgn,fAot
gRwaiwlVB,gRwaiwlVB,GHNJ,MsGiJSrgn,gRwaiwlVB,GXp,MsGiJSrgn,MsGiJSrgn,fAot
GXp
GXp
GXp
gRwaiwlVB,MsGiJSrgn,gRwaiwlVB,GXp,GHNJ,gRwaiwlVB,MsGiJSrgn,MsGiJSrgn,fAot,GHNJ
gRwaiwlVB,gRwaiwlVB,GHNJ,MsGiJSrgn,gRwaiwlVB,GXp,MsGiJSrgn,MsGiJSrgn,fAot
GXp
gRwaiwlVB,gRwaiwlVB,MsGiJSrgn,gRwaiwlVB,GXp,MsGiJSrgn,MsGiJSrgn,fAot,fAot
GXp
gRwaiwlVB,gRwaiwlVB,GHNJ,MsGiJSrgn,gRwaiwlVB,GXp,MsGiJSrgn,MsGiJSrgn,fAot,fAot
GXp
GXp
gRwaiwlVB,gRwaiwlVB,GHNJ,MsGiJSrgn,gRwaiwlVB,GXp,MsGiJSrgn,MsGiJSrgn,fAot,fAot
GXp
gRwaiwlVB,gRwaiwlVB,GHNJ,MsGiJSrgn,gRwaiwlVB,GXp,MsGiJSrgn,MsGiJSrgn,fAot,fAot
gRwaiwlVB,gRwaiwlVB,GHNJ,MsGiJSrgn,gRwaiwlVB,GXp,MsGiJSrgn,MsGiJSrgn,fAot,fAot
gRwaiwlVB,gRwaiwlVB,GHNJ,MsGiJSrgn,gRwaiwlVB,GXp,MsGiJSrgn,MsGiJSrgn,fAot,fAot,fAot
gRwaiwlVB,gRwaiwlVB,gRwaiwlVB,GHNJ,MsGiJSrgn,MsGiJSrgn,fAot,fAot,fAot,GXp
GHNJ
gRwaiwlVB,gRwaiwlVB,MsGiJSrgn,gRwaiwlVB,GHNJ,MsGiJSrgn,MsGiJSrgn,fAot,fAot,fAot,GXp
GHNJ
MsGiJSrgn
MsGiJSrgn
MsGiJSrgn
MsGiJSrgn
gRwaiwlVB,gRwaiwlVB,GHNJ,MsGiJSrgn,MsGiJSrgn,MsGiJSrgn,fAot,fAot,fAot,GXp,LZM
gRwaiwlVB,gRwaiwlVB,MsGiJSrgn,gRwaiwlVB,GHNJ,fAot,MsGiJSrgn,MsGiJSrgn,fAot,fAot
gRwaiwlVB,gRwaiwlVB,MsGiJSrgn,gRwaiwlVB,MsGiJSrgn,GHNJ,MsGiJSrgn,fAot,fAot,fAot,GXp
gRwaiwlVB,gRwaiwlVB,gRwaiwlVB,MsGiJSrgn,GHNJ,MsGiJSrgn,MsGiJSrgn,fAot,fAot,fAot,GXp,teZB
gRwaiwlVB,gRwaiwlVB,gRwaiwlVB,MsGiJSrgn,GHNJ,MsGiJSrgn,MsGiJSrgn,fAot,fAot,fAot,GXp,teZB
gRwaiwlVB,gRwaiwlVB,gRwaiwlVB,MsGiJSrgn,GHNJ,MsGiJSrgn,MsGiJSrgn,fAot,fAot,fAot,GXp,teZB
GHNJ
MsGiJSrgn
MsGiJSrgn
MsGiJSrgn
MsGiJSrgn
fAot
fAot
gRwaiwlVB,gRwaiwlVB,MsGiJSrgn,gRwaiwlVB,GHNJ,MsGiJSrgn,fAot,MsGiJSrgn,fAot,fAot,GXp
gRwaiwlVB,gRwaiwlVB,MsGiJSrgn,gRwaiwlVB,GHNJ,MsGiJSrgn,fAot,MsGiJSrgn,fAot,fAot,GXp
gRwaiwlVB,gRwaiwlVB,MsGiJSrgn,gRwaiwlVB,GHNJ,MsGiJSrgn,fAot,MsGiJSrgn,fAot,fAot,GXp,teZB
fAot
MsGiJSrgn
gRwaiwlVB,gRwaiwlVB,MsGiJSrgn,gRwaiwlVB,GHNJ,MsGiJSrgn,fAot,MsGiJSrgn,LZM,fAot,fAot,GXp,GXp,uQjXvMr
LZM
LZM
gRwaiwlVB,gRwaiwlVB,MsGiJSrgn,gRwaiwlVB,GHNJ,MsGiJSrgn,fAot,MsGiJSrgn,LZM,fAot,fAot,GXp,GXp,uQjXvMr
LZM
gRwaiwlVB,gRwaiwlVB,MsGiJSrgn,gRwaiwlVB,GHNJ,MsGiJSrgn,fAot,MsGiJSrgn,LZM,fAot,fAot,GXp,GXp
LZM
gRwaiwlVB,gRwaiwlVB,MsGiJSrgn,gRwaiwlVB,GHNJ,MsGiJSrgn,fAot,MsGiJSrgn,LZM,GffO,fAot,fAot,GXp,GXp,gRwaiwlVB,GHNJ,uQjXvMr
GffO
GffO
gRwaiwlVB,gRwaiwlVB,MsGiJSrgn,gRwaiwlVB,MsGiJSrgn,fAot,MsGiJSrgn,GffO,GHNJ,fAot,fAot,GXp,GXp,gRwaiwlVB,gRwaiwlVB,teZB
GHNJ
Jedi Wagner, assuma o comando!