[vazia]
Toque! Toque, Dijê!
Toque! Toque, Dijê!
[vazia]
[vazia]
[vazia]
[vazia]
Toque! Toque, Dijê!
vzHc
vzHc
vzHc
cMTLmAC
cMTLmAC
cMTLmAC
cMTLmAC
cMTLmAC
cMTLmAC,DNzuLYE
cMTLmAC,DNzuLYE
cMTLmAC,DNzuLYE
cMTLmAC,DNzuLYE
cMTLmAC,DNzuLYE,b,b
cMTLmAC,DNzuLYE,b
cMTLmAC,DNzuLYE,b
cMTLmAC
DNzuLYE
cMTLmAC,DNzuLYE,b
cMTLmAC,DNzuLYE,b
cMTLmAC,DNzuLYE
cMTLmAC,DNzuLYE
cMTLmAC,DNzuLYE,b
cMTLmAC,DNzuLYE,b
DNzuLYE
DNzuLYE
DNzuLYE
DNzuLYE
DNzuLYE
DNzuLYE
DNzuLYE
cMTLmAC,b,DNzuLYE,DNzuLYE,nTuz,mqVtRO
cMTLmAC,DNzuLYE,QjDKV,b,DNzuLYE,nTuz,mqVtRO
DNzuLYE
cMTLmAC,DNzuLYE,QjDKV,b,DNzuLYE,nTuz,mqVtRO,mqVtRO
cMTLmAC,DNzuLYE,QjDKV,b,DNzuLYE,nTuz,mqVtRO,mqVtRO,QjDKV
nTuz
cMTLmAC,DNzuLYE,QjDKV,b,DNzuLYE,nTuz,mqVtRO,mqVtRO,QjDKV
cMTLmAC,DNzuLYE,QjDKV,b,DNzuLYE,nTuz,mqVtRO,mqVtRO,QjDKV
cMTLmAC,DNzuLYE,QjDKV,DNzuLYE,nTuz,b,mqVtRO,mqVtRO,QjDKV
mqVtRO
nTuz
nTuz
nTuz
DNzuLYE,DNzuLYE,nTuz,QjDKV,mqVtRO,mqVtRO,QjDKV,DNzuLYE
DNzuLYE,DNzuLYE,nTuz,QjDKV,mqVtRO,mqVtRO,QjDKV,DNzuLYE,QjDKV
DNzuLYE,DNzuLYE,nTuz,QjDKV,mqVtRO,mqVtRO,QjDKV,DNzuLYE,QjDKV
DNzuLYE,DNzuLYE,nTuz,QjDKV,mqVtRO,mqVtRO,QjDKV,DNzuLYE,QjDKV,b,fzuUPFt
DNzuLYE
DNzuLYE
DNzuLYE
DNzuLYE
DNzuLYE
DNzuLYE
mqVtRO
cMTLmAC,DNzuLYE,QjDKV,b,DNzuLYE,nTuz,mqVtRO,mqVtRO,QjDKV
cMTLmAC,QjDKV,b,DNzuLYE,nTuz,mqVtRO,mqVtRO,QjDKV
mqVtRO
cMTLmAC,QjDKV,b,DNzuLYE,nTuz,mqVtRO,mqVtRO,QjDKV
mqVtRO
mqVtRO
cMTLmAC,QjDKV,b,DNzuLYE,nTuz,mqVtRO,mqVtRO,QjDKV
cMTLmAC,QjDKV,b,DNzuLYE,nTuz,mqVtRO,mqVtRO,QjDKV
mqVtRO
cMTLmAC,QjDKV,b,DNzuLYE,nTuz,mqVtRO,mqVtRO,QjDKV
vzHc
vzHc
vzHc
cMTLmAC,QjDKV,DNzuLYE,nTuz,mqVtRO,vzHc,b,QjDKV,nTuz,fzuUPFt,vzHc,mqVtRO
cMTLmAC,QjDKV,DNzuLYE,nTuz,mqVtRO,vzHc,b,QjDKV,nTuz,fzuUPFt,vzHc
cMTLmAC,QjDKV,DNzuLYE,nTuz,mqVtRO,vzHc,b,QjDKV,nTuz,fzuUPFt,vzHc,b
cMTLmAC,QjDKV,DNzuLYE,nTuz,mqVtRO,vzHc,b,QjDKV,nTuz,fzuUPFt,vzHc,b,fzuUPFt
QjDKV
QjDKV
QjDKV
cMTLmAC,QjDKV,DNzuLYE,vzHc,b,fzuUPFt,QjDKV,nTuz,vzHc,b,cMTLmAC,mqVtRO,fzuUPFt
QjDKV
fzuUPFt
fzuUPFt
cMTLmAC,QjDKV,DNzuLYE,b,QjDKV,fzuUPFt,vzHc,b,cMTLmAC,vzHc,cMTLmAC
fzuUPFt
fzuUPFt
cMTLmAC,QjDKV,DNzuLYE,b,QjDKV,fzuUPFt,vzHc,b,cMTLmAC,vzHc,cMTLmAC
b
cMTLmAC,QjDKV,DNzuLYE,b,QjDKV,fzuUPFt,vzHc,b,cMTLmAC,vzHc,cMTLmAC
b
b
fzuUPFt
cMTLmAC,QjDKV,DNzuLYE,QjDKV,vzHc,fzuUPFt,cMTLmAC,vzHc,cMTLmAC,cMTLmAC
cMTLmAC
DNzuLYE
cMTLmAC
cMTLmAC
cMTLmAC
QjDKV,DNzuLYE,QjDKV,vzHc,fzuUPFt,cMTLmAC,vzHc,cMTLmAC,cMTLmAC,cMTLmAC,cMTLmAC,cMTLmAC
QjDKV,QjDKV,vzHc,fzuUPFt,cMTLmAC,vzHc,cMTLmAC,cMTLmAC,cMTLmAC,cMTLmAC,cMTLmAC,QjDKV
cMTLmAC
QjDKV,vzHc,fzuUPFt,cMTLmAC,vzHc,cMTLmAC,cMTLmAC,cMTLmAC,cMTLmAC,cMTLmAC,QjDKV
QjDKV
cMTLmAC
vzHc,vzHc,cMTLmAC,QjDKV,cMTLmAC,cMTLmAC,cMTLmAC,cMTLmAC,cMTLmAC,QjDKV
cMTLmAC
vzHc,vzHc,cMTLmAC,QjDKV,cMTLmAC,cMTLmAC,cMTLmAC,cMTLmAC,cMTLmAC,QjDKV,nTuz
vzHc,vzHc,cMTLmAC,QjDKV,cMTLmAC,cMTLmAC,cMTLmAC,cMTLmAC,cMTLmAC,QjDKV
vzHc,vzHc,cMTLmAC,cMTLmAC,cMTLmAC,QjDKV,cMTLmAC,cMTLmAC,cMTLmAC,QjDKV
vzHc,vzHc,cMTLmAC,QjDKV,cMTLmAC,cMTLmAC,cMTLmAC,cMTLmAC,cMTLmAC,QjDKV
cMTLmAC
vzHc,vzHc,cMTLmAC,QjDKV,cMTLmAC,cMTLmAC,cMTLmAC,cMTLmAC,cMTLmAC,QjDKV
vzHc,vzHc,cMTLmAC,QjDKV,cMTLmAC,cMTLmAC,cMTLmAC,cMTLmAC,cMTLmAC,QjDKV
vzHc,vzHc,cMTLmAC,QjDKV,cMTLmAC,cMTLmAC,cMTLmAC,cMTLmAC,cMTLmAC,QjDKV,mqVtRO
cMTLmAC
cMTLmAC
vzHc,vzHc,cMTLmAC,QjDKV,cMTLmAC,cMTLmAC,cMTLmAC,cMTLmAC,cMTLmAC,QjDKV,vzHc
vzHc,vzHc,QjDKV,cMTLmAC,cMTLmAC,cMTLmAC,cMTLmAC,cMTLmAC,QjDKV,vzHc,cMTLmAC
vzHc,vzHc,cMTLmAC,cMTLmAC,cMTLmAC,cMTLmAC,cMTLmAC,cMTLmAC,QjDKV,vzHc
cMTLmAC
vzHc,vzHc,cMTLmAC,cMTLmAC,cMTLmAC,cMTLmAC,cMTLmAC,cMTLmAC,QjDKV,vzHc
vzHc,vzHc,cMTLmAC,cMTLmAC,cMTLmAC,cMTLmAC,cMTLmAC,cMTLmAC,QjDKV,vzHc,vzHc
vzHc,vzHc,cMTLmAC,cMTLmAC,cMTLmAC,QjDKV,cMTLmAC,cMTLmAC,cMTLmAC,vzHc,vzHc
QjDKV
vzHc,vzHc,cMTLmAC,cMTLmAC,cMTLmAC,QjDKV,cMTLmAC,cMTLmAC,cMTLmAC,vzHc,vzHc
vzHc,vzHc,cMTLmAC,cMTLmAC,cMTLmAC,QjDKV,cMTLmAC,cMTLmAC,cMTLmAC,vzHc,vzHc
QjDKV
vzHc,vzHc,cMTLmAC,QjDKV,cMTLmAC,cMTLmAC,cMTLmAC,cMTLmAC,cMTLmAC,QjDKV
vzHc,vzHc,cMTLmAC,QjDKV,cMTLmAC,cMTLmAC,cMTLmAC,cMTLmAC,cMTLmAC,QjDKV
cMTLmAC
cMTLmAC
cMTLmAC
vzHc,cMTLmAC,cMTLmAC,cMTLmAC,QjDKV,cMTLmAC,cMTLmAC,QjDKV,b,DNzuLYE,fzuUPFt,vzHc
cMTLmAC
vzHc,cMTLmAC,cMTLmAC,cMTLmAC,QjDKV,cMTLmAC,cMTLmAC,QjDKV,b,DNzuLYE,fzuUPFt,vzHc
vzHc,cMTLmAC,cMTLmAC,cMTLmAC,QjDKV,cMTLmAC,cMTLmAC,QjDKV,b,DNzuLYE,fzuUPFt,vzHc
cMTLmAC
vzHc,cMTLmAC,cMTLmAC,cMTLmAC,QjDKV,cMTLmAC,cMTLmAC,DNzuLYE,QjDKV,b,fzuUPFt,vzHc,cMTLmAC,QjDKV
cMTLmAC
vzHc,cMTLmAC,cMTLmAC,QjDKV,cMTLmAC,cMTLmAC,cMTLmAC,DNzuLYE,QjDKV,b,fzuUPFt,vzHc,cMTLmAC,QjDKV,mqVtRO
vzHc,cMTLmAC,cMTLmAC,QjDKV,cMTLmAC,cMTLmAC,DNzuLYE,cMTLmAC,QjDKV,b,fzuUPFt,vzHc,cMTLmAC,QjDKV,mqVtRO,fzuUPFt
vzHc,cMTLmAC,cMTLmAC,QjDKV,cMTLmAC,cMTLmAC,DNzuLYE,cMTLmAC,QjDKV,b,fzuUPFt,vzHc,cMTLmAC,QjDKV,mqVtRO,fzuUPFt
vzHc,cMTLmAC,cMTLmAC,QjDKV,cMTLmAC,cMTLmAC,DNzuLYE,cMTLmAC,QjDKV,b,fzuUPFt,vzHc,cMTLmAC,QjDKV,mqVtRO,fzuUPFt
cMTLmAC
b
b
fzuUPFt
DNzuLYE
cMTLmAC,cMTLmAC,QjDKV,cMTLmAC,cMTLmAC,cMTLmAC,QjDKV,b,fzuUPFt,DNzuLYE,vzHc,cMTLmAC,QjDKV,mqVtRO,fzuUPFt,cMTLmAC
DNzuLYE
QjDKV
b
vzHc,cMTLmAC,cMTLmAC,QjDKV,cMTLmAC,cMTLmAC,cMTLmAC,QjDKV,b,fzuUPFt,DNzuLYE,vzHc,cMTLmAC,QjDKV,mqVtRO,fzuUPFt,cMTLmAC,vzHc
vzHc
DNzuLYE
cMTLmAC
vzHc,cMTLmAC,cMTLmAC,cMTLmAC,cMTLmAC,cMTLmAC,QjDKV,b,fzuUPFt,DNzuLYE,vzHc,cMTLmAC,QjDKV,fzuUPFt,cMTLmAC,vzHc,b,DNzuLYE
cMTLmAC
vzHc,cMTLmAC,cMTLmAC,cMTLmAC,cMTLmAC,cMTLmAC,QjDKV,DNzuLYE,vzHc,cMTLmAC,QjDKV,fzuUPFt,fzuUPFt,cMTLmAC,vzHc,b,DNzuLYE,QjDKV
fzuUPFt
vzHc,cMTLmAC,cMTLmAC,cMTLmAC,cMTLmAC,cMTLmAC,QjDKV,DNzuLYE,vzHc,cMTLmAC,QjDKV,fzuUPFt,fzuUPFt,cMTLmAC,vzHc,b,DNzuLYE,QjDKV
vzHc,cMTLmAC,cMTLmAC,cMTLmAC,cMTLmAC,cMTLmAC,QjDKV,DNzuLYE,vzHc,cMTLmAC,QjDKV,fzuUPFt,cMTLmAC,vzHc,b,DNzuLYE,QjDKV,vzHc
QjDKV
QjDKV
QjDKV
QjDKV
cMTLmAC
vzHc
vzHc
cMTLmAC,cMTLmAC,cMTLmAC,cMTLmAC,QjDKV,fzuUPFt,vzHc,cMTLmAC,QjDKV,cMTLmAC,vzHc,fzuUPFt,cMTLmAC,vzHc,b,DNzuLYE,QjDKV,DNzuLYE
cMTLmAC,cMTLmAC,cMTLmAC,cMTLmAC,QjDKV,fzuUPFt,vzHc,cMTLmAC,QjDKV,cMTLmAC,vzHc,fzuUPFt,cMTLmAC,vzHc,b,DNzuLYE,QjDKV,DNzuLYE
vzHc,cMTLmAC,cMTLmAC,cMTLmAC,cMTLmAC,cMTLmAC,QjDKV,fzuUPFt,DNzuLYE,vzHc,cMTLmAC,QjDKV,fzuUPFt,cMTLmAC,vzHc,b,DNzuLYE,QjDKV
QjDKV
QjDKV
vzHc,cMTLmAC,cMTLmAC,cMTLmAC,cMTLmAC,cMTLmAC,QjDKV,fzuUPFt,DNzuLYE,vzHc,cMTLmAC,QjDKV,fzuUPFt,cMTLmAC,vzHc,b,DNzuLYE,QjDKV
vzHc,cMTLmAC,cMTLmAC,cMTLmAC,cMTLmAC,cMTLmAC,QjDKV,fzuUPFt,DNzuLYE,vzHc,cMTLmAC,QjDKV,fzuUPFt,cMTLmAC,vzHc,b,DNzuLYE,QjDKV,mqVtRO
QjDKV
QjDKV
cMTLmAC
cMTLmAC,cMTLmAC,cMTLmAC,cMTLmAC,cMTLmAC,QjDKV,DNzuLYE,vzHc,cMTLmAC,QjDKV,fzuUPFt,cMTLmAC,vzHc,b,DNzuLYE,QjDKV
b
b
vzHc,cMTLmAC,cMTLmAC,cMTLmAC,cMTLmAC,cMTLmAC,fzuUPFt,vzHc,cMTLmAC,QjDKV,fzuUPFt,cMTLmAC,b,QjDKV,DNzuLYE,vzHc,DNzuLYE,QjDKV
vzHc,cMTLmAC,cMTLmAC,cMTLmAC,cMTLmAC,cMTLmAC,fzuUPFt,vzHc,cMTLmAC,QjDKV,fzuUPFt,cMTLmAC,QjDKV,DNzuLYE,vzHc,DNzuLYE,QjDKV
cMTLmAC,cMTLmAC,cMTLmAC,cMTLmAC,cMTLmAC,fzuUPFt,vzHc,cMTLmAC,QjDKV,fzuUPFt,cMTLmAC,QjDKV,DNzuLYE,vzHc,DNzuLYE,QjDKV,DNzuLYE,QjDKV,mqVtRO
cMTLmAC,cMTLmAC,cMTLmAC,cMTLmAC,cMTLmAC,fzuUPFt,vzHc,cMTLmAC,QjDKV,fzuUPFt,cMTLmAC,QjDKV,DNzuLYE,vzHc,DNzuLYE,QjDKV,DNzuLYE,QjDKV,mqVtRO
cMTLmAC,cMTLmAC,cMTLmAC,cMTLmAC,cMTLmAC,fzuUPFt,vzHc,cMTLmAC,QjDKV,fzuUPFt,cMTLmAC,QjDKV,DNzuLYE,vzHc,DNzuLYE,QjDKV,DNzuLYE,QjDKV,mqVtRO,nTuz,vzHc,mqVtRO,vzHc
cMTLmAC,cMTLmAC,cMTLmAC,cMTLmAC,cMTLmAC,fzuUPFt,vzHc,cMTLmAC,QjDKV,fzuUPFt,cMTLmAC,QjDKV,DNzuLYE,vzHc,DNzuLYE,QjDKV,DNzuLYE,QjDKV,mqVtRO,nTuz,vzHc,mqVtRO,vzHc
cMTLmAC,cMTLmAC,cMTLmAC,cMTLmAC,fzuUPFt,vzHc,cMTLmAC,QjDKV,fzuUPFt,cMTLmAC,QjDKV,DNzuLYE,vzHc,DNzuLYE,cMTLmAC,QjDKV,DNzuLYE,QjDKV,mqVtRO,vzHc,mqVtRO,vzHc
cMTLmAC
cMTLmAC,cMTLmAC,cMTLmAC,cMTLmAC,fzuUPFt,vzHc,cMTLmAC,QjDKV,fzuUPFt,cMTLmAC,QjDKV,DNzuLYE,vzHc,DNzuLYE,mqVtRO,cMTLmAC,QjDKV,DNzuLYE,QjDKV,nTuz,vzHc,mqVtRO,vzHc
mqVtRO
cMTLmAC,cMTLmAC,cMTLmAC,cMTLmAC,cMTLmAC,fzuUPFt,vzHc,cMTLmAC,QjDKV,fzuUPFt,cMTLmAC,QjDKV,DNzuLYE,vzHc,DNzuLYE,QjDKV,DNzuLYE,QjDKV,nTuz,vzHc,mqVtRO
DNzuLYE
cMTLmAC,cMTLmAC,cMTLmAC,cMTLmAC,cMTLmAC,cMTLmAC,QjDKV,fzuUPFt,cMTLmAC,QjDKV,DNzuLYE,vzHc,DNzuLYE,QjDKV,DNzuLYE,fzuUPFt,vzHc,QjDKV,nTuz,vzHc,mqVtRO,fzuUPFt
vzHc
cMTLmAC,cMTLmAC,cMTLmAC,cMTLmAC,cMTLmAC,cMTLmAC,QjDKV,cMTLmAC,QjDKV,DNzuLYE,vzHc,DNzuLYE,QjDKV,DNzuLYE,fzuUPFt,vzHc,QjDKV,nTuz,vzHc,mqVtRO,fzuUPFt,nTuz
Jedi Wagner, assuma o comando!