[vazia]
[vazia]
pMlMHWMw
pMlMHWMw
pMlMHWMw,zlfdtRTsW
pMlMHWMw,zlfdtRTsW
pMlMHWMw,zlfdtRTsW
zlfdtRTsW
pMlMHWMw
pMlMHWMw,zlfdtRTsW,Px,VZrRnYEW,pMlMHWMw,zlfdtRTsW,VZrRnYEW
zlfdtRTsW,pMlMHWMw,Px,VZrRnYEW,pMlMHWMw,zlfdtRTsW,VZrRnYEW,Px
pMlMHWMw,zlfdtRTsW,Px,VZrRnYEW,pMlMHWMw,zlfdtRTsW,VZrRnYEW
pMlMHWMw,zlfdtRTsW,Px,pMlMHWMw,zlfdtRTsW,VZrRnYEW,Px,KDjtXIqK
zlfdtRTsW
pMlMHWMw,zlfdtRTsW,Px,pMlMHWMw,zlfdtRTsW,VZrRnYEW,Px,rOpcUUAqf
pMlMHWMw,zlfdtRTsW
zlfdtRTsW
zlfdtRTsW
zlfdtRTsW
zlfdtRTsW
pMlMHWMw,zlfdtRTsW
pMlMHWMw,zlfdtRTsW
zlfdtRTsW
pMlMHWMw
zlfdtRTsW,pMlMHWMw,pMlMHWMw,pMlMHWMw,pMlMHWMw
pMlMHWMw
zlfdtRTsW,pMlMHWMw,pMlMHWMw,pMlMHWMw,KDjtXIqK
zlfdtRTsW,pMlMHWMw,pMlMHWMw,pMlMHWMw,KDjtXIqK,VZrRnYEW
pMlMHWMw,pMlMHWMw,pMlMHWMw,KDjtXIqK,VZrRnYEW,VZrRnYEW
KDjtXIqK
pMlMHWMw,pMlMHWMw,KDjtXIqK,VZrRnYEW,VZrRnYEW
pMlMHWMw,pMlMHWMw,KDjtXIqK,VZrRnYEW,VZrRnYEW
zlfdtRTsW,pMlMHWMw,pMlMHWMw,KDjtXIqK,pMlMHWMw,VZrRnYEW
zlfdtRTsW,pMlMHWMw,pMlMHWMw,pMlMHWMw,KDjtXIqK,VZrRnYEW,VZrRnYEW
KDjtXIqK
KDjtXIqK
pMlMHWMw,pMlMHWMw,pMlMHWMw,KDjtXIqK,VZrRnYEW,pMlMHWMw
pMlMHWMw
pMlMHWMw
VZrRnYEW
VZrRnYEW
VZrRnYEW
pMlMHWMw,pMlMHWMw,KDjtXIqK,pMlMHWMw,VZrRnYEW,pMlMHWMw,rOpcUUAqf,zlfdtRTsW
pMlMHWMw,pMlMHWMw,KDjtXIqK,pMlMHWMw,VZrRnYEW,pMlMHWMw,rOpcUUAqf,zlfdtRTsW,pMlMHWMw
pMlMHWMw,pMlMHWMw,KDjtXIqK,pMlMHWMw,pMlMHWMw,rOpcUUAqf,zlfdtRTsW,pMlMHWMw
pMlMHWMw,pMlMHWMw,KDjtXIqK,pMlMHWMw,pMlMHWMw,rOpcUUAqf,zlfdtRTsW,pMlMHWMw
pMlMHWMw,pMlMHWMw,KDjtXIqK,pMlMHWMw,pMlMHWMw,rOpcUUAqf,zlfdtRTsW,pMlMHWMw,VZrRnYEW
zlfdtRTsW
zlfdtRTsW
pMlMHWMw,pMlMHWMw,KDjtXIqK,pMlMHWMw,pMlMHWMw,rOpcUUAqf,zlfdtRTsW,pMlMHWMw,VZrRnYEW,VZrRnYEW
pMlMHWMw,pMlMHWMw,KDjtXIqK,pMlMHWMw,pMlMHWMw,rOpcUUAqf,zlfdtRTsW,pMlMHWMw,VZrRnYEW,VZrRnYEW
pMlMHWMw,pMlMHWMw,KDjtXIqK,pMlMHWMw,pMlMHWMw,rOpcUUAqf,zlfdtRTsW,pMlMHWMw,VZrRnYEW,VZrRnYEW
zlfdtRTsW
pMlMHWMw,KDjtXIqK,pMlMHWMw,pMlMHWMw,rOpcUUAqf,zlfdtRTsW,pMlMHWMw,pMlMHWMw,VZrRnYEW,pMlMHWMw
pMlMHWMw,KDjtXIqK,pMlMHWMw,pMlMHWMw,rOpcUUAqf,zlfdtRTsW,pMlMHWMw,pMlMHWMw,VZrRnYEW,pMlMHWMw
KDjtXIqK,pMlMHWMw,pMlMHWMw,rOpcUUAqf,pMlMHWMw,VZrRnYEW,pMlMHWMw,zlfdtRTsW,pMlMHWMw,pMlMHWMw,KDjtXIqK
zlfdtRTsW
zlfdtRTsW
pMlMHWMw,pMlMHWMw,KDjtXIqK,pMlMHWMw,pMlMHWMw,rOpcUUAqf,zlfdtRTsW,pMlMHWMw,Px
pMlMHWMw,pMlMHWMw,KDjtXIqK,pMlMHWMw,pMlMHWMw,rOpcUUAqf,zlfdtRTsW,pMlMHWMw,Px,pMlMHWMw
zlfdtRTsW
pMlMHWMw,pMlMHWMw,KDjtXIqK,pMlMHWMw,pMlMHWMw,rOpcUUAqf,zlfdtRTsW,pMlMHWMw,Px,pMlMHWMw,Px,rOpcUUAqf
zlfdtRTsW
zlfdtRTsW
pMlMHWMw,pMlMHWMw,KDjtXIqK,pMlMHWMw,pMlMHWMw,rOpcUUAqf,zlfdtRTsW,pMlMHWMw
zlfdtRTsW
KDjtXIqK
pMlMHWMw
pMlMHWMw
pMlMHWMw,pMlMHWMw,pMlMHWMw,pMlMHWMw,rOpcUUAqf,zlfdtRTsW,KDjtXIqK,pMlMHWMw,zlfdtRTsW,pMlMHWMw,VZrRnYEW,Px
zlfdtRTsW
pMlMHWMw
pMlMHWMw,pMlMHWMw,pMlMHWMw,rOpcUUAqf,KDjtXIqK,pMlMHWMw,zlfdtRTsW,VZrRnYEW,pMlMHWMw,zlfdtRTsW,pMlMHWMw,Px,VZrRnYEW,VZrRnYEW,rOpcUUAqf
pMlMHWMw,pMlMHWMw,pMlMHWMw,rOpcUUAqf,KDjtXIqK,pMlMHWMw,zlfdtRTsW,VZrRnYEW,pMlMHWMw,zlfdtRTsW,pMlMHWMw,Px,VZrRnYEW,VZrRnYEW,rOpcUUAqf
zlfdtRTsW
pMlMHWMw
pMlMHWMw,pMlMHWMw,pMlMHWMw,KDjtXIqK,pMlMHWMw,zlfdtRTsW,VZrRnYEW,pMlMHWMw,zlfdtRTsW,pMlMHWMw,Px,VZrRnYEW,VZrRnYEW,rOpcUUAqf,rOpcUUAqf
pMlMHWMw
Px
Px
pMlMHWMw,pMlMHWMw,pMlMHWMw,KDjtXIqK,pMlMHWMw,zlfdtRTsW,pMlMHWMw,zlfdtRTsW,pMlMHWMw,Px,VZrRnYEW,rOpcUUAqf,rOpcUUAqf,VZrRnYEW
pMlMHWMw,pMlMHWMw,pMlMHWMw,KDjtXIqK,pMlMHWMw,zlfdtRTsW,pMlMHWMw,zlfdtRTsW,pMlMHWMw,Px,VZrRnYEW,rOpcUUAqf,rOpcUUAqf,VZrRnYEW
Px
pMlMHWMw,pMlMHWMw,pMlMHWMw,pMlMHWMw,zlfdtRTsW,pMlMHWMw,zlfdtRTsW,pMlMHWMw,VZrRnYEW,KDjtXIqK,Px,rOpcUUAqf,rOpcUUAqf,VZrRnYEW
KDjtXIqK
pMlMHWMw,pMlMHWMw,pMlMHWMw,KDjtXIqK,pMlMHWMw,zlfdtRTsW,pMlMHWMw,zlfdtRTsW,pMlMHWMw,Px,VZrRnYEW,rOpcUUAqf,rOpcUUAqf,VZrRnYEW
pMlMHWMw,pMlMHWMw,pMlMHWMw,KDjtXIqK,pMlMHWMw,pMlMHWMw,zlfdtRTsW,pMlMHWMw,Px,VZrRnYEW,zlfdtRTsW,rOpcUUAqf,VZrRnYEW,KDjtXIqK
pMlMHWMw,pMlMHWMw,pMlMHWMw,KDjtXIqK,pMlMHWMw,pMlMHWMw,zlfdtRTsW,pMlMHWMw,Px,VZrRnYEW,zlfdtRTsW,rOpcUUAqf,VZrRnYEW,KDjtXIqK
pMlMHWMw,pMlMHWMw,pMlMHWMw,KDjtXIqK,pMlMHWMw,pMlMHWMw,zlfdtRTsW,pMlMHWMw,Px,VZrRnYEW,zlfdtRTsW,rOpcUUAqf,VZrRnYEW,KDjtXIqK
pMlMHWMw,pMlMHWMw,pMlMHWMw,KDjtXIqK,pMlMHWMw,pMlMHWMw,zlfdtRTsW,pMlMHWMw,Px,VZrRnYEW,zlfdtRTsW,rOpcUUAqf,VZrRnYEW,KDjtXIqK,KDjtXIqK
pMlMHWMw,pMlMHWMw,pMlMHWMw,KDjtXIqK,pMlMHWMw,pMlMHWMw,zlfdtRTsW,pMlMHWMw,Px,VZrRnYEW,zlfdtRTsW,rOpcUUAqf,VZrRnYEW,KDjtXIqK,KDjtXIqK,VZrRnYEW
Px
VZrRnYEW
VZrRnYEW
KDjtXIqK
pMlMHWMw,pMlMHWMw,pMlMHWMw,pMlMHWMw,zlfdtRTsW,pMlMHWMw,zlfdtRTsW,pMlMHWMw,Px,VZrRnYEW,KDjtXIqK,rOpcUUAqf,rOpcUUAqf,VZrRnYEW
VZrRnYEW
VZrRnYEW
rOpcUUAqf
rOpcUUAqf
pMlMHWMw,pMlMHWMw,pMlMHWMw,KDjtXIqK,pMlMHWMw,pMlMHWMw,pMlMHWMw,Px,VZrRnYEW,rOpcUUAqf,rOpcUUAqf,VZrRnYEW,KDjtXIqK
rOpcUUAqf
pMlMHWMw,pMlMHWMw,pMlMHWMw,KDjtXIqK,pMlMHWMw,pMlMHWMw,pMlMHWMw,Px,VZrRnYEW,rOpcUUAqf,VZrRnYEW,KDjtXIqK,zlfdtRTsW
pMlMHWMw,pMlMHWMw,pMlMHWMw,KDjtXIqK,pMlMHWMw,pMlMHWMw,pMlMHWMw,Px,VZrRnYEW,rOpcUUAqf,VZrRnYEW,KDjtXIqK,zlfdtRTsW
pMlMHWMw,pMlMHWMw,pMlMHWMw,KDjtXIqK,pMlMHWMw,pMlMHWMw,pMlMHWMw,Px,VZrRnYEW,rOpcUUAqf,VZrRnYEW,KDjtXIqK,zlfdtRTsW
pMlMHWMw,pMlMHWMw,pMlMHWMw,KDjtXIqK,pMlMHWMw,pMlMHWMw,pMlMHWMw,Px,VZrRnYEW,rOpcUUAqf,rOpcUUAqf,VZrRnYEW,KDjtXIqK
pMlMHWMw,pMlMHWMw,pMlMHWMw,KDjtXIqK,pMlMHWMw,pMlMHWMw,pMlMHWMw,Px,VZrRnYEW,rOpcUUAqf,rOpcUUAqf,VZrRnYEW,KDjtXIqK
rOpcUUAqf
pMlMHWMw,pMlMHWMw,KDjtXIqK,pMlMHWMw,pMlMHWMw,pMlMHWMw,Px,VZrRnYEW,rOpcUUAqf,rOpcUUAqf,pMlMHWMw,VZrRnYEW,KDjtXIqK
pMlMHWMw,pMlMHWMw,KDjtXIqK,pMlMHWMw,pMlMHWMw,pMlMHWMw,Px,VZrRnYEW,rOpcUUAqf,rOpcUUAqf,pMlMHWMw,VZrRnYEW,KDjtXIqK
pMlMHWMw,pMlMHWMw,KDjtXIqK,pMlMHWMw,pMlMHWMw,pMlMHWMw,Px,VZrRnYEW,rOpcUUAqf,rOpcUUAqf,pMlMHWMw,VZrRnYEW,KDjtXIqK
pMlMHWMw,pMlMHWMw,KDjtXIqK,pMlMHWMw,pMlMHWMw,pMlMHWMw,Px,VZrRnYEW,rOpcUUAqf,rOpcUUAqf,pMlMHWMw,VZrRnYEW,KDjtXIqK
pMlMHWMw,pMlMHWMw,KDjtXIqK,pMlMHWMw,pMlMHWMw,pMlMHWMw,Px,VZrRnYEW,rOpcUUAqf,rOpcUUAqf,pMlMHWMw,VZrRnYEW,KDjtXIqK
rOpcUUAqf
pMlMHWMw,pMlMHWMw,pMlMHWMw,KDjtXIqK,pMlMHWMw,pMlMHWMw,pMlMHWMw,Px,VZrRnYEW,rOpcUUAqf,rOpcUUAqf,VZrRnYEW,KDjtXIqK
pMlMHWMw,pMlMHWMw,pMlMHWMw,KDjtXIqK,pMlMHWMw,pMlMHWMw,pMlMHWMw,Px,rOpcUUAqf,rOpcUUAqf,VZrRnYEW,VZrRnYEW,KDjtXIqK
rOpcUUAqf
rOpcUUAqf
pMlMHWMw,pMlMHWMw,pMlMHWMw,pMlMHWMw,pMlMHWMw,pMlMHWMw,rOpcUUAqf,rOpcUUAqf,VZrRnYEW,KDjtXIqK
VZrRnYEW
VZrRnYEW
pMlMHWMw,pMlMHWMw,pMlMHWMw,pMlMHWMw,pMlMHWMw,pMlMHWMw,rOpcUUAqf,rOpcUUAqf,VZrRnYEW,KDjtXIqK,VZrRnYEW
pMlMHWMw,pMlMHWMw,pMlMHWMw,pMlMHWMw,pMlMHWMw,pMlMHWMw,rOpcUUAqf,rOpcUUAqf,VZrRnYEW,KDjtXIqK,rOpcUUAqf
VZrRnYEW
pMlMHWMw,pMlMHWMw,pMlMHWMw,pMlMHWMw,pMlMHWMw,pMlMHWMw,rOpcUUAqf,rOpcUUAqf,VZrRnYEW,rOpcUUAqf
pMlMHWMw,pMlMHWMw,pMlMHWMw,pMlMHWMw,pMlMHWMw,pMlMHWMw,rOpcUUAqf,rOpcUUAqf,VZrRnYEW,rOpcUUAqf
VZrRnYEW
pMlMHWMw,pMlMHWMw,pMlMHWMw,pMlMHWMw,pMlMHWMw,pMlMHWMw,rOpcUUAqf,rOpcUUAqf,rOpcUUAqf
Jedi Wagner, assuma o comando!