[vazia]
Toque! Toque, Dijê!
Toque! Toque, Dijê!
[vazia]
[vazia]
[vazia]
[vazia]
[vazia]
[vazia]
amUvioZ
Toque! Toque, Dijê!
[vazia]
amUvioZ
DOD
DOD
DOD
DOD,XFTThA
DOD,XFTThA
DOD
DOD
XFTThA
XFTThA
XFTThA
XFTThA
XFTThA,iMK
iMK,XFTThA
iMK,XFTThA
Toque! Toque, Dijê!
Toque! Toque, Dijê!
[vazia]
Toque! Toque, Dijê!
Toque! Toque, Dijê!
Toque! Toque, Dijê!
[vazia]
Toque! Toque, Dijê!
iMK
iMK
amUvioZ,DOD,iMK,iMK
iMK
DOD,iMK,iMK,DOD,TtnSQqag
DOD,iMK,DOD,TtnSQqag
iMK
iMK
iMK
iMK
DOD,iMK,iMK,amUvioZ
amUvioZ
DOD,iMK,amUvioZ,iMK
DOD,iMK,amUvioZ,iMK
Jedi Wagner, assuma o comando!