Toque! Toque, Dijê!
Xu
Xu,aXrMQzlr
Xu
aXrMQzlr,Xu
Xu
aXrMQzlr,Xu,Xu,aXrMQzlr
aXrMQzlr
Xu,Xu,aXrMQzlr,aXrMQzlr,oXtOT,oXtOT,oXtOT
Xu,Xu,aXrMQzlr,aXrMQzlr,oXtOT,oXtOT,oXtOT,oXtOT
aXrMQzlr
aXrMQzlr
aXrMQzlr
aXrMQzlr
aXrMQzlr
aXrMQzlr
Xu,Xu,aXrMQzlr,aXrMQzlr,aXrMQzlr,Xu,oXtOT
aXrMQzlr
Xu,aXrMQzlr,Xu,aXrMQzlr,aXrMQzlr
Xu,aXrMQzlr,Xu,aXrMQzlr,aXrMQzlr
Xu,aXrMQzlr,Xu,aXrMQzlr,aXrMQzlr,Xu
aXrMQzlr,Xu,aXrMQzlr,aXrMQzlr,Xu,Xu,Xu
Xu,aXrMQzlr,Xu,aXrMQzlr,aXrMQzlr
aXrMQzlr
Xu
aXrMQzlr
Xu,aXrMQzlr,Xu,oXtOT,Xu
aXrMQzlr
oXtOT,aXrMQzlr,Xu,aXrMQzlr
oXtOT
Xu
oXtOT,Xu,aXrMQzlr,oXtOT,Xu
Jedi Wagner, assuma o comando!