vSXEFTVOp
vSXEFTVOp
vSXEFTVOp
[vazia]
QPswpy
[vazia]
[vazia]
cquq
Toque! Toque, Dijê!
[vazia]
[vazia]
[vazia]
QKM
QKM
QKM
n,QKM
n,QKM
n,QKM
n,QKM,QKM
n
n,QKM
n
n
n,QKM
n
n
n,QKM,jRJIWQkIo
n,QKM
n,QKM
n
n,QKM
QKM
n,QKM
QKM,n
QKM
QKM
QKM
QKM
QKM
QKM
QKM
QKM,cquq
QKM,cquq
QKM
QKM
QKM,cquq,cquq,mBnKXzhlC,cquq
QKM,cquq,mBnKXzhlC,cquq
QKM
QKM
QKM,cquq,cquq,mBnKXzhlC,cquq,QKM,mBnKXzhlC,GLWnpq,mBnKXzhlC,mBnKXzhlC
QKM,cquq
GLWnpq,QKM,vSXEFTVOp
vSXEFTVOp
QKM,cquq
cquq,cquq
QKM
QKM,cquq
cquq
QKM,cquq
QKM
QKM,jRJIWQkIo
QKM
QKM
QKM
QKM,jRJIWQkIo,QKM
jRJIWQkIo,QKM
QKM
GLWnpq
GLWnpq
QKM,jRJIWQkIo,QKM,GLWnpq,GLWnpq,cquq,mBnKXzhlC,cquq
QKM,jRJIWQkIo,QKM,GLWnpq,GLWnpq,cquq,mBnKXzhlC,cquq
jRJIWQkIo
jRJIWQkIo
QKM,jRJIWQkIo,QKM,GLWnpq
GLWnpq
GLWnpq
jRJIWQkIo
jRJIWQkIo
QKM,jRJIWQkIo,QKM,GLWnpq,n
QKM
QKM,jRJIWQkIo,QKM,GLWnpq,n,QPswpy
QKM,jRJIWQkIo,QKM,GLWnpq,n,GLWnpq,QPswpy
GLWnpq
n
n
n
jRJIWQkIo,QKM,n,GLWnpq,GLWnpq,QPswpy,GLWnpq
jRJIWQkIo,QKM,n,GLWnpq,GLWnpq,QPswpy,GLWnpq
n
jRJIWQkIo,QKM,n,GLWnpq,GLWnpq,QPswpy,GLWnpq
GLWnpq
GLWnpq
GLWnpq
GLWnpq
GLWnpq
QKM,jRJIWQkIo,QKM,GLWnpq,n
QKM,jRJIWQkIo,QKM,GLWnpq,n
QKM,jRJIWQkIo,QKM,GLWnpq,n
jRJIWQkIo,QKM,GLWnpq,QKM,n
jRJIWQkIo,QKM,GLWnpq,n,QKM
GLWnpq
QKM
QKM,GLWnpq,QKM,n,mBnKXzhlC
QKM
n
n
QKM,GLWnpq,n,QKM
n
n
GLWnpq,n,QKM,QKM
GLWnpq,n,QKM,QKM,GLWnpq
n
Jedi Wagner, assuma o comando!