uO
uO,GDzYH,OkdxitPQlZ
uO
OkdxitPQlZ
OkdxitPQlZ
OkdxitPQlZ
OkdxitPQlZ,OkdxitPQlZ
OkdxitPQlZ,OkdxitPQlZ
OkdxitPQlZ
OkdxitPQlZ
OkdxitPQlZ
OkdxitPQlZ
OkdxitPQlZ
OkdxitPQlZ
OkdxitPQlZ
OkdxitPQlZ,uO
OkdxitPQlZ,uO,MbQksCP
OkdxitPQlZ
MbQksCP
MbQksCP,GDzYH,OkdxitPQlZ,uO,uO
OkdxitPQlZ
MbQksCP,OkdxitPQlZ,GDzYH,uO,uO,MbQksCP,GDzYH
OkdxitPQlZ
uO
MbQksCP,OkdxitPQlZ,MbQksCP,GDzYH,MbQksCP,GDzYH,GDzYH
OkdxitPQlZ
MbQksCP
MbQksCP
MbQksCP
MbQksCP,OkdxitPQlZ,MbQksCP,MbQksCP,GDzYH,GDzYH,uO
GDzYH
GDzYH
GDzYH
MbQksCP,MbQksCP,MbQksCP,GDzYH,GDzYH,GDzYH,uO
MbQksCP,MbQksCP,MbQksCP,GDzYH,GDzYH,GDzYH,uO,MbQksCP
GDzYH
MbQksCP,MbQksCP,MbQksCP,GDzYH,GDzYH,GDzYH,uO,MbQksCP
MbQksCP,MbQksCP,MbQksCP,GDzYH,GDzYH,GDzYH,uO
GDzYH
GDzYH
MbQksCP
MbQksCP,MbQksCP,GDzYH,GDzYH,MbQksCP,GDzYH,uO
GDzYH
GDzYH
GDzYH
GDzYH,GDzYH,MbQksCP,GDzYH,GDzYH,uO
MbQksCP,MbQksCP,GDzYH,MbQksCP,GDzYH
MbQksCP,MbQksCP,GDzYH,MbQksCP,GDzYH
MbQksCP,MbQksCP,GDzYH,MbQksCP,GDzYH
MbQksCP
MbQksCP
GDzYH
GDzYH,MbQksCP,MbQksCP,GDzYH,MbQksCP
GDzYH
GDzYH,MbQksCP,MbQksCP,GDzYH,MbQksCP,GDzYH,GDzYH
GDzYH
GDzYH,MbQksCP,MbQksCP,GDzYH,MbQksCP,GDzYH,GDzYH,uO
GDzYH,MbQksCP,MbQksCP,GDzYH,MbQksCP,GDzYH,GDzYH,uO
GDzYH
GDzYH
GDzYH,uO,GDzYH,MbQksCP,GDzYH,GDzYH,MbQksCP,GDzYH
uO
GDzYH,uO,MbQksCP,MbQksCP,GDzYH,GDzYH,MbQksCP,GDzYH,uO
GDzYH,uO,MbQksCP,MbQksCP,GDzYH,GDzYH,MbQksCP,GDzYH,uO
uO
uO
MbQksCP
uO,MbQksCP,GDzYH,GDzYH,MbQksCP,GDzYH,GDzYH,MbQksCP,GDzYH,MbQksCP
uO,MbQksCP,GDzYH,GDzYH,MbQksCP,GDzYH,GDzYH,MbQksCP,GDzYH,MbQksCP
uO,MbQksCP,GDzYH,GDzYH,MbQksCP,GDzYH,GDzYH,MbQksCP,GDzYH,MbQksCP,uO
uO,MbQksCP,GDzYH,GDzYH,MbQksCP,GDzYH,GDzYH,MbQksCP,GDzYH,MbQksCP,uO
uO,MbQksCP,GDzYH,GDzYH,MbQksCP,GDzYH,GDzYH,MbQksCP,GDzYH,MbQksCP,uO,uO,OkdxitPQlZ
MbQksCP,GDzYH,GDzYH,MbQksCP,GDzYH,GDzYH,MbQksCP,GDzYH,MbQksCP,uO,uO,OkdxitPQlZ
uO,MbQksCP,GDzYH,GDzYH,MbQksCP,GDzYH,GDzYH,MbQksCP,GDzYH,MbQksCP,uO,uO,OkdxitPQlZ
uO,MbQksCP,GDzYH,GDzYH,MbQksCP,GDzYH,GDzYH,MbQksCP,GDzYH,MbQksCP,uO,uO,OkdxitPQlZ
MbQksCP
MbQksCP
MbQksCP
uO,GDzYH,MbQksCP,GDzYH,GDzYH,OkdxitPQlZ,GDzYH,MbQksCP,MbQksCP,GDzYH,MbQksCP,uO,uO,GDzYH
GDzYH
GDzYH
GDzYH
uO,MbQksCP,GDzYH,GDzYH,MbQksCP,GDzYH,GDzYH,MbQksCP,GDzYH,MbQksCP,uO,uO,OkdxitPQlZ
uO,MbQksCP,GDzYH,GDzYH,MbQksCP,GDzYH,GDzYH,MbQksCP,GDzYH,MbQksCP,uO,uO,OkdxitPQlZ,GDzYH,uO
GDzYH
GDzYH,MbQksCP,GDzYH,GDzYH,uO,MbQksCP,GDzYH,MbQksCP,GDzYH,MbQksCP,uO,uO,GDzYH,uO,OkdxitPQlZ
MbQksCP,GDzYH,GDzYH,MbQksCP,GDzYH,uO,GDzYH,MbQksCP,GDzYH,MbQksCP,uO,uO,GDzYH,uO,OkdxitPQlZ,GDzYH
MbQksCP
GDzYH,GDzYH,MbQksCP,GDzYH,GDzYH,uO,MbQksCP,MbQksCP,GDzYH,MbQksCP,uO,uO,GDzYH,uO
uO
uO
GDzYH,GDzYH,MbQksCP,GDzYH,GDzYH,MbQksCP,uO,MbQksCP,GDzYH,MbQksCP,uO,uO,GDzYH,uO,GDzYH
uO
GDzYH,GDzYH,GDzYH,GDzYH,MbQksCP,uO,MbQksCP,GDzYH,MbQksCP,uO,uO,GDzYH,uO,GDzYH,OkdxitPQlZ
GDzYH,GDzYH,GDzYH,GDzYH,MbQksCP,uO,MbQksCP,GDzYH,MbQksCP,uO,uO,GDzYH,uO,GDzYH,OkdxitPQlZ,MbQksCP
uO
MbQksCP,GDzYH,GDzYH,MbQksCP,uO,MbQksCP,GDzYH,MbQksCP,uO,uO,GDzYH,uO,GDzYH,GDzYH,GDzYH,uO
MbQksCP,GDzYH,GDzYH,MbQksCP,uO,MbQksCP,GDzYH,MbQksCP,uO,uO,GDzYH,uO,GDzYH,GDzYH,GDzYH,uO,GDzYH,MbQksCP
MbQksCP,GDzYH,GDzYH,MbQksCP,uO,MbQksCP,GDzYH,MbQksCP,uO,uO,GDzYH,uO,GDzYH,GDzYH,GDzYH,uO
MbQksCP
GDzYH,GDzYH,MbQksCP,uO,MbQksCP,GDzYH,MbQksCP,uO,uO,GDzYH,uO,GDzYH,GDzYH,GDzYH,uO
GDzYH
GDzYH
GDzYH,GDzYH,MbQksCP,GDzYH,MbQksCP,uO,uO,GDzYH,uO,GDzYH,GDzYH,GDzYH,uO
GDzYH
MbQksCP
MbQksCP
GDzYH
GDzYH
GDzYH,GDzYH,uO,MbQksCP,GDzYH,GDzYH,GDzYH,GDzYH,GDzYH,GDzYH,MbQksCP
GDzYH
GDzYH,GDzYH,MbQksCP,GDzYH,GDzYH,GDzYH,GDzYH,GDzYH,GDzYH,MbQksCP
GDzYH
GDzYH
GDzYH
GDzYH,GDzYH,MbQksCP,GDzYH,GDzYH,GDzYH,GDzYH,GDzYH,GDzYH,MbQksCP,MbQksCP
GDzYH
GDzYH
GDzYH,GDzYH,MbQksCP,GDzYH,GDzYH,GDzYH,GDzYH,GDzYH,GDzYH,MbQksCP,MbQksCP
GDzYH,GDzYH,MbQksCP,GDzYH,GDzYH,GDzYH,GDzYH,GDzYH,GDzYH,MbQksCP,MbQksCP
GDzYH,GDzYH,MbQksCP,GDzYH,GDzYH,GDzYH,GDzYH,GDzYH,GDzYH,MbQksCP,MbQksCP
GDzYH
MbQksCP
GDzYH,MbQksCP,GDzYH,GDzYH,GDzYH,GDzYH,GDzYH,GDzYH,GDzYH,MbQksCP,MbQksCP,GDzYH
GDzYH,GDzYH,MbQksCP,GDzYH,GDzYH,GDzYH,GDzYH,GDzYH,GDzYH,MbQksCP,MbQksCP,MbQksCP
GDzYH
GDzYH
GDzYH,GDzYH,GDzYH,GDzYH,GDzYH,GDzYH,GDzYH,GDzYH,MbQksCP,MbQksCP,MbQksCP
GDzYH,GDzYH,GDzYH,GDzYH,GDzYH,GDzYH,GDzYH,GDzYH,MbQksCP,MbQksCP,GDzYH
GDzYH,GDzYH,GDzYH,GDzYH,GDzYH,GDzYH,GDzYH,GDzYH,MbQksCP,MbQksCP,GDzYH
GDzYH
GDzYH,GDzYH,GDzYH,GDzYH,GDzYH,GDzYH,GDzYH,GDzYH,MbQksCP,GDzYH,OkdxitPQlZ
GDzYH,GDzYH,GDzYH,GDzYH,GDzYH,GDzYH,GDzYH,GDzYH,MbQksCP,GDzYH,OkdxitPQlZ
GDzYH,GDzYH,GDzYH,GDzYH,GDzYH,GDzYH,GDzYH,GDzYH,MbQksCP,GDzYH,OkdxitPQlZ
GDzYH
GDzYH,GDzYH,GDzYH,GDzYH,GDzYH,GDzYH,GDzYH,GDzYH,MbQksCP,GDzYH,OkdxitPQlZ,MbQksCP,OkdxitPQlZ
GDzYH,GDzYH,GDzYH,GDzYH,GDzYH,GDzYH,GDzYH,GDzYH,GDzYH,MbQksCP
GDzYH,GDzYH,GDzYH,GDzYH,GDzYH,MbQksCP,GDzYH,GDzYH,GDzYH,GDzYH,OkdxitPQlZ
GDzYH,GDzYH,GDzYH,GDzYH,GDzYH,MbQksCP,GDzYH,GDzYH,GDzYH,GDzYH,OkdxitPQlZ
MbQksCP
GDzYH,GDzYH,GDzYH,GDzYH,GDzYH,MbQksCP,GDzYH,GDzYH,GDzYH,GDzYH,OkdxitPQlZ,uO
GDzYH,GDzYH,GDzYH,GDzYH,GDzYH,MbQksCP,GDzYH,GDzYH,GDzYH,GDzYH,OkdxitPQlZ,uO
GDzYH
GDzYH,GDzYH,GDzYH,GDzYH,GDzYH,MbQksCP,GDzYH,GDzYH,GDzYH,GDzYH,uO,uO,MbQksCP
GDzYH
GDzYH,GDzYH,GDzYH,GDzYH,GDzYH,MbQksCP,GDzYH,GDzYH,GDzYH,GDzYH,uO,MbQksCP
GDzYH,GDzYH,GDzYH,GDzYH,GDzYH,GDzYH,GDzYH,GDzYH,GDzYH,uO,MbQksCP,OkdxitPQlZ
GDzYH,GDzYH,GDzYH,GDzYH,GDzYH,GDzYH,GDzYH,GDzYH,GDzYH,uO,MbQksCP,OkdxitPQlZ
GDzYH
GDzYH
GDzYH
GDzYH
GDzYH
MbQksCP
GDzYH,GDzYH,GDzYH,GDzYH,GDzYH,MbQksCP,GDzYH,GDzYH,GDzYH,GDzYH,uO,uO,GDzYH,MbQksCP,OkdxitPQlZ,GDzYH,MbQksCP,uO,GDzYH
GDzYH,GDzYH,GDzYH,GDzYH,GDzYH,uO,MbQksCP,GDzYH,GDzYH,GDzYH,GDzYH,uO,GDzYH,MbQksCP,OkdxitPQlZ,GDzYH,MbQksCP,uO,GDzYH,MbQksCP,MbQksCP
uO
uO
GDzYH,GDzYH,GDzYH,GDzYH,GDzYH,uO,MbQksCP,GDzYH,GDzYH,GDzYH,GDzYH,uO,GDzYH,MbQksCP,OkdxitPQlZ,GDzYH,MbQksCP,uO,GDzYH,MbQksCP,MbQksCP
uO
uO
GDzYH,GDzYH,GDzYH,GDzYH,GDzYH,uO,MbQksCP,GDzYH,GDzYH,GDzYH,GDzYH,uO,GDzYH,MbQksCP,OkdxitPQlZ,GDzYH,MbQksCP,uO,GDzYH,MbQksCP,MbQksCP
MbQksCP
GDzYH,GDzYH,GDzYH,GDzYH,GDzYH,uO,MbQksCP,GDzYH,GDzYH,GDzYH,GDzYH,uO,GDzYH,MbQksCP,OkdxitPQlZ,GDzYH,MbQksCP,uO,GDzYH,MbQksCP,MbQksCP,GDzYH,OkdxitPQlZ
GDzYH,GDzYH,GDzYH,GDzYH,GDzYH,MbQksCP,GDzYH,GDzYH,GDzYH,GDzYH,uO,GDzYH,MbQksCP,OkdxitPQlZ,GDzYH,MbQksCP,uO,GDzYH,MbQksCP,MbQksCP,GDzYH
GDzYH,GDzYH,GDzYH,GDzYH,MbQksCP,GDzYH,GDzYH,GDzYH,GDzYH,GDzYH,GDzYH,MbQksCP,GDzYH,MbQksCP,uO,GDzYH,MbQksCP,MbQksCP,GDzYH
GDzYH
GDzYH
GDzYH,GDzYH,GDzYH,GDzYH,GDzYH,MbQksCP,GDzYH,GDzYH,GDzYH,GDzYH,GDzYH,MbQksCP,GDzYH,MbQksCP,uO,GDzYH,MbQksCP,MbQksCP,GDzYH
OkdxitPQlZ
OkdxitPQlZ
OkdxitPQlZ
OkdxitPQlZ
OkdxitPQlZ
GDzYH,GDzYH,GDzYH,GDzYH,GDzYH,GDzYH,MbQksCP,OkdxitPQlZ,GDzYH,GDzYH,GDzYH,GDzYH,MbQksCP,GDzYH,MbQksCP,GDzYH,MbQksCP,MbQksCP,GDzYH,uO
GDzYH
GDzYH
MbQksCP
GDzYH,GDzYH,GDzYH,GDzYH,GDzYH,GDzYH,MbQksCP,GDzYH,GDzYH,GDzYH,GDzYH,MbQksCP,GDzYH,MbQksCP,GDzYH,MbQksCP,MbQksCP,GDzYH,uO
GDzYH,GDzYH,GDzYH,GDzYH,GDzYH,GDzYH,MbQksCP,GDzYH,GDzYH,GDzYH,GDzYH,MbQksCP,GDzYH,MbQksCP,GDzYH,MbQksCP,MbQksCP,GDzYH,uO
MbQksCP
GDzYH,GDzYH,GDzYH,GDzYH,GDzYH,GDzYH,GDzYH,MbQksCP,GDzYH,GDzYH,MbQksCP,GDzYH,MbQksCP,GDzYH,MbQksCP,MbQksCP,GDzYH,uO
MbQksCP
MbQksCP
GDzYH,GDzYH,GDzYH,GDzYH,GDzYH,GDzYH,GDzYH,MbQksCP,GDzYH,GDzYH,MbQksCP,GDzYH,MbQksCP,GDzYH,MbQksCP,MbQksCP,GDzYH,uO
Jedi Wagner, assuma o comando!