[vazia]
Toque! Toque, Dijê!
[vazia]
Toque! Toque, Dijê!
w
w,vsKB,vsKB
[vazia]
Toque! Toque, Dijê!
Toque! Toque, Dijê!
[vazia]
RmhoRTMZEb
RmhoRTMZEb
[vazia]
[vazia]
Toque! Toque, Dijê!
[vazia]
RmhoRTMZEb,YE,w
RmhoRTMZEb,w
RmhoRTMZEb,w
RmhoRTMZEb,w
RmhoRTMZEb,w
w
RmhoRTMZEb,w,RmhoRTMZEb
RmhoRTMZEb,w,RmhoRTMZEb
w
w
w
w
RmhoRTMZEb,w,RmhoRTMZEb,dSePoJ,iataCW
dSePoJ
dSePoJ
w,RmhoRTMZEb,dSePoJ,RmhoRTMZEb,iataCW,YE,mQbzdgXorz
w,RmhoRTMZEb,dSePoJ,RmhoRTMZEb,iataCW,YE,mQbzdgXorz
iataCW
RmhoRTMZEb,RmhoRTMZEb,dSePoJ,iataCW,YE
iataCW
YE
RmhoRTMZEb,RmhoRTMZEb,iataCW,YE,dSePoJ,dSePoJ,dSePoJ
RmhoRTMZEb,RmhoRTMZEb,iataCW,YE,dSePoJ,dSePoJ,dSePoJ
RmhoRTMZEb,RmhoRTMZEb,iataCW,dSePoJ,dSePoJ,YE,dSePoJ,vsKB,w
YE
RmhoRTMZEb,RmhoRTMZEb,iataCW,dSePoJ,dSePoJ,YE,dSePoJ,vsKB,w
RmhoRTMZEb
dSePoJ,iataCW,YE,dSePoJ,RmhoRTMZEb,RmhoRTMZEb,mQbzdgXorz
dSePoJ
dSePoJ
dSePoJ
dSePoJ,iataCW,YE,dSePoJ,RmhoRTMZEb,RmhoRTMZEb,RmhoRTMZEb,w,dSePoJ,YE
dSePoJ
dSePoJ
dSePoJ
iataCW,dSePoJ,YE,dSePoJ,RmhoRTMZEb,RmhoRTMZEb,RmhoRTMZEb,dSePoJ,YE,vsKB
dSePoJ
iataCW,vsKB,dSePoJ,YE,dSePoJ,RmhoRTMZEb,dSePoJ,YE,ITia,w
vsKB
vsKB
w
iataCW,vsKB,w,dSePoJ,YE,dSePoJ,RmhoRTMZEb,dSePoJ,YE,ITia,vsKB
iataCW,vsKB,RmhoRTMZEb,w,dSePoJ,YE,dSePoJ,dSePoJ,YE,ITia,vsKB
iataCW,vsKB,w,dSePoJ,YE,dSePoJ,RmhoRTMZEb,dSePoJ,YE,ITia,vsKB
iataCW,vsKB,w,dSePoJ,YE,dSePoJ,RmhoRTMZEb,dSePoJ,YE,ITia,vsKB
iataCW,vsKB,w,dSePoJ,YE,dSePoJ,RmhoRTMZEb,dSePoJ,YE,ITia,vsKB
iataCW,vsKB,w,dSePoJ,YE,dSePoJ,RmhoRTMZEb,dSePoJ,YE,ITia,vsKB
dSePoJ
iataCW,vsKB,w,dSePoJ,YE,dSePoJ,RmhoRTMZEb,dSePoJ,YE,ITia,vsKB
YE
iataCW,vsKB,w,dSePoJ,YE,dSePoJ,RmhoRTMZEb,dSePoJ,YE,ITia,vsKB
YE
YE
iataCW,vsKB,w,dSePoJ,YE,dSePoJ,dSePoJ,YE,ITia,vsKB,w
YE
iataCW,vsKB,w,dSePoJ,YE,dSePoJ,RmhoRTMZEb,dSePoJ,YE,ITia,vsKB,w
YE
iataCW,vsKB,w,dSePoJ,YE,dSePoJ,RmhoRTMZEb,dSePoJ,YE,ITia,vsKB,w
dSePoJ
iataCW,vsKB,w,dSePoJ,YE,dSePoJ,RmhoRTMZEb,dSePoJ,YE,ITia,vsKB,w
w,dSePoJ,RmhoRTMZEb,dSePoJ,dSePoJ,YE,w,dSePoJ,YE
w,dSePoJ,RmhoRTMZEb,dSePoJ,dSePoJ,YE,w,dSePoJ,YE
dSePoJ
w,dSePoJ,RmhoRTMZEb,dSePoJ,dSePoJ,YE,w,dSePoJ,YE,RmhoRTMZEb,YE
dSePoJ
dSePoJ
dSePoJ
dSePoJ
dSePoJ
w
w
w
w
iataCW,w,YE,dSePoJ,RmhoRTMZEb,dSePoJ,dSePoJ,YE,w,dSePoJ,YE
iataCW,w,YE,dSePoJ,RmhoRTMZEb,dSePoJ,dSePoJ,YE,w,dSePoJ,YE
dSePoJ
iataCW,w,RmhoRTMZEb,dSePoJ,dSePoJ,YE,w,dSePoJ,YE,dSePoJ
iataCW,w,RmhoRTMZEb,dSePoJ,dSePoJ,YE,w,dSePoJ,YE,dSePoJ
dSePoJ
iataCW,w,RmhoRTMZEb,dSePoJ,dSePoJ,YE,w,dSePoJ,YE,dSePoJ,mQbzdgXorz
dSePoJ
iataCW,w,RmhoRTMZEb,dSePoJ,dSePoJ,w,dSePoJ,YE,dSePoJ,YE,mQbzdgXorz
YE
mQbzdgXorz
iataCW,RmhoRTMZEb,dSePoJ,dSePoJ,w,dSePoJ,dSePoJ,YE,YE,mQbzdgXorz
w
Jedi Wagner, assuma o comando!