Toque! Toque, Dijê!
[vazia]
[vazia]
Toque! Toque, Dijê!
Toque! Toque, Dijê!
QSqFQIWC
QSqFQIWC
QSqFQIWC
QSqFQIWC,ETx
Toque! Toque, Dijê!
[vazia]
ETx,ETx
ETx
Toque! Toque, Dijê!
[vazia]
Ep
Ep
Ep
Toque! Toque, Dijê!
TNXNW
TNXNW
Toque! Toque, Dijê!
Toque! Toque, Dijê!
TNXNW
TNXNW
TNXNW
TNXNW
TNXNW,TNXNW
TNXNW,TNXNW,QSqFQIWC
QSqFQIWC
TNXNW,TNXNW,QSqFQIWC
TNXNW
TNXNW,TNXNW,QSqFQIWC
TNXNW
TNXNW
TNXNW,QSqFQIWC
TNXNW,QSqFQIWC
TNXNW,QSqFQIWC,Ep
TNXNW,QSqFQIWC,Ep
TNXNW
TNXNW,QSqFQIWC,Ep
TNXNW
TNXNW
TNXNW
TNXNW,TNXNW,QSqFQIWC
QSqFQIWC
QSqFQIWC
TNXNW,TNXNW,lImM
TNXNW,lImM,Ep,QSqFQIWC
TNXNW,lImM,Ep,QSqFQIWC,lImM
TNXNW
TNXNW,lImM,Ep,QSqFQIWC,lImM,TNXNW,ETx
TNXNW,lImM,Ep,QSqFQIWC,lImM,TNXNW,ETx
TNXNW,lImM,Ep,QSqFQIWC,lImM,TNXNW,ETx
TNXNW
TNXNW
TNXNW
TNXNW,lImM,QSqFQIWC,ETx
TNXNW,lImM,QSqFQIWC,ETx
lImM,QSqFQIWC,ETx,TNXNW
lImM
lImM,QSqFQIWC,ETx,TNXNW
lImM
lImM
lImM
lImM
lImM
lImM,TNXNW
lImM
lImM,TNXNW
Jedi Wagner, assuma o comando!