Toque! Toque, Dijê!
Toque! Toque, Dijê!
Toque! Toque, Dijê!
Toque! Toque, Dijê!
[vazia]
Toque! Toque, Dijê!
Toque! Toque, Dijê!
Toque! Toque, Dijê!
Toque! Toque, Dijê!
QcRfGpw
Toque! Toque, Dijê!
gfFQmHQ
Toque! Toque, Dijê!
[vazia]
gfFQmHQ
gfFQmHQ
gfFQmHQ
gfFQmHQ,WuTFyLlU
WuTFyLlU
WuTFyLlU
WuTFyLlU
i
gfFQmHQ,WuTFyLlU,QcRfGpw,gfFQmHQ,i
gfFQmHQ,WuTFyLlU,gfFQmHQ,QcRfGpw,i
QcRfGpw
gfFQmHQ,gfFQmHQ,QcRfGpw,i,gfFQmHQ
QcRfGpw
QcRfGpw
gfFQmHQ,gfFQmHQ,QcRfGpw,i,gfFQmHQ
gfFQmHQ,gfFQmHQ,QcRfGpw,i,gfFQmHQ,i
i
gfFQmHQ,gfFQmHQ,QcRfGpw,gfFQmHQ,i
gfFQmHQ
gfFQmHQ,gfFQmHQ,QcRfGpw,i,gfFQmHQ,i
gfFQmHQ,gfFQmHQ,QcRfGpw,i,gfFQmHQ,i
i
i
i
i
gfFQmHQ,QcRfGpw,i,gfFQmHQ,gfFQmHQ,i,jAl,QcRfGpw
gfFQmHQ,QcRfGpw,i,gfFQmHQ,gfFQmHQ,i,jAl,QcRfGpw,i
gfFQmHQ
gfFQmHQ
gfFQmHQ,gfFQmHQ,i,QcRfGpw,i,gfFQmHQ,jAl,QcRfGpw,WuTFyLlU
i
i
QcRfGpw
gfFQmHQ,gfFQmHQ,i,QcRfGpw,i,gfFQmHQ,jAl,QcRfGpw
gfFQmHQ,QcRfGpw,i,gfFQmHQ,jAl,QcRfGpw
QcRfGpw
QcRfGpw
gfFQmHQ,QcRfGpw,i,gfFQmHQ,jAl,QcRfGpw
i
gfFQmHQ,QcRfGpw,i,gfFQmHQ,jAl,QcRfGpw
i
gfFQmHQ,i,gfFQmHQ,jAl,QcRfGpw
i
gfFQmHQ,i,jAl,gfFQmHQ,QcRfGpw
i
gfFQmHQ,i,jAl,gfFQmHQ,QcRfGpw,i
gfFQmHQ,i,jAl,gfFQmHQ,QcRfGpw,gfFQmHQ
gfFQmHQ
gfFQmHQ,jAl,gfFQmHQ,gfFQmHQ,QcRfGpw,i,jAl
gfFQmHQ,jAl,gfFQmHQ,gfFQmHQ,QcRfGpw,i,jAl
QcRfGpw
gfFQmHQ,gfFQmHQ,gfFQmHQ,QcRfGpw,i,jAl
gfFQmHQ,gfFQmHQ,gfFQmHQ,QcRfGpw,jAl,i
gfFQmHQ,gfFQmHQ,gfFQmHQ,QcRfGpw,jAl
gfFQmHQ,gfFQmHQ,gfFQmHQ,QcRfGpw
gfFQmHQ
gfFQmHQ,gfFQmHQ,gfFQmHQ,QcRfGpw,WuTFyLlU,WuTFyLlU,QcRfGpw
gfFQmHQ
gfFQmHQ
gfFQmHQ,gfFQmHQ,gfFQmHQ,QcRfGpw,WuTFyLlU,WuTFyLlU,QcRfGpw
gfFQmHQ
gfFQmHQ
gfFQmHQ,QcRfGpw,gfFQmHQ,gfFQmHQ,WuTFyLlU,QcRfGpw
gfFQmHQ,jAl,QcRfGpw,gfFQmHQ,gfFQmHQ,WuTFyLlU,QcRfGpw,QcRfGpw,jAl
gfFQmHQ,jAl,QcRfGpw,gfFQmHQ,gfFQmHQ,WuTFyLlU,QcRfGpw,QcRfGpw,jAl
jAl
jAl
jAl
jAl,gfFQmHQ,gfFQmHQ,gfFQmHQ,QcRfGpw,QcRfGpw,jAl,QcRfGpw
jAl,gfFQmHQ,gfFQmHQ,gfFQmHQ,QcRfGpw,QcRfGpw,jAl,QcRfGpw
QcRfGpw
gfFQmHQ,gfFQmHQ,gfFQmHQ,QcRfGpw,jAl,jAl,QcRfGpw,QcRfGpw
gfFQmHQ,gfFQmHQ,gfFQmHQ,QcRfGpw,jAl,jAl,QcRfGpw,QcRfGpw
jAl
jAl
gfFQmHQ,gfFQmHQ,gfFQmHQ,QcRfGpw,jAl,jAl,QcRfGpw,QcRfGpw
gfFQmHQ,gfFQmHQ,gfFQmHQ,QcRfGpw,jAl,jAl,QcRfGpw,QcRfGpw,WuTFyLlU,QcRfGpw
gfFQmHQ,gfFQmHQ,gfFQmHQ,QcRfGpw,jAl,jAl,QcRfGpw,QcRfGpw,WuTFyLlU,QcRfGpw,gfFQmHQ
QcRfGpw
QcRfGpw
QcRfGpw
gfFQmHQ,gfFQmHQ,jAl,QcRfGpw,QcRfGpw,QcRfGpw
gfFQmHQ,gfFQmHQ,jAl,QcRfGpw,QcRfGpw,QcRfGpw,QcRfGpw
gfFQmHQ
gfFQmHQ
gfFQmHQ,gfFQmHQ,jAl,QcRfGpw,QcRfGpw,QcRfGpw
gfFQmHQ,gfFQmHQ,jAl,QcRfGpw,QcRfGpw,QcRfGpw
gfFQmHQ,gfFQmHQ,jAl,QcRfGpw,QcRfGpw,QcRfGpw
jAl,gfFQmHQ,gfFQmHQ,QcRfGpw,QcRfGpw,QcRfGpw
gfFQmHQ
gfFQmHQ,gfFQmHQ,jAl,QcRfGpw,QcRfGpw,QcRfGpw
gfFQmHQ
gfFQmHQ,jAl,QcRfGpw,QcRfGpw,QcRfGpw,WuTFyLlU
WuTFyLlU,gfFQmHQ,jAl,QcRfGpw,QcRfGpw,QcRfGpw,i
WuTFyLlU,gfFQmHQ,jAl,QcRfGpw,QcRfGpw,QcRfGpw,i
jAl,WuTFyLlU,gfFQmHQ,QcRfGpw,QcRfGpw,QcRfGpw,i
jAl,WuTFyLlU,gfFQmHQ,QcRfGpw,QcRfGpw,QcRfGpw,i
gfFQmHQ
gfFQmHQ
gfFQmHQ
jAl,WuTFyLlU,gfFQmHQ,QcRfGpw,QcRfGpw,QcRfGpw,i,jAl
QcRfGpw
jAl,QcRfGpw,QcRfGpw,i,jAl
QcRfGpw
jAl,QcRfGpw,QcRfGpw,i,jAl,QcRfGpw
jAl,QcRfGpw,QcRfGpw,i,jAl,QcRfGpw,jAl,QcRfGpw
jAl
QcRfGpw,jAl,WuTFyLlU,jAl,QcRfGpw,jAl,QcRfGpw
WuTFyLlU
QcRfGpw,jAl,WuTFyLlU,jAl,QcRfGpw,jAl,QcRfGpw
jAl
jAl
QcRfGpw,WuTFyLlU,jAl,QcRfGpw,jAl,QcRfGpw
jAl
WuTFyLlU,jAl,QcRfGpw,jAl,QcRfGpw,QcRfGpw,WuTFyLlU,jAl,i
WuTFyLlU
WuTFyLlU,QcRfGpw,jAl,QcRfGpw,QcRfGpw,WuTFyLlU,jAl
WuTFyLlU
WuTFyLlU,QcRfGpw,QcRfGpw,QcRfGpw,WuTFyLlU,jAl
WuTFyLlU,QcRfGpw,QcRfGpw,QcRfGpw,WuTFyLlU,jAl
WuTFyLlU
WuTFyLlU
WuTFyLlU,QcRfGpw,QcRfGpw,QcRfGpw,WuTFyLlU,jAl
WuTFyLlU
WuTFyLlU
WuTFyLlU,QcRfGpw,jAl,QcRfGpw,QcRfGpw,WuTFyLlU,jAl
WuTFyLlU,QcRfGpw,jAl,QcRfGpw,QcRfGpw,WuTFyLlU,jAl
WuTFyLlU
WuTFyLlU,jAl,QcRfGpw,QcRfGpw,WuTFyLlU,jAl,gfFQmHQ
WuTFyLlU,jAl,QcRfGpw,QcRfGpw,WuTFyLlU,jAl
jAl,QcRfGpw,QcRfGpw,WuTFyLlU,QcRfGpw,jAl
WuTFyLlU,QcRfGpw,jAl,QcRfGpw,QcRfGpw,WuTFyLlU,jAl
WuTFyLlU
WuTFyLlU
QcRfGpw
jAl
jAl
QcRfGpw,QcRfGpw,jAl,QcRfGpw,jAl,jAl,gfFQmHQ,i,gfFQmHQ,WuTFyLlU,i,jAl
QcRfGpw,jAl,QcRfGpw,QcRfGpw,WuTFyLlU,WuTFyLlU,jAl
WuTFyLlU
QcRfGpw
WuTFyLlU,jAl,QcRfGpw,QcRfGpw,WuTFyLlU,QcRfGpw,jAl,gfFQmHQ
QcRfGpw
WuTFyLlU,jAl,QcRfGpw,QcRfGpw,WuTFyLlU,QcRfGpw,jAl,QcRfGpw
QcRfGpw
WuTFyLlU,jAl,QcRfGpw,QcRfGpw,WuTFyLlU,QcRfGpw,jAl,QcRfGpw
QcRfGpw
jAl,QcRfGpw,QcRfGpw,QcRfGpw,jAl,QcRfGpw,i
jAl,QcRfGpw,QcRfGpw,QcRfGpw,jAl,QcRfGpw,i
jAl
i,jAl,QcRfGpw,QcRfGpw,QcRfGpw,jAl,QcRfGpw,WuTFyLlU,i,gfFQmHQ,i
i
jAl
jAl
jAl
jAl,QcRfGpw,QcRfGpw,jAl,QcRfGpw,i,gfFQmHQ
jAl,QcRfGpw,QcRfGpw,jAl,QcRfGpw,i,gfFQmHQ
QcRfGpw,jAl,QcRfGpw,jAl,QcRfGpw,i,gfFQmHQ
QcRfGpw
QcRfGpw
jAl,QcRfGpw,jAl,QcRfGpw,i
QcRfGpw
jAl,QcRfGpw,i,QcRfGpw,jAl,QcRfGpw
QcRfGpw,i,QcRfGpw,jAl,QcRfGpw,WuTFyLlU
QcRfGpw
QcRfGpw
jAl,QcRfGpw,QcRfGpw,jAl,QcRfGpw,i,i
jAl,QcRfGpw,QcRfGpw,jAl,QcRfGpw,i,i
jAl,QcRfGpw,QcRfGpw,jAl,QcRfGpw,i,i
jAl,QcRfGpw,QcRfGpw,jAl,QcRfGpw,i,i,WuTFyLlU
QcRfGpw
QcRfGpw,QcRfGpw,jAl,QcRfGpw,i
QcRfGpw
QcRfGpw
jAl,QcRfGpw,QcRfGpw,jAl,QcRfGpw,i,i
jAl,QcRfGpw,QcRfGpw,jAl,QcRfGpw,i,i
QcRfGpw
i
QcRfGpw
jAl
QcRfGpw,QcRfGpw,jAl,QcRfGpw
jAl
jAl
jAl
jAl
jAl
QcRfGpw,QcRfGpw,jAl,QcRfGpw,i,i
jAl,QcRfGpw,QcRfGpw,jAl,QcRfGpw,i,jAl
jAl,QcRfGpw,QcRfGpw,jAl,QcRfGpw,i
QcRfGpw
QcRfGpw
jAl,QcRfGpw,jAl,QcRfGpw,i,jAl
jAl,QcRfGpw,jAl,QcRfGpw,i,jAl
jAl,QcRfGpw,jAl,QcRfGpw,i,jAl,i
QcRfGpw
QcRfGpw
jAl,QcRfGpw,jAl,QcRfGpw,jAl,i,i
QcRfGpw
Jedi Wagner, assuma o comando!