Toque! Toque, Dijê!
Toque! Toque, Dijê!
Toque! Toque, Dijê!
[vazia]
[vazia]
[vazia]
EiV
Toque! Toque, Dijê!
Toque! Toque, Dijê!
Toque! Toque, Dijê!
[vazia]
[vazia]
Toque! Toque, Dijê!
Toque! Toque, Dijê!
Toque! Toque, Dijê!
[vazia]
[vazia]
[vazia]
EiV
Toque! Toque, Dijê!
QhVYu
Toque! Toque, Dijê!
LUh
LUh,mDr
LUh
LUh
pmrYA
pmrYA
pmrYA
pmrYA,mDr,EiV
pmrYA,mDr,EiV
[vazia]
mDr
mDr
mDr
mDr
mDr
mDr
mDr
mDr
mDr
mDr
mDr
mDr,mDr
mDr,mDr,mDr
QhVYu
QhVYu
QhVYu
QhVYu
mDr,mDr,mDr,QhVYu,mDr,mDr,U
mDr,mDr,mDr,QhVYu
mDr,mDr,mDr,QhVYu
mDr
mDr
mDr,mDr,mDr,QhVYu
QhVYu
QhVYu
mDr,mDr,mDr,QhVYu
mDr,mDr,mDr,QhVYu,mDr
QhVYu
mDr
QhVYu
mDr,mDr,mDr,QhVYu,mDr,QhVYu,eEjB,EiV,EIShABfRb
mDr,mDr,mDr,QhVYu,mDr,QhVYu,eEjB,EiV,EIShABfRb,U,mDr
EiV
EiV
EiV
mDr,mDr,mDr,QhVYu,EiV,mDr,QhVYu,eEjB,EIShABfRb,U,mDr,QhVYu,EiV
mDr
mDr,mDr,mDr,QhVYu,EiV,mDr,eEjB,QhVYu,EIShABfRb,U,mDr,QhVYu,EiV,EiV
mDr,mDr,mDr,QhVYu,EiV,mDr,QhVYu,eEjB,EIShABfRb,U,mDr,QhVYu,EiV,EiV
mDr,mDr,QhVYu,mDr,QhVYu,EiV,eEjB,EIShABfRb,U,mDr,QhVYu,EiV,EiV,EIShABfRb
mDr,mDr,mDr,EiV,mDr,eEjB,QhVYu,EIShABfRb,U,mDr,QhVYu,EiV,EiV,mDr
mDr,mDr,mDr,EiV,mDr,eEjB,QhVYu,EIShABfRb,U,mDr,QhVYu,EiV,EiV,mDr
mDr,mDr,mDr,EiV,mDr,eEjB,QhVYu,EIShABfRb,U,mDr,QhVYu,EiV,EiV,mDr
QhVYu
QhVYu
mDr,mDr,mDr,mDr,eEjB,QhVYu,mDr,QhVYu,EiV,EiV,mDr,eEjB,QhVYu,EiV
mDr,mDr,mDr,mDr,eEjB,QhVYu,mDr,QhVYu,EiV,EiV,mDr,eEjB,QhVYu,EiV
QhVYu
mDr,mDr,mDr,eEjB,QhVYu,LUh,mDr,QhVYu,EiV,EiV,mDr,eEjB,QhVYu,EiV
mDr,mDr,mDr,eEjB,QhVYu,LUh,mDr,QhVYu,EiV,EiV,mDr,eEjB,QhVYu,EiV
mDr,mDr,eEjB,QhVYu,mDr,QhVYu,EiV,EiV,mDr,eEjB,QhVYu,EiV
QhVYu
mDr,mDr,eEjB,QhVYu,mDr,QhVYu,EiV,EiV,mDr,eEjB,QhVYu,EiV
mDr,mDr,eEjB,QhVYu,mDr,QhVYu,EiV,EiV,mDr,eEjB,QhVYu,EiV
mDr
mDr
mDr,mDr,eEjB,QhVYu,mDr,QhVYu,EiV,EiV,mDr,eEjB,QhVYu,EiV,eEjB,LUh
mDr
mDr,mDr,eEjB,mDr,QhVYu,EiV,EiV,mDr,eEjB,QhVYu,EiV,eEjB,LUh,QhVYu
mDr,mDr,QhVYu,eEjB,EiV,EiV,mDr,eEjB,QhVYu,EiV,eEjB,LUh,eEjB,U
mDr,mDr,QhVYu,eEjB,EiV,EiV,mDr,eEjB,QhVYu,EiV,eEjB,LUh,eEjB,U,U
mDr,mDr,QhVYu,eEjB,EiV,EiV,mDr,eEjB,QhVYu,EiV,eEjB,LUh,eEjB,U,U,QhVYu
EiV
EiV
mDr,mDr,eEjB,EiV,EiV,mDr,eEjB,QhVYu,EiV,eEjB,LUh,eEjB,U,U
EiV
mDr,mDr,eEjB,EiV,EiV,mDr,eEjB,QhVYu,EiV,eEjB,LUh,eEjB,U,U,mDr
mDr,eEjB,EiV,EiV,mDr,mDr,eEjB,EiV,eEjB,eEjB,U,U,mDr
mDr,eEjB,EiV,EiV,mDr,mDr,eEjB,EiV,eEjB,eEjB,U,mDr,EIShABfRb
EiV
EiV
EiV
mDr,mDr,eEjB,EiV,EiV,mDr,eEjB,QhVYu,EiV,eEjB,LUh,eEjB,U,U
mDr
mDr
mDr,mDr,EiV,EiV,mDr,eEjB,QhVYu,EiV,eEjB,LUh,eEjB,U,U,LUh
eEjB
mDr,mDr,EiV,mDr,eEjB,EiV,QhVYu,EiV,eEjB,LUh,eEjB,U,U,LUh,pmrYA
mDr,mDr,mDr,eEjB,U,EiV,QhVYu,EiV,eEjB,LUh,eEjB,U,LUh,pmrYA
mDr,mDr,mDr,eEjB,U,EiV,QhVYu,EiV,eEjB,LUh,eEjB,U,LUh,pmrYA,EIShABfRb
mDr,mDr,eEjB,U,mDr,EiV,EiV,eEjB,LUh,eEjB,U,LUh,pmrYA,EIShABfRb
QhVYu
mDr,mDr,mDr,eEjB,U,EiV,QhVYu,EiV,eEjB,eEjB,U,LUh,pmrYA,eEjB
mDr,mDr,mDr,eEjB,U,EiV,QhVYu,EiV,eEjB,eEjB,U,LUh,pmrYA,eEjB
eEjB
mDr,mDr,eEjB,U,EiV,QhVYu,EiV,eEjB,eEjB,U,LUh,pmrYA,eEjB,QhVYu
mDr,mDr,mDr,eEjB,U,EiV,QhVYu,EiV,eEjB,eEjB,U,LUh,pmrYA,eEjB,QhVYu,QhVYu
mDr,mDr,mDr,eEjB,U,QhVYu,EiV,eEjB,eEjB,EiV,U,LUh,pmrYA,eEjB,QhVYu
mDr,mDr,mDr,eEjB,U,EiV,QhVYu,EiV,eEjB,eEjB,U,LUh,pmrYA,eEjB,QhVYu
mDr,mDr,mDr,eEjB,U,EiV,QhVYu,EiV,eEjB,eEjB,U,LUh,pmrYA,eEjB,QhVYu
mDr,mDr,mDr,U,EiV,QhVYu,EiV,pmrYA,eEjB,U,LUh,eEjB,QhVYu
mDr,mDr,mDr,U,EiV,QhVYu,EiV,eEjB,U,pmrYA,LUh,eEjB,QhVYu
mDr,mDr,mDr,U,EiV,QhVYu,EiV,eEjB,U,pmrYA,LUh,eEjB,QhVYu
pmrYA
LUh
mDr,mDr,U,EiV,QhVYu,EiV,eEjB,U,pmrYA,LUh,eEjB,QhVYu,pmrYA,LUh,mDr
mDr,mDr,U,EiV,QhVYu,EiV,eEjB,U,pmrYA,LUh,eEjB,QhVYu,pmrYA,LUh,mDr
mDr,mDr,U,EiV,QhVYu,EiV,eEjB,U,pmrYA,LUh,eEjB,QhVYu,pmrYA,LUh,mDr
mDr,mDr,U,EiV,EiV,U,pmrYA,LUh,eEjB,QhVYu,pmrYA,LUh,mDr,pmrYA
QhVYu
U
mDr,U,EiV,EiV,eEjB,U,pmrYA,LUh,eEjB,QhVYu,mDr,pmrYA,LUh,mDr,EiV,mDr,QhVYu
mDr,U,EiV,EiV,eEjB,U,LUh,eEjB,QhVYu,mDr,pmrYA,pmrYA,LUh,mDr,EiV,mDr,QhVYu
pmrYA
mDr,U,EiV,EiV,eEjB,U,LUh,eEjB,QhVYu,mDr,pmrYA,pmrYA,LUh,mDr,EiV,mDr,QhVYu
pmrYA
mDr,U,EiV,EiV,eEjB,U,LUh,eEjB,mDr,pmrYA,LUh,mDr,EiV,mDr,QhVYu
U,EiV,EiV,U,eEjB,mDr,pmrYA,LUh,eEjB,mDr,mDr,EiV,mDr,QhVYu
mDr
U,EiV,EiV,U,eEjB,mDr,LUh,eEjB,mDr,pmrYA,mDr,EiV,mDr,QhVYu,U,EIShABfRb
U,EiV,EiV,U,eEjB,mDr,LUh,eEjB,mDr,pmrYA,mDr,EiV,mDr,QhVYu,U,EIShABfRb,mDr,eEjB
pmrYA
pmrYA
mDr,U,EiV,EiV,U,pmrYA,LUh,eEjB,mDr,pmrYA,LUh,eEjB,mDr,EiV,mDr,QhVYu,QhVYu,eEjB
LUh
mDr,U,EiV,EiV,eEjB,U,pmrYA,LUh,eEjB,mDr,pmrYA,LUh,mDr,EiV,mDr,QhVYu
mDr,U,EiV,EiV,eEjB,U,pmrYA,LUh,eEjB,mDr,pmrYA,LUh,mDr,EiV,mDr,QhVYu
mDr,EiV,EiV,eEjB,U,pmrYA,eEjB,mDr,pmrYA,LUh,U,mDr,EiV,mDr,QhVYu
U
mDr,EiV,U,pmrYA,eEjB,mDr,pmrYA,LUh,U,mDr,EiV,EiV,mDr,QhVYu
mDr
mDr
mDr,EiV,U,eEjB,mDr,pmrYA,LUh,U,mDr,EiV,EiV,mDr,EiV,eEjB
mDr
EiV
EiV,EiV,U,pmrYA,eEjB,mDr,pmrYA,LUh,U,mDr,EiV,mDr,QhVYu,LUh
EiV,EiV,U,pmrYA,eEjB,mDr,pmrYA,LUh,U,mDr,EiV,mDr,LUh
EiV,EiV,U,pmrYA,eEjB,mDr,pmrYA,LUh,U,mDr,QhVYu,EiV,mDr,LUh
EiV,EiV,U,pmrYA,eEjB,mDr,pmrYA,LUh,U,mDr,QhVYu,EiV,mDr,LUh
QhVYu
EiV,EiV,U,eEjB,mDr,pmrYA,LUh,U,mDr,EiV,mDr,LUh,pmrYA
mDr
mDr
EiV,U,eEjB,mDr,LUh,U,mDr,EiV,mDr,LUh,pmrYA,pmrYA
LUh
pmrYA
EiV,eEjB,mDr,U,mDr,EiV,mDr,LUh,U,pmrYA,LUh,pmrYA,LUh
EiV,eEjB,mDr,U,mDr,EiV,mDr,LUh,U,pmrYA,LUh,pmrYA,LUh,U,mDr
EiV,eEjB,mDr,LUh,U,mDr,EiV,mDr,LUh,U,pmrYA,pmrYA,LUh
EiV,eEjB,mDr,LUh,U,mDr,EiV,mDr,LUh,U,pmrYA,pmrYA,LUh,eEjB,LUh,EiV
pmrYA
EiV,eEjB,LUh,U,mDr,EiV,mDr,LUh,U,pmrYA,pmrYA,LUh,eEjB,LUh
pmrYA
pmrYA
pmrYA
pmrYA
pmrYA
pmrYA
EiV,LUh,mDr,EiV,mDr,LUh,U,pmrYA,pmrYA,LUh,LUh,EiV,QhVYu
EiV
EiV
LUh,mDr,EiV,mDr,LUh,U,pmrYA,pmrYA,QhVYu,EiV,LUh,LUh,EiV,LUh
LUh,mDr,EiV,mDr,LUh,U,pmrYA,QhVYu,pmrYA,EiV,LUh,LUh,EiV,LUh,eEjB
pmrYA
pmrYA
pmrYA
mDr,EiV,mDr,U,pmrYA,pmrYA,LUh,EiV,LUh,LUh,EiV,LUh,pmrYA,EiV,pmrYA,U
LUh
EiV,mDr,U,pmrYA,LUh,EiV,LUh,LUh,EiV,LUh,pmrYA,EiV,pmrYA,U
pmrYA
EiV,LUh,mDr,EiV,mDr,LUh,pmrYA,U,LUh,eEjB,LUh,EiV
EiV,LUh,mDr,EiV,mDr,LUh,pmrYA,U,LUh,eEjB,LUh,EiV
LUh
LUh
LUh
EiV,LUh,mDr,EiV,mDr,LUh,pmrYA,U,LUh,eEjB,LUh,EiV
LUh
EiV,mDr,EiV,mDr,LUh,pmrYA,U,LUh,LUh,eEjB,LUh,EiV
EiV,mDr,EiV,mDr,LUh,pmrYA,U,LUh,LUh,eEjB,LUh,EiV
EiV,mDr,EiV,mDr,pmrYA,LUh,LUh,eEjB,LUh,LUh,EiV
eEjB
EiV,mDr,EiV,mDr,LUh,LUh,eEjB,LUh,LUh,EiV,U
EiV,mDr,EiV,mDr,LUh,LUh,eEjB,LUh,LUh,EiV,LUh,U
LUh
EiV,mDr,EiV,mDr,LUh,LUh,eEjB,LUh,LUh,EiV,LUh,U,pmrYA
EiV,mDr,EiV,mDr,LUh,LUh,eEjB,LUh,LUh,EiV,LUh,U,pmrYA
EiV,mDr,EiV,mDr,LUh,LUh,eEjB,LUh,LUh,EiV,LUh,U,pmrYA
EiV,mDr,EiV,mDr,LUh,LUh,eEjB,LUh,LUh,EiV,LUh,U,pmrYA
Jedi Wagner, assuma o comando!