Toque! Toque, Dijê!
[vazia]
[vazia]
Toque! Toque, Dijê!
mQ
mQ,K
mQ
mQ,K
mQ,K,qKhFUE
K
mQ,K,qKhFUE
K
qKhFUE
qKhFUE
qKhFUE
jzwMqM,qKhFUE,K,K,jzwMqM
jzwMqM
jzwMqM,qKhFUE,K,jzwMqM
jzwMqM,qKhFUE,K,jzwMqM,dwzzF,jzwMqM,mQ
jzwMqM
jzwMqM
jzwMqM,qKhFUE,K,jzwMqM,dwzzF,jzwMqM,mQ
qKhFUE
jzwMqM,qKhFUE,K,jzwMqM,dwzzF,jzwMqM,mQ,qKhFUE,ranq
jzwMqM,qKhFUE,K,jzwMqM,dwzzF,jzwMqM,mQ,qKhFUE,ranq,jzwMqM
qKhFUE
K
jzwMqM,qKhFUE,K,jzwMqM,dwzzF,jzwMqM,mQ,jzwMqM
jzwMqM
mQ
jzwMqM,qKhFUE,K,jzwMqM,dwzzF,jzwMqM,mQ,jzwMqM,qKhFUE
jzwMqM,qKhFUE,K,jzwMqM,dwzzF,jzwMqM,mQ,jzwMqM,qKhFUE
dwzzF
jzwMqM
K
K
jzwMqM,qKhFUE,K,jzwMqM,jzwMqM,jzwMqM,qKhFUE,K
jzwMqM,qKhFUE,K,jzwMqM,jzwMqM,mQ,jzwMqM,qKhFUE,K,mQ
K,jzwMqM,jzwMqM,jzwMqM,jzwMqM,qKhFUE,mQ
jzwMqM,qKhFUE,K,jzwMqM,jzwMqM,mQ,jzwMqM,qKhFUE,K
jzwMqM
jzwMqM
qKhFUE
qKhFUE,jzwMqM,K,jzwMqM,jzwMqM,mQ,jzwMqM,qKhFUE,K
jzwMqM,qKhFUE,K,jzwMqM,jzwMqM,mQ,jzwMqM,qKhFUE,K
jzwMqM,qKhFUE,jzwMqM,jzwMqM,mQ,jzwMqM,qKhFUE,K
jzwMqM
jzwMqM,jzwMqM,jzwMqM,mQ,jzwMqM,qKhFUE,K,YVsseU
jzwMqM,jzwMqM,jzwMqM,mQ,jzwMqM,qKhFUE,K,YVsseU
jzwMqM,jzwMqM,jzwMqM,mQ,jzwMqM,qKhFUE,K,mQ,Ozcf,iURXavOoOg
jzwMqM,jzwMqM,jzwMqM,mQ,jzwMqM,qKhFUE,mQ,iURXavOoOg,iURXavOoOg
jzwMqM,jzwMqM,jzwMqM,mQ,jzwMqM,qKhFUE,mQ,Ozcf,iURXavOoOg,iURXavOoOg
jzwMqM
jzwMqM,jzwMqM,jzwMqM,mQ,jzwMqM,qKhFUE,mQ,Ozcf,iURXavOoOg,iURXavOoOg,iURXavOoOg,mQ
jzwMqM,jzwMqM,jzwMqM,mQ,jzwMqM,qKhFUE,mQ,Ozcf,iURXavOoOg,iURXavOoOg,iURXavOoOg,mQ,Ozcf
jzwMqM,jzwMqM,jzwMqM,mQ,jzwMqM,qKhFUE,mQ,Ozcf,iURXavOoOg,iURXavOoOg,iURXavOoOg,mQ,Ozcf,jzwMqM,YVsseU
jzwMqM,jzwMqM,jzwMqM,mQ,jzwMqM,qKhFUE,mQ,Ozcf,iURXavOoOg,iURXavOoOg
jzwMqM
jzwMqM,jzwMqM,jzwMqM,mQ,jzwMqM,qKhFUE,mQ,Ozcf,iURXavOoOg,iURXavOoOg,YVsseU
jzwMqM
jzwMqM,jzwMqM,jzwMqM,mQ,Ozcf,jzwMqM,qKhFUE,mQ,iURXavOoOg,iURXavOoOg,YVsseU
jzwMqM,jzwMqM,jzwMqM,mQ,Ozcf,jzwMqM,qKhFUE,mQ,iURXavOoOg,iURXavOoOg,YVsseU
jzwMqM
jzwMqM
jzwMqM
mQ
mQ
jzwMqM,jzwMqM,jzwMqM,mQ,dwzzF,Ozcf,jzwMqM,qKhFUE,mQ,iURXavOoOg,YVsseU,qKhFUE
dwzzF
jzwMqM,jzwMqM,jzwMqM,mQ,dwzzF,Ozcf,jzwMqM,qKhFUE,mQ,YVsseU,qKhFUE,qKhFUE
dwzzF
jzwMqM,jzwMqM,jzwMqM,mQ,dwzzF,Ozcf,jzwMqM,qKhFUE,mQ,iURXavOoOg,YVsseU,qKhFUE
jzwMqM,jzwMqM,jzwMqM,mQ,dwzzF,Ozcf,jzwMqM,qKhFUE,mQ,iURXavOoOg,YVsseU,qKhFUE
dwzzF
dwzzF
dwzzF
jzwMqM,jzwMqM,mQ,Ozcf,jzwMqM,jzwMqM,qKhFUE,mQ,iURXavOoOg,YVsseU,qKhFUE
Ozcf
Ozcf
jzwMqM,jzwMqM,mQ,Ozcf,jzwMqM,jzwMqM,qKhFUE,mQ,iURXavOoOg,YVsseU,qKhFUE
Ozcf
jzwMqM,jzwMqM,mQ,Ozcf,jzwMqM,jzwMqM,qKhFUE,mQ,iURXavOoOg,YVsseU,qKhFUE
jzwMqM,jzwMqM,jzwMqM,mQ,dwzzF,Ozcf,jzwMqM,qKhFUE,mQ,iURXavOoOg,YVsseU,qKhFUE
Ozcf
jzwMqM,jzwMqM,jzwMqM,mQ,dwzzF,Ozcf,jzwMqM,qKhFUE,mQ,iURXavOoOg,YVsseU,qKhFUE
jzwMqM,jzwMqM,jzwMqM,mQ,dwzzF,Ozcf,jzwMqM,qKhFUE,mQ,iURXavOoOg,YVsseU,qKhFUE
jzwMqM,jzwMqM,jzwMqM,mQ,dwzzF,Ozcf,jzwMqM,qKhFUE,mQ,iURXavOoOg,YVsseU,qKhFUE
qKhFUE
jzwMqM,jzwMqM,jzwMqM,mQ,dwzzF,Ozcf,jzwMqM,qKhFUE,mQ,iURXavOoOg,YVsseU,qKhFUE
jzwMqM,jzwMqM,jzwMqM,mQ,dwzzF,Ozcf,jzwMqM,qKhFUE,mQ,iURXavOoOg,YVsseU,qKhFUE
jzwMqM,jzwMqM,mQ,dwzzF,Ozcf,jzwMqM,qKhFUE,jzwMqM,mQ,iURXavOoOg,YVsseU,qKhFUE
jzwMqM,jzwMqM,mQ,dwzzF,Ozcf,jzwMqM,qKhFUE,jzwMqM,mQ,iURXavOoOg,YVsseU,qKhFUE
mQ
jzwMqM,jzwMqM,mQ,dwzzF,Ozcf,jzwMqM,qKhFUE,jzwMqM,mQ,iURXavOoOg,YVsseU,qKhFUE
mQ
mQ
jzwMqM,jzwMqM,mQ,dwzzF,Ozcf,jzwMqM,qKhFUE,jzwMqM,mQ,iURXavOoOg,YVsseU,qKhFUE
jzwMqM,jzwMqM,mQ,dwzzF,Ozcf,jzwMqM,jzwMqM,mQ,iURXavOoOg,qKhFUE,YVsseU,qKhFUE
YVsseU
jzwMqM,jzwMqM,mQ,dwzzF,Ozcf,jzwMqM,jzwMqM,mQ,YVsseU,iURXavOoOg,qKhFUE,qKhFUE,iURXavOoOg
jzwMqM
YVsseU
YVsseU
jzwMqM,qKhFUE,jzwMqM,mQ,iURXavOoOg,jzwMqM,YVsseU,dwzzF,Ozcf,qKhFUE,qKhFUE,ranq,mQ,iURXavOoOg
YVsseU
mQ,dwzzF,Ozcf,jzwMqM,jzwMqM,mQ,iURXavOoOg,jzwMqM,YVsseU,qKhFUE,qKhFUE,qKhFUE
mQ,dwzzF,Ozcf,jzwMqM,jzwMqM,mQ,iURXavOoOg,jzwMqM,YVsseU,qKhFUE,qKhFUE,qKhFUE
qKhFUE
YVsseU
mQ,dwzzF,Ozcf,jzwMqM,qKhFUE,jzwMqM,mQ,iURXavOoOg,jzwMqM,YVsseU,qKhFUE,qKhFUE
YVsseU
YVsseU
YVsseU
YVsseU
mQ,dwzzF,Ozcf,jzwMqM,qKhFUE,jzwMqM,mQ,iURXavOoOg,jzwMqM,YVsseU,qKhFUE,qKhFUE
mQ,dwzzF,Ozcf,jzwMqM,qKhFUE,jzwMqM,mQ,iURXavOoOg,jzwMqM,YVsseU,qKhFUE,qKhFUE
YVsseU
YVsseU
Ozcf,jzwMqM,qKhFUE,jzwMqM,mQ,iURXavOoOg,jzwMqM,YVsseU,mQ,dwzzF,qKhFUE,qKhFUE,Ozcf,jzwMqM
Ozcf,jzwMqM,qKhFUE,jzwMqM,mQ,iURXavOoOg,jzwMqM,YVsseU,mQ,dwzzF,qKhFUE,qKhFUE,Ozcf,jzwMqM
Jedi Wagner, assuma o comando!