[vazia]
[vazia]
Toque! Toque, Dijê!
BokbVfLBLk,BokbVfLBLk
BokbVfLBLk,BokbVfLBLk
BokbVfLBLk
BokbVfLBLk
BokbVfLBLk
BokbVfLBLk,BokbVfLBLk
BokbVfLBLk
BokbVfLBLk,BokbVfLBLk,BokbVfLBLk,BokbVfLBLk
BokbVfLBLk,BokbVfLBLk,BokbVfLBLk,BokbVfLBLk
BokbVfLBLk
BokbVfLBLk,BokbVfLBLk,BokbVfLBLk
BokbVfLBLk,BokbVfLBLk,BokbVfLBLk
BokbVfLBLk
BokbVfLBLk,BokbVfLBLk,BokbVfLBLk,BokbVfLBLk
BokbVfLBLk,BokbVfLBLk,BokbVfLBLk,BokbVfLBLk
BokbVfLBLk
BokbVfLBLk,BokbVfLBLk,BokbVfLBLk,BokbVfLBLk
BokbVfLBLk,BokbVfLBLk,BokbVfLBLk
BokbVfLBLk,BokbVfLBLk
BokbVfLBLk,BokbVfLBLk,BokbVfLBLk,BokbVfLBLk,BokbVfLBLk
BokbVfLBLk,BokbVfLBLk,BokbVfLBLk,BokbVfLBLk,BokbVfLBLk
BokbVfLBLk,BokbVfLBLk,BokbVfLBLk,BokbVfLBLk,BokbVfLBLk,BokbVfLBLk,BokbVfLBLk
BokbVfLBLk
BokbVfLBLk,BokbVfLBLk,BokbVfLBLk,BokbVfLBLk,BokbVfLBLk,BokbVfLBLk
BokbVfLBLk,BokbVfLBLk,BokbVfLBLk,BokbVfLBLk,BokbVfLBLk
BokbVfLBLk
BokbVfLBLk
BokbVfLBLk
BokbVfLBLk,BokbVfLBLk,BokbVfLBLk,BokbVfLBLk,BokbVfLBLk
BokbVfLBLk
BokbVfLBLk
BokbVfLBLk
BokbVfLBLk
BokbVfLBLk,BokbVfLBLk,BokbVfLBLk,BokbVfLBLk,BokbVfLBLk,BokbVfLBLk
BokbVfLBLk,BokbVfLBLk,BokbVfLBLk,BokbVfLBLk,BokbVfLBLk,BokbVfLBLk
BokbVfLBLk,BokbVfLBLk,BokbVfLBLk,BokbVfLBLk,BokbVfLBLk,BokbVfLBLk
BokbVfLBLk
BokbVfLBLk
BokbVfLBLk,BokbVfLBLk,BokbVfLBLk,BokbVfLBLk,BokbVfLBLk,BokbVfLBLk,BokbVfLBLk,BokbVfLBLk
BokbVfLBLk,BokbVfLBLk,BokbVfLBLk,BokbVfLBLk,BokbVfLBLk,BokbVfLBLk,BokbVfLBLk,BokbVfLBLk,BokbVfLBLk
BokbVfLBLk,BokbVfLBLk,BokbVfLBLk,BokbVfLBLk,BokbVfLBLk,BokbVfLBLk,BokbVfLBLk,BokbVfLBLk
BokbVfLBLk
BokbVfLBLk,BokbVfLBLk,BokbVfLBLk,BokbVfLBLk,BokbVfLBLk,BokbVfLBLk,BokbVfLBLk
BokbVfLBLk
BokbVfLBLk,BokbVfLBLk,BokbVfLBLk,BokbVfLBLk,BokbVfLBLk,BokbVfLBLk,BokbVfLBLk
BokbVfLBLk,BokbVfLBLk,BokbVfLBLk,BokbVfLBLk,BokbVfLBLk,BokbVfLBLk,BokbVfLBLk
BokbVfLBLk
BokbVfLBLk,BokbVfLBLk,BokbVfLBLk,BokbVfLBLk,BokbVfLBLk,BokbVfLBLk,BokbVfLBLk
BokbVfLBLk
BokbVfLBLk
BokbVfLBLk
BokbVfLBLk,BokbVfLBLk,BokbVfLBLk,BokbVfLBLk,BokbVfLBLk,BokbVfLBLk,BokbVfLBLk
BokbVfLBLk
BokbVfLBLk
BokbVfLBLk
BokbVfLBLk
BokbVfLBLk,BokbVfLBLk,BokbVfLBLk,BokbVfLBLk,BokbVfLBLk,BokbVfLBLk
BokbVfLBLk
BokbVfLBLk
BokbVfLBLk
BokbVfLBLk,BokbVfLBLk,BokbVfLBLk,BokbVfLBLk,BokbVfLBLk,BokbVfLBLk,BokbVfLBLk
BokbVfLBLk,BokbVfLBLk,BokbVfLBLk,BokbVfLBLk,BokbVfLBLk,BokbVfLBLk,BokbVfLBLk
BokbVfLBLk
BokbVfLBLk,BokbVfLBLk,BokbVfLBLk,BokbVfLBLk,BokbVfLBLk,BokbVfLBLk,BokbVfLBLk
BokbVfLBLk
BokbVfLBLk,BokbVfLBLk,BokbVfLBLk,BokbVfLBLk,BokbVfLBLk,BokbVfLBLk
BokbVfLBLk
BokbVfLBLk
BokbVfLBLk,BokbVfLBLk,BokbVfLBLk,BokbVfLBLk,BokbVfLBLk,BokbVfLBLk,BokbVfLBLk,BokbVfLBLk
BokbVfLBLk
BokbVfLBLk,BokbVfLBLk,BokbVfLBLk,BokbVfLBLk,BokbVfLBLk,BokbVfLBLk,BokbVfLBLk,BokbVfLBLk,BokbVfLBLk
BokbVfLBLk,BokbVfLBLk,BokbVfLBLk,BokbVfLBLk,BokbVfLBLk,BokbVfLBLk,BokbVfLBLk,BokbVfLBLk
BokbVfLBLk,BokbVfLBLk,BokbVfLBLk,BokbVfLBLk,BokbVfLBLk,BokbVfLBLk,BokbVfLBLk,BokbVfLBLk
BokbVfLBLk,BokbVfLBLk,BokbVfLBLk,BokbVfLBLk,BokbVfLBLk,BokbVfLBLk,BokbVfLBLk,BokbVfLBLk
BokbVfLBLk,BokbVfLBLk,BokbVfLBLk,BokbVfLBLk,BokbVfLBLk,BokbVfLBLk,BokbVfLBLk,BokbVfLBLk
BokbVfLBLk,BokbVfLBLk,BokbVfLBLk,BokbVfLBLk,BokbVfLBLk,BokbVfLBLk,BokbVfLBLk,BokbVfLBLk
BokbVfLBLk,BokbVfLBLk,BokbVfLBLk,BokbVfLBLk,BokbVfLBLk,BokbVfLBLk,BokbVfLBLk,BokbVfLBLk,BokbVfLBLk
BokbVfLBLk
BokbVfLBLk,BokbVfLBLk,BokbVfLBLk,BokbVfLBLk,BokbVfLBLk,BokbVfLBLk,BokbVfLBLk,BokbVfLBLk,BokbVfLBLk
BokbVfLBLk,BokbVfLBLk,BokbVfLBLk,BokbVfLBLk,BokbVfLBLk,BokbVfLBLk,BokbVfLBLk,BokbVfLBLk,BokbVfLBLk
BokbVfLBLk
BokbVfLBLk,BokbVfLBLk,BokbVfLBLk,BokbVfLBLk,BokbVfLBLk,BokbVfLBLk,BokbVfLBLk,BokbVfLBLk
BokbVfLBLk
BokbVfLBLk,BokbVfLBLk,BokbVfLBLk,BokbVfLBLk,BokbVfLBLk,BokbVfLBLk,BokbVfLBLk
BokbVfLBLk,BokbVfLBLk,BokbVfLBLk,BokbVfLBLk,BokbVfLBLk,BokbVfLBLk,BokbVfLBLk,BokbVfLBLk
BokbVfLBLk,BokbVfLBLk,BokbVfLBLk,BokbVfLBLk,BokbVfLBLk,BokbVfLBLk,BokbVfLBLk,BokbVfLBLk
BokbVfLBLk,BokbVfLBLk,BokbVfLBLk,BokbVfLBLk,BokbVfLBLk,BokbVfLBLk,BokbVfLBLk,BokbVfLBLk,BokbVfLBLk
BokbVfLBLk,BokbVfLBLk,BokbVfLBLk,BokbVfLBLk,BokbVfLBLk,BokbVfLBLk,BokbVfLBLk,BokbVfLBLk,BokbVfLBLk
BokbVfLBLk
BokbVfLBLk,BokbVfLBLk,BokbVfLBLk,BokbVfLBLk,BokbVfLBLk,BokbVfLBLk,BokbVfLBLk,BokbVfLBLk,BokbVfLBLk,BokbVfLBLk
BokbVfLBLk
BokbVfLBLk,BokbVfLBLk,BokbVfLBLk,BokbVfLBLk,BokbVfLBLk,BokbVfLBLk,BokbVfLBLk,BokbVfLBLk,BokbVfLBLk,BokbVfLBLk
BokbVfLBLk
BokbVfLBLk
BokbVfLBLk,BokbVfLBLk,BokbVfLBLk,BokbVfLBLk,BokbVfLBLk,BokbVfLBLk,BokbVfLBLk,BokbVfLBLk,BokbVfLBLk,BokbVfLBLk,BokbVfLBLk
BokbVfLBLk,BokbVfLBLk,BokbVfLBLk,BokbVfLBLk,BokbVfLBLk,BokbVfLBLk,BokbVfLBLk,BokbVfLBLk,BokbVfLBLk,BokbVfLBLk,BokbVfLBLk
BokbVfLBLk,BokbVfLBLk,BokbVfLBLk,BokbVfLBLk,BokbVfLBLk,BokbVfLBLk,BokbVfLBLk,BokbVfLBLk,BokbVfLBLk,BokbVfLBLk,BokbVfLBLk
BokbVfLBLk,BokbVfLBLk,BokbVfLBLk,BokbVfLBLk,BokbVfLBLk,BokbVfLBLk,BokbVfLBLk,BokbVfLBLk,BokbVfLBLk,BokbVfLBLk,BokbVfLBLk,BokbVfLBLk
BokbVfLBLk,BokbVfLBLk,BokbVfLBLk,BokbVfLBLk,BokbVfLBLk,BokbVfLBLk,BokbVfLBLk,BokbVfLBLk,BokbVfLBLk,BokbVfLBLk,BokbVfLBLk,BokbVfLBLk
BokbVfLBLk,BokbVfLBLk,BokbVfLBLk,BokbVfLBLk,BokbVfLBLk,BokbVfLBLk,BokbVfLBLk,BokbVfLBLk,BokbVfLBLk,BokbVfLBLk,BokbVfLBLk,BokbVfLBLk
BokbVfLBLk,BokbVfLBLk,BokbVfLBLk,BokbVfLBLk,BokbVfLBLk,BokbVfLBLk,BokbVfLBLk,BokbVfLBLk,BokbVfLBLk,BokbVfLBLk,BokbVfLBLk
BokbVfLBLk
BokbVfLBLk
BokbVfLBLk,BokbVfLBLk,BokbVfLBLk,BokbVfLBLk,BokbVfLBLk,BokbVfLBLk,BokbVfLBLk,BokbVfLBLk,BokbVfLBLk,BokbVfLBLk
BokbVfLBLk,BokbVfLBLk,BokbVfLBLk,BokbVfLBLk,BokbVfLBLk,BokbVfLBLk,BokbVfLBLk,BokbVfLBLk,BokbVfLBLk,BokbVfLBLk,BokbVfLBLk
BokbVfLBLk,BokbVfLBLk,BokbVfLBLk,BokbVfLBLk,BokbVfLBLk,BokbVfLBLk,BokbVfLBLk,BokbVfLBLk,BokbVfLBLk,BokbVfLBLk,BokbVfLBLk,BokbVfLBLk
BokbVfLBLk
BokbVfLBLk,BokbVfLBLk,BokbVfLBLk,BokbVfLBLk,BokbVfLBLk,BokbVfLBLk,BokbVfLBLk,BokbVfLBLk,BokbVfLBLk,BokbVfLBLk,BokbVfLBLk,BokbVfLBLk
BokbVfLBLk,BokbVfLBLk,BokbVfLBLk,BokbVfLBLk,BokbVfLBLk,BokbVfLBLk,BokbVfLBLk,BokbVfLBLk,BokbVfLBLk,BokbVfLBLk,BokbVfLBLk,BokbVfLBLk
BokbVfLBLk
BokbVfLBLk
BokbVfLBLk,BokbVfLBLk,BokbVfLBLk,BokbVfLBLk,BokbVfLBLk,BokbVfLBLk,BokbVfLBLk,BokbVfLBLk,BokbVfLBLk,BokbVfLBLk,BokbVfLBLk,BokbVfLBLk
BokbVfLBLk,BokbVfLBLk,BokbVfLBLk,BokbVfLBLk,BokbVfLBLk,BokbVfLBLk,BokbVfLBLk,BokbVfLBLk,BokbVfLBLk,BokbVfLBLk,BokbVfLBLk,BokbVfLBLk
BokbVfLBLk,BokbVfLBLk,BokbVfLBLk,BokbVfLBLk,BokbVfLBLk,BokbVfLBLk,BokbVfLBLk,BokbVfLBLk,BokbVfLBLk,BokbVfLBLk,BokbVfLBLk,BokbVfLBLk
BokbVfLBLk,BokbVfLBLk,BokbVfLBLk,BokbVfLBLk,BokbVfLBLk,BokbVfLBLk,BokbVfLBLk,BokbVfLBLk,BokbVfLBLk,BokbVfLBLk,BokbVfLBLk,BokbVfLBLk
BokbVfLBLk,BokbVfLBLk,BokbVfLBLk,BokbVfLBLk,BokbVfLBLk,BokbVfLBLk,BokbVfLBLk,BokbVfLBLk,BokbVfLBLk,BokbVfLBLk,BokbVfLBLk,BokbVfLBLk
BokbVfLBLk,BokbVfLBLk,BokbVfLBLk,BokbVfLBLk,BokbVfLBLk,BokbVfLBLk,BokbVfLBLk,BokbVfLBLk,BokbVfLBLk,BokbVfLBLk,BokbVfLBLk,BokbVfLBLk
BokbVfLBLk
BokbVfLBLk
BokbVfLBLk
BokbVfLBLk
BokbVfLBLk
BokbVfLBLk
BokbVfLBLk,BokbVfLBLk,BokbVfLBLk,BokbVfLBLk,BokbVfLBLk,BokbVfLBLk,BokbVfLBLk,BokbVfLBLk,BokbVfLBLk
BokbVfLBLk
BokbVfLBLk
BokbVfLBLk,BokbVfLBLk,BokbVfLBLk,BokbVfLBLk,BokbVfLBLk,BokbVfLBLk,BokbVfLBLk,BokbVfLBLk,BokbVfLBLk,BokbVfLBLk,BokbVfLBLk
BokbVfLBLk,BokbVfLBLk,BokbVfLBLk,BokbVfLBLk,BokbVfLBLk,BokbVfLBLk,BokbVfLBLk,BokbVfLBLk,BokbVfLBLk,BokbVfLBLk
BokbVfLBLk,BokbVfLBLk,BokbVfLBLk,BokbVfLBLk,BokbVfLBLk,BokbVfLBLk,BokbVfLBLk,BokbVfLBLk,BokbVfLBLk,BokbVfLBLk
BokbVfLBLk
BokbVfLBLk,BokbVfLBLk,BokbVfLBLk,BokbVfLBLk,BokbVfLBLk,BokbVfLBLk,BokbVfLBLk,BokbVfLBLk,BokbVfLBLk,BokbVfLBLk
BokbVfLBLk
BokbVfLBLk,BokbVfLBLk,BokbVfLBLk,BokbVfLBLk,BokbVfLBLk,BokbVfLBLk,BokbVfLBLk,BokbVfLBLk,BokbVfLBLk,BokbVfLBLk
BokbVfLBLk
BokbVfLBLk,BokbVfLBLk,BokbVfLBLk,BokbVfLBLk,BokbVfLBLk,BokbVfLBLk,BokbVfLBLk,BokbVfLBLk,BokbVfLBLk,BokbVfLBLk
BokbVfLBLk
BokbVfLBLk,BokbVfLBLk,BokbVfLBLk,BokbVfLBLk,BokbVfLBLk,BokbVfLBLk,BokbVfLBLk,BokbVfLBLk,BokbVfLBLk,BokbVfLBLk
BokbVfLBLk
BokbVfLBLk,BokbVfLBLk,BokbVfLBLk,BokbVfLBLk,BokbVfLBLk,BokbVfLBLk,BokbVfLBLk,BokbVfLBLk
BokbVfLBLk
BokbVfLBLk,BokbVfLBLk,BokbVfLBLk,BokbVfLBLk,BokbVfLBLk,BokbVfLBLk,BokbVfLBLk,BokbVfLBLk,BokbVfLBLk
BokbVfLBLk
BokbVfLBLk,BokbVfLBLk,BokbVfLBLk,BokbVfLBLk,BokbVfLBLk,BokbVfLBLk,BokbVfLBLk,BokbVfLBLk,BokbVfLBLk,BokbVfLBLk,BokbVfLBLk,BokbVfLBLk
BokbVfLBLk
BokbVfLBLk
BokbVfLBLk
Jedi Wagner, assuma o comando!