k
Toque! Toque, Dijê!
[vazia]
[vazia]
[vazia]
[vazia]
jkX
[vazia]
Toque! Toque, Dijê!
[vazia]
[vazia]
Toque! Toque, Dijê!
Toque! Toque, Dijê!
Toque! Toque, Dijê!
k
jkX,YdsPIsM,k,LrLS
Toque! Toque, Dijê!
kCbNQ
kCbNQ
kCbNQ
kCbNQ,yOELgI
[vazia]
LrLS
LrLS
jkX
jkX
[vazia]
k
k
k,YdsPIsM,kCbNQ
k,YdsPIsM,kCbNQ
k
k,YdsPIsM,kCbNQ,yOELgI,kCbNQ
kCbNQ,YdsPIsM,yOELgI,kCbNQ,z,yOELgI
kCbNQ,YdsPIsM,yOELgI,kCbNQ,z,yOELgI
yOELgI
kCbNQ
yOELgI,kCbNQ,z,yOELgI,yOELgI
YdsPIsM,yOELgI,z,yOELgI
YdsPIsM,yOELgI,kCbNQ,z,yOELgI,z,LrLS
YdsPIsM,yOELgI,kCbNQ,z,yOELgI,z,LrLS
kCbNQ
z
z
z
z,kCbNQ,yOELgI,yOELgI,z,LrLS
z,kCbNQ,yOELgI,yOELgI,z,LrLS
z,kCbNQ,yOELgI,yOELgI,z,LrLS
yOELgI
yOELgI
z,kCbNQ,yOELgI,yOELgI,z,yOELgI
yOELgI
z,kCbNQ,yOELgI,yOELgI,z,yOELgI
z,kCbNQ,yOELgI,yOELgI,z,yOELgI
yOELgI
yOELgI
yOELgI
yOELgI
z,kCbNQ,yOELgI,yOELgI,z,LrLS
kCbNQ,yOELgI,yOELgI,z,LrLS
Jedi Wagner, assuma o comando!