mVU
mVU,mVU
mVU,mVU,goh
Toque! Toque, Dijê!
[vazia]
[vazia]
Toque! Toque, Dijê!
[vazia]
Toque! Toque, Dijê!
[vazia]
JstNR
sggN
[vazia]
JstNR
JstNR
JstNR
JstNR
JstNR
JstNR
JstNR
JstNR
JstNR
[vazia]
[vazia]
Toque! Toque, Dijê!
Toque! Toque, Dijê!
[vazia]
Toque! Toque, Dijê!
KmTNuQiaBy,wbebVNOh
KmTNuQiaBy,wbebVNOh
wbebVNOh
wbebVNOh,gIn
wbebVNOh
wbebVNOh
wbebVNOh
wbebVNOh
mVU
wbebVNOh,mVU,mVU
mVU
wbebVNOh
wbebVNOh
mVU,wbebVNOh,mVU
mVU,wbebVNOh,mVU
mVU,wbebVNOh,mVU
mVU,wbebVNOh
wbebVNOh
wbebVNOh
mVU
mVU,vGkjcqeMu
mVU,vGkjcqeMu
mVU,wbebVNOh
mVU,wbebVNOh,wbebVNOh
wbebVNOh
wbebVNOh
mVU,wbebVNOh,gIn
mVU,wbebVNOh,gIn,x
mVU,wbebVNOh
mVU
wbebVNOh,mVU
mVU
wbebVNOh,mVU,sggN,JstNR,JstNR
mVU
wbebVNOh,mVU,JstNR,JstNR,KmTNuQiaBy
mVU
mVU
mVU
mVU,wbebVNOh
mVU,wbebVNOh
wbebVNOh
mVU,wbebVNOh
wbebVNOh
mVU,wbebVNOh,sggN
wbebVNOh
mVU,wbebVNOh,sggN
mVU,wbebVNOh
mVU,wbebVNOh,wbebVNOh
mVU,wbebVNOh,goh
mVU,wbebVNOh,goh
mVU,wbebVNOh
mVU,wbebVNOh
mVU,wbebVNOh
mVU,KmTNuQiaBy
mVU,KmTNuQiaBy,x
mVU,KmTNuQiaBy,x
x
mVU,KmTNuQiaBy,x
mVU,KmTNuQiaBy,x
x
mVU,KmTNuQiaBy,x
x
mVU,KmTNuQiaBy,x
x
mVU,KmTNuQiaBy,x
mVU,KmTNuQiaBy,x
mVU,KmTNuQiaBy,x
mVU
mVU
mVU,KmTNuQiaBy,x
mVU,KmTNuQiaBy,x
mVU
mVU,KmTNuQiaBy,x
mVU,KmTNuQiaBy,x
mVU,KmTNuQiaBy,x
mVU
mVU
mVU,KmTNuQiaBy,x,mVU
mVU,KmTNuQiaBy,x,mVU
mVU,KmTNuQiaBy,x,mVU
mVU,KmTNuQiaBy,x,goh
mVU,KmTNuQiaBy,x,goh
KmTNuQiaBy
KmTNuQiaBy
mVU,KmTNuQiaBy,x,goh
mVU,KmTNuQiaBy,x,goh
KmTNuQiaBy
KmTNuQiaBy
KmTNuQiaBy
mVU,KmTNuQiaBy,x,goh
KmTNuQiaBy
mVU,KmTNuQiaBy,x,goh,wbebVNOh
mVU
mVU,KmTNuQiaBy,x,goh
KmTNuQiaBy
KmTNuQiaBy
mVU,KmTNuQiaBy,x,goh
mVU,KmTNuQiaBy,x,goh
mVU,x,KmTNuQiaBy,goh,wbebVNOh
x
mVU,x,KmTNuQiaBy,goh,wbebVNOh
goh
mVU,x,goh,KmTNuQiaBy,wbebVNOh,mVU
KmTNuQiaBy
KmTNuQiaBy
mVU,x,goh,KmTNuQiaBy,wbebVNOh,mVU,JstNR
KmTNuQiaBy
mVU,x,KmTNuQiaBy,goh,wbebVNOh
mVU,KmTNuQiaBy,goh,wbebVNOh,gIn
goh
mVU,KmTNuQiaBy,goh,wbebVNOh
wbebVNOh
wbebVNOh
mVU,KmTNuQiaBy,goh,wbebVNOh,goh
mVU,KmTNuQiaBy,goh,wbebVNOh,goh,x,wbebVNOh
Jedi Wagner, assuma o comando!