[vazia]
CkEAhFV
Toque! Toque, Dijê!
[vazia]
[vazia]
[vazia]
Toque! Toque, Dijê!
[vazia]
Toque! Toque, Dijê!
Toque! Toque, Dijê!
[vazia]
Toque! Toque, Dijê!
Toque! Toque, Dijê!
B
B
B
B
HodL,B,B,B,iATgA
HodL,B,B,B,iATgA
HodL,B,B,B,iATgA,HodL
B
B,B,HodL,B,HodL,HodL,ultsN
HodL
HodL
HodL
B,B,HodL,B,HodL,HodL,ultsN
B,B,HodL,B,HodL,HodL,ultsN
HodL
B,B,HodL,B,HodL,HodL,ultsN
HodL
HodL,B,HodL,HodL,ultsN
HodL,B,HodL,HodL,ultsN
HodL,B,HodL,HodL,ultsN
HodL,B,HodL,HodL,ultsN
HodL,B,HodL,HodL,ultsN
HodL
HodL
HodL,HodL,B,HodL,B,CkEAhFV
HodL,B,HodL,HodL,ultsN
HodL
HodL
HodL,B,HodL,HodL,ultsN
HodL,B,HodL,HodL,ultsN
HodL
CkEAhFV
B
B,HodL,CkEAhFV,B,ultsN,HodL,HodL,ultsN,qQffAU,ultsN
B,HodL,CkEAhFV,B,ultsN,HodL,HodL,ultsN,qQffAU,ultsN
B,HodL,CkEAhFV,B,ultsN,HodL,HodL,ultsN,qQffAU,ultsN
HodL
B,HodL,B,ultsN,HodL,CkEAhFV,HodL,ultsN,qQffAU,ultsN
HodL
HodL
HodL
HodL
B,B,ultsN,HodL,CkEAhFV,qQffAU,HodL,HodL,ultsN,ultsN
B,ultsN,HodL,CkEAhFV,qQffAU,HodL,HodL,B,ultsN,ultsN
B
B
B,HodL,CkEAhFV,qQffAU,HodL,HodL,B,ultsN,ultsN,B
ultsN
B,HodL,qQffAU,HodL,HodL,B,ultsN,CkEAhFV,ultsN,B,iATgA
B,HodL,qQffAU,HodL,HodL,B,ultsN,CkEAhFV,ultsN,B,iATgA
B,HodL,qQffAU,HodL,HodL,B,ultsN,CkEAhFV,ultsN,B,iATgA
HodL,qQffAU,HodL,HodL,B,ultsN,CkEAhFV,ultsN,B,iATgA
ultsN
ultsN
ultsN
CkEAhFV
HodL,qQffAU,HodL,HodL,B,ultsN,CkEAhFV,ultsN,B,iATgA,CkEAhFV
HodL,qQffAU,HodL,HodL,B,ultsN,CkEAhFV,ultsN,B,iATgA,CkEAhFV,ultsN
ultsN
HodL,HodL,B,ultsN,ultsN,iATgA,HodL,B,CkEAhFV,ultsN,HodL
HodL,HodL,B,ultsN,ultsN,iATgA,HodL,B,CkEAhFV,ultsN,HodL
HodL,HodL,B,ultsN,ultsN,iATgA,HodL,B,CkEAhFV,ultsN,HodL
iATgA
HodL,HodL,ultsN,iATgA,ultsN,HodL,B,ultsN,HodL,ultsN
HodL,HodL,ultsN,iATgA,ultsN,HodL,B,ultsN,HodL,ultsN
HodL,HodL,ultsN,iATgA,ultsN,HodL,B,ultsN,HodL,ultsN,CkEAhFV
HodL,HodL,ultsN,iATgA,ultsN,HodL,B,ultsN,HodL,ultsN,CkEAhFV
HodL,HodL,ultsN,iATgA,ultsN,HodL,B,ultsN,HodL,ultsN,CkEAhFV
HodL,HodL,ultsN,iATgA,ultsN,HodL,B,ultsN,HodL,ultsN,CkEAhFV
HodL,HodL,ultsN,iATgA,ultsN,HodL,B,ultsN,HodL,ultsN
HodL,HodL,ultsN,iATgA,ultsN,HodL,B,ultsN,HodL,ultsN
HodL
HodL,HodL,ultsN,iATgA,ultsN,HodL,B,ultsN,HodL,ultsN,B
HodL
HodL
HodL
ultsN,iATgA,ultsN,HodL,HodL,B,ultsN,HodL,ultsN,qQffAU,qQffAU
HodL
B
ultsN,HodL,B,HodL,ultsN,HodL,ultsN,qQffAU,qQffAU,iATgA,iATgA,qQffAU
ultsN,HodL,B,HodL,ultsN,HodL,ultsN,qQffAU,qQffAU,qQffAU,iATgA,iATgA,qQffAU
ultsN,HodL,B,HodL,ultsN,HodL,ultsN,qQffAU,qQffAU,qQffAU,iATgA,iATgA,qQffAU,ultsN
ultsN,HodL,B,HodL,ultsN,HodL,ultsN,qQffAU,qQffAU,qQffAU,iATgA,iATgA,qQffAU,ultsN
ultsN,HodL,B,HodL,ultsN,HodL,ultsN,qQffAU,qQffAU,qQffAU,iATgA,iATgA,qQffAU,ultsN,ultsN
HodL
B,HodL,ultsN,HodL,ultsN,qQffAU,qQffAU,qQffAU,iATgA,iATgA,qQffAU,ultsN
B,HodL,ultsN,iATgA,HodL,ultsN,qQffAU,qQffAU,qQffAU,iATgA,qQffAU,ultsN,HodL
B,HodL,ultsN,iATgA,HodL,ultsN,qQffAU,qQffAU,qQffAU,iATgA,qQffAU,ultsN
HodL
ultsN,HodL,B,HodL,ultsN,HodL,ultsN,qQffAU,qQffAU,qQffAU,iATgA,iATgA,qQffAU
ultsN,HodL,B,HodL,ultsN,HodL,ultsN,qQffAU,qQffAU,qQffAU,iATgA,iATgA,qQffAU
ultsN,HodL,B,HodL,ultsN,HodL,ultsN,qQffAU,qQffAU,qQffAU,iATgA,iATgA,qQffAU
HodL
HodL
HodL
qQffAU
ultsN,HodL,B,HodL,ultsN,qQffAU,HodL,ultsN,qQffAU,qQffAU,iATgA,iATgA,qQffAU,qQffAU
HodL
ultsN
ultsN,B,HodL,ultsN,HodL,ultsN,qQffAU,qQffAU,iATgA,iATgA,qQffAU,iATgA,iATgA,ultsN
ultsN,B,HodL,ultsN,HodL,ultsN,qQffAU,qQffAU,iATgA,iATgA,qQffAU,iATgA,iATgA,ultsN
ultsN,HodL,ultsN,HodL,ultsN,qQffAU,qQffAU,iATgA,iATgA,qQffAU,iATgA,iATgA,ultsN,iATgA
qQffAU
qQffAU
ultsN,B,HodL,ultsN,HodL,ultsN,iATgA,qQffAU,qQffAU,iATgA,qQffAU,iATgA,iATgA,ultsN
HodL
ultsN,HodL,ultsN,iATgA,HodL,qQffAU,qQffAU,iATgA,qQffAU,iATgA,iATgA,ultsN
HodL
HodL
ultsN,ultsN,HodL,ultsN,iATgA,HodL,qQffAU,qQffAU,iATgA,qQffAU,iATgA,iATgA,ultsN
iATgA
iATgA
ultsN,HodL,ultsN,HodL,ultsN,iATgA,qQffAU,qQffAU,iATgA,qQffAU,iATgA,iATgA,ultsN
qQffAU
qQffAU
qQffAU
HodL,ultsN,HodL,ultsN,qQffAU,ultsN,iATgA,qQffAU,iATgA,qQffAU,iATgA,iATgA,ultsN,iATgA,CkEAhFV,iATgA
HodL,ultsN,HodL,ultsN,iATgA,qQffAU,ultsN,qQffAU,iATgA,qQffAU,iATgA,iATgA,ultsN,iATgA,CkEAhFV,iATgA
qQffAU
ultsN,HodL,ultsN,qQffAU,iATgA,ultsN,qQffAU,iATgA,qQffAU,iATgA,iATgA,ultsN,iATgA,iATgA,CkEAhFV,B
ultsN,HodL,ultsN,qQffAU,B,ultsN,qQffAU,iATgA,qQffAU,iATgA,iATgA,ultsN,iATgA,iATgA,CkEAhFV,ultsN
B
B
B
B
B
ultsN,HodL,ultsN,qQffAU,B,ultsN,qQffAU,iATgA,qQffAU,iATgA,iATgA,ultsN,iATgA,iATgA,CkEAhFV,ultsN,ultsN
ultsN,HodL,ultsN,qQffAU,B,ultsN,qQffAU,iATgA,qQffAU,iATgA,iATgA,ultsN,iATgA,iATgA,CkEAhFV,ultsN
B
B
ultsN,HodL,ultsN,qQffAU,B,ultsN,qQffAU,iATgA,qQffAU,iATgA,iATgA,ultsN,iATgA,iATgA,CkEAhFV,ultsN
HodL
qQffAU
ultsN,HodL,ultsN,B,qQffAU,ultsN,qQffAU,iATgA,qQffAU,iATgA,iATgA,ultsN,iATgA,iATgA,ultsN,qQffAU,CkEAhFV
CkEAhFV
ultsN,HodL,ultsN,B,CkEAhFV,qQffAU,ultsN,qQffAU,iATgA,qQffAU,iATgA,iATgA,ultsN,iATgA,iATgA,ultsN,qQffAU
ultsN,HodL,ultsN,B,CkEAhFV,qQffAU,ultsN,qQffAU,iATgA,qQffAU,iATgA,iATgA,ultsN,iATgA,iATgA,ultsN,qQffAU
ultsN,HodL,ultsN,B,CkEAhFV,qQffAU,ultsN,qQffAU,iATgA,qQffAU,iATgA,iATgA,ultsN,iATgA,iATgA,ultsN,qQffAU
ultsN,HodL,ultsN,B,CkEAhFV,qQffAU,ultsN,qQffAU,iATgA,qQffAU,iATgA,iATgA,ultsN,iATgA,iATgA,ultsN,qQffAU
CkEAhFV
CkEAhFV
HodL,ultsN,qQffAU,B,ultsN,ultsN,qQffAU,iATgA,qQffAU,iATgA,iATgA,ultsN,iATgA,iATgA,ultsN
HodL,qQffAU,B,ultsN,ultsN,ultsN,qQffAU,qQffAU,iATgA,iATgA,ultsN,iATgA,iATgA,ultsN,HodL
ultsN
ultsN
ultsN
ultsN
HodL,qQffAU,B,ultsN,ultsN,ultsN,qQffAU,qQffAU,iATgA,iATgA,ultsN,iATgA,iATgA,ultsN,HodL,CkEAhFV
HodL,qQffAU,B,ultsN,ultsN,ultsN,qQffAU,qQffAU,iATgA,iATgA,ultsN,iATgA,iATgA,ultsN,HodL,CkEAhFV,CkEAhFV
ultsN
ultsN
ultsN
ultsN
qQffAU,ultsN,ultsN,HodL,ultsN,qQffAU,qQffAU,iATgA,ultsN,iATgA,iATgA,ultsN,HodL,CkEAhFV,CkEAhFV
HodL
HodL
ultsN
ultsN
HodL,qQffAU,B,ultsN,ultsN,ultsN,qQffAU,qQffAU,iATgA,iATgA,ultsN,iATgA,iATgA,ultsN,HodL,CkEAhFV,CkEAhFV
ultsN
ultsN
HodL,B,ultsN,ultsN,qQffAU,ultsN,qQffAU,iATgA,iATgA,ultsN,iATgA,iATgA,ultsN,HodL,CkEAhFV,CkEAhFV
ultsN
B,ultsN,ultsN,qQffAU,ultsN,qQffAU,iATgA,iATgA,ultsN,iATgA,iATgA,ultsN,HodL,CkEAhFV,CkEAhFV
B,ultsN,ultsN,HodL,qQffAU,ultsN,qQffAU,iATgA,iATgA,ultsN,iATgA,iATgA,ultsN,CkEAhFV,CkEAhFV
B,ultsN,ultsN,HodL,CkEAhFV,qQffAU,ultsN,qQffAU,iATgA,iATgA,ultsN,iATgA,iATgA,ultsN,CkEAhFV,HodL,qQffAU,CkEAhFV
ultsN
iATgA
B,ultsN,ultsN,iATgA,HodL,CkEAhFV,qQffAU,ultsN,qQffAU,iATgA,ultsN,iATgA,iATgA,ultsN,CkEAhFV,HodL,qQffAU,CkEAhFV,ultsN
iATgA
iATgA
iATgA
B,ultsN,ultsN,iATgA,HodL,CkEAhFV,qQffAU,ultsN,qQffAU,iATgA,ultsN,iATgA,iATgA,ultsN,CkEAhFV,HodL,qQffAU,CkEAhFV,ultsN
iATgA
B
ultsN,ultsN,iATgA,B,CkEAhFV,HodL,qQffAU,ultsN,qQffAU,iATgA,ultsN,iATgA,iATgA,ultsN,CkEAhFV,HodL,qQffAU,CkEAhFV,ultsN
B
ultsN,iATgA,B,CkEAhFV,ultsN,HodL,ultsN,qQffAU,iATgA,ultsN,iATgA,iATgA,ultsN,CkEAhFV,HodL,qQffAU,CkEAhFV,ultsN,qQffAU,B,CkEAhFV
iATgA,CkEAhFV,qQffAU,ultsN,HodL,ultsN,iATgA,ultsN,iATgA,iATgA,ultsN,CkEAhFV,HodL,qQffAU,CkEAhFV,ultsN,qQffAU,B,CkEAhFV,ultsN,HodL
iATgA,CkEAhFV,qQffAU,ultsN,HodL,ultsN,iATgA,ultsN,iATgA,iATgA,ultsN,CkEAhFV,HodL,qQffAU,CkEAhFV,ultsN,qQffAU,B,CkEAhFV,ultsN
qQffAU
iATgA,CkEAhFV,qQffAU,ultsN,HodL,ultsN,iATgA,ultsN,iATgA,iATgA,ultsN,CkEAhFV,HodL,qQffAU,CkEAhFV,ultsN,qQffAU,B,CkEAhFV,ultsN
CkEAhFV,qQffAU,iATgA,HodL,ultsN,iATgA,ultsN,iATgA,iATgA,ultsN,CkEAhFV,HodL,qQffAU,CkEAhFV,ultsN,qQffAU,B,CkEAhFV,ultsN
iATgA
HodL
CkEAhFV,qQffAU,iATgA,HodL,ultsN,iATgA,ultsN,iATgA,iATgA,ultsN,CkEAhFV,HodL,qQffAU,CkEAhFV,ultsN,qQffAU,B,CkEAhFV,ultsN
CkEAhFV,qQffAU,iATgA,HodL,ultsN,iATgA,ultsN,iATgA,iATgA,ultsN,CkEAhFV,HodL,qQffAU,CkEAhFV,ultsN,qQffAU,B,CkEAhFV,ultsN,qQffAU,qQffAU
HodL
HodL
HodL
HodL
qQffAU
qQffAU
CkEAhFV,qQffAU,ultsN,iATgA,iATgA,ultsN,iATgA,iATgA,ultsN,CkEAhFV,HodL,qQffAU,CkEAhFV,ultsN,qQffAU,B,CkEAhFV,ultsN,HodL,HodL
CkEAhFV,qQffAU,ultsN,iATgA,ultsN,iATgA,iATgA,ultsN,CkEAhFV,HodL,qQffAU,CkEAhFV,ultsN,qQffAU,B,CkEAhFV,ultsN,HodL,HodL
CkEAhFV,qQffAU,iATgA,ultsN,ultsN,iATgA,iATgA,ultsN,CkEAhFV,qQffAU,CkEAhFV,ultsN,qQffAU,B,CkEAhFV,ultsN,HodL,HodL,HodL
CkEAhFV,qQffAU,iATgA,ultsN,ultsN,iATgA,iATgA,ultsN,CkEAhFV,HodL,qQffAU,CkEAhFV,ultsN,qQffAU,B,CkEAhFV,ultsN,HodL,HodL
qQffAU,B,ultsN,iATgA,iATgA,ultsN,CkEAhFV,HodL,qQffAU,CkEAhFV,ultsN,qQffAU,CkEAhFV,ultsN,HodL,HodL,qQffAU,CkEAhFV
CkEAhFV,qQffAU,ultsN,iATgA,ultsN,iATgA,iATgA,ultsN,CkEAhFV,HodL,qQffAU,CkEAhFV,ultsN,qQffAU,B,CkEAhFV,ultsN,HodL,HodL
iATgA
CkEAhFV,qQffAU,ultsN,iATgA,ultsN,iATgA,iATgA,ultsN,CkEAhFV,HodL,qQffAU,CkEAhFV,ultsN,qQffAU,CkEAhFV,ultsN,HodL,HodL,qQffAU
iATgA
CkEAhFV,qQffAU,ultsN,iATgA,ultsN,iATgA,iATgA,ultsN,CkEAhFV,HodL,qQffAU,CkEAhFV,ultsN,qQffAU,CkEAhFV,ultsN,HodL,HodL,qQffAU
ultsN
CkEAhFV,qQffAU,ultsN,iATgA,ultsN,iATgA,iATgA,ultsN,CkEAhFV,HodL,qQffAU,CkEAhFV,ultsN,qQffAU,CkEAhFV,ultsN,HodL,HodL,qQffAU,qQffAU
ultsN
ultsN
Jedi Wagner, assuma o comando!