Toque! Toque, Dijê!
jJNQC
[vazia]
[vazia]
Toque! Toque, Dijê!
[vazia]
Toque! Toque, Dijê!
Toque! Toque, Dijê!
[vazia]
Toque! Toque, Dijê!
[vazia]
[vazia]
[vazia]
[vazia]
[vazia]
ZqvM,dHgwM
ZqvM
ZqvM
ZqvM
ZqvM,ZqvM
ZqvM,ZqvM
ZqvM
ZqvM,ZqvM,TlsZNYl
ZqvM
ZqvM,TlsZNYl,ZqvM,jJNQC,jJNQC,jJNQC,TlsZNYl
TlsZNYl,ZqvM,jJNQC,jJNQC,jJNQC,TlsZNYl,dHgwM,jJNQC
jJNQC
TlsZNYl,ZqvM,jJNQC,jJNQC,jJNQC,TlsZNYl,dHgwM,jJNQC,ZqvM,ZqvM
jJNQC
jJNQC
TlsZNYl,jJNQC,jJNQC,jJNQC,dHgwM,TlsZNYl,jJNQC,ZqvM,ZqvM
TlsZNYl,jJNQC,jJNQC,jJNQC,dHgwM,TlsZNYl,jJNQC,ZqvM,ZqvM
jJNQC
TlsZNYl,jJNQC,jJNQC,jJNQC,dHgwM,TlsZNYl,jJNQC,ZqvM,ZqvM
jJNQC
TlsZNYl,jJNQC,jJNQC,jJNQC,dHgwM,TlsZNYl,jJNQC,ZqvM,ZqvM,ZqvM
TlsZNYl,jJNQC,jJNQC,jJNQC,dHgwM,TlsZNYl,jJNQC,ZqvM,ZqvM,ZqvM
jJNQC
jJNQC
TlsZNYl
TlsZNYl
ZqvM,ZqvM,jJNQC,jJNQC,jJNQC,TlsZNYl,TlsZNYl
ZqvM,ZqvM,jJNQC,jJNQC,jJNQC,TlsZNYl,TlsZNYl
ZqvM,ZqvM,jJNQC,jJNQC,jJNQC,TlsZNYl,TlsZNYl
TlsZNYl
TlsZNYl
ZqvM
ZqvM,dHgwM,ZqvM,jJNQC,jJNQC,jJNQC,TlsZNYl,TlsZNYl
ZqvM
ZqvM,ZqvM,jJNQC,jJNQC,jJNQC,TlsZNYl,TlsZNYl,LAqrsjQeSB
ZqvM
ZqvM
ZqvM
jJNQC
jJNQC
ZqvM
TlsZNYl
TlsZNYl
TlsZNYl
ZqvM,TlsZNYl,dHgwM,ZqvM,jJNQC,jJNQC,TlsZNYl,ZqvM,TlsZNYl,TlsZNYl,LAqrsjQeSB,TlsZNYl
TlsZNYl
TlsZNYl,dHgwM,ZqvM,jJNQC,jJNQC,TlsZNYl,ZqvM,TlsZNYl,TlsZNYl,LAqrsjQeSB,TlsZNYl,LAqrsjQeSB
ZqvM
ZqvM
TlsZNYl,ZqvM,dHgwM,ZqvM,jJNQC,jJNQC,TlsZNYl,ZqvM,TlsZNYl,TlsZNYl,LAqrsjQeSB,TlsZNYl,TlsZNYl
ZqvM,dHgwM,TlsZNYl,ZqvM,jJNQC,jJNQC,TlsZNYl,ZqvM,TlsZNYl,TlsZNYl,LAqrsjQeSB,TlsZNYl,TlsZNYl
dHgwM
dHgwM
dHgwM
dHgwM,TlsZNYl,ZqvM,ZqvM,jJNQC,jJNQC,TlsZNYl,ZqvM,TlsZNYl,TlsZNYl,LAqrsjQeSB,TlsZNYl,TlsZNYl,jJNQC,D
TlsZNYl,ZqvM,dHgwM,ZqvM,jJNQC,jJNQC,TlsZNYl,ZqvM,TlsZNYl,TlsZNYl,LAqrsjQeSB,TlsZNYl,TlsZNYl,jJNQC,D,TlsZNYl
dHgwM
TlsZNYl,ZqvM,dHgwM,ZqvM,jJNQC,jJNQC,TlsZNYl,ZqvM,TlsZNYl,TlsZNYl,LAqrsjQeSB,TlsZNYl,TlsZNYl,jJNQC,D,TlsZNYl
dHgwM
dHgwM
jJNQC
jJNQC
dHgwM,TlsZNYl,jJNQC,ZqvM,ZqvM,jJNQC,TlsZNYl,ZqvM,TlsZNYl,TlsZNYl,LAqrsjQeSB,TlsZNYl,TlsZNYl,jJNQC,ZqvM
jJNQC
dHgwM,TlsZNYl,jJNQC,ZqvM,ZqvM,jJNQC,TlsZNYl,ZqvM,TlsZNYl,TlsZNYl,LAqrsjQeSB,TlsZNYl,TlsZNYl,jJNQC,D,ZqvM
dHgwM,TlsZNYl,jJNQC,ZqvM,ZqvM,jJNQC,TlsZNYl,ZqvM,TlsZNYl,TlsZNYl,LAqrsjQeSB,TlsZNYl,TlsZNYl,jJNQC,D,ZqvM
dHgwM,TlsZNYl,jJNQC,ZqvM,ZqvM,jJNQC,TlsZNYl,ZqvM,TlsZNYl,TlsZNYl,LAqrsjQeSB,TlsZNYl,TlsZNYl,jJNQC,D,ZqvM,ZqvM
dHgwM,TlsZNYl,jJNQC,ZqvM,ZqvM,jJNQC,TlsZNYl,ZqvM,TlsZNYl,TlsZNYl,LAqrsjQeSB,TlsZNYl,TlsZNYl,jJNQC,D,ZqvM,ZqvM
ZqvM
ZqvM
ZqvM
ZqvM
D
dHgwM
ZqvM
dHgwM,ZqvM,jJNQC,ZqvM,jJNQC,TlsZNYl,ZqvM,TlsZNYl,TlsZNYl,TlsZNYl,TlsZNYl,jJNQC,ZqvM,ZqvM
ZqvM
ZqvM
dHgwM,ZqvM,jJNQC,ZqvM,jJNQC,TlsZNYl,ZqvM,TlsZNYl,TlsZNYl,TlsZNYl,TlsZNYl,jJNQC,ZqvM,ZqvM
dHgwM,ZqvM,jJNQC,ZqvM,jJNQC,TlsZNYl,ZqvM,TlsZNYl,TlsZNYl,TlsZNYl,TlsZNYl,jJNQC,ZqvM,ZqvM
ZqvM
ZqvM
dHgwM,ZqvM,jJNQC,ZqvM,jJNQC,TlsZNYl,ZqvM,TlsZNYl,TlsZNYl,TlsZNYl,TlsZNYl,jJNQC,ZqvM,ZqvM
ZqvM
ZqvM
ZqvM
ZqvM
ZqvM
dHgwM,ZqvM,jJNQC,ZqvM,jJNQC,ZqvM,TlsZNYl,TlsZNYl,TlsZNYl,TlsZNYl,jJNQC,ZqvM,ZqvM,dHgwM
dHgwM,ZqvM,jJNQC,ZqvM,jJNQC,ZqvM,TlsZNYl,TlsZNYl,TlsZNYl,TlsZNYl,jJNQC,ZqvM,ZqvM,dHgwM
ZqvM
ZqvM
jJNQC
ZqvM,jJNQC,ZqvM,jJNQC,ZqvM,TlsZNYl,TlsZNYl,TlsZNYl,TlsZNYl,jJNQC,ZqvM,ZqvM,dHgwM
dHgwM,jJNQC,jJNQC,ZqvM,ZqvM,ZqvM,TlsZNYl,TlsZNYl,TlsZNYl,jJNQC,ZqvM,ZqvM,dHgwM
dHgwM,jJNQC,ZqvM,jJNQC,ZqvM,ZqvM,TlsZNYl,TlsZNYl,TlsZNYl,jJNQC,ZqvM,ZqvM,dHgwM
ZqvM
ZqvM
ZqvM
ZqvM
ZqvM,jJNQC,ZqvM,ZqvM,jJNQC,TlsZNYl,TlsZNYl,TlsZNYl,jJNQC,ZqvM,ZqvM,dHgwM,jJNQC,dHgwM
ZqvM
ZqvM
ZqvM,jJNQC,ZqvM,ZqvM,TlsZNYl,jJNQC,TlsZNYl,TlsZNYl,jJNQC,ZqvM,ZqvM,dHgwM,jJNQC
ZqvM,jJNQC,ZqvM,ZqvM,jJNQC,TlsZNYl,TlsZNYl,TlsZNYl,jJNQC,ZqvM,ZqvM,dHgwM,jJNQC
jJNQC,ZqvM,ZqvM,jJNQC,ZqvM,TlsZNYl,TlsZNYl,TlsZNYl,jJNQC,ZqvM,ZqvM,jJNQC,dHgwM
jJNQC,ZqvM,ZqvM,jJNQC,ZqvM,TlsZNYl,TlsZNYl,TlsZNYl,jJNQC,ZqvM,ZqvM,jJNQC,dHgwM
jJNQC,ZqvM,ZqvM,jJNQC,ZqvM,TlsZNYl,TlsZNYl,jJNQC,ZqvM,ZqvM,jJNQC,dHgwM
TlsZNYl
TlsZNYl
jJNQC,ZqvM,ZqvM,jJNQC,ZqvM,TlsZNYl,jJNQC,ZqvM,ZqvM,jJNQC,dHgwM
jJNQC,ZqvM,ZqvM,jJNQC,ZqvM,TlsZNYl,jJNQC,ZqvM,ZqvM,jJNQC,dHgwM
ZqvM
ZqvM
ZqvM
dHgwM
dHgwM
jJNQC
jJNQC,ZqvM,TlsZNYl,ZqvM,jJNQC,ZqvM,ZqvM,jJNQC,ZqvM,ZqvM
TlsZNYl
jJNQC,ZqvM,ZqvM,jJNQC,TlsZNYl,ZqvM,ZqvM,jJNQC,ZqvM,ZqvM,LAqrsjQeSB,dHgwM,ZqvM
jJNQC,ZqvM,ZqvM,jJNQC,TlsZNYl,LAqrsjQeSB,ZqvM,ZqvM,jJNQC,ZqvM,ZqvM,dHgwM,D,jJNQC
ZqvM
jJNQC,ZqvM,ZqvM,jJNQC,TlsZNYl,ZqvM,ZqvM,jJNQC,ZqvM,ZqvM,TlsZNYl,TlsZNYl,ZqvM
jJNQC
jJNQC,ZqvM,ZqvM,jJNQC,TlsZNYl,ZqvM,ZqvM,jJNQC,ZqvM,ZqvM,TlsZNYl,TlsZNYl,ZqvM
ZqvM
jJNQC,ZqvM,jJNQC,TlsZNYl,ZqvM,ZqvM,jJNQC,ZqvM,ZqvM,ZqvM,TlsZNYl,TlsZNYl,ZqvM
jJNQC,ZqvM,jJNQC,TlsZNYl,ZqvM,ZqvM,jJNQC,ZqvM,ZqvM,ZqvM,TlsZNYl,TlsZNYl,ZqvM
ZqvM
ZqvM
jJNQC
ZqvM
jJNQC,TlsZNYl,ZqvM,ZqvM,jJNQC,jJNQC,ZqvM,ZqvM,ZqvM,TlsZNYl,TlsZNYl,ZqvM,jJNQC,LAqrsjQeSB
jJNQC,ZqvM,ZqvM,jJNQC,jJNQC,ZqvM,ZqvM,ZqvM,TlsZNYl,TlsZNYl,ZqvM,jJNQC,LAqrsjQeSB
TlsZNYl
TlsZNYl
TlsZNYl
TlsZNYl
ZqvM,ZqvM,jJNQC,jJNQC,ZqvM,ZqvM,ZqvM,jJNQC,TlsZNYl,ZqvM,jJNQC
TlsZNYl,ZqvM,ZqvM,jJNQC,jJNQC,ZqvM,ZqvM,ZqvM,jJNQC,TlsZNYl,TlsZNYl,ZqvM,jJNQC,LAqrsjQeSB
TlsZNYl
TlsZNYl
ZqvM
ZqvM
ZqvM
ZqvM
jJNQC,TlsZNYl,jJNQC,jJNQC,ZqvM,TlsZNYl,TlsZNYl,ZqvM,jJNQC
jJNQC,TlsZNYl,jJNQC,jJNQC,ZqvM,ZqvM,TlsZNYl,TlsZNYl,ZqvM,jJNQC
ZqvM
ZqvM
ZqvM
jJNQC,TlsZNYl,jJNQC,jJNQC,ZqvM,TlsZNYl,TlsZNYl,ZqvM,jJNQC
jJNQC,jJNQC,jJNQC,ZqvM,TlsZNYl,TlsZNYl,TlsZNYl,ZqvM,jJNQC
jJNQC
jJNQC
jJNQC,TlsZNYl,ZqvM,ZqvM,jJNQC,jJNQC,ZqvM,ZqvM,ZqvM,TlsZNYl,TlsZNYl,ZqvM,jJNQC,LAqrsjQeSB
ZqvM
ZqvM
TlsZNYl
jJNQC,ZqvM,jJNQC,jJNQC,ZqvM,ZqvM,ZqvM,TlsZNYl,ZqvM,TlsZNYl,ZqvM,jJNQC,LAqrsjQeSB,dHgwM
jJNQC,jJNQC,ZqvM,ZqvM,ZqvM,TlsZNYl,ZqvM,jJNQC,TlsZNYl,ZqvM,jJNQC,LAqrsjQeSB,LAqrsjQeSB
jJNQC
jJNQC,jJNQC,ZqvM,ZqvM,ZqvM,jJNQC,ZqvM,TlsZNYl,ZqvM,jJNQC,LAqrsjQeSB
ZqvM
jJNQC,jJNQC,ZqvM,ZqvM,ZqvM,dHgwM,TlsZNYl,ZqvM,jJNQC,TlsZNYl,ZqvM,jJNQC,LAqrsjQeSB,LAqrsjQeSB
jJNQC
jJNQC
jJNQC,jJNQC,ZqvM,ZqvM,ZqvM,TlsZNYl,ZqvM,jJNQC,TlsZNYl,ZqvM,jJNQC,LAqrsjQeSB,LAqrsjQeSB,jJNQC
jJNQC
jJNQC,jJNQC,ZqvM,ZqvM,ZqvM,TlsZNYl,ZqvM,jJNQC,TlsZNYl,ZqvM,jJNQC,LAqrsjQeSB,LAqrsjQeSB,jJNQC
jJNQC
jJNQC,jJNQC,ZqvM,ZqvM,ZqvM,dHgwM,TlsZNYl,ZqvM,jJNQC,TlsZNYl,ZqvM,jJNQC,LAqrsjQeSB,LAqrsjQeSB
jJNQC
jJNQC,jJNQC,ZqvM,ZqvM,ZqvM,dHgwM,TlsZNYl,ZqvM,jJNQC,TlsZNYl,ZqvM,jJNQC,LAqrsjQeSB,LAqrsjQeSB,TlsZNYl,D,ZqvM,TlsZNYl,TlsZNYl
jJNQC
jJNQC
jJNQC
jJNQC
jJNQC,jJNQC,ZqvM,ZqvM,ZqvM,dHgwM,TlsZNYl,ZqvM,jJNQC,TlsZNYl,ZqvM,jJNQC,LAqrsjQeSB,LAqrsjQeSB,jJNQC
jJNQC,jJNQC,ZqvM,ZqvM,ZqvM,dHgwM,TlsZNYl,ZqvM,jJNQC,TlsZNYl,ZqvM,jJNQC,LAqrsjQeSB,LAqrsjQeSB,jJNQC
jJNQC,jJNQC,ZqvM,ZqvM,ZqvM,dHgwM,TlsZNYl,ZqvM,jJNQC,TlsZNYl,ZqvM,jJNQC,LAqrsjQeSB,LAqrsjQeSB,jJNQC
jJNQC,ZqvM,ZqvM,dHgwM,TlsZNYl,ZqvM,jJNQC,TlsZNYl,ZqvM,jJNQC,LAqrsjQeSB,LAqrsjQeSB,jJNQC
jJNQC,ZqvM,ZqvM,dHgwM,TlsZNYl,ZqvM,jJNQC,TlsZNYl,ZqvM,jJNQC,LAqrsjQeSB,LAqrsjQeSB,jJNQC,ZqvM
LAqrsjQeSB
jJNQC,ZqvM,ZqvM,dHgwM,TlsZNYl,ZqvM,jJNQC,LAqrsjQeSB,TlsZNYl,ZqvM,jJNQC,LAqrsjQeSB,jJNQC,ZqvM,jJNQC
LAqrsjQeSB
jJNQC,ZqvM,ZqvM,dHgwM,TlsZNYl,ZqvM,jJNQC,LAqrsjQeSB,TlsZNYl,ZqvM,jJNQC,LAqrsjQeSB,jJNQC,ZqvM
LAqrsjQeSB
jJNQC,ZqvM,ZqvM,dHgwM,ZqvM,jJNQC,TlsZNYl,ZqvM,jJNQC,jJNQC,ZqvM,dHgwM
jJNQC,ZqvM,dHgwM,ZqvM,jJNQC,TlsZNYl,ZqvM,ZqvM,jJNQC,jJNQC,ZqvM,dHgwM
jJNQC,ZqvM,dHgwM,ZqvM,jJNQC,TlsZNYl,ZqvM,ZqvM,jJNQC,jJNQC,ZqvM,dHgwM
jJNQC,ZqvM,dHgwM,ZqvM,jJNQC,TlsZNYl,ZqvM,ZqvM,jJNQC,jJNQC,ZqvM,dHgwM
ZqvM
ZqvM
jJNQC,ZqvM,ZqvM,jJNQC,TlsZNYl,ZqvM,ZqvM,jJNQC,jJNQC,ZqvM,dHgwM
Jedi Wagner, assuma o comando!