XIgPRR,XIgPRR
XIgPRR
[vazia]
[vazia]
Toque! Toque, Dijê!
Toque! Toque, Dijê!
[vazia]
[vazia]
bM
[vazia]
pYRLiXSSH
pYRLiXSSH
NksYFSaKy
NksYFSaKy
rxuzq
rxuzq,bM
rxuzq,bM,NksYFSaKy,bM
rxuzq,bM,NksYFSaKy,bM
rxuzq,bM,NksYFSaKy,bM
rxuzq
rxuzq,bM,NksYFSaKy,bM
bM
rxuzq,bM,NksYFSaKy,bM
rxuzq,bM,NksYFSaKy
bM
rxuzq,bM,NksYFSaKy
bM
NksYFSaKy
rxuzq,bM,pYRLiXSSH
bM
rxuzq
rxuzq
rxuzq
rxuzq,rxuzq
pYRLiXSSH
pYRLiXSSH
rxuzq,bM,pYRLiXSSH
rxuzq,pYRLiXSSH,bM,XIgPRR
rxuzq,pYRLiXSSH,bM,XIgPRR,pYRLiXSSH
bM
bM
bM
XIgPRR
bM
rxuzq,pYRLiXSSH,XIgPRR,bM,pYRLiXSSH
rxuzq,pYRLiXSSH,bM,XIgPRR,pYRLiXSSH
rxuzq,pYRLiXSSH,bM,XIgPRR,pYRLiXSSH,rxuzq
rxuzq,pYRLiXSSH,bM,XIgPRR,pYRLiXSSH,rxuzq,bM
pYRLiXSSH
rxuzq,bM,XIgPRR,pYRLiXSSH,rxuzq,bM,NksYFSaKy,NksYFSaKy,rxuzq
rxuzq,pYRLiXSSH,bM,XIgPRR,pYRLiXSSH,rxuzq
rxuzq,pYRLiXSSH,XIgPRR,pYRLiXSSH,rxuzq
rxuzq,pYRLiXSSH,XIgPRR,pYRLiXSSH,rxuzq
pYRLiXSSH
pYRLiXSSH
rxuzq,pYRLiXSSH,bM,XIgPRR,pYRLiXSSH,NksYFSaKy,rxuzq,rxuzq
pYRLiXSSH
pYRLiXSSH
pYRLiXSSH
rxuzq,pYRLiXSSH,bM,pYRLiXSSH,NksYFSaKy,rxuzq,rxuzq,pYRLiXSSH,pYRLiXSSH
pYRLiXSSH
pYRLiXSSH
pYRLiXSSH
pYRLiXSSH
pYRLiXSSH
Jedi Wagner, assuma o comando!