Toque! Toque, Dijê!
csPlKiW
csPlKiW
csPlKiW,csPlKiW
csPlKiW
csPlKiW,csPlKiW,csPlKiW
csPlKiW
csPlKiW
csPlKiW
[vazia]
[vazia]
[vazia]
csPlKiW
csPlKiW
csPlKiW
[vazia]
Toque! Toque, Dijê!
[vazia]
Toque! Toque, Dijê!
Toque! Toque, Dijê!
csPlKiW
csPlKiW
csPlKiW,csPlKiW,csPlKiW
csPlKiW,csPlKiW
csPlKiW,csPlKiW
csPlKiW,csPlKiW
[vazia]
csPlKiW
csPlKiW
csPlKiW
csPlKiW
[vazia]
Toque! Toque, Dijê!
csPlKiW
Toque! Toque, Dijê!
[vazia]
[vazia]
[vazia]
csPlKiW,csPlKiW
csPlKiW,csPlKiW
csPlKiW
csPlKiW,csPlKiW
csPlKiW
csPlKiW
csPlKiW
csPlKiW
csPlKiW
csPlKiW,csPlKiW
csPlKiW
csPlKiW,csPlKiW,csPlKiW
csPlKiW,csPlKiW,csPlKiW,csPlKiW
csPlKiW,csPlKiW
csPlKiW
csPlKiW,csPlKiW,csPlKiW
csPlKiW
csPlKiW
csPlKiW
[vazia]
Toque! Toque, Dijê!
csPlKiW
csPlKiW
csPlKiW
csPlKiW,csPlKiW
csPlKiW
csPlKiW
csPlKiW
csPlKiW
csPlKiW,csPlKiW
csPlKiW
csPlKiW
csPlKiW
csPlKiW,csPlKiW,csPlKiW
csPlKiW,csPlKiW,csPlKiW
csPlKiW,csPlKiW,csPlKiW
csPlKiW,csPlKiW,csPlKiW
csPlKiW
csPlKiW
csPlKiW
csPlKiW
csPlKiW,csPlKiW,csPlKiW
csPlKiW,csPlKiW,csPlKiW,csPlKiW
csPlKiW,csPlKiW,csPlKiW
csPlKiW
csPlKiW
csPlKiW
csPlKiW
csPlKiW
csPlKiW
csPlKiW
csPlKiW
csPlKiW,csPlKiW,csPlKiW
csPlKiW,csPlKiW,csPlKiW
csPlKiW
csPlKiW
csPlKiW,csPlKiW,csPlKiW
csPlKiW
csPlKiW
csPlKiW
csPlKiW
csPlKiW,csPlKiW
csPlKiW
csPlKiW
csPlKiW,csPlKiW,csPlKiW
csPlKiW
csPlKiW,csPlKiW,csPlKiW,csPlKiW,csPlKiW
csPlKiW
csPlKiW,csPlKiW,csPlKiW,csPlKiW,csPlKiW,csPlKiW,csPlKiW
csPlKiW,csPlKiW,csPlKiW,csPlKiW
csPlKiW
csPlKiW
csPlKiW,csPlKiW,csPlKiW,csPlKiW
csPlKiW,csPlKiW,csPlKiW
csPlKiW
csPlKiW,csPlKiW,csPlKiW
csPlKiW
csPlKiW,csPlKiW
csPlKiW
Toque! Toque, Dijê!
csPlKiW
csPlKiW,csPlKiW,csPlKiW,csPlKiW
csPlKiW
csPlKiW
csPlKiW
csPlKiW,csPlKiW,csPlKiW,csPlKiW
csPlKiW
csPlKiW
csPlKiW
csPlKiW,csPlKiW
csPlKiW,csPlKiW
csPlKiW,csPlKiW
csPlKiW
csPlKiW
csPlKiW,csPlKiW
csPlKiW
csPlKiW,csPlKiW
csPlKiW,csPlKiW
csPlKiW
csPlKiW
csPlKiW
csPlKiW
csPlKiW
csPlKiW
csPlKiW
csPlKiW
csPlKiW
[vazia]
[vazia]
csPlKiW
csPlKiW,csPlKiW,csPlKiW,csPlKiW
csPlKiW,csPlKiW
csPlKiW
Toque! Toque, Dijê!
[vazia]
csPlKiW
csPlKiW
csPlKiW
csPlKiW
Toque! Toque, Dijê!
csPlKiW
csPlKiW
csPlKiW
csPlKiW,csPlKiW
csPlKiW,csPlKiW
csPlKiW,csPlKiW
csPlKiW
csPlKiW,csPlKiW
csPlKiW,csPlKiW
csPlKiW
csPlKiW,csPlKiW,csPlKiW,csPlKiW
csPlKiW,csPlKiW,csPlKiW,csPlKiW
csPlKiW
csPlKiW,csPlKiW,csPlKiW,csPlKiW
csPlKiW,csPlKiW,csPlKiW,csPlKiW
csPlKiW,csPlKiW,csPlKiW,csPlKiW
csPlKiW
csPlKiW
Toque! Toque, Dijê!
csPlKiW
csPlKiW,csPlKiW
csPlKiW
csPlKiW
csPlKiW
csPlKiW
csPlKiW
csPlKiW
csPlKiW,csPlKiW
csPlKiW
csPlKiW
csPlKiW
csPlKiW
csPlKiW
csPlKiW,csPlKiW
csPlKiW
csPlKiW,csPlKiW,csPlKiW,csPlKiW,csPlKiW,csPlKiW
csPlKiW,csPlKiW,csPlKiW,csPlKiW,csPlKiW,csPlKiW,csPlKiW
csPlKiW
csPlKiW
csPlKiW,csPlKiW,csPlKiW,csPlKiW,csPlKiW,csPlKiW,csPlKiW
csPlKiW
csPlKiW
csPlKiW
csPlKiW,csPlKiW,csPlKiW,csPlKiW,csPlKiW,csPlKiW,csPlKiW,csPlKiW
csPlKiW,csPlKiW,csPlKiW,csPlKiW,csPlKiW,csPlKiW,csPlKiW,csPlKiW
csPlKiW
csPlKiW,csPlKiW,csPlKiW,csPlKiW,csPlKiW,csPlKiW
csPlKiW
csPlKiW,csPlKiW,csPlKiW,csPlKiW,csPlKiW
csPlKiW,csPlKiW,csPlKiW,csPlKiW,csPlKiW
csPlKiW
csPlKiW
csPlKiW
csPlKiW
csPlKiW,csPlKiW,csPlKiW,csPlKiW,csPlKiW,csPlKiW,csPlKiW
csPlKiW
csPlKiW,csPlKiW,csPlKiW,csPlKiW,csPlKiW,csPlKiW
csPlKiW
csPlKiW,csPlKiW,csPlKiW,csPlKiW,csPlKiW,csPlKiW,csPlKiW
Jedi Wagner, assuma o comando!