[vazia]
[vazia]
eLAn
[vazia]
Toque! Toque, Dijê!
[vazia]
Toque! Toque, Dijê!
eLAn
eLAn
eLAn
[vazia]
Toque! Toque, Dijê!
[vazia]
[vazia]
[vazia]
[vazia]
[vazia]
eLAn
eLAn,eLAn,eLAn
eLAn,eLAn,eLAn
eLAn
eLAn
eLAn,eLAn,eLAn,eLAn,eLAn
eLAn,eLAn,eLAn,eLAn,eLAn,eLAn
eLAn
eLAn
eLAn,eLAn,eLAn,eLAn,eLAn,eLAn,eLAn
eLAn,eLAn,eLAn,eLAn,eLAn,eLAn,eLAn
eLAn,eLAn,eLAn,eLAn,eLAn,eLAn,eLAn
eLAn
eLAn
eLAn
eLAn
eLAn
eLAn,eLAn,eLAn,eLAn,eLAn
eLAn,eLAn,eLAn,eLAn,eLAn,eLAn
eLAn
eLAn,eLAn,eLAn,eLAn,eLAn,eLAn
eLAn,eLAn,eLAn,eLAn,eLAn,eLAn
eLAn,eLAn,eLAn,eLAn,eLAn,eLAn
eLAn
eLAn
eLAn
eLAn
eLAn,eLAn,eLAn,eLAn,eLAn,eLAn
eLAn,eLAn,eLAn,eLAn,eLAn
eLAn,eLAn,eLAn,eLAn,eLAn,eLAn
eLAn,eLAn,eLAn,eLAn,eLAn,eLAn
eLAn,eLAn,eLAn,eLAn,eLAn,eLAn
eLAn,eLAn,eLAn,eLAn,eLAn,eLAn
eLAn
eLAn,eLAn,eLAn,eLAn,eLAn,eLAn
eLAn,eLAn,eLAn,eLAn,eLAn
eLAn
eLAn
eLAn,eLAn,eLAn,eLAn,eLAn
eLAn
eLAn,eLAn,eLAn,eLAn,eLAn
eLAn,eLAn,eLAn,eLAn,eLAn
eLAn
eLAn,eLAn,eLAn,eLAn,eLAn
eLAn,eLAn,eLAn,eLAn,eLAn
eLAn,eLAn,eLAn,eLAn,eLAn
eLAn,eLAn,eLAn,eLAn,eLAn
eLAn
eLAn
eLAn
eLAn
eLAn,eLAn,eLAn,eLAn,eLAn,eLAn,eLAn
Jedi Wagner, assuma o comando!