[vazia]
Toque! Toque, Dijê!
[vazia]
[vazia]
[vazia]
[vazia]
[vazia]
DCVQgfPq
DCVQgfPq
DCVQgfPq
DCVQgfPq,DCVQgfPq
DCVQgfPq
DCVQgfPq,DCVQgfPq,AlOQE
DCVQgfPq
DCVQgfPq,DCVQgfPq,AlOQE
DCVQgfPq
DCVQgfPq
DCVQgfPq,DCVQgfPq,AlOQE
DCVQgfPq,AlOQE,DCVQgfPq
DCVQgfPq,AlOQE,DCVQgfPq
DCVQgfPq
DCVQgfPq
DCVQgfPq
DCVQgfPq,wRgve
DCVQgfPq
DCVQgfPq
DCVQgfPq
DCVQgfPq,DCVQgfPq
DCVQgfPq
DCVQgfPq
DCVQgfPq,DCVQgfPq
DCVQgfPq
DCVQgfPq
DCVQgfPq
DCVQgfPq
DCVQgfPq
DCVQgfPq
DCVQgfPq
DCVQgfPq
DCVQgfPq
DCVQgfPq
DCVQgfPq,DCVQgfPq,AlOQE
DCVQgfPq
DCVQgfPq,DCVQgfPq,AlOQE
DCVQgfPq,DCVQgfPq
DCVQgfPq,DCVQgfPq
DCVQgfPq,DCVQgfPq
DCVQgfPq
DCVQgfPq
DCVQgfPq
DCVQgfPq
DCVQgfPq
DCVQgfPq,DCVQgfPq
DCVQgfPq,DCVQgfPq
DCVQgfPq,DCVQgfPq
DCVQgfPq
DCVQgfPq
DCVQgfPq,DCVQgfPq,DCVQgfPq,DCVQgfPq,wRgve
DCVQgfPq
DCVQgfPq
DCVQgfPq
DCVQgfPq
DCVQgfPq
DCVQgfPq
Toque! Toque, Dijê!
AlOQE
AlOQE,wRgve,DCVQgfPq
AlOQE
AlOQE
DCVQgfPq,DCVQgfPq
DCVQgfPq
DCVQgfPq,DCVQgfPq
DCVQgfPq
DCVQgfPq
YKtXYrLhnY
DCVQgfPq,wRgve
DCVQgfPq
DCVQgfPq
AlOQE
AlOQE
AlOQE,DCVQgfPq,YKtXYrLhnY
AlOQE
AlOQE
AlOQE
AlOQE,DCVQgfPq,AlOQE
AlOQE
AlOQE
DCVQgfPq
DCVQgfPq
DCVQgfPq
DCVQgfPq
DCVQgfPq
DCVQgfPq
DCVQgfPq,DCVQgfPq
DCVQgfPq
DCVQgfPq
DCVQgfPq
DCVQgfPq
DCVQgfPq
DCVQgfPq
DCVQgfPq
DCVQgfPq
DCVQgfPq
DCVQgfPq
DCVQgfPq
DCVQgfPq
DCVQgfPq
DCVQgfPq,YKtXYrLhnY
DCVQgfPq,YKtXYrLhnY
YKtXYrLhnY
YKtXYrLhnY
DCVQgfPq,YKtXYrLhnY
DCVQgfPq,YKtXYrLhnY,YKtXYrLhnY
YKtXYrLhnY
YKtXYrLhnY
DCVQgfPq,YKtXYrLhnY,DCVQgfPq,YKtXYrLhnY
Jedi Wagner, assuma o comando!