[vazia]
LaOye,LaOye
LaOye,LaOye
LaOye
LaOye,LaOye
LaOye,LaOye,W,W
LaOye,LaOye,W,W
LaOye,LaOye,W,W
[vazia]
Toque! Toque, Dijê!
Toque! Toque, Dijê!
[vazia]
[vazia]
[vazia]
[vazia]
Toque! Toque, Dijê!
W
W,W
W,W,mAIheMlQe,mAIheMlQe,LaOye
LaOye
W,LaOye,W,mAIheMlQe,mAIheMlQe
LaOye,W,W,mAIheMlQe,mAIheMlQe
W
LaOye,W,W,mAIheMlQe,mAIheMlQe,mAIheMlQe
LaOye,W,mAIheMlQe,mAIheMlQe,mAIheMlQe
LaOye,W,mAIheMlQe,mAIheMlQe,mAIheMlQe
LaOye,W,mAIheMlQe,mAIheMlQe,mAIheMlQe,mAIheMlQe
W
W
mAIheMlQe,mAIheMlQe,W,mAIheMlQe,mAIheMlQe,W,W
bNHU,mAIheMlQe,mAIheMlQe,mAIheMlQe,LaOye,W
bNHU
bNHU,W,mAIheMlQe,mAIheMlQe,mAIheMlQe,LaOye
W,bNHU,mAIheMlQe,mAIheMlQe,mAIheMlQe,LaOye
W,bNHU,mAIheMlQe,mAIheMlQe,mAIheMlQe,LaOye
W,bNHU,mAIheMlQe,mAIheMlQe,mAIheMlQe
W,bNHU,mAIheMlQe,mAIheMlQe,mAIheMlQe
W
W,bNHU,mAIheMlQe,mAIheMlQe,mAIheMlQe,LaOye
W,bNHU,mAIheMlQe,mAIheMlQe,mAIheMlQe,LaOye
W,bNHU,mAIheMlQe,mAIheMlQe,mAIheMlQe,LaOye
W,bNHU,mAIheMlQe,mAIheMlQe,mAIheMlQe,LaOye,W
W,bNHU,mAIheMlQe,mAIheMlQe,mAIheMlQe,LaOye,W
mAIheMlQe
mAIheMlQe
mAIheMlQe
mAIheMlQe
W,mAIheMlQe,mAIheMlQe,mAIheMlQe,mAIheMlQe,LaOye
mAIheMlQe
mAIheMlQe,mAIheMlQe,mAIheMlQe,W,mAIheMlQe,LaOye
mAIheMlQe,mAIheMlQe,mAIheMlQe,W,mAIheMlQe,LaOye
mAIheMlQe,mAIheMlQe,mAIheMlQe,W,mAIheMlQe,LaOye,W,bNHU
LaOye
mAIheMlQe,mAIheMlQe,LaOye,W,mAIheMlQe,W,bNHU
W
W
W,mAIheMlQe,mAIheMlQe,W,mAIheMlQe,LaOye,LaOye,W,bNHU
W
mAIheMlQe,LaOye,W,mAIheMlQe,W,mAIheMlQe
mAIheMlQe,W,mAIheMlQe,W,mAIheMlQe,mAIheMlQe
LaOye
LaOye
mAIheMlQe
W
mAIheMlQe,LaOye,W,mAIheMlQe,W,mAIheMlQe
W
mAIheMlQe,W,LaOye,mAIheMlQe,W,mAIheMlQe
LaOye,W,mAIheMlQe,mAIheMlQe,W,mAIheMlQe
LaOye,W,mAIheMlQe,mAIheMlQe,W,mAIheMlQe
mAIheMlQe,LaOye,W,mAIheMlQe,W,mAIheMlQe
mAIheMlQe,LaOye,W,mAIheMlQe,W,mAIheMlQe
W
W
W
bNHU,W,mAIheMlQe,W,mAIheMlQe
bNHU,W,mAIheMlQe,W,mAIheMlQe
mAIheMlQe
bNHU,mAIheMlQe,mAIheMlQe,W
mAIheMlQe
bNHU,mAIheMlQe,W,bNHU,mAIheMlQe
bNHU,mAIheMlQe,bNHU,mAIheMlQe,W
W
bNHU
bNHU,W,W,mAIheMlQe
W
bNHU,W,W,mAIheMlQe
bNHU,W,W,mAIheMlQe
bNHU,W,W,mAIheMlQe,bNHU
bNHU,W,W,mAIheMlQe,bNHU
bNHU,W,W,mAIheMlQe,bNHU
bNHU,W,W,mAIheMlQe,bNHU,bNHU,LaOye
mAIheMlQe
bNHU,W,W,mAIheMlQe,bNHU,bNHU
mAIheMlQe
mAIheMlQe
mAIheMlQe,bNHU,bNHU,bNHU,W,W
W,mAIheMlQe,bNHU
mAIheMlQe
bNHU,W,W,W,mAIheMlQe
bNHU,W,W,LaOye
bNHU
LaOye
bNHU,LaOye,W,mAIheMlQe
LaOye
LaOye
LaOye,W,mAIheMlQe,W,bNHU
Jedi Wagner, assuma o comando!