[vazia]
Toque! Toque, Dijê!
Toque! Toque, Dijê!
Toque! Toque, Dijê!
ocWCFRb
ocWCFRb
ocWCFRb
ocWCFRb
ocWCFRb
ocWCFRb,yM
iDZU
iDZU,yM
yM
yM
bRaml
yM
yM
yM,bRaml
yM,ocWCFRb,bRaml
ocWCFRb,yM,bRaml,yM
ocWCFRb,yM,bRaml,yM
ocWCFRb
ocWCFRb
ocWCFRb
ocWCFRb
yM
yM,bRaml
yM,bRaml
yM,bRaml,oySsji,ocWCFRb
yM,bRaml,oySsji,ocWCFRb
yM,bRaml,oySsji,ocWCFRb
yM,bRaml,oySsji,ocWCFRb
yM,bRaml,oySsji,ocWCFRb,bRaml
oySsji
yM,bRaml,oySsji,ocWCFRb
oySsji
bRaml,oySsji,ocWCFRb,bRaml
bRaml,oySsji,ocWCFRb,bRaml
ocWCFRb
bRaml,oySsji,ocWCFRb,bRaml
bRaml,oySsji,ocWCFRb,bRaml,of
bRaml,oySsji,ocWCFRb,bRaml
bRaml,oySsji,ocWCFRb,bRaml,oySsji
bRaml,oySsji,bRaml,oySsji
bRaml,oySsji,bRaml,oySsji
bRaml,oySsji,ocWCFRb,bRaml
ocWCFRb
yM
bRaml,bRaml,bRaml,ocWCFRb,ocWCFRb
bRaml
bRaml
bRaml,bRaml,bRaml,ocWCFRb,ocWCFRb,bRaml
bRaml
bRaml,bRaml,bRaml,ocWCFRb,ocWCFRb,bRaml,iDZU,ocWCFRb
bRaml,bRaml,bRaml,ocWCFRb,ocWCFRb,bRaml,iDZU,ocWCFRb
ocWCFRb
bRaml,bRaml,bRaml,ocWCFRb,ocWCFRb,bRaml,iDZU,ocWCFRb
iDZU
iDZU
iDZU
bRaml,bRaml,bRaml,ocWCFRb,iDZU,ocWCFRb,bRaml,ocWCFRb,ocWCFRb,oySsji,cR,bRaml
bRaml,bRaml,bRaml,ocWCFRb,ocWCFRb,bRaml,ocWCFRb,ocWCFRb,oySsji,cR,bRaml,bRaml
iDZU
iDZU
iDZU
iDZU
iDZU
bRaml,bRaml,bRaml,ocWCFRb,iDZU,ocWCFRb,bRaml,ocWCFRb,ocWCFRb,oySsji,yM,oySsji
iDZU
iDZU
iDZU
iDZU
bRaml,bRaml,bRaml,ocWCFRb,iDZU,ocWCFRb,bRaml,ocWCFRb,ocWCFRb,oySsji
Jedi Wagner, assuma o comando!