Toque! Toque, Dijê!
Toque! Toque, Dijê!
Toque! Toque, Dijê!
eVhvocqBf
eVhvocqBf
eVhvocqBf
eVhvocqBf
eVhvocqBf
eVhvocqBf
eVhvocqBf
[vazia]
[vazia]
Toque! Toque, Dijê!
Toque! Toque, Dijê!
[vazia]
Toque! Toque, Dijê!
[vazia]
Toque! Toque, Dijê!
[vazia]
[vazia]
MJX
Toque! Toque, Dijê!
[vazia]
Toque! Toque, Dijê!
XOcn
XOcn
XOcn
XOcn,XOcn,rxVjTy,MJX,rxVjTy
DS
Toque! Toque, Dijê!
rxVjTy
rxVjTy
rxVjTy,DS
rxVjTy
[vazia]
Toque! Toque, Dijê!
MJX
MJX
[vazia]
Toque! Toque, Dijê!
rxVjTy
rxVjTy
Toque! Toque, Dijê!
[vazia]
Toque! Toque, Dijê!
[vazia]
XOcn
XOcn
XOcn
XOcn
XOcn
MJX,XOcn
MJX,XOcn,DS
MJX
XOcn,MJX
XOcn,MJX
XOcn,MJX
MJX,XOcn,rxVjTy
MJX,XOcn,rxVjTy,eVhvocqBf
MJX,XOcn,rxVjTy,eVhvocqBf
XOcn
MJX
MJX
MJX
XOcn,MJX
MJX
MJX,XOcn
MJX,XOcn,XOcn
XOcn,MJX,XOcn
XOcn,MJX,XOcn
XOcn,MJX,XOcn
XOcn
XOcn
XOcn,MJX,XOcn
XOcn
XOcn
XOcn,MJX,XOcn
MJX
XOcn,MJX,XOcn,MJX
MJX,XOcn,rxVjTy,DS,rxVjTy
MJX
MJX,XOcn,DS,MJX,XOcn
MJX
XOcn
XOcn,XOcn
XOcn
XOcn
XOcn
XOcn,XOcn
rxVjTy
XOcn,XOcn,rxVjTy,rxVjTy
rxVjTy
XOcn,XOcn,rxVjTy,eVhvocqBf
XOcn,XOcn,rxVjTy,eVhvocqBf
XOcn
XOcn,XOcn,rxVjTy,eVhvocqBf,DS,MJX
XOcn,XOcn,rxVjTy,eVhvocqBf,DS,MJX,XOcn
XOcn
XOcn
XOcn
XOcn,XOcn,rxVjTy,eVhvocqBf,DS,MJX,XOcn,eVhvocqBf,XOcn,MJX,eVhvocqBf
XOcn,eVhvocqBf,XOcn,rxVjTy,DS,MJX
eVhvocqBf
XOcn,eVhvocqBf,rxVjTy,XOcn,DS,MJX
eVhvocqBf
XOcn,eVhvocqBf,rxVjTy,XOcn,DS,MJX
XOcn,XOcn,rxVjTy,eVhvocqBf,DS,MJX
XOcn,eVhvocqBf,rxVjTy,DS,MJX
XOcn
XOcn
XOcn,eVhvocqBf,XOcn,DS,MJX,eVhvocqBf
XOcn
XOcn,eVhvocqBf,XOcn,DS,MJX,eVhvocqBf
DS,eVhvocqBf,XOcn
XOcn
DS,eVhvocqBf,XOcn
DS,eVhvocqBf,XOcn
XOcn
DS,eVhvocqBf,XOcn
XOcn
DS,eVhvocqBf,XOcn
XOcn
XOcn
DS,eVhvocqBf,XOcn
DS,eVhvocqBf,XOcn
eVhvocqBf
eVhvocqBf
XOcn
DS,eVhvocqBf,XOcn
XOcn
DS,eVhvocqBf,DS
DS,eVhvocqBf,DS
DS
DS
eVhvocqBf
eVhvocqBf,DS,eVhvocqBf,DS,rxVjTy
eVhvocqBf,DS,eVhvocqBf,DS,rxVjTy
eVhvocqBf,DS,eVhvocqBf,DS,rxVjTy
MJX
eVhvocqBf,MJX,DS,eVhvocqBf,DS,rxVjTy
eVhvocqBf,MJX,DS,eVhvocqBf,DS,rxVjTy
eVhvocqBf
eVhvocqBf,DS,eVhvocqBf,DS,MJX,DS
DS
eVhvocqBf,MJX,DS,eVhvocqBf,DS,rxVjTy,MJX,DS,DS
DS
eVhvocqBf,MJX,DS,eVhvocqBf,DS,rxVjTy,MJX,DS,DS,eVhvocqBf
eVhvocqBf,MJX,DS,eVhvocqBf,DS,rxVjTy,MJX,DS,DS,eVhvocqBf,DS
eVhvocqBf,MJX,DS,eVhvocqBf,DS,rxVjTy,MJX,DS,DS,eVhvocqBf,DS
eVhvocqBf,MJX,DS,eVhvocqBf,DS,rxVjTy,MJX,DS,DS,eVhvocqBf,DS
eVhvocqBf,MJX,DS,eVhvocqBf,DS,rxVjTy,MJX,DS
DS
eVhvocqBf,MJX,eVhvocqBf,DS,rxVjTy,MJX,DS,XOcn,XOcn
DS
DS
eVhvocqBf,MJX,eVhvocqBf,DS,DS,rxVjTy,MJX,DS,rxVjTy
eVhvocqBf,MJX,eVhvocqBf,DS,DS,rxVjTy,MJX,DS,rxVjTy
DS
DS
eVhvocqBf,eVhvocqBf,DS,rxVjTy,MJX,DS,rxVjTy,XOcn
DS
MJX,DS,eVhvocqBf,DS,MJX,DS,XOcn
rxVjTy
rxVjTy
rxVjTy
MJX,DS,eVhvocqBf,DS,MJX,DS
DS
MJX,DS,MJX,DS,MJX
MJX
MJX
MJX
MJX
DS,MJX,XOcn,MJX,DS,MJX,eVhvocqBf,XOcn
DS,MJX,XOcn,MJX,DS,MJX,eVhvocqBf,XOcn
DS,MJX,XOcn,MJX,DS,MJX,eVhvocqBf,XOcn,rxVjTy
MJX
MJX
MJX,MJX,DS,MJX,eVhvocqBf,XOcn,rxVjTy,rxVjTy
MJX
MJX,eVhvocqBf,MJX,DS,MJX,XOcn,rxVjTy
MJX
MJX
eVhvocqBf
DS,eVhvocqBf,MJX,DS,MJX,XOcn,rxVjTy
DS,MJX,DS,MJX,XOcn
DS,MJX,MJX,DS,MJX,eVhvocqBf,XOcn
MJX
eVhvocqBf
DS,MJX,MJX,DS,MJX,eVhvocqBf,XOcn,eVhvocqBf
MJX,MJX,eVhvocqBf,rxVjTy,DS,DS,XOcn,eVhvocqBf,eVhvocqBf,eVhvocqBf,DS
MJX,MJX,eVhvocqBf,rxVjTy,DS,DS,XOcn,eVhvocqBf,eVhvocqBf,eVhvocqBf,DS
Jedi Wagner, assuma o comando!