h
h
h
h
h
[vazia]
LQw,LQw
LQw
LQw
LQw
LQw
OND
OND
OND
LQw,OND,LQw,OND
LQw
OND
LQw,LQw,OND,OND,fym,zWtbht
zWtbht
LQw,LQw,OND,zWtbht,OND,fym,mC,h,LQw
fym
LQw,LQw,OND,zWtbht,fym,OND,mC,h,LQw
fym
LQw,LQw,OND,zWtbht,fym,OND,mC,h,LQw,zWtbht
mC
mC
mC
mC
mC
LQw,LQw,OND,zWtbht,fym,OND,mC,h,LQw,zWtbht
mC
LQw,LQw,OND,zWtbht,fym,OND,mC,h,LQw,zWtbht
mC
mC
mC
LQw,LQw,OND,zWtbht,fym,OND,mC,h,LQw,zWtbht,h,h
LQw
mC
LQw,LQw,OND,zWtbht,fym,OND,mC,h,LQw,zWtbht
LQw,LQw,OND,zWtbht,fym,OND,mC,h,LQw,zWtbht,OND
mC
LQw,LQw,OND,zWtbht,fym,OND,mC,h,LQw,zWtbht,zWtbht
zWtbht
mC
mC
LQw,LQw,OND,zWtbht,fym,OND,mC,h,LQw,zWtbht
LQw
LQw,zWtbht,fym,OND,mC,h,LQw,LQw,zWtbht
LQw,zWtbht,OND,mC,h,LQw,LQw,fym,zWtbht
LQw,zWtbht,OND,mC,h,LQw,LQw,fym,zWtbht
zWtbht
OND,mC,h,LQw,LQw,zWtbht,fym,zWtbht,zWtbht
OND,mC,h,LQw,LQw,zWtbht,zWtbht,zWtbht,zWtbht
OND,mC,h,LQw,zWtbht,LQw,zWtbht,zWtbht,zWtbht
OND
LQw,zWtbht,fym,mC,h,LQw,LQw,zWtbht,OND
LQw,zWtbht,fym,mC,h,LQw,LQw,zWtbht
LQw,zWtbht,fym,mC,h,LQw,LQw,zWtbht
LQw
LQw,zWtbht,fym,mC,h,LQw,LQw,zWtbht
zWtbht
LQw,zWtbht,mC,h,LQw,LQw,zWtbht
LQw,zWtbht,mC,h,LQw,LQw,zWtbht,OND
LQw
zWtbht
zWtbht
LQw,zWtbht,mC,h,LQw,LQw,zWtbht,OND
LQw,zWtbht,mC,h,LQw,LQw,zWtbht,OND
LQw,zWtbht,mC,h,LQw,LQw,zWtbht,OND
LQw,zWtbht,mC,h,LQw,LQw,zWtbht,OND
zWtbht
zWtbht
zWtbht
LQw,zWtbht,mC,LQw,LQw,zWtbht,OND
zWtbht,mC,LQw,LQw,zWtbht,OND
zWtbht,mC,LQw,LQw,zWtbht,OND
zWtbht,mC,LQw,LQw,zWtbht,OND
zWtbht,mC,LQw,LQw,zWtbht,OND
LQw,zWtbht,mC,h,LQw,LQw,zWtbht,OND
zWtbht
LQw,zWtbht,mC,h,LQw,LQw,zWtbht,zWtbht
zWtbht
LQw,zWtbht,mC,h,LQw,LQw,zWtbht,OND
zWtbht
mC
LQw,mC,zWtbht,h,LQw,LQw,zWtbht,OND
mC
mC
zWtbht
zWtbht
zWtbht
zWtbht
zWtbht
zWtbht
mC,h,zWtbht,LQw,LQw,zWtbht,tscoJjZKd
mC,h,zWtbht,LQw,LQw,zWtbht,tscoJjZKd
mC,h,zWtbht,LQw,LQw,zWtbht,fym,fym,tscoJjZKd
LQw
zWtbht
LQw
mC,h,zWtbht,LQw,LQw,zWtbht,fym
LQw
h
h,LQw,mC,LQw,zWtbht,fym
LQw,mC,LQw,h,fym,zWtbht
LQw
LQw
LQw
LQw
mC,LQw,zWtbht,fym
mC,LQw,zWtbht,fym
mC,LQw,zWtbht,fym
mC,LQw,zWtbht,fym
LQw
h,LQw,mC,tscoJjZKd,LQw,zWtbht,fym
h,LQw,mC,LQw,zWtbht,fym
LQw
h,mC,LQw,LQw,fym
fym
h,mC,LQw,fym,LQw
h,mC,fym,LQw,fym
fym
fym
fym
fym
tscoJjZKd,fym,fym
tscoJjZKd,fym,fym
tscoJjZKd,fym,fym
tscoJjZKd,fym,fym
fym,fym
fym
fym,fym
fym
fym
fym,fym
fym
fym
fym
fym
fym,fym
fym
fym
fym,fym
fym
fym
fym
fym
h
h,OND
fym
fym
fym,fym
fym,fym
fym
fym
fym,tscoJjZKd,fym
fym,fym,tscoJjZKd
fym,fym,tscoJjZKd
fym
fym,fym,tscoJjZKd
fym,fym
fym,fym,mC
fym,fym,mC
mC
fym,fym,mC
fym,fym,tscoJjZKd,mC,tscoJjZKd,LQw
fym,fym,tscoJjZKd,mC,tscoJjZKd,LQw
tscoJjZKd
tscoJjZKd
tscoJjZKd
fym,fym,mC
fym,fym,mC
mC
fym,fym,mC
mC
tscoJjZKd
tscoJjZKd
tscoJjZKd
zWtbht
zWtbht
mC
fym,fym,mC,tscoJjZKd,zWtbht,zWtbht,zWtbht,mC
fym
fym
fym,mC,tscoJjZKd,zWtbht,zWtbht,zWtbht,mC
fym
fym
mC,tscoJjZKd,zWtbht,zWtbht,zWtbht,mC
mC
mC
mC,tscoJjZKd,zWtbht,zWtbht,zWtbht,mC,fym,tscoJjZKd,zWtbht
fym
fym,zWtbht,LQw,zWtbht,zWtbht,mC,h,fym
fym,LQw,h,zWtbht,zWtbht,mC,fym,LQw,mC
fym,LQw,h,zWtbht,zWtbht,mC,fym,LQw,mC
fym,LQw,h,zWtbht,zWtbht,mC,fym,LQw,mC
Jedi Wagner, assuma o comando!