Toque! Toque, Dijê!
Toque! Toque, Dijê!
TGOVljAhd,TGOVljAhd
Toque! Toque, Dijê!
Toque! Toque, Dijê!
Toque! Toque, Dijê!
Toque! Toque, Dijê!
[vazia]
[vazia]
Toque! Toque, Dijê!
TGOVljAhd
Toque! Toque, Dijê!
Toque! Toque, Dijê!
Toque! Toque, Dijê!
TGOVljAhd
TGOVljAhd
TGOVljAhd
TGOVljAhd
[vazia]
Toque! Toque, Dijê!
TGOVljAhd
TGOVljAhd
TGOVljAhd
TGOVljAhd
TGOVljAhd,TGOVljAhd,TGOVljAhd
TGOVljAhd,TGOVljAhd,TGOVljAhd
TGOVljAhd
TGOVljAhd,TGOVljAhd,TGOVljAhd
TGOVljAhd,TGOVljAhd
TGOVljAhd,TGOVljAhd
TGOVljAhd
TGOVljAhd,TGOVljAhd,TGOVljAhd,TGOVljAhd,TGOVljAhd
TGOVljAhd,TGOVljAhd,TGOVljAhd,TGOVljAhd,TGOVljAhd,TGOVljAhd,TGOVljAhd
TGOVljAhd,TGOVljAhd,TGOVljAhd,TGOVljAhd,TGOVljAhd,TGOVljAhd,TGOVljAhd,TGOVljAhd,TGOVljAhd,TGOVljAhd
TGOVljAhd
TGOVljAhd
TGOVljAhd,TGOVljAhd,TGOVljAhd,TGOVljAhd,TGOVljAhd,TGOVljAhd,TGOVljAhd,TGOVljAhd,TGOVljAhd,TGOVljAhd
TGOVljAhd,TGOVljAhd,TGOVljAhd
TGOVljAhd,TGOVljAhd,TGOVljAhd,TGOVljAhd
TGOVljAhd
TGOVljAhd,TGOVljAhd,TGOVljAhd,TGOVljAhd,TGOVljAhd
TGOVljAhd,TGOVljAhd,TGOVljAhd,TGOVljAhd
TGOVljAhd,TGOVljAhd,TGOVljAhd,TGOVljAhd,TGOVljAhd
TGOVljAhd
TGOVljAhd
TGOVljAhd,TGOVljAhd,TGOVljAhd,TGOVljAhd,TGOVljAhd
TGOVljAhd,TGOVljAhd,TGOVljAhd,TGOVljAhd,TGOVljAhd
TGOVljAhd
TGOVljAhd
TGOVljAhd
TGOVljAhd,TGOVljAhd,TGOVljAhd,TGOVljAhd,TGOVljAhd,TGOVljAhd
TGOVljAhd,TGOVljAhd,TGOVljAhd,TGOVljAhd,TGOVljAhd,TGOVljAhd,TGOVljAhd
TGOVljAhd,TGOVljAhd,TGOVljAhd,TGOVljAhd,TGOVljAhd,TGOVljAhd
TGOVljAhd,TGOVljAhd,TGOVljAhd,TGOVljAhd,TGOVljAhd,TGOVljAhd,TGOVljAhd
TGOVljAhd
TGOVljAhd,TGOVljAhd,TGOVljAhd,TGOVljAhd,TGOVljAhd,TGOVljAhd,TGOVljAhd,TGOVljAhd
TGOVljAhd
TGOVljAhd,TGOVljAhd,TGOVljAhd,TGOVljAhd,TGOVljAhd,TGOVljAhd,TGOVljAhd,TGOVljAhd
TGOVljAhd,TGOVljAhd,TGOVljAhd,TGOVljAhd,TGOVljAhd,TGOVljAhd,TGOVljAhd
TGOVljAhd,TGOVljAhd,TGOVljAhd,TGOVljAhd,TGOVljAhd,TGOVljAhd,TGOVljAhd
TGOVljAhd
TGOVljAhd,TGOVljAhd,TGOVljAhd,TGOVljAhd,TGOVljAhd,TGOVljAhd
TGOVljAhd,TGOVljAhd,TGOVljAhd,TGOVljAhd,TGOVljAhd
TGOVljAhd,TGOVljAhd,TGOVljAhd,TGOVljAhd,TGOVljAhd
TGOVljAhd,TGOVljAhd,TGOVljAhd,TGOVljAhd,TGOVljAhd
TGOVljAhd,TGOVljAhd,TGOVljAhd,TGOVljAhd,TGOVljAhd
TGOVljAhd
TGOVljAhd
TGOVljAhd,TGOVljAhd,TGOVljAhd,TGOVljAhd,TGOVljAhd,TGOVljAhd,TGOVljAhd,TGOVljAhd,TGOVljAhd
TGOVljAhd,TGOVljAhd,TGOVljAhd,TGOVljAhd,TGOVljAhd,TGOVljAhd,TGOVljAhd,TGOVljAhd
TGOVljAhd
TGOVljAhd
TGOVljAhd
TGOVljAhd
TGOVljAhd
TGOVljAhd
TGOVljAhd,TGOVljAhd,TGOVljAhd,TGOVljAhd,TGOVljAhd,TGOVljAhd,TGOVljAhd,TGOVljAhd,TGOVljAhd,TGOVljAhd
TGOVljAhd
TGOVljAhd,TGOVljAhd,TGOVljAhd,TGOVljAhd,TGOVljAhd,TGOVljAhd,TGOVljAhd,TGOVljAhd,TGOVljAhd
TGOVljAhd
TGOVljAhd,TGOVljAhd,TGOVljAhd,TGOVljAhd,TGOVljAhd,TGOVljAhd,TGOVljAhd,TGOVljAhd,TGOVljAhd
TGOVljAhd,TGOVljAhd,TGOVljAhd,TGOVljAhd,TGOVljAhd,TGOVljAhd,TGOVljAhd,TGOVljAhd,TGOVljAhd,TGOVljAhd,TGOVljAhd
TGOVljAhd,TGOVljAhd,TGOVljAhd,TGOVljAhd,TGOVljAhd,TGOVljAhd,TGOVljAhd,TGOVljAhd,TGOVljAhd,TGOVljAhd,TGOVljAhd
TGOVljAhd,TGOVljAhd,TGOVljAhd,TGOVljAhd,TGOVljAhd,TGOVljAhd,TGOVljAhd,TGOVljAhd,TGOVljAhd,TGOVljAhd
TGOVljAhd
TGOVljAhd
TGOVljAhd,TGOVljAhd,TGOVljAhd,TGOVljAhd,TGOVljAhd,TGOVljAhd,TGOVljAhd,TGOVljAhd,TGOVljAhd,TGOVljAhd,TGOVljAhd,TGOVljAhd,TGOVljAhd,TGOVljAhd,TGOVljAhd
TGOVljAhd
TGOVljAhd
TGOVljAhd
TGOVljAhd
TGOVljAhd,TGOVljAhd,TGOVljAhd,TGOVljAhd,TGOVljAhd,TGOVljAhd,TGOVljAhd,TGOVljAhd,TGOVljAhd,TGOVljAhd
TGOVljAhd
TGOVljAhd
TGOVljAhd,TGOVljAhd,TGOVljAhd,TGOVljAhd,TGOVljAhd,TGOVljAhd,TGOVljAhd,TGOVljAhd,TGOVljAhd,TGOVljAhd
TGOVljAhd
TGOVljAhd
TGOVljAhd,TGOVljAhd,TGOVljAhd,TGOVljAhd,TGOVljAhd,TGOVljAhd,TGOVljAhd,TGOVljAhd,TGOVljAhd
TGOVljAhd
TGOVljAhd
TGOVljAhd
TGOVljAhd,TGOVljAhd,TGOVljAhd,TGOVljAhd,TGOVljAhd,TGOVljAhd,TGOVljAhd,TGOVljAhd,TGOVljAhd,TGOVljAhd,TGOVljAhd
TGOVljAhd
TGOVljAhd,TGOVljAhd,TGOVljAhd,TGOVljAhd,TGOVljAhd,TGOVljAhd,TGOVljAhd,TGOVljAhd,TGOVljAhd,TGOVljAhd,TGOVljAhd
TGOVljAhd,TGOVljAhd,TGOVljAhd,TGOVljAhd,TGOVljAhd,TGOVljAhd,TGOVljAhd,TGOVljAhd,TGOVljAhd,TGOVljAhd,TGOVljAhd,TGOVljAhd
TGOVljAhd,TGOVljAhd,TGOVljAhd,TGOVljAhd,TGOVljAhd,TGOVljAhd,TGOVljAhd,TGOVljAhd,TGOVljAhd,TGOVljAhd,TGOVljAhd,TGOVljAhd,TGOVljAhd,TGOVljAhd
TGOVljAhd,TGOVljAhd,TGOVljAhd,TGOVljAhd,TGOVljAhd,TGOVljAhd,TGOVljAhd,TGOVljAhd,TGOVljAhd,TGOVljAhd,TGOVljAhd,TGOVljAhd,TGOVljAhd,TGOVljAhd,TGOVljAhd
TGOVljAhd
TGOVljAhd
TGOVljAhd
TGOVljAhd
TGOVljAhd,TGOVljAhd,TGOVljAhd,TGOVljAhd,TGOVljAhd,TGOVljAhd,TGOVljAhd,TGOVljAhd,TGOVljAhd,TGOVljAhd,TGOVljAhd,TGOVljAhd,TGOVljAhd,TGOVljAhd,TGOVljAhd,TGOVljAhd
TGOVljAhd,TGOVljAhd,TGOVljAhd,TGOVljAhd,TGOVljAhd,TGOVljAhd,TGOVljAhd,TGOVljAhd,TGOVljAhd,TGOVljAhd,TGOVljAhd,TGOVljAhd,TGOVljAhd,TGOVljAhd,TGOVljAhd,TGOVljAhd
TGOVljAhd
TGOVljAhd
TGOVljAhd,TGOVljAhd,TGOVljAhd,TGOVljAhd,TGOVljAhd,TGOVljAhd,TGOVljAhd,TGOVljAhd,TGOVljAhd,TGOVljAhd
TGOVljAhd,TGOVljAhd,TGOVljAhd,TGOVljAhd,TGOVljAhd,TGOVljAhd,TGOVljAhd,TGOVljAhd,TGOVljAhd,TGOVljAhd,TGOVljAhd
TGOVljAhd,TGOVljAhd,TGOVljAhd,TGOVljAhd,TGOVljAhd,TGOVljAhd,TGOVljAhd,TGOVljAhd,TGOVljAhd,TGOVljAhd,TGOVljAhd
TGOVljAhd
TGOVljAhd,TGOVljAhd,TGOVljAhd,TGOVljAhd,TGOVljAhd,TGOVljAhd,TGOVljAhd,TGOVljAhd,TGOVljAhd,TGOVljAhd,TGOVljAhd
TGOVljAhd,TGOVljAhd,TGOVljAhd,TGOVljAhd,TGOVljAhd,TGOVljAhd,TGOVljAhd,TGOVljAhd,TGOVljAhd,TGOVljAhd,TGOVljAhd
TGOVljAhd,TGOVljAhd,TGOVljAhd,TGOVljAhd,TGOVljAhd,TGOVljAhd,TGOVljAhd,TGOVljAhd,TGOVljAhd,TGOVljAhd,TGOVljAhd,TGOVljAhd,TGOVljAhd,TGOVljAhd
TGOVljAhd,TGOVljAhd,TGOVljAhd,TGOVljAhd,TGOVljAhd,TGOVljAhd,TGOVljAhd,TGOVljAhd,TGOVljAhd,TGOVljAhd,TGOVljAhd,TGOVljAhd,TGOVljAhd,TGOVljAhd
TGOVljAhd,TGOVljAhd,TGOVljAhd,TGOVljAhd,TGOVljAhd,TGOVljAhd,TGOVljAhd,TGOVljAhd,TGOVljAhd,TGOVljAhd,TGOVljAhd,TGOVljAhd,TGOVljAhd,TGOVljAhd
TGOVljAhd
TGOVljAhd,TGOVljAhd,TGOVljAhd,TGOVljAhd,TGOVljAhd,TGOVljAhd,TGOVljAhd,TGOVljAhd,TGOVljAhd,TGOVljAhd,TGOVljAhd,TGOVljAhd,TGOVljAhd,TGOVljAhd
TGOVljAhd
TGOVljAhd,TGOVljAhd,TGOVljAhd,TGOVljAhd,TGOVljAhd,TGOVljAhd,TGOVljAhd,TGOVljAhd,TGOVljAhd,TGOVljAhd,TGOVljAhd,TGOVljAhd,TGOVljAhd,TGOVljAhd,TGOVljAhd
TGOVljAhd,TGOVljAhd,TGOVljAhd,TGOVljAhd,TGOVljAhd,TGOVljAhd,TGOVljAhd,TGOVljAhd,TGOVljAhd,TGOVljAhd,TGOVljAhd,TGOVljAhd,TGOVljAhd,TGOVljAhd,TGOVljAhd,TGOVljAhd
TGOVljAhd
TGOVljAhd,TGOVljAhd,TGOVljAhd,TGOVljAhd,TGOVljAhd,TGOVljAhd,TGOVljAhd,TGOVljAhd,TGOVljAhd,TGOVljAhd,TGOVljAhd,TGOVljAhd,TGOVljAhd,TGOVljAhd
TGOVljAhd
TGOVljAhd,TGOVljAhd,TGOVljAhd,TGOVljAhd,TGOVljAhd,TGOVljAhd,TGOVljAhd,TGOVljAhd,TGOVljAhd,TGOVljAhd,TGOVljAhd,TGOVljAhd,TGOVljAhd,TGOVljAhd,TGOVljAhd,TGOVljAhd
TGOVljAhd
TGOVljAhd,TGOVljAhd,TGOVljAhd,TGOVljAhd,TGOVljAhd,TGOVljAhd,TGOVljAhd,TGOVljAhd,TGOVljAhd,TGOVljAhd,TGOVljAhd,TGOVljAhd,TGOVljAhd,TGOVljAhd
TGOVljAhd
TGOVljAhd
TGOVljAhd,TGOVljAhd,TGOVljAhd,TGOVljAhd,TGOVljAhd,TGOVljAhd,TGOVljAhd,TGOVljAhd,TGOVljAhd,TGOVljAhd,TGOVljAhd,TGOVljAhd,TGOVljAhd,TGOVljAhd
TGOVljAhd
TGOVljAhd
TGOVljAhd
TGOVljAhd,TGOVljAhd,TGOVljAhd,TGOVljAhd,TGOVljAhd,TGOVljAhd,TGOVljAhd,TGOVljAhd,TGOVljAhd,TGOVljAhd,TGOVljAhd,TGOVljAhd,TGOVljAhd,TGOVljAhd
TGOVljAhd,TGOVljAhd,TGOVljAhd,TGOVljAhd,TGOVljAhd,TGOVljAhd,TGOVljAhd,TGOVljAhd,TGOVljAhd,TGOVljAhd,TGOVljAhd,TGOVljAhd,TGOVljAhd,TGOVljAhd,TGOVljAhd
TGOVljAhd
TGOVljAhd
TGOVljAhd,TGOVljAhd,TGOVljAhd,TGOVljAhd,TGOVljAhd,TGOVljAhd,TGOVljAhd,TGOVljAhd,TGOVljAhd,TGOVljAhd,TGOVljAhd,TGOVljAhd,TGOVljAhd,TGOVljAhd,TGOVljAhd
TGOVljAhd,TGOVljAhd,TGOVljAhd,TGOVljAhd,TGOVljAhd,TGOVljAhd,TGOVljAhd,TGOVljAhd,TGOVljAhd,TGOVljAhd,TGOVljAhd,TGOVljAhd,TGOVljAhd,TGOVljAhd,TGOVljAhd
TGOVljAhd
TGOVljAhd
TGOVljAhd,TGOVljAhd,TGOVljAhd,TGOVljAhd,TGOVljAhd,TGOVljAhd,TGOVljAhd,TGOVljAhd,TGOVljAhd,TGOVljAhd,TGOVljAhd,TGOVljAhd,TGOVljAhd,TGOVljAhd
TGOVljAhd
TGOVljAhd,TGOVljAhd,TGOVljAhd,TGOVljAhd,TGOVljAhd,TGOVljAhd,TGOVljAhd,TGOVljAhd,TGOVljAhd,TGOVljAhd,TGOVljAhd,TGOVljAhd,TGOVljAhd,TGOVljAhd
TGOVljAhd,TGOVljAhd,TGOVljAhd,TGOVljAhd,TGOVljAhd,TGOVljAhd,TGOVljAhd,TGOVljAhd,TGOVljAhd,TGOVljAhd,TGOVljAhd,TGOVljAhd,TGOVljAhd,TGOVljAhd
TGOVljAhd,TGOVljAhd,TGOVljAhd,TGOVljAhd,TGOVljAhd,TGOVljAhd,TGOVljAhd,TGOVljAhd,TGOVljAhd,TGOVljAhd,TGOVljAhd,TGOVljAhd,TGOVljAhd,TGOVljAhd
TGOVljAhd
TGOVljAhd
TGOVljAhd
TGOVljAhd,TGOVljAhd,TGOVljAhd,TGOVljAhd,TGOVljAhd,TGOVljAhd,TGOVljAhd,TGOVljAhd,TGOVljAhd,TGOVljAhd,TGOVljAhd,TGOVljAhd,TGOVljAhd,TGOVljAhd
TGOVljAhd
TGOVljAhd
TGOVljAhd,TGOVljAhd,TGOVljAhd,TGOVljAhd,TGOVljAhd,TGOVljAhd,TGOVljAhd,TGOVljAhd,TGOVljAhd,TGOVljAhd,TGOVljAhd,TGOVljAhd,TGOVljAhd,TGOVljAhd
TGOVljAhd,TGOVljAhd,TGOVljAhd,TGOVljAhd,TGOVljAhd,TGOVljAhd,TGOVljAhd,TGOVljAhd,TGOVljAhd,TGOVljAhd,TGOVljAhd,TGOVljAhd,TGOVljAhd,TGOVljAhd
TGOVljAhd
TGOVljAhd
TGOVljAhd
TGOVljAhd
TGOVljAhd
TGOVljAhd,TGOVljAhd,TGOVljAhd,TGOVljAhd,TGOVljAhd,TGOVljAhd,TGOVljAhd,TGOVljAhd,TGOVljAhd,TGOVljAhd,TGOVljAhd,TGOVljAhd,TGOVljAhd,TGOVljAhd
TGOVljAhd
TGOVljAhd,TGOVljAhd,TGOVljAhd,TGOVljAhd,TGOVljAhd,TGOVljAhd,TGOVljAhd,TGOVljAhd,TGOVljAhd,TGOVljAhd,TGOVljAhd,TGOVljAhd,TGOVljAhd,TGOVljAhd,TGOVljAhd,TGOVljAhd
TGOVljAhd
TGOVljAhd,TGOVljAhd,TGOVljAhd,TGOVljAhd,TGOVljAhd,TGOVljAhd,TGOVljAhd,TGOVljAhd,TGOVljAhd,TGOVljAhd,TGOVljAhd,TGOVljAhd,TGOVljAhd,TGOVljAhd,TGOVljAhd
TGOVljAhd
TGOVljAhd,TGOVljAhd,TGOVljAhd,TGOVljAhd,TGOVljAhd,TGOVljAhd,TGOVljAhd,TGOVljAhd,TGOVljAhd,TGOVljAhd,TGOVljAhd,TGOVljAhd,TGOVljAhd
TGOVljAhd
TGOVljAhd
Jedi Wagner, assuma o comando!