[vazia]
Toque! Toque, Dijê!
Toque! Toque, Dijê!
[vazia]
CMkTj
CMkTj
CMkTj
CMkTj
[vazia]
o
Toque! Toque, Dijê!
[vazia]
[vazia]
Toque! Toque, Dijê!
JbqQToKksq
JbqQToKksq
JbqQToKksq
JbqQToKksq
JbqQToKksq
JbqQToKksq
JbqQToKksq
JbqQToKksq,jeX,NgXc
JbqQToKksq
JbqQToKksq
JbqQToKksq,jeX,pgRqTaQ
jeX
pgRqTaQ
JbqQToKksq,pgRqTaQ
JbqQToKksq,jeX,pgRqTaQ
JbqQToKksq,jeX,pgRqTaQ
JbqQToKksq,jeX,pgRqTaQ
JbqQToKksq,jeX,pgRqTaQ
JbqQToKksq,jeX,pgRqTaQ
jeX
jeX
JbqQToKksq,jeX,pgRqTaQ,pgRqTaQ
JbqQToKksq,jeX,pgRqTaQ
jeX
JbqQToKksq,jeX,pgRqTaQ
jeX
jeX,pgRqTaQ
jeX
jeX
jeX
JbqQToKksq,jeX
JbqQToKksq,jeX
JbqQToKksq
JbqQToKksq,jeX
JbqQToKksq,jeX
JbqQToKksq
jeX
JbqQToKksq,jeX,jeX
jeX
JbqQToKksq,jeX,jeX
JbqQToKksq
JbqQToKksq,jeX,jeX,CMkTj
JbqQToKksq
JbqQToKksq
JbqQToKksq,jeX,jeX,o
JbqQToKksq,jeX,jeX,OePhwc
JbqQToKksq,jeX,jeX,OePhwc
JbqQToKksq
JbqQToKksq
JbqQToKksq
JbqQToKksq,jeX,jeX,OePhwc
JbqQToKksq,jeX,jeX,OePhwc,jeX
JbqQToKksq
JbqQToKksq
JbqQToKksq
JbqQToKksq
JbqQToKksq,jeX,jeX,OePhwc,jeX
JbqQToKksq,jeX,jeX,OePhwc,jeX
JbqQToKksq,jeX,jeX,OePhwc,jeX
JbqQToKksq
OePhwc
OePhwc,JbqQToKksq,jeX,jeX,o
OePhwc,JbqQToKksq,jeX,jeX,o,JbqQToKksq
JbqQToKksq
JbqQToKksq,jeX,jeX,OePhwc
jeX,jeX,OePhwc
JbqQToKksq,jeX,jeX
jeX
JbqQToKksq,jeX,jeX,pgRqTaQ
jeX
JbqQToKksq,jeX,jeX,pgRqTaQ,CMkTj
jeX
NgXc
NgXc
JbqQToKksq,jeX,jeX,NgXc,praK
JbqQToKksq,jeX,jeX,NgXc,praK
praK
praK
JbqQToKksq,jeX,jeX,NgXc,praK,praK,pgRqTaQ
jeX
jeX
jeX
jeX
jeX
JbqQToKksq,jeX,praK,praK,praK,CMkTj
JbqQToKksq
jeX,JbqQToKksq,praK,praK,praK
jeX,JbqQToKksq,praK,praK,praK,NgXc
jeX,JbqQToKksq,praK,praK,NgXc
jeX,JbqQToKksq,praK,praK,NgXc
praK
jeX,JbqQToKksq,praK,praK,NgXc,pgRqTaQ
praK
NgXc
praK
jeX,JbqQToKksq,praK,NgXc,pgRqTaQ,JbqQToKksq
praK
jeX,JbqQToKksq,praK,NgXc,pgRqTaQ,o
jeX,JbqQToKksq,NgXc,praK,pgRqTaQ,praK
praK
NgXc
jeX,praK,NgXc,praK,CMkTj,praK,pgRqTaQ,OePhwc,OePhwc
praK
jeX,praK,NgXc,praK,CMkTj,praK,pgRqTaQ,OePhwc
praK
jeX,praK,NgXc,praK,CMkTj,praK,pgRqTaQ,OePhwc
praK
jeX,praK,NgXc,praK,CMkTj,praK,pgRqTaQ,OePhwc
jeX,praK,NgXc,praK,CMkTj,praK,pgRqTaQ,OePhwc
jeX,praK,NgXc,praK,CMkTj,praK,pgRqTaQ,OePhwc
praK
jeX,praK,praK,CMkTj,praK,pgRqTaQ,OePhwc
praK
CMkTj,praK,praK,praK,OePhwc
praK
praK
praK,praK,praK,pgRqTaQ,CMkTj,o
praK,praK,praK,pgRqTaQ,CMkTj,o
praK
CMkTj,praK,praK,praK,pgRqTaQ,OePhwc
CMkTj,praK,praK,praK,pgRqTaQ,OePhwc,JbqQToKksq
CMkTj,praK,praK,pgRqTaQ,OePhwc
praK
praK
praK
CMkTj,praK,praK,praK,pgRqTaQ,OePhwc
praK
praK
praK
CMkTj,praK,praK,praK,pgRqTaQ,OePhwc,o,JbqQToKksq
praK
praK
CMkTj,praK,praK,pgRqTaQ,OePhwc,o,JbqQToKksq
praK
praK
praK
CMkTj,praK,praK,pgRqTaQ,OePhwc,o,JbqQToKksq,pgRqTaQ,CMkTj
CMkTj,praK,praK,pgRqTaQ,OePhwc,o,JbqQToKksq,pgRqTaQ,CMkTj,NgXc,CMkTj
praK
CMkTj,praK,praK,praK,pgRqTaQ,OePhwc
praK
praK
praK,praK,praK,pgRqTaQ,OePhwc,JbqQToKksq
praK,praK,praK,pgRqTaQ,JbqQToKksq
praK
CMkTj,praK,praK,JbqQToKksq,praK,pgRqTaQ,OePhwc
praK
praK
praK
praK,praK,pgRqTaQ,OePhwc,JbqQToKksq
CMkTj,praK,praK,praK,pgRqTaQ,OePhwc,JbqQToKksq
CMkTj,praK,praK,praK,pgRqTaQ,OePhwc,JbqQToKksq
CMkTj,praK,praK,praK,pgRqTaQ,OePhwc,JbqQToKksq
CMkTj,praK,praK,praK,pgRqTaQ,OePhwc,JbqQToKksq
CMkTj,praK,praK,praK,pgRqTaQ,OePhwc,JbqQToKksq
CMkTj,praK,praK,praK,pgRqTaQ,OePhwc,JbqQToKksq
praK
CMkTj,praK,praK,praK,pgRqTaQ,OePhwc
CMkTj,praK,praK,praK,pgRqTaQ,OePhwc
CMkTj,praK,praK,OePhwc,praK,pgRqTaQ
OePhwc
OePhwc
OePhwc
praK
CMkTj,praK,praK,praK,pgRqTaQ,OePhwc,JbqQToKksq
CMkTj,praK,praK,praK,pgRqTaQ,OePhwc,JbqQToKksq,praK
CMkTj,praK,praK,praK,OePhwc,JbqQToKksq,praK
praK
CMkTj,praK,praK,praK,pgRqTaQ,OePhwc,JbqQToKksq
praK
praK
CMkTj,praK,praK,JbqQToKksq,o
praK
praK
praK
praK
CMkTj,praK,praK,praK,OePhwc,JbqQToKksq
CMkTj,praK,praK,OePhwc,JbqQToKksq,JbqQToKksq
praK
praK
praK,praK,praK,CMkTj,pgRqTaQ,OePhwc,JbqQToKksq
OePhwc
praK,OePhwc,praK,JbqQToKksq
praK
praK,OePhwc,praK,JbqQToKksq
praK,OePhwc,praK,JbqQToKksq
praK
praK,OePhwc,praK,JbqQToKksq
praK
praK
praK
praK
praK
praK,OePhwc,praK,JbqQToKksq
praK,OePhwc,praK,JbqQToKksq
praK,OePhwc,praK,JbqQToKksq,CMkTj
Jedi Wagner, assuma o comando!