[vazia]
[vazia]
Toque! Toque, Dijê!
[vazia]
f
f,FjT
f,FjT
f,FjT,VMRMF
f,FjT,VMRMF
f,FjT,VMRMF
FjT
FjT
FjT,VMRMF
f,FjT,VMRMF
VMRMF
f
f,FjT,Q,f,Kta,VMRMF
Kta
Kta
f,FjT,VMRMF,Q,f,Kta
Kta
f,FjT,VMRMF,Q,f,Kta
f,FjT,VMRMF,Q,f,Kta,Kta,EtKJNop
EtKJNop
f,VMRMF,Q,f,Kta,Kta,EtKJNop,VMRMF,pyG,PPv
f,Q,f,Kta,Kta,EtKJNop,VMRMF,pyG,PPv,PVyZdVhP
VMRMF
VMRMF
VMRMF
VMRMF
f,Q,f,Kta,Kta,EtKJNop,VMRMF,pyG,PPv,PVyZdVhP
Q,f,Kta,Kta,EtKJNop,VMRMF,f,pyG,PPv,PVyZdVhP
VMRMF
f,Kta,Kta,EtKJNop,VMRMF,f,pyG,PPv,PVyZdVhP
VMRMF
Q,f,Kta,Kta,EtKJNop,VMRMF,pyG,PPv,PVyZdVhP,FjT
Kta,EtKJNop,Kta,Q,PVyZdVhP,FjT,PPv,EtKJNop,FjT,pyG
PVyZdVhP
PVyZdVhP
Kta,EtKJNop,Kta,PVyZdVhP,FjT,PPv,EtKJNop,FjT,pyG,FjT
Kta,EtKJNop,Kta,Q,PVyZdVhP,FjT,PPv,EtKJNop,FjT,pyG
Kta,EtKJNop,Kta,Q,PVyZdVhP,FjT,PPv,EtKJNop,FjT,pyG
EtKJNop,Q,PVyZdVhP,FjT,PPv,EtKJNop,FjT,pyG,FjT
FjT
FjT
FjT
FjT
pyG
FjT
FjT
FjT
FjT
EtKJNop,Q,PVyZdVhP,FjT,PPv,EtKJNop,FjT,pyG,FjT,PPv,pyG,FjT
Kta,EtKJNop,Kta,Q,PVyZdVhP,FjT,PPv,EtKJNop,FjT,pyG
Kta,Kta,Q,FjT,EtKJNop,PPv,EtKJNop,FjT,pyG,Kta
Kta,Kta,Q,FjT,EtKJNop,PPv,EtKJNop,FjT,pyG,Kta,pyG
Kta,Kta,Q,FjT,EtKJNop,PPv,EtKJNop,FjT,pyG,Kta,pyG
EtKJNop
PPv
PPv
PPv
Kta,Kta,Q,PPv,EtKJNop,EtKJNop,FjT,pyG,Kta,pyG,EtKJNop
EtKJNop
Kta,Kta,Q,PPv,EtKJNop,EtKJNop,FjT,pyG,Kta,pyG,EtKJNop
EtKJNop
Kta,Kta,Q,PPv,EtKJNop,EtKJNop,FjT,pyG,Kta,pyG,EtKJNop
Kta,Kta,Q,PPv,EtKJNop,EtKJNop,FjT,pyG,Kta,pyG,EtKJNop
EtKJNop
Kta,Kta,PPv,EtKJNop,FjT,pyG,Kta,pyG,EtKJNop,FjT
EtKJNop
Kta,Kta,PPv,EtKJNop,FjT,pyG,Kta,pyG,EtKJNop,FjT,Kta,Hmv
Kta,Kta,PPv,EtKJNop,FjT,pyG,Kta,pyG,EtKJNop,FjT,Kta,Hmv
Kta,Kta,PPv,EtKJNop,FjT,pyG,Kta,pyG,EtKJNop,FjT,Kta,Hmv
FjT
FjT
Kta,Kta,PPv,EtKJNop,FjT,pyG,Kta,pyG,EtKJNop,FjT,Kta,Hmv,f
FjT
Kta,Kta,PPv,EtKJNop,FjT,pyG,Kta,pyG,EtKJNop,FjT,Kta,Hmv,f,Q
pyG
pyG
pyG
Kta,Kta,Kta,pyG,EtKJNop,FjT,EtKJNop,FjT,Kta,Hmv,f,Q,VMRMF,Hmv
Kta,EtKJNop,FjT,Kta,pyG,EtKJNop,FjT,Kta,Hmv,f,Q,VMRMF,VMRMF
EtKJNop
Kta,EtKJNop,FjT,Kta,pyG,EtKJNop,FjT,Kta,Hmv,f,Q,VMRMF,VMRMF
EtKJNop
Kta,EtKJNop,FjT,Kta,pyG,EtKJNop,FjT,Kta,Hmv,f,Q,VMRMF,VMRMF
Kta,EtKJNop,FjT,Kta,pyG,EtKJNop,FjT,Kta,Hmv,f,Q,VMRMF,VMRMF
EtKJNop
EtKJNop
Kta,EtKJNop,FjT,Kta,pyG,EtKJNop,FjT,Kta,Hmv,f,Q,VMRMF
EtKJNop
Kta,EtKJNop,FjT,Kta,pyG,EtKJNop,FjT,Kta,Hmv,f,Q,VMRMF
Kta,EtKJNop,FjT,Kta,pyG,EtKJNop,FjT,Kta,Hmv,Q,VMRMF,VMRMF
Kta,EtKJNop,FjT,Kta,pyG,EtKJNop,FjT,Kta,Hmv,Q,VMRMF,VMRMF
Kta,EtKJNop,FjT,Kta,pyG,EtKJNop,FjT,Kta,Hmv,Q,VMRMF,VMRMF,Q,Q
Kta,EtKJNop,FjT,Kta,pyG,EtKJNop,FjT,Kta,Hmv,Q,VMRMF,VMRMF,Q,Q,f,PVyZdVhP
Kta,EtKJNop,FjT,Kta,pyG,EtKJNop,FjT,Kta,Hmv,Q,VMRMF,VMRMF,Q,Q,f,PVyZdVhP
FjT
Kta,EtKJNop,FjT,Kta,pyG,EtKJNop,FjT,Kta,Hmv,Q,VMRMF,VMRMF,Q,Q,f,PVyZdVhP
pyG
VMRMF
Kta,EtKJNop,FjT,Kta,EtKJNop,FjT,pyG,Kta,Hmv,Q,VMRMF,VMRMF,Q,Q
EtKJNop,Kta,EtKJNop,FjT,pyG,Kta,Hmv,Q,VMRMF,VMRMF,Q,Q,PPv,Q
Jedi Wagner, assuma o comando!