[vazia]
Toque! Toque, Dijê!
Toque! Toque, Dijê!
[vazia]
Toque! Toque, Dijê!
[vazia]
Toque! Toque, Dijê!
[vazia]
IfNBX
Toque! Toque, Dijê!
IfNBX
IfNBX,IfNBX,IfNBX
IfNBX
IfNBX
IfNBX,IfNBX
IfNBX
IfNBX,IfNBX
IfNBX
IfNBX
IfNBX,IfNBX,IfNBX
IfNBX,IfNBX,IfNBX
IfNBX,IfNBX,IfNBX,IfNBX,IfNBX,IfNBX
IfNBX
IfNBX
IfNBX
IfNBX,IfNBX,IfNBX,IfNBX,IfNBX,IfNBX,IfNBX
IfNBX,IfNBX,IfNBX,IfNBX,IfNBX,IfNBX,IfNBX
IfNBX
IfNBX,IfNBX,IfNBX,IfNBX,IfNBX
IfNBX,IfNBX,IfNBX,IfNBX,IfNBX
IfNBX
IfNBX,IfNBX,IfNBX,IfNBX,IfNBX
IfNBX
IfNBX
IfNBX
IfNBX
IfNBX
IfNBX
IfNBX,IfNBX,IfNBX,IfNBX,IfNBX,IfNBX
IfNBX
IfNBX
IfNBX,IfNBX,IfNBX,IfNBX
IfNBX
IfNBX,IfNBX,IfNBX,IfNBX,IfNBX,IfNBX
IfNBX,IfNBX,IfNBX,IfNBX,IfNBX,IfNBX,IfNBX
IfNBX
IfNBX,IfNBX,IfNBX,IfNBX,IfNBX,IfNBX
IfNBX,IfNBX,IfNBX,IfNBX,IfNBX,IfNBX
IfNBX
IfNBX,IfNBX,IfNBX,IfNBX,IfNBX,IfNBX
IfNBX
IfNBX,IfNBX,IfNBX,IfNBX,IfNBX,IfNBX,IfNBX
IfNBX,IfNBX,IfNBX,IfNBX,IfNBX,IfNBX,IfNBX
IfNBX,IfNBX,IfNBX,IfNBX,IfNBX,IfNBX,IfNBX,IfNBX
IfNBX
IfNBX
IfNBX
IfNBX
IfNBX
IfNBX,IfNBX,IfNBX,IfNBX,IfNBX,IfNBX,IfNBX,IfNBX
IfNBX,IfNBX,IfNBX,IfNBX,IfNBX,IfNBX,IfNBX,IfNBX,IfNBX
IfNBX,IfNBX,IfNBX,IfNBX,IfNBX,IfNBX,IfNBX,IfNBX,IfNBX
IfNBX,IfNBX,IfNBX,IfNBX,IfNBX,IfNBX,IfNBX,IfNBX
IfNBX,IfNBX,IfNBX,IfNBX,IfNBX,IfNBX,IfNBX,IfNBX
IfNBX,IfNBX,IfNBX,IfNBX,IfNBX,IfNBX,IfNBX,IfNBX
IfNBX
IfNBX
IfNBX
IfNBX
IfNBX,IfNBX,IfNBX,IfNBX,IfNBX,IfNBX,IfNBX
IfNBX
IfNBX,IfNBX,IfNBX,IfNBX,IfNBX,IfNBX,IfNBX,IfNBX
IfNBX,IfNBX,IfNBX,IfNBX,IfNBX,IfNBX,IfNBX,IfNBX,IfNBX
IfNBX
IfNBX,IfNBX,IfNBX,IfNBX,IfNBX,IfNBX,IfNBX,IfNBX,IfNBX
IfNBX,IfNBX,IfNBX,IfNBX,IfNBX,IfNBX,IfNBX,IfNBX,IfNBX,IfNBX
IfNBX,IfNBX,IfNBX,IfNBX,IfNBX,IfNBX,IfNBX,IfNBX,IfNBX,IfNBX
IfNBX,IfNBX,IfNBX,IfNBX,IfNBX,IfNBX,IfNBX,IfNBX,IfNBX,IfNBX
IfNBX,IfNBX,IfNBX,IfNBX,IfNBX,IfNBX,IfNBX,IfNBX,IfNBX,IfNBX
IfNBX,IfNBX,IfNBX,IfNBX,IfNBX,IfNBX,IfNBX,IfNBX,IfNBX,IfNBX
IfNBX,IfNBX,IfNBX,IfNBX,IfNBX,IfNBX,IfNBX,IfNBX,IfNBX,IfNBX
IfNBX
IfNBX
IfNBX
IfNBX,IfNBX,IfNBX,IfNBX,IfNBX,IfNBX,IfNBX,IfNBX,IfNBX,IfNBX,IfNBX
IfNBX
IfNBX,IfNBX,IfNBX,IfNBX,IfNBX,IfNBX,IfNBX,IfNBX,IfNBX,IfNBX,IfNBX
IfNBX
IfNBX
IfNBX
IfNBX,IfNBX,IfNBX,IfNBX,IfNBX,IfNBX,IfNBX,IfNBX,IfNBX,IfNBX,IfNBX,IfNBX
IfNBX
IfNBX,IfNBX,IfNBX,IfNBX,IfNBX,IfNBX,IfNBX,IfNBX,IfNBX
IfNBX,IfNBX,IfNBX,IfNBX,IfNBX,IfNBX,IfNBX,IfNBX
IfNBX,IfNBX,IfNBX,IfNBX,IfNBX,IfNBX,IfNBX,IfNBX,IfNBX,IfNBX
IfNBX,IfNBX,IfNBX,IfNBX,IfNBX,IfNBX,IfNBX,IfNBX,IfNBX
IfNBX
IfNBX,IfNBX,IfNBX,IfNBX,IfNBX,IfNBX,IfNBX,IfNBX,IfNBX,IfNBX,IfNBX,IfNBX
IfNBX
IfNBX
IfNBX
IfNBX,IfNBX,IfNBX,IfNBX,IfNBX,IfNBX,IfNBX,IfNBX,IfNBX,IfNBX,IfNBX
IfNBX,IfNBX,IfNBX,IfNBX,IfNBX,IfNBX,IfNBX,IfNBX,IfNBX,IfNBX,IfNBX
IfNBX
IfNBX
IfNBX
Jedi Wagner, assuma o comando!