[vazia]
Toque! Toque, Dijê!
[vazia]
[vazia]
[vazia]
[vazia]
[vazia]
Toque! Toque, Dijê!
[vazia]
IbTgCG
IbTgCG
Toque! Toque, Dijê!
[vazia]
[vazia]
Toque! Toque, Dijê!
yLxFwPFXNa
yLxFwPFXNa
yLxFwPFXNa
[vazia]
Toque! Toque, Dijê!
[vazia]
[vazia]
Toque! Toque, Dijê!
OOrtg
OOrtg
OOrtg
fVMYTr
XKcNhiM
XKcNhiM
XKcNhiM
XKcNhiM
XKcNhiM
OOrtg
OOrtg
OOrtg
XKcNhiM,OOrtg,OOrtg,Vgk
Vgk
Vgk
XKcNhiM,OOrtg,OOrtg,Vgk,fVMYTr
XKcNhiM,OOrtg,OOrtg,Vgk,fVMYTr
XKcNhiM,OOrtg,OOrtg,Vgk
Vgk
Vgk
Vgk
XKcNhiM,OOrtg,OOrtg,Vgk,OOrtg
OOrtg,OOrtg,Vgk,OOrtg
OOrtg,OOrtg,Vgk,OOrtg,IbTgCG
Vgk
OOrtg,OOrtg,OOrtg
OOrtg,OOrtg,OOrtg
OOrtg
OOrtg,OOrtg,IbTgCG,IbTgCG
IbTgCG
OOrtg,OOrtg,IbTgCG,IbTgCG,yLxFwPFXNa
OOrtg
OOrtg,OOrtg,IbTgCG,IbTgCG,yLxFwPFXNa
OOrtg
OOrtg,OOrtg,IbTgCG,IbTgCG,yLxFwPFXNa
OOrtg,OOrtg,IbTgCG,IbTgCG,yLxFwPFXNa
OOrtg
OOrtg,OOrtg,IbTgCG,IbTgCG,yLxFwPFXNa
OOrtg,OOrtg,IbTgCG,IbTgCG
IbTgCG
OOrtg,OOrtg,IbTgCG,IbTgCG
OOrtg,OOrtg,IbTgCG,IbTgCG,yLxFwPFXNa
OOrtg,OOrtg,IbTgCG,IbTgCG,yLxFwPFXNa,Go,Jyp
IbTgCG
IbTgCG
OOrtg,OOrtg,Vgk,IbTgCG,yLxFwPFXNa
OOrtg,OOrtg,Vgk,IbTgCG,yLxFwPFXNa
OOrtg,OOrtg,IbTgCG,IbTgCG,yLxFwPFXNa,OOrtg,Vgk
IbTgCG
IbTgCG
yLxFwPFXNa
OOrtg
OOrtg,OOrtg,IbTgCG,IbTgCG,OOrtg,Vgk,IbTgCG
OOrtg
OOrtg,OOrtg,IbTgCG,IbTgCG,yLxFwPFXNa,OOrtg,OOrtg,Go,yLxFwPFXNa
OOrtg,OOrtg,IbTgCG,IbTgCG,yLxFwPFXNa,OOrtg,OOrtg,Go,yLxFwPFXNa
yLxFwPFXNa
OOrtg,OOrtg,IbTgCG,IbTgCG,Go,yLxFwPFXNa,OOrtg,OOrtg,yLxFwPFXNa,Jyp,XKcNhiM
OOrtg,OOrtg,IbTgCG,IbTgCG,Go,yLxFwPFXNa,OOrtg,OOrtg,yLxFwPFXNa,Jyp,XKcNhiM
fVMYTr
fVMYTr
fVMYTr
Jyp
Jyp
OOrtg,IbTgCG,IbTgCG,OOrtg,Jyp,XKcNhiM,fVMYTr,OOrtg,yLxFwPFXNa,cm,cm,XKcNhiM,Vgk
OOrtg,IbTgCG,IbTgCG,OOrtg,Jyp,XKcNhiM,Vgk,fVMYTr,OOrtg,yLxFwPFXNa,cm,cm,XKcNhiM,IbTgCG,yLxFwPFXNa
IbTgCG,OOrtg,Jyp,XKcNhiM,OOrtg,Vgk,fVMYTr,OOrtg,yLxFwPFXNa,cm,cm,XKcNhiM,IbTgCG,yLxFwPFXNa,Vgk
OOrtg
IbTgCG,OOrtg,Jyp,OOrtg,XKcNhiM,cm,Vgk,fVMYTr,OOrtg,yLxFwPFXNa,cm,XKcNhiM,IbTgCG,yLxFwPFXNa,Vgk
OOrtg
IbTgCG,OOrtg,Jyp,XKcNhiM,OOrtg,Vgk,fVMYTr,OOrtg,yLxFwPFXNa,cm,XKcNhiM,IbTgCG,yLxFwPFXNa,Vgk
OOrtg
IbTgCG,OOrtg,Jyp,XKcNhiM,OOrtg,Vgk,fVMYTr,OOrtg,yLxFwPFXNa,cm,XKcNhiM,IbTgCG,yLxFwPFXNa,Vgk
OOrtg
IbTgCG,OOrtg,Jyp,XKcNhiM,OOrtg,Vgk,fVMYTr,OOrtg,yLxFwPFXNa,cm,XKcNhiM,IbTgCG,yLxFwPFXNa,Vgk
IbTgCG,OOrtg,Jyp,XKcNhiM,OOrtg,Vgk,fVMYTr,OOrtg,yLxFwPFXNa,cm,cm,XKcNhiM,IbTgCG,yLxFwPFXNa,Vgk
IbTgCG,OOrtg,Jyp,XKcNhiM,OOrtg,Vgk,fVMYTr,OOrtg,yLxFwPFXNa,cm,cm,XKcNhiM,IbTgCG,yLxFwPFXNa,Vgk
OOrtg
IbTgCG,OOrtg,Jyp,XKcNhiM,OOrtg,Vgk,fVMYTr,OOrtg,yLxFwPFXNa,cm,cm,XKcNhiM,IbTgCG,yLxFwPFXNa,Vgk
OOrtg
OOrtg
OOrtg
IbTgCG,OOrtg,Jyp,XKcNhiM,OOrtg,Vgk,fVMYTr,OOrtg,yLxFwPFXNa,cm,cm,XKcNhiM,IbTgCG,yLxFwPFXNa,Vgk
yLxFwPFXNa
yLxFwPFXNa
yLxFwPFXNa
OOrtg,Jyp,yLxFwPFXNa,XKcNhiM,OOrtg,IbTgCG,Vgk,fVMYTr,OOrtg,cm,cm,XKcNhiM,IbTgCG,yLxFwPFXNa,Vgk,IbTgCG,Vgk
OOrtg,Jyp,yLxFwPFXNa,OOrtg,fVMYTr,IbTgCG,Vgk,OOrtg,cm,cm,XKcNhiM,IbTgCG,yLxFwPFXNa,Vgk,IbTgCG,Vgk,Go
OOrtg
OOrtg
Jyp,XKcNhiM,OOrtg,OOrtg,IbTgCG,Vgk,fVMYTr,OOrtg,cm,cm,XKcNhiM,IbTgCG,yLxFwPFXNa,Vgk,IbTgCG,Vgk,Go
cm
cm
OOrtg
OOrtg,Jyp,yLxFwPFXNa,XKcNhiM,OOrtg,IbTgCG,Vgk,fVMYTr,OOrtg,cm,cm,XKcNhiM,IbTgCG,yLxFwPFXNa,Vgk,IbTgCG,Vgk,Go
OOrtg,Jyp,yLxFwPFXNa,XKcNhiM,IbTgCG,OOrtg,fVMYTr,OOrtg,cm,cm,XKcNhiM,IbTgCG,yLxFwPFXNa,Vgk,IbTgCG,Vgk,Go,Jyp
IbTgCG
OOrtg,Jyp,yLxFwPFXNa,XKcNhiM,IbTgCG,OOrtg,fVMYTr,OOrtg,cm,cm,XKcNhiM,IbTgCG,yLxFwPFXNa,Vgk,IbTgCG,Vgk,Jyp
IbTgCG
OOrtg,Jyp,yLxFwPFXNa,XKcNhiM,OOrtg,IbTgCG,Vgk,fVMYTr,OOrtg,cm,cm,XKcNhiM,IbTgCG,yLxFwPFXNa,Vgk,IbTgCG,Vgk,Go
OOrtg,Jyp,yLxFwPFXNa,XKcNhiM,OOrtg,IbTgCG,Vgk,fVMYTr,OOrtg,cm,cm,XKcNhiM,IbTgCG,yLxFwPFXNa,Vgk,IbTgCG,Vgk,Go,NfEyhyz
OOrtg,Jyp,yLxFwPFXNa,XKcNhiM,OOrtg,IbTgCG,Vgk,fVMYTr,OOrtg,cm,cm,XKcNhiM,IbTgCG,yLxFwPFXNa,Vgk,IbTgCG,Vgk,Go,NfEyhyz
OOrtg,Jyp,yLxFwPFXNa,XKcNhiM,OOrtg,IbTgCG,Vgk,fVMYTr,OOrtg,cm,cm,XKcNhiM,IbTgCG,yLxFwPFXNa,Vgk,IbTgCG,Vgk,Go,NfEyhyz
OOrtg
OOrtg,Jyp,yLxFwPFXNa,XKcNhiM,OOrtg,IbTgCG,Vgk,fVMYTr,OOrtg,cm,cm,XKcNhiM,IbTgCG,yLxFwPFXNa,Vgk,IbTgCG,Vgk,Go,NfEyhyz
OOrtg
yLxFwPFXNa,XKcNhiM,OOrtg,OOrtg,Vgk,IbTgCG,OOrtg,cm,cm,XKcNhiM,IbTgCG,yLxFwPFXNa,Vgk,IbTgCG,Vgk,Go,NfEyhyz,Vgk,cm
OOrtg,Jyp,yLxFwPFXNa,XKcNhiM,OOrtg,IbTgCG,Vgk,fVMYTr,OOrtg,cm,cm,XKcNhiM,IbTgCG,yLxFwPFXNa,Vgk,IbTgCG,Vgk,Go
OOrtg
OOrtg
OOrtg
OOrtg,Jyp,XKcNhiM,OOrtg,IbTgCG,Vgk,fVMYTr,OOrtg,cm,cm,XKcNhiM,IbTgCG,yLxFwPFXNa,Vgk,IbTgCG,Vgk,Go,cm
OOrtg,Jyp,XKcNhiM,OOrtg,IbTgCG,Vgk,fVMYTr,OOrtg,cm,cm,XKcNhiM,IbTgCG,yLxFwPFXNa,Vgk,IbTgCG,Vgk,Go,cm
OOrtg,Jyp,XKcNhiM,OOrtg,IbTgCG,Vgk,fVMYTr,OOrtg,cm,cm,XKcNhiM,IbTgCG,yLxFwPFXNa,Vgk,IbTgCG,Vgk,Go,cm,fVMYTr
Vgk
OOrtg,Jyp,XKcNhiM,OOrtg,IbTgCG,Vgk,fVMYTr,OOrtg,cm,cm,XKcNhiM,IbTgCG,yLxFwPFXNa,Vgk,IbTgCG,Vgk,Go,cm,fVMYTr
fVMYTr
OOrtg,Jyp,XKcNhiM,OOrtg,fVMYTr,IbTgCG,OOrtg,cm,cm,XKcNhiM,IbTgCG,yLxFwPFXNa,Vgk,IbTgCG,Vgk,Go,cm,fVMYTr
OOrtg,Jyp,XKcNhiM,OOrtg,IbTgCG,fVMYTr,OOrtg,cm,cm,XKcNhiM,IbTgCG,yLxFwPFXNa,Vgk,IbTgCG,Vgk,Go,cm,fVMYTr
Vgk
Vgk
Vgk
Jyp,XKcNhiM,OOrtg,IbTgCG,Vgk,fVMYTr,OOrtg,cm,cm,XKcNhiM,IbTgCG,IbTgCG,Vgk,Go,cm,fVMYTr,XKcNhiM
OOrtg
OOrtg
Jyp,XKcNhiM,OOrtg,IbTgCG,OOrtg,Vgk,cm,cm,XKcNhiM,IbTgCG,yLxFwPFXNa,IbTgCG,Vgk,Go,cm,fVMYTr,XKcNhiM,yLxFwPFXNa
Jyp,XKcNhiM,IbTgCG,OOrtg,Vgk,cm,cm,XKcNhiM,IbTgCG,yLxFwPFXNa,IbTgCG,Vgk,Go,cm,fVMYTr,XKcNhiM,yLxFwPFXNa
Vgk
Vgk
Vgk
Go
Go
Go
Jyp,XKcNhiM,IbTgCG,OOrtg,Vgk,Go,cm,cm,XKcNhiM,IbTgCG,yLxFwPFXNa,IbTgCG,Vgk,cm,fVMYTr,XKcNhiM,yLxFwPFXNa
Go
Jyp,XKcNhiM,IbTgCG,OOrtg,Vgk,Go,cm,cm,XKcNhiM,IbTgCG,yLxFwPFXNa,IbTgCG,Vgk,cm,fVMYTr,XKcNhiM,yLxFwPFXNa
Go
Jyp,IbTgCG,Vgk,Go,XKcNhiM,cm,cm,XKcNhiM,IbTgCG,IbTgCG,Vgk,cm,fVMYTr,XKcNhiM,yLxFwPFXNa,Vgk,fVMYTr,Vgk
Vgk
Jyp,IbTgCG,Go,Vgk,XKcNhiM,cm,cm,XKcNhiM,IbTgCG,IbTgCG,Vgk,cm,fVMYTr,XKcNhiM,yLxFwPFXNa,Vgk,fVMYTr,Vgk,Jyp
IbTgCG
Jyp,Go,Vgk,IbTgCG,XKcNhiM,cm,cm,XKcNhiM,IbTgCG,IbTgCG,Vgk,cm,fVMYTr,XKcNhiM,yLxFwPFXNa,Vgk,fVMYTr,Vgk,Jyp,NfEyhyz
XKcNhiM
XKcNhiM
Jyp,Go,Vgk,IbTgCG,XKcNhiM,cm,cm,XKcNhiM,IbTgCG,IbTgCG,Vgk,cm,fVMYTr,XKcNhiM,yLxFwPFXNa,Vgk,fVMYTr,Vgk,Jyp,NfEyhyz
Jyp,Go,Vgk,IbTgCG,XKcNhiM,cm,cm,XKcNhiM,IbTgCG,IbTgCG,Vgk,cm,fVMYTr,XKcNhiM,yLxFwPFXNa,Vgk,fVMYTr,Vgk,Jyp,NfEyhyz
Jyp,Go,Vgk,IbTgCG,XKcNhiM,cm,cm,XKcNhiM,IbTgCG,IbTgCG,Vgk,cm,fVMYTr,XKcNhiM,yLxFwPFXNa,Vgk,fVMYTr,Vgk,Jyp,NfEyhyz
cm
Jyp,Vgk,cm,Go,cm,XKcNhiM,IbTgCG,NfEyhyz,IbTgCG,IbTgCG,Vgk,cm,fVMYTr,XKcNhiM,yLxFwPFXNa,Vgk,fVMYTr,Vgk,Jyp,yLxFwPFXNa
Jyp,Vgk,cm,Go,cm,XKcNhiM,IbTgCG,NfEyhyz,IbTgCG,IbTgCG,Vgk,cm,fVMYTr,XKcNhiM,yLxFwPFXNa,Vgk,fVMYTr,Vgk,Jyp,yLxFwPFXNa
NfEyhyz
NfEyhyz
Jyp,Vgk,cm,Go,cm,XKcNhiM,IbTgCG,NfEyhyz,IbTgCG,IbTgCG,Vgk,cm,fVMYTr,XKcNhiM,yLxFwPFXNa,Vgk,fVMYTr,Vgk,Jyp,yLxFwPFXNa
IbTgCG
Jyp,Vgk,cm,Go,cm,XKcNhiM,IbTgCG,NfEyhyz,IbTgCG,IbTgCG,Vgk,cm,fVMYTr,XKcNhiM,yLxFwPFXNa,Vgk,fVMYTr,Vgk,Jyp,yLxFwPFXNa
Jyp,Vgk,cm,Go,cm,XKcNhiM,IbTgCG,NfEyhyz,IbTgCG,IbTgCG,Vgk,cm,fVMYTr,XKcNhiM,yLxFwPFXNa,Vgk,fVMYTr,Vgk,Jyp,yLxFwPFXNa
Jyp,cm,Go,cm,IbTgCG,NfEyhyz,IbTgCG,IbTgCG,Vgk,cm,fVMYTr,XKcNhiM,yLxFwPFXNa,Vgk,fVMYTr,Vgk,Jyp,yLxFwPFXNa
IbTgCG
cm
cm
Jyp,Vgk,Go,XKcNhiM,IbTgCG,NfEyhyz,IbTgCG,IbTgCG,cm,cm,Vgk,cm,fVMYTr,XKcNhiM,yLxFwPFXNa,Vgk,fVMYTr,Vgk,Jyp,yLxFwPFXNa
Jyp,Vgk,Go,XKcNhiM,IbTgCG,IbTgCG,IbTgCG,cm,cm,Vgk,cm,fVMYTr,XKcNhiM,yLxFwPFXNa,Vgk,fVMYTr,Vgk,Jyp,yLxFwPFXNa
Jyp,Vgk,cm,Go,cm,XKcNhiM,IbTgCG,NfEyhyz,IbTgCG,IbTgCG,Vgk,cm,fVMYTr,XKcNhiM,yLxFwPFXNa,Vgk,fVMYTr,Vgk,Jyp,yLxFwPFXNa
Vgk
IbTgCG
IbTgCG
NfEyhyz
Jyp,cm,XKcNhiM,IbTgCG,IbTgCG,Vgk,cm,IbTgCG,NfEyhyz,cm,fVMYTr,XKcNhiM,yLxFwPFXNa,Vgk,fVMYTr,Vgk,Jyp,yLxFwPFXNa,Jyp,fVMYTr,yLxFwPFXNa
Jyp,cm,XKcNhiM,IbTgCG,Vgk,cm,IbTgCG,NfEyhyz,fVMYTr,cm,XKcNhiM,yLxFwPFXNa,Vgk,fVMYTr,Vgk,Jyp,yLxFwPFXNa,Jyp,fVMYTr,yLxFwPFXNa
Jyp,cm,XKcNhiM,IbTgCG,Vgk,cm,IbTgCG,NfEyhyz,fVMYTr,cm,XKcNhiM,yLxFwPFXNa,Vgk,fVMYTr,Vgk,Jyp,yLxFwPFXNa,Jyp,fVMYTr,yLxFwPFXNa
XKcNhiM
XKcNhiM
Jyp,cm,XKcNhiM,IbTgCG,Vgk,cm,IbTgCG,fVMYTr,cm,XKcNhiM,yLxFwPFXNa,Vgk,fVMYTr,Vgk,Jyp,yLxFwPFXNa,Jyp,fVMYTr,yLxFwPFXNa,fVMYTr,fVMYTr
XKcNhiM
XKcNhiM
cm,IbTgCG,Vgk,cm,IbTgCG,NfEyhyz,fVMYTr,cm,XKcNhiM,XKcNhiM,yLxFwPFXNa,Vgk,fVMYTr,Vgk,Jyp,yLxFwPFXNa,Jyp,fVMYTr,yLxFwPFXNa
XKcNhiM
XKcNhiM
Jyp,cm,XKcNhiM,IbTgCG,Vgk,cm,IbTgCG,NfEyhyz,fVMYTr,cm,XKcNhiM,yLxFwPFXNa,Vgk,fVMYTr,Vgk,Jyp,yLxFwPFXNa,Jyp,fVMYTr,yLxFwPFXNa,NfEyhyz,XKcNhiM
Jyp,cm,XKcNhiM,IbTgCG,Vgk,cm,IbTgCG,NfEyhyz,fVMYTr,cm,XKcNhiM,yLxFwPFXNa,Vgk,fVMYTr,Vgk,Jyp,yLxFwPFXNa,Jyp,fVMYTr,yLxFwPFXNa,NfEyhyz,XKcNhiM
Jyp,cm,XKcNhiM,IbTgCG,Vgk,cm,IbTgCG,NfEyhyz,fVMYTr,cm,XKcNhiM,yLxFwPFXNa,Vgk,fVMYTr,Vgk,Jyp,yLxFwPFXNa,Jyp,fVMYTr,yLxFwPFXNa,NfEyhyz,XKcNhiM
Jyp,cm,XKcNhiM,IbTgCG,Vgk,cm,IbTgCG,NfEyhyz,fVMYTr,cm,XKcNhiM,yLxFwPFXNa,Vgk,fVMYTr,Vgk,Jyp,yLxFwPFXNa,Jyp,fVMYTr,yLxFwPFXNa,NfEyhyz,XKcNhiM
yLxFwPFXNa
yLxFwPFXNa
yLxFwPFXNa
yLxFwPFXNa
yLxFwPFXNa
yLxFwPFXNa
yLxFwPFXNa
cm,XKcNhiM,IbTgCG,Vgk,cm,IbTgCG,NfEyhyz,fVMYTr,cm,XKcNhiM,yLxFwPFXNa,Vgk,fVMYTr,Vgk,Jyp,yLxFwPFXNa,Jyp,fVMYTr,yLxFwPFXNa,NfEyhyz,XKcNhiM,NfEyhyz
yLxFwPFXNa
Jyp,cm,XKcNhiM,IbTgCG,Vgk,cm,IbTgCG,NfEyhyz,fVMYTr,cm,XKcNhiM,yLxFwPFXNa,Vgk,fVMYTr,Vgk,Jyp,yLxFwPFXNa,Jyp,fVMYTr,yLxFwPFXNa,NfEyhyz,XKcNhiM,NfEyhyz
yLxFwPFXNa
yLxFwPFXNa
yLxFwPFXNa
Jyp,XKcNhiM,IbTgCG,Vgk,cm,IbTgCG,NfEyhyz,fVMYTr,cm,XKcNhiM,yLxFwPFXNa,Vgk,fVMYTr,Vgk,Jyp,yLxFwPFXNa,Jyp,fVMYTr,yLxFwPFXNa,NfEyhyz,XKcNhiM,NfEyhyz,NfEyhyz,Jyp
yLxFwPFXNa
yLxFwPFXNa
yLxFwPFXNa
Jyp,IbTgCG,Vgk,cm,IbTgCG,fVMYTr,cm,XKcNhiM,yLxFwPFXNa,Vgk,fVMYTr,Vgk,Jyp,yLxFwPFXNa,Jyp,fVMYTr,yLxFwPFXNa,NfEyhyz,XKcNhiM,NfEyhyz,NfEyhyz,Jyp
Jyp,IbTgCG,Vgk,cm,IbTgCG,fVMYTr,cm,XKcNhiM,yLxFwPFXNa,Vgk,fVMYTr,Vgk,Jyp,yLxFwPFXNa,Jyp,fVMYTr,yLxFwPFXNa,NfEyhyz,XKcNhiM,NfEyhyz,NfEyhyz,Jyp
Jedi Wagner, assuma o comando!