u
u,xvJE
u,xvJE
u,xvJE
[vazia]
Toque! Toque, Dijê!
[vazia]
ngdzxy
Toque! Toque, Dijê!
[vazia]
[vazia]
Toque! Toque, Dijê!
kh
kh,YDFjEV
kh
kh
kh,YDFjEV
YDFjEV
YDFjEV
YDFjEV
YDFjEV
YDFjEV
kh,YDFjEV
YDFjEV,kh
YDFjEV,kh,j
YDFjEV,kh,j
YDFjEV
kh,YDFjEV
kh,YDFjEV,kh
kh
kh
kh
kh
kh
kh,YDFjEV,kh,ngdzxy,xvJE
kh,YDFjEV,kh,ngdzxy,u
ngdzxy
kh,YDFjEV,kh,ngdzxy,u,xvJE,UFcf
u
kh,kh,ngdzxy,u,xvJE,UFcf,ngdzxy
u
kh,kh,ngdzxy,u,xvJE,UFcf,ngdzxy
xvJE
xvJE
kh,kh,ngdzxy,u,xvJE,UFcf,ngdzxy
kh,xvJE,UFcf,kh,ngdzxy,u,ngdzxy,xvJE,xvJE,kh
kh,xvJE,UFcf,kh,ngdzxy,u,ngdzxy,xvJE,xvJE,kh
kh
kh,xvJE,UFcf,kh,ngdzxy,u,ngdzxy,xvJE,xvJE,kh
ngdzxy
UFcf,kh,ngdzxy,kh,u,ngdzxy,xvJE,xvJE,kh
xvJE
xvJE
xvJE
xvJE
u,ngdzxy,xvJE,xvJE,kh,u,kh
u,xvJE,ngdzxy,u,kh,YDFjEV
xvJE
kh,u,xvJE,xvJE,ngdzxy,kh,xvJE
u,ngdzxy,xvJE,xvJE,kh
u
u,ngdzxy,xvJE,xvJE,kh,ngdzxy
u
xvJE
u,xvJE,xvJE,kh,u
xvJE
u,xvJE,xvJE,kh,u
xvJE
xvJE
u,xvJE,xvJE,kh,ngdzxy,u
u,xvJE,xvJE,kh,ngdzxy,u
xvJE
xvJE
kh
u,xvJE,xvJE,kh,ngdzxy,u,u
u,xvJE,kh,u,u
u,xvJE,kh,u,u,u
u
u
xvJE,u,kh,u,u,xvJE
u
u
u
u
u,xvJE,u,xvJE
xvJE
xvJE
xvJE,u,xvJE
xvJE
xvJE,u,xvJE
xvJE,u,xvJE,YDFjEV
xvJE
xvJE,u,xvJE,YDFjEV
xvJE
xvJE,u,YDFjEV,xvJE
xvJE,YDFjEV,xvJE
xvJE,YDFjEV,xvJE
YDFjEV
xvJE,YDFjEV,xvJE
YDFjEV
YDFjEV
xvJE,u,xvJE,YDFjEV
xvJE,u,xvJE
xvJE,u,xvJE
u
u
xvJE
xvJE,u,xvJE,YDFjEV
xvJE
xvJE,u,xvJE,YDFjEV
xvJE,u,xvJE,YDFjEV
xvJE
xvJE
xvJE
xvJE
YDFjEV
xvJE
xvJE,u,xvJE,YDFjEV,kh,u,u
xvJE
xvJE,u,xvJE,YDFjEV
xvJE,u,xvJE,j
xvJE
xvJE,u,xvJE,YDFjEV,j
xvJE,u,xvJE,YDFjEV,j
xvJE,u,xvJE,YDFjEV,j
xvJE,YDFjEV,u,j
u
xvJE,YDFjEV,u,j,YDFjEV
xvJE,YDFjEV,u,j,YDFjEV
xvJE,YDFjEV,kh,u,j,YDFjEV
YDFjEV,kh,u,j,YDFjEV
j
xvJE,u,xvJE,YDFjEV,j
xvJE,u,xvJE,YDFjEV,j
xvJE,u,xvJE,YDFjEV,j,ngdzxy
YDFjEV
xvJE,xvJE,YDFjEV,j,u
xvJE,xvJE,YDFjEV,j,u
xvJE,u,xvJE,YDFjEV,j
xvJE,xvJE,YDFjEV,u,xvJE,u
u
u
u
u
xvJE,xvJE,YDFjEV,u,xvJE,u,j
xvJE,xvJE,YDFjEV,u,xvJE,u,j
xvJE,xvJE,YDFjEV,u,xvJE,u,j,ngdzxy
xvJE,xvJE,YDFjEV,u,xvJE,u,j,ngdzxy
xvJE,xvJE,YDFjEV,u,xvJE,u,j,ngdzxy
xvJE,xvJE,YDFjEV,u,xvJE,u,j,ngdzxy
xvJE,YDFjEV,u,xvJE,xvJE,u,j,ngdzxy
u
u
YDFjEV,u,xvJE,xvJE,u,xvJE,j,ngdzxy,kh,xvJE,ngdzxy
xvJE
xvJE
YDFjEV,xvJE,xvJE,u,xvJE,u,j,kh,xvJE,ngdzxy
YDFjEV,xvJE,xvJE,u,xvJE,u,j,kh,xvJE,ngdzxy,kh
u
u
YDFjEV,xvJE,xvJE,u,xvJE,u,j,kh,xvJE,ngdzxy,u
YDFjEV,xvJE,xvJE,u,xvJE,u,j,kh,xvJE,ngdzxy,u
Jedi Wagner, assuma o comando!