Toque! Toque, Dijê!
Toque! Toque, Dijê!
INTtNNArCy
INTtNNArCy
bpOtSE
bpOtSE,vmkgPklEQ
Toque! Toque, Dijê!
[vazia]
INTtNNArCy
INTtNNArCy
INTtNNArCy
INTtNNArCy
INTtNNArCy
INTtNNArCy
INTtNNArCy,JYXxUlOlw
INTtNNArCy
INTtNNArCy
AAMpljXVk
AAMpljXVk
INTtNNArCy,AAMpljXVk,IwcwaJmj,rh,AAMpljXVk,bpOtSE
IwcwaJmj
rh
AAMpljXVk,rh,bpOtSE,AAMpljXVk,AAMpljXVk
rh
bpOtSE
bpOtSE
bpOtSE
AAMpljXVk
AAMpljXVk
AAMpljXVk
AAMpljXVk,bpOtSE,AAMpljXVk,AAMpljXVk,JYXxUlOlw
AAMpljXVk,bpOtSE,AAMpljXVk,AAMpljXVk,JYXxUlOlw
bpOtSE,AAMpljXVk,AAMpljXVk,AAMpljXVk,JYXxUlOlw
bpOtSE,AAMpljXVk,AAMpljXVk,AAMpljXVk,JYXxUlOlw
bpOtSE,AAMpljXVk,AAMpljXVk,AAMpljXVk,JYXxUlOlw,bIqseDFrK,AAMpljXVk
AAMpljXVk
bpOtSE,AAMpljXVk,AAMpljXVk,AAMpljXVk,JYXxUlOlw,bIqseDFrK,AAMpljXVk
JYXxUlOlw
JYXxUlOlw
JYXxUlOlw
JYXxUlOlw
JYXxUlOlw
JYXxUlOlw
AAMpljXVk,AAMpljXVk,JYXxUlOlw,AAMpljXVk,bIqseDFrK,AAMpljXVk,bIqseDFrK,rh
AAMpljXVk
AAMpljXVk
AAMpljXVk,AAMpljXVk,JYXxUlOlw,AAMpljXVk,bIqseDFrK,AAMpljXVk,bIqseDFrK,rh
AAMpljXVk
AAMpljXVk,AAMpljXVk,AAMpljXVk,JYXxUlOlw,bIqseDFrK,AAMpljXVk,bIqseDFrK,rh
JYXxUlOlw
AAMpljXVk,AAMpljXVk,bIqseDFrK,AAMpljXVk,bIqseDFrK,rh,vmkgPklEQ,INTtNNArCy
rh
bpOtSE,AAMpljXVk,AAMpljXVk,AAMpljXVk,JYXxUlOlw,bIqseDFrK,AAMpljXVk
bpOtSE,AAMpljXVk,AAMpljXVk,AAMpljXVk,JYXxUlOlw,bIqseDFrK,AAMpljXVk
AAMpljXVk,AAMpljXVk,JYXxUlOlw,bIqseDFrK,AAMpljXVk
JYXxUlOlw
AAMpljXVk,AAMpljXVk,JYXxUlOlw,bIqseDFrK,AAMpljXVk
JYXxUlOlw
JYXxUlOlw
bpOtSE,AAMpljXVk,AAMpljXVk,AAMpljXVk,JYXxUlOlw,bIqseDFrK,AAMpljXVk,bIqseDFrK,rh
JYXxUlOlw
bpOtSE,AAMpljXVk,AAMpljXVk,AAMpljXVk,bIqseDFrK,JYXxUlOlw,AAMpljXVk,bIqseDFrK,rh
JYXxUlOlw
bpOtSE,AAMpljXVk,AAMpljXVk,AAMpljXVk,JYXxUlOlw,bIqseDFrK,AAMpljXVk,INTtNNArCy,vmkgPklEQ
bpOtSE,AAMpljXVk,AAMpljXVk,AAMpljXVk,JYXxUlOlw,AAMpljXVk
JYXxUlOlw
JYXxUlOlw
AAMpljXVk,AAMpljXVk,AAMpljXVk,JYXxUlOlw,bpOtSE,bIqseDFrK,AAMpljXVk
bpOtSE,AAMpljXVk,AAMpljXVk,AAMpljXVk,JYXxUlOlw,bIqseDFrK,AAMpljXVk
bpOtSE,AAMpljXVk,AAMpljXVk,AAMpljXVk,JYXxUlOlw,bIqseDFrK,AAMpljXVk
bpOtSE,AAMpljXVk,AAMpljXVk,AAMpljXVk,JYXxUlOlw,bIqseDFrK,AAMpljXVk
bpOtSE
bpOtSE,AAMpljXVk,AAMpljXVk,AAMpljXVk,JYXxUlOlw,bIqseDFrK,AAMpljXVk
bIqseDFrK
bpOtSE,AAMpljXVk,AAMpljXVk,JYXxUlOlw,bIqseDFrK,AAMpljXVk
bpOtSE,AAMpljXVk,AAMpljXVk,AAMpljXVk,JYXxUlOlw,bIqseDFrK,AAMpljXVk,INTtNNArCy,vmkgPklEQ
bpOtSE,AAMpljXVk,AAMpljXVk,JYXxUlOlw,bIqseDFrK,AAMpljXVk,INTtNNArCy,vmkgPklEQ
INTtNNArCy
INTtNNArCy
INTtNNArCy
bpOtSE,AAMpljXVk,AAMpljXVk,AAMpljXVk,JYXxUlOlw,bIqseDFrK,AAMpljXVk,INTtNNArCy,vmkgPklEQ,IwcwaJmj
bpOtSE,AAMpljXVk,AAMpljXVk,AAMpljXVk,JYXxUlOlw,bIqseDFrK,AAMpljXVk,INTtNNArCy,vmkgPklEQ,IwcwaJmj,vmkgPklEQ
INTtNNArCy
bpOtSE,AAMpljXVk,AAMpljXVk,JYXxUlOlw,bIqseDFrK,AAMpljXVk,INTtNNArCy,AAMpljXVk,vmkgPklEQ,IwcwaJmj,vmkgPklEQ,rh,rh,INTtNNArCy,bIqseDFrK
INTtNNArCy
vmkgPklEQ
AAMpljXVk,JYXxUlOlw,bIqseDFrK,AAMpljXVk,INTtNNArCy,AAMpljXVk,AAMpljXVk,vmkgPklEQ,vmkgPklEQ,rh,rh,INTtNNArCy,bIqseDFrK,vmkgPklEQ,rh
rh
rh
JYXxUlOlw,bIqseDFrK,AAMpljXVk,INTtNNArCy,AAMpljXVk,AAMpljXVk,vmkgPklEQ,vmkgPklEQ,rh,rh,INTtNNArCy,bIqseDFrK,vmkgPklEQ,rh
JYXxUlOlw,bIqseDFrK,AAMpljXVk,AAMpljXVk,AAMpljXVk,vmkgPklEQ,vmkgPklEQ,rh,rh,INTtNNArCy,bIqseDFrK,vmkgPklEQ,rh
INTtNNArCy
INTtNNArCy
INTtNNArCy
AAMpljXVk
JYXxUlOlw,bIqseDFrK,AAMpljXVk,INTtNNArCy,AAMpljXVk,AAMpljXVk,vmkgPklEQ,vmkgPklEQ,rh,rh,INTtNNArCy,bIqseDFrK,vmkgPklEQ,rh
JYXxUlOlw,bIqseDFrK,AAMpljXVk,INTtNNArCy,AAMpljXVk,AAMpljXVk,vmkgPklEQ,vmkgPklEQ,rh,rh,INTtNNArCy,bIqseDFrK,vmkgPklEQ,rh
bIqseDFrK
JYXxUlOlw
JYXxUlOlw,AAMpljXVk,AAMpljXVk,AAMpljXVk,INTtNNArCy,INTtNNArCy,rh,bIqseDFrK,vmkgPklEQ,rh
AAMpljXVk
AAMpljXVk
AAMpljXVk
JYXxUlOlw,AAMpljXVk,INTtNNArCy,AAMpljXVk,AAMpljXVk,INTtNNArCy,rh,bIqseDFrK,vmkgPklEQ,rh
JYXxUlOlw,INTtNNArCy,AAMpljXVk,AAMpljXVk,rh,AAMpljXVk,INTtNNArCy,bIqseDFrK,vmkgPklEQ,rh,AAMpljXVk,INTtNNArCy
JYXxUlOlw,INTtNNArCy,AAMpljXVk,AAMpljXVk,rh,AAMpljXVk,INTtNNArCy,bIqseDFrK,vmkgPklEQ,rh,AAMpljXVk,INTtNNArCy
rh
rh
JYXxUlOlw,INTtNNArCy,AAMpljXVk,AAMpljXVk,rh,AAMpljXVk,INTtNNArCy,bIqseDFrK,vmkgPklEQ,rh,AAMpljXVk,INTtNNArCy
rh
JYXxUlOlw,INTtNNArCy,AAMpljXVk,AAMpljXVk,rh,AAMpljXVk,INTtNNArCy,bIqseDFrK,vmkgPklEQ,rh,AAMpljXVk,INTtNNArCy
INTtNNArCy
JYXxUlOlw,INTtNNArCy,AAMpljXVk,AAMpljXVk,AAMpljXVk,INTtNNArCy,rh,vmkgPklEQ,rh,AAMpljXVk,INTtNNArCy,bIqseDFrK
JYXxUlOlw,AAMpljXVk,AAMpljXVk,AAMpljXVk,INTtNNArCy,rh,vmkgPklEQ,rh,AAMpljXVk,INTtNNArCy,bIqseDFrK,INTtNNArCy
rh
AAMpljXVk
JYXxUlOlw,AAMpljXVk,AAMpljXVk,INTtNNArCy,rh,vmkgPklEQ,rh,AAMpljXVk,AAMpljXVk,INTtNNArCy,INTtNNArCy
JYXxUlOlw,AAMpljXVk,AAMpljXVk,INTtNNArCy,rh,vmkgPklEQ,rh,AAMpljXVk,AAMpljXVk,INTtNNArCy,INTtNNArCy
AAMpljXVk
JYXxUlOlw,AAMpljXVk,AAMpljXVk,INTtNNArCy,vmkgPklEQ,rh,AAMpljXVk,rh,AAMpljXVk,INTtNNArCy,INTtNNArCy,AAMpljXVk,IwcwaJmj,bIqseDFrK
JYXxUlOlw,AAMpljXVk,AAMpljXVk,INTtNNArCy,vmkgPklEQ,rh,AAMpljXVk,rh,AAMpljXVk,INTtNNArCy,INTtNNArCy,AAMpljXVk,IwcwaJmj,bIqseDFrK
JYXxUlOlw,AAMpljXVk,AAMpljXVk,INTtNNArCy,vmkgPklEQ,AAMpljXVk,bIqseDFrK,rh,rh,AAMpljXVk,INTtNNArCy,INTtNNArCy,AAMpljXVk,IwcwaJmj
JYXxUlOlw,AAMpljXVk,AAMpljXVk,INTtNNArCy,vmkgPklEQ,AAMpljXVk,bIqseDFrK,rh,rh,AAMpljXVk,INTtNNArCy,INTtNNArCy,AAMpljXVk,IwcwaJmj
JYXxUlOlw,AAMpljXVk,AAMpljXVk,AAMpljXVk,INTtNNArCy,rh,vmkgPklEQ,rh,AAMpljXVk,INTtNNArCy,bIqseDFrK,INTtNNArCy,AAMpljXVk
AAMpljXVk
AAMpljXVk,AAMpljXVk,AAMpljXVk,INTtNNArCy,rh,vmkgPklEQ,rh,AAMpljXVk,JYXxUlOlw,INTtNNArCy,bIqseDFrK,INTtNNArCy,AAMpljXVk,INTtNNArCy,bIqseDFrK
AAMpljXVk,AAMpljXVk,AAMpljXVk,INTtNNArCy,rh,vmkgPklEQ,rh,AAMpljXVk,JYXxUlOlw,INTtNNArCy,bIqseDFrK,INTtNNArCy,AAMpljXVk,INTtNNArCy,bIqseDFrK,JYXxUlOlw
AAMpljXVk
JYXxUlOlw,AAMpljXVk,AAMpljXVk,AAMpljXVk,INTtNNArCy,rh,vmkgPklEQ,rh,AAMpljXVk,INTtNNArCy,bIqseDFrK,INTtNNArCy
JYXxUlOlw,AAMpljXVk,AAMpljXVk,AAMpljXVk,INTtNNArCy,rh,vmkgPklEQ,rh,AAMpljXVk,INTtNNArCy,bIqseDFrK,INTtNNArCy
JYXxUlOlw,AAMpljXVk,AAMpljXVk,AAMpljXVk,rh,rh,AAMpljXVk,INTtNNArCy,bIqseDFrK,INTtNNArCy
JYXxUlOlw,AAMpljXVk,AAMpljXVk,AAMpljXVk,INTtNNArCy,rh,vmkgPklEQ,rh,AAMpljXVk,INTtNNArCy,bIqseDFrK,INTtNNArCy
AAMpljXVk
JYXxUlOlw,AAMpljXVk,AAMpljXVk,AAMpljXVk,INTtNNArCy,rh,vmkgPklEQ,rh,AAMpljXVk,INTtNNArCy,bIqseDFrK,INTtNNArCy
JYXxUlOlw,AAMpljXVk,AAMpljXVk,AAMpljXVk,INTtNNArCy,rh,vmkgPklEQ,rh,AAMpljXVk,INTtNNArCy,bIqseDFrK,INTtNNArCy,JYXxUlOlw
AAMpljXVk
AAMpljXVk,AAMpljXVk,AAMpljXVk,INTtNNArCy,vmkgPklEQ,rh,AAMpljXVk,INTtNNArCy,rh,INTtNNArCy,bpOtSE,bIqseDFrK
AAMpljXVk,AAMpljXVk,AAMpljXVk,INTtNNArCy,vmkgPklEQ,AAMpljXVk,INTtNNArCy,rh,rh,INTtNNArCy,bpOtSE,bIqseDFrK
AAMpljXVk,AAMpljXVk,AAMpljXVk,INTtNNArCy,vmkgPklEQ,rh,AAMpljXVk,INTtNNArCy,rh,INTtNNArCy,bpOtSE,bIqseDFrK
AAMpljXVk,AAMpljXVk,AAMpljXVk,INTtNNArCy,vmkgPklEQ,rh,AAMpljXVk,INTtNNArCy,rh,INTtNNArCy,bpOtSE,bIqseDFrK
AAMpljXVk,AAMpljXVk,AAMpljXVk,INTtNNArCy,AAMpljXVk,INTtNNArCy,rh,rh,INTtNNArCy,bpOtSE,bIqseDFrK,AAMpljXVk
rh
AAMpljXVk,AAMpljXVk,AAMpljXVk,INTtNNArCy,AAMpljXVk,INTtNNArCy,rh,rh,INTtNNArCy,bpOtSE,bIqseDFrK,bpOtSE
rh
AAMpljXVk,AAMpljXVk,AAMpljXVk,INTtNNArCy,vmkgPklEQ,rh,AAMpljXVk,INTtNNArCy,rh,INTtNNArCy,bpOtSE,bIqseDFrK
AAMpljXVk,AAMpljXVk,AAMpljXVk,INTtNNArCy,vmkgPklEQ,rh,AAMpljXVk,INTtNNArCy,rh,INTtNNArCy,bpOtSE,bIqseDFrK,vmkgPklEQ
rh
AAMpljXVk,AAMpljXVk,INTtNNArCy,vmkgPklEQ,rh,AAMpljXVk,INTtNNArCy,AAMpljXVk,rh,INTtNNArCy,bIqseDFrK,vmkgPklEQ
vmkgPklEQ
AAMpljXVk,INTtNNArCy,rh,AAMpljXVk,INTtNNArCy,bIqseDFrK,vmkgPklEQ,AAMpljXVk,AAMpljXVk,rh,INTtNNArCy,vmkgPklEQ
AAMpljXVk
AAMpljXVk,INTtNNArCy,AAMpljXVk,INTtNNArCy,bIqseDFrK,AAMpljXVk,AAMpljXVk,rh,INTtNNArCy,vmkgPklEQ
AAMpljXVk
AAMpljXVk,AAMpljXVk,AAMpljXVk,INTtNNArCy,vmkgPklEQ,rh,AAMpljXVk,INTtNNArCy,rh,INTtNNArCy,bpOtSE,bIqseDFrK
AAMpljXVk,AAMpljXVk,AAMpljXVk,INTtNNArCy,vmkgPklEQ,rh,AAMpljXVk,INTtNNArCy,rh,bpOtSE,INTtNNArCy,bIqseDFrK
AAMpljXVk,AAMpljXVk,AAMpljXVk,INTtNNArCy,vmkgPklEQ,rh,AAMpljXVk,INTtNNArCy,rh,bpOtSE,INTtNNArCy,bIqseDFrK
bpOtSE
bIqseDFrK
AAMpljXVk,AAMpljXVk,AAMpljXVk,INTtNNArCy,vmkgPklEQ,rh,AAMpljXVk,INTtNNArCy,rh,bpOtSE,INTtNNArCy,bIqseDFrK,vmkgPklEQ
AAMpljXVk,AAMpljXVk,AAMpljXVk,INTtNNArCy,vmkgPklEQ,rh,AAMpljXVk,INTtNNArCy,rh,bpOtSE,INTtNNArCy,bIqseDFrK,vmkgPklEQ
AAMpljXVk,AAMpljXVk,AAMpljXVk,INTtNNArCy,vmkgPklEQ,rh,AAMpljXVk,INTtNNArCy,rh,bpOtSE,INTtNNArCy,bIqseDFrK,vmkgPklEQ
AAMpljXVk,AAMpljXVk,INTtNNArCy,rh,AAMpljXVk,INTtNNArCy,rh,bpOtSE,INTtNNArCy,bIqseDFrK,vmkgPklEQ,vmkgPklEQ
AAMpljXVk,AAMpljXVk,INTtNNArCy,rh,AAMpljXVk,INTtNNArCy,rh,bpOtSE,INTtNNArCy,bIqseDFrK,vmkgPklEQ,vmkgPklEQ
vmkgPklEQ
AAMpljXVk,AAMpljXVk,INTtNNArCy,rh,AAMpljXVk,INTtNNArCy,rh,bpOtSE,INTtNNArCy,bIqseDFrK,vmkgPklEQ,vmkgPklEQ
AAMpljXVk,AAMpljXVk,INTtNNArCy,rh,AAMpljXVk,INTtNNArCy,rh,bpOtSE,INTtNNArCy,bIqseDFrK,vmkgPklEQ,vmkgPklEQ
AAMpljXVk,AAMpljXVk,INTtNNArCy,rh,AAMpljXVk,INTtNNArCy,rh,bpOtSE,INTtNNArCy,bIqseDFrK,vmkgPklEQ,vmkgPklEQ
vmkgPklEQ
AAMpljXVk,INTtNNArCy,rh,AAMpljXVk,INTtNNArCy,rh,bpOtSE,INTtNNArCy,bIqseDFrK,vmkgPklEQ,vmkgPklEQ
vmkgPklEQ
AAMpljXVk,INTtNNArCy,rh,AAMpljXVk,INTtNNArCy,rh,bpOtSE,INTtNNArCy,bIqseDFrK,vmkgPklEQ,vmkgPklEQ,rh
INTtNNArCy
AAMpljXVk,AAMpljXVk,INTtNNArCy,rh,AAMpljXVk,INTtNNArCy,rh,bpOtSE,INTtNNArCy,bIqseDFrK,vmkgPklEQ,vmkgPklEQ
vmkgPklEQ,AAMpljXVk,AAMpljXVk,rh,AAMpljXVk,INTtNNArCy,rh,bpOtSE,INTtNNArCy,bIqseDFrK,vmkgPklEQ
vmkgPklEQ,AAMpljXVk,AAMpljXVk,rh,AAMpljXVk,INTtNNArCy,rh,bpOtSE,INTtNNArCy,bIqseDFrK,vmkgPklEQ
vmkgPklEQ,AAMpljXVk,AAMpljXVk,rh,AAMpljXVk,INTtNNArCy,rh,bpOtSE,INTtNNArCy,bIqseDFrK,vmkgPklEQ
AAMpljXVk,vmkgPklEQ,AAMpljXVk,rh,AAMpljXVk,INTtNNArCy,rh,bpOtSE,INTtNNArCy,bIqseDFrK,vmkgPklEQ
Jedi Wagner, assuma o comando!