OyBMnE,HBF
Toque! Toque, Dijê!
Toque! Toque, Dijê!
[vazia]
[vazia]
cw
[vazia]
[vazia]
[vazia]
Toque! Toque, Dijê!
Toque! Toque, Dijê!
[vazia]
Toque! Toque, Dijê!
Toque! Toque, Dijê!
[vazia]
[vazia]
Toque! Toque, Dijê!
oBMUJj
oBMUJj
oBMUJj,N
OyBMnE
oBMUJj
OyBMnE
OyBMnE
OyBMnE,oBMUJj,N,N
OyBMnE,oBMUJj,N,N
Toque! Toque, Dijê!
[vazia]
[vazia]
Toque! Toque, Dijê!
[vazia]
OyBMnE
i
i
[vazia]
OyBMnE
OyBMnE
OyBMnE
OyBMnE
OyBMnE
OyBMnE
OyBMnE
OyBMnE
OyBMnE,OyBMnE,oBMUJj
OyBMnE,OyBMnE
OyBMnE
OyBMnE,OyBMnE,oBMUJj
OyBMnE
OyBMnE,OyBMnE,oBMUJj
OyBMnE
OyBMnE,OyBMnE,oBMUJj,OyBMnE
OyBMnE,OyBMnE,oBMUJj,OyBMnE
oBMUJj
oBMUJj
oBMUJj
oBMUJj
OyBMnE
OyBMnE,OyBMnE,OyBMnE,oBMUJj
OyBMnE
OyBMnE
OyBMnE,OyBMnE,OyBMnE,oBMUJj
OyBMnE,OyBMnE,OyBMnE,oBMUJj
OyBMnE
OyBMnE,OyBMnE,oBMUJj,OyBMnE,HNah
OyBMnE,OyBMnE,oBMUJj,OyBMnE
OyBMnE,OyBMnE,oBMUJj,OyBMnE
OyBMnE
OyBMnE,OyBMnE,oBMUJj,OyBMnE
OyBMnE
Jedi Wagner, assuma o comando!