Toque! Toque, Dijê!
X
X
X
X
X
X
Toque! Toque, Dijê!
Zgwi
Zgwi,Zgwi,baJxTFW
Zgwi,Zgwi,baJxTFW
Zgwi,Zgwi,baJxTFW
Zgwi,Zgwi,baJxTFW
Zgwi
X
X,nbiHNQTV
X
nbiHNQTV
X,nbiHNQTV,X,X
nbiHNQTV
nbiHNQTV
X,nbiHNQTV,X,baJxTFW,Zgwi,nbiHNQTV
X,nbiHNQTV,X,baJxTFW
X,nbiHNQTV,X,baJxTFW
X,nbiHNQTV,X,baJxTFW
X,nbiHNQTV,X,baJxTFW,nbiHNQTV
nbiHNQTV,X,baJxTFW,nbiHNQTV
nbiHNQTV,X,baJxTFW,nbiHNQTV,baJxTFW
nbiHNQTV,X,baJxTFW,nbiHNQTV,baJxTFW
baJxTFW
baJxTFW
nbiHNQTV,X,baJxTFW,nbiHNQTV
nbiHNQTV,X,baJxTFW,nbiHNQTV
nbiHNQTV
nbiHNQTV
X,nbiHNQTV
nbiHNQTV,X,nbiHNQTV,baJxTFW
nbiHNQTV
nbiHNQTV
nbiHNQTV
nbiHNQTV
nbiHNQTV
nbiHNQTV,X,nbiHNQTV,baJxTFW
nbiHNQTV,X,nbiHNQTV,baJxTFW
nbiHNQTV
nbiHNQTV
X,nbiHNQTV,nbiHNQTV,baJxTFW,X
X,nbiHNQTV,nbiHNQTV,baJxTFW
nbiHNQTV
nbiHNQTV,X,nbiHNQTV,baJxTFW,X
nbiHNQTV
nbiHNQTV,nbiHNQTV,baJxTFW,X,baJxTFW,X
nbiHNQTV,nbiHNQTV,baJxTFW,X,baJxTFW,X
baJxTFW
nbiHNQTV,nbiHNQTV,baJxTFW,X,baJxTFW,X
nbiHNQTV,nbiHNQTV,baJxTFW,X,baJxTFW,X
nbiHNQTV
baJxTFW
nbiHNQTV,nbiHNQTV,baJxTFW,X,baJxTFW,X,X
nbiHNQTV,nbiHNQTV,baJxTFW,X,baJxTFW,X,X
baJxTFW
nbiHNQTV,nbiHNQTV,baJxTFW,X,baJxTFW,X,X,nbiHNQTV
nbiHNQTV,nbiHNQTV,baJxTFW,X,baJxTFW,X,X,nbiHNQTV
baJxTFW
nbiHNQTV,nbiHNQTV,baJxTFW,X,baJxTFW,X,X
X
baJxTFW
baJxTFW
nbiHNQTV,nbiHNQTV,baJxTFW,X,baJxTFW,X,X,X
nbiHNQTV,nbiHNQTV,baJxTFW,X,baJxTFW,X,X,X
X
X
X
X
X
X
X
nbiHNQTV,nbiHNQTV,baJxTFW,baJxTFW,X,X,X,X
nbiHNQTV,nbiHNQTV,baJxTFW,X,baJxTFW,X,X,X,nbiHNQTV
baJxTFW
nbiHNQTV,nbiHNQTV,baJxTFW,X,baJxTFW,X,X,X,nbiHNQTV,Zgwi
baJxTFW
nbiHNQTV,nbiHNQTV,baJxTFW,X,baJxTFW,X,X,X,nbiHNQTV,Zgwi
nbiHNQTV,nbiHNQTV,baJxTFW,X,baJxTFW,X,X,X,nbiHNQTV,Zgwi
baJxTFW
X
X
X
baJxTFW,X,X,X,X,nbiHNQTV,Zgwi,X,Zgwi
baJxTFW,X,X,X,X,Zgwi,X,Zgwi
X
X
X,X,X,X,Zgwi,X,Zgwi
X,X,X,X,Zgwi,X,Zgwi
Zgwi
Zgwi
X,X,X,X,Zgwi,X,Zgwi,nbiHNQTV,X
X
X
X
X,X,X,X,Zgwi,X,Zgwi
X,X,X,Zgwi,X,Zgwi,baJxTFW
X,X,X,Zgwi,X,Zgwi,baJxTFW
X,X,X,Zgwi,X,Zgwi,baJxTFW,Zgwi
Zgwi,X,X,X,X,Zgwi,baJxTFW,Zgwi,baJxTFW
X
X,X,X,X,Zgwi,X,Zgwi
X,X,X,Zgwi,X,Zgwi,Zgwi
X,X,X,Zgwi,X,Zgwi,Zgwi
X,X,Zgwi,X,Zgwi,Zgwi,nbiHNQTV
X
Zgwi
X,X,Zgwi,X,Zgwi,Zgwi,Zgwi
X,X,Zgwi,X,Zgwi,Zgwi,Zgwi
X,X,Zgwi,X,Zgwi,Zgwi,Zgwi
X,X,Zgwi,X,Zgwi,Zgwi,Zgwi
X,X,Zgwi,X,Zgwi,Zgwi,Zgwi
X,X,Zgwi,X,Zgwi,Zgwi,Zgwi
Zgwi
X
X
X,X,X,Zgwi,Zgwi
Zgwi
Zgwi
Zgwi
X,X,X,Zgwi,Zgwi,X
Zgwi
X
Jedi Wagner, assuma o comando!