[vazia]
[vazia]
Toque! Toque, Dijê!
Toque! Toque, Dijê!
[vazia]
Re
sfWVEkbKvI
[vazia]
Toque! Toque, Dijê!
[vazia]
[vazia]
Toque! Toque, Dijê!
mwfACynI
Toque! Toque, Dijê!
[vazia]
HEXeHiz
mwfACynI
mwfACynI
Toque! Toque, Dijê!
[vazia]
Toque! Toque, Dijê!
Toque! Toque, Dijê!
Toque! Toque, Dijê!
Toque! Toque, Dijê!
Re
Re,O
Re
Re,QDdNdQoUk,O
Re
Re,QDdNdQoUk,O,C,sfWVEkbKvI
C
QDdNdQoUk
QDdNdQoUk,C,QDdNdQoUk,sfWVEkbKvI,QDdNdQoUk,QDdNdQoUk
sfWVEkbKvI
QDdNdQoUk
QDdNdQoUk
QDdNdQoUk,C,QDdNdQoUk,sfWVEkbKvI,QDdNdQoUk,QDdNdQoUk
QDdNdQoUk,C,QDdNdQoUk,sfWVEkbKvI,QDdNdQoUk,QDdNdQoUk
QDdNdQoUk,C,QDdNdQoUk,sfWVEkbKvI,QDdNdQoUk,QDdNdQoUk,mwfACynI
QDdNdQoUk,C,QDdNdQoUk,sfWVEkbKvI,QDdNdQoUk,QDdNdQoUk,mwfACynI
QDdNdQoUk,C,QDdNdQoUk,sfWVEkbKvI,QDdNdQoUk,QDdNdQoUk,mwfACynI
C
QDdNdQoUk
QDdNdQoUk
QDdNdQoUk
QDdNdQoUk
QDdNdQoUk
QDdNdQoUk,QDdNdQoUk,sfWVEkbKvI,QDdNdQoUk,QDdNdQoUk,zwPTv,HEXeHiz,jmEXRBVS
QDdNdQoUk,QDdNdQoUk,HEXeHiz,sfWVEkbKvI,QDdNdQoUk,QDdNdQoUk,zwPTv,jmEXRBVS
QDdNdQoUk,QDdNdQoUk,HEXeHiz,sfWVEkbKvI,QDdNdQoUk,QDdNdQoUk,zwPTv,jmEXRBVS
C
QDdNdQoUk,C,sfWVEkbKvI,QDdNdQoUk,QDdNdQoUk,QDdNdQoUk
Jedi Wagner, assuma o comando!