[vazia]
Toque! Toque, Dijê!
[vazia]
[vazia]
[vazia]
yPnpNWU
yPnpNWU
yPnpNWU
alBpHTP
alBpHTP
yPnpNWU,alBpHTP
yPnpNWU
yPnpNWU,alBpHTP
alBpHTP
dGraxvk
dGraxvk
dGraxvk
dGraxvk
ZvAlww,dGraxvk,dGraxvk,alBpHTP
dGraxvk
ZvAlww,dGraxvk,dGraxvk,dGraxvk
dGraxvk
dGraxvk
dGraxvk
ZvAlww,dGraxvk,dGraxvk,dGraxvk,alBpHTP
dGraxvk
ZvAlww,dGraxvk,dGraxvk,dGraxvk
dGraxvk
dGraxvk
dGraxvk
aRUPnfIDFV
dGraxvk
ZvAlww,dGraxvk,dGraxvk,dGraxvk,yPnpNWU,ZUlJLL
dGraxvk
ZvAlww,dGraxvk,dGraxvk,dGraxvk,yPnpNWU
ZvAlww,dGraxvk,dGraxvk,dGraxvk,yPnpNWU
ZvAlww,dGraxvk,dGraxvk,dGraxvk,yPnpNWU
ZvAlww,dGraxvk,dGraxvk,dGraxvk,yPnpNWU,ZUlJLL
ZvAlww,dGraxvk,dGraxvk,dGraxvk,yPnpNWU,ZUlJLL
dGraxvk
dGraxvk
ZUlJLL
ZvAlww,dGraxvk,dGraxvk,dGraxvk,yPnpNWU,ZUlJLL,aRUPnfIDFV
ZvAlww,dGraxvk,ZUlJLL,dGraxvk,dGraxvk,yPnpNWU,aRUPnfIDFV
dGraxvk
dGraxvk,dGraxvk,dGraxvk,yPnpNWU,ZUlJLL,dGraxvk,yPnpNWU
dGraxvk,dGraxvk,dGraxvk,yPnpNWU,ZUlJLL,dGraxvk,yPnpNWU
dGraxvk
ZvAlww,dGraxvk,dGraxvk,dGraxvk,yPnpNWU,ZUlJLL
ZvAlww,dGraxvk,dGraxvk,ZUlJLL,dGraxvk,yPnpNWU,aRUPnfIDFV
ZvAlww,dGraxvk,dGraxvk,ZUlJLL,dGraxvk,yPnpNWU,aRUPnfIDFV
aRUPnfIDFV
ZvAlww,dGraxvk,dGraxvk,dGraxvk,aRUPnfIDFV,yPnpNWU,alBpHTP
aRUPnfIDFV
aRUPnfIDFV
ZvAlww
ZvAlww
ZvAlww
dGraxvk,dGraxvk,yPnpNWU,aRUPnfIDFV,ZvAlww,alBpHTP
ZvAlww
dGraxvk,dGraxvk,yPnpNWU,aRUPnfIDFV,ZvAlww,alBpHTP,alBpHTP
ZvAlww
ZvAlww
dGraxvk,dGraxvk,dGraxvk,aRUPnfIDFV,ZvAlww,yPnpNWU,alBpHTP
ZvAlww
ZvAlww
dGraxvk,dGraxvk,dGraxvk,aRUPnfIDFV,yPnpNWU,alBpHTP,yPnpNWU
dGraxvk,dGraxvk,dGraxvk,aRUPnfIDFV,yPnpNWU,alBpHTP,yPnpNWU,dGraxvk
dGraxvk,dGraxvk,dGraxvk,aRUPnfIDFV,yPnpNWU,alBpHTP,yPnpNWU,dGraxvk
alBpHTP
alBpHTP
alBpHTP
alBpHTP
alBpHTP
dGraxvk,dGraxvk,dGraxvk,aRUPnfIDFV,yPnpNWU,alBpHTP,yPnpNWU,yPnpNWU
dGraxvk,dGraxvk,dGraxvk,aRUPnfIDFV,yPnpNWU,alBpHTP,yPnpNWU
alBpHTP
dGraxvk,dGraxvk,dGraxvk,aRUPnfIDFV,yPnpNWU,alBpHTP,yPnpNWU
dGraxvk,dGraxvk,dGraxvk,aRUPnfIDFV,yPnpNWU,alBpHTP,yPnpNWU
alBpHTP
dGraxvk,dGraxvk,dGraxvk,aRUPnfIDFV,alBpHTP,yPnpNWU
dGraxvk,dGraxvk,dGraxvk,aRUPnfIDFV,alBpHTP,yPnpNWU
yPnpNWU
yPnpNWU
dGraxvk,dGraxvk,dGraxvk,aRUPnfIDFV,yPnpNWU
dGraxvk,dGraxvk,dGraxvk,aRUPnfIDFV,alBpHTP,yPnpNWU
yPnpNWU
yPnpNWU
yPnpNWU
yPnpNWU
dGraxvk,dGraxvk,dGraxvk,aRUPnfIDFV,alBpHTP,yPnpNWU,ZvAlww,alBpHTP
yPnpNWU
alBpHTP
yPnpNWU
yPnpNWU
yPnpNWU
dGraxvk,dGraxvk,dGraxvk,aRUPnfIDFV,alBpHTP,yPnpNWU,alBpHTP
dGraxvk,dGraxvk,dGraxvk,aRUPnfIDFV,alBpHTP,yPnpNWU,alBpHTP
yPnpNWU
yPnpNWU
yPnpNWU
yPnpNWU
dGraxvk,dGraxvk,dGraxvk,alBpHTP,yPnpNWU,ZUlJLL,VfqRIiJePy,alBpHTP,aRUPnfIDFV
dGraxvk,dGraxvk,dGraxvk,alBpHTP,ZUlJLL,VfqRIiJePy,yPnpNWU,alBpHTP,aRUPnfIDFV
alBpHTP
alBpHTP
dGraxvk,dGraxvk,alBpHTP,ZUlJLL,VfqRIiJePy,yPnpNWU,alBpHTP,dGraxvk,aRUPnfIDFV,alBpHTP
dGraxvk
dGraxvk,dGraxvk,alBpHTP,ZUlJLL,VfqRIiJePy,yPnpNWU,alBpHTP,dGraxvk,aRUPnfIDFV,alBpHTP,aRUPnfIDFV
dGraxvk
dGraxvk
dGraxvk,dGraxvk,alBpHTP,ZUlJLL,VfqRIiJePy,yPnpNWU,alBpHTP,dGraxvk,aRUPnfIDFV,alBpHTP,alBpHTP
dGraxvk
dGraxvk
dGraxvk
dGraxvk,dGraxvk,ZUlJLL,yPnpNWU,alBpHTP,dGraxvk,VfqRIiJePy,aRUPnfIDFV,alBpHTP,alBpHTP,ZvAlww
aRUPnfIDFV
dGraxvk,dGraxvk,ZUlJLL,yPnpNWU,alBpHTP,dGraxvk,aRUPnfIDFV,VfqRIiJePy,alBpHTP,alBpHTP,ZvAlww,dGraxvk
dGraxvk,dGraxvk,ZUlJLL,yPnpNWU,alBpHTP,dGraxvk,aRUPnfIDFV,VfqRIiJePy,alBpHTP,alBpHTP,ZvAlww,dGraxvk
aRUPnfIDFV
dGraxvk,dGraxvk,ZUlJLL,yPnpNWU,dGraxvk,aRUPnfIDFV,alBpHTP,alBpHTP,alBpHTP,ZvAlww,dGraxvk
dGraxvk,dGraxvk,ZUlJLL,yPnpNWU,dGraxvk,aRUPnfIDFV,alBpHTP,alBpHTP,ZvAlww,dGraxvk
dGraxvk,dGraxvk,ZUlJLL,yPnpNWU,dGraxvk,aRUPnfIDFV,alBpHTP,alBpHTP,ZvAlww,dGraxvk
aRUPnfIDFV
ZvAlww
dGraxvk,ZUlJLL,yPnpNWU,dGraxvk,aRUPnfIDFV,dGraxvk,alBpHTP,ZvAlww,alBpHTP,dGraxvk,yPnpNWU,ZUlJLL,aRUPnfIDFV,dGraxvk
dGraxvk,ZUlJLL,yPnpNWU,dGraxvk,aRUPnfIDFV,dGraxvk,alBpHTP,ZvAlww,alBpHTP,dGraxvk,yPnpNWU,ZUlJLL,aRUPnfIDFV,dGraxvk
dGraxvk,ZUlJLL,yPnpNWU,dGraxvk,aRUPnfIDFV,dGraxvk,alBpHTP,ZvAlww,alBpHTP,dGraxvk,yPnpNWU,ZUlJLL,aRUPnfIDFV,dGraxvk
dGraxvk,ZUlJLL,yPnpNWU,dGraxvk,aRUPnfIDFV,dGraxvk,alBpHTP,alBpHTP,ZvAlww,dGraxvk,yPnpNWU,ZUlJLL,aRUPnfIDFV,dGraxvk,ZUlJLL
ZvAlww
ZvAlww
dGraxvk,ZUlJLL,yPnpNWU,dGraxvk,aRUPnfIDFV,dGraxvk,alBpHTP,ZvAlww,alBpHTP,dGraxvk,yPnpNWU,ZUlJLL,aRUPnfIDFV,dGraxvk,ZUlJLL,yPnpNWU,aRUPnfIDFV
dGraxvk,ZUlJLL,yPnpNWU,dGraxvk,aRUPnfIDFV,dGraxvk,alBpHTP,ZvAlww,alBpHTP,dGraxvk,yPnpNWU,ZUlJLL,aRUPnfIDFV,dGraxvk,ZUlJLL,yPnpNWU,aRUPnfIDFV
yPnpNWU,aRUPnfIDFV,dGraxvk,ZvAlww,alBpHTP,dGraxvk,yPnpNWU,ZUlJLL,aRUPnfIDFV,dGraxvk,ZUlJLL,alBpHTP,ZUlJLL,yPnpNWU,aRUPnfIDFV,yPnpNWU,yPnpNWU
yPnpNWU,dGraxvk,ZvAlww,alBpHTP,dGraxvk,yPnpNWU,ZUlJLL,aRUPnfIDFV,dGraxvk,aRUPnfIDFV,ZUlJLL,alBpHTP,ZUlJLL,yPnpNWU,aRUPnfIDFV,yPnpNWU,yPnpNWU
aRUPnfIDFV
yPnpNWU,dGraxvk,ZvAlww,dGraxvk,yPnpNWU,aRUPnfIDFV,dGraxvk,aRUPnfIDFV,ZUlJLL,alBpHTP,ZUlJLL,yPnpNWU,aRUPnfIDFV,yPnpNWU,yPnpNWU,dGraxvk
yPnpNWU,dGraxvk,ZvAlww,dGraxvk,yPnpNWU,aRUPnfIDFV,dGraxvk,aRUPnfIDFV,ZUlJLL,alBpHTP,ZUlJLL,yPnpNWU,aRUPnfIDFV,yPnpNWU,yPnpNWU
yPnpNWU,dGraxvk,ZvAlww,dGraxvk,yPnpNWU,dGraxvk,aRUPnfIDFV,aRUPnfIDFV,ZUlJLL,alBpHTP,ZUlJLL,yPnpNWU,aRUPnfIDFV,yPnpNWU,yPnpNWU
yPnpNWU,dGraxvk,dGraxvk,yPnpNWU,dGraxvk,aRUPnfIDFV,ZvAlww,aRUPnfIDFV,ZUlJLL,alBpHTP,ZUlJLL,yPnpNWU,aRUPnfIDFV,yPnpNWU,yPnpNWU
aRUPnfIDFV
yPnpNWU,dGraxvk,yPnpNWU,dGraxvk,ZUlJLL,aRUPnfIDFV,ZvAlww,aRUPnfIDFV,alBpHTP,ZUlJLL,yPnpNWU,aRUPnfIDFV,yPnpNWU,yPnpNWU,ZUlJLL
ZUlJLL
yPnpNWU,dGraxvk,aRUPnfIDFV,dGraxvk,yPnpNWU,ZUlJLL,ZvAlww,aRUPnfIDFV,alBpHTP,ZUlJLL,yPnpNWU,aRUPnfIDFV,yPnpNWU,yPnpNWU,ZUlJLL,VfqRIiJePy,yPnpNWU,aRUPnfIDFV
ZUlJLL
yPnpNWU,ZvAlww,aRUPnfIDFV,yPnpNWU,ZUlJLL,yPnpNWU,aRUPnfIDFV,yPnpNWU,yPnpNWU,ZUlJLL,yPnpNWU,aRUPnfIDFV
yPnpNWU
yPnpNWU
yPnpNWU
yPnpNWU,aRUPnfIDFV,yPnpNWU,ZvAlww,aRUPnfIDFV,ZUlJLL,ZUlJLL,yPnpNWU,aRUPnfIDFV,yPnpNWU,yPnpNWU,ZUlJLL,VfqRIiJePy,yPnpNWU,aRUPnfIDFV,alBpHTP,VfqRIiJePy
ZvAlww
ZvAlww
yPnpNWU,yPnpNWU,aRUPnfIDFV,ZvAlww,aRUPnfIDFV,ZUlJLL,yPnpNWU,aRUPnfIDFV,yPnpNWU,yPnpNWU,ZUlJLL,VfqRIiJePy,yPnpNWU,aRUPnfIDFV,ZUlJLL
aRUPnfIDFV
aRUPnfIDFV
aRUPnfIDFV
yPnpNWU,aRUPnfIDFV,yPnpNWU,ZUlJLL,ZvAlww,aRUPnfIDFV,ZUlJLL,yPnpNWU,aRUPnfIDFV,yPnpNWU,yPnpNWU,ZUlJLL,VfqRIiJePy,yPnpNWU,aRUPnfIDFV
ZUlJLL
yPnpNWU
yPnpNWU,aRUPnfIDFV,ZUlJLL,aRUPnfIDFV,yPnpNWU,yPnpNWU,aRUPnfIDFV,yPnpNWU,yPnpNWU,ZUlJLL,VfqRIiJePy,yPnpNWU,aRUPnfIDFV
yPnpNWU,aRUPnfIDFV,yPnpNWU,ZUlJLL,ZvAlww,aRUPnfIDFV,ZUlJLL,yPnpNWU,aRUPnfIDFV,yPnpNWU,yPnpNWU,ZUlJLL,VfqRIiJePy,yPnpNWU,aRUPnfIDFV
yPnpNWU,aRUPnfIDFV,yPnpNWU,ZUlJLL,ZvAlww,aRUPnfIDFV,ZUlJLL,yPnpNWU,aRUPnfIDFV,yPnpNWU,yPnpNWU,ZUlJLL,VfqRIiJePy,yPnpNWU,aRUPnfIDFV
ZUlJLL
yPnpNWU,aRUPnfIDFV,yPnpNWU,ZUlJLL,ZvAlww,aRUPnfIDFV,ZUlJLL,yPnpNWU,aRUPnfIDFV,yPnpNWU,yPnpNWU,ZUlJLL,VfqRIiJePy,yPnpNWU,aRUPnfIDFV
ZUlJLL
ZUlJLL
yPnpNWU
aRUPnfIDFV,yPnpNWU,ZvAlww,aRUPnfIDFV,ZUlJLL,yPnpNWU,VfqRIiJePy,yPnpNWU,aRUPnfIDFV,yPnpNWU,yPnpNWU,ZUlJLL,yPnpNWU,aRUPnfIDFV,VfqRIiJePy
aRUPnfIDFV,yPnpNWU,ZvAlww,aRUPnfIDFV,ZUlJLL,yPnpNWU,VfqRIiJePy,yPnpNWU,aRUPnfIDFV,yPnpNWU,yPnpNWU,ZUlJLL,yPnpNWU,aRUPnfIDFV,VfqRIiJePy
VfqRIiJePy
VfqRIiJePy
aRUPnfIDFV,yPnpNWU,ZvAlww,aRUPnfIDFV,ZUlJLL,yPnpNWU,VfqRIiJePy,yPnpNWU,aRUPnfIDFV,yPnpNWU,yPnpNWU,ZUlJLL,yPnpNWU,aRUPnfIDFV,VfqRIiJePy
aRUPnfIDFV,yPnpNWU,ZvAlww,aRUPnfIDFV,ZUlJLL,yPnpNWU,VfqRIiJePy,yPnpNWU,aRUPnfIDFV,yPnpNWU,yPnpNWU,ZUlJLL,yPnpNWU,aRUPnfIDFV,VfqRIiJePy
VfqRIiJePy
aRUPnfIDFV,yPnpNWU,ZvAlww,aRUPnfIDFV,ZUlJLL,yPnpNWU,VfqRIiJePy,yPnpNWU,aRUPnfIDFV,yPnpNWU,yPnpNWU,ZUlJLL,yPnpNWU,aRUPnfIDFV,VfqRIiJePy
yPnpNWU
aRUPnfIDFV,yPnpNWU,ZvAlww,aRUPnfIDFV,ZUlJLL,yPnpNWU,VfqRIiJePy,yPnpNWU,aRUPnfIDFV,yPnpNWU,yPnpNWU,ZUlJLL,yPnpNWU,aRUPnfIDFV,VfqRIiJePy,alBpHTP
yPnpNWU,ZUlJLL,yPnpNWU,yPnpNWU,aRUPnfIDFV,yPnpNWU,yPnpNWU,ZUlJLL,yPnpNWU,aRUPnfIDFV,VfqRIiJePy,yPnpNWU
aRUPnfIDFV
aRUPnfIDFV
aRUPnfIDFV,yPnpNWU,ZvAlww,aRUPnfIDFV,ZUlJLL,yPnpNWU,VfqRIiJePy,yPnpNWU,aRUPnfIDFV,yPnpNWU,yPnpNWU,ZUlJLL,yPnpNWU,aRUPnfIDFV,VfqRIiJePy,alBpHTP
aRUPnfIDFV,yPnpNWU,aRUPnfIDFV,ZUlJLL,yPnpNWU,yPnpNWU,aRUPnfIDFV,yPnpNWU,yPnpNWU,ZUlJLL,yPnpNWU,aRUPnfIDFV,VfqRIiJePy,VfqRIiJePy,aRUPnfIDFV,alBpHTP
yPnpNWU
aRUPnfIDFV
aRUPnfIDFV
aRUPnfIDFV
aRUPnfIDFV
aRUPnfIDFV,yPnpNWU,aRUPnfIDFV,yPnpNWU,yPnpNWU,aRUPnfIDFV,yPnpNWU,yPnpNWU,ZUlJLL,yPnpNWU,aRUPnfIDFV,VfqRIiJePy,VfqRIiJePy,aRUPnfIDFV,alBpHTP,dGraxvk,alBpHTP
alBpHTP
yPnpNWU
aRUPnfIDFV,yPnpNWU,ZvAlww,aRUPnfIDFV,yPnpNWU,VfqRIiJePy,yPnpNWU,aRUPnfIDFV,alBpHTP,yPnpNWU,yPnpNWU,ZUlJLL,yPnpNWU,aRUPnfIDFV,VfqRIiJePy,aRUPnfIDFV,VfqRIiJePy
yPnpNWU
aRUPnfIDFV,yPnpNWU,ZvAlww,aRUPnfIDFV,yPnpNWU,VfqRIiJePy,yPnpNWU,aRUPnfIDFV,alBpHTP,yPnpNWU,yPnpNWU,ZUlJLL,yPnpNWU,aRUPnfIDFV,VfqRIiJePy,aRUPnfIDFV,VfqRIiJePy
Jedi Wagner, assuma o comando!