[vazia]
[vazia]
[vazia]
RMqRsfov
Toque! Toque, Dijê!
[vazia]
Toque! Toque, Dijê!
KcN
[vazia]
Toque! Toque, Dijê!
[vazia]
[vazia]
RMqRsfov
RMqRsfov
RMqRsfov
RMqRsfov
RMqRsfov,miCTFgFP
RMqRsfov,miCTFgFP
RMqRsfov
RMqRsfov,miCTFgFP
RMqRsfov
RMqRsfov,miCTFgFP,BQQUjxXs
RMqRsfov
RMqRsfov
RMqRsfov
Toque! Toque, Dijê!
[vazia]
Toque! Toque, Dijê!
Toque! Toque, Dijê!
miCTFgFP,KcN
RMqRsfov
RMqRsfov
RMqRsfov
RMqRsfov
RMqRsfov
RMqRsfov,TbYvsBj,nAwWibn
RMqRsfov,TbYvsBj,nAwWibn
RMqRsfov
RMqRsfov,TbYvsBj
RMqRsfov,TbYvsBj
RMqRsfov
RMqRsfov
RMqRsfov
RMqRsfov
RMqRsfov,RMqRsfov
RMqRsfov,RMqRsfov,KcN
RMqRsfov,RMqRsfov,KcN
RMqRsfov
RMqRsfov,RMqRsfov,KcN,BQQUjxXs
RMqRsfov
RMqRsfov,RMqRsfov,KcN
RMqRsfov
RMqRsfov
RMqRsfov,RMqRsfov
RMqRsfov
RMqRsfov,RMqRsfov
RMqRsfov
RMqRsfov,RMqRsfov,TbYvsBj
RMqRsfov,RMqRsfov,TbYvsBj
RMqRsfov
RMqRsfov,RMqRsfov
RMqRsfov
RMqRsfov,RMqRsfov
RMqRsfov
RMqRsfov
RMqRsfov,RMqRsfov,miCTFgFP
RMqRsfov,RMqRsfov,miCTFgFP
RMqRsfov,RMqRsfov,miCTFgFP
RMqRsfov
RMqRsfov,RMqRsfov,miCTFgFP
RMqRsfov,RMqRsfov,miCTFgFP
RMqRsfov,RMqRsfov,miCTFgFP
RMqRsfov,RMqRsfov,miCTFgFP
RMqRsfov,RMqRsfov,miCTFgFP
RMqRsfov
RMqRsfov,RMqRsfov,miCTFgFP
RMqRsfov,RMqRsfov,miCTFgFP
RMqRsfov,RMqRsfov,miCTFgFP,BQQUjxXs
RMqRsfov
RMqRsfov
RMqRsfov
RMqRsfov
RMqRsfov
RMqRsfov,RMqRsfov
RMqRsfov
RMqRsfov,RMqRsfov
RMqRsfov,RMqRsfov
RMqRsfov,miCTFgFP,RMqRsfov
RMqRsfov
RMqRsfov,miCTFgFP,RMqRsfov,BQQUjxXs
RMqRsfov,miCTFgFP,RMqRsfov
RMqRsfov,miCTFgFP,RMqRsfov,JaQJjUX
RMqRsfov,miCTFgFP,RMqRsfov,JaQJjUX
RMqRsfov,miCTFgFP,RMqRsfov,cGRBZNVzf
RMqRsfov,miCTFgFP,RMqRsfov,cGRBZNVzf
cGRBZNVzf
miCTFgFP
miCTFgFP
miCTFgFP
RMqRsfov,miCTFgFP,RMqRsfov,cGRBZNVzf
cGRBZNVzf
RMqRsfov
RMqRsfov,cGRBZNVzf,IKzpmT
RMqRsfov,cGRBZNVzf,IKzpmT,cGRBZNVzf
cGRBZNVzf
RMqRsfov,cGRBZNVzf,IKzpmT
RMqRsfov,cGRBZNVzf,IKzpmT
RMqRsfov,cGRBZNVzf
RMqRsfov,cGRBZNVzf
RMqRsfov,cGRBZNVzf,IKzpmT,IKzpmT
RMqRsfov,cGRBZNVzf,nAwWibn,IKzpmT,IKzpmT
RMqRsfov,cGRBZNVzf,IKzpmT,KcN,TbYvsBj,miCTFgFP
IKzpmT
cGRBZNVzf,IKzpmT,RMqRsfov,KcN,TbYvsBj
cGRBZNVzf,IKzpmT,RMqRsfov,KcN,TbYvsBj
IKzpmT
cGRBZNVzf,IKzpmT,KcN,TbYvsBj,RMqRsfov
TbYvsBj
RMqRsfov
cGRBZNVzf,IKzpmT,TbYvsBj,KcN,RMqRsfov,IKzpmT,nAwWibn,TbYvsBj
RMqRsfov
cGRBZNVzf,IKzpmT,TbYvsBj,RMqRsfov,IKzpmT,nAwWibn,TbYvsBj,nAwWibn
cGRBZNVzf,IKzpmT,TbYvsBj,RMqRsfov,IKzpmT,nAwWibn,TbYvsBj,nAwWibn
RMqRsfov
cGRBZNVzf,IKzpmT,KcN,RMqRsfov,TbYvsBj,IKzpmT,nAwWibn,TbYvsBj
TbYvsBj
cGRBZNVzf,IKzpmT,RMqRsfov,TbYvsBj,KcN,IKzpmT,nAwWibn,TbYvsBj
cGRBZNVzf,IKzpmT,RMqRsfov,TbYvsBj,KcN,IKzpmT,nAwWibn,TbYvsBj
TbYvsBj
TbYvsBj
TbYvsBj
IKzpmT,RMqRsfov,TbYvsBj,cGRBZNVzf,KcN,IKzpmT,nAwWibn,TbYvsBj,miCTFgFP,TbYvsBj
TbYvsBj
TbYvsBj
IKzpmT,RMqRsfov,TbYvsBj,KcN,IKzpmT,nAwWibn,TbYvsBj,miCTFgFP
IKzpmT,RMqRsfov,TbYvsBj,KcN,IKzpmT,nAwWibn,TbYvsBj,miCTFgFP
IKzpmT,RMqRsfov,TbYvsBj,KcN,IKzpmT,nAwWibn,TbYvsBj,miCTFgFP
cGRBZNVzf,IKzpmT,TbYvsBj,KcN,IKzpmT,nAwWibn,TbYvsBj
cGRBZNVzf,IKzpmT,TbYvsBj,KcN,RMqRsfov,IKzpmT,nAwWibn,TbYvsBj
cGRBZNVzf,IKzpmT,TbYvsBj,KcN,RMqRsfov,IKzpmT,TbYvsBj
RMqRsfov
RMqRsfov
IKzpmT,TbYvsBj,IKzpmT,RMqRsfov,nAwWibn,TbYvsBj,miCTFgFP,TbYvsBj
IKzpmT,TbYvsBj,IKzpmT,RMqRsfov,nAwWibn,TbYvsBj,miCTFgFP,TbYvsBj,RMqRsfov
IKzpmT,TbYvsBj,IKzpmT,RMqRsfov,nAwWibn,TbYvsBj,miCTFgFP,TbYvsBj,RMqRsfov
TbYvsBj,IKzpmT,RMqRsfov,IKzpmT,nAwWibn,TbYvsBj,miCTFgFP,TbYvsBj,RMqRsfov
RMqRsfov
TbYvsBj,IKzpmT,RMqRsfov,IKzpmT,nAwWibn,TbYvsBj,miCTFgFP,TbYvsBj,RMqRsfov,nAwWibn,cGRBZNVzf
TbYvsBj,IKzpmT,RMqRsfov,IKzpmT,nAwWibn,TbYvsBj,miCTFgFP,TbYvsBj,RMqRsfov,nAwWibn,cGRBZNVzf
TbYvsBj
TbYvsBj,IKzpmT,RMqRsfov,IKzpmT,nAwWibn,TbYvsBj,miCTFgFP,TbYvsBj,RMqRsfov,nAwWibn,cGRBZNVzf,cGRBZNVzf
TbYvsBj
IKzpmT,RMqRsfov,IKzpmT,nAwWibn,TbYvsBj,TbYvsBj,miCTFgFP,TbYvsBj,RMqRsfov,nAwWibn,cGRBZNVzf,cGRBZNVzf
IKzpmT,RMqRsfov,IKzpmT,nAwWibn,TbYvsBj,TbYvsBj,miCTFgFP,TbYvsBj,RMqRsfov,nAwWibn,cGRBZNVzf,cGRBZNVzf
IKzpmT,IKzpmT,nAwWibn,TbYvsBj,TbYvsBj,miCTFgFP,TbYvsBj,RMqRsfov,nAwWibn,cGRBZNVzf,cGRBZNVzf
cGRBZNVzf
IKzpmT,RMqRsfov,IKzpmT,nAwWibn,TbYvsBj,cGRBZNVzf,TbYvsBj,miCTFgFP,TbYvsBj,RMqRsfov,nAwWibn,cGRBZNVzf,cGRBZNVzf
nAwWibn
TbYvsBj
IKzpmT,RMqRsfov,IKzpmT,TbYvsBj,cGRBZNVzf,TbYvsBj,miCTFgFP,nAwWibn,TbYvsBj,RMqRsfov,nAwWibn,cGRBZNVzf,cGRBZNVzf
IKzpmT,RMqRsfov,IKzpmT,TbYvsBj,cGRBZNVzf,TbYvsBj,miCTFgFP,nAwWibn,TbYvsBj,RMqRsfov,nAwWibn,cGRBZNVzf,cGRBZNVzf
IKzpmT,RMqRsfov,IKzpmT,TbYvsBj,cGRBZNVzf,TbYvsBj,miCTFgFP,TbYvsBj,RMqRsfov,nAwWibn,nAwWibn,cGRBZNVzf,cGRBZNVzf,JaQJjUX
RMqRsfov
IKzpmT,RMqRsfov,IKzpmT,TbYvsBj,cGRBZNVzf,TbYvsBj,miCTFgFP,nAwWibn,TbYvsBj,RMqRsfov,nAwWibn,cGRBZNVzf,cGRBZNVzf,cGRBZNVzf
RMqRsfov
IKzpmT,RMqRsfov,IKzpmT,TbYvsBj,cGRBZNVzf,TbYvsBj,miCTFgFP,nAwWibn,TbYvsBj,RMqRsfov,nAwWibn,cGRBZNVzf,cGRBZNVzf
RMqRsfov
RMqRsfov
IKzpmT,RMqRsfov,IKzpmT,TbYvsBj,cGRBZNVzf,TbYvsBj,miCTFgFP,nAwWibn,TbYvsBj,RMqRsfov,nAwWibn,cGRBZNVzf,cGRBZNVzf
IKzpmT,RMqRsfov,IKzpmT,cGRBZNVzf,TbYvsBj,miCTFgFP,nAwWibn,TbYvsBj,RMqRsfov,nAwWibn,cGRBZNVzf,cGRBZNVzf,KcN
IKzpmT,RMqRsfov,IKzpmT,cGRBZNVzf,TbYvsBj,miCTFgFP,nAwWibn,TbYvsBj,RMqRsfov,nAwWibn,cGRBZNVzf,cGRBZNVzf,KcN,cGRBZNVzf,cGRBZNVzf
IKzpmT,RMqRsfov,IKzpmT,cGRBZNVzf,TbYvsBj,miCTFgFP,nAwWibn,TbYvsBj,RMqRsfov,nAwWibn,cGRBZNVzf,cGRBZNVzf,KcN,cGRBZNVzf,cGRBZNVzf,KcN
RMqRsfov
RMqRsfov
IKzpmT,RMqRsfov,IKzpmT,TbYvsBj,cGRBZNVzf,TbYvsBj,miCTFgFP,nAwWibn,TbYvsBj,RMqRsfov,nAwWibn,cGRBZNVzf,cGRBZNVzf,TbYvsBj,IKzpmT
nAwWibn
nAwWibn
nAwWibn
IKzpmT,IKzpmT,cGRBZNVzf,TbYvsBj,RMqRsfov,RMqRsfov,nAwWibn,TbYvsBj,cGRBZNVzf,cGRBZNVzf,TbYvsBj,miCTFgFP,BQQUjxXs,miCTFgFP
IKzpmT,IKzpmT,cGRBZNVzf,TbYvsBj,RMqRsfov,RMqRsfov,nAwWibn,TbYvsBj,cGRBZNVzf,cGRBZNVzf,TbYvsBj,miCTFgFP,BQQUjxXs,KcN
cGRBZNVzf
IKzpmT,TbYvsBj,RMqRsfov,RMqRsfov,nAwWibn,TbYvsBj,cGRBZNVzf,IKzpmT,cGRBZNVzf,TbYvsBj,miCTFgFP,KcN,IKzpmT
IKzpmT,TbYvsBj,RMqRsfov,RMqRsfov,TbYvsBj,cGRBZNVzf,miCTFgFP,nAwWibn,IKzpmT,cGRBZNVzf,TbYvsBj,KcN,IKzpmT
IKzpmT,TbYvsBj,RMqRsfov,RMqRsfov,TbYvsBj,cGRBZNVzf,miCTFgFP,nAwWibn,IKzpmT,cGRBZNVzf,TbYvsBj,KcN,IKzpmT
IKzpmT,TbYvsBj,RMqRsfov,RMqRsfov,TbYvsBj,cGRBZNVzf,miCTFgFP,nAwWibn,IKzpmT,cGRBZNVzf,TbYvsBj,KcN,IKzpmT
IKzpmT
IKzpmT,TbYvsBj,RMqRsfov,RMqRsfov,TbYvsBj,cGRBZNVzf,miCTFgFP,nAwWibn,IKzpmT,cGRBZNVzf,TbYvsBj,KcN,IKzpmT
IKzpmT
TbYvsBj
RMqRsfov,RMqRsfov,TbYvsBj,cGRBZNVzf,miCTFgFP,nAwWibn,IKzpmT,TbYvsBj,cGRBZNVzf,TbYvsBj,KcN,IKzpmT
RMqRsfov,TbYvsBj,cGRBZNVzf,miCTFgFP,nAwWibn,IKzpmT,TbYvsBj,cGRBZNVzf,TbYvsBj,KcN,IKzpmT
RMqRsfov,RMqRsfov,TbYvsBj,cGRBZNVzf,miCTFgFP,nAwWibn,IKzpmT,TbYvsBj,cGRBZNVzf,TbYvsBj,KcN,IKzpmT
TbYvsBj
TbYvsBj
RMqRsfov,RMqRsfov,TbYvsBj,cGRBZNVzf,miCTFgFP,nAwWibn,IKzpmT,TbYvsBj,cGRBZNVzf,TbYvsBj,KcN,IKzpmT,miCTFgFP
IKzpmT
TbYvsBj
TbYvsBj
TbYvsBj
TbYvsBj
IKzpmT,TbYvsBj,RMqRsfov,TbYvsBj,cGRBZNVzf,miCTFgFP,nAwWibn,IKzpmT,cGRBZNVzf,TbYvsBj,KcN,IKzpmT,TbYvsBj,RMqRsfov
IKzpmT,RMqRsfov,cGRBZNVzf,miCTFgFP,nAwWibn,IKzpmT,cGRBZNVzf,TbYvsBj,KcN,TbYvsBj,IKzpmT,TbYvsBj,RMqRsfov
IKzpmT,RMqRsfov,cGRBZNVzf,miCTFgFP,nAwWibn,IKzpmT,cGRBZNVzf,TbYvsBj,TbYvsBj,IKzpmT,KcN,TbYvsBj,RMqRsfov,TbYvsBj,BQQUjxXs
IKzpmT,RMqRsfov,cGRBZNVzf,miCTFgFP,nAwWibn,IKzpmT,cGRBZNVzf,TbYvsBj,TbYvsBj,IKzpmT,KcN,TbYvsBj,RMqRsfov,TbYvsBj,BQQUjxXs
KcN
KcN
IKzpmT,cGRBZNVzf,miCTFgFP,IKzpmT,cGRBZNVzf,TbYvsBj,TbYvsBj,IKzpmT,KcN,RMqRsfov,TbYvsBj,RMqRsfov,TbYvsBj,BQQUjxXs,BQQUjxXs,BQQUjxXs
IKzpmT,cGRBZNVzf,miCTFgFP,IKzpmT,cGRBZNVzf,TbYvsBj,TbYvsBj,IKzpmT,KcN,RMqRsfov,TbYvsBj,RMqRsfov,TbYvsBj,BQQUjxXs,BQQUjxXs,BQQUjxXs
KcN
cGRBZNVzf,miCTFgFP,IKzpmT,cGRBZNVzf,TbYvsBj,TbYvsBj,IKzpmT,KcN,nAwWibn,RMqRsfov,TbYvsBj,RMqRsfov,TbYvsBj,BQQUjxXs,BQQUjxXs,BQQUjxXs
cGRBZNVzf,miCTFgFP,IKzpmT,cGRBZNVzf,TbYvsBj,TbYvsBj,IKzpmT,KcN,nAwWibn,RMqRsfov,TbYvsBj,RMqRsfov,TbYvsBj,BQQUjxXs,BQQUjxXs,BQQUjxXs
cGRBZNVzf,cGRBZNVzf,TbYvsBj,TbYvsBj,IKzpmT,KcN,BQQUjxXs,miCTFgFP,nAwWibn,RMqRsfov,TbYvsBj,RMqRsfov,TbYvsBj,BQQUjxXs,BQQUjxXs,cGRBZNVzf
cGRBZNVzf,cGRBZNVzf,TbYvsBj,TbYvsBj,IKzpmT,KcN,nAwWibn,BQQUjxXs,miCTFgFP,RMqRsfov,TbYvsBj,RMqRsfov,TbYvsBj,BQQUjxXs,BQQUjxXs,cGRBZNVzf,KcN,JaQJjUX,nAwWibn
cGRBZNVzf,TbYvsBj,IKzpmT,KcN,nAwWibn,JaQJjUX,cGRBZNVzf,BQQUjxXs,miCTFgFP,RMqRsfov,TbYvsBj,RMqRsfov,TbYvsBj,BQQUjxXs,BQQUjxXs,cGRBZNVzf,KcN,nAwWibn
cGRBZNVzf,IKzpmT,KcN,nAwWibn,JaQJjUX,cGRBZNVzf,BQQUjxXs,miCTFgFP,RMqRsfov,TbYvsBj,RMqRsfov,TbYvsBj,BQQUjxXs,BQQUjxXs,cGRBZNVzf,KcN,nAwWibn
cGRBZNVzf,IKzpmT,KcN,nAwWibn,JaQJjUX,cGRBZNVzf,BQQUjxXs,miCTFgFP,RMqRsfov,TbYvsBj,RMqRsfov,TbYvsBj,BQQUjxXs,BQQUjxXs,cGRBZNVzf,KcN,nAwWibn
cGRBZNVzf,IKzpmT,KcN,nAwWibn,cGRBZNVzf,BQQUjxXs,miCTFgFP,RMqRsfov,TbYvsBj,RMqRsfov,TbYvsBj,BQQUjxXs,BQQUjxXs,cGRBZNVzf,KcN,nAwWibn,RMqRsfov,IKzpmT
cGRBZNVzf,IKzpmT,KcN,nAwWibn,cGRBZNVzf,BQQUjxXs,miCTFgFP,RMqRsfov,TbYvsBj,RMqRsfov,TbYvsBj,BQQUjxXs,BQQUjxXs,cGRBZNVzf,KcN,nAwWibn,RMqRsfov
cGRBZNVzf,IKzpmT,KcN,nAwWibn,cGRBZNVzf,BQQUjxXs,miCTFgFP,RMqRsfov,TbYvsBj,RMqRsfov,TbYvsBj,BQQUjxXs,BQQUjxXs,cGRBZNVzf,KcN,nAwWibn,RMqRsfov
miCTFgFP
miCTFgFP
IKzpmT,KcN,nAwWibn,cGRBZNVzf,BQQUjxXs,miCTFgFP,cGRBZNVzf,RMqRsfov,TbYvsBj,RMqRsfov,TbYvsBj,BQQUjxXs,BQQUjxXs,cGRBZNVzf,KcN,nAwWibn,RMqRsfov
IKzpmT,KcN,nAwWibn,cGRBZNVzf,BQQUjxXs,miCTFgFP,cGRBZNVzf,RMqRsfov,TbYvsBj,RMqRsfov,TbYvsBj,BQQUjxXs,BQQUjxXs,cGRBZNVzf,KcN,nAwWibn,RMqRsfov
IKzpmT,KcN,nAwWibn,cGRBZNVzf,BQQUjxXs,miCTFgFP,cGRBZNVzf,RMqRsfov,TbYvsBj,RMqRsfov,TbYvsBj,BQQUjxXs,BQQUjxXs,cGRBZNVzf,KcN,nAwWibn,RMqRsfov
Jedi Wagner, assuma o comando!