Toque! Toque, Dijê!
Toque! Toque, Dijê!
Toque! Toque, Dijê!
[vazia]
QTgG
QTgG
QTgG,QTgG
QTgG
QTgG
QTgG
QTgG,QTgG,QTgG
QTgG,QTgG,QTgG,QTgG
QTgG
QTgG,QTgG,QTgG,QTgG
QTgG,QTgG,QTgG,QTgG
QTgG,QTgG,QTgG,QTgG
QTgG
QTgG,QTgG,QTgG,QTgG
QTgG,QTgG,QTgG
QTgG
QTgG
QTgG
QTgG,QTgG
QTgG,QTgG
QTgG,QTgG,QTgG
QTgG,QTgG,QTgG
QTgG
QTgG
QTgG
QTgG
QTgG
QTgG
QTgG,QTgG,QTgG,QTgG
QTgG
QTgG
QTgG,QTgG,QTgG,QTgG
QTgG
QTgG,QTgG,QTgG,QTgG
QTgG
QTgG
QTgG
QTgG,QTgG,QTgG,QTgG
QTgG
QTgG,QTgG
QTgG
QTgG,QTgG
QTgG,QTgG,QTgG,QTgG
QTgG,QTgG,QTgG,QTgG
QTgG
QTgG
QTgG
QTgG
QTgG,QTgG
QTgG
QTgG
QTgG,QTgG,QTgG,QTgG
QTgG,QTgG
QTgG,QTgG
QTgG,QTgG
QTgG,QTgG
QTgG
QTgG,QTgG
QTgG
QTgG
QTgG
QTgG,QTgG
QTgG
QTgG
QTgG
QTgG
QTgG
QTgG
QTgG
QTgG
QTgG
QTgG
QTgG
QTgG
QTgG
QTgG
QTgG
[vazia]
QTgG
QTgG
QTgG,QTgG
QTgG,QTgG
QTgG,QTgG
QTgG,QTgG
QTgG,QTgG
QTgG
QTgG
Toque! Toque, Dijê!
Toque! Toque, Dijê!
Toque! Toque, Dijê!
QTgG
QTgG
QTgG
QTgG
QTgG
[vazia]
[vazia]
[vazia]
[vazia]
Toque! Toque, Dijê!
Toque! Toque, Dijê!
[vazia]
[vazia]
QTgG
QTgG,QTgG
QTgG,QTgG,QTgG
QTgG
QTgG
QTgG
QTgG
QTgG
QTgG
QTgG
QTgG
QTgG,QTgG,QTgG,QTgG
QTgG
QTgG
QTgG
QTgG
QTgG
QTgG
QTgG,QTgG,QTgG
QTgG,QTgG
QTgG,QTgG
QTgG,QTgG
QTgG,QTgG,QTgG,QTgG
QTgG
QTgG
QTgG,QTgG
QTgG
QTgG
QTgG
QTgG
QTgG
QTgG
QTgG
QTgG
QTgG
QTgG,QTgG,QTgG,QTgG
QTgG
QTgG,QTgG,QTgG,QTgG
QTgG
QTgG
QTgG,QTgG,QTgG,QTgG,QTgG,QTgG
QTgG,QTgG,QTgG,QTgG,QTgG,QTgG
QTgG
QTgG,QTgG,QTgG,QTgG,QTgG
QTgG,QTgG,QTgG,QTgG,QTgG,QTgG
QTgG
QTgG
QTgG,QTgG
QTgG,QTgG
QTgG,QTgG,QTgG,QTgG
QTgG
QTgG
QTgG
QTgG,QTgG,QTgG,QTgG
QTgG,QTgG,QTgG,QTgG,QTgG
QTgG
QTgG,QTgG,QTgG,QTgG,QTgG
QTgG
QTgG,QTgG,QTgG,QTgG,QTgG,QTgG
QTgG,QTgG,QTgG,QTgG,QTgG,QTgG
QTgG,QTgG,QTgG,QTgG,QTgG,QTgG,QTgG,QTgG
QTgG,QTgG,QTgG,QTgG,QTgG,QTgG,QTgG,QTgG
QTgG
QTgG
QTgG
QTgG,QTgG,QTgG,QTgG,QTgG,QTgG,QTgG,QTgG,QTgG,QTgG,QTgG,QTgG,QTgG,QTgG
QTgG,QTgG,QTgG,QTgG,QTgG,QTgG,QTgG,QTgG,QTgG,QTgG,QTgG,QTgG,QTgG,QTgG,QTgG
QTgG,QTgG,QTgG,QTgG,QTgG,QTgG,QTgG,QTgG,QTgG,QTgG,QTgG,QTgG,QTgG,QTgG,QTgG
QTgG
QTgG
QTgG
QTgG
QTgG
QTgG
QTgG,QTgG,QTgG,QTgG,QTgG,QTgG,QTgG,QTgG,QTgG,QTgG,QTgG,QTgG,QTgG,QTgG,QTgG
QTgG
QTgG
QTgG,QTgG,QTgG,QTgG,QTgG,QTgG,QTgG,QTgG,QTgG,QTgG,QTgG,QTgG,QTgG,QTgG
QTgG,QTgG,QTgG,QTgG
QTgG,QTgG,QTgG,QTgG
QTgG
QTgG
QTgG
QTgG
QTgG,QTgG,QTgG,QTgG,QTgG
QTgG
QTgG,QTgG,QTgG
QTgG,QTgG,QTgG,QTgG,QTgG
QTgG,QTgG,QTgG,QTgG,QTgG
QTgG
QTgG
QTgG
Jedi Wagner, assuma o comando!