[vazia]
[vazia]
[vazia]
Toque! Toque, Dijê!
Toque! Toque, Dijê!
Toque! Toque, Dijê!
[vazia]
pnogpQFdA
[vazia]
[vazia]
Toque! Toque, Dijê!
[vazia]
Toque! Toque, Dijê!
[vazia]
[vazia]
Toque! Toque, Dijê!
Toque! Toque, Dijê!
pnogpQFdA
pnogpQFdA,pnogpQFdA
pnogpQFdA,pnogpQFdA
pnogpQFdA,pnogpQFdA
pnogpQFdA,pnogpQFdA
pnogpQFdA,pnogpQFdA
pnogpQFdA,pnogpQFdA
pnogpQFdA,pnogpQFdA
pnogpQFdA
pnogpQFdA
pnogpQFdA
pnogpQFdA,pnogpQFdA
pnogpQFdA,pnogpQFdA
pnogpQFdA
pnogpQFdA,pnogpQFdA
pnogpQFdA,pnogpQFdA
pnogpQFdA,pnogpQFdA
pnogpQFdA
pnogpQFdA
pnogpQFdA
pnogpQFdA,pnogpQFdA
pnogpQFdA,pnogpQFdA
pnogpQFdA
pnogpQFdA,pnogpQFdA
pnogpQFdA,pnogpQFdA
pnogpQFdA
pnogpQFdA
pnogpQFdA
pnogpQFdA
pnogpQFdA,pnogpQFdA
pnogpQFdA,pnogpQFdA
pnogpQFdA
pnogpQFdA
pnogpQFdA
pnogpQFdA
pnogpQFdA
pnogpQFdA,pnogpQFdA,pnogpQFdA,pnogpQFdA
pnogpQFdA
pnogpQFdA,pnogpQFdA,pnogpQFdA,pnogpQFdA
pnogpQFdA
pnogpQFdA
pnogpQFdA
pnogpQFdA,pnogpQFdA,pnogpQFdA,pnogpQFdA
pnogpQFdA
pnogpQFdA,pnogpQFdA,pnogpQFdA
pnogpQFdA
pnogpQFdA
pnogpQFdA,pnogpQFdA
pnogpQFdA
pnogpQFdA,pnogpQFdA
pnogpQFdA,pnogpQFdA
pnogpQFdA,pnogpQFdA,pnogpQFdA
pnogpQFdA
pnogpQFdA,pnogpQFdA,pnogpQFdA,pnogpQFdA,pnogpQFdA
pnogpQFdA,pnogpQFdA,pnogpQFdA,pnogpQFdA,pnogpQFdA
pnogpQFdA
Jedi Wagner, assuma o comando!