Toque! Toque, Dijê!
[vazia]
Toque! Toque, Dijê!
R
R
R
R
R
R
R
R
R
R
R
R
R
R
R
R
R
R,MMHwuTPH
R,MMHwuTPH
MMHwuTPH
R
MMHwuTPH
MMHwuTPH
R,MMHwuTPH,JeL
R
R,MMHwuTPH,JeL
R,MMHwuTPH,JeL
R
R,MMHwuTPH,JeL
R,MMHwuTPH,JeL
R,MMHwuTPH,JeL
R,MMHwuTPH,JeL
R,MMHwuTPH,JeL
R
R,MMHwuTPH,JeL
R,MMHwuTPH,JeL
R,JeL,MMHwuTPH
JeL
R,JeL,MMHwuTPH,tVF
R,JeL,MMHwuTPH,tVF
JeL
R,JeL,MMHwuTPH
JeL
R,MMHwuTPH,JeL,JeL,QAflxy
MMHwuTPH
R,MMHwuTPH,JeL,JeL,QAflxy
MMHwuTPH
R,MMHwuTPH,JeL,JeL
MMHwuTPH
R,MMHwuTPH,JeL,JeL
JeL
R,JeL,MMHwuTPH,mWctcRHHie
mWctcRHHie
mWctcRHHie
MMHwuTPH
MMHwuTPH
mWctcRHHie
R,MMHwuTPH,mWctcRHHie
R,MMHwuTPH,mWctcRHHie,GnwcvBMQx,XykAXN
mWctcRHHie
R,MMHwuTPH,mWctcRHHie,GnwcvBMQx,XykAXN,JeL,MMHwuTPH,GnwcvBMQx
R,MMHwuTPH,mWctcRHHie,GnwcvBMQx,XykAXN,JeL,MMHwuTPH
mWctcRHHie
R,MMHwuTPH,JeL,mWctcRHHie,GnwcvBMQx,XykAXN,MMHwuTPH
MMHwuTPH
mWctcRHHie
mWctcRHHie
MMHwuTPH,R,mWctcRHHie
MMHwuTPH,R,mWctcRHHie,MMHwuTPH
R,mWctcRHHie,MMHwuTPH
R
R,mWctcRHHie,MMHwuTPH
R,mWctcRHHie,MMHwuTPH
R
R,tVF,LbjT
R
R
R,mWctcRHHie,MMHwuTPH
R
R,mWctcRHHie,MMHwuTPH,LbjT
R,mWctcRHHie,MMHwuTPH,LbjT
R,mWctcRHHie,MMHwuTPH,LbjT,tVF
mWctcRHHie
R,mWctcRHHie,LbjT
R,mWctcRHHie,LbjT
R,mWctcRHHie,MMHwuTPH,LbjT
MMHwuTPH
MMHwuTPH
MMHwuTPH
MMHwuTPH,LbjT,LbjT,JeL,XykAXN
MMHwuTPH
LbjT,MMHwuTPH,LbjT,JeL,XykAXN
MMHwuTPH
MMHwuTPH,LbjT,LbjT,JeL,XykAXN,MMHwuTPH
MMHwuTPH
MMHwuTPH
R,MMHwuTPH,mWctcRHHie,LbjT,GnwcvBMQx,QAflxy
MMHwuTPH
R,mWctcRHHie,MMHwuTPH,LbjT
mWctcRHHie
mWctcRHHie
R,mWctcRHHie,MMHwuTPH,LbjT
R,mWctcRHHie,QAflxy
R,mWctcRHHie,MMHwuTPH,LbjT,GnwcvBMQx,XykAXN
R,mWctcRHHie,MMHwuTPH,LbjT,GnwcvBMQx,XykAXN
R,mWctcRHHie,MMHwuTPH,LbjT,XykAXN
R,mWctcRHHie,MMHwuTPH,LbjT,GnwcvBMQx,XykAXN
R,mWctcRHHie,MMHwuTPH,LbjT,GnwcvBMQx,XykAXN
R,mWctcRHHie,MMHwuTPH,LbjT,GnwcvBMQx,XykAXN
R,MMHwuTPH,LbjT,GnwcvBMQx,XykAXN,tVF,tVF
R,LbjT,GnwcvBMQx,XykAXN,tVF,tVF
LbjT
R,LbjT,GnwcvBMQx,XykAXN,tVF,tVF
LbjT
GnwcvBMQx
mWctcRHHie
R,mWctcRHHie,LbjT
R,mWctcRHHie,LbjT
LbjT
R,mWctcRHHie,MMHwuTPH,LbjT,tVF
mWctcRHHie,MMHwuTPH,LbjT,tVF
LbjT
R,mWctcRHHie,MMHwuTPH,LbjT,tVF
LbjT
tVF
R,MMHwuTPH,LbjT,tVF
tVF
tVF
tVF
R,mWctcRHHie,MMHwuTPH,tVF,LbjT
R,mWctcRHHie,tVF,LbjT
mWctcRHHie
mWctcRHHie
R,mWctcRHHie,tVF,LbjT
mWctcRHHie
mWctcRHHie
R,mWctcRHHie,tVF,LbjT
mWctcRHHie
LbjT
LbjT
R,LbjT,tVF,R,mWctcRHHie,MMHwuTPH,tVF
R,LbjT,tVF,R,mWctcRHHie,MMHwuTPH,tVF
R,LbjT,mWctcRHHie,tVF,R
R,mWctcRHHie,tVF,R
mWctcRHHie
mWctcRHHie
R,mWctcRHHie,tVF,R
R,mWctcRHHie,tVF,R
R,mWctcRHHie,tVF,R
R,LbjT,mWctcRHHie,tVF,R,LbjT
LbjT,R,mWctcRHHie,tVF,R,mWctcRHHie
Jedi Wagner, assuma o comando!