COzlyoAeC
Toque! Toque, Dijê!
[vazia]
Toque! Toque, Dijê!
[vazia]
[vazia]
[vazia]
[vazia]
COzlyoAeC
qcdtpIe
Toque! Toque, Dijê!
Toque! Toque, Dijê!
Toque! Toque, Dijê!
Toque! Toque, Dijê!
[vazia]
[vazia]
qcdtpIe
qcdtpIe
qcdtpIe
qcdtpIe
qcdtpIe,COzlyoAeC
COzlyoAeC
COzlyoAeC
qcdtpIe,qcdtpIe,qcdtpIe,qcdtpIe
qcdtpIe,qcdtpIe,qcdtpIe,qcdtpIe
qcdtpIe
qcdtpIe,qcdtpIe
qcdtpIe,qcdtpIe
qcdtpIe,qcdtpIe,COzlyoAeC
qcdtpIe,COzlyoAeC
qcdtpIe,COzlyoAeC
qcdtpIe,COzlyoAeC
COzlyoAeC
COzlyoAeC
qcdtpIe,COzlyoAeC
COzlyoAeC
qcdtpIe
[vazia]
[vazia]
COzlyoAeC,qcdtpIe,COzlyoAeC
COzlyoAeC
qcdtpIe
qcdtpIe,COzlyoAeC,qcdtpIe
qcdtpIe
qcdtpIe,COzlyoAeC
COzlyoAeC
COzlyoAeC
COzlyoAeC
qcdtpIe,qcdtpIe,COzlyoAeC,qcdtpIe
qcdtpIe,COzlyoAeC,qcdtpIe
qcdtpIe,COzlyoAeC,qcdtpIe
qcdtpIe
qcdtpIe
qcdtpIe
qcdtpIe,COzlyoAeC,qcdtpIe,qcdtpIe,COzlyoAeC
qcdtpIe,qcdtpIe,COzlyoAeC,qcdtpIe,COzlyoAeC
qcdtpIe
COzlyoAeC,qcdtpIe,COzlyoAeC
COzlyoAeC
qcdtpIe,COzlyoAeC,qcdtpIe,COzlyoAeC
qcdtpIe,qcdtpIe,COzlyoAeC
qcdtpIe,qcdtpIe,COzlyoAeC
qcdtpIe,COzlyoAeC,qcdtpIe,COzlyoAeC
COzlyoAeC,qcdtpIe,COzlyoAeC,COzlyoAeC
COzlyoAeC
COzlyoAeC,qcdtpIe,COzlyoAeC,COzlyoAeC,qcdtpIe
COzlyoAeC,COzlyoAeC,qcdtpIe,qcdtpIe,qcdtpIe,COzlyoAeC,qcdtpIe,qcdtpIe
COzlyoAeC,COzlyoAeC,qcdtpIe,COzlyoAeC,qcdtpIe,qcdtpIe,COzlyoAeC,qcdtpIe
COzlyoAeC
COzlyoAeC
qcdtpIe
COzlyoAeC,COzlyoAeC,qcdtpIe,COzlyoAeC,qcdtpIe,qcdtpIe,COzlyoAeC,qcdtpIe,qcdtpIe
COzlyoAeC,COzlyoAeC,qcdtpIe,qcdtpIe,COzlyoAeC,qcdtpIe,qcdtpIe,qcdtpIe
COzlyoAeC
COzlyoAeC
qcdtpIe
qcdtpIe,COzlyoAeC,qcdtpIe,qcdtpIe,qcdtpIe,COzlyoAeC,qcdtpIe
qcdtpIe,COzlyoAeC,qcdtpIe,qcdtpIe,qcdtpIe,COzlyoAeC,qcdtpIe
qcdtpIe
qcdtpIe,COzlyoAeC,qcdtpIe,qcdtpIe,qcdtpIe,COzlyoAeC,qcdtpIe
qcdtpIe
qcdtpIe
COzlyoAeC,qcdtpIe,qcdtpIe,qcdtpIe,qcdtpIe,COzlyoAeC,qcdtpIe
qcdtpIe,qcdtpIe,qcdtpIe,qcdtpIe,COzlyoAeC,qcdtpIe
COzlyoAeC
qcdtpIe
COzlyoAeC
qcdtpIe
qcdtpIe,qcdtpIe,qcdtpIe,qcdtpIe
qcdtpIe,COzlyoAeC,qcdtpIe,qcdtpIe,qcdtpIe,COzlyoAeC,qcdtpIe
qcdtpIe
qcdtpIe,COzlyoAeC,qcdtpIe,qcdtpIe,qcdtpIe,COzlyoAeC,qcdtpIe
qcdtpIe,COzlyoAeC,qcdtpIe,qcdtpIe,qcdtpIe,COzlyoAeC,qcdtpIe
qcdtpIe,COzlyoAeC,qcdtpIe,qcdtpIe,qcdtpIe,COzlyoAeC,qcdtpIe
qcdtpIe
qcdtpIe,qcdtpIe,COzlyoAeC,qcdtpIe,qcdtpIe,COzlyoAeC,qcdtpIe,qcdtpIe
COzlyoAeC
COzlyoAeC
COzlyoAeC
COzlyoAeC
qcdtpIe,qcdtpIe,COzlyoAeC,qcdtpIe,qcdtpIe,COzlyoAeC,qcdtpIe
qcdtpIe,qcdtpIe,COzlyoAeC,qcdtpIe,qcdtpIe,COzlyoAeC,qcdtpIe
qcdtpIe,qcdtpIe,qcdtpIe,qcdtpIe,COzlyoAeC,qcdtpIe,COzlyoAeC
qcdtpIe
qcdtpIe
qcdtpIe,qcdtpIe,qcdtpIe,COzlyoAeC,qcdtpIe,COzlyoAeC,qcdtpIe,qcdtpIe,qcdtpIe,qcdtpIe
qcdtpIe,qcdtpIe,COzlyoAeC,qcdtpIe,COzlyoAeC,qcdtpIe,qcdtpIe,qcdtpIe,qcdtpIe,qcdtpIe,COzlyoAeC,COzlyoAeC
qcdtpIe,COzlyoAeC,qcdtpIe,COzlyoAeC,qcdtpIe,qcdtpIe,qcdtpIe,qcdtpIe,qcdtpIe,COzlyoAeC,COzlyoAeC,qcdtpIe
COzlyoAeC
COzlyoAeC,qcdtpIe,COzlyoAeC,qcdtpIe,qcdtpIe,qcdtpIe,qcdtpIe,qcdtpIe,COzlyoAeC,COzlyoAeC,qcdtpIe
COzlyoAeC,qcdtpIe,COzlyoAeC,qcdtpIe,qcdtpIe,qcdtpIe,qcdtpIe,qcdtpIe,COzlyoAeC,COzlyoAeC,qcdtpIe
COzlyoAeC,qcdtpIe,COzlyoAeC,qcdtpIe,qcdtpIe,qcdtpIe,COzlyoAeC,COzlyoAeC,qcdtpIe,qcdtpIe,COzlyoAeC,qcdtpIe,qcdtpIe,qcdtpIe,qcdtpIe,qcdtpIe
qcdtpIe,COzlyoAeC,COzlyoAeC,qcdtpIe,qcdtpIe,qcdtpIe,COzlyoAeC,COzlyoAeC,qcdtpIe,qcdtpIe,COzlyoAeC,qcdtpIe,qcdtpIe,qcdtpIe,qcdtpIe,qcdtpIe,COzlyoAeC
qcdtpIe,COzlyoAeC,COzlyoAeC,qcdtpIe,qcdtpIe,qcdtpIe,COzlyoAeC,COzlyoAeC,qcdtpIe,qcdtpIe,COzlyoAeC,qcdtpIe,qcdtpIe,qcdtpIe,qcdtpIe,qcdtpIe,COzlyoAeC
qcdtpIe,qcdtpIe,COzlyoAeC,qcdtpIe,qcdtpIe,COzlyoAeC,COzlyoAeC,qcdtpIe,qcdtpIe,COzlyoAeC,qcdtpIe,qcdtpIe,qcdtpIe,qcdtpIe,qcdtpIe,COzlyoAeC,COzlyoAeC
COzlyoAeC
COzlyoAeC
qcdtpIe,qcdtpIe,COzlyoAeC,qcdtpIe,qcdtpIe,COzlyoAeC,COzlyoAeC,qcdtpIe,qcdtpIe,COzlyoAeC,qcdtpIe,qcdtpIe,qcdtpIe,qcdtpIe,qcdtpIe,COzlyoAeC,COzlyoAeC
COzlyoAeC
qcdtpIe,qcdtpIe,COzlyoAeC,qcdtpIe,qcdtpIe,COzlyoAeC,COzlyoAeC,qcdtpIe,qcdtpIe,COzlyoAeC,qcdtpIe,qcdtpIe,qcdtpIe,qcdtpIe,qcdtpIe,COzlyoAeC,COzlyoAeC,qcdtpIe
qcdtpIe,qcdtpIe,COzlyoAeC,qcdtpIe,qcdtpIe,COzlyoAeC,qcdtpIe,qcdtpIe,COzlyoAeC,qcdtpIe,qcdtpIe,qcdtpIe,qcdtpIe,qcdtpIe,COzlyoAeC,COzlyoAeC,qcdtpIe
qcdtpIe,qcdtpIe,qcdtpIe,qcdtpIe,COzlyoAeC,qcdtpIe,qcdtpIe,COzlyoAeC,qcdtpIe,qcdtpIe,qcdtpIe,qcdtpIe,qcdtpIe,COzlyoAeC,COzlyoAeC,qcdtpIe
qcdtpIe
qcdtpIe,qcdtpIe,qcdtpIe,qcdtpIe,COzlyoAeC,qcdtpIe,qcdtpIe,COzlyoAeC,qcdtpIe,qcdtpIe,qcdtpIe,qcdtpIe,qcdtpIe,COzlyoAeC,COzlyoAeC,qcdtpIe
qcdtpIe
qcdtpIe,qcdtpIe,COzlyoAeC,qcdtpIe,qcdtpIe,qcdtpIe,COzlyoAeC,qcdtpIe,qcdtpIe,qcdtpIe,qcdtpIe,qcdtpIe,COzlyoAeC,COzlyoAeC,qcdtpIe,qcdtpIe
COzlyoAeC
qcdtpIe,COzlyoAeC,qcdtpIe,qcdtpIe,qcdtpIe,qcdtpIe,COzlyoAeC,qcdtpIe,qcdtpIe,qcdtpIe,qcdtpIe,qcdtpIe,COzlyoAeC,COzlyoAeC,qcdtpIe,qcdtpIe,qcdtpIe,qcdtpIe
qcdtpIe,COzlyoAeC,qcdtpIe,qcdtpIe,qcdtpIe,qcdtpIe,COzlyoAeC,qcdtpIe,qcdtpIe,qcdtpIe,qcdtpIe,qcdtpIe,COzlyoAeC,COzlyoAeC,qcdtpIe,qcdtpIe,qcdtpIe,qcdtpIe
COzlyoAeC
COzlyoAeC,qcdtpIe,qcdtpIe,qcdtpIe,COzlyoAeC,qcdtpIe,qcdtpIe,qcdtpIe,qcdtpIe,qcdtpIe,COzlyoAeC,COzlyoAeC,qcdtpIe,qcdtpIe,qcdtpIe,qcdtpIe,qcdtpIe
COzlyoAeC,qcdtpIe,qcdtpIe,qcdtpIe,COzlyoAeC,qcdtpIe,qcdtpIe,qcdtpIe,qcdtpIe,qcdtpIe,COzlyoAeC,COzlyoAeC,qcdtpIe,qcdtpIe,qcdtpIe,qcdtpIe,qcdtpIe,qcdtpIe
COzlyoAeC,qcdtpIe,qcdtpIe,qcdtpIe,COzlyoAeC,qcdtpIe,qcdtpIe,qcdtpIe,qcdtpIe,qcdtpIe,COzlyoAeC,COzlyoAeC,qcdtpIe,qcdtpIe,qcdtpIe,qcdtpIe,qcdtpIe,qcdtpIe
COzlyoAeC,qcdtpIe,qcdtpIe,qcdtpIe,COzlyoAeC,qcdtpIe,qcdtpIe,qcdtpIe,qcdtpIe,qcdtpIe,COzlyoAeC,COzlyoAeC,qcdtpIe,qcdtpIe,qcdtpIe,qcdtpIe,qcdtpIe,qcdtpIe
qcdtpIe
qcdtpIe
qcdtpIe
qcdtpIe,qcdtpIe,qcdtpIe,COzlyoAeC,qcdtpIe,qcdtpIe,qcdtpIe,qcdtpIe,qcdtpIe,COzlyoAeC,COzlyoAeC,qcdtpIe,qcdtpIe,qcdtpIe,qcdtpIe,qcdtpIe,qcdtpIe,COzlyoAeC,COzlyoAeC
qcdtpIe,qcdtpIe,qcdtpIe,qcdtpIe,qcdtpIe,qcdtpIe,qcdtpIe,qcdtpIe,COzlyoAeC,COzlyoAeC,qcdtpIe,qcdtpIe,qcdtpIe,qcdtpIe,qcdtpIe,qcdtpIe,COzlyoAeC,COzlyoAeC,COzlyoAeC
qcdtpIe
COzlyoAeC
COzlyoAeC
qcdtpIe
qcdtpIe
qcdtpIe
qcdtpIe
qcdtpIe
qcdtpIe,qcdtpIe,qcdtpIe,qcdtpIe,qcdtpIe,qcdtpIe,qcdtpIe,qcdtpIe,COzlyoAeC,COzlyoAeC,qcdtpIe,qcdtpIe,qcdtpIe,qcdtpIe,qcdtpIe,qcdtpIe,COzlyoAeC,COzlyoAeC,COzlyoAeC,COzlyoAeC,qcdtpIe
qcdtpIe,qcdtpIe,qcdtpIe,qcdtpIe,qcdtpIe,qcdtpIe,qcdtpIe,qcdtpIe,COzlyoAeC,COzlyoAeC,qcdtpIe,qcdtpIe,qcdtpIe,qcdtpIe,qcdtpIe,qcdtpIe,COzlyoAeC,COzlyoAeC,COzlyoAeC,COzlyoAeC,qcdtpIe
qcdtpIe
qcdtpIe,qcdtpIe,COzlyoAeC,qcdtpIe,qcdtpIe,qcdtpIe,qcdtpIe,qcdtpIe,qcdtpIe,COzlyoAeC,qcdtpIe,qcdtpIe,qcdtpIe,qcdtpIe,qcdtpIe,qcdtpIe,COzlyoAeC,COzlyoAeC,COzlyoAeC,COzlyoAeC,qcdtpIe,COzlyoAeC
COzlyoAeC
COzlyoAeC
qcdtpIe
qcdtpIe
qcdtpIe,qcdtpIe,COzlyoAeC,qcdtpIe,qcdtpIe,qcdtpIe,qcdtpIe,qcdtpIe,qcdtpIe,COzlyoAeC,qcdtpIe,qcdtpIe,qcdtpIe,qcdtpIe,qcdtpIe,qcdtpIe,COzlyoAeC,COzlyoAeC,COzlyoAeC,COzlyoAeC,qcdtpIe,COzlyoAeC,qcdtpIe
qcdtpIe,qcdtpIe,COzlyoAeC,qcdtpIe,qcdtpIe,qcdtpIe,qcdtpIe,qcdtpIe,qcdtpIe,COzlyoAeC,qcdtpIe,qcdtpIe,qcdtpIe,qcdtpIe,qcdtpIe,qcdtpIe,COzlyoAeC,COzlyoAeC,COzlyoAeC,COzlyoAeC,qcdtpIe,COzlyoAeC
qcdtpIe
qcdtpIe
qcdtpIe
qcdtpIe
qcdtpIe,COzlyoAeC,qcdtpIe,qcdtpIe,qcdtpIe,COzlyoAeC,qcdtpIe,qcdtpIe,qcdtpIe,qcdtpIe,qcdtpIe,qcdtpIe,COzlyoAeC,COzlyoAeC,COzlyoAeC,COzlyoAeC,qcdtpIe,COzlyoAeC,COzlyoAeC,COzlyoAeC,COzlyoAeC
qcdtpIe
qcdtpIe,COzlyoAeC,qcdtpIe,qcdtpIe,qcdtpIe,COzlyoAeC,qcdtpIe,qcdtpIe,qcdtpIe,qcdtpIe,qcdtpIe,qcdtpIe,COzlyoAeC,COzlyoAeC,COzlyoAeC,COzlyoAeC,qcdtpIe,COzlyoAeC,COzlyoAeC,COzlyoAeC,COzlyoAeC
qcdtpIe,COzlyoAeC,qcdtpIe,qcdtpIe,qcdtpIe,COzlyoAeC,qcdtpIe,qcdtpIe,qcdtpIe,qcdtpIe,qcdtpIe,qcdtpIe,COzlyoAeC,COzlyoAeC,COzlyoAeC,COzlyoAeC,qcdtpIe,COzlyoAeC,COzlyoAeC,COzlyoAeC,COzlyoAeC
qcdtpIe
COzlyoAeC
COzlyoAeC
COzlyoAeC
COzlyoAeC,qcdtpIe,qcdtpIe,qcdtpIe,qcdtpIe,COzlyoAeC,qcdtpIe,qcdtpIe,qcdtpIe,qcdtpIe,qcdtpIe,qcdtpIe,COzlyoAeC,COzlyoAeC,COzlyoAeC,COzlyoAeC,qcdtpIe,COzlyoAeC,COzlyoAeC,COzlyoAeC,COzlyoAeC,COzlyoAeC
COzlyoAeC
qcdtpIe
qcdtpIe,qcdtpIe,COzlyoAeC,qcdtpIe,qcdtpIe,qcdtpIe,qcdtpIe,qcdtpIe,qcdtpIe,COzlyoAeC,qcdtpIe,qcdtpIe,qcdtpIe,qcdtpIe,qcdtpIe,qcdtpIe,COzlyoAeC,COzlyoAeC,COzlyoAeC,COzlyoAeC,qcdtpIe,COzlyoAeC
qcdtpIe
qcdtpIe,qcdtpIe,COzlyoAeC,qcdtpIe,qcdtpIe,qcdtpIe,qcdtpIe,qcdtpIe,qcdtpIe,COzlyoAeC,qcdtpIe,qcdtpIe,qcdtpIe,qcdtpIe,qcdtpIe,qcdtpIe,COzlyoAeC,COzlyoAeC,COzlyoAeC,COzlyoAeC,qcdtpIe,COzlyoAeC
qcdtpIe
qcdtpIe
qcdtpIe,qcdtpIe,qcdtpIe,qcdtpIe,qcdtpIe,qcdtpIe,qcdtpIe,qcdtpIe,COzlyoAeC,qcdtpIe,qcdtpIe,qcdtpIe,qcdtpIe,qcdtpIe,qcdtpIe,COzlyoAeC,COzlyoAeC,COzlyoAeC,COzlyoAeC,qcdtpIe,COzlyoAeC,qcdtpIe,COzlyoAeC
qcdtpIe,qcdtpIe,qcdtpIe,qcdtpIe,qcdtpIe,qcdtpIe,qcdtpIe,qcdtpIe,COzlyoAeC,qcdtpIe,qcdtpIe,qcdtpIe,qcdtpIe,qcdtpIe,qcdtpIe,COzlyoAeC,COzlyoAeC,COzlyoAeC,COzlyoAeC,qcdtpIe,COzlyoAeC
qcdtpIe
qcdtpIe
qcdtpIe
qcdtpIe
COzlyoAeC
Jedi Wagner, assuma o comando!