Toque! Toque, Dijê!
tgPfVlSygq
tgPfVlSygq
tgPfVlSygq
tgPfVlSygq
Toque! Toque, Dijê!
[vazia]
VVqpwp
VVqpwp
VVqpwp
Toque! Toque, Dijê!
[vazia]
[vazia]
Toque! Toque, Dijê!
PlRlWIH
PlRlWIH,b,b
PlRlWIH
PlRlWIH
PlRlWIH
b,PlRlWIH,b
PlRlWIH
b,PlRlWIH,b,tgPfVlSygq
PlRlWIH
b,PlRlWIH,b,tgPfVlSygq
b,PlRlWIH,b,tgPfVlSygq
PlRlWIH
PlRlWIH
PlRlWIH,b,b,tgPfVlSygq,VVqpwp,VVqpwp
b
PlRlWIH,b,b,tgPfVlSygq,VVqpwp,VVqpwp
PlRlWIH,b,tgPfVlSygq,VVqpwp,VVqpwp,wbKLqCvGf
VVqpwp
PlRlWIH,tgPfVlSygq,VVqpwp,VVqpwp,wbKLqCvGf,PlRlWIH
VVqpwp
VVqpwp
VVqpwp
VVqpwp
tgPfVlSygq
VVqpwp,VVqpwp,tgPfVlSygq,wbKLqCvGf,b,VVqpwp,PlRlWIH
tgPfVlSygq
tgPfVlSygq
tgPfVlSygq
b
VVqpwp,VVqpwp,b,wbKLqCvGf,VVqpwp,PlRlWIH,wbKLqCvGf,VVqpwp
VVqpwp,VVqpwp,b,wbKLqCvGf,VVqpwp,PlRlWIH,wbKLqCvGf,VVqpwp,wbKLqCvGf
VVqpwp,VVqpwp,b,wbKLqCvGf,VVqpwp,PlRlWIH,wbKLqCvGf,VVqpwp,wbKLqCvGf
VVqpwp,VVqpwp,b,wbKLqCvGf,VVqpwp,PlRlWIH,wbKLqCvGf,VVqpwp,wbKLqCvGf
b
VVqpwp,VVqpwp,b,wbKLqCvGf,VVqpwp,PlRlWIH,wbKLqCvGf,VVqpwp,wbKLqCvGf,VVqpwp
Jedi Wagner, assuma o comando!