Toque! Toque, Dijê!
Toque! Toque, Dijê!
Toque! Toque, Dijê!
Nf
Nf,Nf,Nf
Nf,Nf,Nf
Nf,Nf,Nf
Nf,Nf,Nf
Nf,Nf,Nf
Nf,Nf
Nf
Nf
Nf
Nf
Nf
Nf,Nf
Nf
Nf
Nf
Nf
Nf
Nf,Nf
Nf,Nf
Nf
Nf
Nf
Nf
Nf,Nf,Nf,Nf
Nf,Nf,Nf,Nf,Nf
Nf,Nf,Nf,Nf,Nf
Nf
Nf
Nf,Nf,Nf
Nf
Nf,Nf,Nf
Nf
Nf,Nf,Nf,Nf
Nf,Nf,Nf,Nf
Nf
Nf,Nf,Nf,Nf,Nf
Nf
Nf
Nf,Nf,Nf,Nf,Nf,Nf
Nf,Nf,Nf,Nf,Nf
Nf,Nf,Nf,Nf,Nf
Nf
Nf
Nf
Nf
Nf,Nf,Nf,Nf,Nf,Nf
Nf
Nf,Nf,Nf,Nf,Nf
Nf
Nf,Nf,Nf,Nf
Nf
Nf,Nf,Nf,Nf,Nf
Nf
Nf
Nf,Nf,Nf,Nf,Nf
Nf,Nf,Nf,Nf,Nf
Nf,Nf,Nf,Nf,Nf
Nf,Nf,Nf,Nf,Nf
Nf,Nf,Nf,Nf,Nf
Nf,Nf,Nf,Nf,Nf
Nf,Nf,Nf,Nf,Nf
Nf,Nf,Nf,Nf,Nf,Nf,Nf
Nf,Nf,Nf,Nf,Nf,Nf,Nf
Nf
Nf
Nf
Nf
Nf
Nf,Nf,Nf,Nf,Nf,Nf,Nf
Nf,Nf,Nf,Nf,Nf,Nf,Nf
Nf
Nf,Nf,Nf,Nf,Nf,Nf,Nf
Nf
Nf
Nf,Nf,Nf,Nf,Nf,Nf,Nf
Nf,Nf,Nf,Nf,Nf,Nf,Nf
Nf,Nf,Nf,Nf,Nf,Nf
Nf
Nf,Nf,Nf,Nf,Nf
Nf
Nf,Nf,Nf,Nf,Nf
Nf,Nf,Nf,Nf,Nf
Nf,Nf,Nf,Nf,Nf
Nf,Nf,Nf,Nf,Nf
Nf,Nf,Nf,Nf,Nf,Nf
Nf
Nf,Nf,Nf,Nf,Nf,Nf,Nf
Nf
Nf,Nf,Nf,Nf,Nf,Nf
Nf,Nf,Nf,Nf,Nf
Nf,Nf,Nf,Nf,Nf
Nf
Nf
Nf
Nf,Nf,Nf,Nf,Nf,Nf,Nf,Nf
Nf
Nf,Nf,Nf,Nf,Nf,Nf,Nf,Nf
Nf
Nf,Nf,Nf,Nf,Nf,Nf,Nf
Jedi Wagner, assuma o comando!