APJg,APJg,lWJLPHeW
APJg
lWJLPHeW
FDySY
lWJLPHeW,FDySY,BCmpqqeH,FDySY,FDySY,APJg
BCmpqqeH,APJg,FDySY,FDySY,FDySY,FDySY
BCmpqqeH,APJg,FDySY,FDySY,FDySY,FDySY
APJg
BCmpqqeH,APJg,FDySY,FDySY,FDySY,FDySY
FDySY
FDySY
BCmpqqeH,APJg,FDySY,FDySY,FDySY,FDySY
FDySY
APJg
BCmpqqeH,APJg,FDySY,FDySY,FDySY,FDySY
BCmpqqeH,APJg,FDySY,FDySY,FDySY,FDySY
FDySY
FDySY
BCmpqqeH,APJg,FDySY,FDySY,FDySY,FDySY
BCmpqqeH,APJg,FDySY,FDySY,FDySY
FDySY
BCmpqqeH,APJg,FDySY,FDySY,FDySY,FDySY
BCmpqqeH,APJg,FDySY,FDySY,FDySY,FDySY,APJg,APJg,APJg
FDySY
FDySY
BCmpqqeH,APJg,FDySY,FDySY,FDySY,FDySY,BCmpqqeH
FDySY
FDySY
FDySY
BCmpqqeH,APJg,FDySY,FDySY,FDySY,FDySY
FDySY
BCmpqqeH,APJg,FDySY,FDySY,FDySY,FDySY
BCmpqqeH,FDySY,FDySY,APJg,FDySY,FDySY
BCmpqqeH,FDySY,FDySY,APJg,FDySY,FDySY
BCmpqqeH,FDySY,FDySY,FDySY,FDySY,BCmpqqeH,FDySY
FDySY
FDySY
FDySY
FDySY
FDySY
FDySY
FDySY,lWJLPHeW,FDySY,FDySY,FDySY,BCmpqqeH,FDySY,BCmpqqeH,FDySY
FDySY
FDySY,lWJLPHeW,FDySY,FDySY,BCmpqqeH,FDySY,BCmpqqeH,FDySY,BCmpqqeH,BCmpqqeH,FDySY,APJg,lWJLPHeW,APJg,lWJLPHeW
FDySY
FDySY,lWJLPHeW,FDySY,FDySY,BCmpqqeH,FDySY,BCmpqqeH,FDySY,BCmpqqeH,BCmpqqeH,FDySY,APJg,lWJLPHeW,APJg,lWJLPHeW,lWJLPHeW
FDySY
FDySY,FDySY,FDySY,BCmpqqeH,FDySY,BCmpqqeH,FDySY,BCmpqqeH,BCmpqqeH,FDySY,APJg,APJg
FDySY,FDySY,FDySY,APJg,BCmpqqeH,FDySY,BCmpqqeH,FDySY,BCmpqqeH,BCmpqqeH,FDySY,APJg
APJg
FDySY,FDySY,FDySY,APJg,BCmpqqeH,FDySY,BCmpqqeH,FDySY,BCmpqqeH,BCmpqqeH,FDySY,APJg
FDySY
FDySY
FDySY,FDySY,FDySY,APJg,FDySY,BCmpqqeH,FDySY,BCmpqqeH,BCmpqqeH,FDySY,APJg,BCmpqqeH
FDySY,FDySY,FDySY,FDySY,BCmpqqeH,APJg,FDySY,BCmpqqeH,BCmpqqeH,FDySY,APJg,BCmpqqeH,lWJLPHeW
BCmpqqeH
BCmpqqeH
APJg
FDySY
FDySY
FDySY,FDySY,FDySY,FDySY,APJg,lWJLPHeW,FDySY,BCmpqqeH,FDySY,APJg,BCmpqqeH,FDySY,BCmpqqeH,BCmpqqeH
FDySY
FDySY,FDySY,APJg,FDySY,BCmpqqeH,FDySY,FDySY,APJg,BCmpqqeH,FDySY,BCmpqqeH,BCmpqqeH,APJg,lWJLPHeW
FDySY
APJg,BCmpqqeH,FDySY,FDySY,FDySY,FDySY,APJg,BCmpqqeH,FDySY,BCmpqqeH,BCmpqqeH,APJg,lWJLPHeW,FDySY
BCmpqqeH
BCmpqqeH
APJg,BCmpqqeH,FDySY,FDySY,FDySY,FDySY,APJg,BCmpqqeH,FDySY,BCmpqqeH,BCmpqqeH,APJg,lWJLPHeW,FDySY
BCmpqqeH
APJg,FDySY,FDySY,FDySY,FDySY,APJg,BCmpqqeH,FDySY,BCmpqqeH,BCmpqqeH,APJg,lWJLPHeW,FDySY,lWJLPHeW
FDySY,FDySY,FDySY,APJg,lWJLPHeW,FDySY,FDySY,BCmpqqeH,BCmpqqeH,APJg,FDySY,lWJLPHeW,BCmpqqeH,BCmpqqeH,FDySY,lWJLPHeW
FDySY,FDySY,FDySY,APJg,FDySY,FDySY,BCmpqqeH,APJg,lWJLPHeW,FDySY,lWJLPHeW,BCmpqqeH,BCmpqqeH,FDySY,lWJLPHeW
APJg
APJg
FDySY
FDySY
FDySY,FDySY,FDySY,FDySY,FDySY,FDySY,lWJLPHeW,BCmpqqeH,BCmpqqeH,FDySY,lWJLPHeW,lWJLPHeW,BCmpqqeH,FDySY,APJg,BCmpqqeH
FDySY,FDySY,FDySY,FDySY,FDySY,FDySY,lWJLPHeW,BCmpqqeH,BCmpqqeH,FDySY,lWJLPHeW,lWJLPHeW,BCmpqqeH,FDySY,BCmpqqeH
BCmpqqeH
FDySY,FDySY,FDySY,FDySY,FDySY,FDySY,lWJLPHeW,BCmpqqeH,BCmpqqeH,FDySY,lWJLPHeW,lWJLPHeW,BCmpqqeH,FDySY,BCmpqqeH
FDySY,FDySY,FDySY,FDySY,FDySY,FDySY,lWJLPHeW,BCmpqqeH,BCmpqqeH,FDySY,lWJLPHeW,lWJLPHeW,BCmpqqeH,FDySY,BCmpqqeH
BCmpqqeH
FDySY,FDySY,FDySY,FDySY,FDySY,lWJLPHeW,BCmpqqeH,FDySY,BCmpqqeH,FDySY,lWJLPHeW,lWJLPHeW,BCmpqqeH,FDySY,APJg,BCmpqqeH,BCmpqqeH
BCmpqqeH
lWJLPHeW
BCmpqqeH
BCmpqqeH
BCmpqqeH
FDySY,FDySY,FDySY,FDySY,BCmpqqeH,lWJLPHeW,BCmpqqeH,FDySY,lWJLPHeW,lWJLPHeW,BCmpqqeH,FDySY,BCmpqqeH,BCmpqqeH,APJg
FDySY,FDySY,FDySY,FDySY,BCmpqqeH,lWJLPHeW,BCmpqqeH,FDySY,lWJLPHeW,lWJLPHeW,BCmpqqeH,FDySY,APJg,BCmpqqeH,BCmpqqeH,APJg
FDySY,FDySY,FDySY,FDySY,BCmpqqeH,lWJLPHeW,BCmpqqeH,FDySY,lWJLPHeW,lWJLPHeW,BCmpqqeH,FDySY,APJg,BCmpqqeH,BCmpqqeH,APJg
APJg
APJg
APJg
APJg
FDySY,FDySY,FDySY,FDySY,FDySY,FDySY,lWJLPHeW,BCmpqqeH,BCmpqqeH,FDySY,lWJLPHeW,lWJLPHeW,BCmpqqeH,FDySY,APJg,BCmpqqeH
FDySY,FDySY,FDySY,FDySY,FDySY,FDySY,lWJLPHeW,BCmpqqeH,BCmpqqeH,FDySY,lWJLPHeW,lWJLPHeW,BCmpqqeH,FDySY,APJg,BCmpqqeH
BCmpqqeH
FDySY,FDySY,FDySY,FDySY,FDySY,BCmpqqeH,BCmpqqeH,FDySY,lWJLPHeW,lWJLPHeW,BCmpqqeH,FDySY,APJg,BCmpqqeH,FDySY,lWJLPHeW,FDySY,BCmpqqeH
FDySY,FDySY,FDySY,FDySY,lWJLPHeW,BCmpqqeH,BCmpqqeH,FDySY,lWJLPHeW,FDySY,lWJLPHeW,BCmpqqeH,FDySY,APJg,BCmpqqeH,FDySY,lWJLPHeW,FDySY,BCmpqqeH
lWJLPHeW
FDySY,FDySY,FDySY,lWJLPHeW,BCmpqqeH,BCmpqqeH,FDySY,lWJLPHeW,FDySY,FDySY,lWJLPHeW,BCmpqqeH,FDySY,BCmpqqeH,FDySY,lWJLPHeW,FDySY,BCmpqqeH,FDySY,APJg
FDySY,FDySY,lWJLPHeW,BCmpqqeH,BCmpqqeH,FDySY,lWJLPHeW,FDySY,FDySY,FDySY,lWJLPHeW,BCmpqqeH,FDySY,BCmpqqeH,FDySY,lWJLPHeW,FDySY,BCmpqqeH,FDySY,BCmpqqeH
FDySY,FDySY,lWJLPHeW,BCmpqqeH,BCmpqqeH,FDySY,lWJLPHeW,FDySY,FDySY,FDySY,lWJLPHeW,BCmpqqeH,FDySY,BCmpqqeH,FDySY,lWJLPHeW,FDySY,BCmpqqeH,FDySY,BCmpqqeH
lWJLPHeW
BCmpqqeH
FDySY,lWJLPHeW,FDySY,lWJLPHeW,FDySY,FDySY,FDySY,lWJLPHeW,BCmpqqeH,FDySY,BCmpqqeH,FDySY,BCmpqqeH,FDySY,lWJLPHeW,FDySY,BCmpqqeH,FDySY,BCmpqqeH,lWJLPHeW
FDySY
lWJLPHeW
BCmpqqeH
lWJLPHeW
FDySY,FDySY,lWJLPHeW,BCmpqqeH,BCmpqqeH,FDySY,lWJLPHeW,FDySY,FDySY,FDySY,lWJLPHeW,BCmpqqeH,FDySY,BCmpqqeH,FDySY,lWJLPHeW,FDySY,BCmpqqeH,FDySY,BCmpqqeH
lWJLPHeW
BCmpqqeH
FDySY,BCmpqqeH,BCmpqqeH,FDySY,FDySY,FDySY,FDySY,BCmpqqeH,FDySY,BCmpqqeH,FDySY,lWJLPHeW,FDySY,BCmpqqeH,FDySY,BCmpqqeH,BCmpqqeH,lWJLPHeW
FDySY,BCmpqqeH,FDySY,FDySY,FDySY,FDySY,BCmpqqeH,FDySY,BCmpqqeH,FDySY,lWJLPHeW,FDySY,BCmpqqeH,FDySY,BCmpqqeH,BCmpqqeH,lWJLPHeW,lWJLPHeW
FDySY
FDySY,BCmpqqeH,FDySY,FDySY,FDySY,FDySY,BCmpqqeH,FDySY,lWJLPHeW,BCmpqqeH,FDySY,FDySY,BCmpqqeH,FDySY,BCmpqqeH,BCmpqqeH,lWJLPHeW,lWJLPHeW
BCmpqqeH
FDySY,FDySY,FDySY,FDySY,FDySY,FDySY,BCmpqqeH,FDySY,lWJLPHeW,FDySY,BCmpqqeH,FDySY,BCmpqqeH,BCmpqqeH,lWJLPHeW,lWJLPHeW,FDySY,lWJLPHeW
FDySY,FDySY,FDySY,FDySY,BCmpqqeH,FDySY,FDySY,lWJLPHeW,FDySY,BCmpqqeH,FDySY,BCmpqqeH,BCmpqqeH,lWJLPHeW,lWJLPHeW,FDySY,lWJLPHeW
FDySY,FDySY,FDySY,FDySY,FDySY,BCmpqqeH,FDySY,lWJLPHeW,FDySY,BCmpqqeH,FDySY,BCmpqqeH,BCmpqqeH,lWJLPHeW,lWJLPHeW,FDySY,lWJLPHeW
lWJLPHeW
FDySY
BCmpqqeH
BCmpqqeH
FDySY,FDySY,FDySY,BCmpqqeH,FDySY,lWJLPHeW,FDySY,BCmpqqeH,FDySY,FDySY,BCmpqqeH,BCmpqqeH,lWJLPHeW,lWJLPHeW,FDySY,lWJLPHeW,lWJLPHeW,lWJLPHeW,APJg,FDySY
FDySY,FDySY,FDySY,BCmpqqeH,FDySY,lWJLPHeW,FDySY,BCmpqqeH,FDySY,FDySY,BCmpqqeH,BCmpqqeH,lWJLPHeW,lWJLPHeW,FDySY,lWJLPHeW,lWJLPHeW,lWJLPHeW,APJg,FDySY
BCmpqqeH
APJg
FDySY,FDySY,FDySY,FDySY,BCmpqqeH,FDySY,lWJLPHeW,FDySY,APJg,BCmpqqeH,FDySY,BCmpqqeH,BCmpqqeH,lWJLPHeW,lWJLPHeW,FDySY,lWJLPHeW,BCmpqqeH,lWJLPHeW
FDySY,FDySY,FDySY,BCmpqqeH,FDySY,FDySY,APJg,BCmpqqeH,FDySY,FDySY,BCmpqqeH,BCmpqqeH,lWJLPHeW,lWJLPHeW,FDySY,lWJLPHeW,BCmpqqeH,lWJLPHeW,FDySY
FDySY,FDySY,FDySY,BCmpqqeH,FDySY,FDySY,BCmpqqeH,FDySY,FDySY,BCmpqqeH,BCmpqqeH,lWJLPHeW,lWJLPHeW,FDySY,lWJLPHeW,BCmpqqeH,lWJLPHeW,FDySY,lWJLPHeW
FDySY
FDySY
FDySY,FDySY,FDySY,BCmpqqeH,FDySY,FDySY,BCmpqqeH,FDySY,lWJLPHeW,FDySY,BCmpqqeH,BCmpqqeH,lWJLPHeW,FDySY,lWJLPHeW,BCmpqqeH,lWJLPHeW,FDySY,lWJLPHeW,FDySY
FDySY,FDySY,BCmpqqeH,FDySY,FDySY,BCmpqqeH,FDySY,lWJLPHeW,FDySY,BCmpqqeH,BCmpqqeH,lWJLPHeW,FDySY,lWJLPHeW,BCmpqqeH,lWJLPHeW,FDySY,lWJLPHeW,FDySY
FDySY,FDySY,BCmpqqeH,FDySY,FDySY,BCmpqqeH,FDySY,lWJLPHeW,FDySY,BCmpqqeH,BCmpqqeH,lWJLPHeW,FDySY,lWJLPHeW,BCmpqqeH,lWJLPHeW,FDySY,lWJLPHeW,FDySY,APJg
FDySY,BCmpqqeH,FDySY,FDySY,BCmpqqeH,FDySY,APJg,FDySY,lWJLPHeW,FDySY,BCmpqqeH,BCmpqqeH,lWJLPHeW,FDySY,lWJLPHeW,BCmpqqeH,lWJLPHeW,FDySY,lWJLPHeW,FDySY
FDySY
FDySY
lWJLPHeW
Jedi Wagner, assuma o comando!