[vazia]
vwcwCk
vwcwCk
vwcwCk,QKFZ
vwcwCk,QKFZ
vwcwCk,QKFZ
QKFZ
QKFZ,vwcwCk,QKFZ,mY,NVw
QKFZ,vwcwCk,QKFZ,mY,NVw
QKFZ,vwcwCk,QKFZ,mY,NVw
vwcwCk,QKFZ,mY
vwcwCk,QKFZ,mY
vwcwCk,QKFZ,mY
mY
vwcwCk,QKFZ,mY,FpVpjESLSs,QKFZ,FpVpjESLSs,vwcwCk
vwcwCk,QKFZ,mY,FpVpjESLSs,QKFZ,FpVpjESLSs,vwcwCk
FpVpjESLSs
QKFZ
vwcwCk,QKFZ,mY,NVw,QKFZ,FpVpjESLSs,vwcwCk,vwcwCk
vwcwCk,mY,QKFZ,FpVpjESLSs,NVw,vwcwCk,vwcwCk,vwcwCk
FpVpjESLSs
FpVpjESLSs
FpVpjESLSs
vwcwCk,QKFZ,mY,NVw,QKFZ,FpVpjESLSs,vwcwCk,vwcwCk,QKFZ,QKFZ
vwcwCk
vwcwCk,QKFZ,mY,NVw,QKFZ,vwcwCk,vwcwCk,FpVpjESLSs,QKFZ,QKFZ,NVw,NVw
vwcwCk
vwcwCk,QKFZ,mY,NVw,QKFZ,vwcwCk,vwcwCk,FpVpjESLSs,QKFZ,QKFZ,NVw,NVw,FpVpjESLSs
vwcwCk,QKFZ,mY,QKFZ,vwcwCk,vwcwCk,FpVpjESLSs,QKFZ,NVw,QKFZ,NVw,NVw,FpVpjESLSs,mY
NVw
vwcwCk,QKFZ,mY,QKFZ,vwcwCk,vwcwCk,FpVpjESLSs,QKFZ,NVw,QKFZ,NVw,NVw,FpVpjESLSs,mY
vwcwCk,QKFZ,mY,QKFZ,vwcwCk,vwcwCk,FpVpjESLSs,QKFZ,NVw,QKFZ,NVw,NVw,FpVpjESLSs,mY
vwcwCk,QKFZ,mY,QKFZ,vwcwCk,vwcwCk,FpVpjESLSs,QKFZ,NVw,QKFZ,NVw,NVw,FpVpjESLSs,mY
NVw
mY,QKFZ,vwcwCk,vwcwCk,FpVpjESLSs,QKFZ,NVw,vwcwCk,QKFZ,QKFZ,NVw,NVw,FpVpjESLSs,mY
NVw
NVw
vwcwCk,QKFZ,mY,QKFZ,vwcwCk,vwcwCk,FpVpjESLSs,QKFZ,NVw,QKFZ,NVw,NVw,FpVpjESLSs,mY
vwcwCk,QKFZ,mY,QKFZ,vwcwCk,vwcwCk,FpVpjESLSs,QKFZ,NVw,QKFZ,NVw,NVw,FpVpjESLSs,mY
vwcwCk,QKFZ,mY,QKFZ,vwcwCk,vwcwCk,FpVpjESLSs,QKFZ,NVw,QKFZ,NVw,NVw,FpVpjESLSs,mY
vwcwCk,QKFZ,mY,QKFZ,vwcwCk,vwcwCk,FpVpjESLSs,QKFZ,NVw,QKFZ,NVw,NVw,FpVpjESLSs,mY
QKFZ
QKFZ
QKFZ
vwcwCk,mY,QKFZ,vwcwCk,vwcwCk,QKFZ,NVw,QKFZ,QKFZ,FpVpjESLSs,NVw,NVw,FpVpjESLSs,mY,QKFZ,SbM,URGjHhjmW,QKFZ,vwcwCk,FpVpjESLSs
vwcwCk,mY,QKFZ,vwcwCk,vwcwCk,QKFZ,NVw,QKFZ,QKFZ,NVw,NVw,FpVpjESLSs,mY,QKFZ,SbM,URGjHhjmW,QKFZ,vwcwCk,FpVpjESLSs
vwcwCk,mY,QKFZ,vwcwCk,vwcwCk,QKFZ,NVw,QKFZ,QKFZ,NVw,NVw,FpVpjESLSs,mY,QKFZ,SbM,URGjHhjmW,QKFZ,vwcwCk,FpVpjESLSs
NVw
NVw
NVw
vwcwCk,mY,QKFZ,vwcwCk,vwcwCk,QKFZ,NVw,QKFZ,QKFZ,NVw,NVw,FpVpjESLSs,mY,QKFZ,URGjHhjmW,QKFZ,vwcwCk,FpVpjESLSs,FpVpjESLSs,Q,BYib
NVw
vwcwCk,mY,QKFZ,vwcwCk,vwcwCk,QKFZ,NVw,QKFZ,QKFZ,NVw,NVw,mY,QKFZ,URGjHhjmW,QKFZ,vwcwCk,FpVpjESLSs,FpVpjESLSs,Q
vwcwCk,mY,QKFZ,vwcwCk,vwcwCk,QKFZ,NVw,QKFZ,QKFZ,NVw,FpVpjESLSs,NVw,mY,QKFZ,SbM,URGjHhjmW,QKFZ,vwcwCk,FpVpjESLSs
FpVpjESLSs
FpVpjESLSs
FpVpjESLSs
NVw
FpVpjESLSs
FpVpjESLSs
FpVpjESLSs
FpVpjESLSs
mY
QKFZ,vwcwCk,vwcwCk,QKFZ,QKFZ,QKFZ,NVw,NVw,mY,QKFZ,URGjHhjmW,QKFZ,vwcwCk,FpVpjESLSs,FpVpjESLSs,FpVpjESLSs,Q,NVw
NVw
NVw
NVw
QKFZ,vwcwCk,QKFZ,QKFZ,QKFZ,NVw,mY,NVw,vwcwCk,QKFZ,URGjHhjmW,QKFZ,vwcwCk,FpVpjESLSs,FpVpjESLSs,FpVpjESLSs,Q,NVw,Q,Q
QKFZ,vwcwCk,QKFZ,QKFZ,QKFZ,NVw,mY,NVw,FpVpjESLSs,vwcwCk,QKFZ,URGjHhjmW,QKFZ,vwcwCk,FpVpjESLSs,FpVpjESLSs,Q,NVw,Q,Q
QKFZ,QKFZ,QKFZ,QKFZ,NVw,mY,NVw,FpVpjESLSs,vwcwCk,QKFZ,URGjHhjmW,QKFZ,vwcwCk,FpVpjESLSs,FpVpjESLSs,Q,NVw,Q,Q,FpVpjESLSs
QKFZ,vwcwCk,QKFZ,QKFZ,QKFZ,NVw,mY,NVw,FpVpjESLSs,vwcwCk,QKFZ,URGjHhjmW,QKFZ,vwcwCk,FpVpjESLSs,FpVpjESLSs,Q,NVw,Q,Q,FpVpjESLSs
FpVpjESLSs
QKFZ,vwcwCk,QKFZ,QKFZ,QKFZ,NVw,NVw,FpVpjESLSs,vwcwCk,QKFZ,URGjHhjmW,QKFZ,vwcwCk,FpVpjESLSs,FpVpjESLSs,Q,NVw,Q,Q,FpVpjESLSs,NVw
QKFZ,vwcwCk,QKFZ,QKFZ,QKFZ,NVw,NVw,FpVpjESLSs,vwcwCk,QKFZ,URGjHhjmW,QKFZ,vwcwCk,FpVpjESLSs,FpVpjESLSs,Q,NVw,Q,Q,FpVpjESLSs,NVw
FpVpjESLSs
QKFZ,vwcwCk,QKFZ,QKFZ,QKFZ,NVw,NVw,FpVpjESLSs,vwcwCk,QKFZ,URGjHhjmW,QKFZ,vwcwCk,FpVpjESLSs,FpVpjESLSs,Q,NVw,Q,Q,FpVpjESLSs,NVw
QKFZ,vwcwCk,QKFZ,QKFZ,QKFZ,NVw,NVw,FpVpjESLSs,vwcwCk,QKFZ,URGjHhjmW,QKFZ,vwcwCk,FpVpjESLSs,FpVpjESLSs,Q,NVw,Q,Q,FpVpjESLSs,NVw,QKFZ
FpVpjESLSs
FpVpjESLSs
QKFZ,QKFZ,QKFZ,QKFZ,NVw,NVw,FpVpjESLSs,URGjHhjmW,vwcwCk,QKFZ,QKFZ,vwcwCk,FpVpjESLSs,FpVpjESLSs,Q,NVw,Q,Q,FpVpjESLSs,NVw,QKFZ,vwcwCk,NVw,NVw
QKFZ,QKFZ,QKFZ,QKFZ,NVw,NVw,FpVpjESLSs,URGjHhjmW,vwcwCk,QKFZ,QKFZ,vwcwCk,FpVpjESLSs,FpVpjESLSs,Q,NVw,Q,Q,FpVpjESLSs,NVw,QKFZ,vwcwCk,NVw,NVw
QKFZ,QKFZ,QKFZ,QKFZ,NVw,NVw,FpVpjESLSs,URGjHhjmW,vwcwCk,QKFZ,QKFZ,vwcwCk,FpVpjESLSs,FpVpjESLSs,Q,NVw,Q,Q,FpVpjESLSs,NVw,QKFZ,vwcwCk,NVw,NVw
QKFZ,QKFZ,QKFZ,QKFZ,NVw,URGjHhjmW,vwcwCk,QKFZ,QKFZ,vwcwCk,FpVpjESLSs,FpVpjESLSs,NVw,Q,Q,FpVpjESLSs,NVw,QKFZ,vwcwCk,NVw,NVw,NVw
URGjHhjmW
QKFZ,QKFZ,QKFZ,QKFZ,NVw,URGjHhjmW,vwcwCk,QKFZ,QKFZ,vwcwCk,FpVpjESLSs,FpVpjESLSs,NVw,Q,Q,FpVpjESLSs,NVw,QKFZ,vwcwCk,NVw,NVw,NVw
URGjHhjmW
URGjHhjmW
QKFZ
QKFZ,QKFZ,QKFZ,QKFZ,NVw,URGjHhjmW,QKFZ,QKFZ,FpVpjESLSs,FpVpjESLSs,NVw,Q,FpVpjESLSs,NVw,QKFZ,vwcwCk,NVw,NVw,NVw,BYib,SbM,URGjHhjmW,QKFZ
BYib
QKFZ,QKFZ,QKFZ,QKFZ,NVw,vwcwCk,QKFZ,QKFZ,vwcwCk,FpVpjESLSs,FpVpjESLSs,NVw,Q,FpVpjESLSs,NVw,QKFZ,vwcwCk,NVw,NVw,NVw,BYib,SbM,URGjHhjmW,QKFZ,SbM,vwcwCk
BYib
QKFZ,QKFZ,QKFZ,QKFZ,NVw,vwcwCk,QKFZ,BYib,QKFZ,vwcwCk,FpVpjESLSs,FpVpjESLSs,NVw,Q,FpVpjESLSs,NVw,QKFZ,vwcwCk,NVw,NVw,NVw,SbM,URGjHhjmW,QKFZ,SbM,vwcwCk,rvrEWCNG
QKFZ,QKFZ,QKFZ,QKFZ,NVw,vwcwCk,QKFZ,BYib,QKFZ,vwcwCk,FpVpjESLSs,FpVpjESLSs,NVw,Q,FpVpjESLSs,NVw,QKFZ,vwcwCk,NVw,NVw,NVw,SbM,URGjHhjmW,QKFZ,SbM,vwcwCk,rvrEWCNG
QKFZ
QKFZ,QKFZ,QKFZ,QKFZ,NVw,QKFZ,BYib,QKFZ,Q,vwcwCk,vwcwCk,FpVpjESLSs,FpVpjESLSs,NVw,FpVpjESLSs,NVw,QKFZ,vwcwCk,NVw,NVw,NVw,SbM,URGjHhjmW,QKFZ,SbM,vwcwCk,rvrEWCNG
QKFZ
QKFZ,QKFZ,QKFZ,QKFZ,NVw,QKFZ,BYib,QKFZ,Q,vwcwCk,vwcwCk,FpVpjESLSs,FpVpjESLSs,NVw,FpVpjESLSs,NVw,QKFZ,vwcwCk,NVw,NVw,NVw,SbM,URGjHhjmW,QKFZ,SbM,vwcwCk,rvrEWCNG
QKFZ,QKFZ,QKFZ,QKFZ,NVw,QKFZ,BYib,QKFZ,Q,vwcwCk,vwcwCk,FpVpjESLSs,FpVpjESLSs,NVw,FpVpjESLSs,NVw,QKFZ,vwcwCk,NVw,NVw,NVw,SbM,URGjHhjmW,QKFZ,SbM,vwcwCk,rvrEWCNG
SbM
QKFZ,QKFZ,QKFZ,QKFZ,NVw,vwcwCk,QKFZ,SbM,URGjHhjmW,rvrEWCNG,BYib,QKFZ,vwcwCk,FpVpjESLSs,FpVpjESLSs,NVw,Q,FpVpjESLSs,NVw,QKFZ,vwcwCk,NVw,NVw,NVw,QKFZ,SbM,vwcwCk
URGjHhjmW
QKFZ
QKFZ
QKFZ,QKFZ,QKFZ,QKFZ,NVw,vwcwCk,QKFZ,BYib,QKFZ,vwcwCk,FpVpjESLSs,FpVpjESLSs,NVw,Q,FpVpjESLSs,NVw,QKFZ,vwcwCk,NVw,NVw,NVw,SbM,URGjHhjmW,QKFZ,SbM,vwcwCk,rvrEWCNG
QKFZ,QKFZ,QKFZ,QKFZ,vwcwCk,QKFZ,BYib,QKFZ,NVw,vwcwCk,FpVpjESLSs,FpVpjESLSs,NVw,Q,FpVpjESLSs,NVw,QKFZ,vwcwCk,NVw,NVw,NVw,SbM,URGjHhjmW,QKFZ,SbM,vwcwCk,rvrEWCNG,Q
NVw
rvrEWCNG
QKFZ,QKFZ,QKFZ,QKFZ,vwcwCk,QKFZ,BYib,QKFZ,NVw,rvrEWCNG,vwcwCk,FpVpjESLSs,FpVpjESLSs,NVw,Q,FpVpjESLSs,NVw,QKFZ,vwcwCk,NVw,NVw,NVw,SbM,URGjHhjmW,QKFZ,SbM,vwcwCk,Q,URGjHhjmW,URGjHhjmW
QKFZ,QKFZ,QKFZ,vwcwCk,QKFZ,QKFZ,NVw,rvrEWCNG,SbM,QKFZ,vwcwCk,FpVpjESLSs,FpVpjESLSs,NVw,Q,FpVpjESLSs,NVw,QKFZ,vwcwCk,NVw,NVw,NVw,URGjHhjmW,QKFZ,SbM,vwcwCk,Q,URGjHhjmW,URGjHhjmW
rvrEWCNG
rvrEWCNG
QKFZ,QKFZ,QKFZ,QKFZ,QKFZ,QKFZ,NVw,rvrEWCNG,vwcwCk,BYib,vwcwCk,FpVpjESLSs,FpVpjESLSs,NVw,Q,FpVpjESLSs,NVw,QKFZ,vwcwCk,NVw,NVw,NVw,SbM,URGjHhjmW,QKFZ,SbM,vwcwCk,Q,URGjHhjmW
QKFZ,QKFZ,QKFZ,QKFZ,QKFZ,QKFZ,NVw,rvrEWCNG,vwcwCk,BYib,vwcwCk,FpVpjESLSs,FpVpjESLSs,NVw,Q,FpVpjESLSs,NVw,QKFZ,vwcwCk,NVw,NVw,NVw,SbM,URGjHhjmW,QKFZ,SbM,vwcwCk,Q,URGjHhjmW
QKFZ,QKFZ,QKFZ,QKFZ,QKFZ,BYib,QKFZ,NVw,rvrEWCNG,vwcwCk,vwcwCk,FpVpjESLSs,FpVpjESLSs,NVw,Q,FpVpjESLSs,NVw,QKFZ,vwcwCk,NVw,NVw,NVw,SbM,URGjHhjmW,QKFZ,SbM,vwcwCk,Q,URGjHhjmW
QKFZ,QKFZ,QKFZ,QKFZ,QKFZ,BYib,QKFZ,NVw,rvrEWCNG,vwcwCk,vwcwCk,FpVpjESLSs,FpVpjESLSs,NVw,Q,FpVpjESLSs,NVw,QKFZ,vwcwCk,NVw,NVw,NVw,SbM,URGjHhjmW,QKFZ,SbM,vwcwCk,Q,URGjHhjmW
QKFZ,QKFZ,QKFZ,QKFZ,vwcwCk,QKFZ,BYib,QKFZ,NVw,rvrEWCNG,vwcwCk,FpVpjESLSs,FpVpjESLSs,NVw,Q,FpVpjESLSs,NVw,QKFZ,vwcwCk,NVw,NVw,NVw,SbM,QKFZ,SbM,vwcwCk,Q,URGjHhjmW,NVw
vwcwCk
QKFZ,QKFZ,QKFZ,QKFZ,vwcwCk,QKFZ,BYib,QKFZ,NVw,rvrEWCNG,vwcwCk,FpVpjESLSs,FpVpjESLSs,NVw,Q,FpVpjESLSs,NVw,QKFZ,vwcwCk,NVw,NVw,NVw,QKFZ,SbM,vwcwCk,Q,URGjHhjmW,NVw
Jedi Wagner, assuma o comando!