[vazia]
Toque! Toque, Dijê!
D
D
D,ADnraL,SmCBarcU
D,ADnraL,SmCBarcU,ADnraL
Toque! Toque, Dijê!
Toque! Toque, Dijê!
Toque! Toque, Dijê!
Toque! Toque, Dijê!
[vazia]
Toque! Toque, Dijê!
Toque! Toque, Dijê!
Toque! Toque, Dijê!
[vazia]
[vazia]
D,SmCBarcU
D,SmCBarcU
D,SmCBarcU
D,SmCBarcU,D,zIlWxB
SmCBarcU
D,SmCBarcU,D,zIlWxB
D,SmCBarcU,D,zIlWxB
zIlWxB
zIlWxB
zIlWxB
zIlWxB
zIlWxB
zIlWxB
zIlWxB,zIlWxB,D,SmCBarcU
D
zIlWxB,zIlWxB,D,SmCBarcU,D
D
D
zIlWxB,D,SmCBarcU,D
SmCBarcU,D,zIlWxB,zIlWxB
zIlWxB,zIlWxB,D
zIlWxB,zIlWxB,D
zIlWxB,zIlWxB,D
zIlWxB
zIlWxB,zIlWxB,D,D
zIlWxB,zIlWxB,D,D
zIlWxB,zIlWxB,D,D
zIlWxB,zIlWxB,D,D
zIlWxB
zIlWxB
zIlWxB,zIlWxB,D,GYfFz,zIlWxB
D,GYfFz,zIlWxB,zIlWxB,zIlWxB
D,GYfFz,zIlWxB,zIlWxB,zIlWxB
D,GYfFz,zIlWxB,zIlWxB,zIlWxB
GYfFz,zIlWxB,zIlWxB,zIlWxB,D,D
GYfFz
GYfFz
GYfFz
D,GYfFz,zIlWxB,zIlWxB,zIlWxB
GYfFz,zIlWxB,zIlWxB,zIlWxB,ADnraL
zIlWxB
zIlWxB
zIlWxB,zIlWxB,zIlWxB,ADnraL,GYfFz
zIlWxB,zIlWxB,zIlWxB,ADnraL,GYfFz,SmCBarcU,D,D
zIlWxB
D
zIlWxB,zIlWxB,GYfFz,zIlWxB,ADnraL,D,D,ADnraL,SmCBarcU,D,SmCBarcU,ADnraL
zIlWxB,zIlWxB,GYfFz,zIlWxB,ADnraL,D,D,ADnraL,SmCBarcU,D,SmCBarcU,ADnraL
D
zIlWxB,zIlWxB,GYfFz,zIlWxB,ADnraL,D,D,ADnraL,SmCBarcU,D,SmCBarcU,ADnraL
D
zIlWxB,GYfFz,zIlWxB,ADnraL,zIlWxB,D,D,ADnraL,SmCBarcU,D,SmCBarcU,ADnraL
GYfFz
GYfFz
zIlWxB,ADnraL,zIlWxB,D,GYfFz,D,ADnraL,SmCBarcU,D,SmCBarcU,ADnraL
GYfFz
GYfFz
zIlWxB,ADnraL,zIlWxB,D,GYfFz,D,ADnraL,SmCBarcU,D,SmCBarcU,ADnraL
D
ADnraL
ADnraL
D
zIlWxB,zIlWxB,GYfFz,zIlWxB,ADnraL,D,D,ADnraL,SmCBarcU,D
zIlWxB,zIlWxB,GYfFz,zIlWxB,ADnraL,D,D,ADnraL,SmCBarcU,D
zIlWxB,zIlWxB,zIlWxB,ADnraL,SmCBarcU,D,D,ADnraL,D,D
zIlWxB,zIlWxB,zIlWxB,ADnraL,SmCBarcU,D,D,ADnraL,D,D
zIlWxB,zIlWxB,zIlWxB,ADnraL,SmCBarcU,D,D,ADnraL,D,D
D
zIlWxB,zIlWxB,GYfFz,zIlWxB,ADnraL,D,D,ADnraL,SmCBarcU,D
zIlWxB,zIlWxB,GYfFz,zIlWxB,ADnraL,D,D,ADnraL,SmCBarcU,D,GYfFz,D,D
zIlWxB
D
D
D
D
zIlWxB,ADnraL,zIlWxB,D,GYfFz,D,D,D,D,zIlWxB,zIlWxB
zIlWxB,ADnraL,zIlWxB,D,GYfFz,D,D,D,D,zIlWxB,zIlWxB
D
D
zIlWxB,zIlWxB,SmCBarcU,D,GYfFz,D,D,D,D,zIlWxB,ADnraL
zIlWxB,zIlWxB,SmCBarcU,GYfFz,D,D,D,zIlWxB,ADnraL,D
zIlWxB,zIlWxB,SmCBarcU,GYfFz,D,D,D,zIlWxB,ADnraL,D
SmCBarcU
ADnraL,zIlWxB,D,GYfFz,SmCBarcU,zIlWxB,D,D,D,D,zIlWxB,ADnraL,GYfFz
ADnraL
zIlWxB,D,GYfFz,SmCBarcU,ADnraL,zIlWxB,D,D,D,D,zIlWxB,ADnraL,GYfFz,ADnraL,SmCBarcU
zIlWxB,D,GYfFz,SmCBarcU,ADnraL,zIlWxB,D,D,D,D,zIlWxB,ADnraL,GYfFz,ADnraL,SmCBarcU
zIlWxB,D,GYfFz,SmCBarcU,ADnraL,zIlWxB,D,D,D,D,zIlWxB,ADnraL,GYfFz,ADnraL,SmCBarcU
zIlWxB
zIlWxB
zIlWxB,D,GYfFz,SmCBarcU,zIlWxB,D,D,ADnraL,D,D,zIlWxB,ADnraL,GYfFz,ADnraL,SmCBarcU,zIlWxB,SmCBarcU
zIlWxB,D,GYfFz,SmCBarcU,ADnraL,zIlWxB,D,D,D,D,zIlWxB,ADnraL,GYfFz,ADnraL,SmCBarcU
D
zIlWxB,D,ADnraL,zIlWxB,D,D,SmCBarcU,GYfFz,D,D,zIlWxB,ADnraL,ADnraL,SmCBarcU
D
D
D
D,SmCBarcU,ADnraL,zIlWxB,D,D,GYfFz,D,D,zIlWxB,ADnraL,ADnraL,SmCBarcU
D
SmCBarcU
SmCBarcU
D,ADnraL,D,D,GYfFz,D,D,SmCBarcU,zIlWxB,ADnraL,ADnraL,SmCBarcU,SmCBarcU
SmCBarcU
SmCBarcU
SmCBarcU,zIlWxB,D,GYfFz,D,D,zIlWxB,D,zIlWxB,ADnraL,ADnraL,SmCBarcU
D
zIlWxB,D,SmCBarcU,ADnraL,zIlWxB,D,D,GYfFz,D,D,zIlWxB,ADnraL,ADnraL,SmCBarcU,ADnraL
D
D
D,SmCBarcU,ADnraL,D,D,GYfFz,D,D,zIlWxB,zIlWxB,ADnraL,ADnraL,SmCBarcU,ADnraL,D
D,ADnraL,D,D,GYfFz,D,D,zIlWxB,ADnraL,ADnraL,SmCBarcU,ADnraL,D
D
D,ADnraL,D,D,GYfFz,D,D,zIlWxB,ADnraL,ADnraL,SmCBarcU,ADnraL,D
D
D
zIlWxB,D,SmCBarcU,ADnraL,zIlWxB,D,D,GYfFz,D,D,zIlWxB,ADnraL,ADnraL,SmCBarcU
zIlWxB,D,SmCBarcU,ADnraL,zIlWxB,D,D,GYfFz,D,D,zIlWxB,ADnraL,ADnraL,SmCBarcU
zIlWxB,D,SmCBarcU,ADnraL,zIlWxB,D,D,GYfFz,D,D,zIlWxB,ADnraL,ADnraL,SmCBarcU
zIlWxB
zIlWxB,D,SmCBarcU,ADnraL,zIlWxB,D,D,GYfFz,D,D,zIlWxB,ADnraL,ADnraL,SmCBarcU
D
Jedi Wagner, assuma o comando!