[vazia]
[vazia]
Toque! Toque, Dijê!
Toque! Toque, Dijê!
Toque! Toque, Dijê!
Toque! Toque, Dijê!
[vazia]
[vazia]
zSc
zSc
zSc,zSc
Toque! Toque, Dijê!
zSc,zSc
zSc
[vazia]
zSc
zSc
zSc
zSc
zSc,zSc
zSc
zSc,zSc,zSc
zSc
zSc,zSc,zSc,zSc,zSc
zSc,zSc,zSc,zSc,zSc
zSc
zSc
zSc,zSc,zSc,zSc,zSc
zSc,zSc,zSc,zSc,zSc
zSc,zSc,zSc,zSc
zSc,zSc,zSc,zSc,zSc
zSc,zSc,zSc,zSc,zSc
zSc,zSc,zSc
zSc,zSc,zSc,zSc
zSc
zSc
zSc
zSc
zSc
zSc
zSc
zSc
zSc,zSc,zSc,zSc,zSc
zSc
zSc,zSc,zSc,zSc
zSc,zSc,zSc,zSc
zSc
zSc
zSc,zSc
zSc
zSc
zSc,zSc,zSc
zSc,zSc,zSc
zSc
zSc
zSc,zSc,zSc,zSc
zSc
zSc,zSc,zSc
zSc,zSc,zSc
zSc
zSc,zSc,zSc
zSc
zSc
zSc,zSc,zSc
zSc
zSc
zSc
zSc
zSc
zSc
zSc
zSc,zSc
zSc,zSc
zSc,zSc,zSc
zSc,zSc,zSc
zSc,zSc,zSc
zSc,zSc,zSc,zSc
zSc
zSc,zSc,zSc
zSc,zSc,zSc,zSc
zSc,zSc,zSc,zSc
zSc,zSc,zSc,zSc
zSc,zSc,zSc
zSc
zSc
zSc
zSc
zSc,zSc,zSc
zSc
zSc
zSc
zSc
zSc,zSc,zSc,zSc,zSc,zSc,zSc
zSc
zSc
zSc,zSc,zSc,zSc,zSc,zSc
zSc,zSc,zSc,zSc,zSc,zSc,zSc
zSc
zSc,zSc,zSc,zSc,zSc
zSc,zSc,zSc,zSc,zSc,zSc
zSc,zSc,zSc,zSc,zSc
zSc,zSc,zSc,zSc
zSc,zSc,zSc,zSc
zSc
zSc,zSc,zSc,zSc,zSc
zSc,zSc,zSc,zSc
zSc
zSc,zSc,zSc,zSc
Jedi Wagner, assuma o comando!