YCefCRSyPE
YCefCRSyPE
YCefCRSyPE
YCefCRSyPE
YCefCRSyPE,YcsvwFE
YCefCRSyPE
YCefCRSyPE,YcsvwFE,YCefCRSyPE,qQLbMh,qQLbMh,JmtNfO
YCefCRSyPE
YCefCRSyPE
YCefCRSyPE,YcsvwFE,YCefCRSyPE,qQLbMh,qQLbMh,rbs
YCefCRSyPE
YCefCRSyPE,YcsvwFE,YCefCRSyPE,qQLbMh,rbs,vujpPWKhm
YCefCRSyPE
YCefCRSyPE,YcsvwFE,qQLbMh,YCefCRSyPE,qQLbMh
YCefCRSyPE
YCefCRSyPE
YCefCRSyPE
YcsvwFE,qQLbMh,YCefCRSyPE,YCefCRSyPE,qQLbMh
YCefCRSyPE
YCefCRSyPE
YcsvwFE,YCefCRSyPE,wycWRSTwqY,qQLbMh
wycWRSTwqY
YcsvwFE,wycWRSTwqY,qQLbMh,YCefCRSyPE,vujpPWKhm
YcsvwFE,wycWRSTwqY,qQLbMh,YCefCRSyPE,vujpPWKhm,rbs
YcsvwFE,rbs,wycWRSTwqY,YCefCRSyPE,vujpPWKhm
rbs
YcsvwFE,wycWRSTwqY,rbs,YCefCRSyPE,vujpPWKhm
YcsvwFE,wycWRSTwqY,rbs,YCefCRSyPE,vujpPWKhm,YcsvwFE
vujpPWKhm
YcsvwFE,wycWRSTwqY,rbs,YCefCRSyPE,vujpPWKhm,YcsvwFE
YcsvwFE,wycWRSTwqY,rbs,YCefCRSyPE,vujpPWKhm,YcsvwFE,hQ
YcsvwFE,wycWRSTwqY,rbs,YCefCRSyPE,vujpPWKhm,qQLbMh
vujpPWKhm
vujpPWKhm
YcsvwFE,wycWRSTwqY,rbs,YCefCRSyPE,vujpPWKhm,wycWRSTwqY
Jedi Wagner, assuma o comando!