Toque! Toque, Dijê!
Toque! Toque, Dijê!
gqKKKyqRr
gqKKKyqRr,yKj
gqKKKyqRr
gqKKKyqRr
gqKKKyqRr
yKj,gqKKKyqRr,vxaEy
yKj,gqKKKyqRr,vxaEy
gqKKKyqRr
gqKKKyqRr
gqKKKyqRr
gqKKKyqRr
yKj,gqKKKyqRr,vxaEy
yKj,gqKKKyqRr,vxaEy,qUrGsdk,q
yKj,gqKKKyqRr,vxaEy,qUrGsdk,q,yKj
gqKKKyqRr
gqKKKyqRr
yKj,gqKKKyqRr,vxaEy
yKj,gqKKKyqRr,vxaEy
gqKKKyqRr
yKj,gqKKKyqRr,vxaEy
gqKKKyqRr
yKj,gqKKKyqRr,vxaEy
yKj,gqKKKyqRr,vxaEy
yKj,gqKKKyqRr,vxaEy
gqKKKyqRr
yKj,gqKKKyqRr,vxaEy
gqKKKyqRr
yzw
yKj,gqKKKyqRr,yzw,vxaEy
yKj,gqKKKyqRr,yzw,vxaEy
yKj,gqKKKyqRr,yzw,vxaEy
yKj,gqKKKyqRr,yzw,vxaEy
yKj
yzw,yKj,qUrGsdk,vxaEy,gqKKKyqRr
yzw,yKj,qUrGsdk,vxaEy,gqKKKyqRr
qUrGsdk
qUrGsdk
yzw,yKj,qUrGsdk,vxaEy,gqKKKyqRr
yzw,yKj,qUrGsdk,vxaEy,gqKKKyqRr
yzw,yKj,qUrGsdk,vxaEy,gqKKKyqRr,gqKKKyqRr,JqWWBQ
JqWWBQ
JqWWBQ
yKj,qUrGsdk,vxaEy,gqKKKyqRr,gqKKKyqRr,JqWWBQ,yzw,yzw
yzw
yzw,yKj,qUrGsdk,vxaEy,gqKKKyqRr,gqKKKyqRr,JqWWBQ
yzw
yzw
yzw,yKj,qUrGsdk,vxaEy,gqKKKyqRr,gqKKKyqRr,JqWWBQ,vxaEy
yzw
yzw
yzw,yKj,qUrGsdk,vxaEy,gqKKKyqRr,gqKKKyqRr,JqWWBQ,vxaEy,JqWWBQ
yKj
yKj
vxaEy
vxaEy,yKj,qUrGsdk,gqKKKyqRr,gqKKKyqRr,JqWWBQ,UXJMqiV,gqKKKyqRr
vxaEy
vxaEy,yKj,qUrGsdk,gqKKKyqRr,gqKKKyqRr,UXJMqiV,gqKKKyqRr
vxaEy,yKj,qUrGsdk,gqKKKyqRr,gqKKKyqRr,UXJMqiV,gqKKKyqRr
yKj
yKj
yKj
qUrGsdk
gqKKKyqRr
yKj,qUrGsdk,gqKKKyqRr,gqKKKyqRr,UXJMqiV,gqKKKyqRr,yKj
UXJMqiV
UXJMqiV
UXJMqiV
gqKKKyqRr
yKj,qUrGsdk,gqKKKyqRr,gqKKKyqRr,UXJMqiV,gqKKKyqRr,yKj
yKj,qUrGsdk,gqKKKyqRr,gqKKKyqRr,UXJMqiV,gqKKKyqRr,yKj
yKj,qUrGsdk,gqKKKyqRr,gqKKKyqRr,UXJMqiV,gqKKKyqRr,yKj
yKj,qUrGsdk,gqKKKyqRr,gqKKKyqRr,UXJMqiV,gqKKKyqRr,yKj
yKj,qUrGsdk,gqKKKyqRr,gqKKKyqRr,UXJMqiV,gqKKKyqRr,yKj,qUrGsdk
gqKKKyqRr
yKj,qUrGsdk,gqKKKyqRr,gqKKKyqRr,UXJMqiV,gqKKKyqRr,yKj,qUrGsdk,yKj
yKj,qUrGsdk,gqKKKyqRr,gqKKKyqRr,gqKKKyqRr,yKj,qUrGsdk,yKj
yKj,qUrGsdk,gqKKKyqRr,gqKKKyqRr,gqKKKyqRr,yKj,qUrGsdk,yKj
yKj,qUrGsdk,gqKKKyqRr,gqKKKyqRr,gqKKKyqRr,yKj,qUrGsdk,yKj
gqKKKyqRr
yKj,qUrGsdk,gqKKKyqRr,gqKKKyqRr,gqKKKyqRr,yKj,qUrGsdk,yKj
yKj,qUrGsdk,gqKKKyqRr,gqKKKyqRr,gqKKKyqRr,yKj,qUrGsdk,yKj
yKj
yKj
yKj
qUrGsdk,gqKKKyqRr,gqKKKyqRr,gqKKKyqRr,yKj,yKj,qUrGsdk,yKj
qUrGsdk
qUrGsdk
qUrGsdk,gqKKKyqRr,yKj,yKj,qUrGsdk,gqKKKyqRr,yKj,MAe,MAe,gqKKKyqRr,UXJMqiV
qUrGsdk,gqKKKyqRr,yKj,qUrGsdk,gqKKKyqRr,yKj,MAe,MAe,gqKKKyqRr,UXJMqiV
qUrGsdk,gqKKKyqRr,yKj,qUrGsdk,gqKKKyqRr,yKj,MAe,MAe,gqKKKyqRr,UXJMqiV
qUrGsdk,gqKKKyqRr,yKj,qUrGsdk,gqKKKyqRr,yKj,MAe,MAe,gqKKKyqRr,UXJMqiV,qUrGsdk
yKj
qUrGsdk
qUrGsdk
qUrGsdk
qUrGsdk
gqKKKyqRr,yKj,qUrGsdk,gqKKKyqRr,yKj,qUrGsdk,MAe,MAe,gqKKKyqRr,UXJMqiV,qUrGsdk,vxaEy
gqKKKyqRr,yKj,qUrGsdk,gqKKKyqRr,yKj,qUrGsdk,MAe,MAe,gqKKKyqRr,UXJMqiV,qUrGsdk
qUrGsdk
gqKKKyqRr,yKj,qUrGsdk,gqKKKyqRr,yKj,qUrGsdk,MAe,MAe,gqKKKyqRr,UXJMqiV,qUrGsdk
gqKKKyqRr,yKj,qUrGsdk,gqKKKyqRr,yKj,qUrGsdk,MAe,MAe,gqKKKyqRr,UXJMqiV,qUrGsdk
qUrGsdk,gqKKKyqRr,yKj,qUrGsdk,gqKKKyqRr,MAe,MAe,gqKKKyqRr,qUrGsdk,yKj,q,gqKKKyqRr,vxaEy,q
qUrGsdk
gqKKKyqRr
gqKKKyqRr,yKj,qUrGsdk,gqKKKyqRr,MAe,MAe,gqKKKyqRr,qUrGsdk,yKj,q,gqKKKyqRr,vxaEy,q
gqKKKyqRr
gqKKKyqRr
MAe
MAe
gqKKKyqRr,gqKKKyqRr,MAe,MAe,gqKKKyqRr,qUrGsdk,yKj,gqKKKyqRr,vxaEy,q,MAe,MAe,MAe,yKj
gqKKKyqRr,gqKKKyqRr,MAe,MAe,gqKKKyqRr,qUrGsdk,yKj,gqKKKyqRr,vxaEy,q,MAe,MAe,MAe,yKj,yKj,UXJMqiV
gqKKKyqRr,gqKKKyqRr,MAe,MAe,gqKKKyqRr,qUrGsdk,yKj,gqKKKyqRr,vxaEy,q,MAe,MAe,MAe,yKj,yKj
gqKKKyqRr
q
q
gqKKKyqRr,gqKKKyqRr,MAe,gqKKKyqRr,MAe,qUrGsdk,gqKKKyqRr,vxaEy,MAe,MAe,MAe,yKj,yKj,yzw,qUrGsdk
q
q
q
q
q
gqKKKyqRr,gqKKKyqRr,MAe,gqKKKyqRr,q,MAe,qUrGsdk,gqKKKyqRr,vxaEy,MAe,MAe,MAe,yKj,yKj,yzw,qUrGsdk
gqKKKyqRr,gqKKKyqRr,MAe,gqKKKyqRr,q,MAe,qUrGsdk,gqKKKyqRr,vxaEy,MAe,MAe,MAe,yKj,yKj,yzw,qUrGsdk
yKj
gqKKKyqRr,MAe,gqKKKyqRr,q,yKj,MAe,qUrGsdk,gqKKKyqRr,vxaEy,MAe,MAe,MAe,yKj,qUrGsdk
gqKKKyqRr,MAe,gqKKKyqRr,q,yKj,MAe,qUrGsdk,gqKKKyqRr,vxaEy,MAe,MAe,MAe,yKj,qUrGsdk
gqKKKyqRr,gqKKKyqRr,q,yKj,MAe,qUrGsdk,gqKKKyqRr,vxaEy,MAe,MAe,MAe,MAe,yKj,qUrGsdk,qUrGsdk
gqKKKyqRr,gqKKKyqRr,q,yKj,MAe,qUrGsdk,gqKKKyqRr,vxaEy,MAe,MAe,MAe,MAe,yKj,qUrGsdk,qUrGsdk
MAe
MAe
gqKKKyqRr,gqKKKyqRr,q,yKj,MAe,qUrGsdk,gqKKKyqRr,vxaEy,MAe,MAe,MAe,yKj,qUrGsdk,LhewU
gqKKKyqRr,MAe,gqKKKyqRr,q,yKj,MAe,qUrGsdk,gqKKKyqRr,vxaEy,MAe,MAe,MAe,yKj,qUrGsdk
MAe
MAe,q,yKj,MAe,qUrGsdk,gqKKKyqRr,vxaEy,MAe,MAe,MAe,yKj,qUrGsdk
MAe
MAe
MAe
MAe
gqKKKyqRr,gqKKKyqRr,q,yKj,MAe,qUrGsdk,gqKKKyqRr,vxaEy,MAe,JqWWBQ,MAe,MAe,yKj,qUrGsdk,qUrGsdk
JqWWBQ
gqKKKyqRr,gqKKKyqRr,q,yKj,MAe,qUrGsdk,gqKKKyqRr,vxaEy,MAe,JqWWBQ,MAe,MAe,yKj,qUrGsdk,qUrGsdk,yKj,q
gqKKKyqRr,q,yKj,MAe,qUrGsdk,gqKKKyqRr,vxaEy,MAe,JqWWBQ,gqKKKyqRr,MAe,MAe,yKj,qUrGsdk,qUrGsdk,yKj,q,MAe,UXJMqiV
gqKKKyqRr,q,yKj,MAe,qUrGsdk,gqKKKyqRr,vxaEy,MAe,JqWWBQ,gqKKKyqRr,MAe,MAe,yKj,qUrGsdk,qUrGsdk,yKj,q,MAe,UXJMqiV
JqWWBQ
JqWWBQ
gqKKKyqRr,q,yKj,MAe,qUrGsdk,gqKKKyqRr,vxaEy,MAe,JqWWBQ,MAe,MAe,yKj,qUrGsdk,qUrGsdk
gqKKKyqRr,q,yKj,MAe,gqKKKyqRr,vxaEy,MAe,JqWWBQ,qUrGsdk,MAe,MAe,yKj,qUrGsdk,qUrGsdk,gqKKKyqRr,gqKKKyqRr,vxaEy,MAe
qUrGsdk
gqKKKyqRr,gqKKKyqRr,q,yKj,MAe,qUrGsdk,gqKKKyqRr,vxaEy,MAe,JqWWBQ,MAe,MAe,yKj,qUrGsdk,qUrGsdk
gqKKKyqRr,q,yKj,MAe,qUrGsdk,gqKKKyqRr,MAe,JqWWBQ,vxaEy,MAe,MAe,yKj,qUrGsdk,qUrGsdk
gqKKKyqRr,gqKKKyqRr,q,yKj,qUrGsdk,gqKKKyqRr,vxaEy,MAe,MAe,MAe,yKj,qUrGsdk,qUrGsdk,qUrGsdk
gqKKKyqRr,gqKKKyqRr,q,yKj,qUrGsdk,gqKKKyqRr,vxaEy,MAe,MAe,MAe,yKj,qUrGsdk,qUrGsdk,qUrGsdk
MAe
Jedi Wagner, assuma o comando!