U
U
Toque! Toque, Dijê!
Dcz
Dcz
Dcz
Dcz
Dcz
Dcz
Dcz
Dcz
Dcz
Dcz
Dcz
Dcz,lrtO
Dcz,lrtO
Dcz
Dcz
Dcz,U
Dcz,U
Dcz
Dcz
Dcz
Dcz,vKXIUOnj,U
IEJDWkSUta,vKXIUOnj,U
IEJDWkSUta,vKXIUOnj,U
Dcz
Dcz
Dcz
Dcz
Dcz
Dcz
Dcz
Dcz
Dcz
Dcz
Dcz,vM
Dcz,vM
Dcz,vM
Dcz,vM,YFkqN
Dcz,vM,YFkqN
Dcz,vM,YFkqN,IEJDWkSUta
Dcz,vM,YFkqN,IEJDWkSUta
Dcz,vM,YFkqN,IEJDWkSUta
Dcz
Dcz
Dcz
Dcz
Dcz
Dcz
Dcz,vKXIUOnj,U
U
U,Dcz,vKXIUOnj,U,IEJDWkSUta
U
Dcz,U,vKXIUOnj,U,IEJDWkSUta,Dcz,U,EHmVCBSq,lrtO
U
Dcz,IEJDWkSUta,U,vKXIUOnj,U,Dcz,U,lrtO,vM
Dcz,IEJDWkSUta,U,vKXIUOnj,U,Dcz,U,lrtO,vM
Dcz,IEJDWkSUta,U,vKXIUOnj,U,Dcz,U,lrtO,vM
U
Dcz,IEJDWkSUta,U,vKXIUOnj,U,Dcz,U,lrtO,U
IEJDWkSUta,U,vKXIUOnj,U,Dcz,U,lrtO,U
Dcz,IEJDWkSUta,U,vKXIUOnj,U,Dcz,U,lrtO,vM
U
vKXIUOnj
vKXIUOnj
vM
IEJDWkSUta,U,Dcz,vM,lrtO,Dcz,U,vKXIUOnj,lrtO
IEJDWkSUta,U,Dcz,vM,lrtO,Dcz,U,vKXIUOnj,lrtO
IEJDWkSUta,U,Dcz,vM,lrtO,Dcz,U,vKXIUOnj,lrtO
Dcz,IEJDWkSUta,U,vKXIUOnj,U,lrtO,Dcz,U,vM,vKXIUOnj,lrtO
lrtO
Dcz,IEJDWkSUta,U,vKXIUOnj,U,lrtO,Dcz,U,vM,vKXIUOnj,lrtO
Dcz,U,vKXIUOnj,U,lrtO,Dcz,U,vM,vKXIUOnj,lrtO
vKXIUOnj,U,lrtO,Dcz,U,vM,vKXIUOnj,lrtO,Dcz
vKXIUOnj,U,lrtO,U,vM,vKXIUOnj,lrtO,Dcz,fvJqL
vM
vKXIUOnj
U,lrtO,U,vKXIUOnj,vKXIUOnj,lrtO,Dcz,U,lrtO
lrtO
lrtO,U,vKXIUOnj,vKXIUOnj,lrtO,U,Dcz,U,lrtO,vM
lrtO
IEJDWkSUta
U,lrtO,U,vKXIUOnj,vKXIUOnj,IEJDWkSUta,Dcz,vM,lrtO,U,lrtO,lrtO
U,lrtO,U,vKXIUOnj,vKXIUOnj,IEJDWkSUta,vM,lrtO,U,lrtO,lrtO
U,lrtO,U,vKXIUOnj,vKXIUOnj,IEJDWkSUta,vM,lrtO,U,lrtO,lrtO
U,lrtO,U,vKXIUOnj,vKXIUOnj,IEJDWkSUta,vM,lrtO,U,lrtO,lrtO
vM
U,lrtO,U,vKXIUOnj,IEJDWkSUta,vM,vKXIUOnj,lrtO,U,lrtO,lrtO
U,lrtO,U,vKXIUOnj,vKXIUOnj,IEJDWkSUta,vM,lrtO,U,lrtO,lrtO,EHmVCBSq
U,lrtO,U,vKXIUOnj,IEJDWkSUta,vM,lrtO,U,lrtO,lrtO
U,lrtO,U,vKXIUOnj,vKXIUOnj,IEJDWkSUta,vM,lrtO,U,lrtO,lrtO
vM
vM
U,lrtO,U,vKXIUOnj,vKXIUOnj,IEJDWkSUta,vM,lrtO,U,lrtO,lrtO
U,lrtO,U,vKXIUOnj,vKXIUOnj,IEJDWkSUta,vM,lrtO,U,lrtO,lrtO
U,lrtO,U,vKXIUOnj,vKXIUOnj,IEJDWkSUta,vM,lrtO,U,lrtO,lrtO
vM
vM
vM
vM
vM
U,lrtO,U,vKXIUOnj,vKXIUOnj,IEJDWkSUta,vM,lrtO,U,lrtO,lrtO
Jedi Wagner, assuma o comando!