Toque! Toque, Dijê!
[vazia]
Toque! Toque, Dijê!
Toque! Toque, Dijê!
[vazia]
[vazia]
Toque! Toque, Dijê!
Toque! Toque, Dijê!
wh
wh
Toque! Toque, Dijê!
Toque! Toque, Dijê!
[vazia]
Toque! Toque, Dijê!
[vazia]
pGOT
wh,wh,wh
Toque! Toque, Dijê!
Toque! Toque, Dijê!
Toque! Toque, Dijê!
wh
wh
UIDMC,wh
wh
[vazia]
Toque! Toque, Dijê!
Toque! Toque, Dijê!
wh
Toque! Toque, Dijê!
wh
wh
wh
Toque! Toque, Dijê!
[vazia]
wh
wh
wh
wh,wh
pGOT,wh,wh,pGOT,pGOT
pGOT
pGOT
wh
wh
wh
wh,pGOT
wh,pGOT
wh
wh,pGOT
wh
wh,pGOT,pGOT
wh,pGOT
pGOT
wh,pGOT
pGOT
pGOT
XzIPrt,wh,pGOT,XzIPrt,XzIPrt,pGOT
XzIPrt,wh,pGOT,XzIPrt,XzIPrt,pGOT
XzIPrt,wh,pGOT,XzIPrt,XzIPrt,pGOT
XzIPrt,wh,pGOT,XzIPrt,XzIPrt,pGOT
XzIPrt,pGOT,XzIPrt,XzIPrt,pGOT
wh
wh
wh,wh,UIDMC
wh,wh,UIDMC
wh,wh,UIDMC
UIDMC,wh,wh
wh,UIDMC,wh,pGOT
wh,UIDMC,wh,pGOT,pGOT
wh,wh,UIDMC
wh,UIDMC
wh
wh
wh,UIDMC
wh,UIDMC,pGOT,pGOT
wh,UIDMC,pGOT,pGOT
UIDMC,wh,wh,UIDMC
UIDMC,wh,wh,UIDMC
UIDMC,wh,wh,UIDMC
UIDMC,wh,wh,UIDMC
UIDMC,wh,wh,UIDMC,UIDMC
wh
wh
wh
UIDMC
wh
UIDMC,wh,pGOT
pGOT
wh
wh
wh,UIDMC,UIDMC
UIDMC
UIDMC
UIDMC,UIDMC
UIDMC,wh,wh
Jedi Wagner, assuma o comando!