[vazia]
vrJTRVhs,vrJTRVhs
vrJTRVhs
vrJTRVhs,vrJTRVhs
vrJTRVhs
vrJTRVhs,vrJTRVhs,TN
[vazia]
vrJTRVhs
vrJTRVhs
vrJTRVhs,vrJTRVhs,vrJTRVhs,vrJTRVhs,vrJTRVhs,TN
vrJTRVhs,vrJTRVhs,vrJTRVhs,vrJTRVhs,vrJTRVhs
vrJTRVhs
vrJTRVhs,TN,vrJTRVhs,vrJTRVhs,vrJTRVhs,vrJTRVhs,vrJTRVhs
vrJTRVhs,vrJTRVhs,vrJTRVhs,vrJTRVhs,vrJTRVhs,vrJTRVhs,vrJTRVhs
vrJTRVhs
vrJTRVhs
vrJTRVhs,vrJTRVhs,vrJTRVhs,TN,vrJTRVhs,vrJTRVhs,vrJTRVhs
vrJTRVhs,vrJTRVhs,vrJTRVhs,TN,vrJTRVhs,vrJTRVhs,vrJTRVhs
TN
vrJTRVhs,vrJTRVhs,TN,vrJTRVhs,vrJTRVhs,vrJTRVhs,vrJTRVhs,TN,TN
vrJTRVhs,TN,vrJTRVhs,vrJTRVhs,vrJTRVhs,vrJTRVhs,TN,TN
vrJTRVhs,TN,vrJTRVhs,vrJTRVhs,vrJTRVhs,vrJTRVhs,TN,TN
vrJTRVhs,vrJTRVhs,TN,vrJTRVhs,vrJTRVhs,vrJTRVhs,TN,TN,vrJTRVhs
TN
TN
vrJTRVhs,vrJTRVhs,TN,vrJTRVhs,vrJTRVhs,vrJTRVhs,TN,TN,vrJTRVhs,vrJTRVhs
vrJTRVhs
vrJTRVhs
vrJTRVhs
vrJTRVhs,vrJTRVhs,TN,vrJTRVhs,vrJTRVhs,vrJTRVhs,TN,TN,vrJTRVhs,vrJTRVhs
vrJTRVhs,vrJTRVhs,TN,vrJTRVhs,vrJTRVhs,vrJTRVhs,TN,TN,vrJTRVhs,vrJTRVhs
vrJTRVhs,TN,vrJTRVhs,vrJTRVhs,vrJTRVhs,TN,TN,vrJTRVhs,vrJTRVhs,vrJTRVhs
TN,vrJTRVhs,vrJTRVhs,TN,TN,vrJTRVhs,vrJTRVhs,vrJTRVhs
vrJTRVhs,vrJTRVhs,vrJTRVhs,vrJTRVhs,vrJTRVhs,TN,TN,vrJTRVhs,TN,vrJTRVhs,TN
vrJTRVhs,vrJTRVhs,vrJTRVhs,vrJTRVhs,vrJTRVhs,TN,TN,vrJTRVhs,TN,vrJTRVhs,TN
vrJTRVhs,vrJTRVhs,vrJTRVhs,vrJTRVhs,vrJTRVhs,TN,TN,vrJTRVhs,TN,vrJTRVhs,TN
vrJTRVhs,vrJTRVhs,vrJTRVhs,vrJTRVhs,vrJTRVhs,TN,TN,vrJTRVhs,TN,vrJTRVhs,TN
vrJTRVhs,vrJTRVhs,vrJTRVhs,vrJTRVhs,vrJTRVhs,TN,TN,vrJTRVhs,TN,vrJTRVhs,TN
TN
vrJTRVhs,vrJTRVhs,TN,vrJTRVhs,vrJTRVhs,vrJTRVhs,TN,TN,vrJTRVhs,vrJTRVhs
vrJTRVhs
vrJTRVhs
vrJTRVhs,vrJTRVhs,vrJTRVhs,vrJTRVhs,vrJTRVhs,TN,TN,vrJTRVhs,vrJTRVhs,vrJTRVhs
vrJTRVhs,vrJTRVhs,vrJTRVhs,vrJTRVhs,TN,TN,vrJTRVhs,vrJTRVhs,vrJTRVhs
vrJTRVhs
vrJTRVhs
vrJTRVhs,vrJTRVhs,vrJTRVhs,vrJTRVhs,TN,vrJTRVhs,vrJTRVhs,vrJTRVhs,TN,vrJTRVhs
vrJTRVhs
vrJTRVhs
vrJTRVhs
vrJTRVhs,vrJTRVhs,TN,vrJTRVhs,vrJTRVhs,vrJTRVhs,TN,TN,vrJTRVhs,vrJTRVhs
vrJTRVhs
vrJTRVhs,vrJTRVhs,TN,vrJTRVhs,vrJTRVhs,vrJTRVhs,TN,TN,vrJTRVhs,vrJTRVhs
vrJTRVhs,vrJTRVhs,TN,vrJTRVhs,vrJTRVhs,vrJTRVhs,TN,TN,vrJTRVhs,vrJTRVhs
vrJTRVhs,vrJTRVhs,TN,vrJTRVhs,vrJTRVhs,vrJTRVhs,TN,TN,vrJTRVhs,vrJTRVhs
vrJTRVhs
vrJTRVhs
vrJTRVhs,vrJTRVhs,TN,vrJTRVhs,vrJTRVhs,vrJTRVhs,TN,TN,vrJTRVhs,vrJTRVhs
vrJTRVhs
vrJTRVhs
vrJTRVhs
vrJTRVhs
vrJTRVhs
vrJTRVhs,vrJTRVhs,vrJTRVhs,TN,vrJTRVhs,vrJTRVhs,vrJTRVhs,TN,vrJTRVhs,vrJTRVhs,vrJTRVhs
vrJTRVhs,vrJTRVhs,vrJTRVhs,TN,vrJTRVhs,vrJTRVhs,vrJTRVhs,TN,vrJTRVhs,vrJTRVhs,vrJTRVhs
vrJTRVhs
vrJTRVhs,vrJTRVhs,vrJTRVhs,vrJTRVhs,vrJTRVhs,vrJTRVhs,TN,vrJTRVhs,TN,vrJTRVhs,vrJTRVhs
vrJTRVhs,vrJTRVhs,vrJTRVhs,vrJTRVhs,vrJTRVhs,TN,vrJTRVhs,TN,vrJTRVhs,vrJTRVhs,vrJTRVhs
TN
vrJTRVhs,vrJTRVhs,vrJTRVhs,vrJTRVhs,vrJTRVhs,vrJTRVhs,TN,TN,vrJTRVhs,vrJTRVhs,vrJTRVhs
vrJTRVhs,vrJTRVhs,vrJTRVhs,vrJTRVhs,vrJTRVhs,vrJTRVhs,TN,TN,vrJTRVhs,vrJTRVhs,vrJTRVhs
TN
TN
vrJTRVhs,vrJTRVhs,vrJTRVhs,vrJTRVhs,vrJTRVhs,TN,vrJTRVhs,vrJTRVhs,vrJTRVhs,vrJTRVhs
vrJTRVhs,vrJTRVhs,vrJTRVhs,vrJTRVhs,vrJTRVhs,TN,TN,vrJTRVhs,vrJTRVhs,vrJTRVhs
TN
TN
TN
vrJTRVhs,vrJTRVhs,vrJTRVhs,vrJTRVhs,vrJTRVhs,TN,vrJTRVhs,vrJTRVhs,vrJTRVhs,TN
TN
TN
TN
vrJTRVhs,TN,TN,vrJTRVhs,vrJTRVhs,vrJTRVhs,vrJTRVhs,vrJTRVhs,vrJTRVhs,vrJTRVhs,TN
vrJTRVhs
vrJTRVhs
vrJTRVhs,vrJTRVhs,vrJTRVhs,vrJTRVhs,vrJTRVhs,TN,TN,vrJTRVhs,vrJTRVhs,vrJTRVhs,TN
vrJTRVhs,vrJTRVhs,vrJTRVhs,vrJTRVhs,vrJTRVhs,TN,vrJTRVhs,vrJTRVhs,TN,vrJTRVhs,TN
vrJTRVhs,vrJTRVhs,vrJTRVhs,vrJTRVhs,vrJTRVhs,TN,vrJTRVhs,vrJTRVhs,TN,vrJTRVhs,TN,TN
vrJTRVhs,vrJTRVhs,vrJTRVhs,vrJTRVhs,vrJTRVhs,vrJTRVhs,TN,vrJTRVhs,TN,vrJTRVhs,TN,TN
vrJTRVhs
vrJTRVhs
vrJTRVhs
vrJTRVhs,vrJTRVhs,vrJTRVhs,vrJTRVhs,vrJTRVhs,TN,vrJTRVhs,TN,vrJTRVhs,TN,TN,vrJTRVhs
vrJTRVhs,vrJTRVhs,vrJTRVhs,vrJTRVhs,TN,vrJTRVhs,TN,vrJTRVhs,TN,TN,vrJTRVhs,TN,vrJTRVhs
TN
vrJTRVhs,vrJTRVhs,vrJTRVhs,vrJTRVhs,vrJTRVhs,vrJTRVhs,vrJTRVhs,TN,TN,vrJTRVhs,TN,TN
vrJTRVhs,vrJTRVhs,vrJTRVhs,vrJTRVhs,vrJTRVhs,vrJTRVhs,vrJTRVhs,TN,TN,vrJTRVhs,TN,TN
vrJTRVhs,vrJTRVhs,vrJTRVhs,vrJTRVhs,vrJTRVhs,vrJTRVhs,vrJTRVhs,TN,TN,vrJTRVhs,TN,TN
vrJTRVhs,vrJTRVhs,vrJTRVhs,vrJTRVhs,vrJTRVhs,TN,TN,vrJTRVhs,vrJTRVhs,vrJTRVhs,TN,TN,TN
vrJTRVhs,vrJTRVhs,vrJTRVhs,vrJTRVhs,vrJTRVhs,TN,TN,vrJTRVhs,vrJTRVhs,vrJTRVhs,TN
vrJTRVhs,vrJTRVhs,vrJTRVhs,vrJTRVhs,vrJTRVhs,TN,TN,vrJTRVhs,vrJTRVhs,vrJTRVhs,TN
vrJTRVhs
TN
vrJTRVhs,vrJTRVhs,vrJTRVhs,vrJTRVhs,vrJTRVhs,vrJTRVhs,vrJTRVhs,TN,TN,TN,vrJTRVhs,vrJTRVhs
vrJTRVhs
vrJTRVhs,vrJTRVhs,vrJTRVhs,vrJTRVhs,vrJTRVhs,vrJTRVhs,vrJTRVhs,TN,TN,TN,vrJTRVhs,vrJTRVhs
vrJTRVhs,vrJTRVhs,vrJTRVhs,vrJTRVhs,vrJTRVhs,vrJTRVhs,vrJTRVhs,TN,TN,TN,vrJTRVhs,vrJTRVhs,TN
vrJTRVhs
vrJTRVhs,vrJTRVhs,vrJTRVhs,vrJTRVhs,vrJTRVhs,vrJTRVhs,TN,TN,vrJTRVhs,TN,vrJTRVhs,vrJTRVhs,TN,vrJTRVhs
TN
vrJTRVhs,vrJTRVhs,vrJTRVhs,vrJTRVhs,vrJTRVhs,TN,vrJTRVhs,TN,TN,vrJTRVhs,vrJTRVhs,TN,vrJTRVhs,vrJTRVhs
TN
vrJTRVhs,vrJTRVhs,vrJTRVhs,vrJTRVhs,vrJTRVhs,TN,TN,vrJTRVhs,TN,vrJTRVhs,vrJTRVhs,TN,vrJTRVhs,vrJTRVhs
TN
vrJTRVhs,vrJTRVhs,vrJTRVhs,vrJTRVhs,vrJTRVhs,TN,TN,vrJTRVhs,TN,vrJTRVhs,vrJTRVhs,TN,vrJTRVhs,vrJTRVhs
vrJTRVhs,vrJTRVhs,vrJTRVhs,vrJTRVhs,vrJTRVhs,TN,TN,vrJTRVhs,TN,vrJTRVhs,vrJTRVhs,TN,vrJTRVhs,vrJTRVhs
vrJTRVhs,vrJTRVhs,vrJTRVhs,vrJTRVhs,vrJTRVhs,TN,TN,vrJTRVhs,TN,vrJTRVhs,vrJTRVhs,TN,vrJTRVhs,vrJTRVhs
vrJTRVhs,vrJTRVhs,vrJTRVhs,vrJTRVhs,vrJTRVhs,TN,vrJTRVhs,TN,vrJTRVhs,vrJTRVhs,TN,vrJTRVhs,vrJTRVhs
TN
vrJTRVhs,vrJTRVhs,vrJTRVhs,vrJTRVhs,vrJTRVhs,TN,TN,vrJTRVhs,TN,vrJTRVhs,vrJTRVhs,TN,vrJTRVhs,vrJTRVhs
TN
TN
vrJTRVhs
vrJTRVhs,vrJTRVhs,vrJTRVhs,vrJTRVhs,vrJTRVhs,TN,TN,vrJTRVhs,vrJTRVhs,vrJTRVhs,TN,vrJTRVhs,vrJTRVhs,TN,TN
Jedi Wagner, assuma o comando!