Toque! Toque, Dijê!
Toque! Toque, Dijê!
[vazia]
Toque! Toque, Dijê!
[vazia]
Toque! Toque, Dijê!
Toque! Toque, Dijê!
T
T
T
T
T
T
T,T,T
T,T
T,T
T,T
T
T,T
T,T
T
T
T,T,T,T
T,T,T,T
T
T
T,T,T
T
T
T
T
T
T
T,T,T,T
T,T,T,T
T,T,T,T,T
T,T,T,T,T,T
T,T,T,T,T,T
T
T,T,T,T,T
T
T,T,T,T,T,T,T,T
T
T
T,T,T,T,T,T,T,T,T
T
T,T,T,T,T,T,T,T,T
T,T,T,T,T,T,T,T,T
T,T,T,T,T,T,T
T
T,T,T,T,T,T,T,T
T
T
T
T,T,T,T,T,T,T
T
T
T
T
T,T,T,T,T,T,T,T
T
T,T,T,T,T,T,T,T,T
T
T
T,T,T,T,T,T,T
T,T,T,T,T,T,T
T,T,T,T,T,T,T
T,T,T,T,T,T,T
T
T,T,T,T,T,T,T,T
T
T,T,T,T,T,T,T,T,T
T,T,T,T,T,T,T,T,T
T,T,T,T,T,T,T,T,T
T
T
T,T,T,T,T,T,T,T
T,T,T,T,T,T,T,T
T
T
T
T
T
T,T,T,T,T,T,T,T,T
T
T
T,T,T,T,T,T,T,T
T
T,T,T,T,T,T
T
T,T,T,T,T,T
T,T,T,T,T,T
T,T,T,T,T,T,T,T
T,T,T,T,T,T,T,T
T,T,T,T,T,T,T,T
T,T,T,T,T,T,T,T
T,T,T,T,T,T,T,T
T,T,T,T,T,T,T,T
T
T
T,T,T,T,T,T,T,T,T
T
T,T,T,T,T,T,T,T
T,T,T,T,T,T,T,T
T,T,T,T,T,T,T,T
T
T,T,T,T,T,T,T,T
T
T
T
T
T,T,T,T,T,T,T,T,T
T
T
T
T,T,T,T,T,T,T,T,T
T,T,T,T,T,T,T,T,T
T,T,T,T,T,T,T,T,T
T,T,T,T,T,T,T,T,T
Jedi Wagner, assuma o comando!