[vazia]
[vazia]
Toque! Toque, Dijê!
[vazia]
Toque! Toque, Dijê!
Toque! Toque, Dijê!
[vazia]
Toque! Toque, Dijê!
J
J
J
J
J
vSMZinnUw
vSMZinnUw
vSMZinnUw
vSMZinnUw,vSMZinnUw
vSMZinnUw,vSMZinnUw
vSMZinnUw
vSMZinnUw
vSMZinnUw
vSMZinnUw
vSMZinnUw
vSMZinnUw,FFyTW
vSMZinnUw,FFyTW
vSMZinnUw,vSMZinnUw,kdirW
vSMZinnUw
vSMZinnUw,vSMZinnUw,kdirW
vSMZinnUw
kdirW
kdirW
kdirW
vSMZinnUw,vSMZinnUw,kdirW,kdirW,ZRbbVb,ZRbbVb,vSMZinnUw,J,SMfoGlBWID,J
vSMZinnUw,vSMZinnUw,kdirW,ZRbbVb,ZRbbVb,vSMZinnUw,J,SMfoGlBWID,J
kdirW
kdirW
vSMZinnUw,vSMZinnUw,kdirW,kdirW,ZRbbVb,ZRbbVb,vSMZinnUw,J,J,vSMZinnUw,J
vSMZinnUw,vSMZinnUw,kdirW,kdirW,ZRbbVb,ZRbbVb,vSMZinnUw,J,SMfoGlBWID,J
kdirW
vSMZinnUw,vSMZinnUw,J,kdirW,kdirW,ZRbbVb,ZRbbVb,vSMZinnUw,SMfoGlBWID,J
J
vSMZinnUw,vSMZinnUw,J,SMfoGlBWID,kdirW,kdirW,ZRbbVb,ZRbbVb,vSMZinnUw,J,FFyTW
J
SMfoGlBWID
SMfoGlBWID
SMfoGlBWID
vSMZinnUw,J,vSMZinnUw,SMfoGlBWID,kdirW,ZRbbVb,vSMZinnUw,J,FFyTW
vSMZinnUw,J,vSMZinnUw,SMfoGlBWID,kdirW,ZRbbVb,vSMZinnUw,J,FFyTW
SMfoGlBWID
ZRbbVb
vSMZinnUw,J,vSMZinnUw,SMfoGlBWID,kdirW,ZRbbVb,vSMZinnUw,J,FFyTW
vSMZinnUw,J,vSMZinnUw,SMfoGlBWID,kdirW,ZRbbVb,vSMZinnUw,J
J,vSMZinnUw,SMfoGlBWID,FFyTW,vSMZinnUw,kdirW,vSMZinnUw,J,SMfoGlBWID,J
FFyTW
vSMZinnUw,J,vSMZinnUw,kdirW,vSMZinnUw,J,SMfoGlBWID,J,FFyTW
vSMZinnUw
vSMZinnUw
vSMZinnUw
vSMZinnUw
vSMZinnUw,J,SMfoGlBWID,vSMZinnUw,vSMZinnUw,J,J
SMfoGlBWID
SMfoGlBWID
vSMZinnUw,J,SMfoGlBWID,vSMZinnUw,vSMZinnUw,J,J,FFyTW
SMfoGlBWID
vSMZinnUw
vSMZinnUw
ZRbbVb
vSMZinnUw,J,vSMZinnUw,vSMZinnUw,J,SMfoGlBWID,J,ZRbbVb
vSMZinnUw
vSMZinnUw,J,vSMZinnUw,vSMZinnUw,J,J,ZRbbVb,J
vSMZinnUw
vSMZinnUw,J,vSMZinnUw,vSMZinnUw,J,J,ZRbbVb,J,vSMZinnUw
vSMZinnUw,J,vSMZinnUw,vSMZinnUw,J,J,ZRbbVb,J,vSMZinnUw
J
J
vSMZinnUw,J,vSMZinnUw,vSMZinnUw,J,J,J,vSMZinnUw,HiRYyu,FFyTW
J
vSMZinnUw,J,vSMZinnUw,vSMZinnUw,J,J,J,vSMZinnUw,HiRYyu,FFyTW
vSMZinnUw,vSMZinnUw,vSMZinnUw,J,J,J,J,vSMZinnUw,FFyTW,BvYU,J
J
vSMZinnUw,J,vSMZinnUw,vSMZinnUw,J,J,J,vSMZinnUw,HiRYyu,FFyTW,BvYU
vSMZinnUw,vSMZinnUw,vSMZinnUw,J,J,ZRbbVb,J,J,vSMZinnUw,SMfoGlBWID
J
vSMZinnUw,vSMZinnUw,vSMZinnUw,J,J,ZRbbVb,J,J,vSMZinnUw,SMfoGlBWID
vSMZinnUw,vSMZinnUw,vSMZinnUw,J,J,ZRbbVb,J,J,vSMZinnUw,SMfoGlBWID
J
vSMZinnUw
SMfoGlBWID
vSMZinnUw,J,J,J,vSMZinnUw,J,SMfoGlBWID,vSMZinnUw
vSMZinnUw,J,J,J,vSMZinnUw,J,SMfoGlBWID,vSMZinnUw
vSMZinnUw,J,J,ZRbbVb,J,vSMZinnUw,J,vSMZinnUw,SMfoGlBWID,kdirW
vSMZinnUw
vSMZinnUw,J,J,ZRbbVb,J,vSMZinnUw,J,vSMZinnUw,SMfoGlBWID
J
vSMZinnUw,J,J,ZRbbVb,J,vSMZinnUw,J,vSMZinnUw,SMfoGlBWID,ZRbbVb
vSMZinnUw,J,J,ZRbbVb,J,vSMZinnUw,J,vSMZinnUw,SMfoGlBWID,ZRbbVb
vSMZinnUw,J,J,ZRbbVb,J,vSMZinnUw,J,vSMZinnUw,SMfoGlBWID
J
vSMZinnUw,J,J,ZRbbVb,J,vSMZinnUw,J,vSMZinnUw,SMfoGlBWID
J
J
J
vSMZinnUw,J,J,J,vSMZinnUw,J,vSMZinnUw,SMfoGlBWID,kdirW,grcWhb
J
J
vSMZinnUw,J,J,ZRbbVb,J,vSMZinnUw,J,vSMZinnUw,SMfoGlBWID
J
vSMZinnUw,J,J,ZRbbVb,J,vSMZinnUw,J,vSMZinnUw,SMfoGlBWID
vSMZinnUw,J,J,ZRbbVb,J,vSMZinnUw,J,vSMZinnUw,SMfoGlBWID
J
vSMZinnUw,J,J,ZRbbVb,J,vSMZinnUw,J,vSMZinnUw,SMfoGlBWID
J
vSMZinnUw,J,J,ZRbbVb,J,vSMZinnUw,J,vSMZinnUw
vSMZinnUw,J,J,ZRbbVb,J,vSMZinnUw,J,vSMZinnUw,SMfoGlBWID
J
vSMZinnUw
J,vSMZinnUw,J,vSMZinnUw,J,vSMZinnUw,SMfoGlBWID,ZRbbVb
J,vSMZinnUw,J,vSMZinnUw,J,vSMZinnUw,SMfoGlBWID,ZRbbVb
vSMZinnUw,J,J,ZRbbVb,J,vSMZinnUw,J,vSMZinnUw,SMfoGlBWID
vSMZinnUw,J,SMfoGlBWID,J,ZRbbVb,J,vSMZinnUw,J,vSMZinnUw,J
SMfoGlBWID
ZRbbVb
vSMZinnUw,J,ZRbbVb,SMfoGlBWID,J,J,vSMZinnUw,J,vSMZinnUw,J,vSMZinnUw
ZRbbVb
vSMZinnUw,J,SMfoGlBWID,ZRbbVb,J,J,vSMZinnUw,J,vSMZinnUw,J,HiRYyu
vSMZinnUw,J,SMfoGlBWID,ZRbbVb,J,vSMZinnUw,J,vSMZinnUw,J,HiRYyu,kdirW,vSMZinnUw
vSMZinnUw,J,SMfoGlBWID,ZRbbVb,J,vSMZinnUw,J,vSMZinnUw,J,HiRYyu,kdirW,vSMZinnUw,FFyTW
vSMZinnUw,J,SMfoGlBWID,ZRbbVb,J,vSMZinnUw,J,vSMZinnUw,J,HiRYyu,kdirW,vSMZinnUw,FFyTW,J
J
vSMZinnUw,J,kdirW,SMfoGlBWID,ZRbbVb,J,vSMZinnUw,J,vSMZinnUw,J,HiRYyu,vSMZinnUw,FFyTW,J,HiRYyu,grcWhb,kdirW
J
kdirW
vSMZinnUw,J,kdirW,SMfoGlBWID,ZRbbVb,J,vSMZinnUw,J,vSMZinnUw,J,HiRYyu,vSMZinnUw,FFyTW,J,HiRYyu,grcWhb,kdirW
SMfoGlBWID
vSMZinnUw,J,SMfoGlBWID,ZRbbVb,J,vSMZinnUw,J,vSMZinnUw,J,HiRYyu,vSMZinnUw,FFyTW,J,HiRYyu,grcWhb,kdirW,J,grcWhb
vSMZinnUw,J,kdirW,SMfoGlBWID,ZRbbVb,J,vSMZinnUw,J,vSMZinnUw,J,HiRYyu,vSMZinnUw,FFyTW,J,HiRYyu,grcWhb,kdirW,SMfoGlBWID,grcWhb
ZRbbVb
J
J
vSMZinnUw,kdirW,SMfoGlBWID,J,ZRbbVb,grcWhb,J,vSMZinnUw,J,vSMZinnUw,J,HiRYyu,vSMZinnUw,FFyTW,J,HiRYyu,kdirW,SMfoGlBWID,kdirW,ZRbbVb,ZRbbVb,ZRbbVb
vSMZinnUw,kdirW,SMfoGlBWID,J,ZRbbVb,HiRYyu,grcWhb,J,vSMZinnUw,J,vSMZinnUw,J,vSMZinnUw,FFyTW,J,HiRYyu,kdirW,SMfoGlBWID,kdirW,ZRbbVb,ZRbbVb,ZRbbVb
vSMZinnUw,kdirW,SMfoGlBWID,J,ZRbbVb,HiRYyu,grcWhb,J,vSMZinnUw,J,vSMZinnUw,J,vSMZinnUw,FFyTW,J,HiRYyu,kdirW,SMfoGlBWID,kdirW,ZRbbVb,ZRbbVb,ZRbbVb,HiRYyu
ZRbbVb
J
J
vSMZinnUw,kdirW,SMfoGlBWID,J,ZRbbVb,J,vSMZinnUw,J,vSMZinnUw,J,vSMZinnUw,FFyTW,J,HiRYyu,kdirW,SMfoGlBWID,grcWhb,kdirW,ZRbbVb,ZRbbVb,grcWhb
kdirW
J
vSMZinnUw,kdirW,SMfoGlBWID,J,ZRbbVb,J,FFyTW,vSMZinnUw,J,vSMZinnUw,J,vSMZinnUw,J,HiRYyu,kdirW,SMfoGlBWID,kdirW,ZRbbVb,ZRbbVb
J
vSMZinnUw,kdirW,SMfoGlBWID,J,J,FFyTW,vSMZinnUw,J,vSMZinnUw,J,vSMZinnUw,J,HiRYyu,kdirW,SMfoGlBWID,kdirW,ZRbbVb,ZRbbVb
J
J
J
vSMZinnUw,SMfoGlBWID,J,J,FFyTW,vSMZinnUw,J,vSMZinnUw,J,vSMZinnUw,J,HiRYyu,kdirW,SMfoGlBWID,kdirW,ZRbbVb,ZRbbVb
SMfoGlBWID,J,J,FFyTW,vSMZinnUw,J,vSMZinnUw,J,vSMZinnUw,J,HiRYyu,kdirW,SMfoGlBWID,kdirW,ZRbbVb,ZRbbVb
SMfoGlBWID,J,J,FFyTW,vSMZinnUw,J,vSMZinnUw,J,vSMZinnUw,J,HiRYyu,kdirW,SMfoGlBWID,kdirW,ZRbbVb,ZRbbVb
vSMZinnUw
vSMZinnUw
vSMZinnUw
SMfoGlBWID,J,J,FFyTW,vSMZinnUw,J,vSMZinnUw,J,vSMZinnUw,J,HiRYyu,kdirW,SMfoGlBWID,kdirW,ZRbbVb,J
J
J
SMfoGlBWID,J,J,FFyTW,J,ZRbbVb,J,vSMZinnUw,J,kdirW,SMfoGlBWID,kdirW,J,HiRYyu,BvYU
ZRbbVb
Jedi Wagner, assuma o comando!