Toque! Toque, Dijê!
l
mjbZRKUtK
mjbZRKUtK
mjbZRKUtK
mjbZRKUtK,yz
mjbZRKUtK
mjbZRKUtK
mjbZRKUtK
mjbZRKUtK
mjbZRKUtK
mjbZRKUtK,mjbZRKUtK
mjbZRKUtK,mjbZRKUtK
mjbZRKUtK
mjbZRKUtK,mjbZRKUtK
mjbZRKUtK
mjbZRKUtK
mjbZRKUtK,mjbZRKUtK
mjbZRKUtK,mjbZRKUtK
mjbZRKUtK
mjbZRKUtK,mjbZRKUtK
mjbZRKUtK,mjbZRKUtK
mjbZRKUtK,mjbZRKUtK
mjbZRKUtK,mjbZRKUtK,nrLjuIxkl
mjbZRKUtK,mjbZRKUtK,nrLjuIxkl
mjbZRKUtK,mjbZRKUtK,nrLjuIxkl
mjbZRKUtK
mjbZRKUtK
mjbZRKUtK
mjbZRKUtK
mjbZRKUtK,mjbZRKUtK,nrLjuIxkl,nrLjuIxkl
mjbZRKUtK,mjbZRKUtK,nrLjuIxkl,nrLjuIxkl
nrLjuIxkl
mjbZRKUtK,mjbZRKUtK,nrLjuIxkl,nrLjuIxkl,nrLjuIxkl
mjbZRKUtK,mjbZRKUtK,nrLjuIxkl,nrLjuIxkl,nrLjuIxkl
nrLjuIxkl
nrLjuIxkl
mjbZRKUtK,mjbZRKUtK,nrLjuIxkl,nrLjuIxkl,nrLjuIxkl,O
mjbZRKUtK,mjbZRKUtK,nrLjuIxkl,nrLjuIxkl,nrLjuIxkl,O,X
mjbZRKUtK,mjbZRKUtK,nrLjuIxkl,nrLjuIxkl,nrLjuIxkl,O,X
nrLjuIxkl
nrLjuIxkl,nrLjuIxkl,l,X
nrLjuIxkl
nrLjuIxkl,nrLjuIxkl,X
mjbZRKUtK,mjbZRKUtK,nrLjuIxkl,nrLjuIxkl,nrLjuIxkl
nrLjuIxkl
mjbZRKUtK,nrLjuIxkl,yz,X,yz
nrLjuIxkl
nrLjuIxkl
nrLjuIxkl
mjbZRKUtK,nrLjuIxkl,yz,yz
mjbZRKUtK,mjbZRKUtK,nrLjuIxkl,nrLjuIxkl
mjbZRKUtK,mjbZRKUtK,nrLjuIxkl,nrLjuIxkl
nrLjuIxkl
nrLjuIxkl
mjbZRKUtK,nrLjuIxkl,nrLjuIxkl,lKA,O
nrLjuIxkl,nrLjuIxkl,lKA
nrLjuIxkl,nrLjuIxkl,lKA
nrLjuIxkl,nrLjuIxkl,lKA,nrLjuIxkl
nrLjuIxkl
nrLjuIxkl,lKA,lKA
nrLjuIxkl
lKA,lKA
nrLjuIxkl
nrLjuIxkl
nrLjuIxkl
nrLjuIxkl,nrLjuIxkl,yz,l,X
nrLjuIxkl
nrLjuIxkl,nrLjuIxkl,yz,l,X,O
nrLjuIxkl,nrLjuIxkl,yz,l,X,O,O
nrLjuIxkl
X,nrLjuIxkl,nrLjuIxkl,yz,l,O,O
nrLjuIxkl
nrLjuIxkl
nrLjuIxkl
nrLjuIxkl
nrLjuIxkl,l,nrLjuIxkl,yz,O,l,O,lKA,yz
nrLjuIxkl,l,nrLjuIxkl,yz,O,l,O,lKA,yz
nrLjuIxkl,l,nrLjuIxkl,yz,O,l,O,lKA,yz
nrLjuIxkl,l,nrLjuIxkl,yz,O,l,O,lKA,yz
nrLjuIxkl,l,nrLjuIxkl,yz,O,l,O,lKA,yz
nrLjuIxkl,l,nrLjuIxkl,yz,O,l,O,lKA,yz
nrLjuIxkl,l,nrLjuIxkl,yz,O,l,O,lKA,yz
nrLjuIxkl,l,nrLjuIxkl,yz,O,l,O,lKA,yz,yz
nrLjuIxkl,l,nrLjuIxkl,yz,O,l,O,lKA,yz,yz
yz
l,nrLjuIxkl,yz,O,l,O,lKA,yz,yz,lKA
l
nrLjuIxkl,O,yz,l,lKA,O,yz,yz,lKA,X,yz
l
nrLjuIxkl,O,yz,l,lKA,O,yz,yz,lKA,X,yz
nrLjuIxkl,O,yz,l,O,yz,yz,lKA,yz,mjbZRKUtK,lKA
nrLjuIxkl,O,yz,l,O,yz,yz,lKA,yz,mjbZRKUtK,lKA
O,l,O,yz,nrLjuIxkl,yz,yz,lKA,yz,lKA
yz
yz
yz
O
l,O,yz,yz,lKA,O,yz,yz,lKA
O,O,yz,yz,l,yz,lKA,yz,lKA,nrLjuIxkl
yz
l,yz,yz,O,yz,lKA,yz,lKA,nrLjuIxkl
yz,yz,X,yz,lKA,yz,lKA,nrLjuIxkl,yz,l,lKA
yz,yz,X,yz,lKA,yz,lKA,nrLjuIxkl,yz,l,lKA
X
X
X,yz,yz,yz,lKA,yz,lKA,nrLjuIxkl,yz,l,lKA,X,lKA
Jedi Wagner, assuma o comando!