[vazia]
Toque! Toque, Dijê!
[vazia]
xjZbcQ
xjZbcQ
[vazia]
Toque! Toque, Dijê!
[vazia]
Toque! Toque, Dijê!
Toque! Toque, Dijê!
Toque! Toque, Dijê!
[vazia]
[vazia]
b
b
b,Z,KKrIjbLsL
b
b
Toque! Toque, Dijê!
Toque! Toque, Dijê!
Toque! Toque, Dijê!
Z
Z,fkQmrh
Z,fkQmrh,fkQmrh,qseBPOu
Z,fkQmrh,fkQmrh,qseBPOu
fkQmrh
fkQmrh
Z,fkQmrh,fkQmrh
fkQmrh
Z
Z,fkQmrh,fkQmrh
fkQmrh,fkQmrh
fkQmrh,fkQmrh,fkQmrh,b
fkQmrh,fkQmrh,fkQmrh,b
fkQmrh
fkQmrh
fkQmrh,fkQmrh,fkQmrh,Z,KKrIjbLsL
fkQmrh,fkQmrh,fkQmrh,Z,KKrIjbLsL
fkQmrh,fkQmrh,fkQmrh,Z,KKrIjbLsL
fkQmrh,fkQmrh,fkQmrh,Z,KKrIjbLsL
fkQmrh
fkQmrh,fkQmrh,fkQmrh,Z,KKrIjbLsL
fkQmrh
fkQmrh
fkQmrh
fkQmrh
fkQmrh,fkQmrh,fkQmrh,Z,fkQmrh
fkQmrh,fkQmrh,fkQmrh,Z,fkQmrh
KKrIjbLsL
fkQmrh,fkQmrh,KKrIjbLsL,fkQmrh,Z
KKrIjbLsL
fkQmrh,KKrIjbLsL,fkQmrh,Z,KKrIjbLsL
Z
fkQmrh,KKrIjbLsL,fkQmrh,Z,KKrIjbLsL
Z
fkQmrh,KKrIjbLsL,fkQmrh,Z,KKrIjbLsL
fkQmrh,KKrIjbLsL,fkQmrh,Z,KKrIjbLsL
fkQmrh,KKrIjbLsL,fkQmrh,KKrIjbLsL
fkQmrh,KKrIjbLsL,fkQmrh,Z,KKrIjbLsL
fkQmrh,KKrIjbLsL,fkQmrh,Z,KKrIjbLsL,b
fkQmrh,KKrIjbLsL,fkQmrh,Z,KKrIjbLsL,b
fkQmrh,KKrIjbLsL,fkQmrh,Z,KKrIjbLsL,b
fkQmrh,KKrIjbLsL,fkQmrh,Z,KKrIjbLsL,b
fkQmrh,KKrIjbLsL,fkQmrh,KKrIjbLsL,b,qseBPOu
b
fkQmrh,KKrIjbLsL,fkQmrh,KKrIjbLsL,b,qseBPOu
b
fkQmrh,fkQmrh,KKrIjbLsL,b,qseBPOu,KKrIjbLsL
b
b
fkQmrh,fkQmrh,KKrIjbLsL,b,qseBPOu,KKrIjbLsL,qseBPOu,xjZbcQ
fkQmrh,fkQmrh,KKrIjbLsL,b,qseBPOu,KKrIjbLsL,qseBPOu,xjZbcQ
qseBPOu
qseBPOu
qseBPOu
qseBPOu
fkQmrh,fkQmrh,KKrIjbLsL,b,qseBPOu,KKrIjbLsL,qseBPOu
fkQmrh,fkQmrh,KKrIjbLsL,b,qseBPOu,KKrIjbLsL,qseBPOu
KKrIjbLsL
fkQmrh,KKrIjbLsL,b,qseBPOu,KKrIjbLsL,qseBPOu
fkQmrh,KKrIjbLsL,b,qseBPOu,KKrIjbLsL,qseBPOu,qseBPOu
fkQmrh,KKrIjbLsL,b,qseBPOu,KKrIjbLsL,qseBPOu,qseBPOu
fkQmrh,KKrIjbLsL,b,qseBPOu,KKrIjbLsL,qseBPOu,KKrIjbLsL
KKrIjbLsL
fkQmrh,KKrIjbLsL,b,qseBPOu,KKrIjbLsL,qseBPOu,KKrIjbLsL
fkQmrh,KKrIjbLsL,b,qseBPOu,KKrIjbLsL,qseBPOu,KKrIjbLsL,gWDMpqLNMs
KKrIjbLsL
KKrIjbLsL,b,qseBPOu,KKrIjbLsL,qseBPOu,KKrIjbLsL,gWDMpqLNMs
qseBPOu
KKrIjbLsL,b,KKrIjbLsL,qseBPOu,qseBPOu,KKrIjbLsL,gWDMpqLNMs,b,gWDMpqLNMs
b
b
gWDMpqLNMs
KKrIjbLsL,b,KKrIjbLsL,qseBPOu,gWDMpqLNMs,qseBPOu,KKrIjbLsL
gWDMpqLNMs
qseBPOu
KKrIjbLsL,b,KKrIjbLsL,qseBPOu,qseBPOu,KKrIjbLsL,gWDMpqLNMs
KKrIjbLsL,b,KKrIjbLsL,qseBPOu,qseBPOu,KKrIjbLsL,gWDMpqLNMs,fkQmrh
KKrIjbLsL,b,KKrIjbLsL,qseBPOu,qseBPOu,KKrIjbLsL,gWDMpqLNMs,fkQmrh
fkQmrh
qseBPOu
KKrIjbLsL,b,KKrIjbLsL,qseBPOu,fkQmrh,qseBPOu,KKrIjbLsL,gWDMpqLNMs
qseBPOu
qseBPOu
b,KKrIjbLsL,qseBPOu,fkQmrh,qseBPOu,KKrIjbLsL,KKrIjbLsL,gWDMpqLNMs
KKrIjbLsL,b,KKrIjbLsL,qseBPOu,fkQmrh,qseBPOu,KKrIjbLsL,gWDMpqLNMs
KKrIjbLsL,b,KKrIjbLsL,fkQmrh,qseBPOu,KKrIjbLsL,gWDMpqLNMs
KKrIjbLsL
KKrIjbLsL,b,KKrIjbLsL,fkQmrh,KKrIjbLsL,gWDMpqLNMs
KKrIjbLsL
KKrIjbLsL
KKrIjbLsL
b
gWDMpqLNMs
KKrIjbLsL,KKrIjbLsL,qseBPOu,fkQmrh,qseBPOu,KKrIjbLsL,gWDMpqLNMs,b,KKrIjbLsL
KKrIjbLsL,KKrIjbLsL,qseBPOu,fkQmrh,qseBPOu,KKrIjbLsL,gWDMpqLNMs,b,KKrIjbLsL
KKrIjbLsL,KKrIjbLsL,KKrIjbLsL,gWDMpqLNMs,qseBPOu,KKrIjbLsL,xjZbcQ,qseBPOu
KKrIjbLsL,KKrIjbLsL,KKrIjbLsL,gWDMpqLNMs,qseBPOu,KKrIjbLsL,xjZbcQ
gWDMpqLNMs
KKrIjbLsL,KKrIjbLsL,qseBPOu,KKrIjbLsL,fkQmrh,gWDMpqLNMs,KKrIjbLsL,xjZbcQ,gWDMpqLNMs
KKrIjbLsL,KKrIjbLsL,qseBPOu,KKrIjbLsL,fkQmrh,gWDMpqLNMs,KKrIjbLsL,xjZbcQ,gWDMpqLNMs
KKrIjbLsL,KKrIjbLsL,qseBPOu,KKrIjbLsL,fkQmrh,KKrIjbLsL,xjZbcQ,gWDMpqLNMs
KKrIjbLsL,KKrIjbLsL,qseBPOu,KKrIjbLsL,fkQmrh,KKrIjbLsL,xjZbcQ,gWDMpqLNMs
KKrIjbLsL
KKrIjbLsL,KKrIjbLsL,qseBPOu,KKrIjbLsL,KKrIjbLsL,xjZbcQ,gWDMpqLNMs,fkQmrh
KKrIjbLsL,KKrIjbLsL,KKrIjbLsL,KKrIjbLsL,qseBPOu,xjZbcQ,gWDMpqLNMs,fkQmrh,b
qseBPOu
b
KKrIjbLsL
KKrIjbLsL,KKrIjbLsL,KKrIjbLsL,qseBPOu,xjZbcQ,b,KKrIjbLsL,KKrIjbLsL
KKrIjbLsL
KKrIjbLsL
KKrIjbLsL,KKrIjbLsL,KKrIjbLsL,qseBPOu,xjZbcQ,b,KKrIjbLsL,KKrIjbLsL,qseBPOu,Z
KKrIjbLsL
KKrIjbLsL,Z,KKrIjbLsL,qseBPOu,xjZbcQ,b,KKrIjbLsL,KKrIjbLsL,qseBPOu,gWDMpqLNMs
KKrIjbLsL
Z,KKrIjbLsL,KKrIjbLsL,qseBPOu,xjZbcQ,b,KKrIjbLsL,KKrIjbLsL,qseBPOu,gWDMpqLNMs
Z,KKrIjbLsL,KKrIjbLsL,qseBPOu,xjZbcQ,b,KKrIjbLsL,KKrIjbLsL,qseBPOu,gWDMpqLNMs
KKrIjbLsL,Z,KKrIjbLsL,qseBPOu,xjZbcQ,b,KKrIjbLsL,KKrIjbLsL,qseBPOu,gWDMpqLNMs
KKrIjbLsL
qseBPOu
qseBPOu
qseBPOu
qseBPOu
qseBPOu
KKrIjbLsL,KKrIjbLsL,qseBPOu,b,KKrIjbLsL,KKrIjbLsL,qseBPOu,fkQmrh
KKrIjbLsL,KKrIjbLsL,qseBPOu,b,KKrIjbLsL,KKrIjbLsL,qseBPOu,fkQmrh
KKrIjbLsL,KKrIjbLsL,qseBPOu,b,KKrIjbLsL,KKrIjbLsL,qseBPOu,fkQmrh
qseBPOu
qseBPOu
KKrIjbLsL,KKrIjbLsL,qseBPOu,b,KKrIjbLsL,KKrIjbLsL,qseBPOu,fkQmrh
KKrIjbLsL,KKrIjbLsL,qseBPOu,b,KKrIjbLsL,KKrIjbLsL,qseBPOu,fkQmrh,xjZbcQ
b
b
KKrIjbLsL,KKrIjbLsL,qseBPOu,b,KKrIjbLsL,KKrIjbLsL,qseBPOu,fkQmrh,xjZbcQ,Z
Z,KKrIjbLsL,KKrIjbLsL,qseBPOu,b,KKrIjbLsL,KKrIjbLsL,qseBPOu
Z,KKrIjbLsL,KKrIjbLsL,qseBPOu,b,KKrIjbLsL,KKrIjbLsL,qseBPOu,b
Z,KKrIjbLsL,KKrIjbLsL,qseBPOu,b,KKrIjbLsL,KKrIjbLsL,qseBPOu,b
qseBPOu
Z,KKrIjbLsL,KKrIjbLsL,qseBPOu,b,KKrIjbLsL,KKrIjbLsL,qseBPOu
qseBPOu
qseBPOu
qseBPOu
qseBPOu
KKrIjbLsL,KKrIjbLsL,qseBPOu,b,KKrIjbLsL,KKrIjbLsL,qseBPOu,gWDMpqLNMs,xjZbcQ
KKrIjbLsL,KKrIjbLsL,qseBPOu,b,KKrIjbLsL,KKrIjbLsL,qseBPOu,gWDMpqLNMs,xjZbcQ
KKrIjbLsL,KKrIjbLsL,qseBPOu,b,KKrIjbLsL,KKrIjbLsL,qseBPOu,gWDMpqLNMs,xjZbcQ
KKrIjbLsL,KKrIjbLsL,qseBPOu,b,KKrIjbLsL,KKrIjbLsL,qseBPOu,gWDMpqLNMs,xjZbcQ,gWDMpqLNMs,qseBPOu
KKrIjbLsL,KKrIjbLsL,qseBPOu,b,KKrIjbLsL,KKrIjbLsL,qseBPOu,gWDMpqLNMs,xjZbcQ,gWDMpqLNMs,fkQmrh
Jedi Wagner, assuma o comando!