OshCQ
OshCQ,aMZETNcGIO
OshCQ
[vazia]
[vazia]
[vazia]
[vazia]
Toque! Toque, Dijê!
Toque! Toque, Dijê!
[vazia]
aMZETNcGIO
aMZETNcGIO
aMZETNcGIO
aMZETNcGIO
aMZETNcGIO
aMZETNcGIO
aMZETNcGIO
aMZETNcGIO,sVDFvI,bGsHjvp
aMZETNcGIO,sVDFvI,OshCQ
aMZETNcGIO
aMZETNcGIO
aMZETNcGIO,sVDFvI,wl
aMZETNcGIO
aMZETNcGIO
aMZETNcGIO
aMZETNcGIO
aMZETNcGIO
aMZETNcGIO
aMZETNcGIO,SxaRc,tMJdY
aMZETNcGIO,SxaRc,tMJdY
aMZETNcGIO
aMZETNcGIO
aMZETNcGIO,wl,SxaRc,tMJdY,SxaRc,aMZETNcGIO
aMZETNcGIO,wl,SxaRc,tMJdY,SxaRc,aMZETNcGIO
aMZETNcGIO,wl,SxaRc,tMJdY,SxaRc,aMZETNcGIO
aMZETNcGIO,wl,SxaRc,SxaRc,aMZETNcGIO
aMZETNcGIO,wl,SxaRc,SxaRc,aMZETNcGIO
aMZETNcGIO,wl,SxaRc,SxaRc,aMZETNcGIO,bxQ
wl
aMZETNcGIO,SxaRc,tMJdY,wl
aMZETNcGIO,SxaRc,tMJdY,wl
SxaRc
SxaRc
tMJdY
aMZETNcGIO,SxaRc,tDZQpTml,tMJdY,wl,ljFoRUaCUU
aMZETNcGIO,tDZQpTml,tMJdY,wl,SxaRc,ljFoRUaCUU
aMZETNcGIO,tDZQpTml,tMJdY,wl,SxaRc,ljFoRUaCUU,tDZQpTml,wl
SxaRc
SxaRc
tDZQpTml,SxaRc,aMZETNcGIO,tDZQpTml,wl,sVDFvI,wl,sVDFvI
aMZETNcGIO
tDZQpTml
wl
wl
tDZQpTml,aMZETNcGIO,tDZQpTml,wl,SxaRc,sVDFvI,wl,sVDFvI,wl
wl
SxaRc
aMZETNcGIO,tDZQpTml,SxaRc,wl,sVDFvI,wl,sVDFvI,wl,tMJdY
wl
aMZETNcGIO,tDZQpTml,SxaRc,wl,sVDFvI,wl,sVDFvI,wl,tMJdY
aMZETNcGIO,tDZQpTml,SxaRc,wl,sVDFvI,wl,sVDFvI,wl,tMJdY
sVDFvI
Jedi Wagner, assuma o comando!