ohTxjKiBxl
ohTxjKiBxl,Fww
ohTxjKiBxl,Fww,Fww
ohTxjKiBxl,Fww,Fww
ohTxjKiBxl,Fww,Fww
ohTxjKiBxl,Fww
ohTxjKiBxl,Fww
Fww
ohTxjKiBxl,Fww
ohTxjKiBxl,Fww,geyZPEDa,ohTxjKiBxl
ohTxjKiBxl,Fww,geyZPEDa,ohTxjKiBxl
Fww
ohTxjKiBxl,Fww,geyZPEDa,ohTxjKiBxl,GnzZaFiLX,ilC
ohTxjKiBxl
ohTxjKiBxl,Fww,geyZPEDa,ohTxjKiBxl,GnzZaFiLX,ilC
ohTxjKiBxl,Fww,geyZPEDa,ohTxjKiBxl,GnzZaFiLX,ilC,ilC
ohTxjKiBxl
ohTxjKiBxl
ohTxjKiBxl
ohTxjKiBxl,Fww,geyZPEDa,ohTxjKiBxl,GnzZaFiLX,ilC,ilC,UxxRcF,GnzZaFiLX
ohTxjKiBxl,Fww,geyZPEDa,ohTxjKiBxl,GnzZaFiLX,ilC,UxxRcF,UxxRcF
ohTxjKiBxl
ohTxjKiBxl
ohTxjKiBxl
ohTxjKiBxl,Fww,geyZPEDa,ohTxjKiBxl,ilC,UxxRcF,UxxRcF,UxxRcF,J
ohTxjKiBxl,Fww,geyZPEDa,ohTxjKiBxl,GnzZaFiLX,ilC
ohTxjKiBxl
Fww,geyZPEDa,ohTxjKiBxl,GnzZaFiLX,ilC
Fww,geyZPEDa,ohTxjKiBxl,ilC,GnzZaFiLX
ilC
GnzZaFiLX
geyZPEDa,GnzZaFiLX,Fww,ilC,GnzZaFiLX,geyZPEDa,ilC,ilZPDknIZy,ohTxjKiBxl,ilZPDknIZy,Fww
geyZPEDa,GnzZaFiLX,Fww,ilC,GnzZaFiLX,geyZPEDa,ilC,ohTxjKiBxl,ilZPDknIZy,Fww
geyZPEDa,GnzZaFiLX,Fww,ilC,GnzZaFiLX,geyZPEDa,ilC,ohTxjKiBxl,ilZPDknIZy,Fww
geyZPEDa,GnzZaFiLX,Fww,ilC,GnzZaFiLX,geyZPEDa,ilC,ohTxjKiBxl,ilZPDknIZy,Fww,ilC
GnzZaFiLX,Fww,ilC,GnzZaFiLX,geyZPEDa,ilC,ohTxjKiBxl,ilZPDknIZy,Fww,ilC
Fww
GnzZaFiLX,Fww,ilC,GnzZaFiLX,geyZPEDa,ilC,ohTxjKiBxl,ilZPDknIZy,Fww,ilC
GnzZaFiLX,Fww,ilC,GnzZaFiLX,geyZPEDa,ilC,ohTxjKiBxl,ilZPDknIZy,Fww,ilC
Fww
geyZPEDa,GnzZaFiLX,Fww,ilC,GnzZaFiLX,geyZPEDa,ilC,ohTxjKiBxl,ilZPDknIZy,Fww,ilC
GnzZaFiLX,ohTxjKiBxl,geyZPEDa,Fww,ilC,GnzZaFiLX,geyZPEDa,ilC,Fww,ilC,geyZPEDa
GnzZaFiLX,ohTxjKiBxl,geyZPEDa,Fww,ilC,GnzZaFiLX,geyZPEDa,ilC,Fww,ilC,geyZPEDa
geyZPEDa
ohTxjKiBxl,geyZPEDa,Fww,GnzZaFiLX,geyZPEDa,ilC,Fww,ilC,geyZPEDa,UxxRcF,hknkcoFl
geyZPEDa
ohTxjKiBxl,geyZPEDa,Fww,geyZPEDa,ilC,Fww,ilC,geyZPEDa,UxxRcF,hknkcoFl,ilC
ohTxjKiBxl,geyZPEDa,Fww,geyZPEDa,ilC,Fww,ilC,geyZPEDa,UxxRcF,hknkcoFl,ilC
geyZPEDa
Fww
ohTxjKiBxl,geyZPEDa,ohTxjKiBxl,Fww,GnzZaFiLX,ilC,ilC
ohTxjKiBxl
ohTxjKiBxl
ohTxjKiBxl,geyZPEDa,ohTxjKiBxl,Fww,GnzZaFiLX,ilC
ohTxjKiBxl,Fww,geyZPEDa,ohTxjKiBxl,GnzZaFiLX,UxxRcF
ohTxjKiBxl,Fww,geyZPEDa,ohTxjKiBxl,GnzZaFiLX,ilC,geyZPEDa
ohTxjKiBxl,Fww,geyZPEDa,ohTxjKiBxl,GnzZaFiLX,ilC,geyZPEDa
ohTxjKiBxl,Fww,geyZPEDa,ohTxjKiBxl,GnzZaFiLX,ilC,geyZPEDa
ohTxjKiBxl
ohTxjKiBxl,Fww,geyZPEDa,ohTxjKiBxl,GnzZaFiLX,ilC,geyZPEDa
ohTxjKiBxl,Fww,geyZPEDa,ohTxjKiBxl,GnzZaFiLX,ilC,geyZPEDa,GnzZaFiLX
ohTxjKiBxl
Jedi Wagner, assuma o comando!