Toque! Toque, Dijê!
bBwtXO
[vazia]
Toque! Toque, Dijê!
Toque! Toque, Dijê!
Toque! Toque, Dijê!
Toque! Toque, Dijê!
LsBycHK
Toque! Toque, Dijê!
Toque! Toque, Dijê!
[vazia]
qKSYCU
Toque! Toque, Dijê!
[vazia]
[vazia]
[vazia]
Toque! Toque, Dijê!
[vazia]
LsBycHK,PZxpv,FXzPISf
LsBycHK,PZxpv,bBwtXO,FXzPISf
LsBycHK,PZxpv,FXzPISf,Svgg
LsBycHK,PZxpv,FXzPISf,Svgg
FXzPISf
LsBycHK,FXzPISf,PZxpv,Svgg
LsBycHK,FXzPISf,PZxpv,Svgg
FXzPISf,PZxpv,Svgg,LsBycHK,FXzPISf
Svgg
Svgg
LsBycHK,FXzPISf,PZxpv,Svgg,sEO,PZxpv
Svgg
Svgg
LsBycHK,PZxpv,sEO,PZxpv
LsBycHK,PZxpv,sEO,PZxpv
LsBycHK,PZxpv,sEO,PZxpv
PZxpv,sEO,PZxpv,TKsR,TKsR
PZxpv,sEO,PZxpv,TKsR,TKsR
PZxpv,PZxpv,TKsR,TKsR
PZxpv,sEO,PZxpv,TKsR,TKsR
PZxpv,sEO,PZxpv,TKsR,TKsR
PZxpv
PZxpv,PZxpv,sEO,TKsR,TKsR,TKsR,Svgg
sEO
PZxpv,PZxpv,sEO,TKsR,TKsR,TKsR,Svgg,sEO
sEO
TKsR
TKsR
PZxpv,PZxpv,sEO,TKsR,TKsR,TKsR,Svgg,sEO
TKsR
PZxpv,sEO,TKsR,TKsR,TKsR,Svgg,sEO
TKsR
TKsR
TKsR
TKsR
PZxpv,PZxpv,sEO,TKsR,TKsR,TKsR,Svgg,sEO
TKsR
PZxpv
TKsR
sEO
PZxpv,PZxpv,sEO,TKsR,TKsR,TKsR,Svgg,sEO
TKsR
sEO
PZxpv,PZxpv,sEO,TKsR,TKsR,TKsR,Svgg,sEO
TKsR
TKsR
TKsR
TKsR
TKsR
PZxpv,PZxpv,sEO,TKsR,TKsR,TKsR,sEO,PZxpv,sEO
PZxpv,PZxpv,sEO,TKsR,TKsR,TKsR,sEO,PZxpv,sEO
PZxpv,PZxpv,sEO,TKsR,TKsR,TKsR,sEO,PZxpv,sEO
PZxpv,sEO,TKsR,TKsR,TKsR,sEO,PZxpv,sEO
sEO
Jedi Wagner, assuma o comando!