Toque! Toque, Dijê!
Toque! Toque, Dijê!
SQdScRSre
SQdScRSre
SQdScRSre,hmPm,FaH
SQdScRSre,hmPm,FaH
SQdScRSre,hmPm,FaH
hmPm
SQdScRSre,hmPm,FaH,x,FaH,x,CBkMiPUXN
SQdScRSre,x,hmPm,FaH,FaH,x,CBkMiPUXN,wH
hmPm
SQdScRSre,x,hmPm,FaH,FaH,x,CBkMiPUXN,wH
hmPm,FaH,SQdScRSre,x,FaH,x,CBkMiPUXN,wH,SQdScRSre
SQdScRSre
hmPm,SQdScRSre,FaH,x,x,wH,wH,wH,SQdScRSre
x
hmPm,SQdScRSre,FaH,x,x,wH,wH,wH,SQdScRSre
hmPm,SQdScRSre,FaH,x,x,wH,wH,wH,SQdScRSre
x
x
x
hmPm,SQdScRSre,FaH,x,x,wH,wH,wH,SQdScRSre,N
Jedi Wagner, assuma o comando!