[vazia]
lxozEyZCT,lxozEyZCT
lxozEyZCT
lxozEyZCT
lxozEyZCT
lxozEyZCT
[vazia]
[vazia]
NJwWx
NJwWx,lxozEyZCT,lxozEyZCT,DuOCqoY,jqE,ubCCzXefeV
NJwWx,lxozEyZCT,lxozEyZCT,DuOCqoY,jqE,ubCCzXefeV
NJwWx
NJwWx
NJwWx
NJwWx
NJwWx
NJwWx
NJwWx
NJwWx
NJwWx
NJwWx
NJwWx
NJwWx
NJwWx,DuOCqoY
NJwWx
NJwWx
NJwWx
NJwWx
NJwWx
NJwWx
NJwWx,lxozEyZCT
lxozEyZCT
lxozEyZCT
NJwWx,lxozEyZCT
NJwWx,lxozEyZCT
lxozEyZCT
lxozEyZCT
NJwWx,lxozEyZCT
lxozEyZCT
lxozEyZCT
lxozEyZCT
lxozEyZCT
lxozEyZCT,lxozEyZCT
lxozEyZCT
NJwWx
NJwWx
NJwWx,lxozEyZCT,ubCCzXefeV
lxozEyZCT
lxozEyZCT
lxozEyZCT
lxozEyZCT
NJwWx,lxozEyZCT,jqE,jqE
lxozEyZCT
lxozEyZCT
NJwWx,lxozEyZCT,ubCCzXefeV
NJwWx,lxozEyZCT,ubCCzXefeV
jqE
jqE
NJwWx,lxozEyZCT,jqE,ubCCzXefeV,Itvex,lxozEyZCT,ubCCzXefeV,NJwWx
Itvex
NJwWx,lxozEyZCT,Itvex,ubCCzXefeV,lxozEyZCT,ubCCzXefeV,NJwWx,Itvex,Itvex,DuOCqoY
NJwWx,lxozEyZCT,ubCCzXefeV,Itvex,lxozEyZCT,ubCCzXefeV,NJwWx,Itvex,Itvex,Itvex
ubCCzXefeV
ubCCzXefeV
ubCCzXefeV
NJwWx,lxozEyZCT,ubCCzXefeV,Itvex,lxozEyZCT,ubCCzXefeV,NJwWx,Itvex,Itvex,Itvex
NJwWx,lxozEyZCT,ubCCzXefeV,Itvex,lxozEyZCT,ubCCzXefeV,NJwWx,Itvex,Itvex,Itvex
ubCCzXefeV
Itvex
NJwWx,lxozEyZCT,ubCCzXefeV,Itvex,lxozEyZCT,ubCCzXefeV,NJwWx,Itvex,Itvex,Itvex,NJwWx
NJwWx,lxozEyZCT,Itvex,lxozEyZCT,ubCCzXefeV,NJwWx,Itvex,Itvex,Itvex,NJwWx
lxozEyZCT,Itvex,NJwWx,lxozEyZCT,ubCCzXefeV,NJwWx,Itvex,Itvex,Itvex,NJwWx
NJwWx,lxozEyZCT,ubCCzXefeV,Itvex,lxozEyZCT,ubCCzXefeV,NJwWx,Itvex,Itvex,Itvex,NJwWx
Itvex
lxozEyZCT,ubCCzXefeV,Itvex,NJwWx,lxozEyZCT,ubCCzXefeV,NJwWx,Itvex,Itvex,Itvex,NJwWx,lxozEyZCT
lxozEyZCT,ubCCzXefeV,Itvex,NJwWx,lxozEyZCT,ubCCzXefeV,NJwWx,Itvex,Itvex,Itvex,NJwWx,lxozEyZCT
lxozEyZCT,ubCCzXefeV,Itvex,NJwWx,lxozEyZCT,ubCCzXefeV,NJwWx,Itvex,Itvex,Itvex,NJwWx,lxozEyZCT
lxozEyZCT,ubCCzXefeV,Itvex,NJwWx,lxozEyZCT,ubCCzXefeV,NJwWx,Itvex,Itvex,Itvex,NJwWx,lxozEyZCT
lxozEyZCT
lxozEyZCT
lxozEyZCT
lxozEyZCT
NJwWx
NJwWx
lxozEyZCT,ubCCzXefeV,NJwWx,lxozEyZCT,ubCCzXefeV,NJwWx,Itvex,Itvex,Itvex,NJwWx,lxozEyZCT,Itvex,NJwWx
NJwWx
lxozEyZCT,ubCCzXefeV,NJwWx,lxozEyZCT,ubCCzXefeV,NJwWx,Itvex,Itvex,Itvex,NJwWx,lxozEyZCT,Itvex,NJwWx,jqE,DuOCqoY
lxozEyZCT,ubCCzXefeV,NJwWx,lxozEyZCT,ubCCzXefeV,NJwWx,Itvex,Itvex,Itvex,NJwWx,lxozEyZCT,Itvex,NJwWx,jqE,DuOCqoY,jqE
lxozEyZCT,ubCCzXefeV,NJwWx,lxozEyZCT,ubCCzXefeV,NJwWx,Itvex,Itvex,Itvex,NJwWx,lxozEyZCT,Itvex,NJwWx,jqE,DuOCqoY,jqE
Itvex
lxozEyZCT,ubCCzXefeV,NJwWx,lxozEyZCT,ubCCzXefeV,NJwWx,Itvex,Itvex,Itvex,NJwWx,lxozEyZCT,Itvex,NJwWx,jqE,DuOCqoY,jqE
lxozEyZCT,ubCCzXefeV,NJwWx,lxozEyZCT,ubCCzXefeV,NJwWx,Itvex,Itvex,Itvex,NJwWx,lxozEyZCT,Itvex,NJwWx,jqE,DuOCqoY,jqE
Itvex
lxozEyZCT,ubCCzXefeV,NJwWx,lxozEyZCT,ubCCzXefeV,NJwWx,Itvex,Itvex,Itvex,NJwWx,lxozEyZCT,Itvex,NJwWx,jqE,DuOCqoY,jqE
lxozEyZCT,ubCCzXefeV,NJwWx,lxozEyZCT,ubCCzXefeV,NJwWx,Itvex,Itvex,Itvex,NJwWx,lxozEyZCT,Itvex,NJwWx,jqE,DuOCqoY,jqE
lxozEyZCT,ubCCzXefeV,NJwWx,lxozEyZCT,ubCCzXefeV,NJwWx,Itvex,Itvex,Itvex,NJwWx,lxozEyZCT,Itvex,NJwWx,jqE,DuOCqoY,jqE
NJwWx
NJwWx
NJwWx
lxozEyZCT,ubCCzXefeV,lxozEyZCT,ubCCzXefeV,NJwWx,Itvex,Itvex,NJwWx,NJwWx,lxozEyZCT,Itvex,NJwWx,jqE,DuOCqoY,jqE,ubCCzXefeV
lxozEyZCT,ubCCzXefeV,lxozEyZCT,ubCCzXefeV,NJwWx,Itvex,Itvex,NJwWx,NJwWx,lxozEyZCT,Itvex,NJwWx,jqE,DuOCqoY,jqE,ubCCzXefeV
NJwWx
lxozEyZCT,ubCCzXefeV,lxozEyZCT,ubCCzXefeV,NJwWx,Itvex,Itvex,NJwWx,NJwWx,lxozEyZCT,Itvex,NJwWx,DuOCqoY,jqE,ubCCzXefeV
NJwWx
jqE
lxozEyZCT,ubCCzXefeV,lxozEyZCT,ubCCzXefeV,NJwWx,Itvex,Itvex,NJwWx,jqE,NJwWx,lxozEyZCT,Itvex,NJwWx,DuOCqoY,ubCCzXefeV,DuOCqoY,Itvex
jqE
ubCCzXefeV,ubCCzXefeV,NJwWx,Itvex,NJwWx,NJwWx,lxozEyZCT,lxozEyZCT,lxozEyZCT,Itvex,NJwWx,DuOCqoY,jqE,ubCCzXefeV,DuOCqoY,DuOCqoY
ubCCzXefeV
ubCCzXefeV,NJwWx,Itvex,NJwWx,NJwWx,lxozEyZCT,lxozEyZCT,ubCCzXefeV,lxozEyZCT,Itvex,NJwWx,DuOCqoY,jqE,ubCCzXefeV,DuOCqoY,DuOCqoY
ubCCzXefeV
ubCCzXefeV,NJwWx,Itvex,NJwWx,NJwWx,ubCCzXefeV,lxozEyZCT,lxozEyZCT,lxozEyZCT,Itvex,NJwWx,jqE,ubCCzXefeV,DuOCqoY,DuOCqoY,ubCCzXefeV
ubCCzXefeV,NJwWx,Itvex,NJwWx,NJwWx,ubCCzXefeV,lxozEyZCT,lxozEyZCT,lxozEyZCT,Itvex,NJwWx,jqE,ubCCzXefeV,DuOCqoY,DuOCqoY,ubCCzXefeV,DuOCqoY
ubCCzXefeV,NJwWx,Itvex,NJwWx,NJwWx,ubCCzXefeV,lxozEyZCT,lxozEyZCT,lxozEyZCT,Itvex,NJwWx,jqE,ubCCzXefeV,DuOCqoY,DuOCqoY,ubCCzXefeV,DuOCqoY
Itvex
lxozEyZCT,NJwWx,Itvex,Itvex,NJwWx,NJwWx,ubCCzXefeV,lxozEyZCT,Itvex,NJwWx,jqE,ubCCzXefeV,DuOCqoY
lxozEyZCT,NJwWx,Itvex,Itvex,NJwWx,NJwWx,ubCCzXefeV,lxozEyZCT,Itvex,NJwWx,jqE,ubCCzXefeV,DuOCqoY,lxozEyZCT,ubCCzXefeV
NJwWx
lxozEyZCT
lxozEyZCT
lxozEyZCT
Itvex,NJwWx,NJwWx,ubCCzXefeV,NJwWx,lxozEyZCT,lxozEyZCT,Itvex,NJwWx,ubCCzXefeV,lxozEyZCT,ubCCzXefeV,Itvex
lxozEyZCT
Itvex,NJwWx,NJwWx,NJwWx,lxozEyZCT,lxozEyZCT,Itvex,NJwWx,ubCCzXefeV,lxozEyZCT,ubCCzXefeV,Itvex
Jedi Wagner, assuma o comando!