Toque! Toque, Dijê!
[vazia]
ikBTpMFs
ikBTpMFs
ikBTpMFs
ikBTpMFs
ikBTpMFs
ikBTpMFs
ikBTpMFs,jck
ikBTpMFs,jck
ikBTpMFs
jck,ikBTpMFs
jck
jck
Toque! Toque, Dijê!
Toque! Toque, Dijê!
Toque! Toque, Dijê!
jck
U
U
ikBTpMFs
ikBTpMFs
ikBTpMFs
ikBTpMFs,jck,ikBTpMFs
ikBTpMFs,jck,ikBTpMFs
ikBTpMFs
ikBTpMFs,jck,ikBTpMFs
ikBTpMFs,jck,ikBTpMFs
ikBTpMFs
ikBTpMFs,jck,ikBTpMFs,ikBTpMFs
ikBTpMFs,jck,ikBTpMFs,ikBTpMFs
ikBTpMFs
ikBTpMFs
ikBTpMFs
ikBTpMFs,jck,ikBTpMFs,ikBTpMFs,jck
ikBTpMFs
jck,U,jck
U
ikBTpMFs
jck
ikBTpMFs,ikBTpMFs,jck,jck,jck
jck
jck
ikBTpMFs
ikBTpMFs
ikBTpMFs
ikBTpMFs,ikBTpMFs,jck,jck
ikBTpMFs,ikBTpMFs,jck,jck
ikBTpMFs,ikBTpMFs,jck,jck
ikBTpMFs
ikBTpMFs
jck
ikBTpMFs,ikBTpMFs,jck,ikBTpMFs,jck,jck
jck
ikBTpMFs,ikBTpMFs,jck,ikBTpMFs,jck,jck
jck
ikBTpMFs,ikBTpMFs,ikBTpMFs,jck,jck,U,jck,ikBTpMFs,ikBTpMFs
ikBTpMFs,ikBTpMFs,ikBTpMFs,jck,jck,U,jck,ikBTpMFs,ikBTpMFs
ikBTpMFs,ikBTpMFs,ikBTpMFs,jck,jck,U,jck,ikBTpMFs,ikBTpMFs
ikBTpMFs,ikBTpMFs,ikBTpMFs,jck,jck,U,jck,ikBTpMFs,ikBTpMFs
U
U
U
ikBTpMFs,ikBTpMFs,ikBTpMFs,jck,jck,U,jck,ikBTpMFs,ikBTpMFs,ikBTpMFs,jck
ikBTpMFs,ikBTpMFs,ikBTpMFs,jck,jck,U,jck,ikBTpMFs,ikBTpMFs,ikBTpMFs,jck,ikBTpMFs
U
U
ikBTpMFs
ikBTpMFs,ikBTpMFs,jck,jck,ikBTpMFs,jck,ikBTpMFs
ikBTpMFs,ikBTpMFs,jck,ikBTpMFs,jck,ikBTpMFs,jck
ikBTpMFs,ikBTpMFs,jck,ikBTpMFs,jck,ikBTpMFs,jck
ikBTpMFs,ikBTpMFs,jck,ikBTpMFs,jck,ikBTpMFs,jck
ikBTpMFs
ikBTpMFs,ikBTpMFs,jck,jck,ikBTpMFs,jck,ikBTpMFs,jck
ikBTpMFs,ikBTpMFs,jck,jck,ikBTpMFs,jck,ikBTpMFs,jck
ikBTpMFs,ikBTpMFs,jck,jck,ikBTpMFs,jck,ikBTpMFs,jck
ikBTpMFs
ikBTpMFs,ikBTpMFs,jck,ikBTpMFs,jck,U
ikBTpMFs
ikBTpMFs,ikBTpMFs,ikBTpMFs,jck,U,jck
jck
ikBTpMFs
ikBTpMFs,ikBTpMFs,ikBTpMFs,jck,U,jck,jck
ikBTpMFs,jck,ikBTpMFs,ikBTpMFs,jck,ikBTpMFs
ikBTpMFs
ikBTpMFs
ikBTpMFs
ikBTpMFs
ikBTpMFs
ikBTpMFs
ikBTpMFs
ikBTpMFs
jck,ikBTpMFs,ikBTpMFs,U
jck,ikBTpMFs,ikBTpMFs,U
ikBTpMFs
jck,ikBTpMFs,ikBTpMFs,U
jck,ikBTpMFs,ikBTpMFs,U,ikBTpMFs
jck,ikBTpMFs,ikBTpMFs,U,ikBTpMFs
jck,ikBTpMFs,ikBTpMFs,U,ikBTpMFs
U
jck,ikBTpMFs,U,jck
jck,ikBTpMFs,U,jck,jck,U
jck,ikBTpMFs,U,jck,jck,U
jck,ikBTpMFs,U,jck,jck,U
jck
jck
jck
jck,ikBTpMFs,U,jck,jck,U
jck,ikBTpMFs,U,jck,jck,U
jck,ikBTpMFs,U,jck,jck,U
jck
jck
jck,jck,jck,U,U,U,ikBTpMFs,ikBTpMFs,ikBTpMFs
jck,jck,jck,U,U,U,ikBTpMFs,ikBTpMFs,ikBTpMFs
U
U
U
jck,jck,jck,U,U,U,ikBTpMFs,ikBTpMFs,ikBTpMFs
jck,jck,jck,U,U,ikBTpMFs,ikBTpMFs,ikBTpMFs
U
jck,jck,jck,U,ikBTpMFs,U,ikBTpMFs,ikBTpMFs
ikBTpMFs
jck,jck,jck,U,U,ikBTpMFs,U
U
jck,jck,jck,U,U,U,U
U
jck,jck,jck,U,U,U,U,ikBTpMFs
ikBTpMFs
jck,jck,jck,U,U,U,U,ikBTpMFs
jck,jck,jck,U,U,U,U,ikBTpMFs
jck,jck,U,U,U,U,ikBTpMFs,jck
jck,jck,U,U,U,U,jck,ikBTpMFs
ikBTpMFs
ikBTpMFs
ikBTpMFs
jck
jck,jck,jck,U,U,U,U
jck,jck,jck,U,U,U,U
jck
U
jck,jck,jck,U,U,U,ikBTpMFs,U
jck,jck,jck,U,U,U,ikBTpMFs,U
U
U
jck,jck,jck,U,U,U,U,ikBTpMFs
ikBTpMFs
jck,jck,jck,U,U,U,U,ikBTpMFs
jck,jck,jck,U,U,U,U,ikBTpMFs
jck,jck,jck,U,U,U,U,ikBTpMFs
jck,jck,jck,U,U,U,U,ikBTpMFs,ikBTpMFs
U
U
U,U,ikBTpMFs
U
U
U,U,ikBTpMFs
U,U
U,U,jck
U
U
U,U,ikBTpMFs
U
U,ikBTpMFs,U
U
U
U
U,U,ikBTpMFs
U
U
U
U
U,U,ikBTpMFs
U
U,U,ikBTpMFs
U,U,ikBTpMFs
U,U,ikBTpMFs
Jedi Wagner, assuma o comando!