[vazia]
Toque! Toque, Dijê!
khTvNPU
khTvNPU
khTvNPU
khTvNPU
khTvNPU
khTvNPU
khTvNPU,qUc
khTvNPU,GUYnSrqQ,qUc,khTvNPU
khTvNPU,GUYnSrqQ,qUc,khTvNPU
khTvNPU,GUYnSrqQ,qUc,khTvNPU,GUYnSrqQ
khTvNPU,GUYnSrqQ,khTvNPU,GUYnSrqQ
khTvNPU
khTvNPU
khTvNPU
khTvNPU
khTvNPU,qUc
khTvNPU
khTvNPU,qUc
khTvNPU
khTvNPU,qUc
qUc
qUc
khTvNPU,qUc,GUYnSrqQ
qUc
qUc
qUc,GUYnSrqQ
qUc,GUYnSrqQ
qUc,GUYnSrqQ,khTvNPU,qUc
qUc
qUc
qUc
qUc,GUYnSrqQ
GUYnSrqQ,qUc
khTvNPU
qUc
qUc
qUc
qUc,qUc,GUYnSrqQ
GUYnSrqQ,qUc,qUc,GUYnSrqQ
qUc
qUc
qUc
qUc,GUYnSrqQ
qUc
qUc
qUc
qUc
qUc
qUc,qUc
qUc
qUc
qUc,qUc,GUYnSrqQ,GUYnSrqQ,khTvNPU
qUc
qUc
qUc,khTvNPU,khTvNPU
khTvNPU
khTvNPU,qUc
Toque! Toque, Dijê!
qUc,khTvNPU
khTvNPU
khTvNPU
khTvNPU
qUc,khTvNPU,qUc
khTvNPU,qUc
khTvNPU
qUc,khTvNPU
khTvNPU
qUc
khTvNPU
khTvNPU
qUc
qUc,qUc
qUc,qUc
qUc,khTvNPU,GUYnSrqQ
qUc
qUc
qUc
[vazia]
qUc
qUc
qUc,qUc,GUYnSrqQ,khTvNPU,GUYnSrqQ
qUc
khTvNPU
khTvNPU
khTvNPU
khTvNPU
khTvNPU
qUc,qUc,khTvNPU,GUYnSrqQ,GUYnSrqQ
qUc,qUc,khTvNPU,GUYnSrqQ,GUYnSrqQ,qUc
qUc,qUc,GUYnSrqQ,GUYnSrqQ,qUc,GUYnSrqQ,GUYnSrqQ
qUc,GUYnSrqQ,qUc,GUYnSrqQ,qUc,GUYnSrqQ,GUYnSrqQ
qUc,GUYnSrqQ,qUc,GUYnSrqQ,qUc,GUYnSrqQ,GUYnSrqQ
khTvNPU
khTvNPU
qUc,qUc,khTvNPU,GUYnSrqQ,GUYnSrqQ,khTvNPU
qUc
qUc,khTvNPU,qUc,GUYnSrqQ,GUYnSrqQ,khTvNPU
qUc
qUc,qUc,khTvNPU,GUYnSrqQ,GUYnSrqQ
khTvNPU
qUc,qUc,khTvNPU,GUYnSrqQ,GUYnSrqQ
khTvNPU
GUYnSrqQ
qUc,khTvNPU,GUYnSrqQ,qUc,GUYnSrqQ,khTvNPU
qUc,qUc,khTvNPU,GUYnSrqQ,GUYnSrqQ
qUc,qUc,khTvNPU,GUYnSrqQ
GUYnSrqQ
khTvNPU
qUc,qUc,GUYnSrqQ,khTvNPU,GUYnSrqQ
GUYnSrqQ
qUc,khTvNPU,GUYnSrqQ,qUc,GUYnSrqQ
qUc,GUYnSrqQ,qUc,GUYnSrqQ,qUc
GUYnSrqQ,qUc,GUYnSrqQ,qUc,qUc,GUYnSrqQ
GUYnSrqQ,qUc,GUYnSrqQ,qUc,qUc,GUYnSrqQ
GUYnSrqQ
qUc,GUYnSrqQ,GUYnSrqQ,qUc,qUc,GUYnSrqQ
qUc,GUYnSrqQ,GUYnSrqQ,qUc,qUc,GUYnSrqQ
GUYnSrqQ
GUYnSrqQ
GUYnSrqQ
GUYnSrqQ,qUc,qUc,qUc,GUYnSrqQ,qUc
GUYnSrqQ
GUYnSrqQ
GUYnSrqQ,qUc,qUc,qUc,GUYnSrqQ,qUc
GUYnSrqQ,qUc,qUc,qUc,GUYnSrqQ,qUc,GUYnSrqQ
qUc
qUc
GUYnSrqQ,qUc,khTvNPU,qUc,GUYnSrqQ,qUc,GUYnSrqQ,qUc,khTvNPU
GUYnSrqQ,qUc,qUc,qUc,GUYnSrqQ,qUc,GUYnSrqQ,khTvNPU,GUYnSrqQ
GUYnSrqQ,qUc,qUc,qUc,GUYnSrqQ,qUc,GUYnSrqQ,khTvNPU,GUYnSrqQ
GUYnSrqQ,qUc,khTvNPU,qUc,qUc,GUYnSrqQ,qUc,GUYnSrqQ,khTvNPU,khTvNPU
khTvNPU
khTvNPU
GUYnSrqQ,khTvNPU,qUc,GUYnSrqQ,qUc,GUYnSrqQ,khTvNPU,khTvNPU
qUc
GUYnSrqQ,qUc,khTvNPU,qUc,qUc,GUYnSrqQ,qUc,GUYnSrqQ
qUc
GUYnSrqQ,qUc,qUc,qUc,GUYnSrqQ,qUc,GUYnSrqQ,khTvNPU,khTvNPU,khTvNPU
GUYnSrqQ,qUc,qUc,qUc,GUYnSrqQ,qUc,GUYnSrqQ,khTvNPU,khTvNPU,khTvNPU
qUc
qUc,qUc,qUc,qUc,khTvNPU,khTvNPU,khTvNPU,GUYnSrqQ
qUc
qUc,qUc,qUc,qUc,khTvNPU,khTvNPU,khTvNPU,GUYnSrqQ
qUc
qUc,qUc,qUc,qUc,khTvNPU,khTvNPU,GUYnSrqQ
qUc
qUc,qUc,qUc,qUc,khTvNPU,khTvNPU,GUYnSrqQ,GUYnSrqQ
qUc
qUc
qUc
qUc
qUc,qUc,qUc,khTvNPU,GUYnSrqQ,GUYnSrqQ,qUc,GUYnSrqQ
qUc,qUc,qUc,khTvNPU,GUYnSrqQ,GUYnSrqQ,qUc,GUYnSrqQ,khTvNPU
qUc
qUc,qUc,GUYnSrqQ,qUc,GUYnSrqQ,qUc,GUYnSrqQ,khTvNPU,qUc,qUc
qUc
qUc
qUc,qUc,qUc,khTvNPU,GUYnSrqQ,qUc,GUYnSrqQ,qUc
GUYnSrqQ
qUc,qUc,GUYnSrqQ,qUc,GUYnSrqQ,qUc,GUYnSrqQ,khTvNPU,qUc,GUYnSrqQ,qUc
qUc
qUc,qUc,GUYnSrqQ,qUc,GUYnSrqQ,qUc,GUYnSrqQ,khTvNPU,qUc,GUYnSrqQ,qUc
qUc,qUc,GUYnSrqQ,qUc,qUc,GUYnSrqQ,GUYnSrqQ,khTvNPU,qUc,GUYnSrqQ,qUc,GUYnSrqQ
GUYnSrqQ
GUYnSrqQ
qUc,qUc,GUYnSrqQ,qUc,qUc,GUYnSrqQ,GUYnSrqQ,khTvNPU,qUc,GUYnSrqQ,qUc,GUYnSrqQ
GUYnSrqQ
GUYnSrqQ
GUYnSrqQ
qUc,qUc,qUc,qUc,GUYnSrqQ,GUYnSrqQ,GUYnSrqQ,qUc,GUYnSrqQ,qUc,GUYnSrqQ
GUYnSrqQ
qUc,qUc,qUc,GUYnSrqQ,GUYnSrqQ,qUc,GUYnSrqQ,GUYnSrqQ,qUc,GUYnSrqQ,qUc,khTvNPU
qUc,qUc,GUYnSrqQ,GUYnSrqQ,qUc,GUYnSrqQ,GUYnSrqQ,qUc,GUYnSrqQ,qUc,khTvNPU
qUc,qUc,qUc,GUYnSrqQ,GUYnSrqQ,qUc,GUYnSrqQ,GUYnSrqQ,qUc,GUYnSrqQ,qUc,khTvNPU
qUc,qUc,qUc,GUYnSrqQ,GUYnSrqQ,qUc,GUYnSrqQ,GUYnSrqQ,qUc,GUYnSrqQ,qUc,khTvNPU
khTvNPU
qUc,qUc,qUc,GUYnSrqQ,GUYnSrqQ,qUc,GUYnSrqQ,GUYnSrqQ,qUc,GUYnSrqQ,qUc,khTvNPU
khTvNPU
qUc,qUc,qUc,GUYnSrqQ,GUYnSrqQ,qUc,GUYnSrqQ,GUYnSrqQ,qUc,GUYnSrqQ,qUc,khTvNPU
qUc,qUc,qUc,GUYnSrqQ,GUYnSrqQ,qUc,GUYnSrqQ,GUYnSrqQ,qUc,GUYnSrqQ,qUc,khTvNPU
qUc,qUc,qUc,GUYnSrqQ,GUYnSrqQ,qUc,GUYnSrqQ,GUYnSrqQ,qUc,GUYnSrqQ,qUc,khTvNPU
khTvNPU
qUc,qUc,qUc,GUYnSrqQ,qUc,GUYnSrqQ,GUYnSrqQ,qUc,GUYnSrqQ,qUc,khTvNPU,khTvNPU,GUYnSrqQ
qUc,qUc,qUc,GUYnSrqQ,qUc,GUYnSrqQ,GUYnSrqQ,qUc,GUYnSrqQ,qUc,khTvNPU,khTvNPU,GUYnSrqQ
GUYnSrqQ
qUc
qUc,qUc,qUc,qUc,qUc,GUYnSrqQ,qUc,GUYnSrqQ,qUc,khTvNPU,GUYnSrqQ,GUYnSrqQ,GUYnSrqQ,khTvNPU,khTvNPU,GUYnSrqQ,GUYnSrqQ,khTvNPU,khTvNPU,khTvNPU
qUc
qUc,qUc,GUYnSrqQ,qUc,GUYnSrqQ,GUYnSrqQ,qUc,GUYnSrqQ,qUc,khTvNPU,GUYnSrqQ,qUc,khTvNPU
qUc,GUYnSrqQ,qUc,GUYnSrqQ,GUYnSrqQ,qUc,GUYnSrqQ,qUc,khTvNPU,GUYnSrqQ,qUc,khTvNPU,qUc
qUc,GUYnSrqQ,qUc,GUYnSrqQ,GUYnSrqQ,qUc,GUYnSrqQ,qUc,GUYnSrqQ,qUc,qUc,khTvNPU,khTvNPU
qUc,GUYnSrqQ,GUYnSrqQ,qUc,GUYnSrqQ,qUc,GUYnSrqQ,qUc,qUc,GUYnSrqQ,khTvNPU
GUYnSrqQ
GUYnSrqQ
GUYnSrqQ
qUc,qUc,GUYnSrqQ,qUc,GUYnSrqQ,qUc,qUc,GUYnSrqQ,GUYnSrqQ,GUYnSrqQ,khTvNPU,khTvNPU,GUYnSrqQ,khTvNPU,khTvNPU
qUc,qUc,GUYnSrqQ,qUc,GUYnSrqQ,qUc,qUc,GUYnSrqQ,GUYnSrqQ,GUYnSrqQ,khTvNPU,khTvNPU,GUYnSrqQ,khTvNPU,khTvNPU
qUc,qUc,qUc,GUYnSrqQ,qUc,qUc,GUYnSrqQ,GUYnSrqQ,GUYnSrqQ,khTvNPU,khTvNPU,GUYnSrqQ,khTvNPU,khTvNPU
qUc
qUc,GUYnSrqQ,qUc,GUYnSrqQ,GUYnSrqQ,qUc,GUYnSrqQ,qUc,khTvNPU,GUYnSrqQ,qUc,khTvNPU,qUc
qUc
qUc
qUc,qUc,GUYnSrqQ,GUYnSrqQ,qUc,GUYnSrqQ,qUc,khTvNPU,GUYnSrqQ,qUc,khTvNPU,qUc,GUYnSrqQ
qUc,qUc,GUYnSrqQ,GUYnSrqQ,qUc,GUYnSrqQ,qUc,GUYnSrqQ,qUc,khTvNPU,qUc,GUYnSrqQ,khTvNPU,GUYnSrqQ,qUc,khTvNPU
qUc,qUc,GUYnSrqQ,qUc,GUYnSrqQ,qUc,GUYnSrqQ,qUc,qUc,GUYnSrqQ,khTvNPU,GUYnSrqQ,khTvNPU,qUc,khTvNPU,qUc,khTvNPU
qUc,qUc,GUYnSrqQ,qUc,GUYnSrqQ,qUc,GUYnSrqQ,qUc,qUc,GUYnSrqQ,khTvNPU,GUYnSrqQ,khTvNPU,qUc,khTvNPU,qUc,khTvNPU
qUc
qUc
qUc
Jedi Wagner, assuma o comando!