bMuMyNnDb
[vazia]
[vazia]
[vazia]
Toque! Toque, Dijê!
JRj
Toque! Toque, Dijê!
Toque! Toque, Dijê!
[vazia]
Toque! Toque, Dijê!
Toque! Toque, Dijê!
[vazia]
Toque! Toque, Dijê!
Toque! Toque, Dijê!
ZdtFp
ZdtFp
ZdtFp
ZdtFp
ZdtFp
ZdtFp
hwczpbdTT
ZdtFp,vt
ZdtFp,vt
ZdtFp
ZdtFp
[vazia]
[vazia]
[vazia]
ZdtFp
ZdtFp
ZdtFp
ZdtFp
ZdtFp
ZdtFp
ZdtFp
ZdtFp
ZdtFp
ZdtFp
ZdtFp
ZdtFp,ZdtFp
ZdtFp
ZdtFp,hwczpbdTT
ZdtFp
ZdtFp
ZdtFp,ZdtFp,JRj
ZdtFp
ZdtFp,ZdtFp,JRj,vt
gUAlYC
GxEFbIgx
GxEFbIgx
GxEFbIgx
GxEFbIgx,ZdtFp,gUAlYC
ZdtFp
ZdtFp
ZdtFp,ZdtFp,vt
ZdtFp
ZdtFp
ZdtFp,vt
vt
ZdtFp,vt
ZdtFp,vt
vt
ZdtFp
ZdtFp,vt,JRj
ZdtFp,vt,JRj,CX
vt
ZdtFp,vt,hwczpbdTT
vt
vt
vt
ZdtFp,vt,JRj
JRj
koH
koH
ZdtFp,vt,JRj,koH
ZdtFp,vt,JRj,koH
ZdtFp,vt,JRj,koH
ZdtFp,vt,JRj,koH,koH,gUAlYC
koH
ZdtFp,vt,JRj,koH,koH,gUAlYC
ZdtFp
gUAlYC,vt,JRj,koH,koH,koH
vt
vt
vt
vt,JRj,koH,gUAlYC,CX,bMuMyNnDb,CX,hwczpbdTT
vt
vt,JRj,koH,gUAlYC,CX,bMuMyNnDb,CX,hwczpbdTT
vt,JRj,koH,gUAlYC,CX,bMuMyNnDb,CX,hwczpbdTT
vt,JRj,koH,gUAlYC,CX,bMuMyNnDb,CX,hwczpbdTT
JRj
JRj
vt,JRj,koH,gUAlYC,CX,hwczpbdTT,hwczpbdTT
gUAlYC
vt,JRj,koH,gUAlYC,CX,hwczpbdTT,hwczpbdTT,ZdtFp
vt,JRj,koH,gUAlYC,CX,hwczpbdTT,hwczpbdTT,ZdtFp,JRj
vt,JRj,koH,gUAlYC,CX,hwczpbdTT,hwczpbdTT,ZdtFp,JRj
CX
CX
ZdtFp
ZdtFp
CX
JRj
JRj
vt,ZdtFp,JRj,gUAlYC,hwczpbdTT,hwczpbdTT,JRj,hwczpbdTT,vt,koH
vt,ZdtFp,JRj,gUAlYC,hwczpbdTT,hwczpbdTT,JRj,hwczpbdTT,vt,koH
gUAlYC
vt,ZdtFp,JRj,gUAlYC,hwczpbdTT,hwczpbdTT,JRj,hwczpbdTT,vt,koH
Jedi Wagner, assuma o comando!