[vazia]
[vazia]
[vazia]
[vazia]
tVpi
Toque! Toque, Dijê!
Toque! Toque, Dijê!
[vazia]
[vazia]
[vazia]
Toque! Toque, Dijê!
iZkREa
iZkREa
iZkREa
iZkREa,iZkREa
iZkREa
Toque! Toque, Dijê!
Toque! Toque, Dijê!
Toque! Toque, Dijê!
Toque! Toque, Dijê!
tVpi,iZkREa,tVpi
tVpi,iZkREa,tVpi,iZkREa
tVpi
tVpi,tVpi,iZkREa
tVpi,tVpi,iZkREa,iZkREa
tVpi,tVpi,iZkREa,iZkREa
tVpi
tVpi,iZkREa,iZkREa,tVpi,tVpi
tVpi
tVpi
tVpi,tVpi,tVpi,tVpi,tVpi,tVpi
tVpi,tVpi,tVpi,tVpi,tVpi,tVpi,iZkREa
tVpi,iZkREa,tVpi,tVpi,tVpi,tVpi,tVpi,tVpi,tVpi,iZkREa
iZkREa,tVpi,tVpi,tVpi,tVpi,tVpi,tVpi,tVpi,iZkREa,tVpi
iZkREa,tVpi,tVpi,tVpi,tVpi,tVpi,tVpi,tVpi,iZkREa,tVpi
iZkREa
iZkREa,tVpi,tVpi,tVpi,tVpi,tVpi,tVpi,tVpi,iZkREa,tVpi,iZkREa
tVpi,tVpi,tVpi,tVpi,tVpi,tVpi,tVpi,tVpi,iZkREa
tVpi
tVpi
tVpi,tVpi,tVpi,tVpi,tVpi,tVpi,tVpi,tVpi,iZkREa
tVpi,tVpi,tVpi,tVpi,tVpi,tVpi,tVpi,tVpi,iZkREa
iZkREa,tVpi,tVpi,tVpi,tVpi,tVpi,tVpi,tVpi,tVpi,iZkREa
tVpi,tVpi,tVpi,tVpi,tVpi,tVpi,tVpi,tVpi,iZkREa
tVpi
tVpi
tVpi,tVpi,tVpi,tVpi,tVpi,tVpi,tVpi,tVpi,iZkREa,iZkREa
tVpi,tVpi,tVpi,tVpi,tVpi,tVpi,tVpi,tVpi,tVpi
tVpi
tVpi
tVpi
tVpi
Jedi Wagner, assuma o comando!