[vazia]
[vazia]
[vazia]
Toque! Toque, Dijê!
[vazia]
HXQ
Toque! Toque, Dijê!
[vazia]
UbuZMoVPGJ
[vazia]
HXQ
HXQ,HXQ
HXQ
HXQ
HXQ
HXQ
HXQ,HXQ
HXQ
HXQ,HXQ
HXQ
HXQ
HXQ,HXQ
HXQ
HXQ
HXQ
HXQ,HXQ
HXQ,HXQ
HXQ,HXQ
HXQ
HXQ
HXQ
HXQ
HXQ
HXQ
HXQ,HXQ
HXQ,HXQ
HXQ,HXQ
HXQ
HXQ,HXQ
HXQ,HXQ,UbuZMoVPGJ,UbuZMoVPGJ
HXQ,HXQ,UbuZMoVPGJ,UbuZMoVPGJ
UbuZMoVPGJ
UbuZMoVPGJ,HXQ,HXQ,UbuZMoVPGJ,HXQ
UbuZMoVPGJ,HXQ,HXQ,UbuZMoVPGJ,HXQ
HXQ
UbuZMoVPGJ
HXQ,UbuZMoVPGJ,UbuZMoVPGJ,UbuZMoVPGJ,UbuZMoVPGJ
UbuZMoVPGJ
HXQ,HXQ,UbuZMoVPGJ,UbuZMoVPGJ
UbuZMoVPGJ
UbuZMoVPGJ
UbuZMoVPGJ,HXQ,UbuZMoVPGJ,HXQ
UbuZMoVPGJ,HXQ,UbuZMoVPGJ,HXQ
HXQ,UbuZMoVPGJ,UbuZMoVPGJ,UbuZMoVPGJ,HXQ
HXQ,HXQ,UbuZMoVPGJ,UbuZMoVPGJ
UbuZMoVPGJ
UbuZMoVPGJ
UbuZMoVPGJ
UbuZMoVPGJ
UbuZMoVPGJ
UbuZMoVPGJ
UbuZMoVPGJ,UbuZMoVPGJ,UbuZMoVPGJ,HXQ,UbuZMoVPGJ,UbuZMoVPGJ
UbuZMoVPGJ,UbuZMoVPGJ,UbuZMoVPGJ,HXQ,UbuZMoVPGJ,UbuZMoVPGJ
UbuZMoVPGJ
UbuZMoVPGJ
UbuZMoVPGJ
UbuZMoVPGJ,UbuZMoVPGJ,UbuZMoVPGJ,UbuZMoVPGJ
UbuZMoVPGJ,UbuZMoVPGJ,UbuZMoVPGJ,UbuZMoVPGJ
UbuZMoVPGJ,UbuZMoVPGJ,UbuZMoVPGJ,UbuZMoVPGJ
UbuZMoVPGJ
UbuZMoVPGJ
UbuZMoVPGJ
UbuZMoVPGJ
UbuZMoVPGJ,UbuZMoVPGJ,UbuZMoVPGJ,UbuZMoVPGJ,UbuZMoVPGJ
UbuZMoVPGJ
UbuZMoVPGJ
UbuZMoVPGJ,UbuZMoVPGJ,UbuZMoVPGJ,UbuZMoVPGJ
UbuZMoVPGJ,UbuZMoVPGJ,UbuZMoVPGJ,UbuZMoVPGJ
UbuZMoVPGJ,UbuZMoVPGJ,UbuZMoVPGJ,UbuZMoVPGJ
UbuZMoVPGJ
UbuZMoVPGJ,UbuZMoVPGJ,UbuZMoVPGJ
UbuZMoVPGJ,UbuZMoVPGJ,UbuZMoVPGJ,UbuZMoVPGJ
UbuZMoVPGJ
UbuZMoVPGJ
UbuZMoVPGJ,UbuZMoVPGJ,UbuZMoVPGJ,UbuZMoVPGJ,UbuZMoVPGJ,UbuZMoVPGJ,UbuZMoVPGJ
UbuZMoVPGJ,UbuZMoVPGJ,UbuZMoVPGJ,UbuZMoVPGJ,UbuZMoVPGJ,UbuZMoVPGJ
UbuZMoVPGJ
UbuZMoVPGJ
UbuZMoVPGJ,UbuZMoVPGJ,UbuZMoVPGJ,UbuZMoVPGJ,UbuZMoVPGJ,UbuZMoVPGJ,UbuZMoVPGJ
UbuZMoVPGJ
UbuZMoVPGJ
UbuZMoVPGJ
UbuZMoVPGJ
UbuZMoVPGJ,UbuZMoVPGJ,UbuZMoVPGJ,UbuZMoVPGJ,UbuZMoVPGJ,UbuZMoVPGJ,HXQ
UbuZMoVPGJ,UbuZMoVPGJ,UbuZMoVPGJ,UbuZMoVPGJ,UbuZMoVPGJ,UbuZMoVPGJ,HXQ,HXQ
UbuZMoVPGJ,UbuZMoVPGJ,UbuZMoVPGJ,UbuZMoVPGJ,HXQ,HXQ
UbuZMoVPGJ
UbuZMoVPGJ,UbuZMoVPGJ,UbuZMoVPGJ,UbuZMoVPGJ,UbuZMoVPGJ,HXQ
UbuZMoVPGJ,UbuZMoVPGJ,UbuZMoVPGJ,UbuZMoVPGJ,UbuZMoVPGJ,HXQ
UbuZMoVPGJ,UbuZMoVPGJ,UbuZMoVPGJ,UbuZMoVPGJ,UbuZMoVPGJ,HXQ
UbuZMoVPGJ,UbuZMoVPGJ,UbuZMoVPGJ,UbuZMoVPGJ,HXQ
UbuZMoVPGJ,UbuZMoVPGJ,UbuZMoVPGJ,UbuZMoVPGJ,HXQ,UbuZMoVPGJ,HXQ,UbuZMoVPGJ
UbuZMoVPGJ,UbuZMoVPGJ,UbuZMoVPGJ,HXQ,UbuZMoVPGJ,HXQ,UbuZMoVPGJ
UbuZMoVPGJ,UbuZMoVPGJ,UbuZMoVPGJ,UbuZMoVPGJ,UbuZMoVPGJ,HXQ,HXQ,HXQ
HXQ
HXQ
HXQ
HXQ
UbuZMoVPGJ,UbuZMoVPGJ,HXQ,HXQ,UbuZMoVPGJ,UbuZMoVPGJ
HXQ
HXQ
UbuZMoVPGJ,UbuZMoVPGJ,UbuZMoVPGJ,UbuZMoVPGJ,UbuZMoVPGJ,HXQ,HXQ
HXQ
HXQ
HXQ
UbuZMoVPGJ
UbuZMoVPGJ,UbuZMoVPGJ,UbuZMoVPGJ,UbuZMoVPGJ,UbuZMoVPGJ,HXQ,HXQ,UbuZMoVPGJ,HXQ,UbuZMoVPGJ
UbuZMoVPGJ,UbuZMoVPGJ,UbuZMoVPGJ,UbuZMoVPGJ,UbuZMoVPGJ,HXQ,UbuZMoVPGJ,HXQ
UbuZMoVPGJ,UbuZMoVPGJ,UbuZMoVPGJ,UbuZMoVPGJ,UbuZMoVPGJ,HXQ,UbuZMoVPGJ,HXQ,UbuZMoVPGJ,HXQ
UbuZMoVPGJ,UbuZMoVPGJ,UbuZMoVPGJ,UbuZMoVPGJ,UbuZMoVPGJ,HXQ,UbuZMoVPGJ,HXQ,UbuZMoVPGJ,HXQ
UbuZMoVPGJ,UbuZMoVPGJ,UbuZMoVPGJ,UbuZMoVPGJ,UbuZMoVPGJ,HXQ,UbuZMoVPGJ,HXQ,UbuZMoVPGJ
HXQ
UbuZMoVPGJ,UbuZMoVPGJ,UbuZMoVPGJ,UbuZMoVPGJ,HXQ,UbuZMoVPGJ,HXQ,UbuZMoVPGJ
HXQ
HXQ
UbuZMoVPGJ,UbuZMoVPGJ,UbuZMoVPGJ,HXQ,UbuZMoVPGJ,UbuZMoVPGJ,HXQ,UbuZMoVPGJ,HXQ,HXQ
UbuZMoVPGJ
UbuZMoVPGJ,UbuZMoVPGJ,UbuZMoVPGJ,HXQ,UbuZMoVPGJ,UbuZMoVPGJ,HXQ,UbuZMoVPGJ,HXQ,HXQ
UbuZMoVPGJ
UbuZMoVPGJ,UbuZMoVPGJ,UbuZMoVPGJ,HXQ,UbuZMoVPGJ,UbuZMoVPGJ,UbuZMoVPGJ,HXQ,HXQ,HXQ,UbuZMoVPGJ,UbuZMoVPGJ,HXQ,UbuZMoVPGJ
UbuZMoVPGJ,UbuZMoVPGJ,HXQ,UbuZMoVPGJ,UbuZMoVPGJ,UbuZMoVPGJ,UbuZMoVPGJ,HXQ,HXQ,HXQ,UbuZMoVPGJ,UbuZMoVPGJ,HXQ,UbuZMoVPGJ,UbuZMoVPGJ,HXQ,UbuZMoVPGJ
UbuZMoVPGJ,UbuZMoVPGJ,HXQ,UbuZMoVPGJ,UbuZMoVPGJ,UbuZMoVPGJ,UbuZMoVPGJ,HXQ,HXQ,HXQ,UbuZMoVPGJ,UbuZMoVPGJ,HXQ,UbuZMoVPGJ,UbuZMoVPGJ,HXQ,UbuZMoVPGJ
UbuZMoVPGJ,HXQ,UbuZMoVPGJ,UbuZMoVPGJ,UbuZMoVPGJ,UbuZMoVPGJ,HXQ,HXQ,HXQ,UbuZMoVPGJ,UbuZMoVPGJ,HXQ,UbuZMoVPGJ,UbuZMoVPGJ,HXQ,UbuZMoVPGJ
UbuZMoVPGJ
UbuZMoVPGJ
UbuZMoVPGJ,UbuZMoVPGJ,UbuZMoVPGJ,UbuZMoVPGJ,UbuZMoVPGJ,UbuZMoVPGJ,HXQ,HXQ,HXQ,UbuZMoVPGJ,UbuZMoVPGJ,HXQ,UbuZMoVPGJ
UbuZMoVPGJ,UbuZMoVPGJ,UbuZMoVPGJ,UbuZMoVPGJ,UbuZMoVPGJ,HXQ,UbuZMoVPGJ,HXQ,HXQ,UbuZMoVPGJ,UbuZMoVPGJ,HXQ,UbuZMoVPGJ,UbuZMoVPGJ
UbuZMoVPGJ
UbuZMoVPGJ,UbuZMoVPGJ,UbuZMoVPGJ,UbuZMoVPGJ,UbuZMoVPGJ,HXQ,UbuZMoVPGJ,HXQ,HXQ,UbuZMoVPGJ,UbuZMoVPGJ,HXQ,UbuZMoVPGJ,UbuZMoVPGJ
UbuZMoVPGJ,UbuZMoVPGJ,UbuZMoVPGJ,UbuZMoVPGJ,UbuZMoVPGJ,HXQ,UbuZMoVPGJ,HXQ,HXQ,UbuZMoVPGJ,UbuZMoVPGJ,HXQ,UbuZMoVPGJ,UbuZMoVPGJ
HXQ
HXQ
HXQ
HXQ
HXQ
HXQ
UbuZMoVPGJ,UbuZMoVPGJ,UbuZMoVPGJ,UbuZMoVPGJ,HXQ,UbuZMoVPGJ,HXQ,HXQ,UbuZMoVPGJ,UbuZMoVPGJ,HXQ,UbuZMoVPGJ,UbuZMoVPGJ,HXQ,HXQ,HXQ
HXQ
HXQ
UbuZMoVPGJ,UbuZMoVPGJ,UbuZMoVPGJ,UbuZMoVPGJ,HXQ,UbuZMoVPGJ,UbuZMoVPGJ,HXQ,HXQ,UbuZMoVPGJ,UbuZMoVPGJ,HXQ,UbuZMoVPGJ,UbuZMoVPGJ
UbuZMoVPGJ,UbuZMoVPGJ,UbuZMoVPGJ,HXQ,UbuZMoVPGJ,UbuZMoVPGJ,UbuZMoVPGJ,HXQ,HXQ,UbuZMoVPGJ,UbuZMoVPGJ,HXQ,UbuZMoVPGJ,UbuZMoVPGJ
UbuZMoVPGJ,UbuZMoVPGJ,UbuZMoVPGJ,HXQ,UbuZMoVPGJ,UbuZMoVPGJ,UbuZMoVPGJ,HXQ,HXQ,UbuZMoVPGJ,UbuZMoVPGJ,HXQ,UbuZMoVPGJ,UbuZMoVPGJ
UbuZMoVPGJ
Jedi Wagner, assuma o comando!