Toque! Toque, Dijê!
Toque! Toque, Dijê!
[vazia]
Toque! Toque, Dijê!
Toque! Toque, Dijê!
Toque! Toque, Dijê!
Toque! Toque, Dijê!
Toque! Toque, Dijê!
G
G
G
G
G
G
[vazia]
[vazia]
Toque! Toque, Dijê!
[vazia]
sPtr
[vazia]
Toque! Toque, Dijê!
Toque! Toque, Dijê!
Toque! Toque, Dijê!
Toque! Toque, Dijê!
Toque! Toque, Dijê!
[vazia]
TmdMRRF
fXWTjXK,G,G
fXWTjXK,G,G,sPtr
fXWTjXK
G
G
G
G
G
G
G
G,G
G,G,g,G
G
G,G,G
G,G,G
G,G,G
G,G,G
G
G
G
G,G,G
G
G
G
G,G,G,G,TmdMRRF
G,G,G,G,TmdMRRF,g
G,G,G,G,TmdMRRF,g
G,G,G,G,TmdMRRF,g
G,G,G,G,sPtr
G
G
G,G,G,G,sPtr
sPtr
G
G,G,G,G,sPtr,fAKnJ
G
G
G,G,G,G,sPtr,fAKnJ
G,G,G,G,sPtr,fAKnJ,TmdMRRF,fXWTjXK
G,G,G,G
G,G,G
G
G
G,G,G,G
G
G
G,G,G,fAKnJ,G
G
G
G,G,G,G,fAKnJ,G,G,TmdMRRF
G
G
G
G,G,G,TmdMRRF,G
G
G,G,TmdMRRF,G,fAKnJ
G
G
G
G,G,TmdMRRF,G
G
G,G,TmdMRRF,G
G
G
G
Jedi Wagner, assuma o comando!