[vazia]
Toque! Toque, Dijê!
[vazia]
[vazia]
[vazia]
RVwct,IIXTNJ
RVwct,IIXTNJ
RVwct
RVwct,IIXTNJ,SDLY
RVwct
RVwct,IIXTNJ,SDLY
VbBYWGClb
VbBYWGClb
VbBYWGClb
VbBYWGClb,VbBYWGClb
VbBYWGClb
VbBYWGClb
VbBYWGClb,IIXTNJ,VbBYWGClb
Toque! Toque, Dijê!
[vazia]
Toque! Toque, Dijê!
[vazia]
Toque! Toque, Dijê!
[vazia]
Toque! Toque, Dijê!
El
El
IIXTNJ
IIXTNJ
IIXTNJ
IIXTNJ
IIXTNJ
IIXTNJ,SDLY
IIXTNJ,SDLY
IIXTNJ
IIXTNJ
IIXTNJ
IIXTNJ
IIXTNJ
IIXTNJ
IIXTNJ
IIXTNJ
IIXTNJ
IIXTNJ
IIXTNJ
IIXTNJ
IIXTNJ,RVwct
IIXTNJ
IIXTNJ
IIXTNJ
IIXTNJ
IIXTNJ
IIXTNJ,VbBYWGClb
IIXTNJ
IIXTNJ
IIXTNJ
IIXTNJ
SDLY
SDLY,IIXTNJ,VbBYWGClb,RVwct
SDLY,IIXTNJ,VbBYWGClb,RVwct,IIXTNJ
SDLY,IIXTNJ,VbBYWGClb,RVwct,IIXTNJ,VbBYWGClb
IIXTNJ
IIXTNJ,IIXTNJ
IIXTNJ,IIXTNJ
IIXTNJ
IIXTNJ
VbBYWGClb
IIXTNJ,VbBYWGClb,IIXTNJ,VbBYWGClb
IIXTNJ,VbBYWGClb,IIXTNJ,VbBYWGClb
VbBYWGClb
VbBYWGClb
VbBYWGClb
VbBYWGClb
IIXTNJ,IIXTNJ
IIXTNJ,IIXTNJ
IIXTNJ,IIXTNJ
IIXTNJ,IIXTNJ,oQ
IIXTNJ,IIXTNJ,oQ
IIXTNJ,IIXTNJ,oQ
IIXTNJ,IIXTNJ,oQ,svChD,oQ
oQ,svChD,oQ
oQ
oQ
svChD,oQ,VbBYWGClb,oQ,VbBYWGClb,IIXTNJ
svChD,oQ,VbBYWGClb,oQ,VbBYWGClb,IIXTNJ
VbBYWGClb
svChD,oQ,VbBYWGClb,oQ,VbBYWGClb,IIXTNJ
svChD,oQ,VbBYWGClb,oQ,VbBYWGClb,IIXTNJ
oQ
svChD,oQ,VbBYWGClb,oQ,VbBYWGClb,IIXTNJ
svChD,oQ,VbBYWGClb,oQ,VbBYWGClb,IIXTNJ
VbBYWGClb
oQ,VbBYWGClb,oQ,VbBYWGClb,IIXTNJ,IIXTNJ
IIXTNJ
VbBYWGClb
VbBYWGClb
oQ
oQ
oQ
oQ
VbBYWGClb
Jedi Wagner, assuma o comando!