Toque! Toque, Dijê!
[vazia]
Toque! Toque, Dijê!
Toque! Toque, Dijê!
[vazia]
[vazia]
BmAeDWRmIa
Toque! Toque, Dijê!
BmAeDWRmIa
SkcrxaG
SkcrxaG
SkcrxaG
SkcrxaG
SkcrxaG
SkcrxaG,BmAeDWRmIa,SkcrxaG,SkcrxaG
SkcrxaG,BmAeDWRmIa,SkcrxaG,SkcrxaG
SkcrxaG
SkcrxaG
SkcrxaG,BmAeDWRmIa,SkcrxaG,SkcrxaG
SkcrxaG
BmAeDWRmIa,SkcrxaG
BmAeDWRmIa
SkcrxaG
BmAeDWRmIa,SkcrxaG,SkcrxaG,SkcrxaG,SkcrxaG
BmAeDWRmIa
SkcrxaG,SkcrxaG,SkcrxaG,BmAeDWRmIa,SkcrxaG
SkcrxaG
SkcrxaG
SkcrxaG,SkcrxaG,BmAeDWRmIa,SkcrxaG
BmAeDWRmIa,SkcrxaG,SkcrxaG
BmAeDWRmIa,SkcrxaG
SkcrxaG
SkcrxaG
SkcrxaG,SkcrxaG,BmAeDWRmIa,SkcrxaG
SkcrxaG,SkcrxaG,SkcrxaG,BmAeDWRmIa,SkcrxaG
SkcrxaG
BmAeDWRmIa,SkcrxaG,BmAeDWRmIa
BmAeDWRmIa,SkcrxaG,BmAeDWRmIa
BmAeDWRmIa,SkcrxaG,BmAeDWRmIa,BmAeDWRmIa,BmAeDWRmIa
BmAeDWRmIa,BmAeDWRmIa,BmAeDWRmIa,SkcrxaG
BmAeDWRmIa
BmAeDWRmIa
SkcrxaG,BmAeDWRmIa,BmAeDWRmIa,BmAeDWRmIa,SkcrxaG,SkcrxaG,BmAeDWRmIa,BmAeDWRmIa
SkcrxaG
BmAeDWRmIa,BmAeDWRmIa,SkcrxaG
SkcrxaG
SkcrxaG
BmAeDWRmIa
BmAeDWRmIa
BmAeDWRmIa
BmAeDWRmIa,SkcrxaG,BmAeDWRmIa,BmAeDWRmIa
BmAeDWRmIa,SkcrxaG,BmAeDWRmIa,BmAeDWRmIa
SkcrxaG,BmAeDWRmIa,BmAeDWRmIa,BmAeDWRmIa
BmAeDWRmIa
BmAeDWRmIa,SkcrxaG,BmAeDWRmIa,BmAeDWRmIa
SkcrxaG,BmAeDWRmIa,BmAeDWRmIa,BmAeDWRmIa
SkcrxaG,BmAeDWRmIa,BmAeDWRmIa,BmAeDWRmIa,SkcrxaG
BmAeDWRmIa,BmAeDWRmIa,BmAeDWRmIa
BmAeDWRmIa
BmAeDWRmIa
SkcrxaG,SkcrxaG
SkcrxaG,SkcrxaG,SkcrxaG
SkcrxaG
SkcrxaG
SkcrxaG
SkcrxaG,SkcrxaG
SkcrxaG,SkcrxaG
BmAeDWRmIa
BmAeDWRmIa
BmAeDWRmIa,BmAeDWRmIa,BmAeDWRmIa,SkcrxaG,SkcrxaG
BmAeDWRmIa
BmAeDWRmIa,BmAeDWRmIa,BmAeDWRmIa,SkcrxaG,SkcrxaG
BmAeDWRmIa,BmAeDWRmIa,BmAeDWRmIa,SkcrxaG,SkcrxaG
BmAeDWRmIa,BmAeDWRmIa,BmAeDWRmIa,SkcrxaG,SkcrxaG
BmAeDWRmIa,BmAeDWRmIa,BmAeDWRmIa,SkcrxaG,SkcrxaG,BmAeDWRmIa
BmAeDWRmIa,BmAeDWRmIa,BmAeDWRmIa,SkcrxaG,SkcrxaG,BmAeDWRmIa
BmAeDWRmIa,BmAeDWRmIa,BmAeDWRmIa,SkcrxaG,SkcrxaG
BmAeDWRmIa,BmAeDWRmIa,SkcrxaG,SkcrxaG
BmAeDWRmIa,BmAeDWRmIa,BmAeDWRmIa,SkcrxaG,SkcrxaG
BmAeDWRmIa,BmAeDWRmIa,BmAeDWRmIa,SkcrxaG,SkcrxaG
BmAeDWRmIa,SkcrxaG,BmAeDWRmIa,BmAeDWRmIa
BmAeDWRmIa,SkcrxaG,BmAeDWRmIa,BmAeDWRmIa
SkcrxaG
SkcrxaG
BmAeDWRmIa,SkcrxaG,BmAeDWRmIa,BmAeDWRmIa,BmAeDWRmIa
BmAeDWRmIa,SkcrxaG,BmAeDWRmIa,BmAeDWRmIa,BmAeDWRmIa
SkcrxaG,BmAeDWRmIa,BmAeDWRmIa,BmAeDWRmIa
SkcrxaG
SkcrxaG
BmAeDWRmIa,SkcrxaG,BmAeDWRmIa,BmAeDWRmIa,BmAeDWRmIa
SkcrxaG
BmAeDWRmIa,SkcrxaG,BmAeDWRmIa,BmAeDWRmIa
BmAeDWRmIa,SkcrxaG,BmAeDWRmIa,BmAeDWRmIa
BmAeDWRmIa,SkcrxaG,BmAeDWRmIa,BmAeDWRmIa
SkcrxaG
SkcrxaG,BmAeDWRmIa
SkcrxaG
SkcrxaG
BmAeDWRmIa,BmAeDWRmIa,BmAeDWRmIa,BmAeDWRmIa
BmAeDWRmIa
BmAeDWRmIa,BmAeDWRmIa,BmAeDWRmIa,BmAeDWRmIa
BmAeDWRmIa
BmAeDWRmIa,BmAeDWRmIa,BmAeDWRmIa,BmAeDWRmIa
BmAeDWRmIa
BmAeDWRmIa,BmAeDWRmIa,BmAeDWRmIa,BmAeDWRmIa
BmAeDWRmIa,BmAeDWRmIa,BmAeDWRmIa,BmAeDWRmIa
BmAeDWRmIa
BmAeDWRmIa,BmAeDWRmIa,BmAeDWRmIa,BmAeDWRmIa
BmAeDWRmIa
BmAeDWRmIa,BmAeDWRmIa,BmAeDWRmIa
BmAeDWRmIa
BmAeDWRmIa,BmAeDWRmIa,BmAeDWRmIa
BmAeDWRmIa,BmAeDWRmIa,BmAeDWRmIa
BmAeDWRmIa
BmAeDWRmIa
BmAeDWRmIa
BmAeDWRmIa,BmAeDWRmIa,BmAeDWRmIa,BmAeDWRmIa
BmAeDWRmIa
BmAeDWRmIa,BmAeDWRmIa,BmAeDWRmIa,SkcrxaG,BmAeDWRmIa,BmAeDWRmIa,SkcrxaG
BmAeDWRmIa
SkcrxaG
BmAeDWRmIa
BmAeDWRmIa
SkcrxaG
BmAeDWRmIa
BmAeDWRmIa,BmAeDWRmIa,BmAeDWRmIa,SkcrxaG,SkcrxaG,SkcrxaG
BmAeDWRmIa
BmAeDWRmIa,BmAeDWRmIa,BmAeDWRmIa,SkcrxaG,SkcrxaG,SkcrxaG
SkcrxaG
SkcrxaG,SkcrxaG,SkcrxaG,SkcrxaG,SkcrxaG,SkcrxaG
SkcrxaG,SkcrxaG,SkcrxaG,SkcrxaG,SkcrxaG,SkcrxaG
SkcrxaG
SkcrxaG,SkcrxaG,SkcrxaG,SkcrxaG,SkcrxaG
SkcrxaG
SkcrxaG
SkcrxaG
SkcrxaG
SkcrxaG,SkcrxaG,SkcrxaG,SkcrxaG,BmAeDWRmIa
SkcrxaG
SkcrxaG
SkcrxaG,SkcrxaG,SkcrxaG,SkcrxaG,BmAeDWRmIa
SkcrxaG,SkcrxaG,SkcrxaG,SkcrxaG,BmAeDWRmIa
SkcrxaG,SkcrxaG,SkcrxaG,SkcrxaG,BmAeDWRmIa
SkcrxaG
SkcrxaG,SkcrxaG,SkcrxaG,SkcrxaG,SkcrxaG
SkcrxaG,SkcrxaG,SkcrxaG,SkcrxaG,SkcrxaG
SkcrxaG
SkcrxaG
SkcrxaG,SkcrxaG,SkcrxaG,SkcrxaG,BmAeDWRmIa,BmAeDWRmIa
SkcrxaG,SkcrxaG,SkcrxaG,SkcrxaG,BmAeDWRmIa,BmAeDWRmIa
SkcrxaG
BmAeDWRmIa
BmAeDWRmIa
SkcrxaG,SkcrxaG,SkcrxaG,BmAeDWRmIa,BmAeDWRmIa,BmAeDWRmIa,BmAeDWRmIa
SkcrxaG,SkcrxaG,SkcrxaG,BmAeDWRmIa,BmAeDWRmIa,BmAeDWRmIa,BmAeDWRmIa
BmAeDWRmIa
SkcrxaG,SkcrxaG,SkcrxaG,BmAeDWRmIa,BmAeDWRmIa
SkcrxaG
SkcrxaG
SkcrxaG,SkcrxaG,SkcrxaG,BmAeDWRmIa,BmAeDWRmIa,BmAeDWRmIa,BmAeDWRmIa,SkcrxaG
BmAeDWRmIa
SkcrxaG,SkcrxaG,BmAeDWRmIa,BmAeDWRmIa
SkcrxaG,SkcrxaG,SkcrxaG,BmAeDWRmIa,BmAeDWRmIa
BmAeDWRmIa
SkcrxaG,SkcrxaG,SkcrxaG,BmAeDWRmIa,BmAeDWRmIa
BmAeDWRmIa
BmAeDWRmIa,BmAeDWRmIa
BmAeDWRmIa,BmAeDWRmIa
BmAeDWRmIa
SkcrxaG,BmAeDWRmIa,BmAeDWRmIa
SkcrxaG,BmAeDWRmIa,BmAeDWRmIa
SkcrxaG,BmAeDWRmIa,BmAeDWRmIa
BmAeDWRmIa
BmAeDWRmIa,SkcrxaG,SkcrxaG,BmAeDWRmIa,BmAeDWRmIa,SkcrxaG
BmAeDWRmIa,SkcrxaG,SkcrxaG,BmAeDWRmIa,BmAeDWRmIa,SkcrxaG
SkcrxaG
BmAeDWRmIa,SkcrxaG,SkcrxaG,BmAeDWRmIa,BmAeDWRmIa,SkcrxaG
SkcrxaG
SkcrxaG
BmAeDWRmIa,SkcrxaG,SkcrxaG,BmAeDWRmIa,BmAeDWRmIa
BmAeDWRmIa,SkcrxaG,SkcrxaG,BmAeDWRmIa,BmAeDWRmIa
SkcrxaG
SkcrxaG
SkcrxaG
SkcrxaG
SkcrxaG
SkcrxaG
BmAeDWRmIa
BmAeDWRmIa
SkcrxaG,BmAeDWRmIa,BmAeDWRmIa
SkcrxaG
SkcrxaG,BmAeDWRmIa,BmAeDWRmIa,BmAeDWRmIa
BmAeDWRmIa
BmAeDWRmIa
SkcrxaG
BmAeDWRmIa,BmAeDWRmIa
BmAeDWRmIa,BmAeDWRmIa
SkcrxaG
SkcrxaG
SkcrxaG
BmAeDWRmIa
BmAeDWRmIa
BmAeDWRmIa
BmAeDWRmIa
BmAeDWRmIa
BmAeDWRmIa
BmAeDWRmIa,SkcrxaG,BmAeDWRmIa
BmAeDWRmIa
Jedi Wagner, assuma o comando!