Toque! Toque, Dijê!
[vazia]
[vazia]
[vazia]
ivMf
ivMf,ivMf
ivMf
ivMf,ivMf
ivMf,ivMf
ivMf,ivMf
ivMf
ivMf,ivMf
ivMf,ivMf
ivMf
ivMf,ivMf,r
ivMf,r
r
ivMf
ivMf,r,ivMf
ivMf,r
ivMf,r
ivMf
ivMf
ivMf
ivMf,r
ivMf,r,r,r
r
r
ivMf,r,r
r
r
r,r,r,r,ivMf,r
r
ivMf,r,r,r
r
r
ivMf,r,r,r
r,r,r,ivMf
r,r,r,ivMf,ivMf
ivMf
r,r,r,ivMf,ivMf,pwqsSIPkxd
ivMf
r,r,r,ivMf,ivMf,pwqsSIPkxd
ivMf
r,r,r,ivMf,pwqsSIPkxd,pwqsSIPkxd
r
r
r
ivMf
r,r,ivMf,pwqsSIPkxd,pwqsSIPkxd,ivMf,ivMf,ivMf
r,r,ivMf,pwqsSIPkxd,pwqsSIPkxd,ivMf,ivMf,ivMf
r,r,ivMf,pwqsSIPkxd,pwqsSIPkxd,ivMf,ivMf,ivMf
ivMf
r,r,ivMf,pwqsSIPkxd,pwqsSIPkxd,ivMf,ivMf,ivMf
ivMf
ivMf
r,ivMf,pwqsSIPkxd,pwqsSIPkxd,ivMf,ivMf,ivMf,r
r,pwqsSIPkxd,pwqsSIPkxd,ivMf,ivMf,ivMf,r,pwqsSIPkxd
r,pwqsSIPkxd,pwqsSIPkxd,ivMf,ivMf,ivMf,r,pwqsSIPkxd
pwqsSIPkxd
pwqsSIPkxd
pwqsSIPkxd,pwqsSIPkxd,ivMf,ivMf,pwqsSIPkxd
pwqsSIPkxd
pwqsSIPkxd
pwqsSIPkxd,pwqsSIPkxd,r,ivMf,ivMf,ivMf,pwqsSIPkxd
pwqsSIPkxd,pwqsSIPkxd,r,ivMf,ivMf,ivMf,pwqsSIPkxd,ivMf
ivMf
pwqsSIPkxd,pwqsSIPkxd,r,ivMf,ivMf,ivMf,pwqsSIPkxd,ivMf,pwqsSIPkxd
pwqsSIPkxd
pwqsSIPkxd
r
r
ivMf
ivMf
pwqsSIPkxd,pwqsSIPkxd,r,ivMf,ivMf,ivMf,pwqsSIPkxd,pwqsSIPkxd,pwqsSIPkxd
ivMf
pwqsSIPkxd,pwqsSIPkxd,r,ivMf,ivMf,ivMf,pwqsSIPkxd,pwqsSIPkxd,pwqsSIPkxd
pwqsSIPkxd,pwqsSIPkxd,r,ivMf,ivMf,ivMf,pwqsSIPkxd,pwqsSIPkxd,pwqsSIPkxd,pwqsSIPkxd
pwqsSIPkxd,pwqsSIPkxd,r,ivMf,ivMf,pwqsSIPkxd,ivMf,pwqsSIPkxd,pwqsSIPkxd,pwqsSIPkxd
pwqsSIPkxd
pwqsSIPkxd,pwqsSIPkxd,r,ivMf,ivMf,ivMf,pwqsSIPkxd,pwqsSIPkxd,pwqsSIPkxd,pwqsSIPkxd
pwqsSIPkxd,pwqsSIPkxd,ivMf,ivMf,ivMf,pwqsSIPkxd,pwqsSIPkxd,pwqsSIPkxd,pwqsSIPkxd,r
pwqsSIPkxd,pwqsSIPkxd,ivMf,ivMf,ivMf,r,pwqsSIPkxd,pwqsSIPkxd,pwqsSIPkxd,pwqsSIPkxd
r
pwqsSIPkxd
pwqsSIPkxd,pwqsSIPkxd,ivMf,ivMf,pwqsSIPkxd,ivMf,pwqsSIPkxd,pwqsSIPkxd,pwqsSIPkxd,r,pwqsSIPkxd,pwqsSIPkxd,ivMf
pwqsSIPkxd
pwqsSIPkxd,r,ivMf,ivMf,pwqsSIPkxd,pwqsSIPkxd,pwqsSIPkxd,pwqsSIPkxd,pwqsSIPkxd,r
ivMf
ivMf
pwqsSIPkxd,ivMf,ivMf,pwqsSIPkxd,r,pwqsSIPkxd,pwqsSIPkxd,pwqsSIPkxd,pwqsSIPkxd,r,ivMf,pwqsSIPkxd
ivMf,ivMf,r,pwqsSIPkxd,pwqsSIPkxd,pwqsSIPkxd,pwqsSIPkxd,r,ivMf,pwqsSIPkxd
pwqsSIPkxd
ivMf,pwqsSIPkxd,pwqsSIPkxd,pwqsSIPkxd,pwqsSIPkxd,r,ivMf,pwqsSIPkxd,pwqsSIPkxd
pwqsSIPkxd
pwqsSIPkxd
pwqsSIPkxd
pwqsSIPkxd
pwqsSIPkxd,pwqsSIPkxd,pwqsSIPkxd,pwqsSIPkxd,ivMf,pwqsSIPkxd,pwqsSIPkxd
pwqsSIPkxd
pwqsSIPkxd,pwqsSIPkxd,pwqsSIPkxd,pwqsSIPkxd,pwqsSIPkxd,pwqsSIPkxd
pwqsSIPkxd,pwqsSIPkxd,pwqsSIPkxd,pwqsSIPkxd,ivMf,pwqsSIPkxd,pwqsSIPkxd
pwqsSIPkxd
pwqsSIPkxd
pwqsSIPkxd
Jedi Wagner, assuma o comando!