[vazia]
[vazia]
[vazia]
Toque! Toque, Dijê!
[vazia]
WSEpqHA
[vazia]
WSEpqHA
WSEpqHA
WSEpqHA
WSEpqHA
WSEpqHA
WSEpqHA
WSEpqHA,WSEpqHA
WSEpqHA
WSEpqHA
WSEpqHA
WSEpqHA
WSEpqHA,q,WSEpqHA
WSEpqHA,q,WSEpqHA
q
q
WSEpqHA,q,WSEpqHA
WSEpqHA
WSEpqHA
WSEpqHA
WSEpqHA
WSEpqHA
WSEpqHA,q,q,q
WSEpqHA
WSEpqHA
WSEpqHA
WSEpqHA
WSEpqHA,WSEpqHA,q,q
WSEpqHA,WSEpqHA,q,WSEpqHA
WSEpqHA,q,WSEpqHA,q
WSEpqHA
q
WSEpqHA,WSEpqHA,q,WSEpqHA,q
WSEpqHA,WSEpqHA,q,WSEpqHA,q
q
q,WSEpqHA,WSEpqHA,q,WSEpqHA,WSEpqHA,q
q
WSEpqHA
q
WSEpqHA
WSEpqHA
q
q
q
q
WSEpqHA,WSEpqHA,q,q
WSEpqHA,WSEpqHA,q,q
WSEpqHA,WSEpqHA,q,q,q,q
WSEpqHA,WSEpqHA,q,q,q,q,q,q
WSEpqHA,WSEpqHA,q,q
q
WSEpqHA,q,q
q,q
q
q
q
WSEpqHA,q,q
WSEpqHA,q,q,WSEpqHA,WSEpqHA
WSEpqHA
q,WSEpqHA,WSEpqHA,q,q
q,WSEpqHA,WSEpqHA,q,q,q
q,WSEpqHA,WSEpqHA,q,q,q
q,WSEpqHA,q,q,q
q,WSEpqHA,WSEpqHA,q,q,q
q,WSEpqHA,WSEpqHA,q,q,q
q,WSEpqHA,WSEpqHA,q,q,q
q
Jedi Wagner, assuma o comando!