ve
[vazia]
Toque! Toque, Dijê!
[vazia]
ve
ve,Q,ve
Q
ve
ve
ve,Q,ve
ve
Q,ve,ve
ve
ve
Q
Q
ve,ve
ve
ve,ve
ve,ve
ve
ve,ve
ve,ve,Q
ve,ve,Q
ve
ve
ve,ve,ve
ve,ve,ve
ve,ve,ve
ve
ve
Q,ve,ve,Q
Q,ve,ve,Q
ve
ve,Q,ve,ve,Q
ve
ve
ve
ve
ve
Q,ve,ve
Q,ve,ve
Q,ve,ve
Q,ve,ve
Q,ve,ve
Q,ve,ve
Q,ve,ve,Q
ve
Q,ve,ve,Q
Q,ve,ve
Q,ve,ve
Q,ve,ve
ve
ve,Q,ve,ve
Q
ve
ve,ve,ve
ve,ve,ve
ve,ve
ve,ve
ve,ve
ve,ve
ve,ve
ve
Q
ve,ve,Q,ve,Q,Q
ve
ve,ve,Q,ve,Q,Q
ve,ve,Q,ve,Q,Q
Q
Q
Q
Q
Q
ve,ve,ve,Q
Q
Q
ve,ve,ve,Q,Q
ve
ve,ve,Q,Q
Q
Q
ve,Q,Q,Q,ve
Q
Q
Q
Q,Q,Q,Q
Q
Q
Q,ve,Q,Q,Q,Q,ve
ve,Q,Q,Q,Q,Q,ve
Q
Q,ve,Q,Q,Q,Q,ve
Q
Q
Q
ve
Q
Q
Q,ve,Q,Q,ve,Q,ve,Q,Q
Q
ve,Q,Q,Q,Q,Q,ve,ve,ve
ve,Q,Q,Q,Q,Q,ve,ve
ve
Q,Q,Q,Q,ve,Q,ve
ve
ve
Q
Q,Q,Q,ve,ve,ve
Q
Q
Q,ve,Q,ve,ve,ve,Q
Q,ve,Q,ve,ve,ve,Q
ve,ve,ve,ve
ve
ve
ve,ve,Q,ve,ve
ve,ve,Q,ve,ve
ve
ve,ve,ve
ve,ve,ve
ve,ve,ve
ve,ve,ve,ve
ve,ve,ve,ve,Q
ve,ve,ve,ve,Q,Q
ve,ve,ve,Q,Q,Q
Jedi Wagner, assuma o comando!