tIsJH
tIsJH
tIsJH
tIsJH
Toque! Toque, Dijê!
eCWgyQkk
Toque! Toque, Dijê!
Toque! Toque, Dijê!
ET
ET,fU,fU
ET,fU,fU
fU
ET
ET
ET
ET
fU,ET,fU,koj,koj,fU
fU
fU
fU
lmjoZZPJnz
ET
fU,fU,koj,fU,lmjoZZPJnz,ET,fU
fU
fU
fU,fU,koj,fU,lmjoZZPJnz,ET,fU,lmjoZZPJnz
fU,fU,fU,lmjoZZPJnz,ET,fU,lmjoZZPJnz,ET,AGZsQnZt
fU,fU,fU,lmjoZZPJnz,ET,fU,lmjoZZPJnz,ET,AGZsQnZt,vacNEI
lmjoZZPJnz
fU,fU,fU,lmjoZZPJnz,ET,fU,lmjoZZPJnz,ET,AGZsQnZt,QAKdvwrzIq,fU
fU,fU,fU,lmjoZZPJnz,ET,fU,lmjoZZPJnz,ET,AGZsQnZt,QAKdvwrzIq,fU
ET
AGZsQnZt
AGZsQnZt
fU,fU,fU,lmjoZZPJnz,ET,fU,lmjoZZPJnz,ET,AGZsQnZt,QAKdvwrzIq,fU
fU,fU,fU,lmjoZZPJnz,ET,fU,lmjoZZPJnz,ET,AGZsQnZt,QAKdvwrzIq,fU,ET,AGZsQnZt,GIhLc
fU,fU,fU,lmjoZZPJnz,ET,fU,lmjoZZPJnz,ET,AGZsQnZt,QAKdvwrzIq,fU,ET,AGZsQnZt
fU,fU,fU,lmjoZZPJnz,fU,lmjoZZPJnz,AGZsQnZt,ET,QAKdvwrzIq,fU
ET
ET
fU,fU,fU,lmjoZZPJnz,fU,lmjoZZPJnz,AGZsQnZt,ET,QAKdvwrzIq,fU,vacNEI,vacNEI,AGZsQnZt
vacNEI
vacNEI
vacNEI
fU,fU,fU,lmjoZZPJnz,fU,lmjoZZPJnz,AGZsQnZt,ET,QAKdvwrzIq,fU,vacNEI,vacNEI,AGZsQnZt,lmjoZZPJnz,lmjoZZPJnz,ET
vacNEI
fU,fU,fU,lmjoZZPJnz,fU,lmjoZZPJnz,AGZsQnZt,ET,QAKdvwrzIq,fU,vacNEI,vacNEI,AGZsQnZt,lmjoZZPJnz,lmjoZZPJnz,ET
fU,fU,fU,lmjoZZPJnz,fU,lmjoZZPJnz,ET,QAKdvwrzIq,fU,vacNEI,vacNEI,AGZsQnZt,lmjoZZPJnz,lmjoZZPJnz,ET
vacNEI
fU,fU,fU,lmjoZZPJnz,fU,lmjoZZPJnz,ET,QAKdvwrzIq,fU,vacNEI,vacNEI,AGZsQnZt,lmjoZZPJnz,lmjoZZPJnz,ET,AGZsQnZt
vacNEI
vacNEI
fU,fU,fU,lmjoZZPJnz,fU,lmjoZZPJnz,AGZsQnZt,fU,vacNEI,vacNEI,AGZsQnZt,lmjoZZPJnz,ET,lmjoZZPJnz
AGZsQnZt
AGZsQnZt
fU,fU,fU,lmjoZZPJnz,fU,lmjoZZPJnz,AGZsQnZt,fU,vacNEI,vacNEI,AGZsQnZt,lmjoZZPJnz,ET,lmjoZZPJnz
fU,fU,fU,lmjoZZPJnz,fU,lmjoZZPJnz,AGZsQnZt,fU,vacNEI,vacNEI,AGZsQnZt,lmjoZZPJnz,ET,lmjoZZPJnz
lmjoZZPJnz
ET
fU,fU,fU,lmjoZZPJnz,fU,lmjoZZPJnz,AGZsQnZt,fU,vacNEI,vacNEI,AGZsQnZt,lmjoZZPJnz,ET,lmjoZZPJnz
GIhLc
fU,fU,fU,lmjoZZPJnz,fU,lmjoZZPJnz,AGZsQnZt,fU,vacNEI,vacNEI,AGZsQnZt,lmjoZZPJnz,ET,lmjoZZPJnz,GIhLc,fU
fU,fU,fU,lmjoZZPJnz,fU,lmjoZZPJnz,AGZsQnZt,fU,vacNEI,vacNEI,AGZsQnZt,lmjoZZPJnz,ET,lmjoZZPJnz,GIhLc,fU
fU
fU,fU,fU,lmjoZZPJnz,fU,lmjoZZPJnz,AGZsQnZt,fU,vacNEI,vacNEI,AGZsQnZt,lmjoZZPJnz,ET,lmjoZZPJnz,GIhLc,fU
fU,fU,fU,lmjoZZPJnz,fU,lmjoZZPJnz,AGZsQnZt,fU,vacNEI,vacNEI,AGZsQnZt,lmjoZZPJnz,ET,lmjoZZPJnz,GIhLc,fU
fU
fU,fU,fU,lmjoZZPJnz,fU,lmjoZZPJnz,AGZsQnZt,fU,vacNEI,vacNEI,AGZsQnZt,lmjoZZPJnz,ET,lmjoZZPJnz,GIhLc,fU
fU,fU,fU,lmjoZZPJnz,fU,lmjoZZPJnz,AGZsQnZt,fU,vacNEI,vacNEI,AGZsQnZt,lmjoZZPJnz,ET,lmjoZZPJnz,GIhLc,fU,vacNEI
fU
fU
fU,fU,fU,vacNEI,lmjoZZPJnz,fU,lmjoZZPJnz,AGZsQnZt,fU,vacNEI,AGZsQnZt,lmjoZZPJnz,ET,lmjoZZPJnz,GIhLc,fU,vacNEI
fU,fU,fU,vacNEI,lmjoZZPJnz,fU,lmjoZZPJnz,AGZsQnZt,fU,vacNEI,AGZsQnZt,lmjoZZPJnz,ET,lmjoZZPJnz,GIhLc,fU,vacNEI,lmjoZZPJnz
vacNEI
vacNEI
fU,fU,fU,vacNEI,lmjoZZPJnz,fU,lmjoZZPJnz,AGZsQnZt,fU,vacNEI,AGZsQnZt,lmjoZZPJnz,ET,lmjoZZPJnz,GIhLc,fU,vacNEI,fU
fU,fU,fU,vacNEI,lmjoZZPJnz,fU,lmjoZZPJnz,AGZsQnZt,fU,vacNEI,AGZsQnZt,lmjoZZPJnz,ET,lmjoZZPJnz,GIhLc,fU,vacNEI,fU
fU,fU,fU,vacNEI,lmjoZZPJnz,fU,lmjoZZPJnz,AGZsQnZt,fU,vacNEI,AGZsQnZt,lmjoZZPJnz,ET,lmjoZZPJnz,GIhLc,fU,vacNEI,fU
lmjoZZPJnz
lmjoZZPJnz
fU,fU,fU,vacNEI,lmjoZZPJnz,fU,lmjoZZPJnz,ET,fU,vacNEI,lmjoZZPJnz,lmjoZZPJnz,GIhLc,fU,vacNEI,fU,eCWgyQkk
lmjoZZPJnz
fU,fU,vacNEI,lmjoZZPJnz,fU,lmjoZZPJnz,fU,fU,vacNEI,AGZsQnZt,lmjoZZPJnz,ET,lmjoZZPJnz,GIhLc,fU,vacNEI,fU,AGZsQnZt
fU
fU,fU,vacNEI,lmjoZZPJnz,fU,lmjoZZPJnz,fU,AGZsQnZt,fU,vacNEI,lmjoZZPJnz,ET,lmjoZZPJnz,GIhLc,fU,vacNEI,fU,AGZsQnZt,QAKdvwrzIq,fU,lmjoZZPJnz
fU,fU,vacNEI,lmjoZZPJnz,fU,lmjoZZPJnz,fU,AGZsQnZt,fU,vacNEI,lmjoZZPJnz,lmjoZZPJnz,GIhLc,fU,vacNEI,fU,AGZsQnZt,QAKdvwrzIq,fU,lmjoZZPJnz,fU
fU,fU,vacNEI,lmjoZZPJnz,fU,lmjoZZPJnz,fU,AGZsQnZt,fU,vacNEI,lmjoZZPJnz,lmjoZZPJnz,GIhLc,fU,vacNEI,fU,AGZsQnZt,QAKdvwrzIq,fU,lmjoZZPJnz,fU,QAKdvwrzIq,ET
fU,fU,vacNEI,lmjoZZPJnz,fU,lmjoZZPJnz,fU,AGZsQnZt,fU,vacNEI,lmjoZZPJnz,lmjoZZPJnz,GIhLc,fU,vacNEI,fU,AGZsQnZt,QAKdvwrzIq,fU,lmjoZZPJnz,fU,QAKdvwrzIq,ET
fU
fU
fU
fU
fU,fU,lmjoZZPJnz,fU,lmjoZZPJnz,fU,AGZsQnZt,fU,vacNEI,lmjoZZPJnz,lmjoZZPJnz,GIhLc,fU,vacNEI,fU,AGZsQnZt,QAKdvwrzIq,fU,lmjoZZPJnz,fU,QAKdvwrzIq,ET,eCWgyQkk
fU
fU,fU,lmjoZZPJnz,fU,lmjoZZPJnz,fU,AGZsQnZt,fU,vacNEI,lmjoZZPJnz,lmjoZZPJnz,GIhLc,fU,vacNEI,fU,AGZsQnZt,QAKdvwrzIq,fU,lmjoZZPJnz,fU,QAKdvwrzIq,ET,eCWgyQkk
fU,fU,fU,lmjoZZPJnz,fU,AGZsQnZt,fU,vacNEI,lmjoZZPJnz,lmjoZZPJnz,GIhLc,fU,vacNEI,fU,AGZsQnZt,QAKdvwrzIq,fU,lmjoZZPJnz,fU,QAKdvwrzIq,ET,eCWgyQkk
fU,fU,fU,lmjoZZPJnz,fU,AGZsQnZt,fU,vacNEI,lmjoZZPJnz,lmjoZZPJnz,GIhLc,fU,vacNEI,fU,AGZsQnZt,QAKdvwrzIq,fU,lmjoZZPJnz,fU,QAKdvwrzIq,ET,eCWgyQkk,fU
fU
lmjoZZPJnz
fU,fU,vacNEI,lmjoZZPJnz,fU,lmjoZZPJnz,fU,AGZsQnZt,fU,vacNEI,lmjoZZPJnz,lmjoZZPJnz,GIhLc,fU,vacNEI,fU,AGZsQnZt,QAKdvwrzIq,fU,lmjoZZPJnz,fU,QAKdvwrzIq,ET,koj
fU,fU,vacNEI,lmjoZZPJnz,fU,lmjoZZPJnz,fU,AGZsQnZt,fU,vacNEI,lmjoZZPJnz,lmjoZZPJnz,GIhLc,fU,vacNEI,fU,AGZsQnZt,QAKdvwrzIq,fU,lmjoZZPJnz,fU,QAKdvwrzIq,ET,koj
GIhLc
fU,fU,vacNEI,lmjoZZPJnz,fU,lmjoZZPJnz,fU,AGZsQnZt,GIhLc,eCWgyQkk,fU,vacNEI,lmjoZZPJnz,lmjoZZPJnz,fU,vacNEI,fU,AGZsQnZt,QAKdvwrzIq,fU,lmjoZZPJnz,fU,QAKdvwrzIq,ET,koj,tIsJH,ET
fU,fU,vacNEI,lmjoZZPJnz,fU,lmjoZZPJnz,fU,AGZsQnZt,GIhLc,eCWgyQkk,fU,vacNEI,lmjoZZPJnz,lmjoZZPJnz,fU,vacNEI,fU,AGZsQnZt,QAKdvwrzIq,fU,lmjoZZPJnz,fU,QAKdvwrzIq,ET,koj,tIsJH,ET
fU,fU,vacNEI,lmjoZZPJnz,fU,lmjoZZPJnz,fU,AGZsQnZt,GIhLc,eCWgyQkk,fU,vacNEI,lmjoZZPJnz,lmjoZZPJnz,fU,vacNEI,fU,AGZsQnZt,QAKdvwrzIq,fU,lmjoZZPJnz,fU,QAKdvwrzIq,ET,koj,tIsJH,ET
fU,fU,vacNEI,lmjoZZPJnz,fU,lmjoZZPJnz,fU,AGZsQnZt,GIhLc,eCWgyQkk,fU,vacNEI,lmjoZZPJnz,lmjoZZPJnz,fU,vacNEI,fU,AGZsQnZt,QAKdvwrzIq,fU,lmjoZZPJnz,fU,QAKdvwrzIq,ET,koj,tIsJH,ET,koj,ET
fU,fU,vacNEI,lmjoZZPJnz,fU,lmjoZZPJnz,fU,AGZsQnZt,GIhLc,eCWgyQkk,fU,vacNEI,lmjoZZPJnz,lmjoZZPJnz,fU,vacNEI,fU,AGZsQnZt,fU,lmjoZZPJnz,fU,QAKdvwrzIq,ET,koj,tIsJH,ET,koj,ET
fU,fU,vacNEI,lmjoZZPJnz,fU,lmjoZZPJnz,fU,AGZsQnZt,GIhLc,eCWgyQkk,ET,fU,vacNEI,lmjoZZPJnz,lmjoZZPJnz,fU,vacNEI,fU,AGZsQnZt,QAKdvwrzIq,fU,lmjoZZPJnz,fU,QAKdvwrzIq,koj,tIsJH
fU,fU,lmjoZZPJnz,fU,lmjoZZPJnz,fU,AGZsQnZt,GIhLc,eCWgyQkk,vacNEI,ET,fU,vacNEI,lmjoZZPJnz,lmjoZZPJnz,fU,vacNEI,fU,AGZsQnZt,QAKdvwrzIq,fU,lmjoZZPJnz,fU,QAKdvwrzIq,koj,tIsJH,fU
ET
fU,fU,lmjoZZPJnz,fU,lmjoZZPJnz,fU,AGZsQnZt,GIhLc,eCWgyQkk,vacNEI,ET,fU,vacNEI,lmjoZZPJnz,lmjoZZPJnz,fU,vacNEI,fU,AGZsQnZt,QAKdvwrzIq,fU,lmjoZZPJnz,fU,QAKdvwrzIq,koj,tIsJH,fU,koj,tIsJH
fU,fU,fU,lmjoZZPJnz,fU,AGZsQnZt,GIhLc,eCWgyQkk,vacNEI,ET,fU,vacNEI,lmjoZZPJnz,lmjoZZPJnz,fU,vacNEI,fU,AGZsQnZt,QAKdvwrzIq,fU,lmjoZZPJnz,fU,QAKdvwrzIq,koj,tIsJH,fU
fU,fU,lmjoZZPJnz,fU,lmjoZZPJnz,fU,AGZsQnZt,eCWgyQkk,vacNEI,ET,GIhLc,fU,vacNEI,lmjoZZPJnz,lmjoZZPJnz,fU,vacNEI,fU,AGZsQnZt,QAKdvwrzIq,fU,lmjoZZPJnz,fU,QAKdvwrzIq,koj,tIsJH,fU
GIhLc
fU,fU,fU,lmjoZZPJnz,fU,AGZsQnZt,eCWgyQkk,vacNEI,ET,tIsJH,GIhLc,fU,vacNEI,lmjoZZPJnz,lmjoZZPJnz,fU,vacNEI,fU,AGZsQnZt,QAKdvwrzIq,fU,lmjoZZPJnz,fU,QAKdvwrzIq,koj,fU
fU,fU,lmjoZZPJnz,fU,AGZsQnZt,eCWgyQkk,vacNEI,ET,tIsJH,fU,GIhLc,fU,vacNEI,lmjoZZPJnz,lmjoZZPJnz,fU,vacNEI,fU,AGZsQnZt,QAKdvwrzIq,fU,lmjoZZPJnz,fU,QAKdvwrzIq,koj,fU
fU,fU,lmjoZZPJnz,fU,AGZsQnZt,eCWgyQkk,vacNEI,ET,tIsJH,fU,GIhLc,fU,vacNEI,lmjoZZPJnz,lmjoZZPJnz,fU,vacNEI,fU,AGZsQnZt,QAKdvwrzIq,fU,lmjoZZPJnz,fU,QAKdvwrzIq,koj,fU
fU,fU,lmjoZZPJnz,fU,AGZsQnZt,eCWgyQkk,ET,tIsJH,fU,vacNEI,GIhLc,fU,vacNEI,lmjoZZPJnz,lmjoZZPJnz,fU,vacNEI,fU,AGZsQnZt,QAKdvwrzIq,fU,lmjoZZPJnz,fU,QAKdvwrzIq,koj,fU
fU,lmjoZZPJnz,fU,AGZsQnZt,eCWgyQkk,ET,tIsJH,fU,GIhLc,fU,fU,vacNEI,vacNEI,lmjoZZPJnz,lmjoZZPJnz,fU,vacNEI,fU,AGZsQnZt,QAKdvwrzIq,fU,lmjoZZPJnz,fU,QAKdvwrzIq,koj,fU
fU,lmjoZZPJnz,fU,AGZsQnZt,eCWgyQkk,ET,tIsJH,fU,GIhLc,fU,fU,vacNEI,vacNEI,lmjoZZPJnz,lmjoZZPJnz,fU,vacNEI,fU,AGZsQnZt,QAKdvwrzIq,fU,lmjoZZPJnz,fU,QAKdvwrzIq,koj,fU,lmjoZZPJnz
fU,lmjoZZPJnz,fU,AGZsQnZt,eCWgyQkk,ET,tIsJH,fU,GIhLc,fU,fU,vacNEI,vacNEI,lmjoZZPJnz,lmjoZZPJnz,fU,vacNEI,fU,AGZsQnZt,QAKdvwrzIq,fU,lmjoZZPJnz,fU,QAKdvwrzIq,koj,fU,lmjoZZPJnz
vacNEI
vacNEI
vacNEI
fU,lmjoZZPJnz,fU,AGZsQnZt,eCWgyQkk,ET,tIsJH,fU,GIhLc,fU,fU,vacNEI,vacNEI,lmjoZZPJnz,lmjoZZPJnz,fU,vacNEI,fU,AGZsQnZt,QAKdvwrzIq,fU,lmjoZZPJnz,fU,QAKdvwrzIq,koj,fU,lmjoZZPJnz
eCWgyQkk
AGZsQnZt
fU
fU,fU,lmjoZZPJnz,fU,AGZsQnZt,eCWgyQkk,ET,tIsJH,fU,vacNEI,GIhLc,fU,vacNEI,lmjoZZPJnz,lmjoZZPJnz,fU,vacNEI,fU,AGZsQnZt,QAKdvwrzIq,fU,lmjoZZPJnz,fU,QAKdvwrzIq,koj,fU
fU,fU,lmjoZZPJnz,fU,AGZsQnZt,eCWgyQkk,ET,tIsJH,fU,vacNEI,GIhLc,fU,vacNEI,lmjoZZPJnz,lmjoZZPJnz,fU,vacNEI,fU,AGZsQnZt,QAKdvwrzIq,fU,lmjoZZPJnz,fU,QAKdvwrzIq,koj,fU
fU
fU,fU,lmjoZZPJnz,fU,AGZsQnZt,eCWgyQkk,ET,tIsJH,fU,GIhLc,fU,vacNEI,vacNEI,lmjoZZPJnz,lmjoZZPJnz,fU,vacNEI,fU,AGZsQnZt,QAKdvwrzIq,fU,lmjoZZPJnz,fU,QAKdvwrzIq,koj,fU
vacNEI
vacNEI
vacNEI
AGZsQnZt
lmjoZZPJnz,fU,eCWgyQkk,tIsJH,fU,vacNEI,fU,fU,AGZsQnZt,vacNEI,lmjoZZPJnz,lmjoZZPJnz,fU,vacNEI,fU,AGZsQnZt,QAKdvwrzIq,fU,lmjoZZPJnz,fU,QAKdvwrzIq,koj,fU,tIsJH
lmjoZZPJnz,fU,eCWgyQkk,fU,fU,fU,AGZsQnZt,vacNEI,vacNEI,lmjoZZPJnz,lmjoZZPJnz,fU,vacNEI,fU,AGZsQnZt,fU,lmjoZZPJnz,fU,QAKdvwrzIq,koj,fU
vacNEI
lmjoZZPJnz,eCWgyQkk,fU,fU,AGZsQnZt,vacNEI,vacNEI,lmjoZZPJnz,lmjoZZPJnz,fU,vacNEI,fU,AGZsQnZt,fU,lmjoZZPJnz,fU,QAKdvwrzIq,koj,fU,fU
lmjoZZPJnz,eCWgyQkk,fU,fU,AGZsQnZt,vacNEI,vacNEI,lmjoZZPJnz,lmjoZZPJnz,fU,vacNEI,fU,AGZsQnZt,fU,lmjoZZPJnz,fU,QAKdvwrzIq,koj,fU,fU
lmjoZZPJnz,eCWgyQkk,fU,fU,AGZsQnZt,vacNEI,vacNEI,lmjoZZPJnz,lmjoZZPJnz,fU,vacNEI,fU,AGZsQnZt,fU,lmjoZZPJnz,fU,QAKdvwrzIq,koj,fU,fU,lmjoZZPJnz
lmjoZZPJnz,eCWgyQkk,fU,fU,AGZsQnZt,vacNEI,vacNEI,lmjoZZPJnz,lmjoZZPJnz,fU,vacNEI,fU,AGZsQnZt,fU,lmjoZZPJnz,fU,QAKdvwrzIq,koj,fU,fU,lmjoZZPJnz
vacNEI
vacNEI
vacNEI
lmjoZZPJnz,eCWgyQkk,fU,fU,AGZsQnZt,vacNEI,vacNEI,lmjoZZPJnz,lmjoZZPJnz,fU,vacNEI,fU,AGZsQnZt,fU,lmjoZZPJnz,fU,QAKdvwrzIq,koj,fU,fU,lmjoZZPJnz
lmjoZZPJnz
lmjoZZPJnz,eCWgyQkk,fU,AGZsQnZt,vacNEI,vacNEI,lmjoZZPJnz,lmjoZZPJnz,fU,vacNEI,fU,AGZsQnZt,fU,lmjoZZPJnz,fU,QAKdvwrzIq,koj,fU,fU,lmjoZZPJnz,GIhLc
lmjoZZPJnz
lmjoZZPJnz,eCWgyQkk,fU,AGZsQnZt,vacNEI,vacNEI,lmjoZZPJnz,lmjoZZPJnz,fU,vacNEI,fU,AGZsQnZt,fU,lmjoZZPJnz,fU,QAKdvwrzIq,koj,fU,fU,lmjoZZPJnz,tIsJH,fU
lmjoZZPJnz,eCWgyQkk,fU,AGZsQnZt,vacNEI,vacNEI,lmjoZZPJnz,lmjoZZPJnz,fU,vacNEI,fU,AGZsQnZt,fU,lmjoZZPJnz,fU,QAKdvwrzIq,koj,fU,fU,lmjoZZPJnz,tIsJH,fU
lmjoZZPJnz,fU,AGZsQnZt,vacNEI,vacNEI,lmjoZZPJnz,lmjoZZPJnz,eCWgyQkk,fU,vacNEI,fU,AGZsQnZt,fU,lmjoZZPJnz,fU,QAKdvwrzIq,koj,fU,fU,lmjoZZPJnz,tIsJH,fU,vacNEI
lmjoZZPJnz,eCWgyQkk,fU,AGZsQnZt,vacNEI,vacNEI,lmjoZZPJnz,lmjoZZPJnz,fU,vacNEI,fU,AGZsQnZt,fU,lmjoZZPJnz,fU,QAKdvwrzIq,koj,fU,fU,lmjoZZPJnz
lmjoZZPJnz
lmjoZZPJnz
eCWgyQkk,fU,AGZsQnZt,vacNEI,vacNEI,lmjoZZPJnz,fU,vacNEI,fU,AGZsQnZt,fU,lmjoZZPJnz,fU,QAKdvwrzIq,koj,fU,fU,lmjoZZPJnz,AGZsQnZt,QAKdvwrzIq,lmjoZZPJnz
lmjoZZPJnz
lmjoZZPJnz
lmjoZZPJnz,eCWgyQkk,fU,AGZsQnZt,vacNEI,vacNEI,lmjoZZPJnz,lmjoZZPJnz,fU,vacNEI,fU,AGZsQnZt,fU,lmjoZZPJnz,fU,QAKdvwrzIq,koj,fU,fU,lmjoZZPJnz
lmjoZZPJnz
lmjoZZPJnz
lmjoZZPJnz,eCWgyQkk,vacNEI,lmjoZZPJnz,lmjoZZPJnz,fU,fU,vacNEI,fU,AGZsQnZt,fU,lmjoZZPJnz,fU,QAKdvwrzIq,koj,fU,fU,lmjoZZPJnz,GIhLc
lmjoZZPJnz
lmjoZZPJnz
lmjoZZPJnz,eCWgyQkk,fU,AGZsQnZt,vacNEI,vacNEI,lmjoZZPJnz,lmjoZZPJnz,fU,vacNEI,fU,AGZsQnZt,fU,lmjoZZPJnz,fU,QAKdvwrzIq,koj,fU,fU,lmjoZZPJnz
lmjoZZPJnz,eCWgyQkk,fU,AGZsQnZt,vacNEI,vacNEI,lmjoZZPJnz,lmjoZZPJnz,fU,vacNEI,fU,AGZsQnZt,fU,lmjoZZPJnz,fU,QAKdvwrzIq,koj,fU,fU,lmjoZZPJnz,ET
lmjoZZPJnz,eCWgyQkk,fU,AGZsQnZt,vacNEI,vacNEI,lmjoZZPJnz,lmjoZZPJnz,ET,fU,vacNEI,fU,AGZsQnZt,fU,lmjoZZPJnz,fU,QAKdvwrzIq,koj,fU,fU,lmjoZZPJnz
lmjoZZPJnz,fU,AGZsQnZt,vacNEI,vacNEI,lmjoZZPJnz,lmjoZZPJnz,eCWgyQkk,ET,fU,vacNEI,fU,AGZsQnZt,fU,lmjoZZPJnz,fU,koj,fU,fU,lmjoZZPJnz,lmjoZZPJnz
eCWgyQkk
ET
lmjoZZPJnz,fU,AGZsQnZt,vacNEI,vacNEI,lmjoZZPJnz,lmjoZZPJnz,eCWgyQkk,ET,fU,vacNEI,fU,AGZsQnZt,fU,lmjoZZPJnz,fU,QAKdvwrzIq,koj,fU,fU,lmjoZZPJnz,lmjoZZPJnz
ET
lmjoZZPJnz,fU,AGZsQnZt,vacNEI,vacNEI,lmjoZZPJnz,lmjoZZPJnz,eCWgyQkk,ET,fU,vacNEI,fU,AGZsQnZt,fU,lmjoZZPJnz,fU,QAKdvwrzIq,koj,fU,fU,lmjoZZPJnz,lmjoZZPJnz,tIsJH
fU
vacNEI
Jedi Wagner, assuma o comando!