[vazia]
[vazia]
BWLRWD
iajHhOFrWR
iajHhOFrWR,Ej
Toque! Toque, Dijê!
Toque! Toque, Dijê!
Toque! Toque, Dijê!
[vazia]
Toque! Toque, Dijê!
[vazia]
[vazia]
Ej
Ej
Ej
Ej
Ej
Ej
Ej
Ej
Ej
Toque! Toque, Dijê!
Toque! Toque, Dijê!
[vazia]
Toque! Toque, Dijê!
Toque! Toque, Dijê!
BWLRWD
Ej
Ej
[vazia]
[vazia]
BWLRWD,Ej
Ej
Ej
Ej
Ej
Ej
Ej
Ej,Ej
Ej
Ej
Ej
Ej,Ej,Ej
Ej,Ej,Ej
Ej
Ej,Ej,Ej,Ej,iajHhOFrWR
Ej
Ej
Ej
Ej
iajHhOFrWR,Ej,Ej,Ej,Ej,BWLRWD
iajHhOFrWR,Ej,Ej,Ej,Ej
Ej
iajHhOFrWR,Ej,Ej,Ej,Ej
Ej
iajHhOFrWR,Ej,Ej,Ej,Ej,BWLRWD,Ej
Ej
iajHhOFrWR,Ej,Ej,Ej,Ej,BWLRWD,Ej,iajHhOFrWR,Ej
iajHhOFrWR,Ej,Ej,Ej,Ej,BWLRWD,x
iajHhOFrWR,Ej,Ej,Ej,Ej,x
iajHhOFrWR,Ej,Ej,Ej,Ej,x
Ej,Ej,Ej,Ej,x,Ej,x
Ej,Ej,Ej,Ej
iajHhOFrWR,Ej,Ej,BWLRWD,Ej,x
Ej,Ej,BWLRWD,Ej,x,x
Ej,Ej,Ej,Ej,iajHhOFrWR,x
x
Ej,Ej,Ej,Ej,iajHhOFrWR,x
Ej
Ej,Ej,Ej,Ej,iajHhOFrWR,x
Ej,Ej,x,Ej,Ej,iajHhOFrWR,BWLRWD
x
Ej
Ej
Ej
Ej
x
x
Ej,x,Ej,Ej,Ej,iajHhOFrWR
Ej,x,Ej,Ej,Ej,iajHhOFrWR
Ej
Ej
Ej
x,Ej,Ej,iajHhOFrWR,x,BWLRWD,iajHhOFrWR
iajHhOFrWR
x,Ej,Ej,iajHhOFrWR,x,BWLRWD,iajHhOFrWR
x,Ej,Ej,x,BWLRWD,iajHhOFrWR,Ej
x,Ej,x,Ej,BWLRWD,iajHhOFrWR,Ej
x
Ej
x,Ej,x,Ej,BWLRWD,Ej
Ej
Ej
Ej
x,Ej,x,Ej,BWLRWD,Ej
x,Ej,x,Ej,BWLRWD,Ej
Ej
x,Ej,x,Ej,BWLRWD,Ej,iajHhOFrWR
x,Ej,x,Ej,BWLRWD,Ej,x
Ej
x,Ej,x,Ej,BWLRWD,Ej,x
BWLRWD
x
x,x,Ej,BWLRWD,Ej,x
x,x,Ej,BWLRWD,Ej,x
x
x
Ej
x,x,Ej,x,x
Ej
Ej
Ej
Ej
x
x,x,x,iajHhOFrWR,Ej
iajHhOFrWR
x,x,Ej,x
x,x,Ej,x
x,x,x,Ej
x,x,x,Ej
x,x
x,x,Ej,x
x,Ej,x,x
x,Ej,x,x,iajHhOFrWR,iajHhOFrWR
Ej
Ej,iajHhOFrWR,x,iajHhOFrWR,x
Ej
Ej,iajHhOFrWR,x,iajHhOFrWR,x
Jedi Wagner, assuma o comando!