Toque! Toque, Dijê!
vrTZMwNTES
vrTZMwNTES
vrTZMwNTES
vrTZMwNTES,jQ
vrTZMwNTES,jQ
vrTZMwNTES,jQ
jQ
jQ
jQ
jQ
jQ
jQ
vrTZMwNTES,jQ,vrTZMwNTES
vrTZMwNTES
vrTZMwNTES
vrTZMwNTES
vrTZMwNTES
vrTZMwNTES
vrTZMwNTES
vrTZMwNTES
vrTZMwNTES
vrTZMwNTES
vrTZMwNTES
vrTZMwNTES
vrTZMwNTES
vrTZMwNTES,vrTZMwNTES
vrTZMwNTES
vrTZMwNTES
vrTZMwNTES
vrTZMwNTES
vrTZMwNTES
vrTZMwNTES,vrTZMwNTES,od,vrTZMwNTES,Y
vrTZMwNTES
vrTZMwNTES,vrTZMwNTES,vrTZMwNTES,Y
Y
vrTZMwNTES,Y,vrTZMwNTES,z,Kcv
vrTZMwNTES
vrTZMwNTES
Y
Y
vrTZMwNTES,Y,vrTZMwNTES,z,Kcv
Y
vrTZMwNTES,Y,vrTZMwNTES,z,Kcv
vrTZMwNTES
vrTZMwNTES,Y,vrTZMwNTES,z,Kcv,jQ,z
z
vrTZMwNTES
vrTZMwNTES
vrTZMwNTES
Y,z,vrTZMwNTES
vrTZMwNTES
vrTZMwNTES
vrTZMwNTES,Y,vrTZMwNTES,z,Kcv
z
z
vrTZMwNTES,Y,vrTZMwNTES,Kcv,z
Y,vrTZMwNTES,Kcv,z,od,z
z
Y,vrTZMwNTES,Kcv,vrTZMwNTES,z,z
Y,vrTZMwNTES,Kcv,vrTZMwNTES,z,z
Y
Kcv
vrTZMwNTES,Y,vrTZMwNTES,z,Kcv
od
vrTZMwNTES,vrTZMwNTES,Kcv,Y,od,nNxQS,jQ
vrTZMwNTES,vrTZMwNTES,z,Kcv,Y,od,jQ
jQ
vrTZMwNTES,vrTZMwNTES,z,Kcv,Y,jQ
vrTZMwNTES,vrTZMwNTES,z,Kcv,Y,jQ
vrTZMwNTES,vrTZMwNTES,z,Kcv,Y,od,nNxQS,jQ
vrTZMwNTES,vrTZMwNTES,z,od,nNxQS,Kcv,jQ,od
vrTZMwNTES,z,od,nNxQS,jQ,vrTZMwNTES,Kcv,od
vrTZMwNTES,z,od,nNxQS,jQ,vrTZMwNTES,Kcv,od
vrTZMwNTES,vrTZMwNTES,z,od,nNxQS,jQ,Kcv,od
vrTZMwNTES,z,od,nNxQS,jQ,vrTZMwNTES,Kcv,od
vrTZMwNTES,vrTZMwNTES,Y,od,nNxQS,Kcv,jQ,z
vrTZMwNTES,Y,od,nNxQS,Kcv,jQ,z,vrTZMwNTES
Y
Y,od,vrTZMwNTES,nNxQS,Kcv,vrTZMwNTES,Kcv
Y,od,vrTZMwNTES,nNxQS,Kcv,vrTZMwNTES,Kcv
Kcv,nNxQS,vrTZMwNTES,Kcv
Kcv,nNxQS,vrTZMwNTES,Kcv,jQ
Kcv,nNxQS,vrTZMwNTES,Kcv
Kcv,nNxQS,vrTZMwNTES,Kcv
nNxQS
Kcv,nNxQS,vrTZMwNTES,Kcv
nNxQS
nNxQS
Kcv,vrTZMwNTES,nNxQS,Kcv
nNxQS
nNxQS
nNxQS
nNxQS,vrTZMwNTES,Kcv,vrTZMwNTES,nNxQS,nNxQS,Y
nNxQS,vrTZMwNTES,Kcv,vrTZMwNTES,nNxQS,nNxQS,Y
nNxQS,vrTZMwNTES,Kcv,vrTZMwNTES,nNxQS,nNxQS,Y,Y
nNxQS,vrTZMwNTES,Kcv,vrTZMwNTES,nNxQS,nNxQS,Y,Y
nNxQS,Kcv,vrTZMwNTES,nNxQS,nNxQS,Y,Y,Y
Kcv
Kcv
nNxQS,Kcv,nNxQS,nNxQS,Y,Y,Y
Kcv,nNxQS,vrTZMwNTES,nNxQS,nNxQS,Y,Y,Y
vrTZMwNTES
Kcv,vrTZMwNTES,nNxQS,nNxQS,nNxQS,Y,Y,Y,Kcv
nNxQS
vrTZMwNTES
nNxQS,Kcv,vrTZMwNTES,nNxQS,nNxQS,Y,Y,Y
vrTZMwNTES
nNxQS
Jedi Wagner, assuma o comando!