[vazia]
Toque! Toque, Dijê!
Toque! Toque, Dijê!
[vazia]
Toque! Toque, Dijê!
Toque! Toque, Dijê!
Toque! Toque, Dijê!
[vazia]
Toque! Toque, Dijê!
Toque! Toque, Dijê!
Toque! Toque, Dijê!
Toque! Toque, Dijê!
Toque! Toque, Dijê!
Toque! Toque, Dijê!
[vazia]
Gy
[vazia]
UWSxCfbj
UWSxCfbj
Gy
Gy
Gy
[vazia]
Toque! Toque, Dijê!
UWSxCfbj,lKJln,sZaIXsDW
UWSxCfbj,lKJln,sZaIXsDW
UWSxCfbj
[vazia]
[vazia]
Toque! Toque, Dijê!
[vazia]
[vazia]
[vazia]
[vazia]
[vazia]
[vazia]
Gy
Toque! Toque, Dijê!
[vazia]
[vazia]
[vazia]
[vazia]
[vazia]
Toque! Toque, Dijê!
Toque! Toque, Dijê!
[vazia]
Toque! Toque, Dijê!
Toque! Toque, Dijê!
Gy
Gy,KHPEptzgF
Gy,KHPEptzgF
Gy,KHPEptzgF
OJpCxA
OJpCxA,KHPEptzgF,sZaIXsDW
KHPEptzgF
KHPEptzgF
KHPEptzgF
OJpCxA,KHPEptzgF,sZaIXsDW
KHPEptzgF
KHPEptzgF
KHPEptzgF
OJpCxA,KHPEptzgF,sZaIXsDW
OJpCxA,KHPEptzgF,sZaIXsDW,KHPEptzgF
OJpCxA,sZaIXsDW,KHPEptzgF,KHPEptzgF
OJpCxA,sZaIXsDW,UWSxCfbj
OJpCxA,sZaIXsDW,UWSxCfbj
OJpCxA,sZaIXsDW,UWSxCfbj
OJpCxA,UWSxCfbj,sZaIXsDW,sZaIXsDW
OJpCxA,UWSxCfbj,sZaIXsDW,sZaIXsDW
OJpCxA,UWSxCfbj,sZaIXsDW,sZaIXsDW
sZaIXsDW,sZaIXsDW,sZaIXsDW
UWSxCfbj
UWSxCfbj
OJpCxA,sZaIXsDW,KHPEptzgF,OJpCxA,OJpCxA
sZaIXsDW
OJpCxA,sZaIXsDW,OJpCxA
OJpCxA,KHPEptzgF,sZaIXsDW,OJpCxA,KHPEptzgF
sZaIXsDW
OJpCxA
OJpCxA,KHPEptzgF,sZaIXsDW,OJpCxA
OJpCxA
OJpCxA
OJpCxA
OJpCxA
OJpCxA,KHPEptzgF,sZaIXsDW,OJpCxA
OJpCxA
Jedi Wagner, assuma o comando!