[vazia]
Toque! Toque, Dijê!
[vazia]
Toque! Toque, Dijê!
[vazia]
fDfKntRD
[vazia]
HV
[vazia]
[vazia]
Toque! Toque, Dijê!
HV,HV
[vazia]
Toque! Toque, Dijê!
Toque! Toque, Dijê!
Toque! Toque, Dijê!
HV,fDfKntRD
HV,fDfKntRD,HV
HV,fDfKntRD,HV
fDfKntRD
HV
fDfKntRD,HV,fDfKntRD
HV
fDfKntRD
fDfKntRD
HV,fDfKntRD,HV
HV,fDfKntRD,HV
HV
fDfKntRD
fDfKntRD,fDfKntRD,HV,fDfKntRD,HV
fDfKntRD,fDfKntRD,HV,fDfKntRD,HV
fDfKntRD
HV
HV
HV
HV,fDfKntRD,HV,HV
HV,fDfKntRD,HV,HV
fDfKntRD
fDfKntRD
fDfKntRD
HV,fDfKntRD,HV,HV
HV,fDfKntRD,HV,HV
fDfKntRD,HV,HV,HV,HV
HV
HV,HV,HV,HV,fDfKntRD
HV,HV,HV,HV,fDfKntRD
HV
HV,HV,HV,HV,fDfKntRD
HV,HV,HV,HV,fDfKntRD
HV
HV,HV,HV,HV
HV,HV,HV,HV,fDfKntRD
HV,HV,HV,HV,fDfKntRD
HV
HV
HV
HV,HV,HV,HV,HV,fDfKntRD
HV,HV,HV,HV,HV,fDfKntRD
HV,HV,HV,HV,HV,fDfKntRD
fDfKntRD
fDfKntRD
HV
HV,HV,HV,HV,fDfKntRD,HV
HV,HV,HV,HV
HV,HV,HV,HV,HV
HV
HV,HV,HV,HV,HV,HV
HV,HV,HV,HV,HV,HV
HV
HV,HV,HV,HV,HV,HV,HV,fDfKntRD
HV,HV,HV,HV,HV,HV,HV,fDfKntRD
HV
HV,HV,HV,HV,HV,HV,HV
HV,HV,HV,HV,HV,HV,HV,fDfKntRD
HV
HV
HV
HV,HV,HV,HV,HV,fDfKntRD,fDfKntRD
HV,HV,HV,HV,HV,fDfKntRD,fDfKntRD,HV
HV
HV,HV,HV,HV,HV,fDfKntRD,fDfKntRD,HV
HV
HV
fDfKntRD
HV,HV,HV,HV,HV,fDfKntRD,fDfKntRD
HV,HV,HV,HV,HV,fDfKntRD,fDfKntRD,fDfKntRD,fDfKntRD
fDfKntRD
HV,fDfKntRD,HV,HV,HV,fDfKntRD,fDfKntRD,fDfKntRD,fDfKntRD,fDfKntRD,fDfKntRD,fDfKntRD,HV,HV
fDfKntRD
HV,fDfKntRD,HV,HV,HV,fDfKntRD,fDfKntRD,fDfKntRD,fDfKntRD,fDfKntRD,fDfKntRD,fDfKntRD,HV,HV
fDfKntRD,HV,HV,HV,fDfKntRD,fDfKntRD,fDfKntRD,fDfKntRD,fDfKntRD,fDfKntRD,fDfKntRD,HV,HV
fDfKntRD
HV,fDfKntRD,HV,HV,HV,fDfKntRD,fDfKntRD,fDfKntRD,fDfKntRD,fDfKntRD,fDfKntRD
fDfKntRD
fDfKntRD
HV,fDfKntRD,HV,HV,HV,fDfKntRD,fDfKntRD,fDfKntRD,fDfKntRD,fDfKntRD,fDfKntRD
HV,HV,HV,HV,fDfKntRD,fDfKntRD,fDfKntRD,fDfKntRD,fDfKntRD,fDfKntRD
HV
Jedi Wagner, assuma o comando!