IVj
IVj
IVj
IVj
IVj
IVj
IVj
IVj
IVj
IVj,IVj,IVj
IVj,IVj,IVj,Lth
IVj
IVj
IVj,IVj,IVj,hfLyLqlAQ
IVj
IVj,IVj,IVj,hfLyLqlAQ,Lth,hfLyLqlAQ
IVj,IVj,IVj,Lth,hfLyLqlAQ,IVj
[vazia]
[vazia]
Lth
[vazia]
hfLyLqlAQ
hfLyLqlAQ,CjgWYSey
CjgWYSey
CjgWYSey
CjgWYSey
CjgWYSey
hfLyLqlAQ,CjgWYSey,Lth
hfLyLqlAQ
hfLyLqlAQ
CjgWYSey,hfLyLqlAQ,Lth,hfLyLqlAQ
CjgWYSey,hfLyLqlAQ,Lth,hfLyLqlAQ
CjgWYSey,hfLyLqlAQ,Lth,hfLyLqlAQ
hfLyLqlAQ,Lth,hfLyLqlAQ
hfLyLqlAQ
CjgWYSey,hfLyLqlAQ,Lth,hfLyLqlAQ
hfLyLqlAQ
hfLyLqlAQ
CjgWYSey
hfLyLqlAQ
hfLyLqlAQ
hfLyLqlAQ
hfLyLqlAQ
hfLyLqlAQ,hfLyLqlAQ,hfLyLqlAQ,hfLyLqlAQ,hfLyLqlAQ,hfLyLqlAQ,hfLyLqlAQ
hfLyLqlAQ
hfLyLqlAQ,hfLyLqlAQ,hfLyLqlAQ,hfLyLqlAQ,hfLyLqlAQ,hfLyLqlAQ,hfLyLqlAQ
hfLyLqlAQ,hfLyLqlAQ,hfLyLqlAQ,hfLyLqlAQ,hfLyLqlAQ,hfLyLqlAQ,hfLyLqlAQ,hfLyLqlAQ
hfLyLqlAQ
hfLyLqlAQ
hfLyLqlAQ,hfLyLqlAQ,hfLyLqlAQ,hfLyLqlAQ,hfLyLqlAQ,hfLyLqlAQ,hfLyLqlAQ,hfLyLqlAQ
hfLyLqlAQ,hfLyLqlAQ,hfLyLqlAQ,hfLyLqlAQ,hfLyLqlAQ,hfLyLqlAQ,hfLyLqlAQ,hfLyLqlAQ
hfLyLqlAQ,hfLyLqlAQ,hfLyLqlAQ,hfLyLqlAQ,hfLyLqlAQ,hfLyLqlAQ,hfLyLqlAQ,hfLyLqlAQ
hfLyLqlAQ
hfLyLqlAQ,hfLyLqlAQ,hfLyLqlAQ,CjgWYSey,hfLyLqlAQ,hfLyLqlAQ,hfLyLqlAQ,hfLyLqlAQ,hfLyLqlAQ,hfLyLqlAQ,CjgWYSey
hfLyLqlAQ,hfLyLqlAQ,hfLyLqlAQ,CjgWYSey,hfLyLqlAQ,hfLyLqlAQ,hfLyLqlAQ,hfLyLqlAQ,hfLyLqlAQ,hfLyLqlAQ,CjgWYSey
hfLyLqlAQ
hfLyLqlAQ,hfLyLqlAQ,hfLyLqlAQ,CjgWYSey,hfLyLqlAQ,hfLyLqlAQ,hfLyLqlAQ,hfLyLqlAQ,hfLyLqlAQ,hfLyLqlAQ,CjgWYSey
hfLyLqlAQ
hfLyLqlAQ
hfLyLqlAQ
hfLyLqlAQ
hfLyLqlAQ,hfLyLqlAQ,hfLyLqlAQ,hfLyLqlAQ,hfLyLqlAQ,hfLyLqlAQ,hfLyLqlAQ,hfLyLqlAQ,CjgWYSey
hfLyLqlAQ
hfLyLqlAQ,hfLyLqlAQ,hfLyLqlAQ,hfLyLqlAQ,hfLyLqlAQ,hfLyLqlAQ,hfLyLqlAQ,hfLyLqlAQ
hfLyLqlAQ,hfLyLqlAQ,hfLyLqlAQ,hfLyLqlAQ,hfLyLqlAQ,hfLyLqlAQ,hfLyLqlAQ,hfLyLqlAQ,Lth
hfLyLqlAQ
hfLyLqlAQ
hfLyLqlAQ,hfLyLqlAQ,hfLyLqlAQ,hfLyLqlAQ,hfLyLqlAQ,hfLyLqlAQ,hfLyLqlAQ,IVj,hfLyLqlAQ,Lth,hfLyLqlAQ,hfLyLqlAQ
hfLyLqlAQ
hfLyLqlAQ
hfLyLqlAQ
hfLyLqlAQ,hfLyLqlAQ,hfLyLqlAQ,hfLyLqlAQ,hfLyLqlAQ,hfLyLqlAQ,hfLyLqlAQ,IVj,hfLyLqlAQ,Lth,hfLyLqlAQ,hfLyLqlAQ,CjgWYSey
hfLyLqlAQ,hfLyLqlAQ,hfLyLqlAQ,hfLyLqlAQ,hfLyLqlAQ,hfLyLqlAQ,hfLyLqlAQ,IVj,hfLyLqlAQ,Lth,hfLyLqlAQ,hfLyLqlAQ,CjgWYSey
hfLyLqlAQ
hfLyLqlAQ,hfLyLqlAQ,hfLyLqlAQ,hfLyLqlAQ,hfLyLqlAQ,hfLyLqlAQ,hfLyLqlAQ,hfLyLqlAQ,Lth,hfLyLqlAQ,hfLyLqlAQ,CjgWYSey
hfLyLqlAQ
IVj
IVj
IVj
hfLyLqlAQ,hfLyLqlAQ,hfLyLqlAQ,hfLyLqlAQ,hfLyLqlAQ,hfLyLqlAQ,Lth,hfLyLqlAQ,hfLyLqlAQ,CjgWYSey,hfLyLqlAQ,IVj
IVj
hfLyLqlAQ,hfLyLqlAQ,hfLyLqlAQ,hfLyLqlAQ,hfLyLqlAQ,hfLyLqlAQ,hfLyLqlAQ,Lth,hfLyLqlAQ,hfLyLqlAQ,CjgWYSey,hfLyLqlAQ
hfLyLqlAQ,hfLyLqlAQ,hfLyLqlAQ,hfLyLqlAQ,hfLyLqlAQ,hfLyLqlAQ,hfLyLqlAQ,Lth,hfLyLqlAQ,hfLyLqlAQ,CjgWYSey,hfLyLqlAQ
hfLyLqlAQ,hfLyLqlAQ,hfLyLqlAQ,hfLyLqlAQ,hfLyLqlAQ,hfLyLqlAQ,hfLyLqlAQ,Lth,hfLyLqlAQ,hfLyLqlAQ,hfLyLqlAQ
hfLyLqlAQ
IVj
IVj
hfLyLqlAQ,hfLyLqlAQ,hfLyLqlAQ,hfLyLqlAQ,hfLyLqlAQ,hfLyLqlAQ,hfLyLqlAQ,Lth,hfLyLqlAQ,hfLyLqlAQ,CjgWYSey,hfLyLqlAQ,IVj
IVj
hfLyLqlAQ,hfLyLqlAQ,hfLyLqlAQ,hfLyLqlAQ,hfLyLqlAQ,hfLyLqlAQ,hfLyLqlAQ,Lth,hfLyLqlAQ,hfLyLqlAQ,CjgWYSey,hfLyLqlAQ,IVj
hfLyLqlAQ
hfLyLqlAQ
hfLyLqlAQ,hfLyLqlAQ,hfLyLqlAQ,hfLyLqlAQ,hfLyLqlAQ,hfLyLqlAQ,hfLyLqlAQ,hfLyLqlAQ,hfLyLqlAQ,CjgWYSey,hfLyLqlAQ,IVj
hfLyLqlAQ,hfLyLqlAQ,hfLyLqlAQ,hfLyLqlAQ,hfLyLqlAQ,hfLyLqlAQ,hfLyLqlAQ,hfLyLqlAQ,hfLyLqlAQ,CjgWYSey,hfLyLqlAQ,IVj
IVj
hfLyLqlAQ,hfLyLqlAQ,hfLyLqlAQ,CjgWYSey,hfLyLqlAQ,hfLyLqlAQ,hfLyLqlAQ,hfLyLqlAQ,hfLyLqlAQ,hfLyLqlAQ,hfLyLqlAQ
hfLyLqlAQ
hfLyLqlAQ,hfLyLqlAQ,hfLyLqlAQ,hfLyLqlAQ,hfLyLqlAQ,hfLyLqlAQ,hfLyLqlAQ,hfLyLqlAQ,hfLyLqlAQ,CjgWYSey,hfLyLqlAQ,IVj
hfLyLqlAQ,hfLyLqlAQ,hfLyLqlAQ,hfLyLqlAQ,hfLyLqlAQ,hfLyLqlAQ,hfLyLqlAQ,hfLyLqlAQ,hfLyLqlAQ,CjgWYSey,hfLyLqlAQ,IVj
hfLyLqlAQ
hfLyLqlAQ,hfLyLqlAQ,hfLyLqlAQ,hfLyLqlAQ,hfLyLqlAQ,hfLyLqlAQ,hfLyLqlAQ,hfLyLqlAQ,hfLyLqlAQ,CjgWYSey,hfLyLqlAQ,IVj,IVj
hfLyLqlAQ
hfLyLqlAQ,hfLyLqlAQ,hfLyLqlAQ,hfLyLqlAQ,hfLyLqlAQ,hfLyLqlAQ,hfLyLqlAQ,hfLyLqlAQ,hfLyLqlAQ,CjgWYSey,hfLyLqlAQ,IVj,IVj,IVj
hfLyLqlAQ,hfLyLqlAQ,hfLyLqlAQ,hfLyLqlAQ,hfLyLqlAQ,hfLyLqlAQ,hfLyLqlAQ,hfLyLqlAQ,hfLyLqlAQ,CjgWYSey,hfLyLqlAQ,IVj,IVj,IVj
hfLyLqlAQ
hfLyLqlAQ
hfLyLqlAQ,hfLyLqlAQ,hfLyLqlAQ,hfLyLqlAQ,IVj,Lth,hfLyLqlAQ,hfLyLqlAQ,hfLyLqlAQ,hfLyLqlAQ,hfLyLqlAQ,CjgWYSey,hfLyLqlAQ,IVj,IVj
IVj
hfLyLqlAQ,hfLyLqlAQ,hfLyLqlAQ,hfLyLqlAQ,IVj,Lth,hfLyLqlAQ,hfLyLqlAQ,hfLyLqlAQ,hfLyLqlAQ,hfLyLqlAQ,CjgWYSey,hfLyLqlAQ,IVj,IVj,IVj
Lth
hfLyLqlAQ
hfLyLqlAQ
hfLyLqlAQ,hfLyLqlAQ,hfLyLqlAQ,hfLyLqlAQ,IVj,Lth,hfLyLqlAQ,hfLyLqlAQ,hfLyLqlAQ,hfLyLqlAQ,hfLyLqlAQ,CjgWYSey,hfLyLqlAQ,IVj,IVj,IVj
hfLyLqlAQ
hfLyLqlAQ
hfLyLqlAQ
hfLyLqlAQ
hfLyLqlAQ,hfLyLqlAQ,Lth,hfLyLqlAQ,hfLyLqlAQ,hfLyLqlAQ,hfLyLqlAQ,hfLyLqlAQ,hfLyLqlAQ,hfLyLqlAQ,hfLyLqlAQ,IVj,IVj,IVj,hfLyLqlAQ,Lth
IVj
hfLyLqlAQ,hfLyLqlAQ,hfLyLqlAQ,IVj,hfLyLqlAQ,hfLyLqlAQ,hfLyLqlAQ,hfLyLqlAQ,hfLyLqlAQ,hfLyLqlAQ,hfLyLqlAQ,IVj,IVj,hfLyLqlAQ,IVj,IVj,hfLyLqlAQ
hfLyLqlAQ,hfLyLqlAQ,hfLyLqlAQ,Lth,IVj,hfLyLqlAQ,hfLyLqlAQ,hfLyLqlAQ,hfLyLqlAQ,hfLyLqlAQ,hfLyLqlAQ,hfLyLqlAQ,IVj,IVj,hfLyLqlAQ,IVj,IVj
hfLyLqlAQ,hfLyLqlAQ,hfLyLqlAQ,Lth,IVj,hfLyLqlAQ,hfLyLqlAQ,hfLyLqlAQ,hfLyLqlAQ,hfLyLqlAQ,hfLyLqlAQ,hfLyLqlAQ,IVj,IVj,hfLyLqlAQ,IVj,IVj,hfLyLqlAQ
IVj
IVj
hfLyLqlAQ,hfLyLqlAQ,hfLyLqlAQ,Lth,IVj,hfLyLqlAQ,hfLyLqlAQ,hfLyLqlAQ,hfLyLqlAQ,hfLyLqlAQ,hfLyLqlAQ,hfLyLqlAQ,IVj,IVj,hfLyLqlAQ,IVj,IVj,hfLyLqlAQ
hfLyLqlAQ,hfLyLqlAQ,hfLyLqlAQ,Lth,IVj,hfLyLqlAQ,hfLyLqlAQ,hfLyLqlAQ,hfLyLqlAQ,hfLyLqlAQ,hfLyLqlAQ,hfLyLqlAQ,IVj,IVj,hfLyLqlAQ,IVj,IVj,hfLyLqlAQ
IVj
IVj
hfLyLqlAQ,hfLyLqlAQ,hfLyLqlAQ,Lth,IVj,hfLyLqlAQ,hfLyLqlAQ,hfLyLqlAQ,hfLyLqlAQ,hfLyLqlAQ,hfLyLqlAQ,hfLyLqlAQ,IVj,IVj,hfLyLqlAQ,IVj,IVj,hfLyLqlAQ
hfLyLqlAQ,hfLyLqlAQ,hfLyLqlAQ,Lth,IVj,hfLyLqlAQ,hfLyLqlAQ,hfLyLqlAQ,hfLyLqlAQ,hfLyLqlAQ,hfLyLqlAQ,hfLyLqlAQ,IVj,IVj,hfLyLqlAQ,IVj,IVj,hfLyLqlAQ
hfLyLqlAQ
hfLyLqlAQ,hfLyLqlAQ,hfLyLqlAQ,Lth,IVj,hfLyLqlAQ,hfLyLqlAQ,hfLyLqlAQ,hfLyLqlAQ,hfLyLqlAQ,hfLyLqlAQ,hfLyLqlAQ,IVj,IVj,hfLyLqlAQ,IVj,IVj,hfLyLqlAQ,hfLyLqlAQ
hfLyLqlAQ,hfLyLqlAQ,hfLyLqlAQ,Lth,IVj,hfLyLqlAQ,hfLyLqlAQ,hfLyLqlAQ,hfLyLqlAQ,hfLyLqlAQ,hfLyLqlAQ,hfLyLqlAQ,IVj,IVj,hfLyLqlAQ,IVj,IVj,hfLyLqlAQ,hfLyLqlAQ
hfLyLqlAQ,hfLyLqlAQ,hfLyLqlAQ,Lth,hfLyLqlAQ,hfLyLqlAQ,hfLyLqlAQ,hfLyLqlAQ,hfLyLqlAQ,hfLyLqlAQ,hfLyLqlAQ,IVj,IVj,hfLyLqlAQ,IVj,IVj,hfLyLqlAQ,hfLyLqlAQ
hfLyLqlAQ
Lth
hfLyLqlAQ,hfLyLqlAQ,hfLyLqlAQ,hfLyLqlAQ,hfLyLqlAQ,hfLyLqlAQ,hfLyLqlAQ,Lth,hfLyLqlAQ,hfLyLqlAQ,hfLyLqlAQ,IVj,IVj,hfLyLqlAQ,IVj,IVj,hfLyLqlAQ,hfLyLqlAQ
Lth
Lth
hfLyLqlAQ,hfLyLqlAQ,hfLyLqlAQ,hfLyLqlAQ,hfLyLqlAQ,hfLyLqlAQ,hfLyLqlAQ,Lth,hfLyLqlAQ,hfLyLqlAQ,hfLyLqlAQ,IVj,IVj,hfLyLqlAQ,IVj,IVj,hfLyLqlAQ,hfLyLqlAQ
hfLyLqlAQ,hfLyLqlAQ,hfLyLqlAQ,hfLyLqlAQ,hfLyLqlAQ,hfLyLqlAQ,Lth,hfLyLqlAQ,hfLyLqlAQ,hfLyLqlAQ,IVj,IVj,hfLyLqlAQ,IVj,IVj,hfLyLqlAQ,hfLyLqlAQ
hfLyLqlAQ
hfLyLqlAQ
hfLyLqlAQ
hfLyLqlAQ
hfLyLqlAQ
hfLyLqlAQ
hfLyLqlAQ,hfLyLqlAQ,hfLyLqlAQ,hfLyLqlAQ,Lth,hfLyLqlAQ,hfLyLqlAQ,hfLyLqlAQ,hfLyLqlAQ,hfLyLqlAQ,IVj,IVj,hfLyLqlAQ,IVj,IVj,hfLyLqlAQ,hfLyLqlAQ
hfLyLqlAQ,hfLyLqlAQ,hfLyLqlAQ,Lth,hfLyLqlAQ,hfLyLqlAQ,hfLyLqlAQ,hfLyLqlAQ,hfLyLqlAQ,hfLyLqlAQ,IVj,IVj,hfLyLqlAQ,IVj,IVj,hfLyLqlAQ,hfLyLqlAQ
hfLyLqlAQ
hfLyLqlAQ,hfLyLqlAQ,hfLyLqlAQ,hfLyLqlAQ,hfLyLqlAQ,Lth,hfLyLqlAQ,hfLyLqlAQ,hfLyLqlAQ,hfLyLqlAQ,IVj,IVj,hfLyLqlAQ,IVj,IVj,hfLyLqlAQ,hfLyLqlAQ,IVj
IVj
IVj
IVj
IVj
hfLyLqlAQ,hfLyLqlAQ,hfLyLqlAQ,hfLyLqlAQ,hfLyLqlAQ,hfLyLqlAQ,hfLyLqlAQ,hfLyLqlAQ,IVj,hfLyLqlAQ,IVj,IVj,hfLyLqlAQ,hfLyLqlAQ,IVj
IVj
IVj
hfLyLqlAQ,hfLyLqlAQ,hfLyLqlAQ,hfLyLqlAQ,hfLyLqlAQ,hfLyLqlAQ,hfLyLqlAQ,hfLyLqlAQ,IVj,IVj,hfLyLqlAQ,hfLyLqlAQ,IVj,IVj,hfLyLqlAQ,hfLyLqlAQ,IVj,IVj,CjgWYSey
hfLyLqlAQ
hfLyLqlAQ,hfLyLqlAQ,hfLyLqlAQ,hfLyLqlAQ,hfLyLqlAQ,hfLyLqlAQ,hfLyLqlAQ,hfLyLqlAQ,hfLyLqlAQ,CjgWYSey,IVj,IVj,IVj,hfLyLqlAQ,hfLyLqlAQ,IVj,IVj,CjgWYSey,hfLyLqlAQ
hfLyLqlAQ,hfLyLqlAQ,hfLyLqlAQ,hfLyLqlAQ,hfLyLqlAQ,hfLyLqlAQ,hfLyLqlAQ,hfLyLqlAQ,hfLyLqlAQ,CjgWYSey,IVj,IVj,IVj,hfLyLqlAQ,hfLyLqlAQ,IVj,IVj,CjgWYSey,hfLyLqlAQ
CjgWYSey
CjgWYSey
hfLyLqlAQ,hfLyLqlAQ,hfLyLqlAQ,hfLyLqlAQ,hfLyLqlAQ,hfLyLqlAQ,hfLyLqlAQ,hfLyLqlAQ,CjgWYSey,IVj,IVj,IVj,hfLyLqlAQ,hfLyLqlAQ,IVj,IVj,CjgWYSey,hfLyLqlAQ,CjgWYSey
hfLyLqlAQ,hfLyLqlAQ,hfLyLqlAQ,hfLyLqlAQ,hfLyLqlAQ,hfLyLqlAQ,hfLyLqlAQ,hfLyLqlAQ,CjgWYSey,IVj,IVj,IVj,hfLyLqlAQ,hfLyLqlAQ,IVj,IVj,CjgWYSey,hfLyLqlAQ,CjgWYSey
hfLyLqlAQ,hfLyLqlAQ,hfLyLqlAQ,hfLyLqlAQ,hfLyLqlAQ,hfLyLqlAQ,hfLyLqlAQ,hfLyLqlAQ,CjgWYSey,IVj,IVj,IVj,hfLyLqlAQ,hfLyLqlAQ,IVj,IVj,CjgWYSey,hfLyLqlAQ,CjgWYSey
hfLyLqlAQ,hfLyLqlAQ,hfLyLqlAQ,hfLyLqlAQ,hfLyLqlAQ,hfLyLqlAQ,hfLyLqlAQ,hfLyLqlAQ,IVj,IVj,hfLyLqlAQ,IVj,IVj,hfLyLqlAQ,hfLyLqlAQ,IVj,IVj
IVj
hfLyLqlAQ,hfLyLqlAQ,hfLyLqlAQ,hfLyLqlAQ,hfLyLqlAQ,hfLyLqlAQ,hfLyLqlAQ,hfLyLqlAQ,IVj,hfLyLqlAQ,IVj,IVj,IVj,hfLyLqlAQ,hfLyLqlAQ,IVj,IVj,Lth
IVj
hfLyLqlAQ,hfLyLqlAQ,hfLyLqlAQ,hfLyLqlAQ,hfLyLqlAQ,hfLyLqlAQ,hfLyLqlAQ,hfLyLqlAQ,IVj,Lth,hfLyLqlAQ,IVj,IVj,hfLyLqlAQ,hfLyLqlAQ,IVj,IVj
IVj
hfLyLqlAQ,hfLyLqlAQ,hfLyLqlAQ,hfLyLqlAQ,hfLyLqlAQ,hfLyLqlAQ,hfLyLqlAQ,IVj,hfLyLqlAQ,Lth,hfLyLqlAQ,IVj,IVj,hfLyLqlAQ,hfLyLqlAQ,IVj,IVj
IVj
hfLyLqlAQ
hfLyLqlAQ
hfLyLqlAQ,hfLyLqlAQ,hfLyLqlAQ,hfLyLqlAQ,hfLyLqlAQ,hfLyLqlAQ,hfLyLqlAQ,IVj,hfLyLqlAQ,hfLyLqlAQ,Lth,IVj,IVj,hfLyLqlAQ,hfLyLqlAQ,IVj,IVj
hfLyLqlAQ,hfLyLqlAQ,hfLyLqlAQ,hfLyLqlAQ,hfLyLqlAQ,hfLyLqlAQ,hfLyLqlAQ,hfLyLqlAQ,Lth,hfLyLqlAQ,IVj,IVj,hfLyLqlAQ,hfLyLqlAQ,IVj,IVj
hfLyLqlAQ,hfLyLqlAQ,hfLyLqlAQ,hfLyLqlAQ,hfLyLqlAQ,hfLyLqlAQ,hfLyLqlAQ,hfLyLqlAQ,hfLyLqlAQ,IVj,IVj,hfLyLqlAQ,hfLyLqlAQ,IVj,IVj,hfLyLqlAQ
hfLyLqlAQ,hfLyLqlAQ,hfLyLqlAQ,hfLyLqlAQ,hfLyLqlAQ,hfLyLqlAQ,hfLyLqlAQ,hfLyLqlAQ,hfLyLqlAQ,IVj,IVj,hfLyLqlAQ,hfLyLqlAQ,IVj,IVj,hfLyLqlAQ,IVj
IVj
hfLyLqlAQ,hfLyLqlAQ,hfLyLqlAQ,hfLyLqlAQ,hfLyLqlAQ,hfLyLqlAQ,hfLyLqlAQ,hfLyLqlAQ,IVj,hfLyLqlAQ,IVj,hfLyLqlAQ,hfLyLqlAQ,IVj,IVj,hfLyLqlAQ,IVj,IVj
IVj
Jedi Wagner, assuma o comando!