Toque! Toque, Dijê!
FxNZEkPjk
FxNZEkPjk
FxNZEkPjk
FxNZEkPjk,FxNZEkPjk
FxNZEkPjk
FxNZEkPjk,FxNZEkPjk,QlhS
QlhS
FxNZEkPjk,FxNZEkPjk,QlhS
FxNZEkPjk,FxNZEkPjk,QlhS,TEBbmOd,QlhS
FxNZEkPjk,QlhS,TEBbmOd,QlhS
QlhS
TEBbmOd,QlhS,TEBbmOd,QlhS
FxNZEkPjk,FxNZEkPjk,QlhS,QlhS
QlhS
FxNZEkPjk,QlhS,TEBbmOd,QlhS,FxNZEkPjk
FxNZEkPjk,QlhS,QlhS,FxNZEkPjk
FxNZEkPjk
QlhS
FxNZEkPjk
QlhS,QlhS,FxNZEkPjk
QlhS
QlhS
QlhS
QlhS,QlhS,FxNZEkPjk,QlhS
FxNZEkPjk
FxNZEkPjk,QlhS,QlhS,QlhS,TEBbmOd,tpiGC
QlhS,QlhS,TEBbmOd
QlhS
QlhS,QlhS,FxNZEkPjk
QlhS
QlhS,FxNZEkPjk
QlhS
QlhS,FxNZEkPjk,FxNZEkPjk
QlhS,FxNZEkPjk,EGbS
QlhS
FxNZEkPjk
FxNZEkPjk
FxNZEkPjk
FxNZEkPjk
FxNZEkPjk,EGbS,TEBbmOd,TEBbmOd,QlhS
EGbS
FxNZEkPjk,EGbS,TEBbmOd,TEBbmOd,QlhS,TEBbmOd
TEBbmOd
TEBbmOd
TEBbmOd,TEBbmOd,QlhS,TEBbmOd
TEBbmOd
TEBbmOd
TEBbmOd,TEBbmOd,TEBbmOd
TEBbmOd
TEBbmOd,TEBbmOd,TEBbmOd,TEBbmOd,QlhS
TEBbmOd,TEBbmOd,TEBbmOd,QlhS
TEBbmOd
TEBbmOd,TEBbmOd,TEBbmOd,QlhS
TEBbmOd,TEBbmOd,TEBbmOd,QlhS
TEBbmOd,TEBbmOd,TEBbmOd,QlhS
TEBbmOd
TEBbmOd,TEBbmOd,TEBbmOd,QlhS,QlhS
TEBbmOd
QlhS
TEBbmOd,TEBbmOd,TEBbmOd,QlhS,QlhS
TEBbmOd,TEBbmOd,TEBbmOd,QlhS,QlhS
TEBbmOd,TEBbmOd,TEBbmOd,QlhS,QlhS
TEBbmOd,TEBbmOd,TEBbmOd,QlhS,QlhS
TEBbmOd,TEBbmOd,TEBbmOd,QlhS,QlhS,QlhS
TEBbmOd,TEBbmOd,QlhS,TEBbmOd,QlhS
TEBbmOd,TEBbmOd,QlhS,TEBbmOd,QlhS
TEBbmOd,TEBbmOd,QlhS,TEBbmOd,QlhS,tpiGC
TEBbmOd
EGbS
TEBbmOd,TEBbmOd,QlhS,EGbS,TEBbmOd,TEBbmOd
TEBbmOd,TEBbmOd,QlhS,EGbS,TEBbmOd,TEBbmOd,QlhS,FxNZEkPjk
TEBbmOd
TEBbmOd
TEBbmOd
TEBbmOd,TEBbmOd,QlhS,EGbS,TEBbmOd,TEBbmOd
TEBbmOd
TEBbmOd,QlhS,TEBbmOd,EGbS,TEBbmOd,TEBbmOd,tpiGC,GentwSr,FxNZEkPjk,GentwSr
TEBbmOd,QlhS,TEBbmOd,TEBbmOd,TEBbmOd,tpiGC,FxNZEkPjk
TEBbmOd
QlhS,TEBbmOd,TEBbmOd,TEBbmOd,TEBbmOd,tpiGC,FxNZEkPjk,GentwSr
GentwSr
GentwSr
QlhS,TEBbmOd,TEBbmOd,TEBbmOd,TEBbmOd,tpiGC,FxNZEkPjk,GentwSr,GentwSr,GentwSr
GentwSr
QlhS,TEBbmOd,TEBbmOd,TEBbmOd,TEBbmOd,tpiGC,FxNZEkPjk,GentwSr,GentwSr,GentwSr
GentwSr
QlhS,TEBbmOd,TEBbmOd,TEBbmOd,TEBbmOd,tpiGC,FxNZEkPjk,GentwSr,GentwSr,GentwSr,TEBbmOd
GentwSr
QlhS,TEBbmOd,TEBbmOd,TEBbmOd,TEBbmOd,tpiGC,FxNZEkPjk,GentwSr,GentwSr,GentwSr
GentwSr
TEBbmOd
GentwSr
GentwSr
QlhS,TEBbmOd,TEBbmOd,TEBbmOd,GentwSr,GentwSr,tpiGC,GentwSr,QlhS
GentwSr
QlhS,TEBbmOd,TEBbmOd,TEBbmOd,GentwSr,GentwSr,tpiGC,GentwSr,QlhS
QlhS,TEBbmOd,TEBbmOd,TEBbmOd,GentwSr,GentwSr,GentwSr,QlhS
QlhS,TEBbmOd,TEBbmOd,TEBbmOd,tpiGC,GentwSr,GentwSr,GentwSr,GentwSr,QlhS
GentwSr
QlhS,TEBbmOd,TEBbmOd,TEBbmOd,tpiGC,GentwSr,GentwSr,GentwSr,GentwSr,QlhS
GentwSr
tpiGC
TEBbmOd,TEBbmOd,GentwSr,GentwSr,QlhS,GentwSr,tpiGC,TEBbmOd,QlhS,tpiGC,GentwSr,TEBbmOd
TEBbmOd,TEBbmOd,TEBbmOd,GentwSr,GentwSr,GentwSr,tpiGC,QlhS,tpiGC,GentwSr,TEBbmOd
tpiGC
QlhS
QlhS
QlhS
TEBbmOd,TEBbmOd,TEBbmOd,GentwSr,tpiGC,GentwSr,QlhS,GentwSr,tpiGC,GentwSr,TEBbmOd,GentwSr
QlhS
tpiGC
TEBbmOd,TEBbmOd,TEBbmOd,GentwSr,QlhS,tpiGC,GentwSr,tpiGC,GentwSr,TEBbmOd,GentwSr,FxNZEkPjk,GentwSr,FxNZEkPjk,GentwSr
tpiGC
TEBbmOd,TEBbmOd,TEBbmOd,GentwSr,QlhS,tpiGC,GentwSr,tpiGC,GentwSr,TEBbmOd,GentwSr,FxNZEkPjk,GentwSr,FxNZEkPjk,GentwSr
TEBbmOd,TEBbmOd,TEBbmOd,GentwSr,QlhS,tpiGC,GentwSr,tpiGC,GentwSr,TEBbmOd,GentwSr,FxNZEkPjk,GentwSr,FxNZEkPjk,GentwSr
TEBbmOd,TEBbmOd,TEBbmOd,GentwSr,QlhS,tpiGC,GentwSr,tpiGC,GentwSr,TEBbmOd,GentwSr,FxNZEkPjk,GentwSr,FxNZEkPjk
TEBbmOd,TEBbmOd,TEBbmOd,GentwSr,QlhS,tpiGC,GentwSr,tpiGC,GentwSr,TEBbmOd,GentwSr,FxNZEkPjk,GentwSr,FxNZEkPjk
TEBbmOd,TEBbmOd,TEBbmOd,GentwSr,QlhS,tpiGC,GentwSr,tpiGC,GentwSr,TEBbmOd,GentwSr,FxNZEkPjk,GentwSr,FxNZEkPjk
tpiGC
GentwSr
TEBbmOd,QlhS,tpiGC,GentwSr,TEBbmOd,TEBbmOd,GentwSr,tpiGC,GentwSr,TEBbmOd,GentwSr,FxNZEkPjk,GentwSr,FxNZEkPjk,GentwSr,FxNZEkPjk,FxNZEkPjk
GentwSr
TEBbmOd,TEBbmOd,TEBbmOd,tpiGC,GentwSr,FxNZEkPjk,GentwSr,tpiGC,GentwSr,TEBbmOd,GentwSr,GentwSr,GentwSr,FxNZEkPjk
TEBbmOd,TEBbmOd,TEBbmOd,tpiGC,GentwSr,FxNZEkPjk,GentwSr,tpiGC,GentwSr,TEBbmOd,GentwSr,GentwSr,GentwSr,FxNZEkPjk
TEBbmOd,TEBbmOd,TEBbmOd,tpiGC,GentwSr,FxNZEkPjk,GentwSr,tpiGC,GentwSr,TEBbmOd,GentwSr,GentwSr,GentwSr,FxNZEkPjk
TEBbmOd,TEBbmOd,TEBbmOd,tpiGC,GentwSr,FxNZEkPjk,GentwSr,tpiGC,GentwSr,TEBbmOd,GentwSr,GentwSr,GentwSr,FxNZEkPjk,QlhS
TEBbmOd,TEBbmOd,TEBbmOd,tpiGC,GentwSr,FxNZEkPjk,GentwSr,tpiGC,GentwSr,TEBbmOd,GentwSr,GentwSr,GentwSr,FxNZEkPjk,QlhS
TEBbmOd,TEBbmOd,TEBbmOd,tpiGC,GentwSr,FxNZEkPjk,GentwSr,tpiGC,GentwSr,TEBbmOd,GentwSr,GentwSr,GentwSr,FxNZEkPjk,QlhS
TEBbmOd,TEBbmOd,GentwSr,TEBbmOd,FxNZEkPjk,GentwSr,tpiGC,GentwSr,TEBbmOd,GentwSr,GentwSr,GentwSr,FxNZEkPjk,QlhS
GentwSr
GentwSr
TEBbmOd,TEBbmOd,TEBbmOd,GentwSr,GentwSr,tpiGC,FxNZEkPjk,GentwSr,TEBbmOd,GentwSr,GentwSr,GentwSr,FxNZEkPjk,QlhS
TEBbmOd,TEBbmOd,TEBbmOd,GentwSr,GentwSr,tpiGC,FxNZEkPjk,GentwSr,TEBbmOd,GentwSr,GentwSr,GentwSr,FxNZEkPjk,QlhS
Jedi Wagner, assuma o comando!