rK,TLAyVE
rK
rK,TLAyVE,rK,VPRcOnyNq
TLAyVE,y,rK,VPRcOnyNq,TLAyVE
TLAyVE,y,rK,VPRcOnyNq,TLAyVE,hDkSTOr
TLAyVE,y,rK,VPRcOnyNq,TLAyVE,hDkSTOr
y
y
TLAyVE,y,rK,VPRcOnyNq,TLAyVE
y
y
TLAyVE,y,rK,VPRcOnyNq,TLAyVE
y
y
y
TLAyVE,y,rK,VPRcOnyNq,TLAyVE,NqlElPpkKm
y
y
TLAyVE,y,rK,VPRcOnyNq,TLAyVE,TLAyVE
TLAyVE,y,rK,VPRcOnyNq,TLAyVE,TLAyVE
TLAyVE,y,rK,VPRcOnyNq,TLAyVE,TLAyVE
y
TLAyVE
TLAyVE
y,TLAyVE,rK,VPRcOnyNq,TLAyVE,TLAyVE,rK
TLAyVE
TLAyVE
y,TLAyVE,rK,VPRcOnyNq,TLAyVE,TLAyVE,rK
rK
TLAyVE,rK,y,VPRcOnyNq,TLAyVE
rK
TLAyVE,rK,y,VPRcOnyNq,TLAyVE
TLAyVE,y,rK,VPRcOnyNq,TLAyVE
TLAyVE,y,rK,VPRcOnyNq,TLAyVE
TLAyVE,y,VPRcOnyNq,TLAyVE
TLAyVE,y,VPRcOnyNq,TLAyVE
TLAyVE,y,VPRcOnyNq,TLAyVE
TLAyVE,VPRcOnyNq,y,TLAyVE
VPRcOnyNq,y,TLAyVE
VPRcOnyNq,y,TLAyVE
VPRcOnyNq,y,TLAyVE
TLAyVE
TLAyVE
TLAyVE
VPRcOnyNq,y,TLAyVE,TxqPaEG,hDkSTOr
TLAyVE
TLAyVE
VPRcOnyNq,y,TLAyVE,TxqPaEG,hDkSTOr,TLAyVE
TxqPaEG
hDkSTOr
y,TLAyVE,TxqPaEG,hDkSTOr,TLAyVE,VPRcOnyNq
TLAyVE
TLAyVE
y,TxqPaEG,hDkSTOr,TLAyVE,VPRcOnyNq
TLAyVE
TLAyVE
VPRcOnyNq,y,TLAyVE,TxqPaEG,hDkSTOr,TLAyVE
VPRcOnyNq
VPRcOnyNq,y,TLAyVE,TxqPaEG,hDkSTOr,TLAyVE,JRQle
VPRcOnyNq
VPRcOnyNq,y,TLAyVE,TxqPaEG,hDkSTOr,TLAyVE,JRQle
NqlElPpkKm
y,TLAyVE,TxqPaEG,TLAyVE,JRQle,TxqPaEG,VPRcOnyNq,NqlElPpkKm
y,TLAyVE,TxqPaEG,TLAyVE,JRQle,TxqPaEG,VPRcOnyNq,NqlElPpkKm
TLAyVE,TxqPaEG,y,TLAyVE,JRQle,TxqPaEG,VPRcOnyNq,NqlElPpkKm
TLAyVE,TxqPaEG,NqlElPpkKm,TLAyVE,JRQle,TxqPaEG,VPRcOnyNq,y,TxqPaEG
JRQle
TLAyVE,TxqPaEG,JRQle,y,TLAyVE,TxqPaEG,VPRcOnyNq,TxqPaEG
TxqPaEG
TxqPaEG,TLAyVE,JRQle,TxqPaEG,rK
TxqPaEG,TLAyVE,JRQle,TxqPaEG,rK,TxqPaEG
TxqPaEG
TxqPaEG
TLAyVE,TxqPaEG,TxqPaEG,rK,TxqPaEG,TLAyVE
TxqPaEG
JRQle,TxqPaEG,TxqPaEG
TxqPaEG
TxqPaEG
JRQle,TxqPaEG,TxqPaEG,NqlElPpkKm
TxqPaEG
TxqPaEG,TLAyVE,JRQle,TxqPaEG,rK,VPRcOnyNq,TxqPaEG
TxqPaEG,TLAyVE,TxqPaEG,JRQle,rK,VPRcOnyNq,TxqPaEG,TxqPaEG
TxqPaEG,TLAyVE,TxqPaEG,JRQle,rK,VPRcOnyNq,TxqPaEG,TxqPaEG
TLAyVE,TxqPaEG,JRQle,rK,TxqPaEG,VPRcOnyNq,TxqPaEG,TxqPaEG,hDkSTOr
VPRcOnyNq
TxqPaEG,JRQle,rK,VPRcOnyNq,TLAyVE,TxqPaEG,TxqPaEG,TxqPaEG,hDkSTOr,rK,hDkSTOr,TLAyVE
TxqPaEG,JRQle,rK,VPRcOnyNq,TLAyVE,TxqPaEG,TxqPaEG,TxqPaEG,hDkSTOr,rK,hDkSTOr,TLAyVE,TxqPaEG
TxqPaEG,JRQle,rK,VPRcOnyNq,TLAyVE,TxqPaEG,TxqPaEG,TxqPaEG,hDkSTOr,rK,hDkSTOr,TLAyVE,TxqPaEG
TLAyVE
TxqPaEG,JRQle,rK,TLAyVE,TxqPaEG,TxqPaEG,TxqPaEG,hDkSTOr,rK,hDkSTOr,TLAyVE,TxqPaEG,TxqPaEG,TLAyVE
TxqPaEG,JRQle,rK,TLAyVE,TxqPaEG,TxqPaEG,TxqPaEG,hDkSTOr,rK,hDkSTOr,TLAyVE,TxqPaEG,TxqPaEG,TLAyVE
TxqPaEG,JRQle,rK,TLAyVE,TxqPaEG,TxqPaEG,TxqPaEG,hDkSTOr,rK,hDkSTOr,TLAyVE,TxqPaEG,TxqPaEG,TLAyVE,JRQle
TLAyVE
TxqPaEG,rK,TLAyVE,TxqPaEG,TxqPaEG,TxqPaEG,rK,hDkSTOr,TLAyVE,TxqPaEG,TxqPaEG,TLAyVE,JRQle,hDkSTOr,VPRcOnyNq
TxqPaEG,rK,TLAyVE,TxqPaEG,TxqPaEG,TxqPaEG,rK,hDkSTOr,TLAyVE,TxqPaEG,TxqPaEG,TLAyVE,JRQle,hDkSTOr,VPRcOnyNq
TLAyVE
TLAyVE
rK,TLAyVE,TxqPaEG,VPRcOnyNq,TxqPaEG,TxqPaEG,TxqPaEG,rK,hDkSTOr,TLAyVE,TxqPaEG,TxqPaEG,TLAyVE,JRQle,hDkSTOr
TLAyVE
rK,TLAyVE,TxqPaEG,VPRcOnyNq,TxqPaEG,TxqPaEG,TxqPaEG,rK,hDkSTOr,TLAyVE,TxqPaEG,TxqPaEG,TLAyVE,JRQle,hDkSTOr
TLAyVE
TLAyVE
TxqPaEG,JRQle,rK,VPRcOnyNq,TLAyVE,TxqPaEG,TxqPaEG,TxqPaEG,hDkSTOr,rK,hDkSTOr,TLAyVE,rK
TxqPaEG
TxqPaEG
TxqPaEG
rK
TxqPaEG,JRQle,VPRcOnyNq,TxqPaEG,TLAyVE,TxqPaEG,TxqPaEG,hDkSTOr,rK,hDkSTOr,TLAyVE
TxqPaEG,VPRcOnyNq,TxqPaEG,TLAyVE,TxqPaEG,TxqPaEG,rK,hDkSTOr,TLAyVE,rK
TLAyVE
TxqPaEG,VPRcOnyNq,TxqPaEG,TLAyVE,TxqPaEG,TxqPaEG,rK,hDkSTOr,TLAyVE,rK
TxqPaEG,VPRcOnyNq,TxqPaEG,TLAyVE,rK,TxqPaEG,TxqPaEG,hDkSTOr,TLAyVE,rK
TxqPaEG,VPRcOnyNq,TxqPaEG,TLAyVE,rK,TxqPaEG,TxqPaEG,hDkSTOr,TLAyVE,rK
TxqPaEG,VPRcOnyNq,TxqPaEG,TLAyVE,rK,TxqPaEG,TxqPaEG,hDkSTOr,TLAyVE,rK
TxqPaEG,VPRcOnyNq,TxqPaEG,TLAyVE,rK,TxqPaEG,TxqPaEG,hDkSTOr,TLAyVE,rK
rK
rK
TxqPaEG,VPRcOnyNq,TxqPaEG,TLAyVE,rK,TxqPaEG,TxqPaEG,hDkSTOr,TLAyVE,rK
rK
rK
rK
rK
Jedi Wagner, assuma o comando!