Toque! Toque, Dijê!
ZflSpNrSuS
ZflSpNrSuS
Toque! Toque, Dijê!
[vazia]
eDzO
eDzO
E,eDzO
eDzO
eDzO
E,eDzO,tg
E,eDzO,tg,tBRJOpubFb
eDzO
E,tg,tBRJOpubFb,E
E,tg,tBRJOpubFb,E
tg
E,tg,tBRJOpubFb,E
E
E
E
E
E
E,tg,tBRJOpubFb,E
E,tg,tBRJOpubFb,E
tBRJOpubFb
E,tg,tBRJOpubFb,E,ZflSpNrSuS
ZflSpNrSuS
ZflSpNrSuS
ZflSpNrSuS
ZflSpNrSuS
E,tBRJOpubFb,E,eDzO,ZflSpNrSuS,fbssi,tBRJOpubFb
eDzO
E,tBRJOpubFb,E,ZflSpNrSuS,eDzO,fbssi,tBRJOpubFb
E,tBRJOpubFb,E,ZflSpNrSuS,eDzO,fbssi,tBRJOpubFb
tBRJOpubFb,E,eDzO,ZflSpNrSuS,fbssi,tBRJOpubFb,eDzO,E,SAd,Zm,E
ZflSpNrSuS
ZflSpNrSuS
tBRJOpubFb,E,ZflSpNrSuS,fbssi,tBRJOpubFb,eDzO,E,SAd,Zm,E,eDzO
ZflSpNrSuS
fbssi
fbssi
fbssi
E,ZflSpNrSuS,fbssi,tBRJOpubFb,SAd,tBRJOpubFb,eDzO,E,Zm,E,eDzO,SAd,eDzO,tg
E
E
SAd
ZflSpNrSuS,E,SAd,E,eDzO,fbssi,E,SAd,eDzO,tg,E,SAd,tg
ZflSpNrSuS,E,SAd,E,eDzO,fbssi,E,SAd,eDzO,tg,E,SAd,tg
ZflSpNrSuS,fbssi,E,SAd,E,E,eDzO,SAd,eDzO,tg,l
ZflSpNrSuS
ZflSpNrSuS
ZflSpNrSuS
ZflSpNrSuS
ZflSpNrSuS
ZflSpNrSuS
ZflSpNrSuS
ZflSpNrSuS
eDzO
eDzO
E,SAd,E,E,ZflSpNrSuS,eDzO,SAd,eDzO,l,eDzO
ZflSpNrSuS
eDzO
SAd
E,SAd,E,E,ZflSpNrSuS,eDzO,SAd,fbssi,eDzO,tg,ZflSpNrSuS
SAd
fbssi
E,SAd,E,E,ZflSpNrSuS,eDzO,SAd,fbssi,eDzO,tg,ZflSpNrSuS
fbssi
fbssi
fbssi
E,E,ZflSpNrSuS,SAd,fbssi,tg,eDzO,ZflSpNrSuS,fbssi,ZflSpNrSuS
ZflSpNrSuS
E,E,ZflSpNrSuS,SAd,fbssi,tg,eDzO,ZflSpNrSuS,fbssi,ZflSpNrSuS
E,E,ZflSpNrSuS,SAd,fbssi,tg,eDzO,ZflSpNrSuS,fbssi,ZflSpNrSuS
ZflSpNrSuS
tg
tg
tg
eDzO,E,ZflSpNrSuS,SAd,ZflSpNrSuS,ZflSpNrSuS,fbssi
ZflSpNrSuS
E,E,ZflSpNrSuS,SAd,fbssi,tg,eDzO,ZflSpNrSuS,fbssi,ZflSpNrSuS
ZflSpNrSuS
E,E,ZflSpNrSuS,SAd,fbssi,tg,eDzO,ZflSpNrSuS,fbssi,ZflSpNrSuS
ZflSpNrSuS
E,E,ZflSpNrSuS,SAd,fbssi,tg,eDzO,ZflSpNrSuS,fbssi,ZflSpNrSuS,l,fbssi
E,E,ZflSpNrSuS,fbssi,tg,ZflSpNrSuS,fbssi,ZflSpNrSuS,SAd,eDzO,l,fbssi,E
SAd
E,E,fbssi,tg,ZflSpNrSuS,fbssi,ZflSpNrSuS,ZflSpNrSuS,SAd,eDzO,l,fbssi,E
E,E,fbssi,tg,ZflSpNrSuS,fbssi,ZflSpNrSuS,ZflSpNrSuS,SAd,eDzO,l,fbssi,E
eDzO
eDzO
eDzO
eDzO
E,E,fbssi,tg,ZflSpNrSuS,fbssi,ZflSpNrSuS,ZflSpNrSuS,SAd,eDzO,l,fbssi,E,tBRJOpubFb
eDzO
tBRJOpubFb
tBRJOpubFb
eDzO
E,fbssi,tg,ZflSpNrSuS,fbssi,ZflSpNrSuS,ZflSpNrSuS,SAd,eDzO,l,fbssi,E,l,ZflSpNrSuS
eDzO
eDzO
E,fbssi,ZflSpNrSuS,fbssi,ZflSpNrSuS,ZflSpNrSuS,SAd,tg,eDzO,l,fbssi,E,l,ZflSpNrSuS,fbssi
eDzO
eDzO
eDzO
SAd
SAd
E,fbssi,tg,fbssi,ZflSpNrSuS,ZflSpNrSuS,eDzO,E,SAd,l,fbssi,E,ZXKGGCgPiA
E,fbssi,tg,fbssi,ZflSpNrSuS,ZflSpNrSuS,eDzO,E,SAd,l,fbssi,E,ZXKGGCgPiA
E
E,fbssi,fbssi,ZflSpNrSuS,ZflSpNrSuS,eDzO,E,SAd,l,fbssi,E
E
E,fbssi,fbssi,ZflSpNrSuS,ZflSpNrSuS,eDzO,E,SAd,l,fbssi,E,fbssi
E,fbssi,fbssi,ZflSpNrSuS,ZflSpNrSuS,eDzO,E,SAd,l,fbssi,E,fbssi
E,fbssi,fbssi,ZflSpNrSuS,ZflSpNrSuS,eDzO,E,SAd,l,fbssi,E,ZXKGGCgPiA
E,fbssi,fbssi,ZflSpNrSuS,eDzO,E,SAd,l,fbssi,E,ZXKGGCgPiA
ZflSpNrSuS
E
E,fbssi,fbssi,ZflSpNrSuS,ZflSpNrSuS,eDzO,E,SAd,fbssi,E,l,ZXKGGCgPiA
l,E,fbssi,fbssi,ZflSpNrSuS,ZflSpNrSuS,eDzO,E,SAd,fbssi,E,ZXKGGCgPiA,Zm
l
ZXKGGCgPiA
E,fbssi,fbssi,ZflSpNrSuS,ZflSpNrSuS,eDzO,E,SAd,l,fbssi,E,ZXKGGCgPiA
fbssi
fbssi
fbssi
E,fbssi,tBRJOpubFb,fbssi,ZflSpNrSuS,ZflSpNrSuS,eDzO,E,SAd,l,fbssi,E,ZXKGGCgPiA,ZXKGGCgPiA
E,tBRJOpubFb,fbssi,ZflSpNrSuS,ZflSpNrSuS,eDzO,E,SAd,l,fbssi,E,ZXKGGCgPiA,ZXKGGCgPiA,tg
fbssi
E,ZflSpNrSuS,ZflSpNrSuS,eDzO,E,SAd,l,fbssi,E,ZXKGGCgPiA,ZXKGGCgPiA,tg,tg
E,ZflSpNrSuS,ZflSpNrSuS,eDzO,E,SAd,l,fbssi,E,ZXKGGCgPiA,ZXKGGCgPiA,tg,tg
ZflSpNrSuS
E,ZflSpNrSuS,ZflSpNrSuS,eDzO,E,SAd,l,fbssi,E,ZXKGGCgPiA,ZXKGGCgPiA,tg,tg
ZflSpNrSuS
E,ZflSpNrSuS,ZflSpNrSuS,eDzO,E,SAd,l,fbssi,E,ZXKGGCgPiA,ZXKGGCgPiA,tg,tg,Zm
E,fbssi,ZflSpNrSuS,ZflSpNrSuS,eDzO,E,SAd,l,fbssi,E,ZXKGGCgPiA,ZXKGGCgPiA,tg
E,fbssi,ZflSpNrSuS,ZflSpNrSuS,eDzO,E,SAd,l,fbssi,E,ZXKGGCgPiA,ZXKGGCgPiA,tg
ZflSpNrSuS
ZflSpNrSuS
ZflSpNrSuS
E,fbssi,ZflSpNrSuS,ZflSpNrSuS,eDzO,E,SAd,l,fbssi,E,ZXKGGCgPiA,ZXKGGCgPiA,tg,tg,l
eDzO
eDzO
eDzO
eDzO
eDzO
eDzO
eDzO
eDzO
eDzO
E,fbssi,ZflSpNrSuS,ZflSpNrSuS,eDzO,E,SAd,fbssi,E,ZXKGGCgPiA,ZXKGGCgPiA,tg,tg,l,tBRJOpubFb,ZXKGGCgPiA,eDzO
E,fbssi,ZflSpNrSuS,ZflSpNrSuS,eDzO,E,SAd,fbssi,E,ZXKGGCgPiA,ZXKGGCgPiA,tg,tg,l,tBRJOpubFb,ZXKGGCgPiA,eDzO,SAd
E,fbssi,ZflSpNrSuS,ZflSpNrSuS,eDzO,E,SAd,fbssi,E,ZXKGGCgPiA,ZXKGGCgPiA,tg,tg,l,tBRJOpubFb,ZXKGGCgPiA,eDzO,SAd
ZXKGGCgPiA
E,ZflSpNrSuS,ZflSpNrSuS,eDzO,E,ZXKGGCgPiA,fbssi,E,tg,tg,l,ZXKGGCgPiA,eDzO,SAd,SAd,eDzO
ZXKGGCgPiA
ZXKGGCgPiA
ZXKGGCgPiA
ZXKGGCgPiA
ZXKGGCgPiA
ZXKGGCgPiA
ZXKGGCgPiA
ZXKGGCgPiA
E,fbssi,ZflSpNrSuS,ZflSpNrSuS,eDzO,E,SAd,fbssi,E,ZXKGGCgPiA,ZXKGGCgPiA,tg,tg,l,tBRJOpubFb,ZXKGGCgPiA,eDzO
E,ZflSpNrSuS,ZflSpNrSuS,eDzO,E,fbssi,E,ZXKGGCgPiA,ZXKGGCgPiA,tg,tg,l,tBRJOpubFb,ZXKGGCgPiA,eDzO
E,ZflSpNrSuS,ZflSpNrSuS,eDzO,E,SAd,ZXKGGCgPiA,fbssi,fbssi,E,ZXKGGCgPiA,tg,tg,l,tBRJOpubFb,ZXKGGCgPiA,eDzO
SAd
E
E
ZflSpNrSuS,ZflSpNrSuS,eDzO,SAd,tBRJOpubFb,E,ZXKGGCgPiA,fbssi,fbssi,E,ZXKGGCgPiA,tg,tg,l,ZXKGGCgPiA,eDzO,ZflSpNrSuS,l
ZflSpNrSuS,ZflSpNrSuS,eDzO,SAd,tBRJOpubFb,E,ZXKGGCgPiA,fbssi,fbssi,E,ZXKGGCgPiA,tg,tg,l,ZXKGGCgPiA,eDzO,ZflSpNrSuS
ZflSpNrSuS,ZflSpNrSuS,eDzO,SAd,tBRJOpubFb,E,ZXKGGCgPiA,fbssi,fbssi,E,ZXKGGCgPiA,tg,tg,l,ZXKGGCgPiA,eDzO,ZflSpNrSuS
ZflSpNrSuS,ZflSpNrSuS,eDzO,SAd,tBRJOpubFb,E,ZXKGGCgPiA,fbssi,fbssi,E,ZXKGGCgPiA,tg,tg,l,ZXKGGCgPiA,eDzO,ZflSpNrSuS
ZflSpNrSuS,ZflSpNrSuS,eDzO,E,ZXKGGCgPiA,fbssi,fbssi,E,ZXKGGCgPiA,tg,tg,l,ZXKGGCgPiA,eDzO,ZflSpNrSuS
E
ZflSpNrSuS,ZflSpNrSuS,eDzO,fbssi,l,E,ZXKGGCgPiA,fbssi,E,ZXKGGCgPiA,tg,tg,ZXKGGCgPiA,eDzO,ZflSpNrSuS,Zm,SAd,l,ZXKGGCgPiA
E
E
ZXKGGCgPiA
ZXKGGCgPiA
ZflSpNrSuS,SAd,tBRJOpubFb,E,ZXKGGCgPiA,fbssi,eDzO,fbssi,E,ZXKGGCgPiA,ZXKGGCgPiA,eDzO,ZflSpNrSuS,SAd,Zm
ZflSpNrSuS,eDzO,SAd,tBRJOpubFb,E,ZXKGGCgPiA,fbssi,fbssi,E,ZXKGGCgPiA,tg,ZXKGGCgPiA,eDzO,ZflSpNrSuS,SAd,Zm
fbssi
ZflSpNrSuS,eDzO,SAd,tBRJOpubFb,E,ZXKGGCgPiA,fbssi,fbssi,E,ZXKGGCgPiA,ZXKGGCgPiA,eDzO,ZflSpNrSuS,SAd,l
eDzO,SAd,tBRJOpubFb,E,fbssi,ZflSpNrSuS,fbssi,E,ZXKGGCgPiA,tg,ZXKGGCgPiA,eDzO,ZflSpNrSuS,SAd,Zm,SAd,ZXKGGCgPiA
eDzO,SAd,tBRJOpubFb,E,fbssi,ZflSpNrSuS,fbssi,Zm,E,ZXKGGCgPiA,tg,ZXKGGCgPiA,eDzO,ZflSpNrSuS,SAd,SAd,ZXKGGCgPiA,SAd
E
eDzO,SAd,tBRJOpubFb,E,fbssi,ZflSpNrSuS,fbssi,Zm,E,ZXKGGCgPiA,tg,ZXKGGCgPiA,eDzO,ZflSpNrSuS,SAd,SAd,ZXKGGCgPiA,SAd,l
tg
eDzO,SAd,tBRJOpubFb,E,fbssi,ZflSpNrSuS,fbssi,Zm,E,ZXKGGCgPiA,tg,ZXKGGCgPiA,eDzO,ZflSpNrSuS,SAd,SAd,ZXKGGCgPiA,SAd,l,tBRJOpubFb
ZflSpNrSuS
eDzO,SAd,tBRJOpubFb,E,fbssi,ZflSpNrSuS,fbssi,Zm,E,ZXKGGCgPiA,tg,ZXKGGCgPiA,eDzO,ZflSpNrSuS,SAd,SAd,ZXKGGCgPiA,SAd,l,tBRJOpubFb
eDzO,SAd,tBRJOpubFb,E,fbssi,ZflSpNrSuS,fbssi,Zm,E,ZXKGGCgPiA,tg,ZXKGGCgPiA,eDzO,ZflSpNrSuS,SAd,SAd,ZXKGGCgPiA,SAd,l,tBRJOpubFb
l
l
l
eDzO,SAd,E,fbssi,ZflSpNrSuS,fbssi,Zm,E,ZXKGGCgPiA,tg,ZXKGGCgPiA,eDzO,ZflSpNrSuS,SAd,SAd,l,tBRJOpubFb,ZXKGGCgPiA,SAd,tBRJOpubFb
SAd
eDzO,SAd,tBRJOpubFb,E,fbssi,ZflSpNrSuS,fbssi,Zm,E,ZXKGGCgPiA,tg,ZXKGGCgPiA,eDzO,ZflSpNrSuS,SAd,SAd,ZXKGGCgPiA,SAd,l,tBRJOpubFb,Zm,ZXKGGCgPiA,eDzO
SAd
SAd
eDzO,SAd,tBRJOpubFb,E,fbssi,ZflSpNrSuS,fbssi,Zm,E,ZXKGGCgPiA,tg,ZXKGGCgPiA,eDzO,ZflSpNrSuS,SAd,SAd,ZXKGGCgPiA,SAd,l,tBRJOpubFb
eDzO,SAd,tBRJOpubFb,E,ZflSpNrSuS,fbssi,Zm,E,ZXKGGCgPiA,tg,ZXKGGCgPiA,eDzO,ZflSpNrSuS,SAd,SAd,ZXKGGCgPiA,SAd,l,tBRJOpubFb,eDzO,tg
ZflSpNrSuS
SAd
eDzO,SAd,tBRJOpubFb,E,fbssi,ZflSpNrSuS,fbssi,Zm,E,tg,ZXKGGCgPiA,eDzO,ZflSpNrSuS,SAd,SAd,ZXKGGCgPiA,SAd,tBRJOpubFb
eDzO,SAd,tBRJOpubFb,E,fbssi,ZflSpNrSuS,fbssi,Zm,E,ZXKGGCgPiA,tg,ZXKGGCgPiA,eDzO,ZflSpNrSuS,SAd,SAd,ZXKGGCgPiA,SAd,l,tBRJOpubFb,Zm
eDzO,SAd,tBRJOpubFb,E,fbssi,ZflSpNrSuS,fbssi,Zm,E,ZXKGGCgPiA,tg,ZXKGGCgPiA,eDzO,ZflSpNrSuS,SAd,SAd,ZXKGGCgPiA,SAd,l,tBRJOpubFb,Zm
Zm
Zm
Jedi Wagner, assuma o comando!