suJZpHt
suJZpHt
suJZpHt
suJZpHt
suJZpHt,csQFiL,csQFiL
suJZpHt,csQFiL,csQFiL
suJZpHt
[vazia]
suJZpHt,suJZpHt
suJZpHt
csQFiL
csQFiL
csQFiL
csQFiL,suJZpHt,csQFiL,csQFiL,suJZpHt
suJZpHt
suJZpHt
csQFiL,suJZpHt,csQFiL,csQFiL,suJZpHt,suJZpHt
csQFiL,suJZpHt,csQFiL,csQFiL,suJZpHt
suJZpHt
suJZpHt
suJZpHt
suJZpHt
csQFiL,suJZpHt,csQFiL,csQFiL,suJZpHt
csQFiL
csQFiL
csQFiL
csQFiL,suJZpHt,csQFiL,csQFiL
csQFiL
csQFiL,csQFiL,csQFiL,suJZpHt
csQFiL
csQFiL,csQFiL,suJZpHt,suJZpHt
csQFiL
csQFiL
csQFiL
suJZpHt
suJZpHt,csQFiL,suJZpHt,suJZpHt
suJZpHt,csQFiL,suJZpHt,suJZpHt
suJZpHt
suJZpHt,csQFiL,suJZpHt,suJZpHt,csQFiL,csQFiL,csQFiL
suJZpHt,csQFiL,suJZpHt,suJZpHt,csQFiL
suJZpHt
csQFiL
suJZpHt
suJZpHt,suJZpHt
csQFiL
suJZpHt,csQFiL,suJZpHt,suJZpHt,suJZpHt
csQFiL
suJZpHt,suJZpHt,csQFiL,suJZpHt,suJZpHt
suJZpHt
suJZpHt
suJZpHt
suJZpHt,csQFiL,suJZpHt,suJZpHt
suJZpHt,csQFiL,suJZpHt,suJZpHt
suJZpHt,csQFiL,suJZpHt,suJZpHt
suJZpHt,csQFiL,suJZpHt,suJZpHt
suJZpHt
suJZpHt
suJZpHt
suJZpHt
suJZpHt
suJZpHt
suJZpHt
suJZpHt
suJZpHt
suJZpHt,suJZpHt,suJZpHt,csQFiL,suJZpHt
suJZpHt,suJZpHt,suJZpHt,csQFiL,suJZpHt
suJZpHt,suJZpHt,suJZpHt,csQFiL,suJZpHt
suJZpHt,suJZpHt,suJZpHt,suJZpHt,csQFiL,csQFiL,suJZpHt,suJZpHt,suJZpHt
suJZpHt,suJZpHt,suJZpHt,csQFiL,suJZpHt,suJZpHt,suJZpHt,csQFiL
suJZpHt,suJZpHt,suJZpHt,csQFiL,suJZpHt,suJZpHt,suJZpHt,csQFiL
suJZpHt,suJZpHt,csQFiL,suJZpHt,suJZpHt,suJZpHt,csQFiL
suJZpHt
suJZpHt,suJZpHt,suJZpHt,suJZpHt,suJZpHt,csQFiL,csQFiL
suJZpHt
suJZpHt,suJZpHt,suJZpHt,csQFiL,suJZpHt,csQFiL
suJZpHt
suJZpHt
suJZpHt,suJZpHt,suJZpHt,suJZpHt,csQFiL,suJZpHt
suJZpHt,suJZpHt,suJZpHt,csQFiL,suJZpHt
suJZpHt
suJZpHt
suJZpHt
suJZpHt
csQFiL,suJZpHt,suJZpHt,suJZpHt,suJZpHt,csQFiL,suJZpHt
csQFiL
csQFiL
csQFiL
csQFiL,suJZpHt,suJZpHt,csQFiL,suJZpHt,csQFiL
suJZpHt,suJZpHt,csQFiL,csQFiL
suJZpHt,suJZpHt,csQFiL,csQFiL
csQFiL
suJZpHt,csQFiL,suJZpHt,csQFiL
csQFiL,suJZpHt,csQFiL,csQFiL,csQFiL
csQFiL,suJZpHt,csQFiL,csQFiL,csQFiL
suJZpHt
csQFiL,suJZpHt,csQFiL,csQFiL,csQFiL
suJZpHt,suJZpHt,csQFiL,csQFiL
suJZpHt,suJZpHt,csQFiL,csQFiL
csQFiL
suJZpHt,csQFiL,csQFiL
csQFiL
csQFiL
csQFiL
csQFiL
csQFiL
suJZpHt,csQFiL,csQFiL,suJZpHt
csQFiL
suJZpHt,csQFiL,csQFiL,suJZpHt
csQFiL
csQFiL
suJZpHt,csQFiL,csQFiL,suJZpHt,suJZpHt
suJZpHt
csQFiL,suJZpHt,csQFiL,suJZpHt,suJZpHt
suJZpHt,suJZpHt,csQFiL,csQFiL
csQFiL
suJZpHt,suJZpHt,csQFiL,csQFiL
csQFiL
suJZpHt,suJZpHt,csQFiL
suJZpHt,suJZpHt,csQFiL
suJZpHt,suJZpHt,csQFiL
suJZpHt,suJZpHt
suJZpHt
suJZpHt
suJZpHt
suJZpHt,csQFiL
Toque! Toque, Dijê!
csQFiL,csQFiL,csQFiL
csQFiL,csQFiL,csQFiL
csQFiL
csQFiL
csQFiL,csQFiL,csQFiL
csQFiL
csQFiL
csQFiL
csQFiL
csQFiL,csQFiL
suJZpHt
csQFiL,csQFiL,suJZpHt,suJZpHt,csQFiL
csQFiL
csQFiL
csQFiL
csQFiL,csQFiL,csQFiL,suJZpHt,suJZpHt
csQFiL,csQFiL,csQFiL,suJZpHt,suJZpHt
csQFiL,csQFiL,csQFiL,suJZpHt,suJZpHt
suJZpHt
csQFiL,csQFiL,suJZpHt,csQFiL,suJZpHt
csQFiL
csQFiL,csQFiL,suJZpHt,suJZpHt,suJZpHt,csQFiL
csQFiL
csQFiL
csQFiL
csQFiL
csQFiL
csQFiL
csQFiL
csQFiL,suJZpHt,suJZpHt,csQFiL,csQFiL,suJZpHt
csQFiL
csQFiL,csQFiL,suJZpHt,suJZpHt,suJZpHt,csQFiL
csQFiL
csQFiL,suJZpHt,suJZpHt,suJZpHt,csQFiL,csQFiL
csQFiL
csQFiL,csQFiL,suJZpHt,suJZpHt,suJZpHt,csQFiL
csQFiL
csQFiL
csQFiL,csQFiL,suJZpHt,csQFiL,suJZpHt
csQFiL,csQFiL,suJZpHt,csQFiL,suJZpHt
csQFiL,csQFiL,suJZpHt,csQFiL,suJZpHt
csQFiL
csQFiL
csQFiL,suJZpHt,suJZpHt,suJZpHt,csQFiL
csQFiL,csQFiL,suJZpHt,suJZpHt,suJZpHt,csQFiL
csQFiL
csQFiL,csQFiL,suJZpHt,suJZpHt,suJZpHt,csQFiL
csQFiL,csQFiL,suJZpHt,suJZpHt,suJZpHt,csQFiL,suJZpHt,suJZpHt
csQFiL
csQFiL,csQFiL,suJZpHt,suJZpHt,suJZpHt,csQFiL
csQFiL,csQFiL,suJZpHt,suJZpHt,csQFiL,suJZpHt,csQFiL,suJZpHt
csQFiL,csQFiL,suJZpHt,suJZpHt,suJZpHt,csQFiL,suJZpHt
csQFiL
csQFiL
csQFiL,suJZpHt,suJZpHt,csQFiL,suJZpHt,suJZpHt
Jedi Wagner, assuma o comando!