axSdE,hXACajVN
axSdE,hXACajVN,LuVQQfh
hXACajVN
Toque! Toque, Dijê!
[vazia]
Toque! Toque, Dijê!
[vazia]
[vazia]
iLX
mIagFHmk
iLX,mIagFHmk
iLX,mIagFHmk
iLX,mIagFHmk
mIagFHmk
iLX,mIagFHmk
iLX,mIagFHmk
iLX,mIagFHmk
mIagFHmk
mIagFHmk
iLX,LuVQQfh,mIagFHmk,iLX
iLX,LuVQQfh,mIagFHmk,iLX
iLX,mIagFHmk,LuVQQfh,iLX
iLX,mIagFHmk,LuVQQfh,iLX,LuVQQfh
iLX,mIagFHmk,LuVQQfh,iLX
LuVQQfh
LuVQQfh
LuVQQfh
LuVQQfh
iLX,mIagFHmk,LuVQQfh,iLX
iLX,mIagFHmk,LuVQQfh,iLX
iLX,mIagFHmk,LuVQQfh,iLX
iLX,mIagFHmk,LuVQQfh,iLX
iLX,mIagFHmk,iLX,LuVQQfh
LuVQQfh
iLX,mIagFHmk,iLX,LuVQQfh
iLX,mIagFHmk,iLX,LuVQQfh
LuVQQfh
iLX,mIagFHmk,iLX,LuVQQfh
iLX,mIagFHmk,iLX,LuVQQfh
whKbTzv
iLX,mIagFHmk,LuVQQfh,whKbTzv,iLX,mIagFHmk,axSdE
iLX,mIagFHmk,LuVQQfh,whKbTzv,iLX,mIagFHmk,axSdE,whKbTzv
axSdE
iLX,mIagFHmk,LuVQQfh,whKbTzv,iLX,mIagFHmk,axSdE,whKbTzv
iLX,mIagFHmk,LuVQQfh,whKbTzv,iLX,mIagFHmk,axSdE,whKbTzv
axSdE
axSdE
iLX,LuVQQfh,whKbTzv,iLX,mIagFHmk,axSdE,whKbTzv,vZm,hXACajVN
mIagFHmk
axSdE
axSdE
axSdE
iLX,mIagFHmk,LuVQQfh,whKbTzv,iLX,mIagFHmk,axSdE,whKbTzv,LuVQQfh
LuVQQfh
iLX,mIagFHmk,whKbTzv,iLX,mIagFHmk,axSdE,LuVQQfh,whKbTzv,LuVQQfh
iLX
iLX,LuVQQfh,mIagFHmk,iLX,mIagFHmk,axSdE,whKbTzv,LuVQQfh,LuVQQfh,whKbTzv
iLX,mIagFHmk,whKbTzv,iLX,mIagFHmk,axSdE,LuVQQfh,whKbTzv,LuVQQfh
whKbTzv
Jedi Wagner, assuma o comando!