[vazia]
[vazia]
Toque! Toque, Dijê!
Toque! Toque, Dijê!
saVyiN
[vazia]
saVyiN
saVyiN
saVyiN
saVyiN
rg
rg
rg
rg,saVyiN
rg
saVyiN
saVyiN,ruVc
saVyiN,ruVc
saVyiN,ruVc,FqYF
saVyiN,ruVc,FqYF,FqYF
saVyiN,ruVc
saVyiN
saVyiN
saVyiN
saVyiN
saVyiN,mRh
mRh,saVyiN
mRh
mRh,saVyiN
mRh
mRh,saVyiN,mRh,FqYF
mRh,saVyiN,mRh
mRh
mRh,saVyiN,mRh
mRh
saVyiN
saVyiN,ruVc,FqYF
saVyiN
saVyiN,ruVc,FqYF,mRh
saVyiN,ruVc,FqYF,mRh
saVyiN
saVyiN,ruVc,mRh,mRh,mRh
saVyiN,ruVc,FqYF,mRh
saVyiN
saVyiN
saVyiN,ruVc,FqYF,mRh,FqYF
ruVc
mRh
mRh
saVyiN,FqYF,mRh,FqYF,ruVc,rg
mRh
saVyiN,FqYF,mRh,ruVc,FqYF,saVyiN,ruVc,FqYF
saVyiN,FqYF,mRh,ruVc,FqYF,saVyiN,ruVc,rg
saVyiN,FqYF,mRh,ruVc,FqYF,saVyiN,ruVc
saVyiN,FqYF,mRh,ruVc,FqYF,saVyiN,ruVc
saVyiN,FqYF,mRh,ruVc,FqYF,saVyiN,ruVc
saVyiN,FqYF,mRh,ruVc,FqYF,saVyiN,ruVc,rg
FqYF
ruVc
FqYF,mRh,ruVc,FqYF,saVyiN,ruVc
ruVc
FqYF,mRh,FqYF,saVyiN,ruVc
FqYF
FqYF,ruVc,ruVc,FqYF,FqYF
FqYF
ruVc,FqYF,FqYF,FqYF,ruVc
ruVc
ruVc,FqYF,FqYF,FqYF,ruVc
ruVc,FqYF,FqYF,FqYF,ruVc
ruVc
FqYF
FqYF,ruVc,FqYF,FqYF,ruVc,FqYF,saVyiN,saVyiN
FqYF,ruVc,FqYF,FqYF,ruVc,FqYF,saVyiN,saVyiN
FqYF,ruVc,FqYF,FqYF,ruVc,FqYF,saVyiN,saVyiN,FqYF
FqYF
FqYF
FqYF,ruVc,FqYF,FqYF,ruVc,FqYF,saVyiN,FqYF
FqYF,ruVc,FqYF,FqYF,ruVc,FqYF,saVyiN,FqYF
FqYF,ruVc,FqYF,FqYF,ruVc,FqYF,saVyiN,FqYF
FqYF
FqYF
FqYF,FqYF,ruVc,ruVc,FqYF,FqYF,rg
FqYF,FqYF,ruVc,FqYF,FqYF,rg
FqYF
FqYF,FqYF,ruVc,ruVc,FqYF,FqYF,rg,FqYF
rg
rg
FqYF,FqYF,ruVc,ruVc,FqYF,FqYF,rg,FqYF
FqYF,FqYF,ruVc,ruVc,FqYF,FqYF,rg,FqYF,rg
FqYF,FqYF,ruVc,ruVc,FqYF,FqYF,rg,FqYF,rg
FqYF,FqYF,ruVc,ruVc,FqYF,FqYF,rg,FqYF,rg
FqYF
FqYF,FqYF,ruVc,ruVc,FqYF,FqYF,rg,FqYF,rg,rg
rg
rg
rg
rg
rg
rg
rg
FqYF,ruVc,ruVc,FqYF,FqYF,FqYF,rg,rg,rg,rg,FqYF
FqYF,ruVc,FqYF,FqYF,FqYF,rg,rg,rg,rg,FqYF,ruVc,ruVc,saVyiN
rg
rg
rg
FqYF,ruVc,ruVc,FqYF,FqYF,FqYF,rg,rg,rg,rg,FqYF,ruVc,ruVc,saVyiN
FqYF,ruVc,ruVc,FqYF,FqYF,FqYF,rg,rg,rg,rg,FqYF,ruVc,ruVc,saVyiN
rg
saVyiN
FqYF,ruVc,FqYF,FqYF,FqYF,rg,rg,rg,ruVc,rg,FqYF,ruVc,ruVc,saVyiN,FqYF,FqYF
ruVc
FqYF,ruVc,FqYF,FqYF,FqYF,rg,rg,rg,ruVc,rg,FqYF,ruVc,ruVc,saVyiN,FqYF,FqYF,mRh
FqYF,ruVc,FqYF,FqYF,FqYF,rg,rg,rg,ruVc,rg,FqYF,ruVc,ruVc,saVyiN,FqYF,FqYF,mRh
FqYF,ruVc,FqYF,FqYF,FqYF,rg,rg,rg,ruVc,rg,FqYF,ruVc,ruVc,saVyiN,FqYF,FqYF,mRh,rg,mRh
rg
ruVc,FqYF,FqYF,FqYF,rg,rg,ruVc,rg,rg,FqYF,ruVc,ruVc,saVyiN,FqYF,FqYF,mRh,rg,mRh,rg
rg
rg
saVyiN
ruVc,FqYF,FqYF,FqYF,rg,rg,ruVc,rg,saVyiN,rg,FqYF,ruVc,ruVc,FqYF,FqYF,rg,mRh,rg
ruVc,FqYF,FqYF,rg,rg,ruVc,rg,saVyiN,rg,FqYF,ruVc,ruVc,FqYF,FqYF,rg,mRh,rg
ruVc,FqYF,FqYF,FqYF,rg,rg,ruVc,rg,saVyiN,rg,FqYF,ruVc,ruVc,FqYF,FqYF,rg,mRh,rg
ruVc,FqYF,FqYF,FqYF,rg,rg,ruVc,rg,saVyiN,rg,FqYF,ruVc,ruVc,FqYF,FqYF,rg,mRh,rg
saVyiN
FqYF,ruVc,FqYF,FqYF,FqYF,rg,rg,rg,ruVc,rg,FqYF,ruVc,ruVc,saVyiN,FqYF,FqYF,mRh,rg,mRh
ruVc
ruVc
ruVc
FqYF,FqYF,FqYF,FqYF,rg,rg,rg,rg,ruVc,mRh,ruVc,FqYF,ruVc,ruVc,saVyiN,FqYF,FqYF,rg,mRh
mRh
ruVc
FqYF
FqYF,FqYF,FqYF,rg,rg,rg,ruVc,mRh,ruVc,FqYF,rg,ruVc,ruVc,saVyiN,FqYF,FqYF,rg,mRh
mRh
mRh
rg
FqYF,FqYF,FqYF,rg,rg,rg,ruVc,mRh,ruVc,FqYF,rg,ruVc,ruVc,saVyiN,FqYF,FqYF,rg,mRh
ruVc
ruVc
rg
FqYF,rg,rg,FqYF,rg,ruVc,rg,ruVc,ruVc,FqYF,FqYF,rg,saVyiN
rg,FqYF,rg,ruVc,rg,ruVc,ruVc,FqYF,FqYF,rg,saVyiN
FqYF
FqYF,ruVc,rg,ruVc,ruVc,FqYF,rg,FqYF,rg,saVyiN
FqYF
FqYF
rg,FqYF,rg,ruVc,rg,ruVc,ruVc,FqYF,FqYF,rg,saVyiN
FqYF
FqYF
rg,FqYF,rg,ruVc,rg,ruVc,ruVc,FqYF,FqYF,rg,saVyiN
FqYF
rg,rg,rg,ruVc,ruVc,FqYF,saVyiN,FqYF,FqYF,rg
saVyiN
saVyiN
rg,rg,ruVc,ruVc,FqYF,saVyiN,FqYF,FqYF,rg,FqYF,FqYF,rg,FqYF
rg,ruVc,ruVc,FqYF,saVyiN,rg,FqYF,FqYF,rg,FqYF,FqYF,rg,FqYF,ruVc,mRh,mRh,ruVc
mRh
ruVc,ruVc,FqYF,saVyiN,mRh,rg,FqYF,FqYF,rg,FqYF,FqYF,rg,FqYF,ruVc,mRh,ruVc
rg,rg,rg,ruVc,ruVc,FqYF,saVyiN,FqYF,FqYF,rg
saVyiN
rg,rg,rg,ruVc,ruVc,FqYF,saVyiN,FqYF,FqYF,rg,saVyiN,FqYF,saVyiN,ruVc
FqYF
rg,rg,rg,ruVc,ruVc,FqYF,FqYF,saVyiN,FqYF,rg,saVyiN,FqYF,saVyiN,ruVc
FqYF
FqYF
FqYF
rg,rg,rg,ruVc,FqYF,FqYF,saVyiN,FqYF,rg,saVyiN,FqYF,saVyiN,ruVc
rg,rg,FqYF,FqYF,saVyiN,FqYF,rg,saVyiN,FqYF,saVyiN,ruVc
rg,rg,FqYF,FqYF,saVyiN,ruVc,FqYF,rg,saVyiN,FqYF,saVyiN
saVyiN
saVyiN
saVyiN
saVyiN
FqYF,saVyiN,ruVc,FqYF,rg,saVyiN,FqYF,saVyiN,mRh,saVyiN
FqYF,saVyiN,ruVc,FqYF,rg,saVyiN,FqYF,saVyiN,mRh,saVyiN
FqYF,saVyiN,ruVc,FqYF,rg,saVyiN,FqYF,saVyiN,mRh,saVyiN
FqYF
FqYF
FqYF
rg,rg,FqYF,FqYF,FqYF,rg,saVyiN,FqYF,saVyiN,ruVc,ruVc
Jedi Wagner, assuma o comando!