Civ
YNy
YNy
YNy
YNy,Civ,YNy,Civ
Civ
Civ
YNy,Civ,YNy,Civ,TXVWCyoJsa,TcTnDEOpC
YNy
YNy,YNy,Civ,TcTnDEOpC,Civ
YNy,YNy,Civ,TcTnDEOpC,Civ
YNy,Civ,YNy,Civ,TcTnDEOpC,Civ
Civ
YNy,Civ,YNy,Civ,TcTnDEOpC,Civ,Civ,YNy
YNy
YNy
Civ,YNy,Civ,TcTnDEOpC,Civ,Civ,YNy
YNy
Civ,YNy,Civ,TcTnDEOpC,Civ,Civ,YNy
YNy
Civ,YNy,Civ,TcTnDEOpC,Civ,Civ,YNy
TcTnDEOpC
TcTnDEOpC
Civ
TcTnDEOpC,Civ,Civ,Civ,Civ,YNy,Civ
TcTnDEOpC,Civ,Civ,Civ,Civ,YNy,Civ
TcTnDEOpC,Civ,Civ,Civ,Civ,YNy,Civ,TcTnDEOpC
TcTnDEOpC,Civ,Civ,Civ,Civ,Civ,TcTnDEOpC
Civ
TcTnDEOpC,Civ,Civ,Civ,Civ,Civ,TcTnDEOpC,YNy
TcTnDEOpC,Civ,Civ,Civ,Civ,Civ,TcTnDEOpC,YNy
TcTnDEOpC,Civ,Civ,Civ,Civ,Civ,TcTnDEOpC,YNy,TXVWCyoJsa
TcTnDEOpC,Civ,Civ,Civ,Civ,Civ,TcTnDEOpC,YNy,TXVWCyoJsa
Civ
Civ
TcTnDEOpC,Civ,YNy,Civ,Civ,Civ,Civ,TcTnDEOpC,TXVWCyoJsa
TcTnDEOpC,Civ,YNy,Civ,Civ,Civ,Civ,TcTnDEOpC,TXVWCyoJsa,TXVWCyoJsa
Civ
TcTnDEOpC,YNy,Civ,Civ,Civ,Civ,TcTnDEOpC,TXVWCyoJsa,TXVWCyoJsa,YNy
YNy,Civ,Civ,TcTnDEOpC,Civ,Civ,TcTnDEOpC,TXVWCyoJsa,TXVWCyoJsa,YNy,TcTnDEOpC
YNy,Civ,Civ,TcTnDEOpC,Civ,Civ,TcTnDEOpC,TXVWCyoJsa,TXVWCyoJsa,YNy,TcTnDEOpC
TcTnDEOpC
YNy,Civ,Civ,TcTnDEOpC,Civ,Civ,TcTnDEOpC,TXVWCyoJsa,TXVWCyoJsa,YNy,TcTnDEOpC,TXVWCyoJsa
YNy,Civ,Civ,TcTnDEOpC,Civ,Civ,TcTnDEOpC,TXVWCyoJsa,TXVWCyoJsa,YNy,TcTnDEOpC,TXVWCyoJsa
YNy,Civ,TcTnDEOpC,Civ,Civ,Civ,TcTnDEOpC,TXVWCyoJsa,TXVWCyoJsa,YNy,TcTnDEOpC,TXVWCyoJsa
Civ
YNy,Civ,TcTnDEOpC,Civ,Civ,Civ,TcTnDEOpC,TXVWCyoJsa,TXVWCyoJsa,YNy,TcTnDEOpC,TXVWCyoJsa
Civ
YNy,TcTnDEOpC,Civ,Civ,Civ,TcTnDEOpC,Civ,TXVWCyoJsa,TXVWCyoJsa,YNy,TcTnDEOpC,TXVWCyoJsa
TcTnDEOpC,Civ,Civ,Civ,TcTnDEOpC,Civ,YNy,TXVWCyoJsa,TXVWCyoJsa,YNy,TcTnDEOpC,TXVWCyoJsa
YNy
YNy,Civ,TcTnDEOpC,Civ,Civ,Civ,TcTnDEOpC,TXVWCyoJsa,TXVWCyoJsa,YNy,TcTnDEOpC,TXVWCyoJsa,TXVWCyoJsa
TXVWCyoJsa
TXVWCyoJsa
YNy
TcTnDEOpC,Civ,Civ,TcTnDEOpC,YNy,TXVWCyoJsa,TXVWCyoJsa,TcTnDEOpC,TXVWCyoJsa,TXVWCyoJsa
YNy
YNy
TcTnDEOpC,Civ,Civ,TcTnDEOpC,YNy,TXVWCyoJsa,TXVWCyoJsa,TcTnDEOpC,TXVWCyoJsa,TXVWCyoJsa,TcTnDEOpC
YNy
YNy
TcTnDEOpC,TcTnDEOpC,TXVWCyoJsa,TcTnDEOpC,TXVWCyoJsa,TXVWCyoJsa,TcTnDEOpC
TcTnDEOpC,TcTnDEOpC,TXVWCyoJsa,TcTnDEOpC,TXVWCyoJsa,TXVWCyoJsa,TcTnDEOpC,TcTnDEOpC
TXVWCyoJsa,TcTnDEOpC,TcTnDEOpC,TXVWCyoJsa,TXVWCyoJsa,TcTnDEOpC,TcTnDEOpC,Civ,Civ
TcTnDEOpC
TcTnDEOpC,TcTnDEOpC,TXVWCyoJsa,TXVWCyoJsa,TcTnDEOpC,TcTnDEOpC,Civ,Civ,Civ,YNy,TXVWCyoJsa
TcTnDEOpC
TcTnDEOpC,TcTnDEOpC,TXVWCyoJsa,TXVWCyoJsa,TcTnDEOpC,TcTnDEOpC,Civ,Civ,Civ,YNy
TcTnDEOpC,TcTnDEOpC,TXVWCyoJsa,TXVWCyoJsa,TcTnDEOpC,TcTnDEOpC,Civ,Civ,Civ,YNy
TcTnDEOpC
TcTnDEOpC
TXVWCyoJsa,TcTnDEOpC,TcTnDEOpC,TXVWCyoJsa,TXVWCyoJsa,TcTnDEOpC,TcTnDEOpC,Civ,Civ,Civ,YNy
TcTnDEOpC
TXVWCyoJsa,TcTnDEOpC,TcTnDEOpC,TXVWCyoJsa,TXVWCyoJsa,TcTnDEOpC,TcTnDEOpC,Civ,Civ,YNy
TXVWCyoJsa
TcTnDEOpC,TcTnDEOpC,TXVWCyoJsa,TcTnDEOpC,TXVWCyoJsa,TXVWCyoJsa,TcTnDEOpC,TcTnDEOpC
TXVWCyoJsa
TcTnDEOpC,TcTnDEOpC,TcTnDEOpC,TXVWCyoJsa,TXVWCyoJsa,TcTnDEOpC,TcTnDEOpC,TcTnDEOpC
TXVWCyoJsa
TcTnDEOpC,TcTnDEOpC,TXVWCyoJsa,TcTnDEOpC,TXVWCyoJsa,TXVWCyoJsa,TcTnDEOpC,TcTnDEOpC,TcTnDEOpC
TXVWCyoJsa
TXVWCyoJsa
TXVWCyoJsa
TXVWCyoJsa
TXVWCyoJsa
TXVWCyoJsa
Jedi Wagner, assuma o comando!