X
X
X
Toque! Toque, Dijê!
Toque! Toque, Dijê!
Toque! Toque, Dijê!
z
X
X
X
X
X,z
z
Toque! Toque, Dijê!
[vazia]
X
X
X
X,X
X
Toque! Toque, Dijê!
[vazia]
Toque! Toque, Dijê!
[vazia]
Toque! Toque, Dijê!
[vazia]
Toque! Toque, Dijê!
z
z
z
z
z
z
z,X,NYW,z,NYW,NYW
z
z
NYW,z,NYW,NYW
z
z
X,NYW,z,NYW,NYW
X,z,NYW,NYW,NYW
NYW
NYW
X,z,NYW,NYW,NYW
NYW
X,z,NYW,NYW,NYW
NYW
NYW,X,z,NYW,NYW,NYW
NYW,X,z,NYW,NYW,NYW
NYW,X,NYW,NYW,NYW
X,NYW,NYW,NYW,NYW,NYW
X,z,NYW,NYW,NYW
X
z
X,z,NYW,NYW,NYW,NYW,z,X
X,z,NYW,NYW,NYW,NYW,z,X,NYW,NYW
z
NYW
X,z,NYW,NYW,NYW,NYW,z,X,NYW,NYW,z
NYW,NYW,NYW,NYW,NYW,NYW,z
z
z
NYW
NYW
NYW,NYW,NYW,NYW,NYW,NYW,NYW,NYW
NYW,NYW,NYW,NYW,NYW,NYW,NYW,NYW
NYW
NYW
NYW
NYW
NYW,NYW,NYW,NYW,NYW,NYW,NYW,X
NYW,NYW,NYW,NYW,NYW,NYW,NYW,NYW,NYW
NYW,NYW,NYW,NYW,NYW,NYW,NYW,NYW,NYW
NYW
NYW
NYW,NYW,NYW,NYW,NYW,NYW,NYW,X
NYW
NYW
NYW
NYW
NYW,NYW,NYW,NYW,NYW,NYW,X
NYW,NYW,NYW,NYW,NYW,X,NYW,z
X
NYW
NYW
NYW,NYW,NYW,NYW,NYW,X,NYW,z,X
Jedi Wagner, assuma o comando!