RAVD
RAVD
RAVD
RAVD
RAVD,SGZK,RAVD
RAVD
[vazia]
Toque! Toque, Dijê!
iU
iU
RAVD
iU,RAVD,b
RAVD
RAVD,b,RAVD
RAVD,b,RAVD
RAVD,b,RAVD,lfL
RAVD
RAVD
RAVD
RAVD
RAVD,b,RAVD,lfL,lfL,ta,dbJp
lfL
lfL
RAVD
RAVD,SGZK,b,lfL,RAVD,lfL
RAVD
SGZK
RAVD,SGZK,b,lfL,RAVD,lfL
RAVD,SGZK,b,RAVD,lfL
RAVD,SGZK,b,RAVD,lfL
RAVD,SGZK,b,RAVD,lfL
RAVD,SGZK,b,RAVD,lfL
RAVD,SGZK,b,RAVD,lfL
SGZK
RAVD,SGZK,b,RAVD,lfL,RAVD
RAVD,b,SGZK,RAVD,lfL,RAVD
SGZK
SGZK
RAVD,SGZK,RAVD,RAVD,ta
RAVD,RAVD,RAVD,ta
RAVD
RAVD
RAVD
RAVD
RAVD
RAVD,RAVD,RAVD,ta,SGZK,SGZK,ta
RAVD
RAVD,RAVD,RAVD,ta,SGZK,iU,ta,RAVD
RAVD
RAVD,RAVD,RAVD,ta,iU,ta,RAVD
RAVD
RAVD,RAVD,RAVD,iU,ta,ta,RAVD,ta
RAVD,RAVD,RAVD,iU,ta,ta,RAVD,ta
RAVD
RAVD
RAVD,RAVD,RAVD,iU,ta,RAVD,ta
RAVD,RAVD,RAVD,iU,ta,RAVD,ta
RAVD
RAVD,RAVD,RAVD,iU,ta,RAVD,ta
ta
ta
ta
RAVD,RAVD,ta,RAVD,ta,ta,b
ta
RAVD,RAVD,RAVD,ta,RAVD,ta
RAVD,RAVD,RAVD,ta,RAVD,ta
ta
RAVD,RAVD,RAVD,RAVD,ta
RAVD,RAVD,RAVD,RAVD,ta
RAVD,RAVD,RAVD,ta,RAVD,ta,SGZK
RAVD,RAVD,RAVD,ta,RAVD,ta
RAVD,RAVD,RAVD,ta,RAVD,ta
RAVD,RAVD,RAVD,ta,RAVD,ta,dbJp
dbJp
dbJp
RAVD,RAVD,RAVD,ta,dbJp,RAVD,ta,RAVD,iU
dbJp
RAVD
RAVD,RAVD,RAVD,ta,RAVD,ta,RAVD,iU
RAVD,RAVD,RAVD,RAVD,RAVD,iU,lfL
RAVD
RAVD,RAVD,RAVD,RAVD,RAVD,iU
RAVD,RAVD,RAVD,ta,dbJp,RAVD,ta,RAVD,iU,RAVD,iU
RAVD,RAVD,RAVD,ta,dbJp,RAVD,ta,RAVD,iU,RAVD,iU
RAVD,RAVD,RAVD,ta,dbJp,RAVD,ta,RAVD,iU,RAVD,iU
ta
RAVD,RAVD,RAVD,ta,dbJp,lfL,RAVD,ta,RAVD,RAVD,iU,SGZK
ta
ta
RAVD,RAVD,ta,RAVD,dbJp,lfL,RAVD,ta,RAVD,RAVD,iU,SGZK
RAVD
RAVD,RAVD,ta,RAVD,iU,lfL,dbJp,RAVD,ta,RAVD,RAVD,SGZK,dbJp
RAVD
RAVD
RAVD,RAVD,ta,iU,RAVD,RAVD,ta,RAVD,RAVD,iU,lfL,ta
RAVD,ta,iU,RAVD,RAVD,ta,RAVD,RAVD,iU,lfL,ta
RAVD
RAVD,ta,iU,RAVD,RAVD,ta,RAVD,RAVD,iU,lfL,ta,SGZK,ta
RAVD,ta,iU,RAVD,RAVD,ta,RAVD,RAVD,iU,lfL,ta,SGZK,ta
RAVD,ta,iU,RAVD,RAVD,ta,RAVD,RAVD,iU,lfL,ta,SGZK,ta,iU,SGZK,ta
ta
ta,iU,RAVD,ta,RAVD,RAVD,RAVD,iU,lfL,ta,SGZK,ta,iU,SGZK,ta,SGZK
RAVD
RAVD
ta,iU,RAVD,ta,RAVD,RAVD,RAVD,iU,lfL,ta,SGZK,ta,iU,SGZK,ta,SGZK,RAVD,b,SGZK
RAVD
RAVD
ta,iU,RAVD,ta,RAVD,RAVD,RAVD,iU,lfL,ta,SGZK,ta,iU,SGZK,ta,SGZK,RAVD,b
iU,RAVD,ta,RAVD,RAVD,RAVD,iU,lfL,ta,SGZK,ta,iU,SGZK,ta,SGZK,RAVD,iU,lfL
RAVD
RAVD,ta,RAVD,RAVD,RAVD,iU,iU,lfL,ta,SGZK,ta,iU,SGZK,ta,SGZK,RAVD,iU,lfL
RAVD
RAVD
RAVD
RAVD,ta,RAVD,RAVD,RAVD,iU,lfL,ta,SGZK,ta,iU,SGZK,ta,SGZK,RAVD,iU,lfL,ta
iU
iU
iU
ta,RAVD,RAVD,RAVD,iU,lfL,ta,SGZK,ta,iU,SGZK,ta,SGZK,RAVD,iU,ta,ta
iU
iU
RAVD
ta,RAVD,RAVD,lfL,ta,ta,iU,SGZK,ta,SGZK,RAVD,iU,ta
lfL
ta,RAVD,RAVD,iU,RAVD,lfL,ta,SGZK,ta,iU,SGZK,ta,SGZK,RAVD,iU,ta
RAVD
ta,RAVD,iU,RAVD,RAVD,lfL,ta,SGZK,ta,iU,SGZK,ta,SGZK,RAVD,iU,ta,b
ta,RAVD,iU,RAVD,b,RAVD,lfL,ta,SGZK,ta,iU,SGZK,ta,SGZK,RAVD,iU,ta
ta,RAVD,iU,RAVD,b,RAVD,lfL,ta,SGZK,ta,iU,SGZK,ta,SGZK,RAVD,iU,ta
ta,RAVD,RAVD,iU,lfL,RAVD,ta,SGZK,ta,iU,SGZK,ta,SGZK,RAVD,iU,ta
lfL
iU
ta,RAVD,iU,RAVD,ta,SGZK,lfL,RAVD,ta,iU,SGZK,ta,SGZK,RAVD,iU,ta
ta,RAVD,RAVD,ta,SGZK,lfL,RAVD,ta,iU,SGZK,ta,SGZK,RAVD,iU,ta
iU
ta,RAVD,RAVD,ta,SGZK,lfL,RAVD,ta,iU,SGZK,ta,SGZK,RAVD,iU,ta
iU
iU
RAVD,RAVD,ta,SGZK,lfL,RAVD,ta,iU,ta,SGZK,ta,SGZK,RAVD,iU,ta
RAVD,RAVD,SGZK,lfL,RAVD,ta,iU,ta,SGZK,ta,SGZK,RAVD,iU,ta,lfL
iU
ta
ta,RAVD,iU,RAVD,ta,SGZK,lfL,RAVD,ta,iU,SGZK,ta,SGZK,RAVD,iU,ta,iU
iU
SGZK
SGZK
ta,RAVD,RAVD,ta,lfL,RAVD,ta,iU,SGZK,SGZK,ta,SGZK,RAVD,iU,ta,iU,b,SGZK,SGZK
ta,RAVD,iU,RAVD,ta,SGZK,lfL,RAVD,ta,iU,SGZK,ta,SGZK,RAVD,iU,ta
iU
ta,RAVD,iU,RAVD,ta,SGZK,lfL,RAVD,ta,iU,SGZK,ta,SGZK,RAVD,iU,ta
iU
RAVD,iU,RAVD,ta,SGZK,lfL,RAVD,ta,iU,SGZK,ta,ta,SGZK,RAVD,iU,ta,RAVD,ta
SGZK
RAVD,iU,RAVD,ta,SGZK,lfL,RAVD,ta,iU,SGZK,ta,ta,SGZK,RAVD,iU,ta,RAVD,ta,b,lfL,ta,ta
RAVD,iU,RAVD,ta,SGZK,RAVD,ta,iU,SGZK,lfL,ta,ta,SGZK,RAVD,iU,ta,RAVD,ta,b,lfL,ta,ta
RAVD,iU,RAVD,ta,SGZK,RAVD,ta,iU,SGZK,lfL,ta,ta,SGZK,RAVD,iU,ta,RAVD,ta,b,lfL,ta,ta
ta
ta
RAVD,iU,RAVD,ta,SGZK,RAVD,ta,iU,SGZK,lfL,ta,ta,SGZK,RAVD,iU,ta,RAVD,ta,b,lfL,ta,ta
RAVD,iU,RAVD,ta,SGZK,RAVD,ta,iU,SGZK,lfL,ta,ta,SGZK,RAVD,iU,ta,RAVD,ta,b,lfL,ta,ta
ta
RAVD,iU,RAVD,ta,SGZK,RAVD,ta,iU,SGZK,lfL,ta,ta,SGZK,RAVD,iU,ta,RAVD,ta,b,lfL,ta,ta
ta
iU
iU
Jedi Wagner, assuma o comando!