Toque! Toque, Dijê!
[vazia]
[vazia]
[vazia]
[vazia]
[vazia]
nNzxXEsVT
nNzxXEsVT
nNzxXEsVT
nNzxXEsVT
SXAfE
nNzxXEsVT,SXAfE
nNzxXEsVT,SXAfE
nNzxXEsVT
nNzxXEsVT,nNzxXEsVT
nNzxXEsVT
nNzxXEsVT
nNzxXEsVT
nNzxXEsVT,SXAfE
nNzxXEsVT
nNzxXEsVT,SXAfE,zdXfNU
nNzxXEsVT,SXAfE,zdXfNU,ORiv
nNzxXEsVT
nNzxXEsVT,SXAfE,zdXfNU,ORiv
nNzxXEsVT,SXAfE,zdXfNU,ORiv
nNzxXEsVT
nNzxXEsVT
nNzxXEsVT
nNzxXEsVT
nNzxXEsVT
Toque! Toque, Dijê!
ORiv
ORiv
Toque! Toque, Dijê!
Toque! Toque, Dijê!
Toque! Toque, Dijê!
pWT
nNzxXEsVT
Gv
Gv
Gv
Gv
Gv
Gv
Gv
Gv
Gv
nNzxXEsVT
nNzxXEsVT
nNzxXEsVT
nNzxXEsVT
nNzxXEsVT,ORiv
nNzxXEsVT
nNzxXEsVT,ORiv,pWT
ORiv
nNzxXEsVT,ORiv,pWT,pWT
nNzxXEsVT,ORiv,pWT,pWT
ORiv,nNzxXEsVT,pWT,pWT,ORiv,Gv
nNzxXEsVT,ORiv,pWT
nNzxXEsVT,ORiv,pWT
ORiv
ORiv
nNzxXEsVT
nNzxXEsVT,pWT,ORiv,zdXfNU,nNzxXEsVT,nNzxXEsVT,SXAfE
nNzxXEsVT,pWT,ORiv,zdXfNU,nNzxXEsVT,nNzxXEsVT,SXAfE
nNzxXEsVT,pWT,ORiv,zdXfNU,nNzxXEsVT,nNzxXEsVT,SXAfE
pWT
ORiv
nNzxXEsVT,ORiv,pWT,ORiv
nNzxXEsVT,ORiv,ORiv
nNzxXEsVT,ORiv,ORiv
nNzxXEsVT,ORiv,ORiv,pWT,nNzxXEsVT
ORiv
nNzxXEsVT,ORiv,pWT,ORiv,nNzxXEsVT
nNzxXEsVT,ORiv,ORiv,pWT,nNzxXEsVT
nNzxXEsVT,ORiv,ORiv,pWT,nNzxXEsVT
nNzxXEsVT,ORiv,pWT
ORiv
ORiv,pWT
ORiv
ORiv
ORiv
ORiv,pWT,pWT,pWT
ORiv,pWT,pWT,zdXfNU
nNzxXEsVT,ORiv
ORiv
nNzxXEsVT,ORiv,pWT
ORiv
nNzxXEsVT,ORiv,pWT
ORiv
nNzxXEsVT,ORiv,pWT,ORiv,Gv
ORiv
nNzxXEsVT,ORiv,pWT,ORiv,Gv,pWT
nNzxXEsVT,ORiv,pWT,ORiv,Gv,pWT,ORiv
ORiv
nNzxXEsVT,ORiv,pWT,ORiv
pWT
ORiv,pWT,ORiv,ORiv,nNzxXEsVT,ORiv
pWT
pWT,ORiv,ORiv,ORiv
pWT,ORiv,ORiv,ORiv
pWT,ORiv,ORiv,ORiv
pWT
pWT,ORiv,ORiv,ORiv
pWT,ORiv,ORiv,ORiv
pWT
pWT,ORiv,ORiv,ORiv
pWT
ORiv
ORiv,pWT,ORiv,ORiv,ORiv
ORiv
ORiv,pWT,ORiv,ORiv,ORiv
ORiv,ORiv,ORiv,ORiv,pWT,Gv
pWT
ORiv,ORiv,ORiv,ORiv,pWT,Gv,pWT
pWT
pWT
pWT
pWT
pWT
pWT
pWT
ORiv,ORiv,ORiv,ORiv,Gv,pWT
ORiv,ORiv,ORiv,ORiv,pWT,Gv,pWT
pWT
pWT
pWT
pWT
ORiv
ORiv,ORiv,ORiv,ORiv,pWT,pWT
ORiv,ORiv,ORiv,ORiv,pWT,pWT
ORiv
ORiv
ORiv
ORiv,ORiv,ORiv,ORiv,pWT,pWT
ORiv,ORiv,ORiv,ORiv,pWT,pWT,zdXfNU
pWT
pWT
pWT
pWT
ORiv,ORiv,ORiv,ORiv,pWT,pWT,ORiv
pWT
ORiv,ORiv,ORiv,ORiv,pWT,pWT,ORiv
ORiv,ORiv,ORiv,ORiv,pWT,pWT,ORiv
ORiv
ORiv,ORiv,ORiv,pWT,pWT,ORiv,SXAfE,ORiv,Gv
ORiv,ORiv,pWT,pWT,ORiv,SXAfE,ORiv,Gv,zdXfNU,pWT
ORiv
ORiv,ORiv,ORiv,pWT,pWT,ORiv,SXAfE,ORiv,Gv
ORiv
ORiv
ORiv,ORiv,ORiv,SXAfE,ORiv,ORiv,pWT,Gv,nNzxXEsVT,nNzxXEsVT
Jedi Wagner, assuma o comando!