Toque! Toque, Dijê!
Toque! Toque, Dijê!
wmZtt
wmZtt
TrW
[vazia]
cCM
cCM
cCM,RaLST
cCM
cCM,RaLST
cCM
RaLST
RaLST
cCM,RaLST,c
cCM,RaLST,c,c
RaLST,cCM,c,c
cCM
cCM
cCM
c
wmZtt,c,c,D
RaLST,cCM,c,c,wmZtt
RaLST,cCM,c,c,wmZtt
RaLST,cCM,c,c,wmZtt,mZFxm,uMpnhoy,wmZtt
wmZtt
RaLST
cCM,c,wmZtt,RaLST,mZFxm,uMpnhoy,wmZtt,uMpnhoy,TrW,mZFxm
cCM,c,wmZtt,RaLST,mZFxm,uMpnhoy,wmZtt,uMpnhoy,TrW,mZFxm
RaLST
cCM,c,wmZtt,uMpnhoy,RaLST,wmZtt,uMpnhoy,TrW,mZFxm,cCM
uMpnhoy
cCM,c,wmZtt,uMpnhoy,RaLST,wmZtt,uMpnhoy,TrW,mZFxm,cCM
uMpnhoy
c,wmZtt,uMpnhoy,cCM,RaLST,wmZtt,uMpnhoy,TrW,mZFxm,cCM,GyVZrsmLbe,TrW
RaLST
c,wmZtt,uMpnhoy,RaLST,wmZtt,uMpnhoy,TrW,mZFxm,cCM,GyVZrsmLbe,TrW
RaLST
c
c
wmZtt,uMpnhoy,cCM,RaLST,c,mZFxm,wmZtt,uMpnhoy,TrW,cCM,GyVZrsmLbe,TrW,wmZtt,c,RaLST
mZFxm
wmZtt,uMpnhoy,cCM,RaLST,c,mZFxm,wmZtt,uMpnhoy,TrW,cCM,GyVZrsmLbe,TrW,wmZtt,c,RaLST
wmZtt,uMpnhoy,cCM,RaLST,c,mZFxm,wmZtt,uMpnhoy,TrW,cCM,GyVZrsmLbe,TrW,wmZtt,c,RaLST
mZFxm
wmZtt,uMpnhoy,cCM,RaLST,c,mZFxm,wmZtt,uMpnhoy,TrW,cCM,GyVZrsmLbe,TrW,wmZtt,c,RaLST,cCM
wmZtt,uMpnhoy,cCM,RaLST,c,mZFxm,wmZtt,uMpnhoy,TrW,cCM,GyVZrsmLbe,TrW,wmZtt,c,RaLST,cCM
mZFxm
wmZtt,uMpnhoy,cCM,RaLST,c,mZFxm,wmZtt,uMpnhoy,TrW,cCM,GyVZrsmLbe,TrW,wmZtt,c,RaLST
mZFxm
wmZtt,uMpnhoy,cCM,RaLST,c,mZFxm,wmZtt,uMpnhoy,TrW,cCM,GyVZrsmLbe,TrW,wmZtt,c,RaLST
mZFxm
wmZtt,uMpnhoy,cCM,RaLST,c,mZFxm,wmZtt,uMpnhoy,TrW,cCM,GyVZrsmLbe,TrW,wmZtt,c,RaLST,TrW
wmZtt,uMpnhoy,cCM,RaLST,c,mZFxm,wmZtt,uMpnhoy,TrW,cCM,GyVZrsmLbe,TrW,wmZtt,c,RaLST,TrW
mZFxm
wmZtt,cCM,RaLST,c,mZFxm,wmZtt,uMpnhoy,TrW,cCM,GyVZrsmLbe,TrW,wmZtt,c,RaLST
wmZtt,cCM,RaLST,c,mZFxm,uMpnhoy,wmZtt,TrW,cCM,GyVZrsmLbe,TrW,wmZtt,c,RaLST
wmZtt,uMpnhoy,cCM,RaLST,c,mZFxm,wmZtt,uMpnhoy,TrW,cCM,GyVZrsmLbe,TrW,wmZtt,c,RaLST
wmZtt,uMpnhoy,RaLST,c,GyVZrsmLbe,mZFxm,wmZtt,uMpnhoy,TrW,cCM,TrW,wmZtt,c,RaLST,uMpnhoy
wmZtt,uMpnhoy,RaLST,c,GyVZrsmLbe,mZFxm,wmZtt,uMpnhoy,TrW,cCM,TrW,wmZtt,c,RaLST,uMpnhoy
wmZtt,uMpnhoy,cCM,RaLST,c,mZFxm,wmZtt,uMpnhoy,TrW,cCM,GyVZrsmLbe,TrW,wmZtt,c,RaLST
wmZtt,uMpnhoy,cCM,RaLST,c,mZFxm,GyVZrsmLbe,wmZtt,uMpnhoy,TrW,cCM,TrW,wmZtt,c,RaLST
wmZtt,cCM,RaLST,c,mZFxm,GyVZrsmLbe,uMpnhoy,wmZtt,uMpnhoy,TrW,cCM,TrW,wmZtt,c,RaLST
wmZtt,cCM,RaLST,c,mZFxm,GyVZrsmLbe,uMpnhoy,wmZtt,uMpnhoy,TrW,cCM,TrW,wmZtt,c,RaLST
GyVZrsmLbe
GyVZrsmLbe
GyVZrsmLbe
wmZtt
Jedi Wagner, assuma o comando!