TUczwGYbC
[vazia]
Toque! Toque, Dijê!
[vazia]
Toque! Toque, Dijê!
[vazia]
TUczwGYbC
TUczwGYbC
TUczwGYbC
TUczwGYbC,TUczwGYbC
TUczwGYbC
TUczwGYbC
TUczwGYbC
TUczwGYbC,TUczwGYbC
TUczwGYbC,TUczwGYbC
TUczwGYbC
TUczwGYbC,TUczwGYbC,GaWhWJPJcq
TUczwGYbC,TUczwGYbC,GaWhWJPJcq,qCKdoGrOxQ
TUczwGYbC,TUczwGYbC,GaWhWJPJcq,qCKdoGrOxQ
TUczwGYbC
TUczwGYbC,TUczwGYbC,GaWhWJPJcq,qCKdoGrOxQ,GaWhWJPJcq
TUczwGYbC,TUczwGYbC,GaWhWJPJcq,qCKdoGrOxQ,GaWhWJPJcq
TUczwGYbC,TUczwGYbC,GaWhWJPJcq,qCKdoGrOxQ,GaWhWJPJcq
TUczwGYbC
GaWhWJPJcq
GaWhWJPJcq,TUczwGYbC,GaWhWJPJcq,TUczwGYbC,qCKdoGrOxQ,GaWhWJPJcq
GaWhWJPJcq,TUczwGYbC,GaWhWJPJcq,TUczwGYbC,GaWhWJPJcq
GaWhWJPJcq,TUczwGYbC,GaWhWJPJcq,TUczwGYbC,GaWhWJPJcq
GaWhWJPJcq
GaWhWJPJcq,TUczwGYbC,GaWhWJPJcq,TUczwGYbC,GaWhWJPJcq
TUczwGYbC,GaWhWJPJcq,TUczwGYbC,qCKdoGrOxQ,GaWhWJPJcq,GaWhWJPJcq,TUczwGYbC
TUczwGYbC,GaWhWJPJcq,TUczwGYbC,qCKdoGrOxQ,GaWhWJPJcq,GaWhWJPJcq,TUczwGYbC
TUczwGYbC,GaWhWJPJcq,GaWhWJPJcq,GaWhWJPJcq,TUczwGYbC
GaWhWJPJcq
TUczwGYbC,GaWhWJPJcq,GaWhWJPJcq,GaWhWJPJcq,TUczwGYbC
GaWhWJPJcq
GaWhWJPJcq
TUczwGYbC,GaWhWJPJcq,GaWhWJPJcq,GaWhWJPJcq,TUczwGYbC
TUczwGYbC,GaWhWJPJcq,GaWhWJPJcq,TUczwGYbC,GaWhWJPJcq
TUczwGYbC
TUczwGYbC
TUczwGYbC,GaWhWJPJcq,TUczwGYbC,GaWhWJPJcq,qCKdoGrOxQ,GaWhWJPJcq
TUczwGYbC,TUczwGYbC,GaWhWJPJcq,GaWhWJPJcq
GaWhWJPJcq,TUczwGYbC,qCKdoGrOxQ
GaWhWJPJcq,TUczwGYbC,qCKdoGrOxQ
GaWhWJPJcq,qCKdoGrOxQ,TUczwGYbC,GaWhWJPJcq
TUczwGYbC,GaWhWJPJcq,qCKdoGrOxQ
TUczwGYbC,GaWhWJPJcq,qCKdoGrOxQ
qCKdoGrOxQ,TUczwGYbC
TUczwGYbC
qCKdoGrOxQ,TUczwGYbC
TUczwGYbC
TUczwGYbC
TUczwGYbC
qCKdoGrOxQ,TUczwGYbC,TUczwGYbC
qCKdoGrOxQ,TUczwGYbC,TUczwGYbC
TUczwGYbC
qCKdoGrOxQ,TUczwGYbC,TUczwGYbC
qCKdoGrOxQ,TUczwGYbC,TUczwGYbC
TUczwGYbC,TUczwGYbC
TUczwGYbC
TUczwGYbC
TUczwGYbC
qCKdoGrOxQ,TUczwGYbC,TUczwGYbC,qCKdoGrOxQ
TUczwGYbC
TUczwGYbC
TUczwGYbC
TUczwGYbC,TUczwGYbC
TUczwGYbC
TUczwGYbC,TUczwGYbC
TUczwGYbC,TUczwGYbC
TUczwGYbC,TUczwGYbC,GaWhWJPJcq
TUczwGYbC
TUczwGYbC
TUczwGYbC,TUczwGYbC
TUczwGYbC
TUczwGYbC,TUczwGYbC
TUczwGYbC,TUczwGYbC,GaWhWJPJcq
TUczwGYbC
TUczwGYbC
[vazia]
TUczwGYbC,TUczwGYbC,TUczwGYbC,qCKdoGrOxQ
TUczwGYbC
TUczwGYbC
TUczwGYbC
TUczwGYbC,TUczwGYbC,qCKdoGrOxQ
TUczwGYbC
TUczwGYbC,TUczwGYbC,TUczwGYbC
TUczwGYbC,TUczwGYbC,TUczwGYbC
TUczwGYbC,TUczwGYbC,TUczwGYbC
TUczwGYbC
TUczwGYbC
TUczwGYbC,TUczwGYbC,TUczwGYbC
TUczwGYbC,TUczwGYbC,TUczwGYbC
TUczwGYbC
TUczwGYbC,TUczwGYbC,TUczwGYbC
TUczwGYbC,TUczwGYbC,TUczwGYbC
TUczwGYbC,TUczwGYbC,TUczwGYbC
TUczwGYbC,TUczwGYbC,TUczwGYbC
TUczwGYbC,TUczwGYbC,TUczwGYbC,GaWhWJPJcq,GaWhWJPJcq,TUczwGYbC
TUczwGYbC
TUczwGYbC
TUczwGYbC,TUczwGYbC,TUczwGYbC,GaWhWJPJcq,GaWhWJPJcq,TUczwGYbC
TUczwGYbC
TUczwGYbC,TUczwGYbC,GaWhWJPJcq,qCKdoGrOxQ,TUczwGYbC,TUczwGYbC
TUczwGYbC,TUczwGYbC,GaWhWJPJcq
TUczwGYbC
TUczwGYbC,TUczwGYbC,GaWhWJPJcq
TUczwGYbC
TUczwGYbC
TUczwGYbC
TUczwGYbC
TUczwGYbC
TUczwGYbC,TUczwGYbC
TUczwGYbC,TUczwGYbC,TUczwGYbC
TUczwGYbC,TUczwGYbC,TUczwGYbC
TUczwGYbC,TUczwGYbC,TUczwGYbC,TUczwGYbC
qCKdoGrOxQ,GaWhWJPJcq,TUczwGYbC,TUczwGYbC,TUczwGYbC,qCKdoGrOxQ,GaWhWJPJcq
TUczwGYbC
TUczwGYbC
qCKdoGrOxQ,GaWhWJPJcq,TUczwGYbC,TUczwGYbC,TUczwGYbC,qCKdoGrOxQ,GaWhWJPJcq,GaWhWJPJcq
TUczwGYbC
TUczwGYbC
TUczwGYbC
TUczwGYbC
TUczwGYbC
TUczwGYbC,TUczwGYbC,GaWhWJPJcq,GaWhWJPJcq,GaWhWJPJcq
GaWhWJPJcq
TUczwGYbC
TUczwGYbC,TUczwGYbC,GaWhWJPJcq,GaWhWJPJcq,TUczwGYbC,TUczwGYbC,qCKdoGrOxQ,TUczwGYbC
TUczwGYbC,TUczwGYbC,GaWhWJPJcq,GaWhWJPJcq,TUczwGYbC,TUczwGYbC,qCKdoGrOxQ,TUczwGYbC,qCKdoGrOxQ
GaWhWJPJcq
GaWhWJPJcq
GaWhWJPJcq
GaWhWJPJcq
TUczwGYbC,GaWhWJPJcq,TUczwGYbC,TUczwGYbC,TUczwGYbC,qCKdoGrOxQ,GaWhWJPJcq
GaWhWJPJcq
TUczwGYbC,GaWhWJPJcq,TUczwGYbC,TUczwGYbC,TUczwGYbC,qCKdoGrOxQ,GaWhWJPJcq
TUczwGYbC,TUczwGYbC,TUczwGYbC,TUczwGYbC,qCKdoGrOxQ,GaWhWJPJcq
TUczwGYbC,TUczwGYbC,TUczwGYbC,TUczwGYbC,qCKdoGrOxQ,GaWhWJPJcq
TUczwGYbC,TUczwGYbC,TUczwGYbC,TUczwGYbC,qCKdoGrOxQ,GaWhWJPJcq,TUczwGYbC
TUczwGYbC
TUczwGYbC,TUczwGYbC,TUczwGYbC,TUczwGYbC,qCKdoGrOxQ,GaWhWJPJcq,TUczwGYbC,qCKdoGrOxQ
TUczwGYbC
TUczwGYbC,TUczwGYbC,TUczwGYbC,TUczwGYbC,qCKdoGrOxQ,GaWhWJPJcq,TUczwGYbC,qCKdoGrOxQ,TUczwGYbC
TUczwGYbC
TUczwGYbC
TUczwGYbC,TUczwGYbC,TUczwGYbC,TUczwGYbC,qCKdoGrOxQ,GaWhWJPJcq,TUczwGYbC,qCKdoGrOxQ,TUczwGYbC,GaWhWJPJcq
TUczwGYbC,TUczwGYbC,TUczwGYbC,TUczwGYbC,qCKdoGrOxQ,GaWhWJPJcq,TUczwGYbC,qCKdoGrOxQ,TUczwGYbC,GaWhWJPJcq,qCKdoGrOxQ
TUczwGYbC
TUczwGYbC,TUczwGYbC,TUczwGYbC,TUczwGYbC,qCKdoGrOxQ,GaWhWJPJcq,TUczwGYbC,qCKdoGrOxQ,TUczwGYbC,GaWhWJPJcq,qCKdoGrOxQ,TUczwGYbC
TUczwGYbC,TUczwGYbC,TUczwGYbC,qCKdoGrOxQ,GaWhWJPJcq,TUczwGYbC,qCKdoGrOxQ,TUczwGYbC,GaWhWJPJcq,qCKdoGrOxQ,TUczwGYbC
TUczwGYbC,TUczwGYbC,TUczwGYbC,qCKdoGrOxQ,TUczwGYbC,qCKdoGrOxQ,TUczwGYbC,GaWhWJPJcq,qCKdoGrOxQ,TUczwGYbC
qCKdoGrOxQ
TUczwGYbC,TUczwGYbC,qCKdoGrOxQ,TUczwGYbC,qCKdoGrOxQ,TUczwGYbC,GaWhWJPJcq,qCKdoGrOxQ,TUczwGYbC,TUczwGYbC,qCKdoGrOxQ
TUczwGYbC,TUczwGYbC,qCKdoGrOxQ,TUczwGYbC,qCKdoGrOxQ,TUczwGYbC,GaWhWJPJcq,qCKdoGrOxQ,TUczwGYbC,TUczwGYbC,qCKdoGrOxQ,TUczwGYbC,qCKdoGrOxQ,qCKdoGrOxQ,GaWhWJPJcq
GaWhWJPJcq
qCKdoGrOxQ
TUczwGYbC,GaWhWJPJcq,qCKdoGrOxQ,TUczwGYbC,TUczwGYbC,qCKdoGrOxQ,TUczwGYbC,qCKdoGrOxQ,TUczwGYbC,TUczwGYbC,qCKdoGrOxQ,TUczwGYbC,qCKdoGrOxQ,qCKdoGrOxQ
GaWhWJPJcq,qCKdoGrOxQ,TUczwGYbC,TUczwGYbC,TUczwGYbC,qCKdoGrOxQ,TUczwGYbC,qCKdoGrOxQ,TUczwGYbC,TUczwGYbC,qCKdoGrOxQ,TUczwGYbC,qCKdoGrOxQ,qCKdoGrOxQ
GaWhWJPJcq,qCKdoGrOxQ,TUczwGYbC,TUczwGYbC,TUczwGYbC,qCKdoGrOxQ,TUczwGYbC,qCKdoGrOxQ,TUczwGYbC,TUczwGYbC,qCKdoGrOxQ,TUczwGYbC,qCKdoGrOxQ,qCKdoGrOxQ
TUczwGYbC,TUczwGYbC,TUczwGYbC,qCKdoGrOxQ,TUczwGYbC,qCKdoGrOxQ,TUczwGYbC,TUczwGYbC,qCKdoGrOxQ,TUczwGYbC,qCKdoGrOxQ,qCKdoGrOxQ
TUczwGYbC,TUczwGYbC,TUczwGYbC,qCKdoGrOxQ,TUczwGYbC,qCKdoGrOxQ,TUczwGYbC,TUczwGYbC,qCKdoGrOxQ,TUczwGYbC,qCKdoGrOxQ,qCKdoGrOxQ
TUczwGYbC
TUczwGYbC,TUczwGYbC,TUczwGYbC,qCKdoGrOxQ,TUczwGYbC,qCKdoGrOxQ,TUczwGYbC,TUczwGYbC,qCKdoGrOxQ,TUczwGYbC,qCKdoGrOxQ,qCKdoGrOxQ,GaWhWJPJcq,qCKdoGrOxQ
TUczwGYbC
TUczwGYbC
TUczwGYbC
TUczwGYbC
TUczwGYbC,TUczwGYbC,qCKdoGrOxQ,TUczwGYbC,qCKdoGrOxQ,TUczwGYbC,TUczwGYbC,qCKdoGrOxQ,TUczwGYbC,qCKdoGrOxQ,qCKdoGrOxQ,qCKdoGrOxQ,qCKdoGrOxQ
TUczwGYbC
TUczwGYbC
TUczwGYbC,TUczwGYbC,qCKdoGrOxQ,TUczwGYbC,qCKdoGrOxQ,TUczwGYbC,TUczwGYbC,qCKdoGrOxQ,TUczwGYbC,qCKdoGrOxQ,qCKdoGrOxQ,qCKdoGrOxQ,qCKdoGrOxQ
TUczwGYbC
qCKdoGrOxQ,TUczwGYbC,TUczwGYbC,TUczwGYbC,qCKdoGrOxQ,TUczwGYbC,TUczwGYbC,qCKdoGrOxQ,TUczwGYbC,qCKdoGrOxQ,qCKdoGrOxQ,qCKdoGrOxQ,qCKdoGrOxQ,TUczwGYbC,GaWhWJPJcq
TUczwGYbC,TUczwGYbC,qCKdoGrOxQ,TUczwGYbC,TUczwGYbC,qCKdoGrOxQ,TUczwGYbC,qCKdoGrOxQ,qCKdoGrOxQ,qCKdoGrOxQ,qCKdoGrOxQ
TUczwGYbC,TUczwGYbC,qCKdoGrOxQ,TUczwGYbC,TUczwGYbC,qCKdoGrOxQ,TUczwGYbC,qCKdoGrOxQ,qCKdoGrOxQ,qCKdoGrOxQ,qCKdoGrOxQ
TUczwGYbC,TUczwGYbC,qCKdoGrOxQ,TUczwGYbC,qCKdoGrOxQ,TUczwGYbC,TUczwGYbC,qCKdoGrOxQ,TUczwGYbC,qCKdoGrOxQ,qCKdoGrOxQ,qCKdoGrOxQ,qCKdoGrOxQ
TUczwGYbC,TUczwGYbC,qCKdoGrOxQ,TUczwGYbC,qCKdoGrOxQ,TUczwGYbC,TUczwGYbC,qCKdoGrOxQ,TUczwGYbC,qCKdoGrOxQ,qCKdoGrOxQ,qCKdoGrOxQ,qCKdoGrOxQ
TUczwGYbC,TUczwGYbC,qCKdoGrOxQ,TUczwGYbC,qCKdoGrOxQ,TUczwGYbC,TUczwGYbC,qCKdoGrOxQ,TUczwGYbC,qCKdoGrOxQ,qCKdoGrOxQ,qCKdoGrOxQ,qCKdoGrOxQ
qCKdoGrOxQ
TUczwGYbC,qCKdoGrOxQ,TUczwGYbC,qCKdoGrOxQ,TUczwGYbC,TUczwGYbC,qCKdoGrOxQ,TUczwGYbC,qCKdoGrOxQ,qCKdoGrOxQ,qCKdoGrOxQ,qCKdoGrOxQ
TUczwGYbC
TUczwGYbC
TUczwGYbC
TUczwGYbC
TUczwGYbC
TUczwGYbC,TUczwGYbC,qCKdoGrOxQ,TUczwGYbC,qCKdoGrOxQ,TUczwGYbC,TUczwGYbC,qCKdoGrOxQ,TUczwGYbC,qCKdoGrOxQ,qCKdoGrOxQ,qCKdoGrOxQ,qCKdoGrOxQ
TUczwGYbC
TUczwGYbC
TUczwGYbC
TUczwGYbC
TUczwGYbC
TUczwGYbC
TUczwGYbC
TUczwGYbC
Jedi Wagner, assuma o comando!