[vazia]
zGPLYbRX
zGPLYbRX
zGPLYbRX
zGPLYbRX
zGPLYbRX
zGPLYbRX
zpQXmTAfwp
zpQXmTAfwp
zpQXmTAfwp,pLTB
zpQXmTAfwp
zpQXmTAfwp,zGPLYbRX
zpQXmTAfwp
zGPLYbRX,zpQXmTAfwp,zpQXmTAfwp,zGPLYbRX
zGPLYbRX,zpQXmTAfwp,zpQXmTAfwp,zGPLYbRX
zGPLYbRX,zpQXmTAfwp,zpQXmTAfwp,zGPLYbRX
zGPLYbRX
zGPLYbRX
zpQXmTAfwp
zpQXmTAfwp,zGPLYbRX,zpQXmTAfwp,zGPLYbRX
zpQXmTAfwp,zGPLYbRX,zpQXmTAfwp,zGPLYbRX,zpQXmTAfwp
zpQXmTAfwp
zpQXmTAfwp
zGPLYbRX,zpQXmTAfwp,zGPLYbRX,pLTB
pLTB
zGPLYbRX
zGPLYbRX
zGPLYbRX
zGPLYbRX
zpQXmTAfwp,zGPLYbRX,zGPLYbRX,zGPLYbRX,pLTB
zGPLYbRX
zpQXmTAfwp
zpQXmTAfwp
zpQXmTAfwp
zpQXmTAfwp
pLTB
zGPLYbRX,pLTB,zpQXmTAfwp,zGPLYbRX,zGPLYbRX,zGPLYbRX,zpQXmTAfwp
pLTB
pLTB
pLTB,zpQXmTAfwp,zGPLYbRX,zGPLYbRX,zGPLYbRX,zpQXmTAfwp
pLTB
zGPLYbRX,zpQXmTAfwp,pLTB,zGPLYbRX,zGPLYbRX,zpQXmTAfwp,zpQXmTAfwp,zGPLYbRX,zGPLYbRX
zpQXmTAfwp
pLTB
zGPLYbRX,zpQXmTAfwp,pLTB,zGPLYbRX,zGPLYbRX,zpQXmTAfwp,zpQXmTAfwp,zGPLYbRX,zGPLYbRX,zpQXmTAfwp
zGPLYbRX
zGPLYbRX
zGPLYbRX,zGPLYbRX,zGPLYbRX,zpQXmTAfwp,zpQXmTAfwp,zGPLYbRX,zGPLYbRX,zpQXmTAfwp,zpQXmTAfwp,zpQXmTAfwp,pLTB,pLTB
pLTB,zGPLYbRX,zGPLYbRX,zGPLYbRX,zpQXmTAfwp,zpQXmTAfwp,zGPLYbRX,zGPLYbRX,zpQXmTAfwp
pLTB,zGPLYbRX,zGPLYbRX,zGPLYbRX,zpQXmTAfwp,zpQXmTAfwp,zGPLYbRX,zGPLYbRX,zpQXmTAfwp
zGPLYbRX
zGPLYbRX
zGPLYbRX
zGPLYbRX
zGPLYbRX
zGPLYbRX
pLTB,zGPLYbRX,zGPLYbRX,zpQXmTAfwp,zGPLYbRX,zGPLYbRX,zpQXmTAfwp,zGPLYbRX
pLTB,zGPLYbRX,zGPLYbRX,zpQXmTAfwp,zGPLYbRX,zGPLYbRX,zpQXmTAfwp,zGPLYbRX
pLTB,zGPLYbRX,zGPLYbRX,zGPLYbRX,zpQXmTAfwp,zpQXmTAfwp,zGPLYbRX,zGPLYbRX,zpQXmTAfwp
pLTB,zGPLYbRX,zGPLYbRX,zGPLYbRX,zpQXmTAfwp,zpQXmTAfwp,zGPLYbRX,zGPLYbRX,zpQXmTAfwp
pLTB,zGPLYbRX,zGPLYbRX,zGPLYbRX,zpQXmTAfwp,zpQXmTAfwp,zGPLYbRX,zGPLYbRX,zpQXmTAfwp
zGPLYbRX
pLTB,zGPLYbRX,zGPLYbRX,zGPLYbRX,zpQXmTAfwp,zGPLYbRX,zGPLYbRX,zpQXmTAfwp
zGPLYbRX
pLTB,zGPLYbRX,zGPLYbRX,zGPLYbRX,zpQXmTAfwp,zGPLYbRX,zGPLYbRX,zpQXmTAfwp
zGPLYbRX
pLTB,zGPLYbRX,zGPLYbRX,zGPLYbRX,zpQXmTAfwp,zGPLYbRX,zGPLYbRX,zpQXmTAfwp,zGPLYbRX
pLTB,zGPLYbRX,zGPLYbRX,zpQXmTAfwp,zGPLYbRX,zGPLYbRX,zpQXmTAfwp,zGPLYbRX,zGPLYbRX,zGPLYbRX,zpQXmTAfwp
pLTB,zGPLYbRX,zpQXmTAfwp,zGPLYbRX,zGPLYbRX,zpQXmTAfwp,zGPLYbRX,zGPLYbRX,zGPLYbRX,zpQXmTAfwp,zpQXmTAfwp
pLTB,zGPLYbRX,zpQXmTAfwp,zGPLYbRX,zGPLYbRX,zpQXmTAfwp,zGPLYbRX,zGPLYbRX,zGPLYbRX,zpQXmTAfwp,zpQXmTAfwp
pLTB
pLTB
zGPLYbRX,zGPLYbRX,zGPLYbRX,pLTB,zpQXmTAfwp,zpQXmTAfwp,zGPLYbRX,zGPLYbRX,zpQXmTAfwp,zGPLYbRX
Jedi Wagner, assuma o comando!