[vazia]
ZdP
ZdP
ZdP
ZdP
ZdP
ZdP,ZdP
ZdP
ZdP,ZdP
ZdP,ZdP
ZdP
ZdP,ZdP
ZdP,ZdP
ZdP,ZdP
ZdP,ZdP
ZdP
ZdP
ZdP
ZdP
ZdP
ZdP,ZdP
ZdP,ZdP
ZdP
ZdP
ZdP
ZdP
ZdP
ZdP
ZdP,ZdP,vGUYt,vGUYt
ZdP,ZdP,vGUYt,vGUYt
vGUYt
ZdP,uImNtLn,vGUYt,vGUYt,ZdP
ZdP,ZdP,vGUYt,vGUYt
vGUYt
vGUYt
vGUYt
vGUYt
vGUYt
uImNtLn
ZdP,vGUYt,uImNtLn,vGUYt,BjmGOazjh,BjmGOazjh
vGUYt,uImNtLn,ZdP,vGUYt,BjmGOazjh,BjmGOazjh
vGUYt,uImNtLn,ZdP,vGUYt,BjmGOazjh,BjmGOazjh,ZdP
vGUYt,ZdP,uImNtLn,vGUYt,BjmGOazjh,BjmGOazjh,ZdP,uImNtLn,vGUYt,ChI,uImNtLn
vGUYt,ZdP,uImNtLn,vGUYt,BjmGOazjh,BjmGOazjh,ZdP,uImNtLn,vGUYt,ChI,uImNtLn,ChI
ZdP,vGUYt,uImNtLn,vGUYt,BjmGOazjh,BjmGOazjh
uImNtLn
ZdP,vGUYt,uImNtLn,vGUYt,BjmGOazjh,BjmGOazjh,ZdP,vGUYt
uImNtLn
ZdP,uImNtLn,sRHVXQ,vGUYt,BjmGOazjh,BjmGOazjh,ZdP,vGUYt,ChI,uImNtLn
ZdP,uImNtLn,sRHVXQ,vGUYt,BjmGOazjh,BjmGOazjh,ZdP,vGUYt,ChI,uImNtLn,sRHVXQ
uImNtLn,sRHVXQ,vGUYt,BjmGOazjh,ZdP,vGUYt,ChI,uImNtLn,sRHVXQ
uImNtLn,sRHVXQ,vGUYt,ZdP,vGUYt,ChI,uImNtLn,sRHVXQ
uImNtLn,sRHVXQ,vGUYt,BjmGOazjh,ZdP,vGUYt,ChI,uImNtLn,sRHVXQ
vGUYt
vGUYt
vGUYt
uImNtLn,vGUYt,ZdP,BjmGOazjh,vGUYt,ChI,uImNtLn,sRHVXQ
uImNtLn,vGUYt,ZdP,BjmGOazjh,vGUYt,ChI,uImNtLn,sRHVXQ
vGUYt
uImNtLn,vGUYt,ZdP,BjmGOazjh,vGUYt,ChI,uImNtLn,sRHVXQ
uImNtLn,vGUYt,ZdP,BjmGOazjh,vGUYt,ChI,uImNtLn,sRHVXQ,sRHVXQ
uImNtLn,vGUYt,ZdP,BjmGOazjh,vGUYt,ChI,uImNtLn,sRHVXQ,sRHVXQ
vGUYt,ZdP,BjmGOazjh,vGUYt,uImNtLn,sRHVXQ
BjmGOazjh
BjmGOazjh
vGUYt,ZdP,vGUYt,BjmGOazjh,uImNtLn,sRHVXQ,sRHVXQ,vGUYt
vGUYt,ZdP,vGUYt,BjmGOazjh,uImNtLn,sRHVXQ,sRHVXQ,vGUYt
vGUYt
vGUYt
vGUYt,BjmGOazjh,vGUYt,ZdP,sRHVXQ,sRHVXQ,vGUYt
vGUYt,BjmGOazjh,vGUYt,ZdP,sRHVXQ,sRHVXQ,vGUYt
vGUYt,BjmGOazjh,vGUYt,ZdP,sRHVXQ,sRHVXQ,vGUYt
vGUYt,BjmGOazjh,vGUYt,ZdP,sRHVXQ,sRHVXQ,vGUYt
vGUYt,BjmGOazjh,vGUYt,ZdP,sRHVXQ,sRHVXQ,vGUYt,ChI,ZdP
ZdP
BjmGOazjh,vGUYt,ZdP,sRHVXQ,vGUYt
ZdP
BjmGOazjh,vGUYt,ZdP,sRHVXQ,vGUYt,BjmGOazjh
ZdP
sRHVXQ
BjmGOazjh,vGUYt,ZdP,vGUYt,sRHVXQ,sRHVXQ,vGUYt
sRHVXQ
sRHVXQ
vGUYt,ZdP,vGUYt,sRHVXQ,BjmGOazjh,sRHVXQ,vGUYt,vGUYt
vGUYt,ZdP,vGUYt,sRHVXQ,BjmGOazjh,sRHVXQ,vGUYt,vGUYt
vGUYt,ZdP,vGUYt,BjmGOazjh,sRHVXQ,vGUYt,vGUYt
sRHVXQ
vGUYt,vGUYt,sRHVXQ,sRHVXQ,ZdP,vGUYt,vGUYt,vGUYt
vGUYt
vGUYt
vGUYt,vGUYt,sRHVXQ,sRHVXQ,vGUYt,vGUYt,vGUYt
vGUYt,vGUYt,sRHVXQ,sRHVXQ,vGUYt,vGUYt,vGUYt
vGUYt,vGUYt,sRHVXQ,sRHVXQ,vGUYt,vGUYt,vGUYt,sRHVXQ
vGUYt,sRHVXQ,sRHVXQ,vGUYt,vGUYt,vGUYt,sRHVXQ,vGUYt,vGUYt
sRHVXQ
vGUYt,vGUYt,sRHVXQ,sRHVXQ,vGUYt,vGUYt,vGUYt,sRHVXQ
sRHVXQ
sRHVXQ
sRHVXQ
vGUYt,vGUYt,sRHVXQ,sRHVXQ,vGUYt,vGUYt,vGUYt,sRHVXQ,sRHVXQ,J
J
vGUYt,vGUYt,sRHVXQ,sRHVXQ,vGUYt,vGUYt,vGUYt,sRHVXQ,sRHVXQ,J,ZdP
vGUYt,vGUYt,sRHVXQ,sRHVXQ,vGUYt,vGUYt,vGUYt,sRHVXQ,sRHVXQ,uImNtLn,J,ZdP
uImNtLn
uImNtLn
uImNtLn
vGUYt,vGUYt,sRHVXQ,sRHVXQ,vGUYt,vGUYt,vGUYt,sRHVXQ,sRHVXQ,uImNtLn,J,ZdP,BjmGOazjh
vGUYt,vGUYt,sRHVXQ,sRHVXQ,vGUYt,vGUYt,vGUYt,sRHVXQ,sRHVXQ,J,ZdP
vGUYt,vGUYt,sRHVXQ,sRHVXQ,vGUYt,vGUYt,vGUYt,sRHVXQ,sRHVXQ,J,ZdP
vGUYt,vGUYt,sRHVXQ,sRHVXQ,vGUYt,vGUYt,vGUYt,sRHVXQ,sRHVXQ,J,J
J
J
J
vGUYt,vGUYt,sRHVXQ,sRHVXQ,vGUYt,vGUYt,vGUYt,sRHVXQ,sRHVXQ,J,J
vGUYt,vGUYt,sRHVXQ,sRHVXQ,vGUYt,vGUYt,vGUYt,sRHVXQ,sRHVXQ,J,J,vGUYt
vGUYt,vGUYt,sRHVXQ,sRHVXQ,vGUYt,vGUYt,vGUYt,sRHVXQ,sRHVXQ,J,J,vGUYt
J
vGUYt,vGUYt,sRHVXQ,sRHVXQ,vGUYt,vGUYt,vGUYt,sRHVXQ,sRHVXQ,J,vGUYt
J
J
vGUYt,vGUYt,sRHVXQ,vGUYt,vGUYt,vGUYt,sRHVXQ,sRHVXQ,J,sRHVXQ,vGUYt,ZdP,vGUYt,uImNtLn,ZdP
sRHVXQ
sRHVXQ
vGUYt,sRHVXQ,vGUYt,vGUYt,vGUYt,sRHVXQ,sRHVXQ,J,sRHVXQ,vGUYt,ZdP,vGUYt,uImNtLn,ZdP
sRHVXQ
sRHVXQ,vGUYt,vGUYt,vGUYt,sRHVXQ,sRHVXQ,sRHVXQ,J,vGUYt,vGUYt,uImNtLn,ZdP,vGUYt,uImNtLn
vGUYt
sRHVXQ,vGUYt,vGUYt,vGUYt,sRHVXQ,sRHVXQ,sRHVXQ,J,vGUYt,vGUYt,uImNtLn,ZdP,vGUYt,uImNtLn,J
vGUYt
vGUYt,sRHVXQ,vGUYt,vGUYt,vGUYt,sRHVXQ,sRHVXQ,sRHVXQ,vGUYt,J,ZdP,vGUYt,uImNtLn,ZdP,vGUYt,uImNtLn,sRHVXQ,vGUYt,vGUYt
ZdP
vGUYt,sRHVXQ,vGUYt,vGUYt,vGUYt,sRHVXQ,sRHVXQ,sRHVXQ,vGUYt,J,ZdP,vGUYt,uImNtLn,ZdP,vGUYt,uImNtLn,sRHVXQ,vGUYt,vGUYt
vGUYt,sRHVXQ,vGUYt,vGUYt,vGUYt,sRHVXQ,sRHVXQ,sRHVXQ,vGUYt,J,ZdP,vGUYt,uImNtLn,ZdP,vGUYt,uImNtLn,sRHVXQ,vGUYt,vGUYt
vGUYt,sRHVXQ,vGUYt,vGUYt,vGUYt,sRHVXQ,sRHVXQ,sRHVXQ,vGUYt,J,ZdP,vGUYt,uImNtLn,ZdP,vGUYt,uImNtLn,sRHVXQ,vGUYt,vGUYt
vGUYt
vGUYt,sRHVXQ,vGUYt,vGUYt,vGUYt,sRHVXQ,sRHVXQ,sRHVXQ,vGUYt,J,ZdP,vGUYt,uImNtLn,ZdP,vGUYt,uImNtLn,sRHVXQ,vGUYt,vGUYt
vGUYt,sRHVXQ,vGUYt,vGUYt,vGUYt,sRHVXQ,sRHVXQ,sRHVXQ,vGUYt,J,ZdP,vGUYt,uImNtLn,ZdP,vGUYt,uImNtLn,sRHVXQ,vGUYt,vGUYt
vGUYt,sRHVXQ,vGUYt,vGUYt,vGUYt,sRHVXQ,sRHVXQ,sRHVXQ,vGUYt,J,ZdP,vGUYt,uImNtLn,ZdP,vGUYt,uImNtLn,sRHVXQ,vGUYt,vGUYt
vGUYt
vGUYt
sRHVXQ,vGUYt,vGUYt,vGUYt,sRHVXQ,sRHVXQ,sRHVXQ,vGUYt,ZdP,vGUYt,uImNtLn,ZdP,vGUYt,uImNtLn,sRHVXQ,vGUYt,vGUYt
vGUYt
sRHVXQ,vGUYt,vGUYt,vGUYt,sRHVXQ,sRHVXQ,sRHVXQ,vGUYt,ZdP,vGUYt,uImNtLn,ZdP,vGUYt,uImNtLn,sRHVXQ,vGUYt,vGUYt,vGUYt
vGUYt,sRHVXQ,vGUYt,vGUYt,vGUYt,sRHVXQ,sRHVXQ,sRHVXQ,vGUYt,J,ZdP,vGUYt,uImNtLn,ZdP,vGUYt,uImNtLn,sRHVXQ,vGUYt,vGUYt,J,BjmGOazjh
vGUYt
vGUYt,sRHVXQ,vGUYt,vGUYt,vGUYt,sRHVXQ,sRHVXQ,sRHVXQ,vGUYt,J,vGUYt,uImNtLn,ZdP,vGUYt,uImNtLn,sRHVXQ,vGUYt,vGUYt,J,BjmGOazjh
sRHVXQ,vGUYt,vGUYt,vGUYt,sRHVXQ,sRHVXQ,sRHVXQ,vGUYt,J,ZdP,vGUYt,vGUYt,uImNtLn,vGUYt,uImNtLn,sRHVXQ,vGUYt,vGUYt,J,BjmGOazjh,ChI
sRHVXQ,vGUYt,vGUYt,vGUYt,sRHVXQ,sRHVXQ,sRHVXQ,vGUYt,J,vGUYt,vGUYt,vGUYt,uImNtLn,sRHVXQ,vGUYt,vGUYt,J,BjmGOazjh,ChI
vGUYt,vGUYt,vGUYt,sRHVXQ,sRHVXQ,sRHVXQ,vGUYt,J,vGUYt,sRHVXQ,uImNtLn,vGUYt,vGUYt,sRHVXQ,vGUYt,vGUYt,J,BjmGOazjh,ChI
sRHVXQ
vGUYt,vGUYt,vGUYt,sRHVXQ,sRHVXQ,sRHVXQ,vGUYt,J,vGUYt,sRHVXQ,uImNtLn,vGUYt,vGUYt,sRHVXQ,vGUYt,vGUYt,J,BjmGOazjh,ChI,uImNtLn
vGUYt,vGUYt,vGUYt,sRHVXQ,sRHVXQ,sRHVXQ,vGUYt,J,vGUYt,sRHVXQ,uImNtLn,vGUYt,vGUYt,sRHVXQ,vGUYt,vGUYt,J,BjmGOazjh,ChI,uImNtLn
sRHVXQ
vGUYt,vGUYt,vGUYt,sRHVXQ,sRHVXQ,vGUYt,J,vGUYt,sRHVXQ,uImNtLn,vGUYt,vGUYt,sRHVXQ,vGUYt,vGUYt,J,BjmGOazjh,ChI,uImNtLn
vGUYt,vGUYt,vGUYt,sRHVXQ,sRHVXQ,vGUYt,J,vGUYt,sRHVXQ,uImNtLn,vGUYt,vGUYt,sRHVXQ,vGUYt,vGUYt,J,BjmGOazjh,ChI,uImNtLn,sRHVXQ,ZdP
Jedi Wagner, assuma o comando!