fumql
fumql
fumql
fumql,krsgmy
fumql
fumql,krsgmy
fumql
fumql,krsgmy,fumql,ltEZsco
fumql
fumql
fumql,krsgmy,fumql,ltEZsco,krsgmy
fumql
fumql,krsgmy,fumql,ltEZsco,krsgmy
fumql,krsgmy,fumql,ltEZsco,krsgmy
fumql,krsgmy,fumql,ltEZsco,krsgmy
[vazia]
Toque! Toque, Dijê!
[vazia]
Toque! Toque, Dijê!
[vazia]
ePvTifCWi
ePvTifCWi
ePvTifCWi
ePvTifCWi
ePvTifCWi
[vazia]
[vazia]
[vazia]
Toque! Toque, Dijê!
vGN
vGN
vGN
vGN
vGN
[vazia]
ePvTifCWi
ePvTifCWi
ePvTifCWi,k,ePvTifCWi,ePvTifCWi,IgTpu,RBZfFL,Agypi,ePvTifCWi
ePvTifCWi,k,ePvTifCWi,ePvTifCWi,IgTpu,RBZfFL,Agypi,ePvTifCWi,ePvTifCWi,ZajKD
ePvTifCWi
Agypi
ePvTifCWi,k,ePvTifCWi,Agypi,ePvTifCWi,IgTpu,RBZfFL,ePvTifCWi,ePvTifCWi,ZajKD,RBZfFL
ePvTifCWi
ePvTifCWi,k,ePvTifCWi,ePvTifCWi,IgTpu,RBZfFL,Agypi,ePvTifCWi,ePvTifCWi,ZajKD,RBZfFL,krsgmy
ePvTifCWi
ePvTifCWi
ePvTifCWi,ePvTifCWi,ePvTifCWi,IgTpu,k,RBZfFL,Agypi,ePvTifCWi,ePvTifCWi,ZajKD,RBZfFL,krsgmy
ePvTifCWi
ePvTifCWi
ePvTifCWi
ePvTifCWi
ePvTifCWi,k,ePvTifCWi,ePvTifCWi,IgTpu,RBZfFL,Agypi,ePvTifCWi,ePvTifCWi,ZajKD,RBZfFL,k
ePvTifCWi
ePvTifCWi
ePvTifCWi,ePvTifCWi,ePvTifCWi,k,IgTpu,Agypi,ePvTifCWi,ePvTifCWi,ZajKD,RBZfFL,k,ePvTifCWi,k
ePvTifCWi
ePvTifCWi
ePvTifCWi,ePvTifCWi,ePvTifCWi,k,Agypi,ePvTifCWi,ePvTifCWi,k,ePvTifCWi,k,ltEZsco
ePvTifCWi,ePvTifCWi,ePvTifCWi,k,Agypi,ePvTifCWi,ePvTifCWi,k,ePvTifCWi,k,ltEZsco
ePvTifCWi,k,ePvTifCWi,ePvTifCWi,IgTpu,RBZfFL,Agypi,ePvTifCWi,ePvTifCWi,ZajKD,RBZfFL
ePvTifCWi,k,ePvTifCWi,ePvTifCWi,IgTpu,RBZfFL,Agypi,ePvTifCWi,ePvTifCWi,ZajKD,RBZfFL
ePvTifCWi
ePvTifCWi,k,ePvTifCWi,ePvTifCWi,IgTpu,RBZfFL,Agypi,ePvTifCWi,ePvTifCWi,ZajKD,RBZfFL,Agypi,Agypi
ePvTifCWi,k,ePvTifCWi,ePvTifCWi,IgTpu,RBZfFL,Agypi,ePvTifCWi,ePvTifCWi,ZajKD,RBZfFL,Agypi,Agypi
IgTpu
RBZfFL
ePvTifCWi,k,ePvTifCWi,ePvTifCWi,IgTpu,RBZfFL,ePvTifCWi,ePvTifCWi,ZajKD,RBZfFL,Agypi,Agypi,Agypi,fumql
RBZfFL
ePvTifCWi,ePvTifCWi,ePvTifCWi,IgTpu,RBZfFL,k,ePvTifCWi,ePvTifCWi,ZajKD,RBZfFL,Agypi,Agypi,Agypi,krsgmy,fumql,Agypi
ePvTifCWi,ePvTifCWi,ePvTifCWi,IgTpu,RBZfFL,k,ePvTifCWi,ePvTifCWi,ZajKD,RBZfFL,Agypi,Agypi,krsgmy,fumql,Agypi,ePvTifCWi
ePvTifCWi,ePvTifCWi,ePvTifCWi,IgTpu,RBZfFL,k,ePvTifCWi,ePvTifCWi,ZajKD,RBZfFL,Agypi,Agypi,krsgmy,fumql,Agypi,ePvTifCWi
k
ePvTifCWi,ePvTifCWi,IgTpu,RBZfFL,k,ePvTifCWi,ePvTifCWi,ePvTifCWi,ZajKD,RBZfFL,Agypi,Agypi,krsgmy,fumql,Agypi,ePvTifCWi
ePvTifCWi
ePvTifCWi
ePvTifCWi,ePvTifCWi,IgTpu,RBZfFL,k,ePvTifCWi,ePvTifCWi,ePvTifCWi,ZajKD,RBZfFL,Agypi,Agypi,krsgmy,fumql,Agypi,ePvTifCWi,ltEZsco
ePvTifCWi
ePvTifCWi,ePvTifCWi,RBZfFL,ltEZsco,IgTpu,ePvTifCWi,ePvTifCWi,ePvTifCWi,ZajKD,RBZfFL,Agypi,Agypi,krsgmy,fumql,Agypi,ePvTifCWi,ePvTifCWi,ZajKD,ePvTifCWi
ePvTifCWi
ePvTifCWi,ePvTifCWi,RBZfFL,ltEZsco,IgTpu,ePvTifCWi,ePvTifCWi,ePvTifCWi,ZajKD,RBZfFL,Agypi,Agypi,krsgmy,fumql,Agypi,ePvTifCWi,ePvTifCWi,ZajKD
RBZfFL
ePvTifCWi,ePvTifCWi,ltEZsco,IgTpu,ePvTifCWi,ePvTifCWi,RBZfFL,ePvTifCWi,ZajKD,RBZfFL,Agypi,Agypi,krsgmy,fumql,Agypi,ePvTifCWi,ePvTifCWi,ZajKD,fumql
ePvTifCWi,ePvTifCWi,ltEZsco,IgTpu,ePvTifCWi,ePvTifCWi,RBZfFL,ePvTifCWi,ZajKD,RBZfFL,Agypi,Agypi,krsgmy,fumql,Agypi,ePvTifCWi,ePvTifCWi,ZajKD,fumql
fumql
ePvTifCWi,ePvTifCWi,ltEZsco,IgTpu,ePvTifCWi,ePvTifCWi,fumql,Agypi,ePvTifCWi,RBZfFL,Agypi,krsgmy,Agypi,ePvTifCWi,ePvTifCWi,ZajKD,fumql,k,ePvTifCWi
ePvTifCWi,ePvTifCWi,RBZfFL,ltEZsco,IgTpu,ePvTifCWi,ePvTifCWi,ePvTifCWi,ZajKD,RBZfFL,Agypi,Agypi,krsgmy,fumql,Agypi,ePvTifCWi,ePvTifCWi,ZajKD
ePvTifCWi
ePvTifCWi,RBZfFL,ltEZsco,IgTpu,ePvTifCWi,ePvTifCWi,fumql,ePvTifCWi,ePvTifCWi,ZajKD,RBZfFL,Agypi,Agypi,krsgmy,Agypi,ePvTifCWi,ePvTifCWi,ZajKD
fumql
fumql
fumql
ePvTifCWi,RBZfFL,ltEZsco,IgTpu,ePvTifCWi,ePvTifCWi,fumql,ePvTifCWi,ePvTifCWi,ZajKD,RBZfFL,Agypi,Agypi,Agypi,ePvTifCWi,ePvTifCWi,ZajKD
fumql
RBZfFL,ltEZsco,IgTpu,ePvTifCWi,ePvTifCWi,fumql,ePvTifCWi,ePvTifCWi,ePvTifCWi,ZajKD,RBZfFL,Agypi,Agypi,krsgmy,Agypi,ePvTifCWi,ePvTifCWi,ZajKD
ePvTifCWi,ePvTifCWi,RBZfFL,ltEZsco,ePvTifCWi,ePvTifCWi,IgTpu,ePvTifCWi,ZajKD,RBZfFL,Agypi,Agypi,krsgmy,fumql,Agypi,ePvTifCWi,ePvTifCWi,ZajKD
IgTpu
ePvTifCWi,ePvTifCWi,RBZfFL,ltEZsco,ePvTifCWi,ePvTifCWi,IgTpu,ePvTifCWi,ZajKD,RBZfFL,Agypi,Agypi,krsgmy,fumql,Agypi,ePvTifCWi,ePvTifCWi,ZajKD
ePvTifCWi,ePvTifCWi,RBZfFL,ltEZsco,ePvTifCWi,ePvTifCWi,IgTpu,ePvTifCWi,ZajKD,RBZfFL,Agypi,Agypi,krsgmy,fumql,Agypi,ePvTifCWi,ePvTifCWi,ZajKD
ePvTifCWi,ePvTifCWi,RBZfFL,ltEZsco,IgTpu,ePvTifCWi,ePvTifCWi,ePvTifCWi,ZajKD,RBZfFL,Agypi,Agypi,fumql,Agypi,ePvTifCWi,ePvTifCWi,ZajKD,ZajKD,Agypi,ltEZsco
ePvTifCWi,ePvTifCWi,RBZfFL,ltEZsco,ePvTifCWi,ePvTifCWi,IgTpu,ePvTifCWi,ZajKD,RBZfFL,Agypi,Agypi,fumql,Agypi,ePvTifCWi,ePvTifCWi,ZajKD,ZajKD,Agypi,ltEZsco,k
ePvTifCWi,ePvTifCWi,RBZfFL,ltEZsco,IgTpu,ePvTifCWi,ePvTifCWi,ePvTifCWi,ZajKD,RBZfFL,Agypi,Agypi,krsgmy,fumql,Agypi,ePvTifCWi,ePvTifCWi,ZajKD
ePvTifCWi
ePvTifCWi,ePvTifCWi,RBZfFL,ltEZsco,IgTpu,ePvTifCWi,ePvTifCWi,ePvTifCWi,RBZfFL,Agypi,Agypi,krsgmy,fumql,Agypi,ePvTifCWi,ePvTifCWi,ZajKD
ePvTifCWi,ePvTifCWi,RBZfFL,ltEZsco,IgTpu,ePvTifCWi,ePvTifCWi,ePvTifCWi,RBZfFL,Agypi,Agypi,krsgmy,fumql,Agypi,ePvTifCWi,ePvTifCWi
RBZfFL
RBZfFL
ePvTifCWi,ePvTifCWi,RBZfFL,IgTpu,ePvTifCWi,ePvTifCWi,ePvTifCWi,RBZfFL,ltEZsco,Agypi,Agypi,krsgmy,fumql,Agypi,ePvTifCWi,ePvTifCWi,RBZfFL
ltEZsco
ePvTifCWi,RBZfFL,IgTpu,ePvTifCWi,ePvTifCWi,ePvTifCWi,RBZfFL,ltEZsco,Agypi,Agypi,krsgmy,fumql,Agypi,ePvTifCWi,ePvTifCWi,RBZfFL
ePvTifCWi,ePvTifCWi,ePvTifCWi,ePvTifCWi,RBZfFL,ltEZsco,Agypi,IgTpu,RBZfFL,Agypi,krsgmy,fumql,Agypi,ePvTifCWi,ePvTifCWi,RBZfFL
RBZfFL
RBZfFL
ltEZsco
ePvTifCWi,IgTpu,ePvTifCWi,ePvTifCWi,ePvTifCWi,RBZfFL,ltEZsco,Agypi,RBZfFL,Agypi,krsgmy,fumql,Agypi,ePvTifCWi,ePvTifCWi,RBZfFL
ePvTifCWi
ePvTifCWi
Agypi
ePvTifCWi,RBZfFL,IgTpu,ePvTifCWi,ePvTifCWi,ePvTifCWi,RBZfFL,Agypi,Agypi,krsgmy,fumql,Agypi,ePvTifCWi,ePvTifCWi,RBZfFL
ePvTifCWi,RBZfFL,ePvTifCWi,ePvTifCWi,ePvTifCWi,RBZfFL,Agypi,IgTpu,Agypi,krsgmy,fumql,Agypi,ePvTifCWi,ePvTifCWi,RBZfFL,krsgmy
ePvTifCWi,RBZfFL,ePvTifCWi,ePvTifCWi,ePvTifCWi,RBZfFL,Agypi,IgTpu,Agypi,krsgmy,fumql,Agypi,ePvTifCWi,ePvTifCWi,RBZfFL,krsgmy
fumql
Agypi
Agypi
ePvTifCWi,RBZfFL,ePvTifCWi,ePvTifCWi,ePvTifCWi,RBZfFL,Agypi,fumql,Agypi,krsgmy,Agypi,ePvTifCWi,ePvTifCWi,RBZfFL,krsgmy,vGN,ltEZsco
ePvTifCWi,RBZfFL,ePvTifCWi,ePvTifCWi,ePvTifCWi,RBZfFL,Agypi,fumql,Agypi,krsgmy,Agypi,ePvTifCWi,ePvTifCWi,RBZfFL,krsgmy,fumql
ePvTifCWi,RBZfFL,ePvTifCWi,ePvTifCWi,ePvTifCWi,RBZfFL,Agypi,fumql,Agypi,krsgmy,Agypi,ePvTifCWi,ePvTifCWi,RBZfFL,krsgmy,fumql
ePvTifCWi,RBZfFL,ePvTifCWi,ePvTifCWi,ePvTifCWi,RBZfFL,Agypi,fumql,Agypi,krsgmy,Agypi,ePvTifCWi,ePvTifCWi,RBZfFL,krsgmy,fumql
ePvTifCWi
ePvTifCWi,ePvTifCWi,ePvTifCWi,RBZfFL,Agypi,fumql,Agypi,krsgmy,Agypi,ePvTifCWi,ePvTifCWi,RBZfFL,krsgmy,fumql
ePvTifCWi,ePvTifCWi,ePvTifCWi,RBZfFL,Agypi,fumql,Agypi,krsgmy,Agypi,ePvTifCWi,ePvTifCWi,RBZfFL,krsgmy,fumql,ltEZsco
ePvTifCWi
ltEZsco
ePvTifCWi,ePvTifCWi,ePvTifCWi,RBZfFL,Agypi,fumql,Agypi,krsgmy,Agypi,ltEZsco,ePvTifCWi,ePvTifCWi,RBZfFL,krsgmy,fumql,ZajKD
ePvTifCWi,ePvTifCWi,ePvTifCWi,RBZfFL,Agypi,fumql,Agypi,krsgmy,Agypi,ltEZsco,ePvTifCWi,ePvTifCWi,RBZfFL,krsgmy,fumql,ZajKD
ePvTifCWi,ePvTifCWi,RBZfFL,Agypi,fumql,Agypi,krsgmy,Agypi,ltEZsco,ePvTifCWi,ePvTifCWi,ePvTifCWi,RBZfFL,krsgmy,fumql,ZajKD
ePvTifCWi,ePvTifCWi,Agypi,fumql,Agypi,Agypi,ltEZsco,ePvTifCWi,ePvTifCWi,RBZfFL,ePvTifCWi,RBZfFL,krsgmy,fumql,ZajKD
ltEZsco
ePvTifCWi,ePvTifCWi,ePvTifCWi,RBZfFL,Agypi,fumql,Agypi,Agypi,ltEZsco,ePvTifCWi,krsgmy,ePvTifCWi,RBZfFL,krsgmy,fumql
krsgmy
krsgmy
ePvTifCWi
ePvTifCWi
ePvTifCWi
ePvTifCWi,ePvTifCWi,ePvTifCWi,RBZfFL,Agypi,fumql,Agypi,Agypi,ltEZsco,ePvTifCWi,krsgmy,ePvTifCWi,RBZfFL,krsgmy,fumql,ltEZsco,fumql,ePvTifCWi
ePvTifCWi,ePvTifCWi,ePvTifCWi,RBZfFL,Agypi,fumql,Agypi,Agypi,ltEZsco,ePvTifCWi,krsgmy,ePvTifCWi,RBZfFL,krsgmy,fumql,ltEZsco,fumql,ePvTifCWi
ePvTifCWi
ePvTifCWi
Agypi
Agypi
krsgmy
krsgmy
krsgmy
krsgmy
krsgmy
krsgmy
ePvTifCWi,ePvTifCWi,RBZfFL,fumql,Agypi,Agypi,ePvTifCWi,krsgmy,ePvTifCWi,Agypi,RBZfFL,krsgmy,IgTpu,fumql,ltEZsco,fumql,ePvTifCWi,krsgmy,krsgmy
ePvTifCWi,RBZfFL,fumql,Agypi,Agypi,ePvTifCWi,krsgmy,ePvTifCWi,Agypi,RBZfFL,krsgmy,IgTpu,fumql,ltEZsco,fumql,ePvTifCWi,krsgmy,krsgmy
krsgmy
ePvTifCWi,RBZfFL,fumql,Agypi,Agypi,ePvTifCWi,krsgmy,ePvTifCWi,Agypi,RBZfFL,krsgmy,IgTpu,fumql,ltEZsco,fumql,ePvTifCWi,krsgmy,krsgmy,Agypi
krsgmy
krsgmy
krsgmy
ePvTifCWi,ePvTifCWi,RBZfFL,fumql,Agypi,Agypi,ltEZsco,ePvTifCWi,ePvTifCWi,Agypi,RBZfFL,krsgmy,fumql,ltEZsco,fumql,ePvTifCWi,krsgmy,IgTpu
ePvTifCWi,ePvTifCWi,RBZfFL,fumql,Agypi,Agypi,ltEZsco,ePvTifCWi,krsgmy,ePvTifCWi,Agypi,RBZfFL,krsgmy,fumql,ltEZsco,fumql,ePvTifCWi,krsgmy,IgTpu,k,IgTpu,krsgmy
RBZfFL
ePvTifCWi,ePvTifCWi,RBZfFL,fumql,Agypi,ltEZsco,ePvTifCWi,krsgmy,ePvTifCWi,Agypi,RBZfFL,krsgmy,fumql,Agypi,ltEZsco,fumql,ePvTifCWi,krsgmy,IgTpu,k,IgTpu,krsgmy,ZajKD,krsgmy,Agypi,RBZfFL
Agypi
ePvTifCWi,ePvTifCWi,RBZfFL,fumql,Agypi,ltEZsco,ePvTifCWi,krsgmy,ePvTifCWi,Agypi,RBZfFL,krsgmy,fumql,Agypi,ltEZsco,fumql,ePvTifCWi,krsgmy,IgTpu,k,IgTpu,krsgmy,ZajKD,krsgmy,Agypi,Agypi
Agypi
Agypi
Agypi
ePvTifCWi,ePvTifCWi,RBZfFL,fumql,Agypi,ltEZsco,ePvTifCWi,ePvTifCWi,Agypi,RBZfFL,krsgmy,fumql,Agypi,ltEZsco,fumql,ePvTifCWi,krsgmy,IgTpu,k,IgTpu,krsgmy,ZajKD,krsgmy,Agypi,Agypi
Agypi
ePvTifCWi,ePvTifCWi,RBZfFL,fumql,Agypi,ltEZsco,ePvTifCWi,ePvTifCWi,Agypi,RBZfFL,krsgmy,fumql,Agypi,ltEZsco,fumql,ePvTifCWi,krsgmy,IgTpu,k,IgTpu,krsgmy,krsgmy,Agypi,Agypi,ePvTifCWi,ePvTifCWi
ePvTifCWi,ePvTifCWi,RBZfFL,fumql,Agypi,ltEZsco,ePvTifCWi,ePvTifCWi,Agypi,RBZfFL,krsgmy,fumql,Agypi,ltEZsco,fumql,ePvTifCWi,krsgmy,IgTpu,k,IgTpu,krsgmy,krsgmy,Agypi,Agypi
ltEZsco
ePvTifCWi,ePvTifCWi,fumql,Agypi,ltEZsco,ePvTifCWi,ePvTifCWi,Agypi,krsgmy,fumql,Agypi,ltEZsco,RBZfFL,k,fumql,ePvTifCWi,krsgmy,IgTpu,IgTpu,krsgmy,krsgmy,Agypi,Agypi
ePvTifCWi,ePvTifCWi,fumql,Agypi,ePvTifCWi,ePvTifCWi,Agypi,krsgmy,fumql,Agypi,k,ltEZsco,RBZfFL,fumql,ePvTifCWi,krsgmy,IgTpu,IgTpu,krsgmy,krsgmy,Agypi,Agypi,Agypi
ePvTifCWi,ePvTifCWi,fumql,Agypi,ePvTifCWi,ePvTifCWi,Agypi,krsgmy,fumql,Agypi,k,ltEZsco,RBZfFL,fumql,ePvTifCWi,krsgmy,IgTpu,IgTpu,krsgmy,krsgmy,Agypi,Agypi,Agypi
ePvTifCWi,ePvTifCWi,fumql,Agypi,ePvTifCWi,ePvTifCWi,Agypi,krsgmy,fumql,Agypi,k,ltEZsco,RBZfFL,fumql,ePvTifCWi,krsgmy,IgTpu,IgTpu,krsgmy,krsgmy,Agypi,Agypi,Agypi
ltEZsco
ePvTifCWi,ePvTifCWi,fumql,Agypi,ePvTifCWi,ePvTifCWi,Agypi,krsgmy,fumql,Agypi,k,ltEZsco,ltEZsco,RBZfFL,fumql,ePvTifCWi,krsgmy,IgTpu,IgTpu,krsgmy,krsgmy,Agypi,Agypi,Agypi
ePvTifCWi,RBZfFL,fumql,Agypi,ltEZsco,ePvTifCWi,ePvTifCWi,Agypi,RBZfFL,fumql,Agypi,ltEZsco,krsgmy,fumql,ePvTifCWi,krsgmy,IgTpu,k,IgTpu,krsgmy,krsgmy,Agypi,Agypi
fumql
fumql
ePvTifCWi
ePvTifCWi
ePvTifCWi
ePvTifCWi
fumql,Agypi,ltEZsco,ePvTifCWi,Agypi,RBZfFL,fumql,Agypi,ltEZsco,fumql,ePvTifCWi,RBZfFL,ePvTifCWi,IgTpu,IgTpu,krsgmy,krsgmy,Agypi,Agypi,ePvTifCWi
fumql,Agypi,ltEZsco,ePvTifCWi,Agypi,RBZfFL,fumql,Agypi,ltEZsco,fumql,ePvTifCWi,RBZfFL,ePvTifCWi,IgTpu,IgTpu,krsgmy,krsgmy,Agypi,Agypi,ePvTifCWi
fumql,Agypi,ltEZsco,ePvTifCWi,Agypi,RBZfFL,fumql,Agypi,ltEZsco,fumql,ePvTifCWi,RBZfFL,ePvTifCWi,IgTpu,IgTpu,krsgmy,krsgmy,Agypi,Agypi,ePvTifCWi
fumql,Agypi,ltEZsco,ePvTifCWi,Agypi,RBZfFL,fumql,Agypi,ltEZsco,fumql,ePvTifCWi,RBZfFL,ePvTifCWi,IgTpu,IgTpu,krsgmy,krsgmy,Agypi,Agypi,ePvTifCWi
IgTpu
IgTpu
ePvTifCWi
RBZfFL,fumql,Agypi,ltEZsco,ePvTifCWi,Agypi,RBZfFL,fumql,Agypi,ltEZsco,krsgmy,fumql,ePvTifCWi,ePvTifCWi,ePvTifCWi,krsgmy,IgTpu,k,IgTpu,krsgmy,krsgmy,Agypi,Agypi
RBZfFL,fumql,Agypi,ltEZsco,ePvTifCWi,Agypi,RBZfFL,fumql,Agypi,ltEZsco,krsgmy,fumql,ePvTifCWi,ePvTifCWi,ePvTifCWi,krsgmy,IgTpu,k,IgTpu,krsgmy,krsgmy,Agypi,Agypi
ePvTifCWi
ePvTifCWi
RBZfFL,fumql,Agypi,ltEZsco,ePvTifCWi,Agypi,RBZfFL,fumql,Agypi,ltEZsco,krsgmy,fumql,ePvTifCWi,ePvTifCWi,ePvTifCWi,krsgmy,IgTpu,k,IgTpu,krsgmy,krsgmy,Agypi,Agypi,RBZfFL
ePvTifCWi
ePvTifCWi
RBZfFL,fumql,Agypi,ltEZsco,ePvTifCWi,Agypi,RBZfFL,fumql,Agypi,ltEZsco,krsgmy,fumql,ePvTifCWi,ePvTifCWi,ePvTifCWi,krsgmy,IgTpu,k,IgTpu,krsgmy,krsgmy,Agypi,Agypi,RBZfFL
RBZfFL,fumql,Agypi,ltEZsco,ePvTifCWi,Agypi,RBZfFL,fumql,Agypi,ltEZsco,fumql,ePvTifCWi,ePvTifCWi,ePvTifCWi,krsgmy,krsgmy,IgTpu,k,IgTpu,krsgmy,krsgmy,Agypi,Agypi,RBZfFL
ePvTifCWi
RBZfFL,fumql,Agypi,ltEZsco,ePvTifCWi,Agypi,RBZfFL,fumql,Agypi,ltEZsco,fumql,ePvTifCWi,ePvTifCWi,ePvTifCWi,krsgmy,krsgmy,IgTpu,k,IgTpu,krsgmy,krsgmy,Agypi,Agypi,RBZfFL
krsgmy
krsgmy
RBZfFL,fumql,Agypi,ltEZsco,ePvTifCWi,Agypi,RBZfFL,fumql,Agypi,ltEZsco,fumql,ePvTifCWi,ePvTifCWi,ePvTifCWi,krsgmy,krsgmy,IgTpu,k,IgTpu,krsgmy,krsgmy,Agypi,Agypi,RBZfFL
krsgmy
RBZfFL,fumql,Agypi,ltEZsco,ePvTifCWi,Agypi,RBZfFL,fumql,Agypi,ltEZsco,fumql,ePvTifCWi,ePvTifCWi,ePvTifCWi,krsgmy,krsgmy,IgTpu,k,IgTpu,krsgmy,krsgmy,Agypi,Agypi,RBZfFL,ePvTifCWi
krsgmy
RBZfFL,fumql,Agypi,ltEZsco,ePvTifCWi,Agypi,RBZfFL,fumql,Agypi,ltEZsco,fumql,ePvTifCWi,ePvTifCWi,ePvTifCWi,krsgmy,IgTpu,k,IgTpu,krsgmy,krsgmy,Agypi,Agypi,RBZfFL,ePvTifCWi
RBZfFL,fumql,ltEZsco,ePvTifCWi,Agypi,RBZfFL,fumql,Agypi,ltEZsco,fumql,ePvTifCWi,ePvTifCWi,ePvTifCWi,krsgmy,IgTpu,k,Agypi,IgTpu,krsgmy,krsgmy,Agypi,Agypi,RBZfFL,ePvTifCWi
RBZfFL,fumql,Agypi,ltEZsco,ePvTifCWi,Agypi,RBZfFL,fumql,Agypi,ltEZsco,fumql,ePvTifCWi,ePvTifCWi,ePvTifCWi,krsgmy,IgTpu,k,IgTpu,krsgmy,krsgmy,Agypi,Agypi,RBZfFL,ePvTifCWi
RBZfFL,Agypi,ltEZsco,ePvTifCWi,Agypi,RBZfFL,fumql,Agypi,ltEZsco,fumql,ePvTifCWi,ePvTifCWi,ePvTifCWi,krsgmy,IgTpu,k,IgTpu,krsgmy,krsgmy,Agypi,Agypi,RBZfFL,ePvTifCWi
k
k
RBZfFL,fumql,Agypi,ePvTifCWi,Agypi,RBZfFL,fumql,Agypi,ltEZsco,fumql,ePvTifCWi,ePvTifCWi,ePvTifCWi,krsgmy,krsgmy,IgTpu,k,ltEZsco,IgTpu,krsgmy,krsgmy,Agypi,Agypi,RBZfFL,ePvTifCWi
RBZfFL,fumql,Agypi,ePvTifCWi,Agypi,RBZfFL,fumql,Agypi,ltEZsco,fumql,ePvTifCWi,ePvTifCWi,ePvTifCWi,krsgmy,krsgmy,IgTpu,k,ltEZsco,IgTpu,krsgmy,krsgmy,Agypi,Agypi,RBZfFL,ePvTifCWi
ltEZsco
fumql,Agypi,ePvTifCWi,Agypi,RBZfFL,fumql,Agypi,ltEZsco,fumql,ePvTifCWi,ePvTifCWi,ePvTifCWi,krsgmy,krsgmy,IgTpu,k,ltEZsco,IgTpu,krsgmy,krsgmy,Agypi,Agypi,RBZfFL,ePvTifCWi
ltEZsco
ltEZsco
ltEZsco
fumql,Agypi,ePvTifCWi,Agypi,RBZfFL,fumql,Agypi,ltEZsco,fumql,ePvTifCWi,ePvTifCWi,ePvTifCWi,krsgmy,krsgmy,k,ltEZsco,IgTpu,krsgmy,krsgmy,Agypi,Agypi,RBZfFL,ePvTifCWi,k
krsgmy
krsgmy
Agypi,ePvTifCWi,Agypi,RBZfFL,fumql,Agypi,ltEZsco,fumql,ePvTifCWi,ePvTifCWi,ePvTifCWi,krsgmy,ltEZsco,krsgmy,fumql,krsgmy,Agypi,IgTpu,krsgmy,Agypi,RBZfFL,ePvTifCWi,k,ltEZsco,vGN,ltEZsco
Jedi Wagner, assuma o comando!