Toque! Toque, Dijê!
uQXVjXE
uQXVjXE
uQXVjXE
Toque! Toque, Dijê!
Toque! Toque, Dijê!
Toque! Toque, Dijê!
[vazia]
mgGr
[vazia]
Toque! Toque, Dijê!
Toque! Toque, Dijê!
[vazia]
[vazia]
Toque! Toque, Dijê!
[vazia]
[vazia]
sknFUD
sknFUD
sknFUD
sknFUD,sknFUD
sknFUD
sknFUD
sknFUD,sknFUD
sknFUD
sknFUD
sknFUD
sknFUD
mgGr
mgGr
sknFUD,mgGr,mgGr
sknFUD,mgGr,mgGr
sknFUD,mgGr,mgGr
sknFUD,mgGr,mgGr,QijIHwphl
mgGr
sknFUD,mgGr
sknFUD
sknFUD
sknFUD
sknFUD
sknFUD
sknFUD,mgGr,QijIHwphl,GVfPt
sknFUD
sknFUD,mgGr,QijIHwphl
sknFUD,mgGr,QijIHwphl
sknFUD
sknFUD,mgGr,QijIHwphl,QijIHwphl
sknFUD,mgGr,QijIHwphl,QijIHwphl
sknFUD,mgGr,QijIHwphl,QijIHwphl,I
sknFUD,mgGr,QijIHwphl,QijIHwphl,I
sknFUD,mgGr,QijIHwphl,I
QijIHwphl
sknFUD,mgGr,QijIHwphl
sknFUD,mgGr,QijIHwphl
QijIHwphl
QijIHwphl
sknFUD
sknFUD
sknFUD
sknFUD
sknFUD,mgGr,QijIHwphl,QijIHwphl
sknFUD,mgGr,QijIHwphl,QijIHwphl,I
sknFUD,mgGr,QijIHwphl,QijIHwphl,I
sknFUD,mgGr,QijIHwphl,QijIHwphl,I
sknFUD,mgGr,QijIHwphl,QijIHwphl,I
mgGr
QijIHwphl
sknFUD,mgGr,QijIHwphl,QijIHwphl,I
sknFUD,mgGr,QijIHwphl,QijIHwphl,I,mgGr
QijIHwphl
sknFUD,mgGr,QijIHwphl,QijIHwphl,I,mgGr,uQXVjXE,GVfPt
sknFUD,mgGr,QijIHwphl,uQXVjXE,I,mgGr,GVfPt,uQXVjXE
sknFUD,mgGr,QijIHwphl,uQXVjXE,I,mgGr,GVfPt,uQXVjXE,GVfPt,QijIHwphl
sknFUD,mgGr,QijIHwphl,QijIHwphl,I
QijIHwphl
QijIHwphl
sknFUD
I
QijIHwphl,mgGr,sknFUD,QijIHwphl,I,GVfPt,I,mgGr
QijIHwphl,mgGr,sknFUD,QijIHwphl,I
I
I
QijIHwphl,sknFUD,QijIHwphl,I,mgGr,I
mgGr
QijIHwphl,sknFUD,QijIHwphl,I,mgGr,I
QijIHwphl,sknFUD,QijIHwphl,I,mgGr,I
QijIHwphl,sknFUD,QijIHwphl,I,mgGr,I,uQXVjXE,uQXVjXE
uQXVjXE
QijIHwphl,sknFUD,QijIHwphl,I,mgGr,I,uQXVjXE,uQXVjXE
uQXVjXE
uQXVjXE
QijIHwphl,sknFUD,QijIHwphl,I,mgGr,I,uQXVjXE,uQXVjXE
mgGr
QijIHwphl,sknFUD,QijIHwphl,mgGr,I,uQXVjXE,mgGr
I
uQXVjXE
uQXVjXE
QijIHwphl,sknFUD,QijIHwphl,I,mgGr,I,uQXVjXE,uQXVjXE
uQXVjXE
QijIHwphl,sknFUD,QijIHwphl,I,mgGr,I,uQXVjXE,uQXVjXE
uQXVjXE
QijIHwphl,sknFUD,QijIHwphl,I,mgGr,I,uQXVjXE,uQXVjXE,I
QijIHwphl
QijIHwphl,sknFUD,QijIHwphl,I,mgGr,I,uQXVjXE,uQXVjXE,I
QijIHwphl,sknFUD,QijIHwphl,I,mgGr,I,uQXVjXE,uQXVjXE,I
uQXVjXE
sknFUD
sknFUD,uQXVjXE,QijIHwphl,QijIHwphl,I,I,uQXVjXE,I,QijIHwphl
sknFUD
sknFUD
sknFUD,uQXVjXE,QijIHwphl,QijIHwphl,I,I,uQXVjXE,I,QijIHwphl
sknFUD
sknFUD,uQXVjXE,QijIHwphl,QijIHwphl,I,I,uQXVjXE,I,QijIHwphl,I
QijIHwphl,sknFUD,QijIHwphl,I,mgGr,I,uQXVjXE,uQXVjXE,I
QijIHwphl,sknFUD,QijIHwphl,I,mgGr,I,uQXVjXE,uQXVjXE,I
QijIHwphl
QijIHwphl
QijIHwphl
sknFUD,QijIHwphl,I,I,QijIHwphl,uQXVjXE,uQXVjXE,I,uQXVjXE
I
sknFUD,QijIHwphl,I,I,QijIHwphl,uQXVjXE,uQXVjXE,I,uQXVjXE
uQXVjXE
uQXVjXE
uQXVjXE
uQXVjXE
uQXVjXE
uQXVjXE
uQXVjXE
uQXVjXE
uQXVjXE
uQXVjXE
sknFUD,QijIHwphl,I,uQXVjXE,QijIHwphl,uQXVjXE,I,uQXVjXE,mgGr
uQXVjXE
uQXVjXE
uQXVjXE
sknFUD,QijIHwphl,I,uQXVjXE,QijIHwphl,uQXVjXE,I,uQXVjXE
uQXVjXE,I,QijIHwphl,QijIHwphl,uQXVjXE,I,uQXVjXE,sknFUD
uQXVjXE,I,QijIHwphl,QijIHwphl,uQXVjXE,I,uQXVjXE,sknFUD,uQXVjXE
QijIHwphl
uQXVjXE,I,QijIHwphl,QijIHwphl,uQXVjXE,I,uQXVjXE,sknFUD,uQXVjXE
uQXVjXE,I,QijIHwphl,QijIHwphl,uQXVjXE,I,uQXVjXE,sknFUD,uQXVjXE,uQXVjXE
QijIHwphl
uQXVjXE,I,QijIHwphl,QijIHwphl,uQXVjXE,I,uQXVjXE,sknFUD
QijIHwphl
uQXVjXE,I,QijIHwphl,QijIHwphl,uQXVjXE,I,uQXVjXE,sknFUD,mgGr
mgGr
uQXVjXE,I,QijIHwphl,mgGr,QijIHwphl,uQXVjXE,I,uQXVjXE,sknFUD
mgGr
uQXVjXE,I,mgGr,QijIHwphl,uQXVjXE,I,uQXVjXE,sknFUD
uQXVjXE,I,mgGr,QijIHwphl,uQXVjXE,I,uQXVjXE,sknFUD
uQXVjXE,I,mgGr,QijIHwphl,uQXVjXE,I,uQXVjXE,sknFUD
mgGr
uQXVjXE,I,QijIHwphl,QijIHwphl,uQXVjXE,I,uQXVjXE,sknFUD
QijIHwphl
uQXVjXE,I,QijIHwphl,QijIHwphl,uQXVjXE,I,uQXVjXE,sknFUD
uQXVjXE,I,QijIHwphl,QijIHwphl,uQXVjXE,I,uQXVjXE,sknFUD,sknFUD
QijIHwphl
uQXVjXE,I,QijIHwphl,QijIHwphl,uQXVjXE,I,uQXVjXE,sknFUD,sknFUD
I,QijIHwphl,QijIHwphl,uQXVjXE,uQXVjXE,I,uQXVjXE,sknFUD
I,QijIHwphl,QijIHwphl,uQXVjXE,uQXVjXE,I,uQXVjXE,sknFUD
I,QijIHwphl,QijIHwphl,uQXVjXE,uQXVjXE,I,uQXVjXE,sknFUD
I,QijIHwphl,QijIHwphl,uQXVjXE,I,uQXVjXE,mgGr
I,QijIHwphl,QijIHwphl,uQXVjXE,I,uQXVjXE,mgGr
I
I
I,QijIHwphl,QijIHwphl,I,uQXVjXE,uQXVjXE,uQXVjXE
I,QijIHwphl,QijIHwphl,I,uQXVjXE,uQXVjXE,uQXVjXE,uQXVjXE
I,QijIHwphl,QijIHwphl,I,uQXVjXE,uQXVjXE,uQXVjXE
uQXVjXE
I,QijIHwphl,QijIHwphl,I,uQXVjXE,uQXVjXE,uQXVjXE
I,QijIHwphl,QijIHwphl,I,uQXVjXE,uQXVjXE,uQXVjXE,QijIHwphl
uQXVjXE
I,QijIHwphl,QijIHwphl,I,uQXVjXE,uQXVjXE,uQXVjXE,QijIHwphl,QijIHwphl,mgGr
I,QijIHwphl,QijIHwphl,I,uQXVjXE,uQXVjXE,mgGr,uQXVjXE,QijIHwphl,QijIHwphl
mgGr
mgGr
I,QijIHwphl,QijIHwphl,I,uQXVjXE,uQXVjXE,mgGr,uQXVjXE,QijIHwphl,QijIHwphl,sknFUD
mgGr
mgGr
uQXVjXE
QijIHwphl,QijIHwphl,I,uQXVjXE,uQXVjXE,mgGr,I,uQXVjXE,QijIHwphl,QijIHwphl,I,mgGr,uQXVjXE,QijIHwphl
Jedi Wagner, assuma o comando!