[vazia]
YGhvgx
YGhvgx
YGhvgx
YGhvgx
YGhvgx
YGhvgx,s
YGhvgx
YGhvgx
YGhvgx
YGhvgx
YGhvgx,s
[vazia]
Toque! Toque, Dijê!
[vazia]
Toque! Toque, Dijê!
[vazia]
Toque! Toque, Dijê!
Toque! Toque, Dijê!
KGfNjxh
PhFHTM
PhFHTM
PhFHTM
PhFHTM
Toque! Toque, Dijê!
PhFHTM
PhFHTM,tICXQC
PhFHTM,tICXQC
PhFHTM
tICXQC
PhFHTM
PhFHTM
PhFHTM
tICXQC
u
u
PhFHTM,tICXQC,u
PhFHTM,tICXQC,u
u
PhFHTM,tICXQC,u,PhFHTM,Yjk,KGfNjxh
PhFHTM,tICXQC,PhFHTM,Yjk,KGfNjxh
PhFHTM,tICXQC,PhFHTM,Yjk,KGfNjxh,KGfNjxh,AdnHeXMBS
PhFHTM,tICXQC,PhFHTM,Yjk,KGfNjxh,KGfNjxh,AdnHeXMBS
PhFHTM,tICXQC,PhFHTM,Yjk,KGfNjxh,KGfNjxh,AdnHeXMBS
PhFHTM,tICXQC,PhFHTM,Yjk,KGfNjxh,KGfNjxh,AdnHeXMBS
PhFHTM
PhFHTM,tICXQC,PhFHTM,Yjk,KGfNjxh,KGfNjxh,AdnHeXMBS
PhFHTM
PhFHTM,tICXQC,PhFHTM,Yjk,KGfNjxh,KGfNjxh,AdnHeXMBS
PhFHTM
PhFHTM,tICXQC,PhFHTM,Yjk,KGfNjxh,KGfNjxh,AdnHeXMBS
PhFHTM,tICXQC,u,PhFHTM,Yjk,KGfNjxh
PhFHTM,tICXQC,u,PhFHTM,Yjk,KGfNjxh
PhFHTM
PhFHTM
PhFHTM
PhFHTM,tICXQC,u,PhFHTM,Yjk,KGfNjxh
PhFHTM
PhFHTM,tICXQC,u,PhFHTM,Yjk,KGfNjxh
tICXQC,PhFHTM,Yjk,YGhvgx
PhFHTM
PhFHTM
PhFHTM
PhFHTM,tICXQC,u,PhFHTM,Yjk,KGfNjxh
brT
tICXQC
PhFHTM,tICXQC,u,PhFHTM,Yjk,KGfNjxh,brT,brT
brT
brT
brT
PhFHTM,tICXQC,u,PhFHTM,Yjk,KGfNjxh,brT
brT
PhFHTM,tICXQC,u,PhFHTM,brT,Yjk
PhFHTM,tICXQC,u,PhFHTM,brT,Yjk,brT
PhFHTM,tICXQC,u,PhFHTM,brT,Yjk,brT,tICXQC
PhFHTM,tICXQC,u,PhFHTM,brT,Yjk,brT,tICXQC
PhFHTM,tICXQC,u,PhFHTM,brT,Yjk,brT,tICXQC,tICXQC,YGhvgx
brT
PhFHTM,tICXQC,u,PhFHTM,brT,Yjk,brT,tICXQC,tICXQC,YGhvgx,KGfNjxh
brT
PhFHTM,tICXQC,u,PhFHTM,brT,brT,tICXQC,tICXQC,YGhvgx,KGfNjxh
PhFHTM,tICXQC,u,PhFHTM,brT,brT,tICXQC,tICXQC,YGhvgx,KGfNjxh
brT
brT
PhFHTM,tICXQC,u,PhFHTM,brT,Yjk,brT,tICXQC
PhFHTM,tICXQC,u,PhFHTM,brT,Yjk,brT,tICXQC
PhFHTM,tICXQC,u,PhFHTM,Yjk,brT,tICXQC
tICXQC,PhFHTM,brT,Yjk,brT,PhFHTM,tICXQC
tICXQC,PhFHTM,brT,Yjk,brT,PhFHTM,tICXQC
tICXQC,PhFHTM,brT,Yjk,brT,PhFHTM,tICXQC,KGfNjxh,u
tICXQC,PhFHTM,brT,Yjk,brT,PhFHTM,tICXQC,KGfNjxh,u
KGfNjxh
PhFHTM,brT,Yjk,brT,PhFHTM,tICXQC,KGfNjxh,tICXQC,u,KGfNjxh
KGfNjxh
PhFHTM,brT,Yjk,brT,PhFHTM,tICXQC,KGfNjxh,tICXQC,u,KGfNjxh
PhFHTM,brT,Yjk,brT,PhFHTM,tICXQC,KGfNjxh,tICXQC,u,KGfNjxh
KGfNjxh
KGfNjxh
KGfNjxh
tICXQC,PhFHTM,brT,Yjk,brT,PhFHTM,tICXQC,KGfNjxh,u
tICXQC,PhFHTM,brT,Yjk,brT,PhFHTM,tICXQC,KGfNjxh,u
KGfNjxh
KGfNjxh
brT,tICXQC,PhFHTM,Yjk,brT,PhFHTM,tICXQC,u
tICXQC,PhFHTM,brT,Yjk,brT,PhFHTM,tICXQC,u,OzqIIhcz,PhFHTM
tICXQC,PhFHTM,brT,Yjk,brT,PhFHTM,tICXQC,u,OzqIIhcz,PhFHTM
brT,PhFHTM,tICXQC,Yjk,brT,PhFHTM,tICXQC,u,PhFHTM
brT,PhFHTM,tICXQC,Yjk,brT,PhFHTM,tICXQC,u,PhFHTM
tICXQC
tICXQC,PhFHTM,Yjk,brT,PhFHTM,tICXQC,u
tICXQC
tICXQC,PhFHTM,brT,Yjk,brT,PhFHTM,tICXQC,u,YGhvgx
tICXQC,PhFHTM,brT,Yjk,brT,PhFHTM,tICXQC,u,u
tICXQC,PhFHTM,brT,Yjk,brT,PhFHTM,tICXQC,u,u
s,tICXQC,PhFHTM,brT,Yjk,brT,PhFHTM,tICXQC,u
s
s
tICXQC
tICXQC,PhFHTM,brT,Yjk,brT,PhFHTM,tICXQC,u,u
tICXQC,PhFHTM,brT,Yjk,brT,PhFHTM,tICXQC,u,u
Yjk
Yjk
Yjk
u
Jedi Wagner, assuma o comando!