[vazia]
Toque! Toque, Dijê!
XJpnTIX
XJpnTIX
XJpnTIX
XJpnTIX
XJpnTIX
XJpnTIX
XJpnTIX
[vazia]
xNAiVLBrK
xNAiVLBrK
xNAiVLBrK,UMwnHMLOCa
UMwnHMLOCa
UMwnHMLOCa
UMwnHMLOCa
xNAiVLBrK,UMwnHMLOCa
xNAiVLBrK,UMwnHMLOCa
xNAiVLBrK,UMwnHMLOCa
UMwnHMLOCa
UMwnHMLOCa,MB
UMwnHMLOCa,MB
UMwnHMLOCa,MB
UMwnHMLOCa,MB
UMwnHMLOCa
UMwnHMLOCa,MB,hYOfZHb
MB
MB,hYOfZHb
MB,hYOfZHb
MB,hYOfZHb
MB
MB
MB
MB,hYOfZHb,XJpnTIX
MB,hYOfZHb,XJpnTIX
MB
hYOfZHb,MB,XJpnTIX
hYOfZHb
hYOfZHb
UMwnHMLOCa,MB,hYOfZHb
MB
MB
MB
MB
MB
MB
MB
MB
Jedi Wagner, assuma o comando!