Toque! Toque, Dijê!
[vazia]
[vazia]
Toque! Toque, Dijê!
Toque! Toque, Dijê!
[vazia]
tEFoYhZC
tEFoYhZC,tEFoYhZC
tEFoYhZC,tEFoYhZC
tEFoYhZC
tEFoYhZC
tEFoYhZC,tEFoYhZC,ldTgAMxK,y
tEFoYhZC,tEFoYhZC,ldTgAMxK,y
tEFoYhZC,tEFoYhZC,y,ldTgAMxK
tEFoYhZC
tEFoYhZC
tEFoYhZC,tEFoYhZC,y,ldTgAMxK
tEFoYhZC,tEFoYhZC,y,ldTgAMxK,uASa
tEFoYhZC,y,tEFoYhZC,ldTgAMxK,uASa,yWPvEGFei,y,uASa
y
y
y
y
tEFoYhZC,tEFoYhZC,ldTgAMxK,uASa,yWPvEGFei,y,uASa,tEFoYhZC,uASa,y
tEFoYhZC
tEFoYhZC,ldTgAMxK,tEFoYhZC,uASa,yWPvEGFei,y,uASa,tEFoYhZC,uASa,y
ldTgAMxK
tEFoYhZC,ldTgAMxK,tEFoYhZC,uASa,yWPvEGFei,y,uASa,tEFoYhZC,uASa,y,y
ldTgAMxK
y
y,uASa,tEFoYhZC,ldTgAMxK,tEFoYhZC,yWPvEGFei,uASa,tEFoYhZC,uASa,y,y,y
tEFoYhZC
uASa,tEFoYhZC,y,ldTgAMxK,tEFoYhZC,uASa,tEFoYhZC,uASa,y,y,y
tEFoYhZC
uASa,tEFoYhZC,ldTgAMxK,tEFoYhZC,uASa,tEFoYhZC,uASa,y,y,y
uASa,tEFoYhZC,ldTgAMxK,tEFoYhZC,uASa,tEFoYhZC,uASa,y,y,y,ldTgAMxK
uASa,tEFoYhZC,ldTgAMxK,tEFoYhZC,uASa,tEFoYhZC,uASa,y,y,y,ldTgAMxK
tEFoYhZC
tEFoYhZC
tEFoYhZC,ldTgAMxK,tEFoYhZC,uASa,tEFoYhZC,uASa,y,y,y,ldTgAMxK,yWPvEGFei
uASa
y
uASa,tEFoYhZC,ldTgAMxK,tEFoYhZC,uASa,tEFoYhZC,uASa,y,y,y,ldTgAMxK
uASa,tEFoYhZC,ldTgAMxK,tEFoYhZC,uASa,tEFoYhZC,uASa,y,y,y,ldTgAMxK
uASa,tEFoYhZC,ldTgAMxK,tEFoYhZC,uASa,tEFoYhZC,uASa,y,y,y,ldTgAMxK,WHWCqrjr
tEFoYhZC
tEFoYhZC
uASa,tEFoYhZC,ldTgAMxK,tEFoYhZC,uASa,tEFoYhZC,uASa,y,y,y,ldTgAMxK
tEFoYhZC,ldTgAMxK,tEFoYhZC,uASa,uASa,tEFoYhZC,uASa,y,y,y,ldTgAMxK
tEFoYhZC,ldTgAMxK,tEFoYhZC,uASa,uASa,tEFoYhZC,uASa,y,y,y,ldTgAMxK
y,ldTgAMxK,tEFoYhZC,uASa,tEFoYhZC,uASa,y,y,ldTgAMxK,y
y,ldTgAMxK,tEFoYhZC,uASa,tEFoYhZC,uASa,y,y,ldTgAMxK,y,uASa
ldTgAMxK
y,ldTgAMxK,tEFoYhZC,uASa,tEFoYhZC,uASa,y,y,ldTgAMxK,y,uASa
y,ldTgAMxK,tEFoYhZC,uASa,tEFoYhZC,uASa,y,y,ldTgAMxK,y,uASa,y
ldTgAMxK
ldTgAMxK
ldTgAMxK
uASa,y,ldTgAMxK,tEFoYhZC,uASa,tEFoYhZC,uASa,y,y,ldTgAMxK,y
uASa
tEFoYhZC
uASa,y,ldTgAMxK,tEFoYhZC,uASa,tEFoYhZC,uASa,y,y,ldTgAMxK,y
uASa,y,ldTgAMxK,tEFoYhZC,uASa,tEFoYhZC,uASa,y,y,ldTgAMxK,y
tEFoYhZC
uASa,y,ldTgAMxK,tEFoYhZC,uASa,tEFoYhZC,uASa,y,y,ldTgAMxK,y
uASa,y,ldTgAMxK,tEFoYhZC,uASa,tEFoYhZC,uASa,y,y,ldTgAMxK,y
y
y
y
y,uASa,tEFoYhZC,uASa,y,ldTgAMxK,uASa,y,ldTgAMxK,y,ldTgAMxK,WHWCqrjr,WHWCqrjr
y
y
y
Jedi Wagner, assuma o comando!