[vazia]
Toque! Toque, Dijê!
[vazia]
[vazia]
[vazia]
Toque! Toque, Dijê!
DeLWmeZUyz
DeLWmeZUyz
DeLWmeZUyz
DeLWmeZUyz,DeLWmeZUyz
DeLWmeZUyz,DeLWmeZUyz
Toque! Toque, Dijê!
DeLWmeZUyz
DeLWmeZUyz,DeLWmeZUyz
DeLWmeZUyz
DeLWmeZUyz
DeLWmeZUyz
DeLWmeZUyz
DeLWmeZUyz
DeLWmeZUyz
DeLWmeZUyz
DeLWmeZUyz,DeLWmeZUyz,DeLWmeZUyz
DeLWmeZUyz
DeLWmeZUyz
DeLWmeZUyz,DeLWmeZUyz,DeLWmeZUyz
DeLWmeZUyz,DeLWmeZUyz,DeLWmeZUyz
DeLWmeZUyz
DeLWmeZUyz,DeLWmeZUyz,DeLWmeZUyz,DeLWmeZUyz
DeLWmeZUyz
DeLWmeZUyz,DeLWmeZUyz,DeLWmeZUyz,DeLWmeZUyz,DeLWmeZUyz
DeLWmeZUyz
DeLWmeZUyz
DeLWmeZUyz,DeLWmeZUyz,DeLWmeZUyz
DeLWmeZUyz
DeLWmeZUyz
DeLWmeZUyz
DeLWmeZUyz
DeLWmeZUyz
DeLWmeZUyz
DeLWmeZUyz
DeLWmeZUyz,DeLWmeZUyz,DeLWmeZUyz,DeLWmeZUyz
DeLWmeZUyz,DeLWmeZUyz,DeLWmeZUyz
DeLWmeZUyz
DeLWmeZUyz
DeLWmeZUyz
DeLWmeZUyz,DeLWmeZUyz,DeLWmeZUyz,DeLWmeZUyz
DeLWmeZUyz
DeLWmeZUyz,DeLWmeZUyz,DeLWmeZUyz,DeLWmeZUyz
DeLWmeZUyz
DeLWmeZUyz,DeLWmeZUyz
DeLWmeZUyz,DeLWmeZUyz
DeLWmeZUyz,DeLWmeZUyz
DeLWmeZUyz,DeLWmeZUyz
DeLWmeZUyz,DeLWmeZUyz,DeLWmeZUyz,DeLWmeZUyz
DeLWmeZUyz
DeLWmeZUyz,DeLWmeZUyz,DeLWmeZUyz,DeLWmeZUyz,DeLWmeZUyz
DeLWmeZUyz,DeLWmeZUyz,DeLWmeZUyz,DeLWmeZUyz
DeLWmeZUyz
DeLWmeZUyz
DeLWmeZUyz,DeLWmeZUyz,DeLWmeZUyz,DeLWmeZUyz
DeLWmeZUyz
DeLWmeZUyz,DeLWmeZUyz,DeLWmeZUyz,DeLWmeZUyz,DeLWmeZUyz
DeLWmeZUyz
DeLWmeZUyz
DeLWmeZUyz
DeLWmeZUyz,DeLWmeZUyz,DeLWmeZUyz,DeLWmeZUyz,DeLWmeZUyz,DeLWmeZUyz
DeLWmeZUyz,DeLWmeZUyz,DeLWmeZUyz,DeLWmeZUyz,DeLWmeZUyz,DeLWmeZUyz
DeLWmeZUyz
DeLWmeZUyz
DeLWmeZUyz
DeLWmeZUyz
DeLWmeZUyz,DeLWmeZUyz,DeLWmeZUyz,DeLWmeZUyz,DeLWmeZUyz
DeLWmeZUyz,DeLWmeZUyz,DeLWmeZUyz,DeLWmeZUyz,DeLWmeZUyz
DeLWmeZUyz,DeLWmeZUyz,DeLWmeZUyz,DeLWmeZUyz,DeLWmeZUyz
DeLWmeZUyz,DeLWmeZUyz,DeLWmeZUyz,DeLWmeZUyz,DeLWmeZUyz,DeLWmeZUyz
DeLWmeZUyz
DeLWmeZUyz,DeLWmeZUyz,DeLWmeZUyz,DeLWmeZUyz,DeLWmeZUyz,DeLWmeZUyz,DeLWmeZUyz
DeLWmeZUyz,DeLWmeZUyz,DeLWmeZUyz,DeLWmeZUyz,DeLWmeZUyz,DeLWmeZUyz
DeLWmeZUyz,DeLWmeZUyz,DeLWmeZUyz,DeLWmeZUyz,DeLWmeZUyz,DeLWmeZUyz
DeLWmeZUyz
DeLWmeZUyz
DeLWmeZUyz,DeLWmeZUyz,DeLWmeZUyz,DeLWmeZUyz,DeLWmeZUyz
DeLWmeZUyz,DeLWmeZUyz,DeLWmeZUyz,DeLWmeZUyz,DeLWmeZUyz
DeLWmeZUyz,DeLWmeZUyz,DeLWmeZUyz,DeLWmeZUyz
DeLWmeZUyz
DeLWmeZUyz,DeLWmeZUyz,DeLWmeZUyz,DeLWmeZUyz,DeLWmeZUyz,DeLWmeZUyz,DeLWmeZUyz
DeLWmeZUyz,DeLWmeZUyz,DeLWmeZUyz,DeLWmeZUyz,DeLWmeZUyz,DeLWmeZUyz,DeLWmeZUyz
DeLWmeZUyz
DeLWmeZUyz,DeLWmeZUyz,DeLWmeZUyz,DeLWmeZUyz,DeLWmeZUyz,DeLWmeZUyz,DeLWmeZUyz
DeLWmeZUyz
DeLWmeZUyz,DeLWmeZUyz,DeLWmeZUyz,DeLWmeZUyz,DeLWmeZUyz,DeLWmeZUyz
DeLWmeZUyz
DeLWmeZUyz
DeLWmeZUyz,DeLWmeZUyz,DeLWmeZUyz,DeLWmeZUyz
DeLWmeZUyz
DeLWmeZUyz
DeLWmeZUyz
DeLWmeZUyz,DeLWmeZUyz,DeLWmeZUyz,DeLWmeZUyz,DeLWmeZUyz,DeLWmeZUyz
DeLWmeZUyz,DeLWmeZUyz,DeLWmeZUyz,DeLWmeZUyz,DeLWmeZUyz,DeLWmeZUyz
DeLWmeZUyz
DeLWmeZUyz
DeLWmeZUyz,DeLWmeZUyz,DeLWmeZUyz,DeLWmeZUyz,DeLWmeZUyz,DeLWmeZUyz,DeLWmeZUyz,DeLWmeZUyz,DeLWmeZUyz
DeLWmeZUyz
DeLWmeZUyz,DeLWmeZUyz,DeLWmeZUyz,DeLWmeZUyz,DeLWmeZUyz,DeLWmeZUyz,DeLWmeZUyz,DeLWmeZUyz,DeLWmeZUyz
DeLWmeZUyz
DeLWmeZUyz
DeLWmeZUyz
DeLWmeZUyz,DeLWmeZUyz,DeLWmeZUyz,DeLWmeZUyz,DeLWmeZUyz,DeLWmeZUyz,DeLWmeZUyz,DeLWmeZUyz,DeLWmeZUyz
DeLWmeZUyz,DeLWmeZUyz,DeLWmeZUyz,DeLWmeZUyz,DeLWmeZUyz,DeLWmeZUyz,DeLWmeZUyz,DeLWmeZUyz,DeLWmeZUyz
DeLWmeZUyz
DeLWmeZUyz
DeLWmeZUyz,DeLWmeZUyz,DeLWmeZUyz,DeLWmeZUyz,DeLWmeZUyz,DeLWmeZUyz,DeLWmeZUyz,DeLWmeZUyz,DeLWmeZUyz,DeLWmeZUyz
DeLWmeZUyz
DeLWmeZUyz
DeLWmeZUyz
DeLWmeZUyz
DeLWmeZUyz
DeLWmeZUyz,DeLWmeZUyz,DeLWmeZUyz,DeLWmeZUyz,DeLWmeZUyz,DeLWmeZUyz,DeLWmeZUyz,DeLWmeZUyz,DeLWmeZUyz,DeLWmeZUyz,DeLWmeZUyz
DeLWmeZUyz
DeLWmeZUyz,DeLWmeZUyz,DeLWmeZUyz,DeLWmeZUyz,DeLWmeZUyz,DeLWmeZUyz,DeLWmeZUyz,DeLWmeZUyz,DeLWmeZUyz,DeLWmeZUyz
DeLWmeZUyz,DeLWmeZUyz,DeLWmeZUyz,DeLWmeZUyz,DeLWmeZUyz,DeLWmeZUyz,DeLWmeZUyz,DeLWmeZUyz,DeLWmeZUyz,DeLWmeZUyz
DeLWmeZUyz
DeLWmeZUyz
DeLWmeZUyz,DeLWmeZUyz,DeLWmeZUyz,DeLWmeZUyz,DeLWmeZUyz,DeLWmeZUyz,DeLWmeZUyz,DeLWmeZUyz,DeLWmeZUyz,DeLWmeZUyz,DeLWmeZUyz
DeLWmeZUyz,DeLWmeZUyz,DeLWmeZUyz,DeLWmeZUyz,DeLWmeZUyz,DeLWmeZUyz,DeLWmeZUyz,DeLWmeZUyz,DeLWmeZUyz
DeLWmeZUyz,DeLWmeZUyz,DeLWmeZUyz,DeLWmeZUyz,DeLWmeZUyz,DeLWmeZUyz,DeLWmeZUyz,DeLWmeZUyz,DeLWmeZUyz
DeLWmeZUyz
DeLWmeZUyz
DeLWmeZUyz
DeLWmeZUyz
DeLWmeZUyz,DeLWmeZUyz,DeLWmeZUyz,DeLWmeZUyz,DeLWmeZUyz,DeLWmeZUyz,DeLWmeZUyz,DeLWmeZUyz,DeLWmeZUyz,DeLWmeZUyz,DeLWmeZUyz
DeLWmeZUyz
DeLWmeZUyz
DeLWmeZUyz
DeLWmeZUyz
DeLWmeZUyz
DeLWmeZUyz,DeLWmeZUyz,DeLWmeZUyz,DeLWmeZUyz,DeLWmeZUyz,DeLWmeZUyz,DeLWmeZUyz,DeLWmeZUyz,DeLWmeZUyz,DeLWmeZUyz,DeLWmeZUyz
DeLWmeZUyz
DeLWmeZUyz,DeLWmeZUyz,DeLWmeZUyz,DeLWmeZUyz,DeLWmeZUyz,DeLWmeZUyz,DeLWmeZUyz,DeLWmeZUyz,DeLWmeZUyz,DeLWmeZUyz,DeLWmeZUyz,DeLWmeZUyz
DeLWmeZUyz,DeLWmeZUyz,DeLWmeZUyz,DeLWmeZUyz,DeLWmeZUyz,DeLWmeZUyz,DeLWmeZUyz,DeLWmeZUyz,DeLWmeZUyz,DeLWmeZUyz,DeLWmeZUyz,DeLWmeZUyz
DeLWmeZUyz
DeLWmeZUyz,DeLWmeZUyz,DeLWmeZUyz,DeLWmeZUyz,DeLWmeZUyz,DeLWmeZUyz,DeLWmeZUyz,DeLWmeZUyz,DeLWmeZUyz,DeLWmeZUyz
DeLWmeZUyz,DeLWmeZUyz,DeLWmeZUyz,DeLWmeZUyz,DeLWmeZUyz,DeLWmeZUyz,DeLWmeZUyz,DeLWmeZUyz,DeLWmeZUyz,DeLWmeZUyz
DeLWmeZUyz
DeLWmeZUyz
DeLWmeZUyz
DeLWmeZUyz
DeLWmeZUyz,DeLWmeZUyz,DeLWmeZUyz,DeLWmeZUyz,DeLWmeZUyz,DeLWmeZUyz,DeLWmeZUyz,DeLWmeZUyz,DeLWmeZUyz,DeLWmeZUyz,DeLWmeZUyz
DeLWmeZUyz,DeLWmeZUyz,DeLWmeZUyz,DeLWmeZUyz,DeLWmeZUyz,DeLWmeZUyz,DeLWmeZUyz,DeLWmeZUyz,DeLWmeZUyz,DeLWmeZUyz
DeLWmeZUyz,DeLWmeZUyz,DeLWmeZUyz,DeLWmeZUyz,DeLWmeZUyz,DeLWmeZUyz,DeLWmeZUyz,DeLWmeZUyz,DeLWmeZUyz,DeLWmeZUyz
DeLWmeZUyz
DeLWmeZUyz
DeLWmeZUyz,DeLWmeZUyz,DeLWmeZUyz,DeLWmeZUyz,DeLWmeZUyz,DeLWmeZUyz,DeLWmeZUyz,DeLWmeZUyz,DeLWmeZUyz,DeLWmeZUyz,DeLWmeZUyz,DeLWmeZUyz
DeLWmeZUyz,DeLWmeZUyz,DeLWmeZUyz,DeLWmeZUyz,DeLWmeZUyz,DeLWmeZUyz,DeLWmeZUyz,DeLWmeZUyz,DeLWmeZUyz,DeLWmeZUyz,DeLWmeZUyz,DeLWmeZUyz
DeLWmeZUyz,DeLWmeZUyz,DeLWmeZUyz,DeLWmeZUyz,DeLWmeZUyz,DeLWmeZUyz,DeLWmeZUyz,DeLWmeZUyz,DeLWmeZUyz,DeLWmeZUyz,DeLWmeZUyz
DeLWmeZUyz
DeLWmeZUyz
DeLWmeZUyz,DeLWmeZUyz,DeLWmeZUyz,DeLWmeZUyz,DeLWmeZUyz,DeLWmeZUyz,DeLWmeZUyz,DeLWmeZUyz,DeLWmeZUyz,DeLWmeZUyz,DeLWmeZUyz,DeLWmeZUyz
DeLWmeZUyz
DeLWmeZUyz
DeLWmeZUyz,DeLWmeZUyz,DeLWmeZUyz,DeLWmeZUyz,DeLWmeZUyz,DeLWmeZUyz,DeLWmeZUyz,DeLWmeZUyz,DeLWmeZUyz,DeLWmeZUyz,DeLWmeZUyz
DeLWmeZUyz
DeLWmeZUyz,DeLWmeZUyz,DeLWmeZUyz,DeLWmeZUyz,DeLWmeZUyz,DeLWmeZUyz,DeLWmeZUyz,DeLWmeZUyz,DeLWmeZUyz,DeLWmeZUyz
DeLWmeZUyz
DeLWmeZUyz,DeLWmeZUyz,DeLWmeZUyz,DeLWmeZUyz,DeLWmeZUyz,DeLWmeZUyz,DeLWmeZUyz,DeLWmeZUyz,DeLWmeZUyz
DeLWmeZUyz,DeLWmeZUyz,DeLWmeZUyz,DeLWmeZUyz,DeLWmeZUyz,DeLWmeZUyz,DeLWmeZUyz,DeLWmeZUyz,DeLWmeZUyz
DeLWmeZUyz,DeLWmeZUyz,DeLWmeZUyz,DeLWmeZUyz,DeLWmeZUyz,DeLWmeZUyz,DeLWmeZUyz,DeLWmeZUyz,DeLWmeZUyz
DeLWmeZUyz
DeLWmeZUyz
DeLWmeZUyz,DeLWmeZUyz,DeLWmeZUyz,DeLWmeZUyz,DeLWmeZUyz,DeLWmeZUyz,DeLWmeZUyz,DeLWmeZUyz
DeLWmeZUyz,DeLWmeZUyz,DeLWmeZUyz,DeLWmeZUyz,DeLWmeZUyz,DeLWmeZUyz,DeLWmeZUyz,DeLWmeZUyz,DeLWmeZUyz
DeLWmeZUyz,DeLWmeZUyz,DeLWmeZUyz,DeLWmeZUyz,DeLWmeZUyz,DeLWmeZUyz,DeLWmeZUyz,DeLWmeZUyz,DeLWmeZUyz,DeLWmeZUyz
DeLWmeZUyz,DeLWmeZUyz,DeLWmeZUyz,DeLWmeZUyz,DeLWmeZUyz,DeLWmeZUyz,DeLWmeZUyz,DeLWmeZUyz,DeLWmeZUyz,DeLWmeZUyz
DeLWmeZUyz,DeLWmeZUyz,DeLWmeZUyz,DeLWmeZUyz,DeLWmeZUyz,DeLWmeZUyz,DeLWmeZUyz,DeLWmeZUyz,DeLWmeZUyz,DeLWmeZUyz,DeLWmeZUyz
DeLWmeZUyz
DeLWmeZUyz
DeLWmeZUyz
DeLWmeZUyz,DeLWmeZUyz,DeLWmeZUyz,DeLWmeZUyz,DeLWmeZUyz,DeLWmeZUyz,DeLWmeZUyz,DeLWmeZUyz,DeLWmeZUyz,DeLWmeZUyz,DeLWmeZUyz
DeLWmeZUyz,DeLWmeZUyz,DeLWmeZUyz,DeLWmeZUyz,DeLWmeZUyz,DeLWmeZUyz,DeLWmeZUyz,DeLWmeZUyz,DeLWmeZUyz,DeLWmeZUyz,DeLWmeZUyz,DeLWmeZUyz
Jedi Wagner, assuma o comando!