Toque! Toque, Dijê!
SLFDRKiGxy
SLFDRKiGxy
Toque! Toque, Dijê!
xJnemytGlv
xJnemytGlv
xJnemytGlv
xJnemytGlv
Toque! Toque, Dijê!
xJnemytGlv
xJnemytGlv
xJnemytGlv
xJnemytGlv,QISmDlAu
xJnemytGlv,QISmDlAu
xJnemytGlv,QISmDlAu,FE
Toque! Toque, Dijê!
[vazia]
[vazia]
[vazia]
Toque! Toque, Dijê!
SLFDRKiGxy
SLFDRKiGxy
xJnemytGlv
xJnemytGlv
xJnemytGlv,SLFDRKiGxy,QISmDlAu,xJnemytGlv
xJnemytGlv
xJnemytGlv,SLFDRKiGxy,QISmDlAu,xJnemytGlv
SLFDRKiGxy,QISmDlAu,xJnemytGlv
SLFDRKiGxy,QISmDlAu,xJnemytGlv,SaCN,QISmDlAu
QISmDlAu
QISmDlAu
QISmDlAu
QISmDlAu,xJnemytGlv,SaCN,QISmDlAu,xJnemytGlv,QISmDlAu
QISmDlAu,xJnemytGlv,SaCN,QISmDlAu,xJnemytGlv,QISmDlAu
QISmDlAu,xJnemytGlv,QISmDlAu,xJnemytGlv,QISmDlAu
SLFDRKiGxy,QISmDlAu,xJnemytGlv,QISmDlAu,xJnemytGlv,xJnemytGlv
QISmDlAu
SLFDRKiGxy,QISmDlAu,xJnemytGlv,QISmDlAu,xJnemytGlv,xJnemytGlv
QISmDlAu
SLFDRKiGxy,QISmDlAu,QISmDlAu,xJnemytGlv,xJnemytGlv,FE
QISmDlAu
xJnemytGlv
QISmDlAu,xJnemytGlv,QISmDlAu,xJnemytGlv,xJnemytGlv
QISmDlAu
QISmDlAu
QISmDlAu,xJnemytGlv,QISmDlAu,xJnemytGlv,xJnemytGlv,QISmDlAu
QISmDlAu
QISmDlAu,xJnemytGlv,QISmDlAu,xJnemytGlv,xJnemytGlv,QISmDlAu,SLFDRKiGxy
QISmDlAu,xJnemytGlv,QISmDlAu,xJnemytGlv,xJnemytGlv,QISmDlAu,SLFDRKiGxy
QISmDlAu
xJnemytGlv,QISmDlAu,xJnemytGlv,xJnemytGlv,QISmDlAu,SLFDRKiGxy
QISmDlAu
QISmDlAu,xJnemytGlv,QISmDlAu,xJnemytGlv,xJnemytGlv
QISmDlAu,xJnemytGlv,QISmDlAu,xJnemytGlv,xJnemytGlv,SaCN,FE
QISmDlAu
xJnemytGlv,QISmDlAu,QISmDlAu,xJnemytGlv,xJnemytGlv,SaCN,FE,SLFDRKiGxy,FE
QISmDlAu
xJnemytGlv,QISmDlAu,SaCN,QISmDlAu,xJnemytGlv,xJnemytGlv,FE,SLFDRKiGxy,FE
SLFDRKiGxy
SLFDRKiGxy
SLFDRKiGxy
SLFDRKiGxy
SaCN
SaCN
QISmDlAu
SLFDRKiGxy
SLFDRKiGxy
SLFDRKiGxy
FE,QISmDlAu,xJnemytGlv,SLFDRKiGxy,FE,QISmDlAu,FE
xJnemytGlv
FE,QISmDlAu,SLFDRKiGxy,xJnemytGlv,QISmDlAu,FE,QISmDlAu,FE
QISmDlAu
FE,QISmDlAu,SLFDRKiGxy,QISmDlAu,xJnemytGlv,FE,QISmDlAu,FE,SLFDRKiGxy,FE
FE,QISmDlAu,QISmDlAu,xJnemytGlv,FE,QISmDlAu,FE,SLFDRKiGxy,FE,FE
xJnemytGlv
QISmDlAu,QISmDlAu,SLFDRKiGxy,xJnemytGlv,FE,QISmDlAu,FE
QISmDlAu,QISmDlAu,xJnemytGlv,FE,QISmDlAu,FE,FE
xJnemytGlv
xJnemytGlv
xJnemytGlv
QISmDlAu,QISmDlAu,SLFDRKiGxy,xJnemytGlv,FE,QISmDlAu,FE,SaCN
SLFDRKiGxy
SLFDRKiGxy
QISmDlAu,xJnemytGlv,SLFDRKiGxy,FE,QISmDlAu,FE,SaCN
QISmDlAu,xJnemytGlv,SLFDRKiGxy,FE,QISmDlAu,FE,SaCN
SLFDRKiGxy
SLFDRKiGxy
xJnemytGlv
QISmDlAu,FE,QISmDlAu,xJnemytGlv,SLFDRKiGxy,FE,QISmDlAu,FE
SLFDRKiGxy
QISmDlAu,QISmDlAu,xJnemytGlv,SLFDRKiGxy,FE,QISmDlAu,FE,xJnemytGlv
FE
QISmDlAu,QISmDlAu,xJnemytGlv,FE,QISmDlAu,FE,SLFDRKiGxy,xJnemytGlv
QISmDlAu,QISmDlAu,xJnemytGlv,FE,QISmDlAu,FE,SLFDRKiGxy,xJnemytGlv,SLFDRKiGxy
SLFDRKiGxy
Jedi Wagner, assuma o comando!