tR,tR
tR,tR,QzsLxWmA,QzsLxWmA
Toque! Toque, Dijê!
Toque! Toque, Dijê!
[vazia]
QzsLxWmA
QzsLxWmA
tR
tR,QzsLxWmA
tR
tR
tR,QzsLxWmA
[vazia]
[vazia]
tR
QzsLxWmA
QzsLxWmA
Toque! Toque, Dijê!
tR,tR
tR
Toque! Toque, Dijê!
[vazia]
tR
tR
QzsLxWmA
Toque! Toque, Dijê!
[vazia]
[vazia]
[vazia]
[vazia]
[vazia]
QzsLxWmA
QzsLxWmA
Toque! Toque, Dijê!
[vazia]
Toque! Toque, Dijê!
[vazia]
tR
tR
tR
tR,QzsLxWmA,QzsLxWmA
tR,QzsLxWmA,QzsLxWmA
tR
tR
tR
tR
QzsLxWmA
QzsLxWmA,QzsLxWmA,QzsLxWmA
QzsLxWmA
tR
tR
QzsLxWmA,tR,tR
tR,QzsLxWmA,tR
tR,QzsLxWmA,tR
tR,QzsLxWmA,tR
QzsLxWmA,tR,tR
tR,QzsLxWmA,tR
Jedi Wagner, assuma o comando!