xckJwfRBAb,IGELo
xckJwfRBAb
xckJwfRBAb
xckJwfRBAb
xckJwfRBAb
xckJwfRBAb,IGELo,Z
xckJwfRBAb
L
Z
xckJwfRBAb,IGELo,L,Z,Z,iqz,EabgxDq,hOPTIXFFlZ
xckJwfRBAb,IGELo,L,Z,Z,iqz,EabgxDq,hOPTIXFFlZ
Z
xckJwfRBAb,IGELo,L,Z,Z,iqz,EabgxDq,iqz
xckJwfRBAb,L,iqz,EabgxDq,iqz
xckJwfRBAb,L,iqz,EabgxDq,iqz
xckJwfRBAb,IGELo,L,Z,iqz,EabgxDq,iqz,Z
xckJwfRBAb,IGELo,L,Z,iqz,EabgxDq,iqz,Z,Z
Z
xckJwfRBAb,IGELo,L,Z,iqz,EabgxDq,iqz,Z,Z
xckJwfRBAb,IGELo,L,EabgxDq,Z,iqz,iqz,Z,Z
xckJwfRBAb,IGELo,L,EabgxDq,Z,iqz,iqz,Z,Z,xckJwfRBAb
EabgxDq
EabgxDq
EabgxDq
EabgxDq
iqz
EabgxDq
EabgxDq
IGELo,iqz,EabgxDq,Z,iqz,Z,Z,Z
iqz,EabgxDq,IGELo,Z,iqz,Z,Z,Z
EabgxDq
EabgxDq
iqz,IGELo,EabgxDq,iqz,Z,Z,Z,Z,IGELo
EabgxDq
iqz,IGELo,EabgxDq,iqz,Z,Z,Z,Z,IGELo
iqz,IGELo,EabgxDq,iqz,Z,Z,Z,Z,IGELo
iqz,IGELo,EabgxDq,iqz,Z,Z,Z,Z,IGELo
EabgxDq
iqz,EabgxDq,iqz,Z,Z,Z,IGELo,Z,IGELo,IGELo
IGELo
EabgxDq,iqz,Z,Z,Z,IGELo,Z,IGELo,IGELo,iqz,EabgxDq,OGbXZlkI
EabgxDq,iqz,Z,Z,Z,IGELo,Z,IGELo,IGELo,iqz,EabgxDq,OGbXZlkI
EabgxDq
EabgxDq,iqz,Z,Z,Z,IGELo,Z,IGELo,IGELo,iqz,EabgxDq,OGbXZlkI,EabgxDq,Z
EabgxDq
EabgxDq,iqz,Z,Z,Z,IGELo,Z,IGELo,IGELo,iqz,EabgxDq,OGbXZlkI
EabgxDq,iqz,Z,Z,Z,IGELo,Z,IGELo,IGELo,iqz,EabgxDq,OGbXZlkI
EabgxDq,iqz,Z,Z,Z,IGELo,Z,IGELo,IGELo,iqz,EabgxDq,OGbXZlkI
EabgxDq
EabgxDq
EabgxDq,iqz,Z,Z,Z,Z,IGELo,IGELo,iqz,EabgxDq,IGELo,OGbXZlkI
IGELo
EabgxDq
EabgxDq
EabgxDq
EabgxDq
OGbXZlkI
iqz,EabgxDq,Z,Z,Z,Z,IGELo,iqz,EabgxDq,OGbXZlkI,IGELo,qBFB
EabgxDq
iqz,Z,EabgxDq,Z,Z,Z,IGELo,iqz,EabgxDq,OGbXZlkI,IGELo
iqz,Z,EabgxDq,Z,Z,Z,IGELo,iqz,EabgxDq,OGbXZlkI,IGELo,xckJwfRBAb
Z
iqz,Z,EabgxDq,Z,Z,Z,IGELo,iqz,EabgxDq,OGbXZlkI,IGELo,xckJwfRBAb,IGELo
Z,iqz,EabgxDq,Z,Z,Z,IGELo,iqz,EabgxDq,IGELo,xckJwfRBAb,IGELo
Z
Z,iqz,EabgxDq,Z,Z,Z,IGELo,iqz,EabgxDq,IGELo,IGELo,xckJwfRBAb,iqz
Z,iqz,EabgxDq,Z,Z,Z,IGELo,iqz,EabgxDq,IGELo,IGELo,xckJwfRBAb,iqz
Z,iqz,EabgxDq,Z,Z,Z,IGELo,iqz,EabgxDq,IGELo,IGELo,xckJwfRBAb,iqz
Z
Z,iqz,EabgxDq,Z,Z,Z,IGELo,iqz,EabgxDq,IGELo,IGELo,xckJwfRBAb,iqz
Z,iqz,EabgxDq,Z,Z,Z,IGELo,iqz,EabgxDq,IGELo,IGELo,xckJwfRBAb,iqz
EabgxDq
EabgxDq,Z,iqz,Z,Z,Z,IGELo,iqz,EabgxDq,IGELo,xckJwfRBAb,IGELo,xckJwfRBAb
iqz
iqz
iqz
iqz
Z
Jedi Wagner, assuma o comando!