[vazia]
xnxMpeBPHp
xnxMpeBPHp,pAHoqU,Aik
xnxMpeBPHp,pAHoqU,Aik
xnxMpeBPHp
xnxMpeBPHp
pAHoqU,Aik
pAHoqU
xnxMpeBPHp,pAHoqU
pAHoqU
pAHoqU
pAHoqU
pAHoqU
pAHoqU
pAHoqU
xnxMpeBPHp,pAHoqU
pAHoqU
xnxMpeBPHp,pAHoqU
xnxMpeBPHp,pAHoqU
xnxMpeBPHp
xnxMpeBPHp
[vazia]
[vazia]
pAHoqU
pAHoqU
pAHoqU
pAHoqU
pAHoqU,xnxMpeBPHp
pAHoqU,xnxMpeBPHp
pAHoqU,xnxMpeBPHp
pAHoqU,xnxMpeBPHp
pAHoqU
pAHoqU
pAHoqU,xnxMpeBPHp,Aik
pAHoqU,xnxMpeBPHp,Aik,Aik
pAHoqU
xnxMpeBPHp
xnxMpeBPHp,pAHoqU
xnxMpeBPHp
xnxMpeBPHp
xnxMpeBPHp
xnxMpeBPHp,xnxMpeBPHp
xnxMpeBPHp,xnxMpeBPHp
xnxMpeBPHp
xnxMpeBPHp
xnxMpeBPHp
xnxMpeBPHp
xnxMpeBPHp
xnxMpeBPHp
xnxMpeBPHp,xnxMpeBPHp
xnxMpeBPHp
xnxMpeBPHp
xnxMpeBPHp,xnxMpeBPHp
xnxMpeBPHp
xnxMpeBPHp,xnxMpeBPHp,pAHoqU
pAHoqU
Aik,xnxMpeBPHp,xnxMpeBPHp
Aik
xnxMpeBPHp,xnxMpeBPHp
xnxMpeBPHp
xnxMpeBPHp
xnxMpeBPHp
xnxMpeBPHp
xnxMpeBPHp,xnxMpeBPHp
xnxMpeBPHp,xnxMpeBPHp,xnxMpeBPHp
xnxMpeBPHp,xnxMpeBPHp,xnxMpeBPHp
xnxMpeBPHp,xnxMpeBPHp
xnxMpeBPHp,xnxMpeBPHp
xnxMpeBPHp,Aik,xnxMpeBPHp,Aik,Aik
xnxMpeBPHp,Aik,xnxMpeBPHp,Aik,Aik,xnxMpeBPHp,Aik
xnxMpeBPHp
xnxMpeBPHp
xnxMpeBPHp
xnxMpeBPHp
xnxMpeBPHp,Aik,xnxMpeBPHp,Aik,Aik,xnxMpeBPHp,Aik,xnxMpeBPHp
xnxMpeBPHp
xnxMpeBPHp,xnxMpeBPHp
xnxMpeBPHp
xnxMpeBPHp,pAHoqU,xnxMpeBPHp,Aik
xnxMpeBPHp,xnxMpeBPHp,Aik,Aik
xnxMpeBPHp,xnxMpeBPHp,xnxMpeBPHp
xnxMpeBPHp
xnxMpeBPHp
xnxMpeBPHp
xnxMpeBPHp,xnxMpeBPHp,xnxMpeBPHp,Aik
xnxMpeBPHp,xnxMpeBPHp,xnxMpeBPHp,Aik
xnxMpeBPHp
xnxMpeBPHp
Aik,xnxMpeBPHp,xnxMpeBPHp,xnxMpeBPHp,Aik
Aik
Aik,xnxMpeBPHp,xnxMpeBPHp,xnxMpeBPHp,Aik
Aik,xnxMpeBPHp,xnxMpeBPHp,xnxMpeBPHp,Aik
xnxMpeBPHp
xnxMpeBPHp,xnxMpeBPHp,xnxMpeBPHp,Aik
xnxMpeBPHp,xnxMpeBPHp,xnxMpeBPHp,Aik
xnxMpeBPHp
xnxMpeBPHp,xnxMpeBPHp,xnxMpeBPHp,Aik,Aik
xnxMpeBPHp,Aik,xnxMpeBPHp,xnxMpeBPHp,Aik
Aik
Aik
xnxMpeBPHp,xnxMpeBPHp,Aik,xnxMpeBPHp,Aik,Aik,xnxMpeBPHp,Aik
Aik
xnxMpeBPHp,xnxMpeBPHp,Aik,xnxMpeBPHp,Aik,Aik,xnxMpeBPHp,Aik,pAHoqU
Aik
Aik
xnxMpeBPHp,xnxMpeBPHp,Aik,xnxMpeBPHp,Aik,Aik,xnxMpeBPHp,Aik,pAHoqU
Aik
Aik
xnxMpeBPHp
xnxMpeBPHp
xnxMpeBPHp
xnxMpeBPHp
Aik
Aik
xnxMpeBPHp,xnxMpeBPHp,xnxMpeBPHp,Aik,Aik,xnxMpeBPHp,Aik
xnxMpeBPHp,xnxMpeBPHp,xnxMpeBPHp,Aik,Aik,xnxMpeBPHp,Aik
xnxMpeBPHp,xnxMpeBPHp,Aik,xnxMpeBPHp,Aik,Aik,xnxMpeBPHp,Aik
xnxMpeBPHp,xnxMpeBPHp,Aik,xnxMpeBPHp,Aik,Aik,xnxMpeBPHp,Aik
Aik
Aik
xnxMpeBPHp,Aik,xnxMpeBPHp,Aik,xnxMpeBPHp,Aik
xnxMpeBPHp
Jedi Wagner, assuma o comando!