[vazia]
VinukYfYrd
VinukYfYrd
VinukYfYrd,DLV
[vazia]
[vazia]
[vazia]
Toque! Toque, Dijê!
Toque! Toque, Dijê!
LHOnMGcoX
[vazia]
Toque! Toque, Dijê!
Toque! Toque, Dijê!
Toque! Toque, Dijê!
[vazia]
IfcggSeofy,VinukYfYrd
IfcggSeofy,VinukYfYrd
IfcggSeofy
IfcggSeofy,VinukYfYrd
IfcggSeofy,VinukYfYrd,VinukYfYrd
IfcggSeofy
IfcggSeofy,VinukYfYrd,VinukYfYrd
[vazia]
[vazia]
[vazia]
[vazia]
Toque! Toque, Dijê!
Toque! Toque, Dijê!
[vazia]
Toque! Toque, Dijê!
Toque! Toque, Dijê!
[vazia]
Toque! Toque, Dijê!
Toque! Toque, Dijê!
Sk
Jedi Wagner, assuma o comando!