JxrxdD,JxrxdD
ddnCP
ddnCP,JxrxdD,JxrxdD,ddnCP,ddnCP
JxrxdD
JxrxdD,ddnCP,ddnCP,JxrxdD,ddnCP,ddnCP
ddnCP,JxrxdD,ddnCP,JxrxdD,ddnCP,ddnCP,ddnCP,JxrxdD,ddnCP
ddnCP,JxrxdD,ddnCP,JxrxdD,ddnCP,ddnCP,ddnCP,JxrxdD,JxrxdD
ddnCP,JxrxdD,ddnCP,JxrxdD,ddnCP,ddnCP,ddnCP,JxrxdD,JxrxdD,JxrxdD,JxrxdD
ddnCP
ddnCP,JxrxdD,ddnCP,JxrxdD,ddnCP,ddnCP,ddnCP,JxrxdD,JxrxdD,JxrxdD,JxrxdD
JxrxdD
JxrxdD
JxrxdD
JxrxdD
ddnCP,ddnCP,JxrxdD,ddnCP,ddnCP,ddnCP,JxrxdD,JxrxdD,JxrxdD,JxrxdD
ddnCP,ddnCP,JxrxdD,ddnCP,ddnCP,ddnCP,JxrxdD,JxrxdD,JxrxdD,JxrxdD
ddnCP
ddnCP
ddnCP,ddnCP,JxrxdD,ddnCP,ddnCP,ddnCP,JxrxdD,JxrxdD,JxrxdD,JxrxdD
ddnCP,ddnCP,JxrxdD,ddnCP,ddnCP,ddnCP,JxrxdD,JxrxdD,JxrxdD,JxrxdD
ddnCP,ddnCP,JxrxdD,ddnCP,ddnCP,ddnCP,JxrxdD,JxrxdD,JxrxdD,JxrxdD
ddnCP
JxrxdD,ddnCP,JxrxdD,ddnCP,ddnCP,JxrxdD,JxrxdD,JxrxdD,JxrxdD
JxrxdD
JxrxdD
JxrxdD
JxrxdD,ddnCP,JxrxdD,ddnCP,ddnCP,JxrxdD,JxrxdD,JxrxdD,JxrxdD
JxrxdD
JxrxdD
JxrxdD
ddnCP,JxrxdD,ddnCP,JxrxdD,ddnCP,ddnCP,ddnCP,JxrxdD,JxrxdD,JxrxdD,JxrxdD
ddnCP,JxrxdD,ddnCP,JxrxdD,ddnCP,ddnCP,ddnCP,JxrxdD,JxrxdD,JxrxdD,JxrxdD
JxrxdD,ddnCP,ddnCP,JxrxdD,ddnCP,ddnCP,ddnCP,JxrxdD,JxrxdD,JxrxdD,JxrxdD,JxrxdD
ddnCP
ddnCP
JxrxdD,ddnCP,ddnCP,JxrxdD,ddnCP,ddnCP,ddnCP,JxrxdD,JxrxdD,JxrxdD,JxrxdD,JxrxdD,ddnCP
ddnCP
JxrxdD
JxrxdD
JxrxdD
JxrxdD,ddnCP,ddnCP,JxrxdD,ddnCP,ddnCP,ddnCP,JxrxdD,JxrxdD,JxrxdD,JxrxdD,JxrxdD,ddnCP,ddnCP
JxrxdD
JxrxdD
ddnCP
JxrxdD,ddnCP,ddnCP,ddnCP,ddnCP,JxrxdD,JxrxdD,JxrxdD,JxrxdD,JxrxdD,ddnCP,ddnCP,ddnCP,JxrxdD
JxrxdD,ddnCP,ddnCP,ddnCP,ddnCP,JxrxdD,JxrxdD,JxrxdD,JxrxdD,JxrxdD,ddnCP,ddnCP,ddnCP,JxrxdD
JxrxdD,ddnCP,ddnCP,ddnCP,ddnCP,JxrxdD,JxrxdD,JxrxdD,JxrxdD,JxrxdD,ddnCP,ddnCP,ddnCP,JxrxdD
ddnCP
JxrxdD,ddnCP,ddnCP,ddnCP,ddnCP,JxrxdD,JxrxdD,JxrxdD,JxrxdD,JxrxdD,ddnCP,ddnCP,ddnCP,JxrxdD
ddnCP
ddnCP,JxrxdD,ddnCP,ddnCP,ddnCP,JxrxdD,JxrxdD,JxrxdD,JxrxdD,ddnCP,ddnCP,ddnCP,JxrxdD,JxrxdD
ddnCP,ddnCP,ddnCP,ddnCP,JxrxdD,JxrxdD,JxrxdD,JxrxdD,ddnCP,ddnCP,ddnCP,JxrxdD,JxrxdD,JxrxdD
ddnCP,ddnCP,ddnCP,ddnCP,JxrxdD,JxrxdD,JxrxdD,JxrxdD,ddnCP,ddnCP,ddnCP,JxrxdD,JxrxdD,JxrxdD,ddnCP
ddnCP,ddnCP,ddnCP,ddnCP,JxrxdD,JxrxdD,JxrxdD,JxrxdD,ddnCP,ddnCP,ddnCP,JxrxdD,JxrxdD,JxrxdD,ddnCP
ddnCP
ddnCP
ddnCP
ddnCP,ddnCP,ddnCP,JxrxdD,JxrxdD,JxrxdD,JxrxdD,ddnCP,ddnCP,ddnCP,JxrxdD,JxrxdD,JxrxdD,ddnCP,ddnCP,ddnCP
ddnCP
ddnCP,JxrxdD,JxrxdD,ddnCP,JxrxdD,JxrxdD,ddnCP,ddnCP,ddnCP,JxrxdD,JxrxdD,JxrxdD,ddnCP,ddnCP,ddnCP
ddnCP
ddnCP,ddnCP,JxrxdD,JxrxdD,ddnCP,JxrxdD,JxrxdD,ddnCP,ddnCP,ddnCP,JxrxdD,JxrxdD,JxrxdD,ddnCP,ddnCP,ddnCP
ddnCP
JxrxdD,JxrxdD,ddnCP,JxrxdD,JxrxdD,ddnCP,ddnCP,ddnCP,JxrxdD,JxrxdD,JxrxdD,ddnCP,ddnCP,ddnCP
JxrxdD
JxrxdD,JxrxdD,ddnCP,JxrxdD,JxrxdD,ddnCP,ddnCP,JxrxdD,JxrxdD,JxrxdD,ddnCP,ddnCP,ddnCP
ddnCP
JxrxdD,ddnCP,JxrxdD,JxrxdD,ddnCP,ddnCP,JxrxdD,JxrxdD,JxrxdD,ddnCP,ddnCP,ddnCP
ddnCP
ddnCP
ddnCP
ddnCP,JxrxdD,JxrxdD,ddnCP,ddnCP,JxrxdD,JxrxdD,JxrxdD,ddnCP,ddnCP,ddnCP,JxrxdD,ddnCP,ddnCP,JxrxdD
ddnCP,JxrxdD,JxrxdD,ddnCP,ddnCP,JxrxdD,JxrxdD,JxrxdD,ddnCP,ddnCP,ddnCP,JxrxdD,ddnCP,ddnCP,JxrxdD,JxrxdD
ddnCP,JxrxdD,JxrxdD,ddnCP,ddnCP,JxrxdD,JxrxdD,JxrxdD,ddnCP,ddnCP,ddnCP,JxrxdD,ddnCP,ddnCP,JxrxdD,JxrxdD
JxrxdD,JxrxdD,ddnCP,ddnCP,JxrxdD,JxrxdD,JxrxdD,ddnCP,ddnCP,ddnCP,JxrxdD,ddnCP,ddnCP,JxrxdD,JxrxdD
JxrxdD
JxrxdD
JxrxdD
JxrxdD
JxrxdD
JxrxdD,JxrxdD,ddnCP,JxrxdD,JxrxdD,JxrxdD,ddnCP,ddnCP,ddnCP,JxrxdD,ddnCP,ddnCP,JxrxdD,JxrxdD
ddnCP
ddnCP,JxrxdD,JxrxdD,JxrxdD,JxrxdD,JxrxdD,ddnCP,ddnCP,ddnCP,JxrxdD,ddnCP,ddnCP,JxrxdD,JxrxdD
ddnCP,JxrxdD,JxrxdD,JxrxdD,JxrxdD,JxrxdD,ddnCP,ddnCP,ddnCP,JxrxdD,ddnCP,ddnCP,JxrxdD,JxrxdD
ddnCP,JxrxdD,JxrxdD,JxrxdD,JxrxdD,JxrxdD,ddnCP,ddnCP,ddnCP,JxrxdD,ddnCP,ddnCP,JxrxdD,JxrxdD
ddnCP,JxrxdD,JxrxdD,JxrxdD,JxrxdD,JxrxdD,ddnCP,ddnCP,ddnCP,JxrxdD,ddnCP,ddnCP,JxrxdD,JxrxdD
JxrxdD,ddnCP,JxrxdD,JxrxdD,JxrxdD,JxrxdD,ddnCP,ddnCP,ddnCP,JxrxdD,ddnCP,ddnCP,JxrxdD,JxrxdD
ddnCP,JxrxdD,JxrxdD,JxrxdD,JxrxdD,JxrxdD,ddnCP,ddnCP,ddnCP,JxrxdD,ddnCP,ddnCP,JxrxdD,JxrxdD
ddnCP
JxrxdD
JxrxdD,JxrxdD,JxrxdD,JxrxdD,JxrxdD,ddnCP,ddnCP,JxrxdD,ddnCP,ddnCP,JxrxdD,JxrxdD,JxrxdD
JxrxdD,JxrxdD,JxrxdD,JxrxdD,JxrxdD,ddnCP,JxrxdD,ddnCP,ddnCP,JxrxdD,JxrxdD,JxrxdD,JxrxdD
JxrxdD
JxrxdD,JxrxdD,JxrxdD,JxrxdD,ddnCP,JxrxdD,JxrxdD,ddnCP,ddnCP,JxrxdD,JxrxdD,JxrxdD,JxrxdD,ddnCP
JxrxdD
JxrxdD
JxrxdD,JxrxdD,JxrxdD,ddnCP,JxrxdD,JxrxdD,ddnCP,ddnCP,JxrxdD,JxrxdD,JxrxdD,JxrxdD,ddnCP
JxrxdD,JxrxdD,JxrxdD,ddnCP,JxrxdD,JxrxdD,ddnCP,ddnCP,JxrxdD,JxrxdD,JxrxdD,JxrxdD,ddnCP
JxrxdD
JxrxdD,ddnCP,JxrxdD,JxrxdD,ddnCP,ddnCP,JxrxdD,JxrxdD,JxrxdD,JxrxdD,ddnCP,JxrxdD
JxrxdD
JxrxdD,JxrxdD,JxrxdD,ddnCP,ddnCP,ddnCP,JxrxdD,JxrxdD,JxrxdD,JxrxdD,ddnCP
ddnCP
JxrxdD
JxrxdD
JxrxdD,ddnCP,JxrxdD,ddnCP,ddnCP,JxrxdD,JxrxdD,JxrxdD,JxrxdD,ddnCP,JxrxdD,JxrxdD,JxrxdD
JxrxdD
ddnCP
JxrxdD,ddnCP,JxrxdD,JxrxdD,JxrxdD,JxrxdD,JxrxdD,JxrxdD,ddnCP,ddnCP,JxrxdD
JxrxdD
ddnCP,JxrxdD,JxrxdD,JxrxdD,JxrxdD,JxrxdD,ddnCP,ddnCP,JxrxdD
JxrxdD
JxrxdD
JxrxdD,JxrxdD,JxrxdD,JxrxdD,JxrxdD,JxrxdD,JxrxdD,ddnCP,ddnCP,JxrxdD,ddnCP
JxrxdD,JxrxdD,JxrxdD,JxrxdD,JxrxdD,JxrxdD,JxrxdD,ddnCP,ddnCP,JxrxdD,ddnCP,ddnCP,JxrxdD
JxrxdD
JxrxdD
JxrxdD,JxrxdD,JxrxdD,JxrxdD,JxrxdD,JxrxdD,JxrxdD,ddnCP,ddnCP,JxrxdD,ddnCP,ddnCP,JxrxdD
JxrxdD
JxrxdD,JxrxdD,JxrxdD,JxrxdD,JxrxdD,JxrxdD,JxrxdD,ddnCP,ddnCP,JxrxdD,JxrxdD
JxrxdD
JxrxdD,JxrxdD,JxrxdD,JxrxdD,JxrxdD,JxrxdD,JxrxdD,ddnCP,JxrxdD,JxrxdD,ddnCP,ddnCP
JxrxdD
JxrxdD
JxrxdD,JxrxdD,JxrxdD,JxrxdD,JxrxdD,JxrxdD,JxrxdD,ddnCP,JxrxdD,JxrxdD,ddnCP,ddnCP,JxrxdD
JxrxdD
JxrxdD
JxrxdD
JxrxdD
ddnCP
ddnCP
JxrxdD,JxrxdD,JxrxdD,JxrxdD,JxrxdD,ddnCP,JxrxdD,JxrxdD,ddnCP,ddnCP,JxrxdD,ddnCP,JxrxdD
JxrxdD,JxrxdD,JxrxdD,JxrxdD,JxrxdD,JxrxdD,JxrxdD,ddnCP,ddnCP,JxrxdD,ddnCP,JxrxdD
JxrxdD
JxrxdD
JxrxdD
JxrxdD,JxrxdD,JxrxdD,JxrxdD,JxrxdD,JxrxdD,JxrxdD,ddnCP,JxrxdD
JxrxdD,JxrxdD,JxrxdD,JxrxdD,JxrxdD,JxrxdD,JxrxdD,ddnCP,JxrxdD
JxrxdD,JxrxdD,JxrxdD,JxrxdD,JxrxdD,JxrxdD,JxrxdD,ddnCP,JxrxdD,JxrxdD
JxrxdD,JxrxdD,JxrxdD,JxrxdD,JxrxdD,ddnCP,JxrxdD,JxrxdD,ddnCP,ddnCP,JxrxdD,ddnCP,JxrxdD
JxrxdD,JxrxdD,JxrxdD,JxrxdD,JxrxdD,JxrxdD,JxrxdD,ddnCP,ddnCP,JxrxdD,ddnCP,JxrxdD,JxrxdD
JxrxdD,JxrxdD,JxrxdD,JxrxdD,ddnCP,JxrxdD,JxrxdD,JxrxdD,ddnCP,JxrxdD,ddnCP,JxrxdD,JxrxdD
JxrxdD
JxrxdD
JxrxdD,JxrxdD,JxrxdD,JxrxdD,JxrxdD,JxrxdD,JxrxdD,ddnCP,ddnCP,JxrxdD,ddnCP,JxrxdD,JxrxdD
JxrxdD
JxrxdD,JxrxdD,JxrxdD,JxrxdD,JxrxdD,JxrxdD,JxrxdD,ddnCP,JxrxdD,ddnCP,JxrxdD,JxrxdD,JxrxdD
JxrxdD,JxrxdD,JxrxdD,JxrxdD,JxrxdD,JxrxdD,JxrxdD,ddnCP,JxrxdD,ddnCP,JxrxdD,JxrxdD,JxrxdD
JxrxdD
JxrxdD
JxrxdD
JxrxdD,JxrxdD,JxrxdD,JxrxdD,JxrxdD,JxrxdD,JxrxdD,JxrxdD,ddnCP,JxrxdD,JxrxdD,JxrxdD,JxrxdD
JxrxdD,JxrxdD,JxrxdD,JxrxdD,ddnCP,JxrxdD,JxrxdD,JxrxdD,JxrxdD,JxrxdD,JxrxdD,JxrxdD,JxrxdD,JxrxdD
ddnCP
JxrxdD,JxrxdD,JxrxdD,JxrxdD,ddnCP,JxrxdD,JxrxdD,JxrxdD,JxrxdD,JxrxdD,JxrxdD,JxrxdD,JxrxdD,JxrxdD
JxrxdD,JxrxdD,JxrxdD,JxrxdD,ddnCP,JxrxdD,JxrxdD,JxrxdD,JxrxdD,JxrxdD,JxrxdD,JxrxdD,JxrxdD,JxrxdD
ddnCP
ddnCP
ddnCP
ddnCP
JxrxdD,JxrxdD,JxrxdD,JxrxdD,ddnCP,JxrxdD,JxrxdD,JxrxdD,JxrxdD,JxrxdD,JxrxdD,JxrxdD,JxrxdD,JxrxdD
ddnCP
ddnCP
ddnCP
JxrxdD,JxrxdD,JxrxdD,JxrxdD,ddnCP,JxrxdD,JxrxdD,JxrxdD,JxrxdD,JxrxdD,JxrxdD,JxrxdD,JxrxdD,JxrxdD,JxrxdD
JxrxdD,JxrxdD,JxrxdD,JxrxdD,JxrxdD,JxrxdD,JxrxdD,ddnCP,JxrxdD,ddnCP,JxrxdD,JxrxdD,JxrxdD
JxrxdD
JxrxdD
ddnCP
ddnCP
JxrxdD,JxrxdD,JxrxdD,JxrxdD,ddnCP,JxrxdD,JxrxdD,JxrxdD,JxrxdD,JxrxdD,JxrxdD,JxrxdD,JxrxdD
JxrxdD,JxrxdD,JxrxdD,JxrxdD,ddnCP,JxrxdD,JxrxdD,JxrxdD,JxrxdD,JxrxdD,JxrxdD,JxrxdD,JxrxdD
JxrxdD,JxrxdD,JxrxdD,JxrxdD,ddnCP,JxrxdD,JxrxdD,JxrxdD,JxrxdD,JxrxdD,JxrxdD,JxrxdD,JxrxdD
JxrxdD
JxrxdD
JxrxdD,JxrxdD,JxrxdD,JxrxdD,JxrxdD,JxrxdD,JxrxdD,JxrxdD,JxrxdD,JxrxdD,JxrxdD,ddnCP
JxrxdD
JxrxdD
JxrxdD,JxrxdD,JxrxdD,JxrxdD,JxrxdD,JxrxdD,JxrxdD,JxrxdD,JxrxdD,JxrxdD,JxrxdD,ddnCP
JxrxdD,JxrxdD,JxrxdD,JxrxdD,JxrxdD,JxrxdD,JxrxdD,JxrxdD,ddnCP,JxrxdD,JxrxdD,JxrxdD,JxrxdD,ddnCP
JxrxdD
JxrxdD,JxrxdD,JxrxdD,JxrxdD,JxrxdD,JxrxdD,JxrxdD,JxrxdD,JxrxdD,JxrxdD,JxrxdD,JxrxdD,JxrxdD
JxrxdD,JxrxdD,JxrxdD,JxrxdD,JxrxdD,JxrxdD,JxrxdD,JxrxdD,JxrxdD,JxrxdD,JxrxdD,JxrxdD,JxrxdD
JxrxdD,JxrxdD,JxrxdD,JxrxdD,JxrxdD,JxrxdD,JxrxdD,JxrxdD,JxrxdD,JxrxdD,JxrxdD,JxrxdD,JxrxdD
JxrxdD,JxrxdD,JxrxdD,JxrxdD,JxrxdD,JxrxdD,JxrxdD,JxrxdD,JxrxdD,JxrxdD,JxrxdD,JxrxdD
JxrxdD
JxrxdD,JxrxdD,JxrxdD,JxrxdD,JxrxdD,JxrxdD,JxrxdD,JxrxdD,JxrxdD,JxrxdD,JxrxdD,JxrxdD,JxrxdD,JxrxdD,JxrxdD
JxrxdD
JxrxdD
JxrxdD
JxrxdD
JxrxdD,JxrxdD,JxrxdD,JxrxdD,JxrxdD,JxrxdD,JxrxdD,JxrxdD,JxrxdD,JxrxdD,JxrxdD,JxrxdD,JxrxdD
JxrxdD
JxrxdD,JxrxdD,JxrxdD,JxrxdD,JxrxdD,JxrxdD,JxrxdD,JxrxdD,JxrxdD,JxrxdD,JxrxdD,JxrxdD,JxrxdD
JxrxdD
JxrxdD,JxrxdD,JxrxdD,JxrxdD,JxrxdD,JxrxdD,JxrxdD,JxrxdD,JxrxdD,JxrxdD,JxrxdD,JxrxdD,JxrxdD,ddnCP
JxrxdD,JxrxdD,JxrxdD,JxrxdD,JxrxdD,JxrxdD,JxrxdD,JxrxdD,JxrxdD,JxrxdD,JxrxdD,JxrxdD,JxrxdD
JxrxdD,JxrxdD,JxrxdD,JxrxdD,JxrxdD,JxrxdD,JxrxdD,JxrxdD,JxrxdD,JxrxdD,JxrxdD,JxrxdD,JxrxdD
JxrxdD
JxrxdD,JxrxdD,JxrxdD,JxrxdD,JxrxdD,JxrxdD,JxrxdD,JxrxdD,JxrxdD,JxrxdD,JxrxdD,JxrxdD
JxrxdD
JxrxdD,JxrxdD,JxrxdD,JxrxdD,JxrxdD,JxrxdD,JxrxdD,JxrxdD,JxrxdD,JxrxdD,JxrxdD,JxrxdD
JxrxdD
JxrxdD,JxrxdD,JxrxdD,JxrxdD,JxrxdD,JxrxdD,JxrxdD,JxrxdD,JxrxdD,JxrxdD,JxrxdD,ddnCP
Jedi Wagner, assuma o comando!