Toque! Toque, Dijê!
bLw
bLw,JCy
[vazia]
Toque! Toque, Dijê!
Toque! Toque, Dijê!
bLw,bLw
bLw
bLw,vnbKapGt,bLw
bLw
bLw,vnbKapGt,bLw,vnbKapGt
bLw,bLw,vnbKapGt,vnbKapGt
bLw,vnbKapGt,bLw
bLw,vnbKapGt,bLw
bLw,vnbKapGt,bLw
bLw,bLw,vnbKapGt
bLw
bLw,vnbKapGt,bLw
bLw,vnbKapGt,bLw
bLw
vnbKapGt,bLw
vnbKapGt,bLw
vnbKapGt,bLw,JCy
vnbKapGt
vnbKapGt
bLw,vnbKapGt,bLw
bLw
bLw
bLw,vnbKapGt,bLw,vnbKapGt,bLw
bLw,vnbKapGt,bLw,vnbKapGt,bLw
bLw,vnbKapGt,bLw,vnbKapGt,bLw
bLw
bLw,vnbKapGt,bLw
bLw,bLw,vnbKapGt
bLw,vnbKapGt,bLw
vnbKapGt
vnbKapGt
vnbKapGt
bLw,vnbKapGt,vnbKapGt,JCy
vnbKapGt
vnbKapGt
vnbKapGt
Jedi Wagner, assuma o comando!