Toque! Toque, Dijê!
uuNmUWSac
[vazia]
Toque! Toque, Dijê!
[vazia]
Toque! Toque, Dijê!
uuNmUWSac
[vazia]
uuNmUWSac
Toque! Toque, Dijê!
[vazia]
Toque! Toque, Dijê!
Toque! Toque, Dijê!
uuNmUWSac,uuNmUWSac
Toque! Toque, Dijê!
Toque! Toque, Dijê!
Toque! Toque, Dijê!
uuNmUWSac
uuNmUWSac
uuNmUWSac
uuNmUWSac
uuNmUWSac,uuNmUWSac,uuNmUWSac,uuNmUWSac,uuNmUWSac
uuNmUWSac,uuNmUWSac,uuNmUWSac,uuNmUWSac
uuNmUWSac,uuNmUWSac,uuNmUWSac,uuNmUWSac
uuNmUWSac
uuNmUWSac
uuNmUWSac
uuNmUWSac,uuNmUWSac,uuNmUWSac,uuNmUWSac,uuNmUWSac
uuNmUWSac
uuNmUWSac
uuNmUWSac,uuNmUWSac,uuNmUWSac,uuNmUWSac,uuNmUWSac,uuNmUWSac,uuNmUWSac,uuNmUWSac,uuNmUWSac,uuNmUWSac
uuNmUWSac
uuNmUWSac,uuNmUWSac,uuNmUWSac,uuNmUWSac,uuNmUWSac,uuNmUWSac,uuNmUWSac,uuNmUWSac,uuNmUWSac,uuNmUWSac,uuNmUWSac,uuNmUWSac
uuNmUWSac
uuNmUWSac,uuNmUWSac,uuNmUWSac,uuNmUWSac,uuNmUWSac,uuNmUWSac,uuNmUWSac,uuNmUWSac,uuNmUWSac,uuNmUWSac,uuNmUWSac,uuNmUWSac
uuNmUWSac,uuNmUWSac,uuNmUWSac,uuNmUWSac,uuNmUWSac,uuNmUWSac,uuNmUWSac,uuNmUWSac,uuNmUWSac,uuNmUWSac,uuNmUWSac,uuNmUWSac
uuNmUWSac
uuNmUWSac
uuNmUWSac,uuNmUWSac,uuNmUWSac,uuNmUWSac,uuNmUWSac,uuNmUWSac,uuNmUWSac,uuNmUWSac,uuNmUWSac,uuNmUWSac,uuNmUWSac,uuNmUWSac
uuNmUWSac,uuNmUWSac,uuNmUWSac,uuNmUWSac,uuNmUWSac,uuNmUWSac,uuNmUWSac,uuNmUWSac,uuNmUWSac,uuNmUWSac,uuNmUWSac,uuNmUWSac
uuNmUWSac
uuNmUWSac
uuNmUWSac,uuNmUWSac,uuNmUWSac,uuNmUWSac,uuNmUWSac,uuNmUWSac,uuNmUWSac,uuNmUWSac,uuNmUWSac,uuNmUWSac,uuNmUWSac,uuNmUWSac,uuNmUWSac,uuNmUWSac
uuNmUWSac
uuNmUWSac,uuNmUWSac,uuNmUWSac,uuNmUWSac,uuNmUWSac,uuNmUWSac,uuNmUWSac,uuNmUWSac,uuNmUWSac,uuNmUWSac,uuNmUWSac,uuNmUWSac,uuNmUWSac
uuNmUWSac,uuNmUWSac,uuNmUWSac,uuNmUWSac,uuNmUWSac,uuNmUWSac,uuNmUWSac,uuNmUWSac,uuNmUWSac,uuNmUWSac,uuNmUWSac,uuNmUWSac,uuNmUWSac
uuNmUWSac
uuNmUWSac,uuNmUWSac,uuNmUWSac,uuNmUWSac,uuNmUWSac,uuNmUWSac,uuNmUWSac,uuNmUWSac,uuNmUWSac,uuNmUWSac,uuNmUWSac,uuNmUWSac,uuNmUWSac,uuNmUWSac
uuNmUWSac,uuNmUWSac,uuNmUWSac,uuNmUWSac,uuNmUWSac,uuNmUWSac,uuNmUWSac,uuNmUWSac,uuNmUWSac,uuNmUWSac,uuNmUWSac,uuNmUWSac,uuNmUWSac,uuNmUWSac
uuNmUWSac,uuNmUWSac,uuNmUWSac,uuNmUWSac,uuNmUWSac,uuNmUWSac,uuNmUWSac,uuNmUWSac,uuNmUWSac,uuNmUWSac,uuNmUWSac,uuNmUWSac,uuNmUWSac,uuNmUWSac
uuNmUWSac,uuNmUWSac,uuNmUWSac,uuNmUWSac,uuNmUWSac,uuNmUWSac,uuNmUWSac,uuNmUWSac,uuNmUWSac,uuNmUWSac,uuNmUWSac,uuNmUWSac,uuNmUWSac,uuNmUWSac
uuNmUWSac
uuNmUWSac
uuNmUWSac,uuNmUWSac,uuNmUWSac,uuNmUWSac,uuNmUWSac,uuNmUWSac,uuNmUWSac,uuNmUWSac,uuNmUWSac,uuNmUWSac,uuNmUWSac,uuNmUWSac,uuNmUWSac,uuNmUWSac,uuNmUWSac
uuNmUWSac
uuNmUWSac
uuNmUWSac
uuNmUWSac
uuNmUWSac,uuNmUWSac,uuNmUWSac,uuNmUWSac,uuNmUWSac,uuNmUWSac,uuNmUWSac,uuNmUWSac,uuNmUWSac,uuNmUWSac
uuNmUWSac
uuNmUWSac,uuNmUWSac,uuNmUWSac,uuNmUWSac,uuNmUWSac,uuNmUWSac,uuNmUWSac,uuNmUWSac,uuNmUWSac
uuNmUWSac
uuNmUWSac
uuNmUWSac
uuNmUWSac
uuNmUWSac,uuNmUWSac,uuNmUWSac,uuNmUWSac,uuNmUWSac,uuNmUWSac,uuNmUWSac,uuNmUWSac,uuNmUWSac,uuNmUWSac,uuNmUWSac,uuNmUWSac,uuNmUWSac,uuNmUWSac
uuNmUWSac,uuNmUWSac,uuNmUWSac,uuNmUWSac,uuNmUWSac,uuNmUWSac,uuNmUWSac,uuNmUWSac,uuNmUWSac,uuNmUWSac,uuNmUWSac,uuNmUWSac,uuNmUWSac,uuNmUWSac,uuNmUWSac
uuNmUWSac
uuNmUWSac,uuNmUWSac,uuNmUWSac,uuNmUWSac,uuNmUWSac,uuNmUWSac,uuNmUWSac,uuNmUWSac,uuNmUWSac,uuNmUWSac,uuNmUWSac,uuNmUWSac,uuNmUWSac,uuNmUWSac,uuNmUWSac
uuNmUWSac,uuNmUWSac,uuNmUWSac,uuNmUWSac,uuNmUWSac,uuNmUWSac,uuNmUWSac,uuNmUWSac,uuNmUWSac,uuNmUWSac,uuNmUWSac,uuNmUWSac,uuNmUWSac,uuNmUWSac,uuNmUWSac
uuNmUWSac,uuNmUWSac,uuNmUWSac,uuNmUWSac,uuNmUWSac,uuNmUWSac,uuNmUWSac,uuNmUWSac,uuNmUWSac,uuNmUWSac,uuNmUWSac,uuNmUWSac,uuNmUWSac,uuNmUWSac,uuNmUWSac
uuNmUWSac
uuNmUWSac
uuNmUWSac
uuNmUWSac
uuNmUWSac
uuNmUWSac,uuNmUWSac,uuNmUWSac,uuNmUWSac,uuNmUWSac,uuNmUWSac,uuNmUWSac,uuNmUWSac,uuNmUWSac,uuNmUWSac,uuNmUWSac,uuNmUWSac,uuNmUWSac,uuNmUWSac,uuNmUWSac
uuNmUWSac
uuNmUWSac
uuNmUWSac
uuNmUWSac
uuNmUWSac,uuNmUWSac,uuNmUWSac,uuNmUWSac,uuNmUWSac,uuNmUWSac,uuNmUWSac,uuNmUWSac,uuNmUWSac,uuNmUWSac,uuNmUWSac,uuNmUWSac,uuNmUWSac,uuNmUWSac,uuNmUWSac,uuNmUWSac
uuNmUWSac
uuNmUWSac,uuNmUWSac,uuNmUWSac,uuNmUWSac,uuNmUWSac,uuNmUWSac,uuNmUWSac,uuNmUWSac,uuNmUWSac,uuNmUWSac,uuNmUWSac,uuNmUWSac,uuNmUWSac,uuNmUWSac,uuNmUWSac,uuNmUWSac
uuNmUWSac,uuNmUWSac,uuNmUWSac,uuNmUWSac,uuNmUWSac,uuNmUWSac,uuNmUWSac,uuNmUWSac,uuNmUWSac,uuNmUWSac,uuNmUWSac,uuNmUWSac,uuNmUWSac,uuNmUWSac,uuNmUWSac,uuNmUWSac,uuNmUWSac
uuNmUWSac,uuNmUWSac,uuNmUWSac,uuNmUWSac,uuNmUWSac,uuNmUWSac,uuNmUWSac,uuNmUWSac,uuNmUWSac,uuNmUWSac,uuNmUWSac,uuNmUWSac,uuNmUWSac,uuNmUWSac,uuNmUWSac,uuNmUWSac,uuNmUWSac
uuNmUWSac,uuNmUWSac,uuNmUWSac,uuNmUWSac,uuNmUWSac,uuNmUWSac,uuNmUWSac,uuNmUWSac,uuNmUWSac,uuNmUWSac,uuNmUWSac,uuNmUWSac,uuNmUWSac,uuNmUWSac,uuNmUWSac,uuNmUWSac,uuNmUWSac
Jedi Wagner, assuma o comando!