Toque! Toque, Dijê!
[vazia]
Toque! Toque, Dijê!
[vazia]
YgIWtPlfil
YgIWtPlfil
YgIWtPlfil
Toque! Toque, Dijê!
YgIWtPlfil
YgIWtPlfil
YgIWtPlfil
YgIWtPlfil
YgIWtPlfil
YgIWtPlfil,YgIWtPlfil,YgIWtPlfil
YgIWtPlfil
YgIWtPlfil,YgIWtPlfil
YgIWtPlfil
YgIWtPlfil,YgIWtPlfil,YgIWtPlfil,YgIWtPlfil
YgIWtPlfil,YgIWtPlfil,YgIWtPlfil,YgIWtPlfil
YgIWtPlfil
YgIWtPlfil,YgIWtPlfil,YgIWtPlfil,YgIWtPlfil
YgIWtPlfil
YgIWtPlfil,YgIWtPlfil,YgIWtPlfil
YgIWtPlfil,YgIWtPlfil,YgIWtPlfil
YgIWtPlfil,YgIWtPlfil,YgIWtPlfil,YgIWtPlfil,YgIWtPlfil
YgIWtPlfil,YgIWtPlfil,YgIWtPlfil,YgIWtPlfil,YgIWtPlfil
YgIWtPlfil
YgIWtPlfil,YgIWtPlfil
YgIWtPlfil
YgIWtPlfil
YgIWtPlfil,YgIWtPlfil
YgIWtPlfil,YgIWtPlfil,YgIWtPlfil
YgIWtPlfil
YgIWtPlfil
YgIWtPlfil,YgIWtPlfil,YgIWtPlfil,YgIWtPlfil
YgIWtPlfil
YgIWtPlfil
YgIWtPlfil
YgIWtPlfil,YgIWtPlfil,YgIWtPlfil,YgIWtPlfil,YgIWtPlfil
YgIWtPlfil
YgIWtPlfil
YgIWtPlfil
YgIWtPlfil
YgIWtPlfil
YgIWtPlfil
YgIWtPlfil
YgIWtPlfil,YgIWtPlfil,YgIWtPlfil
YgIWtPlfil
YgIWtPlfil,YgIWtPlfil,YgIWtPlfil,YgIWtPlfil,YgIWtPlfil
YgIWtPlfil
YgIWtPlfil
YgIWtPlfil
YgIWtPlfil,YgIWtPlfil,YgIWtPlfil,YgIWtPlfil,YgIWtPlfil,YgIWtPlfil,YgIWtPlfil
YgIWtPlfil,YgIWtPlfil,YgIWtPlfil,YgIWtPlfil,YgIWtPlfil,YgIWtPlfil,YgIWtPlfil
YgIWtPlfil,YgIWtPlfil,YgIWtPlfil,YgIWtPlfil,YgIWtPlfil,YgIWtPlfil,YgIWtPlfil
YgIWtPlfil
YgIWtPlfil
YgIWtPlfil,YgIWtPlfil,YgIWtPlfil,YgIWtPlfil,YgIWtPlfil,YgIWtPlfil
YgIWtPlfil
YgIWtPlfil
YgIWtPlfil
YgIWtPlfil
YgIWtPlfil
YgIWtPlfil,YgIWtPlfil,YgIWtPlfil,YgIWtPlfil,YgIWtPlfil,YgIWtPlfil,YgIWtPlfil
YgIWtPlfil,YgIWtPlfil,YgIWtPlfil,YgIWtPlfil,YgIWtPlfil,YgIWtPlfil,YgIWtPlfil
YgIWtPlfil,YgIWtPlfil,YgIWtPlfil,YgIWtPlfil,YgIWtPlfil,YgIWtPlfil,YgIWtPlfil
YgIWtPlfil,YgIWtPlfil,YgIWtPlfil,YgIWtPlfil,YgIWtPlfil,YgIWtPlfil,YgIWtPlfil,YgIWtPlfil
YgIWtPlfil,YgIWtPlfil,YgIWtPlfil,YgIWtPlfil,YgIWtPlfil,YgIWtPlfil,YgIWtPlfil,YgIWtPlfil
YgIWtPlfil,YgIWtPlfil,YgIWtPlfil,YgIWtPlfil,YgIWtPlfil,YgIWtPlfil,YgIWtPlfil,YgIWtPlfil
YgIWtPlfil,YgIWtPlfil,YgIWtPlfil,YgIWtPlfil,YgIWtPlfil,YgIWtPlfil,YgIWtPlfil,YgIWtPlfil
YgIWtPlfil,YgIWtPlfil,YgIWtPlfil,YgIWtPlfil,YgIWtPlfil,YgIWtPlfil,YgIWtPlfil,YgIWtPlfil
YgIWtPlfil
YgIWtPlfil,YgIWtPlfil,YgIWtPlfil,YgIWtPlfil,YgIWtPlfil,YgIWtPlfil,YgIWtPlfil
YgIWtPlfil,YgIWtPlfil,YgIWtPlfil,YgIWtPlfil,YgIWtPlfil,YgIWtPlfil,YgIWtPlfil,YgIWtPlfil
YgIWtPlfil,YgIWtPlfil,YgIWtPlfil,YgIWtPlfil,YgIWtPlfil,YgIWtPlfil,YgIWtPlfil,YgIWtPlfil
YgIWtPlfil,YgIWtPlfil,YgIWtPlfil,YgIWtPlfil,YgIWtPlfil,YgIWtPlfil,YgIWtPlfil,YgIWtPlfil
YgIWtPlfil,YgIWtPlfil,YgIWtPlfil,YgIWtPlfil,YgIWtPlfil,YgIWtPlfil,YgIWtPlfil,YgIWtPlfil,YgIWtPlfil,YgIWtPlfil
YgIWtPlfil,YgIWtPlfil,YgIWtPlfil,YgIWtPlfil,YgIWtPlfil,YgIWtPlfil,YgIWtPlfil,YgIWtPlfil,YgIWtPlfil,YgIWtPlfil
YgIWtPlfil,YgIWtPlfil,YgIWtPlfil,YgIWtPlfil,YgIWtPlfil,YgIWtPlfil,YgIWtPlfil,YgIWtPlfil,YgIWtPlfil,YgIWtPlfil
YgIWtPlfil,YgIWtPlfil,YgIWtPlfil,YgIWtPlfil,YgIWtPlfil,YgIWtPlfil,YgIWtPlfil,YgIWtPlfil,YgIWtPlfil,YgIWtPlfil
YgIWtPlfil
YgIWtPlfil
YgIWtPlfil,YgIWtPlfil,YgIWtPlfil,YgIWtPlfil,YgIWtPlfil,YgIWtPlfil,YgIWtPlfil,YgIWtPlfil
YgIWtPlfil,YgIWtPlfil,YgIWtPlfil,YgIWtPlfil,YgIWtPlfil,YgIWtPlfil,YgIWtPlfil,YgIWtPlfil
YgIWtPlfil
YgIWtPlfil
YgIWtPlfil,YgIWtPlfil,YgIWtPlfil,YgIWtPlfil,YgIWtPlfil,YgIWtPlfil,YgIWtPlfil,YgIWtPlfil,YgIWtPlfil,YgIWtPlfil
YgIWtPlfil,YgIWtPlfil,YgIWtPlfil,YgIWtPlfil,YgIWtPlfil,YgIWtPlfil,YgIWtPlfil,YgIWtPlfil
YgIWtPlfil,YgIWtPlfil,YgIWtPlfil,YgIWtPlfil,YgIWtPlfil,YgIWtPlfil,YgIWtPlfil,YgIWtPlfil
YgIWtPlfil
YgIWtPlfil,YgIWtPlfil,YgIWtPlfil,YgIWtPlfil,YgIWtPlfil,YgIWtPlfil,YgIWtPlfil,YgIWtPlfil,YgIWtPlfil
YgIWtPlfil
YgIWtPlfil,YgIWtPlfil,YgIWtPlfil,YgIWtPlfil,YgIWtPlfil,YgIWtPlfil,YgIWtPlfil,YgIWtPlfil,YgIWtPlfil,YgIWtPlfil,YgIWtPlfil
YgIWtPlfil
YgIWtPlfil
YgIWtPlfil,YgIWtPlfil,YgIWtPlfil,YgIWtPlfil,YgIWtPlfil,YgIWtPlfil,YgIWtPlfil,YgIWtPlfil,YgIWtPlfil
YgIWtPlfil
YgIWtPlfil
YgIWtPlfil
YgIWtPlfil
YgIWtPlfil
YgIWtPlfil,YgIWtPlfil,YgIWtPlfil,YgIWtPlfil,YgIWtPlfil,YgIWtPlfil,YgIWtPlfil,YgIWtPlfil
YgIWtPlfil,YgIWtPlfil,YgIWtPlfil,YgIWtPlfil,YgIWtPlfil,YgIWtPlfil,YgIWtPlfil,YgIWtPlfil
YgIWtPlfil
YgIWtPlfil,YgIWtPlfil,YgIWtPlfil,YgIWtPlfil,YgIWtPlfil,YgIWtPlfil,YgIWtPlfil,YgIWtPlfil
YgIWtPlfil,YgIWtPlfil,YgIWtPlfil,YgIWtPlfil,YgIWtPlfil,YgIWtPlfil,YgIWtPlfil,YgIWtPlfil
YgIWtPlfil,YgIWtPlfil,YgIWtPlfil,YgIWtPlfil,YgIWtPlfil,YgIWtPlfil,YgIWtPlfil,YgIWtPlfil
YgIWtPlfil
YgIWtPlfil
YgIWtPlfil,YgIWtPlfil,YgIWtPlfil,YgIWtPlfil,YgIWtPlfil,YgIWtPlfil,YgIWtPlfil,YgIWtPlfil,YgIWtPlfil,YgIWtPlfil,YgIWtPlfil
YgIWtPlfil
YgIWtPlfil
YgIWtPlfil
YgIWtPlfil,YgIWtPlfil,YgIWtPlfil,YgIWtPlfil,YgIWtPlfil,YgIWtPlfil,YgIWtPlfil,YgIWtPlfil,YgIWtPlfil,YgIWtPlfil,YgIWtPlfil
YgIWtPlfil,YgIWtPlfil,YgIWtPlfil,YgIWtPlfil,YgIWtPlfil,YgIWtPlfil,YgIWtPlfil
YgIWtPlfil
YgIWtPlfil
YgIWtPlfil,YgIWtPlfil,YgIWtPlfil,YgIWtPlfil,YgIWtPlfil,YgIWtPlfil,YgIWtPlfil
YgIWtPlfil
YgIWtPlfil,YgIWtPlfil,YgIWtPlfil,YgIWtPlfil,YgIWtPlfil,YgIWtPlfil,YgIWtPlfil
YgIWtPlfil
YgIWtPlfil,YgIWtPlfil,YgIWtPlfil,YgIWtPlfil,YgIWtPlfil,YgIWtPlfil,YgIWtPlfil
YgIWtPlfil
YgIWtPlfil,YgIWtPlfil,YgIWtPlfil,YgIWtPlfil,YgIWtPlfil,YgIWtPlfil,YgIWtPlfil
YgIWtPlfil,YgIWtPlfil,YgIWtPlfil,YgIWtPlfil,YgIWtPlfil,YgIWtPlfil,YgIWtPlfil
YgIWtPlfil,YgIWtPlfil,YgIWtPlfil,YgIWtPlfil,YgIWtPlfil,YgIWtPlfil,YgIWtPlfil
YgIWtPlfil,YgIWtPlfil,YgIWtPlfil,YgIWtPlfil,YgIWtPlfil,YgIWtPlfil,YgIWtPlfil
YgIWtPlfil
YgIWtPlfil,YgIWtPlfil,YgIWtPlfil,YgIWtPlfil,YgIWtPlfil,YgIWtPlfil,YgIWtPlfil
YgIWtPlfil,YgIWtPlfil,YgIWtPlfil,YgIWtPlfil,YgIWtPlfil,YgIWtPlfil,YgIWtPlfil
YgIWtPlfil
YgIWtPlfil,YgIWtPlfil,YgIWtPlfil,YgIWtPlfil,YgIWtPlfil,YgIWtPlfil,YgIWtPlfil
YgIWtPlfil,YgIWtPlfil,YgIWtPlfil,YgIWtPlfil,YgIWtPlfil,YgIWtPlfil,YgIWtPlfil,YgIWtPlfil
YgIWtPlfil,YgIWtPlfil,YgIWtPlfil,YgIWtPlfil,YgIWtPlfil,YgIWtPlfil,YgIWtPlfil,YgIWtPlfil
YgIWtPlfil
YgIWtPlfil
YgIWtPlfil
YgIWtPlfil,YgIWtPlfil,YgIWtPlfil,YgIWtPlfil,YgIWtPlfil,YgIWtPlfil,YgIWtPlfil
YgIWtPlfil,YgIWtPlfil,YgIWtPlfil,YgIWtPlfil,YgIWtPlfil,YgIWtPlfil,YgIWtPlfil,YgIWtPlfil,YgIWtPlfil,YgIWtPlfil,YgIWtPlfil
YgIWtPlfil,YgIWtPlfil,YgIWtPlfil,YgIWtPlfil,YgIWtPlfil,YgIWtPlfil,YgIWtPlfil,YgIWtPlfil,YgIWtPlfil,YgIWtPlfil,YgIWtPlfil
YgIWtPlfil,YgIWtPlfil,YgIWtPlfil,YgIWtPlfil,YgIWtPlfil,YgIWtPlfil,YgIWtPlfil,YgIWtPlfil,YgIWtPlfil,YgIWtPlfil
YgIWtPlfil
YgIWtPlfil
YgIWtPlfil,YgIWtPlfil,YgIWtPlfil,YgIWtPlfil,YgIWtPlfil,YgIWtPlfil,YgIWtPlfil,YgIWtPlfil
YgIWtPlfil
YgIWtPlfil
YgIWtPlfil,YgIWtPlfil,YgIWtPlfil,YgIWtPlfil,YgIWtPlfil,YgIWtPlfil,YgIWtPlfil,YgIWtPlfil
YgIWtPlfil
YgIWtPlfil
YgIWtPlfil
YgIWtPlfil,YgIWtPlfil,YgIWtPlfil,YgIWtPlfil,YgIWtPlfil,YgIWtPlfil,YgIWtPlfil,YgIWtPlfil,YgIWtPlfil
YgIWtPlfil
YgIWtPlfil
YgIWtPlfil,YgIWtPlfil,YgIWtPlfil,YgIWtPlfil,YgIWtPlfil,YgIWtPlfil,YgIWtPlfil,YgIWtPlfil,YgIWtPlfil,YgIWtPlfil
YgIWtPlfil,YgIWtPlfil,YgIWtPlfil,YgIWtPlfil,YgIWtPlfil,YgIWtPlfil,YgIWtPlfil,YgIWtPlfil,YgIWtPlfil,YgIWtPlfil
YgIWtPlfil
YgIWtPlfil
YgIWtPlfil,YgIWtPlfil,YgIWtPlfil,YgIWtPlfil,YgIWtPlfil,YgIWtPlfil,YgIWtPlfil,YgIWtPlfil,YgIWtPlfil,YgIWtPlfil,YgIWtPlfil
YgIWtPlfil,YgIWtPlfil,YgIWtPlfil,YgIWtPlfil,YgIWtPlfil,YgIWtPlfil,YgIWtPlfil,YgIWtPlfil,YgIWtPlfil,YgIWtPlfil,YgIWtPlfil,YgIWtPlfil
YgIWtPlfil
YgIWtPlfil
YgIWtPlfil,YgIWtPlfil,YgIWtPlfil,YgIWtPlfil,YgIWtPlfil,YgIWtPlfil,YgIWtPlfil,YgIWtPlfil,YgIWtPlfil,YgIWtPlfil,YgIWtPlfil
YgIWtPlfil,YgIWtPlfil,YgIWtPlfil,YgIWtPlfil,YgIWtPlfil,YgIWtPlfil,YgIWtPlfil,YgIWtPlfil,YgIWtPlfil,YgIWtPlfil,YgIWtPlfil,YgIWtPlfil
YgIWtPlfil,YgIWtPlfil,YgIWtPlfil,YgIWtPlfil,YgIWtPlfil,YgIWtPlfil,YgIWtPlfil,YgIWtPlfil,YgIWtPlfil,YgIWtPlfil,YgIWtPlfil,YgIWtPlfil
YgIWtPlfil,YgIWtPlfil,YgIWtPlfil,YgIWtPlfil,YgIWtPlfil,YgIWtPlfil,YgIWtPlfil,YgIWtPlfil,YgIWtPlfil,YgIWtPlfil,YgIWtPlfil,YgIWtPlfil
YgIWtPlfil,YgIWtPlfil,YgIWtPlfil,YgIWtPlfil,YgIWtPlfil,YgIWtPlfil,YgIWtPlfil,YgIWtPlfil,YgIWtPlfil,YgIWtPlfil,YgIWtPlfil,YgIWtPlfil
YgIWtPlfil
YgIWtPlfil,YgIWtPlfil,YgIWtPlfil,YgIWtPlfil,YgIWtPlfil,YgIWtPlfil,YgIWtPlfil,YgIWtPlfil,YgIWtPlfil,YgIWtPlfil
YgIWtPlfil
YgIWtPlfil
YgIWtPlfil
YgIWtPlfil,YgIWtPlfil,YgIWtPlfil,YgIWtPlfil,YgIWtPlfil,YgIWtPlfil,YgIWtPlfil,YgIWtPlfil,YgIWtPlfil,YgIWtPlfil
YgIWtPlfil
YgIWtPlfil
YgIWtPlfil,YgIWtPlfil,YgIWtPlfil,YgIWtPlfil,YgIWtPlfil,YgIWtPlfil,YgIWtPlfil,YgIWtPlfil,YgIWtPlfil,YgIWtPlfil
YgIWtPlfil
YgIWtPlfil,YgIWtPlfil,YgIWtPlfil,YgIWtPlfil,YgIWtPlfil,YgIWtPlfil,YgIWtPlfil,YgIWtPlfil,YgIWtPlfil,YgIWtPlfil,YgIWtPlfil
YgIWtPlfil
YgIWtPlfil,YgIWtPlfil,YgIWtPlfil,YgIWtPlfil,YgIWtPlfil,YgIWtPlfil,YgIWtPlfil,YgIWtPlfil,YgIWtPlfil,YgIWtPlfil,YgIWtPlfil,YgIWtPlfil
YgIWtPlfil,YgIWtPlfil,YgIWtPlfil,YgIWtPlfil,YgIWtPlfil,YgIWtPlfil,YgIWtPlfil,YgIWtPlfil,YgIWtPlfil,YgIWtPlfil,YgIWtPlfil,YgIWtPlfil
YgIWtPlfil
YgIWtPlfil,YgIWtPlfil,YgIWtPlfil,YgIWtPlfil,YgIWtPlfil,YgIWtPlfil,YgIWtPlfil,YgIWtPlfil,YgIWtPlfil,YgIWtPlfil,YgIWtPlfil,YgIWtPlfil,YgIWtPlfil
YgIWtPlfil,YgIWtPlfil,YgIWtPlfil,YgIWtPlfil,YgIWtPlfil,YgIWtPlfil,YgIWtPlfil,YgIWtPlfil,YgIWtPlfil,YgIWtPlfil,YgIWtPlfil,YgIWtPlfil,YgIWtPlfil
YgIWtPlfil
YgIWtPlfil
YgIWtPlfil,YgIWtPlfil,YgIWtPlfil,YgIWtPlfil,YgIWtPlfil,YgIWtPlfil,YgIWtPlfil,YgIWtPlfil,YgIWtPlfil,YgIWtPlfil,YgIWtPlfil,YgIWtPlfil,YgIWtPlfil,YgIWtPlfil
YgIWtPlfil,YgIWtPlfil,YgIWtPlfil,YgIWtPlfil,YgIWtPlfil,YgIWtPlfil,YgIWtPlfil,YgIWtPlfil,YgIWtPlfil,YgIWtPlfil,YgIWtPlfil,YgIWtPlfil,YgIWtPlfil,YgIWtPlfil
YgIWtPlfil
YgIWtPlfil,YgIWtPlfil,YgIWtPlfil,YgIWtPlfil,YgIWtPlfil,YgIWtPlfil,YgIWtPlfil,YgIWtPlfil,YgIWtPlfil,YgIWtPlfil,YgIWtPlfil,YgIWtPlfil,YgIWtPlfil,YgIWtPlfil
YgIWtPlfil,YgIWtPlfil,YgIWtPlfil,YgIWtPlfil,YgIWtPlfil,YgIWtPlfil,YgIWtPlfil,YgIWtPlfil,YgIWtPlfil,YgIWtPlfil,YgIWtPlfil,YgIWtPlfil,YgIWtPlfil,YgIWtPlfil
YgIWtPlfil
Jedi Wagner, assuma o comando!