QtU
QtU
QtU
QtU
QtU
[vazia]
Toque! Toque, Dijê!
bomHGmD
bomHGmD
bomHGmD
[vazia]
EYS
Toque! Toque, Dijê!
bomHGmD
bomHGmD
bomHGmD
Toque! Toque, Dijê!
QtU
QtU
QtU,bomHGmD,bomHGmD,QtU
QtU
bomHGmD
[vazia]
[vazia]
Toque! Toque, Dijê!
Toque! Toque, Dijê!
Toque! Toque, Dijê!
EYS
EYS
EYS
EYS
EYS
EYS
EYS
EYS,EYS
EYS,bomHGmD,QtU,EYS,QtU,QtU,QtU
EYS,bomHGmD,QtU,EYS,QtU,QtU,QtU,EYS,QtU,bomHGmD
EYS
EYS
EYS
EYS
[vazia]
QtU
QtU
QtU
[vazia]
Toque! Toque, Dijê!
bomHGmD
[vazia]
Toque! Toque, Dijê!
Toque! Toque, Dijê!
[vazia]
Toque! Toque, Dijê!
[vazia]
QtU,EYS,QtU,QtU
QtU
QtU,EYS,QtU,QtU,EYS
QtU
QtU
QtU
QtU
QtU,QtU,QtU,EYS
EYS
QtU,QtU,QtU,EYS,bomHGmD
QtU
QtU
QtU,QtU,QtU,bomHGmD,EYS
QtU
QtU,EYS,bomHGmD,QtU,QtU,QtU
QtU
QtU,EYS,bomHGmD,QtU,QtU,QtU
QtU,EYS,bomHGmD,QtU,QtU,QtU
QtU,EYS,bomHGmD,QtU,QtU,QtU
QtU
EYS,QtU,QtU,QtU,bomHGmD,QtU
QtU
QtU
QtU
EYS,QtU,QtU,bomHGmD,QtU,QtU
EYS,QtU,QtU,bomHGmD,QtU,QtU
QtU,QtU,bomHGmD,QtU,EYS,QtU
QtU,QtU,bomHGmD,QtU,EYS,QtU,EYS,EYS
QtU,QtU,bomHGmD,QtU,EYS,QtU,EYS,EYS,QtU
EYS
EYS
EYS
QtU
QtU
QtU
QtU
QtU
QtU
EYS
QtU
QtU
bomHGmD
QtU
QtU
QtU
QtU
bomHGmD
bomHGmD
QtU
EYS
EYS,QtU,bomHGmD,QtU,bomHGmD,bomHGmD,EYS
EYS
EYS,QtU,bomHGmD,QtU,bomHGmD,bomHGmD,EYS
QtU,bomHGmD,QtU,bomHGmD,bomHGmD,EYS
EYS
EYS,QtU,bomHGmD,QtU,bomHGmD,bomHGmD,bomHGmD
EYS,QtU,bomHGmD,QtU,bomHGmD,bomHGmD,bomHGmD
EYS
EYS,QtU,bomHGmD,QtU,bomHGmD,bomHGmD,bomHGmD
EYS,QtU,bomHGmD,QtU,bomHGmD,bomHGmD,bomHGmD,QtU,EYS,bomHGmD
EYS,QtU,bomHGmD,QtU,bomHGmD,bomHGmD,bomHGmD,QtU,EYS,bomHGmD
QtU
QtU,EYS,bomHGmD,QtU,bomHGmD,bomHGmD,bomHGmD,QtU,EYS,bomHGmD,QtU
EYS,QtU,bomHGmD,bomHGmD,bomHGmD,QtU,EYS,bomHGmD,QtU,EYS
EYS,QtU,bomHGmD,bomHGmD,bomHGmD,QtU,EYS,bomHGmD,QtU,EYS,bomHGmD
EYS,QtU,bomHGmD,bomHGmD,bomHGmD,QtU,EYS,bomHGmD,QtU,EYS,bomHGmD
EYS
EYS
bomHGmD
bomHGmD
bomHGmD
EYS,QtU,bomHGmD,bomHGmD,bomHGmD,QtU,EYS,bomHGmD,bomHGmD,bomHGmD,QtU
bomHGmD
QtU,bomHGmD,EYS,bomHGmD,bomHGmD,QtU,EYS,bomHGmD,bomHGmD,bomHGmD,QtU
QtU,bomHGmD,EYS,bomHGmD,bomHGmD,QtU,EYS,bomHGmD,bomHGmD,bomHGmD,QtU,EYS
QtU,bomHGmD,EYS,bomHGmD,bomHGmD,QtU,EYS,bomHGmD,bomHGmD,bomHGmD,QtU
bomHGmD
bomHGmD
EYS,QtU,bomHGmD,bomHGmD,bomHGmD,QtU,EYS,bomHGmD,bomHGmD,bomHGmD,QtU
EYS,QtU,bomHGmD,bomHGmD,bomHGmD,QtU,EYS,bomHGmD,bomHGmD,bomHGmD,QtU
bomHGmD
EYS,QtU,bomHGmD,bomHGmD,bomHGmD,QtU,EYS,bomHGmD,bomHGmD,bomHGmD,QtU
Jedi Wagner, assuma o comando!