[vazia]
[vazia]
Toque! Toque, Dijê!
[vazia]
Toque! Toque, Dijê!
Toque! Toque, Dijê!
[vazia]
[vazia]
Toque! Toque, Dijê!
Toque! Toque, Dijê!
Toque! Toque, Dijê!
rFsoY
rFsoY
[vazia]
[vazia]
Toque! Toque, Dijê!
[vazia]
yO
yO
yO
yO
yO,tqxrO
yO,tqxrO,rFsoY
yO,rFsoY
yO,rFsoY
yO
yO,rFsoY
yO,rFsoY
yO,rFsoY,EfFPIVegI
yO,rFsoY,EfFPIVegI
yO,rFsoY,EfFPIVegI,EfFPIVegI,rFsoY
yO
yO,rFsoY,EfFPIVegI,EfFPIVegI,rFsoY
yO,rFsoY,EfFPIVegI,EfFPIVegI,rFsoY
rFsoY
rFsoY
yO,rFsoY,EfFPIVegI,EfFPIVegI,rFsoY
yO,rFsoY,EfFPIVegI,EfFPIVegI,rFsoY
yO,rFsoY,EfFPIVegI,EfFPIVegI,rFsoY
EfFPIVegI
yO,EfFPIVegI,EfFPIVegI,rFsoY,yO
rFsoY
rFsoY
EfFPIVegI
rFsoY
EfFPIVegI,rFsoY,EfFPIVegI,yO,yO,yO
yO
yO
yO
rFsoY
EfFPIVegI
yO
EfFPIVegI,EfFPIVegI,yO,EfFPIVegI,EfFPIVegI,EfFPIVegI,yO,haEKBYScH
EfFPIVegI
EfFPIVegI,EfFPIVegI,yO,EfFPIVegI,EfFPIVegI,EfFPIVegI,yO,haEKBYScH,tqxrO,rFsoY
EfFPIVegI
EfFPIVegI,EfFPIVegI,yO,EfFPIVegI,EfFPIVegI,EfFPIVegI,yO,haEKBYScH,tqxrO
EfFPIVegI,EfFPIVegI,yO,EfFPIVegI,EfFPIVegI,EfFPIVegI,yO,haEKBYScH,tqxrO
EfFPIVegI,yO,EfFPIVegI,EfFPIVegI,EfFPIVegI,yO,haEKBYScH,tqxrO
EfFPIVegI
EfFPIVegI
EfFPIVegI,EfFPIVegI,yO,EfFPIVegI,EfFPIVegI,tqxrO,EfFPIVegI,yO,haEKBYScH,tqxrO,yO
EfFPIVegI
EfFPIVegI,EfFPIVegI,EfFPIVegI,EfFPIVegI,yO,EfFPIVegI,yO,haEKBYScH,tqxrO,haEKBYScH
EfFPIVegI,EfFPIVegI,EfFPIVegI,EfFPIVegI,yO,tqxrO,EfFPIVegI,yO,haEKBYScH,haEKBYScH
EfFPIVegI,EfFPIVegI,EfFPIVegI,yO,EfFPIVegI,tqxrO,EfFPIVegI,yO,haEKBYScH,haEKBYScH
EfFPIVegI
tqxrO
tqxrO
tqxrO
EfFPIVegI
EfFPIVegI,EfFPIVegI,EfFPIVegI,EfFPIVegI,tqxrO,EfFPIVegI,haEKBYScH,haEKBYScH,EfFPIVegI
EfFPIVegI,EfFPIVegI,EfFPIVegI,EfFPIVegI,EfFPIVegI,haEKBYScH,tqxrO,haEKBYScH,EfFPIVegI,haEKBYScH
EfFPIVegI,EfFPIVegI,EfFPIVegI,EfFPIVegI,EfFPIVegI,haEKBYScH,tqxrO,haEKBYScH,EfFPIVegI,haEKBYScH
EfFPIVegI,EfFPIVegI,EfFPIVegI,EfFPIVegI,EfFPIVegI,haEKBYScH,haEKBYScH,EfFPIVegI,haEKBYScH
haEKBYScH
haEKBYScH
EfFPIVegI,EfFPIVegI,EfFPIVegI,EfFPIVegI,haEKBYScH,haEKBYScH,EfFPIVegI,haEKBYScH,haEKBYScH,rFsoY,rFsoY
EfFPIVegI,EfFPIVegI,EfFPIVegI,haEKBYScH,haEKBYScH,EfFPIVegI,haEKBYScH,haEKBYScH,rFsoY,rFsoY
EfFPIVegI
EfFPIVegI,EfFPIVegI,EfFPIVegI,haEKBYScH,EfFPIVegI,haEKBYScH,haEKBYScH,haEKBYScH
EfFPIVegI,EfFPIVegI,EfFPIVegI,haEKBYScH,EfFPIVegI,haEKBYScH,haEKBYScH,haEKBYScH,rFsoY
haEKBYScH
Jedi Wagner, assuma o comando!