Toque! Toque, Dijê!
[vazia]
sUg
sUg
sUg
sUg,aMmJGUadM
sUg,aMmJGUadM
aMmJGUadM
aMmJGUadM
sUg,aMmJGUadM
aMmJGUadM
aMmJGUadM
sUg,aMmJGUadM
sUg,aMmJGUadM
sUg
sUg
aMmJGUadM,sUg,qf,ihUVHjNI
aMmJGUadM,sUg,qf,ihUVHjNI
sUg,aMmJGUadM,qf,ihUVHjNI
ihUVHjNI,sUg,aMmJGUadM,qf,qf,ihUVHjNI
ihUVHjNI,sUg,aMmJGUadM,qf,qf,ihUVHjNI
ihUVHjNI
ihUVHjNI,sUg,aMmJGUadM,qf,qf,ihUVHjNI,sMBzZOAfN
ihUVHjNI,sUg,aMmJGUadM,qf,qf,ihUVHjNI,sMBzZOAfN,JmBcgy,qf
aMmJGUadM,sUg,qf,ihUVHjNI
aMmJGUadM,sUg,qf,ihUVHjNI
sUg
sUg
sUg
ihUVHjNI
sUg,aMmJGUadM,qf,ihUVHjNI,aMmJGUadM,sMBzZOAfN,sUg
sUg,aMmJGUadM,qf,ihUVHjNI,aMmJGUadM,sMBzZOAfN
ihUVHjNI
ihUVHjNI
sUg,aMmJGUadM,ihUVHjNI,qf,sMBzZOAfN,aMmJGUadM,sMBzZOAfN,ihUVHjNI
sUg,aMmJGUadM,ihUVHjNI,qf,sMBzZOAfN,aMmJGUadM,sMBzZOAfN,ihUVHjNI
sMBzZOAfN
sUg,ihUVHjNI,aMmJGUadM,aMmJGUadM,sMBzZOAfN
ihUVHjNI
sUg,aMmJGUadM,qf,ihUVHjNI,aMmJGUadM,sMBzZOAfN,ihUVHjNI
ihUVHjNI
aMmJGUadM
aMmJGUadM
aMmJGUadM
sUg
aMmJGUadM
sUg,aMmJGUadM,qf,ihUVHjNI,aMmJGUadM,sMBzZOAfN
sUg,aMmJGUadM,qf,ihUVHjNI,aMmJGUadM,sMBzZOAfN
ihUVHjNI
sUg,qf,aMmJGUadM,ihUVHjNI,aMmJGUadM
sUg,qf,aMmJGUadM,ihUVHjNI,aMmJGUadM
qf,aMmJGUadM,ihUVHjNI,sUg,aMmJGUadM
sUg
qf,aMmJGUadM,ihUVHjNI,sUg,aMmJGUadM,aMmJGUadM
qf
qf
qf
qf
qf
qf
qf,aMmJGUadM,sUg,aMmJGUadM,aMmJGUadM
qf,aMmJGUadM,sUg,aMmJGUadM,aMmJGUadM
aMmJGUadM
qf,aMmJGUadM,aMmJGUadM,aMmJGUadM,sUg,qf
aMmJGUadM
aMmJGUadM,aMmJGUadM,aMmJGUadM,qf
aMmJGUadM
aMmJGUadM
aMmJGUadM,aMmJGUadM,aMmJGUadM,qf
qf
aMmJGUadM,aMmJGUadM,aMmJGUadM,qf,ihUVHjNI,aMmJGUadM
qf
aMmJGUadM,aMmJGUadM,aMmJGUadM,qf,ihUVHjNI,aMmJGUadM
aMmJGUadM,aMmJGUadM,qf,ihUVHjNI,aMmJGUadM
qf
aMmJGUadM,aMmJGUadM,qf,ihUVHjNI,aMmJGUadM,JmBcgy
aMmJGUadM,aMmJGUadM,qf,ihUVHjNI,aMmJGUadM,qf
Jedi Wagner, assuma o comando!