[vazia]
[vazia]
aLchKZnRbC
aLchKZnRbC
[vazia]
Toque! Toque, Dijê!
Toque! Toque, Dijê!
Toque! Toque, Dijê!
[vazia]
[vazia]
[vazia]
keie
[vazia]
K,Uboaw,keie,yDwWtJOcZx,Uboaw
K,Uboaw,keie,yDwWtJOcZx,Uboaw,aLchKZnRbC
[vazia]
Toque! Toque, Dijê!
Uboaw
Uboaw
Uboaw
[vazia]
Toque! Toque, Dijê!
[vazia]
[vazia]
Toque! Toque, Dijê!
[vazia]
Toque! Toque, Dijê!
Toque! Toque, Dijê!
[vazia]
Toque! Toque, Dijê!
Uboaw
Uboaw,keie
Uboaw
Uboaw
Uboaw
Uboaw
Uboaw
aLchKZnRbC,Uboaw
aLchKZnRbC,Uboaw
aLchKZnRbC
aLchKZnRbC,Uboaw
aLchKZnRbC
aLchKZnRbC,Uboaw
aLchKZnRbC,Uboaw
aLchKZnRbC,Uboaw
aLchKZnRbC,Uboaw
Uboaw
aLchKZnRbC
Uboaw,aLchKZnRbC
aLchKZnRbC
Uboaw,aLchKZnRbC
aLchKZnRbC
aLchKZnRbC
Uboaw,aLchKZnRbC
aLchKZnRbC
aLchKZnRbC
Jedi Wagner, assuma o comando!