Toque! Toque, Dijê!
Toque! Toque, Dijê!
[vazia]
dTXnVywjH
dTXnVywjH
dTXnVywjH,hYomn
dTXnVywjH
dTXnVywjH
dTXnVywjH
hYomn
dTXnVywjH,hYomn,TkT,hYomn,hYomn,dTXnVywjH
hYomn
hYomn
hYomn
hYomn
dTXnVywjH,hYomn,TkT,hYomn,hYomn,dTXnVywjH
dTXnVywjH
hYomn,dTXnVywjH,TkT,hYomn,hYomn
dTXnVywjH,hYomn,TkT,hYomn,hYomn,kGpNU,kGpNU,dTXnVywjH
TkT
eKZ
dTXnVywjH,hYomn,TkT,hYomn,hYomn,kGpNU,kGpNU,dTXnVywjH
dTXnVywjH
TkT,hYomn,dTXnVywjH,hYomn,hYomn,kGpNU,kGpNU,dTXnVywjH
dTXnVywjH
dTXnVywjH,hYomn,TkT,hYomn,hYomn,kGpNU,kGpNU,dTXnVywjH,eKZ
hYomn
dTXnVywjH,TkT,hYomn,hYomn,hYomn,kGpNU,dTXnVywjH,eKZ,OlwRZROp
TkT
dTXnVywjH,hYomn,TkT,hYomn,hYomn,kGpNU,kGpNU,dTXnVywjH,fCeFxNvWw
dTXnVywjH,hYomn,TkT,hYomn,hYomn,kGpNU,kGpNU,dTXnVywjH,fCeFxNvWw
TkT
TkT
dTXnVywjH,hYomn,TkT,hYomn,hYomn,kGpNU,kGpNU,dTXnVywjH,fCeFxNvWw
dTXnVywjH,hYomn,TkT,hYomn,hYomn,kGpNU,kGpNU,dTXnVywjH,fCeFxNvWw
TkT
TkT
TkT
dTXnVywjH,hYomn,TkT,hYomn,hYomn,kGpNU,kGpNU,dTXnVywjH,fCeFxNvWw
hYomn,kGpNU,TkT,hYomn,hYomn,kGpNU,dTXnVywjH,sVSHdrnfku
TkT
TkT
TkT
TkT
TkT
TkT
dTXnVywjH,hYomn,TkT,hYomn,hYomn,kGpNU,kGpNU,dTXnVywjH
dTXnVywjH,hYomn,TkT,hYomn,hYomn,kGpNU,kGpNU,dTXnVywjH
TkT
TkT
TkT
TkT
hYomn,TkT,dTXnVywjH,hYomn,hYomn,kGpNU,kGpNU,dTXnVywjH,YlIY
hYomn,TkT,dTXnVywjH,hYomn,hYomn,kGpNU,kGpNU,dTXnVywjH
hYomn
hYomn,TkT,dTXnVywjH,hYomn,hYomn,kGpNU,kGpNU,dTXnVywjH
hYomn,dTXnVywjH,hYomn,TkT,kGpNU,hYomn,kGpNU,dTXnVywjH,sVSHdrnfku
hYomn
hYomn,TkT,hYomn,hYomn,kGpNU,kGpNU,dTXnVywjH,KH
hYomn
hYomn,TkT,hYomn,hYomn,kGpNU,kGpNU,KH
hYomn
hYomn,TkT,hYomn,hYomn,kGpNU,kGpNU,KH,KH,KH
hYomn,TkT,hYomn,hYomn,kGpNU,kGpNU,KH,KH,hYomn
hYomn,TkT,hYomn,hYomn,kGpNU,kGpNU,KH,KH
hYomn,TkT,hYomn,hYomn,kGpNU,kGpNU,KH,KH
TkT
KH
hYomn
hYomn,TkT,hYomn,hYomn,kGpNU,kGpNU,KH,KH,KH
hYomn
hYomn,TkT,hYomn,hYomn,kGpNU,kGpNU,KH,KH,KH
kGpNU
kGpNU
hYomn,TkT,hYomn,hYomn,kGpNU,kGpNU,KH,KH,OlwRZROp
KH
TkT
hYomn,hYomn,hYomn,kGpNU,KH,TkT,YlIY,KH,OlwRZROp,eKZ,KH,OlwRZROp
KH
OlwRZROp
hYomn,hYomn,hYomn,kGpNU,KH,TkT,YlIY,KH,OlwRZROp,eKZ,KH,OlwRZROp
OlwRZROp
OlwRZROp
hYomn,hYomn,hYomn,kGpNU,KH,TkT,YlIY,KH,OlwRZROp,eKZ,KH,OlwRZROp
eKZ
eKZ
eKZ
hYomn,hYomn,hYomn,kGpNU,KH,TkT,YlIY,KH,eKZ,KH,OlwRZROp,kGpNU
hYomn,hYomn,hYomn,kGpNU,KH,TkT,YlIY,KH,eKZ,KH,OlwRZROp,kGpNU
hYomn,hYomn,hYomn,kGpNU,KH,TkT,YlIY,KH,eKZ,KH,OlwRZROp,kGpNU,sVSHdrnfku
eKZ
hYomn,hYomn,hYomn,KH,TkT,YlIY,KH,eKZ,OlwRZROp,kGpNU,KH,kGpNU,sVSHdrnfku
Jedi Wagner, assuma o comando!