[vazia]
xT
xT
xT
xT
xT
DAOUcZf
DAOUcZf
[vazia]
Toque! Toque, Dijê!
Toque! Toque, Dijê!
Toque! Toque, Dijê!
Toque! Toque, Dijê!
[vazia]
Toque! Toque, Dijê!
Toque! Toque, Dijê!
[vazia]
COiUBcP
COiUBcP
COiUBcP
COiUBcP
COiUBcP
COiUBcP,brUJqRRw,ervbjnJ
COiUBcP,brUJqRRw,ervbjnJ
COiUBcP
COiUBcP,ervbjnJ
COiUBcP,ervbjnJ,xT
COiUBcP
COiUBcP
COiUBcP
COiUBcP,xT
xT
COiUBcP,xT,IFhsxqMXio
COiUBcP,xT,IFhsxqMXio,brUJqRRw
COiUBcP,xT,IFhsxqMXio,brUJqRRw
IFhsxqMXio
COiUBcP,xT,IFhsxqMXio,brUJqRRw
COiUBcP,xT,IFhsxqMXio,brUJqRRw
brUJqRRw
COiUBcP,IFhsxqMXio,brUJqRRw,vKoCaaV
COiUBcP,IFhsxqMXio,brUJqRRw,vKoCaaV
IFhsxqMXio
IFhsxqMXio
IFhsxqMXio
COiUBcP,IFhsxqMXio,brUJqRRw
COiUBcP,IFhsxqMXio,brUJqRRw
IFhsxqMXio
IFhsxqMXio
IFhsxqMXio
COiUBcP,xT,IFhsxqMXio,brUJqRRw
IFhsxqMXio
COiUBcP,xT,IFhsxqMXio,brUJqRRw,zjMT
IFhsxqMXio
COiUBcP,xT,IFhsxqMXio,brUJqRRw,brUJqRRw
IFhsxqMXio
xT,IFhsxqMXio,brUJqRRw
COiUBcP,xT,IFhsxqMXio,brUJqRRw
IFhsxqMXio
IFhsxqMXio
zjMT
COiUBcP,xT,zjMT,brUJqRRw,brUJqRRw
COiUBcP
COiUBcP,xT,zjMT,brUJqRRw
COiUBcP
COiUBcP,xT,zjMT,brUJqRRw,brUJqRRw
COiUBcP
COiUBcP,xT,zjMT,brUJqRRw,brUJqRRw
COiUBcP,xT,zjMT,brUJqRRw,brUJqRRw
COiUBcP
COiUBcP
COiUBcP
COiUBcP,brUJqRRw,xT,zjMT,brUJqRRw
COiUBcP
brUJqRRw,COiUBcP,xT,zjMT,ervbjnJ
brUJqRRw
brUJqRRw
brUJqRRw
brUJqRRw,xT,zjMT,ervbjnJ,vKoCaaV,DAOUcZf,xzLPHgBR
brUJqRRw,xT,zjMT,ervbjnJ,vKoCaaV,DAOUcZf,xzLPHgBR
brUJqRRw,xT,zjMT,ervbjnJ,vKoCaaV,DAOUcZf,xzLPHgBR,xT
brUJqRRw,xT,vKoCaaV,zjMT,DAOUcZf,xzLPHgBR,xT,xzLPHgBR
zjMT
zjMT
zjMT
brUJqRRw,vKoCaaV,zjMT,xT,DAOUcZf,xT,xzLPHgBR
zjMT
zjMT
zjMT
xT,vKoCaaV,zjMT,DAOUcZf,xzLPHgBR,xT,xzLPHgBR,ervbjnJ,DAOUcZf
zjMT
zjMT
xT,vKoCaaV,zjMT,DAOUcZf,xzLPHgBR,xT,xzLPHgBR,IFhsxqMXio,COiUBcP
xT,vKoCaaV,COiUBcP,zjMT,DAOUcZf,xzLPHgBR,xT,xzLPHgBR
COiUBcP
COiUBcP
COiUBcP
brUJqRRw,xT,vKoCaaV,zjMT,DAOUcZf,xzLPHgBR,xT,xzLPHgBR
brUJqRRw,xT,zjMT,DAOUcZf,xzLPHgBR,xT,xzLPHgBR
DAOUcZf
DAOUcZf
zjMT
DAOUcZf,zjMT,brUJqRRw,xT,xzLPHgBR,xT,xzLPHgBR,xzLPHgBR,zjMT
xT
DAOUcZf,zjMT,brUJqRRw,xT,xzLPHgBR,xT,xzLPHgBR,xzLPHgBR,zjMT
DAOUcZf,zjMT,brUJqRRw,xT,xzLPHgBR,xT,xzLPHgBR,xzLPHgBR,zjMT,brUJqRRw
DAOUcZf,brUJqRRw,xT,xzLPHgBR,xT,xzLPHgBR,xzLPHgBR,zjMT,brUJqRRw
DAOUcZf,brUJqRRw,xT,xzLPHgBR,xT,xzLPHgBR,xzLPHgBR,zjMT,brUJqRRw
xzLPHgBR
xzLPHgBR
xzLPHgBR
xzLPHgBR
xzLPHgBR
xzLPHgBR
xzLPHgBR
xzLPHgBR
xzLPHgBR
DAOUcZf,brUJqRRw,xT,xT,xzLPHgBR,xzLPHgBR,xzLPHgBR,zjMT,ervbjnJ,brUJqRRw,DAOUcZf,zjMT,zjMT,zjMT
DAOUcZf,brUJqRRw,xT,xT,xzLPHgBR,xzLPHgBR,xzLPHgBR,zjMT,ervbjnJ,brUJqRRw,DAOUcZf,zjMT,zjMT,zjMT
DAOUcZf,brUJqRRw,xT,xT,xzLPHgBR,xzLPHgBR,xzLPHgBR,zjMT,ervbjnJ,brUJqRRw,DAOUcZf,zjMT,zjMT,zjMT,xT
ervbjnJ
DAOUcZf,brUJqRRw,xT,xT,xzLPHgBR,xzLPHgBR,xzLPHgBR,zjMT,ervbjnJ,brUJqRRw,DAOUcZf,zjMT,zjMT,zjMT,xT
ervbjnJ
DAOUcZf,brUJqRRw,xT,xT,xzLPHgBR,xzLPHgBR,xzLPHgBR,zjMT,ervbjnJ,brUJqRRw,DAOUcZf,zjMT,zjMT,zjMT,xzLPHgBR
DAOUcZf,brUJqRRw,xT,xT,xzLPHgBR,xzLPHgBR,xzLPHgBR,zjMT,ervbjnJ,brUJqRRw,DAOUcZf,zjMT,zjMT,zjMT
brUJqRRw,xT,xzLPHgBR,xzLPHgBR,xzLPHgBR,zjMT,ervbjnJ,xT,brUJqRRw,DAOUcZf,zjMT,zjMT,zjMT
ervbjnJ
brUJqRRw
xT,xT,xzLPHgBR,xzLPHgBR,xzLPHgBR,zjMT,ervbjnJ,brUJqRRw,DAOUcZf,zjMT,zjMT,zjMT,DAOUcZf
xT,xT,xzLPHgBR,xzLPHgBR,xzLPHgBR,zjMT,ervbjnJ,brUJqRRw,DAOUcZf,zjMT,zjMT,zjMT,DAOUcZf
xT,xT,xzLPHgBR,xzLPHgBR,xzLPHgBR,zjMT,ervbjnJ,brUJqRRw,DAOUcZf,zjMT,zjMT,zjMT,DAOUcZf
xT,xT,xzLPHgBR,xzLPHgBR,xzLPHgBR,zjMT,ervbjnJ,brUJqRRw,DAOUcZf,zjMT,zjMT,zjMT,DAOUcZf
xT,xT,xzLPHgBR,xzLPHgBR,xzLPHgBR,zjMT,ervbjnJ,brUJqRRw,DAOUcZf,zjMT,zjMT,zjMT
xT,xT,xzLPHgBR,xzLPHgBR,xzLPHgBR,zjMT,ervbjnJ,brUJqRRw,DAOUcZf,zjMT,zjMT,zjMT,IFhsxqMXio,DAOUcZf,zjMT
brUJqRRw
xT,xT,xzLPHgBR,xzLPHgBR,xzLPHgBR,zjMT,ervbjnJ,brUJqRRw,DAOUcZf,zjMT,zjMT,zjMT
xT,xT,xzLPHgBR,xzLPHgBR,xzLPHgBR,zjMT,ervbjnJ,brUJqRRw,DAOUcZf,zjMT,zjMT,zjMT
brUJqRRw
brUJqRRw
xzLPHgBR
DAOUcZf
xT,xT,xzLPHgBR,xzLPHgBR,xzLPHgBR,ervbjnJ,brUJqRRw,zjMT,DAOUcZf,zjMT,zjMT,zjMT,zjMT,IFhsxqMXio
xT,xT,xzLPHgBR,xzLPHgBR,xzLPHgBR,ervbjnJ,brUJqRRw,zjMT,DAOUcZf,zjMT,zjMT,zjMT,zjMT,IFhsxqMXio
xT,xT,xzLPHgBR,xzLPHgBR,ervbjnJ,brUJqRRw,DAOUcZf,xzLPHgBR,zjMT,zjMT,zjMT,zjMT,IFhsxqMXio,xT
xT,xT,xzLPHgBR,xzLPHgBR,ervbjnJ,brUJqRRw,DAOUcZf,xzLPHgBR,zjMT,zjMT,zjMT,zjMT,IFhsxqMXio,xT
xzLPHgBR
xzLPHgBR
xT,xT,xzLPHgBR,brUJqRRw,DAOUcZf,xzLPHgBR,zjMT,xzLPHgBR,ervbjnJ,zjMT,zjMT,zjMT,IFhsxqMXio,xT
zjMT
xT,xT,xzLPHgBR,xzLPHgBR,ervbjnJ,brUJqRRw,DAOUcZf,xzLPHgBR,zjMT,zjMT,zjMT,zjMT,IFhsxqMXio,xT
IFhsxqMXio
IFhsxqMXio
xT,xT,xzLPHgBR,xzLPHgBR,ervbjnJ,brUJqRRw,DAOUcZf,xzLPHgBR,zjMT,IFhsxqMXio,zjMT,zjMT,zjMT,xT
xT,xT,xzLPHgBR,xzLPHgBR,ervbjnJ,brUJqRRw,DAOUcZf,xzLPHgBR,zjMT,IFhsxqMXio,zjMT,zjMT,zjMT,xT
zjMT
zjMT
zjMT
zjMT
zjMT
zjMT
zjMT
xT,xT,xzLPHgBR,brUJqRRw,xzLPHgBR,zjMT,IFhsxqMXio,zjMT,zjMT,zjMT,xT
zjMT
xT,xT,xzLPHgBR,brUJqRRw,DAOUcZf,xzLPHgBR,IFhsxqMXio,zjMT,zjMT,zjMT,zjMT,xT
xT,xT,xzLPHgBR,brUJqRRw,DAOUcZf,xzLPHgBR,IFhsxqMXio,zjMT,zjMT,zjMT,zjMT,xT
xT,xT,xzLPHgBR,brUJqRRw,DAOUcZf,xzLPHgBR,IFhsxqMXio,zjMT,zjMT,zjMT,zjMT,xT
xT,xT,xzLPHgBR,brUJqRRw,DAOUcZf,xzLPHgBR,IFhsxqMXio,zjMT,zjMT,zjMT,zjMT,xT
zjMT
xT,xT,xzLPHgBR,brUJqRRw,DAOUcZf,xzLPHgBR,IFhsxqMXio,zjMT,zjMT,zjMT,zjMT,xT
xT,xT,xzLPHgBR,brUJqRRw,xzLPHgBR,zjMT,zjMT,IFhsxqMXio,zjMT,zjMT,xT,xzLPHgBR,COiUBcP
zjMT
COiUBcP
xT,xzLPHgBR,brUJqRRw,xzLPHgBR,zjMT,zjMT,zjMT,zjMT,xT,xzLPHgBR,COiUBcP,xzLPHgBR
xT,xzLPHgBR,brUJqRRw,xzLPHgBR,zjMT,zjMT,IFhsxqMXio,zjMT,zjMT,xT,xzLPHgBR,COiUBcP,xzLPHgBR
COiUBcP
xT,xzLPHgBR,brUJqRRw,xzLPHgBR,zjMT,zjMT,IFhsxqMXio,zjMT,zjMT,xT,xzLPHgBR,xzLPHgBR,COiUBcP
xT
xzLPHgBR,xzLPHgBR,zjMT,zjMT,IFhsxqMXio,zjMT,zjMT,xT,xzLPHgBR,xzLPHgBR,brUJqRRw,xT,COiUBcP,IFhsxqMXio
Jedi Wagner, assuma o comando!