Toque! Toque, Dijê!
Toque! Toque, Dijê!
Toque! Toque, Dijê!
E,sAnh
E,sAnh,hoM
hoM,sAnh
hoM,E,sAnh
hoM,E,sAnh,dkNdSrJNwZ,sAnh,tqS
hoM,E,sAnh,dkNdSrJNwZ,sAnh,tqS
E,sAnh,hoM,dkNdSrJNwZ,sAnh,hoM
E,sAnh,hoM,sAnh,hoM,hoM
hoM
hoM
hoM
E,sAnh,hoM,sAnh,hoM,hoM
sAnh
hoM,E,sAnh,dkNdSrJNwZ,dx
sAnh
sAnh
sAnh
sAnh
sAnh
hoM,sAnh,dkNdSrJNwZ,dx,tqS
sAnh
sAnh
hoM,sAnh,dkNdSrJNwZ,dx,tqS
hoM,sAnh,dkNdSrJNwZ,dx,tqS
hoM,sAnh,dkNdSrJNwZ,dx,tqS
hoM,sAnh,dkNdSrJNwZ,dx,tqS,yyvFnjqhoJ
dx
dx
hoM,sAnh,dkNdSrJNwZ,dx,tqS,yyvFnjqhoJ
tqS
tqS
tqS
tqS
hoM,sAnh,dkNdSrJNwZ,dx,tqS,sy,yyvFnjqhoJ
hoM,sAnh,dkNdSrJNwZ,dx,tqS,sy,yyvFnjqhoJ,sy
tqS
tqS
tqS
hoM,sAnh,dkNdSrJNwZ,dx,sy,tqS,yyvFnjqhoJ,zkBo
yyvFnjqhoJ
hoM,sAnh,dkNdSrJNwZ,dx,tqS,yyvFnjqhoJ,zkBo,FbW
hoM,sAnh,dkNdSrJNwZ,tqS,FbW,zkBo,yyvFnjqhoJ
hoM,sAnh,dkNdSrJNwZ,tqS,zkBo,FbW,yyvFnjqhoJ
FbW
hoM,sAnh,dkNdSrJNwZ,tqS,zkBo,FbW,yyvFnjqhoJ
hoM,sAnh,dkNdSrJNwZ,tqS,zkBo,FbW,yyvFnjqhoJ,sy
hoM,sAnh,dkNdSrJNwZ,tqS,zkBo,FbW,yyvFnjqhoJ,sy
yyvFnjqhoJ
hoM,sAnh,dkNdSrJNwZ,tqS,zkBo,FbW,yyvFnjqhoJ,sy
hoM,sAnh,dkNdSrJNwZ,tqS,zkBo,FbW,yyvFnjqhoJ,sy
hoM
hoM,yyvFnjqhoJ,dkNdSrJNwZ,sAnh,tqS,zkBo,FbW,sy
hoM,zkBo,yyvFnjqhoJ,sAnh,tqS,sy,tqS,dkNdSrJNwZ
hoM,zkBo,yyvFnjqhoJ,sAnh,tqS,sy,tqS,dkNdSrJNwZ
hoM,zkBo,yyvFnjqhoJ,sAnh,tqS,sy,tqS,dkNdSrJNwZ
hoM,zkBo,yyvFnjqhoJ,sAnh,tqS,sy,tqS,dkNdSrJNwZ
hoM
hoM,zkBo,yyvFnjqhoJ,sAnh,tqS,sy,tqS,dkNdSrJNwZ
hoM,zkBo,yyvFnjqhoJ,sAnh,tqS,sy,tqS,dkNdSrJNwZ
hoM
hoM,sAnh,dkNdSrJNwZ,tqS,FbW,yyvFnjqhoJ,sy
hoM,sAnh,dkNdSrJNwZ,tqS,FbW,yyvFnjqhoJ,sy
hoM
sAnh
sAnh,hoM,dkNdSrJNwZ,tqS,yyvFnjqhoJ,sy,hoM,sAnh
sAnh,hoM,dkNdSrJNwZ,tqS,yyvFnjqhoJ,sy,hoM,sAnh,E
sAnh,hoM,dkNdSrJNwZ,tqS,yyvFnjqhoJ,sy,hoM,sAnh,E
hoM,sAnh,dkNdSrJNwZ,tqS,yyvFnjqhoJ,sy,hoM,sAnh,E
hoM
hoM
yyvFnjqhoJ,hoM,sAnh,dkNdSrJNwZ,tqS,hoM,sAnh,E,E
yyvFnjqhoJ,hoM,sAnh,dkNdSrJNwZ,tqS,hoM,sAnh,E,E
hoM,sAnh,dkNdSrJNwZ,tqS,yyvFnjqhoJ,hoM,sAnh,E,E
hoM,sAnh,dkNdSrJNwZ,tqS,yyvFnjqhoJ,hoM,sAnh,E,E
sAnh
hoM,sAnh,dkNdSrJNwZ,tqS,zkBo,yyvFnjqhoJ,sy,dx,FbW
sAnh
hoM,sAnh,dkNdSrJNwZ,tqS,zkBo,FbW,yyvFnjqhoJ,sy,dx
sAnh
hoM,sy,sAnh,dkNdSrJNwZ,tqS,zkBo,FbW,yyvFnjqhoJ,dx
hoM,sy,sAnh,dkNdSrJNwZ,tqS,zkBo,FbW,yyvFnjqhoJ,dx
hoM,sAnh,dkNdSrJNwZ,tqS,zkBo,FbW,yyvFnjqhoJ,sy
hoM,FbW,sAnh,dkNdSrJNwZ,tqS,zkBo,yyvFnjqhoJ,sy
hoM,FbW,sAnh,dkNdSrJNwZ,tqS,zkBo,yyvFnjqhoJ,sy
zkBo
zkBo
FbW
FbW
sAnh
hoM,sAnh,FbW,dkNdSrJNwZ,tqS,yyvFnjqhoJ,sy,dkNdSrJNwZ
hoM,sAnh,FbW,dkNdSrJNwZ,tqS,yyvFnjqhoJ,sy,dkNdSrJNwZ,sAnh,yyvFnjqhoJ
sAnh
sAnh
FbW
FbW
zkBo
zkBo
FbW,yyvFnjqhoJ,zkBo,dkNdSrJNwZ,dkNdSrJNwZ,hoM,zkBo,dx
yyvFnjqhoJ
zkBo
FbW,zkBo,yyvFnjqhoJ,dkNdSrJNwZ,dkNdSrJNwZ,hoM,zkBo
FbW,zkBo,yyvFnjqhoJ,dkNdSrJNwZ,dkNdSrJNwZ,hoM,zkBo
zkBo
zkBo
hoM
FbW,zkBo,dkNdSrJNwZ,hoM,dkNdSrJNwZ,hoM,zkBo
FbW,zkBo,dkNdSrJNwZ,hoM,dkNdSrJNwZ,hoM,zkBo,yyvFnjqhoJ,dx,dkNdSrJNwZ
dkNdSrJNwZ
FbW,zkBo,dkNdSrJNwZ,hoM,dkNdSrJNwZ,hoM,zkBo,yyvFnjqhoJ,dx,dkNdSrJNwZ
FbW,zkBo,dkNdSrJNwZ,hoM,dkNdSrJNwZ,hoM,zkBo,dx,dkNdSrJNwZ
dkNdSrJNwZ
dkNdSrJNwZ
dkNdSrJNwZ
FbW,zkBo,dkNdSrJNwZ,hoM,dkNdSrJNwZ,hoM,zkBo,yyvFnjqhoJ,dx,dkNdSrJNwZ
hoM
dkNdSrJNwZ
dkNdSrJNwZ
FbW,zkBo,dkNdSrJNwZ,hoM,dkNdSrJNwZ,hoM,zkBo,yyvFnjqhoJ,dx,dkNdSrJNwZ,tqS
FbW,zkBo,dkNdSrJNwZ,hoM,dkNdSrJNwZ,hoM,zkBo,yyvFnjqhoJ,dx,dkNdSrJNwZ,tqS
FbW,zkBo,dkNdSrJNwZ,hoM,dkNdSrJNwZ,hoM,zkBo,yyvFnjqhoJ,dx,dkNdSrJNwZ
FbW,dkNdSrJNwZ,hoM,dkNdSrJNwZ,zkBo,hoM,zkBo,yyvFnjqhoJ,dx,dkNdSrJNwZ
FbW,dkNdSrJNwZ,hoM,dkNdSrJNwZ,zkBo,hoM,zkBo,yyvFnjqhoJ,dx,dkNdSrJNwZ
zkBo
zkBo,hoM,dkNdSrJNwZ,yyvFnjqhoJ,dkNdSrJNwZ,hoM,zkBo,dx,dkNdSrJNwZ,dx
zkBo,hoM,dkNdSrJNwZ,yyvFnjqhoJ,dkNdSrJNwZ,hoM,zkBo,dx,dkNdSrJNwZ,dx
zkBo,hoM,dkNdSrJNwZ,yyvFnjqhoJ,dkNdSrJNwZ,hoM,zkBo,dx,dkNdSrJNwZ,dx,zkBo
dkNdSrJNwZ
dkNdSrJNwZ
dkNdSrJNwZ
hoM,dkNdSrJNwZ,yyvFnjqhoJ,dkNdSrJNwZ,hoM,zkBo,dx,dkNdSrJNwZ,dx,zkBo,yyvFnjqhoJ,sAnh
dkNdSrJNwZ
hoM,dkNdSrJNwZ,yyvFnjqhoJ,dkNdSrJNwZ,hoM,zkBo,dx,dkNdSrJNwZ,dx,zkBo,yyvFnjqhoJ,sAnh
dkNdSrJNwZ
hoM,dkNdSrJNwZ,yyvFnjqhoJ,dkNdSrJNwZ,zkBo,hoM,dx,dkNdSrJNwZ,dx,zkBo,yyvFnjqhoJ,sAnh
dkNdSrJNwZ
hoM,dkNdSrJNwZ,yyvFnjqhoJ,dkNdSrJNwZ,hoM,dx,dkNdSrJNwZ,dx,zkBo,yyvFnjqhoJ,sAnh,sy,zkBo
dkNdSrJNwZ
hoM,dkNdSrJNwZ,yyvFnjqhoJ,dkNdSrJNwZ,hoM,dx,dkNdSrJNwZ,dx,zkBo,yyvFnjqhoJ,sAnh,sy,zkBo
hoM
hoM,dkNdSrJNwZ,dkNdSrJNwZ,yyvFnjqhoJ,hoM,dx,dkNdSrJNwZ,dx,zkBo,yyvFnjqhoJ,sAnh,zkBo,sy
hoM,dkNdSrJNwZ,dkNdSrJNwZ,hoM,dx,dkNdSrJNwZ,dx,zkBo,yyvFnjqhoJ,sAnh,zkBo,sy,zkBo
hoM,dkNdSrJNwZ,dkNdSrJNwZ,hoM,dx,dkNdSrJNwZ,dx,zkBo,yyvFnjqhoJ,sAnh,zkBo,sy,zkBo,yyvFnjqhoJ
hoM,dkNdSrJNwZ,dkNdSrJNwZ,hoM,yyvFnjqhoJ,dx,dkNdSrJNwZ,dx,zkBo,sAnh,zkBo,sy,zkBo,yyvFnjqhoJ
hoM,dkNdSrJNwZ,dkNdSrJNwZ,hoM,dx,yyvFnjqhoJ,dkNdSrJNwZ,dx,zkBo,sAnh,zkBo,sy,zkBo,yyvFnjqhoJ
hoM,dkNdSrJNwZ,dkNdSrJNwZ,yyvFnjqhoJ,hoM,dx,dkNdSrJNwZ,dx,zkBo,yyvFnjqhoJ,sAnh,zkBo,sy
hoM,dkNdSrJNwZ,dkNdSrJNwZ,yyvFnjqhoJ,hoM,dx,dkNdSrJNwZ,dx,zkBo,yyvFnjqhoJ,sAnh,zkBo,sy
hoM,dkNdSrJNwZ,dkNdSrJNwZ,yyvFnjqhoJ,hoM,dx,dkNdSrJNwZ,dx,zkBo,yyvFnjqhoJ,sAnh,zkBo,sy
hoM,dkNdSrJNwZ,dkNdSrJNwZ,yyvFnjqhoJ,sy,hoM,dx,dkNdSrJNwZ,dx,zkBo,yyvFnjqhoJ,sAnh,zkBo
sy
hoM,dkNdSrJNwZ,dkNdSrJNwZ,yyvFnjqhoJ,sy,hoM,dkNdSrJNwZ,dx,zkBo,yyvFnjqhoJ,sAnh,zkBo
hoM
hoM
hoM,dkNdSrJNwZ,dkNdSrJNwZ,yyvFnjqhoJ,hoM,dx,dkNdSrJNwZ,dx,zkBo,yyvFnjqhoJ,sAnh,zkBo,sy
hoM,dkNdSrJNwZ,dkNdSrJNwZ,yyvFnjqhoJ,hoM,dx,dkNdSrJNwZ,dx,zkBo,yyvFnjqhoJ,sAnh,zkBo,sy,zkBo
hoM
hoM,dkNdSrJNwZ,dkNdSrJNwZ,yyvFnjqhoJ,E,hoM,dx,dkNdSrJNwZ,dx,zkBo,yyvFnjqhoJ,sAnh,zkBo,sy
hoM,dkNdSrJNwZ,dkNdSrJNwZ,yyvFnjqhoJ,hoM,dx,dkNdSrJNwZ,dx,zkBo,yyvFnjqhoJ,sAnh,zkBo,sy
hoM,dkNdSrJNwZ,dkNdSrJNwZ,yyvFnjqhoJ,hoM,dx,dkNdSrJNwZ,dx,zkBo,yyvFnjqhoJ,sAnh,zkBo,sy
hoM
hoM
hoM
hoM
hoM,dkNdSrJNwZ,dkNdSrJNwZ,yyvFnjqhoJ,hoM,dx,dkNdSrJNwZ,dx,zkBo,yyvFnjqhoJ,sAnh,zkBo,sy
hoM,dkNdSrJNwZ,dkNdSrJNwZ,yyvFnjqhoJ,hoM,dx,dkNdSrJNwZ,dx,zkBo,yyvFnjqhoJ,sAnh,zkBo,sy,dkNdSrJNwZ
hoM,dkNdSrJNwZ,dkNdSrJNwZ,yyvFnjqhoJ,hoM,dx,dkNdSrJNwZ,dx,zkBo,yyvFnjqhoJ,sAnh,zkBo,sy,dkNdSrJNwZ,hoM
hoM,dkNdSrJNwZ,dkNdSrJNwZ,yyvFnjqhoJ,hoM,dx,dkNdSrJNwZ,dx,zkBo,yyvFnjqhoJ,sAnh,zkBo,sy,dkNdSrJNwZ,hoM,sAnh
hoM,dkNdSrJNwZ,dkNdSrJNwZ,yyvFnjqhoJ,hoM,dx,dkNdSrJNwZ,dx,zkBo,yyvFnjqhoJ,sAnh,zkBo,dkNdSrJNwZ,hoM,sAnh
dkNdSrJNwZ
dkNdSrJNwZ
dkNdSrJNwZ
hoM,dkNdSrJNwZ,yyvFnjqhoJ,hoM,dkNdSrJNwZ,dx,dkNdSrJNwZ,dx,zkBo,yyvFnjqhoJ,sAnh,zkBo,dkNdSrJNwZ,hoM,sAnh,sAnh
hoM,dkNdSrJNwZ,yyvFnjqhoJ,hoM,dkNdSrJNwZ,dx,dkNdSrJNwZ,dx,zkBo,yyvFnjqhoJ,sAnh,zkBo,dkNdSrJNwZ,hoM,sAnh,sAnh,E
hoM,dkNdSrJNwZ,yyvFnjqhoJ,hoM,dkNdSrJNwZ,dx,sAnh,dkNdSrJNwZ,dx,zkBo,yyvFnjqhoJ,zkBo,dkNdSrJNwZ,hoM,sAnh,sAnh,tqS,zkBo,E
hoM,dkNdSrJNwZ,yyvFnjqhoJ,hoM,dkNdSrJNwZ,dx,sAnh,dkNdSrJNwZ,dx,zkBo,yyvFnjqhoJ,zkBo,dkNdSrJNwZ,hoM,sAnh,sAnh,tqS,zkBo,E
dx
Jedi Wagner, assuma o comando!