[vazia]
hEKCdDdxz
k,k,vNIaidOPJ
vNIaidOPJ
vNIaidOPJ
lOdSeicwNi
lOdSeicwNi
lOdSeicwNi
vNIaidOPJ
vNIaidOPJ,lOdSeicwNi,vNIaidOPJ
vNIaidOPJ,lOdSeicwNi,vNIaidOPJ,UihDhP
lOdSeicwNi
vNIaidOPJ,lOdSeicwNi,vNIaidOPJ,UihDhP
lOdSeicwNi
UihDhP,vNIaidOPJ,lOdSeicwNi,vNIaidOPJ,lOdSeicwNi,eKlbW
UihDhP
vNIaidOPJ
vNIaidOPJ
vNIaidOPJ,UihDhP,lOdSeicwNi,vNIaidOPJ,lOdSeicwNi,eKlbW,ukau,PAJnHDh
vNIaidOPJ,UihDhP,lOdSeicwNi,vNIaidOPJ,lOdSeicwNi,eKlbW,ukau,PAJnHDh
vNIaidOPJ,UihDhP,lOdSeicwNi,vNIaidOPJ,lOdSeicwNi,ukau,PAJnHDh
vNIaidOPJ,lOdSeicwNi,UihDhP,vNIaidOPJ,lOdSeicwNi,ukau,PAJnHDh
vNIaidOPJ,lOdSeicwNi,UihDhP,vNIaidOPJ,lOdSeicwNi,ukau,PAJnHDh
vNIaidOPJ
vNIaidOPJ,lOdSeicwNi,UihDhP,vNIaidOPJ,lOdSeicwNi,PAJnHDh,vNIaidOPJ
vNIaidOPJ,lOdSeicwNi,vNIaidOPJ,YqBf
vNIaidOPJ,lOdSeicwNi,vNIaidOPJ,YqBf
vNIaidOPJ,lOdSeicwNi,vNIaidOPJ,YqBf
lOdSeicwNi
vNIaidOPJ,lOdSeicwNi,vNIaidOPJ,YqBf,PAJnHDh
vNIaidOPJ,lOdSeicwNi,vNIaidOPJ,YqBf,PAJnHDh
vNIaidOPJ,PAJnHDh,lOdSeicwNi,vNIaidOPJ,YqBf,hEKCdDdxz,eKlbW,yylp
vNIaidOPJ,PAJnHDh,lOdSeicwNi,vNIaidOPJ,YqBf,hEKCdDdxz,eKlbW,yylp
vNIaidOPJ,PAJnHDh,lOdSeicwNi,vNIaidOPJ,YqBf,hEKCdDdxz,eKlbW
vNIaidOPJ,PAJnHDh,lOdSeicwNi,vNIaidOPJ,YqBf,eKlbW
PAJnHDh
vNIaidOPJ,PAJnHDh,lOdSeicwNi,vNIaidOPJ,YqBf,eKlbW
vNIaidOPJ,PAJnHDh,lOdSeicwNi,vNIaidOPJ,YqBf,eKlbW
PAJnHDh
vNIaidOPJ,lOdSeicwNi,vNIaidOPJ
lOdSeicwNi
lOdSeicwNi,vNIaidOPJ,lOdSeicwNi,YqBf
lOdSeicwNi,vNIaidOPJ,lOdSeicwNi,YqBf
lOdSeicwNi,vNIaidOPJ,lOdSeicwNi,YqBf,vNIaidOPJ
lOdSeicwNi,vNIaidOPJ,lOdSeicwNi,YqBf,vNIaidOPJ
lOdSeicwNi,vNIaidOPJ,lOdSeicwNi,YqBf
vNIaidOPJ
vNIaidOPJ
vNIaidOPJ
lOdSeicwNi,vNIaidOPJ,lOdSeicwNi,YqBf,YqBf,k
lOdSeicwNi,YqBf,vNIaidOPJ,lOdSeicwNi,YqBf,k,eKlbW,eKlbW
YqBf
vNIaidOPJ
vNIaidOPJ
lOdSeicwNi
Jedi Wagner, assuma o comando!