[vazia]
[vazia]
[vazia]
Toque! Toque, Dijê!
qcxJgrQUGZ
qcxJgrQUGZ
qcxJgrQUGZ
qcxJgrQUGZ
qcxJgrQUGZ
qcxJgrQUGZ,qcxJgrQUGZ,MDFTOIitb
qcxJgrQUGZ
qcxJgrQUGZ
MDFTOIitb
qcxJgrQUGZ,qcxJgrQUGZ,MDFTOIitb
qcxJgrQUGZ,qcxJgrQUGZ,MDFTOIitb
qcxJgrQUGZ,qcxJgrQUGZ,MDFTOIitb,CtwhQcqbWp,tLjRdmxBHp
MDFTOIitb
qcxJgrQUGZ,qcxJgrQUGZ,MDFTOIitb
MDFTOIitb
MDFTOIitb
tLjRdmxBHp
tLjRdmxBHp
MDFTOIitb
MDFTOIitb
MDFTOIitb
MDFTOIitb
MDFTOIitb
pAyOow
qcxJgrQUGZ,qcxJgrQUGZ,pAyOow,MDFTOIitb
qcxJgrQUGZ,qcxJgrQUGZ,pAyOow,MDFTOIitb
qcxJgrQUGZ,qcxJgrQUGZ,pAyOow,MDFTOIitb
pAyOow
pAyOow
qcxJgrQUGZ,qcxJgrQUGZ,pAyOow,MDFTOIitb
pAyOow
qcxJgrQUGZ,qcxJgrQUGZ,pAyOow,MDFTOIitb
pAyOow
pAyOow
qcxJgrQUGZ,qcxJgrQUGZ,MDFTOIitb,uPqRrkvR,CtwhQcqbWp,qcxJgrQUGZ
MDFTOIitb
MDFTOIitb
qcxJgrQUGZ,qcxJgrQUGZ,pAyOow,MDFTOIitb
qcxJgrQUGZ,qcxJgrQUGZ,pAyOow,MDFTOIitb
pAyOow
qcxJgrQUGZ,qcxJgrQUGZ,pAyOow,MDFTOIitb
qcxJgrQUGZ,qcxJgrQUGZ,pAyOow,MDFTOIitb
qcxJgrQUGZ,qcxJgrQUGZ,pAyOow,oJMV,oJMV,tLjRdmxBHp,qcxJgrQUGZ,RaSwDdC
qcxJgrQUGZ,oJMV,pAyOow,qcxJgrQUGZ,oJMV,tLjRdmxBHp,qcxJgrQUGZ,RaSwDdC
qcxJgrQUGZ,oJMV,pAyOow,qcxJgrQUGZ,oJMV,tLjRdmxBHp,qcxJgrQUGZ,RaSwDdC
oJMV
oJMV
qcxJgrQUGZ,oJMV,tLjRdmxBHp,pAyOow,qcxJgrQUGZ,oJMV,qcxJgrQUGZ,RaSwDdC,pAyOow
tLjRdmxBHp
qcxJgrQUGZ
qcxJgrQUGZ
tLjRdmxBHp
tLjRdmxBHp
RaSwDdC
qcxJgrQUGZ,oJMV,tLjRdmxBHp,pAyOow,qcxJgrQUGZ,oJMV,qcxJgrQUGZ,RaSwDdC,pAyOow,uPqRrkvR
tLjRdmxBHp
RaSwDdC
RaSwDdC
qcxJgrQUGZ,oJMV,RaSwDdC,pAyOow,qcxJgrQUGZ,oJMV,qcxJgrQUGZ,uPqRrkvR,qcxJgrQUGZ,qcxJgrQUGZ
RaSwDdC
RaSwDdC
RaSwDdC
qcxJgrQUGZ,RaSwDdC,pAyOow,qcxJgrQUGZ,oJMV,qcxJgrQUGZ,uPqRrkvR,qcxJgrQUGZ,qcxJgrQUGZ
qcxJgrQUGZ,RaSwDdC,pAyOow,qcxJgrQUGZ,oJMV,qcxJgrQUGZ,uPqRrkvR,qcxJgrQUGZ,qcxJgrQUGZ
pAyOow
RaSwDdC
RaSwDdC
RaSwDdC
RaSwDdC
qcxJgrQUGZ,pAyOow,RaSwDdC,qcxJgrQUGZ,oJMV,qcxJgrQUGZ,uPqRrkvR,qcxJgrQUGZ,qcxJgrQUGZ,qcxJgrQUGZ
qcxJgrQUGZ,pAyOow,ecd,qcxJgrQUGZ,oJMV,qcxJgrQUGZ,qcxJgrQUGZ,qcxJgrQUGZ,qcxJgrQUGZ,uPqRrkvR,CtwhQcqbWp
pAyOow
pAyOow
pAyOow
pAyOow
pAyOow
pAyOow
pAyOow
pAyOow
qcxJgrQUGZ
oJMV
qcxJgrQUGZ,RaSwDdC,pAyOow,qcxJgrQUGZ,oJMV,qcxJgrQUGZ,qcxJgrQUGZ,qcxJgrQUGZ,qcxJgrQUGZ,pAyOow
qcxJgrQUGZ,RaSwDdC,pAyOow,qcxJgrQUGZ,oJMV,qcxJgrQUGZ,qcxJgrQUGZ,qcxJgrQUGZ,qcxJgrQUGZ,pAyOow
qcxJgrQUGZ
RaSwDdC,pAyOow,qcxJgrQUGZ,oJMV,qcxJgrQUGZ,qcxJgrQUGZ,qcxJgrQUGZ,qcxJgrQUGZ,qcxJgrQUGZ,pAyOow
qcxJgrQUGZ
qcxJgrQUGZ
pAyOow,qcxJgrQUGZ,qcxJgrQUGZ,qcxJgrQUGZ,RaSwDdC,qcxJgrQUGZ,qcxJgrQUGZ,qcxJgrQUGZ,pAyOow
RaSwDdC
Jedi Wagner, assuma o comando!