Toque! Toque, Dijê!
vRHEuAsI
vRHEuAsI
vRHEuAsI
[vazia]
Toque! Toque, Dijê!
Toque! Toque, Dijê!
Toque! Toque, Dijê!
Toque! Toque, Dijê!
[vazia]
[vazia]
[vazia]
[vazia]
IjQBFJZIhl
IjQBFJZIhl,bGlv
IjQBFJZIhl,bGlv,HVG
[vazia]
[vazia]
Toque! Toque, Dijê!
[vazia]
Toque! Toque, Dijê!
[vazia]
[vazia]
Toque! Toque, Dijê!
Toque! Toque, Dijê!
Toque! Toque, Dijê!
Toque! Toque, Dijê!
[vazia]
[vazia]
bGlv
bGlv
[vazia]
Toque! Toque, Dijê!
bGlv
bGlv
vRHEuAsI
vRHEuAsI
vRHEuAsI
vRHEuAsI
vRHEuAsI
vRHEuAsI,oq
vRHEuAsI,oq,vRHEuAsI
oq
oq,vRHEuAsI,vRHEuAsI
oq,vRHEuAsI,vRHEuAsI,vRHEuAsI
vRHEuAsI
oq,HVG,vRHEuAsI,vRHEuAsI,bGlv,oq
oq,HVG,vRHEuAsI,vRHEuAsI,bGlv,oq
oq,HVG,vRHEuAsI,vRHEuAsI,bGlv,oq
oq,HVG,vRHEuAsI,vRHEuAsI,bGlv,oq
vRHEuAsI
oq,vRHEuAsI,HVG,bGlv,oq,gFqhXkWct
oq,HVG,vRHEuAsI,vRHEuAsI,bGlv,oq
vRHEuAsI
oq,HVG,vRHEuAsI,vRHEuAsI,bGlv,oq,GaNmTGMaW
oq,HVG,vRHEuAsI,vRHEuAsI,bGlv,oq,GaNmTGMaW
oq,HVG,vRHEuAsI,vRHEuAsI,bGlv,oq,GaNmTGMaW
oq,HVG,vRHEuAsI,vRHEuAsI,bGlv,oq,GaNmTGMaW
vRHEuAsI
oq,HVG,vRHEuAsI,vRHEuAsI,bGlv,oq
oq,HVG,vRHEuAsI,vRHEuAsI,bGlv,oq
vRHEuAsI
vRHEuAsI
oq,HVG,vRHEuAsI,vRHEuAsI,bGlv,oq,HVG
vRHEuAsI
HVG
HVG
oq,vRHEuAsI,vRHEuAsI,HVG,bGlv,oq,HVG,vRHEuAsI,IjQBFJZIhl,gFqhXkWct
HVG
HVG
oq
vRHEuAsI
oq,HVG,vRHEuAsI,vRHEuAsI,bGlv,oq,JHDBc
oq,vRHEuAsI,vRHEuAsI,bGlv,oq,JHDBc
vRHEuAsI
vRHEuAsI
vRHEuAsI
oq,HVG,vRHEuAsI,vRHEuAsI,bGlv,oq,gFqhXkWct
oq,vRHEuAsI,HVG,bGlv,oq
oq,vRHEuAsI,HVG,bGlv,oq
HVG
HVG
oq,vRHEuAsI,HVG,bGlv,oq
oq
vRHEuAsI,HVG,bGlv,oq,oq
vRHEuAsI,HVG,bGlv,oq,oq
vRHEuAsI,HVG,bGlv,oq,oq
vRHEuAsI,HVG,bGlv,oq,oq
vRHEuAsI,HVG,bGlv,oq,oq
vRHEuAsI,HVG,bGlv,oq,oq,oq,JHDBc
oq
oq
vRHEuAsI,bGlv,oq,oq,oq,JHDBc,gFqhXkWct,GaNmTGMaW
oq
oq
vRHEuAsI,gFqhXkWct,oq,oq,oq,JHDBc,GaNmTGMaW
vRHEuAsI
vRHEuAsI
vRHEuAsI
oq
vRHEuAsI,gFqhXkWct,oq,oq,oq,JHDBc,GaNmTGMaW
oq
oq
oq
oq
oq,oq,JHDBc,GaNmTGMaW
oq
oq,oq,GaNmTGMaW,gFqhXkWct
oq,oq,GaNmTGMaW,gFqhXkWct
oq,oq,GaNmTGMaW,gFqhXkWct,JHDBc,oU
oq
oq
oq,oU,GaNmTGMaW,gFqhXkWct,JHDBc,gFqhXkWct
oq,oU,GaNmTGMaW,gFqhXkWct,JHDBc,gFqhXkWct
JHDBc
oq,GaNmTGMaW,gFqhXkWct,JHDBc,gFqhXkWct,bGlv,gFqhXkWct
oq,oU,gFqhXkWct,JHDBc,GaNmTGMaW,gFqhXkWct,oU
oU
oq,gFqhXkWct,JHDBc,GaNmTGMaW,oU,gFqhXkWct,oU
oq,gFqhXkWct,JHDBc,GaNmTGMaW,oU,gFqhXkWct,oU
oU
oq,oU,GaNmTGMaW,gFqhXkWct,JHDBc,gFqhXkWct,JHDBc
oq,oU,GaNmTGMaW,gFqhXkWct,JHDBc,gFqhXkWct
gFqhXkWct
gFqhXkWct
oq,gFqhXkWct,JHDBc,gFqhXkWct,GaNmTGMaW,JHDBc,gFqhXkWct,gFqhXkWct
oq,GaNmTGMaW,gFqhXkWct,JHDBc,gFqhXkWct,JHDBc,gFqhXkWct,gFqhXkWct
oq,GaNmTGMaW,gFqhXkWct,JHDBc,gFqhXkWct,JHDBc,gFqhXkWct,gFqhXkWct
oq,GaNmTGMaW,gFqhXkWct,JHDBc,gFqhXkWct,JHDBc,gFqhXkWct,gFqhXkWct
gFqhXkWct
gFqhXkWct
gFqhXkWct
oq
oU,GaNmTGMaW,gFqhXkWct,JHDBc,gFqhXkWct,oq,JHDBc,gFqhXkWct,gFqhXkWct,oU
oq,oU,GaNmTGMaW,gFqhXkWct,JHDBc,gFqhXkWct,JHDBc,gFqhXkWct,gFqhXkWct
oq,oU,GaNmTGMaW,gFqhXkWct,JHDBc,gFqhXkWct,JHDBc,gFqhXkWct,gFqhXkWct
oq,oU,GaNmTGMaW,gFqhXkWct,JHDBc,gFqhXkWct,JHDBc,gFqhXkWct,gFqhXkWct,vRHEuAsI
gFqhXkWct
gFqhXkWct
JHDBc
oq,oU,gFqhXkWct,JHDBc,gFqhXkWct,JHDBc,GaNmTGMaW,gFqhXkWct,gFqhXkWct,vRHEuAsI
oq,oU,gFqhXkWct,JHDBc,gFqhXkWct,JHDBc,GaNmTGMaW,gFqhXkWct,gFqhXkWct,vRHEuAsI
GaNmTGMaW
oq,oU,gFqhXkWct,JHDBc,gFqhXkWct,JHDBc,GaNmTGMaW,gFqhXkWct,gFqhXkWct,vRHEuAsI
JHDBc
oq,oU,GaNmTGMaW,gFqhXkWct,JHDBc,gFqhXkWct,JHDBc,gFqhXkWct,gFqhXkWct,vRHEuAsI,JHDBc
oq,oU,GaNmTGMaW,gFqhXkWct,JHDBc,gFqhXkWct,JHDBc,gFqhXkWct,gFqhXkWct,vRHEuAsI,oq
JHDBc
oq,oU,GaNmTGMaW,gFqhXkWct,JHDBc,gFqhXkWct,JHDBc,gFqhXkWct,gFqhXkWct,vRHEuAsI,oq
oq,GaNmTGMaW,gFqhXkWct,JHDBc,gFqhXkWct,JHDBc,oU,gFqhXkWct,gFqhXkWct,vRHEuAsI,oq,bGlv
oq,GaNmTGMaW,gFqhXkWct,JHDBc,gFqhXkWct,JHDBc,oU,gFqhXkWct,gFqhXkWct,vRHEuAsI,oq,bGlv
oU
oq,GaNmTGMaW,gFqhXkWct,JHDBc,gFqhXkWct,JHDBc,oU,gFqhXkWct,gFqhXkWct,vRHEuAsI,oq,bGlv
oU
vRHEuAsI
oq,GaNmTGMaW,gFqhXkWct,JHDBc,gFqhXkWct,JHDBc,oU,gFqhXkWct,gFqhXkWct,vRHEuAsI,oq,bGlv
oU
JHDBc,gFqhXkWct,JHDBc,oU,gFqhXkWct,gFqhXkWct,gFqhXkWct,vRHEuAsI,oq,bGlv
gFqhXkWct
JHDBc,gFqhXkWct,JHDBc,oU,gFqhXkWct,gFqhXkWct,gFqhXkWct,vRHEuAsI,oq,bGlv,JHDBc
JHDBc,JHDBc,oU,gFqhXkWct,gFqhXkWct,gFqhXkWct,gFqhXkWct,vRHEuAsI,oq,JHDBc,gFqhXkWct
JHDBc,JHDBc,oU,gFqhXkWct,gFqhXkWct,gFqhXkWct,gFqhXkWct,vRHEuAsI,oq,JHDBc
JHDBc,JHDBc,oU,gFqhXkWct,gFqhXkWct,gFqhXkWct,gFqhXkWct,vRHEuAsI,oq,JHDBc
JHDBc,JHDBc,oU,gFqhXkWct,gFqhXkWct,gFqhXkWct,gFqhXkWct,vRHEuAsI,oq,JHDBc
oU
oq,GaNmTGMaW,gFqhXkWct,JHDBc,gFqhXkWct,JHDBc,oU,gFqhXkWct,gFqhXkWct,vRHEuAsI,oq,bGlv
gFqhXkWct
gFqhXkWct,JHDBc,gFqhXkWct,JHDBc,oU,gFqhXkWct,gFqhXkWct,oq,vRHEuAsI,oq,GaNmTGMaW
gFqhXkWct,JHDBc,gFqhXkWct,JHDBc,oU,gFqhXkWct,gFqhXkWct,oq,vRHEuAsI,oq,GaNmTGMaW
oq
JHDBc,gFqhXkWct,JHDBc,oU,gFqhXkWct,gFqhXkWct,oq,vRHEuAsI,oq,GaNmTGMaW,oU
oq
JHDBc,gFqhXkWct,JHDBc,oU,gFqhXkWct,gFqhXkWct,oq,vRHEuAsI,oq,GaNmTGMaW,oU,vRHEuAsI
oq
JHDBc,gFqhXkWct,JHDBc,gFqhXkWct,gFqhXkWct,oq,vRHEuAsI,oq,GaNmTGMaW,oU,vRHEuAsI
JHDBc,gFqhXkWct,JHDBc,gFqhXkWct,gFqhXkWct,oq,vRHEuAsI,oq,GaNmTGMaW,oU,vRHEuAsI
JHDBc,gFqhXkWct,JHDBc,gFqhXkWct,gFqhXkWct,oq,vRHEuAsI,oq,GaNmTGMaW,oU,vRHEuAsI
oq
JHDBc,gFqhXkWct,JHDBc,oU,gFqhXkWct,gFqhXkWct,oq,gFqhXkWct,vRHEuAsI,oq,GaNmTGMaW,oq,JHDBc
gFqhXkWct
JHDBc,gFqhXkWct,JHDBc,oU,gFqhXkWct,gFqhXkWct,oq,gFqhXkWct,vRHEuAsI,oq,GaNmTGMaW,oq,JHDBc
vRHEuAsI
vRHEuAsI
JHDBc,gFqhXkWct,JHDBc,oU,gFqhXkWct,gFqhXkWct,oq,gFqhXkWct,vRHEuAsI,oq,GaNmTGMaW,oq,JHDBc
JHDBc,gFqhXkWct,JHDBc,oU,gFqhXkWct,gFqhXkWct,oq,gFqhXkWct,vRHEuAsI,oq,GaNmTGMaW,oq,JHDBc
vRHEuAsI
JHDBc,gFqhXkWct,JHDBc,oU,gFqhXkWct,gFqhXkWct,gFqhXkWct,vRHEuAsI,oq,oq,GaNmTGMaW,oq,JHDBc
JHDBc,gFqhXkWct,JHDBc,oU,gFqhXkWct,gFqhXkWct,gFqhXkWct,vRHEuAsI,oq,oq,GaNmTGMaW,oq,JHDBc
oq
JHDBc,gFqhXkWct,JHDBc,oU,gFqhXkWct,gFqhXkWct,gFqhXkWct,vRHEuAsI,oq,oq,GaNmTGMaW,oq,JHDBc,bGlv
oq
JHDBc,gFqhXkWct,JHDBc,oU,gFqhXkWct,gFqhXkWct,gFqhXkWct,vRHEuAsI,oq,oq,GaNmTGMaW,oq,JHDBc,bGlv
JHDBc,gFqhXkWct,JHDBc,oU,gFqhXkWct,gFqhXkWct,gFqhXkWct,vRHEuAsI,oq,oq,GaNmTGMaW,oq,JHDBc,bGlv
oq
bGlv
JHDBc,gFqhXkWct,JHDBc,oU,gFqhXkWct,gFqhXkWct,gFqhXkWct,vRHEuAsI,bGlv,oq,oq,GaNmTGMaW,oq,JHDBc,GaNmTGMaW,gFqhXkWct
vRHEuAsI
vRHEuAsI
JHDBc,gFqhXkWct,JHDBc,oU,gFqhXkWct,gFqhXkWct,oq,gFqhXkWct,vRHEuAsI,oq,GaNmTGMaW,oq,JHDBc
JHDBc,gFqhXkWct,JHDBc,oU,gFqhXkWct,gFqhXkWct,oq,gFqhXkWct,vRHEuAsI,oq,GaNmTGMaW,oq,JHDBc
vRHEuAsI
vRHEuAsI
JHDBc,JHDBc,oU,gFqhXkWct,gFqhXkWct,oq,gFqhXkWct,vRHEuAsI,oq,GaNmTGMaW,oq,JHDBc,oU
oU
oU
JHDBc,JHDBc,gFqhXkWct,gFqhXkWct,gFqhXkWct,vRHEuAsI,oU,GaNmTGMaW,oq,JHDBc,bGlv
JHDBc,JHDBc,gFqhXkWct,gFqhXkWct,gFqhXkWct,oU,GaNmTGMaW,oq,JHDBc,bGlv
oU
JHDBc,JHDBc,gFqhXkWct,gFqhXkWct,gFqhXkWct,oU,GaNmTGMaW,oq,JHDBc,gFqhXkWct,bGlv,GaNmTGMaW
JHDBc,JHDBc,gFqhXkWct,gFqhXkWct,gFqhXkWct,oU,GaNmTGMaW,oq,JHDBc,gFqhXkWct,GaNmTGMaW
JHDBc,JHDBc,gFqhXkWct,gFqhXkWct,gFqhXkWct,oU,GaNmTGMaW,oq,JHDBc,gFqhXkWct,GaNmTGMaW
JHDBc,JHDBc,gFqhXkWct,gFqhXkWct,gFqhXkWct,oU,GaNmTGMaW,oq,JHDBc,gFqhXkWct,GaNmTGMaW
JHDBc,JHDBc,gFqhXkWct,gFqhXkWct,gFqhXkWct,oU,GaNmTGMaW,oq,JHDBc,gFqhXkWct,GaNmTGMaW
JHDBc,JHDBc,gFqhXkWct,gFqhXkWct,gFqhXkWct,oU,GaNmTGMaW,oq,JHDBc,gFqhXkWct,GaNmTGMaW
JHDBc,JHDBc,gFqhXkWct,gFqhXkWct,gFqhXkWct,oU,GaNmTGMaW,oq,JHDBc,gFqhXkWct,GaNmTGMaW
JHDBc
JHDBc,JHDBc,gFqhXkWct,gFqhXkWct,gFqhXkWct,oU,GaNmTGMaW,oq,JHDBc,gFqhXkWct,GaNmTGMaW
JHDBc,JHDBc,gFqhXkWct,gFqhXkWct,gFqhXkWct,oU,GaNmTGMaW,oq,JHDBc,gFqhXkWct,GaNmTGMaW
JHDBc
JHDBc,JHDBc,gFqhXkWct,gFqhXkWct,gFqhXkWct,oU,GaNmTGMaW,oq,JHDBc,gFqhXkWct,GaNmTGMaW
JHDBc
JHDBc
gFqhXkWct
JHDBc,JHDBc,gFqhXkWct,gFqhXkWct,gFqhXkWct,oU,GaNmTGMaW,oq,JHDBc,gFqhXkWct,GaNmTGMaW,vRHEuAsI
gFqhXkWct
gFqhXkWct
JHDBc,JHDBc,gFqhXkWct,gFqhXkWct,gFqhXkWct,oU,GaNmTGMaW,oq,JHDBc,gFqhXkWct,GaNmTGMaW,vRHEuAsI,JHDBc
GaNmTGMaW
GaNmTGMaW
GaNmTGMaW
JHDBc,JHDBc,gFqhXkWct,gFqhXkWct,gFqhXkWct,oU,GaNmTGMaW,oq,JHDBc,gFqhXkWct,GaNmTGMaW,vRHEuAsI
JHDBc,JHDBc,gFqhXkWct,gFqhXkWct,gFqhXkWct,oU,GaNmTGMaW,oq,JHDBc,gFqhXkWct,GaNmTGMaW,vRHEuAsI
JHDBc,JHDBc,gFqhXkWct,gFqhXkWct,gFqhXkWct,GaNmTGMaW,oq,JHDBc,gFqhXkWct,GaNmTGMaW,vRHEuAsI
JHDBc,JHDBc,gFqhXkWct,gFqhXkWct,gFqhXkWct,GaNmTGMaW,oq,JHDBc,gFqhXkWct,GaNmTGMaW,vRHEuAsI
JHDBc,JHDBc,gFqhXkWct,gFqhXkWct,gFqhXkWct,GaNmTGMaW,oq,JHDBc,gFqhXkWct,GaNmTGMaW,vRHEuAsI
GaNmTGMaW
JHDBc
JHDBc
oq
JHDBc,JHDBc,oq,gFqhXkWct,gFqhXkWct,gFqhXkWct,GaNmTGMaW,JHDBc,gFqhXkWct,GaNmTGMaW,vRHEuAsI
gFqhXkWct
JHDBc,JHDBc,oq,gFqhXkWct,gFqhXkWct,gFqhXkWct,GaNmTGMaW,JHDBc,gFqhXkWct,GaNmTGMaW,vRHEuAsI
gFqhXkWct
JHDBc,JHDBc,oq,gFqhXkWct,gFqhXkWct,gFqhXkWct,GaNmTGMaW,JHDBc,gFqhXkWct,GaNmTGMaW,vRHEuAsI,vRHEuAsI
JHDBc,JHDBc,oq,gFqhXkWct,gFqhXkWct,gFqhXkWct,GaNmTGMaW,JHDBc,gFqhXkWct,GaNmTGMaW,vRHEuAsI,vRHEuAsI
gFqhXkWct
gFqhXkWct
JHDBc,JHDBc,oq,gFqhXkWct,gFqhXkWct,gFqhXkWct,GaNmTGMaW,JHDBc,gFqhXkWct,GaNmTGMaW,vRHEuAsI
gFqhXkWct
JHDBc,JHDBc,oq,gFqhXkWct,gFqhXkWct,gFqhXkWct,GaNmTGMaW,JHDBc,gFqhXkWct,GaNmTGMaW,vRHEuAsI
JHDBc,oq,gFqhXkWct,gFqhXkWct,gFqhXkWct,GaNmTGMaW,JHDBc,JHDBc,gFqhXkWct,GaNmTGMaW
JHDBc,JHDBc,oq,gFqhXkWct,gFqhXkWct,gFqhXkWct,GaNmTGMaW,JHDBc,gFqhXkWct,GaNmTGMaW,vRHEuAsI
Jedi Wagner, assuma o comando!