[vazia]
Toque! Toque, Dijê!
HEtStLJ
HEtStLJ,bFO,bFO
Toque! Toque, Dijê!
Toque! Toque, Dijê!
bFO
[vazia]
HEtStLJ
HEtStLJ
HEtStLJ
HEtStLJ
HEtStLJ
HEtStLJ
HEtStLJ
bFO
bFO,bFO
bFO
bFO
bFO
bFO
bFO
bFO
bFO
bFO
Toque! Toque, Dijê!
[vazia]
[vazia]
bFO
HEtStLJ
bFO,HEtStLJ,HEtStLJ
bFO,HEtStLJ,HEtStLJ
bFO,HEtStLJ,HEtStLJ
HEtStLJ
HEtStLJ,bFO
bFO,HEtStLJ,HEtStLJ
HEtStLJ
HEtStLJ
bFO,HEtStLJ,HEtStLJ,HEtStLJ
bFO,HEtStLJ,HEtStLJ,HEtStLJ
bFO,HEtStLJ,HEtStLJ,HEtStLJ
HEtStLJ
HEtStLJ
HEtStLJ
bFO,HEtStLJ,HEtStLJ,bFO
bFO
HEtStLJ
HEtStLJ
HEtStLJ
HEtStLJ
HEtStLJ,HEtStLJ,HEtStLJ,HEtStLJ
HEtStLJ
HEtStLJ
HEtStLJ,HEtStLJ
HEtStLJ,HEtStLJ
HEtStLJ
HEtStLJ
bFO
bFO,bFO,bFO,bFO
bFO
bFO
bFO
bFO,bFO,bFO,bFO
bFO
bFO,bFO,bFO,bFO,bFO,bFO
bFO
bFO
bFO,bFO,bFO,bFO,bFO,bFO
bFO
bFO,bFO,bFO,bFO,bFO,bFO,HEtStLJ
bFO
bFO,bFO,bFO,bFO,bFO,bFO,HEtStLJ
bFO,bFO,bFO,bFO,bFO
bFO
bFO
bFO,bFO,bFO,bFO,bFO,bFO,HEtStLJ,bFO
bFO
bFO,bFO,bFO,bFO,bFO,bFO,HEtStLJ,bFO
bFO
bFO
bFO,bFO,bFO,bFO,bFO,bFO
bFO,bFO,bFO,bFO,bFO,bFO
bFO,bFO,bFO,bFO
bFO,bFO,bFO,bFO
bFO
bFO,bFO,bFO,bFO,HEtStLJ
bFO
bFO
bFO,bFO,bFO,bFO,HEtStLJ,HEtStLJ
bFO
bFO,bFO,bFO,bFO,HEtStLJ,HEtStLJ
bFO
bFO,bFO,bFO,bFO,HEtStLJ,HEtStLJ
bFO
bFO
bFO
bFO,bFO,bFO,HEtStLJ,HEtStLJ
bFO,bFO,bFO,HEtStLJ,HEtStLJ
bFO,bFO,bFO,HEtStLJ,HEtStLJ
bFO,bFO,bFO,bFO,HEtStLJ,HEtStLJ
bFO
bFO,bFO,bFO,bFO,HEtStLJ,HEtStLJ
bFO
bFO,bFO,bFO,bFO,HEtStLJ
bFO,bFO,bFO,HEtStLJ,bFO
bFO,bFO,bFO,HEtStLJ,bFO,bFO
bFO
bFO
bFO,bFO,bFO,HEtStLJ,bFO,bFO,HEtStLJ,HEtStLJ
bFO,bFO,bFO,HEtStLJ,bFO,bFO,HEtStLJ,HEtStLJ
bFO,bFO,bFO,HEtStLJ,bFO,bFO,HEtStLJ,HEtStLJ
bFO,bFO,HEtStLJ,bFO,bFO,HEtStLJ,HEtStLJ
HEtStLJ,bFO,bFO,bFO,bFO,HEtStLJ,HEtStLJ
bFO
bFO
bFO
bFO,HEtStLJ,bFO,bFO,HEtStLJ,HEtStLJ,bFO
HEtStLJ
bFO,HEtStLJ,bFO,bFO,HEtStLJ,HEtStLJ,bFO
HEtStLJ
bFO,HEtStLJ,bFO,HEtStLJ,HEtStLJ,bFO
bFO,bFO,bFO,bFO,HEtStLJ,HEtStLJ
bFO,bFO,bFO,bFO,HEtStLJ,HEtStLJ
bFO
bFO
HEtStLJ,bFO,bFO,bFO,bFO,HEtStLJ,HEtStLJ
HEtStLJ,bFO,bFO,bFO,bFO,HEtStLJ,HEtStLJ
HEtStLJ,bFO,bFO,bFO,bFO,HEtStLJ,HEtStLJ
HEtStLJ,bFO,bFO,bFO,HEtStLJ,HEtStLJ,bFO
bFO
bFO,bFO,bFO,HEtStLJ,HEtStLJ,bFO
bFO
bFO
bFO
bFO,bFO
bFO,bFO
bFO,bFO
bFO
bFO
bFO,bFO
bFO
bFO
bFO
bFO,bFO
bFO,bFO
bFO
bFO,bFO
bFO
bFO
bFO
bFO,bFO
bFO,bFO
bFO,HEtStLJ
bFO,HEtStLJ
Jedi Wagner, assuma o comando!