[vazia]
[vazia]
jrMiuybN
jrMiuybN,zXOvaJU
[vazia]
[vazia]
Toque! Toque, Dijê!
Toque! Toque, Dijê!
[vazia]
Toque! Toque, Dijê!
TFT
TFT
Toque! Toque, Dijê!
zXOvaJU
zXOvaJU
Toque! Toque, Dijê!
zXOvaJU
zXOvaJU
zXOvaJU
zXOvaJU
kVfbePHkii
zXOvaJU,zXOvaJU,kVfbePHkii
zXOvaJU,zXOvaJU,kVfbePHkii
TFT
TFT
zXOvaJU,zXOvaJU,kVfbePHkii,zXOvaJU
zXOvaJU
jrMiuybN
jrMiuybN,zXOvaJU,zXOvaJU,kVfbePHkii,zXOvaJU,TFT,kVfbePHkii
TFT,jrMiuybN,zXOvaJU,zXOvaJU,kVfbePHkii,zXOvaJU,kVfbePHkii,zXOvaJU,zXOvaJU
zXOvaJU
zXOvaJU
zXOvaJU
zXOvaJU
TFT,zXOvaJU,zXOvaJU,kVfbePHkii,zXOvaJU,kVfbePHkii,zXOvaJU,zXOvaJU,jrMiuybN
zXOvaJU
TFT,zXOvaJU,zXOvaJU,kVfbePHkii,zXOvaJU,kVfbePHkii,zXOvaJU,zXOvaJU
zXOvaJU
zXOvaJU
TFT,zXOvaJU,zXOvaJU,zXOvaJU,kVfbePHkii,zXOvaJU,zXOvaJU
zXOvaJU,zXOvaJU,zXOvaJU,kVfbePHkii,zXOvaJU,zXOvaJU
zXOvaJU
zXOvaJU
zXOvaJU
zXOvaJU,zXOvaJU,zXOvaJU,zXOvaJU,zXOvaJU
zXOvaJU,zXOvaJU,zXOvaJU,zXOvaJU,zXOvaJU
zXOvaJU,zXOvaJU,zXOvaJU,zXOvaJU,zXOvaJU
zXOvaJU,zXOvaJU,zXOvaJU,zXOvaJU,zXOvaJU
zXOvaJU
zXOvaJU,zXOvaJU,zXOvaJU,zXOvaJU,zXOvaJU,jrMiuybN
jrMiuybN
zXOvaJU
zXOvaJU,jrMiuybN,zXOvaJU,zXOvaJU,zXOvaJU,zXOvaJU,jrMiuybN,zXOvaJU,jrMiuybN
zXOvaJU
zXOvaJU
zXOvaJU,zXOvaJU,zXOvaJU,zXOvaJU,jrMiuybN,zXOvaJU,jrMiuybN,zXOvaJU
zXOvaJU
zXOvaJU
zXOvaJU
zXOvaJU,zXOvaJU,zXOvaJU,zXOvaJU,jrMiuybN,zXOvaJU,jrMiuybN
zXOvaJU,zXOvaJU,zXOvaJU,zXOvaJU,jrMiuybN,zXOvaJU,jrMiuybN
zXOvaJU,zXOvaJU,zXOvaJU,jrMiuybN,zXOvaJU,jrMiuybN,zXOvaJU,TFT
zXOvaJU,zXOvaJU,zXOvaJU,jrMiuybN,zXOvaJU,jrMiuybN,zXOvaJU,jrMiuybN,zXOvaJU
zXOvaJU,zXOvaJU,zXOvaJU,zXOvaJU,jrMiuybN,zXOvaJU,jrMiuybN,zXOvaJU
zXOvaJU
zXOvaJU
zXOvaJU,zXOvaJU,zXOvaJU,jrMiuybN,zXOvaJU,jrMiuybN,zXOvaJU
zXOvaJU,zXOvaJU,zXOvaJU,jrMiuybN,zXOvaJU,jrMiuybN,zXOvaJU
zXOvaJU
zXOvaJU,zXOvaJU,jrMiuybN,zXOvaJU,jrMiuybN,zXOvaJU
jrMiuybN
jrMiuybN,zXOvaJU,jrMiuybN,zXOvaJU,zXOvaJU,zXOvaJU
jrMiuybN,zXOvaJU,jrMiuybN,zXOvaJU,zXOvaJU,zXOvaJU
jrMiuybN
jrMiuybN
jrMiuybN
jrMiuybN,zXOvaJU,jrMiuybN,zXOvaJU,zXOvaJU,zXOvaJU,kVfbePHkii
jrMiuybN,zXOvaJU,jrMiuybN,zXOvaJU,zXOvaJU,zXOvaJU,TFT
jrMiuybN,zXOvaJU,jrMiuybN,zXOvaJU,zXOvaJU,zXOvaJU,TFT
TFT,zXOvaJU,jrMiuybN,jrMiuybN,zXOvaJU,zXOvaJU,zXOvaJU
TFT
TFT,zXOvaJU,jrMiuybN,zXOvaJU,zXOvaJU,zXOvaJU,zXOvaJU,kVfbePHkii
kVfbePHkii,TFT,zXOvaJU,jrMiuybN,zXOvaJU,zXOvaJU,zXOvaJU,zXOvaJU
kVfbePHkii
jrMiuybN
jrMiuybN
jrMiuybN
jrMiuybN,zXOvaJU,jrMiuybN,zXOvaJU,zXOvaJU,zXOvaJU
jrMiuybN
kVfbePHkii,jrMiuybN,zXOvaJU,jrMiuybN,zXOvaJU,zXOvaJU,zXOvaJU
jrMiuybN
jrMiuybN,jrMiuybN,zXOvaJU,zXOvaJU,zXOvaJU
zXOvaJU,jrMiuybN,jrMiuybN,zXOvaJU,zXOvaJU
jrMiuybN
jrMiuybN,zXOvaJU,zXOvaJU,zXOvaJU,zXOvaJU,jrMiuybN,jrMiuybN
jrMiuybN
jrMiuybN
jrMiuybN
jrMiuybN
jrMiuybN
jrMiuybN,zXOvaJU,zXOvaJU,zXOvaJU,zXOvaJU,jrMiuybN,jrMiuybN,zXOvaJU,jrMiuybN
zXOvaJU
zXOvaJU
zXOvaJU,zXOvaJU,zXOvaJU,zXOvaJU,jrMiuybN,jrMiuybN,zXOvaJU,jrMiuybN
zXOvaJU,zXOvaJU,zXOvaJU,zXOvaJU,jrMiuybN,jrMiuybN,zXOvaJU,jrMiuybN
zXOvaJU
jrMiuybN,zXOvaJU,zXOvaJU,zXOvaJU,zXOvaJU,jrMiuybN,jrMiuybN,zXOvaJU,jrMiuybN,zXOvaJU
jrMiuybN,zXOvaJU,zXOvaJU,zXOvaJU,zXOvaJU,jrMiuybN,jrMiuybN,zXOvaJU,jrMiuybN,zXOvaJU,kVfbePHkii
jrMiuybN,zXOvaJU,zXOvaJU,zXOvaJU,zXOvaJU,jrMiuybN,jrMiuybN,zXOvaJU,jrMiuybN,zXOvaJU,kVfbePHkii
jrMiuybN
jrMiuybN,zXOvaJU,zXOvaJU,zXOvaJU,zXOvaJU,jrMiuybN,jrMiuybN,zXOvaJU,jrMiuybN,zXOvaJU,kVfbePHkii,jrMiuybN
jrMiuybN,zXOvaJU,zXOvaJU,zXOvaJU,zXOvaJU,jrMiuybN,jrMiuybN,zXOvaJU,jrMiuybN,zXOvaJU,kVfbePHkii,jrMiuybN
jrMiuybN,zXOvaJU,zXOvaJU,zXOvaJU,zXOvaJU,jrMiuybN,jrMiuybN,zXOvaJU,jrMiuybN,zXOvaJU,kVfbePHkii,jrMiuybN
jrMiuybN,zXOvaJU,zXOvaJU,zXOvaJU,zXOvaJU,jrMiuybN,jrMiuybN,zXOvaJU,jrMiuybN,zXOvaJU,kVfbePHkii,jrMiuybN
jrMiuybN,zXOvaJU,zXOvaJU,zXOvaJU,zXOvaJU,jrMiuybN,jrMiuybN,zXOvaJU,jrMiuybN,zXOvaJU,kVfbePHkii,jrMiuybN
jrMiuybN,zXOvaJU,zXOvaJU,zXOvaJU,zXOvaJU,jrMiuybN,jrMiuybN,zXOvaJU,jrMiuybN,zXOvaJU,kVfbePHkii,jrMiuybN
zXOvaJU,zXOvaJU,zXOvaJU,zXOvaJU,jrMiuybN,jrMiuybN,jrMiuybN,zXOvaJU,jrMiuybN,zXOvaJU,kVfbePHkii
jrMiuybN
jrMiuybN
jrMiuybN
jrMiuybN
zXOvaJU,zXOvaJU,zXOvaJU,zXOvaJU,jrMiuybN,jrMiuybN,zXOvaJU,jrMiuybN,zXOvaJU,kVfbePHkii,zXOvaJU
zXOvaJU,zXOvaJU,zXOvaJU,zXOvaJU,jrMiuybN,jrMiuybN,zXOvaJU,jrMiuybN,zXOvaJU,kVfbePHkii,zXOvaJU,jrMiuybN
jrMiuybN
zXOvaJU,zXOvaJU,zXOvaJU,zXOvaJU,jrMiuybN,zXOvaJU,jrMiuybN,zXOvaJU,kVfbePHkii,zXOvaJU,jrMiuybN,jrMiuybN,TFT
jrMiuybN
zXOvaJU,zXOvaJU,zXOvaJU,zXOvaJU,jrMiuybN,zXOvaJU,jrMiuybN,zXOvaJU,zXOvaJU,jrMiuybN,jrMiuybN,TFT,jrMiuybN,TFT
zXOvaJU,zXOvaJU,zXOvaJU,zXOvaJU,jrMiuybN,zXOvaJU,jrMiuybN,zXOvaJU,zXOvaJU,jrMiuybN,jrMiuybN,TFT,jrMiuybN,TFT
jrMiuybN
jrMiuybN
jrMiuybN
jrMiuybN,zXOvaJU,zXOvaJU,zXOvaJU,zXOvaJU,jrMiuybN,jrMiuybN,zXOvaJU,jrMiuybN,zXOvaJU,kVfbePHkii
zXOvaJU
jrMiuybN,zXOvaJU,zXOvaJU,zXOvaJU,jrMiuybN,jrMiuybN,zXOvaJU,zXOvaJU,jrMiuybN,zXOvaJU,kVfbePHkii,kVfbePHkii
kVfbePHkii
kVfbePHkii
jrMiuybN,zXOvaJU,zXOvaJU,zXOvaJU,jrMiuybN,jrMiuybN,kVfbePHkii,zXOvaJU,zXOvaJU,jrMiuybN,zXOvaJU,kVfbePHkii,jrMiuybN
jrMiuybN
jrMiuybN
jrMiuybN,zXOvaJU,zXOvaJU,zXOvaJU,zXOvaJU,jrMiuybN,jrMiuybN,zXOvaJU,jrMiuybN,zXOvaJU,zXOvaJU
jrMiuybN
jrMiuybN
jrMiuybN
jrMiuybN
jrMiuybN,zXOvaJU,zXOvaJU,zXOvaJU,zXOvaJU,jrMiuybN,jrMiuybN,zXOvaJU,jrMiuybN,zXOvaJU,kVfbePHkii
jrMiuybN
jrMiuybN,zXOvaJU,zXOvaJU,zXOvaJU,zXOvaJU,jrMiuybN,jrMiuybN,zXOvaJU,jrMiuybN,zXOvaJU,kVfbePHkii
jrMiuybN,zXOvaJU,zXOvaJU,zXOvaJU,zXOvaJU,jrMiuybN,jrMiuybN,zXOvaJU,jrMiuybN,zXOvaJU,kVfbePHkii
zXOvaJU
jrMiuybN,zXOvaJU,zXOvaJU,zXOvaJU,zXOvaJU,jrMiuybN,jrMiuybN,zXOvaJU,jrMiuybN,zXOvaJU,kVfbePHkii
zXOvaJU,zXOvaJU,zXOvaJU,zXOvaJU,jrMiuybN,jrMiuybN,zXOvaJU,jrMiuybN,jrMiuybN,zXOvaJU,kVfbePHkii
zXOvaJU
zXOvaJU
zXOvaJU,zXOvaJU,zXOvaJU,zXOvaJU,jrMiuybN,jrMiuybN,zXOvaJU,jrMiuybN,jrMiuybN,zXOvaJU,kVfbePHkii,kVfbePHkii
zXOvaJU
zXOvaJU,zXOvaJU,zXOvaJU,jrMiuybN,zXOvaJU,jrMiuybN,zXOvaJU,jrMiuybN,zXOvaJU,kVfbePHkii,kVfbePHkii,kVfbePHkii,kVfbePHkii,kVfbePHkii
zXOvaJU,zXOvaJU,zXOvaJU,jrMiuybN,zXOvaJU,jrMiuybN,zXOvaJU,jrMiuybN,zXOvaJU,kVfbePHkii,kVfbePHkii,kVfbePHkii,kVfbePHkii,kVfbePHkii
zXOvaJU,zXOvaJU,zXOvaJU,jrMiuybN,zXOvaJU,jrMiuybN,zXOvaJU,jrMiuybN,zXOvaJU,kVfbePHkii,kVfbePHkii,kVfbePHkii,kVfbePHkii,zXOvaJU
jrMiuybN,zXOvaJU,zXOvaJU,zXOvaJU,zXOvaJU,jrMiuybN,jrMiuybN,zXOvaJU,jrMiuybN,zXOvaJU,kVfbePHkii
jrMiuybN,zXOvaJU,zXOvaJU,zXOvaJU,zXOvaJU,jrMiuybN,jrMiuybN,zXOvaJU,jrMiuybN,zXOvaJU,kVfbePHkii
zXOvaJU
zXOvaJU
zXOvaJU,zXOvaJU,zXOvaJU,zXOvaJU,jrMiuybN,zXOvaJU,jrMiuybN,jrMiuybN,zXOvaJU,TFT
TFT
zXOvaJU,zXOvaJU,zXOvaJU,zXOvaJU,jrMiuybN,zXOvaJU,jrMiuybN,jrMiuybN,zXOvaJU,TFT,zXOvaJU
zXOvaJU,zXOvaJU,zXOvaJU,zXOvaJU,zXOvaJU,jrMiuybN,jrMiuybN,zXOvaJU,TFT,jrMiuybN,zXOvaJU
zXOvaJU,zXOvaJU,zXOvaJU,zXOvaJU,zXOvaJU,jrMiuybN,jrMiuybN,zXOvaJU,TFT,jrMiuybN,zXOvaJU
zXOvaJU,zXOvaJU,zXOvaJU,zXOvaJU,zXOvaJU,jrMiuybN,jrMiuybN,zXOvaJU,TFT,jrMiuybN,zXOvaJU
zXOvaJU
zXOvaJU,zXOvaJU,jrMiuybN,zXOvaJU,jrMiuybN,jrMiuybN,zXOvaJU,TFT,zXOvaJU
zXOvaJU
zXOvaJU,zXOvaJU,jrMiuybN,zXOvaJU,jrMiuybN,jrMiuybN,zXOvaJU,TFT,zXOvaJU,TFT
zXOvaJU,zXOvaJU,zXOvaJU,jrMiuybN,jrMiuybN,zXOvaJU,TFT,zXOvaJU,jrMiuybN,TFT,kVfbePHkii,zXOvaJU
jrMiuybN
TFT
zXOvaJU,jrMiuybN,jrMiuybN,zXOvaJU,TFT,zXOvaJU,jrMiuybN,zXOvaJU,TFT,kVfbePHkii,zXOvaJU,zXOvaJU
zXOvaJU,jrMiuybN,jrMiuybN,zXOvaJU,TFT,zXOvaJU,jrMiuybN,zXOvaJU,TFT,kVfbePHkii,zXOvaJU,zXOvaJU
zXOvaJU,jrMiuybN,jrMiuybN,zXOvaJU,TFT,zXOvaJU,jrMiuybN,zXOvaJU,TFT,kVfbePHkii,zXOvaJU,zXOvaJU
kVfbePHkii
jrMiuybN,jrMiuybN,zXOvaJU,TFT,zXOvaJU,jrMiuybN,zXOvaJU,TFT,kVfbePHkii,zXOvaJU,zXOvaJU,TFT,kVfbePHkii,jrMiuybN
kVfbePHkii
jrMiuybN,jrMiuybN,zXOvaJU,zXOvaJU,jrMiuybN,zXOvaJU,TFT,kVfbePHkii,zXOvaJU,zXOvaJU,TFT,kVfbePHkii,jrMiuybN
kVfbePHkii
kVfbePHkii
TFT,zXOvaJU,jrMiuybN,zXOvaJU,TFT,kVfbePHkii,jrMiuybN,zXOvaJU,zXOvaJU,TFT,kVfbePHkii,jrMiuybN
TFT,zXOvaJU,jrMiuybN,zXOvaJU,TFT,kVfbePHkii,jrMiuybN,zXOvaJU,zXOvaJU,TFT,kVfbePHkii,jrMiuybN
zXOvaJU,zXOvaJU,jrMiuybN,jrMiuybN,zXOvaJU,TFT,zXOvaJU,jrMiuybN,zXOvaJU,TFT,kVfbePHkii,zXOvaJU
zXOvaJU,zXOvaJU,jrMiuybN,jrMiuybN,zXOvaJU,TFT,zXOvaJU,jrMiuybN,zXOvaJU,TFT,zXOvaJU
zXOvaJU,zXOvaJU,jrMiuybN,jrMiuybN,zXOvaJU,TFT,zXOvaJU,jrMiuybN,zXOvaJU,TFT,kVfbePHkii,zXOvaJU
zXOvaJU,zXOvaJU,jrMiuybN,jrMiuybN,zXOvaJU,TFT,zXOvaJU,jrMiuybN,zXOvaJU,TFT,kVfbePHkii,zXOvaJU
kVfbePHkii
zXOvaJU,zXOvaJU,jrMiuybN,jrMiuybN,zXOvaJU,TFT,zXOvaJU,jrMiuybN,zXOvaJU,TFT,kVfbePHkii,zXOvaJU
kVfbePHkii
zXOvaJU,zXOvaJU,jrMiuybN,zXOvaJU,TFT,zXOvaJU,jrMiuybN,zXOvaJU,TFT,kVfbePHkii,zXOvaJU,zXOvaJU
zXOvaJU,zXOvaJU,jrMiuybN,zXOvaJU,TFT,zXOvaJU,jrMiuybN,zXOvaJU,TFT,kVfbePHkii,zXOvaJU,zXOvaJU
kVfbePHkii
zXOvaJU,zXOvaJU,zXOvaJU,zXOvaJU,jrMiuybN,zXOvaJU,TFT,zXOvaJU,jrMiuybN,zXOvaJU
jrMiuybN
zXOvaJU,zXOvaJU,jrMiuybN,zXOvaJU,zXOvaJU,jrMiuybN,zXOvaJU,zXOvaJU,zXOvaJU,zXOvaJU
jrMiuybN
zXOvaJU,zXOvaJU,jrMiuybN,zXOvaJU,zXOvaJU,jrMiuybN,zXOvaJU,zXOvaJU,zXOvaJU,zXOvaJU,kVfbePHkii,TFT
kVfbePHkii
jrMiuybN,zXOvaJU,zXOvaJU,jrMiuybN,zXOvaJU,zXOvaJU,zXOvaJU,zXOvaJU,zXOvaJU,kVfbePHkii,zXOvaJU,kVfbePHkii,jrMiuybN,jrMiuybN
jrMiuybN,zXOvaJU,zXOvaJU,jrMiuybN,zXOvaJU,zXOvaJU,zXOvaJU,zXOvaJU,zXOvaJU,kVfbePHkii,zXOvaJU,kVfbePHkii,jrMiuybN,jrMiuybN
jrMiuybN,zXOvaJU,jrMiuybN,zXOvaJU,zXOvaJU,zXOvaJU,zXOvaJU,zXOvaJU,kVfbePHkii,zXOvaJU,kVfbePHkii,jrMiuybN,kVfbePHkii,zXOvaJU
jrMiuybN,zXOvaJU,jrMiuybN,zXOvaJU,zXOvaJU,zXOvaJU,zXOvaJU,zXOvaJU,kVfbePHkii,zXOvaJU,kVfbePHkii,jrMiuybN,kVfbePHkii,zXOvaJU
jrMiuybN,zXOvaJU,jrMiuybN,zXOvaJU,zXOvaJU,zXOvaJU,zXOvaJU,zXOvaJU,kVfbePHkii,zXOvaJU,kVfbePHkii,jrMiuybN,kVfbePHkii,zXOvaJU
kVfbePHkii
jrMiuybN,zXOvaJU,jrMiuybN,zXOvaJU,zXOvaJU,zXOvaJU,zXOvaJU,zXOvaJU,kVfbePHkii,zXOvaJU,kVfbePHkii,jrMiuybN,kVfbePHkii,zXOvaJU
jrMiuybN,zXOvaJU,jrMiuybN,zXOvaJU,zXOvaJU,zXOvaJU,zXOvaJU,zXOvaJU,kVfbePHkii,zXOvaJU,kVfbePHkii,jrMiuybN,kVfbePHkii,zXOvaJU
kVfbePHkii
zXOvaJU,jrMiuybN,zXOvaJU,zXOvaJU,zXOvaJU,zXOvaJU,zXOvaJU,kVfbePHkii,jrMiuybN,zXOvaJU,kVfbePHkii,jrMiuybN,kVfbePHkii,zXOvaJU
zXOvaJU,jrMiuybN,zXOvaJU,zXOvaJU,zXOvaJU,zXOvaJU,zXOvaJU,kVfbePHkii,jrMiuybN,zXOvaJU,kVfbePHkii,jrMiuybN,kVfbePHkii,zXOvaJU
zXOvaJU,jrMiuybN,zXOvaJU,zXOvaJU,zXOvaJU,zXOvaJU,zXOvaJU,jrMiuybN,zXOvaJU,kVfbePHkii,jrMiuybN,kVfbePHkii,zXOvaJU
jrMiuybN
jrMiuybN
zXOvaJU,jrMiuybN,zXOvaJU,zXOvaJU,zXOvaJU,zXOvaJU,zXOvaJU,kVfbePHkii,jrMiuybN,zXOvaJU,kVfbePHkii,jrMiuybN,kVfbePHkii,zXOvaJU
zXOvaJU,jrMiuybN,zXOvaJU,zXOvaJU,zXOvaJU,zXOvaJU,zXOvaJU,kVfbePHkii,jrMiuybN,zXOvaJU,kVfbePHkii,jrMiuybN,kVfbePHkii,zXOvaJU
zXOvaJU,jrMiuybN,zXOvaJU,zXOvaJU,zXOvaJU,zXOvaJU,zXOvaJU,kVfbePHkii,jrMiuybN,zXOvaJU,kVfbePHkii,jrMiuybN,kVfbePHkii,zXOvaJU
kVfbePHkii
Jedi Wagner, assuma o comando!