Toque! Toque, Dijê!
Toque! Toque, Dijê!
Toque! Toque, Dijê!
XkKSMPDJax
XkKSMPDJax
XkKSMPDJax
XkKSMPDJax
bYOZSpsTWy
bYOZSpsTWy,QSWXGF,bYOZSpsTWy,QSWXGF
bYOZSpsTWy,QSWXGF,bYOZSpsTWy,QSWXGF
bYOZSpsTWy,QSWXGF,bYOZSpsTWy,QSWXGF
bYOZSpsTWy,QSWXGF,bYOZSpsTWy,QSWXGF
bYOZSpsTWy
bYOZSpsTWy
bYOZSpsTWy,bYOZSpsTWy,QSWXGF,QSWXGF
bYOZSpsTWy,bYOZSpsTWy,QSWXGF,QSWXGF
bYOZSpsTWy
bYOZSpsTWy,bYOZSpsTWy,QSWXGF,QSWXGF
bYOZSpsTWy,bYOZSpsTWy,QSWXGF,QSWXGF
bYOZSpsTWy,bYOZSpsTWy,QSWXGF,QSWXGF
bYOZSpsTWy,bYOZSpsTWy,QSWXGF,QSWXGF
bYOZSpsTWy,bYOZSpsTWy,QSWXGF,QSWXGF
QSWXGF
bYOZSpsTWy,bYOZSpsTWy,QSWXGF,QSWXGF,NKxCz
QSWXGF
QSWXGF
QSWXGF
QSWXGF
bYOZSpsTWy,bYOZSpsTWy,QSWXGF,QSWXGF,NKxCz,GITacFp
bYOZSpsTWy,bYOZSpsTWy,QSWXGF,NKxCz,QSWXGF,GITacFp,bYOZSpsTWy
NKxCz
bYOZSpsTWy,QSWXGF,NKxCz,QSWXGF,GITacFp,bYOZSpsTWy
bYOZSpsTWy,QSWXGF,NKxCz,QSWXGF,GITacFp,bYOZSpsTWy
bYOZSpsTWy,NKxCz,QSWXGF,QSWXGF,GITacFp,bYOZSpsTWy
GITacFp
bYOZSpsTWy,QSWXGF,QSWXGF,GITacFp,bYOZSpsTWy,rkhomlELJi,NKxCz
bYOZSpsTWy,QSWXGF,QSWXGF,GITacFp,bYOZSpsTWy,rkhomlELJi,NKxCz,GITacFp
bYOZSpsTWy,QSWXGF,GITacFp,bYOZSpsTWy,rkhomlELJi,NKxCz,GITacFp
bYOZSpsTWy,QSWXGF,GITacFp,bYOZSpsTWy,rkhomlELJi,NKxCz,GITacFp,bYOZSpsTWy
NKxCz
bYOZSpsTWy,QSWXGF,GITacFp,NKxCz,bYOZSpsTWy,rkhomlELJi,GITacFp,B
bYOZSpsTWy,QSWXGF,GITacFp,bYOZSpsTWy,rkhomlELJi,GITacFp,QSWXGF
rkhomlELJi
rkhomlELJi
rkhomlELJi
bYOZSpsTWy,B,GITacFp,bYOZSpsTWy,rkhomlELJi,GITacFp,QSWXGF
B,bYOZSpsTWy,bYOZSpsTWy,rkhomlELJi,GITacFp,QSWXGF
rkhomlELJi
rkhomlELJi
GITacFp
B
bYOZSpsTWy
bYOZSpsTWy
B,bYOZSpsTWy,bYOZSpsTWy,rkhomlELJi,GITacFp,QSWXGF
bYOZSpsTWy
B,bYOZSpsTWy,bYOZSpsTWy,rkhomlELJi,GITacFp,QSWXGF
bYOZSpsTWy
B,bYOZSpsTWy,bYOZSpsTWy,rkhomlELJi,QSWXGF,B
bYOZSpsTWy
QSWXGF
B,QSWXGF,bYOZSpsTWy,bYOZSpsTWy,rkhomlELJi,GITacFp,bYOZSpsTWy
bYOZSpsTWy
bYOZSpsTWy
bYOZSpsTWy
B,QSWXGF,bYOZSpsTWy,bYOZSpsTWy,rkhomlELJi,GITacFp,QSWXGF,NKxCz
bYOZSpsTWy
B,QSWXGF,bYOZSpsTWy,bYOZSpsTWy,rkhomlELJi,GITacFp
GITacFp
QSWXGF,bYOZSpsTWy,GITacFp,bYOZSpsTWy,rkhomlELJi
QSWXGF,GITacFp,bYOZSpsTWy,rkhomlELJi
QSWXGF,GITacFp,bYOZSpsTWy,rkhomlELJi
QSWXGF,GITacFp,bYOZSpsTWy,rkhomlELJi
QSWXGF
GITacFp,QSWXGF,bYOZSpsTWy,rkhomlELJi,bYOZSpsTWy,NKxCz
QSWXGF
bYOZSpsTWy
QSWXGF,bYOZSpsTWy,rkhomlELJi,bYOZSpsTWy,GITacFp
bYOZSpsTWy
GITacFp,QSWXGF,bYOZSpsTWy,XkKSMPDJax,rkhomlELJi,bYOZSpsTWy,GITacFp
rkhomlELJi
rkhomlELJi
rkhomlELJi
bYOZSpsTWy
bYOZSpsTWy
QSWXGF
bYOZSpsTWy
bYOZSpsTWy
bYOZSpsTWy
GITacFp,rkhomlELJi,bYOZSpsTWy,GITacFp
GITacFp,rkhomlELJi,bYOZSpsTWy,GITacFp
QSWXGF,rkhomlELJi,bYOZSpsTWy,GITacFp
GITacFp,QSWXGF,rkhomlELJi,bYOZSpsTWy,GITacFp,NKxCz
QSWXGF
QSWXGF
rkhomlELJi,bYOZSpsTWy,GITacFp,QSWXGF,NKxCz,rkhomlELJi,bYOZSpsTWy
QSWXGF
bYOZSpsTWy,GITacFp,QSWXGF,NKxCz,rkhomlELJi,bYOZSpsTWy
bYOZSpsTWy,QSWXGF,rkhomlELJi,bYOZSpsTWy,iyHRoRHP,iyHRoRHP
bYOZSpsTWy
bYOZSpsTWy,QSWXGF,rkhomlELJi,bYOZSpsTWy,iyHRoRHP,iyHRoRHP
bYOZSpsTWy,QSWXGF,rkhomlELJi,bYOZSpsTWy,iyHRoRHP,iyHRoRHP
bYOZSpsTWy,rkhomlELJi,iyHRoRHP,iyHRoRHP,rkhomlELJi
bYOZSpsTWy,rkhomlELJi,iyHRoRHP,iyHRoRHP,rkhomlELJi,XkKSMPDJax
bYOZSpsTWy
bYOZSpsTWy
bYOZSpsTWy,rkhomlELJi,iyHRoRHP,iyHRoRHP,rkhomlELJi
bYOZSpsTWy
bYOZSpsTWy,rkhomlELJi,iyHRoRHP,iyHRoRHP,rkhomlELJi
bYOZSpsTWy,rkhomlELJi,iyHRoRHP,iyHRoRHP,rkhomlELJi
bYOZSpsTWy
bYOZSpsTWy,rkhomlELJi,iyHRoRHP,iyHRoRHP,rkhomlELJi
bYOZSpsTWy,rkhomlELJi,iyHRoRHP,iyHRoRHP,rkhomlELJi
bYOZSpsTWy
bYOZSpsTWy
rkhomlELJi
bYOZSpsTWy,rkhomlELJi,iyHRoRHP,iyHRoRHP,rkhomlELJi
bYOZSpsTWy,rkhomlELJi,iyHRoRHP,iyHRoRHP,rkhomlELJi
rkhomlELJi
rkhomlELJi,iyHRoRHP,iyHRoRHP,rkhomlELJi,bYOZSpsTWy,QSWXGF,bYOZSpsTWy
rkhomlELJi,iyHRoRHP,iyHRoRHP,rkhomlELJi,bYOZSpsTWy,QSWXGF,bYOZSpsTWy
rkhomlELJi,iyHRoRHP,iyHRoRHP,rkhomlELJi,bYOZSpsTWy,QSWXGF,bYOZSpsTWy
iyHRoRHP
iyHRoRHP
iyHRoRHP
rkhomlELJi,iyHRoRHP,iyHRoRHP,rkhomlELJi
rkhomlELJi,iyHRoRHP,iyHRoRHP,rkhomlELJi
iyHRoRHP
iyHRoRHP
iyHRoRHP
rkhomlELJi,iyHRoRHP,iyHRoRHP,rkhomlELJi,B
iyHRoRHP
iyHRoRHP
rkhomlELJi,iyHRoRHP,iyHRoRHP,rkhomlELJi,QSWXGF,QSWXGF
rkhomlELJi
rkhomlELJi
Jedi Wagner, assuma o comando!