Cg
Cg
Cg
Cg,E,Cg
E
[vazia]
E
E
E
E
E,E
Cg,E
Cg,Cg
Cg
Cg,Cg,E
Cg,Cg,E
Cg
Cg
Cg
Cg,Cg,E
E
Cg
Cg,Cg,E,Cg,E
Cg,E,Cg,E
Cg
Cg,E,Cg,E
Cg,E,Cg,E
Cg
E
E
E
E
E,Cg,Cg,Cg,E,Cg
Cg,Cg,E,Cg
Cg
Cg
Cg,Cg,Cg
Cg,Cg,Cg
Cg
Cg,Cg,E,Cg
Cg
E,Cg,Cg,Cg
E
Cg
Cg
Cg
E,Cg,Cg,Cg,E,Cg,Cg
Cg
Cg
E
Cg,E,Cg,Cg,E,Cg,Cg,Cg
Cg
Cg
Cg
Cg
Cg
Cg
Cg,Cg,Cg,Cg,Cg,Cg
Cg,Cg,Cg,Cg,Cg,Cg
Cg,Cg,Cg,Cg,Cg,Cg
Cg,Cg,Cg,Cg,Cg,Cg,Cg
Cg,Cg,Cg,Cg,Cg,Cg,Cg
Cg
Cg
Cg
Cg
Cg,Cg,Cg,Cg,Cg,Cg,Cg
Cg
Cg,Cg,Cg,Cg,Cg,Cg,Cg
Cg,Cg,Cg,Cg,Cg,E,Cg,Cg
E
Cg,Cg,Cg,E,Cg,Cg,Cg,Cg,E
Cg
Cg
Cg
Jedi Wagner, assuma o comando!