gddHpnWK
gddHpnWK,YbBLh
gddHpnWK,YbBLh,YbBLh
YbBLh,ncNEiQaI
YbBLh
YbBLh
tkVnMgot
tkVnMgot
Toque! Toque, Dijê!
[vazia]
Toque! Toque, Dijê!
[vazia]
[vazia]
[vazia]
[vazia]
Toque! Toque, Dijê!
EYONZme
EYONZme
EYONZme
EYONZme
EYONZme
EYONZme
EYONZme
EYONZme
EYONZme
EYONZme
EYONZme
EYONZme
EYONZme,tkVnMgot,tkVnMgot,ncNEiQaI,EYONZme
EYONZme,tkVnMgot,tkVnMgot,ncNEiQaI,EYONZme
EYONZme,ncNEiQaI,tkVnMgot,tkVnMgot,EYONZme
EYONZme,ncNEiQaI,tkVnMgot,tkVnMgot,EYONZme,tkVnMgot
tkVnMgot
ncNEiQaI,tkVnMgot,tkVnMgot,EYONZme,tkVnMgot
tkVnMgot
tkVnMgot
tkVnMgot,tkVnMgot,EYONZme,tkVnMgot
EYONZme
EYONZme
EYONZme
EYONZme
EYONZme
EYONZme
EYONZme
tkVnMgot,tkVnMgot,EYONZme,tkVnMgot
EYONZme
EYONZme
EYONZme
tkVnMgot,tkVnMgot,EYONZme,tkVnMgot,YbBLh
tkVnMgot
tkVnMgot
YbBLh
tkVnMgot,EYONZme,tkVnMgot,YbBLh,YDK
tkVnMgot
tkVnMgot,tkVnMgot,tkVnMgot
tkVnMgot
tkVnMgot,tkVnMgot,tkVnMgot
tkVnMgot,tkVnMgot,tkVnMgot,YbBLh,ncNEiQaI
tkVnMgot,tkVnMgot
tkVnMgot
tkVnMgot
tkVnMgot
tkVnMgot,tkVnMgot
tkVnMgot
tkVnMgot,EYONZme
EYONZme
EYONZme,gddHpnWK
EYONZme
EYONZme,gddHpnWK,YDK,YDK
EYONZme,gddHpnWK,YDK,YDK
YDK
YDK
YDK
YDK
YDK
YDK
gddHpnWK,YDK,YDK
gddHpnWK,YDK,YDK
YDK
EYONZme,YDK,YDK
YDK
EYONZme
EYONZme,YDK,YDK,YDK
EYONZme
EYONZme
EYONZme
EYONZme,YDK,YDK,YDK,tkVnMgot
YDK
YDK,YDK,EYONZme,YDK,tkVnMgot
EYONZme
YDK,YDK,EYONZme,YDK,tkVnMgot,YDK,gddHpnWK
YDK
YDK
YDK
EYONZme,YDK,YDK,tkVnMgot,gddHpnWK
gddHpnWK
YDK
YDK,tkVnMgot,YDK,gddHpnWK
YDK,YDK,tkVnMgot
YDK,YDK,tkVnMgot
YDK
YDK,YDK,tkVnMgot,gddHpnWK
YDK,YDK,tkVnMgot,gddHpnWK
YDK,YDK,tkVnMgot,gddHpnWK
YDK
YDK,YDK,tkVnMgot,gddHpnWK,gddHpnWK
YDK
YDK
YDK
YDK,YDK,tkVnMgot,gddHpnWK,gddHpnWK,tkVnMgot
YDK
YDK
YDK,YDK,tkVnMgot,gddHpnWK,gddHpnWK,tkVnMgot,gddHpnWK
YDK,YDK,tkVnMgot,gddHpnWK,gddHpnWK,tkVnMgot
YDK,YDK,tkVnMgot,gddHpnWK,gddHpnWK,tkVnMgot,YbBLh,EYONZme
YDK
YDK,YDK,gddHpnWK,gddHpnWK,tkVnMgot,YbBLh,EYONZme
YDK,YDK,gddHpnWK,gddHpnWK,tkVnMgot,YbBLh,EYONZme,gddHpnWK
YDK,YDK,gddHpnWK,gddHpnWK,tkVnMgot,YbBLh,EYONZme,gddHpnWK
YDK
YDK,YDK,gddHpnWK,gddHpnWK,tkVnMgot,YbBLh,EYONZme
YDK,YDK,gddHpnWK,tkVnMgot,YbBLh,EYONZme
YDK
YDK,YDK,tkVnMgot,gddHpnWK,YbBLh,EYONZme,gddHpnWK,tkVnMgot,YbBLh
YDK,YDK,tkVnMgot,gddHpnWK,YbBLh,EYONZme,gddHpnWK,tkVnMgot,YbBLh,gddHpnWK
YbBLh
YbBLh
tkVnMgot
EYONZme
YDK,YbBLh,tkVnMgot,EYONZme,gddHpnWK,tkVnMgot,YbBLh,gddHpnWK,ncNEiQaI
YDK,YbBLh,tkVnMgot,EYONZme,gddHpnWK,tkVnMgot,YbBLh,gddHpnWK,ncNEiQaI,tkVnMgot
YDK,YbBLh,tkVnMgot,EYONZme,gddHpnWK,tkVnMgot,YbBLh,gddHpnWK,ncNEiQaI,tkVnMgot
EYONZme
EYONZme
EYONZme
ncNEiQaI
EYONZme
YDK,YbBLh,tkVnMgot,ncNEiQaI,EYONZme,tkVnMgot,YbBLh,gddHpnWK
EYONZme
YDK,YbBLh,tkVnMgot,gddHpnWK,EYONZme,tkVnMgot,YbBLh,ncNEiQaI
YDK,YbBLh,tkVnMgot,EYONZme,gddHpnWK,tkVnMgot,YbBLh,gddHpnWK,ncNEiQaI
EYONZme
YDK,YbBLh,tkVnMgot,EYONZme,gddHpnWK,tkVnMgot,YbBLh,gddHpnWK,ncNEiQaI
YDK,YbBLh,tkVnMgot,EYONZme,tkVnMgot,YbBLh,gddHpnWK,ncNEiQaI,YbBLh
YDK,YbBLh,tkVnMgot,EYONZme,tkVnMgot,YbBLh,gddHpnWK,ncNEiQaI,YbBLh
EYONZme
YbBLh
YbBLh,tkVnMgot,EYONZme,tkVnMgot,YbBLh,gddHpnWK,ncNEiQaI,YbBLh,tkVnMgot
YbBLh,tkVnMgot,EYONZme,tkVnMgot,YbBLh,gddHpnWK,ncNEiQaI,YbBLh,tkVnMgot
YbBLh,tkVnMgot,EYONZme,tkVnMgot,YbBLh,ncNEiQaI,YbBLh,tkVnMgot
YbBLh,tkVnMgot,EYONZme,tkVnMgot,YbBLh,gddHpnWK,ncNEiQaI,YbBLh,tkVnMgot
YbBLh,tkVnMgot,EYONZme,tkVnMgot,YbBLh,gddHpnWK,ncNEiQaI,YbBLh,tkVnMgot
YbBLh,tkVnMgot,EYONZme,tkVnMgot,YbBLh,gddHpnWK,ncNEiQaI,YbBLh,tkVnMgot,gddHpnWK
YbBLh,tkVnMgot,EYONZme,tkVnMgot,YbBLh,gddHpnWK,YbBLh,ncNEiQaI,tkVnMgot,gddHpnWK
ncNEiQaI
ncNEiQaI
YbBLh,tkVnMgot,tkVnMgot,YbBLh,gddHpnWK,YbBLh,ncNEiQaI,tkVnMgot,gddHpnWK,gddHpnWK,YDK,EYONZme
EYONZme
YbBLh,tkVnMgot,tkVnMgot,YbBLh,gddHpnWK,ncNEiQaI,YbBLh,EYONZme,tkVnMgot
EYONZme
YbBLh
EYONZme,YbBLh,gddHpnWK,YbBLh,tkVnMgot,YDK,EYONZme
EYONZme,YbBLh,gddHpnWK,YbBLh,tkVnMgot,YDK,EYONZme
EYONZme
EYONZme
EYONZme,YbBLh,gddHpnWK,YbBLh,YDK,EYONZme,ncNEiQaI,YbBLh
EYONZme
EYONZme
EYONZme,gddHpnWK,YDK,EYONZme,ncNEiQaI,YbBLh,YbBLh,YDK
EYONZme
EYONZme
EYONZme,gddHpnWK,YbBLh,EYONZme,ncNEiQaI,YDK,YbBLh,gddHpnWK,YbBLh
ncNEiQaI
ncNEiQaI
EYONZme,gddHpnWK,YbBLh,EYONZme,ncNEiQaI,YDK,YbBLh,gddHpnWK,YbBLh,ncNEiQaI
ncNEiQaI
ncNEiQaI
YbBLh
YbBLh
gddHpnWK,EYONZme,ncNEiQaI,tkVnMgot,YbBLh,YDK,YbBLh,gddHpnWK,YbBLh,EYONZme,tkVnMgot,EYONZme
EYONZme,YbBLh,gddHpnWK,YbBLh,YDK,EYONZme,ncNEiQaI,YbBLh,YDK,YbBLh
EYONZme,YbBLh,gddHpnWK,YbBLh,YDK,EYONZme,ncNEiQaI,YbBLh
EYONZme
YbBLh,gddHpnWK,YbBLh,EYONZme,YDK,ncNEiQaI,YbBLh
YbBLh,gddHpnWK,YbBLh,EYONZme,YDK,ncNEiQaI,YbBLh
Jedi Wagner, assuma o comando!