Toque! Toque, Dijê!
Toque! Toque, Dijê!
GKv
[vazia]
[vazia]
kADjqhxR
kADjqhxR
kADjqhxR
kADjqhxR
kADjqhxR
kADjqhxR
kADjqhxR
kADjqhxR
kADjqhxR,DRZZpTk,GKv
kADjqhxR
kADjqhxR
kADjqhxR
kADjqhxR
kADjqhxR
kADjqhxR
kADjqhxR
kADjqhxR
kADjqhxR
kADjqhxR
kADjqhxR
kADjqhxR,hcnBQhFSc
kADjqhxR
kADjqhxR
kADjqhxR
kADjqhxR
kADjqhxR,hcnBQhFSc
kADjqhxR
kADjqhxR
kADjqhxR
kADjqhxR
kADjqhxR
bTO
bTO
bTO,kADjqhxR
bTO,kADjqhxR,kADjqhxR
kADjqhxR
bTO,kADjqhxR,kADjqhxR,NkGbd
hcnBQhFSc
hcnBQhFSc
bTO,hcnBQhFSc,NkGbd,kADjqhxR,kADjqhxR
bTO,hcnBQhFSc,NkGbd,kADjqhxR,kADjqhxR
bTO,hcnBQhFSc,NkGbd,kADjqhxR,kADjqhxR,DRZZpTk
bTO,hcnBQhFSc,NkGbd,kADjqhxR,kADjqhxR,DRZZpTk
kADjqhxR
kADjqhxR
bTO,kADjqhxR,hcnBQhFSc,kADjqhxR,kADjqhxR
bTO,hcnBQhFSc,NkGbd,kADjqhxR,kADjqhxR
bTO,hcnBQhFSc,NkGbd,kADjqhxR,kADjqhxR
hcnBQhFSc,NkGbd,bTO,kADjqhxR,kADjqhxR
NkGbd
NkGbd
bTO,hcnBQhFSc,kADjqhxR,NkGbd,kADjqhxR,kADjqhxR
bTO
kADjqhxR
kADjqhxR
bTO,kADjqhxR,NkGbd,kADjqhxR,kADjqhxR,hcnBQhFSc
bTO,kADjqhxR,NkGbd,kADjqhxR,kADjqhxR,hcnBQhFSc
NkGbd,kADjqhxR,bTO,kADjqhxR,kADjqhxR,hcnBQhFSc
NkGbd,kADjqhxR,bTO,kADjqhxR,kADjqhxR,hcnBQhFSc
NkGbd,kADjqhxR,bTO,kADjqhxR,kADjqhxR,hcnBQhFSc
NkGbd,kADjqhxR,bTO,kADjqhxR,kADjqhxR,hcnBQhFSc
kADjqhxR
NkGbd,kADjqhxR,bTO,kADjqhxR,kADjqhxR,hcnBQhFSc,hcnBQhFSc,bTO,bTO,kADjqhxR
bTO
kADjqhxR,bTO,kADjqhxR,NkGbd,kADjqhxR,hcnBQhFSc,hcnBQhFSc,bTO,bTO,kADjqhxR
kADjqhxR,bTO,kADjqhxR,NkGbd,kADjqhxR,hcnBQhFSc,hcnBQhFSc,bTO,bTO,kADjqhxR
NkGbd
kADjqhxR,bTO,kADjqhxR,kADjqhxR,hcnBQhFSc,hcnBQhFSc,bTO,bTO,kADjqhxR
kADjqhxR
kADjqhxR
kADjqhxR
kADjqhxR
kADjqhxR,kADjqhxR,DRZZpTk,kADjqhxR,hcnBQhFSc,hcnBQhFSc,bTO,bTO,kADjqhxR
bTO
NkGbd,kADjqhxR,bTO,hcnBQhFSc,kADjqhxR,kADjqhxR,hcnBQhFSc,bTO,bTO,kADjqhxR,NkGbd
kADjqhxR,bTO,hcnBQhFSc,kADjqhxR,kADjqhxR,hcnBQhFSc,bTO,bTO,kADjqhxR,NkGbd
kADjqhxR,bTO,hcnBQhFSc,kADjqhxR,kADjqhxR,hcnBQhFSc,bTO,bTO,kADjqhxR,NkGbd
kADjqhxR,bTO,hcnBQhFSc,kADjqhxR,kADjqhxR,hcnBQhFSc,bTO,bTO,kADjqhxR,NkGbd,bTO
Jedi Wagner, assuma o comando!