[vazia]
[vazia]
qvwpyPy
C,qvwpyPy,fzx
C,qvwpyPy,fzx,aMVoKRV
C,qvwpyPy,fzx,aMVoKRV
qvwpyPy
qvwpyPy
C,qvwpyPy
C
C
C
C
fzx,C,fzx
C
fzx,C,fzx,qvwpyPy,fzx,fzx
fzx,C,fzx,qvwpyPy,fzx,fzx,FQZlKCj
fzx,C,FQZlKCj,fzx,qvwpyPy,fzx,fzx
FQZlKCj
FQZlKCj
FQZlKCj
fzx,FQZlKCj,fzx,qvwpyPy,fzx,fzx
fzx,C,fzx,qvwpyPy,vjogLcBx,qvwpyPy
fzx,C,fzx,qvwpyPy,vjogLcBx,qvwpyPy
fzx
fzx,C,fzx,qvwpyPy,vjogLcBx,qvwpyPy,aMVoKRV
fzx,C,fzx,qvwpyPy,vjogLcBx
fzx,C,fzx,qvwpyPy,vjogLcBx
fzx
fzx,C,fzx,qvwpyPy,vjogLcBx
fzx
fzx,fzx,qvwpyPy,vjogLcBx,C
fzx
fzx
fzx,fzx,qvwpyPy,C,vjogLcBx
fzx
fzx,fzx,qvwpyPy,vjogLcBx,C
fzx,C,fzx,qvwpyPy
fzx,fzx,qvwpyPy,vjogLcBx,C,vjogLcBx
fzx
fzx,fzx,qvwpyPy,vjogLcBx,C,vjogLcBx,vjogLcBx
qvwpyPy
fzx,fzx,qvwpyPy,vjogLcBx,C,vjogLcBx,vjogLcBx
fzx,fzx,qvwpyPy,vjogLcBx,C,vjogLcBx,vjogLcBx
fzx,qvwpyPy,fzx,vjogLcBx,C,vjogLcBx,vjogLcBx
fzx,qvwpyPy,fzx,vjogLcBx,C,vjogLcBx,vjogLcBx
qvwpyPy
qvwpyPy
qvwpyPy
vjogLcBx
qvwpyPy
vjogLcBx
fzx,qvwpyPy,vjogLcBx,fzx,C,vjogLcBx,vjogLcBx,FQZlKCj,fzx,fzx
fzx
fzx
fzx,qvwpyPy,vjogLcBx,fzx,C,vjogLcBx,vjogLcBx,FQZlKCj,fzx,fzx
fzx
fzx,qvwpyPy,vjogLcBx,fzx,C,vjogLcBx,vjogLcBx,FQZlKCj,fzx,fzx
fzx
C
C
qvwpyPy,vjogLcBx,fzx,C,fzx,vjogLcBx,vjogLcBx,fzx,fzx,qvwpyPy,vjogLcBx,vjogLcBx
fzx
qvwpyPy,vjogLcBx,fzx,C,fzx,vjogLcBx,vjogLcBx,fzx,fzx,qvwpyPy,vjogLcBx,vjogLcBx,C
C
qvwpyPy,vjogLcBx,fzx,fzx,C,vjogLcBx,vjogLcBx,fzx,fzx,qvwpyPy,vjogLcBx,vjogLcBx
C
C
C
C
vjogLcBx
vjogLcBx
fzx
fzx,fzx,C,vjogLcBx,fzx,fzx,qvwpyPy,vjogLcBx,vjogLcBx,qvwpyPy,C
fzx,fzx,C,vjogLcBx,fzx,fzx,qvwpyPy,vjogLcBx,vjogLcBx,qvwpyPy,C
vjogLcBx
fzx,fzx,vjogLcBx,fzx,fzx,qvwpyPy,vjogLcBx,vjogLcBx,qvwpyPy,C,aMVoKRV
fzx,C,vjogLcBx,fzx,fzx,qvwpyPy,vjogLcBx,vjogLcBx,fzx,qvwpyPy,C,aMVoKRV
fzx,fzx,C,vjogLcBx,fzx,fzx,qvwpyPy,vjogLcBx,vjogLcBx,qvwpyPy,C,aMVoKRV,qvwpyPy
vjogLcBx
fzx,fzx,C,fzx,fzx,qvwpyPy,vjogLcBx,vjogLcBx,vjogLcBx,qvwpyPy,C,aMVoKRV,qvwpyPy
vjogLcBx
aMVoKRV
aMVoKRV
aMVoKRV
fzx,fzx,fzx,fzx,vjogLcBx,vjogLcBx,aMVoKRV,vjogLcBx,qvwpyPy,qvwpyPy,fzx,vjogLcBx,FQZlKCj,vjogLcBx
fzx,fzx,fzx,vjogLcBx,vjogLcBx,vjogLcBx,qvwpyPy,qvwpyPy,fzx,vjogLcBx,FQZlKCj,vjogLcBx,vjogLcBx
vjogLcBx
vjogLcBx
fzx,fzx,vjogLcBx,vjogLcBx,qvwpyPy,C,fzx,vjogLcBx,C,qvwpyPy,fzx,FQZlKCj,FQZlKCj,vjogLcBx,qvwpyPy,FQZlKCj
qvwpyPy
qvwpyPy
fzx
fzx
fzx
vjogLcBx
fzx,fzx,vjogLcBx,qvwpyPy,fzx,vjogLcBx,vjogLcBx,C,qvwpyPy,fzx,FQZlKCj,FQZlKCj,vjogLcBx,qvwpyPy,FQZlKCj,qvwpyPy,qvwpyPy,fzx
fzx,fzx,vjogLcBx,qvwpyPy,fzx,vjogLcBx,vjogLcBx,C,qvwpyPy,fzx,FQZlKCj,FQZlKCj,vjogLcBx,qvwpyPy,FQZlKCj,qvwpyPy,qvwpyPy,fzx
fzx,fzx,vjogLcBx,qvwpyPy,fzx,vjogLcBx,vjogLcBx,C,qvwpyPy,fzx,FQZlKCj,FQZlKCj,vjogLcBx,qvwpyPy,FQZlKCj,qvwpyPy,qvwpyPy,fzx,vjogLcBx,FQZlKCj
fzx,fzx,vjogLcBx,qvwpyPy,fzx,vjogLcBx,vjogLcBx,C,qvwpyPy,fzx,FQZlKCj,FQZlKCj,vjogLcBx,qvwpyPy,FQZlKCj,qvwpyPy,qvwpyPy,fzx,vjogLcBx,FQZlKCj
fzx,fzx,vjogLcBx,vjogLcBx,qvwpyPy,fzx,vjogLcBx,C,qvwpyPy,fzx,FQZlKCj,vjogLcBx,qvwpyPy,FQZlKCj,qvwpyPy,qvwpyPy
vjogLcBx
vjogLcBx
fzx,vjogLcBx,vjogLcBx,qvwpyPy,fzx,vjogLcBx,C,qvwpyPy,fzx,FQZlKCj,vjogLcBx,qvwpyPy,FQZlKCj,qvwpyPy,qvwpyPy,vjogLcBx
fzx,vjogLcBx,vjogLcBx,qvwpyPy,fzx,vjogLcBx,C,qvwpyPy,fzx,FQZlKCj,vjogLcBx,qvwpyPy,FQZlKCj,qvwpyPy,qvwpyPy,vjogLcBx
fzx,vjogLcBx,vjogLcBx,qvwpyPy,fzx,vjogLcBx,C,qvwpyPy,fzx,FQZlKCj,vjogLcBx,qvwpyPy,FQZlKCj,qvwpyPy,qvwpyPy,vjogLcBx
fzx,vjogLcBx,vjogLcBx,qvwpyPy,fzx,vjogLcBx,C,qvwpyPy,fzx,FQZlKCj,vjogLcBx,qvwpyPy,FQZlKCj,qvwpyPy,qvwpyPy,vjogLcBx
fzx,fzx,vjogLcBx,qvwpyPy,fzx,vjogLcBx,C,qvwpyPy,fzx,vjogLcBx,qvwpyPy,FQZlKCj,qvwpyPy,qvwpyPy
C
C
C
fzx,fzx,vjogLcBx,fzx,vjogLcBx,C,qvwpyPy,fzx,vjogLcBx,qvwpyPy,FQZlKCj,qvwpyPy,qvwpyPy
fzx,fzx,vjogLcBx,fzx,vjogLcBx,C,qvwpyPy,fzx,vjogLcBx,qvwpyPy,FQZlKCj,qvwpyPy,qvwpyPy,vjogLcBx
fzx
fzx,vjogLcBx,qvwpyPy,fzx,vjogLcBx,qvwpyPy,FQZlKCj,qvwpyPy,qvwpyPy
qvwpyPy
fzx,vjogLcBx,fzx,vjogLcBx,qvwpyPy,qvwpyPy,FQZlKCj,qvwpyPy,qvwpyPy,FQZlKCj,fzx
fzx,vjogLcBx,fzx,vjogLcBx,qvwpyPy,qvwpyPy,FQZlKCj,qvwpyPy,qvwpyPy,FQZlKCj,fzx
qvwpyPy
qvwpyPy
fzx,fzx,qvwpyPy,vjogLcBx,qvwpyPy,qvwpyPy,qvwpyPy,FQZlKCj,fzx
fzx,qvwpyPy,fzx,vjogLcBx,qvwpyPy,qvwpyPy,qvwpyPy,FQZlKCj,fzx,vjogLcBx,FQZlKCj
fzx,qvwpyPy,fzx,vjogLcBx,qvwpyPy,qvwpyPy,qvwpyPy,FQZlKCj,fzx,vjogLcBx,FQZlKCj
fzx,vjogLcBx,qvwpyPy,fzx,vjogLcBx,qvwpyPy,FQZlKCj,qvwpyPy,qvwpyPy,aMVoKRV
fzx,vjogLcBx,qvwpyPy,fzx,vjogLcBx,qvwpyPy,FQZlKCj,qvwpyPy,qvwpyPy,aMVoKRV
fzx,vjogLcBx,qvwpyPy,fzx,vjogLcBx,FQZlKCj,qvwpyPy,qvwpyPy,qvwpyPy
FQZlKCj
FQZlKCj
vjogLcBx
vjogLcBx
vjogLcBx
qvwpyPy,fzx,qvwpyPy,vjogLcBx,FQZlKCj,qvwpyPy,qvwpyPy,aMVoKRV
qvwpyPy
qvwpyPy
qvwpyPy
qvwpyPy,fzx,vjogLcBx,qvwpyPy,vjogLcBx,qvwpyPy,FQZlKCj,qvwpyPy,aMVoKRV,vjogLcBx
fzx
FQZlKCj
FQZlKCj
FQZlKCj
FQZlKCj
qvwpyPy,qvwpyPy,FQZlKCj,qvwpyPy,fzx,qvwpyPy,aMVoKRV,vjogLcBx,fzx
qvwpyPy,qvwpyPy,FQZlKCj,qvwpyPy,fzx,qvwpyPy,aMVoKRV,vjogLcBx,fzx
qvwpyPy
qvwpyPy
qvwpyPy,qvwpyPy,FQZlKCj,qvwpyPy,qvwpyPy,aMVoKRV,vjogLcBx,fzx,fzx,fzx
qvwpyPy
qvwpyPy
qvwpyPy
qvwpyPy,qvwpyPy,FQZlKCj,qvwpyPy,qvwpyPy,fzx,vjogLcBx,fzx
Jedi Wagner, assuma o comando!