mHFeJVArZ
mHFeJVArZ
mHFeJVArZ
[vazia]
[vazia]
ehBHvJ
ehBHvJ,mHFeJVArZ,mHFeJVArZ
[vazia]
[vazia]
[vazia]
[vazia]
Toque! Toque, Dijê!
[vazia]
ehBHvJ
ehBHvJ
Toque! Toque, Dijê!
Toque! Toque, Dijê!
ehBHvJ
U,ehBHvJ,ehBHvJ,qQPCGrOUd
U,ehBHvJ,ehBHvJ,qQPCGrOUd
U
U
U
ehBHvJ,ehBHvJ,qQPCGrOUd,mHFeJVArZ,U
ehBHvJ,ehBHvJ,qQPCGrOUd,mHFeJVArZ,U
ehBHvJ,qQPCGrOUd,ehBHvJ,mHFeJVArZ,U
ehBHvJ,qQPCGrOUd,ehBHvJ,mHFeJVArZ,U
qQPCGrOUd
qQPCGrOUd
dvn
Toque! Toque, Dijê!
Toque! Toque, Dijê!
oczcYQmY
Toque! Toque, Dijê!
Toque! Toque, Dijê!
Toque! Toque, Dijê!
Toque! Toque, Dijê!
Toque! Toque, Dijê!
[vazia]
mHFeJVArZ
mHFeJVArZ
mHFeJVArZ
mHFeJVArZ
[vazia]
[vazia]
qQPCGrOUd
qQPCGrOUd
qQPCGrOUd
qQPCGrOUd
qQPCGrOUd,dvn,dvn,oczcYQmY
dvn
dvn,dvn
dvn,dvn
dvn,dvn,AgzTqZv
dvn
dvn
AgzTqZv
AgzTqZv
AgzTqZv
AgzTqZv
oczcYQmY
oczcYQmY
oczcYQmY,U
oczcYQmY
oczcYQmY,U
AgzTqZv,oczcYQmY,dvn,U
oczcYQmY
AgzTqZv,oczcYQmY,dvn,U
oczcYQmY,dvn,U,dvn,qQPCGrOUd
dvn
AgzTqZv,dvn,U,dvn,oczcYQmY,qQPCGrOUd
oczcYQmY
AgzTqZv,dvn,U,dvn,oczcYQmY,qQPCGrOUd
dvn
dvn
dvn
dvn
AgzTqZv,oczcYQmY,dvn,U,dvn,qQPCGrOUd
dvn
AgzTqZv,oczcYQmY,dvn,U,dvn,qQPCGrOUd
AgzTqZv,oczcYQmY,dvn,U,dvn,qQPCGrOUd
dvn
dvn
AgzTqZv,oczcYQmY,dvn,U,qQPCGrOUd,dvn,qQPCGrOUd
AgzTqZv,oczcYQmY,dvn,U,qQPCGrOUd,dvn,qQPCGrOUd,oczcYQmY
AgzTqZv,oczcYQmY,dvn,U,qQPCGrOUd,dvn,qQPCGrOUd,oczcYQmY
qQPCGrOUd
AgzTqZv,oczcYQmY,dvn,U,qQPCGrOUd,dvn,qQPCGrOUd,oczcYQmY,U
dvn
dvn,dvn,qQPCGrOUd,qQPCGrOUd,dvn,dvn,AgzTqZv,AgzTqZv
dvn,dvn,qQPCGrOUd,qQPCGrOUd,dvn,dvn,AgzTqZv,AgzTqZv
dvn,dvn,qQPCGrOUd,qQPCGrOUd,dvn,dvn,AgzTqZv,AgzTqZv,AgzTqZv
dvn
dvn
dvn,dvn,qQPCGrOUd,qQPCGrOUd,dvn,dvn,AgzTqZv,AgzTqZv
AgzTqZv
dvn,dvn,qQPCGrOUd,qQPCGrOUd,dvn,dvn,AgzTqZv,AgzTqZv
dvn,dvn,qQPCGrOUd,qQPCGrOUd,dvn,dvn,AgzTqZv,AgzTqZv
dvn,dvn,qQPCGrOUd,qQPCGrOUd,dvn,dvn,AgzTqZv,AgzTqZv
dvn
dvn,dvn,qQPCGrOUd,qQPCGrOUd,dvn,dvn,AgzTqZv
dvn,dvn,qQPCGrOUd,ehBHvJ,qQPCGrOUd,dvn,dvn,AgzTqZv,AgzTqZv
qQPCGrOUd
dvn,dvn,qQPCGrOUd,ehBHvJ,qQPCGrOUd,dvn,dvn,AgzTqZv,AgzTqZv
qQPCGrOUd
qQPCGrOUd
dvn,dvn,ehBHvJ,qQPCGrOUd,dvn,dvn,AgzTqZv,AgzTqZv
dvn,dvn,qQPCGrOUd,dvn,dvn,AgzTqZv
dvn,dvn,qQPCGrOUd,dvn,dvn,AgzTqZv
dvn,dvn,qQPCGrOUd,dvn,dvn,AgzTqZv
dvn,dvn,qQPCGrOUd,dvn,dvn,AgzTqZv
qQPCGrOUd
qQPCGrOUd
qQPCGrOUd
qQPCGrOUd
dvn,dvn,qQPCGrOUd,qQPCGrOUd,ehBHvJ,dvn,dvn,AgzTqZv,AgzTqZv
Jedi Wagner, assuma o comando!