lfTNJUpirM
aymLpw
mVPY
lfTNJUpirM,mVPY
lfTNJUpirM,mVPY
lfTNJUpirM,mVPY
lfTNJUpirM,cuQVFOkO
cuQVFOkO
cuQVFOkO
lfTNJUpirM,cuQVFOkO
cuQVFOkO
cuQVFOkO
cuQVFOkO
lfTNJUpirM,cuQVFOkO
cuQVFOkO
cuQVFOkO
lfTNJUpirM,cuQVFOkO
lfTNJUpirM,cuQVFOkO
lfTNJUpirM,cuQVFOkO
cuQVFOkO
lfTNJUpirM,cuQVFOkO
cuQVFOkO
cuQVFOkO
lfTNJUpirM,cuQVFOkO
cuQVFOkO
cuQVFOkO
cuQVFOkO
lfTNJUpirM,cuQVFOkO,kvu,kvu
cuQVFOkO
lfTNJUpirM,cuQVFOkO,kvu,kvu
cuQVFOkO
lfTNJUpirM,cuQVFOkO,kvu,nRPmk
lfTNJUpirM,cuQVFOkO,kvu,kvu
lfTNJUpirM,cuQVFOkO,kvu,kvu
lfTNJUpirM,cuQVFOkO,kvu,kvu
cuQVFOkO
cuQVFOkO
kvu,cuQVFOkO,kvu,kvu,lfTNJUpirM
cuQVFOkO
kvu,cuQVFOkO,kvu,kvu,lfTNJUpirM
kvu,cuQVFOkO,kvu,kvu,lfTNJUpirM
cuQVFOkO
kvu,cuQVFOkO,kvu,kvu
kvu,cuQVFOkO,kvu,kvu
kvu
kvu
kvu,cuQVFOkO,kvu,kvu
kvu,cuQVFOkO,kvu,kvu
kvu,cuQVFOkO,kvu,kvu
kvu
kvu
kvu,cuQVFOkO,kvu,kvu,mVPY
kvu
kvu,kvu,kvu
kvu,kvu,kvu,lfTNJUpirM,nuHlGNsk
kvu
kvu
kvu
kvu,kvu,kvu,lfTNJUpirM
kvu,kvu,kvu,lfTNJUpirM
kvu
kvu
kvu,kvu,kvu,kvu,kvu
kvu,kvu,kvu
kvu,kvu,kvu
kvu
kvu,kvu,nRPmk,kvu,aymLpw,nuHlGNsk,nuHlGNsk
aymLpw
kvu,kvu,kvu,aymLpw,nRPmk,nuHlGNsk
kvu,kvu,kvu,aymLpw,nRPmk,nuHlGNsk,kvu
kvu,kvu,kvu,aymLpw,nRPmk,kvu
aymLpw
kvu
kvu,kvu,kvu,aymLpw,nRPmk,kvu,aymLpw
kvu
kvu,kvu,kvu,aymLpw,kvu,aymLpw
kvu,kvu,kvu,aymLpw,kvu,aymLpw
kvu
kvu,kvu,kvu,aymLpw,kvu,aymLpw,cuQVFOkO
kvu,kvu,kvu,aymLpw,kvu,aymLpw,cuQVFOkO
aymLpw
kvu
kvu
kvu
aymLpw,kvu,kvu,kvu,kvu,aymLpw
aymLpw,kvu,D,kvu,kvu,kvu,aymLpw
aymLpw,kvu,D,kvu,kvu,kvu,aymLpw
aymLpw,kvu,kvu,kvu,kvu,aymLpw
aymLpw,kvu,kvu,kvu,kvu,aymLpw,mVPY
aymLpw,kvu,kvu,kvu,kvu,aymLpw,mVPY
kvu
kvu,kvu,kvu,kvu,aymLpw
aymLpw,kvu,kvu,kvu,kvu,aymLpw
kvu
kvu
kvu,aymLpw,kvu,kvu,kvu,aymLpw,aymLpw
aymLpw
aymLpw
kvu,aymLpw,kvu,kvu,kvu,aymLpw,aymLpw
aymLpw
aymLpw
aymLpw
aymLpw
aymLpw
aymLpw
aymLpw
aymLpw,kvu,kvu,kvu,kvu,aymLpw,aymLpw,D,nuHlGNsk
kvu
kvu
aymLpw,kvu,kvu,kvu,aymLpw,aymLpw,D,nuHlGNsk
kvu
kvu
kvu
nuHlGNsk
kvu,kvu,kvu,nuHlGNsk,aymLpw,aymLpw,aymLpw,D
aymLpw
aymLpw
aymLpw
kvu,kvu,kvu,nuHlGNsk,aymLpw,aymLpw,aymLpw,D,mVPY,kvu
aymLpw
aymLpw
kvu,kvu,kvu,nuHlGNsk,aymLpw,aymLpw,aymLpw,D,mVPY,kvu
D
kvu,kvu,kvu,nuHlGNsk,aymLpw,aymLpw,aymLpw,D,kvu,cuQVFOkO
kvu,kvu,kvu,nuHlGNsk,aymLpw,aymLpw,aymLpw,D,kvu,cuQVFOkO
kvu,kvu,kvu,nuHlGNsk,aymLpw,aymLpw,aymLpw,D,kvu,cuQVFOkO,D
kvu,kvu,kvu,nuHlGNsk,aymLpw,aymLpw,aymLpw,D,kvu,cuQVFOkO,D
kvu
kvu
kvu,kvu,kvu,nuHlGNsk,aymLpw,aymLpw,aymLpw,D,kvu,cuQVFOkO,D
kvu,kvu,kvu,nuHlGNsk,aymLpw,aymLpw,aymLpw,D,kvu,D
nuHlGNsk
nuHlGNsk
nuHlGNsk
kvu,kvu,kvu,nuHlGNsk,aymLpw,aymLpw,aymLpw,D,kvu,D,nuHlGNsk,nuHlGNsk
kvu,kvu,kvu,nuHlGNsk,aymLpw,aymLpw,aymLpw,D,kvu,D,nuHlGNsk
kvu,kvu,nuHlGNsk,aymLpw,aymLpw,aymLpw,D,kvu,D,nuHlGNsk,nuHlGNsk
kvu,kvu,aymLpw,aymLpw,aymLpw,D,kvu,D,nuHlGNsk,nuHlGNsk,nuHlGNsk
kvu,kvu,aymLpw,aymLpw,aymLpw,D,kvu,D,nuHlGNsk,nuHlGNsk,nuHlGNsk,aymLpw
kvu,kvu,aymLpw,aymLpw,aymLpw,kvu,D,nuHlGNsk,nuHlGNsk,nuHlGNsk,aymLpw
Jedi Wagner, assuma o comando!