NTDxkvpRz
NTDxkvpRz
NTDxkvpRz
Toque! Toque, Dijê!
KnUZ
AQNE
AQNE
AQNE,KnUZ
KnUZ
KnUZ
KnUZ
AQNE,KnUZ
KnUZ
AQNE,KnUZ
KnUZ
KnUZ,AQNE
AQNE
AQNE
AQNE,KnUZ
AQNE,NTDxkvpRz
NTDxkvpRz
AQNE,NTDxkvpRz
AQNE,NTDxkvpRz
NTDxkvpRz
NTDxkvpRz,NTDxkvpRz
AQNE
NTDxkvpRz,AQNE,KnUZ,AQNE
AQNE,NTDxkvpRz,KnUZ,AQNE
NTDxkvpRz
AQNE
AQNE
NTDxkvpRz,AQNE,AQNE,AQNE,NTDxkvpRz,AQNE
NTDxkvpRz
NTDxkvpRz,AQNE,AQNE,NTDxkvpRz,AQNE
AQNE,AQNE,NTDxkvpRz,NTDxkvpRz,AQNE
NTDxkvpRz
AQNE,AQNE,NTDxkvpRz,AQNE
AQNE,AQNE,KnUZ,AQNE,AQNE,NTDxkvpRz
NTDxkvpRz,AQNE,AQNE,NTDxkvpRz,AQNE,AQNE
NTDxkvpRz,AQNE,AQNE,NTDxkvpRz,AQNE
NTDxkvpRz
NTDxkvpRz,AQNE,AQNE,NTDxkvpRz,AQNE
AQNE
NTDxkvpRz,AQNE,NTDxkvpRz,AQNE,AQNE,AQNE,NTDxkvpRz
AQNE
AQNE
AQNE
NTDxkvpRz
NTDxkvpRz,AQNE,NTDxkvpRz,AQNE,AQNE,NTDxkvpRz
NTDxkvpRz,AQNE,NTDxkvpRz,AQNE,AQNE,NTDxkvpRz
AQNE,NTDxkvpRz,NTDxkvpRz,AQNE,AQNE,NTDxkvpRz
NTDxkvpRz
AQNE,NTDxkvpRz,NTDxkvpRz,AQNE,AQNE,NTDxkvpRz,AQNE
NTDxkvpRz
AQNE
AQNE,NTDxkvpRz,AQNE,AQNE,NTDxkvpRz,AQNE,NTDxkvpRz
NTDxkvpRz,AQNE,AQNE,AQNE,NTDxkvpRz,AQNE,NTDxkvpRz
NTDxkvpRz,AQNE,AQNE,AQNE,NTDxkvpRz,AQNE,NTDxkvpRz
AQNE
NTDxkvpRz,AQNE,AQNE,AQNE,NTDxkvpRz,AQNE,NTDxkvpRz
NTDxkvpRz,AQNE,NTDxkvpRz,AQNE,NTDxkvpRz,AQNE,AQNE,AQNE
NTDxkvpRz,AQNE,NTDxkvpRz,AQNE,NTDxkvpRz,AQNE,AQNE,AQNE
NTDxkvpRz,AQNE,NTDxkvpRz,AQNE,NTDxkvpRz,AQNE,AQNE,AQNE
AQNE
AQNE,NTDxkvpRz,AQNE,NTDxkvpRz,AQNE,NTDxkvpRz,AQNE,AQNE,NTDxkvpRz
AQNE
AQNE,NTDxkvpRz,AQNE,NTDxkvpRz,AQNE,NTDxkvpRz,AQNE,AQNE,NTDxkvpRz
AQNE
AQNE,AQNE,NTDxkvpRz,NTDxkvpRz,AQNE,AQNE,NTDxkvpRz,AQNE,KnUZ,NTDxkvpRz
AQNE,AQNE,NTDxkvpRz,NTDxkvpRz,AQNE,AQNE,NTDxkvpRz,AQNE,NTDxkvpRz
AQNE,AQNE,NTDxkvpRz,NTDxkvpRz,AQNE,AQNE,NTDxkvpRz,AQNE,NTDxkvpRz
NTDxkvpRz
AQNE
AQNE
AQNE
NTDxkvpRz,NTDxkvpRz,AQNE,NTDxkvpRz,AQNE,AQNE,AQNE,AQNE
NTDxkvpRz,NTDxkvpRz,AQNE,NTDxkvpRz,AQNE,AQNE,AQNE,AQNE,KnUZ
AQNE
AQNE
NTDxkvpRz,AQNE,NTDxkvpRz,AQNE,NTDxkvpRz,AQNE,AQNE,AQNE
AQNE
NTDxkvpRz,NTDxkvpRz,AQNE,NTDxkvpRz,AQNE,AQNE,AQNE,KnUZ
NTDxkvpRz,NTDxkvpRz,AQNE,NTDxkvpRz,AQNE,AQNE,AQNE,KnUZ
AQNE
AQNE
AQNE
AQNE
AQNE
NTDxkvpRz,KnUZ,NTDxkvpRz,AQNE,AQNE,AQNE,AQNE
AQNE
NTDxkvpRz,NTDxkvpRz,AQNE,AQNE,AQNE,KnUZ,AQNE
AQNE,AQNE,KnUZ,AQNE,NTDxkvpRz,AQNE,NTDxkvpRz,KnUZ
NTDxkvpRz
NTDxkvpRz
AQNE
KnUZ,AQNE,NTDxkvpRz,AQNE,AQNE,KnUZ,KnUZ,NTDxkvpRz
KnUZ,AQNE,NTDxkvpRz,AQNE,AQNE,KnUZ,KnUZ,NTDxkvpRz
KnUZ,NTDxkvpRz,AQNE,AQNE,AQNE,KnUZ,KnUZ,NTDxkvpRz
KnUZ,NTDxkvpRz,AQNE,AQNE,AQNE,KnUZ,KnUZ,NTDxkvpRz
KnUZ
NTDxkvpRz,AQNE,AQNE,AQNE,KnUZ,NTDxkvpRz,KnUZ,NTDxkvpRz
NTDxkvpRz,AQNE,AQNE,AQNE,KnUZ,NTDxkvpRz,KnUZ,NTDxkvpRz,NTDxkvpRz
NTDxkvpRz,AQNE,KnUZ,NTDxkvpRz,AQNE,AQNE,KnUZ,NTDxkvpRz,NTDxkvpRz
NTDxkvpRz
NTDxkvpRz
KnUZ,NTDxkvpRz,NTDxkvpRz,AQNE,AQNE,KnUZ,NTDxkvpRz,NTDxkvpRz,NTDxkvpRz
NTDxkvpRz
KnUZ,NTDxkvpRz,NTDxkvpRz,AQNE,AQNE,KnUZ,NTDxkvpRz,NTDxkvpRz,NTDxkvpRz,NTDxkvpRz
KnUZ,NTDxkvpRz,NTDxkvpRz,AQNE,AQNE,KnUZ,NTDxkvpRz,NTDxkvpRz,NTDxkvpRz,NTDxkvpRz
KnUZ,AQNE,NTDxkvpRz,NTDxkvpRz,AQNE,KnUZ,NTDxkvpRz,NTDxkvpRz,NTDxkvpRz,NTDxkvpRz
KnUZ,AQNE,NTDxkvpRz,NTDxkvpRz,AQNE,KnUZ,NTDxkvpRz,NTDxkvpRz,NTDxkvpRz,NTDxkvpRz
NTDxkvpRz,AQNE,AQNE,AQNE,KnUZ,NTDxkvpRz,KnUZ,NTDxkvpRz
NTDxkvpRz,AQNE,AQNE,AQNE,KnUZ,NTDxkvpRz,KnUZ,NTDxkvpRz
NTDxkvpRz
NTDxkvpRz,AQNE,AQNE,AQNE,KnUZ,NTDxkvpRz,KnUZ,NTDxkvpRz
NTDxkvpRz
NTDxkvpRz,AQNE,AQNE,AQNE,KnUZ,NTDxkvpRz,KnUZ,NTDxkvpRz,NTDxkvpRz
NTDxkvpRz
NTDxkvpRz
AQNE,AQNE,AQNE,KnUZ,NTDxkvpRz,KnUZ,NTDxkvpRz
KnUZ
AQNE,AQNE,KnUZ,NTDxkvpRz,KnUZ
KnUZ
AQNE,AQNE,KnUZ,NTDxkvpRz,KnUZ
AQNE,AQNE,NTDxkvpRz,KnUZ,AQNE,KnUZ
KnUZ
AQNE,AQNE,NTDxkvpRz,KnUZ,AQNE,KnUZ,AQNE
AQNE,AQNE,NTDxkvpRz,AQNE,KnUZ,AQNE
AQNE
AQNE,AQNE,NTDxkvpRz,AQNE,AQNE,AQNE
AQNE,AQNE,NTDxkvpRz,AQNE,AQNE,AQNE,NTDxkvpRz
AQNE,AQNE,NTDxkvpRz,AQNE,AQNE,AQNE,NTDxkvpRz
AQNE
AQNE
AQNE
AQNE,AQNE,NTDxkvpRz,AQNE,AQNE,AQNE,NTDxkvpRz,KnUZ,NTDxkvpRz,KnUZ
KnUZ
NTDxkvpRz,KnUZ,AQNE,AQNE,AQNE,AQNE,NTDxkvpRz,NTDxkvpRz,KnUZ,NTDxkvpRz,AQNE
NTDxkvpRz,KnUZ,AQNE,AQNE,AQNE,AQNE,NTDxkvpRz,NTDxkvpRz,KnUZ,NTDxkvpRz,AQNE,KnUZ
AQNE
NTDxkvpRz,AQNE,AQNE,AQNE,AQNE,NTDxkvpRz,NTDxkvpRz,KnUZ,NTDxkvpRz,AQNE,AQNE,AQNE,NTDxkvpRz
NTDxkvpRz
NTDxkvpRz,AQNE,AQNE,AQNE,AQNE,NTDxkvpRz,NTDxkvpRz,KnUZ,NTDxkvpRz,AQNE,AQNE,AQNE,NTDxkvpRz
NTDxkvpRz,AQNE,AQNE,AQNE,AQNE,NTDxkvpRz,NTDxkvpRz,KnUZ,NTDxkvpRz,AQNE,AQNE,AQNE,NTDxkvpRz
NTDxkvpRz
NTDxkvpRz
NTDxkvpRz,AQNE,AQNE,AQNE,AQNE,KnUZ,NTDxkvpRz,NTDxkvpRz,NTDxkvpRz,AQNE,AQNE,AQNE,NTDxkvpRz
NTDxkvpRz,AQNE,AQNE,AQNE,AQNE,NTDxkvpRz,NTDxkvpRz,KnUZ,NTDxkvpRz,AQNE,AQNE,AQNE,NTDxkvpRz
NTDxkvpRz,AQNE,AQNE,AQNE,NTDxkvpRz,AQNE,NTDxkvpRz,KnUZ,NTDxkvpRz,AQNE,AQNE,AQNE,NTDxkvpRz,NTDxkvpRz
NTDxkvpRz
NTDxkvpRz,AQNE,AQNE,AQNE,NTDxkvpRz,AQNE,NTDxkvpRz,KnUZ,NTDxkvpRz,AQNE,AQNE,AQNE,NTDxkvpRz,NTDxkvpRz
NTDxkvpRz,AQNE,AQNE,AQNE,NTDxkvpRz,AQNE,NTDxkvpRz,KnUZ,NTDxkvpRz,AQNE,AQNE,AQNE,NTDxkvpRz,NTDxkvpRz
NTDxkvpRz
NTDxkvpRz
KnUZ
AQNE,AQNE,AQNE,AQNE,NTDxkvpRz,NTDxkvpRz,AQNE,AQNE,AQNE,NTDxkvpRz,NTDxkvpRz,NTDxkvpRz
AQNE,AQNE,AQNE,NTDxkvpRz,NTDxkvpRz,AQNE,AQNE,AQNE,NTDxkvpRz,NTDxkvpRz,NTDxkvpRz
NTDxkvpRz
NTDxkvpRz
NTDxkvpRz
NTDxkvpRz
KnUZ
KnUZ
KnUZ
KnUZ
KnUZ
AQNE,AQNE,AQNE,AQNE,NTDxkvpRz,NTDxkvpRz,KnUZ,NTDxkvpRz,AQNE,AQNE,AQNE,NTDxkvpRz,NTDxkvpRz
AQNE,AQNE,AQNE,AQNE,NTDxkvpRz,NTDxkvpRz,KnUZ,NTDxkvpRz,AQNE,AQNE,AQNE,NTDxkvpRz,NTDxkvpRz
KnUZ
AQNE,AQNE,AQNE,NTDxkvpRz,AQNE,AQNE,AQNE,NTDxkvpRz,NTDxkvpRz
KnUZ
AQNE,AQNE,AQNE,NTDxkvpRz,NTDxkvpRz,KnUZ,NTDxkvpRz,AQNE,AQNE,AQNE,NTDxkvpRz,NTDxkvpRz,KnUZ,KnUZ
AQNE,AQNE,NTDxkvpRz,KnUZ,NTDxkvpRz,AQNE,AQNE,AQNE,NTDxkvpRz,NTDxkvpRz,KnUZ,KnUZ
KnUZ
AQNE,AQNE,NTDxkvpRz,KnUZ,NTDxkvpRz,AQNE,AQNE,AQNE,NTDxkvpRz,NTDxkvpRz,KnUZ,KnUZ
AQNE,AQNE,NTDxkvpRz,KnUZ,NTDxkvpRz,AQNE,AQNE,AQNE,NTDxkvpRz,NTDxkvpRz,KnUZ,KnUZ
AQNE,AQNE,NTDxkvpRz,KnUZ,NTDxkvpRz,AQNE,AQNE,AQNE,NTDxkvpRz,NTDxkvpRz,KnUZ,KnUZ
KnUZ
AQNE,AQNE,NTDxkvpRz,KnUZ,NTDxkvpRz,AQNE,AQNE,AQNE,NTDxkvpRz,NTDxkvpRz,KnUZ,KnUZ
AQNE,AQNE,NTDxkvpRz,KnUZ,NTDxkvpRz,AQNE,AQNE,AQNE,NTDxkvpRz,NTDxkvpRz,KnUZ,KnUZ,NTDxkvpRz
AQNE,AQNE,NTDxkvpRz,KnUZ,NTDxkvpRz,AQNE,AQNE,AQNE,NTDxkvpRz,NTDxkvpRz,KnUZ,KnUZ,NTDxkvpRz
NTDxkvpRz
Jedi Wagner, assuma o comando!