Toque! Toque, Dijê!
[vazia]
XEKKUM
XEKKUM
XEKKUM
XEKKUM
mmTSbi
Toque! Toque, Dijê!
XEKKUM
XEKKUM
[vazia]
[vazia]
Toque! Toque, Dijê!
XEKKUM
XEKKUM
XEKKUM
[vazia]
mmTSbi
mmTSbi
mmTSbi
XEKKUM
[vazia]
[vazia]
mmTSbi
[vazia]
[vazia]
Toque! Toque, Dijê!
[vazia]
mmTSbi
mmTSbi
mmTSbi
mmTSbi,mmTSbi,mmTSbi
mmTSbi,mmTSbi
mmTSbi,mmTSbi
mmTSbi,mmTSbi
mmTSbi
mmTSbi,mmTSbi
mmTSbi
mmTSbi,mmTSbi
mmTSbi,mmTSbi
mmTSbi
mmTSbi,mmTSbi,mmTSbi
mmTSbi,mmTSbi,mmTSbi
mmTSbi,mmTSbi,mmTSbi,XEKKUM
mmTSbi
mmTSbi
mmTSbi
mmTSbi,mmTSbi,mmTSbi,XEKKUM,mmTSbi
mmTSbi
mmTSbi
mmTSbi,mmTSbi,mmTSbi,mmTSbi,XEKKUM
mmTSbi
mmTSbi,mmTSbi,mmTSbi,mmTSbi,XEKKUM
mmTSbi,mmTSbi,mmTSbi,mmTSbi
mmTSbi
mmTSbi,mmTSbi,mmTSbi,mmTSbi
mmTSbi,mmTSbi,mmTSbi,mmTSbi
mmTSbi
mmTSbi,mmTSbi,mmTSbi,mmTSbi,mmTSbi,XEKKUM,XEKKUM
mmTSbi,mmTSbi,mmTSbi,mmTSbi,mmTSbi,XEKKUM,XEKKUM
mmTSbi
mmTSbi
mmTSbi
mmTSbi
mmTSbi,mmTSbi,mmTSbi,mmTSbi,mmTSbi,XEKKUM,XEKKUM
mmTSbi
XEKKUM
mmTSbi,mmTSbi,mmTSbi,mmTSbi,XEKKUM,mmTSbi,mmTSbi,mmTSbi,XEKKUM,XEKKUM
mmTSbi,mmTSbi,mmTSbi,mmTSbi,XEKKUM,mmTSbi,mmTSbi,mmTSbi,XEKKUM,XEKKUM,XEKKUM
mmTSbi,mmTSbi,mmTSbi,XEKKUM,mmTSbi,mmTSbi,mmTSbi,mmTSbi,XEKKUM,XEKKUM,XEKKUM
XEKKUM
mmTSbi
mmTSbi,XEKKUM,mmTSbi,mmTSbi,mmTSbi,mmTSbi,XEKKUM,XEKKUM,XEKKUM,XEKKUM,XEKKUM
XEKKUM
XEKKUM
XEKKUM,mmTSbi,mmTSbi,mmTSbi,XEKKUM,XEKKUM,XEKKUM,XEKKUM,XEKKUM
XEKKUM
XEKKUM
XEKKUM
XEKKUM
XEKKUM
XEKKUM
XEKKUM
mmTSbi,mmTSbi,mmTSbi,mmTSbi,mmTSbi,XEKKUM,mmTSbi,mmTSbi
mmTSbi,mmTSbi,mmTSbi,mmTSbi,mmTSbi,XEKKUM,mmTSbi,mmTSbi,XEKKUM
Jedi Wagner, assuma o comando!