TvD
TvD
TvD,TvD,jZQ
[vazia]
ikWrZZvZy
ikWrZZvZy
ikWrZZvZy
jZQ
ikWrZZvZy,jZQ,ikWrZZvZy
ikWrZZvZy,jZQ
ikWrZZvZy,jZQ
ikWrZZvZy
ikWrZZvZy
ikWrZZvZy,ikWrZZvZy
ikWrZZvZy,ikWrZZvZy,jZQ
ikWrZZvZy,ikWrZZvZy
ikWrZZvZy,TvD,TvD
ikWrZZvZy,TvD,TvD
ikWrZZvZy,TvD,TvD
ikWrZZvZy,TvD,TvD
TvD,TvD
TvD
TvD
TvD,TvD
TvD,TvD
TvD
TvD,TvD
TvD
TvD
TvD
TvD
TvD
TvD
TvD
TvD
TvD
TvD,jZQ
TvD,jZQ
jZQ
ikWrZZvZy
jZQ
jZQ
TvD,jZQ,TvD
jZQ
TvD,TvD,jZQ,jZQ,TvD
jZQ
TvD,jZQ,TvD
jZQ
jZQ
jZQ,TvD,jZQ,jZQ,TvD
jZQ,TvD,TvD,jZQ,jZQ
jZQ,TvD,TvD,jZQ,jZQ
jZQ,TvD,TvD,jZQ,jZQ
jZQ,TvD,TvD,jZQ,jZQ
jZQ,TvD,jZQ,jZQ
jZQ,TvD,jZQ,jZQ,TvD
jZQ,TvD,jZQ,jZQ,TvD
jZQ
jZQ,TvD,jZQ,jZQ,TvD
TvD
TvD
TvD,TvD,jZQ,jZQ,jZQ,TvD,ikWrZZvZy,jZQ
ikWrZZvZy
ikWrZZvZy
TvD,jZQ,ikWrZZvZy,TvD,jZQ,jZQ,TvD,jZQ
TvD,jZQ,ikWrZZvZy,TvD,jZQ,jZQ,TvD,jZQ
ikWrZZvZy,TvD,jZQ,jZQ,TvD,TvD,jZQ,TvD,TvD
TvD
ikWrZZvZy
ikWrZZvZy
ikWrZZvZy
ikWrZZvZy
ikWrZZvZy
TvD,jZQ,jZQ,TvD,ikWrZZvZy,TvD,jZQ,TvD,TvD,jZQ,jZQ,ikWrZZvZy
TvD,jZQ,TvD,ikWrZZvZy,jZQ,TvD,jZQ,TvD,TvD,jZQ,jZQ,ikWrZZvZy
TvD,jZQ,TvD,ikWrZZvZy,jZQ,TvD,jZQ,TvD,TvD,jZQ,jZQ,ikWrZZvZy
TvD,ikWrZZvZy,TvD,jZQ,jZQ,TvD,jZQ,TvD
TvD,ikWrZZvZy,TvD,jZQ,jZQ,TvD,jZQ
TvD,ikWrZZvZy,TvD,jZQ,jZQ,TvD,jZQ
ikWrZZvZy
ikWrZZvZy
ikWrZZvZy
TvD,TvD,jZQ,jZQ,TvD,jZQ,jZQ,ikWrZZvZy,jZQ,jZQ,TvD
jZQ
jZQ
TvD,TvD,jZQ,jZQ,TvD,jZQ,jZQ,jZQ,jZQ,TvD
jZQ
TvD,jZQ,TvD,jZQ,jZQ,jZQ,TvD,jZQ,TvD,jZQ
TvD,jZQ,TvD,jZQ,jZQ,jZQ,TvD,jZQ,TvD,jZQ
jZQ,TvD,jZQ,jZQ,jZQ,TvD,jZQ,TvD,jZQ
TvD
TvD
ikWrZZvZy
ikWrZZvZy
TvD,jZQ,jZQ,jZQ,TvD,jZQ,TvD,ikWrZZvZy,jZQ,TvD,jZQ,ikWrZZvZy
TvD,jZQ,jZQ,jZQ,TvD,jZQ,TvD,ikWrZZvZy,jZQ,TvD,jZQ,ikWrZZvZy
TvD,jZQ,jZQ,jZQ,TvD,jZQ,TvD,ikWrZZvZy,jZQ,TvD,jZQ,ikWrZZvZy
TvD,TvD,jZQ,jZQ,jZQ,TvD,jZQ,TvD,ikWrZZvZy,jZQ,jZQ
TvD,TvD,jZQ,jZQ,jZQ,TvD,jZQ,TvD,ikWrZZvZy,jZQ,jZQ
TvD,TvD,jZQ,jZQ,jZQ,TvD,jZQ,TvD,ikWrZZvZy,jZQ,jZQ
TvD,TvD,jZQ,jZQ,TvD,jZQ,TvD,jZQ,jZQ,ikWrZZvZy,jZQ,TvD,TvD,ikWrZZvZy
TvD,TvD,jZQ,jZQ,jZQ,TvD,jZQ,TvD,ikWrZZvZy,jZQ,jZQ
TvD,TvD,jZQ,jZQ,jZQ,TvD,jZQ,TvD,ikWrZZvZy,jZQ,jZQ
jZQ
TvD,TvD,jZQ,TvD,ikWrZZvZy,jZQ,jZQ,jZQ,jZQ,TvD
TvD,TvD,jZQ,TvD,ikWrZZvZy,jZQ,jZQ,jZQ,jZQ,TvD
TvD,TvD,jZQ,TvD,ikWrZZvZy,jZQ,jZQ,jZQ,jZQ,TvD
TvD,TvD,jZQ,TvD,ikWrZZvZy,jZQ,jZQ,jZQ,jZQ,TvD
TvD
TvD,TvD,jZQ,TvD,ikWrZZvZy,jZQ,jZQ,jZQ,jZQ,TvD
TvD
TvD
TvD
TvD,TvD,jZQ,TvD,jZQ,jZQ,jZQ,jZQ,TvD,jZQ,ikWrZZvZy
TvD
TvD
TvD
TvD,TvD,ikWrZZvZy,TvD,jZQ,jZQ,jZQ,jZQ,TvD,jZQ,ikWrZZvZy,jZQ
ikWrZZvZy
TvD,jZQ,ikWrZZvZy,TvD,TvD,jZQ,jZQ,jZQ,jZQ,TvD,jZQ,ikWrZZvZy,ikWrZZvZy
jZQ
jZQ
jZQ
ikWrZZvZy
ikWrZZvZy,TvD,TvD,TvD,jZQ,jZQ,jZQ,jZQ,TvD,jZQ,ikWrZZvZy,ikWrZZvZy,TvD,ikWrZZvZy,TvD
ikWrZZvZy,TvD,TvD,TvD,jZQ,jZQ,jZQ,jZQ,TvD,jZQ,ikWrZZvZy,ikWrZZvZy,TvD,ikWrZZvZy,TvD
ikWrZZvZy
ikWrZZvZy
TvD
TvD,TvD,jZQ,TvD,ikWrZZvZy,jZQ,jZQ,jZQ,jZQ,TvD,jZQ,ikWrZZvZy
TvD
TvD,ikWrZZvZy,TvD,jZQ,TvD,jZQ,jZQ,jZQ,jZQ,TvD,jZQ,ikWrZZvZy,TvD,ikWrZZvZy
TvD,jZQ,TvD,jZQ,jZQ,jZQ,jZQ,TvD,jZQ,ikWrZZvZy,TvD,ikWrZZvZy
TvD,jZQ,TvD,jZQ,jZQ,jZQ,jZQ,TvD,jZQ,ikWrZZvZy,TvD,ikWrZZvZy
TvD,TvD,jZQ,TvD,jZQ,jZQ,jZQ,jZQ,TvD,jZQ,ikWrZZvZy,TvD,ikWrZZvZy
TvD,TvD,jZQ,TvD,ikWrZZvZy,jZQ,jZQ,jZQ,jZQ,TvD,jZQ,ikWrZZvZy
jZQ,TvD,TvD,jZQ,jZQ,jZQ,jZQ,TvD,jZQ,ikWrZZvZy,ikWrZZvZy
TvD
TvD,TvD,jZQ,TvD,jZQ,jZQ,jZQ,jZQ,TvD,jZQ,ikWrZZvZy
TvD,TvD,jZQ,TvD,jZQ,jZQ,jZQ,jZQ,TvD,jZQ
TvD
TvD
TvD
TvD
TvD
TvD,jZQ,TvD,jZQ,jZQ,jZQ,jZQ,TvD,jZQ,jZQ,ikWrZZvZy,ikWrZZvZy,ikWrZZvZy
TvD
TvD
TvD,jZQ,TvD,jZQ,jZQ,jZQ,jZQ,TvD,jZQ,jZQ,ikWrZZvZy,ikWrZZvZy,ikWrZZvZy
TvD
jZQ
jZQ,TvD,jZQ,jZQ,jZQ,jZQ,TvD,jZQ,jZQ,ikWrZZvZy,ikWrZZvZy,ikWrZZvZy,TvD,jZQ,jZQ,TvD
TvD
jZQ,TvD,jZQ,jZQ,jZQ,jZQ,TvD,jZQ,jZQ,ikWrZZvZy,ikWrZZvZy,ikWrZZvZy,TvD,jZQ,jZQ,TvD,jZQ
TvD
jZQ,TvD,jZQ,jZQ,jZQ,jZQ,TvD,jZQ,jZQ,ikWrZZvZy,ikWrZZvZy,ikWrZZvZy,TvD,jZQ,jZQ,TvD
TvD
jZQ
jZQ,TvD,jZQ,jZQ,jZQ,jZQ,TvD,jZQ,jZQ,ikWrZZvZy,ikWrZZvZy,ikWrZZvZy,TvD,jZQ,jZQ,TvD,TvD
jZQ,TvD,jZQ,jZQ,jZQ,jZQ,TvD,jZQ,jZQ,ikWrZZvZy,ikWrZZvZy,ikWrZZvZy,TvD,jZQ,jZQ,TvD
jZQ,TvD,jZQ,jZQ,jZQ,jZQ,TvD,jZQ,jZQ,ikWrZZvZy,ikWrZZvZy,ikWrZZvZy,TvD,jZQ,jZQ,TvD
jZQ,TvD,jZQ,jZQ,jZQ,jZQ,TvD,jZQ,jZQ,ikWrZZvZy,ikWrZZvZy,ikWrZZvZy,TvD,jZQ,jZQ,TvD
TvD
jZQ,TvD,jZQ,jZQ,jZQ,jZQ,TvD,jZQ,jZQ,ikWrZZvZy,ikWrZZvZy,TvD,jZQ,jZQ,TvD,jZQ,ikWrZZvZy
jZQ,TvD,jZQ,jZQ,jZQ,jZQ,TvD,jZQ,jZQ,ikWrZZvZy,ikWrZZvZy,TvD,jZQ,jZQ,TvD,jZQ,ikWrZZvZy,ikWrZZvZy
TvD,jZQ,jZQ,jZQ,jZQ,TvD,jZQ,jZQ,ikWrZZvZy,ikWrZZvZy,TvD,jZQ,jZQ,TvD,jZQ,ikWrZZvZy,ikWrZZvZy
jZQ
jZQ,jZQ,jZQ,jZQ,TvD,TvD,jZQ,jZQ,TvD,jZQ,jZQ,TvD,jZQ,ikWrZZvZy,ikWrZZvZy
jZQ,jZQ,jZQ,TvD,jZQ,TvD,jZQ,jZQ,TvD,jZQ,jZQ,TvD,jZQ,ikWrZZvZy,ikWrZZvZy
jZQ,jZQ,jZQ,jZQ,TvD,jZQ,jZQ,TvD,jZQ,jZQ,TvD,jZQ,ikWrZZvZy
jZQ,jZQ,jZQ,jZQ,jZQ,jZQ,TvD,jZQ,jZQ,TvD,jZQ
jZQ,jZQ,jZQ,jZQ,jZQ,jZQ,TvD,jZQ,jZQ,TvD,jZQ
jZQ,jZQ,jZQ,jZQ,jZQ,jZQ,TvD,jZQ,jZQ,TvD,jZQ
TvD
TvD
TvD
jZQ,jZQ,jZQ,jZQ,jZQ,jZQ,TvD,jZQ,jZQ,TvD,jZQ,jZQ
TvD
jZQ
jZQ
jZQ,jZQ,jZQ,jZQ,jZQ,jZQ,jZQ,jZQ,jZQ,jZQ,jZQ
jZQ,jZQ,jZQ,jZQ,jZQ,jZQ,jZQ,jZQ,jZQ,jZQ,jZQ,jZQ
jZQ
jZQ,jZQ,jZQ,jZQ,jZQ,jZQ,TvD,jZQ,jZQ,TvD,jZQ,jZQ
jZQ
TvD
jZQ,jZQ,jZQ,jZQ,jZQ,jZQ,TvD,jZQ,jZQ,TvD,jZQ,jZQ,jZQ,jZQ
TvD
ikWrZZvZy
jZQ,jZQ,jZQ,jZQ,jZQ,jZQ,ikWrZZvZy,jZQ,jZQ,TvD,jZQ,jZQ,jZQ,jZQ
ikWrZZvZy
jZQ,jZQ,jZQ,jZQ,jZQ,jZQ,ikWrZZvZy,jZQ,jZQ,TvD,jZQ,jZQ,jZQ,jZQ
jZQ,jZQ,jZQ,jZQ,jZQ,jZQ,ikWrZZvZy,jZQ,jZQ,TvD,jZQ,jZQ,jZQ,jZQ
jZQ
ikWrZZvZy
jZQ,jZQ,jZQ,jZQ,jZQ,ikWrZZvZy,TvD,jZQ,jZQ,jZQ,jZQ,jZQ,jZQ,jZQ,jZQ
TvD
Jedi Wagner, assuma o comando!