Toque! Toque, Dijê!
Toque! Toque, Dijê!
[vazia]
[vazia]
Toque! Toque, Dijê!
[vazia]
Toque! Toque, Dijê!
Toque! Toque, Dijê!
Toque! Toque, Dijê!
Toque! Toque, Dijê!
fUd
[vazia]
[vazia]
[vazia]
[vazia]
nfSxLqcREw
nfSxLqcREw
nfSxLqcREw
nfSxLqcREw
nfSxLqcREw
nfSxLqcREw,fUd
nfSxLqcREw
nfSxLqcREw
nfSxLqcREw
[vazia]
Toque! Toque, Dijê!
nfSxLqcREw
nfSxLqcREw
nfSxLqcREw
nfSxLqcREw
nfSxLqcREw,SxDGEO
nfSxLqcREw
nfSxLqcREw,SxDGEO
nfSxLqcREw,fUd
fUd
nfSxLqcREw
nfSxLqcREw
nfSxLqcREw
fUd
fUd
fUd
Jedi Wagner, assuma o comando!