[vazia]
Toque! Toque, Dijê!
Toque! Toque, Dijê!
Toque! Toque, Dijê!
[vazia]
Toque! Toque, Dijê!
Km
Km,Km,pfUO,pfUO
Km,Km,pfUO,pfUO
Km,Km,pfUO,pfUO,Km
Km
Km,Km,pfUO,pfUO,Km
Km
Km
Km
Km
Km
Km
Km,Km
Km,Km
Km
Km,Km,Km
Km
Km
Km
Km,Km
Km
Km
Km
Km
pfUO
Km
Km
Km
pfUO,Km,Km,Km
Km,Km,Km
Km,Km
Km,Km
Km,Km,Km
Km
Km,Km,Km
Km,Km,Km
Km
Km
Km
Km,Km,Km
Km,Km,Km
Km
Km,Km,Km
Km
Km
Km
Km,Km,Km
Km
Km,Km,Km
Km
Km
Km
pfUO,pfUO,Km,pfUO,pfUO,Km
Km
Km
pfUO,pfUO,pfUO,Km,pfUO
pfUO,pfUO,pfUO,Km,pfUO
pfUO,pfUO,pfUO,Km,pfUO,pfUO,Km
pfUO
pfUO
pfUO,pfUO,pfUO,pfUO,Km,Km
pfUO
pfUO,pfUO,pfUO,pfUO,pfUO,Km,Km
pfUO
pfUO
Km
pfUO,pfUO,pfUO,pfUO,Km,pfUO
Km,pfUO,pfUO,pfUO,pfUO,pfUO
Km,pfUO,pfUO,pfUO,pfUO,pfUO
Km,pfUO,pfUO,pfUO,pfUO,pfUO
Km
Km,pfUO,pfUO,pfUO,pfUO,pfUO
Km,pfUO,pfUO,pfUO,pfUO,pfUO,Km
pfUO
Km,pfUO,pfUO,pfUO,pfUO,pfUO,Km
pfUO
pfUO
pfUO,pfUO,Km,pfUO,pfUO,pfUO,pfUO,Km,Km,Km
pfUO,pfUO,Km,pfUO,pfUO,pfUO,pfUO,Km,Km,Km
pfUO,pfUO,Km,pfUO,pfUO,pfUO,pfUO,Km,Km,Km
pfUO,pfUO,Km,pfUO,pfUO,pfUO,pfUO,Km,Km,Km
pfUO
pfUO
Km,pfUO,pfUO,pfUO,pfUO,pfUO,Km,Km,Km,pfUO
pfUO
Km,pfUO,pfUO,pfUO,pfUO,pfUO,Km,Km,Km,pfUO
pfUO
pfUO,Km,Km,Km,pfUO,pfUO
pfUO,Km,Km,Km,pfUO,pfUO
Km
Km
pfUO,Km,Km,Km,pfUO,pfUO
Km
Km
Km,Km,Km,Km
Km
Km,Km,Km,pfUO
Km,Km
Km,Km
Km
Km
Km
Km
Km
Km
Km
Km
Km
Km
Km
Km,Km,Km,pfUO,Km
pfUO
Km,Km,Km,pfUO,Km,Km
pfUO
pfUO
pfUO
Km,Km,pfUO,Km,Km,Km,pfUO,Km,Km
Km,Km,Km,Km,pfUO
Km
Km
Km
Km
Km
Km,Km,Km,Km,pfUO
Km,Km,Km,Km,pfUO
pfUO
Km
Km,pfUO,Km,pfUO
Km,pfUO,Km,pfUO
Km
Km,Km,Km,pfUO,Km,Km,Km
Km,Km,Km,pfUO,Km,Km,Km
Km
Km,Km,Km,pfUO,Km,Km,Km,Km
pfUO
Km
Km,Km,Km,Km,Km
Km
Km
Km
Km,Km,Km,Km,Km
Km,Km,Km,Km,Km,Km
Km,Km,Km,Km,Km,Km
Km,Km,Km,Km,Km,Km
Km
Km
Km,Km,Km,Km,Km,pfUO
Km
Km
Km,Km,Km,Km,Km,pfUO
Km,Km,Km,Km,Km,pfUO
Km
Km
Km,Km,Km,Km,Km,Km,Km,Km
Km,Km,Km,Km,Km,Km,Km,Km
Km,Km,Km,Km,Km,Km
Km,Km,Km,Km,Km,Km
Km
Km,Km,Km,Km,Km,Km
Km,Km,Km,Km,Km
Km
Km
Km,Km,Km,Km,Km,pfUO,Km,Km
Km,Km,Km,Km,pfUO,Km,Km,Km
Km,Km,Km,Km,pfUO,Km,Km,Km
Km
Km
Jedi Wagner, assuma o comando!