[vazia]
[vazia]
Toque! Toque, Dijê!
Toque! Toque, Dijê!
iMZr
iMZr,iMZr,iMZr
iMZr
iMZr
iMZr,iMZr
iMZr
iMZr,iMZr
iMZr,iMZr
iMZr,iMZr
iMZr
iMZr
iMZr,iMZr
iMZr,iMZr,q
iMZr
iMZr,iMZr,q,RcJYjQofaP,nKbMTxE
iMZr
Zl
Zl
Zl
iMZr
iMZr,iMZr,nKbMTxE
nKbMTxE
nKbMTxE
nKbMTxE
iMZr,eaY,nKbMTxE,iMZr
iMZr,eaY,nKbMTxE,iMZr
iMZr,eaY,nKbMTxE,iMZr
nKbMTxE
iMZr
eaY,nKbMTxE,iMZr,iMZr,nKbMTxE
nKbMTxE
nKbMTxE
eaY,nKbMTxE,iMZr,nKbMTxE
nKbMTxE
eaY,nKbMTxE,iMZr,iMZr,nKbMTxE,q
eaY,nKbMTxE,iMZr,iMZr,nKbMTxE,q,eaY
nKbMTxE
eaY,nKbMTxE,iMZr,iMZr,nKbMTxE,q,eaY,RcJYjQofaP
eaY,nKbMTxE,iMZr,iMZr,nKbMTxE,q,eaY,RcJYjQofaP,RcJYjQofaP,eaY
iMZr
iMZr
iMZr
iMZr
eaY,nKbMTxE,iMZr,iMZr,nKbMTxE,q,eaY,RcJYjQofaP,RcJYjQofaP,eaY
iMZr
iMZr
eaY,nKbMTxE,iMZr,iMZr,nKbMTxE,eaY,RcJYjQofaP,RcJYjQofaP,eaY,q
iMZr
eaY,nKbMTxE,iMZr,iMZr,nKbMTxE,q,eaY,RcJYjQofaP,RcJYjQofaP,eaY,OFKcRwD
iMZr
eaY,nKbMTxE,iMZr,iMZr,nKbMTxE,q,eaY,RcJYjQofaP,RcJYjQofaP,eaY
q
eaY,nKbMTxE,q,iMZr,nKbMTxE,eaY,RcJYjQofaP,RcJYjQofaP,eaY,RcJYjQofaP
eaY,nKbMTxE,q,iMZr,nKbMTxE,eaY,RcJYjQofaP,RcJYjQofaP,eaY,RcJYjQofaP,eM
eaY,nKbMTxE,q,iMZr,nKbMTxE,eaY,RcJYjQofaP,RcJYjQofaP,eaY,RcJYjQofaP
eaY,nKbMTxE,q,iMZr,nKbMTxE,eaY,RcJYjQofaP,RcJYjQofaP,eaY,RcJYjQofaP
q
q
iMZr
iMZr
eaY,nKbMTxE,q,iMZr,nKbMTxE,eaY,RcJYjQofaP,RcJYjQofaP,eaY,RcJYjQofaP
eaY,nKbMTxE,q,iMZr,nKbMTxE,eaY,RcJYjQofaP,RcJYjQofaP,eaY,RcJYjQofaP
nKbMTxE
eaY,nKbMTxE,q,iMZr,nKbMTxE,eaY,RcJYjQofaP,RcJYjQofaP,eaY,RcJYjQofaP,RcJYjQofaP,Zl
eaY,nKbMTxE,q,iMZr,nKbMTxE,eaY,RcJYjQofaP,RcJYjQofaP,eaY,RcJYjQofaP,RcJYjQofaP,Zl
eaY,nKbMTxE,q,iMZr,nKbMTxE,eaY,RcJYjQofaP,RcJYjQofaP,eaY,RcJYjQofaP,RcJYjQofaP,Zl
eaY,nKbMTxE,q,iMZr,nKbMTxE,eaY,RcJYjQofaP,eaY,RcJYjQofaP,RcJYjQofaP,Zl
RcJYjQofaP
q,iMZr,nKbMTxE,eaY,RcJYjQofaP,eaY,RcJYjQofaP,RcJYjQofaP,Zl,eM,tOll
RcJYjQofaP
q,iMZr,nKbMTxE,eaY,RcJYjQofaP,eM,eaY,RcJYjQofaP,RcJYjQofaP,Zl,tOll
eaY,nKbMTxE,q,iMZr,nKbMTxE,eaY,RcJYjQofaP,eaY,RcJYjQofaP,RcJYjQofaP,Zl,tOll
q,iMZr,nKbMTxE,eaY,RcJYjQofaP,nKbMTxE,eaY,RcJYjQofaP,RcJYjQofaP,Zl,tOll,RcJYjQofaP,Zl
q,iMZr,nKbMTxE,eaY,RcJYjQofaP,nKbMTxE,eaY,RcJYjQofaP,RcJYjQofaP,Zl,tOll,RcJYjQofaP,Zl,eaY,tOll,iMZr
RcJYjQofaP
q,iMZr,nKbMTxE,eaY,RcJYjQofaP,nKbMTxE,eaY,RcJYjQofaP,RcJYjQofaP,Zl,tOll,RcJYjQofaP,Zl,eaY,tOll,iMZr
RcJYjQofaP
RcJYjQofaP
RcJYjQofaP
RcJYjQofaP
q,iMZr,nKbMTxE,eaY,RcJYjQofaP,nKbMTxE,eaY,RcJYjQofaP,RcJYjQofaP,Zl,tOll,RcJYjQofaP,Zl,eaY,tOll,iMZr,RcJYjQofaP,eM
RcJYjQofaP
iMZr,nKbMTxE,eaY,RcJYjQofaP,nKbMTxE,eaY,RcJYjQofaP,RcJYjQofaP,Zl,tOll,RcJYjQofaP,Zl,eaY,tOll,iMZr
RcJYjQofaP
Zl
iMZr,nKbMTxE,eaY,RcJYjQofaP,nKbMTxE,eaY,RcJYjQofaP,RcJYjQofaP,Zl,tOll,RcJYjQofaP,Zl,eaY,tOll,iMZr
Zl
iMZr,nKbMTxE,eaY,RcJYjQofaP,nKbMTxE,eaY,RcJYjQofaP,RcJYjQofaP,Zl,tOll,RcJYjQofaP,Zl,eaY,tOll,iMZr
iMZr,nKbMTxE,eaY,RcJYjQofaP,nKbMTxE,eaY,RcJYjQofaP,RcJYjQofaP,Zl,tOll,RcJYjQofaP,Zl,eaY,tOll,iMZr
nKbMTxE,nKbMTxE,RcJYjQofaP,RcJYjQofaP,Zl,RcJYjQofaP,tOll,RcJYjQofaP,Zl,eaY,tOll,iMZr
nKbMTxE,nKbMTxE,RcJYjQofaP,RcJYjQofaP,Zl,RcJYjQofaP,tOll,RcJYjQofaP,Zl,eaY,tOll,iMZr
nKbMTxE,nKbMTxE,RcJYjQofaP,RcJYjQofaP,Zl,RcJYjQofaP,tOll,RcJYjQofaP,Zl,eaY,tOll,iMZr,tOll,q
eaY
eaY
eaY
nKbMTxE,nKbMTxE,RcJYjQofaP,RcJYjQofaP,Zl,RcJYjQofaP,tOll,RcJYjQofaP,Zl,eaY,tOll,iMZr,tOll,q,tOll,RcJYjQofaP
nKbMTxE,RcJYjQofaP,RcJYjQofaP,Zl,RcJYjQofaP,tOll,RcJYjQofaP,Zl,eaY,tOll,iMZr,tOll,q,tOll,RcJYjQofaP,tOll,iMZr
tOll
tOll
nKbMTxE,nKbMTxE,RcJYjQofaP,RcJYjQofaP,Zl,RcJYjQofaP,tOll,RcJYjQofaP,Zl,eaY,tOll,iMZr,tOll,q,tOll,RcJYjQofaP,tOll,iMZr
nKbMTxE,nKbMTxE,RcJYjQofaP,RcJYjQofaP,Zl,RcJYjQofaP,tOll,RcJYjQofaP,Zl,eaY,tOll,iMZr,tOll,q,tOll,RcJYjQofaP,tOll,iMZr
nKbMTxE,nKbMTxE,RcJYjQofaP,RcJYjQofaP,Zl,RcJYjQofaP,RcJYjQofaP,Zl,eaY,tOll,tOll,iMZr,tOll,q,tOll,RcJYjQofaP,tOll,iMZr
tOll
nKbMTxE,nKbMTxE,RcJYjQofaP,RcJYjQofaP,Zl,RcJYjQofaP,tOll,RcJYjQofaP,Zl,eaY,tOll,iMZr,tOll,q,tOll,RcJYjQofaP,tOll,iMZr,tOll
tOll
tOll
tOll
nKbMTxE,nKbMTxE,RcJYjQofaP,RcJYjQofaP,RcJYjQofaP,tOll,RcJYjQofaP,Zl,eaY,tOll,iMZr,tOll,q,tOll,RcJYjQofaP,tOll,iMZr
nKbMTxE,nKbMTxE,RcJYjQofaP,RcJYjQofaP,RcJYjQofaP,tOll,RcJYjQofaP,Zl,eaY,tOll,iMZr,tOll,q,tOll,RcJYjQofaP,tOll,iMZr
nKbMTxE,nKbMTxE,RcJYjQofaP,RcJYjQofaP,RcJYjQofaP,tOll,RcJYjQofaP,Zl,eaY,tOll,iMZr,tOll,q,tOll,RcJYjQofaP,tOll,iMZr
tOll
nKbMTxE,nKbMTxE,RcJYjQofaP,RcJYjQofaP,RcJYjQofaP,tOll,RcJYjQofaP,Zl,eaY,tOll,iMZr,tOll,q,tOll,RcJYjQofaP,tOll,iMZr
tOll
tOll
nKbMTxE,nKbMTxE,RcJYjQofaP,RcJYjQofaP,Zl,RcJYjQofaP,tOll,RcJYjQofaP,Zl,eaY,tOll,iMZr,tOll,q,tOll,RcJYjQofaP,tOll,iMZr,nKbMTxE
nKbMTxE,nKbMTxE,RcJYjQofaP,RcJYjQofaP,Zl,RcJYjQofaP,tOll,RcJYjQofaP,Zl,eaY,tOll,iMZr,tOll,q,tOll,RcJYjQofaP,tOll,iMZr
nKbMTxE,nKbMTxE,RcJYjQofaP,RcJYjQofaP,Zl,RcJYjQofaP,tOll,RcJYjQofaP,Zl,eaY,tOll,iMZr,tOll,q,tOll,RcJYjQofaP,tOll,iMZr
nKbMTxE,nKbMTxE,RcJYjQofaP,RcJYjQofaP,Zl,RcJYjQofaP,tOll,RcJYjQofaP,Zl,eaY,tOll,iMZr,tOll,q,tOll,RcJYjQofaP,tOll,iMZr
tOll
tOll
tOll
tOll
tOll
nKbMTxE,nKbMTxE,RcJYjQofaP,Zl,RcJYjQofaP,tOll,RcJYjQofaP,Zl,eaY,tOll,iMZr,tOll,q,tOll,RcJYjQofaP,tOll,iMZr,eM
iMZr
nKbMTxE,nKbMTxE,RcJYjQofaP,Zl,RcJYjQofaP,tOll,RcJYjQofaP,Zl,tOll,iMZr,eaY,tOll,q,tOll,RcJYjQofaP,tOll,iMZr,eM,q,iMZr
eaY
nKbMTxE,nKbMTxE,RcJYjQofaP,Zl,RcJYjQofaP,tOll,RcJYjQofaP,Zl,tOll,iMZr,eaY,tOll,q,tOll,RcJYjQofaP,tOll,iMZr,eM,q,iMZr,tOll
eaY
tOll
nKbMTxE,RcJYjQofaP,Zl,RcJYjQofaP,tOll,RcJYjQofaP,Zl,tOll,iMZr,tOll,q,tOll,RcJYjQofaP,tOll,iMZr,q,iMZr,tOll
nKbMTxE,nKbMTxE,RcJYjQofaP,Zl,RcJYjQofaP,tOll,RcJYjQofaP,Zl,eaY,tOll,iMZr,tOll,q,tOll,RcJYjQofaP,tOll,iMZr,eM,q
iMZr
nKbMTxE,nKbMTxE,RcJYjQofaP,Zl,RcJYjQofaP,tOll,RcJYjQofaP,Zl,eaY,tOll,iMZr,tOll,q,tOll,RcJYjQofaP,tOll,iMZr,eM,q,iMZr
nKbMTxE,nKbMTxE,RcJYjQofaP,Zl,RcJYjQofaP,tOll,RcJYjQofaP,Zl,eaY,tOll,iMZr,tOll,q,tOll,RcJYjQofaP,tOll,iMZr,eM,q
nKbMTxE,nKbMTxE,RcJYjQofaP,RcJYjQofaP,tOll,RcJYjQofaP,Zl,eaY,tOll,iMZr,tOll,q,tOll,RcJYjQofaP,tOll,iMZr,eM,q,RcJYjQofaP
nKbMTxE,nKbMTxE,RcJYjQofaP,RcJYjQofaP,tOll,RcJYjQofaP,Zl,eaY,tOll,iMZr,tOll,q,tOll,RcJYjQofaP,tOll,iMZr,eM,q
tOll
eM
eM
nKbMTxE,nKbMTxE,RcJYjQofaP,RcJYjQofaP,tOll,RcJYjQofaP,Zl,eaY,tOll,iMZr,eM,tOll,q,tOll,RcJYjQofaP,tOll,iMZr,q
nKbMTxE,nKbMTxE,RcJYjQofaP,RcJYjQofaP,tOll,RcJYjQofaP,Zl,eaY,tOll,iMZr,eM,tOll,q,tOll,RcJYjQofaP,tOll,iMZr,q
eM
tOll
tOll
tOll
nKbMTxE,nKbMTxE,RcJYjQofaP,RcJYjQofaP,tOll,RcJYjQofaP,Zl,eaY,tOll,iMZr,eM,tOll,q,tOll,RcJYjQofaP,tOll,iMZr,q
nKbMTxE,nKbMTxE,RcJYjQofaP,RcJYjQofaP,RcJYjQofaP,Zl,eaY,tOll,iMZr,eM,tOll,q,tOll,RcJYjQofaP,tOll,iMZr,q
tOll
nKbMTxE,nKbMTxE,RcJYjQofaP,RcJYjQofaP,RcJYjQofaP,eaY,tOll,iMZr,tOll,tOll,q,tOll,RcJYjQofaP,tOll,iMZr,eM,q,iMZr,eM,tOll
nKbMTxE,nKbMTxE,RcJYjQofaP,RcJYjQofaP,RcJYjQofaP,eaY,tOll,iMZr,tOll,tOll,q,tOll,RcJYjQofaP,tOll,iMZr,eM,q,iMZr,eM,tOll
nKbMTxE,RcJYjQofaP,RcJYjQofaP,RcJYjQofaP,eaY,tOll,tOll,tOll,q,tOll,RcJYjQofaP,tOll,iMZr,eM,q,iMZr,eM,tOll,eaY
nKbMTxE,RcJYjQofaP,RcJYjQofaP,RcJYjQofaP,tOll,tOll,tOll,q,tOll,RcJYjQofaP,tOll,iMZr,eM,q,iMZr,eM,tOll,eaY
q
nKbMTxE,nKbMTxE,RcJYjQofaP,RcJYjQofaP,tOll,RcJYjQofaP,Zl,eaY,tOll,iMZr,tOll,q,tOll,RcJYjQofaP,tOll,iMZr,eM,q,eaY
RcJYjQofaP
RcJYjQofaP
RcJYjQofaP
nKbMTxE,nKbMTxE,RcJYjQofaP,RcJYjQofaP,tOll,RcJYjQofaP,Zl,eaY,tOll,iMZr,tOll,q,tOll,RcJYjQofaP,tOll,iMZr,eM,q,eaY
nKbMTxE,nKbMTxE,RcJYjQofaP,RcJYjQofaP,tOll,RcJYjQofaP,Zl,eaY,tOll,iMZr,tOll,tOll,RcJYjQofaP,tOll,iMZr,eM,q,eaY,OFKcRwD,OFKcRwD
RcJYjQofaP
RcJYjQofaP
nKbMTxE,nKbMTxE,RcJYjQofaP,RcJYjQofaP,tOll,RcJYjQofaP,Zl,eaY,tOll,iMZr,tOll,tOll,RcJYjQofaP,tOll,iMZr,eM,q,eaY,OFKcRwD,OFKcRwD,eM,tOll
nKbMTxE,nKbMTxE,RcJYjQofaP,RcJYjQofaP,tOll,RcJYjQofaP,Zl,eaY,tOll,iMZr,tOll,tOll,RcJYjQofaP,tOll,iMZr,eM,q,eaY,OFKcRwD,eM,tOll
nKbMTxE,nKbMTxE,RcJYjQofaP,RcJYjQofaP,tOll,RcJYjQofaP,Zl,eaY,tOll,iMZr,tOll,tOll,RcJYjQofaP,tOll,eM,iMZr,q,eaY,OFKcRwD,eM,tOll
nKbMTxE,nKbMTxE,RcJYjQofaP,RcJYjQofaP,tOll,RcJYjQofaP,Zl,eaY,tOll,iMZr,tOll,tOll,RcJYjQofaP,tOll,eM,iMZr,q,eaY,OFKcRwD,eM,tOll,eaY
iMZr
iMZr
nKbMTxE,nKbMTxE,RcJYjQofaP,RcJYjQofaP,Zl,eaY,iMZr,tOll,tOll,RcJYjQofaP,tOll,tOll,eM,iMZr,tOll,eaY,OFKcRwD,eM,tOll,eaY,eaY,q,OFKcRwD
nKbMTxE
nKbMTxE,RcJYjQofaP,RcJYjQofaP,Zl,eaY,tOll,tOll,RcJYjQofaP,tOll,tOll,eM,iMZr,tOll,nKbMTxE,iMZr,eaY,OFKcRwD,eM,tOll,eaY,eaY,q,OFKcRwD,q
nKbMTxE
nKbMTxE,RcJYjQofaP,RcJYjQofaP,eaY,tOll,tOll,RcJYjQofaP,tOll,tOll,eM,iMZr,tOll,nKbMTxE,Zl,iMZr,eaY,OFKcRwD,eM,tOll,eaY,eaY,q,OFKcRwD,q
nKbMTxE,RcJYjQofaP,RcJYjQofaP,eaY,tOll,tOll,RcJYjQofaP,tOll,tOll,eM,iMZr,tOll,nKbMTxE,Zl,iMZr,eaY,OFKcRwD,eM,tOll,eaY,eaY,OFKcRwD,q
nKbMTxE,nKbMTxE,RcJYjQofaP,RcJYjQofaP,Zl,eaY,tOll,iMZr,tOll,tOll,RcJYjQofaP,tOll,tOll,eM,iMZr,q,eaY,OFKcRwD,eM,tOll,eaY,eaY,q,OFKcRwD
eM
eM
nKbMTxE,RcJYjQofaP,RcJYjQofaP,eaY,tOll,tOll,RcJYjQofaP,tOll,tOll,iMZr,eM,q,eaY,OFKcRwD,eM,tOll,eaY,eaY,q,OFKcRwD
q
q
nKbMTxE,RcJYjQofaP,RcJYjQofaP,eaY,tOll,RcJYjQofaP,tOll,tOll,q,tOll,eM,iMZr,eaY,OFKcRwD,eM,tOll,eaY,eaY,q,OFKcRwD,tOll,eaY
nKbMTxE,RcJYjQofaP,RcJYjQofaP,eaY,tOll,RcJYjQofaP,tOll,tOll,q,tOll,eM,iMZr,eaY,OFKcRwD,eM,tOll,eaY,eaY,q,OFKcRwD,tOll,eaY
RcJYjQofaP,eaY,tOll,RcJYjQofaP,tOll,tOll,q,tOll,eM,iMZr,eaY,OFKcRwD,eM,tOll,eaY,eaY,q,OFKcRwD,tOll,eaY
eM
eM
Jedi Wagner, assuma o comando!