[vazia]
[vazia]
[vazia]
[vazia]
[vazia]
Toque! Toque, Dijê!
Toque! Toque, Dijê!
zsziu,KKklrDczm
KKklrDczm
zsziu,KKklrDczm
zsziu,KKklrDczm
KKklrDczm
KKklrDczm
KKklrDczm
zsziu,KKklrDczm,QNCNCd
KKklrDczm
zsziu,KKklrDczm,VOQs
KKklrDczm
KKklrDczm
KKklrDczm
zsziu,KKklrDczm,VOQs,zsziu,MDUTuFfP
KKklrDczm
KKklrDczm,zsziu
KKklrDczm
KKklrDczm
KKklrDczm
KKklrDczm
zsziu,KKklrDczm
KKklrDczm
zsziu
zsziu
zsziu
zsziu,KKklrDczm,KKklrDczm
zsziu
zsziu,KKklrDczm,KKklrDczm,QNCNCd,QNCNCd
zsziu,KKklrDczm,KKklrDczm,QNCNCd,MDUTuFfP
zsziu,KKklrDczm,KKklrDczm,QNCNCd,MDUTuFfP
zsziu
zsziu
zsziu
zsziu
zsziu
zsziu
KKklrDczm
KKklrDczm
KKklrDczm
KKklrDczm
zsziu
KKklrDczm,zsziu
zsziu
zsziu
zsziu
KKklrDczm,zsziu
KKklrDczm,zsziu
zsziu
KKklrDczm,zsziu
KKklrDczm,zsziu
Jedi Wagner, assuma o comando!