[vazia]
[vazia]
Toque! Toque, Dijê!
[vazia]
[vazia]
[vazia]
[vazia]
XM
XM,XM,XM,XM,XM
XM,XM,XM,XM
XM,XM,XM,XM
XM
XM,XM,XM,XM,XM
XM
XM,XM,XM,XM,XM
XM
XM,XM,XM,XM,XM
XM
XM,XM,XM,XM,XM,XM,XM
XM,XM,XM,XM,XM,XM,XM,XM
XM
XM
XM,XM,XM,XM,XM,XM,XM,XM
XM,XM,XM,XM,XM,XM,XM,XM,XM
XM
XM,XM,XM,XM,XM,XM,XM,XM,XM,XM
XM,XM,XM,XM,XM,XM,XM,XM,XM,XM
XM,XM,XM,XM,XM,XM,XM,XM
XM,XM,XM,XM,XM,XM,XM,XM
XM,XM,XM,XM,XM,XM,XM,XM
XM
XM
XM,XM,XM,XM,XM,XM,XM,XM,XM,XM
XM,XM,XM,XM,XM,XM,XM,XM,XM,XM
XM
XM,XM,XM,XM,XM,XM,XM,XM,XM,XM,XM
XM
XM
XM
XM
XM
XM,XM,XM,XM,XM,XM,XM,XM,XM,XM,XM
XM
XM,XM,XM,XM,XM,XM,XM,XM,XM,XM,XM
XM
XM
XM,XM,XM,XM,XM,XM,XM,XM,XM
XM,XM,XM,XM,XM,XM,XM,XM,XM
XM,XM,XM,XM,XM,XM,XM,XM,XM,XM
XM
XM
XM,XM,XM,XM,XM,XM,XM,XM,XM
XM
XM,XM,XM,XM,XM,XM,XM,XM,XM
XM
XM,XM,XM,XM,XM,XM,XM,XM,XM
XM
XM
XM,XM,XM,XM,XM,XM,XM,XM
XM
XM
XM
XM,XM,XM,XM,XM,XM,XM,XM
XM,XM,XM,XM,XM,XM,XM
XM,XM,XM,XM,XM
XM,XM,XM,XM,XM,XM
XM
XM,XM,XM,XM,XM,XM,XM,XM
XM,XM,XM,XM,XM,XM,XM,XM
XM
XM,XM,XM,XM,XM,XM,XM,XM,XM
XM
XM
XM,XM,XM,XM,XM,XM,XM
XM,XM,XM,XM,XM,XM,XM,XM
XM,XM,XM,XM,XM,XM,XM,XM,XM,XM,XM
XM
XM,XM,XM,XM,XM,XM,XM,XM,XM,XM
XM
XM
Jedi Wagner, assuma o comando!