Toque! Toque, Dijê!
DfvTdcBp
Toque! Toque, Dijê!
[vazia]
Toque! Toque, Dijê!
Toque! Toque, Dijê!
Toque! Toque, Dijê!
[vazia]
[vazia]
Toque! Toque, Dijê!
[vazia]
[vazia]
[vazia]
Toque! Toque, Dijê!
[vazia]
Toque! Toque, Dijê!
DfvTdcBp
DfvTdcBp
DfvTdcBp,XFc
DfvTdcBp
Toque! Toque, Dijê!
Toque! Toque, Dijê!
Toque! Toque, Dijê!
Toque! Toque, Dijê!
DfvTdcBp
DfvTdcBp
DfvTdcBp
DfvTdcBp
DfvTdcBp
DfvTdcBp
DfvTdcBp
[vazia]
DfvTdcBp
DfvTdcBp
DfvTdcBp,DfvTdcBp
DfvTdcBp
DfvTdcBp,nIyqymCi
DfvTdcBp
nIyqymCi
nIyqymCi,DfvTdcBp,DfvTdcBp,DfvTdcBp
DfvTdcBp,nIyqymCi
DfvTdcBp,nIyqymCi
DfvTdcBp
DfvTdcBp
DfvTdcBp
DfvTdcBp
DfvTdcBp
nIyqymCi,DfvTdcBp
nIyqymCi,DfvTdcBp
nIyqymCi
XFc
DfvTdcBp
nIyqymCi,DfvTdcBp,DfvTdcBp
DfvTdcBp,nIyqymCi
DfvTdcBp,nIyqymCi
DfvTdcBp,nIyqymCi,nIyqymCi
nIyqymCi
nIyqymCi,nIyqymCi,DfvTdcBp
nIyqymCi,nIyqymCi
nIyqymCi,nIyqymCi
nIyqymCi
nIyqymCi
nIyqymCi
nIyqymCi,nIyqymCi,XFc
nIyqymCi
nIyqymCi
nIyqymCi,nIyqymCi,XFc,XFc
nIyqymCi
nIyqymCi
nIyqymCi,nIyqymCi,XFc
nIyqymCi,nIyqymCi,XFc
nIyqymCi,XFc
XFc
nIyqymCi,XFc,XFc,nIyqymCi
nIyqymCi
nIyqymCi,XFc,XFc,nIyqymCi,nIyqymCi
XFc
XFc
XFc
nIyqymCi,nIyqymCi,XFc,XFc
nIyqymCi
nIyqymCi
nIyqymCi,nIyqymCi,XFc,XFc
nIyqymCi
nIyqymCi,nIyqymCi,XFc,XFc
nIyqymCi
XFc
nIyqymCi,DfvTdcBp,nIyqymCi,XFc,XFc,DfvTdcBp
nIyqymCi,DfvTdcBp,nIyqymCi,XFc,XFc,DfvTdcBp
DfvTdcBp
DfvTdcBp
DfvTdcBp,nIyqymCi,nIyqymCi,XFc,XFc,DfvTdcBp
DfvTdcBp
DfvTdcBp
nIyqymCi,nIyqymCi,XFc,XFc,DfvTdcBp,DfvTdcBp,XFc,DfvTdcBp
nIyqymCi
nIyqymCi,nIyqymCi,XFc,XFc,DfvTdcBp,DfvTdcBp,XFc,DfvTdcBp
nIyqymCi,nIyqymCi,XFc,XFc,DfvTdcBp,DfvTdcBp,XFc,DfvTdcBp,DfvTdcBp
XFc
DfvTdcBp
DfvTdcBp
nIyqymCi,XFc,XFc,DfvTdcBp,nIyqymCi,DfvTdcBp,XFc,DfvTdcBp
nIyqymCi,XFc,XFc,DfvTdcBp,nIyqymCi,DfvTdcBp,XFc,DfvTdcBp
nIyqymCi
nIyqymCi
nIyqymCi
nIyqymCi
nIyqymCi,XFc,XFc,DfvTdcBp,nIyqymCi,DfvTdcBp,XFc,DfvTdcBp,nIyqymCi,XFc
nIyqymCi
nIyqymCi
XFc,XFc,DfvTdcBp,nIyqymCi,nIyqymCi,DfvTdcBp,XFc,DfvTdcBp,nIyqymCi
XFc,XFc,DfvTdcBp,nIyqymCi,nIyqymCi,DfvTdcBp,XFc,DfvTdcBp,nIyqymCi
DfvTdcBp
DfvTdcBp
XFc,XFc,DfvTdcBp,nIyqymCi,nIyqymCi,DfvTdcBp,XFc,DfvTdcBp,nIyqymCi
DfvTdcBp
XFc,XFc,DfvTdcBp,nIyqymCi,nIyqymCi,DfvTdcBp,XFc,DfvTdcBp,nIyqymCi
DfvTdcBp
XFc,DfvTdcBp,nIyqymCi,DfvTdcBp,XFc,nIyqymCi
DfvTdcBp
DfvTdcBp
DfvTdcBp
XFc,nIyqymCi,DfvTdcBp,XFc,XFc,nIyqymCi,DfvTdcBp,DfvTdcBp
DfvTdcBp
XFc,XFc,DfvTdcBp,nIyqymCi,DfvTdcBp,XFc,nIyqymCi
DfvTdcBp
XFc,XFc,nIyqymCi,DfvTdcBp,XFc,nIyqymCi
XFc,XFc,DfvTdcBp,nIyqymCi,DfvTdcBp,XFc,nIyqymCi
XFc,XFc,DfvTdcBp,nIyqymCi,DfvTdcBp,XFc,nIyqymCi,XFc
XFc,XFc,DfvTdcBp,nIyqymCi,DfvTdcBp,XFc,nIyqymCi
DfvTdcBp
DfvTdcBp
DfvTdcBp,nIyqymCi,DfvTdcBp,XFc,XFc,nIyqymCi
DfvTdcBp
nIyqymCi,DfvTdcBp,XFc,nIyqymCi,nIyqymCi
nIyqymCi
nIyqymCi,nIyqymCi,DfvTdcBp,XFc,nIyqymCi,XFc
DfvTdcBp
nIyqymCi,DfvTdcBp,DfvTdcBp,XFc,nIyqymCi,nIyqymCi
DfvTdcBp,DfvTdcBp,XFc,nIyqymCi,nIyqymCi
nIyqymCi
DfvTdcBp,XFc,nIyqymCi,DfvTdcBp,nIyqymCi
nIyqymCi
nIyqymCi
nIyqymCi
nIyqymCi,DfvTdcBp,DfvTdcBp,nIyqymCi,nIyqymCi
nIyqymCi,DfvTdcBp,DfvTdcBp,nIyqymCi,nIyqymCi
nIyqymCi,DfvTdcBp,DfvTdcBp,nIyqymCi,nIyqymCi
nIyqymCi
DfvTdcBp,DfvTdcBp,nIyqymCi,nIyqymCi
Jedi Wagner, assuma o comando!