[vazia]
Toque! Toque, Dijê!
[vazia]
pSCxI
pSCxI
pSCxI
pSCxI
pSCxI
pSCxI
pSCxI
pSCxI
pSCxI
pSCxI,pSCxI,pSCxI
pSCxI
pSCxI
pSCxI
pSCxI
pSCxI
[vazia]
Toque! Toque, Dijê!
Toque! Toque, Dijê!
Toque! Toque, Dijê!
pSCxI
pSCxI
pSCxI
pSCxI
pSCxI
pSCxI
pSCxI
[vazia]
[vazia]
Toque! Toque, Dijê!
pSCxI
pSCxI
pSCxI,pSCxI
pSCxI,pSCxI
pSCxI
pSCxI
pSCxI,pSCxI
pSCxI
pSCxI
pSCxI
pSCxI,pSCxI
pSCxI
pSCxI
pSCxI,pSCxI
pSCxI,pSCxI
pSCxI
[vazia]
[vazia]
pSCxI
pSCxI
[vazia]
pSCxI
[vazia]
[vazia]
pSCxI
Toque! Toque, Dijê!
[vazia]
pSCxI
pSCxI
pSCxI
pSCxI,pSCxI,pSCxI
Toque! Toque, Dijê!
pSCxI
pSCxI
pSCxI
pSCxI
pSCxI
pSCxI
pSCxI
pSCxI
pSCxI,pSCxI,pSCxI
pSCxI
pSCxI
pSCxI
pSCxI,pSCxI
pSCxI
pSCxI
pSCxI
pSCxI
pSCxI,pSCxI
pSCxI
pSCxI
pSCxI
pSCxI
pSCxI,pSCxI
pSCxI
pSCxI
pSCxI,pSCxI
pSCxI,pSCxI
pSCxI
pSCxI,pSCxI
pSCxI,pSCxI
pSCxI,pSCxI
pSCxI
pSCxI
pSCxI,pSCxI
pSCxI
pSCxI
pSCxI,pSCxI,pSCxI,pSCxI
pSCxI
pSCxI
[vazia]
Toque! Toque, Dijê!
Toque! Toque, Dijê!
[vazia]
pSCxI
pSCxI
pSCxI,pSCxI
pSCxI
pSCxI
pSCxI
pSCxI
pSCxI
[vazia]
Toque! Toque, Dijê!
pSCxI,pSCxI
pSCxI
pSCxI
pSCxI
pSCxI
pSCxI
[vazia]
pSCxI,pSCxI
pSCxI,pSCxI
pSCxI
pSCxI,pSCxI
pSCxI
pSCxI,pSCxI
Toque! Toque, Dijê!
[vazia]
[vazia]
Toque! Toque, Dijê!
pSCxI
pSCxI
pSCxI,pSCxI,pSCxI
pSCxI
pSCxI
pSCxI
pSCxI,pSCxI,pSCxI,pSCxI,pSCxI
pSCxI,pSCxI,pSCxI,pSCxI,pSCxI,pSCxI
pSCxI,pSCxI,pSCxI,pSCxI,pSCxI,pSCxI,pSCxI
pSCxI,pSCxI,pSCxI,pSCxI,pSCxI,pSCxI,pSCxI,pSCxI
pSCxI,pSCxI,pSCxI,pSCxI,pSCxI,pSCxI,pSCxI,pSCxI,pSCxI,pSCxI
pSCxI
pSCxI
pSCxI,pSCxI,pSCxI,pSCxI,pSCxI,pSCxI,pSCxI,pSCxI,pSCxI,pSCxI
pSCxI
pSCxI
pSCxI
pSCxI
pSCxI,pSCxI,pSCxI,pSCxI,pSCxI,pSCxI,pSCxI,pSCxI,pSCxI
pSCxI
pSCxI,pSCxI,pSCxI,pSCxI,pSCxI,pSCxI,pSCxI,pSCxI,pSCxI
pSCxI
pSCxI,pSCxI,pSCxI,pSCxI,pSCxI,pSCxI,pSCxI,pSCxI,pSCxI
pSCxI,pSCxI,pSCxI,pSCxI,pSCxI,pSCxI,pSCxI,pSCxI,pSCxI,pSCxI
pSCxI
pSCxI
pSCxI
pSCxI
pSCxI
pSCxI,pSCxI,pSCxI,pSCxI,pSCxI,pSCxI,pSCxI,pSCxI
pSCxI
pSCxI,pSCxI,pSCxI,pSCxI,pSCxI,pSCxI,pSCxI,pSCxI,pSCxI,pSCxI
pSCxI,pSCxI,pSCxI,pSCxI,pSCxI,pSCxI,pSCxI,pSCxI,pSCxI,pSCxI,pSCxI,pSCxI
pSCxI
pSCxI,pSCxI,pSCxI,pSCxI,pSCxI,pSCxI,pSCxI,pSCxI,pSCxI,pSCxI
pSCxI,pSCxI,pSCxI,pSCxI,pSCxI,pSCxI,pSCxI,pSCxI,pSCxI,pSCxI
pSCxI,pSCxI,pSCxI,pSCxI,pSCxI,pSCxI,pSCxI,pSCxI,pSCxI
pSCxI
pSCxI
pSCxI
pSCxI,pSCxI,pSCxI,pSCxI,pSCxI,pSCxI,pSCxI,pSCxI,pSCxI
pSCxI,pSCxI,pSCxI,pSCxI,pSCxI,pSCxI,pSCxI,pSCxI,pSCxI
pSCxI
pSCxI
pSCxI
pSCxI,pSCxI,pSCxI,pSCxI,pSCxI,pSCxI,pSCxI,pSCxI
pSCxI
pSCxI,pSCxI,pSCxI,pSCxI,pSCxI,pSCxI,pSCxI,pSCxI,pSCxI
pSCxI,pSCxI,pSCxI,pSCxI,pSCxI,pSCxI,pSCxI,pSCxI,pSCxI
pSCxI,pSCxI,pSCxI,pSCxI,pSCxI,pSCxI,pSCxI,pSCxI,pSCxI
pSCxI
pSCxI
pSCxI
pSCxI,pSCxI,pSCxI,pSCxI,pSCxI,pSCxI,pSCxI,pSCxI,pSCxI
pSCxI
pSCxI
pSCxI
pSCxI
pSCxI
pSCxI
pSCxI,pSCxI,pSCxI,pSCxI,pSCxI,pSCxI,pSCxI,pSCxI,pSCxI,pSCxI,pSCxI,pSCxI
pSCxI,pSCxI,pSCxI,pSCxI,pSCxI,pSCxI,pSCxI,pSCxI,pSCxI,pSCxI,pSCxI,pSCxI
pSCxI
Jedi Wagner, assuma o comando!