obBeR
obBeR
obBeR
cabeFcgktJ
cabeFcgktJ
cabeFcgktJ
Toque! Toque, Dijê!
obBeR,obBeR
Toque! Toque, Dijê!
[vazia]
tZce
tZce
tZce
tZce,cabeFcgktJ,obBeR,cabeFcgktJ
tZce,cabeFcgktJ,obBeR,cabeFcgktJ
cabeFcgktJ
tZce,obBeR,cabeFcgktJ,cabeFcgktJ
tZce,obBeR,cabeFcgktJ,cabeFcgktJ
obBeR,tZce,cabeFcgktJ
obBeR
tZce,cabeFcgktJ,obBeR,cabeFcgktJ
tZce,cabeFcgktJ,cabeFcgktJ
obBeR
obBeR
tZce
cabeFcgktJ,tZce,tZce,tZce
tZce
cabeFcgktJ,tZce,tZce,tZce
obBeR
tZce,cabeFcgktJ,obBeR,cabeFcgktJ
tZce,cabeFcgktJ,obBeR,cabeFcgktJ
obBeR
obBeR
tZce,obBeR,cabeFcgktJ,cabeFcgktJ
tZce,cabeFcgktJ,obBeR,cabeFcgktJ
tZce,cabeFcgktJ,obBeR,cabeFcgktJ
tZce,cabeFcgktJ,obBeR,cabeFcgktJ,obBeR
tZce,cabeFcgktJ,obBeR,cabeFcgktJ,obBeR
obBeR
tZce,cabeFcgktJ,cabeFcgktJ
tZce,cabeFcgktJ,obBeR,cabeFcgktJ
cabeFcgktJ,obBeR,cabeFcgktJ,tZce
cabeFcgktJ,obBeR,cabeFcgktJ,tZce
tZce
tZce,cabeFcgktJ,cabeFcgktJ
cabeFcgktJ
cabeFcgktJ,cabeFcgktJ,obBeR,tZce
tZce,cabeFcgktJ,cabeFcgktJ,obBeR,obBeR
tZce,cabeFcgktJ,cabeFcgktJ,obBeR,obBeR
tZce,cabeFcgktJ,obBeR,obBeR,tZce
tZce,cabeFcgktJ,obBeR,obBeR,tZce
tZce,cabeFcgktJ,obBeR,tZce,tZce
obBeR
tZce
cabeFcgktJ,obBeR,obBeR,tZce,tZce,tZce,obBeR,cabeFcgktJ
tZce
cabeFcgktJ,obBeR,obBeR,tZce,tZce,tZce,obBeR,cabeFcgktJ,tZce,cabeFcgktJ
cabeFcgktJ,obBeR,obBeR,tZce,tZce,tZce,obBeR,cabeFcgktJ,tZce,cabeFcgktJ,cabeFcgktJ
tZce
tZce,cabeFcgktJ,obBeR,obBeR,tZce,tZce,obBeR,cabeFcgktJ
obBeR,cabeFcgktJ,obBeR,obBeR,obBeR,cabeFcgktJ,tZce,cabeFcgktJ
obBeR,cabeFcgktJ,obBeR,obBeR,obBeR,cabeFcgktJ,tZce,cabeFcgktJ,tZce
obBeR,cabeFcgktJ,obBeR,obBeR,obBeR,cabeFcgktJ,tZce,cabeFcgktJ,tZce
cabeFcgktJ
cabeFcgktJ
obBeR,cabeFcgktJ,obBeR,obBeR,obBeR,cabeFcgktJ,tZce,cabeFcgktJ
obBeR,cabeFcgktJ,obBeR,obBeR,obBeR,cabeFcgktJ,tZce,cabeFcgktJ,obBeR
tZce,obBeR,cabeFcgktJ,obBeR,obBeR,obBeR,cabeFcgktJ,cabeFcgktJ,obBeR,cabeFcgktJ
cabeFcgktJ
tZce,obBeR,obBeR,obBeR,cabeFcgktJ,cabeFcgktJ,obBeR,cabeFcgktJ
tZce,obBeR,obBeR,obBeR,cabeFcgktJ,cabeFcgktJ,obBeR,cabeFcgktJ
cabeFcgktJ
obBeR,cabeFcgktJ,obBeR,obBeR,obBeR,cabeFcgktJ,tZce,cabeFcgktJ,cabeFcgktJ
cabeFcgktJ,obBeR,obBeR,obBeR,obBeR,cabeFcgktJ,tZce,cabeFcgktJ,cabeFcgktJ,cabeFcgktJ,tZce,tZce
cabeFcgktJ,obBeR,obBeR,obBeR,cabeFcgktJ,tZce,cabeFcgktJ,cabeFcgktJ,cabeFcgktJ,tZce,tZce
obBeR
obBeR,obBeR,obBeR,cabeFcgktJ,cabeFcgktJ,cabeFcgktJ,cabeFcgktJ,tZce,cabeFcgktJ
obBeR
obBeR,obBeR,obBeR,cabeFcgktJ,cabeFcgktJ,cabeFcgktJ,cabeFcgktJ,cabeFcgktJ
obBeR,obBeR,obBeR,cabeFcgktJ,cabeFcgktJ,cabeFcgktJ,cabeFcgktJ,cabeFcgktJ
obBeR,obBeR,obBeR,cabeFcgktJ,cabeFcgktJ,cabeFcgktJ,cabeFcgktJ,cabeFcgktJ
obBeR
obBeR
obBeR
obBeR,cabeFcgktJ,cabeFcgktJ,cabeFcgktJ,cabeFcgktJ,cabeFcgktJ,cabeFcgktJ
obBeR,cabeFcgktJ,cabeFcgktJ,cabeFcgktJ,cabeFcgktJ,cabeFcgktJ,cabeFcgktJ
cabeFcgktJ
obBeR,cabeFcgktJ,cabeFcgktJ,cabeFcgktJ,cabeFcgktJ,cabeFcgktJ,cabeFcgktJ
obBeR,cabeFcgktJ,cabeFcgktJ,cabeFcgktJ,cabeFcgktJ,cabeFcgktJ,cabeFcgktJ
cabeFcgktJ,tZce,cabeFcgktJ,cabeFcgktJ,cabeFcgktJ,cabeFcgktJ,cabeFcgktJ
obBeR,cabeFcgktJ,cabeFcgktJ,cabeFcgktJ,cabeFcgktJ,cabeFcgktJ,cabeFcgktJ
obBeR
obBeR
cabeFcgktJ
cabeFcgktJ
cabeFcgktJ
cabeFcgktJ
cabeFcgktJ
cabeFcgktJ,tZce,cabeFcgktJ,cabeFcgktJ,cabeFcgktJ,obBeR,cabeFcgktJ,cabeFcgktJ,cabeFcgktJ,tZce,cabeFcgktJ,obBeR,cabeFcgktJ,cabeFcgktJ
cabeFcgktJ,tZce,cabeFcgktJ,cabeFcgktJ,cabeFcgktJ,obBeR,cabeFcgktJ,cabeFcgktJ,cabeFcgktJ,tZce,cabeFcgktJ,obBeR,cabeFcgktJ,cabeFcgktJ
cabeFcgktJ
obBeR
obBeR
obBeR
obBeR
cabeFcgktJ,cabeFcgktJ,cabeFcgktJ,cabeFcgktJ,obBeR,tZce,cabeFcgktJ,cabeFcgktJ,cabeFcgktJ,tZce,cabeFcgktJ,obBeR,cabeFcgktJ,cabeFcgktJ,obBeR,cabeFcgktJ,cabeFcgktJ
tZce
cabeFcgktJ,cabeFcgktJ,cabeFcgktJ,obBeR,cabeFcgktJ,tZce,cabeFcgktJ,cabeFcgktJ,cabeFcgktJ,tZce,cabeFcgktJ,obBeR,cabeFcgktJ,cabeFcgktJ,obBeR,cabeFcgktJ,cabeFcgktJ
cabeFcgktJ
cabeFcgktJ,cabeFcgktJ,cabeFcgktJ,cabeFcgktJ,cabeFcgktJ,tZce,cabeFcgktJ,cabeFcgktJ,cabeFcgktJ,cabeFcgktJ,cabeFcgktJ,cabeFcgktJ
cabeFcgktJ
cabeFcgktJ,cabeFcgktJ,cabeFcgktJ,cabeFcgktJ,cabeFcgktJ,cabeFcgktJ,cabeFcgktJ,cabeFcgktJ,cabeFcgktJ,cabeFcgktJ,cabeFcgktJ
cabeFcgktJ
cabeFcgktJ,cabeFcgktJ,cabeFcgktJ,cabeFcgktJ,cabeFcgktJ,cabeFcgktJ,cabeFcgktJ,cabeFcgktJ,cabeFcgktJ,cabeFcgktJ,obBeR,cabeFcgktJ,cabeFcgktJ
cabeFcgktJ
cabeFcgktJ
cabeFcgktJ
cabeFcgktJ,cabeFcgktJ,tZce,cabeFcgktJ,cabeFcgktJ,cabeFcgktJ,cabeFcgktJ,cabeFcgktJ,cabeFcgktJ,cabeFcgktJ,cabeFcgktJ,cabeFcgktJ,tZce,tZce
cabeFcgktJ
cabeFcgktJ
cabeFcgktJ,cabeFcgktJ,cabeFcgktJ,cabeFcgktJ,cabeFcgktJ,cabeFcgktJ,cabeFcgktJ,cabeFcgktJ,cabeFcgktJ,cabeFcgktJ,cabeFcgktJ,tZce,tZce
cabeFcgktJ,cabeFcgktJ,tZce,cabeFcgktJ,cabeFcgktJ,cabeFcgktJ,cabeFcgktJ,cabeFcgktJ,cabeFcgktJ,cabeFcgktJ,cabeFcgktJ,cabeFcgktJ,tZce,tZce
cabeFcgktJ
cabeFcgktJ
cabeFcgktJ
cabeFcgktJ
tZce,cabeFcgktJ,cabeFcgktJ,cabeFcgktJ,cabeFcgktJ,cabeFcgktJ,cabeFcgktJ,cabeFcgktJ,cabeFcgktJ,cabeFcgktJ,cabeFcgktJ,tZce,tZce,obBeR,tZce
Jedi Wagner, assuma o comando!