Toque! Toque, Dijê!
Toque! Toque, Dijê!
ijPEzCx
gnAQMi
gnAQMi,fvcntXNjV
[vazia]
Toque! Toque, Dijê!
Toque! Toque, Dijê!
[vazia]
[vazia]
Toque! Toque, Dijê!
Toque! Toque, Dijê!
Toque! Toque, Dijê!
[vazia]
Toque! Toque, Dijê!
Toque! Toque, Dijê!
fdX
fdX
fdX
fdX,cTmTVB
fdX
fdX
fdX
fdX
fdX
fdX
fdX,iLcmTTu,iLcmTTu
fdX
fdX,iLcmTTu,iLcmTTu,ijPEzCx
iLcmTTu,iLcmTTu,ijPEzCx,fvcntXNjV,fvcntXNjV,iLcmTTu,jhdDgiA
fvcntXNjV
iLcmTTu,fvcntXNjV,iLcmTTu,ijPEzCx,fvcntXNjV,iLcmTTu,jhdDgiA
iLcmTTu
fvcntXNjV
fvcntXNjV,iLcmTTu,iLcmTTu,ijPEzCx,fvcntXNjV,iLcmTTu,jhdDgiA,ijPEzCx
fdX,ijPEzCx
fdX
fdX,ijPEzCx,ijPEzCx
fdX
fdX,ijPEzCx,ijPEzCx
fdX,ijPEzCx,ijPEzCx
fdX
fdX
fdX,fdX
fdX,fdX,fvcntXNjV
fdX,fdX,fvcntXNjV
fdX
fdX
fdX,ijPEzCx
fdX
fdX
fdX,gnAQMi,fdX
[vazia]
fdX
fdX
fdX,iLcmTTu
fdX,iLcmTTu,fdX
fdX,iLcmTTu,fdX
iLcmTTu,fdX,fdX
iLcmTTu
iLcmTTu,fdX,fdX
iLcmTTu
iLcmTTu,fdX,fdX
fdX
fdX
fdX
fdX
iLcmTTu,fdX,fdX
iLcmTTu,fdX,fdX
iLcmTTu,fdX,fdX
fdX
fdX
fdX
fdX
fdX
fdX
fdX
fdX
fdX
iLcmTTu,fdX
iLcmTTu
iLcmTTu,fdX
iLcmTTu,fdX
iLcmTTu,fdX
iLcmTTu
iLcmTTu
iLcmTTu
iLcmTTu,fdX,fdX
fdX
fdX
iLcmTTu,fdX,fdX,gnAQMi
fdX
fdX
gnAQMi
gnAQMi
fdX
iLcmTTu,fdX,gnAQMi,fdX,fdX,iLcmTTu
fdX
iLcmTTu,fdX,fdX,fdX,iLcmTTu,cTmTVB,cTmTVB
iLcmTTu
cTmTVB
fdX,fdX,fdX,iLcmTTu,cTmTVB,cTmTVB,cTmTVB
fdX,fdX,iLcmTTu,cTmTVB,fdX,cTmTVB,cTmTVB
cTmTVB
iLcmTTu
iLcmTTu
iLcmTTu,fdX,fdX,fdX,iLcmTTu,cTmTVB,cTmTVB
fdX,fdX,fdX,iLcmTTu,cTmTVB,iLcmTTu,cTmTVB
fdX,fdX,fdX,iLcmTTu,cTmTVB,iLcmTTu,cTmTVB,gnAQMi,iLcmTTu
fdX,fdX,fdX,iLcmTTu,cTmTVB,iLcmTTu,cTmTVB,gnAQMi,iLcmTTu
cTmTVB
iLcmTTu,fdX,fdX,fdX,iLcmTTu,cTmTVB,cTmTVB,fdX,iLcmTTu,iLcmTTu
cTmTVB
iLcmTTu,fdX,fdX,iLcmTTu,cTmTVB,fdX,iLcmTTu,iLcmTTu
iLcmTTu,fdX,fdX,iLcmTTu,cTmTVB,fdX,iLcmTTu,iLcmTTu,jhdDgiA
cTmTVB
cTmTVB
cTmTVB
iLcmTTu,fdX,fdX,iLcmTTu,cTmTVB,fdX,iLcmTTu,iLcmTTu,ijPEzCx
fdX,fdX,iLcmTTu,fdX,iLcmTTu,iLcmTTu,iLcmTTu,ijPEzCx
fdX,fdX,iLcmTTu,fdX,iLcmTTu,iLcmTTu,iLcmTTu,ijPEzCx,fvcntXNjV
fdX,fdX,iLcmTTu,fdX,iLcmTTu,iLcmTTu,iLcmTTu,ijPEzCx,fvcntXNjV
fdX,fdX,iLcmTTu,fdX,iLcmTTu,iLcmTTu,iLcmTTu,ijPEzCx,fvcntXNjV
fdX
fdX
iLcmTTu,fdX,fdX,iLcmTTu,cTmTVB,fdX,iLcmTTu,iLcmTTu,ijPEzCx
fdX,fdX,iLcmTTu,cTmTVB,fdX,iLcmTTu,iLcmTTu,iLcmTTu,ijPEzCx
fdX,fdX,iLcmTTu,cTmTVB,fdX,iLcmTTu,iLcmTTu,iLcmTTu,ijPEzCx
iLcmTTu
fdX,fdX,iLcmTTu,cTmTVB,fdX,iLcmTTu,iLcmTTu,iLcmTTu,ijPEzCx
ijPEzCx
fdX,fdX,iLcmTTu,cTmTVB,fdX,iLcmTTu,iLcmTTu,iLcmTTu,ijPEzCx
fdX,fdX,iLcmTTu,cTmTVB,fdX,iLcmTTu,iLcmTTu,iLcmTTu,ijPEzCx,cTmTVB
ijPEzCx
fdX,fdX,iLcmTTu,cTmTVB,fdX,iLcmTTu,iLcmTTu,iLcmTTu,ijPEzCx,ijPEzCx
fdX,fdX,iLcmTTu,cTmTVB,fdX,iLcmTTu,iLcmTTu,iLcmTTu,ijPEzCx
ijPEzCx
ijPEzCx
ijPEzCx
fdX,fdX,iLcmTTu,cTmTVB,fdX,iLcmTTu,iLcmTTu,iLcmTTu,ijPEzCx
ijPEzCx
ijPEzCx
fdX,iLcmTTu,cTmTVB,fdX,iLcmTTu,iLcmTTu,iLcmTTu,ijPEzCx,cTmTVB,ijPEzCx,gnAQMi
fdX,cTmTVB,fdX,iLcmTTu,iLcmTTu,iLcmTTu,ijPEzCx,iLcmTTu,cTmTVB,ijPEzCx,gnAQMi
iLcmTTu
fdX,iLcmTTu,cTmTVB,fdX,iLcmTTu,iLcmTTu,iLcmTTu,ijPEzCx,cTmTVB,ijPEzCx,gnAQMi,fvcntXNjV
fdX,fdX,iLcmTTu,cTmTVB,fdX,iLcmTTu,iLcmTTu,iLcmTTu,ijPEzCx,fvcntXNjV
fdX,fdX,iLcmTTu,cTmTVB,fdX,iLcmTTu,iLcmTTu,iLcmTTu,ijPEzCx,fvcntXNjV
fdX,fdX,iLcmTTu,cTmTVB,fdX,iLcmTTu,iLcmTTu,iLcmTTu,ijPEzCx,fvcntXNjV
fdX,fdX,iLcmTTu,cTmTVB,fdX,iLcmTTu,iLcmTTu,iLcmTTu,ijPEzCx
fdX,fdX,iLcmTTu,cTmTVB,fdX,iLcmTTu,iLcmTTu,iLcmTTu,ijPEzCx,fvcntXNjV
ijPEzCx
fdX,fdX,iLcmTTu,cTmTVB,fdX,iLcmTTu,iLcmTTu,iLcmTTu,ijPEzCx,fvcntXNjV
fdX,fdX,iLcmTTu,cTmTVB,fdX,iLcmTTu,iLcmTTu,iLcmTTu,ijPEzCx,fvcntXNjV
ijPEzCx
fdX,fdX,iLcmTTu,fdX,iLcmTTu,iLcmTTu,iLcmTTu,ijPEzCx,cTmTVB,fvcntXNjV,cTmTVB
cTmTVB
fvcntXNjV
fvcntXNjV
fdX,fdX,iLcmTTu,fdX,iLcmTTu,iLcmTTu,iLcmTTu,ijPEzCx,fvcntXNjV,cTmTVB,fdX
cTmTVB
fdX,fdX,fdX,iLcmTTu,iLcmTTu,iLcmTTu,fvcntXNjV,cTmTVB,iLcmTTu,fdX,cTmTVB,gnAQMi
cTmTVB
fdX
fdX
fdX,fdX,iLcmTTu,iLcmTTu,iLcmTTu,cTmTVB,fdX,fvcntXNjV,iLcmTTu,fdX,cTmTVB,gnAQMi
fdX,fdX,iLcmTTu,iLcmTTu,iLcmTTu,cTmTVB,fdX,fvcntXNjV,iLcmTTu,fdX,cTmTVB,gnAQMi
Jedi Wagner, assuma o comando!