Toque! Toque, Dijê!
[vazia]
jVzqIfNEm
jVzqIfNEm
Toque! Toque, Dijê!
[vazia]
Toque! Toque, Dijê!
[vazia]
Toque! Toque, Dijê!
I,uzccpWio
I,uzccpWio
Toque! Toque, Dijê!
[vazia]
[vazia]
XR
XR,jVzqIfNEm,XR
[vazia]
[vazia]
[vazia]
Toque! Toque, Dijê!
XR
XR
XR
XR,XR
XR
XR
XR
XR
XR
XR
XR,XR
XR,XR
XR
XR
uzccpWio,XR,XR,I
uzccpWio,XR,XR,I
XR,XR
XR,XR
XR
XR
XR,XR,jVzqIfNEm,DuaSJ
XR
XR
XR
XR,XR,jVzqIfNEm,XR
XR
XR,XR,DuaSJ,RCd
XR
XR,XR,DuaSJ,RCd,I
XR
I
XR,XR,I,jVzqIfNEm,DuaSJ,RCd
XR,XR,I,jVzqIfNEm,DuaSJ,RCd
jVzqIfNEm
jVzqIfNEm
XR,XR,I,jVzqIfNEm,DuaSJ,RCd,I
jVzqIfNEm
XR,XR,jVzqIfNEm,I,DuaSJ,RCd,I
XR,XR,I,RCd,I
XR,XR,I,jVzqIfNEm,RCd
jVzqIfNEm
XR,XR,I,jVzqIfNEm,RCd,jVzqIfNEm
XR,I,jVzqIfNEm,RCd,jVzqIfNEm,RCd
XR,I,jVzqIfNEm,RCd,jVzqIfNEm,RCd
RCd
I
XR,jVzqIfNEm,RCd,I,jVzqIfNEm,RCd
jVzqIfNEm
XR,I,jVzqIfNEm,jVzqIfNEm,RCd
XR,jVzqIfNEm,RCd,MAJdrvXB
XR,jVzqIfNEm,RCd,MAJdrvXB
RCd
RCd
RCd
jVzqIfNEm,RCd,MAJdrvXB,XR
RCd,MAJdrvXB,I
RCd,MAJdrvXB,I,oxKAGbPwO
Jedi Wagner, assuma o comando!