Toque! Toque, Dijê!
Toque! Toque, Dijê!
[vazia]
Toque! Toque, Dijê!
Toque! Toque, Dijê!
[vazia]
Toque! Toque, Dijê!
[vazia]
nAKcsklcpl
nAKcsklcpl
nAKcsklcpl
nAKcsklcpl
nAKcsklcpl
nAKcsklcpl
nAKcsklcpl
nAKcsklcpl
nAKcsklcpl
nAKcsklcpl
nAKcsklcpl
nAKcsklcpl
nAKcsklcpl
nAKcsklcpl
nAKcsklcpl
nAKcsklcpl,QGBHQo
QGBHQo
QGBHQo
nAKcsklcpl,QGBHQo,Syuvvfd,QGBHQo
nAKcsklcpl,QGBHQo,QGBHQo,Syuvvfd,df
nAKcsklcpl,QGBHQo,QGBHQo,Syuvvfd,df
nAKcsklcpl,QGBHQo,QGBHQo,Syuvvfd,df
nAKcsklcpl,QGBHQo
nAKcsklcpl,QGBHQo
nAKcsklcpl,QGBHQo,CjWLNtB
nAKcsklcpl,QGBHQo,CjWLNtB
QGBHQo
nAKcsklcpl,QGBHQo,CjWLNtB
nAKcsklcpl,QGBHQo
nAKcsklcpl,QGBHQo,yvJ
nAKcsklcpl,QGBHQo,yvJ
nAKcsklcpl,QGBHQo
nAKcsklcpl
nAKcsklcpl,QGBHQo
nAKcsklcpl
nAKcsklcpl,QGBHQo
nAKcsklcpl,QGBHQo
nAKcsklcpl,QGBHQo
QGBHQo
QGBHQo
QGBHQo
nAKcsklcpl,QGBHQo,nAKcsklcpl
nAKcsklcpl,QGBHQo,nAKcsklcpl
nAKcsklcpl,QGBHQo,nAKcsklcpl,SZEjA,nAKcsklcpl
QGBHQo,nAKcsklcpl,SZEjA,nAKcsklcpl
SZEjA
QGBHQo,nAKcsklcpl,SZEjA,nAKcsklcpl,CjWLNtB,yvJ
SZEjA
SZEjA
SZEjA,nAKcsklcpl,QGBHQo,CjWLNtB
nAKcsklcpl
SZEjA,nAKcsklcpl,QGBHQo,CjWLNtB
nAKcsklcpl
nAKcsklcpl
nAKcsklcpl
nAKcsklcpl
nAKcsklcpl
nAKcsklcpl
QGBHQo,SZEjA,nAKcsklcpl,CjWLNtB
nAKcsklcpl
CjWLNtB
SZEjA,nAKcsklcpl,CjWLNtB,QGBHQo,yvJ
SZEjA,nAKcsklcpl,CjWLNtB,QGBHQo,yvJ
CjWLNtB
QGBHQo,SZEjA,nAKcsklcpl,CjWLNtB
CjWLNtB
QGBHQo,SZEjA,nAKcsklcpl,CjWLNtB
CjWLNtB
nAKcsklcpl
Jedi Wagner, assuma o comando!