[vazia]
CjneSJXl
CjneSJXl
CjneSJXl,sxOXJGLqdo
CjneSJXl
CjneSJXl
CjneSJXl
CjneSJXl,sxOXJGLqdo,ydyhHJYVO,CjneSJXl,ydyhHJYVO,ydyhHJYVO
CjneSJXl
CjneSJXl
CjneSJXl
sxOXJGLqdo
sxOXJGLqdo
sxOXJGLqdo
sxOXJGLqdo
sxOXJGLqdo,CjneSJXl,CjneSJXl,ydyhHJYVO,sxOXJGLqdo
sxOXJGLqdo
sxOXJGLqdo
CjneSJXl,sxOXJGLqdo,CjneSJXl,ydyhHJYVO,ydyhHJYVO,sxOXJGLqdo
CjneSJXl,sxOXJGLqdo,CjneSJXl,ydyhHJYVO,ydyhHJYVO,sxOXJGLqdo
sxOXJGLqdo,CjneSJXl,CjneSJXl,ydyhHJYVO,ydyhHJYVO,sxOXJGLqdo
CjneSJXl
CjneSJXl
sxOXJGLqdo,CjneSJXl,CjneSJXl,ydyhHJYVO,ydyhHJYVO,sxOXJGLqdo
sxOXJGLqdo,CjneSJXl,CjneSJXl,ydyhHJYVO,ydyhHJYVO,sxOXJGLqdo
sxOXJGLqdo,CjneSJXl,CjneSJXl,ydyhHJYVO,ydyhHJYVO,sxOXJGLqdo
sxOXJGLqdo
CjneSJXl,sxOXJGLqdo,ydyhHJYVO,CjneSJXl,ydyhHJYVO,sxOXJGLqdo,jRtQ,sxOXJGLqdo
CjneSJXl,sxOXJGLqdo,CjneSJXl,ydyhHJYVO,sxOXJGLqdo,jRtQ,sxOXJGLqdo
CjneSJXl,sxOXJGLqdo,CjneSJXl,ydyhHJYVO,sxOXJGLqdo,jRtQ,sxOXJGLqdo,CjneSJXl
sxOXJGLqdo
CjneSJXl,sxOXJGLqdo,CjneSJXl,ydyhHJYVO,ydyhHJYVO,sxOXJGLqdo
sxOXJGLqdo
CjneSJXl,sxOXJGLqdo,CjneSJXl,ydyhHJYVO,ydyhHJYVO,sxOXJGLqdo,ydyhHJYVO
sxOXJGLqdo
sxOXJGLqdo,CjneSJXl,CjneSJXl,ydyhHJYVO,ydyhHJYVO,ydyhHJYVO,ydyhHJYVO
sxOXJGLqdo
sxOXJGLqdo,CjneSJXl,CjneSJXl,ydyhHJYVO,ydyhHJYVO,ydyhHJYVO,CjneSJXl
sxOXJGLqdo,CjneSJXl,CjneSJXl,ydyhHJYVO,ydyhHJYVO,ydyhHJYVO,CjneSJXl
ydyhHJYVO
ydyhHJYVO
ydyhHJYVO
sxOXJGLqdo,CjneSJXl,ydyhHJYVO,ydyhHJYVO,ydyhHJYVO,CjneSJXl,ydyhHJYVO,ydyhHJYVO
sxOXJGLqdo,CjneSJXl,ydyhHJYVO,ydyhHJYVO,ydyhHJYVO,CjneSJXl,ydyhHJYVO,ydyhHJYVO
ydyhHJYVO
ydyhHJYVO
sxOXJGLqdo,CjneSJXl,CjneSJXl,ydyhHJYVO,ydyhHJYVO,ydyhHJYVO,CjneSJXl,ydyhHJYVO,ydyhHJYVO
ydyhHJYVO
sxOXJGLqdo,CjneSJXl,CjneSJXl,ydyhHJYVO,ydyhHJYVO,ydyhHJYVO,CjneSJXl,ydyhHJYVO,ydyhHJYVO
ydyhHJYVO
ydyhHJYVO
ydyhHJYVO
CjneSJXl,CjneSJXl,ydyhHJYVO,ydyhHJYVO,ydyhHJYVO,CjneSJXl,ydyhHJYVO,ydyhHJYVO
CjneSJXl,CjneSJXl,ydyhHJYVO,ydyhHJYVO,ydyhHJYVO,CjneSJXl,ydyhHJYVO,ydyhHJYVO,ydyhHJYVO
ydyhHJYVO
ydyhHJYVO
ydyhHJYVO
CjneSJXl,CjneSJXl,ydyhHJYVO,ydyhHJYVO,ydyhHJYVO,CjneSJXl,ydyhHJYVO,ydyhHJYVO,ydyhHJYVO,CjneSJXl
CjneSJXl,CjneSJXl,ydyhHJYVO,ydyhHJYVO,ydyhHJYVO,CjneSJXl,ydyhHJYVO,ydyhHJYVO,ydyhHJYVO,CjneSJXl
ydyhHJYVO
ydyhHJYVO
ydyhHJYVO
CjneSJXl,CjneSJXl,ydyhHJYVO,ydyhHJYVO,CjneSJXl,ydyhHJYVO,ydyhHJYVO,ydyhHJYVO,CjneSJXl,ydyhHJYVO,CjneSJXl
ydyhHJYVO
ydyhHJYVO
CjneSJXl,CjneSJXl,ydyhHJYVO,ydyhHJYVO,ydyhHJYVO,CjneSJXl,ydyhHJYVO,ydyhHJYVO,ydyhHJYVO,CjneSJXl,ydyhHJYVO
ydyhHJYVO
ydyhHJYVO
CjneSJXl,CjneSJXl,ydyhHJYVO,ydyhHJYVO,CjneSJXl,ydyhHJYVO,ydyhHJYVO,ydyhHJYVO,CjneSJXl,ydyhHJYVO,ydyhHJYVO,sxOXJGLqdo
CjneSJXl
sxOXJGLqdo
ydyhHJYVO,ydyhHJYVO,CjneSJXl,sxOXJGLqdo,CjneSJXl,CjneSJXl,ydyhHJYVO,ydyhHJYVO,ydyhHJYVO,CjneSJXl,ydyhHJYVO,ydyhHJYVO,ydyhHJYVO,ydyhHJYVO
ydyhHJYVO,ydyhHJYVO,CjneSJXl,sxOXJGLqdo,CjneSJXl,CjneSJXl,ydyhHJYVO,ydyhHJYVO,ydyhHJYVO,CjneSJXl,ydyhHJYVO,ydyhHJYVO,ydyhHJYVO,ydyhHJYVO
ydyhHJYVO,CjneSJXl,sxOXJGLqdo,ydyhHJYVO,CjneSJXl,CjneSJXl,ydyhHJYVO,ydyhHJYVO,ydyhHJYVO,CjneSJXl,ydyhHJYVO,ydyhHJYVO,ydyhHJYVO,ydyhHJYVO
ydyhHJYVO,CjneSJXl,sxOXJGLqdo,ydyhHJYVO,CjneSJXl,CjneSJXl,ydyhHJYVO,ydyhHJYVO,ydyhHJYVO,CjneSJXl,ydyhHJYVO,ydyhHJYVO,ydyhHJYVO,ydyhHJYVO
sxOXJGLqdo
ydyhHJYVO,CjneSJXl,sxOXJGLqdo,ydyhHJYVO,CjneSJXl,CjneSJXl,ydyhHJYVO,ydyhHJYVO,ydyhHJYVO,CjneSJXl,ydyhHJYVO,ydyhHJYVO,ydyhHJYVO,ydyhHJYVO
sxOXJGLqdo
sxOXJGLqdo
sxOXJGLqdo
ydyhHJYVO,ydyhHJYVO,CjneSJXl,CjneSJXl,ydyhHJYVO,ydyhHJYVO,ydyhHJYVO,CjneSJXl,ydyhHJYVO,ydyhHJYVO,ydyhHJYVO,ydyhHJYVO,ydyhHJYVO
CjneSJXl,sxOXJGLqdo,CjneSJXl,CjneSJXl,ydyhHJYVO,ydyhHJYVO,ydyhHJYVO,CjneSJXl,ydyhHJYVO,ydyhHJYVO,ydyhHJYVO,ydyhHJYVO,jRtQ
CjneSJXl,ydyhHJYVO,CjneSJXl,sxOXJGLqdo,CjneSJXl,ydyhHJYVO,ydyhHJYVO,ydyhHJYVO,CjneSJXl,ydyhHJYVO,ydyhHJYVO,ydyhHJYVO,ydyhHJYVO,jRtQ
CjneSJXl,CjneSJXl,sxOXJGLqdo,CjneSJXl,jRtQ,ydyhHJYVO,ydyhHJYVO,ydyhHJYVO,ydyhHJYVO,CjneSJXl,ydyhHJYVO,ydyhHJYVO,ydyhHJYVO,ydyhHJYVO
jRtQ
jRtQ
jRtQ
jRtQ
CjneSJXl,CjneSJXl,sxOXJGLqdo,CjneSJXl,jRtQ,ydyhHJYVO,ydyhHJYVO,ydyhHJYVO,ydyhHJYVO,CjneSJXl,ydyhHJYVO,ydyhHJYVO,ydyhHJYVO,ydyhHJYVO
ydyhHJYVO
ydyhHJYVO
CjneSJXl,CjneSJXl,ydyhHJYVO,ydyhHJYVO,sxOXJGLqdo,CjneSJXl,ydyhHJYVO,CjneSJXl,ydyhHJYVO,ydyhHJYVO,ydyhHJYVO,ydyhHJYVO,sxOXJGLqdo
CjneSJXl
CjneSJXl,CjneSJXl,ydyhHJYVO,ydyhHJYVO,sxOXJGLqdo,CjneSJXl,ydyhHJYVO,CjneSJXl,ydyhHJYVO,ydyhHJYVO,ydyhHJYVO,ydyhHJYVO,sxOXJGLqdo
CjneSJXl,CjneSJXl,ydyhHJYVO,ydyhHJYVO,sxOXJGLqdo,CjneSJXl,ydyhHJYVO,CjneSJXl,ydyhHJYVO,ydyhHJYVO,ydyhHJYVO,ydyhHJYVO,sxOXJGLqdo
CjneSJXl,CjneSJXl,ydyhHJYVO,ydyhHJYVO,sxOXJGLqdo,CjneSJXl,ydyhHJYVO,CjneSJXl,ydyhHJYVO,ydyhHJYVO,ydyhHJYVO,ydyhHJYVO,sxOXJGLqdo
CjneSJXl
ydyhHJYVO,ydyhHJYVO,CjneSJXl,CjneSJXl,sxOXJGLqdo,CjneSJXl,ydyhHJYVO,CjneSJXl,ydyhHJYVO,ydyhHJYVO,ydyhHJYVO,ydyhHJYVO,sxOXJGLqdo,sxOXJGLqdo
ydyhHJYVO
CjneSJXl,CjneSJXl,CjneSJXl,ydyhHJYVO,ydyhHJYVO,sxOXJGLqdo,ydyhHJYVO,CjneSJXl,ydyhHJYVO,ydyhHJYVO,ydyhHJYVO,ydyhHJYVO,sxOXJGLqdo,sxOXJGLqdo
sxOXJGLqdo
CjneSJXl,CjneSJXl,CjneSJXl,ydyhHJYVO,ydyhHJYVO,sxOXJGLqdo,ydyhHJYVO,CjneSJXl,ydyhHJYVO,ydyhHJYVO,ydyhHJYVO,ydyhHJYVO,sxOXJGLqdo,sxOXJGLqdo,sxOXJGLqdo
sxOXJGLqdo
sxOXJGLqdo
CjneSJXl,CjneSJXl,CjneSJXl,ydyhHJYVO,ydyhHJYVO,ydyhHJYVO,CjneSJXl,sxOXJGLqdo,ydyhHJYVO,ydyhHJYVO,ydyhHJYVO,ydyhHJYVO,sxOXJGLqdo,sxOXJGLqdo,CjneSJXl
ydyhHJYVO
ydyhHJYVO
CjneSJXl,CjneSJXl,CjneSJXl,ydyhHJYVO,ydyhHJYVO,ydyhHJYVO,CjneSJXl,sxOXJGLqdo,ydyhHJYVO,ydyhHJYVO,ydyhHJYVO,ydyhHJYVO,sxOXJGLqdo,sxOXJGLqdo,CjneSJXl,sxOXJGLqdo
ydyhHJYVO
sxOXJGLqdo
CjneSJXl,CjneSJXl,CjneSJXl,ydyhHJYVO,ydyhHJYVO,ydyhHJYVO,CjneSJXl,sxOXJGLqdo,ydyhHJYVO,ydyhHJYVO,ydyhHJYVO,ydyhHJYVO,sxOXJGLqdo,sxOXJGLqdo,CjneSJXl,sxOXJGLqdo,CjneSJXl,sxOXJGLqdo
sxOXJGLqdo
CjneSJXl,CjneSJXl,CjneSJXl,ydyhHJYVO,ydyhHJYVO,ydyhHJYVO,CjneSJXl,sxOXJGLqdo,ydyhHJYVO,ydyhHJYVO,ydyhHJYVO,ydyhHJYVO,sxOXJGLqdo,sxOXJGLqdo,CjneSJXl,sxOXJGLqdo
CjneSJXl,CjneSJXl,CjneSJXl,ydyhHJYVO,ydyhHJYVO,ydyhHJYVO,CjneSJXl,sxOXJGLqdo,ydyhHJYVO,ydyhHJYVO,ydyhHJYVO,ydyhHJYVO,sxOXJGLqdo,sxOXJGLqdo,CjneSJXl,sxOXJGLqdo
sxOXJGLqdo
sxOXJGLqdo
sxOXJGLqdo
CjneSJXl,CjneSJXl,CjneSJXl,ydyhHJYVO,ydyhHJYVO,ydyhHJYVO,CjneSJXl,sxOXJGLqdo,ydyhHJYVO,ydyhHJYVO,ydyhHJYVO,ydyhHJYVO,sxOXJGLqdo,sxOXJGLqdo,CjneSJXl,sxOXJGLqdo,sxOXJGLqdo
CjneSJXl
CjneSJXl,CjneSJXl,CjneSJXl,ydyhHJYVO,ydyhHJYVO,ydyhHJYVO,CjneSJXl,ydyhHJYVO,ydyhHJYVO,ydyhHJYVO,ydyhHJYVO,sxOXJGLqdo,sxOXJGLqdo,CjneSJXl,sxOXJGLqdo,sxOXJGLqdo
CjneSJXl
CjneSJXl,ydyhHJYVO,ydyhHJYVO,ydyhHJYVO,CjneSJXl,ydyhHJYVO,ydyhHJYVO,ydyhHJYVO,ydyhHJYVO,sxOXJGLqdo,sxOXJGLqdo,CjneSJXl,CjneSJXl,CjneSJXl,sxOXJGLqdo,sxOXJGLqdo,jRtQ
ydyhHJYVO,ydyhHJYVO,ydyhHJYVO,CjneSJXl,ydyhHJYVO,ydyhHJYVO,ydyhHJYVO,ydyhHJYVO,sxOXJGLqdo,CjneSJXl,CjneSJXl,sxOXJGLqdo,CjneSJXl,sxOXJGLqdo,sxOXJGLqdo,jRtQ,CjneSJXl
ydyhHJYVO,ydyhHJYVO,ydyhHJYVO,ydyhHJYVO,ydyhHJYVO,ydyhHJYVO,ydyhHJYVO,sxOXJGLqdo,CjneSJXl,CjneSJXl,sxOXJGLqdo,CjneSJXl,CjneSJXl,sxOXJGLqdo,sxOXJGLqdo,jRtQ,CjneSJXl,ydyhHJYVO,jRtQ
CjneSJXl
ydyhHJYVO,ydyhHJYVO,ydyhHJYVO,ydyhHJYVO,ydyhHJYVO,ydyhHJYVO,ydyhHJYVO,sxOXJGLqdo,CjneSJXl,CjneSJXl,sxOXJGLqdo,CjneSJXl,CjneSJXl,sxOXJGLqdo,sxOXJGLqdo,CjneSJXl,ydyhHJYVO,jRtQ
sxOXJGLqdo
sxOXJGLqdo
ydyhHJYVO,ydyhHJYVO,ydyhHJYVO,ydyhHJYVO,ydyhHJYVO,ydyhHJYVO,ydyhHJYVO,CjneSJXl,CjneSJXl,sxOXJGLqdo,CjneSJXl,CjneSJXl,sxOXJGLqdo,sxOXJGLqdo,sxOXJGLqdo,CjneSJXl,ydyhHJYVO,jRtQ
jRtQ
ydyhHJYVO,ydyhHJYVO,ydyhHJYVO,ydyhHJYVO,ydyhHJYVO,ydyhHJYVO,ydyhHJYVO,CjneSJXl,CjneSJXl,CjneSJXl,CjneSJXl,sxOXJGLqdo,sxOXJGLqdo,jRtQ,sxOXJGLqdo,CjneSJXl,ydyhHJYVO
ydyhHJYVO,ydyhHJYVO,ydyhHJYVO,ydyhHJYVO,ydyhHJYVO,ydyhHJYVO,ydyhHJYVO,CjneSJXl,CjneSJXl,CjneSJXl,CjneSJXl,sxOXJGLqdo,sxOXJGLqdo,jRtQ,sxOXJGLqdo,CjneSJXl,ydyhHJYVO,jRtQ
ydyhHJYVO,ydyhHJYVO,ydyhHJYVO,ydyhHJYVO,ydyhHJYVO,CjneSJXl,CjneSJXl,CjneSJXl,sxOXJGLqdo,sxOXJGLqdo,jRtQ,ydyhHJYVO,sxOXJGLqdo,CjneSJXl,ydyhHJYVO,jRtQ
ydyhHJYVO,ydyhHJYVO,ydyhHJYVO,ydyhHJYVO,CjneSJXl,CjneSJXl,CjneSJXl,sxOXJGLqdo,sxOXJGLqdo,ydyhHJYVO,ydyhHJYVO,jRtQ,sxOXJGLqdo,CjneSJXl,ydyhHJYVO,jRtQ,jRtQ
ydyhHJYVO,ydyhHJYVO,ydyhHJYVO,ydyhHJYVO,CjneSJXl,CjneSJXl,sxOXJGLqdo,sxOXJGLqdo,ydyhHJYVO,ydyhHJYVO,jRtQ,sxOXJGLqdo,CjneSJXl,ydyhHJYVO,jRtQ,jRtQ
ydyhHJYVO
sxOXJGLqdo
ydyhHJYVO,ydyhHJYVO,ydyhHJYVO,ydyhHJYVO,ydyhHJYVO,ydyhHJYVO,ydyhHJYVO,sxOXJGLqdo,CjneSJXl,CjneSJXl,sxOXJGLqdo,CjneSJXl,CjneSJXl,sxOXJGLqdo,sxOXJGLqdo,CjneSJXl,ydyhHJYVO,jRtQ
sxOXJGLqdo
ydyhHJYVO,ydyhHJYVO,ydyhHJYVO,ydyhHJYVO,ydyhHJYVO,ydyhHJYVO,ydyhHJYVO,sxOXJGLqdo,CjneSJXl,CjneSJXl,sxOXJGLqdo,CjneSJXl,CjneSJXl,sxOXJGLqdo,sxOXJGLqdo,CjneSJXl,ydyhHJYVO,jRtQ
sxOXJGLqdo
ydyhHJYVO,ydyhHJYVO,ydyhHJYVO,ydyhHJYVO,ydyhHJYVO,ydyhHJYVO,ydyhHJYVO,CjneSJXl,CjneSJXl,CjneSJXl,CjneSJXl,sxOXJGLqdo,sxOXJGLqdo,sxOXJGLqdo,sxOXJGLqdo,CjneSJXl,ydyhHJYVO
CjneSJXl
ydyhHJYVO,ydyhHJYVO,ydyhHJYVO,ydyhHJYVO,ydyhHJYVO,ydyhHJYVO,CjneSJXl,CjneSJXl,sxOXJGLqdo,sxOXJGLqdo,CjneSJXl,sxOXJGLqdo,CjneSJXl,ydyhHJYVO,ydyhHJYVO
sxOXJGLqdo
ydyhHJYVO,ydyhHJYVO,ydyhHJYVO,ydyhHJYVO,ydyhHJYVO,ydyhHJYVO,CjneSJXl,CjneSJXl,CjneSJXl,CjneSJXl,sxOXJGLqdo,sxOXJGLqdo,sxOXJGLqdo,sxOXJGLqdo,CjneSJXl,ydyhHJYVO,jRtQ
sxOXJGLqdo
ydyhHJYVO,ydyhHJYVO,ydyhHJYVO,ydyhHJYVO,ydyhHJYVO,ydyhHJYVO,CjneSJXl,CjneSJXl,CjneSJXl,CjneSJXl,sxOXJGLqdo,sxOXJGLqdo,sxOXJGLqdo,sxOXJGLqdo,CjneSJXl,ydyhHJYVO,jRtQ
sxOXJGLqdo
sxOXJGLqdo
ydyhHJYVO
ydyhHJYVO,ydyhHJYVO,ydyhHJYVO,ydyhHJYVO,ydyhHJYVO,ydyhHJYVO,CjneSJXl,CjneSJXl,CjneSJXl,CjneSJXl,sxOXJGLqdo,sxOXJGLqdo,sxOXJGLqdo,jRtQ,sxOXJGLqdo,CjneSJXl,ydyhHJYVO,CjneSJXl,ydyhHJYVO
ydyhHJYVO,ydyhHJYVO,ydyhHJYVO,ydyhHJYVO,ydyhHJYVO,ydyhHJYVO,CjneSJXl,CjneSJXl,CjneSJXl,CjneSJXl,sxOXJGLqdo,sxOXJGLqdo,jRtQ,sxOXJGLqdo,CjneSJXl,ydyhHJYVO,CjneSJXl
ydyhHJYVO,ydyhHJYVO,ydyhHJYVO,ydyhHJYVO,ydyhHJYVO,ydyhHJYVO,CjneSJXl,CjneSJXl,CjneSJXl,CjneSJXl,sxOXJGLqdo,sxOXJGLqdo,jRtQ,sxOXJGLqdo,CjneSJXl,ydyhHJYVO,CjneSJXl
CjneSJXl
CjneSJXl
CjneSJXl
CjneSJXl
CjneSJXl
ydyhHJYVO,ydyhHJYVO,ydyhHJYVO,ydyhHJYVO,ydyhHJYVO,CjneSJXl,CjneSJXl,CjneSJXl,sxOXJGLqdo,sxOXJGLqdo,jRtQ,sxOXJGLqdo,CjneSJXl,ydyhHJYVO,CjneSJXl
CjneSJXl
Jedi Wagner, assuma o comando!