[vazia]
Toque! Toque, Dijê!
Toque! Toque, Dijê!
Toque! Toque, Dijê!
Toque! Toque, Dijê!
acrtpmZJx
pcFSTguDc
pcFSTguDc,OTRniep,OTRniep
pcFSTguDc
OTRniep
pcFSTguDc,OTRniep,OTRniep,pcFSTguDc
pcFSTguDc,OTRniep,OTRniep
OTRniep
OTRniep
OTRniep
OTRniep
pcFSTguDc,OTRniep,OTRniep
pcFSTguDc,OTRniep,OTRniep
OTRniep
OTRniep
OTRniep,OTRniep,RKgXzeLI,pcFSTguDc
pcFSTguDc,OTRniep,OTRniep
OTRniep
OTRniep
OTRniep
pcFSTguDc,OTRniep,OTRniep
OTRniep
pcFSTguDc,OTRniep,OTRniep
pcFSTguDc,OTRniep,OTRniep
pcFSTguDc,OTRniep,OTRniep,RKgXzeLI
pcFSTguDc,OTRniep,OTRniep,WRxyzcuhC
pcFSTguDc,OTRniep,OTRniep,WRxyzcuhC
pcFSTguDc,OTRniep,OTRniep,WRxyzcuhC
pcFSTguDc,OTRniep,WRxyzcuhC
pcFSTguDc
pcFSTguDc,OTRniep,WRxyzcuhC,acrtpmZJx
pcFSTguDc
pcFSTguDc
pcFSTguDc
pcFSTguDc,pcFSTguDc
pcFSTguDc,pcFSTguDc
pcFSTguDc
pcFSTguDc
pcFSTguDc,WRxyzcuhC
pcFSTguDc
pcFSTguDc
pcFSTguDc,WRxyzcuhC,acrtpmZJx
pcFSTguDc
pcFSTguDc,WRxyzcuhC,acrtpmZJx
pcFSTguDc,WRxyzcuhC,acrtpmZJx
pcFSTguDc,WRxyzcuhC,acrtpmZJx
acrtpmZJx
acrtpmZJx
pcFSTguDc
pcFSTguDc,acrtpmZJx,acrtpmZJx
pcFSTguDc,acrtpmZJx,acrtpmZJx
pcFSTguDc
pcFSTguDc
pcFSTguDc
pcFSTguDc
pcFSTguDc,WRxyzcuhC,acrtpmZJx
WRxyzcuhC
pcFSTguDc
pcFSTguDc,WRxyzcuhC,acrtpmZJx,tIjPeTZFqd
pcFSTguDc
pcFSTguDc,WRxyzcuhC,acrtpmZJx,WRxyzcuhC
pcFSTguDc
pcFSTguDc,WRxyzcuhC,acrtpmZJx,WRxyzcuhC
WRxyzcuhC,acrtpmZJx,WRxyzcuhC
WRxyzcuhC,acrtpmZJx,WRxyzcuhC
WRxyzcuhC,acrtpmZJx,WRxyzcuhC
pcFSTguDc
pcFSTguDc
RKgXzeLI
pcFSTguDc,acrtpmZJx,RKgXzeLI,OTRniep
pcFSTguDc,acrtpmZJx,RKgXzeLI,OTRniep
acrtpmZJx
pcFSTguDc,OTRniep,acrtpmZJx,RKgXzeLI
acrtpmZJx
acrtpmZJx
acrtpmZJx
RKgXzeLI
RKgXzeLI
RKgXzeLI
RKgXzeLI
pcFSTguDc,acrtpmZJx,RKgXzeLI,OTRniep,WRxyzcuhC,OTRniep,OTRniep
OTRniep
pcFSTguDc,RKgXzeLI,OTRniep,WRxyzcuhC,OTRniep
WRxyzcuhC
pcFSTguDc,RKgXzeLI,OTRniep,OTRniep
RKgXzeLI,OTRniep,OTRniep
OTRniep
pcFSTguDc,RKgXzeLI,OTRniep,WRxyzcuhC,OTRniep
pcFSTguDc,RKgXzeLI,WRxyzcuhC,OTRniep,OTRniep,tIjPeTZFqd
pcFSTguDc
tIjPeTZFqd
tIjPeTZFqd,pcFSTguDc,RKgXzeLI,WRxyzcuhC,OTRniep,OTRniep
pcFSTguDc
OTRniep
OTRniep
pcFSTguDc,RKgXzeLI,WRxyzcuhC,OTRniep,OTRniep,tIjPeTZFqd,RKgXzeLI
OTRniep
OTRniep
pcFSTguDc,RKgXzeLI,WRxyzcuhC,OTRniep,OTRniep,tIjPeTZFqd,RKgXzeLI,RKgXzeLI
pcFSTguDc,RKgXzeLI,WRxyzcuhC,OTRniep,OTRniep,tIjPeTZFqd,RKgXzeLI,RKgXzeLI,pcFSTguDc
pcFSTguDc,RKgXzeLI,WRxyzcuhC,OTRniep,OTRniep,tIjPeTZFqd,RKgXzeLI,RKgXzeLI,pcFSTguDc,tIjPeTZFqd,RKgXzeLI
tIjPeTZFqd
RKgXzeLI,OTRniep,OTRniep,pcFSTguDc,tIjPeTZFqd,RKgXzeLI,RKgXzeLI,tIjPeTZFqd,RKgXzeLI
RKgXzeLI,OTRniep,OTRniep,tIjPeTZFqd,pcFSTguDc,RKgXzeLI,RKgXzeLI,tIjPeTZFqd,RKgXzeLI
pcFSTguDc,RKgXzeLI,WRxyzcuhC,OTRniep,OTRniep,tIjPeTZFqd,RKgXzeLI,RKgXzeLI
WRxyzcuhC
pcFSTguDc,RKgXzeLI,OTRniep,OTRniep,tIjPeTZFqd,WRxyzcuhC,RKgXzeLI,RKgXzeLI,RKgXzeLI,OTRniep
WRxyzcuhC
pcFSTguDc,RKgXzeLI,OTRniep,OTRniep,tIjPeTZFqd,WRxyzcuhC,RKgXzeLI,RKgXzeLI,RKgXzeLI,OTRniep,WRxyzcuhC
RKgXzeLI,WRxyzcuhC,OTRniep,OTRniep,tIjPeTZFqd,RKgXzeLI,RKgXzeLI
tIjPeTZFqd
pcFSTguDc,RKgXzeLI,WRxyzcuhC,tIjPeTZFqd,RKgXzeLI,RKgXzeLI
RKgXzeLI,WRxyzcuhC,tIjPeTZFqd,OTRniep,pcFSTguDc,RKgXzeLI,RKgXzeLI
tIjPeTZFqd
pcFSTguDc
WRxyzcuhC,OTRniep,RKgXzeLI,pcFSTguDc,OTRniep,RKgXzeLI,OTRniep,RKgXzeLI,RKgXzeLI,acrtpmZJx
tIjPeTZFqd
pcFSTguDc,RKgXzeLI,WRxyzcuhC,OTRniep,OTRniep,tIjPeTZFqd,RKgXzeLI,RKgXzeLI,pcFSTguDc
pcFSTguDc,RKgXzeLI,WRxyzcuhC,OTRniep,OTRniep,RKgXzeLI,RKgXzeLI
pcFSTguDc,RKgXzeLI,WRxyzcuhC,OTRniep,RKgXzeLI,OTRniep,RKgXzeLI,RKgXzeLI,RKgXzeLI
RKgXzeLI
RKgXzeLI
RKgXzeLI
pcFSTguDc,WRxyzcuhC,OTRniep,RKgXzeLI,OTRniep,RKgXzeLI,RKgXzeLI,RKgXzeLI
RKgXzeLI
RKgXzeLI
RKgXzeLI
RKgXzeLI
OTRniep
RKgXzeLI
RKgXzeLI
OTRniep,RKgXzeLI,RKgXzeLI,OTRniep,RKgXzeLI,pcFSTguDc,RKgXzeLI
OTRniep,RKgXzeLI,RKgXzeLI,OTRniep,RKgXzeLI,pcFSTguDc,RKgXzeLI
OTRniep
WRxyzcuhC,RKgXzeLI,OTRniep,RKgXzeLI,RKgXzeLI,OTRniep,pcFSTguDc,RKgXzeLI
OTRniep
WRxyzcuhC,RKgXzeLI,OTRniep,RKgXzeLI,RKgXzeLI,OTRniep,pcFSTguDc,RKgXzeLI
OTRniep
WRxyzcuhC,RKgXzeLI,OTRniep,RKgXzeLI,RKgXzeLI,OTRniep,pcFSTguDc,RKgXzeLI,OTRniep
OTRniep
RKgXzeLI,OTRniep,RKgXzeLI,RKgXzeLI,OTRniep,WRxyzcuhC,pcFSTguDc,RKgXzeLI,OTRniep,OTRniep
OTRniep
WRxyzcuhC,RKgXzeLI,OTRniep,RKgXzeLI,RKgXzeLI,OTRniep,pcFSTguDc,RKgXzeLI
OTRniep
RKgXzeLI
pcFSTguDc
WRxyzcuhC,RKgXzeLI,OTRniep,RKgXzeLI,RKgXzeLI,OTRniep,pcFSTguDc,RKgXzeLI
OTRniep
WRxyzcuhC,RKgXzeLI,RKgXzeLI,RKgXzeLI,OTRniep,OTRniep,pcFSTguDc,RKgXzeLI
WRxyzcuhC,RKgXzeLI,OTRniep,RKgXzeLI,RKgXzeLI,OTRniep,pcFSTguDc,RKgXzeLI
OTRniep
WRxyzcuhC
WRxyzcuhC
WRxyzcuhC
RKgXzeLI,OTRniep,RKgXzeLI,RKgXzeLI,OTRniep,WRxyzcuhC,pcFSTguDc,RKgXzeLI,RKgXzeLI,OTRniep
WRxyzcuhC
WRxyzcuhC
WRxyzcuhC
WRxyzcuhC
RKgXzeLI,OTRniep,RKgXzeLI,RKgXzeLI,OTRniep,WRxyzcuhC,pcFSTguDc,RKgXzeLI,RKgXzeLI,OTRniep,pcFSTguDc,tIjPeTZFqd
RKgXzeLI,RKgXzeLI,RKgXzeLI,OTRniep,WRxyzcuhC,OTRniep,pcFSTguDc,RKgXzeLI,RKgXzeLI,OTRniep,pcFSTguDc,tIjPeTZFqd,OTRniep
WRxyzcuhC,RKgXzeLI,OTRniep,RKgXzeLI,RKgXzeLI,OTRniep,pcFSTguDc,RKgXzeLI,acrtpmZJx
WRxyzcuhC,RKgXzeLI,OTRniep,RKgXzeLI,RKgXzeLI,OTRniep,pcFSTguDc,RKgXzeLI,acrtpmZJx
WRxyzcuhC,RKgXzeLI,OTRniep,RKgXzeLI,RKgXzeLI,OTRniep,RKgXzeLI
WRxyzcuhC,RKgXzeLI,OTRniep,RKgXzeLI,RKgXzeLI,OTRniep,RKgXzeLI
OTRniep
WRxyzcuhC,RKgXzeLI,RKgXzeLI,RKgXzeLI,OTRniep,OTRniep,RKgXzeLI
RKgXzeLI
RKgXzeLI,RKgXzeLI,OTRniep,RKgXzeLI,OTRniep,RKgXzeLI,acrtpmZJx,WRxyzcuhC
RKgXzeLI
RKgXzeLI,RKgXzeLI,OTRniep,RKgXzeLI,OTRniep,RKgXzeLI,WRxyzcuhC,tIjPeTZFqd
WRxyzcuhC
RKgXzeLI,RKgXzeLI,OTRniep,RKgXzeLI,OTRniep,RKgXzeLI,WRxyzcuhC
RKgXzeLI,RKgXzeLI,OTRniep,RKgXzeLI,OTRniep,RKgXzeLI,WRxyzcuhC
WRxyzcuhC
WRxyzcuhC
WRxyzcuhC
RKgXzeLI,RKgXzeLI,OTRniep,RKgXzeLI,OTRniep,RKgXzeLI,WRxyzcuhC
WRxyzcuhC
WRxyzcuhC
tIjPeTZFqd
RKgXzeLI,RKgXzeLI,WRxyzcuhC,OTRniep,tIjPeTZFqd,OTRniep
RKgXzeLI,RKgXzeLI,WRxyzcuhC,OTRniep,tIjPeTZFqd,OTRniep
tIjPeTZFqd
RKgXzeLI,RKgXzeLI,WRxyzcuhC,OTRniep,tIjPeTZFqd,OTRniep
tIjPeTZFqd
RKgXzeLI,OTRniep,RKgXzeLI,WRxyzcuhC,OTRniep,tIjPeTZFqd,acrtpmZJx,acrtpmZJx,RKgXzeLI
Jedi Wagner, assuma o comando!