[vazia]
Toque! Toque, Dijê!
O
O,O
O
O
O
Toque! Toque, Dijê!
[vazia]
Toque! Toque, Dijê!
Toque! Toque, Dijê!
Toque! Toque, Dijê!
[vazia]
Toque! Toque, Dijê!
Toque! Toque, Dijê!
[vazia]
[vazia]
[vazia]
[vazia]
O
O
O
O,O
O,O
O
O
O,O
O,O
O
O,O
O
O,O
O
O
O,O,O
O
O,O,O,O
O,O,O,O
O
O
O
O
O,O,O
O,O,O
O
O,O,O,O
O
O
O,O,O
O
O
O,O,O
O,O,O
O,O,O,O
O,O,O,O
O,O,O,O
O
O,O,O,O
O,O,O,O,O,O
O,O,O,O,O
O,O,O,O,O,O,O
O,O,O,O
O,O,O,O
O
O,O,O,O
O,O,O,O
O,O,O
O
O
O,O,O
O,O,O,O
O,O,O,O
O,O,O,O
O
O,O,O,O
O,O,O,O
O
O
O
O
O
O,O,O,O,O,O,O
O
O,O,O,O
Jedi Wagner, assuma o comando!