FtXpQSR
FtXpQSR
FtXpQSR
Toque! Toque, Dijê!
[vazia]
[vazia]
Toque! Toque, Dijê!
[vazia]
Toque! Toque, Dijê!
[vazia]
Toque! Toque, Dijê!
Toque! Toque, Dijê!
[vazia]
[vazia]
Toque! Toque, Dijê!
[vazia]
[vazia]
[vazia]
Toque! Toque, Dijê!
[vazia]
[vazia]
FtXpQSR
FtXpQSR
FtXpQSR
Toque! Toque, Dijê!
Toque! Toque, Dijê!
Toque! Toque, Dijê!
u
FtXpQSR
Qp,u,FtXpQSR,yEcXriA,hePlW,TUbM
FtXpQSR
Qp,u,FtXpQSR,yEcXriA,TUbM
Qp,u,FtXpQSR,yEcXriA,TUbM
FtXpQSR,Qp,u,yEcXriA
yEcXriA
u
u,Qp,yEcXriA,wz,hePlW
u,Qp,yEcXriA
u,Qp,yEcXriA
u,Qp,TUbM
u,Qp,TUbM,wz,u
Qp
TUbM
TUbM
wz
u,Qp,wz,u,u,hePlW
u
u
u
u,Qp,wz,u,hePlW,u
hePlW
u,Qp,wz,u,hePlW,u
Qp,wz,u,hePlW,u,E,TUbM,yEcXriA
Qp,wz,u,hePlW,u,E,TUbM
Qp,u,hePlW,wz,u,E,TUbM,Qp
Qp,u,hePlW,wz,u,E,TUbM,Qp
wz
Qp,u,hePlW,wz,u,E,TUbM,Qp
wz
wz
wz
wz
u
u
hePlW,Qp,u,u,wz,E,TUbM,Qp,TUbM,TUbM,Qp,Qp,wz,yEcXriA,E
hePlW,Qp,u,u,wz,E,TUbM,Qp,TUbM,TUbM,Qp,Qp,wz,yEcXriA,E
TUbM
Qp
hePlW,u,u,TUbM,Qp,wz,Qp,TUbM,TUbM,Qp,Qp,wz,yEcXriA,E
Qp
u,u,TUbM,Qp,wz,hePlW,Qp,TUbM,TUbM,Qp,Qp,wz,yEcXriA,E,TUbM
hePlW
u,u,TUbM,Qp,wz,hePlW,Qp,TUbM,TUbM,Qp,Qp,wz,yEcXriA,E,TUbM,hePlW
u,u,TUbM,Qp,wz,hePlW,Qp,TUbM,TUbM,Qp,Qp,wz,yEcXriA,E,TUbM,hePlW,FtXpQSR
hePlW
u
u,u,TUbM,Qp,wz,Qp,TUbM,TUbM,Qp,Qp,wz
hePlW,u,u,TUbM,Qp,wz,Qp,TUbM,TUbM,Qp,Qp,wz,yEcXriA,E
hePlW,u,u,TUbM,Qp,wz,Qp,TUbM,TUbM,Qp,Qp,wz,yEcXriA,E
hePlW,u,u,TUbM,Qp,wz,Qp,TUbM,TUbM,Qp,Qp,wz,E
wz
hePlW,u,u,TUbM,Qp,wz,Qp,TUbM,TUbM,Qp,Qp,wz,yEcXriA,E
wz
hePlW,u,TUbM,Qp,wz,Qp,TUbM,TUbM,Qp,Qp,wz,yEcXriA,E,u,yEcXriA
hePlW
u,Qp,wz,hePlW,TUbM,Qp,TUbM,TUbM,Qp,Qp,wz,yEcXriA,E,u,hePlW
hePlW,u,TUbM,Qp,wz,u,Qp,TUbM,TUbM,Qp,Qp,wz,yEcXriA,E
u,u,TUbM,Qp,wz,hePlW,Qp,TUbM,TUbM,Qp,Qp,wz,yEcXriA,E
hePlW
u,u,Qp,wz,hePlW,Qp,TUbM,TUbM,Qp,Qp,wz,yEcXriA,E,FtXpQSR
u,u,wz,hePlW,Qp,Qp,TUbM,Qp,Qp,wz,yEcXriA,E,FtXpQSR
Qp
u,u,wz,Qp,Qp,TUbM,Qp,Qp,wz,yEcXriA,E,FtXpQSR
u,u,wz,hePlW,Qp,Qp,TUbM,Qp,Qp,wz,yEcXriA,E,FtXpQSR,E
Qp
wz
wz
u,u,Qp,wz,Qp,TUbM,TUbM,Qp,Qp,wz,yEcXriA,E
u,u,Qp,wz,Qp,TUbM,TUbM,Qp,Qp,wz,yEcXriA,E
u,Qp,wz,Qp,TUbM,TUbM,Qp,Qp,wz,E,wz,hePlW
wz
Qp
Qp
u,wz,Qp,TUbM,TUbM,Qp,Qp,wz,wz,hePlW
Qp
Qp
Qp
Qp
hePlW
Qp
Qp
u,Qp,hePlW,Qp,wz,TUbM,TUbM,Qp,Qp,wz,wz,hePlW,wz,wz
wz
wz
u,Qp,Qp,hePlW,wz,TUbM,TUbM,Qp,Qp,wz,wz,hePlW,wz,wz
hePlW
Qp,Qp,hePlW,u,wz,TUbM,TUbM,Qp,Qp,wz,wz,hePlW,wz,wz,E
u
u,Qp,Qp,hePlW,wz,TUbM,TUbM,Qp,Qp,wz,wz,hePlW,wz,wz
Qp,Qp,hePlW,wz,TUbM,TUbM,Qp,Qp,wz,wz,hePlW,wz,wz
Qp,Qp,hePlW,wz,TUbM,TUbM,Qp,Qp,wz,wz,hePlW,wz,wz
Qp,Qp,hePlW,wz,TUbM,TUbM,Qp,Qp,wz,wz,hePlW,wz,wz
wz
wz
Qp,hePlW,wz,TUbM,TUbM,Qp,Qp,wz,wz,hePlW,wz,wz,Qp
Qp,hePlW,wz,TUbM,TUbM,Qp,Qp,wz,wz,hePlW,wz,wz,Qp
Qp,hePlW,wz,TUbM,TUbM,Qp,Qp,wz,wz,hePlW,wz,wz,Qp,Qp
Qp
Qp
Qp,wz,TUbM,TUbM,Qp,Qp,wz,wz,hePlW,wz,wz,Qp,Qp
wz
Qp,wz,TUbM,TUbM,Qp,Qp,wz,wz,hePlW,wz,wz,Qp,Qp,yEcXriA,E
wz
Qp,wz,TUbM,TUbM,Qp,Qp,wz,wz,hePlW,wz,wz,Qp,Qp,yEcXriA,E
wz
Qp,wz,TUbM,TUbM,Qp,Qp,wz,wz,hePlW,wz,wz,Qp,Qp,yEcXriA,E
wz,TUbM,TUbM,Qp,Qp,wz,wz,hePlW,wz,E,Qp,wz,Qp,Qp,yEcXriA
TUbM,TUbM,Qp,Qp,wz,wz,hePlW,wz,E,wz,Qp,wz,Qp,Qp,yEcXriA
TUbM,TUbM,Qp,Qp,wz,wz,hePlW,wz,E,wz,Qp,wz,Qp,Qp,yEcXriA
wz
Qp,wz,TUbM,TUbM,Qp,Qp,wz,wz,hePlW,wz,wz,Qp,Qp
Qp,wz,TUbM,TUbM,Qp,Qp,wz,wz,hePlW,wz,wz,Qp,Qp
Qp,TUbM,TUbM,Qp,Qp,wz,wz,hePlW,wz,wz,wz,Qp,Qp
wz
Qp,TUbM,TUbM,Qp,Qp,wz,wz,hePlW,wz,wz,wz,Qp,Qp
wz
TUbM,Qp,Qp,wz,wz,hePlW,wz,wz,Qp,TUbM,wz,Qp,Qp
wz
TUbM,Qp,Qp,wz,wz,hePlW,wz,wz,Qp,TUbM,wz,Qp,Qp
TUbM,Qp,Qp,wz,wz,hePlW,wz,wz,Qp,TUbM,wz,Qp,Qp
TUbM,Qp,Qp,wz,wz,hePlW,wz,wz,Qp,TUbM,wz,Qp,Qp,FtXpQSR,TUbM
TUbM,Qp,Qp,wz,wz,hePlW,wz,wz,Qp,TUbM,wz,Qp,Qp,FtXpQSR,TUbM
Qp
TUbM,Qp,wz,wz,wz,wz,hePlW,Qp,TUbM,wz,Qp,Qp,FtXpQSR,TUbM
TUbM,Qp,wz,wz,wz,wz,hePlW,Qp,TUbM,wz,Qp,Qp,FtXpQSR,TUbM
Qp
Qp,wz,hePlW,Qp,wz,FtXpQSR,wz,TUbM,wz,Qp,Qp,TUbM,yEcXriA,yEcXriA,TUbM
FtXpQSR
Qp,wz,hePlW,Qp,wz,FtXpQSR,wz,wz,Qp,Qp,TUbM,yEcXriA,yEcXriA,TUbM
Qp,hePlW,Qp,wz,FtXpQSR,wz,wz,wz,Qp,Qp,TUbM,yEcXriA,yEcXriA,TUbM
Qp,hePlW,Qp,wz,FtXpQSR,wz,wz,wz,Qp,Qp,TUbM,yEcXriA,yEcXriA,TUbM
wz
Qp,hePlW,Qp,wz,FtXpQSR,wz,wz,wz,Qp,Qp,yEcXriA,yEcXriA,TUbM
Qp,hePlW,Qp,wz,FtXpQSR,wz,wz,wz,Qp,Qp,TUbM,yEcXriA,yEcXriA,TUbM
wz
Qp,hePlW,Qp,wz,FtXpQSR,wz,wz,wz,Qp,Qp,yEcXriA,yEcXriA,TUbM
wz
Qp,hePlW,Qp,wz,FtXpQSR,wz,wz,wz,Qp,Qp,TUbM,yEcXriA,yEcXriA,TUbM
TUbM
TUbM
Qp,hePlW,Qp,wz,FtXpQSR,TUbM,wz,wz,wz,Qp,Qp,yEcXriA,yEcXriA,TUbM,hePlW,FtXpQSR
Qp,hePlW,Qp,wz,FtXpQSR,TUbM,wz,wz,wz,Qp,Qp,yEcXriA,yEcXriA,TUbM,hePlW,FtXpQSR,u
hePlW,Qp,wz,FtXpQSR,wz,Qp,wz,wz,Qp,Qp,TUbM,yEcXriA,yEcXriA,TUbM,hePlW,Qp,hePlW,wz,Qp,wz
Qp
Qp
hePlW,Qp,wz,FtXpQSR,wz,Qp,wz,wz,Qp,Qp,TUbM,yEcXriA,yEcXriA,TUbM,hePlW,Qp,hePlW,wz,Qp
hePlW,Qp,wz,wz,Qp,wz,FtXpQSR,wz,Qp,Qp,TUbM,yEcXriA,yEcXriA,TUbM,hePlW,Qp,hePlW,wz,Qp
wz
wz
hePlW,Qp,wz,Qp,wz,wz,wz,Qp,Qp,TUbM,yEcXriA,yEcXriA,TUbM,hePlW,Qp,hePlW,wz,Qp,yEcXriA,wz
TUbM
hePlW,Qp,wz,FtXpQSR,wz,Qp,wz,wz,Qp,Qp,TUbM,yEcXriA,yEcXriA,TUbM,hePlW,Qp,hePlW,wz,Qp
wz
TUbM
Qp,wz,FtXpQSR,wz,Qp,TUbM,wz,wz,Qp,Qp,yEcXriA,yEcXriA,TUbM,hePlW,Qp,hePlW,wz,Qp,Qp
Jedi Wagner, assuma o comando!