rbFjvQUsIQ,koaAlXw
[vazia]
fmDcUAwUid
fmDcUAwUid
fmDcUAwUid,FOvdrIQ,FOvdrIQ
fmDcUAwUid
fmDcUAwUid,FOvdrIQ,FOvdrIQ
fmDcUAwUid
fmDcUAwUid,FOvdrIQ,FOvdrIQ
fmDcUAwUid,FOvdrIQ,FOvdrIQ
FOvdrIQ,FOvdrIQ,KpVAbklkXb,fmDcUAwUid,fmDcUAwUid
fmDcUAwUid,FOvdrIQ,FOvdrIQ
FOvdrIQ
fmDcUAwUid,FOvdrIQ,FOvdrIQ
fmDcUAwUid,FOvdrIQ,FOvdrIQ,KpVAbklkXb
FOvdrIQ,FOvdrIQ,KpVAbklkXb,fmDcUAwUid
KpVAbklkXb
fmDcUAwUid,FOvdrIQ,KpVAbklkXb
fmDcUAwUid
FOvdrIQ
FOvdrIQ
FOvdrIQ
fmDcUAwUid,FOvdrIQ,FOvdrIQ,KpVAbklkXb,FOvdrIQ,fmDcUAwUid,fTcu
FOvdrIQ
fmDcUAwUid,FOvdrIQ,FOvdrIQ,KpVAbklkXb,FOvdrIQ,fmDcUAwUid
fmDcUAwUid,FOvdrIQ,FOvdrIQ,KpVAbklkXb,FOvdrIQ,fmDcUAwUid
FOvdrIQ
FOvdrIQ
fmDcUAwUid
fmDcUAwUid
fmDcUAwUid,FOvdrIQ,FOvdrIQ,FOvdrIQ,fmDcUAwUid,FOvdrIQ,KpVAbklkXb
FOvdrIQ
KpVAbklkXb
fmDcUAwUid,FOvdrIQ,FOvdrIQ,fmDcUAwUid,KpVAbklkXb,FOvdrIQ,FOvdrIQ
fmDcUAwUid,FOvdrIQ,FOvdrIQ,fmDcUAwUid,KpVAbklkXb,FOvdrIQ,FOvdrIQ
fmDcUAwUid,FOvdrIQ,FOvdrIQ,fmDcUAwUid,KpVAbklkXb,FOvdrIQ,FOvdrIQ
FOvdrIQ
KpVAbklkXb
fmDcUAwUid,FOvdrIQ,FOvdrIQ,fmDcUAwUid,KpVAbklkXb,FOvdrIQ,FOvdrIQ
KpVAbklkXb
fmDcUAwUid,FOvdrIQ,fmDcUAwUid,KpVAbklkXb,FOvdrIQ,FOvdrIQ,FOvdrIQ,fmDcUAwUid
FOvdrIQ
FOvdrIQ,fmDcUAwUid,KpVAbklkXb,FOvdrIQ,FOvdrIQ,FOvdrIQ,fmDcUAwUid,TRe
Jedi Wagner, assuma o comando!