HKisxBlZ
HKisxBlZ
jepEgM
[vazia]
[vazia]
Toque! Toque, Dijê!
jepEgM
jepEgM,jepEgM
jepEgM,jepEgM
jepEgM,jepEgM
jepEgM
jepEgM
jepEgM
jepEgM
jepEgM
jepEgM
oJErJ,oJErJ
oJErJ
oJErJ
oJErJ,oJErJ,jepEgM
oJErJ,oJErJ,jepEgM,oJErJ
oJErJ,oJErJ,jepEgM,oJErJ
oJErJ,oJErJ
oJErJ
oJErJ,oJErJ
oJErJ,oJErJ
oJErJ
oJErJ,oJErJ,HKisxBlZ
oJErJ,oJErJ,HKisxBlZ,jepEgM
HKisxBlZ
oJErJ,oJErJ,oJErJ,jepEgM,jepEgM
HKisxBlZ
oJErJ,HKisxBlZ,jepEgM
oJErJ,jepEgM
jepEgM
jepEgM,oJErJ
jepEgM,oJErJ
jepEgM
oJErJ
oJErJ
oJErJ
oJErJ
oJErJ
oJErJ
oJErJ,oJErJ
oJErJ,oJErJ
oJErJ
oJErJ,oJErJ
oJErJ,oJErJ,jepEgM,oJErJ
oJErJ,oJErJ,HKisxBlZ,jepEgM,oJErJ
oJErJ,oJErJ,jepEgM
oJErJ
oJErJ
oJErJ
oJErJ,HKisxBlZ
HKisxBlZ
oJErJ
oJErJ
oJErJ
oJErJ,HKisxBlZ,HKisxBlZ,oJErJ,HKisxBlZ
HKisxBlZ
HKisxBlZ
oJErJ,HKisxBlZ,HKisxBlZ,oJErJ,HKisxBlZ
HKisxBlZ
HKisxBlZ,HKisxBlZ,HKisxBlZ
HKisxBlZ,oJErJ,HKisxBlZ,oJErJ,HKisxBlZ,HKisxBlZ
HKisxBlZ,oJErJ,HKisxBlZ,oJErJ,HKisxBlZ,HKisxBlZ
oJErJ
HKisxBlZ
oJErJ
HKisxBlZ,HKisxBlZ,HKisxBlZ,HKisxBlZ
HKisxBlZ,HKisxBlZ,HKisxBlZ,HKisxBlZ,HKisxBlZ
HKisxBlZ,oJErJ,HKisxBlZ,HKisxBlZ,oJErJ
HKisxBlZ,oJErJ,HKisxBlZ,HKisxBlZ,oJErJ
HKisxBlZ,HKisxBlZ,oJErJ,HKisxBlZ
oJErJ
HKisxBlZ,HKisxBlZ,oJErJ,HKisxBlZ
Jedi Wagner, assuma o comando!