AzYnsy
AzYnsy
AzYnsy
Toque! Toque, Dijê!
AzYnsy
AzYnsy
AzYnsy
AzYnsy
AzYnsy,AzYnsy,AzYnsy,AzYnsy
AzYnsy,AzYnsy,AzYnsy,AzYnsy
AzYnsy,AzYnsy,AzYnsy,AzYnsy,AzYnsy
AzYnsy
AzYnsy,AzYnsy,AzYnsy,AzYnsy,AzYnsy
AzYnsy
AzYnsy,AzYnsy,AzYnsy,AzYnsy,AzYnsy
AzYnsy,AzYnsy
AzYnsy
AzYnsy,AzYnsy,AzYnsy,AzYnsy,AzYnsy,AzYnsy
AzYnsy
AzYnsy,AzYnsy,AzYnsy,AzYnsy,AzYnsy
AzYnsy
AzYnsy
AzYnsy,AzYnsy,AzYnsy,AzYnsy,AzYnsy,AzYnsy
AzYnsy
AzYnsy
AzYnsy,AzYnsy,AzYnsy,AzYnsy,AzYnsy
AzYnsy
AzYnsy
AzYnsy
AzYnsy
AzYnsy
AzYnsy
AzYnsy,AzYnsy,AzYnsy,AzYnsy,AzYnsy
AzYnsy,AzYnsy,AzYnsy,AzYnsy
AzYnsy
AzYnsy
AzYnsy
AzYnsy
AzYnsy,AzYnsy,AzYnsy
AzYnsy
AzYnsy
AzYnsy
AzYnsy
AzYnsy,AzYnsy,AzYnsy,AzYnsy
AzYnsy,AzYnsy,AzYnsy,AzYnsy
AzYnsy
AzYnsy
AzYnsy
AzYnsy,AzYnsy
AzYnsy
AzYnsy,AzYnsy,AzYnsy,AzYnsy
AzYnsy,AzYnsy,AzYnsy,AzYnsy
AzYnsy
AzYnsy,AzYnsy,AzYnsy,AzYnsy
AzYnsy
AzYnsy,AzYnsy,AzYnsy,AzYnsy
AzYnsy
AzYnsy
AzYnsy,AzYnsy,AzYnsy,AzYnsy
AzYnsy
AzYnsy
AzYnsy
AzYnsy,AzYnsy
AzYnsy
AzYnsy
AzYnsy,AzYnsy
AzYnsy,AzYnsy,AzYnsy
AzYnsy
AzYnsy,AzYnsy,AzYnsy,AzYnsy
AzYnsy
AzYnsy,AzYnsy
AzYnsy
AzYnsy,AzYnsy,AzYnsy,AzYnsy
AzYnsy,AzYnsy,AzYnsy,AzYnsy
AzYnsy
AzYnsy
AzYnsy
AzYnsy,AzYnsy,AzYnsy,AzYnsy
AzYnsy
AzYnsy
AzYnsy
AzYnsy
AzYnsy,AzYnsy,AzYnsy,AzYnsy,AzYnsy,AzYnsy
AzYnsy,AzYnsy,AzYnsy,AzYnsy
AzYnsy,AzYnsy,AzYnsy,AzYnsy
AzYnsy
AzYnsy,AzYnsy,AzYnsy,AzYnsy
AzYnsy,AzYnsy,AzYnsy,AzYnsy
AzYnsy,AzYnsy,AzYnsy,AzYnsy
AzYnsy,AzYnsy,AzYnsy,AzYnsy
AzYnsy
AzYnsy
AzYnsy,AzYnsy,AzYnsy,AzYnsy,AzYnsy
AzYnsy
AzYnsy
AzYnsy
Jedi Wagner, assuma o comando!