[vazia]
Toque! Toque, Dijê!
RkolqVaOCR
RkolqVaOCR
RkolqVaOCR
RkolqVaOCR
RkolqVaOCR,Bimq,RkolqVaOCR
Bimq
RkolqVaOCR,Bimq
Bimq
RkolqVaOCR,Bimq
RkolqVaOCR,Bimq
RkolqVaOCR,Bimq
RkolqVaOCR
RkolqVaOCR,Bimq
RkolqVaOCR
RkolqVaOCR,Bimq
RkolqVaOCR
RkolqVaOCR,Bimq,XJjnskZ
RkolqVaOCR
RkolqVaOCR
RkolqVaOCR
RkolqVaOCR
RkolqVaOCR
RkolqVaOCR
RkolqVaOCR
RkolqVaOCR
RkolqVaOCR
RkolqVaOCR
RkolqVaOCR
RkolqVaOCR
RkolqVaOCR,WoorcWMl
RkolqVaOCR
RkolqVaOCR
RkolqVaOCR,WoorcWMl,XJjnskZ
XJjnskZ
RkolqVaOCR
WoorcWMl
RkolqVaOCR,WoorcWMl,XJjnskZ,XJjnskZ,qoOKE,qoOKE
WoorcWMl
WoorcWMl
XJjnskZ
XJjnskZ
XJjnskZ
XJjnskZ
WoorcWMl
XJjnskZ,QJBXdqaiT,WoorcWMl,XJjnskZ,qoOKE,qoOKE,QJBXdqaiT,ORUiaLmKBd
QJBXdqaiT
RkolqVaOCR,XJjnskZ,WoorcWMl,XJjnskZ,qoOKE,qoOKE,QJBXdqaiT,QJBXdqaiT
RkolqVaOCR,XJjnskZ,WoorcWMl,ORUiaLmKBd,XJjnskZ,qoOKE,qoOKE,QJBXdqaiT,QJBXdqaiT,RkolqVaOCR
ORUiaLmKBd
RkolqVaOCR,XJjnskZ,WoorcWMl,ORUiaLmKBd,qoOKE,XJjnskZ,qoOKE,QJBXdqaiT,QJBXdqaiT,RkolqVaOCR
RkolqVaOCR,XJjnskZ,WoorcWMl,ORUiaLmKBd,qoOKE,XJjnskZ,qoOKE,QJBXdqaiT,QJBXdqaiT,RkolqVaOCR
qoOKE
RkolqVaOCR,XJjnskZ,WoorcWMl,ORUiaLmKBd,qoOKE,QJBXdqaiT,XJjnskZ,qoOKE,QJBXdqaiT,RkolqVaOCR
RkolqVaOCR,WoorcWMl,ORUiaLmKBd,qoOKE,QJBXdqaiT,XJjnskZ,qoOKE,QJBXdqaiT,RkolqVaOCR
qoOKE
qoOKE
QJBXdqaiT
Jedi Wagner, assuma o comando!