mtdPv
mtdPv
mtdPv,dqyIRhFK
mtdPv
mtdPv
mtdPv
mtdPv
mtdPv,mtdPv,dqyIRhFK
mtdPv,TN
mtdPv,TN
mtdPv,TN
mtdPv
mtdPv,ZKrHRZG
mtdPv
ZKrHRZG
ZKrHRZG
ZKrHRZG
mtdPv,ZKrHRZG,dqyIRhFK
mtdPv,ZKrHRZG,dqyIRhFK,haMnG,dqyIRhFK
mtdPv,ZKrHRZG,dqyIRhFK
mtdPv,ZKrHRZG,dqyIRhFK,haMnG
mtdPv,ZKrHRZG,dqyIRhFK,haMnG,ktkfluVpc,dqyIRhFK,dqyIRhFK
mtdPv,ZKrHRZG,dqyIRhFK,cqPO,cqPO
mtdPv,ZKrHRZG,dqyIRhFK,cqPO,cqPO
mtdPv,ZKrHRZG,dqyIRhFK,cqPO,cqPO
ZKrHRZG
mtdPv,dqyIRhFK,ZKrHRZG,cqPO,mtdPv,ktkfluVpc
mtdPv,dqyIRhFK,ZKrHRZG,cqPO,mtdPv,ktkfluVpc
ZKrHRZG
ZKrHRZG
ZKrHRZG,mtdPv,dqyIRhFK
ZKrHRZG
mtdPv,ZKrHRZG,dqyIRhFK,cqPO,eSp
dqyIRhFK
dqyIRhFK
mtdPv,ZKrHRZG,dqyIRhFK,cqPO
dqyIRhFK
dqyIRhFK
dqyIRhFK
dqyIRhFK
mtdPv,dqyIRhFK,ZKrHRZG,cqPO
mtdPv,ZKrHRZG,dqyIRhFK,cqPO,ktkfluVpc,dqyIRhFK
cqPO
mtdPv,ZKrHRZG,dqyIRhFK,cqPO,ktkfluVpc,dqyIRhFK,ZKrHRZG
mtdPv,ZKrHRZG,dqyIRhFK,cqPO,ktkfluVpc,dqyIRhFK,ZKrHRZG
dqyIRhFK
dqyIRhFK
mtdPv,ZKrHRZG,dqyIRhFK,cqPO,ktkfluVpc,dqyIRhFK,ZKrHRZG,ktkfluVpc,cqPO
dqyIRhFK
dqyIRhFK
mtdPv,ZKrHRZG,dqyIRhFK,cqPO,ktkfluVpc,dqyIRhFK,ZKrHRZG,ktkfluVpc,cqPO
mtdPv,ZKrHRZG,dqyIRhFK,cqPO,ktkfluVpc,dqyIRhFK,ZKrHRZG,ktkfluVpc,cqPO
mtdPv,ZKrHRZG,dqyIRhFK,cqPO,ktkfluVpc,dqyIRhFK,ZKrHRZG,ktkfluVpc,cqPO
cqPO
cqPO
cqPO
mtdPv,ZKrHRZG,dqyIRhFK,cqPO,ktkfluVpc,dqyIRhFK,ZKrHRZG,ktkfluVpc,cqPO
ZKrHRZG,dqyIRhFK,cqPO,ktkfluVpc,dqyIRhFK,ZKrHRZG,ktkfluVpc,cqPO
ZKrHRZG,dqyIRhFK,cqPO,ktkfluVpc,dqyIRhFK,ZKrHRZG,ktkfluVpc,cqPO
cqPO
mtdPv,ZKrHRZG,dqyIRhFK,cqPO,ktkfluVpc,dqyIRhFK,ZKrHRZG,ktkfluVpc,cqPO,mtdPv
mtdPv,ZKrHRZG,dqyIRhFK,cqPO,ktkfluVpc,dqyIRhFK,ZKrHRZG,ktkfluVpc,cqPO,mtdPv
mtdPv,ZKrHRZG,dqyIRhFK,cqPO,ktkfluVpc,dqyIRhFK,ZKrHRZG,ktkfluVpc,cqPO,mtdPv,cqPO
cqPO
mtdPv,dqyIRhFK,cqPO,ZKrHRZG,ktkfluVpc,dqyIRhFK,ZKrHRZG,ktkfluVpc,cqPO
cqPO
mtdPv,ZKrHRZG,dqyIRhFK,cqPO,ktkfluVpc,dqyIRhFK,ZKrHRZG,ktkfluVpc,cqPO,cqPO
ktkfluVpc
mtdPv,ZKrHRZG,dqyIRhFK,cqPO,ktkfluVpc,dqyIRhFK,ZKrHRZG,ktkfluVpc,cqPO,cqPO
ktkfluVpc
ktkfluVpc
ktkfluVpc
mtdPv,ZKrHRZG,dqyIRhFK,cqPO,ktkfluVpc,dqyIRhFK,ZKrHRZG,ktkfluVpc,cqPO,cqPO
dqyIRhFK
dqyIRhFK
dqyIRhFK
dqyIRhFK
mtdPv,ZKrHRZG,cqPO,ktkfluVpc,dqyIRhFK,dqyIRhFK,ZKrHRZG,ktkfluVpc,cqPO,cqPO,cqPO
mtdPv,ZKrHRZG,cqPO,ktkfluVpc,dqyIRhFK,dqyIRhFK,ZKrHRZG,ktkfluVpc,cqPO,cqPO,cqPO,ZKrHRZG,TN
ZKrHRZG,dqyIRhFK,cqPO,ktkfluVpc,dqyIRhFK,ZKrHRZG,ktkfluVpc,cqPO,cqPO,mtdPv
ZKrHRZG,dqyIRhFK,cqPO,ktkfluVpc,dqyIRhFK,ZKrHRZG,ktkfluVpc,cqPO,cqPO,mtdPv
dqyIRhFK
mtdPv,ZKrHRZG,dqyIRhFK,cqPO,ktkfluVpc,dqyIRhFK,ZKrHRZG,ktkfluVpc,cqPO,cqPO
mtdPv,ZKrHRZG,dqyIRhFK,cqPO,ktkfluVpc,dqyIRhFK,ZKrHRZG,ktkfluVpc,cqPO,cqPO,mtdPv,TN
ZKrHRZG
mtdPv,ZKrHRZG,dqyIRhFK,ktkfluVpc,dqyIRhFK,ZKrHRZG,ktkfluVpc,cqPO,cqPO,mtdPv,TN,haMnG,ktkfluVpc
mtdPv,ZKrHRZG,dqyIRhFK,ktkfluVpc,dqyIRhFK,ZKrHRZG,ktkfluVpc,cqPO,cqPO,mtdPv,TN,haMnG,ktkfluVpc
mtdPv,ZKrHRZG,dqyIRhFK,cqPO,ktkfluVpc,dqyIRhFK,TN,ZKrHRZG,ktkfluVpc,cqPO,cqPO,mtdPv,OVBZL
TN
TN
TN
TN
mtdPv,ZKrHRZG,ktkfluVpc,TN,ZKrHRZG,ktkfluVpc,cqPO,cqPO,mtdPv,eSp
mtdPv,ZKrHRZG,dqyIRhFK,cqPO,ktkfluVpc,dqyIRhFK,ZKrHRZG,ktkfluVpc,cqPO,cqPO,mtdPv,TN
ZKrHRZG
mtdPv,dqyIRhFK,cqPO,ktkfluVpc,dqyIRhFK,ZKrHRZG,ktkfluVpc,cqPO,cqPO,mtdPv,TN,eSp
ZKrHRZG
mtdPv,dqyIRhFK,cqPO,ktkfluVpc,dqyIRhFK,ZKrHRZG,ktkfluVpc,cqPO,cqPO,mtdPv,TN,eSp
ZKrHRZG
mtdPv,dqyIRhFK,cqPO,ktkfluVpc,dqyIRhFK,ZKrHRZG,ktkfluVpc,cqPO,cqPO,mtdPv,TN,eSp
cqPO
mtdPv,dqyIRhFK,cqPO,ktkfluVpc,dqyIRhFK,ZKrHRZG,ktkfluVpc,cqPO,cqPO,mtdPv,TN,eSp
Jedi Wagner, assuma o comando!