YBUy
YBUy
Toque! Toque, Dijê!
[vazia]
[vazia]
YBUy
Toque! Toque, Dijê!
[vazia]
Toque! Toque, Dijê!
Toque! Toque, Dijê!
nxRTSszh
nxRTSszh
nxRTSszh
nxRTSszh
nxRTSszh
[vazia]
[vazia]
G
Toque! Toque, Dijê!
Toque! Toque, Dijê!
[vazia]
[vazia]
Toque! Toque, Dijê!
Toque! Toque, Dijê!
Toque! Toque, Dijê!
OTd,zulleFAwY
OTd
Toque! Toque, Dijê!
Toque! Toque, Dijê!
qBmkmaYBlm
qBmkmaYBlm
qBmkmaYBlm
qBmkmaYBlm
qBmkmaYBlm
qBmkmaYBlm
qBmkmaYBlm,G
qBmkmaYBlm,G
qBmkmaYBlm
qBmkmaYBlm
qBmkmaYBlm
qBmkmaYBlm,qBmkmaYBlm
qBmkmaYBlm
qBmkmaYBlm
qBmkmaYBlm
qBmkmaYBlm
qBmkmaYBlm
qBmkmaYBlm,YBUy
qBmkmaYBlm
qBmkmaYBlm,YBUy
qBmkmaYBlm,YBUy
qBmkmaYBlm
qBmkmaYBlm
qBmkmaYBlm
qBmkmaYBlm,OTd
qBmkmaYBlm
qBmkmaYBlm,OTd
OTd,zulleFAwY
zulleFAwY
zulleFAwY
qBmkmaYBlm
qBmkmaYBlm
qBmkmaYBlm
qBmkmaYBlm
qBmkmaYBlm
qBmkmaYBlm
qBmkmaYBlm
qBmkmaYBlm
qBmkmaYBlm
qBmkmaYBlm
qBmkmaYBlm
qBmkmaYBlm
qBmkmaYBlm
qBmkmaYBlm
qBmkmaYBlm
qBmkmaYBlm
qBmkmaYBlm,zulleFAwY
zulleFAwY,ZII,nxRTSszh
zulleFAwY,ZII,nxRTSszh,nxRTSszh
ZII
zulleFAwY,ZII,nxRTSszh,nxRTSszh
ZII
zulleFAwY,ZII,nxRTSszh
ZII
zulleFAwY,ZII,nxRTSszh
ZII
zulleFAwY,ZII,nxRTSszh
ZII
ZII
zulleFAwY,ZII,nxRTSszh,ZII
ZII
zulleFAwY,ZII,G,qBmkmaYBlm,nxRTSszh,zulleFAwY
zulleFAwY,ZII,G,nxRTSszh,zulleFAwY
ZII
ZII
ZII
ZII
ZII
ZII
ZII
nxRTSszh
zulleFAwY,ZII,nxRTSszh
zulleFAwY
ZII,qBmkmaYBlm
ZII,qBmkmaYBlm,ZII
ZII,ZII,G
ZII
ZII,ZII,G
ZII,ZII,G
ZII,ZII,G
ZII,ZII,G
ZII
G
G
G
G
ZII,ZII,G
ZII
ZII,ZII,G,G
ZII
G
ZII,ZII,G,YBUy
ZII,G,G,ZII
ZII,G,G,ZII,YBUy
ZII,G,G,ZII,YBUy
G
G
ZII,G,G,ZII,YBUy
ZII,ZII,G,YBUy
ZII,ZII,YBUy
ZII
ZII
ZII
ZII
ZII,YBUy,ZII,nxRTSszh
ZII,YBUy,ZII,nxRTSszh
ZII,YBUy,ZII,nxRTSszh
ZII,YBUy,ZII,nxRTSszh
ZII
ZII
ZII,YBUy,ZII,nxRTSszh
ZII
ZII,YBUy,ZII,nxRTSszh,G
ZII,YBUy,ZII,nxRTSszh
ZII,YBUy,ZII,zulleFAwY
YBUy
YBUy,ZII
ZII
YBUy,ZII,OTd,ZII
YBUy,ZII,OTd,ZII
YBUy,ZII,OTd,ZII
ZII
YBUy,ZII,OTd,ZII
YBUy
YBUy,ZII,OTd,ZII
YBUy,ZII,OTd,ZII
ZII,OTd,ZII,YBUy,ZII
ZII
ZII
OTd,ZII,YBUy,ZII
ZII
ZII
ZII
ZII
ZII
YBUy,ZII,OTd,ZII
YBUy,ZII,OTd,ZII
YBUy,ZII,OTd,ZII
YBUy,ZII,OTd,ZII,zulleFAwY
ZII
YBUy,ZII,OTd,ZII,zulleFAwY
YBUy,ZII,OTd,ZII,zulleFAwY
ZII,OTd,ZII,YBUy,zulleFAwY
YBUy,ZII,OTd,ZII
ZII
YBUy,ZII,OTd,ZII
ZII
YBUy,ZII,OTd,ZII
ZII
ZII,ZII,OTd
Jedi Wagner, assuma o comando!