Toque! Toque, Dijê!
[vazia]
[vazia]
nnjgkfrFY
nnjgkfrFY
nnjgkfrFY
nnjgkfrFY,nnjgkfrFY
nnjgkfrFY
nnjgkfrFY,nnjgkfrFY
SYk
SYk
SYk
SYk
nnjgkfrFY
nnjgkfrFY
nnjgkfrFY,IyQXf,IyQXf
nnjgkfrFY,IyQXf,IyQXf,mlIu
nnjgkfrFY,IyQXf,IyQXf,mlIu,SYk
nnjgkfrFY,IyQXf,IyQXf,mlIu,SYk,IyQXf
nnjgkfrFY,IyQXf,IyQXf,mlIu,SYk,IyQXf
mlIu
IyQXf,IyQXf,SYk,IyQXf
mlIu,IyQXf,IyQXf,SYk,IyQXf
mlIu,IyQXf,IyQXf,SYk,IyQXf
mlIu,IyQXf,IyQXf,SYk,IyQXf
IyQXf
IyQXf
mlIu,IyQXf,IyQXf,SYk,IyQXf
mlIu,IyQXf,IyQXf,SYk,IyQXf
IyQXf
mlIu,IyQXf,IyQXf,SYk,IyQXf,SrL,SYk
mlIu,IyQXf,SYk,IyQXf,SrL,SYk
IyQXf
mlIu,IyQXf,IyQXf,SYk,IyQXf
mlIu,IyQXf,IyQXf,SYk,IyQXf
SYk
SYk
mlIu,IyQXf,IyQXf,SYk,IyQXf
mlIu
IyQXf
IyQXf
mlIu,IyQXf,IyQXf,IyQXf,SrL,SrL
IyQXf
mlIu,IyQXf,IyQXf,IyQXf,SrL,SrL
IyQXf
IyQXf
mlIu,IyQXf,IyQXf,IyQXf,SrL,SrL
mlIu,IyQXf,IyQXf,IyQXf,SrL,SrL
SYk
SYk
nnjgkfrFY
SrL
mlIu,IyQXf,IyQXf,IyQXf,SrL,SrL
mlIu,IyQXf,IyQXf,IyQXf,SrL,SrL
mlIu,IyQXf,IyQXf,IyQXf,SrL,SrL
SrL
SrL
SrL
mlIu,IyQXf,IyQXf,IyQXf,SrL,IyQXf
SrL
SrL
SrL
mlIu,IyQXf,IyQXf,IyQXf,SrL,SrL,mlIu
mlIu
mlIu,IyQXf,IyQXf,IyQXf,SrL,SrL,mlIu,nnjgkfrFY
IyQXf
mlIu,IyQXf,IyQXf,IyQXf,SrL,SrL,mlIu
IyQXf,SrL,IyQXf,mlIu,mlIu,SYk
IyQXf,SrL,IyQXf,mlIu,mlIu,SYk
IyQXf
IyQXf,SrL,IyQXf,mlIu,SYk,IyQXf
mlIu
mlIu
mlIu
mlIu
mlIu
mlIu
IyQXf,mlIu,IyQXf,IyQXf,IyQXf,SYk,IyQXf
mlIu,IyQXf,IyQXf,IyQXf,SYk,IyQXf
mlIu,IyQXf,IyQXf,IyQXf,SYk,IyQXf
IyQXf
IyQXf
IyQXf
mlIu,IyQXf,SrL,IyQXf,IyQXf,IyQXf
SrL
SrL
IyQXf,SrL,mlIu,IyQXf,IyQXf,IyQXf
SrL,IyQXf,IyQXf,IyQXf
SrL,IyQXf,IyQXf,IyQXf
IyQXf
IyQXf,IyQXf,IyQXf,mlIu,IyQXf,SYk,IyQXf
mlIu
IyQXf,IyQXf,IyQXf,mlIu,IyQXf,SYk,IyQXf
Jedi Wagner, assuma o comando!