Toque! Toque, Dijê!
Toque! Toque, Dijê!
[vazia]
[vazia]
[vazia]
Toque! Toque, Dijê!
[vazia]
[vazia]
bh
bh
bh
[vazia]
[vazia]
Toque! Toque, Dijê!
[vazia]
L,RWslfMvF,bh
[vazia]
[vazia]
Toque! Toque, Dijê!
[vazia]
Toque! Toque, Dijê!
Toque! Toque, Dijê!
RWslfMvF
RWslfMvF
RWslfMvF
RWslfMvF
RWslfMvF
RWslfMvF,L
RWslfMvF
RWslfMvF,L
RWslfMvF,L,L
RWslfMvF,L,L,L
L
L
RWslfMvF,L
L
RWslfMvF,L,bh,bh,RWslfMvF,RWslfMvF,L
RWslfMvF,L,bh,bh,RWslfMvF,RWslfMvF,L,RWslfMvF
RWslfMvF,L,bh,RWslfMvF,RWslfMvF,L,RWslfMvF,bh
RWslfMvF,bh,RWslfMvF,RWslfMvF,L,RWslfMvF,bh,bh
RWslfMvF,L,bh,RWslfMvF,RWslfMvF,L,RWslfMvF,bh,bh,bh
RWslfMvF
RWslfMvF
RWslfMvF
RWslfMvF
RWslfMvF,bh,RWslfMvF,RWslfMvF,L,L,RWslfMvF,bh,bh,bh,L
RWslfMvF,bh,RWslfMvF,RWslfMvF,L,L,RWslfMvF,bh,bh,bh,L
bh
bh
RWslfMvF,RWslfMvF,RWslfMvF,L,L,RWslfMvF,bh,bh,bh,bh,L,bh,bh
RWslfMvF,RWslfMvF,RWslfMvF,bh,L,RWslfMvF,bh,bh,bh,L,bh,bh,bh,L
RWslfMvF,RWslfMvF,RWslfMvF,bh,L,RWslfMvF,bh,bh,bh,L,bh,bh,bh,L
RWslfMvF,RWslfMvF,RWslfMvF,bh,L,RWslfMvF,bh,bh,bh,L,bh,bh,bh,L
bh
RWslfMvF
RWslfMvF
RWslfMvF,bh,RWslfMvF,L,RWslfMvF,bh,bh,bh,L,bh,bh,bh,L,RWslfMvF,RWslfMvF,RWslfMvF,RWslfMvF
RWslfMvF,bh,RWslfMvF,RWslfMvF,bh,bh,bh,L,bh,bh,bh,L,RWslfMvF,RWslfMvF,RWslfMvF,RWslfMvF
RWslfMvF,bh,RWslfMvF,RWslfMvF,bh,bh,bh,L,bh,bh,bh,L,RWslfMvF,RWslfMvF,RWslfMvF,RWslfMvF
RWslfMvF,bh,RWslfMvF,RWslfMvF,bh,bh,bh,L,bh,bh,bh,L,RWslfMvF,RWslfMvF,RWslfMvF,RWslfMvF
RWslfMvF,bh,RWslfMvF,RWslfMvF,bh,bh,bh,L,bh,bh,bh,L,RWslfMvF,RWslfMvF,RWslfMvF,RWslfMvF
RWslfMvF
RWslfMvF
bh,RWslfMvF,RWslfMvF,bh,bh,bh,L,bh,bh,bh,L,RWslfMvF,RWslfMvF,RWslfMvF,RWslfMvF
bh,RWslfMvF,RWslfMvF,bh,bh,bh,L,bh,bh,bh,L,RWslfMvF,RWslfMvF,RWslfMvF,RWslfMvF
RWslfMvF,bh,RWslfMvF,RWslfMvF,bh,bh,bh,L,bh,bh,bh,L,RWslfMvF,RWslfMvF,RWslfMvF,RWslfMvF
RWslfMvF,bh,RWslfMvF,RWslfMvF,bh,bh,bh,L,bh,bh,bh,L,RWslfMvF,RWslfMvF,RWslfMvF,RWslfMvF,RWslfMvF
RWslfMvF
RWslfMvF
RWslfMvF
RWslfMvF
RWslfMvF,bh,RWslfMvF,RWslfMvF,RWslfMvF,bh,bh,bh,L,bh,bh,bh,L,RWslfMvF,RWslfMvF,RWslfMvF,bh,RWslfMvF,L
RWslfMvF,bh,RWslfMvF,RWslfMvF,RWslfMvF,bh,bh,bh,L,bh,bh,bh,L,RWslfMvF,RWslfMvF,RWslfMvF,bh,RWslfMvF,L
RWslfMvF,RWslfMvF,bh,RWslfMvF,L,RWslfMvF,bh,bh,bh,L,bh,bh,bh,L,RWslfMvF,RWslfMvF,bh,bh
RWslfMvF
RWslfMvF,RWslfMvF,bh,RWslfMvF,L,RWslfMvF,bh,bh,bh,L,bh,bh,bh,L,RWslfMvF,RWslfMvF
L
RWslfMvF,RWslfMvF,bh,RWslfMvF,L,RWslfMvF,bh,bh,bh,L,bh,bh,bh,L,RWslfMvF,RWslfMvF
RWslfMvF,L,RWslfMvF,bh,bh,L,bh,bh,bh,L,RWslfMvF,RWslfMvF,RWslfMvF
RWslfMvF,L,RWslfMvF,bh,bh,L,bh,bh,bh,L,RWslfMvF,RWslfMvF,RWslfMvF
RWslfMvF,L,RWslfMvF,bh,bh,L,bh,bh,bh,L,RWslfMvF,RWslfMvF,RWslfMvF
bh
bh
RWslfMvF,L,RWslfMvF,bh,L,bh,bh,bh,L,RWslfMvF,RWslfMvF,RWslfMvF,L,bh,L
L
RWslfMvF,L,RWslfMvF,bh,L,bh,bh,bh,L,RWslfMvF,RWslfMvF,RWslfMvF,L,bh,L,RWslfMvF,bh
bh
RWslfMvF,L,RWslfMvF,L,bh,bh,bh,L,RWslfMvF,RWslfMvF,RWslfMvF,L,bh,L,RWslfMvF,bh,RWslfMvF,RWslfMvF,L
RWslfMvF,L,RWslfMvF,L,bh,bh,bh,L,RWslfMvF,RWslfMvF,RWslfMvF,L,bh,L,RWslfMvF,bh,RWslfMvF,RWslfMvF,L
L,RWslfMvF,L,bh,bh,bh,L,RWslfMvF,RWslfMvF,RWslfMvF,L,bh,L,RWslfMvF,bh,RWslfMvF,RWslfMvF,L
L,RWslfMvF,L,bh,bh,bh,L,RWslfMvF,RWslfMvF,RWslfMvF,L,bh,L,RWslfMvF,bh,RWslfMvF,RWslfMvF,L
RWslfMvF,L,RWslfMvF,L,bh,bh,bh,L,RWslfMvF,RWslfMvF,RWslfMvF,L,bh,L,RWslfMvF,bh,RWslfMvF,RWslfMvF,L,L
bh
bh
bh
bh
bh
RWslfMvF,L,RWslfMvF,L,bh,bh,bh,L,RWslfMvF,RWslfMvF,RWslfMvF,L,bh,L,RWslfMvF,bh,RWslfMvF,RWslfMvF,L
Jedi Wagner, assuma o comando!