kGaqaZGo
[vazia]
Toque! Toque, Dijê!
kGaqaZGo
Toque! Toque, Dijê!
[vazia]
[vazia]
[vazia]
[vazia]
Toque! Toque, Dijê!
Toque! Toque, Dijê!
Toque! Toque, Dijê!
kGaqaZGo
kGaqaZGo
kGaqaZGo,kGaqaZGo
[vazia]
kGaqaZGo
kGaqaZGo,kGaqaZGo,kGaqaZGo
kGaqaZGo,kGaqaZGo,kGaqaZGo,kGaqaZGo
kGaqaZGo,kGaqaZGo,kGaqaZGo,kGaqaZGo
kGaqaZGo,kGaqaZGo,kGaqaZGo
kGaqaZGo,kGaqaZGo
kGaqaZGo
kGaqaZGo,kGaqaZGo,kGaqaZGo,kGaqaZGo,kGaqaZGo
kGaqaZGo,kGaqaZGo,kGaqaZGo,kGaqaZGo,kGaqaZGo
kGaqaZGo,kGaqaZGo,kGaqaZGo,kGaqaZGo,kGaqaZGo
kGaqaZGo,kGaqaZGo,kGaqaZGo,kGaqaZGo
kGaqaZGo,kGaqaZGo,kGaqaZGo,kGaqaZGo
kGaqaZGo
kGaqaZGo,kGaqaZGo,kGaqaZGo,kGaqaZGo,kGaqaZGo,kGaqaZGo
kGaqaZGo
kGaqaZGo
kGaqaZGo
kGaqaZGo
kGaqaZGo,kGaqaZGo,kGaqaZGo,kGaqaZGo,kGaqaZGo,kGaqaZGo,kGaqaZGo,kGaqaZGo,kGaqaZGo
kGaqaZGo
kGaqaZGo
kGaqaZGo,kGaqaZGo,kGaqaZGo,kGaqaZGo,kGaqaZGo,kGaqaZGo,kGaqaZGo,kGaqaZGo
kGaqaZGo
kGaqaZGo
kGaqaZGo
kGaqaZGo
kGaqaZGo,kGaqaZGo,kGaqaZGo,kGaqaZGo,kGaqaZGo,kGaqaZGo,kGaqaZGo,kGaqaZGo,kGaqaZGo
kGaqaZGo
kGaqaZGo
kGaqaZGo
kGaqaZGo,kGaqaZGo,kGaqaZGo,kGaqaZGo,kGaqaZGo,kGaqaZGo,kGaqaZGo,kGaqaZGo
kGaqaZGo,kGaqaZGo,kGaqaZGo,kGaqaZGo,kGaqaZGo,kGaqaZGo,kGaqaZGo,kGaqaZGo
kGaqaZGo,kGaqaZGo,kGaqaZGo,kGaqaZGo,kGaqaZGo,kGaqaZGo,kGaqaZGo,kGaqaZGo
kGaqaZGo
kGaqaZGo,kGaqaZGo,kGaqaZGo,kGaqaZGo,kGaqaZGo,kGaqaZGo,kGaqaZGo,kGaqaZGo
kGaqaZGo
kGaqaZGo,kGaqaZGo,kGaqaZGo,kGaqaZGo,kGaqaZGo,kGaqaZGo,kGaqaZGo,kGaqaZGo
kGaqaZGo
kGaqaZGo
kGaqaZGo,kGaqaZGo,kGaqaZGo,kGaqaZGo,kGaqaZGo,kGaqaZGo
kGaqaZGo
kGaqaZGo
kGaqaZGo,kGaqaZGo,kGaqaZGo,kGaqaZGo,kGaqaZGo,kGaqaZGo,kGaqaZGo,kGaqaZGo,kGaqaZGo
kGaqaZGo
kGaqaZGo
kGaqaZGo
kGaqaZGo
kGaqaZGo
kGaqaZGo
kGaqaZGo
kGaqaZGo,kGaqaZGo,kGaqaZGo,kGaqaZGo,kGaqaZGo,kGaqaZGo,kGaqaZGo,kGaqaZGo,kGaqaZGo,kGaqaZGo,kGaqaZGo,kGaqaZGo
kGaqaZGo,kGaqaZGo,kGaqaZGo,kGaqaZGo,kGaqaZGo,kGaqaZGo,kGaqaZGo,kGaqaZGo,kGaqaZGo,kGaqaZGo,kGaqaZGo,kGaqaZGo
kGaqaZGo
kGaqaZGo,kGaqaZGo,kGaqaZGo,kGaqaZGo,kGaqaZGo,kGaqaZGo,kGaqaZGo,kGaqaZGo,kGaqaZGo,kGaqaZGo,kGaqaZGo,kGaqaZGo
kGaqaZGo
kGaqaZGo
kGaqaZGo,kGaqaZGo,kGaqaZGo,kGaqaZGo,kGaqaZGo,kGaqaZGo,kGaqaZGo,kGaqaZGo,kGaqaZGo,kGaqaZGo,kGaqaZGo,kGaqaZGo
kGaqaZGo,kGaqaZGo,kGaqaZGo,kGaqaZGo,kGaqaZGo,kGaqaZGo,kGaqaZGo,kGaqaZGo,kGaqaZGo,kGaqaZGo,kGaqaZGo,kGaqaZGo
kGaqaZGo
kGaqaZGo
kGaqaZGo
kGaqaZGo,kGaqaZGo,kGaqaZGo,kGaqaZGo,kGaqaZGo,kGaqaZGo,kGaqaZGo,kGaqaZGo,kGaqaZGo,kGaqaZGo,kGaqaZGo,kGaqaZGo,kGaqaZGo,kGaqaZGo
kGaqaZGo,kGaqaZGo,kGaqaZGo,kGaqaZGo,kGaqaZGo,kGaqaZGo,kGaqaZGo,kGaqaZGo,kGaqaZGo,kGaqaZGo,kGaqaZGo,kGaqaZGo,kGaqaZGo,kGaqaZGo,kGaqaZGo
kGaqaZGo,kGaqaZGo,kGaqaZGo,kGaqaZGo,kGaqaZGo,kGaqaZGo,kGaqaZGo,kGaqaZGo,kGaqaZGo,kGaqaZGo,kGaqaZGo,kGaqaZGo,kGaqaZGo,kGaqaZGo,kGaqaZGo,kGaqaZGo
kGaqaZGo,kGaqaZGo,kGaqaZGo,kGaqaZGo,kGaqaZGo,kGaqaZGo,kGaqaZGo,kGaqaZGo,kGaqaZGo,kGaqaZGo,kGaqaZGo,kGaqaZGo,kGaqaZGo,kGaqaZGo,kGaqaZGo,kGaqaZGo,kGaqaZGo
kGaqaZGo
kGaqaZGo,kGaqaZGo,kGaqaZGo,kGaqaZGo,kGaqaZGo,kGaqaZGo,kGaqaZGo,kGaqaZGo,kGaqaZGo,kGaqaZGo,kGaqaZGo,kGaqaZGo,kGaqaZGo,kGaqaZGo,kGaqaZGo,kGaqaZGo,kGaqaZGo
kGaqaZGo
kGaqaZGo
kGaqaZGo,kGaqaZGo,kGaqaZGo,kGaqaZGo,kGaqaZGo,kGaqaZGo,kGaqaZGo,kGaqaZGo,kGaqaZGo,kGaqaZGo,kGaqaZGo,kGaqaZGo,kGaqaZGo,kGaqaZGo,kGaqaZGo,kGaqaZGo
kGaqaZGo,kGaqaZGo,kGaqaZGo,kGaqaZGo,kGaqaZGo,kGaqaZGo,kGaqaZGo,kGaqaZGo,kGaqaZGo,kGaqaZGo,kGaqaZGo,kGaqaZGo,kGaqaZGo,kGaqaZGo,kGaqaZGo,kGaqaZGo
kGaqaZGo,kGaqaZGo,kGaqaZGo,kGaqaZGo,kGaqaZGo,kGaqaZGo,kGaqaZGo,kGaqaZGo,kGaqaZGo,kGaqaZGo,kGaqaZGo,kGaqaZGo,kGaqaZGo,kGaqaZGo,kGaqaZGo,kGaqaZGo
kGaqaZGo
kGaqaZGo
kGaqaZGo,kGaqaZGo,kGaqaZGo,kGaqaZGo,kGaqaZGo,kGaqaZGo,kGaqaZGo,kGaqaZGo,kGaqaZGo,kGaqaZGo,kGaqaZGo,kGaqaZGo,kGaqaZGo,kGaqaZGo,kGaqaZGo
kGaqaZGo,kGaqaZGo,kGaqaZGo,kGaqaZGo,kGaqaZGo,kGaqaZGo,kGaqaZGo,kGaqaZGo,kGaqaZGo,kGaqaZGo,kGaqaZGo,kGaqaZGo,kGaqaZGo,kGaqaZGo,kGaqaZGo
kGaqaZGo
kGaqaZGo,kGaqaZGo,kGaqaZGo,kGaqaZGo,kGaqaZGo,kGaqaZGo,kGaqaZGo,kGaqaZGo,kGaqaZGo,kGaqaZGo,kGaqaZGo,kGaqaZGo,kGaqaZGo,kGaqaZGo
kGaqaZGo,kGaqaZGo,kGaqaZGo,kGaqaZGo,kGaqaZGo,kGaqaZGo,kGaqaZGo,kGaqaZGo,kGaqaZGo,kGaqaZGo,kGaqaZGo,kGaqaZGo
kGaqaZGo
kGaqaZGo,kGaqaZGo,kGaqaZGo,kGaqaZGo,kGaqaZGo,kGaqaZGo,kGaqaZGo,kGaqaZGo,kGaqaZGo,kGaqaZGo,kGaqaZGo,kGaqaZGo,kGaqaZGo,kGaqaZGo,kGaqaZGo
kGaqaZGo
kGaqaZGo
kGaqaZGo
kGaqaZGo,kGaqaZGo,kGaqaZGo,kGaqaZGo,kGaqaZGo,kGaqaZGo,kGaqaZGo,kGaqaZGo,kGaqaZGo,kGaqaZGo,kGaqaZGo,kGaqaZGo,kGaqaZGo
kGaqaZGo
kGaqaZGo,kGaqaZGo,kGaqaZGo,kGaqaZGo,kGaqaZGo,kGaqaZGo,kGaqaZGo,kGaqaZGo,kGaqaZGo,kGaqaZGo,kGaqaZGo,kGaqaZGo,kGaqaZGo
kGaqaZGo,kGaqaZGo,kGaqaZGo,kGaqaZGo,kGaqaZGo,kGaqaZGo,kGaqaZGo,kGaqaZGo,kGaqaZGo,kGaqaZGo,kGaqaZGo,kGaqaZGo,kGaqaZGo
kGaqaZGo,kGaqaZGo,kGaqaZGo,kGaqaZGo,kGaqaZGo,kGaqaZGo,kGaqaZGo,kGaqaZGo,kGaqaZGo,kGaqaZGo,kGaqaZGo,kGaqaZGo,kGaqaZGo
kGaqaZGo,kGaqaZGo,kGaqaZGo,kGaqaZGo,kGaqaZGo,kGaqaZGo,kGaqaZGo,kGaqaZGo,kGaqaZGo,kGaqaZGo,kGaqaZGo,kGaqaZGo
kGaqaZGo,kGaqaZGo,kGaqaZGo,kGaqaZGo,kGaqaZGo,kGaqaZGo,kGaqaZGo,kGaqaZGo,kGaqaZGo,kGaqaZGo,kGaqaZGo,kGaqaZGo,kGaqaZGo
kGaqaZGo,kGaqaZGo,kGaqaZGo,kGaqaZGo,kGaqaZGo,kGaqaZGo,kGaqaZGo,kGaqaZGo,kGaqaZGo,kGaqaZGo,kGaqaZGo,kGaqaZGo,kGaqaZGo
kGaqaZGo
kGaqaZGo,kGaqaZGo,kGaqaZGo,kGaqaZGo,kGaqaZGo,kGaqaZGo,kGaqaZGo,kGaqaZGo,kGaqaZGo,kGaqaZGo,kGaqaZGo,kGaqaZGo,kGaqaZGo,kGaqaZGo
kGaqaZGo
kGaqaZGo
kGaqaZGo,kGaqaZGo,kGaqaZGo,kGaqaZGo,kGaqaZGo,kGaqaZGo,kGaqaZGo,kGaqaZGo,kGaqaZGo,kGaqaZGo,kGaqaZGo,kGaqaZGo
kGaqaZGo
kGaqaZGo,kGaqaZGo,kGaqaZGo,kGaqaZGo,kGaqaZGo,kGaqaZGo,kGaqaZGo,kGaqaZGo,kGaqaZGo,kGaqaZGo,kGaqaZGo,kGaqaZGo
kGaqaZGo
kGaqaZGo
kGaqaZGo,kGaqaZGo,kGaqaZGo,kGaqaZGo,kGaqaZGo,kGaqaZGo,kGaqaZGo,kGaqaZGo,kGaqaZGo,kGaqaZGo,kGaqaZGo
kGaqaZGo
kGaqaZGo,kGaqaZGo,kGaqaZGo,kGaqaZGo,kGaqaZGo,kGaqaZGo,kGaqaZGo,kGaqaZGo,kGaqaZGo,kGaqaZGo,kGaqaZGo
kGaqaZGo
kGaqaZGo,kGaqaZGo,kGaqaZGo,kGaqaZGo,kGaqaZGo,kGaqaZGo,kGaqaZGo,kGaqaZGo,kGaqaZGo,kGaqaZGo,kGaqaZGo
kGaqaZGo,kGaqaZGo,kGaqaZGo,kGaqaZGo,kGaqaZGo,kGaqaZGo,kGaqaZGo,kGaqaZGo,kGaqaZGo,kGaqaZGo,kGaqaZGo
kGaqaZGo,kGaqaZGo,kGaqaZGo,kGaqaZGo,kGaqaZGo,kGaqaZGo,kGaqaZGo,kGaqaZGo,kGaqaZGo,kGaqaZGo,kGaqaZGo
kGaqaZGo,kGaqaZGo,kGaqaZGo,kGaqaZGo,kGaqaZGo,kGaqaZGo,kGaqaZGo,kGaqaZGo,kGaqaZGo,kGaqaZGo,kGaqaZGo,kGaqaZGo
kGaqaZGo,kGaqaZGo,kGaqaZGo,kGaqaZGo,kGaqaZGo,kGaqaZGo,kGaqaZGo,kGaqaZGo,kGaqaZGo,kGaqaZGo
kGaqaZGo,kGaqaZGo,kGaqaZGo,kGaqaZGo,kGaqaZGo,kGaqaZGo,kGaqaZGo,kGaqaZGo,kGaqaZGo,kGaqaZGo
kGaqaZGo
kGaqaZGo,kGaqaZGo,kGaqaZGo,kGaqaZGo,kGaqaZGo,kGaqaZGo,kGaqaZGo,kGaqaZGo,kGaqaZGo
Jedi Wagner, assuma o comando!