Toque! Toque, Dijê!
Toque! Toque, Dijê!
[vazia]
Toque! Toque, Dijê!
[vazia]
jdRYykuYyG
Toque! Toque, Dijê!
fqZctkKGA
fqZctkKGA
fqZctkKGA
fqZctkKGA
fqZctkKGA,LXjkucuoe,iDd
fqZctkKGA,LXjkucuoe,iDd,iDd,sVqQVSSDZ
fqZctkKGA
fqZctkKGA,LXjkucuoe,iDd,iDd,sVqQVSSDZ,jdRYykuYyG
Toque! Toque, Dijê!
[vazia]
LXjkucuoe
LXjkucuoe
LXjkucuoe
LXjkucuoe
LXjkucuoe
LXjkucuoe,LXjkucuoe,LlPMDB
LXjkucuoe,LXjkucuoe,LlPMDB,LXjkucuoe
LXjkucuoe,LXjkucuoe,LlPMDB,LXjkucuoe
LXjkucuoe,LlPMDB,LXjkucuoe,LXjkucuoe
LXjkucuoe,LlPMDB,LXjkucuoe,LXjkucuoe
LXjkucuoe,LlPMDB,LXjkucuoe,LXjkucuoe
LXjkucuoe,LlPMDB,LXjkucuoe,LXjkucuoe
LXjkucuoe
LXjkucuoe
LXjkucuoe
LXjkucuoe,LlPMDB,LXjkucuoe,LXjkucuoe,sVqQVSSDZ
LXjkucuoe,LlPMDB,LXjkucuoe,LXjkucuoe,sVqQVSSDZ
LXjkucuoe
LXjkucuoe
LXjkucuoe,sVqQVSSDZ
LXjkucuoe,sVqQVSSDZ
LXjkucuoe
LXjkucuoe
LXjkucuoe
Toque! Toque, Dijê!
LXjkucuoe
LXjkucuoe
LXjkucuoe
LXjkucuoe
LXjkucuoe
LXjkucuoe
LXjkucuoe
LXjkucuoe
LXjkucuoe
LXjkucuoe
LXjkucuoe
LXjkucuoe,LlPMDB
LXjkucuoe,LlPMDB,LXjkucuoe
LXjkucuoe
LXjkucuoe,jdRYykuYyG
LXjkucuoe
LXjkucuoe,jdRYykuYyG
jdRYykuYyG
LXjkucuoe,jdRYykuYyG,jdRYykuYyG,sVqQVSSDZ
jdRYykuYyG
jdRYykuYyG,jdRYykuYyG,sVqQVSSDZ,WiMffuQo
jdRYykuYyG
jdRYykuYyG,jdRYykuYyG,sVqQVSSDZ,WiMffuQo
jdRYykuYyG,sVqQVSSDZ,WiMffuQo
sVqQVSSDZ
jdRYykuYyG,sVqQVSSDZ,WiMffuQo
jdRYykuYyG,sVqQVSSDZ,WiMffuQo
sVqQVSSDZ
jdRYykuYyG,sVqQVSSDZ,WiMffuQo
jdRYykuYyG,sVqQVSSDZ
sVqQVSSDZ
jdRYykuYyG,jdRYykuYyG,WiMffuQo,LlPMDB
jdRYykuYyG,jdRYykuYyG,sVqQVSSDZ,WiMffuQo
sVqQVSSDZ,LXjkucuoe
sVqQVSSDZ
sVqQVSSDZ,LXjkucuoe,iDd,jdRYykuYyG
sVqQVSSDZ
sVqQVSSDZ
sVqQVSSDZ,LXjkucuoe,iDd,jdRYykuYyG,WiMffuQo
sVqQVSSDZ
sVqQVSSDZ,WiMffuQo,LXjkucuoe,iDd,jdRYykuYyG,LXjkucuoe,LlPMDB
LXjkucuoe
WiMffuQo
WiMffuQo
WiMffuQo
sVqQVSSDZ
sVqQVSSDZ
WiMffuQo,iDd,LXjkucuoe,LlPMDB,sVqQVSSDZ,jdRYykuYyG,LXjkucuoe
iDd,LXjkucuoe,LlPMDB,WiMffuQo,sVqQVSSDZ,jdRYykuYyG,LXjkucuoe,WiMffuQo
iDd,LXjkucuoe,LlPMDB,WiMffuQo,sVqQVSSDZ,jdRYykuYyG,LXjkucuoe,WiMffuQo
LlPMDB
iDd,LXjkucuoe,LlPMDB,WiMffuQo,sVqQVSSDZ,jdRYykuYyG,LXjkucuoe,WiMffuQo
LlPMDB
WiMffuQo
iDd,LlPMDB,WiMffuQo,sVqQVSSDZ,jdRYykuYyG,LXjkucuoe,WiMffuQo
iDd,WiMffuQo,LlPMDB,sVqQVSSDZ,jdRYykuYyG,LXjkucuoe,WiMffuQo
sVqQVSSDZ
iDd,WiMffuQo,LlPMDB,sVqQVSSDZ,jdRYykuYyG,LXjkucuoe,WiMffuQo
iDd,WiMffuQo,sVqQVSSDZ,jdRYykuYyG,LXjkucuoe,WiMffuQo
sVqQVSSDZ
iDd,WiMffuQo,sVqQVSSDZ,jdRYykuYyG,LXjkucuoe,WiMffuQo
WiMffuQo
WiMffuQo
WiMffuQo
WiMffuQo
iDd,sVqQVSSDZ,jdRYykuYyG,LXjkucuoe,WiMffuQo,iDd
iDd,sVqQVSSDZ,jdRYykuYyG,LXjkucuoe,WiMffuQo,iDd
iDd,sVqQVSSDZ,jdRYykuYyG,LXjkucuoe,WiMffuQo,iDd
iDd,sVqQVSSDZ,jdRYykuYyG,LXjkucuoe,WiMffuQo,iDd
iDd,sVqQVSSDZ,jdRYykuYyG,LXjkucuoe,WiMffuQo,iDd
iDd,sVqQVSSDZ,jdRYykuYyG,LXjkucuoe,WiMffuQo,iDd
LXjkucuoe
iDd,sVqQVSSDZ,jdRYykuYyG,LXjkucuoe,WiMffuQo,iDd,rMiekDt,fqZctkKGA
LXjkucuoe
iDd,sVqQVSSDZ,jdRYykuYyG,LXjkucuoe,WiMffuQo,iDd,rMiekDt,fqZctkKGA
iDd,sVqQVSSDZ,jdRYykuYyG,LXjkucuoe,WiMffuQo,iDd,rMiekDt
iDd
sVqQVSSDZ,jdRYykuYyG,LXjkucuoe,iDd,WiMffuQo,iDd,rMiekDt
WiMffuQo
LXjkucuoe
sVqQVSSDZ,jdRYykuYyG,LXjkucuoe,WiMffuQo,iDd,fqZctkKGA
LXjkucuoe
LXjkucuoe
LXjkucuoe
LXjkucuoe,sVqQVSSDZ,fqZctkKGA,jdRYykuYyG,WiMffuQo,iDd,jdRYykuYyG,jdRYykuYyG,WiMffuQo,jdRYykuYyG
sVqQVSSDZ
LXjkucuoe,sVqQVSSDZ,fqZctkKGA,jdRYykuYyG,WiMffuQo,iDd,jdRYykuYyG,jdRYykuYyG,WiMffuQo,jdRYykuYyG
sVqQVSSDZ
LXjkucuoe,jdRYykuYyG,sVqQVSSDZ,WiMffuQo,iDd,jdRYykuYyG,jdRYykuYyG,WiMffuQo,jdRYykuYyG
sVqQVSSDZ
LXjkucuoe,iDd,sVqQVSSDZ,fqZctkKGA,jdRYykuYyG,WiMffuQo,jdRYykuYyG,jdRYykuYyG,WiMffuQo,jdRYykuYyG
fqZctkKGA
LXjkucuoe,iDd,fqZctkKGA,jdRYykuYyG,WiMffuQo,jdRYykuYyG,jdRYykuYyG,WiMffuQo,jdRYykuYyG,rMiekDt
jdRYykuYyG
WiMffuQo
jdRYykuYyG
jdRYykuYyG
jdRYykuYyG
LXjkucuoe,fqZctkKGA,jdRYykuYyG,WiMffuQo,jdRYykuYyG,jdRYykuYyG,WiMffuQo,jdRYykuYyG,rMiekDt
jdRYykuYyG
LXjkucuoe,fqZctkKGA,jdRYykuYyG,WiMffuQo,jdRYykuYyG,rMiekDt,jdRYykuYyG,WiMffuQo,jdRYykuYyG
rMiekDt
LXjkucuoe,jdRYykuYyG,WiMffuQo,jdRYykuYyG,rMiekDt,jdRYykuYyG,WiMffuQo,jdRYykuYyG
LXjkucuoe,WiMffuQo,jdRYykuYyG,rMiekDt,jdRYykuYyG,jdRYykuYyG,WiMffuQo,jdRYykuYyG
iDd
LXjkucuoe,rMiekDt,iDd,jdRYykuYyG,jdRYykuYyG,jdRYykuYyG,jdRYykuYyG
iDd
LXjkucuoe,rMiekDt,iDd,jdRYykuYyG,jdRYykuYyG,jdRYykuYyG,jdRYykuYyG
LXjkucuoe,rMiekDt,iDd,jdRYykuYyG,jdRYykuYyG,jdRYykuYyG,jdRYykuYyG
rMiekDt,iDd,jdRYykuYyG,jdRYykuYyG,jdRYykuYyG,jdRYykuYyG,LlPMDB,fqZctkKGA
jdRYykuYyG
jdRYykuYyG
LXjkucuoe,rMiekDt,iDd,jdRYykuYyG,jdRYykuYyG,jdRYykuYyG,jdRYykuYyG,LXjkucuoe
jdRYykuYyG
jdRYykuYyG
rMiekDt,jdRYykuYyG,jdRYykuYyG,jdRYykuYyG,jdRYykuYyG,LXjkucuoe,rMiekDt,fqZctkKGA,jdRYykuYyG
jdRYykuYyG
rMiekDt,jdRYykuYyG,jdRYykuYyG,jdRYykuYyG,jdRYykuYyG,LXjkucuoe,rMiekDt,fqZctkKGA,jdRYykuYyG
rMiekDt,jdRYykuYyG,jdRYykuYyG,jdRYykuYyG,jdRYykuYyG,LXjkucuoe,rMiekDt,fqZctkKGA,jdRYykuYyG
rMiekDt,jdRYykuYyG,jdRYykuYyG,jdRYykuYyG,jdRYykuYyG,LXjkucuoe,rMiekDt,jdRYykuYyG
rMiekDt
rMiekDt,jdRYykuYyG,jdRYykuYyG,jdRYykuYyG,jdRYykuYyG,LXjkucuoe,rMiekDt,jdRYykuYyG
jdRYykuYyG,jdRYykuYyG,jdRYykuYyG,jdRYykuYyG,LXjkucuoe,rMiekDt,jdRYykuYyG,rMiekDt
jdRYykuYyG,jdRYykuYyG,jdRYykuYyG,jdRYykuYyG,LXjkucuoe,rMiekDt,jdRYykuYyG,rMiekDt
rMiekDt
rMiekDt,jdRYykuYyG,jdRYykuYyG,LXjkucuoe,rMiekDt,jdRYykuYyG,jdRYykuYyG,jdRYykuYyG,LlPMDB,LlPMDB
jdRYykuYyG
jdRYykuYyG
LXjkucuoe
jdRYykuYyG
rMiekDt,jdRYykuYyG,jdRYykuYyG,LXjkucuoe,rMiekDt,jdRYykuYyG,jdRYykuYyG,jdRYykuYyG,LlPMDB,WiMffuQo,LXjkucuoe
rMiekDt,jdRYykuYyG,jdRYykuYyG,LXjkucuoe,rMiekDt,jdRYykuYyG,jdRYykuYyG,jdRYykuYyG,LXjkucuoe,WiMffuQo
rMiekDt,jdRYykuYyG,jdRYykuYyG,LXjkucuoe,rMiekDt,jdRYykuYyG,jdRYykuYyG,jdRYykuYyG,LXjkucuoe,WiMffuQo,WiMffuQo
rMiekDt,jdRYykuYyG,jdRYykuYyG,LXjkucuoe,rMiekDt,jdRYykuYyG,jdRYykuYyG,jdRYykuYyG,LXjkucuoe,WiMffuQo,WiMffuQo
rMiekDt,jdRYykuYyG,LXjkucuoe,rMiekDt,jdRYykuYyG,jdRYykuYyG,jdRYykuYyG,LXjkucuoe,WiMffuQo,LXjkucuoe
rMiekDt,jdRYykuYyG,LXjkucuoe,rMiekDt,jdRYykuYyG,jdRYykuYyG,jdRYykuYyG,LXjkucuoe,WiMffuQo,WiMffuQo,LXjkucuoe
rMiekDt
rMiekDt
jdRYykuYyG,rMiekDt,LXjkucuoe,rMiekDt,jdRYykuYyG,jdRYykuYyG,jdRYykuYyG,LXjkucuoe,WiMffuQo,WiMffuQo,LXjkucuoe,fqZctkKGA
jdRYykuYyG,jdRYykuYyG,LXjkucuoe,jdRYykuYyG,jdRYykuYyG,jdRYykuYyG,LXjkucuoe,WiMffuQo,WiMffuQo,iDd
jdRYykuYyG,jdRYykuYyG,LXjkucuoe,jdRYykuYyG,jdRYykuYyG,jdRYykuYyG,LXjkucuoe,WiMffuQo,WiMffuQo,iDd
jdRYykuYyG
rMiekDt
rMiekDt,jdRYykuYyG,jdRYykuYyG,LXjkucuoe,rMiekDt,jdRYykuYyG,jdRYykuYyG,jdRYykuYyG,LXjkucuoe,WiMffuQo
rMiekDt,jdRYykuYyG,jdRYykuYyG,LXjkucuoe,rMiekDt,jdRYykuYyG,jdRYykuYyG,jdRYykuYyG,LXjkucuoe,WiMffuQo
LXjkucuoe
rMiekDt
rMiekDt
LXjkucuoe,rMiekDt,jdRYykuYyG,jdRYykuYyG,rMiekDt,jdRYykuYyG,jdRYykuYyG,jdRYykuYyG,LXjkucuoe,jdRYykuYyG
LXjkucuoe,rMiekDt,jdRYykuYyG,jdRYykuYyG,rMiekDt,jdRYykuYyG,jdRYykuYyG,jdRYykuYyG,LXjkucuoe,jdRYykuYyG
LXjkucuoe,rMiekDt,jdRYykuYyG,jdRYykuYyG,rMiekDt,jdRYykuYyG,jdRYykuYyG,jdRYykuYyG,LXjkucuoe,jdRYykuYyG
LXjkucuoe,rMiekDt,jdRYykuYyG,jdRYykuYyG,rMiekDt,jdRYykuYyG,jdRYykuYyG,jdRYykuYyG,LXjkucuoe,jdRYykuYyG,iDd
jdRYykuYyG
LXjkucuoe,jdRYykuYyG,rMiekDt,jdRYykuYyG,rMiekDt,jdRYykuYyG,jdRYykuYyG,jdRYykuYyG,LXjkucuoe,jdRYykuYyG
rMiekDt
LXjkucuoe,rMiekDt,jdRYykuYyG,jdRYykuYyG,rMiekDt,jdRYykuYyG,jdRYykuYyG,jdRYykuYyG,LXjkucuoe,jdRYykuYyG,rMiekDt
LXjkucuoe,rMiekDt,jdRYykuYyG,jdRYykuYyG,rMiekDt,jdRYykuYyG,jdRYykuYyG,jdRYykuYyG,LXjkucuoe,jdRYykuYyG,rMiekDt,jdRYykuYyG
LXjkucuoe,rMiekDt,jdRYykuYyG,jdRYykuYyG,rMiekDt,jdRYykuYyG,jdRYykuYyG,jdRYykuYyG,LXjkucuoe,jdRYykuYyG,rMiekDt,jdRYykuYyG,fqZctkKGA
jdRYykuYyG
rMiekDt,jdRYykuYyG,jdRYykuYyG,rMiekDt,jdRYykuYyG,jdRYykuYyG,jdRYykuYyG,LXjkucuoe,jdRYykuYyG,rMiekDt,jdRYykuYyG,fqZctkKGA,iDd
iDd
LXjkucuoe,jdRYykuYyG,rMiekDt,rMiekDt,jdRYykuYyG,jdRYykuYyG,jdRYykuYyG,LXjkucuoe,jdRYykuYyG,rMiekDt,jdRYykuYyG,fqZctkKGA
rMiekDt
Jedi Wagner, assuma o comando!