Toque! Toque, Dijê!
Toque! Toque, Dijê!
Toque! Toque, Dijê!
Toque! Toque, Dijê!
Toque! Toque, Dijê!
Toque! Toque, Dijê!
[vazia]
[vazia]
[vazia]
[vazia]
Z
Z
Z
Z
[vazia]
Toque! Toque, Dijê!
[vazia]
AfNqpYVn
AfNqpYVn
AfNqpYVn
AfNqpYVn
AfNqpYVn,OmhdgiMiqV
AfNqpYVn
AfNqpYVn,OmhdgiMiqV
OmhdgiMiqV
wI,kJpwTSyO
wI
wI,kJpwTSyO,kJpwTSyO,KZAp
wI
wI,kJpwTSyO,kJpwTSyO,KZAp,AfNqpYVn
kJpwTSyO
kJpwTSyO,wI,kJpwTSyO,KZAp
kJpwTSyO
kJpwTSyO
kJpwTSyO,wI,kJpwTSyO,KZAp,wI
[vazia]
Toque! Toque, Dijê!
[vazia]
Toque! Toque, Dijê!
[vazia]
Toque! Toque, Dijê!
[vazia]
Toque! Toque, Dijê!
Toque! Toque, Dijê!
Toque! Toque, Dijê!
Toque! Toque, Dijê!
KZAp
KZAp
KZAp
KZAp,KZAp,AfNqpYVn
KZAp
Toque! Toque, Dijê!
Toque! Toque, Dijê!
Z
Z
Z,KZAp
Z,KZAp
Z,KZAp
Z,KZAp
[vazia]
[vazia]
[vazia]
[vazia]
Toque! Toque, Dijê!
Toque! Toque, Dijê!
Toque! Toque, Dijê!
Toque! Toque, Dijê!
[vazia]
KZAp
KZAp
Toque! Toque, Dijê!
[vazia]
Toque! Toque, Dijê!
[vazia]
Toque! Toque, Dijê!
Toque! Toque, Dijê!
[vazia]
Toque! Toque, Dijê!
Toque! Toque, Dijê!
Toque! Toque, Dijê!
Toque! Toque, Dijê!
kJpwTSyO
Toque! Toque, Dijê!
Toque! Toque, Dijê!
Toque! Toque, Dijê!
[vazia]
NEdwgth,AfNqpYVn
NEdwgth,AfNqpYVn
NEdwgth
NEdwgth
NEdwgth
OmhdgiMiqV,AfNqpYVn
[vazia]
AfNqpYVn
pPN
pPN
pPN
AfNqpYVn,pPN
pPN
AfNqpYVn
AfNqpYVn,pPN,pPN,Z
AfNqpYVn
AfNqpYVn
AfNqpYVn,pPN
AfNqpYVn
AfNqpYVn,pPN
AfNqpYVn,pPN
AfNqpYVn
AfNqpYVn,pPN
AfNqpYVn,pPN
AfNqpYVn
AfNqpYVn,pPN
AfNqpYVn
Jedi Wagner, assuma o comando!