[vazia]
SQShner
nbUl
nbUl
Toque! Toque, Dijê!
nbUl
nbUl
[vazia]
nbUl
[vazia]
Toque! Toque, Dijê!
[vazia]
Toque! Toque, Dijê!
[vazia]
SQShner
[vazia]
SQShner
SQShner
SQShner
SQShner
[vazia]
Toque! Toque, Dijê!
Toque! Toque, Dijê!
[vazia]
Toque! Toque, Dijê!
[vazia]
SQShner
SQShner
[vazia]
Toque! Toque, Dijê!
SQShner
SQShner
SQShner
SQShner,SQShner,nbUl,SQShner,nbUl,SQShner,SQShner,SQShner
SQShner,SQShner,nbUl,SQShner,nbUl,SQShner,SQShner,SQShner
SQShner
nbUl,SQShner,SQShner,SQShner,nbUl,SQShner,SQShner
nbUl
nbUl
nbUl
nbUl
Toque! Toque, Dijê!
[vazia]
SQShner
[vazia]
Toque! Toque, Dijê!
SQShner
SQShner
SQShner
SQShner
SQShner
nbUl
Toque! Toque, Dijê!
[vazia]
[vazia]
[vazia]
nbUl
Toque! Toque, Dijê!
Toque! Toque, Dijê!
Toque! Toque, Dijê!
Toque! Toque, Dijê!
nbUl
nbUl,nbUl
nbUl
nbUl,nbUl,nbUl
nbUl
nbUl
nbUl
nbUl
nbUl
nbUl,nbUl,nbUl
nbUl
nbUl,nbUl,nbUl,nbUl,SQShner,nbUl
nbUl
nbUl
nbUl
nbUl,nbUl,nbUl,nbUl,nbUl,nbUl
nbUl
SQShner
nbUl,nbUl,nbUl,nbUl,nbUl,nbUl,SQShner
nbUl
SQShner,nbUl,nbUl,nbUl,nbUl,nbUl,nbUl,SQShner,SQShner,SQShner
nbUl
SQShner,nbUl,nbUl,nbUl,nbUl,nbUl,nbUl,SQShner,SQShner,SQShner
nbUl,nbUl,nbUl,nbUl,nbUl,nbUl,SQShner,SQShner,SQShner
nbUl
SQShner,nbUl,nbUl,nbUl,nbUl,nbUl,nbUl,SQShner,SQShner,SQShner
SQShner,nbUl,nbUl,nbUl,nbUl,nbUl,nbUl,SQShner,SQShner,SQShner
nbUl,nbUl,nbUl,nbUl,nbUl,SQShner,SQShner,SQShner
nbUl
nbUl,nbUl,nbUl,nbUl,nbUl,SQShner,SQShner,SQShner,nbUl
nbUl
nbUl,nbUl,SQShner,nbUl,nbUl,nbUl,SQShner
nbUl
nbUl,nbUl,SQShner,nbUl,nbUl,nbUl,SQShner,nbUl,nbUl,nbUl
nbUl,nbUl,SQShner,nbUl,nbUl,nbUl,SQShner,nbUl,nbUl,nbUl,SQShner
nbUl
nbUl
nbUl,nbUl,nbUl,nbUl,nbUl,nbUl,nbUl,SQShner,SQShner,nbUl,SQShner,SQShner,SQShner,nbUl
nbUl
SQShner
SQShner
nbUl
nbUl,nbUl,SQShner,nbUl,nbUl,nbUl,nbUl,nbUl,SQShner,SQShner,SQShner,nbUl,nbUl,nbUl
nbUl,nbUl,SQShner,nbUl,nbUl,nbUl,nbUl,nbUl,SQShner,SQShner,nbUl,nbUl
nbUl
nbUl
nbUl,nbUl,nbUl,nbUl,SQShner,nbUl,nbUl,nbUl,SQShner,SQShner,nbUl,SQShner,SQShner,SQShner,nbUl,SQShner,SQShner,SQShner
nbUl,nbUl,nbUl,nbUl,nbUl,nbUl,nbUl,SQShner,SQShner,nbUl,SQShner,SQShner,SQShner,nbUl,SQShner,SQShner,SQShner,SQShner,nbUl
nbUl,nbUl,nbUl,SQShner,nbUl,nbUl,nbUl,SQShner,SQShner,nbUl,SQShner,SQShner,SQShner,nbUl,SQShner,SQShner,SQShner
nbUl,nbUl,nbUl,SQShner,nbUl,nbUl,nbUl,SQShner,SQShner,nbUl,SQShner,SQShner,SQShner,nbUl,SQShner,SQShner,SQShner
nbUl,nbUl,nbUl,nbUl,nbUl,nbUl,SQShner,SQShner,nbUl,SQShner,SQShner,SQShner,nbUl,SQShner,SQShner,SQShner
nbUl
nbUl,nbUl,nbUl,nbUl,SQShner,nbUl,nbUl,SQShner,nbUl,SQShner,SQShner,SQShner,nbUl,SQShner,SQShner,SQShner
SQShner
SQShner
nbUl,nbUl,nbUl,nbUl,SQShner,nbUl,nbUl,SQShner,nbUl,SQShner,SQShner,SQShner,nbUl,SQShner,SQShner,SQShner
SQShner
nbUl
nbUl
nbUl,nbUl,nbUl,nbUl,nbUl,nbUl,SQShner,SQShner,SQShner,nbUl,SQShner,SQShner,SQShner
nbUl
nbUl,nbUl,SQShner,nbUl,nbUl,nbUl,SQShner,nbUl,SQShner,SQShner,SQShner,SQShner
nbUl,nbUl,SQShner,nbUl,nbUl,nbUl,SQShner,nbUl,SQShner,SQShner,SQShner,SQShner
SQShner,nbUl,nbUl,nbUl,nbUl,SQShner,nbUl,SQShner,SQShner,SQShner,SQShner
SQShner
nbUl,nbUl,nbUl,nbUl,nbUl,SQShner,nbUl,SQShner,SQShner,SQShner,SQShner
nbUl,nbUl,nbUl,nbUl,nbUl,SQShner,nbUl,SQShner,SQShner,SQShner,SQShner
SQShner
SQShner
SQShner
SQShner
SQShner
nbUl,SQShner,nbUl,nbUl,nbUl,SQShner,nbUl,SQShner,SQShner,SQShner,SQShner
nbUl
nbUl,nbUl,nbUl,SQShner,nbUl,SQShner,SQShner,SQShner,SQShner,SQShner
nbUl,nbUl,nbUl,SQShner,nbUl,SQShner,SQShner,SQShner,SQShner,SQShner,nbUl,SQShner
nbUl
nbUl,SQShner,nbUl,SQShner,SQShner,SQShner,SQShner,SQShner,nbUl,SQShner,SQShner
nbUl,nbUl,SQShner,SQShner,SQShner,SQShner,SQShner,nbUl,SQShner,SQShner
nbUl,SQShner,SQShner,SQShner,SQShner,SQShner,nbUl,SQShner,SQShner
nbUl,SQShner,SQShner,SQShner,SQShner,SQShner,nbUl,SQShner,SQShner,SQShner
nbUl
SQShner,SQShner,SQShner,SQShner,SQShner,nbUl,SQShner,SQShner,SQShner
SQShner
SQShner,SQShner,SQShner,SQShner,nbUl,SQShner,SQShner,SQShner
SQShner
SQShner
SQShner,SQShner,SQShner,SQShner,nbUl,SQShner,SQShner,SQShner
SQShner
SQShner,SQShner,SQShner,SQShner,SQShner,SQShner,SQShner
SQShner
SQShner,SQShner,SQShner,SQShner,nbUl,SQShner,SQShner,SQShner
Jedi Wagner, assuma o comando!