[vazia]
[vazia]
[vazia]
Toque! Toque, Dijê!
kK
kK
kK
kK
kK
Toque! Toque, Dijê!
kK
kK
kK
kK
kK
kK
kK
kK
NUDpqCeJT
NUDpqCeJT
NUDpqCeJT
NUDpqCeJT
NUDpqCeJT,NUDpqCeJT
NUDpqCeJT,NUDpqCeJT
NUDpqCeJT
NUDpqCeJT
NUDpqCeJT
NUDpqCeJT
NUDpqCeJT
NUDpqCeJT
NUDpqCeJT
NUDpqCeJT
NUDpqCeJT
NUDpqCeJT,NUDpqCeJT,NUDpqCeJT,NUDpqCeJT,NUDpqCeJT
NUDpqCeJT,NUDpqCeJT,NUDpqCeJT,NUDpqCeJT
NUDpqCeJT
NUDpqCeJT
NUDpqCeJT
NUDpqCeJT,NUDpqCeJT,NUDpqCeJT,NUDpqCeJT
NUDpqCeJT
NUDpqCeJT,NUDpqCeJT,NUDpqCeJT,NUDpqCeJT
NUDpqCeJT,NUDpqCeJT,NUDpqCeJT,NUDpqCeJT
NUDpqCeJT,NUDpqCeJT,NUDpqCeJT,NUDpqCeJT
NUDpqCeJT,NUDpqCeJT,NUDpqCeJT,NUDpqCeJT
NUDpqCeJT,NUDpqCeJT,NUDpqCeJT
NUDpqCeJT
NUDpqCeJT
NUDpqCeJT
NUDpqCeJT
kK
kK
kK
kK,NUDpqCeJT,NUDpqCeJT,NUDpqCeJT,kK,kK,NUDpqCeJT
NUDpqCeJT
kK,NUDpqCeJT,NUDpqCeJT,NUDpqCeJT,kK,kK,NUDpqCeJT
kK
NUDpqCeJT,NUDpqCeJT,NUDpqCeJT,kK,kK,kK,NUDpqCeJT
NUDpqCeJT,NUDpqCeJT,NUDpqCeJT,kK,kK,kK,NUDpqCeJT
kK
kK
kK
NUDpqCeJT
kK,NUDpqCeJT,kK,kK,NUDpqCeJT,NUDpqCeJT,NUDpqCeJT,NUDpqCeJT
NUDpqCeJT,kK,kK,NUDpqCeJT,NUDpqCeJT,NUDpqCeJT,NUDpqCeJT,kK,kK
kK
NUDpqCeJT,kK,NUDpqCeJT,NUDpqCeJT,NUDpqCeJT,NUDpqCeJT,kK,kK,kK,NUDpqCeJT,kK
NUDpqCeJT,kK,NUDpqCeJT,NUDpqCeJT,NUDpqCeJT,NUDpqCeJT,kK,kK,kK,NUDpqCeJT,kK
NUDpqCeJT
NUDpqCeJT
kK
NUDpqCeJT,kK,NUDpqCeJT,NUDpqCeJT,NUDpqCeJT,NUDpqCeJT,kK,kK,kK,NUDpqCeJT,kK,kK
NUDpqCeJT
NUDpqCeJT
NUDpqCeJT
NUDpqCeJT
NUDpqCeJT,NUDpqCeJT,kK,kK,kK,NUDpqCeJT,NUDpqCeJT,NUDpqCeJT,kK,kK,NUDpqCeJT,NUDpqCeJT
NUDpqCeJT,kK,kK,kK,NUDpqCeJT,NUDpqCeJT,NUDpqCeJT,kK,kK,NUDpqCeJT,NUDpqCeJT
NUDpqCeJT
NUDpqCeJT
NUDpqCeJT,kK,NUDpqCeJT,NUDpqCeJT,NUDpqCeJT,NUDpqCeJT,kK,kK,kK,NUDpqCeJT,kK,kK,kK
kK
NUDpqCeJT
NUDpqCeJT
NUDpqCeJT
NUDpqCeJT
NUDpqCeJT,kK,kK,NUDpqCeJT,kK,kK,NUDpqCeJT,NUDpqCeJT,NUDpqCeJT,kK,NUDpqCeJT
kK
kK
NUDpqCeJT,NUDpqCeJT,NUDpqCeJT,NUDpqCeJT,NUDpqCeJT,kK,kK,kK,NUDpqCeJT,kK,kK,kK
kK
NUDpqCeJT,NUDpqCeJT,NUDpqCeJT,NUDpqCeJT,kK,kK,NUDpqCeJT,kK,kK,NUDpqCeJT,kK,kK,NUDpqCeJT,kK
NUDpqCeJT,NUDpqCeJT,NUDpqCeJT,NUDpqCeJT,kK,kK,NUDpqCeJT,kK,kK,NUDpqCeJT,kK,kK,NUDpqCeJT,kK
NUDpqCeJT,NUDpqCeJT,NUDpqCeJT,NUDpqCeJT,kK,kK,NUDpqCeJT,kK,kK,NUDpqCeJT,kK,kK,NUDpqCeJT,kK,NUDpqCeJT
NUDpqCeJT,NUDpqCeJT,kK,NUDpqCeJT,kK,NUDpqCeJT,kK,kK,kK,NUDpqCeJT,kK,NUDpqCeJT,kK,kK,NUDpqCeJT
kK
NUDpqCeJT,NUDpqCeJT,kK,NUDpqCeJT,kK,NUDpqCeJT,kK,kK,NUDpqCeJT,kK,NUDpqCeJT,kK,kK,NUDpqCeJT,NUDpqCeJT,NUDpqCeJT
NUDpqCeJT,NUDpqCeJT,kK,NUDpqCeJT,kK,NUDpqCeJT,kK,kK,NUDpqCeJT,kK,NUDpqCeJT,kK,kK,NUDpqCeJT,NUDpqCeJT,NUDpqCeJT,kK,NUDpqCeJT
NUDpqCeJT,kK,NUDpqCeJT,kK,NUDpqCeJT,kK,kK,NUDpqCeJT,kK,NUDpqCeJT,kK,kK,NUDpqCeJT,NUDpqCeJT,NUDpqCeJT,kK,NUDpqCeJT,kK
NUDpqCeJT,kK,NUDpqCeJT,kK,NUDpqCeJT,kK,kK,NUDpqCeJT,kK,NUDpqCeJT,kK,kK,NUDpqCeJT,NUDpqCeJT,NUDpqCeJT,kK,NUDpqCeJT,kK
NUDpqCeJT
kK,kK,kK,kK,kK,kK,NUDpqCeJT,NUDpqCeJT,NUDpqCeJT,kK,NUDpqCeJT,kK,NUDpqCeJT,NUDpqCeJT
kK,kK,kK,kK,NUDpqCeJT,kK,kK,NUDpqCeJT,NUDpqCeJT,NUDpqCeJT,kK,NUDpqCeJT,kK
kK
kK,kK,kK,kK,NUDpqCeJT,kK,kK,NUDpqCeJT,NUDpqCeJT,NUDpqCeJT,kK,NUDpqCeJT,kK,kK
kK,kK,kK,kK,NUDpqCeJT,kK,kK,NUDpqCeJT,NUDpqCeJT,NUDpqCeJT,kK,NUDpqCeJT,kK,kK
kK,kK,kK,kK,NUDpqCeJT,kK,kK,NUDpqCeJT,NUDpqCeJT,NUDpqCeJT,kK,NUDpqCeJT,kK,kK
kK
kK,kK,kK,kK,NUDpqCeJT,kK,kK,NUDpqCeJT,NUDpqCeJT,NUDpqCeJT,kK,NUDpqCeJT,kK,kK,kK
kK,kK,kK,kK,NUDpqCeJT,kK,kK,NUDpqCeJT,NUDpqCeJT,NUDpqCeJT,kK,NUDpqCeJT,kK,kK
NUDpqCeJT
kK,kK,kK,NUDpqCeJT,kK,kK,NUDpqCeJT,NUDpqCeJT,kK,NUDpqCeJT,kK,kK,kK
NUDpqCeJT
NUDpqCeJT
kK,kK,kK,kK,NUDpqCeJT,kK,kK,NUDpqCeJT,NUDpqCeJT,NUDpqCeJT,kK,NUDpqCeJT,kK,kK,NUDpqCeJT
kK,kK,NUDpqCeJT,kK,kK,kK,kK,NUDpqCeJT,NUDpqCeJT,NUDpqCeJT,kK,NUDpqCeJT,kK,kK,NUDpqCeJT
kK,kK,NUDpqCeJT,kK,kK,kK,kK,NUDpqCeJT,NUDpqCeJT,NUDpqCeJT,kK,NUDpqCeJT,kK,kK,NUDpqCeJT
kK,kK,NUDpqCeJT,kK,kK,kK,kK,NUDpqCeJT,NUDpqCeJT,NUDpqCeJT,kK,NUDpqCeJT,kK,kK,NUDpqCeJT
kK,kK,kK,kK,NUDpqCeJT,kK,kK,NUDpqCeJT,NUDpqCeJT,NUDpqCeJT,kK,NUDpqCeJT,kK,kK,kK
kK
kK,kK,kK,NUDpqCeJT,kK,kK,kK,NUDpqCeJT,NUDpqCeJT,NUDpqCeJT,kK,NUDpqCeJT,kK,kK,kK
kK,kK,kK,kK,kK,NUDpqCeJT,kK,NUDpqCeJT,NUDpqCeJT,NUDpqCeJT,kK,NUDpqCeJT,kK,kK,kK
NUDpqCeJT
kK,kK,kK,kK,NUDpqCeJT,kK,NUDpqCeJT,NUDpqCeJT,NUDpqCeJT,kK,NUDpqCeJT,kK,kK,kK,NUDpqCeJT,kK
NUDpqCeJT
NUDpqCeJT
NUDpqCeJT
NUDpqCeJT
NUDpqCeJT
kK,kK,kK,kK,NUDpqCeJT,kK,NUDpqCeJT,NUDpqCeJT,NUDpqCeJT,kK,NUDpqCeJT,kK,kK,kK,NUDpqCeJT,kK
NUDpqCeJT
NUDpqCeJT
NUDpqCeJT
kK,kK,kK,NUDpqCeJT,kK,NUDpqCeJT,NUDpqCeJT,NUDpqCeJT,kK,NUDpqCeJT,kK,kK,kK,NUDpqCeJT,kK,kK
NUDpqCeJT
kK,kK,kK,kK,kK,NUDpqCeJT,NUDpqCeJT,NUDpqCeJT,kK,NUDpqCeJT,kK,kK,kK,NUDpqCeJT,kK
kK,kK,kK,kK,kK,NUDpqCeJT,NUDpqCeJT,NUDpqCeJT,kK,NUDpqCeJT,kK,kK,kK,NUDpqCeJT,kK
kK,kK,kK,kK,kK,NUDpqCeJT,NUDpqCeJT,NUDpqCeJT,kK,NUDpqCeJT,kK,kK,kK,NUDpqCeJT,kK
kK
kK,kK,kK,NUDpqCeJT,kK,kK,NUDpqCeJT,NUDpqCeJT,kK,NUDpqCeJT,kK,kK,kK,NUDpqCeJT,kK
kK
NUDpqCeJT
NUDpqCeJT
NUDpqCeJT
kK
kK
NUDpqCeJT
kK,kK,kK,NUDpqCeJT,NUDpqCeJT,kK,NUDpqCeJT,kK,kK,kK,NUDpqCeJT,kK,NUDpqCeJT,kK,kK,NUDpqCeJT
kK,kK,NUDpqCeJT,NUDpqCeJT,kK,NUDpqCeJT,kK,kK,kK,NUDpqCeJT,kK,NUDpqCeJT,kK,NUDpqCeJT,kK
NUDpqCeJT
kK,kK,NUDpqCeJT,kK,NUDpqCeJT,NUDpqCeJT,kK,NUDpqCeJT,kK,kK,kK,NUDpqCeJT,kK,NUDpqCeJT,kK
NUDpqCeJT
kK
kK,NUDpqCeJT,kK,NUDpqCeJT,kK,NUDpqCeJT,kK,NUDpqCeJT,kK,kK,kK,NUDpqCeJT,kK,NUDpqCeJT,kK
kK
NUDpqCeJT,kK,NUDpqCeJT,kK,NUDpqCeJT,kK,NUDpqCeJT,kK,kK,kK,NUDpqCeJT,kK,NUDpqCeJT,kK
kK
NUDpqCeJT,NUDpqCeJT,kK,kK,NUDpqCeJT,kK,NUDpqCeJT,kK,kK,kK,NUDpqCeJT,kK,NUDpqCeJT,kK
NUDpqCeJT,NUDpqCeJT,kK,kK,NUDpqCeJT,kK,NUDpqCeJT,kK,kK,kK,NUDpqCeJT,kK,NUDpqCeJT,kK
kK
NUDpqCeJT,NUDpqCeJT,kK,kK,NUDpqCeJT,kK,NUDpqCeJT,kK,kK,kK,NUDpqCeJT,kK,NUDpqCeJT,kK
NUDpqCeJT,NUDpqCeJT,kK,kK,NUDpqCeJT,kK,NUDpqCeJT,kK,kK,kK,NUDpqCeJT,kK,NUDpqCeJT,kK
kK
NUDpqCeJT,NUDpqCeJT,kK,kK,NUDpqCeJT,kK,NUDpqCeJT,kK,kK,kK,NUDpqCeJT,kK,NUDpqCeJT,kK,kK,kK
kK
NUDpqCeJT,NUDpqCeJT,kK,kK,NUDpqCeJT,kK,NUDpqCeJT,kK,kK,kK,NUDpqCeJT,kK,NUDpqCeJT,kK,kK,kK
kK
NUDpqCeJT,NUDpqCeJT,kK,kK,NUDpqCeJT,kK,NUDpqCeJT,kK,kK,kK,NUDpqCeJT,kK,NUDpqCeJT,kK,kK,kK
kK
NUDpqCeJT,NUDpqCeJT,NUDpqCeJT,kK,NUDpqCeJT,kK,kK,kK,NUDpqCeJT,kK,NUDpqCeJT,kK,kK,kK,NUDpqCeJT,NUDpqCeJT
NUDpqCeJT,NUDpqCeJT,NUDpqCeJT,kK,NUDpqCeJT,kK,kK,kK,NUDpqCeJT,kK,NUDpqCeJT,kK,kK,kK,NUDpqCeJT,NUDpqCeJT
NUDpqCeJT
NUDpqCeJT,NUDpqCeJT,NUDpqCeJT,kK,kK,NUDpqCeJT,kK,NUDpqCeJT,kK,kK,kK,NUDpqCeJT,NUDpqCeJT,NUDpqCeJT,kK
kK,kK,NUDpqCeJT,kK,NUDpqCeJT,kK,NUDpqCeJT,kK,kK,kK,NUDpqCeJT,kK,NUDpqCeJT,kK
kK,kK,NUDpqCeJT,kK,NUDpqCeJT,kK,NUDpqCeJT,kK,kK,kK,NUDpqCeJT,kK,NUDpqCeJT,kK,NUDpqCeJT
NUDpqCeJT
kK,kK,NUDpqCeJT,kK,NUDpqCeJT,kK,NUDpqCeJT,kK,kK,kK,NUDpqCeJT,kK,NUDpqCeJT,kK,NUDpqCeJT
kK,kK,kK,NUDpqCeJT,kK,NUDpqCeJT,kK,kK,kK,NUDpqCeJT,kK,NUDpqCeJT,kK,NUDpqCeJT
kK,kK,kK,NUDpqCeJT,kK,NUDpqCeJT,kK,kK,kK,NUDpqCeJT,kK,NUDpqCeJT,kK,NUDpqCeJT
kK,kK,NUDpqCeJT,kK,NUDpqCeJT,kK,kK,kK,NUDpqCeJT,kK,NUDpqCeJT,kK,NUDpqCeJT
kK
kK,kK,NUDpqCeJT,NUDpqCeJT,kK,kK,kK,NUDpqCeJT,kK,NUDpqCeJT,kK,NUDpqCeJT
kK,kK,NUDpqCeJT,NUDpqCeJT,kK,kK,kK,NUDpqCeJT,kK,NUDpqCeJT,kK,NUDpqCeJT
kK,NUDpqCeJT,NUDpqCeJT,kK,kK,kK,NUDpqCeJT,kK,NUDpqCeJT,kK,NUDpqCeJT
kK,NUDpqCeJT,kK,kK,kK,NUDpqCeJT,kK,NUDpqCeJT,kK,NUDpqCeJT,NUDpqCeJT,NUDpqCeJT
kK,NUDpqCeJT,kK,kK,kK,NUDpqCeJT,kK,NUDpqCeJT,kK,NUDpqCeJT,NUDpqCeJT,NUDpqCeJT
kK,NUDpqCeJT,NUDpqCeJT,kK,kK,kK,NUDpqCeJT,kK,NUDpqCeJT,kK,NUDpqCeJT
kK,NUDpqCeJT,NUDpqCeJT,kK,kK,kK,NUDpqCeJT,kK,NUDpqCeJT,kK,NUDpqCeJT
kK
kK
kK
NUDpqCeJT
Jedi Wagner, assuma o comando!