[vazia]
[vazia]
GFHjRZhgM,vhtfhIKYfi
[vazia]
[vazia]
[vazia]
[vazia]
vhtfhIKYfi
vhtfhIKYfi
vhtfhIKYfi,oXHSa
vhtfhIKYfi,oXHSa,oXHSa,GFHjRZhgM,GFHjRZhgM
oXHSa
GFHjRZhgM
vhtfhIKYfi,oXHSa,oXHSa,GFHjRZhgM,GFHjRZhgM,pJ,pJ,UFotYoiSom
GFHjRZhgM
GFHjRZhgM
vhtfhIKYfi,oXHSa,oXHSa,GFHjRZhgM,GFHjRZhgM,pJ,pJ,UFotYoiSom
vhtfhIKYfi,oXHSa,oXHSa,GFHjRZhgM,GFHjRZhgM,pJ,pJ,UFotYoiSom
vhtfhIKYfi,oXHSa,oXHSa,GFHjRZhgM,UFotYoiSom,GFHjRZhgM,pJ,pJ
UFotYoiSom
UFotYoiSom
oXHSa
vhtfhIKYfi,oXHSa,GFHjRZhgM,oXHSa,pJ,pJ,pJ,oXHSa,vhtfhIKYfi,UFotYoiSom
oXHSa
vhtfhIKYfi,oXHSa,GFHjRZhgM,oXHSa,pJ,pJ,pJ,oXHSa,vhtfhIKYfi
oXHSa
oXHSa,GFHjRZhgM,oXHSa,pJ,pJ,pJ,oXHSa,vhtfhIKYfi
GFHjRZhgM
GFHjRZhgM
vhtfhIKYfi,oXHSa,oXHSa,UFotYoiSom,GFHjRZhgM,pJ,pJ,pJ,oXHSa,UFotYoiSom
vhtfhIKYfi,oXHSa,oXHSa,UFotYoiSom,GFHjRZhgM,pJ,pJ,pJ,oXHSa,UFotYoiSom,cmWJPlc,vhtfhIKYfi,gIkyCxXngF,pJ
GFHjRZhgM
vhtfhIKYfi,oXHSa,oXHSa,UFotYoiSom,GFHjRZhgM,pJ,pJ,pJ,oXHSa,UFotYoiSom,cmWJPlc,vhtfhIKYfi,gIkyCxXngF,pJ
GFHjRZhgM
pJ
vhtfhIKYfi,oXHSa,oXHSa,UFotYoiSom,pJ,GFHjRZhgM,pJ,pJ,oXHSa,gIkyCxXngF
vhtfhIKYfi,oXHSa,oXHSa,UFotYoiSom,pJ,cmWJPlc,GFHjRZhgM,pJ,pJ,oXHSa,gIkyCxXngF
vhtfhIKYfi,oXHSa,oXHSa,UFotYoiSom,pJ,cmWJPlc,GFHjRZhgM,pJ,pJ,oXHSa,gIkyCxXngF
pJ
vhtfhIKYfi,oXHSa,oXHSa,pJ,cmWJPlc,GFHjRZhgM,pJ,pJ,oXHSa,gIkyCxXngF,UFotYoiSom,vhtfhIKYfi,cmWJPlc
oXHSa,UFotYoiSom,vhtfhIKYfi,pJ,GFHjRZhgM,pJ,pJ,oXHSa,gIkyCxXngF,vhtfhIKYfi
vhtfhIKYfi,oXHSa,oXHSa,UFotYoiSom,GFHjRZhgM,pJ,pJ,pJ,oXHSa,gIkyCxXngF
vhtfhIKYfi,oXHSa,oXHSa,GFHjRZhgM,pJ,pJ,pJ,oXHSa,gIkyCxXngF
pJ
vhtfhIKYfi,oXHSa,oXHSa,GFHjRZhgM,pJ,pJ,pJ,oXHSa,gIkyCxXngF
GFHjRZhgM
vhtfhIKYfi,oXHSa,oXHSa,UFotYoiSom,pJ,GFHjRZhgM,pJ,pJ,oXHSa,UFotYoiSom,GFHjRZhgM,gIkyCxXngF
pJ
pJ
vhtfhIKYfi,oXHSa,UFotYoiSom,GFHjRZhgM,pJ,pJ,pJ,oXHSa,gIkyCxXngF
vhtfhIKYfi,oXHSa,UFotYoiSom,GFHjRZhgM,pJ,pJ,pJ,oXHSa,gIkyCxXngF
pJ
vhtfhIKYfi,oXHSa,pJ,pJ,oXHSa,pJ,GFHjRZhgM,gIkyCxXngF
GFHjRZhgM
GFHjRZhgM
GFHjRZhgM
GFHjRZhgM
GFHjRZhgM
vhtfhIKYfi,oXHSa,pJ,pJ,oXHSa,pJ,GFHjRZhgM,gIkyCxXngF,GFHjRZhgM
vhtfhIKYfi,pJ,pJ,oXHSa,pJ,GFHjRZhgM,gIkyCxXngF,GFHjRZhgM
GFHjRZhgM
vhtfhIKYfi,pJ,oXHSa,pJ,GFHjRZhgM,gIkyCxXngF,GFHjRZhgM
gIkyCxXngF
oXHSa
oXHSa
pJ,pJ,GFHjRZhgM,GFHjRZhgM,oXHSa
GFHjRZhgM
pJ,pJ,GFHjRZhgM,GFHjRZhgM,oXHSa,GFHjRZhgM
pJ
pJ
pJ,GFHjRZhgM,gIkyCxXngF,oXHSa,GFHjRZhgM,pJ
pJ
oXHSa
pJ
pJ
pJ
pJ
pJ
pJ
pJ,pJ,gIkyCxXngF,oXHSa,GFHjRZhgM
pJ
pJ,pJ,gIkyCxXngF,oXHSa
pJ,pJ,GFHjRZhgM,gIkyCxXngF,oXHSa,GFHjRZhgM
oXHSa
oXHSa
oXHSa
pJ,pJ,GFHjRZhgM,oXHSa,vhtfhIKYfi,GFHjRZhgM,gIkyCxXngF,UFotYoiSom,UFotYoiSom
pJ,GFHjRZhgM,oXHSa,pJ,vhtfhIKYfi,GFHjRZhgM,gIkyCxXngF,UFotYoiSom,UFotYoiSom
pJ,GFHjRZhgM,oXHSa,pJ,vhtfhIKYfi,GFHjRZhgM,gIkyCxXngF,UFotYoiSom,UFotYoiSom
pJ,GFHjRZhgM,oXHSa,pJ,vhtfhIKYfi,GFHjRZhgM,gIkyCxXngF,UFotYoiSom,UFotYoiSom
pJ,GFHjRZhgM,oXHSa,UFotYoiSom,pJ,vhtfhIKYfi,GFHjRZhgM,gIkyCxXngF,UFotYoiSom
oXHSa
pJ
pJ,GFHjRZhgM,oXHSa,pJ,vhtfhIKYfi,GFHjRZhgM,UFotYoiSom,UFotYoiSom
UFotYoiSom
UFotYoiSom
UFotYoiSom
pJ,GFHjRZhgM,pJ,vhtfhIKYfi,GFHjRZhgM,UFotYoiSom,UFotYoiSom,vhtfhIKYfi
pJ,GFHjRZhgM,pJ,vhtfhIKYfi,GFHjRZhgM,UFotYoiSom,UFotYoiSom,vhtfhIKYfi
vhtfhIKYfi
vhtfhIKYfi
vhtfhIKYfi
pJ,pJ,vhtfhIKYfi,GFHjRZhgM,UFotYoiSom,UFotYoiSom,vhtfhIKYfi,oXHSa,oXHSa
pJ,pJ,vhtfhIKYfi,GFHjRZhgM,UFotYoiSom,UFotYoiSom,vhtfhIKYfi,oXHSa,oXHSa
vhtfhIKYfi
vhtfhIKYfi
vhtfhIKYfi
GFHjRZhgM,pJ,vhtfhIKYfi,GFHjRZhgM,UFotYoiSom,vhtfhIKYfi
GFHjRZhgM,pJ,vhtfhIKYfi,GFHjRZhgM,UFotYoiSom,vhtfhIKYfi
vhtfhIKYfi
GFHjRZhgM,pJ,vhtfhIKYfi,GFHjRZhgM,UFotYoiSom,vhtfhIKYfi
UFotYoiSom
GFHjRZhgM,pJ,vhtfhIKYfi,GFHjRZhgM,vhtfhIKYfi,UFotYoiSom
pJ,pJ,vhtfhIKYfi,UFotYoiSom,vhtfhIKYfi,GFHjRZhgM,GFHjRZhgM,UFotYoiSom
pJ,pJ,vhtfhIKYfi,UFotYoiSom,vhtfhIKYfi,GFHjRZhgM,UFotYoiSom,pJ
vhtfhIKYfi
pJ,GFHjRZhgM,pJ,vhtfhIKYfi,GFHjRZhgM,UFotYoiSom,UFotYoiSom,vhtfhIKYfi,vhtfhIKYfi,cmWJPlc
GFHjRZhgM,vhtfhIKYfi,GFHjRZhgM,UFotYoiSom,UFotYoiSom,vhtfhIKYfi,pJ,vhtfhIKYfi,cmWJPlc
GFHjRZhgM,vhtfhIKYfi,GFHjRZhgM,UFotYoiSom,UFotYoiSom,vhtfhIKYfi,pJ,vhtfhIKYfi,cmWJPlc
GFHjRZhgM,vhtfhIKYfi,GFHjRZhgM,UFotYoiSom,UFotYoiSom,vhtfhIKYfi,pJ,vhtfhIKYfi,cmWJPlc,cmWJPlc
GFHjRZhgM,vhtfhIKYfi,GFHjRZhgM,UFotYoiSom,UFotYoiSom,vhtfhIKYfi,vhtfhIKYfi,cmWJPlc,cmWJPlc,UFotYoiSom
GFHjRZhgM,vhtfhIKYfi,GFHjRZhgM,UFotYoiSom,UFotYoiSom,vhtfhIKYfi,vhtfhIKYfi,cmWJPlc,cmWJPlc,UFotYoiSom
GFHjRZhgM,vhtfhIKYfi,GFHjRZhgM,UFotYoiSom,UFotYoiSom,vhtfhIKYfi,vhtfhIKYfi,cmWJPlc,cmWJPlc,UFotYoiSom,UFotYoiSom
cmWJPlc
cmWJPlc
GFHjRZhgM,vhtfhIKYfi,GFHjRZhgM,UFotYoiSom,vhtfhIKYfi,vhtfhIKYfi,cmWJPlc,cmWJPlc,UFotYoiSom,UFotYoiSom,UFotYoiSom,oXHSa,oXHSa
cmWJPlc
cmWJPlc
GFHjRZhgM,vhtfhIKYfi,GFHjRZhgM,UFotYoiSom,UFotYoiSom,vhtfhIKYfi,vhtfhIKYfi,cmWJPlc,cmWJPlc,UFotYoiSom,UFotYoiSom
GFHjRZhgM,vhtfhIKYfi,GFHjRZhgM,UFotYoiSom,UFotYoiSom,vhtfhIKYfi,vhtfhIKYfi,cmWJPlc,cmWJPlc,UFotYoiSom,UFotYoiSom
GFHjRZhgM,vhtfhIKYfi,GFHjRZhgM,UFotYoiSom,UFotYoiSom,vhtfhIKYfi,vhtfhIKYfi,cmWJPlc,cmWJPlc,UFotYoiSom,UFotYoiSom
UFotYoiSom
GFHjRZhgM,vhtfhIKYfi,GFHjRZhgM,UFotYoiSom,vhtfhIKYfi,vhtfhIKYfi,cmWJPlc,cmWJPlc,UFotYoiSom,UFotYoiSom,UFotYoiSom
GFHjRZhgM,vhtfhIKYfi,GFHjRZhgM,UFotYoiSom,vhtfhIKYfi,vhtfhIKYfi,cmWJPlc,cmWJPlc,UFotYoiSom,UFotYoiSom,UFotYoiSom
GFHjRZhgM,GFHjRZhgM,UFotYoiSom,vhtfhIKYfi,vhtfhIKYfi,cmWJPlc,UFotYoiSom,vhtfhIKYfi,cmWJPlc,UFotYoiSom,UFotYoiSom,vhtfhIKYfi,oXHSa
GFHjRZhgM,GFHjRZhgM,UFotYoiSom,vhtfhIKYfi,vhtfhIKYfi,cmWJPlc,UFotYoiSom,vhtfhIKYfi,cmWJPlc,UFotYoiSom,UFotYoiSom,vhtfhIKYfi,oXHSa
UFotYoiSom
UFotYoiSom
UFotYoiSom
GFHjRZhgM
GFHjRZhgM,UFotYoiSom,vhtfhIKYfi,vhtfhIKYfi,cmWJPlc,UFotYoiSom,vhtfhIKYfi,cmWJPlc,UFotYoiSom,GFHjRZhgM,UFotYoiSom,vhtfhIKYfi,oXHSa,cmWJPlc,cmWJPlc
GFHjRZhgM
GFHjRZhgM
GFHjRZhgM
GFHjRZhgM
GFHjRZhgM,vhtfhIKYfi,vhtfhIKYfi,cmWJPlc,UFotYoiSom,vhtfhIKYfi,cmWJPlc,UFotYoiSom,GFHjRZhgM,UFotYoiSom,vhtfhIKYfi,oXHSa,cmWJPlc,GFHjRZhgM,GFHjRZhgM
UFotYoiSom
GFHjRZhgM,GFHjRZhgM,UFotYoiSom,vhtfhIKYfi,vhtfhIKYfi,cmWJPlc,UFotYoiSom,vhtfhIKYfi,cmWJPlc,UFotYoiSom,UFotYoiSom,vhtfhIKYfi,oXHSa
GFHjRZhgM,GFHjRZhgM,UFotYoiSom,vhtfhIKYfi,vhtfhIKYfi,cmWJPlc,UFotYoiSom,vhtfhIKYfi,cmWJPlc,UFotYoiSom,UFotYoiSom,vhtfhIKYfi,oXHSa
GFHjRZhgM,GFHjRZhgM,UFotYoiSom,vhtfhIKYfi,vhtfhIKYfi,cmWJPlc,UFotYoiSom,vhtfhIKYfi,cmWJPlc,UFotYoiSom,UFotYoiSom,vhtfhIKYfi,oXHSa
GFHjRZhgM,GFHjRZhgM,UFotYoiSom,vhtfhIKYfi,vhtfhIKYfi,UFotYoiSom,vhtfhIKYfi,cmWJPlc,UFotYoiSom,cmWJPlc,UFotYoiSom,vhtfhIKYfi
cmWJPlc
cmWJPlc
GFHjRZhgM,GFHjRZhgM,UFotYoiSom,vhtfhIKYfi,UFotYoiSom,vhtfhIKYfi,UFotYoiSom,cmWJPlc,cmWJPlc,UFotYoiSom,vhtfhIKYfi,pJ
cmWJPlc
cmWJPlc
cmWJPlc
UFotYoiSom
UFotYoiSom
GFHjRZhgM,GFHjRZhgM,UFotYoiSom,UFotYoiSom,UFotYoiSom,cmWJPlc,cmWJPlc,UFotYoiSom,vhtfhIKYfi,oXHSa,cmWJPlc,UFotYoiSom,gIkyCxXngF,vhtfhIKYfi,pJ,gIkyCxXngF
GFHjRZhgM,GFHjRZhgM,UFotYoiSom,UFotYoiSom,UFotYoiSom,cmWJPlc,cmWJPlc,UFotYoiSom,vhtfhIKYfi,oXHSa,cmWJPlc,UFotYoiSom,gIkyCxXngF,vhtfhIKYfi,pJ,gIkyCxXngF
UFotYoiSom
GFHjRZhgM,GFHjRZhgM,UFotYoiSom,UFotYoiSom,UFotYoiSom,cmWJPlc,UFotYoiSom,cmWJPlc,vhtfhIKYfi,oXHSa,cmWJPlc,UFotYoiSom,gIkyCxXngF,vhtfhIKYfi,pJ,gIkyCxXngF,oXHSa
UFotYoiSom
Jedi Wagner, assuma o comando!