Toque! Toque, Dijê!
[vazia]
Toque! Toque, Dijê!
Toque! Toque, Dijê!
SsybY
SsybY
SsybY
SsybY,SsybY,T,SsybY
SsybY
SsybY,SsybY,SsybY
SsybY,SsybY,SsybY
SsybY,SsybY,SsybY
Toque! Toque, Dijê!
Toque! Toque, Dijê!
Toque! Toque, Dijê!
[vazia]
Toque! Toque, Dijê!
Toque! Toque, Dijê!
T
[vazia]
Toque! Toque, Dijê!
SsybY
[vazia]
[vazia]
Toque! Toque, Dijê!
T
T
T,SsybY
T,SsybY
Toque! Toque, Dijê!
Toque! Toque, Dijê!
Toque! Toque, Dijê!
SsybY
SsybY
SsybY
SsybY,T
T
SsybY,T,SsybY,T,T
SsybY,T,SsybY,T,T
T
T
SsybY,T,SsybY,T,T,T
T,T,T,T
SsybY,T,SsybY,T
T,SsybY,T,T
T,SsybY,T,T
T,SsybY,T,T
SsybY
Jedi Wagner, assuma o comando!