[vazia]
Toque! Toque, Dijê!
[vazia]
Toque! Toque, Dijê!
[vazia]
EVWuXr
EVWuXr
EVWuXr,EVWuXr,EVWuXr
EVWuXr,EVWuXr,EVWuXr,NYrwfjvS
NYrwfjvS
EVWuXr
NYrwfjvS,EVWuXr
NYrwfjvS
EVWuXr
EVWuXr,EVWuXr
EVWuXr,EVWuXr
EVWuXr,EVWuXr
EVWuXr
EVWuXr
EVWuXr
EVWuXr,EVWuXr,EVWuXr
EVWuXr,EVWuXr,EVWuXr
EVWuXr
EVWuXr,EVWuXr,EVWuXr,NYrwfjvS
EVWuXr
EVWuXr,NYrwfjvS,EVWuXr,EVWuXr
EVWuXr,NYrwfjvS,EVWuXr,EVWuXr
EVWuXr,EVWuXr,EVWuXr
EVWuXr,EVWuXr,EVWuXr,EVWuXr
EVWuXr,EVWuXr,EVWuXr
EVWuXr
EVWuXr
EVWuXr,EVWuXr,EVWuXr
EVWuXr
EVWuXr
EVWuXr
EVWuXr
EVWuXr
EVWuXr
EVWuXr
EVWuXr
EVWuXr
EVWuXr,EVWuXr,EVWuXr
EVWuXr
EVWuXr
EVWuXr
EVWuXr,EVWuXr,EVWuXr
EVWuXr
EVWuXr,EVWuXr,EVWuXr,NYrwfjvS
EVWuXr,EVWuXr,EVWuXr
EVWuXr,EVWuXr,EVWuXr
EVWuXr,EVWuXr,EVWuXr
EVWuXr,EVWuXr,NYrwfjvS
EVWuXr
EVWuXr
EVWuXr,EVWuXr,EVWuXr
EVWuXr
EVWuXr
EVWuXr,EVWuXr,EVWuXr
EVWuXr
EVWuXr,EVWuXr,EVWuXr
EVWuXr
EVWuXr
EVWuXr
EVWuXr,EVWuXr
EVWuXr,EVWuXr,EVWuXr
EVWuXr,EVWuXr,EVWuXr
EVWuXr
EVWuXr,EVWuXr,EVWuXr
EVWuXr
NYrwfjvS,EVWuXr,EVWuXr,EVWuXr
EVWuXr
EVWuXr,EVWuXr,EVWuXr
EVWuXr,EVWuXr,EVWuXr
EVWuXr,EVWuXr,EVWuXr
EVWuXr,EVWuXr,EVWuXr
EVWuXr
NYrwfjvS
EVWuXr,EVWuXr,EVWuXr,NYrwfjvS,NYrwfjvS
NYrwfjvS
EVWuXr,EVWuXr,EVWuXr,NYrwfjvS,NYrwfjvS
NYrwfjvS
EVWuXr,EVWuXr,EVWuXr,NYrwfjvS,EVWuXr,NYrwfjvS
EVWuXr,EVWuXr,EVWuXr,NYrwfjvS,EVWuXr,NYrwfjvS
EVWuXr,EVWuXr,EVWuXr,NYrwfjvS,EVWuXr,NYrwfjvS
NYrwfjvS,EVWuXr,NYrwfjvS,EVWuXr,EVWuXr,EVWuXr
EVWuXr
EVWuXr,NYrwfjvS,EVWuXr,NYrwfjvS,EVWuXr,EVWuXr,NYrwfjvS
EVWuXr,NYrwfjvS,EVWuXr,NYrwfjvS,EVWuXr,EVWuXr,NYrwfjvS,EVWuXr,NYrwfjvS
EVWuXr
NYrwfjvS
EVWuXr
NYrwfjvS,EVWuXr,EVWuXr,NYrwfjvS,NYrwfjvS,EVWuXr,EVWuXr,NYrwfjvS,EVWuXr,EVWuXr,EVWuXr
EVWuXr
EVWuXr,NYrwfjvS,EVWuXr,EVWuXr,NYrwfjvS,NYrwfjvS,EVWuXr,EVWuXr,NYrwfjvS,EVWuXr
EVWuXr,NYrwfjvS,EVWuXr,EVWuXr,NYrwfjvS,NYrwfjvS,EVWuXr,EVWuXr,NYrwfjvS,EVWuXr
NYrwfjvS
NYrwfjvS
NYrwfjvS
NYrwfjvS
NYrwfjvS
EVWuXr,NYrwfjvS,EVWuXr,EVWuXr,NYrwfjvS,NYrwfjvS,EVWuXr,EVWuXr,NYrwfjvS,EVWuXr
EVWuXr,NYrwfjvS,EVWuXr,EVWuXr,NYrwfjvS,NYrwfjvS,EVWuXr,EVWuXr,NYrwfjvS,EVWuXr,EVWuXr
EVWuXr,NYrwfjvS,EVWuXr,EVWuXr,NYrwfjvS,NYrwfjvS,EVWuXr,EVWuXr,NYrwfjvS,EVWuXr,EVWuXr
EVWuXr,NYrwfjvS,EVWuXr,EVWuXr,NYrwfjvS,NYrwfjvS,EVWuXr,EVWuXr,NYrwfjvS,EVWuXr,EVWuXr
EVWuXr
NYrwfjvS,EVWuXr,NYrwfjvS,NYrwfjvS,EVWuXr,EVWuXr,NYrwfjvS,EVWuXr,EVWuXr,NYrwfjvS
NYrwfjvS
NYrwfjvS,EVWuXr,NYrwfjvS,NYrwfjvS,EVWuXr,EVWuXr,NYrwfjvS,EVWuXr,EVWuXr,NYrwfjvS,NYrwfjvS
NYrwfjvS
NYrwfjvS,EVWuXr,NYrwfjvS,NYrwfjvS,EVWuXr,EVWuXr,NYrwfjvS,EVWuXr,EVWuXr,NYrwfjvS,NYrwfjvS,NYrwfjvS,NYrwfjvS
NYrwfjvS,EVWuXr,NYrwfjvS,NYrwfjvS,EVWuXr,EVWuXr,NYrwfjvS,EVWuXr,EVWuXr,NYrwfjvS,NYrwfjvS,NYrwfjvS,NYrwfjvS
NYrwfjvS,EVWuXr,NYrwfjvS,NYrwfjvS,EVWuXr,EVWuXr,NYrwfjvS,EVWuXr,EVWuXr,NYrwfjvS,NYrwfjvS,NYrwfjvS,NYrwfjvS,EVWuXr
EVWuXr
EVWuXr
EVWuXr
EVWuXr
EVWuXr
NYrwfjvS,NYrwfjvS,NYrwfjvS,EVWuXr,EVWuXr,NYrwfjvS,EVWuXr,EVWuXr,NYrwfjvS,NYrwfjvS,NYrwfjvS,NYrwfjvS,EVWuXr
NYrwfjvS,NYrwfjvS,NYrwfjvS,EVWuXr,EVWuXr,NYrwfjvS,EVWuXr,EVWuXr,NYrwfjvS,NYrwfjvS,NYrwfjvS,NYrwfjvS,EVWuXr
NYrwfjvS,NYrwfjvS,NYrwfjvS,EVWuXr,NYrwfjvS,EVWuXr,EVWuXr,NYrwfjvS,NYrwfjvS,NYrwfjvS,NYrwfjvS,EVWuXr,EVWuXr
NYrwfjvS
NYrwfjvS,NYrwfjvS,NYrwfjvS,EVWuXr,NYrwfjvS,EVWuXr,EVWuXr,EVWuXr,NYrwfjvS,NYrwfjvS,NYrwfjvS,NYrwfjvS,EVWuXr
NYrwfjvS,NYrwfjvS,NYrwfjvS,EVWuXr,NYrwfjvS,EVWuXr,EVWuXr,EVWuXr,NYrwfjvS,NYrwfjvS,NYrwfjvS,NYrwfjvS,EVWuXr
NYrwfjvS
NYrwfjvS,NYrwfjvS,NYrwfjvS,EVWuXr,EVWuXr,NYrwfjvS,NYrwfjvS,NYrwfjvS,NYrwfjvS,EVWuXr,NYrwfjvS
EVWuXr
NYrwfjvS,NYrwfjvS,EVWuXr,EVWuXr,NYrwfjvS,NYrwfjvS,NYrwfjvS,NYrwfjvS,EVWuXr,NYrwfjvS
EVWuXr
EVWuXr
EVWuXr
EVWuXr
NYrwfjvS,NYrwfjvS,EVWuXr,EVWuXr,NYrwfjvS,NYrwfjvS,NYrwfjvS,NYrwfjvS,EVWuXr,NYrwfjvS
EVWuXr
NYrwfjvS,NYrwfjvS,EVWuXr,EVWuXr,NYrwfjvS,NYrwfjvS,NYrwfjvS,NYrwfjvS,EVWuXr,NYrwfjvS,EVWuXr,EVWuXr,NYrwfjvS
NYrwfjvS
NYrwfjvS
NYrwfjvS,EVWuXr,EVWuXr,NYrwfjvS,NYrwfjvS,NYrwfjvS,NYrwfjvS,NYrwfjvS,EVWuXr,NYrwfjvS,EVWuXr,EVWuXr,NYrwfjvS
NYrwfjvS,EVWuXr,NYrwfjvS,NYrwfjvS,NYrwfjvS,NYrwfjvS,NYrwfjvS,EVWuXr,NYrwfjvS,EVWuXr,EVWuXr,NYrwfjvS
NYrwfjvS
NYrwfjvS
NYrwfjvS,EVWuXr,EVWuXr,NYrwfjvS,NYrwfjvS,NYrwfjvS,NYrwfjvS,NYrwfjvS,EVWuXr,NYrwfjvS,EVWuXr,EVWuXr,NYrwfjvS
NYrwfjvS
NYrwfjvS
NYrwfjvS,EVWuXr,NYrwfjvS,NYrwfjvS,NYrwfjvS,EVWuXr,NYrwfjvS,NYrwfjvS,EVWuXr,NYrwfjvS,EVWuXr,EVWuXr,NYrwfjvS,EVWuXr
EVWuXr,NYrwfjvS,NYrwfjvS,NYrwfjvS,EVWuXr,NYrwfjvS,NYrwfjvS,EVWuXr,NYrwfjvS,EVWuXr,EVWuXr,NYrwfjvS,EVWuXr
EVWuXr,NYrwfjvS,NYrwfjvS,NYrwfjvS,NYrwfjvS,NYrwfjvS,EVWuXr,NYrwfjvS,EVWuXr,EVWuXr,NYrwfjvS,EVWuXr
EVWuXr,NYrwfjvS,NYrwfjvS,NYrwfjvS,NYrwfjvS,NYrwfjvS,EVWuXr,NYrwfjvS,EVWuXr,EVWuXr,NYrwfjvS,EVWuXr,NYrwfjvS
NYrwfjvS
Jedi Wagner, assuma o comando!