[vazia]
Toque! Toque, Dijê!
[vazia]
q
q,pV,SixFIKZVNp,jgST
q,pV,SixFIKZVNp,jgST
q
q,pV,SixFIKZVNp,jgST,CGZXSSSjwh
q
q,pV,SixFIKZVNp,jgST,CGZXSSSjwh
CGZXSSSjwh
CGZXSSSjwh
CGZXSSSjwh
CGZXSSSjwh
CGZXSSSjwh,CGZXSSSjwh
CGZXSSSjwh,CGZXSSSjwh
CGZXSSSjwh,CGZXSSSjwh,pV
Toque! Toque, Dijê!
Toque! Toque, Dijê!
Toque! Toque, Dijê!
[vazia]
Toque! Toque, Dijê!
SixFIKZVNp
SixFIKZVNp
Toque! Toque, Dijê!
seDRgdbS
seDRgdbS
seDRgdbS
seDRgdbS
seDRgdbS
Toque! Toque, Dijê!
seDRgdbS
seDRgdbS
seDRgdbS,q
seDRgdbS,q
seDRgdbS
seDRgdbS
seDRgdbS,q
seDRgdbS,q,CGZXSSSjwh,SixFIKZVNp
q,seDRgdbS,CGZXSSSjwh,seDRgdbS
q
seDRgdbS,q,CGZXSSSjwh
seDRgdbS,q,CGZXSSSjwh
seDRgdbS,q,CGZXSSSjwh
seDRgdbS,q,CGZXSSSjwh
q
CGZXSSSjwh
CGZXSSSjwh
omNSVUa
omNSVUa
omNSVUa,pV,SixFIKZVNp
omNSVUa,pV,SixFIKZVNp
omNSVUa
seDRgdbS
seDRgdbS
seDRgdbS,CGZXSSSjwh,q,omNSVUa,seDRgdbS,VkcKhB
omNSVUa
seDRgdbS,CGZXSSSjwh,q,omNSVUa,seDRgdbS
omNSVUa
seDRgdbS,CGZXSSSjwh,q,omNSVUa,seDRgdbS
seDRgdbS
seDRgdbS,CGZXSSSjwh,q,omNSVUa,seDRgdbS,SixFIKZVNp,fMDJdtKHmz
Jedi Wagner, assuma o comando!