Toque! Toque, Dijê!
Toque! Toque, Dijê!
Toque! Toque, Dijê!
Toque! Toque, Dijê!
Toque! Toque, Dijê!
dmIoedS
dmIoedS
dmIoedS
[vazia]
Glf
Glf
Glf
Glf
Glf,SkNrkTjC
SkNrkTjC
Glf,SkNrkTjC
Glf,O
Glf,SkNrkTjC,O
Glf,SkNrkTjC,O
Glf,O
Glf,SkNrkTjC,O
SkNrkTjC
Glf,O,SkNrkTjC,O
O
O
O
O
SkNrkTjC
Glf,O,O,Glf,SkNrkTjC
Glf,O,O,Glf,SkNrkTjC,eBLYyecVz
eBLYyecVz
eBLYyecVz
eBLYyecVz
O,Glf,SkNrkTjC,eBLYyecVz,Glf,eBLYyecVz
eBLYyecVz
O,SkNrkTjC,eBLYyecVz,JIbUREjPPy,Glf,eBLYyecVz
JIbUREjPPy
SkNrkTjC
SkNrkTjC
JIbUREjPPy,SkNrkTjC,eBLYyecVz,JIbUREjPPy,Glf,dmIoedS,O,Glf
eBLYyecVz
SkNrkTjC,eBLYyecVz,JIbUREjPPy,JIbUREjPPy,Glf,dmIoedS,O,Glf,JIbUREjPPy,JIbUREjPPy
SkNrkTjC,eBLYyecVz,JIbUREjPPy,JIbUREjPPy,dmIoedS,O,JIbUREjPPy,JIbUREjPPy
eBLYyecVz
SkNrkTjC,eBLYyecVz,JIbUREjPPy,JIbUREjPPy,dmIoedS,O,Glf,JIbUREjPPy,JIbUREjPPy,O
O,eBLYyecVz,JIbUREjPPy,SkNrkTjC,Glf,eBLYyecVz,JIbUREjPPy,Glf
O
JIbUREjPPy,SkNrkTjC,O,Glf,eBLYyecVz,JIbUREjPPy,Glf
O
O
O
eBLYyecVz,JIbUREjPPy,SkNrkTjC,O,Glf,eBLYyecVz,JIbUREjPPy,Glf
Glf
eBLYyecVz,JIbUREjPPy,SkNrkTjC,O,Glf,eBLYyecVz,JIbUREjPPy,Glf
Glf
Glf
eBLYyecVz,JIbUREjPPy,SkNrkTjC,Glf,eBLYyecVz,JIbUREjPPy,Glf,JIbUREjPPy
Glf
eBLYyecVz,JIbUREjPPy,SkNrkTjC,Glf,eBLYyecVz,JIbUREjPPy,Glf,JIbUREjPPy
eBLYyecVz,SkNrkTjC,Glf,JIbUREjPPy,eBLYyecVz,JIbUREjPPy,Glf,JIbUREjPPy
JIbUREjPPy
eBLYyecVz,SkNrkTjC,Glf,JIbUREjPPy,eBLYyecVz,JIbUREjPPy,Glf,JIbUREjPPy,eBLYyecVz,dmIoedS
eBLYyecVz,JIbUREjPPy,SkNrkTjC,O,eBLYyecVz,JIbUREjPPy,Glf
Glf
eBLYyecVz,JIbUREjPPy,SkNrkTjC,O,Glf,eBLYyecVz,JIbUREjPPy,Glf
eBLYyecVz,JIbUREjPPy,SkNrkTjC,O,Glf,eBLYyecVz,JIbUREjPPy,Glf,Glf
Glf
eBLYyecVz,JIbUREjPPy,SkNrkTjC,O,Glf,eBLYyecVz,JIbUREjPPy,Glf,Glf
eBLYyecVz,JIbUREjPPy,SkNrkTjC,O,Glf,eBLYyecVz,JIbUREjPPy,Glf,Glf
eBLYyecVz,JIbUREjPPy,SkNrkTjC,O,Glf,eBLYyecVz,JIbUREjPPy,Glf,Glf
eBLYyecVz
eBLYyecVz
eBLYyecVz
eBLYyecVz,eBLYyecVz,JIbUREjPPy,JIbUREjPPy,Glf,Glf,JIbUREjPPy,Glf,eBLYyecVz
JIbUREjPPy
Glf
Glf
eBLYyecVz,eBLYyecVz,Glf,JIbUREjPPy,JIbUREjPPy,Glf,JIbUREjPPy,Glf,eBLYyecVz
eBLYyecVz,Glf,eBLYyecVz,JIbUREjPPy,Glf,JIbUREjPPy,Glf,eBLYyecVz
eBLYyecVz,Glf,eBLYyecVz,JIbUREjPPy,Glf,JIbUREjPPy,Glf,eBLYyecVz,JIbUREjPPy
eBLYyecVz
eBLYyecVz,Glf,JIbUREjPPy,Glf,JIbUREjPPy,Glf,eBLYyecVz,JIbUREjPPy,JIbUREjPPy
Glf
eBLYyecVz,JIbUREjPPy,SkNrkTjC,Glf,O,eBLYyecVz,JIbUREjPPy,Glf
eBLYyecVz,JIbUREjPPy,SkNrkTjC,O,Glf,eBLYyecVz,JIbUREjPPy,Glf
eBLYyecVz,JIbUREjPPy,O,Glf,SkNrkTjC,eBLYyecVz,JIbUREjPPy,Glf
eBLYyecVz,JIbUREjPPy,Glf,SkNrkTjC,eBLYyecVz,JIbUREjPPy,Glf
JIbUREjPPy,SkNrkTjC,eBLYyecVz,JIbUREjPPy,Glf
JIbUREjPPy,SkNrkTjC,eBLYyecVz,JIbUREjPPy,Glf
JIbUREjPPy,SkNrkTjC,eBLYyecVz,JIbUREjPPy,Glf,dmIoedS
Jedi Wagner, assuma o comando!