[vazia]
Toque! Toque, Dijê!
Toque! Toque, Dijê!
[vazia]
Toque! Toque, Dijê!
Toque! Toque, Dijê!
[vazia]
[vazia]
L
L
L
L
L
L
L
L
kOPnE,L
kOPnE,L
kOPnE
kOPnE
kOPnE,kOPnE,L
kOPnE,kOPnE
kOPnE
kOPnE
kOPnE
kOPnE,kOPnE
kOPnE
kOPnE
kOPnE,kOPnE
kOPnE,kOPnE
kOPnE
kOPnE,kOPnE
kOPnE
kOPnE,kOPnE,kOPnE
[vazia]
kOPnE
kOPnE
kOPnE
kOPnE,kOPnE
kOPnE,kOPnE
L
kOPnE
kOPnE
kOPnE,kOPnE,kOPnE
kOPnE
kOPnE,kOPnE,kOPnE
kOPnE,kOPnE,kOPnE
kOPnE,kOPnE,kOPnE
kOPnE,kOPnE,kOPnE
kOPnE
kOPnE,kOPnE,kOPnE,kOPnE
kOPnE,kOPnE,kOPnE,kOPnE
kOPnE,kOPnE,kOPnE,L
kOPnE
kOPnE,kOPnE,kOPnE
kOPnE
kOPnE
kOPnE
kOPnE
kOPnE,kOPnE
kOPnE
kOPnE
kOPnE,kOPnE
kOPnE,kOPnE
kOPnE
kOPnE
kOPnE,L,L,L
L,L,L
kOPnE,L,L,L
L,kOPnE,L,L,kOPnE
L,kOPnE,L,L,kOPnE
L,kOPnE,L,L,kOPnE,L
L
L
L
L
kOPnE
kOPnE
kOPnE
L,kOPnE,L,L,L,L
kOPnE,L,L,L
kOPnE,L,L,L,L
L
kOPnE,L,L,L,L
L
L
L
L
L
kOPnE,L,L,L,L,L
kOPnE,L,L,L,L
L,L,L,L
L,L,L,L
L,L,L,L
kOPnE,L,L,L,L
kOPnE,L,L,L,L
L
kOPnE,L,L,L,L
L
L
L,L,L,L
L
L
L
kOPnE
L,L,kOPnE,L,L
L,kOPnE,L,L,L
L
L,kOPnE,L,L,L,kOPnE
L
L
L,L,kOPnE,L,kOPnE,L
L
L
L,kOPnE,L,L,kOPnE,L,kOPnE
kOPnE
kOPnE
kOPnE
L,L,L,kOPnE,L,kOPnE
L,L,L,kOPnE,L,kOPnE
L
kOPnE,L,L,L,kOPnE,kOPnE
kOPnE,L,L,L,kOPnE,kOPnE
L
kOPnE,L,L,kOPnE,kOPnE
L
kOPnE,L,L,kOPnE,kOPnE
L
L
kOPnE,L,L,kOPnE,kOPnE
kOPnE,L,L,kOPnE,kOPnE
kOPnE
kOPnE,L,L,kOPnE,kOPnE
kOPnE
kOPnE
kOPnE,kOPnE,L,kOPnE,kOPnE,kOPnE,L
L
kOPnE,kOPnE,L,kOPnE,kOPnE,kOPnE,L
kOPnE,kOPnE,L,kOPnE,kOPnE,kOPnE,L,L
L
L
L
kOPnE,kOPnE,L,kOPnE,kOPnE,kOPnE,L,L
L,kOPnE,kOPnE,kOPnE,L,L,kOPnE,L,kOPnE
kOPnE,L,L,kOPnE,kOPnE
L,kOPnE,L,kOPnE,kOPnE,L
kOPnE
L,kOPnE,L,kOPnE,kOPnE,L,L
L,kOPnE,L,kOPnE,kOPnE,L,L
kOPnE,kOPnE,kOPnE,L,L
kOPnE,kOPnE,kOPnE,L,L
kOPnE,kOPnE,kOPnE,L,L,L,L,kOPnE,L,kOPnE
L
kOPnE
kOPnE
kOPnE
kOPnE,kOPnE,L,kOPnE,L,L,kOPnE,L,kOPnE,L,L
kOPnE
kOPnE
L
L
L
kOPnE,kOPnE,kOPnE,L,L,L
kOPnE,kOPnE,kOPnE,L,L,L
L
kOPnE,kOPnE,kOPnE,L,L,L,L,L,kOPnE
L
L
L
L
kOPnE,kOPnE,L,L,L,L,L,kOPnE
L
kOPnE,kOPnE,L,L,L,L,L,kOPnE
kOPnE,kOPnE,L,L,L,L,L,kOPnE
L
L
kOPnE,kOPnE,L,L,L,L,kOPnE,kOPnE
Jedi Wagner, assuma o comando!