[vazia]
Toque! Toque, Dijê!
[vazia]
Toque! Toque, Dijê!
Toque! Toque, Dijê!
[vazia]
[vazia]
sF
sF
sF,jeJ,Oi
sF,jeJ,Oi
sF,jeJ,Oi,H
sF
Oi,sF
Oi,sF,d
Oi,sF,d
Oi
Oi,sF,d
Oi,sF,d
Oi,sF,d,kdqrhXbIi
Oi
Oi
sF
sF,Oi,Oi
sF
Oi,sF,jeJ
Oi
sF
sF,jeJ,vwMeG,BI
sF,jeJ,vwMeG,BI
vwMeG
vwMeG
jeJ,vwMeG,sF
vwMeG
sF
jeJ,sF,BI,Oi,vwMeG
sF,jeJ,vwMeG,BI,sF
sF
sF,jeJ,BI,sF,vwMeG
sF,jeJ,BI,sF,vwMeG,H,vwMeG
vwMeG
kdqrhXbIi
d
sF,H,kdqrhXbIi,H,eMMz,d,BI,eMMz,kdqrhXbIi
sF,H,kdqrhXbIi,H,eMMz,d,BI,eMMz,kdqrhXbIi
d
d
d
H,kdqrhXbIi,H,eMMz,d,BI,eMMz,kdqrhXbIi,vwMeG,Oi
H,kdqrhXbIi,H,eMMz,d,BI,eMMz,kdqrhXbIi,vwMeG,Oi
kdqrhXbIi,H,eMMz,d,BI,eMMz,kdqrhXbIi,vwMeG,Oi
d
Oi
Oi
Oi
Oi
kdqrhXbIi,H,Oi,d,BI,eMMz,kdqrhXbIi,vwMeG,H,Oi
Oi
Oi
kdqrhXbIi,H,Oi,eMMz,d,BI,kdqrhXbIi,vwMeG,H,Oi,d,Oi,H
kdqrhXbIi,H,Oi,eMMz,d,BI,kdqrhXbIi,vwMeG,H,Oi,d,Oi,H
kdqrhXbIi,H,Oi,eMMz,d,BI,kdqrhXbIi,vwMeG,H,Oi,d,Oi,H
Jedi Wagner, assuma o comando!