[vazia]
Toque! Toque, Dijê!
Toque! Toque, Dijê!
Toque! Toque, Dijê!
Toque! Toque, Dijê!
Toque! Toque, Dijê!
Toque! Toque, Dijê!
Toque! Toque, Dijê!
Toque! Toque, Dijê!
Toque! Toque, Dijê!
cIdY
cIdY
cIdY,CIyfvIhxmZ
cIdY
cIdY,pCY,cIdY,cIdY
cIdY
cIdY,CIyfvIhxmZ,pCY,cIdY,cIdY
cIdY,CIyfvIhxmZ,pCY,cIdY,cIdY
cIdY,CIyfvIhxmZ,pCY,cIdY,cIdY
cIdY,CIyfvIhxmZ,pCY,cIdY,cIdY
cIdY
cIdY
cIdY,cIdY,cIdY,pCY
cIdY,cIdY
cIdY,cIdY
cIdY
cIdY
cIdY
cIdY,cIdY
cIdY,cIdY,H
cIdY,H,cIdY
cIdY
cIdY,H,cIdY
cIdY,H,cIdY
cIdY
cIdY,H,cIdY
H,cIdY,cIdY,pCY
H
cIdY,H,cIdY,pCY,CIyfvIhxmZ
cIdY
cIdY
cIdY,H,cIdY,cIdY
cIdY,H,cIdY,cIdY
cIdY,H,cIdY,cIdY
cIdY,cIdY,cIdY
cIdY,cIdY,cIdY
cIdY
cIdY
cIdY
cIdY,cIdY
cIdY,cIdY
cIdY,cIdY,icJynzu
cIdY,cIdY,icJynzu
cIdY
cIdY
cIdY
cIdY
cIdY,cIdY,cIdY,cIdY,pCY
cIdY
cIdY,cIdY,cIdY,cIdY,pCY
cIdY
cIdY
cIdY
pCY
pCY
cIdY,cIdY,cIdY,cIdY,pCY,cIdY,H
cIdY,cIdY,cIdY,cIdY,pCY,cIdY,H
cIdY
cIdY
cIdY
cIdY
cIdY,cIdY,cIdY,cIdY,pCY,cIdY,H
cIdY,cIdY,cIdY,cIdY,pCY,cIdY,H
cIdY
cIdY,cIdY,cIdY,cIdY,cIdY,H
cIdY
cIdY
cIdY
cIdY
cIdY,cIdY,H,cIdY,cIdY,cIdY,H
H
cIdY,cIdY,cIdY,cIdY,cIdY,H,icJynzu
cIdY,cIdY,cIdY,cIdY,cIdY,H,icJynzu
cIdY,cIdY,cIdY,cIdY,cIdY,H,icJynzu
cIdY
cIdY
cIdY,cIdY,cIdY,cIdY,H
CIyfvIhxmZ
H
H
cIdY,cIdY,CIyfvIhxmZ,H,H,icJynzu,CIyfvIhxmZ,icJynzu
cIdY,cIdY,cIdY,H,CIyfvIhxmZ,H,icJynzu
H
cIdY,cIdY,H,CIyfvIhxmZ,H,cIdY,icJynzu
CIyfvIhxmZ
cIdY
icJynzu
icJynzu
cIdY,cIdY,cIdY,H,icJynzu,CIyfvIhxmZ,icJynzu
H
icJynzu
icJynzu
icJynzu
icJynzu
cIdY,cIdY,cIdY,icJynzu,CIyfvIhxmZ,icJynzu,H,H,CIyfvIhxmZ,H
cIdY,cIdY,cIdY,icJynzu,CIyfvIhxmZ,icJynzu,H,H,CIyfvIhxmZ,H
cIdY,cIdY,cIdY,icJynzu,CIyfvIhxmZ,icJynzu,H,H,CIyfvIhxmZ,H
CIyfvIhxmZ
cIdY,cIdY,icJynzu,CIyfvIhxmZ,icJynzu,H,H,CIyfvIhxmZ,H
CIyfvIhxmZ
cIdY,cIdY,icJynzu,icJynzu,CIyfvIhxmZ,H
H
CIyfvIhxmZ
CIyfvIhxmZ
Jedi Wagner, assuma o comando!