Toque! Toque, Dijê!
[vazia]
Toque! Toque, Dijê!
Toque! Toque, Dijê!
[vazia]
Toque! Toque, Dijê!
[vazia]
Toque! Toque, Dijê!
Toque! Toque, Dijê!
sKAkKrV
sKAkKrV
sKAkKrV
sKAkKrV,PAYiB,PAYiB
Toque! Toque, Dijê!
zwKNX
zwKNX
zwKNX
zwKNX
zwKNX,zwKNX,dKctRgS
zwKNX
L
zwKNX,WuiuyJNEi,L,sKAkKrV
zwKNX,WuiuyJNEi,L,sKAkKrV
zwKNX,WuiuyJNEi,L,sKAkKrV
zwKNX,WuiuyJNEi,L,sKAkKrV
L
L
L
L
L
zwKNX,WuiuyJNEi,L,zwKNX,sKAkKrV,MCMByS,sKAkKrV
WuiuyJNEi
zwKNX,dKctRgS,zwKNX,WuiuyJNEi,L
zwKNX,dKctRgS,zwKNX,WuiuyJNEi,L
zwKNX
dKctRgS,zwKNX,WuiuyJNEi,zwKNX,L
L
dKctRgS,zwKNX,WuiuyJNEi,zwKNX,L
L
dKctRgS,zwKNX,WuiuyJNEi,zwKNX,L,fAEnwkYFWV
dKctRgS,zwKNX,WuiuyJNEi,zwKNX,L,fAEnwkYFWV
L
dKctRgS,zwKNX,WuiuyJNEi,zwKNX,L
L
L
zwKNX,WuiuyJNEi,zwKNX,L,dKctRgS,fAEnwkYFWV
zwKNX,WuiuyJNEi,zwKNX,L,dKctRgS,fAEnwkYFWV
dKctRgS
zwKNX,WuiuyJNEi,zwKNX,L,dKctRgS,fAEnwkYFWV,sKAkKrV,MCMByS
dKctRgS
zwKNX,WuiuyJNEi,zwKNX,L,dKctRgS,fAEnwkYFWV,sKAkKrV,MCMByS
zwKNX,WuiuyJNEi,zwKNX,L,dKctRgS,fAEnwkYFWV,sKAkKrV,MCMByS
zwKNX,WuiuyJNEi,zwKNX,L,dKctRgS,sKAkKrV,MCMByS,WuiuyJNEi,MCMByS
MCMByS
zwKNX,zwKNX,L,dKctRgS,MCMByS,WuiuyJNEi,sKAkKrV,WuiuyJNEi,MCMByS
sKAkKrV
sKAkKrV
WuiuyJNEi,zwKNX,L,dKctRgS,MCMByS,zwKNX,WuiuyJNEi,MCMByS,sKAkKrV
MCMByS
WuiuyJNEi,dKctRgS,sKAkKrV,MCMByS,zwKNX,WuiuyJNEi,MCMByS,sKAkKrV,fAEnwkYFWV
zwKNX
WuiuyJNEi,dKctRgS,sKAkKrV,MCMByS,zwKNX,zwKNX,WuiuyJNEi,MCMByS,sKAkKrV
dKctRgS,sKAkKrV,zwKNX,zwKNX,WuiuyJNEi,MCMByS,sKAkKrV,PAYiB
zwKNX
dKctRgS,sKAkKrV,zwKNX,zwKNX,WuiuyJNEi,MCMByS,sKAkKrV,PAYiB,zwKNX,L
WuiuyJNEi
WuiuyJNEi
WuiuyJNEi
WuiuyJNEi
MCMByS,zwKNX,zwKNX,WuiuyJNEi,WuiuyJNEi,dKctRgS,MCMByS,sKAkKrV,WuiuyJNEi
MCMByS,zwKNX,zwKNX,WuiuyJNEi,WuiuyJNEi,dKctRgS,MCMByS,sKAkKrV,WuiuyJNEi
WuiuyJNEi,dKctRgS,sKAkKrV,MCMByS,zwKNX,zwKNX,WuiuyJNEi,MCMByS,sKAkKrV
WuiuyJNEi
WuiuyJNEi
WuiuyJNEi
dKctRgS,MCMByS,zwKNX,zwKNX,WuiuyJNEi,MCMByS,sKAkKrV,L,c
dKctRgS,MCMByS,zwKNX,zwKNX,WuiuyJNEi,MCMByS,sKAkKrV,L,c
dKctRgS,MCMByS,zwKNX,WuiuyJNEi,zwKNX,MCMByS,sKAkKrV,L,c,WuiuyJNEi,WuiuyJNEi,MCMByS
dKctRgS,zwKNX,WuiuyJNEi,zwKNX,MCMByS,MCMByS,sKAkKrV,L,c,WuiuyJNEi,WuiuyJNEi,MCMByS
dKctRgS,zwKNX,WuiuyJNEi,zwKNX,MCMByS,MCMByS,sKAkKrV,L,c,WuiuyJNEi,WuiuyJNEi,MCMByS
MCMByS
dKctRgS,WuiuyJNEi,zwKNX,MCMByS,L,MCMByS,sKAkKrV,c,WuiuyJNEi,WuiuyJNEi,MCMByS
MCMByS
dKctRgS,MCMByS,zwKNX,WuiuyJNEi,zwKNX,MCMByS,sKAkKrV,L,c,WuiuyJNEi,WuiuyJNEi
MCMByS
dKctRgS,MCMByS,zwKNX,WuiuyJNEi,zwKNX,MCMByS,sKAkKrV,L,c,WuiuyJNEi,WuiuyJNEi
MCMByS,zwKNX,WuiuyJNEi,zwKNX,c,MCMByS,sKAkKrV,L,WuiuyJNEi,WuiuyJNEi,L
MCMByS
MCMByS
sKAkKrV
L
MCMByS,zwKNX,MCMByS,sKAkKrV,L,WuiuyJNEi,WuiuyJNEi,L,PAYiB
MCMByS,zwKNX,MCMByS,sKAkKrV,L,WuiuyJNEi,WuiuyJNEi,L,PAYiB
MCMByS,zwKNX,MCMByS,sKAkKrV,L,WuiuyJNEi,WuiuyJNEi,L,PAYiB
WuiuyJNEi
MCMByS,zwKNX,MCMByS,sKAkKrV,L,WuiuyJNEi,WuiuyJNEi,L,PAYiB
MCMByS,zwKNX,MCMByS,sKAkKrV,L,WuiuyJNEi,WuiuyJNEi,L,PAYiB
L
L
L
MCMByS,zwKNX,MCMByS,L,WuiuyJNEi,WuiuyJNEi,PAYiB,L,tGtaRRTU,sKAkKrV
MCMByS,MCMByS,L,WuiuyJNEi,WuiuyJNEi,PAYiB,L,sKAkKrV
MCMByS
MCMByS
MCMByS
MCMByS,MCMByS,L,WuiuyJNEi,WuiuyJNEi,PAYiB,L,sKAkKrV,L
MCMByS
MCMByS,MCMByS,L,WuiuyJNEi,WuiuyJNEi,PAYiB,L,sKAkKrV,L
MCMByS,MCMByS,L,WuiuyJNEi,WuiuyJNEi,PAYiB,L,sKAkKrV,L
MCMByS,WuiuyJNEi,WuiuyJNEi,PAYiB,L,L,L,c
PAYiB
MCMByS,WuiuyJNEi,WuiuyJNEi,PAYiB,L,L,L,c
c
c
c
MCMByS,WuiuyJNEi,WuiuyJNEi,PAYiB,c,L,L,fAEnwkYFWV,L,zwKNX,tGtaRRTU
MCMByS,WuiuyJNEi,WuiuyJNEi,PAYiB,c,L,L,fAEnwkYFWV,L,zwKNX,tGtaRRTU
MCMByS,WuiuyJNEi,WuiuyJNEi,PAYiB,c,L,L,fAEnwkYFWV,L,zwKNX,tGtaRRTU,sKAkKrV
L
MCMByS,WuiuyJNEi,WuiuyJNEi,PAYiB,c,L,L,fAEnwkYFWV,L,zwKNX,tGtaRRTU
PAYiB
WuiuyJNEi,WuiuyJNEi,c,L,L,PAYiB,fAEnwkYFWV,L,zwKNX,tGtaRRTU
zwKNX
zwKNX
tGtaRRTU
tGtaRRTU
MCMByS,WuiuyJNEi,WuiuyJNEi,L,L,PAYiB,fAEnwkYFWV,L,zwKNX,tGtaRRTU
tGtaRRTU
MCMByS,WuiuyJNEi,WuiuyJNEi,L,L,fAEnwkYFWV,L,zwKNX,tGtaRRTU
L
zwKNX
WuiuyJNEi,WuiuyJNEi,L,L,fAEnwkYFWV,L,zwKNX,dKctRgS,tGtaRRTU,fAEnwkYFWV
WuiuyJNEi,WuiuyJNEi,L,L,fAEnwkYFWV,L,zwKNX,dKctRgS,tGtaRRTU,fAEnwkYFWV
zwKNX
WuiuyJNEi,WuiuyJNEi,L,fAEnwkYFWV,L,zwKNX,dKctRgS,tGtaRRTU,fAEnwkYFWV
WuiuyJNEi,WuiuyJNEi,L,L,zwKNX,dKctRgS,fAEnwkYFWV,L
WuiuyJNEi,WuiuyJNEi,L,L,zwKNX,dKctRgS,fAEnwkYFWV,L
WuiuyJNEi,WuiuyJNEi,L,fAEnwkYFWV,L,zwKNX,dKctRgS,tGtaRRTU,fAEnwkYFWV
WuiuyJNEi,WuiuyJNEi,L,fAEnwkYFWV,L,zwKNX,dKctRgS,tGtaRRTU,fAEnwkYFWV
WuiuyJNEi,WuiuyJNEi,L,fAEnwkYFWV,L,zwKNX,dKctRgS,tGtaRRTU,fAEnwkYFWV
WuiuyJNEi,WuiuyJNEi,L,fAEnwkYFWV,L,zwKNX,tGtaRRTU,fAEnwkYFWV
tGtaRRTU
tGtaRRTU
tGtaRRTU
WuiuyJNEi,WuiuyJNEi,L,fAEnwkYFWV,L,zwKNX,tGtaRRTU,fAEnwkYFWV,L
fAEnwkYFWV
WuiuyJNEi,fAEnwkYFWV,L,tGtaRRTU,fAEnwkYFWV,L
WuiuyJNEi,fAEnwkYFWV,L,tGtaRRTU,fAEnwkYFWV,L
WuiuyJNEi,fAEnwkYFWV,L,fAEnwkYFWV,tGtaRRTU,L
tGtaRRTU
WuiuyJNEi,fAEnwkYFWV,L,fAEnwkYFWV,tGtaRRTU,L,L
WuiuyJNEi,fAEnwkYFWV,L,fAEnwkYFWV,tGtaRRTU,L,L
tGtaRRTU
tGtaRRTU
tGtaRRTU
WuiuyJNEi,fAEnwkYFWV,L,fAEnwkYFWV,tGtaRRTU,L,L
WuiuyJNEi,L,fAEnwkYFWV,tGtaRRTU,fAEnwkYFWV,L,L
WuiuyJNEi,L,tGtaRRTU,fAEnwkYFWV,L,L,dKctRgS
L
WuiuyJNEi,L,tGtaRRTU,fAEnwkYFWV,L,L,zwKNX
WuiuyJNEi,L,tGtaRRTU,fAEnwkYFWV,L,L,zwKNX
L
WuiuyJNEi,L,fAEnwkYFWV,tGtaRRTU,L,L,zwKNX,MCMByS
L
L
WuiuyJNEi,L,tGtaRRTU,fAEnwkYFWV,L,L
L
L
L,tGtaRRTU,L,L,zwKNX,WuiuyJNEi
L,tGtaRRTU,L,L,zwKNX,WuiuyJNEi
L
L
L,tGtaRRTU,L,L,zwKNX,WuiuyJNEi,fAEnwkYFWV,PAYiB
tGtaRRTU,L,L,WuiuyJNEi,fAEnwkYFWV,PAYiB
tGtaRRTU,L,L,WuiuyJNEi,fAEnwkYFWV,PAYiB,sKAkKrV,PAYiB
tGtaRRTU,L,L,WuiuyJNEi,fAEnwkYFWV,PAYiB,sKAkKrV,PAYiB
fAEnwkYFWV
tGtaRRTU,L,L,PAYiB,sKAkKrV,fAEnwkYFWV,PAYiB,c
tGtaRRTU,L,L,PAYiB,sKAkKrV,fAEnwkYFWV,PAYiB,c
PAYiB
PAYiB
PAYiB
tGtaRRTU,L,L,PAYiB,sKAkKrV,PAYiB,c,L
PAYiB
tGtaRRTU,L,L,PAYiB,sKAkKrV,PAYiB,c,L,WuiuyJNEi
PAYiB
tGtaRRTU,L,L,PAYiB,sKAkKrV,PAYiB,L,WuiuyJNEi,tGtaRRTU
tGtaRRTU,L,L,PAYiB,sKAkKrV,PAYiB,L,WuiuyJNEi,tGtaRRTU
tGtaRRTU,L,L,PAYiB,sKAkKrV,PAYiB,L,WuiuyJNEi,tGtaRRTU
L
L
L
tGtaRRTU,L,L,PAYiB,sKAkKrV,PAYiB,L,tGtaRRTU,L
tGtaRRTU,L,PAYiB,sKAkKrV,PAYiB,L,tGtaRRTU,L
L
L
L
L
L
L
tGtaRRTU,L,L,PAYiB,sKAkKrV,PAYiB,L,WuiuyJNEi,tGtaRRTU
L
L
tGtaRRTU,L,L,PAYiB,PAYiB,L,WuiuyJNEi,tGtaRRTU,tGtaRRTU,L
WuiuyJNEi
tGtaRRTU,L,L,PAYiB,PAYiB,L,WuiuyJNEi,tGtaRRTU,tGtaRRTU,L
tGtaRRTU,L,L,PAYiB,PAYiB,L,WuiuyJNEi,tGtaRRTU,tGtaRRTU,L
WuiuyJNEi
WuiuyJNEi
tGtaRRTU,L,L,PAYiB,PAYiB,L,WuiuyJNEi,tGtaRRTU,tGtaRRTU,L,tGtaRRTU
tGtaRRTU,L,L,PAYiB,PAYiB,L,WuiuyJNEi,tGtaRRTU,tGtaRRTU,L,tGtaRRTU
tGtaRRTU,L,L,PAYiB,PAYiB,L,WuiuyJNEi,tGtaRRTU,tGtaRRTU,L,tGtaRRTU
tGtaRRTU,L,L,PAYiB,PAYiB,L,WuiuyJNEi,tGtaRRTU,tGtaRRTU,L,tGtaRRTU
tGtaRRTU
tGtaRRTU,L,PAYiB,PAYiB,L,WuiuyJNEi,tGtaRRTU,L,tGtaRRTU,L,tGtaRRTU,PAYiB,WuiuyJNEi
tGtaRRTU,L,PAYiB,PAYiB,L,WuiuyJNEi,tGtaRRTU,L,tGtaRRTU,L,tGtaRRTU,PAYiB,WuiuyJNEi
Jedi Wagner, assuma o comando!