[vazia]
Toque! Toque, Dijê!
PinHD
[vazia]
Toque! Toque, Dijê!
[vazia]
VoLuJRzIWw,PinHD
VoLuJRzIWw,PinHD
[vazia]
bSU
Ptt,bSU
Ptt
Toque! Toque, Dijê!
Toque! Toque, Dijê!
PinHD
PinHD,Ptt,VoLuJRzIWw
PinHD,Ptt,VoLuJRzIWw,VoLuJRzIWw,bSU
PinHD
PinHD,Ptt,VoLuJRzIWw,VoLuJRzIWw,bSU
PinHD,Ptt,VoLuJRzIWw,VoLuJRzIWw,bSU
PinHD,Ptt,VoLuJRzIWw,VoLuJRzIWw,bSU
PinHD
PinHD
PinHD,Ptt,VoLuJRzIWw,VoLuJRzIWw,bSU
PinHD,Ptt,VoLuJRzIWw,VoLuJRzIWw,bSU
PinHD,Ptt,VoLuJRzIWw,VoLuJRzIWw
Ptt
Ptt
PinHD,Ptt,VoLuJRzIWw,VoLuJRzIWw
bSU
bSU
VoLuJRzIWw
VoLuJRzIWw
Ptt,bSU,PinHD,VoLuJRzIWw,VoLuJRzIWw
VoLuJRzIWw
bSU,Ptt,PinHD,VoLuJRzIWw,VoLuJRzIWw,PinHD
bSU,Ptt,PinHD,VoLuJRzIWw,VoLuJRzIWw,PinHD
PinHD
bSU,Ptt,PinHD,VoLuJRzIWw,VoLuJRzIWw,PinHD
bSU,Ptt,PinHD,VoLuJRzIWw,VoLuJRzIWw,PinHD
Ptt,PinHD,VoLuJRzIWw,VoLuJRzIWw,PinHD
Ptt,PinHD,VoLuJRzIWw,VoLuJRzIWw,PinHD,VoLuJRzIWw,VoLuJRzIWw
Ptt,PinHD,VoLuJRzIWw,VoLuJRzIWw,PinHD,VoLuJRzIWw,VoLuJRzIWw
Ptt,PinHD,VoLuJRzIWw,VoLuJRzIWw,PinHD,VoLuJRzIWw,VoLuJRzIWw
VoLuJRzIWw,VoLuJRzIWw,Ptt,PinHD,VoLuJRzIWw,VoLuJRzIWw,bSU
VoLuJRzIWw
VoLuJRzIWw,VoLuJRzIWw,Ptt,PinHD,VoLuJRzIWw,VoLuJRzIWw,bSU,VoLuJRzIWw
VoLuJRzIWw
VoLuJRzIWw
PinHD,VoLuJRzIWw,VoLuJRzIWw,PinHD,VoLuJRzIWw,VoLuJRzIWw
VoLuJRzIWw
PinHD,VoLuJRzIWw,VoLuJRzIWw,PinHD,VoLuJRzIWw,VoLuJRzIWw
PinHD,VoLuJRzIWw,VoLuJRzIWw,PinHD,VoLuJRzIWw,VoLuJRzIWw
PinHD
VoLuJRzIWw,VoLuJRzIWw,PinHD,VoLuJRzIWw,VoLuJRzIWw,Ptt
VoLuJRzIWw,VoLuJRzIWw,PinHD,PinHD,VoLuJRzIWw,VoLuJRzIWw,Ptt,Ptt
VoLuJRzIWw,VoLuJRzIWw,PinHD,PinHD,VoLuJRzIWw,VoLuJRzIWw,Ptt,bSU
VoLuJRzIWw,VoLuJRzIWw,PinHD,PinHD,VoLuJRzIWw,VoLuJRzIWw,Ptt,bSU,bSU
PinHD
VoLuJRzIWw,VoLuJRzIWw,PinHD,PinHD,VoLuJRzIWw,VoLuJRzIWw,Ptt,bSU,bSU
PinHD
PinHD
PinHD
VoLuJRzIWw,VoLuJRzIWw,PinHD,PinHD,VoLuJRzIWw,VoLuJRzIWw,Ptt,bSU,bSU,Ptt,wxOIdjrkO,bSU
PinHD
VoLuJRzIWw,VoLuJRzIWw,PinHD,PinHD,VoLuJRzIWw,VoLuJRzIWw,Ptt,bSU,Ptt,wxOIdjrkO,bSU
VoLuJRzIWw,PinHD,PinHD,VoLuJRzIWw,VoLuJRzIWw,bSU,bSU,Ptt,wxOIdjrkO,bSU
PinHD
VoLuJRzIWw,PinHD,PinHD,VoLuJRzIWw,VoLuJRzIWw,bSU,wxOIdjrkO,bSU,VoLuJRzIWw
PinHD
PinHD
PinHD
VoLuJRzIWw,PinHD,PinHD,VoLuJRzIWw,VoLuJRzIWw,bSU,bSU,bSU,VoLuJRzIWw,bSU,bSU,PinHD
PinHD,PinHD,VoLuJRzIWw,VoLuJRzIWw,VoLuJRzIWw,bSU,bSU,bSU,VoLuJRzIWw,bSU,bSU,PinHD
VoLuJRzIWw
VoLuJRzIWw
PinHD,VoLuJRzIWw,bSU,PinHD,VoLuJRzIWw,VoLuJRzIWw,bSU,bSU,VoLuJRzIWw,bSU,bSU,PinHD,bSU
bSU
VoLuJRzIWw,bSU,VoLuJRzIWw,VoLuJRzIWw,bSU,bSU,VoLuJRzIWw,bSU,bSU,bSU,wxOIdjrkO,Ptt,PinHD
VoLuJRzIWw,bSU,VoLuJRzIWw,VoLuJRzIWw,bSU,bSU,VoLuJRzIWw,bSU,bSU,bSU,wxOIdjrkO,Ptt,PinHD
VoLuJRzIWw,PinHD,PinHD,VoLuJRzIWw,VoLuJRzIWw,bSU,bSU,bSU,VoLuJRzIWw,bSU,bSU,PinHD
VoLuJRzIWw,PinHD,PinHD,VoLuJRzIWw,VoLuJRzIWw,bSU,bSU,bSU,VoLuJRzIWw,bSU,bSU,PinHD,Ptt
VoLuJRzIWw
VoLuJRzIWw
VoLuJRzIWw
VoLuJRzIWw,PinHD,PinHD,VoLuJRzIWw,VoLuJRzIWw,bSU,bSU,bSU,VoLuJRzIWw,bSU,bSU,PinHD
PinHD,PinHD,bSU,VoLuJRzIWw,VoLuJRzIWw,bSU,bSU,VoLuJRzIWw,bSU,bSU,PinHD,Ptt
PinHD,PinHD,VoLuJRzIWw,bSU,VoLuJRzIWw,bSU,bSU,VoLuJRzIWw,bSU,bSU,PinHD,Ptt
PinHD,PinHD,bSU,VoLuJRzIWw,VoLuJRzIWw,bSU,bSU,VoLuJRzIWw,bSU,bSU,PinHD,Ptt
PinHD,PinHD,bSU,VoLuJRzIWw,bSU,bSU,VoLuJRzIWw,bSU,bSU,PinHD,Ptt
bSU
VoLuJRzIWw
VoLuJRzIWw,VoLuJRzIWw,PinHD,VoLuJRzIWw,bSU,bSU,bSU,VoLuJRzIWw,bSU,bSU,PinHD
PinHD,VoLuJRzIWw,bSU,bSU,bSU,VoLuJRzIWw,bSU,bSU,PinHD,bSU
VoLuJRzIWw,PinHD,VoLuJRzIWw,PinHD,VoLuJRzIWw,bSU,bSU,bSU,VoLuJRzIWw,bSU,bSU,PinHD,Ptt
VoLuJRzIWw,PinHD,VoLuJRzIWw,PinHD,VoLuJRzIWw,bSU,bSU,VoLuJRzIWw,bSU,bSU,PinHD,Ptt,wxOIdjrkO
wxOIdjrkO
PinHD,PinHD,VoLuJRzIWw,wxOIdjrkO,bSU,bSU,VoLuJRzIWw,bSU,bSU,PinHD,Ptt
bSU
PinHD,PinHD,VoLuJRzIWw,wxOIdjrkO,bSU,bSU,VoLuJRzIWw,bSU,bSU,PinHD,Ptt
bSU
bSU
PinHD,PinHD,VoLuJRzIWw,wxOIdjrkO,bSU,bSU,VoLuJRzIWw,bSU,Ptt,bSU,PinHD,Ptt,wxOIdjrkO,bSU,PinHD
Ptt
bSU
VoLuJRzIWw,bSU,VoLuJRzIWw,PinHD,Ptt,bSU,PinHD,PinHD,Ptt,wxOIdjrkO,bSU,PinHD,PinHD,PinHD,Ptt
VoLuJRzIWw,bSU,VoLuJRzIWw,PinHD,Ptt,bSU,PinHD,PinHD,Ptt,wxOIdjrkO,bSU,PinHD,PinHD,PinHD,Ptt
VoLuJRzIWw,bSU,VoLuJRzIWw,PinHD,Ptt,bSU,PinHD,PinHD,Ptt,wxOIdjrkO,bSU,PinHD,PinHD,PinHD,Ptt
bSU,PinHD,PinHD,wxOIdjrkO,VoLuJRzIWw,Ptt,PinHD,bSU,Ptt,bSU,PinHD,PinHD,PinHD,Ptt,VoLuJRzIWw
wxOIdjrkO
PinHD,PinHD,bSU,wxOIdjrkO,VoLuJRzIWw,Ptt,PinHD,bSU,Ptt,bSU,PinHD,PinHD,PinHD,Ptt,VoLuJRzIWw,wxOIdjrkO
wxOIdjrkO
PinHD,PinHD,bSU,wxOIdjrkO,Ptt,PinHD,bSU,Ptt,bSU,PinHD,PinHD,PinHD,Ptt,VoLuJRzIWw,wxOIdjrkO
PinHD
PinHD,PinHD,bSU,wxOIdjrkO,Ptt,PinHD,bSU,Ptt,bSU,PinHD,PinHD,PinHD,Ptt,VoLuJRzIWw,wxOIdjrkO
PinHD,PinHD,bSU,wxOIdjrkO,Ptt,PinHD,bSU,Ptt,bSU,PinHD,PinHD,PinHD,Ptt,VoLuJRzIWw,wxOIdjrkO
PinHD
PinHD,PinHD,bSU,wxOIdjrkO,Ptt,PinHD,bSU,Ptt,bSU,PinHD,PinHD,PinHD,Ptt,VoLuJRzIWw,wxOIdjrkO
PinHD,PinHD,bSU,wxOIdjrkO,Ptt,VoLuJRzIWw,PinHD,bSU,Ptt,bSU,PinHD,PinHD,PinHD,Ptt,wxOIdjrkO,wxOIdjrkO
PinHD
bSU
PinHD,PinHD,wxOIdjrkO,Ptt,PinHD,bSU,bSU,Ptt,bSU,PinHD,PinHD,PinHD,Ptt,VoLuJRzIWw,wxOIdjrkO
PinHD,wxOIdjrkO,Ptt,PinHD,bSU,bSU,Ptt,bSU,PinHD,PinHD,PinHD,Ptt,VoLuJRzIWw,wxOIdjrkO
Jedi Wagner, assuma o comando!