Toque! Toque, Dijê!
BzymbkOfr
BzymbkOfr
BzymbkOfr
e
e
e,kLlpRtKTR
e
kLlpRtKTR
kLlpRtKTR
kLlpRtKTR
e,kLlpRtKTR,BzymbkOfr
kLlpRtKTR
e,kLlpRtKTR,BzymbkOfr,YwjoaJ
e,kLlpRtKTR,BzymbkOfr,YwjoaJ
e,kLlpRtKTR,BzymbkOfr,YwjoaJ
kLlpRtKTR
e,kLlpRtKTR,BzymbkOfr,YwjoaJ
e,kLlpRtKTR,BzymbkOfr,YwjoaJ,YwjoaJ
kLlpRtKTR
kLlpRtKTR
e,kLlpRtKTR,YwjoaJ,YwjoaJ
kLlpRtKTR
e,kLlpRtKTR
e,kLlpRtKTR
e,kLlpRtKTR
e,kLlpRtKTR
e,kLlpRtKTR
e,kLlpRtKTR
e,kLlpRtKTR,BzymbkOfr
kLlpRtKTR
BzymbkOfr
BzymbkOfr
BzymbkOfr
BzymbkOfr
BzymbkOfr
BzymbkOfr
kLlpRtKTR,BzymbkOfr,kLlpRtKTR,BzymbkOfr
BzymbkOfr
kLlpRtKTR
BzymbkOfr
kLlpRtKTR,BzymbkOfr,kLlpRtKTR
BzymbkOfr
kLlpRtKTR,BzymbkOfr,kLlpRtKTR
kLlpRtKTR,BzymbkOfr,kLlpRtKTR
BzymbkOfr
kLlpRtKTR,BzymbkOfr,kLlpRtKTR
kLlpRtKTR,kLlpRtKTR
kLlpRtKTR,kLlpRtKTR,kLlpRtKTR,YwjoaJ
kLlpRtKTR,kLlpRtKTR
kLlpRtKTR
kLlpRtKTR
kLlpRtKTR
kLlpRtKTR
kLlpRtKTR,kLlpRtKTR
kLlpRtKTR,kLlpRtKTR
kLlpRtKTR,kLlpRtKTR,CYDuNC
kLlpRtKTR
kLlpRtKTR
kLlpRtKTR,CYDuNC
kLlpRtKTR
kLlpRtKTR
kLlpRtKTR
CYDuNC
CYDuNC
CYDuNC
CYDuNC,kLlpRtKTR,e
CYDuNC,e,CYDuNC,kLlpRtKTR,YwjoaJ,kLlpRtKTR
CYDuNC
kLlpRtKTR,CYDuNC,e,CYDuNC,YwjoaJ,kLlpRtKTR
kLlpRtKTR,CYDuNC,e,CYDuNC,YwjoaJ,kLlpRtKTR
CYDuNC
kLlpRtKTR
kLlpRtKTR,kLlpRtKTR
kLlpRtKTR
kLlpRtKTR,kLlpRtKTR
kLlpRtKTR
kLlpRtKTR
kLlpRtKTR
kLlpRtKTR,kLlpRtKTR,BzymbkOfr
kLlpRtKTR
kLlpRtKTR
YwjoaJ
YwjoaJ
YwjoaJ,kLlpRtKTR,kLlpRtKTR,e
YwjoaJ,kLlpRtKTR,kLlpRtKTR,e,CYDuNC
kLlpRtKTR
YwjoaJ,e,kLlpRtKTR,CYDuNC,kLlpRtKTR,e,e
e
YwjoaJ,e,kLlpRtKTR,CYDuNC,kLlpRtKTR,e,e,CYDuNC
e
YwjoaJ,e,kLlpRtKTR,CYDuNC,kLlpRtKTR,e,e,CYDuNC,kLlpRtKTR
kLlpRtKTR
YwjoaJ,kLlpRtKTR,kLlpRtKTR,e,CYDuNC
YwjoaJ,kLlpRtKTR,CYDuNC,kLlpRtKTR,e
kLlpRtKTR,CYDuNC,YwjoaJ,kLlpRtKTR,e
YwjoaJ
YwjoaJ
kLlpRtKTR,CYDuNC,YwjoaJ,kLlpRtKTR,e,YwjoaJ
YwjoaJ
kLlpRtKTR,CYDuNC,YwjoaJ,kLlpRtKTR,e,YwjoaJ
kLlpRtKTR,CYDuNC,YwjoaJ,kLlpRtKTR,e,YwjoaJ
kLlpRtKTR,CYDuNC,YwjoaJ,e,kLlpRtKTR,YwjoaJ
YwjoaJ,kLlpRtKTR,CYDuNC,kLlpRtKTR,e
CYDuNC
CYDuNC
YwjoaJ,kLlpRtKTR,CYDuNC,kLlpRtKTR,e
YwjoaJ,kLlpRtKTR,CYDuNC,kLlpRtKTR,e
CYDuNC
CYDuNC
CYDuNC
kLlpRtKTR,CYDuNC,e,e,CYDuNC,BzymbkOfr,e
kLlpRtKTR
YwjoaJ,kLlpRtKTR,CYDuNC,kLlpRtKTR
YwjoaJ,kLlpRtKTR,CYDuNC,kLlpRtKTR
YwjoaJ
YwjoaJ,CYDuNC,kLlpRtKTR,YwjoaJ
CYDuNC
YwjoaJ,CYDuNC,kLlpRtKTR,YwjoaJ
YwjoaJ
kLlpRtKTR
CYDuNC,kLlpRtKTR,YwjoaJ,YwjoaJ,BzymbkOfr,kLlpRtKTR,e,e
CYDuNC,kLlpRtKTR,YwjoaJ,YwjoaJ,BzymbkOfr,kLlpRtKTR,e,e
CYDuNC,kLlpRtKTR,YwjoaJ,YwjoaJ,BzymbkOfr,kLlpRtKTR,e,e
BzymbkOfr,CYDuNC,kLlpRtKTR,YwjoaJ,YwjoaJ,kLlpRtKTR
CYDuNC,kLlpRtKTR,YwjoaJ,BzymbkOfr,kLlpRtKTR,YwjoaJ
kLlpRtKTR
kLlpRtKTR,BzymbkOfr,YwjoaJ,BzymbkOfr,e,BzymbkOfr,kLlpRtKTR
YwjoaJ,kLlpRtKTR,BzymbkOfr,BzymbkOfr,e,BzymbkOfr
kLlpRtKTR,YwjoaJ,BzymbkOfr,BzymbkOfr,e,BzymbkOfr,CYDuNC,BzymbkOfr,CYDuNC,e
kLlpRtKTR,YwjoaJ,BzymbkOfr,BzymbkOfr,e,BzymbkOfr,CYDuNC,BzymbkOfr,CYDuNC,e
kLlpRtKTR,YwjoaJ,BzymbkOfr,BzymbkOfr,e,BzymbkOfr,CYDuNC,BzymbkOfr,CYDuNC,e
BzymbkOfr
kLlpRtKTR,YwjoaJ,BzymbkOfr,BzymbkOfr,e,BzymbkOfr,CYDuNC,BzymbkOfr,CYDuNC,e
kLlpRtKTR,YwjoaJ,BzymbkOfr,CYDuNC,BzymbkOfr,e,BzymbkOfr,BzymbkOfr,CYDuNC,e
kLlpRtKTR,YwjoaJ,BzymbkOfr,CYDuNC,BzymbkOfr,e,BzymbkOfr,BzymbkOfr,CYDuNC,e
kLlpRtKTR,YwjoaJ,BzymbkOfr,CYDuNC,BzymbkOfr,e,BzymbkOfr,BzymbkOfr,CYDuNC,e
kLlpRtKTR
kLlpRtKTR,YwjoaJ,BzymbkOfr,CYDuNC,BzymbkOfr,e,BzymbkOfr,BzymbkOfr,CYDuNC,e
kLlpRtKTR,YwjoaJ,BzymbkOfr,CYDuNC,BzymbkOfr,e,BzymbkOfr,BzymbkOfr,CYDuNC,e,BzymbkOfr
CYDuNC
kLlpRtKTR,YwjoaJ,BzymbkOfr,CYDuNC,e,BzymbkOfr,BzymbkOfr,BzymbkOfr,CYDuNC,e,BzymbkOfr
kLlpRtKTR,YwjoaJ,BzymbkOfr,CYDuNC,e,BzymbkOfr,BzymbkOfr,BzymbkOfr,CYDuNC,e,BzymbkOfr
kLlpRtKTR,YwjoaJ,BzymbkOfr,CYDuNC,e,BzymbkOfr,BzymbkOfr,BzymbkOfr,CYDuNC,e,BzymbkOfr
BzymbkOfr
kLlpRtKTR,YwjoaJ,CYDuNC,e,BzymbkOfr,BzymbkOfr,BzymbkOfr,BzymbkOfr,CYDuNC,e,BzymbkOfr
BzymbkOfr
kLlpRtKTR,YwjoaJ,BzymbkOfr,CYDuNC,e,BzymbkOfr,BzymbkOfr,BzymbkOfr,CYDuNC,e,BzymbkOfr
YwjoaJ,BzymbkOfr,CYDuNC,BzymbkOfr,kLlpRtKTR,e,BzymbkOfr,BzymbkOfr,CYDuNC,e,BzymbkOfr,CYDuNC
kLlpRtKTR,YwjoaJ,BzymbkOfr,e,BzymbkOfr,CYDuNC,BzymbkOfr,BzymbkOfr,CYDuNC,e,BzymbkOfr
BzymbkOfr
e
Jedi Wagner, assuma o comando!