[vazia]
[vazia]
[vazia]
XUQueFLiK
XUQueFLiK
XUQueFLiK
XUQueFLiK
XUQueFLiK
XUQueFLiK
XUQueFLiK
XUQueFLiK
XUQueFLiK
XUQueFLiK
XUQueFLiK,Uv
XUQueFLiK,Uv
XUQueFLiK
XUQueFLiK
XUQueFLiK,Uv,Dqvj,Dqvj,ovHEC,ovHEC,GyLY
XUQueFLiK
XUQueFLiK
XUQueFLiK
XUQueFLiK,Uv,kUoedDH
XUQueFLiK
GyLY
XUQueFLiK,Uv,GyLY
GyLY
GyLY
GyLY
XUQueFLiK,GyLY,Dqvj
Dqvj
XUQueFLiK,GyLY,Dqvj,ovHEC
XUQueFLiK,GyLY,Dqvj,ovHEC
Dqvj
GyLY,Dqvj
Dqvj
Dqvj
GyLY
GyLY,Dqvj
GyLY
GyLY
GyLY
GyLY,Oxa
GyLY
GyLY,Dqvj
GyLY
GyLY,Dqvj
GyLY,Dqvj,Uv
GyLY
GyLY,Dqvj,Dqvj
GyLY,Dqvj,Dqvj
GyLY,Dqvj,Dqvj,XUQueFLiK,XUQueFLiK
GyLY,Dqvj,Dqvj,XUQueFLiK,XUQueFLiK
GyLY
GyLY
Dqvj
Dqvj
GyLY,Dqvj,Dqvj,XUQueFLiK
GyLY
XUQueFLiK
XUQueFLiK
GyLY,Dqvj,Dqvj,Oxa
GyLY
GyLY,Dqvj,XUQueFLiK,Uv,XUQueFLiK
GyLY,Dqvj,XUQueFLiK,Uv,XUQueFLiK
GyLY,XUQueFLiK,Uv,XUQueFLiK,Oxa
GyLY
Uv
Uv
GyLY,Uv,XUQueFLiK,Oxa,VKK
Uv
Uv
GyLY,Uv,XUQueFLiK,Oxa,VKK,XUQueFLiK,ovHEC
GyLY,Uv,XUQueFLiK,Oxa,VKK,XUQueFLiK,ovHEC
GyLY
Uv,XUQueFLiK,Oxa,VKK,GyLY,XUQueFLiK,ovHEC
Uv,XUQueFLiK,Oxa,VKK,GyLY,XUQueFLiK,ovHEC
GyLY
Uv,XUQueFLiK,Oxa,VKK,XUQueFLiK,ovHEC,Uv,z
XUQueFLiK,Oxa,VKK,XUQueFLiK,ovHEC,Uv,z,GyLY
Jedi Wagner, assuma o comando!