BNq
BNq
BNq,QUjQEDLLD
BNq
BNq
BNq
NepgzZt
NepgzZt
NepgzZt,ZkAH,TYJDDiDhTU
NepgzZt,ZkAH,TYJDDiDhTU
ZkAH
NepgzZt,ZkAH,TYJDDiDhTU
NepgzZt,TYJDDiDhTU
TYJDDiDhTU
TYJDDiDhTU,NepgzZt,QUjQEDLLD
TYJDDiDhTU
TYJDDiDhTU
TYJDDiDhTU
TYJDDiDhTU
TYJDDiDhTU
TYJDDiDhTU,QUjQEDLLD
TYJDDiDhTU,QUjQEDLLD
TYJDDiDhTU,QUjQEDLLD
TYJDDiDhTU
TYJDDiDhTU
BNq
BNq
Toque! Toque, Dijê!
Toque! Toque, Dijê!
Toque! Toque, Dijê!
[vazia]
[vazia]
TYJDDiDhTU
TYJDDiDhTU
TYJDDiDhTU
TYJDDiDhTU
TYJDDiDhTU
TYJDDiDhTU
TYJDDiDhTU
TYJDDiDhTU
TYJDDiDhTU
TYJDDiDhTU
TYJDDiDhTU,TYJDDiDhTU
TYJDDiDhTU
TYJDDiDhTU
nJH,TYJDDiDhTU,TYJDDiDhTU,BNq
nJH
TYJDDiDhTU,QUjQEDLLD
TYJDDiDhTU,QUjQEDLLD
TYJDDiDhTU
TYJDDiDhTU
TYJDDiDhTU
TYJDDiDhTU
TYJDDiDhTU
NepgzZt
NepgzZt,TYJDDiDhTU,BNq,TYJDDiDhTU
NepgzZt,TYJDDiDhTU,BNq,TYJDDiDhTU
NepgzZt
BNq
BNq
TYJDDiDhTU
BNq,TYJDDiDhTU,TYJDDiDhTU,nJH,QUjQEDLLD
nJH
BNq,TYJDDiDhTU,nJH,QUjQEDLLD
BNq,TYJDDiDhTU,nJH,QUjQEDLLD
BNq,TYJDDiDhTU,nJH,QUjQEDLLD
QUjQEDLLD
QUjQEDLLD
QUjQEDLLD
TYJDDiDhTU,nJH,QUjQEDLLD,BNq
QUjQEDLLD
QUjQEDLLD
TYJDDiDhTU,QUjQEDLLD,BNq
QUjQEDLLD
BNq,TYJDDiDhTU,nJH,QUjQEDLLD
QUjQEDLLD
QUjQEDLLD
TYJDDiDhTU,nJH,QUjQEDLLD,BNq
BNq
BNq
BNq
Toque! Toque, Dijê!
[vazia]
[vazia]
QUjQEDLLD
BNq,nJH,QUjQEDLLD,TYJDDiDhTU,nJH,TYJDDiDhTU
BNq,nJH,QUjQEDLLD,TYJDDiDhTU,nJH,TYJDDiDhTU
QUjQEDLLD
BNq,QUjQEDLLD,nJH,TYJDDiDhTU,nJH,TYJDDiDhTU,QUjQEDLLD
BNq,TYJDDiDhTU,nJH,TYJDDiDhTU,QUjQEDLLD,NepgzZt
nJH
nJH
nJH
nJH
BNq,QUjQEDLLD,nJH,TYJDDiDhTU,QUjQEDLLD
nJH
BNq,QUjQEDLLD,nJH,QUjQEDLLD
BNq,QUjQEDLLD,nJH,QUjQEDLLD
BNq,nJH,QUjQEDLLD,QUjQEDLLD
QUjQEDLLD
BNq,nJH,QUjQEDLLD,QUjQEDLLD
BNq,nJH,QUjQEDLLD,QUjQEDLLD
BNq,QUjQEDLLD,nJH,QUjQEDLLD
nJH
BNq,QUjQEDLLD,QUjQEDLLD,ZkAH
QUjQEDLLD
QUjQEDLLD
BNq,QUjQEDLLD,TYJDDiDhTU,nJH,TYJDDiDhTU,QUjQEDLLD
nJH
BNq,QUjQEDLLD,nJH,TYJDDiDhTU,TYJDDiDhTU,QUjQEDLLD
BNq,QUjQEDLLD,nJH,TYJDDiDhTU,TYJDDiDhTU,QUjQEDLLD
BNq
BNq
QUjQEDLLD,BNq,TYJDDiDhTU,nJH,TYJDDiDhTU,QUjQEDLLD,ZkAH
BNq,TYJDDiDhTU,TYJDDiDhTU,nJH,QUjQEDLLD
BNq,TYJDDiDhTU,TYJDDiDhTU,nJH,QUjQEDLLD
BNq,TYJDDiDhTU,TYJDDiDhTU,nJH,QUjQEDLLD,BNq
nJH
BNq,TYJDDiDhTU,TYJDDiDhTU,nJH,QUjQEDLLD,BNq,ZkAH
nJH
BNq,TYJDDiDhTU,TYJDDiDhTU,nJH,QUjQEDLLD,BNq,ZkAH
nJH
QUjQEDLLD
BNq,TYJDDiDhTU,nJH,QUjQEDLLD,BNq,ZkAH,ZkAH
QUjQEDLLD
BNq,TYJDDiDhTU,nJH,QUjQEDLLD,BNq,ZkAH,ZkAH
BNq,TYJDDiDhTU,nJH,BNq,QUjQEDLLD,ZkAH,ZkAH
ZkAH
ZkAH
BNq,TYJDDiDhTU,ZkAH,nJH,BNq,ZkAH,ZkAH,ZkAH,BNq
BNq,TYJDDiDhTU,ZkAH,nJH,BNq,ZkAH,ZkAH,ZkAH,BNq,nJH
BNq
BNq
BNq
BNq
BNq
BNq,TYJDDiDhTU,QUjQEDLLD,BNq,ZkAH,ZkAH
BNq,QUjQEDLLD,BNq,TYJDDiDhTU,ZkAH,ZkAH,TYJDDiDhTU
TYJDDiDhTU
BNq,QUjQEDLLD,BNq,TYJDDiDhTU,ZkAH,TYJDDiDhTU,nJH,nJH,ZkAH
TYJDDiDhTU
TYJDDiDhTU
TYJDDiDhTU
TYJDDiDhTU
BNq,QUjQEDLLD,BNq,TYJDDiDhTU,ZkAH,TYJDDiDhTU,nJH,nJH,ZkAH
BNq
BNq,TYJDDiDhTU,nJH,QUjQEDLLD,BNq,ZkAH,ZkAH,QUjQEDLLD,nJH
BNq
TYJDDiDhTU,nJH,QUjQEDLLD,BNq,BNq,ZkAH,ZkAH,QUjQEDLLD,nJH
TYJDDiDhTU,nJH,QUjQEDLLD,BNq,BNq,ZkAH,ZkAH,QUjQEDLLD,nJH
TYJDDiDhTU,nJH,QUjQEDLLD,BNq,BNq,ZkAH,ZkAH,QUjQEDLLD,nJH
TYJDDiDhTU,nJH,QUjQEDLLD,BNq,BNq,ZkAH,ZkAH,QUjQEDLLD,nJH
TYJDDiDhTU,nJH,QUjQEDLLD,BNq,BNq,ZkAH,ZkAH,QUjQEDLLD,nJH
ZkAH
ZkAH
TYJDDiDhTU,nJH,BNq,BNq,QUjQEDLLD,ZkAH,QUjQEDLLD,nJH,nJH,BNq
QUjQEDLLD
TYJDDiDhTU,nJH,BNq,BNq,QUjQEDLLD,ZkAH,QUjQEDLLD,nJH,nJH,BNq
TYJDDiDhTU,QUjQEDLLD,BNq,nJH,ZkAH,QUjQEDLLD,nJH,nJH,BNq
BNq
BNq
BNq
BNq
nJH
TYJDDiDhTU,QUjQEDLLD,BNq,nJH,ZkAH,QUjQEDLLD,nJH,nJH,BNq
BNq
BNq
BNq
TYJDDiDhTU,QUjQEDLLD,BNq,nJH,ZkAH,QUjQEDLLD,nJH,nJH,BNq
BNq
BNq,nJH,ZkAH,QUjQEDLLD,nJH,nJH,BNq,ZkAH,nJH
BNq,nJH,ZkAH,QUjQEDLLD,nJH,nJH,BNq,ZkAH,nJH,nJH
BNq,nJH,ZkAH,QUjQEDLLD,nJH,nJH,BNq,ZkAH,nJH,nJH
BNq,nJH,QUjQEDLLD,nJH,nJH,BNq,ZkAH,nJH,nJH
nJH
BNq,nJH,QUjQEDLLD,nJH,nJH,BNq,ZkAH,nJH,nJH
BNq,nJH,ZkAH,QUjQEDLLD,nJH,nJH,BNq,ZkAH,nJH,nJH
BNq,nJH,ZkAH,QUjQEDLLD,nJH,nJH,BNq,ZkAH,nJH,nJH,TYJDDiDhTU,NepgzZt,BNq
nJH
nJH
nJH
nJH
TYJDDiDhTU,nJH,ZkAH,QUjQEDLLD,nJH,nJH,ZkAH,nJH,nJH,BNq,BNq,TYJDDiDhTU
nJH
nJH,ZkAH,QUjQEDLLD,nJH,nJH,ZkAH,nJH,nJH,BNq,BNq,TYJDDiDhTU,nJH
ZkAH
nJH
nJH,QUjQEDLLD,ZkAH,nJH,nJH,ZkAH,nJH,nJH,BNq,BNq,nJH,QUjQEDLLD
nJH,QUjQEDLLD,BNq,ZkAH,nJH,nJH,ZkAH,nJH,nJH,BNq,nJH,QUjQEDLLD,TYJDDiDhTU
nJH,QUjQEDLLD,BNq,ZkAH,nJH,nJH,ZkAH,nJH,nJH,BNq,nJH,QUjQEDLLD,TYJDDiDhTU,QUjQEDLLD
nJH,QUjQEDLLD,BNq,ZkAH,nJH,nJH,ZkAH,nJH,nJH,BNq,nJH,QUjQEDLLD,TYJDDiDhTU,QUjQEDLLD
BNq
BNq
ZkAH
nJH
nJH
nJH
nJH,BNq,ZkAH,nJH,QUjQEDLLD,nJH,ZkAH,nJH,nJH,BNq,nJH,QUjQEDLLD,QUjQEDLLD,ZkAH,BNq
nJH,BNq,ZkAH,nJH,QUjQEDLLD,nJH,ZkAH,nJH,nJH,BNq,nJH,QUjQEDLLD,QUjQEDLLD,ZkAH,BNq
nJH
nJH,BNq,ZkAH,nJH,QUjQEDLLD,nJH,ZkAH,nJH,nJH,BNq,nJH,QUjQEDLLD,QUjQEDLLD,ZkAH,BNq
nJH,BNq,ZkAH,nJH,QUjQEDLLD,nJH,ZkAH,nJH,nJH,BNq,nJH,QUjQEDLLD,TYJDDiDhTU,QUjQEDLLD,ZkAH,TYJDDiDhTU,nJH,TYJDDiDhTU
BNq
BNq
Jedi Wagner, assuma o comando!