Toque! Toque, Dijê!
DHhPJ,DHhPJ
DHhPJ,DHhPJ
DHhPJ
DHhPJ
DHhPJ
DHhPJ,DHhPJ
DHhPJ
DHhPJ
DHhPJ
DHhPJ
DHhPJ,DHhPJ,DHhPJ,DHhPJ
DHhPJ
DHhPJ,DHhPJ,DHhPJ
DHhPJ
DHhPJ
DHhPJ
DHhPJ
DHhPJ
DHhPJ
DHhPJ
DHhPJ,DHhPJ
DHhPJ
DHhPJ
DHhPJ
DHhPJ,DHhPJ,DHhPJ
DHhPJ
DHhPJ,DHhPJ,DHhPJ
DHhPJ,DHhPJ,DHhPJ
DHhPJ,DHhPJ,DHhPJ
DHhPJ
DHhPJ
DHhPJ
DHhPJ,DHhPJ,DHhPJ
DHhPJ,DHhPJ
DHhPJ
DHhPJ
DHhPJ
DHhPJ
DHhPJ
DHhPJ
DHhPJ
DHhPJ
DHhPJ,DHhPJ
DHhPJ,DHhPJ,DHhPJ,DHhPJ
DHhPJ,DHhPJ,DHhPJ,DHhPJ
DHhPJ,DHhPJ,DHhPJ,DHhPJ
DHhPJ
DHhPJ
DHhPJ,DHhPJ,DHhPJ,DHhPJ
DHhPJ,DHhPJ,DHhPJ,DHhPJ
DHhPJ,DHhPJ,DHhPJ,DHhPJ,DHhPJ,DHhPJ
DHhPJ,DHhPJ,DHhPJ,DHhPJ,DHhPJ
DHhPJ,DHhPJ,DHhPJ,DHhPJ,DHhPJ
DHhPJ
DHhPJ
DHhPJ
DHhPJ,DHhPJ,DHhPJ,DHhPJ,DHhPJ
DHhPJ
DHhPJ,DHhPJ,DHhPJ,DHhPJ,DHhPJ
DHhPJ
DHhPJ,DHhPJ,DHhPJ
DHhPJ,DHhPJ,DHhPJ,DHhPJ
DHhPJ,DHhPJ,DHhPJ
DHhPJ,DHhPJ
DHhPJ,DHhPJ,DHhPJ,DHhPJ,DHhPJ
DHhPJ
DHhPJ
DHhPJ,DHhPJ,DHhPJ,DHhPJ,DHhPJ,DHhPJ,DHhPJ
DHhPJ,DHhPJ,DHhPJ,DHhPJ,DHhPJ,DHhPJ
DHhPJ
DHhPJ
DHhPJ,DHhPJ,DHhPJ,DHhPJ,DHhPJ,DHhPJ
DHhPJ
DHhPJ
DHhPJ,DHhPJ,DHhPJ,DHhPJ,DHhPJ
DHhPJ,DHhPJ
DHhPJ,DHhPJ,DHhPJ
DHhPJ
DHhPJ,DHhPJ,DHhPJ,DHhPJ
DHhPJ,DHhPJ,DHhPJ,DHhPJ
DHhPJ
DHhPJ,DHhPJ,DHhPJ
DHhPJ,DHhPJ,DHhPJ
Jedi Wagner, assuma o comando!