Toque! Toque, Dijê!
[vazia]
Toque! Toque, Dijê!
Toque! Toque, Dijê!
ifMbkLsi
ifMbkLsi,sodpnI,ifMbkLsi
ifMbkLsi,sodpnI,ifMbkLsi
ifMbkLsi,sodpnI,ifMbkLsi
ifMbkLsi,sodpnI,ifMbkLsi
ifMbkLsi,sodpnI,ifMbkLsi
[vazia]
[vazia]
FOmFMGxk
FOmFMGxk
FOmFMGxk
FOmFMGxk,ifMbkLsi
ifMbkLsi,lqRRsxds
Toque! Toque, Dijê!
saawsURI
saawsURI
saawsURI
saawsURI
lqRRsxds
ifMbkLsi,lqRRsxds,lqRRsxds
ifMbkLsi,lqRRsxds,lqRRsxds
ifMbkLsi,lqRRsxds,lqRRsxds
lqRRsxds
ifMbkLsi,lqRRsxds,lqRRsxds
lqRRsxds
ifMbkLsi
ifMbkLsi
lqRRsxds,lqRRsxds,saawsURI,ifMbkLsi
ifMbkLsi
lqRRsxds,lqRRsxds,saawsURI,ifMbkLsi
lqRRsxds,lqRRsxds,saawsURI,ifMbkLsi
lqRRsxds,lqRRsxds,saawsURI,ifMbkLsi
lqRRsxds,lqRRsxds,saawsURI,ifMbkLsi
lqRRsxds,lqRRsxds,saawsURI,ifMbkLsi
lqRRsxds,lqRRsxds,saawsURI,FOmFMGxk
lqRRsxds,lqRRsxds,saawsURI,FOmFMGxk
lqRRsxds,lqRRsxds,saawsURI,FOmFMGxk
lqRRsxds,lqRRsxds,saawsURI,FOmFMGxk,saawsURI,PHRg
lqRRsxds,lqRRsxds,saawsURI,FOmFMGxk,saawsURI,PHRg
lqRRsxds
lqRRsxds,lqRRsxds,saawsURI,FOmFMGxk,saawsURI,PHRg
ifMbkLsi
Jedi Wagner, assuma o comando!