Toque! Toque, Dijê!
Toque! Toque, Dijê!
RikNweLPmV,UAh,EkCNw,XJVQnoZrb
UAh
RikNweLPmV,UAh,wYik,EkCNw,XJVQnoZrb,UAh
RikNweLPmV,UAh,wYik,EkCNw,XJVQnoZrb,UAh,wYik
wYik
wYik
RikNweLPmV,wYik,UAh,EkCNw,UAh,wYik
RikNweLPmV,wYik,UAh,EkCNw,UAh,wYik
wYik
RikNweLPmV,wYik,UAh,EkCNw,UAh,wYik
UAh
RikNweLPmV,wYik,UAh,EkCNw,UAh,wYik,vH,wYik
UAh
RikNweLPmV,wYik,UAh,EkCNw,UAh,wYik,vH,wYik
wYik
vH
vH
RikNweLPmV,UAh,EkCNw,UAh,wYik,vH,wYik,vH,UywAWNYlL
RikNweLPmV,UAh,EkCNw,UAh,wYik,vH,wYik,vH,UywAWNYlL
vH
RikNweLPmV,UAh,UAh,wYik,vH,wYik,vH,UywAWNYlL,UAh
RikNweLPmV,UAh,UAh,wYik,vH,wYik,vH,UywAWNYlL,UAh
vH
vH
wYik,vH,wYik,vH,UAh,UAh,UywAWNYlL,UAh,UywAWNYlL,vH,wYik,vH
wYik,vH,wYik,vH,UAh,UAh,UywAWNYlL,UAh,UywAWNYlL,vH,wYik,vH
UAh
UAh
wYik,vH,wYik,vH,UAh,UAh,UywAWNYlL,UAh,UywAWNYlL,vH,wYik,vH
vH
RikNweLPmV,UAh,UAh,wYik,vH,wYik,vH,UywAWNYlL,UAh
RikNweLPmV,UAh,UAh,wYik,vH,wYik,vH,UywAWNYlL,UAh
vH
vH
RikNweLPmV,UAh,wYik,vH,wYik,UywAWNYlL,vH,UAh,UAh
UywAWNYlL
vH
vH
vH
UAh,UAh,wYik,vH,wYik,vH,RikNweLPmV,UywAWNYlL,UAh,CcpymscW,RikNweLPmV
RikNweLPmV
RikNweLPmV,UAh,UAh,wYik,vH,wYik,vH,UywAWNYlL,UAh,vH
UAh
RikNweLPmV,UAh,UAh,wYik,vH,wYik,vH,UywAWNYlL,UAh,vH
UAh
UAh
UAh,UAh,wYik,vH,wYik,vH,UywAWNYlL,UAh,vH
UAh
UAh
UAh
UAh
UywAWNYlL
UywAWNYlL
UywAWNYlL
RikNweLPmV,UAh,UAh,wYik,vH,wYik,vH,UAh,UywAWNYlL,vH,EkCNw,RikNweLPmV
RikNweLPmV,UAh,UAh,wYik,vH,wYik,vH,UAh,UywAWNYlL,vH,EkCNw,RikNweLPmV
UywAWNYlL
RikNweLPmV,UAh,UAh,wYik,vH,wYik,vH,UAh,UywAWNYlL,vH,EkCNw,RikNweLPmV,x
UywAWNYlL
UAh,UAh,vH,vH,UAh,UywAWNYlL,vH,RikNweLPmV,XJVQnoZrb,vH
RikNweLPmV
UAh,UAh,vH,vH,UAh,UywAWNYlL,vH,RikNweLPmV,XJVQnoZrb,RikNweLPmV,EkCNw,x,RikNweLPmV
UAh,UAh,vH,vH,UAh,UywAWNYlL,vH,RikNweLPmV,XJVQnoZrb,RikNweLPmV,EkCNw,x,RikNweLPmV
UAh,UAh,vH,vH,UAh,UywAWNYlL,vH,RikNweLPmV,XJVQnoZrb,RikNweLPmV,EkCNw,x,RikNweLPmV
RikNweLPmV
UAh,UAh,UAh,UywAWNYlL,vH,RikNweLPmV,XJVQnoZrb,RikNweLPmV,x,RikNweLPmV,UywAWNYlL,wYik
UAh,UAh,UAh,UywAWNYlL,RikNweLPmV,XJVQnoZrb,RikNweLPmV,x,RikNweLPmV,UywAWNYlL,wYik
UAh,UAh,UAh,vH,RikNweLPmV,XJVQnoZrb,RikNweLPmV,x,RikNweLPmV,UywAWNYlL,wYik
UywAWNYlL
UAh,UAh,UAh,UywAWNYlL,XJVQnoZrb,RikNweLPmV,x,RikNweLPmV,UywAWNYlL,vH,RikNweLPmV,wYik
UAh,UAh,UAh,UywAWNYlL,XJVQnoZrb,RikNweLPmV,x,RikNweLPmV,UywAWNYlL,vH,RikNweLPmV,wYik
vH
RikNweLPmV
RikNweLPmV
UAh,UAh,UAh,RikNweLPmV,RikNweLPmV,UywAWNYlL,vH,RikNweLPmV,XJVQnoZrb,wYik,RikNweLPmV
UAh,UAh,UAh,RikNweLPmV,RikNweLPmV,UywAWNYlL,vH,RikNweLPmV,XJVQnoZrb,wYik,RikNweLPmV
wYik
wYik
UAh,UAh,UAh,RikNweLPmV,RikNweLPmV,UywAWNYlL,vH,RikNweLPmV,XJVQnoZrb,wYik,RikNweLPmV,XJVQnoZrb
UAh,UAh,UAh,RikNweLPmV,RikNweLPmV,UywAWNYlL,vH,RikNweLPmV,XJVQnoZrb,wYik,RikNweLPmV,XJVQnoZrb
wYik
UAh,UAh,UAh,RikNweLPmV,RikNweLPmV,UywAWNYlL,vH,RikNweLPmV,XJVQnoZrb,wYik,RikNweLPmV,XJVQnoZrb
UAh,UAh,UAh,RikNweLPmV,RikNweLPmV,UywAWNYlL,vH,RikNweLPmV,XJVQnoZrb,wYik,RikNweLPmV,XJVQnoZrb
wYik
UAh,UAh,UAh,RikNweLPmV,RikNweLPmV,UywAWNYlL,vH,RikNweLPmV,XJVQnoZrb,wYik,RikNweLPmV,XJVQnoZrb,XJVQnoZrb
UAh,UAh,UAh,RikNweLPmV,RikNweLPmV,UywAWNYlL,vH,RikNweLPmV,XJVQnoZrb,wYik,RikNweLPmV,XJVQnoZrb
RikNweLPmV
XJVQnoZrb
UAh,UAh,UAh,RikNweLPmV,UywAWNYlL,vH,RikNweLPmV,XJVQnoZrb,wYik,RikNweLPmV,XJVQnoZrb,UywAWNYlL
UAh,UAh,UAh,RikNweLPmV,UywAWNYlL,vH,RikNweLPmV,wYik,RikNweLPmV,XJVQnoZrb,UywAWNYlL
XJVQnoZrb
UAh,UAh,UAh,RikNweLPmV,UywAWNYlL,vH,RikNweLPmV,wYik,RikNweLPmV,XJVQnoZrb,UywAWNYlL
UywAWNYlL
UAh,UAh,UAh,RikNweLPmV,UywAWNYlL,vH,RikNweLPmV,wYik,RikNweLPmV,UywAWNYlL,wYik,EkCNw
UAh,UAh,UAh,RikNweLPmV,UywAWNYlL,RikNweLPmV,wYik,RikNweLPmV,UywAWNYlL,wYik,EkCNw,EkCNw
UAh,UAh,UAh,RikNweLPmV,vH,RikNweLPmV,RikNweLPmV,UywAWNYlL,wYik,EkCNw,UywAWNYlL,EkCNw,CcpymscW
UAh
UAh,UAh,RikNweLPmV,RikNweLPmV,RikNweLPmV,UywAWNYlL,wYik,EkCNw,UywAWNYlL,UAh,vH,EkCNw,CcpymscW,UAh
EkCNw
UAh
UAh,UAh,UAh,RikNweLPmV,UywAWNYlL,vH,RikNweLPmV,wYik,RikNweLPmV,UywAWNYlL,wYik,EkCNw
UAh
UAh
UAh
UAh
EkCNw
EkCNw
EkCNw
UAh,UAh,UAh,RikNweLPmV,UywAWNYlL,RikNweLPmV,RikNweLPmV,UywAWNYlL,wYik,UAh,EkCNw,wYik,RikNweLPmV
EkCNw
EkCNw
UAh,UAh,UAh,RikNweLPmV,UywAWNYlL,RikNweLPmV,wYik,RikNweLPmV,UywAWNYlL,wYik,UAh,EkCNw
EkCNw
EkCNw
UywAWNYlL
UywAWNYlL
UAh,UAh,UAh,RikNweLPmV,RikNweLPmV,wYik,RikNweLPmV,UywAWNYlL,wYik,UAh,EkCNw,UywAWNYlL,UywAWNYlL,vH
UywAWNYlL
UAh,UAh,UAh,RikNweLPmV,RikNweLPmV,wYik,RikNweLPmV,UywAWNYlL,wYik,UAh,EkCNw,UywAWNYlL,UywAWNYlL,vH
UAh,UAh,UAh,RikNweLPmV,RikNweLPmV,wYik,RikNweLPmV,UywAWNYlL,wYik,UAh,EkCNw,UywAWNYlL,UywAWNYlL,vH
EkCNw
UAh,UAh,UAh,RikNweLPmV,RikNweLPmV,wYik,RikNweLPmV,UywAWNYlL,wYik,UAh,UywAWNYlL,EkCNw,UywAWNYlL,vH,vH
UAh,UAh,UAh,RikNweLPmV,RikNweLPmV,wYik,RikNweLPmV,UywAWNYlL,wYik,UAh,UywAWNYlL,EkCNw,UywAWNYlL,vH,vH
UAh,UAh,UAh,RikNweLPmV,RikNweLPmV,wYik,RikNweLPmV,UywAWNYlL,wYik,UAh,UywAWNYlL,EkCNw,UywAWNYlL,vH,vH
UAh,UAh,UAh,RikNweLPmV,RikNweLPmV,wYik,RikNweLPmV,wYik,UAh,UywAWNYlL,EkCNw,UywAWNYlL,vH,vH,wYik
EkCNw
UAh,UAh,UAh,RikNweLPmV,UywAWNYlL,RikNweLPmV,wYik,RikNweLPmV,UywAWNYlL,wYik,UAh,EkCNw
EkCNw
UAh,UAh,UAh,RikNweLPmV,UywAWNYlL,RikNweLPmV,wYik,RikNweLPmV,UywAWNYlL,wYik,UAh,EkCNw
UAh,UAh,RikNweLPmV,UywAWNYlL,RikNweLPmV,wYik,RikNweLPmV,UywAWNYlL,wYik,UAh,EkCNw,UAh
x
RikNweLPmV
UAh
UAh,UAh,RikNweLPmV,UywAWNYlL,RikNweLPmV,wYik,RikNweLPmV,UywAWNYlL,wYik,UAh,EkCNw,UAh,x,RikNweLPmV
UywAWNYlL
UywAWNYlL
UywAWNYlL
UywAWNYlL
RikNweLPmV
UAh,UywAWNYlL,RikNweLPmV,RikNweLPmV,EkCNw,wYik,RikNweLPmV,UywAWNYlL,wYik,UAh,UAh,RikNweLPmV,wYik,RikNweLPmV,x,wYik
UAh,UAh,RikNweLPmV,UywAWNYlL,RikNweLPmV,wYik,RikNweLPmV,UywAWNYlL,wYik,UAh,EkCNw,UAh,x,RikNweLPmV,wYik,RikNweLPmV,x,wYik
UAh,UAh,RikNweLPmV,UywAWNYlL,RikNweLPmV,wYik,RikNweLPmV,UywAWNYlL,wYik,UAh,EkCNw,UAh,x,RikNweLPmV,wYik,RikNweLPmV,x,wYik
UAh,UAh,RikNweLPmV,RikNweLPmV,wYik,RikNweLPmV,UywAWNYlL,wYik,UAh,EkCNw,UAh,x,RikNweLPmV,wYik,RikNweLPmV,x,wYik
RikNweLPmV
RikNweLPmV
UAh,UAh,RikNweLPmV,RikNweLPmV,wYik,RikNweLPmV,UywAWNYlL,wYik,UAh,EkCNw,UAh,x,RikNweLPmV,wYik,RikNweLPmV,x,wYik
UAh,UAh,RikNweLPmV,UywAWNYlL,RikNweLPmV,wYik,RikNweLPmV,UywAWNYlL,wYik,UAh,EkCNw,UAh,x,RikNweLPmV,wYik,RikNweLPmV,x,wYik,XJVQnoZrb,XJVQnoZrb,UAh
RikNweLPmV
RikNweLPmV
RikNweLPmV
RikNweLPmV
UAh,UAh,RikNweLPmV,UywAWNYlL,RikNweLPmV,wYik,RikNweLPmV,UywAWNYlL,wYik,UAh,EkCNw,UAh,x,RikNweLPmV,wYik,RikNweLPmV,x,wYik
UAh,RikNweLPmV,UywAWNYlL,RikNweLPmV,UAh,wYik,RikNweLPmV,UywAWNYlL,wYik,UAh,EkCNw,UAh,x,RikNweLPmV,wYik,RikNweLPmV,x,wYik
UAh
UAh,RikNweLPmV,UywAWNYlL,RikNweLPmV,EkCNw,UAh,wYik,RikNweLPmV,UywAWNYlL,wYik,UAh,UAh,x,RikNweLPmV,wYik,RikNweLPmV,x,wYik
EkCNw
EkCNw
UAh,UywAWNYlL,EkCNw,wYik,UAh,UywAWNYlL,wYik,UAh,UAh,x,RikNweLPmV,wYik,RikNweLPmV,x,wYik,x,CcpymscW,CcpymscW,XJVQnoZrb,x
UAh,UywAWNYlL,EkCNw,wYik,UAh,UywAWNYlL,wYik,UAh,UAh,x,RikNweLPmV,wYik,RikNweLPmV,x,wYik,x,CcpymscW,CcpymscW,XJVQnoZrb,x
wYik
UAh,UywAWNYlL,EkCNw,wYik,UAh,UywAWNYlL,wYik,UAh,UAh,x,RikNweLPmV,wYik,RikNweLPmV,x,wYik,x,CcpymscW,CcpymscW,XJVQnoZrb,x
UAh,UywAWNYlL,EkCNw,wYik,UAh,UywAWNYlL,wYik,UAh,UAh,x,RikNweLPmV,wYik,RikNweLPmV,x,wYik,x,CcpymscW,CcpymscW,XJVQnoZrb,x,x
UAh,UywAWNYlL,EkCNw,wYik,UAh,UywAWNYlL,wYik,UAh,UAh,x,RikNweLPmV,wYik,RikNweLPmV,x,wYik,x,CcpymscW,CcpymscW,XJVQnoZrb,x,x
wYik
UAh
UAh
UywAWNYlL,EkCNw,UAh,UywAWNYlL,wYik,wYik,x,UAh,UAh,UAh,wYik,RikNweLPmV,x,wYik,x,CcpymscW,CcpymscW,XJVQnoZrb,x,x,wYik,EkCNw,UywAWNYlL
wYik
UAh
EkCNw,UAh,UywAWNYlL,UAh,RikNweLPmV,UywAWNYlL,UAh,UAh,wYik,RikNweLPmV,wYik,x,CcpymscW,CcpymscW,XJVQnoZrb,x,x,XJVQnoZrb,wYik
EkCNw,UywAWNYlL,UAh,UywAWNYlL,UAh,UAh,wYik,RikNweLPmV,wYik,x,CcpymscW,CcpymscW,XJVQnoZrb,x,x,XJVQnoZrb,wYik,RikNweLPmV,CcpymscW
EkCNw,UywAWNYlL,UAh,UywAWNYlL,UAh,UAh,wYik,RikNweLPmV,wYik,x,CcpymscW,CcpymscW,XJVQnoZrb,x,x,XJVQnoZrb,wYik,RikNweLPmV,CcpymscW
UAh
UAh
EkCNw,UywAWNYlL,UAh,UywAWNYlL,UAh,UAh,wYik,RikNweLPmV,wYik,x,CcpymscW,CcpymscW,XJVQnoZrb,x,x,XJVQnoZrb,wYik,RikNweLPmV,CcpymscW,EkCNw,CcpymscW,XJVQnoZrb
UAh
EkCNw,UywAWNYlL,UAh,UywAWNYlL,UAh,UAh,wYik,RikNweLPmV,wYik,x,CcpymscW,CcpymscW,XJVQnoZrb,x,x,XJVQnoZrb,wYik,RikNweLPmV,CcpymscW,EkCNw,CcpymscW,XJVQnoZrb,RikNweLPmV,x
UAh
EkCNw,UAh,UywAWNYlL,UywAWNYlL,UAh,UAh,wYik,RikNweLPmV,wYik,x,CcpymscW,CcpymscW,XJVQnoZrb,x,x,XJVQnoZrb,wYik,RikNweLPmV,CcpymscW,EkCNw,CcpymscW,XJVQnoZrb,RikNweLPmV,x,CcpymscW
EkCNw,UAh,UywAWNYlL,UywAWNYlL,UAh,UAh,wYik,RikNweLPmV,wYik,x,CcpymscW,CcpymscW,XJVQnoZrb,x,x,XJVQnoZrb,wYik,RikNweLPmV,CcpymscW,EkCNw,CcpymscW,XJVQnoZrb,RikNweLPmV,x,CcpymscW
EkCNw,UAh,UywAWNYlL,UywAWNYlL,UAh,UAh,wYik,RikNweLPmV,wYik,x,CcpymscW,CcpymscW,XJVQnoZrb,x,x,XJVQnoZrb,wYik,RikNweLPmV,CcpymscW,EkCNw,CcpymscW,XJVQnoZrb,RikNweLPmV,x,CcpymscW
EkCNw,UAh,CcpymscW,UywAWNYlL,UywAWNYlL,UAh,UAh,wYik,RikNweLPmV,wYik,x,CcpymscW,XJVQnoZrb,x,x,XJVQnoZrb,wYik,RikNweLPmV,CcpymscW,EkCNw,CcpymscW,XJVQnoZrb,RikNweLPmV,x,CcpymscW
EkCNw,UAh,CcpymscW,UywAWNYlL,UywAWNYlL,UAh,UAh,wYik,RikNweLPmV,wYik,x,CcpymscW,XJVQnoZrb,x,x,XJVQnoZrb,wYik,RikNweLPmV,CcpymscW,EkCNw,CcpymscW,XJVQnoZrb,RikNweLPmV,x,CcpymscW
EkCNw,UAh,CcpymscW,UywAWNYlL,UywAWNYlL,UAh,UAh,wYik,RikNweLPmV,wYik,x,CcpymscW,XJVQnoZrb,x,x,XJVQnoZrb,wYik,RikNweLPmV,CcpymscW,EkCNw,CcpymscW,XJVQnoZrb,RikNweLPmV,x,CcpymscW
x
UAh,UywAWNYlL,wYik,UAh,UywAWNYlL,wYik,UAh,EkCNw,UAh,x,RikNweLPmV,wYik,RikNweLPmV,x,wYik,x,CcpymscW,CcpymscW,XJVQnoZrb,x,x,XJVQnoZrb
UAh,UywAWNYlL,wYik,UAh,UywAWNYlL,wYik,UAh,UAh,x,RikNweLPmV,wYik,RikNweLPmV,x,wYik,x,CcpymscW,CcpymscW,XJVQnoZrb,x,x,XJVQnoZrb,UywAWNYlL
x
UAh,UywAWNYlL,wYik,UAh,UywAWNYlL,wYik,UAh,UAh,x,RikNweLPmV,wYik,RikNweLPmV,x,wYik,x,CcpymscW,CcpymscW,XJVQnoZrb,x,x,XJVQnoZrb,UywAWNYlL,RikNweLPmV
UAh,UywAWNYlL,wYik,UAh,UywAWNYlL,wYik,UAh,UAh,x,RikNweLPmV,wYik,RikNweLPmV,x,wYik,x,CcpymscW,CcpymscW,XJVQnoZrb,x,x,XJVQnoZrb,UywAWNYlL,RikNweLPmV,EkCNw
UAh,UywAWNYlL,wYik,UAh,UywAWNYlL,wYik,UAh,UAh,x,wYik,XJVQnoZrb,RikNweLPmV,x,wYik,x,CcpymscW,CcpymscW,x,x,XJVQnoZrb,UywAWNYlL,RikNweLPmV,EkCNw,x,vH
x
UAh,UywAWNYlL,wYik,UAh,UywAWNYlL,wYik,UAh,UAh,wYik,RikNweLPmV,x,x,wYik,x,CcpymscW,CcpymscW,x,x,XJVQnoZrb,UywAWNYlL,RikNweLPmV,EkCNw,x
CcpymscW
Jedi Wagner, assuma o comando!