Toque! Toque, Dijê!
Toque! Toque, Dijê!
OHwfCMjbyx
Toque! Toque, Dijê!
Toque! Toque, Dijê!
Toque! Toque, Dijê!
[vazia]
Toque! Toque, Dijê!
[vazia]
[vazia]
Toque! Toque, Dijê!
Toque! Toque, Dijê!
Toque! Toque, Dijê!
[vazia]
Toque! Toque, Dijê!
Toque! Toque, Dijê!
[vazia]
[vazia]
Toque! Toque, Dijê!
Toque! Toque, Dijê!
Toque! Toque, Dijê!
[vazia]
Toque! Toque, Dijê!
Toque! Toque, Dijê!
Toque! Toque, Dijê!
Toque! Toque, Dijê!
[vazia]
[vazia]
[vazia]
xkvjTDC
[vazia]
[vazia]
[vazia]
[vazia]
[vazia]
Toque! Toque, Dijê!
M
M
Toque! Toque, Dijê!
Toque! Toque, Dijê!
OHwfCMjbyx
OHwfCMjbyx
OHwfCMjbyx
OHwfCMjbyx,UYdRq,UYdRq,UYdRq,KDDFpIR
OHwfCMjbyx
Toque! Toque, Dijê!
Toque! Toque, Dijê!
[vazia]
xkvjTDC
[vazia]
[vazia]
Toque! Toque, Dijê!
NgusRv
NgusRv
NgusRv
bPyrcVT
bPyrcVT,FL
bPyrcVT
bPyrcVT,FL,bPyrcVT
bPyrcVT
FL
FL
FL
FL
bPyrcVT,FL,bPyrcVT,knDJA,KDDFpIR
bPyrcVT,FL,bPyrcVT,knDJA
FL
FL
bPyrcVT,FL,bPyrcVT,knDJA
knDJA
bPyrcVT,knDJA,bPyrcVT
bPyrcVT,knDJA
bPyrcVT,knDJA
bPyrcVT,knDJA
bPyrcVT,knDJA,bPyrcVT
knDJA
bPyrcVT
Jedi Wagner, assuma o comando!