Toque! Toque, Dijê!
[vazia]
Toque! Toque, Dijê!
[vazia]
[vazia]
[vazia]
Toque! Toque, Dijê!
vqeQ
vqeQ
vqeQ
Toque! Toque, Dijê!
Toque! Toque, Dijê!
Toque! Toque, Dijê!
vqeQ
vqeQ,vqeQ,vqeQ
vqeQ
vqeQ
vqeQ
vqeQ,vqeQ,vqeQ
vqeQ
vqeQ,vqeQ,vqeQ
vqeQ,vqeQ,vqeQ
vqeQ,vqeQ,vqeQ
vqeQ
vqeQ
vqeQ
vqeQ,vqeQ
vqeQ
vqeQ,vqeQ
vqeQ,vqeQ,vqeQ
vqeQ
vqeQ,vqeQ,vqeQ,vqeQ,vqeQ
vqeQ,vqeQ,vqeQ,vqeQ,vqeQ,vqeQ
vqeQ
vqeQ
vqeQ,vqeQ,vqeQ,vqeQ,vqeQ,vqeQ,vqeQ
vqeQ,vqeQ,vqeQ,vqeQ,vqeQ,vqeQ,vqeQ
vqeQ,vqeQ,vqeQ,vqeQ,vqeQ,vqeQ,vqeQ,vqeQ,vqeQ,vqeQ,vqeQ
vqeQ
vqeQ
vqeQ
vqeQ
vqeQ,vqeQ,vqeQ,vqeQ,vqeQ,vqeQ,vqeQ,vqeQ,vqeQ,vqeQ,vqeQ,vqeQ
vqeQ,vqeQ,vqeQ,vqeQ,vqeQ,vqeQ,vqeQ,vqeQ,vqeQ,vqeQ,vqeQ,vqeQ,vqeQ
vqeQ,vqeQ,vqeQ,vqeQ,vqeQ,vqeQ,vqeQ,vqeQ,vqeQ,vqeQ,vqeQ,vqeQ,vqeQ
vqeQ
vqeQ
vqeQ
vqeQ
vqeQ
vqeQ,vqeQ,vqeQ,vqeQ,vqeQ
vqeQ,vqeQ,vqeQ,vqeQ,vqeQ
vqeQ
vqeQ,vqeQ,vqeQ,vqeQ,vqeQ
vqeQ
vqeQ
vqeQ,vqeQ,vqeQ,vqeQ,vqeQ
vqeQ
vqeQ,vqeQ,vqeQ,vqeQ,vqeQ
vqeQ,vqeQ,vqeQ,vqeQ,vqeQ
vqeQ
vqeQ
vqeQ
vqeQ,vqeQ,vqeQ,vqeQ,vqeQ,vqeQ,vqeQ,vqeQ
vqeQ,vqeQ,vqeQ,vqeQ,vqeQ,vqeQ,vqeQ,vqeQ
vqeQ,vqeQ,vqeQ,vqeQ,vqeQ,vqeQ,vqeQ,vqeQ
vqeQ,vqeQ,vqeQ,vqeQ,vqeQ,vqeQ,vqeQ,vqeQ
vqeQ
vqeQ
vqeQ
vqeQ,vqeQ,vqeQ,vqeQ,vqeQ,vqeQ,vqeQ,vqeQ
vqeQ,vqeQ,vqeQ,vqeQ,vqeQ,vqeQ,vqeQ,vqeQ
vqeQ,vqeQ,vqeQ,vqeQ,vqeQ,vqeQ,vqeQ,vqeQ,vqeQ
vqeQ
vqeQ
vqeQ,vqeQ,vqeQ,vqeQ,vqeQ,vqeQ,vqeQ,vqeQ,vqeQ
vqeQ,vqeQ,vqeQ,vqeQ,vqeQ,vqeQ,vqeQ,vqeQ,vqeQ
vqeQ,vqeQ,vqeQ,vqeQ,vqeQ,vqeQ,vqeQ,vqeQ,vqeQ
vqeQ,vqeQ,vqeQ,vqeQ,vqeQ,vqeQ,vqeQ,vqeQ,vqeQ
vqeQ
vqeQ,vqeQ,vqeQ,vqeQ,vqeQ,vqeQ,vqeQ,vqeQ,vqeQ
vqeQ,vqeQ,vqeQ,vqeQ,vqeQ,vqeQ,vqeQ,vqeQ,vqeQ
vqeQ,vqeQ,vqeQ,vqeQ,vqeQ,vqeQ,vqeQ,vqeQ,vqeQ
vqeQ
vqeQ
vqeQ
vqeQ,vqeQ,vqeQ,vqeQ,vqeQ,vqeQ,vqeQ,vqeQ,vqeQ,vqeQ,vqeQ,vqeQ
vqeQ
vqeQ
vqeQ,vqeQ,vqeQ,vqeQ,vqeQ,vqeQ,vqeQ,vqeQ,vqeQ,vqeQ,vqeQ
vqeQ
vqeQ
vqeQ,vqeQ,vqeQ,vqeQ,vqeQ,vqeQ,vqeQ,vqeQ,vqeQ,vqeQ,vqeQ
vqeQ
vqeQ
vqeQ
vqeQ
vqeQ,vqeQ,vqeQ,vqeQ,vqeQ,vqeQ,vqeQ,vqeQ,vqeQ
vqeQ,vqeQ,vqeQ,vqeQ,vqeQ,vqeQ,vqeQ,vqeQ,vqeQ,vqeQ,vqeQ
vqeQ
Jedi Wagner, assuma o comando!