[vazia]
Toque! Toque, Dijê!
Bn
Bn,Bn
Bn,Bn
Bn
Bn,Bn,hhiPbfBAa,Bn,Bn
Bn
Bn,Bn,hhiPbfBAa,Bn,Bn
Bn,Bn,hhiPbfBAa,Bn,Bn
Bn,hhiPbfBAa,Bn,Bn,Bn,Bn,Bn
Bn
Bn
Bn
Bn
Bn
Bn
Bn
Bn,Bn,Bn,Bn,Bn
Bn,hhiPbfBAa,Bn,Bn,Bn,Bn,Bn
Bn,hhiPbfBAa,Bn,Bn,Bn,Bn,Bn
Bn,hhiPbfBAa,Bn,Bn,Bn,Bn,Bn,hhiPbfBAa
hhiPbfBAa,Bn,Bn,Bn,Bn,Bn,Bn,hhiPbfBAa
hhiPbfBAa,Bn,Bn,Bn,Bn,Bn,Bn,hhiPbfBAa
Bn,Bn,Bn,hhiPbfBAa,Bn,Bn,Bn,hhiPbfBAa
Bn
Bn,Bn,hhiPbfBAa,Bn,Bn,Bn,Bn,hhiPbfBAa
Bn,Bn,hhiPbfBAa,Bn,Bn,Bn,Bn,hhiPbfBAa,Bn
Bn
Bn,Bn,Bn,Bn,Bn,hhiPbfBAa,Bn
Bn,Bn,hhiPbfBAa,Bn,Bn,Bn,Bn,hhiPbfBAa
hhiPbfBAa
hhiPbfBAa
hhiPbfBAa
Bn,Bn,hhiPbfBAa,Bn,Bn,Bn,Bn
Bn,Bn,hhiPbfBAa,Bn,Bn,Bn,Bn
Bn
Bn,Bn,hhiPbfBAa,Bn,Bn,Bn,Bn
Bn
Bn,Bn,hhiPbfBAa,Bn,Bn
Bn
Bn
Bn
Bn,Bn,hhiPbfBAa,Bn,Bn,hhiPbfBAa,hhiPbfBAa
Bn
Bn
Bn
Bn,Bn,Bn,Bn,Bn
Bn,Bn,Bn,Bn,Bn
Bn,Bn,Bn,Bn,Bn
Bn,Bn,Bn,Bn,Bn
Bn
Bn,Bn,Bn,Bn,Bn
Bn,Bn,Bn,Bn,Bn
Bn
Bn,Bn,Bn,Bn
Bn,Bn,Bn,Bn
Bn
Bn,Bn,Bn,Bn,Bn
Bn,Bn,Bn,Bn,Bn,hhiPbfBAa,Bn
Bn,Bn,Bn,Bn,Bn,hhiPbfBAa,Bn
Bn
hhiPbfBAa
Bn
Bn
Bn
Bn
Bn
Bn,Bn,hhiPbfBAa,Bn,Bn,hhiPbfBAa
Bn,Bn,Bn,Bn
Bn,Bn,Bn,Bn,hhiPbfBAa
Bn,Bn,Bn,Bn,hhiPbfBAa
hhiPbfBAa
hhiPbfBAa
Bn,Bn,Bn,Bn,hhiPbfBAa,Bn,Bn
Bn,Bn,Bn,Bn,hhiPbfBAa,Bn,Bn
Bn
Bn,Bn,Bn,Bn,Bn
Bn
Bn
Bn,Bn,Bn,Bn,Bn
Bn,Bn,Bn,Bn,Bn
Bn,Bn,Bn,Bn,Bn
Bn,Bn,Bn,Bn,Bn
Bn
hhiPbfBAa
Bn,Bn,Bn,Bn,Bn
Bn,Bn,Bn,Bn,Bn
Bn,Bn,Bn,Bn,Bn
Bn
Bn,Bn,Bn,Bn,Bn
Bn
Bn
Bn
Bn
Bn,Bn,hhiPbfBAa,Bn,Bn,Bn,Bn,Bn,Bn
Bn,Bn,Bn,Bn,Bn,Bn,Bn
Bn,Bn,Bn,Bn,Bn,Bn
Bn
Bn,Bn,Bn,Bn,Bn,Bn
Bn
Bn
Bn
Bn
Bn,Bn,Bn,Bn,Bn,Bn,Bn
Bn
Bn,Bn,Bn,Bn,Bn,Bn,Bn,Bn
Bn,Bn,Bn,Bn,Bn,Bn,Bn,Bn,Bn
Bn,Bn,Bn,Bn,Bn,Bn,Bn,Bn,Bn
Bn
Bn
Bn,Bn,Bn,Bn,Bn,Bn,Bn,Bn,Bn,Bn
Bn,Bn,Bn,Bn,Bn,Bn,Bn,Bn,Bn
Bn,Bn,Bn,Bn,Bn,Bn,Bn,Bn,Bn
Bn
Bn
Bn
Bn,Bn,Bn,Bn,Bn,Bn,Bn,Bn,Bn
Bn
Bn,Bn,Bn,Bn,Bn,Bn,Bn,Bn,Bn,hhiPbfBAa
Bn
Bn,Bn,Bn,Bn,Bn,Bn,Bn,Bn,Bn,hhiPbfBAa,Bn,Bn
Bn
Bn
Bn
Bn
Bn
Bn,Bn,Bn,Bn,Bn,Bn,Bn,Bn,Bn,Bn,Bn,Bn,Bn,hhiPbfBAa
Bn,Bn,Bn,Bn,Bn,Bn,Bn,Bn,Bn,Bn,Bn,Bn,Bn,hhiPbfBAa
Bn,Bn,Bn,Bn,Bn,Bn,Bn,Bn,hhiPbfBAa,Bn,Bn,Bn,Bn,Bn
Bn
Bn
Bn,Bn,Bn,Bn,Bn,Bn,Bn,Bn,Bn,Bn,Bn,Bn,Bn
Bn
Bn,Bn,Bn,Bn,Bn,Bn,Bn,Bn,Bn,Bn,Bn,Bn,Bn
hhiPbfBAa
hhiPbfBAa
hhiPbfBAa
hhiPbfBAa
hhiPbfBAa
Bn,Bn,Bn,Bn,Bn,Bn,Bn,Bn,hhiPbfBAa,Bn,Bn,Bn,Bn,Bn,Bn,Bn,Bn
Bn,Bn,Bn,Bn,Bn,Bn,Bn,Bn,hhiPbfBAa,Bn,Bn,Bn,Bn,Bn,Bn,Bn,Bn
Bn,Bn,Bn,Bn,Bn,Bn,hhiPbfBAa,Bn,Bn,Bn,Bn,Bn,Bn,Bn,Bn,Bn
Bn
Bn
Bn
Bn,Bn,Bn,Bn,Bn,Bn,hhiPbfBAa,Bn,Bn,Bn,Bn,Bn,Bn,Bn,Bn,Bn
Bn
Bn,Bn,Bn,Bn,Bn,Bn,Bn,Bn,Bn,Bn,Bn,Bn,Bn,Bn
Bn,Bn,Bn,Bn,Bn,Bn,Bn,Bn,Bn,Bn,Bn,Bn,Bn,Bn
Bn
Bn,Bn,Bn,Bn,Bn,Bn,Bn,Bn,Bn,Bn,Bn,Bn,Bn,Bn,hhiPbfBAa
Bn
Jedi Wagner, assuma o comando!