Toque! Toque, Dijê!
Toque! Toque, Dijê!
[vazia]
[vazia]
[vazia]
RhRs
RhRs
RhRs,QJR,PQyO
QJR
QJR
QJR
RhRs,QJR
RhRs,QJR
RhRs,QJR
RhRs,QJR
QJR
QJR,Cpt
QJR,Cpt
QJR,Cpt
QJR,Cpt
QJR
QJR
uighu
QJR,uighu
QJR
QJR
QJR,uighu,RhRs,VzgQGuZX,PQyO
QJR,uighu,RhRs,VzgQGuZX,PQyO
QJR
QJR
uighu
uighu
QJR,uighu
QJR
QJR
QJR
QJR
QJR,XOCwIqdm
QJR,XOCwIqdm
QJR,XOCwIqdm,uighu
QJR,XOCwIqdm,uighu
QJR
XOCwIqdm
uighu
QJR,uighu,XOCwIqdm
uighu
XOCwIqdm
XOCwIqdm
QJR,XOCwIqdm,uighu
XOCwIqdm,uighu
XOCwIqdm,uighu
XOCwIqdm
uighu
uighu
XOCwIqdm,uighu
uighu
uighu
uighu
uighu
XOCwIqdm,uighu,VzgQGuZX
uighu
uighu
uighu
XOCwIqdm,uighu,VzgQGuZX
uighu
XOCwIqdm,uighu,uighu,PQyO
XOCwIqdm,uighu,uighu,PQyO
PQyO
PQyO
PQyO
XOCwIqdm,uighu,uighu,PQyO,XOCwIqdm,XOCwIqdm
XOCwIqdm,uighu,uighu,PQyO,XOCwIqdm,XOCwIqdm,RhRs
PQyO
XOCwIqdm,uighu,uighu,PQyO
XOCwIqdm
XOCwIqdm
XOCwIqdm,uighu,uighu,PQyO
XOCwIqdm
uighu
uighu,PQyO,XOCwIqdm,uighu,QJR
QJR
QJR
QJR
QJR
RhRs
uighu,uighu,PQyO,XOCwIqdm,RhRs,fRJX,RhRs
uighu,uighu,PQyO,XOCwIqdm,RhRs,fRJX,RhRs
RhRs
uighu,uighu,XOCwIqdm,fRJX,RhRs,QJR,VzgQGuZX
uighu,uighu,RhRs,QJR,VzgQGuZX,XOCwIqdm,fRJX
VzgQGuZX
VzgQGuZX
VzgQGuZX
VzgQGuZX
uighu,RhRs,QJR,VzgQGuZX,fRJX,Cpt
fRJX
uighu,RhRs,QJR,VzgQGuZX,fRJX,Cpt,QJR
uighu,RhRs,VzgQGuZX,fRJX,Cpt,QJR
uighu,RhRs,fRJX,Cpt,QJR
fRJX
fRJX
fRJX
uighu,RhRs,fRJX,Cpt
uighu,RhRs,fRJX,Cpt
uighu,RhRs,Cpt
Cpt
Cpt
Cpt
uighu,RhRs,Cpt,QJR
QJR
QJR
QJR
QJR
uighu,Cpt,QJR
uighu,Cpt,QJR,PQyO,fRJX
Cpt
uighu,QJR,Cpt,fRJX,fRJX
uighu,Cpt,RhRs,fRJX,fRJX,fRJX,fRJX
uighu,Cpt,RhRs,fRJX,fRJX,fRJX,fRJX
uighu,Cpt,RhRs,fRJX,fRJX,fRJX,fRJX
RhRs
uighu,Cpt,RhRs,fRJX,fRJX,fRJX,fRJX
RhRs
fRJX
uighu,QJR,Cpt,fRJX,fRJX,XOCwIqdm,fRJX,fRJX,fRJX,fRJX,XOCwIqdm,QJR
uighu,QJR,Cpt,fRJX,fRJX,XOCwIqdm,fRJX,fRJX,fRJX,fRJX,XOCwIqdm,QJR
XOCwIqdm
XOCwIqdm
XOCwIqdm
XOCwIqdm
fRJX
fRJX
fRJX
QJR,fRJX,fRJX,fRJX,fRJX,fRJX,XOCwIqdm,fRJX,XOCwIqdm,QJR,PQyO,fRJX,uighu
fRJX
QJR,fRJX,fRJX,XOCwIqdm,fRJX,fRJX,fRJX,fRJX,XOCwIqdm,QJR,PQyO,fRJX,uighu
QJR,fRJX,fRJX,XOCwIqdm,fRJX,fRJX,fRJX,fRJX,PQyO,XOCwIqdm,QJR,fRJX,uighu,uighu
fRJX
fRJX
fRJX
QJR,fRJX,fRJX,fRJX,fRJX,fRJX,fRJX,XOCwIqdm,XOCwIqdm,QJR,PQyO,fRJX,uighu
fRJX,fRJX,fRJX,fRJX,fRJX,fRJX,XOCwIqdm,QJR,XOCwIqdm,QJR,fRJX,uighu
XOCwIqdm
fRJX
fRJX,fRJX,fRJX,fRJX,fRJX,XOCwIqdm,XOCwIqdm,fRJX,QJR,QJR,fRJX,uighu,XOCwIqdm
fRJX
QJR
QJR
QJR
QJR
fRJX,fRJX,fRJX,fRJX,XOCwIqdm,XOCwIqdm,fRJX,QJR,QJR,fRJX,fRJX,uighu,XOCwIqdm,VzgQGuZX,Cpt
QJR
QJR
fRJX,fRJX,fRJX,fRJX,fRJX,XOCwIqdm,XOCwIqdm,fRJX,QJR,QJR,fRJX,uighu,XOCwIqdm
Jedi Wagner, assuma o comando!