Toque! Toque, Dijê!
Toque! Toque, Dijê!
[vazia]
Igq
Igq
Igq
Igq,gjSJdDQk,co,gjSJdDQk,OalH
Igq,gjSJdDQk,co,gjSJdDQk,gjSJdDQk
Igq,gjSJdDQk,co,gjSJdDQk,gjSJdDQk,Ev
Igq,gjSJdDQk,co,gjSJdDQk,gjSJdDQk,Ev
gjSJdDQk
Igq,co,gjSJdDQk,gjSJdDQk,gjSJdDQk,gpPXYxBrp,Igq,OalH
Igq,co,gjSJdDQk,gjSJdDQk,gjSJdDQk,gpPXYxBrp,Igq,OalH
Igq,co,gjSJdDQk,gjSJdDQk,gjSJdDQk,gpPXYxBrp,Igq,OalH
gjSJdDQk
Igq,co,gjSJdDQk,gjSJdDQk,gjSJdDQk,gpPXYxBrp,Igq,OalH,Igq
gjSJdDQk
Igq,co,gjSJdDQk,gjSJdDQk,OalH,gjSJdDQk,gpPXYxBrp,Igq,co
Igq,co,gjSJdDQk,gjSJdDQk,OalH,gjSJdDQk,gpPXYxBrp,Igq,co,LHIVpRA
Igq,co,gjSJdDQk,gjSJdDQk,gjSJdDQk,gpPXYxBrp,Igq,OalH,Igq
Igq
Igq
Igq
Igq
Igq
Igq,co,gjSJdDQk,gjSJdDQk,gjSJdDQk,Igq,OalH,Igq,gpPXYxBrp,LHIVpRA,co,LHIVpRA,Igq,co
Igq
Igq,co,gjSJdDQk,gjSJdDQk,gjSJdDQk,OalH,Igq,Igq,LHIVpRA,co,LHIVpRA,Igq,co,gpPXYxBrp,XrpUq
OalH
Igq
Igq
Igq,co,gjSJdDQk,gjSJdDQk,gjSJdDQk,gpPXYxBrp,Igq,OalH,Igq
Igq
Igq,co,gjSJdDQk,gjSJdDQk,gjSJdDQk,gpPXYxBrp,Igq,OalH,Igq
Igq
Igq,co,gjSJdDQk,gjSJdDQk,gjSJdDQk,gpPXYxBrp,Igq,OalH,Igq,Ev
Igq
OalH
co,gjSJdDQk,gjSJdDQk,gjSJdDQk,Igq,OalH,Igq,XrpUq,OalH
Igq
Igq
Igq,gjSJdDQk,gjSJdDQk,gjSJdDQk,Igq,OalH,Igq,co
Igq
Igq,co,gjSJdDQk,gjSJdDQk,Igq,OalH,Igq,gjSJdDQk,LHIVpRA,Igq
OalH
Igq,gjSJdDQk,gjSJdDQk,Igq,OalH,Igq,gjSJdDQk,Igq,co,OalH,LHIVpRA,gjSJdDQk
LHIVpRA
LHIVpRA
Igq,gjSJdDQk,gjSJdDQk,Igq,OalH,Igq,gjSJdDQk,Igq,OalH,LHIVpRA,gjSJdDQk,gjSJdDQk,Ev,Igq
Igq,gjSJdDQk,gjSJdDQk,Igq,OalH,Igq,gjSJdDQk,Igq,OalH,LHIVpRA,gjSJdDQk,gjSJdDQk,Ev,Igq
LHIVpRA
Igq,gjSJdDQk,gjSJdDQk,Igq,OalH,Igq,gjSJdDQk,Igq,OalH,LHIVpRA,gjSJdDQk,gjSJdDQk,Ev,Igq
OalH
Igq,gjSJdDQk,Igq,Igq,gjSJdDQk,LHIVpRA,Igq,OalH,co,gjSJdDQk,gjSJdDQk,OalH
co
Igq,gjSJdDQk,Igq,Igq,gjSJdDQk,LHIVpRA,Igq,OalH,co,gjSJdDQk,gjSJdDQk,OalH,Ev,LHIVpRA
co
co
Igq,gjSJdDQk,gjSJdDQk,Igq,OalH,Igq,gjSJdDQk,LHIVpRA,Igq,co,OalH,gjSJdDQk
Igq,gjSJdDQk,gjSJdDQk,Igq,OalH,Igq,gjSJdDQk,LHIVpRA,Igq,co,OalH,gjSJdDQk
OalH
Igq,gjSJdDQk,gjSJdDQk,Igq,Igq,gjSJdDQk,LHIVpRA,Igq,co,OalH,gjSJdDQk,OalH
OalH
Igq,gjSJdDQk,gjSJdDQk,Igq,Igq,gjSJdDQk,LHIVpRA,Igq,co,OalH,gjSJdDQk,OalH
Igq,gjSJdDQk,gjSJdDQk,Igq,Igq,gjSJdDQk,LHIVpRA,Igq,OalH,gjSJdDQk,OalH
gjSJdDQk,gjSJdDQk,Igq,Igq,gjSJdDQk,LHIVpRA,Igq,OalH,gjSJdDQk,OalH
gjSJdDQk,gjSJdDQk,Igq,Igq,gjSJdDQk,LHIVpRA,Igq,OalH,gjSJdDQk,OalH
OalH
OalH
co
Igq
gjSJdDQk,gjSJdDQk,Igq,OalH,Igq,gjSJdDQk,LHIVpRA,Igq,OalH,co,Igq,gjSJdDQk
Igq
Igq
Igq
gjSJdDQk,Igq,OalH,Igq,gjSJdDQk,Igq,OalH,co,Igq,gjSJdDQk,gjSJdDQk,gpPXYxBrp
gjSJdDQk,Igq,OalH,Igq,gjSJdDQk,Igq,OalH,co,Igq,gjSJdDQk,gjSJdDQk,gpPXYxBrp
gjSJdDQk,Igq,Igq,gjSJdDQk,Igq,OalH,co,Igq,OalH,gjSJdDQk,gjSJdDQk,gpPXYxBrp
gjSJdDQk,Igq,gjSJdDQk,Igq,OalH,co,Igq,OalH,gjSJdDQk,gjSJdDQk,gpPXYxBrp,gpPXYxBrp
gjSJdDQk,Igq,gjSJdDQk,Igq,OalH,co,Igq,OalH,gjSJdDQk,gjSJdDQk,gpPXYxBrp,gpPXYxBrp
gjSJdDQk
gjSJdDQk
gjSJdDQk
gjSJdDQk,Igq,gjSJdDQk,Igq,OalH,co,Igq,OalH,gjSJdDQk,gjSJdDQk,gpPXYxBrp,gpPXYxBrp
gjSJdDQk,Igq,gjSJdDQk,Igq,OalH,co,Igq,OalH,gjSJdDQk,gjSJdDQk,gpPXYxBrp,gpPXYxBrp
gjSJdDQk
gjSJdDQk,gjSJdDQk,Igq,OalH,Igq,OalH,gjSJdDQk,gjSJdDQk,gpPXYxBrp,gpPXYxBrp
gjSJdDQk,gjSJdDQk,Igq,OalH,Igq,OalH,gjSJdDQk,gjSJdDQk,Ev,LHIVpRA,gjSJdDQk
gjSJdDQk,Igq,gjSJdDQk,Igq,co,Igq,OalH,gjSJdDQk,gjSJdDQk,gpPXYxBrp,gpPXYxBrp,gjSJdDQk
gjSJdDQk,Igq,gjSJdDQk,Igq,co,Igq,OalH,gjSJdDQk,gjSJdDQk,gpPXYxBrp,gpPXYxBrp,gjSJdDQk
gjSJdDQk
gjSJdDQk,Igq,gjSJdDQk,Igq,co,Igq,OalH,gjSJdDQk,gjSJdDQk,gpPXYxBrp,gpPXYxBrp,LHIVpRA,co
gjSJdDQk,Igq,gjSJdDQk,Igq,co,Igq,OalH,gjSJdDQk,gjSJdDQk,gpPXYxBrp,gpPXYxBrp,LHIVpRA,co
gjSJdDQk,Igq,gjSJdDQk,Igq,OalH,co,Igq,OalH,gjSJdDQk,gjSJdDQk,gpPXYxBrp,gpPXYxBrp
gjSJdDQk
gjSJdDQk
gjSJdDQk
gjSJdDQk,Igq,gjSJdDQk,Igq,OalH,co,Igq,OalH,gjSJdDQk,gjSJdDQk,gpPXYxBrp,gpPXYxBrp,XrpUq
Jedi Wagner, assuma o comando!