Toque! Toque, Dijê!
Toque! Toque, Dijê!
b,b
b,b
b
b
b,b
b,b
b,b
b
b
b,b,b
b,b,b
b
b,b,b
b
b,b,b,b
b
b,b,b
b
b,b
b,b
b
b,b,b
b,b,b,b
b,b,b,b
b
b,b,b,b
b
b
b,b,b
b,b,b
b,b,b,b
b,b,b,b,b
b,b,b,b,b
b
b,b,b,b
b
b
b,b,b,b
b,b,b
b
b,b
b,b,b,b,b
b,b,b,b,b
b
b
b,b,b,b,b
b
b
b,b,b,b,b,b
b,b,b,b,b,b
b,b,b,b,b,b
b,b,b,b,b,b
b
b,b,b,b,b,b,b
b,b,b,b,b,b
b,b,b,b,b
b
b
[vazia]
Toque! Toque, Dijê!
b
b,b,b,b,b,b,b,b
b,b,b,b,b,b,b,b
b,b,b,b,b,b,b,b
b,b,b,b,b,b,b,b
b,b,b,b,b,b,b,b
b,b,b,b,b,b,b,b,b
b
b
b
b
b
b
b
b,b,b,b,b
b,b,b,b,b
b
b
b
b
b,b,b,b,b,b,b,b
b
b
b,b,b,b,b,b
b
b,b,b,b,b,b
b,b,b,b,b,b
b,b,b,b,b,b
b,b,b,b,b,b
b,b,b,b,b,b,b
b,b,b,b,b,b
b
b,b,b,b,b,b,b
b
b,b,b,b,b
b
b
b,b,b,b
b
b,b,b,b,b,b,b
b,b,b,b,b,b,b,b
b
b,b,b,b,b,b,b,b,b,b
b,b,b,b,b,b,b,b
b,b,b,b,b,b,b,b
b,b,b,b,b,b,b,b
b,b,b,b,b,b,b,b
b
b
b,b,b,b,b,b,b,b,b
b
b,b,b,b,b,b,b,b
b,b,b,b,b,b,b,b
b
b,b,b,b,b,b,b
b,b,b,b,b,b,b,b
b,b,b,b,b,b,b,b
b,b,b,b,b,b
b,b,b,b,b,b
b,b,b,b,b
b
b
b
b
Jedi Wagner, assuma o comando!