SjKH
SjKH,dJxVaLcqlQ,ozJjVTU,XjLlJfMhPU,XjLlJfMhPU,XjLlJfMhPU,dJxVaLcqlQ
dJxVaLcqlQ
dJxVaLcqlQ
SjKH,ozJjVTU,XjLlJfMhPU,XjLlJfMhPU,XjLlJfMhPU,dJxVaLcqlQ
ozJjVTU
ozJjVTU
ozJjVTU
ozJjVTU
ozJjVTU
dJxVaLcqlQ
XjLlJfMhPU
ozJjVTU
ozJjVTU
ozJjVTU
ozJjVTU
SjKH,XjLlJfMhPU,ozJjVTU,dJxVaLcqlQ,XjLlJfMhPU,XjLlJfMhPU,XjLlJfMhPU
ozJjVTU
SjKH,XjLlJfMhPU,ozJjVTU,XjLlJfMhPU,XjLlJfMhPU,XjLlJfMhPU
SjKH,XjLlJfMhPU,ozJjVTU,XjLlJfMhPU,XjLlJfMhPU,XjLlJfMhPU
ozJjVTU
SjKH,XjLlJfMhPU,ozJjVTU,XjLlJfMhPU,XjLlJfMhPU,XjLlJfMhPU
ozJjVTU
ozJjVTU
SjKH
dJxVaLcqlQ,XjLlJfMhPU,ozJjVTU,XjLlJfMhPU,XjLlJfMhPU,XjLlJfMhPU
dJxVaLcqlQ
dJxVaLcqlQ,XjLlJfMhPU,ozJjVTU,XjLlJfMhPU,XjLlJfMhPU,XjLlJfMhPU
dJxVaLcqlQ,XjLlJfMhPU,ozJjVTU,XjLlJfMhPU,XjLlJfMhPU,XjLlJfMhPU
dJxVaLcqlQ,XjLlJfMhPU,ozJjVTU,XjLlJfMhPU,XjLlJfMhPU,XjLlJfMhPU
dJxVaLcqlQ,XjLlJfMhPU,ozJjVTU,XjLlJfMhPU,XjLlJfMhPU,XjLlJfMhPU
dJxVaLcqlQ,XjLlJfMhPU,ozJjVTU,XjLlJfMhPU,XjLlJfMhPU,XjLlJfMhPU
dJxVaLcqlQ,XjLlJfMhPU,ozJjVTU,XjLlJfMhPU,XjLlJfMhPU,XjLlJfMhPU
ozJjVTU
dJxVaLcqlQ,XjLlJfMhPU,ozJjVTU,XjLlJfMhPU,XjLlJfMhPU,XjLlJfMhPU
ozJjVTU
XjLlJfMhPU
dJxVaLcqlQ,XjLlJfMhPU,ozJjVTU,XjLlJfMhPU,XjLlJfMhPU,XjLlJfMhPU
mEpSzKmE
dJxVaLcqlQ,ozJjVTU,mEpSzKmE,XjLlJfMhPU,XjLlJfMhPU,XjLlJfMhPU,XjLlJfMhPU,XjLlJfMhPU,ozJjVTU,mEpSzKmE,ozJjVTU,XjLlJfMhPU,mEpSzKmE
dJxVaLcqlQ,ozJjVTU,mEpSzKmE,XjLlJfMhPU,XjLlJfMhPU,XjLlJfMhPU,XjLlJfMhPU,XjLlJfMhPU,ozJjVTU,mEpSzKmE,ozJjVTU,XjLlJfMhPU,mEpSzKmE
dJxVaLcqlQ
dJxVaLcqlQ
ozJjVTU
dJxVaLcqlQ,ozJjVTU,mEpSzKmE,XjLlJfMhPU,XjLlJfMhPU,XjLlJfMhPU,XjLlJfMhPU,XjLlJfMhPU,ozJjVTU,mEpSzKmE,ozJjVTU,XjLlJfMhPU,mEpSzKmE,ozJjVTU,ozJjVTU,dJxVaLcqlQ,ozJjVTU,dJxVaLcqlQ,SjKH,ozJjVTU
dJxVaLcqlQ,ozJjVTU,mEpSzKmE,XjLlJfMhPU,XjLlJfMhPU,XjLlJfMhPU,XjLlJfMhPU,XjLlJfMhPU,ozJjVTU,mEpSzKmE,ozJjVTU,XjLlJfMhPU,mEpSzKmE,ozJjVTU,ozJjVTU,dJxVaLcqlQ,ozJjVTU,dJxVaLcqlQ,ozJjVTU,XjLlJfMhPU
dJxVaLcqlQ,ozJjVTU,mEpSzKmE,XjLlJfMhPU,XjLlJfMhPU,XjLlJfMhPU,XjLlJfMhPU,ozJjVTU,mEpSzKmE,ozJjVTU,XjLlJfMhPU,mEpSzKmE,ozJjVTU,ozJjVTU,dJxVaLcqlQ,ozJjVTU,dJxVaLcqlQ,ozJjVTU,XjLlJfMhPU
dJxVaLcqlQ,ozJjVTU,mEpSzKmE,XjLlJfMhPU,XjLlJfMhPU,XjLlJfMhPU,XjLlJfMhPU,ozJjVTU,mEpSzKmE,ozJjVTU,XjLlJfMhPU,mEpSzKmE,ozJjVTU,ozJjVTU,dJxVaLcqlQ,ozJjVTU,dJxVaLcqlQ,ozJjVTU,XjLlJfMhPU
dJxVaLcqlQ,mEpSzKmE,XjLlJfMhPU,XjLlJfMhPU,XjLlJfMhPU,XjLlJfMhPU,ozJjVTU,mEpSzKmE,ozJjVTU,XjLlJfMhPU,mEpSzKmE,ozJjVTU,ozJjVTU,dJxVaLcqlQ,ozJjVTU,dJxVaLcqlQ,ozJjVTU,XjLlJfMhPU
mEpSzKmE
dJxVaLcqlQ,XjLlJfMhPU,XjLlJfMhPU,XjLlJfMhPU,mEpSzKmE,XjLlJfMhPU,ozJjVTU,SjKH,mEpSzKmE,ozJjVTU,XjLlJfMhPU,mEpSzKmE,ozJjVTU,ozJjVTU,dJxVaLcqlQ,ozJjVTU,dJxVaLcqlQ,ozJjVTU,XjLlJfMhPU,XjLlJfMhPU,ozJjVTU
mEpSzKmE
mEpSzKmE
mEpSzKmE
dJxVaLcqlQ
mEpSzKmE,XjLlJfMhPU,XjLlJfMhPU,XjLlJfMhPU,XjLlJfMhPU,mEpSzKmE,dJxVaLcqlQ,ozJjVTU,XjLlJfMhPU,mEpSzKmE,ozJjVTU,ozJjVTU,dJxVaLcqlQ,ozJjVTU,dJxVaLcqlQ,ozJjVTU,XjLlJfMhPU,XjLlJfMhPU,XjLlJfMhPU,XjLlJfMhPU,XjLlJfMhPU
dJxVaLcqlQ
dJxVaLcqlQ
mEpSzKmE,XjLlJfMhPU,XjLlJfMhPU,XjLlJfMhPU,mEpSzKmE,dJxVaLcqlQ,XjLlJfMhPU,ozJjVTU,XjLlJfMhPU,mEpSzKmE,ozJjVTU,ozJjVTU,dJxVaLcqlQ,ozJjVTU,dJxVaLcqlQ,ozJjVTU,XjLlJfMhPU,XjLlJfMhPU,XjLlJfMhPU,XjLlJfMhPU,XjLlJfMhPU,mEpSzKmE,ozJjVTU
mEpSzKmE,XjLlJfMhPU,XjLlJfMhPU,XjLlJfMhPU,mEpSzKmE,dJxVaLcqlQ,XjLlJfMhPU,ozJjVTU,XjLlJfMhPU,mEpSzKmE,ozJjVTU,ozJjVTU,dJxVaLcqlQ,ozJjVTU,dJxVaLcqlQ,ozJjVTU,XjLlJfMhPU,XjLlJfMhPU,XjLlJfMhPU,XjLlJfMhPU,XjLlJfMhPU,mEpSzKmE,ozJjVTU
XjLlJfMhPU
XjLlJfMhPU
mEpSzKmE,XjLlJfMhPU,XjLlJfMhPU,XjLlJfMhPU,mEpSzKmE,dJxVaLcqlQ,XjLlJfMhPU,XjLlJfMhPU,mEpSzKmE,ozJjVTU,ozJjVTU,dJxVaLcqlQ,ozJjVTU,dJxVaLcqlQ,ozJjVTU,XjLlJfMhPU,XjLlJfMhPU,XjLlJfMhPU,XjLlJfMhPU,XjLlJfMhPU,mEpSzKmE,ozJjVTU
mEpSzKmE,XjLlJfMhPU,XjLlJfMhPU,XjLlJfMhPU,mEpSzKmE,dJxVaLcqlQ,XjLlJfMhPU,XjLlJfMhPU,mEpSzKmE,ozJjVTU,ozJjVTU,dJxVaLcqlQ,ozJjVTU,dJxVaLcqlQ,ozJjVTU,XjLlJfMhPU,XjLlJfMhPU,XjLlJfMhPU,XjLlJfMhPU,XjLlJfMhPU,mEpSzKmE,ozJjVTU
XjLlJfMhPU,XjLlJfMhPU,XjLlJfMhPU,dJxVaLcqlQ,XjLlJfMhPU,XjLlJfMhPU,mEpSzKmE,ozJjVTU,ozJjVTU,dJxVaLcqlQ,ozJjVTU,dJxVaLcqlQ,ozJjVTU,XjLlJfMhPU,XjLlJfMhPU,XjLlJfMhPU,XjLlJfMhPU,XjLlJfMhPU,mEpSzKmE,ozJjVTU,SjKH,mEpSzKmE
mEpSzKmE
mEpSzKmE
mEpSzKmE
mEpSzKmE
mEpSzKmE
ozJjVTU
ozJjVTU
ozJjVTU
dJxVaLcqlQ
ozJjVTU
XjLlJfMhPU,XjLlJfMhPU,XjLlJfMhPU,XjLlJfMhPU,XjLlJfMhPU,ozJjVTU,dJxVaLcqlQ,ozJjVTU,ozJjVTU,dJxVaLcqlQ,ozJjVTU,XjLlJfMhPU,XjLlJfMhPU,XjLlJfMhPU,XjLlJfMhPU,XjLlJfMhPU,mEpSzKmE,ozJjVTU,mEpSzKmE,ozJjVTU,XjLlJfMhPU
XjLlJfMhPU,XjLlJfMhPU,XjLlJfMhPU,dJxVaLcqlQ,XjLlJfMhPU,XjLlJfMhPU,mEpSzKmE,ozJjVTU,ozJjVTU,dJxVaLcqlQ,ozJjVTU,dJxVaLcqlQ,ozJjVTU,XjLlJfMhPU,XjLlJfMhPU,XjLlJfMhPU,XjLlJfMhPU,XjLlJfMhPU,mEpSzKmE,ozJjVTU,mEpSzKmE,ozJjVTU,XjLlJfMhPU
ozJjVTU
mEpSzKmE
mEpSzKmE
XjLlJfMhPU,dJxVaLcqlQ,XjLlJfMhPU,XjLlJfMhPU,ozJjVTU,mEpSzKmE,ozJjVTU,dJxVaLcqlQ,ozJjVTU,dJxVaLcqlQ,ozJjVTU,XjLlJfMhPU,XjLlJfMhPU,XjLlJfMhPU,XjLlJfMhPU,XjLlJfMhPU,mEpSzKmE,ozJjVTU,mEpSzKmE,ozJjVTU,XjLlJfMhPU,dJxVaLcqlQ,ozJjVTU
XjLlJfMhPU
mEpSzKmE,ozJjVTU,XjLlJfMhPU,ozJjVTU,XjLlJfMhPU,dJxVaLcqlQ,ozJjVTU,dJxVaLcqlQ,ozJjVTU,XjLlJfMhPU,XjLlJfMhPU,XjLlJfMhPU,XjLlJfMhPU,XjLlJfMhPU,mEpSzKmE,ozJjVTU,mEpSzKmE,ozJjVTU,XjLlJfMhPU,dJxVaLcqlQ,ozJjVTU,ozJjVTU
mEpSzKmE,ozJjVTU,XjLlJfMhPU,ozJjVTU,XjLlJfMhPU,dJxVaLcqlQ,ozJjVTU,dJxVaLcqlQ,ozJjVTU,XjLlJfMhPU,XjLlJfMhPU,XjLlJfMhPU,XjLlJfMhPU,XjLlJfMhPU,mEpSzKmE,ozJjVTU,mEpSzKmE,ozJjVTU,XjLlJfMhPU,dJxVaLcqlQ,ozJjVTU,ozJjVTU
mEpSzKmE,ozJjVTU,XjLlJfMhPU,ozJjVTU,XjLlJfMhPU,dJxVaLcqlQ,ozJjVTU,dJxVaLcqlQ,ozJjVTU,XjLlJfMhPU,XjLlJfMhPU,XjLlJfMhPU,XjLlJfMhPU,XjLlJfMhPU,mEpSzKmE,ozJjVTU,mEpSzKmE,ozJjVTU,XjLlJfMhPU,dJxVaLcqlQ,ozJjVTU,ozJjVTU
dJxVaLcqlQ
ozJjVTU
XjLlJfMhPU,XjLlJfMhPU,XjLlJfMhPU,ozJjVTU,mEpSzKmE,ozJjVTU,dJxVaLcqlQ,ozJjVTU,dJxVaLcqlQ,ozJjVTU,XjLlJfMhPU,XjLlJfMhPU,XjLlJfMhPU,XjLlJfMhPU,XjLlJfMhPU,mEpSzKmE,ozJjVTU,mEpSzKmE,ozJjVTU,XjLlJfMhPU,dJxVaLcqlQ,ozJjVTU
XjLlJfMhPU,XjLlJfMhPU,XjLlJfMhPU,ozJjVTU,mEpSzKmE,ozJjVTU,dJxVaLcqlQ,ozJjVTU,dJxVaLcqlQ,ozJjVTU,XjLlJfMhPU,XjLlJfMhPU,XjLlJfMhPU,XjLlJfMhPU,XjLlJfMhPU,mEpSzKmE,ozJjVTU,mEpSzKmE,ozJjVTU,XjLlJfMhPU,dJxVaLcqlQ,ozJjVTU
XjLlJfMhPU,XjLlJfMhPU,XjLlJfMhPU,ozJjVTU,mEpSzKmE,ozJjVTU,dJxVaLcqlQ,ozJjVTU,dJxVaLcqlQ,ozJjVTU,XjLlJfMhPU,XjLlJfMhPU,XjLlJfMhPU,XjLlJfMhPU,XjLlJfMhPU,mEpSzKmE,ozJjVTU,mEpSzKmE,ozJjVTU,XjLlJfMhPU,dJxVaLcqlQ,ozJjVTU
XjLlJfMhPU,XjLlJfMhPU,XjLlJfMhPU,ozJjVTU,mEpSzKmE,ozJjVTU,dJxVaLcqlQ,ozJjVTU,dJxVaLcqlQ,ozJjVTU,XjLlJfMhPU,XjLlJfMhPU,XjLlJfMhPU,XjLlJfMhPU,XjLlJfMhPU,mEpSzKmE,ozJjVTU,mEpSzKmE,ozJjVTU,XjLlJfMhPU,dJxVaLcqlQ,ozJjVTU
XjLlJfMhPU,XjLlJfMhPU,XjLlJfMhPU,mEpSzKmE,ozJjVTU,dJxVaLcqlQ,ozJjVTU,dJxVaLcqlQ,ozJjVTU,XjLlJfMhPU,XjLlJfMhPU,XjLlJfMhPU,XjLlJfMhPU,XjLlJfMhPU,mEpSzKmE,ozJjVTU,mEpSzKmE,ozJjVTU,XjLlJfMhPU,dJxVaLcqlQ,ozJjVTU
dJxVaLcqlQ
dJxVaLcqlQ
dJxVaLcqlQ
XjLlJfMhPU,XjLlJfMhPU,ozJjVTU,mEpSzKmE,ozJjVTU,dJxVaLcqlQ,ozJjVTU,dJxVaLcqlQ,ozJjVTU,XjLlJfMhPU,XjLlJfMhPU,XjLlJfMhPU,XjLlJfMhPU,XjLlJfMhPU,mEpSzKmE,ozJjVTU,mEpSzKmE,ozJjVTU,XjLlJfMhPU,dJxVaLcqlQ,ozJjVTU,mEpSzKmE
dJxVaLcqlQ
XjLlJfMhPU,XjLlJfMhPU,ozJjVTU,dJxVaLcqlQ,mEpSzKmE,ozJjVTU,XjLlJfMhPU,dJxVaLcqlQ,ozJjVTU,XjLlJfMhPU,XjLlJfMhPU,XjLlJfMhPU,XjLlJfMhPU,XjLlJfMhPU,mEpSzKmE,ozJjVTU,mEpSzKmE,ozJjVTU,XjLlJfMhPU,dJxVaLcqlQ,ozJjVTU,mEpSzKmE,XjLlJfMhPU
XjLlJfMhPU
XjLlJfMhPU,XjLlJfMhPU,ozJjVTU,dJxVaLcqlQ,mEpSzKmE,ozJjVTU,XjLlJfMhPU,dJxVaLcqlQ,ozJjVTU,XjLlJfMhPU,XjLlJfMhPU,XjLlJfMhPU,XjLlJfMhPU,XjLlJfMhPU,mEpSzKmE,ozJjVTU,mEpSzKmE,ozJjVTU,XjLlJfMhPU,dJxVaLcqlQ,ozJjVTU,mEpSzKmE,XjLlJfMhPU
XjLlJfMhPU,XjLlJfMhPU,ozJjVTU,dJxVaLcqlQ,mEpSzKmE,ozJjVTU,XjLlJfMhPU,dJxVaLcqlQ,ozJjVTU,XjLlJfMhPU,XjLlJfMhPU,XjLlJfMhPU,XjLlJfMhPU,XjLlJfMhPU,mEpSzKmE,ozJjVTU,mEpSzKmE,ozJjVTU,XjLlJfMhPU,dJxVaLcqlQ,ozJjVTU,mEpSzKmE,XjLlJfMhPU
dJxVaLcqlQ
XjLlJfMhPU,XjLlJfMhPU,ozJjVTU,mEpSzKmE,ozJjVTU,XjLlJfMhPU,dJxVaLcqlQ,dJxVaLcqlQ,ozJjVTU,XjLlJfMhPU,XjLlJfMhPU,XjLlJfMhPU,XjLlJfMhPU,XjLlJfMhPU,mEpSzKmE,ozJjVTU,mEpSzKmE,ozJjVTU,XjLlJfMhPU,dJxVaLcqlQ,ozJjVTU,mEpSzKmE,XjLlJfMhPU,ozJjVTU
XjLlJfMhPU,ozJjVTU,mEpSzKmE,ozJjVTU,XjLlJfMhPU,dJxVaLcqlQ,dJxVaLcqlQ,XjLlJfMhPU,ozJjVTU,XjLlJfMhPU,XjLlJfMhPU,XjLlJfMhPU,XjLlJfMhPU,XjLlJfMhPU,mEpSzKmE,ozJjVTU,mEpSzKmE,ozJjVTU,XjLlJfMhPU,dJxVaLcqlQ,ozJjVTU,mEpSzKmE,XjLlJfMhPU,ozJjVTU
dJxVaLcqlQ
dJxVaLcqlQ
ozJjVTU,mEpSzKmE,ozJjVTU,XjLlJfMhPU,dJxVaLcqlQ,dJxVaLcqlQ,XjLlJfMhPU,XjLlJfMhPU,ozJjVTU,XjLlJfMhPU,XjLlJfMhPU,XjLlJfMhPU,XjLlJfMhPU,XjLlJfMhPU,mEpSzKmE,ozJjVTU,mEpSzKmE,ozJjVTU,XjLlJfMhPU,dJxVaLcqlQ,ozJjVTU,mEpSzKmE,XjLlJfMhPU,ozJjVTU,SjKH,ozJjVTU
ozJjVTU,ozJjVTU,dJxVaLcqlQ,dJxVaLcqlQ,XjLlJfMhPU,XjLlJfMhPU,XjLlJfMhPU,mEpSzKmE,ozJjVTU,XjLlJfMhPU,XjLlJfMhPU,XjLlJfMhPU,XjLlJfMhPU,XjLlJfMhPU,mEpSzKmE,ozJjVTU,mEpSzKmE,ozJjVTU,XjLlJfMhPU,dJxVaLcqlQ,ozJjVTU,mEpSzKmE,XjLlJfMhPU,ozJjVTU,SjKH,ozJjVTU
XjLlJfMhPU
ozJjVTU,mEpSzKmE,ozJjVTU,XjLlJfMhPU,dJxVaLcqlQ,dJxVaLcqlQ,XjLlJfMhPU,XjLlJfMhPU,ozJjVTU,XjLlJfMhPU,XjLlJfMhPU,XjLlJfMhPU,XjLlJfMhPU,XjLlJfMhPU,mEpSzKmE,ozJjVTU,mEpSzKmE,ozJjVTU,XjLlJfMhPU,dJxVaLcqlQ,ozJjVTU,mEpSzKmE,XjLlJfMhPU,ozJjVTU,SjKH,ozJjVTU
ozJjVTU,mEpSzKmE,ozJjVTU,XjLlJfMhPU,dJxVaLcqlQ,dJxVaLcqlQ,XjLlJfMhPU,XjLlJfMhPU,ozJjVTU,XjLlJfMhPU,XjLlJfMhPU,XjLlJfMhPU,XjLlJfMhPU,XjLlJfMhPU,mEpSzKmE,ozJjVTU,mEpSzKmE,ozJjVTU,XjLlJfMhPU,dJxVaLcqlQ,ozJjVTU,mEpSzKmE,XjLlJfMhPU,ozJjVTU,SjKH,ozJjVTU
XjLlJfMhPU
mEpSzKmE,ozJjVTU,XjLlJfMhPU,dJxVaLcqlQ,dJxVaLcqlQ,XjLlJfMhPU,SjKH,XjLlJfMhPU,ozJjVTU,XjLlJfMhPU,XjLlJfMhPU,XjLlJfMhPU,XjLlJfMhPU,XjLlJfMhPU,mEpSzKmE,ozJjVTU,mEpSzKmE,ozJjVTU,XjLlJfMhPU,dJxVaLcqlQ,ozJjVTU,mEpSzKmE,XjLlJfMhPU,ozJjVTU,ozJjVTU,XjLlJfMhPU
SjKH
XjLlJfMhPU
XjLlJfMhPU
Jedi Wagner, assuma o comando!