ac
NBu
NBu
ac,NBu
ac
ac,NBu,ac,NBu
ac,NBu,ac,NBu,zriTsWBATT
ac
NBu,ac,NBu
NBu
NBu,ac,NBu
NBu
NBu
NBu,ac,NBu
NBu,ac,NBu
ac
ac
ac
ac
NBu,ac,NBu
NBu,ac,NBu
ac
ac
ac
ac
ac
ac,NBu
NBu,ac,NBu,ac
NBu,ac,NBu,ac,NBu
ac
NBu,NBu,ac,NBu
NBu,NBu,ac,NBu,JJcFmJuAxC,JJcFmJuAxC
NBu,NBu,ac,NBu,JJcFmJuAxC,zriTsWBATT
ac
NBu,NBu,ac
ac
ac
NBu,ac,NBu,ac
NBu,ac,NBu,ac
NBu,ac,NBu,ac
NBu,ac,NBu,ac,ac
ac,NBu,ac,NBu
ac
ac,NBu,ac,NBu
ac,NBu,ac,NBu
ac,NBu,ac,NBu
NBu
ac,NBu,ac,NBu,zriTsWBATT
NBu
ac,ac,NBu,NBu,JJcFmJuAxC
NBu
ac,NBu,NBu,JJcFmJuAxC
NBu,ac,NBu,JJcFmJuAxC
NBu,NBu,JJcFmJuAxC
NBu,ac,NBu,JJcFmJuAxC
ac
ac
NBu,ac,NBu,ac
NBu,ac,NBu,ac
ac
ac,NBu,ac
ac
zriTsWBATT
zriTsWBATT
zriTsWBATT
NBu,zriTsWBATT,ac,NBu,JJcFmJuAxC
zriTsWBATT
NBu,ac,NBu,JJcFmJuAxC,zriTsWBATT,ac
zriTsWBATT
ac,NBu,JJcFmJuAxC,zriTsWBATT,ac,NBu
NBu
NBu
NBu
zriTsWBATT
ac,NBu,JJcFmJuAxC,zriTsWBATT,ac,NBu
zriTsWBATT
JJcFmJuAxC
JJcFmJuAxC
ac,NBu,JJcFmJuAxC,ac,NBu,ac
NBu
NBu
JJcFmJuAxC,ac,NBu,ac,NBu,ac
ac
JJcFmJuAxC
JJcFmJuAxC
ac
ac,JJcFmJuAxC,ac,zriTsWBATT,ac,zriTsWBATT
ac,JJcFmJuAxC,ac,ac,zriTsWBATT
ac,JJcFmJuAxC,ac,ac,zriTsWBATT
ac
ac,JJcFmJuAxC,ac,ac,zriTsWBATT
ac,JJcFmJuAxC,ac,ac,zriTsWBATT
ac
ac,JJcFmJuAxC,ac,ac,zriTsWBATT,ac
Jedi Wagner, assuma o comando!