bNHAQfSeu,x
bNHAQfSeu,x,bNHAQfSeu
bNHAQfSeu,x
bNHAQfSeu,x
x
bNHAQfSeu,x
x
x,bNHAQfSeu
bNHAQfSeu,x
bNHAQfSeu,x,bNHAQfSeu
bNHAQfSeu,x
bNHAQfSeu,x,bNHAQfSeu
x,jhDqHHNfn,CeSroF,jhDqHHNfn
x,jhDqHHNfn,CeSroF,jhDqHHNfn
x,jhDqHHNfn,CeSroF,jhDqHHNfn
x,jhDqHHNfn,CeSroF,jhDqHHNfn
x,jhDqHHNfn,CeSroF,jhDqHHNfn,bNHAQfSeu
CeSroF
x,CeSroF,jhDqHHNfn,jhDqHHNfn,bNHAQfSeu
CeSroF
CeSroF
CeSroF
x,jhDqHHNfn,CeSroF,jhDqHHNfn
CeSroF
CeSroF
CeSroF
CeSroF
x
x
jhDqHHNfn,CeSroF,x,jhDqHHNfn
jhDqHHNfn,CeSroF,x,jhDqHHNfn
jhDqHHNfn,CeSroF,x,jhDqHHNfn
jhDqHHNfn
CeSroF,x,jhDqHHNfn,jhDqHHNfn
CeSroF
CeSroF
CeSroF
x,jhDqHHNfn,CeSroF,jhDqHHNfn,CeSroF
CeSroF
x,jhDqHHNfn,CeSroF,jhDqHHNfn,CeSroF,bNHAQfSeu,bNHAQfSeu
x,jhDqHHNfn,CeSroF,jhDqHHNfn
x,jhDqHHNfn,CeSroF,jhDqHHNfn
CeSroF
x,CeSroF,jhDqHHNfn
x,CeSroF,jhDqHHNfn
CeSroF
CeSroF,jhDqHHNfn,jhDqHHNfn,jhDqHHNfn
CeSroF,jhDqHHNfn,jhDqHHNfn,jhDqHHNfn
jhDqHHNfn
jhDqHHNfn
jhDqHHNfn
jhDqHHNfn
CeSroF,jhDqHHNfn,jhDqHHNfn,jhDqHHNfn
jhDqHHNfn,jhDqHHNfn,jhDqHHNfn,CeSroF,jhDqHHNfn
jhDqHHNfn
jhDqHHNfn
jhDqHHNfn,jhDqHHNfn,jhDqHHNfn,CeSroF,jhDqHHNfn
jhDqHHNfn,jhDqHHNfn,jhDqHHNfn,CeSroF,jhDqHHNfn
CeSroF
jhDqHHNfn,jhDqHHNfn,jhDqHHNfn,CeSroF,jhDqHHNfn,x
jhDqHHNfn,jhDqHHNfn,jhDqHHNfn,CeSroF,jhDqHHNfn,x
jhDqHHNfn,jhDqHHNfn,jhDqHHNfn,CeSroF,jhDqHHNfn,x
jhDqHHNfn,jhDqHHNfn,jhDqHHNfn,CeSroF,jhDqHHNfn,x
jhDqHHNfn,jhDqHHNfn,jhDqHHNfn,CeSroF,jhDqHHNfn,x
jhDqHHNfn
jhDqHHNfn,jhDqHHNfn,jhDqHHNfn,x,jhDqHHNfn,jhDqHHNfn
jhDqHHNfn
CeSroF
CeSroF
CeSroF
jhDqHHNfn
jhDqHHNfn
jhDqHHNfn,jhDqHHNfn,CeSroF,jhDqHHNfn,x,jhDqHHNfn,CeSroF
jhDqHHNfn,CeSroF,jhDqHHNfn,x,jhDqHHNfn,CeSroF,jhDqHHNfn
CeSroF
jhDqHHNfn,jhDqHHNfn,jhDqHHNfn,jhDqHHNfn
jhDqHHNfn,jhDqHHNfn,jhDqHHNfn,jhDqHHNfn,jhDqHHNfn
jhDqHHNfn
jhDqHHNfn,jhDqHHNfn,jhDqHHNfn,CeSroF,jhDqHHNfn
jhDqHHNfn,jhDqHHNfn,jhDqHHNfn,CeSroF,jhDqHHNfn
jhDqHHNfn,jhDqHHNfn,jhDqHHNfn,CeSroF,jhDqHHNfn,x
jhDqHHNfn,jhDqHHNfn,jhDqHHNfn,CeSroF,jhDqHHNfn,x
CeSroF
CeSroF
jhDqHHNfn,jhDqHHNfn,jhDqHHNfn,CeSroF,x,jhDqHHNfn,x
x
jhDqHHNfn,jhDqHHNfn,jhDqHHNfn,CeSroF,x,jhDqHHNfn,x
x
x
jhDqHHNfn,jhDqHHNfn,jhDqHHNfn,CeSroF,x,jhDqHHNfn,x
x
x
x
x
x
jhDqHHNfn,jhDqHHNfn,jhDqHHNfn,x,jhDqHHNfn,x,bNHAQfSeu,CeSroF
bNHAQfSeu
bNHAQfSeu
bNHAQfSeu
jhDqHHNfn,jhDqHHNfn,jhDqHHNfn,x,jhDqHHNfn,x,bNHAQfSeu,CeSroF
jhDqHHNfn,jhDqHHNfn,jhDqHHNfn,x,jhDqHHNfn,x,bNHAQfSeu,CeSroF
bNHAQfSeu
jhDqHHNfn
jhDqHHNfn,jhDqHHNfn,jhDqHHNfn,CeSroF,x,jhDqHHNfn,x,bNHAQfSeu
jhDqHHNfn,jhDqHHNfn,jhDqHHNfn,CeSroF,x,jhDqHHNfn,x,bNHAQfSeu
jhDqHHNfn,jhDqHHNfn,jhDqHHNfn,CeSroF,x,jhDqHHNfn,x,bNHAQfSeu
jhDqHHNfn
jhDqHHNfn
jhDqHHNfn
jhDqHHNfn
jhDqHHNfn,jhDqHHNfn,jhDqHHNfn,CeSroF,x,jhDqHHNfn,x,bNHAQfSeu
jhDqHHNfn
jhDqHHNfn
jhDqHHNfn
jhDqHHNfn
bNHAQfSeu
bNHAQfSeu,jhDqHHNfn,jhDqHHNfn,jhDqHHNfn,x,jhDqHHNfn,bNHAQfSeu
bNHAQfSeu
jhDqHHNfn,bNHAQfSeu,jhDqHHNfn,CeSroF,jhDqHHNfn,x,jhDqHHNfn,bNHAQfSeu,jhDqHHNfn
bNHAQfSeu
jhDqHHNfn,bNHAQfSeu,jhDqHHNfn,CeSroF,jhDqHHNfn,x,jhDqHHNfn,bNHAQfSeu,jhDqHHNfn
bNHAQfSeu
bNHAQfSeu
jhDqHHNfn,bNHAQfSeu,jhDqHHNfn,CeSroF,jhDqHHNfn,x,jhDqHHNfn,bNHAQfSeu,bNHAQfSeu
bNHAQfSeu
bNHAQfSeu
jhDqHHNfn,bNHAQfSeu,jhDqHHNfn,CeSroF,jhDqHHNfn,x,jhDqHHNfn,bNHAQfSeu,x
jhDqHHNfn,bNHAQfSeu,jhDqHHNfn,CeSroF,jhDqHHNfn,x,jhDqHHNfn,bNHAQfSeu,x
jhDqHHNfn,bNHAQfSeu,jhDqHHNfn,CeSroF,jhDqHHNfn,x,jhDqHHNfn,bNHAQfSeu,x
jhDqHHNfn,bNHAQfSeu,jhDqHHNfn,CeSroF,jhDqHHNfn,x,jhDqHHNfn,bNHAQfSeu,x
bNHAQfSeu
jhDqHHNfn,bNHAQfSeu,jhDqHHNfn,CeSroF,jhDqHHNfn,jhDqHHNfn,bNHAQfSeu,x,bNHAQfSeu
CeSroF
CeSroF
bNHAQfSeu
jhDqHHNfn,bNHAQfSeu,CeSroF,jhDqHHNfn,jhDqHHNfn,jhDqHHNfn,bNHAQfSeu,bNHAQfSeu
bNHAQfSeu
bNHAQfSeu
jhDqHHNfn,bNHAQfSeu,jhDqHHNfn,CeSroF,jhDqHHNfn,x,jhDqHHNfn,bNHAQfSeu,x,CeSroF
bNHAQfSeu
bNHAQfSeu
Jedi Wagner, assuma o comando!