hAj
hAj,DjyxCli
hAj,DjyxCli
hAj
hAj
hAj
hAj
Toque! Toque, Dijê!
[vazia]
[vazia]
Toque! Toque, Dijê!
FKkfpoFNh
FKkfpoFNh
FKkfpoFNh
FKkfpoFNh,FKkfpoFNh
[vazia]
Toque! Toque, Dijê!
[vazia]
Toque! Toque, Dijê!
[vazia]
[vazia]
[vazia]
RjksY
RjksY
RjksY,DjyxCli,RjksY
RjksY,DjyxCli,RjksY
RjksY
RjksY
RjksY
RjksY,DjyxCli,DjyxCli
[vazia]
[vazia]
Toque! Toque, Dijê!
[vazia]
Toque! Toque, Dijê!
PJoFLWN
PJoFLWN
PJoFLWN
Toque! Toque, Dijê!
[vazia]
[vazia]
Toque! Toque, Dijê!
[vazia]
hAj
hAj
hAj
[vazia]
[vazia]
Toque! Toque, Dijê!
Toque! Toque, Dijê!
Toque! Toque, Dijê!
Toque! Toque, Dijê!
Toque! Toque, Dijê!
Toque! Toque, Dijê!
[vazia]
[vazia]
Toque! Toque, Dijê!
DjyxCli
DjyxCli
DjyxCli
DjyxCli
DjyxCli
DjyxCli,hAj
DjyxCli
DjyxCli,hAj
DjyxCli
DjyxCli,hAj
DjyxCli
DjyxCli,hAj
DjyxCli
DjyxCli
[vazia]
DjyxCli
DjyxCli
DjyxCli
DjyxCli
Toque! Toque, Dijê!
Toque! Toque, Dijê!
Toque! Toque, Dijê!
[vazia]
Toque! Toque, Dijê!
Toque! Toque, Dijê!
hAj,hAj
hAj,hAj
hAj
hAj
hAj,hAj,Cj,DjyxCli,Cj
hAj,hAj,Cj,DjyxCli,Cj
hAj,hAj,DjyxCli,Cj
hAj
hAj
hAj
hAj,hAj,DjyxCli,Cj
hAj,Cj,hAj,DjyxCli
hAj
hAj
hAj
hAj
hAj,hAj,DjyxCli,Cj
hAj
DjyxCli
hAj,hAj,DjyxCli,Cj,PJoFLWN,hAj
hAj,hAj,DjyxCli,Cj,PJoFLWN,hAj
hAj,hAj,PJoFLWN,Cj,hAj,hAj,FKkfpoFNh
hAj,hAj,DjyxCli,Cj
hAj,hAj,DjyxCli,Cj
DjyxCli
hAj,hAj,DjyxCli,Cj,Cj,PJoFLWN
Cj
DjyxCli
DjyxCli
hAj,hAj,DjyxCli
hAj,hAj,DjyxCli,DjyxCli
DjyxCli
hAj,hAj,DjyxCli,DjyxCli
DjyxCli
hAj,DjyxCli,DjyxCli,DjyxCli
DjyxCli
hAj,DjyxCli,DjyxCli,DjyxCli
DjyxCli
hAj,DjyxCli,DjyxCli,DjyxCli
Jedi Wagner, assuma o comando!