Toque! Toque, Dijê!
[vazia]
MpOGHrZzQA
MpOGHrZzQA
MpOGHrZzQA
MpOGHrZzQA
cxzMh
cxzMh
cxzMh
cxzMh
cxzMh,MpOGHrZzQA
cxzMh
cxzMh
cxzMh,MpOGHrZzQA,MpOGHrZzQA
MpOGHrZzQA,MpOGHrZzQA,MpOGHrZzQA
MpOGHrZzQA,MpOGHrZzQA,MpOGHrZzQA,cxzMh
cxzMh
MpOGHrZzQA
MpOGHrZzQA,cxzMh,MpOGHrZzQA,MpOGHrZzQA
MpOGHrZzQA,cxzMh,MpOGHrZzQA,MpOGHrZzQA
MpOGHrZzQA,MpOGHrZzQA,MpOGHrZzQA
MpOGHrZzQA
MpOGHrZzQA
MpOGHrZzQA
MpOGHrZzQA,MpOGHrZzQA,bkJFIFkku,xLTWgjwyE,xLTWgjwyE
MpOGHrZzQA,MpOGHrZzQA,bkJFIFkku,xLTWgjwyE
MpOGHrZzQA,bkJFIFkku,MpOGHrZzQA,xLTWgjwyE
bkJFIFkku
MpOGHrZzQA,bkJFIFkku,MpOGHrZzQA,xLTWgjwyE
MpOGHrZzQA,bkJFIFkku,MpOGHrZzQA,xLTWgjwyE
bkJFIFkku
bkJFIFkku
bkJFIFkku
MpOGHrZzQA,xLTWgjwyE,bkJFIFkku,MpOGHrZzQA
MpOGHrZzQA,xLTWgjwyE,bkJFIFkku,MpOGHrZzQA,xLTWgjwyE
bkJFIFkku
MpOGHrZzQA,bkJFIFkku,MpOGHrZzQA,xLTWgjwyE
MpOGHrZzQA,bkJFIFkku,MpOGHrZzQA,xLTWgjwyE
MpOGHrZzQA
bkJFIFkku,MpOGHrZzQA,MpOGHrZzQA,xLTWgjwyE,MpOGHrZzQA,cxzMh
xLTWgjwyE
xLTWgjwyE
bkJFIFkku,MpOGHrZzQA,xLTWgjwyE,MpOGHrZzQA,cxzMh,MpOGHrZzQA,bkJFIFkku
xLTWgjwyE
xLTWgjwyE
MpOGHrZzQA,xLTWgjwyE,MpOGHrZzQA,MpOGHrZzQA
xLTWgjwyE
xLTWgjwyE
bkJFIFkku,MpOGHrZzQA,xLTWgjwyE,MpOGHrZzQA,cxzMh,MpOGHrZzQA
xLTWgjwyE
MpOGHrZzQA,xLTWgjwyE,cxzMh,MpOGHrZzQA,MpOGHrZzQA,MpOGHrZzQA
MpOGHrZzQA,xLTWgjwyE,cxzMh,MpOGHrZzQA,MpOGHrZzQA,MpOGHrZzQA
xLTWgjwyE
cxzMh
MpOGHrZzQA,xLTWgjwyE,cxzMh,MpOGHrZzQA,MpOGHrZzQA,MpOGHrZzQA
MpOGHrZzQA,xLTWgjwyE,MpOGHrZzQA,MpOGHrZzQA,MpOGHrZzQA
MpOGHrZzQA
MpOGHrZzQA,xLTWgjwyE,MpOGHrZzQA,MpOGHrZzQA,MpOGHrZzQA,bkJFIFkku
MpOGHrZzQA
MpOGHrZzQA,xLTWgjwyE,MpOGHrZzQA,bkJFIFkku,MpOGHrZzQA,MpOGHrZzQA
bkJFIFkku
xLTWgjwyE,MpOGHrZzQA,MpOGHrZzQA,MpOGHrZzQA
xLTWgjwyE,bkJFIFkku,MpOGHrZzQA,MpOGHrZzQA,MpOGHrZzQA
bkJFIFkku,MpOGHrZzQA,MpOGHrZzQA,MpOGHrZzQA,cxzMh
bkJFIFkku,MpOGHrZzQA,MpOGHrZzQA,MpOGHrZzQA,cxzMh
MpOGHrZzQA
MpOGHrZzQA
cxzMh
bkJFIFkku,MpOGHrZzQA,MpOGHrZzQA,cxzMh
MpOGHrZzQA,bkJFIFkku,MpOGHrZzQA
MpOGHrZzQA
MpOGHrZzQA,bkJFIFkku,MpOGHrZzQA
MpOGHrZzQA
bkJFIFkku
bkJFIFkku,cxzMh,MpOGHrZzQA
bkJFIFkku
bkJFIFkku,MpOGHrZzQA,bkJFIFkku
bkJFIFkku,MpOGHrZzQA,bkJFIFkku
MpOGHrZzQA,bkJFIFkku
xLTWgjwyE
xLTWgjwyE
MpOGHrZzQA,bkJFIFkku,cxzMh
cxzMh
cxzMh
MpOGHrZzQA,bkJFIFkku,cxzMh
cxzMh
MpOGHrZzQA,bkJFIFkku,cxzMh
MpOGHrZzQA
MpOGHrZzQA
MpOGHrZzQA,bkJFIFkku,bkJFIFkku,bkJFIFkku
MpOGHrZzQA,bkJFIFkku,bkJFIFkku,bkJFIFkku
MpOGHrZzQA,bkJFIFkku,bkJFIFkku
MpOGHrZzQA,bkJFIFkku,bkJFIFkku,MpOGHrZzQA
MpOGHrZzQA
MpOGHrZzQA
bkJFIFkku
bkJFIFkku
MpOGHrZzQA,bkJFIFkku,cxzMh
MpOGHrZzQA
cxzMh
cxzMh,MpOGHrZzQA,bkJFIFkku,cxzMh,cxzMh
cxzMh,MpOGHrZzQA,bkJFIFkku,cxzMh,cxzMh
cxzMh,MpOGHrZzQA,bkJFIFkku,cxzMh,cxzMh
cxzMh
cxzMh
MpOGHrZzQA
cxzMh
cxzMh
cxzMh,bkJFIFkku,cxzMh,MpOGHrZzQA,cxzMh
cxzMh
cxzMh
cxzMh,MpOGHrZzQA,bkJFIFkku,cxzMh,cxzMh,xLTWgjwyE
cxzMh
cxzMh,MpOGHrZzQA,bkJFIFkku,cxzMh,cxzMh,xLTWgjwyE
cxzMh,MpOGHrZzQA,cxzMh,cxzMh,xLTWgjwyE
cxzMh
cxzMh,MpOGHrZzQA,cxzMh,cxzMh
cxzMh,MpOGHrZzQA,cxzMh,cxzMh,MpOGHrZzQA
cxzMh
cxzMh
cxzMh,MpOGHrZzQA,cxzMh,cxzMh,MpOGHrZzQA,cxzMh
MpOGHrZzQA
cxzMh
cxzMh
MpOGHrZzQA
cxzMh,cxzMh,MpOGHrZzQA,cxzMh,MpOGHrZzQA
cxzMh
cxzMh
cxzMh
cxzMh,cxzMh,MpOGHrZzQA,cxzMh,MpOGHrZzQA
cxzMh
cxzMh,MpOGHrZzQA,cxzMh,cxzMh,MpOGHrZzQA
cxzMh
cxzMh
cxzMh,cxzMh,cxzMh,MpOGHrZzQA
cxzMh
cxzMh,cxzMh,cxzMh,bkJFIFkku
MpOGHrZzQA
MpOGHrZzQA
cxzMh,MpOGHrZzQA,cxzMh
MpOGHrZzQA
cxzMh,MpOGHrZzQA,cxzMh,MpOGHrZzQA
cxzMh
cxzMh
cxzMh
cxzMh,cxzMh,xLTWgjwyE,MpOGHrZzQA,xLTWgjwyE
cxzMh,cxzMh,MpOGHrZzQA,xLTWgjwyE,xLTWgjwyE
cxzMh,cxzMh,MpOGHrZzQA,xLTWgjwyE,xLTWgjwyE
cxzMh,cxzMh,xLTWgjwyE,MpOGHrZzQA,xLTWgjwyE
cxzMh
xLTWgjwyE
cxzMh,cxzMh,xLTWgjwyE,xLTWgjwyE,cxzMh,bkJFIFkku
xLTWgjwyE
cxzMh,cxzMh,xLTWgjwyE,xLTWgjwyE,cxzMh,bkJFIFkku,MpOGHrZzQA
xLTWgjwyE
xLTWgjwyE
cxzMh
cxzMh
cxzMh
bkJFIFkku
bkJFIFkku
bkJFIFkku
bkJFIFkku
bkJFIFkku
bkJFIFkku,cxzMh,MpOGHrZzQA,xLTWgjwyE,cxzMh,cxzMh
cxzMh,cxzMh,xLTWgjwyE,cxzMh,bkJFIFkku,bkJFIFkku
cxzMh,cxzMh,cxzMh,bkJFIFkku,bkJFIFkku
cxzMh,cxzMh,bkJFIFkku,cxzMh,bkJFIFkku
cxzMh,cxzMh,bkJFIFkku,cxzMh,bkJFIFkku
Jedi Wagner, assuma o comando!