[vazia]
Toque! Toque, Dijê!
OKrK
OKrK
OKrK
OKrK
OKrK
PSDXsQ,OKrK,OKrK
OKrK
OKrK,PSDXsQ,OKrK,h,PSDXsQ
OKrK
OKrK,OKrK
OKrK,OKrK,OKrK
OKrK
OKrK
OKrK,h
OKrK,h
OKrK
OKrK
OKrK,PSDXsQ
OKrK,PSDXsQ
OKrK,PSDXsQ
OKrK
OKrK
OKrK
OKrK
OKrK
OKrK
OKrK
OKrK
OKrK
OKrK
OKrK
jR
jR
OKrK,jR
OKrK,jR
OKrK
OKrK,jR
jR
jR
jR
jR
jR,jR,OKrK,OKrK,StFv
OKrK
OKrK
jR,jR,OKrK,OKrK,StFv,BsEGy
OKrK
BsEGy
jR,jR,OKrK,BsEGy,StFv,OKrK
jR,jR,OKrK,BsEGy,StFv,OKrK
jR,jR,OKrK,BsEGy,StFv,OKrK
BsEGy
jR,jR,OKrK,StFv,OKrK
jR,jR,OKrK,BsEGy,StFv,OKrK
BsEGy
BsEGy
BsEGy
jR,jR,OKrK,StFv,BsEGy
BsEGy
jR,jR,OKrK,StFv,BsEGy
BsEGy
OKrK
BsEGy
jR,jR,OKrK,StFv,BsEGy,OKrK
jR,jR,OKrK,StFv,BsEGy,OKrK,OKrK
Jedi Wagner, assuma o comando!