qqcviItx
Toque! Toque, Dijê!
Toque! Toque, Dijê!
Toque! Toque, Dijê!
[vazia]
hKuvUNcZye,P
hKuvUNcZye
hKuvUNcZye,P
hKuvUNcZye
[vazia]
Toque! Toque, Dijê!
qqcviItx
qqcviItx
Toque! Toque, Dijê!
Toque! Toque, Dijê!
Toque! Toque, Dijê!
KiDyb
[vazia]
hKuvUNcZye
Toque! Toque, Dijê!
Toque! Toque, Dijê!
Toque! Toque, Dijê!
Toque! Toque, Dijê!
Toque! Toque, Dijê!
P,qqcviItx,P
P,qqcviItx,P
P,qqcviItx,P,qqcviItx
P
P,P,qqcviItx,qqcviItx
P
P,P,qqcviItx,qqcviItx
P,P,qqcviItx,qqcviItx
hKuvUNcZye
hKuvUNcZye
KiDyb
hKuvUNcZye
hKuvUNcZye
KiDyb
KiDyb,P
KiDyb
KiDyb,P,KiDyb
KiDyb
KiDyb
KiDyb
KiDyb
KiDyb
KiDyb,hKuvUNcZye
hKuvUNcZye,hKuvUNcZye
KiDyb
P
P
P,KiDyb,KiDyb,KiDyb,P
P,KiDyb,KiDyb,KiDyb,P,P,P
P,KiDyb,KiDyb,KiDyb,P,P,P,hKuvUNcZye
KiDyb
KiDyb,qqcviItx,KiDyb
KiDyb,qqcviItx,KiDyb
KiDyb
KiDyb,KiDyb,KiDyb
KiDyb,KiDyb
KiDyb,KiDyb
KiDyb
KiDyb
KiDyb
KiDyb
KiDyb
KiDyb,qqcviItx
KiDyb,qqcviItx
KiDyb
KiDyb,hKuvUNcZye,qqcviItx
KiDyb,hKuvUNcZye,qqcviItx
KiDyb
KiDyb
KiDyb
KiDyb,KiDyb
KiDyb
KiDyb
KiDyb
KiDyb
KiDyb
KiDyb,KiDyb,hKuvUNcZye
KiDyb
KiDyb,KiDyb,hKuvUNcZye
KiDyb
KiDyb,hKuvUNcZye
KiDyb,hKuvUNcZye
KiDyb,hKuvUNcZye
KiDyb,hKuvUNcZye
hKuvUNcZye
hKuvUNcZye
hKuvUNcZye
hKuvUNcZye
KiDyb
KiDyb
KiDyb
KiDyb
KiDyb
KiDyb
hKuvUNcZye,KiDyb,qqcviItx
hKuvUNcZye
KiDyb,hKuvUNcZye
hKuvUNcZye
KiDyb,hKuvUNcZye
hKuvUNcZye,P
hKuvUNcZye,P
P
P,hKuvUNcZye
P,hKuvUNcZye
P,hKuvUNcZye
hKuvUNcZye
P,hKuvUNcZye
hKuvUNcZye,P
P
hKuvUNcZye
P,hKuvUNcZye
hKuvUNcZye
hKuvUNcZye
hKuvUNcZye,P,hKuvUNcZye,hKuvUNcZye
hKuvUNcZye
hKuvUNcZye,P,hKuvUNcZye
hKuvUNcZye,hKuvUNcZye,hKuvUNcZye
hKuvUNcZye,hKuvUNcZye,hKuvUNcZye
hKuvUNcZye
hKuvUNcZye
hKuvUNcZye
hKuvUNcZye
hKuvUNcZye
Jedi Wagner, assuma o comando!