Toque! Toque, Dijê!
Toque! Toque, Dijê!
[vazia]
Toque! Toque, Dijê!
Toque! Toque, Dijê!
ZO,ZO
ZO,ZO
ZO
ZO,ZO,ZO,VMPf
ZO
ZO
ZO,ZO,ZO,VMPf
ZO,ZO,VMPf
VMPf,ZO
VMPf
Toque! Toque, Dijê!
Toque! Toque, Dijê!
[vazia]
ZO,VMPf,dF
[vazia]
Toque! Toque, Dijê!
[vazia]
Toque! Toque, Dijê!
dF
dF
dF,VMPf
VMPf
VMPf
dF,VMPf
dF,VMPf
VMPf
VMPf
dF
dF,VMPf
dF,VMPf
VMPf,dF
dF
dF
VMPf,dF,ZO,ZO
dF
dF,VMPf
dF,VMPf
dF,VMPf,ZO
ZO
dF,ZO
ZO
ZO
ZO
ZO,dF
ZO
ZO
VMPf,ZO,dF,dF
VMPf
VMPf,ZO,dF,dF
ZO,dF
ZO,dF,VMPf,ZO
dF
ZO,VMPf,ZO,ZO,VMPf,dF
ZO,VMPf,ZO,ZO,VMPf,dF
VMPf
ZO,VMPf,dF,ZO,ZO,VMPf,ZO
dF
dF
ZO,dF,ZO
Jedi Wagner, assuma o comando!