Toque! Toque, Dijê!
[vazia]
[vazia]
[vazia]
Toque! Toque, Dijê!
xeAc
xeAc
xeAc,UoQChXdI,xeAc
xeAc
xeAc
xeAc
Toque! Toque, Dijê!
xeAc
xeAc
xeAc
xeAc
UoQChXdI
xeAc,xeAc
xeAc,xeAc
xeAc,xeAc
xeAc,xeAc
xeAc,xeAc
xeAc
xeAc,xeAc
xeAc,xeAc
xeAc,xeAc
xeAc,xeAc,UoQChXdI
xeAc
xeAc,xeAc,UoQChXdI
xeAc,xeAc,UoQChXdI
xeAc
xeAc,xeAc,UoQChXdI
xeAc
xeAc,xeAc,UoQChXdI
UoQChXdI
xeAc,xeAc
xeAc,xeAc
xeAc,xeAc
xeAc
xeAc,UoQChXdI,xeAc,UoQChXdI,UoQChXdI
xeAc,xeAc,UoQChXdI,UoQChXdI
UoQChXdI
UoQChXdI
UoQChXdI
xeAc,xeAc,UoQChXdI,UoQChXdI
xeAc,xeAc,xeAc,UoQChXdI,UoQChXdI
xeAc,xeAc,xeAc,UoQChXdI,UoQChXdI
UoQChXdI
xeAc
xeAc
UoQChXdI
UoQChXdI
UoQChXdI
xeAc,xeAc,xeAc,UoQChXdI,UoQChXdI
xeAc,xeAc,xeAc,UoQChXdI,UoQChXdI
xeAc,xeAc,UoQChXdI,UoQChXdI,xeAc
UoQChXdI
xeAc,xeAc,xeAc,UoQChXdI,UoQChXdI
UoQChXdI
xeAc,xeAc,xeAc,UoQChXdI,UoQChXdI
xeAc,xeAc,xeAc,UoQChXdI,UoQChXdI
xeAc,xeAc,xeAc,UoQChXdI,UoQChXdI
xeAc
xeAc,xeAc,xeAc,UoQChXdI,xeAc
xeAc,xeAc,xeAc,UoQChXdI,xeAc
xeAc,xeAc,xeAc,UoQChXdI,UoQChXdI,UoQChXdI
xeAc,xeAc,xeAc,UoQChXdI,UoQChXdI,UoQChXdI
UoQChXdI,xeAc,xeAc,xeAc,UoQChXdI,UoQChXdI,UoQChXdI,xeAc
UoQChXdI
xeAc
xeAc
xeAc,xeAc,xeAc,UoQChXdI,xeAc
xeAc
xeAc,xeAc,xeAc,xeAc,UoQChXdI
xeAc,xeAc,xeAc,xeAc,UoQChXdI
xeAc,xeAc,xeAc,xeAc,UoQChXdI
xeAc,xeAc,xeAc,xeAc,UoQChXdI
xeAc,xeAc,xeAc,xeAc,UoQChXdI,UoQChXdI,xeAc
xeAc
xeAc
xeAc
xeAc,xeAc,UoQChXdI,UoQChXdI,UoQChXdI
xeAc,xeAc,UoQChXdI,UoQChXdI,UoQChXdI
xeAc,xeAc,UoQChXdI,UoQChXdI,UoQChXdI
xeAc
xeAc,xeAc,UoQChXdI,UoQChXdI,UoQChXdI
UoQChXdI,UoQChXdI,UoQChXdI
Jedi Wagner, assuma o comando!