[vazia]
eYdf
eYdf
eYdf
eYdf
eYdf
eYdf
eYdf,dqTumyrc,gs,aSlHS
eYdf,dqTumyrc,gs,aSlHS
eYdf,dqTumyrc,gs,aSlHS
eYdf,dqTumyrc,gs
eYdf
eYdf
eYdf
eYdf
dqTumyrc
aSlHS,eYdf,dqTumyrc,gs,eYdf,a
aSlHS,eYdf,dqTumyrc,gs,eYdf
aSlHS,eYdf,dqTumyrc,gs,eYdf,cVIiFdKa
eYdf
eYdf
eYdf
aSlHS,gs,eYdf,eYdf,a,GYvMVLX,Q
eYdf
aSlHS,gs,eYdf,eYdf,a,GYvMVLX,Q,GYvMVLX,eYdf
eYdf
a
aSlHS,eYdf,dqTumyrc,gs,eYdf,a,a,a,GYvMVLX
GYvMVLX
aSlHS,eYdf,dqTumyrc,gs,eYdf,a,a,a,GYvMVLX
GYvMVLX
aSlHS,eYdf,dqTumyrc,gs,eYdf,a,a,a,GYvMVLX
aSlHS,eYdf,dqTumyrc,gs,eYdf,a,a,a,GYvMVLX
GYvMVLX
aSlHS,eYdf,dqTumyrc,gs,eYdf,a,a,a,GYvMVLX,Q
GYvMVLX
aSlHS,eYdf,dqTumyrc,gs,eYdf,a,a,GYvMVLX,a
eYdf,dqTumyrc,gs,eYdf,a,a,GYvMVLX,a
eYdf,dqTumyrc,gs,eYdf,a,a,GYvMVLX,a,cVIiFdKa
eYdf
eYdf,dqTumyrc,gs,eYdf,a,a,GYvMVLX,a,cVIiFdKa
cVIiFdKa,eYdf,dqTumyrc,gs,eYdf,a,a,GYvMVLX,a
cVIiFdKa
eYdf,dqTumyrc,gs,eYdf,a,a,a,cVIiFdKa
eYdf,dqTumyrc,gs,eYdf,a,a,a,cVIiFdKa,cVIiFdKa
dqTumyrc,gs,eYdf,a,a,a,cVIiFdKa,aSlHS,GYvMVLX
gs
gs
dqTumyrc,eYdf,gs,a,a,a,cVIiFdKa,J
dqTumyrc,eYdf,gs,a,a,a,cVIiFdKa,J
gs
dqTumyrc,eYdf,gs,a,a,a,cVIiFdKa,J,gs
gs
gs
dqTumyrc,eYdf,gs,a,a,a,cVIiFdKa,J,gs
gs
dqTumyrc,gs,eYdf,a,a,a,J,gs
eYdf
eYdf
eYdf
eYdf
dqTumyrc,gs,J,eYdf,a,a,a,gs,dqTumyrc,Q
dqTumyrc,J,gs,eYdf,a,a,a,gs,dqTumyrc,Q,a,eYdf,Q
eYdf
eYdf
J
dqTumyrc,gs,eYdf,a,J,a,a,gs,dqTumyrc,Q,a,eYdf,Q,GYvMVLX,GYvMVLX,a
dqTumyrc,gs,a,J,eYdf,a,a,gs,dqTumyrc,Q,a,eYdf,Q,GYvMVLX,GYvMVLX,a,dqTumyrc
J
J
J
J
dqTumyrc,gs,a,J,a,a,gs,dqTumyrc,Q,a,Q,GYvMVLX,GYvMVLX,a
J
a
gs,a,J,a,dqTumyrc,a,gs,dqTumyrc,Q,a,Q,GYvMVLX,GYvMVLX,a,eYdf
gs,a,J,a,dqTumyrc,a,gs,dqTumyrc,Q,a,Q,GYvMVLX,GYvMVLX,a,eYdf
a,a,Q,dqTumyrc,gs,a,gs,dqTumyrc,a,Q,a,a,a
dqTumyrc,gs,a,J,a,a,gs,dqTumyrc,Q,a,Q,GYvMVLX,GYvMVLX,a,eYdf
dqTumyrc,gs,a,J,a,a,gs,dqTumyrc,Q,a,Q,GYvMVLX,GYvMVLX,a,eYdf
a
dqTumyrc,gs,a,J,a,a,gs,dqTumyrc,Q,a,Q,GYvMVLX,GYvMVLX,a,eYdf
a
dqTumyrc,J,a,a,a,gs,dqTumyrc,a,Q,GYvMVLX,GYvMVLX,a,eYdf
dqTumyrc,J,a,a,a,gs,dqTumyrc,a,Q,GYvMVLX,GYvMVLX,a,eYdf
dqTumyrc,J,a,a,Q,cVIiFdKa,a,gs,dqTumyrc,a,GYvMVLX,GYvMVLX,a,eYdf,a
a
dqTumyrc,J,a,a,a,gs,dqTumyrc,a,Q,GYvMVLX,GYvMVLX,a,eYdf,a,cVIiFdKa
J
a
dqTumyrc,J,a,a,a,gs,dqTumyrc,a,Q,GYvMVLX,GYvMVLX,a,eYdf,a,cVIiFdKa
dqTumyrc,J,a,a,a,gs,dqTumyrc,a,Q,GYvMVLX,GYvMVLX,a,eYdf,a,cVIiFdKa
a
dqTumyrc,J,a,a,a,dqTumyrc,a,Q,GYvMVLX,GYvMVLX,a,eYdf,a,cVIiFdKa,dqTumyrc,J
GYvMVLX
dqTumyrc,J,a,a,GYvMVLX,a,dqTumyrc,a,Q,GYvMVLX,a,eYdf,a,cVIiFdKa,dqTumyrc,J,eYdf,cVIiFdKa
eYdf
J,a,a,GYvMVLX,eYdf,a,gs,dqTumyrc,a,Q,GYvMVLX,a,a,cVIiFdKa,dqTumyrc,J,eYdf,cVIiFdKa,J,gJVoshJ,gs,dqTumyrc,eYdf
a
a,a,eYdf,a,dqTumyrc,a,gs,J,Q,GYvMVLX,a,a,cVIiFdKa,dqTumyrc,J,eYdf,cVIiFdKa,J,gJVoshJ,gs,dqTumyrc,eYdf,gs,aSlHS
a
J,a,a,GYvMVLX,eYdf,a,gs,dqTumyrc,a,Q,GYvMVLX,a,a,cVIiFdKa,dqTumyrc,J,eYdf,cVIiFdKa,J,gJVoshJ,gs,dqTumyrc,eYdf,gs
a
J,a,a,GYvMVLX,eYdf,a,gs,dqTumyrc,a,Q,GYvMVLX,a,a,cVIiFdKa,dqTumyrc,J,eYdf,cVIiFdKa,J,gJVoshJ,gs,dqTumyrc,eYdf,gs
J,a,a,GYvMVLX,eYdf,a,gs,dqTumyrc,a,Q,GYvMVLX,a,a,cVIiFdKa,dqTumyrc,J,eYdf,cVIiFdKa,J,gJVoshJ,gs,dqTumyrc,eYdf,gs,GYvMVLX
a
J,a,a,GYvMVLX,eYdf,a,gs,dqTumyrc,a,Q,GYvMVLX,a,a,cVIiFdKa,dqTumyrc,J,eYdf,cVIiFdKa,J,gJVoshJ,gs,dqTumyrc,eYdf,gs,GYvMVLX
a
gJVoshJ
a,GYvMVLX,eYdf,a,gs,a,gJVoshJ,dqTumyrc,Q,a,GYvMVLX,a,a,dqTumyrc,J,eYdf,J,gs,dqTumyrc,eYdf,gs,GYvMVLX,GYvMVLX
a,GYvMVLX,eYdf,a,gs,a,gJVoshJ,dqTumyrc,Q,a,GYvMVLX,a,a,dqTumyrc,J,eYdf,J,gs,dqTumyrc,eYdf,gs,GYvMVLX,GYvMVLX
a,GYvMVLX,eYdf,a,gs,a,gJVoshJ,dqTumyrc,Q,a,GYvMVLX,a,a,dqTumyrc,J,eYdf,J,gs,dqTumyrc,eYdf,gs,GYvMVLX,GYvMVLX
a,GYvMVLX,eYdf,a,gs,a,gJVoshJ,dqTumyrc,Q,a,GYvMVLX,a,a,dqTumyrc,J,eYdf,J,gs,dqTumyrc,eYdf,gs,GYvMVLX,GYvMVLX
a
a,GYvMVLX,eYdf,a,gs,a,gJVoshJ,dqTumyrc,Q,a,GYvMVLX,a,a,dqTumyrc,J,eYdf,J,gs,dqTumyrc,eYdf,gs,GYvMVLX,GYvMVLX
GYvMVLX
a,GYvMVLX,eYdf,a,gs,a,gJVoshJ,dqTumyrc,Q,a,GYvMVLX,a,a,dqTumyrc,J,eYdf,J,gs,dqTumyrc,eYdf,gs,GYvMVLX,GYvMVLX,aSlHS
a,GYvMVLX,eYdf,a,gs,a,gJVoshJ,dqTumyrc,Q,a,GYvMVLX,a,a,dqTumyrc,J,eYdf,J,gs,dqTumyrc,eYdf,gs,GYvMVLX,GYvMVLX,aSlHS
J
GYvMVLX,eYdf,a,gs,a,gJVoshJ,dqTumyrc,Q,a,GYvMVLX,a,a,dqTumyrc,J,eYdf,J,gs,dqTumyrc,eYdf,gs,GYvMVLX,GYvMVLX
J
GYvMVLX,eYdf,a,a,gJVoshJ,dqTumyrc,Q,a,GYvMVLX,a,a,dqTumyrc,J,gs,eYdf,J,gs,dqTumyrc,eYdf,gs,GYvMVLX,GYvMVLX,aSlHS,gJVoshJ
GYvMVLX,eYdf,a,gs,a,gJVoshJ,dqTumyrc,Q,a,GYvMVLX,a,a,dqTumyrc,J,eYdf,J,gs,dqTumyrc,eYdf,gs,GYvMVLX,GYvMVLX,aSlHS,cVIiFdKa
GYvMVLX,eYdf,a,gs,a,gJVoshJ,dqTumyrc,Q,a,GYvMVLX,a,a,dqTumyrc,J,eYdf,J,gs,dqTumyrc,eYdf,gs,GYvMVLX,GYvMVLX,aSlHS,J
GYvMVLX,eYdf,a,gs,a,gJVoshJ,dqTumyrc,Q,a,GYvMVLX,a,a,dqTumyrc,J,eYdf,J,gs,dqTumyrc,eYdf,gs,GYvMVLX,GYvMVLX,aSlHS,J
GYvMVLX,eYdf,a,gs,a,gJVoshJ,dqTumyrc,Q,a,GYvMVLX,a,a,dqTumyrc,J,eYdf,J,gs,dqTumyrc,eYdf,gs,GYvMVLX,GYvMVLX,aSlHS,J
gs
GYvMVLX,eYdf,a,gJVoshJ,dqTumyrc,Q,a,GYvMVLX,a,a,dqTumyrc,J,a,gs,eYdf,J,gs,dqTumyrc,eYdf,gs,GYvMVLX,GYvMVLX,aSlHS,J
GYvMVLX,eYdf,a,gs,a,gJVoshJ,dqTumyrc,Q,a,GYvMVLX,a,a,dqTumyrc,J,eYdf,J,gs,dqTumyrc,eYdf,gs,GYvMVLX,GYvMVLX,aSlHS
GYvMVLX,eYdf,a,gs,a,gJVoshJ,dqTumyrc,Q,a,GYvMVLX,a,a,dqTumyrc,J,eYdf,J,gs,dqTumyrc,eYdf,gs,GYvMVLX,GYvMVLX,aSlHS
J
J
J
J
eYdf,a,gs,a,gJVoshJ,a,GYvMVLX,a,a,dqTumyrc,J,dqTumyrc,eYdf,J,gs,dqTumyrc,eYdf,gs,GYvMVLX,GYvMVLX,aSlHS,gs
dqTumyrc
GYvMVLX,eYdf,a,gs,a,gJVoshJ,a,GYvMVLX,a,a,dqTumyrc,J,dqTumyrc,eYdf,J,gs,dqTumyrc,eYdf,gs,GYvMVLX,GYvMVLX,aSlHS,gs,gs
dqTumyrc
GYvMVLX,eYdf,a,a,gJVoshJ,a,GYvMVLX,a,a,dqTumyrc,J,dqTumyrc,gs,eYdf,J,gs,dqTumyrc,eYdf,gs,GYvMVLX,GYvMVLX,aSlHS,gs,gs
dqTumyrc
eYdf,a,gs,a,gJVoshJ,a,GYvMVLX,a,a,dqTumyrc,J,dqTumyrc,eYdf,J,gs,dqTumyrc,eYdf,gs,GYvMVLX,GYvMVLX,aSlHS,gs,gs
eYdf,a,gs,a,gJVoshJ,a,GYvMVLX,a,a,dqTumyrc,J,dqTumyrc,eYdf,J,gs,dqTumyrc,eYdf,gs,GYvMVLX,GYvMVLX,aSlHS,gs,gs
dqTumyrc
eYdf,a,gs,a,gJVoshJ,a,GYvMVLX,a,a,dqTumyrc,J,dqTumyrc,eYdf,J,gs,dqTumyrc,eYdf,gs,GYvMVLX,GYvMVLX,aSlHS,gs,gs,Q,gJVoshJ
eYdf,gs,a,gJVoshJ,a,GYvMVLX,a,a,dqTumyrc,J,dqTumyrc,a,eYdf,J,gs,dqTumyrc,eYdf,gs,GYvMVLX,GYvMVLX,aSlHS,gs,gs,Q,gJVoshJ
eYdf,gs,a,gJVoshJ,a,GYvMVLX,a,a,J,dqTumyrc,a,dqTumyrc,eYdf,J,gs,dqTumyrc,eYdf,gs,GYvMVLX,GYvMVLX,aSlHS,gs,gs,Q,gJVoshJ,gs
GYvMVLX,eYdf,a,gs,a,gJVoshJ,a,GYvMVLX,a,a,J,dqTumyrc,eYdf,J,gs,dqTumyrc,eYdf,gs,GYvMVLX,GYvMVLX,aSlHS,gs
GYvMVLX,eYdf,a,gs,a,a,GYvMVLX,a,a,J,dqTumyrc,gJVoshJ,eYdf,J,gs,dqTumyrc,eYdf,gs,GYvMVLX,GYvMVLX,aSlHS,gs
GYvMVLX,eYdf,a,gs,a,a,GYvMVLX,a,a,J,dqTumyrc,gJVoshJ,eYdf,J,gs,dqTumyrc,eYdf,gs,GYvMVLX,GYvMVLX,aSlHS,gs
aSlHS
GYvMVLX,eYdf,a,gs,a,gJVoshJ,a,GYvMVLX,a,a,dqTumyrc,dqTumyrc,J,eYdf,J,gs,dqTumyrc,eYdf,gs,GYvMVLX,GYvMVLX,aSlHS,gs,J,Q
GYvMVLX,eYdf,a,gs,a,gJVoshJ,a,GYvMVLX,a,a,dqTumyrc,J,dqTumyrc,eYdf,J,gs,dqTumyrc,eYdf,gs,GYvMVLX,GYvMVLX,aSlHS,gs,J,Q,gJVoshJ,aSlHS
dqTumyrc
dqTumyrc
GYvMVLX,eYdf,a,gs,a,gJVoshJ,a,GYvMVLX,a,a,dqTumyrc,J,dqTumyrc,eYdf,J,gs,dqTumyrc,eYdf,gs,GYvMVLX,GYvMVLX,aSlHS,gs,J,Q,gJVoshJ,aSlHS
GYvMVLX,eYdf,a,gs,a,gJVoshJ,a,GYvMVLX,a,a,dqTumyrc,J,dqTumyrc,eYdf,J,gs,dqTumyrc,eYdf,gs,GYvMVLX,GYvMVLX,aSlHS,gs,J,Q,gJVoshJ,aSlHS
dqTumyrc
dqTumyrc
dqTumyrc
dqTumyrc
eYdf,a,gs,a,gJVoshJ,a,GYvMVLX,a,a,J,dqTumyrc,eYdf,J,gs,dqTumyrc,eYdf,gs,GYvMVLX,GYvMVLX,aSlHS,gs,J,Q,gJVoshJ,aSlHS,Q,aSlHS
a
dqTumyrc
a
a
a
GYvMVLX,eYdf,gs,gJVoshJ,a,GYvMVLX,a,a,dqTumyrc,dqTumyrc,J,a,eYdf,J,gs,dqTumyrc,eYdf,gs,GYvMVLX,GYvMVLX,gs,J
a
J
GYvMVLX,eYdf,a,gs,a,gJVoshJ,a,GYvMVLX,a,a,dqTumyrc,dqTumyrc,J,eYdf,J,gs,dqTumyrc,eYdf,gs,GYvMVLX,GYvMVLX,aSlHS,gs,J,Q
J
J
GYvMVLX,eYdf,a,gs,a,a,GYvMVLX,a,a,dqTumyrc,dqTumyrc,J,eYdf,J,gs,dqTumyrc,eYdf,gs,GYvMVLX,GYvMVLX,aSlHS,gs,J,gs
GYvMVLX,eYdf,a,gs,a,a,GYvMVLX,a,a,dqTumyrc,dqTumyrc,J,eYdf,J,gs,dqTumyrc,eYdf,gs,GYvMVLX,GYvMVLX,aSlHS,gs,J,gs
J
J
J
GYvMVLX,eYdf,a,gs,a,gJVoshJ,a,GYvMVLX,a,a,dqTumyrc,dqTumyrc,J,eYdf,J,gs,dqTumyrc,eYdf,gs,GYvMVLX,GYvMVLX,gs,J,Q
J
GYvMVLX,eYdf,a,gs,a,gJVoshJ,a,GYvMVLX,a,a,dqTumyrc,dqTumyrc,eYdf,J,gs,dqTumyrc,eYdf,gs,GYvMVLX,GYvMVLX,gs,J,Q,a
GYvMVLX,eYdf,a,gs,a,gJVoshJ,a,GYvMVLX,a,a,dqTumyrc,dqTumyrc,eYdf,gs,dqTumyrc,eYdf,gs,GYvMVLX,GYvMVLX,gs,J,Q,a
GYvMVLX,eYdf,a,gs,a,gJVoshJ,a,GYvMVLX,a,a,dqTumyrc,dqTumyrc,eYdf,J,gs,dqTumyrc,eYdf,gs,GYvMVLX,GYvMVLX,gs,J,Q,a
J
GYvMVLX,eYdf,a,gs,a,a,GYvMVLX,a,a,dqTumyrc,eYdf,J,gJVoshJ,gs,dqTumyrc,eYdf,gs,GYvMVLX,GYvMVLX,gs,J,Q,a,dqTumyrc,a
GYvMVLX,eYdf,a,gs,a,a,GYvMVLX,a,a,dqTumyrc,eYdf,J,gJVoshJ,gs,dqTumyrc,eYdf,gs,GYvMVLX,GYvMVLX,gs,J,Q,a,dqTumyrc,a
GYvMVLX,eYdf,gs,a,a,GYvMVLX,a,a,dqTumyrc,eYdf,J,gJVoshJ,gs,dqTumyrc,eYdf,gs,GYvMVLX,GYvMVLX,gs,J,Q,a,dqTumyrc
GYvMVLX,eYdf,gs,a,a,GYvMVLX,a,a,dqTumyrc,eYdf,J,gJVoshJ,gs,dqTumyrc,eYdf,gs,GYvMVLX,GYvMVLX,gs,J,a,dqTumyrc
Jedi Wagner, assuma o comando!