Toque! Toque, Dijê!
[vazia]
[vazia]
[vazia]
aUxIRDo,aUxIRDo
aUxIRDo
aUxIRDo
aUxIRDo
aUxIRDo
aUxIRDo
aUxIRDo
aUxIRDo
aUxIRDo
aUxIRDo
[vazia]
aUxIRDo
aUxIRDo
[vazia]
Toque! Toque, Dijê!
[vazia]
Toque! Toque, Dijê!
Toque! Toque, Dijê!
Toque! Toque, Dijê!
Toque! Toque, Dijê!
aUxIRDo
aUxIRDo
aUxIRDo
aUxIRDo
aUxIRDo
aUxIRDo
aUxIRDo
aUxIRDo,aUxIRDo,aUxIRDo
aUxIRDo
aUxIRDo
aUxIRDo,aUxIRDo,aUxIRDo,aUxIRDo
aUxIRDo,aUxIRDo,aUxIRDo,aUxIRDo
aUxIRDo
aUxIRDo,aUxIRDo,aUxIRDo
aUxIRDo,aUxIRDo,aUxIRDo
aUxIRDo
aUxIRDo
aUxIRDo,aUxIRDo,aUxIRDo,aUxIRDo,aUxIRDo,aUxIRDo,aUxIRDo,aUxIRDo,aUxIRDo
aUxIRDo
aUxIRDo,aUxIRDo,aUxIRDo,aUxIRDo,aUxIRDo,aUxIRDo,aUxIRDo,aUxIRDo,aUxIRDo
aUxIRDo
aUxIRDo,aUxIRDo,aUxIRDo,aUxIRDo,aUxIRDo,aUxIRDo,aUxIRDo,aUxIRDo
aUxIRDo,aUxIRDo,aUxIRDo,aUxIRDo,aUxIRDo,aUxIRDo,aUxIRDo,aUxIRDo
aUxIRDo
aUxIRDo
aUxIRDo
aUxIRDo
aUxIRDo,aUxIRDo,aUxIRDo,aUxIRDo,aUxIRDo,aUxIRDo,aUxIRDo,aUxIRDo
aUxIRDo,aUxIRDo,aUxIRDo,aUxIRDo,aUxIRDo,aUxIRDo,aUxIRDo,aUxIRDo
aUxIRDo
aUxIRDo,aUxIRDo,aUxIRDo,aUxIRDo,aUxIRDo,aUxIRDo,aUxIRDo
aUxIRDo
aUxIRDo,aUxIRDo,aUxIRDo,aUxIRDo,aUxIRDo,aUxIRDo,aUxIRDo
aUxIRDo
aUxIRDo
aUxIRDo,aUxIRDo,aUxIRDo,aUxIRDo,aUxIRDo,aUxIRDo,aUxIRDo,aUxIRDo
aUxIRDo
aUxIRDo
aUxIRDo,aUxIRDo,aUxIRDo,aUxIRDo,aUxIRDo,aUxIRDo,aUxIRDo,aUxIRDo
aUxIRDo,aUxIRDo,aUxIRDo,aUxIRDo,aUxIRDo,aUxIRDo,aUxIRDo,aUxIRDo
aUxIRDo
aUxIRDo,aUxIRDo,aUxIRDo,aUxIRDo,aUxIRDo,aUxIRDo,aUxIRDo
aUxIRDo
aUxIRDo
aUxIRDo,aUxIRDo,aUxIRDo,aUxIRDo,aUxIRDo,aUxIRDo,aUxIRDo,aUxIRDo
aUxIRDo
aUxIRDo
aUxIRDo,aUxIRDo,aUxIRDo,aUxIRDo,aUxIRDo,aUxIRDo,aUxIRDo,aUxIRDo,aUxIRDo
aUxIRDo
aUxIRDo
aUxIRDo,aUxIRDo,aUxIRDo,aUxIRDo,aUxIRDo,aUxIRDo,aUxIRDo,aUxIRDo,aUxIRDo
aUxIRDo,aUxIRDo,aUxIRDo,aUxIRDo,aUxIRDo,aUxIRDo,aUxIRDo,aUxIRDo,aUxIRDo
aUxIRDo,aUxIRDo,aUxIRDo,aUxIRDo,aUxIRDo,aUxIRDo,aUxIRDo,aUxIRDo,aUxIRDo
aUxIRDo,aUxIRDo,aUxIRDo,aUxIRDo,aUxIRDo,aUxIRDo,aUxIRDo,aUxIRDo,aUxIRDo
aUxIRDo,aUxIRDo,aUxIRDo,aUxIRDo,aUxIRDo,aUxIRDo,aUxIRDo,aUxIRDo,aUxIRDo,aUxIRDo,aUxIRDo
aUxIRDo,aUxIRDo,aUxIRDo,aUxIRDo,aUxIRDo,aUxIRDo,aUxIRDo,aUxIRDo,aUxIRDo,aUxIRDo,aUxIRDo
aUxIRDo,aUxIRDo,aUxIRDo,aUxIRDo,aUxIRDo,aUxIRDo,aUxIRDo,aUxIRDo,aUxIRDo,aUxIRDo,aUxIRDo
aUxIRDo,aUxIRDo,aUxIRDo,aUxIRDo,aUxIRDo,aUxIRDo,aUxIRDo,aUxIRDo,aUxIRDo
aUxIRDo
aUxIRDo,aUxIRDo,aUxIRDo,aUxIRDo,aUxIRDo,aUxIRDo,aUxIRDo,aUxIRDo
aUxIRDo,aUxIRDo,aUxIRDo,aUxIRDo,aUxIRDo,aUxIRDo,aUxIRDo,aUxIRDo
aUxIRDo
aUxIRDo
aUxIRDo,aUxIRDo,aUxIRDo,aUxIRDo,aUxIRDo,aUxIRDo,aUxIRDo,aUxIRDo,aUxIRDo,aUxIRDo
aUxIRDo
aUxIRDo,aUxIRDo,aUxIRDo,aUxIRDo,aUxIRDo,aUxIRDo,aUxIRDo,aUxIRDo
aUxIRDo
aUxIRDo,aUxIRDo,aUxIRDo,aUxIRDo,aUxIRDo,aUxIRDo,aUxIRDo
aUxIRDo
aUxIRDo
aUxIRDo
aUxIRDo,aUxIRDo,aUxIRDo,aUxIRDo,aUxIRDo,aUxIRDo
aUxIRDo
aUxIRDo,aUxIRDo,aUxIRDo,aUxIRDo,aUxIRDo,aUxIRDo,aUxIRDo,aUxIRDo
aUxIRDo,aUxIRDo,aUxIRDo,aUxIRDo,aUxIRDo,aUxIRDo
aUxIRDo,aUxIRDo,aUxIRDo,aUxIRDo,aUxIRDo,aUxIRDo
aUxIRDo
aUxIRDo,aUxIRDo,aUxIRDo,aUxIRDo,aUxIRDo,aUxIRDo,aUxIRDo,aUxIRDo,aUxIRDo
aUxIRDo
aUxIRDo,aUxIRDo,aUxIRDo,aUxIRDo,aUxIRDo,aUxIRDo,aUxIRDo,aUxIRDo,aUxIRDo
aUxIRDo
aUxIRDo
aUxIRDo,aUxIRDo,aUxIRDo,aUxIRDo,aUxIRDo,aUxIRDo,aUxIRDo,aUxIRDo
aUxIRDo
aUxIRDo,aUxIRDo,aUxIRDo,aUxIRDo,aUxIRDo,aUxIRDo,aUxIRDo,aUxIRDo,aUxIRDo
aUxIRDo,aUxIRDo,aUxIRDo,aUxIRDo,aUxIRDo,aUxIRDo,aUxIRDo,aUxIRDo
aUxIRDo
aUxIRDo,aUxIRDo,aUxIRDo,aUxIRDo,aUxIRDo,aUxIRDo,aUxIRDo,aUxIRDo,aUxIRDo
aUxIRDo,aUxIRDo,aUxIRDo,aUxIRDo,aUxIRDo,aUxIRDo,aUxIRDo,aUxIRDo
aUxIRDo
aUxIRDo,aUxIRDo,aUxIRDo,aUxIRDo,aUxIRDo,aUxIRDo,aUxIRDo,aUxIRDo
aUxIRDo,aUxIRDo,aUxIRDo,aUxIRDo,aUxIRDo,aUxIRDo,aUxIRDo,aUxIRDo
aUxIRDo,aUxIRDo,aUxIRDo,aUxIRDo,aUxIRDo,aUxIRDo,aUxIRDo,aUxIRDo
aUxIRDo,aUxIRDo,aUxIRDo,aUxIRDo,aUxIRDo,aUxIRDo,aUxIRDo,aUxIRDo
aUxIRDo,aUxIRDo,aUxIRDo,aUxIRDo,aUxIRDo,aUxIRDo,aUxIRDo,aUxIRDo
aUxIRDo
aUxIRDo,aUxIRDo,aUxIRDo,aUxIRDo,aUxIRDo,aUxIRDo,aUxIRDo
aUxIRDo
aUxIRDo,aUxIRDo,aUxIRDo,aUxIRDo,aUxIRDo,aUxIRDo
aUxIRDo,aUxIRDo,aUxIRDo,aUxIRDo,aUxIRDo,aUxIRDo
aUxIRDo
aUxIRDo
aUxIRDo,aUxIRDo,aUxIRDo,aUxIRDo,aUxIRDo,aUxIRDo,aUxIRDo
aUxIRDo
aUxIRDo,aUxIRDo,aUxIRDo,aUxIRDo,aUxIRDo,aUxIRDo,aUxIRDo,aUxIRDo
aUxIRDo,aUxIRDo,aUxIRDo,aUxIRDo,aUxIRDo,aUxIRDo
aUxIRDo,aUxIRDo,aUxIRDo,aUxIRDo,aUxIRDo,aUxIRDo
aUxIRDo
aUxIRDo
aUxIRDo
aUxIRDo,aUxIRDo,aUxIRDo,aUxIRDo,aUxIRDo,aUxIRDo,aUxIRDo,aUxIRDo
aUxIRDo,aUxIRDo,aUxIRDo,aUxIRDo,aUxIRDo,aUxIRDo,aUxIRDo,aUxIRDo
aUxIRDo,aUxIRDo,aUxIRDo,aUxIRDo,aUxIRDo,aUxIRDo,aUxIRDo,aUxIRDo
aUxIRDo,aUxIRDo,aUxIRDo,aUxIRDo,aUxIRDo,aUxIRDo,aUxIRDo,aUxIRDo
aUxIRDo
aUxIRDo,aUxIRDo,aUxIRDo,aUxIRDo,aUxIRDo,aUxIRDo,aUxIRDo,aUxIRDo,aUxIRDo
aUxIRDo,aUxIRDo,aUxIRDo,aUxIRDo,aUxIRDo,aUxIRDo,aUxIRDo,aUxIRDo,aUxIRDo,aUxIRDo
aUxIRDo,aUxIRDo,aUxIRDo,aUxIRDo,aUxIRDo,aUxIRDo,aUxIRDo,aUxIRDo,aUxIRDo,aUxIRDo
aUxIRDo,aUxIRDo,aUxIRDo,aUxIRDo,aUxIRDo,aUxIRDo,aUxIRDo,aUxIRDo,aUxIRDo,aUxIRDo
Jedi Wagner, assuma o comando!