VQ
VQ
VQ
Toque! Toque, Dijê!
[vazia]
[vazia]
Toque! Toque, Dijê!
VQ
[vazia]
[vazia]
Toque! Toque, Dijê!
Toque! Toque, Dijê!
[vazia]
[vazia]
Toque! Toque, Dijê!
[vazia]
Toque! Toque, Dijê!
[vazia]
I
I
[vazia]
[vazia]
[vazia]
Toque! Toque, Dijê!
Toque! Toque, Dijê!
I
I
I
I
I
I,VQ
I
I
I
Toque! Toque, Dijê!
[vazia]
[vazia]
Toque! Toque, Dijê!
VQ
VQ
VQ
VQ
VQ
VQ
VQ
VQ
VQ,VQ,VQ
VQ
VQ,VQ,VQ
VQ,VQ,VQ
VQ,VQ,VQ,I
VQ,VQ,VQ,I
VQ,VQ,VQ,I
VQ,VQ,VQ,I
I
VQ
VQ,VQ,VQ,I,I
VQ,VQ,I,I
VQ,VQ,I,I,VQ
VQ,VQ,VQ,I,I
VQ,VQ,VQ,I,I
VQ,VQ,VQ,I,I
I
VQ,VQ,VQ,I,VQ
I
I
VQ,VQ,VQ,I,VQ
I
I
VQ,VQ,VQ,I,VQ,VQ,VQ
I
I
VQ,VQ,I,I
I
I
I
VQ,VQ,VQ,I,I
I
I
VQ,VQ,I,I,I,I
VQ
VQ
VQ
VQ
VQ,VQ,VQ,I,I,VQ
I
I
I,VQ,VQ,I,VQ,VQ,I
I
VQ,I,VQ,VQ,VQ,I
I
Jedi Wagner, assuma o comando!