I
[vazia]
[vazia]
[vazia]
Toque! Toque, Dijê!
NLGItRQ,ciyvgXbkxq
NLGItRQ
NLGItRQ
[vazia]
GlMfnypsMx
GlMfnypsMx
GlMfnypsMx
GlMfnypsMx,PdJxqrV,neeDT
GlMfnypsMx,PdJxqrV,neeDT
GlMfnypsMx,ciyvgXbkxq
GlMfnypsMx
GlMfnypsMx
GlMfnypsMx
GlMfnypsMx
GlMfnypsMx
GlMfnypsMx,ciyvgXbkxq
GlMfnypsMx
GlMfnypsMx,ciyvgXbkxq,z
ciyvgXbkxq
ciyvgXbkxq
GlMfnypsMx,ciyvgXbkxq,z
GlMfnypsMx,ciyvgXbkxq,z
GlMfnypsMx,ciyvgXbkxq,z
GlMfnypsMx,ciyvgXbkxq,z
neeDT
GlMfnypsMx,ciyvgXbkxq,z,neeDT
neeDT
GlMfnypsMx,ciyvgXbkxq,neeDT,z
neeDT
neeDT
GlMfnypsMx,ciyvgXbkxq,z,neeDT
neeDT
neeDT
GlMfnypsMx,ciyvgXbkxq,z,neeDT
GlMfnypsMx,ciyvgXbkxq,z,neeDT
GlMfnypsMx,ciyvgXbkxq,z,neeDT
ciyvgXbkxq
ciyvgXbkxq
GlMfnypsMx,ciyvgXbkxq,z,neeDT,JA
ciyvgXbkxq
GlMfnypsMx,neeDT,ciyvgXbkxq,z,JA,PdJxqrV,GlMfnypsMx
GlMfnypsMx,ciyvgXbkxq,z,neeDT,JA
GlMfnypsMx,ciyvgXbkxq,z,neeDT,JA
ciyvgXbkxq
GlMfnypsMx,ciyvgXbkxq,z,neeDT,JA
GlMfnypsMx,z,ciyvgXbkxq,neeDT,JA
z
neeDT
GlMfnypsMx,ciyvgXbkxq,z,neeDT
z
z
GlMfnypsMx,z,neeDT,PdJxqrV
GlMfnypsMx,z,neeDT,PdJxqrV
z
GlMfnypsMx,z,neeDT,PdJxqrV
z
GlMfnypsMx,z,neeDT,PdJxqrV
GlMfnypsMx,z,neeDT,PdJxqrV
z
z
GlMfnypsMx,z,neeDT,PdJxqrV
GlMfnypsMx,z,neeDT,PdJxqrV,jR
GlMfnypsMx,z,neeDT,PdJxqrV
GlMfnypsMx,z,neeDT,PdJxqrV,ciyvgXbkxq
GlMfnypsMx
GlMfnypsMx
z,GlMfnypsMx,neeDT,PdJxqrV,ciyvgXbkxq,GlMfnypsMx
GlMfnypsMx
z,GlMfnypsMx,neeDT,PdJxqrV,ciyvgXbkxq,GlMfnypsMx
ciyvgXbkxq
GlMfnypsMx,ciyvgXbkxq,z,neeDT,JA
GlMfnypsMx,ciyvgXbkxq,z,neeDT,JA
ciyvgXbkxq
GlMfnypsMx,z,neeDT
GlMfnypsMx,z,neeDT,jR
GlMfnypsMx,ciyvgXbkxq,z,NLGItRQ
ciyvgXbkxq,GlMfnypsMx,z,NLGItRQ,NLGItRQ
ciyvgXbkxq,GlMfnypsMx,z,NLGItRQ,NLGItRQ
ciyvgXbkxq,GlMfnypsMx,z,NLGItRQ,NLGItRQ
ciyvgXbkxq,GlMfnypsMx,z,NLGItRQ,NLGItRQ
NLGItRQ
ciyvgXbkxq,GlMfnypsMx,z,NLGItRQ,NLGItRQ
NLGItRQ
GlMfnypsMx,z,NLGItRQ,NLGItRQ
NLGItRQ,z,NLGItRQ,Ad
NLGItRQ,z,NLGItRQ,Ad,NLGItRQ,NLGItRQ
NLGItRQ
NLGItRQ
NLGItRQ,z,NLGItRQ,Ad,NLGItRQ,NLGItRQ
NLGItRQ,z,NLGItRQ,Ad,NLGItRQ,NLGItRQ,ciyvgXbkxq
z,NLGItRQ,NLGItRQ,PdJxqrV,ciyvgXbkxq
z,NLGItRQ,NLGItRQ,PdJxqrV,ciyvgXbkxq
z,NLGItRQ,NLGItRQ,PdJxqrV,ciyvgXbkxq
NLGItRQ
NLGItRQ
NLGItRQ
z,NLGItRQ,NLGItRQ,PdJxqrV,ciyvgXbkxq,Ad,JA,ciyvgXbkxq,neeDT,GlMfnypsMx,z
NLGItRQ,z,NLGItRQ,PdJxqrV,ciyvgXbkxq,Ad,JA,ciyvgXbkxq,neeDT,GlMfnypsMx
z,ciyvgXbkxq,NLGItRQ,PdJxqrV,Ad,JA,ciyvgXbkxq,neeDT,GlMfnypsMx,ciyvgXbkxq,I
ciyvgXbkxq
ciyvgXbkxq
z,ciyvgXbkxq,PdJxqrV,Ad,JA,ciyvgXbkxq,neeDT,GlMfnypsMx,ciyvgXbkxq,I
ciyvgXbkxq
ciyvgXbkxq
ciyvgXbkxq
ciyvgXbkxq
ciyvgXbkxq
NLGItRQ,PdJxqrV,Ad,JA,ciyvgXbkxq,neeDT,GlMfnypsMx,ciyvgXbkxq,I
PdJxqrV,NLGItRQ,Ad,JA,ciyvgXbkxq,neeDT,ciyvgXbkxq,I
PdJxqrV
PdJxqrV
NLGItRQ
I
z,NLGItRQ,I,ciyvgXbkxq,PdJxqrV,Ad,JA,ciyvgXbkxq,neeDT,GlMfnypsMx,ciyvgXbkxq
z,NLGItRQ,I,ciyvgXbkxq,PdJxqrV,Ad,JA,ciyvgXbkxq,neeDT,GlMfnypsMx,ciyvgXbkxq
NLGItRQ
z
NLGItRQ,z,I,ciyvgXbkxq,PdJxqrV,Ad,JA,ciyvgXbkxq,neeDT,GlMfnypsMx,ciyvgXbkxq,Ad,NLGItRQ
NLGItRQ,z,I,ciyvgXbkxq,PdJxqrV,Ad,JA,ciyvgXbkxq,neeDT,GlMfnypsMx,ciyvgXbkxq,Ad,NLGItRQ
I
NLGItRQ,I,ciyvgXbkxq,PdJxqrV,Ad,JA,ciyvgXbkxq,neeDT,GlMfnypsMx,ciyvgXbkxq,Ad,NLGItRQ,NLGItRQ,neeDT
I,NLGItRQ,ciyvgXbkxq,PdJxqrV,Ad,JA,ciyvgXbkxq,neeDT,GlMfnypsMx,ciyvgXbkxq,Ad,NLGItRQ,NLGItRQ,neeDT
NLGItRQ
PdJxqrV
ciyvgXbkxq
I,NLGItRQ,PdJxqrV,ciyvgXbkxq,Ad,JA,ciyvgXbkxq,GlMfnypsMx,ciyvgXbkxq,Ad,NLGItRQ,NLGItRQ,ciyvgXbkxq
ciyvgXbkxq
I,NLGItRQ,PdJxqrV,ciyvgXbkxq,Ad,ciyvgXbkxq,JA,GlMfnypsMx,ciyvgXbkxq,Ad,NLGItRQ,NLGItRQ,ciyvgXbkxq,z
ciyvgXbkxq
GlMfnypsMx
GlMfnypsMx
Ad
I,ciyvgXbkxq,ciyvgXbkxq,GlMfnypsMx,JA,ciyvgXbkxq,Ad,NLGItRQ,NLGItRQ,ciyvgXbkxq,z,JA
I,ciyvgXbkxq,ciyvgXbkxq,GlMfnypsMx,JA,ciyvgXbkxq,Ad,NLGItRQ,NLGItRQ,ciyvgXbkxq,z,JA
ciyvgXbkxq,ciyvgXbkxq,GlMfnypsMx,ciyvgXbkxq,Ad,I,JA,NLGItRQ,ciyvgXbkxq,z,JA
ciyvgXbkxq,ciyvgXbkxq,GlMfnypsMx,ciyvgXbkxq,JA,I,NLGItRQ,ciyvgXbkxq,z,JA,Ad
NLGItRQ
ciyvgXbkxq,ciyvgXbkxq,GlMfnypsMx,ciyvgXbkxq,I,NLGItRQ,ciyvgXbkxq,z,JA,Ad
z
z
ciyvgXbkxq,ciyvgXbkxq,ciyvgXbkxq,I,NLGItRQ,ciyvgXbkxq,z,JA,Ad,GlMfnypsMx,GlMfnypsMx,z
ciyvgXbkxq,ciyvgXbkxq,ciyvgXbkxq,I,NLGItRQ,ciyvgXbkxq,z,JA,Ad,GlMfnypsMx,z
ciyvgXbkxq,ciyvgXbkxq,ciyvgXbkxq,I,NLGItRQ,ciyvgXbkxq,z,JA,Ad,GlMfnypsMx,z
GlMfnypsMx
z
ciyvgXbkxq,ciyvgXbkxq,ciyvgXbkxq,I,NLGItRQ,ciyvgXbkxq,z,JA,Ad,z,GlMfnypsMx
ciyvgXbkxq,ciyvgXbkxq,ciyvgXbkxq,I,NLGItRQ,ciyvgXbkxq,z,JA,Ad,z,GlMfnypsMx
ciyvgXbkxq,ciyvgXbkxq,ciyvgXbkxq,I,NLGItRQ,ciyvgXbkxq,z,JA,Ad,z,GlMfnypsMx,PdJxqrV,GlMfnypsMx
PdJxqrV
GlMfnypsMx
ciyvgXbkxq,ciyvgXbkxq,ciyvgXbkxq,I,NLGItRQ,ciyvgXbkxq,z,JA,z,GlMfnypsMx,PdJxqrV,GlMfnypsMx,Ad
ciyvgXbkxq
ciyvgXbkxq,I,NLGItRQ,ciyvgXbkxq,z,PdJxqrV,GlMfnypsMx,Ad,z,ciyvgXbkxq,ciyvgXbkxq,z
GlMfnypsMx
ciyvgXbkxq,ciyvgXbkxq,ciyvgXbkxq,I,NLGItRQ,ciyvgXbkxq,z,JA,Ad,z,GlMfnypsMx,PdJxqrV,GlMfnypsMx
ciyvgXbkxq,ciyvgXbkxq,ciyvgXbkxq,I,ciyvgXbkxq,z,JA,Ad,z,GlMfnypsMx,PdJxqrV,GlMfnypsMx,NLGItRQ
NLGItRQ
ciyvgXbkxq,ciyvgXbkxq,ciyvgXbkxq,I,NLGItRQ,ciyvgXbkxq,z,JA,z,GlMfnypsMx,PdJxqrV,GlMfnypsMx
GlMfnypsMx
ciyvgXbkxq,ciyvgXbkxq,ciyvgXbkxq,I,ciyvgXbkxq,z,JA,z,GlMfnypsMx,PdJxqrV,GlMfnypsMx,Ad,NLGItRQ,PdJxqrV
ciyvgXbkxq,ciyvgXbkxq,ciyvgXbkxq,I,ciyvgXbkxq,z,JA,z,GlMfnypsMx,PdJxqrV,GlMfnypsMx,Ad,NLGItRQ,PdJxqrV
ciyvgXbkxq
ciyvgXbkxq
ciyvgXbkxq,ciyvgXbkxq,ciyvgXbkxq,I,ciyvgXbkxq,z,JA,z,GlMfnypsMx,PdJxqrV,GlMfnypsMx,Ad,NLGItRQ,PdJxqrV
ciyvgXbkxq
ciyvgXbkxq,ciyvgXbkxq,ciyvgXbkxq,I,ciyvgXbkxq,z,JA,z,GlMfnypsMx,PdJxqrV,GlMfnypsMx,Ad,NLGItRQ,PdJxqrV,jR
ciyvgXbkxq
ciyvgXbkxq,ciyvgXbkxq,ciyvgXbkxq,I,ciyvgXbkxq,z,JA,z,GlMfnypsMx,PdJxqrV,GlMfnypsMx,Ad,NLGItRQ,PdJxqrV
ciyvgXbkxq
ciyvgXbkxq,ciyvgXbkxq,NLGItRQ,ciyvgXbkxq,I,ciyvgXbkxq,z,JA,z,GlMfnypsMx,PdJxqrV,GlMfnypsMx,Ad,PdJxqrV
ciyvgXbkxq,ciyvgXbkxq,NLGItRQ,ciyvgXbkxq,I,ciyvgXbkxq,JA,z,GlMfnypsMx,PdJxqrV,GlMfnypsMx,Ad,PdJxqrV,z
ciyvgXbkxq,ciyvgXbkxq,NLGItRQ,ciyvgXbkxq,I,ciyvgXbkxq,JA,GlMfnypsMx,PdJxqrV,GlMfnypsMx,Ad,PdJxqrV,z,I
NLGItRQ
ciyvgXbkxq,ciyvgXbkxq,NLGItRQ,ciyvgXbkxq,I,ciyvgXbkxq,JA,GlMfnypsMx,PdJxqrV,GlMfnypsMx,Ad,PdJxqrV,z,I,NLGItRQ
NLGItRQ
NLGItRQ
ciyvgXbkxq,ciyvgXbkxq,NLGItRQ,GlMfnypsMx,ciyvgXbkxq,I,ciyvgXbkxq,JA,GlMfnypsMx,Ad,PdJxqrV,z,I,NLGItRQ,z,JA
ciyvgXbkxq,ciyvgXbkxq,NLGItRQ,GlMfnypsMx,ciyvgXbkxq,I,ciyvgXbkxq,JA,PdJxqrV,GlMfnypsMx,Ad,PdJxqrV,z,I,NLGItRQ,z,JA,PdJxqrV
ciyvgXbkxq,ciyvgXbkxq,NLGItRQ,ciyvgXbkxq,I,ciyvgXbkxq,JA,z,GlMfnypsMx,PdJxqrV,GlMfnypsMx,Ad,PdJxqrV,z,jR
NLGItRQ
ciyvgXbkxq,ciyvgXbkxq,NLGItRQ,ciyvgXbkxq,I,ciyvgXbkxq,JA,z,GlMfnypsMx,PdJxqrV,GlMfnypsMx,Ad,PdJxqrV,z,jR,Ad
ciyvgXbkxq
ciyvgXbkxq
ciyvgXbkxq
ciyvgXbkxq,ciyvgXbkxq,NLGItRQ,ciyvgXbkxq,I,ciyvgXbkxq,JA,z,GlMfnypsMx,GlMfnypsMx,Ad,PdJxqrV,z,jR,Ad
ciyvgXbkxq
ciyvgXbkxq,NLGItRQ,ciyvgXbkxq,ciyvgXbkxq,I,ciyvgXbkxq,JA,z,GlMfnypsMx,Ad,PdJxqrV,z,jR,Ad
ciyvgXbkxq,NLGItRQ,ciyvgXbkxq,ciyvgXbkxq,I,ciyvgXbkxq,JA,z,GlMfnypsMx,Ad,PdJxqrV,z,jR,Ad
ciyvgXbkxq,NLGItRQ,ciyvgXbkxq,ciyvgXbkxq,I,ciyvgXbkxq,JA,z,GlMfnypsMx,Ad,PdJxqrV,z,jR,Ad
NLGItRQ,ciyvgXbkxq,ciyvgXbkxq,I,ciyvgXbkxq,jR,PdJxqrV,JA,z,GlMfnypsMx,Ad,z,Ad,Ad
PdJxqrV
JA
JA
NLGItRQ,ciyvgXbkxq,ciyvgXbkxq,I,ciyvgXbkxq,jR,PdJxqrV,JA,z,GlMfnypsMx,Ad,z,Ad,Ad,z
NLGItRQ,ciyvgXbkxq,ciyvgXbkxq,I,ciyvgXbkxq,JA,PdJxqrV,z,Ad,z,Ad,Ad,z
NLGItRQ,ciyvgXbkxq,ciyvgXbkxq,I,ciyvgXbkxq,jR,PdJxqrV,JA,z,GlMfnypsMx,Ad,z,Ad,Ad
z
ciyvgXbkxq,ciyvgXbkxq,ciyvgXbkxq,jR,z,GlMfnypsMx,z,Ad,Ad,z
ciyvgXbkxq,ciyvgXbkxq,ciyvgXbkxq,jR,z,GlMfnypsMx,z,Ad,Ad,z
GlMfnypsMx
GlMfnypsMx
ciyvgXbkxq,ciyvgXbkxq,jR,z,GlMfnypsMx,z,Ad,z,Ad,GlMfnypsMx,Ad
ciyvgXbkxq,ciyvgXbkxq,jR,z,GlMfnypsMx,z,Ad,z,Ad,GlMfnypsMx,Ad
GlMfnypsMx
ciyvgXbkxq,ciyvgXbkxq,jR,GlMfnypsMx,z,Ad,z,Ad,GlMfnypsMx,neeDT,jR,Ad,neeDT,z,ciyvgXbkxq
GlMfnypsMx
ciyvgXbkxq,ciyvgXbkxq,jR,z,Ad,z,Ad,GlMfnypsMx,neeDT,jR,Ad,neeDT,z,ciyvgXbkxq
z
Jedi Wagner, assuma o comando!