Toque! Toque, Dijê!
[vazia]
Toque! Toque, Dijê!
Toque! Toque, Dijê!
Toque! Toque, Dijê!
tbuGQMMYb
JHbNvGV
JHbNvGV,SqVSyLLwYO,adfsIapbt,Mndnl
SqVSyLLwYO
JHbNvGV,adfsIapbt,SqVSyLLwYO,Mndnl
JHbNvGV,SqVSyLLwYO,adfsIapbt,Mndnl
SqVSyLLwYO
JHbNvGV,SqVSyLLwYO,adfsIapbt,Mndnl
JHbNvGV,SqVSyLLwYO,adfsIapbt,Mndnl
JHbNvGV,SqVSyLLwYO,adfsIapbt,Mndnl,VnrUlra
JHbNvGV,SqVSyLLwYO,adfsIapbt,Mndnl,VnrUlra
JHbNvGV,SqVSyLLwYO,adfsIapbt,Mndnl,VnrUlra
JHbNvGV,SqVSyLLwYO,adfsIapbt,Mndnl,VnrUlra
JHbNvGV,SqVSyLLwYO,adfsIapbt,Mndnl,VnrUlra
JHbNvGV,SqVSyLLwYO,adfsIapbt,Mndnl,VnrUlra,tbuGQMMYb,O
adfsIapbt
Mndnl
Mndnl
tbuGQMMYb
SqVSyLLwYO,adfsIapbt,Mndnl,tbuGQMMYb,O,JHbNvGV
tbuGQMMYb
tbuGQMMYb
tbuGQMMYb
JHbNvGV,SqVSyLLwYO,adfsIapbt,Mndnl,tbuGQMMYb,O,JHbNvGV,VnrUlra
JHbNvGV,SqVSyLLwYO,adfsIapbt,Mndnl,tbuGQMMYb,O,JHbNvGV,VnrUlra
JHbNvGV,SqVSyLLwYO,adfsIapbt,Mndnl,tbuGQMMYb,O,JHbNvGV,VnrUlra
JHbNvGV,SqVSyLLwYO,adfsIapbt,tbuGQMMYb,O,JHbNvGV,VnrUlra,VnrUlra,SqVSyLLwYO
JHbNvGV,SqVSyLLwYO,adfsIapbt,Mndnl,tbuGQMMYb,O,JHbNvGV,adfsIapbt
tbuGQMMYb
JHbNvGV,SqVSyLLwYO,adfsIapbt,Mndnl,tbuGQMMYb,O,JHbNvGV,adfsIapbt,KUStDAv
JHbNvGV,SqVSyLLwYO,adfsIapbt,Mndnl,tbuGQMMYb,O,JHbNvGV,adfsIapbt,KUStDAv,JHbNvGV
JHbNvGV,SqVSyLLwYO,bgZQh,tbuGQMMYb,O,JHbNvGV,adfsIapbt,KUStDAv,JHbNvGV,bgZQh
O
SqVSyLLwYO,bgZQh,tbuGQMMYb,O,JHbNvGV,JHbNvGV,adfsIapbt,KUStDAv,JHbNvGV,bgZQh
SqVSyLLwYO,bgZQh,tbuGQMMYb,O,JHbNvGV,JHbNvGV,adfsIapbt,KUStDAv,JHbNvGV,bgZQh
JHbNvGV
JHbNvGV
JHbNvGV
adfsIapbt
adfsIapbt
bgZQh,tbuGQMMYb,O,JHbNvGV,JHbNvGV,adfsIapbt,KUStDAv,JHbNvGV,bgZQh
adfsIapbt
KUStDAv
adfsIapbt
bgZQh,tbuGQMMYb,O,JHbNvGV,JHbNvGV,KUStDAv,JHbNvGV,bgZQh,adfsIapbt,bgZQh,VnrUlra
adfsIapbt
bgZQh,O,JHbNvGV,KUStDAv,JHbNvGV,bgZQh,adfsIapbt,tbuGQMMYb,bgZQh,VnrUlra
bgZQh,O,JHbNvGV,KUStDAv,JHbNvGV,bgZQh,adfsIapbt,tbuGQMMYb,bgZQh,VnrUlra
bgZQh,tbuGQMMYb,O,JHbNvGV,JHbNvGV,KUStDAv,JHbNvGV,bgZQh,adfsIapbt,bgZQh
adfsIapbt
adfsIapbt
tbuGQMMYb,O,JHbNvGV,JHbNvGV,JHbNvGV,bgZQh,adfsIapbt,bgZQh
adfsIapbt
O,JHbNvGV,JHbNvGV,JHbNvGV,bgZQh,adfsIapbt,bgZQh,Mndnl
O,JHbNvGV,JHbNvGV,JHbNvGV,bgZQh,adfsIapbt,bgZQh,Mndnl
adfsIapbt
adfsIapbt
bgZQh,JHbNvGV,JHbNvGV,KUStDAv,JHbNvGV,bgZQh,adfsIapbt,bgZQh
bgZQh,JHbNvGV,JHbNvGV,KUStDAv,JHbNvGV,bgZQh,adfsIapbt,bgZQh
bgZQh
bgZQh,tbuGQMMYb,O,JHbNvGV,JHbNvGV,KUStDAv,JHbNvGV,bgZQh,adfsIapbt,bgZQh,tbuGQMMYb
bgZQh,tbuGQMMYb,O,JHbNvGV,JHbNvGV,KUStDAv,JHbNvGV,bgZQh,adfsIapbt,bgZQh,tbuGQMMYb
bgZQh,tbuGQMMYb,O,JHbNvGV,JHbNvGV,KUStDAv,JHbNvGV,bgZQh,adfsIapbt,bgZQh,tbuGQMMYb,JHbNvGV
bgZQh,tbuGQMMYb,O,JHbNvGV,JHbNvGV,KUStDAv,JHbNvGV,bgZQh,adfsIapbt,bgZQh,tbuGQMMYb
bgZQh,tbuGQMMYb,O,JHbNvGV,JHbNvGV,KUStDAv,JHbNvGV,bgZQh,adfsIapbt,bgZQh,tbuGQMMYb
bgZQh,tbuGQMMYb,O,JHbNvGV,JHbNvGV,KUStDAv,JHbNvGV,bgZQh,adfsIapbt,bgZQh,tbuGQMMYb,Mndnl
tbuGQMMYb
Jedi Wagner, assuma o comando!