[vazia]
Toque! Toque, Dijê!
QTQCvqnx
QTQCvqnx
QTQCvqnx
Toque! Toque, Dijê!
Toque! Toque, Dijê!
[vazia]
[vazia]
QTQCvqnx
QTQCvqnx
QTQCvqnx
QTQCvqnx
QTQCvqnx
Toque! Toque, Dijê!
[vazia]
[vazia]
QTQCvqnx
QTQCvqnx
QTQCvqnx
QTQCvqnx
QTQCvqnx
QTQCvqnx
QTQCvqnx,QTQCvqnx,QTQCvqnx,QTQCvqnx
QTQCvqnx,QTQCvqnx,QTQCvqnx,QTQCvqnx
QTQCvqnx
QTQCvqnx
[vazia]
QTQCvqnx
QTQCvqnx
QTQCvqnx
QTQCvqnx
QTQCvqnx
QTQCvqnx
Toque! Toque, Dijê!
Toque! Toque, Dijê!
Toque! Toque, Dijê!
[vazia]
Toque! Toque, Dijê!
Toque! Toque, Dijê!
QTQCvqnx
[vazia]
[vazia]
QTQCvqnx
QTQCvqnx,QTQCvqnx
QTQCvqnx,QTQCvqnx
QTQCvqnx
QTQCvqnx
QTQCvqnx
QTQCvqnx,QTQCvqnx
QTQCvqnx
QTQCvqnx,QTQCvqnx
QTQCvqnx
QTQCvqnx
QTQCvqnx
QTQCvqnx,QTQCvqnx,QTQCvqnx,QTQCvqnx
QTQCvqnx,QTQCvqnx,QTQCvqnx,QTQCvqnx
QTQCvqnx
QTQCvqnx
QTQCvqnx,QTQCvqnx,QTQCvqnx
QTQCvqnx
QTQCvqnx,QTQCvqnx,QTQCvqnx
QTQCvqnx
QTQCvqnx
QTQCvqnx,QTQCvqnx
QTQCvqnx,QTQCvqnx
QTQCvqnx
QTQCvqnx
QTQCvqnx,QTQCvqnx,QTQCvqnx,QTQCvqnx,QTQCvqnx
Jedi Wagner, assuma o comando!