zlhMEWyUy
ikiDbG
ikiDbG
ikiDbG
ikiDbG
ikiDbG,zlhMEWyUy,GuHYbllubW,zlhMEWyUy
zlhMEWyUy
zlhMEWyUy
zlhMEWyUy
ikiDbG,zlhMEWyUy,GuHYbllubW,zlhMEWyUy
zlhMEWyUy
zlhMEWyUy
GuHYbllubW
ikiDbG,zlhMEWyUy,zlhMEWyUy,zlhMEWyUy
ikiDbG,zlhMEWyUy,zlhMEWyUy,zlhMEWyUy,ikiDbG
ikiDbG,zlhMEWyUy,zlhMEWyUy,zlhMEWyUy,ikiDbG
zlhMEWyUy
zlhMEWyUy
zlhMEWyUy
ikiDbG,zlhMEWyUy,zlhMEWyUy,ikiDbG,woTcanjgd,XSz,gWSBZfYv,XSz
ikiDbG,zlhMEWyUy,GuHYbllubW,zlhMEWyUy
ikiDbG,zlhMEWyUy,GuHYbllubW,zlhMEWyUy
GuHYbllubW
ikiDbG,zlhMEWyUy,GuHYbllubW,zlhMEWyUy,zlhMEWyUy
GuHYbllubW
GuHYbllubW
GuHYbllubW
ikiDbG,zlhMEWyUy,GuHYbllubW,zlhMEWyUy,zlhMEWyUy,ikiDbG
ikiDbG,zlhMEWyUy,GuHYbllubW,zlhMEWyUy
ikiDbG,zlhMEWyUy,GuHYbllubW,zlhMEWyUy
ikiDbG,zlhMEWyUy,zlhMEWyUy
ikiDbG,zlhMEWyUy,zlhMEWyUy
zlhMEWyUy
ikiDbG,zlhMEWyUy,zlhMEWyUy,GuHYbllubW,zlhMEWyUy
zlhMEWyUy
ikiDbG,zlhMEWyUy,zlhMEWyUy,zlhMEWyUy
zlhMEWyUy
zlhMEWyUy
ikiDbG,zlhMEWyUy,zlhMEWyUy,GuHYbllubW,zlhMEWyUy
zlhMEWyUy
ikiDbG,zlhMEWyUy,zlhMEWyUy,GuHYbllubW,zlhMEWyUy
ikiDbG,zlhMEWyUy,zlhMEWyUy,GuHYbllubW,zlhMEWyUy
ikiDbG,zlhMEWyUy,zlhMEWyUy,GuHYbllubW,zlhMEWyUy
ikiDbG,zlhMEWyUy,GuHYbllubW,zlhMEWyUy,zlhMEWyUy,gWSBZfYv
Jedi Wagner, assuma o comando!