YWwvWd
Toque! Toque, Dijê!
YWwvWd
Toque! Toque, Dijê!
[vazia]
[vazia]
Toque! Toque, Dijê!
[vazia]
[vazia]
YWwvWd
Toque! Toque, Dijê!
bm
bm
[vazia]
Toque! Toque, Dijê!
Toque! Toque, Dijê!
QAboCsZTMd
QAboCsZTMd
QAboCsZTMd,YWwvWd,YWwvWd,QAboCsZTMd
Toque! Toque, Dijê!
[vazia]
[vazia]
QAboCsZTMd
QAboCsZTMd
QAboCsZTMd,YWwvWd
Toque! Toque, Dijê!
YWwvWd
YWwvWd
YWwvWd,QAboCsZTMd
YWwvWd,QAboCsZTMd
YWwvWd
QAboCsZTMd
QAboCsZTMd
QAboCsZTMd
YWwvWd
YWwvWd
QAboCsZTMd,YWwvWd,YWwvWd
QAboCsZTMd,YWwvWd,YWwvWd
QAboCsZTMd
QAboCsZTMd,YWwvWd,YWwvWd,bm
YWwvWd
YWwvWd
YWwvWd,bm,YWwvWd,bm,YWwvWd,bm,YWwvWd
bm
bm
YWwvWd
bm,YWwvWd,QAboCsZTMd,bm,YWwvWd,bm,YWwvWd,bm,QAboCsZTMd
bm
bm
bm,YWwvWd,bm,YWwvWd,bm,YWwvWd,bm,QAboCsZTMd,YWwvWd,YWwvWd
bm,bm,YWwvWd,bm,YWwvWd,bm,QAboCsZTMd,YWwvWd,YWwvWd
bm,bm,YWwvWd,bm,YWwvWd,bm,QAboCsZTMd,YWwvWd,YWwvWd
bm
bm,bm,YWwvWd,bm,YWwvWd,bm,QAboCsZTMd,YWwvWd,YWwvWd,YWwvWd
YWwvWd,bm,YWwvWd,bm,bm,bm,QAboCsZTMd,YWwvWd,YWwvWd,YWwvWd
bm
YWwvWd
YWwvWd
YWwvWd
YWwvWd
YWwvWd,YWwvWd,bm,bm,bm,QAboCsZTMd,YWwvWd,YWwvWd,YWwvWd,bm,QAboCsZTMd
YWwvWd,YWwvWd,bm,bm,bm,YWwvWd,YWwvWd,YWwvWd,bm,QAboCsZTMd,bm
YWwvWd
YWwvWd
YWwvWd
YWwvWd,bm,bm,YWwvWd,YWwvWd,YWwvWd,YWwvWd,bm,bm
YWwvWd,bm,bm,YWwvWd,YWwvWd,YWwvWd,YWwvWd,bm,bm
YWwvWd,bm,bm,YWwvWd,YWwvWd,YWwvWd,YWwvWd,bm,bm
bm,YWwvWd,bm,bm,bm,QAboCsZTMd,YWwvWd,YWwvWd,YWwvWd,YWwvWd,QAboCsZTMd
YWwvWd
bm,YWwvWd,bm,bm,bm,QAboCsZTMd,YWwvWd,YWwvWd,YWwvWd,YWwvWd,QAboCsZTMd
YWwvWd
YWwvWd
YWwvWd,YWwvWd,bm,bm,bm,QAboCsZTMd,YWwvWd,YWwvWd,YWwvWd,bm,bm
YWwvWd
YWwvWd
YWwvWd,bm,YWwvWd,bm,bm,bm,QAboCsZTMd,YWwvWd,YWwvWd,YWwvWd
YWwvWd,bm,YWwvWd,bm,bm,bm,QAboCsZTMd,YWwvWd,YWwvWd,YWwvWd
YWwvWd
YWwvWd
YWwvWd,bm,bm,bm,YWwvWd,YWwvWd,QAboCsZTMd,YWwvWd,YWwvWd
QAboCsZTMd
QAboCsZTMd
YWwvWd,bm,bm,bm,YWwvWd,YWwvWd,QAboCsZTMd,YWwvWd,YWwvWd
QAboCsZTMd
YWwvWd,bm,bm,YWwvWd,YWwvWd,QAboCsZTMd,YWwvWd,YWwvWd
YWwvWd,bm,YWwvWd,bm,bm,bm,QAboCsZTMd,YWwvWd,YWwvWd,YWwvWd,YWwvWd
YWwvWd,bm,YWwvWd,bm,bm,bm,QAboCsZTMd,YWwvWd,YWwvWd,YWwvWd,bm
YWwvWd,bm,YWwvWd,bm,bm,bm,QAboCsZTMd,YWwvWd,YWwvWd,YWwvWd,bm,bm
YWwvWd,bm,YWwvWd,bm,bm,bm,QAboCsZTMd,YWwvWd,YWwvWd,YWwvWd,bm,bm
YWwvWd,bm,YWwvWd,bm,bm,bm,QAboCsZTMd,YWwvWd,YWwvWd,YWwvWd,bm,bm
YWwvWd
bm,bm,bm,bm,QAboCsZTMd,YWwvWd,YWwvWd,YWwvWd,YWwvWd,bm
bm,bm,bm,bm,QAboCsZTMd,YWwvWd,YWwvWd,YWwvWd,YWwvWd,bm
YWwvWd
bm,bm,bm,bm,YWwvWd,YWwvWd,YWwvWd,YWwvWd,bm,QAboCsZTMd
bm,bm,bm,bm,QAboCsZTMd,YWwvWd,YWwvWd,YWwvWd,YWwvWd,bm,QAboCsZTMd
bm,bm,bm,QAboCsZTMd,YWwvWd,YWwvWd,YWwvWd,YWwvWd,bm
YWwvWd
bm,bm,bm,QAboCsZTMd,YWwvWd,YWwvWd,bm,YWwvWd,bm,bm,bm,bm
bm
bm
bm
bm,YWwvWd,bm,bm,bm,QAboCsZTMd,YWwvWd,YWwvWd,YWwvWd,YWwvWd,bm,QAboCsZTMd
YWwvWd,bm,bm,QAboCsZTMd,YWwvWd,YWwvWd,YWwvWd,bm,YWwvWd,bm,QAboCsZTMd
bm
YWwvWd,bm,YWwvWd,YWwvWd,YWwvWd,bm,QAboCsZTMd,YWwvWd,bm,QAboCsZTMd
YWwvWd,bm,YWwvWd,YWwvWd,YWwvWd,bm,QAboCsZTMd,YWwvWd,bm,QAboCsZTMd
bm,YWwvWd,YWwvWd,YWwvWd,bm,QAboCsZTMd,YWwvWd,bm,QAboCsZTMd,YWwvWd
bm
bm
YWwvWd,QAboCsZTMd,YWwvWd,YWwvWd,YWwvWd,bm,YWwvWd,bm,QAboCsZTMd
YWwvWd,QAboCsZTMd,YWwvWd,YWwvWd,YWwvWd,bm,YWwvWd,bm,QAboCsZTMd
YWwvWd,QAboCsZTMd,YWwvWd,YWwvWd,YWwvWd,YWwvWd,bm,bm,QAboCsZTMd,QAboCsZTMd,bm
YWwvWd,YWwvWd,YWwvWd,YWwvWd,YWwvWd,QAboCsZTMd,bm,bm,QAboCsZTMd,bm,YWwvWd,QAboCsZTMd
YWwvWd,YWwvWd,YWwvWd,YWwvWd,YWwvWd,QAboCsZTMd,bm,bm,QAboCsZTMd,bm,YWwvWd,QAboCsZTMd,bm
YWwvWd,YWwvWd,YWwvWd,YWwvWd,YWwvWd,bm,QAboCsZTMd,bm,QAboCsZTMd,bm,YWwvWd,QAboCsZTMd,bm,YWwvWd
QAboCsZTMd
YWwvWd,YWwvWd,YWwvWd,YWwvWd,bm,YWwvWd,QAboCsZTMd,bm,QAboCsZTMd,bm,YWwvWd,QAboCsZTMd,bm,YWwvWd,QAboCsZTMd
YWwvWd,YWwvWd,YWwvWd,YWwvWd,bm,QAboCsZTMd,YWwvWd,bm,QAboCsZTMd,bm,YWwvWd,QAboCsZTMd,bm,YWwvWd,QAboCsZTMd
YWwvWd
YWwvWd
YWwvWd,YWwvWd,YWwvWd,bm,YWwvWd,bm,QAboCsZTMd,bm,YWwvWd,QAboCsZTMd,bm,YWwvWd,QAboCsZTMd
YWwvWd,YWwvWd,YWwvWd,YWwvWd,bm,YWwvWd,bm,QAboCsZTMd,bm,YWwvWd,QAboCsZTMd,bm,YWwvWd,QAboCsZTMd
YWwvWd,YWwvWd,YWwvWd,YWwvWd,YWwvWd,QAboCsZTMd,bm,bm,QAboCsZTMd,bm,YWwvWd
bm
bm
YWwvWd,YWwvWd,YWwvWd,YWwvWd,QAboCsZTMd,bm,bm,bm,YWwvWd,QAboCsZTMd
bm
YWwvWd,YWwvWd,YWwvWd,YWwvWd,YWwvWd,QAboCsZTMd,bm,bm,QAboCsZTMd,bm,YWwvWd
bm
YWwvWd,YWwvWd,YWwvWd,YWwvWd,YWwvWd,QAboCsZTMd,bm,bm,QAboCsZTMd,bm,YWwvWd
Jedi Wagner, assuma o comando!