bqnXX
bqnXX
bqnXX
Toque! Toque, Dijê!
Toque! Toque, Dijê!
bqnXX
[vazia]
Toque! Toque, Dijê!
bqnXX
[vazia]
bqnXX
bqnXX
bqnXX,bqnXX
bqnXX,bqnXX
bqnXX
bqnXX
bqnXX
bqnXX
[vazia]
bqnXX
Toque! Toque, Dijê!
Toque! Toque, Dijê!
[vazia]
[vazia]
[vazia]
[vazia]
[vazia]
Toque! Toque, Dijê!
[vazia]
[vazia]
[vazia]
[vazia]
bqnXX
bqnXX
bqnXX,bqnXX
bqnXX,bqnXX
bqnXX
bqnXX
bqnXX
bqnXX
bqnXX,bqnXX
bqnXX,bqnXX
bqnXX
bqnXX
Toque! Toque, Dijê!
Toque! Toque, Dijê!
[vazia]
bqnXX
bqnXX
bqnXX,bqnXX
[vazia]
bqnXX
bqnXX
bqnXX,bqnXX
bqnXX
[vazia]
[vazia]
bqnXX
bqnXX
bqnXX,bqnXX
bqnXX,bqnXX,bqnXX
bqnXX
bqnXX,bqnXX,bqnXX,bqnXX,bqnXX
bqnXX,bqnXX,bqnXX,bqnXX,bqnXX
bqnXX
bqnXX
bqnXX,bqnXX,bqnXX,bqnXX,bqnXX,bqnXX
bqnXX
bqnXX,bqnXX,bqnXX,bqnXX,bqnXX,bqnXX
bqnXX
bqnXX,bqnXX,bqnXX,bqnXX,bqnXX,bqnXX
bqnXX,bqnXX,bqnXX,bqnXX,bqnXX,bqnXX,bqnXX
bqnXX,bqnXX,bqnXX,bqnXX,bqnXX,bqnXX,bqnXX
bqnXX
bqnXX
bqnXX,bqnXX,bqnXX,bqnXX,bqnXX,bqnXX
bqnXX,bqnXX,bqnXX,bqnXX,bqnXX,bqnXX
bqnXX
bqnXX
bqnXX
bqnXX,bqnXX,bqnXX,bqnXX,bqnXX,bqnXX
bqnXX
bqnXX
bqnXX
bqnXX,bqnXX,bqnXX,bqnXX,bqnXX,bqnXX,bqnXX
bqnXX,bqnXX,bqnXX,bqnXX,bqnXX,bqnXX
bqnXX,bqnXX,bqnXX,bqnXX,bqnXX,bqnXX,bqnXX
bqnXX
bqnXX,bqnXX,bqnXX,bqnXX,bqnXX,bqnXX,bqnXX
bqnXX,bqnXX,bqnXX,bqnXX,bqnXX,bqnXX,bqnXX
bqnXX
bqnXX,bqnXX,bqnXX,bqnXX
bqnXX,bqnXX,bqnXX,bqnXX
Jedi Wagner, assuma o comando!