Toque! Toque, Dijê!
[vazia]
Toque! Toque, Dijê!
Toque! Toque, Dijê!
[vazia]
Kp
Toque! Toque, Dijê!
jEzIKGpPe
Toque! Toque, Dijê!
HmbSpm
HmbSpm
HmbSpm
HmbSpm
Kp
Kp
HmbSpm,Kp
Kp
pFeeiWwr
HmbSpm,Kp,pFeeiWwr
Kp,pFeeiWwr
pFeeiWwr
pFeeiWwr
HmbSpm
HmbSpm,Kp,pFeeiWwr,cQWsVeBD
HmbSpm,Kp,pFeeiWwr
HmbSpm
Kp
Kp
Kp
HmbSpm,Kp,f,cQWsVeBD
HmbSpm,Kp,f,cQWsVeBD
HmbSpm,Kp,f,cQWsVeBD,cQWsVeBD
Kp
Kp
Kp
Kp
Kp
Kp
Kp
Kp
HmbSpm,Kp,f,cQWsVeBD,cQWsVeBD,k
HmbSpm,Kp,f,cQWsVeBD,cQWsVeBD,k
HmbSpm,Kp,f,cQWsVeBD,cQWsVeBD,k,f
HmbSpm,Kp,f,cQWsVeBD,cQWsVeBD
HmbSpm,cQWsVeBD,pFeeiWwr,Kp,cQWsVeBD,k,Kp,k,k
pFeeiWwr
cQWsVeBD
HmbSpm,Kp,cQWsVeBD,cQWsVeBD,k,Kp,k
cQWsVeBD
Kp
HmbSpm,cQWsVeBD,Kp,cQWsVeBD,k,Kp,k
Kp
Kp
cQWsVeBD
cQWsVeBD
cQWsVeBD
cQWsVeBD
cQWsVeBD
HmbSpm,Kp,cQWsVeBD,cQWsVeBD,k,Kp,k,CPxuMtpg
HmbSpm
HmbSpm
HmbSpm,Kp,cQWsVeBD,cQWsVeBD,k,Kp,k,CPxuMtpg,f
HmbSpm,Kp,cQWsVeBD,cQWsVeBD,k,Kp,k,CPxuMtpg,f,HmbSpm
HmbSpm,Kp,cQWsVeBD,cQWsVeBD,k,Kp,k,CPxuMtpg,f,HmbSpm
HmbSpm,cQWsVeBD,cQWsVeBD,Kp,k,Kp,k,CPxuMtpg,f,HmbSpm
cQWsVeBD
cQWsVeBD
HmbSpm
HmbSpm
Kp,cQWsVeBD,k,HmbSpm,cQWsVeBD,Kp,k,CPxuMtpg,k,Kp,Kp,f
HmbSpm
Kp,cQWsVeBD,HmbSpm,cQWsVeBD,Kp,k,CPxuMtpg,k,Kp,Kp,f,k
CPxuMtpg
Kp,cQWsVeBD,CPxuMtpg,HmbSpm,cQWsVeBD,Kp,k,k,Kp,Kp,f
Kp,cQWsVeBD,CPxuMtpg,HmbSpm,cQWsVeBD,Kp,k,k,Kp,Kp,f
Kp,cQWsVeBD,CPxuMtpg,HmbSpm,cQWsVeBD,Kp,k,k,Kp,Kp,f
Kp,cQWsVeBD,CPxuMtpg,HmbSpm,cQWsVeBD,Kp,k,k,Kp,Kp,f,Kp
HmbSpm,Kp,cQWsVeBD,cQWsVeBD,k,Kp,k,CPxuMtpg
cQWsVeBD
HmbSpm,Kp,cQWsVeBD,jEzIKGpPe,cQWsVeBD,k,Kp,k,CPxuMtpg
HmbSpm,Kp,cQWsVeBD,jEzIKGpPe,cQWsVeBD,k,Kp,k,CPxuMtpg
HmbSpm,jEzIKGpPe,Kp,cQWsVeBD,cQWsVeBD,k,Kp,k,CPxuMtpg
k
HmbSpm,Kp,k,Kp,k,CPxuMtpg,Kp
HmbSpm,Kp,k,Kp,k,CPxuMtpg,Kp
HmbSpm,Kp,k,Kp,k,CPxuMtpg,Kp,cQWsVeBD
HmbSpm,Kp,k,Kp,k,CPxuMtpg,Kp
HmbSpm,k,Kp,CPxuMtpg,OceNz,k,Kp
HmbSpm,k,Kp,CPxuMtpg,OceNz,k,Kp
HmbSpm,CPxuMtpg,Kp,OceNz,k,Kp
HmbSpm,CPxuMtpg,Kp,OceNz,k,Kp
CPxuMtpg
CPxuMtpg
HmbSpm,CPxuMtpg,Kp,k,Kp
k
HmbSpm,CPxuMtpg,Kp,k,Kp,CPxuMtpg,pFeeiWwr
HmbSpm,CPxuMtpg,Kp,k,Kp,CPxuMtpg,Kp
Kp
Kp
Kp
CPxuMtpg,Kp,Kp,CPxuMtpg,Kp,HmbSpm
Kp
Kp,Kp,CPxuMtpg,Kp,HmbSpm
Kp
Kp
Kp
Kp
Kp
CPxuMtpg,k,Kp,CPxuMtpg,Kp,k,HmbSpm
CPxuMtpg,Kp,CPxuMtpg,Kp,k,HmbSpm,HmbSpm,jEzIKGpPe
CPxuMtpg,Kp,CPxuMtpg,Kp,k,HmbSpm,HmbSpm,jEzIKGpPe,f
CPxuMtpg,Kp,CPxuMtpg,Kp,k,HmbSpm,HmbSpm,jEzIKGpPe
Kp
Kp
CPxuMtpg,CPxuMtpg,Kp,Kp,k,HmbSpm,HmbSpm,jEzIKGpPe
CPxuMtpg,Kp,Kp,k,HmbSpm,HmbSpm,jEzIKGpPe
CPxuMtpg,Kp,Kp,jEzIKGpPe,k,HmbSpm,HmbSpm,cQWsVeBD
CPxuMtpg,Kp,Kp,jEzIKGpPe,k,HmbSpm,HmbSpm,cQWsVeBD
CPxuMtpg,Kp,Kp,jEzIKGpPe,k,HmbSpm,HmbSpm,cQWsVeBD,CPxuMtpg
k
CPxuMtpg,Kp,Kp,HmbSpm,HmbSpm,cQWsVeBD,CPxuMtpg
CPxuMtpg
CPxuMtpg,Kp,HmbSpm,Kp,CPxuMtpg,jEzIKGpPe,Kp,CPxuMtpg,OceNz
CPxuMtpg,Kp,HmbSpm,Kp,CPxuMtpg,jEzIKGpPe,Kp,CPxuMtpg
CPxuMtpg,Kp,HmbSpm,Kp,CPxuMtpg,jEzIKGpPe,Kp,CPxuMtpg,OceNz
CPxuMtpg
CPxuMtpg
CPxuMtpg,Kp,HmbSpm,Kp,CPxuMtpg,jEzIKGpPe,Kp,CPxuMtpg,k
CPxuMtpg
Jedi Wagner, assuma o comando!