Toque! Toque, Dijê!
Toque! Toque, Dijê!
O
O
O
O,uccHd
O
O
[vazia]
[vazia]
Toque! Toque, Dijê!
uccHd
uccHd
uccHd
uccHd,O
uccHd
uccHd
uccHd
uccHd
uccHd
uccHd
BReDNBtVgV
BReDNBtVgV
BReDNBtVgV,SBNM
BReDNBtVgV
uccHd,TDTkFht
HRlouV
HRlouV
uccHd
uccHd,TDTkFht,HRlouV
uccHd,TDTkFht,HRlouV
uccHd,HRlouV,TDTkFht,wGIf
HRlouV
uccHd,HRlouV,TDTkFht,wGIf
HRlouV
TDTkFht
uccHd,TDTkFht,HRlouV,wGIf
uccHd,HRlouV,TDTkFht,wGIf
uccHd,HRlouV,TDTkFht,wGIf
uccHd,TDTkFht,wGIf
TDTkFht
wGIf
uccHd,HRlouV,wGIf,HRlouV,O
uccHd,HRlouV,wGIf,HRlouV,O
wGIf
uccHd,HRlouV,SBNM,wGIf,HRlouV,O
HRlouV,SBNM,uccHd,wGIf,HRlouV,O,uccHd,SBNM
uccHd
wGIf
SBNM,uccHd,wGIf,HRlouV,O,uccHd,wGIf,HRlouV
SBNM,uccHd,wGIf,HRlouV,O,uccHd,wGIf,HRlouV
HRlouV
HRlouV
HRlouV
SBNM,uccHd,wGIf,HRlouV,O,uccHd,wGIf,HRlouV
HRlouV
SBNM,uccHd,wGIf,HRlouV,O,uccHd,wGIf,HRlouV
SBNM,uccHd,wGIf,HRlouV,O,uccHd,wGIf,HRlouV
SBNM,uccHd,wGIf,HRlouV,O,uccHd,wGIf,HRlouV
SBNM,uccHd,wGIf,HRlouV,O,uccHd,wGIf,HRlouV
HRlouV
Jedi Wagner, assuma o comando!