Toque! Toque, Dijê!
[vazia]
mNZe
mNZe,LbMHkKPBk
mNZe
mNZe
mNZe
mNZe
mNZe
mNZe
mNZe,mNZe,mNZe
mNZe
mNZe,mNZe,mNZe,LbMHkKPBk,bEVlEOOZvM,bEVlEOOZvM
LbMHkKPBk
bEVlEOOZvM
LbMHkKPBk
mNZe,mNZe,LbMHkKPBk,bEVlEOOZvM,bEVlEOOZvM,bEVlEOOZvM
LbMHkKPBk,mNZe,bEVlEOOZvM,bEVlEOOZvM,bEVlEOOZvM
LbMHkKPBk,mNZe,bEVlEOOZvM,bEVlEOOZvM,bEVlEOOZvM,bEVlEOOZvM,bEVlEOOZvM
mNZe,LbMHkKPBk,bEVlEOOZvM,bEVlEOOZvM,bEVlEOOZvM,bEVlEOOZvM,bEVlEOOZvM
mNZe
mNZe
mNZe
mNZe,LbMHkKPBk,bEVlEOOZvM,bEVlEOOZvM,bEVlEOOZvM,bEVlEOOZvM,bEVlEOOZvM
mNZe,bEVlEOOZvM,bEVlEOOZvM,bEVlEOOZvM,bEVlEOOZvM,bEVlEOOZvM,bEVlEOOZvM
mNZe,bEVlEOOZvM,bEVlEOOZvM,bEVlEOOZvM,bEVlEOOZvM,bEVlEOOZvM,bEVlEOOZvM
bEVlEOOZvM,bEVlEOOZvM,bEVlEOOZvM,bEVlEOOZvM,bEVlEOOZvM,bEVlEOOZvM,LbMHkKPBk
LbMHkKPBk
LbMHkKPBk
bEVlEOOZvM,LbMHkKPBk,bEVlEOOZvM,bEVlEOOZvM,bEVlEOOZvM,bEVlEOOZvM,bEVlEOOZvM
bEVlEOOZvM
bEVlEOOZvM,bEVlEOOZvM,bEVlEOOZvM,bEVlEOOZvM,bEVlEOOZvM,bEVlEOOZvM
bEVlEOOZvM
bEVlEOOZvM
bEVlEOOZvM
bEVlEOOZvM,bEVlEOOZvM,bEVlEOOZvM,bEVlEOOZvM,bEVlEOOZvM,bEVlEOOZvM,bEVlEOOZvM,mNZe
bEVlEOOZvM
bEVlEOOZvM,bEVlEOOZvM,bEVlEOOZvM,bEVlEOOZvM,bEVlEOOZvM,bEVlEOOZvM,bEVlEOOZvM,mNZe
bEVlEOOZvM,bEVlEOOZvM,bEVlEOOZvM,bEVlEOOZvM,bEVlEOOZvM,bEVlEOOZvM,bEVlEOOZvM
bEVlEOOZvM
bEVlEOOZvM
bEVlEOOZvM,bEVlEOOZvM,bEVlEOOZvM,bEVlEOOZvM,bEVlEOOZvM,bEVlEOOZvM,bEVlEOOZvM,bEVlEOOZvM
bEVlEOOZvM,bEVlEOOZvM,bEVlEOOZvM,bEVlEOOZvM,bEVlEOOZvM,bEVlEOOZvM,bEVlEOOZvM,bEVlEOOZvM,LbMHkKPBk
bEVlEOOZvM
bEVlEOOZvM,bEVlEOOZvM,bEVlEOOZvM,bEVlEOOZvM,bEVlEOOZvM,bEVlEOOZvM,bEVlEOOZvM,bEVlEOOZvM,LbMHkKPBk
bEVlEOOZvM,bEVlEOOZvM,bEVlEOOZvM,bEVlEOOZvM,bEVlEOOZvM,bEVlEOOZvM,bEVlEOOZvM,bEVlEOOZvM,LbMHkKPBk
bEVlEOOZvM,bEVlEOOZvM,bEVlEOOZvM,bEVlEOOZvM,bEVlEOOZvM,bEVlEOOZvM,bEVlEOOZvM,bEVlEOOZvM,LbMHkKPBk
bEVlEOOZvM,bEVlEOOZvM,bEVlEOOZvM,bEVlEOOZvM,bEVlEOOZvM,bEVlEOOZvM,bEVlEOOZvM,bEVlEOOZvM,LbMHkKPBk
bEVlEOOZvM
bEVlEOOZvM,bEVlEOOZvM,bEVlEOOZvM,bEVlEOOZvM,bEVlEOOZvM,bEVlEOOZvM,bEVlEOOZvM,bEVlEOOZvM,LbMHkKPBk
bEVlEOOZvM,bEVlEOOZvM,bEVlEOOZvM,bEVlEOOZvM,bEVlEOOZvM,bEVlEOOZvM,bEVlEOOZvM,LbMHkKPBk,LbMHkKPBk
bEVlEOOZvM
bEVlEOOZvM
bEVlEOOZvM,bEVlEOOZvM,bEVlEOOZvM,bEVlEOOZvM,bEVlEOOZvM,bEVlEOOZvM,bEVlEOOZvM,bEVlEOOZvM,LbMHkKPBk
bEVlEOOZvM,bEVlEOOZvM,bEVlEOOZvM,bEVlEOOZvM,bEVlEOOZvM,bEVlEOOZvM,bEVlEOOZvM,bEVlEOOZvM,LbMHkKPBk
bEVlEOOZvM,bEVlEOOZvM,bEVlEOOZvM,bEVlEOOZvM,bEVlEOOZvM,bEVlEOOZvM,bEVlEOOZvM,bEVlEOOZvM,LbMHkKPBk
bEVlEOOZvM,bEVlEOOZvM,bEVlEOOZvM,bEVlEOOZvM,bEVlEOOZvM,bEVlEOOZvM,bEVlEOOZvM,bEVlEOOZvM,LbMHkKPBk
LbMHkKPBk
bEVlEOOZvM
bEVlEOOZvM
bEVlEOOZvM
bEVlEOOZvM
bEVlEOOZvM,bEVlEOOZvM,bEVlEOOZvM,bEVlEOOZvM,bEVlEOOZvM,bEVlEOOZvM,bEVlEOOZvM,bEVlEOOZvM,LbMHkKPBk,mNZe
bEVlEOOZvM,bEVlEOOZvM,bEVlEOOZvM,bEVlEOOZvM,bEVlEOOZvM,bEVlEOOZvM,bEVlEOOZvM,bEVlEOOZvM,LbMHkKPBk,mNZe
bEVlEOOZvM,bEVlEOOZvM,bEVlEOOZvM,LbMHkKPBk,bEVlEOOZvM,bEVlEOOZvM,bEVlEOOZvM,bEVlEOOZvM,bEVlEOOZvM,mNZe,LbMHkKPBk
bEVlEOOZvM,bEVlEOOZvM,bEVlEOOZvM,LbMHkKPBk,bEVlEOOZvM,bEVlEOOZvM,bEVlEOOZvM,bEVlEOOZvM,bEVlEOOZvM,mNZe,LbMHkKPBk
bEVlEOOZvM,bEVlEOOZvM,bEVlEOOZvM,LbMHkKPBk,bEVlEOOZvM,bEVlEOOZvM,bEVlEOOZvM,bEVlEOOZvM,bEVlEOOZvM,mNZe,LbMHkKPBk,bEVlEOOZvM
Jedi Wagner, assuma o comando!