DZxoZrbJj
DZxoZrbJj
DZxoZrbJj
[vazia]
Toque! Toque, Dijê!
[vazia]
Toque! Toque, Dijê!
[vazia]
rSu
Toque! Toque, Dijê!
rSu
rSu,tRsH,DZxoZrbJj
rSu,tRsH
rSu
[vazia]
DZxoZrbJj
DZxoZrbJj
[vazia]
DZxoZrbJj
rSu
DZxoZrbJj,rSu,DZxoZrbJj,tRsH
rSu
rSu
rSu
tRsH
tRsH
tRsH
tRsH
tRsH
tRsH
tRsH
tRsH
tRsH
tRsH
tRsH,DZxoZrbJj
DZxoZrbJj
DZxoZrbJj
DZxoZrbJj,tRsH
DZxoZrbJj,tRsH
tRsH
tRsH
DZxoZrbJj,tRsH,tRsH
tRsH
tRsH
tRsH
tRsH,tRsH,tRsH,rSu,rSu
tRsH
tRsH,tRsH,tRsH,rSu,tRsH
tRsH,tRsH,tRsH,rSu,tRsH
tRsH
tRsH,tRsH,rSu,tRsH,tRsH,tRsH,rSu,DZxoZrbJj
tRsH,rSu,tRsH,tRsH,tRsH,rSu,DZxoZrbJj
rSu
tRsH,DZxoZrbJj,tRsH,tRsH,tRsH,rSu
tRsH,DZxoZrbJj,rSu,tRsH,tRsH,tRsH,rSu
DZxoZrbJj
DZxoZrbJj
tRsH,DZxoZrbJj,tRsH,tRsH,tRsH,rSu
rSu
rSu
DZxoZrbJj
rSu
rSu
rSu
DZxoZrbJj
DZxoZrbJj,tRsH,tRsH,tRsH,tRsH,rSu,DZxoZrbJj,tRsH,DZxoZrbJj
DZxoZrbJj,tRsH,tRsH,tRsH,tRsH,DZxoZrbJj,tRsH,DZxoZrbJj
tRsH
tRsH
tRsH
tRsH
DZxoZrbJj,tRsH,tRsH,tRsH,tRsH,DZxoZrbJj,tRsH,DZxoZrbJj
DZxoZrbJj,tRsH,tRsH,tRsH,tRsH,DZxoZrbJj,tRsH,DZxoZrbJj
DZxoZrbJj,tRsH,tRsH,tRsH,tRsH,DZxoZrbJj,tRsH,DZxoZrbJj
DZxoZrbJj,tRsH,tRsH,tRsH,tRsH,DZxoZrbJj,tRsH,DZxoZrbJj
DZxoZrbJj,tRsH,tRsH,tRsH,tRsH,DZxoZrbJj,tRsH,DZxoZrbJj
DZxoZrbJj
DZxoZrbJj
DZxoZrbJj,tRsH,tRsH,DZxoZrbJj,tRsH,tRsH,tRsH,DZxoZrbJj,rSu
tRsH
DZxoZrbJj
DZxoZrbJj
tRsH,tRsH,tRsH,tRsH,DZxoZrbJj,DZxoZrbJj,rSu,tRsH,DZxoZrbJj
DZxoZrbJj
rSu
rSu
rSu
tRsH,tRsH,tRsH,DZxoZrbJj,tRsH,tRsH,DZxoZrbJj,rSu,rSu
tRsH
tRsH
DZxoZrbJj
tRsH,tRsH,DZxoZrbJj,tRsH,DZxoZrbJj,rSu,rSu,rSu
DZxoZrbJj
DZxoZrbJj
tRsH,tRsH,tRsH,DZxoZrbJj,DZxoZrbJj,tRsH,rSu,tRsH,DZxoZrbJj,tRsH,DZxoZrbJj
tRsH,tRsH,tRsH,DZxoZrbJj,DZxoZrbJj,tRsH,rSu,tRsH,DZxoZrbJj,tRsH,DZxoZrbJj
tRsH,tRsH,tRsH,DZxoZrbJj,DZxoZrbJj,tRsH,rSu,tRsH,DZxoZrbJj,tRsH,DZxoZrbJj
tRsH,tRsH,tRsH,DZxoZrbJj,DZxoZrbJj,tRsH,rSu,tRsH,DZxoZrbJj,tRsH,DZxoZrbJj
tRsH,tRsH,tRsH,DZxoZrbJj,DZxoZrbJj,tRsH,rSu,tRsH,DZxoZrbJj,tRsH,DZxoZrbJj,tRsH
tRsH
tRsH
tRsH
tRsH
tRsH
tRsH
DZxoZrbJj
DZxoZrbJj
Jedi Wagner, assuma o comando!