Toque! Toque, Dijê!
Toque! Toque, Dijê!
Toque! Toque, Dijê!
[vazia]
OSXWvmlRPs
OSXWvmlRPs
OSXWvmlRPs
OSXWvmlRPs
OSXWvmlRPs,fU,bn
OSXWvmlRPs
OSXWvmlRPs
OSXWvmlRPs
OSXWvmlRPs
OSXWvmlRPs
OSXWvmlRPs
OSXWvmlRPs
CZRi
CZRi
CZRi
CZRi
CZRi,OSXWvmlRPs
CZRi,OSXWvmlRPs
CZRi,OSXWvmlRPs
CZRi,OSXWvmlRPs
OSXWvmlRPs
OSXWvmlRPs,CZRi
OSXWvmlRPs,CZRi,bn
OSXWvmlRPs,bn
bn,OSXWvmlRPs
bn,CZRi
CZRi,uqMu
CZRi,uqMu
bn,CZRi,uqMu
bn,uqMu
bn,uqMu
OSXWvmlRPs
OSXWvmlRPs,bn,fU
bn
OSXWvmlRPs,bn,fU
bn
fU
OSXWvmlRPs,bn,fU,uqMu,fU
fU
OSXWvmlRPs,bn,fU,uqMu,fU
fU
fU
fU
uqMu
uqMu
OSXWvmlRPs,fU,bn,fU,uqMu,CZRi,yVIKEeM,OSXWvmlRPs,uqMu
OSXWvmlRPs,fU,bn,fU,uqMu,CZRi,yVIKEeM,OSXWvmlRPs,uqMu,uqMu
uqMu
OSXWvmlRPs,fU,bn,fU,uqMu,CZRi,yVIKEeM,OSXWvmlRPs,uqMu,uqMu
OSXWvmlRPs,fU,bn,fU,uqMu,CZRi,yVIKEeM,OSXWvmlRPs,uqMu,uqMu
uqMu
OSXWvmlRPs,fU,bn,fU,uqMu,CZRi,yVIKEeM,OSXWvmlRPs,uqMu,uqMu
uqMu
OSXWvmlRPs,fU,bn,fU,uqMu,CZRi,yVIKEeM,OSXWvmlRPs,uqMu,uqMu
uqMu
uqMu
uqMu
OSXWvmlRPs,bn,fU,uqMu,fU,CZRi,OSXWvmlRPs,uqMu,uqMu,uqMu
fU
OSXWvmlRPs,bn,fU,uqMu,CZRi,fU,OSXWvmlRPs,uqMu,uqMu,uqMu
OSXWvmlRPs,bn,fU,uqMu,CZRi,fU,OSXWvmlRPs,uqMu,uqMu,uqMu
OSXWvmlRPs,bn,fU,uqMu,CZRi,fU,OSXWvmlRPs,uqMu,uqMu,uqMu
OSXWvmlRPs,bn,uqMu,CZRi,fU,OSXWvmlRPs,uqMu,fU,uqMu,uqMu
uqMu
OSXWvmlRPs,bn,uqMu,fU,OSXWvmlRPs,uqMu,fU,uqMu,uqMu
OSXWvmlRPs,bn,uqMu,fU,OSXWvmlRPs,uqMu,fU,uqMu,uqMu
OSXWvmlRPs,bn,uqMu,fU,OSXWvmlRPs,uqMu,fU,uqMu,uqMu
OSXWvmlRPs
bn
OSXWvmlRPs,bn,uqMu,fU,OSXWvmlRPs,uqMu,fU,uqMu,uqMu
bn
bn
OSXWvmlRPs,bn,uqMu,fU,OSXWvmlRPs,uqMu,fU,uqMu,uqMu,fU
OSXWvmlRPs,bn,uqMu,fU,OSXWvmlRPs,uqMu,fU,uqMu,uqMu,fU
fU
OSXWvmlRPs,bn,uqMu,fU,OSXWvmlRPs,uqMu,fU,uqMu,uqMu,fU
OSXWvmlRPs,bn,uqMu,fU,OSXWvmlRPs,uqMu,fU,uqMu,uqMu,fU
bn
bn
bn
bn
OSXWvmlRPs,bn,uqMu,fU,OSXWvmlRPs,uqMu,fU,uqMu,uqMu,fU
OSXWvmlRPs
OSXWvmlRPs
OSXWvmlRPs
OSXWvmlRPs,bn,uqMu,fU,OSXWvmlRPs,uqMu,fU,uqMu,uqMu,fU
uqMu
uqMu
bn,uqMu,fU,OSXWvmlRPs,uqMu,fU,uqMu,uqMu,fU,fU
bn,uqMu,fU,OSXWvmlRPs,uqMu,fU,uqMu,uqMu,fU,fU,uqMu
fU
bn,fU,OSXWvmlRPs,uqMu,fU,rgYld,uqMu,uqMu,fU,fU,uqMu,uqMu
bn,fU,OSXWvmlRPs,uqMu,fU,rgYld,uqMu,uqMu,fU,fU,uqMu,uqMu
bn,fU,OSXWvmlRPs,uqMu,fU,rgYld,uqMu,uqMu,fU,fU,uqMu,uqMu
fU
bn,uqMu,fU,OSXWvmlRPs,uqMu,fU,uqMu,uqMu,fU,fU,uqMu,uqMu,bn
bn,uqMu,fU,OSXWvmlRPs,uqMu,fU,uqMu,uqMu,fU,fU,uqMu,uqMu,bn,rgYld
bn,uqMu,fU,OSXWvmlRPs,uqMu,fU,uqMu,uqMu,fU,fU,uqMu,uqMu,bn,rgYld,rgYld
uqMu
uqMu
uqMu,OSXWvmlRPs,uqMu,fU,uqMu,uqMu,bn,fU,fU,uqMu,uqMu,bn,rgYld,rgYld,CZRi
uqMu,OSXWvmlRPs,uqMu,fU,uqMu,uqMu,bn,fU,fU,uqMu,uqMu,bn,rgYld,CZRi
uqMu,OSXWvmlRPs,uqMu,fU,uqMu,uqMu,bn,fU,fU,uqMu,uqMu,bn,rgYld,CZRi
uqMu,OSXWvmlRPs,uqMu,fU,uqMu,uqMu,bn,fU,fU,uqMu,uqMu,bn,rgYld,CZRi
bn
uqMu,fU,OSXWvmlRPs,uqMu,fU,uqMu,uqMu,bn,fU,fU,uqMu,uqMu,bn,rgYld,rgYld
fU
uqMu,fU,OSXWvmlRPs,uqMu,fU,uqMu,uqMu,bn,fU,fU,uqMu,uqMu,bn,rgYld,rgYld
uqMu,fU,OSXWvmlRPs,uqMu,fU,uqMu,uqMu,bn,fU,fU,uqMu,uqMu,bn,rgYld,rgYld,bn
fU
uqMu,fU,OSXWvmlRPs,uqMu,fU,uqMu,uqMu,bn,fU,fU,uqMu,uqMu,bn,rgYld,rgYld,rgYld,OSXWvmlRPs,uqMu
rgYld
rgYld
uqMu,fU,OSXWvmlRPs,uqMu,fU,uqMu,uqMu,bn,fU,fU,uqMu,rgYld,uqMu,bn,rgYld,rgYld,OSXWvmlRPs,uqMu,fU
rgYld
rgYld
uqMu,OSXWvmlRPs,uqMu,uqMu,uqMu,fU,fU,uqMu,rgYld,fU,uqMu,bn,rgYld,rgYld,OSXWvmlRPs,uqMu,fU
rgYld
rgYld
uqMu
OSXWvmlRPs,uqMu,uqMu,fU,fU,uqMu,rgYld,uqMu,bn,uqMu,fU,uqMu,rgYld,rgYld,OSXWvmlRPs,uqMu,fU,rgYld,bn
uqMu,fU,uqMu,uqMu,uqMu,fU,uqMu,bn,rgYld,OSXWvmlRPs,uqMu,fU,rgYld,bn,uqMu,fU,fU,yVIKEeM
uqMu,fU,uqMu,uqMu,uqMu,fU,uqMu,bn,rgYld,OSXWvmlRPs,uqMu,fU,rgYld,bn,uqMu,fU,fU,yVIKEeM
uqMu
uqMu
uqMu
fU,uqMu,uqMu,uqMu,fU,uqMu,uqMu,bn,rgYld,OSXWvmlRPs,uqMu,fU,rgYld,bn,uqMu,fU,fU,yVIKEeM,CZRi
uqMu
fU,uqMu,uqMu,uqMu,fU,uqMu,uqMu,bn,rgYld,OSXWvmlRPs,uqMu,fU,rgYld,bn,uqMu,fU,fU,yVIKEeM,CZRi
fU,uqMu,uqMu,uqMu,fU,uqMu,uqMu,bn,rgYld,OSXWvmlRPs,uqMu,fU,rgYld,bn,uqMu,fU,fU,yVIKEeM,CZRi
uqMu
fU,uqMu,uqMu,uqMu,fU,uqMu,uqMu,bn,rgYld,OSXWvmlRPs,uqMu,fU,rgYld,bn,uqMu,fU,fU,yVIKEeM,CZRi
uqMu
uqMu
fU,uqMu,uqMu,uqMu,fU,uqMu,OSXWvmlRPs,uqMu,bn,rgYld,uqMu,fU,rgYld,bn,uqMu,fU,fU,yVIKEeM,CZRi,yVIKEeM
OSXWvmlRPs
OSXWvmlRPs
fU,uqMu,uqMu,uqMu,fU,uqMu,OSXWvmlRPs,uqMu,bn,rgYld,uqMu,fU,rgYld,bn,uqMu,fU,fU,yVIKEeM,CZRi,yVIKEeM
OSXWvmlRPs
fU,uqMu,uqMu,uqMu,fU,uqMu,OSXWvmlRPs,uqMu,bn,rgYld,uqMu,fU,rgYld,bn,uqMu,fU,fU,yVIKEeM,CZRi,yVIKEeM
OSXWvmlRPs
OSXWvmlRPs
fU,uqMu,uqMu,uqMu,fU,uqMu,OSXWvmlRPs,uqMu,bn,uqMu,fU,rgYld,bn,uqMu,fU,fU,yVIKEeM,CZRi,yVIKEeM
fU,uqMu,uqMu,uqMu,fU,uqMu,OSXWvmlRPs,uqMu,bn,uqMu,fU,rgYld,bn,uqMu,fU,fU,yVIKEeM,CZRi,yVIKEeM
yVIKEeM
fU,uqMu,uqMu,uqMu,fU,uqMu,yVIKEeM,uqMu,bn,rgYld,OSXWvmlRPs,uqMu,fU,rgYld,bn,uqMu,fU,fU,CZRi
fU,uqMu,uqMu,uqMu,fU,uqMu,yVIKEeM,uqMu,bn,rgYld,OSXWvmlRPs,uqMu,fU,rgYld,bn,uqMu,fU,fU,CZRi
fU,uqMu,uqMu,uqMu,fU,uqMu,yVIKEeM,uqMu,bn,rgYld,OSXWvmlRPs,uqMu,fU,rgYld,bn,uqMu,fU,fU,CZRi
yVIKEeM
yVIKEeM
yVIKEeM
yVIKEeM
uqMu
fU,uqMu,uqMu,fU,uqMu,yVIKEeM,uqMu,uqMu,fU,bn,uqMu,fU,fU
fU,uqMu,fU,uqMu,yVIKEeM,uqMu,uqMu,fU,bn,uqMu,fU,fU,yVIKEeM
uqMu
fU,uqMu,fU,uqMu,uqMu,uqMu,fU,bn,uqMu,fU,fU,yVIKEeM,OSXWvmlRPs
fU
uqMu,uqMu,uqMu,fU,uqMu,fU,bn,uqMu,fU,fU,yVIKEeM
fU
fU
fU
fU
fU,uqMu,fU,uqMu,uqMu,uqMu,fU,bn,uqMu,fU,fU,yVIKEeM,yVIKEeM
fU
fU
fU,uqMu,uqMu,fU,uqMu,uqMu,uqMu,fU,fU,yVIKEeM,yVIKEeM,rgYld
fU
fU,uqMu,fU,uqMu,uqMu,uqMu,fU,bn,uqMu,fU,fU,yVIKEeM
fU
fU,uqMu,fU,uqMu,uqMu,uqMu,fU,bn,uqMu,fU,fU,yVIKEeM
fU
fU
fU
fU
fU
fU
fU
uqMu,fU,uqMu,uqMu,uqMu,bn,yVIKEeM,fU,uqMu,fU,fU
uqMu,fU,uqMu,uqMu,uqMu,bn,yVIKEeM,fU,uqMu,fU,fU,bn,yVIKEeM
uqMu,fU,uqMu,uqMu,uqMu,bn,yVIKEeM,fU,uqMu,fU,fU,bn
fU,uqMu,uqMu,uqMu,bn,uqMu,yVIKEeM,fU,uqMu,fU,fU,bn
fU,uqMu,uqMu,uqMu,bn,uqMu,yVIKEeM,fU,uqMu,fU,fU,bn
fU,uqMu,uqMu,bn,uqMu,yVIKEeM,fU,uqMu,fU,fU,bn
fU,uqMu,uqMu,bn,uqMu,yVIKEeM,fU,uqMu,fU,fU,bn
fU,uqMu,uqMu,fU,uqMu,uqMu,fU,fU,bn,fU,bn
fU,uqMu,uqMu,fU,uqMu,uqMu,fU,fU,bn,fU,bn
uqMu
yVIKEeM
uqMu
uqMu
fU,uqMu,bn,uqMu,uqMu,fU,uqMu,fU,fU,bn
uqMu,bn,uqMu,uqMu,fU,fU,uqMu,fU,fU,bn
yVIKEeM
fU,uqMu,uqMu,bn,uqMu,yVIKEeM,fU,uqMu,fU,fU,bn
yVIKEeM
fU,uqMu,uqMu,bn,uqMu,yVIKEeM,fU,uqMu,fU,fU,bn,fU
uqMu
uqMu,uqMu,bn,uqMu,yVIKEeM,fU,uqMu,fU,fU,fU,bn,fU,fU
uqMu,uqMu,bn,uqMu,yVIKEeM,fU,uqMu,fU,fU,fU,bn,fU,fU,rgYld
uqMu,uqMu,uqMu,yVIKEeM,fU,uqMu,bn,fU,fU,fU,bn,fU,fU,rgYld
uqMu
uqMu
uqMu
uqMu
fU,uqMu,uqMu,bn,uqMu,yVIKEeM,fU,uqMu,fU,fU,bn
uqMu
fU,uqMu,uqMu,bn,uqMu,yVIKEeM,fU,uqMu,fU,fU,bn,yVIKEeM
uqMu
fU,uqMu,uqMu,bn,uqMu,yVIKEeM,fU,uqMu,fU,fU,bn,yVIKEeM
uqMu,bn,uqMu,yVIKEeM,fU,uqMu,fU,fU,bn,yVIKEeM,yVIKEeM,rgYld
uqMu,bn,uqMu,yVIKEeM,fU,uqMu,fU,fU,bn,yVIKEeM,yVIKEeM,rgYld
bn
bn
bn
Jedi Wagner, assuma o comando!