OUspUg,tByySt
OUspUg
Toque! Toque, Dijê!
Toque! Toque, Dijê!
[vazia]
OUspUg,gXzcCPfGuD
OUspUg
OUspUg,gXzcCPfGuD,Xl
Xl
Xl
Xl
Toque! Toque, Dijê!
gXzcCPfGuD
Toque! Toque, Dijê!
Toque! Toque, Dijê!
Toque! Toque, Dijê!
Toque! Toque, Dijê!
Toque! Toque, Dijê!
[vazia]
Toque! Toque, Dijê!
Yv
Yv
Yv
Yv,Yv
Yv,Yv
Yv
Yv
Yv,Yv
Yv,Yv
Yv,Yv
Yv
Yv
Yv
Yv
Yv
DXvAPNf
Yv,Yv,DXvAPNf
Yv
Yv
Yv,Yv
Yv
Yv,OUspUg,Yv,OUspUg
OUspUg
IoccGmQ
Yv,OUspUg,IoccGmQ
Yv,OUspUg,IoccGmQ,tByySt
OUspUg
Yv,OUspUg,tByySt,IoccGmQ
Yv,OUspUg,tByySt,IoccGmQ,G
Yv,OUspUg,IoccGmQ,tByySt,G
OUspUg,tByySt,G,Xl,GChYuRH,OUspUg
OUspUg,tByySt,G,Xl,GChYuRH,OUspUg
tByySt
tByySt
OUspUg,tByySt,G,Xl,GChYuRH,OUspUg
G
OUspUg,tByySt,G,Xl,GChYuRH,OUspUg,DXvAPNf
OUspUg,tByySt,G,Xl,GChYuRH,OUspUg,DXvAPNf,gXzcCPfGuD,DXvAPNf,tByySt
OUspUg,tByySt,G,Xl,GChYuRH,OUspUg,DXvAPNf,gXzcCPfGuD,DXvAPNf
Xl
tByySt,G,Xl,GChYuRH,OUspUg,DXvAPNf,gXzcCPfGuD
tByySt,G,Xl,GChYuRH,OUspUg,DXvAPNf,gXzcCPfGuD
Xl
Xl
tByySt,G,GChYuRH,OUspUg,Xl,DXvAPNf,gXzcCPfGuD
Xl
gXzcCPfGuD
DXvAPNf
gXzcCPfGuD
tByySt,G,GChYuRH,DXvAPNf,DXvAPNf,gXzcCPfGuD,DXvAPNf,DXvAPNf,DXvAPNf
gXzcCPfGuD
tByySt,G,GChYuRH,DXvAPNf,DXvAPNf,gXzcCPfGuD,DXvAPNf,DXvAPNf,DXvAPNf
gXzcCPfGuD
gXzcCPfGuD
tByySt,G,GChYuRH,DXvAPNf,DXvAPNf,gXzcCPfGuD,DXvAPNf,DXvAPNf,DXvAPNf
tByySt,G,GChYuRH,DXvAPNf,DXvAPNf,gXzcCPfGuD,DXvAPNf,DXvAPNf,DXvAPNf
tByySt,G,DXvAPNf,DXvAPNf,gXzcCPfGuD,DXvAPNf,DXvAPNf,DXvAPNf,Crk,OUspUg
gXzcCPfGuD
gXzcCPfGuD
gXzcCPfGuD
gXzcCPfGuD
gXzcCPfGuD
gXzcCPfGuD
GChYuRH
GChYuRH,DXvAPNf,DXvAPNf,gXzcCPfGuD,DXvAPNf,DXvAPNf,DXvAPNf,OUspUg
gXzcCPfGuD
G,GChYuRH,DXvAPNf,DXvAPNf,gXzcCPfGuD,DXvAPNf,DXvAPNf,DXvAPNf
gXzcCPfGuD
tByySt,G,DXvAPNf,DXvAPNf,gXzcCPfGuD,DXvAPNf,DXvAPNf,DXvAPNf
G,DXvAPNf,gXzcCPfGuD,DXvAPNf,tByySt,DXvAPNf,DXvAPNf
tByySt
G,gXzcCPfGuD,DXvAPNf,tByySt,DXvAPNf,DXvAPNf
G,gXzcCPfGuD,DXvAPNf,tByySt,DXvAPNf,DXvAPNf,OUspUg
tByySt
tByySt
tByySt
tByySt
G,DXvAPNf,gXzcCPfGuD,DXvAPNf,tByySt,DXvAPNf,DXvAPNf,IoccGmQ,OUspUg
DXvAPNf
G,DXvAPNf,gXzcCPfGuD,DXvAPNf,tByySt,DXvAPNf,DXvAPNf,IoccGmQ
DXvAPNf
DXvAPNf
G,DXvAPNf,gXzcCPfGuD,DXvAPNf,tByySt,DXvAPNf,DXvAPNf,IoccGmQ,OUspUg
DXvAPNf
G
tByySt
tByySt
DXvAPNf,gXzcCPfGuD,DXvAPNf,DXvAPNf,DXvAPNf,tByySt,G,OUspUg,GChYuRH,Yv,IoccGmQ,G,IoccGmQ
tByySt
DXvAPNf,gXzcCPfGuD,DXvAPNf,DXvAPNf,DXvAPNf,tByySt,G,OUspUg,GChYuRH,Yv,IoccGmQ,G,IoccGmQ
DXvAPNf,DXvAPNf,DXvAPNf,DXvAPNf,tByySt,gXzcCPfGuD,G,OUspUg,GChYuRH,Yv,IoccGmQ,G,IoccGmQ
G,DXvAPNf,gXzcCPfGuD,DXvAPNf,tByySt,DXvAPNf,DXvAPNf,IoccGmQ,OUspUg
G,DXvAPNf,DXvAPNf,tByySt,DXvAPNf,DXvAPNf,gXzcCPfGuD,IoccGmQ,OUspUg
gXzcCPfGuD
gXzcCPfGuD
gXzcCPfGuD
gXzcCPfGuD
DXvAPNf
DXvAPNf
DXvAPNf
DXvAPNf,gXzcCPfGuD,DXvAPNf,tByySt,DXvAPNf,DXvAPNf,IoccGmQ,OUspUg
DXvAPNf,gXzcCPfGuD,DXvAPNf,tByySt,DXvAPNf,DXvAPNf,IoccGmQ,OUspUg
DXvAPNf,gXzcCPfGuD,DXvAPNf,tByySt,DXvAPNf,IoccGmQ,DXvAPNf,OUspUg
OUspUg
DXvAPNf,gXzcCPfGuD,DXvAPNf,tByySt,DXvAPNf,OUspUg,IoccGmQ,DXvAPNf
DXvAPNf,gXzcCPfGuD,DXvAPNf,tByySt,DXvAPNf,OUspUg,IoccGmQ,DXvAPNf
OUspUg
OUspUg
DXvAPNf,DXvAPNf,tByySt,DXvAPNf,OUspUg,IoccGmQ,DXvAPNf
DXvAPNf
G,DXvAPNf,gXzcCPfGuD,DXvAPNf,DXvAPNf,DXvAPNf,tByySt,IoccGmQ,OUspUg
G,DXvAPNf,DXvAPNf,tByySt,DXvAPNf,DXvAPNf,IoccGmQ,OUspUg,tByySt,G
DXvAPNf
DXvAPNf
IoccGmQ
OUspUg
DXvAPNf,gXzcCPfGuD,DXvAPNf,tByySt,DXvAPNf,DXvAPNf,IoccGmQ,G,gXzcCPfGuD,Crk,OUspUg
Crk
OUspUg
DXvAPNf,gXzcCPfGuD,DXvAPNf,tByySt,DXvAPNf,DXvAPNf,IoccGmQ,G,gXzcCPfGuD,OUspUg,Crk
DXvAPNf,gXzcCPfGuD,DXvAPNf,tByySt,DXvAPNf,DXvAPNf,IoccGmQ,G,gXzcCPfGuD,OUspUg,Crk
OUspUg
OUspUg
OUspUg
DXvAPNf,gXzcCPfGuD,DXvAPNf,tByySt,DXvAPNf,DXvAPNf,IoccGmQ,G,gXzcCPfGuD,Crk,OUspUg
DXvAPNf,gXzcCPfGuD,DXvAPNf,tByySt,DXvAPNf,DXvAPNf,IoccGmQ,G,gXzcCPfGuD,Crk,OUspUg,gXzcCPfGuD
DXvAPNf,gXzcCPfGuD,DXvAPNf,tByySt,DXvAPNf,DXvAPNf,IoccGmQ,G,gXzcCPfGuD,Crk,OUspUg,gXzcCPfGuD
DXvAPNf,gXzcCPfGuD,DXvAPNf,tByySt,DXvAPNf,DXvAPNf,IoccGmQ,G,gXzcCPfGuD,OUspUg,gXzcCPfGuD
tByySt
tByySt
DXvAPNf,DXvAPNf,DXvAPNf,DXvAPNf,IoccGmQ,G,OUspUg,tByySt,gXzcCPfGuD,gXzcCPfGuD,gXzcCPfGuD,gXzcCPfGuD
DXvAPNf,DXvAPNf,DXvAPNf,DXvAPNf,IoccGmQ,G,OUspUg,tByySt,gXzcCPfGuD,gXzcCPfGuD,gXzcCPfGuD,gXzcCPfGuD
gXzcCPfGuD
gXzcCPfGuD
DXvAPNf,gXzcCPfGuD,DXvAPNf,tByySt,DXvAPNf,DXvAPNf,G,gXzcCPfGuD,Crk,OUspUg,IoccGmQ,IoccGmQ
DXvAPNf,gXzcCPfGuD,DXvAPNf,tByySt,DXvAPNf,DXvAPNf,G,gXzcCPfGuD,Crk,OUspUg,IoccGmQ,IoccGmQ,tByySt
DXvAPNf,gXzcCPfGuD,DXvAPNf,tByySt,DXvAPNf,DXvAPNf,G,gXzcCPfGuD,Crk,OUspUg,IoccGmQ,IoccGmQ,tByySt,DXvAPNf
IoccGmQ
OUspUg
OUspUg
DXvAPNf,gXzcCPfGuD,DXvAPNf,tByySt,DXvAPNf,DXvAPNf,IoccGmQ,G,gXzcCPfGuD,Crk,OUspUg,Xl
DXvAPNf,gXzcCPfGuD,DXvAPNf,tByySt,DXvAPNf,DXvAPNf,IoccGmQ,G,gXzcCPfGuD,Crk,OUspUg,Xl
Xl
DXvAPNf,gXzcCPfGuD,DXvAPNf,tByySt,DXvAPNf,DXvAPNf,IoccGmQ,G,gXzcCPfGuD,Crk,OUspUg,Xl,tByySt
DXvAPNf,gXzcCPfGuD,DXvAPNf,tByySt,DXvAPNf,DXvAPNf,IoccGmQ,G,gXzcCPfGuD,Crk,OUspUg,Xl,tByySt
DXvAPNf,gXzcCPfGuD,DXvAPNf,tByySt,DXvAPNf,DXvAPNf,IoccGmQ,G,gXzcCPfGuD,Crk,OUspUg,tByySt
OUspUg
DXvAPNf,tByySt,DXvAPNf,DXvAPNf,IoccGmQ,G,gXzcCPfGuD,Crk,tByySt,gXzcCPfGuD,OUspUg,Xl,Yv
tByySt
tByySt
tByySt
tByySt
tByySt
DXvAPNf,gXzcCPfGuD,DXvAPNf,DXvAPNf,DXvAPNf,IoccGmQ,gXzcCPfGuD,Crk,tByySt,GChYuRH,OUspUg,Crk
Crk
gXzcCPfGuD,DXvAPNf,DXvAPNf,DXvAPNf,IoccGmQ,gXzcCPfGuD,tByySt,OUspUg,Crk,Crk,Crk
OUspUg
gXzcCPfGuD,DXvAPNf,DXvAPNf,DXvAPNf,IoccGmQ,gXzcCPfGuD,tByySt,Crk,OUspUg,Crk,Crk,G
G
G
gXzcCPfGuD,DXvAPNf,DXvAPNf,DXvAPNf,IoccGmQ,gXzcCPfGuD,tByySt,G,OUspUg,Crk,Crk,OUspUg
G
G
gXzcCPfGuD,DXvAPNf,DXvAPNf,IoccGmQ,gXzcCPfGuD,tByySt,G,OUspUg,Crk,Crk,OUspUg,Xl
Xl
Xl
OUspUg
DXvAPNf,gXzcCPfGuD,DXvAPNf,DXvAPNf,DXvAPNf,IoccGmQ,gXzcCPfGuD,Crk,tByySt,GChYuRH,OUspUg,Crk
OUspUg
gXzcCPfGuD
gXzcCPfGuD
DXvAPNf,DXvAPNf,DXvAPNf,DXvAPNf,IoccGmQ,tByySt,gXzcCPfGuD,Yv,GChYuRH,Crk,gXzcCPfGuD
DXvAPNf,DXvAPNf,DXvAPNf,DXvAPNf,IoccGmQ,gXzcCPfGuD,Yv,tByySt,GChYuRH,Crk,gXzcCPfGuD,Yv
Yv
Yv
GChYuRH
DXvAPNf,DXvAPNf,DXvAPNf,DXvAPNf,IoccGmQ,gXzcCPfGuD,Yv,tByySt,GChYuRH,Crk,gXzcCPfGuD,Yv
IoccGmQ
Jedi Wagner, assuma o comando!