Toque! Toque, Dijê!
[vazia]
[vazia]
[vazia]
[vazia]
[vazia]
[vazia]
[vazia]
Toque! Toque, Dijê!
JQFp
JQFp
JQFp
JQFp
JQFp
JQFp
JQFp
[vazia]
Zrwd
Zrwd
Zrwd
Zrwd
Zrwd
Zrwd
Zrwd
Zrwd
Zrwd,JQFp
Zrwd,JQFp
Zrwd,JQFp
[vazia]
Toque! Toque, Dijê!
[vazia]
Toque! Toque, Dijê!
Toque! Toque, Dijê!
[vazia]
iAOLpKG
[vazia]
Toque! Toque, Dijê!
Toque! Toque, Dijê!
Toque! Toque, Dijê!
Toque! Toque, Dijê!
[vazia]
CoSW,Zrwd
CoSW
Zrwd
Toque! Toque, Dijê!
[vazia]
[vazia]
[vazia]
Toque! Toque, Dijê!
[vazia]
Toque! Toque, Dijê!
Toque! Toque, Dijê!
Zrwd
Zrwd
Zrwd
Zrwd
Zrwd
Zrwd
Zrwd
Zrwd
Zrwd
Zrwd
Zrwd,wGdfFl
Zrwd
Zrwd
Zrwd,wGdfFl,nb,JQFp,CoSW
CoSW
Zrwd,wGdfFl,nb,JQFp,CoSW,TZxUFmXu
Zrwd,wGdfFl,nb,JQFp,CoSW,TZxUFmXu
Zrwd,wGdfFl,JQFp,TZxUFmXu,wGdfFl,Zrwd,iAOLpKG
wGdfFl
wGdfFl
wGdfFl
wGdfFl
wGdfFl
Zrwd,wGdfFl,nb,JQFp,CoSW
JQFp
JQFp
Zrwd
Zrwd,JQFp,wGdfFl
Zrwd
Zrwd,JQFp,Xgd,TZxUFmXu
Zrwd
Zrwd
Zrwd
Zrwd
Zrwd,JQFp,wGdfFl,TZxUFmXu,CoSW
Zrwd,JQFp,wGdfFl,TZxUFmXu,CoSW
Zrwd
wGdfFl
wGdfFl
wGdfFl
wGdfFl
TZxUFmXu,Xgd,CoSW,JQFp,iAOLpKG,DBgpSbVyBy
Xgd
Xgd
TZxUFmXu,Xgd,CoSW,JQFp,iAOLpKG,DBgpSbVyBy
TZxUFmXu,Xgd,CoSW,JQFp,iAOLpKG,DBgpSbVyBy
Xgd
DBgpSbVyBy
CoSW
JQFp
Xgd,CoSW,JQFp,iAOLpKG,DBgpSbVyBy
Xgd,CoSW,JQFp,DBgpSbVyBy
Xgd,CoSW,JQFp,DBgpSbVyBy,CoSW
Xgd,CoSW,JQFp,DBgpSbVyBy,CoSW
Xgd,CoSW,JQFp,DBgpSbVyBy,CoSW
CoSW
Xgd,CoSW,JQFp,CoSW,dGK
Xgd
Xgd
Xgd,CoSW,CoSW,DBgpSbVyBy,Xgd
CoSW
CoSW
CoSW
CoSW
Xgd,CoSW,CoSW,DBgpSbVyBy,Xgd,iAOLpKG,DBgpSbVyBy,Xgd,Zrwd,CoSW
CoSW
Xgd,CoSW,CoSW,DBgpSbVyBy,Xgd,iAOLpKG,DBgpSbVyBy,Xgd,Zrwd,CoSW
Xgd,CoSW,CoSW,DBgpSbVyBy,Xgd,iAOLpKG,DBgpSbVyBy,Xgd,Zrwd,CoSW
CoSW
CoSW,Xgd,CoSW,DBgpSbVyBy,Xgd,iAOLpKG,DBgpSbVyBy,Xgd,Zrwd,CoSW,DBgpSbVyBy
CoSW
CoSW,Xgd,CoSW,DBgpSbVyBy,Xgd,DBgpSbVyBy,Xgd,Zrwd,CoSW,DBgpSbVyBy
Xgd
CoSW,Xgd,CoSW,DBgpSbVyBy,Xgd,DBgpSbVyBy,Xgd,Zrwd,CoSW,DBgpSbVyBy,CoSW
Xgd
Xgd
Xgd
Xgd
CoSW,Xgd,CoSW,DBgpSbVyBy,Xgd,DBgpSbVyBy,Xgd,Zrwd,CoSW,DBgpSbVyBy,CoSW,Xgd
CoSW,Xgd,CoSW,DBgpSbVyBy,Xgd,DBgpSbVyBy,Xgd,Zrwd,CoSW,DBgpSbVyBy,CoSW,Xgd
CoSW,Xgd,CoSW,DBgpSbVyBy,Xgd,DBgpSbVyBy,Xgd,Zrwd,CoSW,DBgpSbVyBy,CoSW,Xgd
CoSW,Xgd,CoSW,Xgd,DBgpSbVyBy,Xgd,Zrwd,CoSW,DBgpSbVyBy,CoSW,Xgd,JQFp
Xgd
CoSW,Xgd,CoSW,Xgd,DBgpSbVyBy,Xgd,Zrwd,CoSW,DBgpSbVyBy,CoSW,Xgd,JQFp
Xgd
Xgd
CoSW,Xgd,CoSW,DBgpSbVyBy,Xgd,DBgpSbVyBy,Xgd,CoSW,DBgpSbVyBy,CoSW,DBgpSbVyBy
CoSW,Xgd,CoSW,DBgpSbVyBy,Xgd,DBgpSbVyBy,Xgd,CoSW,DBgpSbVyBy,CoSW,DBgpSbVyBy
CoSW,Xgd,CoSW,DBgpSbVyBy,Xgd,DBgpSbVyBy,Xgd,CoSW,DBgpSbVyBy,CoSW,DBgpSbVyBy
Xgd
Xgd
Xgd
CoSW,Xgd,CoSW,DBgpSbVyBy,Xgd,DBgpSbVyBy,Xgd,CoSW,DBgpSbVyBy,CoSW,DBgpSbVyBy,DBgpSbVyBy,Xgd,Xgd
Xgd
Xgd
CoSW,Xgd,CoSW,DBgpSbVyBy,Xgd,DBgpSbVyBy,Xgd,Zrwd,CoSW,DBgpSbVyBy,CoSW
CoSW,Xgd,CoSW,DBgpSbVyBy,Xgd,DBgpSbVyBy,Xgd,Zrwd,CoSW,DBgpSbVyBy,CoSW
CoSW,Xgd,DBgpSbVyBy,CoSW,Xgd,DBgpSbVyBy,Xgd,Zrwd,CoSW,DBgpSbVyBy,CoSW
DBgpSbVyBy
CoSW,Xgd,DBgpSbVyBy,CoSW,Xgd,DBgpSbVyBy,Xgd,Zrwd,CoSW,DBgpSbVyBy,CoSW,iAOLpKG,JQFp
CoSW,Xgd,DBgpSbVyBy,CoSW,Xgd,DBgpSbVyBy,Xgd,Zrwd,CoSW,DBgpSbVyBy,CoSW,iAOLpKG,JQFp
DBgpSbVyBy
CoSW,Xgd,DBgpSbVyBy,CoSW,Xgd,DBgpSbVyBy,Xgd,CoSW,DBgpSbVyBy,CoSW,iAOLpKG,CoSW
Xgd,DBgpSbVyBy,CoSW,Xgd,DBgpSbVyBy,Xgd,CoSW,DBgpSbVyBy,CoSW,iAOLpKG,CoSW
DBgpSbVyBy
Xgd
Xgd,DBgpSbVyBy,Xgd,DBgpSbVyBy,Xgd,CoSW,DBgpSbVyBy,CoSW,iAOLpKG,CoSW
Xgd
Xgd,DBgpSbVyBy,Xgd,DBgpSbVyBy,Xgd,CoSW,DBgpSbVyBy,CoSW,iAOLpKG,CoSW,Xgd
Xgd,DBgpSbVyBy,Xgd,DBgpSbVyBy,Xgd,CoSW,DBgpSbVyBy,CoSW,iAOLpKG,CoSW
Xgd,DBgpSbVyBy,Xgd,DBgpSbVyBy,Xgd,CoSW,DBgpSbVyBy,CoSW,iAOLpKG,CoSW
Xgd
DBgpSbVyBy
DBgpSbVyBy
DBgpSbVyBy
Xgd
DBgpSbVyBy
Xgd,Xgd,DBgpSbVyBy,DBgpSbVyBy,Xgd,CoSW,DBgpSbVyBy,CoSW,iAOLpKG,CoSW,nb,dGK,TZxUFmXu,CoSW,Xgd
Xgd,DBgpSbVyBy,Xgd,DBgpSbVyBy,Xgd,CoSW,DBgpSbVyBy,CoSW,iAOLpKG,CoSW,nb,dGK,TZxUFmXu,CoSW,Xgd,JQFp,Zrwd
Xgd,DBgpSbVyBy,Xgd,DBgpSbVyBy,Xgd,CoSW,DBgpSbVyBy,CoSW,iAOLpKG,CoSW,nb,dGK,TZxUFmXu,CoSW,Xgd,JQFp,Zrwd
Jedi Wagner, assuma o comando!