Toque! Toque, Dijê!
Toque! Toque, Dijê!
FqV
Toque! Toque, Dijê!
[vazia]
Toque! Toque, Dijê!
[vazia]
Toque! Toque, Dijê!
[vazia]
Toque! Toque, Dijê!
Toque! Toque, Dijê!
Toque! Toque, Dijê!
[vazia]
[vazia]
juHrL
juHrL
Toque! Toque, Dijê!
FqV
HgvICWlu
HgvICWlu
HgvICWlu
q
q
Toque! Toque, Dijê!
Toque! Toque, Dijê!
[vazia]
sQCcT,juHrL
sQCcT
sQCcT
sQCcT
sQCcT,juHrL,bLT
juHrL
juHrL
bLT
sQCcT,bLT,juHrL,q,sQCcT
juHrL
juHrL
juHrL
sQCcT
sQCcT,bLT
juHrL
juHrL
sQCcT,bLT,juHrL
sQCcT,HgvICWlu,FqV
sQCcT
sQCcT
sQCcT,bLT,juHrL,sQCcT
juHrL
sQCcT,bLT,juHrL,OsqdgaGj
juHrL
juHrL
sQCcT,bLT,juHrL,OsqdgaGj
sQCcT,bLT,juHrL,OsqdgaGj
juHrL
juHrL
sQCcT,bLT,OsqdgaGj,q
OsqdgaGj
OsqdgaGj
sQCcT,q,OsqdgaGj
sQCcT,q,OsqdgaGj
sQCcT,q,OsqdgaGj,FqV
q
q
sQCcT,q,OsqdgaGj,FqV
OsqdgaGj
OsqdgaGj
OsqdgaGj
sQCcT,q,OsqdgaGj,FqV,q
sQCcT,q,OsqdgaGj,FqV,q
FqV
FqV
FqV,sQCcT,q,OsqdgaGj,q
FqV
FqV,sQCcT,q,OsqdgaGj,q
sQCcT
sQCcT
sQCcT,q,OsqdgaGj,FqV,q
q,OsqdgaGj,FqV,q
q,OsqdgaGj,FqV,q,juHrL
FqV
FqV
FqV
OsqdgaGj,FqV,q,juHrL,OsqdgaGj,bLT,HgvICWlu
OsqdgaGj,FqV,juHrL,OsqdgaGj,HgvICWlu,q,FqV
OsqdgaGj,FqV,HgvICWlu,juHrL,OsqdgaGj,q,FqV,bLT
HgvICWlu
HgvICWlu,q,FqV,juHrL,OsqdgaGj,FqV
HgvICWlu,q,FqV,juHrL,OsqdgaGj,FqV
FqV
q,FqV,juHrL,OsqdgaGj,FqV,bLT
FqV
q,FqV,juHrL,OsqdgaGj,FqV,bLT,HgvICWlu
FqV
q,FqV,juHrL,OsqdgaGj,FqV,bLT,HgvICWlu,Jn,qeMkwzl
FqV
HgvICWlu,q,FqV,juHrL,OsqdgaGj,FqV
HgvICWlu,q,FqV,juHrL,OsqdgaGj,FqV,Jn,sQCcT
HgvICWlu,q,FqV,juHrL,OsqdgaGj,FqV,Jn,sQCcT
FqV
FqV
OsqdgaGj
HgvICWlu,q,OsqdgaGj,FqV,juHrL,FqV,Jn,sQCcT,FqV
HgvICWlu,q,OsqdgaGj,FqV,juHrL,FqV,Jn,sQCcT,FqV
juHrL
HgvICWlu,q,OsqdgaGj,juHrL,FqV,Jn,sQCcT,FqV
juHrL
HgvICWlu,q,OsqdgaGj,juHrL,FqV,Jn,sQCcT,FqV,qeMkwzl,HgvICWlu
Jn
juHrL
HgvICWlu,q,OsqdgaGj,FqV,juHrL,Jn,sQCcT,FqV,qeMkwzl,HgvICWlu
HgvICWlu,q,OsqdgaGj,FqV,juHrL,Jn,sQCcT,FqV,qeMkwzl,HgvICWlu
Jn
Jn
sQCcT
HgvICWlu,FqV,Jn,sQCcT,q,juHrL,FqV,qeMkwzl,HgvICWlu,HgvICWlu,OsqdgaGj,OsqdgaGj
HgvICWlu,FqV,Jn,sQCcT,juHrL,FqV,qeMkwzl,HgvICWlu,HgvICWlu,OsqdgaGj,qeMkwzl,OsqdgaGj
sQCcT
FqV
qeMkwzl
HgvICWlu,Jn,sQCcT,qeMkwzl,juHrL,FqV,HgvICWlu,HgvICWlu,qeMkwzl,OsqdgaGj,sQCcT,q
qeMkwzl
qeMkwzl
HgvICWlu,q,FqV,Jn,sQCcT,juHrL,FqV,qeMkwzl,HgvICWlu,HgvICWlu,OsqdgaGj,FqV
HgvICWlu,q,FqV,Jn,sQCcT,juHrL,FqV,qeMkwzl,HgvICWlu,HgvICWlu,OsqdgaGj,FqV
sQCcT
sQCcT
HgvICWlu,FqV,Jn,sQCcT,juHrL,FqV,qeMkwzl,HgvICWlu,HgvICWlu,OsqdgaGj,FqV,qeMkwzl,bLT
juHrL
juHrL
juHrL
HgvICWlu,q,FqV,Jn,sQCcT,juHrL,FqV,qeMkwzl,HgvICWlu,HgvICWlu,OsqdgaGj,OsqdgaGj
juHrL
juHrL
juHrL
juHrL
juHrL
FqV
HgvICWlu,q,Jn,sQCcT,juHrL,FqV,FqV,qeMkwzl,HgvICWlu,HgvICWlu,OsqdgaGj,OsqdgaGj
HgvICWlu,q,Jn,sQCcT,FqV,FqV,qeMkwzl,HgvICWlu,HgvICWlu,OsqdgaGj,OsqdgaGj,HgvICWlu
HgvICWlu,q,Jn,sQCcT,FqV,FqV,qeMkwzl,HgvICWlu,HgvICWlu,OsqdgaGj,OsqdgaGj,HgvICWlu
HgvICWlu,q,FqV,Jn,sQCcT,juHrL,FqV,qeMkwzl,HgvICWlu,HgvICWlu,OsqdgaGj,OsqdgaGj
HgvICWlu
q,FqV,Jn,sQCcT,juHrL,HgvICWlu,FqV,qeMkwzl,HgvICWlu,HgvICWlu,OsqdgaGj,OsqdgaGj
HgvICWlu
q,FqV,Jn,sQCcT,juHrL,HgvICWlu,FqV,qeMkwzl,HgvICWlu,HgvICWlu,OsqdgaGj,OsqdgaGj,HgvICWlu
HgvICWlu
q,FqV,Jn,sQCcT,juHrL,OsqdgaGj,qeMkwzl,HgvICWlu,FqV,HgvICWlu,HgvICWlu,OsqdgaGj,HgvICWlu
sQCcT
sQCcT
Jn
HgvICWlu,juHrL,sQCcT,Jn,FqV,qeMkwzl,HgvICWlu,HgvICWlu,OsqdgaGj,OsqdgaGj,sQCcT
HgvICWlu,juHrL,sQCcT,qeMkwzl,Jn,FqV,HgvICWlu,HgvICWlu,OsqdgaGj,OsqdgaGj,sQCcT,q
HgvICWlu,juHrL,sQCcT,qeMkwzl,Jn,FqV,HgvICWlu,HgvICWlu,OsqdgaGj,OsqdgaGj,sQCcT,q
qeMkwzl
qeMkwzl
HgvICWlu,q,FqV,Jn,sQCcT,qeMkwzl,juHrL,FqV,HgvICWlu,HgvICWlu,OsqdgaGj,OsqdgaGj
qeMkwzl
qeMkwzl
HgvICWlu,FqV,Jn,qeMkwzl,q,sQCcT,juHrL,FqV,HgvICWlu,HgvICWlu,OsqdgaGj,OsqdgaGj,OsqdgaGj,HgvICWlu
q
q
HgvICWlu,FqV,Jn,qeMkwzl,q,sQCcT,juHrL,FqV,HgvICWlu,HgvICWlu,OsqdgaGj,OsqdgaGj,OsqdgaGj,HgvICWlu
q
q
HgvICWlu,FqV,Jn,qeMkwzl,q,sQCcT,juHrL,FqV,HgvICWlu,HgvICWlu,OsqdgaGj,OsqdgaGj,OsqdgaGj,HgvICWlu,q
HgvICWlu,FqV,Jn,qeMkwzl,q,sQCcT,juHrL,FqV,HgvICWlu,HgvICWlu,OsqdgaGj,OsqdgaGj,OsqdgaGj,HgvICWlu,q
juHrL
Jedi Wagner, assuma o comando!