Yzt
Yzt
Yzt
Yzt,PHLlggN
Yzt
Yzt
Toque! Toque, Dijê!
vSmhYUPk
[vazia]
Toque! Toque, Dijê!
[vazia]
Toque! Toque, Dijê!
[vazia]
[vazia]
[vazia]
Yzt,mfZrTfOgi
Yzt
Yzt
mfZrTfOgi
mfZrTfOgi
Yzt,mfZrTfOgi,ntX,mfZrTfOgi
Yzt,ntX,mfZrTfOgi
Yzt,ntX,mfZrTfOgi
Yzt,ntX,mfZrTfOgi
Yzt
Yzt,ntX,mfZrTfOgi,mfZrTfOgi
Yzt,mfZrTfOgi,mfZrTfOgi,ntX,Yzt,vSmhYUPk
Yzt,mfZrTfOgi,mfZrTfOgi,ntX,Yzt,vSmhYUPk
Yzt,mfZrTfOgi,mfZrTfOgi,ntX,Yzt,vSmhYUPk
Yzt
Yzt
Yzt
Yzt,mfZrTfOgi,mfZrTfOgi,ntX,Yzt,vSmhYUPk,Yzt,PHLlggN
Yzt,mfZrTfOgi,ntX,Yzt,vSmhYUPk,Yzt,ntX
Yzt,mfZrTfOgi,ntX,Yzt,vSmhYUPk,Yzt,ntX,PHLlggN
Yzt,mfZrTfOgi,ntX,Yzt,vSmhYUPk,Yzt,ntX,PHLlggN
mfZrTfOgi
mfZrTfOgi,ntX,Yzt,vSmhYUPk,Yzt,ntX
Yzt
Yzt
Yzt
ntX
ntX,Yzt,mfZrTfOgi,Yzt
mfZrTfOgi
Yzt
ntX
Yzt,Yzt,ntX,vSmhYUPk,vSmhYUPk,PHLlggN
Yzt
Yzt
Yzt
vSmhYUPk
Yzt,Yzt,vSmhYUPk,vSmhYUPk
vSmhYUPk
Yzt,Yzt,vSmhYUPk,vSmhYUPk
vSmhYUPk
Yzt
Yzt
Yzt
Yzt
Yzt,Yzt,vSmhYUPk,vSmhYUPk
Yzt,Yzt,vSmhYUPk,vSmhYUPk,PHLlggN
Yzt,Yzt,vSmhYUPk,vSmhYUPk,PHLlggN
Yzt,Yzt,vSmhYUPk,vSmhYUPk,PHLlggN
Yzt
Yzt,vSmhYUPk,Yzt,vSmhYUPk,PHLlggN,ob,ob
Yzt,vSmhYUPk,Yzt,vSmhYUPk,PHLlggN,ob
Yzt
Yzt,Yzt,vSmhYUPk,vSmhYUPk
Yzt,Yzt,vSmhYUPk,vSmhYUPk
Yzt
Yzt
vSmhYUPk
vSmhYUPk
vSmhYUPk
Yzt,vSmhYUPk,vSmhYUPk,ob,Yzt,vSmhYUPk
vSmhYUPk
Yzt,Yzt,vSmhYUPk,vSmhYUPk,ob,Yzt,ntX,Yzt
Yzt,Yzt,vSmhYUPk,vSmhYUPk,ob,Yzt,ntX,Yzt
Yzt,vSmhYUPk,vSmhYUPk,ob,Yzt
Yzt,vSmhYUPk,vSmhYUPk,ob,Yzt
vSmhYUPk
vSmhYUPk
vSmhYUPk
Yzt,Yzt,vSmhYUPk,vSmhYUPk,ob,Yzt,mfZrTfOgi,vSmhYUPk,ntX
Yzt,vSmhYUPk,Yzt,vSmhYUPk,Yzt,vSmhYUPk,ntX
Yzt,vSmhYUPk,Yzt,vSmhYUPk,Yzt,vSmhYUPk,ntX
vSmhYUPk
Yzt
Yzt
Yzt,Yzt,vSmhYUPk,vSmhYUPk,ob,Yzt,vSmhYUPk,ntX,ob
Yzt
Yzt
Yzt,Yzt,vSmhYUPk,vSmhYUPk,ob,Yzt,vSmhYUPk,ntX,ob,Yzt
Yzt
Yzt,Yzt,vSmhYUPk,vSmhYUPk,ob,Yzt,mfZrTfOgi,vSmhYUPk,ntX
Yzt
Yzt,Yzt,vSmhYUPk,vSmhYUPk,ob,Yzt,vSmhYUPk,PHLlggN,Yzt,vSmhYUPk
Yzt,Yzt,vSmhYUPk,vSmhYUPk,ob,Yzt,vSmhYUPk,PHLlggN,Yzt,vSmhYUPk
Yzt,Yzt,vSmhYUPk,vSmhYUPk,ob,Yzt,vSmhYUPk,PHLlggN,Yzt,vSmhYUPk,ntX
Yzt,Yzt,vSmhYUPk,vSmhYUPk,ob,Yzt,vSmhYUPk,PHLlggN,Yzt,vSmhYUPk,ntX
Yzt,Yzt,vSmhYUPk,vSmhYUPk,ob,Yzt,vSmhYUPk,PHLlggN,Yzt,vSmhYUPk,ntX
vSmhYUPk
ntX
Yzt,Yzt,vSmhYUPk,ob,Yzt,vSmhYUPk,Yzt,vSmhYUPk,ntX
Jedi Wagner, assuma o comando!