PWoeX
PWoeX,xhKoZVW
PWoeX
Toque! Toque, Dijê!
D
[vazia]
Toque! Toque, Dijê!
[vazia]
Toque! Toque, Dijê!
[vazia]
[vazia]
[vazia]
[vazia]
Toque! Toque, Dijê!
SlH
[vazia]
[vazia]
bpwCbr
Kx,D
Kx,D
Kx
xhKoZVW
xhKoZVW
[vazia]
[vazia]
a
xhKoZVW
a,fSfOI,a,xhKoZVW,sM
fSfOI,xhKoZVW,sM,a,a,xhKoZVW
a
a
a
fSfOI,a,xhKoZVW
a
fSfOI,a,xhKoZVW,fSfOI,a,Kx,PWoeX
a
fSfOI,a,xhKoZVW,fSfOI,a,Kx,PWoeX,PWoeX
fSfOI,a,xhKoZVW,fSfOI,a,Kx,PWoeX,PWoeX
a,fSfOI,a,xhKoZVW,sM
sM
a
fSfOI
a
a
a
a
fSfOI,a,a,xhKoZVW,sM,D,a
fSfOI,a,a,xhKoZVW,sM,D,a,sM
fSfOI,a,a,xhKoZVW,sM,D,a,sM
fSfOI,a,a,xhKoZVW,sM,D,a,sM
a
fSfOI,a,a,xhKoZVW,sM,D,a
fSfOI,a,D,a,xhKoZVW,sM,a
fSfOI,a,D,a,xhKoZVW,sM,a
fSfOI,a,D,a,xhKoZVW,sM,a
D
D
fSfOI,a,D,a,xhKoZVW,sM,a
D
a,D,sM,fSfOI,a,xhKoZVW,a,fSfOI
D
a,D,sM,fSfOI,a,xhKoZVW,a,fSfOI
D
fSfOI,a,a,xhKoZVW,sM,D,a
fSfOI,a,a,xhKoZVW,sM,D,a
a
fSfOI,a,a,xhKoZVW,sM,D,a
fSfOI,a,a,xhKoZVW,sM,D,a
fSfOI,a,a,xhKoZVW,sM,D,a
fSfOI,a,a,xhKoZVW,sM,D,a
a
a
fSfOI,a,a,xhKoZVW,sM,a
a
xhKoZVW
fSfOI,a,xhKoZVW,a,sM,a,bpwCbr,xhKoZVW
a
fSfOI,a,a,xhKoZVW,sM,D,a,SlH
fSfOI,a,a,xhKoZVW,sM,D,a,SlH
fSfOI,a,a,xhKoZVW,sM,D,a,SlH
sM,a,xhKoZVW,D,a,Kx,D
sM,D,a,xhKoZVW,a,Kx,D
sM,D,a,xhKoZVW,a,Kx,D,a
sM,D,a,xhKoZVW,a,Kx,D,a
D
sM,D,a,xhKoZVW,a,Kx,D,a
sM,D,a,xhKoZVW,a,Kx,D,a,a,PWoeX
sM,D,a,xhKoZVW,a,Kx,D,a,a,PWoeX,D
sM,D,a,xhKoZVW,a,Kx,D,a,a,PWoeX,D,SlH
sM,D,a,xhKoZVW,a,Kx,D,a,a,PWoeX,D,SlH
Jedi Wagner, assuma o comando!