Toque! Toque, Dijê!
[vazia]
Toque! Toque, Dijê!
Toque! Toque, Dijê!
UUWXVJoq,nL
UUWXVJoq,nL,zhiaKhlLl
UUWXVJoq
UUWXVJoq,nL,zhiaKhlLl
UUWXVJoq
UUWXVJoq,nL,zhiaKhlLl
UUWXVJoq
UUWXVJoq,nL,zhiaKhlLl
UUWXVJoq,nL,zhiaKhlLl
nL
UUWXVJoq,nL,zhiaKhlLl
nL
UUWXVJoq,nL,zhiaKhlLl,UUWXVJoq
nL
nL
nL
UUWXVJoq,nL,zhiaKhlLl
UUWXVJoq,nL,zhiaKhlLl
nL
UUWXVJoq,zhiaKhlLl,nL
UUWXVJoq,nL,zhiaKhlLl
UUWXVJoq,nL,zhiaKhlLl
UUWXVJoq,zhiaKhlLl,nL,vtJ
UUWXVJoq,nL,vtJ,zhiaKhlLl
zhiaKhlLl
zhiaKhlLl
UUWXVJoq,nL,vtJ,zhiaKhlLl
zhiaKhlLl
UUWXVJoq,nL,zhiaKhlLl,vtJ
zhiaKhlLl
zhiaKhlLl
UUWXVJoq,nL,vtJ,zhiaKhlLl
zhiaKhlLl
UUWXVJoq,nL,vtJ,zhiaKhlLl,UUWXVJoq
UUWXVJoq,nL,vtJ,zhiaKhlLl,UUWXVJoq
zhiaKhlLl
zhiaKhlLl
zhiaKhlLl
zhiaKhlLl
UUWXVJoq
UUWXVJoq,nL,zhiaKhlLl,vtJ
UUWXVJoq
UUWXVJoq,nL,zhiaKhlLl,nL
nL
nL
nL
UUWXVJoq,nL,zhiaKhlLl,nL,nL
UUWXVJoq,nL,zhiaKhlLl,nL,nL
UUWXVJoq,nL,zhiaKhlLl,nL,nL
nL,zhiaKhlLl,nL,nL
nL,zhiaKhlLl,nL,nL
zhiaKhlLl
nL
nL
nL
zhiaKhlLl,nL,nL,nL,UUWXVJoq,zhiaKhlLl
zhiaKhlLl,nL,nL,nL,UUWXVJoq,zhiaKhlLl
zhiaKhlLl
nL
nL
UUWXVJoq,nL,zhiaKhlLl,nL,nL,TmpqMUNSBA,zhiaKhlLl,zhiaKhlLl,zEklDACJcs
UUWXVJoq,nL,zhiaKhlLl,nL,nL,TmpqMUNSBA,zhiaKhlLl,zhiaKhlLl,zEklDACJcs,UUWXVJoq
UUWXVJoq,nL,zhiaKhlLl,nL,nL,zhiaKhlLl,TmpqMUNSBA,zhiaKhlLl,zEklDACJcs
TmpqMUNSBA
nL,zhiaKhlLl,nL,nL,zhiaKhlLl,TmpqMUNSBA,UUWXVJoq,zhiaKhlLl,zEklDACJcs
UUWXVJoq,nL,zhiaKhlLl,nL,nL,zhiaKhlLl,TmpqMUNSBA,zhiaKhlLl,zEklDACJcs,vtJ
UUWXVJoq,nL,nL,nL,zhiaKhlLl,TmpqMUNSBA,zhiaKhlLl,zhiaKhlLl,zEklDACJcs,vtJ
TmpqMUNSBA
TmpqMUNSBA
TmpqMUNSBA
UUWXVJoq,nL,zhiaKhlLl,nL,nL,zhiaKhlLl,TmpqMUNSBA,zhiaKhlLl,zEklDACJcs,UUWXVJoq,TmpqMUNSBA
UUWXVJoq,nL,zhiaKhlLl,nL,nL,zhiaKhlLl,TmpqMUNSBA,zhiaKhlLl,zEklDACJcs,UUWXVJoq,TmpqMUNSBA
UUWXVJoq,nL,zhiaKhlLl,nL,nL,zhiaKhlLl,TmpqMUNSBA,zhiaKhlLl,zEklDACJcs
UUWXVJoq,nL,zhiaKhlLl,nL,nL,zhiaKhlLl,TmpqMUNSBA,zhiaKhlLl,UUWXVJoq
nL,zhiaKhlLl,nL,nL,zhiaKhlLl,TmpqMUNSBA,zhiaKhlLl,UUWXVJoq,UUWXVJoq,vtJ
zhiaKhlLl
nL,zhiaKhlLl,nL,nL,zhiaKhlLl,TmpqMUNSBA,zhiaKhlLl,UUWXVJoq,UUWXVJoq,vtJ,vtJ
TmpqMUNSBA
zhiaKhlLl
nL,zhiaKhlLl,nL,nL,zhiaKhlLl,TmpqMUNSBA,zhiaKhlLl,UUWXVJoq,UUWXVJoq,vtJ,UUWXVJoq
zhiaKhlLl
nL,zhiaKhlLl,nL,nL,zhiaKhlLl,TmpqMUNSBA,zhiaKhlLl,UUWXVJoq,UUWXVJoq,vtJ,UUWXVJoq
nL,zhiaKhlLl,nL,nL,zhiaKhlLl,TmpqMUNSBA,zhiaKhlLl,UUWXVJoq,UUWXVJoq,vtJ,UUWXVJoq
nL,zhiaKhlLl,nL,nL,zhiaKhlLl,zhiaKhlLl,TmpqMUNSBA,UUWXVJoq,UUWXVJoq,vtJ,UUWXVJoq,TmpqMUNSBA
UUWXVJoq
UUWXVJoq
Jedi Wagner, assuma o comando!