JeVtisQ,S
Toque! Toque, Dijê!
Toque! Toque, Dijê!
S
S
S
S
S
S
S
S,NnS,S,JeVtisQ,JeVtisQ
S,NnS,S,JeVtisQ,JeVtisQ
S
S
S
S
S
S
S
S,S
S,S
S,S,JeVtisQ,S
S
S,JeVtisQ,JeVtisQ
S
S
S,XmIkk,NnS,XmIkk
XmIkk
XmIkk
XmIkk
S,XmIkk,NnS,XmIkk
XmIkk
XmIkk
S,XmIkk,NnS,XmIkk,JeVtisQ
NnS
S,XmIkk,NnS,XmIkk,JeVtisQ
S,XmIkk,NnS,XmIkk,JeVtisQ
S,XmIkk,NnS,XmIkk,JeVtisQ
S,XmIkk,NnS,XmIkk
S,XmIkk,NnS,XmIkk
NnS
S,XmIkk,NnS,XmIkk
NnS
S,XmIkk,NnS,XmIkk,S
S,XmIkk,NnS,XmIkk,S
NnS
S
XmIkk,XmIkk,NnS,S,XmIkk
XmIkk
XmIkk,XmIkk,NnS,S
XmIkk,NnS,S
XmIkk,S
XmIkk,S,S
XmIkk,S,S
XmIkk
XmIkk,S,S
XmIkk
XmIkk
XmIkk,S,S
NnS
NnS
XmIkk,XmIkk,NnS,S
XmIkk,NnS,S,XmIkk,NnS
XmIkk,NnS,S,XmIkk,NnS
XmIkk,NnS,S,XmIkk,NnS
XmIkk,NnS,S,XmIkk,NnS,NnS
XmIkk,NnS,S,XmIkk,NnS,NnS
NnS
NnS
NnS
NnS
NnS,S,XmIkk,NnS,XmIkk,NnS,XmIkk,JeVtisQ
XmIkk
NnS,XmIkk,NnS,XmIkk,NnS,XmIkk,JeVtisQ
NnS
NnS,S,XmIkk,NnS,XmIkk,NnS,XmIkk,JeVtisQ,S
S,NnS,XmIkk,NnS,XmIkk,JeVtisQ,S
S,NnS,XmIkk,NnS,XmIkk,JeVtisQ,S
S
NnS
NnS
NnS
S,XmIkk,NnS,XmIkk,NnS,NnS,XmIkk,JeVtisQ,S
S
S
S
S
S
S,XmIkk,XmIkk,JeVtisQ,XmIkk,S
S
JeVtisQ
JeVtisQ
JeVtisQ
S
XmIkk
XmIkk,XmIkk,NnS,JeVtisQ,NnS,XmIkk,S,XmIkk,S,S
S
XmIkk,NnS,JeVtisQ,NnS,XmIkk,S,XmIkk,S,XmIkk,S,S
XmIkk,NnS,JeVtisQ,NnS,XmIkk,XmIkk,S,XmIkk,S,S
JeVtisQ,NnS,XmIkk,XmIkk,S,XmIkk,XmIkk,NnS,S,S
S,XmIkk,NnS,JeVtisQ,NnS,XmIkk,S,XmIkk,S,NnS
XmIkk
S,XmIkk,XmIkk,NnS,JeVtisQ,NnS,XmIkk,S,XmIkk,S
XmIkk
S,XmIkk,XmIkk,NnS,JeVtisQ,NnS,XmIkk,S,XmIkk,S
XmIkk
S,XmIkk,NnS,JeVtisQ,NnS,XmIkk,S,XmIkk,XmIkk,S
S,XmIkk,NnS,NnS,XmIkk,S,XmIkk,XmIkk,JeVtisQ,S,NnS
S,XmIkk,NnS,NnS,XmIkk,S,XmIkk,XmIkk,JeVtisQ,S,NnS
JeVtisQ
S,NnS,NnS,XmIkk,S,XmIkk,XmIkk,JeVtisQ,XmIkk,S,NnS
S,NnS,S,XmIkk,XmIkk,JeVtisQ,XmIkk,S,NnS,JeVtisQ
JeVtisQ
S
S
S
S
S,XmIkk,NnS,XmIkk,S,XmIkk,XmIkk,S,NnS,JeVtisQ,JeVtisQ
S
S,NnS,XmIkk,S,XmIkk,XmIkk,JeVtisQ,S,NnS,JeVtisQ
S,NnS,XmIkk,S,XmIkk,XmIkk,JeVtisQ,S,NnS,JeVtisQ
JeVtisQ
S
S
S
S,XmIkk,NnS,XmIkk,S,XmIkk,XmIkk,JeVtisQ,S,NnS,JeVtisQ,S
NnS
XmIkk,XmIkk,S,XmIkk,XmIkk,S,NnS,JeVtisQ,S
S,XmIkk,NnS,XmIkk,S,XmIkk,XmIkk,JeVtisQ,S,NnS,JeVtisQ
NnS,XmIkk,S,XmIkk,XmIkk,JeVtisQ,S,NnS,JeVtisQ
NnS
NnS,XmIkk,S,XmIkk,XmIkk,JeVtisQ,S,NnS,JeVtisQ
NnS
NnS
NnS,XmIkk,S,XmIkk,XmIkk,S,NnS,JeVtisQ,JeVtisQ,XmIkk
NnS,XmIkk,S,XmIkk,XmIkk,S,NnS,JeVtisQ,JeVtisQ,XmIkk
XmIkk
NnS
S,XmIkk,NnS,XmIkk,S,XmIkk,XmIkk,JeVtisQ,S,NnS,JeVtisQ,S,XmIkk
S,XmIkk,NnS,XmIkk,S,XmIkk,XmIkk,JeVtisQ,S,NnS,JeVtisQ,S,XmIkk,JeVtisQ
S
S,XmIkk,NnS,XmIkk,S,XmIkk,XmIkk,JeVtisQ,S,NnS,JeVtisQ,S,XmIkk,JeVtisQ
S
S
S
S,NnS,XmIkk,S,XmIkk,XmIkk,JeVtisQ,S,NnS,JeVtisQ,S,XmIkk,XmIkk,JeVtisQ
NnS,XmIkk,XmIkk,XmIkk,S,NnS,JeVtisQ,S,XmIkk,JeVtisQ,XmIkk,JeVtisQ
JeVtisQ
JeVtisQ
S
S
S
XmIkk,XmIkk,S,XmIkk,XmIkk,S,S,JeVtisQ,S,JeVtisQ,XmIkk,JeVtisQ,JeVtisQ,NnS,S,S
S
XmIkk,XmIkk,XmIkk,XmIkk,S,S,S,JeVtisQ,S,JeVtisQ,XmIkk,JeVtisQ,JeVtisQ,NnS,S,S,XmIkk,S
JeVtisQ
XmIkk,XmIkk,XmIkk,XmIkk,S,S,S,JeVtisQ,S,JeVtisQ,XmIkk,JeVtisQ,JeVtisQ,NnS,S,S,XmIkk,S
XmIkk,XmIkk,XmIkk,XmIkk,S,S,JeVtisQ,S,JeVtisQ,XmIkk,JeVtisQ,JeVtisQ,NnS,S,S,XmIkk,S
XmIkk,XmIkk,XmIkk,XmIkk,S,S,JeVtisQ,S,JeVtisQ,XmIkk,JeVtisQ,JeVtisQ,NnS,S,S,XmIkk,S,S
JeVtisQ
XmIkk,XmIkk,XmIkk,XmIkk,S,S,JeVtisQ,S,JeVtisQ,XmIkk,JeVtisQ,JeVtisQ,NnS,S,S,XmIkk,S,S
XmIkk,XmIkk,XmIkk,XmIkk,S,S,JeVtisQ,S,JeVtisQ,XmIkk,JeVtisQ,JeVtisQ,NnS,S,S,XmIkk,S,S
XmIkk,XmIkk,XmIkk,XmIkk,S,S,JeVtisQ,S,JeVtisQ,XmIkk,JeVtisQ,JeVtisQ,NnS,S,S,XmIkk,S,S
XmIkk,XmIkk,XmIkk,XmIkk,S,S,NnS,JeVtisQ,S,JeVtisQ,XmIkk,JeVtisQ,JeVtisQ,S,S,XmIkk,S,S
XmIkk,XmIkk,XmIkk,XmIkk,S,S,S,JeVtisQ,S,JeVtisQ,XmIkk,JeVtisQ,JeVtisQ,NnS,S,S,XmIkk,S
JeVtisQ
XmIkk,XmIkk,XmIkk,XmIkk,S,S,S,JeVtisQ,S,JeVtisQ,XmIkk,JeVtisQ,JeVtisQ,NnS,S,S,XmIkk,S
JeVtisQ
XmIkk,XmIkk,XmIkk,XmIkk,S,S,S,JeVtisQ,S,JeVtisQ,XmIkk,JeVtisQ,JeVtisQ,NnS,S,S,XmIkk,S
JeVtisQ
XmIkk,XmIkk,XmIkk,XmIkk,S,S,S,JeVtisQ,S,JeVtisQ,XmIkk,JeVtisQ,JeVtisQ,S,S,XmIkk,S
XmIkk,XmIkk,XmIkk,S,S,S,JeVtisQ,S,JeVtisQ,XmIkk,JeVtisQ,JeVtisQ,NnS,S,S,XmIkk,S,JeVtisQ
XmIkk,XmIkk,XmIkk,S,S,S,JeVtisQ,XmIkk,S,JeVtisQ,XmIkk,JeVtisQ,JeVtisQ,S,S,XmIkk,S
XmIkk
XmIkk,XmIkk,XmIkk,S,S,S,XmIkk,S,JeVtisQ,XmIkk,JeVtisQ,JeVtisQ,S,S,XmIkk,S
S
S
S
XmIkk,XmIkk,XmIkk,S,S,XmIkk,S,S,XmIkk,JeVtisQ,JeVtisQ,S,S,XmIkk,S
JeVtisQ
XmIkk,XmIkk,S,S,XmIkk,S,S,JeVtisQ,XmIkk,XmIkk,JeVtisQ,S,S,XmIkk,S
JeVtisQ
JeVtisQ
XmIkk,XmIkk,XmIkk,S,S,XmIkk,S,JeVtisQ,XmIkk,JeVtisQ,JeVtisQ,S,S,XmIkk,S,JeVtisQ,XmIkk,S
XmIkk,XmIkk,XmIkk,S,S,XmIkk,S,XmIkk,JeVtisQ,JeVtisQ,S,S,XmIkk,S,JeVtisQ,XmIkk,S,NnS
XmIkk,XmIkk,XmIkk,S,S,XmIkk,S,XmIkk,JeVtisQ,JeVtisQ,S,S,XmIkk,S,JeVtisQ,XmIkk,S,NnS
JeVtisQ
XmIkk,XmIkk,XmIkk,S,S,XmIkk,S,XmIkk,JeVtisQ,JeVtisQ,S,S,XmIkk,S,JeVtisQ,XmIkk,S,NnS
JeVtisQ
JeVtisQ
XmIkk,XmIkk,XmIkk,S,S,XmIkk,S,XmIkk,JeVtisQ,JeVtisQ,S,S,XmIkk,S,JeVtisQ,XmIkk,S,NnS,S
XmIkk,XmIkk,XmIkk,S,S,XmIkk,S,XmIkk,JeVtisQ,JeVtisQ,S,S,XmIkk,S,JeVtisQ,XmIkk,S,NnS,S,XmIkk
JeVtisQ
XmIkk,XmIkk,XmIkk,S,S,XmIkk,S,XmIkk,JeVtisQ,JeVtisQ,S,S,XmIkk,S,JeVtisQ,XmIkk,S,NnS
XmIkk,XmIkk,XmIkk,S,S,XmIkk,S,XmIkk,JeVtisQ,JeVtisQ,S,S,XmIkk,S,JeVtisQ,XmIkk,S,NnS
JeVtisQ
JeVtisQ
JeVtisQ
JeVtisQ
JeVtisQ
S
S
XmIkk,XmIkk,XmIkk,S,XmIkk,S,XmIkk,JeVtisQ,S,JeVtisQ,S,S,XmIkk,S,JeVtisQ,XmIkk,S
XmIkk,XmIkk,XmIkk,S,XmIkk,S,XmIkk,S,S,S,XmIkk,S,JeVtisQ,XmIkk,S,JeVtisQ
S
S
XmIkk,XmIkk,XmIkk,S,XmIkk,JeVtisQ,S,S,XmIkk,JeVtisQ,S,S,XmIkk,S,JeVtisQ,XmIkk,S
XmIkk
Jedi Wagner, assuma o comando!