[vazia]
tQ
tQ
tQ
tQ
tQ
tQ
tQ
tQ
tQ,tQ,NMNAs
tQ,tQ,NMNAs,A
tQ
tQ
tQ
tQ
tQ
tQ
tQ
tQ
tQ
eEOBSBatHK
eEOBSBatHK
tQ,eEOBSBatHK,JjtnNi,Fgdjz,JjtnNi,eEOBSBatHK,tQ,A
tQ,eEOBSBatHK,JjtnNi,Fgdjz,JjtnNi,eEOBSBatHK,tQ,A
tQ,eEOBSBatHK
eEOBSBatHK,tQ
tQ,eEOBSBatHK,Fgdjz
eEOBSBatHK
eEOBSBatHK,tQ
eEOBSBatHK
eEOBSBatHK,tQ
eEOBSBatHK
eEOBSBatHK,tQ
eEOBSBatHK
eEOBSBatHK
Fgdjz
Fgdjz
Fgdjz
eEOBSBatHK,Fgdjz
Fgdjz
eEOBSBatHK,Fgdjz
eEOBSBatHK
eEOBSBatHK
Fgdjz
Fgdjz
Fgdjz
Fgdjz
eEOBSBatHK,Fgdjz
eEOBSBatHK,Fgdjz
Fgdjz
eEOBSBatHK
eEOBSBatHK,Fgdjz
eEOBSBatHK,Fgdjz
eEOBSBatHK,Fgdjz
eEOBSBatHK,Fgdjz,tQ
Fgdjz
Fgdjz
Fgdjz
Fgdjz
Fgdjz
Fgdjz
eEOBSBatHK,Fgdjz,Fgdjz
Fgdjz
eEOBSBatHK,Fgdjz,Fgdjz
eEOBSBatHK,Fgdjz,Fgdjz,JjtnNi,JjtnNi,NMNAs
eEOBSBatHK,Fgdjz,Fgdjz,JjtnNi,JjtnNi,NMNAs
Fgdjz
eEOBSBatHK
Fgdjz
eEOBSBatHK,Fgdjz,tQ
eEOBSBatHK,Fgdjz,tQ
Fgdjz
eEOBSBatHK
eEOBSBatHK
eEOBSBatHK
eEOBSBatHK
eEOBSBatHK
eEOBSBatHK,Fgdjz
Fgdjz
Fgdjz
eEOBSBatHK,Fgdjz
Fgdjz
eEOBSBatHK,Fgdjz
eEOBSBatHK
eEOBSBatHK
eEOBSBatHK,Fgdjz
eEOBSBatHK
eEOBSBatHK,Fgdjz,JjtnNi
eEOBSBatHK
eEOBSBatHK,Fgdjz,NMNAs
eEOBSBatHK
eEOBSBatHK,Fgdjz
eEOBSBatHK
eEOBSBatHK,Fgdjz
eEOBSBatHK
eEOBSBatHK,Fgdjz
eEOBSBatHK,Fgdjz,Fgdjz
eEOBSBatHK,Fgdjz,Fgdjz,DWHIdl,NMNAs
eEOBSBatHK,Fgdjz,Fgdjz,DWHIdl,NMNAs
eEOBSBatHK
Fgdjz
Fgdjz
Jedi Wagner, assuma o comando!