[vazia]
[vazia]
[vazia]
woBX
woBX
woBX
woBX
woBX
woBX
vvkpIbfi
woBX,vvkpIbfi,woBX
woBX,vvkpIbfi,woBX
woBX,vvkpIbfi,woBX
woBX,vvkpIbfi,woBX,woBX
woBX,vvkpIbfi,woBX,woBX
woBX,vvkpIbfi,woBX,woBX
vvkpIbfi
woBX,vvkpIbfi,woBX,woBX
woBX,vvkpIbfi,woBX
woBX,vvkpIbfi,woBX,woBX
vvkpIbfi
vvkpIbfi,woBX,woBX,vvkpIbfi
woBX,vvkpIbfi,woBX,woBX,vvkpIbfi
vvkpIbfi
vvkpIbfi
vvkpIbfi
woBX,vvkpIbfi,woBX,woBX,vvkpIbfi,woBX,woBX
vvkpIbfi
vvkpIbfi
vvkpIbfi
vvkpIbfi
vvkpIbfi
vvkpIbfi
woBX,vvkpIbfi,woBX
woBX,vvkpIbfi,woBX
woBX,vvkpIbfi,woBX,i
woBX
woBX,vvkpIbfi,woBX,i
woBX,vvkpIbfi,i,woBX
woBX
woBX,vvkpIbfi,woBX,i
i
vvkpIbfi,woBX,i,woBX,woBX,i,vHBBHQag
woBX,vvkpIbfi,woBX,i,i
woBX,vvkpIbfi,woBX,i
woBX,vvkpIbfi,woBX,i
woBX,vvkpIbfi,woBX,i
woBX,woBX,vvkpIbfi,i,woBX
vvkpIbfi,woBX,i,woBX,i
woBX
vvkpIbfi,i,woBX,i
vvkpIbfi,i,woBX,i
vvkpIbfi,i,woBX,i,vHBBHQag
vvkpIbfi,i,woBX,i,vHBBHQag
i
vvkpIbfi,i,woBX,i,vHBBHQag
i
i
i
vvkpIbfi,i,woBX,i
vvkpIbfi,i,woBX,i
vvkpIbfi,i,woBX,i
vvkpIbfi,i,woBX,i
vvkpIbfi,i,woBX,i
woBX
vvkpIbfi,i,woBX,i
vvkpIbfi,i,woBX,i
woBX
vvkpIbfi,i,woBX,i,vHBBHQag,vHBBHQag
woBX
vvkpIbfi,i,woBX,i,vHBBHQag,vHBBHQag
vvkpIbfi,i,woBX,i
i
vvkpIbfi
i
i,i,vvkpIbfi
i
i,i,vvkpIbfi
i
i,i,vHBBHQag,vvkpIbfi,i,vvkpIbfi
i
i
i
i
i,i,vHBBHQag,vvkpIbfi,i,vvkpIbfi
i,i,vHBBHQag,vvkpIbfi,i,vvkpIbfi
i
i,i,vHBBHQag,vvkpIbfi,i,vvkpIbfi
i,i,vHBBHQag,vvkpIbfi,i,vvkpIbfi
i
i
i
i
i
i,vvkpIbfi,i,i,vvkpIbfi
i
i,vvkpIbfi,i,i,vvkpIbfi
i,vvkpIbfi,i,i,vvkpIbfi
i
i
i,vvkpIbfi,i,i,vvkpIbfi,i,vvkpIbfi
i
vvkpIbfi,i,i,vvkpIbfi,i,i,vvkpIbfi,vHBBHQag
vvkpIbfi
vvkpIbfi
vvkpIbfi
vvkpIbfi
vvkpIbfi
vvkpIbfi
i,i,woBX,vvkpIbfi,vvkpIbfi,i,i,i,vHBBHQag,vHBBHQag,vHBBHQag
i
i
i,i,woBX,vvkpIbfi,vvkpIbfi,i,i,i,vHBBHQag,vHBBHQag,vHBBHQag
i,i,woBX,vvkpIbfi,i,i,vvkpIbfi,i,vHBBHQag,vHBBHQag,vHBBHQag
i,i,woBX,vvkpIbfi,i,i,vvkpIbfi,i,vHBBHQag,vHBBHQag,vHBBHQag,i
i,i,woBX,vvkpIbfi,i,i,vvkpIbfi,i,vHBBHQag,vHBBHQag,vHBBHQag,i
vHBBHQag
i,i,woBX,vvkpIbfi,i,i,vvkpIbfi,i,vHBBHQag,vHBBHQag,vHBBHQag,i
i,i,woBX,vvkpIbfi,i,i,vvkpIbfi,i,vHBBHQag,vHBBHQag,vHBBHQag,i
i,woBX,vvkpIbfi,i,i,vvkpIbfi,i,vHBBHQag,vHBBHQag,vHBBHQag,i,i,vHBBHQag
vHBBHQag
woBX,i,i,vvkpIbfi,i,vHBBHQag,vHBBHQag,i,i,vvkpIbfi,vHBBHQag
vvkpIbfi
woBX,i,i,vvkpIbfi,i,vHBBHQag,vHBBHQag,i,i,vvkpIbfi,vHBBHQag,i
woBX,i,i,i,vHBBHQag,vHBBHQag,i,i,vvkpIbfi,vHBBHQag,i,vvkpIbfi
woBX,i,i,i,vHBBHQag,vHBBHQag,i,i,vvkpIbfi,vHBBHQag,i,vvkpIbfi
i
i
i
i,i,vHBBHQag,i,i,vHBBHQag,i,vHBBHQag,i,woBX,vHBBHQag,i,vHBBHQag
i,i,vHBBHQag,i,i,vHBBHQag,i,vHBBHQag,i,woBX,vHBBHQag,i,vHBBHQag
vHBBHQag
vvkpIbfi
woBX,i,i,i,vHBBHQag,vHBBHQag,i,i,vvkpIbfi,vHBBHQag,i,vvkpIbfi
i
woBX,i,i,vvkpIbfi,i,vHBBHQag,vHBBHQag,i,i,vvkpIbfi,vHBBHQag,i
vHBBHQag
woBX,i,vvkpIbfi,i,vHBBHQag,vHBBHQag,i,i,vvkpIbfi,vHBBHQag,i,vHBBHQag,i,woBX
woBX
vvkpIbfi
i,woBX,vHBBHQag,vHBBHQag,i,i,vHBBHQag,i,vHBBHQag,i,vHBBHQag
i,woBX,vHBBHQag,vHBBHQag,i,i,vHBBHQag,i,vHBBHQag,i,vHBBHQag
i,woBX,vHBBHQag,vHBBHQag,i,i,vHBBHQag,i,vHBBHQag,i,vHBBHQag,vvkpIbfi
i,woBX,vHBBHQag,vHBBHQag,i,i,vHBBHQag,i,vHBBHQag,i,vHBBHQag,vvkpIbfi,vvkpIbfi
i,vvkpIbfi,woBX,vHBBHQag,i,i,vHBBHQag,i,vHBBHQag,i,vHBBHQag,vvkpIbfi,i,woBX
woBX
woBX
woBX
woBX
woBX,i,i,vHBBHQag,vHBBHQag,i,i,vvkpIbfi,vHBBHQag,i,vHBBHQag,i,i
i
i,i,vHBBHQag,vHBBHQag,i,i,vvkpIbfi,vHBBHQag,i,vHBBHQag,i,i,vHBBHQag
i,i,vHBBHQag,vHBBHQag,i,i,vvkpIbfi,vHBBHQag,i,vHBBHQag,i,i,vHBBHQag
i
i,i,vHBBHQag,i,i,vHBBHQag,i,vHBBHQag,i,i,vHBBHQag
i,i,vHBBHQag,i,i,vHBBHQag,i,vHBBHQag,i,i,vHBBHQag
i,i,vHBBHQag,i,i,vHBBHQag,i,vHBBHQag,i,i,vHBBHQag,vvkpIbfi
i,i,vHBBHQag,i,i,vHBBHQag,i,vHBBHQag,i,i,vHBBHQag,vvkpIbfi,vHBBHQag,vHBBHQag
i
i,i,vHBBHQag,i,i,vHBBHQag,i,vHBBHQag,i,i,vHBBHQag,vvkpIbfi,vHBBHQag,vHBBHQag
i
i,i,vHBBHQag,i,i,vHBBHQag,i,vHBBHQag,i,i,vHBBHQag,vvkpIbfi,vHBBHQag,vHBBHQag,i
i
vHBBHQag
i
i
vHBBHQag
vHBBHQag
i
vHBBHQag,i,i,i,i,vHBBHQag,i,vHBBHQag,i,i,vHBBHQag,vHBBHQag,vHBBHQag,i,vvkpIbfi,vHBBHQag,vHBBHQag
vHBBHQag,i,i,i,i,vHBBHQag,i,vHBBHQag,i,i,vHBBHQag,vHBBHQag,vHBBHQag,i,vvkpIbfi,vHBBHQag,vHBBHQag
i
i
i
i
vHBBHQag,i,i,i,vHBBHQag,i,vHBBHQag,i,i,vHBBHQag,vvkpIbfi,vHBBHQag,vHBBHQag,i,vvkpIbfi,vHBBHQag,vHBBHQag,i
i
i,i,vHBBHQag,i,i,vHBBHQag,i,i,vHBBHQag,vvkpIbfi,vHBBHQag,vHBBHQag,i,vvkpIbfi,vHBBHQag,vHBBHQag,i
i,vHBBHQag,i,i,i,vHBBHQag,i,i,vHBBHQag,vvkpIbfi,vHBBHQag,vHBBHQag,i,vvkpIbfi,vHBBHQag,vHBBHQag,i,woBX
i
i
i,vHBBHQag,i,i,i,vHBBHQag,i,i,vHBBHQag,vvkpIbfi,vHBBHQag,vHBBHQag,i,vvkpIbfi,vHBBHQag,vHBBHQag,i
vHBBHQag
i,vHBBHQag,i,i,vHBBHQag,i,i,vHBBHQag,vvkpIbfi,vHBBHQag,vHBBHQag,i,vvkpIbfi,vHBBHQag,vHBBHQag,i
i
i
i
i
i
i,vHBBHQag,i,i,vHBBHQag,i,i,vHBBHQag,vvkpIbfi,vHBBHQag,vHBBHQag,i,vvkpIbfi,vHBBHQag,vHBBHQag,i
i,vHBBHQag,i,i,vHBBHQag,i,i,vHBBHQag,vvkpIbfi,vHBBHQag,vHBBHQag,i,vvkpIbfi,vHBBHQag,vHBBHQag,i
i
vHBBHQag,i,i,vHBBHQag,i,i,vHBBHQag,vvkpIbfi,vHBBHQag,vHBBHQag,i,vvkpIbfi,vHBBHQag,vHBBHQag,i,woBX,vHBBHQag
vHBBHQag,i,i,vHBBHQag,i,i,vHBBHQag,vvkpIbfi,vHBBHQag,vHBBHQag,i,vvkpIbfi,vHBBHQag,vHBBHQag,i
i
vHBBHQag,i,i,vHBBHQag,i,i,vHBBHQag,vvkpIbfi,vHBBHQag,vHBBHQag,i,vvkpIbfi,vHBBHQag,vHBBHQag,i
vHBBHQag,i,i,i,vHBBHQag,i,i,vHBBHQag,vvkpIbfi,vHBBHQag,vHBBHQag,i,vvkpIbfi,vHBBHQag,vHBBHQag,i
vHBBHQag,i,i,i,vHBBHQag,i,i,vHBBHQag,vHBBHQag,vHBBHQag,i,vvkpIbfi,vHBBHQag,vHBBHQag,i,i
i,i,i,vHBBHQag,i,i,vHBBHQag,vHBBHQag,vHBBHQag,i,vvkpIbfi,vHBBHQag,vHBBHQag,i,i
i,i,i,vHBBHQag,i,i,vHBBHQag,vHBBHQag,vHBBHQag,i,vvkpIbfi,vHBBHQag,vHBBHQag,i,i
vHBBHQag,i,i,i,vHBBHQag,i,i,vHBBHQag,vHBBHQag,vHBBHQag,i,vvkpIbfi,vHBBHQag,vHBBHQag,i,i
vHBBHQag
i,i,i,vvkpIbfi,vHBBHQag,i,i,vHBBHQag,vHBBHQag,vHBBHQag,i,vHBBHQag,vHBBHQag,i,i,vHBBHQag,woBX
vvkpIbfi
i,i,i,vvkpIbfi,vHBBHQag,i,i,vHBBHQag,vHBBHQag,vHBBHQag,i,vHBBHQag,vHBBHQag,i,i,vHBBHQag,woBX
i,i,i,vvkpIbfi,vHBBHQag,i,i,vHBBHQag,vHBBHQag,vHBBHQag,i,vHBBHQag,vHBBHQag,i,i,vHBBHQag,woBX
i,i,i,vvkpIbfi,vHBBHQag,i,i,vHBBHQag,vHBBHQag,vHBBHQag,i,vHBBHQag,vHBBHQag,i,i,vHBBHQag,woBX,i
Jedi Wagner, assuma o comando!