Toque! Toque, Dijê!
[vazia]
L,fciGbA
L,fciGbA
L,fciGbA
L,fciGbA
L
[vazia]
L
L
L
L
fciGbA,L
fciGbA,L
fciGbA
fciGbA
fciGbA
fciGbA,fciGbA
fciGbA
fciGbA,fciGbA
fciGbA
fciGbA
L
fciGbA
L,fciGbA,L
fciGbA
L,fciGbA,L
L,fciGbA,L,L
L,fciGbA,L,L
L
L,fciGbA,L,L
fciGbA,L,L
L
L
fciGbA
L
L,L,fciGbA
L
fciGbA
fciGbA,L,fciGbA,fciGbA
fciGbA
fciGbA
fciGbA
fciGbA,fciGbA
fciGbA
fciGbA,fciGbA
fciGbA
fciGbA,fciGbA
fciGbA
fciGbA
fciGbA
fciGbA
fciGbA
fciGbA,L,fciGbA
fciGbA
L
fciGbA,fciGbA,fciGbA,fciGbA
L
fciGbA
fciGbA
fciGbA
fciGbA,L
fciGbA
fciGbA
fciGbA
fciGbA,fciGbA
fciGbA
fciGbA,fciGbA
fciGbA,fciGbA
fciGbA
fciGbA
fciGbA
fciGbA,fciGbA
fciGbA,fciGbA
fciGbA
fciGbA
fciGbA,fciGbA,fciGbA
fciGbA
fciGbA,fciGbA,fciGbA
fciGbA
fciGbA
fciGbA
fciGbA
fciGbA,fciGbA,fciGbA,L,L,L
fciGbA,fciGbA,fciGbA,L,L,L
fciGbA
fciGbA,fciGbA,fciGbA,L,L,L
fciGbA,fciGbA,L,L
fciGbA
fciGbA
L
fciGbA,fciGbA,fciGbA,L
fciGbA,fciGbA,fciGbA,fciGbA
fciGbA
L
L,fciGbA,fciGbA,L
L,fciGbA,fciGbA,L,fciGbA
L,fciGbA,fciGbA,L,fciGbA
fciGbA
L,fciGbA,fciGbA,L,fciGbA
L,fciGbA,fciGbA,L,fciGbA
fciGbA
fciGbA
fciGbA
fciGbA
L,fciGbA,fciGbA,L,fciGbA
L,fciGbA,fciGbA,L,fciGbA
Jedi Wagner, assuma o comando!