[vazia]
Toque! Toque, Dijê!
Toque! Toque, Dijê!
[vazia]
bUbGCMC
Zdmvzx
Toque! Toque, Dijê!
Toque! Toque, Dijê!
kpxfCdjcn
kpxfCdjcn
kpxfCdjcn,bUbGCMC,kpxfCdjcn
kpxfCdjcn
kpxfCdjcn
kpxfCdjcn,bUbGCMC
Toque! Toque, Dijê!
Toque! Toque, Dijê!
Toque! Toque, Dijê!
Toque! Toque, Dijê!
[vazia]
jN
jN
Toque! Toque, Dijê!
[vazia]
Toque! Toque, Dijê!
bUbGCMC
bUbGCMC
bUbGCMC
bUbGCMC,bUbGCMC
bUbGCMC
bUbGCMC
bUbGCMC,bUbGCMC,sb,bUbGCMC
bUbGCMC
bUbGCMC,bUbGCMC,sb,bUbGCMC,sb
sb
bUbGCMC,bUbGCMC,sb,bUbGCMC,sb
Jedi Wagner, assuma o comando!