Toque! Toque, Dijê!
[vazia]
[vazia]
Toque! Toque, Dijê!
[vazia]
[vazia]
QXUJpGl,jsnWkBZsTU
QXUJpGl
QXUJpGl
Uy
Uy
Uy
Uy
Uy,QXUJpGl
QXUJpGl
Uy
Uy,KGWLp
Uy
Uy
QXUJpGl
Uy
QXUJpGl,Uy
Uy
Uy
QXUJpGl,Uy,Uy
Uy
QXUJpGl,Uy
Uy
QXUJpGl,Uy
QXUJpGl,Uy
QXUJpGl,Uy
Uy
Uy,wijfwBwT,wijfwBwT
wijfwBwT
wijfwBwT
Uy,wijfwBwT,wijfwBwT,wijfwBwT,RUVWQqiwza
wijfwBwT
Uy,wijfwBwT,wijfwBwT,wijfwBwT,wijfwBwT
Uy,wijfwBwT,wijfwBwT,wijfwBwT,wijfwBwT
Uy,wijfwBwT,wijfwBwT,wijfwBwT,wijfwBwT
Uy,wijfwBwT,wijfwBwT,wijfwBwT,wijfwBwT
Uy,wijfwBwT,wijfwBwT,wijfwBwT,wijfwBwT
Uy,wijfwBwT,wijfwBwT,wijfwBwT,wijfwBwT
Uy,wijfwBwT,wijfwBwT,wijfwBwT,wijfwBwT,RUVWQqiwza,QXUJpGl
wijfwBwT
Uy,wijfwBwT,wijfwBwT,wijfwBwT,wijfwBwT,RUVWQqiwza,QXUJpGl,jsnWkBZsTU,RUVWQqiwza
wijfwBwT,wijfwBwT,wijfwBwT,Uy,wijfwBwT,RUVWQqiwza,QXUJpGl,QXUJpGl,KGWLp,RUVWQqiwza
Uy
wijfwBwT,wijfwBwT,wijfwBwT,Uy,wijfwBwT,RUVWQqiwza,QXUJpGl,QXUJpGl,KGWLp,RUVWQqiwza
wijfwBwT,wijfwBwT,wijfwBwT,Uy,wijfwBwT,RUVWQqiwza,QXUJpGl,QXUJpGl,KGWLp,RUVWQqiwza
Uy
Uy
Uy
Uy
Uy
wijfwBwT,wijfwBwT,wijfwBwT,Uy,KGWLp,wijfwBwT,RUVWQqiwza,QXUJpGl,QXUJpGl,RUVWQqiwza,Uy
Uy
KGWLp
KGWLp
wijfwBwT,wijfwBwT,wijfwBwT,Uy,wijfwBwT,QXUJpGl,QXUJpGl,RUVWQqiwza,Uy,Uy,jsnWkBZsTU
wijfwBwT,wijfwBwT,Uy,KGWLp,wijfwBwT,wijfwBwT,QXUJpGl,QXUJpGl,RUVWQqiwza,Uy,Uy
wijfwBwT
wijfwBwT,wijfwBwT,Uy,KGWLp,wijfwBwT,wijfwBwT,QXUJpGl,RUVWQqiwza,Uy,Uy
KGWLp
wijfwBwT,wijfwBwT,wijfwBwT,Uy,KGWLp,wijfwBwT,QXUJpGl,QXUJpGl,RUVWQqiwza,Uy,Uy
KGWLp
wijfwBwT,wijfwBwT,wijfwBwT,Uy,KGWLp,wijfwBwT,QXUJpGl,QXUJpGl,RUVWQqiwza,Uy,Uy
wijfwBwT,wijfwBwT,wijfwBwT,Uy,KGWLp,wijfwBwT,QXUJpGl,QXUJpGl,RUVWQqiwza,Uy,Uy
wijfwBwT,wijfwBwT,wijfwBwT,Uy,KGWLp,wijfwBwT,QXUJpGl,QXUJpGl,RUVWQqiwza,Uy,Uy,qZVuKHfLI
wijfwBwT,wijfwBwT,wijfwBwT,Uy,KGWLp,wijfwBwT,QXUJpGl,QXUJpGl,RUVWQqiwza,Uy,Uy,qZVuKHfLI,jsnWkBZsTU
KGWLp
wijfwBwT,wijfwBwT,wijfwBwT,Uy,KGWLp,wijfwBwT,QXUJpGl,QXUJpGl,RUVWQqiwza,Uy,Uy,jsnWkBZsTU
wijfwBwT,wijfwBwT,wijfwBwT,Uy,wijfwBwT,QXUJpGl,QXUJpGl,RUVWQqiwza,Uy,Uy,qZVuKHfLI,jsnWkBZsTU,KGWLp
wijfwBwT
QXUJpGl
QXUJpGl
QXUJpGl
wijfwBwT,wijfwBwT,wijfwBwT,Uy,wijfwBwT,qZVuKHfLI,QXUJpGl,QXUJpGl,Uy,Uy,jsnWkBZsTU
wijfwBwT,wijfwBwT,wijfwBwT,Uy,wijfwBwT,qZVuKHfLI,QXUJpGl,QXUJpGl,Uy,Uy,jsnWkBZsTU
wijfwBwT,wijfwBwT,wijfwBwT,Uy,wijfwBwT,qZVuKHfLI,QXUJpGl,QXUJpGl,Uy,Uy,jsnWkBZsTU,qZVuKHfLI
QXUJpGl
wijfwBwT,wijfwBwT,wijfwBwT,Uy,wijfwBwT,QXUJpGl,RUVWQqiwza,Uy,Uy,jsnWkBZsTU,KGWLp
wijfwBwT,wijfwBwT,wijfwBwT,Uy,wijfwBwT,QXUJpGl,RUVWQqiwza,Uy,Uy,jsnWkBZsTU,KGWLp
QXUJpGl
QXUJpGl
Uy
Uy
wijfwBwT
wijfwBwT,wijfwBwT,Uy,wijfwBwT,QXUJpGl,Uy,wijfwBwT,Uy,jsnWkBZsTU,KGWLp,QXUJpGl
QXUJpGl
QXUJpGl
wijfwBwT,wijfwBwT,Uy,wijfwBwT,Uy,wijfwBwT,qZVuKHfLI,QXUJpGl,Uy,jsnWkBZsTU,KGWLp,QXUJpGl,jsnWkBZsTU
wijfwBwT,wijfwBwT,wijfwBwT,Uy,wijfwBwT,qZVuKHfLI,Uy,QXUJpGl,Uy,jsnWkBZsTU,KGWLp,QXUJpGl,jsnWkBZsTU
wijfwBwT,wijfwBwT,wijfwBwT,Uy,wijfwBwT,qZVuKHfLI,Uy,QXUJpGl,Uy,jsnWkBZsTU,KGWLp,QXUJpGl,jsnWkBZsTU
Uy
qZVuKHfLI
qZVuKHfLI
wijfwBwT,wijfwBwT,wijfwBwT,Uy,wijfwBwT,Uy,qZVuKHfLI,QXUJpGl,Uy,jsnWkBZsTU,KGWLp,QXUJpGl,jsnWkBZsTU,jsnWkBZsTU
qZVuKHfLI
qZVuKHfLI
wijfwBwT,wijfwBwT,Uy,wijfwBwT,Uy,jsnWkBZsTU,qZVuKHfLI,Uy,jsnWkBZsTU,jsnWkBZsTU,QXUJpGl
wijfwBwT,Uy,wijfwBwT,Uy,jsnWkBZsTU,wijfwBwT,qZVuKHfLI,Uy,jsnWkBZsTU,jsnWkBZsTU,QXUJpGl,wijfwBwT
wijfwBwT,Uy,wijfwBwT,Uy,jsnWkBZsTU,wijfwBwT,qZVuKHfLI,Uy,jsnWkBZsTU,jsnWkBZsTU,QXUJpGl,wijfwBwT,qZVuKHfLI
wijfwBwT,Uy,wijfwBwT,Uy,jsnWkBZsTU,wijfwBwT,Uy,jsnWkBZsTU,jsnWkBZsTU,QXUJpGl,wijfwBwT,QXUJpGl
Uy
wijfwBwT,Uy,wijfwBwT,Uy,jsnWkBZsTU,wijfwBwT,Uy,jsnWkBZsTU,jsnWkBZsTU,QXUJpGl,wijfwBwT,QXUJpGl
Uy
Uy
wijfwBwT,Uy,wijfwBwT,Uy,wijfwBwT,Uy,jsnWkBZsTU,jsnWkBZsTU,QXUJpGl,wijfwBwT,QXUJpGl,qZVuKHfLI,qZVuKHfLI
Uy
Uy
KGWLp
qZVuKHfLI
Uy
qZVuKHfLI
jsnWkBZsTU
wijfwBwT,Uy,wijfwBwT,Uy,wijfwBwT,qZVuKHfLI,jsnWkBZsTU,Uy,jsnWkBZsTU,jsnWkBZsTU,QXUJpGl,wijfwBwT,qZVuKHfLI,jsnWkBZsTU
Uy
Uy
Uy
wijfwBwT,wijfwBwT,qZVuKHfLI,jsnWkBZsTU,Uy,Uy,wijfwBwT,jsnWkBZsTU,jsnWkBZsTU,wijfwBwT,qZVuKHfLI,jsnWkBZsTU,wijfwBwT,qZVuKHfLI,qZVuKHfLI
wijfwBwT
qZVuKHfLI
qZVuKHfLI
jsnWkBZsTU
wijfwBwT,jsnWkBZsTU,Uy,Uy,wijfwBwT,qZVuKHfLI,jsnWkBZsTU,wijfwBwT,jsnWkBZsTU,wijfwBwT,qZVuKHfLI,jsnWkBZsTU,wijfwBwT,qZVuKHfLI,wijfwBwT,Uy
wijfwBwT,jsnWkBZsTU,Uy,Uy,wijfwBwT,qZVuKHfLI,jsnWkBZsTU,wijfwBwT,jsnWkBZsTU,wijfwBwT,qZVuKHfLI,jsnWkBZsTU,wijfwBwT,qZVuKHfLI,wijfwBwT,Uy
jsnWkBZsTU
wijfwBwT,jsnWkBZsTU,Uy,Uy,wijfwBwT,qZVuKHfLI,jsnWkBZsTU,wijfwBwT,jsnWkBZsTU,wijfwBwT,qZVuKHfLI,jsnWkBZsTU,wijfwBwT,qZVuKHfLI,wijfwBwT,Uy
wijfwBwT,jsnWkBZsTU,Uy,Uy,wijfwBwT,qZVuKHfLI,jsnWkBZsTU,wijfwBwT,jsnWkBZsTU,wijfwBwT,qZVuKHfLI,jsnWkBZsTU,wijfwBwT,qZVuKHfLI,wijfwBwT,Uy,QXUJpGl
wijfwBwT,jsnWkBZsTU,Uy,Uy,wijfwBwT,jsnWkBZsTU,wijfwBwT,qZVuKHfLI,jsnWkBZsTU,wijfwBwT,qZVuKHfLI,jsnWkBZsTU,wijfwBwT,qZVuKHfLI,wijfwBwT,Uy,QXUJpGl,QXUJpGl,qZVuKHfLI
jsnWkBZsTU
wijfwBwT,jsnWkBZsTU,Uy,Uy,wijfwBwT,jsnWkBZsTU,wijfwBwT,qZVuKHfLI,jsnWkBZsTU,wijfwBwT,qZVuKHfLI,jsnWkBZsTU,wijfwBwT,qZVuKHfLI,wijfwBwT,Uy,QXUJpGl,QXUJpGl,qZVuKHfLI
wijfwBwT
wijfwBwT,jsnWkBZsTU,Uy,Uy,wijfwBwT,jsnWkBZsTU,wijfwBwT,qZVuKHfLI,jsnWkBZsTU,wijfwBwT,qZVuKHfLI,jsnWkBZsTU,wijfwBwT,qZVuKHfLI,wijfwBwT,Uy,QXUJpGl,QXUJpGl,qZVuKHfLI,RUVWQqiwza
jsnWkBZsTU
wijfwBwT,jsnWkBZsTU,Uy,Uy,wijfwBwT,jsnWkBZsTU,wijfwBwT,jsnWkBZsTU,wijfwBwT,qZVuKHfLI,jsnWkBZsTU,qZVuKHfLI,wijfwBwT,qZVuKHfLI,wijfwBwT,Uy,QXUJpGl,QXUJpGl,qZVuKHfLI,RUVWQqiwza,QXUJpGl
jsnWkBZsTU,Uy,Uy,wijfwBwT,jsnWkBZsTU,wijfwBwT,jsnWkBZsTU,wijfwBwT,qZVuKHfLI,jsnWkBZsTU,qZVuKHfLI,wijfwBwT,qZVuKHfLI,wijfwBwT,Uy,QXUJpGl,QXUJpGl,qZVuKHfLI,RUVWQqiwza,QXUJpGl
jsnWkBZsTU,Uy,Uy,wijfwBwT,jsnWkBZsTU,wijfwBwT,jsnWkBZsTU,wijfwBwT,qZVuKHfLI,jsnWkBZsTU,qZVuKHfLI,wijfwBwT,qZVuKHfLI,wijfwBwT,Uy,QXUJpGl,QXUJpGl,qZVuKHfLI,RUVWQqiwza,QXUJpGl
jsnWkBZsTU
jsnWkBZsTU,Uy,Uy,wijfwBwT,jsnWkBZsTU,wijfwBwT,jsnWkBZsTU,wijfwBwT,qZVuKHfLI,jsnWkBZsTU,qZVuKHfLI,wijfwBwT,qZVuKHfLI,wijfwBwT,Uy,QXUJpGl,QXUJpGl,qZVuKHfLI,RUVWQqiwza,QXUJpGl
jsnWkBZsTU
wijfwBwT,Uy,Uy,wijfwBwT,jsnWkBZsTU,wijfwBwT,qZVuKHfLI,jsnWkBZsTU,wijfwBwT,qZVuKHfLI,jsnWkBZsTU,jsnWkBZsTU,wijfwBwT,qZVuKHfLI,wijfwBwT,Uy,QXUJpGl,QXUJpGl,qZVuKHfLI,RUVWQqiwza
wijfwBwT,Uy,Uy,wijfwBwT,jsnWkBZsTU,wijfwBwT,qZVuKHfLI,jsnWkBZsTU,wijfwBwT,qZVuKHfLI,jsnWkBZsTU,jsnWkBZsTU,wijfwBwT,qZVuKHfLI,wijfwBwT,Uy,QXUJpGl,QXUJpGl,qZVuKHfLI,RUVWQqiwza
wijfwBwT,Uy,Uy,wijfwBwT,jsnWkBZsTU,wijfwBwT,jsnWkBZsTU,wijfwBwT,qZVuKHfLI,jsnWkBZsTU,jsnWkBZsTU,RUVWQqiwza,qZVuKHfLI,wijfwBwT,qZVuKHfLI,wijfwBwT,Uy,QXUJpGl,qZVuKHfLI
RUVWQqiwza
RUVWQqiwza
Uy,Uy,wijfwBwT,jsnWkBZsTU,wijfwBwT,jsnWkBZsTU,wijfwBwT,qZVuKHfLI,jsnWkBZsTU,jsnWkBZsTU,RUVWQqiwza,qZVuKHfLI,wijfwBwT,qZVuKHfLI,wijfwBwT,Uy,QXUJpGl,qZVuKHfLI
wijfwBwT,Uy,Uy,wijfwBwT,jsnWkBZsTU,wijfwBwT,jsnWkBZsTU,wijfwBwT,qZVuKHfLI,jsnWkBZsTU,jsnWkBZsTU,RUVWQqiwza,qZVuKHfLI,wijfwBwT,qZVuKHfLI,wijfwBwT,Uy,QXUJpGl,qZVuKHfLI
RUVWQqiwza
jsnWkBZsTU
wijfwBwT,Uy,wijfwBwT,wijfwBwT,wijfwBwT,qZVuKHfLI,jsnWkBZsTU,RUVWQqiwza,jsnWkBZsTU,qZVuKHfLI,wijfwBwT,qZVuKHfLI,wijfwBwT,Uy,qZVuKHfLI
jsnWkBZsTU
wijfwBwT,Uy,wijfwBwT,wijfwBwT,wijfwBwT,qZVuKHfLI,jsnWkBZsTU,RUVWQqiwza,jsnWkBZsTU,qZVuKHfLI,wijfwBwT,qZVuKHfLI,wijfwBwT,Uy,qZVuKHfLI
jsnWkBZsTU
wijfwBwT,wijfwBwT,wijfwBwT,wijfwBwT,qZVuKHfLI,jsnWkBZsTU,RUVWQqiwza,jsnWkBZsTU,Uy,qZVuKHfLI,wijfwBwT,qZVuKHfLI,wijfwBwT,qZVuKHfLI,RUVWQqiwza,KGWLp
wijfwBwT,wijfwBwT,wijfwBwT,wijfwBwT,qZVuKHfLI,jsnWkBZsTU,RUVWQqiwza,jsnWkBZsTU,Uy,qZVuKHfLI,wijfwBwT,qZVuKHfLI,wijfwBwT,qZVuKHfLI,RUVWQqiwza,KGWLp
jsnWkBZsTU
wijfwBwT,wijfwBwT,wijfwBwT,wijfwBwT,qZVuKHfLI,jsnWkBZsTU,RUVWQqiwza,jsnWkBZsTU,Uy,qZVuKHfLI,wijfwBwT,qZVuKHfLI,wijfwBwT,qZVuKHfLI,KGWLp
RUVWQqiwza
RUVWQqiwza
RUVWQqiwza
wijfwBwT,Uy,wijfwBwT,jsnWkBZsTU,wijfwBwT,jsnWkBZsTU,wijfwBwT,qZVuKHfLI,jsnWkBZsTU,jsnWkBZsTU,RUVWQqiwza,qZVuKHfLI,wijfwBwT,qZVuKHfLI,wijfwBwT,Uy,QXUJpGl,qZVuKHfLI,KGWLp,qZVuKHfLI
RUVWQqiwza
QXUJpGl
QXUJpGl
wijfwBwT,Uy,Uy,wijfwBwT,jsnWkBZsTU,wijfwBwT,jsnWkBZsTU,wijfwBwT,jsnWkBZsTU,jsnWkBZsTU,QXUJpGl,qZVuKHfLI,qZVuKHfLI,wijfwBwT,qZVuKHfLI,wijfwBwT,Uy,qZVuKHfLI,Uy
qZVuKHfLI
qZVuKHfLI
wijfwBwT,Uy,Uy,wijfwBwT,jsnWkBZsTU,wijfwBwT,jsnWkBZsTU,wijfwBwT,jsnWkBZsTU,jsnWkBZsTU,qZVuKHfLI,qZVuKHfLI,QXUJpGl,wijfwBwT,qZVuKHfLI,wijfwBwT,Uy,qZVuKHfLI,Uy
wijfwBwT,Uy,Uy,wijfwBwT,jsnWkBZsTU,wijfwBwT,jsnWkBZsTU,wijfwBwT,jsnWkBZsTU,jsnWkBZsTU,qZVuKHfLI,qZVuKHfLI,QXUJpGl,wijfwBwT,qZVuKHfLI,wijfwBwT,Uy,qZVuKHfLI,Uy
wijfwBwT
wijfwBwT
wijfwBwT
wijfwBwT,Uy,Uy,wijfwBwT,jsnWkBZsTU,wijfwBwT,jsnWkBZsTU,wijfwBwT,jsnWkBZsTU,jsnWkBZsTU,qZVuKHfLI,qZVuKHfLI,QXUJpGl,wijfwBwT,qZVuKHfLI,wijfwBwT,Uy,qZVuKHfLI,Uy,jsnWkBZsTU
wijfwBwT,Uy,Uy,wijfwBwT,jsnWkBZsTU,wijfwBwT,jsnWkBZsTU,wijfwBwT,jsnWkBZsTU,jsnWkBZsTU,qZVuKHfLI,qZVuKHfLI,QXUJpGl,wijfwBwT,qZVuKHfLI,wijfwBwT,Uy,qZVuKHfLI,Uy,jsnWkBZsTU
wijfwBwT
wijfwBwT
wijfwBwT,Uy,Uy,wijfwBwT,jsnWkBZsTU,wijfwBwT,jsnWkBZsTU,wijfwBwT,jsnWkBZsTU,jsnWkBZsTU,qZVuKHfLI,qZVuKHfLI,QXUJpGl,wijfwBwT,qZVuKHfLI,wijfwBwT,Uy,qZVuKHfLI,Uy
wijfwBwT,Uy,Uy,wijfwBwT,jsnWkBZsTU,wijfwBwT,jsnWkBZsTU,wijfwBwT,jsnWkBZsTU,jsnWkBZsTU,qZVuKHfLI,qZVuKHfLI,QXUJpGl,wijfwBwT,qZVuKHfLI,wijfwBwT,Uy,qZVuKHfLI,Uy
wijfwBwT,Uy,Uy,wijfwBwT,jsnWkBZsTU,wijfwBwT,jsnWkBZsTU,wijfwBwT,jsnWkBZsTU,jsnWkBZsTU,qZVuKHfLI,qZVuKHfLI,QXUJpGl,wijfwBwT,qZVuKHfLI,wijfwBwT,Uy,qZVuKHfLI,Uy
wijfwBwT
wijfwBwT
wijfwBwT
wijfwBwT
wijfwBwT
wijfwBwT
Uy,wijfwBwT,jsnWkBZsTU,wijfwBwT,jsnWkBZsTU,wijfwBwT,jsnWkBZsTU,jsnWkBZsTU,qZVuKHfLI,qZVuKHfLI,QXUJpGl,wijfwBwT,KGWLp,qZVuKHfLI,wijfwBwT,Uy,qZVuKHfLI,Uy,qZVuKHfLI
Jedi Wagner, assuma o comando!