iDiX
iDiX
Toque! Toque, Dijê!
Toque! Toque, Dijê!
[vazia]
[vazia]
iDiX
Toque! Toque, Dijê!
Toque! Toque, Dijê!
[vazia]
Toque! Toque, Dijê!
Toque! Toque, Dijê!
[vazia]
Toque! Toque, Dijê!
Toque! Toque, Dijê!
Toque! Toque, Dijê!
[vazia]
Toque! Toque, Dijê!
[vazia]
Toque! Toque, Dijê!
iDiX
iDiX
iDiX
iDiX
iDiX,iDiX,iDiX,iDiX
[vazia]
Toque! Toque, Dijê!
[vazia]
iDiX
iDiX
iDiX,iDiX,iDiX,iDiX
iDiX
iDiX
iDiX
iDiX
iDiX
iDiX
iDiX,iDiX,iDiX,iDiX
Toque! Toque, Dijê!
Toque! Toque, Dijê!
[vazia]
Toque! Toque, Dijê!
Toque! Toque, Dijê!
iDiX
Toque! Toque, Dijê!
Toque! Toque, Dijê!
iDiX
iDiX,iDiX
iDiX
iDiX,iDiX,iDiX,iDiX,iDiX
iDiX
iDiX,iDiX,iDiX,iDiX,iDiX,iDiX
iDiX
iDiX,iDiX,iDiX
iDiX
iDiX,iDiX,iDiX,iDiX,iDiX
iDiX,iDiX,iDiX,iDiX
iDiX,iDiX,iDiX,iDiX,iDiX
iDiX,iDiX,iDiX,iDiX,iDiX
iDiX
iDiX
iDiX
iDiX,iDiX,iDiX,iDiX
iDiX,iDiX,iDiX,iDiX
iDiX,iDiX,iDiX,iDiX,iDiX
iDiX
iDiX,iDiX,iDiX,iDiX,iDiX
iDiX,iDiX,iDiX,iDiX,iDiX
iDiX
iDiX
iDiX
iDiX,iDiX,iDiX
iDiX
iDiX,iDiX,iDiX,iDiX,iDiX
iDiX,iDiX,iDiX,iDiX,iDiX
iDiX,iDiX,iDiX,iDiX,iDiX
iDiX,iDiX,iDiX,iDiX,iDiX
iDiX,iDiX,iDiX,iDiX,iDiX
iDiX,iDiX,iDiX,iDiX,iDiX
iDiX
iDiX,iDiX,iDiX,iDiX
iDiX
iDiX,iDiX,iDiX,iDiX,iDiX
iDiX,iDiX,iDiX,iDiX,iDiX,iDiX,iDiX,iDiX
iDiX
iDiX,iDiX,iDiX,iDiX,iDiX,iDiX,iDiX,iDiX
iDiX
iDiX
iDiX
iDiX,iDiX,iDiX,iDiX,iDiX,iDiX,iDiX,iDiX,iDiX
iDiX
iDiX,iDiX,iDiX,iDiX,iDiX,iDiX,iDiX,iDiX
iDiX,iDiX,iDiX,iDiX,iDiX,iDiX,iDiX,iDiX
iDiX,iDiX,iDiX,iDiX,iDiX,iDiX,iDiX,iDiX
iDiX,iDiX,iDiX,iDiX,iDiX,iDiX,iDiX
iDiX
iDiX
iDiX
iDiX
iDiX
iDiX
iDiX
iDiX
iDiX
iDiX
iDiX
iDiX
iDiX,iDiX,iDiX,iDiX,iDiX,iDiX,iDiX,iDiX,iDiX,iDiX
iDiX,iDiX,iDiX,iDiX,iDiX,iDiX,iDiX,iDiX,iDiX
iDiX
iDiX,iDiX,iDiX,iDiX,iDiX,iDiX,iDiX,iDiX
iDiX
iDiX,iDiX,iDiX,iDiX,iDiX,iDiX,iDiX,iDiX,iDiX
iDiX,iDiX,iDiX,iDiX,iDiX,iDiX,iDiX,iDiX,iDiX
iDiX,iDiX,iDiX,iDiX,iDiX,iDiX,iDiX,iDiX,iDiX
iDiX
iDiX
iDiX
iDiX
iDiX
iDiX,iDiX,iDiX,iDiX,iDiX,iDiX,iDiX
iDiX
iDiX,iDiX,iDiX,iDiX,iDiX,iDiX,iDiX,iDiX,iDiX
iDiX
iDiX,iDiX,iDiX,iDiX,iDiX,iDiX,iDiX,iDiX,iDiX,iDiX
iDiX,iDiX,iDiX,iDiX,iDiX,iDiX,iDiX,iDiX,iDiX,iDiX
iDiX,iDiX,iDiX,iDiX,iDiX,iDiX,iDiX,iDiX,iDiX,iDiX
iDiX
iDiX
iDiX
iDiX,iDiX,iDiX,iDiX,iDiX,iDiX,iDiX,iDiX,iDiX,iDiX,iDiX
iDiX
iDiX,iDiX,iDiX,iDiX,iDiX,iDiX,iDiX,iDiX,iDiX,iDiX,iDiX
iDiX,iDiX,iDiX,iDiX,iDiX,iDiX,iDiX,iDiX,iDiX,iDiX,iDiX
iDiX
iDiX,iDiX,iDiX,iDiX,iDiX,iDiX,iDiX,iDiX,iDiX
iDiX
iDiX,iDiX,iDiX,iDiX,iDiX,iDiX,iDiX,iDiX,iDiX
iDiX,iDiX,iDiX,iDiX,iDiX,iDiX,iDiX,iDiX,iDiX
iDiX
iDiX
iDiX
iDiX,iDiX,iDiX,iDiX,iDiX,iDiX,iDiX,iDiX
iDiX,iDiX,iDiX,iDiX,iDiX,iDiX,iDiX,iDiX
iDiX
iDiX,iDiX,iDiX,iDiX,iDiX,iDiX,iDiX
iDiX,iDiX,iDiX,iDiX,iDiX,iDiX,iDiX
iDiX,iDiX,iDiX,iDiX,iDiX,iDiX,iDiX
iDiX,iDiX,iDiX,iDiX,iDiX,iDiX,iDiX
iDiX,iDiX,iDiX,iDiX,iDiX,iDiX
iDiX
iDiX,iDiX,iDiX,iDiX,iDiX,iDiX,iDiX,iDiX
iDiX
iDiX,iDiX,iDiX,iDiX,iDiX,iDiX,iDiX,iDiX
iDiX
iDiX,iDiX,iDiX,iDiX,iDiX,iDiX,iDiX
iDiX
iDiX,iDiX,iDiX,iDiX,iDiX,iDiX,iDiX,iDiX
iDiX
iDiX
iDiX
iDiX,iDiX,iDiX,iDiX,iDiX,iDiX,iDiX
iDiX
iDiX,iDiX,iDiX,iDiX,iDiX,iDiX,iDiX,iDiX
iDiX,iDiX,iDiX,iDiX,iDiX,iDiX,iDiX,iDiX,iDiX
iDiX,iDiX,iDiX,iDiX,iDiX,iDiX,iDiX,iDiX,iDiX
iDiX,iDiX,iDiX,iDiX,iDiX,iDiX,iDiX,iDiX
iDiX,iDiX,iDiX,iDiX,iDiX,iDiX,iDiX,iDiX
iDiX,iDiX,iDiX,iDiX,iDiX,iDiX,iDiX,iDiX,iDiX
iDiX
iDiX,iDiX,iDiX,iDiX,iDiX,iDiX,iDiX,iDiX,iDiX
iDiX,iDiX,iDiX,iDiX,iDiX,iDiX,iDiX,iDiX
iDiX
iDiX
iDiX
iDiX
iDiX,iDiX,iDiX,iDiX,iDiX,iDiX,iDiX,iDiX,iDiX,iDiX,iDiX,iDiX
iDiX
iDiX,iDiX,iDiX,iDiX,iDiX,iDiX,iDiX,iDiX,iDiX,iDiX,iDiX,iDiX
iDiX
iDiX
iDiX
iDiX
iDiX
iDiX,iDiX,iDiX,iDiX,iDiX,iDiX,iDiX,iDiX,iDiX,iDiX,iDiX
iDiX
iDiX
iDiX
iDiX,iDiX,iDiX,iDiX,iDiX,iDiX,iDiX,iDiX,iDiX,iDiX,iDiX,iDiX,iDiX
iDiX,iDiX,iDiX,iDiX,iDiX,iDiX,iDiX,iDiX,iDiX,iDiX,iDiX,iDiX,iDiX,iDiX
iDiX
iDiX
iDiX,iDiX,iDiX,iDiX,iDiX,iDiX,iDiX,iDiX,iDiX,iDiX,iDiX
iDiX,iDiX,iDiX,iDiX,iDiX,iDiX,iDiX,iDiX,iDiX,iDiX
iDiX,iDiX,iDiX,iDiX,iDiX,iDiX,iDiX,iDiX,iDiX,iDiX
iDiX
iDiX
iDiX
iDiX
iDiX,iDiX,iDiX,iDiX,iDiX,iDiX,iDiX,iDiX,iDiX,iDiX,iDiX,iDiX
iDiX
iDiX
iDiX,iDiX,iDiX,iDiX,iDiX,iDiX,iDiX,iDiX,iDiX,iDiX,iDiX,iDiX
iDiX,iDiX,iDiX,iDiX,iDiX,iDiX,iDiX,iDiX,iDiX
iDiX
iDiX
iDiX,iDiX,iDiX,iDiX,iDiX,iDiX,iDiX,iDiX,iDiX,iDiX
iDiX
iDiX,iDiX,iDiX,iDiX,iDiX,iDiX,iDiX,iDiX
iDiX
iDiX,iDiX,iDiX,iDiX,iDiX,iDiX,iDiX,iDiX
iDiX
iDiX,iDiX,iDiX,iDiX,iDiX,iDiX,iDiX,iDiX
iDiX,iDiX,iDiX,iDiX,iDiX,iDiX,iDiX,iDiX
iDiX,iDiX,iDiX,iDiX,iDiX,iDiX,iDiX,iDiX
iDiX
Jedi Wagner, assuma o comando!