hFK
Toque! Toque, Dijê!
Toque! Toque, Dijê!
MJpbbzjB
MJpbbzjB,MfzfNHEz
Toque! Toque, Dijê!
V
V
V,MWbE
V
V
V
V
V
MfzfNHEz
MfzfNHEz,MJpbbzjB,V,OTtgOJfU
MfzfNHEz,MJpbbzjB,V,OTtgOJfU
MfzfNHEz,MJpbbzjB,V,OTtgOJfU
MfzfNHEz,MJpbbzjB,V,OTtgOJfU
MJpbbzjB
MfzfNHEz,MJpbbzjB,V,OTtgOJfU
MJpbbzjB
MJpbbzjB,MfzfNHEz,OTtgOJfU
MJpbbzjB
MJpbbzjB
MJpbbzjB,OTtgOJfU,MJpbbzjB
MJpbbzjB
MfzfNHEz,MJpbbzjB,V,OTtgOJfU
MfzfNHEz,MJpbbzjB,V,OTtgOJfU
MJpbbzjB
MJpbbzjB,V,OTtgOJfU,MWbE
V
MJpbbzjB,V,OTtgOJfU,MWbE
MJpbbzjB,V,OTtgOJfU,MWbE,V
MJpbbzjB,V,OTtgOJfU,MWbE,V
MWbE
MWbE
MWbE
TbtUKMV
MWbE
V,OTtgOJfU,MWbE,V
V,OTtgOJfU,MWbE,V
MWbE
MJpbbzjB,OTtgOJfU,MWbE,V
MJpbbzjB,V,OTtgOJfU,MWbE,V
MJpbbzjB,V,OTtgOJfU,MWbE,V,MWbE,hFK
MJpbbzjB,V,OTtgOJfU,TbtUKMV,MWbE,V,MWbE,MWbE
MJpbbzjB,V,OTtgOJfU,TbtUKMV,MWbE,V,MWbE,MWbE
MJpbbzjB,V,OTtgOJfU,TbtUKMV,MWbE,V,MWbE,MWbE
MWbE
MJpbbzjB,V,OTtgOJfU,TbtUKMV,MWbE,V,MWbE,MWbE
MJpbbzjB,V,TbtUKMV,MWbE,V,MWbE,MWbE
V
MJpbbzjB,MWbE,V,MWbE,MfzfNHEz,MWbE,TbtUKMV
MJpbbzjB,MWbE,V,V,MWbE,MfzfNHEz,MWbE,TbtUKMV
MJpbbzjB,MWbE,V,V,MWbE,MfzfNHEz,MWbE,TbtUKMV
MJpbbzjB,MWbE,V,V,MWbE,MfzfNHEz,MWbE,TbtUKMV
V
MJpbbzjB,V,MWbE,MfzfNHEz,MWbE,TbtUKMV,MWbE,V
V
MJpbbzjB,V,MWbE,MfzfNHEz,MWbE,TbtUKMV,MWbE,V,TbtUKMV
MJpbbzjB,MWbE,MfzfNHEz,MWbE,TbtUKMV,MWbE,V,V,TbtUKMV
MJpbbzjB,V,MWbE,MfzfNHEz,MWbE,TbtUKMV,MWbE,V
V
V
MJpbbzjB,V,MWbE,MfzfNHEz,MWbE,MWbE,V
MJpbbzjB,V,MWbE,MfzfNHEz,MWbE,MWbE,V,MfzfNHEz
MJpbbzjB
MJpbbzjB
V
MJpbbzjB,V,MWbE,MWbE,MWbE,V
MJpbbzjB,V,MWbE,MWbE,MWbE,V
V
V
V
MJpbbzjB,V,MWbE,MWbE,MWbE,V
V
V
MJpbbzjB,V,MWbE,MWbE,MWbE,V
MJpbbzjB,V,MWbE,MWbE,MWbE,V
MWbE,MJpbbzjB,MWbE,MWbE,V,V,MfzfNHEz
V,MWbE,MJpbbzjB,MWbE,MWbE,V,MfzfNHEz
V,MWbE,MJpbbzjB,MWbE,MWbE,V,MfzfNHEz
V
V
MWbE,MJpbbzjB,MWbE,MWbE,V,MfzfNHEz,hFK,OTtgOJfU
V
MJpbbzjB,MWbE,MWbE,V,MWbE,hFK,MfzfNHEz,MWbE,hFK
hFK
MWbE,MWbE,V,MWbE,MJpbbzjB,hFK,MfzfNHEz,MWbE,hFK,TbtUKMV
MWbE,MWbE,V,MWbE,hFK,MfzfNHEz,MWbE,hFK,TbtUKMV
hFK
MWbE,MWbE,V,MWbE,hFK,MfzfNHEz,MWbE,hFK,TbtUKMV
MWbE
hFK
MWbE,MWbE,V,MWbE,MWbE,hFK,TbtUKMV,hFK,TbtUKMV
MWbE,MWbE,MWbE,MWbE,hFK,TbtUKMV,hFK,TbtUKMV
TbtUKMV
MWbE,MWbE,MWbE,MWbE,hFK,TbtUKMV,hFK,TbtUKMV
TbtUKMV
MWbE,MWbE,MWbE,MWbE,hFK,TbtUKMV,hFK,TbtUKMV,MfzfNHEz
TbtUKMV
hFK
V,MWbE,MfzfNHEz,MWbE,hFK,TbtUKMV,MWbE,MWbE,hFK,TbtUKMV
TbtUKMV
MWbE,MWbE,V,MWbE,hFK,MfzfNHEz,MWbE,hFK,TbtUKMV,TbtUKMV,TbtUKMV
MWbE,MWbE,V,MWbE,hFK,MfzfNHEz,MWbE,hFK,TbtUKMV,TbtUKMV,TbtUKMV
TbtUKMV
TbtUKMV
MWbE,MWbE,V,MWbE,hFK,MfzfNHEz,MWbE,hFK,TbtUKMV,TbtUKMV,TbtUKMV
TbtUKMV
TbtUKMV
MWbE,MWbE,MWbE,MfzfNHEz,MWbE,hFK,TbtUKMV,V,hFK,TbtUKMV,TbtUKMV,TbtUKMV
V
hFK
hFK
hFK
hFK
MWbE,MWbE,MWbE,MWbE,hFK,TbtUKMV,V,MfzfNHEz,hFK,MJpbbzjB,TbtUKMV,TbtUKMV,TbtUKMV,MJpbbzjB,MWbE
MWbE,MWbE,MWbE,MWbE,hFK,TbtUKMV,V,MfzfNHEz,hFK,MJpbbzjB,TbtUKMV,TbtUKMV,TbtUKMV,MJpbbzjB,MWbE
MJpbbzjB
MWbE,MWbE,MWbE,MWbE,hFK,MfzfNHEz,hFK,MJpbbzjB,TbtUKMV,TbtUKMV,TbtUKMV,MJpbbzjB,MWbE
TbtUKMV
MWbE,MWbE,hFK,MfzfNHEz,hFK,MJpbbzjB,TbtUKMV,MWbE,MWbE,TbtUKMV,TbtUKMV,MJpbbzjB,MWbE
Jedi Wagner, assuma o comando!