psmq
psmq
psmq
psmq,psmq
psmq,psmq
psmq
psmq
Toque! Toque, Dijê!
psmq
[vazia]
psmq
psmq
psmq
psmq
psmq
[vazia]
[vazia]
[vazia]
Toque! Toque, Dijê!
psmq
psmq
[vazia]
psmq
psmq
psmq
Toque! Toque, Dijê!
psmq
psmq
Toque! Toque, Dijê!
Toque! Toque, Dijê!
psmq
psmq
psmq
psmq,psmq
psmq
psmq
psmq
psmq,psmq
psmq,psmq
psmq
psmq
psmq,psmq
psmq
psmq
psmq
psmq,psmq
psmq
psmq,psmq,psmq
psmq
psmq
psmq,psmq,psmq,psmq,psmq,psmq
psmq
psmq
psmq
psmq
psmq
psmq
psmq
psmq,psmq,psmq,psmq,psmq,psmq
psmq,psmq,psmq,psmq,psmq,psmq,psmq
psmq,psmq,psmq,psmq,psmq,psmq,psmq,psmq
psmq
psmq,psmq,psmq,psmq,psmq
psmq,psmq,psmq,psmq,psmq,psmq,psmq
psmq,psmq,psmq,psmq,psmq,psmq,psmq,psmq
psmq
psmq,psmq,psmq,psmq,psmq,psmq,psmq
psmq
psmq,psmq,psmq,psmq,psmq,psmq,psmq
psmq,psmq,psmq,psmq,psmq,psmq,psmq
psmq,psmq,psmq,psmq,psmq,psmq,psmq,psmq
psmq
psmq,psmq,psmq,psmq,psmq,psmq,psmq,psmq
psmq,psmq,psmq,psmq,psmq,psmq,psmq,psmq
psmq,psmq,psmq,psmq,psmq,psmq,psmq,psmq
psmq
psmq,psmq,psmq,psmq,psmq,psmq,psmq
psmq
psmq,psmq,psmq,psmq,psmq,psmq,psmq,psmq
psmq,psmq,psmq,psmq,psmq,psmq,psmq,psmq
psmq
psmq
psmq,psmq,psmq,psmq,psmq,psmq
psmq
psmq
psmq,psmq,psmq,psmq,psmq,psmq,psmq
psmq
psmq
psmq
psmq
psmq,psmq,psmq,psmq,psmq,psmq
psmq,psmq,psmq,psmq,psmq,psmq
psmq
psmq
psmq
psmq
psmq
psmq,psmq,psmq,psmq,psmq,psmq
psmq
psmq
psmq,psmq,psmq,psmq,psmq,psmq
psmq,psmq,psmq,psmq,psmq,psmq,psmq,psmq,psmq
psmq,psmq,psmq,psmq,psmq,psmq,psmq,psmq,psmq
psmq,psmq,psmq,psmq,psmq,psmq,psmq,psmq,psmq,psmq,psmq
psmq
psmq,psmq,psmq,psmq,psmq,psmq,psmq,psmq,psmq,psmq,psmq
psmq,psmq,psmq,psmq,psmq,psmq,psmq,psmq,psmq,psmq,psmq
psmq
psmq
psmq,psmq,psmq,psmq,psmq,psmq,psmq,psmq,psmq,psmq,psmq,psmq,psmq
psmq
psmq
psmq
psmq
psmq
psmq,psmq,psmq,psmq,psmq,psmq,psmq,psmq,psmq,psmq,psmq,psmq
psmq,psmq,psmq,psmq,psmq,psmq,psmq,psmq,psmq,psmq,psmq,psmq
psmq
psmq,psmq,psmq,psmq,psmq,psmq,psmq,psmq,psmq,psmq,psmq,psmq,psmq
psmq
psmq
psmq,psmq,psmq,psmq,psmq,psmq,psmq,psmq,psmq,psmq,psmq,psmq
psmq,psmq,psmq,psmq,psmq,psmq,psmq,psmq,psmq,psmq,psmq,psmq
psmq
psmq
psmq,psmq,psmq,psmq,psmq,psmq,psmq,psmq,psmq,psmq,psmq,psmq,psmq
psmq,psmq,psmq,psmq,psmq,psmq,psmq,psmq,psmq,psmq,psmq,psmq,psmq
Jedi Wagner, assuma o comando!