A
A
A
A,DDVElP
A
A
A
DDVElP
A
A,DDVElP,Ajrfmz,A
DDVElP
DDVElP
A,Ajrfmz,A,DDVElP,XnmA
A,Ajrfmz,A,DDVElP,XnmA,Ajrfmz
A,Ajrfmz,A,XnmA,DDVElP,Ajrfmz
A,Ajrfmz,A,DDVElP,Ajrfmz,XnmA
Ajrfmz
A,DDVElP,Ajrfmz,XnmA,Ajrfmz,A
A,DDVElP,Ajrfmz,Ajrfmz,A
A,DDVElP,Ajrfmz,XnmA,Ajrfmz,A
A
A
A
DDVElP,Ajrfmz,XnmA,Ajrfmz,A,A,ZN,TPivCY
Ajrfmz
Ajrfmz,XnmA,Ajrfmz,A,A,ZN
Ajrfmz,XnmA,Ajrfmz,A,A,ZN,Ajrfmz,TPivCY
Ajrfmz,XnmA,Ajrfmz,A,A,ZN,Ajrfmz
XnmA
Ajrfmz,XnmA,Ajrfmz,A,A,ZN,Ajrfmz
XnmA
Ajrfmz,XnmA,Ajrfmz,A,A,ZN,Ajrfmz,TPivCY
Ajrfmz,XnmA,Ajrfmz,A,A,ZN,Ajrfmz,TPivCY,XnmA
Ajrfmz
Ajrfmz,Ajrfmz,XnmA,ZN,A,A,Ajrfmz,XnmA,DDVElP,TPivCY
Ajrfmz,Ajrfmz,XnmA,ZN,A,A,Ajrfmz,XnmA,DDVElP,TPivCY
A
A
Ajrfmz,Ajrfmz,XnmA,ZN,A,A,Ajrfmz,XnmA,DDVElP,TPivCY,A
Ajrfmz,XnmA,ZN,A,Ajrfmz,XnmA,DDVElP,TPivCY,A
Ajrfmz,XnmA,ZN,A,Ajrfmz,XnmA,DDVElP,TPivCY,A
A
A
Ajrfmz,XnmA,A,A,Ajrfmz,ZN,Ajrfmz,XnmA,DDVElP,TPivCY
ZN
ZN
Ajrfmz
Ajrfmz,XnmA,A,Ajrfmz,ZN,Ajrfmz,A,XnmA,DDVElP,TPivCY
Ajrfmz,XnmA,A,Ajrfmz,ZN,Ajrfmz,A,XnmA,DDVElP,TPivCY
Ajrfmz
Ajrfmz
Ajrfmz,XnmA,A,Ajrfmz,ZN,Ajrfmz,A,XnmA,DDVElP,TPivCY
Ajrfmz,XnmA,A,Ajrfmz,ZN,Ajrfmz,A,XnmA,DDVElP,TPivCY
Ajrfmz,A,Ajrfmz,ZN,Ajrfmz,A,XnmA,DDVElP,TPivCY
A
Ajrfmz,A,Ajrfmz,ZN,Ajrfmz,A,XnmA,DDVElP,TPivCY
Ajrfmz,A,Ajrfmz,ZN,Ajrfmz,A,XnmA,TPivCY
A,Ajrfmz,XnmA,ZN,Ajrfmz,Ajrfmz,A,TPivCY
A,Ajrfmz,XnmA,ZN,Ajrfmz,Ajrfmz,A,TPivCY
A,Ajrfmz,XnmA,Ajrfmz,Ajrfmz,A,TPivCY
Ajrfmz,XnmA,Ajrfmz,Ajrfmz,A,TPivCY,TPivCY
Ajrfmz,XnmA,Ajrfmz,Ajrfmz,A,TPivCY,TPivCY
Ajrfmz,XnmA,Ajrfmz,Ajrfmz,A,TPivCY,TPivCY,Ajrfmz,XnmA,Ajrfmz
Ajrfmz,XnmA,Ajrfmz,Ajrfmz,A,TPivCY,TPivCY,Ajrfmz,XnmA,Ajrfmz
Ajrfmz,XnmA,Ajrfmz,Ajrfmz,A,TPivCY,TPivCY,Ajrfmz,XnmA,Ajrfmz
Ajrfmz,XnmA,Ajrfmz,Ajrfmz,A,TPivCY,TPivCY,Ajrfmz,XnmA,Ajrfmz,DDVElP
Ajrfmz,XnmA,Ajrfmz,Ajrfmz,A,TPivCY
XnmA
XnmA,Ajrfmz,Ajrfmz,A,TPivCY
Ajrfmz
Ajrfmz
XnmA,Ajrfmz,Ajrfmz,A,TPivCY,ZN,TPivCY,A
XnmA,Ajrfmz,Ajrfmz,A,TPivCY,ZN,TPivCY,A
A
ZN
XnmA,Ajrfmz,Ajrfmz,ZN,A,TPivCY,TPivCY,A
XnmA,Ajrfmz,Ajrfmz,ZN,A,TPivCY,TPivCY,A
XnmA
Ajrfmz,Ajrfmz,A,XnmA,TPivCY,TPivCY,A,A,ZN
Ajrfmz,Ajrfmz,A,XnmA,TPivCY,TPivCY,A,A,ZN
Ajrfmz,Ajrfmz,A,XnmA,TPivCY,TPivCY,A,A,ZN,DDVElP,A
XnmA
Ajrfmz,Ajrfmz,XnmA,TPivCY,TPivCY,A,ZN,DDVElP,A,TPivCY
A
XnmA,Ajrfmz,Ajrfmz,A,TPivCY,ZN,TPivCY,A
A
XnmA,Ajrfmz,Ajrfmz,A,TPivCY,ZN,TPivCY,A
A
XnmA,Ajrfmz,Ajrfmz,A,TPivCY,ZN,TPivCY,A
A
XnmA,Ajrfmz,Ajrfmz,TPivCY,A,TPivCY,A,DDVElP
XnmA,Ajrfmz,Ajrfmz,TPivCY,A,TPivCY,A,DDVElP
XnmA,Ajrfmz,Ajrfmz,TPivCY,A,TPivCY,A,DDVElP
TPivCY
A
A
A
XnmA,Ajrfmz,A,Ajrfmz,TPivCY,ZN,TPivCY,A,ZN,DDVElP,Ajrfmz,TPivCY
XnmA,Ajrfmz,Ajrfmz,A,TPivCY,ZN,TPivCY,A
A
A
A
XnmA,Ajrfmz,Ajrfmz,A,TPivCY,ZN,TPivCY,A
XnmA,Ajrfmz,Ajrfmz,ZN,A,TPivCY,TPivCY,A,XnmA
XnmA,Ajrfmz,Ajrfmz,A,TPivCY,ZN,TPivCY,A
A
A
XnmA,Ajrfmz,Ajrfmz,A,TPivCY,ZN,TPivCY,A
XnmA,Ajrfmz,A,Ajrfmz,ZN,TPivCY,A
XnmA,Ajrfmz,A,Ajrfmz,ZN,TPivCY,A
XnmA,Ajrfmz,A,Ajrfmz,ZN,TPivCY,A
A
XnmA,Ajrfmz,Ajrfmz,A,TPivCY,ZN,TPivCY,A
A
A
A
TPivCY
Ajrfmz,Ajrfmz,TPivCY,XnmA,ZN,TPivCY,A,Ajrfmz,A,A,DDVElP
ZN
Ajrfmz,Ajrfmz,TPivCY,XnmA,ZN,TPivCY,A,Ajrfmz,A,A
Ajrfmz,Ajrfmz,TPivCY,XnmA,ZN,TPivCY,A,Ajrfmz,A,A,DDVElP
ZN
Ajrfmz,Ajrfmz,TPivCY,ZN,TPivCY,A,Ajrfmz,A,A,DDVElP
ZN
Ajrfmz,Ajrfmz,TPivCY,XnmA,ZN,TPivCY,A,Ajrfmz,A,A
ZN
Ajrfmz,Ajrfmz,TPivCY,XnmA,TPivCY,A,Ajrfmz,A,A,XnmA
TPivCY
A
Ajrfmz,TPivCY,XnmA,TPivCY,A,Ajrfmz,A,A,XnmA,Ajrfmz,TPivCY
A
Ajrfmz
TPivCY
TPivCY
TPivCY
TPivCY
TPivCY
XnmA,Ajrfmz,TPivCY,ZN,A,A,XnmA,Ajrfmz,TPivCY,XnmA,A,ZN,ZN
TPivCY
XnmA,Ajrfmz,TPivCY,A,A,XnmA,Ajrfmz,TPivCY,XnmA,A,ZN,ZN,XnmA
XnmA,Ajrfmz,TPivCY,A,A,XnmA,Ajrfmz,TPivCY,XnmA,A,ZN,ZN,XnmA
A
XnmA,TPivCY,A,A,XnmA,Ajrfmz,TPivCY,XnmA,A,ZN,ZN,XnmA,TPivCY,XnmA
A
A
A
XnmA,A,A,XnmA,Ajrfmz,TPivCY,XnmA,A,ZN,ZN,XnmA,TPivCY,XnmA
A
A
A
A
A
XnmA
XnmA
XnmA
Ajrfmz
Ajrfmz
XnmA,A,TPivCY,Ajrfmz,ZN,A,XnmA,XnmA,A,ZN,XnmA,TPivCY,XnmA
XnmA,A,TPivCY,Ajrfmz,ZN,A,XnmA,XnmA,A,ZN,XnmA,TPivCY,XnmA
XnmA,A,TPivCY,Ajrfmz,ZN,A,XnmA,XnmA,A,ZN,XnmA,TPivCY,XnmA,Ajrfmz,TPivCY
XnmA,A,TPivCY,Ajrfmz,ZN,A,XnmA,XnmA,A,ZN,XnmA,TPivCY,XnmA,Ajrfmz,TPivCY
Ajrfmz
Ajrfmz
ZN
ZN
ZN
XnmA,Ajrfmz,ZN,A,TPivCY,XnmA,XnmA,A,ZN,XnmA,TPivCY,XnmA,Ajrfmz,TPivCY,DDVElP
A
A
XnmA,TPivCY,Ajrfmz,ZN,A,XnmA,XnmA,A,ZN,XnmA,TPivCY,XnmA,Ajrfmz,TPivCY,DDVElP
DDVElP
TPivCY,Ajrfmz,ZN,A,DDVElP,XnmA,XnmA,A,ZN,XnmA,TPivCY,XnmA,Ajrfmz,TPivCY
XnmA,Ajrfmz,ZN,A,XnmA,XnmA,A,ZN,XnmA,TPivCY,XnmA,Ajrfmz,TPivCY,DDVElP
TPivCY
XnmA,TPivCY,Ajrfmz,ZN,A,XnmA,XnmA,A,ZN,XnmA,TPivCY,XnmA,Ajrfmz,TPivCY,DDVElP
A
XnmA,TPivCY,Ajrfmz,ZN,A,XnmA,XnmA,A,ZN,XnmA,TPivCY,XnmA,Ajrfmz,TPivCY,DDVElP,A
Jedi Wagner, assuma o comando!