XJxGvIOsGT
XJxGvIOsGT
UVFTPk
UVFTPk
UVFTPk
UVFTPk
UVFTPk
UVFTPk
UVFTPk
UVFTPk,tcqv,tcqv
UVFTPk,tcqv,tcqv,rwqgeQ
tcqv
UVFTPk,tcqv,tcqv,rwqgeQ
UVFTPk
tcqv
UVFTPk,tcqv,tcqv,rwqgeQ,UVFTPk,XJxGvIOsGT,rwqgeQ
tcqv,tcqv,rwqgeQ,tcqv
tcqv,tcqv,rwqgeQ,tcqv
rwqgeQ
tcqv,tcqv,rwqgeQ,tcqv
tcqv,tcqv,rwqgeQ,tcqv
tcqv,tcqv,rwqgeQ,tcqv
tcqv,rwqgeQ,tcqv,tcqv,yoIbqD,wJ,wJ
rwqgeQ
tcqv,rwqgeQ,tcqv,tcqv,yoIbqD,wJ
tcqv,tcqv,rwqgeQ,tcqv
rwqgeQ
tcqv,tcqv,rwqgeQ,tcqv,wJ
tcqv
tcqv,tcqv,rwqgeQ,tcqv,wJ
tcqv,rwqgeQ,tcqv,tcqv
tcqv,tcqv,rwqgeQ,tcqv,wJ
tcqv
tcqv,tcqv,rwqgeQ,tcqv,wJ,wJ,RUXmy
tcqv,tcqv,rwqgeQ,tcqv,wJ,wJ,RUXmy,wJ
rwqgeQ
tcqv,tcqv,rwqgeQ,tcqv,wJ,wJ,RUXmy,wJ
rwqgeQ
rwqgeQ
rwqgeQ
tcqv,tcqv,rwqgeQ,tcqv,wJ,wJ,RUXmy
tcqv,tcqv,rwqgeQ,tcqv,wJ,wJ,RUXmy
rwqgeQ
tcqv,tcqv,rwqgeQ,tcqv,wJ,wJ,RUXmy
tcqv,tcqv,rwqgeQ,tcqv,wJ,wJ,RUXmy
rwqgeQ
rwqgeQ
tcqv,tcqv,rwqgeQ,tcqv,wJ,RUXmy,XJxGvIOsGT
wJ
wJ
tcqv
tcqv,rwqgeQ,tcqv,XJxGvIOsGT,tcqv,RUXmy,tcqv,yoIbqD
tcqv,rwqgeQ,tcqv,XJxGvIOsGT,tcqv,RUXmy,tcqv,yoIbqD
tcqv,rwqgeQ,tcqv,XJxGvIOsGT,tcqv,RUXmy,tcqv,yoIbqD
tcqv,rwqgeQ,tcqv,XJxGvIOsGT,tcqv,RUXmy,tcqv,yoIbqD,wJ
tcqv
tcqv
tcqv
tcqv,tcqv,rwqgeQ,tcqv,wJ,XJxGvIOsGT
tcqv
tcqv,tcqv,rwqgeQ,tcqv,wJ,XJxGvIOsGT
tcqv
wJ,tcqv,tcqv,rwqgeQ,tcqv,XJxGvIOsGT
wJ,tcqv,tcqv,rwqgeQ,tcqv,XJxGvIOsGT
wJ
wJ
wJ
wJ
wJ,tcqv,rwqgeQ,tcqv,XJxGvIOsGT,XJxGvIOsGT,UVFTPk
wJ,tcqv,rwqgeQ,tcqv,XJxGvIOsGT,XJxGvIOsGT,UVFTPk
wJ
tcqv
XJxGvIOsGT
rwqgeQ,XJxGvIOsGT,tcqv,tcqv,tcqv,wJ,UVFTPk,UVFTPk
rwqgeQ
tcqv,tcqv,rwqgeQ,tcqv,wJ,XJxGvIOsGT
tcqv,tcqv,rwqgeQ,tcqv,wJ
tcqv,tcqv,rwqgeQ,tcqv,wJ,UVFTPk
tcqv,tcqv,rwqgeQ,tcqv,UVFTPk,RUXmy
tcqv
tcqv
tcqv
tcqv,tcqv,tcqv,wJ,XJxGvIOsGT,UVFTPk
wJ
tcqv,tcqv,tcqv,wJ,XJxGvIOsGT,UVFTPk
tcqv,tcqv,tcqv,yoIbqD,wJ,XJxGvIOsGT,UVFTPk,UVFTPk
wJ
tcqv,tcqv,tcqv,wJ,XJxGvIOsGT,UVFTPk
wJ
tcqv,tcqv,tcqv,wJ,XJxGvIOsGT,UVFTPk
XJxGvIOsGT
tcqv,tcqv,tcqv,wJ,XJxGvIOsGT,UVFTPk
XJxGvIOsGT
tcqv,tcqv,tcqv,XJxGvIOsGT,UVFTPk
tcqv,tcqv,XJxGvIOsGT,UVFTPk
tcqv,tcqv,XJxGvIOsGT,UVFTPk
tcqv,tcqv,XJxGvIOsGT,UVFTPk,yoIbqD,rwqgeQ
tcqv,tcqv,XJxGvIOsGT,UVFTPk,yoIbqD,rwqgeQ,yoIbqD
tcqv,tcqv,XJxGvIOsGT,UVFTPk
tcqv
tcqv,tcqv,XJxGvIOsGT,UVFTPk,rwqgeQ
rwqgeQ
tcqv
tcqv,tcqv,XJxGvIOsGT,UVFTPk,yoIbqD
tcqv
tcqv,tcqv,XJxGvIOsGT,UVFTPk
tcqv,tcqv,XJxGvIOsGT,UVFTPk,rwqgeQ
tcqv
tcqv,tcqv,XJxGvIOsGT,UVFTPk,rwqgeQ
tcqv,tcqv,XJxGvIOsGT,UVFTPk,rwqgeQ,UVFTPk
tcqv,tcqv,XJxGvIOsGT,UVFTPk
tcqv
tcqv
tcqv
tcqv,tcqv,XJxGvIOsGT,UVFTPk,wJ,yoIbqD,UVFTPk
tcqv
tcqv,XJxGvIOsGT,wJ,yoIbqD,UVFTPk,wJ
tcqv,XJxGvIOsGT,wJ,yoIbqD,UVFTPk,wJ
tcqv,XJxGvIOsGT,wJ,yoIbqD,UVFTPk,wJ
tcqv,XJxGvIOsGT,wJ,yoIbqD,UVFTPk,wJ
XJxGvIOsGT
tcqv,XJxGvIOsGT,wJ,UVFTPk,wJ
tcqv,XJxGvIOsGT,wJ,yoIbqD,UVFTPk,wJ
wJ,tcqv,yoIbqD,UVFTPk,wJ,XJxGvIOsGT
yoIbqD
tcqv
tcqv
tcqv
wJ,tcqv,yoIbqD,UVFTPk,wJ,XJxGvIOsGT,RUXmy,UVFTPk
wJ,tcqv,yoIbqD,UVFTPk,wJ,XJxGvIOsGT,RUXmy,UVFTPk
wJ,tcqv,yoIbqD,UVFTPk,wJ,XJxGvIOsGT,RUXmy,UVFTPk
wJ,tcqv,yoIbqD,UVFTPk,wJ,XJxGvIOsGT,RUXmy,UVFTPk,yoIbqD
wJ,tcqv,yoIbqD,UVFTPk,wJ,XJxGvIOsGT,RUXmy,UVFTPk,yoIbqD
UVFTPk
wJ,tcqv,yoIbqD,UVFTPk,rwqgeQ,wJ,XJxGvIOsGT,RUXmy,UVFTPk,yoIbqD
wJ,tcqv,yoIbqD,UVFTPk,rwqgeQ,wJ,XJxGvIOsGT,RUXmy,UVFTPk,yoIbqD
wJ,tcqv,yoIbqD,RUXmy,UVFTPk,rwqgeQ,wJ,XJxGvIOsGT,UVFTPk,yoIbqD
wJ,tcqv,yoIbqD,RUXmy,UVFTPk,rwqgeQ,wJ,UVFTPk,yoIbqD
wJ,tcqv,RUXmy,yoIbqD,UVFTPk,rwqgeQ,wJ,UVFTPk,yoIbqD,UVFTPk
tcqv,RUXmy,yoIbqD,UVFTPk,rwqgeQ,wJ,UVFTPk,yoIbqD,UVFTPk,XJxGvIOsGT,rwqgeQ
tcqv,RUXmy,yoIbqD,UVFTPk,rwqgeQ,wJ,UVFTPk,yoIbqD,UVFTPk,XJxGvIOsGT,rwqgeQ
UVFTPk
tcqv,RUXmy,yoIbqD,UVFTPk,rwqgeQ,wJ,UVFTPk,yoIbqD,UVFTPk,XJxGvIOsGT,rwqgeQ,wJ,rwqgeQ
tcqv,RUXmy,yoIbqD,UVFTPk,rwqgeQ,wJ,UVFTPk,yoIbqD,UVFTPk,XJxGvIOsGT
tcqv,RUXmy,yoIbqD,UVFTPk,rwqgeQ,wJ,UVFTPk,yoIbqD,UVFTPk,XJxGvIOsGT
UVFTPk
RUXmy
tcqv,yoIbqD,RUXmy,rwqgeQ,wJ,UVFTPk,yoIbqD,UVFTPk,RUXmy
RUXmy
rwqgeQ
tcqv,RUXmy,yoIbqD,UVFTPk,rwqgeQ,wJ,UVFTPk,yoIbqD,UVFTPk,XJxGvIOsGT
UVFTPk
tcqv,RUXmy,yoIbqD,UVFTPk,rwqgeQ,wJ,UVFTPk,yoIbqD,UVFTPk,XJxGvIOsGT
tcqv,RUXmy,yoIbqD,UVFTPk,rwqgeQ,wJ,UVFTPk,yoIbqD,UVFTPk,XJxGvIOsGT
UVFTPk
RUXmy,yoIbqD,UVFTPk,wJ,rwqgeQ,UVFTPk,yoIbqD,UVFTPk,XJxGvIOsGT,yoIbqD,wJ
UVFTPk
RUXmy,yoIbqD,UVFTPk,wJ,rwqgeQ,UVFTPk,yoIbqD,UVFTPk,XJxGvIOsGT,yoIbqD,wJ,RUXmy
RUXmy,yoIbqD,UVFTPk,wJ,rwqgeQ,UVFTPk,yoIbqD,UVFTPk,XJxGvIOsGT,yoIbqD,wJ,RUXmy
wJ
RUXmy,UVFTPk,rwqgeQ,wJ,UVFTPk,UVFTPk,yoIbqD,wJ,RUXmy,tcqv,UVFTPk
RUXmy,UVFTPk,rwqgeQ,UVFTPk,yoIbqD,UVFTPk,yoIbqD,wJ,RUXmy,tcqv,UVFTPk
wJ
wJ,RUXmy,rwqgeQ,UVFTPk,yoIbqD,UVFTPk,XJxGvIOsGT,yoIbqD,wJ,RUXmy
RUXmy,yoIbqD,UVFTPk,wJ,rwqgeQ,UVFTPk,yoIbqD,UVFTPk,XJxGvIOsGT,yoIbqD,wJ,RUXmy,tcqv,yoIbqD
RUXmy,yoIbqD,UVFTPk,wJ,rwqgeQ,UVFTPk,yoIbqD,UVFTPk,XJxGvIOsGT,yoIbqD,wJ,RUXmy,tcqv,yoIbqD
RUXmy,yoIbqD,UVFTPk,wJ,rwqgeQ,UVFTPk,yoIbqD,UVFTPk,XJxGvIOsGT,yoIbqD,wJ,RUXmy,tcqv,yoIbqD
RUXmy,yoIbqD,UVFTPk,wJ,rwqgeQ,UVFTPk,yoIbqD,UVFTPk,XJxGvIOsGT,yoIbqD,wJ,RUXmy,tcqv,yoIbqD
wJ
wJ
RUXmy,yoIbqD,wJ,rwqgeQ,UVFTPk,yoIbqD,UVFTPk,XJxGvIOsGT,yoIbqD,wJ,RUXmy,tcqv,yoIbqD,RUXmy
RUXmy,yoIbqD,wJ,rwqgeQ,UVFTPk,yoIbqD,UVFTPk,XJxGvIOsGT,yoIbqD,wJ,RUXmy,tcqv,yoIbqD,RUXmy
wJ
wJ
RUXmy,yoIbqD,wJ,rwqgeQ,UVFTPk,yoIbqD,UVFTPk,XJxGvIOsGT,yoIbqD,wJ,RUXmy,tcqv,yoIbqD,RUXmy,tcqv
RUXmy,yoIbqD,wJ,rwqgeQ,UVFTPk,yoIbqD,UVFTPk,XJxGvIOsGT,yoIbqD,wJ,RUXmy,tcqv,yoIbqD,RUXmy,tcqv,tcqv
RUXmy,yoIbqD,UVFTPk,wJ,rwqgeQ,UVFTPk,yoIbqD,UVFTPk,XJxGvIOsGT,yoIbqD,wJ,RUXmy
RUXmy,yoIbqD,UVFTPk,wJ,rwqgeQ,UVFTPk,yoIbqD,UVFTPk,XJxGvIOsGT,yoIbqD,wJ,RUXmy
wJ
RUXmy
RUXmy
RUXmy
rwqgeQ
rwqgeQ
rwqgeQ
wJ,rwqgeQ,RUXmy,UVFTPk,yoIbqD,wJ,RUXmy,yoIbqD,XJxGvIOsGT,RUXmy,RUXmy
wJ,RUXmy,UVFTPk,yoIbqD,wJ,RUXmy,yoIbqD,XJxGvIOsGT,RUXmy,RUXmy
wJ,RUXmy,UVFTPk,yoIbqD,wJ,RUXmy,yoIbqD,XJxGvIOsGT,RUXmy,RUXmy
wJ,RUXmy,UVFTPk,yoIbqD,wJ,RUXmy,yoIbqD,XJxGvIOsGT,RUXmy,RUXmy
yoIbqD
yoIbqD
wJ,rwqgeQ,RUXmy,UVFTPk,yoIbqD,wJ,RUXmy,yoIbqD,XJxGvIOsGT,RUXmy
wJ,rwqgeQ,RUXmy,UVFTPk,yoIbqD,wJ,RUXmy,yoIbqD,XJxGvIOsGT,RUXmy
wJ,rwqgeQ,RUXmy,UVFTPk,wJ,RUXmy,yoIbqD,XJxGvIOsGT,RUXmy,XJxGvIOsGT
wJ
wJ
wJ
wJ
RUXmy
RUXmy
RUXmy
RUXmy
yoIbqD,wJ,wJ,rwqgeQ,RUXmy,yoIbqD,XJxGvIOsGT,RUXmy,RUXmy,XJxGvIOsGT
yoIbqD,wJ,wJ,rwqgeQ,RUXmy,yoIbqD,XJxGvIOsGT,RUXmy,RUXmy,XJxGvIOsGT
XJxGvIOsGT
yoIbqD,wJ,wJ,XJxGvIOsGT,rwqgeQ,yoIbqD,RUXmy,RUXmy,XJxGvIOsGT
yoIbqD,wJ,wJ,rwqgeQ,yoIbqD,XJxGvIOsGT,RUXmy,XJxGvIOsGT
rwqgeQ
yoIbqD,wJ,wJ,rwqgeQ,yoIbqD,XJxGvIOsGT,RUXmy,XJxGvIOsGT,rwqgeQ
yoIbqD,wJ,wJ,rwqgeQ,yoIbqD,XJxGvIOsGT,RUXmy,XJxGvIOsGT,rwqgeQ
yoIbqD,wJ,wJ,rwqgeQ,yoIbqD,XJxGvIOsGT,RUXmy,XJxGvIOsGT,rwqgeQ,tcqv,wJ
rwqgeQ
rwqgeQ
rwqgeQ
rwqgeQ
rwqgeQ
Jedi Wagner, assuma o comando!