Toque! Toque, Dijê!
vEbMCOZJu
vEbMCOZJu
Toque! Toque, Dijê!
Toque! Toque, Dijê!
vEbMCOZJu
vEbMCOZJu
vEbMCOZJu
vEbMCOZJu
vEbMCOZJu
vEbMCOZJu
vEbMCOZJu
vEbMCOZJu
vEbMCOZJu,vEbMCOZJu,vEbMCOZJu,vEbMCOZJu,vEbMCOZJu
vEbMCOZJu
vEbMCOZJu,vEbMCOZJu,vEbMCOZJu,vEbMCOZJu
vEbMCOZJu,vEbMCOZJu,vEbMCOZJu,vEbMCOZJu
vEbMCOZJu,vEbMCOZJu,vEbMCOZJu,vEbMCOZJu
vEbMCOZJu,vEbMCOZJu,vEbMCOZJu,vEbMCOZJu
vEbMCOZJu
vEbMCOZJu
vEbMCOZJu
vEbMCOZJu
vEbMCOZJu,vEbMCOZJu,vEbMCOZJu,vEbMCOZJu
vEbMCOZJu,vEbMCOZJu,vEbMCOZJu,vEbMCOZJu
vEbMCOZJu
vEbMCOZJu
vEbMCOZJu
vEbMCOZJu,vEbMCOZJu,vEbMCOZJu,vEbMCOZJu
vEbMCOZJu
vEbMCOZJu
vEbMCOZJu
vEbMCOZJu
vEbMCOZJu
vEbMCOZJu,vEbMCOZJu,vEbMCOZJu,vEbMCOZJu,vEbMCOZJu,vEbMCOZJu,vEbMCOZJu
vEbMCOZJu
vEbMCOZJu
vEbMCOZJu,vEbMCOZJu,vEbMCOZJu,vEbMCOZJu,vEbMCOZJu,vEbMCOZJu,vEbMCOZJu,vEbMCOZJu,vEbMCOZJu
vEbMCOZJu,vEbMCOZJu,vEbMCOZJu,vEbMCOZJu,vEbMCOZJu,vEbMCOZJu,vEbMCOZJu,vEbMCOZJu,vEbMCOZJu
vEbMCOZJu
vEbMCOZJu
vEbMCOZJu,vEbMCOZJu,vEbMCOZJu,vEbMCOZJu,vEbMCOZJu,vEbMCOZJu,vEbMCOZJu
vEbMCOZJu,vEbMCOZJu,vEbMCOZJu,vEbMCOZJu,vEbMCOZJu,vEbMCOZJu,vEbMCOZJu,vEbMCOZJu,vEbMCOZJu
vEbMCOZJu
vEbMCOZJu
Jedi Wagner, assuma o comando!