Toque! Toque, Dijê!
dBGe
dBGe
dBGe
dBGe
dBGe
[vazia]
Toque! Toque, Dijê!
uWdrhteOLi,QRVRYpPwS
uWdrhteOLi,QRVRYpPwS
uWdrhteOLi,QRVRYpPwS,dBGe
uWdrhteOLi,QRVRYpPwS,dBGe
QRVRYpPwS,uWdrhteOLi
QRVRYpPwS,uWdrhteOLi
uWdrhteOLi,QRVRYpPwS
TFzAcUm
QRVRYpPwS,TFzAcUm
QRVRYpPwS,TFzAcUm
TFzAcUm
TFzAcUm
TFzAcUm
TFzAcUm
QRVRYpPwS,TFzAcUm,QRVRYpPwS,QRVRYpPwS
QRVRYpPwS,TFzAcUm,QRVRYpPwS,QRVRYpPwS
TFzAcUm
QRVRYpPwS,TFzAcUm
TFzAcUm
TFzAcUm
TFzAcUm
TFzAcUm
TFzAcUm,QRVRYpPwS
TFzAcUm,QRVRYpPwS,TFzAcUm
TFzAcUm
TFzAcUm,QRVRYpPwS,TFzAcUm,TFzAcUm
TFzAcUm,QRVRYpPwS,TFzAcUm,TFzAcUm
TFzAcUm,TFzAcUm,TFzAcUm,QRVRYpPwS
TFzAcUm,uWdrhteOLi,TFzAcUm,QRVRYpPwS,uWdrhteOLi,uWdrhteOLi,QRVRYpPwS,uWdrhteOLi
uWdrhteOLi
TFzAcUm,QRVRYpPwS,TFzAcUm,TFzAcUm
TFzAcUm
QRVRYpPwS,TFzAcUm,TFzAcUm,TFzAcUm
TFzAcUm
TFzAcUm,TFzAcUm,TFzAcUm,QRVRYpPwS
QRVRYpPwS
QRVRYpPwS
TFzAcUm,TFzAcUm,TFzAcUm,QRVRYpPwS
TFzAcUm,TFzAcUm,TFzAcUm,QRVRYpPwS
Jedi Wagner, assuma o comando!