Toque! Toque, Dijê!
Toque! Toque, Dijê!
iQYROv
iQYROv
iQYROv
iQYROv,iQYROv
iQYROv,iQYROv,orAWskAPcm,xikkYInmv
iQYROv
iQYROv
iQYROv
iQYROv
iQYROv,iQYROv,orAWskAPcm,xikkYInmv,xikkYInmv
iQYROv,iQYROv,orAWskAPcm,xikkYInmv,xikkYInmv,orAWskAPcm
iQYROv,iQYROv,orAWskAPcm,xikkYInmv,xikkYInmv,orAWskAPcm
iQYROv,xikkYInmv,iQYROv,orAWskAPcm,xikkYInmv,orAWskAPcm,nRMgAN
iQYROv,xikkYInmv,iQYROv,orAWskAPcm,xikkYInmv,orAWskAPcm,xikkYInmv
xikkYInmv
xikkYInmv
iQYROv
iQYROv
iQYROv
iQYROv,iQYROv,orAWskAPcm,xikkYInmv,orAWskAPcm,nRMgAN,czuEZscGx,iQYROv
iQYROv,iQYROv,orAWskAPcm,xikkYInmv,orAWskAPcm,nRMgAN,czuEZscGx,iQYROv
orAWskAPcm
iQYROv,iQYROv,orAWskAPcm,xikkYInmv,orAWskAPcm,nRMgAN,czuEZscGx,iQYROv,orAWskAPcm
iQYROv,iQYROv,orAWskAPcm,xikkYInmv,orAWskAPcm,nRMgAN,czuEZscGx,iQYROv,orAWskAPcm
iQYROv,iQYROv,orAWskAPcm,xikkYInmv,orAWskAPcm,nRMgAN,czuEZscGx,iQYROv,orAWskAPcm
xikkYInmv
iQYROv,iQYROv,orAWskAPcm,xikkYInmv,orAWskAPcm,nRMgAN,czuEZscGx,iQYROv,orAWskAPcm,eHY
iQYROv,iQYROv,orAWskAPcm,xikkYInmv,eHY,nRMgAN,orAWskAPcm,czuEZscGx,iQYROv,orAWskAPcm
iQYROv,iQYROv,orAWskAPcm,xikkYInmv,orAWskAPcm,nRMgAN,czuEZscGx,iQYROv,orAWskAPcm
xikkYInmv
iQYROv,iQYROv,orAWskAPcm,xikkYInmv,orAWskAPcm,czuEZscGx,iQYROv,orAWskAPcm,orAWskAPcm,rtE,BIrJQPCyti
xikkYInmv
orAWskAPcm
orAWskAPcm
iQYROv,iQYROv,xikkYInmv,orAWskAPcm,czuEZscGx,iQYROv,orAWskAPcm,orAWskAPcm,rtE,BIrJQPCyti,czuEZscGx
orAWskAPcm
iQYROv,iQYROv,xikkYInmv,orAWskAPcm,czuEZscGx,iQYROv,orAWskAPcm,orAWskAPcm,rtE,BIrJQPCyti,czuEZscGx
iQYROv,iQYROv,xikkYInmv,orAWskAPcm,czuEZscGx,iQYROv,orAWskAPcm,orAWskAPcm,rtE,BIrJQPCyti,czuEZscGx
iQYROv,iQYROv,xikkYInmv,orAWskAPcm,czuEZscGx,iQYROv,orAWskAPcm,orAWskAPcm,rtE,BIrJQPCyti,CYqKGNl
orAWskAPcm
iQYROv,iQYROv,xikkYInmv,orAWskAPcm,czuEZscGx,iQYROv,orAWskAPcm,orAWskAPcm,rtE,BIrJQPCyti
iQYROv,iQYROv,xikkYInmv,orAWskAPcm,czuEZscGx,iQYROv,orAWskAPcm,orAWskAPcm,rtE,BIrJQPCyti
orAWskAPcm
iQYROv,iQYROv,xikkYInmv,orAWskAPcm,czuEZscGx,iQYROv,orAWskAPcm,orAWskAPcm,rtE,BIrJQPCyti
iQYROv,iQYROv,xikkYInmv,orAWskAPcm,czuEZscGx,iQYROv,orAWskAPcm,orAWskAPcm,rtE,BIrJQPCyti
JuCKE
iQYROv,iQYROv,xikkYInmv,JuCKE,orAWskAPcm,czuEZscGx,iQYROv,orAWskAPcm,orAWskAPcm,BIrJQPCyti,czuEZscGx
JuCKE
iQYROv,iQYROv,xikkYInmv,JuCKE,orAWskAPcm,czuEZscGx,iQYROv,orAWskAPcm,orAWskAPcm,BIrJQPCyti,czuEZscGx
iQYROv,iQYROv,xikkYInmv,JuCKE,orAWskAPcm,czuEZscGx,iQYROv,orAWskAPcm,orAWskAPcm,BIrJQPCyti,czuEZscGx
iQYROv,iQYROv,xikkYInmv,JuCKE,orAWskAPcm,czuEZscGx,iQYROv,orAWskAPcm,orAWskAPcm,BIrJQPCyti,czuEZscGx
iQYROv,iQYROv,xikkYInmv,JuCKE,orAWskAPcm,czuEZscGx,iQYROv,orAWskAPcm,orAWskAPcm,BIrJQPCyti,czuEZscGx
iQYROv,iQYROv,xikkYInmv,JuCKE,orAWskAPcm,czuEZscGx,iQYROv,orAWskAPcm,orAWskAPcm,BIrJQPCyti,czuEZscGx,iQYROv
iQYROv,iQYROv,xikkYInmv,orAWskAPcm,czuEZscGx,iQYROv,orAWskAPcm,orAWskAPcm,BIrJQPCyti,czuEZscGx,iQYROv
orAWskAPcm
orAWskAPcm
iQYROv,iQYROv,xikkYInmv,orAWskAPcm,czuEZscGx,iQYROv,orAWskAPcm,orAWskAPcm,BIrJQPCyti,czuEZscGx,iQYROv,orAWskAPcm
iQYROv,iQYROv,xikkYInmv,orAWskAPcm,czuEZscGx,iQYROv,orAWskAPcm,orAWskAPcm,BIrJQPCyti,czuEZscGx,iQYROv,orAWskAPcm
orAWskAPcm
czuEZscGx
iQYROv,iQYROv,xikkYInmv,orAWskAPcm,czuEZscGx,iQYROv,orAWskAPcm,orAWskAPcm,BIrJQPCyti,czuEZscGx,iQYROv,orAWskAPcm,eHY
czuEZscGx
iQYROv,iQYROv,orAWskAPcm,czuEZscGx,iQYROv,orAWskAPcm,orAWskAPcm,BIrJQPCyti,czuEZscGx,iQYROv,orAWskAPcm,eHY
iQYROv
iQYROv,iQYROv,orAWskAPcm,czuEZscGx,iQYROv,orAWskAPcm,orAWskAPcm,BIrJQPCyti,czuEZscGx,iQYROv,orAWskAPcm,eHY,BIrJQPCyti
iQYROv,iQYROv,orAWskAPcm,czuEZscGx,iQYROv,orAWskAPcm,orAWskAPcm,BIrJQPCyti,czuEZscGx,iQYROv,orAWskAPcm,eHY,BIrJQPCyti
iQYROv,iQYROv,orAWskAPcm,czuEZscGx,iQYROv,orAWskAPcm,orAWskAPcm,BIrJQPCyti,czuEZscGx,iQYROv,orAWskAPcm,eHY,BIrJQPCyti
iQYROv,iQYROv,orAWskAPcm,czuEZscGx,iQYROv,orAWskAPcm,orAWskAPcm,BIrJQPCyti,czuEZscGx,iQYROv,orAWskAPcm,eHY,BIrJQPCyti
iQYROv,iQYROv,orAWskAPcm,czuEZscGx,iQYROv,orAWskAPcm,orAWskAPcm,BIrJQPCyti,czuEZscGx,iQYROv,orAWskAPcm,eHY,BIrJQPCyti
BIrJQPCyti
iQYROv,iQYROv,orAWskAPcm,czuEZscGx,iQYROv,orAWskAPcm,orAWskAPcm,BIrJQPCyti,czuEZscGx,iQYROv,orAWskAPcm,eHY,BIrJQPCyti,iQYROv
iQYROv,iQYROv,orAWskAPcm,czuEZscGx,iQYROv,orAWskAPcm,orAWskAPcm,czuEZscGx,iQYROv,orAWskAPcm,eHY,BIrJQPCyti,iQYROv,orAWskAPcm,JuCKE,eHY,BIrJQPCyti
iQYROv
czuEZscGx
iQYROv,iQYROv,orAWskAPcm,iQYROv,orAWskAPcm,orAWskAPcm,czuEZscGx,iQYROv,czuEZscGx,orAWskAPcm,eHY,iQYROv,orAWskAPcm,JuCKE,eHY
iQYROv,iQYROv,orAWskAPcm,czuEZscGx,iQYROv,orAWskAPcm,orAWskAPcm,BIrJQPCyti,czuEZscGx,iQYROv,orAWskAPcm,eHY,BIrJQPCyti,iQYROv,orAWskAPcm
iQYROv,iQYROv,orAWskAPcm,czuEZscGx,iQYROv,orAWskAPcm,orAWskAPcm,BIrJQPCyti,czuEZscGx,iQYROv,orAWskAPcm,eHY,BIrJQPCyti,iQYROv,orAWskAPcm
iQYROv,iQYROv,orAWskAPcm,czuEZscGx,iQYROv,orAWskAPcm,orAWskAPcm,BIrJQPCyti,czuEZscGx,iQYROv,orAWskAPcm,eHY,BIrJQPCyti,iQYROv,orAWskAPcm
iQYROv
iQYROv,iQYROv,czuEZscGx,iQYROv,orAWskAPcm,orAWskAPcm,BIrJQPCyti,czuEZscGx,iQYROv,orAWskAPcm,eHY,BIrJQPCyti,iQYROv,orAWskAPcm
iQYROv,iQYROv,czuEZscGx,iQYROv,orAWskAPcm,orAWskAPcm,BIrJQPCyti,czuEZscGx,iQYROv,orAWskAPcm,eHY,BIrJQPCyti,iQYROv,orAWskAPcm
iQYROv,iQYROv,orAWskAPcm,czuEZscGx,iQYROv,orAWskAPcm,orAWskAPcm,BIrJQPCyti,czuEZscGx,iQYROv,orAWskAPcm,eHY,BIrJQPCyti,iQYROv,orAWskAPcm,BIrJQPCyti
iQYROv,iQYROv,orAWskAPcm,czuEZscGx,iQYROv,orAWskAPcm,orAWskAPcm,BIrJQPCyti,czuEZscGx,iQYROv,orAWskAPcm,eHY,BIrJQPCyti,iQYROv,orAWskAPcm,BIrJQPCyti
iQYROv
iQYROv,iQYROv,orAWskAPcm,czuEZscGx,iQYROv,orAWskAPcm,orAWskAPcm,BIrJQPCyti,czuEZscGx,iQYROv,orAWskAPcm,eHY,BIrJQPCyti,iQYROv,orAWskAPcm
iQYROv
iQYROv,iQYROv,orAWskAPcm,czuEZscGx,iQYROv,orAWskAPcm,orAWskAPcm,BIrJQPCyti,czuEZscGx,eHY,iQYROv,orAWskAPcm,BIrJQPCyti,iQYROv,orAWskAPcm
iQYROv,orAWskAPcm,czuEZscGx,iQYROv,orAWskAPcm,orAWskAPcm,BIrJQPCyti,czuEZscGx,eHY,iQYROv,iQYROv,orAWskAPcm,BIrJQPCyti,iQYROv,orAWskAPcm
iQYROv,iQYROv,orAWskAPcm,czuEZscGx,iQYROv,orAWskAPcm,orAWskAPcm,BIrJQPCyti,czuEZscGx,iQYROv,orAWskAPcm,eHY,BIrJQPCyti,iQYROv,orAWskAPcm
iQYROv,iQYROv,orAWskAPcm,czuEZscGx,iQYROv,orAWskAPcm,orAWskAPcm,BIrJQPCyti,czuEZscGx,iQYROv,orAWskAPcm,eHY,BIrJQPCyti,iQYROv,orAWskAPcm
iQYROv
iQYROv
iQYROv
iQYROv,iQYROv,orAWskAPcm,czuEZscGx,iQYROv,orAWskAPcm,orAWskAPcm,BIrJQPCyti,czuEZscGx,iQYROv,orAWskAPcm,eHY,BIrJQPCyti,iQYROv,orAWskAPcm
iQYROv
iQYROv,iQYROv,orAWskAPcm,iQYROv,orAWskAPcm,orAWskAPcm,BIrJQPCyti,czuEZscGx,iQYROv,eHY,czuEZscGx,orAWskAPcm,BIrJQPCyti,iQYROv,orAWskAPcm
eHY
iQYROv,iQYROv,orAWskAPcm,iQYROv,orAWskAPcm,orAWskAPcm,BIrJQPCyti,iQYROv,eHY,czuEZscGx,orAWskAPcm,BIrJQPCyti,iQYROv,orAWskAPcm,czuEZscGx
eHY
eHY
czuEZscGx
czuEZscGx
iQYROv,iQYROv,orAWskAPcm,iQYROv,orAWskAPcm,orAWskAPcm,BIrJQPCyti,czuEZscGx,iQYROv,czuEZscGx,orAWskAPcm,eHY,BIrJQPCyti,iQYROv,orAWskAPcm
iQYROv,iQYROv,orAWskAPcm,iQYROv,orAWskAPcm,orAWskAPcm,BIrJQPCyti,czuEZscGx,iQYROv,czuEZscGx,orAWskAPcm,eHY,BIrJQPCyti,iQYROv,orAWskAPcm
iQYROv,iQYROv,orAWskAPcm,iQYROv,orAWskAPcm,orAWskAPcm,BIrJQPCyti,czuEZscGx,iQYROv,czuEZscGx,orAWskAPcm,eHY,BIrJQPCyti,iQYROv,orAWskAPcm,JuCKE,rtE
czuEZscGx
czuEZscGx
iQYROv,iQYROv,orAWskAPcm,iQYROv,orAWskAPcm,orAWskAPcm,BIrJQPCyti,czuEZscGx,iQYROv,czuEZscGx,orAWskAPcm,eHY,BIrJQPCyti,iQYROv,orAWskAPcm
iQYROv,iQYROv,orAWskAPcm,iQYROv,orAWskAPcm,orAWskAPcm,BIrJQPCyti,czuEZscGx,iQYROv,czuEZscGx,orAWskAPcm,eHY,BIrJQPCyti,iQYROv,orAWskAPcm
czuEZscGx
czuEZscGx
czuEZscGx
czuEZscGx
czuEZscGx
czuEZscGx
iQYROv,iQYROv,orAWskAPcm,iQYROv,orAWskAPcm,orAWskAPcm,BIrJQPCyti,iQYROv,czuEZscGx,orAWskAPcm,eHY,BIrJQPCyti,iQYROv,orAWskAPcm,iQYROv
orAWskAPcm
orAWskAPcm
iQYROv,iQYROv,orAWskAPcm,iQYROv,orAWskAPcm,orAWskAPcm,BIrJQPCyti,iQYROv,czuEZscGx,orAWskAPcm,eHY,BIrJQPCyti,iQYROv,orAWskAPcm,eHY,CYqKGNl
orAWskAPcm
iQYROv,iQYROv,orAWskAPcm,iQYROv,orAWskAPcm,orAWskAPcm,BIrJQPCyti,iQYROv,czuEZscGx,orAWskAPcm,eHY,BIrJQPCyti,iQYROv,orAWskAPcm,eHY,CYqKGNl
BIrJQPCyti
iQYROv,iQYROv,orAWskAPcm,iQYROv,orAWskAPcm,orAWskAPcm,iQYROv,czuEZscGx,orAWskAPcm,BIrJQPCyti,eHY,BIrJQPCyti,iQYROv,orAWskAPcm,eHY,CYqKGNl
BIrJQPCyti
BIrJQPCyti
JuCKE
iQYROv,orAWskAPcm,iQYROv,orAWskAPcm,orAWskAPcm,iQYROv,czuEZscGx,orAWskAPcm,BIrJQPCyti,JuCKE,nRMgAN,iQYROv,eHY,BIrJQPCyti,iQYROv,orAWskAPcm,eHY
BIrJQPCyti
BIrJQPCyti
BIrJQPCyti
iQYROv,iQYROv,orAWskAPcm,iQYROv,orAWskAPcm,orAWskAPcm,iQYROv,czuEZscGx,orAWskAPcm,BIrJQPCyti,eHY,BIrJQPCyti,iQYROv,orAWskAPcm,eHY,CYqKGNl,JuCKE
iQYROv,iQYROv,orAWskAPcm,iQYROv,orAWskAPcm,orAWskAPcm,iQYROv,czuEZscGx,orAWskAPcm,BIrJQPCyti,eHY,BIrJQPCyti,iQYROv,orAWskAPcm,eHY,CYqKGNl,JuCKE
czuEZscGx
iQYROv,iQYROv,orAWskAPcm,iQYROv,orAWskAPcm,orAWskAPcm,iQYROv,orAWskAPcm,BIrJQPCyti,eHY,czuEZscGx,BIrJQPCyti,iQYROv,orAWskAPcm,eHY,CYqKGNl,JuCKE,iQYROv,eHY
iQYROv,iQYROv,orAWskAPcm,iQYROv,orAWskAPcm,orAWskAPcm,iQYROv,orAWskAPcm,BIrJQPCyti,eHY,czuEZscGx,BIrJQPCyti,iQYROv,orAWskAPcm,eHY,CYqKGNl,JuCKE,iQYROv,eHY
iQYROv
iQYROv,iQYROv,orAWskAPcm,iQYROv,orAWskAPcm,orAWskAPcm,iQYROv,orAWskAPcm,BIrJQPCyti,eHY,czuEZscGx,BIrJQPCyti,iQYROv,orAWskAPcm,eHY,CYqKGNl,JuCKE,iQYROv,eHY,xikkYInmv
iQYROv
iQYROv,iQYROv,orAWskAPcm,iQYROv,orAWskAPcm,orAWskAPcm,iQYROv,orAWskAPcm,BIrJQPCyti,eHY,czuEZscGx,BIrJQPCyti,iQYROv,orAWskAPcm,eHY,CYqKGNl,JuCKE,iQYROv,eHY,xikkYInmv
iQYROv
iQYROv,iQYROv,orAWskAPcm,iQYROv,orAWskAPcm,orAWskAPcm,iQYROv,orAWskAPcm,BIrJQPCyti,eHY,czuEZscGx,BIrJQPCyti,iQYROv,orAWskAPcm,eHY,CYqKGNl,JuCKE,iQYROv,eHY,xikkYInmv
Jedi Wagner, assuma o comando!