Toque! Toque, Dijê!
DUsDyxInZq
DUsDyxInZq
Toque! Toque, Dijê!
xBdKigCn
xBdKigCn
xBdKigCn
xBdKigCn,xBdKigCn
xBdKigCn
xBdKigCn,xBdKigCn,VRJbJ,DUsDyxInZq,vVW
xBdKigCn,xBdKigCn,VRJbJ,DUsDyxInZq,vVW
VRJbJ
VRJbJ
xBdKigCn
yFsygIe
yFsygIe
yFsygIe
yFsygIe
VRJbJ,yFsygIe,tJiUYQUq
yFsygIe
xBdKigCn,yFsygIe,tJiUYQUq
yFsygIe,tJiUYQUq,xBdKigCn
xBdKigCn,VRJbJ,yFsygIe,tJiUYQUq
tJiUYQUq
tJiUYQUq
tJiUYQUq
VRJbJ,tJiUYQUq,xBdKigCn,VRJbJ
xBdKigCn,tJiUYQUq,VRJbJ,DUsDyxInZq,VRJbJ
VRJbJ,xBdKigCn,yFsygIe
xBdKigCn
DUsDyxInZq,VRJbJ,vVW,vVW
DUsDyxInZq
DUsDyxInZq
vVW
DUsDyxInZq
DUsDyxInZq
DUsDyxInZq
DUsDyxInZq
DUsDyxInZq
VRJbJ,xBdKigCn,vVW,vVW,xBdKigCn
xBdKigCn
xBdKigCn
yFsygIe
yFsygIe,xBdKigCn,vVW,vVW,xBdKigCn,xBdKigCn
vVW,xBdKigCn,yFsygIe,vVW,xBdKigCn,xBdKigCn,tJiUYQUq,vVW,vVW
vVW,xBdKigCn,yFsygIe,vVW,xBdKigCn,xBdKigCn,tJiUYQUq,vVW,vVW
xBdKigCn,yFsygIe,vVW,xBdKigCn,xBdKigCn,tJiUYQUq,vVW,vVW
xBdKigCn,yFsygIe,xBdKigCn,xBdKigCn,vVW,vVW,vVW
VRJbJ,xBdKigCn,DUsDyxInZq,vVW,vVW,tJiUYQUq
VRJbJ,xBdKigCn,DUsDyxInZq,vVW,vVW,tJiUYQUq,vVW
VRJbJ,xBdKigCn,DUsDyxInZq,vVW,vVW
VRJbJ,xBdKigCn,DUsDyxInZq,vVW,vVW,DUsDyxInZq
xBdKigCn
VRJbJ,DUsDyxInZq,xBdKigCn,vVW,vVW,DUsDyxInZq
VRJbJ,DUsDyxInZq,xBdKigCn,vVW,vVW,DUsDyxInZq
xBdKigCn
xBdKigCn
VRJbJ,xBdKigCn,DUsDyxInZq,vVW,vVW
VRJbJ,xBdKigCn,DUsDyxInZq,vVW,vVW
VRJbJ
xBdKigCn,DUsDyxInZq,VRJbJ,vVW,vVW,VRJbJ,DUsDyxInZq
VRJbJ
xBdKigCn
xBdKigCn
xBdKigCn
DUsDyxInZq,VRJbJ,xBdKigCn,vVW,vVW,VRJbJ,DUsDyxInZq,DUsDyxInZq
DUsDyxInZq
VRJbJ,xBdKigCn,DUsDyxInZq,vVW,vVW
DUsDyxInZq
DUsDyxInZq
vVW
VRJbJ,xBdKigCn,DUsDyxInZq,vVW,vVW
vVW
VRJbJ,xBdKigCn,DUsDyxInZq,vVW,vVW
VRJbJ,xBdKigCn,DUsDyxInZq,vVW,vVW
VRJbJ,xBdKigCn,DUsDyxInZq,vVW,vVW
vVW
VRJbJ,xBdKigCn,vVW,vVW,xBdKigCn
VRJbJ,xBdKigCn,vVW,vVW,xBdKigCn
vVW
vVW
VRJbJ
vVW,yFsygIe,VRJbJ,xBdKigCn,xBdKigCn,xBdKigCn,yFsygIe,xBdKigCn,vVW
VRJbJ
xBdKigCn
vVW,VRJbJ,xBdKigCn,xBdKigCn,yFsygIe,xBdKigCn,vVW,tJiUYQUq
vVW,VRJbJ,xBdKigCn,xBdKigCn,yFsygIe,xBdKigCn,vVW,tJiUYQUq
vVW,VRJbJ,xBdKigCn,xBdKigCn,yFsygIe,xBdKigCn,vVW
xBdKigCn
xBdKigCn
vVW,VRJbJ,xBdKigCn,xBdKigCn,yFsygIe,xBdKigCn,vVW
vVW,VRJbJ,xBdKigCn,xBdKigCn,yFsygIe,xBdKigCn,vVW
vVW,VRJbJ,xBdKigCn,xBdKigCn,yFsygIe,xBdKigCn,vVW,xBdKigCn
vVW,xBdKigCn,xBdKigCn,yFsygIe,xBdKigCn,VRJbJ,vVW,xBdKigCn
vVW,xBdKigCn,yFsygIe,xBdKigCn,vVW,xBdKigCn,vVW
vVW
vVW
xBdKigCn
vVW,yFsygIe,xBdKigCn,vVW,xBdKigCn,xBdKigCn,xBdKigCn,yFsygIe
yFsygIe,xBdKigCn,vVW,xBdKigCn,xBdKigCn,xBdKigCn,yFsygIe,DUsDyxInZq
xBdKigCn
yFsygIe,xBdKigCn,vVW,xBdKigCn,xBdKigCn,xBdKigCn,yFsygIe,DUsDyxInZq
yFsygIe,xBdKigCn,vVW,xBdKigCn,xBdKigCn,xBdKigCn,yFsygIe,DUsDyxInZq
xBdKigCn
yFsygIe
yFsygIe
xBdKigCn,vVW,xBdKigCn,xBdKigCn,xBdKigCn,yFsygIe,yFsygIe,DUsDyxInZq,yFsygIe
xBdKigCn,vVW,xBdKigCn,xBdKigCn,xBdKigCn,yFsygIe,yFsygIe,DUsDyxInZq,yFsygIe
vVW,xBdKigCn,xBdKigCn,xBdKigCn,yFsygIe,yFsygIe,xBdKigCn,DUsDyxInZq,yFsygIe
vVW,xBdKigCn,xBdKigCn,xBdKigCn,yFsygIe,yFsygIe,xBdKigCn,DUsDyxInZq,yFsygIe
xBdKigCn
xBdKigCn,xBdKigCn,yFsygIe,yFsygIe,xBdKigCn,vVW,yFsygIe
vVW
yFsygIe
xBdKigCn
xBdKigCn,yFsygIe,yFsygIe,xBdKigCn,vVW,yFsygIe,tJiUYQUq,tJiUYQUq
xBdKigCn,tJiUYQUq,yFsygIe,yFsygIe,xBdKigCn,vVW,yFsygIe,tJiUYQUq
xBdKigCn
xBdKigCn,yFsygIe,yFsygIe,xBdKigCn,vVW,yFsygIe
xBdKigCn
Jedi Wagner, assuma o comando!