YOGPasNXb
YOGPasNXb
YOGPasNXb
YOGPasNXb
YOGPasNXb
YOGPasNXb
YOGPasNXb
YOGPasNXb
YOGPasNXb
[vazia]
Toque! Toque, Dijê!
[vazia]
Toque! Toque, Dijê!
YOGPasNXb
YOGPasNXb
YOGPasNXb
YOGPasNXb
YOGPasNXb
YOGPasNXb
YOGPasNXb
YOGPasNXb
YOGPasNXb
YOGPasNXb,niqE
YOGPasNXb
YOGPasNXb
YOGPasNXb,niqE,YOGPasNXb,niqE
niqE,YOGPasNXb,YOGPasNXb,niqE,niqE,niqE
YOGPasNXb,YOGPasNXb,niqE,niqE,niqE,YOGPasNXb
YOGPasNXb
niqE,YOGPasNXb,niqE
niqE,YOGPasNXb,YOGPasNXb,niqE
YOGPasNXb,niqE
YOGPasNXb,niqE
YOGPasNXb
YOGPasNXb,niqE
YOGPasNXb,niqE
YOGPasNXb,niqE
YOGPasNXb
YOGPasNXb
niqE
YOGPasNXb
niqE
niqE,YOGPasNXb,niqE,niqE,YOGPasNXb
niqE
niqE
niqE,niqE,niqE
niqE
niqE
niqE
niqE
niqE
niqE
YOGPasNXb,niqE,YOGPasNXb
niqE
YOGPasNXb,niqE,YOGPasNXb
YOGPasNXb
YOGPasNXb,YOGPasNXb,YOGPasNXb
YOGPasNXb
niqE
niqE
niqE,YOGPasNXb,YOGPasNXb,niqE
YOGPasNXb,niqE,YOGPasNXb
niqE
niqE
niqE
YOGPasNXb,niqE,YOGPasNXb
niqE
niqE
YOGPasNXb,YOGPasNXb
YOGPasNXb,YOGPasNXb
niqE
YOGPasNXb,niqE,YOGPasNXb
YOGPasNXb,niqE,YOGPasNXb
niqE
niqE
niqE
niqE
YOGPasNXb,niqE,YOGPasNXb,niqE
YOGPasNXb
YOGPasNXb,YOGPasNXb,niqE
YOGPasNXb,YOGPasNXb
YOGPasNXb,YOGPasNXb
YOGPasNXb,YOGPasNXb
YOGPasNXb
YOGPasNXb,niqE
YOGPasNXb
YOGPasNXb,niqE,YOGPasNXb
YOGPasNXb,YOGPasNXb,niqE
niqE
YOGPasNXb,YOGPasNXb,niqE
YOGPasNXb,YOGPasNXb,niqE
YOGPasNXb
YOGPasNXb
YOGPasNXb,YOGPasNXb
YOGPasNXb
YOGPasNXb,YOGPasNXb,niqE
YOGPasNXb,YOGPasNXb,niqE
YOGPasNXb
YOGPasNXb
YOGPasNXb
YOGPasNXb
Toque! Toque, Dijê!
YOGPasNXb
YOGPasNXb
YOGPasNXb
niqE
niqE
niqE,YOGPasNXb,niqE
niqE,YOGPasNXb
YOGPasNXb
YOGPasNXb
YOGPasNXb
YOGPasNXb,niqE
YOGPasNXb,niqE
niqE
YOGPasNXb,niqE,YOGPasNXb
niqE
niqE
niqE
YOGPasNXb
YOGPasNXb
YOGPasNXb
YOGPasNXb,YOGPasNXb
YOGPasNXb
YOGPasNXb
YOGPasNXb
niqE
niqE
[vazia]
[vazia]
[vazia]
YOGPasNXb,YOGPasNXb,YOGPasNXb
YOGPasNXb
YOGPasNXb
YOGPasNXb
YOGPasNXb
YOGPasNXb,YOGPasNXb,niqE
YOGPasNXb,YOGPasNXb,niqE
YOGPasNXb
YOGPasNXb,niqE,YOGPasNXb
niqE,YOGPasNXb
YOGPasNXb
YOGPasNXb
YOGPasNXb
YOGPasNXb
YOGPasNXb
YOGPasNXb
niqE,YOGPasNXb,YOGPasNXb,niqE,niqE
niqE,YOGPasNXb,YOGPasNXb,niqE
niqE,YOGPasNXb,YOGPasNXb,niqE
niqE
niqE
niqE,YOGPasNXb,YOGPasNXb,niqE
niqE,YOGPasNXb,niqE
YOGPasNXb,niqE,niqE,niqE
niqE
YOGPasNXb,niqE,niqE,niqE,niqE
niqE
YOGPasNXb,niqE,niqE,niqE,niqE,YOGPasNXb,niqE
niqE,niqE,YOGPasNXb,niqE,YOGPasNXb,niqE,YOGPasNXb,niqE,YOGPasNXb
niqE
niqE
niqE,niqE,YOGPasNXb,niqE,YOGPasNXb,niqE,YOGPasNXb,niqE,YOGPasNXb,niqE
niqE,niqE,YOGPasNXb,niqE,YOGPasNXb,niqE,YOGPasNXb,niqE,YOGPasNXb,niqE
niqE,niqE,YOGPasNXb,niqE,YOGPasNXb,niqE,YOGPasNXb,niqE,YOGPasNXb,niqE,YOGPasNXb
niqE
niqE,YOGPasNXb,niqE,YOGPasNXb,niqE,YOGPasNXb,niqE,YOGPasNXb,niqE,YOGPasNXb,niqE
niqE,YOGPasNXb,niqE,YOGPasNXb,niqE,YOGPasNXb,niqE,YOGPasNXb,niqE,YOGPasNXb,niqE
niqE,niqE,YOGPasNXb,niqE,YOGPasNXb,niqE,YOGPasNXb,niqE,YOGPasNXb,niqE
niqE
niqE,niqE,YOGPasNXb,niqE,YOGPasNXb,niqE,YOGPasNXb,niqE,YOGPasNXb,niqE,YOGPasNXb
niqE,niqE,niqE,YOGPasNXb,niqE,YOGPasNXb,niqE,YOGPasNXb,niqE,YOGPasNXb
niqE,niqE,YOGPasNXb,niqE,YOGPasNXb,niqE,YOGPasNXb,niqE,YOGPasNXb,niqE,YOGPasNXb
niqE,niqE,YOGPasNXb,niqE,YOGPasNXb,niqE,YOGPasNXb,niqE,YOGPasNXb,niqE,YOGPasNXb
YOGPasNXb
YOGPasNXb
niqE,niqE,YOGPasNXb,niqE,YOGPasNXb,niqE,YOGPasNXb,niqE,YOGPasNXb,niqE,YOGPasNXb,YOGPasNXb
YOGPasNXb
niqE
niqE,niqE,YOGPasNXb,niqE,niqE,niqE,YOGPasNXb,YOGPasNXb,niqE,YOGPasNXb,YOGPasNXb,YOGPasNXb
niqE,YOGPasNXb,niqE,YOGPasNXb,niqE,niqE,YOGPasNXb,niqE,YOGPasNXb,niqE,YOGPasNXb
niqE,YOGPasNXb,niqE,YOGPasNXb,niqE,niqE,YOGPasNXb,niqE,YOGPasNXb,niqE,YOGPasNXb
YOGPasNXb
YOGPasNXb
niqE,niqE,YOGPasNXb,niqE,niqE,YOGPasNXb,niqE,YOGPasNXb,niqE,YOGPasNXb,niqE,YOGPasNXb
niqE,YOGPasNXb,niqE,niqE,YOGPasNXb,niqE,YOGPasNXb,niqE,YOGPasNXb,niqE,YOGPasNXb
niqE,YOGPasNXb,niqE,niqE,YOGPasNXb,niqE,YOGPasNXb,niqE,YOGPasNXb,niqE,YOGPasNXb
YOGPasNXb,niqE,niqE,niqE,YOGPasNXb,niqE,YOGPasNXb,niqE,YOGPasNXb,niqE,YOGPasNXb
YOGPasNXb,niqE,niqE,niqE,YOGPasNXb,niqE,YOGPasNXb,niqE,YOGPasNXb,niqE,YOGPasNXb
YOGPasNXb,niqE,niqE,niqE,YOGPasNXb,niqE,YOGPasNXb,niqE,YOGPasNXb,niqE,YOGPasNXb,niqE
niqE
niqE
niqE,niqE,niqE,YOGPasNXb,niqE,YOGPasNXb,niqE,YOGPasNXb,niqE,YOGPasNXb,niqE,niqE,YOGPasNXb,YOGPasNXb
niqE
niqE
YOGPasNXb,niqE,niqE,niqE,YOGPasNXb,niqE,YOGPasNXb,niqE,YOGPasNXb,niqE,YOGPasNXb,niqE,niqE,YOGPasNXb,YOGPasNXb,niqE
niqE,niqE,niqE,YOGPasNXb,YOGPasNXb,niqE,YOGPasNXb,niqE,YOGPasNXb,niqE,YOGPasNXb,niqE,niqE,YOGPasNXb,YOGPasNXb,niqE
niqE,niqE,niqE,YOGPasNXb,YOGPasNXb,niqE,YOGPasNXb,niqE,YOGPasNXb,niqE,YOGPasNXb,niqE,niqE,YOGPasNXb,YOGPasNXb,niqE
niqE
niqE
niqE
YOGPasNXb,niqE,niqE,niqE,niqE,YOGPasNXb,niqE,YOGPasNXb,niqE,YOGPasNXb,niqE,niqE,YOGPasNXb,YOGPasNXb,niqE,YOGPasNXb,niqE
YOGPasNXb
niqE,niqE,niqE,niqE,YOGPasNXb,niqE,YOGPasNXb,niqE,YOGPasNXb,niqE,niqE,YOGPasNXb,YOGPasNXb,niqE,YOGPasNXb,niqE,niqE
YOGPasNXb
Jedi Wagner, assuma o comando!