Toque! Toque, Dijê!
cWvpYRF
cWvpYRF
cWvpYRF
cWvpYRF
cWvpYRF
cWvpYRF
cWvpYRF,eEkoadW
cWvpYRF,eEkoadW
cWvpYRF
Toque! Toque, Dijê!
[vazia]
[vazia]
RBYlNQIPi
RBYlNQIPi,RBYlNQIPi
eEkoadW
eEkoadW
Toque! Toque, Dijê!
Toque! Toque, Dijê!
Toque! Toque, Dijê!
Toque! Toque, Dijê!
[vazia]
RBYlNQIPi
RBYlNQIPi,cWvpYRF
cWvpYRF,cWvpYRF
cWvpYRF,cWvpYRF
cWvpYRF,cWvpYRF
cWvpYRF
cWvpYRF,cWvpYRF
cWvpYRF
cWvpYRF,cWvpYRF
cWvpYRF
cWvpYRF,cWvpYRF,cWvpYRF,eEkoadW
cWvpYRF,cWvpYRF,eEkoadW,cWvpYRF
cWvpYRF,cWvpYRF,eEkoadW,cWvpYRF
cWvpYRF,cWvpYRF,eEkoadW,cWvpYRF
cWvpYRF,cWvpYRF,eEkoadW,cWvpYRF
cWvpYRF,cWvpYRF,eEkoadW,cWvpYRF
eEkoadW
eEkoadW,cWvpYRF,RBYlNQIPi,RBYlNQIPi,cWvpYRF,cWvpYRF
eEkoadW,cWvpYRF,RBYlNQIPi,RBYlNQIPi,cWvpYRF,cWvpYRF
Jedi Wagner, assuma o comando!