Toque! Toque, Dijê!
Toque! Toque, Dijê!
[vazia]
Toque! Toque, Dijê!
[vazia]
[vazia]
Toque! Toque, Dijê!
[vazia]
rT
rT,BeErj
rT,BeErj,BeErj
rT
[vazia]
[vazia]
Toque! Toque, Dijê!
Toque! Toque, Dijê!
eSBRFfgIx
eSBRFfgIx
eSBRFfgIx
eSBRFfgIx
eSBRFfgIx
eSBRFfgIx
BeErj
eSBRFfgIx
eSBRFfgIx,BeErj,rT,zOHqZTu,eSBRFfgIx,BzYv
rT
rT
rT
eSBRFfgIx,BeErj,rT,zOHqZTu,eSBRFfgIx,BzYv
rT
rT
eSBRFfgIx,BeErj,rT,zOHqZTu,eSBRFfgIx,BzYv,BeErj,BzYv,BzYv
eSBRFfgIx,BeErj,zOHqZTu,eSBRFfgIx,BzYv,BeErj,BzYv,BzYv,rT
eSBRFfgIx
eSBRFfgIx,BeErj,zOHqZTu,eSBRFfgIx,BzYv,BeErj,BzYv,BzYv,rT
eSBRFfgIx,BeErj,zOHqZTu,eSBRFfgIx,BzYv,BeErj,BzYv,BzYv,rT
eSBRFfgIx,BeErj,zOHqZTu,eSBRFfgIx,BzYv,rT,BeErj,BzYv,BzYv
BeErj,zOHqZTu,BzYv,rT,eSBRFfgIx,eSBRFfgIx,BeErj,BzYv,BzYv
zOHqZTu,BzYv,rT,eSBRFfgIx,eSBRFfgIx,BeErj,BeErj,BzYv,BzYv
BzYv
zOHqZTu,rT,BeErj,BeErj,BzYv,BzYv,BzYv,eSBRFfgIx
zOHqZTu,rT,BeErj,BeErj,BzYv,BzYv,eSBRFfgIx
BzYv
BzYv
zOHqZTu,BzYv,rT,eSBRFfgIx,eSBRFfgIx,BeErj,BeErj,BzYv,BzYv
BzYv
BzYv
BzYv
zOHqZTu,rT,eSBRFfgIx,BeErj,BeErj,BzYv,BzYv,eSBRFfgIx
zOHqZTu,BzYv,rT,eSBRFfgIx,eSBRFfgIx,BeErj,BeErj,BzYv,BzYv
rT,eSBRFfgIx,eSBRFfgIx,BeErj,BeErj,BzYv,BzYv,zOHqZTu,BzYv,eSBRFfgIx
rT,eSBRFfgIx,eSBRFfgIx,BeErj,BeErj,BzYv,BzYv,zOHqZTu,BzYv,eSBRFfgIx,eSBRFfgIx
BzYv
rT,eSBRFfgIx,eSBRFfgIx,BeErj,BeErj,BzYv,BzYv,zOHqZTu,BzYv,eSBRFfgIx,eSBRFfgIx,zOHqZTu
BeErj
BeErj
eSBRFfgIx,BeErj,BzYv,rT,eSBRFfgIx,BeErj,BzYv,eSBRFfgIx,eSBRFfgIx,zOHqZTu
BeErj
rT,eSBRFfgIx,BeErj,BeErj,BzYv,BzYv,zOHqZTu,eSBRFfgIx,BzYv,eSBRFfgIx,eSBRFfgIx,zOHqZTu
eSBRFfgIx
eSBRFfgIx
eSBRFfgIx
eSBRFfgIx
rT,eSBRFfgIx,eSBRFfgIx,BeErj,BeErj,BzYv,eSBRFfgIx,eSBRFfgIx,zOHqZTu,BzYv,BeErj,BzYv
zOHqZTu
rT,eSBRFfgIx,eSBRFfgIx,BeErj,BeErj,BzYv,eSBRFfgIx,eSBRFfgIx,zOHqZTu,BzYv,BeErj,BeErj,eSBRFfgIx
rT,eSBRFfgIx,eSBRFfgIx,BeErj,BeErj,BzYv,eSBRFfgIx,eSBRFfgIx,zOHqZTu,BzYv,BeErj,BeErj,eSBRFfgIx
BzYv
eSBRFfgIx,eSBRFfgIx,BeErj,BeErj,BzYv,eSBRFfgIx,eSBRFfgIx,zOHqZTu,BzYv,BeErj,BeErj,eSBRFfgIx,zOHqZTu
BzYv
BzYv
BzYv
BzYv
BzYv
eSBRFfgIx
eSBRFfgIx
eSBRFfgIx,BeErj,BzYv,eSBRFfgIx,eSBRFfgIx,zOHqZTu,BzYv,eSBRFfgIx,BeErj,BeErj,eSBRFfgIx,rT,BzYv
rT,eSBRFfgIx,eSBRFfgIx,BeErj,BeErj,BzYv,eSBRFfgIx,eSBRFfgIx,BzYv,BeErj,BeErj,eSBRFfgIx
BzYv
rT,eSBRFfgIx,eSBRFfgIx,BeErj,BeErj,BzYv,eSBRFfgIx,eSBRFfgIx,BzYv,BeErj,BeErj,eSBRFfgIx,BzYv
BzYv
rT,eSBRFfgIx,eSBRFfgIx,BeErj,BeErj,BzYv,eSBRFfgIx,eSBRFfgIx,BzYv,BeErj,BeErj,eSBRFfgIx,BzYv
BzYv
BzYv
BzYv
eSBRFfgIx,eSBRFfgIx,BeErj,BeErj,BzYv,eSBRFfgIx,eSBRFfgIx,BzYv,BeErj,BeErj,eSBRFfgIx,BzYv
eSBRFfgIx,eSBRFfgIx,BeErj,BeErj,BzYv,eSBRFfgIx,eSBRFfgIx,BzYv,BeErj,BeErj,eSBRFfgIx,BzYv,zOHqZTu
BzYv
BzYv
eSBRFfgIx,eSBRFfgIx,BeErj,BeErj,BzYv,eSBRFfgIx,eSBRFfgIx,BzYv,BeErj,BeErj,eSBRFfgIx,BzYv,zOHqZTu
eSBRFfgIx,eSBRFfgIx,BeErj,BeErj,BzYv,eSBRFfgIx,eSBRFfgIx,BzYv,BeErj,BeErj,eSBRFfgIx,BzYv,zOHqZTu
BzYv
eSBRFfgIx,eSBRFfgIx,BeErj,BeErj,BzYv,eSBRFfgIx,eSBRFfgIx,BzYv,BeErj,BeErj,eSBRFfgIx,BzYv,zOHqZTu
eSBRFfgIx,eSBRFfgIx,BeErj,BeErj,BzYv,eSBRFfgIx,eSBRFfgIx,BzYv,BeErj,BeErj,eSBRFfgIx,BzYv,zOHqZTu
BeErj
eSBRFfgIx,eSBRFfgIx,BeErj,BeErj,BzYv,eSBRFfgIx,eSBRFfgIx,BzYv,zOHqZTu,BeErj,BeErj,eSBRFfgIx,BzYv,zOHqZTu
zOHqZTu
BeErj
BeErj
BeErj
eSBRFfgIx,eSBRFfgIx,BeErj,BeErj,BzYv,eSBRFfgIx,eSBRFfgIx,BzYv,BeErj,BeErj,eSBRFfgIx,BzYv,zOHqZTu,rT
eSBRFfgIx,BeErj,BeErj,BzYv,eSBRFfgIx,eSBRFfgIx,BzYv,BeErj,eSBRFfgIx,BeErj,eSBRFfgIx,BzYv,zOHqZTu,rT
eSBRFfgIx
eSBRFfgIx,BeErj,BeErj,eSBRFfgIx,eSBRFfgIx,BzYv,BeErj,eSBRFfgIx,BzYv,BeErj,eSBRFfgIx,BzYv,zOHqZTu,rT
eSBRFfgIx,BeErj,BeErj,eSBRFfgIx,eSBRFfgIx,BzYv,BeErj,eSBRFfgIx,BzYv,BeErj,eSBRFfgIx,BzYv,zOHqZTu,rT
BeErj
BeErj
BeErj,BeErj,eSBRFfgIx,eSBRFfgIx,BzYv,BeErj,eSBRFfgIx,BzYv,BeErj,eSBRFfgIx,BzYv,zOHqZTu,rT,zOHqZTu,rT
BeErj
BeErj,BeErj,eSBRFfgIx,BzYv,BeErj,eSBRFfgIx,BzYv,BeErj,eSBRFfgIx,eSBRFfgIx,BzYv,zOHqZTu,rT,zOHqZTu,rT
BeErj,BeErj,BzYv,BeErj,BzYv,BeErj,zOHqZTu,eSBRFfgIx,eSBRFfgIx,BzYv,rT,zOHqZTu,rT,eSBRFfgIx
BeErj,BeErj,BzYv,BeErj,BzYv,BeErj,zOHqZTu,eSBRFfgIx,eSBRFfgIx,BzYv,rT,zOHqZTu,rT,eSBRFfgIx
eSBRFfgIx,BeErj,BeErj,eSBRFfgIx,eSBRFfgIx,BzYv,BeErj,eSBRFfgIx,BzYv,BeErj,eSBRFfgIx,BzYv,zOHqZTu,rT
BzYv
BzYv
BeErj,BeErj,eSBRFfgIx,eSBRFfgIx,BeErj,eSBRFfgIx,BzYv,BeErj,eSBRFfgIx,BzYv,BzYv,zOHqZTu,rT,zOHqZTu,BzYv
BeErj,BeErj,eSBRFfgIx,eSBRFfgIx,BeErj,eSBRFfgIx,BzYv,BeErj,eSBRFfgIx,BzYv,BzYv,zOHqZTu,rT,zOHqZTu,BzYv
zOHqZTu
BeErj,eSBRFfgIx,BeErj,eSBRFfgIx,BzYv,BeErj,eSBRFfgIx,BzYv,BzYv,zOHqZTu,BeErj,rT,zOHqZTu,BzYv,BeErj,zOHqZTu
eSBRFfgIx,BeErj,BeErj,eSBRFfgIx,eSBRFfgIx,BeErj,eSBRFfgIx,BzYv,BeErj,eSBRFfgIx,BzYv,BzYv,zOHqZTu,rT,zOHqZTu
zOHqZTu
eSBRFfgIx,BeErj,BeErj,eSBRFfgIx,eSBRFfgIx,BeErj,eSBRFfgIx,BzYv,BeErj,eSBRFfgIx,BzYv,BzYv,zOHqZTu,rT,zOHqZTu,BzYv
eSBRFfgIx,BeErj,BeErj,eSBRFfgIx,eSBRFfgIx,BeErj,eSBRFfgIx,BzYv,BeErj,eSBRFfgIx,BzYv,BzYv,zOHqZTu,rT,zOHqZTu,BzYv
rT
rT
rT
eSBRFfgIx,BeErj,BeErj,eSBRFfgIx,eSBRFfgIx,BeErj,eSBRFfgIx,BzYv,BeErj,eSBRFfgIx,BzYv,BzYv,zOHqZTu,zOHqZTu,BzYv
Jedi Wagner, assuma o comando!