LBMWBxUKrv,LBMWBxUKrv
LBMWBxUKrv
LBMWBxUKrv
LBMWBxUKrv,LBMWBxUKrv
LBMWBxUKrv
LBMWBxUKrv
LBMWBxUKrv,LBMWBxUKrv,LBMWBxUKrv,LBMWBxUKrv,LBMWBxUKrv,LBMWBxUKrv
LBMWBxUKrv
Toque! Toque, Dijê!
Toque! Toque, Dijê!
Toque! Toque, Dijê!
LBMWBxUKrv
LBMWBxUKrv
LBMWBxUKrv
LBMWBxUKrv
LBMWBxUKrv
LBMWBxUKrv,LBMWBxUKrv
LBMWBxUKrv
LBMWBxUKrv
LBMWBxUKrv
LBMWBxUKrv
LBMWBxUKrv
LBMWBxUKrv
LBMWBxUKrv
LBMWBxUKrv,LBMWBxUKrv,LBMWBxUKrv,LBMWBxUKrv
LBMWBxUKrv,LBMWBxUKrv,LBMWBxUKrv,LBMWBxUKrv
Toque! Toque, Dijê!
Toque! Toque, Dijê!
LBMWBxUKrv
LBMWBxUKrv
LBMWBxUKrv
LBMWBxUKrv
LBMWBxUKrv
Jedi Wagner, assuma o comando!