[vazia]
Toque! Toque, Dijê!
Toque! Toque, Dijê!
[vazia]
cw
[vazia]
qm
qm
Toque! Toque, Dijê!
Toque! Toque, Dijê!
[vazia]
YyMxeYt
YyMxeYt,qm
qm
YyMxeYt,qm
YyMxeYt,ZrfIYkg,qm,YyMxeYt
YyMxeYt,qm
qm
qm
YyMxeYt,qm
qm
YyMxeYt,qm
YyMxeYt,qm
YyMxeYt
cw,YyMxeYt,qm
cw,YyMxeYt,qm
cw,qm,YyMxeYt,qm
YyMxeYt
qm,YyMxeYt,cw,ZrfIYkg
YyMxeYt
cw
YyMxeYt,cw,qm
qm
qm
YyMxeYt,cw,qm
cw
YyMxeYt,cw,ZrfIYkg
cw
YyMxeYt,cw,ZrfIYkg
YyMxeYt,cw,ZrfIYkg,qm
ZrfIYkg
YyMxeYt,ZrfIYkg,qm
YyMxeYt,cw
YyMxeYt,cw
YyMxeYt,cw,qm
YyMxeYt,cw,qm
YyMxeYt,cw,qm
YyMxeYt,cw,qm,qm
qm
YyMxeYt,qm,YyMxeYt,cw,ZrfIYkg
cw
YyMxeYt,cw,qm,YyMxeYt,ZrfIYkg,ZrfIYkg
YyMxeYt,cw,qm,ZrfIYkg,YyMxeYt,ZrfIYkg
YyMxeYt,qm,cw,ZrfIYkg,YyMxeYt,ZrfIYkg
YyMxeYt,qm,cw,ZrfIYkg,YyMxeYt,ZrfIYkg,cw
qm,cw,ZrfIYkg,YyMxeYt,ZrfIYkg,cw
YyMxeYt,qm,cw,ZrfIYkg,YyMxeYt,ZrfIYkg,cw,ZrfIYkg,YyMxeYt
YyMxeYt,qm,cw,ZrfIYkg,YyMxeYt,ZrfIYkg,cw,ZrfIYkg,YyMxeYt,ZrfIYkg,qm,ZrfIYkg
YyMxeYt,qm,cw,ZrfIYkg,YyMxeYt,ZrfIYkg,cw,ZrfIYkg,YyMxeYt,ZrfIYkg,qm,ZrfIYkg
YyMxeYt,qm,cw,ZrfIYkg,YyMxeYt,ZrfIYkg,cw,ZrfIYkg,YyMxeYt,ZrfIYkg,qm,ZrfIYkg
qm
ZrfIYkg,qm,YyMxeYt,ZrfIYkg,cw,ZrfIYkg,YyMxeYt,ZrfIYkg,qm,ZrfIYkg
ZrfIYkg,qm,YyMxeYt,ZrfIYkg,cw,ZrfIYkg,YyMxeYt,ZrfIYkg,qm,ZrfIYkg,YyMxeYt
ZrfIYkg,qm,YyMxeYt,ZrfIYkg,cw,ZrfIYkg,YyMxeYt,ZrfIYkg,qm,ZrfIYkg,YyMxeYt
qm
qm
qm
qm,YyMxeYt,ZrfIYkg,ZrfIYkg,YyMxeYt,ZrfIYkg,qm,ZrfIYkg,YyMxeYt
qm,YyMxeYt,ZrfIYkg,cw,ZrfIYkg,YyMxeYt,ZrfIYkg,qm,ZrfIYkg,YyMxeYt
YyMxeYt,ZrfIYkg,ZrfIYkg,YyMxeYt,ZrfIYkg,qm,ZrfIYkg,YyMxeYt,qm
YyMxeYt,ZrfIYkg,ZrfIYkg,YyMxeYt,ZrfIYkg,qm,ZrfIYkg,YyMxeYt,qm,ZrfIYkg,qm,cw
ZrfIYkg
ZrfIYkg
ZrfIYkg
YyMxeYt,ZrfIYkg,ZrfIYkg,YyMxeYt,ZrfIYkg,qm,ZrfIYkg,YyMxeYt,qm,ZrfIYkg,qm,cw
ZrfIYkg
ZrfIYkg
ZrfIYkg
ZrfIYkg
ZrfIYkg,ZrfIYkg,YyMxeYt,ZrfIYkg,ZrfIYkg,YyMxeYt,qm,ZrfIYkg,qm,ZrfIYkg,qm
ZrfIYkg
YyMxeYt,ZrfIYkg,YyMxeYt,ZrfIYkg,ZrfIYkg,qm,ZrfIYkg,YyMxeYt,qm,ZrfIYkg,qm,cw,ZrfIYkg
ZrfIYkg
ZrfIYkg
YyMxeYt,YyMxeYt,ZrfIYkg,ZrfIYkg,qm,ZrfIYkg,YyMxeYt,qm,ZrfIYkg,qm,ZrfIYkg
ZrfIYkg
ZrfIYkg
YyMxeYt,ZrfIYkg,YyMxeYt,ZrfIYkg,ZrfIYkg,qm,ZrfIYkg,YyMxeYt,qm,ZrfIYkg,qm,cw,ZrfIYkg
ZrfIYkg
ZrfIYkg
YyMxeYt,ZrfIYkg,YyMxeYt,ZrfIYkg,ZrfIYkg,ZrfIYkg,YyMxeYt,qm,ZrfIYkg,qm,cw,ZrfIYkg,qm,ZrfIYkg
ZrfIYkg
ZrfIYkg
cw
YyMxeYt,ZrfIYkg,ZrfIYkg,cw,YyMxeYt,ZrfIYkg,YyMxeYt,qm,ZrfIYkg,qm,ZrfIYkg,qm,ZrfIYkg
YyMxeYt
YyMxeYt
YyMxeYt
YyMxeYt,ZrfIYkg,ZrfIYkg,YyMxeYt,ZrfIYkg,YyMxeYt,qm,ZrfIYkg,qm,ZrfIYkg,qm,ZrfIYkg,YyMxeYt,YyMxeYt,qm,cw,ZrfIYkg
YyMxeYt
YyMxeYt
ZrfIYkg,ZrfIYkg,YyMxeYt,YyMxeYt,ZrfIYkg,YyMxeYt,qm,ZrfIYkg,qm,ZrfIYkg,qm,ZrfIYkg,YyMxeYt,YyMxeYt,qm,cw,ZrfIYkg,ZrfIYkg
YyMxeYt
YyMxeYt,ZrfIYkg,YyMxeYt,ZrfIYkg,ZrfIYkg,ZrfIYkg,YyMxeYt,qm,ZrfIYkg,qm,cw,ZrfIYkg,qm,ZrfIYkg
ZrfIYkg
YyMxeYt,YyMxeYt,ZrfIYkg,ZrfIYkg,ZrfIYkg,ZrfIYkg,YyMxeYt,qm,ZrfIYkg,qm,cw,ZrfIYkg,qm,ZrfIYkg
qm
qm
ZrfIYkg
ZrfIYkg,ZrfIYkg,qm,ZrfIYkg,YyMxeYt,YyMxeYt,ZrfIYkg,qm,cw,ZrfIYkg,qm,ZrfIYkg,qm,ZrfIYkg,cw,ZrfIYkg,ZrfIYkg,cw
ZrfIYkg,ZrfIYkg,qm,ZrfIYkg,YyMxeYt,YyMxeYt,ZrfIYkg,qm,cw,ZrfIYkg,qm,ZrfIYkg,qm,ZrfIYkg,cw,ZrfIYkg,ZrfIYkg,cw
ZrfIYkg
ZrfIYkg
cw
ZrfIYkg
ZrfIYkg,qm,ZrfIYkg,YyMxeYt,ZrfIYkg,qm,ZrfIYkg,ZrfIYkg,qm,ZrfIYkg,qm,ZrfIYkg,cw,ZrfIYkg,ZrfIYkg,cw,cw,YyMxeYt
ZrfIYkg
ZrfIYkg
YyMxeYt
YyMxeYt
ZrfIYkg
ZrfIYkg,qm,ZrfIYkg,ZrfIYkg,qm,ZrfIYkg,ZrfIYkg,qm,YyMxeYt,ZrfIYkg,qm,ZrfIYkg,cw,ZrfIYkg,ZrfIYkg,cw,cw,YyMxeYt,qm
ZrfIYkg,qm,ZrfIYkg,ZrfIYkg,qm,ZrfIYkg,ZrfIYkg,qm,ZrfIYkg,YyMxeYt,qm,ZrfIYkg,cw,ZrfIYkg,ZrfIYkg,cw,cw,YyMxeYt,qm
ZrfIYkg,qm,ZrfIYkg,ZrfIYkg,qm,ZrfIYkg,ZrfIYkg,qm,ZrfIYkg,YyMxeYt,qm,ZrfIYkg,cw,ZrfIYkg,ZrfIYkg,cw,cw,YyMxeYt,qm,ZrfIYkg
ZrfIYkg,qm,ZrfIYkg,ZrfIYkg,qm,ZrfIYkg,ZrfIYkg,qm,ZrfIYkg,YyMxeYt,qm,ZrfIYkg,cw,ZrfIYkg,ZrfIYkg,cw,cw,YyMxeYt,qm,ZrfIYkg
ZrfIYkg,qm,ZrfIYkg,ZrfIYkg,qm,ZrfIYkg,ZrfIYkg,qm,ZrfIYkg,YyMxeYt,qm,ZrfIYkg,cw,ZrfIYkg,ZrfIYkg,cw,cw,YyMxeYt,qm
ZrfIYkg,ZrfIYkg,qm,ZrfIYkg,ZrfIYkg,qm,ZrfIYkg,YyMxeYt,qm,ZrfIYkg,qm,ZrfIYkg,cw,ZrfIYkg,ZrfIYkg,cw,cw,YyMxeYt,qm,ZrfIYkg
qm
ZrfIYkg,ZrfIYkg,qm,ZrfIYkg,ZrfIYkg,qm,ZrfIYkg,YyMxeYt,qm,ZrfIYkg,qm,ZrfIYkg,cw,ZrfIYkg,ZrfIYkg,cw,cw,YyMxeYt,qm,ZrfIYkg
ZrfIYkg,ZrfIYkg,qm,ZrfIYkg,ZrfIYkg,qm,ZrfIYkg,qm,ZrfIYkg,qm,ZrfIYkg,cw,YyMxeYt,ZrfIYkg,ZrfIYkg,cw,cw,YyMxeYt,qm,ZrfIYkg
cw
cw
ZrfIYkg,ZrfIYkg,ZrfIYkg,ZrfIYkg,qm,ZrfIYkg,YyMxeYt,qm,ZrfIYkg,qm,ZrfIYkg,cw,ZrfIYkg,ZrfIYkg,cw,cw,YyMxeYt,qm,ZrfIYkg
ZrfIYkg
ZrfIYkg,ZrfIYkg,ZrfIYkg,qm,ZrfIYkg,YyMxeYt,qm,ZrfIYkg,qm,ZrfIYkg,cw,ZrfIYkg,ZrfIYkg,cw,cw,YyMxeYt,qm,ZrfIYkg,YyMxeYt,qm
ZrfIYkg
cw
ZrfIYkg,ZrfIYkg,ZrfIYkg,ZrfIYkg,YyMxeYt,qm,ZrfIYkg,qm,ZrfIYkg,ZrfIYkg,cw,ZrfIYkg,ZrfIYkg,cw,cw,YyMxeYt,qm,ZrfIYkg,YyMxeYt,cw
ZrfIYkg
cw
cw
ZrfIYkg,ZrfIYkg,ZrfIYkg,YyMxeYt,qm,ZrfIYkg,qm,ZrfIYkg,ZrfIYkg,ZrfIYkg,cw,ZrfIYkg,cw,cw,YyMxeYt,qm,ZrfIYkg,YyMxeYt,cw
cw
ZrfIYkg,ZrfIYkg,ZrfIYkg,YyMxeYt,qm,ZrfIYkg,qm,ZrfIYkg,ZrfIYkg,ZrfIYkg,cw,ZrfIYkg,cw,cw,YyMxeYt,qm,ZrfIYkg,YyMxeYt,cw,ZrfIYkg
ZrfIYkg,ZrfIYkg,ZrfIYkg,YyMxeYt,qm,ZrfIYkg,qm,ZrfIYkg,ZrfIYkg,ZrfIYkg,cw,ZrfIYkg,cw,cw,YyMxeYt,qm,ZrfIYkg,YyMxeYt,cw,ZrfIYkg
cw
ZrfIYkg,ZrfIYkg,ZrfIYkg,YyMxeYt,qm,ZrfIYkg,qm,ZrfIYkg,ZrfIYkg,ZrfIYkg,cw,ZrfIYkg,cw,cw,YyMxeYt,qm,ZrfIYkg,YyMxeYt,cw
cw
ZrfIYkg,ZrfIYkg,ZrfIYkg,ZrfIYkg,YyMxeYt,qm,ZrfIYkg,qm,ZrfIYkg,ZrfIYkg,ZrfIYkg,cw,ZrfIYkg,cw,cw,YyMxeYt,qm,ZrfIYkg,YyMxeYt,cw
ZrfIYkg,ZrfIYkg,ZrfIYkg,ZrfIYkg,YyMxeYt,ZrfIYkg,qm,ZrfIYkg,ZrfIYkg,ZrfIYkg,qm,ZrfIYkg,cw,cw,YyMxeYt,qm,ZrfIYkg,YyMxeYt,cw,qm,YyMxeYt
qm
ZrfIYkg,ZrfIYkg,ZrfIYkg,ZrfIYkg,ZrfIYkg,ZrfIYkg,ZrfIYkg,ZrfIYkg,qm,ZrfIYkg,cw,YyMxeYt,qm,ZrfIYkg,YyMxeYt,cw,qm,YyMxeYt,qm
qm
cw
ZrfIYkg,ZrfIYkg,ZrfIYkg,ZrfIYkg,YyMxeYt,qm,ZrfIYkg,qm,ZrfIYkg,ZrfIYkg,ZrfIYkg,cw,ZrfIYkg,cw,cw,YyMxeYt,qm,ZrfIYkg,YyMxeYt,cw
cw
cw
cw
cw
cw
cw
cw
ZrfIYkg,ZrfIYkg,ZrfIYkg,ZrfIYkg,qm,ZrfIYkg,ZrfIYkg,ZrfIYkg,YyMxeYt,cw,ZrfIYkg,cw,cw,YyMxeYt,qm,ZrfIYkg,YyMxeYt,cw,cw,qm
ZrfIYkg,ZrfIYkg,ZrfIYkg,ZrfIYkg,qm,ZrfIYkg,qm,ZrfIYkg,ZrfIYkg,ZrfIYkg,cw,ZrfIYkg,YyMxeYt,cw,cw,YyMxeYt,qm,ZrfIYkg,YyMxeYt,cw,qm,qm
ZrfIYkg,ZrfIYkg,ZrfIYkg,ZrfIYkg,ZrfIYkg,qm,ZrfIYkg,ZrfIYkg,ZrfIYkg,ZrfIYkg,cw,cw,cw,YyMxeYt,qm,ZrfIYkg,YyMxeYt,cw,qm,qm
cw
YyMxeYt
ZrfIYkg,ZrfIYkg,ZrfIYkg,ZrfIYkg,ZrfIYkg,qm,ZrfIYkg,ZrfIYkg,ZrfIYkg,ZrfIYkg,cw,cw,YyMxeYt,qm,ZrfIYkg,YyMxeYt,cw,qm,qm,qm
ZrfIYkg,ZrfIYkg,ZrfIYkg,ZrfIYkg,ZrfIYkg,qm,ZrfIYkg,ZrfIYkg,ZrfIYkg,ZrfIYkg,cw,cw,YyMxeYt,qm,ZrfIYkg,YyMxeYt,cw,qm,qm,qm
ZrfIYkg,ZrfIYkg,ZrfIYkg,ZrfIYkg,ZrfIYkg,qm,ZrfIYkg,ZrfIYkg,ZrfIYkg,ZrfIYkg,cw,cw,YyMxeYt,qm,ZrfIYkg,YyMxeYt,cw,qm,qm,qm
ZrfIYkg
ZrfIYkg,ZrfIYkg,ZrfIYkg,ZrfIYkg,ZrfIYkg,ZrfIYkg,ZrfIYkg,ZrfIYkg,ZrfIYkg,cw,cw,YyMxeYt,ZrfIYkg,qm,qm,YyMxeYt,cw,qm,qm,qm
ZrfIYkg
qm
qm
ZrfIYkg,ZrfIYkg,ZrfIYkg,ZrfIYkg,ZrfIYkg,ZrfIYkg,ZrfIYkg,ZrfIYkg,ZrfIYkg,ZrfIYkg,qm,cw,qm,qm,qm,YyMxeYt,ZrfIYkg
cw
qm
ZrfIYkg,ZrfIYkg,ZrfIYkg,ZrfIYkg,ZrfIYkg,ZrfIYkg,ZrfIYkg,ZrfIYkg,ZrfIYkg,ZrfIYkg,qm,cw,qm,qm,qm,YyMxeYt,ZrfIYkg,qm
qm
ZrfIYkg,ZrfIYkg,ZrfIYkg,ZrfIYkg,ZrfIYkg,ZrfIYkg,ZrfIYkg,ZrfIYkg,ZrfIYkg,ZrfIYkg,qm,qm,qm,qm,YyMxeYt,ZrfIYkg,cw
ZrfIYkg,ZrfIYkg,ZrfIYkg,ZrfIYkg,ZrfIYkg,ZrfIYkg,ZrfIYkg,ZrfIYkg,ZrfIYkg,ZrfIYkg,qm,cw,qm,qm,qm,YyMxeYt,ZrfIYkg
ZrfIYkg,ZrfIYkg,ZrfIYkg,ZrfIYkg,ZrfIYkg,ZrfIYkg,ZrfIYkg,ZrfIYkg,ZrfIYkg,ZrfIYkg,cw,qm,qm,qm,YyMxeYt,ZrfIYkg
qm
ZrfIYkg,ZrfIYkg,ZrfIYkg,ZrfIYkg,ZrfIYkg,ZrfIYkg,ZrfIYkg,ZrfIYkg,ZrfIYkg,ZrfIYkg,cw,qm,qm,qm,YyMxeYt,ZrfIYkg
qm
ZrfIYkg,ZrfIYkg,ZrfIYkg,ZrfIYkg,ZrfIYkg,ZrfIYkg,ZrfIYkg,ZrfIYkg,ZrfIYkg,ZrfIYkg,cw,qm,qm,YyMxeYt,ZrfIYkg
ZrfIYkg,ZrfIYkg,ZrfIYkg,ZrfIYkg,ZrfIYkg,ZrfIYkg,ZrfIYkg,ZrfIYkg,ZrfIYkg,ZrfIYkg,cw,qm,qm,YyMxeYt,ZrfIYkg
ZrfIYkg,ZrfIYkg,ZrfIYkg,ZrfIYkg,ZrfIYkg,ZrfIYkg,ZrfIYkg,ZrfIYkg,ZrfIYkg,ZrfIYkg,cw,qm,qm,YyMxeYt,ZrfIYkg
qm
qm
qm
qm
ZrfIYkg,ZrfIYkg,ZrfIYkg,ZrfIYkg,ZrfIYkg,ZrfIYkg,ZrfIYkg,ZrfIYkg,ZrfIYkg,ZrfIYkg,qm,cw,qm,qm,qm,YyMxeYt,ZrfIYkg
qm
ZrfIYkg,ZrfIYkg,ZrfIYkg,ZrfIYkg,ZrfIYkg,ZrfIYkg,ZrfIYkg,ZrfIYkg,ZrfIYkg,ZrfIYkg,qm,qm,cw,qm,YyMxeYt,ZrfIYkg,cw
Jedi Wagner, assuma o comando!