[vazia]
[vazia]
[vazia]
Toque! Toque, Dijê!
[vazia]
[vazia]
[vazia]
Toque! Toque, Dijê!
Toque! Toque, Dijê!
[vazia]
[vazia]
Toque! Toque, Dijê!
Toque! Toque, Dijê!
Toque! Toque, Dijê!
FHapBllr
FHapBllr
[vazia]
FHapBllr
FHapBllr
FHapBllr
FHapBllr
FHapBllr
FHapBllr,FHapBllr,ODndVOy
FHapBllr
FHapBllr,FHapBllr,ODndVOy
FHapBllr,FHapBllr,ODndVOy
FHapBllr,FHapBllr,ODndVOy
DyRLgwocuv
FHapBllr,FHapBllr,ODndVOy,DyRLgwocuv
DyRLgwocuv
DyRLgwocuv
FHapBllr,FHapBllr,ODndVOy,DyRLgwocuv
DyRLgwocuv
FHapBllr,FHapBllr,ODndVOy,DyRLgwocuv,DyRLgwocuv
FHapBllr,FHapBllr,ODndVOy,DyRLgwocuv,DyRLgwocuv
DyRLgwocuv
FHapBllr,FHapBllr,ODndVOy,DyRLgwocuv
FHapBllr,FHapBllr,ODndVOy,DyRLgwocuv
FHapBllr,ODndVOy,DyRLgwocuv
DyRLgwocuv
FHapBllr,ODndVOy,DyRLgwocuv,ODndVOy
FHapBllr,ODndVOy,DyRLgwocuv,ODndVOy
FHapBllr,ODndVOy,DyRLgwocuv,ODndVOy
FHapBllr,ODndVOy,DyRLgwocuv,ODndVOy
FHapBllr,ODndVOy,DyRLgwocuv,ODndVOy
FHapBllr,ODndVOy,DyRLgwocuv,ODndVOy,wQCcCQofh
FHapBllr,ODndVOy,DyRLgwocuv,ODndVOy,wQCcCQofh
FHapBllr,ODndVOy,DyRLgwocuv,ODndVOy
FHapBllr,ODndVOy,DyRLgwocuv,ODndVOy
FHapBllr,ODndVOy,DyRLgwocuv,ODndVOy
ODndVOy
ODndVOy,DyRLgwocuv,ODndVOy
ODndVOy
ODndVOy,DyRLgwocuv,ODndVOy
ODndVOy,DyRLgwocuv,ODndVOy
DyRLgwocuv
DyRLgwocuv
DyRLgwocuv
ODndVOy,DyRLgwocuv,ODndVOy
ODndVOy,DyRLgwocuv,ODndVOy,U
DyRLgwocuv
ODndVOy,DyRLgwocuv,ODndVOy
ODndVOy,DyRLgwocuv,ODndVOy
ODndVOy
ODndVOy
ODndVOy
ODndVOy
ODndVOy,ODndVOy,wQCcCQofh,VPHbnjGdm,U,wQCcCQofh
ODndVOy
ODndVOy,ODndVOy,wQCcCQofh,VPHbnjGdm,U,wQCcCQofh
ODndVOy
ODndVOy,ODndVOy,wQCcCQofh,VPHbnjGdm,U,wQCcCQofh
ODndVOy
ODndVOy,wQCcCQofh,U,wQCcCQofh,wQCcCQofh
VPHbnjGdm,ODndVOy,ODndVOy,wQCcCQofh,U
Jedi Wagner, assuma o comando!