zgD
zgD
zgD,A
zgD,A
zgD
zgD,A
zgD,A,rhxkeAil
zgD
zgD,A,rhxkeAil
zgD
zgD
zgD
zgD,yyhA,fYTxA,rhxkeAil
zgD
zgD,yyhA,fYTxA,rhxkeAil
yyhA
yyhA
zgD,yyhA,fYTxA,rhxkeAil
rhxkeAil
rhxkeAil
yyhA,fYTxA,rhxkeAil,zgD
fYTxA
yyhA,fYTxA,rhxkeAil,zgD,fYTxA,euRD
euRD,yyhA,fYTxA,rhxkeAil,zgD,fYTxA
euRD
euRD
euRD
yyhA
yyhA,euRD,rhxkeAil,zgD,fYTxA,T
yyhA
yyhA
euRD,yyhA,fYTxA,rhxkeAil,zgD,fYTxA,T,LQUN
yyhA
yyhA
zgD
zgD
fYTxA
euRD,yyhA,zgD,fYTxA,rhxkeAil,fYTxA,T
fYTxA
fYTxA
rhxkeAil
fYTxA
euRD,yyhA,zgD,fYTxA,rhxkeAil,fYTxA,T
euRD,yyhA,zgD,fYTxA,rhxkeAil,fYTxA,T
fYTxA
euRD,yyhA,zgD,fYTxA,rhxkeAil,fYTxA,T
euRD,yyhA,zgD,rhxkeAil,fYTxA,fYTxA,T,LQUN
fYTxA
euRD,yyhA,zgD,fYTxA,rhxkeAil,fYTxA,T
euRD,yyhA,zgD,fYTxA,rhxkeAil,fYTxA,T
fYTxA
euRD,yyhA,zgD,fYTxA,fYTxA,rhxkeAil,T
euRD,yyhA,zgD,fYTxA,fYTxA,rhxkeAil,T
euRD,yyhA,zgD,fYTxA,rhxkeAil,T,rhxkeAil,zgD
T
T
euRD,yyhA,zgD,fYTxA,T,rhxkeAil,rhxkeAil,zgD
euRD,yyhA,zgD,fYTxA,T,rhxkeAil,rhxkeAil,zgD
T
Jedi Wagner, assuma o comando!