[vazia]
Toque! Toque, Dijê!
Toque! Toque, Dijê!
[vazia]
Toque! Toque, Dijê!
Toque! Toque, Dijê!
Toque! Toque, Dijê!
Toque! Toque, Dijê!
L
L,qM,L
L
L,qM,L
qM
L,qM,L,UrdcEHX
L
L
L,UrdcEHX,ItQEwzPjr,dKpUi
L,UrdcEHX,ItQEwzPjr,dKpUi
UrdcEHX,ItQEwzPjr,dKpUi
UrdcEHX
UrdcEHX
UrdcEHX
UrdcEHX,ItQEwzPjr,dKpUi
qM
L,qM,L
qM
qM
L,qM,L
qM
qM
L,qM,L,BIasdzjnRl,qM
L,qM,L,BIasdzjnRl,qM
L,qM,L,BIasdzjnRl,qM
L,qM,L,BIasdzjnRl,qM
L,qM,L,BIasdzjnRl,qM
L,L,BIasdzjnRl,qM,qM
qM
qM
qM
L,BIasdzjnRl,qM
L,BIasdzjnRl,qM
L
L
L,BIasdzjnRl,qM
L,BIasdzjnRl,qM
L,BIasdzjnRl,qM
L,BIasdzjnRl,qM
L
L
BIasdzjnRl,L,qM
qM
BIasdzjnRl,L,qM,qM,dKpUi
BIasdzjnRl,L,dKpUi,qM,qM
BIasdzjnRl,L,dKpUi,qM,qM
L
BIasdzjnRl,L,qM
BIasdzjnRl,L,qM,L
L
L
qM
qM
qM,L,L,L,qM
qM,L,L,L,qM
qM,L,L,L,UrdcEHX,qM
UrdcEHX
UrdcEHX
UrdcEHX
UrdcEHX
UrdcEHX
UrdcEHX
UrdcEHX
L,L,L,UrdcEHX,qM,ItQEwzPjr,cERox
cERox
L,L,L,cERox,UrdcEHX,qM,ItQEwzPjr,UrdcEHX,cERox
cERox
UrdcEHX
qM,L,L,UrdcEHX,qM
L,L,UrdcEHX,qM,qM,L
L,UrdcEHX,qM,qM,L
L,UrdcEHX,qM,qM,L
L,UrdcEHX,qM,qM,L
UrdcEHX
L,UrdcEHX,qM,qM,L,ItQEwzPjr
L,UrdcEHX,qM,qM,L,ItQEwzPjr
qM
qM
qM
qM
qM
L,qM,qM,L,ItQEwzPjr,qM
qM
L,qM,qM,L,ItQEwzPjr,qM,cERox,qM,ItQEwzPjr
L,qM,qM,L,ItQEwzPjr,qM,cERox,qM,ItQEwzPjr,cERox
L,qM,qM,L,ItQEwzPjr,qM,cERox,qM,ItQEwzPjr,cERox
qM
L,qM,ItQEwzPjr,qM,L,qM,qM,ItQEwzPjr,UrdcEHX,L,cERox
L
L
L,qM,qM,L,ItQEwzPjr,qM,cERox,qM,ItQEwzPjr,cERox
qM,qM,L,dKpUi,ItQEwzPjr,qM,cERox,qM,ItQEwzPjr,cERox,L
qM,qM,L,dKpUi,ItQEwzPjr,qM,cERox,qM,ItQEwzPjr,cERox,L,dKpUi,ItQEwzPjr
qM
qM
cERox
qM,qM,dKpUi,ItQEwzPjr,qM,cERox,qM,ItQEwzPjr,cERox,L,dKpUi,ItQEwzPjr,cERox
qM,qM,dKpUi,ItQEwzPjr,qM,cERox,qM,ItQEwzPjr,cERox,L,dKpUi,ItQEwzPjr,cERox
qM
qM
qM
qM,qM,dKpUi,ItQEwzPjr,qM,cERox,qM,ItQEwzPjr,cERox,L,dKpUi,ItQEwzPjr
qM,dKpUi,ItQEwzPjr,qM,L,qM,ItQEwzPjr,cERox,dKpUi,ItQEwzPjr
qM,ItQEwzPjr,qM,L,qM,ItQEwzPjr,cERox,ItQEwzPjr
qM,qM,ItQEwzPjr,qM,cERox,qM,ItQEwzPjr,cERox,L,dKpUi,ItQEwzPjr
qM,qM,ItQEwzPjr,qM,cERox,qM,ItQEwzPjr,cERox,L,dKpUi,ItQEwzPjr,UrdcEHX
qM,qM,ItQEwzPjr,qM,qM,cERox,ItQEwzPjr,cERox,L,dKpUi,ItQEwzPjr,UrdcEHX
qM,qM,ItQEwzPjr,qM,qM,cERox,ItQEwzPjr,cERox,L,dKpUi,ItQEwzPjr,UrdcEHX,dKpUi
qM
qM
ItQEwzPjr
ItQEwzPjr,qM,qM,cERox,qM,ItQEwzPjr,cERox,L,dKpUi,ItQEwzPjr,ItQEwzPjr,KmSEq
ItQEwzPjr,qM,qM,cERox,qM,ItQEwzPjr,cERox,L,dKpUi,ItQEwzPjr,ItQEwzPjr,KmSEq
ItQEwzPjr
ItQEwzPjr,qM,qM,cERox,qM,ItQEwzPjr,cERox,L,dKpUi,ItQEwzPjr,ItQEwzPjr,KmSEq,L
ItQEwzPjr,qM,qM,cERox,qM,ItQEwzPjr,cERox,L,dKpUi,ItQEwzPjr,ItQEwzPjr,KmSEq,L
ItQEwzPjr
cERox
ItQEwzPjr,qM,qM,cERox,qM,ItQEwzPjr,cERox,L,ItQEwzPjr,ItQEwzPjr,KmSEq,L,KmSEq
ItQEwzPjr,qM,qM,cERox,qM,ItQEwzPjr,cERox,L,ItQEwzPjr,ItQEwzPjr,KmSEq,L
ItQEwzPjr,qM,qM,cERox,qM,ItQEwzPjr,cERox,L,ItQEwzPjr,ItQEwzPjr,KmSEq,L
ItQEwzPjr
ItQEwzPjr
KmSEq
qM,cERox,qM,ItQEwzPjr,cERox,ItQEwzPjr,ItQEwzPjr,KmSEq,L,ItQEwzPjr,qM,KmSEq
qM,cERox,qM,ItQEwzPjr,cERox,ItQEwzPjr,ItQEwzPjr,KmSEq,L,ItQEwzPjr,qM,KmSEq
qM
qM,qM,ItQEwzPjr,cERox,ItQEwzPjr,ItQEwzPjr,KmSEq,L,ItQEwzPjr,qM,KmSEq,UrdcEHX
qM
qM
qM
ItQEwzPjr,cERox,ItQEwzPjr,ItQEwzPjr,KmSEq,L,ItQEwzPjr,qM,KmSEq,UrdcEHX,qM,KmSEq
UrdcEHX
UrdcEHX
qM,ItQEwzPjr,cERox,ItQEwzPjr,ItQEwzPjr,KmSEq,L,ItQEwzPjr,qM,KmSEq,UrdcEHX,L
UrdcEHX
UrdcEHX
qM,ItQEwzPjr,cERox,ItQEwzPjr,ItQEwzPjr,L,ItQEwzPjr,qM,KmSEq,UrdcEHX,BIasdzjnRl,KmSEq
qM,ItQEwzPjr,cERox,ItQEwzPjr,ItQEwzPjr,KmSEq,L,ItQEwzPjr,qM,KmSEq,UrdcEHX,BIasdzjnRl,KmSEq
cERox
cERox
ItQEwzPjr,L,ItQEwzPjr,qM,KmSEq,UrdcEHX,cERox,ItQEwzPjr,BIasdzjnRl,qM,KmSEq,UrdcEHX,qM,cERox,dKpUi
cERox
cERox
ItQEwzPjr,ItQEwzPjr,L,ItQEwzPjr,qM,KmSEq,UrdcEHX,cERox,BIasdzjnRl,qM,KmSEq,UrdcEHX,qM,cERox,dKpUi
ItQEwzPjr,ItQEwzPjr,L,ItQEwzPjr,qM,KmSEq,UrdcEHX,cERox,BIasdzjnRl,qM,KmSEq,UrdcEHX,qM,cERox,dKpUi
ItQEwzPjr,ItQEwzPjr,L,ItQEwzPjr,qM,KmSEq,UrdcEHX,cERox,BIasdzjnRl,qM,KmSEq,UrdcEHX,qM,cERox,dKpUi
qM
qM
KmSEq
ItQEwzPjr,ItQEwzPjr,L,ItQEwzPjr,qM,BIasdzjnRl,qM,KmSEq,KmSEq,UrdcEHX,qM,cERox,dKpUi,dKpUi
KmSEq
ItQEwzPjr,ItQEwzPjr,L,ItQEwzPjr,qM,BIasdzjnRl,qM,cERox,KmSEq,KmSEq,UrdcEHX,qM,dKpUi,dKpUi,cERox
cERox
ItQEwzPjr,ItQEwzPjr,L,ItQEwzPjr,qM,BIasdzjnRl,qM,cERox,KmSEq,KmSEq,UrdcEHX,qM,dKpUi,dKpUi,cERox
ItQEwzPjr,ItQEwzPjr,L,ItQEwzPjr,qM,BIasdzjnRl,qM,cERox,KmSEq,KmSEq,UrdcEHX,qM,dKpUi,dKpUi,cERox
cERox
KmSEq
KmSEq
KmSEq
ItQEwzPjr,ItQEwzPjr,ItQEwzPjr,BIasdzjnRl,qM,cERox,KmSEq,KmSEq,UrdcEHX,qM,dKpUi,dKpUi,cERox,cERox
ItQEwzPjr,ItQEwzPjr,BIasdzjnRl,qM,cERox,KmSEq,KmSEq,ItQEwzPjr,UrdcEHX,qM,dKpUi,dKpUi,cERox,cERox
ItQEwzPjr,ItQEwzPjr,ItQEwzPjr,BIasdzjnRl,qM,cERox,KmSEq,KmSEq,UrdcEHX,qM,dKpUi,dKpUi,cERox,cERox
KmSEq
KmSEq
ItQEwzPjr,ItQEwzPjr,ItQEwzPjr,BIasdzjnRl,cERox,KmSEq,KmSEq,UrdcEHX,qM,dKpUi,dKpUi,cERox,cERox,qM,KmSEq
KmSEq
KmSEq
ItQEwzPjr,ItQEwzPjr,ItQEwzPjr,BIasdzjnRl,qM,cERox,KmSEq,KmSEq,UrdcEHX,qM,dKpUi,dKpUi,cERox,cERox,qM
ItQEwzPjr,ItQEwzPjr,ItQEwzPjr,BIasdzjnRl,qM,cERox,KmSEq,KmSEq,UrdcEHX,qM,dKpUi,dKpUi,cERox,cERox,qM
ItQEwzPjr
BIasdzjnRl
Jedi Wagner, assuma o comando!