[vazia]
Toque! Toque, Dijê!
Toque! Toque, Dijê!
Toque! Toque, Dijê!
Toque! Toque, Dijê!
GOhUglpnt
Toque! Toque, Dijê!
Toque! Toque, Dijê!
girEKIuThD
girEKIuThD,ELBw
girEKIuThD,ELBw
girEKIuThD,ELBw,ELBw
girEKIuThD,ELBw
ELBw
ELBw
ELBw
girEKIuThD
girEKIuThD
girEKIuThD,ELBw,ca
girEKIuThD,ELBw,ca
ca
ca
girEKIuThD
girEKIuThD
girEKIuThD
girEKIuThD,ELBw,ca
girEKIuThD,ELBw,ca,ELBw
girEKIuThD,ELBw,ca,ELBw
girEKIuThD,ELBw,ca,ELBw
ca
girEKIuThD,ELBw,ca,ELBw,AEaPQzQsI,girEKIuThD
AEaPQzQsI
AEaPQzQsI
ELBw,ca,ELBw,AEaPQzQsI
AEaPQzQsI
ELBw,ca,ELBw,AEaPQzQsI,ReJB,ca
ELBw,ca,ELBw,AEaPQzQsI,ReJB,ca
ELBw,ca,ELBw,AEaPQzQsI,ReJB,ca
ELBw,ca,ELBw,AEaPQzQsI,ReJB,ca
ca
dqEtMN
dqEtMN
ELBw,ca,ELBw,AEaPQzQsI,ReJB,ca,dqEtMN
dqEtMN
ELBw,ELBw,AEaPQzQsI,ca,dqEtMN,GOhUglpnt,ca,GOhUglpnt
ca
ca
ELBw,ELBw,ca,GOhUglpnt,ca,GOhUglpnt,AEaPQzQsI
GOhUglpnt
GOhUglpnt
GOhUglpnt
GOhUglpnt
ELBw,ELBw,ca,GOhUglpnt,ca,GOhUglpnt,AEaPQzQsI,girEKIuThD,ca
ELBw,ELBw,ca,GOhUglpnt,ca,GOhUglpnt,AEaPQzQsI
GOhUglpnt
ELBw,ELBw,GOhUglpnt,ca,GOhUglpnt,AEaPQzQsI,AEaPQzQsI
GOhUglpnt
GOhUglpnt
ELBw,ELBw,GOhUglpnt,ca,GOhUglpnt,AEaPQzQsI,AEaPQzQsI,ca
ELBw,ELBw,GOhUglpnt,ca,GOhUglpnt,AEaPQzQsI,AEaPQzQsI,ca
AEaPQzQsI
AEaPQzQsI
ELBw,ca,GOhUglpnt,AEaPQzQsI,AEaPQzQsI,ELBw,GOhUglpnt,ca,AEaPQzQsI,dqEtMN,GOhUglpnt
ELBw
GOhUglpnt
GOhUglpnt
ca,GOhUglpnt,AEaPQzQsI,ELBw,GOhUglpnt,ELBw,AEaPQzQsI,ca,AEaPQzQsI,dqEtMN,ELBw
AEaPQzQsI
ca,ELBw,GOhUglpnt,ELBw,AEaPQzQsI,AEaPQzQsI,ca,AEaPQzQsI,dqEtMN,ELBw
dqEtMN
dqEtMN
ca,ELBw,ELBw,AEaPQzQsI,dqEtMN,AEaPQzQsI,ca,AEaPQzQsI,ELBw
ELBw
GOhUglpnt,AEaPQzQsI,ELBw,GOhUglpnt,ELBw,AEaPQzQsI,ca,AEaPQzQsI,ELBw
ca
ca
GOhUglpnt,ELBw,AEaPQzQsI,AEaPQzQsI,GOhUglpnt,ca,AEaPQzQsI,ELBw,ca,ca
GOhUglpnt,ELBw,AEaPQzQsI,AEaPQzQsI,GOhUglpnt,ca,AEaPQzQsI,ELBw,ca,ca
GOhUglpnt,ELBw,AEaPQzQsI,AEaPQzQsI,GOhUglpnt,ca,AEaPQzQsI,ELBw,ca
GOhUglpnt,AEaPQzQsI,AEaPQzQsI,GOhUglpnt,ca,AEaPQzQsI,ReJB
ca
ca
ca
GOhUglpnt,ELBw,AEaPQzQsI,AEaPQzQsI,GOhUglpnt,ca,AEaPQzQsI,ELBw
ca
ca
GOhUglpnt,ELBw,AEaPQzQsI,AEaPQzQsI,GOhUglpnt,AEaPQzQsI,ELBw,ELBw
GOhUglpnt,ELBw,AEaPQzQsI,AEaPQzQsI,GOhUglpnt,AEaPQzQsI,ELBw,ELBw
GOhUglpnt,ELBw,AEaPQzQsI,AEaPQzQsI,GOhUglpnt,AEaPQzQsI,ELBw,ELBw
ELBw
Jedi Wagner, assuma o comando!