[vazia]
Toque! Toque, Dijê!
Toque! Toque, Dijê!
[vazia]
[vazia]
OpKSvjzsXV
OpKSvjzsXV
OpKSvjzsXV
OpKSvjzsXV
OpKSvjzsXV
UqGvuXp
UqGvuXp,Zj,Zj
UqGvuXp,Zj,Zj,VrIYIkR
Zj
Zj
UqGvuXp,Zj,VrIYIkR,VrIYIkR
Zj
UqGvuXp,Zj,VrIYIkR,VrIYIkR
Zj
Zj
Zj
Zj
Zj
Zj
OpKSvjzsXV
OpKSvjzsXV
Zj,OpKSvjzsXV,UqGvuXp
Zj,OpKSvjzsXV,UqGvuXp
Zj,OpKSvjzsXV,UqGvuXp
Zj,OpKSvjzsXV,UqGvuXp
OpKSvjzsXV,UqGvuXp
OpKSvjzsXV
OpKSvjzsXV,UqGvuXp
Zj,OpKSvjzsXV
Zj,OpKSvjzsXV,VrIYIkR,OpKSvjzsXV,Zj,VrIYIkR
Zj,OpKSvjzsXV,VrIYIkR,OpKSvjzsXV,Zj,VrIYIkR
VrIYIkR
VrIYIkR
OpKSvjzsXV
OpKSvjzsXV
OpKSvjzsXV,VrIYIkR,OpKSvjzsXV,Zj,VrIYIkR
OpKSvjzsXV
OpKSvjzsXV
OpKSvjzsXV,OpKSvjzsXV,VrIYIkR,Zj,VrIYIkR,OpKSvjzsXV
VrIYIkR
Zj
Zj,VrIYIkR,VrIYIkR,OpKSvjzsXV,OpKSvjzsXV,UqGvuXp
Zj
Zj
VrIYIkR
OpKSvjzsXV,Zj,VrIYIkR,VrIYIkR,OpKSvjzsXV,OpKSvjzsXV
VrIYIkR
VrIYIkR
OpKSvjzsXV,VrIYIkR,VrIYIkR,OpKSvjzsXV,OpKSvjzsXV
OpKSvjzsXV,VrIYIkR,VrIYIkR,OpKSvjzsXV,OpKSvjzsXV
OpKSvjzsXV,VrIYIkR,VrIYIkR,OpKSvjzsXV,OpKSvjzsXV
OpKSvjzsXV,VrIYIkR,VrIYIkR,OpKSvjzsXV,OpKSvjzsXV
VrIYIkR
VrIYIkR
VrIYIkR
VrIYIkR
VrIYIkR,VrIYIkR,OpKSvjzsXV,OpKSvjzsXV,OpKSvjzsXV,OpKSvjzsXV,OpKSvjzsXV
VrIYIkR,VrIYIkR,OpKSvjzsXV,OpKSvjzsXV,OpKSvjzsXV,OpKSvjzsXV,OpKSvjzsXV
VrIYIkR,VrIYIkR,OpKSvjzsXV,OpKSvjzsXV,OpKSvjzsXV,OpKSvjzsXV,OpKSvjzsXV
VrIYIkR,VrIYIkR,OpKSvjzsXV,OpKSvjzsXV,OpKSvjzsXV,OpKSvjzsXV,OpKSvjzsXV
OpKSvjzsXV
VrIYIkR,OpKSvjzsXV,VrIYIkR,OpKSvjzsXV,OpKSvjzsXV,OpKSvjzsXV,OpKSvjzsXV
VrIYIkR,OpKSvjzsXV,VrIYIkR,OpKSvjzsXV,OpKSvjzsXV,OpKSvjzsXV,OpKSvjzsXV,VrIYIkR
VrIYIkR,OpKSvjzsXV,VrIYIkR,OpKSvjzsXV,OpKSvjzsXV,OpKSvjzsXV,OpKSvjzsXV
VrIYIkR,VrIYIkR,OpKSvjzsXV,OpKSvjzsXV,OpKSvjzsXV,OpKSvjzsXV,OpKSvjzsXV
VrIYIkR,VrIYIkR,OpKSvjzsXV,OpKSvjzsXV,OpKSvjzsXV,OpKSvjzsXV,OpKSvjzsXV
VrIYIkR,OpKSvjzsXV,OpKSvjzsXV,OpKSvjzsXV,VrIYIkR,OpKSvjzsXV,OpKSvjzsXV
VrIYIkR,OpKSvjzsXV,OpKSvjzsXV,OpKSvjzsXV,VrIYIkR,OpKSvjzsXV,OpKSvjzsXV
VrIYIkR,OpKSvjzsXV,OpKSvjzsXV,OpKSvjzsXV,VrIYIkR,OpKSvjzsXV,OpKSvjzsXV
VrIYIkR,OpKSvjzsXV,OpKSvjzsXV,OpKSvjzsXV,VrIYIkR,OpKSvjzsXV,OpKSvjzsXV
VrIYIkR,OpKSvjzsXV,OpKSvjzsXV,OpKSvjzsXV,VrIYIkR,OpKSvjzsXV,OpKSvjzsXV
VrIYIkR,OpKSvjzsXV,OpKSvjzsXV,OpKSvjzsXV,VrIYIkR,OpKSvjzsXV,OpKSvjzsXV
OpKSvjzsXV
OpKSvjzsXV
OpKSvjzsXV
VrIYIkR,OpKSvjzsXV,OpKSvjzsXV,VrIYIkR,OpKSvjzsXV,OpKSvjzsXV,UqGvuXp
OpKSvjzsXV
OpKSvjzsXV
OpKSvjzsXV,OpKSvjzsXV,VrIYIkR,UqGvuXp,VrIYIkR,OpKSvjzsXV,OpKSvjzsXV,VrIYIkR,UqGvuXp
OpKSvjzsXV,OpKSvjzsXV,VrIYIkR,UqGvuXp,VrIYIkR,OpKSvjzsXV,OpKSvjzsXV,VrIYIkR,UqGvuXp,OpKSvjzsXV
VrIYIkR
OpKSvjzsXV,OpKSvjzsXV,VrIYIkR,UqGvuXp,VrIYIkR,OpKSvjzsXV,OpKSvjzsXV,VrIYIkR,UqGvuXp,OpKSvjzsXV,VrIYIkR,OpKSvjzsXV,VrIYIkR
VrIYIkR
OpKSvjzsXV,OpKSvjzsXV,VrIYIkR,UqGvuXp,VrIYIkR,OpKSvjzsXV,OpKSvjzsXV,VrIYIkR,UqGvuXp,OpKSvjzsXV,VrIYIkR,OpKSvjzsXV,VrIYIkR
VrIYIkR
VrIYIkR
VrIYIkR
OpKSvjzsXV,VrIYIkR,UqGvuXp,VrIYIkR,OpKSvjzsXV,OpKSvjzsXV,VrIYIkR,UqGvuXp,OpKSvjzsXV,VrIYIkR
OpKSvjzsXV,VrIYIkR,UqGvuXp,VrIYIkR,OpKSvjzsXV,OpKSvjzsXV,VrIYIkR,UqGvuXp,OpKSvjzsXV,VrIYIkR
VrIYIkR
OpKSvjzsXV,VrIYIkR,UqGvuXp,VrIYIkR,OpKSvjzsXV,OpKSvjzsXV,VrIYIkR,UqGvuXp,OpKSvjzsXV,VrIYIkR
VrIYIkR,UqGvuXp,VrIYIkR,OpKSvjzsXV,OpKSvjzsXV,OpKSvjzsXV,VrIYIkR,UqGvuXp,OpKSvjzsXV,VrIYIkR
OpKSvjzsXV
OpKSvjzsXV
VrIYIkR
OpKSvjzsXV,OpKSvjzsXV,VrIYIkR,UqGvuXp,VrIYIkR,OpKSvjzsXV,OpKSvjzsXV,VrIYIkR,UqGvuXp,OpKSvjzsXV,VrIYIkR,Zj
OpKSvjzsXV,OpKSvjzsXV,VrIYIkR,UqGvuXp,VrIYIkR,OpKSvjzsXV,OpKSvjzsXV,VrIYIkR,UqGvuXp,OpKSvjzsXV,VrIYIkR,Zj
OpKSvjzsXV,OpKSvjzsXV,UqGvuXp,VrIYIkR,OpKSvjzsXV,OpKSvjzsXV,VrIYIkR,UqGvuXp,OpKSvjzsXV,VrIYIkR,Zj,VrIYIkR
VrIYIkR
OpKSvjzsXV,OpKSvjzsXV,UqGvuXp,VrIYIkR,VrIYIkR,OpKSvjzsXV,OpKSvjzsXV,VrIYIkR,UqGvuXp,OpKSvjzsXV,VrIYIkR
OpKSvjzsXV,OpKSvjzsXV,UqGvuXp,VrIYIkR,VrIYIkR,OpKSvjzsXV,OpKSvjzsXV,VrIYIkR,UqGvuXp,OpKSvjzsXV,VrIYIkR
VrIYIkR
OpKSvjzsXV,OpKSvjzsXV,VrIYIkR,VrIYIkR,OpKSvjzsXV,OpKSvjzsXV,VrIYIkR,UqGvuXp,OpKSvjzsXV,VrIYIkR,VrIYIkR,VrIYIkR
OpKSvjzsXV,VrIYIkR,OpKSvjzsXV,VrIYIkR,OpKSvjzsXV,OpKSvjzsXV,VrIYIkR,OpKSvjzsXV,VrIYIkR,VrIYIkR,VrIYIkR,OpKSvjzsXV
OpKSvjzsXV
OpKSvjzsXV,OpKSvjzsXV,VrIYIkR,VrIYIkR,OpKSvjzsXV,OpKSvjzsXV,VrIYIkR,OpKSvjzsXV,VrIYIkR,VrIYIkR,VrIYIkR,OpKSvjzsXV
OpKSvjzsXV,OpKSvjzsXV,VrIYIkR,VrIYIkR,OpKSvjzsXV,OpKSvjzsXV,VrIYIkR,OpKSvjzsXV,VrIYIkR,VrIYIkR,VrIYIkR,OpKSvjzsXV
VrIYIkR
OpKSvjzsXV,OpKSvjzsXV,VrIYIkR,VrIYIkR,OpKSvjzsXV,OpKSvjzsXV,VrIYIkR,OpKSvjzsXV,VrIYIkR,VrIYIkR,VrIYIkR,OpKSvjzsXV,OpKSvjzsXV
OpKSvjzsXV
OpKSvjzsXV,OpKSvjzsXV,VrIYIkR,VrIYIkR,OpKSvjzsXV,OpKSvjzsXV,VrIYIkR,OpKSvjzsXV,VrIYIkR,VrIYIkR,VrIYIkR,OpKSvjzsXV,OpKSvjzsXV,Zj
OpKSvjzsXV,OpKSvjzsXV,VrIYIkR,VrIYIkR,OpKSvjzsXV,OpKSvjzsXV,VrIYIkR,OpKSvjzsXV,VrIYIkR,VrIYIkR,VrIYIkR,OpKSvjzsXV,OpKSvjzsXV,Zj,OpKSvjzsXV
VrIYIkR
UqGvuXp
OpKSvjzsXV,VrIYIkR,VrIYIkR,OpKSvjzsXV,OpKSvjzsXV,VrIYIkR,OpKSvjzsXV,VrIYIkR,VrIYIkR,VrIYIkR,OpKSvjzsXV,OpKSvjzsXV,VrIYIkR
OpKSvjzsXV,VrIYIkR,VrIYIkR,OpKSvjzsXV,OpKSvjzsXV,VrIYIkR,OpKSvjzsXV,VrIYIkR,VrIYIkR,VrIYIkR,OpKSvjzsXV,OpKSvjzsXV,VrIYIkR
OpKSvjzsXV,VrIYIkR,VrIYIkR,OpKSvjzsXV,OpKSvjzsXV,VrIYIkR,OpKSvjzsXV,VrIYIkR,VrIYIkR,VrIYIkR,OpKSvjzsXV,OpKSvjzsXV,VrIYIkR
VrIYIkR
OpKSvjzsXV,VrIYIkR,VrIYIkR,OpKSvjzsXV,OpKSvjzsXV,VrIYIkR,OpKSvjzsXV,VrIYIkR,VrIYIkR,VrIYIkR,OpKSvjzsXV,OpKSvjzsXV,VrIYIkR
OpKSvjzsXV,OpKSvjzsXV,VrIYIkR,VrIYIkR,OpKSvjzsXV,OpKSvjzsXV,VrIYIkR,OpKSvjzsXV,VrIYIkR,VrIYIkR,VrIYIkR,OpKSvjzsXV,OpKSvjzsXV,Zj
OpKSvjzsXV,OpKSvjzsXV,VrIYIkR,VrIYIkR,OpKSvjzsXV,OpKSvjzsXV,VrIYIkR,OpKSvjzsXV,VrIYIkR,VrIYIkR,VrIYIkR,OpKSvjzsXV,OpKSvjzsXV,Zj
VrIYIkR
VrIYIkR
OpKSvjzsXV,OpKSvjzsXV,VrIYIkR,VrIYIkR,OpKSvjzsXV,OpKSvjzsXV,VrIYIkR,OpKSvjzsXV,VrIYIkR,VrIYIkR,VrIYIkR,OpKSvjzsXV,OpKSvjzsXV,Zj,VrIYIkR,UqGvuXp
VrIYIkR
VrIYIkR
OpKSvjzsXV,OpKSvjzsXV,VrIYIkR,OpKSvjzsXV,OpKSvjzsXV,VrIYIkR,OpKSvjzsXV,VrIYIkR,VrIYIkR,VrIYIkR,OpKSvjzsXV,OpKSvjzsXV,Zj,VrIYIkR,UqGvuXp,UqGvuXp,Zj,OpKSvjzsXV
VrIYIkR
OpKSvjzsXV
VrIYIkR
OpKSvjzsXV,OpKSvjzsXV,OpKSvjzsXV,VrIYIkR,OpKSvjzsXV,VrIYIkR,VrIYIkR,VrIYIkR,OpKSvjzsXV,VrIYIkR,OpKSvjzsXV,OpKSvjzsXV,VrIYIkR,UqGvuXp,UqGvuXp,Zj,OpKSvjzsXV,UqGvuXp
OpKSvjzsXV
OpKSvjzsXV,OpKSvjzsXV,OpKSvjzsXV,OpKSvjzsXV,VrIYIkR,VrIYIkR,VrIYIkR,OpKSvjzsXV,VrIYIkR,OpKSvjzsXV,Zj,OpKSvjzsXV,VrIYIkR,UqGvuXp,OpKSvjzsXV,UqGvuXp,Zj
Zj
Zj
Zj
Zj
OpKSvjzsXV,OpKSvjzsXV,OpKSvjzsXV,VrIYIkR,VrIYIkR,VrIYIkR,OpKSvjzsXV,VrIYIkR,OpKSvjzsXV,Zj,OpKSvjzsXV,OpKSvjzsXV,VrIYIkR,UqGvuXp,OpKSvjzsXV,UqGvuXp,Zj
OpKSvjzsXV,VrIYIkR,VrIYIkR,VrIYIkR,OpKSvjzsXV,VrIYIkR,OpKSvjzsXV,Zj,OpKSvjzsXV,OpKSvjzsXV,OpKSvjzsXV,VrIYIkR,UqGvuXp,OpKSvjzsXV,UqGvuXp,Zj
Zj
Zj
VrIYIkR,VrIYIkR,VrIYIkR,OpKSvjzsXV,VrIYIkR,OpKSvjzsXV,Zj,OpKSvjzsXV,OpKSvjzsXV,OpKSvjzsXV,VrIYIkR,OpKSvjzsXV,UqGvuXp,Zj,VrIYIkR,Zj
OpKSvjzsXV
Zj
VrIYIkR,VrIYIkR,VrIYIkR,OpKSvjzsXV,Zj,VrIYIkR,OpKSvjzsXV,OpKSvjzsXV,OpKSvjzsXV,OpKSvjzsXV,VrIYIkR,OpKSvjzsXV,UqGvuXp,VrIYIkR,Zj
OpKSvjzsXV
VrIYIkR,VrIYIkR,VrIYIkR,OpKSvjzsXV,VrIYIkR,OpKSvjzsXV,OpKSvjzsXV,OpKSvjzsXV,OpKSvjzsXV,VrIYIkR,OpKSvjzsXV,UqGvuXp,VrIYIkR,Zj,Zj
Zj
Zj
VrIYIkR
VrIYIkR,VrIYIkR,OpKSvjzsXV,VrIYIkR,VrIYIkR,Zj,OpKSvjzsXV,OpKSvjzsXV,OpKSvjzsXV,OpKSvjzsXV,VrIYIkR,OpKSvjzsXV,UqGvuXp,VrIYIkR,Zj,UqGvuXp,UqGvuXp
Jedi Wagner, assuma o comando!