Toque! Toque, Dijê!
Toque! Toque, Dijê!
lRsB,JOrS,lRsB
lRsB,JOrS,lRsB
lRsB
lRsB,JOrS,lRsB,JOrS,lRsB,JOrS
lRsB
lRsB,JOrS,lRsB,JOrS,lRsB,JOrS
lRsB,JOrS,lRsB,JOrS,lRsB,JOrS
lRsB,JOrS,lRsB,JOrS,lRsB,JOrS,JOrS,lRsB
lRsB
lRsB
lRsB
[vazia]
Toque! Toque, Dijê!
lRsB
lRsB
lRsB,lRsB
lRsB
lRsB
lRsB
lRsB,lRsB,lRsB
lRsB,lRsB
lRsB
lRsB,lRsB
lRsB
JOrS
JOrS
JOrS,lRsB,JOrS,lRsB
JOrS,lRsB,JOrS,lRsB,JOrS
lRsB
JOrS,lRsB,JOrS,lRsB,JOrS,JOrS,lRsB,JOrS,JOrS
lRsB
JOrS
lRsB,JOrS,JOrS,lRsB,JOrS,JOrS,lRsB,JOrS,JOrS
JOrS,lRsB,JOrS,lRsB,JOrS,JOrS,lRsB,JOrS
lRsB
lRsB
JOrS,lRsB,JOrS,lRsB,JOrS,JOrS,lRsB,JOrS,JOrS,lRsB
JOrS
JOrS
JOrS,lRsB,JOrS,JOrS,lRsB,JOrS,JOrS,lRsB,JOrS,lRsB
lRsB,JOrS,lRsB,JOrS,JOrS,lRsB,JOrS,JOrS,lRsB,JOrS
JOrS
lRsB,JOrS,lRsB,JOrS,JOrS,lRsB,JOrS,JOrS,lRsB,JOrS,JOrS
lRsB
JOrS
JOrS
JOrS
JOrS
JOrS
JOrS
JOrS
JOrS,JOrS,JOrS,JOrS,lRsB,JOrS,JOrS,JOrS,JOrS
JOrS
JOrS,lRsB,JOrS,JOrS,JOrS,lRsB,JOrS,JOrS,JOrS,JOrS,JOrS
JOrS,lRsB,JOrS,JOrS,JOrS,lRsB,JOrS,JOrS,JOrS,JOrS,JOrS,lRsB
JOrS,lRsB,JOrS,JOrS,JOrS,lRsB,JOrS,JOrS
JOrS,JOrS,lRsB,JOrS,JOrS,lRsB,JOrS,JOrS,lRsB
JOrS,JOrS,lRsB,JOrS,JOrS,lRsB,JOrS,JOrS,lRsB
lRsB
JOrS,JOrS,lRsB,JOrS,JOrS,lRsB,JOrS,JOrS,lRsB
JOrS,lRsB,JOrS,JOrS,JOrS,lRsB,JOrS,JOrS,lRsB,JOrS,JOrS
JOrS
JOrS
JOrS,JOrS,lRsB,JOrS,JOrS,lRsB,JOrS,JOrS,lRsB,JOrS,JOrS,lRsB
JOrS
JOrS
JOrS,JOrS,JOrS,lRsB,JOrS,JOrS,lRsB,JOrS,JOrS,lRsB
JOrS
lRsB,JOrS,JOrS,JOrS,JOrS,lRsB,JOrS,JOrS,lRsB,JOrS,JOrS
JOrS
lRsB,JOrS,JOrS,JOrS,JOrS,lRsB,JOrS,JOrS,lRsB,JOrS,JOrS
lRsB,JOrS,JOrS,JOrS,JOrS,lRsB,JOrS,JOrS,lRsB,JOrS,JOrS
lRsB,JOrS,JOrS,JOrS,JOrS,lRsB,JOrS,JOrS,lRsB,JOrS,JOrS
lRsB,JOrS,JOrS,JOrS,JOrS,lRsB,JOrS,JOrS,lRsB,JOrS,JOrS
JOrS
lRsB,JOrS,JOrS,JOrS,JOrS,lRsB,JOrS,JOrS,lRsB,JOrS,JOrS
JOrS
JOrS,JOrS,JOrS,lRsB,JOrS,lRsB,JOrS,JOrS,lRsB,JOrS,JOrS,lRsB
JOrS,JOrS,JOrS,lRsB,JOrS,lRsB,JOrS,JOrS,lRsB,JOrS,JOrS,lRsB
JOrS,JOrS,lRsB,JOrS,lRsB,JOrS,JOrS,lRsB,JOrS,JOrS,lRsB
JOrS,JOrS,JOrS,JOrS,lRsB,lRsB,JOrS,JOrS,lRsB,JOrS,JOrS,lRsB
JOrS,JOrS,JOrS,JOrS,lRsB,JOrS,JOrS,lRsB,JOrS,JOrS,lRsB
JOrS,JOrS,JOrS,JOrS,lRsB,JOrS,JOrS,lRsB,JOrS,JOrS,lRsB
JOrS
JOrS,JOrS,JOrS,lRsB,JOrS,JOrS,lRsB,JOrS,JOrS,lRsB,lRsB
JOrS
JOrS,JOrS,JOrS,JOrS,lRsB,JOrS,lRsB,JOrS,JOrS,lRsB
JOrS,JOrS,JOrS,JOrS,lRsB,JOrS,lRsB,JOrS,JOrS,lRsB
JOrS,JOrS,JOrS,JOrS,lRsB,JOrS,lRsB,JOrS,JOrS,lRsB
JOrS,JOrS,JOrS,JOrS,JOrS,lRsB,JOrS,JOrS,lRsB
JOrS
JOrS
JOrS,JOrS,JOrS,JOrS,JOrS,JOrS,lRsB,JOrS,JOrS,lRsB,JOrS
JOrS,JOrS,JOrS,JOrS,JOrS,JOrS,lRsB,JOrS,JOrS,lRsB,JOrS,JOrS
JOrS
JOrS,JOrS,JOrS,JOrS,JOrS,JOrS,JOrS,JOrS,lRsB,JOrS,JOrS
JOrS,JOrS,JOrS,JOrS,JOrS,JOrS,JOrS,JOrS,lRsB,JOrS,JOrS
JOrS
JOrS,JOrS,JOrS,JOrS,JOrS,lRsB,JOrS,JOrS,JOrS,JOrS,JOrS
lRsB
JOrS,JOrS,JOrS,JOrS,JOrS,lRsB,JOrS,JOrS,JOrS,JOrS,JOrS
lRsB
JOrS,JOrS,JOrS,JOrS,JOrS,lRsB,JOrS,JOrS,JOrS,JOrS,JOrS
lRsB
JOrS,JOrS,JOrS,lRsB,JOrS,JOrS,JOrS,JOrS,JOrS,JOrS,lRsB,JOrS
JOrS
JOrS,JOrS,JOrS,JOrS,JOrS,JOrS,JOrS,JOrS,lRsB,JOrS,JOrS
JOrS
JOrS,JOrS,JOrS,JOrS,JOrS,JOrS,JOrS,lRsB,JOrS,JOrS,JOrS
JOrS,JOrS,JOrS,JOrS,JOrS,JOrS,JOrS,JOrS,JOrS,JOrS
JOrS
JOrS,JOrS,JOrS,JOrS,JOrS,JOrS,JOrS,JOrS,JOrS,JOrS,lRsB
JOrS
JOrS,JOrS,JOrS,JOrS,JOrS,JOrS,JOrS,JOrS,JOrS,JOrS,lRsB,lRsB
JOrS,JOrS,JOrS,JOrS,JOrS,JOrS,JOrS,JOrS,JOrS,JOrS,lRsB,lRsB,JOrS,JOrS,lRsB
JOrS
JOrS
JOrS
JOrS,JOrS,JOrS,JOrS,JOrS,lRsB,JOrS,JOrS,JOrS,JOrS,JOrS,lRsB,JOrS,JOrS,lRsB,lRsB
JOrS,JOrS,JOrS,JOrS,JOrS,JOrS,JOrS,JOrS,JOrS,JOrS,lRsB,lRsB,JOrS,JOrS,lRsB
JOrS
JOrS,JOrS,JOrS,JOrS,JOrS,JOrS,lRsB,JOrS,JOrS,JOrS,JOrS,JOrS,JOrS,lRsB
JOrS,JOrS,JOrS,JOrS,JOrS,JOrS,JOrS,JOrS,JOrS,JOrS,lRsB,lRsB,JOrS,JOrS,lRsB
Jedi Wagner, assuma o comando!