[vazia]
[vazia]
[vazia]
Oab,Oab
Oab
Oab,Oab
Oab,Oab,Oab
Oab
Oab
Oab
Oab,Oab
Oab,Oab,Oab,Oab
Oab
Oab
Oab
Oab,Oab,Oab,Oab
Oab
Oab,Oab,Oab,Oab
Oab,Oab,Oab,Oab
Oab
Oab
Oab
Oab,Oab,Oab
Oab
Oab,Oab,Oab,Oab,Oab,Oab
Oab
Oab
Oab
Oab
Oab
Oab,Oab,Oab,Oab,Oab
Oab,Oab,Oab,Oab,Oab,Oab,Oab,Oab,Oab,Oab,Oab
Oab,Oab,Oab,Oab,Oab,Oab,Oab,Oab,Oab,Oab,Oab
Oab
Oab
Oab
Oab
Oab
Oab,Oab,Oab,Oab,Oab,Oab,Oab,Oab,Oab,Oab,Oab
Oab
Oab,Oab,Oab,Oab,Oab,Oab,Oab,Oab,Oab,Oab,Oab
Oab
Oab
Oab
Oab,Oab,Oab,Oab
Oab
Oab,Oab,Oab,Oab
Oab
Oab,Oab,Oab,Oab
Oab,Oab,Oab,Oab
Oab
Oab,Oab,Oab,Oab
Oab,Oab,Oab,Oab,Oab
Oab,Oab,Oab,Oab,Oab,Oab
Oab,Oab,Oab,Oab,Oab,Oab
Oab
Oab
Oab,Oab,Oab,Oab,Oab,Oab,Oab
Oab,Oab,Oab,Oab,Oab,Oab,Oab
Oab,Oab,Oab,Oab,Oab,Oab,Oab
Oab,Oab,Oab,Oab,Oab,Oab,Oab
Oab
Oab,Oab,Oab,Oab,Oab,Oab,Oab
Oab,Oab,Oab,Oab,Oab,Oab
Oab
Oab,Oab,Oab,Oab,Oab,Oab
Oab,Oab,Oab,Oab,Oab,Oab
Oab,Oab,Oab,Oab,Oab
Oab,Oab,Oab,Oab,Oab
Oab,Oab,Oab,Oab,Oab
Oab
Oab,Oab,Oab,Oab,Oab,Oab
Oab,Oab,Oab,Oab,Oab
Oab,Oab,Oab,Oab,Oab
Oab
Oab,Oab,Oab,Oab,Oab,Oab
Oab,Oab,Oab
Oab,Oab,Oab
Oab
Oab
Oab,Oab,Oab
Oab
Oab
Oab,Oab,Oab
Oab,Oab
Oab
Oab
Oab
Oab
Oab
Oab,Oab,Oab,Oab
Oab
Oab
Oab
Oab
Oab
Oab
Oab,Oab,Oab
Oab,Oab,Oab
Oab,Oab,Oab,Oab,Oab
Oab
Oab
Oab,Oab
Oab
Oab,Oab,Oab,Oab
Oab
Oab
Oab,Oab,Oab,Oab,Oab
Oab,Oab,Oab,Oab,Oab
Oab,Oab,Oab,Oab,Oab
Oab,Oab,Oab,Oab,Oab
Oab,Oab,Oab,Oab,Oab,Oab
Oab,Oab,Oab,Oab,Oab,Oab
Oab,Oab,Oab,Oab,Oab,Oab
Oab,Oab,Oab,Oab,Oab,Oab
Oab
Oab
Oab,Oab,Oab,Oab,Oab,Oab
Oab
Oab
Oab,Oab,Oab,Oab,Oab,Oab
Oab
Oab,Oab,Oab,Oab,Oab,Oab
Oab,Oab,Oab,Oab,Oab,Oab,Oab
Oab,Oab,Oab,Oab,Oab,Oab,Oab
Oab,Oab,Oab,Oab,Oab,Oab,Oab,Oab
Oab,Oab,Oab,Oab,Oab
Oab,Oab,Oab,Oab,Oab
Oab
Oab
Oab,Oab,Oab,Oab
Oab
Oab,Oab,Oab,Oab
Oab
Oab
Oab,Oab,Oab,Oab
Oab,Oab,Oab,Oab,Oab
Oab,Oab,Oab,Oab,Oab
Oab,Oab,Oab,Oab,Oab,Oab
Oab
Oab,Oab,Oab,Oab,Oab,Oab
Oab
Oab
Jedi Wagner, assuma o comando!