Toque! Toque, Dijê!
hw
hw
hw
UoYzOmxidy
UoYzOmxidy
J
J
J
J
Hs
J,ARLZfcZJ,RctfkaYYOk
ARLZfcZJ
ARLZfcZJ,jqzhdYW
ARLZfcZJ,jqzhdYW
ARLZfcZJ,jqzhdYW,hw
ARLZfcZJ
ARLZfcZJ,jqzhdYW,hw,J
J
J,ARLZfcZJ,J
ARLZfcZJ,J,J
ARLZfcZJ,J,J,ARLZfcZJ
ARLZfcZJ
ARLZfcZJ,J,J,ARLZfcZJ,Hs
ARLZfcZJ,J,J,ARLZfcZJ,Hs
ARLZfcZJ,J,J,ARLZfcZJ,Hs
ARLZfcZJ,J,J,ARLZfcZJ
J,ARLZfcZJ,J,UoYzOmxidy
J,ARLZfcZJ,J,UoYzOmxidy
J,ARLZfcZJ,J,UoYzOmxidy
J
J,ARLZfcZJ,J,UoYzOmxidy,jqzhdYW
J,ARLZfcZJ,J,UoYzOmxidy,jqzhdYW,VkbDxri,VkbDxri
J,ARLZfcZJ,J,UoYzOmxidy,jqzhdYW,VkbDxri,VkbDxri,RctfkaYYOk
ARLZfcZJ
J,ARLZfcZJ,J,UoYzOmxidy,jqzhdYW,ARLZfcZJ
J,J,UoYzOmxidy,ARLZfcZJ,jqzhdYW,ARLZfcZJ,QDr
J
J,J,ARLZfcZJ,ARLZfcZJ,VkbDxri,UoYzOmxidy
J,J,ARLZfcZJ,ARLZfcZJ,VkbDxri,UoYzOmxidy
J
J,J,ARLZfcZJ,ARLZfcZJ,VkbDxri,UoYzOmxidy
J
VkbDxri,J,J,ARLZfcZJ,ARLZfcZJ,UoYzOmxidy,VkbDxri
J,J,ARLZfcZJ,ARLZfcZJ,VkbDxri,UoYzOmxidy,VkbDxri
J
J,J,ARLZfcZJ,ARLZfcZJ,VkbDxri,UoYzOmxidy,VkbDxri
J
J
ARLZfcZJ
ARLZfcZJ
J
ARLZfcZJ,J,J,ARLZfcZJ,VkbDxri,UoYzOmxidy,Hs,VkbDxri,VkbDxri,jqzhdYW,Hs,UoYzOmxidy
J,hw,J,VkbDxri,UoYzOmxidy,Hs,VkbDxri,VkbDxri,jqzhdYW,Hs,UoYzOmxidy,J,J,ARLZfcZJ
VkbDxri,J,hw,J,UoYzOmxidy,Hs,VkbDxri,VkbDxri,Hs,UoYzOmxidy,J,J,ARLZfcZJ
J
J
J
ARLZfcZJ,J,J,ARLZfcZJ,VkbDxri,UoYzOmxidy,Hs,VkbDxri,VkbDxri,jqzhdYW,Hs
J
J
J
ARLZfcZJ,J,J,ARLZfcZJ,VkbDxri,UoYzOmxidy,Hs,VkbDxri,VkbDxri,jqzhdYW,Hs,UoYzOmxidy
ARLZfcZJ,J,J,ARLZfcZJ,VkbDxri,UoYzOmxidy,Hs,VkbDxri,VkbDxri,jqzhdYW,Hs,UoYzOmxidy
J
J
ARLZfcZJ,J,J,ARLZfcZJ,VkbDxri,UoYzOmxidy,Hs,VkbDxri,VkbDxri,Hs,UoYzOmxidy
ARLZfcZJ,VkbDxri,J,J,ARLZfcZJ,UoYzOmxidy,Hs,VkbDxri,VkbDxri,jqzhdYW,Hs
VkbDxri
ARLZfcZJ,VkbDxri,J,J,ARLZfcZJ,UoYzOmxidy,Hs,VkbDxri,VkbDxri,jqzhdYW,Hs,UoYzOmxidy
VkbDxri
J
ARLZfcZJ,VkbDxri,J,J,ARLZfcZJ,UoYzOmxidy,Hs,VkbDxri,VkbDxri,Hs,UoYzOmxidy,Hs,VkbDxri,RctfkaYYOk
ARLZfcZJ
VkbDxri,J,J,ARLZfcZJ,UoYzOmxidy,Hs,VkbDxri,VkbDxri,Hs,UoYzOmxidy,Hs,VkbDxri
VkbDxri,J,J,ARLZfcZJ,Hs,UoYzOmxidy,VkbDxri,VkbDxri,Hs,UoYzOmxidy,Hs,VkbDxri
VkbDxri,J,J,ARLZfcZJ,Hs,UoYzOmxidy,VkbDxri,VkbDxri,Hs,UoYzOmxidy,Hs,VkbDxri
Hs
Hs
VkbDxri,J,J,ARLZfcZJ,Hs,UoYzOmxidy,VkbDxri,VkbDxri,Hs,UoYzOmxidy,Hs,VkbDxri,QDr
Hs
Hs
VkbDxri,J,J,ARLZfcZJ,Hs,VkbDxri,VkbDxri,Hs,UoYzOmxidy,Hs,VkbDxri,QDr
VkbDxri
J,J,ARLZfcZJ,Hs,VkbDxri,VkbDxri,VkbDxri,Hs,UoYzOmxidy,Hs,VkbDxri,QDr
VkbDxri
VkbDxri
Jedi Wagner, assuma o comando!