Toque! Toque, Dijê!
ypvSU
ypvSU
ypvSU
ypvSU
ypvSU
ypvSU
ypvSU
ypvSU
ypvSU,ypvSU
ypvSU,ypvSU
ypvSU,ypvSU,ypvSU,uKUWbHW
ypvSU,ypvSU,ypvSU
ypvSU
ypvSU,ypvSU
ypvSU
ypvSU
ypvSU
ypvSU,uKUWbHW
ypvSU,uKUWbHW
ypvSU,uKUWbHW
ypvSU,uKUWbHW
ypvSU,uKUWbHW
ypvSU
uKUWbHW
uKUWbHW
uKUWbHW
ypvSU,uKUWbHW
ypvSU,uKUWbHW
ypvSU,uKUWbHW
ypvSU,uKUWbHW
uKUWbHW
ypvSU,uKUWbHW
ypvSU,uKUWbHW
ypvSU,uKUWbHW
ypvSU,uKUWbHW
uKUWbHW
ypvSU,uKUWbHW,t
ypvSU,uKUWbHW
ypvSU,uKUWbHW
ypvSU,uKUWbHW,IaFQPAESx,IaFQPAESx
IaFQPAESx,ypvSU,uKUWbHW
uKUWbHW
uKUWbHW,t,t,uKUWbHW
uKUWbHW,t,t,uKUWbHW
uKUWbHW,t,t,uKUWbHW,t,IaFQPAESx
uKUWbHW,t,t,uKUWbHW,t,IaFQPAESx
uKUWbHW
uKUWbHW,t,t,IaFQPAESx,uKUWbHW,t,ypvSU,t
uKUWbHW,t,t,IaFQPAESx,uKUWbHW,t,ypvSU,t,t
uKUWbHW
uKUWbHW,t,t,IaFQPAESx,uKUWbHW,t,ypvSU
uKUWbHW,t,t,IaFQPAESx,uKUWbHW,t,ypvSU
uKUWbHW
uKUWbHW,t,IaFQPAESx,uKUWbHW,t,ypvSU,uKUWbHW,IaFQPAESx
t,uKUWbHW,IaFQPAESx,uKUWbHW,t,ypvSU,uKUWbHW,IaFQPAESx,IaFQPAESx,uKUWbHW
ypvSU,t,uKUWbHW,uKUWbHW,t,uKUWbHW,IaFQPAESx,IaFQPAESx,uKUWbHW,t
t,IaFQPAESx,uKUWbHW,t,uKUWbHW,IaFQPAESx,IaFQPAESx,uKUWbHW
t,IaFQPAESx,uKUWbHW,t,uKUWbHW,IaFQPAESx,IaFQPAESx,uKUWbHW
uKUWbHW
uKUWbHW
uKUWbHW
t
uKUWbHW,IaFQPAESx,uKUWbHW,uKUWbHW,IaFQPAESx,uKUWbHW,uKUWbHW
uKUWbHW
uKUWbHW,IaFQPAESx,uKUWbHW,uKUWbHW,IaFQPAESx,uKUWbHW,uKUWbHW,ypvSU
IaFQPAESx,uKUWbHW,uKUWbHW,IaFQPAESx,uKUWbHW,uKUWbHW,ypvSU,IaFQPAESx,uKUWbHW
uKUWbHW,IaFQPAESx,uKUWbHW,IaFQPAESx,uKUWbHW,uKUWbHW,ypvSU,IaFQPAESx,uKUWbHW
uKUWbHW,IaFQPAESx,uKUWbHW,IaFQPAESx,uKUWbHW,uKUWbHW,ypvSU,IaFQPAESx,uKUWbHW
uKUWbHW
ypvSU
ypvSU
IaFQPAESx,ypvSU,uKUWbHW,IaFQPAESx,uKUWbHW,IaFQPAESx,uKUWbHW,ypvSU,ypvSU
IaFQPAESx,ypvSU,uKUWbHW,IaFQPAESx,uKUWbHW,IaFQPAESx,uKUWbHW,ypvSU,ypvSU
IaFQPAESx
IaFQPAESx,ypvSU,uKUWbHW,IaFQPAESx,uKUWbHW,IaFQPAESx,uKUWbHW,ypvSU,ypvSU
ypvSU,IaFQPAESx,uKUWbHW,IaFQPAESx,uKUWbHW,ypvSU,ypvSU
uKUWbHW,IaFQPAESx,ypvSU,uKUWbHW,IaFQPAESx,uKUWbHW,ypvSU,ypvSU,IaFQPAESx,ypvSU,ypvSU,uKUWbHW
uKUWbHW,IaFQPAESx,ypvSU,uKUWbHW,IaFQPAESx,uKUWbHW,ypvSU,ypvSU,IaFQPAESx,ypvSU,ypvSU,uKUWbHW
uKUWbHW,IaFQPAESx,ypvSU,uKUWbHW,IaFQPAESx,uKUWbHW,ypvSU,ypvSU,IaFQPAESx,ypvSU,ypvSU,uKUWbHW
ypvSU
ypvSU
uKUWbHW,IaFQPAESx,ypvSU,uKUWbHW,IaFQPAESx,uKUWbHW,ypvSU,ypvSU,IaFQPAESx,ypvSU,ypvSU,uKUWbHW,IaFQPAESx
uKUWbHW,IaFQPAESx,ypvSU,uKUWbHW,IaFQPAESx,uKUWbHW,ypvSU,ypvSU,IaFQPAESx,ypvSU,ypvSU,uKUWbHW,ypvSU
uKUWbHW,IaFQPAESx,ypvSU,uKUWbHW,IaFQPAESx,uKUWbHW,ypvSU,ypvSU,IaFQPAESx,ypvSU,ypvSU,uKUWbHW,ypvSU
ypvSU
ypvSU,uKUWbHW,IaFQPAESx,uKUWbHW,uKUWbHW,ypvSU,ypvSU,IaFQPAESx,ypvSU,ypvSU,uKUWbHW,ypvSU,ypvSU
ypvSU,uKUWbHW,uKUWbHW,uKUWbHW,ypvSU,ypvSU,IaFQPAESx,ypvSU,ypvSU,uKUWbHW,ypvSU,ypvSU,IaFQPAESx
uKUWbHW
uKUWbHW,uKUWbHW,uKUWbHW,ypvSU,ypvSU,IaFQPAESx,ypvSU,ypvSU,uKUWbHW,ypvSU,ypvSU,IaFQPAESx,IaFQPAESx,ypvSU
uKUWbHW,uKUWbHW,ypvSU,ypvSU,IaFQPAESx,ypvSU,ypvSU,uKUWbHW,ypvSU,ypvSU,IaFQPAESx,IaFQPAESx,ypvSU
uKUWbHW
IaFQPAESx,uKUWbHW,uKUWbHW,ypvSU,ypvSU,ypvSU,uKUWbHW,ypvSU,ypvSU,IaFQPAESx,IaFQPAESx,ypvSU,uKUWbHW
uKUWbHW
uKUWbHW
uKUWbHW,ypvSU,uKUWbHW,ypvSU,ypvSU,uKUWbHW,ypvSU,ypvSU,IaFQPAESx,IaFQPAESx,ypvSU,uKUWbHW,IaFQPAESx,ypvSU
uKUWbHW,ypvSU,ypvSU,ypvSU,uKUWbHW,ypvSU,ypvSU,IaFQPAESx,IaFQPAESx,ypvSU,uKUWbHW,IaFQPAESx,t
uKUWbHW,IaFQPAESx,ypvSU,ypvSU,ypvSU,uKUWbHW,ypvSU,ypvSU,IaFQPAESx,ypvSU,uKUWbHW,IaFQPAESx,t,ypvSU
uKUWbHW
IaFQPAESx,uKUWbHW,ypvSU,ypvSU,ypvSU,uKUWbHW,ypvSU,ypvSU,IaFQPAESx,ypvSU,uKUWbHW,IaFQPAESx,ypvSU,t
t
t,IaFQPAESx,uKUWbHW,ypvSU,ypvSU,ypvSU,uKUWbHW,ypvSU,ypvSU,IaFQPAESx,ypvSU,uKUWbHW,IaFQPAESx,ypvSU,uKUWbHW
t,IaFQPAESx,uKUWbHW,ypvSU,ypvSU,ypvSU,uKUWbHW,ypvSU,ypvSU,IaFQPAESx,ypvSU,uKUWbHW,IaFQPAESx,ypvSU,uKUWbHW
t
t
uKUWbHW
uKUWbHW,ypvSU,ypvSU,ypvSU,uKUWbHW,ypvSU,ypvSU,IaFQPAESx,IaFQPAESx,ypvSU,uKUWbHW,IaFQPAESx
uKUWbHW
uKUWbHW,ypvSU,uKUWbHW,ypvSU,ypvSU,uKUWbHW,ypvSU,ypvSU,ypvSU,uKUWbHW,IaFQPAESx,uKUWbHW
uKUWbHW,ypvSU,uKUWbHW,ypvSU,ypvSU,uKUWbHW,ypvSU,ypvSU,ypvSU,uKUWbHW,IaFQPAESx,uKUWbHW
uKUWbHW,uKUWbHW,ypvSU,ypvSU,ypvSU,uKUWbHW,ypvSU,ypvSU,ypvSU,uKUWbHW,IaFQPAESx,uKUWbHW
ypvSU
uKUWbHW,uKUWbHW,ypvSU,ypvSU,ypvSU,uKUWbHW,ypvSU,ypvSU,ypvSU,uKUWbHW,IaFQPAESx,uKUWbHW
uKUWbHW,ypvSU,ypvSU,ypvSU,uKUWbHW,ypvSU,ypvSU,ypvSU,uKUWbHW,uKUWbHW,uKUWbHW,t
uKUWbHW,ypvSU,ypvSU,ypvSU,uKUWbHW,ypvSU,ypvSU,ypvSU,uKUWbHW,uKUWbHW,uKUWbHW,uKUWbHW,t,IaFQPAESx
uKUWbHW,ypvSU,ypvSU,ypvSU,uKUWbHW,ypvSU,ypvSU,ypvSU,uKUWbHW,uKUWbHW,uKUWbHW,uKUWbHW,t,IaFQPAESx
ypvSU,uKUWbHW,ypvSU,ypvSU,ypvSU,ypvSU,ypvSU,uKUWbHW,uKUWbHW,uKUWbHW,uKUWbHW,t,IaFQPAESx
ypvSU,uKUWbHW,ypvSU,ypvSU,ypvSU,ypvSU,ypvSU,uKUWbHW,uKUWbHW,uKUWbHW,uKUWbHW,t,IaFQPAESx
ypvSU,uKUWbHW,ypvSU,ypvSU,ypvSU,ypvSU,ypvSU,uKUWbHW,uKUWbHW,uKUWbHW,uKUWbHW,t,IaFQPAESx
uKUWbHW,uKUWbHW,ypvSU,ypvSU,ypvSU,uKUWbHW,ypvSU,ypvSU,ypvSU,uKUWbHW,IaFQPAESx,uKUWbHW
ypvSU
ypvSU
uKUWbHW
uKUWbHW,ypvSU,ypvSU,ypvSU,uKUWbHW,ypvSU,ypvSU,ypvSU,uKUWbHW,IaFQPAESx,uKUWbHW
ypvSU
ypvSU
uKUWbHW,ypvSU,ypvSU,ypvSU,uKUWbHW,ypvSU,ypvSU,ypvSU,uKUWbHW,IaFQPAESx,uKUWbHW
ypvSU
ypvSU
ypvSU
ypvSU
ypvSU,IaFQPAESx,uKUWbHW,ypvSU,ypvSU,ypvSU,ypvSU,ypvSU,uKUWbHW,IaFQPAESx,IaFQPAESx,uKUWbHW
ypvSU
ypvSU,ypvSU,ypvSU,IaFQPAESx,ypvSU,ypvSU,ypvSU,uKUWbHW,uKUWbHW,IaFQPAESx,IaFQPAESx,IaFQPAESx
ypvSU,ypvSU,ypvSU,IaFQPAESx,ypvSU,ypvSU,ypvSU,uKUWbHW,uKUWbHW,IaFQPAESx,IaFQPAESx,IaFQPAESx,IaFQPAESx
ypvSU,ypvSU,ypvSU,IaFQPAESx,ypvSU,ypvSU,ypvSU,uKUWbHW,uKUWbHW,IaFQPAESx,IaFQPAESx,IaFQPAESx,IaFQPAESx,ypvSU
ypvSU
ypvSU,ypvSU,ypvSU,IaFQPAESx,ypvSU,ypvSU,ypvSU,uKUWbHW,IaFQPAESx,IaFQPAESx,IaFQPAESx,IaFQPAESx,ypvSU
ypvSU,ypvSU,ypvSU,ypvSU,ypvSU,ypvSU,uKUWbHW,IaFQPAESx,IaFQPAESx,IaFQPAESx,IaFQPAESx,ypvSU
ypvSU
ypvSU
ypvSU
ypvSU
ypvSU
ypvSU,ypvSU,ypvSU,IaFQPAESx,ypvSU,ypvSU,ypvSU,IaFQPAESx,IaFQPAESx,IaFQPAESx,IaFQPAESx,ypvSU
ypvSU,ypvSU,ypvSU,IaFQPAESx,ypvSU,ypvSU,ypvSU,IaFQPAESx,IaFQPAESx,IaFQPAESx,IaFQPAESx,ypvSU
ypvSU,ypvSU,ypvSU,IaFQPAESx,ypvSU,ypvSU,ypvSU,IaFQPAESx,IaFQPAESx,IaFQPAESx,IaFQPAESx,ypvSU
ypvSU
ypvSU,ypvSU,ypvSU,IaFQPAESx,ypvSU,ypvSU,ypvSU,IaFQPAESx,IaFQPAESx,IaFQPAESx,IaFQPAESx,ypvSU
ypvSU,ypvSU,ypvSU,IaFQPAESx,ypvSU,ypvSU,ypvSU,IaFQPAESx,IaFQPAESx,IaFQPAESx,IaFQPAESx,ypvSU
ypvSU
ypvSU
ypvSU
ypvSU,ypvSU,IaFQPAESx,ypvSU,ypvSU,ypvSU,uKUWbHW,IaFQPAESx,IaFQPAESx,IaFQPAESx,IaFQPAESx,ypvSU
ypvSU,ypvSU,ypvSU,ypvSU,ypvSU,uKUWbHW,IaFQPAESx,IaFQPAESx,IaFQPAESx,IaFQPAESx,IaFQPAESx,ypvSU
ypvSU,ypvSU,ypvSU,ypvSU,ypvSU,uKUWbHW,IaFQPAESx,IaFQPAESx,IaFQPAESx,IaFQPAESx,IaFQPAESx,ypvSU
ypvSU,ypvSU,ypvSU,ypvSU,ypvSU,uKUWbHW,IaFQPAESx,IaFQPAESx,IaFQPAESx,IaFQPAESx,IaFQPAESx,ypvSU,IaFQPAESx,IaFQPAESx
ypvSU,ypvSU,ypvSU,ypvSU,ypvSU,uKUWbHW,IaFQPAESx,IaFQPAESx,IaFQPAESx,IaFQPAESx,IaFQPAESx,ypvSU,IaFQPAESx,IaFQPAESx
IaFQPAESx
IaFQPAESx
ypvSU,ypvSU,ypvSU,ypvSU,ypvSU,IaFQPAESx,IaFQPAESx,IaFQPAESx,IaFQPAESx,IaFQPAESx,ypvSU,IaFQPAESx,IaFQPAESx
ypvSU,ypvSU,ypvSU,ypvSU,ypvSU,IaFQPAESx,IaFQPAESx,IaFQPAESx,IaFQPAESx,IaFQPAESx,ypvSU,IaFQPAESx,IaFQPAESx
IaFQPAESx
ypvSU,ypvSU,ypvSU,ypvSU,ypvSU,IaFQPAESx,IaFQPAESx,IaFQPAESx,IaFQPAESx,ypvSU,IaFQPAESx,IaFQPAESx,uKUWbHW
IaFQPAESx
Jedi Wagner, assuma o comando!