Toque! Toque, Dijê!
qQNENlCJW
qQNENlCJW
qQNENlCJW
qQNENlCJW
qQNENlCJW,nQfqgDVjpn,byQRChmcH
byQRChmcH
qQNENlCJW
qQNENlCJW,nQfqgDVjpn,sw
qQNENlCJW,nQfqgDVjpn,sw
qQNENlCJW
Toque! Toque, Dijê!
[vazia]
Toque! Toque, Dijê!
qQNENlCJW
qQNENlCJW
qQNENlCJW
qQNENlCJW
qQNENlCJW
qQNENlCJW
qQNENlCJW
qQNENlCJW
qQNENlCJW,byQRChmcH
qQNENlCJW
qQNENlCJW
qQNENlCJW,byQRChmcH,uEcpNAsR
qQNENlCJW,byQRChmcH,uEcpNAsR
byQRChmcH
byQRChmcH
qQNENlCJW
qQNENlCJW,byQRChmcH
byQRChmcH
qQNENlCJW,byQRChmcH,uEcpNAsR
qQNENlCJW,byQRChmcH
uEcpNAsR
uEcpNAsR
qQNENlCJW,uEcpNAsR,qQNENlCJW,VxyoZ
qQNENlCJW
qQNENlCJW,uEcpNAsR,qQNENlCJW,VxyoZ,nQfqgDVjpn,qQNENlCJW
VxyoZ
qQNENlCJW,uEcpNAsR,qQNENlCJW,VxyoZ,nQfqgDVjpn,VxyoZ
qQNENlCJW,uEcpNAsR,qQNENlCJW,VxyoZ,nQfqgDVjpn,VxyoZ,sw
qQNENlCJW,uEcpNAsR,qQNENlCJW,VxyoZ,nQfqgDVjpn,VxyoZ,sw
VxyoZ
VxyoZ
qQNENlCJW,uEcpNAsR,qQNENlCJW,nQfqgDVjpn,VxyoZ,VxyoZ,sw
qQNENlCJW,uEcpNAsR,qQNENlCJW,nQfqgDVjpn,VxyoZ,VxyoZ,sw
nQfqgDVjpn
qQNENlCJW,uEcpNAsR,qQNENlCJW,VxyoZ,VxyoZ,nQfqgDVjpn,sw
qQNENlCJW,uEcpNAsR,qQNENlCJW,VxyoZ,VxyoZ,nQfqgDVjpn,sw
VxyoZ
VxyoZ
VxyoZ
VxyoZ
VxyoZ
VxyoZ
VxyoZ
qQNENlCJW,uEcpNAsR,qQNENlCJW,VxyoZ,nQfqgDVjpn,VxyoZ
uEcpNAsR,qQNENlCJW,VxyoZ,VxyoZ,vuIz,uEcpNAsR
VxyoZ
qQNENlCJW,qQNENlCJW,VxyoZ,nQfqgDVjpn,VxyoZ,uEcpNAsR,byQRChmcH
uEcpNAsR
qQNENlCJW,uEcpNAsR,qQNENlCJW,VxyoZ,nQfqgDVjpn,VxyoZ,byQRChmcH
VxyoZ
VxyoZ
qQNENlCJW,uEcpNAsR,qQNENlCJW,nQfqgDVjpn,VxyoZ,byQRChmcH,vuIz,OwbQHjiEH
byQRChmcH
byQRChmcH
qQNENlCJW,uEcpNAsR,qQNENlCJW,nQfqgDVjpn,VxyoZ,byQRChmcH,vuIz,OwbQHjiEH
byQRChmcH
byQRChmcH
qQNENlCJW,uEcpNAsR,qQNENlCJW,nQfqgDVjpn,VxyoZ,byQRChmcH,vuIz,OwbQHjiEH
OwbQHjiEH
VxyoZ
qQNENlCJW,uEcpNAsR,qQNENlCJW,nQfqgDVjpn,VxyoZ,byQRChmcH,vuIz,OwbQHjiEH,VxyoZ,byQRChmcH,OwbQHjiEH
qQNENlCJW,uEcpNAsR,qQNENlCJW,nQfqgDVjpn,VxyoZ,byQRChmcH,vuIz,OwbQHjiEH,VxyoZ,byQRChmcH,OwbQHjiEH
qQNENlCJW,uEcpNAsR,qQNENlCJW,nQfqgDVjpn,VxyoZ,byQRChmcH,vuIz,OwbQHjiEH,VxyoZ,byQRChmcH,OwbQHjiEH
byQRChmcH
qQNENlCJW,qQNENlCJW,VxyoZ,byQRChmcH,vuIz,OwbQHjiEH,VxyoZ,byQRChmcH,OwbQHjiEH
qQNENlCJW
qQNENlCJW
qQNENlCJW,uEcpNAsR,qQNENlCJW,nQfqgDVjpn,VxyoZ,vuIz,VxyoZ,OwbQHjiEH
byQRChmcH
qQNENlCJW,uEcpNAsR,qQNENlCJW,nQfqgDVjpn,VxyoZ,byQRChmcH,vuIz,OwbQHjiEH,VxyoZ,byQRChmcH,OwbQHjiEH
qQNENlCJW,uEcpNAsR,qQNENlCJW,nQfqgDVjpn,VxyoZ,byQRChmcH,vuIz,OwbQHjiEH,VxyoZ,byQRChmcH,OwbQHjiEH
qQNENlCJW,uEcpNAsR,qQNENlCJW,nQfqgDVjpn,VxyoZ,vuIz,OwbQHjiEH,VxyoZ,byQRChmcH,byQRChmcH,OwbQHjiEH
byQRChmcH
qQNENlCJW,uEcpNAsR,qQNENlCJW,nQfqgDVjpn,VxyoZ,byQRChmcH,vuIz,OwbQHjiEH,VxyoZ,byQRChmcH,OwbQHjiEH
byQRChmcH
qQNENlCJW,uEcpNAsR,qQNENlCJW,nQfqgDVjpn,VxyoZ,byQRChmcH,vuIz,OwbQHjiEH,VxyoZ,byQRChmcH,OwbQHjiEH
qQNENlCJW,uEcpNAsR,qQNENlCJW,nQfqgDVjpn,VxyoZ,byQRChmcH,vuIz,OwbQHjiEH,VxyoZ,byQRChmcH,OwbQHjiEH
byQRChmcH
qQNENlCJW,uEcpNAsR,qQNENlCJW,VxyoZ,byQRChmcH,OwbQHjiEH,VxyoZ,byQRChmcH,nQfqgDVjpn,OwbQHjiEH
byQRChmcH
qQNENlCJW,uEcpNAsR,qQNENlCJW,nQfqgDVjpn,VxyoZ,byQRChmcH,vuIz,OwbQHjiEH,VxyoZ,byQRChmcH,OwbQHjiEH
qQNENlCJW,uEcpNAsR,qQNENlCJW,VxyoZ,byQRChmcH,vuIz,OwbQHjiEH,VxyoZ,byQRChmcH,OwbQHjiEH,nQfqgDVjpn
byQRChmcH
byQRChmcH
qQNENlCJW,qQNENlCJW,byQRChmcH,OwbQHjiEH,VxyoZ,byQRChmcH,uEcpNAsR,OwbQHjiEH,nQfqgDVjpn
byQRChmcH
qQNENlCJW,byQRChmcH,OwbQHjiEH,VxyoZ,byQRChmcH,qQNENlCJW,uEcpNAsR,OwbQHjiEH,nQfqgDVjpn,VxyoZ
qQNENlCJW
uEcpNAsR
qQNENlCJW,byQRChmcH,VxyoZ,byQRChmcH,uEcpNAsR,nQfqgDVjpn,qQNENlCJW,OwbQHjiEH,VxyoZ,nQfqgDVjpn
uEcpNAsR
uEcpNAsR
qQNENlCJW,byQRChmcH,byQRChmcH,uEcpNAsR,sw,VxyoZ,nQfqgDVjpn,qQNENlCJW,OwbQHjiEH,VxyoZ,nQfqgDVjpn,byQRChmcH
qQNENlCJW,byQRChmcH,byQRChmcH,uEcpNAsR,sw,VxyoZ,nQfqgDVjpn,qQNENlCJW,OwbQHjiEH,VxyoZ,nQfqgDVjpn,byQRChmcH
sw
qQNENlCJW,byQRChmcH,byQRChmcH,uEcpNAsR,sw,nQfqgDVjpn,qQNENlCJW,OwbQHjiEH,VxyoZ,nQfqgDVjpn,byQRChmcH,VxyoZ,OwbQHjiEH
sw
qQNENlCJW,byQRChmcH,byQRChmcH,uEcpNAsR,sw,nQfqgDVjpn,qQNENlCJW,OwbQHjiEH,VxyoZ,nQfqgDVjpn,byQRChmcH,VxyoZ,OwbQHjiEH,byQRChmcH,uEcpNAsR
qQNENlCJW,byQRChmcH,VxyoZ,byQRChmcH,qQNENlCJW,OwbQHjiEH,uEcpNAsR,OwbQHjiEH,nQfqgDVjpn,VxyoZ
OwbQHjiEH
qQNENlCJW,byQRChmcH,byQRChmcH,qQNENlCJW,OwbQHjiEH,uEcpNAsR,OwbQHjiEH,nQfqgDVjpn,VxyoZ,uEcpNAsR
qQNENlCJW,byQRChmcH,byQRChmcH,qQNENlCJW,OwbQHjiEH,uEcpNAsR,OwbQHjiEH,nQfqgDVjpn,VxyoZ,uEcpNAsR
qQNENlCJW
nQfqgDVjpn
qQNENlCJW,OwbQHjiEH,VxyoZ,byQRChmcH,nQfqgDVjpn,byQRChmcH,qQNENlCJW,uEcpNAsR,OwbQHjiEH,VxyoZ
qQNENlCJW,OwbQHjiEH,VxyoZ,byQRChmcH,nQfqgDVjpn,byQRChmcH,qQNENlCJW,uEcpNAsR,OwbQHjiEH,VxyoZ
qQNENlCJW,OwbQHjiEH,VxyoZ,byQRChmcH,nQfqgDVjpn,byQRChmcH,qQNENlCJW,uEcpNAsR,OwbQHjiEH,VxyoZ
qQNENlCJW,OwbQHjiEH,VxyoZ,byQRChmcH,nQfqgDVjpn,byQRChmcH,qQNENlCJW,uEcpNAsR,OwbQHjiEH,VxyoZ,vuIz
nQfqgDVjpn
Jedi Wagner, assuma o comando!