[vazia]
JgDX
JgDX
JgDX,jI
JgDX
JgDX
JgDX
JgDX
JgDX,Oy,rpbSFG,rpbSFG,uIUXEE
JgDX,Oy,rpbSFG,rpbSFG,uIUXEE,rpbSFG
JgDX,Oy,rpbSFG,rpbSFG,uIUXEE,rpbSFG
JgDX,Oy,rpbSFG,rpbSFG,rpbSFG
JgDX
JgDX,Oy,rpbSFG,rpbSFG,rpbSFG
JgDX
JgDX,jI
JgDX
JgDX
JgDX
JgDX
JgDX,jI,qQPoH,jI,rpbSFG,qQPoH,Oy,JgDX
JgDX
jI
JgDX,jI,rpbSFG,qQPoH,jI,qQPoH,Oy,JgDX,yrv,s,qQPoH
jI
jI
jI
JgDX,jI,rpbSFG,qQPoH,jI,qQPoH,Oy,JgDX,yrv,s,qQPoH
JgDX,jI,rpbSFG,qQPoH,jI,qQPoH,Oy,JgDX,yrv,s,qQPoH
jI
JgDX,jI,rpbSFG,qQPoH,jI,qQPoH,Oy,JgDX,yrv,s,jI
JgDX,jI,rpbSFG,qQPoH,jI,qQPoH,Oy,JgDX,yrv,s,jI,jI,yrv
JgDX,jI,rpbSFG,qQPoH,jI,qQPoH,Oy,JgDX,yrv,jI,jI,yrv
JgDX,jI,rpbSFG,qQPoH,jI,qQPoH,Oy,JgDX,yrv,s
rpbSFG
JgDX
JgDX
jI,rpbSFG,JgDX,qQPoH,jI,qQPoH,JgDX,s
qQPoH
jI,rpbSFG,qQPoH,JgDX,jI,qQPoH,JgDX,s,Z
rpbSFG
qQPoH
JgDX,jI,rpbSFG,qQPoH,jI,qQPoH,Oy,JgDX,yrv,s
jI
qQPoH
jI,qQPoH,jI,qQPoH,rpbSFG,Oy,JgDX,yrv,s,JgDX
jI,qQPoH,jI,qQPoH,rpbSFG,Oy,JgDX,yrv,s,JgDX
jI,qQPoH,jI,qQPoH,rpbSFG,Oy,JgDX,yrv,JgDX,uIUXEE,jI,yrv,yrv
jI,qQPoH,jI,qQPoH,rpbSFG,Oy,JgDX,yrv,JgDX,uIUXEE,jI,yrv
jI,jI,qQPoH,yrv,qQPoH,rpbSFG,Oy,JgDX,JgDX,uIUXEE,jI,yrv,jI
qQPoH
qQPoH
qQPoH
jI,qQPoH,yrv,qQPoH,rpbSFG,Oy,JgDX,JgDX,uIUXEE,jI,yrv
jI,qQPoH,yrv,qQPoH,rpbSFG,Oy,JgDX,JgDX,uIUXEE,jI,yrv,qQPoH,JgDX
jI,qQPoH,yrv,qQPoH,rpbSFG,Oy,JgDX,JgDX,uIUXEE,jI,yrv,qQPoH,JgDX
jI,qQPoH,yrv,qQPoH,rpbSFG,Oy,JgDX,JgDX,uIUXEE,jI,yrv,qQPoH,JgDX,s
jI
qQPoH,yrv,qQPoH,Oy,rpbSFG,JgDX,JgDX,jI,yrv,qQPoH,JgDX,s,Oy
Oy
Oy
JgDX
JgDX
qQPoH,yrv,qQPoH,Oy,JgDX,rpbSFG,s,JgDX,jI,yrv,qQPoH,JgDX,Oy,Oy,JgDX,jI,qQPoH
qQPoH,yrv,qQPoH,Oy,JgDX,rpbSFG,s,JgDX,jI,yrv,qQPoH,JgDX,Oy,Oy,JgDX,jI,qQPoH
rpbSFG
s
Jedi Wagner, assuma o comando!