[vazia]
[vazia]
[vazia]
Toque! Toque, Dijê!
[vazia]
[vazia]
[vazia]
Toque! Toque, Dijê!
fBVUcW
fBVUcW
fBVUcW,fBVUcW
fBVUcW
fBVUcW
fBVUcW
fBVUcW
fBVUcW,fBVUcW
fBVUcW
fBVUcW
fBVUcW,fBVUcW
fBVUcW
fBVUcW
fBVUcW
fBVUcW
fBVUcW
fBVUcW
fBVUcW
fBVUcW
fBVUcW
fBVUcW
fBVUcW
fBVUcW,fBVUcW
fBVUcW
fBVUcW
fBVUcW,fBVUcW
fBVUcW
fBVUcW,fBVUcW,fBVUcW
fBVUcW,fBVUcW,fBVUcW
fBVUcW
fBVUcW,fBVUcW,fBVUcW
fBVUcW,fBVUcW,fBVUcW
fBVUcW,fBVUcW,fBVUcW
fBVUcW,fBVUcW,fBVUcW
fBVUcW,fBVUcW,fBVUcW
fBVUcW
fBVUcW,fBVUcW
fBVUcW,fBVUcW,fBVUcW
fBVUcW
fBVUcW
fBVUcW
fBVUcW
fBVUcW
fBVUcW
fBVUcW,fBVUcW,fBVUcW
[vazia]
fBVUcW
fBVUcW
fBVUcW
fBVUcW
fBVUcW
fBVUcW
fBVUcW
fBVUcW,fBVUcW
fBVUcW,fBVUcW
fBVUcW
fBVUcW
fBVUcW
fBVUcW
fBVUcW
fBVUcW
fBVUcW,fBVUcW
fBVUcW
fBVUcW
fBVUcW
fBVUcW,fBVUcW
fBVUcW
fBVUcW
fBVUcW,fBVUcW
fBVUcW,fBVUcW
fBVUcW,fBVUcW,fBVUcW
fBVUcW,fBVUcW,fBVUcW
fBVUcW
fBVUcW
fBVUcW
fBVUcW
fBVUcW
fBVUcW
fBVUcW
fBVUcW,fBVUcW,fBVUcW,fBVUcW,fBVUcW
fBVUcW
fBVUcW
fBVUcW,fBVUcW,fBVUcW,fBVUcW,fBVUcW,fBVUcW
fBVUcW
fBVUcW,fBVUcW,fBVUcW,fBVUcW,fBVUcW,fBVUcW,fBVUcW
fBVUcW
fBVUcW
fBVUcW
fBVUcW,fBVUcW,fBVUcW,fBVUcW,fBVUcW,fBVUcW,fBVUcW,fBVUcW,fBVUcW,fBVUcW,fBVUcW
fBVUcW,fBVUcW,fBVUcW,fBVUcW,fBVUcW,fBVUcW,fBVUcW,fBVUcW,fBVUcW,fBVUcW,fBVUcW
fBVUcW,fBVUcW,fBVUcW,fBVUcW,fBVUcW,fBVUcW,fBVUcW,fBVUcW
fBVUcW,fBVUcW,fBVUcW,fBVUcW,fBVUcW,fBVUcW,fBVUcW,fBVUcW
fBVUcW
fBVUcW,fBVUcW,fBVUcW,fBVUcW,fBVUcW,fBVUcW,fBVUcW,fBVUcW
fBVUcW,fBVUcW,fBVUcW,fBVUcW,fBVUcW,fBVUcW,fBVUcW,fBVUcW
fBVUcW,fBVUcW,fBVUcW,fBVUcW,fBVUcW,fBVUcW,fBVUcW,fBVUcW,fBVUcW
fBVUcW,fBVUcW,fBVUcW,fBVUcW,fBVUcW,fBVUcW,fBVUcW
fBVUcW
fBVUcW,fBVUcW,fBVUcW,fBVUcW,fBVUcW,fBVUcW,fBVUcW
fBVUcW
fBVUcW
fBVUcW
fBVUcW
fBVUcW,fBVUcW,fBVUcW,fBVUcW,fBVUcW,fBVUcW,fBVUcW,fBVUcW
fBVUcW,fBVUcW,fBVUcW,fBVUcW,fBVUcW,fBVUcW,fBVUcW,fBVUcW,fBVUcW,fBVUcW
fBVUcW,fBVUcW,fBVUcW,fBVUcW,fBVUcW,fBVUcW,fBVUcW,fBVUcW,fBVUcW,fBVUcW
Jedi Wagner, assuma o comando!