[vazia]
[vazia]
ZVaLu
ZVaLu
ZVaLu,KZrnWqMRE,ZVaLu
ZVaLu
ZVaLu
ZVaLu,KZrnWqMRE,ZVaLu
ZVaLu,KZrnWqMRE,ZVaLu
ZVaLu,ZVaLu,MQksBDUxF
ZVaLu,ZVaLu,MQksBDUxF
ZVaLu,ZVaLu,MQksBDUxF
ZVaLu,KZrnWqMRE,ZVaLu
ZVaLu
ZVaLu,ZVaLu,KZrnWqMRE
KZrnWqMRE
KZrnWqMRE
KZrnWqMRE
KZrnWqMRE
ZVaLu,KZrnWqMRE,ZVaLu
ZVaLu,KZrnWqMRE,ZVaLu
ZVaLu
ZVaLu
ZVaLu
ZVaLu
ZVaLu
ZVaLu
ZVaLu,MQksBDUxF
ZVaLu
ZVaLu,MQksBDUxF
ZVaLu,MQksBDUxF
ZVaLu,MQksBDUxF
ZVaLu,MQksBDUxF
ZVaLu
ZVaLu
ZVaLu
ZVaLu
ZVaLu
vaoex
ZVaLu,vaoex
ZVaLu,vaoex,qxVjpXdW
vaoex
vaoex
vaoex
ZVaLu
ZVaLu,vaoex
ZVaLu
ZVaLu,vaoex
ZVaLu,KZrnWqMRE,vaoex
vaoex,KZrnWqMRE
KZrnWqMRE
KZrnWqMRE
vaoex,vaoex
vaoex
vaoex,ZVaLu
vaoex
vaoex,ZVaLu,qxVjpXdW
vaoex,ZVaLu,qxVjpXdW
vaoex,KZrnWqMRE,vaoex
vaoex,KZrnWqMRE,vaoex,qxVjpXdW
vaoex,KZrnWqMRE,vaoex
KZrnWqMRE
vaoex,vaoex,KZrnWqMRE,ZVaLu,qxVjpXdW,vaoex,qxVjpXdW
vaoex,vaoex,KZrnWqMRE,qxVjpXdW,MQksBDUxF,ZVaLu,vaoex,qxVjpXdW,vaoex
vaoex,vaoex,KZrnWqMRE,qxVjpXdW,MQksBDUxF,ZVaLu,vaoex,qxVjpXdW,vaoex
vaoex,vaoex,KZrnWqMRE,qxVjpXdW,MQksBDUxF,ZVaLu,vaoex,qxVjpXdW,vaoex
MQksBDUxF
MQksBDUxF
MQksBDUxF
vaoex,vaoex,KZrnWqMRE,qxVjpXdW,MQksBDUxF,ZVaLu,vaoex,qxVjpXdW,vaoex
vaoex,vaoex,KZrnWqMRE,qxVjpXdW,MQksBDUxF,ZVaLu,vaoex,qxVjpXdW,vaoex
MQksBDUxF
MQksBDUxF
vaoex,KZrnWqMRE,qxVjpXdW,MQksBDUxF,ZVaLu,vaoex,qxVjpXdW,vaoex
MQksBDUxF
vaoex,KZrnWqMRE,qxVjpXdW,MQksBDUxF,ZVaLu,vaoex,qxVjpXdW,vaoex
MQksBDUxF
vaoex,KZrnWqMRE,MQksBDUxF,ZVaLu,vaoex,qxVjpXdW,vaoex,KZrnWqMRE,ZVaLu,ZVaLu
MQksBDUxF
vaoex,MQksBDUxF,KZrnWqMRE,qxVjpXdW,vaoex,ZVaLu,ZVaLu,KZrnWqMRE
MQksBDUxF
vaoex,MQksBDUxF,KZrnWqMRE,qxVjpXdW,vaoex,ZVaLu,ZVaLu,KZrnWqMRE
vaoex,MQksBDUxF,qxVjpXdW,vaoex,ZVaLu,ZVaLu,KZrnWqMRE
vaoex,MQksBDUxF,KZrnWqMRE,qxVjpXdW,vaoex,ZVaLu,ZVaLu,KZrnWqMRE
vaoex,ZVaLu,KZrnWqMRE,qxVjpXdW,vaoex,ZVaLu,KZrnWqMRE
ZVaLu
vaoex,MQksBDUxF,ZVaLu,KZrnWqMRE,qxVjpXdW,vaoex,ZVaLu,KZrnWqMRE
qxVjpXdW
qxVjpXdW
vaoex,qxVjpXdW,MQksBDUxF,ZVaLu,KZrnWqMRE,vaoex,ZVaLu,KZrnWqMRE,MQksBDUxF,qxVjpXdW,MQksBDUxF,KZrnWqMRE
vaoex,qxVjpXdW,MQksBDUxF,ZVaLu,KZrnWqMRE,vaoex,ZVaLu,KZrnWqMRE,MQksBDUxF,qxVjpXdW,MQksBDUxF,KZrnWqMRE
qxVjpXdW
qxVjpXdW
qxVjpXdW
vaoex,ZVaLu,KZrnWqMRE,MQksBDUxF,vaoex,ZVaLu,KZrnWqMRE,MQksBDUxF,ZVaLu,MQksBDUxF,ZVaLu,KZrnWqMRE,KZrnWqMRE
ZVaLu
ZVaLu
MQksBDUxF
vaoex,ZVaLu,KZrnWqMRE,vaoex,ZVaLu,KZrnWqMRE,MQksBDUxF,ZVaLu,MQksBDUxF,ZVaLu,KZrnWqMRE,KZrnWqMRE
vaoex,KZrnWqMRE,MQksBDUxF,vaoex,ZVaLu,KZrnWqMRE,MQksBDUxF,ZVaLu,MQksBDUxF,ZVaLu,KZrnWqMRE,KZrnWqMRE,qxVjpXdW
MQksBDUxF
vaoex,ZVaLu,MQksBDUxF,vaoex,ZVaLu,KZrnWqMRE,MQksBDUxF,KZrnWqMRE,ZVaLu,MQksBDUxF,ZVaLu,KZrnWqMRE,KZrnWqMRE,qxVjpXdW
MQksBDUxF
MQksBDUxF
ZVaLu
vaoex,KZrnWqMRE,MQksBDUxF,vaoex,ZVaLu,KZrnWqMRE,MQksBDUxF,ZVaLu,ZVaLu,MQksBDUxF,ZVaLu,KZrnWqMRE,KZrnWqMRE,qxVjpXdW,qxVjpXdW
vaoex,KZrnWqMRE,MQksBDUxF,vaoex,KZrnWqMRE,MQksBDUxF,ZVaLu,ZVaLu,ZVaLu,MQksBDUxF,ZVaLu,KZrnWqMRE,KZrnWqMRE,qxVjpXdW,qxVjpXdW
vaoex,KZrnWqMRE,MQksBDUxF,vaoex,KZrnWqMRE,MQksBDUxF,ZVaLu,ZVaLu,MQksBDUxF,ZVaLu,KZrnWqMRE,KZrnWqMRE,qxVjpXdW
ZVaLu
qxVjpXdW
qxVjpXdW
vaoex,vaoex,KZrnWqMRE,MQksBDUxF,qxVjpXdW,ZVaLu,KZrnWqMRE,MQksBDUxF,ZVaLu,KZrnWqMRE,KZrnWqMRE
KZrnWqMRE,MQksBDUxF,qxVjpXdW,ZVaLu,KZrnWqMRE,MQksBDUxF,ZVaLu,KZrnWqMRE,KZrnWqMRE,ZVaLu
KZrnWqMRE,MQksBDUxF,qxVjpXdW,ZVaLu,KZrnWqMRE,MQksBDUxF,ZVaLu,KZrnWqMRE,KZrnWqMRE,ZVaLu,vaoex,MQksBDUxF
KZrnWqMRE,qxVjpXdW,ZVaLu,KZrnWqMRE,MQksBDUxF,MQksBDUxF,ZVaLu,KZrnWqMRE,KZrnWqMRE,ZVaLu,vaoex,MQksBDUxF,ZVaLu
qxVjpXdW,ZVaLu,KZrnWqMRE,MQksBDUxF,KZrnWqMRE,MQksBDUxF,ZVaLu,KZrnWqMRE,KZrnWqMRE,ZVaLu,vaoex,MQksBDUxF,ZVaLu,qxVjpXdW
qxVjpXdW,ZVaLu,KZrnWqMRE,MQksBDUxF,KZrnWqMRE,MQksBDUxF,ZVaLu,KZrnWqMRE,KZrnWqMRE,ZVaLu,vaoex,MQksBDUxF,ZVaLu,qxVjpXdW,qxVjpXdW
KZrnWqMRE
KZrnWqMRE,MQksBDUxF,qxVjpXdW,ZVaLu,KZrnWqMRE,MQksBDUxF,ZVaLu,KZrnWqMRE,KZrnWqMRE,ZVaLu
MQksBDUxF,KZrnWqMRE,KZrnWqMRE,MQksBDUxF,ZVaLu,KZrnWqMRE,KZrnWqMRE,ZVaLu,KZrnWqMRE
MQksBDUxF,KZrnWqMRE,KZrnWqMRE,MQksBDUxF,ZVaLu,KZrnWqMRE,KZrnWqMRE,ZVaLu,KZrnWqMRE
MQksBDUxF,KZrnWqMRE,KZrnWqMRE,MQksBDUxF,ZVaLu,KZrnWqMRE,KZrnWqMRE,ZVaLu,KZrnWqMRE,ZVaLu
KZrnWqMRE,MQksBDUxF,qxVjpXdW,ZVaLu,KZrnWqMRE,MQksBDUxF,ZVaLu,KZrnWqMRE,KZrnWqMRE,ZVaLu
KZrnWqMRE
MQksBDUxF
MQksBDUxF
qxVjpXdW,ZVaLu,MQksBDUxF,KZrnWqMRE,ZVaLu,KZrnWqMRE,KZrnWqMRE,ZVaLu,qxVjpXdW
KZrnWqMRE
MQksBDUxF
KZrnWqMRE,MQksBDUxF,qxVjpXdW,ZVaLu,KZrnWqMRE,MQksBDUxF,ZVaLu,KZrnWqMRE,KZrnWqMRE,ZVaLu
KZrnWqMRE,MQksBDUxF,qxVjpXdW,ZVaLu,KZrnWqMRE,MQksBDUxF,ZVaLu,KZrnWqMRE,KZrnWqMRE,ZVaLu
KZrnWqMRE
KZrnWqMRE,MQksBDUxF,qxVjpXdW,KZrnWqMRE,MQksBDUxF,KZrnWqMRE,ZVaLu,KZrnWqMRE,qxVjpXdW,KZrnWqMRE,vaoex,qxVjpXdW
KZrnWqMRE
KZrnWqMRE
KZrnWqMRE,KZrnWqMRE,vaoex,ZVaLu,KZrnWqMRE,KZrnWqMRE,KZrnWqMRE,qxVjpXdW,vaoex,KZrnWqMRE,MQksBDUxF
KZrnWqMRE,KZrnWqMRE,vaoex,ZVaLu,KZrnWqMRE,KZrnWqMRE,KZrnWqMRE,qxVjpXdW,vaoex,KZrnWqMRE,MQksBDUxF
KZrnWqMRE,KZrnWqMRE,vaoex,ZVaLu,KZrnWqMRE,KZrnWqMRE,KZrnWqMRE,qxVjpXdW,vaoex,KZrnWqMRE,MQksBDUxF
KZrnWqMRE,KZrnWqMRE,vaoex,KZrnWqMRE,KZrnWqMRE,KZrnWqMRE,qxVjpXdW,vaoex,KZrnWqMRE,MQksBDUxF,qxVjpXdW
KZrnWqMRE,KZrnWqMRE,vaoex,KZrnWqMRE,KZrnWqMRE,KZrnWqMRE,qxVjpXdW,vaoex,KZrnWqMRE,MQksBDUxF,qxVjpXdW
KZrnWqMRE
KZrnWqMRE,KZrnWqMRE,KZrnWqMRE,MQksBDUxF,KZrnWqMRE,KZrnWqMRE,qxVjpXdW,vaoex,KZrnWqMRE,qxVjpXdW,vaoex,vaoex,vaoex
KZrnWqMRE
KZrnWqMRE
KZrnWqMRE
KZrnWqMRE,KZrnWqMRE,MQksBDUxF,vaoex,ZVaLu,KZrnWqMRE,KZrnWqMRE,qxVjpXdW,KZrnWqMRE,qxVjpXdW,vaoex,KZrnWqMRE,MQksBDUxF,vaoex,qxVjpXdW
KZrnWqMRE
KZrnWqMRE
KZrnWqMRE,KZrnWqMRE,vaoex,KZrnWqMRE,qxVjpXdW,KZrnWqMRE,KZrnWqMRE,qxVjpXdW,vaoex,KZrnWqMRE,vaoex,qxVjpXdW,ZVaLu,MQksBDUxF,qxVjpXdW
KZrnWqMRE,KZrnWqMRE,KZrnWqMRE,KZrnWqMRE,KZrnWqMRE,qxVjpXdW,vaoex,KZrnWqMRE,vaoex,vaoex,qxVjpXdW,ZVaLu,MQksBDUxF,qxVjpXdW
vaoex
ZVaLu
qxVjpXdW
MQksBDUxF
KZrnWqMRE,KZrnWqMRE,KZrnWqMRE,KZrnWqMRE,KZrnWqMRE,vaoex,KZrnWqMRE,vaoex,ZVaLu,vaoex,qxVjpXdW,MQksBDUxF,qxVjpXdW
KZrnWqMRE,KZrnWqMRE,KZrnWqMRE,vaoex,KZrnWqMRE,vaoex,vaoex,KZrnWqMRE,KZrnWqMRE,qxVjpXdW,vaoex
qxVjpXdW
KZrnWqMRE,KZrnWqMRE,KZrnWqMRE,KZrnWqMRE,KZrnWqMRE,vaoex,KZrnWqMRE,vaoex,ZVaLu,vaoex,qxVjpXdW,MQksBDUxF,qxVjpXdW,qxVjpXdW
KZrnWqMRE,KZrnWqMRE,KZrnWqMRE,KZrnWqMRE,KZrnWqMRE,vaoex,KZrnWqMRE,vaoex,ZVaLu,vaoex,qxVjpXdW,MQksBDUxF,qxVjpXdW,qxVjpXdW
qxVjpXdW
KZrnWqMRE
qxVjpXdW
qxVjpXdW
KZrnWqMRE,KZrnWqMRE,KZrnWqMRE,KZrnWqMRE,vaoex,KZrnWqMRE,vaoex,ZVaLu,vaoex,MQksBDUxF,qxVjpXdW,qxVjpXdW,qxVjpXdW,MQksBDUxF
KZrnWqMRE,KZrnWqMRE,KZrnWqMRE,KZrnWqMRE,vaoex,KZrnWqMRE,vaoex,ZVaLu,vaoex,MQksBDUxF,qxVjpXdW,qxVjpXdW,qxVjpXdW,MQksBDUxF,ZVaLu,ZVaLu
KZrnWqMRE,KZrnWqMRE,KZrnWqMRE,KZrnWqMRE,vaoex,KZrnWqMRE,vaoex,ZVaLu,vaoex,MQksBDUxF,qxVjpXdW,qxVjpXdW,qxVjpXdW,MQksBDUxF,ZVaLu,ZVaLu
qxVjpXdW
KZrnWqMRE,KZrnWqMRE,KZrnWqMRE,KZrnWqMRE,vaoex,KZrnWqMRE,vaoex,ZVaLu,vaoex,qxVjpXdW,MQksBDUxF,qxVjpXdW,qxVjpXdW,ZVaLu,ZVaLu
KZrnWqMRE,KZrnWqMRE,KZrnWqMRE,vaoex,KZrnWqMRE,vaoex,ZVaLu,vaoex,qxVjpXdW,MQksBDUxF,qxVjpXdW,qxVjpXdW,ZVaLu,ZVaLu
MQksBDUxF
MQksBDUxF
qxVjpXdW
KZrnWqMRE,KZrnWqMRE,KZrnWqMRE,vaoex,KZrnWqMRE,vaoex,ZVaLu,vaoex,qxVjpXdW,MQksBDUxF,qxVjpXdW,qxVjpXdW,ZVaLu,ZVaLu
Jedi Wagner, assuma o comando!