[vazia]
Toque! Toque, Dijê!
[vazia]
Toque! Toque, Dijê!
[vazia]
VsSoc
VsSoc
VsSoc
VsSoc
VsSoc
VsSoc
VsSoc
VsSoc,VogdeK
VsSoc
VsSoc,QRYqHsYB
VsSoc
VsSoc
VsSoc
QRYqHsYB
QRYqHsYB
VsSoc
VsSoc,Xm
VsSoc
VsSoc,Xm
VsSoc
VsSoc,VsSoc
VsSoc,VsSoc
VsSoc,VsSoc,Xm
VsSoc
VsSoc,VsSoc,Xm
VsSoc,VsSoc,Xm
VsSoc,VsSoc,Xm
VsSoc
VsSoc,VsSoc,Xm
VsSoc,VsSoc,Xm,Xm
VsSoc,VsSoc,Xm
VsSoc,VsSoc,Xm
VsSoc,VsSoc,Xm
VsSoc,VsSoc,Xm
VsSoc,VsSoc,Xm
VsSoc,VsSoc,Xm
VsSoc,VsSoc,Xm
VsSoc,VsSoc,Xm
VsSoc
VsSoc
Xm
VsSoc,VsSoc,Xm
Xm
VsSoc,VsSoc,Xm
VsSoc,VsSoc,Xm
Xm
Xm
Xm
Xm
VsSoc,VsSoc,Xm
VsSoc,VsSoc,Xm
Xm
VsSoc,VsSoc,Xm
VsSoc,VsSoc,Xm
VsSoc,VsSoc,Xm,VogdeK
VsSoc,Xm,VogdeK,QRYqHsYB
Xm
Xm
Jedi Wagner, assuma o comando!