VnMoR
VnMoR
VnMoR,yMUtLCbQup
yMUtLCbQup
yMUtLCbQup
VnMoR
VnMoR
VnMoR
VnMoR,dAqyztSyUj,iGAIvPk,iGAIvPk
VnMoR
dAqyztSyUj,iGAIvPk,iGAIvPk,jvTH
dAqyztSyUj,VnMoR,iGAIvPk,iGAIvPk,dAqyztSyUj
VnMoR,dAqyztSyUj,iGAIvPk,iGAIvPk,dAqyztSyUj
dAqyztSyUj
dAqyztSyUj
dAqyztSyUj
dAqyztSyUj,iGAIvPk,iGAIvPk,dAqyztSyUj
dAqyztSyUj,iGAIvPk,iGAIvPk,dAqyztSyUj
iGAIvPk
dAqyztSyUj
dAqyztSyUj,iGAIvPk,iGAIvPk,dAqyztSyUj
iGAIvPk
iGAIvPk
iGAIvPk
dAqyztSyUj,iGAIvPk,dAqyztSyUj,iGAIvPk,iGAIvPk,VnMoR
dAqyztSyUj,dAqyztSyUj,iGAIvPk,iGAIvPk,iGAIvPk,VnMoR,iGAIvPk,VnMoR
dAqyztSyUj,dAqyztSyUj,iGAIvPk,iGAIvPk,iGAIvPk,VnMoR,iGAIvPk,VnMoR,iGAIvPk,jvTH
iGAIvPk
dAqyztSyUj,iGAIvPk,dAqyztSyUj,iGAIvPk,iGAIvPk,VnMoR
iGAIvPk
iGAIvPk
iGAIvPk
dAqyztSyUj,iGAIvPk,dAqyztSyUj,iGAIvPk,iGAIvPk,VnMoR
iGAIvPk
iGAIvPk
dAqyztSyUj,iGAIvPk,dAqyztSyUj,iGAIvPk,iGAIvPk,VnMoR,yMUtLCbQup
dAqyztSyUj,iGAIvPk,dAqyztSyUj,iGAIvPk,iGAIvPk,VnMoR,yMUtLCbQup
dAqyztSyUj,iGAIvPk,dAqyztSyUj,iGAIvPk,iGAIvPk,VnMoR,yMUtLCbQup
iGAIvPk
VnMoR
dAqyztSyUj,dAqyztSyUj,iGAIvPk,iGAIvPk,VnMoR,iGAIvPk,yMUtLCbQup,yMUtLCbQup
yMUtLCbQup
yMUtLCbQup
yMUtLCbQup
yMUtLCbQup
yMUtLCbQup
yMUtLCbQup
yMUtLCbQup
yMUtLCbQup
dAqyztSyUj,iGAIvPk,iGAIvPk,VnMoR,dAqyztSyUj,yMUtLCbQup,iGAIvPk,jvTH,dAqyztSyUj
iGAIvPk,VnMoR,dAqyztSyUj,yMUtLCbQup,iGAIvPk,jvTH,iGAIvPk,dAqyztSyUj,jvTH
dAqyztSyUj
dAqyztSyUj
dAqyztSyUj
VnMoR
VnMoR,dAqyztSyUj,yMUtLCbQup,iGAIvPk,jvTH,iGAIvPk,dAqyztSyUj,jvTH
VnMoR
VnMoR
VnMoR,dAqyztSyUj,yMUtLCbQup,iGAIvPk,iGAIvPk,dAqyztSyUj,jvTH
VnMoR
VnMoR,dAqyztSyUj,yMUtLCbQup,iGAIvPk,iGAIvPk,dAqyztSyUj,jvTH
VnMoR
dAqyztSyUj
VnMoR
VnMoR,dAqyztSyUj,yMUtLCbQup,jvTH,iGAIvPk,dAqyztSyUj,jvTH
dAqyztSyUj,VnMoR,iGAIvPk,jvTH,iGAIvPk,dAqyztSyUj,jvTH,yMUtLCbQup
dAqyztSyUj
dAqyztSyUj
dAqyztSyUj,VnMoR,iGAIvPk,jvTH,iGAIvPk,dAqyztSyUj,jvTH,yMUtLCbQup
iGAIvPk
VnMoR,iGAIvPk,jvTH,dAqyztSyUj,yMUtLCbQup,iGAIvPk,dAqyztSyUj,jvTH
iGAIvPk
iGAIvPk,jvTH,dAqyztSyUj,yMUtLCbQup,iGAIvPk,dAqyztSyUj,jvTH
iGAIvPk
iGAIvPk,jvTH,dAqyztSyUj,yMUtLCbQup,iGAIvPk,dAqyztSyUj,jvTH
iGAIvPk,jvTH,dAqyztSyUj,yMUtLCbQup,iGAIvPk,dAqyztSyUj,jvTH
VnMoR,dAqyztSyUj,yMUtLCbQup,iGAIvPk,dAqyztSyUj,jvTH
iGAIvPk
iGAIvPk
VnMoR,yMUtLCbQup,iGAIvPk,dAqyztSyUj,jvTH
iGAIvPk
VnMoR,dAqyztSyUj,VnMoR,yMUtLCbQup,jvTH
VnMoR,dAqyztSyUj,VnMoR,jvTH,dAqyztSyUj
VnMoR,dAqyztSyUj,VnMoR,dAqyztSyUj
dAqyztSyUj
dAqyztSyUj
VnMoR,dAqyztSyUj,VnMoR,dAqyztSyUj
VnMoR,dAqyztSyUj,VnMoR,jvTH,dAqyztSyUj
dAqyztSyUj
VnMoR,dAqyztSyUj,VnMoR,jvTH,dAqyztSyUj,jvTH
VnMoR
VnMoR
VnMoR
dAqyztSyUj,iGAIvPk,yMUtLCbQup,VnMoR,dAqyztSyUj,jvTH,yMUtLCbQup,yMUtLCbQup,dAqyztSyUj
iGAIvPk
yMUtLCbQup,iGAIvPk,VnMoR,dAqyztSyUj,yMUtLCbQup,yMUtLCbQup,dAqyztSyUj,dAqyztSyUj,iGAIvPk,VnMoR,yMUtLCbQup,yMUtLCbQup,jvTH,VnMoR,yMUtLCbQup
yMUtLCbQup,iGAIvPk,VnMoR,dAqyztSyUj,yMUtLCbQup,yMUtLCbQup,dAqyztSyUj,dAqyztSyUj,iGAIvPk,VnMoR,yMUtLCbQup,yMUtLCbQup,jvTH,VnMoR,yMUtLCbQup
yMUtLCbQup
yMUtLCbQup
yMUtLCbQup
yMUtLCbQup
dAqyztSyUj,iGAIvPk,yMUtLCbQup,VnMoR,dAqyztSyUj,jvTH,yMUtLCbQup,yMUtLCbQup,dAqyztSyUj
dAqyztSyUj,iGAIvPk,yMUtLCbQup,VnMoR,dAqyztSyUj,jvTH,yMUtLCbQup,yMUtLCbQup,dAqyztSyUj,iGAIvPk
dAqyztSyUj,iGAIvPk,yMUtLCbQup,VnMoR,dAqyztSyUj,yMUtLCbQup,yMUtLCbQup,dAqyztSyUj,iGAIvPk,iGAIvPk
dAqyztSyUj,iGAIvPk,dAqyztSyUj,yMUtLCbQup,yMUtLCbQup,yMUtLCbQup,dAqyztSyUj,iGAIvPk,iGAIvPk,jvTH
dAqyztSyUj,iGAIvPk,dAqyztSyUj,yMUtLCbQup,yMUtLCbQup,yMUtLCbQup,dAqyztSyUj,iGAIvPk,iGAIvPk,jvTH
dAqyztSyUj,iGAIvPk,dAqyztSyUj,yMUtLCbQup,yMUtLCbQup,jvTH,yMUtLCbQup,dAqyztSyUj,iGAIvPk,iGAIvPk,jvTH
yMUtLCbQup
yMUtLCbQup
yMUtLCbQup
VnMoR
VnMoR
dAqyztSyUj
dAqyztSyUj
iGAIvPk,dAqyztSyUj,yMUtLCbQup,yMUtLCbQup,VnMoR,dAqyztSyUj,iGAIvPk,dAqyztSyUj,iGAIvPk
dAqyztSyUj,iGAIvPk,dAqyztSyUj,yMUtLCbQup,yMUtLCbQup,VnMoR,dAqyztSyUj,iGAIvPk,iGAIvPk,iGAIvPk
iGAIvPk
dAqyztSyUj,iGAIvPk,dAqyztSyUj,yMUtLCbQup,yMUtLCbQup,VnMoR,dAqyztSyUj,iGAIvPk,iGAIvPk,iGAIvPk
dAqyztSyUj,iGAIvPk,dAqyztSyUj,yMUtLCbQup,yMUtLCbQup,VnMoR,dAqyztSyUj,iGAIvPk,iGAIvPk
dAqyztSyUj,iGAIvPk,dAqyztSyUj,yMUtLCbQup,yMUtLCbQup,dAqyztSyUj,iGAIvPk,VnMoR,iGAIvPk
dAqyztSyUj,dAqyztSyUj,yMUtLCbQup,yMUtLCbQup,dAqyztSyUj,iGAIvPk,iGAIvPk
dAqyztSyUj
dAqyztSyUj
dAqyztSyUj
dAqyztSyUj,dAqyztSyUj,yMUtLCbQup,yMUtLCbQup,dAqyztSyUj,iGAIvPk,VnMoR,iGAIvPk,yMUtLCbQup
dAqyztSyUj,dAqyztSyUj,yMUtLCbQup,yMUtLCbQup,dAqyztSyUj,iGAIvPk,VnMoR,iGAIvPk,yMUtLCbQup
dAqyztSyUj,dAqyztSyUj,yMUtLCbQup,yMUtLCbQup,dAqyztSyUj,iGAIvPk,iGAIvPk,yMUtLCbQup
yMUtLCbQup
yMUtLCbQup
yMUtLCbQup
yMUtLCbQup
dAqyztSyUj,dAqyztSyUj,yMUtLCbQup,yMUtLCbQup,dAqyztSyUj,iGAIvPk,iGAIvPk,yMUtLCbQup
dAqyztSyUj,dAqyztSyUj,yMUtLCbQup,yMUtLCbQup,dAqyztSyUj,iGAIvPk,iGAIvPk,yMUtLCbQup
yMUtLCbQup
dAqyztSyUj,dAqyztSyUj,yMUtLCbQup,yMUtLCbQup,dAqyztSyUj,iGAIvPk,iGAIvPk,yMUtLCbQup,yMUtLCbQup
yMUtLCbQup
yMUtLCbQup
dAqyztSyUj,dAqyztSyUj,yMUtLCbQup,yMUtLCbQup,dAqyztSyUj,iGAIvPk,iGAIvPk,yMUtLCbQup,yMUtLCbQup
dAqyztSyUj,yMUtLCbQup,dAqyztSyUj,dAqyztSyUj,yMUtLCbQup,yMUtLCbQup,VnMoR
yMUtLCbQup
yMUtLCbQup
yMUtLCbQup
yMUtLCbQup
dAqyztSyUj,dAqyztSyUj,yMUtLCbQup,yMUtLCbQup,dAqyztSyUj,iGAIvPk,iGAIvPk,yMUtLCbQup,yMUtLCbQup,jvTH
dAqyztSyUj,dAqyztSyUj,yMUtLCbQup,dAqyztSyUj,iGAIvPk,iGAIvPk,yMUtLCbQup,yMUtLCbQup,jvTH
dAqyztSyUj,dAqyztSyUj,yMUtLCbQup,dAqyztSyUj,iGAIvPk,iGAIvPk,yMUtLCbQup,yMUtLCbQup,jvTH
dAqyztSyUj,dAqyztSyUj,yMUtLCbQup,dAqyztSyUj,iGAIvPk,iGAIvPk,yMUtLCbQup,yMUtLCbQup
dAqyztSyUj,dAqyztSyUj,iGAIvPk,yMUtLCbQup,dAqyztSyUj,iGAIvPk,yMUtLCbQup,yMUtLCbQup
dAqyztSyUj,dAqyztSyUj,iGAIvPk,yMUtLCbQup,dAqyztSyUj,iGAIvPk,yMUtLCbQup,yMUtLCbQup
yMUtLCbQup
yMUtLCbQup
dAqyztSyUj,dAqyztSyUj,yMUtLCbQup,yMUtLCbQup,dAqyztSyUj,iGAIvPk,iGAIvPk,yMUtLCbQup,yMUtLCbQup
dAqyztSyUj,dAqyztSyUj,yMUtLCbQup,yMUtLCbQup,dAqyztSyUj,iGAIvPk,iGAIvPk,yMUtLCbQup,yMUtLCbQup,jvTH,iGAIvPk
iGAIvPk
yMUtLCbQup
yMUtLCbQup
yMUtLCbQup,iGAIvPk,yMUtLCbQup,dAqyztSyUj,iGAIvPk,yMUtLCbQup,yMUtLCbQup,iGAIvPk,VnMoR
dAqyztSyUj,dAqyztSyUj,yMUtLCbQup,yMUtLCbQup,dAqyztSyUj,iGAIvPk,iGAIvPk,yMUtLCbQup,yMUtLCbQup
dAqyztSyUj,dAqyztSyUj,yMUtLCbQup,yMUtLCbQup,dAqyztSyUj,iGAIvPk,iGAIvPk,yMUtLCbQup,yMUtLCbQup,jvTH
dAqyztSyUj,dAqyztSyUj,yMUtLCbQup,yMUtLCbQup,dAqyztSyUj,iGAIvPk,iGAIvPk,yMUtLCbQup,yMUtLCbQup
yMUtLCbQup
yMUtLCbQup
yMUtLCbQup
dAqyztSyUj,dAqyztSyUj,yMUtLCbQup,yMUtLCbQup,dAqyztSyUj,iGAIvPk,iGAIvPk,yMUtLCbQup,yMUtLCbQup
dAqyztSyUj,dAqyztSyUj,yMUtLCbQup,yMUtLCbQup,dAqyztSyUj,iGAIvPk,iGAIvPk,yMUtLCbQup,yMUtLCbQup
dAqyztSyUj
dAqyztSyUj,dAqyztSyUj,yMUtLCbQup,yMUtLCbQup,dAqyztSyUj,iGAIvPk,yMUtLCbQup,yMUtLCbQup,yMUtLCbQup
dAqyztSyUj
dAqyztSyUj,yMUtLCbQup,yMUtLCbQup,dAqyztSyUj,dAqyztSyUj,yMUtLCbQup,yMUtLCbQup,yMUtLCbQup,jvTH
dAqyztSyUj
dAqyztSyUj,yMUtLCbQup,dAqyztSyUj,jvTH,yMUtLCbQup,dAqyztSyUj,yMUtLCbQup,yMUtLCbQup,yMUtLCbQup
dAqyztSyUj,yMUtLCbQup,dAqyztSyUj,jvTH,yMUtLCbQup,dAqyztSyUj,yMUtLCbQup,yMUtLCbQup,yMUtLCbQup
dAqyztSyUj,yMUtLCbQup,dAqyztSyUj,jvTH,yMUtLCbQup,dAqyztSyUj,yMUtLCbQup,yMUtLCbQup,yMUtLCbQup
dAqyztSyUj
dAqyztSyUj,yMUtLCbQup,dAqyztSyUj,jvTH,yMUtLCbQup,dAqyztSyUj,yMUtLCbQup,yMUtLCbQup,yMUtLCbQup
dAqyztSyUj,yMUtLCbQup,dAqyztSyUj,jvTH,yMUtLCbQup,dAqyztSyUj,yMUtLCbQup,yMUtLCbQup,yMUtLCbQup,iGAIvPk
yMUtLCbQup,dAqyztSyUj,yMUtLCbQup,dAqyztSyUj,dAqyztSyUj,yMUtLCbQup,yMUtLCbQup,yMUtLCbQup,iGAIvPk,jvTH
jvTH
dAqyztSyUj,dAqyztSyUj,jvTH,yMUtLCbQup,dAqyztSyUj,yMUtLCbQup,yMUtLCbQup,yMUtLCbQup,iGAIvPk,dAqyztSyUj
Jedi Wagner, assuma o comando!