Toque! Toque, Dijê!
Toque! Toque, Dijê!
AwK
AwK
AwK
AwK
AwK,fGHR
AwK
AwK
AwK,fGHR,mRx
AwK,fGHR,mRx
fGHR
AwK,fGHR,mRx
AwK,fGHR,mRx
mRx
AwK,fGHR,mRx,AwK
AwK,fGHR,mRx,AwK
AwK,fGHR,mRx
AwK
AwK
AwK,fGHR,mRx
mRx
AwK,fGHR,mRx
mRx
AwK
AwK
AwK
AwK
fGHR,mRx,AwK,pzF,Gfimzh
fGHR,mRx,AwK,pzF,Gfimzh
AwK
fGHR,mRx,AwK,pzF,Gfimzh
AwK
AwK,pzF,pzF
AwK
AwK
AwK
AwK,fGHR,mRx
AwK,fGHR,mRx
AwK,fGHR,mRx
fGHR
AwK,fGHR,mRx
mRx
AwK,fGHR,Gfimzh,mRx
Gfimzh
AwK,fGHR,Gfimzh,mRx,Gfimzh
mRx
mRx
mRx
AwK,fGHR,mRx,Gfimzh
mRx
AwK,fGHR,mRx,Gfimzh,AwK,fGHR,pzF,AwK
fGHR,mRx,Gfimzh,AwK,fGHR,pzF,AwK
Gfimzh
Gfimzh
Gfimzh
Gfimzh
Gfimzh
Gfimzh
AwK,fGHR,mRx,Gfimzh,AwK,fGHR,pzF,AwK
Gfimzh
Gfimzh
Gfimzh
Gfimzh
pzF
pzF
AwK,fGHR,mRx,pzF,AwK,fGHR,AwK,pzF,mRx,fGHR
AwK
AwK,mRx,pzF,AwK,fGHR,AwK,fGHR,pzF,mRx,fGHR,pzF,snVQR,snVQR,cZtG
AwK
AwK
lopawS
AwK,mRx,pzF,AwK,fGHR,lopawS,AwK,fGHR,pzF,mRx,fGHR,pzF,snVQR,snVQR,AwK,msj
AwK,mRx,AwK,fGHR,lopawS,AwK,fGHR,pzF,mRx,fGHR,pzF,snVQR,snVQR,AwK,snVQR,fGHR
mRx
AwK,AwK,fGHR,lopawS,AwK,mRx,fGHR,pzF,mRx,fGHR,pzF,snVQR,snVQR,AwK,snVQR,fGHR
AwK,AwK,fGHR,lopawS,AwK,mRx,fGHR,pzF,mRx,fGHR,pzF,snVQR,snVQR,AwK,snVQR,fGHR,pzF,cZtG
AwK,AwK,fGHR,lopawS,AwK,mRx,fGHR,mRx,fGHR,pzF,snVQR,snVQR,AwK,snVQR,fGHR,pzF,cZtG
AwK,AwK,fGHR,lopawS,AwK,mRx,fGHR,mRx,fGHR,snVQR,AwK,snVQR,fGHR,pzF
AwK,AwK,fGHR,lopawS,AwK,mRx,fGHR,mRx,fGHR,snVQR,AwK,snVQR,fGHR,pzF
fGHR
fGHR
fGHR
fGHR
snVQR
snVQR
pzF
AwK,fGHR,AwK,fGHR,mRx,fGHR,pzF,snVQR,AwK,snVQR,fGHR,vqISPYBA
snVQR
AwK,fGHR,AwK,fGHR,mRx,fGHR,snVQR,pzF,AwK,snVQR,fGHR,vqISPYBA
AwK,fGHR,AwK,fGHR,mRx,fGHR,snVQR,pzF,AwK,snVQR,fGHR,vqISPYBA,snVQR
AwK,fGHR,AwK,fGHR,mRx,fGHR,snVQR,pzF,AwK,snVQR,fGHR,vqISPYBA,snVQR
pzF
AwK,fGHR,AwK,fGHR,mRx,fGHR,snVQR,pzF,AwK,snVQR,fGHR,vqISPYBA,snVQR
pzF
AwK,fGHR,AwK,fGHR,mRx,fGHR,snVQR,pzF,AwK,snVQR,fGHR,vqISPYBA,snVQR
AwK
AwK,fGHR,AwK,fGHR,mRx,fGHR,snVQR,pzF,AwK,snVQR,fGHR,vqISPYBA,snVQR
AwK,fGHR,AwK,fGHR,fGHR,snVQR,pzF,AwK,snVQR,mRx,fGHR,vqISPYBA,snVQR
mRx
fGHR
AwK,AwK,fGHR,fGHR,snVQR,pzF,AwK,snVQR,fGHR,fGHR,vqISPYBA,snVQR,snVQR,Gfimzh,snVQR
AwK,AwK,fGHR,fGHR,snVQR,pzF,AwK,snVQR,fGHR,fGHR,vqISPYBA,snVQR,snVQR,Gfimzh,snVQR
fGHR
AwK,AwK,fGHR,fGHR,snVQR,pzF,AwK,snVQR,mRx,fGHR,fGHR,vqISPYBA,snVQR,AwK,AwK
AwK,AwK,fGHR,fGHR,snVQR,pzF,AwK,snVQR,mRx,fGHR,fGHR,vqISPYBA,snVQR,AwK,AwK
snVQR
AwK
AwK,AwK,fGHR,fGHR,snVQR,pzF,AwK,snVQR,mRx,fGHR,fGHR,vqISPYBA,snVQR,AwK,AwK,mRx
AwK,AwK,fGHR,fGHR,snVQR,pzF,AwK,snVQR,mRx,fGHR,fGHR,vqISPYBA,snVQR,AwK,AwK,mRx
AwK,AwK,fGHR,fGHR,snVQR,AwK,snVQR,mRx,fGHR,fGHR,vqISPYBA,snVQR,AwK,pzF,AwK,mRx
AwK,AwK,fGHR,fGHR,snVQR,AwK,snVQR,mRx,fGHR,fGHR,vqISPYBA,snVQR,AwK,pzF,AwK,mRx
AwK,AwK,fGHR,fGHR,snVQR,AwK,snVQR,mRx,fGHR,fGHR,vqISPYBA,snVQR,AwK,pzF,AwK,mRx
pzF
AwK,AwK,fGHR,fGHR,snVQR,pzF,AwK,snVQR,mRx,fGHR,fGHR,vqISPYBA,snVQR,AwK,AwK,mRx
AwK,AwK,fGHR,fGHR,snVQR,pzF,AwK,snVQR,mRx,fGHR,fGHR,vqISPYBA,snVQR,AwK,AwK,mRx,lopawS,fGHR
AwK,fGHR,fGHR,snVQR,pzF,AwK,snVQR,mRx,fGHR,fGHR,vqISPYBA,snVQR,AwK,AwK,AwK,mRx,lopawS,fGHR,Gfimzh,Gfimzh
AwK
AwK
AwK,fGHR,fGHR,snVQR,pzF,AwK,snVQR,mRx,fGHR,fGHR,vqISPYBA,snVQR,AwK,AwK,AwK,mRx,lopawS,fGHR,Gfimzh,Gfimzh
AwK
AwK,fGHR,snVQR,pzF,AwK,snVQR,mRx,fGHR,fGHR,vqISPYBA,snVQR,AwK,AwK,AwK,fGHR,mRx,lopawS,fGHR,Gfimzh,vqISPYBA,fGHR,snVQR
AwK,fGHR,pzF,AwK,snVQR,mRx,fGHR,fGHR,vqISPYBA,snVQR,AwK,AwK,AwK,fGHR,snVQR,mRx,fGHR,Gfimzh,vqISPYBA,fGHR,snVQR
fGHR,AwK,snVQR,mRx,fGHR,fGHR,vqISPYBA,snVQR,AwK,AwK,AwK,fGHR,snVQR,AwK,mRx,fGHR,Gfimzh,vqISPYBA,fGHR,snVQR
AwK,snVQR,mRx,fGHR,fGHR,vqISPYBA,snVQR,AwK,AwK,AwK,fGHR,snVQR,AwK,mRx,fGHR,Gfimzh,vqISPYBA,fGHR,snVQR,Gfimzh,pzF,msj
AwK,snVQR,mRx,fGHR,fGHR,vqISPYBA,snVQR,AwK,AwK,AwK,fGHR,snVQR,AwK,mRx,fGHR,Gfimzh,vqISPYBA,fGHR,snVQR,Gfimzh,pzF,msj
msj
AwK,snVQR,mRx,fGHR,fGHR,vqISPYBA,snVQR,AwK,AwK,AwK,fGHR,snVQR,AwK,mRx,fGHR,msj,Gfimzh,vqISPYBA,fGHR,snVQR,Gfimzh,pzF,cZtG
msj
pzF
fGHR,AwK,snVQR,fGHR,fGHR,vqISPYBA,snVQR,AwK,AwK,AwK,fGHR,snVQR,AwK,mRx,fGHR,Gfimzh,vqISPYBA,fGHR,snVQR,msj,AwK
fGHR,AwK,snVQR,fGHR,fGHR,vqISPYBA,snVQR,AwK,AwK,AwK,fGHR,snVQR,AwK,mRx,fGHR,Gfimzh,vqISPYBA,fGHR,snVQR,msj,AwK
vqISPYBA
vqISPYBA
fGHR,AwK,snVQR,fGHR,fGHR,vqISPYBA,snVQR,AwK,AwK,AwK,fGHR,snVQR,AwK,fGHR,Gfimzh,vqISPYBA,fGHR,snVQR,msj,AwK
fGHR,AwK,fGHR,fGHR,vqISPYBA,snVQR,AwK,AwK,AwK,fGHR,snVQR,AwK,fGHR,Gfimzh,vqISPYBA,snVQR,fGHR,snVQR,AwK
fGHR,AwK,snVQR,fGHR,fGHR,vqISPYBA,snVQR,AwK,AwK,AwK,fGHR,snVQR,AwK,mRx,fGHR,Gfimzh,vqISPYBA,fGHR,snVQR,msj,AwK,AwK
snVQR
msj
msj
msj
fGHR,AwK,fGHR,fGHR,vqISPYBA,snVQR,AwK,AwK,AwK,fGHR,snVQR,AwK,mRx,fGHR,vqISPYBA,fGHR,snVQR,msj,snVQR,AwK,AwK
fGHR,AwK,fGHR,fGHR,vqISPYBA,snVQR,AwK,AwK,AwK,fGHR,snVQR,AwK,mRx,fGHR,vqISPYBA,fGHR,snVQR,msj,snVQR,AwK,AwK
msj
msj
fGHR,AwK,snVQR,fGHR,fGHR,vqISPYBA,snVQR,AwK,AwK,AwK,fGHR,snVQR,AwK,mRx,fGHR,vqISPYBA,fGHR,snVQR,msj,AwK,AwK,snVQR
fGHR,AwK,snVQR,fGHR,fGHR,vqISPYBA,snVQR,AwK,AwK,AwK,fGHR,snVQR,AwK,mRx,fGHR,vqISPYBA,fGHR,snVQR,msj,AwK,AwK
fGHR,AwK,snVQR,fGHR,fGHR,snVQR,AwK,AwK,AwK,fGHR,snVQR,AwK,mRx,fGHR,vqISPYBA,fGHR,snVQR,msj,AwK,AwK
fGHR,snVQR,fGHR,fGHR,snVQR,AwK,AwK,AwK,fGHR,snVQR,AwK,mRx,fGHR,vqISPYBA,fGHR,snVQR,msj,AwK,AwK,AwK,msj,cZtG
fGHR,snVQR,fGHR,fGHR,snVQR,AwK,AwK,AwK,fGHR,snVQR,AwK,mRx,fGHR,vqISPYBA,fGHR,snVQR,AwK,AwK,AwK,msj,msj,cZtG
fGHR,snVQR,fGHR,fGHR,snVQR,AwK,AwK,AwK,fGHR,snVQR,AwK,mRx,fGHR,vqISPYBA,fGHR,snVQR,msj,AwK,AwK,AwK,msj,cZtG
msj
fGHR,snVQR,fGHR,fGHR,snVQR,AwK,AwK,AwK,fGHR,snVQR,AwK,mRx,fGHR,vqISPYBA,fGHR,snVQR,msj,AwK,AwK,AwK,msj,cZtG
msj
fGHR,snVQR,fGHR,fGHR,snVQR,AwK,AwK,AwK,fGHR,snVQR,AwK,mRx,fGHR,vqISPYBA,fGHR,snVQR,msj,AwK,AwK,AwK,msj,cZtG
cZtG
fGHR,snVQR,fGHR,fGHR,snVQR,AwK,AwK,fGHR,snVQR,AwK,mRx,fGHR,fGHR,snVQR,AwK,AwK,AwK,msj,cZtG,AwK,cZtG
AwK
fGHR,snVQR,fGHR,fGHR,snVQR,AwK,AwK,fGHR,snVQR,AwK,mRx,fGHR,vqISPYBA,fGHR,snVQR,AwK,AwK,AwK,msj,cZtG,AwK
AwK
fGHR
fGHR
fGHR
fGHR,snVQR,fGHR,fGHR,snVQR,AwK,AwK,fGHR,snVQR,AwK,fGHR,vqISPYBA,fGHR,snVQR,AwK,AwK,AwK,msj,AwK
snVQR,fGHR,fGHR,snVQR,AwK,AwK,fGHR,snVQR,AwK,fGHR,vqISPYBA,fGHR,snVQR,AwK,AwK,AwK,msj,AwK,cZtG
fGHR
vqISPYBA
vqISPYBA
fGHR,snVQR,fGHR,vqISPYBA,fGHR,snVQR,AwK,fGHR,snVQR,AwK,fGHR,fGHR,snVQR,AwK,AwK,AwK,msj,AwK,AwK,fGHR
fGHR,snVQR,fGHR,fGHR,snVQR,AwK,AwK,fGHR,snVQR,AwK,fGHR,vqISPYBA,fGHR,snVQR,AwK,AwK,AwK,msj,AwK
fGHR,snVQR,fGHR,fGHR,snVQR,AwK,AwK,fGHR,snVQR,AwK,fGHR,vqISPYBA,fGHR,snVQR,AwK,AwK,AwK,msj,AwK
fGHR
fGHR,fGHR,fGHR,snVQR,AwK,AwK,fGHR,snVQR,AwK,fGHR,vqISPYBA,fGHR,snVQR,AwK,AwK,AwK,msj,AwK
fGHR
fGHR,fGHR,fGHR,snVQR,AwK,AwK,fGHR,snVQR,AwK,fGHR,fGHR,snVQR,AwK,AwK,AwK,msj,AwK,lopawS,vqISPYBA,mRx
fGHR
fGHR,fGHR,msj,snVQR,AwK,AwK,fGHR,snVQR,AwK,fGHR,fGHR,snVQR,AwK,AwK,AwK,AwK,lopawS,vqISPYBA,mRx,AwK,msj,AwK
msj
fGHR,fGHR,msj,snVQR,AwK,AwK,fGHR,snVQR,AwK,fGHR,fGHR,snVQR,AwK,AwK,AwK,AwK,lopawS,vqISPYBA,mRx,AwK,msj,AwK
msj
cZtG
lopawS
fGHR,fGHR,msj,cZtG,lopawS,snVQR,AwK,AwK,fGHR,snVQR,AwK,fGHR,fGHR,snVQR,AwK,AwK,AwK,AwK,mRx,AwK,msj,AwK
lopawS
lopawS
cZtG,fGHR,lopawS,AwK,AwK,fGHR,snVQR,AwK,fGHR,fGHR,snVQR,AwK,AwK,AwK,AwK,mRx,AwK,msj,AwK,cZtG,snVQR
cZtG,lopawS,fGHR,AwK,AwK,fGHR,snVQR,AwK,fGHR,fGHR,snVQR,AwK,AwK,AwK,AwK,mRx,AwK,msj,AwK,cZtG,snVQR
fGHR
cZtG,lopawS,fGHR,AwK,AwK,fGHR,snVQR,AwK,fGHR,fGHR,snVQR,AwK,AwK,AwK,AwK,mRx,AwK,msj,AwK,cZtG,snVQR
fGHR
fGHR
AwK
cZtG,lopawS,fGHR,AwK,AwK,fGHR,snVQR,AwK,fGHR,fGHR,snVQR,AwK,AwK,AwK,AwK,AwK,msj,AwK,cZtG,snVQR,pzF,mRx
cZtG,lopawS,fGHR,AwK,AwK,fGHR,snVQR,AwK,fGHR,fGHR,snVQR,AwK,AwK,AwK,AwK,AwK,msj,AwK,cZtG,snVQR,pzF,mRx
AwK
cZtG,lopawS,AwK,AwK,fGHR,snVQR,AwK,fGHR,fGHR,snVQR,AwK,AwK,AwK,AwK,AwK,msj,AwK,cZtG,snVQR,pzF,mRx
AwK
AwK
Jedi Wagner, assuma o comando!