[vazia]
Toque! Toque, Dijê!
[vazia]
zGMtmPZsQ
zGMtmPZsQ
[vazia]
[vazia]
Toque! Toque, Dijê!
Toque! Toque, Dijê!
Qseoj
Toque! Toque, Dijê!
Qseoj
Qseoj
Qseoj
Qseoj
Qseoj
Qseoj
Qseoj,ewLYrR
Toque! Toque, Dijê!
Toque! Toque, Dijê!
Toque! Toque, Dijê!
[vazia]
[vazia]
[vazia]
ewLYrR
ewLYrR
HljuOm
R
HljuOm
R
[vazia]
[vazia]
Toque! Toque, Dijê!
Toque! Toque, Dijê!
[vazia]
Toque! Toque, Dijê!
[vazia]
[vazia]
[vazia]
S
S
S
[vazia]
Toque! Toque, Dijê!
HljuOm
zGMtmPZsQ
HljuOm,zGMtmPZsQ
HljuOm,zGMtmPZsQ
zGMtmPZsQ
zGMtmPZsQ
zGMtmPZsQ
zGMtmPZsQ
HljuOm,zGMtmPZsQ
HljuOm,zGMtmPZsQ,zGMtmPZsQ
HljuOm,zGMtmPZsQ,zGMtmPZsQ
HljuOm,zGMtmPZsQ,WxJgfxz
HljuOm,zGMtmPZsQ,WxJgfxz,gT
zGMtmPZsQ
HljuOm,zGMtmPZsQ,WxJgfxz,gT
Jedi Wagner, assuma o comando!