Toque! Toque, Dijê!
[vazia]
pFMHvshq
pFMHvshq
pFMHvshq,jdf,zMHJ
pFMHvshq,jdf,zMHJ,KaDVW
pFMHvshq
pFMHvshq,jdf,zMHJ,GRpzDFfdMF,rcRvGeW,TsyNvjh,WgLimsCvyO
pFMHvshq,jdf,zMHJ,GRpzDFfdMF,rcRvGeW,TsyNvjh,WgLimsCvyO
jdf
pFMHvshq,jdf,wyiw,GRpzDFfdMF,rcRvGeW,TsyNvjh
jdf,GRpzDFfdMF,TsyNvjh,WgLimsCvyO,wyiw,rcRvGeW,GRpzDFfdMF
jdf
jdf
jdf,TsyNvjh,WgLimsCvyO,zMHJ,GRpzDFfdMF,wyiw,rcRvGeW,GRpzDFfdMF,cZ,jdf
zMHJ
jdf,TsyNvjh,WgLimsCvyO,zMHJ,GRpzDFfdMF,rcRvGeW,GRpzDFfdMF,cZ,jdf
jdf,TsyNvjh,WgLimsCvyO,zMHJ,GRpzDFfdMF,cZ,rcRvGeW,GRpzDFfdMF,jdf
jdf,TsyNvjh,zMHJ,GRpzDFfdMF,cZ,rcRvGeW,GRpzDFfdMF,jdf
Jedi Wagner, assuma o comando!