[vazia]
[vazia]
Toque! Toque, Dijê!
[vazia]
[vazia]
[vazia]
Toque! Toque, Dijê!
aLETwzFtaN
[vazia]
Toque! Toque, Dijê!
[vazia]
Toque! Toque, Dijê!
Toque! Toque, Dijê!
Toque! Toque, Dijê!
aLETwzFtaN
aLETwzFtaN
[vazia]
[vazia]
k
Toque! Toque, Dijê!
aLETwzFtaN
Toque! Toque, Dijê!
[vazia]
aLETwzFtaN
aLETwzFtaN
Toque! Toque, Dijê!
Toque! Toque, Dijê!
Toque! Toque, Dijê!
Toque! Toque, Dijê!
Toque! Toque, Dijê!
[vazia]
[vazia]
k
iCUbBBbPN
iCUbBBbPN
iCUbBBbPN
iCUbBBbPN,iCUbBBbPN
iCUbBBbPN,iCUbBBbPN
iCUbBBbPN
iCUbBBbPN
Toque! Toque, Dijê!
Toque! Toque, Dijê!
Toque! Toque, Dijê!
k
[vazia]
aLETwzFtaN
aLETwzFtaN
Toque! Toque, Dijê!
Toque! Toque, Dijê!
[vazia]
k
Toque! Toque, Dijê!
iCUbBBbPN,iCUbBBbPN
iCUbBBbPN
iCUbBBbPN
iCUbBBbPN,iCUbBBbPN,iCUbBBbPN
iCUbBBbPN,iCUbBBbPN,iCUbBBbPN
iCUbBBbPN,iCUbBBbPN,iCUbBBbPN
Jedi Wagner, assuma o comando!