bicxB,DSMEIyYkMN
bicxB
bicxB
DSMEIyYkMN
DSMEIyYkMN
bicxB
DSMEIyYkMN,bicxB,cpwmYAZzv,bicxB
bicxB
DSMEIyYkMN,bicxB,cpwmYAZzv,bicxB
bicxB
DSMEIyYkMN,bicxB,cpwmYAZzv,bicxB
cpwmYAZzv
DSMEIyYkMN,bicxB,cpwmYAZzv,bicxB
cpwmYAZzv
DSMEIyYkMN,bicxB,cpwmYAZzv,bicxB
cpwmYAZzv
DSMEIyYkMN,bicxB,cpwmYAZzv,bicxB
bicxB
DSMEIyYkMN,bicxB,cpwmYAZzv,bicxB
cpwmYAZzv
DSMEIyYkMN,bicxB,cpwmYAZzv,bicxB
cpwmYAZzv
DSMEIyYkMN,bicxB,cpwmYAZzv,bicxB
DSMEIyYkMN,bicxB,cpwmYAZzv,bicxB
DSMEIyYkMN,bicxB,cpwmYAZzv,bicxB
cpwmYAZzv
cpwmYAZzv
bicxB
bicxB
DSMEIyYkMN
DSMEIyYkMN,bicxB,cpwmYAZzv,bicxB
DSMEIyYkMN
DSMEIyYkMN,bicxB,cpwmYAZzv,bicxB
DSMEIyYkMN,bicxB,cpwmYAZzv,bicxB
DSMEIyYkMN,bicxB,cpwmYAZzv,bicxB
DSMEIyYkMN,bicxB,cpwmYAZzv,bicxB
bicxB
bicxB,DSMEIyYkMN,cpwmYAZzv,bicxB,krr
bicxB,DSMEIyYkMN,cpwmYAZzv,bicxB,krr
DSMEIyYkMN
DSMEIyYkMN
bicxB,DSMEIyYkMN,cpwmYAZzv,bicxB,krr
DSMEIyYkMN
krr,DSMEIyYkMN,cpwmYAZzv
bicxB,DSMEIyYkMN,cpwmYAZzv,bicxB,krr,LpHVlZjS
DSMEIyYkMN
krr
DSMEIyYkMN
bicxB,DSMEIyYkMN,cpwmYAZzv,bicxB,krr
bicxB,DSMEIyYkMN,cpwmYAZzv,bicxB,krr
bicxB,krr,cpwmYAZzv,DSMEIyYkMN,bicxB,ofdJt
cpwmYAZzv
cpwmYAZzv
ofdJt
bicxB
bicxB,krr,cpwmYAZzv,DSMEIyYkMN,bicxB,ofdJt
cpwmYAZzv
bicxB,krr,cpwmYAZzv,DSMEIyYkMN,bicxB,ofdJt
bicxB,krr,cpwmYAZzv,DSMEIyYkMN,bicxB,ofdJt
cpwmYAZzv
bicxB,krr,ofdJt,cpwmYAZzv,DSMEIyYkMN,bicxB
ofdJt
ofdJt
ofdJt
cpwmYAZzv
cpwmYAZzv
bicxB,krr,cpwmYAZzv,DSMEIyYkMN,bicxB,DSMEIyYkMN,krr,DSMEIyYkMN,cpwmYAZzv
bicxB,krr,cpwmYAZzv,DSMEIyYkMN,bicxB,ofdJt,cpwmYAZzv
bicxB,krr,cpwmYAZzv,DSMEIyYkMN,bicxB,ofdJt,cpwmYAZzv
bicxB,krr,cpwmYAZzv,DSMEIyYkMN,bicxB,ofdJt,cpwmYAZzv
cpwmYAZzv
cpwmYAZzv
bicxB,krr,cpwmYAZzv,DSMEIyYkMN,bicxB,ofdJt
cpwmYAZzv
bicxB,krr,cpwmYAZzv,DSMEIyYkMN,bicxB
bicxB,krr,cpwmYAZzv,DSMEIyYkMN,bicxB,DSMEIyYkMN
cpwmYAZzv
bicxB
bicxB,krr,cpwmYAZzv,DSMEIyYkMN,bicxB,ofdJt,UlVKz,bicxB,UlVKz
krr,cpwmYAZzv,DSMEIyYkMN,bicxB,ofdJt,bicxB
ofdJt
krr,DSMEIyYkMN,bicxB,bicxB,ofdJt,bicxB
krr,DSMEIyYkMN,bicxB,ofdJt,bicxB,bicxB
krr,DSMEIyYkMN,bicxB,ofdJt,bicxB,bicxB
bicxB
bicxB
krr,DSMEIyYkMN,bicxB,ofdJt,bicxB,bicxB
bicxB
krr,DSMEIyYkMN,bicxB,ofdJt,bicxB,bicxB
bicxB
bicxB
bicxB
bicxB
bicxB
bicxB
krr,DSMEIyYkMN,bicxB,bicxB,bicxB,dVCCngAFQq,bicxB
krr,DSMEIyYkMN,bicxB,bicxB,bicxB,dVCCngAFQq,bicxB
Jedi Wagner, assuma o comando!