D
D
Toque! Toque, Dijê!
[vazia]
[vazia]
D
D
[vazia]
Toque! Toque, Dijê!
Toque! Toque, Dijê!
Toque! Toque, Dijê!
Toque! Toque, Dijê!
P
Toque! Toque, Dijê!
[vazia]
Toque! Toque, Dijê!
[vazia]
Toque! Toque, Dijê!
ufnLrPTG
ufnLrPTG
[vazia]
Toque! Toque, Dijê!
Toque! Toque, Dijê!
Toque! Toque, Dijê!
Toque! Toque, Dijê!
[vazia]
DWoUutbxKh
DWoUutbxKh
DWoUutbxKh
DWoUutbxKh
[vazia]
Toque! Toque, Dijê!
[vazia]
ufnLrPTG
ufnLrPTG
ufnLrPTG
Toque! Toque, Dijê!
Toque! Toque, Dijê!
Toque! Toque, Dijê!
[vazia]
[vazia]
[vazia]
[vazia]
DWoUutbxKh
Toque! Toque, Dijê!
DWoUutbxKh
[vazia]
ufnLrPTG
ufnLrPTG
Toque! Toque, Dijê!
ufnLrPTG,P,ufnLrPTG
ufnLrPTG
ufnLrPTG
ufnLrPTG
ufnLrPTG,ufnLrPTG,P,D
P,ufnLrPTG,ufnLrPTG
P,ufnLrPTG,ufnLrPTG,ufnLrPTG
ufnLrPTG
DWoUutbxKh
DWoUutbxKh
P,ufnLrPTG,D
D
D
P,ufnLrPTG,ufnLrPTG
ufnLrPTG
P,ufnLrPTG
P,ufnLrPTG
ufnLrPTG
P,ufnLrPTG,DWoUutbxKh
DWoUutbxKh
DWoUutbxKh
P,ufnLrPTG,DWoUutbxKh,D
ufnLrPTG
P,DWoUutbxKh,D,ufnLrPTG,P
P,ufnLrPTG,DWoUutbxKh,D
P,ufnLrPTG,DWoUutbxKh,D
DWoUutbxKh
DWoUutbxKh
P,ufnLrPTG,DWoUutbxKh,D
ufnLrPTG
DWoUutbxKh
P,ufnLrPTG,DWoUutbxKh,D
DWoUutbxKh
DWoUutbxKh
DWoUutbxKh
DWoUutbxKh
P,ufnLrPTG,DWoUutbxKh,D,DWoUutbxKh,P
P,ufnLrPTG,DWoUutbxKh,D,DWoUutbxKh,P
P,ufnLrPTG,DWoUutbxKh,D,DWoUutbxKh,P
DWoUutbxKh
P,ufnLrPTG,DWoUutbxKh,D
D
D
D
P,D,P,DWoUutbxKh
DWoUutbxKh
D,DWoUutbxKh,DWoUutbxKh,P
P
D,P,DWoUutbxKh,P,P,DWoUutbxKh
D,P,DWoUutbxKh,P,P,DWoUutbxKh
D,P,P,P,DWoUutbxKh
D,P,P,D
D
D
DWoUutbxKh
DWoUutbxKh
P
P
P
D,P,P,DWoUutbxKh,DWoUutbxKh,P,DWoUutbxKh,ufnLrPTG
P
P
P
P
D,P,P,DWoUutbxKh,DWoUutbxKh,P,DWoUutbxKh,ufnLrPTG
ufnLrPTG
D,P,ufnLrPTG,P,DWoUutbxKh,DWoUutbxKh,P,DWoUutbxKh,P
P
ufnLrPTG
D,ufnLrPTG,P,P,DWoUutbxKh,DWoUutbxKh,P,DWoUutbxKh
ufnLrPTG
D,ufnLrPTG,P,P,DWoUutbxKh,DWoUutbxKh,P,DWoUutbxKh
D
D
P,D,P,DWoUutbxKh,P,DWoUutbxKh,ufnLrPTG
P,D,P,DWoUutbxKh,P,DWoUutbxKh,ufnLrPTG
P,D,P,DWoUutbxKh,DWoUutbxKh,P,DWoUutbxKh,ufnLrPTG
P
P
P
D,P,DWoUutbxKh,P,DWoUutbxKh,ufnLrPTG,P,ufnLrPTG
D,P,DWoUutbxKh,P,DWoUutbxKh,ufnLrPTG,P,ufnLrPTG,DWoUutbxKh
D,P,DWoUutbxKh,P,DWoUutbxKh,ufnLrPTG,P,ufnLrPTG,DWoUutbxKh
P,D,P,DWoUutbxKh,DWoUutbxKh,P,DWoUutbxKh
P,D,P,DWoUutbxKh,DWoUutbxKh,P,DWoUutbxKh,ufnLrPTG
P,D,ufnLrPTG,P,DWoUutbxKh,DWoUutbxKh,P,DWoUutbxKh,D
P,D,ufnLrPTG,P,DWoUutbxKh,DWoUutbxKh,P,DWoUutbxKh,D
P,ufnLrPTG,P,DWoUutbxKh,DWoUutbxKh,P,DWoUutbxKh,D
P,ufnLrPTG,P,DWoUutbxKh,DWoUutbxKh,P,DWoUutbxKh,D
P,ufnLrPTG,P,DWoUutbxKh,DWoUutbxKh,P,DWoUutbxKh,D
ufnLrPTG
ufnLrPTG
ufnLrPTG,P,DWoUutbxKh,DWoUutbxKh,P,DWoUutbxKh,D,D
ufnLrPTG,P,DWoUutbxKh,DWoUutbxKh,P,DWoUutbxKh,D,D,DWoUutbxKh
ufnLrPTG,P,DWoUutbxKh,DWoUutbxKh,P,DWoUutbxKh,D,D,DWoUutbxKh
P
P
ufnLrPTG,DWoUutbxKh,DWoUutbxKh,P,DWoUutbxKh,D,D,DWoUutbxKh,P,ufnLrPTG
DWoUutbxKh,P,DWoUutbxKh,DWoUutbxKh,D,D,DWoUutbxKh,P,ufnLrPTG,ufnLrPTG
P
P
DWoUutbxKh,P,DWoUutbxKh,DWoUutbxKh,D,D,DWoUutbxKh,P,ufnLrPTG,ufnLrPTG
P
P
DWoUutbxKh,DWoUutbxKh,P,DWoUutbxKh,D,DWoUutbxKh,P,ufnLrPTG,ufnLrPTG,D
DWoUutbxKh,DWoUutbxKh,P,DWoUutbxKh,D,DWoUutbxKh,P,ufnLrPTG,ufnLrPTG,D
DWoUutbxKh,DWoUutbxKh,P,DWoUutbxKh,D,DWoUutbxKh,P,ufnLrPTG,D,P,ufnLrPTG,D
P
DWoUutbxKh,P,D,DWoUutbxKh,DWoUutbxKh,D,DWoUutbxKh,P,ufnLrPTG,D,D,D
DWoUutbxKh,P,D,DWoUutbxKh,DWoUutbxKh,D,DWoUutbxKh,P,D,D,D
D,DWoUutbxKh,DWoUutbxKh,P,D,DWoUutbxKh,P,ufnLrPTG,D,D,D,ufnLrPTG
DWoUutbxKh
DWoUutbxKh
D,DWoUutbxKh,P,DWoUutbxKh,D,DWoUutbxKh,P,ufnLrPTG,D,D,D,ufnLrPTG,DWoUutbxKh
D,DWoUutbxKh,P,DWoUutbxKh,D,DWoUutbxKh,P,ufnLrPTG,D,D,D,ufnLrPTG,DWoUutbxKh
DWoUutbxKh
DWoUutbxKh
DWoUutbxKh
DWoUutbxKh,P,DWoUutbxKh,D,DWoUutbxKh,D,P,ufnLrPTG,D,D,D,ufnLrPTG,DWoUutbxKh,DWoUutbxKh
D
P,DWoUutbxKh,D,DWoUutbxKh,D,DWoUutbxKh,P,ufnLrPTG,D,D,D,ufnLrPTG,DWoUutbxKh,DWoUutbxKh
DWoUutbxKh,D,DWoUutbxKh,D,DWoUutbxKh,P,ufnLrPTG,D,D,D,ufnLrPTG,DWoUutbxKh,DWoUutbxKh
P,D,DWoUutbxKh,D,DWoUutbxKh,P,ufnLrPTG,D,D,D,ufnLrPTG,DWoUutbxKh,DWoUutbxKh
DWoUutbxKh
ufnLrPTG
ufnLrPTG
P,D,DWoUutbxKh,D,ufnLrPTG,DWoUutbxKh,P,D,D,D,ufnLrPTG,DWoUutbxKh,DWoUutbxKh
ufnLrPTG
P
D,DWoUutbxKh,D,DWoUutbxKh,P,P,D,D,D,DWoUutbxKh,DWoUutbxKh
D,DWoUutbxKh,D,DWoUutbxKh,P,P,D,D,D,DWoUutbxKh,DWoUutbxKh
D,DWoUutbxKh,D,DWoUutbxKh,P,P,D,D,D,DWoUutbxKh,DWoUutbxKh
D,DWoUutbxKh,D,DWoUutbxKh,P,P,D,D,D,DWoUutbxKh,DWoUutbxKh
DWoUutbxKh,D,DWoUutbxKh,P,P,D,D,D,DWoUutbxKh,DWoUutbxKh,DWoUutbxKh
P
DWoUutbxKh
D,DWoUutbxKh,P,DWoUutbxKh,D,DWoUutbxKh,P,ufnLrPTG,D,D,D,ufnLrPTG,DWoUutbxKh,D,D,D,ufnLrPTG,P
DWoUutbxKh
D,DWoUutbxKh,P,DWoUutbxKh,D,DWoUutbxKh,P,ufnLrPTG,D,D,D,ufnLrPTG,DWoUutbxKh,D,D,D,ufnLrPTG,P,P
DWoUutbxKh
ufnLrPTG
P
D,DWoUutbxKh,DWoUutbxKh,D,DWoUutbxKh,ufnLrPTG,P,P,D,D,D,ufnLrPTG,DWoUutbxKh,D,DWoUutbxKh
P
P
P
P
ufnLrPTG
DWoUutbxKh,DWoUutbxKh,D,DWoUutbxKh,P,ufnLrPTG,P,D,D,D,ufnLrPTG,DWoUutbxKh,D,DWoUutbxKh,DWoUutbxKh,P
P
P
DWoUutbxKh,DWoUutbxKh,D,DWoUutbxKh,P,ufnLrPTG,P,D,D,D,ufnLrPTG,DWoUutbxKh,D,DWoUutbxKh,DWoUutbxKh,P
DWoUutbxKh,DWoUutbxKh,D,DWoUutbxKh,P,ufnLrPTG,P,D,D,D,ufnLrPTG,DWoUutbxKh,D,DWoUutbxKh,DWoUutbxKh,P
D,DWoUutbxKh,ufnLrPTG,P,DWoUutbxKh,P,D,D,D,ufnLrPTG,DWoUutbxKh,D,DWoUutbxKh,DWoUutbxKh,P
D
DWoUutbxKh,ufnLrPTG,P,DWoUutbxKh,P,D,D,D,D,ufnLrPTG,DWoUutbxKh,D,DWoUutbxKh,DWoUutbxKh,P,ufnLrPTG
D,DWoUutbxKh,ufnLrPTG,P,DWoUutbxKh,P,D,D,D,ufnLrPTG,DWoUutbxKh,D,DWoUutbxKh,DWoUutbxKh,P
P
P
ufnLrPTG,P,DWoUutbxKh,P,D,D,D,ufnLrPTG,DWoUutbxKh,D,DWoUutbxKh,DWoUutbxKh,P
D
ufnLrPTG,P,DWoUutbxKh,P,D,D,D,ufnLrPTG,DWoUutbxKh,D,DWoUutbxKh,DWoUutbxKh,P
D
DWoUutbxKh,D,D,ufnLrPTG,P,D,ufnLrPTG,DWoUutbxKh,D,DWoUutbxKh,DWoUutbxKh,P
DWoUutbxKh,D,D,ufnLrPTG,P,D,ufnLrPTG,DWoUutbxKh,D,DWoUutbxKh,DWoUutbxKh,P,D
P
D
D
ufnLrPTG
ufnLrPTG
DWoUutbxKh
DWoUutbxKh
D,ufnLrPTG,P,DWoUutbxKh,D,ufnLrPTG,D,DWoUutbxKh,DWoUutbxKh,P,D,P,D,ufnLrPTG
Jedi Wagner, assuma o comando!