[vazia]
AmTkK
AmTkK,VDEYTeq,NCMwOzH
AmTkK,VDEYTeq,NCMwOzH
AmTkK,VDEYTeq,NCMwOzH
AmTkK,VDEYTeq,NCMwOzH
AmTkK,VDEYTeq,NCMwOzH
AmTkK,VDEYTeq,NCMwOzH
NCMwOzH
AmTkK,VDEYTeq,NCMwOzH,AmTkK,AmTkK
NCMwOzH
AmTkK,VDEYTeq,NCMwOzH
NCMwOzH
AmTkK,VDEYTeq,NCMwOzH
AmTkK,NCMwOzH,zGeGWkmtF,VDEYTeq,VDEYTeq
AmTkK,VDEYTeq,NCMwOzH,zGeGWkmtF,VDEYTeq
AmTkK,VDEYTeq,NCMwOzH,zGeGWkmtF,VDEYTeq
AmTkK
AmTkK,VDEYTeq,zGeGWkmtF,VDEYTeq
VDEYTeq,zGeGWkmtF,VDEYTeq
VDEYTeq,zGeGWkmtF,VDEYTeq,sC,zGeGWkmtF
VDEYTeq,zGeGWkmtF,VDEYTeq
VDEYTeq,zGeGWkmtF,VDEYTeq,VDEYTeq
VDEYTeq
VDEYTeq,zGeGWkmtF,VDEYTeq
VDEYTeq,zGeGWkmtF,VDEYTeq
VDEYTeq,VDEYTeq
VDEYTeq,VDEYTeq
zGeGWkmtF
VDEYTeq
VDEYTeq
VDEYTeq,VDEYTeq,zGeGWkmtF
VDEYTeq
VDEYTeq,VDEYTeq,zGeGWkmtF,AmTkK
VDEYTeq
VDEYTeq,VDEYTeq,zGeGWkmtF,AmTkK
VDEYTeq
VDEYTeq,VDEYTeq,zGeGWkmtF,fosmfyxGb
VDEYTeq,VDEYTeq,zGeGWkmtF,fosmfyxGb
VDEYTeq,VDEYTeq,zGeGWkmtF,fosmfyxGb
VDEYTeq,VDEYTeq,zGeGWkmtF,fosmfyxGb
VDEYTeq
VDEYTeq,VDEYTeq,zGeGWkmtF,fosmfyxGb,AmTkK,sC
VDEYTeq,VDEYTeq,zGeGWkmtF,fosmfyxGb,AmTkK,sC
VDEYTeq,VDEYTeq,zGeGWkmtF,NCMwOzH,fosmfyxGb,AmTkK,sC
AmTkK
AmTkK
VDEYTeq,AmTkK,VDEYTeq,fosmfyxGb,sC,zGeGWkmtF,AmTkK
VDEYTeq,AmTkK,VDEYTeq,fosmfyxGb,sC,zGeGWkmtF,AmTkK
VDEYTeq,AmTkK,VDEYTeq,fosmfyxGb,sC,AmTkK,VDEYTeq
VDEYTeq
VDEYTeq
VDEYTeq
AmTkK
VDEYTeq,AmTkK,fosmfyxGb,VDEYTeq,sC,AmTkK,VDEYTeq
AmTkK
NCMwOzH
VDEYTeq,VDEYTeq,zGeGWkmtF,NCMwOzH,fosmfyxGb,AmTkK,sC
VDEYTeq,VDEYTeq,zGeGWkmtF,fosmfyxGb,AmTkK,sC
zGeGWkmtF
VDEYTeq,VDEYTeq,fosmfyxGb,AmTkK,sC,zGeGWkmtF,OHlCW,OHlCW,fosmfyxGb
AmTkK
VDEYTeq,VDEYTeq,fosmfyxGb,AmTkK,sC,zGeGWkmtF,OHlCW,OHlCW,fosmfyxGb
VDEYTeq,VDEYTeq,AmTkK,sC,zGeGWkmtF,fosmfyxGb,OHlCW,fosmfyxGb,AmTkK
VDEYTeq,VDEYTeq,AmTkK,sC,zGeGWkmtF,fosmfyxGb,OHlCW,fosmfyxGb,AmTkK
VDEYTeq,VDEYTeq,AmTkK,sC,zGeGWkmtF,fosmfyxGb,fosmfyxGb,AmTkK
fosmfyxGb
VDEYTeq,AmTkK,sC,zGeGWkmtF,fosmfyxGb,VDEYTeq,fosmfyxGb,AmTkK,td
VDEYTeq
VDEYTeq
VDEYTeq
VDEYTeq
VDEYTeq
VDEYTeq
fosmfyxGb
VDEYTeq,sC,VDEYTeq,fosmfyxGb,AmTkK,NCMwOzH
VDEYTeq,sC,VDEYTeq,fosmfyxGb,AmTkK,NCMwOzH,td
VDEYTeq,sC,VDEYTeq,fosmfyxGb,AmTkK,NCMwOzH,td
fosmfyxGb
VDEYTeq,sC,VDEYTeq,fosmfyxGb,NCMwOzH,td
fosmfyxGb
VDEYTeq,AmTkK,sC,VDEYTeq,AmTkK,NCMwOzH
VDEYTeq,AmTkK,sC,VDEYTeq,AmTkK,NCMwOzH
VDEYTeq
VDEYTeq
VDEYTeq,sC,AmTkK,VDEYTeq,AmTkK,NCMwOzH,zGeGWkmtF
VDEYTeq
VDEYTeq
VDEYTeq,AmTkK,sC,VDEYTeq,AmTkK,NCMwOzH,OHlCW
VDEYTeq,AmTkK,VDEYTeq,AmTkK,NCMwOzH,OHlCW
VDEYTeq
VDEYTeq
AmTkK,VDEYTeq,VDEYTeq,OHlCW,AmTkK,NCMwOzH,AmTkK
OHlCW
AmTkK,VDEYTeq,VDEYTeq,OHlCW,AmTkK,NCMwOzH,AmTkK
OHlCW
AmTkK,VDEYTeq,VDEYTeq,OHlCW,AmTkK,NCMwOzH,AmTkK
VDEYTeq,VDEYTeq,OHlCW,NCMwOzH,AmTkK,AmTkK
VDEYTeq,VDEYTeq,OHlCW,NCMwOzH,AmTkK,AmTkK
VDEYTeq,VDEYTeq,OHlCW,NCMwOzH,AmTkK,AmTkK
AmTkK
VDEYTeq,VDEYTeq,OHlCW,NCMwOzH,AmTkK,AmTkK
VDEYTeq,VDEYTeq,OHlCW,AmTkK,NCMwOzH,AmTkK
VDEYTeq,VDEYTeq,OHlCW,AmTkK,NCMwOzH,AmTkK
VDEYTeq,VDEYTeq,OHlCW,AmTkK,NCMwOzH,AmTkK
VDEYTeq,VDEYTeq,OHlCW,AmTkK,NCMwOzH,AmTkK
VDEYTeq,VDEYTeq,OHlCW,NCMwOzH,AmTkK,AmTkK
AmTkK
VDEYTeq,VDEYTeq,OHlCW,NCMwOzH,AmTkK,AmTkK
AmTkK
VDEYTeq
VDEYTeq
sC,VDEYTeq,VDEYTeq,OHlCW,NCMwOzH,AmTkK,AmTkK,VDEYTeq,OHlCW
VDEYTeq,VDEYTeq,OHlCW,NCMwOzH,AmTkK,AmTkK
VDEYTeq
VDEYTeq
VDEYTeq
VDEYTeq,VDEYTeq,OHlCW,NCMwOzH,AmTkK,AmTkK
VDEYTeq,VDEYTeq,OHlCW,NCMwOzH,AmTkK,AmTkK
VDEYTeq,VDEYTeq,OHlCW,NCMwOzH,AmTkK,AmTkK,NCMwOzH
OHlCW
OHlCW
OHlCW,VDEYTeq,NCMwOzH,VDEYTeq,AmTkK,AmTkK,NCMwOzH,fosmfyxGb
OHlCW,VDEYTeq,NCMwOzH,VDEYTeq,AmTkK,AmTkK,NCMwOzH,fosmfyxGb
OHlCW,VDEYTeq,NCMwOzH,VDEYTeq,AmTkK,AmTkK,NCMwOzH,fosmfyxGb
OHlCW,VDEYTeq,NCMwOzH,VDEYTeq,AmTkK,AmTkK,NCMwOzH
OHlCW,VDEYTeq,NCMwOzH,VDEYTeq,AmTkK,AmTkK,NCMwOzH
Jedi Wagner, assuma o comando!