ysnF,HIhZu
Toque! Toque, Dijê!
[vazia]
[vazia]
[vazia]
[vazia]
[vazia]
[vazia]
HVXT
HVXT
R
Toque! Toque, Dijê!
Toque! Toque, Dijê!
HVXT
HIhZu
HIhZu,HVXT,KtHtpE,PTvPu,KtHtpE
HIhZu,HVXT,KtHtpE,PTvPu,KtHtpE,UgU
NWmw
NWmw,ysnF
NWmw,ysnF
NWmw,ysnF
ysnF
NWmw,ysnF
NWmw,ysnF
ysnF
NWmw,ysnF
NWmw,ysnF,R,UgU
ysnF
ysnF
ysnF
NWmw,ysnF,R,UgU,NWmw,KtHtpE
ysnF
NWmw,ysnF,R,UgU,NWmw,KtHtpE,ysnF,NWmw
NWmw,ysnF,R,UgU,NWmw,KtHtpE,ysnF,NWmw
ysnF
ysnF
ysnF,UgU
ysnF,UgU
ysnF,UgU
ysnF
ysnF
ysnF,UgU,HIhZu
ysnF
ysnF
ysnF
ysnF,UgU
ysnF
ysnF,UgU
ysnF,UgU
ysnF,UgU
HIhZu
ysnF,HIhZu,UgU
ysnF
ysnF,HIhZu,UgU
ysnF,HIhZu,UgU
ysnF,PTvPu,UgU,KtHtpE
UgU
HIhZu,UgU
HIhZu,UgU
UgU
UgU
HIhZu,UgU
ysnF,HIhZu,UgU,KtHtpE,PTvPu
HIhZu,KtHtpE,ysnF,PTvPu,UgU
HIhZu,KtHtpE,PTvPu,ysnF,UgU
UgU
KtHtpE
ysnF,HIhZu,KtHtpE
KtHtpE
UgU
ysnF,HIhZu,UgU
UgU
UgU
ysnF,HIhZu,UgU,HIhZu,KtHtpE
UgU
HIhZu
HIhZu,UgU,HIhZu,KtHtpE
HIhZu,UgU,HIhZu,KtHtpE
HIhZu,UgU,HIhZu,KtHtpE
HIhZu
UgU,HIhZu,HIhZu,KtHtpE
UgU,HIhZu,HIhZu,KtHtpE
UgU,HIhZu,HIhZu,KtHtpE
UgU,HIhZu,HIhZu,KtHtpE
HIhZu,KtHtpE
HIhZu
HIhZu,KtHtpE,ysnF,NWmw,KtHtpE,ysnF
ysnF
ysnF
HIhZu,KtHtpE,ysnF,NWmw,KtHtpE,ysnF,KtHtpE,ysnF
HIhZu,KtHtpE,ysnF,NWmw,KtHtpE,ysnF,KtHtpE,ysnF
KtHtpE
ysnF
ysnF
KtHtpE,ysnF,KtHtpE,ysnF,NWmw,NWmw
KtHtpE,NWmw,KtHtpE,ysnF,KtHtpE,ysnF,HVXT
KtHtpE,NWmw,KtHtpE,ysnF,KtHtpE,ysnF,HVXT
ysnF
ysnF
KtHtpE,NWmw,KtHtpE,ysnF,KtHtpE,ysnF,NWmw
ysnF
ysnF
NWmw
NWmw
NWmw
NWmw
NWmw
NWmw
NWmw
ysnF
NWmw
KtHtpE,KtHtpE,ysnF,NWmw
NWmw
NWmw
KtHtpE,KtHtpE,NWmw,PTvPu
KtHtpE,NWmw,PTvPu
KtHtpE,NWmw,PTvPu,KtHtpE
KtHtpE
KtHtpE
KtHtpE,ysnF,NWmw,NWmw
ysnF
KtHtpE,ysnF,NWmw,NWmw
KtHtpE,ysnF,NWmw,NWmw,ysnF
ysnF,NWmw,NWmw,KtHtpE,ysnF
KtHtpE,ysnF,NWmw,NWmw,ysnF,HIhZu
ysnF
KtHtpE,ysnF,NWmw,NWmw,ysnF
KtHtpE,ysnF,NWmw,NWmw,ysnF
KtHtpE
KtHtpE
KtHtpE
ysnF
NWmw
ysnF,NWmw,NWmw,ysnF,KtHtpE
ysnF,NWmw,NWmw,ysnF,KtHtpE,UgU,HIhZu,KtHtpE
ysnF,NWmw,NWmw,ysnF,KtHtpE,UgU,HIhZu,KtHtpE
NWmw
NWmw
NWmw
NWmw
NWmw
KtHtpE
ysnF,NWmw,NWmw,ysnF,KtHtpE,UgU,KtHtpE
KtHtpE
NWmw,NWmw,ysnF,KtHtpE,KtHtpE,ysnF,UgU,R,NWmw
NWmw,NWmw,ysnF,KtHtpE,KtHtpE,ysnF,UgU,R,NWmw
NWmw,NWmw,ysnF,KtHtpE,KtHtpE,ysnF,UgU,R,NWmw
UgU
R
NWmw,NWmw,ysnF,KtHtpE,KtHtpE,ysnF,UgU,R,NWmw,HVXT
NWmw
NWmw,NWmw,ysnF,KtHtpE,KtHtpE,ysnF,R,NWmw,UgU,UgU,ysnF
NWmw,NWmw,ysnF,KtHtpE,KtHtpE,ysnF,UgU,R,NWmw,UgU,ysnF
NWmw,NWmw,ysnF,KtHtpE,ysnF,UgU,R,NWmw,KtHtpE,UgU,ysnF
KtHtpE
KtHtpE
NWmw
NWmw,NWmw,ysnF,KtHtpE,KtHtpE,ysnF,UgU,R,NWmw,UgU,ysnF
NWmw
NWmw,NWmw,ysnF,KtHtpE,KtHtpE,ysnF,UgU,R,NWmw,UgU,ysnF
UgU
NWmw,NWmw,ysnF,KtHtpE,KtHtpE,ysnF,R,NWmw,UgU,UgU,ysnF,PTvPu
NWmw,NWmw,KtHtpE,KtHtpE,ysnF,NWmw,UgU,ysnF,UgU,ysnF,PTvPu,HIhZu,HIhZu
ysnF
NWmw,NWmw,KtHtpE,ysnF,NWmw,UgU,ysnF,KtHtpE,UgU,ysnF,HIhZu,HIhZu,HIhZu
Jedi Wagner, assuma o comando!