Toque! Toque, Dijê!
Toque! Toque, Dijê!
[vazia]
Toque! Toque, Dijê!
[vazia]
[vazia]
[vazia]
Toque! Toque, Dijê!
DOHikmLyR
DOHikmLyR
DOHikmLyR
DOHikmLyR
DOHikmLyR
DOHikmLyR
DOHikmLyR
Toque! Toque, Dijê!
KukaIYxUXh
KukaIYxUXh
[vazia]
[vazia]
Toque! Toque, Dijê!
[vazia]
[vazia]
[vazia]
GG
GG
GG
GG
[vazia]
[vazia]
[vazia]
PsHtmCox
mgyiHgG
mgyiHgG
m
mgyiHgG,m,m
mgyiHgG,m,m,KukaIYxUXh
mgyiHgG,m,m,KukaIYxUXh
mgyiHgG,m,m,KukaIYxUXh
KukaIYxUXh
mgyiHgG,m,m,KukaIYxUXh,PsHtmCox
KukaIYxUXh
mgyiHgG,m,KukaIYxUXh,PsHtmCox
KukaIYxUXh
m
mgyiHgG,KukaIYxUXh,m,PsHtmCox,mgyiHgG
mgyiHgG,m,KukaIYxUXh,PsHtmCox,mgyiHgG
KukaIYxUXh
KukaIYxUXh
KukaIYxUXh
KukaIYxUXh
mgyiHgG,m,KukaIYxUXh,PsHtmCox,mgyiHgG,DOHikmLyR
mgyiHgG,m,KukaIYxUXh,PsHtmCox,mgyiHgG,DOHikmLyR,DOHikmLyR
mgyiHgG,m,KukaIYxUXh,PsHtmCox,mgyiHgG,DOHikmLyR,DOHikmLyR,mgyiHgG
mgyiHgG,m,KukaIYxUXh,PsHtmCox,mgyiHgG,DOHikmLyR,DOHikmLyR,mgyiHgG
mgyiHgG,m,KukaIYxUXh,PsHtmCox,mgyiHgG,DOHikmLyR,DOHikmLyR,mgyiHgG
mgyiHgG,m,KukaIYxUXh,PsHtmCox,mgyiHgG,DOHikmLyR,DOHikmLyR,mgyiHgG
KukaIYxUXh
KukaIYxUXh
KukaIYxUXh
KukaIYxUXh
KukaIYxUXh
KukaIYxUXh
mgyiHgG,m,m,KukaIYxUXh,yVahKCLKMI
mgyiHgG,m,KukaIYxUXh
mgyiHgG,m,KukaIYxUXh
Jedi Wagner, assuma o comando!