Toque! Toque, Dijê!
YzMgsUQ
YzMgsUQ
YzMgsUQ
YzMgsUQ
YzMgsUQ
[vazia]
Toque! Toque, Dijê!
rnVBNK,jYyIe
[vazia]
[vazia]
Toque! Toque, Dijê!
[vazia]
rnVBNK,IH
rnVBNK
rnVBNK
rnVBNK
rnVBNK,IH
rnVBNK,IH,JjesGr
rnVBNK,IH,JjesGr
rnVBNK,IH
rnVBNK
rnVBNK,IH
rnVBNK
rnVBNK
rnVBNK
rnVBNK,IH,jYyIe
rnVBNK,IH,jYyIe
rnVBNK,IH,jYyIe
IH
IH,jYyIe
IH,jYyIe
IH
IH
rnVBNK,jYyIe,OIaBLgFw
IH
IH
IH
rnVBNK,IH,jYyIe,rnVBNK,jYyIe
IH
IH
IH
IH
IH
IH
IH
OIaBLgFw
OIaBLgFw
OIaBLgFw
OIaBLgFw
jYyIe,OIaBLgFw,rnVBNK,IH,OIaBLgFw
rnVBNK
jYyIe,OIaBLgFw,rnVBNK,IH,OIaBLgFw
IH
IH
jYyIe,OIaBLgFw,IH,rnVBNK,OIaBLgFw
rnVBNK
jYyIe,OIaBLgFw,rnVBNK,IH,OIaBLgFw
jYyIe,OIaBLgFw,rnVBNK,IH,OIaBLgFw
rnVBNK
CAF
rnVBNK,OIaBLgFw,CAF,OIaBLgFw
rnVBNK,OIaBLgFw,CAF,OIaBLgFw
jYyIe,OIaBLgFw,rnVBNK,OIaBLgFw,CAF
CAF
jYyIe,OIaBLgFw,rnVBNK,OIaBLgFw,CAF
jYyIe,OIaBLgFw,rnVBNK,OIaBLgFw,CAF,JjesGr
CAF
jYyIe,OIaBLgFw,rnVBNK,OIaBLgFw,CAF,ax
CAF
CAF
CAF
jYyIe,rnVBNK,OIaBLgFw,CAF,OIaBLgFw
OIaBLgFw
jYyIe,OIaBLgFw,OIaBLgFw
OIaBLgFw
jYyIe,OIaBLgFw,ax
OIaBLgFw
jYyIe,OIaBLgFw,ax
jYyIe
OIaBLgFw
rnVBNK
jYyIe,OIaBLgFw,rnVBNK,OIaBLgFw,jYyIe
rnVBNK
rnVBNK,jYyIe,OIaBLgFw,jYyIe
rnVBNK
rnVBNK
jYyIe
jYyIe,OIaBLgFw,OIaBLgFw,jYyIe,JjesGr
jYyIe,OIaBLgFw,OIaBLgFw,jYyIe,JjesGr,IH
jYyIe
jYyIe,OIaBLgFw,jYyIe,JjesGr,IH
jYyIe
OIaBLgFw,jYyIe,IH
jYyIe
jYyIe
jYyIe
jYyIe
jYyIe
jYyIe
jYyIe
jYyIe
jYyIe
jYyIe
jYyIe,OIaBLgFw,OIaBLgFw,jYyIe,JjesGr
jYyIe
jYyIe,OIaBLgFw,OIaBLgFw,jYyIe
jYyIe
jYyIe
JjesGr
JjesGr
JjesGr
jYyIe,OIaBLgFw,jYyIe,JjesGr,CAF
jYyIe,OIaBLgFw,jYyIe,JjesGr,CAF,CAF
jYyIe,OIaBLgFw,jYyIe,JjesGr,CAF,CAF,IH
jYyIe,OIaBLgFw,jYyIe,JjesGr,IH,CAF,CAF
jYyIe,OIaBLgFw,jYyIe,JjesGr,IH,CAF,CAF
jYyIe,OIaBLgFw,jYyIe,JjesGr,IH,CAF,CAF
CAF
jYyIe,OIaBLgFw,jYyIe,JjesGr,CAF,IH,CAF,OIaBLgFw
CAF
OIaBLgFw
OIaBLgFw,JjesGr,CAF,IH,CAF,RZhmg,OIaBLgFw
IH
IH,OIaBLgFw,JjesGr,CAF,CAF,rnVBNK,RZhmg,OIaBLgFw,OIaBLgFw,JjesGr,CAF,JjesGr
IH,OIaBLgFw,JjesGr,CAF,CAF,rnVBNK,RZhmg,OIaBLgFw,OIaBLgFw,JjesGr,CAF,JjesGr
IH,OIaBLgFw,JjesGr,CAF,CAF,rnVBNK,RZhmg,OIaBLgFw,OIaBLgFw,JjesGr,CAF,JjesGr
JjesGr
JjesGr
JjesGr
JjesGr
IH,OIaBLgFw,JjesGr,CAF,CAF,rnVBNK,RZhmg,OIaBLgFw,OIaBLgFw,JjesGr,CAF,JjesGr,IH
JjesGr
IH,OIaBLgFw,JjesGr,CAF,CAF,rnVBNK,RZhmg,OIaBLgFw,OIaBLgFw,JjesGr,CAF,JjesGr
JjesGr
IH,OIaBLgFw,JjesGr,rnVBNK,CAF,CAF,RZhmg,OIaBLgFw,OIaBLgFw,JjesGr,CAF,JjesGr
IH,OIaBLgFw,CAF,CAF,rnVBNK,RZhmg,OIaBLgFw,OIaBLgFw,JjesGr,CAF,JjesGr,JjesGr
CAF
OIaBLgFw,CAF,IH,CAF,rnVBNK,RZhmg,OIaBLgFw,OIaBLgFw,JjesGr,CAF,JjesGr,JjesGr
CAF
CAF
IH
OIaBLgFw,CAF,IH,CAF,rnVBNK,RZhmg,OIaBLgFw,OIaBLgFw,JjesGr,CAF,JjesGr,JjesGr
CAF
OIaBLgFw,CAF,IH,CAF,rnVBNK,RZhmg,OIaBLgFw,OIaBLgFw,JjesGr,CAF,JjesGr,JjesGr,jYyIe
OIaBLgFw,CAF,IH,rnVBNK,CAF,RZhmg,OIaBLgFw,OIaBLgFw,JjesGr,CAF,JjesGr,JjesGr,jYyIe
rnVBNK
OIaBLgFw,CAF,IH,rnVBNK,CAF,RZhmg,OIaBLgFw,OIaBLgFw,JjesGr,CAF,JjesGr,JjesGr,jYyIe,RZhmg
OIaBLgFw,CAF,IH,rnVBNK,CAF,RZhmg,OIaBLgFw,OIaBLgFw,JjesGr,CAF,JjesGr,JjesGr,jYyIe,RZhmg
rnVBNK
OIaBLgFw,CAF,IH,rnVBNK,CAF,RZhmg,OIaBLgFw,OIaBLgFw,JjesGr,CAF,JjesGr,JjesGr,jYyIe,RZhmg,OIaBLgFw
OIaBLgFw,CAF,IH,rnVBNK,CAF,RZhmg,OIaBLgFw,OIaBLgFw,JjesGr,CAF,JjesGr,JjesGr,jYyIe,RZhmg,OIaBLgFw,JjesGr,IH
OIaBLgFw,CAF,IH,rnVBNK,CAF,RZhmg,OIaBLgFw,OIaBLgFw,JjesGr,CAF,JjesGr,JjesGr,jYyIe,RZhmg,OIaBLgFw,JjesGr,IH
OIaBLgFw
OIaBLgFw
OIaBLgFw
IH,CAF,OIaBLgFw,CAF,RZhmg,OIaBLgFw,OIaBLgFw,JjesGr,CAF,JjesGr,JjesGr,RZhmg,OIaBLgFw,JjesGr,ax,ax,qJFyv
OIaBLgFw
IH,CAF,OIaBLgFw,CAF,RZhmg,OIaBLgFw,OIaBLgFw,JjesGr,CAF,JjesGr,JjesGr,RZhmg,OIaBLgFw,JjesGr,ax,ax,qJFyv
OIaBLgFw
OIaBLgFw
OIaBLgFw
IH,CAF,OIaBLgFw,CAF,RZhmg,OIaBLgFw,OIaBLgFw,JjesGr,CAF,JjesGr,JjesGr,RZhmg,OIaBLgFw,JjesGr,ax,ax
CAF
IH,CAF,OIaBLgFw,CAF,RZhmg,OIaBLgFw,OIaBLgFw,JjesGr,CAF,JjesGr,JjesGr,RZhmg,OIaBLgFw,JjesGr,ax,ax,qJFyv
IH,CAF,CAF,RZhmg,OIaBLgFw,OIaBLgFw,JjesGr,CAF,JjesGr,JjesGr,RZhmg,OIaBLgFw,JjesGr,ax,ax,qJFyv
IH,CAF,CAF,OIaBLgFw,OIaBLgFw,JjesGr,CAF,JjesGr,JjesGr,RZhmg,OIaBLgFw,JjesGr,ax,ax,qJFyv
IH,CAF,CAF,OIaBLgFw,OIaBLgFw,JjesGr,CAF,JjesGr,JjesGr,RZhmg,OIaBLgFw,JjesGr,ax,ax,qJFyv,rnVBNK
IH,CAF,CAF,OIaBLgFw,OIaBLgFw,JjesGr,CAF,JjesGr,JjesGr,RZhmg,OIaBLgFw,JjesGr,ax,ax,qJFyv,rnVBNK
IH,CAF,CAF,OIaBLgFw,OIaBLgFw,JjesGr,CAF,JjesGr,JjesGr,RZhmg,OIaBLgFw,JjesGr,ax,ax,qJFyv,rnVBNK
IH,CAF,CAF,OIaBLgFw,OIaBLgFw,JjesGr,CAF,JjesGr,JjesGr,RZhmg,OIaBLgFw,JjesGr,ax,ax,qJFyv,rnVBNK,JjesGr
CAF,CAF,IH,OIaBLgFw,OIaBLgFw,JjesGr,CAF,JjesGr,JjesGr,RZhmg,OIaBLgFw,JjesGr,ax,ax,qJFyv,rnVBNK,JjesGr,ax
CAF
CAF
CAF,CAF,IH,OIaBLgFw,JjesGr,CAF,JjesGr,JjesGr,RZhmg,OIaBLgFw,JjesGr,ax,ax,qJFyv,rnVBNK,JjesGr,ax
IH,OIaBLgFw,CAF,RZhmg,OIaBLgFw,OIaBLgFw,JjesGr,CAF,JjesGr,JjesGr,RZhmg,OIaBLgFw,JjesGr,ax,ax,qJFyv
IH,OIaBLgFw,CAF,RZhmg,OIaBLgFw,OIaBLgFw,JjesGr,CAF,JjesGr,JjesGr,RZhmg,OIaBLgFw,JjesGr,ax,ax,qJFyv,jYyIe
CAF
CAF
IH,CAF,ax,CAF,RZhmg,OIaBLgFw,OIaBLgFw,JjesGr,CAF,JjesGr,JjesGr,RZhmg,OIaBLgFw,JjesGr,ax,qJFyv,ax
IH,CAF,OIaBLgFw,ax,CAF,RZhmg,OIaBLgFw,OIaBLgFw,JjesGr,CAF,JjesGr,JjesGr,RZhmg,OIaBLgFw,JjesGr,ax,qJFyv,ax,jYyIe
CAF
OIaBLgFw,ax,CAF,RZhmg,OIaBLgFw,CAF,OIaBLgFw,JjesGr,CAF,JjesGr,JjesGr,RZhmg,OIaBLgFw,JjesGr,ax,qJFyv,ax,jYyIe,ax
CAF
OIaBLgFw
OIaBLgFw,ax,CAF,RZhmg,OIaBLgFw,CAF,JjesGr,qJFyv,OIaBLgFw,CAF,jYyIe,JjesGr,JjesGr,RZhmg,OIaBLgFw,JjesGr,ax,ax,ax,RZhmg,OIaBLgFw
CAF
ax,CAF,RZhmg,OIaBLgFw,CAF,JjesGr,qJFyv,OIaBLgFw,CAF,OIaBLgFw,JjesGr,JjesGr,RZhmg,OIaBLgFw,JjesGr,ax,ax,jYyIe,ax,YzMgsUQ,RZhmg,qJFyv
ax,CAF,RZhmg,OIaBLgFw,CAF,JjesGr,qJFyv,OIaBLgFw,CAF,OIaBLgFw,JjesGr,JjesGr,RZhmg,OIaBLgFw,JjesGr,ax,ax,jYyIe,ax,YzMgsUQ,RZhmg,qJFyv
ax,CAF,RZhmg,OIaBLgFw,CAF,JjesGr,qJFyv,OIaBLgFw,CAF,OIaBLgFw,JjesGr,JjesGr,RZhmg,OIaBLgFw,JjesGr,ax,ax,jYyIe,ax,YzMgsUQ,RZhmg,qJFyv,CAF
qJFyv
ax,CAF,RZhmg,OIaBLgFw,CAF,JjesGr,OIaBLgFw,CAF,OIaBLgFw,JjesGr,JjesGr,qJFyv,RZhmg,OIaBLgFw,JjesGr,ax,ax,jYyIe,ax,YzMgsUQ,RZhmg,qJFyv,CAF
JjesGr
JjesGr
RZhmg,OIaBLgFw,JjesGr,qJFyv,OIaBLgFw,CAF,OIaBLgFw,JjesGr,ax,JjesGr,CAF,RZhmg,OIaBLgFw,JjesGr,ax,jYyIe,ax,YzMgsUQ,RZhmg,qJFyv,CAF
RZhmg
RZhmg,OIaBLgFw,CAF,qJFyv,OIaBLgFw,CAF,OIaBLgFw,JjesGr,ax,JjesGr,RZhmg,OIaBLgFw,JjesGr,ax,jYyIe,ax,YzMgsUQ,RZhmg,qJFyv,CAF
OIaBLgFw
OIaBLgFw
Jedi Wagner, assuma o comando!