qb,kbeQVj
qb
qb,f
qb
qb,f
qb
qb
qb
qb,GHVdq
qJzu
qJzu
qJzu
qJzu
qJzu
qJzu
qJzu
qJzu
qJzu
qJzu,GHVdq
qJzu,GHVdq
qJzu,GHVdq
qJzu,GHVdq
qJzu,GHVdq
qJzu,GHVdq
qJzu,GHVdq
GHVdq
qJzu,GHVdq
GHVdq
GHVdq
qJzu,GHVdq
GHVdq
GHVdq
GHVdq
GHVdq
qJzu,qJzu,qJzu,qJzu
qJzu,qJzu,qJzu,qJzu
qJzu,qJzu,qJzu,qJzu
qJzu,qJzu,qJzu,qJzu
qJzu,qJzu,qJzu,qJzu
qJzu
qJzu
qJzu
qJzu,qJzu,qJzu,qJzu,h,qJzu,bMnuYOrw
h
qJzu,qJzu,qJzu,qJzu,h,qJzu,bMnuYOrw
qJzu,qJzu,qJzu,qJzu,h,qJzu,bMnuYOrw
h
qJzu,qJzu,qJzu,h,qJzu,qJzu
qJzu,qJzu,qJzu,h,qJzu,qJzu
qJzu
qJzu,qJzu,qJzu,h,qJzu,qJzu,bMnuYOrw
qJzu
qJzu
qJzu
qJzu
qJzu,qJzu,qJzu,qJzu,qb,bMnuYOrw
qJzu,qJzu,qJzu,qJzu,qb,bMnuYOrw
qJzu,qJzu,qJzu,qJzu,qb,bMnuYOrw
qJzu
qb
qJzu,qJzu,qJzu,qb,bMnuYOrw,f,qJzu,bMnuYOrw
f
qJzu,qJzu,qJzu,qb,bMnuYOrw,f,qJzu,bMnuYOrw,esTmiDlpet
f
qJzu
qJzu
qJzu,qJzu,qJzu,qb,bMnuYOrw,qJzu,bMnuYOrw,kbeQVj
qJzu,qJzu,qJzu,qb,bMnuYOrw,qJzu,bMnuYOrw,kbeQVj
qJzu
bMnuYOrw
bMnuYOrw
qJzu,qJzu,qJzu,bMnuYOrw,qJzu,bMnuYOrw,qb,kbeQVj,kbeQVj,bMnuYOrw
bMnuYOrw
qJzu,qJzu,qJzu,bMnuYOrw,qJzu,qb,bMnuYOrw,kbeQVj,kbeQVj,bMnuYOrw,kbeQVj
bMnuYOrw
qJzu,qJzu,qJzu,qb,bMnuYOrw,qJzu,bMnuYOrw,kbeQVj,kbeQVj
bMnuYOrw
bMnuYOrw
bMnuYOrw
bMnuYOrw
qJzu,qJzu,qJzu,qb,bMnuYOrw,qJzu,bMnuYOrw,kbeQVj,kbeQVj
bMnuYOrw
qJzu,qJzu,qJzu,bMnuYOrw,qJzu,bMnuYOrw,qb,kbeQVj,kbeQVj,aVCV,qJzu
qJzu,qJzu,qJzu,qb,bMnuYOrw,qJzu,bMnuYOrw,kbeQVj,kbeQVj
bMnuYOrw
bMnuYOrw
qJzu,qJzu,qb,bMnuYOrw,qJzu,bMnuYOrw,kbeQVj,kbeQVj
qJzu,qJzu,qb,bMnuYOrw,qJzu,bMnuYOrw,qJzu,kbeQVj,kbeQVj
bMnuYOrw
bMnuYOrw
qJzu,qJzu,qb,qJzu,bMnuYOrw,qJzu,kbeQVj,kbeQVj,f
bMnuYOrw
bMnuYOrw
qJzu,qJzu,qb,qJzu,bMnuYOrw,bMnuYOrw,qJzu,kbeQVj,kbeQVj
bMnuYOrw
qJzu
qJzu,qb,qJzu,bMnuYOrw,bMnuYOrw,qJzu,qJzu,kbeQVj,kbeQVj,GHVdq
qJzu
kbeQVj
kbeQVj
qJzu,qb,qJzu,bMnuYOrw,kbeQVj,qJzu,qJzu,GHVdq,qb,qb,f,qb
qJzu,qb,qJzu,bMnuYOrw,kbeQVj,qJzu,GHVdq,qJzu,qb,qb,f,qb
qJzu
qJzu
qJzu,qb,qJzu,bMnuYOrw,kbeQVj,qJzu,GHVdq,qJzu,qb,qb,qb
GHVdq
GHVdq
qJzu,qJzu,qJzu,GHVdq,qJzu,kbeQVj,qb,qb,qb,bMnuYOrw
qJzu,qJzu,qJzu,GHVdq,qJzu,kbeQVj,qb,qb,qb,bMnuYOrw
qJzu,qJzu,qJzu,GHVdq,qJzu,kbeQVj,qb,qb,qb,bMnuYOrw
bMnuYOrw
qJzu,qJzu,qJzu,qJzu,bMnuYOrw,kbeQVj,qb,qb,qb,h
kbeQVj
qJzu,qJzu,qJzu,qJzu,kbeQVj,h,bMnuYOrw,qb,qb,qb
kbeQVj
qJzu,qJzu,qJzu,qJzu,kbeQVj,h,bMnuYOrw,qb,qb,qb
qJzu,qJzu,qJzu,kbeQVj,bMnuYOrw,qb,qb,qb,esTmiDlpet
bMnuYOrw
bMnuYOrw
bMnuYOrw
qJzu,qJzu,qJzu,kbeQVj,h,bMnuYOrw,qJzu,qb,qb,qb
qJzu
bMnuYOrw
bMnuYOrw
qJzu,qJzu,qJzu,qJzu,kbeQVj,h,bMnuYOrw,qb,qb,qb,qb
qb
qJzu,qJzu,qJzu,qJzu,kbeQVj,h,bMnuYOrw,qb,qb,qb,qb
Jedi Wagner, assuma o comando!