Toque! Toque, Dijê!
IoKRTcR,LuQ
Toque! Toque, Dijê!
Toque! Toque, Dijê!
Toque! Toque, Dijê!
[vazia]
[vazia]
Toque! Toque, Dijê!
[vazia]
Toque! Toque, Dijê!
Toque! Toque, Dijê!
LuQ
LuQ
ejXBZBY,LuQ
ejXBZBY
ejXBZBY,LuQ
ejXBZBY,LuQ
ejXBZBY,LuQ,mtsnILi,cnC
LuQ
LuQ
LuQ,mtsnILi,mtsnILi
LuQ,mtsnILi,mtsnILi
LuQ,mtsnILi,mtsnILi
LuQ
LuQ,mtsnILi,mtsnILi
LuQ
LuQ
LuQ
LuQ
LuQ
LuQ,mtsnILi,ejXBZBY,cnC,cnC,mtsnILi
mtsnILi
mtsnILi,ejXBZBY,cnC,cnC,mtsnILi
LuQ,mtsnILi,ejXBZBY,cnC,mtsnILi
ejXBZBY
LuQ,ejXBZBY,mtsnILi,cnC,cnC,mtsnILi
LuQ,ejXBZBY,mtsnILi,cnC,cnC,mtsnILi
LuQ,ejXBZBY,mtsnILi,cnC,cnC,mtsnILi,cnC
ejXBZBY
LuQ,mtsnILi,cnC,ejXBZBY,mtsnILi
mtsnILi
mtsnILi
mtsnILi
ejXBZBY,mtsnILi,LuQ,cnC,cnC,mtsnILi
ejXBZBY,cnC,LuQ,mtsnILi,cnC,mtsnILi,LuQ,IoKRTcR
LuQ
LuQ
ejXBZBY,cnC,LuQ,mtsnILi,cnC,mtsnILi,LuQ,IoKRTcR,ejXBZBY,cnC
LuQ
ejXBZBY
cnC,LuQ,ejXBZBY,mtsnILi,cnC,mtsnILi,LuQ,IoKRTcR,ejXBZBY,cnC
LuQ,ejXBZBY,cnC,mtsnILi,cnC,mtsnILi,LuQ,IoKRTcR,ejXBZBY,cnC
LuQ,ejXBZBY,IoKRTcR,cnC,mtsnILi,LuQ,ejXBZBY,cnC,cnC,cnC
IoKRTcR
cnC
mtsnILi
LuQ,ejXBZBY,IoKRTcR,cnC,mtsnILi,LuQ,ejXBZBY,cnC,cnC,cnC,mtsnILi,mtsnILi,ejXBZBY
ejXBZBY,IoKRTcR,cnC,mtsnILi,LuQ,ejXBZBY,cnC,cnC,cnC,mtsnILi,mtsnILi,ejXBZBY,cnC,IoKRTcR
LuQ
LuQ
cnC,ejXBZBY,LuQ,IoKRTcR,ejXBZBY,cnC,cnC,cnC,mtsnILi,mtsnILi,ejXBZBY,mtsnILi,mtsnILi
cnC,ejXBZBY,LuQ,IoKRTcR,ejXBZBY,cnC,cnC,cnC,mtsnILi,mtsnILi,ejXBZBY,mtsnILi,mtsnILi
cnC,IoKRTcR,ejXBZBY,LuQ,ejXBZBY,cnC,cnC,cnC,mtsnILi,mtsnILi,ejXBZBY,mtsnILi,mtsnILi,mtsnILi
cnC,IoKRTcR,ejXBZBY,LuQ,ejXBZBY,cnC,cnC,cnC,mtsnILi,mtsnILi,ejXBZBY,mtsnILi,mtsnILi,mtsnILi
IoKRTcR,ejXBZBY,cnC,LuQ,ejXBZBY,cnC,cnC,cnC,mtsnILi,mtsnILi,ejXBZBY,mtsnILi,mtsnILi,mtsnILi
cnC,IoKRTcR,ejXBZBY,LuQ,ejXBZBY,cnC,cnC,cnC,mtsnILi,mtsnILi,ejXBZBY,mtsnILi,mtsnILi,mtsnILi
cnC,ejXBZBY,IoKRTcR,LuQ,ejXBZBY,cnC,cnC,cnC,mtsnILi,mtsnILi,ejXBZBY,mtsnILi,mtsnILi,mtsnILi,LuQ,cnC,ejXBZBY,ejXBZBY
ejXBZBY
ejXBZBY
cnC,ejXBZBY,mtsnILi,IoKRTcR,LuQ,ejXBZBY,cnC,cnC,cnC,mtsnILi,ejXBZBY,mtsnILi,mtsnILi,mtsnILi,LuQ,cnC,ejXBZBY,ejXBZBY,cnC
cnC,IoKRTcR,ejXBZBY,mtsnILi,LuQ,ejXBZBY,cnC,cnC,cnC,mtsnILi,ejXBZBY,mtsnILi,mtsnILi,mtsnILi,LuQ,cnC,ejXBZBY,ejXBZBY,cnC
ejXBZBY,IoKRTcR,cnC,mtsnILi,LuQ,ejXBZBY,cnC,cnC,cnC,mtsnILi,mtsnILi,ejXBZBY
LuQ
LuQ
ejXBZBY,IoKRTcR,LuQ,cnC,mtsnILi,ejXBZBY,cnC,cnC,cnC,mtsnILi,mtsnILi,ejXBZBY,ejXBZBY
ejXBZBY,IoKRTcR,LuQ,cnC,mtsnILi,ejXBZBY,cnC,cnC,cnC,mtsnILi,mtsnILi,ejXBZBY,ejXBZBY
ejXBZBY,IoKRTcR,LuQ,cnC,mtsnILi,ejXBZBY,cnC,cnC,cnC,mtsnILi,mtsnILi,ejXBZBY,ejXBZBY
ejXBZBY,IoKRTcR,LuQ,cnC,mtsnILi,ejXBZBY,cnC,cnC,cnC,mtsnILi,mtsnILi,ejXBZBY,ejXBZBY
ejXBZBY,IoKRTcR,LuQ,cnC,mtsnILi,ejXBZBY,cnC,cnC,cnC,mtsnILi,mtsnILi,ejXBZBY,ejXBZBY
cnC
cnC
ejXBZBY,IoKRTcR,LuQ,cnC,mtsnILi,ejXBZBY,cnC,cnC,cnC,mtsnILi,mtsnILi,ejXBZBY,ejXBZBY
mtsnILi
ejXBZBY,IoKRTcR,LuQ,cnC,mtsnILi,ejXBZBY,cnC,cnC,cnC,mtsnILi,mtsnILi,ejXBZBY,ejXBZBY,IoKRTcR
IoKRTcR
LuQ,cnC,mtsnILi,IoKRTcR,ejXBZBY,ejXBZBY,cnC,cnC,cnC,mtsnILi,mtsnILi,ejXBZBY,ejXBZBY,IoKRTcR
IoKRTcR
IoKRTcR
IoKRTcR,cnC,mtsnILi,LuQ,ejXBZBY,ejXBZBY,cnC,cnC,cnC,mtsnILi,mtsnILi,ejXBZBY,ejXBZBY
mtsnILi,LuQ,ejXBZBY,cnC,ejXBZBY,cnC,cnC,cnC,mtsnILi,mtsnILi,ejXBZBY,ejXBZBY
mtsnILi,cnC,IoKRTcR,LuQ,ejXBZBY,cnC,cnC,cnC,mtsnILi,mtsnILi,ejXBZBY,ejXBZBY
mtsnILi,cnC,IoKRTcR,LuQ,ejXBZBY,cnC,cnC,cnC,mtsnILi,mtsnILi,ejXBZBY,ejXBZBY
mtsnILi,cnC,IoKRTcR,LuQ,ejXBZBY,cnC,cnC,cnC,mtsnILi,mtsnILi,ejXBZBY,ejXBZBY,cnC,cnC,mtsnILi
mtsnILi,cnC,LuQ,ejXBZBY,cnC,cnC,cnC,mtsnILi,mtsnILi,ejXBZBY,ejXBZBY,cnC,cnC,mtsnILi,IoKRTcR,mtsnILi
LuQ
cnC
mtsnILi,cnC,LuQ,ejXBZBY,cnC,cnC,cnC,mtsnILi,mtsnILi,ejXBZBY,ejXBZBY,cnC,cnC,mtsnILi,IoKRTcR,mtsnILi
cnC
cnC
cnC
mtsnILi,cnC,LuQ,ejXBZBY,cnC,cnC,cnC,mtsnILi,mtsnILi,ejXBZBY,ejXBZBY,cnC,cnC,mtsnILi,IoKRTcR,mtsnILi
mtsnILi,LuQ,ejXBZBY,cnC,cnC,cnC,mtsnILi,mtsnILi,ejXBZBY,ejXBZBY,cnC,cnC,mtsnILi,IoKRTcR,mtsnILi
ejXBZBY,cnC,LuQ,cnC,cnC,ejXBZBY,ejXBZBY,cnC,cnC,mtsnILi,mtsnILi,IoKRTcR,LuQ,LuQ
ejXBZBY,mtsnILi,LuQ,cnC,cnC,ejXBZBY,ejXBZBY,cnC,cnC,mtsnILi,IoKRTcR,LuQ,LuQ
cnC
cnC
ejXBZBY,mtsnILi,LuQ,cnC,cnC,ejXBZBY,ejXBZBY,cnC,cnC,mtsnILi,IoKRTcR,LuQ,LuQ
ejXBZBY,mtsnILi,LuQ,cnC,cnC,ejXBZBY,ejXBZBY,cnC,cnC,mtsnILi,IoKRTcR,LuQ,LuQ,LuQ
ejXBZBY,mtsnILi,LuQ,cnC,cnC,ejXBZBY,ejXBZBY,cnC,cnC,mtsnILi,IoKRTcR,LuQ,LuQ,LuQ,IoKRTcR,LuQ
ejXBZBY,mtsnILi,cnC,cnC,LuQ,ejXBZBY,ejXBZBY,cnC,cnC,mtsnILi,IoKRTcR,LuQ,LuQ,LuQ,IoKRTcR,LuQ
ejXBZBY,mtsnILi,cnC,cnC,LuQ,ejXBZBY,ejXBZBY,cnC,cnC,mtsnILi,IoKRTcR,LuQ,LuQ,LuQ,IoKRTcR,LuQ
cnC
ejXBZBY,mtsnILi,cnC,cnC,LuQ,ejXBZBY,ejXBZBY,cnC,cnC,mtsnILi,IoKRTcR,LuQ,LuQ,LuQ,IoKRTcR,LuQ
mtsnILi,cnC,LuQ,ejXBZBY,ejXBZBY,cnC,cnC,mtsnILi,IoKRTcR,LuQ,LuQ,LuQ,IoKRTcR,LuQ,ejXBZBY
cnC
cnC
cnC
LuQ
LuQ
ejXBZBY,mtsnILi,LuQ,cnC,cnC,ejXBZBY,ejXBZBY,cnC,cnC,mtsnILi,IoKRTcR,LuQ,LuQ,cnC
LuQ,cnC,ejXBZBY,ejXBZBY,cnC,cnC,mtsnILi,IoKRTcR,LuQ,LuQ,cnC,mtsnILi,mtsnILi,ejXBZBY
LuQ,cnC,ejXBZBY,ejXBZBY,cnC,cnC,mtsnILi,IoKRTcR,LuQ,LuQ,cnC,mtsnILi,mtsnILi,ejXBZBY
ejXBZBY,LuQ,cnC,cnC,mtsnILi,ejXBZBY,ejXBZBY,cnC,cnC,mtsnILi,IoKRTcR,LuQ,LuQ
ejXBZBY,LuQ,cnC,cnC,mtsnILi,ejXBZBY,ejXBZBY,cnC,cnC,mtsnILi,IoKRTcR,LuQ,LuQ,cnC
ejXBZBY,LuQ,cnC,cnC,mtsnILi,ejXBZBY,ejXBZBY,cnC,cnC,mtsnILi,IoKRTcR,LuQ,LuQ,cnC
ejXBZBY
ejXBZBY
ejXBZBY,cnC,cnC,mtsnILi,ejXBZBY,ejXBZBY,cnC,cnC,mtsnILi,IoKRTcR,LuQ,LuQ,cnC
ejXBZBY
ejXBZBY
cnC,ejXBZBY,ejXBZBY,IoKRTcR,cnC,ejXBZBY,cnC,cnC,mtsnILi,LuQ,LuQ,cnC,cnC
cnC
cnC,ejXBZBY,ejXBZBY,IoKRTcR,cnC,ejXBZBY,cnC,cnC,mtsnILi,LuQ,LuQ,cnC,cnC,IoKRTcR,LuQ
cnC,ejXBZBY,ejXBZBY,IoKRTcR,cnC,ejXBZBY,cnC,cnC,mtsnILi,LuQ,LuQ,cnC,cnC,IoKRTcR,LuQ
cnC,ejXBZBY,ejXBZBY,IoKRTcR,cnC,ejXBZBY,cnC,cnC,mtsnILi,LuQ,LuQ,cnC,cnC,IoKRTcR,LuQ
cnC,ejXBZBY,ejXBZBY,IoKRTcR,cnC,ejXBZBY,cnC,cnC,mtsnILi,LuQ,cnC,cnC,IoKRTcR,LuQ
cnC,ejXBZBY,ejXBZBY,IoKRTcR,cnC,ejXBZBY,cnC,cnC,mtsnILi,LuQ,cnC,cnC,IoKRTcR,LuQ
cnC
cnC
cnC,ejXBZBY,ejXBZBY,IoKRTcR,cnC,ejXBZBY,cnC,cnC,mtsnILi,LuQ,LuQ,cnC,cnC,IoKRTcR,LuQ
cnC,ejXBZBY,ejXBZBY,IoKRTcR,cnC,ejXBZBY,cnC,cnC,mtsnILi,LuQ,LuQ,cnC,cnC,IoKRTcR,LuQ
cnC,ejXBZBY,IoKRTcR,cnC,ejXBZBY,cnC,cnC,mtsnILi,LuQ,LuQ,cnC,cnC,IoKRTcR,LuQ
cnC,ejXBZBY,IoKRTcR,cnC,ejXBZBY,cnC,cnC,LuQ,mtsnILi,LuQ,cnC,cnC,IoKRTcR,LuQ
cnC,ejXBZBY,cnC,ejXBZBY,cnC,cnC,IoKRTcR,LuQ,mtsnILi,LuQ,cnC,cnC,IoKRTcR,LuQ
cnC
cnC,ejXBZBY,cnC,ejXBZBY,cnC,cnC,mtsnILi,IoKRTcR,LuQ,LuQ,cnC,cnC,IoKRTcR,LuQ,cnC
cnC
cnC,ejXBZBY,cnC,ejXBZBY,cnC,cnC,mtsnILi,IoKRTcR,LuQ,LuQ,cnC,cnC,IoKRTcR,LuQ,cnC
cnC
ejXBZBY,cnC,ejXBZBY,cnC,cnC,mtsnILi,IoKRTcR,LuQ,LuQ,cnC,cnC,IoKRTcR,LuQ,cnC
ejXBZBY,cnC,ejXBZBY,cnC,cnC,mtsnILi,IoKRTcR,LuQ,cnC,cnC,IoKRTcR,LuQ,cnC
mtsnILi
mtsnILi
mtsnILi
ejXBZBY,cnC,ejXBZBY,cnC,mtsnILi,cnC,LuQ,cnC,cnC,LuQ,cnC,LuQ,IoKRTcR,IoKRTcR,cnC
ejXBZBY,cnC,ejXBZBY,cnC,mtsnILi,cnC,LuQ,cnC,cnC,LuQ,cnC,LuQ,IoKRTcR,IoKRTcR,cnC,IoKRTcR
ejXBZBY,ejXBZBY,cnC,mtsnILi,cnC,LuQ,cnC,cnC,LuQ,cnC,LuQ,IoKRTcR,IoKRTcR,cnC,IoKRTcR
ejXBZBY,cnC,mtsnILi,cnC,LuQ,ejXBZBY,cnC,cnC,LuQ,cnC,LuQ,IoKRTcR,IoKRTcR,cnC,IoKRTcR
ejXBZBY
ejXBZBY
ejXBZBY,ejXBZBY,cnC,mtsnILi,cnC,LuQ,cnC,cnC,LuQ,cnC,LuQ,IoKRTcR,IoKRTcR,cnC,IoKRTcR,mtsnILi
ejXBZBY,ejXBZBY,cnC,mtsnILi,cnC,LuQ,cnC,cnC,LuQ,cnC,LuQ,IoKRTcR,IoKRTcR,cnC,IoKRTcR,mtsnILi
cnC
cnC
cnC
ejXBZBY,cnC,cnC,LuQ,mtsnILi,cnC,LuQ,cnC,LuQ,cnC,IoKRTcR,ejXBZBY,cnC,mtsnILi,LuQ,mtsnILi
ejXBZBY,cnC,cnC,LuQ,mtsnILi,cnC,LuQ,cnC,LuQ,cnC,IoKRTcR,ejXBZBY,cnC,mtsnILi,LuQ
LuQ
cnC,cnC,LuQ,mtsnILi,cnC,LuQ,cnC,LuQ,cnC,IoKRTcR,ejXBZBY,cnC,mtsnILi,LuQ,IoKRTcR,ejXBZBY
Jedi Wagner, assuma o comando!