Toque! Toque, Dijê!
[vazia]
Toque! Toque, Dijê!
Toque! Toque, Dijê!
oyvlk
oyvlk
oyvlk,oyvlk
oyvlk,oyvlk,oyvlk,oyvlk
[vazia]
oyvlk
oyvlk
oyvlk,RZjEWdXiy,RZjEWdXiy
oyvlk,RZjEWdXiy,RZjEWdXiy
RZjEWdXiy,RZjEWdXiy,RZjEWdXiy
RZjEWdXiy
RZjEWdXiy,RZjEWdXiy,RZjEWdXiy,RZjEWdXiy,RZjEWdXiy
RZjEWdXiy
RZjEWdXiy,RZjEWdXiy,RZjEWdXiy,RZjEWdXiy,oyvlk
RZjEWdXiy,RZjEWdXiy,RZjEWdXiy,RZjEWdXiy,oyvlk
RZjEWdXiy,RZjEWdXiy,RZjEWdXiy,RZjEWdXiy,oyvlk,RZjEWdXiy
RZjEWdXiy,RZjEWdXiy,RZjEWdXiy,RZjEWdXiy,oyvlk,RZjEWdXiy
RZjEWdXiy
RZjEWdXiy
RZjEWdXiy
RZjEWdXiy
RZjEWdXiy,RZjEWdXiy,RZjEWdXiy,RZjEWdXiy,RZjEWdXiy
RZjEWdXiy
RZjEWdXiy
RZjEWdXiy,RZjEWdXiy,RZjEWdXiy,RZjEWdXiy,oyvlk,RZjEWdXiy
RZjEWdXiy
RZjEWdXiy
RZjEWdXiy,RZjEWdXiy,RZjEWdXiy,RZjEWdXiy,oyvlk,RZjEWdXiy
RZjEWdXiy
RZjEWdXiy,RZjEWdXiy,RZjEWdXiy,RZjEWdXiy,oyvlk,RZjEWdXiy
RZjEWdXiy,RZjEWdXiy,RZjEWdXiy,RZjEWdXiy,oyvlk,RZjEWdXiy,oyvlk
oyvlk
RZjEWdXiy
RZjEWdXiy,RZjEWdXiy,RZjEWdXiy,RZjEWdXiy,oyvlk,RZjEWdXiy
RZjEWdXiy
RZjEWdXiy,RZjEWdXiy,RZjEWdXiy,RZjEWdXiy,oyvlk
RZjEWdXiy,RZjEWdXiy,RZjEWdXiy,RZjEWdXiy,oyvlk
RZjEWdXiy,RZjEWdXiy,RZjEWdXiy,RZjEWdXiy,oyvlk
RZjEWdXiy,RZjEWdXiy,RZjEWdXiy,RZjEWdXiy,oyvlk
RZjEWdXiy,RZjEWdXiy,RZjEWdXiy,oyvlk,RZjEWdXiy,RZjEWdXiy,RZjEWdXiy
RZjEWdXiy,RZjEWdXiy,RZjEWdXiy,oyvlk,RZjEWdXiy,RZjEWdXiy,RZjEWdXiy
RZjEWdXiy
RZjEWdXiy,RZjEWdXiy,RZjEWdXiy,oyvlk,RZjEWdXiy,RZjEWdXiy,RZjEWdXiy
RZjEWdXiy,oyvlk,RZjEWdXiy,RZjEWdXiy,RZjEWdXiy,RZjEWdXiy,RZjEWdXiy
oyvlk
oyvlk,RZjEWdXiy,RZjEWdXiy
oyvlk,RZjEWdXiy,RZjEWdXiy
RZjEWdXiy
RZjEWdXiy,oyvlk,RZjEWdXiy,RZjEWdXiy
RZjEWdXiy,RZjEWdXiy,RZjEWdXiy
RZjEWdXiy,RZjEWdXiy,RZjEWdXiy
RZjEWdXiy
RZjEWdXiy
RZjEWdXiy
RZjEWdXiy
RZjEWdXiy
RZjEWdXiy,RZjEWdXiy,RZjEWdXiy
RZjEWdXiy,RZjEWdXiy,oyvlk,RZjEWdXiy
oyvlk
RZjEWdXiy,RZjEWdXiy,oyvlk,RZjEWdXiy,RZjEWdXiy
RZjEWdXiy,RZjEWdXiy,oyvlk,RZjEWdXiy
RZjEWdXiy,RZjEWdXiy,RZjEWdXiy
RZjEWdXiy
RZjEWdXiy
RZjEWdXiy,RZjEWdXiy,RZjEWdXiy,oyvlk
RZjEWdXiy,RZjEWdXiy,RZjEWdXiy,oyvlk
oyvlk
RZjEWdXiy
RZjEWdXiy,RZjEWdXiy,RZjEWdXiy,RZjEWdXiy
RZjEWdXiy,RZjEWdXiy,RZjEWdXiy,RZjEWdXiy
RZjEWdXiy,RZjEWdXiy,RZjEWdXiy,RZjEWdXiy,RZjEWdXiy
RZjEWdXiy
RZjEWdXiy
RZjEWdXiy
oyvlk
RZjEWdXiy,RZjEWdXiy,RZjEWdXiy,oyvlk
oyvlk
oyvlk
oyvlk,RZjEWdXiy,RZjEWdXiy,RZjEWdXiy
oyvlk,RZjEWdXiy,RZjEWdXiy,RZjEWdXiy
oyvlk
oyvlk
oyvlk
oyvlk
oyvlk,RZjEWdXiy,RZjEWdXiy
oyvlk
oyvlk,RZjEWdXiy,RZjEWdXiy
oyvlk,RZjEWdXiy,RZjEWdXiy
oyvlk
RZjEWdXiy,oyvlk,RZjEWdXiy,RZjEWdXiy
RZjEWdXiy
RZjEWdXiy,RZjEWdXiy,RZjEWdXiy
RZjEWdXiy,RZjEWdXiy,RZjEWdXiy
RZjEWdXiy,RZjEWdXiy,RZjEWdXiy
RZjEWdXiy
RZjEWdXiy
oyvlk,RZjEWdXiy,RZjEWdXiy
Jedi Wagner, assuma o comando!