[vazia]
[vazia]
Toque! Toque, Dijê!
Toque! Toque, Dijê!
xgh
xgh
xgh
xgh,xgh
xgh
[vazia]
[vazia]
[vazia]
Toque! Toque, Dijê!
Toque! Toque, Dijê!
Toque! Toque, Dijê!
Toque! Toque, Dijê!
xgh
xgh
xgh
xgh
[vazia]
Toque! Toque, Dijê!
xgh
[vazia]
[vazia]
Toque! Toque, Dijê!
Toque! Toque, Dijê!
Toque! Toque, Dijê!
xgh
xgh
xgh
[vazia]
Toque! Toque, Dijê!
[vazia]
[vazia]
Toque! Toque, Dijê!
xgh
[vazia]
xgh
xgh,xgh
xgh
xgh
xgh
xgh
xgh
xgh
xgh
xgh,xgh,xgh
xgh
xgh
xgh
xgh
xgh
xgh,xgh,xgh,xgh,xgh
xgh,xgh,xgh,xgh,xgh,xgh
xgh,xgh,xgh,xgh,xgh,xgh
xgh,xgh,xgh,xgh,xgh,xgh
xgh,xgh,xgh,xgh,xgh,xgh,xgh
xgh,xgh,xgh,xgh,xgh,xgh,xgh
xgh,xgh,xgh,xgh,xgh,xgh,xgh
xgh
xgh,xgh,xgh,xgh,xgh,xgh,xgh
xgh
xgh,xgh,xgh,xgh,xgh,xgh
xgh
xgh,xgh,xgh,xgh,xgh,xgh
xgh,xgh,xgh,xgh,xgh,xgh
xgh
xgh,xgh,xgh,xgh,xgh,xgh
xgh
xgh,xgh,xgh,xgh,xgh,xgh
xgh,xgh,xgh,xgh,xgh,xgh
xgh
xgh,xgh,xgh,xgh,xgh,xgh
xgh
xgh,xgh,xgh,xgh
xgh,xgh
xgh
xgh,xgh,xgh,xgh,xgh,xgh
xgh
xgh,xgh,xgh,xgh,xgh,xgh
xgh,xgh,xgh,xgh,xgh,xgh
xgh
xgh,xgh,xgh,xgh,xgh,xgh,xgh
xgh,xgh,xgh,xgh,xgh,xgh,xgh
xgh
xgh,xgh,xgh,xgh,xgh,xgh,xgh,xgh
xgh
xgh
xgh
xgh
xgh,xgh,xgh
xgh
xgh
xgh,xgh,xgh,xgh,xgh,xgh,xgh,xgh
xgh
xgh
xgh
xgh
xgh
xgh
xgh,xgh,xgh,xgh,xgh
xgh,xgh,xgh,xgh,xgh,xgh
xgh,xgh,xgh,xgh,xgh,xgh
xgh
xgh
xgh
xgh
xgh
xgh
xgh
xgh,xgh
xgh,xgh
xgh
xgh
xgh,xgh,xgh,xgh,xgh,xgh
xgh
xgh,xgh,xgh,xgh,xgh,xgh,xgh,xgh
xgh
xgh,xgh,xgh,xgh,xgh,xgh,xgh,xgh,xgh
xgh
xgh
xgh
xgh,xgh,xgh,xgh,xgh,xgh
xgh,xgh,xgh,xgh,xgh,xgh
xgh,xgh,xgh,xgh,xgh,xgh,xgh,xgh
xgh,xgh,xgh,xgh,xgh,xgh,xgh,xgh,xgh
xgh,xgh,xgh,xgh,xgh,xgh
xgh,xgh,xgh,xgh,xgh,xgh
xgh,xgh,xgh,xgh
xgh,xgh,xgh,xgh,xgh
xgh,xgh,xgh,xgh
xgh
xgh
xgh
xgh,xgh,xgh,xgh,xgh
xgh,xgh,xgh,xgh,xgh
xgh,xgh,xgh,xgh,xgh,xgh,xgh
xgh,xgh,xgh,xgh,xgh,xgh,xgh,xgh
xgh,xgh,xgh,xgh,xgh,xgh,xgh,xgh
Jedi Wagner, assuma o comando!