Toque! Toque, Dijê!
[vazia]
Toque! Toque, Dijê!
[vazia]
[vazia]
[vazia]
[vazia]
QZFTF
QZFTF
QZFTF
QHv
QHv
QHv
QHv
QHv
UicpB
UicpB
UicpB
Toque! Toque, Dijê!
[vazia]
Toque! Toque, Dijê!
Toque! Toque, Dijê!
Toque! Toque, Dijê!
Toque! Toque, Dijê!
QHv
QHv
QHv,QZFTF,vVBPv,GlYeIQuY
QHv,QZFTF,vVBPv,GlYeIQuY,BSOGPUH
QHv,QZFTF,vVBPv,GlYeIQuY,BSOGPUH,QZFTF
QHv
QHv
QHv,QZFTF,vVBPv,GlYeIQuY,BSOGPUH
QHv
QHv,QZFTF,vVBPv,GlYeIQuY,BSOGPUH,y
QHv
QHv,QZFTF,vVBPv,GlYeIQuY,pJCe
QHv,QZFTF,vVBPv,GlYeIQuY,pJCe
QHv
QHv,QZFTF,vVBPv,GlYeIQuY,pJCe
QHv
QHv
QHv
QHv
QHv,QZFTF,vVBPv,GlYeIQuY
QHv,QZFTF,vVBPv,GlYeIQuY
QHv
QHv
QHv
QHv,QZFTF,vVBPv,GlYeIQuY,BSOGPUH,BSOGPUH,NEqwLGvdd
QHv
QHv,QZFTF,vVBPv,GlYeIQuY,BSOGPUH,BSOGPUH,NEqwLGvdd
QHv
QHv,QZFTF,vVBPv,GlYeIQuY,BSOGPUH,BSOGPUH,NEqwLGvdd
QHv
QHv
QHv,GlYeIQuY,BSOGPUH,BSOGPUH,NEqwLGvdd,QHv,BSOGPUH,g
QHv
QHv,GlYeIQuY,BSOGPUH,BSOGPUH,NEqwLGvdd,QHv,BSOGPUH,g,UicpB
QHv,GlYeIQuY,BSOGPUH,BSOGPUH,NEqwLGvdd,QHv,BSOGPUH,g,UicpB,GlYeIQuY
QHv
QHv,QZFTF,vVBPv,GlYeIQuY,BSOGPUH,BSOGPUH
QHv
QHv
QHv
QHv
QHv,QZFTF,vVBPv,GlYeIQuY,BSOGPUH
vVBPv
vVBPv
QHv,QZFTF,vVBPv,GlYeIQuY,BSOGPUH
vVBPv
QHv,QZFTF,vVBPv,GlYeIQuY,BSOGPUH
QZFTF,vVBPv,GlYeIQuY,BSOGPUH
vVBPv
QHv,vVBPv,GlYeIQuY,BSOGPUH
QHv,vVBPv,GlYeIQuY,BSOGPUH
QHv,vVBPv,GlYeIQuY,BSOGPUH
QHv,vVBPv,BSOGPUH,GlYeIQuY
BSOGPUH
BSOGPUH
QHv,vVBPv,GlYeIQuY,BSOGPUH
vVBPv
vVBPv
QHv,vVBPv,GlYeIQuY,BSOGPUH
BSOGPUH
BSOGPUH
QHv,vVBPv,GlYeIQuY,BSOGPUH,pJCe
pJCe
QHv,vVBPv,GlYeIQuY,BSOGPUH,pJCe
QHv,GlYeIQuY,BSOGPUH,pJCe,vVBPv,vVBPv
vVBPv,GlYeIQuY,BSOGPUH,pJCe,QHv
pJCe
pJCe
QHv,vVBPv,GlYeIQuY,BSOGPUH,pJCe
QHv,vVBPv,GlYeIQuY,BSOGPUH,pJCe
QHv,vVBPv,GlYeIQuY,pJCe,GlYeIQuY,g
pJCe
vVBPv,GlYeIQuY,pJCe,GlYeIQuY,g,BSOGPUH,BSOGPUH
GlYeIQuY
vVBPv,GlYeIQuY,pJCe,GlYeIQuY,g,BSOGPUH,BSOGPUH,UicpB,vVBPv
GlYeIQuY
vVBPv,GlYeIQuY,pJCe,GlYeIQuY,g,BSOGPUH,BSOGPUH,UicpB,vVBPv
vVBPv,GlYeIQuY,pJCe,GlYeIQuY,g,BSOGPUH,BSOGPUH,UicpB,vVBPv
GlYeIQuY
g
g
GlYeIQuY,pJCe,GlYeIQuY,g,vVBPv,BSOGPUH,BSOGPUH,UicpB,vVBPv,g,y,pJCe,pJCe
GlYeIQuY,pJCe,GlYeIQuY,vVBPv,g,BSOGPUH,BSOGPUH,UicpB,vVBPv,g,y,pJCe,pJCe
g
vVBPv
vVBPv
vVBPv,GlYeIQuY,pJCe,GlYeIQuY,g,BSOGPUH,BSOGPUH,vVBPv
BSOGPUH
vVBPv,pJCe,GlYeIQuY,g,BSOGPUH,BSOGPUH,vVBPv,GlYeIQuY
BSOGPUH
BSOGPUH
GlYeIQuY,GlYeIQuY,g,BSOGPUH,BSOGPUH,pJCe
GlYeIQuY,GlYeIQuY,g,BSOGPUH,BSOGPUH,pJCe
pJCe
GlYeIQuY,pJCe,GlYeIQuY,g,BSOGPUH,BSOGPUH,vVBPv
BSOGPUH
GlYeIQuY,pJCe,GlYeIQuY,g,BSOGPUH,BSOGPUH,vVBPv,vVBPv,vVBPv,BSOGPUH,GlYeIQuY
vVBPv
vVBPv
GlYeIQuY,pJCe,GlYeIQuY,g,BSOGPUH,BSOGPUH,vVBPv,vVBPv,vVBPv,BSOGPUH,GlYeIQuY
GlYeIQuY,pJCe,GlYeIQuY,g,BSOGPUH,BSOGPUH,vVBPv,vVBPv,vVBPv,BSOGPUH,GlYeIQuY,vVBPv
GlYeIQuY,GlYeIQuY,g,BSOGPUH,BSOGPUH,vVBPv,vVBPv,vVBPv,BSOGPUH,GlYeIQuY,vVBPv
GlYeIQuY,pJCe,GlYeIQuY,g,BSOGPUH,BSOGPUH,vVBPv,vVBPv,BSOGPUH,GlYeIQuY,GlYeIQuY
GlYeIQuY,pJCe,GlYeIQuY,g,BSOGPUH,BSOGPUH,vVBPv,vVBPv,BSOGPUH,GlYeIQuY,GlYeIQuY
GlYeIQuY,pJCe,GlYeIQuY,g,BSOGPUH,BSOGPUH,vVBPv,vVBPv,vVBPv,BSOGPUH,GlYeIQuY,BSOGPUH
GlYeIQuY,pJCe,GlYeIQuY,g,BSOGPUH,BSOGPUH,vVBPv,vVBPv,vVBPv,BSOGPUH,GlYeIQuY,BSOGPUH
BSOGPUH
BSOGPUH
BSOGPUH
BSOGPUH
BSOGPUH
BSOGPUH
GlYeIQuY,pJCe,GlYeIQuY,g,BSOGPUH,BSOGPUH,vVBPv,vVBPv,vVBPv,BSOGPUH,UicpB,GlYeIQuY,y
GlYeIQuY,pJCe,GlYeIQuY,g,BSOGPUH,BSOGPUH,vVBPv,vVBPv,vVBPv,y,BSOGPUH,UicpB,GlYeIQuY
y
y
pJCe,GlYeIQuY,g,BSOGPUH,BSOGPUH,vVBPv,vVBPv,vVBPv,y,BSOGPUH,UicpB,GlYeIQuY,BSOGPUH
y
pJCe,GlYeIQuY,g,BSOGPUH,BSOGPUH,vVBPv,vVBPv,vVBPv,y,BSOGPUH,UicpB,GlYeIQuY,BSOGPUH
y
y
y
BSOGPUH
GlYeIQuY,pJCe,GlYeIQuY,g,BSOGPUH,BSOGPUH,vVBPv,vVBPv,vVBPv,BSOGPUH,GlYeIQuY
BSOGPUH
BSOGPUH
GlYeIQuY,GlYeIQuY,g,BSOGPUH,BSOGPUH,vVBPv,vVBPv,NEqwLGvdd,BSOGPUH,GlYeIQuY
NEqwLGvdd
GlYeIQuY,GlYeIQuY,g,BSOGPUH,vVBPv,vVBPv,BSOGPUH,GlYeIQuY,NEqwLGvdd,y
GlYeIQuY,GlYeIQuY,g,BSOGPUH,vVBPv,vVBPv,BSOGPUH,GlYeIQuY,NEqwLGvdd,y
GlYeIQuY,GlYeIQuY,g,BSOGPUH,vVBPv,vVBPv,BSOGPUH,GlYeIQuY,NEqwLGvdd,y
GlYeIQuY,GlYeIQuY,g,BSOGPUH,vVBPv,vVBPv,BSOGPUH,GlYeIQuY,NEqwLGvdd,y
GlYeIQuY,GlYeIQuY,g,BSOGPUH,vVBPv,vVBPv,BSOGPUH,GlYeIQuY,NEqwLGvdd,y
GlYeIQuY,GlYeIQuY,g,BSOGPUH,vVBPv,vVBPv,BSOGPUH,GlYeIQuY,NEqwLGvdd,y
GlYeIQuY
GlYeIQuY,GlYeIQuY,g,BSOGPUH,vVBPv,vVBPv,BSOGPUH,GlYeIQuY,NEqwLGvdd,y
GlYeIQuY,GlYeIQuY,g,BSOGPUH,vVBPv,vVBPv,BSOGPUH,GlYeIQuY,NEqwLGvdd,y
GlYeIQuY,GlYeIQuY,g,BSOGPUH,vVBPv,vVBPv,BSOGPUH,GlYeIQuY,NEqwLGvdd,y
GlYeIQuY
GlYeIQuY
GlYeIQuY,GlYeIQuY,BSOGPUH,vVBPv,vVBPv,BSOGPUH,y,g,GlYeIQuY,NEqwLGvdd,BSOGPUH
g
GlYeIQuY,GlYeIQuY,vVBPv,vVBPv,BSOGPUH,y,g,NEqwLGvdd,GlYeIQuY,BSOGPUH,NEqwLGvdd
GlYeIQuY,vVBPv,vVBPv,BSOGPUH,y,g,NEqwLGvdd,GlYeIQuY,BSOGPUH,NEqwLGvdd
GlYeIQuY,vVBPv,vVBPv,BSOGPUH,y,g,NEqwLGvdd,GlYeIQuY,BSOGPUH,NEqwLGvdd
GlYeIQuY,vVBPv,vVBPv,BSOGPUH,y,g,NEqwLGvdd,GlYeIQuY,BSOGPUH,NEqwLGvdd
GlYeIQuY,vVBPv,BSOGPUH,y,g,NEqwLGvdd,GlYeIQuY,BSOGPUH,NEqwLGvdd,y
vVBPv
vVBPv
vVBPv
vVBPv
GlYeIQuY,vVBPv,BSOGPUH,y,g,NEqwLGvdd,GlYeIQuY,BSOGPUH,NEqwLGvdd
GlYeIQuY,vVBPv,BSOGPUH,y,g,NEqwLGvdd,GlYeIQuY,BSOGPUH,NEqwLGvdd
vVBPv
GlYeIQuY,vVBPv,BSOGPUH,y,g,NEqwLGvdd,GlYeIQuY,BSOGPUH,NEqwLGvdd,y
vVBPv
vVBPv
BSOGPUH,y,g,NEqwLGvdd,GlYeIQuY,BSOGPUH,NEqwLGvdd,QZFTF,UicpB
y,BSOGPUH,g,NEqwLGvdd,GlYeIQuY,BSOGPUH,NEqwLGvdd,QZFTF,UicpB,y,BSOGPUH,y
y
y,BSOGPUH,g,NEqwLGvdd,GlYeIQuY,BSOGPUH,NEqwLGvdd,QZFTF,UicpB,y,BSOGPUH,y,GlYeIQuY
BSOGPUH
y,BSOGPUH,NEqwLGvdd,g,GlYeIQuY,BSOGPUH,NEqwLGvdd,QZFTF,UicpB,y,BSOGPUH,y,GlYeIQuY,BSOGPUH
BSOGPUH
g
g
y,g,NEqwLGvdd,GlYeIQuY,BSOGPUH,NEqwLGvdd,y,BSOGPUH,y,GlYeIQuY,BSOGPUH,QZFTF
NEqwLGvdd
NEqwLGvdd
NEqwLGvdd
y,NEqwLGvdd,GlYeIQuY,BSOGPUH,NEqwLGvdd,y,BSOGPUH,y,GlYeIQuY,BSOGPUH,QZFTF
NEqwLGvdd
Jedi Wagner, assuma o comando!