Toque! Toque, Dijê!
Toque! Toque, Dijê!
Toque! Toque, Dijê!
Toque! Toque, Dijê!
[vazia]
Toque! Toque, Dijê!
[vazia]
[vazia]
gIUL
gIUL
gIUL
Toque! Toque, Dijê!
O
O
O
O
O
O
lW
lW
O
O
O
O,ddXQvLeLmq
O
O
O
O
O
O
O
O
lW,O
lW,O
O
O
O
lW,O
lW,O
lW,O
lW,O
lW
lW,O
ddXQvLeLmq
ddXQvLeLmq,lW
ddXQvLeLmq
lW
O
O
O
ddXQvLeLmq
ddXQvLeLmq
O,ddXQvLeLmq,lW
O
O
O
O,ddXQvLeLmq,lW
O
O
ddXQvLeLmq,O,lW,O
O
O
O,ddXQvLeLmq,Ya,Ya
ddXQvLeLmq
ddXQvLeLmq
Ya
Ya
ddXQvLeLmq
ddXQvLeLmq
O,Ya,Ya,ddXQvLeLmq
O,Ya,Ya,ddXQvLeLmq
Ya
Ya
Ya
ddXQvLeLmq
gIUL
O,Ya,Ya,gIUL,ddXQvLeLmq,O,lW,gIUL
gIUL
Jedi Wagner, assuma o comando!