[vazia]
[vazia]
[vazia]
Toque! Toque, Dijê!
[vazia]
[vazia]
Toque! Toque, Dijê!
Toque! Toque, Dijê!
Toque! Toque, Dijê!
zzZfWAi
zzZfWAi
zzZfWAi,zzZfWAi,cBikbfNK
zzZfWAi,zzZfWAi,cBikbfNK,WJvvThrl
zzZfWAi
zzZfWAi,zzZfWAi,cBikbfNK,WJvvThrl
zzZfWAi
cBikbfNK
WJvvThrl
WJvvThrl
zzZfWAi,zzZfWAi,cBikbfNK,WJvvThrl,cBikbfNK,WJvvThrl,R,XEFE,FS
WJvvThrl
WJvvThrl
cBikbfNK
cBikbfNK
cBikbfNK
cBikbfNK
cBikbfNK
cBikbfNK
cBikbfNK
cBikbfNK
zzZfWAi,zzZfWAi,WJvvThrl,WJvvThrl,R,XEFE,nIvFvxa,FS,cBikbfNK,zzZfWAi
zzZfWAi,zzZfWAi,WJvvThrl,cBikbfNK,WJvvThrl,R,XEFE,nIvFvxa,XEFE
zzZfWAi,zzZfWAi,WJvvThrl,cBikbfNK,WJvvThrl,R,XEFE,nIvFvxa,XEFE,zzZfWAi
WJvvThrl
WJvvThrl
zzZfWAi,zzZfWAi,WJvvThrl,cBikbfNK,WJvvThrl,R,XEFE,nIvFvxa,XEFE,zzZfWAi,zzZfWAi
WJvvThrl
zzZfWAi,zzZfWAi,WJvvThrl,cBikbfNK,WJvvThrl,R,nIvFvxa,XEFE,zzZfWAi,zzZfWAi
zzZfWAi,zzZfWAi,WJvvThrl,cBikbfNK,WJvvThrl,R,nIvFvxa,XEFE,zzZfWAi,zzZfWAi
XEFE
XEFE
XEFE
zzZfWAi,zzZfWAi,WJvvThrl,cBikbfNK,WJvvThrl,R,nIvFvxa,XEFE,zzZfWAi,zzZfWAi,nIvFvxa
zzZfWAi,zzZfWAi,WJvvThrl,cBikbfNK,WJvvThrl,R,nIvFvxa,XEFE,zzZfWAi,zzZfWAi,nIvFvxa
XEFE
zzZfWAi,zzZfWAi,WJvvThrl,cBikbfNK,WJvvThrl,R,nIvFvxa,XEFE,zzZfWAi,zzZfWAi
XEFE
WJvvThrl
zzZfWAi,zzZfWAi,WJvvThrl,cBikbfNK,WJvvThrl,R,nIvFvxa,XEFE,zzZfWAi,zzZfWAi
zzZfWAi,zzZfWAi,WJvvThrl,cBikbfNK,WJvvThrl,R,nIvFvxa,XEFE,zzZfWAi,zzZfWAi
zzZfWAi,zzZfWAi,WJvvThrl,cBikbfNK,WJvvThrl,R,nIvFvxa,XEFE,zzZfWAi,zzZfWAi
zzZfWAi
zzZfWAi,WJvvThrl,cBikbfNK,WJvvThrl,R,XEFE,zzZfWAi,zzZfWAi,zzZfWAi,R,FS
zzZfWAi
zzZfWAi,WJvvThrl,cBikbfNK,WJvvThrl,XEFE,FS,zzZfWAi,zzZfWAi,zzZfWAi,R
FS
FS
zzZfWAi
zzZfWAi
zzZfWAi
zzZfWAi,WJvvThrl,cBikbfNK,WJvvThrl,XEFE,zzZfWAi,zzZfWAi,zzZfWAi,R,FS,WJvvThrl
zzZfWAi
zzZfWAi
zzZfWAi
zzZfWAi
zzZfWAi
zzZfWAi,WJvvThrl,cBikbfNK,WJvvThrl,XEFE,zzZfWAi,zzZfWAi,zzZfWAi,R,FS,zzZfWAi
zzZfWAi,WJvvThrl,cBikbfNK,WJvvThrl,XEFE,zzZfWAi,zzZfWAi,zzZfWAi,R,FS,zzZfWAi
zzZfWAi,WJvvThrl,cBikbfNK,WJvvThrl,XEFE,zzZfWAi,zzZfWAi,zzZfWAi,R,FS,zzZfWAi,WJvvThrl,OKtKyqnnf,zMlsW
zzZfWAi,WJvvThrl,cBikbfNK,WJvvThrl,XEFE,zzZfWAi,zzZfWAi,zzZfWAi,R,FS,zzZfWAi,WJvvThrl,OKtKyqnnf,zMlsW
zzZfWAi,WJvvThrl,WJvvThrl,XEFE,zzZfWAi,zzZfWAi,cBikbfNK,zzZfWAi,R,FS,zzZfWAi,WJvvThrl,OKtKyqnnf,zMlsW
zzZfWAi
Jedi Wagner, assuma o comando!