Toque! Toque, Dijê!
ofCe
ofCe
ofCe
ofCe,QE,kSyKRxm,QE
ofCe,QE,kSyKRxm,QE,kSyKRxm,kSyKRxm
QE
ofCe,QE,kSyKRxm,QE,kSyKRxm,kSyKRxm,F
ofCe,QE,kSyKRxm,QE,kSyKRxm,kSyKRxm,F
ofCe,QE,kSyKRxm,QE,kSyKRxm,kSyKRxm,F
ofCe,kSyKRxm,QE,kSyKRxm,kSyKRxm,F
F
ofCe,kSyKRxm,QE,kSyKRxm,kSyKRxm,F,F
kSyKRxm,QE,kSyKRxm,kSyKRxm,F,F
F
F
F
F
F
F
F
F
ofCe
ofCe
QE,kSyKRxm,QE,kSyKRxm,kSyKRxm,F,QE,kSyKRxm
QE,QE,kSyKRxm,kSyKRxm,F,QE,kSyKRxm,QE,F
QE
QE
QE,kSyKRxm,kSyKRxm,F
kSyKRxm,kSyKRxm,F
kSyKRxm
kSyKRxm
kSyKRxm,F,kSyKRxm,CYaHNRWr,kSyKRxm,QE
kSyKRxm,F,kSyKRxm,CYaHNRWr,kSyKRxm,QE
kSyKRxm
kSyKRxm
kSyKRxm,F,kSyKRxm,kSyKRxm
kSyKRxm
F
kSyKRxm,F,CYaHNRWr,kSyKRxm,kSyKRxm,LrNp
kSyKRxm,CYaHNRWr,LrNp,kSyKRxm,kSyKRxm
kSyKRxm,CYaHNRWr,LrNp,kSyKRxm,kSyKRxm
kSyKRxm
kSyKRxm
kSyKRxm
kSyKRxm
kSyKRxm,CYaHNRWr,kSyKRxm,kSyKRxm
HDVvp
HDVvp
HDVvp
kSyKRxm,CYaHNRWr,kSyKRxm,HDVvp,kSyKRxm
kSyKRxm,CYaHNRWr,kSyKRxm,HDVvp,kSyKRxm
HDVvp
HDVvp
kSyKRxm
kSyKRxm
kSyKRxm,CYaHNRWr,kSyKRxm,kSyKRxm
kSyKRxm
kSyKRxm
CYaHNRWr,kSyKRxm,kSyKRxm,CYaHNRWr
CYaHNRWr
CYaHNRWr,kSyKRxm,CYaHNRWr,kSyKRxm
CYaHNRWr,kSyKRxm,CYaHNRWr,kSyKRxm,kSyKRxm,ofCe
CYaHNRWr,kSyKRxm,CYaHNRWr,kSyKRxm,kSyKRxm,ofCe,CYaHNRWr
CYaHNRWr,kSyKRxm,kSyKRxm,CYaHNRWr
CYaHNRWr,kSyKRxm,kSyKRxm,CYaHNRWr
CYaHNRWr,CYaHNRWr,kSyKRxm
CYaHNRWr,kSyKRxm,kSyKRxm,CYaHNRWr
kSyKRxm,kSyKRxm,CYaHNRWr,CYaHNRWr,LrNp
kSyKRxm,kSyKRxm,CYaHNRWr,CYaHNRWr,LrNp
kSyKRxm,kSyKRxm,CYaHNRWr,LrNp,CYaHNRWr
kSyKRxm
CYaHNRWr
kSyKRxm,CYaHNRWr,kSyKRxm,CYaHNRWr
CYaHNRWr
kSyKRxm,CYaHNRWr,ofCe,CYaHNRWr,ofCe,CYaHNRWr
CYaHNRWr
CYaHNRWr
kSyKRxm,CYaHNRWr,ofCe,CYaHNRWr,ofCe,CYaHNRWr
CYaHNRWr
CYaHNRWr
kSyKRxm,ofCe,CYaHNRWr,ofCe,CYaHNRWr
CYaHNRWr
CYaHNRWr
kSyKRxm,ofCe,CYaHNRWr,ofCe,CYaHNRWr
kSyKRxm,ofCe,CYaHNRWr,ofCe,CYaHNRWr
kSyKRxm,CYaHNRWr,CYaHNRWr,ofCe,ofCe,CYaHNRWr
kSyKRxm,CYaHNRWr,CYaHNRWr,ofCe,ofCe,CYaHNRWr
kSyKRxm,CYaHNRWr,CYaHNRWr,ofCe,ofCe,CYaHNRWr
ofCe
ofCe
kSyKRxm,CYaHNRWr,CYaHNRWr,ofCe,ofCe,CYaHNRWr
kSyKRxm,CYaHNRWr,CYaHNRWr,ofCe,ofCe,CYaHNRWr
kSyKRxm,CYaHNRWr,CYaHNRWr,ofCe,ofCe,CYaHNRWr
kSyKRxm,CYaHNRWr,CYaHNRWr,ofCe,ofCe,CYaHNRWr
ofCe
ofCe
ofCe
kSyKRxm,CYaHNRWr,ofCe,ofCe,CYaHNRWr,kSyKRxm
CYaHNRWr
CYaHNRWr
kSyKRxm,ofCe,CYaHNRWr,ofCe,CYaHNRWr,kSyKRxm,LrNp,HDVvp
kSyKRxm,ofCe,CYaHNRWr,ofCe,CYaHNRWr,kSyKRxm,LrNp,HDVvp,CYaHNRWr
ofCe
HDVvp,ofCe,kSyKRxm,CYaHNRWr,ofCe,CYaHNRWr,kSyKRxm,LrNp,CYaHNRWr
HDVvp
HDVvp,ofCe,kSyKRxm,CYaHNRWr,ofCe,CYaHNRWr,kSyKRxm,LrNp,CYaHNRWr
CYaHNRWr,HDVvp,ofCe,kSyKRxm,ofCe,CYaHNRWr,kSyKRxm,LrNp,CYaHNRWr,kSyKRxm,CYaHNRWr
CYaHNRWr,HDVvp,ofCe,kSyKRxm,ofCe,CYaHNRWr,kSyKRxm,LrNp,CYaHNRWr,kSyKRxm,CYaHNRWr
CYaHNRWr,HDVvp,kSyKRxm,ofCe,CYaHNRWr,kSyKRxm,LrNp,CYaHNRWr,kSyKRxm,CYaHNRWr,ofCe
CYaHNRWr
CYaHNRWr
kSyKRxm,CYaHNRWr,ofCe,ofCe,CYaHNRWr,kSyKRxm
kSyKRxm,CYaHNRWr,ofCe,ofCe,CYaHNRWr,kSyKRxm
CYaHNRWr,ofCe,ofCe,CYaHNRWr,kSyKRxm
CYaHNRWr
CYaHNRWr
CYaHNRWr
CYaHNRWr,CYaHNRWr,F,ofCe
CYaHNRWr
kSyKRxm,CYaHNRWr,ofCe,ofCe,CYaHNRWr,kSyKRxm
kSyKRxm,CYaHNRWr,ofCe,ofCe,CYaHNRWr,kSyKRxm
kSyKRxm
kSyKRxm
kSyKRxm,CYaHNRWr,ofCe,ofCe,CYaHNRWr,kSyKRxm,ofCe
kSyKRxm,CYaHNRWr,ofCe,ofCe,CYaHNRWr,kSyKRxm,ofCe
ofCe
ofCe,kSyKRxm,CYaHNRWr,ofCe,CYaHNRWr,kSyKRxm,ofCe
ofCe
ofCe
ofCe,kSyKRxm,CYaHNRWr,ofCe,CYaHNRWr,kSyKRxm,ofCe,ofCe
Jedi Wagner, assuma o comando!