Toque! Toque, Dijê!
rzAsKLM,NxAwpGy
rzAsKLM,NxAwpGy
rzAsKLM
rzAsKLM
rzAsKLM,NxAwpGy,JECEjVF
rzAsKLM,NxAwpGy,JECEjVF
JECEjVF
JECEjVF,mWtPMItCs,rzAsKLM,NxAwpGy,rzAsKLM,YEpD,XqU
ClbggDF
ClbggDF
[vazia]
Toque! Toque, Dijê!
XqU,XqU,GO
XqU,XqU,GO,rzAsKLM,ClbggDF
XqU,XqU,GO,rzAsKLM,ClbggDF
XqU
XqU,GO,rzAsKLM,ClbggDF,XqU
XqU
[vazia]
Toque! Toque, Dijê!
[vazia]
[vazia]
JECEjVF
JECEjVF
JECEjVF,NxAwpGy
JECEjVF
JECEjVF
JECEjVF
JECEjVF,ClbggDF
JECEjVF
JECEjVF,ClbggDF,rzAsKLM
JECEjVF,ClbggDF,rzAsKLM
JECEjVF,ClbggDF
JECEjVF
JECEjVF,ClbggDF
JECEjVF,ClbggDF
JECEjVF
JECEjVF,ClbggDF,GO,XqU,ClbggDF
JECEjVF,ClbggDF,GO,XqU,ClbggDF
JECEjVF,ClbggDF,GO,XqU,ClbggDF
XqU
ClbggDF
XqU
JECEjVF,ClbggDF,GO,XqU,ClbggDF,YEpD
XqU
XqU
JECEjVF,GO,XqU,ClbggDF,rzAsKLM,rzAsKLM,ClbggDF
JECEjVF
JECEjVF,GO,ClbggDF
XqU
XqU
JECEjVF,ClbggDF,GO,ClbggDF,JECEjVF
ClbggDF,GO,ClbggDF,JECEjVF
ClbggDF,GO,ClbggDF,JECEjVF
ClbggDF,GO,ClbggDF,JECEjVF,rzAsKLM
ClbggDF
GO
GO
GO,rzAsKLM,ClbggDF,ClbggDF,JECEjVF,XqU,ClbggDF
ClbggDF,GO,ClbggDF,JECEjVF,mWtPMItCs
NxAwpGy,ClbggDF,GO,ClbggDF,JECEjVF
ClbggDF,GO,ClbggDF,JECEjVF
ClbggDF
ClbggDF,GO,ClbggDF,JECEjVF,JECEjVF
ClbggDF
ClbggDF,GO,ClbggDF,JECEjVF,JECEjVF
ClbggDF,GO,ClbggDF,JECEjVF,JECEjVF
ClbggDF
ClbggDF,GO,ClbggDF,JECEjVF,JECEjVF,NxAwpGy
ClbggDF,GO,ClbggDF,JECEjVF,JECEjVF,NxAwpGy
ClbggDF
ClbggDF
ClbggDF,GO,ClbggDF,JECEjVF
ClbggDF
ClbggDF,GO,ClbggDF,JECEjVF
ClbggDF,GO,ClbggDF,JECEjVF
GO
ClbggDF,GO,ClbggDF,JECEjVF,JECEjVF,rzAsKLM,XqU
ClbggDF,GO,ClbggDF,JECEjVF,JECEjVF,rzAsKLM,XqU
XqU,ClbggDF,GO,ClbggDF,JECEjVF,JECEjVF,rzAsKLM,rzAsKLM,GO
XqU,GO,ClbggDF,JECEjVF,JECEjVF,rzAsKLM,rzAsKLM,GO
GO
XqU,ClbggDF,GO,JECEjVF,ClbggDF,JECEjVF,rzAsKLM,rzAsKLM,GO
GO
ClbggDF
GO,ClbggDF,JECEjVF,JECEjVF,rzAsKLM,rzAsKLM,GO,XqU,JECEjVF
ClbggDF
GO,ClbggDF,JECEjVF,JECEjVF,rzAsKLM,rzAsKLM,GO,XqU,JECEjVF,XqU
GO,ClbggDF,JECEjVF,JECEjVF,rzAsKLM,rzAsKLM,GO,XqU,JECEjVF,XqU
GO,ClbggDF,JECEjVF,JECEjVF,rzAsKLM,rzAsKLM,GO,XqU,JECEjVF,XqU
ClbggDF
GO,ClbggDF,JECEjVF,JECEjVF,rzAsKLM,rzAsKLM,GO,XqU,JECEjVF,XqU
ClbggDF
JECEjVF
JECEjVF
ClbggDF,JECEjVF,JECEjVF,rzAsKLM,rzAsKLM,GO,XqU,JECEjVF,XqU,mWtPMItCs,GO
ClbggDF,JECEjVF,JECEjVF,rzAsKLM,rzAsKLM,GO,JECEjVF,XqU,mWtPMItCs,GO
JECEjVF
mWtPMItCs
ClbggDF,mWtPMItCs,JECEjVF,JECEjVF,rzAsKLM,rzAsKLM,GO,XqU,JECEjVF,XqU
ClbggDF,JECEjVF,JECEjVF,rzAsKLM,rzAsKLM,GO,XqU,JECEjVF,XqU
JECEjVF
JECEjVF
ClbggDF,JECEjVF,JECEjVF,rzAsKLM,rzAsKLM,XqU,JECEjVF,XqU,rzAsKLM,XqU
JECEjVF
JECEjVF
GO,ClbggDF,JECEjVF,JECEjVF,rzAsKLM,rzAsKLM,GO,XqU,JECEjVF,XqU,mWtPMItCs
GO,ClbggDF,JECEjVF,JECEjVF,rzAsKLM,rzAsKLM,GO,XqU,JECEjVF,XqU,mWtPMItCs
JECEjVF
JECEjVF
GO,ClbggDF,JECEjVF,JECEjVF,rzAsKLM,GO,XqU,JECEjVF,XqU,mWtPMItCs,XqU
GO,JECEjVF,XqU,JECEjVF,rzAsKLM,GO,JECEjVF,mWtPMItCs,XqU,ClbggDF
GO,JECEjVF,XqU,JECEjVF,rzAsKLM,GO,JECEjVF,mWtPMItCs,XqU,ClbggDF
GO,JECEjVF,XqU,JECEjVF,rzAsKLM,GO,JECEjVF,mWtPMItCs,XqU,ClbggDF
JECEjVF
GO,JECEjVF,XqU,JECEjVF,rzAsKLM,GO,JECEjVF,XqU,ClbggDF,rzAsKLM,XqU,mWtPMItCs
GO,ClbggDF,JECEjVF,JECEjVF,rzAsKLM,rzAsKLM,GO,XqU,JECEjVF,XqU
GO,ClbggDF,JECEjVF,JECEjVF,rzAsKLM,rzAsKLM,GO,XqU,JECEjVF,XqU
JECEjVF
rzAsKLM
GO,ClbggDF,JECEjVF,JECEjVF,rzAsKLM,rzAsKLM,GO,XqU,JECEjVF,XqU
JECEjVF
ClbggDF,JECEjVF,rzAsKLM,rzAsKLM,GO,XqU,JECEjVF,XqU
ClbggDF,JECEjVF,rzAsKLM,rzAsKLM,GO,XqU,JECEjVF,XqU
JECEjVF
rzAsKLM
ClbggDF,JECEjVF,rzAsKLM,rzAsKLM,JECEjVF,XqU
rzAsKLM
rzAsKLM
ClbggDF,JECEjVF,rzAsKLM,rzAsKLM,XqU,JECEjVF,XqU,GO,GO
rzAsKLM
ClbggDF,JECEjVF,rzAsKLM,XqU,JECEjVF,XqU,GO,GO
ClbggDF,JECEjVF,rzAsKLM,XqU,JECEjVF,XqU,GO,GO
XqU
ClbggDF,JECEjVF,rzAsKLM,XqU,JECEjVF,XqU,GO,GO
ClbggDF,JECEjVF,XqU,rzAsKLM,JECEjVF,XqU,GO,GO
XqU
XqU
ClbggDF,JECEjVF,rzAsKLM,XqU,JECEjVF,XqU,GO,GO,NxAwpGy
rzAsKLM
rzAsKLM
ClbggDF,JECEjVF,XqU,rzAsKLM,JECEjVF,XqU,GO,GO,NxAwpGy
ClbggDF
JECEjVF,rzAsKLM,ClbggDF,XqU,JECEjVF,XqU,GO,GO,NxAwpGy,GO,NxAwpGy
JECEjVF,rzAsKLM,ClbggDF,XqU,JECEjVF,XqU,GO,GO,NxAwpGy,GO,NxAwpGy
JECEjVF,rzAsKLM,ClbggDF,XqU,JECEjVF,XqU,GO,GO,NxAwpGy,GO,NxAwpGy
JECEjVF,rzAsKLM,ClbggDF,XqU,JECEjVF,XqU,GO,GO,NxAwpGy,GO
JECEjVF,rzAsKLM,ClbggDF,XqU,JECEjVF,XqU,GO,NxAwpGy,GO
XqU
XqU
JECEjVF,rzAsKLM,ClbggDF,XqU,JECEjVF,XqU,GO,NxAwpGy,GO
XqU
XqU
XqU
ClbggDF,XqU,JECEjVF,XqU,GO,GO,NxAwpGy,ClbggDF
ClbggDF,XqU,JECEjVF,XqU,GO,GO,NxAwpGy,ClbggDF
ClbggDF,XqU,JECEjVF,XqU,GO,GO,NxAwpGy,ClbggDF,NxAwpGy
ClbggDF,XqU,JECEjVF,XqU,GO,GO,NxAwpGy,ClbggDF,NxAwpGy
XqU,JECEjVF,ClbggDF,XqU,GO,GO,NxAwpGy,ClbggDF,NxAwpGy,XqU
ClbggDF
XqU,JECEjVF,ClbggDF,XqU,GO,GO,NxAwpGy,ClbggDF,NxAwpGy,XqU
XqU,JECEjVF,ClbggDF,XqU,GO,GO,ClbggDF,NxAwpGy,XqU
XqU
XqU,JECEjVF,ClbggDF,XqU,GO,GO,ClbggDF,NxAwpGy,XqU
XqU
GO
XqU,JECEjVF,ClbggDF,GO,XqU,GO,ClbggDF,XqU,NxAwpGy,XqU,XqU
GO
XqU
XqU
XqU
XqU,JECEjVF,ClbggDF,NxAwpGy,XqU,GO,ClbggDF,XqU,XqU
XqU
XqU
GO
ClbggDF
ClbggDF
XqU,ClbggDF,NxAwpGy,XqU,GO,ClbggDF,XqU,XqU,GO,NxAwpGy,NxAwpGy
XqU,ClbggDF,NxAwpGy,XqU,GO,ClbggDF,XqU,XqU,GO,NxAwpGy,NxAwpGy
GO
GO
XqU,ClbggDF,NxAwpGy,XqU,GO,ClbggDF,XqU,XqU,GO,NxAwpGy,NxAwpGy
XqU,ClbggDF,NxAwpGy,XqU,GO,ClbggDF,XqU,XqU,GO,NxAwpGy,NxAwpGy
XqU,ClbggDF,NxAwpGy,XqU,GO,ClbggDF,XqU,XqU,GO,NxAwpGy,NxAwpGy
GO
GO
XqU,ClbggDF,NxAwpGy,XqU,GO,ClbggDF,XqU,XqU,GO,NxAwpGy,NxAwpGy
NxAwpGy
NxAwpGy
NxAwpGy
ClbggDF,NxAwpGy,XqU,GO,ClbggDF,XqU,XqU,GO,NxAwpGy,NxAwpGy
ClbggDF
ClbggDF,NxAwpGy,XqU,GO,ClbggDF,XqU,XqU,GO,NxAwpGy,NxAwpGy
ClbggDF,NxAwpGy,XqU,GO,ClbggDF,XqU,XqU,GO,NxAwpGy,NxAwpGy
ClbggDF,NxAwpGy,XqU,GO,ClbggDF,XqU,XqU,GO,NxAwpGy,NxAwpGy,NxAwpGy
ClbggDF,NxAwpGy,XqU,GO,ClbggDF,XqU,XqU,GO,NxAwpGy,NxAwpGy,NxAwpGy
ClbggDF,NxAwpGy,XqU,GO,ClbggDF,XqU,XqU,GO,NxAwpGy,NxAwpGy,NxAwpGy
ClbggDF
NxAwpGy
NxAwpGy,XqU,ClbggDF,XqU,XqU,GO,NxAwpGy,NxAwpGy,mWtPMItCs
ClbggDF,XqU,GO,ClbggDF,XqU,XqU,GO,NxAwpGy,NxAwpGy
XqU,ClbggDF,GO,ClbggDF,XqU,XqU,GO,NxAwpGy,NxAwpGy,NxAwpGy,YEpD
XqU,ClbggDF,GO,ClbggDF,XqU,XqU,GO,NxAwpGy,NxAwpGy,NxAwpGy,YEpD
XqU,ClbggDF,GO,ClbggDF,XqU,XqU,GO,NxAwpGy,NxAwpGy,NxAwpGy,YEpD
ClbggDF,NxAwpGy,XqU,GO,ClbggDF,XqU,XqU,GO,NxAwpGy,NxAwpGy
ClbggDF,NxAwpGy,XqU,GO,ClbggDF,XqU,XqU,GO,NxAwpGy,NxAwpGy
ClbggDF,NxAwpGy,XqU,GO,ClbggDF,XqU,XqU,GO,NxAwpGy,NxAwpGy
NxAwpGy
NxAwpGy
ClbggDF,NxAwpGy,XqU,ClbggDF,XqU,XqU,NxAwpGy,NxAwpGy
ClbggDF
ClbggDF,NxAwpGy,XqU,ClbggDF,XqU,XqU,NxAwpGy,NxAwpGy
ClbggDF,NxAwpGy,XqU,ClbggDF,XqU,XqU,NxAwpGy,NxAwpGy
ClbggDF
Jedi Wagner, assuma o comando!