Toque! Toque, Dijê!
Toque! Toque, Dijê!
Toque! Toque, Dijê!
m
m
m
Toque! Toque, Dijê!
m
m
[vazia]
Toque! Toque, Dijê!
Toque! Toque, Dijê!
[vazia]
iNRq
iNRq,YQlGqU,mYAHTKri
iNRq
YQlGqU
mYAHTKri
mYAHTKri
mYAHTKri
YQlGqU,mYAHTKri,iNRq,mYAHTKri,OhdoviTw
mYAHTKri
YQlGqU,mYAHTKri,mYAHTKri,OhdoviTw,IK
mYAHTKri
mYAHTKri,mYAHTKri,IK,OhdoviTw,WndSlFj
mYAHTKri,mYAHTKri,IK,OhdoviTw,WndSlFj,m
mYAHTKri
mYAHTKri
mYAHTKri,mYAHTKri,WndSlFj,IK,OhdoviTw,IK
mYAHTKri,mYAHTKri,WndSlFj,IK,OhdoviTw,IK
mYAHTKri
mYAHTKri,IK,mYAHTKri,WndSlFj,IK
mYAHTKri,mYAHTKri,IK,OhdoviTw,WndSlFj
IK
mYAHTKri
mYAHTKri
mYAHTKri,mYAHTKri,IK,OhdoviTw,WndSlFj
mYAHTKri
m
mYAHTKri
mYAHTKri,mYAHTKri,OhdoviTw,m,mYAHTKri,iNRq,OhdoviTw
mYAHTKri,mYAHTKri,OhdoviTw,m,mYAHTKri,iNRq,OhdoviTw
mYAHTKri,OhdoviTw,mYAHTKri,iNRq,OhdoviTw,mYAHTKri
mYAHTKri
WndSlFj
OhdoviTw,mYAHTKri,iNRq,OhdoviTw,mYAHTKri,WndSlFj
OhdoviTw,mYAHTKri,iNRq,OhdoviTw,mYAHTKri,WndSlFj
mYAHTKri,iNRq,mYAHTKri,WndSlFj,OhdoviTw
OhdoviTw
iNRq,OhdoviTw,mYAHTKri,WndSlFj,IK,mYAHTKri,WndSlFj,m
mYAHTKri
OhdoviTw,mYAHTKri,WndSlFj,IK,mYAHTKri
mYAHTKri
mYAHTKri
OhdoviTw
mYAHTKri,OhdoviTw,WndSlFj,mYAHTKri,mYAHTKri
OhdoviTw
mYAHTKri,OhdoviTw,WndSlFj,mYAHTKri,mYAHTKri
WndSlFj
OhdoviTw,mYAHTKri,WndSlFj,mYAHTKri,mYAHTKri,WndSlFj
mYAHTKri
OhdoviTw,mYAHTKri,WndSlFj,mYAHTKri,mYAHTKri,WndSlFj,mYAHTKri
mYAHTKri
mYAHTKri
OhdoviTw,mYAHTKri,WndSlFj,mYAHTKri,mYAHTKri,WndSlFj,mYAHTKri
mYAHTKri
mYAHTKri
OhdoviTw,mYAHTKri,WndSlFj,mYAHTKri,mYAHTKri,WndSlFj,mYAHTKri
mYAHTKri
mYAHTKri
mYAHTKri
OhdoviTw,mYAHTKri,WndSlFj,mYAHTKri,mYAHTKri,WndSlFj,mYAHTKri,OhdoviTw,m
OhdoviTw,mYAHTKri,WndSlFj,mYAHTKri,mYAHTKri,WndSlFj,mYAHTKri,OhdoviTw,m
WndSlFj
mYAHTKri
mYAHTKri
OhdoviTw,mYAHTKri,WndSlFj,mYAHTKri,mYAHTKri,WndSlFj,mYAHTKri
OhdoviTw,mYAHTKri,WndSlFj,mYAHTKri,mYAHTKri,IK,WndSlFj,mYAHTKri
IK
OhdoviTw,mYAHTKri,WndSlFj,mYAHTKri,mYAHTKri,IK,WndSlFj,mYAHTKri,OhdoviTw,WndSlFj
mYAHTKri,WndSlFj,mYAHTKri,mYAHTKri,IK,OhdoviTw,WndSlFj,mYAHTKri,OhdoviTw,WndSlFj
mYAHTKri,WndSlFj,mYAHTKri,mYAHTKri,IK,OhdoviTw,WndSlFj,mYAHTKri,OhdoviTw,WndSlFj
OhdoviTw
OhdoviTw
mYAHTKri,mYAHTKri,mYAHTKri,OhdoviTw,IK,WndSlFj,iNRq,mYAHTKri,OhdoviTw,WndSlFj,mYAHTKri,OhdoviTw
mYAHTKri,mYAHTKri,mYAHTKri,OhdoviTw,IK,WndSlFj,iNRq,mYAHTKri,OhdoviTw,WndSlFj,mYAHTKri,OhdoviTw
WndSlFj
WndSlFj
WndSlFj
mYAHTKri,mYAHTKri,iNRq,IK,WndSlFj,mYAHTKri,OhdoviTw,WndSlFj,mYAHTKri,OhdoviTw,mYAHTKri
mYAHTKri,mYAHTKri,iNRq,WndSlFj,mYAHTKri,OhdoviTw,WndSlFj,mYAHTKri,OhdoviTw,mYAHTKri
mYAHTKri,mYAHTKri,WndSlFj,mYAHTKri,OhdoviTw,WndSlFj,mYAHTKri,OhdoviTw,mYAHTKri,iNRq
WndSlFj
mYAHTKri,mYAHTKri,WndSlFj,mYAHTKri,OhdoviTw,WndSlFj,mYAHTKri,OhdoviTw,mYAHTKri,iNRq,mYAHTKri
WndSlFj
mYAHTKri,mYAHTKri,WndSlFj,mYAHTKri,OhdoviTw,WndSlFj,mYAHTKri,OhdoviTw,mYAHTKri,iNRq,mYAHTKri
mYAHTKri,mYAHTKri,WndSlFj,mYAHTKri,OhdoviTw,WndSlFj,mYAHTKri,OhdoviTw,mYAHTKri,iNRq,mYAHTKri,OhdoviTw,m
mYAHTKri,mYAHTKri,WndSlFj,mYAHTKri,OhdoviTw,WndSlFj,mYAHTKri,OhdoviTw,mYAHTKri,iNRq,mYAHTKri,OhdoviTw,m
mYAHTKri,mYAHTKri,WndSlFj,mYAHTKri,OhdoviTw,WndSlFj,mYAHTKri,OhdoviTw,mYAHTKri,iNRq,mYAHTKri,OhdoviTw,m
mYAHTKri,mYAHTKri,WndSlFj,mYAHTKri,OhdoviTw,WndSlFj,iNRq,mYAHTKri,OhdoviTw,mYAHTKri,mYAHTKri,OhdoviTw,m
mYAHTKri,mYAHTKri,WndSlFj,mYAHTKri,OhdoviTw,WndSlFj,iNRq,mYAHTKri,OhdoviTw,mYAHTKri,mYAHTKri,OhdoviTw,m
mYAHTKri,mYAHTKri,WndSlFj,mYAHTKri,OhdoviTw,WndSlFj,iNRq,mYAHTKri,OhdoviTw,mYAHTKri,mYAHTKri,OhdoviTw,m
mYAHTKri,mYAHTKri,WndSlFj,mYAHTKri,OhdoviTw,WndSlFj,iNRq,mYAHTKri,OhdoviTw,mYAHTKri,mYAHTKri,OhdoviTw,m,m
mYAHTKri,mYAHTKri,WndSlFj,mYAHTKri,OhdoviTw,WndSlFj,iNRq,mYAHTKri,OhdoviTw,mYAHTKri,mYAHTKri,OhdoviTw,m,m
mYAHTKri,mYAHTKri,WndSlFj,mYAHTKri,OhdoviTw,WndSlFj,iNRq,mYAHTKri,OhdoviTw,mYAHTKri,mYAHTKri,OhdoviTw,m,m
mYAHTKri,mYAHTKri,WndSlFj,mYAHTKri,WndSlFj,iNRq,mYAHTKri,OhdoviTw,OhdoviTw,mYAHTKri,mYAHTKri,OhdoviTw,m,m,iNRq,OhdoviTw
mYAHTKri,WndSlFj,mYAHTKri,WndSlFj,iNRq,mYAHTKri,OhdoviTw,mYAHTKri,OhdoviTw,mYAHTKri,mYAHTKri,OhdoviTw,m,m,iNRq,OhdoviTw
mYAHTKri,WndSlFj,mYAHTKri,WndSlFj,iNRq,mYAHTKri,OhdoviTw,mYAHTKri,OhdoviTw,mYAHTKri,mYAHTKri,OhdoviTw,m,m,iNRq,OhdoviTw,YQlGqU
mYAHTKri
mYAHTKri,WndSlFj,mYAHTKri,WndSlFj,iNRq,mYAHTKri,OhdoviTw,mYAHTKri,OhdoviTw,mYAHTKri,mYAHTKri,OhdoviTw,m,m,iNRq,OhdoviTw,YQlGqU
mYAHTKri
mYAHTKri,WndSlFj,mYAHTKri,WndSlFj,iNRq,mYAHTKri,OhdoviTw,mYAHTKri,OhdoviTw,mYAHTKri,mYAHTKri,OhdoviTw,m,m,iNRq,OhdoviTw,YQlGqU
mYAHTKri
mYAHTKri
mYAHTKri,mYAHTKri,WndSlFj,mYAHTKri,OhdoviTw,WndSlFj,iNRq,mYAHTKri,OhdoviTw,mYAHTKri,mYAHTKri,OhdoviTw,m,m
OhdoviTw
mYAHTKri,mYAHTKri,WndSlFj,mYAHTKri,OhdoviTw,WndSlFj,iNRq,mYAHTKri,OhdoviTw,mYAHTKri,mYAHTKri,OhdoviTw,m,m,YQlGqU,WndSlFj
OhdoviTw
mYAHTKri
mYAHTKri
mYAHTKri,mYAHTKri,WndSlFj,mYAHTKri,OhdoviTw,WndSlFj,iNRq,mYAHTKri,OhdoviTw,mYAHTKri,mYAHTKri,OhdoviTw,m,m,YQlGqU,WndSlFj,mYAHTKri,WndSlFj
mYAHTKri,mYAHTKri,WndSlFj,mYAHTKri,OhdoviTw,WndSlFj,iNRq,mYAHTKri,OhdoviTw,mYAHTKri,mYAHTKri,OhdoviTw,m,m,YQlGqU,WndSlFj,mYAHTKri,WndSlFj,YQlGqU
mYAHTKri,mYAHTKri,WndSlFj,mYAHTKri,OhdoviTw,WndSlFj,iNRq,mYAHTKri,OhdoviTw,mYAHTKri,mYAHTKri,OhdoviTw,m,m,YQlGqU,WndSlFj,mYAHTKri,WndSlFj,YQlGqU
mYAHTKri,mYAHTKri,WndSlFj,mYAHTKri,OhdoviTw,WndSlFj,iNRq,mYAHTKri,OhdoviTw,mYAHTKri,mYAHTKri,OhdoviTw,m,m,YQlGqU,WndSlFj,mYAHTKri,WndSlFj,YQlGqU
mYAHTKri
mYAHTKri,mYAHTKri,WndSlFj,mYAHTKri,OhdoviTw,WndSlFj,iNRq,mYAHTKri,OhdoviTw,mYAHTKri,mYAHTKri,OhdoviTw,m,m,YQlGqU,WndSlFj,mYAHTKri,WndSlFj,YQlGqU
m
m
m
m
m
mYAHTKri,mYAHTKri,WndSlFj,mYAHTKri,WndSlFj,iNRq,mYAHTKri,mYAHTKri,mYAHTKri,m,m,WndSlFj,mYAHTKri,WndSlFj,iNRq,mYAHTKri,IK
mYAHTKri,mYAHTKri,WndSlFj,mYAHTKri,WndSlFj,iNRq,mYAHTKri,mYAHTKri,mYAHTKri,m,m,WndSlFj,mYAHTKri,WndSlFj,iNRq,mYAHTKri,IK
mYAHTKri,mYAHTKri,WndSlFj,iNRq,mYAHTKri,mYAHTKri,mYAHTKri,m,m,WndSlFj,mYAHTKri,WndSlFj,iNRq,mYAHTKri,IK,IK,IK
mYAHTKri
WndSlFj
mYAHTKri,mYAHTKri,mYAHTKri,mYAHTKri,mYAHTKri,m,m,WndSlFj,mYAHTKri,WndSlFj,iNRq,mYAHTKri,IK,IK,IK,WndSlFj
mYAHTKri,mYAHTKri,mYAHTKri,mYAHTKri,mYAHTKri,m,WndSlFj,mYAHTKri,WndSlFj,m,iNRq,mYAHTKri,IK,IK,IK,WndSlFj
mYAHTKri,mYAHTKri,mYAHTKri,mYAHTKri,mYAHTKri,m,WndSlFj,mYAHTKri,WndSlFj,m,iNRq,mYAHTKri,IK,IK,IK,WndSlFj
m
m
m
IK
IK
mYAHTKri,mYAHTKri,mYAHTKri,mYAHTKri,mYAHTKri,WndSlFj,m,mYAHTKri,IK,IK,IK,WndSlFj,IK,YQlGqU,IK
mYAHTKri,mYAHTKri,mYAHTKri,mYAHTKri,m,mYAHTKri,WndSlFj,m,mYAHTKri,IK,IK,IK,WndSlFj,IK
IK
mYAHTKri,mYAHTKri,mYAHTKri,mYAHTKri,m,mYAHTKri,WndSlFj,m,mYAHTKri,IK,IK,IK,WndSlFj,IK,WndSlFj
IK
mYAHTKri,mYAHTKri,mYAHTKri,mYAHTKri,m,mYAHTKri,WndSlFj,m,mYAHTKri,IK,IK,IK,WndSlFj,IK,WndSlFj
mYAHTKri,mYAHTKri,mYAHTKri,mYAHTKri,m,mYAHTKri,WndSlFj,m,mYAHTKri,IK,IK,IK,WndSlFj,IK,WndSlFj
IK
IK
mYAHTKri,mYAHTKri,mYAHTKri,mYAHTKri,mYAHTKri,WndSlFj,m,mYAHTKri,IK,IK,IK,WndSlFj,IK
mYAHTKri,mYAHTKri,mYAHTKri,mYAHTKri,mYAHTKri,WndSlFj,m,mYAHTKri,IK,IK,IK,WndSlFj,IK
IK
IK
mYAHTKri,mYAHTKri,mYAHTKri,mYAHTKri,mYAHTKri,WndSlFj,m,mYAHTKri,IK,IK,IK,WndSlFj,IK,YQlGqU
mYAHTKri,mYAHTKri,mYAHTKri,mYAHTKri,mYAHTKri,WndSlFj,m,mYAHTKri,IK,IK,IK,WndSlFj,IK,YQlGqU,mYAHTKri
IK
IK
IK
mYAHTKri,mYAHTKri,mYAHTKri,mYAHTKri,mYAHTKri,WndSlFj,m,mYAHTKri,IK,IK,WndSlFj,IK,YQlGqU,WndSlFj,YQlGqU
WndSlFj
mYAHTKri,mYAHTKri,mYAHTKri,mYAHTKri,mYAHTKri,m,mYAHTKri,IK,IK,WndSlFj,IK,YQlGqU,WndSlFj,YQlGqU
WndSlFj
mYAHTKri,mYAHTKri,mYAHTKri,mYAHTKri,mYAHTKri,mYAHTKri,IK,WndSlFj,m,IK,YQlGqU,WndSlFj,YQlGqU
m
mYAHTKri,mYAHTKri,mYAHTKri,mYAHTKri,mYAHTKri,IK,WndSlFj,m,mYAHTKri,IK,YQlGqU,WndSlFj,YQlGqU
m
m
mYAHTKri
m
mYAHTKri,mYAHTKri,mYAHTKri,mYAHTKri,IK,WndSlFj,m,mYAHTKri,mYAHTKri,IK,YQlGqU,WndSlFj,YQlGqU,WndSlFj
mYAHTKri,mYAHTKri,mYAHTKri,IK,WndSlFj,OhdoviTw,m,mYAHTKri,mYAHTKri,IK,YQlGqU,WndSlFj,YQlGqU,WndSlFj
OhdoviTw
OhdoviTw
mYAHTKri,mYAHTKri,mYAHTKri,mYAHTKri,mYAHTKri,mYAHTKri,IK,WndSlFj,m,IK,YQlGqU,WndSlFj,YQlGqU
m
mYAHTKri,mYAHTKri,mYAHTKri,mYAHTKri,mYAHTKri,mYAHTKri,WndSlFj,m,IK,IK,YQlGqU,WndSlFj,YQlGqU,iNRq,OhdoviTw
m
IK
WndSlFj
mYAHTKri,mYAHTKri,mYAHTKri,mYAHTKri,mYAHTKri,mYAHTKri,WndSlFj,YQlGqU,WndSlFj,IK,YQlGqU,iNRq
WndSlFj
WndSlFj
WndSlFj
WndSlFj
WndSlFj
IK
mYAHTKri,mYAHTKri,mYAHTKri,mYAHTKri,mYAHTKri,mYAHTKri,WndSlFj,YQlGqU,WndSlFj,IK,YQlGqU,iNRq,mYAHTKri
mYAHTKri,mYAHTKri,mYAHTKri,mYAHTKri,mYAHTKri,WndSlFj,IK,YQlGqU,WndSlFj,YQlGqU,iNRq,mYAHTKri
mYAHTKri,mYAHTKri,mYAHTKri,mYAHTKri,mYAHTKri,WndSlFj,IK,YQlGqU,WndSlFj,YQlGqU,iNRq,mYAHTKri,OhdoviTw
mYAHTKri
mYAHTKri
mYAHTKri,mYAHTKri,mYAHTKri,mYAHTKri,IK,YQlGqU,WndSlFj,YQlGqU,iNRq,mYAHTKri,mYAHTKri,WndSlFj,OhdoviTw,OhdoviTw
mYAHTKri,mYAHTKri,mYAHTKri,mYAHTKri,IK,YQlGqU,WndSlFj,YQlGqU,iNRq,mYAHTKri,mYAHTKri,WndSlFj,OhdoviTw,OhdoviTw
mYAHTKri,mYAHTKri,mYAHTKri,mYAHTKri,WndSlFj,IK,YQlGqU,WndSlFj,YQlGqU,iNRq,mYAHTKri,mYAHTKri,OhdoviTw,OhdoviTw
mYAHTKri,mYAHTKri,mYAHTKri,WndSlFj,YQlGqU,WndSlFj,YQlGqU,iNRq,mYAHTKri,mYAHTKri,mYAHTKri,OhdoviTw,OhdoviTw
mYAHTKri,mYAHTKri,mYAHTKri,WndSlFj,YQlGqU,WndSlFj,YQlGqU,iNRq,mYAHTKri,mYAHTKri,mYAHTKri,OhdoviTw,OhdoviTw
Jedi Wagner, assuma o comando!