[vazia]
[vazia]
[vazia]
[vazia]
omgiVk
omgiVk
omgiVk
omgiVk
Toque! Toque, Dijê!
[vazia]
[vazia]
[vazia]
Toque! Toque, Dijê!
[vazia]
Toque! Toque, Dijê!
Toque! Toque, Dijê!
Toque! Toque, Dijê!
Toque! Toque, Dijê!
Toque! Toque, Dijê!
Toque! Toque, Dijê!
[vazia]
Toque! Toque, Dijê!
Toque! Toque, Dijê!
[vazia]
Toque! Toque, Dijê!
Toque! Toque, Dijê!
[vazia]
[vazia]
[vazia]
[vazia]
[vazia]
[vazia]
qkZFrBytE
qkZFrBytE
qkZFrBytE
qkZFrBytE
qkZFrBytE
qkZFrBytE
qkZFrBytE
qkZFrBytE
qkZFrBytE
qkZFrBytE
qkZFrBytE
qkZFrBytE
qkZFrBytE,qkZFrBytE
qkZFrBytE
qkZFrBytE,qkZFrBytE
qkZFrBytE
qkZFrBytE,qkZFrBytE
qkZFrBytE
qkZFrBytE,qkZFrBytE
qkZFrBytE,qkZFrBytE,qkZFrBytE,qkZFrBytE
qkZFrBytE
qkZFrBytE
qkZFrBytE
qkZFrBytE,qkZFrBytE,qkZFrBytE,qkZFrBytE,omgiVk
qkZFrBytE
qkZFrBytE
qkZFrBytE,qkZFrBytE
qkZFrBytE
qkZFrBytE
qkZFrBytE
[vazia]
[vazia]
qkZFrBytE
qkZFrBytE
qkZFrBytE
qkZFrBytE
qkZFrBytE
qkZFrBytE,omgiVk,qkZFrBytE
qkZFrBytE,omgiVk,qkZFrBytE,omgiVk,qkZFrBytE
qkZFrBytE,omgiVk,qkZFrBytE,omgiVk,qkZFrBytE
qkZFrBytE
omgiVk,qkZFrBytE,qkZFrBytE,omgiVk,qkZFrBytE,qkZFrBytE,omgiVk
omgiVk,qkZFrBytE,qkZFrBytE,omgiVk,qkZFrBytE,qkZFrBytE,omgiVk
omgiVk,qkZFrBytE,qkZFrBytE,omgiVk,qkZFrBytE,qkZFrBytE,omgiVk
omgiVk,qkZFrBytE,qkZFrBytE,omgiVk,qkZFrBytE,qkZFrBytE,omgiVk
omgiVk
omgiVk
omgiVk
omgiVk
omgiVk
qkZFrBytE,omgiVk,omgiVk,qkZFrBytE,qkZFrBytE,omgiVk,omgiVk,qkZFrBytE
qkZFrBytE,omgiVk,omgiVk,qkZFrBytE,qkZFrBytE,omgiVk,omgiVk,qkZFrBytE
omgiVk
omgiVk
omgiVk
qkZFrBytE
qkZFrBytE
omgiVk,omgiVk,qkZFrBytE,qkZFrBytE,qkZFrBytE,omgiVk,omgiVk,qkZFrBytE
omgiVk,omgiVk,qkZFrBytE,qkZFrBytE,qkZFrBytE,omgiVk,omgiVk,qkZFrBytE
omgiVk,omgiVk,qkZFrBytE,qkZFrBytE,qkZFrBytE,omgiVk,omgiVk,qkZFrBytE
qkZFrBytE
qkZFrBytE
qkZFrBytE
qkZFrBytE
qkZFrBytE,qkZFrBytE,qkZFrBytE,omgiVk,qkZFrBytE,omgiVk,qkZFrBytE
qkZFrBytE,qkZFrBytE,qkZFrBytE,omgiVk,qkZFrBytE,omgiVk,qkZFrBytE,qkZFrBytE
qkZFrBytE,qkZFrBytE,qkZFrBytE,omgiVk,qkZFrBytE,omgiVk,qkZFrBytE,qkZFrBytE
qkZFrBytE
qkZFrBytE,qkZFrBytE,qkZFrBytE,omgiVk,qkZFrBytE,omgiVk,qkZFrBytE,qkZFrBytE
qkZFrBytE,qkZFrBytE,qkZFrBytE,omgiVk,qkZFrBytE,omgiVk,qkZFrBytE,qkZFrBytE
qkZFrBytE,qkZFrBytE,qkZFrBytE,omgiVk,qkZFrBytE,omgiVk,qkZFrBytE,qkZFrBytE
qkZFrBytE
qkZFrBytE
qkZFrBytE,qkZFrBytE,qkZFrBytE,omgiVk,qkZFrBytE,qkZFrBytE,qkZFrBytE,qkZFrBytE,omgiVk
qkZFrBytE
qkZFrBytE,qkZFrBytE,omgiVk,qkZFrBytE,qkZFrBytE,qkZFrBytE,qkZFrBytE,qkZFrBytE,qkZFrBytE
qkZFrBytE,qkZFrBytE,qkZFrBytE,qkZFrBytE,qkZFrBytE,qkZFrBytE,qkZFrBytE,qkZFrBytE
qkZFrBytE
qkZFrBytE,qkZFrBytE,omgiVk,qkZFrBytE,qkZFrBytE,qkZFrBytE,qkZFrBytE,omgiVk
qkZFrBytE,omgiVk,qkZFrBytE,qkZFrBytE,qkZFrBytE,qkZFrBytE,qkZFrBytE,omgiVk,qkZFrBytE
qkZFrBytE,omgiVk,qkZFrBytE,qkZFrBytE,qkZFrBytE,qkZFrBytE,qkZFrBytE,omgiVk,qkZFrBytE
qkZFrBytE,omgiVk,qkZFrBytE,qkZFrBytE,qkZFrBytE,qkZFrBytE,qkZFrBytE,omgiVk,qkZFrBytE
omgiVk
omgiVk
omgiVk
qkZFrBytE
qkZFrBytE,qkZFrBytE,qkZFrBytE,omgiVk,qkZFrBytE,qkZFrBytE,qkZFrBytE,qkZFrBytE,omgiVk
qkZFrBytE,omgiVk,qkZFrBytE,qkZFrBytE,qkZFrBytE,qkZFrBytE,omgiVk
qkZFrBytE,qkZFrBytE,qkZFrBytE,qkZFrBytE,qkZFrBytE,qkZFrBytE,qkZFrBytE,omgiVk
qkZFrBytE
qkZFrBytE
qkZFrBytE,omgiVk,qkZFrBytE,qkZFrBytE,qkZFrBytE,qkZFrBytE,qkZFrBytE,qkZFrBytE,omgiVk,qkZFrBytE
omgiVk
omgiVk,qkZFrBytE,qkZFrBytE,qkZFrBytE,qkZFrBytE,qkZFrBytE,qkZFrBytE,qkZFrBytE,omgiVk,qkZFrBytE
qkZFrBytE,qkZFrBytE,qkZFrBytE,qkZFrBytE,qkZFrBytE,qkZFrBytE,omgiVk,qkZFrBytE
qkZFrBytE
qkZFrBytE,omgiVk,qkZFrBytE,qkZFrBytE,qkZFrBytE,qkZFrBytE,qkZFrBytE,qkZFrBytE,omgiVk,qkZFrBytE
qkZFrBytE,omgiVk,qkZFrBytE,qkZFrBytE,qkZFrBytE,qkZFrBytE,qkZFrBytE,qkZFrBytE,omgiVk,qkZFrBytE
qkZFrBytE,omgiVk,qkZFrBytE,qkZFrBytE,qkZFrBytE,qkZFrBytE,qkZFrBytE,qkZFrBytE,omgiVk,qkZFrBytE
qkZFrBytE
omgiVk
qkZFrBytE,omgiVk,qkZFrBytE,qkZFrBytE,qkZFrBytE,qkZFrBytE,qkZFrBytE,qkZFrBytE,qkZFrBytE,qkZFrBytE,omgiVk
qkZFrBytE,qkZFrBytE,qkZFrBytE,qkZFrBytE,qkZFrBytE,qkZFrBytE,qkZFrBytE,omgiVk,qkZFrBytE,qkZFrBytE,qkZFrBytE,omgiVk
qkZFrBytE
qkZFrBytE
qkZFrBytE
qkZFrBytE
qkZFrBytE,qkZFrBytE,qkZFrBytE,qkZFrBytE,qkZFrBytE,qkZFrBytE,qkZFrBytE,qkZFrBytE,qkZFrBytE,omgiVk,qkZFrBytE
qkZFrBytE
qkZFrBytE
qkZFrBytE
qkZFrBytE,omgiVk,qkZFrBytE,qkZFrBytE,qkZFrBytE,qkZFrBytE,qkZFrBytE,qkZFrBytE,qkZFrBytE,qkZFrBytE
omgiVk
qkZFrBytE,omgiVk,qkZFrBytE,qkZFrBytE,qkZFrBytE,qkZFrBytE,qkZFrBytE,qkZFrBytE,qkZFrBytE,qkZFrBytE
omgiVk,qkZFrBytE,qkZFrBytE,qkZFrBytE,qkZFrBytE,qkZFrBytE,qkZFrBytE,qkZFrBytE,qkZFrBytE
qkZFrBytE,qkZFrBytE,qkZFrBytE,qkZFrBytE,qkZFrBytE,qkZFrBytE,omgiVk,qkZFrBytE,qkZFrBytE,qkZFrBytE,omgiVk
qkZFrBytE,qkZFrBytE,qkZFrBytE,qkZFrBytE,qkZFrBytE,qkZFrBytE,omgiVk,qkZFrBytE,qkZFrBytE,qkZFrBytE,omgiVk
qkZFrBytE
qkZFrBytE,qkZFrBytE,omgiVk,qkZFrBytE,qkZFrBytE,qkZFrBytE,qkZFrBytE,qkZFrBytE,qkZFrBytE,qkZFrBytE,omgiVk,omgiVk
qkZFrBytE
qkZFrBytE,omgiVk,qkZFrBytE,qkZFrBytE,qkZFrBytE,qkZFrBytE,qkZFrBytE,qkZFrBytE,qkZFrBytE,qkZFrBytE,omgiVk,omgiVk,omgiVk,omgiVk,qkZFrBytE
qkZFrBytE
qkZFrBytE
omgiVk,qkZFrBytE,qkZFrBytE,qkZFrBytE,qkZFrBytE,qkZFrBytE,qkZFrBytE,qkZFrBytE,qkZFrBytE,qkZFrBytE,omgiVk,omgiVk,omgiVk,omgiVk,qkZFrBytE,qkZFrBytE,omgiVk
qkZFrBytE
qkZFrBytE,qkZFrBytE,qkZFrBytE,qkZFrBytE,qkZFrBytE,qkZFrBytE,qkZFrBytE,qkZFrBytE,qkZFrBytE,omgiVk,omgiVk,omgiVk,omgiVk,qkZFrBytE,qkZFrBytE,omgiVk,qkZFrBytE
qkZFrBytE,qkZFrBytE,qkZFrBytE,qkZFrBytE,qkZFrBytE,qkZFrBytE,qkZFrBytE,qkZFrBytE,qkZFrBytE,omgiVk,omgiVk,omgiVk,qkZFrBytE,qkZFrBytE,omgiVk,qkZFrBytE
qkZFrBytE,qkZFrBytE,qkZFrBytE,qkZFrBytE,qkZFrBytE,qkZFrBytE,qkZFrBytE,qkZFrBytE,qkZFrBytE,omgiVk,omgiVk,omgiVk,qkZFrBytE,qkZFrBytE,omgiVk,qkZFrBytE
qkZFrBytE
qkZFrBytE,qkZFrBytE,qkZFrBytE,qkZFrBytE,qkZFrBytE,qkZFrBytE,qkZFrBytE,qkZFrBytE,omgiVk,omgiVk,qkZFrBytE,qkZFrBytE,omgiVk,qkZFrBytE
qkZFrBytE
qkZFrBytE
qkZFrBytE
qkZFrBytE,qkZFrBytE,qkZFrBytE,qkZFrBytE,qkZFrBytE,qkZFrBytE,qkZFrBytE,qkZFrBytE,omgiVk,omgiVk,qkZFrBytE,qkZFrBytE,omgiVk,qkZFrBytE
qkZFrBytE,qkZFrBytE,qkZFrBytE,qkZFrBytE,qkZFrBytE,qkZFrBytE,qkZFrBytE,qkZFrBytE,omgiVk,omgiVk,qkZFrBytE,qkZFrBytE,omgiVk,qkZFrBytE
qkZFrBytE
qkZFrBytE
omgiVk
qkZFrBytE
qkZFrBytE,qkZFrBytE,qkZFrBytE,qkZFrBytE,qkZFrBytE,qkZFrBytE,qkZFrBytE,omgiVk,qkZFrBytE,qkZFrBytE,omgiVk,qkZFrBytE,omgiVk,qkZFrBytE,qkZFrBytE
qkZFrBytE,qkZFrBytE,qkZFrBytE,qkZFrBytE,qkZFrBytE,qkZFrBytE,qkZFrBytE,omgiVk,qkZFrBytE,qkZFrBytE,omgiVk,qkZFrBytE,omgiVk,qkZFrBytE,qkZFrBytE
qkZFrBytE
qkZFrBytE,qkZFrBytE,qkZFrBytE,qkZFrBytE,qkZFrBytE,qkZFrBytE,qkZFrBytE,omgiVk,qkZFrBytE,qkZFrBytE,omgiVk,qkZFrBytE,omgiVk,qkZFrBytE,qkZFrBytE,omgiVk,omgiVk
qkZFrBytE
qkZFrBytE,qkZFrBytE,qkZFrBytE,qkZFrBytE,qkZFrBytE,qkZFrBytE,qkZFrBytE,omgiVk,qkZFrBytE,qkZFrBytE,omgiVk,qkZFrBytE,omgiVk,qkZFrBytE,qkZFrBytE,omgiVk,omgiVk
qkZFrBytE,qkZFrBytE,qkZFrBytE,qkZFrBytE,qkZFrBytE,qkZFrBytE,qkZFrBytE,omgiVk,qkZFrBytE,qkZFrBytE,omgiVk,qkZFrBytE,omgiVk,qkZFrBytE,qkZFrBytE,omgiVk,omgiVk
qkZFrBytE,qkZFrBytE,qkZFrBytE,qkZFrBytE,qkZFrBytE,qkZFrBytE,qkZFrBytE,omgiVk,qkZFrBytE,qkZFrBytE,omgiVk,qkZFrBytE,omgiVk,qkZFrBytE,qkZFrBytE,omgiVk,omgiVk
qkZFrBytE,qkZFrBytE,qkZFrBytE,qkZFrBytE,qkZFrBytE,qkZFrBytE,qkZFrBytE,omgiVk,qkZFrBytE,qkZFrBytE,omgiVk,qkZFrBytE,omgiVk,qkZFrBytE,qkZFrBytE,omgiVk,omgiVk
qkZFrBytE
qkZFrBytE,qkZFrBytE,qkZFrBytE,qkZFrBytE,qkZFrBytE,qkZFrBytE,omgiVk,qkZFrBytE,qkZFrBytE,qkZFrBytE,omgiVk,qkZFrBytE,omgiVk,qkZFrBytE,qkZFrBytE,omgiVk,omgiVk
qkZFrBytE,qkZFrBytE,qkZFrBytE,qkZFrBytE,qkZFrBytE,omgiVk,qkZFrBytE,qkZFrBytE,qkZFrBytE,omgiVk,qkZFrBytE,omgiVk,qkZFrBytE,qkZFrBytE,omgiVk,omgiVk
omgiVk
omgiVk
qkZFrBytE,qkZFrBytE,qkZFrBytE,qkZFrBytE,qkZFrBytE,omgiVk,qkZFrBytE,qkZFrBytE,qkZFrBytE,omgiVk,qkZFrBytE,omgiVk,qkZFrBytE,qkZFrBytE,omgiVk,omgiVk,omgiVk
qkZFrBytE
qkZFrBytE,qkZFrBytE,qkZFrBytE,qkZFrBytE,qkZFrBytE,qkZFrBytE,qkZFrBytE,omgiVk,qkZFrBytE,qkZFrBytE,omgiVk,qkZFrBytE,omgiVk,qkZFrBytE,qkZFrBytE,omgiVk,omgiVk
qkZFrBytE,qkZFrBytE,qkZFrBytE,qkZFrBytE,qkZFrBytE,qkZFrBytE,omgiVk,qkZFrBytE,qkZFrBytE,omgiVk,qkZFrBytE,omgiVk,qkZFrBytE,qkZFrBytE,omgiVk,omgiVk
qkZFrBytE,qkZFrBytE,qkZFrBytE,qkZFrBytE,qkZFrBytE,qkZFrBytE,omgiVk,qkZFrBytE,qkZFrBytE,qkZFrBytE,omgiVk,qkZFrBytE,omgiVk,qkZFrBytE,qkZFrBytE,omgiVk,omgiVk
qkZFrBytE,qkZFrBytE,qkZFrBytE,qkZFrBytE,qkZFrBytE,qkZFrBytE,omgiVk,qkZFrBytE,qkZFrBytE,qkZFrBytE,omgiVk,qkZFrBytE,omgiVk,qkZFrBytE,qkZFrBytE,omgiVk,omgiVk,omgiVk
qkZFrBytE
omgiVk
qkZFrBytE
qkZFrBytE
omgiVk
qkZFrBytE
qkZFrBytE
qkZFrBytE
qkZFrBytE
qkZFrBytE,qkZFrBytE,qkZFrBytE,qkZFrBytE,omgiVk,qkZFrBytE,qkZFrBytE,qkZFrBytE,qkZFrBytE,qkZFrBytE,omgiVk,qkZFrBytE,qkZFrBytE,omgiVk,omgiVk,omgiVk,omgiVk,qkZFrBytE,omgiVk
qkZFrBytE,qkZFrBytE,qkZFrBytE,qkZFrBytE,omgiVk,qkZFrBytE,qkZFrBytE,qkZFrBytE,qkZFrBytE,qkZFrBytE,omgiVk,qkZFrBytE,qkZFrBytE,omgiVk,omgiVk,omgiVk,omgiVk,qkZFrBytE,omgiVk
qkZFrBytE,qkZFrBytE,qkZFrBytE,qkZFrBytE,omgiVk,qkZFrBytE,qkZFrBytE,qkZFrBytE,qkZFrBytE,qkZFrBytE,omgiVk,qkZFrBytE,qkZFrBytE,omgiVk,omgiVk,omgiVk,omgiVk,qkZFrBytE,omgiVk
qkZFrBytE,qkZFrBytE,qkZFrBytE,qkZFrBytE,omgiVk,qkZFrBytE,qkZFrBytE,qkZFrBytE,qkZFrBytE,qkZFrBytE,omgiVk,qkZFrBytE,qkZFrBytE,omgiVk,omgiVk,omgiVk,omgiVk,qkZFrBytE,omgiVk,omgiVk
qkZFrBytE,qkZFrBytE,qkZFrBytE,qkZFrBytE,omgiVk,qkZFrBytE,qkZFrBytE,qkZFrBytE,qkZFrBytE,qkZFrBytE,omgiVk,qkZFrBytE,qkZFrBytE,omgiVk,omgiVk,omgiVk,omgiVk,qkZFrBytE,omgiVk,omgiVk
qkZFrBytE,qkZFrBytE,qkZFrBytE,qkZFrBytE,qkZFrBytE,omgiVk,qkZFrBytE,qkZFrBytE,qkZFrBytE,omgiVk,qkZFrBytE,qkZFrBytE,omgiVk,omgiVk,omgiVk,omgiVk,qkZFrBytE,omgiVk,omgiVk,qkZFrBytE
qkZFrBytE,qkZFrBytE,qkZFrBytE,qkZFrBytE,omgiVk,qkZFrBytE,qkZFrBytE,qkZFrBytE,qkZFrBytE,omgiVk,qkZFrBytE,qkZFrBytE,omgiVk,omgiVk,omgiVk,omgiVk,qkZFrBytE,omgiVk,omgiVk,qkZFrBytE,omgiVk,omgiVk,qkZFrBytE
omgiVk
omgiVk
omgiVk
omgiVk
qkZFrBytE,qkZFrBytE,qkZFrBytE,omgiVk,qkZFrBytE,qkZFrBytE,qkZFrBytE,qkZFrBytE,omgiVk,qkZFrBytE,qkZFrBytE,omgiVk,omgiVk,omgiVk,omgiVk,qkZFrBytE,omgiVk,omgiVk,qkZFrBytE,omgiVk,omgiVk,qkZFrBytE,omgiVk
omgiVk
qkZFrBytE,qkZFrBytE,qkZFrBytE,omgiVk,qkZFrBytE,qkZFrBytE,qkZFrBytE,qkZFrBytE,omgiVk,qkZFrBytE,qkZFrBytE,omgiVk,omgiVk,omgiVk,omgiVk,qkZFrBytE,omgiVk,omgiVk,qkZFrBytE,omgiVk,omgiVk,qkZFrBytE,omgiVk,omgiVk,qkZFrBytE
qkZFrBytE,qkZFrBytE,qkZFrBytE,qkZFrBytE,qkZFrBytE,omgiVk,qkZFrBytE,qkZFrBytE,qkZFrBytE,qkZFrBytE,omgiVk,qkZFrBytE,qkZFrBytE,omgiVk,omgiVk,omgiVk,omgiVk,qkZFrBytE
qkZFrBytE
qkZFrBytE,qkZFrBytE,omgiVk,qkZFrBytE,qkZFrBytE,qkZFrBytE,qkZFrBytE,qkZFrBytE,omgiVk,qkZFrBytE,qkZFrBytE,omgiVk,omgiVk,omgiVk,omgiVk,qkZFrBytE,qkZFrBytE,omgiVk,omgiVk,omgiVk,qkZFrBytE,omgiVk,omgiVk
qkZFrBytE,qkZFrBytE,omgiVk,qkZFrBytE,qkZFrBytE,qkZFrBytE,qkZFrBytE,qkZFrBytE,omgiVk,qkZFrBytE,qkZFrBytE,omgiVk,omgiVk,omgiVk,omgiVk,qkZFrBytE,qkZFrBytE,omgiVk,omgiVk,omgiVk,qkZFrBytE,omgiVk,omgiVk,qkZFrBytE,qkZFrBytE,qkZFrBytE
qkZFrBytE,qkZFrBytE,omgiVk,qkZFrBytE,qkZFrBytE,qkZFrBytE,qkZFrBytE,qkZFrBytE,omgiVk,qkZFrBytE,qkZFrBytE,omgiVk,omgiVk,omgiVk,omgiVk,qkZFrBytE,qkZFrBytE,omgiVk,omgiVk,omgiVk,qkZFrBytE,omgiVk,omgiVk,qkZFrBytE,qkZFrBytE,qkZFrBytE
qkZFrBytE
qkZFrBytE,qkZFrBytE,qkZFrBytE,qkZFrBytE,qkZFrBytE,qkZFrBytE,omgiVk,qkZFrBytE,qkZFrBytE,omgiVk,omgiVk,omgiVk,omgiVk,qkZFrBytE,qkZFrBytE,omgiVk,omgiVk,omgiVk,qkZFrBytE,omgiVk,omgiVk,qkZFrBytE
qkZFrBytE
qkZFrBytE,qkZFrBytE,qkZFrBytE,qkZFrBytE,qkZFrBytE,omgiVk,qkZFrBytE,qkZFrBytE,qkZFrBytE,omgiVk,omgiVk,omgiVk,omgiVk,omgiVk,qkZFrBytE,qkZFrBytE,omgiVk,omgiVk,omgiVk,qkZFrBytE,omgiVk,omgiVk,qkZFrBytE,qkZFrBytE
omgiVk
omgiVk
qkZFrBytE,qkZFrBytE,qkZFrBytE,qkZFrBytE,qkZFrBytE,omgiVk,qkZFrBytE,qkZFrBytE,qkZFrBytE,omgiVk,omgiVk,omgiVk,omgiVk,omgiVk,qkZFrBytE,qkZFrBytE,omgiVk,omgiVk,omgiVk,qkZFrBytE,omgiVk,omgiVk,qkZFrBytE,qkZFrBytE
qkZFrBytE,qkZFrBytE,qkZFrBytE,qkZFrBytE,qkZFrBytE,omgiVk,qkZFrBytE,qkZFrBytE,qkZFrBytE,omgiVk,omgiVk,omgiVk,omgiVk,omgiVk,qkZFrBytE,qkZFrBytE,omgiVk,omgiVk,omgiVk,qkZFrBytE,omgiVk,omgiVk,qkZFrBytE,qkZFrBytE
qkZFrBytE,qkZFrBytE,qkZFrBytE,qkZFrBytE,qkZFrBytE,omgiVk,qkZFrBytE,qkZFrBytE,qkZFrBytE,omgiVk,omgiVk,omgiVk,omgiVk,omgiVk,qkZFrBytE,qkZFrBytE,omgiVk,omgiVk,omgiVk,qkZFrBytE,omgiVk,omgiVk,qkZFrBytE,qkZFrBytE
qkZFrBytE,qkZFrBytE,qkZFrBytE,qkZFrBytE,qkZFrBytE,omgiVk,qkZFrBytE,qkZFrBytE,qkZFrBytE,omgiVk,omgiVk,omgiVk,omgiVk,omgiVk,qkZFrBytE,qkZFrBytE,omgiVk,omgiVk,omgiVk,qkZFrBytE,omgiVk,omgiVk,qkZFrBytE,qkZFrBytE
qkZFrBytE,qkZFrBytE,qkZFrBytE,qkZFrBytE,omgiVk,qkZFrBytE,qkZFrBytE,qkZFrBytE,omgiVk,omgiVk,omgiVk,omgiVk,omgiVk,qkZFrBytE,qkZFrBytE,omgiVk,omgiVk,omgiVk,qkZFrBytE,omgiVk,omgiVk,qkZFrBytE,qkZFrBytE
omgiVk
omgiVk
omgiVk
Jedi Wagner, assuma o comando!