dlhCFslBAT
dlhCFslBAT
dlhCFslBAT
dlhCFslBAT
NSpDrPvVJ,BBkw
dlhCFslBAT
dlhCFslBAT,NSpDrPvVJ,BBkw
dlhCFslBAT
dlhCFslBAT,BBkw
[vazia]
[vazia]
dlhCFslBAT
BBkw
BBkw,fAPPOEC
fAPPOEC
Toque! Toque, Dijê!
[vazia]
Toque! Toque, Dijê!
DEONo,BBkw
DEONo,BBkw
Toque! Toque, Dijê!
[vazia]
NSpDrPvVJ
dlhCFslBAT,NSpDrPvVJ,fAPPOEC
dlhCFslBAT,NSpDrPvVJ,fAPPOEC,DEONo
NSpDrPvVJ
NSpDrPvVJ
fAPPOEC
dlhCFslBAT,fAPPOEC,DEONo
fAPPOEC
fAPPOEC
dlhCFslBAT,NSpDrPvVJ,fAPPOEC,DEONo
dlhCFslBAT
DEONo
NSpDrPvVJ,fAPPOEC,dlhCFslBAT,DEONo,NSpDrPvVJ,fAPPOEC,dlhCFslBAT
NSpDrPvVJ,fAPPOEC,dlhCFslBAT,DEONo,NSpDrPvVJ,fAPPOEC,dlhCFslBAT
NSpDrPvVJ,fAPPOEC,dlhCFslBAT,NSpDrPvVJ,DEONo,fAPPOEC,dlhCFslBAT,DEONo
DEONo
DEONo
dlhCFslBAT,NSpDrPvVJ,fAPPOEC,NSpDrPvVJ,dlhCFslBAT
NSpDrPvVJ,fAPPOEC,dlhCFslBAT,NSpDrPvVJ,dlhCFslBAT
NSpDrPvVJ,fAPPOEC,dlhCFslBAT,DEONo,NSpDrPvVJ,fAPPOEC,dlhCFslBAT
NSpDrPvVJ,fAPPOEC,dlhCFslBAT,DEONo,NSpDrPvVJ,fAPPOEC,dlhCFslBAT
fAPPOEC
NSpDrPvVJ,fAPPOEC,dlhCFslBAT,NSpDrPvVJ,fAPPOEC,DEONo,dlhCFslBAT
dlhCFslBAT
dlhCFslBAT
fAPPOEC,fAPPOEC,dlhCFslBAT,NSpDrPvVJ,NSpDrPvVJ,fAPPOEC,NSpDrPvVJ,DEONo,fAPPOEC,dlhCFslBAT
dlhCFslBAT
fAPPOEC,dlhCFslBAT,NSpDrPvVJ,NSpDrPvVJ,fAPPOEC,NSpDrPvVJ,fAPPOEC
dlhCFslBAT
NSpDrPvVJ
NSpDrPvVJ
fAPPOEC,NSpDrPvVJ,fAPPOEC,DEONo,dlhCFslBAT,NSpDrPvVJ
NSpDrPvVJ
fAPPOEC,NSpDrPvVJ,fAPPOEC,DEONo,dlhCFslBAT,NSpDrPvVJ
fAPPOEC,NSpDrPvVJ,fAPPOEC,DEONo,NSpDrPvVJ,DEONo
NSpDrPvVJ
NSpDrPvVJ
fAPPOEC,fAPPOEC,DEONo,dlhCFslBAT,NSpDrPvVJ
NSpDrPvVJ,fAPPOEC,NSpDrPvVJ,fAPPOEC,DEONo,BBkw,dlhCFslBAT
BBkw
NSpDrPvVJ,fAPPOEC,NSpDrPvVJ,fAPPOEC,DEONo,dlhCFslBAT
NSpDrPvVJ,fAPPOEC,NSpDrPvVJ,fAPPOEC,DEONo,dlhCFslBAT
dlhCFslBAT
fAPPOEC,NSpDrPvVJ,fAPPOEC,dlhCFslBAT,dlhCFslBAT
fAPPOEC,NSpDrPvVJ,fAPPOEC,dlhCFslBAT,dlhCFslBAT
fAPPOEC,NSpDrPvVJ,fAPPOEC,dlhCFslBAT,dlhCFslBAT,DEONo
NSpDrPvVJ
NSpDrPvVJ
NSpDrPvVJ
fAPPOEC,NSpDrPvVJ,fAPPOEC,dlhCFslBAT,dlhCFslBAT
fAPPOEC,NSpDrPvVJ,fAPPOEC,dlhCFslBAT,dlhCFslBAT
fAPPOEC,NSpDrPvVJ,fAPPOEC,dlhCFslBAT,dlhCFslBAT
NSpDrPvVJ
fAPPOEC,NSpDrPvVJ,fAPPOEC,dlhCFslBAT,dlhCFslBAT
fAPPOEC,NSpDrPvVJ,fAPPOEC,dlhCFslBAT,dlhCFslBAT
fAPPOEC,NSpDrPvVJ,fAPPOEC,dlhCFslBAT,dlhCFslBAT
fAPPOEC,NSpDrPvVJ,fAPPOEC,dlhCFslBAT,dlhCFslBAT,NSpDrPvVJ
NSpDrPvVJ,BBkw,fAPPOEC,dlhCFslBAT,dlhCFslBAT,NSpDrPvVJ
NSpDrPvVJ,BBkw,dlhCFslBAT,dlhCFslBAT,NSpDrPvVJ
BBkw
NSpDrPvVJ,BBkw,fAPPOEC,dlhCFslBAT,NSpDrPvVJ
fAPPOEC
NSpDrPvVJ,BBkw,fAPPOEC,dlhCFslBAT,NSpDrPvVJ,fAPPOEC,DEONo,DEONo
NSpDrPvVJ,BBkw,fAPPOEC,dlhCFslBAT,NSpDrPvVJ,fAPPOEC,DEONo,fAPPOEC
NSpDrPvVJ,BBkw,fAPPOEC,dlhCFslBAT,dlhCFslBAT,NSpDrPvVJ
NSpDrPvVJ,BBkw,dlhCFslBAT,dlhCFslBAT,NSpDrPvVJ
NSpDrPvVJ,BBkw,dlhCFslBAT,dlhCFslBAT,NSpDrPvVJ
NSpDrPvVJ,BBkw,dlhCFslBAT,dlhCFslBAT,NSpDrPvVJ
NSpDrPvVJ,dlhCFslBAT,dlhCFslBAT,BBkw,NSpDrPvVJ
NSpDrPvVJ,BBkw,dlhCFslBAT,NSpDrPvVJ
BBkw,dlhCFslBAT,NSpDrPvVJ
BBkw,NSpDrPvVJ,dlhCFslBAT,NSpDrPvVJ
NSpDrPvVJ
BBkw,NSpDrPvVJ,dlhCFslBAT,NSpDrPvVJ
NSpDrPvVJ,BBkw,dlhCFslBAT,dlhCFslBAT,NSpDrPvVJ
dlhCFslBAT
NSpDrPvVJ,BBkw,dlhCFslBAT,dlhCFslBAT,NSpDrPvVJ,DEONo
dlhCFslBAT
BBkw,dlhCFslBAT,dlhCFslBAT,NSpDrPvVJ,DEONo
dlhCFslBAT
NSpDrPvVJ,BBkw,dlhCFslBAT,dlhCFslBAT,NSpDrPvVJ,DEONo
BBkw,dlhCFslBAT,NSpDrPvVJ,DEONo
NSpDrPvVJ
NSpDrPvVJ
DEONo
BBkw,NSpDrPvVJ,dlhCFslBAT,DEONo
BBkw
BBkw
BBkw,dlhCFslBAT,DEONo,fAPPOEC,NSpDrPvVJ
BBkw
BBkw,dlhCFslBAT,DEONo,fAPPOEC,dlhCFslBAT,NSpDrPvVJ
BBkw
BBkw
BBkw
BBkw
BBkw
BBkw
NSpDrPvVJ
BBkw
BBkw
BBkw
BBkw
BBkw,NSpDrPvVJ,dlhCFslBAT,DEONo,fAPPOEC
BBkw
NSpDrPvVJ,DEONo,BBkw,dlhCFslBAT,BBkw,NSpDrPvVJ,dlhCFslBAT
NSpDrPvVJ,BBkw,dlhCFslBAT,BBkw,NSpDrPvVJ,dlhCFslBAT,fAPPOEC
BBkw
BBkw
Jedi Wagner, assuma o comando!