[vazia]
[vazia]
[vazia]
[vazia]
Toque! Toque, Dijê!
[vazia]
Toque! Toque, Dijê!
[vazia]
QCDt
PBE
PBE
QCDt,PBE
PBE
PBE,QCDt
PBE
QCDt
QCDt,PBE
QCDt
PBE
QCDt,PBE
PBE
PBE,QCDt
QCDt,PBE
QCDt
QCDt
QCDt,PBE
QCDt,PBE
QCDt
QCDt
QCDt,PBE
QCDt
QCDt
QCDt
QCDt
QCDt
QCDt
QCDt
QCDt
QCDt
QCDt,bvXEYJ
QCDt,bvXEYJ,HiGVLL
QCDt
QCDt,bvXEYJ,HiGVLL
bvXEYJ
bvXEYJ
bvXEYJ,HiGVLL,HiGVLL
bvXEYJ,HiGVLL,HiGVLL
bvXEYJ,HiGVLL
HiGVLL
HiGVLL
bvXEYJ,HiGVLL,HiGVLL
HiGVLL
HiGVLL
HiGVLL
HiGVLL,HiGVLL,bvXEYJ,PBE,PBE
HiGVLL,HiGVLL,bvXEYJ,PBE,PBE
HiGVLL,HiGVLL,bvXEYJ,PBE,PBE
bvXEYJ
HiGVLL,HiGVLL,bvXEYJ,PBE,PBE,PBE
bvXEYJ,HiGVLL,HiGVLL,bvXEYJ,PBE
HiGVLL
HiGVLL
HiGVLL
HiGVLL
bvXEYJ,HiGVLL,PBE,HiGVLL,bvXEYJ,bvXEYJ,bvXEYJ,PBE
HiGVLL
HiGVLL
HiGVLL
HiGVLL,HiGVLL,bvXEYJ,bvXEYJ,PBE,PBE,bvXEYJ,bvXEYJ,QCDt
bvXEYJ
bvXEYJ
bvXEYJ
HiGVLL,HiGVLL,bvXEYJ,bvXEYJ,PBE,bvXEYJ,bvXEYJ,QCDt,HiGVLL,QCDt
bvXEYJ
bvXEYJ
bvXEYJ
HiGVLL,HiGVLL,bvXEYJ,bvXEYJ,PBE,bvXEYJ,bvXEYJ,HiGVLL,QCDt,HiGVLL
HiGVLL,HiGVLL,bvXEYJ,PBE,bvXEYJ,bvXEYJ,HiGVLL,QCDt,HiGVLL
bvXEYJ
PBE
bvXEYJ
HiGVLL,bvXEYJ,bvXEYJ,HiGVLL,HiGVLL,QCDt
bvXEYJ
HiGVLL,bvXEYJ,bvXEYJ,HiGVLL,HiGVLL
bvXEYJ
bvXEYJ
bvXEYJ
bvXEYJ
bvXEYJ,bvXEYJ,HiGVLL,HiGVLL,bvXEYJ
bvXEYJ,bvXEYJ,HiGVLL,HiGVLL,bvXEYJ
bvXEYJ
bvXEYJ
bvXEYJ,bvXEYJ,HiGVLL,HiGVLL,bvXEYJ
bvXEYJ
bvXEYJ
bvXEYJ,bvXEYJ,HiGVLL,HiGVLL,bvXEYJ,PBE,HiGVLL
bvXEYJ,bvXEYJ,HiGVLL,HiGVLL,PBE,bvXEYJ,HiGVLL,bvXEYJ
bvXEYJ,bvXEYJ,HiGVLL,HiGVLL,PBE,bvXEYJ,HiGVLL,bvXEYJ
bvXEYJ,bvXEYJ,HiGVLL,HiGVLL,bvXEYJ,PBE,HiGVLL
Jedi Wagner, assuma o comando!