[vazia]
eLiGvc
Toque! Toque, Dijê!
Toque! Toque, Dijê!
[vazia]
[vazia]
[vazia]
apiNHlS
apiNHlS
apiNHlS,q
q
q
q,q,nXMMl,apiNHlS
apiNHlS
q
apiNHlS,q,q,nXMMl,apiNHlS
apiNHlS,q,q,nXMMl,apiNHlS,apiNHlS
q
q,apiNHlS,nXMMl,apiNHlS,apiNHlS,apiNHlS,nXMMl
apiNHlS
apiNHlS,nXMMl,apiNHlS,apiNHlS,apiNHlS,nXMMl,eLiGvc,nXMMl,d
nXMMl
nXMMl
apiNHlS
apiNHlS,nXMMl,apiNHlS,apiNHlS,apiNHlS,nXMMl,eLiGvc,nXMMl,d
apiNHlS
apiNHlS
apiNHlS,nXMMl,apiNHlS,apiNHlS,apiNHlS,nXMMl,eLiGvc,nXMMl,d,apiNHlS
apiNHlS,nXMMl,apiNHlS,apiNHlS,apiNHlS,nXMMl,eLiGvc,nXMMl,d
apiNHlS,apiNHlS,apiNHlS,apiNHlS,nXMMl,eLiGvc,nXMMl,d
apiNHlS,nXMMl,apiNHlS,apiNHlS,apiNHlS,nXMMl,eLiGvc,nXMMl,d
apiNHlS,nXMMl,apiNHlS,apiNHlS,apiNHlS,nXMMl,eLiGvc,nXMMl,d,q
apiNHlS,nXMMl,apiNHlS,apiNHlS,apiNHlS,nXMMl,eLiGvc,nXMMl,d,q
apiNHlS,nXMMl,apiNHlS,eLiGvc,apiNHlS,apiNHlS,nXMMl,nXMMl,d,q
apiNHlS,apiNHlS,apiNHlS,nXMMl,apiNHlS,nXMMl,eLiGvc,nXMMl,d
apiNHlS,apiNHlS,apiNHlS,nXMMl,apiNHlS,nXMMl,eLiGvc,nXMMl,d
nXMMl
nXMMl
nXMMl
nXMMl
nXMMl
apiNHlS,apiNHlS,nXMMl,apiNHlS,nXMMl,d,apiNHlS,nXMMl,d,nXMMl,d
apiNHlS,apiNHlS,nXMMl,apiNHlS,nXMMl,d,apiNHlS,nXMMl,d,nXMMl,d
nXMMl
apiNHlS,nXMMl,apiNHlS,nXMMl,d,apiNHlS,nXMMl,d,nXMMl,d,eLiGvc,d,apiNHlS
apiNHlS,nXMMl,apiNHlS,nXMMl,d,apiNHlS,nXMMl,d,nXMMl,d,eLiGvc,d,apiNHlS
apiNHlS,nXMMl,apiNHlS,nXMMl,d,apiNHlS,nXMMl,d,nXMMl,d,eLiGvc,d,apiNHlS
apiNHlS,apiNHlS,nXMMl,d,nXMMl,apiNHlS,nXMMl,d,nXMMl,d,eLiGvc
nXMMl
d
d
apiNHlS
d
apiNHlS
apiNHlS
apiNHlS
apiNHlS,nXMMl,apiNHlS,nXMMl,d,eLiGvc,apiNHlS,nXMMl,d,nXMMl,d,eLiGvc,d
apiNHlS,nXMMl,apiNHlS,nXMMl,d,eLiGvc,apiNHlS,nXMMl,d,nXMMl,d,eLiGvc,d
apiNHlS,nXMMl,apiNHlS,nXMMl,d,eLiGvc,apiNHlS,nXMMl,d,nXMMl,d,eLiGvc,d,q
apiNHlS
apiNHlS
apiNHlS
apiNHlS
apiNHlS,apiNHlS,nXMMl,d,eLiGvc,apiNHlS,nXMMl,d,nXMMl,d,eLiGvc,d,q
apiNHlS
apiNHlS,apiNHlS,apiNHlS,nXMMl,d,nXMMl,d,eLiGvc,d,q,q,apiNHlS,d
apiNHlS
apiNHlS,apiNHlS,apiNHlS,nXMMl,d,nXMMl,d,eLiGvc,d,q,q,apiNHlS,d
apiNHlS
apiNHlS
apiNHlS
nXMMl,apiNHlS,nXMMl,d,eLiGvc,apiNHlS,apiNHlS,nXMMl,d,nXMMl,d,eLiGvc,d,d,eLiGvc
nXMMl,apiNHlS,nXMMl,d,eLiGvc,apiNHlS,apiNHlS,nXMMl,d,nXMMl,d,eLiGvc,d,d,eLiGvc
nXMMl,apiNHlS,nXMMl,eLiGvc,apiNHlS,apiNHlS,nXMMl,d,nXMMl,d,eLiGvc,d,d,eLiGvc
nXMMl,nXMMl,apiNHlS,apiNHlS,nXMMl,apiNHlS,d,nXMMl,d,eLiGvc,d,d,eLiGvc
nXMMl,nXMMl,apiNHlS,apiNHlS,nXMMl,apiNHlS,d,nXMMl,d,eLiGvc,d,d,eLiGvc
apiNHlS
nXMMl,nXMMl,apiNHlS,apiNHlS,nXMMl,apiNHlS,d,nXMMl,d,eLiGvc,d,d,eLiGvc
nXMMl
apiNHlS,apiNHlS,nXMMl,nXMMl,d,apiNHlS,nXMMl,d,eLiGvc,d,d,eLiGvc,q,q,d
d
d
apiNHlS,apiNHlS,nXMMl,nXMMl,d,apiNHlS,nXMMl,d,eLiGvc,d,d,eLiGvc,q,q,d,apiNHlS
d
d
d
apiNHlS,apiNHlS,nXMMl,nXMMl,d,apiNHlS,nXMMl,d,d,d,d,apiNHlS,d,apiNHlS
d
d
d
d
apiNHlS,apiNHlS,nXMMl,nXMMl,apiNHlS,nXMMl,d,d,d,d,d,apiNHlS,d,apiNHlS,d,eLiGvc,nXMMl
d
d
apiNHlS,apiNHlS,nXMMl,nXMMl,apiNHlS,nXMMl,d,d,d,d,d,apiNHlS,d,apiNHlS,d,eLiGvc,nXMMl
d
apiNHlS,apiNHlS,nXMMl,nXMMl,apiNHlS,nXMMl,d,d,d,d,d,apiNHlS,d,apiNHlS,d,eLiGvc,nXMMl
Jedi Wagner, assuma o comando!